<?xml version="1.0" encoding="UTF-8"?>
<testsuite xmlns:xsi="http://www.w3.org/2001/XMLSchema-instance" xsi:noNamespaceSchemaLocation="https://maven.apache.org/surefire/maven-surefire-plugin/xsd/surefire-test-report-3.0.xsd" version="3.0" name="org.apache.hadoop.fs.ozone.TestDirectoryDeletingServiceWithFSO" time="280.292" tests="5" errors="2" skipped="0" failures="0">
  <properties>
    <property name="awt.toolkit" value="sun.awt.X11.XToolkit"/>
    <property name="file.encoding.pkg" value="sun.io"/>
    <property name="java.specification.version" value="1.8"/>
    <property name="sun.cpu.isalist" value=""/>
    <property name="sun.jnu.encoding" value="UTF-8"/>
    <property name="java.class.path" value="/home/runner/work/ozone/ozone/hadoop-ozone/integration-test/target/test-classes:/home/runner/work/ozone/ozone/hadoop-ozone/integration-test/target/classes:/home/runner/.m2/repository/org/apache/ozone/ozone-common/1.4.0-SNAPSHOT/ozone-common-1.4.0-SNAPSHOT.jar:/home/runner/.m2/repository/io/grpc/grpc-netty/1.51.1/grpc-netty-1.51.1.jar:/home/runner/.m2/repository/io/grpc/grpc-core/1.51.1/grpc-core-1.51.1.jar:/home/runner/.m2/repository/com/google/android/annotations/4.1.1.4/annotations-4.1.1.4.jar:/home/runner/.m2/repository/org/codehaus/mojo/animal-sniffer-annotations/1.21/animal-sniffer-annotations-1.21.jar:/home/runner/.m2/repository/com/google/errorprone/error_prone_annotations/2.2.0/error_prone_annotations-2.2.0.jar:/home/runner/.m2/repository/io/perfmark/perfmark-api/0.25.0/perfmark-api-0.25.0.jar:/home/runner/.m2/repository/io/netty/netty-codec-http2/4.1.86.Final/netty-codec-http2-4.1.86.Final.jar:/home/runner/.m2/repository/io/netty/netty-common/4.1.86.Final/netty-common-4.1.86.Final.jar:/home/runner/.m2/repository/io/netty/netty-buffer/4.1.86.Final/netty-buffer-4.1.86.Final.jar:/home/runner/.m2/repository/io/netty/netty-codec-http/4.1.86.Final/netty-codec-http-4.1.86.Final.jar:/home/runner/.m2/repository/io/netty/netty-handler-proxy/4.1.86.Final/netty-handler-proxy-4.1.86.Final.jar:/home/runner/.m2/repository/io/netty/netty-codec-socks/4.1.86.Final/netty-codec-socks-4.1.86.Final.jar:/home/runner/.m2/repository/io/netty/netty-tcnative-boringssl-static/2.0.54.Final/netty-tcnative-boringssl-static-2.0.54.Final.jar:/home/runner/.m2/repository/io/netty/netty-tcnative-classes/2.0.54.Final/netty-tcnative-classes-2.0.54.Final.jar:/home/runner/.m2/repository/io/netty/netty-tcnative-boringssl-static/2.0.54.Final/netty-tcnative-boringssl-static-2.0.54.Final-linux-x86_64.jar:/home/runner/.m2/repository/io/netty/netty-tcnative-boringssl-static/2.0.54.Final/netty-tcnative-boringssl-static-2.0.54.Final-linux-aarch_64.jar:/home/runner/.m2/repository/io/netty/netty-tcnative-boringssl-static/2.0.54.Final/netty-tcnative-boringssl-static-2.0.54.Final-osx-x86_64.jar:/home/runner/.m2/repository/io/netty/netty-tcnative-boringssl-static/2.0.54.Final/netty-tcnative-boringssl-static-2.0.54.Final-osx-aarch_64.jar:/home/runner/.m2/repository/io/netty/netty-tcnative-boringssl-static/2.0.54.Final/netty-tcnative-boringssl-static-2.0.54.Final-windows-x86_64.jar:/home/runner/.m2/repository/org/apache/commons/commons-compress/1.21/commons-compress-1.21.jar:/home/runner/.m2/repository/org/apache/ozone/hdds-common/1.4.0-SNAPSHOT/hdds-common-1.4.0-SNAPSHOT.jar:/home/runner/.m2/repository/org/apache/ozone/hdds-client/1.4.0-SNAPSHOT/hdds-client-1.4.0-SNAPSHOT.jar:/home/runner/.m2/repository/org/apache/ozone/ozone-interface-client/1.4.0-SNAPSHOT/ozone-interface-client-1.4.0-SNAPSHOT.jar:/home/runner/.m2/repository/org/apache/ozone/hdds-test-utils/1.4.0-SNAPSHOT/hdds-test-utils-1.4.0-SNAPSHOT.jar:/home/runner/.m2/repository/com/google/guava/guava/31.1-jre/guava-31.1-jre.jar:/home/runner/.m2/repository/com/google/guava/failureaccess/1.0.1/failureaccess-1.0.1.jar:/home/runner/.m2/repository/com/google/guava/listenablefuture/9999.0-empty-to-avoid-conflict-with-guava/listenablefuture-9999.0-empty-to-avoid-conflict-with-guava.jar:/home/runner/.m2/repository/com/google/code/findbugs/jsr305/3.0.0/jsr305-3.0.0.jar:/home/runner/.m2/repository/org/checkerframework/checker-qual/3.12.0/checker-qual-3.12.0.jar:/home/runner/.m2/repository/com/google/j2objc/j2objc-annotations/1.3/j2objc-annotations-1.3.jar:/home/runner/.m2/repository/commons-io/commons-io/2.11.0/commons-io-2.11.0.jar:/home/runner/.m2/repository/commons-logging/commons-logging/1.2/commons-logging-1.2.jar:/home/runner/.m2/repository/ch/qos/reload4j/reload4j/1.2.22/reload4j-1.2.22.jar:/home/runner/.m2/repository/org/slf4j/slf4j-api/1.7.36/slf4j-api-1.7.36.jar:/home/runner/.m2/repository/org/apache/ozone/hdds-server-scm/1.4.0-SNAPSHOT/hdds-server-scm-1.4.0-SNAPSHOT.jar:/home/runner/.m2/repository/org/apache/ozone/hdds-container-service/1.4.0-SNAPSHOT/hdds-container-service-1.4.0-SNAPSHOT.jar:/home/runner/.m2/repository/org/apache/ozone/hdds-hadoop-dependency-server/1.4.0-SNAPSHOT/hdds-hadoop-dependency-server-1.4.0-SNAPSHOT.jar:/home/runner/.m2/repository/org/apache/hadoop/hadoop-hdfs/3.3.5/hadoop-hdfs-3.3.5.jar:/home/runner/.m2/repository/commons-daemon/commons-daemon/1.0.13/commons-daemon-1.0.13.jar:/home/runner/.m2/repository/org/apache/ozone/hdds-server-framework/1.4.0-SNAPSHOT/hdds-server-framework-1.4.0-SNAPSHOT.jar:/home/runner/.m2/repository/io/dropwizard/metrics/metrics-core/3.2.4/metrics-core-3.2.4.jar:/home/runner/.m2/repository/org/apache/commons/commons-text/1.4/commons-text-1.4.jar:/home/runner/.m2/repository/org/apache/hadoop/hadoop-hdfs-client/3.3.5/hadoop-hdfs-client-3.3.5.jar:/home/runner/.m2/repository/com/squareup/okhttp3/okhttp/4.9.3/okhttp-4.9.3.jar:/home/runner/.m2/repository/com/squareup/okio/okio/2.8.0/okio-2.8.0.jar:/home/runner/.m2/repository/org/jetbrains/kotlin/kotlin-stdlib-common/1.6.21/kotlin-stdlib-common-1.6.21.jar:/home/runner/.m2/repository/org/bouncycastle/bcprov-jdk15on/1.67/bcprov-jdk15on-1.67.jar:/home/runner/.m2/repository/com/google/protobuf/protobuf-java/2.5.0/protobuf-java-2.5.0.jar:/home/runner/.m2/repository/org/apache/ozone/hdds-server-framework/1.4.0-SNAPSHOT/hdds-server-framework-1.4.0-SNAPSHOT-tests.jar:/home/runner/.m2/repository/org/apache/ozone/hdds-interface-server/1.4.0-SNAPSHOT/hdds-interface-server-1.4.0-SNAPSHOT.jar:/home/runner/.m2/repository/org/apache/ozone/hdds-interface-admin/1.4.0-SNAPSHOT/hdds-interface-admin-1.4.0-SNAPSHOT.jar:/home/runner/.m2/repository/org/apache/ozone/hdds-managed-rocksdb/1.4.0-SNAPSHOT/hdds-managed-rocksdb-1.4.0-SNAPSHOT.jar:/home/runner/.m2/repository/org/rocksdb/rocksdbjni/7.7.3/rocksdbjni-7.7.3.jar:/home/runner/.m2/repository/org/slf4j/slf4j-reload4j/1.7.36/slf4j-reload4j-1.7.36.jar:/home/runner/.m2/repository/org/apache/commons/commons-configuration2/2.1.1/commons-configuration2-2.1.1.jar:/home/runner/.m2/repository/org/apache/logging/log4j/log4j-core/2.17.1/log4j-core-2.17.1.jar:/home/runner/.m2/repository/com/lmax/disruptor/3.4.2/disruptor-3.4.2.jar:/home/runner/.m2/repository/org/eclipse/jetty/jetty-util/9.4.49.v20220914/jetty-util-9.4.49.v20220914.jar:/home/runner/.m2/repository/org/eclipse/jetty/jetty-server/9.4.49.v20220914/jetty-server-9.4.49.v20220914.jar:/home/runner/.m2/repository/org/eclipse/jetty/jetty-http/9.4.49.v20220914/jetty-http-9.4.49.v20220914.jar:/home/runner/.m2/repository/org/eclipse/jetty/jetty-io/9.4.49.v20220914/jetty-io-9.4.49.v20220914.jar:/home/runner/.m2/repository/org/eclipse/jetty/jetty-servlet/9.4.49.v20220914/jetty-servlet-9.4.49.v20220914.jar:/home/runner/.m2/repository/org/eclipse/jetty/jetty-security/9.4.49.v20220914/jetty-security-9.4.49.v20220914.jar:/home/runner/.m2/repository/org/eclipse/jetty/jetty-util-ajax/9.4.49.v20220914/jetty-util-ajax-9.4.49.v20220914.jar:/home/runner/.m2/repository/org/eclipse/jetty/jetty-webapp/9.4.49.v20220914/jetty-webapp-9.4.49.v20220914.jar:/home/runner/.m2/repository/org/eclipse/jetty/jetty-xml/9.4.49.v20220914/jetty-xml-9.4.49.v20220914.jar:/home/runner/.m2/repository/org/apache/ratis/ratis-server/2.4.2-8b8bdda-SNAPSHOT/ratis-server-2.4.2-8b8bdda-SNAPSHOT.jar:/home/runner/.m2/repository/org/apache/ratis/ratis-thirdparty-misc/1.0.3/ratis-thirdparty-misc-1.0.3.jar:/home/runner/.m2/repository/org/apache/ratis/ratis-proto/2.4.2-8b8bdda-SNAPSHOT/ratis-proto-2.4.2-8b8bdda-SNAPSHOT.jar:/home/runner/.m2/repository/org/apache/ratis/ratis-common/2.4.2-8b8bdda-SNAPSHOT/ratis-common-2.4.2-8b8bdda-SNAPSHOT.jar:/home/runner/.m2/repository/org/apache/ratis/ratis-client/2.4.2-8b8bdda-SNAPSHOT/ratis-client-2.4.2-8b8bdda-SNAPSHOT.jar:/home/runner/.m2/repository/org/apache/ratis/ratis-server-api/2.4.2-8b8bdda-SNAPSHOT/ratis-server-api-2.4.2-8b8bdda-SNAPSHOT.jar:/home/runner/.m2/repository/org/apache/ratis/ratis-metrics/2.4.2-8b8bdda-SNAPSHOT/ratis-metrics-2.4.2-8b8bdda-SNAPSHOT.jar:/home/runner/.m2/repository/io/prometheus/simpleclient_dropwizard/0.7.0/simpleclient_dropwizard-0.7.0.jar:/home/runner/.m2/repository/io/prometheus/simpleclient/0.7.0/simpleclient-0.7.0.jar:/home/runner/.m2/repository/io/prometheus/simpleclient_common/0.7.0/simpleclient_common-0.7.0.jar:/home/runner/.m2/repository/com/fasterxml/jackson/datatype/jackson-datatype-jsr310/2.13.4/jackson-datatype-jsr310-2.13.4.jar:/home/runner/.m2/repository/com/fasterxml/jackson/core/jackson-core/2.13.4/jackson-core-2.13.4.jar:/home/runner/.m2/repository/com/github/spotbugs/spotbugs-annotations/3.1.12/spotbugs-annotations-3.1.12.jar:/home/runner/.m2/repository/org/apache/ozone/rocksdb-checkpoint-differ/1.4.0-SNAPSHOT/rocksdb-checkpoint-differ-1.4.0-SNAPSHOT.jar:/home/runner/.m2/repository/org/awaitility/awaitility/4.2.0/awaitility-4.2.0.jar:/home/runner/.m2/repository/org/hamcrest/hamcrest/2.1/hamcrest-2.1.jar:/home/runner/.m2/repository/org/apache/ozone/ozone-manager/1.4.0-SNAPSHOT/ozone-manager-1.4.0-SNAPSHOT.jar:/home/runner/.m2/repository/org/aspectj/aspectjrt/1.9.7/aspectjrt-1.9.7.jar:/home/runner/.m2/repository/org/aspectj/aspectjweaver/1.9.7/aspectjweaver-1.9.7.jar:/home/runner/.m2/repository/org/apache/ozone/hdds-interface-client/1.4.0-SNAPSHOT/hdds-interface-client-1.4.0-SNAPSHOT.jar:/home/runner/.m2/repository/org/apache/hadoop/thirdparty/hadoop-shaded-protobuf_3_7/1.1.1/hadoop-shaded-protobuf_3_7-1.1.1.jar:/home/runner/.m2/repository/org/apache/ozone/ozone-interface-storage/1.4.0-SNAPSHOT/ozone-interface-storage-1.4.0-SNAPSHOT.jar:/home/runner/.m2/repository/org/reflections/reflections/0.9.11/reflections-0.9.11.jar:/home/runner/.m2/repository/com/sun/jersey/jersey-client/1.19/jersey-client-1.19.jar:/home/runner/.m2/repository/org/codehaus/jackson/jackson-core-asl/1.9.13/jackson-core-asl-1.9.13.jar:/home/runner/.m2/repository/org/codehaus/jackson/jackson-mapper-asl/1.9.13/jackson-mapper-asl-1.9.13.jar:/home/runner/.m2/repository/org/codehaus/jackson/jackson-jaxrs/1.9.13/jackson-jaxrs-1.9.13.jar:/home/runner/.m2/repository/org/apache/ranger/ranger-intg/2.3.0/ranger-intg-2.3.0.jar:/home/runner/.m2/repository/org/apache/ranger/ranger-plugins-common/2.3.0/ranger-plugins-common-2.3.0.jar:/home/runner/.m2/repository/commons-lang/commons-lang/2.6/commons-lang-2.6.jar:/home/runner/.m2/repository/org/apache/ranger/ranger-plugins-cred/2.3.0/ranger-plugins-cred-2.3.0.jar:/home/runner/.m2/repository/org/apache/ranger/ranger-plugins-audit/2.3.0/ranger-plugins-audit-2.3.0.jar:/home/runner/.m2/repository/org/eclipse/jetty/jetty-client/9.4.49.v20220914/jetty-client-9.4.49.v20220914.jar:/home/runner/.m2/repository/org/apache/httpcomponents/httpmime/4.5.6/httpmime-4.5.6.jar:/home/runner/.m2/repository/org/apache/httpcomponents/httpcore-nio/4.4.13/httpcore-nio-4.4.13.jar:/home/runner/.m2/repository/org/apache/httpcomponents/httpasyncclient/4.1.3/httpasyncclient-4.1.3.jar:/home/runner/.m2/repository/com/carrotsearch/hppc/0.8.0/hppc-0.8.0.jar:/home/runner/.m2/repository/org/apache/orc/orc-core/1.5.8/orc-core-1.5.8.jar:/home/runner/.m2/repository/net/java/dev/jna/jna/5.2.0/jna-5.2.0.jar:/home/runner/.m2/repository/net/java/dev/jna/jna-platform/5.2.0/jna-platform-5.2.0.jar:/home/runner/.m2/repository/com/kstruct/gethostname4j/0.0.2/gethostname4j-0.0.2.jar:/home/runner/.m2/repository/org/apache/ranger/ranger-plugin-classloader/2.3.0/ranger-plugin-classloader-2.3.0.jar:/home/runner/.m2/repository/org/apache/hadoop/hadoop-minikdc/3.3.5/hadoop-minikdc-3.3.5.jar:/home/runner/.m2/repository/org/apache/kerby/kerb-simplekdc/1.0.1/kerb-simplekdc-1.0.1.jar:/home/runner/.m2/repository/org/apache/kerby/kerb-client/1.0.1/kerb-client-1.0.1.jar:/home/runner/.m2/repository/org/apache/kerby/kerby-config/1.0.1/kerby-config-1.0.1.jar:/home/runner/.m2/repository/org/apache/kerby/kerb-common/1.0.1/kerb-common-1.0.1.jar:/home/runner/.m2/repository/org/apache/kerby/kerb-crypto/1.0.1/kerb-crypto-1.0.1.jar:/home/runner/.m2/repository/org/apache/kerby/kerb-util/1.0.1/kerb-util-1.0.1.jar:/home/runner/.m2/repository/org/apache/kerby/token-provider/1.0.1/token-provider-1.0.1.jar:/home/runner/.m2/repository/org/apache/kerby/kerb-admin/1.0.1/kerb-admin-1.0.1.jar:/home/runner/.m2/repository/org/apache/kerby/kerb-server/1.0.1/kerb-server-1.0.1.jar:/home/runner/.m2/repository/org/apache/kerby/kerb-identity/1.0.1/kerb-identity-1.0.1.jar:/home/runner/.m2/repository/org/apache/kerby/kerby-xdr/1.0.1/kerby-xdr-1.0.1.jar:/home/runner/.m2/repository/org/apache/ozone/ozone-s3gateway/1.4.0-SNAPSHOT/ozone-s3gateway-1.4.0-SNAPSHOT.jar:/home/runner/.m2/repository/org/javassist/javassist/3.21.0-GA/javassist-3.21.0-GA.jar:/home/runner/.m2/repository/org/jboss/weld/servlet/weld-servlet-shaded/3.1.9.Final/weld-servlet-shaded-3.1.9.Final.jar:/home/runner/.m2/repository/org/glassfish/jersey/containers/jersey-container-servlet-core/2.34/jersey-container-servlet-core-2.34.jar:/home/runner/.m2/repository/org/glassfish/hk2/external/jakarta.inject/2.6.1/jakarta.inject-2.6.1.jar:/home/runner/.m2/repository/org/glassfish/jersey/core/jersey-common/2.34/jersey-common-2.34.jar:/home/runner/.m2/repository/jakarta/ws/rs/jakarta.ws.rs-api/2.1.6/jakarta.ws.rs-api-2.1.6.jar:/home/runner/.m2/repository/org/glassfish/jersey/ext/cdi/jersey-cdi1x/2.34/jersey-cdi1x-2.34.jar:/home/runner/.m2/repository/org/glassfish/jersey/inject/jersey-hk2/2.34/jersey-hk2-2.34.jar:/home/runner/.m2/repository/org/glassfish/hk2/hk2-locator/2.6.1/hk2-locator-2.6.1.jar:/home/runner/.m2/repository/org/glassfish/jersey/media/jersey-media-jaxb/2.34/jersey-media-jaxb-2.34.jar:/home/runner/.m2/repository/org/glassfish/hk2/osgi-resource-locator/1.0.3/osgi-resource-locator-1.0.3.jar:/home/runner/.m2/repository/org/glassfish/hk2/hk2-api/2.5.0/hk2-api-2.5.0.jar:/home/runner/.m2/repository/org/glassfish/hk2/hk2-utils/2.5.0/hk2-utils-2.5.0.jar:/home/runner/.m2/repository/org/glassfish/hk2/external/aopalliance-repackaged/2.5.0/aopalliance-repackaged-2.5.0.jar:/home/runner/.m2/repository/com/fasterxml/jackson/dataformat/jackson-dataformat-xml/2.13.4/jackson-dataformat-xml-2.13.4.jar:/home/runner/.m2/repository/org/codehaus/woodstox/stax2-api/4.2.1/stax2-api-4.2.1.jar:/home/runner/.m2/repository/com/fasterxml/woodstox/woodstox-core/5.4.0/woodstox-core-5.4.0.jar:/home/runner/.m2/repository/com/fasterxml/jackson/module/jackson-module-jaxb-annotations/2.13.4/jackson-module-jaxb-annotations-2.13.4.jar:/home/runner/.m2/repository/jakarta/xml/bind/jakarta.xml.bind-api/2.3.3/jakarta.xml.bind-api-2.3.3.jar:/home/runner/.m2/repository/jakarta/activation/jakarta.activation-api/1.2.2/jakarta.activation-api-1.2.2.jar:/home/runner/.m2/repository/javax/enterprise/cdi-api/2.0/cdi-api-2.0.jar:/home/runner/.m2/repository/javax/el/javax.el-api/3.0.0/javax.el-api-3.0.0.jar:/home/runner/.m2/repository/javax/interceptor/javax.interceptor-api/1.2/javax.interceptor-api-1.2.jar:/home/runner/.m2/repository/javax/inject/javax.inject/1/javax.inject-1.jar:/home/runner/.m2/repository/javax/xml/bind/jaxb-api/2.3.0/jaxb-api-2.3.0.jar:/home/runner/.m2/repository/org/glassfish/jaxb/jaxb-runtime/2.3.0.1/jaxb-runtime-2.3.0.1.jar:/home/runner/.m2/repository/org/glassfish/jaxb/jaxb-core/2.3.0.1/jaxb-core-2.3.0.1.jar:/home/runner/.m2/repository/org/glassfish/jaxb/txw2/2.3.0.1/txw2-2.3.0.1.jar:/home/runner/.m2/repository/com/sun/istack/istack-commons-runtime/3.0.5/istack-commons-runtime-3.0.5.jar:/home/runner/.m2/repository/org/jvnet/staxex/stax-ex/1.7.8/stax-ex-1.7.8.jar:/home/runner/.m2/repository/com/sun/xml/fastinfoset/FastInfoset/1.2.13/FastInfoset-1.2.13.jar:/home/runner/.m2/repository/javax/activation/activation/1.1.1/activation-1.1.1.jar:/home/runner/.m2/repository/io/grpc/grpc-protobuf/1.51.1/grpc-protobuf-1.51.1.jar:/home/runner/.m2/repository/io/grpc/grpc-api/1.51.1/grpc-api-1.51.1.jar:/home/runner/.m2/repository/io/grpc/grpc-context/1.51.1/grpc-context-1.51.1.jar:/home/runner/.m2/repository/com/google/api/grpc/proto-google-common-protos/2.9.0/proto-google-common-protos-2.9.0.jar:/home/runner/.m2/repository/io/grpc/grpc-protobuf-lite/1.51.1/grpc-protobuf-lite-1.51.1.jar:/home/runner/.m2/repository/io/grpc/grpc-stub/1.51.1/grpc-stub-1.51.1.jar:/home/runner/.m2/repository/io/netty/netty-transport/4.1.86.Final/netty-transport-4.1.86.Final.jar:/home/runner/.m2/repository/io/netty/netty-resolver/4.1.86.Final/netty-resolver-4.1.86.Final.jar:/home/runner/.m2/repository/org/apache/ozone/ozone-csi/1.4.0-SNAPSHOT/ozone-csi-1.4.0-SNAPSHOT.jar:/home/runner/.m2/repository/com/google/protobuf/protobuf-java-util/3.19.6/protobuf-java-util-3.19.6.jar:/home/runner/.m2/repository/com/google/code/gson/gson/2.9.0/gson-2.9.0.jar:/home/runner/.m2/repository/org/apache/ozone/hdds-config/1.4.0-SNAPSHOT/hdds-config-1.4.0-SNAPSHOT.jar:/home/runner/.m2/repository/io/netty/netty-transport-native-epoll/4.1.86.Final/netty-transport-native-epoll-4.1.86.Final-linux-x86_64.jar:/home/runner/.m2/repository/io/netty/netty-transport-classes-epoll/4.1.86.Final/netty-transport-classes-epoll-4.1.86.Final.jar:/home/runner/.m2/repository/io/netty/netty-transport-native-unix-common/4.1.86.Final/netty-transport-native-unix-common-4.1.86.Final.jar:/home/runner/.m2/repository/org/apache/ozone/ozone-recon/1.4.0-SNAPSHOT/ozone-recon-1.4.0-SNAPSHOT.jar:/home/runner/.m2/repository/org/apache/ozone/ozone-reconcodegen/1.4.0-SNAPSHOT/ozone-reconcodegen-1.4.0-SNAPSHOT.jar:/home/runner/.m2/repository/com/google/inject/guice/5.1.0/guice-5.1.0.jar:/home/runner/.m2/repository/aopalliance/aopalliance/1.0/aopalliance-1.0.jar:/home/runner/.m2/repository/com/google/inject/extensions/guice-assistedinject/5.1.0/guice-assistedinject-5.1.0.jar:/home/runner/.m2/repository/com/google/inject/extensions/guice-servlet/5.1.0/guice-servlet-5.1.0.jar:/home/runner/.m2/repository/org/glassfish/jersey/containers/jersey-container-servlet/2.34/jersey-container-servlet-2.34.jar:/home/runner/.m2/repository/org/glassfish/hk2/guice-bridge/2.5.0/guice-bridge-2.5.0.jar:/home/runner/.m2/repository/org/glassfish/jersey/core/jersey-server/2.34/jersey-server-2.34.jar:/home/runner/.m2/repository/org/glassfish/jersey/core/jersey-client/2.34/jersey-client-2.34.jar:/home/runner/.m2/repository/jakarta/annotation/jakarta.annotation-api/1.3.5/jakarta.annotation-api-1.3.5.jar:/home/runner/.m2/repository/jakarta/validation/jakarta.validation-api/2.0.2/jakarta.validation-api-2.0.2.jar:/home/runner/.m2/repository/org/glassfish/jersey/media/jersey-media-json-jackson/2.34/jersey-media-json-jackson-2.34.jar:/home/runner/.m2/repository/org/glassfish/jersey/ext/jersey-entity-filtering/2.34/jersey-entity-filtering-2.34.jar:/home/runner/.m2/repository/org/jooq/jooq/3.11.10/jooq-3.11.10.jar:/home/runner/.m2/repository/org/jooq/jooq-meta/3.11.10/jooq-meta-3.11.10.jar:/home/runner/.m2/repository/org/jooq/jooq-codegen/3.11.10/jooq-codegen-3.11.10.jar:/home/runner/.m2/repository/com/jolbox/bonecp/0.8.0.RELEASE/bonecp-0.8.0.RELEASE.jar:/home/runner/.m2/repository/org/apache/derby/derby/10.14.2.0/derby-10.14.2.0.jar:/home/runner/.m2/repository/org/xerial/sqlite-jdbc/3.25.2/sqlite-jdbc-3.25.2.jar:/home/runner/.m2/repository/org/springframework/spring-jdbc/5.3.26/spring-jdbc-5.3.26.jar:/home/runner/.m2/repository/org/springframework/spring-beans/5.3.26/spring-beans-5.3.26.jar:/home/runner/.m2/repository/org/springframework/spring-core/5.3.26/spring-core-5.3.26.jar:/home/runner/.m2/repository/org/springframework/spring-tx/5.3.26/spring-tx-5.3.26.jar:/home/runner/.m2/repository/org/apache/ozone/ozone-client/1.4.0-SNAPSHOT/ozone-client-1.4.0-SNAPSHOT.jar:/home/runner/.m2/repository/org/apache/ozone/hdds-erasurecode/1.4.0-SNAPSHOT/hdds-erasurecode-1.4.0-SNAPSHOT.jar:/home/runner/.m2/repository/org/apache/ozone/ozone-filesystem/1.4.0-SNAPSHOT/ozone-filesystem-1.4.0-SNAPSHOT.jar:/home/runner/.m2/repository/org/apache/ozone/ozone-filesystem-common/1.4.0-SNAPSHOT/ozone-filesystem-common-1.4.0-SNAPSHOT.jar:/home/runner/.m2/repository/org/apache/ozone/ozone-tools/1.4.0-SNAPSHOT/ozone-tools-1.4.0-SNAPSHOT.jar:/home/runner/.m2/repository/com/amazonaws/aws-java-sdk-core/1.12.261/aws-java-sdk-core-1.12.261.jar:/home/runner/.m2/repository/org/apache/httpcomponents/httpclient/4.5.13/httpclient-4.5.13.jar:/home/runner/.m2/repository/org/apache/httpcomponents/httpcore/4.4.13/httpcore-4.4.13.jar:/home/runner/.m2/repository/software/amazon/ion/ion-java/1.0.2/ion-java-1.0.2.jar:/home/runner/.m2/repository/com/fasterxml/jackson/dataformat/jackson-dataformat-cbor/2.13.4/jackson-dataformat-cbor-2.13.4.jar:/home/runner/.m2/repository/joda-time/joda-time/2.10.6/joda-time-2.10.6.jar:/home/runner/.m2/repository/com/amazonaws/aws-java-sdk-s3/1.12.261/aws-java-sdk-s3-1.12.261.jar:/home/runner/.m2/repository/com/amazonaws/aws-java-sdk-kms/1.12.261/aws-java-sdk-kms-1.12.261.jar:/home/runner/.m2/repository/com/amazonaws/jmespath-java/1.12.261/jmespath-java-1.12.261.jar:/home/runner/.m2/repository/org/kohsuke/metainf-services/metainf-services/1.8/metainf-services-1.8.jar:/home/runner/.m2/repository/org/apache/ozone/hdds-tools/1.4.0-SNAPSHOT/hdds-tools-1.4.0-SNAPSHOT.jar:/home/runner/.m2/repository/org/apache/ratis/ratis-tools/2.4.2-8b8bdda-SNAPSHOT/ratis-tools-2.4.2-8b8bdda-SNAPSHOT.jar:/home/runner/.m2/repository/commons-cli/commons-cli/1.2/commons-cli-1.2.jar:/home/runner/.m2/repository/org/apache/commons/commons-lang3/3.7/commons-lang3-3.7.jar:/home/runner/.m2/repository/org/apache/ozone/ozone-manager/1.4.0-SNAPSHOT/ozone-manager-1.4.0-SNAPSHOT-tests.jar:/home/runner/.m2/repository/org/apache/ozone/hdds-common/1.4.0-SNAPSHOT/hdds-common-1.4.0-SNAPSHOT-tests.jar:/home/runner/.m2/repository/org/apache/ozone/hdds-hadoop-dependency-client/1.4.0-SNAPSHOT/hdds-hadoop-dependency-client-1.4.0-SNAPSHOT.jar:/home/runner/.m2/repository/info/picocli/picocli/4.6.1/picocli-4.6.1.jar:/home/runner/.m2/repository/com/fasterxml/jackson/core/jackson-annotations/2.13.4/jackson-annotations-2.13.4.jar:/home/runner/.m2/repository/org/apache/ozone/hdds-annotation-processing/1.4.0-SNAPSHOT/hdds-annotation-processing-1.4.0-SNAPSHOT.jar:/home/runner/.m2/repository/javax/annotation/javax.annotation-api/1.2/javax.annotation-api-1.2.jar:/home/runner/.m2/repository/org/apache/ratis/ratis-netty/2.4.2-8b8bdda-SNAPSHOT/ratis-netty-2.4.2-8b8bdda-SNAPSHOT.jar:/home/runner/.m2/repository/org/apache/ratis/ratis-grpc/2.4.2-8b8bdda-SNAPSHOT/ratis-grpc-2.4.2-8b8bdda-SNAPSHOT.jar:/home/runner/.m2/repository/org/apache/logging/log4j/log4j-api/2.17.1/log4j-api-2.17.1.jar:/home/runner/.m2/repository/org/apache/commons/commons-pool2/2.6.0/commons-pool2-2.6.0.jar:/home/runner/.m2/repository/org/bouncycastle/bcpkix-jdk15on/1.67/bcpkix-jdk15on-1.67.jar:/home/runner/.m2/repository/commons-validator/commons-validator/1.6/commons-validator-1.6.jar:/home/runner/.m2/repository/commons-beanutils/commons-beanutils/1.9.4/commons-beanutils-1.9.4.jar:/home/runner/.m2/repository/commons-digester/commons-digester/1.8.1/commons-digester-1.8.1.jar:/home/runner/.m2/repository/commons-collections/commons-collections/3.2.2/commons-collections-3.2.2.jar:/home/runner/.m2/repository/io/jaegertracing/jaeger-client/1.6.0/jaeger-client-1.6.0.jar:/home/runner/.m2/repository/io/jaegertracing/jaeger-thrift/1.6.0/jaeger-thrift-1.6.0.jar:/home/runner/.m2/repository/org/apache/thrift/libthrift/0.14.1/libthrift-0.14.1.jar:/home/runner/.m2/repository/io/jaegertracing/jaeger-core/1.6.0/jaeger-core-1.6.0.jar:/home/runner/.m2/repository/io/jaegertracing/jaeger-tracerresolver/1.6.0/jaeger-tracerresolver-1.6.0.jar:/home/runner/.m2/repository/io/opentracing/contrib/opentracing-tracerresolver/0.1.8/opentracing-tracerresolver-0.1.8.jar:/home/runner/.m2/repository/org/jetbrains/kotlin/kotlin-stdlib/1.6.21/kotlin-stdlib-1.6.21.jar:/home/runner/.m2/repository/org/jetbrains/annotations/13.0/annotations-13.0.jar:/home/runner/.m2/repository/io/opentracing/opentracing-util/0.33.0/opentracing-util-0.33.0.jar:/home/runner/.m2/repository/io/opentracing/opentracing-api/0.33.0/opentracing-api-0.33.0.jar:/home/runner/.m2/repository/io/opentracing/opentracing-noop/0.33.0/opentracing-noop-0.33.0.jar:/home/runner/.m2/repository/org/yaml/snakeyaml/2.0/snakeyaml-2.0.jar:/home/runner/.m2/repository/junit/junit/4.13.1/junit-4.13.1.jar:/home/runner/.m2/repository/org/hamcrest/hamcrest-core/1.3/hamcrest-core-1.3.jar:/home/runner/.m2/repository/org/junit/jupiter/junit-jupiter-api/5.8.2/junit-jupiter-api-5.8.2.jar:/home/runner/.m2/repository/org/opentest4j/opentest4j/1.2.0/opentest4j-1.2.0.jar:/home/runner/.m2/repository/org/junit/platform/junit-platform-commons/1.8.2/junit-platform-commons-1.8.2.jar:/home/runner/.m2/repository/org/apiguardian/apiguardian-api/1.1.2/apiguardian-api-1.1.2.jar:/home/runner/.m2/repository/org/junit/jupiter/junit-jupiter-params/5.8.2/junit-jupiter-params-5.8.2.jar:/home/runner/.m2/repository/org/junit/jupiter/junit-jupiter-migrationsupport/5.8.2/junit-jupiter-migrationsupport-5.8.2.jar:/home/runner/.m2/repository/org/junit/jupiter/junit-jupiter-engine/5.8.2/junit-jupiter-engine-5.8.2.jar:/home/runner/.m2/repository/org/junit/platform/junit-platform-engine/1.8.2/junit-platform-engine-1.8.2.jar:/home/runner/.m2/repository/org/junit/vintage/junit-vintage-engine/5.8.2/junit-vintage-engine-5.8.2.jar:/home/runner/.m2/repository/org/junit/platform/junit-platform-launcher/1.8.2/junit-platform-launcher-1.8.2.jar:/home/runner/.m2/repository/org/mockito/mockito-core/2.28.2/mockito-core-2.28.2.jar:/home/runner/.m2/repository/net/bytebuddy/byte-buddy/1.9.10/byte-buddy-1.9.10.jar:/home/runner/.m2/repository/net/bytebuddy/byte-buddy-agent/1.9.10/byte-buddy-agent-1.9.10.jar:/home/runner/.m2/repository/org/objenesis/objenesis/1.0/objenesis-1.0.jar:/home/runner/.m2/repository/org/apache/hadoop/hadoop-kms/3.3.5/hadoop-kms-3.3.5.jar:/home/runner/.m2/repository/org/apache/hadoop/hadoop-auth/3.3.5/hadoop-auth-3.3.5.jar:/home/runner/.m2/repository/com/nimbusds/nimbus-jose-jwt/9.8.1/nimbus-jose-jwt-9.8.1.jar:/home/runner/.m2/repository/com/github/stephenc/jcip/jcip-annotations/1.0-1/jcip-annotations-1.0-1.jar:/home/runner/.m2/repository/net/minidev/json-smart/2.4.7/json-smart-2.4.7.jar:/home/runner/.m2/repository/net/minidev/accessors-smart/2.4.7/accessors-smart-2.4.7.jar:/home/runner/.m2/repository/org/ow2/asm/asm/5.0.4/asm-5.0.4.jar:/home/runner/.m2/repository/org/apache/zookeeper/zookeeper/3.5.6/zookeeper-3.5.6.jar:/home/runner/.m2/repository/org/apache/zookeeper/zookeeper-jute/3.5.6/zookeeper-jute-3.5.6.jar:/home/runner/.m2/repository/org/apache/yetus/audience-annotations/0.5.0/audience-annotations-0.5.0.jar:/home/runner/.m2/repository/org/apache/curator/curator-framework/4.2.0/curator-framework-4.2.0.jar:/home/runner/.m2/repository/org/apache/hadoop/thirdparty/hadoop-shaded-guava/1.1.1/hadoop-shaded-guava-1.1.1.jar:/home/runner/.m2/repository/com/sun/jersey/jersey-core/1.19/jersey-core-1.19.jar:/home/runner/.m2/repository/javax/ws/rs/jsr311-api/1.1.1/jsr311-api-1.1.1.jar:/home/runner/.m2/repository/com/sun/jersey/jersey-server/1.19/jersey-server-1.19.jar:/home/runner/.m2/repository/javax/servlet/javax.servlet-api/3.1.0/javax.servlet-api-3.1.0.jar:/home/runner/.m2/repository/org/apache/hadoop/hadoop-common/3.3.5/hadoop-common-3.3.5.jar:/home/runner/.m2/repository/org/apache/commons/commons-math3/3.1.1/commons-math3-3.1.1.jar:/home/runner/.m2/repository/commons-net/commons-net/3.9.0/commons-net-3.9.0.jar:/home/runner/.m2/repository/com/sun/jersey/jersey-servlet/1.19/jersey-servlet-1.19.jar:/home/runner/.m2/repository/com/github/pjfanning/jersey-json/1.20/jersey-json-1.20.jar:/home/runner/.m2/repository/org/codehaus/jettison/jettison/1.1/jettison-1.1.jar:/home/runner/.m2/repository/com/sun/xml/bind/jaxb-impl/2.2.3-1/jaxb-impl-2.2.3-1.jar:/home/runner/.m2/repository/com/google/re2j/re2j/1.1/re2j-1.1.jar:/home/runner/.m2/repository/com/jcraft/jsch/0.1.54/jsch-0.1.54.jar:/home/runner/.m2/repository/org/apache/curator/curator-client/4.2.0/curator-client-4.2.0.jar:/home/runner/.m2/repository/org/apache/curator/curator-recipes/4.2.0/curator-recipes-4.2.0.jar:/home/runner/.m2/repository/org/apache/kerby/kerb-core/1.0.1/kerb-core-1.0.1.jar:/home/runner/.m2/repository/org/apache/kerby/kerby-pkix/1.0.1/kerby-pkix-1.0.1.jar:/home/runner/.m2/repository/org/apache/kerby/kerby-asn1/1.0.1/kerby-asn1-1.0.1.jar:/home/runner/.m2/repository/org/apache/kerby/kerby-util/1.0.1/kerby-util-1.0.1.jar:/home/runner/.m2/repository/dnsjava/dnsjava/2.1.7/dnsjava-2.1.7.jar:/home/runner/.m2/repository/org/xerial/snappy/snappy-java/1.1.8.2/snappy-java-1.1.8.2.jar:/home/runner/.m2/repository/com/fasterxml/jackson/core/jackson-databind/2.13.4.2/jackson-databind-2.13.4.2.jar:/home/runner/.m2/repository/org/apache/hadoop/hadoop-kms/3.3.5/hadoop-kms-3.3.5-tests.jar:/home/runner/.m2/repository/org/apache/ozone/hdds-server-scm/1.4.0-SNAPSHOT/hdds-server-scm-1.4.0-SNAPSHOT-tests.jar:/home/runner/.m2/repository/org/apache/ozone/hdds-container-service/1.4.0-SNAPSHOT/hdds-container-service-1.4.0-SNAPSHOT-tests.jar:/home/runner/.m2/repository/com/github/luben/zstd-jni/1.5.2-5/zstd-jni-1.5.2-5.jar:/home/runner/.m2/repository/commons-codec/commons-codec/1.15/commons-codec-1.15.jar:/home/runner/.m2/repository/io/netty/netty-codec/4.1.86.Final/netty-codec-4.1.86.Final.jar:/home/runner/.m2/repository/io/netty/netty-handler/4.1.86.Final/netty-handler-4.1.86.Final.jar:/home/runner/.m2/repository/org/apache/ozone/hdds-hadoop-dependency-test/1.4.0-SNAPSHOT/hdds-hadoop-dependency-test-1.4.0-SNAPSHOT.jar:/home/runner/.m2/repository/org/apache/hadoop/hadoop-common/3.3.5/hadoop-common-3.3.5-tests.jar:/home/runner/.m2/repository/org/apache/hadoop/hadoop-hdfs/3.3.5/hadoop-hdfs-3.3.5-tests.jar:/home/runner/.m2/repository/org/assertj/assertj-core/3.12.2/assertj-core-3.12.2.jar:/home/runner/.m2/repository/org/apache/hadoop/hadoop-distcp/3.3.5/hadoop-distcp-3.3.5.jar:/home/runner/.m2/repository/org/apache/hadoop/hadoop-mapreduce-client-jobclient/3.3.5/hadoop-mapreduce-client-jobclient-3.3.5.jar:/home/runner/.m2/repository/org/apache/hadoop/hadoop-mapreduce-client-common/3.3.5/hadoop-mapreduce-client-common-3.3.5.jar:/home/runner/.m2/repository/org/apache/hadoop/hadoop-yarn-common/3.3.5/hadoop-yarn-common-3.3.5.jar:/home/runner/.m2/repository/org/apache/hadoop/hadoop-yarn-api/3.3.5/hadoop-yarn-api-3.3.5.jar:/home/runner/.m2/repository/com/sun/jersey/contribs/jersey-guice/1.19/jersey-guice-1.19.jar:/home/runner/.m2/repository/com/fasterxml/jackson/jaxrs/jackson-jaxrs-json-provider/2.13.4/jackson-jaxrs-json-provider-2.13.4.jar:/home/runner/.m2/repository/com/fasterxml/jackson/jaxrs/jackson-jaxrs-base/2.13.4/jackson-jaxrs-base-2.13.4.jar:/home/runner/.m2/repository/org/apache/hadoop/hadoop-yarn-client/3.3.5/hadoop-yarn-client-3.3.5.jar:/home/runner/.m2/repository/org/eclipse/jetty/websocket/websocket-client/9.4.48.v20220622/websocket-client-9.4.48.v20220622.jar:/home/runner/.m2/repository/org/eclipse/jetty/websocket/websocket-common/9.4.48.v20220622/websocket-common-9.4.48.v20220622.jar:/home/runner/.m2/repository/org/eclipse/jetty/websocket/websocket-api/9.4.48.v20220622/websocket-api-9.4.48.v20220622.jar:/home/runner/.m2/repository/org/jline/jline/3.9.0/jline-3.9.0.jar:/home/runner/.m2/repository/org/apache/hadoop/hadoop-mapreduce-client-core/3.3.5/hadoop-mapreduce-client-core-3.3.5.jar:/home/runner/.m2/repository/org/apache/avro/avro/1.7.7/avro-1.7.7.jar:/home/runner/.m2/repository/com/thoughtworks/paranamer/paranamer/2.3/paranamer-2.3.jar:/home/runner/.m2/repository/org/apache/hadoop/hadoop-annotations/3.3.5/hadoop-annotations-3.3.5.jar:/usr/lib/jvm/temurin-8-jdk-amd64/jre/../lib/tools.jar:/home/runner/.m2/repository/io/netty/netty/3.10.6.Final/netty-3.10.6.Final.jar:/home/runner/.m2/repository/org/apache/hadoop/hadoop-distcp/3.3.5/hadoop-distcp-3.3.5-tests.jar:/home/runner/.m2/repository/org/slf4j/jul-to-slf4j/1.7.36/jul-to-slf4j-1.7.36.jar:"/>
    <property name="java.vm.vendor" value="Temurin"/>
    <property name="sun.arch.data.model" value="64"/>
    <property name="test.build.dir" value="/home/runner/work/ozone/ozone/hadoop-ozone/integration-test/target/test-dir"/>
    <property name="test.cache.data" value=""/>
    <property name="java.vendor.url" value="https://adoptium.net/"/>
    <property name="user.timezone" value="Etc/UTC"/>
    <property name="java.vm.specification.version" value="1.8"/>
    <property name="os.name" value="Linux"/>
    <property name="test.build.data" value="/home/runner/work/ozone/ozone/hadoop-ozone/integration-test/target/test-dir"/>
    <property name="sun.java.launcher" value="SUN_STANDARD"/>
    <property name="sun.boot.library.path" value="/usr/lib/jvm/temurin-8-jdk-amd64/jre/lib/amd64"/>
    <property name="sun.java.command" value="/home/runner/work/ozone/ozone/hadoop-ozone/integration-test/target/surefire/surefirebooter7053180388525834180.jar /home/runner/work/ozone/ozone/hadoop-ozone/integration-test/target/surefire 2023-04-18T19-01-34_347-jvmRun1 surefire5986794524719155936tmp surefire_374564090044828187443tmp"/>
    <property name="surefire.test.class.path" value="/home/runner/work/ozone/ozone/hadoop-ozone/integration-test/target/test-classes:/home/runner/work/ozone/ozone/hadoop-ozone/integration-test/target/classes:/home/runner/.m2/repository/org/apache/ozone/ozone-common/1.4.0-SNAPSHOT/ozone-common-1.4.0-SNAPSHOT.jar:/home/runner/.m2/repository/io/grpc/grpc-netty/1.51.1/grpc-netty-1.51.1.jar:/home/runner/.m2/repository/io/grpc/grpc-core/1.51.1/grpc-core-1.51.1.jar:/home/runner/.m2/repository/com/google/android/annotations/4.1.1.4/annotations-4.1.1.4.jar:/home/runner/.m2/repository/org/codehaus/mojo/animal-sniffer-annotations/1.21/animal-sniffer-annotations-1.21.jar:/home/runner/.m2/repository/com/google/errorprone/error_prone_annotations/2.2.0/error_prone_annotations-2.2.0.jar:/home/runner/.m2/repository/io/perfmark/perfmark-api/0.25.0/perfmark-api-0.25.0.jar:/home/runner/.m2/repository/io/netty/netty-codec-http2/4.1.86.Final/netty-codec-http2-4.1.86.Final.jar:/home/runner/.m2/repository/io/netty/netty-common/4.1.86.Final/netty-common-4.1.86.Final.jar:/home/runner/.m2/repository/io/netty/netty-buffer/4.1.86.Final/netty-buffer-4.1.86.Final.jar:/home/runner/.m2/repository/io/netty/netty-codec-http/4.1.86.Final/netty-codec-http-4.1.86.Final.jar:/home/runner/.m2/repository/io/netty/netty-handler-proxy/4.1.86.Final/netty-handler-proxy-4.1.86.Final.jar:/home/runner/.m2/repository/io/netty/netty-codec-socks/4.1.86.Final/netty-codec-socks-4.1.86.Final.jar:/home/runner/.m2/repository/io/netty/netty-tcnative-boringssl-static/2.0.54.Final/netty-tcnative-boringssl-static-2.0.54.Final.jar:/home/runner/.m2/repository/io/netty/netty-tcnative-classes/2.0.54.Final/netty-tcnative-classes-2.0.54.Final.jar:/home/runner/.m2/repository/io/netty/netty-tcnative-boringssl-static/2.0.54.Final/netty-tcnative-boringssl-static-2.0.54.Final-linux-x86_64.jar:/home/runner/.m2/repository/io/netty/netty-tcnative-boringssl-static/2.0.54.Final/netty-tcnative-boringssl-static-2.0.54.Final-linux-aarch_64.jar:/home/runner/.m2/repository/io/netty/netty-tcnative-boringssl-static/2.0.54.Final/netty-tcnative-boringssl-static-2.0.54.Final-osx-x86_64.jar:/home/runner/.m2/repository/io/netty/netty-tcnative-boringssl-static/2.0.54.Final/netty-tcnative-boringssl-static-2.0.54.Final-osx-aarch_64.jar:/home/runner/.m2/repository/io/netty/netty-tcnative-boringssl-static/2.0.54.Final/netty-tcnative-boringssl-static-2.0.54.Final-windows-x86_64.jar:/home/runner/.m2/repository/org/apache/commons/commons-compress/1.21/commons-compress-1.21.jar:/home/runner/.m2/repository/org/apache/ozone/hdds-common/1.4.0-SNAPSHOT/hdds-common-1.4.0-SNAPSHOT.jar:/home/runner/.m2/repository/org/apache/ozone/hdds-client/1.4.0-SNAPSHOT/hdds-client-1.4.0-SNAPSHOT.jar:/home/runner/.m2/repository/org/apache/ozone/ozone-interface-client/1.4.0-SNAPSHOT/ozone-interface-client-1.4.0-SNAPSHOT.jar:/home/runner/.m2/repository/org/apache/ozone/hdds-test-utils/1.4.0-SNAPSHOT/hdds-test-utils-1.4.0-SNAPSHOT.jar:/home/runner/.m2/repository/com/google/guava/guava/31.1-jre/guava-31.1-jre.jar:/home/runner/.m2/repository/com/google/guava/failureaccess/1.0.1/failureaccess-1.0.1.jar:/home/runner/.m2/repository/com/google/guava/listenablefuture/9999.0-empty-to-avoid-conflict-with-guava/listenablefuture-9999.0-empty-to-avoid-conflict-with-guava.jar:/home/runner/.m2/repository/com/google/code/findbugs/jsr305/3.0.0/jsr305-3.0.0.jar:/home/runner/.m2/repository/org/checkerframework/checker-qual/3.12.0/checker-qual-3.12.0.jar:/home/runner/.m2/repository/com/google/j2objc/j2objc-annotations/1.3/j2objc-annotations-1.3.jar:/home/runner/.m2/repository/commons-io/commons-io/2.11.0/commons-io-2.11.0.jar:/home/runner/.m2/repository/commons-logging/commons-logging/1.2/commons-logging-1.2.jar:/home/runner/.m2/repository/ch/qos/reload4j/reload4j/1.2.22/reload4j-1.2.22.jar:/home/runner/.m2/repository/org/slf4j/slf4j-api/1.7.36/slf4j-api-1.7.36.jar:/home/runner/.m2/repository/org/apache/ozone/hdds-server-scm/1.4.0-SNAPSHOT/hdds-server-scm-1.4.0-SNAPSHOT.jar:/home/runner/.m2/repository/org/apache/ozone/hdds-container-service/1.4.0-SNAPSHOT/hdds-container-service-1.4.0-SNAPSHOT.jar:/home/runner/.m2/repository/org/apache/ozone/hdds-hadoop-dependency-server/1.4.0-SNAPSHOT/hdds-hadoop-dependency-server-1.4.0-SNAPSHOT.jar:/home/runner/.m2/repository/org/apache/hadoop/hadoop-hdfs/3.3.5/hadoop-hdfs-3.3.5.jar:/home/runner/.m2/repository/commons-daemon/commons-daemon/1.0.13/commons-daemon-1.0.13.jar:/home/runner/.m2/repository/org/apache/ozone/hdds-server-framework/1.4.0-SNAPSHOT/hdds-server-framework-1.4.0-SNAPSHOT.jar:/home/runner/.m2/repository/io/dropwizard/metrics/metrics-core/3.2.4/metrics-core-3.2.4.jar:/home/runner/.m2/repository/org/apache/commons/commons-text/1.4/commons-text-1.4.jar:/home/runner/.m2/repository/org/apache/hadoop/hadoop-hdfs-client/3.3.5/hadoop-hdfs-client-3.3.5.jar:/home/runner/.m2/repository/com/squareup/okhttp3/okhttp/4.9.3/okhttp-4.9.3.jar:/home/runner/.m2/repository/com/squareup/okio/okio/2.8.0/okio-2.8.0.jar:/home/runner/.m2/repository/org/jetbrains/kotlin/kotlin-stdlib-common/1.6.21/kotlin-stdlib-common-1.6.21.jar:/home/runner/.m2/repository/org/bouncycastle/bcprov-jdk15on/1.67/bcprov-jdk15on-1.67.jar:/home/runner/.m2/repository/com/google/protobuf/protobuf-java/2.5.0/protobuf-java-2.5.0.jar:/home/runner/.m2/repository/org/apache/ozone/hdds-server-framework/1.4.0-SNAPSHOT/hdds-server-framework-1.4.0-SNAPSHOT-tests.jar:/home/runner/.m2/repository/org/apache/ozone/hdds-interface-server/1.4.0-SNAPSHOT/hdds-interface-server-1.4.0-SNAPSHOT.jar:/home/runner/.m2/repository/org/apache/ozone/hdds-interface-admin/1.4.0-SNAPSHOT/hdds-interface-admin-1.4.0-SNAPSHOT.jar:/home/runner/.m2/repository/org/apache/ozone/hdds-managed-rocksdb/1.4.0-SNAPSHOT/hdds-managed-rocksdb-1.4.0-SNAPSHOT.jar:/home/runner/.m2/repository/org/rocksdb/rocksdbjni/7.7.3/rocksdbjni-7.7.3.jar:/home/runner/.m2/repository/org/slf4j/slf4j-reload4j/1.7.36/slf4j-reload4j-1.7.36.jar:/home/runner/.m2/repository/org/apache/commons/commons-configuration2/2.1.1/commons-configuration2-2.1.1.jar:/home/runner/.m2/repository/org/apache/logging/log4j/log4j-core/2.17.1/log4j-core-2.17.1.jar:/home/runner/.m2/repository/com/lmax/disruptor/3.4.2/disruptor-3.4.2.jar:/home/runner/.m2/repository/org/eclipse/jetty/jetty-util/9.4.49.v20220914/jetty-util-9.4.49.v20220914.jar:/home/runner/.m2/repository/org/eclipse/jetty/jetty-server/9.4.49.v20220914/jetty-server-9.4.49.v20220914.jar:/home/runner/.m2/repository/org/eclipse/jetty/jetty-http/9.4.49.v20220914/jetty-http-9.4.49.v20220914.jar:/home/runner/.m2/repository/org/eclipse/jetty/jetty-io/9.4.49.v20220914/jetty-io-9.4.49.v20220914.jar:/home/runner/.m2/repository/org/eclipse/jetty/jetty-servlet/9.4.49.v20220914/jetty-servlet-9.4.49.v20220914.jar:/home/runner/.m2/repository/org/eclipse/jetty/jetty-security/9.4.49.v20220914/jetty-security-9.4.49.v20220914.jar:/home/runner/.m2/repository/org/eclipse/jetty/jetty-util-ajax/9.4.49.v20220914/jetty-util-ajax-9.4.49.v20220914.jar:/home/runner/.m2/repository/org/eclipse/jetty/jetty-webapp/9.4.49.v20220914/jetty-webapp-9.4.49.v20220914.jar:/home/runner/.m2/repository/org/eclipse/jetty/jetty-xml/9.4.49.v20220914/jetty-xml-9.4.49.v20220914.jar:/home/runner/.m2/repository/org/apache/ratis/ratis-server/2.4.2-8b8bdda-SNAPSHOT/ratis-server-2.4.2-8b8bdda-SNAPSHOT.jar:/home/runner/.m2/repository/org/apache/ratis/ratis-thirdparty-misc/1.0.3/ratis-thirdparty-misc-1.0.3.jar:/home/runner/.m2/repository/org/apache/ratis/ratis-proto/2.4.2-8b8bdda-SNAPSHOT/ratis-proto-2.4.2-8b8bdda-SNAPSHOT.jar:/home/runner/.m2/repository/org/apache/ratis/ratis-common/2.4.2-8b8bdda-SNAPSHOT/ratis-common-2.4.2-8b8bdda-SNAPSHOT.jar:/home/runner/.m2/repository/org/apache/ratis/ratis-client/2.4.2-8b8bdda-SNAPSHOT/ratis-client-2.4.2-8b8bdda-SNAPSHOT.jar:/home/runner/.m2/repository/org/apache/ratis/ratis-server-api/2.4.2-8b8bdda-SNAPSHOT/ratis-server-api-2.4.2-8b8bdda-SNAPSHOT.jar:/home/runner/.m2/repository/org/apache/ratis/ratis-metrics/2.4.2-8b8bdda-SNAPSHOT/ratis-metrics-2.4.2-8b8bdda-SNAPSHOT.jar:/home/runner/.m2/repository/io/prometheus/simpleclient_dropwizard/0.7.0/simpleclient_dropwizard-0.7.0.jar:/home/runner/.m2/repository/io/prometheus/simpleclient/0.7.0/simpleclient-0.7.0.jar:/home/runner/.m2/repository/io/prometheus/simpleclient_common/0.7.0/simpleclient_common-0.7.0.jar:/home/runner/.m2/repository/com/fasterxml/jackson/datatype/jackson-datatype-jsr310/2.13.4/jackson-datatype-jsr310-2.13.4.jar:/home/runner/.m2/repository/com/fasterxml/jackson/core/jackson-core/2.13.4/jackson-core-2.13.4.jar:/home/runner/.m2/repository/com/github/spotbugs/spotbugs-annotations/3.1.12/spotbugs-annotations-3.1.12.jar:/home/runner/.m2/repository/org/apache/ozone/rocksdb-checkpoint-differ/1.4.0-SNAPSHOT/rocksdb-checkpoint-differ-1.4.0-SNAPSHOT.jar:/home/runner/.m2/repository/org/awaitility/awaitility/4.2.0/awaitility-4.2.0.jar:/home/runner/.m2/repository/org/hamcrest/hamcrest/2.1/hamcrest-2.1.jar:/home/runner/.m2/repository/org/apache/ozone/ozone-manager/1.4.0-SNAPSHOT/ozone-manager-1.4.0-SNAPSHOT.jar:/home/runner/.m2/repository/org/aspectj/aspectjrt/1.9.7/aspectjrt-1.9.7.jar:/home/runner/.m2/repository/org/aspectj/aspectjweaver/1.9.7/aspectjweaver-1.9.7.jar:/home/runner/.m2/repository/org/apache/ozone/hdds-interface-client/1.4.0-SNAPSHOT/hdds-interface-client-1.4.0-SNAPSHOT.jar:/home/runner/.m2/repository/org/apache/hadoop/thirdparty/hadoop-shaded-protobuf_3_7/1.1.1/hadoop-shaded-protobuf_3_7-1.1.1.jar:/home/runner/.m2/repository/org/apache/ozone/ozone-interface-storage/1.4.0-SNAPSHOT/ozone-interface-storage-1.4.0-SNAPSHOT.jar:/home/runner/.m2/repository/org/reflections/reflections/0.9.11/reflections-0.9.11.jar:/home/runner/.m2/repository/com/sun/jersey/jersey-client/1.19/jersey-client-1.19.jar:/home/runner/.m2/repository/org/codehaus/jackson/jackson-core-asl/1.9.13/jackson-core-asl-1.9.13.jar:/home/runner/.m2/repository/org/codehaus/jackson/jackson-mapper-asl/1.9.13/jackson-mapper-asl-1.9.13.jar:/home/runner/.m2/repository/org/codehaus/jackson/jackson-jaxrs/1.9.13/jackson-jaxrs-1.9.13.jar:/home/runner/.m2/repository/org/apache/ranger/ranger-intg/2.3.0/ranger-intg-2.3.0.jar:/home/runner/.m2/repository/org/apache/ranger/ranger-plugins-common/2.3.0/ranger-plugins-common-2.3.0.jar:/home/runner/.m2/repository/commons-lang/commons-lang/2.6/commons-lang-2.6.jar:/home/runner/.m2/repository/org/apache/ranger/ranger-plugins-cred/2.3.0/ranger-plugins-cred-2.3.0.jar:/home/runner/.m2/repository/org/apache/ranger/ranger-plugins-audit/2.3.0/ranger-plugins-audit-2.3.0.jar:/home/runner/.m2/repository/org/eclipse/jetty/jetty-client/9.4.49.v20220914/jetty-client-9.4.49.v20220914.jar:/home/runner/.m2/repository/org/apache/httpcomponents/httpmime/4.5.6/httpmime-4.5.6.jar:/home/runner/.m2/repository/org/apache/httpcomponents/httpcore-nio/4.4.13/httpcore-nio-4.4.13.jar:/home/runner/.m2/repository/org/apache/httpcomponents/httpasyncclient/4.1.3/httpasyncclient-4.1.3.jar:/home/runner/.m2/repository/com/carrotsearch/hppc/0.8.0/hppc-0.8.0.jar:/home/runner/.m2/repository/org/apache/orc/orc-core/1.5.8/orc-core-1.5.8.jar:/home/runner/.m2/repository/net/java/dev/jna/jna/5.2.0/jna-5.2.0.jar:/home/runner/.m2/repository/net/java/dev/jna/jna-platform/5.2.0/jna-platform-5.2.0.jar:/home/runner/.m2/repository/com/kstruct/gethostname4j/0.0.2/gethostname4j-0.0.2.jar:/home/runner/.m2/repository/org/apache/ranger/ranger-plugin-classloader/2.3.0/ranger-plugin-classloader-2.3.0.jar:/home/runner/.m2/repository/org/apache/hadoop/hadoop-minikdc/3.3.5/hadoop-minikdc-3.3.5.jar:/home/runner/.m2/repository/org/apache/kerby/kerb-simplekdc/1.0.1/kerb-simplekdc-1.0.1.jar:/home/runner/.m2/repository/org/apache/kerby/kerb-client/1.0.1/kerb-client-1.0.1.jar:/home/runner/.m2/repository/org/apache/kerby/kerby-config/1.0.1/kerby-config-1.0.1.jar:/home/runner/.m2/repository/org/apache/kerby/kerb-common/1.0.1/kerb-common-1.0.1.jar:/home/runner/.m2/repository/org/apache/kerby/kerb-crypto/1.0.1/kerb-crypto-1.0.1.jar:/home/runner/.m2/repository/org/apache/kerby/kerb-util/1.0.1/kerb-util-1.0.1.jar:/home/runner/.m2/repository/org/apache/kerby/token-provider/1.0.1/token-provider-1.0.1.jar:/home/runner/.m2/repository/org/apache/kerby/kerb-admin/1.0.1/kerb-admin-1.0.1.jar:/home/runner/.m2/repository/org/apache/kerby/kerb-server/1.0.1/kerb-server-1.0.1.jar:/home/runner/.m2/repository/org/apache/kerby/kerb-identity/1.0.1/kerb-identity-1.0.1.jar:/home/runner/.m2/repository/org/apache/kerby/kerby-xdr/1.0.1/kerby-xdr-1.0.1.jar:/home/runner/.m2/repository/org/apache/ozone/ozone-s3gateway/1.4.0-SNAPSHOT/ozone-s3gateway-1.4.0-SNAPSHOT.jar:/home/runner/.m2/repository/org/javassist/javassist/3.21.0-GA/javassist-3.21.0-GA.jar:/home/runner/.m2/repository/org/jboss/weld/servlet/weld-servlet-shaded/3.1.9.Final/weld-servlet-shaded-3.1.9.Final.jar:/home/runner/.m2/repository/org/glassfish/jersey/containers/jersey-container-servlet-core/2.34/jersey-container-servlet-core-2.34.jar:/home/runner/.m2/repository/org/glassfish/hk2/external/jakarta.inject/2.6.1/jakarta.inject-2.6.1.jar:/home/runner/.m2/repository/org/glassfish/jersey/core/jersey-common/2.34/jersey-common-2.34.jar:/home/runner/.m2/repository/jakarta/ws/rs/jakarta.ws.rs-api/2.1.6/jakarta.ws.rs-api-2.1.6.jar:/home/runner/.m2/repository/org/glassfish/jersey/ext/cdi/jersey-cdi1x/2.34/jersey-cdi1x-2.34.jar:/home/runner/.m2/repository/org/glassfish/jersey/inject/jersey-hk2/2.34/jersey-hk2-2.34.jar:/home/runner/.m2/repository/org/glassfish/hk2/hk2-locator/2.6.1/hk2-locator-2.6.1.jar:/home/runner/.m2/repository/org/glassfish/jersey/media/jersey-media-jaxb/2.34/jersey-media-jaxb-2.34.jar:/home/runner/.m2/repository/org/glassfish/hk2/osgi-resource-locator/1.0.3/osgi-resource-locator-1.0.3.jar:/home/runner/.m2/repository/org/glassfish/hk2/hk2-api/2.5.0/hk2-api-2.5.0.jar:/home/runner/.m2/repository/org/glassfish/hk2/hk2-utils/2.5.0/hk2-utils-2.5.0.jar:/home/runner/.m2/repository/org/glassfish/hk2/external/aopalliance-repackaged/2.5.0/aopalliance-repackaged-2.5.0.jar:/home/runner/.m2/repository/com/fasterxml/jackson/dataformat/jackson-dataformat-xml/2.13.4/jackson-dataformat-xml-2.13.4.jar:/home/runner/.m2/repository/org/codehaus/woodstox/stax2-api/4.2.1/stax2-api-4.2.1.jar:/home/runner/.m2/repository/com/fasterxml/woodstox/woodstox-core/5.4.0/woodstox-core-5.4.0.jar:/home/runner/.m2/repository/com/fasterxml/jackson/module/jackson-module-jaxb-annotations/2.13.4/jackson-module-jaxb-annotations-2.13.4.jar:/home/runner/.m2/repository/jakarta/xml/bind/jakarta.xml.bind-api/2.3.3/jakarta.xml.bind-api-2.3.3.jar:/home/runner/.m2/repository/jakarta/activation/jakarta.activation-api/1.2.2/jakarta.activation-api-1.2.2.jar:/home/runner/.m2/repository/javax/enterprise/cdi-api/2.0/cdi-api-2.0.jar:/home/runner/.m2/repository/javax/el/javax.el-api/3.0.0/javax.el-api-3.0.0.jar:/home/runner/.m2/repository/javax/interceptor/javax.interceptor-api/1.2/javax.interceptor-api-1.2.jar:/home/runner/.m2/repository/javax/inject/javax.inject/1/javax.inject-1.jar:/home/runner/.m2/repository/javax/xml/bind/jaxb-api/2.3.0/jaxb-api-2.3.0.jar:/home/runner/.m2/repository/org/glassfish/jaxb/jaxb-runtime/2.3.0.1/jaxb-runtime-2.3.0.1.jar:/home/runner/.m2/repository/org/glassfish/jaxb/jaxb-core/2.3.0.1/jaxb-core-2.3.0.1.jar:/home/runner/.m2/repository/org/glassfish/jaxb/txw2/2.3.0.1/txw2-2.3.0.1.jar:/home/runner/.m2/repository/com/sun/istack/istack-commons-runtime/3.0.5/istack-commons-runtime-3.0.5.jar:/home/runner/.m2/repository/org/jvnet/staxex/stax-ex/1.7.8/stax-ex-1.7.8.jar:/home/runner/.m2/repository/com/sun/xml/fastinfoset/FastInfoset/1.2.13/FastInfoset-1.2.13.jar:/home/runner/.m2/repository/javax/activation/activation/1.1.1/activation-1.1.1.jar:/home/runner/.m2/repository/io/grpc/grpc-protobuf/1.51.1/grpc-protobuf-1.51.1.jar:/home/runner/.m2/repository/io/grpc/grpc-api/1.51.1/grpc-api-1.51.1.jar:/home/runner/.m2/repository/io/grpc/grpc-context/1.51.1/grpc-context-1.51.1.jar:/home/runner/.m2/repository/com/google/api/grpc/proto-google-common-protos/2.9.0/proto-google-common-protos-2.9.0.jar:/home/runner/.m2/repository/io/grpc/grpc-protobuf-lite/1.51.1/grpc-protobuf-lite-1.51.1.jar:/home/runner/.m2/repository/io/grpc/grpc-stub/1.51.1/grpc-stub-1.51.1.jar:/home/runner/.m2/repository/io/netty/netty-transport/4.1.86.Final/netty-transport-4.1.86.Final.jar:/home/runner/.m2/repository/io/netty/netty-resolver/4.1.86.Final/netty-resolver-4.1.86.Final.jar:/home/runner/.m2/repository/org/apache/ozone/ozone-csi/1.4.0-SNAPSHOT/ozone-csi-1.4.0-SNAPSHOT.jar:/home/runner/.m2/repository/com/google/protobuf/protobuf-java-util/3.19.6/protobuf-java-util-3.19.6.jar:/home/runner/.m2/repository/com/google/code/gson/gson/2.9.0/gson-2.9.0.jar:/home/runner/.m2/repository/org/apache/ozone/hdds-config/1.4.0-SNAPSHOT/hdds-config-1.4.0-SNAPSHOT.jar:/home/runner/.m2/repository/io/netty/netty-transport-native-epoll/4.1.86.Final/netty-transport-native-epoll-4.1.86.Final-linux-x86_64.jar:/home/runner/.m2/repository/io/netty/netty-transport-classes-epoll/4.1.86.Final/netty-transport-classes-epoll-4.1.86.Final.jar:/home/runner/.m2/repository/io/netty/netty-transport-native-unix-common/4.1.86.Final/netty-transport-native-unix-common-4.1.86.Final.jar:/home/runner/.m2/repository/org/apache/ozone/ozone-recon/1.4.0-SNAPSHOT/ozone-recon-1.4.0-SNAPSHOT.jar:/home/runner/.m2/repository/org/apache/ozone/ozone-reconcodegen/1.4.0-SNAPSHOT/ozone-reconcodegen-1.4.0-SNAPSHOT.jar:/home/runner/.m2/repository/com/google/inject/guice/5.1.0/guice-5.1.0.jar:/home/runner/.m2/repository/aopalliance/aopalliance/1.0/aopalliance-1.0.jar:/home/runner/.m2/repository/com/google/inject/extensions/guice-assistedinject/5.1.0/guice-assistedinject-5.1.0.jar:/home/runner/.m2/repository/com/google/inject/extensions/guice-servlet/5.1.0/guice-servlet-5.1.0.jar:/home/runner/.m2/repository/org/glassfish/jersey/containers/jersey-container-servlet/2.34/jersey-container-servlet-2.34.jar:/home/runner/.m2/repository/org/glassfish/hk2/guice-bridge/2.5.0/guice-bridge-2.5.0.jar:/home/runner/.m2/repository/org/glassfish/jersey/core/jersey-server/2.34/jersey-server-2.34.jar:/home/runner/.m2/repository/org/glassfish/jersey/core/jersey-client/2.34/jersey-client-2.34.jar:/home/runner/.m2/repository/jakarta/annotation/jakarta.annotation-api/1.3.5/jakarta.annotation-api-1.3.5.jar:/home/runner/.m2/repository/jakarta/validation/jakarta.validation-api/2.0.2/jakarta.validation-api-2.0.2.jar:/home/runner/.m2/repository/org/glassfish/jersey/media/jersey-media-json-jackson/2.34/jersey-media-json-jackson-2.34.jar:/home/runner/.m2/repository/org/glassfish/jersey/ext/jersey-entity-filtering/2.34/jersey-entity-filtering-2.34.jar:/home/runner/.m2/repository/org/jooq/jooq/3.11.10/jooq-3.11.10.jar:/home/runner/.m2/repository/org/jooq/jooq-meta/3.11.10/jooq-meta-3.11.10.jar:/home/runner/.m2/repository/org/jooq/jooq-codegen/3.11.10/jooq-codegen-3.11.10.jar:/home/runner/.m2/repository/com/jolbox/bonecp/0.8.0.RELEASE/bonecp-0.8.0.RELEASE.jar:/home/runner/.m2/repository/org/apache/derby/derby/10.14.2.0/derby-10.14.2.0.jar:/home/runner/.m2/repository/org/xerial/sqlite-jdbc/3.25.2/sqlite-jdbc-3.25.2.jar:/home/runner/.m2/repository/org/springframework/spring-jdbc/5.3.26/spring-jdbc-5.3.26.jar:/home/runner/.m2/repository/org/springframework/spring-beans/5.3.26/spring-beans-5.3.26.jar:/home/runner/.m2/repository/org/springframework/spring-core/5.3.26/spring-core-5.3.26.jar:/home/runner/.m2/repository/org/springframework/spring-tx/5.3.26/spring-tx-5.3.26.jar:/home/runner/.m2/repository/org/apache/ozone/ozone-client/1.4.0-SNAPSHOT/ozone-client-1.4.0-SNAPSHOT.jar:/home/runner/.m2/repository/org/apache/ozone/hdds-erasurecode/1.4.0-SNAPSHOT/hdds-erasurecode-1.4.0-SNAPSHOT.jar:/home/runner/.m2/repository/org/apache/ozone/ozone-filesystem/1.4.0-SNAPSHOT/ozone-filesystem-1.4.0-SNAPSHOT.jar:/home/runner/.m2/repository/org/apache/ozone/ozone-filesystem-common/1.4.0-SNAPSHOT/ozone-filesystem-common-1.4.0-SNAPSHOT.jar:/home/runner/.m2/repository/org/apache/ozone/ozone-tools/1.4.0-SNAPSHOT/ozone-tools-1.4.0-SNAPSHOT.jar:/home/runner/.m2/repository/com/amazonaws/aws-java-sdk-core/1.12.261/aws-java-sdk-core-1.12.261.jar:/home/runner/.m2/repository/org/apache/httpcomponents/httpclient/4.5.13/httpclient-4.5.13.jar:/home/runner/.m2/repository/org/apache/httpcomponents/httpcore/4.4.13/httpcore-4.4.13.jar:/home/runner/.m2/repository/software/amazon/ion/ion-java/1.0.2/ion-java-1.0.2.jar:/home/runner/.m2/repository/com/fasterxml/jackson/dataformat/jackson-dataformat-cbor/2.13.4/jackson-dataformat-cbor-2.13.4.jar:/home/runner/.m2/repository/joda-time/joda-time/2.10.6/joda-time-2.10.6.jar:/home/runner/.m2/repository/com/amazonaws/aws-java-sdk-s3/1.12.261/aws-java-sdk-s3-1.12.261.jar:/home/runner/.m2/repository/com/amazonaws/aws-java-sdk-kms/1.12.261/aws-java-sdk-kms-1.12.261.jar:/home/runner/.m2/repository/com/amazonaws/jmespath-java/1.12.261/jmespath-java-1.12.261.jar:/home/runner/.m2/repository/org/kohsuke/metainf-services/metainf-services/1.8/metainf-services-1.8.jar:/home/runner/.m2/repository/org/apache/ozone/hdds-tools/1.4.0-SNAPSHOT/hdds-tools-1.4.0-SNAPSHOT.jar:/home/runner/.m2/repository/org/apache/ratis/ratis-tools/2.4.2-8b8bdda-SNAPSHOT/ratis-tools-2.4.2-8b8bdda-SNAPSHOT.jar:/home/runner/.m2/repository/commons-cli/commons-cli/1.2/commons-cli-1.2.jar:/home/runner/.m2/repository/org/apache/commons/commons-lang3/3.7/commons-lang3-3.7.jar:/home/runner/.m2/repository/org/apache/ozone/ozone-manager/1.4.0-SNAPSHOT/ozone-manager-1.4.0-SNAPSHOT-tests.jar:/home/runner/.m2/repository/org/apache/ozone/hdds-common/1.4.0-SNAPSHOT/hdds-common-1.4.0-SNAPSHOT-tests.jar:/home/runner/.m2/repository/org/apache/ozone/hdds-hadoop-dependency-client/1.4.0-SNAPSHOT/hdds-hadoop-dependency-client-1.4.0-SNAPSHOT.jar:/home/runner/.m2/repository/info/picocli/picocli/4.6.1/picocli-4.6.1.jar:/home/runner/.m2/repository/com/fasterxml/jackson/core/jackson-annotations/2.13.4/jackson-annotations-2.13.4.jar:/home/runner/.m2/repository/org/apache/ozone/hdds-annotation-processing/1.4.0-SNAPSHOT/hdds-annotation-processing-1.4.0-SNAPSHOT.jar:/home/runner/.m2/repository/javax/annotation/javax.annotation-api/1.2/javax.annotation-api-1.2.jar:/home/runner/.m2/repository/org/apache/ratis/ratis-netty/2.4.2-8b8bdda-SNAPSHOT/ratis-netty-2.4.2-8b8bdda-SNAPSHOT.jar:/home/runner/.m2/repository/org/apache/ratis/ratis-grpc/2.4.2-8b8bdda-SNAPSHOT/ratis-grpc-2.4.2-8b8bdda-SNAPSHOT.jar:/home/runner/.m2/repository/org/apache/logging/log4j/log4j-api/2.17.1/log4j-api-2.17.1.jar:/home/runner/.m2/repository/org/apache/commons/commons-pool2/2.6.0/commons-pool2-2.6.0.jar:/home/runner/.m2/repository/org/bouncycastle/bcpkix-jdk15on/1.67/bcpkix-jdk15on-1.67.jar:/home/runner/.m2/repository/commons-validator/commons-validator/1.6/commons-validator-1.6.jar:/home/runner/.m2/repository/commons-beanutils/commons-beanutils/1.9.4/commons-beanutils-1.9.4.jar:/home/runner/.m2/repository/commons-digester/commons-digester/1.8.1/commons-digester-1.8.1.jar:/home/runner/.m2/repository/commons-collections/commons-collections/3.2.2/commons-collections-3.2.2.jar:/home/runner/.m2/repository/io/jaegertracing/jaeger-client/1.6.0/jaeger-client-1.6.0.jar:/home/runner/.m2/repository/io/jaegertracing/jaeger-thrift/1.6.0/jaeger-thrift-1.6.0.jar:/home/runner/.m2/repository/org/apache/thrift/libthrift/0.14.1/libthrift-0.14.1.jar:/home/runner/.m2/repository/io/jaegertracing/jaeger-core/1.6.0/jaeger-core-1.6.0.jar:/home/runner/.m2/repository/io/jaegertracing/jaeger-tracerresolver/1.6.0/jaeger-tracerresolver-1.6.0.jar:/home/runner/.m2/repository/io/opentracing/contrib/opentracing-tracerresolver/0.1.8/opentracing-tracerresolver-0.1.8.jar:/home/runner/.m2/repository/org/jetbrains/kotlin/kotlin-stdlib/1.6.21/kotlin-stdlib-1.6.21.jar:/home/runner/.m2/repository/org/jetbrains/annotations/13.0/annotations-13.0.jar:/home/runner/.m2/repository/io/opentracing/opentracing-util/0.33.0/opentracing-util-0.33.0.jar:/home/runner/.m2/repository/io/opentracing/opentracing-api/0.33.0/opentracing-api-0.33.0.jar:/home/runner/.m2/repository/io/opentracing/opentracing-noop/0.33.0/opentracing-noop-0.33.0.jar:/home/runner/.m2/repository/org/yaml/snakeyaml/2.0/snakeyaml-2.0.jar:/home/runner/.m2/repository/junit/junit/4.13.1/junit-4.13.1.jar:/home/runner/.m2/repository/org/hamcrest/hamcrest-core/1.3/hamcrest-core-1.3.jar:/home/runner/.m2/repository/org/junit/jupiter/junit-jupiter-api/5.8.2/junit-jupiter-api-5.8.2.jar:/home/runner/.m2/repository/org/opentest4j/opentest4j/1.2.0/opentest4j-1.2.0.jar:/home/runner/.m2/repository/org/junit/platform/junit-platform-commons/1.8.2/junit-platform-commons-1.8.2.jar:/home/runner/.m2/repository/org/apiguardian/apiguardian-api/1.1.2/apiguardian-api-1.1.2.jar:/home/runner/.m2/repository/org/junit/jupiter/junit-jupiter-params/5.8.2/junit-jupiter-params-5.8.2.jar:/home/runner/.m2/repository/org/junit/jupiter/junit-jupiter-migrationsupport/5.8.2/junit-jupiter-migrationsupport-5.8.2.jar:/home/runner/.m2/repository/org/junit/jupiter/junit-jupiter-engine/5.8.2/junit-jupiter-engine-5.8.2.jar:/home/runner/.m2/repository/org/junit/platform/junit-platform-engine/1.8.2/junit-platform-engine-1.8.2.jar:/home/runner/.m2/repository/org/junit/vintage/junit-vintage-engine/5.8.2/junit-vintage-engine-5.8.2.jar:/home/runner/.m2/repository/org/junit/platform/junit-platform-launcher/1.8.2/junit-platform-launcher-1.8.2.jar:/home/runner/.m2/repository/org/mockito/mockito-core/2.28.2/mockito-core-2.28.2.jar:/home/runner/.m2/repository/net/bytebuddy/byte-buddy/1.9.10/byte-buddy-1.9.10.jar:/home/runner/.m2/repository/net/bytebuddy/byte-buddy-agent/1.9.10/byte-buddy-agent-1.9.10.jar:/home/runner/.m2/repository/org/objenesis/objenesis/1.0/objenesis-1.0.jar:/home/runner/.m2/repository/org/apache/hadoop/hadoop-kms/3.3.5/hadoop-kms-3.3.5.jar:/home/runner/.m2/repository/org/apache/hadoop/hadoop-auth/3.3.5/hadoop-auth-3.3.5.jar:/home/runner/.m2/repository/com/nimbusds/nimbus-jose-jwt/9.8.1/nimbus-jose-jwt-9.8.1.jar:/home/runner/.m2/repository/com/github/stephenc/jcip/jcip-annotations/1.0-1/jcip-annotations-1.0-1.jar:/home/runner/.m2/repository/net/minidev/json-smart/2.4.7/json-smart-2.4.7.jar:/home/runner/.m2/repository/net/minidev/accessors-smart/2.4.7/accessors-smart-2.4.7.jar:/home/runner/.m2/repository/org/ow2/asm/asm/5.0.4/asm-5.0.4.jar:/home/runner/.m2/repository/org/apache/zookeeper/zookeeper/3.5.6/zookeeper-3.5.6.jar:/home/runner/.m2/repository/org/apache/zookeeper/zookeeper-jute/3.5.6/zookeeper-jute-3.5.6.jar:/home/runner/.m2/repository/org/apache/yetus/audience-annotations/0.5.0/audience-annotations-0.5.0.jar:/home/runner/.m2/repository/org/apache/curator/curator-framework/4.2.0/curator-framework-4.2.0.jar:/home/runner/.m2/repository/org/apache/hadoop/thirdparty/hadoop-shaded-guava/1.1.1/hadoop-shaded-guava-1.1.1.jar:/home/runner/.m2/repository/com/sun/jersey/jersey-core/1.19/jersey-core-1.19.jar:/home/runner/.m2/repository/javax/ws/rs/jsr311-api/1.1.1/jsr311-api-1.1.1.jar:/home/runner/.m2/repository/com/sun/jersey/jersey-server/1.19/jersey-server-1.19.jar:/home/runner/.m2/repository/javax/servlet/javax.servlet-api/3.1.0/javax.servlet-api-3.1.0.jar:/home/runner/.m2/repository/org/apache/hadoop/hadoop-common/3.3.5/hadoop-common-3.3.5.jar:/home/runner/.m2/repository/org/apache/commons/commons-math3/3.1.1/commons-math3-3.1.1.jar:/home/runner/.m2/repository/commons-net/commons-net/3.9.0/commons-net-3.9.0.jar:/home/runner/.m2/repository/com/sun/jersey/jersey-servlet/1.19/jersey-servlet-1.19.jar:/home/runner/.m2/repository/com/github/pjfanning/jersey-json/1.20/jersey-json-1.20.jar:/home/runner/.m2/repository/org/codehaus/jettison/jettison/1.1/jettison-1.1.jar:/home/runner/.m2/repository/com/sun/xml/bind/jaxb-impl/2.2.3-1/jaxb-impl-2.2.3-1.jar:/home/runner/.m2/repository/com/google/re2j/re2j/1.1/re2j-1.1.jar:/home/runner/.m2/repository/com/jcraft/jsch/0.1.54/jsch-0.1.54.jar:/home/runner/.m2/repository/org/apache/curator/curator-client/4.2.0/curator-client-4.2.0.jar:/home/runner/.m2/repository/org/apache/curator/curator-recipes/4.2.0/curator-recipes-4.2.0.jar:/home/runner/.m2/repository/org/apache/kerby/kerb-core/1.0.1/kerb-core-1.0.1.jar:/home/runner/.m2/repository/org/apache/kerby/kerby-pkix/1.0.1/kerby-pkix-1.0.1.jar:/home/runner/.m2/repository/org/apache/kerby/kerby-asn1/1.0.1/kerby-asn1-1.0.1.jar:/home/runner/.m2/repository/org/apache/kerby/kerby-util/1.0.1/kerby-util-1.0.1.jar:/home/runner/.m2/repository/dnsjava/dnsjava/2.1.7/dnsjava-2.1.7.jar:/home/runner/.m2/repository/org/xerial/snappy/snappy-java/1.1.8.2/snappy-java-1.1.8.2.jar:/home/runner/.m2/repository/com/fasterxml/jackson/core/jackson-databind/2.13.4.2/jackson-databind-2.13.4.2.jar:/home/runner/.m2/repository/org/apache/hadoop/hadoop-kms/3.3.5/hadoop-kms-3.3.5-tests.jar:/home/runner/.m2/repository/org/apache/ozone/hdds-server-scm/1.4.0-SNAPSHOT/hdds-server-scm-1.4.0-SNAPSHOT-tests.jar:/home/runner/.m2/repository/org/apache/ozone/hdds-container-service/1.4.0-SNAPSHOT/hdds-container-service-1.4.0-SNAPSHOT-tests.jar:/home/runner/.m2/repository/com/github/luben/zstd-jni/1.5.2-5/zstd-jni-1.5.2-5.jar:/home/runner/.m2/repository/commons-codec/commons-codec/1.15/commons-codec-1.15.jar:/home/runner/.m2/repository/io/netty/netty-codec/4.1.86.Final/netty-codec-4.1.86.Final.jar:/home/runner/.m2/repository/io/netty/netty-handler/4.1.86.Final/netty-handler-4.1.86.Final.jar:/home/runner/.m2/repository/org/apache/ozone/hdds-hadoop-dependency-test/1.4.0-SNAPSHOT/hdds-hadoop-dependency-test-1.4.0-SNAPSHOT.jar:/home/runner/.m2/repository/org/apache/hadoop/hadoop-common/3.3.5/hadoop-common-3.3.5-tests.jar:/home/runner/.m2/repository/org/apache/hadoop/hadoop-hdfs/3.3.5/hadoop-hdfs-3.3.5-tests.jar:/home/runner/.m2/repository/org/assertj/assertj-core/3.12.2/assertj-core-3.12.2.jar:/home/runner/.m2/repository/org/apache/hadoop/hadoop-distcp/3.3.5/hadoop-distcp-3.3.5.jar:/home/runner/.m2/repository/org/apache/hadoop/hadoop-mapreduce-client-jobclient/3.3.5/hadoop-mapreduce-client-jobclient-3.3.5.jar:/home/runner/.m2/repository/org/apache/hadoop/hadoop-mapreduce-client-common/3.3.5/hadoop-mapreduce-client-common-3.3.5.jar:/home/runner/.m2/repository/org/apache/hadoop/hadoop-yarn-common/3.3.5/hadoop-yarn-common-3.3.5.jar:/home/runner/.m2/repository/org/apache/hadoop/hadoop-yarn-api/3.3.5/hadoop-yarn-api-3.3.5.jar:/home/runner/.m2/repository/com/sun/jersey/contribs/jersey-guice/1.19/jersey-guice-1.19.jar:/home/runner/.m2/repository/com/fasterxml/jackson/jaxrs/jackson-jaxrs-json-provider/2.13.4/jackson-jaxrs-json-provider-2.13.4.jar:/home/runner/.m2/repository/com/fasterxml/jackson/jaxrs/jackson-jaxrs-base/2.13.4/jackson-jaxrs-base-2.13.4.jar:/home/runner/.m2/repository/org/apache/hadoop/hadoop-yarn-client/3.3.5/hadoop-yarn-client-3.3.5.jar:/home/runner/.m2/repository/org/eclipse/jetty/websocket/websocket-client/9.4.48.v20220622/websocket-client-9.4.48.v20220622.jar:/home/runner/.m2/repository/org/eclipse/jetty/websocket/websocket-common/9.4.48.v20220622/websocket-common-9.4.48.v20220622.jar:/home/runner/.m2/repository/org/eclipse/jetty/websocket/websocket-api/9.4.48.v20220622/websocket-api-9.4.48.v20220622.jar:/home/runner/.m2/repository/org/jline/jline/3.9.0/jline-3.9.0.jar:/home/runner/.m2/repository/org/apache/hadoop/hadoop-mapreduce-client-core/3.3.5/hadoop-mapreduce-client-core-3.3.5.jar:/home/runner/.m2/repository/org/apache/avro/avro/1.7.7/avro-1.7.7.jar:/home/runner/.m2/repository/com/thoughtworks/paranamer/paranamer/2.3/paranamer-2.3.jar:/home/runner/.m2/repository/org/apache/hadoop/hadoop-annotations/3.3.5/hadoop-annotations-3.3.5.jar:/usr/lib/jvm/temurin-8-jdk-amd64/jre/../lib/tools.jar:/home/runner/.m2/repository/io/netty/netty/3.10.6.Final/netty-3.10.6.Final.jar:/home/runner/.m2/repository/org/apache/hadoop/hadoop-distcp/3.3.5/hadoop-distcp-3.3.5-tests.jar:/home/runner/.m2/repository/org/slf4j/jul-to-slf4j/1.7.36/jul-to-slf4j-1.7.36.jar:"/>
    <property name="sun.cpu.endian" value="little"/>
    <property name="user.home" value="/home/runner"/>
    <property name="user.language" value="en"/>
    <property name="java.specification.vendor" value="Oracle Corporation"/>
    <property name="java.home" value="/usr/lib/jvm/temurin-8-jdk-amd64/jre"/>
    <property name="java.security.krb5.conf" value="/home/runner/work/ozone/ozone/hadoop-ozone/integration-test/target/test-classes/krb5.conf"/>
    <property name="basedir" value="/home/runner/work/ozone/ozone/hadoop-ozone/integration-test"/>
    <property name="file.separator" value="/"/>
    <property name="line.separator" value="&#10;"/>
    <property name="java.vm.specification.vendor" value="Oracle Corporation"/>
    <property name="java.specification.name" value="Java Platform API Specification"/>
    <property name="java.awt.graphicsenv" value="sun.awt.X11GraphicsEnvironment"/>
    <property name="skip.installnpx" value="true"/>
    <property name="surefire.real.class.path" value="/home/runner/work/ozone/ozone/hadoop-ozone/integration-test/target/surefire/surefirebooter7053180388525834180.jar:/home/runner/.m2/repository/org/jacoco/org.jacoco.agent/0.8.5/org.jacoco.agent-0.8.5-runtime.jar"/>
    <property name="hadoop.log.dir" value="/home/runner/work/ozone/ozone/hadoop-ozone/integration-test/target/log"/>
    <property name="sun.boot.class.path" value="/usr/lib/jvm/temurin-8-jdk-amd64/jre/lib/resources.jar:/usr/lib/jvm/temurin-8-jdk-amd64/jre/lib/rt.jar:/usr/lib/jvm/temurin-8-jdk-amd64/jre/lib/sunrsasign.jar:/usr/lib/jvm/temurin-8-jdk-amd64/jre/lib/jsse.jar:/usr/lib/jvm/temurin-8-jdk-amd64/jre/lib/jce.jar:/usr/lib/jvm/temurin-8-jdk-amd64/jre/lib/charsets.jar:/usr/lib/jvm/temurin-8-jdk-amd64/jre/lib/jfr.jar:/usr/lib/jvm/temurin-8-jdk-amd64/jre/classes"/>
    <property name="sun.management.compiler" value="HotSpot 64-Bit Tiered Compilers"/>
    <property name="skip.npx" value="true"/>
    <property name="java.runtime.version" value="1.8.0_362-b09"/>
    <property name="java.net.preferIPv4Stack" value="true"/>
    <property name="user.name" value="runner"/>
    <property name="path.separator" value=":"/>
    <property name="java.security.egd" value="file:///dev/urandom"/>
    <property name="os.version" value="5.15.0-1035-azure"/>
    <property name="java.endorsed.dirs" value="/usr/lib/jvm/temurin-8-jdk-amd64/jre/lib/endorsed"/>
    <property name="java.runtime.name" value="OpenJDK Runtime Environment"/>
    <property name="file.encoding" value="UTF-8"/>
    <property name="java.vm.name" value="OpenJDK 64-Bit Server VM"/>
    <property name="test.build.webapps" value=""/>
    <property name="localRepository" value="/home/runner/.m2/repository"/>
    <property name="jetty.git.hash" value="4231a3b2e4cb8548a412a789936d640a97b1aa0a"/>
    <property name="java.vendor.url.bug" value="https://github.com/adoptium/adoptium-support/issues"/>
    <property name="java.io.tmpdir" value="/tmp"/>
    <property name="require.test.libhadoop" value=""/>
    <property name="java.version" value="1.8.0_362"/>
    <property name="user.dir" value="/home/runner/work/ozone/ozone/hadoop-ozone/integration-test"/>
    <property name="os.arch" value="amd64"/>
    <property name="java.vm.specification.name" value="Java Virtual Machine Specification"/>
    <property name="test.build.classes" value="/home/runner/work/ozone/ozone/hadoop-ozone/integration-test/target/test-classes"/>
    <property name="java.awt.printerjob" value="sun.print.PSPrinterJob"/>
    <property name="sun.os.patch.level" value="unknown"/>
    <property name="org.apache.ratis.thirdparty.io.netty.allocator.useCacheForAllThreads" value="false"/>
    <property name="hadoop.tmp.dir" value="/home/runner/work/ozone/ozone/hadoop-ozone/integration-test/target/tmp"/>
    <property name="java.library.path" value="/usr/java/packages/lib/amd64:/usr/lib64:/lib64:/lib:/usr/lib"/>
    <property name="java.vm.info" value="mixed mode"/>
    <property name="java.vendor" value="Temurin"/>
    <property name="java.vm.version" value="25.362-b09"/>
    <property name="java.specification.maintenance.version" value="4"/>
    <property name="java.ext.dirs" value="/usr/lib/jvm/temurin-8-jdk-amd64/jre/lib/ext:/usr/java/packages/lib/ext"/>
    <property name="sun.io.unicode.encoding" value="UnicodeLittle"/>
    <property name="java.class.version" value="52.0"/>
  </properties>
  <testcase name="testDeleteEmptyDirectory" classname="org.apache.hadoop.fs.ozone.TestDirectoryDeletingServiceWithFSO" time="2.195">
    <system-out><![CDATA[2023-04-18 19:34:32,359 [main] WARN  server.ServerUtils (ServerUtils.java:getScmDbDir(148)) - ozone.scm.db.dirs is not configured. We recommend adding this setting. Falling back to ozone.metadata.dirs instead.
2023-04-18 19:34:32,494 [main] WARN  server.ServerUtils (ServerUtils.java:getScmDbDir(148)) - ozone.scm.db.dirs is not configured. We recommend adding this setting. Falling back to ozone.metadata.dirs instead.
2023-04-18 19:34:32,498 [main] INFO  ha.SCMHANodeDetails (SCMHANodeDetails.java:loadSCMHAConfig(209)) - ServiceID for StorageContainerManager is null
2023-04-18 19:34:32,504 [main] WARN  ha.SCMHANodeDetails (SCMHANodeDetails.java:validateSCMHAConfig(182)) - Invalid config ozone.scm.ratis.enable. The config was not specified, but the default value true conflicts with the expected config value false. Falling back to the expected value. Current State of SCM: SCM is running in Non-HA without Ratis Ratis SCM -> Non Ratis SCM or Non HA SCM -> HA SCM is not supported
2023-04-18 19:34:32,504 [main] INFO  ha.SCMHANodeDetails (SCMHANodeDetails.java:loadSCMHAConfig(214)) - ozone.scm.default.service.id is not defined, falling back to ozone.scm.service.ids to find serviceID for StorageContainerManager if it is HA enabled cluster
2023-04-18 19:34:32,983 [main] WARN  utils.HAUtils (HAUtils.java:getMetaDir(342)) - ozone.scm.db.dirs is not configured. We recommend adding this setting. Falling back to ozone.metadata.dirs instead.
2023-04-18 19:34:33,179 [main] WARN  db.DBStoreBuilder (DBStoreBuilder.java:applyDBDefinition(182)) - ozone.scm.db.dirs is not configured. We recommend adding this setting. Falling back to ozone.metadata.dirs instead.
2023-04-18 19:34:33,372 [main] INFO  net.NodeSchemaLoader (NodeSchemaLoader.java:loadSchemaFromFile(129)) - Loading schema from [jar:file:/home/runner/.m2/repository/org/apache/ozone/hdds-common/1.4.0-SNAPSHOT/hdds-common-1.4.0-SNAPSHOT.jar!/network-topology-default.xml]
2023-04-18 19:34:33,374 [main] INFO  net.NodeSchemaLoader (NodeSchemaLoader.java:loadSchema(176)) - Loading network topology layer schema file
2023-04-18 19:34:33,412 [main] INFO  metrics.MetricRegistries (MetricRegistriesLoader.java:load(64)) - Loaded MetricRegistries class org.apache.ratis.metrics.impl.MetricRegistriesImpl
2023-04-18 19:34:33,419 [main] INFO  upgrade.AbstractLayoutVersionManager (AbstractLayoutVersionManager.java:init(83)) - Initializing Layout version manager with metadata layout = WEBUI_PORTS_IN_DATANODEDETAILS (version = 6), software layout = WEBUI_PORTS_IN_DATANODEDETAILS (version = 6)
2023-04-18 19:34:33,631 [main] INFO  reflections.Reflections (Reflections.java:scan(232)) - Reflections took 154 ms to scan 7 urls, producing 156 keys and 369 values 
2023-04-18 19:34:33,724 [main] INFO  ha.SequenceIdGenerator (SequenceIdGenerator.java:upgradeToSequenceId(349)) - upgrade localId to 111677748019200000
2023-04-18 19:34:33,724 [main] INFO  ha.SequenceIdGenerator (SequenceIdGenerator.java:upgradeToSequenceId(359)) - upgrade delTxnId to 0
2023-04-18 19:34:33,727 [main] INFO  ha.SequenceIdGenerator (SequenceIdGenerator.java:upgradeToSequenceId(376)) - upgrade containerId to 0
2023-04-18 19:34:33,730 [main] INFO  ha.SequenceIdGenerator (SequenceIdGenerator.java:<init>(220)) - Init the HA SequenceIdGenerator.
2023-04-18 19:34:33,790 [main] WARN  server.ServerUtils (ServerUtils.java:sanitizeUserArgs(73)) - ozone.scm.stale.node.interval value = 300000 is larger than max = 100000 based on the key value of ozone.scm.heartbeat.thread.interval, reset to the max value 100000.
2023-04-18 19:34:33,791 [main] WARN  server.ServerUtils (ServerUtils.java:sanitizeUserArgs(73)) - ozone.scm.stale.node.interval value = 300000 is larger than max = 100000 based on the key value of ozone.scm.heartbeat.thread.interval, reset to the max value 100000.
2023-04-18 19:34:33,797 [main] INFO  node.SCMNodeManager (SCMNodeManager.java:<init>(156)) - Entering startup safe mode.
2023-04-18 19:34:33,812 [main] INFO  algorithms.ContainerPlacementPolicyFactory (ContainerPlacementPolicyFactory.java:getPolicyInternal(86)) - Create container placement policy of type org.apache.hadoop.hdds.scm.container.placement.algorithms.SCMContainerPlacementRackAware
2023-04-18 19:34:33,815 [main] INFO  algorithms.ContainerPlacementPolicyFactory (ContainerPlacementPolicyFactory.java:getPolicyInternal(86)) - Create container placement policy of type org.apache.hadoop.hdds.scm.container.placement.algorithms.SCMContainerPlacementRackScatter
2023-04-18 19:34:33,824 [main] INFO  pipeline.PipelineStateManagerImpl (PipelineStateManagerImpl.java:initialize(78)) - No pipeline exists in current db
2023-04-18 19:34:33,856 [main] INFO  algorithms.LeaderChoosePolicyFactory (LeaderChoosePolicyFactory.java:getPolicy(57)) - Create leader choose policy of type org.apache.hadoop.hdds.scm.pipeline.leader.choose.algorithms.MinLeaderCountChoosePolicy
2023-04-18 19:34:33,856 [main] INFO  algorithms.ContainerPlacementPolicyFactory (ContainerPlacementPolicyFactory.java:getPolicyInternal(86)) - Create container placement policy of type org.apache.hadoop.hdds.scm.container.placement.algorithms.SCMContainerPlacementRackScatter
2023-04-18 19:34:33,862 [main] INFO  ha.SCMServiceManager (SCMServiceManager.java:register(42)) - Registering service BackgroundPipelineCreator.
2023-04-18 19:34:33,862 [main] INFO  pipeline.BackgroundPipelineCreator (BackgroundPipelineCreator.java:start(124)) - Starting RatisPipelineUtilsThread.
2023-04-18 19:34:33,866 [main] INFO  BackgroundPipelineScrubber (BackgroundSCMService.java:start(68)) - Starting BackgroundPipelineScrubber Service.
2023-04-18 19:34:33,867 [main] INFO  ha.SCMServiceManager (SCMServiceManager.java:register(42)) - Registering service BackgroundPipelineScrubber.
2023-04-18 19:34:33,874 [main] INFO  ExpiredContainerReplicaOpScrubber (BackgroundSCMService.java:start(68)) - Starting ExpiredContainerReplicaOpScrubber Service.
2023-04-18 19:34:33,878 [main] INFO  ha.SCMServiceManager (SCMServiceManager.java:register(42)) - Registering service ExpiredContainerReplicaOpScrubber.
2023-04-18 19:34:33,926 [main] INFO  algorithms.PipelineChoosePolicyFactory (PipelineChoosePolicyFactory.java:createPipelineChoosePolicyFromClass(73)) - Create pipeline choose policy of type org.apache.hadoop.hdds.scm.pipeline.choose.algorithms.RandomPipelineChoosePolicy
2023-04-18 19:34:33,951 [main] INFO  ha.SCMServiceManager (SCMServiceManager.java:register(42)) - Registering service SCMBlockDeletingService.
2023-04-18 19:34:34,015 [main] INFO  replication.ReplicationManager (ReplicationManager.java:start(288)) - Starting Replication Monitor Thread.
2023-04-18 19:34:34,023 [main] INFO  ha.SCMServiceManager (SCMServiceManager.java:register(42)) - Registering service ReplicationManager.
2023-04-18 19:34:34,027 [ReplicationMonitor] INFO  replication.ReplicationManager (ReplicationManager.java:processAll(363)) - Replication Manager is not ready to run until 3000ms after safemode exit
2023-04-18 19:34:34,033 [main] INFO  safemode.ContainerSafeModeRule (ContainerSafeModeRule.java:<init>(89)) - containers with one replica threshold count 0
2023-04-18 19:34:34,041 [main] INFO  safemode.HealthyPipelineSafeModeRule (HealthyPipelineSafeModeRule.java:initializeRule(169)) - Total pipeline count is 0, healthy pipeline threshold count is 1
2023-04-18 19:34:34,043 [main] INFO  safemode.OneReplicaPipelineSafeModeRule (OneReplicaPipelineSafeModeRule.java:initializeRule(180)) - Total pipeline count is 0, pipeline's with at least one datanode reported threshold count is 0
2023-04-18 19:34:34,091 [main] INFO  server.StorageContainerManager (StorageContainerManager.java:<init>(403)) - SCM start with adminUsers: [runner]
2023-04-18 19:34:34,358 [main] INFO  audit.AuditLogger (AuditLogger.java:refreshDebugCmdSet(126)) - Refresh DebugCmdSet for SCMAudit to [].
2023-04-18 19:34:34,389 [main] INFO  ipc.CallQueueManager (CallQueueManager.java:<init>(90)) - Using callQueue: class java.util.concurrent.LinkedBlockingQueue, queueCapacity: 2000, scheduler: class org.apache.hadoop.ipc.DefaultRpcScheduler, ipcBackoff: false.
2023-04-18 19:34:34,428 [Socket Reader #1 for port 0] INFO  ipc.Server (Server.java:run(1319)) - Starting Socket Reader #1 for port 0
2023-04-18 19:34:34,494 [Listener at 0.0.0.0/37905] INFO  audit.AuditLogger (AuditLogger.java:refreshDebugCmdSet(126)) - Refresh DebugCmdSet for SCMAudit to [].
2023-04-18 19:34:34,500 [Listener at 0.0.0.0/37905] INFO  ipc.CallQueueManager (CallQueueManager.java:<init>(90)) - Using callQueue: class java.util.concurrent.LinkedBlockingQueue, queueCapacity: 2000, scheduler: class org.apache.hadoop.ipc.DefaultRpcScheduler, ipcBackoff: false.
2023-04-18 19:34:34,504 [Socket Reader #1 for port 0] INFO  ipc.Server (Server.java:run(1319)) - Starting Socket Reader #1 for port 0
2023-04-18 19:34:34,548 [Listener at 0.0.0.0/36703] INFO  audit.AuditLogger (AuditLogger.java:refreshDebugCmdSet(126)) - Refresh DebugCmdSet for SCMAudit to [].
2023-04-18 19:34:34,561 [Listener at 0.0.0.0/36703] INFO  ipc.CallQueueManager (CallQueueManager.java:<init>(90)) - Using callQueue: class java.util.concurrent.LinkedBlockingQueue, queueCapacity: 2000, scheduler: class org.apache.hadoop.ipc.DefaultRpcScheduler, ipcBackoff: false.
2023-04-18 19:34:34,564 [Socket Reader #1 for port 0] INFO  ipc.Server (Server.java:run(1319)) - Starting Socket Reader #1 for port 0
2023-04-18 19:34:34,682 [Listener at 0.0.0.0/36647] INFO  ha.SCMServiceManager (SCMServiceManager.java:register(42)) - Registering service ContainerBalancer.
2023-04-18 19:34:34,683 [Listener at 0.0.0.0/36647] INFO  server.StorageContainerManager (StorageContainerManager.java:<init>(420)) - 
Container Balancer status:
Key                            Value
Running                        false
Container Balancer Configuration values:
Key                                                Value
Threshold                                          10
Max Datanodes to Involve per Iteration(percent)    20
Max Size to Move per Iteration                     500GB
Max Size Entering Target per Iteration             26GB
Max Size Leaving Source per Iteration              26GB

2023-04-18 19:34:34,684 [Listener at 0.0.0.0/36647] INFO  ha.SCMContext (SCMContext.java:updateSafeModeStatus(228)) - Update SafeModeStatus from SafeModeStatus{safeModeStatus=true, preCheckPassed=false} to SafeModeStatus{safeModeStatus=true, preCheckPassed=false}.
2023-04-18 19:34:34,692 [Listener at 0.0.0.0/36647] INFO  server.StorageContainerManager (StorageContainerManager.java:start(1477)) - StorageContainerLocationProtocol RPC server is listening at /0.0.0.0:36647
2023-04-18 19:34:34,755 [Listener at 0.0.0.0/36647] WARN  impl.MetricsConfig (MetricsConfig.java:loadFirst(136)) - Cannot locate configuration: tried hadoop-metrics2-storagecontainermanager.properties,hadoop-metrics2.properties
2023-04-18 19:34:34,767 [Listener at 0.0.0.0/36647] INFO  impl.MetricsSystemImpl (MetricsSystemImpl.java:startTimer(378)) - Scheduled Metric snapshot period at 10 second(s).
2023-04-18 19:34:34,768 [Listener at 0.0.0.0/36647] INFO  impl.MetricsSystemImpl (MetricsSystemImpl.java:start(191)) - StorageContainerManager metrics system started
2023-04-18 19:34:35,036 [Listener at 0.0.0.0/36647] INFO  server.SCMClientProtocolServer (SCMClientProtocolServer.java:start(197)) - RPC server for Client  is listening at /0.0.0.0:36647
2023-04-18 19:34:35,037 [IPC Server Responder] INFO  ipc.Server (Server.java:run(1558)) - IPC Server Responder: starting
2023-04-18 19:34:35,041 [IPC Server listener on 0] INFO  ipc.Server (Server.java:run(1398)) - IPC Server listener on 0: starting
2023-04-18 19:34:35,044 [Listener at 0.0.0.0/36647] INFO  server.StorageContainerManager (StorageContainerManager.java:start(1491)) - ScmBlockLocationProtocol RPC server is listening at /0.0.0.0:36703
2023-04-18 19:34:35,045 [Listener at 0.0.0.0/36647] INFO  server.SCMBlockProtocolServer (SCMBlockProtocolServer.java:start(152)) - RPC server for Block Protocol is listening at /0.0.0.0:36703
2023-04-18 19:34:35,046 [IPC Server Responder] INFO  ipc.Server (Server.java:run(1558)) - IPC Server Responder: starting
2023-04-18 19:34:35,046 [IPC Server listener on 0] INFO  ipc.Server (Server.java:run(1398)) - IPC Server listener on 0: starting
2023-04-18 19:34:35,049 [Listener at 0.0.0.0/36647] INFO  server.SCMDatanodeProtocolServer (SCMDatanodeProtocolServer.java:start(193)) - ScmDatanodeProtocol RPC server for DataNodes is listening at /0.0.0.0:37905
2023-04-18 19:34:35,049 [IPC Server Responder] INFO  ipc.Server (Server.java:run(1558)) - IPC Server Responder: starting
2023-04-18 19:34:35,050 [IPC Server listener on 0] INFO  ipc.Server (Server.java:run(1398)) - IPC Server listener on 0: starting
2023-04-18 19:34:35,074 [org.apache.hadoop.util.JvmPauseMonitor$Monitor@279e85eb] INFO  util.JvmPauseMonitor (JvmPauseMonitor.java:run(188)) - Starting JVM pause monitor
2023-04-18 19:34:35,079 [Listener at 0.0.0.0/36647] INFO  http.BaseHttpServer (BaseHttpServer.java:newHttpServer2BuilderForOzone(224)) - Starting Web-server for scm at: http://0.0.0.0:0
2023-04-18 19:34:35,079 [Listener at 0.0.0.0/36647] INFO  http.BaseHttpServer (BaseHttpServer.java:<init>(111)) - Hadoop Security Enabled: false Ozone Security Enabled: false Ozone HTTP Security Enabled: false 
2023-04-18 19:34:35,104 [Listener at 0.0.0.0/36647] INFO  util.log (Log.java:initialized(170)) - Logging initialized @4099ms to org.eclipse.jetty.util.log.Slf4jLog
2023-04-18 19:34:35,199 [Listener at 0.0.0.0/36647] WARN  server.AuthenticationFilter (AuthenticationFilter.java:constructSecretProvider(240)) - Unable to initialize FileSignerSecretProvider, falling back to use random secrets. Reason: Could not read signature secret file: /home/runner/hadoop-http-auth-signature-secret
2023-04-18 19:34:35,205 [Listener at 0.0.0.0/36647] INFO  http.HttpRequestLog (HttpRequestLog.java:getRequestLog(86)) - Http request log for http.requests.scm is not defined
2023-04-18 19:34:35,211 [Listener at 0.0.0.0/36647] INFO  http.HttpServer2 (HttpServer2.java:addGlobalFilter(1031)) - Added global filter 'safety' (class=org.apache.hadoop.hdds.server.http.HttpServer2$QuotingInputFilter)
2023-04-18 19:34:35,214 [Listener at 0.0.0.0/36647] INFO  http.HttpServer2 (HttpServer2.java:addFilter(1007)) - Added filter static_user_filter (class=org.apache.hadoop.http.lib.StaticUserWebFilter$StaticUserFilter) to context scm
2023-04-18 19:34:35,214 [Listener at 0.0.0.0/36647] INFO  http.HttpServer2 (HttpServer2.java:addFilter(1015)) - Added filter static_user_filter (class=org.apache.hadoop.http.lib.StaticUserWebFilter$StaticUserFilter) to context logs
2023-04-18 19:34:35,214 [Listener at 0.0.0.0/36647] INFO  http.HttpServer2 (HttpServer2.java:addFilter(1015)) - Added filter static_user_filter (class=org.apache.hadoop.http.lib.StaticUserWebFilter$StaticUserFilter) to context static
2023-04-18 19:34:35,249 [Listener at 0.0.0.0/36647] INFO  http.BaseHttpServer (BaseHttpServer.java:<init>(190)) - HTTP server of scm uses base directory /home/runner/work/ozone/ozone/hadoop-ozone/integration-test/target/test-dir/MiniOzoneClusterImpl-184ce46c-7709-4843-8010-c45aadaa38f8/ozone-meta/webserver
2023-04-18 19:34:35,250 [Listener at 0.0.0.0/36647] INFO  http.HttpServer2 (HttpServer2.java:bindListener(1250)) - Jetty bound to port 36027
2023-04-18 19:34:35,252 [Listener at 0.0.0.0/36647] INFO  server.Server (Server.java:doStart(375)) - jetty-9.4.49.v20220914; built: 2022-09-14T01:07:36.601Z; git: 4231a3b2e4cb8548a412a789936d640a97b1aa0a; jvm 1.8.0_362-b09
2023-04-18 19:34:35,286 [Listener at 0.0.0.0/36647] INFO  server.session (DefaultSessionIdManager.java:doStart(334)) - DefaultSessionIdManager workerName=node0
2023-04-18 19:34:35,287 [Listener at 0.0.0.0/36647] INFO  server.session (DefaultSessionIdManager.java:doStart(339)) - No SessionScavenger set, using defaults
2023-04-18 19:34:35,288 [Listener at 0.0.0.0/36647] INFO  server.session (HouseKeeper.java:startScavenging(132)) - node0 Scavenging every 660000ms
2023-04-18 19:34:35,300 [Listener at 0.0.0.0/36647] INFO  handler.ContextHandler (ContextHandler.java:doStart(921)) - Started o.e.j.s.ServletContextHandler@1aba8978{logs,/logs,file:///home/runner/work/ozone/ozone/hadoop-ozone/integration-test/target/log,AVAILABLE}
2023-04-18 19:34:35,300 [Listener at 0.0.0.0/36647] INFO  handler.ContextHandler (ContextHandler.java:doStart(921)) - Started o.e.j.s.ServletContextHandler@2c1a0f82{static,/static,file:///home/runner/work/ozone/ozone/hadoop-ozone/integration-test/target/test-classes/webapps/static,AVAILABLE}
2023-04-18 19:34:35,349 [Listener at 0.0.0.0/36647] INFO  handler.ContextHandler (ContextHandler.java:doStart(921)) - Started o.e.j.w.WebAppContext@12bb8943{scm,/,file:///home/runner/work/ozone/ozone/hadoop-ozone/integration-test/target/test-classes/webapps/scm/,AVAILABLE}{file:/home/runner/work/ozone/ozone/hadoop-ozone/integration-test/target/test-classes/webapps/scm}
2023-04-18 19:34:35,356 [Listener at 0.0.0.0/36647] INFO  server.AbstractConnector (AbstractConnector.java:doStart(333)) - Started ServerConnector@22e650e{HTTP/1.1, (http/1.1)}{0.0.0.0:36027}
2023-04-18 19:34:35,357 [Listener at 0.0.0.0/36647] INFO  server.Server (Server.java:doStart(415)) - Started @4351ms
2023-04-18 19:34:35,359 [Listener at 0.0.0.0/36647] INFO  impl.MetricsSinkAdapter (MetricsSinkAdapter.java:start(204)) - Sink prometheus started
2023-04-18 19:34:35,360 [Listener at 0.0.0.0/36647] INFO  impl.MetricsSystemImpl (MetricsSystemImpl.java:registerSink(305)) - Registered sink prometheus
2023-04-18 19:34:35,361 [Listener at 0.0.0.0/36647] INFO  http.BaseHttpServer (BaseHttpServer.java:updateConnectorAddress(344)) - HTTP server of scm listening at http://0.0.0.0:36027
2023-04-18 19:34:35,364 [Listener at 0.0.0.0/36647] WARN  server.ServerUtils (ServerUtils.java:getDBPath(225)) - ozone.om.db.dirs is not configured. We recommend adding this setting. Falling back to ozone.metadata.dirs instead.
2023-04-18 19:34:35,423 [Listener at 0.0.0.0/36647] INFO  audit.AuditLogger (AuditLogger.java:refreshDebugCmdSet(126)) - Refresh DebugCmdSet for OMAudit to [].
2023-04-18 19:34:35,499 [Listener at 0.0.0.0/36647] INFO  ha.OMHANodeDetails (OMHANodeDetails.java:loadOMHAConfig(115)) - ozone.om.internal.service.id is not defined, falling back to ozone.om.service.ids to find serviceID for OzoneManager if it is HA enabled cluster
2023-04-18 19:34:35,502 [Listener at 0.0.0.0/36647] INFO  ha.OMHANodeDetails (OMHANodeDetails.java:loadOMHAConfig(226)) - Configuration does not have ozone.om.address set. Falling back to the default OM address /127.0.0.1:0
2023-04-18 19:34:35,503 [Listener at 0.0.0.0/36647] INFO  ha.OMHANodeDetails (OMHANodeDetails.java:getOMNodeDetailsForNonHA(254)) - OM Service ID is not set. Setting it to the default ID: omServiceIdDefault
2023-04-18 19:34:35,503 [Listener at 0.0.0.0/36647] INFO  ha.OMHANodeDetails (OMHANodeDetails.java:getOMNodeDetailsForNonHA(261)) - OM Node ID is not set. Setting it to the default ID: om1
2023-04-18 19:34:35,506 [Listener at 0.0.0.0/36647] WARN  server.ServerUtils (ServerUtils.java:getDBPath(225)) - ozone.om.db.dirs is not configured. We recommend adding this setting. Falling back to ozone.metadata.dirs instead.
2023-04-18 19:34:35,510 [Listener at 0.0.0.0/36647] INFO  upgrade.AbstractLayoutVersionManager (AbstractLayoutVersionManager.java:init(83)) - Initializing Layout version manager with metadata layout = HSYNC (version = 4), software layout = HSYNC (version = 4)
2023-04-18 19:34:35,593 [Listener at 0.0.0.0/36647] INFO  reflections.Reflections (Reflections.java:scan(232)) - Reflections took 79 ms to scan 2 urls, producing 171 keys and 475 values [using 2 cores]
2023-04-18 19:34:35,597 [Listener at 0.0.0.0/36647] INFO  upgrade.OMLayoutVersionManager (OMLayoutVersionManager.java:lambda$0(115)) - Skipping Upgrade Action MockOmUpgradeAction since it has been finalized.
2023-04-18 19:34:35,599 [Listener at 0.0.0.0/36647] WARN  server.ServerUtils (ServerUtils.java:getDBPath(225)) - ozone.om.db.dirs is not configured. We recommend adding this setting. Falling back to ozone.metadata.dirs instead.
2023-04-18 19:34:35,743 [Listener at 0.0.0.0/36647] INFO  proxy.SCMBlockLocationFailoverProxyProvider (SCMBlockLocationFailoverProxyProvider.java:<init>(114)) - Created block location fail-over proxy with 1 nodes: [nodeId=scmNodeId,nodeAddress=/0.0.0.0:36703]
2023-04-18 19:34:35,776 [Listener at 0.0.0.0/36647] INFO  proxy.SCMBlockLocationFailoverProxyProvider (SCMBlockLocationFailoverProxyProvider.java:<init>(114)) - Created block location fail-over proxy with 1 nodes: [nodeId=scmNodeId,nodeAddress=/0.0.0.0:36703]
2023-04-18 19:34:35,974 [Listener at 0.0.0.0/36647] INFO  om.OzoneManager (OzoneManager.java:<init>(627)) - OM start with adminUsers: [runner]
2023-04-18 19:34:35,985 [Listener at 0.0.0.0/36647] WARN  server.ServerUtils (ServerUtils.java:getDBPath(225)) - ozone.om.db.dirs is not configured. We recommend adding this setting. Falling back to ozone.metadata.dirs instead.
2023-04-18 19:34:35,993 [Listener at 0.0.0.0/36647] INFO  codec.OmKeyInfoCodec (OmKeyInfoCodec.java:<init>(49)) - OmKeyInfoCodec ignorePipeline = true
2023-04-18 19:34:35,994 [Listener at 0.0.0.0/36647] INFO  codec.RepeatedOmKeyInfoCodec (RepeatedOmKeyInfoCodec.java:<init>(41)) - RepeatedOmKeyInfoCodec ignorePipeline = true
2023-04-18 19:34:36,231 [Listener at 0.0.0.0/36647] INFO  om.OzoneManager (OzoneManager.java:instantiateServices(757)) - S3 Multi-Tenancy is disabled
2023-04-18 19:34:36,260 [Listener at 0.0.0.0/36647] WARN  server.ServerUtils (ServerUtils.java:getDBPath(225)) - ozone.om.snapshot.diff.db.dir is not configured. We recommend adding this setting. Falling back to ozone.metadata.dirs instead.
2023-04-18 19:34:36,357 [Listener at 0.0.0.0/36647] INFO  om.OzoneManager (OzoneManager.java:addS3GVolumeToDB(4257)) - Created Volume s3v With Owner runner required for S3Gateway operations.
2023-04-18 19:34:36,422 [Listener at 0.0.0.0/36647] WARN  server.ServerUtils (ServerUtils.java:getDefaultRatisDirectory(237)) - Storage directory for Ratis is not configured. It is a good idea to map this to an SSD disk. Falling back to ozone.metadata.dirs
2023-04-18 19:34:36,423 [Listener at 0.0.0.0/36647] WARN  utils.OzoneManagerRatisUtils (OzoneManagerRatisUtils.java:getOMRatisSnapshotDirectory(459)) - ozone.om.ratis.snapshot.dir is not configured. Falling back to ozone.metadata.dirs config
2023-04-18 19:34:36,443 [Listener at 0.0.0.0/36647] WARN  server.ServerUtils (ServerUtils.java:getDefaultRatisDirectory(237)) - Storage directory for Ratis is not configured. It is a good idea to map this to an SSD disk. Falling back to ozone.metadata.dirs
2023-04-18 19:34:36,484 [Listener at 0.0.0.0/36647] INFO  ratis.OzoneManagerRatisServer (OzoneManagerRatisServer.java:<init>(163)) - Instantiating OM Ratis server with groupID: omServiceIdDefault and peers: localhost:9872
2023-04-18 19:34:36,498 [Listener at 0.0.0.0/36647] INFO  ratis.OzoneManagerStateMachine (OzoneManagerStateMachine.java:loadSnapshotInfoFromDB(644)) - LastAppliedIndex is set from TransactionInfo from OM DB as (t:0, i:~)
2023-04-18 19:34:36,555 [Listener at 0.0.0.0/36647] INFO  server.RaftServer (ConfUtils.java:logGet(46)) - raft.rpc.type = GRPC (default)
2023-04-18 19:34:36,624 [Listener at 0.0.0.0/36647] INFO  grpc.GrpcConfigKeys (ConfUtils.java:logFallback(53)) - raft.grpc.admin.host = null (fallback to raft.grpc.server.host)
2023-04-18 19:34:36,625 [Listener at 0.0.0.0/36647] INFO  grpc.GrpcConfigKeys (ConfUtils.java:logFallback(53)) - raft.grpc.admin.port = 9872 (fallback to raft.grpc.server.port)
2023-04-18 19:34:36,626 [Listener at 0.0.0.0/36647] INFO  grpc.GrpcConfigKeys (ConfUtils.java:logFallback(53)) - raft.grpc.client.host = null (fallback to raft.grpc.server.host)
2023-04-18 19:34:36,626 [Listener at 0.0.0.0/36647] INFO  grpc.GrpcConfigKeys (ConfUtils.java:logFallback(53)) - raft.grpc.client.port = 9872 (fallback to raft.grpc.server.port)
2023-04-18 19:34:36,626 [Listener at 0.0.0.0/36647] INFO  grpc.GrpcConfigKeys (ConfUtils.java:logGet(46)) - raft.grpc.server.host = null (default)
2023-04-18 19:34:36,627 [Listener at 0.0.0.0/36647] INFO  grpc.GrpcConfigKeys (ConfUtils.java:logGet(46)) - raft.grpc.server.port = 9872 (custom)
2023-04-18 19:34:36,627 [Listener at 0.0.0.0/36647] INFO  server.GrpcService (ConfUtils.java:logGet(46)) - raft.grpc.message.size.max = 33554432 (custom)
2023-04-18 19:34:36,629 [Listener at 0.0.0.0/36647] INFO  server.RaftServerConfigKeys (ConfUtils.java:logGet(46)) - raft.server.log.appender.buffer.byte-limit = 33554432 (custom)
2023-04-18 19:34:36,629 [Listener at 0.0.0.0/36647] INFO  server.GrpcService (ConfUtils.java:logGet(46)) - raft.grpc.flow.control.window = 1MB (=1048576) (default)
2023-04-18 19:34:36,630 [Listener at 0.0.0.0/36647] INFO  server.RaftServerConfigKeys (ConfUtils.java:logGet(46)) - raft.server.rpc.request.timeout = 3000ms (default)
2023-04-18 19:34:36,645 [Listener at 0.0.0.0/36647] INFO  grpc.GrpcConfigKeys (ConfUtils.java:logGet(46)) - raft.grpc.server.heartbeat.channel = true (default)
2023-04-18 19:34:36,648 [Listener at 0.0.0.0/36647] INFO  grpc.GrpcConfigKeys (ConfUtils.java:logGet(46)) - raft.grpc.server.async.request.thread.pool.cached = true (default)
2023-04-18 19:34:36,648 [Listener at 0.0.0.0/36647] INFO  grpc.GrpcConfigKeys (ConfUtils.java:logGet(46)) - raft.grpc.server.async.request.thread.pool.size = 32 (default)
2023-04-18 19:34:36,858 [Listener at 0.0.0.0/36647] INFO  impl.DataStreamServerImpl (ConfUtils.java:logGet(46)) - raft.datastream.type = DISABLED (default)
2023-04-18 19:34:36,861 [Listener at 0.0.0.0/36647] INFO  server.RaftServerConfigKeys (ConfUtils.java:logGet(46)) - raft.server.threadpool.proxy.cached = true (default)
2023-04-18 19:34:36,861 [Listener at 0.0.0.0/36647] INFO  server.RaftServerConfigKeys (ConfUtils.java:logGet(46)) - raft.server.threadpool.proxy.size = 0 (default)
2023-04-18 19:34:36,862 [Listener at 0.0.0.0/36647] INFO  server.RaftServerConfigKeys (ConfUtils.java:logGet(46)) - raft.server.rpc.slowness.timeout = 120s (custom)
2023-04-18 19:34:36,862 [Listener at 0.0.0.0/36647] INFO  server.RaftServerConfigKeys (ConfUtils.java:logGet(46)) - raft.server.leaderelection.leader.step-down.wait-time = 10s (default)
2023-04-18 19:34:36,865 [Listener at 0.0.0.0/36647] INFO  server.RaftServerConfigKeys (ConfUtils.java:logGet(46)) - raft.server.storage.dir = [/home/runner/work/ozone/ozone/hadoop-ozone/integration-test/target/test-dir/MiniOzoneClusterImpl-184ce46c-7709-4843-8010-c45aadaa38f8/ozone-meta/ratis] (custom)
2023-04-18 19:34:36,874 [Listener at 0.0.0.0/36647] INFO  server.RaftServer (RaftServerProxy.java:addNew(96)) - om1: addNew group-C5BA1605619E:[om1|rpc:localhost:9872|priority:0|startupRole:FOLLOWER] returns group-C5BA1605619E:java.util.concurrent.CompletableFuture@54dd2962[Not completed]
2023-04-18 19:34:36,875 [Listener at 0.0.0.0/36647] INFO  om.OzoneManager (OzoneManager.java:initializeRatisServer(2095)) - OzoneManager Ratis server initialized at port 9872
2023-04-18 19:34:36,878 [Listener at 0.0.0.0/36647] INFO  om.OzoneManager (OzoneManager.java:getRpcServer(1142)) - Creating RPC Server
2023-04-18 19:34:36,901 [pool-61-thread-1] INFO  server.RaftServer$Division (RaftServerImpl.java:<init>(195)) - om1: new RaftServerImpl for group-C5BA1605619E:[om1|rpc:localhost:9872|priority:0|startupRole:FOLLOWER] with OzoneManagerStateMachine:uninitialized
2023-04-18 19:34:36,906 [pool-61-thread-1] INFO  server.RaftServerConfigKeys (ConfUtils.java:logGet(46)) - raft.server.rpc.timeout.min = 1s (custom)
2023-04-18 19:34:36,906 [pool-61-thread-1] INFO  server.RaftServerConfigKeys (ConfUtils.java:logGet(46)) - raft.server.rpc.timeout.max = 1200ms (custom)
2023-04-18 19:34:36,907 [pool-61-thread-1] INFO  server.RaftServerConfigKeys (ConfUtils.java:logGet(46)) - raft.server.rpc.sleep.time = 25ms (default)
2023-04-18 19:34:36,907 [pool-61-thread-1] INFO  server.RaftServerConfigKeys (ConfUtils.java:logGet(46)) - raft.server.rpc.slowness.timeout = 120s (custom)
2023-04-18 19:34:36,907 [pool-61-thread-1] INFO  server.RaftServerConfigKeys (ConfUtils.java:logGet(46)) - raft.server.leaderelection.leader.step-down.wait-time = 10s (default)
2023-04-18 19:34:36,907 [pool-61-thread-1] INFO  server.RaftServerConfigKeys (ConfUtils.java:logGet(46)) - raft.server.sleep.deviation.threshold = 300ms (default)
2023-04-18 19:34:36,921 [pool-61-thread-1] INFO  server.RaftServer$Division (ServerState.java:<init>(118)) - om1@group-C5BA1605619E: ConfigurationManager, init=-1: peers:[om1|rpc:localhost:9872|priority:0|startupRole:FOLLOWER]|listeners:[], old=null, confs=<EMPTY_MAP>
2023-04-18 19:34:36,921 [pool-61-thread-1] INFO  server.RaftServerConfigKeys (ConfUtils.java:logGet(46)) - raft.server.storage.dir = [/home/runner/work/ozone/ozone/hadoop-ozone/integration-test/target/test-dir/MiniOzoneClusterImpl-184ce46c-7709-4843-8010-c45aadaa38f8/ozone-meta/ratis] (custom)
2023-04-18 19:34:36,937 [pool-61-thread-1] INFO  server.RaftServerConfigKeys (ConfUtils.java:logGet(46)) - raft.server.log.corruption.policy = EXCEPTION (default)
2023-04-18 19:34:36,937 [pool-61-thread-1] INFO  server.RaftServerConfigKeys (ConfUtils.java:logGet(46)) - raft.server.storage.free-space.min = 0MB (=0) (default)
2023-04-18 19:34:36,949 [pool-61-thread-1] INFO  server.RaftServerConfigKeys (ConfUtils.java:logGet(46)) - raft.server.notification.no-leader.timeout = 120s (custom)
2023-04-18 19:34:36,951 [pool-61-thread-1] INFO  server.RaftServerConfigKeys (ConfUtils.java:logGet(46)) - raft.server.retrycache.expirytime = 300s (custom)
2023-04-18 19:34:36,951 [pool-61-thread-1] INFO  server.RaftServerConfigKeys (ConfUtils.java:logGet(46)) - raft.server.retrycache.statistics.expirytime = 100μs (default)
2023-04-18 19:34:37,049 [pool-61-thread-1] INFO  server.RaftServerConfigKeys (ConfUtils.java:logGet(46)) - raft.server.log.appender.install.snapshot.enabled = false (custom)
2023-04-18 19:34:37,051 [pool-61-thread-1] INFO  server.RaftServerConfigKeys (ConfUtils.java:logGet(46)) - raft.server.threadpool.server.cached = true (default)
2023-04-18 19:34:37,052 [pool-61-thread-1] INFO  server.RaftServerConfigKeys (ConfUtils.java:logGet(46)) - raft.server.threadpool.server.size = 0 (default)
2023-04-18 19:34:37,052 [pool-61-thread-1] INFO  server.RaftServerConfigKeys (ConfUtils.java:logGet(46)) - raft.server.threadpool.client.cached = true (default)
2023-04-18 19:34:37,053 [pool-61-thread-1] INFO  server.RaftServerConfigKeys (ConfUtils.java:logGet(46)) - raft.server.threadpool.client.size = 0 (default)
2023-04-18 19:34:37,744 [Listener at 0.0.0.0/36647] INFO  reflections.Reflections (Reflections.java:scan(232)) - Reflections took 803 ms to scan 19 urls, producing 68 keys and 5057 values [using 2 cores]
2023-04-18 19:34:37,932 [Listener at 0.0.0.0/36647] INFO  ipc.CallQueueManager (CallQueueManager.java:<init>(90)) - Using callQueue: class java.util.concurrent.LinkedBlockingQueue, queueCapacity: 2000, scheduler: class org.apache.hadoop.ipc.DefaultRpcScheduler, ipcBackoff: false.
2023-04-18 19:34:37,933 [Socket Reader #1 for port 0] INFO  ipc.Server (Server.java:run(1319)) - Starting Socket Reader #1 for port 0
2023-04-18 19:34:37,965 [Listener at 127.0.0.1/45463] INFO  impl.MetricsSystemImpl (MetricsSystemImpl.java:init(158)) - OzoneManager metrics system started (again)
2023-04-18 19:34:37,976 [Listener at 127.0.0.1/45463] INFO  om.OzoneManager (OzoneManager.java:start(1563)) - OzoneManager RPC server is listening at localhost/127.0.0.1:45463
2023-04-18 19:34:37,976 [Listener at 127.0.0.1/45463] INFO  ratis.OzoneManagerRatisServer (OzoneManagerRatisServer.java:start(558)) - Starting OzoneManagerRatisServer om1 at port 9872
2023-04-18 19:34:37,979 [om1-impl-thread1] INFO  storage.RaftStorageDirectory (RaftStorageDirectoryImpl.java:analyzeStorage(137)) - The storage directory /home/runner/work/ozone/ozone/hadoop-ozone/integration-test/target/test-dir/MiniOzoneClusterImpl-184ce46c-7709-4843-8010-c45aadaa38f8/ozone-meta/ratis/bf265839-605b-3f16-9796-c5ba1605619e does not exist. Creating ...
2023-04-18 19:34:37,983 [om1-impl-thread1] INFO  storage.RaftStorageDirectory (RaftStorageDirectoryImpl.java:tryLock(231)) - Lock on /home/runner/work/ozone/ozone/hadoop-ozone/integration-test/target/test-dir/MiniOzoneClusterImpl-184ce46c-7709-4843-8010-c45aadaa38f8/ozone-meta/ratis/bf265839-605b-3f16-9796-c5ba1605619e/in_use.lock acquired by nodename 69562@fv-az203-717
2023-04-18 19:34:37,987 [om1-impl-thread1] INFO  storage.RaftStorage (RaftStorageImpl.java:format(96)) - Storage directory /home/runner/work/ozone/ozone/hadoop-ozone/integration-test/target/test-dir/MiniOzoneClusterImpl-184ce46c-7709-4843-8010-c45aadaa38f8/ozone-meta/ratis/bf265839-605b-3f16-9796-c5ba1605619e has been successfully formatted.
2023-04-18 19:34:37,989 [om1-impl-thread1] INFO  server.RaftServerConfigKeys (ConfUtils.java:logGet(46)) - raft.server.log.use.memory = false (default)
2023-04-18 19:34:38,000 [om1-impl-thread1] INFO  server.RaftServerConfigKeys (ConfUtils.java:logGet(46)) - raft.server.log.purge.gap = 1000000 (custom)
2023-04-18 19:34:38,000 [om1-impl-thread1] INFO  server.RaftServerConfigKeys (ConfUtils.java:logGet(46)) - raft.server.log.appender.buffer.byte-limit = 33554432 (custom)
2023-04-18 19:34:38,002 [om1-impl-thread1] INFO  server.RaftServerConfigKeys (ConfUtils.java:logGet(46)) - raft.server.log.statemachine.data.read.timeout = 1000ms (default)
2023-04-18 19:34:38,003 [om1-impl-thread1] INFO  server.RaftServerConfigKeys (ConfUtils.java:logGet(46)) - raft.server.log.purge.preservation.log.num = 0 (default)
2023-04-18 19:34:38,006 [om1-impl-thread1] INFO  server.RaftServerConfigKeys (ConfUtils.java:logGet(46)) - raft.server.log.segment.size.max = 4194304 (custom)
2023-04-18 19:34:38,011 [om1-impl-thread1] INFO  server.RaftServerConfigKeys (ConfUtils.java:logGet(46)) - raft.server.log.segment.cache.num.max = 2 (custom)
2023-04-18 19:34:38,011 [om1-impl-thread1] INFO  server.RaftServerConfigKeys (ConfUtils.java:logGet(46)) - raft.server.log.segment.cache.size.max = 200MB (=209715200) (default)
2023-04-18 19:34:38,016 [om1-impl-thread1] INFO  segmented.SegmentedRaftLogWorker (SegmentedRaftLogWorker.java:<init>(189)) - new om1@group-C5BA1605619E-SegmentedRaftLogWorker for RaftStorageImpl:Storage Directory /home/runner/work/ozone/ozone/hadoop-ozone/integration-test/target/test-dir/MiniOzoneClusterImpl-184ce46c-7709-4843-8010-c45aadaa38f8/ozone-meta/ratis/bf265839-605b-3f16-9796-c5ba1605619e
2023-04-18 19:34:38,016 [om1-impl-thread1] INFO  server.RaftServerConfigKeys (ConfUtils.java:logGet(46)) - raft.server.log.queue.byte-limit = 64MB (=67108864) (default)
2023-04-18 19:34:38,016 [om1-impl-thread1] INFO  server.RaftServerConfigKeys (ConfUtils.java:logGet(46)) - raft.server.log.queue.element-limit = 4096 (default)
2023-04-18 19:34:38,017 [om1-impl-thread1] INFO  server.RaftServerConfigKeys (ConfUtils.java:logGet(46)) - raft.server.log.segment.size.max = 4194304 (custom)
2023-04-18 19:34:38,018 [om1-impl-thread1] INFO  server.RaftServerConfigKeys (ConfUtils.java:logGet(46)) - raft.server.log.preallocated.size = 4194304 (custom)
2023-04-18 19:34:38,018 [om1-impl-thread1] INFO  server.RaftServerConfigKeys (ConfUtils.java:logGet(46)) - raft.server.log.force.sync.num = 128 (default)
2023-04-18 19:34:38,019 [om1-impl-thread1] INFO  server.RaftServerConfigKeys (ConfUtils.java:logGet(46)) - raft.server.log.statemachine.data.sync = true (default)
2023-04-18 19:34:38,019 [om1-impl-thread1] INFO  server.RaftServerConfigKeys (ConfUtils.java:logGet(46)) - raft.server.log.statemachine.data.sync.timeout = 10s (default)
2023-04-18 19:34:38,019 [om1-impl-thread1] INFO  server.RaftServerConfigKeys (ConfUtils.java:logGet(46)) - raft.server.log.statemachine.data.sync.timeout.retry = -1 (default)
2023-04-18 19:34:38,029 [om1-impl-thread1] INFO  server.RaftServerConfigKeys (ConfUtils.java:logGet(46)) - raft.server.log.write.buffer.size = 64KB (=65536) (default)
2023-04-18 19:34:38,029 [om1-impl-thread1] INFO  server.RaftServerConfigKeys (ConfUtils.java:logGet(46)) - raft.server.log.appender.buffer.byte-limit = 33554432 (custom)
2023-04-18 19:34:38,035 [om1-impl-thread1] INFO  server.RaftServerConfigKeys (ConfUtils.java:logGet(46)) - raft.server.log.unsafe-flush.enabled = false (default)
2023-04-18 19:34:38,035 [om1-impl-thread1] INFO  server.RaftServerConfigKeys (ConfUtils.java:logGet(46)) - raft.server.log.async-flush.enabled = false (default)
2023-04-18 19:34:38,036 [om1-impl-thread1] INFO  server.RaftServerConfigKeys (ConfUtils.java:logGet(46)) - raft.server.log.statemachine.data.caching.enabled = false (default)
2023-04-18 19:34:38,044 [om1-impl-thread1] INFO  segmented.SegmentedRaftLogWorker (SegmentedRaftLogWorker.java:lambda$new$0(135)) - om1@group-C5BA1605619E-SegmentedRaftLogWorker: flushIndex: setUnconditionally 0 -> -1
2023-04-18 19:34:38,044 [om1-impl-thread1] INFO  segmented.SegmentedRaftLogWorker (SegmentedRaftLogWorker.java:lambda$new$0(135)) - om1@group-C5BA1605619E-SegmentedRaftLogWorker: safeCacheEvictIndex: setUnconditionally 0 -> -1
2023-04-18 19:34:38,045 [om1-impl-thread1] INFO  server.RaftServer$Division (RaftServerImpl.java:start(334)) - om1@group-C5BA1605619E: start as a follower, conf=-1: peers:[om1|rpc:localhost:9872|priority:0|startupRole:FOLLOWER]|listeners:[], old=null
2023-04-18 19:34:38,050 [om1-impl-thread1] INFO  server.RaftServer$Division (RaftServerImpl.java:setRole(321)) - om1@group-C5BA1605619E: changes role from      null to FOLLOWER at term 0 for startAsFollower
2023-04-18 19:34:38,052 [om1-impl-thread1] INFO  impl.RoleInfo (RoleInfo.java:updateAndGet(139)) - om1: start om1@group-C5BA1605619E-FollowerState
2023-04-18 19:34:38,057 [om1-impl-thread1] INFO  util.JmxRegister (JmxRegister.java:tryRegister(44)) - Successfully registered JMX Bean with object name Ratis:service=RaftServer,group=group-C5BA1605619E,id=om1
2023-04-18 19:34:38,058 [om1-impl-thread1] INFO  server.RaftServerConfigKeys (ConfUtils.java:logGet(46)) - raft.server.snapshot.auto.trigger.enabled = true (custom)
2023-04-18 19:34:38,059 [om1-impl-thread1] INFO  server.RaftServerConfigKeys (ConfUtils.java:logGet(46)) - raft.server.snapshot.auto.trigger.threshold = 400000 (default)
2023-04-18 19:34:38,059 [om1-impl-thread1] INFO  server.RaftServerConfigKeys (ConfUtils.java:logGet(46)) - raft.server.snapshot.retention.file.num = -1 (default)
2023-04-18 19:34:38,062 [om1@group-C5BA1605619E-FollowerState] INFO  server.RaftServerConfigKeys (ConfUtils.java:logFallback(53)) - raft.server.rpc.first-election.timeout.min = 1s (fallback to raft.server.rpc.timeout.min)
2023-04-18 19:34:38,062 [om1@group-C5BA1605619E-FollowerState] INFO  server.RaftServerConfigKeys (ConfUtils.java:logFallback(53)) - raft.server.rpc.first-election.timeout.max = 1200ms (fallback to raft.server.rpc.timeout.max)
2023-04-18 19:34:38,062 [om1-impl-thread1] INFO  server.RaftServerConfigKeys (ConfUtils.java:logGet(46)) - raft.server.log.purge.upto.snapshot.index = true (custom)
2023-04-18 19:34:38,065 [Listener at 127.0.0.1/45463] INFO  server.RaftServer (RaftServerProxy.java:startImpl(393)) - om1: start RPC server
2023-04-18 19:34:38,111 [Listener at 127.0.0.1/45463] INFO  server.GrpcService (GrpcService.java:startImpl(262)) - om1: GrpcService started, listening on 9872
2023-04-18 19:34:38,112 [Listener at 127.0.0.1/45463] INFO  om.OzoneManager (OzoneManager.java:start(1579)) - Version File has different layout version (4) than OM DB (null). That is expected if this OM has never been finalized to a newer layout version.
2023-04-18 19:34:38,114 [JvmPauseMonitor0] INFO  util.JvmPauseMonitor (JvmPauseMonitor.java:run(105)) - JvmPauseMonitor-om1: Started
2023-04-18 19:34:38,137 [Listener at 127.0.0.1/45463] INFO  http.BaseHttpServer (BaseHttpServer.java:newHttpServer2BuilderForOzone(224)) - Starting Web-server for ozoneManager at: http://0.0.0.0:0
2023-04-18 19:34:38,137 [Listener at 127.0.0.1/45463] INFO  http.BaseHttpServer (BaseHttpServer.java:<init>(111)) - Hadoop Security Enabled: false Ozone Security Enabled: false Ozone HTTP Security Enabled: false 
2023-04-18 19:34:38,139 [Listener at 127.0.0.1/45463] WARN  server.AuthenticationFilter (AuthenticationFilter.java:constructSecretProvider(240)) - Unable to initialize FileSignerSecretProvider, falling back to use random secrets. Reason: Could not read signature secret file: /home/runner/hadoop-http-auth-signature-secret
2023-04-18 19:34:38,142 [Listener at 127.0.0.1/45463] INFO  http.HttpRequestLog (HttpRequestLog.java:getRequestLog(86)) - Http request log for http.requests.ozoneManager is not defined
2023-04-18 19:34:38,144 [Listener at 127.0.0.1/45463] INFO  http.HttpServer2 (HttpServer2.java:addGlobalFilter(1031)) - Added global filter 'safety' (class=org.apache.hadoop.hdds.server.http.HttpServer2$QuotingInputFilter)
2023-04-18 19:34:38,145 [Listener at 127.0.0.1/45463] INFO  http.HttpServer2 (HttpServer2.java:addFilter(1007)) - Added filter static_user_filter (class=org.apache.hadoop.http.lib.StaticUserWebFilter$StaticUserFilter) to context ozoneManager
2023-04-18 19:34:38,145 [Listener at 127.0.0.1/45463] INFO  http.HttpServer2 (HttpServer2.java:addFilter(1015)) - Added filter static_user_filter (class=org.apache.hadoop.http.lib.StaticUserWebFilter$StaticUserFilter) to context static
2023-04-18 19:34:38,145 [Listener at 127.0.0.1/45463] INFO  http.HttpServer2 (HttpServer2.java:addFilter(1015)) - Added filter static_user_filter (class=org.apache.hadoop.http.lib.StaticUserWebFilter$StaticUserFilter) to context logs
2023-04-18 19:34:38,149 [Listener at 127.0.0.1/45463] INFO  http.BaseHttpServer (BaseHttpServer.java:<init>(190)) - HTTP server of ozoneManager uses base directory /home/runner/work/ozone/ozone/hadoop-ozone/integration-test/target/test-dir/MiniOzoneClusterImpl-184ce46c-7709-4843-8010-c45aadaa38f8/ozone-meta/webserver
2023-04-18 19:34:38,152 [Listener at 127.0.0.1/45463] INFO  http.HttpServer2 (HttpServer2.java:bindListener(1250)) - Jetty bound to port 45107
2023-04-18 19:34:38,152 [Listener at 127.0.0.1/45463] INFO  server.Server (Server.java:doStart(375)) - jetty-9.4.49.v20220914; built: 2022-09-14T01:07:36.601Z; git: 4231a3b2e4cb8548a412a789936d640a97b1aa0a; jvm 1.8.0_362-b09
2023-04-18 19:34:38,155 [Listener at 127.0.0.1/45463] INFO  server.session (DefaultSessionIdManager.java:doStart(334)) - DefaultSessionIdManager workerName=node0
2023-04-18 19:34:38,155 [Listener at 127.0.0.1/45463] INFO  server.session (DefaultSessionIdManager.java:doStart(339)) - No SessionScavenger set, using defaults
2023-04-18 19:34:38,155 [Listener at 127.0.0.1/45463] INFO  server.session (HouseKeeper.java:startScavenging(132)) - node0 Scavenging every 600000ms
2023-04-18 19:34:38,156 [Listener at 127.0.0.1/45463] INFO  handler.ContextHandler (ContextHandler.java:doStart(921)) - Started o.e.j.s.ServletContextHandler@5b4b3c51{logs,/logs,file:///home/runner/work/ozone/ozone/hadoop-ozone/integration-test/target/log,AVAILABLE}
2023-04-18 19:34:38,157 [Listener at 127.0.0.1/45463] INFO  handler.ContextHandler (ContextHandler.java:doStart(921)) - Started o.e.j.s.ServletContextHandler@4ded3a8{static,/static,file:///home/runner/work/ozone/ozone/hadoop-ozone/integration-test/target/test-classes/webapps/static,AVAILABLE}
2023-04-18 19:34:38,160 [Listener at 127.0.0.1/45463] INFO  handler.ContextHandler (ContextHandler.java:doStart(921)) - Started o.e.j.w.WebAppContext@76140476{ozoneManager,/,file:///home/runner/work/ozone/ozone/hadoop-ozone/integration-test/target/test-classes/webapps/ozoneManager/,AVAILABLE}{file:/home/runner/work/ozone/ozone/hadoop-ozone/integration-test/target/test-classes/webapps/ozoneManager}
2023-04-18 19:34:38,166 [Listener at 127.0.0.1/45463] INFO  server.AbstractConnector (AbstractConnector.java:doStart(333)) - Started ServerConnector@29d2aeb7{HTTP/1.1, (http/1.1)}{0.0.0.0:45107}
2023-04-18 19:34:38,166 [Listener at 127.0.0.1/45463] INFO  server.Server (Server.java:doStart(415)) - Started @7161ms
2023-04-18 19:34:38,166 [Listener at 127.0.0.1/45463] WARN  impl.MetricsSystemImpl (MetricsSystemImpl.java:register(279)) - Sink prometheus already exists!
2023-04-18 19:34:38,167 [Listener at 127.0.0.1/45463] INFO  http.BaseHttpServer (BaseHttpServer.java:updateConnectorAddress(344)) - HTTP server of ozoneManager listening at http://0.0.0.0:45107
2023-04-18 19:34:38,167 [IPC Server Responder] INFO  ipc.Server (Server.java:run(1558)) - IPC Server Responder: starting
2023-04-18 19:34:38,171 [IPC Server listener on 0] INFO  ipc.Server (Server.java:run(1398)) - IPC Server listener on 0: starting
2023-04-18 19:34:38,174 [Listener at 127.0.0.1/45463] INFO  om.OzoneManager (OzoneManager.java:startTrashEmptier(2039)) - Trash Interval set to 0. Files deleted won't move to trash
2023-04-18 19:34:38,191 [org.apache.hadoop.util.JvmPauseMonitor$Monitor@66c10c43] INFO  util.JvmPauseMonitor (JvmPauseMonitor.java:run(188)) - Starting JVM pause monitor
2023-04-18 19:34:38,323 [Listener at 127.0.0.1/45463] WARN  impl.MetricRegistriesImpl (MetricRegistriesImpl.java:addReporterRegistration(111)) - New reporters are added after registries were created. Some metrics will be missing from the reporter. Please add reporter before adding any new registry.
2023-04-18 19:34:38,323 [Listener at 127.0.0.1/45463] WARN  impl.MetricRegistriesImpl (MetricRegistriesImpl.java:addReporterRegistration(111)) - New reporters are added after registries were created. Some metrics will be missing from the reporter. Please add reporter before adding any new registry.
2023-04-18 19:34:38,324 [Listener at 127.0.0.1/45463] INFO  impl.MetricsSystemImpl (MetricsSystemImpl.java:init(158)) - HddsDatanode metrics system started (again)
2023-04-18 19:34:38,341 [Listener at 127.0.0.1/45463] INFO  ozone.HddsDatanodeService (HddsDatanodeService.java:start(252)) - HddsDatanodeService host:fv-az203-717 ip:10.1.0.22
2023-04-18 19:34:38,377 [Listener at 127.0.0.1/45463] INFO  upgrade.AbstractLayoutVersionManager (AbstractLayoutVersionManager.java:init(83)) - Initializing Layout version manager with metadata layout = WEBUI_PORTS_IN_DATANODEDETAILS (version = 6), software layout = WEBUI_PORTS_IN_DATANODEDETAILS (version = 6)
2023-04-18 19:34:38,431 [Listener at 127.0.0.1/45463] INFO  reflections.Reflections (Reflections.java:scan(232)) - Reflections took 50 ms to scan 7 urls, producing 156 keys and 369 values 
2023-04-18 19:34:38,438 [Listener at 127.0.0.1/45463] INFO  statemachine.DatanodeStateMachine (DatanodeStateMachine.java:getEndPointTaskThreadPoolSize(260)) - Datanode State Machine Task Thread Pool size 2
2023-04-18 19:34:38,502 [Listener at 127.0.0.1/45463] INFO  volume.HddsVolume (HddsVolume.java:<init>(130)) - Creating HddsVolume: /home/runner/work/ozone/ozone/hadoop-ozone/integration-test/target/test-dir/MiniOzoneClusterImpl-184ce46c-7709-4843-8010-c45aadaa38f8/datanode-0/data-0/containers/hdds of storage type : DISK capacity : 9223372036854775807
2023-04-18 19:34:38,504 [Listener at 127.0.0.1/45463] INFO  volume.MutableVolumeSet (MutableVolumeSet.java:initializeVolumeSet(175)) - Added Volume : /home/runner/work/ozone/ozone/hadoop-ozone/integration-test/target/test-dir/MiniOzoneClusterImpl-184ce46c-7709-4843-8010-c45aadaa38f8/datanode-0/data-0/containers/hdds to VolumeSet
2023-04-18 19:34:38,505 [Listener at 127.0.0.1/45463] INFO  volume.ThrottledAsyncChecker (ThrottledAsyncChecker.java:schedule(141)) - Scheduling a check for /home/runner/work/ozone/ozone/hadoop-ozone/integration-test/target/test-dir/MiniOzoneClusterImpl-184ce46c-7709-4843-8010-c45aadaa38f8/datanode-0/data-0/containers/hdds
2023-04-18 19:34:38,526 [Listener at 127.0.0.1/45463] INFO  volume.StorageVolumeChecker (StorageVolumeChecker.java:checkAllVolumes(202)) - Scheduled health check for volume /home/runner/work/ozone/ozone/hadoop-ozone/integration-test/target/test-dir/MiniOzoneClusterImpl-184ce46c-7709-4843-8010-c45aadaa38f8/datanode-0/data-0/containers/hdds
2023-04-18 19:34:38,544 [Listener at 127.0.0.1/45463] INFO  volume.MutableVolumeSet (MutableVolumeSet.java:initializeVolumeSet(175)) - Added Volume : /home/runner/work/ozone/ozone/hadoop-ozone/integration-test/target/test-dir/MiniOzoneClusterImpl-184ce46c-7709-4843-8010-c45aadaa38f8/datanode-0/data/ratis to VolumeSet
2023-04-18 19:34:38,544 [Listener at 127.0.0.1/45463] INFO  volume.ThrottledAsyncChecker (ThrottledAsyncChecker.java:schedule(141)) - Scheduling a check for /home/runner/work/ozone/ozone/hadoop-ozone/integration-test/target/test-dir/MiniOzoneClusterImpl-184ce46c-7709-4843-8010-c45aadaa38f8/datanode-0/data/ratis
2023-04-18 19:34:38,545 [Listener at 127.0.0.1/45463] INFO  volume.StorageVolumeChecker (StorageVolumeChecker.java:checkAllVolumes(202)) - Scheduled health check for volume /home/runner/work/ozone/ozone/hadoop-ozone/integration-test/target/test-dir/MiniOzoneClusterImpl-184ce46c-7709-4843-8010-c45aadaa38f8/datanode-0/data/ratis
2023-04-18 19:34:38,572 [Thread-138] INFO  ozoneimpl.ContainerReader (ContainerReader.java:readVolume(175)) - Finish verifying containers on volume /home/runner/work/ozone/ozone/hadoop-ozone/integration-test/target/test-dir/MiniOzoneClusterImpl-184ce46c-7709-4843-8010-c45aadaa38f8/datanode-0/data-0/containers/hdds
2023-04-18 19:34:38,572 [Listener at 127.0.0.1/45463] INFO  ozoneimpl.OzoneContainer (OzoneContainer.java:buildContainerSet(303)) - Build ContainerSet costs 0s
2023-04-18 19:34:38,624 [Listener at 127.0.0.1/45463] INFO  audit.AuditLogger (AuditLogger.java:refreshDebugCmdSet(126)) - Refresh DebugCmdSet for DNAudit to [].
2023-04-18 19:34:38,654 [Listener at 127.0.0.1/45463] INFO  server.RaftServer (ConfUtils.java:logGet(46)) - raft.rpc.type = GRPC (default)
2023-04-18 19:34:38,655 [Listener at 127.0.0.1/45463] INFO  grpc.GrpcConfigKeys (ConfUtils.java:logFallback(53)) - raft.grpc.admin.host = null (fallback to raft.grpc.server.host)
2023-04-18 19:34:38,655 [Listener at 127.0.0.1/45463] INFO  grpc.GrpcConfigKeys (ConfUtils.java:logGet(46)) - raft.grpc.admin.port = 0 (custom)
2023-04-18 19:34:38,656 [Listener at 127.0.0.1/45463] INFO  grpc.GrpcConfigKeys (ConfUtils.java:logFallback(53)) - raft.grpc.client.host = null (fallback to raft.grpc.server.host)
2023-04-18 19:34:38,657 [Listener at 127.0.0.1/45463] INFO  grpc.GrpcConfigKeys (ConfUtils.java:logGet(46)) - raft.grpc.client.port = 0 (custom)
2023-04-18 19:34:38,657 [Listener at 127.0.0.1/45463] INFO  grpc.GrpcConfigKeys (ConfUtils.java:logGet(46)) - raft.grpc.server.host = null (default)
2023-04-18 19:34:38,658 [Listener at 127.0.0.1/45463] INFO  grpc.GrpcConfigKeys (ConfUtils.java:logGet(46)) - raft.grpc.server.port = 0 (default)
2023-04-18 19:34:38,658 [Listener at 127.0.0.1/45463] INFO  server.GrpcService (ConfUtils.java:logGet(46)) - raft.grpc.message.size.max = 32MB (=33554432) (custom)
2023-04-18 19:34:38,659 [Listener at 127.0.0.1/45463] INFO  server.RaftServerConfigKeys (ConfUtils.java:logGet(46)) - raft.server.log.appender.buffer.byte-limit = 33554432 (custom)
2023-04-18 19:34:38,659 [Listener at 127.0.0.1/45463] INFO  server.GrpcService (ConfUtils.java:logGet(46)) - raft.grpc.flow.control.window = 5MB (=5242880) (custom)
2023-04-18 19:34:38,662 [Listener at 127.0.0.1/45463] INFO  server.RaftServerConfigKeys (ConfUtils.java:logGet(46)) - raft.server.rpc.request.timeout = 60s (custom)
2023-04-18 19:34:38,666 [Listener at 127.0.0.1/45463] INFO  grpc.GrpcConfigKeys (ConfUtils.java:logGet(46)) - raft.grpc.server.heartbeat.channel = true (default)
2023-04-18 19:34:38,666 [Listener at 127.0.0.1/45463] INFO  grpc.GrpcConfigKeys (ConfUtils.java:logGet(46)) - raft.grpc.server.async.request.thread.pool.cached = true (default)
2023-04-18 19:34:38,666 [Listener at 127.0.0.1/45463] INFO  grpc.GrpcConfigKeys (ConfUtils.java:logGet(46)) - raft.grpc.server.async.request.thread.pool.size = 32 (default)
2023-04-18 19:34:38,668 [Listener at 127.0.0.1/45463] INFO  impl.DataStreamServerImpl (ConfUtils.java:logGet(46)) - raft.datastream.type = NETTY (custom)
2023-04-18 19:34:38,678 [Listener at 127.0.0.1/45463] INFO  server.RaftServerConfigKeys (ConfUtils.java:logGet(46)) - raft.server.data-stream.async.request.thread.pool.cached = false (default)
2023-04-18 19:34:38,678 [Listener at 127.0.0.1/45463] INFO  server.RaftServerConfigKeys (ConfUtils.java:logGet(46)) - raft.server.data-stream.async.request.thread.pool.size = 20 (custom)
2023-04-18 19:34:38,679 [Listener at 127.0.0.1/45463] INFO  server.RaftServerConfigKeys (ConfUtils.java:logGet(46)) - raft.server.data-stream.async.write.thread.pool.size = 16 (default)
2023-04-18 19:34:38,680 [Listener at 127.0.0.1/45463] INFO  server.RaftServerConfigKeys (ConfUtils.java:logGet(46)) - raft.server.data-stream.client.pool.size = 10 (default)
2023-04-18 19:34:38,682 [Listener at 127.0.0.1/45463] INFO  netty.NettyConfigKeys$DataStream (ConfUtils.java:logGet(46)) - raft.netty.dataStream.server.use-epoll = false (default)
2023-04-18 19:34:38,683 [Listener at 127.0.0.1/45463] INFO  netty.NettyConfigKeys$DataStream (ConfUtils.java:logGet(46)) - raft.netty.dataStream.server.boss-group.size = 0 (default)
2023-04-18 19:34:38,689 [Listener at 127.0.0.1/45463] INFO  netty.NettyConfigKeys$DataStream (ConfUtils.java:logGet(46)) - raft.netty.dataStream.server.worker-group.size = 0 (default)
2023-04-18 19:34:38,690 [Listener at 127.0.0.1/45463] INFO  netty.NettyConfigKeys$DataStream (ConfUtils.java:logGet(46)) - raft.netty.dataStream.server.tls.conf = null (default)
2023-04-18 19:34:38,693 [Listener at 127.0.0.1/45463] INFO  netty.NettyConfigKeys$DataStream (ConfUtils.java:logGet(46)) - raft.netty.dataStream.host = null (default)
2023-04-18 19:34:38,694 [Listener at 127.0.0.1/45463] INFO  netty.NettyConfigKeys$DataStream (ConfUtils.java:logGet(46)) - raft.netty.dataStream.port = 0 (default)
2023-04-18 19:34:38,703 [Listener at 127.0.0.1/45463] INFO  server.RaftServerConfigKeys (ConfUtils.java:logGet(46)) - raft.server.threadpool.proxy.cached = true (default)
2023-04-18 19:34:38,704 [Listener at 127.0.0.1/45463] INFO  server.RaftServerConfigKeys (ConfUtils.java:logGet(46)) - raft.server.threadpool.proxy.size = 0 (default)
2023-04-18 19:34:38,704 [Listener at 127.0.0.1/45463] INFO  server.RaftServerConfigKeys (ConfUtils.java:logGet(46)) - raft.server.rpc.slowness.timeout = 300s (custom)
2023-04-18 19:34:38,704 [Listener at 127.0.0.1/45463] INFO  server.RaftServerConfigKeys (ConfUtils.java:logGet(46)) - raft.server.leaderelection.leader.step-down.wait-time = 10s (default)
2023-04-18 19:34:38,704 [Listener at 127.0.0.1/45463] INFO  server.RaftServerConfigKeys (ConfUtils.java:logGet(46)) - raft.server.storage.dir = [/home/runner/work/ozone/ozone/hadoop-ozone/integration-test/target/test-dir/MiniOzoneClusterImpl-184ce46c-7709-4843-8010-c45aadaa38f8/datanode-0/data/ratis] (custom)
2023-04-18 19:34:38,733 [b1c57afc-121c-455c-bc43-4ffbee8e4677-NettyServerStreamRpc-bossGroup--thread1] INFO  logging.LoggingHandler (AbstractInternalLogger.java:log(148)) - [id: 0x5daf4993] REGISTERED
2023-04-18 19:34:38,733 [b1c57afc-121c-455c-bc43-4ffbee8e4677-NettyServerStreamRpc-bossGroup--thread1] INFO  logging.LoggingHandler (AbstractInternalLogger.java:log(148)) - [id: 0x5daf4993] BIND: 0.0.0.0/0.0.0.0:0
2023-04-18 19:34:38,734 [b1c57afc-121c-455c-bc43-4ffbee8e4677-NettyServerStreamRpc-bossGroup--thread1] INFO  logging.LoggingHandler (AbstractInternalLogger.java:log(148)) - [id: 0x5daf4993, L:/0:0:0:0:0:0:0:0:37825] ACTIVE
2023-04-18 19:34:38,739 [Listener at 127.0.0.1/45463] INFO  server.XceiverServerGrpc (XceiverServerGrpc.java:<init>(132)) - GrpcServer channel type EpollServerSocketChannel
2023-04-18 19:34:38,818 [Listener at 127.0.0.1/45463] INFO  http.BaseHttpServer (BaseHttpServer.java:newHttpServer2BuilderForOzone(224)) - Starting Web-server for hddsDatanode at: http://0.0.0.0:0
2023-04-18 19:34:38,818 [Listener at 127.0.0.1/45463] INFO  http.BaseHttpServer (BaseHttpServer.java:<init>(111)) - Hadoop Security Enabled: false Ozone Security Enabled: false Ozone HTTP Security Enabled: false 
2023-04-18 19:34:38,820 [Listener at 127.0.0.1/45463] WARN  server.AuthenticationFilter (AuthenticationFilter.java:constructSecretProvider(240)) - Unable to initialize FileSignerSecretProvider, falling back to use random secrets. Reason: Could not read signature secret file: /home/runner/hadoop-http-auth-signature-secret
2023-04-18 19:34:38,824 [Listener at 127.0.0.1/45463] INFO  http.HttpRequestLog (HttpRequestLog.java:getRequestLog(86)) - Http request log for http.requests.hddsDatanode is not defined
2023-04-18 19:34:38,826 [Listener at 127.0.0.1/45463] INFO  http.HttpServer2 (HttpServer2.java:addGlobalFilter(1031)) - Added global filter 'safety' (class=org.apache.hadoop.hdds.server.http.HttpServer2$QuotingInputFilter)
2023-04-18 19:34:38,827 [Listener at 127.0.0.1/45463] INFO  http.HttpServer2 (HttpServer2.java:addFilter(1007)) - Added filter static_user_filter (class=org.apache.hadoop.http.lib.StaticUserWebFilter$StaticUserFilter) to context hddsDatanode
2023-04-18 19:34:38,828 [Listener at 127.0.0.1/45463] INFO  http.HttpServer2 (HttpServer2.java:addFilter(1015)) - Added filter static_user_filter (class=org.apache.hadoop.http.lib.StaticUserWebFilter$StaticUserFilter) to context static
2023-04-18 19:34:38,828 [Listener at 127.0.0.1/45463] INFO  http.HttpServer2 (HttpServer2.java:addFilter(1015)) - Added filter static_user_filter (class=org.apache.hadoop.http.lib.StaticUserWebFilter$StaticUserFilter) to context logs
2023-04-18 19:34:38,832 [Listener at 127.0.0.1/45463] INFO  http.BaseHttpServer (BaseHttpServer.java:<init>(190)) - HTTP server of hddsDatanode uses base directory /home/runner/work/ozone/ozone/hadoop-ozone/integration-test/target/test-dir/MiniOzoneClusterImpl-184ce46c-7709-4843-8010-c45aadaa38f8/datanode-0/meta/webserver
2023-04-18 19:34:38,832 [Listener at 127.0.0.1/45463] INFO  http.HttpServer2 (HttpServer2.java:bindListener(1250)) - Jetty bound to port 42197
2023-04-18 19:34:38,832 [Listener at 127.0.0.1/45463] INFO  server.Server (Server.java:doStart(375)) - jetty-9.4.49.v20220914; built: 2022-09-14T01:07:36.601Z; git: 4231a3b2e4cb8548a412a789936d640a97b1aa0a; jvm 1.8.0_362-b09
2023-04-18 19:34:38,837 [Listener at 127.0.0.1/45463] INFO  server.session (DefaultSessionIdManager.java:doStart(334)) - DefaultSessionIdManager workerName=node0
2023-04-18 19:34:38,837 [Listener at 127.0.0.1/45463] INFO  server.session (DefaultSessionIdManager.java:doStart(339)) - No SessionScavenger set, using defaults
2023-04-18 19:34:38,837 [Listener at 127.0.0.1/45463] INFO  server.session (HouseKeeper.java:startScavenging(132)) - node0 Scavenging every 600000ms
2023-04-18 19:34:38,839 [Listener at 127.0.0.1/45463] INFO  handler.ContextHandler (ContextHandler.java:doStart(921)) - Started o.e.j.s.ServletContextHandler@782a0e57{logs,/logs,file:///home/runner/work/ozone/ozone/hadoop-ozone/integration-test/target/log,AVAILABLE}
2023-04-18 19:34:38,840 [Listener at 127.0.0.1/45463] INFO  handler.ContextHandler (ContextHandler.java:doStart(921)) - Started o.e.j.s.ServletContextHandler@4dccaef5{static,/static,jar:file:/home/runner/.m2/repository/org/apache/ozone/hdds-container-service/1.4.0-SNAPSHOT/hdds-container-service-1.4.0-SNAPSHOT.jar!/webapps/static,AVAILABLE}
2023-04-18 19:34:39,068 [om1@group-C5BA1605619E-FollowerState] INFO  impl.FollowerState (FollowerState.java:run(143)) - om1@group-C5BA1605619E-FollowerState: change to CANDIDATE, lastRpcElapsedTime:1016415585ns, electionTimeout:1005ms
2023-04-18 19:34:39,069 [om1@group-C5BA1605619E-FollowerState] INFO  impl.RoleInfo (RoleInfo.java:shutdownFollowerState(110)) - om1: shutdown om1@group-C5BA1605619E-FollowerState
2023-04-18 19:34:39,070 [om1@group-C5BA1605619E-FollowerState] INFO  server.RaftServer$Division (RaftServerImpl.java:setRole(321)) - om1@group-C5BA1605619E: changes role from  FOLLOWER to CANDIDATE at term 0 for changeToCandidate
2023-04-18 19:34:39,073 [om1@group-C5BA1605619E-FollowerState] INFO  server.RaftServerConfigKeys (ConfUtils.java:logGet(46)) - raft.server.leaderelection.pre-vote = true (default)
2023-04-18 19:34:39,073 [om1@group-C5BA1605619E-FollowerState] INFO  impl.RoleInfo (RoleInfo.java:updateAndGet(139)) - om1: start om1@group-C5BA1605619E-LeaderElection1
2023-04-18 19:34:39,076 [om1@group-C5BA1605619E-LeaderElection1] INFO  impl.LeaderElection (LeaderElection.java:askForVotes(312)) - om1@group-C5BA1605619E-LeaderElection1 PRE_VOTE round 0: submit vote requests at term 0 for -1: peers:[om1|rpc:localhost:9872|priority:0|startupRole:FOLLOWER]|listeners:[], old=null
2023-04-18 19:34:39,076 [om1@group-C5BA1605619E-LeaderElection1] INFO  impl.LeaderElection (LeaderElection.java:askForVotes(314)) - om1@group-C5BA1605619E-LeaderElection1 PRE_VOTE round 0: result PASSED (term=0)
2023-04-18 19:34:39,079 [om1@group-C5BA1605619E-LeaderElection1] INFO  impl.LeaderElection (LeaderElection.java:askForVotes(312)) - om1@group-C5BA1605619E-LeaderElection1 ELECTION round 0: submit vote requests at term 1 for -1: peers:[om1|rpc:localhost:9872|priority:0|startupRole:FOLLOWER]|listeners:[], old=null
2023-04-18 19:34:39,079 [om1@group-C5BA1605619E-LeaderElection1] INFO  impl.LeaderElection (LeaderElection.java:askForVotes(314)) - om1@group-C5BA1605619E-LeaderElection1 ELECTION round 0: result PASSED (term=1)
2023-04-18 19:34:39,079 [om1@group-C5BA1605619E-LeaderElection1] INFO  impl.RoleInfo (RoleInfo.java:shutdownLeaderElection(130)) - om1: shutdown om1@group-C5BA1605619E-LeaderElection1
2023-04-18 19:34:39,079 [om1@group-C5BA1605619E-LeaderElection1] INFO  server.RaftServer$Division (RaftServerImpl.java:setRole(321)) - om1@group-C5BA1605619E: changes role from CANDIDATE to LEADER at term 1 for changeToLeader
2023-04-18 19:34:39,081 [om1@group-C5BA1605619E-LeaderElection1] INFO  server.RaftServer$Division (ServerState.java:setLeader(313)) - om1@group-C5BA1605619E: change Leader from null to om1 at term 1 for becomeLeader, leader elected after 2130ms
2023-04-18 19:34:39,086 [om1@group-C5BA1605619E-LeaderElection1] INFO  server.RaftServerConfigKeys (ConfUtils.java:logGet(46)) - raft.server.staging.catchup.gap = 1000 (default)
2023-04-18 19:34:39,094 [om1@group-C5BA1605619E-LeaderElection1] INFO  server.RaftServerConfigKeys (ConfUtils.java:logGet(46)) - raft.server.write.element-limit = 4096 (default)
2023-04-18 19:34:39,094 [om1@group-C5BA1605619E-LeaderElection1] INFO  server.RaftServerConfigKeys (ConfUtils.java:logGet(46)) - raft.server.write.byte-limit = 64MB (=67108864) (default)
2023-04-18 19:34:39,099 [om1@group-C5BA1605619E-LeaderElection1] INFO  server.RaftServerConfigKeys (ConfUtils.java:logGet(46)) - raft.server.watch.timeout = 10s (default)
2023-04-18 19:34:39,100 [om1@group-C5BA1605619E-LeaderElection1] INFO  server.RaftServerConfigKeys (ConfUtils.java:logGet(46)) - raft.server.watch.timeout.denomination = 1s (default)
2023-04-18 19:34:39,100 [om1@group-C5BA1605619E-LeaderElection1] INFO  server.RaftServerConfigKeys (ConfUtils.java:logGet(46)) - raft.server.watch.element-limit = 65536 (default)
2023-04-18 19:34:39,104 [om1@group-C5BA1605619E-LeaderElection1] INFO  server.RaftServerConfigKeys (ConfUtils.java:logGet(46)) - raft.server.write.element-limit = 4096 (default)
2023-04-18 19:34:39,106 [om1@group-C5BA1605619E-LeaderElection1] INFO  server.RaftServerConfigKeys (ConfUtils.java:logGet(46)) - raft.server.write.follower.gap.ratio.max = -1.0 (default)
2023-04-18 19:34:39,108 [om1@group-C5BA1605619E-LeaderElection1] INFO  impl.RoleInfo (RoleInfo.java:updateAndGet(139)) - om1: start om1@group-C5BA1605619E-LeaderStateImpl
2023-04-18 19:34:39,131 [om1@group-C5BA1605619E-LeaderElection1] INFO  segmented.SegmentedRaftLogWorker (SegmentedRaftLogWorker.java:startLogSegment(452)) - om1@group-C5BA1605619E-SegmentedRaftLogWorker: Starting segment from index:0
2023-04-18 19:34:39,144 [Listener at 127.0.0.1/45463] INFO  handler.ContextHandler (ContextHandler.java:doStart(921)) - Started o.e.j.w.WebAppContext@5cf8a5c9{hddsDatanode,/,file:///home/runner/work/ozone/ozone/hadoop-ozone/integration-test/target/test-dir/MiniOzoneClusterImpl-184ce46c-7709-4843-8010-c45aadaa38f8/datanode-0/meta/webserver/jetty-0_0_0_0-42197-hdds-container-service-1_4_0-SNAPSHOT_jar-_-any-3836300480056519402/webapp/,AVAILABLE}{jar:file:/home/runner/.m2/repository/org/apache/ozone/hdds-container-service/1.4.0-SNAPSHOT/hdds-container-service-1.4.0-SNAPSHOT.jar!/webapps/hddsDatanode}
2023-04-18 19:34:39,153 [Listener at 127.0.0.1/45463] INFO  server.AbstractConnector (AbstractConnector.java:doStart(333)) - Started ServerConnector@74061bd1{HTTP/1.1, (http/1.1)}{0.0.0.0:42197}
2023-04-18 19:34:39,154 [Listener at 127.0.0.1/45463] INFO  server.Server (Server.java:doStart(415)) - Started @8148ms
2023-04-18 19:34:39,154 [Listener at 127.0.0.1/45463] WARN  impl.MetricsSystemImpl (MetricsSystemImpl.java:register(279)) - Sink prometheus already exists!
2023-04-18 19:34:39,172 [Listener at 127.0.0.1/45463] INFO  http.BaseHttpServer (BaseHttpServer.java:updateConnectorAddress(344)) - HTTP server of hddsDatanode listening at http://0.0.0.0:42197
2023-04-18 19:34:39,172 [om1@group-C5BA1605619E-LeaderElection1] INFO  server.RaftServer$Division (ServerState.java:setRaftConf(430)) - om1@group-C5BA1605619E: set configuration 0: peers:[om1|rpc:localhost:9872|admin:|client:|dataStream:|priority:0|startupRole:FOLLOWER]|listeners:[], old=null
2023-04-18 19:34:39,176 [Listener at 127.0.0.1/45463] WARN  impl.MetricRegistriesImpl (MetricRegistriesImpl.java:addReporterRegistration(111)) - New reporters are added after registries were created. Some metrics will be missing from the reporter. Please add reporter before adding any new registry.
2023-04-18 19:34:39,177 [Listener at 127.0.0.1/45463] WARN  impl.MetricRegistriesImpl (MetricRegistriesImpl.java:addReporterRegistration(111)) - New reporters are added after registries were created. Some metrics will be missing from the reporter. Please add reporter before adding any new registry.
2023-04-18 19:34:39,177 [Listener at 127.0.0.1/45463] INFO  impl.MetricsSystemImpl (MetricsSystemImpl.java:init(158)) - HddsDatanode metrics system started (again)
2023-04-18 19:34:39,183 [Datanode State Machine Daemon Thread] INFO  statemachine.DatanodeStateMachine (DatanodeStateMachine.java:lambda$startDaemon$0(517)) - Ozone container server started.
2023-04-18 19:34:39,203 [org.apache.hadoop.util.JvmPauseMonitor$Monitor@56f599b3] INFO  util.JvmPauseMonitor (JvmPauseMonitor.java:run(188)) - Starting JVM pause monitor
2023-04-18 19:34:39,211 [Listener at 127.0.0.1/45463] INFO  ozone.HddsDatanodeService (HddsDatanodeService.java:start(252)) - HddsDatanodeService host:fv-az203-717 ip:10.1.0.22
2023-04-18 19:34:39,249 [Listener at 127.0.0.1/45463] INFO  upgrade.AbstractLayoutVersionManager (AbstractLayoutVersionManager.java:init(83)) - Initializing Layout version manager with metadata layout = WEBUI_PORTS_IN_DATANODEDETAILS (version = 6), software layout = WEBUI_PORTS_IN_DATANODEDETAILS (version = 6)
2023-04-18 19:34:39,309 [om1@group-C5BA1605619E-SegmentedRaftLogWorker] INFO  segmented.SegmentedRaftLogWorker (SegmentedRaftLogWorker.java:execute(656)) - om1@group-C5BA1605619E-SegmentedRaftLogWorker: created new log segment /home/runner/work/ozone/ozone/hadoop-ozone/integration-test/target/test-dir/MiniOzoneClusterImpl-184ce46c-7709-4843-8010-c45aadaa38f8/ozone-meta/ratis/bf265839-605b-3f16-9796-c5ba1605619e/current/log_inprogress_0
2023-04-18 19:34:39,395 [Listener at 127.0.0.1/45463] INFO  reflections.Reflections (Reflections.java:scan(232)) - Reflections took 143 ms to scan 7 urls, producing 156 keys and 369 values 
2023-04-18 19:34:39,397 [Listener at 127.0.0.1/45463] INFO  statemachine.DatanodeStateMachine (DatanodeStateMachine.java:getEndPointTaskThreadPoolSize(260)) - Datanode State Machine Task Thread Pool size 2
2023-04-18 19:34:39,420 [Listener at 127.0.0.1/45463] INFO  volume.HddsVolume (HddsVolume.java:<init>(130)) - Creating HddsVolume: /home/runner/work/ozone/ozone/hadoop-ozone/integration-test/target/test-dir/MiniOzoneClusterImpl-184ce46c-7709-4843-8010-c45aadaa38f8/datanode-1/data-0/containers/hdds of storage type : DISK capacity : 9223372036854775807
2023-04-18 19:34:39,421 [Listener at 127.0.0.1/45463] INFO  volume.MutableVolumeSet (MutableVolumeSet.java:initializeVolumeSet(175)) - Added Volume : /home/runner/work/ozone/ozone/hadoop-ozone/integration-test/target/test-dir/MiniOzoneClusterImpl-184ce46c-7709-4843-8010-c45aadaa38f8/datanode-1/data-0/containers/hdds to VolumeSet
2023-04-18 19:34:39,421 [Listener at 127.0.0.1/45463] INFO  volume.ThrottledAsyncChecker (ThrottledAsyncChecker.java:schedule(141)) - Scheduling a check for /home/runner/work/ozone/ozone/hadoop-ozone/integration-test/target/test-dir/MiniOzoneClusterImpl-184ce46c-7709-4843-8010-c45aadaa38f8/datanode-1/data-0/containers/hdds
2023-04-18 19:34:39,429 [Listener at 127.0.0.1/45463] INFO  volume.StorageVolumeChecker (StorageVolumeChecker.java:checkAllVolumes(202)) - Scheduled health check for volume /home/runner/work/ozone/ozone/hadoop-ozone/integration-test/target/test-dir/MiniOzoneClusterImpl-184ce46c-7709-4843-8010-c45aadaa38f8/datanode-1/data-0/containers/hdds
2023-04-18 19:34:39,448 [Listener at 127.0.0.1/45463] INFO  volume.MutableVolumeSet (MutableVolumeSet.java:initializeVolumeSet(175)) - Added Volume : /home/runner/work/ozone/ozone/hadoop-ozone/integration-test/target/test-dir/MiniOzoneClusterImpl-184ce46c-7709-4843-8010-c45aadaa38f8/datanode-1/data/ratis to VolumeSet
2023-04-18 19:34:39,448 [Listener at 127.0.0.1/45463] INFO  volume.ThrottledAsyncChecker (ThrottledAsyncChecker.java:schedule(141)) - Scheduling a check for /home/runner/work/ozone/ozone/hadoop-ozone/integration-test/target/test-dir/MiniOzoneClusterImpl-184ce46c-7709-4843-8010-c45aadaa38f8/datanode-1/data/ratis
2023-04-18 19:34:39,449 [Listener at 127.0.0.1/45463] INFO  volume.StorageVolumeChecker (StorageVolumeChecker.java:checkAllVolumes(202)) - Scheduled health check for volume /home/runner/work/ozone/ozone/hadoop-ozone/integration-test/target/test-dir/MiniOzoneClusterImpl-184ce46c-7709-4843-8010-c45aadaa38f8/datanode-1/data/ratis
2023-04-18 19:34:39,458 [Datanode State Machine Task Thread - 0] INFO  datanode.InitDatanodeState (InitDatanodeState.java:persistContainerDatanodeDetails(138)) - DatanodeDetails is persisted to /home/runner/work/ozone/ozone/hadoop-ozone/integration-test/target/test-dir/MiniOzoneClusterImpl-184ce46c-7709-4843-8010-c45aadaa38f8/datanode-0/meta/datanode.id
2023-04-18 19:34:39,463 [Thread-154] INFO  ozoneimpl.ContainerReader (ContainerReader.java:readVolume(175)) - Finish verifying containers on volume /home/runner/work/ozone/ozone/hadoop-ozone/integration-test/target/test-dir/MiniOzoneClusterImpl-184ce46c-7709-4843-8010-c45aadaa38f8/datanode-1/data-0/containers/hdds
2023-04-18 19:34:39,464 [Listener at 127.0.0.1/45463] INFO  ozoneimpl.OzoneContainer (OzoneContainer.java:buildContainerSet(303)) - Build ContainerSet costs 0s
2023-04-18 19:34:39,470 [Listener at 127.0.0.1/45463] INFO  server.RaftServer (ConfUtils.java:logGet(46)) - raft.rpc.type = GRPC (default)
2023-04-18 19:34:39,470 [Listener at 127.0.0.1/45463] INFO  grpc.GrpcConfigKeys (ConfUtils.java:logFallback(53)) - raft.grpc.admin.host = null (fallback to raft.grpc.server.host)
2023-04-18 19:34:39,470 [Listener at 127.0.0.1/45463] INFO  grpc.GrpcConfigKeys (ConfUtils.java:logGet(46)) - raft.grpc.admin.port = 0 (custom)
2023-04-18 19:34:39,471 [Listener at 127.0.0.1/45463] INFO  grpc.GrpcConfigKeys (ConfUtils.java:logFallback(53)) - raft.grpc.client.host = null (fallback to raft.grpc.server.host)
2023-04-18 19:34:39,471 [Listener at 127.0.0.1/45463] INFO  grpc.GrpcConfigKeys (ConfUtils.java:logGet(46)) - raft.grpc.client.port = 0 (custom)
2023-04-18 19:34:39,471 [Listener at 127.0.0.1/45463] INFO  grpc.GrpcConfigKeys (ConfUtils.java:logGet(46)) - raft.grpc.server.host = null (default)
2023-04-18 19:34:39,471 [Listener at 127.0.0.1/45463] INFO  grpc.GrpcConfigKeys (ConfUtils.java:logGet(46)) - raft.grpc.server.port = 0 (default)
2023-04-18 19:34:39,471 [Listener at 127.0.0.1/45463] INFO  server.GrpcService (ConfUtils.java:logGet(46)) - raft.grpc.message.size.max = 32MB (=33554432) (custom)
2023-04-18 19:34:39,471 [Listener at 127.0.0.1/45463] INFO  server.RaftServerConfigKeys (ConfUtils.java:logGet(46)) - raft.server.log.appender.buffer.byte-limit = 33554432 (custom)
2023-04-18 19:34:39,471 [Listener at 127.0.0.1/45463] INFO  server.GrpcService (ConfUtils.java:logGet(46)) - raft.grpc.flow.control.window = 5MB (=5242880) (custom)
2023-04-18 19:34:39,472 [Listener at 127.0.0.1/45463] INFO  server.RaftServerConfigKeys (ConfUtils.java:logGet(46)) - raft.server.rpc.request.timeout = 60s (custom)
2023-04-18 19:34:39,472 [Listener at 127.0.0.1/45463] INFO  grpc.GrpcConfigKeys (ConfUtils.java:logGet(46)) - raft.grpc.server.heartbeat.channel = true (default)
2023-04-18 19:34:39,472 [Listener at 127.0.0.1/45463] INFO  grpc.GrpcConfigKeys (ConfUtils.java:logGet(46)) - raft.grpc.server.async.request.thread.pool.cached = true (default)
2023-04-18 19:34:39,472 [Listener at 127.0.0.1/45463] INFO  grpc.GrpcConfigKeys (ConfUtils.java:logGet(46)) - raft.grpc.server.async.request.thread.pool.size = 32 (default)
2023-04-18 19:34:39,473 [Listener at 127.0.0.1/45463] INFO  impl.DataStreamServerImpl (ConfUtils.java:logGet(46)) - raft.datastream.type = NETTY (custom)
2023-04-18 19:34:39,473 [Listener at 127.0.0.1/45463] INFO  server.RaftServerConfigKeys (ConfUtils.java:logGet(46)) - raft.server.data-stream.async.request.thread.pool.cached = false (default)
2023-04-18 19:34:39,473 [Listener at 127.0.0.1/45463] INFO  server.RaftServerConfigKeys (ConfUtils.java:logGet(46)) - raft.server.data-stream.async.request.thread.pool.size = 20 (custom)
2023-04-18 19:34:39,474 [Listener at 127.0.0.1/45463] INFO  server.RaftServerConfigKeys (ConfUtils.java:logGet(46)) - raft.server.data-stream.async.write.thread.pool.size = 16 (default)
2023-04-18 19:34:39,474 [Listener at 127.0.0.1/45463] INFO  server.RaftServerConfigKeys (ConfUtils.java:logGet(46)) - raft.server.data-stream.client.pool.size = 10 (default)
2023-04-18 19:34:39,474 [Listener at 127.0.0.1/45463] INFO  netty.NettyConfigKeys$DataStream (ConfUtils.java:logGet(46)) - raft.netty.dataStream.server.use-epoll = false (default)
2023-04-18 19:34:39,474 [Listener at 127.0.0.1/45463] INFO  netty.NettyConfigKeys$DataStream (ConfUtils.java:logGet(46)) - raft.netty.dataStream.server.boss-group.size = 0 (default)
2023-04-18 19:34:39,474 [Listener at 127.0.0.1/45463] INFO  netty.NettyConfigKeys$DataStream (ConfUtils.java:logGet(46)) - raft.netty.dataStream.server.worker-group.size = 0 (default)
2023-04-18 19:34:39,475 [Listener at 127.0.0.1/45463] INFO  netty.NettyConfigKeys$DataStream (ConfUtils.java:logGet(46)) - raft.netty.dataStream.server.tls.conf = null (default)
2023-04-18 19:34:39,475 [Listener at 127.0.0.1/45463] INFO  netty.NettyConfigKeys$DataStream (ConfUtils.java:logGet(46)) - raft.netty.dataStream.host = null (default)
2023-04-18 19:34:39,475 [Listener at 127.0.0.1/45463] INFO  netty.NettyConfigKeys$DataStream (ConfUtils.java:logGet(46)) - raft.netty.dataStream.port = 0 (default)
2023-04-18 19:34:39,484 [Listener at 127.0.0.1/45463] INFO  server.RaftServerConfigKeys (ConfUtils.java:logGet(46)) - raft.server.threadpool.proxy.cached = true (default)
2023-04-18 19:34:39,485 [Listener at 127.0.0.1/45463] INFO  server.RaftServerConfigKeys (ConfUtils.java:logGet(46)) - raft.server.threadpool.proxy.size = 0 (default)
2023-04-18 19:34:39,485 [Listener at 127.0.0.1/45463] INFO  server.RaftServerConfigKeys (ConfUtils.java:logGet(46)) - raft.server.rpc.slowness.timeout = 300s (custom)
2023-04-18 19:34:39,485 [Listener at 127.0.0.1/45463] INFO  server.RaftServerConfigKeys (ConfUtils.java:logGet(46)) - raft.server.leaderelection.leader.step-down.wait-time = 10s (default)
2023-04-18 19:34:39,485 [Listener at 127.0.0.1/45463] INFO  server.RaftServerConfigKeys (ConfUtils.java:logGet(46)) - raft.server.storage.dir = [/home/runner/work/ozone/ozone/hadoop-ozone/integration-test/target/test-dir/MiniOzoneClusterImpl-184ce46c-7709-4843-8010-c45aadaa38f8/datanode-1/data/ratis] (custom)
2023-04-18 19:34:39,493 [4bcfc98d-1351-440f-af15-56158ce83d77-NettyServerStreamRpc-bossGroup--thread1] INFO  logging.LoggingHandler (AbstractInternalLogger.java:log(148)) - [id: 0x87706ca7] REGISTERED
2023-04-18 19:34:39,494 [4bcfc98d-1351-440f-af15-56158ce83d77-NettyServerStreamRpc-bossGroup--thread1] INFO  logging.LoggingHandler (AbstractInternalLogger.java:log(148)) - [id: 0x87706ca7] BIND: 0.0.0.0/0.0.0.0:0
2023-04-18 19:34:39,494 [4bcfc98d-1351-440f-af15-56158ce83d77-NettyServerStreamRpc-bossGroup--thread1] INFO  logging.LoggingHandler (AbstractInternalLogger.java:log(148)) - [id: 0x87706ca7, L:/0:0:0:0:0:0:0:0:39131] ACTIVE
2023-04-18 19:34:39,496 [Listener at 127.0.0.1/45463] INFO  server.XceiverServerGrpc (XceiverServerGrpc.java:<init>(132)) - GrpcServer channel type EpollServerSocketChannel
2023-04-18 19:34:39,501 [om1@group-C5BA1605619E-StateMachineUpdater] INFO  ratis.OzoneManagerStateMachine (OzoneManagerStateMachine.java:notifyConfigurationChanged(200)) - Received Configuration change notification from Ratis. New Peer list:
[id: "om1"
address: "localhost:9872"
startupRole: FOLLOWER
]
2023-04-18 19:34:39,504 [Listener at 127.0.0.1/45463] INFO  http.BaseHttpServer (BaseHttpServer.java:newHttpServer2BuilderForOzone(224)) - Starting Web-server for hddsDatanode at: http://0.0.0.0:0
2023-04-18 19:34:39,504 [Listener at 127.0.0.1/45463] INFO  http.BaseHttpServer (BaseHttpServer.java:<init>(111)) - Hadoop Security Enabled: false Ozone Security Enabled: false Ozone HTTP Security Enabled: false 
2023-04-18 19:34:39,506 [Listener at 127.0.0.1/45463] WARN  server.AuthenticationFilter (AuthenticationFilter.java:constructSecretProvider(240)) - Unable to initialize FileSignerSecretProvider, falling back to use random secrets. Reason: Could not read signature secret file: /home/runner/hadoop-http-auth-signature-secret
2023-04-18 19:34:39,507 [Listener at 127.0.0.1/45463] INFO  http.HttpRequestLog (HttpRequestLog.java:getRequestLog(86)) - Http request log for http.requests.hddsDatanode is not defined
2023-04-18 19:34:39,508 [Listener at 127.0.0.1/45463] INFO  http.HttpServer2 (HttpServer2.java:addGlobalFilter(1031)) - Added global filter 'safety' (class=org.apache.hadoop.hdds.server.http.HttpServer2$QuotingInputFilter)
2023-04-18 19:34:39,509 [Listener at 127.0.0.1/45463] INFO  http.HttpServer2 (HttpServer2.java:addFilter(1007)) - Added filter static_user_filter (class=org.apache.hadoop.http.lib.StaticUserWebFilter$StaticUserFilter) to context hddsDatanode
2023-04-18 19:34:39,509 [Listener at 127.0.0.1/45463] INFO  http.HttpServer2 (HttpServer2.java:addFilter(1015)) - Added filter static_user_filter (class=org.apache.hadoop.http.lib.StaticUserWebFilter$StaticUserFilter) to context logs
2023-04-18 19:34:39,509 [Listener at 127.0.0.1/45463] INFO  http.HttpServer2 (HttpServer2.java:addFilter(1015)) - Added filter static_user_filter (class=org.apache.hadoop.http.lib.StaticUserWebFilter$StaticUserFilter) to context static
2023-04-18 19:34:39,510 [Listener at 127.0.0.1/45463] INFO  http.BaseHttpServer (BaseHttpServer.java:<init>(190)) - HTTP server of hddsDatanode uses base directory /home/runner/work/ozone/ozone/hadoop-ozone/integration-test/target/test-dir/MiniOzoneClusterImpl-184ce46c-7709-4843-8010-c45aadaa38f8/datanode-1/meta/webserver
2023-04-18 19:34:39,510 [Listener at 127.0.0.1/45463] INFO  http.HttpServer2 (HttpServer2.java:bindListener(1250)) - Jetty bound to port 38713
2023-04-18 19:34:39,510 [Listener at 127.0.0.1/45463] INFO  server.Server (Server.java:doStart(375)) - jetty-9.4.49.v20220914; built: 2022-09-14T01:07:36.601Z; git: 4231a3b2e4cb8548a412a789936d640a97b1aa0a; jvm 1.8.0_362-b09
2023-04-18 19:34:39,520 [Listener at 127.0.0.1/45463] INFO  server.session (DefaultSessionIdManager.java:doStart(334)) - DefaultSessionIdManager workerName=node0
2023-04-18 19:34:39,520 [Listener at 127.0.0.1/45463] INFO  server.session (DefaultSessionIdManager.java:doStart(339)) - No SessionScavenger set, using defaults
2023-04-18 19:34:39,521 [Listener at 127.0.0.1/45463] INFO  server.session (HouseKeeper.java:startScavenging(132)) - node0 Scavenging every 600000ms
2023-04-18 19:34:39,521 [Listener at 127.0.0.1/45463] INFO  handler.ContextHandler (ContextHandler.java:doStart(921)) - Started o.e.j.s.ServletContextHandler@59b306a4{logs,/logs,file:///home/runner/work/ozone/ozone/hadoop-ozone/integration-test/target/log,AVAILABLE}
2023-04-18 19:34:39,522 [Listener at 127.0.0.1/45463] INFO  handler.ContextHandler (ContextHandler.java:doStart(921)) - Started o.e.j.s.ServletContextHandler@cd59ef8{static,/static,jar:file:/home/runner/.m2/repository/org/apache/ozone/hdds-container-service/1.4.0-SNAPSHOT/hdds-container-service-1.4.0-SNAPSHOT.jar!/webapps/static,AVAILABLE}
2023-04-18 19:34:39,718 [Listener at 127.0.0.1/45463] INFO  handler.ContextHandler (ContextHandler.java:doStart(921)) - Started o.e.j.w.WebAppContext@76f51ce2{hddsDatanode,/,file:///home/runner/work/ozone/ozone/hadoop-ozone/integration-test/target/test-dir/MiniOzoneClusterImpl-184ce46c-7709-4843-8010-c45aadaa38f8/datanode-1/meta/webserver/jetty-0_0_0_0-38713-hdds-container-service-1_4_0-SNAPSHOT_jar-_-any-950550135579130743/webapp/,AVAILABLE}{jar:file:/home/runner/.m2/repository/org/apache/ozone/hdds-container-service/1.4.0-SNAPSHOT/hdds-container-service-1.4.0-SNAPSHOT.jar!/webapps/hddsDatanode}
2023-04-18 19:34:39,722 [Listener at 127.0.0.1/45463] INFO  server.AbstractConnector (AbstractConnector.java:doStart(333)) - Started ServerConnector@17e96bfa{HTTP/1.1, (http/1.1)}{0.0.0.0:38713}
2023-04-18 19:34:39,722 [Listener at 127.0.0.1/45463] INFO  server.Server (Server.java:doStart(415)) - Started @8717ms
2023-04-18 19:34:39,723 [Listener at 127.0.0.1/45463] WARN  impl.MetricsSystemImpl (MetricsSystemImpl.java:register(279)) - Sink prometheus already exists!
2023-04-18 19:34:39,723 [Listener at 127.0.0.1/45463] INFO  http.BaseHttpServer (BaseHttpServer.java:updateConnectorAddress(344)) - HTTP server of hddsDatanode listening at http://0.0.0.0:38713
2023-04-18 19:34:39,724 [Listener at 127.0.0.1/45463] WARN  impl.MetricRegistriesImpl (MetricRegistriesImpl.java:addReporterRegistration(111)) - New reporters are added after registries were created. Some metrics will be missing from the reporter. Please add reporter before adding any new registry.
2023-04-18 19:34:39,724 [Listener at 127.0.0.1/45463] WARN  impl.MetricRegistriesImpl (MetricRegistriesImpl.java:addReporterRegistration(111)) - New reporters are added after registries were created. Some metrics will be missing from the reporter. Please add reporter before adding any new registry.
2023-04-18 19:34:39,724 [Listener at 127.0.0.1/45463] INFO  impl.MetricsSystemImpl (MetricsSystemImpl.java:init(158)) - HddsDatanode metrics system started (again)
2023-04-18 19:34:39,727 [Datanode State Machine Daemon Thread] INFO  statemachine.DatanodeStateMachine (DatanodeStateMachine.java:lambda$startDaemon$0(517)) - Ozone container server started.
2023-04-18 19:34:39,737 [Listener at 127.0.0.1/45463] INFO  ozone.HddsDatanodeService (HddsDatanodeService.java:start(252)) - HddsDatanodeService host:fv-az203-717 ip:10.1.0.22
2023-04-18 19:34:39,744 [org.apache.hadoop.util.JvmPauseMonitor$Monitor@6676b644] INFO  util.JvmPauseMonitor (JvmPauseMonitor.java:run(188)) - Starting JVM pause monitor
2023-04-18 19:34:39,757 [Listener at 127.0.0.1/45463] INFO  upgrade.AbstractLayoutVersionManager (AbstractLayoutVersionManager.java:init(83)) - Initializing Layout version manager with metadata layout = WEBUI_PORTS_IN_DATANODEDETAILS (version = 6), software layout = WEBUI_PORTS_IN_DATANODEDETAILS (version = 6)
2023-04-18 19:34:39,758 [Datanode State Machine Task Thread - 0] INFO  datanode.InitDatanodeState (InitDatanodeState.java:persistContainerDatanodeDetails(138)) - DatanodeDetails is persisted to /home/runner/work/ozone/ozone/hadoop-ozone/integration-test/target/test-dir/MiniOzoneClusterImpl-184ce46c-7709-4843-8010-c45aadaa38f8/datanode-1/meta/datanode.id
2023-04-18 19:34:39,808 [Listener at 127.0.0.1/45463] INFO  reflections.Reflections (Reflections.java:scan(232)) - Reflections took 49 ms to scan 7 urls, producing 156 keys and 369 values 
2023-04-18 19:34:39,810 [Listener at 127.0.0.1/45463] INFO  statemachine.DatanodeStateMachine (DatanodeStateMachine.java:getEndPointTaskThreadPoolSize(260)) - Datanode State Machine Task Thread Pool size 2
2023-04-18 19:34:39,812 [Listener at 127.0.0.1/45463] INFO  volume.HddsVolume (HddsVolume.java:<init>(130)) - Creating HddsVolume: /home/runner/work/ozone/ozone/hadoop-ozone/integration-test/target/test-dir/MiniOzoneClusterImpl-184ce46c-7709-4843-8010-c45aadaa38f8/datanode-2/data-0/containers/hdds of storage type : DISK capacity : 9223372036854775807
2023-04-18 19:34:39,813 [Listener at 127.0.0.1/45463] INFO  volume.MutableVolumeSet (MutableVolumeSet.java:initializeVolumeSet(175)) - Added Volume : /home/runner/work/ozone/ozone/hadoop-ozone/integration-test/target/test-dir/MiniOzoneClusterImpl-184ce46c-7709-4843-8010-c45aadaa38f8/datanode-2/data-0/containers/hdds to VolumeSet
2023-04-18 19:34:39,813 [Listener at 127.0.0.1/45463] INFO  volume.ThrottledAsyncChecker (ThrottledAsyncChecker.java:schedule(141)) - Scheduling a check for /home/runner/work/ozone/ozone/hadoop-ozone/integration-test/target/test-dir/MiniOzoneClusterImpl-184ce46c-7709-4843-8010-c45aadaa38f8/datanode-2/data-0/containers/hdds
2023-04-18 19:34:39,819 [Listener at 127.0.0.1/45463] INFO  volume.StorageVolumeChecker (StorageVolumeChecker.java:checkAllVolumes(202)) - Scheduled health check for volume /home/runner/work/ozone/ozone/hadoop-ozone/integration-test/target/test-dir/MiniOzoneClusterImpl-184ce46c-7709-4843-8010-c45aadaa38f8/datanode-2/data-0/containers/hdds
2023-04-18 19:34:39,831 [Listener at 127.0.0.1/45463] INFO  volume.MutableVolumeSet (MutableVolumeSet.java:initializeVolumeSet(175)) - Added Volume : /home/runner/work/ozone/ozone/hadoop-ozone/integration-test/target/test-dir/MiniOzoneClusterImpl-184ce46c-7709-4843-8010-c45aadaa38f8/datanode-2/data/ratis to VolumeSet
2023-04-18 19:34:39,831 [Listener at 127.0.0.1/45463] INFO  volume.ThrottledAsyncChecker (ThrottledAsyncChecker.java:schedule(141)) - Scheduling a check for /home/runner/work/ozone/ozone/hadoop-ozone/integration-test/target/test-dir/MiniOzoneClusterImpl-184ce46c-7709-4843-8010-c45aadaa38f8/datanode-2/data/ratis
2023-04-18 19:34:39,832 [Listener at 127.0.0.1/45463] INFO  volume.StorageVolumeChecker (StorageVolumeChecker.java:checkAllVolumes(202)) - Scheduled health check for volume /home/runner/work/ozone/ozone/hadoop-ozone/integration-test/target/test-dir/MiniOzoneClusterImpl-184ce46c-7709-4843-8010-c45aadaa38f8/datanode-2/data/ratis
2023-04-18 19:34:39,842 [Thread-168] INFO  ozoneimpl.ContainerReader (ContainerReader.java:readVolume(175)) - Finish verifying containers on volume /home/runner/work/ozone/ozone/hadoop-ozone/integration-test/target/test-dir/MiniOzoneClusterImpl-184ce46c-7709-4843-8010-c45aadaa38f8/datanode-2/data-0/containers/hdds
2023-04-18 19:34:39,843 [Listener at 127.0.0.1/45463] INFO  ozoneimpl.OzoneContainer (OzoneContainer.java:buildContainerSet(303)) - Build ContainerSet costs 0s
2023-04-18 19:34:39,846 [Listener at 127.0.0.1/45463] INFO  server.RaftServer (ConfUtils.java:logGet(46)) - raft.rpc.type = GRPC (default)
2023-04-18 19:34:39,846 [Listener at 127.0.0.1/45463] INFO  grpc.GrpcConfigKeys (ConfUtils.java:logFallback(53)) - raft.grpc.admin.host = null (fallback to raft.grpc.server.host)
2023-04-18 19:34:39,846 [Listener at 127.0.0.1/45463] INFO  grpc.GrpcConfigKeys (ConfUtils.java:logGet(46)) - raft.grpc.admin.port = 0 (custom)
2023-04-18 19:34:39,846 [Listener at 127.0.0.1/45463] INFO  grpc.GrpcConfigKeys (ConfUtils.java:logFallback(53)) - raft.grpc.client.host = null (fallback to raft.grpc.server.host)
2023-04-18 19:34:39,846 [Listener at 127.0.0.1/45463] INFO  grpc.GrpcConfigKeys (ConfUtils.java:logGet(46)) - raft.grpc.client.port = 0 (custom)
2023-04-18 19:34:39,846 [Listener at 127.0.0.1/45463] INFO  grpc.GrpcConfigKeys (ConfUtils.java:logGet(46)) - raft.grpc.server.host = null (default)
2023-04-18 19:34:39,846 [Listener at 127.0.0.1/45463] INFO  grpc.GrpcConfigKeys (ConfUtils.java:logGet(46)) - raft.grpc.server.port = 0 (default)
2023-04-18 19:34:39,847 [Listener at 127.0.0.1/45463] INFO  server.GrpcService (ConfUtils.java:logGet(46)) - raft.grpc.message.size.max = 32MB (=33554432) (custom)
2023-04-18 19:34:39,847 [Listener at 127.0.0.1/45463] INFO  server.RaftServerConfigKeys (ConfUtils.java:logGet(46)) - raft.server.log.appender.buffer.byte-limit = 33554432 (custom)
2023-04-18 19:34:39,847 [Listener at 127.0.0.1/45463] INFO  server.GrpcService (ConfUtils.java:logGet(46)) - raft.grpc.flow.control.window = 5MB (=5242880) (custom)
2023-04-18 19:34:39,847 [Listener at 127.0.0.1/45463] INFO  server.RaftServerConfigKeys (ConfUtils.java:logGet(46)) - raft.server.rpc.request.timeout = 60s (custom)
2023-04-18 19:34:39,847 [Listener at 127.0.0.1/45463] INFO  grpc.GrpcConfigKeys (ConfUtils.java:logGet(46)) - raft.grpc.server.heartbeat.channel = true (default)
2023-04-18 19:34:39,847 [Listener at 127.0.0.1/45463] INFO  grpc.GrpcConfigKeys (ConfUtils.java:logGet(46)) - raft.grpc.server.async.request.thread.pool.cached = true (default)
2023-04-18 19:34:39,847 [Listener at 127.0.0.1/45463] INFO  grpc.GrpcConfigKeys (ConfUtils.java:logGet(46)) - raft.grpc.server.async.request.thread.pool.size = 32 (default)
2023-04-18 19:34:39,848 [Listener at 127.0.0.1/45463] INFO  impl.DataStreamServerImpl (ConfUtils.java:logGet(46)) - raft.datastream.type = NETTY (custom)
2023-04-18 19:34:39,849 [Listener at 127.0.0.1/45463] INFO  server.RaftServerConfigKeys (ConfUtils.java:logGet(46)) - raft.server.data-stream.async.request.thread.pool.cached = false (default)
2023-04-18 19:34:39,849 [Listener at 127.0.0.1/45463] INFO  server.RaftServerConfigKeys (ConfUtils.java:logGet(46)) - raft.server.data-stream.async.request.thread.pool.size = 20 (custom)
2023-04-18 19:34:39,849 [Listener at 127.0.0.1/45463] INFO  server.RaftServerConfigKeys (ConfUtils.java:logGet(46)) - raft.server.data-stream.async.write.thread.pool.size = 16 (default)
2023-04-18 19:34:39,849 [Listener at 127.0.0.1/45463] INFO  server.RaftServerConfigKeys (ConfUtils.java:logGet(46)) - raft.server.data-stream.client.pool.size = 10 (default)
2023-04-18 19:34:39,849 [Listener at 127.0.0.1/45463] INFO  netty.NettyConfigKeys$DataStream (ConfUtils.java:logGet(46)) - raft.netty.dataStream.server.use-epoll = false (default)
2023-04-18 19:34:39,849 [Listener at 127.0.0.1/45463] INFO  netty.NettyConfigKeys$DataStream (ConfUtils.java:logGet(46)) - raft.netty.dataStream.server.boss-group.size = 0 (default)
2023-04-18 19:34:39,850 [Listener at 127.0.0.1/45463] INFO  netty.NettyConfigKeys$DataStream (ConfUtils.java:logGet(46)) - raft.netty.dataStream.server.worker-group.size = 0 (default)
2023-04-18 19:34:39,850 [Listener at 127.0.0.1/45463] INFO  netty.NettyConfigKeys$DataStream (ConfUtils.java:logGet(46)) - raft.netty.dataStream.server.tls.conf = null (default)
2023-04-18 19:34:39,850 [Listener at 127.0.0.1/45463] INFO  netty.NettyConfigKeys$DataStream (ConfUtils.java:logGet(46)) - raft.netty.dataStream.host = null (default)
2023-04-18 19:34:39,851 [Listener at 127.0.0.1/45463] INFO  netty.NettyConfigKeys$DataStream (ConfUtils.java:logGet(46)) - raft.netty.dataStream.port = 0 (default)
2023-04-18 19:34:39,851 [Listener at 127.0.0.1/45463] INFO  server.RaftServerConfigKeys (ConfUtils.java:logGet(46)) - raft.server.threadpool.proxy.cached = true (default)
2023-04-18 19:34:39,851 [Listener at 127.0.0.1/45463] INFO  server.RaftServerConfigKeys (ConfUtils.java:logGet(46)) - raft.server.threadpool.proxy.size = 0 (default)
2023-04-18 19:34:39,852 [Listener at 127.0.0.1/45463] INFO  server.RaftServerConfigKeys (ConfUtils.java:logGet(46)) - raft.server.rpc.slowness.timeout = 300s (custom)
2023-04-18 19:34:39,852 [Listener at 127.0.0.1/45463] INFO  server.RaftServerConfigKeys (ConfUtils.java:logGet(46)) - raft.server.leaderelection.leader.step-down.wait-time = 10s (default)
2023-04-18 19:34:39,852 [Listener at 127.0.0.1/45463] INFO  server.RaftServerConfigKeys (ConfUtils.java:logGet(46)) - raft.server.storage.dir = [/home/runner/work/ozone/ozone/hadoop-ozone/integration-test/target/test-dir/MiniOzoneClusterImpl-184ce46c-7709-4843-8010-c45aadaa38f8/datanode-2/data/ratis] (custom)
2023-04-18 19:34:39,853 [21b868c3-9969-4e13-ad52-9b0ac48fd138-NettyServerStreamRpc-bossGroup--thread1] INFO  logging.LoggingHandler (AbstractInternalLogger.java:log(148)) - [id: 0x88895718] REGISTERED
2023-04-18 19:34:39,854 [21b868c3-9969-4e13-ad52-9b0ac48fd138-NettyServerStreamRpc-bossGroup--thread1] INFO  logging.LoggingHandler (AbstractInternalLogger.java:log(148)) - [id: 0x88895718] BIND: 0.0.0.0/0.0.0.0:0
2023-04-18 19:34:39,854 [21b868c3-9969-4e13-ad52-9b0ac48fd138-NettyServerStreamRpc-bossGroup--thread1] INFO  logging.LoggingHandler (AbstractInternalLogger.java:log(148)) - [id: 0x88895718, L:/0:0:0:0:0:0:0:0:34509] ACTIVE
2023-04-18 19:34:39,855 [Listener at 127.0.0.1/45463] INFO  server.XceiverServerGrpc (XceiverServerGrpc.java:<init>(132)) - GrpcServer channel type EpollServerSocketChannel
2023-04-18 19:34:39,863 [Listener at 127.0.0.1/45463] INFO  http.BaseHttpServer (BaseHttpServer.java:newHttpServer2BuilderForOzone(224)) - Starting Web-server for hddsDatanode at: http://0.0.0.0:0
2023-04-18 19:34:39,863 [Listener at 127.0.0.1/45463] INFO  http.BaseHttpServer (BaseHttpServer.java:<init>(111)) - Hadoop Security Enabled: false Ozone Security Enabled: false Ozone HTTP Security Enabled: false 
2023-04-18 19:34:39,865 [Listener at 127.0.0.1/45463] WARN  server.AuthenticationFilter (AuthenticationFilter.java:constructSecretProvider(240)) - Unable to initialize FileSignerSecretProvider, falling back to use random secrets. Reason: Could not read signature secret file: /home/runner/hadoop-http-auth-signature-secret
2023-04-18 19:34:39,869 [Listener at 127.0.0.1/45463] INFO  http.HttpRequestLog (HttpRequestLog.java:getRequestLog(86)) - Http request log for http.requests.hddsDatanode is not defined
2023-04-18 19:34:39,870 [Listener at 127.0.0.1/45463] INFO  http.HttpServer2 (HttpServer2.java:addGlobalFilter(1031)) - Added global filter 'safety' (class=org.apache.hadoop.hdds.server.http.HttpServer2$QuotingInputFilter)
2023-04-18 19:34:39,871 [Listener at 127.0.0.1/45463] INFO  http.HttpServer2 (HttpServer2.java:addFilter(1007)) - Added filter static_user_filter (class=org.apache.hadoop.http.lib.StaticUserWebFilter$StaticUserFilter) to context hddsDatanode
2023-04-18 19:34:39,871 [Listener at 127.0.0.1/45463] INFO  http.HttpServer2 (HttpServer2.java:addFilter(1015)) - Added filter static_user_filter (class=org.apache.hadoop.http.lib.StaticUserWebFilter$StaticUserFilter) to context static
2023-04-18 19:34:39,871 [Listener at 127.0.0.1/45463] INFO  http.HttpServer2 (HttpServer2.java:addFilter(1015)) - Added filter static_user_filter (class=org.apache.hadoop.http.lib.StaticUserWebFilter$StaticUserFilter) to context logs
2023-04-18 19:34:39,872 [Listener at 127.0.0.1/45463] INFO  http.BaseHttpServer (BaseHttpServer.java:<init>(190)) - HTTP server of hddsDatanode uses base directory /home/runner/work/ozone/ozone/hadoop-ozone/integration-test/target/test-dir/MiniOzoneClusterImpl-184ce46c-7709-4843-8010-c45aadaa38f8/datanode-2/meta/webserver
2023-04-18 19:34:39,872 [Listener at 127.0.0.1/45463] INFO  http.HttpServer2 (HttpServer2.java:bindListener(1250)) - Jetty bound to port 34495
2023-04-18 19:34:39,872 [Listener at 127.0.0.1/45463] INFO  server.Server (Server.java:doStart(375)) - jetty-9.4.49.v20220914; built: 2022-09-14T01:07:36.601Z; git: 4231a3b2e4cb8548a412a789936d640a97b1aa0a; jvm 1.8.0_362-b09
2023-04-18 19:34:39,885 [Listener at 127.0.0.1/45463] INFO  server.session (DefaultSessionIdManager.java:doStart(334)) - DefaultSessionIdManager workerName=node0
2023-04-18 19:34:39,885 [Listener at 127.0.0.1/45463] INFO  server.session (DefaultSessionIdManager.java:doStart(339)) - No SessionScavenger set, using defaults
2023-04-18 19:34:39,885 [Listener at 127.0.0.1/45463] INFO  server.session (HouseKeeper.java:startScavenging(132)) - node0 Scavenging every 600000ms
2023-04-18 19:34:39,886 [Listener at 127.0.0.1/45463] INFO  handler.ContextHandler (ContextHandler.java:doStart(921)) - Started o.e.j.s.ServletContextHandler@7f3261{logs,/logs,file:///home/runner/work/ozone/ozone/hadoop-ozone/integration-test/target/log,AVAILABLE}
2023-04-18 19:34:39,887 [Listener at 127.0.0.1/45463] INFO  handler.ContextHandler (ContextHandler.java:doStart(921)) - Started o.e.j.s.ServletContextHandler@59cab57f{static,/static,jar:file:/home/runner/.m2/repository/org/apache/ozone/hdds-container-service/1.4.0-SNAPSHOT/hdds-container-service-1.4.0-SNAPSHOT.jar!/webapps/static,AVAILABLE}
2023-04-18 19:34:40,079 [Listener at 127.0.0.1/45463] INFO  handler.ContextHandler (ContextHandler.java:doStart(921)) - Started o.e.j.w.WebAppContext@6cc4aa3d{hddsDatanode,/,file:///home/runner/work/ozone/ozone/hadoop-ozone/integration-test/target/test-dir/MiniOzoneClusterImpl-184ce46c-7709-4843-8010-c45aadaa38f8/datanode-2/meta/webserver/jetty-0_0_0_0-34495-hdds-container-service-1_4_0-SNAPSHOT_jar-_-any-1198695933533677778/webapp/,AVAILABLE}{jar:file:/home/runner/.m2/repository/org/apache/ozone/hdds-container-service/1.4.0-SNAPSHOT/hdds-container-service-1.4.0-SNAPSHOT.jar!/webapps/hddsDatanode}
2023-04-18 19:34:40,083 [Listener at 127.0.0.1/45463] INFO  server.AbstractConnector (AbstractConnector.java:doStart(333)) - Started ServerConnector@1106b71{HTTP/1.1, (http/1.1)}{0.0.0.0:34495}
2023-04-18 19:34:40,083 [Listener at 127.0.0.1/45463] INFO  server.Server (Server.java:doStart(415)) - Started @9078ms
2023-04-18 19:34:40,083 [Listener at 127.0.0.1/45463] WARN  impl.MetricsSystemImpl (MetricsSystemImpl.java:register(279)) - Sink prometheus already exists!
2023-04-18 19:34:40,084 [Listener at 127.0.0.1/45463] INFO  http.BaseHttpServer (BaseHttpServer.java:updateConnectorAddress(344)) - HTTP server of hddsDatanode listening at http://0.0.0.0:34495
2023-04-18 19:34:40,086 [Listener at 127.0.0.1/45463] INFO  ozone.MiniOzoneClusterImpl (MiniOzoneClusterImpl.java:lambda$waitForClusterToBeReady$0(222)) - Waiting for nodes to be ready. Got 0 of 3 DN Heartbeats.
2023-04-18 19:34:40,086 [Listener at 127.0.0.1/45463] INFO  ozone.MiniOzoneClusterImpl (MiniOzoneClusterImpl.java:lambda$waitForClusterToBeReady$0(225)) - Waiting for cluster to exit safe mode
2023-04-18 19:34:40,086 [Listener at 127.0.0.1/45463] INFO  ozone.MiniOzoneClusterImpl (MiniOzoneClusterImpl.java:lambda$waitForClusterToBeReady$0(227)) - SCM became leader
2023-04-18 19:34:40,086 [Datanode State Machine Daemon Thread] INFO  statemachine.DatanodeStateMachine (DatanodeStateMachine.java:lambda$startDaemon$0(517)) - Ozone container server started.
2023-04-18 19:34:40,092 [org.apache.hadoop.util.JvmPauseMonitor$Monitor@679dc1a9] INFO  util.JvmPauseMonitor (JvmPauseMonitor.java:run(188)) - Starting JVM pause monitor
2023-04-18 19:34:40,095 [Datanode State Machine Task Thread - 0] INFO  datanode.InitDatanodeState (InitDatanodeState.java:persistContainerDatanodeDetails(138)) - DatanodeDetails is persisted to /home/runner/work/ozone/ozone/hadoop-ozone/integration-test/target/test-dir/MiniOzoneClusterImpl-184ce46c-7709-4843-8010-c45aadaa38f8/datanode-2/meta/datanode.id
2023-04-18 19:34:41,086 [Listener at 127.0.0.1/45463] INFO  ozone.MiniOzoneClusterImpl (MiniOzoneClusterImpl.java:lambda$waitForClusterToBeReady$0(222)) - Waiting for nodes to be ready. Got 0 of 3 DN Heartbeats.
2023-04-18 19:34:41,086 [Listener at 127.0.0.1/45463] INFO  ozone.MiniOzoneClusterImpl (MiniOzoneClusterImpl.java:lambda$waitForClusterToBeReady$0(225)) - Waiting for cluster to exit safe mode
2023-04-18 19:34:41,087 [Listener at 127.0.0.1/45463] INFO  ozone.MiniOzoneClusterImpl (MiniOzoneClusterImpl.java:lambda$waitForClusterToBeReady$0(227)) - SCM became leader
2023-04-18 19:34:41,342 [EndpointStateMachine task thread for /0.0.0.0:37905 - 0 ] INFO  utils.DatanodeStoreCache (DatanodeStoreCache.java:addDB(58)) - Added db /home/runner/work/ozone/ozone/hadoop-ozone/integration-test/target/test-dir/MiniOzoneClusterImpl-184ce46c-7709-4843-8010-c45aadaa38f8/datanode-0/data-0/containers/hdds/184ce46c-7709-4843-8010-c45aadaa38f8/DS-cc38e17f-584c-4b85-a51c-cc37b9594273/container.db to cache
2023-04-18 19:34:41,343 [EndpointStateMachine task thread for /0.0.0.0:37905 - 0 ] INFO  volume.HddsVolume (HddsVolume.java:createDbStore(350)) - SchemaV3 db is created and loaded at /home/runner/work/ozone/ozone/hadoop-ozone/integration-test/target/test-dir/MiniOzoneClusterImpl-184ce46c-7709-4843-8010-c45aadaa38f8/datanode-0/data-0/containers/hdds/184ce46c-7709-4843-8010-c45aadaa38f8/DS-cc38e17f-584c-4b85-a51c-cc37b9594273/container.db for volume DS-cc38e17f-584c-4b85-a51c-cc37b9594273
2023-04-18 19:34:41,345 [EndpointStateMachine task thread for /0.0.0.0:37905 - 0 ] INFO  ozoneimpl.OzoneContainer (OzoneContainer.java:start(397)) - Attempting to start container services.
2023-04-18 19:34:41,347 [EndpointStateMachine task thread for /0.0.0.0:37905 - 0 ] INFO  ozoneimpl.OzoneContainer (OzoneContainer.java:startContainerScrub(314)) - Scheduled background container scanners and the on-demand container scanner have been disabled.
2023-04-18 19:34:41,348 [EndpointStateMachine task thread for /0.0.0.0:37905 - 0 ] INFO  replication.ReplicationServer (ReplicationServer.java:start(109)) - ReplicationServer is started using port 44335
2023-04-18 19:34:41,349 [EndpointStateMachine task thread for /0.0.0.0:37905 - 0 ] INFO  ratis.XceiverServerRatis (XceiverServerRatis.java:start(517)) - Starting XceiverServerRatis b1c57afc-121c-455c-bc43-4ffbee8e4677
2023-04-18 19:34:41,353 [EndpointStateMachine task thread for /0.0.0.0:37905 - 0 ] INFO  server.RaftServer (RaftServerProxy.java:startImpl(393)) - b1c57afc-121c-455c-bc43-4ffbee8e4677: start RPC server
2023-04-18 19:34:41,355 [EndpointStateMachine task thread for /0.0.0.0:37905 - 0 ] INFO  server.GrpcService (GrpcService.java:startImpl(262)) - b1c57afc-121c-455c-bc43-4ffbee8e4677: GrpcService started, listening on 43873
2023-04-18 19:34:41,356 [EndpointStateMachine task thread for /0.0.0.0:37905 - 0 ] INFO  ratis.XceiverServerRatis (XceiverServerRatis.java:getRealPort(543)) - XceiverServerRatis b1c57afc-121c-455c-bc43-4ffbee8e4677 is started using port 43873 for RATIS
2023-04-18 19:34:41,356 [EndpointStateMachine task thread for /0.0.0.0:37905 - 0 ] INFO  ratis.XceiverServerRatis (XceiverServerRatis.java:getRealPort(543)) - XceiverServerRatis b1c57afc-121c-455c-bc43-4ffbee8e4677 is started using port 43873 for RATIS_ADMIN
2023-04-18 19:34:41,356 [EndpointStateMachine task thread for /0.0.0.0:37905 - 0 ] INFO  ratis.XceiverServerRatis (XceiverServerRatis.java:getRealPort(543)) - XceiverServerRatis b1c57afc-121c-455c-bc43-4ffbee8e4677 is started using port 43873 for RATIS_SERVER
2023-04-18 19:34:41,356 [EndpointStateMachine task thread for /0.0.0.0:37905 - 0 ] INFO  ratis.XceiverServerRatis (XceiverServerRatis.java:getRealPort(543)) - XceiverServerRatis b1c57afc-121c-455c-bc43-4ffbee8e4677 is started using port 37825 for RATIS_DATASTREAM
2023-04-18 19:34:41,356 [JvmPauseMonitor1] INFO  util.JvmPauseMonitor (JvmPauseMonitor.java:run(105)) - JvmPauseMonitor-b1c57afc-121c-455c-bc43-4ffbee8e4677: Started
2023-04-18 19:34:41,358 [EndpointStateMachine task thread for /0.0.0.0:37905 - 0 ] INFO  server.XceiverServerGrpc (XceiverServerGrpc.java:start(180)) - XceiverServerGrpc b1c57afc-121c-455c-bc43-4ffbee8e4677 is started using port 37647
2023-04-18 19:34:41,376 [BlockDeletingService#0] INFO  interfaces.ContainerDeletionChoosingPolicyTemplate (ContainerDeletionChoosingPolicyTemplate.java:chooseContainerForBlockDeletion(83)) - Chosen 0/5000 blocks from 0 candidate containers.
2023-04-18 19:34:41,780 [EndpointStateMachine task thread for /0.0.0.0:37905 - 0 ] INFO  utils.DatanodeStoreCache (DatanodeStoreCache.java:addDB(58)) - Added db /home/runner/work/ozone/ozone/hadoop-ozone/integration-test/target/test-dir/MiniOzoneClusterImpl-184ce46c-7709-4843-8010-c45aadaa38f8/datanode-1/data-0/containers/hdds/184ce46c-7709-4843-8010-c45aadaa38f8/DS-7c121372-0864-4169-b36e-68528cb8b524/container.db to cache
2023-04-18 19:34:41,780 [EndpointStateMachine task thread for /0.0.0.0:37905 - 0 ] INFO  volume.HddsVolume (HddsVolume.java:createDbStore(350)) - SchemaV3 db is created and loaded at /home/runner/work/ozone/ozone/hadoop-ozone/integration-test/target/test-dir/MiniOzoneClusterImpl-184ce46c-7709-4843-8010-c45aadaa38f8/datanode-1/data-0/containers/hdds/184ce46c-7709-4843-8010-c45aadaa38f8/DS-7c121372-0864-4169-b36e-68528cb8b524/container.db for volume DS-7c121372-0864-4169-b36e-68528cb8b524
2023-04-18 19:34:41,781 [EndpointStateMachine task thread for /0.0.0.0:37905 - 0 ] INFO  ozoneimpl.OzoneContainer (OzoneContainer.java:start(397)) - Attempting to start container services.
2023-04-18 19:34:41,781 [EndpointStateMachine task thread for /0.0.0.0:37905 - 0 ] INFO  ozoneimpl.OzoneContainer (OzoneContainer.java:startContainerScrub(314)) - Scheduled background container scanners and the on-demand container scanner have been disabled.
2023-04-18 19:34:41,783 [EndpointStateMachine task thread for /0.0.0.0:37905 - 0 ] INFO  replication.ReplicationServer (ReplicationServer.java:start(109)) - ReplicationServer is started using port 37017
2023-04-18 19:34:41,783 [EndpointStateMachine task thread for /0.0.0.0:37905 - 0 ] INFO  ratis.XceiverServerRatis (XceiverServerRatis.java:start(517)) - Starting XceiverServerRatis 4bcfc98d-1351-440f-af15-56158ce83d77
2023-04-18 19:34:41,787 [EndpointStateMachine task thread for /0.0.0.0:37905 - 0 ] INFO  server.RaftServer (RaftServerProxy.java:startImpl(393)) - 4bcfc98d-1351-440f-af15-56158ce83d77: start RPC server
2023-04-18 19:34:41,789 [EndpointStateMachine task thread for /0.0.0.0:37905 - 0 ] INFO  server.GrpcService (GrpcService.java:startImpl(262)) - 4bcfc98d-1351-440f-af15-56158ce83d77: GrpcService started, listening on 40839
2023-04-18 19:34:41,790 [EndpointStateMachine task thread for /0.0.0.0:37905 - 0 ] INFO  ratis.XceiverServerRatis (XceiverServerRatis.java:getRealPort(543)) - XceiverServerRatis 4bcfc98d-1351-440f-af15-56158ce83d77 is started using port 40839 for RATIS
2023-04-18 19:34:41,790 [EndpointStateMachine task thread for /0.0.0.0:37905 - 0 ] INFO  ratis.XceiverServerRatis (XceiverServerRatis.java:getRealPort(543)) - XceiverServerRatis 4bcfc98d-1351-440f-af15-56158ce83d77 is started using port 40839 for RATIS_ADMIN
2023-04-18 19:34:41,790 [EndpointStateMachine task thread for /0.0.0.0:37905 - 0 ] INFO  ratis.XceiverServerRatis (XceiverServerRatis.java:getRealPort(543)) - XceiverServerRatis 4bcfc98d-1351-440f-af15-56158ce83d77 is started using port 40839 for RATIS_SERVER
2023-04-18 19:34:41,790 [EndpointStateMachine task thread for /0.0.0.0:37905 - 0 ] INFO  ratis.XceiverServerRatis (XceiverServerRatis.java:getRealPort(543)) - XceiverServerRatis 4bcfc98d-1351-440f-af15-56158ce83d77 is started using port 39131 for RATIS_DATASTREAM
2023-04-18 19:34:41,790 [JvmPauseMonitor2] INFO  util.JvmPauseMonitor (JvmPauseMonitor.java:run(105)) - JvmPauseMonitor-4bcfc98d-1351-440f-af15-56158ce83d77: Started
2023-04-18 19:34:41,797 [EndpointStateMachine task thread for /0.0.0.0:37905 - 0 ] INFO  server.XceiverServerGrpc (XceiverServerGrpc.java:start(180)) - XceiverServerGrpc 4bcfc98d-1351-440f-af15-56158ce83d77 is started using port 39111
2023-04-18 19:34:41,807 [BlockDeletingService#0] INFO  interfaces.ContainerDeletionChoosingPolicyTemplate (ContainerDeletionChoosingPolicyTemplate.java:chooseContainerForBlockDeletion(83)) - Chosen 0/5000 blocks from 0 candidate containers.
2023-04-18 19:34:42,087 [Listener at 127.0.0.1/45463] INFO  ozone.MiniOzoneClusterImpl (MiniOzoneClusterImpl.java:lambda$waitForClusterToBeReady$0(222)) - Waiting for nodes to be ready. Got 0 of 3 DN Heartbeats.
2023-04-18 19:34:42,087 [Listener at 127.0.0.1/45463] INFO  ozone.MiniOzoneClusterImpl (MiniOzoneClusterImpl.java:lambda$waitForClusterToBeReady$0(225)) - Waiting for cluster to exit safe mode
2023-04-18 19:34:42,087 [Listener at 127.0.0.1/45463] INFO  ozone.MiniOzoneClusterImpl (MiniOzoneClusterImpl.java:lambda$waitForClusterToBeReady$0(227)) - SCM became leader
2023-04-18 19:34:42,123 [EndpointStateMachine task thread for /0.0.0.0:37905 - 0 ] INFO  utils.DatanodeStoreCache (DatanodeStoreCache.java:addDB(58)) - Added db /home/runner/work/ozone/ozone/hadoop-ozone/integration-test/target/test-dir/MiniOzoneClusterImpl-184ce46c-7709-4843-8010-c45aadaa38f8/datanode-2/data-0/containers/hdds/184ce46c-7709-4843-8010-c45aadaa38f8/DS-e0f7f3dd-c049-4b06-9bd4-884e6bd9c444/container.db to cache
2023-04-18 19:34:42,123 [EndpointStateMachine task thread for /0.0.0.0:37905 - 0 ] INFO  volume.HddsVolume (HddsVolume.java:createDbStore(350)) - SchemaV3 db is created and loaded at /home/runner/work/ozone/ozone/hadoop-ozone/integration-test/target/test-dir/MiniOzoneClusterImpl-184ce46c-7709-4843-8010-c45aadaa38f8/datanode-2/data-0/containers/hdds/184ce46c-7709-4843-8010-c45aadaa38f8/DS-e0f7f3dd-c049-4b06-9bd4-884e6bd9c444/container.db for volume DS-e0f7f3dd-c049-4b06-9bd4-884e6bd9c444
2023-04-18 19:34:42,124 [EndpointStateMachine task thread for /0.0.0.0:37905 - 0 ] INFO  ozoneimpl.OzoneContainer (OzoneContainer.java:start(397)) - Attempting to start container services.
2023-04-18 19:34:42,124 [EndpointStateMachine task thread for /0.0.0.0:37905 - 0 ] INFO  ozoneimpl.OzoneContainer (OzoneContainer.java:startContainerScrub(314)) - Scheduled background container scanners and the on-demand container scanner have been disabled.
2023-04-18 19:34:42,126 [EndpointStateMachine task thread for /0.0.0.0:37905 - 0 ] INFO  replication.ReplicationServer (ReplicationServer.java:start(109)) - ReplicationServer is started using port 46111
2023-04-18 19:34:42,126 [EndpointStateMachine task thread for /0.0.0.0:37905 - 0 ] INFO  ratis.XceiverServerRatis (XceiverServerRatis.java:start(517)) - Starting XceiverServerRatis 21b868c3-9969-4e13-ad52-9b0ac48fd138
2023-04-18 19:34:42,126 [EndpointStateMachine task thread for /0.0.0.0:37905 - 0 ] INFO  server.RaftServer (RaftServerProxy.java:startImpl(393)) - 21b868c3-9969-4e13-ad52-9b0ac48fd138: start RPC server
2023-04-18 19:34:42,129 [EndpointStateMachine task thread for /0.0.0.0:37905 - 0 ] INFO  server.GrpcService (GrpcService.java:startImpl(262)) - 21b868c3-9969-4e13-ad52-9b0ac48fd138: GrpcService started, listening on 42571
2023-04-18 19:34:42,130 [EndpointStateMachine task thread for /0.0.0.0:37905 - 0 ] INFO  ratis.XceiverServerRatis (XceiverServerRatis.java:getRealPort(543)) - XceiverServerRatis 21b868c3-9969-4e13-ad52-9b0ac48fd138 is started using port 42571 for RATIS
2023-04-18 19:34:42,130 [JvmPauseMonitor3] INFO  util.JvmPauseMonitor (JvmPauseMonitor.java:run(105)) - JvmPauseMonitor-21b868c3-9969-4e13-ad52-9b0ac48fd138: Started
2023-04-18 19:34:42,130 [EndpointStateMachine task thread for /0.0.0.0:37905 - 0 ] INFO  ratis.XceiverServerRatis (XceiverServerRatis.java:getRealPort(543)) - XceiverServerRatis 21b868c3-9969-4e13-ad52-9b0ac48fd138 is started using port 42571 for RATIS_ADMIN
2023-04-18 19:34:42,131 [EndpointStateMachine task thread for /0.0.0.0:37905 - 0 ] INFO  ratis.XceiverServerRatis (XceiverServerRatis.java:getRealPort(543)) - XceiverServerRatis 21b868c3-9969-4e13-ad52-9b0ac48fd138 is started using port 42571 for RATIS_SERVER
2023-04-18 19:34:42,131 [EndpointStateMachine task thread for /0.0.0.0:37905 - 0 ] INFO  ratis.XceiverServerRatis (XceiverServerRatis.java:getRealPort(543)) - XceiverServerRatis 21b868c3-9969-4e13-ad52-9b0ac48fd138 is started using port 34509 for RATIS_DATASTREAM
2023-04-18 19:34:42,134 [EndpointStateMachine task thread for /0.0.0.0:37905 - 0 ] INFO  server.XceiverServerGrpc (XceiverServerGrpc.java:start(180)) - XceiverServerGrpc 21b868c3-9969-4e13-ad52-9b0ac48fd138 is started using port 45195
2023-04-18 19:34:42,135 [BlockDeletingService#0] INFO  interfaces.ContainerDeletionChoosingPolicyTemplate (ContainerDeletionChoosingPolicyTemplate.java:chooseContainerForBlockDeletion(83)) - Chosen 0/5000 blocks from 0 candidate containers.
2023-04-18 19:34:43,088 [Listener at 127.0.0.1/45463] INFO  ozone.MiniOzoneClusterImpl (MiniOzoneClusterImpl.java:lambda$waitForClusterToBeReady$0(222)) - Waiting for nodes to be ready. Got 0 of 3 DN Heartbeats.
2023-04-18 19:34:43,088 [Listener at 127.0.0.1/45463] INFO  ozone.MiniOzoneClusterImpl (MiniOzoneClusterImpl.java:lambda$waitForClusterToBeReady$0(225)) - Waiting for cluster to exit safe mode
2023-04-18 19:34:43,088 [Listener at 127.0.0.1/45463] INFO  ozone.MiniOzoneClusterImpl (MiniOzoneClusterImpl.java:lambda$waitForClusterToBeReady$0(227)) - SCM became leader
2023-04-18 19:34:43,235 [IPC Server handler 1 on default port 37905] INFO  net.NetworkTopologyImpl (NetworkTopologyImpl.java:add(112)) - Added a new node: /default-rack/b1c57afc-121c-455c-bc43-4ffbee8e4677
2023-04-18 19:34:43,239 [IPC Server handler 1 on default port 37905] INFO  node.SCMNodeManager (SCMNodeManager.java:register(404)) - Registered Data node : b1c57afc-121c-455c-bc43-4ffbee8e4677{ip: 10.1.0.22, host: fv-az203-717, ports: [HTTP=42197, REPLICATION=44335, RATIS=43873, RATIS_ADMIN=43873, RATIS_SERVER=43873, RATIS_DATASTREAM=37825, STANDALONE=37647], networkLocation: /default-rack, certSerialId: null, persistedOpState: null, persistedOpStateExpiryEpochSec: 0}
2023-04-18 19:34:43,245 [EventQueue-NewNodeForNewNodeHandler] INFO  pipeline.BackgroundPipelineCreator (BackgroundPipelineCreator.java:notifyEventTriggered(276)) - trigger a one-shot run on RatisPipelineUtilsThread.
2023-04-18 19:34:43,248 [EventQueue-NodeRegistrationContainerReportForDataNodeSafeModeRule] INFO  safemode.SCMSafeModeManager (DataNodeSafeModeRule.java:process(71)) - SCM in safe mode. 1 DataNodes registered, 3 required.
2023-04-18 19:34:43,248 [EventQueue-NodeRegistrationContainerReportForContainerSafeModeRule] INFO  safemode.SCMSafeModeManager (SCMSafeModeManager.java:validateSafeModeExitRules(200)) - ContainerSafeModeRule rule is successfully validated
2023-04-18 19:34:43,254 [EventQueue-PipelineReportForOneReplicaPipelineSafeModeRule] INFO  safemode.SCMSafeModeManager (SCMSafeModeManager.java:validateSafeModeExitRules(200)) - AtleastOneDatanodeReportedRule rule is successfully validated
2023-04-18 19:34:43,254 [RatisPipelineUtilsThread - 0] INFO  pipeline.RatisPipelineProvider (RatisPipelineProvider.java:lambda$create$0(206)) - Sending CreatePipelineCommand for pipeline:PipelineID=5f05a560-9d70-4653-a6a2-bc2f1aee5201 to datanode:b1c57afc-121c-455c-bc43-4ffbee8e4677
2023-04-18 19:34:43,269 [RatisPipelineUtilsThread - 0] INFO  pipeline.PipelineStateManagerImpl (PipelineStateManagerImpl.java:addPipeline(103)) - Created pipeline Pipeline[ Id: 5f05a560-9d70-4653-a6a2-bc2f1aee5201, Nodes: b1c57afc-121c-455c-bc43-4ffbee8e4677(fv-az203-717/10.1.0.22), ReplicationConfig: RATIS/ONE, State:ALLOCATED, leaderId:, CreationTimestamp2023-04-18T19:34:43.252Z[Etc/UTC]].
2023-04-18 19:34:43,746 [IPC Server handler 2 on default port 37905] INFO  net.NetworkTopologyImpl (NetworkTopologyImpl.java:add(112)) - Added a new node: /default-rack/4bcfc98d-1351-440f-af15-56158ce83d77
2023-04-18 19:34:43,747 [IPC Server handler 2 on default port 37905] INFO  node.SCMNodeManager (SCMNodeManager.java:register(404)) - Registered Data node : 4bcfc98d-1351-440f-af15-56158ce83d77{ip: 10.1.0.22, host: fv-az203-717, ports: [HTTP=38713, REPLICATION=37017, RATIS=40839, RATIS_ADMIN=40839, RATIS_SERVER=40839, RATIS_DATASTREAM=39131, STANDALONE=39111], networkLocation: /default-rack, certSerialId: null, persistedOpState: null, persistedOpStateExpiryEpochSec: 0}
2023-04-18 19:34:43,747 [EventQueue-NewNodeForNewNodeHandler] INFO  pipeline.BackgroundPipelineCreator (BackgroundPipelineCreator.java:notifyEventTriggered(276)) - trigger a one-shot run on RatisPipelineUtilsThread.
2023-04-18 19:34:43,748 [EventQueue-NodeRegistrationContainerReportForDataNodeSafeModeRule] INFO  safemode.SCMSafeModeManager (DataNodeSafeModeRule.java:process(71)) - SCM in safe mode. 2 DataNodes registered, 3 required.
2023-04-18 19:34:43,748 [RatisPipelineUtilsThread - 0] INFO  pipeline.RatisPipelineProvider (RatisPipelineProvider.java:lambda$create$0(206)) - Sending CreatePipelineCommand for pipeline:PipelineID=e816e19d-5b66-4143-a472-88854c34a86d to datanode:4bcfc98d-1351-440f-af15-56158ce83d77
2023-04-18 19:34:43,749 [RatisPipelineUtilsThread - 0] INFO  pipeline.PipelineStateManagerImpl (PipelineStateManagerImpl.java:addPipeline(103)) - Created pipeline Pipeline[ Id: e816e19d-5b66-4143-a472-88854c34a86d, Nodes: 4bcfc98d-1351-440f-af15-56158ce83d77(fv-az203-717/10.1.0.22), ReplicationConfig: RATIS/ONE, State:ALLOCATED, leaderId:, CreationTimestamp2023-04-18T19:34:43.748Z[Etc/UTC]].
2023-04-18 19:34:44,088 [Listener at 127.0.0.1/45463] INFO  ozone.MiniOzoneClusterImpl (MiniOzoneClusterImpl.java:lambda$waitForClusterToBeReady$0(222)) - Waiting for nodes to be ready. Got 2 of 3 DN Heartbeats.
2023-04-18 19:34:44,089 [Listener at 127.0.0.1/45463] INFO  ozone.MiniOzoneClusterImpl (MiniOzoneClusterImpl.java:lambda$waitForClusterToBeReady$0(225)) - Waiting for cluster to exit safe mode
2023-04-18 19:34:44,089 [Listener at 127.0.0.1/45463] INFO  ozone.MiniOzoneClusterImpl (MiniOzoneClusterImpl.java:lambda$waitForClusterToBeReady$0(227)) - SCM became leader
2023-04-18 19:34:44,093 [IPC Server handler 0 on default port 37905] INFO  net.NetworkTopologyImpl (NetworkTopologyImpl.java:add(112)) - Added a new node: /default-rack/21b868c3-9969-4e13-ad52-9b0ac48fd138
2023-04-18 19:34:44,093 [IPC Server handler 0 on default port 37905] INFO  node.SCMNodeManager (SCMNodeManager.java:register(404)) - Registered Data node : 21b868c3-9969-4e13-ad52-9b0ac48fd138{ip: 10.1.0.22, host: fv-az203-717, ports: [HTTP=34495, REPLICATION=46111, RATIS=42571, RATIS_ADMIN=42571, RATIS_SERVER=42571, RATIS_DATASTREAM=34509, STANDALONE=45195], networkLocation: /default-rack, certSerialId: null, persistedOpState: null, persistedOpStateExpiryEpochSec: 0}
2023-04-18 19:34:44,094 [EventQueue-NewNodeForNewNodeHandler] INFO  pipeline.BackgroundPipelineCreator (BackgroundPipelineCreator.java:notifyEventTriggered(276)) - trigger a one-shot run on RatisPipelineUtilsThread.
2023-04-18 19:34:44,094 [EventQueue-NodeRegistrationContainerReportForDataNodeSafeModeRule] INFO  safemode.SCMSafeModeManager (DataNodeSafeModeRule.java:process(71)) - SCM in safe mode. 3 DataNodes registered, 3 required.
2023-04-18 19:34:44,094 [EventQueue-NodeRegistrationContainerReportForDataNodeSafeModeRule] INFO  safemode.SCMSafeModeManager (SCMSafeModeManager.java:validateSafeModeExitRules(200)) - DataNodeSafeModeRule rule is successfully validated
2023-04-18 19:34:44,094 [EventQueue-NodeRegistrationContainerReportForDataNodeSafeModeRule] INFO  safemode.SCMSafeModeManager (SCMSafeModeManager.java:completePreCheck(229)) - All SCM safe mode pre check rules have passed
2023-04-18 19:34:44,094 [EventQueue-NodeRegistrationContainerReportForDataNodeSafeModeRule] INFO  ha.SCMContext (SCMContext.java:updateSafeModeStatus(228)) - Update SafeModeStatus from SafeModeStatus{safeModeStatus=true, preCheckPassed=false} to SafeModeStatus{safeModeStatus=true, preCheckPassed=true}.
2023-04-18 19:34:44,094 [EventQueue-NodeRegistrationContainerReportForDataNodeSafeModeRule] INFO  pipeline.BackgroundPipelineCreator (BackgroundPipelineCreator.java:notifyEventTriggered(276)) - trigger a one-shot run on RatisPipelineUtilsThread.
2023-04-18 19:34:44,095 [RatisPipelineUtilsThread - 0] INFO  pipeline.RatisPipelineProvider (RatisPipelineProvider.java:lambda$create$0(206)) - Sending CreatePipelineCommand for pipeline:PipelineID=3ae51b4c-9e08-4021-8e28-6f8147257ec2 to datanode:21b868c3-9969-4e13-ad52-9b0ac48fd138
2023-04-18 19:34:44,095 [RatisPipelineUtilsThread - 0] INFO  pipeline.PipelineStateManagerImpl (PipelineStateManagerImpl.java:addPipeline(103)) - Created pipeline Pipeline[ Id: 3ae51b4c-9e08-4021-8e28-6f8147257ec2, Nodes: 21b868c3-9969-4e13-ad52-9b0ac48fd138(fv-az203-717/10.1.0.22), ReplicationConfig: RATIS/ONE, State:ALLOCATED, leaderId:, CreationTimestamp2023-04-18T19:34:44.095Z[Etc/UTC]].
2023-04-18 19:34:44,099 [RatisPipelineUtilsThread - 0] INFO  pipeline.RatisPipelineProvider (RatisPipelineProvider.java:lambda$create$0(206)) - Sending CreatePipelineCommand for pipeline:PipelineID=fe8f8231-531f-40c6-a24e-b6dddc8024d4 to datanode:21b868c3-9969-4e13-ad52-9b0ac48fd138
2023-04-18 19:34:44,099 [RatisPipelineUtilsThread - 0] INFO  pipeline.RatisPipelineProvider (RatisPipelineProvider.java:lambda$create$0(206)) - Sending CreatePipelineCommand for pipeline:PipelineID=fe8f8231-531f-40c6-a24e-b6dddc8024d4 to datanode:4bcfc98d-1351-440f-af15-56158ce83d77
2023-04-18 19:34:44,099 [RatisPipelineUtilsThread - 0] INFO  pipeline.RatisPipelineProvider (RatisPipelineProvider.java:lambda$create$0(206)) - Sending CreatePipelineCommand for pipeline:PipelineID=fe8f8231-531f-40c6-a24e-b6dddc8024d4 to datanode:b1c57afc-121c-455c-bc43-4ffbee8e4677
2023-04-18 19:34:44,100 [RatisPipelineUtilsThread - 0] INFO  pipeline.PipelineStateManagerImpl (PipelineStateManagerImpl.java:addPipeline(103)) - Created pipeline Pipeline[ Id: fe8f8231-531f-40c6-a24e-b6dddc8024d4, Nodes: 21b868c3-9969-4e13-ad52-9b0ac48fd138(fv-az203-717/10.1.0.22)4bcfc98d-1351-440f-af15-56158ce83d77(fv-az203-717/10.1.0.22)b1c57afc-121c-455c-bc43-4ffbee8e4677(fv-az203-717/10.1.0.22), ReplicationConfig: RATIS/THREE, State:ALLOCATED, leaderId:, CreationTimestamp2023-04-18T19:34:44.099Z[Etc/UTC]].
2023-04-18 19:34:44,101 [RatisPipelineUtilsThread - 0] INFO  pipeline.RatisPipelineProvider (RatisPipelineProvider.java:lambda$create$0(206)) - Sending CreatePipelineCommand for pipeline:PipelineID=cd8abe94-f173-4052-9509-b5bff1395f48 to datanode:4bcfc98d-1351-440f-af15-56158ce83d77
2023-04-18 19:34:44,101 [RatisPipelineUtilsThread - 0] INFO  pipeline.RatisPipelineProvider (RatisPipelineProvider.java:lambda$create$0(206)) - Sending CreatePipelineCommand for pipeline:PipelineID=cd8abe94-f173-4052-9509-b5bff1395f48 to datanode:b1c57afc-121c-455c-bc43-4ffbee8e4677
2023-04-18 19:34:44,102 [RatisPipelineUtilsThread - 0] INFO  pipeline.RatisPipelineProvider (RatisPipelineProvider.java:lambda$create$0(206)) - Sending CreatePipelineCommand for pipeline:PipelineID=cd8abe94-f173-4052-9509-b5bff1395f48 to datanode:21b868c3-9969-4e13-ad52-9b0ac48fd138
2023-04-18 19:34:44,104 [RatisPipelineUtilsThread - 0] INFO  pipeline.PipelineStateManagerImpl (PipelineStateManagerImpl.java:addPipeline(103)) - Created pipeline Pipeline[ Id: cd8abe94-f173-4052-9509-b5bff1395f48, Nodes: 4bcfc98d-1351-440f-af15-56158ce83d77(fv-az203-717/10.1.0.22)b1c57afc-121c-455c-bc43-4ffbee8e4677(fv-az203-717/10.1.0.22)21b868c3-9969-4e13-ad52-9b0ac48fd138(fv-az203-717/10.1.0.22), ReplicationConfig: RATIS/THREE, State:ALLOCATED, leaderId:, CreationTimestamp2023-04-18T19:34:44.101Z[Etc/UTC]].
2023-04-18 19:34:44,105 [RatisPipelineUtilsThread - 0] INFO  pipeline.PipelineManagerImpl (PipelineManagerImpl.java:recordMetricsForPipeline(826)) - Pipeline: PipelineID=cd8abe94-f173-4052-9509-b5bff1395f48 contains same datanodes as previous pipelines: PipelineID=fe8f8231-531f-40c6-a24e-b6dddc8024d4 nodeIds: 4bcfc98d-1351-440f-af15-56158ce83d77, b1c57afc-121c-455c-bc43-4ffbee8e4677, 21b868c3-9969-4e13-ad52-9b0ac48fd138
2023-04-18 19:34:44,105 [RatisPipelineUtilsThread - 0] WARN  pipeline.PipelinePlacementPolicy (PipelinePlacementPolicy.java:filterViableNodes(160)) - Pipeline creation failed due to no sufficient healthy datanodes. Required 3. Found 0. Excluded 3.
2023-04-18 19:34:45,089 [Listener at 127.0.0.1/45463] INFO  ozone.MiniOzoneClusterImpl (MiniOzoneClusterImpl.java:lambda$waitForClusterToBeReady$0(222)) - Nodes are ready. Got 3 of 3 DN Heartbeats.
2023-04-18 19:34:45,090 [Listener at 127.0.0.1/45463] INFO  ozone.MiniOzoneClusterImpl (MiniOzoneClusterImpl.java:lambda$waitForClusterToBeReady$0(225)) - Waiting for cluster to exit safe mode
2023-04-18 19:34:45,090 [Listener at 127.0.0.1/45463] INFO  ozone.MiniOzoneClusterImpl (MiniOzoneClusterImpl.java:lambda$waitForClusterToBeReady$0(227)) - SCM became leader
2023-04-18 19:34:46,091 [Listener at 127.0.0.1/45463] INFO  ozone.MiniOzoneClusterImpl (MiniOzoneClusterImpl.java:lambda$waitForClusterToBeReady$0(222)) - Nodes are ready. Got 3 of 3 DN Heartbeats.
2023-04-18 19:34:46,091 [Listener at 127.0.0.1/45463] INFO  ozone.MiniOzoneClusterImpl (MiniOzoneClusterImpl.java:lambda$waitForClusterToBeReady$0(225)) - Waiting for cluster to exit safe mode
2023-04-18 19:34:46,091 [Listener at 127.0.0.1/45463] INFO  ozone.MiniOzoneClusterImpl (MiniOzoneClusterImpl.java:lambda$waitForClusterToBeReady$0(227)) - SCM became leader
2023-04-18 19:34:46,234 [Command processor thread] INFO  server.RaftServer (RaftServerProxy.java:addNew(96)) - b1c57afc-121c-455c-bc43-4ffbee8e4677: addNew group-BC2F1AEE5201:[b1c57afc-121c-455c-bc43-4ffbee8e4677|rpc:10.1.0.22:43873|dataStream:10.1.0.22:37825|priority:1|startupRole:FOLLOWER] returns group-BC2F1AEE5201:java.util.concurrent.CompletableFuture@12ce0e60[Not completed]
2023-04-18 19:34:46,252 [pool-79-thread-1] INFO  server.RaftServer$Division (RaftServerImpl.java:<init>(195)) - b1c57afc-121c-455c-bc43-4ffbee8e4677: new RaftServerImpl for group-BC2F1AEE5201:[b1c57afc-121c-455c-bc43-4ffbee8e4677|rpc:10.1.0.22:43873|dataStream:10.1.0.22:37825|priority:1|startupRole:FOLLOWER] with ContainerStateMachine:uninitialized
2023-04-18 19:34:46,252 [pool-79-thread-1] INFO  server.RaftServerConfigKeys (ConfUtils.java:logGet(46)) - raft.server.rpc.timeout.min = 5s (custom)
2023-04-18 19:34:46,252 [pool-79-thread-1] INFO  server.RaftServerConfigKeys (ConfUtils.java:logGet(46)) - raft.server.rpc.timeout.max = 5200ms (custom)
2023-04-18 19:34:46,252 [pool-79-thread-1] INFO  server.RaftServerConfigKeys (ConfUtils.java:logGet(46)) - raft.server.rpc.sleep.time = 25ms (default)
2023-04-18 19:34:46,252 [pool-79-thread-1] INFO  server.RaftServerConfigKeys (ConfUtils.java:logGet(46)) - raft.server.rpc.slowness.timeout = 300s (custom)
2023-04-18 19:34:46,252 [pool-79-thread-1] INFO  server.RaftServerConfigKeys (ConfUtils.java:logGet(46)) - raft.server.leaderelection.leader.step-down.wait-time = 10s (default)
2023-04-18 19:34:46,252 [pool-79-thread-1] INFO  server.RaftServerConfigKeys (ConfUtils.java:logGet(46)) - raft.server.sleep.deviation.threshold = 300ms (default)
2023-04-18 19:34:46,253 [pool-79-thread-1] INFO  server.RaftServer$Division (ServerState.java:<init>(118)) - b1c57afc-121c-455c-bc43-4ffbee8e4677@group-BC2F1AEE5201: ConfigurationManager, init=-1: peers:[b1c57afc-121c-455c-bc43-4ffbee8e4677|rpc:10.1.0.22:43873|dataStream:10.1.0.22:37825|priority:1|startupRole:FOLLOWER]|listeners:[], old=null, confs=<EMPTY_MAP>
2023-04-18 19:34:46,253 [pool-79-thread-1] INFO  server.RaftServerConfigKeys (ConfUtils.java:logGet(46)) - raft.server.storage.dir = [/home/runner/work/ozone/ozone/hadoop-ozone/integration-test/target/test-dir/MiniOzoneClusterImpl-184ce46c-7709-4843-8010-c45aadaa38f8/datanode-0/data/ratis] (custom)
2023-04-18 19:34:46,253 [pool-79-thread-1] INFO  server.RaftServerConfigKeys (ConfUtils.java:logGet(46)) - raft.server.log.corruption.policy = EXCEPTION (default)
2023-04-18 19:34:46,254 [pool-79-thread-1] INFO  server.RaftServerConfigKeys (ConfUtils.java:logGet(46)) - raft.server.storage.free-space.min = 0MB (=0) (default)
2023-04-18 19:34:46,254 [pool-79-thread-1] INFO  server.RaftServerConfigKeys (ConfUtils.java:logGet(46)) - raft.server.notification.no-leader.timeout = 300s (custom)
2023-04-18 19:34:46,254 [pool-79-thread-1] INFO  server.RaftServerConfigKeys (ConfUtils.java:logGet(46)) - raft.server.retrycache.expirytime = 600000ms (custom)
2023-04-18 19:34:46,254 [pool-79-thread-1] INFO  server.RaftServerConfigKeys (ConfUtils.java:logGet(46)) - raft.server.retrycache.statistics.expirytime = 100μs (default)
2023-04-18 19:34:46,263 [pool-79-thread-1] INFO  server.RaftServerConfigKeys (ConfUtils.java:logGet(46)) - raft.server.log.appender.install.snapshot.enabled = false (custom)
2023-04-18 19:34:46,263 [pool-79-thread-1] INFO  server.RaftServerConfigKeys (ConfUtils.java:logGet(46)) - raft.server.threadpool.server.cached = true (default)
2023-04-18 19:34:46,263 [pool-79-thread-1] INFO  server.RaftServerConfigKeys (ConfUtils.java:logGet(46)) - raft.server.threadpool.server.size = 0 (default)
2023-04-18 19:34:46,264 [pool-79-thread-1] INFO  server.RaftServerConfigKeys (ConfUtils.java:logGet(46)) - raft.server.threadpool.client.cached = true (default)
2023-04-18 19:34:46,264 [pool-79-thread-1] INFO  server.RaftServerConfigKeys (ConfUtils.java:logGet(46)) - raft.server.threadpool.client.size = 0 (default)
2023-04-18 19:34:46,264 [pool-79-thread-1] INFO  storage.RaftStorageDirectory (RaftStorageDirectoryImpl.java:analyzeStorage(137)) - The storage directory /home/runner/work/ozone/ozone/hadoop-ozone/integration-test/target/test-dir/MiniOzoneClusterImpl-184ce46c-7709-4843-8010-c45aadaa38f8/datanode-0/data/ratis/5f05a560-9d70-4653-a6a2-bc2f1aee5201 does not exist. Creating ...
2023-04-18 19:34:46,268 [pool-79-thread-1] INFO  storage.RaftStorageDirectory (RaftStorageDirectoryImpl.java:tryLock(231)) - Lock on /home/runner/work/ozone/ozone/hadoop-ozone/integration-test/target/test-dir/MiniOzoneClusterImpl-184ce46c-7709-4843-8010-c45aadaa38f8/datanode-0/data/ratis/5f05a560-9d70-4653-a6a2-bc2f1aee5201/in_use.lock acquired by nodename 69562@fv-az203-717
2023-04-18 19:34:46,269 [pool-79-thread-1] INFO  storage.RaftStorage (RaftStorageImpl.java:format(96)) - Storage directory /home/runner/work/ozone/ozone/hadoop-ozone/integration-test/target/test-dir/MiniOzoneClusterImpl-184ce46c-7709-4843-8010-c45aadaa38f8/datanode-0/data/ratis/5f05a560-9d70-4653-a6a2-bc2f1aee5201 has been successfully formatted.
2023-04-18 19:34:46,275 [pool-79-thread-1] INFO  ratis.ContainerStateMachine (ContainerStateMachine.java:loadSnapshot(262)) - group-BC2F1AEE5201: The snapshot info is null. Setting the last applied indexto:(t:0, i:~)
2023-04-18 19:34:46,275 [pool-79-thread-1] INFO  server.RaftServerConfigKeys (ConfUtils.java:logGet(46)) - raft.server.log.use.memory = false (default)
2023-04-18 19:34:46,275 [pool-79-thread-1] INFO  server.RaftServerConfigKeys (ConfUtils.java:logGet(46)) - raft.server.log.purge.gap = 1000000 (custom)
2023-04-18 19:34:46,275 [pool-79-thread-1] INFO  server.RaftServerConfigKeys (ConfUtils.java:logGet(46)) - raft.server.log.appender.buffer.byte-limit = 33554432 (custom)
2023-04-18 19:34:46,275 [pool-79-thread-1] INFO  server.RaftServerConfigKeys (ConfUtils.java:logGet(46)) - raft.server.log.statemachine.data.read.timeout = 1000ms (default)
2023-04-18 19:34:46,275 [pool-79-thread-1] INFO  server.RaftServerConfigKeys (ConfUtils.java:logGet(46)) - raft.server.log.purge.preservation.log.num = 0 (default)
2023-04-18 19:34:46,276 [pool-79-thread-1] INFO  server.RaftServerConfigKeys (ConfUtils.java:logGet(46)) - raft.server.log.segment.size.max = 1048576 (custom)
2023-04-18 19:34:46,276 [pool-79-thread-1] INFO  server.RaftServerConfigKeys (ConfUtils.java:logGet(46)) - raft.server.log.segment.cache.num.max = 2 (custom)
2023-04-18 19:34:46,276 [pool-79-thread-1] INFO  server.RaftServerConfigKeys (ConfUtils.java:logGet(46)) - raft.server.log.segment.cache.size.max = 200MB (=209715200) (default)
2023-04-18 19:34:46,276 [pool-79-thread-1] INFO  segmented.SegmentedRaftLogWorker (SegmentedRaftLogWorker.java:<init>(189)) - new b1c57afc-121c-455c-bc43-4ffbee8e4677@group-BC2F1AEE5201-SegmentedRaftLogWorker for RaftStorageImpl:Storage Directory /home/runner/work/ozone/ozone/hadoop-ozone/integration-test/target/test-dir/MiniOzoneClusterImpl-184ce46c-7709-4843-8010-c45aadaa38f8/datanode-0/data/ratis/5f05a560-9d70-4653-a6a2-bc2f1aee5201
2023-04-18 19:34:46,276 [pool-79-thread-1] INFO  server.RaftServerConfigKeys (ConfUtils.java:logGet(46)) - raft.server.log.queue.byte-limit = 4294967296 (custom)
2023-04-18 19:34:46,276 [pool-79-thread-1] INFO  server.RaftServerConfigKeys (ConfUtils.java:logGet(46)) - raft.server.log.queue.element-limit = 1024 (custom)
2023-04-18 19:34:46,276 [pool-79-thread-1] INFO  server.RaftServerConfigKeys (ConfUtils.java:logGet(46)) - raft.server.log.segment.size.max = 1048576 (custom)
2023-04-18 19:34:46,276 [pool-79-thread-1] INFO  server.RaftServerConfigKeys (ConfUtils.java:logGet(46)) - raft.server.log.preallocated.size = 16384 (custom)
2023-04-18 19:34:46,277 [pool-79-thread-1] INFO  server.RaftServerConfigKeys (ConfUtils.java:logGet(46)) - raft.server.log.force.sync.num = 128 (default)
2023-04-18 19:34:46,277 [pool-79-thread-1] INFO  server.RaftServerConfigKeys (ConfUtils.java:logGet(46)) - raft.server.log.statemachine.data.sync = true (default)
2023-04-18 19:34:46,277 [pool-79-thread-1] INFO  server.RaftServerConfigKeys (ConfUtils.java:logGet(46)) - raft.server.log.statemachine.data.sync.timeout = 10s (default)
2023-04-18 19:34:46,277 [pool-79-thread-1] INFO  server.RaftServerConfigKeys (ConfUtils.java:logGet(46)) - raft.server.log.statemachine.data.sync.timeout.retry = -1 (default)
2023-04-18 19:34:46,278 [pool-79-thread-1] INFO  server.RaftServerConfigKeys (ConfUtils.java:logGet(46)) - raft.server.log.write.buffer.size = 1048576 (custom)
2023-04-18 19:34:46,278 [pool-79-thread-1] INFO  server.RaftServerConfigKeys (ConfUtils.java:logGet(46)) - raft.server.log.appender.buffer.byte-limit = 33554432 (custom)
2023-04-18 19:34:46,290 [pool-79-thread-1] INFO  server.RaftServerConfigKeys (ConfUtils.java:logGet(46)) - raft.server.log.unsafe-flush.enabled = false (default)
2023-04-18 19:34:46,290 [pool-79-thread-1] INFO  server.RaftServerConfigKeys (ConfUtils.java:logGet(46)) - raft.server.log.async-flush.enabled = false (default)
2023-04-18 19:34:46,290 [pool-79-thread-1] INFO  server.RaftServerConfigKeys (ConfUtils.java:logGet(46)) - raft.server.log.statemachine.data.caching.enabled = true (custom)
2023-04-18 19:34:46,291 [EventQueue-PipelineReportForPipelineReportHandler] INFO  pipeline.PipelineManagerImpl (PipelineManagerImpl.java:openPipeline(367)) - Pipeline Pipeline[ Id: 5f05a560-9d70-4653-a6a2-bc2f1aee5201, Nodes: b1c57afc-121c-455c-bc43-4ffbee8e4677(fv-az203-717/10.1.0.22), ReplicationConfig: RATIS/ONE, State:ALLOCATED, leaderId:b1c57afc-121c-455c-bc43-4ffbee8e4677, CreationTimestamp2023-04-18T19:34:43.252Z[Etc/UTC]] moved to OPEN state
2023-04-18 19:34:46,292 [pool-79-thread-1] INFO  segmented.SegmentedRaftLogWorker (SegmentedRaftLogWorker.java:lambda$new$0(135)) - b1c57afc-121c-455c-bc43-4ffbee8e4677@group-BC2F1AEE5201-SegmentedRaftLogWorker: flushIndex: setUnconditionally 0 -> -1
2023-04-18 19:34:46,292 [pool-79-thread-1] INFO  segmented.SegmentedRaftLogWorker (SegmentedRaftLogWorker.java:lambda$new$0(135)) - b1c57afc-121c-455c-bc43-4ffbee8e4677@group-BC2F1AEE5201-SegmentedRaftLogWorker: safeCacheEvictIndex: setUnconditionally 0 -> -1
2023-04-18 19:34:46,294 [pool-79-thread-1] INFO  server.RaftServer$Division (RaftServerImpl.java:start(334)) - b1c57afc-121c-455c-bc43-4ffbee8e4677@group-BC2F1AEE5201: start as a follower, conf=-1: peers:[b1c57afc-121c-455c-bc43-4ffbee8e4677|rpc:10.1.0.22:43873|dataStream:10.1.0.22:37825|priority:1|startupRole:FOLLOWER]|listeners:[], old=null
2023-04-18 19:34:46,294 [pool-79-thread-1] INFO  server.RaftServer$Division (RaftServerImpl.java:setRole(321)) - b1c57afc-121c-455c-bc43-4ffbee8e4677@group-BC2F1AEE5201: changes role from      null to FOLLOWER at term 0 for startAsFollower
2023-04-18 19:34:46,294 [EventQueue-OpenPipelineForHealthyPipelineSafeModeRule] INFO  safemode.SCMSafeModeManager (HealthyPipelineSafeModeRule.java:process(137)) - SCM in safe mode. Healthy pipelines reported count is 0, required healthy pipeline reported count is 1
2023-04-18 19:34:46,294 [pool-79-thread-1] INFO  impl.RoleInfo (RoleInfo.java:updateAndGet(139)) - b1c57afc-121c-455c-bc43-4ffbee8e4677: start b1c57afc-121c-455c-bc43-4ffbee8e4677@group-BC2F1AEE5201-FollowerState
2023-04-18 19:34:46,294 [b1c57afc-121c-455c-bc43-4ffbee8e4677@group-BC2F1AEE5201-FollowerState] INFO  server.RaftServerConfigKeys (ConfUtils.java:logFallback(53)) - raft.server.rpc.first-election.timeout.min = 5s (fallback to raft.server.rpc.timeout.min)
2023-04-18 19:34:46,294 [pool-79-thread-1] INFO  util.JmxRegister (JmxRegister.java:tryRegister(44)) - Successfully registered JMX Bean with object name Ratis:service=RaftServer,group=group-BC2F1AEE5201,id=b1c57afc-121c-455c-bc43-4ffbee8e4677
2023-04-18 19:34:46,294 [b1c57afc-121c-455c-bc43-4ffbee8e4677@group-BC2F1AEE5201-FollowerState] INFO  server.RaftServerConfigKeys (ConfUtils.java:logFallback(53)) - raft.server.rpc.first-election.timeout.max = 5200ms (fallback to raft.server.rpc.timeout.max)
2023-04-18 19:34:46,295 [pool-79-thread-1] INFO  server.RaftServerConfigKeys (ConfUtils.java:logGet(46)) - raft.server.snapshot.auto.trigger.enabled = true (custom)
2023-04-18 19:34:46,295 [pool-79-thread-1] INFO  server.RaftServerConfigKeys (ConfUtils.java:logGet(46)) - raft.server.snapshot.auto.trigger.threshold = 10000 (custom)
2023-04-18 19:34:46,295 [pool-79-thread-1] INFO  server.RaftServerConfigKeys (ConfUtils.java:logGet(46)) - raft.server.snapshot.retention.file.num = 5 (custom)
2023-04-18 19:34:46,295 [pool-79-thread-1] INFO  server.RaftServerConfigKeys (ConfUtils.java:logGet(46)) - raft.server.log.purge.upto.snapshot.index = false (default)
2023-04-18 19:34:46,300 [Command processor thread] INFO  ratis.XceiverServerRatis (XceiverServerRatis.java:addGroup(806)) - Created group PipelineID=5f05a560-9d70-4653-a6a2-bc2f1aee5201
2023-04-18 19:34:46,301 [Command processor thread] INFO  commandhandler.CreatePipelineCommandHandler (CreatePipelineCommandHandler.java:handle(113)) - Created Pipeline RATIS ONE PipelineID=5f05a560-9d70-4653-a6a2-bc2f1aee5201.
2023-04-18 19:34:46,301 [Command processor thread] INFO  server.RaftServer (RaftServerProxy.java:addNew(96)) - b1c57afc-121c-455c-bc43-4ffbee8e4677: addNew group-B6DDDC8024D4:[b1c57afc-121c-455c-bc43-4ffbee8e4677|rpc:10.1.0.22:43873|dataStream:10.1.0.22:37825|priority:0|startupRole:FOLLOWER, 4bcfc98d-1351-440f-af15-56158ce83d77|rpc:10.1.0.22:40839|dataStream:10.1.0.22:39131|priority:1|startupRole:FOLLOWER, 21b868c3-9969-4e13-ad52-9b0ac48fd138|rpc:10.1.0.22:42571|dataStream:10.1.0.22:34509|priority:0|startupRole:FOLLOWER] returns group-B6DDDC8024D4:java.util.concurrent.CompletableFuture@4956c844[Not completed]
2023-04-18 19:34:46,307 [pool-79-thread-1] INFO  server.RaftServer$Division (RaftServerImpl.java:<init>(195)) - b1c57afc-121c-455c-bc43-4ffbee8e4677: new RaftServerImpl for group-B6DDDC8024D4:[b1c57afc-121c-455c-bc43-4ffbee8e4677|rpc:10.1.0.22:43873|dataStream:10.1.0.22:37825|priority:0|startupRole:FOLLOWER, 4bcfc98d-1351-440f-af15-56158ce83d77|rpc:10.1.0.22:40839|dataStream:10.1.0.22:39131|priority:1|startupRole:FOLLOWER, 21b868c3-9969-4e13-ad52-9b0ac48fd138|rpc:10.1.0.22:42571|dataStream:10.1.0.22:34509|priority:0|startupRole:FOLLOWER] with ContainerStateMachine:uninitialized
2023-04-18 19:34:46,307 [pool-79-thread-1] INFO  server.RaftServerConfigKeys (ConfUtils.java:logGet(46)) - raft.server.rpc.timeout.min = 5s (custom)
2023-04-18 19:34:46,307 [pool-79-thread-1] INFO  server.RaftServerConfigKeys (ConfUtils.java:logGet(46)) - raft.server.rpc.timeout.max = 5200ms (custom)
2023-04-18 19:34:46,308 [pool-79-thread-1] INFO  server.RaftServerConfigKeys (ConfUtils.java:logGet(46)) - raft.server.rpc.sleep.time = 25ms (default)
2023-04-18 19:34:46,308 [pool-79-thread-1] INFO  server.RaftServerConfigKeys (ConfUtils.java:logGet(46)) - raft.server.rpc.slowness.timeout = 300s (custom)
2023-04-18 19:34:46,308 [pool-79-thread-1] INFO  server.RaftServerConfigKeys (ConfUtils.java:logGet(46)) - raft.server.leaderelection.leader.step-down.wait-time = 10s (default)
2023-04-18 19:34:46,308 [pool-79-thread-1] INFO  server.RaftServerConfigKeys (ConfUtils.java:logGet(46)) - raft.server.sleep.deviation.threshold = 300ms (default)
2023-04-18 19:34:46,308 [pool-79-thread-1] INFO  server.RaftServer$Division (ServerState.java:<init>(118)) - b1c57afc-121c-455c-bc43-4ffbee8e4677@group-B6DDDC8024D4: ConfigurationManager, init=-1: peers:[b1c57afc-121c-455c-bc43-4ffbee8e4677|rpc:10.1.0.22:43873|dataStream:10.1.0.22:37825|priority:0|startupRole:FOLLOWER, 4bcfc98d-1351-440f-af15-56158ce83d77|rpc:10.1.0.22:40839|dataStream:10.1.0.22:39131|priority:1|startupRole:FOLLOWER, 21b868c3-9969-4e13-ad52-9b0ac48fd138|rpc:10.1.0.22:42571|dataStream:10.1.0.22:34509|priority:0|startupRole:FOLLOWER]|listeners:[], old=null, confs=<EMPTY_MAP>
2023-04-18 19:34:46,308 [pool-79-thread-1] INFO  server.RaftServerConfigKeys (ConfUtils.java:logGet(46)) - raft.server.storage.dir = [/home/runner/work/ozone/ozone/hadoop-ozone/integration-test/target/test-dir/MiniOzoneClusterImpl-184ce46c-7709-4843-8010-c45aadaa38f8/datanode-0/data/ratis] (custom)
2023-04-18 19:34:46,308 [pool-79-thread-1] INFO  server.RaftServerConfigKeys (ConfUtils.java:logGet(46)) - raft.server.log.corruption.policy = EXCEPTION (default)
2023-04-18 19:34:46,308 [pool-79-thread-1] INFO  server.RaftServerConfigKeys (ConfUtils.java:logGet(46)) - raft.server.storage.free-space.min = 0MB (=0) (default)
2023-04-18 19:34:46,308 [pool-79-thread-1] INFO  server.RaftServerConfigKeys (ConfUtils.java:logGet(46)) - raft.server.notification.no-leader.timeout = 300s (custom)
2023-04-18 19:34:46,308 [pool-79-thread-1] INFO  server.RaftServerConfigKeys (ConfUtils.java:logGet(46)) - raft.server.retrycache.expirytime = 600000ms (custom)
2023-04-18 19:34:46,308 [pool-79-thread-1] INFO  server.RaftServerConfigKeys (ConfUtils.java:logGet(46)) - raft.server.retrycache.statistics.expirytime = 100μs (default)
2023-04-18 19:34:46,315 [pool-79-thread-1] INFO  server.RaftServerConfigKeys (ConfUtils.java:logGet(46)) - raft.server.log.appender.install.snapshot.enabled = false (custom)
2023-04-18 19:34:46,315 [pool-79-thread-1] INFO  server.RaftServerConfigKeys (ConfUtils.java:logGet(46)) - raft.server.threadpool.server.cached = true (default)
2023-04-18 19:34:46,315 [pool-79-thread-1] INFO  server.RaftServerConfigKeys (ConfUtils.java:logGet(46)) - raft.server.threadpool.server.size = 0 (default)
2023-04-18 19:34:46,315 [pool-79-thread-1] INFO  server.RaftServerConfigKeys (ConfUtils.java:logGet(46)) - raft.server.threadpool.client.cached = true (default)
2023-04-18 19:34:46,316 [pool-79-thread-1] INFO  server.RaftServerConfigKeys (ConfUtils.java:logGet(46)) - raft.server.threadpool.client.size = 0 (default)
2023-04-18 19:34:46,316 [pool-79-thread-1] INFO  storage.RaftStorageDirectory (RaftStorageDirectoryImpl.java:analyzeStorage(137)) - The storage directory /home/runner/work/ozone/ozone/hadoop-ozone/integration-test/target/test-dir/MiniOzoneClusterImpl-184ce46c-7709-4843-8010-c45aadaa38f8/datanode-0/data/ratis/fe8f8231-531f-40c6-a24e-b6dddc8024d4 does not exist. Creating ...
2023-04-18 19:34:46,317 [pool-79-thread-1] INFO  storage.RaftStorageDirectory (RaftStorageDirectoryImpl.java:tryLock(231)) - Lock on /home/runner/work/ozone/ozone/hadoop-ozone/integration-test/target/test-dir/MiniOzoneClusterImpl-184ce46c-7709-4843-8010-c45aadaa38f8/datanode-0/data/ratis/fe8f8231-531f-40c6-a24e-b6dddc8024d4/in_use.lock acquired by nodename 69562@fv-az203-717
2023-04-18 19:34:46,319 [pool-79-thread-1] INFO  storage.RaftStorage (RaftStorageImpl.java:format(96)) - Storage directory /home/runner/work/ozone/ozone/hadoop-ozone/integration-test/target/test-dir/MiniOzoneClusterImpl-184ce46c-7709-4843-8010-c45aadaa38f8/datanode-0/data/ratis/fe8f8231-531f-40c6-a24e-b6dddc8024d4 has been successfully formatted.
2023-04-18 19:34:46,319 [pool-79-thread-1] INFO  ratis.ContainerStateMachine (ContainerStateMachine.java:loadSnapshot(262)) - group-B6DDDC8024D4: The snapshot info is null. Setting the last applied indexto:(t:0, i:~)
2023-04-18 19:34:46,319 [pool-79-thread-1] INFO  server.RaftServerConfigKeys (ConfUtils.java:logGet(46)) - raft.server.log.use.memory = false (default)
2023-04-18 19:34:46,319 [pool-79-thread-1] INFO  server.RaftServerConfigKeys (ConfUtils.java:logGet(46)) - raft.server.log.purge.gap = 1000000 (custom)
2023-04-18 19:34:46,319 [pool-79-thread-1] INFO  server.RaftServerConfigKeys (ConfUtils.java:logGet(46)) - raft.server.log.appender.buffer.byte-limit = 33554432 (custom)
2023-04-18 19:34:46,319 [pool-79-thread-1] INFO  server.RaftServerConfigKeys (ConfUtils.java:logGet(46)) - raft.server.log.statemachine.data.read.timeout = 1000ms (default)
2023-04-18 19:34:46,320 [pool-79-thread-1] INFO  server.RaftServerConfigKeys (ConfUtils.java:logGet(46)) - raft.server.log.purge.preservation.log.num = 0 (default)
2023-04-18 19:34:46,320 [pool-79-thread-1] INFO  server.RaftServerConfigKeys (ConfUtils.java:logGet(46)) - raft.server.log.segment.size.max = 1048576 (custom)
2023-04-18 19:34:46,321 [EventQueue-OpenPipelineForHealthyPipelineSafeModeRule] INFO  safemode.SCMSafeModeManager (HealthyPipelineSafeModeRule.java:process(137)) - SCM in safe mode. Healthy pipelines reported count is 0, required healthy pipeline reported count is 1
2023-04-18 19:34:46,323 [pool-79-thread-1] INFO  server.RaftServerConfigKeys (ConfUtils.java:logGet(46)) - raft.server.log.segment.cache.num.max = 2 (custom)
2023-04-18 19:34:46,324 [pool-79-thread-1] INFO  server.RaftServerConfigKeys (ConfUtils.java:logGet(46)) - raft.server.log.segment.cache.size.max = 200MB (=209715200) (default)
2023-04-18 19:34:46,324 [pool-79-thread-1] INFO  segmented.SegmentedRaftLogWorker (SegmentedRaftLogWorker.java:<init>(189)) - new b1c57afc-121c-455c-bc43-4ffbee8e4677@group-B6DDDC8024D4-SegmentedRaftLogWorker for RaftStorageImpl:Storage Directory /home/runner/work/ozone/ozone/hadoop-ozone/integration-test/target/test-dir/MiniOzoneClusterImpl-184ce46c-7709-4843-8010-c45aadaa38f8/datanode-0/data/ratis/fe8f8231-531f-40c6-a24e-b6dddc8024d4
2023-04-18 19:34:46,324 [pool-79-thread-1] INFO  server.RaftServerConfigKeys (ConfUtils.java:logGet(46)) - raft.server.log.queue.byte-limit = 4294967296 (custom)
2023-04-18 19:34:46,324 [pool-79-thread-1] INFO  server.RaftServerConfigKeys (ConfUtils.java:logGet(46)) - raft.server.log.queue.element-limit = 1024 (custom)
2023-04-18 19:34:46,324 [pool-79-thread-1] INFO  server.RaftServerConfigKeys (ConfUtils.java:logGet(46)) - raft.server.log.segment.size.max = 1048576 (custom)
2023-04-18 19:34:46,324 [pool-79-thread-1] INFO  server.RaftServerConfigKeys (ConfUtils.java:logGet(46)) - raft.server.log.preallocated.size = 16384 (custom)
2023-04-18 19:34:46,324 [pool-79-thread-1] INFO  server.RaftServerConfigKeys (ConfUtils.java:logGet(46)) - raft.server.log.force.sync.num = 128 (default)
2023-04-18 19:34:46,324 [pool-79-thread-1] INFO  server.RaftServerConfigKeys (ConfUtils.java:logGet(46)) - raft.server.log.statemachine.data.sync = true (default)
2023-04-18 19:34:46,324 [pool-79-thread-1] INFO  server.RaftServerConfigKeys (ConfUtils.java:logGet(46)) - raft.server.log.statemachine.data.sync.timeout = 10s (default)
2023-04-18 19:34:46,324 [pool-79-thread-1] INFO  server.RaftServerConfigKeys (ConfUtils.java:logGet(46)) - raft.server.log.statemachine.data.sync.timeout.retry = -1 (default)
2023-04-18 19:34:46,325 [pool-79-thread-1] INFO  server.RaftServerConfigKeys (ConfUtils.java:logGet(46)) - raft.server.log.write.buffer.size = 1048576 (custom)
2023-04-18 19:34:46,326 [pool-79-thread-1] INFO  server.RaftServerConfigKeys (ConfUtils.java:logGet(46)) - raft.server.log.appender.buffer.byte-limit = 33554432 (custom)
2023-04-18 19:34:46,331 [pool-79-thread-1] INFO  server.RaftServerConfigKeys (ConfUtils.java:logGet(46)) - raft.server.log.unsafe-flush.enabled = false (default)
2023-04-18 19:34:46,331 [pool-79-thread-1] INFO  server.RaftServerConfigKeys (ConfUtils.java:logGet(46)) - raft.server.log.async-flush.enabled = false (default)
2023-04-18 19:34:46,331 [pool-79-thread-1] INFO  server.RaftServerConfigKeys (ConfUtils.java:logGet(46)) - raft.server.log.statemachine.data.caching.enabled = true (custom)
2023-04-18 19:34:46,331 [pool-79-thread-1] INFO  segmented.SegmentedRaftLogWorker (SegmentedRaftLogWorker.java:lambda$new$0(135)) - b1c57afc-121c-455c-bc43-4ffbee8e4677@group-B6DDDC8024D4-SegmentedRaftLogWorker: flushIndex: setUnconditionally 0 -> -1
2023-04-18 19:34:46,331 [pool-79-thread-1] INFO  segmented.SegmentedRaftLogWorker (SegmentedRaftLogWorker.java:lambda$new$0(135)) - b1c57afc-121c-455c-bc43-4ffbee8e4677@group-B6DDDC8024D4-SegmentedRaftLogWorker: safeCacheEvictIndex: setUnconditionally 0 -> -1
2023-04-18 19:34:46,332 [pool-79-thread-1] INFO  server.RaftServer$Division (RaftServerImpl.java:start(334)) - b1c57afc-121c-455c-bc43-4ffbee8e4677@group-B6DDDC8024D4: start as a follower, conf=-1: peers:[b1c57afc-121c-455c-bc43-4ffbee8e4677|rpc:10.1.0.22:43873|dataStream:10.1.0.22:37825|priority:0|startupRole:FOLLOWER, 4bcfc98d-1351-440f-af15-56158ce83d77|rpc:10.1.0.22:40839|dataStream:10.1.0.22:39131|priority:1|startupRole:FOLLOWER, 21b868c3-9969-4e13-ad52-9b0ac48fd138|rpc:10.1.0.22:42571|dataStream:10.1.0.22:34509|priority:0|startupRole:FOLLOWER]|listeners:[], old=null
2023-04-18 19:34:46,332 [pool-79-thread-1] INFO  server.RaftServer$Division (RaftServerImpl.java:setRole(321)) - b1c57afc-121c-455c-bc43-4ffbee8e4677@group-B6DDDC8024D4: changes role from      null to FOLLOWER at term 0 for startAsFollower
2023-04-18 19:34:46,332 [pool-79-thread-1] INFO  impl.RoleInfo (RoleInfo.java:updateAndGet(139)) - b1c57afc-121c-455c-bc43-4ffbee8e4677: start b1c57afc-121c-455c-bc43-4ffbee8e4677@group-B6DDDC8024D4-FollowerState
2023-04-18 19:34:46,332 [b1c57afc-121c-455c-bc43-4ffbee8e4677@group-B6DDDC8024D4-FollowerState] INFO  server.RaftServerConfigKeys (ConfUtils.java:logFallback(53)) - raft.server.rpc.first-election.timeout.min = 5s (fallback to raft.server.rpc.timeout.min)
2023-04-18 19:34:46,333 [pool-79-thread-1] INFO  util.JmxRegister (JmxRegister.java:tryRegister(44)) - Successfully registered JMX Bean with object name Ratis:service=RaftServer,group=group-B6DDDC8024D4,id=b1c57afc-121c-455c-bc43-4ffbee8e4677
2023-04-18 19:34:46,333 [b1c57afc-121c-455c-bc43-4ffbee8e4677@group-B6DDDC8024D4-FollowerState] INFO  server.RaftServerConfigKeys (ConfUtils.java:logFallback(53)) - raft.server.rpc.first-election.timeout.max = 5200ms (fallback to raft.server.rpc.timeout.max)
2023-04-18 19:34:46,333 [pool-79-thread-1] INFO  server.RaftServerConfigKeys (ConfUtils.java:logGet(46)) - raft.server.snapshot.auto.trigger.enabled = true (custom)
2023-04-18 19:34:46,333 [pool-79-thread-1] INFO  server.RaftServerConfigKeys (ConfUtils.java:logGet(46)) - raft.server.snapshot.auto.trigger.threshold = 10000 (custom)
2023-04-18 19:34:46,333 [pool-79-thread-1] INFO  server.RaftServerConfigKeys (ConfUtils.java:logGet(46)) - raft.server.snapshot.retention.file.num = 5 (custom)
2023-04-18 19:34:46,333 [pool-79-thread-1] INFO  server.RaftServerConfigKeys (ConfUtils.java:logGet(46)) - raft.server.log.purge.upto.snapshot.index = false (default)
2023-04-18 19:34:46,334 [Command processor thread] INFO  ratis.XceiverServerRatis (XceiverServerRatis.java:addGroup(806)) - Created group PipelineID=fe8f8231-531f-40c6-a24e-b6dddc8024d4
2023-04-18 19:34:46,702 [grpc-default-executor-0] INFO  server.RaftServer (RaftServerProxy.java:addNew(96)) - 21b868c3-9969-4e13-ad52-9b0ac48fd138: addNew group-B6DDDC8024D4:[b1c57afc-121c-455c-bc43-4ffbee8e4677|rpc:10.1.0.22:43873|dataStream:10.1.0.22:37825|priority:0|startupRole:FOLLOWER, 4bcfc98d-1351-440f-af15-56158ce83d77|rpc:10.1.0.22:40839|dataStream:10.1.0.22:39131|priority:1|startupRole:FOLLOWER, 21b868c3-9969-4e13-ad52-9b0ac48fd138|rpc:10.1.0.22:42571|dataStream:10.1.0.22:34509|priority:0|startupRole:FOLLOWER] returns group-B6DDDC8024D4:java.util.concurrent.CompletableFuture@46e71aa1[Not completed]
2023-04-18 19:34:46,705 [pool-123-thread-1] INFO  server.RaftServer$Division (RaftServerImpl.java:<init>(195)) - 21b868c3-9969-4e13-ad52-9b0ac48fd138: new RaftServerImpl for group-B6DDDC8024D4:[b1c57afc-121c-455c-bc43-4ffbee8e4677|rpc:10.1.0.22:43873|dataStream:10.1.0.22:37825|priority:0|startupRole:FOLLOWER, 4bcfc98d-1351-440f-af15-56158ce83d77|rpc:10.1.0.22:40839|dataStream:10.1.0.22:39131|priority:1|startupRole:FOLLOWER, 21b868c3-9969-4e13-ad52-9b0ac48fd138|rpc:10.1.0.22:42571|dataStream:10.1.0.22:34509|priority:0|startupRole:FOLLOWER] with ContainerStateMachine:uninitialized
2023-04-18 19:34:46,705 [pool-123-thread-1] INFO  server.RaftServerConfigKeys (ConfUtils.java:logGet(46)) - raft.server.rpc.timeout.min = 5s (custom)
2023-04-18 19:34:46,705 [pool-123-thread-1] INFO  server.RaftServerConfigKeys (ConfUtils.java:logGet(46)) - raft.server.rpc.timeout.max = 5200ms (custom)
2023-04-18 19:34:46,705 [pool-123-thread-1] INFO  server.RaftServerConfigKeys (ConfUtils.java:logGet(46)) - raft.server.rpc.sleep.time = 25ms (default)
2023-04-18 19:34:46,705 [pool-123-thread-1] INFO  server.RaftServerConfigKeys (ConfUtils.java:logGet(46)) - raft.server.rpc.slowness.timeout = 300s (custom)
2023-04-18 19:34:46,706 [pool-123-thread-1] INFO  server.RaftServerConfigKeys (ConfUtils.java:logGet(46)) - raft.server.leaderelection.leader.step-down.wait-time = 10s (default)
2023-04-18 19:34:46,706 [pool-123-thread-1] INFO  server.RaftServerConfigKeys (ConfUtils.java:logGet(46)) - raft.server.sleep.deviation.threshold = 300ms (default)
2023-04-18 19:34:46,706 [pool-123-thread-1] INFO  server.RaftServer$Division (ServerState.java:<init>(118)) - 21b868c3-9969-4e13-ad52-9b0ac48fd138@group-B6DDDC8024D4: ConfigurationManager, init=-1: peers:[b1c57afc-121c-455c-bc43-4ffbee8e4677|rpc:10.1.0.22:43873|dataStream:10.1.0.22:37825|priority:0|startupRole:FOLLOWER, 4bcfc98d-1351-440f-af15-56158ce83d77|rpc:10.1.0.22:40839|dataStream:10.1.0.22:39131|priority:1|startupRole:FOLLOWER, 21b868c3-9969-4e13-ad52-9b0ac48fd138|rpc:10.1.0.22:42571|dataStream:10.1.0.22:34509|priority:0|startupRole:FOLLOWER]|listeners:[], old=null, confs=<EMPTY_MAP>
2023-04-18 19:34:46,707 [pool-123-thread-1] INFO  server.RaftServerConfigKeys (ConfUtils.java:logGet(46)) - raft.server.storage.dir = [/home/runner/work/ozone/ozone/hadoop-ozone/integration-test/target/test-dir/MiniOzoneClusterImpl-184ce46c-7709-4843-8010-c45aadaa38f8/datanode-2/data/ratis] (custom)
2023-04-18 19:34:46,707 [pool-123-thread-1] INFO  server.RaftServerConfigKeys (ConfUtils.java:logGet(46)) - raft.server.log.corruption.policy = EXCEPTION (default)
2023-04-18 19:34:46,707 [pool-123-thread-1] INFO  server.RaftServerConfigKeys (ConfUtils.java:logGet(46)) - raft.server.storage.free-space.min = 0MB (=0) (default)
2023-04-18 19:34:46,707 [pool-123-thread-1] INFO  server.RaftServerConfigKeys (ConfUtils.java:logGet(46)) - raft.server.notification.no-leader.timeout = 300s (custom)
2023-04-18 19:34:46,707 [pool-123-thread-1] INFO  server.RaftServerConfigKeys (ConfUtils.java:logGet(46)) - raft.server.retrycache.expirytime = 600000ms (custom)
2023-04-18 19:34:46,708 [pool-123-thread-1] INFO  server.RaftServerConfigKeys (ConfUtils.java:logGet(46)) - raft.server.retrycache.statistics.expirytime = 100μs (default)
2023-04-18 19:34:46,711 [pool-123-thread-1] INFO  server.RaftServerConfigKeys (ConfUtils.java:logGet(46)) - raft.server.log.appender.install.snapshot.enabled = false (custom)
2023-04-18 19:34:46,711 [pool-123-thread-1] INFO  server.RaftServerConfigKeys (ConfUtils.java:logGet(46)) - raft.server.threadpool.server.cached = true (default)
2023-04-18 19:34:46,711 [pool-123-thread-1] INFO  server.RaftServerConfigKeys (ConfUtils.java:logGet(46)) - raft.server.threadpool.server.size = 0 (default)
2023-04-18 19:34:46,711 [pool-123-thread-1] INFO  server.RaftServerConfigKeys (ConfUtils.java:logGet(46)) - raft.server.threadpool.client.cached = true (default)
2023-04-18 19:34:46,711 [pool-123-thread-1] INFO  server.RaftServerConfigKeys (ConfUtils.java:logGet(46)) - raft.server.threadpool.client.size = 0 (default)
2023-04-18 19:34:46,712 [pool-123-thread-1] INFO  storage.RaftStorageDirectory (RaftStorageDirectoryImpl.java:analyzeStorage(137)) - The storage directory /home/runner/work/ozone/ozone/hadoop-ozone/integration-test/target/test-dir/MiniOzoneClusterImpl-184ce46c-7709-4843-8010-c45aadaa38f8/datanode-2/data/ratis/fe8f8231-531f-40c6-a24e-b6dddc8024d4 does not exist. Creating ...
2023-04-18 19:34:46,713 [pool-123-thread-1] INFO  storage.RaftStorageDirectory (RaftStorageDirectoryImpl.java:tryLock(231)) - Lock on /home/runner/work/ozone/ozone/hadoop-ozone/integration-test/target/test-dir/MiniOzoneClusterImpl-184ce46c-7709-4843-8010-c45aadaa38f8/datanode-2/data/ratis/fe8f8231-531f-40c6-a24e-b6dddc8024d4/in_use.lock acquired by nodename 69562@fv-az203-717
2023-04-18 19:34:46,714 [pool-123-thread-1] INFO  storage.RaftStorage (RaftStorageImpl.java:format(96)) - Storage directory /home/runner/work/ozone/ozone/hadoop-ozone/integration-test/target/test-dir/MiniOzoneClusterImpl-184ce46c-7709-4843-8010-c45aadaa38f8/datanode-2/data/ratis/fe8f8231-531f-40c6-a24e-b6dddc8024d4 has been successfully formatted.
2023-04-18 19:34:46,715 [pool-123-thread-1] INFO  ratis.ContainerStateMachine (ContainerStateMachine.java:loadSnapshot(262)) - group-B6DDDC8024D4: The snapshot info is null. Setting the last applied indexto:(t:0, i:~)
2023-04-18 19:34:46,718 [pool-123-thread-1] INFO  server.RaftServerConfigKeys (ConfUtils.java:logGet(46)) - raft.server.log.use.memory = false (default)
2023-04-18 19:34:46,718 [pool-123-thread-1] INFO  server.RaftServerConfigKeys (ConfUtils.java:logGet(46)) - raft.server.log.purge.gap = 1000000 (custom)
2023-04-18 19:34:46,720 [pool-123-thread-1] INFO  server.RaftServerConfigKeys (ConfUtils.java:logGet(46)) - raft.server.log.appender.buffer.byte-limit = 33554432 (custom)
2023-04-18 19:34:46,720 [pool-123-thread-1] INFO  server.RaftServerConfigKeys (ConfUtils.java:logGet(46)) - raft.server.log.statemachine.data.read.timeout = 1000ms (default)
2023-04-18 19:34:46,720 [pool-123-thread-1] INFO  server.RaftServerConfigKeys (ConfUtils.java:logGet(46)) - raft.server.log.purge.preservation.log.num = 0 (default)
2023-04-18 19:34:46,721 [pool-123-thread-1] INFO  server.RaftServerConfigKeys (ConfUtils.java:logGet(46)) - raft.server.log.segment.size.max = 1048576 (custom)
2023-04-18 19:34:46,721 [pool-123-thread-1] INFO  server.RaftServerConfigKeys (ConfUtils.java:logGet(46)) - raft.server.log.segment.cache.num.max = 2 (custom)
2023-04-18 19:34:46,721 [pool-123-thread-1] INFO  server.RaftServerConfigKeys (ConfUtils.java:logGet(46)) - raft.server.log.segment.cache.size.max = 200MB (=209715200) (default)
2023-04-18 19:34:46,721 [pool-123-thread-1] INFO  segmented.SegmentedRaftLogWorker (SegmentedRaftLogWorker.java:<init>(189)) - new 21b868c3-9969-4e13-ad52-9b0ac48fd138@group-B6DDDC8024D4-SegmentedRaftLogWorker for RaftStorageImpl:Storage Directory /home/runner/work/ozone/ozone/hadoop-ozone/integration-test/target/test-dir/MiniOzoneClusterImpl-184ce46c-7709-4843-8010-c45aadaa38f8/datanode-2/data/ratis/fe8f8231-531f-40c6-a24e-b6dddc8024d4
2023-04-18 19:34:46,721 [pool-123-thread-1] INFO  server.RaftServerConfigKeys (ConfUtils.java:logGet(46)) - raft.server.log.queue.byte-limit = 4294967296 (custom)
2023-04-18 19:34:46,721 [pool-123-thread-1] INFO  server.RaftServerConfigKeys (ConfUtils.java:logGet(46)) - raft.server.log.queue.element-limit = 1024 (custom)
2023-04-18 19:34:46,721 [pool-123-thread-1] INFO  server.RaftServerConfigKeys (ConfUtils.java:logGet(46)) - raft.server.log.segment.size.max = 1048576 (custom)
2023-04-18 19:34:46,722 [pool-123-thread-1] INFO  server.RaftServerConfigKeys (ConfUtils.java:logGet(46)) - raft.server.log.preallocated.size = 16384 (custom)
2023-04-18 19:34:46,722 [pool-123-thread-1] INFO  server.RaftServerConfigKeys (ConfUtils.java:logGet(46)) - raft.server.log.force.sync.num = 128 (default)
2023-04-18 19:34:46,722 [pool-123-thread-1] INFO  server.RaftServerConfigKeys (ConfUtils.java:logGet(46)) - raft.server.log.statemachine.data.sync = true (default)
2023-04-18 19:34:46,722 [pool-123-thread-1] INFO  server.RaftServerConfigKeys (ConfUtils.java:logGet(46)) - raft.server.log.statemachine.data.sync.timeout = 10s (default)
2023-04-18 19:34:46,722 [pool-123-thread-1] INFO  server.RaftServerConfigKeys (ConfUtils.java:logGet(46)) - raft.server.log.statemachine.data.sync.timeout.retry = -1 (default)
2023-04-18 19:34:46,728 [pool-123-thread-1] INFO  server.RaftServerConfigKeys (ConfUtils.java:logGet(46)) - raft.server.log.write.buffer.size = 1048576 (custom)
2023-04-18 19:34:46,729 [pool-123-thread-1] INFO  server.RaftServerConfigKeys (ConfUtils.java:logGet(46)) - raft.server.log.appender.buffer.byte-limit = 33554432 (custom)
2023-04-18 19:34:46,734 [pool-123-thread-1] INFO  server.RaftServerConfigKeys (ConfUtils.java:logGet(46)) - raft.server.log.unsafe-flush.enabled = false (default)
2023-04-18 19:34:46,734 [pool-123-thread-1] INFO  server.RaftServerConfigKeys (ConfUtils.java:logGet(46)) - raft.server.log.async-flush.enabled = false (default)
2023-04-18 19:34:46,734 [pool-123-thread-1] INFO  server.RaftServerConfigKeys (ConfUtils.java:logGet(46)) - raft.server.log.statemachine.data.caching.enabled = true (custom)
2023-04-18 19:34:46,734 [pool-123-thread-1] INFO  segmented.SegmentedRaftLogWorker (SegmentedRaftLogWorker.java:lambda$new$0(135)) - 21b868c3-9969-4e13-ad52-9b0ac48fd138@group-B6DDDC8024D4-SegmentedRaftLogWorker: flushIndex: setUnconditionally 0 -> -1
2023-04-18 19:34:46,734 [pool-123-thread-1] INFO  segmented.SegmentedRaftLogWorker (SegmentedRaftLogWorker.java:lambda$new$0(135)) - 21b868c3-9969-4e13-ad52-9b0ac48fd138@group-B6DDDC8024D4-SegmentedRaftLogWorker: safeCacheEvictIndex: setUnconditionally 0 -> -1
2023-04-18 19:34:46,734 [pool-123-thread-1] INFO  server.RaftServer$Division (RaftServerImpl.java:start(334)) - 21b868c3-9969-4e13-ad52-9b0ac48fd138@group-B6DDDC8024D4: start as a follower, conf=-1: peers:[b1c57afc-121c-455c-bc43-4ffbee8e4677|rpc:10.1.0.22:43873|dataStream:10.1.0.22:37825|priority:0|startupRole:FOLLOWER, 4bcfc98d-1351-440f-af15-56158ce83d77|rpc:10.1.0.22:40839|dataStream:10.1.0.22:39131|priority:1|startupRole:FOLLOWER, 21b868c3-9969-4e13-ad52-9b0ac48fd138|rpc:10.1.0.22:42571|dataStream:10.1.0.22:34509|priority:0|startupRole:FOLLOWER]|listeners:[], old=null
2023-04-18 19:34:46,735 [pool-123-thread-1] INFO  server.RaftServer$Division (RaftServerImpl.java:setRole(321)) - 21b868c3-9969-4e13-ad52-9b0ac48fd138@group-B6DDDC8024D4: changes role from      null to FOLLOWER at term 0 for startAsFollower
2023-04-18 19:34:46,735 [pool-123-thread-1] INFO  impl.RoleInfo (RoleInfo.java:updateAndGet(139)) - 21b868c3-9969-4e13-ad52-9b0ac48fd138: start 21b868c3-9969-4e13-ad52-9b0ac48fd138@group-B6DDDC8024D4-FollowerState
2023-04-18 19:34:46,736 [pool-123-thread-1] INFO  util.JmxRegister (JmxRegister.java:tryRegister(44)) - Successfully registered JMX Bean with object name Ratis:service=RaftServer,group=group-B6DDDC8024D4,id=21b868c3-9969-4e13-ad52-9b0ac48fd138
2023-04-18 19:34:46,736 [pool-123-thread-1] INFO  server.RaftServerConfigKeys (ConfUtils.java:logGet(46)) - raft.server.snapshot.auto.trigger.enabled = true (custom)
2023-04-18 19:34:46,736 [pool-123-thread-1] INFO  server.RaftServerConfigKeys (ConfUtils.java:logGet(46)) - raft.server.snapshot.auto.trigger.threshold = 10000 (custom)
2023-04-18 19:34:46,736 [pool-123-thread-1] INFO  server.RaftServerConfigKeys (ConfUtils.java:logGet(46)) - raft.server.snapshot.retention.file.num = 5 (custom)
2023-04-18 19:34:46,736 [pool-123-thread-1] INFO  server.RaftServerConfigKeys (ConfUtils.java:logGet(46)) - raft.server.log.purge.upto.snapshot.index = false (default)
2023-04-18 19:34:46,740 [21b868c3-9969-4e13-ad52-9b0ac48fd138@group-B6DDDC8024D4-FollowerState] INFO  server.RaftServerConfigKeys (ConfUtils.java:logFallback(53)) - raft.server.rpc.first-election.timeout.min = 5s (fallback to raft.server.rpc.timeout.min)
2023-04-18 19:34:46,741 [21b868c3-9969-4e13-ad52-9b0ac48fd138@group-B6DDDC8024D4-FollowerState] INFO  server.RaftServerConfigKeys (ConfUtils.java:logFallback(53)) - raft.server.rpc.first-election.timeout.max = 5200ms (fallback to raft.server.rpc.timeout.max)
2023-04-18 19:34:46,746 [Command processor thread] INFO  server.RaftServer (RaftServerProxy.java:addNew(96)) - 4bcfc98d-1351-440f-af15-56158ce83d77: addNew group-88854C34A86D:[4bcfc98d-1351-440f-af15-56158ce83d77|rpc:10.1.0.22:40839|dataStream:10.1.0.22:39131|priority:1|startupRole:FOLLOWER] returns group-88854C34A86D:java.util.concurrent.CompletableFuture@1b9e10a1[Not completed]
2023-04-18 19:34:46,760 [pool-101-thread-1] INFO  server.RaftServer$Division (RaftServerImpl.java:<init>(195)) - 4bcfc98d-1351-440f-af15-56158ce83d77: new RaftServerImpl for group-88854C34A86D:[4bcfc98d-1351-440f-af15-56158ce83d77|rpc:10.1.0.22:40839|dataStream:10.1.0.22:39131|priority:1|startupRole:FOLLOWER] with ContainerStateMachine:uninitialized
2023-04-18 19:34:46,761 [pool-101-thread-1] INFO  server.RaftServerConfigKeys (ConfUtils.java:logGet(46)) - raft.server.rpc.timeout.min = 5s (custom)
2023-04-18 19:34:46,761 [pool-101-thread-1] INFO  server.RaftServerConfigKeys (ConfUtils.java:logGet(46)) - raft.server.rpc.timeout.max = 5200ms (custom)
2023-04-18 19:34:46,761 [pool-101-thread-1] INFO  server.RaftServerConfigKeys (ConfUtils.java:logGet(46)) - raft.server.rpc.sleep.time = 25ms (default)
2023-04-18 19:34:46,761 [pool-101-thread-1] INFO  server.RaftServerConfigKeys (ConfUtils.java:logGet(46)) - raft.server.rpc.slowness.timeout = 300s (custom)
2023-04-18 19:34:46,761 [pool-101-thread-1] INFO  server.RaftServerConfigKeys (ConfUtils.java:logGet(46)) - raft.server.leaderelection.leader.step-down.wait-time = 10s (default)
2023-04-18 19:34:46,761 [pool-101-thread-1] INFO  server.RaftServerConfigKeys (ConfUtils.java:logGet(46)) - raft.server.sleep.deviation.threshold = 300ms (default)
2023-04-18 19:34:46,762 [pool-101-thread-1] INFO  server.RaftServer$Division (ServerState.java:<init>(118)) - 4bcfc98d-1351-440f-af15-56158ce83d77@group-88854C34A86D: ConfigurationManager, init=-1: peers:[4bcfc98d-1351-440f-af15-56158ce83d77|rpc:10.1.0.22:40839|dataStream:10.1.0.22:39131|priority:1|startupRole:FOLLOWER]|listeners:[], old=null, confs=<EMPTY_MAP>
2023-04-18 19:34:46,762 [pool-101-thread-1] INFO  server.RaftServerConfigKeys (ConfUtils.java:logGet(46)) - raft.server.storage.dir = [/home/runner/work/ozone/ozone/hadoop-ozone/integration-test/target/test-dir/MiniOzoneClusterImpl-184ce46c-7709-4843-8010-c45aadaa38f8/datanode-1/data/ratis] (custom)
2023-04-18 19:34:46,765 [pool-101-thread-1] INFO  server.RaftServerConfigKeys (ConfUtils.java:logGet(46)) - raft.server.log.corruption.policy = EXCEPTION (default)
2023-04-18 19:34:46,765 [pool-101-thread-1] INFO  server.RaftServerConfigKeys (ConfUtils.java:logGet(46)) - raft.server.storage.free-space.min = 0MB (=0) (default)
2023-04-18 19:34:46,765 [pool-101-thread-1] INFO  server.RaftServerConfigKeys (ConfUtils.java:logGet(46)) - raft.server.notification.no-leader.timeout = 300s (custom)
2023-04-18 19:34:46,765 [pool-101-thread-1] INFO  server.RaftServerConfigKeys (ConfUtils.java:logGet(46)) - raft.server.retrycache.expirytime = 600000ms (custom)
2023-04-18 19:34:46,766 [pool-101-thread-1] INFO  server.RaftServerConfigKeys (ConfUtils.java:logGet(46)) - raft.server.retrycache.statistics.expirytime = 100μs (default)
2023-04-18 19:34:46,767 [pool-101-thread-1] INFO  server.RaftServerConfigKeys (ConfUtils.java:logGet(46)) - raft.server.log.appender.install.snapshot.enabled = false (custom)
2023-04-18 19:34:46,767 [pool-101-thread-1] INFO  server.RaftServerConfigKeys (ConfUtils.java:logGet(46)) - raft.server.threadpool.server.cached = true (default)
2023-04-18 19:34:46,767 [pool-101-thread-1] INFO  server.RaftServerConfigKeys (ConfUtils.java:logGet(46)) - raft.server.threadpool.server.size = 0 (default)
2023-04-18 19:34:46,767 [pool-101-thread-1] INFO  server.RaftServerConfigKeys (ConfUtils.java:logGet(46)) - raft.server.threadpool.client.cached = true (default)
2023-04-18 19:34:46,767 [pool-101-thread-1] INFO  server.RaftServerConfigKeys (ConfUtils.java:logGet(46)) - raft.server.threadpool.client.size = 0 (default)
2023-04-18 19:34:46,772 [pool-101-thread-1] INFO  storage.RaftStorageDirectory (RaftStorageDirectoryImpl.java:analyzeStorage(137)) - The storage directory /home/runner/work/ozone/ozone/hadoop-ozone/integration-test/target/test-dir/MiniOzoneClusterImpl-184ce46c-7709-4843-8010-c45aadaa38f8/datanode-1/data/ratis/e816e19d-5b66-4143-a472-88854c34a86d does not exist. Creating ...
2023-04-18 19:34:46,774 [pool-101-thread-1] INFO  storage.RaftStorageDirectory (RaftStorageDirectoryImpl.java:tryLock(231)) - Lock on /home/runner/work/ozone/ozone/hadoop-ozone/integration-test/target/test-dir/MiniOzoneClusterImpl-184ce46c-7709-4843-8010-c45aadaa38f8/datanode-1/data/ratis/e816e19d-5b66-4143-a472-88854c34a86d/in_use.lock acquired by nodename 69562@fv-az203-717
2023-04-18 19:34:46,776 [pool-101-thread-1] INFO  storage.RaftStorage (RaftStorageImpl.java:format(96)) - Storage directory /home/runner/work/ozone/ozone/hadoop-ozone/integration-test/target/test-dir/MiniOzoneClusterImpl-184ce46c-7709-4843-8010-c45aadaa38f8/datanode-1/data/ratis/e816e19d-5b66-4143-a472-88854c34a86d has been successfully formatted.
2023-04-18 19:34:46,777 [pool-101-thread-1] INFO  ratis.ContainerStateMachine (ContainerStateMachine.java:loadSnapshot(262)) - group-88854C34A86D: The snapshot info is null. Setting the last applied indexto:(t:0, i:~)
2023-04-18 19:34:46,777 [pool-101-thread-1] INFO  server.RaftServerConfigKeys (ConfUtils.java:logGet(46)) - raft.server.log.use.memory = false (default)
2023-04-18 19:34:46,778 [pool-101-thread-1] INFO  server.RaftServerConfigKeys (ConfUtils.java:logGet(46)) - raft.server.log.purge.gap = 1000000 (custom)
2023-04-18 19:34:46,784 [pool-101-thread-1] INFO  server.RaftServerConfigKeys (ConfUtils.java:logGet(46)) - raft.server.log.appender.buffer.byte-limit = 33554432 (custom)
2023-04-18 19:34:46,784 [pool-101-thread-1] INFO  server.RaftServerConfigKeys (ConfUtils.java:logGet(46)) - raft.server.log.statemachine.data.read.timeout = 1000ms (default)
2023-04-18 19:34:46,784 [pool-101-thread-1] INFO  server.RaftServerConfigKeys (ConfUtils.java:logGet(46)) - raft.server.log.purge.preservation.log.num = 0 (default)
2023-04-18 19:34:46,784 [pool-101-thread-1] INFO  server.RaftServerConfigKeys (ConfUtils.java:logGet(46)) - raft.server.log.segment.size.max = 1048576 (custom)
2023-04-18 19:34:46,785 [pool-101-thread-1] INFO  server.RaftServerConfigKeys (ConfUtils.java:logGet(46)) - raft.server.log.segment.cache.num.max = 2 (custom)
2023-04-18 19:34:46,785 [pool-101-thread-1] INFO  server.RaftServerConfigKeys (ConfUtils.java:logGet(46)) - raft.server.log.segment.cache.size.max = 200MB (=209715200) (default)
2023-04-18 19:34:46,785 [pool-101-thread-1] INFO  segmented.SegmentedRaftLogWorker (SegmentedRaftLogWorker.java:<init>(189)) - new 4bcfc98d-1351-440f-af15-56158ce83d77@group-88854C34A86D-SegmentedRaftLogWorker for RaftStorageImpl:Storage Directory /home/runner/work/ozone/ozone/hadoop-ozone/integration-test/target/test-dir/MiniOzoneClusterImpl-184ce46c-7709-4843-8010-c45aadaa38f8/datanode-1/data/ratis/e816e19d-5b66-4143-a472-88854c34a86d
2023-04-18 19:34:46,786 [pool-101-thread-1] INFO  server.RaftServerConfigKeys (ConfUtils.java:logGet(46)) - raft.server.log.queue.byte-limit = 4294967296 (custom)
2023-04-18 19:34:46,786 [pool-101-thread-1] INFO  server.RaftServerConfigKeys (ConfUtils.java:logGet(46)) - raft.server.log.queue.element-limit = 1024 (custom)
2023-04-18 19:34:46,786 [pool-101-thread-1] INFO  server.RaftServerConfigKeys (ConfUtils.java:logGet(46)) - raft.server.log.segment.size.max = 1048576 (custom)
2023-04-18 19:34:46,786 [pool-101-thread-1] INFO  server.RaftServerConfigKeys (ConfUtils.java:logGet(46)) - raft.server.log.preallocated.size = 16384 (custom)
2023-04-18 19:34:46,786 [pool-101-thread-1] INFO  server.RaftServerConfigKeys (ConfUtils.java:logGet(46)) - raft.server.log.force.sync.num = 128 (default)
2023-04-18 19:34:46,787 [EventQueue-PipelineReportForPipelineReportHandler] INFO  pipeline.PipelineManagerImpl (PipelineManagerImpl.java:openPipeline(367)) - Pipeline Pipeline[ Id: e816e19d-5b66-4143-a472-88854c34a86d, Nodes: 4bcfc98d-1351-440f-af15-56158ce83d77(fv-az203-717/10.1.0.22), ReplicationConfig: RATIS/ONE, State:ALLOCATED, leaderId:4bcfc98d-1351-440f-af15-56158ce83d77, CreationTimestamp2023-04-18T19:34:43.748Z[Etc/UTC]] moved to OPEN state
2023-04-18 19:34:46,787 [EventQueue-OpenPipelineForHealthyPipelineSafeModeRule] INFO  safemode.SCMSafeModeManager (HealthyPipelineSafeModeRule.java:process(137)) - SCM in safe mode. Healthy pipelines reported count is 0, required healthy pipeline reported count is 1
2023-04-18 19:34:46,787 [pool-101-thread-1] INFO  server.RaftServerConfigKeys (ConfUtils.java:logGet(46)) - raft.server.log.statemachine.data.sync = true (default)
2023-04-18 19:34:46,788 [pool-101-thread-1] INFO  server.RaftServerConfigKeys (ConfUtils.java:logGet(46)) - raft.server.log.statemachine.data.sync.timeout = 10s (default)
2023-04-18 19:34:46,788 [pool-101-thread-1] INFO  server.RaftServerConfigKeys (ConfUtils.java:logGet(46)) - raft.server.log.statemachine.data.sync.timeout.retry = -1 (default)
2023-04-18 19:34:46,788 [pool-101-thread-1] INFO  server.RaftServerConfigKeys (ConfUtils.java:logGet(46)) - raft.server.log.write.buffer.size = 1048576 (custom)
2023-04-18 19:34:46,789 [pool-101-thread-1] INFO  server.RaftServerConfigKeys (ConfUtils.java:logGet(46)) - raft.server.log.appender.buffer.byte-limit = 33554432 (custom)
2023-04-18 19:34:46,809 [pool-101-thread-1] INFO  server.RaftServerConfigKeys (ConfUtils.java:logGet(46)) - raft.server.log.unsafe-flush.enabled = false (default)
2023-04-18 19:34:46,809 [pool-101-thread-1] INFO  server.RaftServerConfigKeys (ConfUtils.java:logGet(46)) - raft.server.log.async-flush.enabled = false (default)
2023-04-18 19:34:46,809 [pool-101-thread-1] INFO  server.RaftServerConfigKeys (ConfUtils.java:logGet(46)) - raft.server.log.statemachine.data.caching.enabled = true (custom)
2023-04-18 19:34:46,810 [pool-101-thread-1] INFO  segmented.SegmentedRaftLogWorker (SegmentedRaftLogWorker.java:lambda$new$0(135)) - 4bcfc98d-1351-440f-af15-56158ce83d77@group-88854C34A86D-SegmentedRaftLogWorker: flushIndex: setUnconditionally 0 -> -1
2023-04-18 19:34:46,810 [pool-101-thread-1] INFO  segmented.SegmentedRaftLogWorker (SegmentedRaftLogWorker.java:lambda$new$0(135)) - 4bcfc98d-1351-440f-af15-56158ce83d77@group-88854C34A86D-SegmentedRaftLogWorker: safeCacheEvictIndex: setUnconditionally 0 -> -1
2023-04-18 19:34:46,829 [pool-101-thread-1] INFO  server.RaftServer$Division (RaftServerImpl.java:start(334)) - 4bcfc98d-1351-440f-af15-56158ce83d77@group-88854C34A86D: start as a follower, conf=-1: peers:[4bcfc98d-1351-440f-af15-56158ce83d77|rpc:10.1.0.22:40839|dataStream:10.1.0.22:39131|priority:1|startupRole:FOLLOWER]|listeners:[], old=null
2023-04-18 19:34:46,829 [pool-101-thread-1] INFO  server.RaftServer$Division (RaftServerImpl.java:setRole(321)) - 4bcfc98d-1351-440f-af15-56158ce83d77@group-88854C34A86D: changes role from      null to FOLLOWER at term 0 for startAsFollower
2023-04-18 19:34:46,829 [pool-101-thread-1] INFO  impl.RoleInfo (RoleInfo.java:updateAndGet(139)) - 4bcfc98d-1351-440f-af15-56158ce83d77: start 4bcfc98d-1351-440f-af15-56158ce83d77@group-88854C34A86D-FollowerState
2023-04-18 19:34:46,835 [pool-101-thread-1] INFO  util.JmxRegister (JmxRegister.java:tryRegister(44)) - Successfully registered JMX Bean with object name Ratis:service=RaftServer,group=group-88854C34A86D,id=4bcfc98d-1351-440f-af15-56158ce83d77
2023-04-18 19:34:46,836 [pool-101-thread-1] INFO  server.RaftServerConfigKeys (ConfUtils.java:logGet(46)) - raft.server.snapshot.auto.trigger.enabled = true (custom)
2023-04-18 19:34:46,836 [pool-101-thread-1] INFO  server.RaftServerConfigKeys (ConfUtils.java:logGet(46)) - raft.server.snapshot.auto.trigger.threshold = 10000 (custom)
2023-04-18 19:34:46,836 [pool-101-thread-1] INFO  server.RaftServerConfigKeys (ConfUtils.java:logGet(46)) - raft.server.snapshot.retention.file.num = 5 (custom)
2023-04-18 19:34:46,836 [pool-101-thread-1] INFO  server.RaftServerConfigKeys (ConfUtils.java:logGet(46)) - raft.server.log.purge.upto.snapshot.index = false (default)
2023-04-18 19:34:46,838 [4bcfc98d-1351-440f-af15-56158ce83d77@group-88854C34A86D-FollowerState] INFO  server.RaftServerConfigKeys (ConfUtils.java:logFallback(53)) - raft.server.rpc.first-election.timeout.min = 5s (fallback to raft.server.rpc.timeout.min)
2023-04-18 19:34:46,838 [Command processor thread] INFO  ratis.XceiverServerRatis (XceiverServerRatis.java:addGroup(806)) - Created group PipelineID=e816e19d-5b66-4143-a472-88854c34a86d
2023-04-18 19:34:46,839 [4bcfc98d-1351-440f-af15-56158ce83d77@group-88854C34A86D-FollowerState] INFO  server.RaftServerConfigKeys (ConfUtils.java:logFallback(53)) - raft.server.rpc.first-election.timeout.max = 5200ms (fallback to raft.server.rpc.timeout.max)
2023-04-18 19:34:46,839 [Command processor thread] INFO  commandhandler.CreatePipelineCommandHandler (CreatePipelineCommandHandler.java:handle(113)) - Created Pipeline RATIS ONE PipelineID=e816e19d-5b66-4143-a472-88854c34a86d.
2023-04-18 19:34:46,840 [Command processor thread] INFO  server.RaftServer (RaftServerProxy.java:addNew(96)) - 4bcfc98d-1351-440f-af15-56158ce83d77: addNew group-B6DDDC8024D4:[b1c57afc-121c-455c-bc43-4ffbee8e4677|rpc:10.1.0.22:43873|dataStream:10.1.0.22:37825|priority:0|startupRole:FOLLOWER, 4bcfc98d-1351-440f-af15-56158ce83d77|rpc:10.1.0.22:40839|dataStream:10.1.0.22:39131|priority:1|startupRole:FOLLOWER, 21b868c3-9969-4e13-ad52-9b0ac48fd138|rpc:10.1.0.22:42571|dataStream:10.1.0.22:34509|priority:0|startupRole:FOLLOWER] returns group-B6DDDC8024D4:java.util.concurrent.CompletableFuture@1fa1970a[Not completed]
2023-04-18 19:34:46,841 [pool-101-thread-1] INFO  server.RaftServer$Division (RaftServerImpl.java:<init>(195)) - 4bcfc98d-1351-440f-af15-56158ce83d77: new RaftServerImpl for group-B6DDDC8024D4:[b1c57afc-121c-455c-bc43-4ffbee8e4677|rpc:10.1.0.22:43873|dataStream:10.1.0.22:37825|priority:0|startupRole:FOLLOWER, 4bcfc98d-1351-440f-af15-56158ce83d77|rpc:10.1.0.22:40839|dataStream:10.1.0.22:39131|priority:1|startupRole:FOLLOWER, 21b868c3-9969-4e13-ad52-9b0ac48fd138|rpc:10.1.0.22:42571|dataStream:10.1.0.22:34509|priority:0|startupRole:FOLLOWER] with ContainerStateMachine:uninitialized
2023-04-18 19:34:46,841 [pool-101-thread-1] INFO  server.RaftServerConfigKeys (ConfUtils.java:logGet(46)) - raft.server.rpc.timeout.min = 5s (custom)
2023-04-18 19:34:46,841 [pool-101-thread-1] INFO  server.RaftServerConfigKeys (ConfUtils.java:logGet(46)) - raft.server.rpc.timeout.max = 5200ms (custom)
2023-04-18 19:34:46,841 [pool-101-thread-1] INFO  server.RaftServerConfigKeys (ConfUtils.java:logGet(46)) - raft.server.rpc.sleep.time = 25ms (default)
2023-04-18 19:34:46,841 [pool-101-thread-1] INFO  server.RaftServerConfigKeys (ConfUtils.java:logGet(46)) - raft.server.rpc.slowness.timeout = 300s (custom)
2023-04-18 19:34:46,841 [pool-101-thread-1] INFO  server.RaftServerConfigKeys (ConfUtils.java:logGet(46)) - raft.server.leaderelection.leader.step-down.wait-time = 10s (default)
2023-04-18 19:34:46,841 [pool-101-thread-1] INFO  server.RaftServerConfigKeys (ConfUtils.java:logGet(46)) - raft.server.sleep.deviation.threshold = 300ms (default)
2023-04-18 19:34:46,841 [pool-101-thread-1] INFO  server.RaftServer$Division (ServerState.java:<init>(118)) - 4bcfc98d-1351-440f-af15-56158ce83d77@group-B6DDDC8024D4: ConfigurationManager, init=-1: peers:[b1c57afc-121c-455c-bc43-4ffbee8e4677|rpc:10.1.0.22:43873|dataStream:10.1.0.22:37825|priority:0|startupRole:FOLLOWER, 4bcfc98d-1351-440f-af15-56158ce83d77|rpc:10.1.0.22:40839|dataStream:10.1.0.22:39131|priority:1|startupRole:FOLLOWER, 21b868c3-9969-4e13-ad52-9b0ac48fd138|rpc:10.1.0.22:42571|dataStream:10.1.0.22:34509|priority:0|startupRole:FOLLOWER]|listeners:[], old=null, confs=<EMPTY_MAP>
2023-04-18 19:34:46,841 [pool-101-thread-1] INFO  server.RaftServerConfigKeys (ConfUtils.java:logGet(46)) - raft.server.storage.dir = [/home/runner/work/ozone/ozone/hadoop-ozone/integration-test/target/test-dir/MiniOzoneClusterImpl-184ce46c-7709-4843-8010-c45aadaa38f8/datanode-1/data/ratis] (custom)
2023-04-18 19:34:46,842 [pool-101-thread-1] INFO  server.RaftServerConfigKeys (ConfUtils.java:logGet(46)) - raft.server.log.corruption.policy = EXCEPTION (default)
2023-04-18 19:34:46,842 [pool-101-thread-1] INFO  server.RaftServerConfigKeys (ConfUtils.java:logGet(46)) - raft.server.storage.free-space.min = 0MB (=0) (default)
2023-04-18 19:34:46,842 [pool-101-thread-1] INFO  server.RaftServerConfigKeys (ConfUtils.java:logGet(46)) - raft.server.notification.no-leader.timeout = 300s (custom)
2023-04-18 19:34:46,842 [pool-101-thread-1] INFO  server.RaftServerConfigKeys (ConfUtils.java:logGet(46)) - raft.server.retrycache.expirytime = 600000ms (custom)
2023-04-18 19:34:46,842 [pool-101-thread-1] INFO  server.RaftServerConfigKeys (ConfUtils.java:logGet(46)) - raft.server.retrycache.statistics.expirytime = 100μs (default)
2023-04-18 19:34:46,843 [pool-101-thread-1] INFO  server.RaftServerConfigKeys (ConfUtils.java:logGet(46)) - raft.server.log.appender.install.snapshot.enabled = false (custom)
2023-04-18 19:34:46,843 [pool-101-thread-1] INFO  server.RaftServerConfigKeys (ConfUtils.java:logGet(46)) - raft.server.threadpool.server.cached = true (default)
2023-04-18 19:34:46,843 [pool-101-thread-1] INFO  server.RaftServerConfigKeys (ConfUtils.java:logGet(46)) - raft.server.threadpool.server.size = 0 (default)
2023-04-18 19:34:46,843 [pool-101-thread-1] INFO  server.RaftServerConfigKeys (ConfUtils.java:logGet(46)) - raft.server.threadpool.client.cached = true (default)
2023-04-18 19:34:46,843 [pool-101-thread-1] INFO  server.RaftServerConfigKeys (ConfUtils.java:logGet(46)) - raft.server.threadpool.client.size = 0 (default)
2023-04-18 19:34:46,843 [pool-101-thread-1] INFO  storage.RaftStorageDirectory (RaftStorageDirectoryImpl.java:analyzeStorage(137)) - The storage directory /home/runner/work/ozone/ozone/hadoop-ozone/integration-test/target/test-dir/MiniOzoneClusterImpl-184ce46c-7709-4843-8010-c45aadaa38f8/datanode-1/data/ratis/fe8f8231-531f-40c6-a24e-b6dddc8024d4 does not exist. Creating ...
2023-04-18 19:34:46,844 [pool-101-thread-1] INFO  storage.RaftStorageDirectory (RaftStorageDirectoryImpl.java:tryLock(231)) - Lock on /home/runner/work/ozone/ozone/hadoop-ozone/integration-test/target/test-dir/MiniOzoneClusterImpl-184ce46c-7709-4843-8010-c45aadaa38f8/datanode-1/data/ratis/fe8f8231-531f-40c6-a24e-b6dddc8024d4/in_use.lock acquired by nodename 69562@fv-az203-717
2023-04-18 19:34:46,845 [pool-101-thread-1] INFO  storage.RaftStorage (RaftStorageImpl.java:format(96)) - Storage directory /home/runner/work/ozone/ozone/hadoop-ozone/integration-test/target/test-dir/MiniOzoneClusterImpl-184ce46c-7709-4843-8010-c45aadaa38f8/datanode-1/data/ratis/fe8f8231-531f-40c6-a24e-b6dddc8024d4 has been successfully formatted.
2023-04-18 19:34:46,846 [pool-101-thread-1] INFO  ratis.ContainerStateMachine (ContainerStateMachine.java:loadSnapshot(262)) - group-B6DDDC8024D4: The snapshot info is null. Setting the last applied indexto:(t:0, i:~)
2023-04-18 19:34:46,847 [pool-101-thread-1] INFO  server.RaftServerConfigKeys (ConfUtils.java:logGet(46)) - raft.server.log.use.memory = false (default)
2023-04-18 19:34:46,847 [pool-101-thread-1] INFO  server.RaftServerConfigKeys (ConfUtils.java:logGet(46)) - raft.server.log.purge.gap = 1000000 (custom)
2023-04-18 19:34:46,847 [pool-101-thread-1] INFO  server.RaftServerConfigKeys (ConfUtils.java:logGet(46)) - raft.server.log.appender.buffer.byte-limit = 33554432 (custom)
2023-04-18 19:34:46,847 [pool-101-thread-1] INFO  server.RaftServerConfigKeys (ConfUtils.java:logGet(46)) - raft.server.log.statemachine.data.read.timeout = 1000ms (default)
2023-04-18 19:34:46,847 [pool-101-thread-1] INFO  server.RaftServerConfigKeys (ConfUtils.java:logGet(46)) - raft.server.log.purge.preservation.log.num = 0 (default)
2023-04-18 19:34:46,847 [pool-101-thread-1] INFO  server.RaftServerConfigKeys (ConfUtils.java:logGet(46)) - raft.server.log.segment.size.max = 1048576 (custom)
2023-04-18 19:34:46,847 [pool-101-thread-1] INFO  server.RaftServerConfigKeys (ConfUtils.java:logGet(46)) - raft.server.log.segment.cache.num.max = 2 (custom)
2023-04-18 19:34:46,847 [pool-101-thread-1] INFO  server.RaftServerConfigKeys (ConfUtils.java:logGet(46)) - raft.server.log.segment.cache.size.max = 200MB (=209715200) (default)
2023-04-18 19:34:46,853 [pool-101-thread-1] INFO  segmented.SegmentedRaftLogWorker (SegmentedRaftLogWorker.java:<init>(189)) - new 4bcfc98d-1351-440f-af15-56158ce83d77@group-B6DDDC8024D4-SegmentedRaftLogWorker for RaftStorageImpl:Storage Directory /home/runner/work/ozone/ozone/hadoop-ozone/integration-test/target/test-dir/MiniOzoneClusterImpl-184ce46c-7709-4843-8010-c45aadaa38f8/datanode-1/data/ratis/fe8f8231-531f-40c6-a24e-b6dddc8024d4
2023-04-18 19:34:46,853 [pool-101-thread-1] INFO  server.RaftServerConfigKeys (ConfUtils.java:logGet(46)) - raft.server.log.queue.byte-limit = 4294967296 (custom)
2023-04-18 19:34:46,853 [pool-101-thread-1] INFO  server.RaftServerConfigKeys (ConfUtils.java:logGet(46)) - raft.server.log.queue.element-limit = 1024 (custom)
2023-04-18 19:34:46,854 [pool-101-thread-1] INFO  server.RaftServerConfigKeys (ConfUtils.java:logGet(46)) - raft.server.log.segment.size.max = 1048576 (custom)
2023-04-18 19:34:46,854 [pool-101-thread-1] INFO  server.RaftServerConfigKeys (ConfUtils.java:logGet(46)) - raft.server.log.preallocated.size = 16384 (custom)
2023-04-18 19:34:46,854 [pool-101-thread-1] INFO  server.RaftServerConfigKeys (ConfUtils.java:logGet(46)) - raft.server.log.force.sync.num = 128 (default)
2023-04-18 19:34:46,854 [pool-101-thread-1] INFO  server.RaftServerConfigKeys (ConfUtils.java:logGet(46)) - raft.server.log.statemachine.data.sync = true (default)
2023-04-18 19:34:46,854 [pool-101-thread-1] INFO  server.RaftServerConfigKeys (ConfUtils.java:logGet(46)) - raft.server.log.statemachine.data.sync.timeout = 10s (default)
2023-04-18 19:34:46,854 [pool-101-thread-1] INFO  server.RaftServerConfigKeys (ConfUtils.java:logGet(46)) - raft.server.log.statemachine.data.sync.timeout.retry = -1 (default)
2023-04-18 19:34:46,854 [pool-101-thread-1] INFO  server.RaftServerConfigKeys (ConfUtils.java:logGet(46)) - raft.server.log.write.buffer.size = 1048576 (custom)
2023-04-18 19:34:46,855 [pool-101-thread-1] INFO  server.RaftServerConfigKeys (ConfUtils.java:logGet(46)) - raft.server.log.appender.buffer.byte-limit = 33554432 (custom)
2023-04-18 19:34:46,860 [pool-101-thread-1] INFO  server.RaftServerConfigKeys (ConfUtils.java:logGet(46)) - raft.server.log.unsafe-flush.enabled = false (default)
2023-04-18 19:34:46,860 [pool-101-thread-1] INFO  server.RaftServerConfigKeys (ConfUtils.java:logGet(46)) - raft.server.log.async-flush.enabled = false (default)
2023-04-18 19:34:46,860 [pool-101-thread-1] INFO  server.RaftServerConfigKeys (ConfUtils.java:logGet(46)) - raft.server.log.statemachine.data.caching.enabled = true (custom)
2023-04-18 19:34:46,860 [pool-101-thread-1] INFO  segmented.SegmentedRaftLogWorker (SegmentedRaftLogWorker.java:lambda$new$0(135)) - 4bcfc98d-1351-440f-af15-56158ce83d77@group-B6DDDC8024D4-SegmentedRaftLogWorker: flushIndex: setUnconditionally 0 -> -1
2023-04-18 19:34:46,860 [pool-101-thread-1] INFO  segmented.SegmentedRaftLogWorker (SegmentedRaftLogWorker.java:lambda$new$0(135)) - 4bcfc98d-1351-440f-af15-56158ce83d77@group-B6DDDC8024D4-SegmentedRaftLogWorker: safeCacheEvictIndex: setUnconditionally 0 -> -1
2023-04-18 19:34:46,868 [EventQueue-OpenPipelineForHealthyPipelineSafeModeRule] INFO  safemode.SCMSafeModeManager (HealthyPipelineSafeModeRule.java:process(137)) - SCM in safe mode. Healthy pipelines reported count is 0, required healthy pipeline reported count is 1
2023-04-18 19:34:46,868 [pool-101-thread-1] INFO  server.RaftServer$Division (RaftServerImpl.java:start(334)) - 4bcfc98d-1351-440f-af15-56158ce83d77@group-B6DDDC8024D4: start as a follower, conf=-1: peers:[b1c57afc-121c-455c-bc43-4ffbee8e4677|rpc:10.1.0.22:43873|dataStream:10.1.0.22:37825|priority:0|startupRole:FOLLOWER, 4bcfc98d-1351-440f-af15-56158ce83d77|rpc:10.1.0.22:40839|dataStream:10.1.0.22:39131|priority:1|startupRole:FOLLOWER, 21b868c3-9969-4e13-ad52-9b0ac48fd138|rpc:10.1.0.22:42571|dataStream:10.1.0.22:34509|priority:0|startupRole:FOLLOWER]|listeners:[], old=null
2023-04-18 19:34:46,869 [pool-101-thread-1] INFO  server.RaftServer$Division (RaftServerImpl.java:setRole(321)) - 4bcfc98d-1351-440f-af15-56158ce83d77@group-B6DDDC8024D4: changes role from      null to FOLLOWER at term 0 for startAsFollower
2023-04-18 19:34:46,869 [pool-101-thread-1] INFO  impl.RoleInfo (RoleInfo.java:updateAndGet(139)) - 4bcfc98d-1351-440f-af15-56158ce83d77: start 4bcfc98d-1351-440f-af15-56158ce83d77@group-B6DDDC8024D4-FollowerState
2023-04-18 19:34:46,870 [pool-101-thread-1] INFO  util.JmxRegister (JmxRegister.java:tryRegister(44)) - Successfully registered JMX Bean with object name Ratis:service=RaftServer,group=group-B6DDDC8024D4,id=4bcfc98d-1351-440f-af15-56158ce83d77
2023-04-18 19:34:46,870 [pool-101-thread-1] INFO  server.RaftServerConfigKeys (ConfUtils.java:logGet(46)) - raft.server.snapshot.auto.trigger.enabled = true (custom)
2023-04-18 19:34:46,870 [pool-101-thread-1] INFO  server.RaftServerConfigKeys (ConfUtils.java:logGet(46)) - raft.server.snapshot.auto.trigger.threshold = 10000 (custom)
2023-04-18 19:34:46,870 [pool-101-thread-1] INFO  server.RaftServerConfigKeys (ConfUtils.java:logGet(46)) - raft.server.snapshot.retention.file.num = 5 (custom)
2023-04-18 19:34:46,870 [pool-101-thread-1] INFO  server.RaftServerConfigKeys (ConfUtils.java:logGet(46)) - raft.server.log.purge.upto.snapshot.index = false (default)
2023-04-18 19:34:46,871 [4bcfc98d-1351-440f-af15-56158ce83d77@group-B6DDDC8024D4-FollowerState] INFO  server.RaftServerConfigKeys (ConfUtils.java:logFallback(53)) - raft.server.rpc.first-election.timeout.min = 5s (fallback to raft.server.rpc.timeout.min)
2023-04-18 19:34:46,878 [Command processor thread] INFO  ratis.XceiverServerRatis (XceiverServerRatis.java:addGroup(806)) - Created group PipelineID=fe8f8231-531f-40c6-a24e-b6dddc8024d4
2023-04-18 19:34:46,880 [4bcfc98d-1351-440f-af15-56158ce83d77@group-B6DDDC8024D4-FollowerState] INFO  server.RaftServerConfigKeys (ConfUtils.java:logFallback(53)) - raft.server.rpc.first-election.timeout.max = 5200ms (fallback to raft.server.rpc.timeout.max)
2023-04-18 19:34:46,945 [Command processor thread] INFO  commandhandler.CreatePipelineCommandHandler (CreatePipelineCommandHandler.java:handle(113)) - Created Pipeline RATIS THREE PipelineID=fe8f8231-531f-40c6-a24e-b6dddc8024d4.
2023-04-18 19:34:46,947 [pool-79-thread-1] INFO  server.RaftServer$Division (RaftServerImpl.java:<init>(195)) - b1c57afc-121c-455c-bc43-4ffbee8e4677: new RaftServerImpl for group-B5BFF1395F48:[b1c57afc-121c-455c-bc43-4ffbee8e4677|rpc:10.1.0.22:43873|dataStream:10.1.0.22:37825|priority:1|startupRole:FOLLOWER, 4bcfc98d-1351-440f-af15-56158ce83d77|rpc:10.1.0.22:40839|dataStream:10.1.0.22:39131|priority:0|startupRole:FOLLOWER, 21b868c3-9969-4e13-ad52-9b0ac48fd138|rpc:10.1.0.22:42571|dataStream:10.1.0.22:34509|priority:0|startupRole:FOLLOWER] with ContainerStateMachine:uninitialized
2023-04-18 19:34:46,947 [pool-79-thread-1] INFO  server.RaftServerConfigKeys (ConfUtils.java:logGet(46)) - raft.server.rpc.timeout.min = 5s (custom)
2023-04-18 19:34:46,947 [pool-79-thread-1] INFO  server.RaftServerConfigKeys (ConfUtils.java:logGet(46)) - raft.server.rpc.timeout.max = 5200ms (custom)
2023-04-18 19:34:46,947 [pool-79-thread-1] INFO  server.RaftServerConfigKeys (ConfUtils.java:logGet(46)) - raft.server.rpc.sleep.time = 25ms (default)
2023-04-18 19:34:46,947 [pool-79-thread-1] INFO  server.RaftServerConfigKeys (ConfUtils.java:logGet(46)) - raft.server.rpc.slowness.timeout = 300s (custom)
2023-04-18 19:34:46,947 [pool-79-thread-1] INFO  server.RaftServerConfigKeys (ConfUtils.java:logGet(46)) - raft.server.leaderelection.leader.step-down.wait-time = 10s (default)
2023-04-18 19:34:46,947 [pool-79-thread-1] INFO  server.RaftServerConfigKeys (ConfUtils.java:logGet(46)) - raft.server.sleep.deviation.threshold = 300ms (default)
2023-04-18 19:34:46,947 [pool-79-thread-1] INFO  server.RaftServer$Division (ServerState.java:<init>(118)) - b1c57afc-121c-455c-bc43-4ffbee8e4677@group-B5BFF1395F48: ConfigurationManager, init=-1: peers:[b1c57afc-121c-455c-bc43-4ffbee8e4677|rpc:10.1.0.22:43873|dataStream:10.1.0.22:37825|priority:1|startupRole:FOLLOWER, 4bcfc98d-1351-440f-af15-56158ce83d77|rpc:10.1.0.22:40839|dataStream:10.1.0.22:39131|priority:0|startupRole:FOLLOWER, 21b868c3-9969-4e13-ad52-9b0ac48fd138|rpc:10.1.0.22:42571|dataStream:10.1.0.22:34509|priority:0|startupRole:FOLLOWER]|listeners:[], old=null, confs=<EMPTY_MAP>
2023-04-18 19:34:46,947 [pool-79-thread-1] INFO  server.RaftServerConfigKeys (ConfUtils.java:logGet(46)) - raft.server.storage.dir = [/home/runner/work/ozone/ozone/hadoop-ozone/integration-test/target/test-dir/MiniOzoneClusterImpl-184ce46c-7709-4843-8010-c45aadaa38f8/datanode-0/data/ratis] (custom)
2023-04-18 19:34:46,947 [pool-79-thread-1] INFO  server.RaftServerConfigKeys (ConfUtils.java:logGet(46)) - raft.server.log.corruption.policy = EXCEPTION (default)
2023-04-18 19:34:46,947 [pool-79-thread-1] INFO  server.RaftServerConfigKeys (ConfUtils.java:logGet(46)) - raft.server.storage.free-space.min = 0MB (=0) (default)
2023-04-18 19:34:46,948 [pool-79-thread-1] INFO  server.RaftServerConfigKeys (ConfUtils.java:logGet(46)) - raft.server.notification.no-leader.timeout = 300s (custom)
2023-04-18 19:34:46,948 [pool-79-thread-1] INFO  server.RaftServerConfigKeys (ConfUtils.java:logGet(46)) - raft.server.retrycache.expirytime = 600000ms (custom)
2023-04-18 19:34:46,948 [pool-79-thread-1] INFO  server.RaftServerConfigKeys (ConfUtils.java:logGet(46)) - raft.server.retrycache.statistics.expirytime = 100μs (default)
2023-04-18 19:34:46,948 [pool-79-thread-1] INFO  server.RaftServerConfigKeys (ConfUtils.java:logGet(46)) - raft.server.log.appender.install.snapshot.enabled = false (custom)
2023-04-18 19:34:46,949 [pool-79-thread-1] INFO  server.RaftServerConfigKeys (ConfUtils.java:logGet(46)) - raft.server.threadpool.server.cached = true (default)
2023-04-18 19:34:46,949 [pool-79-thread-1] INFO  server.RaftServerConfigKeys (ConfUtils.java:logGet(46)) - raft.server.threadpool.server.size = 0 (default)
2023-04-18 19:34:46,949 [pool-79-thread-1] INFO  server.RaftServerConfigKeys (ConfUtils.java:logGet(46)) - raft.server.threadpool.client.cached = true (default)
2023-04-18 19:34:46,949 [pool-79-thread-1] INFO  server.RaftServerConfigKeys (ConfUtils.java:logGet(46)) - raft.server.threadpool.client.size = 0 (default)
2023-04-18 19:34:46,950 [Command processor thread] INFO  server.RaftServer (RaftServerProxy.java:addNew(96)) - b1c57afc-121c-455c-bc43-4ffbee8e4677: addNew group-B5BFF1395F48:[b1c57afc-121c-455c-bc43-4ffbee8e4677|rpc:10.1.0.22:43873|dataStream:10.1.0.22:37825|priority:1|startupRole:FOLLOWER, 4bcfc98d-1351-440f-af15-56158ce83d77|rpc:10.1.0.22:40839|dataStream:10.1.0.22:39131|priority:0|startupRole:FOLLOWER, 21b868c3-9969-4e13-ad52-9b0ac48fd138|rpc:10.1.0.22:42571|dataStream:10.1.0.22:34509|priority:0|startupRole:FOLLOWER] returns      null b1c57afc-121c-455c-bc43-4ffbee8e4677@group-B5BFF1395F48:t0, leader=null, voted=null, raftlog=UNINITIALIZED, conf=-1: peers:[b1c57afc-121c-455c-bc43-4ffbee8e4677|rpc:10.1.0.22:43873|dataStream:10.1.0.22:37825|priority:1|startupRole:FOLLOWER, 4bcfc98d-1351-440f-af15-56158ce83d77|rpc:10.1.0.22:40839|dataStream:10.1.0.22:39131|priority:0|startupRole:FOLLOWER, 21b868c3-9969-4e13-ad52-9b0ac48fd138|rpc:10.1.0.22:42571|dataStream:10.1.0.22:34509|priority:0|startupRole:FOLLOWER]|listeners:[], old=null NEW
2023-04-18 19:34:46,952 [pool-79-thread-1] INFO  storage.RaftStorageDirectory (RaftStorageDirectoryImpl.java:analyzeStorage(137)) - The storage directory /home/runner/work/ozone/ozone/hadoop-ozone/integration-test/target/test-dir/MiniOzoneClusterImpl-184ce46c-7709-4843-8010-c45aadaa38f8/datanode-0/data/ratis/cd8abe94-f173-4052-9509-b5bff1395f48 does not exist. Creating ...
2023-04-18 19:34:46,953 [pool-79-thread-1] INFO  storage.RaftStorageDirectory (RaftStorageDirectoryImpl.java:tryLock(231)) - Lock on /home/runner/work/ozone/ozone/hadoop-ozone/integration-test/target/test-dir/MiniOzoneClusterImpl-184ce46c-7709-4843-8010-c45aadaa38f8/datanode-0/data/ratis/cd8abe94-f173-4052-9509-b5bff1395f48/in_use.lock acquired by nodename 69562@fv-az203-717
2023-04-18 19:34:46,954 [pool-79-thread-1] INFO  storage.RaftStorage (RaftStorageImpl.java:format(96)) - Storage directory /home/runner/work/ozone/ozone/hadoop-ozone/integration-test/target/test-dir/MiniOzoneClusterImpl-184ce46c-7709-4843-8010-c45aadaa38f8/datanode-0/data/ratis/cd8abe94-f173-4052-9509-b5bff1395f48 has been successfully formatted.
2023-04-18 19:34:46,955 [pool-79-thread-1] INFO  ratis.ContainerStateMachine (ContainerStateMachine.java:loadSnapshot(262)) - group-B5BFF1395F48: The snapshot info is null. Setting the last applied indexto:(t:0, i:~)
2023-04-18 19:34:46,955 [pool-79-thread-1] INFO  server.RaftServerConfigKeys (ConfUtils.java:logGet(46)) - raft.server.log.use.memory = false (default)
2023-04-18 19:34:46,955 [pool-79-thread-1] INFO  server.RaftServerConfigKeys (ConfUtils.java:logGet(46)) - raft.server.log.purge.gap = 1000000 (custom)
2023-04-18 19:34:46,955 [pool-79-thread-1] INFO  server.RaftServerConfigKeys (ConfUtils.java:logGet(46)) - raft.server.log.appender.buffer.byte-limit = 33554432 (custom)
2023-04-18 19:34:46,955 [pool-79-thread-1] INFO  server.RaftServerConfigKeys (ConfUtils.java:logGet(46)) - raft.server.log.statemachine.data.read.timeout = 1000ms (default)
2023-04-18 19:34:46,955 [pool-79-thread-1] INFO  server.RaftServerConfigKeys (ConfUtils.java:logGet(46)) - raft.server.log.purge.preservation.log.num = 0 (default)
2023-04-18 19:34:46,955 [pool-79-thread-1] INFO  server.RaftServerConfigKeys (ConfUtils.java:logGet(46)) - raft.server.log.segment.size.max = 1048576 (custom)
2023-04-18 19:34:46,956 [pool-79-thread-1] INFO  server.RaftServerConfigKeys (ConfUtils.java:logGet(46)) - raft.server.log.segment.cache.num.max = 2 (custom)
2023-04-18 19:34:46,956 [pool-79-thread-1] INFO  server.RaftServerConfigKeys (ConfUtils.java:logGet(46)) - raft.server.log.segment.cache.size.max = 200MB (=209715200) (default)
2023-04-18 19:34:46,956 [pool-79-thread-1] INFO  segmented.SegmentedRaftLogWorker (SegmentedRaftLogWorker.java:<init>(189)) - new b1c57afc-121c-455c-bc43-4ffbee8e4677@group-B5BFF1395F48-SegmentedRaftLogWorker for RaftStorageImpl:Storage Directory /home/runner/work/ozone/ozone/hadoop-ozone/integration-test/target/test-dir/MiniOzoneClusterImpl-184ce46c-7709-4843-8010-c45aadaa38f8/datanode-0/data/ratis/cd8abe94-f173-4052-9509-b5bff1395f48
2023-04-18 19:34:46,956 [pool-79-thread-1] INFO  server.RaftServerConfigKeys (ConfUtils.java:logGet(46)) - raft.server.log.queue.byte-limit = 4294967296 (custom)
2023-04-18 19:34:46,956 [pool-79-thread-1] INFO  server.RaftServerConfigKeys (ConfUtils.java:logGet(46)) - raft.server.log.queue.element-limit = 1024 (custom)
2023-04-18 19:34:46,956 [pool-79-thread-1] INFO  server.RaftServerConfigKeys (ConfUtils.java:logGet(46)) - raft.server.log.segment.size.max = 1048576 (custom)
2023-04-18 19:34:46,956 [pool-79-thread-1] INFO  server.RaftServerConfigKeys (ConfUtils.java:logGet(46)) - raft.server.log.preallocated.size = 16384 (custom)
2023-04-18 19:34:46,956 [pool-79-thread-1] INFO  server.RaftServerConfigKeys (ConfUtils.java:logGet(46)) - raft.server.log.force.sync.num = 128 (default)
2023-04-18 19:34:46,956 [pool-79-thread-1] INFO  server.RaftServerConfigKeys (ConfUtils.java:logGet(46)) - raft.server.log.statemachine.data.sync = true (default)
2023-04-18 19:34:46,956 [pool-79-thread-1] INFO  server.RaftServerConfigKeys (ConfUtils.java:logGet(46)) - raft.server.log.statemachine.data.sync.timeout = 10s (default)
2023-04-18 19:34:46,956 [pool-79-thread-1] INFO  server.RaftServerConfigKeys (ConfUtils.java:logGet(46)) - raft.server.log.statemachine.data.sync.timeout.retry = -1 (default)
2023-04-18 19:34:46,957 [pool-79-thread-1] INFO  server.RaftServerConfigKeys (ConfUtils.java:logGet(46)) - raft.server.log.write.buffer.size = 1048576 (custom)
2023-04-18 19:34:46,957 [pool-79-thread-1] INFO  server.RaftServerConfigKeys (ConfUtils.java:logGet(46)) - raft.server.log.appender.buffer.byte-limit = 33554432 (custom)
2023-04-18 19:34:46,969 [pool-79-thread-1] INFO  server.RaftServerConfigKeys (ConfUtils.java:logGet(46)) - raft.server.log.unsafe-flush.enabled = false (default)
2023-04-18 19:34:46,969 [pool-79-thread-1] INFO  server.RaftServerConfigKeys (ConfUtils.java:logGet(46)) - raft.server.log.async-flush.enabled = false (default)
2023-04-18 19:34:46,969 [pool-79-thread-1] INFO  server.RaftServerConfigKeys (ConfUtils.java:logGet(46)) - raft.server.log.statemachine.data.caching.enabled = true (custom)
2023-04-18 19:34:46,971 [EventQueue-OpenPipelineForHealthyPipelineSafeModeRule] INFO  safemode.SCMSafeModeManager (HealthyPipelineSafeModeRule.java:process(137)) - SCM in safe mode. Healthy pipelines reported count is 0, required healthy pipeline reported count is 1
2023-04-18 19:34:46,972 [pool-79-thread-1] INFO  segmented.SegmentedRaftLogWorker (SegmentedRaftLogWorker.java:lambda$new$0(135)) - b1c57afc-121c-455c-bc43-4ffbee8e4677@group-B5BFF1395F48-SegmentedRaftLogWorker: flushIndex: setUnconditionally 0 -> -1
2023-04-18 19:34:46,978 [pool-79-thread-1] INFO  segmented.SegmentedRaftLogWorker (SegmentedRaftLogWorker.java:lambda$new$0(135)) - b1c57afc-121c-455c-bc43-4ffbee8e4677@group-B5BFF1395F48-SegmentedRaftLogWorker: safeCacheEvictIndex: setUnconditionally 0 -> -1
2023-04-18 19:34:46,979 [pool-79-thread-1] INFO  server.RaftServer$Division (RaftServerImpl.java:start(334)) - b1c57afc-121c-455c-bc43-4ffbee8e4677@group-B5BFF1395F48: start as a follower, conf=-1: peers:[b1c57afc-121c-455c-bc43-4ffbee8e4677|rpc:10.1.0.22:43873|dataStream:10.1.0.22:37825|priority:1|startupRole:FOLLOWER, 4bcfc98d-1351-440f-af15-56158ce83d77|rpc:10.1.0.22:40839|dataStream:10.1.0.22:39131|priority:0|startupRole:FOLLOWER, 21b868c3-9969-4e13-ad52-9b0ac48fd138|rpc:10.1.0.22:42571|dataStream:10.1.0.22:34509|priority:0|startupRole:FOLLOWER]|listeners:[], old=null
2023-04-18 19:34:46,979 [pool-79-thread-1] INFO  server.RaftServer$Division (RaftServerImpl.java:setRole(321)) - b1c57afc-121c-455c-bc43-4ffbee8e4677@group-B5BFF1395F48: changes role from      null to FOLLOWER at term 0 for startAsFollower
2023-04-18 19:34:46,979 [pool-79-thread-1] INFO  impl.RoleInfo (RoleInfo.java:updateAndGet(139)) - b1c57afc-121c-455c-bc43-4ffbee8e4677: start b1c57afc-121c-455c-bc43-4ffbee8e4677@group-B5BFF1395F48-FollowerState
2023-04-18 19:34:46,980 [pool-79-thread-1] INFO  util.JmxRegister (JmxRegister.java:tryRegister(44)) - Successfully registered JMX Bean with object name Ratis:service=RaftServer,group=group-B5BFF1395F48,id=b1c57afc-121c-455c-bc43-4ffbee8e4677
2023-04-18 19:34:46,980 [pool-79-thread-1] INFO  server.RaftServerConfigKeys (ConfUtils.java:logGet(46)) - raft.server.snapshot.auto.trigger.enabled = true (custom)
2023-04-18 19:34:46,980 [pool-79-thread-1] INFO  server.RaftServerConfigKeys (ConfUtils.java:logGet(46)) - raft.server.snapshot.auto.trigger.threshold = 10000 (custom)
2023-04-18 19:34:46,980 [pool-79-thread-1] INFO  server.RaftServerConfigKeys (ConfUtils.java:logGet(46)) - raft.server.snapshot.retention.file.num = 5 (custom)
2023-04-18 19:34:46,980 [pool-79-thread-1] INFO  server.RaftServerConfigKeys (ConfUtils.java:logGet(46)) - raft.server.log.purge.upto.snapshot.index = false (default)
2023-04-18 19:34:46,981 [b1c57afc-121c-455c-bc43-4ffbee8e4677@group-B5BFF1395F48-FollowerState] INFO  server.RaftServerConfigKeys (ConfUtils.java:logFallback(53)) - raft.server.rpc.first-election.timeout.min = 5s (fallback to raft.server.rpc.timeout.min)
2023-04-18 19:34:46,987 [Command processor thread] INFO  ratis.XceiverServerRatis (XceiverServerRatis.java:addGroup(806)) - Created group PipelineID=cd8abe94-f173-4052-9509-b5bff1395f48
2023-04-18 19:34:46,992 [b1c57afc-121c-455c-bc43-4ffbee8e4677@group-B5BFF1395F48-FollowerState] INFO  server.RaftServerConfigKeys (ConfUtils.java:logFallback(53)) - raft.server.rpc.first-election.timeout.max = 5200ms (fallback to raft.server.rpc.timeout.max)
2023-04-18 19:34:47,029 [pool-101-thread-1] INFO  server.RaftServer$Division (RaftServerImpl.java:<init>(195)) - 4bcfc98d-1351-440f-af15-56158ce83d77: new RaftServerImpl for group-B5BFF1395F48:[b1c57afc-121c-455c-bc43-4ffbee8e4677|rpc:10.1.0.22:43873|dataStream:10.1.0.22:37825|priority:1|startupRole:FOLLOWER, 4bcfc98d-1351-440f-af15-56158ce83d77|rpc:10.1.0.22:40839|dataStream:10.1.0.22:39131|priority:0|startupRole:FOLLOWER, 21b868c3-9969-4e13-ad52-9b0ac48fd138|rpc:10.1.0.22:42571|dataStream:10.1.0.22:34509|priority:0|startupRole:FOLLOWER] with ContainerStateMachine:uninitialized
2023-04-18 19:34:47,029 [pool-101-thread-1] INFO  server.RaftServerConfigKeys (ConfUtils.java:logGet(46)) - raft.server.rpc.timeout.min = 5s (custom)
2023-04-18 19:34:47,029 [pool-101-thread-1] INFO  server.RaftServerConfigKeys (ConfUtils.java:logGet(46)) - raft.server.rpc.timeout.max = 5200ms (custom)
2023-04-18 19:34:47,029 [pool-101-thread-1] INFO  server.RaftServerConfigKeys (ConfUtils.java:logGet(46)) - raft.server.rpc.sleep.time = 25ms (default)
2023-04-18 19:34:47,029 [pool-101-thread-1] INFO  server.RaftServerConfigKeys (ConfUtils.java:logGet(46)) - raft.server.rpc.slowness.timeout = 300s (custom)
2023-04-18 19:34:47,029 [pool-101-thread-1] INFO  server.RaftServerConfigKeys (ConfUtils.java:logGet(46)) - raft.server.leaderelection.leader.step-down.wait-time = 10s (default)
2023-04-18 19:34:47,029 [pool-101-thread-1] INFO  server.RaftServerConfigKeys (ConfUtils.java:logGet(46)) - raft.server.sleep.deviation.threshold = 300ms (default)
2023-04-18 19:34:47,030 [pool-101-thread-1] INFO  server.RaftServer$Division (ServerState.java:<init>(118)) - 4bcfc98d-1351-440f-af15-56158ce83d77@group-B5BFF1395F48: ConfigurationManager, init=-1: peers:[b1c57afc-121c-455c-bc43-4ffbee8e4677|rpc:10.1.0.22:43873|dataStream:10.1.0.22:37825|priority:1|startupRole:FOLLOWER, 4bcfc98d-1351-440f-af15-56158ce83d77|rpc:10.1.0.22:40839|dataStream:10.1.0.22:39131|priority:0|startupRole:FOLLOWER, 21b868c3-9969-4e13-ad52-9b0ac48fd138|rpc:10.1.0.22:42571|dataStream:10.1.0.22:34509|priority:0|startupRole:FOLLOWER]|listeners:[], old=null, confs=<EMPTY_MAP>
2023-04-18 19:34:47,030 [pool-101-thread-1] INFO  server.RaftServerConfigKeys (ConfUtils.java:logGet(46)) - raft.server.storage.dir = [/home/runner/work/ozone/ozone/hadoop-ozone/integration-test/target/test-dir/MiniOzoneClusterImpl-184ce46c-7709-4843-8010-c45aadaa38f8/datanode-1/data/ratis] (custom)
2023-04-18 19:34:47,030 [pool-101-thread-1] INFO  server.RaftServerConfigKeys (ConfUtils.java:logGet(46)) - raft.server.log.corruption.policy = EXCEPTION (default)
2023-04-18 19:34:47,030 [pool-101-thread-1] INFO  server.RaftServerConfigKeys (ConfUtils.java:logGet(46)) - raft.server.storage.free-space.min = 0MB (=0) (default)
2023-04-18 19:34:47,030 [pool-101-thread-1] INFO  server.RaftServerConfigKeys (ConfUtils.java:logGet(46)) - raft.server.notification.no-leader.timeout = 300s (custom)
2023-04-18 19:34:47,030 [pool-101-thread-1] INFO  server.RaftServerConfigKeys (ConfUtils.java:logGet(46)) - raft.server.retrycache.expirytime = 600000ms (custom)
2023-04-18 19:34:47,030 [pool-101-thread-1] INFO  server.RaftServerConfigKeys (ConfUtils.java:logGet(46)) - raft.server.retrycache.statistics.expirytime = 100μs (default)
2023-04-18 19:34:47,031 [pool-101-thread-1] INFO  server.RaftServerConfigKeys (ConfUtils.java:logGet(46)) - raft.server.log.appender.install.snapshot.enabled = false (custom)
2023-04-18 19:34:47,031 [pool-101-thread-1] INFO  server.RaftServerConfigKeys (ConfUtils.java:logGet(46)) - raft.server.threadpool.server.cached = true (default)
2023-04-18 19:34:47,031 [pool-101-thread-1] INFO  server.RaftServerConfigKeys (ConfUtils.java:logGet(46)) - raft.server.threadpool.server.size = 0 (default)
2023-04-18 19:34:47,031 [pool-101-thread-1] INFO  server.RaftServerConfigKeys (ConfUtils.java:logGet(46)) - raft.server.threadpool.client.cached = true (default)
2023-04-18 19:34:47,031 [pool-101-thread-1] INFO  server.RaftServerConfigKeys (ConfUtils.java:logGet(46)) - raft.server.threadpool.client.size = 0 (default)
2023-04-18 19:34:47,031 [grpc-default-executor-1] INFO  server.RaftServer (RaftServerProxy.java:addNew(96)) - 4bcfc98d-1351-440f-af15-56158ce83d77: addNew group-B5BFF1395F48:[b1c57afc-121c-455c-bc43-4ffbee8e4677|rpc:10.1.0.22:43873|dataStream:10.1.0.22:37825|priority:1|startupRole:FOLLOWER, 4bcfc98d-1351-440f-af15-56158ce83d77|rpc:10.1.0.22:40839|dataStream:10.1.0.22:39131|priority:0|startupRole:FOLLOWER, 21b868c3-9969-4e13-ad52-9b0ac48fd138|rpc:10.1.0.22:42571|dataStream:10.1.0.22:34509|priority:0|startupRole:FOLLOWER] returns      null 4bcfc98d-1351-440f-af15-56158ce83d77@group-B5BFF1395F48:t0, leader=null, voted=null, raftlog=UNINITIALIZED, conf=-1: peers:[b1c57afc-121c-455c-bc43-4ffbee8e4677|rpc:10.1.0.22:43873|dataStream:10.1.0.22:37825|priority:1|startupRole:FOLLOWER, 4bcfc98d-1351-440f-af15-56158ce83d77|rpc:10.1.0.22:40839|dataStream:10.1.0.22:39131|priority:0|startupRole:FOLLOWER, 21b868c3-9969-4e13-ad52-9b0ac48fd138|rpc:10.1.0.22:42571|dataStream:10.1.0.22:34509|priority:0|startupRole:FOLLOWER]|listeners:[], old=null NEW
2023-04-18 19:34:47,040 [pool-101-thread-1] INFO  storage.RaftStorageDirectory (RaftStorageDirectoryImpl.java:analyzeStorage(137)) - The storage directory /home/runner/work/ozone/ozone/hadoop-ozone/integration-test/target/test-dir/MiniOzoneClusterImpl-184ce46c-7709-4843-8010-c45aadaa38f8/datanode-1/data/ratis/cd8abe94-f173-4052-9509-b5bff1395f48 does not exist. Creating ...
2023-04-18 19:34:47,041 [pool-101-thread-1] INFO  storage.RaftStorageDirectory (RaftStorageDirectoryImpl.java:tryLock(231)) - Lock on /home/runner/work/ozone/ozone/hadoop-ozone/integration-test/target/test-dir/MiniOzoneClusterImpl-184ce46c-7709-4843-8010-c45aadaa38f8/datanode-1/data/ratis/cd8abe94-f173-4052-9509-b5bff1395f48/in_use.lock acquired by nodename 69562@fv-az203-717
2023-04-18 19:34:47,043 [pool-101-thread-1] INFO  storage.RaftStorage (RaftStorageImpl.java:format(96)) - Storage directory /home/runner/work/ozone/ozone/hadoop-ozone/integration-test/target/test-dir/MiniOzoneClusterImpl-184ce46c-7709-4843-8010-c45aadaa38f8/datanode-1/data/ratis/cd8abe94-f173-4052-9509-b5bff1395f48 has been successfully formatted.
2023-04-18 19:34:47,044 [pool-101-thread-1] INFO  ratis.ContainerStateMachine (ContainerStateMachine.java:loadSnapshot(262)) - group-B5BFF1395F48: The snapshot info is null. Setting the last applied indexto:(t:0, i:~)
2023-04-18 19:34:47,044 [pool-101-thread-1] INFO  server.RaftServerConfigKeys (ConfUtils.java:logGet(46)) - raft.server.log.use.memory = false (default)
2023-04-18 19:34:47,044 [pool-101-thread-1] INFO  server.RaftServerConfigKeys (ConfUtils.java:logGet(46)) - raft.server.log.purge.gap = 1000000 (custom)
2023-04-18 19:34:47,044 [pool-101-thread-1] INFO  server.RaftServerConfigKeys (ConfUtils.java:logGet(46)) - raft.server.log.appender.buffer.byte-limit = 33554432 (custom)
2023-04-18 19:34:47,044 [pool-101-thread-1] INFO  server.RaftServerConfigKeys (ConfUtils.java:logGet(46)) - raft.server.log.statemachine.data.read.timeout = 1000ms (default)
2023-04-18 19:34:47,044 [pool-101-thread-1] INFO  server.RaftServerConfigKeys (ConfUtils.java:logGet(46)) - raft.server.log.purge.preservation.log.num = 0 (default)
2023-04-18 19:34:47,044 [pool-101-thread-1] INFO  server.RaftServerConfigKeys (ConfUtils.java:logGet(46)) - raft.server.log.segment.size.max = 1048576 (custom)
2023-04-18 19:34:47,044 [pool-101-thread-1] INFO  server.RaftServerConfigKeys (ConfUtils.java:logGet(46)) - raft.server.log.segment.cache.num.max = 2 (custom)
2023-04-18 19:34:47,045 [pool-101-thread-1] INFO  server.RaftServerConfigKeys (ConfUtils.java:logGet(46)) - raft.server.log.segment.cache.size.max = 200MB (=209715200) (default)
2023-04-18 19:34:47,045 [pool-101-thread-1] INFO  segmented.SegmentedRaftLogWorker (SegmentedRaftLogWorker.java:<init>(189)) - new 4bcfc98d-1351-440f-af15-56158ce83d77@group-B5BFF1395F48-SegmentedRaftLogWorker for RaftStorageImpl:Storage Directory /home/runner/work/ozone/ozone/hadoop-ozone/integration-test/target/test-dir/MiniOzoneClusterImpl-184ce46c-7709-4843-8010-c45aadaa38f8/datanode-1/data/ratis/cd8abe94-f173-4052-9509-b5bff1395f48
2023-04-18 19:34:47,045 [pool-101-thread-1] INFO  server.RaftServerConfigKeys (ConfUtils.java:logGet(46)) - raft.server.log.queue.byte-limit = 4294967296 (custom)
2023-04-18 19:34:47,045 [pool-101-thread-1] INFO  server.RaftServerConfigKeys (ConfUtils.java:logGet(46)) - raft.server.log.queue.element-limit = 1024 (custom)
2023-04-18 19:34:47,045 [pool-101-thread-1] INFO  server.RaftServerConfigKeys (ConfUtils.java:logGet(46)) - raft.server.log.segment.size.max = 1048576 (custom)
2023-04-18 19:34:47,045 [pool-101-thread-1] INFO  server.RaftServerConfigKeys (ConfUtils.java:logGet(46)) - raft.server.log.preallocated.size = 16384 (custom)
2023-04-18 19:34:47,045 [pool-101-thread-1] INFO  server.RaftServerConfigKeys (ConfUtils.java:logGet(46)) - raft.server.log.force.sync.num = 128 (default)
2023-04-18 19:34:47,045 [pool-101-thread-1] INFO  server.RaftServerConfigKeys (ConfUtils.java:logGet(46)) - raft.server.log.statemachine.data.sync = true (default)
2023-04-18 19:34:47,045 [pool-101-thread-1] INFO  server.RaftServerConfigKeys (ConfUtils.java:logGet(46)) - raft.server.log.statemachine.data.sync.timeout = 10s (default)
2023-04-18 19:34:47,045 [pool-101-thread-1] INFO  server.RaftServerConfigKeys (ConfUtils.java:logGet(46)) - raft.server.log.statemachine.data.sync.timeout.retry = -1 (default)
2023-04-18 19:34:47,046 [pool-101-thread-1] INFO  server.RaftServerConfigKeys (ConfUtils.java:logGet(46)) - raft.server.log.write.buffer.size = 1048576 (custom)
2023-04-18 19:34:47,046 [pool-101-thread-1] INFO  server.RaftServerConfigKeys (ConfUtils.java:logGet(46)) - raft.server.log.appender.buffer.byte-limit = 33554432 (custom)
2023-04-18 19:34:47,280 [Listener at 127.0.0.1/45463] INFO  ozone.MiniOzoneClusterImpl (MiniOzoneClusterImpl.java:lambda$waitForClusterToBeReady$0(222)) - Nodes are ready. Got 3 of 3 DN Heartbeats.
2023-04-18 19:34:47,284 [Listener at 127.0.0.1/45463] INFO  ozone.MiniOzoneClusterImpl (MiniOzoneClusterImpl.java:lambda$waitForClusterToBeReady$0(225)) - Waiting for cluster to exit safe mode
2023-04-18 19:34:47,284 [Listener at 127.0.0.1/45463] INFO  ozone.MiniOzoneClusterImpl (MiniOzoneClusterImpl.java:lambda$waitForClusterToBeReady$0(227)) - SCM became leader
2023-04-18 19:34:47,282 [EventQueue-OpenPipelineForHealthyPipelineSafeModeRule] INFO  safemode.SCMSafeModeManager (HealthyPipelineSafeModeRule.java:process(137)) - SCM in safe mode. Healthy pipelines reported count is 0, required healthy pipeline reported count is 1
2023-04-18 19:34:47,280 [JvmPauseMonitor0] WARN  util.JvmPauseMonitor (JvmPauseMonitor.java:detectPause(126)) - JvmPauseMonitor-om1: Detected pause in JVM or host machine (eg GC): pause of approximately 160681081ns.
GC pool 'PS MarkSweep' had collection(s): count=1 time=142ms
GC pool 'PS Scavenge' had collection(s): count=1 time=80ms
2023-04-18 19:34:47,284 [Command processor thread] INFO  server.RaftServer (RaftServerProxy.java:addNew(96)) - 21b868c3-9969-4e13-ad52-9b0ac48fd138: addNew group-6F8147257EC2:[21b868c3-9969-4e13-ad52-9b0ac48fd138|rpc:10.1.0.22:42571|dataStream:10.1.0.22:34509|priority:1|startupRole:FOLLOWER] returns group-6F8147257EC2:java.util.concurrent.CompletableFuture@40fccb22[Not completed]
2023-04-18 19:34:47,285 [pool-123-thread-1] INFO  server.RaftServer$Division (RaftServerImpl.java:<init>(195)) - 21b868c3-9969-4e13-ad52-9b0ac48fd138: new RaftServerImpl for group-6F8147257EC2:[21b868c3-9969-4e13-ad52-9b0ac48fd138|rpc:10.1.0.22:42571|dataStream:10.1.0.22:34509|priority:1|startupRole:FOLLOWER] with ContainerStateMachine:uninitialized
2023-04-18 19:34:47,285 [pool-123-thread-1] INFO  server.RaftServerConfigKeys (ConfUtils.java:logGet(46)) - raft.server.rpc.timeout.min = 5s (custom)
2023-04-18 19:34:47,285 [pool-123-thread-1] INFO  server.RaftServerConfigKeys (ConfUtils.java:logGet(46)) - raft.server.rpc.timeout.max = 5200ms (custom)
2023-04-18 19:34:47,286 [pool-123-thread-1] INFO  server.RaftServerConfigKeys (ConfUtils.java:logGet(46)) - raft.server.rpc.sleep.time = 25ms (default)
2023-04-18 19:34:47,286 [pool-123-thread-1] INFO  server.RaftServerConfigKeys (ConfUtils.java:logGet(46)) - raft.server.rpc.slowness.timeout = 300s (custom)
2023-04-18 19:34:47,286 [pool-123-thread-1] INFO  server.RaftServerConfigKeys (ConfUtils.java:logGet(46)) - raft.server.leaderelection.leader.step-down.wait-time = 10s (default)
2023-04-18 19:34:47,286 [pool-123-thread-1] INFO  server.RaftServerConfigKeys (ConfUtils.java:logGet(46)) - raft.server.sleep.deviation.threshold = 300ms (default)
2023-04-18 19:34:47,286 [pool-123-thread-1] INFO  server.RaftServer$Division (ServerState.java:<init>(118)) - 21b868c3-9969-4e13-ad52-9b0ac48fd138@group-6F8147257EC2: ConfigurationManager, init=-1: peers:[21b868c3-9969-4e13-ad52-9b0ac48fd138|rpc:10.1.0.22:42571|dataStream:10.1.0.22:34509|priority:1|startupRole:FOLLOWER]|listeners:[], old=null, confs=<EMPTY_MAP>
2023-04-18 19:34:47,286 [pool-123-thread-1] INFO  server.RaftServerConfigKeys (ConfUtils.java:logGet(46)) - raft.server.storage.dir = [/home/runner/work/ozone/ozone/hadoop-ozone/integration-test/target/test-dir/MiniOzoneClusterImpl-184ce46c-7709-4843-8010-c45aadaa38f8/datanode-2/data/ratis] (custom)
2023-04-18 19:34:47,286 [pool-123-thread-1] INFO  server.RaftServerConfigKeys (ConfUtils.java:logGet(46)) - raft.server.log.corruption.policy = EXCEPTION (default)
2023-04-18 19:34:47,286 [pool-123-thread-1] INFO  server.RaftServerConfigKeys (ConfUtils.java:logGet(46)) - raft.server.storage.free-space.min = 0MB (=0) (default)
2023-04-18 19:34:47,286 [pool-123-thread-1] INFO  server.RaftServerConfigKeys (ConfUtils.java:logGet(46)) - raft.server.notification.no-leader.timeout = 300s (custom)
2023-04-18 19:34:47,286 [pool-123-thread-1] INFO  server.RaftServerConfigKeys (ConfUtils.java:logGet(46)) - raft.server.retrycache.expirytime = 600000ms (custom)
2023-04-18 19:34:47,286 [pool-123-thread-1] INFO  server.RaftServerConfigKeys (ConfUtils.java:logGet(46)) - raft.server.retrycache.statistics.expirytime = 100μs (default)
2023-04-18 19:34:47,287 [pool-123-thread-1] INFO  server.RaftServerConfigKeys (ConfUtils.java:logGet(46)) - raft.server.log.appender.install.snapshot.enabled = false (custom)
2023-04-18 19:34:47,287 [pool-123-thread-1] INFO  server.RaftServerConfigKeys (ConfUtils.java:logGet(46)) - raft.server.threadpool.server.cached = true (default)
2023-04-18 19:34:47,287 [pool-123-thread-1] INFO  server.RaftServerConfigKeys (ConfUtils.java:logGet(46)) - raft.server.threadpool.server.size = 0 (default)
2023-04-18 19:34:47,287 [pool-123-thread-1] INFO  server.RaftServerConfigKeys (ConfUtils.java:logGet(46)) - raft.server.threadpool.client.cached = true (default)
2023-04-18 19:34:47,287 [JvmPauseMonitor3] WARN  util.JvmPauseMonitor (JvmPauseMonitor.java:detectPause(126)) - JvmPauseMonitor-21b868c3-9969-4e13-ad52-9b0ac48fd138: Detected pause in JVM or host machine (eg GC): pause of approximately 146800724ns.
GC pool 'PS MarkSweep' had collection(s): count=1 time=142ms
GC pool 'PS Scavenge' had collection(s): count=1 time=80ms
2023-04-18 19:34:47,291 [pool-123-thread-1] INFO  server.RaftServerConfigKeys (ConfUtils.java:logGet(46)) - raft.server.threadpool.client.size = 0 (default)
2023-04-18 19:34:47,292 [pool-123-thread-1] INFO  storage.RaftStorageDirectory (RaftStorageDirectoryImpl.java:analyzeStorage(137)) - The storage directory /home/runner/work/ozone/ozone/hadoop-ozone/integration-test/target/test-dir/MiniOzoneClusterImpl-184ce46c-7709-4843-8010-c45aadaa38f8/datanode-2/data/ratis/3ae51b4c-9e08-4021-8e28-6f8147257ec2 does not exist. Creating ...
2023-04-18 19:34:47,295 [pool-123-thread-1] INFO  storage.RaftStorageDirectory (RaftStorageDirectoryImpl.java:tryLock(231)) - Lock on /home/runner/work/ozone/ozone/hadoop-ozone/integration-test/target/test-dir/MiniOzoneClusterImpl-184ce46c-7709-4843-8010-c45aadaa38f8/datanode-2/data/ratis/3ae51b4c-9e08-4021-8e28-6f8147257ec2/in_use.lock acquired by nodename 69562@fv-az203-717
2023-04-18 19:34:47,295 [pool-101-thread-1] INFO  server.RaftServerConfigKeys (ConfUtils.java:logGet(46)) - raft.server.log.unsafe-flush.enabled = false (default)
2023-04-18 19:34:47,295 [pool-101-thread-1] INFO  server.RaftServerConfigKeys (ConfUtils.java:logGet(46)) - raft.server.log.async-flush.enabled = false (default)
2023-04-18 19:34:47,295 [pool-101-thread-1] INFO  server.RaftServerConfigKeys (ConfUtils.java:logGet(46)) - raft.server.log.statemachine.data.caching.enabled = true (custom)
2023-04-18 19:34:47,296 [pool-101-thread-1] INFO  segmented.SegmentedRaftLogWorker (SegmentedRaftLogWorker.java:lambda$new$0(135)) - 4bcfc98d-1351-440f-af15-56158ce83d77@group-B5BFF1395F48-SegmentedRaftLogWorker: flushIndex: setUnconditionally 0 -> -1
2023-04-18 19:34:47,296 [pool-101-thread-1] INFO  segmented.SegmentedRaftLogWorker (SegmentedRaftLogWorker.java:lambda$new$0(135)) - 4bcfc98d-1351-440f-af15-56158ce83d77@group-B5BFF1395F48-SegmentedRaftLogWorker: safeCacheEvictIndex: setUnconditionally 0 -> -1
2023-04-18 19:34:47,296 [pool-123-thread-1] INFO  storage.RaftStorage (RaftStorageImpl.java:format(96)) - Storage directory /home/runner/work/ozone/ozone/hadoop-ozone/integration-test/target/test-dir/MiniOzoneClusterImpl-184ce46c-7709-4843-8010-c45aadaa38f8/datanode-2/data/ratis/3ae51b4c-9e08-4021-8e28-6f8147257ec2 has been successfully formatted.
2023-04-18 19:34:47,300 [pool-101-thread-1] INFO  server.RaftServer$Division (RaftServerImpl.java:start(334)) - 4bcfc98d-1351-440f-af15-56158ce83d77@group-B5BFF1395F48: start as a follower, conf=-1: peers:[b1c57afc-121c-455c-bc43-4ffbee8e4677|rpc:10.1.0.22:43873|dataStream:10.1.0.22:37825|priority:1|startupRole:FOLLOWER, 4bcfc98d-1351-440f-af15-56158ce83d77|rpc:10.1.0.22:40839|dataStream:10.1.0.22:39131|priority:0|startupRole:FOLLOWER, 21b868c3-9969-4e13-ad52-9b0ac48fd138|rpc:10.1.0.22:42571|dataStream:10.1.0.22:34509|priority:0|startupRole:FOLLOWER]|listeners:[], old=null
2023-04-18 19:34:47,300 [pool-101-thread-1] INFO  server.RaftServer$Division (RaftServerImpl.java:setRole(321)) - 4bcfc98d-1351-440f-af15-56158ce83d77@group-B5BFF1395F48: changes role from      null to FOLLOWER at term 0 for startAsFollower
2023-04-18 19:34:47,300 [pool-101-thread-1] INFO  impl.RoleInfo (RoleInfo.java:updateAndGet(139)) - 4bcfc98d-1351-440f-af15-56158ce83d77: start 4bcfc98d-1351-440f-af15-56158ce83d77@group-B5BFF1395F48-FollowerState
2023-04-18 19:34:47,300 [pool-101-thread-1] INFO  util.JmxRegister (JmxRegister.java:tryRegister(44)) - Successfully registered JMX Bean with object name Ratis:service=RaftServer,group=group-B5BFF1395F48,id=4bcfc98d-1351-440f-af15-56158ce83d77
2023-04-18 19:34:47,300 [pool-101-thread-1] INFO  server.RaftServerConfigKeys (ConfUtils.java:logGet(46)) - raft.server.snapshot.auto.trigger.enabled = true (custom)
2023-04-18 19:34:47,301 [pool-101-thread-1] INFO  server.RaftServerConfigKeys (ConfUtils.java:logGet(46)) - raft.server.snapshot.auto.trigger.threshold = 10000 (custom)
2023-04-18 19:34:47,301 [pool-101-thread-1] INFO  server.RaftServerConfigKeys (ConfUtils.java:logGet(46)) - raft.server.snapshot.retention.file.num = 5 (custom)
2023-04-18 19:34:47,301 [pool-101-thread-1] INFO  server.RaftServerConfigKeys (ConfUtils.java:logGet(46)) - raft.server.log.purge.upto.snapshot.index = false (default)
2023-04-18 19:34:47,303 [4bcfc98d-1351-440f-af15-56158ce83d77@group-B5BFF1395F48-FollowerState] INFO  server.RaftServerConfigKeys (ConfUtils.java:logFallback(53)) - raft.server.rpc.first-election.timeout.min = 5s (fallback to raft.server.rpc.timeout.min)
2023-04-18 19:34:47,312 [4bcfc98d-1351-440f-af15-56158ce83d77@group-B5BFF1395F48-FollowerState] INFO  server.RaftServerConfigKeys (ConfUtils.java:logFallback(53)) - raft.server.rpc.first-election.timeout.max = 5200ms (fallback to raft.server.rpc.timeout.max)
2023-04-18 19:34:47,312 [Command processor thread] INFO  commandhandler.CreatePipelineCommandHandler (CreatePipelineCommandHandler.java:handle(113)) - Created Pipeline RATIS THREE PipelineID=fe8f8231-531f-40c6-a24e-b6dddc8024d4.
2023-04-18 19:34:47,308 [pool-123-thread-1] INFO  ratis.ContainerStateMachine (ContainerStateMachine.java:loadSnapshot(262)) - group-6F8147257EC2: The snapshot info is null. Setting the last applied indexto:(t:0, i:~)
2023-04-18 19:34:47,315 [pool-123-thread-1] INFO  server.RaftServerConfigKeys (ConfUtils.java:logGet(46)) - raft.server.log.use.memory = false (default)
2023-04-18 19:34:47,315 [pool-123-thread-1] INFO  server.RaftServerConfigKeys (ConfUtils.java:logGet(46)) - raft.server.log.purge.gap = 1000000 (custom)
2023-04-18 19:34:47,315 [pool-123-thread-1] INFO  server.RaftServerConfigKeys (ConfUtils.java:logGet(46)) - raft.server.log.appender.buffer.byte-limit = 33554432 (custom)
2023-04-18 19:34:47,315 [pool-123-thread-1] INFO  server.RaftServerConfigKeys (ConfUtils.java:logGet(46)) - raft.server.log.statemachine.data.read.timeout = 1000ms (default)
2023-04-18 19:34:47,315 [pool-123-thread-1] INFO  server.RaftServerConfigKeys (ConfUtils.java:logGet(46)) - raft.server.log.purge.preservation.log.num = 0 (default)
2023-04-18 19:34:47,315 [pool-123-thread-1] INFO  server.RaftServerConfigKeys (ConfUtils.java:logGet(46)) - raft.server.log.segment.size.max = 1048576 (custom)
2023-04-18 19:34:47,316 [pool-123-thread-1] INFO  server.RaftServerConfigKeys (ConfUtils.java:logGet(46)) - raft.server.log.segment.cache.num.max = 2 (custom)
2023-04-18 19:34:47,316 [pool-123-thread-1] INFO  server.RaftServerConfigKeys (ConfUtils.java:logGet(46)) - raft.server.log.segment.cache.size.max = 200MB (=209715200) (default)
2023-04-18 19:34:47,316 [pool-123-thread-1] INFO  segmented.SegmentedRaftLogWorker (SegmentedRaftLogWorker.java:<init>(189)) - new 21b868c3-9969-4e13-ad52-9b0ac48fd138@group-6F8147257EC2-SegmentedRaftLogWorker for RaftStorageImpl:Storage Directory /home/runner/work/ozone/ozone/hadoop-ozone/integration-test/target/test-dir/MiniOzoneClusterImpl-184ce46c-7709-4843-8010-c45aadaa38f8/datanode-2/data/ratis/3ae51b4c-9e08-4021-8e28-6f8147257ec2
2023-04-18 19:34:47,316 [pool-123-thread-1] INFO  server.RaftServerConfigKeys (ConfUtils.java:logGet(46)) - raft.server.log.queue.byte-limit = 4294967296 (custom)
2023-04-18 19:34:47,316 [pool-123-thread-1] INFO  server.RaftServerConfigKeys (ConfUtils.java:logGet(46)) - raft.server.log.queue.element-limit = 1024 (custom)
2023-04-18 19:34:47,316 [pool-123-thread-1] INFO  server.RaftServerConfigKeys (ConfUtils.java:logGet(46)) - raft.server.log.segment.size.max = 1048576 (custom)
2023-04-18 19:34:47,316 [pool-123-thread-1] INFO  server.RaftServerConfigKeys (ConfUtils.java:logGet(46)) - raft.server.log.preallocated.size = 16384 (custom)
2023-04-18 19:34:47,316 [pool-123-thread-1] INFO  server.RaftServerConfigKeys (ConfUtils.java:logGet(46)) - raft.server.log.force.sync.num = 128 (default)
2023-04-18 19:34:47,316 [pool-123-thread-1] INFO  server.RaftServerConfigKeys (ConfUtils.java:logGet(46)) - raft.server.log.statemachine.data.sync = true (default)
2023-04-18 19:34:47,316 [pool-123-thread-1] INFO  server.RaftServerConfigKeys (ConfUtils.java:logGet(46)) - raft.server.log.statemachine.data.sync.timeout = 10s (default)
2023-04-18 19:34:47,316 [pool-123-thread-1] INFO  server.RaftServerConfigKeys (ConfUtils.java:logGet(46)) - raft.server.log.statemachine.data.sync.timeout.retry = -1 (default)
2023-04-18 19:34:47,317 [pool-123-thread-1] INFO  server.RaftServerConfigKeys (ConfUtils.java:logGet(46)) - raft.server.log.write.buffer.size = 1048576 (custom)
2023-04-18 19:34:47,317 [pool-123-thread-1] INFO  server.RaftServerConfigKeys (ConfUtils.java:logGet(46)) - raft.server.log.appender.buffer.byte-limit = 33554432 (custom)
2023-04-18 19:34:47,323 [pool-123-thread-1] INFO  server.RaftServerConfigKeys (ConfUtils.java:logGet(46)) - raft.server.log.unsafe-flush.enabled = false (default)
2023-04-18 19:34:47,324 [pool-123-thread-1] INFO  server.RaftServerConfigKeys (ConfUtils.java:logGet(46)) - raft.server.log.async-flush.enabled = false (default)
2023-04-18 19:34:47,324 [pool-123-thread-1] INFO  server.RaftServerConfigKeys (ConfUtils.java:logGet(46)) - raft.server.log.statemachine.data.caching.enabled = true (custom)
2023-04-18 19:34:47,325 [EventQueue-PipelineReportForPipelineReportHandler] INFO  pipeline.PipelineManagerImpl (PipelineManagerImpl.java:openPipeline(367)) - Pipeline Pipeline[ Id: 3ae51b4c-9e08-4021-8e28-6f8147257ec2, Nodes: 21b868c3-9969-4e13-ad52-9b0ac48fd138(fv-az203-717/10.1.0.22), ReplicationConfig: RATIS/ONE, State:ALLOCATED, leaderId:21b868c3-9969-4e13-ad52-9b0ac48fd138, CreationTimestamp2023-04-18T19:34:44.095Z[Etc/UTC]] moved to OPEN state
2023-04-18 19:34:47,325 [pool-123-thread-1] INFO  segmented.SegmentedRaftLogWorker (SegmentedRaftLogWorker.java:lambda$new$0(135)) - 21b868c3-9969-4e13-ad52-9b0ac48fd138@group-6F8147257EC2-SegmentedRaftLogWorker: flushIndex: setUnconditionally 0 -> -1
2023-04-18 19:34:47,325 [pool-123-thread-1] INFO  segmented.SegmentedRaftLogWorker (SegmentedRaftLogWorker.java:lambda$new$0(135)) - 21b868c3-9969-4e13-ad52-9b0ac48fd138@group-6F8147257EC2-SegmentedRaftLogWorker: safeCacheEvictIndex: setUnconditionally 0 -> -1
2023-04-18 19:34:47,325 [pool-123-thread-1] INFO  server.RaftServer$Division (RaftServerImpl.java:start(334)) - 21b868c3-9969-4e13-ad52-9b0ac48fd138@group-6F8147257EC2: start as a follower, conf=-1: peers:[21b868c3-9969-4e13-ad52-9b0ac48fd138|rpc:10.1.0.22:42571|dataStream:10.1.0.22:34509|priority:1|startupRole:FOLLOWER]|listeners:[], old=null
2023-04-18 19:34:47,325 [pool-123-thread-1] INFO  server.RaftServer$Division (RaftServerImpl.java:setRole(321)) - 21b868c3-9969-4e13-ad52-9b0ac48fd138@group-6F8147257EC2: changes role from      null to FOLLOWER at term 0 for startAsFollower
2023-04-18 19:34:47,325 [pool-123-thread-1] INFO  impl.RoleInfo (RoleInfo.java:updateAndGet(139)) - 21b868c3-9969-4e13-ad52-9b0ac48fd138: start 21b868c3-9969-4e13-ad52-9b0ac48fd138@group-6F8147257EC2-FollowerState
2023-04-18 19:34:47,326 [pool-123-thread-1] INFO  util.JmxRegister (JmxRegister.java:tryRegister(44)) - Successfully registered JMX Bean with object name Ratis:service=RaftServer,group=group-6F8147257EC2,id=21b868c3-9969-4e13-ad52-9b0ac48fd138
2023-04-18 19:34:47,326 [pool-123-thread-1] INFO  server.RaftServerConfigKeys (ConfUtils.java:logGet(46)) - raft.server.snapshot.auto.trigger.enabled = true (custom)
2023-04-18 19:34:47,326 [pool-123-thread-1] INFO  server.RaftServerConfigKeys (ConfUtils.java:logGet(46)) - raft.server.snapshot.auto.trigger.threshold = 10000 (custom)
2023-04-18 19:34:47,326 [pool-123-thread-1] INFO  server.RaftServerConfigKeys (ConfUtils.java:logGet(46)) - raft.server.snapshot.retention.file.num = 5 (custom)
2023-04-18 19:34:47,326 [pool-123-thread-1] INFO  server.RaftServerConfigKeys (ConfUtils.java:logGet(46)) - raft.server.log.purge.upto.snapshot.index = false (default)
2023-04-18 19:34:47,326 [EventQueue-OpenPipelineForHealthyPipelineSafeModeRule] INFO  safemode.SCMSafeModeManager (HealthyPipelineSafeModeRule.java:process(137)) - SCM in safe mode. Healthy pipelines reported count is 0, required healthy pipeline reported count is 1
2023-04-18 19:34:47,326 [21b868c3-9969-4e13-ad52-9b0ac48fd138@group-6F8147257EC2-FollowerState] INFO  server.RaftServerConfigKeys (ConfUtils.java:logFallback(53)) - raft.server.rpc.first-election.timeout.min = 5s (fallback to raft.server.rpc.timeout.min)
2023-04-18 19:34:47,326 [21b868c3-9969-4e13-ad52-9b0ac48fd138@group-6F8147257EC2-FollowerState] INFO  server.RaftServerConfigKeys (ConfUtils.java:logFallback(53)) - raft.server.rpc.first-election.timeout.max = 5200ms (fallback to raft.server.rpc.timeout.max)
2023-04-18 19:34:47,327 [Command processor thread] INFO  ratis.XceiverServerRatis (XceiverServerRatis.java:addGroup(806)) - Created group PipelineID=3ae51b4c-9e08-4021-8e28-6f8147257ec2
2023-04-18 19:34:47,327 [Command processor thread] INFO  commandhandler.CreatePipelineCommandHandler (CreatePipelineCommandHandler.java:handle(113)) - Created Pipeline RATIS ONE PipelineID=3ae51b4c-9e08-4021-8e28-6f8147257ec2.
2023-04-18 19:34:47,327 [Command processor thread] INFO  server.RaftServer (RaftServerProxy.java:addNew(96)) - 21b868c3-9969-4e13-ad52-9b0ac48fd138: addNew group-B5BFF1395F48:[b1c57afc-121c-455c-bc43-4ffbee8e4677|rpc:10.1.0.22:43873|dataStream:10.1.0.22:37825|priority:1|startupRole:FOLLOWER, 4bcfc98d-1351-440f-af15-56158ce83d77|rpc:10.1.0.22:40839|dataStream:10.1.0.22:39131|priority:0|startupRole:FOLLOWER, 21b868c3-9969-4e13-ad52-9b0ac48fd138|rpc:10.1.0.22:42571|dataStream:10.1.0.22:34509|priority:0|startupRole:FOLLOWER] returns group-B5BFF1395F48:java.util.concurrent.CompletableFuture@4e3b2d4d[Not completed]
2023-04-18 19:34:47,328 [pool-123-thread-1] INFO  server.RaftServer$Division (RaftServerImpl.java:<init>(195)) - 21b868c3-9969-4e13-ad52-9b0ac48fd138: new RaftServerImpl for group-B5BFF1395F48:[b1c57afc-121c-455c-bc43-4ffbee8e4677|rpc:10.1.0.22:43873|dataStream:10.1.0.22:37825|priority:1|startupRole:FOLLOWER, 4bcfc98d-1351-440f-af15-56158ce83d77|rpc:10.1.0.22:40839|dataStream:10.1.0.22:39131|priority:0|startupRole:FOLLOWER, 21b868c3-9969-4e13-ad52-9b0ac48fd138|rpc:10.1.0.22:42571|dataStream:10.1.0.22:34509|priority:0|startupRole:FOLLOWER] with ContainerStateMachine:uninitialized
2023-04-18 19:34:47,328 [pool-123-thread-1] INFO  server.RaftServerConfigKeys (ConfUtils.java:logGet(46)) - raft.server.rpc.timeout.min = 5s (custom)
2023-04-18 19:34:47,329 [pool-123-thread-1] INFO  server.RaftServerConfigKeys (ConfUtils.java:logGet(46)) - raft.server.rpc.timeout.max = 5200ms (custom)
2023-04-18 19:34:47,329 [pool-123-thread-1] INFO  server.RaftServerConfigKeys (ConfUtils.java:logGet(46)) - raft.server.rpc.sleep.time = 25ms (default)
2023-04-18 19:34:47,334 [pool-123-thread-1] INFO  server.RaftServerConfigKeys (ConfUtils.java:logGet(46)) - raft.server.rpc.slowness.timeout = 300s (custom)
2023-04-18 19:34:47,334 [pool-123-thread-1] INFO  server.RaftServerConfigKeys (ConfUtils.java:logGet(46)) - raft.server.leaderelection.leader.step-down.wait-time = 10s (default)
2023-04-18 19:34:47,334 [pool-123-thread-1] INFO  server.RaftServerConfigKeys (ConfUtils.java:logGet(46)) - raft.server.sleep.deviation.threshold = 300ms (default)
2023-04-18 19:34:47,334 [pool-123-thread-1] INFO  server.RaftServer$Division (ServerState.java:<init>(118)) - 21b868c3-9969-4e13-ad52-9b0ac48fd138@group-B5BFF1395F48: ConfigurationManager, init=-1: peers:[b1c57afc-121c-455c-bc43-4ffbee8e4677|rpc:10.1.0.22:43873|dataStream:10.1.0.22:37825|priority:1|startupRole:FOLLOWER, 4bcfc98d-1351-440f-af15-56158ce83d77|rpc:10.1.0.22:40839|dataStream:10.1.0.22:39131|priority:0|startupRole:FOLLOWER, 21b868c3-9969-4e13-ad52-9b0ac48fd138|rpc:10.1.0.22:42571|dataStream:10.1.0.22:34509|priority:0|startupRole:FOLLOWER]|listeners:[], old=null, confs=<EMPTY_MAP>
2023-04-18 19:34:47,334 [pool-123-thread-1] INFO  server.RaftServerConfigKeys (ConfUtils.java:logGet(46)) - raft.server.storage.dir = [/home/runner/work/ozone/ozone/hadoop-ozone/integration-test/target/test-dir/MiniOzoneClusterImpl-184ce46c-7709-4843-8010-c45aadaa38f8/datanode-2/data/ratis] (custom)
2023-04-18 19:34:47,334 [pool-123-thread-1] INFO  server.RaftServerConfigKeys (ConfUtils.java:logGet(46)) - raft.server.log.corruption.policy = EXCEPTION (default)
2023-04-18 19:34:47,334 [pool-123-thread-1] INFO  server.RaftServerConfigKeys (ConfUtils.java:logGet(46)) - raft.server.storage.free-space.min = 0MB (=0) (default)
2023-04-18 19:34:47,334 [pool-123-thread-1] INFO  server.RaftServerConfigKeys (ConfUtils.java:logGet(46)) - raft.server.notification.no-leader.timeout = 300s (custom)
2023-04-18 19:34:47,334 [pool-123-thread-1] INFO  server.RaftServerConfigKeys (ConfUtils.java:logGet(46)) - raft.server.retrycache.expirytime = 600000ms (custom)
2023-04-18 19:34:47,334 [pool-123-thread-1] INFO  server.RaftServerConfigKeys (ConfUtils.java:logGet(46)) - raft.server.retrycache.statistics.expirytime = 100μs (default)
2023-04-18 19:34:47,335 [pool-123-thread-1] INFO  server.RaftServerConfigKeys (ConfUtils.java:logGet(46)) - raft.server.log.appender.install.snapshot.enabled = false (custom)
2023-04-18 19:34:47,335 [pool-123-thread-1] INFO  server.RaftServerConfigKeys (ConfUtils.java:logGet(46)) - raft.server.threadpool.server.cached = true (default)
2023-04-18 19:34:47,335 [pool-123-thread-1] INFO  server.RaftServerConfigKeys (ConfUtils.java:logGet(46)) - raft.server.threadpool.server.size = 0 (default)
2023-04-18 19:34:47,335 [pool-123-thread-1] INFO  server.RaftServerConfigKeys (ConfUtils.java:logGet(46)) - raft.server.threadpool.client.cached = true (default)
2023-04-18 19:34:47,335 [pool-123-thread-1] INFO  server.RaftServerConfigKeys (ConfUtils.java:logGet(46)) - raft.server.threadpool.client.size = 0 (default)
2023-04-18 19:34:47,338 [pool-123-thread-1] INFO  storage.RaftStorageDirectory (RaftStorageDirectoryImpl.java:analyzeStorage(137)) - The storage directory /home/runner/work/ozone/ozone/hadoop-ozone/integration-test/target/test-dir/MiniOzoneClusterImpl-184ce46c-7709-4843-8010-c45aadaa38f8/datanode-2/data/ratis/cd8abe94-f173-4052-9509-b5bff1395f48 does not exist. Creating ...
2023-04-18 19:34:47,339 [pool-123-thread-1] INFO  storage.RaftStorageDirectory (RaftStorageDirectoryImpl.java:tryLock(231)) - Lock on /home/runner/work/ozone/ozone/hadoop-ozone/integration-test/target/test-dir/MiniOzoneClusterImpl-184ce46c-7709-4843-8010-c45aadaa38f8/datanode-2/data/ratis/cd8abe94-f173-4052-9509-b5bff1395f48/in_use.lock acquired by nodename 69562@fv-az203-717
2023-04-18 19:34:47,343 [pool-123-thread-1] INFO  storage.RaftStorage (RaftStorageImpl.java:format(96)) - Storage directory /home/runner/work/ozone/ozone/hadoop-ozone/integration-test/target/test-dir/MiniOzoneClusterImpl-184ce46c-7709-4843-8010-c45aadaa38f8/datanode-2/data/ratis/cd8abe94-f173-4052-9509-b5bff1395f48 has been successfully formatted.
2023-04-18 19:34:47,347 [pool-123-thread-1] INFO  ratis.ContainerStateMachine (ContainerStateMachine.java:loadSnapshot(262)) - group-B5BFF1395F48: The snapshot info is null. Setting the last applied indexto:(t:0, i:~)
2023-04-18 19:34:47,347 [pool-123-thread-1] INFO  server.RaftServerConfigKeys (ConfUtils.java:logGet(46)) - raft.server.log.use.memory = false (default)
2023-04-18 19:34:47,347 [pool-123-thread-1] INFO  server.RaftServerConfigKeys (ConfUtils.java:logGet(46)) - raft.server.log.purge.gap = 1000000 (custom)
2023-04-18 19:34:47,347 [pool-123-thread-1] INFO  server.RaftServerConfigKeys (ConfUtils.java:logGet(46)) - raft.server.log.appender.buffer.byte-limit = 33554432 (custom)
2023-04-18 19:34:47,348 [pool-123-thread-1] INFO  server.RaftServerConfigKeys (ConfUtils.java:logGet(46)) - raft.server.log.statemachine.data.read.timeout = 1000ms (default)
2023-04-18 19:34:47,348 [pool-123-thread-1] INFO  server.RaftServerConfigKeys (ConfUtils.java:logGet(46)) - raft.server.log.purge.preservation.log.num = 0 (default)
2023-04-18 19:34:47,348 [pool-123-thread-1] INFO  server.RaftServerConfigKeys (ConfUtils.java:logGet(46)) - raft.server.log.segment.size.max = 1048576 (custom)
2023-04-18 19:34:47,349 [pool-123-thread-1] INFO  server.RaftServerConfigKeys (ConfUtils.java:logGet(46)) - raft.server.log.segment.cache.num.max = 2 (custom)
2023-04-18 19:34:47,349 [pool-123-thread-1] INFO  server.RaftServerConfigKeys (ConfUtils.java:logGet(46)) - raft.server.log.segment.cache.size.max = 200MB (=209715200) (default)
2023-04-18 19:34:47,349 [pool-123-thread-1] INFO  segmented.SegmentedRaftLogWorker (SegmentedRaftLogWorker.java:<init>(189)) - new 21b868c3-9969-4e13-ad52-9b0ac48fd138@group-B5BFF1395F48-SegmentedRaftLogWorker for RaftStorageImpl:Storage Directory /home/runner/work/ozone/ozone/hadoop-ozone/integration-test/target/test-dir/MiniOzoneClusterImpl-184ce46c-7709-4843-8010-c45aadaa38f8/datanode-2/data/ratis/cd8abe94-f173-4052-9509-b5bff1395f48
2023-04-18 19:34:47,349 [pool-123-thread-1] INFO  server.RaftServerConfigKeys (ConfUtils.java:logGet(46)) - raft.server.log.queue.byte-limit = 4294967296 (custom)
2023-04-18 19:34:47,349 [pool-123-thread-1] INFO  server.RaftServerConfigKeys (ConfUtils.java:logGet(46)) - raft.server.log.queue.element-limit = 1024 (custom)
2023-04-18 19:34:47,350 [pool-123-thread-1] INFO  server.RaftServerConfigKeys (ConfUtils.java:logGet(46)) - raft.server.log.segment.size.max = 1048576 (custom)
2023-04-18 19:34:47,350 [pool-123-thread-1] INFO  server.RaftServerConfigKeys (ConfUtils.java:logGet(46)) - raft.server.log.preallocated.size = 16384 (custom)
2023-04-18 19:34:47,350 [pool-123-thread-1] INFO  server.RaftServerConfigKeys (ConfUtils.java:logGet(46)) - raft.server.log.force.sync.num = 128 (default)
2023-04-18 19:34:47,350 [pool-123-thread-1] INFO  server.RaftServerConfigKeys (ConfUtils.java:logGet(46)) - raft.server.log.statemachine.data.sync = true (default)
2023-04-18 19:34:47,350 [EventQueue-OpenPipelineForHealthyPipelineSafeModeRule] INFO  safemode.SCMSafeModeManager (HealthyPipelineSafeModeRule.java:process(137)) - SCM in safe mode. Healthy pipelines reported count is 0, required healthy pipeline reported count is 1
2023-04-18 19:34:47,350 [pool-123-thread-1] INFO  server.RaftServerConfigKeys (ConfUtils.java:logGet(46)) - raft.server.log.statemachine.data.sync.timeout = 10s (default)
2023-04-18 19:34:47,356 [pool-123-thread-1] INFO  server.RaftServerConfigKeys (ConfUtils.java:logGet(46)) - raft.server.log.statemachine.data.sync.timeout.retry = -1 (default)
2023-04-18 19:34:47,357 [pool-123-thread-1] INFO  server.RaftServerConfigKeys (ConfUtils.java:logGet(46)) - raft.server.log.write.buffer.size = 1048576 (custom)
2023-04-18 19:34:47,357 [pool-123-thread-1] INFO  server.RaftServerConfigKeys (ConfUtils.java:logGet(46)) - raft.server.log.appender.buffer.byte-limit = 33554432 (custom)
2023-04-18 19:34:47,364 [pool-123-thread-1] INFO  server.RaftServerConfigKeys (ConfUtils.java:logGet(46)) - raft.server.log.unsafe-flush.enabled = false (default)
2023-04-18 19:34:47,364 [pool-123-thread-1] INFO  server.RaftServerConfigKeys (ConfUtils.java:logGet(46)) - raft.server.log.async-flush.enabled = false (default)
2023-04-18 19:34:47,364 [pool-123-thread-1] INFO  server.RaftServerConfigKeys (ConfUtils.java:logGet(46)) - raft.server.log.statemachine.data.caching.enabled = true (custom)
2023-04-18 19:34:47,364 [pool-123-thread-1] INFO  segmented.SegmentedRaftLogWorker (SegmentedRaftLogWorker.java:lambda$new$0(135)) - 21b868c3-9969-4e13-ad52-9b0ac48fd138@group-B5BFF1395F48-SegmentedRaftLogWorker: flushIndex: setUnconditionally 0 -> -1
2023-04-18 19:34:47,364 [pool-123-thread-1] INFO  segmented.SegmentedRaftLogWorker (SegmentedRaftLogWorker.java:lambda$new$0(135)) - 21b868c3-9969-4e13-ad52-9b0ac48fd138@group-B5BFF1395F48-SegmentedRaftLogWorker: safeCacheEvictIndex: setUnconditionally 0 -> -1
2023-04-18 19:34:47,365 [pool-123-thread-1] INFO  server.RaftServer$Division (RaftServerImpl.java:start(334)) - 21b868c3-9969-4e13-ad52-9b0ac48fd138@group-B5BFF1395F48: start as a follower, conf=-1: peers:[b1c57afc-121c-455c-bc43-4ffbee8e4677|rpc:10.1.0.22:43873|dataStream:10.1.0.22:37825|priority:1|startupRole:FOLLOWER, 4bcfc98d-1351-440f-af15-56158ce83d77|rpc:10.1.0.22:40839|dataStream:10.1.0.22:39131|priority:0|startupRole:FOLLOWER, 21b868c3-9969-4e13-ad52-9b0ac48fd138|rpc:10.1.0.22:42571|dataStream:10.1.0.22:34509|priority:0|startupRole:FOLLOWER]|listeners:[], old=null
2023-04-18 19:34:47,365 [pool-123-thread-1] INFO  server.RaftServer$Division (RaftServerImpl.java:setRole(321)) - 21b868c3-9969-4e13-ad52-9b0ac48fd138@group-B5BFF1395F48: changes role from      null to FOLLOWER at term 0 for startAsFollower
2023-04-18 19:34:47,365 [pool-123-thread-1] INFO  impl.RoleInfo (RoleInfo.java:updateAndGet(139)) - 21b868c3-9969-4e13-ad52-9b0ac48fd138: start 21b868c3-9969-4e13-ad52-9b0ac48fd138@group-B5BFF1395F48-FollowerState
2023-04-18 19:34:47,366 [pool-123-thread-1] INFO  util.JmxRegister (JmxRegister.java:tryRegister(44)) - Successfully registered JMX Bean with object name Ratis:service=RaftServer,group=group-B5BFF1395F48,id=21b868c3-9969-4e13-ad52-9b0ac48fd138
2023-04-18 19:34:47,366 [21b868c3-9969-4e13-ad52-9b0ac48fd138@group-B5BFF1395F48-FollowerState] INFO  server.RaftServerConfigKeys (ConfUtils.java:logFallback(53)) - raft.server.rpc.first-election.timeout.min = 5s (fallback to raft.server.rpc.timeout.min)
2023-04-18 19:34:47,369 [Command processor thread] INFO  commandhandler.CreatePipelineCommandHandler (CreatePipelineCommandHandler.java:handle(113)) - Created Pipeline RATIS THREE PipelineID=cd8abe94-f173-4052-9509-b5bff1395f48.
2023-04-18 19:34:47,366 [pool-123-thread-1] INFO  server.RaftServerConfigKeys (ConfUtils.java:logGet(46)) - raft.server.snapshot.auto.trigger.enabled = true (custom)
2023-04-18 19:34:47,369 [pool-123-thread-1] INFO  server.RaftServerConfigKeys (ConfUtils.java:logGet(46)) - raft.server.snapshot.auto.trigger.threshold = 10000 (custom)
2023-04-18 19:34:47,369 [pool-123-thread-1] INFO  server.RaftServerConfigKeys (ConfUtils.java:logGet(46)) - raft.server.snapshot.retention.file.num = 5 (custom)
2023-04-18 19:34:47,369 [pool-123-thread-1] INFO  server.RaftServerConfigKeys (ConfUtils.java:logGet(46)) - raft.server.log.purge.upto.snapshot.index = false (default)
2023-04-18 19:34:47,373 [21b868c3-9969-4e13-ad52-9b0ac48fd138@group-B5BFF1395F48-FollowerState] INFO  server.RaftServerConfigKeys (ConfUtils.java:logFallback(53)) - raft.server.rpc.first-election.timeout.max = 5200ms (fallback to raft.server.rpc.timeout.max)
2023-04-18 19:34:47,373 [Command processor thread] INFO  ratis.XceiverServerRatis (XceiverServerRatis.java:addGroup(806)) - Created group PipelineID=cd8abe94-f173-4052-9509-b5bff1395f48
2023-04-18 19:34:47,423 [Command processor thread] INFO  commandhandler.CreatePipelineCommandHandler (CreatePipelineCommandHandler.java:handle(113)) - Created Pipeline RATIS THREE PipelineID=cd8abe94-f173-4052-9509-b5bff1395f48.
2023-04-18 19:34:48,284 [Listener at 127.0.0.1/45463] INFO  ozone.MiniOzoneClusterImpl (MiniOzoneClusterImpl.java:lambda$waitForClusterToBeReady$0(222)) - Nodes are ready. Got 3 of 3 DN Heartbeats.
2023-04-18 19:34:48,284 [Listener at 127.0.0.1/45463] INFO  ozone.MiniOzoneClusterImpl (MiniOzoneClusterImpl.java:lambda$waitForClusterToBeReady$0(225)) - Waiting for cluster to exit safe mode
2023-04-18 19:34:48,284 [Listener at 127.0.0.1/45463] INFO  ozone.MiniOzoneClusterImpl (MiniOzoneClusterImpl.java:lambda$waitForClusterToBeReady$0(227)) - SCM became leader
2023-04-18 19:34:49,285 [Listener at 127.0.0.1/45463] INFO  ozone.MiniOzoneClusterImpl (MiniOzoneClusterImpl.java:lambda$waitForClusterToBeReady$0(222)) - Nodes are ready. Got 3 of 3 DN Heartbeats.
2023-04-18 19:34:49,285 [Listener at 127.0.0.1/45463] INFO  ozone.MiniOzoneClusterImpl (MiniOzoneClusterImpl.java:lambda$waitForClusterToBeReady$0(225)) - Waiting for cluster to exit safe mode
2023-04-18 19:34:49,285 [Listener at 127.0.0.1/45463] INFO  ozone.MiniOzoneClusterImpl (MiniOzoneClusterImpl.java:lambda$waitForClusterToBeReady$0(227)) - SCM became leader
2023-04-18 19:34:50,285 [Listener at 127.0.0.1/45463] INFO  ozone.MiniOzoneClusterImpl (MiniOzoneClusterImpl.java:lambda$waitForClusterToBeReady$0(222)) - Nodes are ready. Got 3 of 3 DN Heartbeats.
2023-04-18 19:34:50,286 [Listener at 127.0.0.1/45463] INFO  ozone.MiniOzoneClusterImpl (MiniOzoneClusterImpl.java:lambda$waitForClusterToBeReady$0(225)) - Waiting for cluster to exit safe mode
2023-04-18 19:34:50,286 [Listener at 127.0.0.1/45463] INFO  ozone.MiniOzoneClusterImpl (MiniOzoneClusterImpl.java:lambda$waitForClusterToBeReady$0(227)) - SCM became leader
2023-04-18 19:34:51,286 [Listener at 127.0.0.1/45463] INFO  ozone.MiniOzoneClusterImpl (MiniOzoneClusterImpl.java:lambda$waitForClusterToBeReady$0(222)) - Nodes are ready. Got 3 of 3 DN Heartbeats.
2023-04-18 19:34:51,286 [Listener at 127.0.0.1/45463] INFO  ozone.MiniOzoneClusterImpl (MiniOzoneClusterImpl.java:lambda$waitForClusterToBeReady$0(225)) - Waiting for cluster to exit safe mode
2023-04-18 19:34:51,286 [Listener at 127.0.0.1/45463] INFO  ozone.MiniOzoneClusterImpl (MiniOzoneClusterImpl.java:lambda$waitForClusterToBeReady$0(227)) - SCM became leader
2023-04-18 19:34:51,310 [b1c57afc-121c-455c-bc43-4ffbee8e4677@group-BC2F1AEE5201-FollowerState] INFO  impl.FollowerState (FollowerState.java:run(143)) - b1c57afc-121c-455c-bc43-4ffbee8e4677@group-BC2F1AEE5201-FollowerState: change to CANDIDATE, lastRpcElapsedTime:5015761892ns, electionTimeout:5015ms
2023-04-18 19:34:51,310 [b1c57afc-121c-455c-bc43-4ffbee8e4677@group-BC2F1AEE5201-FollowerState] INFO  impl.RoleInfo (RoleInfo.java:shutdownFollowerState(110)) - b1c57afc-121c-455c-bc43-4ffbee8e4677: shutdown b1c57afc-121c-455c-bc43-4ffbee8e4677@group-BC2F1AEE5201-FollowerState
2023-04-18 19:34:51,310 [b1c57afc-121c-455c-bc43-4ffbee8e4677@group-BC2F1AEE5201-FollowerState] INFO  server.RaftServer$Division (RaftServerImpl.java:setRole(321)) - b1c57afc-121c-455c-bc43-4ffbee8e4677@group-BC2F1AEE5201: changes role from  FOLLOWER to CANDIDATE at term 0 for changeToCandidate
2023-04-18 19:34:51,311 [b1c57afc-121c-455c-bc43-4ffbee8e4677@group-BC2F1AEE5201-FollowerState] INFO  server.RaftServerConfigKeys (ConfUtils.java:logGet(46)) - raft.server.leaderelection.pre-vote = true (default)
2023-04-18 19:34:51,311 [b1c57afc-121c-455c-bc43-4ffbee8e4677@group-BC2F1AEE5201-FollowerState] INFO  impl.RoleInfo (RoleInfo.java:updateAndGet(139)) - b1c57afc-121c-455c-bc43-4ffbee8e4677: start b1c57afc-121c-455c-bc43-4ffbee8e4677@group-BC2F1AEE5201-LeaderElection2
2023-04-18 19:34:51,317 [b1c57afc-121c-455c-bc43-4ffbee8e4677@group-BC2F1AEE5201-LeaderElection2] INFO  impl.LeaderElection (LeaderElection.java:askForVotes(312)) - b1c57afc-121c-455c-bc43-4ffbee8e4677@group-BC2F1AEE5201-LeaderElection2 PRE_VOTE round 0: submit vote requests at term 0 for -1: peers:[b1c57afc-121c-455c-bc43-4ffbee8e4677|rpc:10.1.0.22:43873|dataStream:10.1.0.22:37825|priority:1|startupRole:FOLLOWER]|listeners:[], old=null
2023-04-18 19:34:51,317 [b1c57afc-121c-455c-bc43-4ffbee8e4677@group-BC2F1AEE5201-LeaderElection2] INFO  impl.LeaderElection (LeaderElection.java:askForVotes(314)) - b1c57afc-121c-455c-bc43-4ffbee8e4677@group-BC2F1AEE5201-LeaderElection2 PRE_VOTE round 0: result PASSED (term=0)
2023-04-18 19:34:51,318 [b1c57afc-121c-455c-bc43-4ffbee8e4677@group-BC2F1AEE5201-LeaderElection2] INFO  impl.LeaderElection (LeaderElection.java:askForVotes(312)) - b1c57afc-121c-455c-bc43-4ffbee8e4677@group-BC2F1AEE5201-LeaderElection2 ELECTION round 0: submit vote requests at term 1 for -1: peers:[b1c57afc-121c-455c-bc43-4ffbee8e4677|rpc:10.1.0.22:43873|dataStream:10.1.0.22:37825|priority:1|startupRole:FOLLOWER]|listeners:[], old=null
2023-04-18 19:34:51,318 [b1c57afc-121c-455c-bc43-4ffbee8e4677@group-BC2F1AEE5201-LeaderElection2] INFO  impl.LeaderElection (LeaderElection.java:askForVotes(314)) - b1c57afc-121c-455c-bc43-4ffbee8e4677@group-BC2F1AEE5201-LeaderElection2 ELECTION round 0: result PASSED (term=1)
2023-04-18 19:34:51,318 [b1c57afc-121c-455c-bc43-4ffbee8e4677@group-BC2F1AEE5201-LeaderElection2] INFO  impl.RoleInfo (RoleInfo.java:shutdownLeaderElection(130)) - b1c57afc-121c-455c-bc43-4ffbee8e4677: shutdown b1c57afc-121c-455c-bc43-4ffbee8e4677@group-BC2F1AEE5201-LeaderElection2
2023-04-18 19:34:51,318 [b1c57afc-121c-455c-bc43-4ffbee8e4677@group-BC2F1AEE5201-LeaderElection2] INFO  server.RaftServer$Division (RaftServerImpl.java:setRole(321)) - b1c57afc-121c-455c-bc43-4ffbee8e4677@group-BC2F1AEE5201: changes role from CANDIDATE to LEADER at term 1 for changeToLeader
2023-04-18 19:34:51,318 [b1c57afc-121c-455c-bc43-4ffbee8e4677@group-BC2F1AEE5201-LeaderElection2] INFO  ratis.XceiverServerRatis (XceiverServerRatis.java:handleLeaderChangedNotification(904)) - Leader change notification received for group: group-BC2F1AEE5201 with new leaderId: b1c57afc-121c-455c-bc43-4ffbee8e4677
2023-04-18 19:34:51,320 [b1c57afc-121c-455c-bc43-4ffbee8e4677@group-BC2F1AEE5201-LeaderElection2] INFO  server.RaftServer$Division (ServerState.java:setLeader(313)) - b1c57afc-121c-455c-bc43-4ffbee8e4677@group-BC2F1AEE5201: change Leader from null to b1c57afc-121c-455c-bc43-4ffbee8e4677 at term 1 for becomeLeader, leader elected after 5064ms
2023-04-18 19:34:51,320 [b1c57afc-121c-455c-bc43-4ffbee8e4677@group-BC2F1AEE5201-LeaderElection2] INFO  server.RaftServerConfigKeys (ConfUtils.java:logGet(46)) - raft.server.staging.catchup.gap = 1000 (default)
2023-04-18 19:34:51,320 [b1c57afc-121c-455c-bc43-4ffbee8e4677@group-BC2F1AEE5201-LeaderElection2] INFO  server.RaftServerConfigKeys (ConfUtils.java:logGet(46)) - raft.server.write.element-limit = 1024 (custom)
2023-04-18 19:34:51,320 [b1c57afc-121c-455c-bc43-4ffbee8e4677@group-BC2F1AEE5201-LeaderElection2] INFO  server.RaftServerConfigKeys (ConfUtils.java:logGet(46)) - raft.server.write.byte-limit = 1024 M (=1073741824) (custom)
2023-04-18 19:34:51,320 [b1c57afc-121c-455c-bc43-4ffbee8e4677@group-BC2F1AEE5201-LeaderElection2] INFO  server.RaftServerConfigKeys (ConfUtils.java:logGet(46)) - raft.server.watch.timeout = 180s (custom)
2023-04-18 19:34:51,320 [b1c57afc-121c-455c-bc43-4ffbee8e4677@group-BC2F1AEE5201-LeaderElection2] INFO  server.RaftServerConfigKeys (ConfUtils.java:logGet(46)) - raft.server.watch.timeout.denomination = 1s (default)
2023-04-18 19:34:51,320 [b1c57afc-121c-455c-bc43-4ffbee8e4677@group-BC2F1AEE5201-LeaderElection2] INFO  server.RaftServerConfigKeys (ConfUtils.java:logGet(46)) - raft.server.watch.element-limit = 65536 (default)
2023-04-18 19:34:51,320 [b1c57afc-121c-455c-bc43-4ffbee8e4677@group-BC2F1AEE5201-LeaderElection2] INFO  server.RaftServerConfigKeys (ConfUtils.java:logGet(46)) - raft.server.write.element-limit = 1024 (custom)
2023-04-18 19:34:51,320 [b1c57afc-121c-455c-bc43-4ffbee8e4677@group-BC2F1AEE5201-LeaderElection2] INFO  server.RaftServerConfigKeys (ConfUtils.java:logGet(46)) - raft.server.write.follower.gap.ratio.max = -1.0 (default)
2023-04-18 19:34:51,324 [b1c57afc-121c-455c-bc43-4ffbee8e4677@group-BC2F1AEE5201-LeaderElection2] INFO  impl.RoleInfo (RoleInfo.java:updateAndGet(139)) - b1c57afc-121c-455c-bc43-4ffbee8e4677: start b1c57afc-121c-455c-bc43-4ffbee8e4677@group-BC2F1AEE5201-LeaderStateImpl
2023-04-18 19:34:51,325 [EventQueue-OpenPipelineForHealthyPipelineSafeModeRule] INFO  safemode.SCMSafeModeManager (HealthyPipelineSafeModeRule.java:process(137)) - SCM in safe mode. Healthy pipelines reported count is 0, required healthy pipeline reported count is 1
2023-04-18 19:34:51,336 [b1c57afc-121c-455c-bc43-4ffbee8e4677@group-BC2F1AEE5201-LeaderElection2] INFO  segmented.SegmentedRaftLogWorker (SegmentedRaftLogWorker.java:startLogSegment(452)) - b1c57afc-121c-455c-bc43-4ffbee8e4677@group-BC2F1AEE5201-SegmentedRaftLogWorker: Starting segment from index:0
2023-04-18 19:34:51,337 [b1c57afc-121c-455c-bc43-4ffbee8e4677@group-BC2F1AEE5201-SegmentedRaftLogWorker] INFO  segmented.SegmentedRaftLogWorker (SegmentedRaftLogWorker.java:execute(656)) - b1c57afc-121c-455c-bc43-4ffbee8e4677@group-BC2F1AEE5201-SegmentedRaftLogWorker: created new log segment /home/runner/work/ozone/ozone/hadoop-ozone/integration-test/target/test-dir/MiniOzoneClusterImpl-184ce46c-7709-4843-8010-c45aadaa38f8/datanode-0/data/ratis/5f05a560-9d70-4653-a6a2-bc2f1aee5201/current/log_inprogress_0
2023-04-18 19:34:51,337 [b1c57afc-121c-455c-bc43-4ffbee8e4677@group-BC2F1AEE5201-LeaderElection2] INFO  server.RaftServer$Division (ServerState.java:setRaftConf(430)) - b1c57afc-121c-455c-bc43-4ffbee8e4677@group-BC2F1AEE5201: set configuration 0: peers:[b1c57afc-121c-455c-bc43-4ffbee8e4677|rpc:10.1.0.22:43873|dataStream:10.1.0.22:37825|priority:1|startupRole:FOLLOWER]|listeners:[], old=null
2023-04-18 19:34:51,424 [b1c57afc-121c-455c-bc43-4ffbee8e4677@group-B6DDDC8024D4-FollowerState] INFO  impl.FollowerState (FollowerState.java:run(143)) - b1c57afc-121c-455c-bc43-4ffbee8e4677@group-B6DDDC8024D4-FollowerState: change to CANDIDATE, lastRpcElapsedTime:5092187148ns, electionTimeout:5091ms
2023-04-18 19:34:51,425 [b1c57afc-121c-455c-bc43-4ffbee8e4677@group-B6DDDC8024D4-FollowerState] INFO  impl.RoleInfo (RoleInfo.java:shutdownFollowerState(110)) - b1c57afc-121c-455c-bc43-4ffbee8e4677: shutdown b1c57afc-121c-455c-bc43-4ffbee8e4677@group-B6DDDC8024D4-FollowerState
2023-04-18 19:34:51,425 [b1c57afc-121c-455c-bc43-4ffbee8e4677@group-B6DDDC8024D4-FollowerState] INFO  server.RaftServer$Division (RaftServerImpl.java:setRole(321)) - b1c57afc-121c-455c-bc43-4ffbee8e4677@group-B6DDDC8024D4: changes role from  FOLLOWER to CANDIDATE at term 0 for changeToCandidate
2023-04-18 19:34:51,426 [b1c57afc-121c-455c-bc43-4ffbee8e4677@group-B6DDDC8024D4-FollowerState] INFO  server.RaftServerConfigKeys (ConfUtils.java:logGet(46)) - raft.server.leaderelection.pre-vote = true (default)
2023-04-18 19:34:51,426 [b1c57afc-121c-455c-bc43-4ffbee8e4677@group-B6DDDC8024D4-FollowerState] INFO  impl.RoleInfo (RoleInfo.java:updateAndGet(139)) - b1c57afc-121c-455c-bc43-4ffbee8e4677: start b1c57afc-121c-455c-bc43-4ffbee8e4677@group-B6DDDC8024D4-LeaderElection3
2023-04-18 19:34:51,432 [b1c57afc-121c-455c-bc43-4ffbee8e4677@group-B6DDDC8024D4-LeaderElection3] INFO  impl.LeaderElection (LeaderElection.java:askForVotes(312)) - b1c57afc-121c-455c-bc43-4ffbee8e4677@group-B6DDDC8024D4-LeaderElection3 PRE_VOTE round 0: submit vote requests at term 0 for -1: peers:[b1c57afc-121c-455c-bc43-4ffbee8e4677|rpc:10.1.0.22:43873|dataStream:10.1.0.22:37825|priority:0|startupRole:FOLLOWER, 4bcfc98d-1351-440f-af15-56158ce83d77|rpc:10.1.0.22:40839|dataStream:10.1.0.22:39131|priority:1|startupRole:FOLLOWER, 21b868c3-9969-4e13-ad52-9b0ac48fd138|rpc:10.1.0.22:42571|dataStream:10.1.0.22:34509|priority:0|startupRole:FOLLOWER]|listeners:[], old=null
2023-04-18 19:34:51,437 [b1c57afc-121c-455c-bc43-4ffbee8e4677@group-B6DDDC8024D4-LeaderElection3] INFO  server.RaftServerConfigKeys (ConfUtils.java:logFallback(53)) - raft.server.rpc.first-election.timeout.min = 5s (fallback to raft.server.rpc.timeout.min)
2023-04-18 19:34:51,437 [b1c57afc-121c-455c-bc43-4ffbee8e4677@group-B6DDDC8024D4-LeaderElection3] INFO  server.RaftServerConfigKeys (ConfUtils.java:logFallback(53)) - raft.server.rpc.first-election.timeout.max = 5200ms (fallback to raft.server.rpc.timeout.max)
2023-04-18 19:34:51,438 [b1c57afc-121c-455c-bc43-4ffbee8e4677@group-B6DDDC8024D4-LeaderElection3-1] INFO  server.GrpcServerProtocolClient (GrpcServerProtocolClient.java:<init>(63)) - Build channel for 4bcfc98d-1351-440f-af15-56158ce83d77
2023-04-18 19:34:51,444 [b1c57afc-121c-455c-bc43-4ffbee8e4677@group-B6DDDC8024D4-LeaderElection3-2] INFO  server.GrpcServerProtocolClient (GrpcServerProtocolClient.java:<init>(63)) - Build channel for 21b868c3-9969-4e13-ad52-9b0ac48fd138
2023-04-18 19:34:51,465 [grpc-default-executor-1] INFO  server.RaftServer$Division (RaftServerImpl.java:requestVote(1218)) - 4bcfc98d-1351-440f-af15-56158ce83d77@group-B6DDDC8024D4: receive requestVote(PRE_VOTE, b1c57afc-121c-455c-bc43-4ffbee8e4677, group-B6DDDC8024D4, 0, (t:0, i:0))
2023-04-18 19:34:51,467 [grpc-default-executor-1] INFO  impl.VoteContext (VoteContext.java:log(49)) - 4bcfc98d-1351-440f-af15-56158ce83d77@group-B6DDDC8024D4-FOLLOWER: reject PRE_VOTE from b1c57afc-121c-455c-bc43-4ffbee8e4677: our priority 1 > candidate's priority 0
2023-04-18 19:34:51,469 [grpc-default-executor-1] INFO  server.RaftServer$Division (RaftServerImpl.java:requestVote(1251)) - 4bcfc98d-1351-440f-af15-56158ce83d77@group-B6DDDC8024D4 replies to PRE_VOTE vote request: b1c57afc-121c-455c-bc43-4ffbee8e4677<-4bcfc98d-1351-440f-af15-56158ce83d77#0:FAIL-t0. Peer's state: 4bcfc98d-1351-440f-af15-56158ce83d77@group-B6DDDC8024D4:t0, leader=null, voted=, raftlog=Memoized:4bcfc98d-1351-440f-af15-56158ce83d77@group-B6DDDC8024D4-SegmentedRaftLog:OPENED:c-1, conf=-1: peers:[b1c57afc-121c-455c-bc43-4ffbee8e4677|rpc:10.1.0.22:43873|dataStream:10.1.0.22:37825|priority:0|startupRole:FOLLOWER, 4bcfc98d-1351-440f-af15-56158ce83d77|rpc:10.1.0.22:40839|dataStream:10.1.0.22:39131|priority:1|startupRole:FOLLOWER, 21b868c3-9969-4e13-ad52-9b0ac48fd138|rpc:10.1.0.22:42571|dataStream:10.1.0.22:34509|priority:0|startupRole:FOLLOWER]|listeners:[], old=null
2023-04-18 19:34:51,472 [b1c57afc-121c-455c-bc43-4ffbee8e4677@group-B6DDDC8024D4-LeaderElection3] INFO  impl.LeaderElection (LeaderElection.java:logAndReturn(90)) - b1c57afc-121c-455c-bc43-4ffbee8e4677@group-B6DDDC8024D4-LeaderElection3: PRE_VOTE REJECTED received 1 response(s) and 0 exception(s):
2023-04-18 19:34:51,472 [b1c57afc-121c-455c-bc43-4ffbee8e4677@group-B6DDDC8024D4-LeaderElection3] INFO  impl.LeaderElection (LeaderElection.java:logAndReturn(94)) -   Response 0: b1c57afc-121c-455c-bc43-4ffbee8e4677<-4bcfc98d-1351-440f-af15-56158ce83d77#0:FAIL-t0
2023-04-18 19:34:51,472 [b1c57afc-121c-455c-bc43-4ffbee8e4677@group-B6DDDC8024D4-LeaderElection3] INFO  impl.LeaderElection (LeaderElection.java:askForVotes(314)) - b1c57afc-121c-455c-bc43-4ffbee8e4677@group-B6DDDC8024D4-LeaderElection3 PRE_VOTE round 0: result REJECTED
2023-04-18 19:34:51,472 [b1c57afc-121c-455c-bc43-4ffbee8e4677@group-B6DDDC8024D4-LeaderElection3] INFO  server.RaftServer$Division (RaftServerImpl.java:setRole(321)) - b1c57afc-121c-455c-bc43-4ffbee8e4677@group-B6DDDC8024D4: changes role from CANDIDATE to FOLLOWER at term 0 for REJECTED
2023-04-18 19:34:51,472 [b1c57afc-121c-455c-bc43-4ffbee8e4677@group-B6DDDC8024D4-LeaderElection3] INFO  impl.RoleInfo (RoleInfo.java:shutdownLeaderElection(130)) - b1c57afc-121c-455c-bc43-4ffbee8e4677: shutdown b1c57afc-121c-455c-bc43-4ffbee8e4677@group-B6DDDC8024D4-LeaderElection3
2023-04-18 19:34:51,472 [b1c57afc-121c-455c-bc43-4ffbee8e4677@group-B6DDDC8024D4-LeaderElection3] INFO  impl.RoleInfo (RoleInfo.java:updateAndGet(139)) - b1c57afc-121c-455c-bc43-4ffbee8e4677: start b1c57afc-121c-455c-bc43-4ffbee8e4677@group-B6DDDC8024D4-FollowerState
2023-04-18 19:34:51,473 [b1c57afc-121c-455c-bc43-4ffbee8e4677@group-B6DDDC8024D4-FollowerState] INFO  server.RaftServerConfigKeys (ConfUtils.java:logFallback(53)) - raft.server.rpc.first-election.timeout.min = 5s (fallback to raft.server.rpc.timeout.min)
2023-04-18 19:34:51,474 [b1c57afc-121c-455c-bc43-4ffbee8e4677@group-B6DDDC8024D4-FollowerState] INFO  server.RaftServerConfigKeys (ConfUtils.java:logFallback(53)) - raft.server.rpc.first-election.timeout.max = 5200ms (fallback to raft.server.rpc.timeout.max)
2023-04-18 19:34:51,476 [grpc-default-executor-1] INFO  server.RaftServer$Division (RaftServerImpl.java:requestVote(1218)) - 21b868c3-9969-4e13-ad52-9b0ac48fd138@group-B6DDDC8024D4: receive requestVote(PRE_VOTE, b1c57afc-121c-455c-bc43-4ffbee8e4677, group-B6DDDC8024D4, 0, (t:0, i:0))
2023-04-18 19:34:51,476 [grpc-default-executor-1] INFO  impl.VoteContext (VoteContext.java:log(49)) - 21b868c3-9969-4e13-ad52-9b0ac48fd138@group-B6DDDC8024D4-FOLLOWER: accept PRE_VOTE from b1c57afc-121c-455c-bc43-4ffbee8e4677: our priority 0 <= candidate's priority 0
2023-04-18 19:34:51,477 [grpc-default-executor-1] INFO  server.RaftServer$Division (RaftServerImpl.java:requestVote(1251)) - 21b868c3-9969-4e13-ad52-9b0ac48fd138@group-B6DDDC8024D4 replies to PRE_VOTE vote request: b1c57afc-121c-455c-bc43-4ffbee8e4677<-21b868c3-9969-4e13-ad52-9b0ac48fd138#0:OK-t0. Peer's state: 21b868c3-9969-4e13-ad52-9b0ac48fd138@group-B6DDDC8024D4:t0, leader=null, voted=, raftlog=Memoized:21b868c3-9969-4e13-ad52-9b0ac48fd138@group-B6DDDC8024D4-SegmentedRaftLog:OPENED:c-1, conf=-1: peers:[b1c57afc-121c-455c-bc43-4ffbee8e4677|rpc:10.1.0.22:43873|dataStream:10.1.0.22:37825|priority:0|startupRole:FOLLOWER, 4bcfc98d-1351-440f-af15-56158ce83d77|rpc:10.1.0.22:40839|dataStream:10.1.0.22:39131|priority:1|startupRole:FOLLOWER, 21b868c3-9969-4e13-ad52-9b0ac48fd138|rpc:10.1.0.22:42571|dataStream:10.1.0.22:34509|priority:0|startupRole:FOLLOWER]|listeners:[], old=null
2023-04-18 19:34:51,809 [21b868c3-9969-4e13-ad52-9b0ac48fd138@group-B6DDDC8024D4-FollowerState] INFO  server.RaftServerConfigKeys (ConfUtils.java:logFallback(53)) - raft.server.rpc.first-election.timeout.min = 5s (fallback to raft.server.rpc.timeout.min)
2023-04-18 19:34:51,809 [21b868c3-9969-4e13-ad52-9b0ac48fd138@group-B6DDDC8024D4-FollowerState] INFO  server.RaftServerConfigKeys (ConfUtils.java:logFallback(53)) - raft.server.rpc.first-election.timeout.max = 5200ms (fallback to raft.server.rpc.timeout.max)
2023-04-18 19:34:51,887 [4bcfc98d-1351-440f-af15-56158ce83d77@group-B6DDDC8024D4-FollowerState] INFO  impl.FollowerState (FollowerState.java:run(143)) - 4bcfc98d-1351-440f-af15-56158ce83d77@group-B6DDDC8024D4-FollowerState: change to CANDIDATE, lastRpcElapsedTime:5017835170ns, electionTimeout:5006ms
2023-04-18 19:34:51,889 [4bcfc98d-1351-440f-af15-56158ce83d77@group-B6DDDC8024D4-FollowerState] INFO  impl.RoleInfo (RoleInfo.java:shutdownFollowerState(110)) - 4bcfc98d-1351-440f-af15-56158ce83d77: shutdown 4bcfc98d-1351-440f-af15-56158ce83d77@group-B6DDDC8024D4-FollowerState
2023-04-18 19:34:51,890 [4bcfc98d-1351-440f-af15-56158ce83d77@group-B6DDDC8024D4-FollowerState] INFO  server.RaftServer$Division (RaftServerImpl.java:setRole(321)) - 4bcfc98d-1351-440f-af15-56158ce83d77@group-B6DDDC8024D4: changes role from  FOLLOWER to CANDIDATE at term 0 for changeToCandidate
2023-04-18 19:34:51,890 [4bcfc98d-1351-440f-af15-56158ce83d77@group-B6DDDC8024D4-FollowerState] INFO  server.RaftServerConfigKeys (ConfUtils.java:logGet(46)) - raft.server.leaderelection.pre-vote = true (default)
2023-04-18 19:34:51,890 [4bcfc98d-1351-440f-af15-56158ce83d77@group-B6DDDC8024D4-FollowerState] INFO  impl.RoleInfo (RoleInfo.java:updateAndGet(139)) - 4bcfc98d-1351-440f-af15-56158ce83d77: start 4bcfc98d-1351-440f-af15-56158ce83d77@group-B6DDDC8024D4-LeaderElection4
2023-04-18 19:34:51,892 [4bcfc98d-1351-440f-af15-56158ce83d77@group-B6DDDC8024D4-LeaderElection4] INFO  impl.LeaderElection (LeaderElection.java:askForVotes(312)) - 4bcfc98d-1351-440f-af15-56158ce83d77@group-B6DDDC8024D4-LeaderElection4 PRE_VOTE round 0: submit vote requests at term 0 for -1: peers:[b1c57afc-121c-455c-bc43-4ffbee8e4677|rpc:10.1.0.22:43873|dataStream:10.1.0.22:37825|priority:0|startupRole:FOLLOWER, 4bcfc98d-1351-440f-af15-56158ce83d77|rpc:10.1.0.22:40839|dataStream:10.1.0.22:39131|priority:1|startupRole:FOLLOWER, 21b868c3-9969-4e13-ad52-9b0ac48fd138|rpc:10.1.0.22:42571|dataStream:10.1.0.22:34509|priority:0|startupRole:FOLLOWER]|listeners:[], old=null
2023-04-18 19:34:51,893 [4bcfc98d-1351-440f-af15-56158ce83d77@group-B6DDDC8024D4-LeaderElection4] INFO  server.RaftServerConfigKeys (ConfUtils.java:logFallback(53)) - raft.server.rpc.first-election.timeout.min = 5s (fallback to raft.server.rpc.timeout.min)
2023-04-18 19:34:51,893 [4bcfc98d-1351-440f-af15-56158ce83d77@group-B6DDDC8024D4-LeaderElection4] INFO  server.RaftServerConfigKeys (ConfUtils.java:logFallback(53)) - raft.server.rpc.first-election.timeout.max = 5200ms (fallback to raft.server.rpc.timeout.max)
2023-04-18 19:34:51,893 [4bcfc98d-1351-440f-af15-56158ce83d77@group-B6DDDC8024D4-LeaderElection4-1] INFO  server.GrpcServerProtocolClient (GrpcServerProtocolClient.java:<init>(63)) - Build channel for b1c57afc-121c-455c-bc43-4ffbee8e4677
2023-04-18 19:34:51,898 [4bcfc98d-1351-440f-af15-56158ce83d77@group-B6DDDC8024D4-LeaderElection4-2] INFO  server.GrpcServerProtocolClient (GrpcServerProtocolClient.java:<init>(63)) - Build channel for 21b868c3-9969-4e13-ad52-9b0ac48fd138
2023-04-18 19:34:51,912 [grpc-default-executor-1] INFO  server.RaftServer$Division (RaftServerImpl.java:requestVote(1218)) - 21b868c3-9969-4e13-ad52-9b0ac48fd138@group-B6DDDC8024D4: receive requestVote(PRE_VOTE, 4bcfc98d-1351-440f-af15-56158ce83d77, group-B6DDDC8024D4, 0, (t:0, i:0))
2023-04-18 19:34:51,912 [grpc-default-executor-1] INFO  impl.VoteContext (VoteContext.java:log(49)) - 21b868c3-9969-4e13-ad52-9b0ac48fd138@group-B6DDDC8024D4-FOLLOWER: accept PRE_VOTE from 4bcfc98d-1351-440f-af15-56158ce83d77: our priority 0 <= candidate's priority 1
2023-04-18 19:34:51,913 [grpc-default-executor-1] INFO  server.RaftServer$Division (RaftServerImpl.java:requestVote(1251)) - 21b868c3-9969-4e13-ad52-9b0ac48fd138@group-B6DDDC8024D4 replies to PRE_VOTE vote request: 4bcfc98d-1351-440f-af15-56158ce83d77<-21b868c3-9969-4e13-ad52-9b0ac48fd138#0:OK-t0. Peer's state: 21b868c3-9969-4e13-ad52-9b0ac48fd138@group-B6DDDC8024D4:t0, leader=null, voted=, raftlog=Memoized:21b868c3-9969-4e13-ad52-9b0ac48fd138@group-B6DDDC8024D4-SegmentedRaftLog:OPENED:c-1, conf=-1: peers:[b1c57afc-121c-455c-bc43-4ffbee8e4677|rpc:10.1.0.22:43873|dataStream:10.1.0.22:37825|priority:0|startupRole:FOLLOWER, 4bcfc98d-1351-440f-af15-56158ce83d77|rpc:10.1.0.22:40839|dataStream:10.1.0.22:39131|priority:1|startupRole:FOLLOWER, 21b868c3-9969-4e13-ad52-9b0ac48fd138|rpc:10.1.0.22:42571|dataStream:10.1.0.22:34509|priority:0|startupRole:FOLLOWER]|listeners:[], old=null
2023-04-18 19:34:51,916 [grpc-default-executor-1] INFO  server.RaftServer$Division (RaftServerImpl.java:requestVote(1218)) - b1c57afc-121c-455c-bc43-4ffbee8e4677@group-B6DDDC8024D4: receive requestVote(PRE_VOTE, 4bcfc98d-1351-440f-af15-56158ce83d77, group-B6DDDC8024D4, 0, (t:0, i:0))
2023-04-18 19:34:51,916 [grpc-default-executor-1] INFO  impl.VoteContext (VoteContext.java:log(49)) - b1c57afc-121c-455c-bc43-4ffbee8e4677@group-B6DDDC8024D4-FOLLOWER: accept PRE_VOTE from 4bcfc98d-1351-440f-af15-56158ce83d77: our priority 0 <= candidate's priority 1
2023-04-18 19:34:51,916 [grpc-default-executor-1] INFO  server.RaftServer$Division (RaftServerImpl.java:requestVote(1251)) - b1c57afc-121c-455c-bc43-4ffbee8e4677@group-B6DDDC8024D4 replies to PRE_VOTE vote request: 4bcfc98d-1351-440f-af15-56158ce83d77<-b1c57afc-121c-455c-bc43-4ffbee8e4677#0:OK-t0. Peer's state: b1c57afc-121c-455c-bc43-4ffbee8e4677@group-B6DDDC8024D4:t0, leader=null, voted=, raftlog=Memoized:b1c57afc-121c-455c-bc43-4ffbee8e4677@group-B6DDDC8024D4-SegmentedRaftLog:OPENED:c-1, conf=-1: peers:[b1c57afc-121c-455c-bc43-4ffbee8e4677|rpc:10.1.0.22:43873|dataStream:10.1.0.22:37825|priority:0|startupRole:FOLLOWER, 4bcfc98d-1351-440f-af15-56158ce83d77|rpc:10.1.0.22:40839|dataStream:10.1.0.22:39131|priority:1|startupRole:FOLLOWER, 21b868c3-9969-4e13-ad52-9b0ac48fd138|rpc:10.1.0.22:42571|dataStream:10.1.0.22:34509|priority:0|startupRole:FOLLOWER]|listeners:[], old=null
2023-04-18 19:34:51,917 [4bcfc98d-1351-440f-af15-56158ce83d77@group-B6DDDC8024D4-LeaderElection4] INFO  impl.LeaderElection (LeaderElection.java:logAndReturn(90)) - 4bcfc98d-1351-440f-af15-56158ce83d77@group-B6DDDC8024D4-LeaderElection4: PRE_VOTE PASSED received 1 response(s) and 0 exception(s):
2023-04-18 19:34:51,918 [4bcfc98d-1351-440f-af15-56158ce83d77@group-B6DDDC8024D4-LeaderElection4] INFO  impl.LeaderElection (LeaderElection.java:logAndReturn(94)) -   Response 0: 4bcfc98d-1351-440f-af15-56158ce83d77<-21b868c3-9969-4e13-ad52-9b0ac48fd138#0:OK-t0
2023-04-18 19:34:51,918 [4bcfc98d-1351-440f-af15-56158ce83d77@group-B6DDDC8024D4-LeaderElection4] INFO  impl.LeaderElection (LeaderElection.java:askForVotes(314)) - 4bcfc98d-1351-440f-af15-56158ce83d77@group-B6DDDC8024D4-LeaderElection4 PRE_VOTE round 0: result PASSED
2023-04-18 19:34:51,920 [4bcfc98d-1351-440f-af15-56158ce83d77@group-B6DDDC8024D4-LeaderElection4] INFO  impl.LeaderElection (LeaderElection.java:askForVotes(312)) - 4bcfc98d-1351-440f-af15-56158ce83d77@group-B6DDDC8024D4-LeaderElection4 ELECTION round 0: submit vote requests at term 1 for -1: peers:[b1c57afc-121c-455c-bc43-4ffbee8e4677|rpc:10.1.0.22:43873|dataStream:10.1.0.22:37825|priority:0|startupRole:FOLLOWER, 4bcfc98d-1351-440f-af15-56158ce83d77|rpc:10.1.0.22:40839|dataStream:10.1.0.22:39131|priority:1|startupRole:FOLLOWER, 21b868c3-9969-4e13-ad52-9b0ac48fd138|rpc:10.1.0.22:42571|dataStream:10.1.0.22:34509|priority:0|startupRole:FOLLOWER]|listeners:[], old=null
2023-04-18 19:34:51,920 [4bcfc98d-1351-440f-af15-56158ce83d77@group-B6DDDC8024D4-LeaderElection4] INFO  server.RaftServerConfigKeys (ConfUtils.java:logFallback(53)) - raft.server.rpc.first-election.timeout.min = 5s (fallback to raft.server.rpc.timeout.min)
2023-04-18 19:34:51,920 [4bcfc98d-1351-440f-af15-56158ce83d77@group-B6DDDC8024D4-LeaderElection4] INFO  server.RaftServerConfigKeys (ConfUtils.java:logFallback(53)) - raft.server.rpc.first-election.timeout.max = 5200ms (fallback to raft.server.rpc.timeout.max)
2023-04-18 19:34:51,925 [grpc-default-executor-1] INFO  server.RaftServer$Division (RaftServerImpl.java:requestVote(1218)) - 21b868c3-9969-4e13-ad52-9b0ac48fd138@group-B6DDDC8024D4: receive requestVote(ELECTION, 4bcfc98d-1351-440f-af15-56158ce83d77, group-B6DDDC8024D4, 1, (t:0, i:0))
2023-04-18 19:34:51,926 [grpc-default-executor-1] INFO  impl.VoteContext (VoteContext.java:log(49)) - 21b868c3-9969-4e13-ad52-9b0ac48fd138@group-B6DDDC8024D4-FOLLOWER: accept ELECTION from 4bcfc98d-1351-440f-af15-56158ce83d77: our priority 0 <= candidate's priority 1
2023-04-18 19:34:51,926 [grpc-default-executor-1] INFO  server.RaftServer$Division (RaftServerImpl.java:setRole(321)) - 21b868c3-9969-4e13-ad52-9b0ac48fd138@group-B6DDDC8024D4: changes role from  FOLLOWER to FOLLOWER at term 1 for candidate:4bcfc98d-1351-440f-af15-56158ce83d77
2023-04-18 19:34:51,926 [grpc-default-executor-1] INFO  impl.RoleInfo (RoleInfo.java:shutdownFollowerState(110)) - 21b868c3-9969-4e13-ad52-9b0ac48fd138: shutdown 21b868c3-9969-4e13-ad52-9b0ac48fd138@group-B6DDDC8024D4-FollowerState
2023-04-18 19:34:51,926 [21b868c3-9969-4e13-ad52-9b0ac48fd138@group-B6DDDC8024D4-FollowerState] INFO  impl.FollowerState (FollowerState.java:run(152)) - 21b868c3-9969-4e13-ad52-9b0ac48fd138@group-B6DDDC8024D4-FollowerState was interrupted
2023-04-18 19:34:51,928 [grpc-default-executor-1] INFO  impl.RoleInfo (RoleInfo.java:updateAndGet(139)) - 21b868c3-9969-4e13-ad52-9b0ac48fd138: start 21b868c3-9969-4e13-ad52-9b0ac48fd138@group-B6DDDC8024D4-FollowerState
2023-04-18 19:34:51,931 [grpc-default-executor-1] INFO  server.RaftServer$Division (RaftServerImpl.java:requestVote(1251)) - 21b868c3-9969-4e13-ad52-9b0ac48fd138@group-B6DDDC8024D4 replies to ELECTION vote request: 4bcfc98d-1351-440f-af15-56158ce83d77<-21b868c3-9969-4e13-ad52-9b0ac48fd138#0:OK-t1. Peer's state: 21b868c3-9969-4e13-ad52-9b0ac48fd138@group-B6DDDC8024D4:t1, leader=null, voted=4bcfc98d-1351-440f-af15-56158ce83d77, raftlog=Memoized:21b868c3-9969-4e13-ad52-9b0ac48fd138@group-B6DDDC8024D4-SegmentedRaftLog:OPENED:c-1, conf=-1: peers:[b1c57afc-121c-455c-bc43-4ffbee8e4677|rpc:10.1.0.22:43873|dataStream:10.1.0.22:37825|priority:0|startupRole:FOLLOWER, 4bcfc98d-1351-440f-af15-56158ce83d77|rpc:10.1.0.22:40839|dataStream:10.1.0.22:39131|priority:1|startupRole:FOLLOWER, 21b868c3-9969-4e13-ad52-9b0ac48fd138|rpc:10.1.0.22:42571|dataStream:10.1.0.22:34509|priority:0|startupRole:FOLLOWER]|listeners:[], old=null
2023-04-18 19:34:51,932 [4bcfc98d-1351-440f-af15-56158ce83d77@group-B6DDDC8024D4-LeaderElection4] INFO  impl.LeaderElection (LeaderElection.java:logAndReturn(90)) - 4bcfc98d-1351-440f-af15-56158ce83d77@group-B6DDDC8024D4-LeaderElection4: ELECTION PASSED received 1 response(s) and 0 exception(s):
2023-04-18 19:34:51,933 [4bcfc98d-1351-440f-af15-56158ce83d77@group-B6DDDC8024D4-LeaderElection4] INFO  impl.LeaderElection (LeaderElection.java:logAndReturn(94)) -   Response 0: 4bcfc98d-1351-440f-af15-56158ce83d77<-21b868c3-9969-4e13-ad52-9b0ac48fd138#0:OK-t1
2023-04-18 19:34:51,933 [4bcfc98d-1351-440f-af15-56158ce83d77@group-B6DDDC8024D4-LeaderElection4] INFO  impl.LeaderElection (LeaderElection.java:askForVotes(314)) - 4bcfc98d-1351-440f-af15-56158ce83d77@group-B6DDDC8024D4-LeaderElection4 ELECTION round 0: result PASSED
2023-04-18 19:34:51,933 [4bcfc98d-1351-440f-af15-56158ce83d77@group-B6DDDC8024D4-LeaderElection4] INFO  impl.RoleInfo (RoleInfo.java:shutdownLeaderElection(130)) - 4bcfc98d-1351-440f-af15-56158ce83d77: shutdown 4bcfc98d-1351-440f-af15-56158ce83d77@group-B6DDDC8024D4-LeaderElection4
2023-04-18 19:34:51,933 [4bcfc98d-1351-440f-af15-56158ce83d77@group-B6DDDC8024D4-LeaderElection4] INFO  server.RaftServer$Division (RaftServerImpl.java:setRole(321)) - 4bcfc98d-1351-440f-af15-56158ce83d77@group-B6DDDC8024D4: changes role from CANDIDATE to LEADER at term 1 for changeToLeader
2023-04-18 19:34:51,933 [grpc-default-executor-0] INFO  server.RaftServer$Division (RaftServerImpl.java:requestVote(1218)) - b1c57afc-121c-455c-bc43-4ffbee8e4677@group-B6DDDC8024D4: receive requestVote(ELECTION, 4bcfc98d-1351-440f-af15-56158ce83d77, group-B6DDDC8024D4, 1, (t:0, i:0))
2023-04-18 19:34:51,933 [grpc-default-executor-0] INFO  impl.VoteContext (VoteContext.java:log(49)) - b1c57afc-121c-455c-bc43-4ffbee8e4677@group-B6DDDC8024D4-FOLLOWER: accept ELECTION from 4bcfc98d-1351-440f-af15-56158ce83d77: our priority 0 <= candidate's priority 1
2023-04-18 19:34:51,935 [grpc-default-executor-0] INFO  server.RaftServer$Division (RaftServerImpl.java:setRole(321)) - b1c57afc-121c-455c-bc43-4ffbee8e4677@group-B6DDDC8024D4: changes role from  FOLLOWER to FOLLOWER at term 1 for candidate:4bcfc98d-1351-440f-af15-56158ce83d77
2023-04-18 19:34:51,935 [grpc-default-executor-0] INFO  impl.RoleInfo (RoleInfo.java:shutdownFollowerState(110)) - b1c57afc-121c-455c-bc43-4ffbee8e4677: shutdown b1c57afc-121c-455c-bc43-4ffbee8e4677@group-B6DDDC8024D4-FollowerState
2023-04-18 19:34:51,935 [grpc-default-executor-0] INFO  impl.RoleInfo (RoleInfo.java:updateAndGet(139)) - b1c57afc-121c-455c-bc43-4ffbee8e4677: start b1c57afc-121c-455c-bc43-4ffbee8e4677@group-B6DDDC8024D4-FollowerState
2023-04-18 19:34:51,935 [b1c57afc-121c-455c-bc43-4ffbee8e4677@group-B6DDDC8024D4-FollowerState] INFO  impl.FollowerState (FollowerState.java:run(152)) - b1c57afc-121c-455c-bc43-4ffbee8e4677@group-B6DDDC8024D4-FollowerState was interrupted
2023-04-18 19:34:51,936 [21b868c3-9969-4e13-ad52-9b0ac48fd138@group-B6DDDC8024D4-FollowerState] INFO  server.RaftServerConfigKeys (ConfUtils.java:logFallback(53)) - raft.server.rpc.first-election.timeout.min = 5s (fallback to raft.server.rpc.timeout.min)
2023-04-18 19:34:51,936 [21b868c3-9969-4e13-ad52-9b0ac48fd138@group-B6DDDC8024D4-FollowerState] INFO  server.RaftServerConfigKeys (ConfUtils.java:logFallback(53)) - raft.server.rpc.first-election.timeout.max = 5200ms (fallback to raft.server.rpc.timeout.max)
2023-04-18 19:34:51,937 [4bcfc98d-1351-440f-af15-56158ce83d77@group-B6DDDC8024D4-LeaderElection4] INFO  ratis.XceiverServerRatis (XceiverServerRatis.java:handleLeaderChangedNotification(904)) - Leader change notification received for group: group-B6DDDC8024D4 with new leaderId: 4bcfc98d-1351-440f-af15-56158ce83d77
2023-04-18 19:34:51,937 [4bcfc98d-1351-440f-af15-56158ce83d77@group-B6DDDC8024D4-LeaderElection4] INFO  server.RaftServer$Division (ServerState.java:setLeader(313)) - 4bcfc98d-1351-440f-af15-56158ce83d77@group-B6DDDC8024D4: change Leader from null to 4bcfc98d-1351-440f-af15-56158ce83d77 at term 1 for becomeLeader, leader elected after 5090ms
2023-04-18 19:34:51,937 [4bcfc98d-1351-440f-af15-56158ce83d77@group-B6DDDC8024D4-LeaderElection4] INFO  server.RaftServerConfigKeys (ConfUtils.java:logGet(46)) - raft.server.staging.catchup.gap = 1000 (default)
2023-04-18 19:34:51,937 [4bcfc98d-1351-440f-af15-56158ce83d77@group-B6DDDC8024D4-LeaderElection4] INFO  server.RaftServerConfigKeys (ConfUtils.java:logGet(46)) - raft.server.write.element-limit = 1024 (custom)
2023-04-18 19:34:51,937 [4bcfc98d-1351-440f-af15-56158ce83d77@group-B6DDDC8024D4-LeaderElection4] INFO  server.RaftServerConfigKeys (ConfUtils.java:logGet(46)) - raft.server.write.byte-limit = 1024 M (=1073741824) (custom)
2023-04-18 19:34:51,937 [4bcfc98d-1351-440f-af15-56158ce83d77@group-B6DDDC8024D4-LeaderElection4] INFO  server.RaftServerConfigKeys (ConfUtils.java:logGet(46)) - raft.server.watch.timeout = 180s (custom)
2023-04-18 19:34:51,938 [4bcfc98d-1351-440f-af15-56158ce83d77@group-B6DDDC8024D4-LeaderElection4] INFO  server.RaftServerConfigKeys (ConfUtils.java:logGet(46)) - raft.server.watch.timeout.denomination = 1s (default)
2023-04-18 19:34:51,938 [4bcfc98d-1351-440f-af15-56158ce83d77@group-B6DDDC8024D4-LeaderElection4] INFO  server.RaftServerConfigKeys (ConfUtils.java:logGet(46)) - raft.server.watch.element-limit = 65536 (default)
2023-04-18 19:34:51,938 [4bcfc98d-1351-440f-af15-56158ce83d77@group-B6DDDC8024D4-LeaderElection4] INFO  server.RaftServerConfigKeys (ConfUtils.java:logGet(46)) - raft.server.write.element-limit = 1024 (custom)
2023-04-18 19:34:51,938 [4bcfc98d-1351-440f-af15-56158ce83d77@group-B6DDDC8024D4-LeaderElection4] INFO  server.RaftServerConfigKeys (ConfUtils.java:logGet(46)) - raft.server.write.follower.gap.ratio.max = -1.0 (default)
2023-04-18 19:34:51,939 [grpc-default-executor-0] INFO  server.RaftServer$Division (RaftServerImpl.java:requestVote(1251)) - b1c57afc-121c-455c-bc43-4ffbee8e4677@group-B6DDDC8024D4 replies to ELECTION vote request: 4bcfc98d-1351-440f-af15-56158ce83d77<-b1c57afc-121c-455c-bc43-4ffbee8e4677#0:OK-t1. Peer's state: b1c57afc-121c-455c-bc43-4ffbee8e4677@group-B6DDDC8024D4:t1, leader=null, voted=4bcfc98d-1351-440f-af15-56158ce83d77, raftlog=Memoized:b1c57afc-121c-455c-bc43-4ffbee8e4677@group-B6DDDC8024D4-SegmentedRaftLog:OPENED:c-1, conf=-1: peers:[b1c57afc-121c-455c-bc43-4ffbee8e4677|rpc:10.1.0.22:43873|dataStream:10.1.0.22:37825|priority:0|startupRole:FOLLOWER, 4bcfc98d-1351-440f-af15-56158ce83d77|rpc:10.1.0.22:40839|dataStream:10.1.0.22:39131|priority:1|startupRole:FOLLOWER, 21b868c3-9969-4e13-ad52-9b0ac48fd138|rpc:10.1.0.22:42571|dataStream:10.1.0.22:34509|priority:0|startupRole:FOLLOWER]|listeners:[], old=null
2023-04-18 19:34:51,943 [EventQueue-OpenPipelineForHealthyPipelineSafeModeRule] INFO  safemode.SCMSafeModeManager (HealthyPipelineSafeModeRule.java:process(137)) - SCM in safe mode. Healthy pipelines reported count is 0, required healthy pipeline reported count is 1
2023-04-18 19:34:51,944 [EventQueue-PipelineReportForPipelineReportHandler] INFO  pipeline.PipelineManagerImpl (PipelineManagerImpl.java:openPipeline(367)) - Pipeline Pipeline[ Id: fe8f8231-531f-40c6-a24e-b6dddc8024d4, Nodes: 21b868c3-9969-4e13-ad52-9b0ac48fd138(fv-az203-717/10.1.0.22)4bcfc98d-1351-440f-af15-56158ce83d77(fv-az203-717/10.1.0.22)b1c57afc-121c-455c-bc43-4ffbee8e4677(fv-az203-717/10.1.0.22), ReplicationConfig: RATIS/THREE, State:ALLOCATED, leaderId:4bcfc98d-1351-440f-af15-56158ce83d77, CreationTimestamp2023-04-18T19:34:44.099Z[Etc/UTC]] moved to OPEN state
2023-04-18 19:34:51,946 [EventQueue-OpenPipelineForHealthyPipelineSafeModeRule] INFO  safemode.SCMSafeModeManager (HealthyPipelineSafeModeRule.java:process(137)) - SCM in safe mode. Healthy pipelines reported count is 1, required healthy pipeline reported count is 1
2023-04-18 19:34:51,946 [EventQueue-OpenPipelineForHealthyPipelineSafeModeRule] INFO  safemode.SCMSafeModeManager (SCMSafeModeManager.java:validateSafeModeExitRules(200)) - HealthyPipelineSafeModeRule rule is successfully validated
2023-04-18 19:34:51,946 [EventQueue-OpenPipelineForHealthyPipelineSafeModeRule] INFO  safemode.SCMSafeModeManager (SCMSafeModeManager.java:validateSafeModeExitRules(215)) - ScmSafeModeManager, all rules are successfully validated
2023-04-18 19:34:51,946 [EventQueue-OpenPipelineForHealthyPipelineSafeModeRule] INFO  safemode.SCMSafeModeManager (SCMSafeModeManager.java:exitSafeMode(244)) - SCM exiting safe mode.
2023-04-18 19:34:51,946 [EventQueue-OpenPipelineForHealthyPipelineSafeModeRule] INFO  ha.SCMContext (SCMContext.java:updateSafeModeStatus(228)) - Update SafeModeStatus from SafeModeStatus{safeModeStatus=true, preCheckPassed=true} to SafeModeStatus{safeModeStatus=false, preCheckPassed=true}.
2023-04-18 19:34:51,946 [EventQueue-OpenPipelineForHealthyPipelineSafeModeRule] INFO  pipeline.BackgroundPipelineCreator (BackgroundPipelineCreator.java:notifyStatusChanged(254)) - Service BackgroundPipelineCreator transitions to RUNNING.
2023-04-18 19:34:51,946 [EventQueue-OpenPipelineForHealthyPipelineSafeModeRule] INFO  BackgroundPipelineScrubber (BackgroundSCMService.java:notifyStatusChanged(82)) - Service BackgroundPipelineScrubber transitions to RUNNING.
2023-04-18 19:34:51,946 [EventQueue-OpenPipelineForHealthyPipelineSafeModeRule] INFO  ExpiredContainerReplicaOpScrubber (BackgroundSCMService.java:notifyStatusChanged(82)) - Service ExpiredContainerReplicaOpScrubber transitions to RUNNING.
2023-04-18 19:34:51,946 [EventQueue-OpenPipelineForHealthyPipelineSafeModeRule] INFO  replication.ReplicationManager (ReplicationManager.java:notifyStatusChanged(1371)) - Service ReplicationManager transitions to RUNNING.
2023-04-18 19:34:51,949 [EventQueue-OpenPipelineForHealthyPipelineSafeModeRule] WARN  balancer.ContainerBalancer (ContainerBalancer.java:shouldRun(132)) - Could not find persisted configuration for ContainerBalancer when checking if ContainerBalancer should run. ContainerBalancer should not run now.
2023-04-18 19:34:51,951 [b1c57afc-121c-455c-bc43-4ffbee8e4677@group-B6DDDC8024D4-FollowerState] INFO  server.RaftServerConfigKeys (ConfUtils.java:logFallback(53)) - raft.server.rpc.first-election.timeout.min = 5s (fallback to raft.server.rpc.timeout.min)
2023-04-18 19:34:51,952 [b1c57afc-121c-455c-bc43-4ffbee8e4677@group-B6DDDC8024D4-FollowerState] INFO  server.RaftServerConfigKeys (ConfUtils.java:logFallback(53)) - raft.server.rpc.first-election.timeout.max = 5200ms (fallback to raft.server.rpc.timeout.max)
2023-04-18 19:34:51,957 [4bcfc98d-1351-440f-af15-56158ce83d77@group-B6DDDC8024D4-LeaderElection4] INFO  server.RaftServerConfigKeys (ConfUtils.java:logGet(46)) - raft.server.log.appender.snapshot.chunk.size.max = 16MB (=16777216) (default)
2023-04-18 19:34:51,957 [4bcfc98d-1351-440f-af15-56158ce83d77@group-B6DDDC8024D4-LeaderElection4] INFO  server.RaftServerConfigKeys (ConfUtils.java:logGet(46)) - raft.server.log.appender.buffer.byte-limit = 33554432 (custom)
2023-04-18 19:34:51,957 [4bcfc98d-1351-440f-af15-56158ce83d77@group-B6DDDC8024D4-LeaderElection4] INFO  server.RaftServerConfigKeys (ConfUtils.java:logGet(46)) - raft.server.log.appender.buffer.element-limit = 1 (custom)
2023-04-18 19:34:51,960 [4bcfc98d-1351-440f-af15-56158ce83d77@group-B6DDDC8024D4-LeaderElection4] INFO  grpc.GrpcConfigKeys (ConfUtils.java:logGet(46)) - raft.grpc.server.leader.outstanding.appends.max = 128 (default)
2023-04-18 19:34:51,960 [4bcfc98d-1351-440f-af15-56158ce83d77@group-B6DDDC8024D4-LeaderElection4] INFO  server.RaftServerConfigKeys (ConfUtils.java:logGet(46)) - raft.server.rpc.request.timeout = 60s (custom)
2023-04-18 19:34:51,960 [4bcfc98d-1351-440f-af15-56158ce83d77@group-B6DDDC8024D4-LeaderElection4] INFO  server.RaftServerConfigKeys (ConfUtils.java:logGet(46)) - raft.server.log.appender.install.snapshot.enabled = false (custom)
2023-04-18 19:34:51,960 [4bcfc98d-1351-440f-af15-56158ce83d77@group-88854C34A86D-FollowerState] INFO  impl.FollowerState (FollowerState.java:run(143)) - 4bcfc98d-1351-440f-af15-56158ce83d77@group-88854C34A86D-FollowerState: change to CANDIDATE, lastRpcElapsedTime:5130961030ns, electionTimeout:5119ms
2023-04-18 19:34:51,961 [4bcfc98d-1351-440f-af15-56158ce83d77@group-88854C34A86D-FollowerState] INFO  impl.RoleInfo (RoleInfo.java:shutdownFollowerState(110)) - 4bcfc98d-1351-440f-af15-56158ce83d77: shutdown 4bcfc98d-1351-440f-af15-56158ce83d77@group-88854C34A86D-FollowerState
2023-04-18 19:34:51,961 [4bcfc98d-1351-440f-af15-56158ce83d77@group-88854C34A86D-FollowerState] INFO  server.RaftServer$Division (RaftServerImpl.java:setRole(321)) - 4bcfc98d-1351-440f-af15-56158ce83d77@group-88854C34A86D: changes role from  FOLLOWER to CANDIDATE at term 0 for changeToCandidate
2023-04-18 19:34:51,961 [4bcfc98d-1351-440f-af15-56158ce83d77@group-88854C34A86D-FollowerState] INFO  server.RaftServerConfigKeys (ConfUtils.java:logGet(46)) - raft.server.leaderelection.pre-vote = true (default)
2023-04-18 19:34:51,961 [4bcfc98d-1351-440f-af15-56158ce83d77@group-88854C34A86D-FollowerState] INFO  impl.RoleInfo (RoleInfo.java:updateAndGet(139)) - 4bcfc98d-1351-440f-af15-56158ce83d77: start 4bcfc98d-1351-440f-af15-56158ce83d77@group-88854C34A86D-LeaderElection5
2023-04-18 19:34:51,961 [4bcfc98d-1351-440f-af15-56158ce83d77@group-B6DDDC8024D4-LeaderElection4] INFO  grpc.GrpcConfigKeys (ConfUtils.java:logGet(46)) - raft.grpc.server.heartbeat.channel = true (default)
2023-04-18 19:34:51,961 [4bcfc98d-1351-440f-af15-56158ce83d77@group-B6DDDC8024D4-LeaderElection4] INFO  server.RaftServerConfigKeys (ConfUtils.java:logGet(46)) - raft.server.log.appender.wait-time.min = 10ms (default)
2023-04-18 19:34:51,963 [4bcfc98d-1351-440f-af15-56158ce83d77@group-B6DDDC8024D4-LeaderElection4] INFO  server.RaftServerConfigKeys (ConfUtils.java:logGet(46)) - raft.server.log.appender.snapshot.chunk.size.max = 16MB (=16777216) (default)
2023-04-18 19:34:51,963 [4bcfc98d-1351-440f-af15-56158ce83d77@group-B6DDDC8024D4-LeaderElection4] INFO  server.RaftServerConfigKeys (ConfUtils.java:logGet(46)) - raft.server.log.appender.buffer.byte-limit = 33554432 (custom)
2023-04-18 19:34:51,963 [4bcfc98d-1351-440f-af15-56158ce83d77@group-B6DDDC8024D4-LeaderElection4] INFO  server.RaftServerConfigKeys (ConfUtils.java:logGet(46)) - raft.server.log.appender.buffer.element-limit = 1 (custom)
2023-04-18 19:34:51,963 [4bcfc98d-1351-440f-af15-56158ce83d77@group-B6DDDC8024D4-LeaderElection4] INFO  grpc.GrpcConfigKeys (ConfUtils.java:logGet(46)) - raft.grpc.server.leader.outstanding.appends.max = 128 (default)
2023-04-18 19:34:51,963 [4bcfc98d-1351-440f-af15-56158ce83d77@group-B6DDDC8024D4-LeaderElection4] INFO  server.RaftServerConfigKeys (ConfUtils.java:logGet(46)) - raft.server.rpc.request.timeout = 60s (custom)
2023-04-18 19:34:51,963 [4bcfc98d-1351-440f-af15-56158ce83d77@group-B6DDDC8024D4-LeaderElection4] INFO  server.RaftServerConfigKeys (ConfUtils.java:logGet(46)) - raft.server.log.appender.install.snapshot.enabled = false (custom)
2023-04-18 19:34:51,963 [4bcfc98d-1351-440f-af15-56158ce83d77@group-B6DDDC8024D4-LeaderElection4] INFO  grpc.GrpcConfigKeys (ConfUtils.java:logGet(46)) - raft.grpc.server.heartbeat.channel = true (default)
2023-04-18 19:34:51,963 [4bcfc98d-1351-440f-af15-56158ce83d77@group-B6DDDC8024D4-LeaderElection4] INFO  server.RaftServerConfigKeys (ConfUtils.java:logGet(46)) - raft.server.log.appender.wait-time.min = 10ms (default)
2023-04-18 19:34:51,964 [4bcfc98d-1351-440f-af15-56158ce83d77@group-B6DDDC8024D4-LeaderElection4] INFO  impl.RoleInfo (RoleInfo.java:updateAndGet(139)) - 4bcfc98d-1351-440f-af15-56158ce83d77: start 4bcfc98d-1351-440f-af15-56158ce83d77@group-B6DDDC8024D4-LeaderStateImpl
2023-04-18 19:34:51,965 [4bcfc98d-1351-440f-af15-56158ce83d77@group-B6DDDC8024D4-LeaderElection4] INFO  segmented.SegmentedRaftLogWorker (SegmentedRaftLogWorker.java:startLogSegment(452)) - 4bcfc98d-1351-440f-af15-56158ce83d77@group-B6DDDC8024D4-SegmentedRaftLogWorker: Starting segment from index:0
2023-04-18 19:34:51,966 [4bcfc98d-1351-440f-af15-56158ce83d77@group-B6DDDC8024D4-SegmentedRaftLogWorker] INFO  segmented.SegmentedRaftLogWorker (SegmentedRaftLogWorker.java:execute(656)) - 4bcfc98d-1351-440f-af15-56158ce83d77@group-B6DDDC8024D4-SegmentedRaftLogWorker: created new log segment /home/runner/work/ozone/ozone/hadoop-ozone/integration-test/target/test-dir/MiniOzoneClusterImpl-184ce46c-7709-4843-8010-c45aadaa38f8/datanode-1/data/ratis/fe8f8231-531f-40c6-a24e-b6dddc8024d4/current/log_inprogress_0
2023-04-18 19:34:51,970 [4bcfc98d-1351-440f-af15-56158ce83d77@group-B6DDDC8024D4-LeaderElection4] INFO  server.RaftServer$Division (ServerState.java:setRaftConf(430)) - 4bcfc98d-1351-440f-af15-56158ce83d77@group-B6DDDC8024D4: set configuration 0: peers:[b1c57afc-121c-455c-bc43-4ffbee8e4677|rpc:10.1.0.22:43873|dataStream:10.1.0.22:37825|priority:0|startupRole:FOLLOWER, 4bcfc98d-1351-440f-af15-56158ce83d77|rpc:10.1.0.22:40839|dataStream:10.1.0.22:39131|priority:1|startupRole:FOLLOWER, 21b868c3-9969-4e13-ad52-9b0ac48fd138|rpc:10.1.0.22:42571|dataStream:10.1.0.22:34509|priority:0|startupRole:FOLLOWER]|listeners:[], old=null
2023-04-18 19:34:51,971 [4bcfc98d-1351-440f-af15-56158ce83d77@group-88854C34A86D-LeaderElection5] INFO  impl.LeaderElection (LeaderElection.java:askForVotes(312)) - 4bcfc98d-1351-440f-af15-56158ce83d77@group-88854C34A86D-LeaderElection5 PRE_VOTE round 0: submit vote requests at term 0 for -1: peers:[4bcfc98d-1351-440f-af15-56158ce83d77|rpc:10.1.0.22:40839|dataStream:10.1.0.22:39131|priority:1|startupRole:FOLLOWER]|listeners:[], old=null
2023-04-18 19:34:51,971 [4bcfc98d-1351-440f-af15-56158ce83d77@group-88854C34A86D-LeaderElection5] INFO  impl.LeaderElection (LeaderElection.java:askForVotes(314)) - 4bcfc98d-1351-440f-af15-56158ce83d77@group-88854C34A86D-LeaderElection5 PRE_VOTE round 0: result PASSED (term=0)
2023-04-18 19:34:51,973 [4bcfc98d-1351-440f-af15-56158ce83d77@group-88854C34A86D-LeaderElection5] INFO  impl.LeaderElection (LeaderElection.java:askForVotes(312)) - 4bcfc98d-1351-440f-af15-56158ce83d77@group-88854C34A86D-LeaderElection5 ELECTION round 0: submit vote requests at term 1 for -1: peers:[4bcfc98d-1351-440f-af15-56158ce83d77|rpc:10.1.0.22:40839|dataStream:10.1.0.22:39131|priority:1|startupRole:FOLLOWER]|listeners:[], old=null
2023-04-18 19:34:51,973 [4bcfc98d-1351-440f-af15-56158ce83d77@group-88854C34A86D-LeaderElection5] INFO  impl.LeaderElection (LeaderElection.java:askForVotes(314)) - 4bcfc98d-1351-440f-af15-56158ce83d77@group-88854C34A86D-LeaderElection5 ELECTION round 0: result PASSED (term=1)
2023-04-18 19:34:51,973 [4bcfc98d-1351-440f-af15-56158ce83d77@group-88854C34A86D-LeaderElection5] INFO  impl.RoleInfo (RoleInfo.java:shutdownLeaderElection(130)) - 4bcfc98d-1351-440f-af15-56158ce83d77: shutdown 4bcfc98d-1351-440f-af15-56158ce83d77@group-88854C34A86D-LeaderElection5
2023-04-18 19:34:51,973 [4bcfc98d-1351-440f-af15-56158ce83d77@group-88854C34A86D-LeaderElection5] INFO  server.RaftServer$Division (RaftServerImpl.java:setRole(321)) - 4bcfc98d-1351-440f-af15-56158ce83d77@group-88854C34A86D: changes role from CANDIDATE to LEADER at term 1 for changeToLeader
2023-04-18 19:34:51,973 [4bcfc98d-1351-440f-af15-56158ce83d77@group-88854C34A86D-LeaderElection5] INFO  ratis.XceiverServerRatis (XceiverServerRatis.java:handleLeaderChangedNotification(904)) - Leader change notification received for group: group-88854C34A86D with new leaderId: 4bcfc98d-1351-440f-af15-56158ce83d77
2023-04-18 19:34:51,973 [4bcfc98d-1351-440f-af15-56158ce83d77@group-88854C34A86D-LeaderElection5] INFO  server.RaftServer$Division (ServerState.java:setLeader(313)) - 4bcfc98d-1351-440f-af15-56158ce83d77@group-88854C34A86D: change Leader from null to 4bcfc98d-1351-440f-af15-56158ce83d77 at term 1 for becomeLeader, leader elected after 5208ms
2023-04-18 19:34:51,973 [4bcfc98d-1351-440f-af15-56158ce83d77@group-88854C34A86D-LeaderElection5] INFO  server.RaftServerConfigKeys (ConfUtils.java:logGet(46)) - raft.server.staging.catchup.gap = 1000 (default)
2023-04-18 19:34:51,976 [4bcfc98d-1351-440f-af15-56158ce83d77@group-88854C34A86D-LeaderElection5] INFO  server.RaftServerConfigKeys (ConfUtils.java:logGet(46)) - raft.server.write.element-limit = 1024 (custom)
2023-04-18 19:34:51,976 [4bcfc98d-1351-440f-af15-56158ce83d77@group-88854C34A86D-LeaderElection5] INFO  server.RaftServerConfigKeys (ConfUtils.java:logGet(46)) - raft.server.write.byte-limit = 1024 M (=1073741824) (custom)
2023-04-18 19:34:51,976 [4bcfc98d-1351-440f-af15-56158ce83d77@group-88854C34A86D-LeaderElection5] INFO  server.RaftServerConfigKeys (ConfUtils.java:logGet(46)) - raft.server.watch.timeout = 180s (custom)
2023-04-18 19:34:51,976 [4bcfc98d-1351-440f-af15-56158ce83d77@group-88854C34A86D-LeaderElection5] INFO  server.RaftServerConfigKeys (ConfUtils.java:logGet(46)) - raft.server.watch.timeout.denomination = 1s (default)
2023-04-18 19:34:51,976 [4bcfc98d-1351-440f-af15-56158ce83d77@group-88854C34A86D-LeaderElection5] INFO  server.RaftServerConfigKeys (ConfUtils.java:logGet(46)) - raft.server.watch.element-limit = 65536 (default)
2023-04-18 19:34:51,976 [4bcfc98d-1351-440f-af15-56158ce83d77@group-88854C34A86D-LeaderElection5] INFO  server.RaftServerConfigKeys (ConfUtils.java:logGet(46)) - raft.server.write.element-limit = 1024 (custom)
2023-04-18 19:34:51,976 [4bcfc98d-1351-440f-af15-56158ce83d77@group-88854C34A86D-LeaderElection5] INFO  server.RaftServerConfigKeys (ConfUtils.java:logGet(46)) - raft.server.write.follower.gap.ratio.max = -1.0 (default)
2023-04-18 19:34:51,976 [4bcfc98d-1351-440f-af15-56158ce83d77@group-88854C34A86D-LeaderElection5] INFO  impl.RoleInfo (RoleInfo.java:updateAndGet(139)) - 4bcfc98d-1351-440f-af15-56158ce83d77: start 4bcfc98d-1351-440f-af15-56158ce83d77@group-88854C34A86D-LeaderStateImpl
2023-04-18 19:34:51,977 [4bcfc98d-1351-440f-af15-56158ce83d77@group-88854C34A86D-LeaderElection5] INFO  segmented.SegmentedRaftLogWorker (SegmentedRaftLogWorker.java:startLogSegment(452)) - 4bcfc98d-1351-440f-af15-56158ce83d77@group-88854C34A86D-SegmentedRaftLogWorker: Starting segment from index:0
2023-04-18 19:34:51,980 [4bcfc98d-1351-440f-af15-56158ce83d77@group-88854C34A86D-LeaderElection5] INFO  server.RaftServer$Division (ServerState.java:setRaftConf(430)) - 4bcfc98d-1351-440f-af15-56158ce83d77@group-88854C34A86D: set configuration 0: peers:[4bcfc98d-1351-440f-af15-56158ce83d77|rpc:10.1.0.22:40839|dataStream:10.1.0.22:39131|priority:1|startupRole:FOLLOWER]|listeners:[], old=null
2023-04-18 19:34:51,983 [4bcfc98d-1351-440f-af15-56158ce83d77@group-88854C34A86D-SegmentedRaftLogWorker] INFO  segmented.SegmentedRaftLogWorker (SegmentedRaftLogWorker.java:execute(656)) - 4bcfc98d-1351-440f-af15-56158ce83d77@group-88854C34A86D-SegmentedRaftLogWorker: created new log segment /home/runner/work/ozone/ozone/hadoop-ozone/integration-test/target/test-dir/MiniOzoneClusterImpl-184ce46c-7709-4843-8010-c45aadaa38f8/datanode-1/data/ratis/e816e19d-5b66-4143-a472-88854c34a86d/current/log_inprogress_0
2023-04-18 19:34:52,010 [b1c57afc-121c-455c-bc43-4ffbee8e4677-server-thread1] INFO  ratis.XceiverServerRatis (XceiverServerRatis.java:handleLeaderChangedNotification(904)) - Leader change notification received for group: group-B6DDDC8024D4 with new leaderId: 4bcfc98d-1351-440f-af15-56158ce83d77
2023-04-18 19:34:52,010 [b1c57afc-121c-455c-bc43-4ffbee8e4677-server-thread1] INFO  server.RaftServer$Division (ServerState.java:setLeader(313)) - b1c57afc-121c-455c-bc43-4ffbee8e4677@group-B6DDDC8024D4: change Leader from null to 4bcfc98d-1351-440f-af15-56158ce83d77 at term 1 for appendEntries, leader elected after 5701ms
2023-04-18 19:34:52,013 [21b868c3-9969-4e13-ad52-9b0ac48fd138-server-thread1] INFO  ratis.XceiverServerRatis (XceiverServerRatis.java:handleLeaderChangedNotification(904)) - Leader change notification received for group: group-B6DDDC8024D4 with new leaderId: 4bcfc98d-1351-440f-af15-56158ce83d77
2023-04-18 19:34:52,013 [21b868c3-9969-4e13-ad52-9b0ac48fd138-server-thread1] INFO  server.RaftServer$Division (ServerState.java:setLeader(313)) - 21b868c3-9969-4e13-ad52-9b0ac48fd138@group-B6DDDC8024D4: change Leader from null to 4bcfc98d-1351-440f-af15-56158ce83d77 at term 1 for appendEntries, leader elected after 5305ms
2023-04-18 19:34:52,017 [21b868c3-9969-4e13-ad52-9b0ac48fd138-server-thread1] INFO  server.RaftServer$Division (ServerState.java:setRaftConf(430)) - 21b868c3-9969-4e13-ad52-9b0ac48fd138@group-B6DDDC8024D4: set configuration 0: peers:[b1c57afc-121c-455c-bc43-4ffbee8e4677|rpc:10.1.0.22:43873|dataStream:10.1.0.22:37825|priority:0|startupRole:FOLLOWER, 4bcfc98d-1351-440f-af15-56158ce83d77|rpc:10.1.0.22:40839|dataStream:10.1.0.22:39131|priority:1|startupRole:FOLLOWER, 21b868c3-9969-4e13-ad52-9b0ac48fd138|rpc:10.1.0.22:42571|dataStream:10.1.0.22:34509|priority:0|startupRole:FOLLOWER]|listeners:[], old=null
2023-04-18 19:34:52,017 [b1c57afc-121c-455c-bc43-4ffbee8e4677-server-thread1] INFO  server.RaftServer$Division (ServerState.java:setRaftConf(430)) - b1c57afc-121c-455c-bc43-4ffbee8e4677@group-B6DDDC8024D4: set configuration 0: peers:[b1c57afc-121c-455c-bc43-4ffbee8e4677|rpc:10.1.0.22:43873|dataStream:10.1.0.22:37825|priority:0|startupRole:FOLLOWER, 4bcfc98d-1351-440f-af15-56158ce83d77|rpc:10.1.0.22:40839|dataStream:10.1.0.22:39131|priority:1|startupRole:FOLLOWER, 21b868c3-9969-4e13-ad52-9b0ac48fd138|rpc:10.1.0.22:42571|dataStream:10.1.0.22:34509|priority:0|startupRole:FOLLOWER]|listeners:[], old=null
2023-04-18 19:34:52,018 [21b868c3-9969-4e13-ad52-9b0ac48fd138-server-thread1] INFO  segmented.SegmentedRaftLogWorker (SegmentedRaftLogWorker.java:startLogSegment(452)) - 21b868c3-9969-4e13-ad52-9b0ac48fd138@group-B6DDDC8024D4-SegmentedRaftLogWorker: Starting segment from index:0
2023-04-18 19:34:52,019 [b1c57afc-121c-455c-bc43-4ffbee8e4677-server-thread1] INFO  segmented.SegmentedRaftLogWorker (SegmentedRaftLogWorker.java:startLogSegment(452)) - b1c57afc-121c-455c-bc43-4ffbee8e4677@group-B6DDDC8024D4-SegmentedRaftLogWorker: Starting segment from index:0
2023-04-18 19:34:52,025 [b1c57afc-121c-455c-bc43-4ffbee8e4677@group-B6DDDC8024D4-SegmentedRaftLogWorker] INFO  segmented.SegmentedRaftLogWorker (SegmentedRaftLogWorker.java:execute(656)) - b1c57afc-121c-455c-bc43-4ffbee8e4677@group-B6DDDC8024D4-SegmentedRaftLogWorker: created new log segment /home/runner/work/ozone/ozone/hadoop-ozone/integration-test/target/test-dir/MiniOzoneClusterImpl-184ce46c-7709-4843-8010-c45aadaa38f8/datanode-0/data/ratis/fe8f8231-531f-40c6-a24e-b6dddc8024d4/current/log_inprogress_0
2023-04-18 19:34:52,025 [21b868c3-9969-4e13-ad52-9b0ac48fd138@group-B6DDDC8024D4-SegmentedRaftLogWorker] INFO  segmented.SegmentedRaftLogWorker (SegmentedRaftLogWorker.java:execute(656)) - 21b868c3-9969-4e13-ad52-9b0ac48fd138@group-B6DDDC8024D4-SegmentedRaftLogWorker: created new log segment /home/runner/work/ozone/ozone/hadoop-ozone/integration-test/target/test-dir/MiniOzoneClusterImpl-184ce46c-7709-4843-8010-c45aadaa38f8/datanode-2/data/ratis/fe8f8231-531f-40c6-a24e-b6dddc8024d4/current/log_inprogress_0
2023-04-18 19:34:52,171 [b1c57afc-121c-455c-bc43-4ffbee8e4677@group-B5BFF1395F48-FollowerState] INFO  impl.FollowerState (FollowerState.java:run(143)) - b1c57afc-121c-455c-bc43-4ffbee8e4677@group-B5BFF1395F48-FollowerState: change to CANDIDATE, lastRpcElapsedTime:5191728658ns, electionTimeout:5178ms
2023-04-18 19:34:52,171 [b1c57afc-121c-455c-bc43-4ffbee8e4677@group-B5BFF1395F48-FollowerState] INFO  impl.RoleInfo (RoleInfo.java:shutdownFollowerState(110)) - b1c57afc-121c-455c-bc43-4ffbee8e4677: shutdown b1c57afc-121c-455c-bc43-4ffbee8e4677@group-B5BFF1395F48-FollowerState
2023-04-18 19:34:52,171 [b1c57afc-121c-455c-bc43-4ffbee8e4677@group-B5BFF1395F48-FollowerState] INFO  server.RaftServer$Division (RaftServerImpl.java:setRole(321)) - b1c57afc-121c-455c-bc43-4ffbee8e4677@group-B5BFF1395F48: changes role from  FOLLOWER to CANDIDATE at term 0 for changeToCandidate
2023-04-18 19:34:52,171 [b1c57afc-121c-455c-bc43-4ffbee8e4677@group-B5BFF1395F48-FollowerState] INFO  server.RaftServerConfigKeys (ConfUtils.java:logGet(46)) - raft.server.leaderelection.pre-vote = true (default)
2023-04-18 19:34:52,171 [b1c57afc-121c-455c-bc43-4ffbee8e4677@group-B5BFF1395F48-FollowerState] INFO  impl.RoleInfo (RoleInfo.java:updateAndGet(139)) - b1c57afc-121c-455c-bc43-4ffbee8e4677: start b1c57afc-121c-455c-bc43-4ffbee8e4677@group-B5BFF1395F48-LeaderElection6
2023-04-18 19:34:52,173 [b1c57afc-121c-455c-bc43-4ffbee8e4677@group-B5BFF1395F48-LeaderElection6] INFO  impl.LeaderElection (LeaderElection.java:askForVotes(312)) - b1c57afc-121c-455c-bc43-4ffbee8e4677@group-B5BFF1395F48-LeaderElection6 PRE_VOTE round 0: submit vote requests at term 0 for -1: peers:[b1c57afc-121c-455c-bc43-4ffbee8e4677|rpc:10.1.0.22:43873|dataStream:10.1.0.22:37825|priority:1|startupRole:FOLLOWER, 4bcfc98d-1351-440f-af15-56158ce83d77|rpc:10.1.0.22:40839|dataStream:10.1.0.22:39131|priority:0|startupRole:FOLLOWER, 21b868c3-9969-4e13-ad52-9b0ac48fd138|rpc:10.1.0.22:42571|dataStream:10.1.0.22:34509|priority:0|startupRole:FOLLOWER]|listeners:[], old=null
2023-04-18 19:34:52,176 [b1c57afc-121c-455c-bc43-4ffbee8e4677@group-B5BFF1395F48-LeaderElection6] INFO  server.RaftServerConfigKeys (ConfUtils.java:logFallback(53)) - raft.server.rpc.first-election.timeout.min = 5s (fallback to raft.server.rpc.timeout.min)
2023-04-18 19:34:52,176 [b1c57afc-121c-455c-bc43-4ffbee8e4677@group-B5BFF1395F48-LeaderElection6] INFO  server.RaftServerConfigKeys (ConfUtils.java:logFallback(53)) - raft.server.rpc.first-election.timeout.max = 5200ms (fallback to raft.server.rpc.timeout.max)
2023-04-18 19:34:52,180 [grpc-default-executor-3] INFO  server.RaftServer$Division (RaftServerImpl.java:requestVote(1218)) - 4bcfc98d-1351-440f-af15-56158ce83d77@group-B5BFF1395F48: receive requestVote(PRE_VOTE, b1c57afc-121c-455c-bc43-4ffbee8e4677, group-B5BFF1395F48, 0, (t:0, i:0))
2023-04-18 19:34:52,181 [grpc-default-executor-3] INFO  impl.VoteContext (VoteContext.java:log(49)) - 4bcfc98d-1351-440f-af15-56158ce83d77@group-B5BFF1395F48-FOLLOWER: accept PRE_VOTE from b1c57afc-121c-455c-bc43-4ffbee8e4677: our priority 0 <= candidate's priority 1
2023-04-18 19:34:52,181 [grpc-default-executor-3] INFO  server.RaftServer$Division (RaftServerImpl.java:requestVote(1251)) - 4bcfc98d-1351-440f-af15-56158ce83d77@group-B5BFF1395F48 replies to PRE_VOTE vote request: b1c57afc-121c-455c-bc43-4ffbee8e4677<-4bcfc98d-1351-440f-af15-56158ce83d77#0:OK-t0. Peer's state: 4bcfc98d-1351-440f-af15-56158ce83d77@group-B5BFF1395F48:t0, leader=null, voted=, raftlog=Memoized:4bcfc98d-1351-440f-af15-56158ce83d77@group-B5BFF1395F48-SegmentedRaftLog:OPENED:c-1, conf=-1: peers:[b1c57afc-121c-455c-bc43-4ffbee8e4677|rpc:10.1.0.22:43873|dataStream:10.1.0.22:37825|priority:1|startupRole:FOLLOWER, 4bcfc98d-1351-440f-af15-56158ce83d77|rpc:10.1.0.22:40839|dataStream:10.1.0.22:39131|priority:0|startupRole:FOLLOWER, 21b868c3-9969-4e13-ad52-9b0ac48fd138|rpc:10.1.0.22:42571|dataStream:10.1.0.22:34509|priority:0|startupRole:FOLLOWER]|listeners:[], old=null
2023-04-18 19:34:52,186 [b1c57afc-121c-455c-bc43-4ffbee8e4677@group-B5BFF1395F48-LeaderElection6] INFO  impl.LeaderElection (LeaderElection.java:logAndReturn(90)) - b1c57afc-121c-455c-bc43-4ffbee8e4677@group-B5BFF1395F48-LeaderElection6: PRE_VOTE PASSED received 1 response(s) and 0 exception(s):
2023-04-18 19:34:52,186 [b1c57afc-121c-455c-bc43-4ffbee8e4677@group-B5BFF1395F48-LeaderElection6] INFO  impl.LeaderElection (LeaderElection.java:logAndReturn(94)) -   Response 0: b1c57afc-121c-455c-bc43-4ffbee8e4677<-4bcfc98d-1351-440f-af15-56158ce83d77#0:OK-t0
2023-04-18 19:34:52,186 [grpc-default-executor-0] INFO  server.RaftServer$Division (RaftServerImpl.java:requestVote(1218)) - 21b868c3-9969-4e13-ad52-9b0ac48fd138@group-B5BFF1395F48: receive requestVote(PRE_VOTE, b1c57afc-121c-455c-bc43-4ffbee8e4677, group-B5BFF1395F48, 0, (t:0, i:0))
2023-04-18 19:34:52,187 [grpc-default-executor-0] INFO  impl.VoteContext (VoteContext.java:log(49)) - 21b868c3-9969-4e13-ad52-9b0ac48fd138@group-B5BFF1395F48-FOLLOWER: accept PRE_VOTE from b1c57afc-121c-455c-bc43-4ffbee8e4677: our priority 0 <= candidate's priority 1
2023-04-18 19:34:52,187 [grpc-default-executor-0] INFO  server.RaftServer$Division (RaftServerImpl.java:requestVote(1251)) - 21b868c3-9969-4e13-ad52-9b0ac48fd138@group-B5BFF1395F48 replies to PRE_VOTE vote request: b1c57afc-121c-455c-bc43-4ffbee8e4677<-21b868c3-9969-4e13-ad52-9b0ac48fd138#0:OK-t0. Peer's state: 21b868c3-9969-4e13-ad52-9b0ac48fd138@group-B5BFF1395F48:t0, leader=null, voted=, raftlog=Memoized:21b868c3-9969-4e13-ad52-9b0ac48fd138@group-B5BFF1395F48-SegmentedRaftLog:OPENED:c-1, conf=-1: peers:[b1c57afc-121c-455c-bc43-4ffbee8e4677|rpc:10.1.0.22:43873|dataStream:10.1.0.22:37825|priority:1|startupRole:FOLLOWER, 4bcfc98d-1351-440f-af15-56158ce83d77|rpc:10.1.0.22:40839|dataStream:10.1.0.22:39131|priority:0|startupRole:FOLLOWER, 21b868c3-9969-4e13-ad52-9b0ac48fd138|rpc:10.1.0.22:42571|dataStream:10.1.0.22:34509|priority:0|startupRole:FOLLOWER]|listeners:[], old=null
2023-04-18 19:34:52,188 [b1c57afc-121c-455c-bc43-4ffbee8e4677@group-B5BFF1395F48-LeaderElection6] INFO  impl.LeaderElection (LeaderElection.java:askForVotes(314)) - b1c57afc-121c-455c-bc43-4ffbee8e4677@group-B5BFF1395F48-LeaderElection6 PRE_VOTE round 0: result PASSED
2023-04-18 19:34:52,189 [b1c57afc-121c-455c-bc43-4ffbee8e4677@group-B5BFF1395F48-LeaderElection6] INFO  impl.LeaderElection (LeaderElection.java:askForVotes(312)) - b1c57afc-121c-455c-bc43-4ffbee8e4677@group-B5BFF1395F48-LeaderElection6 ELECTION round 0: submit vote requests at term 1 for -1: peers:[b1c57afc-121c-455c-bc43-4ffbee8e4677|rpc:10.1.0.22:43873|dataStream:10.1.0.22:37825|priority:1|startupRole:FOLLOWER, 4bcfc98d-1351-440f-af15-56158ce83d77|rpc:10.1.0.22:40839|dataStream:10.1.0.22:39131|priority:0|startupRole:FOLLOWER, 21b868c3-9969-4e13-ad52-9b0ac48fd138|rpc:10.1.0.22:42571|dataStream:10.1.0.22:34509|priority:0|startupRole:FOLLOWER]|listeners:[], old=null
2023-04-18 19:34:52,191 [b1c57afc-121c-455c-bc43-4ffbee8e4677@group-B5BFF1395F48-LeaderElection6] INFO  server.RaftServerConfigKeys (ConfUtils.java:logFallback(53)) - raft.server.rpc.first-election.timeout.min = 5s (fallback to raft.server.rpc.timeout.min)
2023-04-18 19:34:52,191 [b1c57afc-121c-455c-bc43-4ffbee8e4677@group-B5BFF1395F48-LeaderElection6] INFO  server.RaftServerConfigKeys (ConfUtils.java:logFallback(53)) - raft.server.rpc.first-election.timeout.max = 5200ms (fallback to raft.server.rpc.timeout.max)
2023-04-18 19:34:52,196 [grpc-default-executor-0] INFO  server.RaftServer$Division (RaftServerImpl.java:requestVote(1218)) - 4bcfc98d-1351-440f-af15-56158ce83d77@group-B5BFF1395F48: receive requestVote(ELECTION, b1c57afc-121c-455c-bc43-4ffbee8e4677, group-B5BFF1395F48, 1, (t:0, i:0))
2023-04-18 19:34:52,200 [grpc-default-executor-0] INFO  impl.VoteContext (VoteContext.java:log(49)) - 4bcfc98d-1351-440f-af15-56158ce83d77@group-B5BFF1395F48-FOLLOWER: accept ELECTION from b1c57afc-121c-455c-bc43-4ffbee8e4677: our priority 0 <= candidate's priority 1
2023-04-18 19:34:52,200 [grpc-default-executor-0] INFO  server.RaftServer$Division (RaftServerImpl.java:setRole(321)) - 4bcfc98d-1351-440f-af15-56158ce83d77@group-B5BFF1395F48: changes role from  FOLLOWER to FOLLOWER at term 1 for candidate:b1c57afc-121c-455c-bc43-4ffbee8e4677
2023-04-18 19:34:52,200 [grpc-default-executor-0] INFO  impl.RoleInfo (RoleInfo.java:shutdownFollowerState(110)) - 4bcfc98d-1351-440f-af15-56158ce83d77: shutdown 4bcfc98d-1351-440f-af15-56158ce83d77@group-B5BFF1395F48-FollowerState
2023-04-18 19:34:52,201 [grpc-default-executor-0] INFO  impl.RoleInfo (RoleInfo.java:updateAndGet(139)) - 4bcfc98d-1351-440f-af15-56158ce83d77: start 4bcfc98d-1351-440f-af15-56158ce83d77@group-B5BFF1395F48-FollowerState
2023-04-18 19:34:52,201 [4bcfc98d-1351-440f-af15-56158ce83d77@group-B5BFF1395F48-FollowerState] INFO  impl.FollowerState (FollowerState.java:run(152)) - 4bcfc98d-1351-440f-af15-56158ce83d77@group-B5BFF1395F48-FollowerState was interrupted
2023-04-18 19:34:52,201 [grpc-default-executor-3] INFO  server.RaftServer$Division (RaftServerImpl.java:requestVote(1218)) - 21b868c3-9969-4e13-ad52-9b0ac48fd138@group-B5BFF1395F48: receive requestVote(ELECTION, b1c57afc-121c-455c-bc43-4ffbee8e4677, group-B5BFF1395F48, 1, (t:0, i:0))
2023-04-18 19:34:52,203 [4bcfc98d-1351-440f-af15-56158ce83d77@group-B5BFF1395F48-FollowerState] INFO  server.RaftServerConfigKeys (ConfUtils.java:logFallback(53)) - raft.server.rpc.first-election.timeout.min = 5s (fallback to raft.server.rpc.timeout.min)
2023-04-18 19:34:52,203 [4bcfc98d-1351-440f-af15-56158ce83d77@group-B5BFF1395F48-FollowerState] INFO  server.RaftServerConfigKeys (ConfUtils.java:logFallback(53)) - raft.server.rpc.first-election.timeout.max = 5200ms (fallback to raft.server.rpc.timeout.max)
2023-04-18 19:34:52,204 [grpc-default-executor-0] INFO  server.RaftServer$Division (RaftServerImpl.java:requestVote(1251)) - 4bcfc98d-1351-440f-af15-56158ce83d77@group-B5BFF1395F48 replies to ELECTION vote request: b1c57afc-121c-455c-bc43-4ffbee8e4677<-4bcfc98d-1351-440f-af15-56158ce83d77#0:OK-t1. Peer's state: 4bcfc98d-1351-440f-af15-56158ce83d77@group-B5BFF1395F48:t1, leader=null, voted=b1c57afc-121c-455c-bc43-4ffbee8e4677, raftlog=Memoized:4bcfc98d-1351-440f-af15-56158ce83d77@group-B5BFF1395F48-SegmentedRaftLog:OPENED:c-1, conf=-1: peers:[b1c57afc-121c-455c-bc43-4ffbee8e4677|rpc:10.1.0.22:43873|dataStream:10.1.0.22:37825|priority:1|startupRole:FOLLOWER, 4bcfc98d-1351-440f-af15-56158ce83d77|rpc:10.1.0.22:40839|dataStream:10.1.0.22:39131|priority:0|startupRole:FOLLOWER, 21b868c3-9969-4e13-ad52-9b0ac48fd138|rpc:10.1.0.22:42571|dataStream:10.1.0.22:34509|priority:0|startupRole:FOLLOWER]|listeners:[], old=null
2023-04-18 19:34:52,205 [grpc-default-executor-3] INFO  impl.VoteContext (VoteContext.java:log(49)) - 21b868c3-9969-4e13-ad52-9b0ac48fd138@group-B5BFF1395F48-FOLLOWER: accept ELECTION from b1c57afc-121c-455c-bc43-4ffbee8e4677: our priority 0 <= candidate's priority 1
2023-04-18 19:34:52,205 [grpc-default-executor-3] INFO  server.RaftServer$Division (RaftServerImpl.java:setRole(321)) - 21b868c3-9969-4e13-ad52-9b0ac48fd138@group-B5BFF1395F48: changes role from  FOLLOWER to FOLLOWER at term 1 for candidate:b1c57afc-121c-455c-bc43-4ffbee8e4677
2023-04-18 19:34:52,205 [grpc-default-executor-3] INFO  impl.RoleInfo (RoleInfo.java:shutdownFollowerState(110)) - 21b868c3-9969-4e13-ad52-9b0ac48fd138: shutdown 21b868c3-9969-4e13-ad52-9b0ac48fd138@group-B5BFF1395F48-FollowerState
2023-04-18 19:34:52,205 [grpc-default-executor-3] INFO  impl.RoleInfo (RoleInfo.java:updateAndGet(139)) - 21b868c3-9969-4e13-ad52-9b0ac48fd138: start 21b868c3-9969-4e13-ad52-9b0ac48fd138@group-B5BFF1395F48-FollowerState
2023-04-18 19:34:52,205 [21b868c3-9969-4e13-ad52-9b0ac48fd138@group-B5BFF1395F48-FollowerState] INFO  impl.FollowerState (FollowerState.java:run(152)) - 21b868c3-9969-4e13-ad52-9b0ac48fd138@group-B5BFF1395F48-FollowerState was interrupted
2023-04-18 19:34:52,207 [b1c57afc-121c-455c-bc43-4ffbee8e4677@group-B5BFF1395F48-LeaderElection6] INFO  impl.LeaderElection (LeaderElection.java:logAndReturn(90)) - b1c57afc-121c-455c-bc43-4ffbee8e4677@group-B5BFF1395F48-LeaderElection6: ELECTION PASSED received 1 response(s) and 0 exception(s):
2023-04-18 19:34:52,207 [grpc-default-executor-3] INFO  server.RaftServer$Division (RaftServerImpl.java:requestVote(1251)) - 21b868c3-9969-4e13-ad52-9b0ac48fd138@group-B5BFF1395F48 replies to ELECTION vote request: b1c57afc-121c-455c-bc43-4ffbee8e4677<-21b868c3-9969-4e13-ad52-9b0ac48fd138#0:OK-t1. Peer's state: 21b868c3-9969-4e13-ad52-9b0ac48fd138@group-B5BFF1395F48:t1, leader=null, voted=b1c57afc-121c-455c-bc43-4ffbee8e4677, raftlog=Memoized:21b868c3-9969-4e13-ad52-9b0ac48fd138@group-B5BFF1395F48-SegmentedRaftLog:OPENED:c-1, conf=-1: peers:[b1c57afc-121c-455c-bc43-4ffbee8e4677|rpc:10.1.0.22:43873|dataStream:10.1.0.22:37825|priority:1|startupRole:FOLLOWER, 4bcfc98d-1351-440f-af15-56158ce83d77|rpc:10.1.0.22:40839|dataStream:10.1.0.22:39131|priority:0|startupRole:FOLLOWER, 21b868c3-9969-4e13-ad52-9b0ac48fd138|rpc:10.1.0.22:42571|dataStream:10.1.0.22:34509|priority:0|startupRole:FOLLOWER]|listeners:[], old=null
2023-04-18 19:34:52,205 [21b868c3-9969-4e13-ad52-9b0ac48fd138@group-B5BFF1395F48-FollowerState] INFO  server.RaftServerConfigKeys (ConfUtils.java:logFallback(53)) - raft.server.rpc.first-election.timeout.min = 5s (fallback to raft.server.rpc.timeout.min)
2023-04-18 19:34:52,208 [b1c57afc-121c-455c-bc43-4ffbee8e4677@group-B5BFF1395F48-LeaderElection6] INFO  impl.LeaderElection (LeaderElection.java:logAndReturn(94)) -   Response 0: b1c57afc-121c-455c-bc43-4ffbee8e4677<-4bcfc98d-1351-440f-af15-56158ce83d77#0:OK-t1
2023-04-18 19:34:52,209 [21b868c3-9969-4e13-ad52-9b0ac48fd138@group-B5BFF1395F48-FollowerState] INFO  server.RaftServerConfigKeys (ConfUtils.java:logFallback(53)) - raft.server.rpc.first-election.timeout.max = 5200ms (fallback to raft.server.rpc.timeout.max)
2023-04-18 19:34:52,210 [b1c57afc-121c-455c-bc43-4ffbee8e4677@group-B5BFF1395F48-LeaderElection6] INFO  impl.LeaderElection (LeaderElection.java:askForVotes(314)) - b1c57afc-121c-455c-bc43-4ffbee8e4677@group-B5BFF1395F48-LeaderElection6 ELECTION round 0: result PASSED
2023-04-18 19:34:52,211 [b1c57afc-121c-455c-bc43-4ffbee8e4677@group-B5BFF1395F48-LeaderElection6] INFO  impl.RoleInfo (RoleInfo.java:shutdownLeaderElection(130)) - b1c57afc-121c-455c-bc43-4ffbee8e4677: shutdown b1c57afc-121c-455c-bc43-4ffbee8e4677@group-B5BFF1395F48-LeaderElection6
2023-04-18 19:34:52,211 [b1c57afc-121c-455c-bc43-4ffbee8e4677@group-B5BFF1395F48-LeaderElection6] INFO  server.RaftServer$Division (RaftServerImpl.java:setRole(321)) - b1c57afc-121c-455c-bc43-4ffbee8e4677@group-B5BFF1395F48: changes role from CANDIDATE to LEADER at term 1 for changeToLeader
2023-04-18 19:34:52,211 [b1c57afc-121c-455c-bc43-4ffbee8e4677@group-B5BFF1395F48-LeaderElection6] INFO  ratis.XceiverServerRatis (XceiverServerRatis.java:handleLeaderChangedNotification(904)) - Leader change notification received for group: group-B5BFF1395F48 with new leaderId: b1c57afc-121c-455c-bc43-4ffbee8e4677
2023-04-18 19:34:52,211 [b1c57afc-121c-455c-bc43-4ffbee8e4677@group-B5BFF1395F48-LeaderElection6] INFO  server.RaftServer$Division (ServerState.java:setLeader(313)) - b1c57afc-121c-455c-bc43-4ffbee8e4677@group-B5BFF1395F48: change Leader from null to b1c57afc-121c-455c-bc43-4ffbee8e4677 at term 1 for becomeLeader, leader elected after 5263ms
2023-04-18 19:34:52,211 [b1c57afc-121c-455c-bc43-4ffbee8e4677@group-B5BFF1395F48-LeaderElection6] INFO  server.RaftServerConfigKeys (ConfUtils.java:logGet(46)) - raft.server.staging.catchup.gap = 1000 (default)
2023-04-18 19:34:52,211 [b1c57afc-121c-455c-bc43-4ffbee8e4677@group-B5BFF1395F48-LeaderElection6] INFO  server.RaftServerConfigKeys (ConfUtils.java:logGet(46)) - raft.server.write.element-limit = 1024 (custom)
2023-04-18 19:34:52,211 [b1c57afc-121c-455c-bc43-4ffbee8e4677@group-B5BFF1395F48-LeaderElection6] INFO  server.RaftServerConfigKeys (ConfUtils.java:logGet(46)) - raft.server.write.byte-limit = 1024 M (=1073741824) (custom)
2023-04-18 19:34:52,212 [b1c57afc-121c-455c-bc43-4ffbee8e4677@group-B5BFF1395F48-LeaderElection6] INFO  server.RaftServerConfigKeys (ConfUtils.java:logGet(46)) - raft.server.watch.timeout = 180s (custom)
2023-04-18 19:34:52,212 [b1c57afc-121c-455c-bc43-4ffbee8e4677@group-B5BFF1395F48-LeaderElection6] INFO  server.RaftServerConfigKeys (ConfUtils.java:logGet(46)) - raft.server.watch.timeout.denomination = 1s (default)
2023-04-18 19:34:52,212 [b1c57afc-121c-455c-bc43-4ffbee8e4677@group-B5BFF1395F48-LeaderElection6] INFO  server.RaftServerConfigKeys (ConfUtils.java:logGet(46)) - raft.server.watch.element-limit = 65536 (default)
2023-04-18 19:34:52,212 [b1c57afc-121c-455c-bc43-4ffbee8e4677@group-B5BFF1395F48-LeaderElection6] INFO  server.RaftServerConfigKeys (ConfUtils.java:logGet(46)) - raft.server.write.element-limit = 1024 (custom)
2023-04-18 19:34:52,212 [b1c57afc-121c-455c-bc43-4ffbee8e4677@group-B5BFF1395F48-LeaderElection6] INFO  server.RaftServerConfigKeys (ConfUtils.java:logGet(46)) - raft.server.write.follower.gap.ratio.max = -1.0 (default)
2023-04-18 19:34:52,212 [b1c57afc-121c-455c-bc43-4ffbee8e4677@group-B5BFF1395F48-LeaderElection6] INFO  server.RaftServerConfigKeys (ConfUtils.java:logGet(46)) - raft.server.log.appender.snapshot.chunk.size.max = 16MB (=16777216) (default)
2023-04-18 19:34:52,212 [b1c57afc-121c-455c-bc43-4ffbee8e4677@group-B5BFF1395F48-LeaderElection6] INFO  server.RaftServerConfigKeys (ConfUtils.java:logGet(46)) - raft.server.log.appender.buffer.byte-limit = 33554432 (custom)
2023-04-18 19:34:52,213 [b1c57afc-121c-455c-bc43-4ffbee8e4677@group-B5BFF1395F48-LeaderElection6] INFO  server.RaftServerConfigKeys (ConfUtils.java:logGet(46)) - raft.server.log.appender.buffer.element-limit = 1 (custom)
2023-04-18 19:34:52,213 [b1c57afc-121c-455c-bc43-4ffbee8e4677@group-B5BFF1395F48-LeaderElection6] INFO  grpc.GrpcConfigKeys (ConfUtils.java:logGet(46)) - raft.grpc.server.leader.outstanding.appends.max = 128 (default)
2023-04-18 19:34:52,214 [b1c57afc-121c-455c-bc43-4ffbee8e4677@group-B5BFF1395F48-LeaderElection6] INFO  server.RaftServerConfigKeys (ConfUtils.java:logGet(46)) - raft.server.rpc.request.timeout = 60s (custom)
2023-04-18 19:34:52,214 [b1c57afc-121c-455c-bc43-4ffbee8e4677@group-B5BFF1395F48-LeaderElection6] INFO  server.RaftServerConfigKeys (ConfUtils.java:logGet(46)) - raft.server.log.appender.install.snapshot.enabled = false (custom)
2023-04-18 19:34:52,214 [b1c57afc-121c-455c-bc43-4ffbee8e4677@group-B5BFF1395F48-LeaderElection6] INFO  grpc.GrpcConfigKeys (ConfUtils.java:logGet(46)) - raft.grpc.server.heartbeat.channel = true (default)
2023-04-18 19:34:52,214 [b1c57afc-121c-455c-bc43-4ffbee8e4677@group-B5BFF1395F48-LeaderElection6] INFO  server.RaftServerConfigKeys (ConfUtils.java:logGet(46)) - raft.server.log.appender.wait-time.min = 10ms (default)
2023-04-18 19:34:52,214 [b1c57afc-121c-455c-bc43-4ffbee8e4677@group-B5BFF1395F48-LeaderElection6] INFO  server.RaftServerConfigKeys (ConfUtils.java:logGet(46)) - raft.server.log.appender.snapshot.chunk.size.max = 16MB (=16777216) (default)
2023-04-18 19:34:52,214 [b1c57afc-121c-455c-bc43-4ffbee8e4677@group-B5BFF1395F48-LeaderElection6] INFO  server.RaftServerConfigKeys (ConfUtils.java:logGet(46)) - raft.server.log.appender.buffer.byte-limit = 33554432 (custom)
2023-04-18 19:34:52,214 [b1c57afc-121c-455c-bc43-4ffbee8e4677@group-B5BFF1395F48-LeaderElection6] INFO  server.RaftServerConfigKeys (ConfUtils.java:logGet(46)) - raft.server.log.appender.buffer.element-limit = 1 (custom)
2023-04-18 19:34:52,215 [b1c57afc-121c-455c-bc43-4ffbee8e4677@group-B5BFF1395F48-LeaderElection6] INFO  grpc.GrpcConfigKeys (ConfUtils.java:logGet(46)) - raft.grpc.server.leader.outstanding.appends.max = 128 (default)
2023-04-18 19:34:52,215 [b1c57afc-121c-455c-bc43-4ffbee8e4677@group-B5BFF1395F48-LeaderElection6] INFO  server.RaftServerConfigKeys (ConfUtils.java:logGet(46)) - raft.server.rpc.request.timeout = 60s (custom)
2023-04-18 19:34:52,215 [b1c57afc-121c-455c-bc43-4ffbee8e4677@group-B5BFF1395F48-LeaderElection6] INFO  server.RaftServerConfigKeys (ConfUtils.java:logGet(46)) - raft.server.log.appender.install.snapshot.enabled = false (custom)
2023-04-18 19:34:52,215 [b1c57afc-121c-455c-bc43-4ffbee8e4677@group-B5BFF1395F48-LeaderElection6] INFO  grpc.GrpcConfigKeys (ConfUtils.java:logGet(46)) - raft.grpc.server.heartbeat.channel = true (default)
2023-04-18 19:34:52,215 [b1c57afc-121c-455c-bc43-4ffbee8e4677@group-B5BFF1395F48-LeaderElection6] INFO  server.RaftServerConfigKeys (ConfUtils.java:logGet(46)) - raft.server.log.appender.wait-time.min = 10ms (default)
2023-04-18 19:34:52,215 [b1c57afc-121c-455c-bc43-4ffbee8e4677@group-B5BFF1395F48-LeaderElection6] INFO  impl.RoleInfo (RoleInfo.java:updateAndGet(139)) - b1c57afc-121c-455c-bc43-4ffbee8e4677: start b1c57afc-121c-455c-bc43-4ffbee8e4677@group-B5BFF1395F48-LeaderStateImpl
2023-04-18 19:34:52,215 [b1c57afc-121c-455c-bc43-4ffbee8e4677@group-B5BFF1395F48-LeaderElection6] INFO  segmented.SegmentedRaftLogWorker (SegmentedRaftLogWorker.java:startLogSegment(452)) - b1c57afc-121c-455c-bc43-4ffbee8e4677@group-B5BFF1395F48-SegmentedRaftLogWorker: Starting segment from index:0
2023-04-18 19:34:52,216 [b1c57afc-121c-455c-bc43-4ffbee8e4677@group-B5BFF1395F48-SegmentedRaftLogWorker] INFO  segmented.SegmentedRaftLogWorker (SegmentedRaftLogWorker.java:execute(656)) - b1c57afc-121c-455c-bc43-4ffbee8e4677@group-B5BFF1395F48-SegmentedRaftLogWorker: created new log segment /home/runner/work/ozone/ozone/hadoop-ozone/integration-test/target/test-dir/MiniOzoneClusterImpl-184ce46c-7709-4843-8010-c45aadaa38f8/datanode-0/data/ratis/cd8abe94-f173-4052-9509-b5bff1395f48/current/log_inprogress_0
2023-04-18 19:34:52,225 [EventQueue-PipelineReportForPipelineReportHandler] INFO  pipeline.PipelineManagerImpl (PipelineManagerImpl.java:openPipeline(367)) - Pipeline Pipeline[ Id: cd8abe94-f173-4052-9509-b5bff1395f48, Nodes: 4bcfc98d-1351-440f-af15-56158ce83d77(fv-az203-717/10.1.0.22)b1c57afc-121c-455c-bc43-4ffbee8e4677(fv-az203-717/10.1.0.22)21b868c3-9969-4e13-ad52-9b0ac48fd138(fv-az203-717/10.1.0.22), ReplicationConfig: RATIS/THREE, State:ALLOCATED, leaderId:b1c57afc-121c-455c-bc43-4ffbee8e4677, CreationTimestamp2023-04-18T19:34:44.101Z[Etc/UTC]] moved to OPEN state
2023-04-18 19:34:52,226 [b1c57afc-121c-455c-bc43-4ffbee8e4677@group-B5BFF1395F48-LeaderElection6] INFO  server.RaftServer$Division (ServerState.java:setRaftConf(430)) - b1c57afc-121c-455c-bc43-4ffbee8e4677@group-B5BFF1395F48: set configuration 0: peers:[b1c57afc-121c-455c-bc43-4ffbee8e4677|rpc:10.1.0.22:43873|dataStream:10.1.0.22:37825|priority:1|startupRole:FOLLOWER, 4bcfc98d-1351-440f-af15-56158ce83d77|rpc:10.1.0.22:40839|dataStream:10.1.0.22:39131|priority:0|startupRole:FOLLOWER, 21b868c3-9969-4e13-ad52-9b0ac48fd138|rpc:10.1.0.22:42571|dataStream:10.1.0.22:34509|priority:0|startupRole:FOLLOWER]|listeners:[], old=null
2023-04-18 19:34:52,249 [4bcfc98d-1351-440f-af15-56158ce83d77-server-thread1] INFO  ratis.XceiverServerRatis (XceiverServerRatis.java:handleLeaderChangedNotification(904)) - Leader change notification received for group: group-B5BFF1395F48 with new leaderId: b1c57afc-121c-455c-bc43-4ffbee8e4677
2023-04-18 19:34:52,256 [4bcfc98d-1351-440f-af15-56158ce83d77-server-thread1] INFO  server.RaftServer$Division (ServerState.java:setLeader(313)) - 4bcfc98d-1351-440f-af15-56158ce83d77@group-B5BFF1395F48: change Leader from null to b1c57afc-121c-455c-bc43-4ffbee8e4677 at term 1 for appendEntries, leader elected after 5218ms
2023-04-18 19:34:52,249 [21b868c3-9969-4e13-ad52-9b0ac48fd138-server-thread2] INFO  ratis.XceiverServerRatis (XceiverServerRatis.java:handleLeaderChangedNotification(904)) - Leader change notification received for group: group-B5BFF1395F48 with new leaderId: b1c57afc-121c-455c-bc43-4ffbee8e4677
2023-04-18 19:34:52,257 [4bcfc98d-1351-440f-af15-56158ce83d77-server-thread1] INFO  server.RaftServer$Division (ServerState.java:setRaftConf(430)) - 4bcfc98d-1351-440f-af15-56158ce83d77@group-B5BFF1395F48: set configuration 0: peers:[b1c57afc-121c-455c-bc43-4ffbee8e4677|rpc:10.1.0.22:43873|dataStream:10.1.0.22:37825|priority:1|startupRole:FOLLOWER, 4bcfc98d-1351-440f-af15-56158ce83d77|rpc:10.1.0.22:40839|dataStream:10.1.0.22:39131|priority:0|startupRole:FOLLOWER, 21b868c3-9969-4e13-ad52-9b0ac48fd138|rpc:10.1.0.22:42571|dataStream:10.1.0.22:34509|priority:0|startupRole:FOLLOWER]|listeners:[], old=null
2023-04-18 19:34:52,257 [4bcfc98d-1351-440f-af15-56158ce83d77-server-thread1] INFO  segmented.SegmentedRaftLogWorker (SegmentedRaftLogWorker.java:startLogSegment(452)) - 4bcfc98d-1351-440f-af15-56158ce83d77@group-B5BFF1395F48-SegmentedRaftLogWorker: Starting segment from index:0
2023-04-18 19:34:52,257 [21b868c3-9969-4e13-ad52-9b0ac48fd138-server-thread2] INFO  server.RaftServer$Division (ServerState.java:setLeader(313)) - 21b868c3-9969-4e13-ad52-9b0ac48fd138@group-B5BFF1395F48: change Leader from null to b1c57afc-121c-455c-bc43-4ffbee8e4677 at term 1 for appendEntries, leader elected after 4914ms
2023-04-18 19:34:52,259 [4bcfc98d-1351-440f-af15-56158ce83d77@group-B5BFF1395F48-SegmentedRaftLogWorker] INFO  segmented.SegmentedRaftLogWorker (SegmentedRaftLogWorker.java:execute(656)) - 4bcfc98d-1351-440f-af15-56158ce83d77@group-B5BFF1395F48-SegmentedRaftLogWorker: created new log segment /home/runner/work/ozone/ozone/hadoop-ozone/integration-test/target/test-dir/MiniOzoneClusterImpl-184ce46c-7709-4843-8010-c45aadaa38f8/datanode-1/data/ratis/cd8abe94-f173-4052-9509-b5bff1395f48/current/log_inprogress_0
2023-04-18 19:34:52,263 [21b868c3-9969-4e13-ad52-9b0ac48fd138-server-thread1] INFO  server.RaftServer$Division (ServerState.java:setRaftConf(430)) - 21b868c3-9969-4e13-ad52-9b0ac48fd138@group-B5BFF1395F48: set configuration 0: peers:[b1c57afc-121c-455c-bc43-4ffbee8e4677|rpc:10.1.0.22:43873|dataStream:10.1.0.22:37825|priority:1|startupRole:FOLLOWER, 4bcfc98d-1351-440f-af15-56158ce83d77|rpc:10.1.0.22:40839|dataStream:10.1.0.22:39131|priority:0|startupRole:FOLLOWER, 21b868c3-9969-4e13-ad52-9b0ac48fd138|rpc:10.1.0.22:42571|dataStream:10.1.0.22:34509|priority:0|startupRole:FOLLOWER]|listeners:[], old=null
2023-04-18 19:34:52,263 [21b868c3-9969-4e13-ad52-9b0ac48fd138-server-thread1] INFO  segmented.SegmentedRaftLogWorker (SegmentedRaftLogWorker.java:startLogSegment(452)) - 21b868c3-9969-4e13-ad52-9b0ac48fd138@group-B5BFF1395F48-SegmentedRaftLogWorker: Starting segment from index:0
2023-04-18 19:34:52,265 [21b868c3-9969-4e13-ad52-9b0ac48fd138@group-B5BFF1395F48-SegmentedRaftLogWorker] INFO  segmented.SegmentedRaftLogWorker (SegmentedRaftLogWorker.java:execute(656)) - 21b868c3-9969-4e13-ad52-9b0ac48fd138@group-B5BFF1395F48-SegmentedRaftLogWorker: created new log segment /home/runner/work/ozone/ozone/hadoop-ozone/integration-test/target/test-dir/MiniOzoneClusterImpl-184ce46c-7709-4843-8010-c45aadaa38f8/datanode-2/data/ratis/cd8abe94-f173-4052-9509-b5bff1395f48/current/log_inprogress_0
2023-04-18 19:34:52,286 [Listener at 127.0.0.1/45463] INFO  ozone.MiniOzoneClusterImpl (MiniOzoneClusterImpl.java:lambda$waitForClusterToBeReady$0(222)) - Nodes are ready. Got 3 of 3 DN Heartbeats.
2023-04-18 19:34:52,287 [Listener at 127.0.0.1/45463] INFO  ozone.MiniOzoneClusterImpl (MiniOzoneClusterImpl.java:lambda$waitForClusterToBeReady$0(225)) - Cluster exits safe mode
2023-04-18 19:34:52,287 [Listener at 127.0.0.1/45463] INFO  ozone.MiniOzoneClusterImpl (MiniOzoneClusterImpl.java:lambda$waitForClusterToBeReady$0(227)) - SCM became leader
2023-04-18 19:34:52,438 [Listener at 127.0.0.1/45463] INFO  rpc.RpcClient (RpcClient.java:createVolume(476)) - Creating Volume: volume14301, with user64737 as owner and space quota set to -1 bytes, counts quota set to -1
2023-04-18 19:34:52,462 [21b868c3-9969-4e13-ad52-9b0ac48fd138@group-6F8147257EC2-FollowerState] INFO  impl.FollowerState (FollowerState.java:run(143)) - 21b868c3-9969-4e13-ad52-9b0ac48fd138@group-6F8147257EC2-FollowerState: change to CANDIDATE, lastRpcElapsedTime:5136512647ns, electionTimeout:5135ms
2023-04-18 19:34:52,462 [21b868c3-9969-4e13-ad52-9b0ac48fd138@group-6F8147257EC2-FollowerState] INFO  impl.RoleInfo (RoleInfo.java:shutdownFollowerState(110)) - 21b868c3-9969-4e13-ad52-9b0ac48fd138: shutdown 21b868c3-9969-4e13-ad52-9b0ac48fd138@group-6F8147257EC2-FollowerState
2023-04-18 19:34:52,462 [21b868c3-9969-4e13-ad52-9b0ac48fd138@group-6F8147257EC2-FollowerState] INFO  server.RaftServer$Division (RaftServerImpl.java:setRole(321)) - 21b868c3-9969-4e13-ad52-9b0ac48fd138@group-6F8147257EC2: changes role from  FOLLOWER to CANDIDATE at term 0 for changeToCandidate
2023-04-18 19:34:52,462 [21b868c3-9969-4e13-ad52-9b0ac48fd138@group-6F8147257EC2-FollowerState] INFO  server.RaftServerConfigKeys (ConfUtils.java:logGet(46)) - raft.server.leaderelection.pre-vote = true (default)
2023-04-18 19:34:52,462 [21b868c3-9969-4e13-ad52-9b0ac48fd138@group-6F8147257EC2-FollowerState] INFO  impl.RoleInfo (RoleInfo.java:updateAndGet(139)) - 21b868c3-9969-4e13-ad52-9b0ac48fd138: start 21b868c3-9969-4e13-ad52-9b0ac48fd138@group-6F8147257EC2-LeaderElection7
2023-04-18 19:34:52,466 [21b868c3-9969-4e13-ad52-9b0ac48fd138@group-6F8147257EC2-LeaderElection7] INFO  impl.LeaderElection (LeaderElection.java:askForVotes(312)) - 21b868c3-9969-4e13-ad52-9b0ac48fd138@group-6F8147257EC2-LeaderElection7 PRE_VOTE round 0: submit vote requests at term 0 for -1: peers:[21b868c3-9969-4e13-ad52-9b0ac48fd138|rpc:10.1.0.22:42571|dataStream:10.1.0.22:34509|priority:1|startupRole:FOLLOWER]|listeners:[], old=null
2023-04-18 19:34:52,467 [21b868c3-9969-4e13-ad52-9b0ac48fd138@group-6F8147257EC2-LeaderElection7] INFO  impl.LeaderElection (LeaderElection.java:askForVotes(314)) - 21b868c3-9969-4e13-ad52-9b0ac48fd138@group-6F8147257EC2-LeaderElection7 PRE_VOTE round 0: result PASSED (term=0)
2023-04-18 19:34:52,469 [21b868c3-9969-4e13-ad52-9b0ac48fd138@group-6F8147257EC2-LeaderElection7] INFO  impl.LeaderElection (LeaderElection.java:askForVotes(312)) - 21b868c3-9969-4e13-ad52-9b0ac48fd138@group-6F8147257EC2-LeaderElection7 ELECTION round 0: submit vote requests at term 1 for -1: peers:[21b868c3-9969-4e13-ad52-9b0ac48fd138|rpc:10.1.0.22:42571|dataStream:10.1.0.22:34509|priority:1|startupRole:FOLLOWER]|listeners:[], old=null
2023-04-18 19:34:52,469 [21b868c3-9969-4e13-ad52-9b0ac48fd138@group-6F8147257EC2-LeaderElection7] INFO  impl.LeaderElection (LeaderElection.java:askForVotes(314)) - 21b868c3-9969-4e13-ad52-9b0ac48fd138@group-6F8147257EC2-LeaderElection7 ELECTION round 0: result PASSED (term=1)
2023-04-18 19:34:52,471 [21b868c3-9969-4e13-ad52-9b0ac48fd138@group-6F8147257EC2-LeaderElection7] INFO  impl.RoleInfo (RoleInfo.java:shutdownLeaderElection(130)) - 21b868c3-9969-4e13-ad52-9b0ac48fd138: shutdown 21b868c3-9969-4e13-ad52-9b0ac48fd138@group-6F8147257EC2-LeaderElection7
2023-04-18 19:34:52,471 [21b868c3-9969-4e13-ad52-9b0ac48fd138@group-6F8147257EC2-LeaderElection7] INFO  server.RaftServer$Division (RaftServerImpl.java:setRole(321)) - 21b868c3-9969-4e13-ad52-9b0ac48fd138@group-6F8147257EC2: changes role from CANDIDATE to LEADER at term 1 for changeToLeader
2023-04-18 19:34:52,471 [21b868c3-9969-4e13-ad52-9b0ac48fd138@group-6F8147257EC2-LeaderElection7] INFO  ratis.XceiverServerRatis (XceiverServerRatis.java:handleLeaderChangedNotification(904)) - Leader change notification received for group: group-6F8147257EC2 with new leaderId: 21b868c3-9969-4e13-ad52-9b0ac48fd138
2023-04-18 19:34:52,471 [21b868c3-9969-4e13-ad52-9b0ac48fd138@group-6F8147257EC2-LeaderElection7] INFO  server.RaftServer$Division (ServerState.java:setLeader(313)) - 21b868c3-9969-4e13-ad52-9b0ac48fd138@group-6F8147257EC2: change Leader from null to 21b868c3-9969-4e13-ad52-9b0ac48fd138 at term 1 for becomeLeader, leader elected after 5184ms
2023-04-18 19:34:52,471 [21b868c3-9969-4e13-ad52-9b0ac48fd138@group-6F8147257EC2-LeaderElection7] INFO  server.RaftServerConfigKeys (ConfUtils.java:logGet(46)) - raft.server.staging.catchup.gap = 1000 (default)
2023-04-18 19:34:52,479 [OM StateMachine ApplyTransaction Thread - 0] INFO  volume.OMVolumeCreateRequest (OMVolumeCreateRequest.java:validateAndUpdateCache(195)) - created volume:volume14301 for user:user64737
2023-04-18 19:34:52,489 [21b868c3-9969-4e13-ad52-9b0ac48fd138@group-6F8147257EC2-LeaderElection7] INFO  server.RaftServerConfigKeys (ConfUtils.java:logGet(46)) - raft.server.write.element-limit = 1024 (custom)
2023-04-18 19:34:52,489 [21b868c3-9969-4e13-ad52-9b0ac48fd138@group-6F8147257EC2-LeaderElection7] INFO  server.RaftServerConfigKeys (ConfUtils.java:logGet(46)) - raft.server.write.byte-limit = 1024 M (=1073741824) (custom)
2023-04-18 19:34:52,489 [21b868c3-9969-4e13-ad52-9b0ac48fd138@group-6F8147257EC2-LeaderElection7] INFO  server.RaftServerConfigKeys (ConfUtils.java:logGet(46)) - raft.server.watch.timeout = 180s (custom)
2023-04-18 19:34:52,489 [21b868c3-9969-4e13-ad52-9b0ac48fd138@group-6F8147257EC2-LeaderElection7] INFO  server.RaftServerConfigKeys (ConfUtils.java:logGet(46)) - raft.server.watch.timeout.denomination = 1s (default)
2023-04-18 19:34:52,489 [21b868c3-9969-4e13-ad52-9b0ac48fd138@group-6F8147257EC2-LeaderElection7] INFO  server.RaftServerConfigKeys (ConfUtils.java:logGet(46)) - raft.server.watch.element-limit = 65536 (default)
2023-04-18 19:34:52,490 [21b868c3-9969-4e13-ad52-9b0ac48fd138@group-6F8147257EC2-LeaderElection7] INFO  server.RaftServerConfigKeys (ConfUtils.java:logGet(46)) - raft.server.write.element-limit = 1024 (custom)
2023-04-18 19:34:52,490 [21b868c3-9969-4e13-ad52-9b0ac48fd138@group-6F8147257EC2-LeaderElection7] INFO  server.RaftServerConfigKeys (ConfUtils.java:logGet(46)) - raft.server.write.follower.gap.ratio.max = -1.0 (default)
2023-04-18 19:34:52,490 [21b868c3-9969-4e13-ad52-9b0ac48fd138@group-6F8147257EC2-LeaderElection7] INFO  impl.RoleInfo (RoleInfo.java:updateAndGet(139)) - 21b868c3-9969-4e13-ad52-9b0ac48fd138: start 21b868c3-9969-4e13-ad52-9b0ac48fd138@group-6F8147257EC2-LeaderStateImpl
2023-04-18 19:34:52,490 [21b868c3-9969-4e13-ad52-9b0ac48fd138@group-6F8147257EC2-LeaderElection7] INFO  segmented.SegmentedRaftLogWorker (SegmentedRaftLogWorker.java:startLogSegment(452)) - 21b868c3-9969-4e13-ad52-9b0ac48fd138@group-6F8147257EC2-SegmentedRaftLogWorker: Starting segment from index:0
2023-04-18 19:34:52,492 [21b868c3-9969-4e13-ad52-9b0ac48fd138@group-6F8147257EC2-LeaderElection7] INFO  server.RaftServer$Division (ServerState.java:setRaftConf(430)) - 21b868c3-9969-4e13-ad52-9b0ac48fd138@group-6F8147257EC2: set configuration 0: peers:[21b868c3-9969-4e13-ad52-9b0ac48fd138|rpc:10.1.0.22:42571|dataStream:10.1.0.22:34509|priority:1|startupRole:FOLLOWER]|listeners:[], old=null
2023-04-18 19:34:52,492 [21b868c3-9969-4e13-ad52-9b0ac48fd138@group-6F8147257EC2-SegmentedRaftLogWorker] INFO  segmented.SegmentedRaftLogWorker (SegmentedRaftLogWorker.java:execute(656)) - 21b868c3-9969-4e13-ad52-9b0ac48fd138@group-6F8147257EC2-SegmentedRaftLogWorker: created new log segment /home/runner/work/ozone/ozone/hadoop-ozone/integration-test/target/test-dir/MiniOzoneClusterImpl-184ce46c-7709-4843-8010-c45aadaa38f8/datanode-2/data/ratis/3ae51b4c-9e08-4021-8e28-6f8147257ec2/current/log_inprogress_0
2023-04-18 19:34:52,502 [Listener at 127.0.0.1/45463] INFO  rpc.RpcClient (RpcClient.java:createBucket(698)) - Creating Bucket: volume14301/bucket39124, with bucket layout FILE_SYSTEM_OPTIMIZED, runner as owner, Versioning false, Storage Type set to DISK and Encryption set to false, Replication Type set to server-side default replication type, Namespace Quota set to -1, Space Quota set to -1 
2023-04-18 19:34:52,515 [OM StateMachine ApplyTransaction Thread - 0] INFO  bucket.OMBucketCreateRequest (OMBucketCreateRequest.java:validateAndUpdateCache(269)) - created bucket: bucket39124 of layout FILE_SYSTEM_OPTIMIZED in volume: volume14301
2023-04-18 19:34:52,713 [Listener at 127.0.0.1/45463] INFO  ozone.TestDirectoryDeletingServiceWithFSO (TestDirectoryDeletingServiceWithFSO.java:assertTableRowCount(519)) - deletedDirectoryTable actual row count=0, expectedCount=0
2023-04-18 19:34:52,714 [Listener at 127.0.0.1/45463] INFO  ozone.TestDirectoryDeletingServiceWithFSO (TestDirectoryDeletingServiceWithFSO.java:assertTableRowCount(519)) - directoryTable actual row count=0, expectedCount=2
2023-04-18 19:34:53,714 [Listener at 127.0.0.1/45463] INFO  ozone.TestDirectoryDeletingServiceWithFSO (TestDirectoryDeletingServiceWithFSO.java:assertTableRowCount(519)) - directoryTable actual row count=2, expectedCount=2
19:34:53.741 [IPC Server handler 18 on default port 45463] ERROR OMAudit - user=runner | ip=127.0.0.1 | op=GET_FILE_STATUS {volume=volume14301, bucket=bucket39124, key=rootDir/appRoot, dataSize=0, replicationConfig=null} | ret=FAILURE
org.apache.hadoop.ozone.om.exceptions.OMException: Unable to get file status: volume: volume14301 bucket: bucket39124 key: rootDir/appRoot
	at org.apache.hadoop.ozone.om.KeyManagerImpl.getOzoneFileStatusFSO(KeyManagerImpl.java:1324) ~[ozone-manager-1.4.0-SNAPSHOT.jar:?]
	at org.apache.hadoop.ozone.om.KeyManagerImpl.getFileStatus(KeyManagerImpl.java:1116) ~[ozone-manager-1.4.0-SNAPSHOT.jar:?]
	at org.apache.hadoop.ozone.om.OmMetadataReader.getFileStatus(OmMetadataReader.java:288) ~[ozone-manager-1.4.0-SNAPSHOT.jar:?]
	at org.apache.hadoop.ozone.om.OzoneManager.getFileStatus(OzoneManager.java:3491) ~[ozone-manager-1.4.0-SNAPSHOT.jar:?]
	at org.apache.hadoop.ozone.protocolPB.OzoneManagerRequestHandler.getOzoneFileStatus(OzoneManagerRequestHandler.java:934) ~[ozone-manager-1.4.0-SNAPSHOT.jar:?]
	at org.apache.hadoop.ozone.protocolPB.OzoneManagerRequestHandler.handleReadRequest(OzoneManagerRequestHandler.java:238) ~[ozone-manager-1.4.0-SNAPSHOT.jar:?]
	at org.apache.hadoop.ozone.protocolPB.OzoneManagerProtocolServerSideTranslatorPB.submitReadRequestToOM(OzoneManagerProtocolServerSideTranslatorPB.java:223) ~[ozone-manager-1.4.0-SNAPSHOT.jar:?]
	at org.apache.hadoop.ozone.protocolPB.OzoneManagerProtocolServerSideTranslatorPB.processRequest(OzoneManagerProtocolServerSideTranslatorPB.java:177) ~[ozone-manager-1.4.0-SNAPSHOT.jar:?]
	at org.apache.hadoop.hdds.server.OzoneProtocolMessageDispatcher.processRequest(OzoneProtocolMessageDispatcher.java:87) [hdds-server-framework-1.4.0-SNAPSHOT.jar:?]
	at org.apache.hadoop.ozone.protocolPB.OzoneManagerProtocolServerSideTranslatorPB.submitRequest(OzoneManagerProtocolServerSideTranslatorPB.java:147) [ozone-manager-1.4.0-SNAPSHOT.jar:?]
	at org.apache.hadoop.ozone.protocol.proto.OzoneManagerProtocolProtos$OzoneManagerService$2.callBlockingMethod(OzoneManagerProtocolProtos.java) [ozone-interface-client-1.4.0-SNAPSHOT.jar:?]
	at org.apache.hadoop.ipc.ProtobufRpcEngine$Server.processCall(ProtobufRpcEngine.java:484) [hadoop-common-3.3.5.jar:?]
	at org.apache.hadoop.ipc.ProtobufRpcEngine2$Server$ProtoBufRpcInvoker.call(ProtobufRpcEngine2.java:595) [hadoop-common-3.3.5.jar:?]
	at org.apache.hadoop.ipc.ProtobufRpcEngine2$Server$ProtoBufRpcInvoker.call(ProtobufRpcEngine2.java:573) [hadoop-common-3.3.5.jar:?]
	at org.apache.hadoop.ipc.RPC$Server.call(RPC.java:1213) [hadoop-common-3.3.5.jar:?]
	at org.apache.hadoop.ipc.Server$RpcCall.run(Server.java:1089) [hadoop-common-3.3.5.jar:?]
	at org.apache.hadoop.ipc.Server$RpcCall.run(Server.java:1012) [hadoop-common-3.3.5.jar:?]
	at java.security.AccessController.doPrivileged(Native Method) ~[?:1.8.0_362]
	at javax.security.auth.Subject.doAs(Subject.java:422) [?:1.8.0_362]
	at org.apache.hadoop.security.UserGroupInformation.doAs(UserGroupInformation.java:1899) [hadoop-common-3.3.5.jar:?]
	at org.apache.hadoop.ipc.Server$Handler.run(Server.java:3026) [hadoop-common-3.3.5.jar:?]
2023-04-18 19:34:53,760 [Listener at 127.0.0.1/45463] INFO  ozone.TestDirectoryDeletingServiceWithFSO (TestDirectoryDeletingServiceWithFSO.java:assertTableRowCount(519)) - deletedDirectoryTable actual row count=1, expectedCount=0
2023-04-18 19:34:54,138 [KeyDeletingService#0] INFO  utils.BackgroundService (AbstractKeyDeletingService.java:optimizeDirDeletesAndSubmitRequest(391)) - Number of dirs deleted: 1, Number of sub-dir deleted: 0, Number of sub-files moved: 0 to DeletedTable, Number of sub-dirs moved 0 to DeletedDirectoryTable, iteration elapsed: 10ms, totalRunCount: 8
2023-04-18 19:34:54,760 [Listener at 127.0.0.1/45463] INFO  ozone.TestDirectoryDeletingServiceWithFSO (TestDirectoryDeletingServiceWithFSO.java:assertTableRowCount(519)) - deletedDirectoryTable actual row count=0, expectedCount=0
2023-04-18 19:34:54,760 [Listener at 127.0.0.1/45463] INFO  ozone.TestDirectoryDeletingServiceWithFSO (TestDirectoryDeletingServiceWithFSO.java:assertTableRowCount(519)) - directoryTable actual row count=1, expectedCount=1
]]></system-out>
  </testcase>
  <testcase name="testDeleteWithMultiLevels" classname="org.apache.hadoop.fs.ozone.TestDirectoryDeletingServiceWithFSO" time="6.155">
    <system-out><![CDATA[2023-04-18 19:34:54,895 [IPC Server handler 0 on default port 36703] INFO  ha.SequenceIdGenerator (SequenceIdGenerator.java:getNextId(128)) - Allocate a batch for containerId, change lastId from 0 to 1000.
2023-04-18 19:34:54,905 [IPC Server handler 0 on default port 36703] WARN  ha.SequenceIdGenerator (SequenceIdGenerator.java:allocateBatch(237)) - Failed to allocate a batch for localId, expected lastId is 0, actual lastId is 111677748019200000.
2023-04-18 19:34:54,906 [IPC Server handler 0 on default port 36703] INFO  ha.SequenceIdGenerator (SequenceIdGenerator.java:getNextId(128)) - Allocate a batch for localId, change lastId from 111677748019200000 to 111677748019201000.
2023-04-18 19:34:54,953 [OM StateMachine ApplyTransaction Thread - 0] INFO  key.OMKeyRequest (OMKeyRequest.java:wrapUncommittedBlocksAsPseudoKey(838)) - Detect allocated but uncommitted blocks [{blockID={containerID=1, localID=111677748019200001}, length=4194304, offset=0, token=null, pipeline=null, createVersion=0, partNumber=0}] in key rootDir/appRoot/parentDir1/childFile.
2023-04-18 19:34:54,975 [OM StateMachine ApplyTransaction Thread - 0] INFO  key.OMKeyRequest (OMKeyRequest.java:wrapUncommittedBlocksAsPseudoKey(838)) - Detect allocated but uncommitted blocks [{blockID={containerID=2, localID=111677748019200002}, length=4194304, offset=0, token=null, pipeline=null, createVersion=0, partNumber=0}] in key rootDir/appRoot/parentDir2/childFile.
2023-04-18 19:34:54,991 [OM StateMachine ApplyTransaction Thread - 0] INFO  key.OMKeyRequest (OMKeyRequest.java:wrapUncommittedBlocksAsPseudoKey(838)) - Detect allocated but uncommitted blocks [{blockID={containerID=3, localID=111677748019200003}, length=4194304, offset=0, token=null, pipeline=null, createVersion=0, partNumber=0}] in key rootDir/appRoot/parentDir3/childFile.
2023-04-18 19:34:54,993 [Listener at 127.0.0.1/45463] INFO  ozone.TestDirectoryDeletingServiceWithFSO (TestDirectoryDeletingServiceWithFSO.java:assertTableRowCount(519)) - deletedDirectoryTable actual row count=1, expectedCount=0
2023-04-18 19:34:55,010 [IPC Server handler 10 on default port 36703] INFO  ha.SequenceIdGenerator (SequenceIdGenerator.java:getNextId(128)) - Allocate a batch for delTxnId, change lastId from 0 to 1000.
2023-04-18 19:34:55,993 [Listener at 127.0.0.1/45463] INFO  ozone.TestDirectoryDeletingServiceWithFSO (TestDirectoryDeletingServiceWithFSO.java:assertTableRowCount(519)) - deletedDirectoryTable actual row count=1, expectedCount=0
2023-04-18 19:34:56,132 [KeyDeletingService#0] INFO  utils.BackgroundService (AbstractKeyDeletingService.java:optimizeDirDeletesAndSubmitRequest(391)) - Number of dirs deleted: 1, Number of sub-dir deleted: 0, Number of sub-files moved: 0 to DeletedTable, Number of sub-dirs moved 0 to DeletedDirectoryTable, iteration elapsed: 4ms, totalRunCount: 9
2023-04-18 19:34:56,994 [Listener at 127.0.0.1/45463] INFO  ozone.TestDirectoryDeletingServiceWithFSO (TestDirectoryDeletingServiceWithFSO.java:assertTableRowCount(519)) - deletedDirectoryTable actual row count=0, expectedCount=0
2023-04-18 19:34:56,994 [Listener at 127.0.0.1/45463] INFO  ozone.TestDirectoryDeletingServiceWithFSO (TestDirectoryDeletingServiceWithFSO.java:assertTableRowCount(519)) - directoryTable actual row count=5, expectedCount=5
2023-04-18 19:34:56,994 [Listener at 127.0.0.1/45463] INFO  ozone.TestDirectoryDeletingServiceWithFSO (TestDirectoryDeletingServiceWithFSO.java:assertTableRowCount(519)) - fileTable actual row count=3, expectedCount=3
19:34:57.002 [IPC Server handler 11 on default port 45463] ERROR OMAudit - user=runner | ip=127.0.0.1 | op=GET_FILE_STATUS {volume=volume14301, bucket=bucket39124, key=rootDir, dataSize=0, replicationConfig=null} | ret=FAILURE
org.apache.hadoop.ozone.om.exceptions.OMException: Unable to get file status: volume: volume14301 bucket: bucket39124 key: rootDir
	at org.apache.hadoop.ozone.om.KeyManagerImpl.getOzoneFileStatusFSO(KeyManagerImpl.java:1324) ~[ozone-manager-1.4.0-SNAPSHOT.jar:?]
	at org.apache.hadoop.ozone.om.KeyManagerImpl.getFileStatus(KeyManagerImpl.java:1116) ~[ozone-manager-1.4.0-SNAPSHOT.jar:?]
	at org.apache.hadoop.ozone.om.OmMetadataReader.getFileStatus(OmMetadataReader.java:288) ~[ozone-manager-1.4.0-SNAPSHOT.jar:?]
	at org.apache.hadoop.ozone.om.OzoneManager.getFileStatus(OzoneManager.java:3491) ~[ozone-manager-1.4.0-SNAPSHOT.jar:?]
	at org.apache.hadoop.ozone.protocolPB.OzoneManagerRequestHandler.getOzoneFileStatus(OzoneManagerRequestHandler.java:934) ~[ozone-manager-1.4.0-SNAPSHOT.jar:?]
	at org.apache.hadoop.ozone.protocolPB.OzoneManagerRequestHandler.handleReadRequest(OzoneManagerRequestHandler.java:238) ~[ozone-manager-1.4.0-SNAPSHOT.jar:?]
	at org.apache.hadoop.ozone.protocolPB.OzoneManagerProtocolServerSideTranslatorPB.submitReadRequestToOM(OzoneManagerProtocolServerSideTranslatorPB.java:223) ~[ozone-manager-1.4.0-SNAPSHOT.jar:?]
	at org.apache.hadoop.ozone.protocolPB.OzoneManagerProtocolServerSideTranslatorPB.processRequest(OzoneManagerProtocolServerSideTranslatorPB.java:177) ~[ozone-manager-1.4.0-SNAPSHOT.jar:?]
	at org.apache.hadoop.hdds.server.OzoneProtocolMessageDispatcher.processRequest(OzoneProtocolMessageDispatcher.java:87) [hdds-server-framework-1.4.0-SNAPSHOT.jar:?]
	at org.apache.hadoop.ozone.protocolPB.OzoneManagerProtocolServerSideTranslatorPB.submitRequest(OzoneManagerProtocolServerSideTranslatorPB.java:147) [ozone-manager-1.4.0-SNAPSHOT.jar:?]
	at org.apache.hadoop.ozone.protocol.proto.OzoneManagerProtocolProtos$OzoneManagerService$2.callBlockingMethod(OzoneManagerProtocolProtos.java) [ozone-interface-client-1.4.0-SNAPSHOT.jar:?]
	at org.apache.hadoop.ipc.ProtobufRpcEngine$Server.processCall(ProtobufRpcEngine.java:484) [hadoop-common-3.3.5.jar:?]
	at org.apache.hadoop.ipc.ProtobufRpcEngine2$Server$ProtoBufRpcInvoker.call(ProtobufRpcEngine2.java:595) [hadoop-common-3.3.5.jar:?]
	at org.apache.hadoop.ipc.ProtobufRpcEngine2$Server$ProtoBufRpcInvoker.call(ProtobufRpcEngine2.java:573) [hadoop-common-3.3.5.jar:?]
	at org.apache.hadoop.ipc.RPC$Server.call(RPC.java:1213) [hadoop-common-3.3.5.jar:?]
	at org.apache.hadoop.ipc.Server$RpcCall.run(Server.java:1089) [hadoop-common-3.3.5.jar:?]
	at org.apache.hadoop.ipc.Server$RpcCall.run(Server.java:1012) [hadoop-common-3.3.5.jar:?]
	at java.security.AccessController.doPrivileged(Native Method) ~[?:1.8.0_362]
	at javax.security.auth.Subject.doAs(Subject.java:422) [?:1.8.0_362]
	at org.apache.hadoop.security.UserGroupInformation.doAs(UserGroupInformation.java:1899) [hadoop-common-3.3.5.jar:?]
	at org.apache.hadoop.ipc.Server$Handler.run(Server.java:3026) [hadoop-common-3.3.5.jar:?]
2023-04-18 19:34:57,003 [Listener at 127.0.0.1/45463] INFO  ozone.TestDirectoryDeletingServiceWithFSO (TestDirectoryDeletingServiceWithFSO.java:assertTableRowCount(519)) - deletedDirectoryTable actual row count=1, expectedCount=0
2023-04-18 19:34:58,004 [Listener at 127.0.0.1/45463] INFO  ozone.TestDirectoryDeletingServiceWithFSO (TestDirectoryDeletingServiceWithFSO.java:assertTableRowCount(519)) - deletedDirectoryTable actual row count=1, expectedCount=0
2023-04-18 19:34:58,135 [KeyDeletingService#0] INFO  utils.BackgroundService (AbstractKeyDeletingService.java:optimizeDirDeletesAndSubmitRequest(391)) - Number of dirs deleted: 1, Number of sub-dir deleted: 1, Number of sub-files moved: 1 to DeletedTable, Number of sub-dirs moved 3 to DeletedDirectoryTable, iteration elapsed: 7ms, totalRunCount: 10
2023-04-18 19:34:59,004 [Listener at 127.0.0.1/45463] INFO  ozone.TestDirectoryDeletingServiceWithFSO (TestDirectoryDeletingServiceWithFSO.java:assertTableRowCount(519)) - deletedDirectoryTable actual row count=3, expectedCount=0
2023-04-18 19:35:00,005 [Listener at 127.0.0.1/45463] INFO  ozone.TestDirectoryDeletingServiceWithFSO (TestDirectoryDeletingServiceWithFSO.java:assertTableRowCount(519)) - deletedDirectoryTable actual row count=3, expectedCount=0
2023-04-18 19:35:00,135 [KeyDeletingService#0] INFO  utils.BackgroundService (AbstractKeyDeletingService.java:optimizeDirDeletesAndSubmitRequest(391)) - Number of dirs deleted: 3, Number of sub-dir deleted: 0, Number of sub-files moved: 2 to DeletedTable, Number of sub-dirs moved 0 to DeletedDirectoryTable, iteration elapsed: 6ms, totalRunCount: 11
2023-04-18 19:35:01,005 [Listener at 127.0.0.1/45463] INFO  ozone.TestDirectoryDeletingServiceWithFSO (TestDirectoryDeletingServiceWithFSO.java:assertTableRowCount(519)) - deletedDirectoryTable actual row count=0, expectedCount=0
2023-04-18 19:35:01,006 [Listener at 127.0.0.1/45463] INFO  ozone.TestDirectoryDeletingServiceWithFSO (TestDirectoryDeletingServiceWithFSO.java:assertTableRowCount(519)) - fileTable actual row count=0, expectedCount=0
2023-04-18 19:35:01,006 [Listener at 127.0.0.1/45463] INFO  ozone.TestDirectoryDeletingServiceWithFSO (TestDirectoryDeletingServiceWithFSO.java:assertTableRowCount(519)) - directoryTable actual row count=0, expectedCount=0
]]></system-out>
  </testcase>
  <testcase name="testDeleteFilesAndSubFiles" classname="org.apache.hadoop.fs.ozone.TestDirectoryDeletingServiceWithFSO" time="3.668">
    <system-out><![CDATA[2023-04-18 19:35:01,051 [Listener at 127.0.0.1/45463] INFO  impl.MetricsSystemImpl (MetricsSystemImpl.java:init(158)) - XceiverClientMetrics metrics system started (again)
2023-04-18 19:35:01,053 [Listener at 127.0.0.1/45463] INFO  lib.Interns (Interns.java:removeEldestEntry(50)) - Metrics intern cache overflow at 2011 for MetricsSystem={MetricsSystem=MetricsInfoImpl{name=MetricsSystem, description=MetricsSystem}, MetricsSystem record=MetricsInfoImpl{name=MetricsSystem, description=MetricsSystem record}}
2023-04-18 19:35:01,647 [Listener at 127.0.0.1/45463] INFO  ozone.TestDirectoryDeletingServiceWithFSO (TestDirectoryDeletingServiceWithFSO.java:assertTableRowCount(519)) - deletedDirectoryTable actual row count=0, expectedCount=0
2023-04-18 19:35:01,647 [Listener at 127.0.0.1/45463] INFO  ozone.TestDirectoryDeletingServiceWithFSO (TestDirectoryDeletingServiceWithFSO.java:assertTableRowCount(519)) - fileTable actual row count=4, expectedCount=5
2023-04-18 19:35:02,648 [Listener at 127.0.0.1/45463] INFO  ozone.TestDirectoryDeletingServiceWithFSO (TestDirectoryDeletingServiceWithFSO.java:assertTableRowCount(519)) - fileTable actual row count=5, expectedCount=5
2023-04-18 19:35:02,648 [Listener at 127.0.0.1/45463] INFO  ozone.TestDirectoryDeletingServiceWithFSO (TestDirectoryDeletingServiceWithFSO.java:assertTableRowCount(519)) - directoryTable actual row count=1, expectedCount=1
2023-04-18 19:35:02,666 [Listener at 127.0.0.1/45463] INFO  ozone.TestDirectoryDeletingServiceWithFSO (TestDirectoryDeletingServiceWithFSO.java:assertTableRowCount(519)) - fileTable actual row count=2, expectedCount=2
2023-04-18 19:35:02,666 [Listener at 127.0.0.1/45463] INFO  ozone.TestDirectoryDeletingServiceWithFSO (TestDirectoryDeletingServiceWithFSO.java:assertTableRowCount(519)) - directoryTable actual row count=1, expectedCount=1
2023-04-18 19:35:02,666 [Listener at 127.0.0.1/45463] INFO  ozone.TestDirectoryDeletingServiceWithFSO (TestDirectoryDeletingServiceWithFSO.java:assertTableRowCount(519)) - deletedDirectoryTable actual row count=0, expectedCount=0
2023-04-18 19:35:02,666 [Listener at 127.0.0.1/45463] INFO  ozone.TestDirectoryDeletingServiceWithFSO (TestDirectoryDeletingServiceWithFSO.java:assertTableRowCount(519)) - deletedTable actual row count=3, expectedCount=0
2023-04-18 19:35:03,666 [Listener at 127.0.0.1/45463] INFO  ozone.TestDirectoryDeletingServiceWithFSO (TestDirectoryDeletingServiceWithFSO.java:assertTableRowCount(519)) - deletedTable actual row count=0, expectedCount=0
2023-04-18 19:35:03,674 [Listener at 127.0.0.1/45463] INFO  ozone.TestDirectoryDeletingServiceWithFSO (TestDirectoryDeletingServiceWithFSO.java:assertTableRowCount(519)) - fileTable actual row count=2, expectedCount=0
2023-04-18 19:35:04,132 [KeyDeletingService#0] INFO  utils.BackgroundService (AbstractKeyDeletingService.java:optimizeDirDeletesAndSubmitRequest(391)) - Number of dirs deleted: 1, Number of sub-dir deleted: 0, Number of sub-files moved: 2 to DeletedTable, Number of sub-dirs moved 0 to DeletedDirectoryTable, iteration elapsed: 4ms, totalRunCount: 13
2023-04-18 19:35:04,674 [Listener at 127.0.0.1/45463] INFO  ozone.TestDirectoryDeletingServiceWithFSO (TestDirectoryDeletingServiceWithFSO.java:assertTableRowCount(519)) - fileTable actual row count=0, expectedCount=0
2023-04-18 19:35:04,675 [Listener at 127.0.0.1/45463] INFO  ozone.TestDirectoryDeletingServiceWithFSO (TestDirectoryDeletingServiceWithFSO.java:assertTableRowCount(519)) - directoryTable actual row count=0, expectedCount=0
2023-04-18 19:35:04,675 [Listener at 127.0.0.1/45463] INFO  ozone.TestDirectoryDeletingServiceWithFSO (TestDirectoryDeletingServiceWithFSO.java:assertTableRowCount(519)) - deletedDirectoryTable actual row count=0, expectedCount=0
2023-04-18 19:35:04,675 [Listener at 127.0.0.1/45463] INFO  ozone.TestDirectoryDeletingServiceWithFSO (TestDirectoryDeletingServiceWithFSO.java:assertTableRowCount(519)) - deletedTable actual row count=0, expectedCount=0
]]></system-out>
  </testcase>
  <testcase name="testDirDeletedTableCleanUpForSnapshot" classname="org.apache.hadoop.fs.ozone.TestDirectoryDeletingServiceWithFSO" time="122.614">
    <error type="java.util.concurrent.TimeoutException"><![CDATA[java.util.concurrent.TimeoutException: 
Timed out waiting for condition. Thread diagnostics:
Timestamp: 2023-04-18 07:37:07,227

"ContainerOp-cd8abe94-f173-4052-9509-b5bff1395f48-9"  prio=5 tid=483 in Object.wait()
java.lang.Thread.State: WAITING (on object monitor)
        at sun.misc.Unsafe.park(Native Method)
        at java.util.concurrent.locks.LockSupport.park(LockSupport.java:175)
        at java.util.concurrent.locks.AbstractQueuedSynchronizer$ConditionObject.await(AbstractQueuedSynchronizer.java:2039)
        at java.util.concurrent.LinkedBlockingQueue.take(LinkedBlockingQueue.java:442)
        at java.util.concurrent.ThreadPoolExecutor.getTask(ThreadPoolExecutor.java:1074)
        at java.util.concurrent.ThreadPoolExecutor.runWorker(ThreadPoolExecutor.java:1134)
        at java.util.concurrent.ThreadPoolExecutor$Worker.run(ThreadPoolExecutor.java:624)
        at java.lang.Thread.run(Thread.java:750)
"21b868c3-9969-4e13-ad52-9b0ac48fd138-server-thread3" daemon prio=5 tid=410 timed_waiting
java.lang.Thread.State: TIMED_WAITING
        at sun.misc.Unsafe.park(Native Method)
        at java.util.concurrent.locks.LockSupport.parkNanos(LockSupport.java:215)
        at java.util.concurrent.SynchronousQueue$TransferStack.awaitFulfill(SynchronousQueue.java:460)
        at java.util.concurrent.SynchronousQueue$TransferStack.transfer(SynchronousQueue.java:362)
        at java.util.concurrent.SynchronousQueue.poll(SynchronousQueue.java:941)
        at java.util.concurrent.ThreadPoolExecutor.getTask(ThreadPoolExecutor.java:1073)
        at java.util.concurrent.ThreadPoolExecutor.runWorker(ThreadPoolExecutor.java:1134)
        at java.util.concurrent.ThreadPoolExecutor$Worker.run(ThreadPoolExecutor.java:624)
        at java.lang.Thread.run(Thread.java:750)
"FixedThreadPoolWithAffinityExecutor-9-0" daemon prio=5 tid=47 timed_waiting
java.lang.Thread.State: TIMED_WAITING
        at sun.misc.Unsafe.park(Native Method)
        at java.util.concurrent.locks.LockSupport.parkNanos(LockSupport.java:215)
        at java.util.concurrent.locks.AbstractQueuedSynchronizer$ConditionObject.awaitNanos(AbstractQueuedSynchronizer.java:2078)
        at java.util.concurrent.LinkedBlockingQueue.poll(LinkedBlockingQueue.java:467)
        at org.apache.hadoop.hdds.scm.server.ContainerReportQueue.poll(ContainerReportQueue.java:266)
        at org.apache.hadoop.hdds.scm.server.ContainerReportQueue.poll(ContainerReportQueue.java:42)
        at org.apache.hadoop.hdds.server.events.FixedThreadPoolWithAffinityExecutor$ContainerReportProcessTask.run(FixedThreadPoolWithAffinityExecutor.java:247)
        at java.util.concurrent.Executors$RunnableAdapter.call(Executors.java:511)
        at java.util.concurrent.FutureTask.run(FutureTask.java:266)
        at java.util.concurrent.ThreadPoolExecutor.runWorker(ThreadPoolExecutor.java:1149)
        at java.util.concurrent.ThreadPoolExecutor$Worker.run(ThreadPoolExecutor.java:624)
        at java.lang.Thread.run(Thread.java:750)
"ContainerOp-fe8f8231-531f-40c6-a24e-b6dddc8024d4-0"  prio=5 tid=446 in Object.wait()
java.lang.Thread.State: WAITING (on object monitor)
        at sun.misc.Unsafe.park(Native Method)
        at java.util.concurrent.locks.LockSupport.park(LockSupport.java:175)
        at java.util.concurrent.locks.AbstractQueuedSynchronizer$ConditionObject.await(AbstractQueuedSynchronizer.java:2039)
        at java.util.concurrent.LinkedBlockingQueue.take(LinkedBlockingQueue.java:442)
        at java.util.concurrent.ThreadPoolExecutor.getTask(ThreadPoolExecutor.java:1074)
        at java.util.concurrent.ThreadPoolExecutor.runWorker(ThreadPoolExecutor.java:1134)
        at java.util.concurrent.ThreadPoolExecutor$Worker.run(ThreadPoolExecutor.java:624)
        at java.lang.Thread.run(Thread.java:750)
"IPC Server handler 13 on default port 36647" daemon prio=5 tid=62 timed_waiting
java.lang.Thread.State: TIMED_WAITING
        at sun.misc.Unsafe.park(Native Method)
        at java.util.concurrent.locks.LockSupport.parkNanos(LockSupport.java:215)
        at java.util.concurrent.locks.AbstractQueuedSynchronizer$ConditionObject.awaitNanos(AbstractQueuedSynchronizer.java:2078)
        at java.util.concurrent.LinkedBlockingQueue.poll(LinkedBlockingQueue.java:467)
        at org.apache.hadoop.ipc.CallQueueManager.take(CallQueueManager.java:317)
        at org.apache.hadoop.ipc.Server$Handler.run(Server.java:2992)
"ContainerOp-cd8abe94-f173-4052-9509-b5bff1395f48-5"  prio=5 tid=454 in Object.wait()
java.lang.Thread.State: WAITING (on object monitor)
        at sun.misc.Unsafe.park(Native Method)
        at java.util.concurrent.locks.LockSupport.park(LockSupport.java:175)
        at java.util.concurrent.locks.AbstractQueuedSynchronizer$ConditionObject.await(AbstractQueuedSynchronizer.java:2039)
        at java.util.concurrent.LinkedBlockingQueue.take(LinkedBlockingQueue.java:442)
        at java.util.concurrent.ThreadPoolExecutor.getTask(ThreadPoolExecutor.java:1074)
        at java.util.concurrent.ThreadPoolExecutor.runWorker(ThreadPoolExecutor.java:1134)
        at java.util.concurrent.ThreadPoolExecutor$Worker.run(ThreadPoolExecutor.java:624)
        at java.lang.Thread.run(Thread.java:750)
"IPC Server listener on 0" daemon prio=5 tid=33 runnable
java.lang.Thread.State: RUNNABLE
        at sun.nio.ch.EPollArrayWrapper.epollWait(Native Method)
        at sun.nio.ch.EPollArrayWrapper.poll(EPollArrayWrapper.java:269)
        at sun.nio.ch.EPollSelectorImpl.doSelect(EPollSelectorImpl.java:93)
        at sun.nio.ch.SelectorImpl.lockAndDoSelect(SelectorImpl.java:86)
        at sun.nio.ch.SelectorImpl.select(SelectorImpl.java:97)
        at sun.nio.ch.SelectorImpl.select(SelectorImpl.java:101)
        at org.apache.hadoop.ipc.Server$Listener.run(Server.java:1404)
"pool-94-thread-1" daemon prio=5 tid=215 timed_waiting
java.lang.Thread.State: TIMED_WAITING
        at sun.misc.Unsafe.park(Native Method)
        at java.util.concurrent.locks.LockSupport.parkNanos(LockSupport.java:215)
        at java.util.concurrent.locks.AbstractQueuedSynchronizer$ConditionObject.awaitNanos(AbstractQueuedSynchronizer.java:2078)
        at java.util.concurrent.ScheduledThreadPoolExecutor$DelayedWorkQueue.take(ScheduledThreadPoolExecutor.java:1093)
        at java.util.concurrent.ScheduledThreadPoolExecutor$DelayedWorkQueue.take(ScheduledThreadPoolExecutor.java:809)
        at java.util.concurrent.ThreadPoolExecutor.getTask(ThreadPoolExecutor.java:1074)
        at java.util.concurrent.ThreadPoolExecutor.runWorker(ThreadPoolExecutor.java:1134)
        at java.util.concurrent.ThreadPoolExecutor$Worker.run(ThreadPoolExecutor.java:624)
        at java.lang.Thread.run(Thread.java:750)
"StaleRecoveringContainerScrubbingService#1" daemon prio=5 tid=309 in Object.wait()
java.lang.Thread.State: WAITING (on object monitor)
        at sun.misc.Unsafe.park(Native Method)
        at java.util.concurrent.locks.LockSupport.park(LockSupport.java:175)
        at java.util.concurrent.locks.AbstractQueuedSynchronizer$ConditionObject.await(AbstractQueuedSynchronizer.java:2039)
        at java.util.concurrent.ScheduledThreadPoolExecutor$DelayedWorkQueue.take(ScheduledThreadPoolExecutor.java:1088)
        at java.util.concurrent.ScheduledThreadPoolExecutor$DelayedWorkQueue.take(ScheduledThreadPoolExecutor.java:809)
        at java.util.concurrent.ThreadPoolExecutor.getTask(ThreadPoolExecutor.java:1074)
        at java.util.concurrent.ThreadPoolExecutor.runWorker(ThreadPoolExecutor.java:1134)
        at java.util.concurrent.ThreadPoolExecutor$Worker.run(ThreadPoolExecutor.java:624)
        at java.lang.Thread.run(Thread.java:750)
"pool-61-thread-1"  prio=5 tid=131 in Object.wait()
java.lang.Thread.State: WAITING (on object monitor)
        at sun.misc.Unsafe.park(Native Method)
        at java.util.concurrent.locks.LockSupport.park(LockSupport.java:175)
        at java.util.concurrent.locks.AbstractQueuedSynchronizer$ConditionObject.await(AbstractQueuedSynchronizer.java:2039)
        at java.util.concurrent.LinkedBlockingQueue.take(LinkedBlockingQueue.java:442)
        at java.util.concurrent.ThreadPoolExecutor.getTask(ThreadPoolExecutor.java:1074)
        at java.util.concurrent.ThreadPoolExecutor.runWorker(ThreadPoolExecutor.java:1134)
        at java.util.concurrent.ThreadPoolExecutor$Worker.run(ThreadPoolExecutor.java:624)
        at java.lang.Thread.run(Thread.java:750)
"ContainerOp-cd8abe94-f173-4052-9509-b5bff1395f48-2"  prio=5 tid=438 in Object.wait()
java.lang.Thread.State: WAITING (on object monitor)
        at sun.misc.Unsafe.park(Native Method)
        at java.util.concurrent.locks.LockSupport.park(LockSupport.java:175)
        at java.util.concurrent.locks.AbstractQueuedSynchronizer$ConditionObject.await(AbstractQueuedSynchronizer.java:2039)
        at java.util.concurrent.LinkedBlockingQueue.take(LinkedBlockingQueue.java:442)
        at java.util.concurrent.ThreadPoolExecutor.getTask(ThreadPoolExecutor.java:1074)
        at java.util.concurrent.ThreadPoolExecutor.runWorker(ThreadPoolExecutor.java:1134)
        at java.util.concurrent.ThreadPoolExecutor$Worker.run(ThreadPoolExecutor.java:624)
        at java.lang.Thread.run(Thread.java:750)
"ContainerOp-cd8abe94-f173-4052-9509-b5bff1395f48-9"  prio=5 tid=485 in Object.wait()
java.lang.Thread.State: WAITING (on object monitor)
        at sun.misc.Unsafe.park(Native Method)
        at java.util.concurrent.locks.LockSupport.park(LockSupport.java:175)
        at java.util.concurrent.locks.AbstractQueuedSynchronizer$ConditionObject.await(AbstractQueuedSynchronizer.java:2039)
        at java.util.concurrent.LinkedBlockingQueue.take(LinkedBlockingQueue.java:442)
        at java.util.concurrent.ThreadPoolExecutor.getTask(ThreadPoolExecutor.java:1074)
        at java.util.concurrent.ThreadPoolExecutor.runWorker(ThreadPoolExecutor.java:1134)
        at java.util.concurrent.ThreadPoolExecutor$Worker.run(ThreadPoolExecutor.java:624)
        at java.lang.Thread.run(Thread.java:750)
"IPC Server handler 14 on default port 37905" daemon prio=5 tid=103 timed_waiting
java.lang.Thread.State: TIMED_WAITING
        at sun.misc.Unsafe.park(Native Method)
        at java.util.concurrent.locks.LockSupport.parkNanos(LockSupport.java:215)
        at java.util.concurrent.locks.AbstractQueuedSynchronizer$ConditionObject.awaitNanos(AbstractQueuedSynchronizer.java:2078)
        at java.util.concurrent.LinkedBlockingQueue.poll(LinkedBlockingQueue.java:467)
        at org.apache.hadoop.ipc.CallQueueManager.take(CallQueueManager.java:317)
        at org.apache.hadoop.ipc.Server$Handler.run(Server.java:2992)
"FixedThreadPoolWithAffinityExecutor-6-0" daemon prio=5 tid=44 timed_waiting
java.lang.Thread.State: TIMED_WAITING
        at sun.misc.Unsafe.park(Native Method)
        at java.util.concurrent.locks.LockSupport.parkNanos(LockSupport.java:215)
        at java.util.concurrent.locks.AbstractQueuedSynchronizer$ConditionObject.awaitNanos(AbstractQueuedSynchronizer.java:2078)
        at java.util.concurrent.LinkedBlockingQueue.poll(LinkedBlockingQueue.java:467)
        at org.apache.hadoop.hdds.scm.server.ContainerReportQueue.poll(ContainerReportQueue.java:266)
        at org.apache.hadoop.hdds.scm.server.ContainerReportQueue.poll(ContainerReportQueue.java:42)
        at org.apache.hadoop.hdds.server.events.FixedThreadPoolWithAffinityExecutor$ContainerReportProcessTask.run(FixedThreadPoolWithAffinityExecutor.java:247)
        at java.util.concurrent.Executors$RunnableAdapter.call(Executors.java:511)
        at java.util.concurrent.FutureTask.run(FutureTask.java:266)
        at java.util.concurrent.ThreadPoolExecutor.runWorker(ThreadPoolExecutor.java:1149)
        at java.util.concurrent.ThreadPoolExecutor$Worker.run(ThreadPoolExecutor.java:624)
        at java.lang.Thread.run(Thread.java:750)
"Finalizer" daemon prio=8 tid=3 in Object.wait()
java.lang.Thread.State: WAITING (on object monitor)
        at java.lang.Object.wait(Native Method)
        at java.lang.ref.ReferenceQueue.remove(ReferenceQueue.java:144)
        at java.lang.ref.ReferenceQueue.remove(ReferenceQueue.java:165)
        at java.lang.ref.Finalizer$FinalizerThread.run(Finalizer.java:188)
"b1c57afc-121c-455c-bc43-4ffbee8e4677@group-B6DDDC8024D4-SegmentedRaftLogWorker"  prio=5 tid=323 timed_waiting
java.lang.Thread.State: TIMED_WAITING
        at sun.misc.Unsafe.park(Native Method)
        at java.util.concurrent.locks.LockSupport.parkNanos(LockSupport.java:215)
        at java.util.concurrent.locks.AbstractQueuedSynchronizer$ConditionObject.awaitNanos(AbstractQueuedSynchronizer.java:2078)
        at org.apache.ratis.util.DataBlockingQueue.poll(DataBlockingQueue.java:148)
        at org.apache.ratis.server.raftlog.segmented.SegmentedRaftLogWorker.run(SegmentedRaftLogWorker.java:312)
        at org.apache.ratis.server.raftlog.segmented.SegmentedRaftLogWorker$$Lambda$686/78095376.run(Unknown Source)
        at java.lang.Thread.run(Thread.java:750)
"RatisPipelineUtilsThread - 0"  prio=5 tid=15 timed_waiting
java.lang.Thread.State: TIMED_WAITING
        at java.lang.Object.wait(Native Method)
        at org.apache.hadoop.hdds.scm.pipeline.BackgroundPipelineCreator.run(BackgroundPipelineCreator.java:176)
        at org.apache.hadoop.hdds.scm.pipeline.BackgroundPipelineCreator$$Lambda$378/2120115571.run(Unknown Source)
        at java.lang.Thread.run(Thread.java:750)
"Listener at 127.0.0.1/45463"  prio=5 tid=1 runnable
java.lang.Thread.State: RUNNABLE
        at java.lang.Thread.dumpThreads(Native Method)
        at java.lang.Thread.getAllStackTraces(Thread.java:1615)
        at org.apache.ozone.test.TimedOutTestsListener.buildThreadDump(TimedOutTestsListener.java:93)
        at org.apache.ozone.test.TimedOutTestsListener.buildThreadDiagnosticString(TimedOutTestsListener.java:79)
        at org.apache.ozone.test.GenericTestUtils.waitFor(GenericTestUtils.java:231)
        at org.apache.hadoop.fs.ozone.TestDirectoryDeletingServiceWithFSO.assertTableRowCount(TestDirectoryDeletingServiceWithFSO.java:509)
        at org.apache.hadoop.fs.ozone.TestDirectoryDeletingServiceWithFSO.testDirDeletedTableCleanUpForSnapshot(TestDirectoryDeletingServiceWithFSO.java:451)
        at sun.reflect.NativeMethodAccessorImpl.invoke0(Native Method)
        at sun.reflect.NativeMethodAccessorImpl.invoke(NativeMethodAccessorImpl.java:62)
        at sun.reflect.DelegatingMethodAccessorImpl.invoke(DelegatingMethodAccessorImpl.java:43)
        at java.lang.reflect.Method.invoke(Method.java:498)
        at org.junit.platform.commons.util.ReflectionUtils.invokeMethod(ReflectionUtils.java:725)
        at org.junit.jupiter.engine.execution.MethodInvocation.proceed(MethodInvocation.java:60)
        at org.junit.jupiter.engine.execution.InvocationInterceptorChain$ValidatingInvocation.proceed(InvocationInterceptorChain.java:131)
        at org.junit.jupiter.engine.extension.TimeoutInvocation.proceed(TimeoutInvocation.java:46)
        at org.junit.jupiter.engine.extension.TimeoutExtension.intercept(TimeoutExtension.java:149)
        at org.junit.jupiter.engine.extension.TimeoutExtension.interceptTestableMethod(TimeoutExtension.java:140)
        at org.junit.jupiter.engine.extension.TimeoutExtension.interceptTestMethod(TimeoutExtension.java:84)
        at org.junit.jupiter.engine.descriptor.TestMethodTestDescriptor$$Lambda$161/1714078840.apply(Unknown Source)
        at org.junit.jupiter.engine.execution.ExecutableInvoker$ReflectiveInterceptorCall.lambda$ofVoidMethod$0(ExecutableInvoker.java:115)
        at org.junit.jupiter.engine.execution.ExecutableInvoker$ReflectiveInterceptorCall$$Lambda$162/257513673.apply(Unknown Source)
        at org.junit.jupiter.engine.execution.ExecutableInvoker.lambda$invoke$0(ExecutableInvoker.java:105)
        at org.junit.jupiter.engine.execution.ExecutableInvoker$$Lambda$317/335359181.apply(Unknown Source)
        at org.junit.jupiter.engine.execution.InvocationInterceptorChain$InterceptedInvocation.proceed(InvocationInterceptorChain.java:106)
        at org.junit.jupiter.engine.execution.InvocationInterceptorChain.proceed(InvocationInterceptorChain.java:64)
        at org.junit.jupiter.engine.execution.InvocationInterceptorChain.chainAndInvoke(InvocationInterceptorChain.java:45)
        at org.junit.jupiter.engine.execution.InvocationInterceptorChain.invoke(InvocationInterceptorChain.java:37)
        at org.junit.jupiter.engine.execution.ExecutableInvoker.invoke(ExecutableInvoker.java:104)
        at org.junit.jupiter.engine.execution.ExecutableInvoker.invoke(ExecutableInvoker.java:98)
        at org.junit.jupiter.engine.descriptor.TestMethodTestDescriptor.lambda$invokeTestMethod$7(TestMethodTestDescriptor.java:214)
        at org.junit.jupiter.engine.descriptor.TestMethodTestDescriptor$$Lambda$1238/7657975.execute(Unknown Source)
        at org.junit.platform.engine.support.hierarchical.ThrowableCollector.execute(ThrowableCollector.java:73)
        at org.junit.jupiter.engine.descriptor.TestMethodTestDescriptor.invokeTestMethod(TestMethodTestDescriptor.java:210)
        at org.junit.jupiter.engine.descriptor.TestMethodTestDescriptor.execute(TestMethodTestDescriptor.java:135)
        at org.junit.jupiter.engine.descriptor.TestMethodTestDescriptor.execute(TestMethodTestDescriptor.java:66)
        at org.junit.platform.engine.support.hierarchical.NodeTestTask.lambda$executeRecursively$6(NodeTestTask.java:151)
        at org.junit.platform.engine.support.hierarchical.NodeTestTask$$Lambda$258/1409545055.execute(Unknown Source)
        at org.junit.platform.engine.support.hierarchical.ThrowableCollector.execute(ThrowableCollector.java:73)
        at org.junit.platform.engine.support.hierarchical.NodeTestTask.lambda$executeRecursively$8(NodeTestTask.java:141)
        at org.junit.platform.engine.support.hierarchical.NodeTestTask$$Lambda$257/1117519786.invoke(Unknown Source)
        at org.junit.platform.engine.support.hierarchical.Node.around(Node.java:137)
        at org.junit.platform.engine.support.hierarchical.NodeTestTask.lambda$executeRecursively$9(NodeTestTask.java:139)
        at org.junit.platform.engine.support.hierarchical.NodeTestTask$$Lambda$256/1237825806.execute(Unknown Source)
        at org.junit.platform.engine.support.hierarchical.ThrowableCollector.execute(ThrowableCollector.java:73)
        at org.junit.platform.engine.support.hierarchical.NodeTestTask.executeRecursively(NodeTestTask.java:138)
        at org.junit.platform.engine.support.hierarchical.NodeTestTask.execute(NodeTestTask.java:95)
        at org.junit.platform.engine.support.hierarchical.SameThreadHierarchicalTestExecutorService$$Lambda$262/1478150312.accept(Unknown Source)
        at java.util.ArrayList.forEach(ArrayList.java:1259)
        at org.junit.platform.engine.support.hierarchical.SameThreadHierarchicalTestExecutorService.invokeAll(SameThreadHierarchicalTestExecutorService.java:41)
        at org.junit.platform.engine.support.hierarchical.NodeTestTask.lambda$executeRecursively$6(NodeTestTask.java:155)
        at org.junit.platform.engine.support.hierarchical.NodeTestTask$$Lambda$258/1409545055.execute(Unknown Source)
        at org.junit.platform.engine.support.hierarchical.ThrowableCollector.execute(ThrowableCollector.java:73)
        at org.junit.platform.engine.support.hierarchical.NodeTestTask.lambda$executeRecursively$8(NodeTestTask.java:141)
        at org.junit.platform.engine.support.hierarchical.NodeTestTask$$Lambda$257/1117519786.invoke(Unknown Source)
        at org.junit.platform.engine.support.hierarchical.Node.around(Node.java:137)
        at org.junit.platform.engine.support.hierarchical.NodeTestTask.lambda$executeRecursively$9(NodeTestTask.java:139)
        at org.junit.platform.engine.support.hierarchical.NodeTestTask$$Lambda$256/1237825806.execute(Unknown Source)
        at org.junit.platform.engine.support.hierarchical.ThrowableCollector.execute(ThrowableCollector.java:73)
        at org.junit.platform.engine.support.hierarchical.NodeTestTask.executeRecursively(NodeTestTask.java:138)
        at org.junit.platform.engine.support.hierarchical.NodeTestTask.execute(NodeTestTask.java:95)
        at org.junit.platform.engine.support.hierarchical.SameThreadHierarchicalTestExecutorService$$Lambda$262/1478150312.accept(Unknown Source)
        at java.util.ArrayList.forEach(ArrayList.java:1259)
        at org.junit.platform.engine.support.hierarchical.SameThreadHierarchicalTestExecutorService.invokeAll(SameThreadHierarchicalTestExecutorService.java:41)
        at org.junit.platform.engine.support.hierarchical.NodeTestTask.lambda$executeRecursively$6(NodeTestTask.java:155)
        at org.junit.platform.engine.support.hierarchical.NodeTestTask$$Lambda$258/1409545055.execute(Unknown Source)
        at org.junit.platform.engine.support.hierarchical.ThrowableCollector.execute(ThrowableCollector.java:73)
        at org.junit.platform.engine.support.hierarchical.NodeTestTask.lambda$executeRecursively$8(NodeTestTask.java:141)
        at org.junit.platform.engine.support.hierarchical.NodeTestTask$$Lambda$257/1117519786.invoke(Unknown Source)
        at org.junit.platform.engine.support.hierarchical.Node.around(Node.java:137)
        at org.junit.platform.engine.support.hierarchical.NodeTestTask.lambda$executeRecursively$9(NodeTestTask.java:139)
        at org.junit.platform.engine.support.hierarchical.NodeTestTask$$Lambda$256/1237825806.execute(Unknown Source)
        at org.junit.platform.engine.support.hierarchical.ThrowableCollector.execute(ThrowableCollector.java:73)
        at org.junit.platform.engine.support.hierarchical.NodeTestTask.executeRecursively(NodeTestTask.java:138)
        at org.junit.platform.engine.support.hierarchical.NodeTestTask.execute(NodeTestTask.java:95)
        at org.junit.platform.engine.support.hierarchical.SameThreadHierarchicalTestExecutorService.submit(SameThreadHierarchicalTestExecutorService.java:35)
        at org.junit.platform.engine.support.hierarchical.HierarchicalTestExecutor.execute(HierarchicalTestExecutor.java:57)
        at org.junit.platform.engine.support.hierarchical.HierarchicalTestEngine.execute(HierarchicalTestEngine.java:54)
        at org.junit.platform.launcher.core.EngineExecutionOrchestrator.execute(EngineExecutionOrchestrator.java:107)
        at org.junit.platform.launcher.core.EngineExecutionOrchestrator.execute(EngineExecutionOrchestrator.java:88)
        at org.junit.platform.launcher.core.EngineExecutionOrchestrator.lambda$execute$0(EngineExecutionOrchestrator.java:54)
        at org.junit.platform.launcher.core.EngineExecutionOrchestrator$$Lambda$214/1464555023.accept(Unknown Source)
        at org.junit.platform.launcher.core.EngineExecutionOrchestrator.withInterceptedStreams(EngineExecutionOrchestrator.java:67)
        at org.junit.platform.launcher.core.EngineExecutionOrchestrator.execute(EngineExecutionOrchestrator.java:52)
        at org.junit.platform.launcher.core.DefaultLauncher.execute(DefaultLauncher.java:114)
        at org.junit.platform.launcher.core.DefaultLauncher.execute(DefaultLauncher.java:86)
        at org.junit.platform.launcher.core.DefaultLauncherSession$DelegatingLauncher.execute(DefaultLauncherSession.java:86)
        at org.junit.platform.launcher.core.SessionPerRequestLauncher.execute(SessionPerRequestLauncher.java:53)
        at org.apache.maven.surefire.junitplatform.JUnitPlatformProvider.execute(JUnitPlatformProvider.java:188)
        at org.apache.maven.surefire.junitplatform.JUnitPlatformProvider.invokeAllTests(JUnitPlatformProvider.java:154)
        at org.apache.maven.surefire.junitplatform.JUnitPlatformProvider.invoke(JUnitPlatformProvider.java:124)
        at org.apache.maven.surefire.booter.ForkedBooter.runSuitesInProcess(ForkedBooter.java:428)
        at org.apache.maven.surefire.booter.ForkedBooter.execute(ForkedBooter.java:162)
        at org.apache.maven.surefire.booter.ForkedBooter.run(ForkedBooter.java:562)
        at org.apache.maven.surefire.booter.ForkedBooter.main(ForkedBooter.java:548)
"ContainerOp-cd8abe94-f173-4052-9509-b5bff1395f48-9"  prio=5 tid=486 in Object.wait()
java.lang.Thread.State: WAITING (on object monitor)
        at sun.misc.Unsafe.park(Native Method)
        at java.util.concurrent.locks.LockSupport.park(LockSupport.java:175)
        at java.util.concurrent.locks.AbstractQueuedSynchronizer$ConditionObject.await(AbstractQueuedSynchronizer.java:2039)
        at java.util.concurrent.LinkedBlockingQueue.take(LinkedBlockingQueue.java:442)
        at java.util.concurrent.ThreadPoolExecutor.getTask(ThreadPoolExecutor.java:1074)
        at java.util.concurrent.ThreadPoolExecutor.runWorker(ThreadPoolExecutor.java:1134)
        at java.util.concurrent.ThreadPoolExecutor$Worker.run(ThreadPoolExecutor.java:624)
        at java.lang.Thread.run(Thread.java:750)
"Session-HouseKeeper-15999360-1"  prio=5 tid=256 timed_waiting
java.lang.Thread.State: TIMED_WAITING
        at sun.misc.Unsafe.park(Native Method)
        at java.util.concurrent.locks.LockSupport.parkNanos(LockSupport.java:215)
        at java.util.concurrent.locks.AbstractQueuedSynchronizer$ConditionObject.awaitNanos(AbstractQueuedSynchronizer.java:2078)
        at java.util.concurrent.ScheduledThreadPoolExecutor$DelayedWorkQueue.take(ScheduledThreadPoolExecutor.java:1093)
        at java.util.concurrent.ScheduledThreadPoolExecutor$DelayedWorkQueue.take(ScheduledThreadPoolExecutor.java:809)
        at java.util.concurrent.ThreadPoolExecutor.getTask(ThreadPoolExecutor.java:1074)
        at java.util.concurrent.ThreadPoolExecutor.runWorker(ThreadPoolExecutor.java:1134)
        at java.util.concurrent.ThreadPoolExecutor$Worker.run(ThreadPoolExecutor.java:624)
        at java.lang.Thread.run(Thread.java:750)
"JvmPauseMonitor3" daemon prio=5 tid=304 timed_waiting
java.lang.Thread.State: TIMED_WAITING
        at java.lang.Thread.sleep(Native Method)
        at java.lang.Thread.sleep(Thread.java:342)
        at java.util.concurrent.TimeUnit.sleep(TimeUnit.java:386)
        at org.apache.ratis.util.TimeDuration.sleep(TimeDuration.java:325)
        at org.apache.ratis.util.TimeDuration.sleep(TimeDuration.java:310)
        at org.apache.ratis.util.JvmPauseMonitor.detectPause(JvmPauseMonitor.java:119)
        at org.apache.ratis.util.JvmPauseMonitor.run(JvmPauseMonitor.java:108)
        at org.apache.ratis.util.JvmPauseMonitor$$Lambda$727/1065899405.run(Unknown Source)
        at java.lang.Thread.run(Thread.java:750)
"qtp551301975-153-acceptor-0@2a3b4b03-ServerConnector@29d2aeb7{HTTP/1.1, (http/1.1)}{0.0.0.0:45107}" daemon prio=3 tid=153 runnable
java.lang.Thread.State: RUNNABLE
        at sun.nio.ch.ServerSocketChannelImpl.accept0(Native Method)
        at sun.nio.ch.ServerSocketChannelImpl.accept(ServerSocketChannelImpl.java:421)
        at sun.nio.ch.ServerSocketChannelImpl.accept(ServerSocketChannelImpl.java:249)
        at org.eclipse.jetty.server.ServerConnector.accept(ServerConnector.java:388)
        at org.eclipse.jetty.server.AbstractConnector$Acceptor.run(AbstractConnector.java:704)
        at org.eclipse.jetty.util.thread.QueuedThreadPool.runJob(QueuedThreadPool.java:883)
        at org.eclipse.jetty.util.thread.QueuedThreadPool$Runner.run(QueuedThreadPool.java:1034)
        at java.lang.Thread.run(Thread.java:750)
"FixedThreadPoolWithAffinityExecutor-1-0" daemon prio=5 tid=39 timed_waiting
java.lang.Thread.State: TIMED_WAITING
        at sun.misc.Unsafe.park(Native Method)
        at java.util.concurrent.locks.LockSupport.parkNanos(LockSupport.java:215)
        at java.util.concurrent.locks.AbstractQueuedSynchronizer$ConditionObject.awaitNanos(AbstractQueuedSynchronizer.java:2078)
        at java.util.concurrent.LinkedBlockingQueue.poll(LinkedBlockingQueue.java:467)
        at org.apache.hadoop.hdds.scm.server.ContainerReportQueue.poll(ContainerReportQueue.java:266)
        at org.apache.hadoop.hdds.scm.server.ContainerReportQueue.poll(ContainerReportQueue.java:42)
        at org.apache.hadoop.hdds.server.events.FixedThreadPoolWithAffinityExecutor$ContainerReportProcessTask.run(FixedThreadPoolWithAffinityExecutor.java:247)
        at java.util.concurrent.Executors$RunnableAdapter.call(Executors.java:511)
        at java.util.concurrent.FutureTask.run(FutureTask.java:266)
        at java.util.concurrent.ThreadPoolExecutor.runWorker(ThreadPoolExecutor.java:1149)
        at java.util.concurrent.ThreadPoolExecutor$Worker.run(ThreadPoolExecutor.java:624)
        at java.lang.Thread.run(Thread.java:750)
"IPC Server handler 12 on default port 36703" daemon prio=5 tid=81 timed_waiting
java.lang.Thread.State: TIMED_WAITING
        at sun.misc.Unsafe.park(Native Method)
        at java.util.concurrent.locks.LockSupport.parkNanos(LockSupport.java:215)
        at java.util.concurrent.locks.AbstractQueuedSynchronizer$ConditionObject.awaitNanos(AbstractQueuedSynchronizer.java:2078)
        at java.util.concurrent.LinkedBlockingQueue.poll(LinkedBlockingQueue.java:467)
        at org.apache.hadoop.ipc.CallQueueManager.take(CallQueueManager.java:317)
        at org.apache.hadoop.ipc.Server$Handler.run(Server.java:2992)
"IPC Server handler 16 on default port 36703" daemon prio=5 tid=85 timed_waiting
java.lang.Thread.State: TIMED_WAITING
        at sun.misc.Unsafe.park(Native Method)
        at java.util.concurrent.locks.LockSupport.parkNanos(LockSupport.java:215)
        at java.util.concurrent.locks.AbstractQueuedSynchronizer$ConditionObject.awaitNanos(AbstractQueuedSynchronizer.java:2078)
        at java.util.concurrent.LinkedBlockingQueue.poll(LinkedBlockingQueue.java:467)
        at org.apache.hadoop.ipc.CallQueueManager.take(CallQueueManager.java:317)
        at org.apache.hadoop.ipc.Server$Handler.run(Server.java:2992)
"Command processor thread" daemon prio=5 tid=209 timed_waiting
java.lang.Thread.State: TIMED_WAITING
        at java.lang.Thread.sleep(Native Method)
        at org.apache.hadoop.ozone.container.common.statemachine.DatanodeStateMachine.lambda$initCommandHandlerThread$3(DatanodeStateMachine.java:649)
        at org.apache.hadoop.ozone.container.common.statemachine.DatanodeStateMachine$$Lambda$870/1388029857.run(Unknown Source)
        at java.lang.Thread.run(Thread.java:750)
"ContainerOp-cd8abe94-f173-4052-9509-b5bff1395f48-7"  prio=5 tid=471 in Object.wait()
java.lang.Thread.State: WAITING (on object monitor)
        at sun.misc.Unsafe.park(Native Method)
        at java.util.concurrent.locks.LockSupport.park(LockSupport.java:175)
        at java.util.concurrent.locks.AbstractQueuedSynchronizer$ConditionObject.await(AbstractQueuedSynchronizer.java:2039)
        at java.util.concurrent.LinkedBlockingQueue.take(LinkedBlockingQueue.java:442)
        at java.util.concurrent.ThreadPoolExecutor.getTask(ThreadPoolExecutor.java:1074)
        at java.util.concurrent.ThreadPoolExecutor.runWorker(ThreadPoolExecutor.java:1134)
        at java.util.concurrent.ThreadPoolExecutor$Worker.run(ThreadPoolExecutor.java:624)
        at java.lang.Thread.run(Thread.java:750)
"4bcfc98d-1351-440f-af15-56158ce83d77-NettyServerStreamRpc-bossGroup--thread1"  prio=5 tid=217 runnable
java.lang.Thread.State: RUNNABLE
        at sun.nio.ch.EPollArrayWrapper.epollWait(Native Method)
        at sun.nio.ch.EPollArrayWrapper.poll(EPollArrayWrapper.java:269)
        at sun.nio.ch.EPollSelectorImpl.doSelect(EPollSelectorImpl.java:93)
        at sun.nio.ch.SelectorImpl.lockAndDoSelect(SelectorImpl.java:86)
        at sun.nio.ch.SelectorImpl.select(SelectorImpl.java:97)
        at sun.nio.ch.SelectorImpl.select(SelectorImpl.java:101)
        at org.apache.ratis.thirdparty.io.netty.channel.nio.SelectedSelectionKeySetSelector.select(SelectedSelectionKeySetSelector.java:68)
        at org.apache.ratis.thirdparty.io.netty.channel.nio.NioEventLoop.select(NioEventLoop.java:813)
        at org.apache.ratis.thirdparty.io.netty.channel.nio.NioEventLoop.run(NioEventLoop.java:460)
        at org.apache.ratis.thirdparty.io.netty.util.concurrent.SingleThreadEventExecutor$4.run(SingleThreadEventExecutor.java:995)
        at org.apache.ratis.thirdparty.io.netty.util.internal.ThreadExecutorMap$2.run(ThreadExecutorMap.java:74)
        at java.lang.Thread.run(Thread.java:750)
"ContainerOp-fe8f8231-531f-40c6-a24e-b6dddc8024d4-2"  prio=5 tid=459 in Object.wait()
java.lang.Thread.State: WAITING (on object monitor)
        at sun.misc.Unsafe.park(Native Method)
        at java.util.concurrent.locks.LockSupport.park(LockSupport.java:175)
        at java.util.concurrent.locks.AbstractQueuedSynchronizer$ConditionObject.await(AbstractQueuedSynchronizer.java:2039)
        at java.util.concurrent.LinkedBlockingQueue.take(LinkedBlockingQueue.java:442)
        at java.util.concurrent.ThreadPoolExecutor.getTask(ThreadPoolExecutor.java:1074)
        at java.util.concurrent.ThreadPoolExecutor.runWorker(ThreadPoolExecutor.java:1134)
        at java.util.concurrent.ThreadPoolExecutor$Worker.run(ThreadPoolExecutor.java:624)
        at java.lang.Thread.run(Thread.java:750)
"IPC Server handler 19 on default port 45463" daemon prio=5 tid=180 timed_waiting
java.lang.Thread.State: TIMED_WAITING
        at sun.misc.Unsafe.park(Native Method)
        at java.util.concurrent.locks.LockSupport.parkNanos(LockSupport.java:215)
        at java.util.concurrent.locks.AbstractQueuedSynchronizer$ConditionObject.awaitNanos(AbstractQueuedSynchronizer.java:2078)
        at java.util.concurrent.LinkedBlockingQueue.poll(LinkedBlockingQueue.java:467)
        at org.apache.hadoop.ipc.CallQueueManager.take(CallQueueManager.java:317)
        at org.apache.hadoop.ipc.Server$Handler.run(Server.java:2992)
"Over Replicated Processor" daemon prio=5 tid=20 timed_waiting
java.lang.Thread.State: TIMED_WAITING
        at java.lang.Object.wait(Native Method)
        at org.apache.hadoop.hdds.scm.container.replication.UnhealthyReplicationProcessor.run(UnhealthyReplicationProcessor.java:140)
        at java.lang.Thread.run(Thread.java:750)
"IPC Server handler 3 on default port 37905" daemon prio=5 tid=92 timed_waiting
java.lang.Thread.State: TIMED_WAITING
        at sun.misc.Unsafe.park(Native Method)
        at java.util.concurrent.locks.LockSupport.parkNanos(LockSupport.java:215)
        at java.util.concurrent.locks.AbstractQueuedSynchronizer$ConditionObject.awaitNanos(AbstractQueuedSynchronizer.java:2078)
        at java.util.concurrent.LinkedBlockingQueue.poll(LinkedBlockingQueue.java:467)
        at org.apache.hadoop.ipc.CallQueueManager.take(CallQueueManager.java:317)
        at org.apache.hadoop.ipc.Server$Handler.run(Server.java:2992)
"pool-109-thread-1"  prio=5 tid=220 timed_waiting
java.lang.Thread.State: TIMED_WAITING
        at sun.misc.Unsafe.park(Native Method)
        at java.util.concurrent.locks.LockSupport.parkNanos(LockSupport.java:215)
        at java.util.concurrent.locks.AbstractQueuedSynchronizer$ConditionObject.awaitNanos(AbstractQueuedSynchronizer.java:2078)
        at java.util.concurrent.ScheduledThreadPoolExecutor$DelayedWorkQueue.take(ScheduledThreadPoolExecutor.java:1093)
        at java.util.concurrent.ScheduledThreadPoolExecutor$DelayedWorkQueue.take(ScheduledThreadPoolExecutor.java:809)
        at java.util.concurrent.ThreadPoolExecutor.getTask(ThreadPoolExecutor.java:1074)
        at java.util.concurrent.ThreadPoolExecutor.runWorker(ThreadPoolExecutor.java:1134)
        at java.util.concurrent.ThreadPoolExecutor$Worker.run(ThreadPoolExecutor.java:624)
        at java.lang.Thread.run(Thread.java:750)
"PartialTableCache Cleanup Thread - 0" daemon prio=5 tid=606 in Object.wait()
java.lang.Thread.State: WAITING (on object monitor)
        at sun.misc.Unsafe.park(Native Method)
        at java.util.concurrent.locks.LockSupport.park(LockSupport.java:175)
        at java.util.concurrent.locks.AbstractQueuedSynchronizer$ConditionObject.await(AbstractQueuedSynchronizer.java:2039)
        at java.util.concurrent.LinkedBlockingQueue.take(LinkedBlockingQueue.java:442)
        at java.util.concurrent.ThreadPoolExecutor.getTask(ThreadPoolExecutor.java:1074)
        at java.util.concurrent.ThreadPoolExecutor.runWorker(ThreadPoolExecutor.java:1134)
        at java.util.concurrent.ThreadPoolExecutor$Worker.run(ThreadPoolExecutor.java:624)
        at java.lang.Thread.run(Thread.java:750)
"qtp1652609556-227" daemon prio=5 tid=227 timed_waiting
java.lang.Thread.State: TIMED_WAITING
        at sun.misc.Unsafe.park(Native Method)
        at java.util.concurrent.locks.LockSupport.parkNanos(LockSupport.java:215)
        at java.util.concurrent.locks.AbstractQueuedSynchronizer$ConditionObject.awaitNanos(AbstractQueuedSynchronizer.java:2078)
        at org.eclipse.jetty.util.BlockingArrayQueue.poll(BlockingArrayQueue.java:382)
        at org.eclipse.jetty.util.thread.QueuedThreadPool$Runner.idleJobPoll(QueuedThreadPool.java:974)
        at org.eclipse.jetty.util.thread.QueuedThreadPool$Runner.run(QueuedThreadPool.java:1018)
        at java.lang.Thread.run(Thread.java:750)
"ContainerOp-cd8abe94-f173-4052-9509-b5bff1395f48-8"  prio=5 tid=480 in Object.wait()
java.lang.Thread.State: WAITING (on object monitor)
        at sun.misc.Unsafe.park(Native Method)
        at java.util.concurrent.locks.LockSupport.park(LockSupport.java:175)
        at java.util.concurrent.locks.AbstractQueuedSynchronizer$ConditionObject.await(AbstractQueuedSynchronizer.java:2039)
        at java.util.concurrent.LinkedBlockingQueue.take(LinkedBlockingQueue.java:442)
        at java.util.concurrent.ThreadPoolExecutor.getTask(ThreadPoolExecutor.java:1074)
        at java.util.concurrent.ThreadPoolExecutor.runWorker(ThreadPoolExecutor.java:1134)
        at java.util.concurrent.ThreadPoolExecutor$Worker.run(ThreadPoolExecutor.java:624)
        at java.lang.Thread.run(Thread.java:750)
"b1c57afc-121c-455c-bc43-4ffbee8e4677@group-B5BFF1395F48->4bcfc98d-1351-440f-af15-56158ce83d77-GrpcLogAppender-LogAppenderDaemon" daemon prio=5 tid=400 timed_waiting
java.lang.Thread.State: TIMED_WAITING
        at sun.misc.Unsafe.park(Native Method)
        at java.util.concurrent.locks.LockSupport.parkNanos(LockSupport.java:215)
        at java.util.concurrent.locks.AbstractQueuedSynchronizer$ConditionObject.await(AbstractQueuedSynchronizer.java:2163)
        at org.apache.ratis.util.AwaitForSignal.await(AwaitForSignal.java:62)
        at org.apache.ratis.grpc.server.GrpcLogAppender.mayWait(GrpcLogAppender.java:198)
        at org.apache.ratis.grpc.server.GrpcLogAppender.run(GrpcLogAppender.java:148)
        at org.apache.ratis.server.leader.LogAppenderDaemon.run(LogAppenderDaemon.java:78)
        at org.apache.ratis.server.leader.LogAppenderDaemon$$Lambda$1135/499583845.run(Unknown Source)
        at java.lang.Thread.run(Thread.java:750)
"IPC Server handler 8 on default port 37905" daemon prio=5 tid=97 timed_waiting
java.lang.Thread.State: TIMED_WAITING
        at sun.misc.Unsafe.park(Native Method)
        at java.util.concurrent.locks.LockSupport.parkNanos(LockSupport.java:215)
        at java.util.concurrent.locks.AbstractQueuedSynchronizer$ConditionObject.awaitNanos(AbstractQueuedSynchronizer.java:2078)
        at java.util.concurrent.LinkedBlockingQueue.poll(LinkedBlockingQueue.java:467)
        at org.apache.hadoop.ipc.CallQueueManager.take(CallQueueManager.java:317)
        at org.apache.hadoop.ipc.Server$Handler.run(Server.java:2992)
"qtp1241568657-120" daemon prio=5 tid=120 timed_waiting
java.lang.Thread.State: TIMED_WAITING
        at sun.misc.Unsafe.park(Native Method)
        at java.util.concurrent.locks.LockSupport.parkNanos(LockSupport.java:215)
        at java.util.concurrent.locks.AbstractQueuedSynchronizer$ConditionObject.awaitNanos(AbstractQueuedSynchronizer.java:2078)
        at org.eclipse.jetty.util.BlockingArrayQueue.poll(BlockingArrayQueue.java:382)
        at org.eclipse.jetty.util.thread.QueuedThreadPool$Runner.idleJobPoll(QueuedThreadPool.java:974)
        at org.eclipse.jetty.util.thread.QueuedThreadPool$Runner.run(QueuedThreadPool.java:1018)
        at java.lang.Thread.run(Thread.java:750)
"pool-116-thread-1" daemon prio=5 tid=242 timed_waiting
java.lang.Thread.State: TIMED_WAITING
        at sun.misc.Unsafe.park(Native Method)
        at java.util.concurrent.locks.LockSupport.parkNanos(LockSupport.java:215)
        at java.util.concurrent.locks.AbstractQueuedSynchronizer$ConditionObject.awaitNanos(AbstractQueuedSynchronizer.java:2078)
        at java.util.concurrent.ScheduledThreadPoolExecutor$DelayedWorkQueue.take(ScheduledThreadPoolExecutor.java:1093)
        at java.util.concurrent.ScheduledThreadPoolExecutor$DelayedWorkQueue.take(ScheduledThreadPoolExecutor.java:809)
        at java.util.concurrent.ThreadPoolExecutor.getTask(ThreadPoolExecutor.java:1074)
        at java.util.concurrent.ThreadPoolExecutor.runWorker(ThreadPoolExecutor.java:1134)
        at java.util.concurrent.ThreadPoolExecutor$Worker.run(ThreadPoolExecutor.java:624)
        at java.lang.Thread.run(Thread.java:750)
"Datanode ReportManager Thread - 3" daemon prio=5 tid=234 in Object.wait()
java.lang.Thread.State: WAITING (on object monitor)
        at sun.misc.Unsafe.park(Native Method)
        at java.util.concurrent.locks.LockSupport.park(LockSupport.java:175)
        at java.util.concurrent.locks.AbstractQueuedSynchronizer$ConditionObject.await(AbstractQueuedSynchronizer.java:2039)
        at java.util.concurrent.ScheduledThreadPoolExecutor$DelayedWorkQueue.take(ScheduledThreadPoolExecutor.java:1088)
        at java.util.concurrent.ScheduledThreadPoolExecutor$DelayedWorkQueue.take(ScheduledThreadPoolExecutor.java:809)
        at java.util.concurrent.ThreadPoolExecutor.getTask(ThreadPoolExecutor.java:1074)
        at java.util.concurrent.ThreadPoolExecutor.runWorker(ThreadPoolExecutor.java:1134)
        at java.util.concurrent.ThreadPoolExecutor$Worker.run(ThreadPoolExecutor.java:624)
        at java.lang.Thread.run(Thread.java:750)
"21b868c3-9969-4e13-ad52-9b0ac48fd138@group-6F8147257EC2-LeaderStateImpl" daemon prio=5 tid=416 timed_waiting
java.lang.Thread.State: TIMED_WAITING
        at sun.misc.Unsafe.park(Native Method)
        at java.util.concurrent.locks.LockSupport.parkNanos(LockSupport.java:215)
        at java.util.concurrent.locks.AbstractQueuedSynchronizer$ConditionObject.awaitNanos(AbstractQueuedSynchronizer.java:2078)
        at java.util.concurrent.ArrayBlockingQueue.poll(ArrayBlockingQueue.java:418)
        at org.apache.ratis.server.impl.LeaderStateImpl$EventQueue.poll(LeaderStateImpl.java:159)
        at org.apache.ratis.server.impl.LeaderStateImpl$EventProcessor.run(LeaderStateImpl.java:630)
"21b868c3-9969-4e13-ad52-9b0ac48fd138@group-B5BFF1395F48-SegmentedRaftLogWorker"  prio=5 tid=357 timed_waiting
java.lang.Thread.State: TIMED_WAITING
        at sun.misc.Unsafe.park(Native Method)
        at java.util.concurrent.locks.LockSupport.parkNanos(LockSupport.java:215)
        at java.util.concurrent.locks.AbstractQueuedSynchronizer$ConditionObject.awaitNanos(AbstractQueuedSynchronizer.java:2078)
        at org.apache.ratis.util.DataBlockingQueue.poll(DataBlockingQueue.java:148)
        at org.apache.ratis.server.raftlog.segmented.SegmentedRaftLogWorker.run(SegmentedRaftLogWorker.java:312)
        at org.apache.ratis.server.raftlog.segmented.SegmentedRaftLogWorker$$Lambda$686/78095376.run(Unknown Source)
        at java.lang.Thread.run(Thread.java:750)
"org.apache.hadoop.util.JvmPauseMonitor$Monitor@6676b644" daemon prio=5 tid=237 timed_waiting
java.lang.Thread.State: TIMED_WAITING
        at java.lang.Thread.sleep(Native Method)
        at org.apache.hadoop.util.JvmPauseMonitor$Monitor.run(JvmPauseMonitor.java:192)
        at java.lang.Thread.run(Thread.java:750)
"b1c57afc-121c-455c-bc43-4ffbee8e4677@group-B5BFF1395F48-SegmentedRaftLogWorker"  prio=5 tid=343 timed_waiting
java.lang.Thread.State: TIMED_WAITING
        at sun.misc.Unsafe.park(Native Method)
        at java.util.concurrent.locks.LockSupport.parkNanos(LockSupport.java:215)
        at java.util.concurrent.locks.AbstractQueuedSynchronizer$ConditionObject.awaitNanos(AbstractQueuedSynchronizer.java:2078)
        at org.apache.ratis.util.DataBlockingQueue.poll(DataBlockingQueue.java:148)
        at org.apache.ratis.server.raftlog.segmented.SegmentedRaftLogWorker.run(SegmentedRaftLogWorker.java:312)
        at org.apache.ratis.server.raftlog.segmented.SegmentedRaftLogWorker$$Lambda$686/78095376.run(Unknown Source)
        at java.lang.Thread.run(Thread.java:750)
"Periodic HDDS volume checker" daemon prio=5 tid=213 timed_waiting
java.lang.Thread.State: TIMED_WAITING
        at sun.misc.Unsafe.park(Native Method)
        at java.util.concurrent.locks.LockSupport.parkNanos(LockSupport.java:215)
        at java.util.concurrent.locks.AbstractQueuedSynchronizer$ConditionObject.awaitNanos(AbstractQueuedSynchronizer.java:2078)
        at java.util.concurrent.ScheduledThreadPoolExecutor$DelayedWorkQueue.take(ScheduledThreadPoolExecutor.java:1093)
        at java.util.concurrent.ScheduledThreadPoolExecutor$DelayedWorkQueue.take(ScheduledThreadPoolExecutor.java:809)
        at java.util.concurrent.ThreadPoolExecutor.getTask(ThreadPoolExecutor.java:1074)
        at java.util.concurrent.ThreadPoolExecutor.runWorker(ThreadPoolExecutor.java:1134)
        at java.util.concurrent.ThreadPoolExecutor$Worker.run(ThreadPoolExecutor.java:624)
        at java.lang.Thread.run(Thread.java:750)
"IPC Server handler 8 on default port 36647" daemon prio=5 tid=57 timed_waiting
java.lang.Thread.State: TIMED_WAITING
        at sun.misc.Unsafe.park(Native Method)
        at java.util.concurrent.locks.LockSupport.parkNanos(LockSupport.java:215)
        at java.util.concurrent.locks.AbstractQueuedSynchronizer$ConditionObject.awaitNanos(AbstractQueuedSynchronizer.java:2078)
        at java.util.concurrent.LinkedBlockingQueue.poll(LinkedBlockingQueue.java:467)
        at org.apache.hadoop.ipc.CallQueueManager.take(CallQueueManager.java:317)
        at org.apache.hadoop.ipc.Server$Handler.run(Server.java:2992)
"ContainerOp-cd8abe94-f173-4052-9509-b5bff1395f48-7"  prio=5 tid=469 in Object.wait()
java.lang.Thread.State: WAITING (on object monitor)
        at sun.misc.Unsafe.park(Native Method)
        at java.util.concurrent.locks.LockSupport.park(LockSupport.java:175)
        at java.util.concurrent.locks.AbstractQueuedSynchronizer$ConditionObject.await(AbstractQueuedSynchronizer.java:2039)
        at java.util.concurrent.LinkedBlockingQueue.take(LinkedBlockingQueue.java:442)
        at java.util.concurrent.ThreadPoolExecutor.getTask(ThreadPoolExecutor.java:1074)
        at java.util.concurrent.ThreadPoolExecutor.runWorker(ThreadPoolExecutor.java:1134)
        at java.util.concurrent.ThreadPoolExecutor$Worker.run(ThreadPoolExecutor.java:624)
        at java.lang.Thread.run(Thread.java:750)
"4bcfc98d-1351-440f-af15-56158ce83d77-server-thread2" daemon prio=5 tid=409 timed_waiting
java.lang.Thread.State: TIMED_WAITING
        at sun.misc.Unsafe.park(Native Method)
        at java.util.concurrent.locks.LockSupport.parkNanos(LockSupport.java:215)
        at java.util.concurrent.SynchronousQueue$TransferStack.awaitFulfill(SynchronousQueue.java:460)
        at java.util.concurrent.SynchronousQueue$TransferStack.transfer(SynchronousQueue.java:362)
        at java.util.concurrent.SynchronousQueue.poll(SynchronousQueue.java:941)
        at java.util.concurrent.ThreadPoolExecutor.getTask(ThreadPoolExecutor.java:1073)
        at java.util.concurrent.ThreadPoolExecutor.runWorker(ThreadPoolExecutor.java:1134)
        at java.util.concurrent.ThreadPoolExecutor$Worker.run(ThreadPoolExecutor.java:624)
        at java.lang.Thread.run(Thread.java:750)
"StaleRecoveringContainerScrubbingService#3" daemon prio=5 tid=654 in Object.wait()
java.lang.Thread.State: WAITING (on object monitor)
        at sun.misc.Unsafe.park(Native Method)
        at java.util.concurrent.locks.LockSupport.park(LockSupport.java:175)
        at java.util.concurrent.locks.AbstractQueuedSynchronizer$ConditionObject.await(AbstractQueuedSynchronizer.java:2039)
        at java.util.concurrent.ScheduledThreadPoolExecutor$DelayedWorkQueue.take(ScheduledThreadPoolExecutor.java:1088)
        at java.util.concurrent.ScheduledThreadPoolExecutor$DelayedWorkQueue.take(ScheduledThreadPoolExecutor.java:809)
        at java.util.concurrent.ThreadPoolExecutor.getTask(ThreadPoolExecutor.java:1074)
        at java.util.concurrent.ThreadPoolExecutor.runWorker(ThreadPoolExecutor.java:1134)
        at java.util.concurrent.ThreadPoolExecutor$Worker.run(ThreadPoolExecutor.java:624)
        at java.lang.Thread.run(Thread.java:750)
"StaleRecoveringContainerScrubbingService#2" daemon prio=5 tid=645 in Object.wait()
java.lang.Thread.State: WAITING (on object monitor)
        at sun.misc.Unsafe.park(Native Method)
        at java.util.concurrent.locks.LockSupport.park(LockSupport.java:175)
        at java.util.concurrent.locks.AbstractQueuedSynchronizer$ConditionObject.await(AbstractQueuedSynchronizer.java:2039)
        at java.util.concurrent.ScheduledThreadPoolExecutor$DelayedWorkQueue.take(ScheduledThreadPoolExecutor.java:1088)
        at java.util.concurrent.ScheduledThreadPoolExecutor$DelayedWorkQueue.take(ScheduledThreadPoolExecutor.java:809)
        at java.util.concurrent.ThreadPoolExecutor.getTask(ThreadPoolExecutor.java:1074)
        at java.util.concurrent.ThreadPoolExecutor.runWorker(ThreadPoolExecutor.java:1134)
        at java.util.concurrent.ThreadPoolExecutor$Worker.run(ThreadPoolExecutor.java:624)
        at java.lang.Thread.run(Thread.java:750)
"qtp527477577-253" daemon prio=5 tid=253 timed_waiting
java.lang.Thread.State: TIMED_WAITING
        at sun.misc.Unsafe.park(Native Method)
        at java.util.concurrent.locks.LockSupport.parkNanos(LockSupport.java:215)
        at java.util.concurrent.locks.AbstractQueuedSynchronizer$ConditionObject.awaitNanos(AbstractQueuedSynchronizer.java:2078)
        at org.eclipse.jetty.util.BlockingArrayQueue.poll(BlockingArrayQueue.java:382)
        at org.eclipse.jetty.util.thread.QueuedThreadPool$Runner.idleJobPoll(QueuedThreadPool.java:974)
        at org.eclipse.jetty.util.thread.QueuedThreadPool$Runner.run(QueuedThreadPool.java:1018)
        at java.lang.Thread.run(Thread.java:750)
"Datanode ReportManager Thread - 0" daemon prio=5 tid=258 in Object.wait()
java.lang.Thread.State: WAITING (on object monitor)
        at sun.misc.Unsafe.park(Native Method)
        at java.util.concurrent.locks.LockSupport.park(LockSupport.java:175)
        at java.util.concurrent.locks.AbstractQueuedSynchronizer$ConditionObject.await(AbstractQueuedSynchronizer.java:2039)
        at java.util.concurrent.ScheduledThreadPoolExecutor$DelayedWorkQueue.take(ScheduledThreadPoolExecutor.java:1088)
        at java.util.concurrent.ScheduledThreadPoolExecutor$DelayedWorkQueue.take(ScheduledThreadPoolExecutor.java:809)
        at java.util.concurrent.ThreadPoolExecutor.getTask(ThreadPoolExecutor.java:1074)
        at java.util.concurrent.ThreadPoolExecutor.runWorker(ThreadPoolExecutor.java:1134)
        at java.util.concurrent.ThreadPoolExecutor$Worker.run(ThreadPoolExecutor.java:624)
        at java.lang.Thread.run(Thread.java:750)
"qtp1241568657-119" daemon prio=5 tid=119 timed_waiting
java.lang.Thread.State: TIMED_WAITING
        at sun.misc.Unsafe.park(Native Method)
        at java.util.concurrent.locks.LockSupport.parkNanos(LockSupport.java:215)
        at java.util.concurrent.locks.AbstractQueuedSynchronizer$ConditionObject.awaitNanos(AbstractQueuedSynchronizer.java:2078)
        at org.eclipse.jetty.util.BlockingArrayQueue.poll(BlockingArrayQueue.java:382)
        at org.eclipse.jetty.util.thread.QueuedThreadPool$Runner.idleJobPoll(QueuedThreadPool.java:974)
        at org.eclipse.jetty.util.thread.QueuedThreadPool$Runner.run(QueuedThreadPool.java:1018)
        at java.lang.Thread.run(Thread.java:750)
"StaleRecoveringContainerScrubbingService#2" daemon prio=5 tid=643 in Object.wait()
java.lang.Thread.State: WAITING (on object monitor)
        at sun.misc.Unsafe.park(Native Method)
        at java.util.concurrent.locks.LockSupport.park(LockSupport.java:175)
        at java.util.concurrent.locks.AbstractQueuedSynchronizer$ConditionObject.await(AbstractQueuedSynchronizer.java:2039)
        at java.util.concurrent.ScheduledThreadPoolExecutor$DelayedWorkQueue.take(ScheduledThreadPoolExecutor.java:1088)
        at java.util.concurrent.ScheduledThreadPoolExecutor$DelayedWorkQueue.take(ScheduledThreadPoolExecutor.java:809)
        at java.util.concurrent.ThreadPoolExecutor.getTask(ThreadPoolExecutor.java:1074)
        at java.util.concurrent.ThreadPoolExecutor.runWorker(ThreadPoolExecutor.java:1134)
        at java.util.concurrent.ThreadPoolExecutor$Worker.run(ThreadPoolExecutor.java:624)
        at java.lang.Thread.run(Thread.java:750)
"21b868c3-9969-4e13-ad52-9b0ac48fd138-server-thread3" daemon prio=5 tid=391 timed_waiting
java.lang.Thread.State: TIMED_WAITING
        at sun.misc.Unsafe.park(Native Method)
        at java.util.concurrent.locks.LockSupport.parkNanos(LockSupport.java:215)
        at java.util.concurrent.SynchronousQueue$TransferStack.awaitFulfill(SynchronousQueue.java:460)
        at java.util.concurrent.SynchronousQueue$TransferStack.transfer(SynchronousQueue.java:362)
        at java.util.concurrent.SynchronousQueue.poll(SynchronousQueue.java:941)
        at java.util.concurrent.ThreadPoolExecutor.getTask(ThreadPoolExecutor.java:1073)
        at java.util.concurrent.ThreadPoolExecutor.runWorker(ThreadPoolExecutor.java:1134)
        at java.util.concurrent.ThreadPoolExecutor$Worker.run(ThreadPoolExecutor.java:624)
        at java.lang.Thread.run(Thread.java:750)
"21b868c3-9969-4e13-ad52-9b0ac48fd138@group-6F8147257EC2-StateMachineUpdater" daemon prio=5 tid=355 timed_waiting
java.lang.Thread.State: TIMED_WAITING
        at sun.misc.Unsafe.park(Native Method)
        at java.util.concurrent.locks.LockSupport.parkNanos(LockSupport.java:215)
        at java.util.concurrent.locks.AbstractQueuedSynchronizer$ConditionObject.await(AbstractQueuedSynchronizer.java:2163)
        at org.apache.ratis.util.AwaitForSignal.await(AwaitForSignal.java:62)
        at org.apache.ratis.server.impl.StateMachineUpdater.waitForCommit(StateMachineUpdater.java:207)
        at org.apache.ratis.server.impl.StateMachineUpdater.run(StateMachineUpdater.java:176)
        at java.lang.Thread.run(Thread.java:750)
"b1c57afc-121c-455c-bc43-4ffbee8e4677-server-thread3"  prio=5 tid=389 timed_waiting
java.lang.Thread.State: TIMED_WAITING
        at sun.misc.Unsafe.park(Native Method)
        at java.util.concurrent.locks.LockSupport.parkNanos(LockSupport.java:215)
        at java.util.concurrent.SynchronousQueue$TransferStack.awaitFulfill(SynchronousQueue.java:460)
        at java.util.concurrent.SynchronousQueue$TransferStack.transfer(SynchronousQueue.java:362)
        at java.util.concurrent.SynchronousQueue.poll(SynchronousQueue.java:941)
        at java.util.concurrent.ThreadPoolExecutor.getTask(ThreadPoolExecutor.java:1073)
        at java.util.concurrent.ThreadPoolExecutor.runWorker(ThreadPoolExecutor.java:1134)
        at java.util.concurrent.ThreadPoolExecutor$Worker.run(ThreadPoolExecutor.java:624)
        at java.lang.Thread.run(Thread.java:750)
"KeyDeletingService#0" daemon prio=5 tid=146 timed_waiting
java.lang.Thread.State: TIMED_WAITING
        at sun.misc.Unsafe.park(Native Method)
        at java.util.concurrent.locks.LockSupport.parkNanos(LockSupport.java:215)
        at java.util.concurrent.locks.AbstractQueuedSynchronizer$ConditionObject.awaitNanos(AbstractQueuedSynchronizer.java:2078)
        at java.util.concurrent.ScheduledThreadPoolExecutor$DelayedWorkQueue.take(ScheduledThreadPoolExecutor.java:1093)
        at java.util.concurrent.ScheduledThreadPoolExecutor$DelayedWorkQueue.take(ScheduledThreadPoolExecutor.java:809)
        at java.util.concurrent.ThreadPoolExecutor.getTask(ThreadPoolExecutor.java:1074)
        at java.util.concurrent.ThreadPoolExecutor.runWorker(ThreadPoolExecutor.java:1134)
        at java.util.concurrent.ThreadPoolExecutor$Worker.run(ThreadPoolExecutor.java:624)
        at java.lang.Thread.run(Thread.java:750)
"qtp1652609556-226" daemon prio=5 tid=226 timed_waiting
java.lang.Thread.State: TIMED_WAITING
        at sun.misc.Unsafe.park(Native Method)
        at java.util.concurrent.locks.LockSupport.parkNanos(LockSupport.java:215)
        at java.util.concurrent.locks.AbstractQueuedSynchronizer$ConditionObject.awaitNanos(AbstractQueuedSynchronizer.java:2078)
        at org.eclipse.jetty.util.BlockingArrayQueue.poll(BlockingArrayQueue.java:382)
        at org.eclipse.jetty.util.thread.QueuedThreadPool$Runner.idleJobPoll(QueuedThreadPool.java:974)
        at org.eclipse.jetty.util.thread.QueuedThreadPool$Runner.run(QueuedThreadPool.java:1018)
        at java.lang.Thread.run(Thread.java:750)
"4bcfc98d-1351-440f-af15-56158ce83d77@group-B5BFF1395F48-FollowerState" daemon prio=5 tid=397 timed_waiting
java.lang.Thread.State: TIMED_WAITING
        at java.lang.Thread.sleep(Native Method)
        at java.lang.Thread.sleep(Thread.java:342)
        at java.util.concurrent.TimeUnit.sleep(TimeUnit.java:386)
        at org.apache.ratis.util.TimeDuration.sleep(TimeDuration.java:325)
        at org.apache.ratis.util.TimeDuration.sleep(TimeDuration.java:310)
        at org.apache.ratis.server.impl.FollowerState.run(FollowerState.java:128)
"ChunkWriter-2-0" daemon prio=5 tid=302 in Object.wait()
java.lang.Thread.State: WAITING (on object monitor)
        at sun.misc.Unsafe.park(Native Method)
        at java.util.concurrent.locks.LockSupport.park(LockSupport.java:175)
        at java.util.concurrent.locks.AbstractQueuedSynchronizer$ConditionObject.await(AbstractQueuedSynchronizer.java:2039)
        at java.util.concurrent.LinkedBlockingDeque.takeFirst(LinkedBlockingDeque.java:492)
        at java.util.concurrent.LinkedBlockingDeque.take(LinkedBlockingDeque.java:680)
        at java.util.concurrent.ThreadPoolExecutor.getTask(ThreadPoolExecutor.java:1074)
        at java.util.concurrent.ThreadPoolExecutor.runWorker(ThreadPoolExecutor.java:1134)
        at java.util.concurrent.ThreadPoolExecutor$Worker.run(ThreadPoolExecutor.java:624)
        at java.lang.Thread.run(Thread.java:750)
"org.apache.hadoop.ozone.container.common.statemachine.commandhandler.DeleteBlocksCommandHandler$DeleteCmdWorker@39d73eea" daemon prio=5 tid=190 timed_waiting
java.lang.Thread.State: TIMED_WAITING
        at java.lang.Thread.sleep(Native Method)
        at org.apache.hadoop.ozone.container.common.statemachine.commandhandler.DeleteBlocksCommandHandler$DeleteCmdWorker.run(DeleteBlocksCommandHandler.java:187)
        at java.lang.Thread.run(Thread.java:750)
"pool-87-thread-1"  prio=5 tid=191 timed_waiting
java.lang.Thread.State: TIMED_WAITING
        at sun.misc.Unsafe.park(Native Method)
        at java.util.concurrent.locks.LockSupport.parkNanos(LockSupport.java:215)
        at java.util.concurrent.locks.AbstractQueuedSynchronizer$ConditionObject.awaitNanos(AbstractQueuedSynchronizer.java:2078)
        at java.util.concurrent.ScheduledThreadPoolExecutor$DelayedWorkQueue.take(ScheduledThreadPoolExecutor.java:1093)
        at java.util.concurrent.ScheduledThreadPoolExecutor$DelayedWorkQueue.take(ScheduledThreadPoolExecutor.java:809)
        at java.util.concurrent.ThreadPoolExecutor.getTask(ThreadPoolExecutor.java:1074)
        at java.util.concurrent.ThreadPoolExecutor.runWorker(ThreadPoolExecutor.java:1134)
        at java.util.concurrent.ThreadPoolExecutor$Worker.run(ThreadPoolExecutor.java:624)
        at java.lang.Thread.run(Thread.java:750)
"EventQueue-NewNodeForNewNodeHandler" daemon prio=5 tid=310 in Object.wait()
java.lang.Thread.State: WAITING (on object monitor)
        at sun.misc.Unsafe.park(Native Method)
        at java.util.concurrent.locks.LockSupport.park(LockSupport.java:175)
        at java.util.concurrent.locks.AbstractQueuedSynchronizer$ConditionObject.await(AbstractQueuedSynchronizer.java:2039)
        at java.util.concurrent.LinkedBlockingQueue.take(LinkedBlockingQueue.java:442)
        at java.util.concurrent.ThreadPoolExecutor.getTask(ThreadPoolExecutor.java:1074)
        at java.util.concurrent.ThreadPoolExecutor.runWorker(ThreadPoolExecutor.java:1134)
        at java.util.concurrent.ThreadPoolExecutor$Worker.run(ThreadPoolExecutor.java:624)
        at java.lang.Thread.run(Thread.java:750)
"SstFilteringService#0" daemon prio=5 tid=149 timed_waiting
java.lang.Thread.State: TIMED_WAITING
        at sun.misc.Unsafe.park(Native Method)
        at java.util.concurrent.locks.LockSupport.parkNanos(LockSupport.java:215)
        at java.util.concurrent.locks.AbstractQueuedSynchronizer$ConditionObject.awaitNanos(AbstractQueuedSynchronizer.java:2078)
        at java.util.concurrent.ScheduledThreadPoolExecutor$DelayedWorkQueue.take(ScheduledThreadPoolExecutor.java:1093)
        at java.util.concurrent.ScheduledThreadPoolExecutor$DelayedWorkQueue.take(ScheduledThreadPoolExecutor.java:809)
        at java.util.concurrent.ThreadPoolExecutor.getTask(ThreadPoolExecutor.java:1074)
        at java.util.concurrent.ThreadPoolExecutor.runWorker(ThreadPoolExecutor.java:1134)
        at java.util.concurrent.ThreadPoolExecutor$Worker.run(ThreadPoolExecutor.java:624)
        at java.lang.Thread.run(Thread.java:750)
"IPC Server handler 7 on default port 36703" daemon prio=5 tid=76 timed_waiting
java.lang.Thread.State: TIMED_WAITING
        at sun.misc.Unsafe.park(Native Method)
        at java.util.concurrent.locks.LockSupport.parkNanos(LockSupport.java:215)
        at java.util.concurrent.locks.AbstractQueuedSynchronizer$ConditionObject.awaitNanos(AbstractQueuedSynchronizer.java:2078)
        at java.util.concurrent.LinkedBlockingQueue.poll(LinkedBlockingQueue.java:467)
        at org.apache.hadoop.ipc.CallQueueManager.take(CallQueueManager.java:317)
        at org.apache.hadoop.ipc.Server$Handler.run(Server.java:2992)
"IPC Server handler 9 on default port 37905" daemon prio=5 tid=98 timed_waiting
java.lang.Thread.State: TIMED_WAITING
        at sun.misc.Unsafe.park(Native Method)
        at java.util.concurrent.locks.LockSupport.parkNanos(LockSupport.java:215)
        at java.util.concurrent.locks.AbstractQueuedSynchronizer$ConditionObject.awaitNanos(AbstractQueuedSynchronizer.java:2078)
        at java.util.concurrent.LinkedBlockingQueue.poll(LinkedBlockingQueue.java:467)
        at org.apache.hadoop.ipc.CallQueueManager.take(CallQueueManager.java:317)
        at org.apache.hadoop.ipc.Server$Handler.run(Server.java:2992)
"ContainerOp-fe8f8231-531f-40c6-a24e-b6dddc8024d4-5"  prio=5 tid=478 in Object.wait()
java.lang.Thread.State: WAITING (on object monitor)
        at sun.misc.Unsafe.park(Native Method)
        at java.util.concurrent.locks.LockSupport.park(LockSupport.java:175)
        at java.util.concurrent.locks.AbstractQueuedSynchronizer$ConditionObject.await(AbstractQueuedSynchronizer.java:2039)
        at java.util.concurrent.LinkedBlockingQueue.take(LinkedBlockingQueue.java:442)
        at java.util.concurrent.ThreadPoolExecutor.getTask(ThreadPoolExecutor.java:1074)
        at java.util.concurrent.ThreadPoolExecutor.runWorker(ThreadPoolExecutor.java:1134)
        at java.util.concurrent.ThreadPoolExecutor$Worker.run(ThreadPoolExecutor.java:624)
        at java.lang.Thread.run(Thread.java:750)
"IPC Server handler 11 on default port 36647" daemon prio=5 tid=60 timed_waiting
java.lang.Thread.State: TIMED_WAITING
        at sun.misc.Unsafe.park(Native Method)
        at java.util.concurrent.locks.LockSupport.parkNanos(LockSupport.java:215)
        at java.util.concurrent.locks.AbstractQueuedSynchronizer$ConditionObject.awaitNanos(AbstractQueuedSynchronizer.java:2078)
        at java.util.concurrent.LinkedBlockingQueue.poll(LinkedBlockingQueue.java:467)
        at org.apache.hadoop.ipc.CallQueueManager.take(CallQueueManager.java:317)
        at org.apache.hadoop.ipc.Server$Handler.run(Server.java:2992)
"IPC Server handler 10 on default port 36647" daemon prio=5 tid=59 timed_waiting
java.lang.Thread.State: TIMED_WAITING
        at sun.misc.Unsafe.park(Native Method)
        at java.util.concurrent.locks.LockSupport.parkNanos(LockSupport.java:215)
        at java.util.concurrent.locks.AbstractQueuedSynchronizer$ConditionObject.awaitNanos(AbstractQueuedSynchronizer.java:2078)
        at java.util.concurrent.LinkedBlockingQueue.poll(LinkedBlockingQueue.java:467)
        at org.apache.hadoop.ipc.CallQueueManager.take(CallQueueManager.java:317)
        at org.apache.hadoop.ipc.Server$Handler.run(Server.java:2992)
"4bcfc98d-1351-440f-af15-56158ce83d77@group-B6DDDC8024D4-LeaderStateImpl" daemon prio=5 tid=375 timed_waiting
java.lang.Thread.State: TIMED_WAITING
        at sun.misc.Unsafe.park(Native Method)
        at java.util.concurrent.locks.LockSupport.parkNanos(LockSupport.java:215)
        at java.util.concurrent.locks.AbstractQueuedSynchronizer$ConditionObject.awaitNanos(AbstractQueuedSynchronizer.java:2078)
        at java.util.concurrent.ArrayBlockingQueue.poll(ArrayBlockingQueue.java:418)
        at org.apache.ratis.server.impl.LeaderStateImpl$EventQueue.poll(LeaderStateImpl.java:159)
        at org.apache.ratis.server.impl.LeaderStateImpl$EventProcessor.run(LeaderStateImpl.java:630)
"qtp551301975-159" daemon prio=5 tid=159 timed_waiting
java.lang.Thread.State: TIMED_WAITING
        at sun.misc.Unsafe.park(Native Method)
        at java.util.concurrent.locks.LockSupport.parkNanos(LockSupport.java:215)
        at java.util.concurrent.locks.AbstractQueuedSynchronizer$ConditionObject.awaitNanos(AbstractQueuedSynchronizer.java:2078)
        at org.eclipse.jetty.util.BlockingArrayQueue.poll(BlockingArrayQueue.java:382)
        at org.eclipse.jetty.util.thread.QueuedThreadPool$Runner.idleJobPoll(QueuedThreadPool.java:974)
        at org.eclipse.jetty.util.thread.QueuedThreadPool$Runner.run(QueuedThreadPool.java:1018)
        at java.lang.Thread.run(Thread.java:750)
"OMDoubleBufferFlushThread" daemon prio=5 tid=129 timed_waiting
java.lang.Thread.State: TIMED_WAITING
        at java.lang.Object.wait(Native Method)
        at org.apache.hadoop.ozone.om.ratis.OzoneManagerDoubleBuffer.canFlush(OzoneManagerDoubleBuffer.java:614)
        at org.apache.hadoop.ozone.om.ratis.OzoneManagerDoubleBuffer.flushTransactions(OzoneManagerDoubleBuffer.java:258)
        at org.apache.hadoop.ozone.om.ratis.OzoneManagerDoubleBuffer$$Lambda$521/1954298581.run(Unknown Source)
        at java.lang.Thread.run(Thread.java:750)
"Reference Handler" daemon prio=10 tid=2 in Object.wait()
java.lang.Thread.State: WAITING (on object monitor)
        at java.lang.Object.wait(Native Method)
        at java.lang.Object.wait(Object.java:502)
        at java.lang.ref.Reference.tryHandlePending(Reference.java:191)
        at java.lang.ref.Reference$ReferenceHandler.run(Reference.java:153)
"IPC Server handler 3 on default port 36703" daemon prio=5 tid=72 timed_waiting
java.lang.Thread.State: TIMED_WAITING
        at sun.misc.Unsafe.park(Native Method)
        at java.util.concurrent.locks.LockSupport.parkNanos(LockSupport.java:215)
        at java.util.concurrent.locks.AbstractQueuedSynchronizer$ConditionObject.awaitNanos(AbstractQueuedSynchronizer.java:2078)
        at java.util.concurrent.LinkedBlockingQueue.poll(LinkedBlockingQueue.java:467)
        at org.apache.hadoop.ipc.CallQueueManager.take(CallQueueManager.java:317)
        at org.apache.hadoop.ipc.Server$Handler.run(Server.java:2992)
"ContainerOp-fe8f8231-531f-40c6-a24e-b6dddc8024d4-3"  prio=5 tid=463 in Object.wait()
java.lang.Thread.State: WAITING (on object monitor)
        at sun.misc.Unsafe.park(Native Method)
        at java.util.concurrent.locks.LockSupport.park(LockSupport.java:175)
        at java.util.concurrent.locks.AbstractQueuedSynchronizer$ConditionObject.await(AbstractQueuedSynchronizer.java:2039)
        at java.util.concurrent.LinkedBlockingQueue.take(LinkedBlockingQueue.java:442)
        at java.util.concurrent.ThreadPoolExecutor.getTask(ThreadPoolExecutor.java:1074)
        at java.util.concurrent.ThreadPoolExecutor.runWorker(ThreadPoolExecutor.java:1134)
        at java.util.concurrent.ThreadPoolExecutor$Worker.run(ThreadPoolExecutor.java:624)
        at java.lang.Thread.run(Thread.java:750)
"IPC Server listener on 0" daemon prio=5 tid=28 runnable
java.lang.Thread.State: RUNNABLE
        at sun.nio.ch.EPollArrayWrapper.epollWait(Native Method)
        at sun.nio.ch.EPollArrayWrapper.poll(EPollArrayWrapper.java:269)
        at sun.nio.ch.EPollSelectorImpl.doSelect(EPollSelectorImpl.java:93)
        at sun.nio.ch.SelectorImpl.lockAndDoSelect(SelectorImpl.java:86)
        at sun.nio.ch.SelectorImpl.select(SelectorImpl.java:97)
        at sun.nio.ch.SelectorImpl.select(SelectorImpl.java:101)
        at org.apache.hadoop.ipc.Server$Listener.run(Server.java:1404)
"JvmPauseMonitor0" daemon prio=5 tid=144 timed_waiting
java.lang.Thread.State: TIMED_WAITING
        at java.lang.Thread.sleep(Native Method)
        at java.lang.Thread.sleep(Thread.java:342)
        at java.util.concurrent.TimeUnit.sleep(TimeUnit.java:386)
        at org.apache.ratis.util.TimeDuration.sleep(TimeDuration.java:325)
        at org.apache.ratis.util.TimeDuration.sleep(TimeDuration.java:310)
        at org.apache.ratis.util.JvmPauseMonitor.detectPause(JvmPauseMonitor.java:119)
        at org.apache.ratis.util.JvmPauseMonitor.run(JvmPauseMonitor.java:108)
        at org.apache.ratis.util.JvmPauseMonitor$$Lambda$727/1065899405.run(Unknown Source)
        at java.lang.Thread.run(Thread.java:750)
"pool-71-thread-1" daemon prio=5 tid=185 timed_waiting
java.lang.Thread.State: TIMED_WAITING
        at sun.misc.Unsafe.park(Native Method)
        at java.util.concurrent.locks.LockSupport.parkNanos(LockSupport.java:215)
        at java.util.concurrent.locks.AbstractQueuedSynchronizer$ConditionObject.awaitNanos(AbstractQueuedSynchronizer.java:2078)
        at java.util.concurrent.ScheduledThreadPoolExecutor$DelayedWorkQueue.take(ScheduledThreadPoolExecutor.java:1093)
        at java.util.concurrent.ScheduledThreadPoolExecutor$DelayedWorkQueue.take(ScheduledThreadPoolExecutor.java:809)
        at java.util.concurrent.ThreadPoolExecutor.getTask(ThreadPoolExecutor.java:1074)
        at java.util.concurrent.ThreadPoolExecutor.runWorker(ThreadPoolExecutor.java:1134)
        at java.util.concurrent.ThreadPoolExecutor$Worker.run(ThreadPoolExecutor.java:624)
        at java.lang.Thread.run(Thread.java:750)
"Under Replicated Processor" daemon prio=5 tid=19 timed_waiting
java.lang.Thread.State: TIMED_WAITING
        at java.lang.Object.wait(Native Method)
        at org.apache.hadoop.hdds.scm.container.replication.UnhealthyReplicationProcessor.run(UnhealthyReplicationProcessor.java:140)
        at java.lang.Thread.run(Thread.java:750)
"ContainerOp-cd8abe94-f173-4052-9509-b5bff1395f48-8"  prio=5 tid=482 in Object.wait()
java.lang.Thread.State: WAITING (on object monitor)
        at sun.misc.Unsafe.park(Native Method)
        at java.util.concurrent.locks.LockSupport.park(LockSupport.java:175)
        at java.util.concurrent.locks.AbstractQueuedSynchronizer$ConditionObject.await(AbstractQueuedSynchronizer.java:2039)
        at java.util.concurrent.LinkedBlockingQueue.take(LinkedBlockingQueue.java:442)
        at java.util.concurrent.ThreadPoolExecutor.getTask(ThreadPoolExecutor.java:1074)
        at java.util.concurrent.ThreadPoolExecutor.runWorker(ThreadPoolExecutor.java:1134)
        at java.util.concurrent.ThreadPoolExecutor$Worker.run(ThreadPoolExecutor.java:624)
        at java.lang.Thread.run(Thread.java:750)
"ChunkWriter-3-0" daemon prio=5 tid=291 in Object.wait()
java.lang.Thread.State: WAITING (on object monitor)
        at sun.misc.Unsafe.park(Native Method)
        at java.util.concurrent.locks.LockSupport.park(LockSupport.java:175)
        at java.util.concurrent.locks.AbstractQueuedSynchronizer$ConditionObject.await(AbstractQueuedSynchronizer.java:2039)
        at java.util.concurrent.LinkedBlockingDeque.takeFirst(LinkedBlockingDeque.java:492)
        at java.util.concurrent.LinkedBlockingDeque.take(LinkedBlockingDeque.java:680)
        at java.util.concurrent.ThreadPoolExecutor.getTask(ThreadPoolExecutor.java:1074)
        at java.util.concurrent.ThreadPoolExecutor.runWorker(ThreadPoolExecutor.java:1134)
        at java.util.concurrent.ThreadPoolExecutor$Worker.run(ThreadPoolExecutor.java:624)
        at java.lang.Thread.run(Thread.java:750)
"pool-36-thread-1"  prio=5 tid=127 timed_waiting
java.lang.Thread.State: TIMED_WAITING
        at sun.misc.Unsafe.park(Native Method)
        at java.util.concurrent.locks.LockSupport.parkNanos(LockSupport.java:215)
        at java.util.concurrent.locks.AbstractQueuedSynchronizer$ConditionObject.awaitNanos(AbstractQueuedSynchronizer.java:2078)
        at java.util.concurrent.ScheduledThreadPoolExecutor$DelayedWorkQueue.take(ScheduledThreadPoolExecutor.java:1093)
        at java.util.concurrent.ScheduledThreadPoolExecutor$DelayedWorkQueue.take(ScheduledThreadPoolExecutor.java:809)
        at java.util.concurrent.ThreadPoolExecutor.getTask(ThreadPoolExecutor.java:1074)
        at java.util.concurrent.ThreadPoolExecutor.runWorker(ThreadPoolExecutor.java:1134)
        at java.util.concurrent.ThreadPoolExecutor$Worker.run(ThreadPoolExecutor.java:624)
        at java.lang.Thread.run(Thread.java:750)
"PartialTableCache Cleanup Thread - 0" daemon prio=5 tid=271 in Object.wait()
java.lang.Thread.State: WAITING (on object monitor)
        at sun.misc.Unsafe.park(Native Method)
        at java.util.concurrent.locks.LockSupport.park(LockSupport.java:175)
        at java.util.concurrent.locks.AbstractQueuedSynchronizer$ConditionObject.await(AbstractQueuedSynchronizer.java:2039)
        at java.util.concurrent.LinkedBlockingQueue.take(LinkedBlockingQueue.java:442)
        at java.util.concurrent.ThreadPoolExecutor.getTask(ThreadPoolExecutor.java:1074)
        at java.util.concurrent.ThreadPoolExecutor.runWorker(ThreadPoolExecutor.java:1134)
        at java.util.concurrent.ThreadPoolExecutor$Worker.run(ThreadPoolExecutor.java:624)
        at java.lang.Thread.run(Thread.java:750)
"FullTableCache Cleanup Thread - 0" daemon prio=5 tid=417 in Object.wait()
java.lang.Thread.State: WAITING (on object monitor)
        at sun.misc.Unsafe.park(Native Method)
        at java.util.concurrent.locks.LockSupport.park(LockSupport.java:175)
        at java.util.concurrent.locks.AbstractQueuedSynchronizer$ConditionObject.await(AbstractQueuedSynchronizer.java:2039)
        at java.util.concurrent.LinkedBlockingQueue.take(LinkedBlockingQueue.java:442)
        at java.util.concurrent.ThreadPoolExecutor.getTask(ThreadPoolExecutor.java:1074)
        at java.util.concurrent.ThreadPoolExecutor.runWorker(ThreadPoolExecutor.java:1134)
        at java.util.concurrent.ThreadPoolExecutor$Worker.run(ThreadPoolExecutor.java:624)
        at java.lang.Thread.run(Thread.java:750)
"qtp1241568657-115" daemon prio=5 tid=115 timed_waiting
java.lang.Thread.State: TIMED_WAITING
        at sun.misc.Unsafe.park(Native Method)
        at java.util.concurrent.locks.LockSupport.parkNanos(LockSupport.java:215)
        at java.util.concurrent.locks.AbstractQueuedSynchronizer$ConditionObject.awaitNanos(AbstractQueuedSynchronizer.java:2078)
        at org.eclipse.jetty.util.BlockingArrayQueue.poll(BlockingArrayQueue.java:382)
        at org.eclipse.jetty.util.thread.QueuedThreadPool$Runner.idleJobPoll(QueuedThreadPool.java:974)
        at org.eclipse.jetty.util.thread.QueuedThreadPool$Runner.run(QueuedThreadPool.java:1018)
        at java.lang.Thread.run(Thread.java:750)
"ChunkWriter-3-0" daemon prio=5 tid=303 in Object.wait()
java.lang.Thread.State: WAITING (on object monitor)
        at sun.misc.Unsafe.park(Native Method)
        at java.util.concurrent.locks.LockSupport.park(LockSupport.java:175)
        at java.util.concurrent.locks.AbstractQueuedSynchronizer$ConditionObject.await(AbstractQueuedSynchronizer.java:2039)
        at java.util.concurrent.LinkedBlockingDeque.takeFirst(LinkedBlockingDeque.java:492)
        at java.util.concurrent.LinkedBlockingDeque.take(LinkedBlockingDeque.java:680)
        at java.util.concurrent.ThreadPoolExecutor.getTask(ThreadPoolExecutor.java:1074)
        at java.util.concurrent.ThreadPoolExecutor.runWorker(ThreadPoolExecutor.java:1134)
        at java.util.concurrent.ThreadPoolExecutor$Worker.run(ThreadPoolExecutor.java:624)
        at java.lang.Thread.run(Thread.java:750)
"IPC Server handler 7 on default port 37905" daemon prio=5 tid=96 timed_waiting
java.lang.Thread.State: TIMED_WAITING
        at sun.misc.Unsafe.park(Native Method)
        at java.util.concurrent.locks.LockSupport.parkNanos(LockSupport.java:215)
        at java.util.concurrent.locks.AbstractQueuedSynchronizer$ConditionObject.awaitNanos(AbstractQueuedSynchronizer.java:2078)
        at java.util.concurrent.LinkedBlockingQueue.poll(LinkedBlockingQueue.java:467)
        at org.apache.hadoop.ipc.CallQueueManager.take(CallQueueManager.java:317)
        at org.apache.hadoop.ipc.Server$Handler.run(Server.java:2992)
"ChunkWriter-1-0" daemon prio=5 tid=277 in Object.wait()
java.lang.Thread.State: WAITING (on object monitor)
        at sun.misc.Unsafe.park(Native Method)
        at java.util.concurrent.locks.LockSupport.park(LockSupport.java:175)
        at java.util.concurrent.locks.AbstractQueuedSynchronizer$ConditionObject.await(AbstractQueuedSynchronizer.java:2039)
        at java.util.concurrent.LinkedBlockingDeque.takeFirst(LinkedBlockingDeque.java:492)
        at java.util.concurrent.LinkedBlockingDeque.take(LinkedBlockingDeque.java:680)
        at java.util.concurrent.ThreadPoolExecutor.getTask(ThreadPoolExecutor.java:1074)
        at java.util.concurrent.ThreadPoolExecutor.runWorker(ThreadPoolExecutor.java:1134)
        at java.util.concurrent.ThreadPoolExecutor$Worker.run(ThreadPoolExecutor.java:624)
        at java.lang.Thread.run(Thread.java:750)
"Datanode State Machine Task Thread - 1"  prio=5 tid=272 in Object.wait()
java.lang.Thread.State: WAITING (on object monitor)
        at sun.misc.Unsafe.park(Native Method)
        at java.util.concurrent.locks.LockSupport.park(LockSupport.java:175)
        at java.util.concurrent.locks.AbstractQueuedSynchronizer$ConditionObject.await(AbstractQueuedSynchronizer.java:2039)
        at java.util.concurrent.LinkedBlockingQueue.take(LinkedBlockingQueue.java:442)
        at java.util.concurrent.ThreadPoolExecutor.getTask(ThreadPoolExecutor.java:1074)
        at java.util.concurrent.ThreadPoolExecutor.runWorker(ThreadPoolExecutor.java:1134)
        at java.util.concurrent.ThreadPoolExecutor$Worker.run(ThreadPoolExecutor.java:624)
        at java.lang.Thread.run(Thread.java:750)
"4bcfc98d-1351-440f-af15-56158ce83d77@group-88854C34A86D-SegmentedRaftLogWorker"  prio=5 tid=335 timed_waiting
java.lang.Thread.State: TIMED_WAITING
        at sun.misc.Unsafe.park(Native Method)
        at java.util.concurrent.locks.LockSupport.parkNanos(LockSupport.java:215)
        at java.util.concurrent.locks.AbstractQueuedSynchronizer$ConditionObject.awaitNanos(AbstractQueuedSynchronizer.java:2078)
        at org.apache.ratis.util.DataBlockingQueue.poll(DataBlockingQueue.java:148)
        at org.apache.ratis.server.raftlog.segmented.SegmentedRaftLogWorker.run(SegmentedRaftLogWorker.java:312)
        at org.apache.ratis.server.raftlog.segmented.SegmentedRaftLogWorker$$Lambda$686/78095376.run(Unknown Source)
        at java.lang.Thread.run(Thread.java:750)
"Datanode State Machine Task Thread - 0"  prio=5 tid=238 in Object.wait()
java.lang.Thread.State: WAITING (on object monitor)
        at sun.misc.Unsafe.park(Native Method)
        at java.util.concurrent.locks.LockSupport.park(LockSupport.java:175)
        at java.util.concurrent.locks.AbstractQueuedSynchronizer$ConditionObject.await(AbstractQueuedSynchronizer.java:2039)
        at java.util.concurrent.LinkedBlockingQueue.take(LinkedBlockingQueue.java:442)
        at java.util.concurrent.ThreadPoolExecutor.getTask(ThreadPoolExecutor.java:1074)
        at java.util.concurrent.ThreadPoolExecutor.runWorker(ThreadPoolExecutor.java:1134)
        at java.util.concurrent.ThreadPoolExecutor$Worker.run(ThreadPoolExecutor.java:624)
        at java.lang.Thread.run(Thread.java:750)
"ContainerOp-cd8abe94-f173-4052-9509-b5bff1395f48-3"  prio=5 tid=436 in Object.wait()
java.lang.Thread.State: WAITING (on object monitor)
        at sun.misc.Unsafe.park(Native Method)
        at java.util.concurrent.locks.LockSupport.park(LockSupport.java:175)
        at java.util.concurrent.locks.AbstractQueuedSynchronizer$ConditionObject.await(AbstractQueuedSynchronizer.java:2039)
        at java.util.concurrent.LinkedBlockingQueue.take(LinkedBlockingQueue.java:442)
        at java.util.concurrent.ThreadPoolExecutor.getTask(ThreadPoolExecutor.java:1074)
        at java.util.concurrent.ThreadPoolExecutor.runWorker(ThreadPoolExecutor.java:1134)
        at java.util.concurrent.ThreadPoolExecutor$Worker.run(ThreadPoolExecutor.java:624)
        at java.lang.Thread.run(Thread.java:750)
"Datanode State Machine Daemon Thread" daemon prio=5 tid=230 timed_waiting
java.lang.Thread.State: TIMED_WAITING
        at java.lang.Thread.sleep(Native Method)
        at org.apache.hadoop.ozone.container.common.statemachine.DatanodeStateMachine.startStateMachineThread(DatanodeStateMachine.java:336)
        at org.apache.hadoop.ozone.container.common.statemachine.DatanodeStateMachine.lambda$startDaemon$0(DatanodeStateMachine.java:518)
        at org.apache.hadoop.ozone.container.common.statemachine.DatanodeStateMachine$$Lambda$868/49292481.run(Unknown Source)
        at java.lang.Thread.run(Thread.java:750)
"Periodic HDDS volume checker" daemon prio=5 tid=183 timed_waiting
java.lang.Thread.State: TIMED_WAITING
        at sun.misc.Unsafe.park(Native Method)
        at java.util.concurrent.locks.LockSupport.parkNanos(LockSupport.java:215)
        at java.util.concurrent.locks.AbstractQueuedSynchronizer$ConditionObject.awaitNanos(AbstractQueuedSynchronizer.java:2078)
        at java.util.concurrent.ScheduledThreadPoolExecutor$DelayedWorkQueue.take(ScheduledThreadPoolExecutor.java:1093)
        at java.util.concurrent.ScheduledThreadPoolExecutor$DelayedWorkQueue.take(ScheduledThreadPoolExecutor.java:809)
        at java.util.concurrent.ThreadPoolExecutor.getTask(ThreadPoolExecutor.java:1074)
        at java.util.concurrent.ThreadPoolExecutor.runWorker(ThreadPoolExecutor.java:1134)
        at java.util.concurrent.ThreadPoolExecutor$Worker.run(ThreadPoolExecutor.java:624)
        at java.lang.Thread.run(Thread.java:750)
"ContainerOp-fe8f8231-531f-40c6-a24e-b6dddc8024d4-4"  prio=5 tid=475 in Object.wait()
java.lang.Thread.State: WAITING (on object monitor)
        at sun.misc.Unsafe.park(Native Method)
        at java.util.concurrent.locks.LockSupport.park(LockSupport.java:175)
        at java.util.concurrent.locks.AbstractQueuedSynchronizer$ConditionObject.await(AbstractQueuedSynchronizer.java:2039)
        at java.util.concurrent.LinkedBlockingQueue.take(LinkedBlockingQueue.java:442)
        at java.util.concurrent.ThreadPoolExecutor.getTask(ThreadPoolExecutor.java:1074)
        at java.util.concurrent.ThreadPoolExecutor.runWorker(ThreadPoolExecutor.java:1134)
        at java.util.concurrent.ThreadPoolExecutor$Worker.run(ThreadPoolExecutor.java:624)
        at java.lang.Thread.run(Thread.java:750)
"Datanode State Machine Task Thread - 1"  prio=5 tid=286 in Object.wait()
java.lang.Thread.State: WAITING (on object monitor)
        at sun.misc.Unsafe.park(Native Method)
        at java.util.concurrent.locks.LockSupport.park(LockSupport.java:175)
        at java.util.concurrent.locks.AbstractQueuedSynchronizer$ConditionObject.await(AbstractQueuedSynchronizer.java:2039)
        at java.util.concurrent.LinkedBlockingQueue.take(LinkedBlockingQueue.java:442)
        at java.util.concurrent.ThreadPoolExecutor.getTask(ThreadPoolExecutor.java:1074)
        at java.util.concurrent.ThreadPoolExecutor.runWorker(ThreadPoolExecutor.java:1134)
        at java.util.concurrent.ThreadPoolExecutor$Worker.run(ThreadPoolExecutor.java:624)
        at java.lang.Thread.run(Thread.java:750)
"Session-HouseKeeper-1fb8b4d8-1"  prio=5 tid=200 timed_waiting
java.lang.Thread.State: TIMED_WAITING
        at sun.misc.Unsafe.park(Native Method)
        at java.util.concurrent.locks.LockSupport.parkNanos(LockSupport.java:215)
        at java.util.concurrent.locks.AbstractQueuedSynchronizer$ConditionObject.awaitNanos(AbstractQueuedSynchronizer.java:2078)
        at java.util.concurrent.ScheduledThreadPoolExecutor$DelayedWorkQueue.take(ScheduledThreadPoolExecutor.java:1093)
        at java.util.concurrent.ScheduledThreadPoolExecutor$DelayedWorkQueue.take(ScheduledThreadPoolExecutor.java:809)
        at java.util.concurrent.ThreadPoolExecutor.getTask(ThreadPoolExecutor.java:1074)
        at java.util.concurrent.ThreadPoolExecutor.runWorker(ThreadPoolExecutor.java:1134)
        at java.util.concurrent.ThreadPoolExecutor$Worker.run(ThreadPoolExecutor.java:624)
        at java.lang.Thread.run(Thread.java:750)
"qtp189945097-198" daemon prio=5 tid=198 timed_waiting
java.lang.Thread.State: TIMED_WAITING
        at sun.misc.Unsafe.park(Native Method)
        at java.util.concurrent.locks.LockSupport.parkNanos(LockSupport.java:215)
        at java.util.concurrent.locks.AbstractQueuedSynchronizer$ConditionObject.awaitNanos(AbstractQueuedSynchronizer.java:2078)
        at org.eclipse.jetty.util.BlockingArrayQueue.poll(BlockingArrayQueue.java:382)
        at org.eclipse.jetty.util.thread.QueuedThreadPool$Runner.idleJobPoll(QueuedThreadPool.java:974)
        at org.eclipse.jetty.util.thread.QueuedThreadPool$Runner.run(QueuedThreadPool.java:1018)
        at java.lang.Thread.run(Thread.java:750)
"ContainerOp-fe8f8231-531f-40c6-a24e-b6dddc8024d4-2"  prio=5 tid=460 in Object.wait()
java.lang.Thread.State: WAITING (on object monitor)
        at sun.misc.Unsafe.park(Native Method)
        at java.util.concurrent.locks.LockSupport.park(LockSupport.java:175)
        at java.util.concurrent.locks.AbstractQueuedSynchronizer$ConditionObject.await(AbstractQueuedSynchronizer.java:2039)
        at java.util.concurrent.LinkedBlockingQueue.take(LinkedBlockingQueue.java:442)
        at java.util.concurrent.ThreadPoolExecutor.getTask(ThreadPoolExecutor.java:1074)
        at java.util.concurrent.ThreadPoolExecutor.runWorker(ThreadPoolExecutor.java:1134)
        at java.util.concurrent.ThreadPoolExecutor$Worker.run(ThreadPoolExecutor.java:624)
        at java.lang.Thread.run(Thread.java:750)
"Socket Reader #1 for port 0"  prio=5 tid=34 runnable
java.lang.Thread.State: RUNNABLE
        at sun.nio.ch.EPollArrayWrapper.epollWait(Native Method)
        at sun.nio.ch.EPollArrayWrapper.poll(EPollArrayWrapper.java:269)
        at sun.nio.ch.EPollSelectorImpl.doSelect(EPollSelectorImpl.java:93)
        at sun.nio.ch.SelectorImpl.lockAndDoSelect(SelectorImpl.java:86)
        at sun.nio.ch.SelectorImpl.select(SelectorImpl.java:97)
        at sun.nio.ch.SelectorImpl.select(SelectorImpl.java:101)
        at org.apache.hadoop.ipc.Server$Listener$Reader.doRunLoop(Server.java:1342)
        at org.apache.hadoop.ipc.Server$Listener$Reader.run(Server.java:1321)
"qtp1241568657-117" daemon prio=5 tid=117 timed_waiting
java.lang.Thread.State: TIMED_WAITING
        at sun.misc.Unsafe.park(Native Method)
        at java.util.concurrent.locks.LockSupport.parkNanos(LockSupport.java:215)
        at java.util.concurrent.locks.AbstractQueuedSynchronizer$ConditionObject.awaitNanos(AbstractQueuedSynchronizer.java:2078)
        at org.eclipse.jetty.util.BlockingArrayQueue.poll(BlockingArrayQueue.java:382)
        at org.eclipse.jetty.util.thread.QueuedThreadPool$Runner.idleJobPoll(QueuedThreadPool.java:974)
        at org.eclipse.jetty.util.thread.QueuedThreadPool$Runner.run(QueuedThreadPool.java:1018)
        at java.lang.Thread.run(Thread.java:750)
"ContainerOp-cd8abe94-f173-4052-9509-b5bff1395f48-2"  prio=5 tid=437 in Object.wait()
java.lang.Thread.State: WAITING (on object monitor)
        at sun.misc.Unsafe.park(Native Method)
        at java.util.concurrent.locks.LockSupport.park(LockSupport.java:175)
        at java.util.concurrent.locks.AbstractQueuedSynchronizer$ConditionObject.await(AbstractQueuedSynchronizer.java:2039)
        at java.util.concurrent.LinkedBlockingQueue.take(LinkedBlockingQueue.java:442)
        at java.util.concurrent.ThreadPoolExecutor.getTask(ThreadPoolExecutor.java:1074)
        at java.util.concurrent.ThreadPoolExecutor.runWorker(ThreadPoolExecutor.java:1134)
        at java.util.concurrent.ThreadPoolExecutor$Worker.run(ThreadPoolExecutor.java:624)
        at java.lang.Thread.run(Thread.java:750)
"IPC Server handler 15 on default port 37905" daemon prio=5 tid=104 timed_waiting
java.lang.Thread.State: TIMED_WAITING
        at sun.misc.Unsafe.park(Native Method)
        at java.util.concurrent.locks.LockSupport.parkNanos(LockSupport.java:215)
        at java.util.concurrent.locks.AbstractQueuedSynchronizer$ConditionObject.awaitNanos(AbstractQueuedSynchronizer.java:2078)
        at java.util.concurrent.LinkedBlockingQueue.poll(LinkedBlockingQueue.java:467)
        at org.apache.hadoop.ipc.CallQueueManager.take(CallQueueManager.java:317)
        at org.apache.hadoop.ipc.Server$Handler.run(Server.java:2992)
"IPC Server handler 12 on default port 36647" daemon prio=5 tid=61 timed_waiting
java.lang.Thread.State: TIMED_WAITING
        at sun.misc.Unsafe.park(Native Method)
        at java.util.concurrent.locks.LockSupport.parkNanos(LockSupport.java:215)
        at java.util.concurrent.locks.AbstractQueuedSynchronizer$ConditionObject.awaitNanos(AbstractQueuedSynchronizer.java:2078)
        at java.util.concurrent.LinkedBlockingQueue.poll(LinkedBlockingQueue.java:467)
        at org.apache.hadoop.ipc.CallQueueManager.take(CallQueueManager.java:317)
        at org.apache.hadoop.ipc.Server$Handler.run(Server.java:2992)
"IPC Server idle connection scanner for port 36703" daemon prio=5 tid=30 timed_waiting
java.lang.Thread.State: TIMED_WAITING
        at java.lang.Object.wait(Native Method)
        at java.util.TimerThread.mainLoop(Timer.java:552)
        at java.util.TimerThread.run(Timer.java:505)
"IPC Server handler 4 on default port 36703" daemon prio=5 tid=73 timed_waiting
java.lang.Thread.State: TIMED_WAITING
        at sun.misc.Unsafe.park(Native Method)
        at java.util.concurrent.locks.LockSupport.parkNanos(LockSupport.java:215)
        at java.util.concurrent.locks.AbstractQueuedSynchronizer$ConditionObject.awaitNanos(AbstractQueuedSynchronizer.java:2078)
        at java.util.concurrent.LinkedBlockingQueue.poll(LinkedBlockingQueue.java:467)
        at org.apache.hadoop.ipc.CallQueueManager.take(CallQueueManager.java:317)
        at org.apache.hadoop.ipc.Server$Handler.run(Server.java:2992)
"Lease Manager-LeaseManager#LeaseMonitor" daemon prio=5 tid=110 timed_waiting
java.lang.Thread.State: TIMED_WAITING
        at java.lang.Object.wait(Native Method)
        at org.apache.hadoop.ozone.lease.LeaseManager$LeaseMonitor.run(LeaseManager.java:269)
        at java.lang.Thread.run(Thread.java:750)
"IPC Server handler 8 on default port 36703" daemon prio=5 tid=77 timed_waiting
java.lang.Thread.State: TIMED_WAITING
        at sun.misc.Unsafe.park(Native Method)
        at java.util.concurrent.locks.LockSupport.parkNanos(LockSupport.java:215)
        at java.util.concurrent.locks.AbstractQueuedSynchronizer$ConditionObject.awaitNanos(AbstractQueuedSynchronizer.java:2078)
        at java.util.concurrent.LinkedBlockingQueue.poll(LinkedBlockingQueue.java:467)
        at org.apache.hadoop.ipc.CallQueueManager.take(CallQueueManager.java:317)
        at org.apache.hadoop.ipc.Server$Handler.run(Server.java:2992)
"IPC Server handler 7 on default port 45463" daemon prio=5 tid=168 timed_waiting
java.lang.Thread.State: TIMED_WAITING
        at sun.misc.Unsafe.park(Native Method)
        at java.util.concurrent.locks.LockSupport.parkNanos(LockSupport.java:215)
        at java.util.concurrent.locks.AbstractQueuedSynchronizer$ConditionObject.awaitNanos(AbstractQueuedSynchronizer.java:2078)
        at java.util.concurrent.LinkedBlockingQueue.poll(LinkedBlockingQueue.java:467)
        at org.apache.hadoop.ipc.CallQueueManager.take(CallQueueManager.java:317)
        at org.apache.hadoop.ipc.Server$Handler.run(Server.java:2992)
"timer2" daemon prio=5 tid=383 timed_waiting
java.lang.Thread.State: TIMED_WAITING
        at java.lang.Object.wait(Native Method)
        at java.util.TimerThread.mainLoop(Timer.java:552)
        at java.util.TimerThread.run(Timer.java:505)
"ContainerOp-fe8f8231-531f-40c6-a24e-b6dddc8024d4-3"  prio=5 tid=464 in Object.wait()
java.lang.Thread.State: WAITING (on object monitor)
        at sun.misc.Unsafe.park(Native Method)
        at java.util.concurrent.locks.LockSupport.park(LockSupport.java:175)
        at java.util.concurrent.locks.AbstractQueuedSynchronizer$ConditionObject.await(AbstractQueuedSynchronizer.java:2039)
        at java.util.concurrent.LinkedBlockingQueue.take(LinkedBlockingQueue.java:442)
        at java.util.concurrent.ThreadPoolExecutor.getTask(ThreadPoolExecutor.java:1074)
        at java.util.concurrent.ThreadPoolExecutor.runWorker(ThreadPoolExecutor.java:1134)
        at java.util.concurrent.ThreadPoolExecutor$Worker.run(ThreadPoolExecutor.java:624)
        at java.lang.Thread.run(Thread.java:750)
"JvmPauseMonitor2" daemon prio=5 tid=292 timed_waiting
java.lang.Thread.State: TIMED_WAITING
        at java.lang.Thread.sleep(Native Method)
        at java.lang.Thread.sleep(Thread.java:342)
        at java.util.concurrent.TimeUnit.sleep(TimeUnit.java:386)
        at org.apache.ratis.util.TimeDuration.sleep(TimeDuration.java:325)
        at org.apache.ratis.util.TimeDuration.sleep(TimeDuration.java:310)
        at org.apache.ratis.util.JvmPauseMonitor.detectPause(JvmPauseMonitor.java:119)
        at org.apache.ratis.util.JvmPauseMonitor.run(JvmPauseMonitor.java:108)
        at org.apache.ratis.util.JvmPauseMonitor$$Lambda$727/1065899405.run(Unknown Source)
        at java.lang.Thread.run(Thread.java:750)
"IPC Server handler 11 on default port 45463" daemon prio=5 tid=172 timed_waiting
java.lang.Thread.State: TIMED_WAITING
        at sun.misc.Unsafe.park(Native Method)
        at java.util.concurrent.locks.LockSupport.parkNanos(LockSupport.java:215)
        at java.util.concurrent.locks.AbstractQueuedSynchronizer$ConditionObject.awaitNanos(AbstractQueuedSynchronizer.java:2078)
        at java.util.concurrent.LinkedBlockingQueue.poll(LinkedBlockingQueue.java:467)
        at org.apache.hadoop.ipc.CallQueueManager.take(CallQueueManager.java:317)
        at org.apache.hadoop.ipc.Server$Handler.run(Server.java:2992)
"IPC Server handler 2 on default port 36703" daemon prio=5 tid=71 timed_waiting
java.lang.Thread.State: TIMED_WAITING
        at sun.misc.Unsafe.park(Native Method)
        at java.util.concurrent.locks.LockSupport.parkNanos(LockSupport.java:215)
        at java.util.concurrent.locks.AbstractQueuedSynchronizer$ConditionObject.awaitNanos(AbstractQueuedSynchronizer.java:2078)
        at java.util.concurrent.LinkedBlockingQueue.poll(LinkedBlockingQueue.java:467)
        at org.apache.hadoop.ipc.CallQueueManager.take(CallQueueManager.java:317)
        at org.apache.hadoop.ipc.Server$Handler.run(Server.java:2992)
"IPC Server Responder" daemon prio=5 tid=36 runnable
java.lang.Thread.State: RUNNABLE
        at sun.nio.ch.EPollArrayWrapper.epollWait(Native Method)
        at sun.nio.ch.EPollArrayWrapper.poll(EPollArrayWrapper.java:269)
        at sun.nio.ch.EPollSelectorImpl.doSelect(EPollSelectorImpl.java:93)
        at sun.nio.ch.SelectorImpl.lockAndDoSelect(SelectorImpl.java:86)
        at sun.nio.ch.SelectorImpl.select(SelectorImpl.java:97)
        at org.apache.hadoop.ipc.Server$Responder.doRunLoop(Server.java:1578)
        at org.apache.hadoop.ipc.Server$Responder.run(Server.java:1561)
"21b868c3-9969-4e13-ad52-9b0ac48fd138@group-6F8147257EC2-SegmentedRaftLogWorker"  prio=5 tid=353 timed_waiting
java.lang.Thread.State: TIMED_WAITING
        at sun.misc.Unsafe.park(Native Method)
        at java.util.concurrent.locks.LockSupport.parkNanos(LockSupport.java:215)
        at java.util.concurrent.locks.AbstractQueuedSynchronizer$ConditionObject.awaitNanos(AbstractQueuedSynchronizer.java:2078)
        at org.apache.ratis.util.DataBlockingQueue.poll(DataBlockingQueue.java:148)
        at org.apache.ratis.server.raftlog.segmented.SegmentedRaftLogWorker.run(SegmentedRaftLogWorker.java:312)
        at org.apache.ratis.server.raftlog.segmented.SegmentedRaftLogWorker$$Lambda$686/78095376.run(Unknown Source)
        at java.lang.Thread.run(Thread.java:750)
"ContainerOp-cd8abe94-f173-4052-9509-b5bff1395f48-1"  prio=5 tid=432 in Object.wait()
java.lang.Thread.State: WAITING (on object monitor)
        at sun.misc.Unsafe.park(Native Method)
        at java.util.concurrent.locks.LockSupport.park(LockSupport.java:175)
        at java.util.concurrent.locks.AbstractQueuedSynchronizer$ConditionObject.await(AbstractQueuedSynchronizer.java:2039)
        at java.util.concurrent.LinkedBlockingQueue.take(LinkedBlockingQueue.java:442)
        at java.util.concurrent.ThreadPoolExecutor.getTask(ThreadPoolExecutor.java:1074)
        at java.util.concurrent.ThreadPoolExecutor.runWorker(ThreadPoolExecutor.java:1134)
        at java.util.concurrent.ThreadPoolExecutor$Worker.run(ThreadPoolExecutor.java:624)
        at java.lang.Thread.run(Thread.java:750)
"IPC Server handler 17 on default port 36647" daemon prio=5 tid=66 timed_waiting
java.lang.Thread.State: TIMED_WAITING
        at sun.misc.Unsafe.park(Native Method)
        at java.util.concurrent.locks.LockSupport.parkNanos(LockSupport.java:215)
        at java.util.concurrent.locks.AbstractQueuedSynchronizer$ConditionObject.awaitNanos(AbstractQueuedSynchronizer.java:2078)
        at java.util.concurrent.LinkedBlockingQueue.poll(LinkedBlockingQueue.java:467)
        at org.apache.hadoop.ipc.CallQueueManager.take(CallQueueManager.java:317)
        at org.apache.hadoop.ipc.Server$Handler.run(Server.java:2992)
"timer5" daemon prio=5 tid=402 in Object.wait()
java.lang.Thread.State: WAITING (on object monitor)
        at java.lang.Object.wait(Native Method)
        at java.lang.Object.wait(Object.java:502)
        at java.util.TimerThread.mainLoop(Timer.java:526)
        at java.util.TimerThread.run(Timer.java:505)
"FullTableCache Cleanup Thread - 0" daemon prio=5 tid=415 in Object.wait()
java.lang.Thread.State: WAITING (on object monitor)
        at sun.misc.Unsafe.park(Native Method)
        at java.util.concurrent.locks.LockSupport.park(LockSupport.java:175)
        at java.util.concurrent.locks.AbstractQueuedSynchronizer$ConditionObject.await(AbstractQueuedSynchronizer.java:2039)
        at java.util.concurrent.LinkedBlockingQueue.take(LinkedBlockingQueue.java:442)
        at java.util.concurrent.ThreadPoolExecutor.getTask(ThreadPoolExecutor.java:1074)
        at java.util.concurrent.ThreadPoolExecutor.runWorker(ThreadPoolExecutor.java:1134)
        at java.util.concurrent.ThreadPoolExecutor$Worker.run(ThreadPoolExecutor.java:624)
        at java.lang.Thread.run(Thread.java:750)
"Timer for 'StorageContainerManager' metrics system" daemon prio=5 tid=48 timed_waiting
java.lang.Thread.State: TIMED_WAITING
        at java.lang.Object.wait(Native Method)
        at java.util.TimerThread.mainLoop(Timer.java:552)
        at java.util.TimerThread.run(Timer.java:505)
"ContainerOp-fe8f8231-531f-40c6-a24e-b6dddc8024d4-4"  prio=5 tid=474 in Object.wait()
java.lang.Thread.State: WAITING (on object monitor)
        at sun.misc.Unsafe.park(Native Method)
        at java.util.concurrent.locks.LockSupport.park(LockSupport.java:175)
        at java.util.concurrent.locks.AbstractQueuedSynchronizer$ConditionObject.await(AbstractQueuedSynchronizer.java:2039)
        at java.util.concurrent.LinkedBlockingQueue.take(LinkedBlockingQueue.java:442)
        at java.util.concurrent.ThreadPoolExecutor.getTask(ThreadPoolExecutor.java:1074)
        at java.util.concurrent.ThreadPoolExecutor.runWorker(ThreadPoolExecutor.java:1134)
        at java.util.concurrent.ThreadPoolExecutor$Worker.run(ThreadPoolExecutor.java:624)
        at java.lang.Thread.run(Thread.java:750)
"KeyDeletingService#0" daemon prio=5 tid=147 timed_waiting
java.lang.Thread.State: TIMED_WAITING
        at sun.misc.Unsafe.park(Native Method)
        at java.util.concurrent.locks.LockSupport.parkNanos(LockSupport.java:215)
        at java.util.concurrent.locks.AbstractQueuedSynchronizer$ConditionObject.awaitNanos(AbstractQueuedSynchronizer.java:2078)
        at java.util.concurrent.ScheduledThreadPoolExecutor$DelayedWorkQueue.take(ScheduledThreadPoolExecutor.java:1093)
        at java.util.concurrent.ScheduledThreadPoolExecutor$DelayedWorkQueue.take(ScheduledThreadPoolExecutor.java:809)
        at java.util.concurrent.ThreadPoolExecutor.getTask(ThreadPoolExecutor.java:1074)
        at java.util.concurrent.ThreadPoolExecutor.runWorker(ThreadPoolExecutor.java:1134)
        at java.util.concurrent.ThreadPoolExecutor$Worker.run(ThreadPoolExecutor.java:624)
        at java.lang.Thread.run(Thread.java:750)
"ChunkWriter-1-0" daemon prio=5 tid=301 in Object.wait()
java.lang.Thread.State: WAITING (on object monitor)
        at sun.misc.Unsafe.park(Native Method)
        at java.util.concurrent.locks.LockSupport.park(LockSupport.java:175)
        at java.util.concurrent.locks.AbstractQueuedSynchronizer$ConditionObject.await(AbstractQueuedSynchronizer.java:2039)
        at java.util.concurrent.LinkedBlockingDeque.takeFirst(LinkedBlockingDeque.java:492)
        at java.util.concurrent.LinkedBlockingDeque.take(LinkedBlockingDeque.java:680)
        at java.util.concurrent.ThreadPoolExecutor.getTask(ThreadPoolExecutor.java:1074)
        at java.util.concurrent.ThreadPoolExecutor.runWorker(ThreadPoolExecutor.java:1134)
        at java.util.concurrent.ThreadPoolExecutor$Worker.run(ThreadPoolExecutor.java:624)
        at java.lang.Thread.run(Thread.java:750)
"pool-34-thread-1"  prio=5 tid=112 timed_waiting
java.lang.Thread.State: TIMED_WAITING
        at sun.misc.Unsafe.park(Native Method)
        at java.util.concurrent.locks.LockSupport.parkNanos(LockSupport.java:215)
        at java.util.concurrent.locks.AbstractQueuedSynchronizer$ConditionObject.awaitNanos(AbstractQueuedSynchronizer.java:2078)
        at java.util.concurrent.ScheduledThreadPoolExecutor$DelayedWorkQueue.take(ScheduledThreadPoolExecutor.java:1093)
        at java.util.concurrent.ScheduledThreadPoolExecutor$DelayedWorkQueue.take(ScheduledThreadPoolExecutor.java:809)
        at java.util.concurrent.ThreadPoolExecutor.getTask(ThreadPoolExecutor.java:1074)
        at java.util.concurrent.ThreadPoolExecutor.runWorker(ThreadPoolExecutor.java:1134)
        at java.util.concurrent.ThreadPoolExecutor$Worker.run(ThreadPoolExecutor.java:624)
        at java.lang.Thread.run(Thread.java:750)
"OM StateMachine ApplyTransaction Thread - 0" daemon prio=5 tid=267 in Object.wait()
java.lang.Thread.State: WAITING (on object monitor)
        at sun.misc.Unsafe.park(Native Method)
        at java.util.concurrent.locks.LockSupport.park(LockSupport.java:175)
        at java.util.concurrent.locks.AbstractQueuedSynchronizer$ConditionObject.await(AbstractQueuedSynchronizer.java:2039)
        at java.util.concurrent.LinkedBlockingQueue.take(LinkedBlockingQueue.java:442)
        at java.util.concurrent.ThreadPoolExecutor.getTask(ThreadPoolExecutor.java:1074)
        at java.util.concurrent.ThreadPoolExecutor.runWorker(ThreadPoolExecutor.java:1134)
        at java.util.concurrent.ThreadPoolExecutor$Worker.run(ThreadPoolExecutor.java:624)
        at java.lang.Thread.run(Thread.java:750)
"qtp1652609556-223" daemon prio=5 tid=223 timed_waiting
java.lang.Thread.State: TIMED_WAITING
        at sun.misc.Unsafe.park(Native Method)
        at java.util.concurrent.locks.LockSupport.parkNanos(LockSupport.java:215)
        at java.util.concurrent.locks.AbstractQueuedSynchronizer$ConditionObject.awaitNanos(AbstractQueuedSynchronizer.java:2078)
        at org.eclipse.jetty.util.BlockingArrayQueue.poll(BlockingArrayQueue.java:382)
        at org.eclipse.jetty.util.thread.QueuedThreadPool$Runner.idleJobPoll(QueuedThreadPool.java:974)
        at org.eclipse.jetty.util.thread.QueuedThreadPool$Runner.run(QueuedThreadPool.java:1018)
        at java.lang.Thread.run(Thread.java:750)
"IPC Server listener on 0" daemon prio=5 tid=134 runnable
java.lang.Thread.State: RUNNABLE
        at sun.nio.ch.EPollArrayWrapper.epollWait(Native Method)
        at sun.nio.ch.EPollArrayWrapper.poll(EPollArrayWrapper.java:269)
        at sun.nio.ch.EPollSelectorImpl.doSelect(EPollSelectorImpl.java:93)
        at sun.nio.ch.SelectorImpl.lockAndDoSelect(SelectorImpl.java:86)
        at sun.nio.ch.SelectorImpl.select(SelectorImpl.java:97)
        at sun.nio.ch.SelectorImpl.select(SelectorImpl.java:101)
        at org.apache.hadoop.ipc.Server$Listener.run(Server.java:1404)
"FixedThreadPoolWithAffinityExecutor-4-0" daemon prio=5 tid=42 timed_waiting
java.lang.Thread.State: TIMED_WAITING
        at sun.misc.Unsafe.park(Native Method)
        at java.util.concurrent.locks.LockSupport.parkNanos(LockSupport.java:215)
        at java.util.concurrent.locks.AbstractQueuedSynchronizer$ConditionObject.awaitNanos(AbstractQueuedSynchronizer.java:2078)
        at java.util.concurrent.LinkedBlockingQueue.poll(LinkedBlockingQueue.java:467)
        at org.apache.hadoop.hdds.scm.server.ContainerReportQueue.poll(ContainerReportQueue.java:266)
        at org.apache.hadoop.hdds.scm.server.ContainerReportQueue.poll(ContainerReportQueue.java:42)
        at org.apache.hadoop.hdds.server.events.FixedThreadPoolWithAffinityExecutor$ContainerReportProcessTask.run(FixedThreadPoolWithAffinityExecutor.java:247)
        at java.util.concurrent.Executors$RunnableAdapter.call(Executors.java:511)
        at java.util.concurrent.FutureTask.run(FutureTask.java:266)
        at java.util.concurrent.ThreadPoolExecutor.runWorker(ThreadPoolExecutor.java:1149)
        at java.util.concurrent.ThreadPoolExecutor$Worker.run(ThreadPoolExecutor.java:624)
        at java.lang.Thread.run(Thread.java:750)
"IPC Server handler 2 on default port 37905" daemon prio=5 tid=91 timed_waiting
java.lang.Thread.State: TIMED_WAITING
        at sun.misc.Unsafe.park(Native Method)
        at java.util.concurrent.locks.LockSupport.parkNanos(LockSupport.java:215)
        at java.util.concurrent.locks.AbstractQueuedSynchronizer$ConditionObject.awaitNanos(AbstractQueuedSynchronizer.java:2078)
        at java.util.concurrent.LinkedBlockingQueue.poll(LinkedBlockingQueue.java:467)
        at org.apache.hadoop.ipc.CallQueueManager.take(CallQueueManager.java:317)
        at org.apache.hadoop.ipc.Server$Handler.run(Server.java:2992)
"IPC Server handler 3 on default port 45463" daemon prio=5 tid=164 timed_waiting
java.lang.Thread.State: TIMED_WAITING
        at sun.misc.Unsafe.park(Native Method)
        at java.util.concurrent.locks.LockSupport.parkNanos(LockSupport.java:215)
        at java.util.concurrent.locks.AbstractQueuedSynchronizer$ConditionObject.awaitNanos(AbstractQueuedSynchronizer.java:2078)
        at java.util.concurrent.LinkedBlockingQueue.poll(LinkedBlockingQueue.java:467)
        at org.apache.hadoop.ipc.CallQueueManager.take(CallQueueManager.java:317)
        at org.apache.hadoop.ipc.Server$Handler.run(Server.java:2992)
"ChunkWriter-0-0" daemon prio=5 tid=288 in Object.wait()
java.lang.Thread.State: WAITING (on object monitor)
        at sun.misc.Unsafe.park(Native Method)
        at java.util.concurrent.locks.LockSupport.park(LockSupport.java:175)
        at java.util.concurrent.locks.AbstractQueuedSynchronizer$ConditionObject.await(AbstractQueuedSynchronizer.java:2039)
        at java.util.concurrent.LinkedBlockingDeque.takeFirst(LinkedBlockingDeque.java:492)
        at java.util.concurrent.LinkedBlockingDeque.take(LinkedBlockingDeque.java:680)
        at java.util.concurrent.ThreadPoolExecutor.getTask(ThreadPoolExecutor.java:1074)
        at java.util.concurrent.ThreadPoolExecutor.runWorker(ThreadPoolExecutor.java:1134)
        at java.util.concurrent.ThreadPoolExecutor$Worker.run(ThreadPoolExecutor.java:624)
        at java.lang.Thread.run(Thread.java:750)
"timer0" daemon prio=5 tid=405 timed_waiting
java.lang.Thread.State: TIMED_WAITING
        at java.lang.Object.wait(Native Method)
        at java.util.TimerThread.mainLoop(Timer.java:552)
        at java.util.TimerThread.run(Timer.java:505)
"ContainerOp-fe8f8231-531f-40c6-a24e-b6dddc8024d4-0"  prio=5 tid=444 in Object.wait()
java.lang.Thread.State: WAITING (on object monitor)
        at sun.misc.Unsafe.park(Native Method)
        at java.util.concurrent.locks.LockSupport.park(LockSupport.java:175)
        at java.util.concurrent.locks.AbstractQueuedSynchronizer$ConditionObject.await(AbstractQueuedSynchronizer.java:2039)
        at java.util.concurrent.LinkedBlockingQueue.take(LinkedBlockingQueue.java:442)
        at java.util.concurrent.ThreadPoolExecutor.getTask(ThreadPoolExecutor.java:1074)
        at java.util.concurrent.ThreadPoolExecutor.runWorker(ThreadPoolExecutor.java:1134)
        at java.util.concurrent.ThreadPoolExecutor$Worker.run(ThreadPoolExecutor.java:624)
        at java.lang.Thread.run(Thread.java:750)
"JvmPauseMonitor1" daemon prio=5 tid=280 timed_waiting
java.lang.Thread.State: TIMED_WAITING
        at java.lang.Thread.sleep(Native Method)
        at java.lang.Thread.sleep(Thread.java:342)
        at java.util.concurrent.TimeUnit.sleep(TimeUnit.java:386)
        at org.apache.ratis.util.TimeDuration.sleep(TimeDuration.java:325)
        at org.apache.ratis.util.TimeDuration.sleep(TimeDuration.java:310)
        at org.apache.ratis.util.JvmPauseMonitor.detectPause(JvmPauseMonitor.java:119)
        at org.apache.ratis.util.JvmPauseMonitor.run(JvmPauseMonitor.java:108)
        at org.apache.ratis.util.JvmPauseMonitor$$Lambda$727/1065899405.run(Unknown Source)
        at java.lang.Thread.run(Thread.java:750)
"IPC Server handler 10 on default port 45463" daemon prio=5 tid=171 timed_waiting
java.lang.Thread.State: TIMED_WAITING
        at sun.misc.Unsafe.park(Native Method)
        at java.util.concurrent.locks.LockSupport.parkNanos(LockSupport.java:215)
        at java.util.concurrent.locks.AbstractQueuedSynchronizer$ConditionObject.awaitNanos(AbstractQueuedSynchronizer.java:2078)
        at java.util.concurrent.LinkedBlockingQueue.poll(LinkedBlockingQueue.java:467)
        at org.apache.hadoop.ipc.CallQueueManager.take(CallQueueManager.java:317)
        at org.apache.hadoop.ipc.Server$Handler.run(Server.java:2992)
"b1c57afc-121c-455c-bc43-4ffbee8e4677@group-B6DDDC8024D4-StateMachineUpdater" daemon prio=5 tid=325 timed_waiting
java.lang.Thread.State: TIMED_WAITING
        at sun.misc.Unsafe.park(Native Method)
        at java.util.concurrent.locks.LockSupport.parkNanos(LockSupport.java:215)
        at java.util.concurrent.locks.AbstractQueuedSynchronizer$ConditionObject.await(AbstractQueuedSynchronizer.java:2163)
        at org.apache.ratis.util.AwaitForSignal.await(AwaitForSignal.java:62)
        at org.apache.ratis.server.impl.StateMachineUpdater.waitForCommit(StateMachineUpdater.java:207)
        at org.apache.ratis.server.impl.StateMachineUpdater.run(StateMachineUpdater.java:176)
        at java.lang.Thread.run(Thread.java:750)
"IPC Server handler 16 on default port 36647" daemon prio=5 tid=65 timed_waiting
java.lang.Thread.State: TIMED_WAITING
        at sun.misc.Unsafe.park(Native Method)
        at java.util.concurrent.locks.LockSupport.parkNanos(LockSupport.java:215)
        at java.util.concurrent.locks.AbstractQueuedSynchronizer$ConditionObject.awaitNanos(AbstractQueuedSynchronizer.java:2078)
        at java.util.concurrent.LinkedBlockingQueue.poll(LinkedBlockingQueue.java:467)
        at org.apache.hadoop.ipc.CallQueueManager.take(CallQueueManager.java:317)
        at org.apache.hadoop.ipc.Server$Handler.run(Server.java:2992)
"IPC Server handler 15 on default port 36703" daemon prio=5 tid=84 timed_waiting
java.lang.Thread.State: TIMED_WAITING
        at sun.misc.Unsafe.park(Native Method)
        at java.util.concurrent.locks.LockSupport.parkNanos(LockSupport.java:215)
        at java.util.concurrent.locks.AbstractQueuedSynchronizer$ConditionObject.awaitNanos(AbstractQueuedSynchronizer.java:2078)
        at java.util.concurrent.LinkedBlockingQueue.poll(LinkedBlockingQueue.java:467)
        at org.apache.hadoop.ipc.CallQueueManager.take(CallQueueManager.java:317)
        at org.apache.hadoop.ipc.Server$Handler.run(Server.java:2992)
"IPC Server handler 13 on default port 36703" daemon prio=5 tid=82 timed_waiting
java.lang.Thread.State: TIMED_WAITING
        at sun.misc.Unsafe.park(Native Method)
        at java.util.concurrent.locks.LockSupport.parkNanos(LockSupport.java:215)
        at java.util.concurrent.locks.AbstractQueuedSynchronizer$ConditionObject.awaitNanos(AbstractQueuedSynchronizer.java:2078)
        at java.util.concurrent.LinkedBlockingQueue.poll(LinkedBlockingQueue.java:467)
        at org.apache.hadoop.ipc.CallQueueManager.take(CallQueueManager.java:317)
        at org.apache.hadoop.ipc.Server$Handler.run(Server.java:2992)
"qtp1241568657-113" daemon prio=5 tid=113 runnable
java.lang.Thread.State: RUNNABLE
        at sun.nio.ch.EPollArrayWrapper.epollWait(Native Method)
        at sun.nio.ch.EPollArrayWrapper.poll(EPollArrayWrapper.java:269)
        at sun.nio.ch.EPollSelectorImpl.doSelect(EPollSelectorImpl.java:93)
        at sun.nio.ch.SelectorImpl.lockAndDoSelect(SelectorImpl.java:86)
        at sun.nio.ch.SelectorImpl.select(SelectorImpl.java:97)
        at sun.nio.ch.SelectorImpl.select(SelectorImpl.java:101)
        at org.eclipse.jetty.io.ManagedSelector.nioSelect(ManagedSelector.java:183)
        at org.eclipse.jetty.io.ManagedSelector.select(ManagedSelector.java:190)
        at org.eclipse.jetty.io.ManagedSelector$SelectorProducer.select(ManagedSelector.java:606)
        at org.eclipse.jetty.io.ManagedSelector$SelectorProducer.produce(ManagedSelector.java:543)
        at org.eclipse.jetty.util.thread.strategy.EatWhatYouKill.produceTask(EatWhatYouKill.java:362)
        at org.eclipse.jetty.util.thread.strategy.EatWhatYouKill.doProduce(EatWhatYouKill.java:186)
        at org.eclipse.jetty.util.thread.strategy.EatWhatYouKill.tryProduce(EatWhatYouKill.java:173)
        at org.eclipse.jetty.util.thread.strategy.EatWhatYouKill.produce(EatWhatYouKill.java:137)
        at org.eclipse.jetty.io.ManagedSelector$$Lambda$448/2058190325.run(Unknown Source)
        at org.eclipse.jetty.util.thread.QueuedThreadPool.runJob(QueuedThreadPool.java:883)
        at org.eclipse.jetty.util.thread.QueuedThreadPool$Runner.run(QueuedThreadPool.java:1034)
        at java.lang.Thread.run(Thread.java:750)
"pool-123-thread-1"  prio=5 tid=329 in Object.wait()
java.lang.Thread.State: WAITING (on object monitor)
        at sun.misc.Unsafe.park(Native Method)
        at java.util.concurrent.locks.LockSupport.park(LockSupport.java:175)
        at java.util.concurrent.locks.AbstractQueuedSynchronizer$ConditionObject.await(AbstractQueuedSynchronizer.java:2039)
        at java.util.concurrent.LinkedBlockingQueue.take(LinkedBlockingQueue.java:442)
        at java.util.concurrent.ThreadPoolExecutor.getTask(ThreadPoolExecutor.java:1074)
        at java.util.concurrent.ThreadPoolExecutor.runWorker(ThreadPoolExecutor.java:1134)
        at java.util.concurrent.ThreadPoolExecutor$Worker.run(ThreadPoolExecutor.java:624)
        at java.lang.Thread.run(Thread.java:750)
"qtp1652609556-222-acceptor-0@f71b9f4-ServerConnector@17e96bfa{HTTP/1.1, (http/1.1)}{0.0.0.0:38713}" daemon prio=3 tid=222 runnable
java.lang.Thread.State: RUNNABLE
        at sun.nio.ch.ServerSocketChannelImpl.accept0(Native Method)
        at sun.nio.ch.ServerSocketChannelImpl.accept(ServerSocketChannelImpl.java:421)
        at sun.nio.ch.ServerSocketChannelImpl.accept(ServerSocketChannelImpl.java:249)
        at org.eclipse.jetty.server.ServerConnector.accept(ServerConnector.java:388)
        at org.eclipse.jetty.server.AbstractConnector$Acceptor.run(AbstractConnector.java:704)
        at org.eclipse.jetty.util.thread.QueuedThreadPool.runJob(QueuedThreadPool.java:883)
        at org.eclipse.jetty.util.thread.QueuedThreadPool$Runner.run(QueuedThreadPool.java:1034)
        at java.lang.Thread.run(Thread.java:750)
"qtp551301975-152" daemon prio=5 tid=152 runnable
java.lang.Thread.State: RUNNABLE
        at sun.nio.ch.EPollArrayWrapper.epollWait(Native Method)
        at sun.nio.ch.EPollArrayWrapper.poll(EPollArrayWrapper.java:269)
        at sun.nio.ch.EPollSelectorImpl.doSelect(EPollSelectorImpl.java:93)
        at sun.nio.ch.SelectorImpl.lockAndDoSelect(SelectorImpl.java:86)
        at sun.nio.ch.SelectorImpl.select(SelectorImpl.java:97)
        at sun.nio.ch.SelectorImpl.select(SelectorImpl.java:101)
        at org.eclipse.jetty.io.ManagedSelector.nioSelect(ManagedSelector.java:183)
        at org.eclipse.jetty.io.ManagedSelector.select(ManagedSelector.java:190)
        at org.eclipse.jetty.io.ManagedSelector$SelectorProducer.select(ManagedSelector.java:606)
        at org.eclipse.jetty.io.ManagedSelector$SelectorProducer.produce(ManagedSelector.java:543)
        at org.eclipse.jetty.util.thread.strategy.EatWhatYouKill.produceTask(EatWhatYouKill.java:362)
        at org.eclipse.jetty.util.thread.strategy.EatWhatYouKill.doProduce(EatWhatYouKill.java:186)
        at org.eclipse.jetty.util.thread.strategy.EatWhatYouKill.tryProduce(EatWhatYouKill.java:173)
        at org.eclipse.jetty.util.thread.strategy.EatWhatYouKill.produce(EatWhatYouKill.java:137)
        at org.eclipse.jetty.io.ManagedSelector$$Lambda$448/2058190325.run(Unknown Source)
        at org.eclipse.jetty.util.thread.QueuedThreadPool.runJob(QueuedThreadPool.java:883)
        at org.eclipse.jetty.util.thread.QueuedThreadPool$Runner.run(QueuedThreadPool.java:1034)
        at java.lang.Thread.run(Thread.java:750)
"ContainerOp-cd8abe94-f173-4052-9509-b5bff1395f48-5"  prio=5 tid=455 in Object.wait()
java.lang.Thread.State: WAITING (on object monitor)
        at sun.misc.Unsafe.park(Native Method)
        at java.util.concurrent.locks.LockSupport.park(LockSupport.java:175)
        at java.util.concurrent.locks.AbstractQueuedSynchronizer$ConditionObject.await(AbstractQueuedSynchronizer.java:2039)
        at java.util.concurrent.LinkedBlockingQueue.take(LinkedBlockingQueue.java:442)
        at java.util.concurrent.ThreadPoolExecutor.getTask(ThreadPoolExecutor.java:1074)
        at java.util.concurrent.ThreadPoolExecutor.runWorker(ThreadPoolExecutor.java:1134)
        at java.util.concurrent.ThreadPoolExecutor$Worker.run(ThreadPoolExecutor.java:624)
        at java.lang.Thread.run(Thread.java:750)
"b1c57afc-121c-455c-bc43-4ffbee8e4677@group-B5BFF1395F48-LeaderStateImpl" daemon prio=5 tid=399 timed_waiting
java.lang.Thread.State: TIMED_WAITING
        at sun.misc.Unsafe.park(Native Method)
        at java.util.concurrent.locks.LockSupport.parkNanos(LockSupport.java:215)
        at java.util.concurrent.locks.AbstractQueuedSynchronizer$ConditionObject.awaitNanos(AbstractQueuedSynchronizer.java:2078)
        at java.util.concurrent.ArrayBlockingQueue.poll(ArrayBlockingQueue.java:418)
        at org.apache.ratis.server.impl.LeaderStateImpl$EventQueue.poll(LeaderStateImpl.java:159)
        at org.apache.ratis.server.impl.LeaderStateImpl$EventProcessor.run(LeaderStateImpl.java:630)
"BlockDeletingService#1" daemon prio=5 tid=297 in Object.wait()
java.lang.Thread.State: WAITING (on object monitor)
        at sun.misc.Unsafe.park(Native Method)
        at java.util.concurrent.locks.LockSupport.park(LockSupport.java:175)
        at java.util.concurrent.locks.AbstractQueuedSynchronizer$ConditionObject.await(AbstractQueuedSynchronizer.java:2039)
        at java.util.concurrent.ScheduledThreadPoolExecutor$DelayedWorkQueue.take(ScheduledThreadPoolExecutor.java:1088)
        at java.util.concurrent.ScheduledThreadPoolExecutor$DelayedWorkQueue.take(ScheduledThreadPoolExecutor.java:809)
        at java.util.concurrent.ThreadPoolExecutor.getTask(ThreadPoolExecutor.java:1074)
        at java.util.concurrent.ThreadPoolExecutor.runWorker(ThreadPoolExecutor.java:1134)
        at java.util.concurrent.ThreadPoolExecutor$Worker.run(ThreadPoolExecutor.java:624)
        at java.lang.Thread.run(Thread.java:750)
"b1c57afc-121c-455c-bc43-4ffbee8e4677@group-BC2F1AEE5201-StateMachineUpdater" daemon prio=5 tid=322 timed_waiting
java.lang.Thread.State: TIMED_WAITING
        at sun.misc.Unsafe.park(Native Method)
        at java.util.concurrent.locks.LockSupport.parkNanos(LockSupport.java:215)
        at java.util.concurrent.locks.AbstractQueuedSynchronizer$ConditionObject.await(AbstractQueuedSynchronizer.java:2163)
        at org.apache.ratis.util.AwaitForSignal.await(AwaitForSignal.java:62)
        at org.apache.ratis.server.impl.StateMachineUpdater.waitForCommit(StateMachineUpdater.java:207)
        at org.apache.ratis.server.impl.StateMachineUpdater.run(StateMachineUpdater.java:176)
        at java.lang.Thread.run(Thread.java:750)
"EventQueue-DatanodeCommandForSCMNodeManager"  prio=5 tid=315 in Object.wait()
java.lang.Thread.State: WAITING (on object monitor)
        at sun.misc.Unsafe.park(Native Method)
        at java.util.concurrent.locks.LockSupport.park(LockSupport.java:175)
        at java.util.concurrent.locks.AbstractQueuedSynchronizer$ConditionObject.await(AbstractQueuedSynchronizer.java:2039)
        at java.util.concurrent.LinkedBlockingQueue.take(LinkedBlockingQueue.java:442)
        at java.util.concurrent.ThreadPoolExecutor.getTask(ThreadPoolExecutor.java:1074)
        at java.util.concurrent.ThreadPoolExecutor.runWorker(ThreadPoolExecutor.java:1134)
        at java.util.concurrent.ThreadPoolExecutor$Worker.run(ThreadPoolExecutor.java:624)
        at java.lang.Thread.run(Thread.java:750)
"IPC Server handler 15 on default port 45463" daemon prio=5 tid=176 timed_waiting
java.lang.Thread.State: TIMED_WAITING
        at sun.misc.Unsafe.park(Native Method)
        at java.util.concurrent.locks.LockSupport.parkNanos(LockSupport.java:215)
        at java.util.concurrent.locks.AbstractQueuedSynchronizer$ConditionObject.awaitNanos(AbstractQueuedSynchronizer.java:2078)
        at java.util.concurrent.LinkedBlockingQueue.poll(LinkedBlockingQueue.java:467)
        at org.apache.hadoop.ipc.CallQueueManager.take(CallQueueManager.java:317)
        at org.apache.hadoop.ipc.Server$Handler.run(Server.java:2992)
"IPC Server handler 12 on default port 37905" daemon prio=5 tid=101 timed_waiting
java.lang.Thread.State: TIMED_WAITING
        at sun.misc.Unsafe.park(Native Method)
        at java.util.concurrent.locks.LockSupport.parkNanos(LockSupport.java:215)
        at java.util.concurrent.locks.AbstractQueuedSynchronizer$ConditionObject.awaitNanos(AbstractQueuedSynchronizer.java:2078)
        at java.util.concurrent.LinkedBlockingQueue.poll(LinkedBlockingQueue.java:467)
        at org.apache.hadoop.ipc.CallQueueManager.take(CallQueueManager.java:317)
        at org.apache.hadoop.ipc.Server$Handler.run(Server.java:2992)
"IPC Server handler 17 on default port 36703" daemon prio=5 tid=86 timed_waiting
java.lang.Thread.State: TIMED_WAITING
        at sun.misc.Unsafe.park(Native Method)
        at java.util.concurrent.locks.LockSupport.parkNanos(LockSupport.java:215)
        at java.util.concurrent.locks.AbstractQueuedSynchronizer$ConditionObject.awaitNanos(AbstractQueuedSynchronizer.java:2078)
        at java.util.concurrent.LinkedBlockingQueue.poll(LinkedBlockingQueue.java:467)
        at org.apache.hadoop.ipc.CallQueueManager.take(CallQueueManager.java:317)
        at org.apache.hadoop.ipc.Server$Handler.run(Server.java:2992)
"Signal Dispatcher" daemon prio=9 tid=4 runnable
java.lang.Thread.State: RUNNABLE
"ChunkReader-ELG-0" daemon prio=5 tid=293 runnable
java.lang.Thread.State: RUNNABLE
        at org.apache.ratis.thirdparty.io.netty.channel.epoll.Native.epollWait(Native Method)
        at org.apache.ratis.thirdparty.io.netty.channel.epoll.Native.epollWait(Native.java:209)
        at org.apache.ratis.thirdparty.io.netty.channel.epoll.Native.epollWait(Native.java:202)
        at org.apache.ratis.thirdparty.io.netty.channel.epoll.EpollEventLoop.epollWaitNoTimerChange(EpollEventLoop.java:294)
        at org.apache.ratis.thirdparty.io.netty.channel.epoll.EpollEventLoop.run(EpollEventLoop.java:351)
        at org.apache.ratis.thirdparty.io.netty.util.concurrent.SingleThreadEventExecutor$4.run(SingleThreadEventExecutor.java:995)
        at org.apache.ratis.thirdparty.io.netty.util.internal.ThreadExecutorMap$2.run(ThreadExecutorMap.java:74)
        at java.lang.Thread.run(Thread.java:750)
"surefire-forkedjvm-command-thread" daemon prio=5 tid=10 runnable
java.lang.Thread.State: RUNNABLE
        at java.io.FileInputStream.readBytes(Native Method)
        at java.io.FileInputStream.read(FileInputStream.java:255)
        at java.io.BufferedInputStream.read1(BufferedInputStream.java:284)
        at java.io.BufferedInputStream.read(BufferedInputStream.java:345)
        at java.io.BufferedInputStream.fill(BufferedInputStream.java:246)
        at java.io.BufferedInputStream.read1(BufferedInputStream.java:286)
        at java.io.BufferedInputStream.read(BufferedInputStream.java:345)
        at org.apache.maven.surefire.api.util.internal.Channels$3.readImpl(Channels.java:214)
        at org.apache.maven.surefire.api.util.internal.AbstractNoninterruptibleReadableChannel.read(AbstractNoninterruptibleReadableChannel.java:54)
        at org.apache.maven.surefire.booter.spi.LegacyMasterProcessChannelDecoder.decode(LegacyMasterProcessChannelDecoder.java:80)
        at org.apache.maven.surefire.booter.CommandReader$CommandRunnable.run(CommandReader.java:343)
        at java.lang.Thread.run(Thread.java:750)
"Datanode State Machine Task Thread - 1"  prio=5 tid=298 in Object.wait()
java.lang.Thread.State: WAITING (on object monitor)
        at sun.misc.Unsafe.park(Native Method)
        at java.util.concurrent.locks.LockSupport.park(LockSupport.java:175)
        at java.util.concurrent.locks.AbstractQueuedSynchronizer$ConditionObject.await(AbstractQueuedSynchronizer.java:2039)
        at java.util.concurrent.LinkedBlockingQueue.take(LinkedBlockingQueue.java:442)
        at java.util.concurrent.ThreadPoolExecutor.getTask(ThreadPoolExecutor.java:1074)
        at java.util.concurrent.ThreadPoolExecutor.runWorker(ThreadPoolExecutor.java:1134)
        at java.util.concurrent.ThreadPoolExecutor$Worker.run(ThreadPoolExecutor.java:624)
        at java.lang.Thread.run(Thread.java:750)
"pool-131-thread-1"  prio=5 tid=247 timed_waiting
java.lang.Thread.State: TIMED_WAITING
        at sun.misc.Unsafe.park(Native Method)
        at java.util.concurrent.locks.LockSupport.parkNanos(LockSupport.java:215)
        at java.util.concurrent.locks.AbstractQueuedSynchronizer$ConditionObject.awaitNanos(AbstractQueuedSynchronizer.java:2078)
        at java.util.concurrent.ScheduledThreadPoolExecutor$DelayedWorkQueue.take(ScheduledThreadPoolExecutor.java:1093)
        at java.util.concurrent.ScheduledThreadPoolExecutor$DelayedWorkQueue.take(ScheduledThreadPoolExecutor.java:809)
        at java.util.concurrent.ThreadPoolExecutor.getTask(ThreadPoolExecutor.java:1074)
        at java.util.concurrent.ThreadPoolExecutor.runWorker(ThreadPoolExecutor.java:1134)
        at java.util.concurrent.ThreadPoolExecutor$Worker.run(ThreadPoolExecutor.java:624)
        at java.lang.Thread.run(Thread.java:750)
"BlockDeletingService#1" daemon prio=5 tid=285 in Object.wait()
java.lang.Thread.State: WAITING (on object monitor)
        at sun.misc.Unsafe.park(Native Method)
        at java.util.concurrent.locks.LockSupport.park(LockSupport.java:175)
        at java.util.concurrent.locks.AbstractQueuedSynchronizer$ConditionObject.await(AbstractQueuedSynchronizer.java:2039)
        at java.util.concurrent.ScheduledThreadPoolExecutor$DelayedWorkQueue.take(ScheduledThreadPoolExecutor.java:1088)
        at java.util.concurrent.ScheduledThreadPoolExecutor$DelayedWorkQueue.take(ScheduledThreadPoolExecutor.java:809)
        at java.util.concurrent.ThreadPoolExecutor.getTask(ThreadPoolExecutor.java:1074)
        at java.util.concurrent.ThreadPoolExecutor.runWorker(ThreadPoolExecutor.java:1134)
        at java.util.concurrent.ThreadPoolExecutor$Worker.run(ThreadPoolExecutor.java:624)
        at java.lang.Thread.run(Thread.java:750)
"ContainerOp-fe8f8231-531f-40c6-a24e-b6dddc8024d4-1"  prio=5 tid=447 in Object.wait()
java.lang.Thread.State: WAITING (on object monitor)
        at sun.misc.Unsafe.park(Native Method)
        at java.util.concurrent.locks.LockSupport.park(LockSupport.java:175)
        at java.util.concurrent.locks.AbstractQueuedSynchronizer$ConditionObject.await(AbstractQueuedSynchronizer.java:2039)
        at java.util.concurrent.LinkedBlockingQueue.take(LinkedBlockingQueue.java:442)
        at java.util.concurrent.ThreadPoolExecutor.getTask(ThreadPoolExecutor.java:1074)
        at java.util.concurrent.ThreadPoolExecutor.runWorker(ThreadPoolExecutor.java:1134)
        at java.util.concurrent.ThreadPoolExecutor$Worker.run(ThreadPoolExecutor.java:624)
        at java.lang.Thread.run(Thread.java:750)
"Socket Reader #1 for port 0"  prio=5 tid=24 runnable
java.lang.Thread.State: RUNNABLE
        at sun.nio.ch.EPollArrayWrapper.epollWait(Native Method)
        at sun.nio.ch.EPollArrayWrapper.poll(EPollArrayWrapper.java:269)
        at sun.nio.ch.EPollSelectorImpl.doSelect(EPollSelectorImpl.java:93)
        at sun.nio.ch.SelectorImpl.lockAndDoSelect(SelectorImpl.java:86)
        at sun.nio.ch.SelectorImpl.select(SelectorImpl.java:97)
        at sun.nio.ch.SelectorImpl.select(SelectorImpl.java:101)
        at org.apache.hadoop.ipc.Server$Listener$Reader.doRunLoop(Server.java:1342)
        at org.apache.hadoop.ipc.Server$Listener$Reader.run(Server.java:1321)
"IPC Server handler 17 on default port 45463" daemon prio=5 tid=178 timed_waiting
java.lang.Thread.State: TIMED_WAITING
        at sun.misc.Unsafe.park(Native Method)
        at java.util.concurrent.locks.LockSupport.parkNanos(LockSupport.java:215)
        at java.util.concurrent.locks.AbstractQueuedSynchronizer$ConditionObject.awaitNanos(AbstractQueuedSynchronizer.java:2078)
        at java.util.concurrent.LinkedBlockingQueue.poll(LinkedBlockingQueue.java:467)
        at org.apache.hadoop.ipc.CallQueueManager.take(CallQueueManager.java:317)
        at org.apache.hadoop.ipc.Server$Handler.run(Server.java:2992)
"EventQueue-PipelineReportForOneReplicaPipelineSafeModeRule" daemon prio=5 tid=313 in Object.wait()
java.lang.Thread.State: WAITING (on object monitor)
        at sun.misc.Unsafe.park(Native Method)
        at java.util.concurrent.locks.LockSupport.park(LockSupport.java:175)
        at java.util.concurrent.locks.AbstractQueuedSynchronizer$ConditionObject.await(AbstractQueuedSynchronizer.java:2039)
        at java.util.concurrent.LinkedBlockingQueue.take(LinkedBlockingQueue.java:442)
        at java.util.concurrent.ThreadPoolExecutor.getTask(ThreadPoolExecutor.java:1074)
        at java.util.concurrent.ThreadPoolExecutor.runWorker(ThreadPoolExecutor.java:1134)
        at java.util.concurrent.ThreadPoolExecutor$Worker.run(ThreadPoolExecutor.java:624)
        at java.lang.Thread.run(Thread.java:750)
"PartialTableCache Cleanup Thread - 0" daemon prio=5 tid=269 in Object.wait()
java.lang.Thread.State: WAITING (on object monitor)
        at sun.misc.Unsafe.park(Native Method)
        at java.util.concurrent.locks.LockSupport.park(LockSupport.java:175)
        at java.util.concurrent.locks.AbstractQueuedSynchronizer$ConditionObject.await(AbstractQueuedSynchronizer.java:2039)
        at java.util.concurrent.LinkedBlockingQueue.take(LinkedBlockingQueue.java:442)
        at java.util.concurrent.ThreadPoolExecutor.getTask(ThreadPoolExecutor.java:1074)
        at java.util.concurrent.ThreadPoolExecutor.runWorker(ThreadPoolExecutor.java:1134)
        at java.util.concurrent.ThreadPoolExecutor$Worker.run(ThreadPoolExecutor.java:624)
        at java.lang.Thread.run(Thread.java:750)
"FixedThreadPoolWithAffinityExecutor-3-0" daemon prio=5 tid=41 timed_waiting
java.lang.Thread.State: TIMED_WAITING
        at sun.misc.Unsafe.park(Native Method)
        at java.util.concurrent.locks.LockSupport.parkNanos(LockSupport.java:215)
        at java.util.concurrent.locks.AbstractQueuedSynchronizer$ConditionObject.awaitNanos(AbstractQueuedSynchronizer.java:2078)
        at java.util.concurrent.LinkedBlockingQueue.poll(LinkedBlockingQueue.java:467)
        at org.apache.hadoop.hdds.scm.server.ContainerReportQueue.poll(ContainerReportQueue.java:266)
        at org.apache.hadoop.hdds.scm.server.ContainerReportQueue.poll(ContainerReportQueue.java:42)
        at org.apache.hadoop.hdds.server.events.FixedThreadPoolWithAffinityExecutor$ContainerReportProcessTask.run(FixedThreadPoolWithAffinityExecutor.java:247)
        at java.util.concurrent.Executors$RunnableAdapter.call(Executors.java:511)
        at java.util.concurrent.FutureTask.run(FutureTask.java:266)
        at java.util.concurrent.ThreadPoolExecutor.runWorker(ThreadPoolExecutor.java:1149)
        at java.util.concurrent.ThreadPoolExecutor$Worker.run(ThreadPoolExecutor.java:624)
        at java.lang.Thread.run(Thread.java:750)
"BackgroundPipelineScrubberThread" daemon prio=5 tid=16 timed_waiting
java.lang.Thread.State: TIMED_WAITING
        at java.lang.Object.wait(Native Method)
        at org.apache.hadoop.hdds.scm.ha.BackgroundSCMService.run(BackgroundSCMService.java:110)
        at org.apache.hadoop.hdds.scm.ha.BackgroundSCMService$$Lambda$381/1135026238.run(Unknown Source)
        at java.lang.Thread.run(Thread.java:750)
"21b868c3-9969-4e13-ad52-9b0ac48fd138-NettyServerStreamRpc-bossGroup--thread1"  prio=5 tid=244 runnable
java.lang.Thread.State: RUNNABLE
        at sun.nio.ch.EPollArrayWrapper.epollWait(Native Method)
        at sun.nio.ch.EPollArrayWrapper.poll(EPollArrayWrapper.java:269)
        at sun.nio.ch.EPollSelectorImpl.doSelect(EPollSelectorImpl.java:93)
        at sun.nio.ch.SelectorImpl.lockAndDoSelect(SelectorImpl.java:86)
        at sun.nio.ch.SelectorImpl.select(SelectorImpl.java:97)
        at sun.nio.ch.SelectorImpl.select(SelectorImpl.java:101)
        at org.apache.ratis.thirdparty.io.netty.channel.nio.SelectedSelectionKeySetSelector.select(SelectedSelectionKeySetSelector.java:68)
        at org.apache.ratis.thirdparty.io.netty.channel.nio.NioEventLoop.select(NioEventLoop.java:813)
        at org.apache.ratis.thirdparty.io.netty.channel.nio.NioEventLoop.run(NioEventLoop.java:460)
        at org.apache.ratis.thirdparty.io.netty.util.concurrent.SingleThreadEventExecutor$4.run(SingleThreadEventExecutor.java:995)
        at org.apache.ratis.thirdparty.io.netty.util.internal.ThreadExecutorMap$2.run(ThreadExecutorMap.java:74)
        at java.lang.Thread.run(Thread.java:750)
"qtp189945097-199" daemon prio=5 tid=199 timed_waiting
java.lang.Thread.State: TIMED_WAITING
        at sun.misc.Unsafe.park(Native Method)
        at java.util.concurrent.locks.LockSupport.parkNanos(LockSupport.java:215)
        at java.util.concurrent.locks.AbstractQueuedSynchronizer$ConditionObject.awaitNanos(AbstractQueuedSynchronizer.java:2078)
        at org.eclipse.jetty.util.BlockingArrayQueue.poll(BlockingArrayQueue.java:382)
        at org.eclipse.jetty.util.thread.QueuedThreadPool$Runner.idleJobPoll(QueuedThreadPool.java:974)
        at org.eclipse.jetty.util.thread.QueuedThreadPool$Runner.run(QueuedThreadPool.java:1018)
        at java.lang.Thread.run(Thread.java:750)
"21b868c3-9969-4e13-ad52-9b0ac48fd138-server-thread2"  prio=5 tid=390 timed_waiting
java.lang.Thread.State: TIMED_WAITING
        at sun.misc.Unsafe.park(Native Method)
        at java.util.concurrent.locks.LockSupport.parkNanos(LockSupport.java:215)
        at java.util.concurrent.SynchronousQueue$TransferStack.awaitFulfill(SynchronousQueue.java:460)
        at java.util.concurrent.SynchronousQueue$TransferStack.transfer(SynchronousQueue.java:362)
        at java.util.concurrent.SynchronousQueue.poll(SynchronousQueue.java:941)
        at java.util.concurrent.ThreadPoolExecutor.getTask(ThreadPoolExecutor.java:1073)
        at java.util.concurrent.ThreadPoolExecutor.runWorker(ThreadPoolExecutor.java:1134)
        at java.util.concurrent.ThreadPoolExecutor$Worker.run(ThreadPoolExecutor.java:624)
        at java.lang.Thread.run(Thread.java:750)
"IPC Server handler 4 on default port 45463" daemon prio=5 tid=165 timed_waiting
java.lang.Thread.State: TIMED_WAITING
        at sun.misc.Unsafe.park(Native Method)
        at java.util.concurrent.locks.LockSupport.parkNanos(LockSupport.java:215)
        at java.util.concurrent.locks.AbstractQueuedSynchronizer$ConditionObject.awaitNanos(AbstractQueuedSynchronizer.java:2078)
        at java.util.concurrent.LinkedBlockingQueue.poll(LinkedBlockingQueue.java:467)
        at org.apache.hadoop.ipc.CallQueueManager.take(CallQueueManager.java:317)
        at org.apache.hadoop.ipc.Server$Handler.run(Server.java:2992)
"Datanode ReportManager Thread - 2" daemon prio=5 tid=260 in Object.wait()
java.lang.Thread.State: WAITING (on object monitor)
        at sun.misc.Unsafe.park(Native Method)
        at java.util.concurrent.locks.LockSupport.park(LockSupport.java:175)
        at java.util.concurrent.locks.AbstractQueuedSynchronizer$ConditionObject.await(AbstractQueuedSynchronizer.java:2039)
        at java.util.concurrent.ScheduledThreadPoolExecutor$DelayedWorkQueue.take(ScheduledThreadPoolExecutor.java:1088)
        at java.util.concurrent.ScheduledThreadPoolExecutor$DelayedWorkQueue.take(ScheduledThreadPoolExecutor.java:809)
        at java.util.concurrent.ThreadPoolExecutor.getTask(ThreadPoolExecutor.java:1074)
        at java.util.concurrent.ThreadPoolExecutor.runWorker(ThreadPoolExecutor.java:1134)
        at java.util.concurrent.ThreadPoolExecutor$Worker.run(ThreadPoolExecutor.java:624)
        at java.lang.Thread.run(Thread.java:750)
"qtp527477577-254" daemon prio=5 tid=254 timed_waiting
java.lang.Thread.State: TIMED_WAITING
        at sun.misc.Unsafe.park(Native Method)
        at java.util.concurrent.locks.LockSupport.parkNanos(LockSupport.java:215)
        at java.util.concurrent.locks.AbstractQueuedSynchronizer$ConditionObject.awaitNanos(AbstractQueuedSynchronizer.java:2078)
        at org.eclipse.jetty.util.BlockingArrayQueue.poll(BlockingArrayQueue.java:382)
        at org.eclipse.jetty.util.thread.QueuedThreadPool$Runner.idleJobPoll(QueuedThreadPool.java:974)
        at org.eclipse.jetty.util.thread.QueuedThreadPool$Runner.run(QueuedThreadPool.java:1018)
        at java.lang.Thread.run(Thread.java:750)
"om1@group-C5BA1605619E-SegmentedRaftLogWorker"  prio=5 tid=140 timed_waiting
java.lang.Thread.State: TIMED_WAITING
        at sun.misc.Unsafe.park(Native Method)
        at java.util.concurrent.locks.LockSupport.parkNanos(LockSupport.java:215)
        at java.util.concurrent.locks.AbstractQueuedSynchronizer$ConditionObject.awaitNanos(AbstractQueuedSynchronizer.java:2078)
        at org.apache.ratis.util.DataBlockingQueue.poll(DataBlockingQueue.java:148)
        at org.apache.ratis.server.raftlog.segmented.SegmentedRaftLogWorker.run(SegmentedRaftLogWorker.java:312)
        at org.apache.ratis.server.raftlog.segmented.SegmentedRaftLogWorker$$Lambda$686/78095376.run(Unknown Source)
        at java.lang.Thread.run(Thread.java:750)
"IPC Server handler 4 on default port 37905" daemon prio=5 tid=93 timed_waiting
java.lang.Thread.State: TIMED_WAITING
        at sun.misc.Unsafe.park(Native Method)
        at java.util.concurrent.locks.LockSupport.parkNanos(LockSupport.java:215)
        at java.util.concurrent.locks.AbstractQueuedSynchronizer$ConditionObject.awaitNanos(AbstractQueuedSynchronizer.java:2078)
        at java.util.concurrent.LinkedBlockingQueue.poll(LinkedBlockingQueue.java:467)
        at org.apache.hadoop.ipc.CallQueueManager.take(CallQueueManager.java:317)
        at org.apache.hadoop.ipc.Server$Handler.run(Server.java:2992)
"IPC Server handler 9 on default port 36647" daemon prio=5 tid=58 timed_waiting
java.lang.Thread.State: TIMED_WAITING
        at sun.misc.Unsafe.park(Native Method)
        at java.util.concurrent.locks.LockSupport.parkNanos(LockSupport.java:215)
        at java.util.concurrent.locks.AbstractQueuedSynchronizer$ConditionObject.awaitNanos(AbstractQueuedSynchronizer.java:2078)
        at java.util.concurrent.LinkedBlockingQueue.poll(LinkedBlockingQueue.java:467)
        at org.apache.hadoop.ipc.CallQueueManager.take(CallQueueManager.java:317)
        at org.apache.hadoop.ipc.Server$Handler.run(Server.java:2992)
"Datanode ReportManager Thread - 4" daemon prio=5 tid=262 in Object.wait()
java.lang.Thread.State: WAITING (on object monitor)
        at sun.misc.Unsafe.park(Native Method)
        at java.util.concurrent.locks.LockSupport.park(LockSupport.java:175)
        at java.util.concurrent.locks.AbstractQueuedSynchronizer$ConditionObject.await(AbstractQueuedSynchronizer.java:2039)
        at java.util.concurrent.ScheduledThreadPoolExecutor$DelayedWorkQueue.take(ScheduledThreadPoolExecutor.java:1088)
        at java.util.concurrent.ScheduledThreadPoolExecutor$DelayedWorkQueue.take(ScheduledThreadPoolExecutor.java:809)
        at java.util.concurrent.ThreadPoolExecutor.getTask(ThreadPoolExecutor.java:1074)
        at java.util.concurrent.ThreadPoolExecutor.runWorker(ThreadPoolExecutor.java:1134)
        at java.util.concurrent.ThreadPoolExecutor$Worker.run(ThreadPoolExecutor.java:624)
        at java.lang.Thread.run(Thread.java:750)
"org.apache.hadoop.util.JvmPauseMonitor$Monitor@279e85eb" daemon prio=5 tid=111 timed_waiting
java.lang.Thread.State: TIMED_WAITING
        at java.lang.Thread.sleep(Native Method)
        at org.apache.hadoop.util.JvmPauseMonitor$Monitor.run(JvmPauseMonitor.java:192)
        at java.lang.Thread.run(Thread.java:750)
"21b868c3-9969-4e13-ad52-9b0ac48fd138@group-B6DDDC8024D4-SegmentedRaftLogWorker"  prio=5 tid=330 timed_waiting
java.lang.Thread.State: TIMED_WAITING
        at sun.misc.Unsafe.park(Native Method)
        at java.util.concurrent.locks.LockSupport.parkNanos(LockSupport.java:215)
        at java.util.concurrent.locks.AbstractQueuedSynchronizer$ConditionObject.awaitNanos(AbstractQueuedSynchronizer.java:2078)
        at org.apache.ratis.util.DataBlockingQueue.poll(DataBlockingQueue.java:148)
        at org.apache.ratis.server.raftlog.segmented.SegmentedRaftLogWorker.run(SegmentedRaftLogWorker.java:312)
        at org.apache.ratis.server.raftlog.segmented.SegmentedRaftLogWorker$$Lambda$686/78095376.run(Unknown Source)
        at java.lang.Thread.run(Thread.java:750)
"IPC Server handler 19 on default port 36647" daemon prio=5 tid=68 timed_waiting
java.lang.Thread.State: TIMED_WAITING
        at sun.misc.Unsafe.park(Native Method)
        at java.util.concurrent.locks.LockSupport.parkNanos(LockSupport.java:215)
        at java.util.concurrent.locks.AbstractQueuedSynchronizer$ConditionObject.awaitNanos(AbstractQueuedSynchronizer.java:2078)
        at java.util.concurrent.LinkedBlockingQueue.poll(LinkedBlockingQueue.java:467)
        at org.apache.hadoop.ipc.CallQueueManager.take(CallQueueManager.java:317)
        at org.apache.hadoop.ipc.Server$Handler.run(Server.java:2992)
"IPC Server handler 18 on default port 37905" daemon prio=5 tid=107 timed_waiting
java.lang.Thread.State: TIMED_WAITING
        at sun.misc.Unsafe.park(Native Method)
        at java.util.concurrent.locks.LockSupport.parkNanos(LockSupport.java:215)
        at java.util.concurrent.locks.AbstractQueuedSynchronizer$ConditionObject.awaitNanos(AbstractQueuedSynchronizer.java:2078)
        at java.util.concurrent.LinkedBlockingQueue.poll(LinkedBlockingQueue.java:467)
        at org.apache.hadoop.ipc.CallQueueManager.take(CallQueueManager.java:317)
        at org.apache.hadoop.ipc.Server$Handler.run(Server.java:2992)
"EndpointStateMachine task thread for /0.0.0.0:37905 - 0 "  prio=5 tid=287 in Object.wait()
java.lang.Thread.State: WAITING (on object monitor)
        at sun.misc.Unsafe.park(Native Method)
        at java.util.concurrent.locks.LockSupport.park(LockSupport.java:175)
        at java.util.concurrent.locks.AbstractQueuedSynchronizer$ConditionObject.await(AbstractQueuedSynchronizer.java:2039)
        at java.util.concurrent.LinkedBlockingQueue.take(LinkedBlockingQueue.java:442)
        at java.util.concurrent.ThreadPoolExecutor.getTask(ThreadPoolExecutor.java:1074)
        at java.util.concurrent.ThreadPoolExecutor.runWorker(ThreadPoolExecutor.java:1134)
        at java.util.concurrent.ThreadPoolExecutor$Worker.run(ThreadPoolExecutor.java:624)
        at java.lang.Thread.run(Thread.java:750)
"EventQueue-NodeRegistrationContainerReportForDataNodeSafeModeRule" daemon prio=5 tid=311 in Object.wait()
java.lang.Thread.State: WAITING (on object monitor)
        at sun.misc.Unsafe.park(Native Method)
        at java.util.concurrent.locks.LockSupport.park(LockSupport.java:175)
        at java.util.concurrent.locks.AbstractQueuedSynchronizer$ConditionObject.await(AbstractQueuedSynchronizer.java:2039)
        at java.util.concurrent.LinkedBlockingQueue.take(LinkedBlockingQueue.java:442)
        at java.util.concurrent.ThreadPoolExecutor.getTask(ThreadPoolExecutor.java:1074)
        at java.util.concurrent.ThreadPoolExecutor.runWorker(ThreadPoolExecutor.java:1134)
        at java.util.concurrent.ThreadPoolExecutor$Worker.run(ThreadPoolExecutor.java:624)
        at java.lang.Thread.run(Thread.java:750)
"StaleRecoveringContainerScrubbingService#0" daemon prio=5 tid=307 timed_waiting
java.lang.Thread.State: TIMED_WAITING
        at sun.misc.Unsafe.park(Native Method)
        at java.util.concurrent.locks.LockSupport.parkNanos(LockSupport.java:215)
        at java.util.concurrent.locks.AbstractQueuedSynchronizer$ConditionObject.awaitNanos(AbstractQueuedSynchronizer.java:2078)
        at java.util.concurrent.ScheduledThreadPoolExecutor$DelayedWorkQueue.take(ScheduledThreadPoolExecutor.java:1093)
        at java.util.concurrent.ScheduledThreadPoolExecutor$DelayedWorkQueue.take(ScheduledThreadPoolExecutor.java:809)
        at java.util.concurrent.ThreadPoolExecutor.getTask(ThreadPoolExecutor.java:1074)
        at java.util.concurrent.ThreadPoolExecutor.runWorker(ThreadPoolExecutor.java:1134)
        at java.util.concurrent.ThreadPoolExecutor$Worker.run(ThreadPoolExecutor.java:624)
        at java.lang.Thread.run(Thread.java:750)
"ContainerOp-cd8abe94-f173-4052-9509-b5bff1395f48-3"  prio=5 tid=441 in Object.wait()
java.lang.Thread.State: WAITING (on object monitor)
        at sun.misc.Unsafe.park(Native Method)
        at java.util.concurrent.locks.LockSupport.park(LockSupport.java:175)
        at java.util.concurrent.locks.AbstractQueuedSynchronizer$ConditionObject.await(AbstractQueuedSynchronizer.java:2039)
        at java.util.concurrent.LinkedBlockingQueue.take(LinkedBlockingQueue.java:442)
        at java.util.concurrent.ThreadPoolExecutor.getTask(ThreadPoolExecutor.java:1074)
        at java.util.concurrent.ThreadPoolExecutor.runWorker(ThreadPoolExecutor.java:1134)
        at java.util.concurrent.ThreadPoolExecutor$Worker.run(ThreadPoolExecutor.java:624)
        at java.lang.Thread.run(Thread.java:750)
"IPC Server handler 5 on default port 45463" daemon prio=5 tid=166 timed_waiting
java.lang.Thread.State: TIMED_WAITING
        at sun.misc.Unsafe.park(Native Method)
        at java.util.concurrent.locks.LockSupport.parkNanos(LockSupport.java:215)
        at java.util.concurrent.locks.AbstractQueuedSynchronizer$ConditionObject.awaitNanos(AbstractQueuedSynchronizer.java:2078)
        at java.util.concurrent.LinkedBlockingQueue.poll(LinkedBlockingQueue.java:467)
        at org.apache.hadoop.ipc.CallQueueManager.take(CallQueueManager.java:317)
        at org.apache.hadoop.ipc.Server$Handler.run(Server.java:2992)
"timer3" daemon prio=5 tid=384 in Object.wait()
java.lang.Thread.State: WAITING (on object monitor)
        at java.lang.Object.wait(Native Method)
        at java.lang.Object.wait(Object.java:502)
        at java.util.TimerThread.mainLoop(Timer.java:526)
        at java.util.TimerThread.run(Timer.java:505)
"ContainerOp-fe8f8231-531f-40c6-a24e-b6dddc8024d4-3"  prio=5 tid=461 in Object.wait()
java.lang.Thread.State: WAITING (on object monitor)
        at sun.misc.Unsafe.park(Native Method)
        at java.util.concurrent.locks.LockSupport.park(LockSupport.java:175)
        at java.util.concurrent.locks.AbstractQueuedSynchronizer$ConditionObject.await(AbstractQueuedSynchronizer.java:2039)
        at java.util.concurrent.LinkedBlockingQueue.take(LinkedBlockingQueue.java:442)
        at java.util.concurrent.ThreadPoolExecutor.getTask(ThreadPoolExecutor.java:1074)
        at java.util.concurrent.ThreadPoolExecutor.runWorker(ThreadPoolExecutor.java:1134)
        at java.util.concurrent.ThreadPoolExecutor$Worker.run(ThreadPoolExecutor.java:624)
        at java.lang.Thread.run(Thread.java:750)
"Datanode State Machine Task Thread - 0"  prio=5 tid=265 in Object.wait()
java.lang.Thread.State: WAITING (on object monitor)
        at sun.misc.Unsafe.park(Native Method)
        at java.util.concurrent.locks.LockSupport.park(LockSupport.java:175)
        at java.util.concurrent.locks.AbstractQueuedSynchronizer$ConditionObject.await(AbstractQueuedSynchronizer.java:2039)
        at java.util.concurrent.LinkedBlockingQueue.take(LinkedBlockingQueue.java:442)
        at java.util.concurrent.ThreadPoolExecutor.getTask(ThreadPoolExecutor.java:1074)
        at java.util.concurrent.ThreadPoolExecutor.runWorker(ThreadPoolExecutor.java:1134)
        at java.util.concurrent.ThreadPoolExecutor$Worker.run(ThreadPoolExecutor.java:624)
        at java.lang.Thread.run(Thread.java:750)
"IPC Client (982613511) connection to 0.0.0.0/0.0.0.0:37905 from runner" daemon prio=5 tid=274 timed_waiting
java.lang.Thread.State: TIMED_WAITING
        at java.lang.Object.wait(Native Method)
        at org.apache.hadoop.ipc.Client$Connection.waitForWork(Client.java:1043)
        at org.apache.hadoop.ipc.Client$Connection.run(Client.java:1094)
"Datanode State Machine Task Thread - 0"  prio=5 tid=211 in Object.wait()
java.lang.Thread.State: WAITING (on object monitor)
        at sun.misc.Unsafe.park(Native Method)
        at java.util.concurrent.locks.LockSupport.park(LockSupport.java:175)
        at java.util.concurrent.locks.AbstractQueuedSynchronizer$ConditionObject.await(AbstractQueuedSynchronizer.java:2039)
        at java.util.concurrent.LinkedBlockingQueue.take(LinkedBlockingQueue.java:442)
        at java.util.concurrent.ThreadPoolExecutor.getTask(ThreadPoolExecutor.java:1074)
        at java.util.concurrent.ThreadPoolExecutor.runWorker(ThreadPoolExecutor.java:1134)
        at java.util.concurrent.ThreadPoolExecutor$Worker.run(ThreadPoolExecutor.java:624)
        at java.lang.Thread.run(Thread.java:750)
"grpc-default-boss-ELG-1-1" daemon prio=5 tid=143 runnable
java.lang.Thread.State: RUNNABLE
        at org.apache.ratis.thirdparty.io.netty.channel.epoll.Native.epollWait(Native Method)
        at org.apache.ratis.thirdparty.io.netty.channel.epoll.Native.epollWait(Native.java:209)
        at org.apache.ratis.thirdparty.io.netty.channel.epoll.Native.epollWait(Native.java:202)
        at org.apache.ratis.thirdparty.io.netty.channel.epoll.EpollEventLoop.epollWaitNoTimerChange(EpollEventLoop.java:294)
        at org.apache.ratis.thirdparty.io.netty.channel.epoll.EpollEventLoop.run(EpollEventLoop.java:351)
        at org.apache.ratis.thirdparty.io.netty.util.concurrent.SingleThreadEventExecutor$4.run(SingleThreadEventExecutor.java:995)
        at org.apache.ratis.thirdparty.io.netty.util.internal.ThreadExecutorMap$2.run(ThreadExecutorMap.java:74)
        at org.apache.ratis.thirdparty.io.netty.util.concurrent.FastThreadLocalRunnable.run(FastThreadLocalRunnable.java:30)
        at java.lang.Thread.run(Thread.java:750)
"IPC Server handler 13 on default port 45463" daemon prio=5 tid=174 timed_waiting
java.lang.Thread.State: TIMED_WAITING
        at sun.misc.Unsafe.park(Native Method)
        at java.util.concurrent.locks.LockSupport.parkNanos(LockSupport.java:215)
        at java.util.concurrent.locks.AbstractQueuedSynchronizer$ConditionObject.awaitNanos(AbstractQueuedSynchronizer.java:2078)
        at java.util.concurrent.LinkedBlockingQueue.poll(LinkedBlockingQueue.java:467)
        at org.apache.hadoop.ipc.CallQueueManager.take(CallQueueManager.java:317)
        at org.apache.hadoop.ipc.Server$Handler.run(Server.java:2992)
"BlockDeletingService#1" daemon prio=5 tid=308 in Object.wait()
java.lang.Thread.State: WAITING (on object monitor)
        at sun.misc.Unsafe.park(Native Method)
        at java.util.concurrent.locks.LockSupport.park(LockSupport.java:175)
        at java.util.concurrent.locks.AbstractQueuedSynchronizer$ConditionObject.await(AbstractQueuedSynchronizer.java:2039)
        at java.util.concurrent.ScheduledThreadPoolExecutor$DelayedWorkQueue.take(ScheduledThreadPoolExecutor.java:1088)
        at java.util.concurrent.ScheduledThreadPoolExecutor$DelayedWorkQueue.take(ScheduledThreadPoolExecutor.java:809)
        at java.util.concurrent.ThreadPoolExecutor.getTask(ThreadPoolExecutor.java:1074)
        at java.util.concurrent.ThreadPoolExecutor.runWorker(ThreadPoolExecutor.java:1134)
        at java.util.concurrent.ThreadPoolExecutor$Worker.run(ThreadPoolExecutor.java:624)
        at java.lang.Thread.run(Thread.java:750)
"ContainerOp-fe8f8231-531f-40c6-a24e-b6dddc8024d4-7"  prio=5 tid=493 in Object.wait()
java.lang.Thread.State: WAITING (on object monitor)
        at sun.misc.Unsafe.park(Native Method)
        at java.util.concurrent.locks.LockSupport.park(LockSupport.java:175)
        at java.util.concurrent.locks.AbstractQueuedSynchronizer$ConditionObject.await(AbstractQueuedSynchronizer.java:2039)
        at java.util.concurrent.LinkedBlockingQueue.take(LinkedBlockingQueue.java:442)
        at java.util.concurrent.ThreadPoolExecutor.getTask(ThreadPoolExecutor.java:1074)
        at java.util.concurrent.ThreadPoolExecutor.runWorker(ThreadPoolExecutor.java:1134)
        at java.util.concurrent.ThreadPoolExecutor$Worker.run(ThreadPoolExecutor.java:624)
        at java.lang.Thread.run(Thread.java:750)
"BlockDeletingService#0" daemon prio=5 tid=294 timed_waiting
java.lang.Thread.State: TIMED_WAITING
        at sun.misc.Unsafe.park(Native Method)
        at java.util.concurrent.locks.LockSupport.parkNanos(LockSupport.java:215)
        at java.util.concurrent.locks.AbstractQueuedSynchronizer$ConditionObject.awaitNanos(AbstractQueuedSynchronizer.java:2078)
        at java.util.concurrent.ScheduledThreadPoolExecutor$DelayedWorkQueue.take(ScheduledThreadPoolExecutor.java:1093)
        at java.util.concurrent.ScheduledThreadPoolExecutor$DelayedWorkQueue.take(ScheduledThreadPoolExecutor.java:809)
        at java.util.concurrent.ThreadPoolExecutor.getTask(ThreadPoolExecutor.java:1074)
        at java.util.concurrent.ThreadPoolExecutor.runWorker(ThreadPoolExecutor.java:1134)
        at java.util.concurrent.ThreadPoolExecutor$Worker.run(ThreadPoolExecutor.java:624)
        at java.lang.Thread.run(Thread.java:750)
"ContainerOp-fe8f8231-531f-40c6-a24e-b6dddc8024d4-0"  prio=5 tid=445 in Object.wait()
java.lang.Thread.State: WAITING (on object monitor)
        at sun.misc.Unsafe.park(Native Method)
        at java.util.concurrent.locks.LockSupport.park(LockSupport.java:175)
        at java.util.concurrent.locks.AbstractQueuedSynchronizer$ConditionObject.await(AbstractQueuedSynchronizer.java:2039)
        at java.util.concurrent.LinkedBlockingQueue.take(LinkedBlockingQueue.java:442)
        at java.util.concurrent.ThreadPoolExecutor.getTask(ThreadPoolExecutor.java:1074)
        at java.util.concurrent.ThreadPoolExecutor.runWorker(ThreadPoolExecutor.java:1134)
        at java.util.concurrent.ThreadPoolExecutor$Worker.run(ThreadPoolExecutor.java:624)
        at java.lang.Thread.run(Thread.java:750)
"IPC Server handler 8 on default port 45463" daemon prio=5 tid=169 timed_waiting
java.lang.Thread.State: TIMED_WAITING
        at sun.misc.Unsafe.park(Native Method)
        at java.util.concurrent.locks.LockSupport.parkNanos(LockSupport.java:215)
        at java.util.concurrent.locks.AbstractQueuedSynchronizer$ConditionObject.awaitNanos(AbstractQueuedSynchronizer.java:2078)
        at java.util.concurrent.LinkedBlockingQueue.poll(LinkedBlockingQueue.java:467)
        at org.apache.hadoop.ipc.CallQueueManager.take(CallQueueManager.java:317)
        at org.apache.hadoop.ipc.Server$Handler.run(Server.java:2992)
"ExpiredContainerReplicaOpScrubberThread" daemon prio=5 tid=17 timed_waiting
java.lang.Thread.State: TIMED_WAITING
        at java.lang.Object.wait(Native Method)
        at org.apache.hadoop.hdds.scm.ha.BackgroundSCMService.run(BackgroundSCMService.java:110)
        at org.apache.hadoop.hdds.scm.ha.BackgroundSCMService$$Lambda$381/1135026238.run(Unknown Source)
        at java.lang.Thread.run(Thread.java:750)
"4bcfc98d-1351-440f-af15-56158ce83d77@group-B6DDDC8024D4->b1c57afc-121c-455c-bc43-4ffbee8e4677-GrpcLogAppender-LogAppenderDaemon" daemon prio=5 tid=376 timed_waiting
java.lang.Thread.State: TIMED_WAITING
        at sun.misc.Unsafe.park(Native Method)
        at java.util.concurrent.locks.LockSupport.parkNanos(LockSupport.java:215)
        at java.util.concurrent.locks.AbstractQueuedSynchronizer$ConditionObject.await(AbstractQueuedSynchronizer.java:2163)
        at org.apache.ratis.util.AwaitForSignal.await(AwaitForSignal.java:62)
        at org.apache.ratis.grpc.server.GrpcLogAppender.mayWait(GrpcLogAppender.java:198)
        at org.apache.ratis.grpc.server.GrpcLogAppender.run(GrpcLogAppender.java:148)
        at org.apache.ratis.server.leader.LogAppenderDaemon.run(LogAppenderDaemon.java:78)
        at org.apache.ratis.server.leader.LogAppenderDaemon$$Lambda$1135/499583845.run(Unknown Source)
        at java.lang.Thread.run(Thread.java:750)
"ContainerOp-cd8abe94-f173-4052-9509-b5bff1395f48-3"  prio=5 tid=439 in Object.wait()
java.lang.Thread.State: WAITING (on object monitor)
        at sun.misc.Unsafe.park(Native Method)
        at java.util.concurrent.locks.LockSupport.park(LockSupport.java:175)
        at java.util.concurrent.locks.AbstractQueuedSynchronizer$ConditionObject.await(AbstractQueuedSynchronizer.java:2039)
        at java.util.concurrent.LinkedBlockingQueue.take(LinkedBlockingQueue.java:442)
        at java.util.concurrent.ThreadPoolExecutor.getTask(ThreadPoolExecutor.java:1074)
        at java.util.concurrent.ThreadPoolExecutor.runWorker(ThreadPoolExecutor.java:1134)
        at java.util.concurrent.ThreadPoolExecutor$Worker.run(ThreadPoolExecutor.java:624)
        at java.lang.Thread.run(Thread.java:750)
"Hadoop-Metrics-Updater-0" daemon prio=5 tid=138 timed_waiting
java.lang.Thread.State: TIMED_WAITING
        at sun.misc.Unsafe.park(Native Method)
        at java.util.concurrent.locks.LockSupport.parkNanos(LockSupport.java:215)
        at java.util.concurrent.locks.AbstractQueuedSynchronizer$ConditionObject.awaitNanos(AbstractQueuedSynchronizer.java:2078)
        at java.util.concurrent.ScheduledThreadPoolExecutor$DelayedWorkQueue.take(ScheduledThreadPoolExecutor.java:1093)
        at java.util.concurrent.ScheduledThreadPoolExecutor$DelayedWorkQueue.take(ScheduledThreadPoolExecutor.java:809)
        at java.util.concurrent.ThreadPoolExecutor.getTask(ThreadPoolExecutor.java:1074)
        at java.util.concurrent.ThreadPoolExecutor.runWorker(ThreadPoolExecutor.java:1134)
        at java.util.concurrent.ThreadPoolExecutor$Worker.run(ThreadPoolExecutor.java:624)
        at java.lang.Thread.run(Thread.java:750)
"IPC Server handler 16 on default port 45463" daemon prio=5 tid=177 timed_waiting
java.lang.Thread.State: TIMED_WAITING
        at sun.misc.Unsafe.park(Native Method)
        at java.util.concurrent.locks.LockSupport.parkNanos(LockSupport.java:215)
        at java.util.concurrent.locks.AbstractQueuedSynchronizer$ConditionObject.awaitNanos(AbstractQueuedSynchronizer.java:2078)
        at java.util.concurrent.LinkedBlockingQueue.poll(LinkedBlockingQueue.java:467)
        at org.apache.hadoop.ipc.CallQueueManager.take(CallQueueManager.java:317)
        at org.apache.hadoop.ipc.Server$Handler.run(Server.java:2992)
"ContainerOp-cd8abe94-f173-4052-9509-b5bff1395f48-6"  prio=5 tid=467 in Object.wait()
java.lang.Thread.State: WAITING (on object monitor)
        at sun.misc.Unsafe.park(Native Method)
        at java.util.concurrent.locks.LockSupport.park(LockSupport.java:175)
        at java.util.concurrent.locks.AbstractQueuedSynchronizer$ConditionObject.await(AbstractQueuedSynchronizer.java:2039)
        at java.util.concurrent.LinkedBlockingQueue.take(LinkedBlockingQueue.java:442)
        at java.util.concurrent.ThreadPoolExecutor.getTask(ThreadPoolExecutor.java:1074)
        at java.util.concurrent.ThreadPoolExecutor.runWorker(ThreadPoolExecutor.java:1134)
        at java.util.concurrent.ThreadPoolExecutor$Worker.run(ThreadPoolExecutor.java:624)
        at java.lang.Thread.run(Thread.java:750)
"junit-jupiter-timeout-watcher"  prio=10 tid=421 timed_waiting
java.lang.Thread.State: TIMED_WAITING
        at sun.misc.Unsafe.park(Native Method)
        at java.util.concurrent.locks.LockSupport.parkNanos(LockSupport.java:215)
        at java.util.concurrent.locks.AbstractQueuedSynchronizer$ConditionObject.awaitNanos(AbstractQueuedSynchronizer.java:2078)
        at java.util.concurrent.ScheduledThreadPoolExecutor$DelayedWorkQueue.take(ScheduledThreadPoolExecutor.java:1093)
        at java.util.concurrent.ScheduledThreadPoolExecutor$DelayedWorkQueue.take(ScheduledThreadPoolExecutor.java:809)
        at java.util.concurrent.ThreadPoolExecutor.getTask(ThreadPoolExecutor.java:1074)
        at java.util.concurrent.ThreadPoolExecutor.runWorker(ThreadPoolExecutor.java:1134)
        at java.util.concurrent.ThreadPoolExecutor$Worker.run(ThreadPoolExecutor.java:624)
        at java.lang.Thread.run(Thread.java:750)
"4bcfc98d-1351-440f-af15-56158ce83d77@group-B6DDDC8024D4-StateMachineUpdater" daemon prio=5 tid=341 timed_waiting
java.lang.Thread.State: TIMED_WAITING
        at sun.misc.Unsafe.park(Native Method)
        at java.util.concurrent.locks.LockSupport.parkNanos(LockSupport.java:215)
        at java.util.concurrent.locks.AbstractQueuedSynchronizer$ConditionObject.await(AbstractQueuedSynchronizer.java:2163)
        at org.apache.ratis.util.AwaitForSignal.await(AwaitForSignal.java:62)
        at org.apache.ratis.server.impl.StateMachineUpdater.waitForCommit(StateMachineUpdater.java:207)
        at org.apache.ratis.server.impl.StateMachineUpdater.run(StateMachineUpdater.java:176)
        at java.lang.Thread.run(Thread.java:750)
"ChunkWriter-2-0" daemon prio=5 tid=290 in Object.wait()
java.lang.Thread.State: WAITING (on object monitor)
        at sun.misc.Unsafe.park(Native Method)
        at java.util.concurrent.locks.LockSupport.park(LockSupport.java:175)
        at java.util.concurrent.locks.AbstractQueuedSynchronizer$ConditionObject.await(AbstractQueuedSynchronizer.java:2039)
        at java.util.concurrent.LinkedBlockingDeque.takeFirst(LinkedBlockingDeque.java:492)
        at java.util.concurrent.LinkedBlockingDeque.take(LinkedBlockingDeque.java:680)
        at java.util.concurrent.ThreadPoolExecutor.getTask(ThreadPoolExecutor.java:1074)
        at java.util.concurrent.ThreadPoolExecutor.runWorker(ThreadPoolExecutor.java:1134)
        at java.util.concurrent.ThreadPoolExecutor$Worker.run(ThreadPoolExecutor.java:624)
        at java.lang.Thread.run(Thread.java:750)
"IPC Server handler 10 on default port 36703" daemon prio=5 tid=79 timed_waiting
java.lang.Thread.State: TIMED_WAITING
        at sun.misc.Unsafe.park(Native Method)
        at java.util.concurrent.locks.LockSupport.parkNanos(LockSupport.java:215)
        at java.util.concurrent.locks.AbstractQueuedSynchronizer$ConditionObject.awaitNanos(AbstractQueuedSynchronizer.java:2078)
        at java.util.concurrent.LinkedBlockingQueue.poll(LinkedBlockingQueue.java:467)
        at org.apache.hadoop.ipc.CallQueueManager.take(CallQueueManager.java:317)
        at org.apache.hadoop.ipc.Server$Handler.run(Server.java:2992)
"ContainerOp-fe8f8231-531f-40c6-a24e-b6dddc8024d4-5"  prio=5 tid=479 in Object.wait()
java.lang.Thread.State: WAITING (on object monitor)
        at sun.misc.Unsafe.park(Native Method)
        at java.util.concurrent.locks.LockSupport.park(LockSupport.java:175)
        at java.util.concurrent.locks.AbstractQueuedSynchronizer$ConditionObject.await(AbstractQueuedSynchronizer.java:2039)
        at java.util.concurrent.LinkedBlockingQueue.take(LinkedBlockingQueue.java:442)
        at java.util.concurrent.ThreadPoolExecutor.getTask(ThreadPoolExecutor.java:1074)
        at java.util.concurrent.ThreadPoolExecutor.runWorker(ThreadPoolExecutor.java:1134)
        at java.util.concurrent.ThreadPoolExecutor$Worker.run(ThreadPoolExecutor.java:624)
        at java.lang.Thread.run(Thread.java:750)
"Command processor thread" daemon prio=5 tid=263 timed_waiting
java.lang.Thread.State: TIMED_WAITING
        at java.lang.Thread.sleep(Native Method)
        at org.apache.hadoop.ozone.container.common.statemachine.DatanodeStateMachine.lambda$initCommandHandlerThread$3(DatanodeStateMachine.java:649)
        at org.apache.hadoop.ozone.container.common.statemachine.DatanodeStateMachine$$Lambda$870/1388029857.run(Unknown Source)
        at java.lang.Thread.run(Thread.java:750)
"qtp1241568657-116" daemon prio=5 tid=116 timed_waiting
java.lang.Thread.State: TIMED_WAITING
        at sun.misc.Unsafe.park(Native Method)
        at java.util.concurrent.locks.LockSupport.parkNanos(LockSupport.java:215)
        at java.util.concurrent.locks.AbstractQueuedSynchronizer$ConditionObject.awaitNanos(AbstractQueuedSynchronizer.java:2078)
        at org.eclipse.jetty.util.BlockingArrayQueue.poll(BlockingArrayQueue.java:382)
        at org.eclipse.jetty.util.thread.QueuedThreadPool$Runner.idleJobPoll(QueuedThreadPool.java:974)
        at org.eclipse.jetty.util.thread.QueuedThreadPool$Runner.run(QueuedThreadPool.java:1018)
        at java.lang.Thread.run(Thread.java:750)
"ContainerOp-fe8f8231-531f-40c6-a24e-b6dddc8024d4-1"  prio=5 tid=448 in Object.wait()
java.lang.Thread.State: WAITING (on object monitor)
        at sun.misc.Unsafe.park(Native Method)
        at java.util.concurrent.locks.LockSupport.park(LockSupport.java:175)
        at java.util.concurrent.locks.AbstractQueuedSynchronizer$ConditionObject.await(AbstractQueuedSynchronizer.java:2039)
        at java.util.concurrent.LinkedBlockingQueue.take(LinkedBlockingQueue.java:442)
        at java.util.concurrent.ThreadPoolExecutor.getTask(ThreadPoolExecutor.java:1074)
        at java.util.concurrent.ThreadPoolExecutor.runWorker(ThreadPoolExecutor.java:1134)
        at java.util.concurrent.ThreadPoolExecutor$Worker.run(ThreadPoolExecutor.java:624)
        at java.lang.Thread.run(Thread.java:750)
"qtp1652609556-221" daemon prio=5 tid=221 runnable
java.lang.Thread.State: RUNNABLE
        at sun.nio.ch.EPollArrayWrapper.epollWait(Native Method)
        at sun.nio.ch.EPollArrayWrapper.poll(EPollArrayWrapper.java:269)
        at sun.nio.ch.EPollSelectorImpl.doSelect(EPollSelectorImpl.java:93)
        at sun.nio.ch.SelectorImpl.lockAndDoSelect(SelectorImpl.java:86)
        at sun.nio.ch.SelectorImpl.select(SelectorImpl.java:97)
        at sun.nio.ch.SelectorImpl.select(SelectorImpl.java:101)
        at org.eclipse.jetty.io.ManagedSelector.nioSelect(ManagedSelector.java:183)
        at org.eclipse.jetty.io.ManagedSelector.select(ManagedSelector.java:190)
        at org.eclipse.jetty.io.ManagedSelector$SelectorProducer.select(ManagedSelector.java:606)
        at org.eclipse.jetty.io.ManagedSelector$SelectorProducer.produce(ManagedSelector.java:543)
        at org.eclipse.jetty.util.thread.strategy.EatWhatYouKill.produceTask(EatWhatYouKill.java:362)
        at org.eclipse.jetty.util.thread.strategy.EatWhatYouKill.doProduce(EatWhatYouKill.java:186)
        at org.eclipse.jetty.util.thread.strategy.EatWhatYouKill.tryProduce(EatWhatYouKill.java:173)
        at org.eclipse.jetty.util.thread.strategy.EatWhatYouKill.produce(EatWhatYouKill.java:137)
        at org.eclipse.jetty.io.ManagedSelector$$Lambda$448/2058190325.run(Unknown Source)
        at org.eclipse.jetty.util.thread.QueuedThreadPool.runJob(QueuedThreadPool.java:883)
        at org.eclipse.jetty.util.thread.QueuedThreadPool$Runner.run(QueuedThreadPool.java:1034)
        at java.lang.Thread.run(Thread.java:750)
"21b868c3-9969-4e13-ad52-9b0ac48fd138-server-thread1" daemon prio=5 tid=408 timed_waiting
java.lang.Thread.State: TIMED_WAITING
        at sun.misc.Unsafe.park(Native Method)
        at java.util.concurrent.locks.LockSupport.parkNanos(LockSupport.java:215)
        at java.util.concurrent.SynchronousQueue$TransferStack.awaitFulfill(SynchronousQueue.java:460)
        at java.util.concurrent.SynchronousQueue$TransferStack.transfer(SynchronousQueue.java:362)
        at java.util.concurrent.SynchronousQueue.poll(SynchronousQueue.java:941)
        at java.util.concurrent.ThreadPoolExecutor.getTask(ThreadPoolExecutor.java:1073)
        at java.util.concurrent.ThreadPoolExecutor.runWorker(ThreadPoolExecutor.java:1134)
        at java.util.concurrent.ThreadPoolExecutor$Worker.run(ThreadPoolExecutor.java:624)
        at java.lang.Thread.run(Thread.java:750)
"OpenKeyCleanupService#0" daemon prio=5 tid=148 timed_waiting
java.lang.Thread.State: TIMED_WAITING
        at sun.misc.Unsafe.park(Native Method)
        at java.util.concurrent.locks.LockSupport.parkNanos(LockSupport.java:215)
        at java.util.concurrent.locks.AbstractQueuedSynchronizer$ConditionObject.awaitNanos(AbstractQueuedSynchronizer.java:2078)
        at java.util.concurrent.ScheduledThreadPoolExecutor$DelayedWorkQueue.take(ScheduledThreadPoolExecutor.java:1093)
        at java.util.concurrent.ScheduledThreadPoolExecutor$DelayedWorkQueue.take(ScheduledThreadPoolExecutor.java:809)
        at java.util.concurrent.ThreadPoolExecutor.getTask(ThreadPoolExecutor.java:1074)
        at java.util.concurrent.ThreadPoolExecutor.runWorker(ThreadPoolExecutor.java:1134)
        at java.util.concurrent.ThreadPoolExecutor$Worker.run(ThreadPoolExecutor.java:624)
        at java.lang.Thread.run(Thread.java:750)
"PartialTableCache Cleanup Thread - 0" daemon prio=5 tid=268 in Object.wait()
java.lang.Thread.State: WAITING (on object monitor)
        at sun.misc.Unsafe.park(Native Method)
        at java.util.concurrent.locks.LockSupport.park(LockSupport.java:175)
        at java.util.concurrent.locks.AbstractQueuedSynchronizer$ConditionObject.await(AbstractQueuedSynchronizer.java:2039)
        at java.util.concurrent.LinkedBlockingQueue.take(LinkedBlockingQueue.java:442)
        at java.util.concurrent.ThreadPoolExecutor.getTask(ThreadPoolExecutor.java:1074)
        at java.util.concurrent.ThreadPoolExecutor.runWorker(ThreadPoolExecutor.java:1134)
        at java.util.concurrent.ThreadPoolExecutor$Worker.run(ThreadPoolExecutor.java:624)
        at java.lang.Thread.run(Thread.java:750)
"IPC Server handler 18 on default port 36703" daemon prio=5 tid=87 timed_waiting
java.lang.Thread.State: TIMED_WAITING
        at sun.misc.Unsafe.park(Native Method)
        at java.util.concurrent.locks.LockSupport.parkNanos(LockSupport.java:215)
        at java.util.concurrent.locks.AbstractQueuedSynchronizer$ConditionObject.awaitNanos(AbstractQueuedSynchronizer.java:2078)
        at java.util.concurrent.LinkedBlockingQueue.poll(LinkedBlockingQueue.java:467)
        at org.apache.hadoop.ipc.CallQueueManager.take(CallQueueManager.java:317)
        at org.apache.hadoop.ipc.Server$Handler.run(Server.java:2992)
"org.apache.hadoop.ozone.container.common.statemachine.commandhandler.DeleteBlocksCommandHandler$DeleteCmdWorker@260fb925" daemon prio=5 tid=219 timed_waiting
java.lang.Thread.State: TIMED_WAITING
        at java.lang.Thread.sleep(Native Method)
        at org.apache.hadoop.ozone.container.common.statemachine.commandhandler.DeleteBlocksCommandHandler$DeleteCmdWorker.run(DeleteBlocksCommandHandler.java:187)
        at java.lang.Thread.run(Thread.java:750)
"ContainerOp-fe8f8231-531f-40c6-a24e-b6dddc8024d4-5"  prio=5 tid=477 in Object.wait()
java.lang.Thread.State: WAITING (on object monitor)
        at sun.misc.Unsafe.park(Native Method)
        at java.util.concurrent.locks.LockSupport.park(LockSupport.java:175)
        at java.util.concurrent.locks.AbstractQueuedSynchronizer$ConditionObject.await(AbstractQueuedSynchronizer.java:2039)
        at java.util.concurrent.LinkedBlockingQueue.take(LinkedBlockingQueue.java:442)
        at java.util.concurrent.ThreadPoolExecutor.getTask(ThreadPoolExecutor.java:1074)
        at java.util.concurrent.ThreadPoolExecutor.runWorker(ThreadPoolExecutor.java:1134)
        at java.util.concurrent.ThreadPoolExecutor$Worker.run(ThreadPoolExecutor.java:624)
        at java.lang.Thread.run(Thread.java:750)
"SCM Heartbeat Processing Thread - 0" daemon prio=5 tid=14 timed_waiting
java.lang.Thread.State: TIMED_WAITING
        at sun.misc.Unsafe.park(Native Method)
        at java.util.concurrent.locks.LockSupport.parkNanos(LockSupport.java:215)
        at java.util.concurrent.locks.AbstractQueuedSynchronizer$ConditionObject.awaitNanos(AbstractQueuedSynchronizer.java:2078)
        at java.util.concurrent.ScheduledThreadPoolExecutor$DelayedWorkQueue.take(ScheduledThreadPoolExecutor.java:1093)
        at java.util.concurrent.ScheduledThreadPoolExecutor$DelayedWorkQueue.take(ScheduledThreadPoolExecutor.java:809)
        at java.util.concurrent.ThreadPoolExecutor.getTask(ThreadPoolExecutor.java:1074)
        at java.util.concurrent.ThreadPoolExecutor.runWorker(ThreadPoolExecutor.java:1134)
        at java.util.concurrent.ThreadPoolExecutor$Worker.run(ThreadPoolExecutor.java:624)
        at java.lang.Thread.run(Thread.java:750)
"Datanode ReportManager Thread - 3" daemon prio=5 tid=261 in Object.wait()
java.lang.Thread.State: WAITING (on object monitor)
        at sun.misc.Unsafe.park(Native Method)
        at java.util.concurrent.locks.LockSupport.park(LockSupport.java:175)
        at java.util.concurrent.locks.AbstractQueuedSynchronizer$ConditionObject.await(AbstractQueuedSynchronizer.java:2039)
        at java.util.concurrent.ScheduledThreadPoolExecutor$DelayedWorkQueue.take(ScheduledThreadPoolExecutor.java:1088)
        at java.util.concurrent.ScheduledThreadPoolExecutor$DelayedWorkQueue.take(ScheduledThreadPoolExecutor.java:809)
        at java.util.concurrent.ThreadPoolExecutor.getTask(ThreadPoolExecutor.java:1074)
        at java.util.concurrent.ThreadPoolExecutor.runWorker(ThreadPoolExecutor.java:1134)
        at java.util.concurrent.ThreadPoolExecutor$Worker.run(ThreadPoolExecutor.java:624)
        at java.lang.Thread.run(Thread.java:750)
"grpc-default-executor-3" daemon prio=5 tid=382 timed_waiting
java.lang.Thread.State: TIMED_WAITING
        at sun.misc.Unsafe.park(Native Method)
        at java.util.concurrent.locks.LockSupport.parkNanos(LockSupport.java:215)
        at java.util.concurrent.SynchronousQueue$TransferStack.awaitFulfill(SynchronousQueue.java:460)
        at java.util.concurrent.SynchronousQueue$TransferStack.transfer(SynchronousQueue.java:362)
        at java.util.concurrent.SynchronousQueue.poll(SynchronousQueue.java:941)
        at java.util.concurrent.ThreadPoolExecutor.getTask(ThreadPoolExecutor.java:1073)
        at java.util.concurrent.ThreadPoolExecutor.runWorker(ThreadPoolExecutor.java:1134)
        at java.util.concurrent.ThreadPoolExecutor$Worker.run(ThreadPoolExecutor.java:624)
        at java.lang.Thread.run(Thread.java:750)
"IPC Server handler 19 on default port 36703" daemon prio=5 tid=88 timed_waiting
java.lang.Thread.State: TIMED_WAITING
        at sun.misc.Unsafe.park(Native Method)
        at java.util.concurrent.locks.LockSupport.parkNanos(LockSupport.java:215)
        at java.util.concurrent.locks.AbstractQueuedSynchronizer$ConditionObject.awaitNanos(AbstractQueuedSynchronizer.java:2078)
        at java.util.concurrent.LinkedBlockingQueue.poll(LinkedBlockingQueue.java:467)
        at org.apache.hadoop.ipc.CallQueueManager.take(CallQueueManager.java:317)
        at org.apache.hadoop.ipc.Server$Handler.run(Server.java:2992)
"Hadoop-Metrics-Updater-0" daemon prio=5 tid=32 timed_waiting
java.lang.Thread.State: TIMED_WAITING
        at sun.misc.Unsafe.park(Native Method)
        at java.util.concurrent.locks.LockSupport.parkNanos(LockSupport.java:215)
        at java.util.concurrent.locks.AbstractQueuedSynchronizer$ConditionObject.awaitNanos(AbstractQueuedSynchronizer.java:2078)
        at java.util.concurrent.ScheduledThreadPoolExecutor$DelayedWorkQueue.take(ScheduledThreadPoolExecutor.java:1093)
        at java.util.concurrent.ScheduledThreadPoolExecutor$DelayedWorkQueue.take(ScheduledThreadPoolExecutor.java:809)
        at java.util.concurrent.ThreadPoolExecutor.getTask(ThreadPoolExecutor.java:1074)
        at java.util.concurrent.ThreadPoolExecutor.runWorker(ThreadPoolExecutor.java:1134)
        at java.util.concurrent.ThreadPoolExecutor$Worker.run(ThreadPoolExecutor.java:624)
        at java.lang.Thread.run(Thread.java:750)
"ContainerOp-fe8f8231-531f-40c6-a24e-b6dddc8024d4-6"  prio=5 tid=490 in Object.wait()
java.lang.Thread.State: WAITING (on object monitor)
        at sun.misc.Unsafe.park(Native Method)
        at java.util.concurrent.locks.LockSupport.park(LockSupport.java:175)
        at java.util.concurrent.locks.AbstractQueuedSynchronizer$ConditionObject.await(AbstractQueuedSynchronizer.java:2039)
        at java.util.concurrent.LinkedBlockingQueue.take(LinkedBlockingQueue.java:442)
        at java.util.concurrent.ThreadPoolExecutor.getTask(ThreadPoolExecutor.java:1074)
        at java.util.concurrent.ThreadPoolExecutor.runWorker(ThreadPoolExecutor.java:1134)
        at java.util.concurrent.ThreadPoolExecutor$Worker.run(ThreadPoolExecutor.java:624)
        at java.lang.Thread.run(Thread.java:750)
"grpc-default-executor-1" daemon prio=5 tid=347 timed_waiting
java.lang.Thread.State: TIMED_WAITING
        at sun.misc.Unsafe.park(Native Method)
        at java.util.concurrent.locks.LockSupport.parkNanos(LockSupport.java:215)
        at java.util.concurrent.SynchronousQueue$TransferStack.awaitFulfill(SynchronousQueue.java:460)
        at java.util.concurrent.SynchronousQueue$TransferStack.transfer(SynchronousQueue.java:362)
        at java.util.concurrent.SynchronousQueue.poll(SynchronousQueue.java:941)
        at java.util.concurrent.ThreadPoolExecutor.getTask(ThreadPoolExecutor.java:1073)
        at java.util.concurrent.ThreadPoolExecutor.runWorker(ThreadPoolExecutor.java:1134)
        at java.util.concurrent.ThreadPoolExecutor$Worker.run(ThreadPoolExecutor.java:624)
        at java.lang.Thread.run(Thread.java:750)
"pool-101-thread-1"  prio=5 tid=334 in Object.wait()
java.lang.Thread.State: WAITING (on object monitor)
        at sun.misc.Unsafe.park(Native Method)
        at java.util.concurrent.locks.LockSupport.park(LockSupport.java:175)
        at java.util.concurrent.locks.AbstractQueuedSynchronizer$ConditionObject.await(AbstractQueuedSynchronizer.java:2039)
        at java.util.concurrent.LinkedBlockingQueue.take(LinkedBlockingQueue.java:442)
        at java.util.concurrent.ThreadPoolExecutor.getTask(ThreadPoolExecutor.java:1074)
        at java.util.concurrent.ThreadPoolExecutor.runWorker(ThreadPoolExecutor.java:1134)
        at java.util.concurrent.ThreadPoolExecutor$Worker.run(ThreadPoolExecutor.java:624)
        at java.lang.Thread.run(Thread.java:750)
"EndpointStateMachine task thread for /0.0.0.0:37905 - 0 "  prio=5 tid=299 in Object.wait()
java.lang.Thread.State: WAITING (on object monitor)
        at sun.misc.Unsafe.park(Native Method)
        at java.util.concurrent.locks.LockSupport.park(LockSupport.java:175)
        at java.util.concurrent.locks.AbstractQueuedSynchronizer$ConditionObject.await(AbstractQueuedSynchronizer.java:2039)
        at java.util.concurrent.LinkedBlockingQueue.take(LinkedBlockingQueue.java:442)
        at java.util.concurrent.ThreadPoolExecutor.getTask(ThreadPoolExecutor.java:1074)
        at java.util.concurrent.ThreadPoolExecutor.runWorker(ThreadPoolExecutor.java:1134)
        at java.util.concurrent.ThreadPoolExecutor$Worker.run(ThreadPoolExecutor.java:624)
        at java.lang.Thread.run(Thread.java:750)
"IPC Server Responder" daemon prio=5 tid=137 runnable
java.lang.Thread.State: RUNNABLE
        at sun.nio.ch.EPollArrayWrapper.epollWait(Native Method)
        at sun.nio.ch.EPollArrayWrapper.poll(EPollArrayWrapper.java:269)
        at sun.nio.ch.EPollSelectorImpl.doSelect(EPollSelectorImpl.java:93)
        at sun.nio.ch.SelectorImpl.lockAndDoSelect(SelectorImpl.java:86)
        at sun.nio.ch.SelectorImpl.select(SelectorImpl.java:97)
        at org.apache.hadoop.ipc.Server$Responder.doRunLoop(Server.java:1578)
        at org.apache.hadoop.ipc.Server$Responder.run(Server.java:1561)
"ContainerOp-fe8f8231-531f-40c6-a24e-b6dddc8024d4-7"  prio=5 tid=492 in Object.wait()
java.lang.Thread.State: WAITING (on object monitor)
        at sun.misc.Unsafe.park(Native Method)
        at java.util.concurrent.locks.LockSupport.park(LockSupport.java:175)
        at java.util.concurrent.locks.AbstractQueuedSynchronizer$ConditionObject.await(AbstractQueuedSynchronizer.java:2039)
        at java.util.concurrent.LinkedBlockingQueue.take(LinkedBlockingQueue.java:442)
        at java.util.concurrent.ThreadPoolExecutor.getTask(ThreadPoolExecutor.java:1074)
        at java.util.concurrent.ThreadPoolExecutor.runWorker(ThreadPoolExecutor.java:1134)
        at java.util.concurrent.ThreadPoolExecutor$Worker.run(ThreadPoolExecutor.java:624)
        at java.lang.Thread.run(Thread.java:750)
"ContainerOp-cd8abe94-f173-4052-9509-b5bff1395f48-0"  prio=5 tid=427 in Object.wait()
java.lang.Thread.State: WAITING (on object monitor)
        at sun.misc.Unsafe.park(Native Method)
        at java.util.concurrent.locks.LockSupport.park(LockSupport.java:175)
        at java.util.concurrent.locks.AbstractQueuedSynchronizer$ConditionObject.await(AbstractQueuedSynchronizer.java:2039)
        at java.util.concurrent.LinkedBlockingQueue.take(LinkedBlockingQueue.java:442)
        at java.util.concurrent.ThreadPoolExecutor.getTask(ThreadPoolExecutor.java:1074)
        at java.util.concurrent.ThreadPoolExecutor.runWorker(ThreadPoolExecutor.java:1134)
        at java.util.concurrent.ThreadPoolExecutor$Worker.run(ThreadPoolExecutor.java:624)
        at java.lang.Thread.run(Thread.java:750)
"b1c57afc-121c-455c-bc43-4ffbee8e4677-server-thread1" daemon prio=5 tid=386 timed_waiting
java.lang.Thread.State: TIMED_WAITING
        at sun.misc.Unsafe.park(Native Method)
        at java.util.concurrent.locks.LockSupport.parkNanos(LockSupport.java:215)
        at java.util.concurrent.SynchronousQueue$TransferStack.awaitFulfill(SynchronousQueue.java:460)
        at java.util.concurrent.SynchronousQueue$TransferStack.transfer(SynchronousQueue.java:362)
        at java.util.concurrent.SynchronousQueue.poll(SynchronousQueue.java:941)
        at java.util.concurrent.ThreadPoolExecutor.getTask(ThreadPoolExecutor.java:1073)
        at java.util.concurrent.ThreadPoolExecutor.runWorker(ThreadPoolExecutor.java:1134)
        at java.util.concurrent.ThreadPoolExecutor$Worker.run(ThreadPoolExecutor.java:624)
        at java.lang.Thread.run(Thread.java:750)
"ContainerOp-cd8abe94-f173-4052-9509-b5bff1395f48-1"  prio=5 tid=431 in Object.wait()
java.lang.Thread.State: WAITING (on object monitor)
        at sun.misc.Unsafe.park(Native Method)
        at java.util.concurrent.locks.LockSupport.park(LockSupport.java:175)
        at java.util.concurrent.locks.AbstractQueuedSynchronizer$ConditionObject.await(AbstractQueuedSynchronizer.java:2039)
        at java.util.concurrent.LinkedBlockingQueue.take(LinkedBlockingQueue.java:442)
        at java.util.concurrent.ThreadPoolExecutor.getTask(ThreadPoolExecutor.java:1074)
        at java.util.concurrent.ThreadPoolExecutor.runWorker(ThreadPoolExecutor.java:1134)
        at java.util.concurrent.ThreadPoolExecutor$Worker.run(ThreadPoolExecutor.java:624)
        at java.lang.Thread.run(Thread.java:750)
"BlockDeletingService#3" daemon prio=5 tid=650 in Object.wait()
java.lang.Thread.State: WAITING (on object monitor)
        at sun.misc.Unsafe.park(Native Method)
        at java.util.concurrent.locks.LockSupport.park(LockSupport.java:175)
        at java.util.concurrent.locks.AbstractQueuedSynchronizer$ConditionObject.await(AbstractQueuedSynchronizer.java:2039)
        at java.util.concurrent.ScheduledThreadPoolExecutor$DelayedWorkQueue.take(ScheduledThreadPoolExecutor.java:1088)
        at java.util.concurrent.ScheduledThreadPoolExecutor$DelayedWorkQueue.take(ScheduledThreadPoolExecutor.java:809)
        at java.util.concurrent.ThreadPoolExecutor.getTask(ThreadPoolExecutor.java:1074)
        at java.util.concurrent.ThreadPoolExecutor.runWorker(ThreadPoolExecutor.java:1134)
        at java.util.concurrent.ThreadPoolExecutor$Worker.run(ThreadPoolExecutor.java:624)
        at java.lang.Thread.run(Thread.java:750)
"IPC Server handler 6 on default port 45463" daemon prio=5 tid=167 timed_waiting
java.lang.Thread.State: TIMED_WAITING
        at sun.misc.Unsafe.park(Native Method)
        at java.util.concurrent.locks.LockSupport.parkNanos(LockSupport.java:215)
        at java.util.concurrent.locks.AbstractQueuedSynchronizer$ConditionObject.awaitNanos(AbstractQueuedSynchronizer.java:2078)
        at java.util.concurrent.LinkedBlockingQueue.poll(LinkedBlockingQueue.java:467)
        at org.apache.hadoop.ipc.CallQueueManager.take(CallQueueManager.java:317)
        at org.apache.hadoop.ipc.Server$Handler.run(Server.java:2992)
"org.apache.hadoop.util.JvmPauseMonitor$Monitor@66c10c43" daemon prio=5 tid=181 timed_waiting
java.lang.Thread.State: TIMED_WAITING
        at java.lang.Thread.sleep(Native Method)
        at org.apache.hadoop.util.JvmPauseMonitor$Monitor.run(JvmPauseMonitor.java:192)
        at java.lang.Thread.run(Thread.java:750)
"Datanode ReportManager Thread - 3" daemon prio=5 tid=207 in Object.wait()
java.lang.Thread.State: WAITING (on object monitor)
        at sun.misc.Unsafe.park(Native Method)
        at java.util.concurrent.locks.LockSupport.park(LockSupport.java:175)
        at java.util.concurrent.locks.AbstractQueuedSynchronizer$ConditionObject.await(AbstractQueuedSynchronizer.java:2039)
        at java.util.concurrent.ScheduledThreadPoolExecutor$DelayedWorkQueue.take(ScheduledThreadPoolExecutor.java:1088)
        at java.util.concurrent.ScheduledThreadPoolExecutor$DelayedWorkQueue.take(ScheduledThreadPoolExecutor.java:809)
        at java.util.concurrent.ThreadPoolExecutor.getTask(ThreadPoolExecutor.java:1074)
        at java.util.concurrent.ThreadPoolExecutor.runWorker(ThreadPoolExecutor.java:1134)
        at java.util.concurrent.ThreadPoolExecutor$Worker.run(ThreadPoolExecutor.java:624)
        at java.lang.Thread.run(Thread.java:750)
"IPC Server handler 6 on default port 37905" daemon prio=5 tid=95 timed_waiting
java.lang.Thread.State: TIMED_WAITING
        at sun.misc.Unsafe.park(Native Method)
        at java.util.concurrent.locks.LockSupport.parkNanos(LockSupport.java:215)
        at java.util.concurrent.locks.AbstractQueuedSynchronizer$ConditionObject.awaitNanos(AbstractQueuedSynchronizer.java:2078)
        at java.util.concurrent.LinkedBlockingQueue.poll(LinkedBlockingQueue.java:467)
        at org.apache.hadoop.ipc.CallQueueManager.take(CallQueueManager.java:317)
        at org.apache.hadoop.ipc.Server$Handler.run(Server.java:2992)
"Datanode ReportManager Thread - 0" daemon prio=5 tid=231 in Object.wait()
java.lang.Thread.State: WAITING (on object monitor)
        at sun.misc.Unsafe.park(Native Method)
        at java.util.concurrent.locks.LockSupport.park(LockSupport.java:175)
        at java.util.concurrent.locks.AbstractQueuedSynchronizer$ConditionObject.await(AbstractQueuedSynchronizer.java:2039)
        at java.util.concurrent.ScheduledThreadPoolExecutor$DelayedWorkQueue.take(ScheduledThreadPoolExecutor.java:1088)
        at java.util.concurrent.ScheduledThreadPoolExecutor$DelayedWorkQueue.take(ScheduledThreadPoolExecutor.java:809)
        at java.util.concurrent.ThreadPoolExecutor.getTask(ThreadPoolExecutor.java:1074)
        at java.util.concurrent.ThreadPoolExecutor.runWorker(ThreadPoolExecutor.java:1134)
        at java.util.concurrent.ThreadPoolExecutor$Worker.run(ThreadPoolExecutor.java:624)
        at java.lang.Thread.run(Thread.java:750)
"IPC Server handler 1 on default port 45463" daemon prio=5 tid=162 timed_waiting
java.lang.Thread.State: TIMED_WAITING
        at sun.misc.Unsafe.park(Native Method)
        at java.util.concurrent.locks.LockSupport.parkNanos(LockSupport.java:215)
        at java.util.concurrent.locks.AbstractQueuedSynchronizer$ConditionObject.awaitNanos(AbstractQueuedSynchronizer.java:2078)
        at java.util.concurrent.LinkedBlockingQueue.poll(LinkedBlockingQueue.java:467)
        at org.apache.hadoop.ipc.CallQueueManager.take(CallQueueManager.java:317)
        at org.apache.hadoop.ipc.Server$Handler.run(Server.java:2992)
"qtp189945097-193-acceptor-0@1ba76fd0-ServerConnector@74061bd1{HTTP/1.1, (http/1.1)}{0.0.0.0:42197}" daemon prio=3 tid=193 runnable
java.lang.Thread.State: RUNNABLE
        at sun.nio.ch.ServerSocketChannelImpl.accept0(Native Method)
        at sun.nio.ch.ServerSocketChannelImpl.accept(ServerSocketChannelImpl.java:421)
        at sun.nio.ch.ServerSocketChannelImpl.accept(ServerSocketChannelImpl.java:249)
        at org.eclipse.jetty.server.ServerConnector.accept(ServerConnector.java:388)
        at org.eclipse.jetty.server.AbstractConnector$Acceptor.run(AbstractConnector.java:704)
        at org.eclipse.jetty.util.thread.QueuedThreadPool.runJob(QueuedThreadPool.java:883)
        at org.eclipse.jetty.util.thread.QueuedThreadPool$Runner.run(QueuedThreadPool.java:1034)
        at java.lang.Thread.run(Thread.java:750)
"ContainerOp-cd8abe94-f173-4052-9509-b5bff1395f48-4"  prio=5 tid=452 in Object.wait()
java.lang.Thread.State: WAITING (on object monitor)
        at sun.misc.Unsafe.park(Native Method)
        at java.util.concurrent.locks.LockSupport.park(LockSupport.java:175)
        at java.util.concurrent.locks.AbstractQueuedSynchronizer$ConditionObject.await(AbstractQueuedSynchronizer.java:2039)
        at java.util.concurrent.LinkedBlockingQueue.take(LinkedBlockingQueue.java:442)
        at java.util.concurrent.ThreadPoolExecutor.getTask(ThreadPoolExecutor.java:1074)
        at java.util.concurrent.ThreadPoolExecutor.runWorker(ThreadPoolExecutor.java:1134)
        at java.util.concurrent.ThreadPoolExecutor$Worker.run(ThreadPoolExecutor.java:624)
        at java.lang.Thread.run(Thread.java:750)
"IPC Server handler 15 on default port 36647" daemon prio=5 tid=64 timed_waiting
java.lang.Thread.State: TIMED_WAITING
        at sun.misc.Unsafe.park(Native Method)
        at java.util.concurrent.locks.LockSupport.parkNanos(LockSupport.java:215)
        at java.util.concurrent.locks.AbstractQueuedSynchronizer$ConditionObject.awaitNanos(AbstractQueuedSynchronizer.java:2078)
        at java.util.concurrent.LinkedBlockingQueue.poll(LinkedBlockingQueue.java:467)
        at org.apache.hadoop.ipc.CallQueueManager.take(CallQueueManager.java:317)
        at org.apache.hadoop.ipc.Server$Handler.run(Server.java:2992)
"Datanode ReportManager Thread - 1" daemon prio=5 tid=232 in Object.wait()
java.lang.Thread.State: WAITING (on object monitor)
        at sun.misc.Unsafe.park(Native Method)
        at java.util.concurrent.locks.LockSupport.park(LockSupport.java:175)
        at java.util.concurrent.locks.AbstractQueuedSynchronizer$ConditionObject.await(AbstractQueuedSynchronizer.java:2039)
        at java.util.concurrent.ScheduledThreadPoolExecutor$DelayedWorkQueue.take(ScheduledThreadPoolExecutor.java:1088)
        at java.util.concurrent.ScheduledThreadPoolExecutor$DelayedWorkQueue.take(ScheduledThreadPoolExecutor.java:809)
        at java.util.concurrent.ThreadPoolExecutor.getTask(ThreadPoolExecutor.java:1074)
        at java.util.concurrent.ThreadPoolExecutor.runWorker(ThreadPoolExecutor.java:1134)
        at java.util.concurrent.ThreadPoolExecutor$Worker.run(ThreadPoolExecutor.java:624)
        at java.lang.Thread.run(Thread.java:750)
"om1@group-C5BA1605619E-StateMachineUpdater" daemon prio=5 tid=142 timed_waiting
java.lang.Thread.State: TIMED_WAITING
        at sun.misc.Unsafe.park(Native Method)
        at java.util.concurrent.locks.LockSupport.parkNanos(LockSupport.java:215)
        at java.util.concurrent.locks.AbstractQueuedSynchronizer$ConditionObject.await(AbstractQueuedSynchronizer.java:2163)
        at org.apache.ratis.util.AwaitForSignal.await(AwaitForSignal.java:62)
        at org.apache.ratis.server.impl.StateMachineUpdater.waitForCommit(StateMachineUpdater.java:207)
        at org.apache.ratis.server.impl.StateMachineUpdater.run(StateMachineUpdater.java:176)
        at java.lang.Thread.run(Thread.java:750)
"om1-client-thread1" daemon prio=5 tid=266 timed_waiting
java.lang.Thread.State: TIMED_WAITING
        at sun.misc.Unsafe.park(Native Method)
        at java.util.concurrent.locks.LockSupport.parkNanos(LockSupport.java:215)
        at java.util.concurrent.SynchronousQueue$TransferStack.awaitFulfill(SynchronousQueue.java:460)
        at java.util.concurrent.SynchronousQueue$TransferStack.transfer(SynchronousQueue.java:362)
        at java.util.concurrent.SynchronousQueue.poll(SynchronousQueue.java:941)
        at java.util.concurrent.ThreadPoolExecutor.getTask(ThreadPoolExecutor.java:1073)
        at java.util.concurrent.ThreadPoolExecutor.runWorker(ThreadPoolExecutor.java:1134)
        at java.util.concurrent.ThreadPoolExecutor$Worker.run(ThreadPoolExecutor.java:624)
        at java.lang.Thread.run(Thread.java:750)
"EventQueue-NodeReportForNodeReportHandler" daemon prio=5 tid=642 in Object.wait()
java.lang.Thread.State: WAITING (on object monitor)
        at sun.misc.Unsafe.park(Native Method)
        at java.util.concurrent.locks.LockSupport.park(LockSupport.java:175)
        at java.util.concurrent.locks.AbstractQueuedSynchronizer$ConditionObject.await(AbstractQueuedSynchronizer.java:2039)
        at java.util.concurrent.LinkedBlockingQueue.take(LinkedBlockingQueue.java:442)
        at java.util.concurrent.ThreadPoolExecutor.getTask(ThreadPoolExecutor.java:1074)
        at java.util.concurrent.ThreadPoolExecutor.runWorker(ThreadPoolExecutor.java:1134)
        at java.util.concurrent.ThreadPoolExecutor$Worker.run(ThreadPoolExecutor.java:624)
        at java.lang.Thread.run(Thread.java:750)
"om1@group-C5BA1605619E-LeaderStateImpl" daemon prio=5 tid=202 timed_waiting
java.lang.Thread.State: TIMED_WAITING
        at sun.misc.Unsafe.park(Native Method)
        at java.util.concurrent.locks.LockSupport.parkNanos(LockSupport.java:215)
        at java.util.concurrent.locks.AbstractQueuedSynchronizer$ConditionObject.awaitNanos(AbstractQueuedSynchronizer.java:2078)
        at java.util.concurrent.ArrayBlockingQueue.poll(ArrayBlockingQueue.java:418)
        at org.apache.ratis.server.impl.LeaderStateImpl$EventQueue.poll(LeaderStateImpl.java:159)
        at org.apache.ratis.server.impl.LeaderStateImpl$EventProcessor.run(LeaderStateImpl.java:630)
"qtp189945097-195" daemon prio=5 tid=195 timed_waiting
java.lang.Thread.State: TIMED_WAITING
        at sun.misc.Unsafe.park(Native Method)
        at java.util.concurrent.locks.LockSupport.parkNanos(LockSupport.java:215)
        at java.util.concurrent.locks.AbstractQueuedSynchronizer$ConditionObject.awaitNanos(AbstractQueuedSynchronizer.java:2078)
        at org.eclipse.jetty.util.BlockingArrayQueue.poll(BlockingArrayQueue.java:382)
        at org.eclipse.jetty.util.thread.QueuedThreadPool$Runner.idleJobPoll(QueuedThreadPool.java:974)
        at org.eclipse.jetty.util.thread.QueuedThreadPool$Runner.run(QueuedThreadPool.java:1018)
        at java.lang.Thread.run(Thread.java:750)
"Datanode ReportManager Thread - 2" daemon prio=5 tid=233 in Object.wait()
java.lang.Thread.State: WAITING (on object monitor)
        at sun.misc.Unsafe.park(Native Method)
        at java.util.concurrent.locks.LockSupport.park(LockSupport.java:175)
        at java.util.concurrent.locks.AbstractQueuedSynchronizer$ConditionObject.await(AbstractQueuedSynchronizer.java:2039)
        at java.util.concurrent.ScheduledThreadPoolExecutor$DelayedWorkQueue.take(ScheduledThreadPoolExecutor.java:1088)
        at java.util.concurrent.ScheduledThreadPoolExecutor$DelayedWorkQueue.take(ScheduledThreadPoolExecutor.java:809)
        at java.util.concurrent.ThreadPoolExecutor.getTask(ThreadPoolExecutor.java:1074)
        at java.util.concurrent.ThreadPoolExecutor.runWorker(ThreadPoolExecutor.java:1134)
        at java.util.concurrent.ThreadPoolExecutor$Worker.run(ThreadPoolExecutor.java:624)
        at java.lang.Thread.run(Thread.java:750)
"qtp1652609556-224" daemon prio=5 tid=224 timed_waiting
java.lang.Thread.State: TIMED_WAITING
        at sun.misc.Unsafe.park(Native Method)
        at java.util.concurrent.locks.LockSupport.parkNanos(LockSupport.java:215)
        at java.util.concurrent.locks.AbstractQueuedSynchronizer$ConditionObject.awaitNanos(AbstractQueuedSynchronizer.java:2078)
        at org.eclipse.jetty.util.BlockingArrayQueue.poll(BlockingArrayQueue.java:382)
        at org.eclipse.jetty.util.thread.QueuedThreadPool$Runner.idleJobPoll(QueuedThreadPool.java:974)
        at org.eclipse.jetty.util.thread.QueuedThreadPool$Runner.run(QueuedThreadPool.java:1018)
        at java.lang.Thread.run(Thread.java:750)
"FixedThreadPoolWithAffinityExecutor-2-0" daemon prio=5 tid=40 timed_waiting
java.lang.Thread.State: TIMED_WAITING
        at sun.misc.Unsafe.park(Native Method)
        at java.util.concurrent.locks.LockSupport.parkNanos(LockSupport.java:215)
        at java.util.concurrent.locks.AbstractQueuedSynchronizer$ConditionObject.awaitNanos(AbstractQueuedSynchronizer.java:2078)
        at java.util.concurrent.LinkedBlockingQueue.poll(LinkedBlockingQueue.java:467)
        at org.apache.hadoop.hdds.scm.server.ContainerReportQueue.poll(ContainerReportQueue.java:266)
        at org.apache.hadoop.hdds.scm.server.ContainerReportQueue.poll(ContainerReportQueue.java:42)
        at org.apache.hadoop.hdds.server.events.FixedThreadPoolWithAffinityExecutor$ContainerReportProcessTask.run(FixedThreadPoolWithAffinityExecutor.java:247)
        at java.util.concurrent.Executors$RunnableAdapter.call(Executors.java:511)
        at java.util.concurrent.FutureTask.run(FutureTask.java:266)
        at java.util.concurrent.ThreadPoolExecutor.runWorker(ThreadPoolExecutor.java:1149)
        at java.util.concurrent.ThreadPoolExecutor$Worker.run(ThreadPoolExecutor.java:624)
        at java.lang.Thread.run(Thread.java:750)
"BlockDeletingService#0" daemon prio=5 tid=306 timed_waiting
java.lang.Thread.State: TIMED_WAITING
        at sun.misc.Unsafe.park(Native Method)
        at java.util.concurrent.locks.LockSupport.parkNanos(LockSupport.java:215)
        at java.util.concurrent.locks.AbstractQueuedSynchronizer$ConditionObject.awaitNanos(AbstractQueuedSynchronizer.java:2078)
        at java.util.concurrent.ScheduledThreadPoolExecutor$DelayedWorkQueue.take(ScheduledThreadPoolExecutor.java:1093)
        at java.util.concurrent.ScheduledThreadPoolExecutor$DelayedWorkQueue.take(ScheduledThreadPoolExecutor.java:809)
        at java.util.concurrent.ThreadPoolExecutor.getTask(ThreadPoolExecutor.java:1074)
        at java.util.concurrent.ThreadPoolExecutor.runWorker(ThreadPoolExecutor.java:1134)
        at java.util.concurrent.ThreadPoolExecutor$Worker.run(ThreadPoolExecutor.java:624)
        at java.lang.Thread.run(Thread.java:750)
"IPC Server handler 5 on default port 37905" daemon prio=5 tid=94 timed_waiting
java.lang.Thread.State: TIMED_WAITING
        at sun.misc.Unsafe.park(Native Method)
        at java.util.concurrent.locks.LockSupport.parkNanos(LockSupport.java:215)
        at java.util.concurrent.locks.AbstractQueuedSynchronizer$ConditionObject.awaitNanos(AbstractQueuedSynchronizer.java:2078)
        at java.util.concurrent.LinkedBlockingQueue.poll(LinkedBlockingQueue.java:467)
        at org.apache.hadoop.ipc.CallQueueManager.take(CallQueueManager.java:317)
        at org.apache.hadoop.ipc.Server$Handler.run(Server.java:2992)
"FixedThreadPoolWithAffinityExecutor-8-0" daemon prio=5 tid=46 timed_waiting
java.lang.Thread.State: TIMED_WAITING
        at sun.misc.Unsafe.park(Native Method)
        at java.util.concurrent.locks.LockSupport.parkNanos(LockSupport.java:215)
        at java.util.concurrent.locks.AbstractQueuedSynchronizer$ConditionObject.awaitNanos(AbstractQueuedSynchronizer.java:2078)
        at java.util.concurrent.LinkedBlockingQueue.poll(LinkedBlockingQueue.java:467)
        at org.apache.hadoop.hdds.scm.server.ContainerReportQueue.poll(ContainerReportQueue.java:266)
        at org.apache.hadoop.hdds.scm.server.ContainerReportQueue.poll(ContainerReportQueue.java:42)
        at org.apache.hadoop.hdds.server.events.FixedThreadPoolWithAffinityExecutor$ContainerReportProcessTask.run(FixedThreadPoolWithAffinityExecutor.java:247)
        at java.util.concurrent.Executors$RunnableAdapter.call(Executors.java:511)
        at java.util.concurrent.FutureTask.run(FutureTask.java:266)
        at java.util.concurrent.ThreadPoolExecutor.runWorker(ThreadPoolExecutor.java:1149)
        at java.util.concurrent.ThreadPoolExecutor$Worker.run(ThreadPoolExecutor.java:624)
        at java.lang.Thread.run(Thread.java:750)
"StaleRecoveringContainerScrubbingService#2" daemon prio=5 tid=648 in Object.wait()
java.lang.Thread.State: WAITING (on object monitor)
        at sun.misc.Unsafe.park(Native Method)
        at java.util.concurrent.locks.LockSupport.park(LockSupport.java:175)
        at java.util.concurrent.locks.AbstractQueuedSynchronizer$ConditionObject.await(AbstractQueuedSynchronizer.java:2039)
        at java.util.concurrent.ScheduledThreadPoolExecutor$DelayedWorkQueue.take(ScheduledThreadPoolExecutor.java:1088)
        at java.util.concurrent.ScheduledThreadPoolExecutor$DelayedWorkQueue.take(ScheduledThreadPoolExecutor.java:809)
        at java.util.concurrent.ThreadPoolExecutor.getTask(ThreadPoolExecutor.java:1074)
        at java.util.concurrent.ThreadPoolExecutor.runWorker(ThreadPoolExecutor.java:1134)
        at java.util.concurrent.ThreadPoolExecutor$Worker.run(ThreadPoolExecutor.java:624)
        at java.lang.Thread.run(Thread.java:750)
"4bcfc98d-1351-440f-af15-56158ce83d77@group-88854C34A86D-LeaderStateImpl" daemon prio=5 tid=379 timed_waiting
java.lang.Thread.State: TIMED_WAITING
        at sun.misc.Unsafe.park(Native Method)
        at java.util.concurrent.locks.LockSupport.parkNanos(LockSupport.java:215)
        at java.util.concurrent.locks.AbstractQueuedSynchronizer$ConditionObject.awaitNanos(AbstractQueuedSynchronizer.java:2078)
        at java.util.concurrent.ArrayBlockingQueue.poll(ArrayBlockingQueue.java:418)
        at org.apache.ratis.server.impl.LeaderStateImpl$EventQueue.poll(LeaderStateImpl.java:159)
        at org.apache.ratis.server.impl.LeaderStateImpl$EventProcessor.run(LeaderStateImpl.java:630)
"qtp189945097-197" daemon prio=5 tid=197 timed_waiting
java.lang.Thread.State: TIMED_WAITING
        at sun.misc.Unsafe.park(Native Method)
        at java.util.concurrent.locks.LockSupport.parkNanos(LockSupport.java:215)
        at java.util.concurrent.locks.AbstractQueuedSynchronizer$ConditionObject.awaitNanos(AbstractQueuedSynchronizer.java:2078)
        at org.eclipse.jetty.util.BlockingArrayQueue.poll(BlockingArrayQueue.java:382)
        at org.eclipse.jetty.util.thread.QueuedThreadPool$Runner.idleJobPoll(QueuedThreadPool.java:974)
        at org.eclipse.jetty.util.thread.QueuedThreadPool$Runner.run(QueuedThreadPool.java:1018)
        at java.lang.Thread.run(Thread.java:750)
"ChunkWriter-1-0" daemon prio=5 tid=289 in Object.wait()
java.lang.Thread.State: WAITING (on object monitor)
        at sun.misc.Unsafe.park(Native Method)
        at java.util.concurrent.locks.LockSupport.park(LockSupport.java:175)
        at java.util.concurrent.locks.AbstractQueuedSynchronizer$ConditionObject.await(AbstractQueuedSynchronizer.java:2039)
        at java.util.concurrent.LinkedBlockingDeque.takeFirst(LinkedBlockingDeque.java:492)
        at java.util.concurrent.LinkedBlockingDeque.take(LinkedBlockingDeque.java:680)
        at java.util.concurrent.ThreadPoolExecutor.getTask(ThreadPoolExecutor.java:1074)
        at java.util.concurrent.ThreadPoolExecutor.runWorker(ThreadPoolExecutor.java:1134)
        at java.util.concurrent.ThreadPoolExecutor$Worker.run(ThreadPoolExecutor.java:624)
        at java.lang.Thread.run(Thread.java:750)
"IPC Server handler 3 on default port 36647" daemon prio=5 tid=52 timed_waiting
java.lang.Thread.State: TIMED_WAITING
        at sun.misc.Unsafe.park(Native Method)
        at java.util.concurrent.locks.LockSupport.parkNanos(LockSupport.java:215)
        at java.util.concurrent.locks.AbstractQueuedSynchronizer$ConditionObject.awaitNanos(AbstractQueuedSynchronizer.java:2078)
        at java.util.concurrent.LinkedBlockingQueue.poll(LinkedBlockingQueue.java:467)
        at org.apache.hadoop.ipc.CallQueueManager.take(CallQueueManager.java:317)
        at org.apache.hadoop.ipc.Server$Handler.run(Server.java:2992)
"ChunkReader-ELG-0" daemon prio=5 tid=305 runnable
java.lang.Thread.State: RUNNABLE
        at org.apache.ratis.thirdparty.io.netty.channel.epoll.Native.epollWait(Native Method)
        at org.apache.ratis.thirdparty.io.netty.channel.epoll.Native.epollWait(Native.java:209)
        at org.apache.ratis.thirdparty.io.netty.channel.epoll.Native.epollWait(Native.java:202)
        at org.apache.ratis.thirdparty.io.netty.channel.epoll.EpollEventLoop.epollWaitNoTimerChange(EpollEventLoop.java:294)
        at org.apache.ratis.thirdparty.io.netty.channel.epoll.EpollEventLoop.run(EpollEventLoop.java:351)
        at org.apache.ratis.thirdparty.io.netty.util.concurrent.SingleThreadEventExecutor$4.run(SingleThreadEventExecutor.java:995)
        at org.apache.ratis.thirdparty.io.netty.util.internal.ThreadExecutorMap$2.run(ThreadExecutorMap.java:74)
        at java.lang.Thread.run(Thread.java:750)
"IPC Server handler 12 on default port 45463" daemon prio=5 tid=173 timed_waiting
java.lang.Thread.State: TIMED_WAITING
        at sun.misc.Unsafe.park(Native Method)
        at java.util.concurrent.locks.LockSupport.parkNanos(LockSupport.java:215)
        at java.util.concurrent.locks.AbstractQueuedSynchronizer$ConditionObject.awaitNanos(AbstractQueuedSynchronizer.java:2078)
        at java.util.concurrent.LinkedBlockingQueue.poll(LinkedBlockingQueue.java:467)
        at org.apache.hadoop.ipc.CallQueueManager.take(CallQueueManager.java:317)
        at org.apache.hadoop.ipc.Server$Handler.run(Server.java:2992)
"qtp189945097-194" daemon prio=5 tid=194 timed_waiting
java.lang.Thread.State: TIMED_WAITING
        at sun.misc.Unsafe.park(Native Method)
        at java.util.concurrent.locks.LockSupport.parkNanos(LockSupport.java:215)
        at java.util.concurrent.locks.AbstractQueuedSynchronizer$ConditionObject.awaitNanos(AbstractQueuedSynchronizer.java:2078)
        at org.eclipse.jetty.util.BlockingArrayQueue.poll(BlockingArrayQueue.java:382)
        at org.eclipse.jetty.util.thread.QueuedThreadPool$Runner.idleJobPoll(QueuedThreadPool.java:974)
        at org.eclipse.jetty.util.thread.QueuedThreadPool$Runner.run(QueuedThreadPool.java:1018)
        at java.lang.Thread.run(Thread.java:750)
"21b868c3-9969-4e13-ad52-9b0ac48fd138@group-B6DDDC8024D4-FollowerState" daemon prio=5 tid=373 timed_waiting
java.lang.Thread.State: TIMED_WAITING
        at java.lang.Thread.sleep(Native Method)
        at java.lang.Thread.sleep(Thread.java:342)
        at java.util.concurrent.TimeUnit.sleep(TimeUnit.java:386)
        at org.apache.ratis.util.TimeDuration.sleep(TimeDuration.java:325)
        at org.apache.ratis.util.TimeDuration.sleep(TimeDuration.java:310)
        at org.apache.ratis.server.impl.FollowerState.run(FollowerState.java:128)
"4bcfc98d-1351-440f-af15-56158ce83d77@group-B6DDDC8024D4-SegmentedRaftLogWorker"  prio=5 tid=339 timed_waiting
java.lang.Thread.State: TIMED_WAITING
        at sun.misc.Unsafe.park(Native Method)
        at java.util.concurrent.locks.LockSupport.parkNanos(LockSupport.java:215)
        at java.util.concurrent.locks.AbstractQueuedSynchronizer$ConditionObject.awaitNanos(AbstractQueuedSynchronizer.java:2078)
        at org.apache.ratis.util.DataBlockingQueue.poll(DataBlockingQueue.java:148)
        at org.apache.ratis.server.raftlog.segmented.SegmentedRaftLogWorker.run(SegmentedRaftLogWorker.java:312)
        at org.apache.ratis.server.raftlog.segmented.SegmentedRaftLogWorker$$Lambda$686/78095376.run(Unknown Source)
        at java.lang.Thread.run(Thread.java:750)
"ContainerOp-cd8abe94-f173-4052-9509-b5bff1395f48-8"  prio=5 tid=481 in Object.wait()
java.lang.Thread.State: WAITING (on object monitor)
        at sun.misc.Unsafe.park(Native Method)
        at java.util.concurrent.locks.LockSupport.park(LockSupport.java:175)
        at java.util.concurrent.locks.AbstractQueuedSynchronizer$ConditionObject.await(AbstractQueuedSynchronizer.java:2039)
        at java.util.concurrent.LinkedBlockingQueue.take(LinkedBlockingQueue.java:442)
        at java.util.concurrent.ThreadPoolExecutor.getTask(ThreadPoolExecutor.java:1074)
        at java.util.concurrent.ThreadPoolExecutor.runWorker(ThreadPoolExecutor.java:1134)
        at java.util.concurrent.ThreadPoolExecutor$Worker.run(ThreadPoolExecutor.java:624)
        at java.lang.Thread.run(Thread.java:750)
"ChunkWriter-2-0" daemon prio=5 tid=278 in Object.wait()
java.lang.Thread.State: WAITING (on object monitor)
        at sun.misc.Unsafe.park(Native Method)
        at java.util.concurrent.locks.LockSupport.park(LockSupport.java:175)
        at java.util.concurrent.locks.AbstractQueuedSynchronizer$ConditionObject.await(AbstractQueuedSynchronizer.java:2039)
        at java.util.concurrent.LinkedBlockingDeque.takeFirst(LinkedBlockingDeque.java:492)
        at java.util.concurrent.LinkedBlockingDeque.take(LinkedBlockingDeque.java:680)
        at java.util.concurrent.ThreadPoolExecutor.getTask(ThreadPoolExecutor.java:1074)
        at java.util.concurrent.ThreadPoolExecutor.runWorker(ThreadPoolExecutor.java:1134)
        at java.util.concurrent.ThreadPoolExecutor$Worker.run(ThreadPoolExecutor.java:624)
        at java.lang.Thread.run(Thread.java:750)
"Socket Reader #1 for port 0"  prio=5 tid=29 runnable
java.lang.Thread.State: RUNNABLE
        at sun.nio.ch.EPollArrayWrapper.epollWait(Native Method)
        at sun.nio.ch.EPollArrayWrapper.poll(EPollArrayWrapper.java:269)
        at sun.nio.ch.EPollSelectorImpl.doSelect(EPollSelectorImpl.java:93)
        at sun.nio.ch.SelectorImpl.lockAndDoSelect(SelectorImpl.java:86)
        at sun.nio.ch.SelectorImpl.select(SelectorImpl.java:97)
        at sun.nio.ch.SelectorImpl.select(SelectorImpl.java:101)
        at org.apache.hadoop.ipc.Server$Listener$Reader.doRunLoop(Server.java:1342)
        at org.apache.hadoop.ipc.Server$Listener$Reader.run(Server.java:1321)
"qtp527477577-249-acceptor-0@1b4b403b-ServerConnector@1106b71{HTTP/1.1, (http/1.1)}{0.0.0.0:34495}" daemon prio=3 tid=249 runnable
java.lang.Thread.State: RUNNABLE
        at sun.nio.ch.ServerSocketChannelImpl.accept0(Native Method)
        at sun.nio.ch.ServerSocketChannelImpl.accept(ServerSocketChannelImpl.java:421)
        at sun.nio.ch.ServerSocketChannelImpl.accept(ServerSocketChannelImpl.java:249)
        at org.eclipse.jetty.server.ServerConnector.accept(ServerConnector.java:388)
        at org.eclipse.jetty.server.AbstractConnector$Acceptor.run(AbstractConnector.java:704)
        at org.eclipse.jetty.util.thread.QueuedThreadPool.runJob(QueuedThreadPool.java:883)
        at org.eclipse.jetty.util.thread.QueuedThreadPool$Runner.run(QueuedThreadPool.java:1034)
        at java.lang.Thread.run(Thread.java:750)
"IPC Server handler 0 on default port 45463" daemon prio=5 tid=161 timed_waiting
java.lang.Thread.State: TIMED_WAITING
        at sun.misc.Unsafe.park(Native Method)
        at java.util.concurrent.locks.LockSupport.parkNanos(LockSupport.java:215)
        at java.util.concurrent.locks.AbstractQueuedSynchronizer$ConditionObject.awaitNanos(AbstractQueuedSynchronizer.java:2078)
        at java.util.concurrent.LinkedBlockingQueue.poll(LinkedBlockingQueue.java:467)
        at org.apache.hadoop.ipc.CallQueueManager.take(CallQueueManager.java:317)
        at org.apache.hadoop.ipc.Server$Handler.run(Server.java:2992)
"qtp1241568657-118" daemon prio=5 tid=118 timed_waiting
java.lang.Thread.State: TIMED_WAITING
        at sun.misc.Unsafe.park(Native Method)
        at java.util.concurrent.locks.LockSupport.parkNanos(LockSupport.java:215)
        at java.util.concurrent.locks.AbstractQueuedSynchronizer$ConditionObject.awaitNanos(AbstractQueuedSynchronizer.java:2078)
        at org.eclipse.jetty.util.BlockingArrayQueue.poll(BlockingArrayQueue.java:382)
        at org.eclipse.jetty.util.thread.QueuedThreadPool$Runner.idleJobPoll(QueuedThreadPool.java:974)
        at org.eclipse.jetty.util.thread.QueuedThreadPool$Runner.run(QueuedThreadPool.java:1018)
        at java.lang.Thread.run(Thread.java:750)
"Datanode ReportManager Thread - 2" daemon prio=5 tid=206 in Object.wait()
java.lang.Thread.State: WAITING (on object monitor)
        at sun.misc.Unsafe.park(Native Method)
        at java.util.concurrent.locks.LockSupport.park(LockSupport.java:175)
        at java.util.concurrent.locks.AbstractQueuedSynchronizer$ConditionObject.await(AbstractQueuedSynchronizer.java:2039)
        at java.util.concurrent.ScheduledThreadPoolExecutor$DelayedWorkQueue.take(ScheduledThreadPoolExecutor.java:1088)
        at java.util.concurrent.ScheduledThreadPoolExecutor$DelayedWorkQueue.take(ScheduledThreadPoolExecutor.java:809)
        at java.util.concurrent.ThreadPoolExecutor.getTask(ThreadPoolExecutor.java:1074)
        at java.util.concurrent.ThreadPoolExecutor.runWorker(ThreadPoolExecutor.java:1134)
        at java.util.concurrent.ThreadPoolExecutor$Worker.run(ThreadPoolExecutor.java:624)
        at java.lang.Thread.run(Thread.java:750)
"prometheus" daemon prio=5 tid=122 in Object.wait()
java.lang.Thread.State: WAITING (on object monitor)
        at java.lang.Object.wait(Native Method)
        at java.lang.Object.wait(Object.java:502)
        at org.apache.hadoop.metrics2.impl.SinkQueue.waitForData(SinkQueue.java:114)
        at org.apache.hadoop.metrics2.impl.SinkQueue.consumeAll(SinkQueue.java:83)
        at org.apache.hadoop.metrics2.impl.MetricsSinkAdapter.publishMetricsFromQueue(MetricsSinkAdapter.java:135)
        at org.apache.hadoop.metrics2.impl.MetricsSinkAdapter$1.run(MetricsSinkAdapter.java:89)
"IPC Server handler 1 on default port 37905" daemon prio=5 tid=90 timed_waiting
java.lang.Thread.State: TIMED_WAITING
        at sun.misc.Unsafe.park(Native Method)
        at java.util.concurrent.locks.LockSupport.parkNanos(LockSupport.java:215)
        at java.util.concurrent.locks.AbstractQueuedSynchronizer$ConditionObject.awaitNanos(AbstractQueuedSynchronizer.java:2078)
        at java.util.concurrent.LinkedBlockingQueue.poll(LinkedBlockingQueue.java:467)
        at org.apache.hadoop.ipc.CallQueueManager.take(CallQueueManager.java:317)
        at org.apache.hadoop.ipc.Server$Handler.run(Server.java:2992)
"qtp1652609556-225" daemon prio=5 tid=225 timed_waiting
java.lang.Thread.State: TIMED_WAITING
        at sun.misc.Unsafe.park(Native Method)
        at java.util.concurrent.locks.LockSupport.parkNanos(LockSupport.java:215)
        at java.util.concurrent.locks.AbstractQueuedSynchronizer$ConditionObject.awaitNanos(AbstractQueuedSynchronizer.java:2078)
        at org.eclipse.jetty.util.BlockingArrayQueue.poll(BlockingArrayQueue.java:382)
        at org.eclipse.jetty.util.thread.QueuedThreadPool$Runner.idleJobPoll(QueuedThreadPool.java:974)
        at org.eclipse.jetty.util.thread.QueuedThreadPool$Runner.run(QueuedThreadPool.java:1018)
        at java.lang.Thread.run(Thread.java:750)
"IPC Server handler 14 on default port 36647" daemon prio=5 tid=63 timed_waiting
java.lang.Thread.State: TIMED_WAITING
        at sun.misc.Unsafe.park(Native Method)
        at java.util.concurrent.locks.LockSupport.parkNanos(LockSupport.java:215)
        at java.util.concurrent.locks.AbstractQueuedSynchronizer$ConditionObject.awaitNanos(AbstractQueuedSynchronizer.java:2078)
        at java.util.concurrent.LinkedBlockingQueue.poll(LinkedBlockingQueue.java:467)
        at org.apache.hadoop.ipc.CallQueueManager.take(CallQueueManager.java:317)
        at org.apache.hadoop.ipc.Server$Handler.run(Server.java:2992)
"ContainerOp-cd8abe94-f173-4052-9509-b5bff1395f48-6"  prio=5 tid=465 in Object.wait()
java.lang.Thread.State: WAITING (on object monitor)
        at sun.misc.Unsafe.park(Native Method)
        at java.util.concurrent.locks.LockSupport.park(LockSupport.java:175)
        at java.util.concurrent.locks.AbstractQueuedSynchronizer$ConditionObject.await(AbstractQueuedSynchronizer.java:2039)
        at java.util.concurrent.LinkedBlockingQueue.take(LinkedBlockingQueue.java:442)
        at java.util.concurrent.ThreadPoolExecutor.getTask(ThreadPoolExecutor.java:1074)
        at java.util.concurrent.ThreadPoolExecutor.runWorker(ThreadPoolExecutor.java:1134)
        at java.util.concurrent.ThreadPoolExecutor$Worker.run(ThreadPoolExecutor.java:624)
        at java.lang.Thread.run(Thread.java:750)
"ChunkWriter-3-0" daemon prio=5 tid=279 in Object.wait()
java.lang.Thread.State: WAITING (on object monitor)
        at sun.misc.Unsafe.park(Native Method)
        at java.util.concurrent.locks.LockSupport.park(LockSupport.java:175)
        at java.util.concurrent.locks.AbstractQueuedSynchronizer$ConditionObject.await(AbstractQueuedSynchronizer.java:2039)
        at java.util.concurrent.LinkedBlockingDeque.takeFirst(LinkedBlockingDeque.java:492)
        at java.util.concurrent.LinkedBlockingDeque.take(LinkedBlockingDeque.java:680)
        at java.util.concurrent.ThreadPoolExecutor.getTask(ThreadPoolExecutor.java:1074)
        at java.util.concurrent.ThreadPoolExecutor.runWorker(ThreadPoolExecutor.java:1134)
        at java.util.concurrent.ThreadPoolExecutor$Worker.run(ThreadPoolExecutor.java:624)
        at java.lang.Thread.run(Thread.java:750)
"IPC Server handler 13 on default port 37905" daemon prio=5 tid=102 timed_waiting
java.lang.Thread.State: TIMED_WAITING
        at sun.misc.Unsafe.park(Native Method)
        at java.util.concurrent.locks.LockSupport.parkNanos(LockSupport.java:215)
        at java.util.concurrent.locks.AbstractQueuedSynchronizer$ConditionObject.awaitNanos(AbstractQueuedSynchronizer.java:2078)
        at java.util.concurrent.LinkedBlockingQueue.poll(LinkedBlockingQueue.java:467)
        at org.apache.hadoop.ipc.CallQueueManager.take(CallQueueManager.java:317)
        at org.apache.hadoop.ipc.Server$Handler.run(Server.java:2992)
"ContainerOp-cd8abe94-f173-4052-9509-b5bff1395f48-0"  prio=5 tid=429 in Object.wait()
java.lang.Thread.State: WAITING (on object monitor)
        at sun.misc.Unsafe.park(Native Method)
        at java.util.concurrent.locks.LockSupport.park(LockSupport.java:175)
        at java.util.concurrent.locks.AbstractQueuedSynchronizer$ConditionObject.await(AbstractQueuedSynchronizer.java:2039)
        at java.util.concurrent.LinkedBlockingQueue.take(LinkedBlockingQueue.java:442)
        at java.util.concurrent.ThreadPoolExecutor.getTask(ThreadPoolExecutor.java:1074)
        at java.util.concurrent.ThreadPoolExecutor.runWorker(ThreadPoolExecutor.java:1134)
        at java.util.concurrent.ThreadPoolExecutor$Worker.run(ThreadPoolExecutor.java:624)
        at java.lang.Thread.run(Thread.java:750)
"org.apache.hadoop.util.JvmPauseMonitor$Monitor@56f599b3" daemon prio=5 tid=210 timed_waiting
java.lang.Thread.State: TIMED_WAITING
        at java.lang.Thread.sleep(Native Method)
        at org.apache.hadoop.util.JvmPauseMonitor$Monitor.run(JvmPauseMonitor.java:192)
        at java.lang.Thread.run(Thread.java:750)
"IPC Server handler 6 on default port 36647" daemon prio=5 tid=55 timed_waiting
java.lang.Thread.State: TIMED_WAITING
        at sun.misc.Unsafe.park(Native Method)
        at java.util.concurrent.locks.LockSupport.parkNanos(LockSupport.java:215)
        at java.util.concurrent.locks.AbstractQueuedSynchronizer$ConditionObject.awaitNanos(AbstractQueuedSynchronizer.java:2078)
        at java.util.concurrent.LinkedBlockingQueue.poll(LinkedBlockingQueue.java:467)
        at org.apache.hadoop.ipc.CallQueueManager.take(CallQueueManager.java:317)
        at org.apache.hadoop.ipc.Server$Handler.run(Server.java:2992)
"timer4" daemon prio=5 tid=385 timed_waiting
java.lang.Thread.State: TIMED_WAITING
        at java.lang.Object.wait(Native Method)
        at java.util.TimerThread.mainLoop(Timer.java:552)
        at java.util.TimerThread.run(Timer.java:505)
"Datanode ReportManager Thread - 4" daemon prio=5 tid=235 timed_waiting
java.lang.Thread.State: TIMED_WAITING
        at sun.misc.Unsafe.park(Native Method)
        at java.util.concurrent.locks.LockSupport.parkNanos(LockSupport.java:215)
        at java.util.concurrent.locks.AbstractQueuedSynchronizer$ConditionObject.awaitNanos(AbstractQueuedSynchronizer.java:2078)
        at java.util.concurrent.ScheduledThreadPoolExecutor$DelayedWorkQueue.take(ScheduledThreadPoolExecutor.java:1093)
        at java.util.concurrent.ScheduledThreadPoolExecutor$DelayedWorkQueue.take(ScheduledThreadPoolExecutor.java:809)
        at java.util.concurrent.ThreadPoolExecutor.getTask(ThreadPoolExecutor.java:1074)
        at java.util.concurrent.ThreadPoolExecutor.runWorker(ThreadPoolExecutor.java:1134)
        at java.util.concurrent.ThreadPoolExecutor$Worker.run(ThreadPoolExecutor.java:624)
        at java.lang.Thread.run(Thread.java:750)
"PartialTableCache Cleanup Thread - 0" daemon prio=5 tid=607 in Object.wait()
java.lang.Thread.State: WAITING (on object monitor)
        at sun.misc.Unsafe.park(Native Method)
        at java.util.concurrent.locks.LockSupport.park(LockSupport.java:175)
        at java.util.concurrent.locks.AbstractQueuedSynchronizer$ConditionObject.await(AbstractQueuedSynchronizer.java:2039)
        at java.util.concurrent.LinkedBlockingQueue.take(LinkedBlockingQueue.java:442)
        at java.util.concurrent.ThreadPoolExecutor.getTask(ThreadPoolExecutor.java:1074)
        at java.util.concurrent.ThreadPoolExecutor.runWorker(ThreadPoolExecutor.java:1134)
        at java.util.concurrent.ThreadPoolExecutor$Worker.run(ThreadPoolExecutor.java:624)
        at java.lang.Thread.run(Thread.java:750)
"Datanode State Machine Daemon Thread" daemon prio=5 tid=257 timed_waiting
java.lang.Thread.State: TIMED_WAITING
        at java.lang.Thread.sleep(Native Method)
        at org.apache.hadoop.ozone.container.common.statemachine.DatanodeStateMachine.startStateMachineThread(DatanodeStateMachine.java:336)
        at org.apache.hadoop.ozone.container.common.statemachine.DatanodeStateMachine.lambda$startDaemon$0(DatanodeStateMachine.java:518)
        at org.apache.hadoop.ozone.container.common.statemachine.DatanodeStateMachine$$Lambda$868/49292481.run(Unknown Source)
        at java.lang.Thread.run(Thread.java:750)
"ChunkWriter-0-0" daemon prio=5 tid=300 in Object.wait()
java.lang.Thread.State: WAITING (on object monitor)
        at sun.misc.Unsafe.park(Native Method)
        at java.util.concurrent.locks.LockSupport.park(LockSupport.java:175)
        at java.util.concurrent.locks.AbstractQueuedSynchronizer$ConditionObject.await(AbstractQueuedSynchronizer.java:2039)
        at java.util.concurrent.LinkedBlockingDeque.takeFirst(LinkedBlockingDeque.java:492)
        at java.util.concurrent.LinkedBlockingDeque.take(LinkedBlockingDeque.java:680)
        at java.util.concurrent.ThreadPoolExecutor.getTask(ThreadPoolExecutor.java:1074)
        at java.util.concurrent.ThreadPoolExecutor.runWorker(ThreadPoolExecutor.java:1134)
        at java.util.concurrent.ThreadPoolExecutor$Worker.run(ThreadPoolExecutor.java:624)
        at java.lang.Thread.run(Thread.java:750)
"Session-HouseKeeper-594d6d25-1"  prio=5 tid=160 timed_waiting
java.lang.Thread.State: TIMED_WAITING
        at sun.misc.Unsafe.park(Native Method)
        at java.util.concurrent.locks.LockSupport.parkNanos(LockSupport.java:215)
        at java.util.concurrent.locks.AbstractQueuedSynchronizer$ConditionObject.awaitNanos(AbstractQueuedSynchronizer.java:2078)
        at java.util.concurrent.ScheduledThreadPoolExecutor$DelayedWorkQueue.take(ScheduledThreadPoolExecutor.java:1093)
        at java.util.concurrent.ScheduledThreadPoolExecutor$DelayedWorkQueue.take(ScheduledThreadPoolExecutor.java:809)
        at java.util.concurrent.ThreadPoolExecutor.getTask(ThreadPoolExecutor.java:1074)
        at java.util.concurrent.ThreadPoolExecutor.runWorker(ThreadPoolExecutor.java:1134)
        at java.util.concurrent.ThreadPoolExecutor$Worker.run(ThreadPoolExecutor.java:624)
        at java.lang.Thread.run(Thread.java:750)
"IPC Server handler 10 on default port 37905" daemon prio=5 tid=99 timed_waiting
java.lang.Thread.State: TIMED_WAITING
        at sun.misc.Unsafe.park(Native Method)
        at java.util.concurrent.locks.LockSupport.parkNanos(LockSupport.java:215)
        at java.util.concurrent.locks.AbstractQueuedSynchronizer$ConditionObject.awaitNanos(AbstractQueuedSynchronizer.java:2078)
        at java.util.concurrent.LinkedBlockingQueue.poll(LinkedBlockingQueue.java:467)
        at org.apache.hadoop.ipc.CallQueueManager.take(CallQueueManager.java:317)
        at org.apache.hadoop.ipc.Server$Handler.run(Server.java:2992)
"StaleRecoveringContainerScrubbingService#3" daemon prio=5 tid=649 in Object.wait()
java.lang.Thread.State: WAITING (on object monitor)
        at sun.misc.Unsafe.park(Native Method)
        at java.util.concurrent.locks.LockSupport.park(LockSupport.java:175)
        at java.util.concurrent.locks.AbstractQueuedSynchronizer$ConditionObject.await(AbstractQueuedSynchronizer.java:2039)
        at java.util.concurrent.ScheduledThreadPoolExecutor$DelayedWorkQueue.take(ScheduledThreadPoolExecutor.java:1088)
        at java.util.concurrent.ScheduledThreadPoolExecutor$DelayedWorkQueue.take(ScheduledThreadPoolExecutor.java:809)
        at java.util.concurrent.ThreadPoolExecutor.getTask(ThreadPoolExecutor.java:1074)
        at java.util.concurrent.ThreadPoolExecutor.runWorker(ThreadPoolExecutor.java:1134)
        at java.util.concurrent.ThreadPoolExecutor$Worker.run(ThreadPoolExecutor.java:624)
        at java.lang.Thread.run(Thread.java:750)
"qtp527477577-251" daemon prio=5 tid=251 timed_waiting
java.lang.Thread.State: TIMED_WAITING
        at sun.misc.Unsafe.park(Native Method)
        at java.util.concurrent.locks.LockSupport.parkNanos(LockSupport.java:215)
        at java.util.concurrent.locks.AbstractQueuedSynchronizer$ConditionObject.awaitNanos(AbstractQueuedSynchronizer.java:2078)
        at org.eclipse.jetty.util.BlockingArrayQueue.poll(BlockingArrayQueue.java:382)
        at org.eclipse.jetty.util.thread.QueuedThreadPool$Runner.idleJobPoll(QueuedThreadPool.java:974)
        at org.eclipse.jetty.util.thread.QueuedThreadPool$Runner.run(QueuedThreadPool.java:1018)
        at java.lang.Thread.run(Thread.java:750)
"ContainerOp-cd8abe94-f173-4052-9509-b5bff1395f48-7"  prio=5 tid=468 in Object.wait()
java.lang.Thread.State: WAITING (on object monitor)
        at sun.misc.Unsafe.park(Native Method)
        at java.util.concurrent.locks.LockSupport.park(LockSupport.java:175)
        at java.util.concurrent.locks.AbstractQueuedSynchronizer$ConditionObject.await(AbstractQueuedSynchronizer.java:2039)
        at java.util.concurrent.LinkedBlockingQueue.take(LinkedBlockingQueue.java:442)
        at java.util.concurrent.ThreadPoolExecutor.getTask(ThreadPoolExecutor.java:1074)
        at java.util.concurrent.ThreadPoolExecutor.runWorker(ThreadPoolExecutor.java:1134)
        at java.util.concurrent.ThreadPoolExecutor$Worker.run(ThreadPoolExecutor.java:624)
        at java.lang.Thread.run(Thread.java:750)
"ContainerOp-cd8abe94-f173-4052-9509-b5bff1395f48-4"  prio=5 tid=451 in Object.wait()
java.lang.Thread.State: WAITING (on object monitor)
        at sun.misc.Unsafe.park(Native Method)
        at java.util.concurrent.locks.LockSupport.park(LockSupport.java:175)
        at java.util.concurrent.locks.AbstractQueuedSynchronizer$ConditionObject.await(AbstractQueuedSynchronizer.java:2039)
        at java.util.concurrent.LinkedBlockingQueue.take(LinkedBlockingQueue.java:442)
        at java.util.concurrent.ThreadPoolExecutor.getTask(ThreadPoolExecutor.java:1074)
        at java.util.concurrent.ThreadPoolExecutor.runWorker(ThreadPoolExecutor.java:1134)
        at java.util.concurrent.ThreadPoolExecutor$Worker.run(ThreadPoolExecutor.java:624)
        at java.lang.Thread.run(Thread.java:750)
"IPC Server handler 5 on default port 36647" daemon prio=5 tid=54 timed_waiting
java.lang.Thread.State: TIMED_WAITING
        at sun.misc.Unsafe.park(Native Method)
        at java.util.concurrent.locks.LockSupport.parkNanos(LockSupport.java:215)
        at java.util.concurrent.locks.AbstractQueuedSynchronizer$ConditionObject.awaitNanos(AbstractQueuedSynchronizer.java:2078)
        at java.util.concurrent.LinkedBlockingQueue.poll(LinkedBlockingQueue.java:467)
        at org.apache.hadoop.ipc.CallQueueManager.take(CallQueueManager.java:317)
        at org.apache.hadoop.ipc.Server$Handler.run(Server.java:2992)
"qtp527477577-248" daemon prio=5 tid=248 runnable
java.lang.Thread.State: RUNNABLE
        at sun.nio.ch.EPollArrayWrapper.epollWait(Native Method)
        at sun.nio.ch.EPollArrayWrapper.poll(EPollArrayWrapper.java:269)
        at sun.nio.ch.EPollSelectorImpl.doSelect(EPollSelectorImpl.java:93)
        at sun.nio.ch.SelectorImpl.lockAndDoSelect(SelectorImpl.java:86)
        at sun.nio.ch.SelectorImpl.select(SelectorImpl.java:97)
        at sun.nio.ch.SelectorImpl.select(SelectorImpl.java:101)
        at org.eclipse.jetty.io.ManagedSelector.nioSelect(ManagedSelector.java:183)
        at org.eclipse.jetty.io.ManagedSelector.select(ManagedSelector.java:190)
        at org.eclipse.jetty.io.ManagedSelector$SelectorProducer.select(ManagedSelector.java:606)
        at org.eclipse.jetty.io.ManagedSelector$SelectorProducer.produce(ManagedSelector.java:543)
        at org.eclipse.jetty.util.thread.strategy.EatWhatYouKill.produceTask(EatWhatYouKill.java:362)
        at org.eclipse.jetty.util.thread.strategy.EatWhatYouKill.doProduce(EatWhatYouKill.java:186)
        at org.eclipse.jetty.util.thread.strategy.EatWhatYouKill.tryProduce(EatWhatYouKill.java:173)
        at org.eclipse.jetty.util.thread.strategy.EatWhatYouKill.produce(EatWhatYouKill.java:137)
        at org.eclipse.jetty.io.ManagedSelector$$Lambda$448/2058190325.run(Unknown Source)
        at org.eclipse.jetty.util.thread.QueuedThreadPool.runJob(QueuedThreadPool.java:883)
        at org.eclipse.jetty.util.thread.QueuedThreadPool$Runner.run(QueuedThreadPool.java:1034)
        at java.lang.Thread.run(Thread.java:750)
"BlockDeletingService#0" daemon prio=5 tid=282 timed_waiting
java.lang.Thread.State: TIMED_WAITING
        at sun.misc.Unsafe.park(Native Method)
        at java.util.concurrent.locks.LockSupport.parkNanos(LockSupport.java:215)
        at java.util.concurrent.locks.AbstractQueuedSynchronizer$ConditionObject.awaitNanos(AbstractQueuedSynchronizer.java:2078)
        at java.util.concurrent.ScheduledThreadPoolExecutor$DelayedWorkQueue.take(ScheduledThreadPoolExecutor.java:1093)
        at java.util.concurrent.ScheduledThreadPoolExecutor$DelayedWorkQueue.take(ScheduledThreadPoolExecutor.java:809)
        at java.util.concurrent.ThreadPoolExecutor.getTask(ThreadPoolExecutor.java:1074)
        at java.util.concurrent.ThreadPoolExecutor.runWorker(ThreadPoolExecutor.java:1134)
        at java.util.concurrent.ThreadPoolExecutor$Worker.run(ThreadPoolExecutor.java:624)
        at java.lang.Thread.run(Thread.java:750)
"timer7" daemon prio=5 tid=404 timed_waiting
java.lang.Thread.State: TIMED_WAITING
        at java.lang.Object.wait(Native Method)
        at java.util.TimerThread.mainLoop(Timer.java:552)
        at java.util.TimerThread.run(Timer.java:505)
"ContainerOp-cd8abe94-f173-4052-9509-b5bff1395f48-4"  prio=5 tid=453 in Object.wait()
java.lang.Thread.State: WAITING (on object monitor)
        at sun.misc.Unsafe.park(Native Method)
        at java.util.concurrent.locks.LockSupport.park(LockSupport.java:175)
        at java.util.concurrent.locks.AbstractQueuedSynchronizer$ConditionObject.await(AbstractQueuedSynchronizer.java:2039)
        at java.util.concurrent.LinkedBlockingQueue.take(LinkedBlockingQueue.java:442)
        at java.util.concurrent.ThreadPoolExecutor.getTask(ThreadPoolExecutor.java:1074)
        at java.util.concurrent.ThreadPoolExecutor.runWorker(ThreadPoolExecutor.java:1134)
        at java.util.concurrent.ThreadPoolExecutor$Worker.run(ThreadPoolExecutor.java:624)
        at java.lang.Thread.run(Thread.java:750)
"Periodic HDDS volume checker" daemon prio=5 tid=240 timed_waiting
java.lang.Thread.State: TIMED_WAITING
        at sun.misc.Unsafe.park(Native Method)
        at java.util.concurrent.locks.LockSupport.parkNanos(LockSupport.java:215)
        at java.util.concurrent.locks.AbstractQueuedSynchronizer$ConditionObject.awaitNanos(AbstractQueuedSynchronizer.java:2078)
        at java.util.concurrent.ScheduledThreadPoolExecutor$DelayedWorkQueue.take(ScheduledThreadPoolExecutor.java:1093)
        at java.util.concurrent.ScheduledThreadPoolExecutor$DelayedWorkQueue.take(ScheduledThreadPoolExecutor.java:809)
        at java.util.concurrent.ThreadPoolExecutor.getTask(ThreadPoolExecutor.java:1074)
        at java.util.concurrent.ThreadPoolExecutor.runWorker(ThreadPoolExecutor.java:1134)
        at java.util.concurrent.ThreadPoolExecutor$Worker.run(ThreadPoolExecutor.java:624)
        at java.lang.Thread.run(Thread.java:750)
"IPC Server handler 1 on default port 36647" daemon prio=5 tid=50 timed_waiting
java.lang.Thread.State: TIMED_WAITING
        at sun.misc.Unsafe.park(Native Method)
        at java.util.concurrent.locks.LockSupport.parkNanos(LockSupport.java:215)
        at java.util.concurrent.locks.AbstractQueuedSynchronizer$ConditionObject.awaitNanos(AbstractQueuedSynchronizer.java:2078)
        at java.util.concurrent.LinkedBlockingQueue.poll(LinkedBlockingQueue.java:467)
        at org.apache.hadoop.ipc.CallQueueManager.take(CallQueueManager.java:317)
        at org.apache.hadoop.ipc.Server$Handler.run(Server.java:2992)
"Session-HouseKeeper-193d691-1"  prio=5 tid=229 timed_waiting
java.lang.Thread.State: TIMED_WAITING
        at sun.misc.Unsafe.park(Native Method)
        at java.util.concurrent.locks.LockSupport.parkNanos(LockSupport.java:215)
        at java.util.concurrent.locks.AbstractQueuedSynchronizer$ConditionObject.awaitNanos(AbstractQueuedSynchronizer.java:2078)
        at java.util.concurrent.ScheduledThreadPoolExecutor$DelayedWorkQueue.take(ScheduledThreadPoolExecutor.java:1093)
        at java.util.concurrent.ScheduledThreadPoolExecutor$DelayedWorkQueue.take(ScheduledThreadPoolExecutor.java:809)
        at java.util.concurrent.ThreadPoolExecutor.getTask(ThreadPoolExecutor.java:1074)
        at java.util.concurrent.ThreadPoolExecutor.runWorker(ThreadPoolExecutor.java:1134)
        at java.util.concurrent.ThreadPoolExecutor$Worker.run(ThreadPoolExecutor.java:624)
        at java.lang.Thread.run(Thread.java:750)
"ContainerOp-fe8f8231-531f-40c6-a24e-b6dddc8024d4-2"  prio=5 tid=458 in Object.wait()
java.lang.Thread.State: WAITING (on object monitor)
        at sun.misc.Unsafe.park(Native Method)
        at java.util.concurrent.locks.LockSupport.park(LockSupport.java:175)
        at java.util.concurrent.locks.AbstractQueuedSynchronizer$ConditionObject.await(AbstractQueuedSynchronizer.java:2039)
        at java.util.concurrent.LinkedBlockingQueue.take(LinkedBlockingQueue.java:442)
        at java.util.concurrent.ThreadPoolExecutor.getTask(ThreadPoolExecutor.java:1074)
        at java.util.concurrent.ThreadPoolExecutor.runWorker(ThreadPoolExecutor.java:1134)
        at java.util.concurrent.ThreadPoolExecutor$Worker.run(ThreadPoolExecutor.java:624)
        at java.lang.Thread.run(Thread.java:750)
"FixedThreadPoolWithAffinityExecutor-5-0" daemon prio=5 tid=43 timed_waiting
java.lang.Thread.State: TIMED_WAITING
        at sun.misc.Unsafe.park(Native Method)
        at java.util.concurrent.locks.LockSupport.parkNanos(LockSupport.java:215)
        at java.util.concurrent.locks.AbstractQueuedSynchronizer$ConditionObject.awaitNanos(AbstractQueuedSynchronizer.java:2078)
        at java.util.concurrent.LinkedBlockingQueue.poll(LinkedBlockingQueue.java:467)
        at org.apache.hadoop.hdds.scm.server.ContainerReportQueue.poll(ContainerReportQueue.java:266)
        at org.apache.hadoop.hdds.scm.server.ContainerReportQueue.poll(ContainerReportQueue.java:42)
        at org.apache.hadoop.hdds.server.events.FixedThreadPoolWithAffinityExecutor$ContainerReportProcessTask.run(FixedThreadPoolWithAffinityExecutor.java:247)
        at java.util.concurrent.Executors$RunnableAdapter.call(Executors.java:511)
        at java.util.concurrent.FutureTask.run(FutureTask.java:266)
        at java.util.concurrent.ThreadPoolExecutor.runWorker(ThreadPoolExecutor.java:1149)
        at java.util.concurrent.ThreadPoolExecutor$Worker.run(ThreadPoolExecutor.java:624)
        at java.lang.Thread.run(Thread.java:750)
"IPC Server handler 0 on default port 37905" daemon prio=5 tid=89 timed_waiting
java.lang.Thread.State: TIMED_WAITING
        at sun.misc.Unsafe.park(Native Method)
        at java.util.concurrent.locks.LockSupport.parkNanos(LockSupport.java:215)
        at java.util.concurrent.locks.AbstractQueuedSynchronizer$ConditionObject.awaitNanos(AbstractQueuedSynchronizer.java:2078)
        at java.util.concurrent.LinkedBlockingQueue.poll(LinkedBlockingQueue.java:467)
        at org.apache.hadoop.ipc.CallQueueManager.take(CallQueueManager.java:317)
        at org.apache.hadoop.ipc.Server$Handler.run(Server.java:2992)
"IPC Server handler 11 on default port 36703" daemon prio=5 tid=80 timed_waiting
java.lang.Thread.State: TIMED_WAITING
        at sun.misc.Unsafe.park(Native Method)
        at java.util.concurrent.locks.LockSupport.parkNanos(LockSupport.java:215)
        at java.util.concurrent.locks.AbstractQueuedSynchronizer$ConditionObject.awaitNanos(AbstractQueuedSynchronizer.java:2078)
        at java.util.concurrent.LinkedBlockingQueue.poll(LinkedBlockingQueue.java:467)
        at org.apache.hadoop.ipc.CallQueueManager.take(CallQueueManager.java:317)
        at org.apache.hadoop.ipc.Server$Handler.run(Server.java:2992)
"IPC Server handler 6 on default port 36703" daemon prio=5 tid=75 timed_waiting
java.lang.Thread.State: TIMED_WAITING
        at sun.misc.Unsafe.park(Native Method)
        at java.util.concurrent.locks.LockSupport.parkNanos(LockSupport.java:215)
        at java.util.concurrent.locks.AbstractQueuedSynchronizer$ConditionObject.awaitNanos(AbstractQueuedSynchronizer.java:2078)
        at java.util.concurrent.LinkedBlockingQueue.poll(LinkedBlockingQueue.java:467)
        at org.apache.hadoop.ipc.CallQueueManager.take(CallQueueManager.java:317)
        at org.apache.hadoop.ipc.Server$Handler.run(Server.java:2992)
"ContainerOp-cd8abe94-f173-4052-9509-b5bff1395f48-5"  prio=5 tid=456 in Object.wait()
java.lang.Thread.State: WAITING (on object monitor)
        at sun.misc.Unsafe.park(Native Method)
        at java.util.concurrent.locks.LockSupport.park(LockSupport.java:175)
        at java.util.concurrent.locks.AbstractQueuedSynchronizer$ConditionObject.await(AbstractQueuedSynchronizer.java:2039)
        at java.util.concurrent.LinkedBlockingQueue.take(LinkedBlockingQueue.java:442)
        at java.util.concurrent.ThreadPoolExecutor.getTask(ThreadPoolExecutor.java:1074)
        at java.util.concurrent.ThreadPoolExecutor.runWorker(ThreadPoolExecutor.java:1134)
        at java.util.concurrent.ThreadPoolExecutor$Worker.run(ThreadPoolExecutor.java:624)
        at java.lang.Thread.run(Thread.java:750)
"BlockDeletingService#3" daemon prio=5 tid=653 in Object.wait()
java.lang.Thread.State: WAITING (on object monitor)
        at sun.misc.Unsafe.park(Native Method)
        at java.util.concurrent.locks.LockSupport.park(LockSupport.java:175)
        at java.util.concurrent.locks.AbstractQueuedSynchronizer$ConditionObject.await(AbstractQueuedSynchronizer.java:2039)
        at java.util.concurrent.ScheduledThreadPoolExecutor$DelayedWorkQueue.take(ScheduledThreadPoolExecutor.java:1088)
        at java.util.concurrent.ScheduledThreadPoolExecutor$DelayedWorkQueue.take(ScheduledThreadPoolExecutor.java:809)
        at java.util.concurrent.ThreadPoolExecutor.getTask(ThreadPoolExecutor.java:1074)
        at java.util.concurrent.ThreadPoolExecutor.runWorker(ThreadPoolExecutor.java:1134)
        at java.util.concurrent.ThreadPoolExecutor$Worker.run(ThreadPoolExecutor.java:624)
        at java.lang.Thread.run(Thread.java:750)
"ContainerOp-cd8abe94-f173-4052-9509-b5bff1395f48-2"  prio=5 tid=435 in Object.wait()
java.lang.Thread.State: WAITING (on object monitor)
        at sun.misc.Unsafe.park(Native Method)
        at java.util.concurrent.locks.LockSupport.park(LockSupport.java:175)
        at java.util.concurrent.locks.AbstractQueuedSynchronizer$ConditionObject.await(AbstractQueuedSynchronizer.java:2039)
        at java.util.concurrent.LinkedBlockingQueue.take(LinkedBlockingQueue.java:442)
        at java.util.concurrent.ThreadPoolExecutor.getTask(ThreadPoolExecutor.java:1074)
        at java.util.concurrent.ThreadPoolExecutor.runWorker(ThreadPoolExecutor.java:1134)
        at java.util.concurrent.ThreadPoolExecutor$Worker.run(ThreadPoolExecutor.java:624)
        at java.lang.Thread.run(Thread.java:750)
"ChunkReader-ELG-0" daemon prio=5 tid=281 runnable
java.lang.Thread.State: RUNNABLE
        at org.apache.ratis.thirdparty.io.netty.channel.epoll.Native.epollWait(Native Method)
        at org.apache.ratis.thirdparty.io.netty.channel.epoll.Native.epollWait(Native.java:209)
        at org.apache.ratis.thirdparty.io.netty.channel.epoll.Native.epollWait(Native.java:202)
        at org.apache.ratis.thirdparty.io.netty.channel.epoll.EpollEventLoop.epollWaitNoTimerChange(EpollEventLoop.java:294)
        at org.apache.ratis.thirdparty.io.netty.channel.epoll.EpollEventLoop.run(EpollEventLoop.java:351)
        at org.apache.ratis.thirdparty.io.netty.util.concurrent.SingleThreadEventExecutor$4.run(SingleThreadEventExecutor.java:995)
        at org.apache.ratis.thirdparty.io.netty.util.internal.ThreadExecutorMap$2.run(ThreadExecutorMap.java:74)
        at java.lang.Thread.run(Thread.java:750)
"timer1" daemon prio=5 tid=380 timed_waiting
java.lang.Thread.State: TIMED_WAITING
        at java.lang.Object.wait(Native Method)
        at java.util.TimerThread.mainLoop(Timer.java:552)
        at java.util.TimerThread.run(Timer.java:505)
"IPC Server handler 14 on default port 45463" daemon prio=5 tid=175 timed_waiting
java.lang.Thread.State: TIMED_WAITING
        at sun.misc.Unsafe.park(Native Method)
        at java.util.concurrent.locks.LockSupport.parkNanos(LockSupport.java:215)
        at java.util.concurrent.locks.AbstractQueuedSynchronizer$ConditionObject.awaitNanos(AbstractQueuedSynchronizer.java:2078)
        at java.util.concurrent.LinkedBlockingQueue.poll(LinkedBlockingQueue.java:467)
        at org.apache.hadoop.ipc.CallQueueManager.take(CallQueueManager.java:317)
        at org.apache.hadoop.ipc.Server$Handler.run(Server.java:2992)
"Socket Reader #1 for port 0"  prio=5 tid=135 runnable
java.lang.Thread.State: RUNNABLE
        at sun.nio.ch.EPollArrayWrapper.epollWait(Native Method)
        at sun.nio.ch.EPollArrayWrapper.poll(EPollArrayWrapper.java:269)
        at sun.nio.ch.EPollSelectorImpl.doSelect(EPollSelectorImpl.java:93)
        at sun.nio.ch.SelectorImpl.lockAndDoSelect(SelectorImpl.java:86)
        at sun.nio.ch.SelectorImpl.select(SelectorImpl.java:97)
        at sun.nio.ch.SelectorImpl.select(SelectorImpl.java:101)
        at org.apache.hadoop.ipc.Server$Listener$Reader.doRunLoop(Server.java:1342)
        at org.apache.hadoop.ipc.Server$Listener$Reader.run(Server.java:1321)
"b1c57afc-121c-455c-bc43-4ffbee8e4677@group-BC2F1AEE5201-LeaderStateImpl" daemon prio=5 tid=363 timed_waiting
java.lang.Thread.State: TIMED_WAITING
        at sun.misc.Unsafe.park(Native Method)
        at java.util.concurrent.locks.LockSupport.parkNanos(LockSupport.java:215)
        at java.util.concurrent.locks.AbstractQueuedSynchronizer$ConditionObject.awaitNanos(AbstractQueuedSynchronizer.java:2078)
        at java.util.concurrent.ArrayBlockingQueue.poll(ArrayBlockingQueue.java:418)
        at org.apache.ratis.server.impl.LeaderStateImpl$EventQueue.poll(LeaderStateImpl.java:159)
        at org.apache.ratis.server.impl.LeaderStateImpl$EventProcessor.run(LeaderStateImpl.java:630)
"qtp527477577-255" daemon prio=5 tid=255 timed_waiting
java.lang.Thread.State: TIMED_WAITING
        at sun.misc.Unsafe.park(Native Method)
        at java.util.concurrent.locks.LockSupport.parkNanos(LockSupport.java:215)
        at java.util.concurrent.locks.AbstractQueuedSynchronizer$ConditionObject.awaitNanos(AbstractQueuedSynchronizer.java:2078)
        at org.eclipse.jetty.util.BlockingArrayQueue.poll(BlockingArrayQueue.java:382)
        at org.eclipse.jetty.util.thread.QueuedThreadPool$Runner.idleJobPoll(QueuedThreadPool.java:974)
        at org.eclipse.jetty.util.thread.QueuedThreadPool$Runner.run(QueuedThreadPool.java:1018)
        at java.lang.Thread.run(Thread.java:750)
"IPC Server handler 18 on default port 45463" daemon prio=5 tid=179 timed_waiting
java.lang.Thread.State: TIMED_WAITING
        at sun.misc.Unsafe.park(Native Method)
        at java.util.concurrent.locks.LockSupport.parkNanos(LockSupport.java:215)
        at java.util.concurrent.locks.AbstractQueuedSynchronizer$ConditionObject.awaitNanos(AbstractQueuedSynchronizer.java:2078)
        at java.util.concurrent.LinkedBlockingQueue.poll(LinkedBlockingQueue.java:467)
        at org.apache.hadoop.ipc.CallQueueManager.take(CallQueueManager.java:317)
        at org.apache.hadoop.ipc.Server$Handler.run(Server.java:2992)
"grpc-default-worker-ELG-3-1" daemon prio=5 tid=326 runnable
java.lang.Thread.State: RUNNABLE
        at org.apache.ratis.thirdparty.io.netty.channel.epoll.Native.epollWait0(Native Method)
        at org.apache.ratis.thirdparty.io.netty.channel.epoll.Native.epollWait(Native.java:182)
        at org.apache.ratis.thirdparty.io.netty.channel.epoll.EpollEventLoop.epollWait(EpollEventLoop.java:290)
        at org.apache.ratis.thirdparty.io.netty.channel.epoll.EpollEventLoop.run(EpollEventLoop.java:354)
        at org.apache.ratis.thirdparty.io.netty.util.concurrent.SingleThreadEventExecutor$4.run(SingleThreadEventExecutor.java:995)
        at org.apache.ratis.thirdparty.io.netty.util.internal.ThreadExecutorMap$2.run(ThreadExecutorMap.java:74)
        at org.apache.ratis.thirdparty.io.netty.util.concurrent.FastThreadLocalRunnable.run(FastThreadLocalRunnable.java:30)
        at java.lang.Thread.run(Thread.java:750)
"qtp1241568657-114-acceptor-0@34f384c3-ServerConnector@22e650e{HTTP/1.1, (http/1.1)}{0.0.0.0:36027}" daemon prio=3 tid=114 runnable
java.lang.Thread.State: RUNNABLE
        at sun.nio.ch.ServerSocketChannelImpl.accept0(Native Method)
        at sun.nio.ch.ServerSocketChannelImpl.accept(ServerSocketChannelImpl.java:421)
        at sun.nio.ch.ServerSocketChannelImpl.accept(ServerSocketChannelImpl.java:249)
        at org.eclipse.jetty.server.ServerConnector.accept(ServerConnector.java:388)
        at org.eclipse.jetty.server.AbstractConnector$Acceptor.run(AbstractConnector.java:704)
        at org.eclipse.jetty.util.thread.QueuedThreadPool.runJob(QueuedThreadPool.java:883)
        at org.eclipse.jetty.util.thread.QueuedThreadPool$Runner.run(QueuedThreadPool.java:1034)
        at java.lang.Thread.run(Thread.java:750)
"Datanode ReportManager Thread - 4" daemon prio=5 tid=208 timed_waiting
java.lang.Thread.State: TIMED_WAITING
        at sun.misc.Unsafe.park(Native Method)
        at java.util.concurrent.locks.LockSupport.parkNanos(LockSupport.java:215)
        at java.util.concurrent.locks.AbstractQueuedSynchronizer$ConditionObject.awaitNanos(AbstractQueuedSynchronizer.java:2078)
        at java.util.concurrent.ScheduledThreadPoolExecutor$DelayedWorkQueue.take(ScheduledThreadPoolExecutor.java:1093)
        at java.util.concurrent.ScheduledThreadPoolExecutor$DelayedWorkQueue.take(ScheduledThreadPoolExecutor.java:809)
        at java.util.concurrent.ThreadPoolExecutor.getTask(ThreadPoolExecutor.java:1074)
        at java.util.concurrent.ThreadPoolExecutor.runWorker(ThreadPoolExecutor.java:1134)
        at java.util.concurrent.ThreadPoolExecutor$Worker.run(ThreadPoolExecutor.java:624)
        at java.lang.Thread.run(Thread.java:750)
"IPC Server handler 9 on default port 45463" daemon prio=5 tid=170 timed_waiting
java.lang.Thread.State: TIMED_WAITING
        at sun.misc.Unsafe.park(Native Method)
        at java.util.concurrent.locks.LockSupport.parkNanos(LockSupport.java:215)
        at java.util.concurrent.locks.AbstractQueuedSynchronizer$ConditionObject.awaitNanos(AbstractQueuedSynchronizer.java:2078)
        at java.util.concurrent.LinkedBlockingQueue.poll(LinkedBlockingQueue.java:467)
        at org.apache.hadoop.ipc.CallQueueManager.take(CallQueueManager.java:317)
        at org.apache.hadoop.ipc.Server$Handler.run(Server.java:2992)
"b1c57afc-121c-455c-bc43-4ffbee8e4677-NettyServerStreamRpc-bossGroup--thread1"  prio=5 tid=188 runnable
java.lang.Thread.State: RUNNABLE
        at sun.nio.ch.EPollArrayWrapper.epollWait(Native Method)
        at sun.nio.ch.EPollArrayWrapper.poll(EPollArrayWrapper.java:269)
        at sun.nio.ch.EPollSelectorImpl.doSelect(EPollSelectorImpl.java:93)
        at sun.nio.ch.SelectorImpl.lockAndDoSelect(SelectorImpl.java:86)
        at sun.nio.ch.SelectorImpl.select(SelectorImpl.java:97)
        at sun.nio.ch.SelectorImpl.select(SelectorImpl.java:101)
        at org.apache.ratis.thirdparty.io.netty.channel.nio.SelectedSelectionKeySetSelector.select(SelectedSelectionKeySetSelector.java:68)
        at org.apache.ratis.thirdparty.io.netty.channel.nio.NioEventLoop.select(NioEventLoop.java:813)
        at org.apache.ratis.thirdparty.io.netty.channel.nio.NioEventLoop.run(NioEventLoop.java:460)
        at org.apache.ratis.thirdparty.io.netty.util.concurrent.SingleThreadEventExecutor$4.run(SingleThreadEventExecutor.java:995)
        at org.apache.ratis.thirdparty.io.netty.util.internal.ThreadExecutorMap$2.run(ThreadExecutorMap.java:74)
        at java.lang.Thread.run(Thread.java:750)
"IPC Server handler 0 on default port 36647" daemon prio=5 tid=49 timed_waiting
java.lang.Thread.State: TIMED_WAITING
        at sun.misc.Unsafe.park(Native Method)
        at java.util.concurrent.locks.LockSupport.parkNanos(LockSupport.java:215)
        at java.util.concurrent.locks.AbstractQueuedSynchronizer$ConditionObject.awaitNanos(AbstractQueuedSynchronizer.java:2078)
        at java.util.concurrent.LinkedBlockingQueue.poll(LinkedBlockingQueue.java:467)
        at org.apache.hadoop.ipc.CallQueueManager.take(CallQueueManager.java:317)
        at org.apache.hadoop.ipc.Server$Handler.run(Server.java:2992)
"PartialTableCache Cleanup Thread - 0" daemon prio=5 tid=270 in Object.wait()
java.lang.Thread.State: WAITING (on object monitor)
        at sun.misc.Unsafe.park(Native Method)
        at java.util.concurrent.locks.LockSupport.park(LockSupport.java:175)
        at java.util.concurrent.locks.AbstractQueuedSynchronizer$ConditionObject.await(AbstractQueuedSynchronizer.java:2039)
        at java.util.concurrent.LinkedBlockingQueue.take(LinkedBlockingQueue.java:442)
        at java.util.concurrent.ThreadPoolExecutor.getTask(ThreadPoolExecutor.java:1074)
        at java.util.concurrent.ThreadPoolExecutor.runWorker(ThreadPoolExecutor.java:1134)
        at java.util.concurrent.ThreadPoolExecutor$Worker.run(ThreadPoolExecutor.java:624)
        at java.lang.Thread.run(Thread.java:750)
"ReplicationMonitor" daemon prio=5 tid=18 timed_waiting
java.lang.Thread.State: TIMED_WAITING
        at java.lang.Object.wait(Native Method)
        at org.apache.hadoop.hdds.scm.container.replication.ReplicationManager.run(ReplicationManager.java:971)
        at org.apache.hadoop.hdds.scm.container.replication.ReplicationManager$$Lambda$391/593573468.run(Unknown Source)
        at java.lang.Thread.run(Thread.java:750)
"FixedThreadPoolWithAffinityExecutor-0-0" daemon prio=5 tid=38 timed_waiting
java.lang.Thread.State: TIMED_WAITING
        at sun.misc.Unsafe.park(Native Method)
        at java.util.concurrent.locks.LockSupport.parkNanos(LockSupport.java:215)
        at java.util.concurrent.locks.AbstractQueuedSynchronizer$ConditionObject.awaitNanos(AbstractQueuedSynchronizer.java:2078)
        at java.util.concurrent.LinkedBlockingQueue.poll(LinkedBlockingQueue.java:467)
        at org.apache.hadoop.hdds.scm.server.ContainerReportQueue.poll(ContainerReportQueue.java:266)
        at org.apache.hadoop.hdds.scm.server.ContainerReportQueue.poll(ContainerReportQueue.java:42)
        at org.apache.hadoop.hdds.server.events.FixedThreadPoolWithAffinityExecutor$ContainerReportProcessTask.run(FixedThreadPoolWithAffinityExecutor.java:247)
        at java.util.concurrent.Executors$RunnableAdapter.call(Executors.java:511)
        at java.util.concurrent.FutureTask.run(FutureTask.java:266)
        at java.util.concurrent.ThreadPoolExecutor.runWorker(ThreadPoolExecutor.java:1149)
        at java.util.concurrent.ThreadPoolExecutor$Worker.run(ThreadPoolExecutor.java:624)
        at java.lang.Thread.run(Thread.java:750)
"IPC Server handler 17 on default port 37905" daemon prio=5 tid=106 timed_waiting
java.lang.Thread.State: TIMED_WAITING
        at sun.misc.Unsafe.park(Native Method)
        at java.util.concurrent.locks.LockSupport.parkNanos(LockSupport.java:215)
        at java.util.concurrent.locks.AbstractQueuedSynchronizer$ConditionObject.awaitNanos(AbstractQueuedSynchronizer.java:2078)
        at java.util.concurrent.LinkedBlockingQueue.poll(LinkedBlockingQueue.java:467)
        at org.apache.hadoop.ipc.CallQueueManager.take(CallQueueManager.java:317)
        at org.apache.hadoop.ipc.Server$Handler.run(Server.java:2992)
"org.apache.hadoop.util.JvmPauseMonitor$Monitor@679dc1a9" daemon prio=5 tid=264 timed_waiting
java.lang.Thread.State: TIMED_WAITING
        at java.lang.Thread.sleep(Native Method)
        at org.apache.hadoop.util.JvmPauseMonitor$Monitor.run(JvmPauseMonitor.java:192)
        at java.lang.Thread.run(Thread.java:750)
"Datanode ReportManager Thread - 0" daemon prio=5 tid=204 in Object.wait()
java.lang.Thread.State: WAITING (on object monitor)
        at sun.misc.Unsafe.park(Native Method)
        at java.util.concurrent.locks.LockSupport.park(LockSupport.java:175)
        at java.util.concurrent.locks.AbstractQueuedSynchronizer$ConditionObject.await(AbstractQueuedSynchronizer.java:2039)
        at java.util.concurrent.ScheduledThreadPoolExecutor$DelayedWorkQueue.take(ScheduledThreadPoolExecutor.java:1088)
        at java.util.concurrent.ScheduledThreadPoolExecutor$DelayedWorkQueue.take(ScheduledThreadPoolExecutor.java:809)
        at java.util.concurrent.ThreadPoolExecutor.getTask(ThreadPoolExecutor.java:1074)
        at java.util.concurrent.ThreadPoolExecutor.runWorker(ThreadPoolExecutor.java:1134)
        at java.util.concurrent.ThreadPoolExecutor$Worker.run(ThreadPoolExecutor.java:624)
        at java.lang.Thread.run(Thread.java:750)
"pool-66-thread-1"  prio=5 tid=151 timed_waiting
java.lang.Thread.State: TIMED_WAITING
        at sun.misc.Unsafe.park(Native Method)
        at java.util.concurrent.locks.LockSupport.parkNanos(LockSupport.java:215)
        at java.util.concurrent.locks.AbstractQueuedSynchronizer$ConditionObject.awaitNanos(AbstractQueuedSynchronizer.java:2078)
        at java.util.concurrent.ScheduledThreadPoolExecutor$DelayedWorkQueue.take(ScheduledThreadPoolExecutor.java:1093)
        at java.util.concurrent.ScheduledThreadPoolExecutor$DelayedWorkQueue.take(ScheduledThreadPoolExecutor.java:809)
        at java.util.concurrent.ThreadPoolExecutor.getTask(ThreadPoolExecutor.java:1074)
        at java.util.concurrent.ThreadPoolExecutor.runWorker(ThreadPoolExecutor.java:1134)
        at java.util.concurrent.ThreadPoolExecutor$Worker.run(ThreadPoolExecutor.java:624)
        at java.lang.Thread.run(Thread.java:750)
"StaleRecoveringContainerScrubbingService#0" daemon prio=5 tid=295 timed_waiting
java.lang.Thread.State: TIMED_WAITING
        at sun.misc.Unsafe.park(Native Method)
        at java.util.concurrent.locks.LockSupport.parkNanos(LockSupport.java:215)
        at java.util.concurrent.locks.AbstractQueuedSynchronizer$ConditionObject.awaitNanos(AbstractQueuedSynchronizer.java:2078)
        at java.util.concurrent.ScheduledThreadPoolExecutor$DelayedWorkQueue.take(ScheduledThreadPoolExecutor.java:1093)
        at java.util.concurrent.ScheduledThreadPoolExecutor$DelayedWorkQueue.take(ScheduledThreadPoolExecutor.java:809)
        at java.util.concurrent.ThreadPoolExecutor.getTask(ThreadPoolExecutor.java:1074)
        at java.util.concurrent.ThreadPoolExecutor.runWorker(ThreadPoolExecutor.java:1134)
        at java.util.concurrent.ThreadPoolExecutor$Worker.run(ThreadPoolExecutor.java:624)
        at java.lang.Thread.run(Thread.java:750)
"qtp189945097-192" daemon prio=5 tid=192 runnable
java.lang.Thread.State: RUNNABLE
        at sun.nio.ch.EPollArrayWrapper.epollWait(Native Method)
        at sun.nio.ch.EPollArrayWrapper.poll(EPollArrayWrapper.java:269)
        at sun.nio.ch.EPollSelectorImpl.doSelect(EPollSelectorImpl.java:93)
        at sun.nio.ch.SelectorImpl.lockAndDoSelect(SelectorImpl.java:86)
        at sun.nio.ch.SelectorImpl.select(SelectorImpl.java:97)
        at sun.nio.ch.SelectorImpl.select(SelectorImpl.java:101)
        at org.eclipse.jetty.io.ManagedSelector.nioSelect(ManagedSelector.java:183)
        at org.eclipse.jetty.io.ManagedSelector.select(ManagedSelector.java:190)
        at org.eclipse.jetty.io.ManagedSelector$SelectorProducer.select(ManagedSelector.java:606)
        at org.eclipse.jetty.io.ManagedSelector$SelectorProducer.produce(ManagedSelector.java:543)
        at org.eclipse.jetty.util.thread.strategy.EatWhatYouKill.produceTask(EatWhatYouKill.java:362)
        at org.eclipse.jetty.util.thread.strategy.EatWhatYouKill.doProduce(EatWhatYouKill.java:186)
        at org.eclipse.jetty.util.thread.strategy.EatWhatYouKill.tryProduce(EatWhatYouKill.java:173)
        at org.eclipse.jetty.util.thread.strategy.EatWhatYouKill.produce(EatWhatYouKill.java:137)
        at org.eclipse.jetty.io.ManagedSelector$$Lambda$448/2058190325.run(Unknown Source)
        at org.eclipse.jetty.util.thread.QueuedThreadPool.runJob(QueuedThreadPool.java:883)
        at org.eclipse.jetty.util.thread.QueuedThreadPool$Runner.run(QueuedThreadPool.java:1034)
        at java.lang.Thread.run(Thread.java:750)
"4bcfc98d-1351-440f-af15-56158ce83d77-server-thread1" daemon prio=5 tid=406 timed_waiting
java.lang.Thread.State: TIMED_WAITING
        at sun.misc.Unsafe.park(Native Method)
        at java.util.concurrent.locks.LockSupport.parkNanos(LockSupport.java:215)
        at java.util.concurrent.SynchronousQueue$TransferStack.awaitFulfill(SynchronousQueue.java:460)
        at java.util.concurrent.SynchronousQueue$TransferStack.transfer(SynchronousQueue.java:362)
        at java.util.concurrent.SynchronousQueue.poll(SynchronousQueue.java:941)
        at java.util.concurrent.ThreadPoolExecutor.getTask(ThreadPoolExecutor.java:1073)
        at java.util.concurrent.ThreadPoolExecutor.runWorker(ThreadPoolExecutor.java:1134)
        at java.util.concurrent.ThreadPoolExecutor$Worker.run(ThreadPoolExecutor.java:624)
        at java.lang.Thread.run(Thread.java:750)
"b1c57afc-121c-455c-bc43-4ffbee8e4677@group-B5BFF1395F48->21b868c3-9969-4e13-ad52-9b0ac48fd138-GrpcLogAppender-LogAppenderDaemon" daemon prio=5 tid=401 timed_waiting
java.lang.Thread.State: TIMED_WAITING
        at sun.misc.Unsafe.park(Native Method)
        at java.util.concurrent.locks.LockSupport.parkNanos(LockSupport.java:215)
        at java.util.concurrent.locks.AbstractQueuedSynchronizer$ConditionObject.await(AbstractQueuedSynchronizer.java:2163)
        at org.apache.ratis.util.AwaitForSignal.await(AwaitForSignal.java:62)
        at org.apache.ratis.grpc.server.GrpcLogAppender.mayWait(GrpcLogAppender.java:198)
        at org.apache.ratis.grpc.server.GrpcLogAppender.run(GrpcLogAppender.java:148)
        at org.apache.ratis.server.leader.LogAppenderDaemon.run(LogAppenderDaemon.java:78)
        at org.apache.ratis.server.leader.LogAppenderDaemon$$Lambda$1135/499583845.run(Unknown Source)
        at java.lang.Thread.run(Thread.java:750)
"org.apache.hadoop.fs.FileSystem$Statistics$StatisticsDataReferenceCleaner" daemon prio=5 tid=418 in Object.wait()
java.lang.Thread.State: WAITING (on object monitor)
        at java.lang.Object.wait(Native Method)
        at java.lang.ref.ReferenceQueue.remove(ReferenceQueue.java:144)
        at java.lang.ref.ReferenceQueue.remove(ReferenceQueue.java:165)
        at org.apache.hadoop.fs.FileSystem$Statistics$StatisticsDataReferenceCleaner.run(FileSystem.java:4120)
        at java.lang.Thread.run(Thread.java:750)
"Datanode ReportManager Thread - 1" daemon prio=5 tid=259 timed_waiting
java.lang.Thread.State: TIMED_WAITING
        at sun.misc.Unsafe.park(Native Method)
        at java.util.concurrent.locks.LockSupport.parkNanos(LockSupport.java:215)
        at java.util.concurrent.locks.AbstractQueuedSynchronizer$ConditionObject.awaitNanos(AbstractQueuedSynchronizer.java:2078)
        at java.util.concurrent.ScheduledThreadPoolExecutor$DelayedWorkQueue.take(ScheduledThreadPoolExecutor.java:1093)
        at java.util.concurrent.ScheduledThreadPoolExecutor$DelayedWorkQueue.take(ScheduledThreadPoolExecutor.java:809)
        at java.util.concurrent.ThreadPoolExecutor.getTask(ThreadPoolExecutor.java:1074)
        at java.util.concurrent.ThreadPoolExecutor.runWorker(ThreadPoolExecutor.java:1134)
        at java.util.concurrent.ThreadPoolExecutor$Worker.run(ThreadPoolExecutor.java:624)
        at java.lang.Thread.run(Thread.java:750)
"ContainerOp-cd8abe94-f173-4052-9509-b5bff1395f48-6"  prio=5 tid=466 in Object.wait()
java.lang.Thread.State: WAITING (on object monitor)
        at sun.misc.Unsafe.park(Native Method)
        at java.util.concurrent.locks.LockSupport.park(LockSupport.java:175)
        at java.util.concurrent.locks.AbstractQueuedSynchronizer$ConditionObject.await(AbstractQueuedSynchronizer.java:2039)
        at java.util.concurrent.LinkedBlockingQueue.take(LinkedBlockingQueue.java:442)
        at java.util.concurrent.ThreadPoolExecutor.getTask(ThreadPoolExecutor.java:1074)
        at java.util.concurrent.ThreadPoolExecutor.runWorker(ThreadPoolExecutor.java:1134)
        at java.util.concurrent.ThreadPoolExecutor$Worker.run(ThreadPoolExecutor.java:624)
        at java.lang.Thread.run(Thread.java:750)
"IPC Server handler 5 on default port 36703" daemon prio=5 tid=74 timed_waiting
java.lang.Thread.State: TIMED_WAITING
        at sun.misc.Unsafe.park(Native Method)
        at java.util.concurrent.locks.LockSupport.parkNanos(LockSupport.java:215)
        at java.util.concurrent.locks.AbstractQueuedSynchronizer$ConditionObject.awaitNanos(AbstractQueuedSynchronizer.java:2078)
        at java.util.concurrent.LinkedBlockingQueue.poll(LinkedBlockingQueue.java:467)
        at org.apache.hadoop.ipc.CallQueueManager.take(CallQueueManager.java:317)
        at org.apache.hadoop.ipc.Server$Handler.run(Server.java:2992)
"21b868c3-9969-4e13-ad52-9b0ac48fd138@group-B6DDDC8024D4-StateMachineUpdater" daemon prio=5 tid=332 timed_waiting
java.lang.Thread.State: TIMED_WAITING
        at sun.misc.Unsafe.park(Native Method)
        at java.util.concurrent.locks.LockSupport.parkNanos(LockSupport.java:215)
        at java.util.concurrent.locks.AbstractQueuedSynchronizer$ConditionObject.await(AbstractQueuedSynchronizer.java:2163)
        at org.apache.ratis.util.AwaitForSignal.await(AwaitForSignal.java:62)
        at org.apache.ratis.server.impl.StateMachineUpdater.waitForCommit(StateMachineUpdater.java:207)
        at org.apache.ratis.server.impl.StateMachineUpdater.run(StateMachineUpdater.java:176)
        at java.lang.Thread.run(Thread.java:750)
"ContainerOp-fe8f8231-531f-40c6-a24e-b6dddc8024d4-6"  prio=5 tid=488 in Object.wait()
java.lang.Thread.State: WAITING (on object monitor)
        at sun.misc.Unsafe.park(Native Method)
        at java.util.concurrent.locks.LockSupport.park(LockSupport.java:175)
        at java.util.concurrent.locks.AbstractQueuedSynchronizer$ConditionObject.await(AbstractQueuedSynchronizer.java:2039)
        at java.util.concurrent.LinkedBlockingQueue.take(LinkedBlockingQueue.java:442)
        at java.util.concurrent.ThreadPoolExecutor.getTask(ThreadPoolExecutor.java:1074)
        at java.util.concurrent.ThreadPoolExecutor.runWorker(ThreadPoolExecutor.java:1134)
        at java.util.concurrent.ThreadPoolExecutor$Worker.run(ThreadPoolExecutor.java:624)
        at java.lang.Thread.run(Thread.java:750)
"ContainerOp-fe8f8231-531f-40c6-a24e-b6dddc8024d4-4"  prio=5 tid=473 in Object.wait()
java.lang.Thread.State: WAITING (on object monitor)
        at sun.misc.Unsafe.park(Native Method)
        at java.util.concurrent.locks.LockSupport.park(LockSupport.java:175)
        at java.util.concurrent.locks.AbstractQueuedSynchronizer$ConditionObject.await(AbstractQueuedSynchronizer.java:2039)
        at java.util.concurrent.LinkedBlockingQueue.take(LinkedBlockingQueue.java:442)
        at java.util.concurrent.ThreadPoolExecutor.getTask(ThreadPoolExecutor.java:1074)
        at java.util.concurrent.ThreadPoolExecutor.runWorker(ThreadPoolExecutor.java:1134)
        at java.util.concurrent.ThreadPoolExecutor$Worker.run(ThreadPoolExecutor.java:624)
        at java.lang.Thread.run(Thread.java:750)
"ContainerOp-cd8abe94-f173-4052-9509-b5bff1395f48-1"  prio=5 tid=430 in Object.wait()
java.lang.Thread.State: WAITING (on object monitor)
        at sun.misc.Unsafe.park(Native Method)
        at java.util.concurrent.locks.LockSupport.park(LockSupport.java:175)
        at java.util.concurrent.locks.AbstractQueuedSynchronizer$ConditionObject.await(AbstractQueuedSynchronizer.java:2039)
        at java.util.concurrent.LinkedBlockingQueue.take(LinkedBlockingQueue.java:442)
        at java.util.concurrent.ThreadPoolExecutor.getTask(ThreadPoolExecutor.java:1074)
        at java.util.concurrent.ThreadPoolExecutor.runWorker(ThreadPoolExecutor.java:1134)
        at java.util.concurrent.ThreadPoolExecutor$Worker.run(ThreadPoolExecutor.java:624)
        at java.lang.Thread.run(Thread.java:750)
"qtp551301975-157" daemon prio=5 tid=157 timed_waiting
java.lang.Thread.State: TIMED_WAITING
        at sun.misc.Unsafe.park(Native Method)
        at java.util.concurrent.locks.LockSupport.parkNanos(LockSupport.java:215)
        at java.util.concurrent.locks.AbstractQueuedSynchronizer$ConditionObject.awaitNanos(AbstractQueuedSynchronizer.java:2078)
        at org.eclipse.jetty.util.BlockingArrayQueue.poll(BlockingArrayQueue.java:382)
        at org.eclipse.jetty.util.thread.QueuedThreadPool$Runner.idleJobPoll(QueuedThreadPool.java:974)
        at org.eclipse.jetty.util.thread.QueuedThreadPool$Runner.run(QueuedThreadPool.java:1018)
        at java.lang.Thread.run(Thread.java:750)
"PartialTableCache Cleanup Thread - 0" daemon prio=5 tid=424 in Object.wait()
java.lang.Thread.State: WAITING (on object monitor)
        at sun.misc.Unsafe.park(Native Method)
        at java.util.concurrent.locks.LockSupport.park(LockSupport.java:175)
        at java.util.concurrent.locks.AbstractQueuedSynchronizer$ConditionObject.await(AbstractQueuedSynchronizer.java:2039)
        at java.util.concurrent.LinkedBlockingQueue.take(LinkedBlockingQueue.java:442)
        at java.util.concurrent.ThreadPoolExecutor.getTask(ThreadPoolExecutor.java:1074)
        at java.util.concurrent.ThreadPoolExecutor.runWorker(ThreadPoolExecutor.java:1134)
        at java.util.concurrent.ThreadPoolExecutor$Worker.run(ThreadPoolExecutor.java:624)
        at java.lang.Thread.run(Thread.java:750)
"IPC Parameter Sending Thread for 0.0.0.0/0.0.0.0:37905" daemon prio=5 tid=275 timed_waiting
java.lang.Thread.State: TIMED_WAITING
        at sun.misc.Unsafe.park(Native Method)
        at java.util.concurrent.locks.LockSupport.parkNanos(LockSupport.java:215)
        at java.util.concurrent.SynchronousQueue$TransferQueue.awaitFulfill(SynchronousQueue.java:764)
        at java.util.concurrent.SynchronousQueue$TransferQueue.transfer(SynchronousQueue.java:695)
        at java.util.concurrent.SynchronousQueue.poll(SynchronousQueue.java:941)
        at org.apache.hadoop.ipc.Client$Connection$RpcRequestSender.run(Client.java:1122)
        at java.lang.Thread.run(Thread.java:750)
"Datanode State Machine Daemon Thread" daemon prio=5 tid=203 timed_waiting
java.lang.Thread.State: TIMED_WAITING
        at java.lang.Thread.sleep(Native Method)
        at org.apache.hadoop.ozone.container.common.statemachine.DatanodeStateMachine.startStateMachineThread(DatanodeStateMachine.java:336)
        at org.apache.hadoop.ozone.container.common.statemachine.DatanodeStateMachine.lambda$startDaemon$0(DatanodeStateMachine.java:518)
        at org.apache.hadoop.ozone.container.common.statemachine.DatanodeStateMachine$$Lambda$868/49292481.run(Unknown Source)
        at java.lang.Thread.run(Thread.java:750)
"IPC Server handler 1 on default port 36703" daemon prio=5 tid=70 timed_waiting
java.lang.Thread.State: TIMED_WAITING
        at sun.misc.Unsafe.park(Native Method)
        at java.util.concurrent.locks.LockSupport.parkNanos(LockSupport.java:215)
        at java.util.concurrent.locks.AbstractQueuedSynchronizer$ConditionObject.awaitNanos(AbstractQueuedSynchronizer.java:2078)
        at java.util.concurrent.LinkedBlockingQueue.poll(LinkedBlockingQueue.java:467)
        at org.apache.hadoop.ipc.CallQueueManager.take(CallQueueManager.java:317)
        at org.apache.hadoop.ipc.Server$Handler.run(Server.java:2992)
"timer6" daemon prio=5 tid=403 in Object.wait()
java.lang.Thread.State: WAITING (on object monitor)
        at java.lang.Object.wait(Native Method)
        at java.lang.Object.wait(Object.java:502)
        at java.util.TimerThread.mainLoop(Timer.java:526)
        at java.util.TimerThread.run(Timer.java:505)
"Hadoop-Metrics-Updater-0" daemon prio=5 tid=37 timed_waiting
java.lang.Thread.State: TIMED_WAITING
        at sun.misc.Unsafe.park(Native Method)
        at java.util.concurrent.locks.LockSupport.parkNanos(LockSupport.java:215)
        at java.util.concurrent.locks.AbstractQueuedSynchronizer$ConditionObject.awaitNanos(AbstractQueuedSynchronizer.java:2078)
        at java.util.concurrent.ScheduledThreadPoolExecutor$DelayedWorkQueue.take(ScheduledThreadPoolExecutor.java:1093)
        at java.util.concurrent.ScheduledThreadPoolExecutor$DelayedWorkQueue.take(ScheduledThreadPoolExecutor.java:809)
        at java.util.concurrent.ThreadPoolExecutor.getTask(ThreadPoolExecutor.java:1074)
        at java.util.concurrent.ThreadPoolExecutor.runWorker(ThreadPoolExecutor.java:1134)
        at java.util.concurrent.ThreadPoolExecutor$Worker.run(ThreadPoolExecutor.java:624)
        at java.lang.Thread.run(Thread.java:750)
"StaleRecoveringContainerScrubbingService#0" daemon prio=5 tid=283 timed_waiting
java.lang.Thread.State: TIMED_WAITING
        at sun.misc.Unsafe.park(Native Method)
        at java.util.concurrent.locks.LockSupport.parkNanos(LockSupport.java:215)
        at java.util.concurrent.locks.AbstractQueuedSynchronizer$ConditionObject.awaitNanos(AbstractQueuedSynchronizer.java:2078)
        at java.util.concurrent.ScheduledThreadPoolExecutor$DelayedWorkQueue.take(ScheduledThreadPoolExecutor.java:1093)
        at java.util.concurrent.ScheduledThreadPoolExecutor$DelayedWorkQueue.take(ScheduledThreadPoolExecutor.java:809)
        at java.util.concurrent.ThreadPoolExecutor.getTask(ThreadPoolExecutor.java:1074)
        at java.util.concurrent.ThreadPoolExecutor.runWorker(ThreadPoolExecutor.java:1134)
        at java.util.concurrent.ThreadPoolExecutor$Worker.run(ThreadPoolExecutor.java:624)
        at java.lang.Thread.run(Thread.java:750)
"IPC Server handler 11 on default port 37905" daemon prio=5 tid=100 timed_waiting
java.lang.Thread.State: TIMED_WAITING
        at sun.misc.Unsafe.park(Native Method)
        at java.util.concurrent.locks.LockSupport.parkNanos(LockSupport.java:215)
        at java.util.concurrent.locks.AbstractQueuedSynchronizer$ConditionObject.awaitNanos(AbstractQueuedSynchronizer.java:2078)
        at java.util.concurrent.LinkedBlockingQueue.poll(LinkedBlockingQueue.java:467)
        at org.apache.hadoop.ipc.CallQueueManager.take(CallQueueManager.java:317)
        at org.apache.hadoop.ipc.Server$Handler.run(Server.java:2992)
"IPC Server handler 16 on default port 37905" daemon prio=5 tid=105 timed_waiting
java.lang.Thread.State: TIMED_WAITING
        at sun.misc.Unsafe.park(Native Method)
        at java.util.concurrent.locks.LockSupport.parkNanos(LockSupport.java:215)
        at java.util.concurrent.locks.AbstractQueuedSynchronizer$ConditionObject.awaitNanos(AbstractQueuedSynchronizer.java:2078)
        at java.util.concurrent.LinkedBlockingQueue.poll(LinkedBlockingQueue.java:467)
        at org.apache.hadoop.ipc.CallQueueManager.take(CallQueueManager.java:317)
        at org.apache.hadoop.ipc.Server$Handler.run(Server.java:2992)
"qtp551301975-158" daemon prio=5 tid=158 timed_waiting
java.lang.Thread.State: TIMED_WAITING
        at sun.misc.Unsafe.park(Native Method)
        at java.util.concurrent.locks.LockSupport.parkNanos(LockSupport.java:215)
        at java.util.concurrent.locks.AbstractQueuedSynchronizer$ConditionObject.awaitNanos(AbstractQueuedSynchronizer.java:2078)
        at org.eclipse.jetty.util.BlockingArrayQueue.poll(BlockingArrayQueue.java:382)
        at org.eclipse.jetty.util.thread.QueuedThreadPool$Runner.idleJobPoll(QueuedThreadPool.java:974)
        at org.eclipse.jetty.util.thread.QueuedThreadPool$Runner.run(QueuedThreadPool.java:1018)
        at java.lang.Thread.run(Thread.java:750)
"ChunkWriter-0-0" daemon prio=5 tid=276 in Object.wait()
java.lang.Thread.State: WAITING (on object monitor)
        at sun.misc.Unsafe.park(Native Method)
        at java.util.concurrent.locks.LockSupport.park(LockSupport.java:175)
        at java.util.concurrent.locks.AbstractQueuedSynchronizer$ConditionObject.await(AbstractQueuedSynchronizer.java:2039)
        at java.util.concurrent.LinkedBlockingDeque.takeFirst(LinkedBlockingDeque.java:492)
        at java.util.concurrent.LinkedBlockingDeque.take(LinkedBlockingDeque.java:680)
        at java.util.concurrent.ThreadPoolExecutor.getTask(ThreadPoolExecutor.java:1074)
        at java.util.concurrent.ThreadPoolExecutor.runWorker(ThreadPoolExecutor.java:1134)
        at java.util.concurrent.ThreadPoolExecutor$Worker.run(ThreadPoolExecutor.java:624)
        at java.lang.Thread.run(Thread.java:750)
"SnapshotDeletingService#0" daemon prio=5 tid=150 timed_waiting
java.lang.Thread.State: TIMED_WAITING
        at sun.misc.Unsafe.park(Native Method)
        at java.util.concurrent.locks.LockSupport.parkNanos(LockSupport.java:215)
        at java.util.concurrent.locks.AbstractQueuedSynchronizer$ConditionObject.awaitNanos(AbstractQueuedSynchronizer.java:2078)
        at java.util.concurrent.ScheduledThreadPoolExecutor$DelayedWorkQueue.take(ScheduledThreadPoolExecutor.java:1093)
        at java.util.concurrent.ScheduledThreadPoolExecutor$DelayedWorkQueue.take(ScheduledThreadPoolExecutor.java:809)
        at java.util.concurrent.ThreadPoolExecutor.getTask(ThreadPoolExecutor.java:1074)
        at java.util.concurrent.ThreadPoolExecutor.runWorker(ThreadPoolExecutor.java:1134)
        at java.util.concurrent.ThreadPoolExecutor$Worker.run(ThreadPoolExecutor.java:624)
        at java.lang.Thread.run(Thread.java:750)
"21b868c3-9969-4e13-ad52-9b0ac48fd138@group-B5BFF1395F48-StateMachineUpdater" daemon prio=5 tid=359 timed_waiting
java.lang.Thread.State: TIMED_WAITING
        at sun.misc.Unsafe.park(Native Method)
        at java.util.concurrent.locks.LockSupport.parkNanos(LockSupport.java:215)
        at java.util.concurrent.locks.AbstractQueuedSynchronizer$ConditionObject.await(AbstractQueuedSynchronizer.java:2163)
        at org.apache.ratis.util.AwaitForSignal.await(AwaitForSignal.java:62)
        at org.apache.ratis.server.impl.StateMachineUpdater.waitForCommit(StateMachineUpdater.java:207)
        at org.apache.ratis.server.impl.StateMachineUpdater.run(StateMachineUpdater.java:176)
        at java.lang.Thread.run(Thread.java:750)
"IPC Server idle connection scanner for port 37905" daemon prio=5 tid=25 timed_waiting
java.lang.Thread.State: TIMED_WAITING
        at java.lang.Object.wait(Native Method)
        at java.util.TimerThread.mainLoop(Timer.java:552)
        at java.util.TimerThread.run(Timer.java:505)
"IPC Server handler 2 on default port 36647" daemon prio=5 tid=51 timed_waiting
java.lang.Thread.State: TIMED_WAITING
        at sun.misc.Unsafe.park(Native Method)
        at java.util.concurrent.locks.LockSupport.parkNanos(LockSupport.java:215)
        at java.util.concurrent.locks.AbstractQueuedSynchronizer$ConditionObject.awaitNanos(AbstractQueuedSynchronizer.java:2078)
        at java.util.concurrent.LinkedBlockingQueue.poll(LinkedBlockingQueue.java:467)
        at org.apache.hadoop.ipc.CallQueueManager.take(CallQueueManager.java:317)
        at org.apache.hadoop.ipc.Server$Handler.run(Server.java:2992)
"IPC Server listener on 0" daemon prio=5 tid=23 runnable
java.lang.Thread.State: RUNNABLE
        at sun.nio.ch.EPollArrayWrapper.epollWait(Native Method)
        at sun.nio.ch.EPollArrayWrapper.poll(EPollArrayWrapper.java:269)
        at sun.nio.ch.EPollSelectorImpl.doSelect(EPollSelectorImpl.java:93)
        at sun.nio.ch.SelectorImpl.lockAndDoSelect(SelectorImpl.java:86)
        at sun.nio.ch.SelectorImpl.select(SelectorImpl.java:97)
        at sun.nio.ch.SelectorImpl.select(SelectorImpl.java:101)
        at org.apache.hadoop.ipc.Server$Listener.run(Server.java:1404)
"IPC Server handler 7 on default port 36647" daemon prio=5 tid=56 timed_waiting
java.lang.Thread.State: TIMED_WAITING
        at sun.misc.Unsafe.park(Native Method)
        at java.util.concurrent.locks.LockSupport.parkNanos(LockSupport.java:215)
        at java.util.concurrent.locks.AbstractQueuedSynchronizer$ConditionObject.awaitNanos(AbstractQueuedSynchronizer.java:2078)
        at java.util.concurrent.LinkedBlockingQueue.poll(LinkedBlockingQueue.java:467)
        at org.apache.hadoop.ipc.CallQueueManager.take(CallQueueManager.java:317)
        at org.apache.hadoop.ipc.Server$Handler.run(Server.java:2992)
"ContainerOp-fe8f8231-531f-40c6-a24e-b6dddc8024d4-1"  prio=5 tid=449 in Object.wait()
java.lang.Thread.State: WAITING (on object monitor)
        at sun.misc.Unsafe.park(Native Method)
        at java.util.concurrent.locks.LockSupport.park(LockSupport.java:175)
        at java.util.concurrent.locks.AbstractQueuedSynchronizer$ConditionObject.await(AbstractQueuedSynchronizer.java:2039)
        at java.util.concurrent.LinkedBlockingQueue.take(LinkedBlockingQueue.java:442)
        at java.util.concurrent.ThreadPoolExecutor.getTask(ThreadPoolExecutor.java:1074)
        at java.util.concurrent.ThreadPoolExecutor.runWorker(ThreadPoolExecutor.java:1134)
        at java.util.concurrent.ThreadPoolExecutor$Worker.run(ThreadPoolExecutor.java:624)
        at java.lang.Thread.run(Thread.java:750)
"SCMBlockDeletingService#0" daemon prio=5 tid=109 timed_waiting
java.lang.Thread.State: TIMED_WAITING
        at sun.misc.Unsafe.park(Native Method)
        at java.util.concurrent.locks.LockSupport.parkNanos(LockSupport.java:215)
        at java.util.concurrent.locks.AbstractQueuedSynchronizer$ConditionObject.awaitNanos(AbstractQueuedSynchronizer.java:2078)
        at java.util.concurrent.ScheduledThreadPoolExecutor$DelayedWorkQueue.take(ScheduledThreadPoolExecutor.java:1093)
        at java.util.concurrent.ScheduledThreadPoolExecutor$DelayedWorkQueue.take(ScheduledThreadPoolExecutor.java:809)
        at java.util.concurrent.ThreadPoolExecutor.getTask(ThreadPoolExecutor.java:1074)
        at java.util.concurrent.ThreadPoolExecutor.runWorker(ThreadPoolExecutor.java:1134)
        at java.util.concurrent.ThreadPoolExecutor$Worker.run(ThreadPoolExecutor.java:624)
        at java.lang.Thread.run(Thread.java:750)
"DatanodeAdminManager-0" daemon prio=5 tid=21 timed_waiting
java.lang.Thread.State: TIMED_WAITING
        at sun.misc.Unsafe.park(Native Method)
        at java.util.concurrent.locks.LockSupport.parkNanos(LockSupport.java:215)
        at java.util.concurrent.locks.AbstractQueuedSynchronizer$ConditionObject.awaitNanos(AbstractQueuedSynchronizer.java:2078)
        at java.util.concurrent.ScheduledThreadPoolExecutor$DelayedWorkQueue.take(ScheduledThreadPoolExecutor.java:1093)
        at java.util.concurrent.ScheduledThreadPoolExecutor$DelayedWorkQueue.take(ScheduledThreadPoolExecutor.java:809)
        at java.util.concurrent.ThreadPoolExecutor.getTask(ThreadPoolExecutor.java:1074)
        at java.util.concurrent.ThreadPoolExecutor.runWorker(ThreadPoolExecutor.java:1134)
        at java.util.concurrent.ThreadPoolExecutor$Worker.run(ThreadPoolExecutor.java:624)
        at java.lang.Thread.run(Thread.java:750)
"FixedThreadPoolWithAffinityExecutor-7-0" daemon prio=5 tid=45 timed_waiting
java.lang.Thread.State: TIMED_WAITING
        at sun.misc.Unsafe.park(Native Method)
        at java.util.concurrent.locks.LockSupport.parkNanos(LockSupport.java:215)
        at java.util.concurrent.locks.AbstractQueuedSynchronizer$ConditionObject.awaitNanos(AbstractQueuedSynchronizer.java:2078)
        at java.util.concurrent.LinkedBlockingQueue.poll(LinkedBlockingQueue.java:467)
        at org.apache.hadoop.hdds.scm.server.ContainerReportQueue.poll(ContainerReportQueue.java:266)
        at org.apache.hadoop.hdds.scm.server.ContainerReportQueue.poll(ContainerReportQueue.java:42)
        at org.apache.hadoop.hdds.server.events.FixedThreadPoolWithAffinityExecutor$ContainerReportProcessTask.run(FixedThreadPoolWithAffinityExecutor.java:247)
        at java.util.concurrent.Executors$RunnableAdapter.call(Executors.java:511)
        at java.util.concurrent.FutureTask.run(FutureTask.java:266)
        at java.util.concurrent.ThreadPoolExecutor.runWorker(ThreadPoolExecutor.java:1149)
        at java.util.concurrent.ThreadPoolExecutor$Worker.run(ThreadPoolExecutor.java:624)
        at java.lang.Thread.run(Thread.java:750)
"IPC Server handler 19 on default port 37905" daemon prio=5 tid=108 timed_waiting
java.lang.Thread.State: TIMED_WAITING
        at sun.misc.Unsafe.park(Native Method)
        at java.util.concurrent.locks.LockSupport.parkNanos(LockSupport.java:215)
        at java.util.concurrent.locks.AbstractQueuedSynchronizer$ConditionObject.awaitNanos(AbstractQueuedSynchronizer.java:2078)
        at java.util.concurrent.LinkedBlockingQueue.poll(LinkedBlockingQueue.java:467)
        at org.apache.hadoop.ipc.CallQueueManager.take(CallQueueManager.java:317)
        at org.apache.hadoop.ipc.Server$Handler.run(Server.java:2992)
"b1c57afc-121c-455c-bc43-4ffbee8e4677@group-B5BFF1395F48-StateMachineUpdater" daemon prio=5 tid=346 timed_waiting
java.lang.Thread.State: TIMED_WAITING
        at sun.misc.Unsafe.park(Native Method)
        at java.util.concurrent.locks.LockSupport.parkNanos(LockSupport.java:215)
        at java.util.concurrent.locks.AbstractQueuedSynchronizer$ConditionObject.await(AbstractQueuedSynchronizer.java:2163)
        at org.apache.ratis.util.AwaitForSignal.await(AwaitForSignal.java:62)
        at org.apache.ratis.server.impl.StateMachineUpdater.waitForCommit(StateMachineUpdater.java:207)
        at org.apache.ratis.server.impl.StateMachineUpdater.run(StateMachineUpdater.java:176)
        at java.lang.Thread.run(Thread.java:750)
"IPC Server handler 2 on default port 45463" daemon prio=5 tid=163 timed_waiting
java.lang.Thread.State: TIMED_WAITING
        at sun.misc.Unsafe.park(Native Method)
        at java.util.concurrent.locks.LockSupport.parkNanos(LockSupport.java:215)
        at java.util.concurrent.locks.AbstractQueuedSynchronizer$ConditionObject.awaitNanos(AbstractQueuedSynchronizer.java:2078)
        at java.util.concurrent.LinkedBlockingQueue.poll(LinkedBlockingQueue.java:467)
        at org.apache.hadoop.ipc.CallQueueManager.take(CallQueueManager.java:317)
        at org.apache.hadoop.ipc.Server$Handler.run(Server.java:2992)
"Datanode ReportManager Thread - 1" daemon prio=5 tid=205 in Object.wait()
java.lang.Thread.State: WAITING (on object monitor)
        at sun.misc.Unsafe.park(Native Method)
        at java.util.concurrent.locks.LockSupport.park(LockSupport.java:175)
        at java.util.concurrent.locks.AbstractQueuedSynchronizer$ConditionObject.await(AbstractQueuedSynchronizer.java:2039)
        at java.util.concurrent.ScheduledThreadPoolExecutor$DelayedWorkQueue.take(ScheduledThreadPoolExecutor.java:1088)
        at java.util.concurrent.ScheduledThreadPoolExecutor$DelayedWorkQueue.take(ScheduledThreadPoolExecutor.java:809)
        at java.util.concurrent.ThreadPoolExecutor.getTask(ThreadPoolExecutor.java:1074)
        at java.util.concurrent.ThreadPoolExecutor.runWorker(ThreadPoolExecutor.java:1134)
        at java.util.concurrent.ThreadPoolExecutor$Worker.run(ThreadPoolExecutor.java:624)
        at java.lang.Thread.run(Thread.java:750)
"IPC Server handler 0 on default port 36703" daemon prio=5 tid=69 timed_waiting
java.lang.Thread.State: TIMED_WAITING
        at sun.misc.Unsafe.park(Native Method)
        at java.util.concurrent.locks.LockSupport.parkNanos(LockSupport.java:215)
        at java.util.concurrent.locks.AbstractQueuedSynchronizer$ConditionObject.awaitNanos(AbstractQueuedSynchronizer.java:2078)
        at java.util.concurrent.LinkedBlockingQueue.poll(LinkedBlockingQueue.java:467)
        at org.apache.hadoop.ipc.CallQueueManager.take(CallQueueManager.java:317)
        at org.apache.hadoop.ipc.Server$Handler.run(Server.java:2992)
"grpc-default-worker-ELG-3-2" daemon prio=5 tid=328 runnable
java.lang.Thread.State: RUNNABLE
        at org.apache.ratis.thirdparty.io.netty.channel.epoll.Native.epollWait0(Native Method)
        at org.apache.ratis.thirdparty.io.netty.channel.epoll.Native.epollWait(Native.java:182)
        at org.apache.ratis.thirdparty.io.netty.channel.epoll.EpollEventLoop.epollWait(EpollEventLoop.java:290)
        at org.apache.ratis.thirdparty.io.netty.channel.epoll.EpollEventLoop.run(EpollEventLoop.java:354)
        at org.apache.ratis.thirdparty.io.netty.util.concurrent.SingleThreadEventExecutor$4.run(SingleThreadEventExecutor.java:995)
        at org.apache.ratis.thirdparty.io.netty.util.internal.ThreadExecutorMap$2.run(ThreadExecutorMap.java:74)
        at org.apache.ratis.thirdparty.io.netty.util.concurrent.FastThreadLocalRunnable.run(FastThreadLocalRunnable.java:30)
        at java.lang.Thread.run(Thread.java:750)
"Timer-0"  prio=5 tid=145 timed_waiting
java.lang.Thread.State: TIMED_WAITING
        at java.lang.Object.wait(Native Method)
        at java.util.TimerThread.mainLoop(Timer.java:552)
        at java.util.TimerThread.run(Timer.java:505)
"Hadoop-Metrics-Updater-0" daemon prio=5 tid=27 timed_waiting
java.lang.Thread.State: TIMED_WAITING
        at sun.misc.Unsafe.park(Native Method)
        at java.util.concurrent.locks.LockSupport.parkNanos(LockSupport.java:215)
        at java.util.concurrent.locks.AbstractQueuedSynchronizer$ConditionObject.awaitNanos(AbstractQueuedSynchronizer.java:2078)
        at java.util.concurrent.ScheduledThreadPoolExecutor$DelayedWorkQueue.take(ScheduledThreadPoolExecutor.java:1093)
        at java.util.concurrent.ScheduledThreadPoolExecutor$DelayedWorkQueue.take(ScheduledThreadPoolExecutor.java:809)
        at java.util.concurrent.ThreadPoolExecutor.getTask(ThreadPoolExecutor.java:1074)
        at java.util.concurrent.ThreadPoolExecutor.runWorker(ThreadPoolExecutor.java:1134)
        at java.util.concurrent.ThreadPoolExecutor$Worker.run(ThreadPoolExecutor.java:624)
        at java.lang.Thread.run(Thread.java:750)
"org.apache.hadoop.ozone.container.common.statemachine.commandhandler.DeleteBlocksCommandHandler$DeleteCmdWorker@2b10803e" daemon prio=5 tid=246 timed_waiting
java.lang.Thread.State: TIMED_WAITING
        at java.lang.Thread.sleep(Native Method)
        at org.apache.hadoop.ozone.container.common.statemachine.commandhandler.DeleteBlocksCommandHandler$DeleteCmdWorker.run(DeleteBlocksCommandHandler.java:187)
        at java.lang.Thread.run(Thread.java:750)
"qtp1652609556-228" daemon prio=5 tid=228 timed_waiting
java.lang.Thread.State: TIMED_WAITING
        at sun.misc.Unsafe.park(Native Method)
        at java.util.concurrent.locks.LockSupport.parkNanos(LockSupport.java:215)
        at java.util.concurrent.locks.AbstractQueuedSynchronizer$ConditionObject.awaitNanos(AbstractQueuedSynchronizer.java:2078)
        at org.eclipse.jetty.util.BlockingArrayQueue.poll(BlockingArrayQueue.java:382)
        at org.eclipse.jetty.util.thread.QueuedThreadPool$Runner.idleJobPoll(QueuedThreadPool.java:974)
        at org.eclipse.jetty.util.thread.QueuedThreadPool$Runner.run(QueuedThreadPool.java:1018)
        at java.lang.Thread.run(Thread.java:750)
"ContainerOp-fe8f8231-531f-40c6-a24e-b6dddc8024d4-7"  prio=5 tid=491 in Object.wait()
java.lang.Thread.State: WAITING (on object monitor)
        at sun.misc.Unsafe.park(Native Method)
        at java.util.concurrent.locks.LockSupport.park(LockSupport.java:175)
        at java.util.concurrent.locks.AbstractQueuedSynchronizer$ConditionObject.await(AbstractQueuedSynchronizer.java:2039)
        at java.util.concurrent.LinkedBlockingQueue.take(LinkedBlockingQueue.java:442)
        at java.util.concurrent.ThreadPoolExecutor.getTask(ThreadPoolExecutor.java:1074)
        at java.util.concurrent.ThreadPoolExecutor.runWorker(ThreadPoolExecutor.java:1134)
        at java.util.concurrent.ThreadPoolExecutor$Worker.run(ThreadPoolExecutor.java:624)
        at java.lang.Thread.run(Thread.java:750)
"IPC Server handler 4 on default port 36647" daemon prio=5 tid=53 timed_waiting
java.lang.Thread.State: TIMED_WAITING
        at sun.misc.Unsafe.park(Native Method)
        at java.util.concurrent.locks.LockSupport.parkNanos(LockSupport.java:215)
        at java.util.concurrent.locks.AbstractQueuedSynchronizer$ConditionObject.awaitNanos(AbstractQueuedSynchronizer.java:2078)
        at java.util.concurrent.LinkedBlockingQueue.poll(LinkedBlockingQueue.java:467)
        at org.apache.hadoop.ipc.CallQueueManager.take(CallQueueManager.java:317)
        at org.apache.hadoop.ipc.Server$Handler.run(Server.java:2992)
"21b868c3-9969-4e13-ad52-9b0ac48fd138@group-B5BFF1395F48-FollowerState" daemon prio=5 tid=398 timed_waiting
java.lang.Thread.State: TIMED_WAITING
        at java.lang.Thread.sleep(Native Method)
        at java.lang.Thread.sleep(Thread.java:342)
        at java.util.concurrent.TimeUnit.sleep(TimeUnit.java:386)
        at org.apache.ratis.util.TimeDuration.sleep(TimeDuration.java:325)
        at org.apache.ratis.util.TimeDuration.sleep(TimeDuration.java:310)
        at org.apache.ratis.server.impl.FollowerState.run(FollowerState.java:128)
"ContainerOp-cd8abe94-f173-4052-9509-b5bff1395f48-0"  prio=5 tid=428 in Object.wait()
java.lang.Thread.State: WAITING (on object monitor)
        at sun.misc.Unsafe.park(Native Method)
        at java.util.concurrent.locks.LockSupport.park(LockSupport.java:175)
        at java.util.concurrent.locks.AbstractQueuedSynchronizer$ConditionObject.await(AbstractQueuedSynchronizer.java:2039)
        at java.util.concurrent.LinkedBlockingQueue.take(LinkedBlockingQueue.java:442)
        at java.util.concurrent.ThreadPoolExecutor.getTask(ThreadPoolExecutor.java:1074)
        at java.util.concurrent.ThreadPoolExecutor.runWorker(ThreadPoolExecutor.java:1134)
        at java.util.concurrent.ThreadPoolExecutor$Worker.run(ThreadPoolExecutor.java:624)
        at java.lang.Thread.run(Thread.java:750)
"qtp551301975-155" daemon prio=5 tid=155 timed_waiting
java.lang.Thread.State: TIMED_WAITING
        at sun.misc.Unsafe.park(Native Method)
        at java.util.concurrent.locks.LockSupport.parkNanos(LockSupport.java:215)
        at java.util.concurrent.locks.AbstractQueuedSynchronizer$ConditionObject.awaitNanos(AbstractQueuedSynchronizer.java:2078)
        at org.eclipse.jetty.util.BlockingArrayQueue.poll(BlockingArrayQueue.java:382)
        at org.eclipse.jetty.util.thread.QueuedThreadPool$Runner.idleJobPoll(QueuedThreadPool.java:974)
        at org.eclipse.jetty.util.thread.QueuedThreadPool$Runner.run(QueuedThreadPool.java:1018)
        at java.lang.Thread.run(Thread.java:750)
"4bcfc98d-1351-440f-af15-56158ce83d77@group-88854C34A86D-StateMachineUpdater" daemon prio=5 tid=338 timed_waiting
java.lang.Thread.State: TIMED_WAITING
        at sun.misc.Unsafe.park(Native Method)
        at java.util.concurrent.locks.LockSupport.parkNanos(LockSupport.java:215)
        at java.util.concurrent.locks.AbstractQueuedSynchronizer$ConditionObject.await(AbstractQueuedSynchronizer.java:2163)
        at org.apache.ratis.util.AwaitForSignal.await(AwaitForSignal.java:62)
        at org.apache.ratis.server.impl.StateMachineUpdater.waitForCommit(StateMachineUpdater.java:207)
        at org.apache.ratis.server.impl.StateMachineUpdater.run(StateMachineUpdater.java:176)
        at java.lang.Thread.run(Thread.java:750)
"IPC Server handler 18 on default port 36647" daemon prio=5 tid=67 timed_waiting
java.lang.Thread.State: TIMED_WAITING
        at sun.misc.Unsafe.park(Native Method)
        at java.util.concurrent.locks.LockSupport.parkNanos(LockSupport.java:215)
        at java.util.concurrent.locks.AbstractQueuedSynchronizer$ConditionObject.awaitNanos(AbstractQueuedSynchronizer.java:2078)
        at java.util.concurrent.LinkedBlockingQueue.poll(LinkedBlockingQueue.java:467)
        at org.apache.hadoop.ipc.CallQueueManager.take(CallQueueManager.java:317)
        at org.apache.hadoop.ipc.Server$Handler.run(Server.java:2992)
"EventQueue-NodeRegistrationContainerReportForContainerSafeModeRule" daemon prio=5 tid=312 in Object.wait()
java.lang.Thread.State: WAITING (on object monitor)
        at sun.misc.Unsafe.park(Native Method)
        at java.util.concurrent.locks.LockSupport.park(LockSupport.java:175)
        at java.util.concurrent.locks.AbstractQueuedSynchronizer$ConditionObject.await(AbstractQueuedSynchronizer.java:2039)
        at java.util.concurrent.LinkedBlockingQueue.take(LinkedBlockingQueue.java:442)
        at java.util.concurrent.ThreadPoolExecutor.getTask(ThreadPoolExecutor.java:1074)
        at java.util.concurrent.ThreadPoolExecutor.runWorker(ThreadPoolExecutor.java:1134)
        at java.util.concurrent.ThreadPoolExecutor$Worker.run(ThreadPoolExecutor.java:624)
        at java.lang.Thread.run(Thread.java:750)
"qtp527477577-250" daemon prio=5 tid=250 timed_waiting
java.lang.Thread.State: TIMED_WAITING
        at sun.misc.Unsafe.park(Native Method)
        at java.util.concurrent.locks.LockSupport.parkNanos(LockSupport.java:215)
        at java.util.concurrent.locks.AbstractQueuedSynchronizer$ConditionObject.awaitNanos(AbstractQueuedSynchronizer.java:2078)
        at org.eclipse.jetty.util.BlockingArrayQueue.poll(BlockingArrayQueue.java:382)
        at org.eclipse.jetty.util.thread.QueuedThreadPool$Runner.idleJobPoll(QueuedThreadPool.java:974)
        at org.eclipse.jetty.util.thread.QueuedThreadPool$Runner.run(QueuedThreadPool.java:1018)
        at java.lang.Thread.run(Thread.java:750)
"qtp551301975-156" daemon prio=5 tid=156 timed_waiting
java.lang.Thread.State: TIMED_WAITING
        at sun.misc.Unsafe.park(Native Method)
        at java.util.concurrent.locks.LockSupport.parkNanos(LockSupport.java:215)
        at java.util.concurrent.locks.AbstractQueuedSynchronizer$ConditionObject.awaitNanos(AbstractQueuedSynchronizer.java:2078)
        at org.eclipse.jetty.util.BlockingArrayQueue.poll(BlockingArrayQueue.java:382)
        at org.eclipse.jetty.util.thread.QueuedThreadPool$Runner.idleJobPoll(QueuedThreadPool.java:974)
        at org.eclipse.jetty.util.thread.QueuedThreadPool$Runner.run(QueuedThreadPool.java:1018)
        at java.lang.Thread.run(Thread.java:750)
"IPC Server handler 9 on default port 36703" daemon prio=5 tid=78 timed_waiting
java.lang.Thread.State: TIMED_WAITING
        at sun.misc.Unsafe.park(Native Method)
        at java.util.concurrent.locks.LockSupport.parkNanos(LockSupport.java:215)
        at java.util.concurrent.locks.AbstractQueuedSynchronizer$ConditionObject.awaitNanos(AbstractQueuedSynchronizer.java:2078)
        at java.util.concurrent.LinkedBlockingQueue.poll(LinkedBlockingQueue.java:467)
        at org.apache.hadoop.ipc.CallQueueManager.take(CallQueueManager.java:317)
        at org.apache.hadoop.ipc.Server$Handler.run(Server.java:2992)
"4bcfc98d-1351-440f-af15-56158ce83d77@group-B5BFF1395F48-SegmentedRaftLogWorker"  prio=5 tid=349 timed_waiting
java.lang.Thread.State: TIMED_WAITING
        at sun.misc.Unsafe.park(Native Method)
        at java.util.concurrent.locks.LockSupport.parkNanos(LockSupport.java:215)
        at java.util.concurrent.locks.AbstractQueuedSynchronizer$ConditionObject.awaitNanos(AbstractQueuedSynchronizer.java:2078)
        at org.apache.ratis.util.DataBlockingQueue.poll(DataBlockingQueue.java:148)
        at org.apache.ratis.server.raftlog.segmented.SegmentedRaftLogWorker.run(SegmentedRaftLogWorker.java:312)
        at org.apache.ratis.server.raftlog.segmented.SegmentedRaftLogWorker$$Lambda$686/78095376.run(Unknown Source)
        at java.lang.Thread.run(Thread.java:750)
"EventQueue-OpenPipelineForHealthyPipelineSafeModeRule" daemon prio=5 tid=320 in Object.wait()
java.lang.Thread.State: WAITING (on object monitor)
        at sun.misc.Unsafe.park(Native Method)
        at java.util.concurrent.locks.LockSupport.park(LockSupport.java:175)
        at java.util.concurrent.locks.AbstractQueuedSynchronizer$ConditionObject.await(AbstractQueuedSynchronizer.java:2039)
        at java.util.concurrent.LinkedBlockingQueue.take(LinkedBlockingQueue.java:442)
        at java.util.concurrent.ThreadPoolExecutor.getTask(ThreadPoolExecutor.java:1074)
        at java.util.concurrent.ThreadPoolExecutor.runWorker(ThreadPoolExecutor.java:1134)
        at java.util.concurrent.ThreadPoolExecutor$Worker.run(ThreadPoolExecutor.java:624)
        at java.lang.Thread.run(Thread.java:750)
"pool-79-thread-1"  prio=5 tid=318 in Object.wait()
java.lang.Thread.State: WAITING (on object monitor)
        at sun.misc.Unsafe.park(Native Method)
        at java.util.concurrent.locks.LockSupport.park(LockSupport.java:175)
        at java.util.concurrent.locks.AbstractQueuedSynchronizer$ConditionObject.await(AbstractQueuedSynchronizer.java:2039)
        at java.util.concurrent.LinkedBlockingQueue.take(LinkedBlockingQueue.java:442)
        at java.util.concurrent.ThreadPoolExecutor.getTask(ThreadPoolExecutor.java:1074)
        at java.util.concurrent.ThreadPoolExecutor.runWorker(ThreadPoolExecutor.java:1134)
        at java.util.concurrent.ThreadPoolExecutor$Worker.run(ThreadPoolExecutor.java:624)
        at java.lang.Thread.run(Thread.java:750)
"ContainerOp-fe8f8231-531f-40c6-a24e-b6dddc8024d4-6"  prio=5 tid=489 in Object.wait()
java.lang.Thread.State: WAITING (on object monitor)
        at sun.misc.Unsafe.park(Native Method)
        at java.util.concurrent.locks.LockSupport.park(LockSupport.java:175)
        at java.util.concurrent.locks.AbstractQueuedSynchronizer$ConditionObject.await(AbstractQueuedSynchronizer.java:2039)
        at java.util.concurrent.LinkedBlockingQueue.take(LinkedBlockingQueue.java:442)
        at java.util.concurrent.ThreadPoolExecutor.getTask(ThreadPoolExecutor.java:1074)
        at java.util.concurrent.ThreadPoolExecutor.runWorker(ThreadPoolExecutor.java:1134)
        at java.util.concurrent.ThreadPoolExecutor$Worker.run(ThreadPoolExecutor.java:624)
        at java.lang.Thread.run(Thread.java:750)
"BlockDeletingService#3" daemon prio=5 tid=652 in Object.wait()
java.lang.Thread.State: WAITING (on object monitor)
        at sun.misc.Unsafe.park(Native Method)
        at java.util.concurrent.locks.LockSupport.park(LockSupport.java:175)
        at java.util.concurrent.locks.AbstractQueuedSynchronizer$ConditionObject.await(AbstractQueuedSynchronizer.java:2039)
        at java.util.concurrent.ScheduledThreadPoolExecutor$DelayedWorkQueue.take(ScheduledThreadPoolExecutor.java:1088)
        at java.util.concurrent.ScheduledThreadPoolExecutor$DelayedWorkQueue.take(ScheduledThreadPoolExecutor.java:809)
        at java.util.concurrent.ThreadPoolExecutor.getTask(ThreadPoolExecutor.java:1074)
        at java.util.concurrent.ThreadPoolExecutor.runWorker(ThreadPoolExecutor.java:1134)
        at java.util.concurrent.ThreadPoolExecutor$Worker.run(ThreadPoolExecutor.java:624)
        at java.lang.Thread.run(Thread.java:750)
"qtp527477577-252" daemon prio=5 tid=252 timed_waiting
java.lang.Thread.State: TIMED_WAITING
        at sun.misc.Unsafe.park(Native Method)
        at java.util.concurrent.locks.LockSupport.parkNanos(LockSupport.java:215)
        at java.util.concurrent.locks.AbstractQueuedSynchronizer$ConditionObject.awaitNanos(AbstractQueuedSynchronizer.java:2078)
        at org.eclipse.jetty.util.BlockingArrayQueue.poll(BlockingArrayQueue.java:382)
        at org.eclipse.jetty.util.thread.QueuedThreadPool$Runner.idleJobPoll(QueuedThreadPool.java:974)
        at org.eclipse.jetty.util.thread.QueuedThreadPool$Runner.run(QueuedThreadPool.java:1018)
        at java.lang.Thread.run(Thread.java:750)
"EventQueue-PipelineReportForPipelineReportHandler" daemon prio=5 tid=314 in Object.wait()
java.lang.Thread.State: WAITING (on object monitor)
        at sun.misc.Unsafe.park(Native Method)
        at java.util.concurrent.locks.LockSupport.park(LockSupport.java:175)
        at java.util.concurrent.locks.AbstractQueuedSynchronizer$ConditionObject.await(AbstractQueuedSynchronizer.java:2039)
        at java.util.concurrent.LinkedBlockingQueue.take(LinkedBlockingQueue.java:442)
        at java.util.concurrent.ThreadPoolExecutor.getTask(ThreadPoolExecutor.java:1074)
        at java.util.concurrent.ThreadPoolExecutor.runWorker(ThreadPoolExecutor.java:1134)
        at java.util.concurrent.ThreadPoolExecutor$Worker.run(ThreadPoolExecutor.java:624)
        at java.lang.Thread.run(Thread.java:750)
"pool-165-thread-1"  prio=5 tid=608 timed_waiting
java.lang.Thread.State: TIMED_WAITING
        at sun.misc.Unsafe.park(Native Method)
        at java.util.concurrent.locks.LockSupport.parkNanos(LockSupport.java:215)
        at java.util.concurrent.locks.AbstractQueuedSynchronizer$ConditionObject.awaitNanos(AbstractQueuedSynchronizer.java:2078)
        at java.util.concurrent.ScheduledThreadPoolExecutor$DelayedWorkQueue.take(ScheduledThreadPoolExecutor.java:1093)
        at java.util.concurrent.ScheduledThreadPoolExecutor$DelayedWorkQueue.take(ScheduledThreadPoolExecutor.java:809)
        at java.util.concurrent.ThreadPoolExecutor.getTask(ThreadPoolExecutor.java:1074)
        at java.util.concurrent.ThreadPoolExecutor.runWorker(ThreadPoolExecutor.java:1134)
        at java.util.concurrent.ThreadPoolExecutor$Worker.run(ThreadPoolExecutor.java:624)
        at java.lang.Thread.run(Thread.java:750)
"StaleRecoveringContainerScrubbingService#1" daemon prio=5 tid=284 in Object.wait()
java.lang.Thread.State: WAITING (on object monitor)
        at sun.misc.Unsafe.park(Native Method)
        at java.util.concurrent.locks.LockSupport.park(LockSupport.java:175)
        at java.util.concurrent.locks.AbstractQueuedSynchronizer$ConditionObject.await(AbstractQueuedSynchronizer.java:2039)
        at java.util.concurrent.ScheduledThreadPoolExecutor$DelayedWorkQueue.take(ScheduledThreadPoolExecutor.java:1088)
        at java.util.concurrent.ScheduledThreadPoolExecutor$DelayedWorkQueue.take(ScheduledThreadPoolExecutor.java:809)
        at java.util.concurrent.ThreadPoolExecutor.getTask(ThreadPoolExecutor.java:1074)
        at java.util.concurrent.ThreadPoolExecutor.runWorker(ThreadPoolExecutor.java:1134)
        at java.util.concurrent.ThreadPoolExecutor$Worker.run(ThreadPoolExecutor.java:624)
        at java.lang.Thread.run(Thread.java:750)
"IPC Server idle connection scanner for port 45463" daemon prio=5 tid=136 timed_waiting
java.lang.Thread.State: TIMED_WAITING
        at java.lang.Object.wait(Native Method)
        at java.util.TimerThread.mainLoop(Timer.java:552)
        at java.util.TimerThread.run(Timer.java:505)
"Session-HouseKeeper-25630ede-1"  prio=5 tid=121 timed_waiting
java.lang.Thread.State: TIMED_WAITING
        at sun.misc.Unsafe.park(Native Method)
        at java.util.concurrent.locks.LockSupport.parkNanos(LockSupport.java:215)
        at java.util.concurrent.locks.AbstractQueuedSynchronizer$ConditionObject.awaitNanos(AbstractQueuedSynchronizer.java:2078)
        at java.util.concurrent.ScheduledThreadPoolExecutor$DelayedWorkQueue.take(ScheduledThreadPoolExecutor.java:1093)
        at java.util.concurrent.ScheduledThreadPoolExecutor$DelayedWorkQueue.take(ScheduledThreadPoolExecutor.java:809)
        at java.util.concurrent.ThreadPoolExecutor.getTask(ThreadPoolExecutor.java:1074)
        at java.util.concurrent.ThreadPoolExecutor.runWorker(ThreadPoolExecutor.java:1134)
        at java.util.concurrent.ThreadPoolExecutor$Worker.run(ThreadPoolExecutor.java:624)
        at java.lang.Thread.run(Thread.java:750)
"BlockDeletingService#2" daemon prio=5 tid=644 in Object.wait()
java.lang.Thread.State: WAITING (on object monitor)
        at sun.misc.Unsafe.park(Native Method)
        at java.util.concurrent.locks.LockSupport.park(LockSupport.java:175)
        at java.util.concurrent.locks.AbstractQueuedSynchronizer$ConditionObject.await(AbstractQueuedSynchronizer.java:2039)
        at java.util.concurrent.ScheduledThreadPoolExecutor$DelayedWorkQueue.take(ScheduledThreadPoolExecutor.java:1088)
        at java.util.concurrent.ScheduledThreadPoolExecutor$DelayedWorkQueue.take(ScheduledThreadPoolExecutor.java:809)
        at java.util.concurrent.ThreadPoolExecutor.getTask(ThreadPoolExecutor.java:1074)
        at java.util.concurrent.ThreadPoolExecutor.runWorker(ThreadPoolExecutor.java:1134)
        at java.util.concurrent.ThreadPoolExecutor$Worker.run(ThreadPoolExecutor.java:624)
        at java.lang.Thread.run(Thread.java:750)
"EventQueue-DatanodeCommandQueueUpdatedForDatanodeCommandCountUpdatedHandler" daemon prio=5 tid=317 in Object.wait()
java.lang.Thread.State: WAITING (on object monitor)
        at sun.misc.Unsafe.park(Native Method)
        at java.util.concurrent.locks.LockSupport.park(LockSupport.java:175)
        at java.util.concurrent.locks.AbstractQueuedSynchronizer$ConditionObject.await(AbstractQueuedSynchronizer.java:2039)
        at java.util.concurrent.LinkedBlockingQueue.take(LinkedBlockingQueue.java:442)
        at java.util.concurrent.ThreadPoolExecutor.getTask(ThreadPoolExecutor.java:1074)
        at java.util.concurrent.ThreadPoolExecutor.runWorker(ThreadPoolExecutor.java:1134)
        at java.util.concurrent.ThreadPoolExecutor$Worker.run(ThreadPoolExecutor.java:624)
        at java.lang.Thread.run(Thread.java:750)
"EndpointStateMachine task thread for /0.0.0.0:37905 - 0 "  prio=5 tid=273 in Object.wait()
java.lang.Thread.State: WAITING (on object monitor)
        at sun.misc.Unsafe.park(Native Method)
        at java.util.concurrent.locks.LockSupport.park(LockSupport.java:175)
        at java.util.concurrent.locks.AbstractQueuedSynchronizer$ConditionObject.await(AbstractQueuedSynchronizer.java:2039)
        at java.util.concurrent.LinkedBlockingQueue.take(LinkedBlockingQueue.java:442)
        at java.util.concurrent.ThreadPoolExecutor.getTask(ThreadPoolExecutor.java:1074)
        at java.util.concurrent.ThreadPoolExecutor.runWorker(ThreadPoolExecutor.java:1134)
        at java.util.concurrent.ThreadPoolExecutor$Worker.run(ThreadPoolExecutor.java:624)
        at java.lang.Thread.run(Thread.java:750)
"IPC Server idle connection scanner for port 36647" daemon prio=5 tid=35 timed_waiting
java.lang.Thread.State: TIMED_WAITING
        at java.lang.Object.wait(Native Method)
        at java.util.TimerThread.mainLoop(Timer.java:552)
        at java.util.TimerThread.run(Timer.java:505)
"Command processor thread" daemon prio=5 tid=236 timed_waiting
java.lang.Thread.State: TIMED_WAITING
        at java.lang.Thread.sleep(Native Method)
        at org.apache.hadoop.ozone.container.common.statemachine.DatanodeStateMachine.lambda$initCommandHandlerThread$3(DatanodeStateMachine.java:649)
        at org.apache.hadoop.ozone.container.common.statemachine.DatanodeStateMachine$$Lambda$870/1388029857.run(Unknown Source)
        at java.lang.Thread.run(Thread.java:750)
"qtp551301975-154" daemon prio=5 tid=154 timed_waiting
java.lang.Thread.State: TIMED_WAITING
        at sun.misc.Unsafe.park(Native Method)
        at java.util.concurrent.locks.LockSupport.parkNanos(LockSupport.java:215)
        at java.util.concurrent.locks.AbstractQueuedSynchronizer$ConditionObject.awaitNanos(AbstractQueuedSynchronizer.java:2078)
        at org.eclipse.jetty.util.BlockingArrayQueue.poll(BlockingArrayQueue.java:382)
        at org.eclipse.jetty.util.thread.QueuedThreadPool$Runner.idleJobPoll(QueuedThreadPool.java:974)
        at org.eclipse.jetty.util.thread.QueuedThreadPool$Runner.run(QueuedThreadPool.java:1018)
        at java.lang.Thread.run(Thread.java:750)
"IPC Server handler 14 on default port 36703" daemon prio=5 tid=83 timed_waiting
java.lang.Thread.State: TIMED_WAITING
        at sun.misc.Unsafe.park(Native Method)
        at java.util.concurrent.locks.LockSupport.parkNanos(LockSupport.java:215)
        at java.util.concurrent.locks.AbstractQueuedSynchronizer$ConditionObject.awaitNanos(AbstractQueuedSynchronizer.java:2078)
        at java.util.concurrent.LinkedBlockingQueue.poll(LinkedBlockingQueue.java:467)
        at org.apache.hadoop.ipc.CallQueueManager.take(CallQueueManager.java:317)
        at org.apache.hadoop.ipc.Server$Handler.run(Server.java:2992)
"StaleRecoveringContainerScrubbingService#1" daemon prio=5 tid=296 in Object.wait()
java.lang.Thread.State: WAITING (on object monitor)
        at sun.misc.Unsafe.park(Native Method)
        at java.util.concurrent.locks.LockSupport.park(LockSupport.java:175)
        at java.util.concurrent.locks.AbstractQueuedSynchronizer$ConditionObject.await(AbstractQueuedSynchronizer.java:2039)
        at java.util.concurrent.ScheduledThreadPoolExecutor$DelayedWorkQueue.take(ScheduledThreadPoolExecutor.java:1088)
        at java.util.concurrent.ScheduledThreadPoolExecutor$DelayedWorkQueue.take(ScheduledThreadPoolExecutor.java:809)
        at java.util.concurrent.ThreadPoolExecutor.getTask(ThreadPoolExecutor.java:1074)
        at java.util.concurrent.ThreadPoolExecutor.runWorker(ThreadPoolExecutor.java:1134)
        at java.util.concurrent.ThreadPoolExecutor$Worker.run(ThreadPoolExecutor.java:624)
        at java.lang.Thread.run(Thread.java:750)
"StaleRecoveringContainerScrubbingService#3" daemon prio=5 tid=651 in Object.wait()
java.lang.Thread.State: WAITING (on object monitor)
        at sun.misc.Unsafe.park(Native Method)
        at java.util.concurrent.locks.LockSupport.park(LockSupport.java:175)
        at java.util.concurrent.locks.AbstractQueuedSynchronizer$ConditionObject.await(AbstractQueuedSynchronizer.java:2039)
        at java.util.concurrent.ScheduledThreadPoolExecutor$DelayedWorkQueue.take(ScheduledThreadPoolExecutor.java:1088)
        at java.util.concurrent.ScheduledThreadPoolExecutor$DelayedWorkQueue.take(ScheduledThreadPoolExecutor.java:809)
        at java.util.concurrent.ThreadPoolExecutor.getTask(ThreadPoolExecutor.java:1074)
        at java.util.concurrent.ThreadPoolExecutor.runWorker(ThreadPoolExecutor.java:1134)
        at java.util.concurrent.ThreadPoolExecutor$Worker.run(ThreadPoolExecutor.java:624)
        at java.lang.Thread.run(Thread.java:750)
"qtp189945097-196" daemon prio=5 tid=196 timed_waiting
java.lang.Thread.State: TIMED_WAITING
        at sun.misc.Unsafe.park(Native Method)
        at java.util.concurrent.locks.LockSupport.parkNanos(LockSupport.java:215)
        at java.util.concurrent.locks.AbstractQueuedSynchronizer$ConditionObject.awaitNanos(AbstractQueuedSynchronizer.java:2078)
        at org.eclipse.jetty.util.BlockingArrayQueue.poll(BlockingArrayQueue.java:382)
        at org.eclipse.jetty.util.thread.QueuedThreadPool$Runner.idleJobPoll(QueuedThreadPool.java:974)
        at org.eclipse.jetty.util.thread.QueuedThreadPool$Runner.run(QueuedThreadPool.java:1018)
        at java.lang.Thread.run(Thread.java:750)
"BlockDeletingService#2" daemon prio=5 tid=647 in Object.wait()
java.lang.Thread.State: WAITING (on object monitor)
        at sun.misc.Unsafe.park(Native Method)
        at java.util.concurrent.locks.LockSupport.park(LockSupport.java:175)
        at java.util.concurrent.locks.AbstractQueuedSynchronizer$ConditionObject.await(AbstractQueuedSynchronizer.java:2039)
        at java.util.concurrent.ScheduledThreadPoolExecutor$DelayedWorkQueue.take(ScheduledThreadPoolExecutor.java:1088)
        at java.util.concurrent.ScheduledThreadPoolExecutor$DelayedWorkQueue.take(ScheduledThreadPoolExecutor.java:809)
        at java.util.concurrent.ThreadPoolExecutor.getTask(ThreadPoolExecutor.java:1074)
        at java.util.concurrent.ThreadPoolExecutor.runWorker(ThreadPoolExecutor.java:1134)
        at java.util.concurrent.ThreadPoolExecutor$Worker.run(ThreadPoolExecutor.java:624)
        at java.lang.Thread.run(Thread.java:750)
"IPC Server Responder" daemon prio=5 tid=26 runnable
java.lang.Thread.State: RUNNABLE
        at sun.nio.ch.EPollArrayWrapper.epollWait(Native Method)
        at sun.nio.ch.EPollArrayWrapper.poll(EPollArrayWrapper.java:269)
        at sun.nio.ch.EPollSelectorImpl.doSelect(EPollSelectorImpl.java:93)
        at sun.nio.ch.SelectorImpl.lockAndDoSelect(SelectorImpl.java:86)
        at sun.nio.ch.SelectorImpl.select(SelectorImpl.java:97)
        at org.apache.hadoop.ipc.Server$Responder.doRunLoop(Server.java:1578)
        at org.apache.hadoop.ipc.Server$Responder.run(Server.java:1561)
"b1c57afc-121c-455c-bc43-4ffbee8e4677@group-BC2F1AEE5201-SegmentedRaftLogWorker"  prio=5 tid=319 timed_waiting
java.lang.Thread.State: TIMED_WAITING
        at sun.misc.Unsafe.park(Native Method)
        at java.util.concurrent.locks.LockSupport.parkNanos(LockSupport.java:215)
        at java.util.concurrent.locks.AbstractQueuedSynchronizer$ConditionObject.awaitNanos(AbstractQueuedSynchronizer.java:2078)
        at org.apache.ratis.util.DataBlockingQueue.poll(DataBlockingQueue.java:148)
        at org.apache.ratis.server.raftlog.segmented.SegmentedRaftLogWorker.run(SegmentedRaftLogWorker.java:312)
        at org.apache.ratis.server.raftlog.segmented.SegmentedRaftLogWorker$$Lambda$686/78095376.run(Unknown Source)
        at java.lang.Thread.run(Thread.java:750)
"BlockDeletingService#2" daemon prio=5 tid=646 in Object.wait()
java.lang.Thread.State: WAITING (on object monitor)
        at sun.misc.Unsafe.park(Native Method)
        at java.util.concurrent.locks.LockSupport.park(LockSupport.java:175)
        at java.util.concurrent.locks.AbstractQueuedSynchronizer$ConditionObject.await(AbstractQueuedSynchronizer.java:2039)
        at java.util.concurrent.ScheduledThreadPoolExecutor$DelayedWorkQueue.take(ScheduledThreadPoolExecutor.java:1088)
        at java.util.concurrent.ScheduledThreadPoolExecutor$DelayedWorkQueue.take(ScheduledThreadPoolExecutor.java:809)
        at java.util.concurrent.ThreadPoolExecutor.getTask(ThreadPoolExecutor.java:1074)
        at java.util.concurrent.ThreadPoolExecutor.runWorker(ThreadPoolExecutor.java:1134)
        at java.util.concurrent.ThreadPoolExecutor$Worker.run(ThreadPoolExecutor.java:624)
        at java.lang.Thread.run(Thread.java:750)
"b1c57afc-121c-455c-bc43-4ffbee8e4677@group-B6DDDC8024D4-FollowerState" daemon prio=5 tid=374 timed_waiting
java.lang.Thread.State: TIMED_WAITING
        at java.lang.Thread.sleep(Native Method)
        at java.lang.Thread.sleep(Thread.java:342)
        at java.util.concurrent.TimeUnit.sleep(TimeUnit.java:386)
        at org.apache.ratis.util.TimeDuration.sleep(TimeDuration.java:325)
        at org.apache.ratis.util.TimeDuration.sleep(TimeDuration.java:310)
        at org.apache.ratis.server.impl.FollowerState.run(FollowerState.java:128)
"4bcfc98d-1351-440f-af15-56158ce83d77@group-B5BFF1395F48-StateMachineUpdater" daemon prio=5 tid=351 timed_waiting
java.lang.Thread.State: TIMED_WAITING
        at sun.misc.Unsafe.park(Native Method)
        at java.util.concurrent.locks.LockSupport.parkNanos(LockSupport.java:215)
        at java.util.concurrent.locks.AbstractQueuedSynchronizer$ConditionObject.await(AbstractQueuedSynchronizer.java:2163)
        at org.apache.ratis.util.AwaitForSignal.await(AwaitForSignal.java:62)
        at org.apache.ratis.server.impl.StateMachineUpdater.waitForCommit(StateMachineUpdater.java:207)
        at org.apache.ratis.server.impl.StateMachineUpdater.run(StateMachineUpdater.java:176)
        at java.lang.Thread.run(Thread.java:750)
"4bcfc98d-1351-440f-af15-56158ce83d77@group-B6DDDC8024D4->21b868c3-9969-4e13-ad52-9b0ac48fd138-GrpcLogAppender-LogAppenderDaemon" daemon prio=5 tid=378 timed_waiting
java.lang.Thread.State: TIMED_WAITING
        at sun.misc.Unsafe.park(Native Method)
        at java.util.concurrent.locks.LockSupport.parkNanos(LockSupport.java:215)
        at java.util.concurrent.locks.AbstractQueuedSynchronizer$ConditionObject.await(AbstractQueuedSynchronizer.java:2163)
        at org.apache.ratis.util.AwaitForSignal.await(AwaitForSignal.java:62)
        at org.apache.ratis.grpc.server.GrpcLogAppender.mayWait(GrpcLogAppender.java:198)
        at org.apache.ratis.grpc.server.GrpcLogAppender.run(GrpcLogAppender.java:148)
        at org.apache.ratis.server.leader.LogAppenderDaemon.run(LogAppenderDaemon.java:78)
        at org.apache.ratis.server.leader.LogAppenderDaemon$$Lambda$1135/499583845.run(Unknown Source)
        at java.lang.Thread.run(Thread.java:750)
"IPC Server Responder" daemon prio=5 tid=31 runnable
java.lang.Thread.State: RUNNABLE
        at sun.nio.ch.EPollArrayWrapper.epollWait(Native Method)
        at sun.nio.ch.EPollArrayWrapper.poll(EPollArrayWrapper.java:269)
        at sun.nio.ch.EPollSelectorImpl.doSelect(EPollSelectorImpl.java:93)
        at sun.nio.ch.SelectorImpl.lockAndDoSelect(SelectorImpl.java:86)
        at sun.nio.ch.SelectorImpl.select(SelectorImpl.java:97)
        at org.apache.hadoop.ipc.Server$Responder.doRunLoop(Server.java:1578)
        at org.apache.hadoop.ipc.Server$Responder.run(Server.java:1561)


	at org.apache.ozone.test.GenericTestUtils.waitFor(GenericTestUtils.java:231)
	at org.apache.hadoop.fs.ozone.TestDirectoryDeletingServiceWithFSO.assertTableRowCount(TestDirectoryDeletingServiceWithFSO.java:509)
	at org.apache.hadoop.fs.ozone.TestDirectoryDeletingServiceWithFSO.testDirDeletedTableCleanUpForSnapshot(TestDirectoryDeletingServiceWithFSO.java:451)
	at sun.reflect.NativeMethodAccessorImpl.invoke0(Native Method)
	at sun.reflect.NativeMethodAccessorImpl.invoke(NativeMethodAccessorImpl.java:62)
	at sun.reflect.DelegatingMethodAccessorImpl.invoke(DelegatingMethodAccessorImpl.java:43)
	at java.lang.reflect.Method.invoke(Method.java:498)
	at org.junit.platform.commons.util.ReflectionUtils.invokeMethod(ReflectionUtils.java:725)
	at org.junit.jupiter.engine.execution.MethodInvocation.proceed(MethodInvocation.java:60)
	at org.junit.jupiter.engine.execution.InvocationInterceptorChain$ValidatingInvocation.proceed(InvocationInterceptorChain.java:131)
	at org.junit.jupiter.engine.extension.TimeoutInvocation.proceed(TimeoutInvocation.java:46)
	at org.junit.jupiter.engine.extension.TimeoutExtension.intercept(TimeoutExtension.java:149)
	at org.junit.jupiter.engine.extension.TimeoutExtension.interceptTestableMethod(TimeoutExtension.java:140)
	at org.junit.jupiter.engine.extension.TimeoutExtension.interceptTestMethod(TimeoutExtension.java:84)
	at org.junit.jupiter.engine.execution.ExecutableInvoker$ReflectiveInterceptorCall.lambda$ofVoidMethod$0(ExecutableInvoker.java:115)
	at org.junit.jupiter.engine.execution.ExecutableInvoker.lambda$invoke$0(ExecutableInvoker.java:105)
	at org.junit.jupiter.engine.execution.InvocationInterceptorChain$InterceptedInvocation.proceed(InvocationInterceptorChain.java:106)
	at org.junit.jupiter.engine.execution.InvocationInterceptorChain.proceed(InvocationInterceptorChain.java:64)
	at org.junit.jupiter.engine.execution.InvocationInterceptorChain.chainAndInvoke(InvocationInterceptorChain.java:45)
	at org.junit.jupiter.engine.execution.InvocationInterceptorChain.invoke(InvocationInterceptorChain.java:37)
	at org.junit.jupiter.engine.execution.ExecutableInvoker.invoke(ExecutableInvoker.java:104)
	at org.junit.jupiter.engine.execution.ExecutableInvoker.invoke(ExecutableInvoker.java:98)
	at org.junit.jupiter.engine.descriptor.TestMethodTestDescriptor.lambda$invokeTestMethod$7(TestMethodTestDescriptor.java:214)
	at org.junit.platform.engine.support.hierarchical.ThrowableCollector.execute(ThrowableCollector.java:73)
	at org.junit.jupiter.engine.descriptor.TestMethodTestDescriptor.invokeTestMethod(TestMethodTestDescriptor.java:210)
	at org.junit.jupiter.engine.descriptor.TestMethodTestDescriptor.execute(TestMethodTestDescriptor.java:135)
	at org.junit.jupiter.engine.descriptor.TestMethodTestDescriptor.execute(TestMethodTestDescriptor.java:66)
	at org.junit.platform.engine.support.hierarchical.NodeTestTask.lambda$executeRecursively$6(NodeTestTask.java:151)
	at org.junit.platform.engine.support.hierarchical.ThrowableCollector.execute(ThrowableCollector.java:73)
	at org.junit.platform.engine.support.hierarchical.NodeTestTask.lambda$executeRecursively$8(NodeTestTask.java:141)
	at org.junit.platform.engine.support.hierarchical.Node.around(Node.java:137)
	at org.junit.platform.engine.support.hierarchical.NodeTestTask.lambda$executeRecursively$9(NodeTestTask.java:139)
	at org.junit.platform.engine.support.hierarchical.ThrowableCollector.execute(ThrowableCollector.java:73)
	at org.junit.platform.engine.support.hierarchical.NodeTestTask.executeRecursively(NodeTestTask.java:138)
	at org.junit.platform.engine.support.hierarchical.NodeTestTask.execute(NodeTestTask.java:95)
	at java.util.ArrayList.forEach(ArrayList.java:1259)
	at org.junit.platform.engine.support.hierarchical.SameThreadHierarchicalTestExecutorService.invokeAll(SameThreadHierarchicalTestExecutorService.java:41)
	at org.junit.platform.engine.support.hierarchical.NodeTestTask.lambda$executeRecursively$6(NodeTestTask.java:155)
	at org.junit.platform.engine.support.hierarchical.ThrowableCollector.execute(ThrowableCollector.java:73)
	at org.junit.platform.engine.support.hierarchical.NodeTestTask.lambda$executeRecursively$8(NodeTestTask.java:141)
	at org.junit.platform.engine.support.hierarchical.Node.around(Node.java:137)
	at org.junit.platform.engine.support.hierarchical.NodeTestTask.lambda$executeRecursively$9(NodeTestTask.java:139)
	at org.junit.platform.engine.support.hierarchical.ThrowableCollector.execute(ThrowableCollector.java:73)
	at org.junit.platform.engine.support.hierarchical.NodeTestTask.executeRecursively(NodeTestTask.java:138)
	at org.junit.platform.engine.support.hierarchical.NodeTestTask.execute(NodeTestTask.java:95)
	at java.util.ArrayList.forEach(ArrayList.java:1259)
	at org.junit.platform.engine.support.hierarchical.SameThreadHierarchicalTestExecutorService.invokeAll(SameThreadHierarchicalTestExecutorService.java:41)
	at org.junit.platform.engine.support.hierarchical.NodeTestTask.lambda$executeRecursively$6(NodeTestTask.java:155)
	at org.junit.platform.engine.support.hierarchical.ThrowableCollector.execute(ThrowableCollector.java:73)
	at org.junit.platform.engine.support.hierarchical.NodeTestTask.lambda$executeRecursively$8(NodeTestTask.java:141)
	at org.junit.platform.engine.support.hierarchical.Node.around(Node.java:137)
	at org.junit.platform.engine.support.hierarchical.NodeTestTask.lambda$executeRecursively$9(NodeTestTask.java:139)
	at org.junit.platform.engine.support.hierarchical.ThrowableCollector.execute(ThrowableCollector.java:73)
	at org.junit.platform.engine.support.hierarchical.NodeTestTask.executeRecursively(NodeTestTask.java:138)
	at org.junit.platform.engine.support.hierarchical.NodeTestTask.execute(NodeTestTask.java:95)
	at org.junit.platform.engine.support.hierarchical.SameThreadHierarchicalTestExecutorService.submit(SameThreadHierarchicalTestExecutorService.java:35)
	at org.junit.platform.engine.support.hierarchical.HierarchicalTestExecutor.execute(HierarchicalTestExecutor.java:57)
	at org.junit.platform.engine.support.hierarchical.HierarchicalTestEngine.execute(HierarchicalTestEngine.java:54)
	at org.junit.platform.launcher.core.EngineExecutionOrchestrator.execute(EngineExecutionOrchestrator.java:107)
	at org.junit.platform.launcher.core.EngineExecutionOrchestrator.execute(EngineExecutionOrchestrator.java:88)
	at org.junit.platform.launcher.core.EngineExecutionOrchestrator.lambda$execute$0(EngineExecutionOrchestrator.java:54)
	at org.junit.platform.launcher.core.EngineExecutionOrchestrator.withInterceptedStreams(EngineExecutionOrchestrator.java:67)
	at org.junit.platform.launcher.core.EngineExecutionOrchestrator.execute(EngineExecutionOrchestrator.java:52)
	at org.junit.platform.launcher.core.DefaultLauncher.execute(DefaultLauncher.java:114)
	at org.junit.platform.launcher.core.DefaultLauncher.execute(DefaultLauncher.java:86)
	at org.junit.platform.launcher.core.DefaultLauncherSession$DelegatingLauncher.execute(DefaultLauncherSession.java:86)
	at org.junit.platform.launcher.core.SessionPerRequestLauncher.execute(SessionPerRequestLauncher.java:53)
	at org.apache.maven.surefire.junitplatform.JUnitPlatformProvider.execute(JUnitPlatformProvider.java:188)
	at org.apache.maven.surefire.junitplatform.JUnitPlatformProvider.invokeAllTests(JUnitPlatformProvider.java:154)
	at org.apache.maven.surefire.junitplatform.JUnitPlatformProvider.invoke(JUnitPlatformProvider.java:124)
	at org.apache.maven.surefire.booter.ForkedBooter.runSuitesInProcess(ForkedBooter.java:428)
	at org.apache.maven.surefire.booter.ForkedBooter.execute(ForkedBooter.java:162)
	at org.apache.maven.surefire.booter.ForkedBooter.run(ForkedBooter.java:562)
	at org.apache.maven.surefire.booter.ForkedBooter.main(ForkedBooter.java:548)
]]></error>
    <system-out><![CDATA[2023-04-18 19:35:04,925 [Finalizer] WARN  managed.ManagedRocksObjectUtils (ManagedRocksObjectUtils.java:assertClosed(54)) - RocksIterator is not closed properly
2023-04-18 19:35:04,925 [Finalizer] WARN  managed.ManagedRocksObjectUtils (ManagedRocksObjectUtils.java:assertClosed(54)) - RocksIterator is not closed properly
2023-04-18 19:35:05,060 [OM StateMachine ApplyTransaction Thread - 0] INFO  key.OMKeyRequest (OMKeyRequest.java:wrapUncommittedBlocksAsPseudoKey(838)) - Detect allocated but uncommitted blocks [{blockID={containerID=2, localID=111677748019200014}, length=4194304, offset=0, token=null, pipeline=null, createVersion=0, partNumber=0}] in key snapDir/appRoot/parentDir0/childFile.
2023-04-18 19:35:05,075 [OM StateMachine ApplyTransaction Thread - 0] INFO  key.OMKeyRequest (OMKeyRequest.java:wrapUncommittedBlocksAsPseudoKey(838)) - Detect allocated but uncommitted blocks [{blockID={containerID=4, localID=111677748019200015}, length=4194304, offset=0, token=null, pipeline=null, createVersion=0, partNumber=0}] in key snapDir/appRoot/parentDir1/childFile.
2023-04-18 19:35:05,090 [OM StateMachine ApplyTransaction Thread - 0] INFO  key.OMKeyRequest (OMKeyRequest.java:wrapUncommittedBlocksAsPseudoKey(838)) - Detect allocated but uncommitted blocks [{blockID={containerID=1, localID=111677748019200016}, length=4194304, offset=0, token=null, pipeline=null, createVersion=0, partNumber=0}] in key snapDir/appRoot/parentDir2/childFile.
2023-04-18 19:35:05,091 [Listener at 127.0.0.1/45463] INFO  ozone.TestDirectoryDeletingServiceWithFSO (TestDirectoryDeletingServiceWithFSO.java:assertTableRowCount(519)) - deletedDirectoryTable actual row count=0, expectedCount=0
2023-04-18 19:35:05,092 [Listener at 127.0.0.1/45463] INFO  ozone.TestDirectoryDeletingServiceWithFSO (TestDirectoryDeletingServiceWithFSO.java:assertTableRowCount(519)) - fileTable actual row count=8, expectedCount=8
2023-04-18 19:35:05,092 [Listener at 127.0.0.1/45463] INFO  ozone.TestDirectoryDeletingServiceWithFSO (TestDirectoryDeletingServiceWithFSO.java:assertTableRowCount(519)) - directoryTable actual row count=5, expectedCount=5
2023-04-18 19:35:05,134 [OM StateMachine ApplyTransaction Thread - 0] INFO  snapshot.OMSnapshotCreateRequest (OMSnapshotCreateRequest.java:validateAndUpdateCache(224)) - Created snapshot 'snap1' under path 'volume14301/bucket39124'
2023-04-18 19:35:05,136 [Listener at 127.0.0.1/45463] INFO  ozone.TestDirectoryDeletingServiceWithFSO (TestDirectoryDeletingServiceWithFSO.java:assertTableRowCount(519)) - snapshotInfoTable actual row count=0, expectedCount=1
2023-04-18 19:35:05,163 [OMDoubleBufferFlushThread] INFO  db.RDBCheckpointManager (RDBCheckpointManager.java:createCheckpoint(89)) - Created checkpoint in rocksDB at /home/runner/work/ozone/ozone/hadoop-ozone/integration-test/target/test-dir/MiniOzoneClusterImpl-184ce46c-7709-4843-8010-c45aadaa38f8/ozone-meta/db.snapshots/checkpointState/om.db-cbad15a0-14ff-41b6-b949-fe202eba8172 in 28 milliseconds
2023-04-18 19:35:05,178 [OMDoubleBufferFlushThread] INFO  db.RDBCheckpointUtils (RDBCheckpointUtils.java:waitForCheckpointDirectoryExist(59)) - Waited for 14 milliseconds for checkpoint directory /home/runner/work/ozone/ozone/hadoop-ozone/integration-test/target/test-dir/MiniOzoneClusterImpl-184ce46c-7709-4843-8010-c45aadaa38f8/ozone-meta/db.snapshots/checkpointState/om.db-cbad15a0-14ff-41b6-b949-fe202eba8172 availability.
2023-04-18 19:35:05,179 [OMDoubleBufferFlushThread] WARN  om.OmSnapshotManager (OmSnapshotManager.java:deleteKeysInSnapshotScopeFromDTableInternal(398)) - Took 204702 ns to clean up deletedTable
2023-04-18 19:35:05,179 [OMDoubleBufferFlushThread] INFO  om.OmSnapshotManager (OmSnapshotManager.java:createOmSnapshotCheckpoint(319)) - Created checkpoint : /home/runner/work/ozone/ozone/hadoop-ozone/integration-test/target/test-dir/MiniOzoneClusterImpl-184ce46c-7709-4843-8010-c45aadaa38f8/ozone-meta/db.snapshots/checkpointState/om.db-cbad15a0-14ff-41b6-b949-fe202eba8172 for snapshot snap1
2023-04-18 19:35:06,136 [Listener at 127.0.0.1/45463] INFO  ozone.TestDirectoryDeletingServiceWithFSO (TestDirectoryDeletingServiceWithFSO.java:assertTableRowCount(519)) - snapshotInfoTable actual row count=1, expectedCount=1
2023-04-18 19:35:06,151 [Listener at 127.0.0.1/45463] INFO  ozone.TestDirectoryDeletingServiceWithFSO (TestDirectoryDeletingServiceWithFSO.java:assertTableRowCount(519)) - fileTable actual row count=6, expectedCount=5
2023-04-18 19:35:06,230 [KeyDeletingService#0] WARN  server.ServerUtils (ServerUtils.java:getDBPath(225)) - ozone.om.db.dirs is not configured. We recommend adding this setting. Falling back to ozone.metadata.dirs instead.
2023-04-18 19:35:06,231 [KeyDeletingService#0] INFO  codec.OmKeyInfoCodec (OmKeyInfoCodec.java:<init>(49)) - OmKeyInfoCodec ignorePipeline = true
2023-04-18 19:35:06,231 [KeyDeletingService#0] INFO  codec.RepeatedOmKeyInfoCodec (RepeatedOmKeyInfoCodec.java:<init>(41)) - RepeatedOmKeyInfoCodec ignorePipeline = true
2023-04-18 19:35:06,288 [KeyDeletingService#0] INFO  audit.AuditLogger (AuditLogger.java:refreshDebugCmdSet(126)) - Refresh DebugCmdSet for OMAudit to [].
2023-04-18 19:35:07,151 [Listener at 127.0.0.1/45463] INFO  ozone.TestDirectoryDeletingServiceWithFSO (TestDirectoryDeletingServiceWithFSO.java:assertTableRowCount(519)) - fileTable actual row count=5, expectedCount=5
2023-04-18 19:35:07,152 [Listener at 127.0.0.1/45463] INFO  ozone.TestDirectoryDeletingServiceWithFSO (TestDirectoryDeletingServiceWithFSO.java:assertTableRowCount(519)) - directoryTable actual row count=5, expectedCount=5
2023-04-18 19:35:07,152 [Listener at 127.0.0.1/45463] INFO  ozone.TestDirectoryDeletingServiceWithFSO (TestDirectoryDeletingServiceWithFSO.java:assertTableRowCount(519)) - deletedDirectoryTable actual row count=0, expectedCount=0
2023-04-18 19:35:07,152 [Listener at 127.0.0.1/45463] INFO  ozone.TestDirectoryDeletingServiceWithFSO (TestDirectoryDeletingServiceWithFSO.java:assertTableRowCount(519)) - deletedTable actual row count=0, expectedCount=3
2023-04-18 19:35:08,152 [Listener at 127.0.0.1/45463] INFO  ozone.TestDirectoryDeletingServiceWithFSO (TestDirectoryDeletingServiceWithFSO.java:assertTableRowCount(519)) - deletedTable actual row count=0, expectedCount=3
2023-04-18 19:35:09,153 [Listener at 127.0.0.1/45463] INFO  ozone.TestDirectoryDeletingServiceWithFSO (TestDirectoryDeletingServiceWithFSO.java:assertTableRowCount(519)) - deletedTable actual row count=0, expectedCount=3
2023-04-18 19:35:10,153 [Listener at 127.0.0.1/45463] INFO  ozone.TestDirectoryDeletingServiceWithFSO (TestDirectoryDeletingServiceWithFSO.java:assertTableRowCount(519)) - deletedTable actual row count=0, expectedCount=3
2023-04-18 19:35:11,154 [Listener at 127.0.0.1/45463] INFO  ozone.TestDirectoryDeletingServiceWithFSO (TestDirectoryDeletingServiceWithFSO.java:assertTableRowCount(519)) - deletedTable actual row count=0, expectedCount=3
2023-04-18 19:35:12,154 [Listener at 127.0.0.1/45463] INFO  ozone.TestDirectoryDeletingServiceWithFSO (TestDirectoryDeletingServiceWithFSO.java:assertTableRowCount(519)) - deletedTable actual row count=0, expectedCount=3
2023-04-18 19:35:13,155 [Listener at 127.0.0.1/45463] INFO  ozone.TestDirectoryDeletingServiceWithFSO (TestDirectoryDeletingServiceWithFSO.java:assertTableRowCount(519)) - deletedTable actual row count=0, expectedCount=3
2023-04-18 19:35:14,155 [Listener at 127.0.0.1/45463] INFO  ozone.TestDirectoryDeletingServiceWithFSO (TestDirectoryDeletingServiceWithFSO.java:assertTableRowCount(519)) - deletedTable actual row count=0, expectedCount=3
2023-04-18 19:35:15,156 [Listener at 127.0.0.1/45463] INFO  ozone.TestDirectoryDeletingServiceWithFSO (TestDirectoryDeletingServiceWithFSO.java:assertTableRowCount(519)) - deletedTable actual row count=0, expectedCount=3
2023-04-18 19:35:16,158 [Listener at 127.0.0.1/45463] INFO  ozone.TestDirectoryDeletingServiceWithFSO (TestDirectoryDeletingServiceWithFSO.java:assertTableRowCount(519)) - deletedTable actual row count=0, expectedCount=3
2023-04-18 19:35:17,159 [Listener at 127.0.0.1/45463] INFO  ozone.TestDirectoryDeletingServiceWithFSO (TestDirectoryDeletingServiceWithFSO.java:assertTableRowCount(519)) - deletedTable actual row count=0, expectedCount=3
2023-04-18 19:35:18,159 [Listener at 127.0.0.1/45463] INFO  ozone.TestDirectoryDeletingServiceWithFSO (TestDirectoryDeletingServiceWithFSO.java:assertTableRowCount(519)) - deletedTable actual row count=0, expectedCount=3
2023-04-18 19:35:19,160 [Listener at 127.0.0.1/45463] INFO  ozone.TestDirectoryDeletingServiceWithFSO (TestDirectoryDeletingServiceWithFSO.java:assertTableRowCount(519)) - deletedTable actual row count=0, expectedCount=3
2023-04-18 19:35:20,161 [Listener at 127.0.0.1/45463] INFO  ozone.TestDirectoryDeletingServiceWithFSO (TestDirectoryDeletingServiceWithFSO.java:assertTableRowCount(519)) - deletedTable actual row count=0, expectedCount=3
2023-04-18 19:35:21,162 [Listener at 127.0.0.1/45463] INFO  ozone.TestDirectoryDeletingServiceWithFSO (TestDirectoryDeletingServiceWithFSO.java:assertTableRowCount(519)) - deletedTable actual row count=0, expectedCount=3
2023-04-18 19:35:22,162 [Listener at 127.0.0.1/45463] INFO  ozone.TestDirectoryDeletingServiceWithFSO (TestDirectoryDeletingServiceWithFSO.java:assertTableRowCount(519)) - deletedTable actual row count=0, expectedCount=3
2023-04-18 19:35:23,163 [Listener at 127.0.0.1/45463] INFO  ozone.TestDirectoryDeletingServiceWithFSO (TestDirectoryDeletingServiceWithFSO.java:assertTableRowCount(519)) - deletedTable actual row count=0, expectedCount=3
2023-04-18 19:35:24,164 [Listener at 127.0.0.1/45463] INFO  ozone.TestDirectoryDeletingServiceWithFSO (TestDirectoryDeletingServiceWithFSO.java:assertTableRowCount(519)) - deletedTable actual row count=0, expectedCount=3
2023-04-18 19:35:25,165 [Listener at 127.0.0.1/45463] INFO  ozone.TestDirectoryDeletingServiceWithFSO (TestDirectoryDeletingServiceWithFSO.java:assertTableRowCount(519)) - deletedTable actual row count=0, expectedCount=3
2023-04-18 19:35:26,166 [Listener at 127.0.0.1/45463] INFO  ozone.TestDirectoryDeletingServiceWithFSO (TestDirectoryDeletingServiceWithFSO.java:assertTableRowCount(519)) - deletedTable actual row count=0, expectedCount=3
2023-04-18 19:35:27,167 [Listener at 127.0.0.1/45463] INFO  ozone.TestDirectoryDeletingServiceWithFSO (TestDirectoryDeletingServiceWithFSO.java:assertTableRowCount(519)) - deletedTable actual row count=0, expectedCount=3
2023-04-18 19:35:28,168 [Listener at 127.0.0.1/45463] INFO  ozone.TestDirectoryDeletingServiceWithFSO (TestDirectoryDeletingServiceWithFSO.java:assertTableRowCount(519)) - deletedTable actual row count=0, expectedCount=3
2023-04-18 19:35:29,168 [Listener at 127.0.0.1/45463] INFO  ozone.TestDirectoryDeletingServiceWithFSO (TestDirectoryDeletingServiceWithFSO.java:assertTableRowCount(519)) - deletedTable actual row count=0, expectedCount=3
2023-04-18 19:35:30,169 [Listener at 127.0.0.1/45463] INFO  ozone.TestDirectoryDeletingServiceWithFSO (TestDirectoryDeletingServiceWithFSO.java:assertTableRowCount(519)) - deletedTable actual row count=0, expectedCount=3
2023-04-18 19:35:31,169 [Listener at 127.0.0.1/45463] INFO  ozone.TestDirectoryDeletingServiceWithFSO (TestDirectoryDeletingServiceWithFSO.java:assertTableRowCount(519)) - deletedTable actual row count=0, expectedCount=3
2023-04-18 19:35:32,170 [Listener at 127.0.0.1/45463] INFO  ozone.TestDirectoryDeletingServiceWithFSO (TestDirectoryDeletingServiceWithFSO.java:assertTableRowCount(519)) - deletedTable actual row count=0, expectedCount=3
2023-04-18 19:35:33,170 [Listener at 127.0.0.1/45463] INFO  ozone.TestDirectoryDeletingServiceWithFSO (TestDirectoryDeletingServiceWithFSO.java:assertTableRowCount(519)) - deletedTable actual row count=0, expectedCount=3
2023-04-18 19:35:34,171 [Listener at 127.0.0.1/45463] INFO  ozone.TestDirectoryDeletingServiceWithFSO (TestDirectoryDeletingServiceWithFSO.java:assertTableRowCount(519)) - deletedTable actual row count=0, expectedCount=3
2023-04-18 19:35:35,173 [Listener at 127.0.0.1/45463] INFO  ozone.TestDirectoryDeletingServiceWithFSO (TestDirectoryDeletingServiceWithFSO.java:assertTableRowCount(519)) - deletedTable actual row count=0, expectedCount=3
2023-04-18 19:35:36,174 [Listener at 127.0.0.1/45463] INFO  ozone.TestDirectoryDeletingServiceWithFSO (TestDirectoryDeletingServiceWithFSO.java:assertTableRowCount(519)) - deletedTable actual row count=0, expectedCount=3
2023-04-18 19:35:37,175 [Listener at 127.0.0.1/45463] INFO  ozone.TestDirectoryDeletingServiceWithFSO (TestDirectoryDeletingServiceWithFSO.java:assertTableRowCount(519)) - deletedTable actual row count=0, expectedCount=3
2023-04-18 19:35:38,136 [SstFilteringService#0] WARN  server.ServerUtils (ServerUtils.java:getDBPath(225)) - ozone.om.db.dirs is not configured. We recommend adding this setting. Falling back to ozone.metadata.dirs instead.
2023-04-18 19:35:38,137 [SstFilteringService#0] INFO  codec.OmKeyInfoCodec (OmKeyInfoCodec.java:<init>(49)) - OmKeyInfoCodec ignorePipeline = true
2023-04-18 19:35:38,138 [SstFilteringService#0] INFO  codec.RepeatedOmKeyInfoCodec (RepeatedOmKeyInfoCodec.java:<init>(41)) - RepeatedOmKeyInfoCodec ignorePipeline = true
2023-04-18 19:35:38,175 [Listener at 127.0.0.1/45463] INFO  ozone.TestDirectoryDeletingServiceWithFSO (TestDirectoryDeletingServiceWithFSO.java:assertTableRowCount(519)) - deletedTable actual row count=0, expectedCount=3
2023-04-18 19:35:38,181 [SstFilteringService#0] WARN  rocksdiff.RocksDBCheckpointDiffer (RocksDBCheckpointDiffer.java:setCurrentCompactionLog(297)) - Compaction log exists: /home/runner/work/ozone/ozone/hadoop-ozone/integration-test/target/test-dir/MiniOzoneClusterImpl-184ce46c-7709-4843-8010-c45aadaa38f8/ozone-meta/db.snapshots/checkpointState/db.snapshots/diffState/compaction-log/0000000000000000230.log. Will append
2023-04-18 19:35:39,176 [Listener at 127.0.0.1/45463] INFO  ozone.TestDirectoryDeletingServiceWithFSO (TestDirectoryDeletingServiceWithFSO.java:assertTableRowCount(519)) - deletedTable actual row count=0, expectedCount=3
2023-04-18 19:35:40,176 [Listener at 127.0.0.1/45463] INFO  ozone.TestDirectoryDeletingServiceWithFSO (TestDirectoryDeletingServiceWithFSO.java:assertTableRowCount(519)) - deletedTable actual row count=0, expectedCount=3
2023-04-18 19:35:41,177 [Listener at 127.0.0.1/45463] INFO  ozone.TestDirectoryDeletingServiceWithFSO (TestDirectoryDeletingServiceWithFSO.java:assertTableRowCount(519)) - deletedTable actual row count=0, expectedCount=3
2023-04-18 19:35:41,376 [BlockDeletingService#0] INFO  interfaces.ContainerDeletionChoosingPolicyTemplate (ContainerDeletionChoosingPolicyTemplate.java:chooseContainerForBlockDeletion(83)) - Chosen 0/5000 blocks from 0 candidate containers.
2023-04-18 19:35:41,807 [BlockDeletingService#0] INFO  interfaces.ContainerDeletionChoosingPolicyTemplate (ContainerDeletionChoosingPolicyTemplate.java:chooseContainerForBlockDeletion(83)) - Chosen 0/5000 blocks from 0 candidate containers.
2023-04-18 19:35:42,135 [BlockDeletingService#0] INFO  interfaces.ContainerDeletionChoosingPolicyTemplate (ContainerDeletionChoosingPolicyTemplate.java:chooseContainerForBlockDeletion(83)) - Chosen 0/5000 blocks from 0 candidate containers.
2023-04-18 19:35:42,177 [Listener at 127.0.0.1/45463] INFO  ozone.TestDirectoryDeletingServiceWithFSO (TestDirectoryDeletingServiceWithFSO.java:assertTableRowCount(519)) - deletedTable actual row count=0, expectedCount=3
2023-04-18 19:35:43,178 [Listener at 127.0.0.1/45463] INFO  ozone.TestDirectoryDeletingServiceWithFSO (TestDirectoryDeletingServiceWithFSO.java:assertTableRowCount(519)) - deletedTable actual row count=0, expectedCount=3
2023-04-18 19:35:44,179 [Listener at 127.0.0.1/45463] INFO  ozone.TestDirectoryDeletingServiceWithFSO (TestDirectoryDeletingServiceWithFSO.java:assertTableRowCount(519)) - deletedTable actual row count=0, expectedCount=3
2023-04-18 19:35:45,179 [Listener at 127.0.0.1/45463] INFO  ozone.TestDirectoryDeletingServiceWithFSO (TestDirectoryDeletingServiceWithFSO.java:assertTableRowCount(519)) - deletedTable actual row count=0, expectedCount=3
2023-04-18 19:35:46,180 [Listener at 127.0.0.1/45463] INFO  ozone.TestDirectoryDeletingServiceWithFSO (TestDirectoryDeletingServiceWithFSO.java:assertTableRowCount(519)) - deletedTable actual row count=0, expectedCount=3
2023-04-18 19:35:47,180 [Listener at 127.0.0.1/45463] INFO  ozone.TestDirectoryDeletingServiceWithFSO (TestDirectoryDeletingServiceWithFSO.java:assertTableRowCount(519)) - deletedTable actual row count=0, expectedCount=3
2023-04-18 19:35:48,181 [Listener at 127.0.0.1/45463] INFO  ozone.TestDirectoryDeletingServiceWithFSO (TestDirectoryDeletingServiceWithFSO.java:assertTableRowCount(519)) - deletedTable actual row count=0, expectedCount=3
2023-04-18 19:35:49,181 [Listener at 127.0.0.1/45463] INFO  ozone.TestDirectoryDeletingServiceWithFSO (TestDirectoryDeletingServiceWithFSO.java:assertTableRowCount(519)) - deletedTable actual row count=0, expectedCount=3
2023-04-18 19:35:50,182 [Listener at 127.0.0.1/45463] INFO  ozone.TestDirectoryDeletingServiceWithFSO (TestDirectoryDeletingServiceWithFSO.java:assertTableRowCount(519)) - deletedTable actual row count=0, expectedCount=3
2023-04-18 19:35:51,182 [Listener at 127.0.0.1/45463] INFO  ozone.TestDirectoryDeletingServiceWithFSO (TestDirectoryDeletingServiceWithFSO.java:assertTableRowCount(519)) - deletedTable actual row count=0, expectedCount=3
2023-04-18 19:35:52,183 [Listener at 127.0.0.1/45463] INFO  ozone.TestDirectoryDeletingServiceWithFSO (TestDirectoryDeletingServiceWithFSO.java:assertTableRowCount(519)) - deletedTable actual row count=0, expectedCount=3
2023-04-18 19:35:53,183 [Listener at 127.0.0.1/45463] INFO  ozone.TestDirectoryDeletingServiceWithFSO (TestDirectoryDeletingServiceWithFSO.java:assertTableRowCount(519)) - deletedTable actual row count=0, expectedCount=3
2023-04-18 19:35:54,184 [Listener at 127.0.0.1/45463] INFO  ozone.TestDirectoryDeletingServiceWithFSO (TestDirectoryDeletingServiceWithFSO.java:assertTableRowCount(519)) - deletedTable actual row count=0, expectedCount=3
2023-04-18 19:35:55,184 [Listener at 127.0.0.1/45463] INFO  ozone.TestDirectoryDeletingServiceWithFSO (TestDirectoryDeletingServiceWithFSO.java:assertTableRowCount(519)) - deletedTable actual row count=0, expectedCount=3
2023-04-18 19:35:56,185 [Listener at 127.0.0.1/45463] INFO  ozone.TestDirectoryDeletingServiceWithFSO (TestDirectoryDeletingServiceWithFSO.java:assertTableRowCount(519)) - deletedTable actual row count=0, expectedCount=3
2023-04-18 19:35:57,185 [Listener at 127.0.0.1/45463] INFO  ozone.TestDirectoryDeletingServiceWithFSO (TestDirectoryDeletingServiceWithFSO.java:assertTableRowCount(519)) - deletedTable actual row count=0, expectedCount=3
2023-04-18 19:35:58,186 [Listener at 127.0.0.1/45463] INFO  ozone.TestDirectoryDeletingServiceWithFSO (TestDirectoryDeletingServiceWithFSO.java:assertTableRowCount(519)) - deletedTable actual row count=0, expectedCount=3
2023-04-18 19:35:59,186 [Listener at 127.0.0.1/45463] INFO  ozone.TestDirectoryDeletingServiceWithFSO (TestDirectoryDeletingServiceWithFSO.java:assertTableRowCount(519)) - deletedTable actual row count=0, expectedCount=3
2023-04-18 19:36:00,187 [Listener at 127.0.0.1/45463] INFO  ozone.TestDirectoryDeletingServiceWithFSO (TestDirectoryDeletingServiceWithFSO.java:assertTableRowCount(519)) - deletedTable actual row count=0, expectedCount=3
2023-04-18 19:36:01,187 [Listener at 127.0.0.1/45463] INFO  ozone.TestDirectoryDeletingServiceWithFSO (TestDirectoryDeletingServiceWithFSO.java:assertTableRowCount(519)) - deletedTable actual row count=0, expectedCount=3
2023-04-18 19:36:02,188 [Listener at 127.0.0.1/45463] INFO  ozone.TestDirectoryDeletingServiceWithFSO (TestDirectoryDeletingServiceWithFSO.java:assertTableRowCount(519)) - deletedTable actual row count=0, expectedCount=3
2023-04-18 19:36:03,188 [Listener at 127.0.0.1/45463] INFO  ozone.TestDirectoryDeletingServiceWithFSO (TestDirectoryDeletingServiceWithFSO.java:assertTableRowCount(519)) - deletedTable actual row count=0, expectedCount=3
2023-04-18 19:36:04,188 [Listener at 127.0.0.1/45463] INFO  ozone.TestDirectoryDeletingServiceWithFSO (TestDirectoryDeletingServiceWithFSO.java:assertTableRowCount(519)) - deletedTable actual row count=0, expectedCount=3
2023-04-18 19:36:05,189 [Listener at 127.0.0.1/45463] INFO  ozone.TestDirectoryDeletingServiceWithFSO (TestDirectoryDeletingServiceWithFSO.java:assertTableRowCount(519)) - deletedTable actual row count=0, expectedCount=3
2023-04-18 19:36:06,190 [Listener at 127.0.0.1/45463] INFO  ozone.TestDirectoryDeletingServiceWithFSO (TestDirectoryDeletingServiceWithFSO.java:assertTableRowCount(519)) - deletedTable actual row count=0, expectedCount=3
2023-04-18 19:36:07,190 [Listener at 127.0.0.1/45463] INFO  ozone.TestDirectoryDeletingServiceWithFSO (TestDirectoryDeletingServiceWithFSO.java:assertTableRowCount(519)) - deletedTable actual row count=0, expectedCount=3
2023-04-18 19:36:08,191 [Listener at 127.0.0.1/45463] INFO  ozone.TestDirectoryDeletingServiceWithFSO (TestDirectoryDeletingServiceWithFSO.java:assertTableRowCount(519)) - deletedTable actual row count=0, expectedCount=3
2023-04-18 19:36:09,191 [Listener at 127.0.0.1/45463] INFO  ozone.TestDirectoryDeletingServiceWithFSO (TestDirectoryDeletingServiceWithFSO.java:assertTableRowCount(519)) - deletedTable actual row count=0, expectedCount=3
2023-04-18 19:36:10,192 [Listener at 127.0.0.1/45463] INFO  ozone.TestDirectoryDeletingServiceWithFSO (TestDirectoryDeletingServiceWithFSO.java:assertTableRowCount(519)) - deletedTable actual row count=0, expectedCount=3
2023-04-18 19:36:11,192 [Listener at 127.0.0.1/45463] INFO  ozone.TestDirectoryDeletingServiceWithFSO (TestDirectoryDeletingServiceWithFSO.java:assertTableRowCount(519)) - deletedTable actual row count=0, expectedCount=3
2023-04-18 19:36:12,193 [Listener at 127.0.0.1/45463] INFO  ozone.TestDirectoryDeletingServiceWithFSO (TestDirectoryDeletingServiceWithFSO.java:assertTableRowCount(519)) - deletedTable actual row count=0, expectedCount=3
2023-04-18 19:36:13,193 [Listener at 127.0.0.1/45463] INFO  ozone.TestDirectoryDeletingServiceWithFSO (TestDirectoryDeletingServiceWithFSO.java:assertTableRowCount(519)) - deletedTable actual row count=0, expectedCount=3
2023-04-18 19:36:14,194 [Listener at 127.0.0.1/45463] INFO  ozone.TestDirectoryDeletingServiceWithFSO (TestDirectoryDeletingServiceWithFSO.java:assertTableRowCount(519)) - deletedTable actual row count=0, expectedCount=3
2023-04-18 19:36:15,194 [Listener at 127.0.0.1/45463] INFO  ozone.TestDirectoryDeletingServiceWithFSO (TestDirectoryDeletingServiceWithFSO.java:assertTableRowCount(519)) - deletedTable actual row count=0, expectedCount=3
2023-04-18 19:36:16,195 [Listener at 127.0.0.1/45463] INFO  ozone.TestDirectoryDeletingServiceWithFSO (TestDirectoryDeletingServiceWithFSO.java:assertTableRowCount(519)) - deletedTable actual row count=0, expectedCount=3
2023-04-18 19:36:17,195 [Listener at 127.0.0.1/45463] INFO  ozone.TestDirectoryDeletingServiceWithFSO (TestDirectoryDeletingServiceWithFSO.java:assertTableRowCount(519)) - deletedTable actual row count=0, expectedCount=3
2023-04-18 19:36:18,196 [Listener at 127.0.0.1/45463] INFO  ozone.TestDirectoryDeletingServiceWithFSO (TestDirectoryDeletingServiceWithFSO.java:assertTableRowCount(519)) - deletedTable actual row count=0, expectedCount=3
2023-04-18 19:36:19,196 [Listener at 127.0.0.1/45463] INFO  ozone.TestDirectoryDeletingServiceWithFSO (TestDirectoryDeletingServiceWithFSO.java:assertTableRowCount(519)) - deletedTable actual row count=0, expectedCount=3
2023-04-18 19:36:20,197 [Listener at 127.0.0.1/45463] INFO  ozone.TestDirectoryDeletingServiceWithFSO (TestDirectoryDeletingServiceWithFSO.java:assertTableRowCount(519)) - deletedTable actual row count=0, expectedCount=3
2023-04-18 19:36:21,198 [Listener at 127.0.0.1/45463] INFO  ozone.TestDirectoryDeletingServiceWithFSO (TestDirectoryDeletingServiceWithFSO.java:assertTableRowCount(519)) - deletedTable actual row count=0, expectedCount=3
2023-04-18 19:36:22,198 [Listener at 127.0.0.1/45463] INFO  ozone.TestDirectoryDeletingServiceWithFSO (TestDirectoryDeletingServiceWithFSO.java:assertTableRowCount(519)) - deletedTable actual row count=0, expectedCount=3
2023-04-18 19:36:23,199 [Listener at 127.0.0.1/45463] INFO  ozone.TestDirectoryDeletingServiceWithFSO (TestDirectoryDeletingServiceWithFSO.java:assertTableRowCount(519)) - deletedTable actual row count=0, expectedCount=3
2023-04-18 19:36:24,200 [Listener at 127.0.0.1/45463] INFO  ozone.TestDirectoryDeletingServiceWithFSO (TestDirectoryDeletingServiceWithFSO.java:assertTableRowCount(519)) - deletedTable actual row count=0, expectedCount=3
2023-04-18 19:36:25,200 [Listener at 127.0.0.1/45463] INFO  ozone.TestDirectoryDeletingServiceWithFSO (TestDirectoryDeletingServiceWithFSO.java:assertTableRowCount(519)) - deletedTable actual row count=0, expectedCount=3
2023-04-18 19:36:26,201 [Listener at 127.0.0.1/45463] INFO  ozone.TestDirectoryDeletingServiceWithFSO (TestDirectoryDeletingServiceWithFSO.java:assertTableRowCount(519)) - deletedTable actual row count=0, expectedCount=3
2023-04-18 19:36:27,201 [Listener at 127.0.0.1/45463] INFO  ozone.TestDirectoryDeletingServiceWithFSO (TestDirectoryDeletingServiceWithFSO.java:assertTableRowCount(519)) - deletedTable actual row count=0, expectedCount=3
2023-04-18 19:36:28,202 [Listener at 127.0.0.1/45463] INFO  ozone.TestDirectoryDeletingServiceWithFSO (TestDirectoryDeletingServiceWithFSO.java:assertTableRowCount(519)) - deletedTable actual row count=0, expectedCount=3
2023-04-18 19:36:29,202 [Listener at 127.0.0.1/45463] INFO  ozone.TestDirectoryDeletingServiceWithFSO (TestDirectoryDeletingServiceWithFSO.java:assertTableRowCount(519)) - deletedTable actual row count=0, expectedCount=3
2023-04-18 19:36:30,203 [Listener at 127.0.0.1/45463] INFO  ozone.TestDirectoryDeletingServiceWithFSO (TestDirectoryDeletingServiceWithFSO.java:assertTableRowCount(519)) - deletedTable actual row count=0, expectedCount=3
2023-04-18 19:36:31,204 [Listener at 127.0.0.1/45463] INFO  ozone.TestDirectoryDeletingServiceWithFSO (TestDirectoryDeletingServiceWithFSO.java:assertTableRowCount(519)) - deletedTable actual row count=0, expectedCount=3
2023-04-18 19:36:32,204 [Listener at 127.0.0.1/45463] INFO  ozone.TestDirectoryDeletingServiceWithFSO (TestDirectoryDeletingServiceWithFSO.java:assertTableRowCount(519)) - deletedTable actual row count=0, expectedCount=3
2023-04-18 19:36:33,205 [Listener at 127.0.0.1/45463] INFO  ozone.TestDirectoryDeletingServiceWithFSO (TestDirectoryDeletingServiceWithFSO.java:assertTableRowCount(519)) - deletedTable actual row count=0, expectedCount=3
2023-04-18 19:36:34,206 [Listener at 127.0.0.1/45463] INFO  ozone.TestDirectoryDeletingServiceWithFSO (TestDirectoryDeletingServiceWithFSO.java:assertTableRowCount(519)) - deletedTable actual row count=0, expectedCount=3
2023-04-18 19:36:35,206 [Listener at 127.0.0.1/45463] INFO  ozone.TestDirectoryDeletingServiceWithFSO (TestDirectoryDeletingServiceWithFSO.java:assertTableRowCount(519)) - deletedTable actual row count=0, expectedCount=3
2023-04-18 19:36:36,207 [Listener at 127.0.0.1/45463] INFO  ozone.TestDirectoryDeletingServiceWithFSO (TestDirectoryDeletingServiceWithFSO.java:assertTableRowCount(519)) - deletedTable actual row count=0, expectedCount=3
2023-04-18 19:36:37,207 [Listener at 127.0.0.1/45463] INFO  ozone.TestDirectoryDeletingServiceWithFSO (TestDirectoryDeletingServiceWithFSO.java:assertTableRowCount(519)) - deletedTable actual row count=0, expectedCount=3
2023-04-18 19:36:38,136 [SstFilteringService#0] WARN  server.ServerUtils (ServerUtils.java:getDBPath(225)) - ozone.om.db.dirs is not configured. We recommend adding this setting. Falling back to ozone.metadata.dirs instead.
2023-04-18 19:36:38,208 [Listener at 127.0.0.1/45463] INFO  ozone.TestDirectoryDeletingServiceWithFSO (TestDirectoryDeletingServiceWithFSO.java:assertTableRowCount(519)) - deletedTable actual row count=0, expectedCount=3
2023-04-18 19:36:39,208 [Listener at 127.0.0.1/45463] INFO  ozone.TestDirectoryDeletingServiceWithFSO (TestDirectoryDeletingServiceWithFSO.java:assertTableRowCount(519)) - deletedTable actual row count=0, expectedCount=3
2023-04-18 19:36:40,209 [Listener at 127.0.0.1/45463] INFO  ozone.TestDirectoryDeletingServiceWithFSO (TestDirectoryDeletingServiceWithFSO.java:assertTableRowCount(519)) - deletedTable actual row count=0, expectedCount=3
2023-04-18 19:36:41,210 [Listener at 127.0.0.1/45463] INFO  ozone.TestDirectoryDeletingServiceWithFSO (TestDirectoryDeletingServiceWithFSO.java:assertTableRowCount(519)) - deletedTable actual row count=0, expectedCount=3
2023-04-18 19:36:41,378 [BlockDeletingService#1] INFO  interfaces.ContainerDeletionChoosingPolicyTemplate (ContainerDeletionChoosingPolicyTemplate.java:chooseContainerForBlockDeletion(83)) - Chosen 0/5000 blocks from 0 candidate containers.
2023-04-18 19:36:41,808 [BlockDeletingService#1] INFO  interfaces.ContainerDeletionChoosingPolicyTemplate (ContainerDeletionChoosingPolicyTemplate.java:chooseContainerForBlockDeletion(83)) - Chosen 0/5000 blocks from 0 candidate containers.
2023-04-18 19:36:42,136 [BlockDeletingService#1] INFO  interfaces.ContainerDeletionChoosingPolicyTemplate (ContainerDeletionChoosingPolicyTemplate.java:chooseContainerForBlockDeletion(83)) - Chosen 0/5000 blocks from 0 candidate containers.
2023-04-18 19:36:42,210 [Listener at 127.0.0.1/45463] INFO  ozone.TestDirectoryDeletingServiceWithFSO (TestDirectoryDeletingServiceWithFSO.java:assertTableRowCount(519)) - deletedTable actual row count=0, expectedCount=3
2023-04-18 19:36:43,211 [Listener at 127.0.0.1/45463] INFO  ozone.TestDirectoryDeletingServiceWithFSO (TestDirectoryDeletingServiceWithFSO.java:assertTableRowCount(519)) - deletedTable actual row count=0, expectedCount=3
2023-04-18 19:36:44,107 [RatisPipelineUtilsThread - 0] WARN  pipeline.PipelinePlacementPolicy (PipelinePlacementPolicy.java:filterViableNodes(160)) - Pipeline creation failed due to no sufficient healthy datanodes. Required 3. Found 0. Excluded 3.
2023-04-18 19:36:44,211 [Listener at 127.0.0.1/45463] INFO  ozone.TestDirectoryDeletingServiceWithFSO (TestDirectoryDeletingServiceWithFSO.java:assertTableRowCount(519)) - deletedTable actual row count=0, expectedCount=3
2023-04-18 19:36:45,212 [Listener at 127.0.0.1/45463] INFO  ozone.TestDirectoryDeletingServiceWithFSO (TestDirectoryDeletingServiceWithFSO.java:assertTableRowCount(519)) - deletedTable actual row count=0, expectedCount=3
2023-04-18 19:36:46,212 [Listener at 127.0.0.1/45463] INFO  ozone.TestDirectoryDeletingServiceWithFSO (TestDirectoryDeletingServiceWithFSO.java:assertTableRowCount(519)) - deletedTable actual row count=0, expectedCount=3
2023-04-18 19:36:47,213 [Listener at 127.0.0.1/45463] INFO  ozone.TestDirectoryDeletingServiceWithFSO (TestDirectoryDeletingServiceWithFSO.java:assertTableRowCount(519)) - deletedTable actual row count=0, expectedCount=3
2023-04-18 19:36:48,214 [Listener at 127.0.0.1/45463] INFO  ozone.TestDirectoryDeletingServiceWithFSO (TestDirectoryDeletingServiceWithFSO.java:assertTableRowCount(519)) - deletedTable actual row count=0, expectedCount=3
2023-04-18 19:36:49,214 [Listener at 127.0.0.1/45463] INFO  ozone.TestDirectoryDeletingServiceWithFSO (TestDirectoryDeletingServiceWithFSO.java:assertTableRowCount(519)) - deletedTable actual row count=0, expectedCount=3
2023-04-18 19:36:50,215 [Listener at 127.0.0.1/45463] INFO  ozone.TestDirectoryDeletingServiceWithFSO (TestDirectoryDeletingServiceWithFSO.java:assertTableRowCount(519)) - deletedTable actual row count=0, expectedCount=3
2023-04-18 19:36:51,215 [Listener at 127.0.0.1/45463] INFO  ozone.TestDirectoryDeletingServiceWithFSO (TestDirectoryDeletingServiceWithFSO.java:assertTableRowCount(519)) - deletedTable actual row count=0, expectedCount=3
2023-04-18 19:36:52,216 [Listener at 127.0.0.1/45463] INFO  ozone.TestDirectoryDeletingServiceWithFSO (TestDirectoryDeletingServiceWithFSO.java:assertTableRowCount(519)) - deletedTable actual row count=0, expectedCount=3
2023-04-18 19:36:53,216 [Listener at 127.0.0.1/45463] INFO  ozone.TestDirectoryDeletingServiceWithFSO (TestDirectoryDeletingServiceWithFSO.java:assertTableRowCount(519)) - deletedTable actual row count=0, expectedCount=3
2023-04-18 19:36:54,217 [Listener at 127.0.0.1/45463] INFO  ozone.TestDirectoryDeletingServiceWithFSO (TestDirectoryDeletingServiceWithFSO.java:assertTableRowCount(519)) - deletedTable actual row count=0, expectedCount=3
2023-04-18 19:36:55,218 [Listener at 127.0.0.1/45463] INFO  ozone.TestDirectoryDeletingServiceWithFSO (TestDirectoryDeletingServiceWithFSO.java:assertTableRowCount(519)) - deletedTable actual row count=0, expectedCount=3
2023-04-18 19:36:56,218 [Listener at 127.0.0.1/45463] INFO  ozone.TestDirectoryDeletingServiceWithFSO (TestDirectoryDeletingServiceWithFSO.java:assertTableRowCount(519)) - deletedTable actual row count=0, expectedCount=3
2023-04-18 19:36:57,219 [Listener at 127.0.0.1/45463] INFO  ozone.TestDirectoryDeletingServiceWithFSO (TestDirectoryDeletingServiceWithFSO.java:assertTableRowCount(519)) - deletedTable actual row count=0, expectedCount=3
2023-04-18 19:36:58,219 [Listener at 127.0.0.1/45463] INFO  ozone.TestDirectoryDeletingServiceWithFSO (TestDirectoryDeletingServiceWithFSO.java:assertTableRowCount(519)) - deletedTable actual row count=0, expectedCount=3
2023-04-18 19:36:59,220 [Listener at 127.0.0.1/45463] INFO  ozone.TestDirectoryDeletingServiceWithFSO (TestDirectoryDeletingServiceWithFSO.java:assertTableRowCount(519)) - deletedTable actual row count=0, expectedCount=3
2023-04-18 19:37:00,220 [Listener at 127.0.0.1/45463] INFO  ozone.TestDirectoryDeletingServiceWithFSO (TestDirectoryDeletingServiceWithFSO.java:assertTableRowCount(519)) - deletedTable actual row count=0, expectedCount=3
2023-04-18 19:37:01,221 [Listener at 127.0.0.1/45463] INFO  ozone.TestDirectoryDeletingServiceWithFSO (TestDirectoryDeletingServiceWithFSO.java:assertTableRowCount(519)) - deletedTable actual row count=0, expectedCount=3
2023-04-18 19:37:02,222 [Listener at 127.0.0.1/45463] INFO  ozone.TestDirectoryDeletingServiceWithFSO (TestDirectoryDeletingServiceWithFSO.java:assertTableRowCount(519)) - deletedTable actual row count=0, expectedCount=3
2023-04-18 19:37:03,222 [Listener at 127.0.0.1/45463] INFO  ozone.TestDirectoryDeletingServiceWithFSO (TestDirectoryDeletingServiceWithFSO.java:assertTableRowCount(519)) - deletedTable actual row count=0, expectedCount=3
2023-04-18 19:37:04,223 [Listener at 127.0.0.1/45463] INFO  ozone.TestDirectoryDeletingServiceWithFSO (TestDirectoryDeletingServiceWithFSO.java:assertTableRowCount(519)) - deletedTable actual row count=0, expectedCount=3
2023-04-18 19:37:05,223 [Listener at 127.0.0.1/45463] INFO  ozone.TestDirectoryDeletingServiceWithFSO (TestDirectoryDeletingServiceWithFSO.java:assertTableRowCount(519)) - deletedTable actual row count=0, expectedCount=3
2023-04-18 19:37:06,224 [Listener at 127.0.0.1/45463] INFO  ozone.TestDirectoryDeletingServiceWithFSO (TestDirectoryDeletingServiceWithFSO.java:assertTableRowCount(519)) - deletedTable actual row count=0, expectedCount=3
2023-04-18 19:37:07,224 [Listener at 127.0.0.1/45463] INFO  ozone.TestDirectoryDeletingServiceWithFSO (TestDirectoryDeletingServiceWithFSO.java:assertTableRowCount(519)) - deletedTable actual row count=0, expectedCount=3
]]></system-out>
  </testcase>
  <testcase name="testDeleteWithLargeSubPathsThanBatchSize" classname="org.apache.hadoop.fs.ozone.TestDirectoryDeletingServiceWithFSO" time="120.377">
    <error type="java.util.concurrent.TimeoutException"><![CDATA[java.util.concurrent.TimeoutException: 
Timed out waiting for condition. Thread diagnostics:
Timestamp: 2023-04-18 07:39:07,652

"ContainerOp-cd8abe94-f173-4052-9509-b5bff1395f48-9"  prio=5 tid=483 in Object.wait()
java.lang.Thread.State: WAITING (on object monitor)
        at sun.misc.Unsafe.park(Native Method)
        at java.util.concurrent.locks.LockSupport.park(LockSupport.java:175)
        at java.util.concurrent.locks.AbstractQueuedSynchronizer$ConditionObject.await(AbstractQueuedSynchronizer.java:2039)
        at java.util.concurrent.LinkedBlockingQueue.take(LinkedBlockingQueue.java:442)
        at java.util.concurrent.ThreadPoolExecutor.getTask(ThreadPoolExecutor.java:1074)
        at java.util.concurrent.ThreadPoolExecutor.runWorker(ThreadPoolExecutor.java:1134)
        at java.util.concurrent.ThreadPoolExecutor$Worker.run(ThreadPoolExecutor.java:624)
        at java.lang.Thread.run(Thread.java:750)
"21b868c3-9969-4e13-ad52-9b0ac48fd138-server-thread3" daemon prio=5 tid=410 timed_waiting
java.lang.Thread.State: TIMED_WAITING
        at sun.misc.Unsafe.park(Native Method)
        at java.util.concurrent.locks.LockSupport.parkNanos(LockSupport.java:215)
        at java.util.concurrent.SynchronousQueue$TransferStack.awaitFulfill(SynchronousQueue.java:460)
        at java.util.concurrent.SynchronousQueue$TransferStack.transfer(SynchronousQueue.java:362)
        at java.util.concurrent.SynchronousQueue.poll(SynchronousQueue.java:941)
        at java.util.concurrent.ThreadPoolExecutor.getTask(ThreadPoolExecutor.java:1073)
        at java.util.concurrent.ThreadPoolExecutor.runWorker(ThreadPoolExecutor.java:1134)
        at java.util.concurrent.ThreadPoolExecutor$Worker.run(ThreadPoolExecutor.java:624)
        at java.lang.Thread.run(Thread.java:750)
"FixedThreadPoolWithAffinityExecutor-9-0" daemon prio=5 tid=47 timed_waiting
java.lang.Thread.State: TIMED_WAITING
        at sun.misc.Unsafe.park(Native Method)
        at java.util.concurrent.locks.LockSupport.parkNanos(LockSupport.java:215)
        at java.util.concurrent.locks.AbstractQueuedSynchronizer$ConditionObject.awaitNanos(AbstractQueuedSynchronizer.java:2078)
        at java.util.concurrent.LinkedBlockingQueue.poll(LinkedBlockingQueue.java:467)
        at org.apache.hadoop.hdds.scm.server.ContainerReportQueue.poll(ContainerReportQueue.java:266)
        at org.apache.hadoop.hdds.scm.server.ContainerReportQueue.poll(ContainerReportQueue.java:42)
        at org.apache.hadoop.hdds.server.events.FixedThreadPoolWithAffinityExecutor$ContainerReportProcessTask.run(FixedThreadPoolWithAffinityExecutor.java:247)
        at java.util.concurrent.Executors$RunnableAdapter.call(Executors.java:511)
        at java.util.concurrent.FutureTask.run(FutureTask.java:266)
        at java.util.concurrent.ThreadPoolExecutor.runWorker(ThreadPoolExecutor.java:1149)
        at java.util.concurrent.ThreadPoolExecutor$Worker.run(ThreadPoolExecutor.java:624)
        at java.lang.Thread.run(Thread.java:750)
"ContainerOp-fe8f8231-531f-40c6-a24e-b6dddc8024d4-0"  prio=5 tid=446 in Object.wait()
java.lang.Thread.State: WAITING (on object monitor)
        at sun.misc.Unsafe.park(Native Method)
        at java.util.concurrent.locks.LockSupport.park(LockSupport.java:175)
        at java.util.concurrent.locks.AbstractQueuedSynchronizer$ConditionObject.await(AbstractQueuedSynchronizer.java:2039)
        at java.util.concurrent.LinkedBlockingQueue.take(LinkedBlockingQueue.java:442)
        at java.util.concurrent.ThreadPoolExecutor.getTask(ThreadPoolExecutor.java:1074)
        at java.util.concurrent.ThreadPoolExecutor.runWorker(ThreadPoolExecutor.java:1134)
        at java.util.concurrent.ThreadPoolExecutor$Worker.run(ThreadPoolExecutor.java:624)
        at java.lang.Thread.run(Thread.java:750)
"IPC Server handler 13 on default port 36647" daemon prio=5 tid=62 timed_waiting
java.lang.Thread.State: TIMED_WAITING
        at sun.misc.Unsafe.park(Native Method)
        at java.util.concurrent.locks.LockSupport.parkNanos(LockSupport.java:215)
        at java.util.concurrent.locks.AbstractQueuedSynchronizer$ConditionObject.awaitNanos(AbstractQueuedSynchronizer.java:2078)
        at java.util.concurrent.LinkedBlockingQueue.poll(LinkedBlockingQueue.java:467)
        at org.apache.hadoop.ipc.CallQueueManager.take(CallQueueManager.java:317)
        at org.apache.hadoop.ipc.Server$Handler.run(Server.java:2992)
"ContainerOp-cd8abe94-f173-4052-9509-b5bff1395f48-5"  prio=5 tid=454 in Object.wait()
java.lang.Thread.State: WAITING (on object monitor)
        at sun.misc.Unsafe.park(Native Method)
        at java.util.concurrent.locks.LockSupport.park(LockSupport.java:175)
        at java.util.concurrent.locks.AbstractQueuedSynchronizer$ConditionObject.await(AbstractQueuedSynchronizer.java:2039)
        at java.util.concurrent.LinkedBlockingQueue.take(LinkedBlockingQueue.java:442)
        at java.util.concurrent.ThreadPoolExecutor.getTask(ThreadPoolExecutor.java:1074)
        at java.util.concurrent.ThreadPoolExecutor.runWorker(ThreadPoolExecutor.java:1134)
        at java.util.concurrent.ThreadPoolExecutor$Worker.run(ThreadPoolExecutor.java:624)
        at java.lang.Thread.run(Thread.java:750)
"IPC Server listener on 0" daemon prio=5 tid=33 runnable
java.lang.Thread.State: RUNNABLE
        at sun.nio.ch.EPollArrayWrapper.epollWait(Native Method)
        at sun.nio.ch.EPollArrayWrapper.poll(EPollArrayWrapper.java:269)
        at sun.nio.ch.EPollSelectorImpl.doSelect(EPollSelectorImpl.java:93)
        at sun.nio.ch.SelectorImpl.lockAndDoSelect(SelectorImpl.java:86)
        at sun.nio.ch.SelectorImpl.select(SelectorImpl.java:97)
        at sun.nio.ch.SelectorImpl.select(SelectorImpl.java:101)
        at org.apache.hadoop.ipc.Server$Listener.run(Server.java:1404)
"pool-94-thread-1" daemon prio=5 tid=215 timed_waiting
java.lang.Thread.State: TIMED_WAITING
        at sun.misc.Unsafe.park(Native Method)
        at java.util.concurrent.locks.LockSupport.parkNanos(LockSupport.java:215)
        at java.util.concurrent.locks.AbstractQueuedSynchronizer$ConditionObject.awaitNanos(AbstractQueuedSynchronizer.java:2078)
        at java.util.concurrent.ScheduledThreadPoolExecutor$DelayedWorkQueue.take(ScheduledThreadPoolExecutor.java:1093)
        at java.util.concurrent.ScheduledThreadPoolExecutor$DelayedWorkQueue.take(ScheduledThreadPoolExecutor.java:809)
        at java.util.concurrent.ThreadPoolExecutor.getTask(ThreadPoolExecutor.java:1074)
        at java.util.concurrent.ThreadPoolExecutor.runWorker(ThreadPoolExecutor.java:1134)
        at java.util.concurrent.ThreadPoolExecutor$Worker.run(ThreadPoolExecutor.java:624)
        at java.lang.Thread.run(Thread.java:750)
"StaleRecoveringContainerScrubbingService#1" daemon prio=5 tid=309 timed_waiting
java.lang.Thread.State: TIMED_WAITING
        at sun.misc.Unsafe.park(Native Method)
        at java.util.concurrent.locks.LockSupport.parkNanos(LockSupport.java:215)
        at java.util.concurrent.locks.AbstractQueuedSynchronizer$ConditionObject.awaitNanos(AbstractQueuedSynchronizer.java:2078)
        at java.util.concurrent.ScheduledThreadPoolExecutor$DelayedWorkQueue.take(ScheduledThreadPoolExecutor.java:1093)
        at java.util.concurrent.ScheduledThreadPoolExecutor$DelayedWorkQueue.take(ScheduledThreadPoolExecutor.java:809)
        at java.util.concurrent.ThreadPoolExecutor.getTask(ThreadPoolExecutor.java:1074)
        at java.util.concurrent.ThreadPoolExecutor.runWorker(ThreadPoolExecutor.java:1134)
        at java.util.concurrent.ThreadPoolExecutor$Worker.run(ThreadPoolExecutor.java:624)
        at java.lang.Thread.run(Thread.java:750)
"pool-61-thread-1"  prio=5 tid=131 in Object.wait()
java.lang.Thread.State: WAITING (on object monitor)
        at sun.misc.Unsafe.park(Native Method)
        at java.util.concurrent.locks.LockSupport.park(LockSupport.java:175)
        at java.util.concurrent.locks.AbstractQueuedSynchronizer$ConditionObject.await(AbstractQueuedSynchronizer.java:2039)
        at java.util.concurrent.LinkedBlockingQueue.take(LinkedBlockingQueue.java:442)
        at java.util.concurrent.ThreadPoolExecutor.getTask(ThreadPoolExecutor.java:1074)
        at java.util.concurrent.ThreadPoolExecutor.runWorker(ThreadPoolExecutor.java:1134)
        at java.util.concurrent.ThreadPoolExecutor$Worker.run(ThreadPoolExecutor.java:624)
        at java.lang.Thread.run(Thread.java:750)
"ContainerOp-cd8abe94-f173-4052-9509-b5bff1395f48-2"  prio=5 tid=438 in Object.wait()
java.lang.Thread.State: WAITING (on object monitor)
        at sun.misc.Unsafe.park(Native Method)
        at java.util.concurrent.locks.LockSupport.park(LockSupport.java:175)
        at java.util.concurrent.locks.AbstractQueuedSynchronizer$ConditionObject.await(AbstractQueuedSynchronizer.java:2039)
        at java.util.concurrent.LinkedBlockingQueue.take(LinkedBlockingQueue.java:442)
        at java.util.concurrent.ThreadPoolExecutor.getTask(ThreadPoolExecutor.java:1074)
        at java.util.concurrent.ThreadPoolExecutor.runWorker(ThreadPoolExecutor.java:1134)
        at java.util.concurrent.ThreadPoolExecutor$Worker.run(ThreadPoolExecutor.java:624)
        at java.lang.Thread.run(Thread.java:750)
"ContainerOp-cd8abe94-f173-4052-9509-b5bff1395f48-9"  prio=5 tid=485 in Object.wait()
java.lang.Thread.State: WAITING (on object monitor)
        at sun.misc.Unsafe.park(Native Method)
        at java.util.concurrent.locks.LockSupport.park(LockSupport.java:175)
        at java.util.concurrent.locks.AbstractQueuedSynchronizer$ConditionObject.await(AbstractQueuedSynchronizer.java:2039)
        at java.util.concurrent.LinkedBlockingQueue.take(LinkedBlockingQueue.java:442)
        at java.util.concurrent.ThreadPoolExecutor.getTask(ThreadPoolExecutor.java:1074)
        at java.util.concurrent.ThreadPoolExecutor.runWorker(ThreadPoolExecutor.java:1134)
        at java.util.concurrent.ThreadPoolExecutor$Worker.run(ThreadPoolExecutor.java:624)
        at java.lang.Thread.run(Thread.java:750)
"IPC Server handler 14 on default port 37905" daemon prio=5 tid=103 timed_waiting
java.lang.Thread.State: TIMED_WAITING
        at sun.misc.Unsafe.park(Native Method)
        at java.util.concurrent.locks.LockSupport.parkNanos(LockSupport.java:215)
        at java.util.concurrent.locks.AbstractQueuedSynchronizer$ConditionObject.awaitNanos(AbstractQueuedSynchronizer.java:2078)
        at java.util.concurrent.LinkedBlockingQueue.poll(LinkedBlockingQueue.java:467)
        at org.apache.hadoop.ipc.CallQueueManager.take(CallQueueManager.java:317)
        at org.apache.hadoop.ipc.Server$Handler.run(Server.java:2992)
"FixedThreadPoolWithAffinityExecutor-6-0" daemon prio=5 tid=44 timed_waiting
java.lang.Thread.State: TIMED_WAITING
        at sun.misc.Unsafe.park(Native Method)
        at java.util.concurrent.locks.LockSupport.parkNanos(LockSupport.java:215)
        at java.util.concurrent.locks.AbstractQueuedSynchronizer$ConditionObject.awaitNanos(AbstractQueuedSynchronizer.java:2078)
        at java.util.concurrent.LinkedBlockingQueue.poll(LinkedBlockingQueue.java:467)
        at org.apache.hadoop.hdds.scm.server.ContainerReportQueue.poll(ContainerReportQueue.java:266)
        at org.apache.hadoop.hdds.scm.server.ContainerReportQueue.poll(ContainerReportQueue.java:42)
        at org.apache.hadoop.hdds.server.events.FixedThreadPoolWithAffinityExecutor$ContainerReportProcessTask.run(FixedThreadPoolWithAffinityExecutor.java:247)
        at java.util.concurrent.Executors$RunnableAdapter.call(Executors.java:511)
        at java.util.concurrent.FutureTask.run(FutureTask.java:266)
        at java.util.concurrent.ThreadPoolExecutor.runWorker(ThreadPoolExecutor.java:1149)
        at java.util.concurrent.ThreadPoolExecutor$Worker.run(ThreadPoolExecutor.java:624)
        at java.lang.Thread.run(Thread.java:750)
"Finalizer" daemon prio=8 tid=3 in Object.wait()
java.lang.Thread.State: WAITING (on object monitor)
        at java.lang.Object.wait(Native Method)
        at java.lang.ref.ReferenceQueue.remove(ReferenceQueue.java:144)
        at java.lang.ref.ReferenceQueue.remove(ReferenceQueue.java:165)
        at java.lang.ref.Finalizer$FinalizerThread.run(Finalizer.java:188)
"b1c57afc-121c-455c-bc43-4ffbee8e4677@group-B6DDDC8024D4-SegmentedRaftLogWorker"  prio=5 tid=323 timed_waiting
java.lang.Thread.State: TIMED_WAITING
        at sun.misc.Unsafe.park(Native Method)
        at java.util.concurrent.locks.LockSupport.parkNanos(LockSupport.java:215)
        at java.util.concurrent.locks.AbstractQueuedSynchronizer$ConditionObject.awaitNanos(AbstractQueuedSynchronizer.java:2078)
        at org.apache.ratis.util.DataBlockingQueue.poll(DataBlockingQueue.java:148)
        at org.apache.ratis.server.raftlog.segmented.SegmentedRaftLogWorker.run(SegmentedRaftLogWorker.java:312)
        at org.apache.ratis.server.raftlog.segmented.SegmentedRaftLogWorker$$Lambda$686/78095376.run(Unknown Source)
        at java.lang.Thread.run(Thread.java:750)
"RatisPipelineUtilsThread - 0"  prio=5 tid=15 timed_waiting
java.lang.Thread.State: TIMED_WAITING
        at java.lang.Object.wait(Native Method)
        at org.apache.hadoop.hdds.scm.pipeline.BackgroundPipelineCreator.run(BackgroundPipelineCreator.java:176)
        at org.apache.hadoop.hdds.scm.pipeline.BackgroundPipelineCreator$$Lambda$378/2120115571.run(Unknown Source)
        at java.lang.Thread.run(Thread.java:750)
"Listener at 127.0.0.1/45463"  prio=5 tid=1 runnable
java.lang.Thread.State: RUNNABLE
        at java.lang.Thread.dumpThreads(Native Method)
        at java.lang.Thread.getAllStackTraces(Thread.java:1615)
        at org.apache.ozone.test.TimedOutTestsListener.buildThreadDump(TimedOutTestsListener.java:93)
        at org.apache.ozone.test.TimedOutTestsListener.buildThreadDiagnosticString(TimedOutTestsListener.java:79)
        at org.apache.ozone.test.GenericTestUtils.waitFor(GenericTestUtils.java:231)
        at org.apache.hadoop.fs.ozone.TestDirectoryDeletingServiceWithFSO.assertTableRowCount(TestDirectoryDeletingServiceWithFSO.java:509)
        at org.apache.hadoop.fs.ozone.TestDirectoryDeletingServiceWithFSO.testDeleteWithLargeSubPathsThanBatchSize(TestDirectoryDeletingServiceWithFSO.java:218)
        at sun.reflect.NativeMethodAccessorImpl.invoke0(Native Method)
        at sun.reflect.NativeMethodAccessorImpl.invoke(NativeMethodAccessorImpl.java:62)
        at sun.reflect.DelegatingMethodAccessorImpl.invoke(DelegatingMethodAccessorImpl.java:43)
        at java.lang.reflect.Method.invoke(Method.java:498)
        at org.junit.platform.commons.util.ReflectionUtils.invokeMethod(ReflectionUtils.java:725)
        at org.junit.jupiter.engine.execution.MethodInvocation.proceed(MethodInvocation.java:60)
        at org.junit.jupiter.engine.execution.InvocationInterceptorChain$ValidatingInvocation.proceed(InvocationInterceptorChain.java:131)
        at org.junit.jupiter.engine.extension.TimeoutInvocation.proceed(TimeoutInvocation.java:46)
        at org.junit.jupiter.engine.extension.TimeoutExtension.intercept(TimeoutExtension.java:149)
        at org.junit.jupiter.engine.extension.TimeoutExtension.interceptTestableMethod(TimeoutExtension.java:140)
        at org.junit.jupiter.engine.extension.TimeoutExtension.interceptTestMethod(TimeoutExtension.java:84)
        at org.junit.jupiter.engine.descriptor.TestMethodTestDescriptor$$Lambda$161/1714078840.apply(Unknown Source)
        at org.junit.jupiter.engine.execution.ExecutableInvoker$ReflectiveInterceptorCall.lambda$ofVoidMethod$0(ExecutableInvoker.java:115)
        at org.junit.jupiter.engine.execution.ExecutableInvoker$ReflectiveInterceptorCall$$Lambda$162/257513673.apply(Unknown Source)
        at org.junit.jupiter.engine.execution.ExecutableInvoker.lambda$invoke$0(ExecutableInvoker.java:105)
        at org.junit.jupiter.engine.execution.ExecutableInvoker$$Lambda$317/335359181.apply(Unknown Source)
        at org.junit.jupiter.engine.execution.InvocationInterceptorChain$InterceptedInvocation.proceed(InvocationInterceptorChain.java:106)
        at org.junit.jupiter.engine.execution.InvocationInterceptorChain.proceed(InvocationInterceptorChain.java:64)
        at org.junit.jupiter.engine.execution.InvocationInterceptorChain.chainAndInvoke(InvocationInterceptorChain.java:45)
        at org.junit.jupiter.engine.execution.InvocationInterceptorChain.invoke(InvocationInterceptorChain.java:37)
        at org.junit.jupiter.engine.execution.ExecutableInvoker.invoke(ExecutableInvoker.java:104)
        at org.junit.jupiter.engine.execution.ExecutableInvoker.invoke(ExecutableInvoker.java:98)
        at org.junit.jupiter.engine.descriptor.TestMethodTestDescriptor.lambda$invokeTestMethod$7(TestMethodTestDescriptor.java:214)
        at org.junit.jupiter.engine.descriptor.TestMethodTestDescriptor$$Lambda$1238/7657975.execute(Unknown Source)
        at org.junit.platform.engine.support.hierarchical.ThrowableCollector.execute(ThrowableCollector.java:73)
        at org.junit.jupiter.engine.descriptor.TestMethodTestDescriptor.invokeTestMethod(TestMethodTestDescriptor.java:210)
        at org.junit.jupiter.engine.descriptor.TestMethodTestDescriptor.execute(TestMethodTestDescriptor.java:135)
        at org.junit.jupiter.engine.descriptor.TestMethodTestDescriptor.execute(TestMethodTestDescriptor.java:66)
        at org.junit.platform.engine.support.hierarchical.NodeTestTask.lambda$executeRecursively$6(NodeTestTask.java:151)
        at org.junit.platform.engine.support.hierarchical.NodeTestTask$$Lambda$258/1409545055.execute(Unknown Source)
        at org.junit.platform.engine.support.hierarchical.ThrowableCollector.execute(ThrowableCollector.java:73)
        at org.junit.platform.engine.support.hierarchical.NodeTestTask.lambda$executeRecursively$8(NodeTestTask.java:141)
        at org.junit.platform.engine.support.hierarchical.NodeTestTask$$Lambda$257/1117519786.invoke(Unknown Source)
        at org.junit.platform.engine.support.hierarchical.Node.around(Node.java:137)
        at org.junit.platform.engine.support.hierarchical.NodeTestTask.lambda$executeRecursively$9(NodeTestTask.java:139)
        at org.junit.platform.engine.support.hierarchical.NodeTestTask$$Lambda$256/1237825806.execute(Unknown Source)
        at org.junit.platform.engine.support.hierarchical.ThrowableCollector.execute(ThrowableCollector.java:73)
        at org.junit.platform.engine.support.hierarchical.NodeTestTask.executeRecursively(NodeTestTask.java:138)
        at org.junit.platform.engine.support.hierarchical.NodeTestTask.execute(NodeTestTask.java:95)
        at org.junit.platform.engine.support.hierarchical.SameThreadHierarchicalTestExecutorService$$Lambda$262/1478150312.accept(Unknown Source)
        at java.util.ArrayList.forEach(ArrayList.java:1259)
        at org.junit.platform.engine.support.hierarchical.SameThreadHierarchicalTestExecutorService.invokeAll(SameThreadHierarchicalTestExecutorService.java:41)
        at org.junit.platform.engine.support.hierarchical.NodeTestTask.lambda$executeRecursively$6(NodeTestTask.java:155)
        at org.junit.platform.engine.support.hierarchical.NodeTestTask$$Lambda$258/1409545055.execute(Unknown Source)
        at org.junit.platform.engine.support.hierarchical.ThrowableCollector.execute(ThrowableCollector.java:73)
        at org.junit.platform.engine.support.hierarchical.NodeTestTask.lambda$executeRecursively$8(NodeTestTask.java:141)
        at org.junit.platform.engine.support.hierarchical.NodeTestTask$$Lambda$257/1117519786.invoke(Unknown Source)
        at org.junit.platform.engine.support.hierarchical.Node.around(Node.java:137)
        at org.junit.platform.engine.support.hierarchical.NodeTestTask.lambda$executeRecursively$9(NodeTestTask.java:139)
        at org.junit.platform.engine.support.hierarchical.NodeTestTask$$Lambda$256/1237825806.execute(Unknown Source)
        at org.junit.platform.engine.support.hierarchical.ThrowableCollector.execute(ThrowableCollector.java:73)
        at org.junit.platform.engine.support.hierarchical.NodeTestTask.executeRecursively(NodeTestTask.java:138)
        at org.junit.platform.engine.support.hierarchical.NodeTestTask.execute(NodeTestTask.java:95)
        at org.junit.platform.engine.support.hierarchical.SameThreadHierarchicalTestExecutorService$$Lambda$262/1478150312.accept(Unknown Source)
        at java.util.ArrayList.forEach(ArrayList.java:1259)
        at org.junit.platform.engine.support.hierarchical.SameThreadHierarchicalTestExecutorService.invokeAll(SameThreadHierarchicalTestExecutorService.java:41)
        at org.junit.platform.engine.support.hierarchical.NodeTestTask.lambda$executeRecursively$6(NodeTestTask.java:155)
        at org.junit.platform.engine.support.hierarchical.NodeTestTask$$Lambda$258/1409545055.execute(Unknown Source)
        at org.junit.platform.engine.support.hierarchical.ThrowableCollector.execute(ThrowableCollector.java:73)
        at org.junit.platform.engine.support.hierarchical.NodeTestTask.lambda$executeRecursively$8(NodeTestTask.java:141)
        at org.junit.platform.engine.support.hierarchical.NodeTestTask$$Lambda$257/1117519786.invoke(Unknown Source)
        at org.junit.platform.engine.support.hierarchical.Node.around(Node.java:137)
        at org.junit.platform.engine.support.hierarchical.NodeTestTask.lambda$executeRecursively$9(NodeTestTask.java:139)
        at org.junit.platform.engine.support.hierarchical.NodeTestTask$$Lambda$256/1237825806.execute(Unknown Source)
        at org.junit.platform.engine.support.hierarchical.ThrowableCollector.execute(ThrowableCollector.java:73)
        at org.junit.platform.engine.support.hierarchical.NodeTestTask.executeRecursively(NodeTestTask.java:138)
        at org.junit.platform.engine.support.hierarchical.NodeTestTask.execute(NodeTestTask.java:95)
        at org.junit.platform.engine.support.hierarchical.SameThreadHierarchicalTestExecutorService.submit(SameThreadHierarchicalTestExecutorService.java:35)
        at org.junit.platform.engine.support.hierarchical.HierarchicalTestExecutor.execute(HierarchicalTestExecutor.java:57)
        at org.junit.platform.engine.support.hierarchical.HierarchicalTestEngine.execute(HierarchicalTestEngine.java:54)
        at org.junit.platform.launcher.core.EngineExecutionOrchestrator.execute(EngineExecutionOrchestrator.java:107)
        at org.junit.platform.launcher.core.EngineExecutionOrchestrator.execute(EngineExecutionOrchestrator.java:88)
        at org.junit.platform.launcher.core.EngineExecutionOrchestrator.lambda$execute$0(EngineExecutionOrchestrator.java:54)
        at org.junit.platform.launcher.core.EngineExecutionOrchestrator$$Lambda$214/1464555023.accept(Unknown Source)
        at org.junit.platform.launcher.core.EngineExecutionOrchestrator.withInterceptedStreams(EngineExecutionOrchestrator.java:67)
        at org.junit.platform.launcher.core.EngineExecutionOrchestrator.execute(EngineExecutionOrchestrator.java:52)
        at org.junit.platform.launcher.core.DefaultLauncher.execute(DefaultLauncher.java:114)
        at org.junit.platform.launcher.core.DefaultLauncher.execute(DefaultLauncher.java:86)
        at org.junit.platform.launcher.core.DefaultLauncherSession$DelegatingLauncher.execute(DefaultLauncherSession.java:86)
        at org.junit.platform.launcher.core.SessionPerRequestLauncher.execute(SessionPerRequestLauncher.java:53)
        at org.apache.maven.surefire.junitplatform.JUnitPlatformProvider.execute(JUnitPlatformProvider.java:188)
        at org.apache.maven.surefire.junitplatform.JUnitPlatformProvider.invokeAllTests(JUnitPlatformProvider.java:154)
        at org.apache.maven.surefire.junitplatform.JUnitPlatformProvider.invoke(JUnitPlatformProvider.java:124)
        at org.apache.maven.surefire.booter.ForkedBooter.runSuitesInProcess(ForkedBooter.java:428)
        at org.apache.maven.surefire.booter.ForkedBooter.execute(ForkedBooter.java:162)
        at org.apache.maven.surefire.booter.ForkedBooter.run(ForkedBooter.java:562)
        at org.apache.maven.surefire.booter.ForkedBooter.main(ForkedBooter.java:548)
"ContainerOp-cd8abe94-f173-4052-9509-b5bff1395f48-9"  prio=5 tid=486 in Object.wait()
java.lang.Thread.State: WAITING (on object monitor)
        at sun.misc.Unsafe.park(Native Method)
        at java.util.concurrent.locks.LockSupport.park(LockSupport.java:175)
        at java.util.concurrent.locks.AbstractQueuedSynchronizer$ConditionObject.await(AbstractQueuedSynchronizer.java:2039)
        at java.util.concurrent.LinkedBlockingQueue.take(LinkedBlockingQueue.java:442)
        at java.util.concurrent.ThreadPoolExecutor.getTask(ThreadPoolExecutor.java:1074)
        at java.util.concurrent.ThreadPoolExecutor.runWorker(ThreadPoolExecutor.java:1134)
        at java.util.concurrent.ThreadPoolExecutor$Worker.run(ThreadPoolExecutor.java:624)
        at java.lang.Thread.run(Thread.java:750)
"Session-HouseKeeper-15999360-1"  prio=5 tid=256 timed_waiting
java.lang.Thread.State: TIMED_WAITING
        at sun.misc.Unsafe.park(Native Method)
        at java.util.concurrent.locks.LockSupport.parkNanos(LockSupport.java:215)
        at java.util.concurrent.locks.AbstractQueuedSynchronizer$ConditionObject.awaitNanos(AbstractQueuedSynchronizer.java:2078)
        at java.util.concurrent.ScheduledThreadPoolExecutor$DelayedWorkQueue.take(ScheduledThreadPoolExecutor.java:1093)
        at java.util.concurrent.ScheduledThreadPoolExecutor$DelayedWorkQueue.take(ScheduledThreadPoolExecutor.java:809)
        at java.util.concurrent.ThreadPoolExecutor.getTask(ThreadPoolExecutor.java:1074)
        at java.util.concurrent.ThreadPoolExecutor.runWorker(ThreadPoolExecutor.java:1134)
        at java.util.concurrent.ThreadPoolExecutor$Worker.run(ThreadPoolExecutor.java:624)
        at java.lang.Thread.run(Thread.java:750)
"JvmPauseMonitor3" daemon prio=5 tid=304 timed_waiting
java.lang.Thread.State: TIMED_WAITING
        at java.lang.Thread.sleep(Native Method)
        at java.lang.Thread.sleep(Thread.java:342)
        at java.util.concurrent.TimeUnit.sleep(TimeUnit.java:386)
        at org.apache.ratis.util.TimeDuration.sleep(TimeDuration.java:325)
        at org.apache.ratis.util.TimeDuration.sleep(TimeDuration.java:310)
        at org.apache.ratis.util.JvmPauseMonitor.detectPause(JvmPauseMonitor.java:119)
        at org.apache.ratis.util.JvmPauseMonitor.run(JvmPauseMonitor.java:108)
        at org.apache.ratis.util.JvmPauseMonitor$$Lambda$727/1065899405.run(Unknown Source)
        at java.lang.Thread.run(Thread.java:750)
"qtp551301975-153-acceptor-0@2a3b4b03-ServerConnector@29d2aeb7{HTTP/1.1, (http/1.1)}{0.0.0.0:45107}" daemon prio=3 tid=153 runnable
java.lang.Thread.State: RUNNABLE
        at sun.nio.ch.ServerSocketChannelImpl.accept0(Native Method)
        at sun.nio.ch.ServerSocketChannelImpl.accept(ServerSocketChannelImpl.java:421)
        at sun.nio.ch.ServerSocketChannelImpl.accept(ServerSocketChannelImpl.java:249)
        at org.eclipse.jetty.server.ServerConnector.accept(ServerConnector.java:388)
        at org.eclipse.jetty.server.AbstractConnector$Acceptor.run(AbstractConnector.java:704)
        at org.eclipse.jetty.util.thread.QueuedThreadPool.runJob(QueuedThreadPool.java:883)
        at org.eclipse.jetty.util.thread.QueuedThreadPool$Runner.run(QueuedThreadPool.java:1034)
        at java.lang.Thread.run(Thread.java:750)
"FixedThreadPoolWithAffinityExecutor-1-0" daemon prio=5 tid=39 timed_waiting
java.lang.Thread.State: TIMED_WAITING
        at sun.misc.Unsafe.park(Native Method)
        at java.util.concurrent.locks.LockSupport.parkNanos(LockSupport.java:215)
        at java.util.concurrent.locks.AbstractQueuedSynchronizer$ConditionObject.awaitNanos(AbstractQueuedSynchronizer.java:2078)
        at java.util.concurrent.LinkedBlockingQueue.poll(LinkedBlockingQueue.java:467)
        at org.apache.hadoop.hdds.scm.server.ContainerReportQueue.poll(ContainerReportQueue.java:266)
        at org.apache.hadoop.hdds.scm.server.ContainerReportQueue.poll(ContainerReportQueue.java:42)
        at org.apache.hadoop.hdds.server.events.FixedThreadPoolWithAffinityExecutor$ContainerReportProcessTask.run(FixedThreadPoolWithAffinityExecutor.java:247)
        at java.util.concurrent.Executors$RunnableAdapter.call(Executors.java:511)
        at java.util.concurrent.FutureTask.run(FutureTask.java:266)
        at java.util.concurrent.ThreadPoolExecutor.runWorker(ThreadPoolExecutor.java:1149)
        at java.util.concurrent.ThreadPoolExecutor$Worker.run(ThreadPoolExecutor.java:624)
        at java.lang.Thread.run(Thread.java:750)
"IPC Server handler 12 on default port 36703" daemon prio=5 tid=81 timed_waiting
java.lang.Thread.State: TIMED_WAITING
        at sun.misc.Unsafe.park(Native Method)
        at java.util.concurrent.locks.LockSupport.parkNanos(LockSupport.java:215)
        at java.util.concurrent.locks.AbstractQueuedSynchronizer$ConditionObject.awaitNanos(AbstractQueuedSynchronizer.java:2078)
        at java.util.concurrent.LinkedBlockingQueue.poll(LinkedBlockingQueue.java:467)
        at org.apache.hadoop.ipc.CallQueueManager.take(CallQueueManager.java:317)
        at org.apache.hadoop.ipc.Server$Handler.run(Server.java:2992)
"IPC Server handler 16 on default port 36703" daemon prio=5 tid=85 timed_waiting
java.lang.Thread.State: TIMED_WAITING
        at sun.misc.Unsafe.park(Native Method)
        at java.util.concurrent.locks.LockSupport.parkNanos(LockSupport.java:215)
        at java.util.concurrent.locks.AbstractQueuedSynchronizer$ConditionObject.awaitNanos(AbstractQueuedSynchronizer.java:2078)
        at java.util.concurrent.LinkedBlockingQueue.poll(LinkedBlockingQueue.java:467)
        at org.apache.hadoop.ipc.CallQueueManager.take(CallQueueManager.java:317)
        at org.apache.hadoop.ipc.Server$Handler.run(Server.java:2992)
"Command processor thread" daemon prio=5 tid=209 timed_waiting
java.lang.Thread.State: TIMED_WAITING
        at java.lang.Thread.sleep(Native Method)
        at org.apache.hadoop.ozone.container.common.statemachine.DatanodeStateMachine.lambda$initCommandHandlerThread$3(DatanodeStateMachine.java:649)
        at org.apache.hadoop.ozone.container.common.statemachine.DatanodeStateMachine$$Lambda$870/1388029857.run(Unknown Source)
        at java.lang.Thread.run(Thread.java:750)
"ContainerOp-cd8abe94-f173-4052-9509-b5bff1395f48-7"  prio=5 tid=471 in Object.wait()
java.lang.Thread.State: WAITING (on object monitor)
        at sun.misc.Unsafe.park(Native Method)
        at java.util.concurrent.locks.LockSupport.park(LockSupport.java:175)
        at java.util.concurrent.locks.AbstractQueuedSynchronizer$ConditionObject.await(AbstractQueuedSynchronizer.java:2039)
        at java.util.concurrent.LinkedBlockingQueue.take(LinkedBlockingQueue.java:442)
        at java.util.concurrent.ThreadPoolExecutor.getTask(ThreadPoolExecutor.java:1074)
        at java.util.concurrent.ThreadPoolExecutor.runWorker(ThreadPoolExecutor.java:1134)
        at java.util.concurrent.ThreadPoolExecutor$Worker.run(ThreadPoolExecutor.java:624)
        at java.lang.Thread.run(Thread.java:750)
"4bcfc98d-1351-440f-af15-56158ce83d77-NettyServerStreamRpc-bossGroup--thread1"  prio=5 tid=217 runnable
java.lang.Thread.State: RUNNABLE
        at sun.nio.ch.EPollArrayWrapper.epollWait(Native Method)
        at sun.nio.ch.EPollArrayWrapper.poll(EPollArrayWrapper.java:269)
        at sun.nio.ch.EPollSelectorImpl.doSelect(EPollSelectorImpl.java:93)
        at sun.nio.ch.SelectorImpl.lockAndDoSelect(SelectorImpl.java:86)
        at sun.nio.ch.SelectorImpl.select(SelectorImpl.java:97)
        at sun.nio.ch.SelectorImpl.select(SelectorImpl.java:101)
        at org.apache.ratis.thirdparty.io.netty.channel.nio.SelectedSelectionKeySetSelector.select(SelectedSelectionKeySetSelector.java:68)
        at org.apache.ratis.thirdparty.io.netty.channel.nio.NioEventLoop.select(NioEventLoop.java:813)
        at org.apache.ratis.thirdparty.io.netty.channel.nio.NioEventLoop.run(NioEventLoop.java:460)
        at org.apache.ratis.thirdparty.io.netty.util.concurrent.SingleThreadEventExecutor$4.run(SingleThreadEventExecutor.java:995)
        at org.apache.ratis.thirdparty.io.netty.util.internal.ThreadExecutorMap$2.run(ThreadExecutorMap.java:74)
        at java.lang.Thread.run(Thread.java:750)
"ContainerOp-fe8f8231-531f-40c6-a24e-b6dddc8024d4-2"  prio=5 tid=459 in Object.wait()
java.lang.Thread.State: WAITING (on object monitor)
        at sun.misc.Unsafe.park(Native Method)
        at java.util.concurrent.locks.LockSupport.park(LockSupport.java:175)
        at java.util.concurrent.locks.AbstractQueuedSynchronizer$ConditionObject.await(AbstractQueuedSynchronizer.java:2039)
        at java.util.concurrent.LinkedBlockingQueue.take(LinkedBlockingQueue.java:442)
        at java.util.concurrent.ThreadPoolExecutor.getTask(ThreadPoolExecutor.java:1074)
        at java.util.concurrent.ThreadPoolExecutor.runWorker(ThreadPoolExecutor.java:1134)
        at java.util.concurrent.ThreadPoolExecutor$Worker.run(ThreadPoolExecutor.java:624)
        at java.lang.Thread.run(Thread.java:750)
"IPC Server handler 19 on default port 45463" daemon prio=5 tid=180 timed_waiting
java.lang.Thread.State: TIMED_WAITING
        at sun.misc.Unsafe.park(Native Method)
        at java.util.concurrent.locks.LockSupport.parkNanos(LockSupport.java:215)
        at java.util.concurrent.locks.AbstractQueuedSynchronizer$ConditionObject.awaitNanos(AbstractQueuedSynchronizer.java:2078)
        at java.util.concurrent.LinkedBlockingQueue.poll(LinkedBlockingQueue.java:467)
        at org.apache.hadoop.ipc.CallQueueManager.take(CallQueueManager.java:317)
        at org.apache.hadoop.ipc.Server$Handler.run(Server.java:2992)
"Over Replicated Processor" daemon prio=5 tid=20 timed_waiting
java.lang.Thread.State: TIMED_WAITING
        at java.lang.Object.wait(Native Method)
        at org.apache.hadoop.hdds.scm.container.replication.UnhealthyReplicationProcessor.run(UnhealthyReplicationProcessor.java:140)
        at java.lang.Thread.run(Thread.java:750)
"IPC Server handler 3 on default port 37905" daemon prio=5 tid=92 timed_waiting
java.lang.Thread.State: TIMED_WAITING
        at sun.misc.Unsafe.park(Native Method)
        at java.util.concurrent.locks.LockSupport.parkNanos(LockSupport.java:215)
        at java.util.concurrent.locks.AbstractQueuedSynchronizer$ConditionObject.awaitNanos(AbstractQueuedSynchronizer.java:2078)
        at java.util.concurrent.LinkedBlockingQueue.poll(LinkedBlockingQueue.java:467)
        at org.apache.hadoop.ipc.CallQueueManager.take(CallQueueManager.java:317)
        at org.apache.hadoop.ipc.Server$Handler.run(Server.java:2992)
"pool-109-thread-1"  prio=5 tid=220 timed_waiting
java.lang.Thread.State: TIMED_WAITING
        at sun.misc.Unsafe.park(Native Method)
        at java.util.concurrent.locks.LockSupport.parkNanos(LockSupport.java:215)
        at java.util.concurrent.locks.AbstractQueuedSynchronizer$ConditionObject.awaitNanos(AbstractQueuedSynchronizer.java:2078)
        at java.util.concurrent.ScheduledThreadPoolExecutor$DelayedWorkQueue.take(ScheduledThreadPoolExecutor.java:1093)
        at java.util.concurrent.ScheduledThreadPoolExecutor$DelayedWorkQueue.take(ScheduledThreadPoolExecutor.java:809)
        at java.util.concurrent.ThreadPoolExecutor.getTask(ThreadPoolExecutor.java:1074)
        at java.util.concurrent.ThreadPoolExecutor.runWorker(ThreadPoolExecutor.java:1134)
        at java.util.concurrent.ThreadPoolExecutor$Worker.run(ThreadPoolExecutor.java:624)
        at java.lang.Thread.run(Thread.java:750)
"PartialTableCache Cleanup Thread - 0" daemon prio=5 tid=606 in Object.wait()
java.lang.Thread.State: WAITING (on object monitor)
        at sun.misc.Unsafe.park(Native Method)
        at java.util.concurrent.locks.LockSupport.park(LockSupport.java:175)
        at java.util.concurrent.locks.AbstractQueuedSynchronizer$ConditionObject.await(AbstractQueuedSynchronizer.java:2039)
        at java.util.concurrent.LinkedBlockingQueue.take(LinkedBlockingQueue.java:442)
        at java.util.concurrent.ThreadPoolExecutor.getTask(ThreadPoolExecutor.java:1074)
        at java.util.concurrent.ThreadPoolExecutor.runWorker(ThreadPoolExecutor.java:1134)
        at java.util.concurrent.ThreadPoolExecutor$Worker.run(ThreadPoolExecutor.java:624)
        at java.lang.Thread.run(Thread.java:750)
"qtp1652609556-227" daemon prio=5 tid=227 timed_waiting
java.lang.Thread.State: TIMED_WAITING
        at sun.misc.Unsafe.park(Native Method)
        at java.util.concurrent.locks.LockSupport.parkNanos(LockSupport.java:215)
        at java.util.concurrent.locks.AbstractQueuedSynchronizer$ConditionObject.awaitNanos(AbstractQueuedSynchronizer.java:2078)
        at org.eclipse.jetty.util.BlockingArrayQueue.poll(BlockingArrayQueue.java:382)
        at org.eclipse.jetty.util.thread.QueuedThreadPool$Runner.idleJobPoll(QueuedThreadPool.java:974)
        at org.eclipse.jetty.util.thread.QueuedThreadPool$Runner.run(QueuedThreadPool.java:1018)
        at java.lang.Thread.run(Thread.java:750)
"ContainerOp-cd8abe94-f173-4052-9509-b5bff1395f48-8"  prio=5 tid=480 in Object.wait()
java.lang.Thread.State: WAITING (on object monitor)
        at sun.misc.Unsafe.park(Native Method)
        at java.util.concurrent.locks.LockSupport.park(LockSupport.java:175)
        at java.util.concurrent.locks.AbstractQueuedSynchronizer$ConditionObject.await(AbstractQueuedSynchronizer.java:2039)
        at java.util.concurrent.LinkedBlockingQueue.take(LinkedBlockingQueue.java:442)
        at java.util.concurrent.ThreadPoolExecutor.getTask(ThreadPoolExecutor.java:1074)
        at java.util.concurrent.ThreadPoolExecutor.runWorker(ThreadPoolExecutor.java:1134)
        at java.util.concurrent.ThreadPoolExecutor$Worker.run(ThreadPoolExecutor.java:624)
        at java.lang.Thread.run(Thread.java:750)
"b1c57afc-121c-455c-bc43-4ffbee8e4677@group-B5BFF1395F48->4bcfc98d-1351-440f-af15-56158ce83d77-GrpcLogAppender-LogAppenderDaemon" daemon prio=5 tid=400 timed_waiting
java.lang.Thread.State: TIMED_WAITING
        at sun.misc.Unsafe.park(Native Method)
        at java.util.concurrent.locks.LockSupport.parkNanos(LockSupport.java:215)
        at java.util.concurrent.locks.AbstractQueuedSynchronizer$ConditionObject.await(AbstractQueuedSynchronizer.java:2163)
        at org.apache.ratis.util.AwaitForSignal.await(AwaitForSignal.java:62)
        at org.apache.ratis.grpc.server.GrpcLogAppender.mayWait(GrpcLogAppender.java:198)
        at org.apache.ratis.grpc.server.GrpcLogAppender.run(GrpcLogAppender.java:148)
        at org.apache.ratis.server.leader.LogAppenderDaemon.run(LogAppenderDaemon.java:78)
        at org.apache.ratis.server.leader.LogAppenderDaemon$$Lambda$1135/499583845.run(Unknown Source)
        at java.lang.Thread.run(Thread.java:750)
"IPC Server handler 8 on default port 37905" daemon prio=5 tid=97 timed_waiting
java.lang.Thread.State: TIMED_WAITING
        at sun.misc.Unsafe.park(Native Method)
        at java.util.concurrent.locks.LockSupport.parkNanos(LockSupport.java:215)
        at java.util.concurrent.locks.AbstractQueuedSynchronizer$ConditionObject.awaitNanos(AbstractQueuedSynchronizer.java:2078)
        at java.util.concurrent.LinkedBlockingQueue.poll(LinkedBlockingQueue.java:467)
        at org.apache.hadoop.ipc.CallQueueManager.take(CallQueueManager.java:317)
        at org.apache.hadoop.ipc.Server$Handler.run(Server.java:2992)
"qtp1241568657-120" daemon prio=5 tid=120 timed_waiting
java.lang.Thread.State: TIMED_WAITING
        at sun.misc.Unsafe.park(Native Method)
        at java.util.concurrent.locks.LockSupport.parkNanos(LockSupport.java:215)
        at java.util.concurrent.locks.AbstractQueuedSynchronizer$ConditionObject.awaitNanos(AbstractQueuedSynchronizer.java:2078)
        at org.eclipse.jetty.util.BlockingArrayQueue.poll(BlockingArrayQueue.java:382)
        at org.eclipse.jetty.util.thread.QueuedThreadPool$Runner.idleJobPoll(QueuedThreadPool.java:974)
        at org.eclipse.jetty.util.thread.QueuedThreadPool$Runner.run(QueuedThreadPool.java:1018)
        at java.lang.Thread.run(Thread.java:750)
"pool-116-thread-1" daemon prio=5 tid=242 timed_waiting
java.lang.Thread.State: TIMED_WAITING
        at sun.misc.Unsafe.park(Native Method)
        at java.util.concurrent.locks.LockSupport.parkNanos(LockSupport.java:215)
        at java.util.concurrent.locks.AbstractQueuedSynchronizer$ConditionObject.awaitNanos(AbstractQueuedSynchronizer.java:2078)
        at java.util.concurrent.ScheduledThreadPoolExecutor$DelayedWorkQueue.take(ScheduledThreadPoolExecutor.java:1093)
        at java.util.concurrent.ScheduledThreadPoolExecutor$DelayedWorkQueue.take(ScheduledThreadPoolExecutor.java:809)
        at java.util.concurrent.ThreadPoolExecutor.getTask(ThreadPoolExecutor.java:1074)
        at java.util.concurrent.ThreadPoolExecutor.runWorker(ThreadPoolExecutor.java:1134)
        at java.util.concurrent.ThreadPoolExecutor$Worker.run(ThreadPoolExecutor.java:624)
        at java.lang.Thread.run(Thread.java:750)
"Datanode ReportManager Thread - 3" daemon prio=5 tid=234 in Object.wait()
java.lang.Thread.State: WAITING (on object monitor)
        at sun.misc.Unsafe.park(Native Method)
        at java.util.concurrent.locks.LockSupport.park(LockSupport.java:175)
        at java.util.concurrent.locks.AbstractQueuedSynchronizer$ConditionObject.await(AbstractQueuedSynchronizer.java:2039)
        at java.util.concurrent.ScheduledThreadPoolExecutor$DelayedWorkQueue.take(ScheduledThreadPoolExecutor.java:1088)
        at java.util.concurrent.ScheduledThreadPoolExecutor$DelayedWorkQueue.take(ScheduledThreadPoolExecutor.java:809)
        at java.util.concurrent.ThreadPoolExecutor.getTask(ThreadPoolExecutor.java:1074)
        at java.util.concurrent.ThreadPoolExecutor.runWorker(ThreadPoolExecutor.java:1134)
        at java.util.concurrent.ThreadPoolExecutor$Worker.run(ThreadPoolExecutor.java:624)
        at java.lang.Thread.run(Thread.java:750)
"21b868c3-9969-4e13-ad52-9b0ac48fd138@group-6F8147257EC2-LeaderStateImpl" daemon prio=5 tid=416 timed_waiting
java.lang.Thread.State: TIMED_WAITING
        at sun.misc.Unsafe.park(Native Method)
        at java.util.concurrent.locks.LockSupport.parkNanos(LockSupport.java:215)
        at java.util.concurrent.locks.AbstractQueuedSynchronizer$ConditionObject.awaitNanos(AbstractQueuedSynchronizer.java:2078)
        at java.util.concurrent.ArrayBlockingQueue.poll(ArrayBlockingQueue.java:418)
        at org.apache.ratis.server.impl.LeaderStateImpl$EventQueue.poll(LeaderStateImpl.java:159)
        at org.apache.ratis.server.impl.LeaderStateImpl$EventProcessor.run(LeaderStateImpl.java:630)
"21b868c3-9969-4e13-ad52-9b0ac48fd138@group-B5BFF1395F48-SegmentedRaftLogWorker"  prio=5 tid=357 timed_waiting
java.lang.Thread.State: TIMED_WAITING
        at sun.misc.Unsafe.park(Native Method)
        at java.util.concurrent.locks.LockSupport.parkNanos(LockSupport.java:215)
        at java.util.concurrent.locks.AbstractQueuedSynchronizer$ConditionObject.awaitNanos(AbstractQueuedSynchronizer.java:2078)
        at org.apache.ratis.util.DataBlockingQueue.poll(DataBlockingQueue.java:148)
        at org.apache.ratis.server.raftlog.segmented.SegmentedRaftLogWorker.run(SegmentedRaftLogWorker.java:312)
        at org.apache.ratis.server.raftlog.segmented.SegmentedRaftLogWorker$$Lambda$686/78095376.run(Unknown Source)
        at java.lang.Thread.run(Thread.java:750)
"org.apache.hadoop.util.JvmPauseMonitor$Monitor@6676b644" daemon prio=5 tid=237 timed_waiting
java.lang.Thread.State: TIMED_WAITING
        at java.lang.Thread.sleep(Native Method)
        at org.apache.hadoop.util.JvmPauseMonitor$Monitor.run(JvmPauseMonitor.java:192)
        at java.lang.Thread.run(Thread.java:750)
"b1c57afc-121c-455c-bc43-4ffbee8e4677@group-B5BFF1395F48-SegmentedRaftLogWorker"  prio=5 tid=343 timed_waiting
java.lang.Thread.State: TIMED_WAITING
        at sun.misc.Unsafe.park(Native Method)
        at java.util.concurrent.locks.LockSupport.parkNanos(LockSupport.java:215)
        at java.util.concurrent.locks.AbstractQueuedSynchronizer$ConditionObject.awaitNanos(AbstractQueuedSynchronizer.java:2078)
        at org.apache.ratis.util.DataBlockingQueue.poll(DataBlockingQueue.java:148)
        at org.apache.ratis.server.raftlog.segmented.SegmentedRaftLogWorker.run(SegmentedRaftLogWorker.java:312)
        at org.apache.ratis.server.raftlog.segmented.SegmentedRaftLogWorker$$Lambda$686/78095376.run(Unknown Source)
        at java.lang.Thread.run(Thread.java:750)
"Periodic HDDS volume checker" daemon prio=5 tid=213 timed_waiting
java.lang.Thread.State: TIMED_WAITING
        at sun.misc.Unsafe.park(Native Method)
        at java.util.concurrent.locks.LockSupport.parkNanos(LockSupport.java:215)
        at java.util.concurrent.locks.AbstractQueuedSynchronizer$ConditionObject.awaitNanos(AbstractQueuedSynchronizer.java:2078)
        at java.util.concurrent.ScheduledThreadPoolExecutor$DelayedWorkQueue.take(ScheduledThreadPoolExecutor.java:1093)
        at java.util.concurrent.ScheduledThreadPoolExecutor$DelayedWorkQueue.take(ScheduledThreadPoolExecutor.java:809)
        at java.util.concurrent.ThreadPoolExecutor.getTask(ThreadPoolExecutor.java:1074)
        at java.util.concurrent.ThreadPoolExecutor.runWorker(ThreadPoolExecutor.java:1134)
        at java.util.concurrent.ThreadPoolExecutor$Worker.run(ThreadPoolExecutor.java:624)
        at java.lang.Thread.run(Thread.java:750)
"IPC Server handler 8 on default port 36647" daemon prio=5 tid=57 timed_waiting
java.lang.Thread.State: TIMED_WAITING
        at sun.misc.Unsafe.park(Native Method)
        at java.util.concurrent.locks.LockSupport.parkNanos(LockSupport.java:215)
        at java.util.concurrent.locks.AbstractQueuedSynchronizer$ConditionObject.awaitNanos(AbstractQueuedSynchronizer.java:2078)
        at java.util.concurrent.LinkedBlockingQueue.poll(LinkedBlockingQueue.java:467)
        at org.apache.hadoop.ipc.CallQueueManager.take(CallQueueManager.java:317)
        at org.apache.hadoop.ipc.Server$Handler.run(Server.java:2992)
"ContainerOp-cd8abe94-f173-4052-9509-b5bff1395f48-7"  prio=5 tid=469 in Object.wait()
java.lang.Thread.State: WAITING (on object monitor)
        at sun.misc.Unsafe.park(Native Method)
        at java.util.concurrent.locks.LockSupport.park(LockSupport.java:175)
        at java.util.concurrent.locks.AbstractQueuedSynchronizer$ConditionObject.await(AbstractQueuedSynchronizer.java:2039)
        at java.util.concurrent.LinkedBlockingQueue.take(LinkedBlockingQueue.java:442)
        at java.util.concurrent.ThreadPoolExecutor.getTask(ThreadPoolExecutor.java:1074)
        at java.util.concurrent.ThreadPoolExecutor.runWorker(ThreadPoolExecutor.java:1134)
        at java.util.concurrent.ThreadPoolExecutor$Worker.run(ThreadPoolExecutor.java:624)
        at java.lang.Thread.run(Thread.java:750)
"4bcfc98d-1351-440f-af15-56158ce83d77-server-thread2" daemon prio=5 tid=409 timed_waiting
java.lang.Thread.State: TIMED_WAITING
        at sun.misc.Unsafe.park(Native Method)
        at java.util.concurrent.locks.LockSupport.parkNanos(LockSupport.java:215)
        at java.util.concurrent.SynchronousQueue$TransferStack.awaitFulfill(SynchronousQueue.java:460)
        at java.util.concurrent.SynchronousQueue$TransferStack.transfer(SynchronousQueue.java:362)
        at java.util.concurrent.SynchronousQueue.poll(SynchronousQueue.java:941)
        at java.util.concurrent.ThreadPoolExecutor.getTask(ThreadPoolExecutor.java:1073)
        at java.util.concurrent.ThreadPoolExecutor.runWorker(ThreadPoolExecutor.java:1134)
        at java.util.concurrent.ThreadPoolExecutor$Worker.run(ThreadPoolExecutor.java:624)
        at java.lang.Thread.run(Thread.java:750)
"StaleRecoveringContainerScrubbingService#3" daemon prio=5 tid=654 in Object.wait()
java.lang.Thread.State: WAITING (on object monitor)
        at sun.misc.Unsafe.park(Native Method)
        at java.util.concurrent.locks.LockSupport.park(LockSupport.java:175)
        at java.util.concurrent.locks.AbstractQueuedSynchronizer$ConditionObject.await(AbstractQueuedSynchronizer.java:2039)
        at java.util.concurrent.ScheduledThreadPoolExecutor$DelayedWorkQueue.take(ScheduledThreadPoolExecutor.java:1088)
        at java.util.concurrent.ScheduledThreadPoolExecutor$DelayedWorkQueue.take(ScheduledThreadPoolExecutor.java:809)
        at java.util.concurrent.ThreadPoolExecutor.getTask(ThreadPoolExecutor.java:1074)
        at java.util.concurrent.ThreadPoolExecutor.runWorker(ThreadPoolExecutor.java:1134)
        at java.util.concurrent.ThreadPoolExecutor$Worker.run(ThreadPoolExecutor.java:624)
        at java.lang.Thread.run(Thread.java:750)
"StaleRecoveringContainerScrubbingService#2" daemon prio=5 tid=645 in Object.wait()
java.lang.Thread.State: WAITING (on object monitor)
        at sun.misc.Unsafe.park(Native Method)
        at java.util.concurrent.locks.LockSupport.park(LockSupport.java:175)
        at java.util.concurrent.locks.AbstractQueuedSynchronizer$ConditionObject.await(AbstractQueuedSynchronizer.java:2039)
        at java.util.concurrent.ScheduledThreadPoolExecutor$DelayedWorkQueue.take(ScheduledThreadPoolExecutor.java:1088)
        at java.util.concurrent.ScheduledThreadPoolExecutor$DelayedWorkQueue.take(ScheduledThreadPoolExecutor.java:809)
        at java.util.concurrent.ThreadPoolExecutor.getTask(ThreadPoolExecutor.java:1074)
        at java.util.concurrent.ThreadPoolExecutor.runWorker(ThreadPoolExecutor.java:1134)
        at java.util.concurrent.ThreadPoolExecutor$Worker.run(ThreadPoolExecutor.java:624)
        at java.lang.Thread.run(Thread.java:750)
"qtp527477577-253" daemon prio=5 tid=253 timed_waiting
java.lang.Thread.State: TIMED_WAITING
        at sun.misc.Unsafe.park(Native Method)
        at java.util.concurrent.locks.LockSupport.parkNanos(LockSupport.java:215)
        at java.util.concurrent.locks.AbstractQueuedSynchronizer$ConditionObject.awaitNanos(AbstractQueuedSynchronizer.java:2078)
        at org.eclipse.jetty.util.BlockingArrayQueue.poll(BlockingArrayQueue.java:382)
        at org.eclipse.jetty.util.thread.QueuedThreadPool$Runner.idleJobPoll(QueuedThreadPool.java:974)
        at org.eclipse.jetty.util.thread.QueuedThreadPool$Runner.run(QueuedThreadPool.java:1018)
        at java.lang.Thread.run(Thread.java:750)
"Datanode ReportManager Thread - 0" daemon prio=5 tid=258 in Object.wait()
java.lang.Thread.State: WAITING (on object monitor)
        at sun.misc.Unsafe.park(Native Method)
        at java.util.concurrent.locks.LockSupport.park(LockSupport.java:175)
        at java.util.concurrent.locks.AbstractQueuedSynchronizer$ConditionObject.await(AbstractQueuedSynchronizer.java:2039)
        at java.util.concurrent.ScheduledThreadPoolExecutor$DelayedWorkQueue.take(ScheduledThreadPoolExecutor.java:1088)
        at java.util.concurrent.ScheduledThreadPoolExecutor$DelayedWorkQueue.take(ScheduledThreadPoolExecutor.java:809)
        at java.util.concurrent.ThreadPoolExecutor.getTask(ThreadPoolExecutor.java:1074)
        at java.util.concurrent.ThreadPoolExecutor.runWorker(ThreadPoolExecutor.java:1134)
        at java.util.concurrent.ThreadPoolExecutor$Worker.run(ThreadPoolExecutor.java:624)
        at java.lang.Thread.run(Thread.java:750)
"qtp1241568657-119" daemon prio=5 tid=119 timed_waiting
java.lang.Thread.State: TIMED_WAITING
        at sun.misc.Unsafe.park(Native Method)
        at java.util.concurrent.locks.LockSupport.parkNanos(LockSupport.java:215)
        at java.util.concurrent.locks.AbstractQueuedSynchronizer$ConditionObject.awaitNanos(AbstractQueuedSynchronizer.java:2078)
        at org.eclipse.jetty.util.BlockingArrayQueue.poll(BlockingArrayQueue.java:382)
        at org.eclipse.jetty.util.thread.QueuedThreadPool$Runner.idleJobPoll(QueuedThreadPool.java:974)
        at org.eclipse.jetty.util.thread.QueuedThreadPool$Runner.run(QueuedThreadPool.java:1018)
        at java.lang.Thread.run(Thread.java:750)
"StaleRecoveringContainerScrubbingService#2" daemon prio=5 tid=643 in Object.wait()
java.lang.Thread.State: WAITING (on object monitor)
        at sun.misc.Unsafe.park(Native Method)
        at java.util.concurrent.locks.LockSupport.park(LockSupport.java:175)
        at java.util.concurrent.locks.AbstractQueuedSynchronizer$ConditionObject.await(AbstractQueuedSynchronizer.java:2039)
        at java.util.concurrent.ScheduledThreadPoolExecutor$DelayedWorkQueue.take(ScheduledThreadPoolExecutor.java:1088)
        at java.util.concurrent.ScheduledThreadPoolExecutor$DelayedWorkQueue.take(ScheduledThreadPoolExecutor.java:809)
        at java.util.concurrent.ThreadPoolExecutor.getTask(ThreadPoolExecutor.java:1074)
        at java.util.concurrent.ThreadPoolExecutor.runWorker(ThreadPoolExecutor.java:1134)
        at java.util.concurrent.ThreadPoolExecutor$Worker.run(ThreadPoolExecutor.java:624)
        at java.lang.Thread.run(Thread.java:750)
"21b868c3-9969-4e13-ad52-9b0ac48fd138-server-thread3" daemon prio=5 tid=391 timed_waiting
java.lang.Thread.State: TIMED_WAITING
        at sun.misc.Unsafe.park(Native Method)
        at java.util.concurrent.locks.LockSupport.parkNanos(LockSupport.java:215)
        at java.util.concurrent.SynchronousQueue$TransferStack.awaitFulfill(SynchronousQueue.java:460)
        at java.util.concurrent.SynchronousQueue$TransferStack.transfer(SynchronousQueue.java:362)
        at java.util.concurrent.SynchronousQueue.poll(SynchronousQueue.java:941)
        at java.util.concurrent.ThreadPoolExecutor.getTask(ThreadPoolExecutor.java:1073)
        at java.util.concurrent.ThreadPoolExecutor.runWorker(ThreadPoolExecutor.java:1134)
        at java.util.concurrent.ThreadPoolExecutor$Worker.run(ThreadPoolExecutor.java:624)
        at java.lang.Thread.run(Thread.java:750)
"21b868c3-9969-4e13-ad52-9b0ac48fd138@group-6F8147257EC2-StateMachineUpdater" daemon prio=5 tid=355 timed_waiting
java.lang.Thread.State: TIMED_WAITING
        at sun.misc.Unsafe.park(Native Method)
        at java.util.concurrent.locks.LockSupport.parkNanos(LockSupport.java:215)
        at java.util.concurrent.locks.AbstractQueuedSynchronizer$ConditionObject.await(AbstractQueuedSynchronizer.java:2163)
        at org.apache.ratis.util.AwaitForSignal.await(AwaitForSignal.java:62)
        at org.apache.ratis.server.impl.StateMachineUpdater.waitForCommit(StateMachineUpdater.java:207)
        at org.apache.ratis.server.impl.StateMachineUpdater.run(StateMachineUpdater.java:176)
        at java.lang.Thread.run(Thread.java:750)
"b1c57afc-121c-455c-bc43-4ffbee8e4677-server-thread3"  prio=5 tid=389 timed_waiting
java.lang.Thread.State: TIMED_WAITING
        at sun.misc.Unsafe.park(Native Method)
        at java.util.concurrent.locks.LockSupport.parkNanos(LockSupport.java:215)
        at java.util.concurrent.SynchronousQueue$TransferStack.awaitFulfill(SynchronousQueue.java:460)
        at java.util.concurrent.SynchronousQueue$TransferStack.transfer(SynchronousQueue.java:362)
        at java.util.concurrent.SynchronousQueue.poll(SynchronousQueue.java:941)
        at java.util.concurrent.ThreadPoolExecutor.getTask(ThreadPoolExecutor.java:1073)
        at java.util.concurrent.ThreadPoolExecutor.runWorker(ThreadPoolExecutor.java:1134)
        at java.util.concurrent.ThreadPoolExecutor$Worker.run(ThreadPoolExecutor.java:624)
        at java.lang.Thread.run(Thread.java:750)
"KeyDeletingService#0" daemon prio=5 tid=146 timed_waiting
java.lang.Thread.State: TIMED_WAITING
        at sun.misc.Unsafe.park(Native Method)
        at java.util.concurrent.locks.LockSupport.parkNanos(LockSupport.java:215)
        at java.util.concurrent.locks.AbstractQueuedSynchronizer$ConditionObject.awaitNanos(AbstractQueuedSynchronizer.java:2078)
        at java.util.concurrent.ScheduledThreadPoolExecutor$DelayedWorkQueue.take(ScheduledThreadPoolExecutor.java:1093)
        at java.util.concurrent.ScheduledThreadPoolExecutor$DelayedWorkQueue.take(ScheduledThreadPoolExecutor.java:809)
        at java.util.concurrent.ThreadPoolExecutor.getTask(ThreadPoolExecutor.java:1074)
        at java.util.concurrent.ThreadPoolExecutor.runWorker(ThreadPoolExecutor.java:1134)
        at java.util.concurrent.ThreadPoolExecutor$Worker.run(ThreadPoolExecutor.java:624)
        at java.lang.Thread.run(Thread.java:750)
"qtp1652609556-226" daemon prio=5 tid=226 timed_waiting
java.lang.Thread.State: TIMED_WAITING
        at sun.misc.Unsafe.park(Native Method)
        at java.util.concurrent.locks.LockSupport.parkNanos(LockSupport.java:215)
        at java.util.concurrent.locks.AbstractQueuedSynchronizer$ConditionObject.awaitNanos(AbstractQueuedSynchronizer.java:2078)
        at org.eclipse.jetty.util.BlockingArrayQueue.poll(BlockingArrayQueue.java:382)
        at org.eclipse.jetty.util.thread.QueuedThreadPool$Runner.idleJobPoll(QueuedThreadPool.java:974)
        at org.eclipse.jetty.util.thread.QueuedThreadPool$Runner.run(QueuedThreadPool.java:1018)
        at java.lang.Thread.run(Thread.java:750)
"4bcfc98d-1351-440f-af15-56158ce83d77@group-B5BFF1395F48-FollowerState" daemon prio=5 tid=397 timed_waiting
java.lang.Thread.State: TIMED_WAITING
        at java.lang.Thread.sleep(Native Method)
        at java.lang.Thread.sleep(Thread.java:342)
        at java.util.concurrent.TimeUnit.sleep(TimeUnit.java:386)
        at org.apache.ratis.util.TimeDuration.sleep(TimeDuration.java:325)
        at org.apache.ratis.util.TimeDuration.sleep(TimeDuration.java:310)
        at org.apache.ratis.server.impl.FollowerState.run(FollowerState.java:128)
"ChunkWriter-2-0" daemon prio=5 tid=302 in Object.wait()
java.lang.Thread.State: WAITING (on object monitor)
        at sun.misc.Unsafe.park(Native Method)
        at java.util.concurrent.locks.LockSupport.park(LockSupport.java:175)
        at java.util.concurrent.locks.AbstractQueuedSynchronizer$ConditionObject.await(AbstractQueuedSynchronizer.java:2039)
        at java.util.concurrent.LinkedBlockingDeque.takeFirst(LinkedBlockingDeque.java:492)
        at java.util.concurrent.LinkedBlockingDeque.take(LinkedBlockingDeque.java:680)
        at java.util.concurrent.ThreadPoolExecutor.getTask(ThreadPoolExecutor.java:1074)
        at java.util.concurrent.ThreadPoolExecutor.runWorker(ThreadPoolExecutor.java:1134)
        at java.util.concurrent.ThreadPoolExecutor$Worker.run(ThreadPoolExecutor.java:624)
        at java.lang.Thread.run(Thread.java:750)
"org.apache.hadoop.ozone.container.common.statemachine.commandhandler.DeleteBlocksCommandHandler$DeleteCmdWorker@39d73eea" daemon prio=5 tid=190 timed_waiting
java.lang.Thread.State: TIMED_WAITING
        at java.lang.Thread.sleep(Native Method)
        at org.apache.hadoop.ozone.container.common.statemachine.commandhandler.DeleteBlocksCommandHandler$DeleteCmdWorker.run(DeleteBlocksCommandHandler.java:187)
        at java.lang.Thread.run(Thread.java:750)
"pool-87-thread-1"  prio=5 tid=191 timed_waiting
java.lang.Thread.State: TIMED_WAITING
        at sun.misc.Unsafe.park(Native Method)
        at java.util.concurrent.locks.LockSupport.parkNanos(LockSupport.java:215)
        at java.util.concurrent.locks.AbstractQueuedSynchronizer$ConditionObject.awaitNanos(AbstractQueuedSynchronizer.java:2078)
        at java.util.concurrent.ScheduledThreadPoolExecutor$DelayedWorkQueue.take(ScheduledThreadPoolExecutor.java:1093)
        at java.util.concurrent.ScheduledThreadPoolExecutor$DelayedWorkQueue.take(ScheduledThreadPoolExecutor.java:809)
        at java.util.concurrent.ThreadPoolExecutor.getTask(ThreadPoolExecutor.java:1074)
        at java.util.concurrent.ThreadPoolExecutor.runWorker(ThreadPoolExecutor.java:1134)
        at java.util.concurrent.ThreadPoolExecutor$Worker.run(ThreadPoolExecutor.java:624)
        at java.lang.Thread.run(Thread.java:750)
"EventQueue-NewNodeForNewNodeHandler" daemon prio=5 tid=310 in Object.wait()
java.lang.Thread.State: WAITING (on object monitor)
        at sun.misc.Unsafe.park(Native Method)
        at java.util.concurrent.locks.LockSupport.park(LockSupport.java:175)
        at java.util.concurrent.locks.AbstractQueuedSynchronizer$ConditionObject.await(AbstractQueuedSynchronizer.java:2039)
        at java.util.concurrent.LinkedBlockingQueue.take(LinkedBlockingQueue.java:442)
        at java.util.concurrent.ThreadPoolExecutor.getTask(ThreadPoolExecutor.java:1074)
        at java.util.concurrent.ThreadPoolExecutor.runWorker(ThreadPoolExecutor.java:1134)
        at java.util.concurrent.ThreadPoolExecutor$Worker.run(ThreadPoolExecutor.java:624)
        at java.lang.Thread.run(Thread.java:750)
"SstFilteringService#0" daemon prio=5 tid=149 timed_waiting
java.lang.Thread.State: TIMED_WAITING
        at sun.misc.Unsafe.park(Native Method)
        at java.util.concurrent.locks.LockSupport.parkNanos(LockSupport.java:215)
        at java.util.concurrent.locks.AbstractQueuedSynchronizer$ConditionObject.awaitNanos(AbstractQueuedSynchronizer.java:2078)
        at java.util.concurrent.ScheduledThreadPoolExecutor$DelayedWorkQueue.take(ScheduledThreadPoolExecutor.java:1093)
        at java.util.concurrent.ScheduledThreadPoolExecutor$DelayedWorkQueue.take(ScheduledThreadPoolExecutor.java:809)
        at java.util.concurrent.ThreadPoolExecutor.getTask(ThreadPoolExecutor.java:1074)
        at java.util.concurrent.ThreadPoolExecutor.runWorker(ThreadPoolExecutor.java:1134)
        at java.util.concurrent.ThreadPoolExecutor$Worker.run(ThreadPoolExecutor.java:624)
        at java.lang.Thread.run(Thread.java:750)
"IPC Server handler 7 on default port 36703" daemon prio=5 tid=76 timed_waiting
java.lang.Thread.State: TIMED_WAITING
        at sun.misc.Unsafe.park(Native Method)
        at java.util.concurrent.locks.LockSupport.parkNanos(LockSupport.java:215)
        at java.util.concurrent.locks.AbstractQueuedSynchronizer$ConditionObject.awaitNanos(AbstractQueuedSynchronizer.java:2078)
        at java.util.concurrent.LinkedBlockingQueue.poll(LinkedBlockingQueue.java:467)
        at org.apache.hadoop.ipc.CallQueueManager.take(CallQueueManager.java:317)
        at org.apache.hadoop.ipc.Server$Handler.run(Server.java:2992)
"IPC Server handler 9 on default port 37905" daemon prio=5 tid=98 timed_waiting
java.lang.Thread.State: TIMED_WAITING
        at sun.misc.Unsafe.park(Native Method)
        at java.util.concurrent.locks.LockSupport.parkNanos(LockSupport.java:215)
        at java.util.concurrent.locks.AbstractQueuedSynchronizer$ConditionObject.awaitNanos(AbstractQueuedSynchronizer.java:2078)
        at java.util.concurrent.LinkedBlockingQueue.poll(LinkedBlockingQueue.java:467)
        at org.apache.hadoop.ipc.CallQueueManager.take(CallQueueManager.java:317)
        at org.apache.hadoop.ipc.Server$Handler.run(Server.java:2992)
"ContainerOp-fe8f8231-531f-40c6-a24e-b6dddc8024d4-5"  prio=5 tid=478 in Object.wait()
java.lang.Thread.State: WAITING (on object monitor)
        at sun.misc.Unsafe.park(Native Method)
        at java.util.concurrent.locks.LockSupport.park(LockSupport.java:175)
        at java.util.concurrent.locks.AbstractQueuedSynchronizer$ConditionObject.await(AbstractQueuedSynchronizer.java:2039)
        at java.util.concurrent.LinkedBlockingQueue.take(LinkedBlockingQueue.java:442)
        at java.util.concurrent.ThreadPoolExecutor.getTask(ThreadPoolExecutor.java:1074)
        at java.util.concurrent.ThreadPoolExecutor.runWorker(ThreadPoolExecutor.java:1134)
        at java.util.concurrent.ThreadPoolExecutor$Worker.run(ThreadPoolExecutor.java:624)
        at java.lang.Thread.run(Thread.java:750)
"IPC Server handler 11 on default port 36647" daemon prio=5 tid=60 timed_waiting
java.lang.Thread.State: TIMED_WAITING
        at sun.misc.Unsafe.park(Native Method)
        at java.util.concurrent.locks.LockSupport.parkNanos(LockSupport.java:215)
        at java.util.concurrent.locks.AbstractQueuedSynchronizer$ConditionObject.awaitNanos(AbstractQueuedSynchronizer.java:2078)
        at java.util.concurrent.LinkedBlockingQueue.poll(LinkedBlockingQueue.java:467)
        at org.apache.hadoop.ipc.CallQueueManager.take(CallQueueManager.java:317)
        at org.apache.hadoop.ipc.Server$Handler.run(Server.java:2992)
"IPC Server handler 10 on default port 36647" daemon prio=5 tid=59 timed_waiting
java.lang.Thread.State: TIMED_WAITING
        at sun.misc.Unsafe.park(Native Method)
        at java.util.concurrent.locks.LockSupport.parkNanos(LockSupport.java:215)
        at java.util.concurrent.locks.AbstractQueuedSynchronizer$ConditionObject.awaitNanos(AbstractQueuedSynchronizer.java:2078)
        at java.util.concurrent.LinkedBlockingQueue.poll(LinkedBlockingQueue.java:467)
        at org.apache.hadoop.ipc.CallQueueManager.take(CallQueueManager.java:317)
        at org.apache.hadoop.ipc.Server$Handler.run(Server.java:2992)
"4bcfc98d-1351-440f-af15-56158ce83d77@group-B6DDDC8024D4-LeaderStateImpl" daemon prio=5 tid=375 timed_waiting
java.lang.Thread.State: TIMED_WAITING
        at sun.misc.Unsafe.park(Native Method)
        at java.util.concurrent.locks.LockSupport.parkNanos(LockSupport.java:215)
        at java.util.concurrent.locks.AbstractQueuedSynchronizer$ConditionObject.awaitNanos(AbstractQueuedSynchronizer.java:2078)
        at java.util.concurrent.ArrayBlockingQueue.poll(ArrayBlockingQueue.java:418)
        at org.apache.ratis.server.impl.LeaderStateImpl$EventQueue.poll(LeaderStateImpl.java:159)
        at org.apache.ratis.server.impl.LeaderStateImpl$EventProcessor.run(LeaderStateImpl.java:630)
"qtp551301975-159" daemon prio=5 tid=159 timed_waiting
java.lang.Thread.State: TIMED_WAITING
        at sun.misc.Unsafe.park(Native Method)
        at java.util.concurrent.locks.LockSupport.parkNanos(LockSupport.java:215)
        at java.util.concurrent.locks.AbstractQueuedSynchronizer$ConditionObject.awaitNanos(AbstractQueuedSynchronizer.java:2078)
        at org.eclipse.jetty.util.BlockingArrayQueue.poll(BlockingArrayQueue.java:382)
        at org.eclipse.jetty.util.thread.QueuedThreadPool$Runner.idleJobPoll(QueuedThreadPool.java:974)
        at org.eclipse.jetty.util.thread.QueuedThreadPool$Runner.run(QueuedThreadPool.java:1018)
        at java.lang.Thread.run(Thread.java:750)
"OMDoubleBufferFlushThread" daemon prio=5 tid=129 timed_waiting
java.lang.Thread.State: TIMED_WAITING
        at java.lang.Object.wait(Native Method)
        at org.apache.hadoop.ozone.om.ratis.OzoneManagerDoubleBuffer.canFlush(OzoneManagerDoubleBuffer.java:614)
        at org.apache.hadoop.ozone.om.ratis.OzoneManagerDoubleBuffer.flushTransactions(OzoneManagerDoubleBuffer.java:258)
        at org.apache.hadoop.ozone.om.ratis.OzoneManagerDoubleBuffer$$Lambda$521/1954298581.run(Unknown Source)
        at java.lang.Thread.run(Thread.java:750)
"Reference Handler" daemon prio=10 tid=2 in Object.wait()
java.lang.Thread.State: WAITING (on object monitor)
        at java.lang.Object.wait(Native Method)
        at java.lang.Object.wait(Object.java:502)
        at java.lang.ref.Reference.tryHandlePending(Reference.java:191)
        at java.lang.ref.Reference$ReferenceHandler.run(Reference.java:153)
"IPC Server handler 3 on default port 36703" daemon prio=5 tid=72 timed_waiting
java.lang.Thread.State: TIMED_WAITING
        at sun.misc.Unsafe.park(Native Method)
        at java.util.concurrent.locks.LockSupport.parkNanos(LockSupport.java:215)
        at java.util.concurrent.locks.AbstractQueuedSynchronizer$ConditionObject.awaitNanos(AbstractQueuedSynchronizer.java:2078)
        at java.util.concurrent.LinkedBlockingQueue.poll(LinkedBlockingQueue.java:467)
        at org.apache.hadoop.ipc.CallQueueManager.take(CallQueueManager.java:317)
        at org.apache.hadoop.ipc.Server$Handler.run(Server.java:2992)
"ContainerOp-fe8f8231-531f-40c6-a24e-b6dddc8024d4-3"  prio=5 tid=463 in Object.wait()
java.lang.Thread.State: WAITING (on object monitor)
        at sun.misc.Unsafe.park(Native Method)
        at java.util.concurrent.locks.LockSupport.park(LockSupport.java:175)
        at java.util.concurrent.locks.AbstractQueuedSynchronizer$ConditionObject.await(AbstractQueuedSynchronizer.java:2039)
        at java.util.concurrent.LinkedBlockingQueue.take(LinkedBlockingQueue.java:442)
        at java.util.concurrent.ThreadPoolExecutor.getTask(ThreadPoolExecutor.java:1074)
        at java.util.concurrent.ThreadPoolExecutor.runWorker(ThreadPoolExecutor.java:1134)
        at java.util.concurrent.ThreadPoolExecutor$Worker.run(ThreadPoolExecutor.java:624)
        at java.lang.Thread.run(Thread.java:750)
"IPC Server listener on 0" daemon prio=5 tid=28 runnable
java.lang.Thread.State: RUNNABLE
        at sun.nio.ch.EPollArrayWrapper.epollWait(Native Method)
        at sun.nio.ch.EPollArrayWrapper.poll(EPollArrayWrapper.java:269)
        at sun.nio.ch.EPollSelectorImpl.doSelect(EPollSelectorImpl.java:93)
        at sun.nio.ch.SelectorImpl.lockAndDoSelect(SelectorImpl.java:86)
        at sun.nio.ch.SelectorImpl.select(SelectorImpl.java:97)
        at sun.nio.ch.SelectorImpl.select(SelectorImpl.java:101)
        at org.apache.hadoop.ipc.Server$Listener.run(Server.java:1404)
"JvmPauseMonitor0" daemon prio=5 tid=144 timed_waiting
java.lang.Thread.State: TIMED_WAITING
        at java.lang.Thread.sleep(Native Method)
        at java.lang.Thread.sleep(Thread.java:342)
        at java.util.concurrent.TimeUnit.sleep(TimeUnit.java:386)
        at org.apache.ratis.util.TimeDuration.sleep(TimeDuration.java:325)
        at org.apache.ratis.util.TimeDuration.sleep(TimeDuration.java:310)
        at org.apache.ratis.util.JvmPauseMonitor.detectPause(JvmPauseMonitor.java:119)
        at org.apache.ratis.util.JvmPauseMonitor.run(JvmPauseMonitor.java:108)
        at org.apache.ratis.util.JvmPauseMonitor$$Lambda$727/1065899405.run(Unknown Source)
        at java.lang.Thread.run(Thread.java:750)
"pool-71-thread-1" daemon prio=5 tid=185 timed_waiting
java.lang.Thread.State: TIMED_WAITING
        at sun.misc.Unsafe.park(Native Method)
        at java.util.concurrent.locks.LockSupport.parkNanos(LockSupport.java:215)
        at java.util.concurrent.locks.AbstractQueuedSynchronizer$ConditionObject.awaitNanos(AbstractQueuedSynchronizer.java:2078)
        at java.util.concurrent.ScheduledThreadPoolExecutor$DelayedWorkQueue.take(ScheduledThreadPoolExecutor.java:1093)
        at java.util.concurrent.ScheduledThreadPoolExecutor$DelayedWorkQueue.take(ScheduledThreadPoolExecutor.java:809)
        at java.util.concurrent.ThreadPoolExecutor.getTask(ThreadPoolExecutor.java:1074)
        at java.util.concurrent.ThreadPoolExecutor.runWorker(ThreadPoolExecutor.java:1134)
        at java.util.concurrent.ThreadPoolExecutor$Worker.run(ThreadPoolExecutor.java:624)
        at java.lang.Thread.run(Thread.java:750)
"Under Replicated Processor" daemon prio=5 tid=19 timed_waiting
java.lang.Thread.State: TIMED_WAITING
        at java.lang.Object.wait(Native Method)
        at org.apache.hadoop.hdds.scm.container.replication.UnhealthyReplicationProcessor.run(UnhealthyReplicationProcessor.java:140)
        at java.lang.Thread.run(Thread.java:750)
"ContainerOp-cd8abe94-f173-4052-9509-b5bff1395f48-8"  prio=5 tid=482 in Object.wait()
java.lang.Thread.State: WAITING (on object monitor)
        at sun.misc.Unsafe.park(Native Method)
        at java.util.concurrent.locks.LockSupport.park(LockSupport.java:175)
        at java.util.concurrent.locks.AbstractQueuedSynchronizer$ConditionObject.await(AbstractQueuedSynchronizer.java:2039)
        at java.util.concurrent.LinkedBlockingQueue.take(LinkedBlockingQueue.java:442)
        at java.util.concurrent.ThreadPoolExecutor.getTask(ThreadPoolExecutor.java:1074)
        at java.util.concurrent.ThreadPoolExecutor.runWorker(ThreadPoolExecutor.java:1134)
        at java.util.concurrent.ThreadPoolExecutor$Worker.run(ThreadPoolExecutor.java:624)
        at java.lang.Thread.run(Thread.java:750)
"ChunkWriter-3-0" daemon prio=5 tid=291 in Object.wait()
java.lang.Thread.State: WAITING (on object monitor)
        at sun.misc.Unsafe.park(Native Method)
        at java.util.concurrent.locks.LockSupport.park(LockSupport.java:175)
        at java.util.concurrent.locks.AbstractQueuedSynchronizer$ConditionObject.await(AbstractQueuedSynchronizer.java:2039)
        at java.util.concurrent.LinkedBlockingDeque.takeFirst(LinkedBlockingDeque.java:492)
        at java.util.concurrent.LinkedBlockingDeque.take(LinkedBlockingDeque.java:680)
        at java.util.concurrent.ThreadPoolExecutor.getTask(ThreadPoolExecutor.java:1074)
        at java.util.concurrent.ThreadPoolExecutor.runWorker(ThreadPoolExecutor.java:1134)
        at java.util.concurrent.ThreadPoolExecutor$Worker.run(ThreadPoolExecutor.java:624)
        at java.lang.Thread.run(Thread.java:750)
"pool-36-thread-1"  prio=5 tid=127 timed_waiting
java.lang.Thread.State: TIMED_WAITING
        at sun.misc.Unsafe.park(Native Method)
        at java.util.concurrent.locks.LockSupport.parkNanos(LockSupport.java:215)
        at java.util.concurrent.locks.AbstractQueuedSynchronizer$ConditionObject.awaitNanos(AbstractQueuedSynchronizer.java:2078)
        at java.util.concurrent.ScheduledThreadPoolExecutor$DelayedWorkQueue.take(ScheduledThreadPoolExecutor.java:1093)
        at java.util.concurrent.ScheduledThreadPoolExecutor$DelayedWorkQueue.take(ScheduledThreadPoolExecutor.java:809)
        at java.util.concurrent.ThreadPoolExecutor.getTask(ThreadPoolExecutor.java:1074)
        at java.util.concurrent.ThreadPoolExecutor.runWorker(ThreadPoolExecutor.java:1134)
        at java.util.concurrent.ThreadPoolExecutor$Worker.run(ThreadPoolExecutor.java:624)
        at java.lang.Thread.run(Thread.java:750)
"PartialTableCache Cleanup Thread - 0" daemon prio=5 tid=271 in Object.wait()
java.lang.Thread.State: WAITING (on object monitor)
        at sun.misc.Unsafe.park(Native Method)
        at java.util.concurrent.locks.LockSupport.park(LockSupport.java:175)
        at java.util.concurrent.locks.AbstractQueuedSynchronizer$ConditionObject.await(AbstractQueuedSynchronizer.java:2039)
        at java.util.concurrent.LinkedBlockingQueue.take(LinkedBlockingQueue.java:442)
        at java.util.concurrent.ThreadPoolExecutor.getTask(ThreadPoolExecutor.java:1074)
        at java.util.concurrent.ThreadPoolExecutor.runWorker(ThreadPoolExecutor.java:1134)
        at java.util.concurrent.ThreadPoolExecutor$Worker.run(ThreadPoolExecutor.java:624)
        at java.lang.Thread.run(Thread.java:750)
"FullTableCache Cleanup Thread - 0" daemon prio=5 tid=417 in Object.wait()
java.lang.Thread.State: WAITING (on object monitor)
        at sun.misc.Unsafe.park(Native Method)
        at java.util.concurrent.locks.LockSupport.park(LockSupport.java:175)
        at java.util.concurrent.locks.AbstractQueuedSynchronizer$ConditionObject.await(AbstractQueuedSynchronizer.java:2039)
        at java.util.concurrent.LinkedBlockingQueue.take(LinkedBlockingQueue.java:442)
        at java.util.concurrent.ThreadPoolExecutor.getTask(ThreadPoolExecutor.java:1074)
        at java.util.concurrent.ThreadPoolExecutor.runWorker(ThreadPoolExecutor.java:1134)
        at java.util.concurrent.ThreadPoolExecutor$Worker.run(ThreadPoolExecutor.java:624)
        at java.lang.Thread.run(Thread.java:750)
"qtp1241568657-115" daemon prio=5 tid=115 timed_waiting
java.lang.Thread.State: TIMED_WAITING
        at sun.misc.Unsafe.park(Native Method)
        at java.util.concurrent.locks.LockSupport.parkNanos(LockSupport.java:215)
        at java.util.concurrent.locks.AbstractQueuedSynchronizer$ConditionObject.awaitNanos(AbstractQueuedSynchronizer.java:2078)
        at org.eclipse.jetty.util.BlockingArrayQueue.poll(BlockingArrayQueue.java:382)
        at org.eclipse.jetty.util.thread.QueuedThreadPool$Runner.idleJobPoll(QueuedThreadPool.java:974)
        at org.eclipse.jetty.util.thread.QueuedThreadPool$Runner.run(QueuedThreadPool.java:1018)
        at java.lang.Thread.run(Thread.java:750)
"ChunkWriter-3-0" daemon prio=5 tid=303 in Object.wait()
java.lang.Thread.State: WAITING (on object monitor)
        at sun.misc.Unsafe.park(Native Method)
        at java.util.concurrent.locks.LockSupport.park(LockSupport.java:175)
        at java.util.concurrent.locks.AbstractQueuedSynchronizer$ConditionObject.await(AbstractQueuedSynchronizer.java:2039)
        at java.util.concurrent.LinkedBlockingDeque.takeFirst(LinkedBlockingDeque.java:492)
        at java.util.concurrent.LinkedBlockingDeque.take(LinkedBlockingDeque.java:680)
        at java.util.concurrent.ThreadPoolExecutor.getTask(ThreadPoolExecutor.java:1074)
        at java.util.concurrent.ThreadPoolExecutor.runWorker(ThreadPoolExecutor.java:1134)
        at java.util.concurrent.ThreadPoolExecutor$Worker.run(ThreadPoolExecutor.java:624)
        at java.lang.Thread.run(Thread.java:750)
"IPC Server handler 7 on default port 37905" daemon prio=5 tid=96 timed_waiting
java.lang.Thread.State: TIMED_WAITING
        at sun.misc.Unsafe.park(Native Method)
        at java.util.concurrent.locks.LockSupport.parkNanos(LockSupport.java:215)
        at java.util.concurrent.locks.AbstractQueuedSynchronizer$ConditionObject.awaitNanos(AbstractQueuedSynchronizer.java:2078)
        at java.util.concurrent.LinkedBlockingQueue.poll(LinkedBlockingQueue.java:467)
        at org.apache.hadoop.ipc.CallQueueManager.take(CallQueueManager.java:317)
        at org.apache.hadoop.ipc.Server$Handler.run(Server.java:2992)
"StaleRecoveringContainerScrubbingService#5" daemon prio=5 tid=667 in Object.wait()
java.lang.Thread.State: WAITING (on object monitor)
        at sun.misc.Unsafe.park(Native Method)
        at java.util.concurrent.locks.LockSupport.park(LockSupport.java:175)
        at java.util.concurrent.locks.AbstractQueuedSynchronizer$ConditionObject.await(AbstractQueuedSynchronizer.java:2039)
        at java.util.concurrent.ScheduledThreadPoolExecutor$DelayedWorkQueue.take(ScheduledThreadPoolExecutor.java:1088)
        at java.util.concurrent.ScheduledThreadPoolExecutor$DelayedWorkQueue.take(ScheduledThreadPoolExecutor.java:809)
        at java.util.concurrent.ThreadPoolExecutor.getTask(ThreadPoolExecutor.java:1074)
        at java.util.concurrent.ThreadPoolExecutor.runWorker(ThreadPoolExecutor.java:1134)
        at java.util.concurrent.ThreadPoolExecutor$Worker.run(ThreadPoolExecutor.java:624)
        at java.lang.Thread.run(Thread.java:750)
"ChunkWriter-1-0" daemon prio=5 tid=277 in Object.wait()
java.lang.Thread.State: WAITING (on object monitor)
        at sun.misc.Unsafe.park(Native Method)
        at java.util.concurrent.locks.LockSupport.park(LockSupport.java:175)
        at java.util.concurrent.locks.AbstractQueuedSynchronizer$ConditionObject.await(AbstractQueuedSynchronizer.java:2039)
        at java.util.concurrent.LinkedBlockingDeque.takeFirst(LinkedBlockingDeque.java:492)
        at java.util.concurrent.LinkedBlockingDeque.take(LinkedBlockingDeque.java:680)
        at java.util.concurrent.ThreadPoolExecutor.getTask(ThreadPoolExecutor.java:1074)
        at java.util.concurrent.ThreadPoolExecutor.runWorker(ThreadPoolExecutor.java:1134)
        at java.util.concurrent.ThreadPoolExecutor$Worker.run(ThreadPoolExecutor.java:624)
        at java.lang.Thread.run(Thread.java:750)
"Datanode State Machine Task Thread - 1"  prio=5 tid=272 in Object.wait()
java.lang.Thread.State: WAITING (on object monitor)
        at sun.misc.Unsafe.park(Native Method)
        at java.util.concurrent.locks.LockSupport.park(LockSupport.java:175)
        at java.util.concurrent.locks.AbstractQueuedSynchronizer$ConditionObject.await(AbstractQueuedSynchronizer.java:2039)
        at java.util.concurrent.LinkedBlockingQueue.take(LinkedBlockingQueue.java:442)
        at java.util.concurrent.ThreadPoolExecutor.getTask(ThreadPoolExecutor.java:1074)
        at java.util.concurrent.ThreadPoolExecutor.runWorker(ThreadPoolExecutor.java:1134)
        at java.util.concurrent.ThreadPoolExecutor$Worker.run(ThreadPoolExecutor.java:624)
        at java.lang.Thread.run(Thread.java:750)
"4bcfc98d-1351-440f-af15-56158ce83d77@group-88854C34A86D-SegmentedRaftLogWorker"  prio=5 tid=335 timed_waiting
java.lang.Thread.State: TIMED_WAITING
        at sun.misc.Unsafe.park(Native Method)
        at java.util.concurrent.locks.LockSupport.parkNanos(LockSupport.java:215)
        at java.util.concurrent.locks.AbstractQueuedSynchronizer$ConditionObject.awaitNanos(AbstractQueuedSynchronizer.java:2078)
        at org.apache.ratis.util.DataBlockingQueue.poll(DataBlockingQueue.java:148)
        at org.apache.ratis.server.raftlog.segmented.SegmentedRaftLogWorker.run(SegmentedRaftLogWorker.java:312)
        at org.apache.ratis.server.raftlog.segmented.SegmentedRaftLogWorker$$Lambda$686/78095376.run(Unknown Source)
        at java.lang.Thread.run(Thread.java:750)
"Datanode State Machine Task Thread - 0"  prio=5 tid=238 in Object.wait()
java.lang.Thread.State: WAITING (on object monitor)
        at sun.misc.Unsafe.park(Native Method)
        at java.util.concurrent.locks.LockSupport.park(LockSupport.java:175)
        at java.util.concurrent.locks.AbstractQueuedSynchronizer$ConditionObject.await(AbstractQueuedSynchronizer.java:2039)
        at java.util.concurrent.LinkedBlockingQueue.take(LinkedBlockingQueue.java:442)
        at java.util.concurrent.ThreadPoolExecutor.getTask(ThreadPoolExecutor.java:1074)
        at java.util.concurrent.ThreadPoolExecutor.runWorker(ThreadPoolExecutor.java:1134)
        at java.util.concurrent.ThreadPoolExecutor$Worker.run(ThreadPoolExecutor.java:624)
        at java.lang.Thread.run(Thread.java:750)
"ContainerOp-cd8abe94-f173-4052-9509-b5bff1395f48-3"  prio=5 tid=436 in Object.wait()
java.lang.Thread.State: WAITING (on object monitor)
        at sun.misc.Unsafe.park(Native Method)
        at java.util.concurrent.locks.LockSupport.park(LockSupport.java:175)
        at java.util.concurrent.locks.AbstractQueuedSynchronizer$ConditionObject.await(AbstractQueuedSynchronizer.java:2039)
        at java.util.concurrent.LinkedBlockingQueue.take(LinkedBlockingQueue.java:442)
        at java.util.concurrent.ThreadPoolExecutor.getTask(ThreadPoolExecutor.java:1074)
        at java.util.concurrent.ThreadPoolExecutor.runWorker(ThreadPoolExecutor.java:1134)
        at java.util.concurrent.ThreadPoolExecutor$Worker.run(ThreadPoolExecutor.java:624)
        at java.lang.Thread.run(Thread.java:750)
"Datanode State Machine Daemon Thread" daemon prio=5 tid=230 timed_waiting
java.lang.Thread.State: TIMED_WAITING
        at java.lang.Thread.sleep(Native Method)
        at org.apache.hadoop.ozone.container.common.statemachine.DatanodeStateMachine.startStateMachineThread(DatanodeStateMachine.java:336)
        at org.apache.hadoop.ozone.container.common.statemachine.DatanodeStateMachine.lambda$startDaemon$0(DatanodeStateMachine.java:518)
        at org.apache.hadoop.ozone.container.common.statemachine.DatanodeStateMachine$$Lambda$868/49292481.run(Unknown Source)
        at java.lang.Thread.run(Thread.java:750)
"Periodic HDDS volume checker" daemon prio=5 tid=183 timed_waiting
java.lang.Thread.State: TIMED_WAITING
        at sun.misc.Unsafe.park(Native Method)
        at java.util.concurrent.locks.LockSupport.parkNanos(LockSupport.java:215)
        at java.util.concurrent.locks.AbstractQueuedSynchronizer$ConditionObject.awaitNanos(AbstractQueuedSynchronizer.java:2078)
        at java.util.concurrent.ScheduledThreadPoolExecutor$DelayedWorkQueue.take(ScheduledThreadPoolExecutor.java:1093)
        at java.util.concurrent.ScheduledThreadPoolExecutor$DelayedWorkQueue.take(ScheduledThreadPoolExecutor.java:809)
        at java.util.concurrent.ThreadPoolExecutor.getTask(ThreadPoolExecutor.java:1074)
        at java.util.concurrent.ThreadPoolExecutor.runWorker(ThreadPoolExecutor.java:1134)
        at java.util.concurrent.ThreadPoolExecutor$Worker.run(ThreadPoolExecutor.java:624)
        at java.lang.Thread.run(Thread.java:750)
"ContainerOp-fe8f8231-531f-40c6-a24e-b6dddc8024d4-4"  prio=5 tid=475 in Object.wait()
java.lang.Thread.State: WAITING (on object monitor)
        at sun.misc.Unsafe.park(Native Method)
        at java.util.concurrent.locks.LockSupport.park(LockSupport.java:175)
        at java.util.concurrent.locks.AbstractQueuedSynchronizer$ConditionObject.await(AbstractQueuedSynchronizer.java:2039)
        at java.util.concurrent.LinkedBlockingQueue.take(LinkedBlockingQueue.java:442)
        at java.util.concurrent.ThreadPoolExecutor.getTask(ThreadPoolExecutor.java:1074)
        at java.util.concurrent.ThreadPoolExecutor.runWorker(ThreadPoolExecutor.java:1134)
        at java.util.concurrent.ThreadPoolExecutor$Worker.run(ThreadPoolExecutor.java:624)
        at java.lang.Thread.run(Thread.java:750)
"StaleRecoveringContainerScrubbingService#4" daemon prio=5 tid=666 in Object.wait()
java.lang.Thread.State: WAITING (on object monitor)
        at sun.misc.Unsafe.park(Native Method)
        at java.util.concurrent.locks.LockSupport.park(LockSupport.java:175)
        at java.util.concurrent.locks.AbstractQueuedSynchronizer$ConditionObject.await(AbstractQueuedSynchronizer.java:2039)
        at java.util.concurrent.ScheduledThreadPoolExecutor$DelayedWorkQueue.take(ScheduledThreadPoolExecutor.java:1088)
        at java.util.concurrent.ScheduledThreadPoolExecutor$DelayedWorkQueue.take(ScheduledThreadPoolExecutor.java:809)
        at java.util.concurrent.ThreadPoolExecutor.getTask(ThreadPoolExecutor.java:1074)
        at java.util.concurrent.ThreadPoolExecutor.runWorker(ThreadPoolExecutor.java:1134)
        at java.util.concurrent.ThreadPoolExecutor$Worker.run(ThreadPoolExecutor.java:624)
        at java.lang.Thread.run(Thread.java:750)
"Datanode State Machine Task Thread - 1"  prio=5 tid=286 in Object.wait()
java.lang.Thread.State: WAITING (on object monitor)
        at sun.misc.Unsafe.park(Native Method)
        at java.util.concurrent.locks.LockSupport.park(LockSupport.java:175)
        at java.util.concurrent.locks.AbstractQueuedSynchronizer$ConditionObject.await(AbstractQueuedSynchronizer.java:2039)
        at java.util.concurrent.LinkedBlockingQueue.take(LinkedBlockingQueue.java:442)
        at java.util.concurrent.ThreadPoolExecutor.getTask(ThreadPoolExecutor.java:1074)
        at java.util.concurrent.ThreadPoolExecutor.runWorker(ThreadPoolExecutor.java:1134)
        at java.util.concurrent.ThreadPoolExecutor$Worker.run(ThreadPoolExecutor.java:624)
        at java.lang.Thread.run(Thread.java:750)
"Session-HouseKeeper-1fb8b4d8-1"  prio=5 tid=200 timed_waiting
java.lang.Thread.State: TIMED_WAITING
        at sun.misc.Unsafe.park(Native Method)
        at java.util.concurrent.locks.LockSupport.parkNanos(LockSupport.java:215)
        at java.util.concurrent.locks.AbstractQueuedSynchronizer$ConditionObject.awaitNanos(AbstractQueuedSynchronizer.java:2078)
        at java.util.concurrent.ScheduledThreadPoolExecutor$DelayedWorkQueue.take(ScheduledThreadPoolExecutor.java:1093)
        at java.util.concurrent.ScheduledThreadPoolExecutor$DelayedWorkQueue.take(ScheduledThreadPoolExecutor.java:809)
        at java.util.concurrent.ThreadPoolExecutor.getTask(ThreadPoolExecutor.java:1074)
        at java.util.concurrent.ThreadPoolExecutor.runWorker(ThreadPoolExecutor.java:1134)
        at java.util.concurrent.ThreadPoolExecutor$Worker.run(ThreadPoolExecutor.java:624)
        at java.lang.Thread.run(Thread.java:750)
"qtp189945097-198" daemon prio=5 tid=198 timed_waiting
java.lang.Thread.State: TIMED_WAITING
        at sun.misc.Unsafe.park(Native Method)
        at java.util.concurrent.locks.LockSupport.parkNanos(LockSupport.java:215)
        at java.util.concurrent.locks.AbstractQueuedSynchronizer$ConditionObject.awaitNanos(AbstractQueuedSynchronizer.java:2078)
        at org.eclipse.jetty.util.BlockingArrayQueue.poll(BlockingArrayQueue.java:382)
        at org.eclipse.jetty.util.thread.QueuedThreadPool$Runner.idleJobPoll(QueuedThreadPool.java:974)
        at org.eclipse.jetty.util.thread.QueuedThreadPool$Runner.run(QueuedThreadPool.java:1018)
        at java.lang.Thread.run(Thread.java:750)
"ContainerOp-fe8f8231-531f-40c6-a24e-b6dddc8024d4-2"  prio=5 tid=460 in Object.wait()
java.lang.Thread.State: WAITING (on object monitor)
        at sun.misc.Unsafe.park(Native Method)
        at java.util.concurrent.locks.LockSupport.park(LockSupport.java:175)
        at java.util.concurrent.locks.AbstractQueuedSynchronizer$ConditionObject.await(AbstractQueuedSynchronizer.java:2039)
        at java.util.concurrent.LinkedBlockingQueue.take(LinkedBlockingQueue.java:442)
        at java.util.concurrent.ThreadPoolExecutor.getTask(ThreadPoolExecutor.java:1074)
        at java.util.concurrent.ThreadPoolExecutor.runWorker(ThreadPoolExecutor.java:1134)
        at java.util.concurrent.ThreadPoolExecutor$Worker.run(ThreadPoolExecutor.java:624)
        at java.lang.Thread.run(Thread.java:750)
"Socket Reader #1 for port 0"  prio=5 tid=34 runnable
java.lang.Thread.State: RUNNABLE
        at sun.nio.ch.EPollArrayWrapper.epollWait(Native Method)
        at sun.nio.ch.EPollArrayWrapper.poll(EPollArrayWrapper.java:269)
        at sun.nio.ch.EPollSelectorImpl.doSelect(EPollSelectorImpl.java:93)
        at sun.nio.ch.SelectorImpl.lockAndDoSelect(SelectorImpl.java:86)
        at sun.nio.ch.SelectorImpl.select(SelectorImpl.java:97)
        at sun.nio.ch.SelectorImpl.select(SelectorImpl.java:101)
        at org.apache.hadoop.ipc.Server$Listener$Reader.doRunLoop(Server.java:1342)
        at org.apache.hadoop.ipc.Server$Listener$Reader.run(Server.java:1321)
"qtp1241568657-117" daemon prio=5 tid=117 timed_waiting
java.lang.Thread.State: TIMED_WAITING
        at sun.misc.Unsafe.park(Native Method)
        at java.util.concurrent.locks.LockSupport.parkNanos(LockSupport.java:215)
        at java.util.concurrent.locks.AbstractQueuedSynchronizer$ConditionObject.awaitNanos(AbstractQueuedSynchronizer.java:2078)
        at org.eclipse.jetty.util.BlockingArrayQueue.poll(BlockingArrayQueue.java:382)
        at org.eclipse.jetty.util.thread.QueuedThreadPool$Runner.idleJobPoll(QueuedThreadPool.java:974)
        at org.eclipse.jetty.util.thread.QueuedThreadPool$Runner.run(QueuedThreadPool.java:1018)
        at java.lang.Thread.run(Thread.java:750)
"ContainerOp-cd8abe94-f173-4052-9509-b5bff1395f48-2"  prio=5 tid=437 in Object.wait()
java.lang.Thread.State: WAITING (on object monitor)
        at sun.misc.Unsafe.park(Native Method)
        at java.util.concurrent.locks.LockSupport.park(LockSupport.java:175)
        at java.util.concurrent.locks.AbstractQueuedSynchronizer$ConditionObject.await(AbstractQueuedSynchronizer.java:2039)
        at java.util.concurrent.LinkedBlockingQueue.take(LinkedBlockingQueue.java:442)
        at java.util.concurrent.ThreadPoolExecutor.getTask(ThreadPoolExecutor.java:1074)
        at java.util.concurrent.ThreadPoolExecutor.runWorker(ThreadPoolExecutor.java:1134)
        at java.util.concurrent.ThreadPoolExecutor$Worker.run(ThreadPoolExecutor.java:624)
        at java.lang.Thread.run(Thread.java:750)
"IPC Server handler 15 on default port 37905" daemon prio=5 tid=104 timed_waiting
java.lang.Thread.State: TIMED_WAITING
        at sun.misc.Unsafe.park(Native Method)
        at java.util.concurrent.locks.LockSupport.parkNanos(LockSupport.java:215)
        at java.util.concurrent.locks.AbstractQueuedSynchronizer$ConditionObject.awaitNanos(AbstractQueuedSynchronizer.java:2078)
        at java.util.concurrent.LinkedBlockingQueue.poll(LinkedBlockingQueue.java:467)
        at org.apache.hadoop.ipc.CallQueueManager.take(CallQueueManager.java:317)
        at org.apache.hadoop.ipc.Server$Handler.run(Server.java:2992)
"IPC Server handler 12 on default port 36647" daemon prio=5 tid=61 timed_waiting
java.lang.Thread.State: TIMED_WAITING
        at sun.misc.Unsafe.park(Native Method)
        at java.util.concurrent.locks.LockSupport.parkNanos(LockSupport.java:215)
        at java.util.concurrent.locks.AbstractQueuedSynchronizer$ConditionObject.awaitNanos(AbstractQueuedSynchronizer.java:2078)
        at java.util.concurrent.LinkedBlockingQueue.poll(LinkedBlockingQueue.java:467)
        at org.apache.hadoop.ipc.CallQueueManager.take(CallQueueManager.java:317)
        at org.apache.hadoop.ipc.Server$Handler.run(Server.java:2992)
"IPC Server idle connection scanner for port 36703" daemon prio=5 tid=30 timed_waiting
java.lang.Thread.State: TIMED_WAITING
        at java.lang.Object.wait(Native Method)
        at java.util.TimerThread.mainLoop(Timer.java:552)
        at java.util.TimerThread.run(Timer.java:505)
"IPC Server handler 4 on default port 36703" daemon prio=5 tid=73 timed_waiting
java.lang.Thread.State: TIMED_WAITING
        at sun.misc.Unsafe.park(Native Method)
        at java.util.concurrent.locks.LockSupport.parkNanos(LockSupport.java:215)
        at java.util.concurrent.locks.AbstractQueuedSynchronizer$ConditionObject.awaitNanos(AbstractQueuedSynchronizer.java:2078)
        at java.util.concurrent.LinkedBlockingQueue.poll(LinkedBlockingQueue.java:467)
        at org.apache.hadoop.ipc.CallQueueManager.take(CallQueueManager.java:317)
        at org.apache.hadoop.ipc.Server$Handler.run(Server.java:2992)
"Lease Manager-LeaseManager#LeaseMonitor" daemon prio=5 tid=110 timed_waiting
java.lang.Thread.State: TIMED_WAITING
        at java.lang.Object.wait(Native Method)
        at org.apache.hadoop.ozone.lease.LeaseManager$LeaseMonitor.run(LeaseManager.java:269)
        at java.lang.Thread.run(Thread.java:750)
"IPC Server handler 8 on default port 36703" daemon prio=5 tid=77 timed_waiting
java.lang.Thread.State: TIMED_WAITING
        at sun.misc.Unsafe.park(Native Method)
        at java.util.concurrent.locks.LockSupport.parkNanos(LockSupport.java:215)
        at java.util.concurrent.locks.AbstractQueuedSynchronizer$ConditionObject.awaitNanos(AbstractQueuedSynchronizer.java:2078)
        at java.util.concurrent.LinkedBlockingQueue.poll(LinkedBlockingQueue.java:467)
        at org.apache.hadoop.ipc.CallQueueManager.take(CallQueueManager.java:317)
        at org.apache.hadoop.ipc.Server$Handler.run(Server.java:2992)
"IPC Server handler 7 on default port 45463" daemon prio=5 tid=168 timed_waiting
java.lang.Thread.State: TIMED_WAITING
        at sun.misc.Unsafe.park(Native Method)
        at java.util.concurrent.locks.LockSupport.parkNanos(LockSupport.java:215)
        at java.util.concurrent.locks.AbstractQueuedSynchronizer$ConditionObject.awaitNanos(AbstractQueuedSynchronizer.java:2078)
        at java.util.concurrent.LinkedBlockingQueue.poll(LinkedBlockingQueue.java:467)
        at org.apache.hadoop.ipc.CallQueueManager.take(CallQueueManager.java:317)
        at org.apache.hadoop.ipc.Server$Handler.run(Server.java:2992)
"timer2" daemon prio=5 tid=383 in Object.wait()
java.lang.Thread.State: WAITING (on object monitor)
        at java.lang.Object.wait(Native Method)
        at java.lang.Object.wait(Object.java:502)
        at java.util.TimerThread.mainLoop(Timer.java:526)
        at java.util.TimerThread.run(Timer.java:505)
"ContainerOp-fe8f8231-531f-40c6-a24e-b6dddc8024d4-3"  prio=5 tid=464 in Object.wait()
java.lang.Thread.State: WAITING (on object monitor)
        at sun.misc.Unsafe.park(Native Method)
        at java.util.concurrent.locks.LockSupport.park(LockSupport.java:175)
        at java.util.concurrent.locks.AbstractQueuedSynchronizer$ConditionObject.await(AbstractQueuedSynchronizer.java:2039)
        at java.util.concurrent.LinkedBlockingQueue.take(LinkedBlockingQueue.java:442)
        at java.util.concurrent.ThreadPoolExecutor.getTask(ThreadPoolExecutor.java:1074)
        at java.util.concurrent.ThreadPoolExecutor.runWorker(ThreadPoolExecutor.java:1134)
        at java.util.concurrent.ThreadPoolExecutor$Worker.run(ThreadPoolExecutor.java:624)
        at java.lang.Thread.run(Thread.java:750)
"JvmPauseMonitor2" daemon prio=5 tid=292 timed_waiting
java.lang.Thread.State: TIMED_WAITING
        at java.lang.Thread.sleep(Native Method)
        at java.lang.Thread.sleep(Thread.java:342)
        at java.util.concurrent.TimeUnit.sleep(TimeUnit.java:386)
        at org.apache.ratis.util.TimeDuration.sleep(TimeDuration.java:325)
        at org.apache.ratis.util.TimeDuration.sleep(TimeDuration.java:310)
        at org.apache.ratis.util.JvmPauseMonitor.detectPause(JvmPauseMonitor.java:119)
        at org.apache.ratis.util.JvmPauseMonitor.run(JvmPauseMonitor.java:108)
        at org.apache.ratis.util.JvmPauseMonitor$$Lambda$727/1065899405.run(Unknown Source)
        at java.lang.Thread.run(Thread.java:750)
"IPC Server handler 11 on default port 45463" daemon prio=5 tid=172 timed_waiting
java.lang.Thread.State: TIMED_WAITING
        at sun.misc.Unsafe.park(Native Method)
        at java.util.concurrent.locks.LockSupport.parkNanos(LockSupport.java:215)
        at java.util.concurrent.locks.AbstractQueuedSynchronizer$ConditionObject.awaitNanos(AbstractQueuedSynchronizer.java:2078)
        at java.util.concurrent.LinkedBlockingQueue.poll(LinkedBlockingQueue.java:467)
        at org.apache.hadoop.ipc.CallQueueManager.take(CallQueueManager.java:317)
        at org.apache.hadoop.ipc.Server$Handler.run(Server.java:2992)
"IPC Server handler 2 on default port 36703" daemon prio=5 tid=71 timed_waiting
java.lang.Thread.State: TIMED_WAITING
        at sun.misc.Unsafe.park(Native Method)
        at java.util.concurrent.locks.LockSupport.parkNanos(LockSupport.java:215)
        at java.util.concurrent.locks.AbstractQueuedSynchronizer$ConditionObject.awaitNanos(AbstractQueuedSynchronizer.java:2078)
        at java.util.concurrent.LinkedBlockingQueue.poll(LinkedBlockingQueue.java:467)
        at org.apache.hadoop.ipc.CallQueueManager.take(CallQueueManager.java:317)
        at org.apache.hadoop.ipc.Server$Handler.run(Server.java:2992)
"IPC Server Responder" daemon prio=5 tid=36 runnable
java.lang.Thread.State: RUNNABLE
        at sun.nio.ch.EPollArrayWrapper.epollWait(Native Method)
        at sun.nio.ch.EPollArrayWrapper.poll(EPollArrayWrapper.java:269)
        at sun.nio.ch.EPollSelectorImpl.doSelect(EPollSelectorImpl.java:93)
        at sun.nio.ch.SelectorImpl.lockAndDoSelect(SelectorImpl.java:86)
        at sun.nio.ch.SelectorImpl.select(SelectorImpl.java:97)
        at org.apache.hadoop.ipc.Server$Responder.doRunLoop(Server.java:1578)
        at org.apache.hadoop.ipc.Server$Responder.run(Server.java:1561)
"21b868c3-9969-4e13-ad52-9b0ac48fd138@group-6F8147257EC2-SegmentedRaftLogWorker"  prio=5 tid=353 timed_waiting
java.lang.Thread.State: TIMED_WAITING
        at sun.misc.Unsafe.park(Native Method)
        at java.util.concurrent.locks.LockSupport.parkNanos(LockSupport.java:215)
        at java.util.concurrent.locks.AbstractQueuedSynchronizer$ConditionObject.awaitNanos(AbstractQueuedSynchronizer.java:2078)
        at org.apache.ratis.util.DataBlockingQueue.poll(DataBlockingQueue.java:148)
        at org.apache.ratis.server.raftlog.segmented.SegmentedRaftLogWorker.run(SegmentedRaftLogWorker.java:312)
        at org.apache.ratis.server.raftlog.segmented.SegmentedRaftLogWorker$$Lambda$686/78095376.run(Unknown Source)
        at java.lang.Thread.run(Thread.java:750)
"ContainerOp-cd8abe94-f173-4052-9509-b5bff1395f48-1"  prio=5 tid=432 in Object.wait()
java.lang.Thread.State: WAITING (on object monitor)
        at sun.misc.Unsafe.park(Native Method)
        at java.util.concurrent.locks.LockSupport.park(LockSupport.java:175)
        at java.util.concurrent.locks.AbstractQueuedSynchronizer$ConditionObject.await(AbstractQueuedSynchronizer.java:2039)
        at java.util.concurrent.LinkedBlockingQueue.take(LinkedBlockingQueue.java:442)
        at java.util.concurrent.ThreadPoolExecutor.getTask(ThreadPoolExecutor.java:1074)
        at java.util.concurrent.ThreadPoolExecutor.runWorker(ThreadPoolExecutor.java:1134)
        at java.util.concurrent.ThreadPoolExecutor$Worker.run(ThreadPoolExecutor.java:624)
        at java.lang.Thread.run(Thread.java:750)
"IPC Server handler 17 on default port 36647" daemon prio=5 tid=66 timed_waiting
java.lang.Thread.State: TIMED_WAITING
        at sun.misc.Unsafe.park(Native Method)
        at java.util.concurrent.locks.LockSupport.parkNanos(LockSupport.java:215)
        at java.util.concurrent.locks.AbstractQueuedSynchronizer$ConditionObject.awaitNanos(AbstractQueuedSynchronizer.java:2078)
        at java.util.concurrent.LinkedBlockingQueue.poll(LinkedBlockingQueue.java:467)
        at org.apache.hadoop.ipc.CallQueueManager.take(CallQueueManager.java:317)
        at org.apache.hadoop.ipc.Server$Handler.run(Server.java:2992)
"timer5" daemon prio=5 tid=402 timed_waiting
java.lang.Thread.State: TIMED_WAITING
        at java.lang.Object.wait(Native Method)
        at java.util.TimerThread.mainLoop(Timer.java:552)
        at java.util.TimerThread.run(Timer.java:505)
"FullTableCache Cleanup Thread - 0" daemon prio=5 tid=415 in Object.wait()
java.lang.Thread.State: WAITING (on object monitor)
        at sun.misc.Unsafe.park(Native Method)
        at java.util.concurrent.locks.LockSupport.park(LockSupport.java:175)
        at java.util.concurrent.locks.AbstractQueuedSynchronizer$ConditionObject.await(AbstractQueuedSynchronizer.java:2039)
        at java.util.concurrent.LinkedBlockingQueue.take(LinkedBlockingQueue.java:442)
        at java.util.concurrent.ThreadPoolExecutor.getTask(ThreadPoolExecutor.java:1074)
        at java.util.concurrent.ThreadPoolExecutor.runWorker(ThreadPoolExecutor.java:1134)
        at java.util.concurrent.ThreadPoolExecutor$Worker.run(ThreadPoolExecutor.java:624)
        at java.lang.Thread.run(Thread.java:750)
"Timer for 'StorageContainerManager' metrics system" daemon prio=5 tid=48 timed_waiting
java.lang.Thread.State: TIMED_WAITING
        at java.lang.Object.wait(Native Method)
        at java.util.TimerThread.mainLoop(Timer.java:552)
        at java.util.TimerThread.run(Timer.java:505)
"ContainerOp-fe8f8231-531f-40c6-a24e-b6dddc8024d4-4"  prio=5 tid=474 in Object.wait()
java.lang.Thread.State: WAITING (on object monitor)
        at sun.misc.Unsafe.park(Native Method)
        at java.util.concurrent.locks.LockSupport.park(LockSupport.java:175)
        at java.util.concurrent.locks.AbstractQueuedSynchronizer$ConditionObject.await(AbstractQueuedSynchronizer.java:2039)
        at java.util.concurrent.LinkedBlockingQueue.take(LinkedBlockingQueue.java:442)
        at java.util.concurrent.ThreadPoolExecutor.getTask(ThreadPoolExecutor.java:1074)
        at java.util.concurrent.ThreadPoolExecutor.runWorker(ThreadPoolExecutor.java:1134)
        at java.util.concurrent.ThreadPoolExecutor$Worker.run(ThreadPoolExecutor.java:624)
        at java.lang.Thread.run(Thread.java:750)
"KeyDeletingService#0" daemon prio=5 tid=147 timed_waiting
java.lang.Thread.State: TIMED_WAITING
        at sun.misc.Unsafe.park(Native Method)
        at java.util.concurrent.locks.LockSupport.parkNanos(LockSupport.java:215)
        at java.util.concurrent.locks.AbstractQueuedSynchronizer$ConditionObject.awaitNanos(AbstractQueuedSynchronizer.java:2078)
        at java.util.concurrent.ScheduledThreadPoolExecutor$DelayedWorkQueue.take(ScheduledThreadPoolExecutor.java:1093)
        at java.util.concurrent.ScheduledThreadPoolExecutor$DelayedWorkQueue.take(ScheduledThreadPoolExecutor.java:809)
        at java.util.concurrent.ThreadPoolExecutor.getTask(ThreadPoolExecutor.java:1074)
        at java.util.concurrent.ThreadPoolExecutor.runWorker(ThreadPoolExecutor.java:1134)
        at java.util.concurrent.ThreadPoolExecutor$Worker.run(ThreadPoolExecutor.java:624)
        at java.lang.Thread.run(Thread.java:750)
"ChunkWriter-1-0" daemon prio=5 tid=301 in Object.wait()
java.lang.Thread.State: WAITING (on object monitor)
        at sun.misc.Unsafe.park(Native Method)
        at java.util.concurrent.locks.LockSupport.park(LockSupport.java:175)
        at java.util.concurrent.locks.AbstractQueuedSynchronizer$ConditionObject.await(AbstractQueuedSynchronizer.java:2039)
        at java.util.concurrent.LinkedBlockingDeque.takeFirst(LinkedBlockingDeque.java:492)
        at java.util.concurrent.LinkedBlockingDeque.take(LinkedBlockingDeque.java:680)
        at java.util.concurrent.ThreadPoolExecutor.getTask(ThreadPoolExecutor.java:1074)
        at java.util.concurrent.ThreadPoolExecutor.runWorker(ThreadPoolExecutor.java:1134)
        at java.util.concurrent.ThreadPoolExecutor$Worker.run(ThreadPoolExecutor.java:624)
        at java.lang.Thread.run(Thread.java:750)
"pool-34-thread-1"  prio=5 tid=112 timed_waiting
java.lang.Thread.State: TIMED_WAITING
        at sun.misc.Unsafe.park(Native Method)
        at java.util.concurrent.locks.LockSupport.parkNanos(LockSupport.java:215)
        at java.util.concurrent.locks.AbstractQueuedSynchronizer$ConditionObject.awaitNanos(AbstractQueuedSynchronizer.java:2078)
        at java.util.concurrent.ScheduledThreadPoolExecutor$DelayedWorkQueue.take(ScheduledThreadPoolExecutor.java:1093)
        at java.util.concurrent.ScheduledThreadPoolExecutor$DelayedWorkQueue.take(ScheduledThreadPoolExecutor.java:809)
        at java.util.concurrent.ThreadPoolExecutor.getTask(ThreadPoolExecutor.java:1074)
        at java.util.concurrent.ThreadPoolExecutor.runWorker(ThreadPoolExecutor.java:1134)
        at java.util.concurrent.ThreadPoolExecutor$Worker.run(ThreadPoolExecutor.java:624)
        at java.lang.Thread.run(Thread.java:750)
"OM StateMachine ApplyTransaction Thread - 0" daemon prio=5 tid=267 in Object.wait()
java.lang.Thread.State: WAITING (on object monitor)
        at sun.misc.Unsafe.park(Native Method)
        at java.util.concurrent.locks.LockSupport.park(LockSupport.java:175)
        at java.util.concurrent.locks.AbstractQueuedSynchronizer$ConditionObject.await(AbstractQueuedSynchronizer.java:2039)
        at java.util.concurrent.LinkedBlockingQueue.take(LinkedBlockingQueue.java:442)
        at java.util.concurrent.ThreadPoolExecutor.getTask(ThreadPoolExecutor.java:1074)
        at java.util.concurrent.ThreadPoolExecutor.runWorker(ThreadPoolExecutor.java:1134)
        at java.util.concurrent.ThreadPoolExecutor$Worker.run(ThreadPoolExecutor.java:624)
        at java.lang.Thread.run(Thread.java:750)
"qtp1652609556-223" daemon prio=5 tid=223 timed_waiting
java.lang.Thread.State: TIMED_WAITING
        at sun.misc.Unsafe.park(Native Method)
        at java.util.concurrent.locks.LockSupport.parkNanos(LockSupport.java:215)
        at java.util.concurrent.locks.AbstractQueuedSynchronizer$ConditionObject.awaitNanos(AbstractQueuedSynchronizer.java:2078)
        at org.eclipse.jetty.util.BlockingArrayQueue.poll(BlockingArrayQueue.java:382)
        at org.eclipse.jetty.util.thread.QueuedThreadPool$Runner.idleJobPoll(QueuedThreadPool.java:974)
        at org.eclipse.jetty.util.thread.QueuedThreadPool$Runner.run(QueuedThreadPool.java:1018)
        at java.lang.Thread.run(Thread.java:750)
"IPC Server listener on 0" daemon prio=5 tid=134 runnable
java.lang.Thread.State: RUNNABLE
        at sun.nio.ch.EPollArrayWrapper.epollWait(Native Method)
        at sun.nio.ch.EPollArrayWrapper.poll(EPollArrayWrapper.java:269)
        at sun.nio.ch.EPollSelectorImpl.doSelect(EPollSelectorImpl.java:93)
        at sun.nio.ch.SelectorImpl.lockAndDoSelect(SelectorImpl.java:86)
        at sun.nio.ch.SelectorImpl.select(SelectorImpl.java:97)
        at sun.nio.ch.SelectorImpl.select(SelectorImpl.java:101)
        at org.apache.hadoop.ipc.Server$Listener.run(Server.java:1404)
"FixedThreadPoolWithAffinityExecutor-4-0" daemon prio=5 tid=42 timed_waiting
java.lang.Thread.State: TIMED_WAITING
        at sun.misc.Unsafe.park(Native Method)
        at java.util.concurrent.locks.LockSupport.parkNanos(LockSupport.java:215)
        at java.util.concurrent.locks.AbstractQueuedSynchronizer$ConditionObject.awaitNanos(AbstractQueuedSynchronizer.java:2078)
        at java.util.concurrent.LinkedBlockingQueue.poll(LinkedBlockingQueue.java:467)
        at org.apache.hadoop.hdds.scm.server.ContainerReportQueue.poll(ContainerReportQueue.java:266)
        at org.apache.hadoop.hdds.scm.server.ContainerReportQueue.poll(ContainerReportQueue.java:42)
        at org.apache.hadoop.hdds.server.events.FixedThreadPoolWithAffinityExecutor$ContainerReportProcessTask.run(FixedThreadPoolWithAffinityExecutor.java:247)
        at java.util.concurrent.Executors$RunnableAdapter.call(Executors.java:511)
        at java.util.concurrent.FutureTask.run(FutureTask.java:266)
        at java.util.concurrent.ThreadPoolExecutor.runWorker(ThreadPoolExecutor.java:1149)
        at java.util.concurrent.ThreadPoolExecutor$Worker.run(ThreadPoolExecutor.java:624)
        at java.lang.Thread.run(Thread.java:750)
"IPC Server handler 2 on default port 37905" daemon prio=5 tid=91 timed_waiting
java.lang.Thread.State: TIMED_WAITING
        at sun.misc.Unsafe.park(Native Method)
        at java.util.concurrent.locks.LockSupport.parkNanos(LockSupport.java:215)
        at java.util.concurrent.locks.AbstractQueuedSynchronizer$ConditionObject.awaitNanos(AbstractQueuedSynchronizer.java:2078)
        at java.util.concurrent.LinkedBlockingQueue.poll(LinkedBlockingQueue.java:467)
        at org.apache.hadoop.ipc.CallQueueManager.take(CallQueueManager.java:317)
        at org.apache.hadoop.ipc.Server$Handler.run(Server.java:2992)
"IPC Server handler 3 on default port 45463" daemon prio=5 tid=164 timed_waiting
java.lang.Thread.State: TIMED_WAITING
        at sun.misc.Unsafe.park(Native Method)
        at java.util.concurrent.locks.LockSupport.parkNanos(LockSupport.java:215)
        at java.util.concurrent.locks.AbstractQueuedSynchronizer$ConditionObject.awaitNanos(AbstractQueuedSynchronizer.java:2078)
        at java.util.concurrent.LinkedBlockingQueue.poll(LinkedBlockingQueue.java:467)
        at org.apache.hadoop.ipc.CallQueueManager.take(CallQueueManager.java:317)
        at org.apache.hadoop.ipc.Server$Handler.run(Server.java:2992)
"ChunkWriter-0-0" daemon prio=5 tid=288 in Object.wait()
java.lang.Thread.State: WAITING (on object monitor)
        at sun.misc.Unsafe.park(Native Method)
        at java.util.concurrent.locks.LockSupport.park(LockSupport.java:175)
        at java.util.concurrent.locks.AbstractQueuedSynchronizer$ConditionObject.await(AbstractQueuedSynchronizer.java:2039)
        at java.util.concurrent.LinkedBlockingDeque.takeFirst(LinkedBlockingDeque.java:492)
        at java.util.concurrent.LinkedBlockingDeque.take(LinkedBlockingDeque.java:680)
        at java.util.concurrent.ThreadPoolExecutor.getTask(ThreadPoolExecutor.java:1074)
        at java.util.concurrent.ThreadPoolExecutor.runWorker(ThreadPoolExecutor.java:1134)
        at java.util.concurrent.ThreadPoolExecutor$Worker.run(ThreadPoolExecutor.java:624)
        at java.lang.Thread.run(Thread.java:750)
"timer0" daemon prio=5 tid=405 timed_waiting
java.lang.Thread.State: TIMED_WAITING
        at java.lang.Object.wait(Native Method)
        at java.util.TimerThread.mainLoop(Timer.java:552)
        at java.util.TimerThread.run(Timer.java:505)
"ContainerOp-fe8f8231-531f-40c6-a24e-b6dddc8024d4-0"  prio=5 tid=444 in Object.wait()
java.lang.Thread.State: WAITING (on object monitor)
        at sun.misc.Unsafe.park(Native Method)
        at java.util.concurrent.locks.LockSupport.park(LockSupport.java:175)
        at java.util.concurrent.locks.AbstractQueuedSynchronizer$ConditionObject.await(AbstractQueuedSynchronizer.java:2039)
        at java.util.concurrent.LinkedBlockingQueue.take(LinkedBlockingQueue.java:442)
        at java.util.concurrent.ThreadPoolExecutor.getTask(ThreadPoolExecutor.java:1074)
        at java.util.concurrent.ThreadPoolExecutor.runWorker(ThreadPoolExecutor.java:1134)
        at java.util.concurrent.ThreadPoolExecutor$Worker.run(ThreadPoolExecutor.java:624)
        at java.lang.Thread.run(Thread.java:750)
"JvmPauseMonitor1" daemon prio=5 tid=280 timed_waiting
java.lang.Thread.State: TIMED_WAITING
        at java.lang.Thread.sleep(Native Method)
        at java.lang.Thread.sleep(Thread.java:342)
        at java.util.concurrent.TimeUnit.sleep(TimeUnit.java:386)
        at org.apache.ratis.util.TimeDuration.sleep(TimeDuration.java:325)
        at org.apache.ratis.util.TimeDuration.sleep(TimeDuration.java:310)
        at org.apache.ratis.util.JvmPauseMonitor.detectPause(JvmPauseMonitor.java:119)
        at org.apache.ratis.util.JvmPauseMonitor.run(JvmPauseMonitor.java:108)
        at org.apache.ratis.util.JvmPauseMonitor$$Lambda$727/1065899405.run(Unknown Source)
        at java.lang.Thread.run(Thread.java:750)
"IPC Server handler 10 on default port 45463" daemon prio=5 tid=171 timed_waiting
java.lang.Thread.State: TIMED_WAITING
        at sun.misc.Unsafe.park(Native Method)
        at java.util.concurrent.locks.LockSupport.parkNanos(LockSupport.java:215)
        at java.util.concurrent.locks.AbstractQueuedSynchronizer$ConditionObject.awaitNanos(AbstractQueuedSynchronizer.java:2078)
        at java.util.concurrent.LinkedBlockingQueue.poll(LinkedBlockingQueue.java:467)
        at org.apache.hadoop.ipc.CallQueueManager.take(CallQueueManager.java:317)
        at org.apache.hadoop.ipc.Server$Handler.run(Server.java:2992)
"b1c57afc-121c-455c-bc43-4ffbee8e4677@group-B6DDDC8024D4-StateMachineUpdater" daemon prio=5 tid=325 timed_waiting
java.lang.Thread.State: TIMED_WAITING
        at sun.misc.Unsafe.park(Native Method)
        at java.util.concurrent.locks.LockSupport.parkNanos(LockSupport.java:215)
        at java.util.concurrent.locks.AbstractQueuedSynchronizer$ConditionObject.await(AbstractQueuedSynchronizer.java:2163)
        at org.apache.ratis.util.AwaitForSignal.await(AwaitForSignal.java:62)
        at org.apache.ratis.server.impl.StateMachineUpdater.waitForCommit(StateMachineUpdater.java:207)
        at org.apache.ratis.server.impl.StateMachineUpdater.run(StateMachineUpdater.java:176)
        at java.lang.Thread.run(Thread.java:750)
"IPC Server handler 16 on default port 36647" daemon prio=5 tid=65 timed_waiting
java.lang.Thread.State: TIMED_WAITING
        at sun.misc.Unsafe.park(Native Method)
        at java.util.concurrent.locks.LockSupport.parkNanos(LockSupport.java:215)
        at java.util.concurrent.locks.AbstractQueuedSynchronizer$ConditionObject.awaitNanos(AbstractQueuedSynchronizer.java:2078)
        at java.util.concurrent.LinkedBlockingQueue.poll(LinkedBlockingQueue.java:467)
        at org.apache.hadoop.ipc.CallQueueManager.take(CallQueueManager.java:317)
        at org.apache.hadoop.ipc.Server$Handler.run(Server.java:2992)
"IPC Server handler 15 on default port 36703" daemon prio=5 tid=84 timed_waiting
java.lang.Thread.State: TIMED_WAITING
        at sun.misc.Unsafe.park(Native Method)
        at java.util.concurrent.locks.LockSupport.parkNanos(LockSupport.java:215)
        at java.util.concurrent.locks.AbstractQueuedSynchronizer$ConditionObject.awaitNanos(AbstractQueuedSynchronizer.java:2078)
        at java.util.concurrent.LinkedBlockingQueue.poll(LinkedBlockingQueue.java:467)
        at org.apache.hadoop.ipc.CallQueueManager.take(CallQueueManager.java:317)
        at org.apache.hadoop.ipc.Server$Handler.run(Server.java:2992)
"IPC Server handler 13 on default port 36703" daemon prio=5 tid=82 timed_waiting
java.lang.Thread.State: TIMED_WAITING
        at sun.misc.Unsafe.park(Native Method)
        at java.util.concurrent.locks.LockSupport.parkNanos(LockSupport.java:215)
        at java.util.concurrent.locks.AbstractQueuedSynchronizer$ConditionObject.awaitNanos(AbstractQueuedSynchronizer.java:2078)
        at java.util.concurrent.LinkedBlockingQueue.poll(LinkedBlockingQueue.java:467)
        at org.apache.hadoop.ipc.CallQueueManager.take(CallQueueManager.java:317)
        at org.apache.hadoop.ipc.Server$Handler.run(Server.java:2992)
"qtp1241568657-113" daemon prio=5 tid=113 runnable
java.lang.Thread.State: RUNNABLE
        at sun.nio.ch.EPollArrayWrapper.epollWait(Native Method)
        at sun.nio.ch.EPollArrayWrapper.poll(EPollArrayWrapper.java:269)
        at sun.nio.ch.EPollSelectorImpl.doSelect(EPollSelectorImpl.java:93)
        at sun.nio.ch.SelectorImpl.lockAndDoSelect(SelectorImpl.java:86)
        at sun.nio.ch.SelectorImpl.select(SelectorImpl.java:97)
        at sun.nio.ch.SelectorImpl.select(SelectorImpl.java:101)
        at org.eclipse.jetty.io.ManagedSelector.nioSelect(ManagedSelector.java:183)
        at org.eclipse.jetty.io.ManagedSelector.select(ManagedSelector.java:190)
        at org.eclipse.jetty.io.ManagedSelector$SelectorProducer.select(ManagedSelector.java:606)
        at org.eclipse.jetty.io.ManagedSelector$SelectorProducer.produce(ManagedSelector.java:543)
        at org.eclipse.jetty.util.thread.strategy.EatWhatYouKill.produceTask(EatWhatYouKill.java:362)
        at org.eclipse.jetty.util.thread.strategy.EatWhatYouKill.doProduce(EatWhatYouKill.java:186)
        at org.eclipse.jetty.util.thread.strategy.EatWhatYouKill.tryProduce(EatWhatYouKill.java:173)
        at org.eclipse.jetty.util.thread.strategy.EatWhatYouKill.produce(EatWhatYouKill.java:137)
        at org.eclipse.jetty.io.ManagedSelector$$Lambda$448/2058190325.run(Unknown Source)
        at org.eclipse.jetty.util.thread.QueuedThreadPool.runJob(QueuedThreadPool.java:883)
        at org.eclipse.jetty.util.thread.QueuedThreadPool$Runner.run(QueuedThreadPool.java:1034)
        at java.lang.Thread.run(Thread.java:750)
"pool-123-thread-1"  prio=5 tid=329 in Object.wait()
java.lang.Thread.State: WAITING (on object monitor)
        at sun.misc.Unsafe.park(Native Method)
        at java.util.concurrent.locks.LockSupport.park(LockSupport.java:175)
        at java.util.concurrent.locks.AbstractQueuedSynchronizer$ConditionObject.await(AbstractQueuedSynchronizer.java:2039)
        at java.util.concurrent.LinkedBlockingQueue.take(LinkedBlockingQueue.java:442)
        at java.util.concurrent.ThreadPoolExecutor.getTask(ThreadPoolExecutor.java:1074)
        at java.util.concurrent.ThreadPoolExecutor.runWorker(ThreadPoolExecutor.java:1134)
        at java.util.concurrent.ThreadPoolExecutor$Worker.run(ThreadPoolExecutor.java:624)
        at java.lang.Thread.run(Thread.java:750)
"qtp1652609556-222-acceptor-0@f71b9f4-ServerConnector@17e96bfa{HTTP/1.1, (http/1.1)}{0.0.0.0:38713}" daemon prio=3 tid=222 runnable
java.lang.Thread.State: RUNNABLE
        at sun.nio.ch.ServerSocketChannelImpl.accept0(Native Method)
        at sun.nio.ch.ServerSocketChannelImpl.accept(ServerSocketChannelImpl.java:421)
        at sun.nio.ch.ServerSocketChannelImpl.accept(ServerSocketChannelImpl.java:249)
        at org.eclipse.jetty.server.ServerConnector.accept(ServerConnector.java:388)
        at org.eclipse.jetty.server.AbstractConnector$Acceptor.run(AbstractConnector.java:704)
        at org.eclipse.jetty.util.thread.QueuedThreadPool.runJob(QueuedThreadPool.java:883)
        at org.eclipse.jetty.util.thread.QueuedThreadPool$Runner.run(QueuedThreadPool.java:1034)
        at java.lang.Thread.run(Thread.java:750)
"qtp551301975-152" daemon prio=5 tid=152 runnable
java.lang.Thread.State: RUNNABLE
        at sun.nio.ch.EPollArrayWrapper.epollWait(Native Method)
        at sun.nio.ch.EPollArrayWrapper.poll(EPollArrayWrapper.java:269)
        at sun.nio.ch.EPollSelectorImpl.doSelect(EPollSelectorImpl.java:93)
        at sun.nio.ch.SelectorImpl.lockAndDoSelect(SelectorImpl.java:86)
        at sun.nio.ch.SelectorImpl.select(SelectorImpl.java:97)
        at sun.nio.ch.SelectorImpl.select(SelectorImpl.java:101)
        at org.eclipse.jetty.io.ManagedSelector.nioSelect(ManagedSelector.java:183)
        at org.eclipse.jetty.io.ManagedSelector.select(ManagedSelector.java:190)
        at org.eclipse.jetty.io.ManagedSelector$SelectorProducer.select(ManagedSelector.java:606)
        at org.eclipse.jetty.io.ManagedSelector$SelectorProducer.produce(ManagedSelector.java:543)
        at org.eclipse.jetty.util.thread.strategy.EatWhatYouKill.produceTask(EatWhatYouKill.java:362)
        at org.eclipse.jetty.util.thread.strategy.EatWhatYouKill.doProduce(EatWhatYouKill.java:186)
        at org.eclipse.jetty.util.thread.strategy.EatWhatYouKill.tryProduce(EatWhatYouKill.java:173)
        at org.eclipse.jetty.util.thread.strategy.EatWhatYouKill.produce(EatWhatYouKill.java:137)
        at org.eclipse.jetty.io.ManagedSelector$$Lambda$448/2058190325.run(Unknown Source)
        at org.eclipse.jetty.util.thread.QueuedThreadPool.runJob(QueuedThreadPool.java:883)
        at org.eclipse.jetty.util.thread.QueuedThreadPool$Runner.run(QueuedThreadPool.java:1034)
        at java.lang.Thread.run(Thread.java:750)
"ContainerOp-cd8abe94-f173-4052-9509-b5bff1395f48-5"  prio=5 tid=455 in Object.wait()
java.lang.Thread.State: WAITING (on object monitor)
        at sun.misc.Unsafe.park(Native Method)
        at java.util.concurrent.locks.LockSupport.park(LockSupport.java:175)
        at java.util.concurrent.locks.AbstractQueuedSynchronizer$ConditionObject.await(AbstractQueuedSynchronizer.java:2039)
        at java.util.concurrent.LinkedBlockingQueue.take(LinkedBlockingQueue.java:442)
        at java.util.concurrent.ThreadPoolExecutor.getTask(ThreadPoolExecutor.java:1074)
        at java.util.concurrent.ThreadPoolExecutor.runWorker(ThreadPoolExecutor.java:1134)
        at java.util.concurrent.ThreadPoolExecutor$Worker.run(ThreadPoolExecutor.java:624)
        at java.lang.Thread.run(Thread.java:750)
"b1c57afc-121c-455c-bc43-4ffbee8e4677@group-B5BFF1395F48-LeaderStateImpl" daemon prio=5 tid=399 timed_waiting
java.lang.Thread.State: TIMED_WAITING
        at sun.misc.Unsafe.park(Native Method)
        at java.util.concurrent.locks.LockSupport.parkNanos(LockSupport.java:215)
        at java.util.concurrent.locks.AbstractQueuedSynchronizer$ConditionObject.awaitNanos(AbstractQueuedSynchronizer.java:2078)
        at java.util.concurrent.ArrayBlockingQueue.poll(ArrayBlockingQueue.java:418)
        at org.apache.ratis.server.impl.LeaderStateImpl$EventQueue.poll(LeaderStateImpl.java:159)
        at org.apache.ratis.server.impl.LeaderStateImpl$EventProcessor.run(LeaderStateImpl.java:630)
"BlockDeletingService#1" daemon prio=5 tid=297 timed_waiting
java.lang.Thread.State: TIMED_WAITING
        at sun.misc.Unsafe.park(Native Method)
        at java.util.concurrent.locks.LockSupport.parkNanos(LockSupport.java:215)
        at java.util.concurrent.locks.AbstractQueuedSynchronizer$ConditionObject.awaitNanos(AbstractQueuedSynchronizer.java:2078)
        at java.util.concurrent.ScheduledThreadPoolExecutor$DelayedWorkQueue.take(ScheduledThreadPoolExecutor.java:1093)
        at java.util.concurrent.ScheduledThreadPoolExecutor$DelayedWorkQueue.take(ScheduledThreadPoolExecutor.java:809)
        at java.util.concurrent.ThreadPoolExecutor.getTask(ThreadPoolExecutor.java:1074)
        at java.util.concurrent.ThreadPoolExecutor.runWorker(ThreadPoolExecutor.java:1134)
        at java.util.concurrent.ThreadPoolExecutor$Worker.run(ThreadPoolExecutor.java:624)
        at java.lang.Thread.run(Thread.java:750)
"b1c57afc-121c-455c-bc43-4ffbee8e4677@group-BC2F1AEE5201-StateMachineUpdater" daemon prio=5 tid=322 timed_waiting
java.lang.Thread.State: TIMED_WAITING
        at sun.misc.Unsafe.park(Native Method)
        at java.util.concurrent.locks.LockSupport.parkNanos(LockSupport.java:215)
        at java.util.concurrent.locks.AbstractQueuedSynchronizer$ConditionObject.await(AbstractQueuedSynchronizer.java:2163)
        at org.apache.ratis.util.AwaitForSignal.await(AwaitForSignal.java:62)
        at org.apache.ratis.server.impl.StateMachineUpdater.waitForCommit(StateMachineUpdater.java:207)
        at org.apache.ratis.server.impl.StateMachineUpdater.run(StateMachineUpdater.java:176)
        at java.lang.Thread.run(Thread.java:750)
"EventQueue-DatanodeCommandForSCMNodeManager"  prio=5 tid=315 in Object.wait()
java.lang.Thread.State: WAITING (on object monitor)
        at sun.misc.Unsafe.park(Native Method)
        at java.util.concurrent.locks.LockSupport.park(LockSupport.java:175)
        at java.util.concurrent.locks.AbstractQueuedSynchronizer$ConditionObject.await(AbstractQueuedSynchronizer.java:2039)
        at java.util.concurrent.LinkedBlockingQueue.take(LinkedBlockingQueue.java:442)
        at java.util.concurrent.ThreadPoolExecutor.getTask(ThreadPoolExecutor.java:1074)
        at java.util.concurrent.ThreadPoolExecutor.runWorker(ThreadPoolExecutor.java:1134)
        at java.util.concurrent.ThreadPoolExecutor$Worker.run(ThreadPoolExecutor.java:624)
        at java.lang.Thread.run(Thread.java:750)
"IPC Server handler 15 on default port 45463" daemon prio=5 tid=176 timed_waiting
java.lang.Thread.State: TIMED_WAITING
        at sun.misc.Unsafe.park(Native Method)
        at java.util.concurrent.locks.LockSupport.parkNanos(LockSupport.java:215)
        at java.util.concurrent.locks.AbstractQueuedSynchronizer$ConditionObject.awaitNanos(AbstractQueuedSynchronizer.java:2078)
        at java.util.concurrent.LinkedBlockingQueue.poll(LinkedBlockingQueue.java:467)
        at org.apache.hadoop.ipc.CallQueueManager.take(CallQueueManager.java:317)
        at org.apache.hadoop.ipc.Server$Handler.run(Server.java:2992)
"IPC Server handler 12 on default port 37905" daemon prio=5 tid=101 timed_waiting
java.lang.Thread.State: TIMED_WAITING
        at sun.misc.Unsafe.park(Native Method)
        at java.util.concurrent.locks.LockSupport.parkNanos(LockSupport.java:215)
        at java.util.concurrent.locks.AbstractQueuedSynchronizer$ConditionObject.awaitNanos(AbstractQueuedSynchronizer.java:2078)
        at java.util.concurrent.LinkedBlockingQueue.poll(LinkedBlockingQueue.java:467)
        at org.apache.hadoop.ipc.CallQueueManager.take(CallQueueManager.java:317)
        at org.apache.hadoop.ipc.Server$Handler.run(Server.java:2992)
"IPC Server handler 17 on default port 36703" daemon prio=5 tid=86 timed_waiting
java.lang.Thread.State: TIMED_WAITING
        at sun.misc.Unsafe.park(Native Method)
        at java.util.concurrent.locks.LockSupport.parkNanos(LockSupport.java:215)
        at java.util.concurrent.locks.AbstractQueuedSynchronizer$ConditionObject.awaitNanos(AbstractQueuedSynchronizer.java:2078)
        at java.util.concurrent.LinkedBlockingQueue.poll(LinkedBlockingQueue.java:467)
        at org.apache.hadoop.ipc.CallQueueManager.take(CallQueueManager.java:317)
        at org.apache.hadoop.ipc.Server$Handler.run(Server.java:2992)
"Signal Dispatcher" daemon prio=9 tid=4 runnable
java.lang.Thread.State: RUNNABLE
"ChunkReader-ELG-0" daemon prio=5 tid=293 runnable
java.lang.Thread.State: RUNNABLE
        at org.apache.ratis.thirdparty.io.netty.channel.epoll.Native.epollWait(Native Method)
        at org.apache.ratis.thirdparty.io.netty.channel.epoll.Native.epollWait(Native.java:209)
        at org.apache.ratis.thirdparty.io.netty.channel.epoll.Native.epollWait(Native.java:202)
        at org.apache.ratis.thirdparty.io.netty.channel.epoll.EpollEventLoop.epollWaitNoTimerChange(EpollEventLoop.java:294)
        at org.apache.ratis.thirdparty.io.netty.channel.epoll.EpollEventLoop.run(EpollEventLoop.java:351)
        at org.apache.ratis.thirdparty.io.netty.util.concurrent.SingleThreadEventExecutor$4.run(SingleThreadEventExecutor.java:995)
        at org.apache.ratis.thirdparty.io.netty.util.internal.ThreadExecutorMap$2.run(ThreadExecutorMap.java:74)
        at java.lang.Thread.run(Thread.java:750)
"surefire-forkedjvm-command-thread" daemon prio=5 tid=10 runnable
java.lang.Thread.State: RUNNABLE
        at java.io.FileInputStream.readBytes(Native Method)
        at java.io.FileInputStream.read(FileInputStream.java:255)
        at java.io.BufferedInputStream.read1(BufferedInputStream.java:284)
        at java.io.BufferedInputStream.read(BufferedInputStream.java:345)
        at java.io.BufferedInputStream.fill(BufferedInputStream.java:246)
        at java.io.BufferedInputStream.read1(BufferedInputStream.java:286)
        at java.io.BufferedInputStream.read(BufferedInputStream.java:345)
        at org.apache.maven.surefire.api.util.internal.Channels$3.readImpl(Channels.java:214)
        at org.apache.maven.surefire.api.util.internal.AbstractNoninterruptibleReadableChannel.read(AbstractNoninterruptibleReadableChannel.java:54)
        at org.apache.maven.surefire.booter.spi.LegacyMasterProcessChannelDecoder.decode(LegacyMasterProcessChannelDecoder.java:80)
        at org.apache.maven.surefire.booter.CommandReader$CommandRunnable.run(CommandReader.java:343)
        at java.lang.Thread.run(Thread.java:750)
"Datanode State Machine Task Thread - 1"  prio=5 tid=298 in Object.wait()
java.lang.Thread.State: WAITING (on object monitor)
        at sun.misc.Unsafe.park(Native Method)
        at java.util.concurrent.locks.LockSupport.park(LockSupport.java:175)
        at java.util.concurrent.locks.AbstractQueuedSynchronizer$ConditionObject.await(AbstractQueuedSynchronizer.java:2039)
        at java.util.concurrent.LinkedBlockingQueue.take(LinkedBlockingQueue.java:442)
        at java.util.concurrent.ThreadPoolExecutor.getTask(ThreadPoolExecutor.java:1074)
        at java.util.concurrent.ThreadPoolExecutor.runWorker(ThreadPoolExecutor.java:1134)
        at java.util.concurrent.ThreadPoolExecutor$Worker.run(ThreadPoolExecutor.java:624)
        at java.lang.Thread.run(Thread.java:750)
"pool-131-thread-1"  prio=5 tid=247 timed_waiting
java.lang.Thread.State: TIMED_WAITING
        at sun.misc.Unsafe.park(Native Method)
        at java.util.concurrent.locks.LockSupport.parkNanos(LockSupport.java:215)
        at java.util.concurrent.locks.AbstractQueuedSynchronizer$ConditionObject.awaitNanos(AbstractQueuedSynchronizer.java:2078)
        at java.util.concurrent.ScheduledThreadPoolExecutor$DelayedWorkQueue.take(ScheduledThreadPoolExecutor.java:1093)
        at java.util.concurrent.ScheduledThreadPoolExecutor$DelayedWorkQueue.take(ScheduledThreadPoolExecutor.java:809)
        at java.util.concurrent.ThreadPoolExecutor.getTask(ThreadPoolExecutor.java:1074)
        at java.util.concurrent.ThreadPoolExecutor.runWorker(ThreadPoolExecutor.java:1134)
        at java.util.concurrent.ThreadPoolExecutor$Worker.run(ThreadPoolExecutor.java:624)
        at java.lang.Thread.run(Thread.java:750)
"BlockDeletingService#1" daemon prio=5 tid=285 timed_waiting
java.lang.Thread.State: TIMED_WAITING
        at sun.misc.Unsafe.park(Native Method)
        at java.util.concurrent.locks.LockSupport.parkNanos(LockSupport.java:215)
        at java.util.concurrent.locks.AbstractQueuedSynchronizer$ConditionObject.awaitNanos(AbstractQueuedSynchronizer.java:2078)
        at java.util.concurrent.ScheduledThreadPoolExecutor$DelayedWorkQueue.take(ScheduledThreadPoolExecutor.java:1093)
        at java.util.concurrent.ScheduledThreadPoolExecutor$DelayedWorkQueue.take(ScheduledThreadPoolExecutor.java:809)
        at java.util.concurrent.ThreadPoolExecutor.getTask(ThreadPoolExecutor.java:1074)
        at java.util.concurrent.ThreadPoolExecutor.runWorker(ThreadPoolExecutor.java:1134)
        at java.util.concurrent.ThreadPoolExecutor$Worker.run(ThreadPoolExecutor.java:624)
        at java.lang.Thread.run(Thread.java:750)
"ContainerOp-fe8f8231-531f-40c6-a24e-b6dddc8024d4-1"  prio=5 tid=447 in Object.wait()
java.lang.Thread.State: WAITING (on object monitor)
        at sun.misc.Unsafe.park(Native Method)
        at java.util.concurrent.locks.LockSupport.park(LockSupport.java:175)
        at java.util.concurrent.locks.AbstractQueuedSynchronizer$ConditionObject.await(AbstractQueuedSynchronizer.java:2039)
        at java.util.concurrent.LinkedBlockingQueue.take(LinkedBlockingQueue.java:442)
        at java.util.concurrent.ThreadPoolExecutor.getTask(ThreadPoolExecutor.java:1074)
        at java.util.concurrent.ThreadPoolExecutor.runWorker(ThreadPoolExecutor.java:1134)
        at java.util.concurrent.ThreadPoolExecutor$Worker.run(ThreadPoolExecutor.java:624)
        at java.lang.Thread.run(Thread.java:750)
"Socket Reader #1 for port 0"  prio=5 tid=24 runnable
java.lang.Thread.State: RUNNABLE
        at sun.nio.ch.EPollArrayWrapper.epollWait(Native Method)
        at sun.nio.ch.EPollArrayWrapper.poll(EPollArrayWrapper.java:269)
        at sun.nio.ch.EPollSelectorImpl.doSelect(EPollSelectorImpl.java:93)
        at sun.nio.ch.SelectorImpl.lockAndDoSelect(SelectorImpl.java:86)
        at sun.nio.ch.SelectorImpl.select(SelectorImpl.java:97)
        at sun.nio.ch.SelectorImpl.select(SelectorImpl.java:101)
        at org.apache.hadoop.ipc.Server$Listener$Reader.doRunLoop(Server.java:1342)
        at org.apache.hadoop.ipc.Server$Listener$Reader.run(Server.java:1321)
"IPC Server handler 17 on default port 45463" daemon prio=5 tid=178 timed_waiting
java.lang.Thread.State: TIMED_WAITING
        at sun.misc.Unsafe.park(Native Method)
        at java.util.concurrent.locks.LockSupport.parkNanos(LockSupport.java:215)
        at java.util.concurrent.locks.AbstractQueuedSynchronizer$ConditionObject.awaitNanos(AbstractQueuedSynchronizer.java:2078)
        at java.util.concurrent.LinkedBlockingQueue.poll(LinkedBlockingQueue.java:467)
        at org.apache.hadoop.ipc.CallQueueManager.take(CallQueueManager.java:317)
        at org.apache.hadoop.ipc.Server$Handler.run(Server.java:2992)
"EventQueue-PipelineReportForOneReplicaPipelineSafeModeRule" daemon prio=5 tid=313 in Object.wait()
java.lang.Thread.State: WAITING (on object monitor)
        at sun.misc.Unsafe.park(Native Method)
        at java.util.concurrent.locks.LockSupport.park(LockSupport.java:175)
        at java.util.concurrent.locks.AbstractQueuedSynchronizer$ConditionObject.await(AbstractQueuedSynchronizer.java:2039)
        at java.util.concurrent.LinkedBlockingQueue.take(LinkedBlockingQueue.java:442)
        at java.util.concurrent.ThreadPoolExecutor.getTask(ThreadPoolExecutor.java:1074)
        at java.util.concurrent.ThreadPoolExecutor.runWorker(ThreadPoolExecutor.java:1134)
        at java.util.concurrent.ThreadPoolExecutor$Worker.run(ThreadPoolExecutor.java:624)
        at java.lang.Thread.run(Thread.java:750)
"PartialTableCache Cleanup Thread - 0" daemon prio=5 tid=269 in Object.wait()
java.lang.Thread.State: WAITING (on object monitor)
        at sun.misc.Unsafe.park(Native Method)
        at java.util.concurrent.locks.LockSupport.park(LockSupport.java:175)
        at java.util.concurrent.locks.AbstractQueuedSynchronizer$ConditionObject.await(AbstractQueuedSynchronizer.java:2039)
        at java.util.concurrent.LinkedBlockingQueue.take(LinkedBlockingQueue.java:442)
        at java.util.concurrent.ThreadPoolExecutor.getTask(ThreadPoolExecutor.java:1074)
        at java.util.concurrent.ThreadPoolExecutor.runWorker(ThreadPoolExecutor.java:1134)
        at java.util.concurrent.ThreadPoolExecutor$Worker.run(ThreadPoolExecutor.java:624)
        at java.lang.Thread.run(Thread.java:750)
"FixedThreadPoolWithAffinityExecutor-3-0" daemon prio=5 tid=41 timed_waiting
java.lang.Thread.State: TIMED_WAITING
        at sun.misc.Unsafe.park(Native Method)
        at java.util.concurrent.locks.LockSupport.parkNanos(LockSupport.java:215)
        at java.util.concurrent.locks.AbstractQueuedSynchronizer$ConditionObject.awaitNanos(AbstractQueuedSynchronizer.java:2078)
        at java.util.concurrent.LinkedBlockingQueue.poll(LinkedBlockingQueue.java:467)
        at org.apache.hadoop.hdds.scm.server.ContainerReportQueue.poll(ContainerReportQueue.java:266)
        at org.apache.hadoop.hdds.scm.server.ContainerReportQueue.poll(ContainerReportQueue.java:42)
        at org.apache.hadoop.hdds.server.events.FixedThreadPoolWithAffinityExecutor$ContainerReportProcessTask.run(FixedThreadPoolWithAffinityExecutor.java:247)
        at java.util.concurrent.Executors$RunnableAdapter.call(Executors.java:511)
        at java.util.concurrent.FutureTask.run(FutureTask.java:266)
        at java.util.concurrent.ThreadPoolExecutor.runWorker(ThreadPoolExecutor.java:1149)
        at java.util.concurrent.ThreadPoolExecutor$Worker.run(ThreadPoolExecutor.java:624)
        at java.lang.Thread.run(Thread.java:750)
"BackgroundPipelineScrubberThread" daemon prio=5 tid=16 timed_waiting
java.lang.Thread.State: TIMED_WAITING
        at java.lang.Object.wait(Native Method)
        at org.apache.hadoop.hdds.scm.ha.BackgroundSCMService.run(BackgroundSCMService.java:110)
        at org.apache.hadoop.hdds.scm.ha.BackgroundSCMService$$Lambda$381/1135026238.run(Unknown Source)
        at java.lang.Thread.run(Thread.java:750)
"21b868c3-9969-4e13-ad52-9b0ac48fd138-NettyServerStreamRpc-bossGroup--thread1"  prio=5 tid=244 runnable
java.lang.Thread.State: RUNNABLE
        at sun.nio.ch.EPollArrayWrapper.epollWait(Native Method)
        at sun.nio.ch.EPollArrayWrapper.poll(EPollArrayWrapper.java:269)
        at sun.nio.ch.EPollSelectorImpl.doSelect(EPollSelectorImpl.java:93)
        at sun.nio.ch.SelectorImpl.lockAndDoSelect(SelectorImpl.java:86)
        at sun.nio.ch.SelectorImpl.select(SelectorImpl.java:97)
        at sun.nio.ch.SelectorImpl.select(SelectorImpl.java:101)
        at org.apache.ratis.thirdparty.io.netty.channel.nio.SelectedSelectionKeySetSelector.select(SelectedSelectionKeySetSelector.java:68)
        at org.apache.ratis.thirdparty.io.netty.channel.nio.NioEventLoop.select(NioEventLoop.java:813)
        at org.apache.ratis.thirdparty.io.netty.channel.nio.NioEventLoop.run(NioEventLoop.java:460)
        at org.apache.ratis.thirdparty.io.netty.util.concurrent.SingleThreadEventExecutor$4.run(SingleThreadEventExecutor.java:995)
        at org.apache.ratis.thirdparty.io.netty.util.internal.ThreadExecutorMap$2.run(ThreadExecutorMap.java:74)
        at java.lang.Thread.run(Thread.java:750)
"qtp189945097-199" daemon prio=5 tid=199 timed_waiting
java.lang.Thread.State: TIMED_WAITING
        at sun.misc.Unsafe.park(Native Method)
        at java.util.concurrent.locks.LockSupport.parkNanos(LockSupport.java:215)
        at java.util.concurrent.locks.AbstractQueuedSynchronizer$ConditionObject.awaitNanos(AbstractQueuedSynchronizer.java:2078)
        at org.eclipse.jetty.util.BlockingArrayQueue.poll(BlockingArrayQueue.java:382)
        at org.eclipse.jetty.util.thread.QueuedThreadPool$Runner.idleJobPoll(QueuedThreadPool.java:974)
        at org.eclipse.jetty.util.thread.QueuedThreadPool$Runner.run(QueuedThreadPool.java:1018)
        at java.lang.Thread.run(Thread.java:750)
"21b868c3-9969-4e13-ad52-9b0ac48fd138-server-thread2"  prio=5 tid=390 timed_waiting
java.lang.Thread.State: TIMED_WAITING
        at sun.misc.Unsafe.park(Native Method)
        at java.util.concurrent.locks.LockSupport.parkNanos(LockSupport.java:215)
        at java.util.concurrent.SynchronousQueue$TransferStack.awaitFulfill(SynchronousQueue.java:460)
        at java.util.concurrent.SynchronousQueue$TransferStack.transfer(SynchronousQueue.java:362)
        at java.util.concurrent.SynchronousQueue.poll(SynchronousQueue.java:941)
        at java.util.concurrent.ThreadPoolExecutor.getTask(ThreadPoolExecutor.java:1073)
        at java.util.concurrent.ThreadPoolExecutor.runWorker(ThreadPoolExecutor.java:1134)
        at java.util.concurrent.ThreadPoolExecutor$Worker.run(ThreadPoolExecutor.java:624)
        at java.lang.Thread.run(Thread.java:750)
"IPC Server handler 4 on default port 45463" daemon prio=5 tid=165 timed_waiting
java.lang.Thread.State: TIMED_WAITING
        at sun.misc.Unsafe.park(Native Method)
        at java.util.concurrent.locks.LockSupport.parkNanos(LockSupport.java:215)
        at java.util.concurrent.locks.AbstractQueuedSynchronizer$ConditionObject.awaitNanos(AbstractQueuedSynchronizer.java:2078)
        at java.util.concurrent.LinkedBlockingQueue.poll(LinkedBlockingQueue.java:467)
        at org.apache.hadoop.ipc.CallQueueManager.take(CallQueueManager.java:317)
        at org.apache.hadoop.ipc.Server$Handler.run(Server.java:2992)
"Datanode ReportManager Thread - 2" daemon prio=5 tid=260 timed_waiting
java.lang.Thread.State: TIMED_WAITING
        at sun.misc.Unsafe.park(Native Method)
        at java.util.concurrent.locks.LockSupport.parkNanos(LockSupport.java:215)
        at java.util.concurrent.locks.AbstractQueuedSynchronizer$ConditionObject.awaitNanos(AbstractQueuedSynchronizer.java:2078)
        at java.util.concurrent.ScheduledThreadPoolExecutor$DelayedWorkQueue.take(ScheduledThreadPoolExecutor.java:1093)
        at java.util.concurrent.ScheduledThreadPoolExecutor$DelayedWorkQueue.take(ScheduledThreadPoolExecutor.java:809)
        at java.util.concurrent.ThreadPoolExecutor.getTask(ThreadPoolExecutor.java:1074)
        at java.util.concurrent.ThreadPoolExecutor.runWorker(ThreadPoolExecutor.java:1134)
        at java.util.concurrent.ThreadPoolExecutor$Worker.run(ThreadPoolExecutor.java:624)
        at java.lang.Thread.run(Thread.java:750)
"qtp527477577-254" daemon prio=5 tid=254 timed_waiting
java.lang.Thread.State: TIMED_WAITING
        at sun.misc.Unsafe.park(Native Method)
        at java.util.concurrent.locks.LockSupport.parkNanos(LockSupport.java:215)
        at java.util.concurrent.locks.AbstractQueuedSynchronizer$ConditionObject.awaitNanos(AbstractQueuedSynchronizer.java:2078)
        at org.eclipse.jetty.util.BlockingArrayQueue.poll(BlockingArrayQueue.java:382)
        at org.eclipse.jetty.util.thread.QueuedThreadPool$Runner.idleJobPoll(QueuedThreadPool.java:974)
        at org.eclipse.jetty.util.thread.QueuedThreadPool$Runner.run(QueuedThreadPool.java:1018)
        at java.lang.Thread.run(Thread.java:750)
"om1@group-C5BA1605619E-SegmentedRaftLogWorker"  prio=5 tid=140 timed_waiting
java.lang.Thread.State: TIMED_WAITING
        at sun.misc.Unsafe.park(Native Method)
        at java.util.concurrent.locks.LockSupport.parkNanos(LockSupport.java:215)
        at java.util.concurrent.locks.AbstractQueuedSynchronizer$ConditionObject.awaitNanos(AbstractQueuedSynchronizer.java:2078)
        at org.apache.ratis.util.DataBlockingQueue.poll(DataBlockingQueue.java:148)
        at org.apache.ratis.server.raftlog.segmented.SegmentedRaftLogWorker.run(SegmentedRaftLogWorker.java:312)
        at org.apache.ratis.server.raftlog.segmented.SegmentedRaftLogWorker$$Lambda$686/78095376.run(Unknown Source)
        at java.lang.Thread.run(Thread.java:750)
"IPC Server handler 4 on default port 37905" daemon prio=5 tid=93 timed_waiting
java.lang.Thread.State: TIMED_WAITING
        at sun.misc.Unsafe.park(Native Method)
        at java.util.concurrent.locks.LockSupport.parkNanos(LockSupport.java:215)
        at java.util.concurrent.locks.AbstractQueuedSynchronizer$ConditionObject.awaitNanos(AbstractQueuedSynchronizer.java:2078)
        at java.util.concurrent.LinkedBlockingQueue.poll(LinkedBlockingQueue.java:467)
        at org.apache.hadoop.ipc.CallQueueManager.take(CallQueueManager.java:317)
        at org.apache.hadoop.ipc.Server$Handler.run(Server.java:2992)
"IPC Server handler 9 on default port 36647" daemon prio=5 tid=58 timed_waiting
java.lang.Thread.State: TIMED_WAITING
        at sun.misc.Unsafe.park(Native Method)
        at java.util.concurrent.locks.LockSupport.parkNanos(LockSupport.java:215)
        at java.util.concurrent.locks.AbstractQueuedSynchronizer$ConditionObject.awaitNanos(AbstractQueuedSynchronizer.java:2078)
        at java.util.concurrent.LinkedBlockingQueue.poll(LinkedBlockingQueue.java:467)
        at org.apache.hadoop.ipc.CallQueueManager.take(CallQueueManager.java:317)
        at org.apache.hadoop.ipc.Server$Handler.run(Server.java:2992)
"Datanode ReportManager Thread - 4" daemon prio=5 tid=262 in Object.wait()
java.lang.Thread.State: WAITING (on object monitor)
        at sun.misc.Unsafe.park(Native Method)
        at java.util.concurrent.locks.LockSupport.park(LockSupport.java:175)
        at java.util.concurrent.locks.AbstractQueuedSynchronizer$ConditionObject.await(AbstractQueuedSynchronizer.java:2039)
        at java.util.concurrent.ScheduledThreadPoolExecutor$DelayedWorkQueue.take(ScheduledThreadPoolExecutor.java:1088)
        at java.util.concurrent.ScheduledThreadPoolExecutor$DelayedWorkQueue.take(ScheduledThreadPoolExecutor.java:809)
        at java.util.concurrent.ThreadPoolExecutor.getTask(ThreadPoolExecutor.java:1074)
        at java.util.concurrent.ThreadPoolExecutor.runWorker(ThreadPoolExecutor.java:1134)
        at java.util.concurrent.ThreadPoolExecutor$Worker.run(ThreadPoolExecutor.java:624)
        at java.lang.Thread.run(Thread.java:750)
"org.apache.hadoop.util.JvmPauseMonitor$Monitor@279e85eb" daemon prio=5 tid=111 timed_waiting
java.lang.Thread.State: TIMED_WAITING
        at java.lang.Thread.sleep(Native Method)
        at org.apache.hadoop.util.JvmPauseMonitor$Monitor.run(JvmPauseMonitor.java:192)
        at java.lang.Thread.run(Thread.java:750)
"21b868c3-9969-4e13-ad52-9b0ac48fd138@group-B6DDDC8024D4-SegmentedRaftLogWorker"  prio=5 tid=330 timed_waiting
java.lang.Thread.State: TIMED_WAITING
        at sun.misc.Unsafe.park(Native Method)
        at java.util.concurrent.locks.LockSupport.parkNanos(LockSupport.java:215)
        at java.util.concurrent.locks.AbstractQueuedSynchronizer$ConditionObject.awaitNanos(AbstractQueuedSynchronizer.java:2078)
        at org.apache.ratis.util.DataBlockingQueue.poll(DataBlockingQueue.java:148)
        at org.apache.ratis.server.raftlog.segmented.SegmentedRaftLogWorker.run(SegmentedRaftLogWorker.java:312)
        at org.apache.ratis.server.raftlog.segmented.SegmentedRaftLogWorker$$Lambda$686/78095376.run(Unknown Source)
        at java.lang.Thread.run(Thread.java:750)
"IPC Server handler 19 on default port 36647" daemon prio=5 tid=68 timed_waiting
java.lang.Thread.State: TIMED_WAITING
        at sun.misc.Unsafe.park(Native Method)
        at java.util.concurrent.locks.LockSupport.parkNanos(LockSupport.java:215)
        at java.util.concurrent.locks.AbstractQueuedSynchronizer$ConditionObject.awaitNanos(AbstractQueuedSynchronizer.java:2078)
        at java.util.concurrent.LinkedBlockingQueue.poll(LinkedBlockingQueue.java:467)
        at org.apache.hadoop.ipc.CallQueueManager.take(CallQueueManager.java:317)
        at org.apache.hadoop.ipc.Server$Handler.run(Server.java:2992)
"StaleRecoveringContainerScrubbingService#5" daemon prio=5 tid=672 in Object.wait()
java.lang.Thread.State: WAITING (on object monitor)
        at sun.misc.Unsafe.park(Native Method)
        at java.util.concurrent.locks.LockSupport.park(LockSupport.java:175)
        at java.util.concurrent.locks.AbstractQueuedSynchronizer$ConditionObject.await(AbstractQueuedSynchronizer.java:2039)
        at java.util.concurrent.ScheduledThreadPoolExecutor$DelayedWorkQueue.take(ScheduledThreadPoolExecutor.java:1088)
        at java.util.concurrent.ScheduledThreadPoolExecutor$DelayedWorkQueue.take(ScheduledThreadPoolExecutor.java:809)
        at java.util.concurrent.ThreadPoolExecutor.getTask(ThreadPoolExecutor.java:1074)
        at java.util.concurrent.ThreadPoolExecutor.runWorker(ThreadPoolExecutor.java:1134)
        at java.util.concurrent.ThreadPoolExecutor$Worker.run(ThreadPoolExecutor.java:624)
        at java.lang.Thread.run(Thread.java:750)
"IPC Server handler 18 on default port 37905" daemon prio=5 tid=107 timed_waiting
java.lang.Thread.State: TIMED_WAITING
        at sun.misc.Unsafe.park(Native Method)
        at java.util.concurrent.locks.LockSupport.parkNanos(LockSupport.java:215)
        at java.util.concurrent.locks.AbstractQueuedSynchronizer$ConditionObject.awaitNanos(AbstractQueuedSynchronizer.java:2078)
        at java.util.concurrent.LinkedBlockingQueue.poll(LinkedBlockingQueue.java:467)
        at org.apache.hadoop.ipc.CallQueueManager.take(CallQueueManager.java:317)
        at org.apache.hadoop.ipc.Server$Handler.run(Server.java:2992)
"EndpointStateMachine task thread for /0.0.0.0:37905 - 0 "  prio=5 tid=287 in Object.wait()
java.lang.Thread.State: WAITING (on object monitor)
        at sun.misc.Unsafe.park(Native Method)
        at java.util.concurrent.locks.LockSupport.park(LockSupport.java:175)
        at java.util.concurrent.locks.AbstractQueuedSynchronizer$ConditionObject.await(AbstractQueuedSynchronizer.java:2039)
        at java.util.concurrent.LinkedBlockingQueue.take(LinkedBlockingQueue.java:442)
        at java.util.concurrent.ThreadPoolExecutor.getTask(ThreadPoolExecutor.java:1074)
        at java.util.concurrent.ThreadPoolExecutor.runWorker(ThreadPoolExecutor.java:1134)
        at java.util.concurrent.ThreadPoolExecutor$Worker.run(ThreadPoolExecutor.java:624)
        at java.lang.Thread.run(Thread.java:750)
"EventQueue-NodeRegistrationContainerReportForDataNodeSafeModeRule" daemon prio=5 tid=311 in Object.wait()
java.lang.Thread.State: WAITING (on object monitor)
        at sun.misc.Unsafe.park(Native Method)
        at java.util.concurrent.locks.LockSupport.park(LockSupport.java:175)
        at java.util.concurrent.locks.AbstractQueuedSynchronizer$ConditionObject.await(AbstractQueuedSynchronizer.java:2039)
        at java.util.concurrent.LinkedBlockingQueue.take(LinkedBlockingQueue.java:442)
        at java.util.concurrent.ThreadPoolExecutor.getTask(ThreadPoolExecutor.java:1074)
        at java.util.concurrent.ThreadPoolExecutor.runWorker(ThreadPoolExecutor.java:1134)
        at java.util.concurrent.ThreadPoolExecutor$Worker.run(ThreadPoolExecutor.java:624)
        at java.lang.Thread.run(Thread.java:750)
"StaleRecoveringContainerScrubbingService#0" daemon prio=5 tid=307 in Object.wait()
java.lang.Thread.State: WAITING (on object monitor)
        at sun.misc.Unsafe.park(Native Method)
        at java.util.concurrent.locks.LockSupport.park(LockSupport.java:175)
        at java.util.concurrent.locks.AbstractQueuedSynchronizer$ConditionObject.await(AbstractQueuedSynchronizer.java:2039)
        at java.util.concurrent.ScheduledThreadPoolExecutor$DelayedWorkQueue.take(ScheduledThreadPoolExecutor.java:1088)
        at java.util.concurrent.ScheduledThreadPoolExecutor$DelayedWorkQueue.take(ScheduledThreadPoolExecutor.java:809)
        at java.util.concurrent.ThreadPoolExecutor.getTask(ThreadPoolExecutor.java:1074)
        at java.util.concurrent.ThreadPoolExecutor.runWorker(ThreadPoolExecutor.java:1134)
        at java.util.concurrent.ThreadPoolExecutor$Worker.run(ThreadPoolExecutor.java:624)
        at java.lang.Thread.run(Thread.java:750)
"ContainerOp-cd8abe94-f173-4052-9509-b5bff1395f48-3"  prio=5 tid=441 in Object.wait()
java.lang.Thread.State: WAITING (on object monitor)
        at sun.misc.Unsafe.park(Native Method)
        at java.util.concurrent.locks.LockSupport.park(LockSupport.java:175)
        at java.util.concurrent.locks.AbstractQueuedSynchronizer$ConditionObject.await(AbstractQueuedSynchronizer.java:2039)
        at java.util.concurrent.LinkedBlockingQueue.take(LinkedBlockingQueue.java:442)
        at java.util.concurrent.ThreadPoolExecutor.getTask(ThreadPoolExecutor.java:1074)
        at java.util.concurrent.ThreadPoolExecutor.runWorker(ThreadPoolExecutor.java:1134)
        at java.util.concurrent.ThreadPoolExecutor$Worker.run(ThreadPoolExecutor.java:624)
        at java.lang.Thread.run(Thread.java:750)
"IPC Server handler 5 on default port 45463" daemon prio=5 tid=166 timed_waiting
java.lang.Thread.State: TIMED_WAITING
        at sun.misc.Unsafe.park(Native Method)
        at java.util.concurrent.locks.LockSupport.parkNanos(LockSupport.java:215)
        at java.util.concurrent.locks.AbstractQueuedSynchronizer$ConditionObject.awaitNanos(AbstractQueuedSynchronizer.java:2078)
        at java.util.concurrent.LinkedBlockingQueue.poll(LinkedBlockingQueue.java:467)
        at org.apache.hadoop.ipc.CallQueueManager.take(CallQueueManager.java:317)
        at org.apache.hadoop.ipc.Server$Handler.run(Server.java:2992)
"timer3" daemon prio=5 tid=384 in Object.wait()
java.lang.Thread.State: WAITING (on object monitor)
        at java.lang.Object.wait(Native Method)
        at java.lang.Object.wait(Object.java:502)
        at java.util.TimerThread.mainLoop(Timer.java:526)
        at java.util.TimerThread.run(Timer.java:505)
"ContainerOp-fe8f8231-531f-40c6-a24e-b6dddc8024d4-3"  prio=5 tid=461 in Object.wait()
java.lang.Thread.State: WAITING (on object monitor)
        at sun.misc.Unsafe.park(Native Method)
        at java.util.concurrent.locks.LockSupport.park(LockSupport.java:175)
        at java.util.concurrent.locks.AbstractQueuedSynchronizer$ConditionObject.await(AbstractQueuedSynchronizer.java:2039)
        at java.util.concurrent.LinkedBlockingQueue.take(LinkedBlockingQueue.java:442)
        at java.util.concurrent.ThreadPoolExecutor.getTask(ThreadPoolExecutor.java:1074)
        at java.util.concurrent.ThreadPoolExecutor.runWorker(ThreadPoolExecutor.java:1134)
        at java.util.concurrent.ThreadPoolExecutor$Worker.run(ThreadPoolExecutor.java:624)
        at java.lang.Thread.run(Thread.java:750)
"Datanode State Machine Task Thread - 0"  prio=5 tid=265 in Object.wait()
java.lang.Thread.State: WAITING (on object monitor)
        at sun.misc.Unsafe.park(Native Method)
        at java.util.concurrent.locks.LockSupport.park(LockSupport.java:175)
        at java.util.concurrent.locks.AbstractQueuedSynchronizer$ConditionObject.await(AbstractQueuedSynchronizer.java:2039)
        at java.util.concurrent.LinkedBlockingQueue.take(LinkedBlockingQueue.java:442)
        at java.util.concurrent.ThreadPoolExecutor.getTask(ThreadPoolExecutor.java:1074)
        at java.util.concurrent.ThreadPoolExecutor.runWorker(ThreadPoolExecutor.java:1134)
        at java.util.concurrent.ThreadPoolExecutor$Worker.run(ThreadPoolExecutor.java:624)
        at java.lang.Thread.run(Thread.java:750)
"IPC Client (982613511) connection to 0.0.0.0/0.0.0.0:37905 from runner" daemon prio=5 tid=274 timed_waiting
java.lang.Thread.State: TIMED_WAITING
        at java.lang.Object.wait(Native Method)
        at org.apache.hadoop.ipc.Client$Connection.waitForWork(Client.java:1043)
        at org.apache.hadoop.ipc.Client$Connection.run(Client.java:1094)
"Datanode State Machine Task Thread - 0"  prio=5 tid=211 in Object.wait()
java.lang.Thread.State: WAITING (on object monitor)
        at sun.misc.Unsafe.park(Native Method)
        at java.util.concurrent.locks.LockSupport.park(LockSupport.java:175)
        at java.util.concurrent.locks.AbstractQueuedSynchronizer$ConditionObject.await(AbstractQueuedSynchronizer.java:2039)
        at java.util.concurrent.LinkedBlockingQueue.take(LinkedBlockingQueue.java:442)
        at java.util.concurrent.ThreadPoolExecutor.getTask(ThreadPoolExecutor.java:1074)
        at java.util.concurrent.ThreadPoolExecutor.runWorker(ThreadPoolExecutor.java:1134)
        at java.util.concurrent.ThreadPoolExecutor$Worker.run(ThreadPoolExecutor.java:624)
        at java.lang.Thread.run(Thread.java:750)
"grpc-default-boss-ELG-1-1" daemon prio=5 tid=143 runnable
java.lang.Thread.State: RUNNABLE
        at org.apache.ratis.thirdparty.io.netty.channel.epoll.Native.epollWait(Native Method)
        at org.apache.ratis.thirdparty.io.netty.channel.epoll.Native.epollWait(Native.java:209)
        at org.apache.ratis.thirdparty.io.netty.channel.epoll.Native.epollWait(Native.java:202)
        at org.apache.ratis.thirdparty.io.netty.channel.epoll.EpollEventLoop.epollWaitNoTimerChange(EpollEventLoop.java:294)
        at org.apache.ratis.thirdparty.io.netty.channel.epoll.EpollEventLoop.run(EpollEventLoop.java:351)
        at org.apache.ratis.thirdparty.io.netty.util.concurrent.SingleThreadEventExecutor$4.run(SingleThreadEventExecutor.java:995)
        at org.apache.ratis.thirdparty.io.netty.util.internal.ThreadExecutorMap$2.run(ThreadExecutorMap.java:74)
        at org.apache.ratis.thirdparty.io.netty.util.concurrent.FastThreadLocalRunnable.run(FastThreadLocalRunnable.java:30)
        at java.lang.Thread.run(Thread.java:750)
"IPC Server handler 13 on default port 45463" daemon prio=5 tid=174 timed_waiting
java.lang.Thread.State: TIMED_WAITING
        at sun.misc.Unsafe.park(Native Method)
        at java.util.concurrent.locks.LockSupport.parkNanos(LockSupport.java:215)
        at java.util.concurrent.locks.AbstractQueuedSynchronizer$ConditionObject.awaitNanos(AbstractQueuedSynchronizer.java:2078)
        at java.util.concurrent.LinkedBlockingQueue.poll(LinkedBlockingQueue.java:467)
        at org.apache.hadoop.ipc.CallQueueManager.take(CallQueueManager.java:317)
        at org.apache.hadoop.ipc.Server$Handler.run(Server.java:2992)
"BlockDeletingService#1" daemon prio=5 tid=308 timed_waiting
java.lang.Thread.State: TIMED_WAITING
        at sun.misc.Unsafe.park(Native Method)
        at java.util.concurrent.locks.LockSupport.parkNanos(LockSupport.java:215)
        at java.util.concurrent.locks.AbstractQueuedSynchronizer$ConditionObject.awaitNanos(AbstractQueuedSynchronizer.java:2078)
        at java.util.concurrent.ScheduledThreadPoolExecutor$DelayedWorkQueue.take(ScheduledThreadPoolExecutor.java:1093)
        at java.util.concurrent.ScheduledThreadPoolExecutor$DelayedWorkQueue.take(ScheduledThreadPoolExecutor.java:809)
        at java.util.concurrent.ThreadPoolExecutor.getTask(ThreadPoolExecutor.java:1074)
        at java.util.concurrent.ThreadPoolExecutor.runWorker(ThreadPoolExecutor.java:1134)
        at java.util.concurrent.ThreadPoolExecutor$Worker.run(ThreadPoolExecutor.java:624)
        at java.lang.Thread.run(Thread.java:750)
"ContainerOp-fe8f8231-531f-40c6-a24e-b6dddc8024d4-7"  prio=5 tid=493 in Object.wait()
java.lang.Thread.State: WAITING (on object monitor)
        at sun.misc.Unsafe.park(Native Method)
        at java.util.concurrent.locks.LockSupport.park(LockSupport.java:175)
        at java.util.concurrent.locks.AbstractQueuedSynchronizer$ConditionObject.await(AbstractQueuedSynchronizer.java:2039)
        at java.util.concurrent.LinkedBlockingQueue.take(LinkedBlockingQueue.java:442)
        at java.util.concurrent.ThreadPoolExecutor.getTask(ThreadPoolExecutor.java:1074)
        at java.util.concurrent.ThreadPoolExecutor.runWorker(ThreadPoolExecutor.java:1134)
        at java.util.concurrent.ThreadPoolExecutor$Worker.run(ThreadPoolExecutor.java:624)
        at java.lang.Thread.run(Thread.java:750)
"BlockDeletingService#0" daemon prio=5 tid=294 in Object.wait()
java.lang.Thread.State: WAITING (on object monitor)
        at sun.misc.Unsafe.park(Native Method)
        at java.util.concurrent.locks.LockSupport.park(LockSupport.java:175)
        at java.util.concurrent.locks.AbstractQueuedSynchronizer$ConditionObject.await(AbstractQueuedSynchronizer.java:2039)
        at java.util.concurrent.ScheduledThreadPoolExecutor$DelayedWorkQueue.take(ScheduledThreadPoolExecutor.java:1088)
        at java.util.concurrent.ScheduledThreadPoolExecutor$DelayedWorkQueue.take(ScheduledThreadPoolExecutor.java:809)
        at java.util.concurrent.ThreadPoolExecutor.getTask(ThreadPoolExecutor.java:1074)
        at java.util.concurrent.ThreadPoolExecutor.runWorker(ThreadPoolExecutor.java:1134)
        at java.util.concurrent.ThreadPoolExecutor$Worker.run(ThreadPoolExecutor.java:624)
        at java.lang.Thread.run(Thread.java:750)
"ContainerOp-fe8f8231-531f-40c6-a24e-b6dddc8024d4-0"  prio=5 tid=445 in Object.wait()
java.lang.Thread.State: WAITING (on object monitor)
        at sun.misc.Unsafe.park(Native Method)
        at java.util.concurrent.locks.LockSupport.park(LockSupport.java:175)
        at java.util.concurrent.locks.AbstractQueuedSynchronizer$ConditionObject.await(AbstractQueuedSynchronizer.java:2039)
        at java.util.concurrent.LinkedBlockingQueue.take(LinkedBlockingQueue.java:442)
        at java.util.concurrent.ThreadPoolExecutor.getTask(ThreadPoolExecutor.java:1074)
        at java.util.concurrent.ThreadPoolExecutor.runWorker(ThreadPoolExecutor.java:1134)
        at java.util.concurrent.ThreadPoolExecutor$Worker.run(ThreadPoolExecutor.java:624)
        at java.lang.Thread.run(Thread.java:750)
"IPC Server handler 8 on default port 45463" daemon prio=5 tid=169 timed_waiting
java.lang.Thread.State: TIMED_WAITING
        at sun.misc.Unsafe.park(Native Method)
        at java.util.concurrent.locks.LockSupport.parkNanos(LockSupport.java:215)
        at java.util.concurrent.locks.AbstractQueuedSynchronizer$ConditionObject.awaitNanos(AbstractQueuedSynchronizer.java:2078)
        at java.util.concurrent.LinkedBlockingQueue.poll(LinkedBlockingQueue.java:467)
        at org.apache.hadoop.ipc.CallQueueManager.take(CallQueueManager.java:317)
        at org.apache.hadoop.ipc.Server$Handler.run(Server.java:2992)
"ExpiredContainerReplicaOpScrubberThread" daemon prio=5 tid=17 timed_waiting
java.lang.Thread.State: TIMED_WAITING
        at java.lang.Object.wait(Native Method)
        at org.apache.hadoop.hdds.scm.ha.BackgroundSCMService.run(BackgroundSCMService.java:110)
        at org.apache.hadoop.hdds.scm.ha.BackgroundSCMService$$Lambda$381/1135026238.run(Unknown Source)
        at java.lang.Thread.run(Thread.java:750)
"4bcfc98d-1351-440f-af15-56158ce83d77@group-B6DDDC8024D4->b1c57afc-121c-455c-bc43-4ffbee8e4677-GrpcLogAppender-LogAppenderDaemon" daemon prio=5 tid=376 timed_waiting
java.lang.Thread.State: TIMED_WAITING
        at sun.misc.Unsafe.park(Native Method)
        at java.util.concurrent.locks.LockSupport.parkNanos(LockSupport.java:215)
        at java.util.concurrent.locks.AbstractQueuedSynchronizer$ConditionObject.await(AbstractQueuedSynchronizer.java:2163)
        at org.apache.ratis.util.AwaitForSignal.await(AwaitForSignal.java:62)
        at org.apache.ratis.grpc.server.GrpcLogAppender.mayWait(GrpcLogAppender.java:198)
        at org.apache.ratis.grpc.server.GrpcLogAppender.run(GrpcLogAppender.java:148)
        at org.apache.ratis.server.leader.LogAppenderDaemon.run(LogAppenderDaemon.java:78)
        at org.apache.ratis.server.leader.LogAppenderDaemon$$Lambda$1135/499583845.run(Unknown Source)
        at java.lang.Thread.run(Thread.java:750)
"ContainerOp-cd8abe94-f173-4052-9509-b5bff1395f48-3"  prio=5 tid=439 in Object.wait()
java.lang.Thread.State: WAITING (on object monitor)
        at sun.misc.Unsafe.park(Native Method)
        at java.util.concurrent.locks.LockSupport.park(LockSupport.java:175)
        at java.util.concurrent.locks.AbstractQueuedSynchronizer$ConditionObject.await(AbstractQueuedSynchronizer.java:2039)
        at java.util.concurrent.LinkedBlockingQueue.take(LinkedBlockingQueue.java:442)
        at java.util.concurrent.ThreadPoolExecutor.getTask(ThreadPoolExecutor.java:1074)
        at java.util.concurrent.ThreadPoolExecutor.runWorker(ThreadPoolExecutor.java:1134)
        at java.util.concurrent.ThreadPoolExecutor$Worker.run(ThreadPoolExecutor.java:624)
        at java.lang.Thread.run(Thread.java:750)
"Hadoop-Metrics-Updater-0" daemon prio=5 tid=138 timed_waiting
java.lang.Thread.State: TIMED_WAITING
        at sun.misc.Unsafe.park(Native Method)
        at java.util.concurrent.locks.LockSupport.parkNanos(LockSupport.java:215)
        at java.util.concurrent.locks.AbstractQueuedSynchronizer$ConditionObject.awaitNanos(AbstractQueuedSynchronizer.java:2078)
        at java.util.concurrent.ScheduledThreadPoolExecutor$DelayedWorkQueue.take(ScheduledThreadPoolExecutor.java:1093)
        at java.util.concurrent.ScheduledThreadPoolExecutor$DelayedWorkQueue.take(ScheduledThreadPoolExecutor.java:809)
        at java.util.concurrent.ThreadPoolExecutor.getTask(ThreadPoolExecutor.java:1074)
        at java.util.concurrent.ThreadPoolExecutor.runWorker(ThreadPoolExecutor.java:1134)
        at java.util.concurrent.ThreadPoolExecutor$Worker.run(ThreadPoolExecutor.java:624)
        at java.lang.Thread.run(Thread.java:750)
"IPC Server handler 16 on default port 45463" daemon prio=5 tid=177 timed_waiting
java.lang.Thread.State: TIMED_WAITING
        at sun.misc.Unsafe.park(Native Method)
        at java.util.concurrent.locks.LockSupport.parkNanos(LockSupport.java:215)
        at java.util.concurrent.locks.AbstractQueuedSynchronizer$ConditionObject.awaitNanos(AbstractQueuedSynchronizer.java:2078)
        at java.util.concurrent.LinkedBlockingQueue.poll(LinkedBlockingQueue.java:467)
        at org.apache.hadoop.ipc.CallQueueManager.take(CallQueueManager.java:317)
        at org.apache.hadoop.ipc.Server$Handler.run(Server.java:2992)
"ContainerOp-cd8abe94-f173-4052-9509-b5bff1395f48-6"  prio=5 tid=467 in Object.wait()
java.lang.Thread.State: WAITING (on object monitor)
        at sun.misc.Unsafe.park(Native Method)
        at java.util.concurrent.locks.LockSupport.park(LockSupport.java:175)
        at java.util.concurrent.locks.AbstractQueuedSynchronizer$ConditionObject.await(AbstractQueuedSynchronizer.java:2039)
        at java.util.concurrent.LinkedBlockingQueue.take(LinkedBlockingQueue.java:442)
        at java.util.concurrent.ThreadPoolExecutor.getTask(ThreadPoolExecutor.java:1074)
        at java.util.concurrent.ThreadPoolExecutor.runWorker(ThreadPoolExecutor.java:1134)
        at java.util.concurrent.ThreadPoolExecutor$Worker.run(ThreadPoolExecutor.java:624)
        at java.lang.Thread.run(Thread.java:750)
"junit-jupiter-timeout-watcher"  prio=10 tid=421 timed_waiting
java.lang.Thread.State: TIMED_WAITING
        at sun.misc.Unsafe.park(Native Method)
        at java.util.concurrent.locks.LockSupport.parkNanos(LockSupport.java:215)
        at java.util.concurrent.locks.AbstractQueuedSynchronizer$ConditionObject.awaitNanos(AbstractQueuedSynchronizer.java:2078)
        at java.util.concurrent.ScheduledThreadPoolExecutor$DelayedWorkQueue.take(ScheduledThreadPoolExecutor.java:1093)
        at java.util.concurrent.ScheduledThreadPoolExecutor$DelayedWorkQueue.take(ScheduledThreadPoolExecutor.java:809)
        at java.util.concurrent.ThreadPoolExecutor.getTask(ThreadPoolExecutor.java:1074)
        at java.util.concurrent.ThreadPoolExecutor.runWorker(ThreadPoolExecutor.java:1134)
        at java.util.concurrent.ThreadPoolExecutor$Worker.run(ThreadPoolExecutor.java:624)
        at java.lang.Thread.run(Thread.java:750)
"4bcfc98d-1351-440f-af15-56158ce83d77@group-B6DDDC8024D4-StateMachineUpdater" daemon prio=5 tid=341 timed_waiting
java.lang.Thread.State: TIMED_WAITING
        at sun.misc.Unsafe.park(Native Method)
        at java.util.concurrent.locks.LockSupport.parkNanos(LockSupport.java:215)
        at java.util.concurrent.locks.AbstractQueuedSynchronizer$ConditionObject.await(AbstractQueuedSynchronizer.java:2163)
        at org.apache.ratis.util.AwaitForSignal.await(AwaitForSignal.java:62)
        at org.apache.ratis.server.impl.StateMachineUpdater.waitForCommit(StateMachineUpdater.java:207)
        at org.apache.ratis.server.impl.StateMachineUpdater.run(StateMachineUpdater.java:176)
        at java.lang.Thread.run(Thread.java:750)
"ChunkWriter-2-0" daemon prio=5 tid=290 in Object.wait()
java.lang.Thread.State: WAITING (on object monitor)
        at sun.misc.Unsafe.park(Native Method)
        at java.util.concurrent.locks.LockSupport.park(LockSupport.java:175)
        at java.util.concurrent.locks.AbstractQueuedSynchronizer$ConditionObject.await(AbstractQueuedSynchronizer.java:2039)
        at java.util.concurrent.LinkedBlockingDeque.takeFirst(LinkedBlockingDeque.java:492)
        at java.util.concurrent.LinkedBlockingDeque.take(LinkedBlockingDeque.java:680)
        at java.util.concurrent.ThreadPoolExecutor.getTask(ThreadPoolExecutor.java:1074)
        at java.util.concurrent.ThreadPoolExecutor.runWorker(ThreadPoolExecutor.java:1134)
        at java.util.concurrent.ThreadPoolExecutor$Worker.run(ThreadPoolExecutor.java:624)
        at java.lang.Thread.run(Thread.java:750)
"IPC Server handler 10 on default port 36703" daemon prio=5 tid=79 timed_waiting
java.lang.Thread.State: TIMED_WAITING
        at sun.misc.Unsafe.park(Native Method)
        at java.util.concurrent.locks.LockSupport.parkNanos(LockSupport.java:215)
        at java.util.concurrent.locks.AbstractQueuedSynchronizer$ConditionObject.awaitNanos(AbstractQueuedSynchronizer.java:2078)
        at java.util.concurrent.LinkedBlockingQueue.poll(LinkedBlockingQueue.java:467)
        at org.apache.hadoop.ipc.CallQueueManager.take(CallQueueManager.java:317)
        at org.apache.hadoop.ipc.Server$Handler.run(Server.java:2992)
"ContainerOp-fe8f8231-531f-40c6-a24e-b6dddc8024d4-5"  prio=5 tid=479 in Object.wait()
java.lang.Thread.State: WAITING (on object monitor)
        at sun.misc.Unsafe.park(Native Method)
        at java.util.concurrent.locks.LockSupport.park(LockSupport.java:175)
        at java.util.concurrent.locks.AbstractQueuedSynchronizer$ConditionObject.await(AbstractQueuedSynchronizer.java:2039)
        at java.util.concurrent.LinkedBlockingQueue.take(LinkedBlockingQueue.java:442)
        at java.util.concurrent.ThreadPoolExecutor.getTask(ThreadPoolExecutor.java:1074)
        at java.util.concurrent.ThreadPoolExecutor.runWorker(ThreadPoolExecutor.java:1134)
        at java.util.concurrent.ThreadPoolExecutor$Worker.run(ThreadPoolExecutor.java:624)
        at java.lang.Thread.run(Thread.java:750)
"Command processor thread" daemon prio=5 tid=263 timed_waiting
java.lang.Thread.State: TIMED_WAITING
        at java.lang.Thread.sleep(Native Method)
        at org.apache.hadoop.ozone.container.common.statemachine.DatanodeStateMachine.lambda$initCommandHandlerThread$3(DatanodeStateMachine.java:649)
        at org.apache.hadoop.ozone.container.common.statemachine.DatanodeStateMachine$$Lambda$870/1388029857.run(Unknown Source)
        at java.lang.Thread.run(Thread.java:750)
"qtp1241568657-116" daemon prio=5 tid=116 timed_waiting
java.lang.Thread.State: TIMED_WAITING
        at sun.misc.Unsafe.park(Native Method)
        at java.util.concurrent.locks.LockSupport.parkNanos(LockSupport.java:215)
        at java.util.concurrent.locks.AbstractQueuedSynchronizer$ConditionObject.awaitNanos(AbstractQueuedSynchronizer.java:2078)
        at org.eclipse.jetty.util.BlockingArrayQueue.poll(BlockingArrayQueue.java:382)
        at org.eclipse.jetty.util.thread.QueuedThreadPool$Runner.idleJobPoll(QueuedThreadPool.java:974)
        at org.eclipse.jetty.util.thread.QueuedThreadPool$Runner.run(QueuedThreadPool.java:1018)
        at java.lang.Thread.run(Thread.java:750)
"ContainerOp-fe8f8231-531f-40c6-a24e-b6dddc8024d4-1"  prio=5 tid=448 in Object.wait()
java.lang.Thread.State: WAITING (on object monitor)
        at sun.misc.Unsafe.park(Native Method)
        at java.util.concurrent.locks.LockSupport.park(LockSupport.java:175)
        at java.util.concurrent.locks.AbstractQueuedSynchronizer$ConditionObject.await(AbstractQueuedSynchronizer.java:2039)
        at java.util.concurrent.LinkedBlockingQueue.take(LinkedBlockingQueue.java:442)
        at java.util.concurrent.ThreadPoolExecutor.getTask(ThreadPoolExecutor.java:1074)
        at java.util.concurrent.ThreadPoolExecutor.runWorker(ThreadPoolExecutor.java:1134)
        at java.util.concurrent.ThreadPoolExecutor$Worker.run(ThreadPoolExecutor.java:624)
        at java.lang.Thread.run(Thread.java:750)
"qtp1652609556-221" daemon prio=5 tid=221 runnable
java.lang.Thread.State: RUNNABLE
        at sun.nio.ch.EPollArrayWrapper.epollWait(Native Method)
        at sun.nio.ch.EPollArrayWrapper.poll(EPollArrayWrapper.java:269)
        at sun.nio.ch.EPollSelectorImpl.doSelect(EPollSelectorImpl.java:93)
        at sun.nio.ch.SelectorImpl.lockAndDoSelect(SelectorImpl.java:86)
        at sun.nio.ch.SelectorImpl.select(SelectorImpl.java:97)
        at sun.nio.ch.SelectorImpl.select(SelectorImpl.java:101)
        at org.eclipse.jetty.io.ManagedSelector.nioSelect(ManagedSelector.java:183)
        at org.eclipse.jetty.io.ManagedSelector.select(ManagedSelector.java:190)
        at org.eclipse.jetty.io.ManagedSelector$SelectorProducer.select(ManagedSelector.java:606)
        at org.eclipse.jetty.io.ManagedSelector$SelectorProducer.produce(ManagedSelector.java:543)
        at org.eclipse.jetty.util.thread.strategy.EatWhatYouKill.produceTask(EatWhatYouKill.java:362)
        at org.eclipse.jetty.util.thread.strategy.EatWhatYouKill.doProduce(EatWhatYouKill.java:186)
        at org.eclipse.jetty.util.thread.strategy.EatWhatYouKill.tryProduce(EatWhatYouKill.java:173)
        at org.eclipse.jetty.util.thread.strategy.EatWhatYouKill.produce(EatWhatYouKill.java:137)
        at org.eclipse.jetty.io.ManagedSelector$$Lambda$448/2058190325.run(Unknown Source)
        at org.eclipse.jetty.util.thread.QueuedThreadPool.runJob(QueuedThreadPool.java:883)
        at org.eclipse.jetty.util.thread.QueuedThreadPool$Runner.run(QueuedThreadPool.java:1034)
        at java.lang.Thread.run(Thread.java:750)
"21b868c3-9969-4e13-ad52-9b0ac48fd138-server-thread1" daemon prio=5 tid=408 timed_waiting
java.lang.Thread.State: TIMED_WAITING
        at sun.misc.Unsafe.park(Native Method)
        at java.util.concurrent.locks.LockSupport.parkNanos(LockSupport.java:215)
        at java.util.concurrent.SynchronousQueue$TransferStack.awaitFulfill(SynchronousQueue.java:460)
        at java.util.concurrent.SynchronousQueue$TransferStack.transfer(SynchronousQueue.java:362)
        at java.util.concurrent.SynchronousQueue.poll(SynchronousQueue.java:941)
        at java.util.concurrent.ThreadPoolExecutor.getTask(ThreadPoolExecutor.java:1073)
        at java.util.concurrent.ThreadPoolExecutor.runWorker(ThreadPoolExecutor.java:1134)
        at java.util.concurrent.ThreadPoolExecutor$Worker.run(ThreadPoolExecutor.java:624)
        at java.lang.Thread.run(Thread.java:750)
"OpenKeyCleanupService#0" daemon prio=5 tid=148 timed_waiting
java.lang.Thread.State: TIMED_WAITING
        at sun.misc.Unsafe.park(Native Method)
        at java.util.concurrent.locks.LockSupport.parkNanos(LockSupport.java:215)
        at java.util.concurrent.locks.AbstractQueuedSynchronizer$ConditionObject.awaitNanos(AbstractQueuedSynchronizer.java:2078)
        at java.util.concurrent.ScheduledThreadPoolExecutor$DelayedWorkQueue.take(ScheduledThreadPoolExecutor.java:1093)
        at java.util.concurrent.ScheduledThreadPoolExecutor$DelayedWorkQueue.take(ScheduledThreadPoolExecutor.java:809)
        at java.util.concurrent.ThreadPoolExecutor.getTask(ThreadPoolExecutor.java:1074)
        at java.util.concurrent.ThreadPoolExecutor.runWorker(ThreadPoolExecutor.java:1134)
        at java.util.concurrent.ThreadPoolExecutor$Worker.run(ThreadPoolExecutor.java:624)
        at java.lang.Thread.run(Thread.java:750)
"PartialTableCache Cleanup Thread - 0" daemon prio=5 tid=268 in Object.wait()
java.lang.Thread.State: WAITING (on object monitor)
        at sun.misc.Unsafe.park(Native Method)
        at java.util.concurrent.locks.LockSupport.park(LockSupport.java:175)
        at java.util.concurrent.locks.AbstractQueuedSynchronizer$ConditionObject.await(AbstractQueuedSynchronizer.java:2039)
        at java.util.concurrent.LinkedBlockingQueue.take(LinkedBlockingQueue.java:442)
        at java.util.concurrent.ThreadPoolExecutor.getTask(ThreadPoolExecutor.java:1074)
        at java.util.concurrent.ThreadPoolExecutor.runWorker(ThreadPoolExecutor.java:1134)
        at java.util.concurrent.ThreadPoolExecutor$Worker.run(ThreadPoolExecutor.java:624)
        at java.lang.Thread.run(Thread.java:750)
"IPC Server handler 18 on default port 36703" daemon prio=5 tid=87 timed_waiting
java.lang.Thread.State: TIMED_WAITING
        at sun.misc.Unsafe.park(Native Method)
        at java.util.concurrent.locks.LockSupport.parkNanos(LockSupport.java:215)
        at java.util.concurrent.locks.AbstractQueuedSynchronizer$ConditionObject.awaitNanos(AbstractQueuedSynchronizer.java:2078)
        at java.util.concurrent.LinkedBlockingQueue.poll(LinkedBlockingQueue.java:467)
        at org.apache.hadoop.ipc.CallQueueManager.take(CallQueueManager.java:317)
        at org.apache.hadoop.ipc.Server$Handler.run(Server.java:2992)
"org.apache.hadoop.ozone.container.common.statemachine.commandhandler.DeleteBlocksCommandHandler$DeleteCmdWorker@260fb925" daemon prio=5 tid=219 timed_waiting
java.lang.Thread.State: TIMED_WAITING
        at java.lang.Thread.sleep(Native Method)
        at org.apache.hadoop.ozone.container.common.statemachine.commandhandler.DeleteBlocksCommandHandler$DeleteCmdWorker.run(DeleteBlocksCommandHandler.java:187)
        at java.lang.Thread.run(Thread.java:750)
"ContainerOp-fe8f8231-531f-40c6-a24e-b6dddc8024d4-5"  prio=5 tid=477 in Object.wait()
java.lang.Thread.State: WAITING (on object monitor)
        at sun.misc.Unsafe.park(Native Method)
        at java.util.concurrent.locks.LockSupport.park(LockSupport.java:175)
        at java.util.concurrent.locks.AbstractQueuedSynchronizer$ConditionObject.await(AbstractQueuedSynchronizer.java:2039)
        at java.util.concurrent.LinkedBlockingQueue.take(LinkedBlockingQueue.java:442)
        at java.util.concurrent.ThreadPoolExecutor.getTask(ThreadPoolExecutor.java:1074)
        at java.util.concurrent.ThreadPoolExecutor.runWorker(ThreadPoolExecutor.java:1134)
        at java.util.concurrent.ThreadPoolExecutor$Worker.run(ThreadPoolExecutor.java:624)
        at java.lang.Thread.run(Thread.java:750)
"SCM Heartbeat Processing Thread - 0" daemon prio=5 tid=14 timed_waiting
java.lang.Thread.State: TIMED_WAITING
        at sun.misc.Unsafe.park(Native Method)
        at java.util.concurrent.locks.LockSupport.parkNanos(LockSupport.java:215)
        at java.util.concurrent.locks.AbstractQueuedSynchronizer$ConditionObject.awaitNanos(AbstractQueuedSynchronizer.java:2078)
        at java.util.concurrent.ScheduledThreadPoolExecutor$DelayedWorkQueue.take(ScheduledThreadPoolExecutor.java:1093)
        at java.util.concurrent.ScheduledThreadPoolExecutor$DelayedWorkQueue.take(ScheduledThreadPoolExecutor.java:809)
        at java.util.concurrent.ThreadPoolExecutor.getTask(ThreadPoolExecutor.java:1074)
        at java.util.concurrent.ThreadPoolExecutor.runWorker(ThreadPoolExecutor.java:1134)
        at java.util.concurrent.ThreadPoolExecutor$Worker.run(ThreadPoolExecutor.java:624)
        at java.lang.Thread.run(Thread.java:750)
"Datanode ReportManager Thread - 3" daemon prio=5 tid=261 in Object.wait()
java.lang.Thread.State: WAITING (on object monitor)
        at sun.misc.Unsafe.park(Native Method)
        at java.util.concurrent.locks.LockSupport.park(LockSupport.java:175)
        at java.util.concurrent.locks.AbstractQueuedSynchronizer$ConditionObject.await(AbstractQueuedSynchronizer.java:2039)
        at java.util.concurrent.ScheduledThreadPoolExecutor$DelayedWorkQueue.take(ScheduledThreadPoolExecutor.java:1088)
        at java.util.concurrent.ScheduledThreadPoolExecutor$DelayedWorkQueue.take(ScheduledThreadPoolExecutor.java:809)
        at java.util.concurrent.ThreadPoolExecutor.getTask(ThreadPoolExecutor.java:1074)
        at java.util.concurrent.ThreadPoolExecutor.runWorker(ThreadPoolExecutor.java:1134)
        at java.util.concurrent.ThreadPoolExecutor$Worker.run(ThreadPoolExecutor.java:624)
        at java.lang.Thread.run(Thread.java:750)
"grpc-default-executor-3" daemon prio=5 tid=382 timed_waiting
java.lang.Thread.State: TIMED_WAITING
        at sun.misc.Unsafe.park(Native Method)
        at java.util.concurrent.locks.LockSupport.parkNanos(LockSupport.java:215)
        at java.util.concurrent.SynchronousQueue$TransferStack.awaitFulfill(SynchronousQueue.java:460)
        at java.util.concurrent.SynchronousQueue$TransferStack.transfer(SynchronousQueue.java:362)
        at java.util.concurrent.SynchronousQueue.poll(SynchronousQueue.java:941)
        at java.util.concurrent.ThreadPoolExecutor.getTask(ThreadPoolExecutor.java:1073)
        at java.util.concurrent.ThreadPoolExecutor.runWorker(ThreadPoolExecutor.java:1134)
        at java.util.concurrent.ThreadPoolExecutor$Worker.run(ThreadPoolExecutor.java:624)
        at java.lang.Thread.run(Thread.java:750)
"IPC Server handler 19 on default port 36703" daemon prio=5 tid=88 timed_waiting
java.lang.Thread.State: TIMED_WAITING
        at sun.misc.Unsafe.park(Native Method)
        at java.util.concurrent.locks.LockSupport.parkNanos(LockSupport.java:215)
        at java.util.concurrent.locks.AbstractQueuedSynchronizer$ConditionObject.awaitNanos(AbstractQueuedSynchronizer.java:2078)
        at java.util.concurrent.LinkedBlockingQueue.poll(LinkedBlockingQueue.java:467)
        at org.apache.hadoop.ipc.CallQueueManager.take(CallQueueManager.java:317)
        at org.apache.hadoop.ipc.Server$Handler.run(Server.java:2992)
"Hadoop-Metrics-Updater-0" daemon prio=5 tid=32 timed_waiting
java.lang.Thread.State: TIMED_WAITING
        at sun.misc.Unsafe.park(Native Method)
        at java.util.concurrent.locks.LockSupport.parkNanos(LockSupport.java:215)
        at java.util.concurrent.locks.AbstractQueuedSynchronizer$ConditionObject.awaitNanos(AbstractQueuedSynchronizer.java:2078)
        at java.util.concurrent.ScheduledThreadPoolExecutor$DelayedWorkQueue.take(ScheduledThreadPoolExecutor.java:1093)
        at java.util.concurrent.ScheduledThreadPoolExecutor$DelayedWorkQueue.take(ScheduledThreadPoolExecutor.java:809)
        at java.util.concurrent.ThreadPoolExecutor.getTask(ThreadPoolExecutor.java:1074)
        at java.util.concurrent.ThreadPoolExecutor.runWorker(ThreadPoolExecutor.java:1134)
        at java.util.concurrent.ThreadPoolExecutor$Worker.run(ThreadPoolExecutor.java:624)
        at java.lang.Thread.run(Thread.java:750)
"ContainerOp-fe8f8231-531f-40c6-a24e-b6dddc8024d4-6"  prio=5 tid=490 in Object.wait()
java.lang.Thread.State: WAITING (on object monitor)
        at sun.misc.Unsafe.park(Native Method)
        at java.util.concurrent.locks.LockSupport.park(LockSupport.java:175)
        at java.util.concurrent.locks.AbstractQueuedSynchronizer$ConditionObject.await(AbstractQueuedSynchronizer.java:2039)
        at java.util.concurrent.LinkedBlockingQueue.take(LinkedBlockingQueue.java:442)
        at java.util.concurrent.ThreadPoolExecutor.getTask(ThreadPoolExecutor.java:1074)
        at java.util.concurrent.ThreadPoolExecutor.runWorker(ThreadPoolExecutor.java:1134)
        at java.util.concurrent.ThreadPoolExecutor$Worker.run(ThreadPoolExecutor.java:624)
        at java.lang.Thread.run(Thread.java:750)
"grpc-default-executor-1" daemon prio=5 tid=347 timed_waiting
java.lang.Thread.State: TIMED_WAITING
        at sun.misc.Unsafe.park(Native Method)
        at java.util.concurrent.locks.LockSupport.parkNanos(LockSupport.java:215)
        at java.util.concurrent.SynchronousQueue$TransferStack.awaitFulfill(SynchronousQueue.java:460)
        at java.util.concurrent.SynchronousQueue$TransferStack.transfer(SynchronousQueue.java:362)
        at java.util.concurrent.SynchronousQueue.poll(SynchronousQueue.java:941)
        at java.util.concurrent.ThreadPoolExecutor.getTask(ThreadPoolExecutor.java:1073)
        at java.util.concurrent.ThreadPoolExecutor.runWorker(ThreadPoolExecutor.java:1134)
        at java.util.concurrent.ThreadPoolExecutor$Worker.run(ThreadPoolExecutor.java:624)
        at java.lang.Thread.run(Thread.java:750)
"pool-101-thread-1"  prio=5 tid=334 in Object.wait()
java.lang.Thread.State: WAITING (on object monitor)
        at sun.misc.Unsafe.park(Native Method)
        at java.util.concurrent.locks.LockSupport.park(LockSupport.java:175)
        at java.util.concurrent.locks.AbstractQueuedSynchronizer$ConditionObject.await(AbstractQueuedSynchronizer.java:2039)
        at java.util.concurrent.LinkedBlockingQueue.take(LinkedBlockingQueue.java:442)
        at java.util.concurrent.ThreadPoolExecutor.getTask(ThreadPoolExecutor.java:1074)
        at java.util.concurrent.ThreadPoolExecutor.runWorker(ThreadPoolExecutor.java:1134)
        at java.util.concurrent.ThreadPoolExecutor$Worker.run(ThreadPoolExecutor.java:624)
        at java.lang.Thread.run(Thread.java:750)
"EndpointStateMachine task thread for /0.0.0.0:37905 - 0 "  prio=5 tid=299 in Object.wait()
java.lang.Thread.State: WAITING (on object monitor)
        at sun.misc.Unsafe.park(Native Method)
        at java.util.concurrent.locks.LockSupport.park(LockSupport.java:175)
        at java.util.concurrent.locks.AbstractQueuedSynchronizer$ConditionObject.await(AbstractQueuedSynchronizer.java:2039)
        at java.util.concurrent.LinkedBlockingQueue.take(LinkedBlockingQueue.java:442)
        at java.util.concurrent.ThreadPoolExecutor.getTask(ThreadPoolExecutor.java:1074)
        at java.util.concurrent.ThreadPoolExecutor.runWorker(ThreadPoolExecutor.java:1134)
        at java.util.concurrent.ThreadPoolExecutor$Worker.run(ThreadPoolExecutor.java:624)
        at java.lang.Thread.run(Thread.java:750)
"IPC Server Responder" daemon prio=5 tid=137 runnable
java.lang.Thread.State: RUNNABLE
        at sun.nio.ch.EPollArrayWrapper.epollWait(Native Method)
        at sun.nio.ch.EPollArrayWrapper.poll(EPollArrayWrapper.java:269)
        at sun.nio.ch.EPollSelectorImpl.doSelect(EPollSelectorImpl.java:93)
        at sun.nio.ch.SelectorImpl.lockAndDoSelect(SelectorImpl.java:86)
        at sun.nio.ch.SelectorImpl.select(SelectorImpl.java:97)
        at org.apache.hadoop.ipc.Server$Responder.doRunLoop(Server.java:1578)
        at org.apache.hadoop.ipc.Server$Responder.run(Server.java:1561)
"ContainerOp-fe8f8231-531f-40c6-a24e-b6dddc8024d4-7"  prio=5 tid=492 in Object.wait()
java.lang.Thread.State: WAITING (on object monitor)
        at sun.misc.Unsafe.park(Native Method)
        at java.util.concurrent.locks.LockSupport.park(LockSupport.java:175)
        at java.util.concurrent.locks.AbstractQueuedSynchronizer$ConditionObject.await(AbstractQueuedSynchronizer.java:2039)
        at java.util.concurrent.LinkedBlockingQueue.take(LinkedBlockingQueue.java:442)
        at java.util.concurrent.ThreadPoolExecutor.getTask(ThreadPoolExecutor.java:1074)
        at java.util.concurrent.ThreadPoolExecutor.runWorker(ThreadPoolExecutor.java:1134)
        at java.util.concurrent.ThreadPoolExecutor$Worker.run(ThreadPoolExecutor.java:624)
        at java.lang.Thread.run(Thread.java:750)
"ContainerOp-cd8abe94-f173-4052-9509-b5bff1395f48-0"  prio=5 tid=427 in Object.wait()
java.lang.Thread.State: WAITING (on object monitor)
        at sun.misc.Unsafe.park(Native Method)
        at java.util.concurrent.locks.LockSupport.park(LockSupport.java:175)
        at java.util.concurrent.locks.AbstractQueuedSynchronizer$ConditionObject.await(AbstractQueuedSynchronizer.java:2039)
        at java.util.concurrent.LinkedBlockingQueue.take(LinkedBlockingQueue.java:442)
        at java.util.concurrent.ThreadPoolExecutor.getTask(ThreadPoolExecutor.java:1074)
        at java.util.concurrent.ThreadPoolExecutor.runWorker(ThreadPoolExecutor.java:1134)
        at java.util.concurrent.ThreadPoolExecutor$Worker.run(ThreadPoolExecutor.java:624)
        at java.lang.Thread.run(Thread.java:750)
"b1c57afc-121c-455c-bc43-4ffbee8e4677-server-thread1" daemon prio=5 tid=386 timed_waiting
java.lang.Thread.State: TIMED_WAITING
        at sun.misc.Unsafe.park(Native Method)
        at java.util.concurrent.locks.LockSupport.parkNanos(LockSupport.java:215)
        at java.util.concurrent.SynchronousQueue$TransferStack.awaitFulfill(SynchronousQueue.java:460)
        at java.util.concurrent.SynchronousQueue$TransferStack.transfer(SynchronousQueue.java:362)
        at java.util.concurrent.SynchronousQueue.poll(SynchronousQueue.java:941)
        at java.util.concurrent.ThreadPoolExecutor.getTask(ThreadPoolExecutor.java:1073)
        at java.util.concurrent.ThreadPoolExecutor.runWorker(ThreadPoolExecutor.java:1134)
        at java.util.concurrent.ThreadPoolExecutor$Worker.run(ThreadPoolExecutor.java:624)
        at java.lang.Thread.run(Thread.java:750)
"ContainerOp-cd8abe94-f173-4052-9509-b5bff1395f48-1"  prio=5 tid=431 in Object.wait()
java.lang.Thread.State: WAITING (on object monitor)
        at sun.misc.Unsafe.park(Native Method)
        at java.util.concurrent.locks.LockSupport.park(LockSupport.java:175)
        at java.util.concurrent.locks.AbstractQueuedSynchronizer$ConditionObject.await(AbstractQueuedSynchronizer.java:2039)
        at java.util.concurrent.LinkedBlockingQueue.take(LinkedBlockingQueue.java:442)
        at java.util.concurrent.ThreadPoolExecutor.getTask(ThreadPoolExecutor.java:1074)
        at java.util.concurrent.ThreadPoolExecutor.runWorker(ThreadPoolExecutor.java:1134)
        at java.util.concurrent.ThreadPoolExecutor$Worker.run(ThreadPoolExecutor.java:624)
        at java.lang.Thread.run(Thread.java:750)
"BlockDeletingService#3" daemon prio=5 tid=650 in Object.wait()
java.lang.Thread.State: WAITING (on object monitor)
        at sun.misc.Unsafe.park(Native Method)
        at java.util.concurrent.locks.LockSupport.park(LockSupport.java:175)
        at java.util.concurrent.locks.AbstractQueuedSynchronizer$ConditionObject.await(AbstractQueuedSynchronizer.java:2039)
        at java.util.concurrent.ScheduledThreadPoolExecutor$DelayedWorkQueue.take(ScheduledThreadPoolExecutor.java:1088)
        at java.util.concurrent.ScheduledThreadPoolExecutor$DelayedWorkQueue.take(ScheduledThreadPoolExecutor.java:809)
        at java.util.concurrent.ThreadPoolExecutor.getTask(ThreadPoolExecutor.java:1074)
        at java.util.concurrent.ThreadPoolExecutor.runWorker(ThreadPoolExecutor.java:1134)
        at java.util.concurrent.ThreadPoolExecutor$Worker.run(ThreadPoolExecutor.java:624)
        at java.lang.Thread.run(Thread.java:750)
"IPC Server handler 6 on default port 45463" daemon prio=5 tid=167 timed_waiting
java.lang.Thread.State: TIMED_WAITING
        at sun.misc.Unsafe.park(Native Method)
        at java.util.concurrent.locks.LockSupport.parkNanos(LockSupport.java:215)
        at java.util.concurrent.locks.AbstractQueuedSynchronizer$ConditionObject.awaitNanos(AbstractQueuedSynchronizer.java:2078)
        at java.util.concurrent.LinkedBlockingQueue.poll(LinkedBlockingQueue.java:467)
        at org.apache.hadoop.ipc.CallQueueManager.take(CallQueueManager.java:317)
        at org.apache.hadoop.ipc.Server$Handler.run(Server.java:2992)
"org.apache.hadoop.util.JvmPauseMonitor$Monitor@66c10c43" daemon prio=5 tid=181 timed_waiting
java.lang.Thread.State: TIMED_WAITING
        at java.lang.Thread.sleep(Native Method)
        at org.apache.hadoop.util.JvmPauseMonitor$Monitor.run(JvmPauseMonitor.java:192)
        at java.lang.Thread.run(Thread.java:750)
"Datanode ReportManager Thread - 3" daemon prio=5 tid=207 timed_waiting
java.lang.Thread.State: TIMED_WAITING
        at sun.misc.Unsafe.park(Native Method)
        at java.util.concurrent.locks.LockSupport.parkNanos(LockSupport.java:215)
        at java.util.concurrent.locks.AbstractQueuedSynchronizer$ConditionObject.awaitNanos(AbstractQueuedSynchronizer.java:2078)
        at java.util.concurrent.ScheduledThreadPoolExecutor$DelayedWorkQueue.take(ScheduledThreadPoolExecutor.java:1093)
        at java.util.concurrent.ScheduledThreadPoolExecutor$DelayedWorkQueue.take(ScheduledThreadPoolExecutor.java:809)
        at java.util.concurrent.ThreadPoolExecutor.getTask(ThreadPoolExecutor.java:1074)
        at java.util.concurrent.ThreadPoolExecutor.runWorker(ThreadPoolExecutor.java:1134)
        at java.util.concurrent.ThreadPoolExecutor$Worker.run(ThreadPoolExecutor.java:624)
        at java.lang.Thread.run(Thread.java:750)
"IPC Server handler 6 on default port 37905" daemon prio=5 tid=95 timed_waiting
java.lang.Thread.State: TIMED_WAITING
        at sun.misc.Unsafe.park(Native Method)
        at java.util.concurrent.locks.LockSupport.parkNanos(LockSupport.java:215)
        at java.util.concurrent.locks.AbstractQueuedSynchronizer$ConditionObject.awaitNanos(AbstractQueuedSynchronizer.java:2078)
        at java.util.concurrent.LinkedBlockingQueue.poll(LinkedBlockingQueue.java:467)
        at org.apache.hadoop.ipc.CallQueueManager.take(CallQueueManager.java:317)
        at org.apache.hadoop.ipc.Server$Handler.run(Server.java:2992)
"BlockDeletingService#5" daemon prio=5 tid=671 in Object.wait()
java.lang.Thread.State: WAITING (on object monitor)
        at sun.misc.Unsafe.park(Native Method)
        at java.util.concurrent.locks.LockSupport.park(LockSupport.java:175)
        at java.util.concurrent.locks.AbstractQueuedSynchronizer$ConditionObject.await(AbstractQueuedSynchronizer.java:2039)
        at java.util.concurrent.ScheduledThreadPoolExecutor$DelayedWorkQueue.take(ScheduledThreadPoolExecutor.java:1088)
        at java.util.concurrent.ScheduledThreadPoolExecutor$DelayedWorkQueue.take(ScheduledThreadPoolExecutor.java:809)
        at java.util.concurrent.ThreadPoolExecutor.getTask(ThreadPoolExecutor.java:1074)
        at java.util.concurrent.ThreadPoolExecutor.runWorker(ThreadPoolExecutor.java:1134)
        at java.util.concurrent.ThreadPoolExecutor$Worker.run(ThreadPoolExecutor.java:624)
        at java.lang.Thread.run(Thread.java:750)
"Datanode ReportManager Thread - 0" daemon prio=5 tid=231 in Object.wait()
java.lang.Thread.State: WAITING (on object monitor)
        at sun.misc.Unsafe.park(Native Method)
        at java.util.concurrent.locks.LockSupport.park(LockSupport.java:175)
        at java.util.concurrent.locks.AbstractQueuedSynchronizer$ConditionObject.await(AbstractQueuedSynchronizer.java:2039)
        at java.util.concurrent.ScheduledThreadPoolExecutor$DelayedWorkQueue.take(ScheduledThreadPoolExecutor.java:1088)
        at java.util.concurrent.ScheduledThreadPoolExecutor$DelayedWorkQueue.take(ScheduledThreadPoolExecutor.java:809)
        at java.util.concurrent.ThreadPoolExecutor.getTask(ThreadPoolExecutor.java:1074)
        at java.util.concurrent.ThreadPoolExecutor.runWorker(ThreadPoolExecutor.java:1134)
        at java.util.concurrent.ThreadPoolExecutor$Worker.run(ThreadPoolExecutor.java:624)
        at java.lang.Thread.run(Thread.java:750)
"IPC Server handler 1 on default port 45463" daemon prio=5 tid=162 timed_waiting
java.lang.Thread.State: TIMED_WAITING
        at sun.misc.Unsafe.park(Native Method)
        at java.util.concurrent.locks.LockSupport.parkNanos(LockSupport.java:215)
        at java.util.concurrent.locks.AbstractQueuedSynchronizer$ConditionObject.awaitNanos(AbstractQueuedSynchronizer.java:2078)
        at java.util.concurrent.LinkedBlockingQueue.poll(LinkedBlockingQueue.java:467)
        at org.apache.hadoop.ipc.CallQueueManager.take(CallQueueManager.java:317)
        at org.apache.hadoop.ipc.Server$Handler.run(Server.java:2992)
"qtp189945097-193-acceptor-0@1ba76fd0-ServerConnector@74061bd1{HTTP/1.1, (http/1.1)}{0.0.0.0:42197}" daemon prio=3 tid=193 runnable
java.lang.Thread.State: RUNNABLE
        at sun.nio.ch.ServerSocketChannelImpl.accept0(Native Method)
        at sun.nio.ch.ServerSocketChannelImpl.accept(ServerSocketChannelImpl.java:421)
        at sun.nio.ch.ServerSocketChannelImpl.accept(ServerSocketChannelImpl.java:249)
        at org.eclipse.jetty.server.ServerConnector.accept(ServerConnector.java:388)
        at org.eclipse.jetty.server.AbstractConnector$Acceptor.run(AbstractConnector.java:704)
        at org.eclipse.jetty.util.thread.QueuedThreadPool.runJob(QueuedThreadPool.java:883)
        at org.eclipse.jetty.util.thread.QueuedThreadPool$Runner.run(QueuedThreadPool.java:1034)
        at java.lang.Thread.run(Thread.java:750)
"ContainerOp-cd8abe94-f173-4052-9509-b5bff1395f48-4"  prio=5 tid=452 in Object.wait()
java.lang.Thread.State: WAITING (on object monitor)
        at sun.misc.Unsafe.park(Native Method)
        at java.util.concurrent.locks.LockSupport.park(LockSupport.java:175)
        at java.util.concurrent.locks.AbstractQueuedSynchronizer$ConditionObject.await(AbstractQueuedSynchronizer.java:2039)
        at java.util.concurrent.LinkedBlockingQueue.take(LinkedBlockingQueue.java:442)
        at java.util.concurrent.ThreadPoolExecutor.getTask(ThreadPoolExecutor.java:1074)
        at java.util.concurrent.ThreadPoolExecutor.runWorker(ThreadPoolExecutor.java:1134)
        at java.util.concurrent.ThreadPoolExecutor$Worker.run(ThreadPoolExecutor.java:624)
        at java.lang.Thread.run(Thread.java:750)
"IPC Server handler 15 on default port 36647" daemon prio=5 tid=64 timed_waiting
java.lang.Thread.State: TIMED_WAITING
        at sun.misc.Unsafe.park(Native Method)
        at java.util.concurrent.locks.LockSupport.parkNanos(LockSupport.java:215)
        at java.util.concurrent.locks.AbstractQueuedSynchronizer$ConditionObject.awaitNanos(AbstractQueuedSynchronizer.java:2078)
        at java.util.concurrent.LinkedBlockingQueue.poll(LinkedBlockingQueue.java:467)
        at org.apache.hadoop.ipc.CallQueueManager.take(CallQueueManager.java:317)
        at org.apache.hadoop.ipc.Server$Handler.run(Server.java:2992)
"Datanode ReportManager Thread - 1" daemon prio=5 tid=232 timed_waiting
java.lang.Thread.State: TIMED_WAITING
        at sun.misc.Unsafe.park(Native Method)
        at java.util.concurrent.locks.LockSupport.parkNanos(LockSupport.java:215)
        at java.util.concurrent.locks.AbstractQueuedSynchronizer$ConditionObject.awaitNanos(AbstractQueuedSynchronizer.java:2078)
        at java.util.concurrent.ScheduledThreadPoolExecutor$DelayedWorkQueue.take(ScheduledThreadPoolExecutor.java:1093)
        at java.util.concurrent.ScheduledThreadPoolExecutor$DelayedWorkQueue.take(ScheduledThreadPoolExecutor.java:809)
        at java.util.concurrent.ThreadPoolExecutor.getTask(ThreadPoolExecutor.java:1074)
        at java.util.concurrent.ThreadPoolExecutor.runWorker(ThreadPoolExecutor.java:1134)
        at java.util.concurrent.ThreadPoolExecutor$Worker.run(ThreadPoolExecutor.java:624)
        at java.lang.Thread.run(Thread.java:750)
"om1@group-C5BA1605619E-StateMachineUpdater" daemon prio=5 tid=142 timed_waiting
java.lang.Thread.State: TIMED_WAITING
        at sun.misc.Unsafe.park(Native Method)
        at java.util.concurrent.locks.LockSupport.parkNanos(LockSupport.java:215)
        at java.util.concurrent.locks.AbstractQueuedSynchronizer$ConditionObject.await(AbstractQueuedSynchronizer.java:2163)
        at org.apache.ratis.util.AwaitForSignal.await(AwaitForSignal.java:62)
        at org.apache.ratis.server.impl.StateMachineUpdater.waitForCommit(StateMachineUpdater.java:207)
        at org.apache.ratis.server.impl.StateMachineUpdater.run(StateMachineUpdater.java:176)
        at java.lang.Thread.run(Thread.java:750)
"om1-client-thread1" daemon prio=5 tid=266 timed_waiting
java.lang.Thread.State: TIMED_WAITING
        at sun.misc.Unsafe.park(Native Method)
        at java.util.concurrent.locks.LockSupport.parkNanos(LockSupport.java:215)
        at java.util.concurrent.SynchronousQueue$TransferStack.awaitFulfill(SynchronousQueue.java:460)
        at java.util.concurrent.SynchronousQueue$TransferStack.transfer(SynchronousQueue.java:362)
        at java.util.concurrent.SynchronousQueue.poll(SynchronousQueue.java:941)
        at java.util.concurrent.ThreadPoolExecutor.getTask(ThreadPoolExecutor.java:1073)
        at java.util.concurrent.ThreadPoolExecutor.runWorker(ThreadPoolExecutor.java:1134)
        at java.util.concurrent.ThreadPoolExecutor$Worker.run(ThreadPoolExecutor.java:624)
        at java.lang.Thread.run(Thread.java:750)
"EventQueue-NodeReportForNodeReportHandler" daemon prio=5 tid=642 in Object.wait()
java.lang.Thread.State: WAITING (on object monitor)
        at sun.misc.Unsafe.park(Native Method)
        at java.util.concurrent.locks.LockSupport.park(LockSupport.java:175)
        at java.util.concurrent.locks.AbstractQueuedSynchronizer$ConditionObject.await(AbstractQueuedSynchronizer.java:2039)
        at java.util.concurrent.LinkedBlockingQueue.take(LinkedBlockingQueue.java:442)
        at java.util.concurrent.ThreadPoolExecutor.getTask(ThreadPoolExecutor.java:1074)
        at java.util.concurrent.ThreadPoolExecutor.runWorker(ThreadPoolExecutor.java:1134)
        at java.util.concurrent.ThreadPoolExecutor$Worker.run(ThreadPoolExecutor.java:624)
        at java.lang.Thread.run(Thread.java:750)
"om1@group-C5BA1605619E-LeaderStateImpl" daemon prio=5 tid=202 timed_waiting
java.lang.Thread.State: TIMED_WAITING
        at sun.misc.Unsafe.park(Native Method)
        at java.util.concurrent.locks.LockSupport.parkNanos(LockSupport.java:215)
        at java.util.concurrent.locks.AbstractQueuedSynchronizer$ConditionObject.awaitNanos(AbstractQueuedSynchronizer.java:2078)
        at java.util.concurrent.ArrayBlockingQueue.poll(ArrayBlockingQueue.java:418)
        at org.apache.ratis.server.impl.LeaderStateImpl$EventQueue.poll(LeaderStateImpl.java:159)
        at org.apache.ratis.server.impl.LeaderStateImpl$EventProcessor.run(LeaderStateImpl.java:630)
"qtp189945097-195" daemon prio=5 tid=195 timed_waiting
java.lang.Thread.State: TIMED_WAITING
        at sun.misc.Unsafe.park(Native Method)
        at java.util.concurrent.locks.LockSupport.parkNanos(LockSupport.java:215)
        at java.util.concurrent.locks.AbstractQueuedSynchronizer$ConditionObject.awaitNanos(AbstractQueuedSynchronizer.java:2078)
        at org.eclipse.jetty.util.BlockingArrayQueue.poll(BlockingArrayQueue.java:382)
        at org.eclipse.jetty.util.thread.QueuedThreadPool$Runner.idleJobPoll(QueuedThreadPool.java:974)
        at org.eclipse.jetty.util.thread.QueuedThreadPool$Runner.run(QueuedThreadPool.java:1018)
        at java.lang.Thread.run(Thread.java:750)
"Datanode ReportManager Thread - 2" daemon prio=5 tid=233 in Object.wait()
java.lang.Thread.State: WAITING (on object monitor)
        at sun.misc.Unsafe.park(Native Method)
        at java.util.concurrent.locks.LockSupport.park(LockSupport.java:175)
        at java.util.concurrent.locks.AbstractQueuedSynchronizer$ConditionObject.await(AbstractQueuedSynchronizer.java:2039)
        at java.util.concurrent.ScheduledThreadPoolExecutor$DelayedWorkQueue.take(ScheduledThreadPoolExecutor.java:1088)
        at java.util.concurrent.ScheduledThreadPoolExecutor$DelayedWorkQueue.take(ScheduledThreadPoolExecutor.java:809)
        at java.util.concurrent.ThreadPoolExecutor.getTask(ThreadPoolExecutor.java:1074)
        at java.util.concurrent.ThreadPoolExecutor.runWorker(ThreadPoolExecutor.java:1134)
        at java.util.concurrent.ThreadPoolExecutor$Worker.run(ThreadPoolExecutor.java:624)
        at java.lang.Thread.run(Thread.java:750)
"qtp1652609556-224" daemon prio=5 tid=224 timed_waiting
java.lang.Thread.State: TIMED_WAITING
        at sun.misc.Unsafe.park(Native Method)
        at java.util.concurrent.locks.LockSupport.parkNanos(LockSupport.java:215)
        at java.util.concurrent.locks.AbstractQueuedSynchronizer$ConditionObject.awaitNanos(AbstractQueuedSynchronizer.java:2078)
        at org.eclipse.jetty.util.BlockingArrayQueue.poll(BlockingArrayQueue.java:382)
        at org.eclipse.jetty.util.thread.QueuedThreadPool$Runner.idleJobPoll(QueuedThreadPool.java:974)
        at org.eclipse.jetty.util.thread.QueuedThreadPool$Runner.run(QueuedThreadPool.java:1018)
        at java.lang.Thread.run(Thread.java:750)
"FixedThreadPoolWithAffinityExecutor-2-0" daemon prio=5 tid=40 timed_waiting
java.lang.Thread.State: TIMED_WAITING
        at sun.misc.Unsafe.park(Native Method)
        at java.util.concurrent.locks.LockSupport.parkNanos(LockSupport.java:215)
        at java.util.concurrent.locks.AbstractQueuedSynchronizer$ConditionObject.awaitNanos(AbstractQueuedSynchronizer.java:2078)
        at java.util.concurrent.LinkedBlockingQueue.poll(LinkedBlockingQueue.java:467)
        at org.apache.hadoop.hdds.scm.server.ContainerReportQueue.poll(ContainerReportQueue.java:266)
        at org.apache.hadoop.hdds.scm.server.ContainerReportQueue.poll(ContainerReportQueue.java:42)
        at org.apache.hadoop.hdds.server.events.FixedThreadPoolWithAffinityExecutor$ContainerReportProcessTask.run(FixedThreadPoolWithAffinityExecutor.java:247)
        at java.util.concurrent.Executors$RunnableAdapter.call(Executors.java:511)
        at java.util.concurrent.FutureTask.run(FutureTask.java:266)
        at java.util.concurrent.ThreadPoolExecutor.runWorker(ThreadPoolExecutor.java:1149)
        at java.util.concurrent.ThreadPoolExecutor$Worker.run(ThreadPoolExecutor.java:624)
        at java.lang.Thread.run(Thread.java:750)
"BlockDeletingService#0" daemon prio=5 tid=306 in Object.wait()
java.lang.Thread.State: WAITING (on object monitor)
        at sun.misc.Unsafe.park(Native Method)
        at java.util.concurrent.locks.LockSupport.park(LockSupport.java:175)
        at java.util.concurrent.locks.AbstractQueuedSynchronizer$ConditionObject.await(AbstractQueuedSynchronizer.java:2039)
        at java.util.concurrent.ScheduledThreadPoolExecutor$DelayedWorkQueue.take(ScheduledThreadPoolExecutor.java:1088)
        at java.util.concurrent.ScheduledThreadPoolExecutor$DelayedWorkQueue.take(ScheduledThreadPoolExecutor.java:809)
        at java.util.concurrent.ThreadPoolExecutor.getTask(ThreadPoolExecutor.java:1074)
        at java.util.concurrent.ThreadPoolExecutor.runWorker(ThreadPoolExecutor.java:1134)
        at java.util.concurrent.ThreadPoolExecutor$Worker.run(ThreadPoolExecutor.java:624)
        at java.lang.Thread.run(Thread.java:750)
"IPC Server handler 5 on default port 37905" daemon prio=5 tid=94 timed_waiting
java.lang.Thread.State: TIMED_WAITING
        at sun.misc.Unsafe.park(Native Method)
        at java.util.concurrent.locks.LockSupport.parkNanos(LockSupport.java:215)
        at java.util.concurrent.locks.AbstractQueuedSynchronizer$ConditionObject.awaitNanos(AbstractQueuedSynchronizer.java:2078)
        at java.util.concurrent.LinkedBlockingQueue.poll(LinkedBlockingQueue.java:467)
        at org.apache.hadoop.ipc.CallQueueManager.take(CallQueueManager.java:317)
        at org.apache.hadoop.ipc.Server$Handler.run(Server.java:2992)
"FixedThreadPoolWithAffinityExecutor-8-0" daemon prio=5 tid=46 timed_waiting
java.lang.Thread.State: TIMED_WAITING
        at sun.misc.Unsafe.park(Native Method)
        at java.util.concurrent.locks.LockSupport.parkNanos(LockSupport.java:215)
        at java.util.concurrent.locks.AbstractQueuedSynchronizer$ConditionObject.awaitNanos(AbstractQueuedSynchronizer.java:2078)
        at java.util.concurrent.LinkedBlockingQueue.poll(LinkedBlockingQueue.java:467)
        at org.apache.hadoop.hdds.scm.server.ContainerReportQueue.poll(ContainerReportQueue.java:266)
        at org.apache.hadoop.hdds.scm.server.ContainerReportQueue.poll(ContainerReportQueue.java:42)
        at org.apache.hadoop.hdds.server.events.FixedThreadPoolWithAffinityExecutor$ContainerReportProcessTask.run(FixedThreadPoolWithAffinityExecutor.java:247)
        at java.util.concurrent.Executors$RunnableAdapter.call(Executors.java:511)
        at java.util.concurrent.FutureTask.run(FutureTask.java:266)
        at java.util.concurrent.ThreadPoolExecutor.runWorker(ThreadPoolExecutor.java:1149)
        at java.util.concurrent.ThreadPoolExecutor$Worker.run(ThreadPoolExecutor.java:624)
        at java.lang.Thread.run(Thread.java:750)
"StaleRecoveringContainerScrubbingService#2" daemon prio=5 tid=648 in Object.wait()
java.lang.Thread.State: WAITING (on object monitor)
        at sun.misc.Unsafe.park(Native Method)
        at java.util.concurrent.locks.LockSupport.park(LockSupport.java:175)
        at java.util.concurrent.locks.AbstractQueuedSynchronizer$ConditionObject.await(AbstractQueuedSynchronizer.java:2039)
        at java.util.concurrent.ScheduledThreadPoolExecutor$DelayedWorkQueue.take(ScheduledThreadPoolExecutor.java:1088)
        at java.util.concurrent.ScheduledThreadPoolExecutor$DelayedWorkQueue.take(ScheduledThreadPoolExecutor.java:809)
        at java.util.concurrent.ThreadPoolExecutor.getTask(ThreadPoolExecutor.java:1074)
        at java.util.concurrent.ThreadPoolExecutor.runWorker(ThreadPoolExecutor.java:1134)
        at java.util.concurrent.ThreadPoolExecutor$Worker.run(ThreadPoolExecutor.java:624)
        at java.lang.Thread.run(Thread.java:750)
"4bcfc98d-1351-440f-af15-56158ce83d77@group-88854C34A86D-LeaderStateImpl" daemon prio=5 tid=379 timed_waiting
java.lang.Thread.State: TIMED_WAITING
        at sun.misc.Unsafe.park(Native Method)
        at java.util.concurrent.locks.LockSupport.parkNanos(LockSupport.java:215)
        at java.util.concurrent.locks.AbstractQueuedSynchronizer$ConditionObject.awaitNanos(AbstractQueuedSynchronizer.java:2078)
        at java.util.concurrent.ArrayBlockingQueue.poll(ArrayBlockingQueue.java:418)
        at org.apache.ratis.server.impl.LeaderStateImpl$EventQueue.poll(LeaderStateImpl.java:159)
        at org.apache.ratis.server.impl.LeaderStateImpl$EventProcessor.run(LeaderStateImpl.java:630)
"qtp189945097-197" daemon prio=5 tid=197 timed_waiting
java.lang.Thread.State: TIMED_WAITING
        at sun.misc.Unsafe.park(Native Method)
        at java.util.concurrent.locks.LockSupport.parkNanos(LockSupport.java:215)
        at java.util.concurrent.locks.AbstractQueuedSynchronizer$ConditionObject.awaitNanos(AbstractQueuedSynchronizer.java:2078)
        at org.eclipse.jetty.util.BlockingArrayQueue.poll(BlockingArrayQueue.java:382)
        at org.eclipse.jetty.util.thread.QueuedThreadPool$Runner.idleJobPoll(QueuedThreadPool.java:974)
        at org.eclipse.jetty.util.thread.QueuedThreadPool$Runner.run(QueuedThreadPool.java:1018)
        at java.lang.Thread.run(Thread.java:750)
"ChunkWriter-1-0" daemon prio=5 tid=289 in Object.wait()
java.lang.Thread.State: WAITING (on object monitor)
        at sun.misc.Unsafe.park(Native Method)
        at java.util.concurrent.locks.LockSupport.park(LockSupport.java:175)
        at java.util.concurrent.locks.AbstractQueuedSynchronizer$ConditionObject.await(AbstractQueuedSynchronizer.java:2039)
        at java.util.concurrent.LinkedBlockingDeque.takeFirst(LinkedBlockingDeque.java:492)
        at java.util.concurrent.LinkedBlockingDeque.take(LinkedBlockingDeque.java:680)
        at java.util.concurrent.ThreadPoolExecutor.getTask(ThreadPoolExecutor.java:1074)
        at java.util.concurrent.ThreadPoolExecutor.runWorker(ThreadPoolExecutor.java:1134)
        at java.util.concurrent.ThreadPoolExecutor$Worker.run(ThreadPoolExecutor.java:624)
        at java.lang.Thread.run(Thread.java:750)
"IPC Server handler 3 on default port 36647" daemon prio=5 tid=52 timed_waiting
java.lang.Thread.State: TIMED_WAITING
        at sun.misc.Unsafe.park(Native Method)
        at java.util.concurrent.locks.LockSupport.parkNanos(LockSupport.java:215)
        at java.util.concurrent.locks.AbstractQueuedSynchronizer$ConditionObject.awaitNanos(AbstractQueuedSynchronizer.java:2078)
        at java.util.concurrent.LinkedBlockingQueue.poll(LinkedBlockingQueue.java:467)
        at org.apache.hadoop.ipc.CallQueueManager.take(CallQueueManager.java:317)
        at org.apache.hadoop.ipc.Server$Handler.run(Server.java:2992)
"ChunkReader-ELG-0" daemon prio=5 tid=305 runnable
java.lang.Thread.State: RUNNABLE
        at org.apache.ratis.thirdparty.io.netty.channel.epoll.Native.epollWait(Native Method)
        at org.apache.ratis.thirdparty.io.netty.channel.epoll.Native.epollWait(Native.java:209)
        at org.apache.ratis.thirdparty.io.netty.channel.epoll.Native.epollWait(Native.java:202)
        at org.apache.ratis.thirdparty.io.netty.channel.epoll.EpollEventLoop.epollWaitNoTimerChange(EpollEventLoop.java:294)
        at org.apache.ratis.thirdparty.io.netty.channel.epoll.EpollEventLoop.run(EpollEventLoop.java:351)
        at org.apache.ratis.thirdparty.io.netty.util.concurrent.SingleThreadEventExecutor$4.run(SingleThreadEventExecutor.java:995)
        at org.apache.ratis.thirdparty.io.netty.util.internal.ThreadExecutorMap$2.run(ThreadExecutorMap.java:74)
        at java.lang.Thread.run(Thread.java:750)
"IPC Server handler 12 on default port 45463" daemon prio=5 tid=173 timed_waiting
java.lang.Thread.State: TIMED_WAITING
        at sun.misc.Unsafe.park(Native Method)
        at java.util.concurrent.locks.LockSupport.parkNanos(LockSupport.java:215)
        at java.util.concurrent.locks.AbstractQueuedSynchronizer$ConditionObject.awaitNanos(AbstractQueuedSynchronizer.java:2078)
        at java.util.concurrent.LinkedBlockingQueue.poll(LinkedBlockingQueue.java:467)
        at org.apache.hadoop.ipc.CallQueueManager.take(CallQueueManager.java:317)
        at org.apache.hadoop.ipc.Server$Handler.run(Server.java:2992)
"qtp189945097-194" daemon prio=5 tid=194 timed_waiting
java.lang.Thread.State: TIMED_WAITING
        at sun.misc.Unsafe.park(Native Method)
        at java.util.concurrent.locks.LockSupport.parkNanos(LockSupport.java:215)
        at java.util.concurrent.locks.AbstractQueuedSynchronizer$ConditionObject.awaitNanos(AbstractQueuedSynchronizer.java:2078)
        at org.eclipse.jetty.util.BlockingArrayQueue.poll(BlockingArrayQueue.java:382)
        at org.eclipse.jetty.util.thread.QueuedThreadPool$Runner.idleJobPoll(QueuedThreadPool.java:974)
        at org.eclipse.jetty.util.thread.QueuedThreadPool$Runner.run(QueuedThreadPool.java:1018)
        at java.lang.Thread.run(Thread.java:750)
"21b868c3-9969-4e13-ad52-9b0ac48fd138@group-B6DDDC8024D4-FollowerState" daemon prio=5 tid=373 timed_waiting
java.lang.Thread.State: TIMED_WAITING
        at java.lang.Thread.sleep(Native Method)
        at java.lang.Thread.sleep(Thread.java:342)
        at java.util.concurrent.TimeUnit.sleep(TimeUnit.java:386)
        at org.apache.ratis.util.TimeDuration.sleep(TimeDuration.java:325)
        at org.apache.ratis.util.TimeDuration.sleep(TimeDuration.java:310)
        at org.apache.ratis.server.impl.FollowerState.run(FollowerState.java:128)
"4bcfc98d-1351-440f-af15-56158ce83d77@group-B6DDDC8024D4-SegmentedRaftLogWorker"  prio=5 tid=339 timed_waiting
java.lang.Thread.State: TIMED_WAITING
        at sun.misc.Unsafe.park(Native Method)
        at java.util.concurrent.locks.LockSupport.parkNanos(LockSupport.java:215)
        at java.util.concurrent.locks.AbstractQueuedSynchronizer$ConditionObject.awaitNanos(AbstractQueuedSynchronizer.java:2078)
        at org.apache.ratis.util.DataBlockingQueue.poll(DataBlockingQueue.java:148)
        at org.apache.ratis.server.raftlog.segmented.SegmentedRaftLogWorker.run(SegmentedRaftLogWorker.java:312)
        at org.apache.ratis.server.raftlog.segmented.SegmentedRaftLogWorker$$Lambda$686/78095376.run(Unknown Source)
        at java.lang.Thread.run(Thread.java:750)
"ContainerOp-cd8abe94-f173-4052-9509-b5bff1395f48-8"  prio=5 tid=481 in Object.wait()
java.lang.Thread.State: WAITING (on object monitor)
        at sun.misc.Unsafe.park(Native Method)
        at java.util.concurrent.locks.LockSupport.park(LockSupport.java:175)
        at java.util.concurrent.locks.AbstractQueuedSynchronizer$ConditionObject.await(AbstractQueuedSynchronizer.java:2039)
        at java.util.concurrent.LinkedBlockingQueue.take(LinkedBlockingQueue.java:442)
        at java.util.concurrent.ThreadPoolExecutor.getTask(ThreadPoolExecutor.java:1074)
        at java.util.concurrent.ThreadPoolExecutor.runWorker(ThreadPoolExecutor.java:1134)
        at java.util.concurrent.ThreadPoolExecutor$Worker.run(ThreadPoolExecutor.java:624)
        at java.lang.Thread.run(Thread.java:750)
"ChunkWriter-2-0" daemon prio=5 tid=278 in Object.wait()
java.lang.Thread.State: WAITING (on object monitor)
        at sun.misc.Unsafe.park(Native Method)
        at java.util.concurrent.locks.LockSupport.park(LockSupport.java:175)
        at java.util.concurrent.locks.AbstractQueuedSynchronizer$ConditionObject.await(AbstractQueuedSynchronizer.java:2039)
        at java.util.concurrent.LinkedBlockingDeque.takeFirst(LinkedBlockingDeque.java:492)
        at java.util.concurrent.LinkedBlockingDeque.take(LinkedBlockingDeque.java:680)
        at java.util.concurrent.ThreadPoolExecutor.getTask(ThreadPoolExecutor.java:1074)
        at java.util.concurrent.ThreadPoolExecutor.runWorker(ThreadPoolExecutor.java:1134)
        at java.util.concurrent.ThreadPoolExecutor$Worker.run(ThreadPoolExecutor.java:624)
        at java.lang.Thread.run(Thread.java:750)
"Socket Reader #1 for port 0"  prio=5 tid=29 runnable
java.lang.Thread.State: RUNNABLE
        at sun.nio.ch.EPollArrayWrapper.epollWait(Native Method)
        at sun.nio.ch.EPollArrayWrapper.poll(EPollArrayWrapper.java:269)
        at sun.nio.ch.EPollSelectorImpl.doSelect(EPollSelectorImpl.java:93)
        at sun.nio.ch.SelectorImpl.lockAndDoSelect(SelectorImpl.java:86)
        at sun.nio.ch.SelectorImpl.select(SelectorImpl.java:97)
        at sun.nio.ch.SelectorImpl.select(SelectorImpl.java:101)
        at org.apache.hadoop.ipc.Server$Listener$Reader.doRunLoop(Server.java:1342)
        at org.apache.hadoop.ipc.Server$Listener$Reader.run(Server.java:1321)
"qtp527477577-249-acceptor-0@1b4b403b-ServerConnector@1106b71{HTTP/1.1, (http/1.1)}{0.0.0.0:34495}" daemon prio=3 tid=249 runnable
java.lang.Thread.State: RUNNABLE
        at sun.nio.ch.ServerSocketChannelImpl.accept0(Native Method)
        at sun.nio.ch.ServerSocketChannelImpl.accept(ServerSocketChannelImpl.java:421)
        at sun.nio.ch.ServerSocketChannelImpl.accept(ServerSocketChannelImpl.java:249)
        at org.eclipse.jetty.server.ServerConnector.accept(ServerConnector.java:388)
        at org.eclipse.jetty.server.AbstractConnector$Acceptor.run(AbstractConnector.java:704)
        at org.eclipse.jetty.util.thread.QueuedThreadPool.runJob(QueuedThreadPool.java:883)
        at org.eclipse.jetty.util.thread.QueuedThreadPool$Runner.run(QueuedThreadPool.java:1034)
        at java.lang.Thread.run(Thread.java:750)
"IPC Server handler 0 on default port 45463" daemon prio=5 tid=161 timed_waiting
java.lang.Thread.State: TIMED_WAITING
        at sun.misc.Unsafe.park(Native Method)
        at java.util.concurrent.locks.LockSupport.parkNanos(LockSupport.java:215)
        at java.util.concurrent.locks.AbstractQueuedSynchronizer$ConditionObject.awaitNanos(AbstractQueuedSynchronizer.java:2078)
        at java.util.concurrent.LinkedBlockingQueue.poll(LinkedBlockingQueue.java:467)
        at org.apache.hadoop.ipc.CallQueueManager.take(CallQueueManager.java:317)
        at org.apache.hadoop.ipc.Server$Handler.run(Server.java:2992)
"StaleRecoveringContainerScrubbingService#4" daemon prio=5 tid=663 in Object.wait()
java.lang.Thread.State: WAITING (on object monitor)
        at sun.misc.Unsafe.park(Native Method)
        at java.util.concurrent.locks.LockSupport.park(LockSupport.java:175)
        at java.util.concurrent.locks.AbstractQueuedSynchronizer$ConditionObject.await(AbstractQueuedSynchronizer.java:2039)
        at java.util.concurrent.ScheduledThreadPoolExecutor$DelayedWorkQueue.take(ScheduledThreadPoolExecutor.java:1088)
        at java.util.concurrent.ScheduledThreadPoolExecutor$DelayedWorkQueue.take(ScheduledThreadPoolExecutor.java:809)
        at java.util.concurrent.ThreadPoolExecutor.getTask(ThreadPoolExecutor.java:1074)
        at java.util.concurrent.ThreadPoolExecutor.runWorker(ThreadPoolExecutor.java:1134)
        at java.util.concurrent.ThreadPoolExecutor$Worker.run(ThreadPoolExecutor.java:624)
        at java.lang.Thread.run(Thread.java:750)
"BlockDeletingService#4" daemon prio=5 tid=664 in Object.wait()
java.lang.Thread.State: WAITING (on object monitor)
        at sun.misc.Unsafe.park(Native Method)
        at java.util.concurrent.locks.LockSupport.park(LockSupport.java:175)
        at java.util.concurrent.locks.AbstractQueuedSynchronizer$ConditionObject.await(AbstractQueuedSynchronizer.java:2039)
        at java.util.concurrent.ScheduledThreadPoolExecutor$DelayedWorkQueue.take(ScheduledThreadPoolExecutor.java:1088)
        at java.util.concurrent.ScheduledThreadPoolExecutor$DelayedWorkQueue.take(ScheduledThreadPoolExecutor.java:809)
        at java.util.concurrent.ThreadPoolExecutor.getTask(ThreadPoolExecutor.java:1074)
        at java.util.concurrent.ThreadPoolExecutor.runWorker(ThreadPoolExecutor.java:1134)
        at java.util.concurrent.ThreadPoolExecutor$Worker.run(ThreadPoolExecutor.java:624)
        at java.lang.Thread.run(Thread.java:750)
"qtp1241568657-118" daemon prio=5 tid=118 timed_waiting
java.lang.Thread.State: TIMED_WAITING
        at sun.misc.Unsafe.park(Native Method)
        at java.util.concurrent.locks.LockSupport.parkNanos(LockSupport.java:215)
        at java.util.concurrent.locks.AbstractQueuedSynchronizer$ConditionObject.awaitNanos(AbstractQueuedSynchronizer.java:2078)
        at org.eclipse.jetty.util.BlockingArrayQueue.poll(BlockingArrayQueue.java:382)
        at org.eclipse.jetty.util.thread.QueuedThreadPool$Runner.idleJobPoll(QueuedThreadPool.java:974)
        at org.eclipse.jetty.util.thread.QueuedThreadPool$Runner.run(QueuedThreadPool.java:1018)
        at java.lang.Thread.run(Thread.java:750)
"Datanode ReportManager Thread - 2" daemon prio=5 tid=206 in Object.wait()
java.lang.Thread.State: WAITING (on object monitor)
        at sun.misc.Unsafe.park(Native Method)
        at java.util.concurrent.locks.LockSupport.park(LockSupport.java:175)
        at java.util.concurrent.locks.AbstractQueuedSynchronizer$ConditionObject.await(AbstractQueuedSynchronizer.java:2039)
        at java.util.concurrent.ScheduledThreadPoolExecutor$DelayedWorkQueue.take(ScheduledThreadPoolExecutor.java:1088)
        at java.util.concurrent.ScheduledThreadPoolExecutor$DelayedWorkQueue.take(ScheduledThreadPoolExecutor.java:809)
        at java.util.concurrent.ThreadPoolExecutor.getTask(ThreadPoolExecutor.java:1074)
        at java.util.concurrent.ThreadPoolExecutor.runWorker(ThreadPoolExecutor.java:1134)
        at java.util.concurrent.ThreadPoolExecutor$Worker.run(ThreadPoolExecutor.java:624)
        at java.lang.Thread.run(Thread.java:750)
"prometheus" daemon prio=5 tid=122 in Object.wait()
java.lang.Thread.State: WAITING (on object monitor)
        at java.lang.Object.wait(Native Method)
        at java.lang.Object.wait(Object.java:502)
        at org.apache.hadoop.metrics2.impl.SinkQueue.waitForData(SinkQueue.java:114)
        at org.apache.hadoop.metrics2.impl.SinkQueue.consumeAll(SinkQueue.java:83)
        at org.apache.hadoop.metrics2.impl.MetricsSinkAdapter.publishMetricsFromQueue(MetricsSinkAdapter.java:135)
        at org.apache.hadoop.metrics2.impl.MetricsSinkAdapter$1.run(MetricsSinkAdapter.java:89)
"IPC Server handler 1 on default port 37905" daemon prio=5 tid=90 timed_waiting
java.lang.Thread.State: TIMED_WAITING
        at sun.misc.Unsafe.park(Native Method)
        at java.util.concurrent.locks.LockSupport.parkNanos(LockSupport.java:215)
        at java.util.concurrent.locks.AbstractQueuedSynchronizer$ConditionObject.awaitNanos(AbstractQueuedSynchronizer.java:2078)
        at java.util.concurrent.LinkedBlockingQueue.poll(LinkedBlockingQueue.java:467)
        at org.apache.hadoop.ipc.CallQueueManager.take(CallQueueManager.java:317)
        at org.apache.hadoop.ipc.Server$Handler.run(Server.java:2992)
"qtp1652609556-225" daemon prio=5 tid=225 timed_waiting
java.lang.Thread.State: TIMED_WAITING
        at sun.misc.Unsafe.park(Native Method)
        at java.util.concurrent.locks.LockSupport.parkNanos(LockSupport.java:215)
        at java.util.concurrent.locks.AbstractQueuedSynchronizer$ConditionObject.awaitNanos(AbstractQueuedSynchronizer.java:2078)
        at org.eclipse.jetty.util.BlockingArrayQueue.poll(BlockingArrayQueue.java:382)
        at org.eclipse.jetty.util.thread.QueuedThreadPool$Runner.idleJobPoll(QueuedThreadPool.java:974)
        at org.eclipse.jetty.util.thread.QueuedThreadPool$Runner.run(QueuedThreadPool.java:1018)
        at java.lang.Thread.run(Thread.java:750)
"StaleRecoveringContainerScrubbingService#5" daemon prio=5 tid=669 in Object.wait()
java.lang.Thread.State: WAITING (on object monitor)
        at sun.misc.Unsafe.park(Native Method)
        at java.util.concurrent.locks.LockSupport.park(LockSupport.java:175)
        at java.util.concurrent.locks.AbstractQueuedSynchronizer$ConditionObject.await(AbstractQueuedSynchronizer.java:2039)
        at java.util.concurrent.ScheduledThreadPoolExecutor$DelayedWorkQueue.take(ScheduledThreadPoolExecutor.java:1088)
        at java.util.concurrent.ScheduledThreadPoolExecutor$DelayedWorkQueue.take(ScheduledThreadPoolExecutor.java:809)
        at java.util.concurrent.ThreadPoolExecutor.getTask(ThreadPoolExecutor.java:1074)
        at java.util.concurrent.ThreadPoolExecutor.runWorker(ThreadPoolExecutor.java:1134)
        at java.util.concurrent.ThreadPoolExecutor$Worker.run(ThreadPoolExecutor.java:624)
        at java.lang.Thread.run(Thread.java:750)
"IPC Server handler 14 on default port 36647" daemon prio=5 tid=63 timed_waiting
java.lang.Thread.State: TIMED_WAITING
        at sun.misc.Unsafe.park(Native Method)
        at java.util.concurrent.locks.LockSupport.parkNanos(LockSupport.java:215)
        at java.util.concurrent.locks.AbstractQueuedSynchronizer$ConditionObject.awaitNanos(AbstractQueuedSynchronizer.java:2078)
        at java.util.concurrent.LinkedBlockingQueue.poll(LinkedBlockingQueue.java:467)
        at org.apache.hadoop.ipc.CallQueueManager.take(CallQueueManager.java:317)
        at org.apache.hadoop.ipc.Server$Handler.run(Server.java:2992)
"ContainerOp-cd8abe94-f173-4052-9509-b5bff1395f48-6"  prio=5 tid=465 in Object.wait()
java.lang.Thread.State: WAITING (on object monitor)
        at sun.misc.Unsafe.park(Native Method)
        at java.util.concurrent.locks.LockSupport.park(LockSupport.java:175)
        at java.util.concurrent.locks.AbstractQueuedSynchronizer$ConditionObject.await(AbstractQueuedSynchronizer.java:2039)
        at java.util.concurrent.LinkedBlockingQueue.take(LinkedBlockingQueue.java:442)
        at java.util.concurrent.ThreadPoolExecutor.getTask(ThreadPoolExecutor.java:1074)
        at java.util.concurrent.ThreadPoolExecutor.runWorker(ThreadPoolExecutor.java:1134)
        at java.util.concurrent.ThreadPoolExecutor$Worker.run(ThreadPoolExecutor.java:624)
        at java.lang.Thread.run(Thread.java:750)
"ChunkWriter-3-0" daemon prio=5 tid=279 in Object.wait()
java.lang.Thread.State: WAITING (on object monitor)
        at sun.misc.Unsafe.park(Native Method)
        at java.util.concurrent.locks.LockSupport.park(LockSupport.java:175)
        at java.util.concurrent.locks.AbstractQueuedSynchronizer$ConditionObject.await(AbstractQueuedSynchronizer.java:2039)
        at java.util.concurrent.LinkedBlockingDeque.takeFirst(LinkedBlockingDeque.java:492)
        at java.util.concurrent.LinkedBlockingDeque.take(LinkedBlockingDeque.java:680)
        at java.util.concurrent.ThreadPoolExecutor.getTask(ThreadPoolExecutor.java:1074)
        at java.util.concurrent.ThreadPoolExecutor.runWorker(ThreadPoolExecutor.java:1134)
        at java.util.concurrent.ThreadPoolExecutor$Worker.run(ThreadPoolExecutor.java:624)
        at java.lang.Thread.run(Thread.java:750)
"IPC Server handler 13 on default port 37905" daemon prio=5 tid=102 timed_waiting
java.lang.Thread.State: TIMED_WAITING
        at sun.misc.Unsafe.park(Native Method)
        at java.util.concurrent.locks.LockSupport.parkNanos(LockSupport.java:215)
        at java.util.concurrent.locks.AbstractQueuedSynchronizer$ConditionObject.awaitNanos(AbstractQueuedSynchronizer.java:2078)
        at java.util.concurrent.LinkedBlockingQueue.poll(LinkedBlockingQueue.java:467)
        at org.apache.hadoop.ipc.CallQueueManager.take(CallQueueManager.java:317)
        at org.apache.hadoop.ipc.Server$Handler.run(Server.java:2992)
"ContainerOp-cd8abe94-f173-4052-9509-b5bff1395f48-0"  prio=5 tid=429 in Object.wait()
java.lang.Thread.State: WAITING (on object monitor)
        at sun.misc.Unsafe.park(Native Method)
        at java.util.concurrent.locks.LockSupport.park(LockSupport.java:175)
        at java.util.concurrent.locks.AbstractQueuedSynchronizer$ConditionObject.await(AbstractQueuedSynchronizer.java:2039)
        at java.util.concurrent.LinkedBlockingQueue.take(LinkedBlockingQueue.java:442)
        at java.util.concurrent.ThreadPoolExecutor.getTask(ThreadPoolExecutor.java:1074)
        at java.util.concurrent.ThreadPoolExecutor.runWorker(ThreadPoolExecutor.java:1134)
        at java.util.concurrent.ThreadPoolExecutor$Worker.run(ThreadPoolExecutor.java:624)
        at java.lang.Thread.run(Thread.java:750)
"org.apache.hadoop.util.JvmPauseMonitor$Monitor@56f599b3" daemon prio=5 tid=210 timed_waiting
java.lang.Thread.State: TIMED_WAITING
        at java.lang.Thread.sleep(Native Method)
        at org.apache.hadoop.util.JvmPauseMonitor$Monitor.run(JvmPauseMonitor.java:192)
        at java.lang.Thread.run(Thread.java:750)
"IPC Server handler 6 on default port 36647" daemon prio=5 tid=55 timed_waiting
java.lang.Thread.State: TIMED_WAITING
        at sun.misc.Unsafe.park(Native Method)
        at java.util.concurrent.locks.LockSupport.parkNanos(LockSupport.java:215)
        at java.util.concurrent.locks.AbstractQueuedSynchronizer$ConditionObject.awaitNanos(AbstractQueuedSynchronizer.java:2078)
        at java.util.concurrent.LinkedBlockingQueue.poll(LinkedBlockingQueue.java:467)
        at org.apache.hadoop.ipc.CallQueueManager.take(CallQueueManager.java:317)
        at org.apache.hadoop.ipc.Server$Handler.run(Server.java:2992)
"timer4" daemon prio=5 tid=385 in Object.wait()
java.lang.Thread.State: WAITING (on object monitor)
        at java.lang.Object.wait(Native Method)
        at java.lang.Object.wait(Object.java:502)
        at java.util.TimerThread.mainLoop(Timer.java:526)
        at java.util.TimerThread.run(Timer.java:505)
"Datanode ReportManager Thread - 4" daemon prio=5 tid=235 in Object.wait()
java.lang.Thread.State: WAITING (on object monitor)
        at sun.misc.Unsafe.park(Native Method)
        at java.util.concurrent.locks.LockSupport.park(LockSupport.java:175)
        at java.util.concurrent.locks.AbstractQueuedSynchronizer$ConditionObject.await(AbstractQueuedSynchronizer.java:2039)
        at java.util.concurrent.ScheduledThreadPoolExecutor$DelayedWorkQueue.take(ScheduledThreadPoolExecutor.java:1088)
        at java.util.concurrent.ScheduledThreadPoolExecutor$DelayedWorkQueue.take(ScheduledThreadPoolExecutor.java:809)
        at java.util.concurrent.ThreadPoolExecutor.getTask(ThreadPoolExecutor.java:1074)
        at java.util.concurrent.ThreadPoolExecutor.runWorker(ThreadPoolExecutor.java:1134)
        at java.util.concurrent.ThreadPoolExecutor$Worker.run(ThreadPoolExecutor.java:624)
        at java.lang.Thread.run(Thread.java:750)
"PartialTableCache Cleanup Thread - 0" daemon prio=5 tid=607 in Object.wait()
java.lang.Thread.State: WAITING (on object monitor)
        at sun.misc.Unsafe.park(Native Method)
        at java.util.concurrent.locks.LockSupport.park(LockSupport.java:175)
        at java.util.concurrent.locks.AbstractQueuedSynchronizer$ConditionObject.await(AbstractQueuedSynchronizer.java:2039)
        at java.util.concurrent.LinkedBlockingQueue.take(LinkedBlockingQueue.java:442)
        at java.util.concurrent.ThreadPoolExecutor.getTask(ThreadPoolExecutor.java:1074)
        at java.util.concurrent.ThreadPoolExecutor.runWorker(ThreadPoolExecutor.java:1134)
        at java.util.concurrent.ThreadPoolExecutor$Worker.run(ThreadPoolExecutor.java:624)
        at java.lang.Thread.run(Thread.java:750)
"Datanode State Machine Daemon Thread" daemon prio=5 tid=257 timed_waiting
java.lang.Thread.State: TIMED_WAITING
        at java.lang.Thread.sleep(Native Method)
        at org.apache.hadoop.ozone.container.common.statemachine.DatanodeStateMachine.startStateMachineThread(DatanodeStateMachine.java:336)
        at org.apache.hadoop.ozone.container.common.statemachine.DatanodeStateMachine.lambda$startDaemon$0(DatanodeStateMachine.java:518)
        at org.apache.hadoop.ozone.container.common.statemachine.DatanodeStateMachine$$Lambda$868/49292481.run(Unknown Source)
        at java.lang.Thread.run(Thread.java:750)
"ChunkWriter-0-0" daemon prio=5 tid=300 in Object.wait()
java.lang.Thread.State: WAITING (on object monitor)
        at sun.misc.Unsafe.park(Native Method)
        at java.util.concurrent.locks.LockSupport.park(LockSupport.java:175)
        at java.util.concurrent.locks.AbstractQueuedSynchronizer$ConditionObject.await(AbstractQueuedSynchronizer.java:2039)
        at java.util.concurrent.LinkedBlockingDeque.takeFirst(LinkedBlockingDeque.java:492)
        at java.util.concurrent.LinkedBlockingDeque.take(LinkedBlockingDeque.java:680)
        at java.util.concurrent.ThreadPoolExecutor.getTask(ThreadPoolExecutor.java:1074)
        at java.util.concurrent.ThreadPoolExecutor.runWorker(ThreadPoolExecutor.java:1134)
        at java.util.concurrent.ThreadPoolExecutor$Worker.run(ThreadPoolExecutor.java:624)
        at java.lang.Thread.run(Thread.java:750)
"Session-HouseKeeper-594d6d25-1"  prio=5 tid=160 timed_waiting
java.lang.Thread.State: TIMED_WAITING
        at sun.misc.Unsafe.park(Native Method)
        at java.util.concurrent.locks.LockSupport.parkNanos(LockSupport.java:215)
        at java.util.concurrent.locks.AbstractQueuedSynchronizer$ConditionObject.awaitNanos(AbstractQueuedSynchronizer.java:2078)
        at java.util.concurrent.ScheduledThreadPoolExecutor$DelayedWorkQueue.take(ScheduledThreadPoolExecutor.java:1093)
        at java.util.concurrent.ScheduledThreadPoolExecutor$DelayedWorkQueue.take(ScheduledThreadPoolExecutor.java:809)
        at java.util.concurrent.ThreadPoolExecutor.getTask(ThreadPoolExecutor.java:1074)
        at java.util.concurrent.ThreadPoolExecutor.runWorker(ThreadPoolExecutor.java:1134)
        at java.util.concurrent.ThreadPoolExecutor$Worker.run(ThreadPoolExecutor.java:624)
        at java.lang.Thread.run(Thread.java:750)
"IPC Server handler 10 on default port 37905" daemon prio=5 tid=99 timed_waiting
java.lang.Thread.State: TIMED_WAITING
        at sun.misc.Unsafe.park(Native Method)
        at java.util.concurrent.locks.LockSupport.parkNanos(LockSupport.java:215)
        at java.util.concurrent.locks.AbstractQueuedSynchronizer$ConditionObject.awaitNanos(AbstractQueuedSynchronizer.java:2078)
        at java.util.concurrent.LinkedBlockingQueue.poll(LinkedBlockingQueue.java:467)
        at org.apache.hadoop.ipc.CallQueueManager.take(CallQueueManager.java:317)
        at org.apache.hadoop.ipc.Server$Handler.run(Server.java:2992)
"BlockDeletingService#5" daemon prio=5 tid=668 in Object.wait()
java.lang.Thread.State: WAITING (on object monitor)
        at sun.misc.Unsafe.park(Native Method)
        at java.util.concurrent.locks.LockSupport.park(LockSupport.java:175)
        at java.util.concurrent.locks.AbstractQueuedSynchronizer$ConditionObject.await(AbstractQueuedSynchronizer.java:2039)
        at java.util.concurrent.ScheduledThreadPoolExecutor$DelayedWorkQueue.take(ScheduledThreadPoolExecutor.java:1088)
        at java.util.concurrent.ScheduledThreadPoolExecutor$DelayedWorkQueue.take(ScheduledThreadPoolExecutor.java:809)
        at java.util.concurrent.ThreadPoolExecutor.getTask(ThreadPoolExecutor.java:1074)
        at java.util.concurrent.ThreadPoolExecutor.runWorker(ThreadPoolExecutor.java:1134)
        at java.util.concurrent.ThreadPoolExecutor$Worker.run(ThreadPoolExecutor.java:624)
        at java.lang.Thread.run(Thread.java:750)
"StaleRecoveringContainerScrubbingService#3" daemon prio=5 tid=649 in Object.wait()
java.lang.Thread.State: WAITING (on object monitor)
        at sun.misc.Unsafe.park(Native Method)
        at java.util.concurrent.locks.LockSupport.park(LockSupport.java:175)
        at java.util.concurrent.locks.AbstractQueuedSynchronizer$ConditionObject.await(AbstractQueuedSynchronizer.java:2039)
        at java.util.concurrent.ScheduledThreadPoolExecutor$DelayedWorkQueue.take(ScheduledThreadPoolExecutor.java:1088)
        at java.util.concurrent.ScheduledThreadPoolExecutor$DelayedWorkQueue.take(ScheduledThreadPoolExecutor.java:809)
        at java.util.concurrent.ThreadPoolExecutor.getTask(ThreadPoolExecutor.java:1074)
        at java.util.concurrent.ThreadPoolExecutor.runWorker(ThreadPoolExecutor.java:1134)
        at java.util.concurrent.ThreadPoolExecutor$Worker.run(ThreadPoolExecutor.java:624)
        at java.lang.Thread.run(Thread.java:750)
"qtp527477577-251" daemon prio=5 tid=251 timed_waiting
java.lang.Thread.State: TIMED_WAITING
        at sun.misc.Unsafe.park(Native Method)
        at java.util.concurrent.locks.LockSupport.parkNanos(LockSupport.java:215)
        at java.util.concurrent.locks.AbstractQueuedSynchronizer$ConditionObject.awaitNanos(AbstractQueuedSynchronizer.java:2078)
        at org.eclipse.jetty.util.BlockingArrayQueue.poll(BlockingArrayQueue.java:382)
        at org.eclipse.jetty.util.thread.QueuedThreadPool$Runner.idleJobPoll(QueuedThreadPool.java:974)
        at org.eclipse.jetty.util.thread.QueuedThreadPool$Runner.run(QueuedThreadPool.java:1018)
        at java.lang.Thread.run(Thread.java:750)
"ContainerOp-cd8abe94-f173-4052-9509-b5bff1395f48-7"  prio=5 tid=468 in Object.wait()
java.lang.Thread.State: WAITING (on object monitor)
        at sun.misc.Unsafe.park(Native Method)
        at java.util.concurrent.locks.LockSupport.park(LockSupport.java:175)
        at java.util.concurrent.locks.AbstractQueuedSynchronizer$ConditionObject.await(AbstractQueuedSynchronizer.java:2039)
        at java.util.concurrent.LinkedBlockingQueue.take(LinkedBlockingQueue.java:442)
        at java.util.concurrent.ThreadPoolExecutor.getTask(ThreadPoolExecutor.java:1074)
        at java.util.concurrent.ThreadPoolExecutor.runWorker(ThreadPoolExecutor.java:1134)
        at java.util.concurrent.ThreadPoolExecutor$Worker.run(ThreadPoolExecutor.java:624)
        at java.lang.Thread.run(Thread.java:750)
"ContainerOp-cd8abe94-f173-4052-9509-b5bff1395f48-4"  prio=5 tid=451 in Object.wait()
java.lang.Thread.State: WAITING (on object monitor)
        at sun.misc.Unsafe.park(Native Method)
        at java.util.concurrent.locks.LockSupport.park(LockSupport.java:175)
        at java.util.concurrent.locks.AbstractQueuedSynchronizer$ConditionObject.await(AbstractQueuedSynchronizer.java:2039)
        at java.util.concurrent.LinkedBlockingQueue.take(LinkedBlockingQueue.java:442)
        at java.util.concurrent.ThreadPoolExecutor.getTask(ThreadPoolExecutor.java:1074)
        at java.util.concurrent.ThreadPoolExecutor.runWorker(ThreadPoolExecutor.java:1134)
        at java.util.concurrent.ThreadPoolExecutor$Worker.run(ThreadPoolExecutor.java:624)
        at java.lang.Thread.run(Thread.java:750)
"IPC Server handler 5 on default port 36647" daemon prio=5 tid=54 timed_waiting
java.lang.Thread.State: TIMED_WAITING
        at sun.misc.Unsafe.park(Native Method)
        at java.util.concurrent.locks.LockSupport.parkNanos(LockSupport.java:215)
        at java.util.concurrent.locks.AbstractQueuedSynchronizer$ConditionObject.awaitNanos(AbstractQueuedSynchronizer.java:2078)
        at java.util.concurrent.LinkedBlockingQueue.poll(LinkedBlockingQueue.java:467)
        at org.apache.hadoop.ipc.CallQueueManager.take(CallQueueManager.java:317)
        at org.apache.hadoop.ipc.Server$Handler.run(Server.java:2992)
"qtp527477577-248" daemon prio=5 tid=248 runnable
java.lang.Thread.State: RUNNABLE
        at sun.nio.ch.EPollArrayWrapper.epollWait(Native Method)
        at sun.nio.ch.EPollArrayWrapper.poll(EPollArrayWrapper.java:269)
        at sun.nio.ch.EPollSelectorImpl.doSelect(EPollSelectorImpl.java:93)
        at sun.nio.ch.SelectorImpl.lockAndDoSelect(SelectorImpl.java:86)
        at sun.nio.ch.SelectorImpl.select(SelectorImpl.java:97)
        at sun.nio.ch.SelectorImpl.select(SelectorImpl.java:101)
        at org.eclipse.jetty.io.ManagedSelector.nioSelect(ManagedSelector.java:183)
        at org.eclipse.jetty.io.ManagedSelector.select(ManagedSelector.java:190)
        at org.eclipse.jetty.io.ManagedSelector$SelectorProducer.select(ManagedSelector.java:606)
        at org.eclipse.jetty.io.ManagedSelector$SelectorProducer.produce(ManagedSelector.java:543)
        at org.eclipse.jetty.util.thread.strategy.EatWhatYouKill.produceTask(EatWhatYouKill.java:362)
        at org.eclipse.jetty.util.thread.strategy.EatWhatYouKill.doProduce(EatWhatYouKill.java:186)
        at org.eclipse.jetty.util.thread.strategy.EatWhatYouKill.tryProduce(EatWhatYouKill.java:173)
        at org.eclipse.jetty.util.thread.strategy.EatWhatYouKill.produce(EatWhatYouKill.java:137)
        at org.eclipse.jetty.io.ManagedSelector$$Lambda$448/2058190325.run(Unknown Source)
        at org.eclipse.jetty.util.thread.QueuedThreadPool.runJob(QueuedThreadPool.java:883)
        at org.eclipse.jetty.util.thread.QueuedThreadPool$Runner.run(QueuedThreadPool.java:1034)
        at java.lang.Thread.run(Thread.java:750)
"BlockDeletingService#0" daemon prio=5 tid=282 in Object.wait()
java.lang.Thread.State: WAITING (on object monitor)
        at sun.misc.Unsafe.park(Native Method)
        at java.util.concurrent.locks.LockSupport.park(LockSupport.java:175)
        at java.util.concurrent.locks.AbstractQueuedSynchronizer$ConditionObject.await(AbstractQueuedSynchronizer.java:2039)
        at java.util.concurrent.ScheduledThreadPoolExecutor$DelayedWorkQueue.take(ScheduledThreadPoolExecutor.java:1088)
        at java.util.concurrent.ScheduledThreadPoolExecutor$DelayedWorkQueue.take(ScheduledThreadPoolExecutor.java:809)
        at java.util.concurrent.ThreadPoolExecutor.getTask(ThreadPoolExecutor.java:1074)
        at java.util.concurrent.ThreadPoolExecutor.runWorker(ThreadPoolExecutor.java:1134)
        at java.util.concurrent.ThreadPoolExecutor$Worker.run(ThreadPoolExecutor.java:624)
        at java.lang.Thread.run(Thread.java:750)
"timer7" daemon prio=5 tid=404 timed_waiting
java.lang.Thread.State: TIMED_WAITING
        at java.lang.Object.wait(Native Method)
        at java.util.TimerThread.mainLoop(Timer.java:552)
        at java.util.TimerThread.run(Timer.java:505)
"ContainerOp-cd8abe94-f173-4052-9509-b5bff1395f48-4"  prio=5 tid=453 in Object.wait()
java.lang.Thread.State: WAITING (on object monitor)
        at sun.misc.Unsafe.park(Native Method)
        at java.util.concurrent.locks.LockSupport.park(LockSupport.java:175)
        at java.util.concurrent.locks.AbstractQueuedSynchronizer$ConditionObject.await(AbstractQueuedSynchronizer.java:2039)
        at java.util.concurrent.LinkedBlockingQueue.take(LinkedBlockingQueue.java:442)
        at java.util.concurrent.ThreadPoolExecutor.getTask(ThreadPoolExecutor.java:1074)
        at java.util.concurrent.ThreadPoolExecutor.runWorker(ThreadPoolExecutor.java:1134)
        at java.util.concurrent.ThreadPoolExecutor$Worker.run(ThreadPoolExecutor.java:624)
        at java.lang.Thread.run(Thread.java:750)
"Periodic HDDS volume checker" daemon prio=5 tid=240 timed_waiting
java.lang.Thread.State: TIMED_WAITING
        at sun.misc.Unsafe.park(Native Method)
        at java.util.concurrent.locks.LockSupport.parkNanos(LockSupport.java:215)
        at java.util.concurrent.locks.AbstractQueuedSynchronizer$ConditionObject.awaitNanos(AbstractQueuedSynchronizer.java:2078)
        at java.util.concurrent.ScheduledThreadPoolExecutor$DelayedWorkQueue.take(ScheduledThreadPoolExecutor.java:1093)
        at java.util.concurrent.ScheduledThreadPoolExecutor$DelayedWorkQueue.take(ScheduledThreadPoolExecutor.java:809)
        at java.util.concurrent.ThreadPoolExecutor.getTask(ThreadPoolExecutor.java:1074)
        at java.util.concurrent.ThreadPoolExecutor.runWorker(ThreadPoolExecutor.java:1134)
        at java.util.concurrent.ThreadPoolExecutor$Worker.run(ThreadPoolExecutor.java:624)
        at java.lang.Thread.run(Thread.java:750)
"IPC Server handler 1 on default port 36647" daemon prio=5 tid=50 timed_waiting
java.lang.Thread.State: TIMED_WAITING
        at sun.misc.Unsafe.park(Native Method)
        at java.util.concurrent.locks.LockSupport.parkNanos(LockSupport.java:215)
        at java.util.concurrent.locks.AbstractQueuedSynchronizer$ConditionObject.awaitNanos(AbstractQueuedSynchronizer.java:2078)
        at java.util.concurrent.LinkedBlockingQueue.poll(LinkedBlockingQueue.java:467)
        at org.apache.hadoop.ipc.CallQueueManager.take(CallQueueManager.java:317)
        at org.apache.hadoop.ipc.Server$Handler.run(Server.java:2992)
"Session-HouseKeeper-193d691-1"  prio=5 tid=229 timed_waiting
java.lang.Thread.State: TIMED_WAITING
        at sun.misc.Unsafe.park(Native Method)
        at java.util.concurrent.locks.LockSupport.parkNanos(LockSupport.java:215)
        at java.util.concurrent.locks.AbstractQueuedSynchronizer$ConditionObject.awaitNanos(AbstractQueuedSynchronizer.java:2078)
        at java.util.concurrent.ScheduledThreadPoolExecutor$DelayedWorkQueue.take(ScheduledThreadPoolExecutor.java:1093)
        at java.util.concurrent.ScheduledThreadPoolExecutor$DelayedWorkQueue.take(ScheduledThreadPoolExecutor.java:809)
        at java.util.concurrent.ThreadPoolExecutor.getTask(ThreadPoolExecutor.java:1074)
        at java.util.concurrent.ThreadPoolExecutor.runWorker(ThreadPoolExecutor.java:1134)
        at java.util.concurrent.ThreadPoolExecutor$Worker.run(ThreadPoolExecutor.java:624)
        at java.lang.Thread.run(Thread.java:750)
"ContainerOp-fe8f8231-531f-40c6-a24e-b6dddc8024d4-2"  prio=5 tid=458 in Object.wait()
java.lang.Thread.State: WAITING (on object monitor)
        at sun.misc.Unsafe.park(Native Method)
        at java.util.concurrent.locks.LockSupport.park(LockSupport.java:175)
        at java.util.concurrent.locks.AbstractQueuedSynchronizer$ConditionObject.await(AbstractQueuedSynchronizer.java:2039)
        at java.util.concurrent.LinkedBlockingQueue.take(LinkedBlockingQueue.java:442)
        at java.util.concurrent.ThreadPoolExecutor.getTask(ThreadPoolExecutor.java:1074)
        at java.util.concurrent.ThreadPoolExecutor.runWorker(ThreadPoolExecutor.java:1134)
        at java.util.concurrent.ThreadPoolExecutor$Worker.run(ThreadPoolExecutor.java:624)
        at java.lang.Thread.run(Thread.java:750)
"FixedThreadPoolWithAffinityExecutor-5-0" daemon prio=5 tid=43 timed_waiting
java.lang.Thread.State: TIMED_WAITING
        at sun.misc.Unsafe.park(Native Method)
        at java.util.concurrent.locks.LockSupport.parkNanos(LockSupport.java:215)
        at java.util.concurrent.locks.AbstractQueuedSynchronizer$ConditionObject.awaitNanos(AbstractQueuedSynchronizer.java:2078)
        at java.util.concurrent.LinkedBlockingQueue.poll(LinkedBlockingQueue.java:467)
        at org.apache.hadoop.hdds.scm.server.ContainerReportQueue.poll(ContainerReportQueue.java:266)
        at org.apache.hadoop.hdds.scm.server.ContainerReportQueue.poll(ContainerReportQueue.java:42)
        at org.apache.hadoop.hdds.server.events.FixedThreadPoolWithAffinityExecutor$ContainerReportProcessTask.run(FixedThreadPoolWithAffinityExecutor.java:247)
        at java.util.concurrent.Executors$RunnableAdapter.call(Executors.java:511)
        at java.util.concurrent.FutureTask.run(FutureTask.java:266)
        at java.util.concurrent.ThreadPoolExecutor.runWorker(ThreadPoolExecutor.java:1149)
        at java.util.concurrent.ThreadPoolExecutor$Worker.run(ThreadPoolExecutor.java:624)
        at java.lang.Thread.run(Thread.java:750)
"IPC Server handler 0 on default port 37905" daemon prio=5 tid=89 timed_waiting
java.lang.Thread.State: TIMED_WAITING
        at sun.misc.Unsafe.park(Native Method)
        at java.util.concurrent.locks.LockSupport.parkNanos(LockSupport.java:215)
        at java.util.concurrent.locks.AbstractQueuedSynchronizer$ConditionObject.awaitNanos(AbstractQueuedSynchronizer.java:2078)
        at java.util.concurrent.LinkedBlockingQueue.poll(LinkedBlockingQueue.java:467)
        at org.apache.hadoop.ipc.CallQueueManager.take(CallQueueManager.java:317)
        at org.apache.hadoop.ipc.Server$Handler.run(Server.java:2992)
"BlockDeletingService#4" daemon prio=5 tid=665 in Object.wait()
java.lang.Thread.State: WAITING (on object monitor)
        at sun.misc.Unsafe.park(Native Method)
        at java.util.concurrent.locks.LockSupport.park(LockSupport.java:175)
        at java.util.concurrent.locks.AbstractQueuedSynchronizer$ConditionObject.await(AbstractQueuedSynchronizer.java:2039)
        at java.util.concurrent.ScheduledThreadPoolExecutor$DelayedWorkQueue.take(ScheduledThreadPoolExecutor.java:1088)
        at java.util.concurrent.ScheduledThreadPoolExecutor$DelayedWorkQueue.take(ScheduledThreadPoolExecutor.java:809)
        at java.util.concurrent.ThreadPoolExecutor.getTask(ThreadPoolExecutor.java:1074)
        at java.util.concurrent.ThreadPoolExecutor.runWorker(ThreadPoolExecutor.java:1134)
        at java.util.concurrent.ThreadPoolExecutor$Worker.run(ThreadPoolExecutor.java:624)
        at java.lang.Thread.run(Thread.java:750)
"IPC Server handler 11 on default port 36703" daemon prio=5 tid=80 timed_waiting
java.lang.Thread.State: TIMED_WAITING
        at sun.misc.Unsafe.park(Native Method)
        at java.util.concurrent.locks.LockSupport.parkNanos(LockSupport.java:215)
        at java.util.concurrent.locks.AbstractQueuedSynchronizer$ConditionObject.awaitNanos(AbstractQueuedSynchronizer.java:2078)
        at java.util.concurrent.LinkedBlockingQueue.poll(LinkedBlockingQueue.java:467)
        at org.apache.hadoop.ipc.CallQueueManager.take(CallQueueManager.java:317)
        at org.apache.hadoop.ipc.Server$Handler.run(Server.java:2992)
"IPC Server handler 6 on default port 36703" daemon prio=5 tid=75 timed_waiting
java.lang.Thread.State: TIMED_WAITING
        at sun.misc.Unsafe.park(Native Method)
        at java.util.concurrent.locks.LockSupport.parkNanos(LockSupport.java:215)
        at java.util.concurrent.locks.AbstractQueuedSynchronizer$ConditionObject.awaitNanos(AbstractQueuedSynchronizer.java:2078)
        at java.util.concurrent.LinkedBlockingQueue.poll(LinkedBlockingQueue.java:467)
        at org.apache.hadoop.ipc.CallQueueManager.take(CallQueueManager.java:317)
        at org.apache.hadoop.ipc.Server$Handler.run(Server.java:2992)
"ContainerOp-cd8abe94-f173-4052-9509-b5bff1395f48-5"  prio=5 tid=456 in Object.wait()
java.lang.Thread.State: WAITING (on object monitor)
        at sun.misc.Unsafe.park(Native Method)
        at java.util.concurrent.locks.LockSupport.park(LockSupport.java:175)
        at java.util.concurrent.locks.AbstractQueuedSynchronizer$ConditionObject.await(AbstractQueuedSynchronizer.java:2039)
        at java.util.concurrent.LinkedBlockingQueue.take(LinkedBlockingQueue.java:442)
        at java.util.concurrent.ThreadPoolExecutor.getTask(ThreadPoolExecutor.java:1074)
        at java.util.concurrent.ThreadPoolExecutor.runWorker(ThreadPoolExecutor.java:1134)
        at java.util.concurrent.ThreadPoolExecutor$Worker.run(ThreadPoolExecutor.java:624)
        at java.lang.Thread.run(Thread.java:750)
"BlockDeletingService#3" daemon prio=5 tid=653 in Object.wait()
java.lang.Thread.State: WAITING (on object monitor)
        at sun.misc.Unsafe.park(Native Method)
        at java.util.concurrent.locks.LockSupport.park(LockSupport.java:175)
        at java.util.concurrent.locks.AbstractQueuedSynchronizer$ConditionObject.await(AbstractQueuedSynchronizer.java:2039)
        at java.util.concurrent.ScheduledThreadPoolExecutor$DelayedWorkQueue.take(ScheduledThreadPoolExecutor.java:1088)
        at java.util.concurrent.ScheduledThreadPoolExecutor$DelayedWorkQueue.take(ScheduledThreadPoolExecutor.java:809)
        at java.util.concurrent.ThreadPoolExecutor.getTask(ThreadPoolExecutor.java:1074)
        at java.util.concurrent.ThreadPoolExecutor.runWorker(ThreadPoolExecutor.java:1134)
        at java.util.concurrent.ThreadPoolExecutor$Worker.run(ThreadPoolExecutor.java:624)
        at java.lang.Thread.run(Thread.java:750)
"ContainerOp-cd8abe94-f173-4052-9509-b5bff1395f48-2"  prio=5 tid=435 in Object.wait()
java.lang.Thread.State: WAITING (on object monitor)
        at sun.misc.Unsafe.park(Native Method)
        at java.util.concurrent.locks.LockSupport.park(LockSupport.java:175)
        at java.util.concurrent.locks.AbstractQueuedSynchronizer$ConditionObject.await(AbstractQueuedSynchronizer.java:2039)
        at java.util.concurrent.LinkedBlockingQueue.take(LinkedBlockingQueue.java:442)
        at java.util.concurrent.ThreadPoolExecutor.getTask(ThreadPoolExecutor.java:1074)
        at java.util.concurrent.ThreadPoolExecutor.runWorker(ThreadPoolExecutor.java:1134)
        at java.util.concurrent.ThreadPoolExecutor$Worker.run(ThreadPoolExecutor.java:624)
        at java.lang.Thread.run(Thread.java:750)
"ChunkReader-ELG-0" daemon prio=5 tid=281 runnable
java.lang.Thread.State: RUNNABLE
        at org.apache.ratis.thirdparty.io.netty.channel.epoll.Native.epollWait(Native Method)
        at org.apache.ratis.thirdparty.io.netty.channel.epoll.Native.epollWait(Native.java:209)
        at org.apache.ratis.thirdparty.io.netty.channel.epoll.Native.epollWait(Native.java:202)
        at org.apache.ratis.thirdparty.io.netty.channel.epoll.EpollEventLoop.epollWaitNoTimerChange(EpollEventLoop.java:294)
        at org.apache.ratis.thirdparty.io.netty.channel.epoll.EpollEventLoop.run(EpollEventLoop.java:351)
        at org.apache.ratis.thirdparty.io.netty.util.concurrent.SingleThreadEventExecutor$4.run(SingleThreadEventExecutor.java:995)
        at org.apache.ratis.thirdparty.io.netty.util.internal.ThreadExecutorMap$2.run(ThreadExecutorMap.java:74)
        at java.lang.Thread.run(Thread.java:750)
"timer1" daemon prio=5 tid=380 in Object.wait()
java.lang.Thread.State: WAITING (on object monitor)
        at java.lang.Object.wait(Native Method)
        at java.lang.Object.wait(Object.java:502)
        at java.util.TimerThread.mainLoop(Timer.java:526)
        at java.util.TimerThread.run(Timer.java:505)
"IPC Server handler 14 on default port 45463" daemon prio=5 tid=175 timed_waiting
java.lang.Thread.State: TIMED_WAITING
        at sun.misc.Unsafe.park(Native Method)
        at java.util.concurrent.locks.LockSupport.parkNanos(LockSupport.java:215)
        at java.util.concurrent.locks.AbstractQueuedSynchronizer$ConditionObject.awaitNanos(AbstractQueuedSynchronizer.java:2078)
        at java.util.concurrent.LinkedBlockingQueue.poll(LinkedBlockingQueue.java:467)
        at org.apache.hadoop.ipc.CallQueueManager.take(CallQueueManager.java:317)
        at org.apache.hadoop.ipc.Server$Handler.run(Server.java:2992)
"Socket Reader #1 for port 0"  prio=5 tid=135 runnable
java.lang.Thread.State: RUNNABLE
        at sun.nio.ch.EPollArrayWrapper.epollWait(Native Method)
        at sun.nio.ch.EPollArrayWrapper.poll(EPollArrayWrapper.java:269)
        at sun.nio.ch.EPollSelectorImpl.doSelect(EPollSelectorImpl.java:93)
        at sun.nio.ch.SelectorImpl.lockAndDoSelect(SelectorImpl.java:86)
        at sun.nio.ch.SelectorImpl.select(SelectorImpl.java:97)
        at sun.nio.ch.SelectorImpl.select(SelectorImpl.java:101)
        at org.apache.hadoop.ipc.Server$Listener$Reader.doRunLoop(Server.java:1342)
        at org.apache.hadoop.ipc.Server$Listener$Reader.run(Server.java:1321)
"b1c57afc-121c-455c-bc43-4ffbee8e4677@group-BC2F1AEE5201-LeaderStateImpl" daemon prio=5 tid=363 timed_waiting
java.lang.Thread.State: TIMED_WAITING
        at sun.misc.Unsafe.park(Native Method)
        at java.util.concurrent.locks.LockSupport.parkNanos(LockSupport.java:215)
        at java.util.concurrent.locks.AbstractQueuedSynchronizer$ConditionObject.awaitNanos(AbstractQueuedSynchronizer.java:2078)
        at java.util.concurrent.ArrayBlockingQueue.poll(ArrayBlockingQueue.java:418)
        at org.apache.ratis.server.impl.LeaderStateImpl$EventQueue.poll(LeaderStateImpl.java:159)
        at org.apache.ratis.server.impl.LeaderStateImpl$EventProcessor.run(LeaderStateImpl.java:630)
"qtp527477577-255" daemon prio=5 tid=255 timed_waiting
java.lang.Thread.State: TIMED_WAITING
        at sun.misc.Unsafe.park(Native Method)
        at java.util.concurrent.locks.LockSupport.parkNanos(LockSupport.java:215)
        at java.util.concurrent.locks.AbstractQueuedSynchronizer$ConditionObject.awaitNanos(AbstractQueuedSynchronizer.java:2078)
        at org.eclipse.jetty.util.BlockingArrayQueue.poll(BlockingArrayQueue.java:382)
        at org.eclipse.jetty.util.thread.QueuedThreadPool$Runner.idleJobPoll(QueuedThreadPool.java:974)
        at org.eclipse.jetty.util.thread.QueuedThreadPool$Runner.run(QueuedThreadPool.java:1018)
        at java.lang.Thread.run(Thread.java:750)
"IPC Server handler 18 on default port 45463" daemon prio=5 tid=179 timed_waiting
java.lang.Thread.State: TIMED_WAITING
        at sun.misc.Unsafe.park(Native Method)
        at java.util.concurrent.locks.LockSupport.parkNanos(LockSupport.java:215)
        at java.util.concurrent.locks.AbstractQueuedSynchronizer$ConditionObject.awaitNanos(AbstractQueuedSynchronizer.java:2078)
        at java.util.concurrent.LinkedBlockingQueue.poll(LinkedBlockingQueue.java:467)
        at org.apache.hadoop.ipc.CallQueueManager.take(CallQueueManager.java:317)
        at org.apache.hadoop.ipc.Server$Handler.run(Server.java:2992)
"grpc-default-worker-ELG-3-1" daemon prio=5 tid=326 runnable
java.lang.Thread.State: RUNNABLE
        at org.apache.ratis.thirdparty.io.netty.channel.epoll.Native.epollWait0(Native Method)
        at org.apache.ratis.thirdparty.io.netty.channel.epoll.Native.epollWait(Native.java:182)
        at org.apache.ratis.thirdparty.io.netty.channel.epoll.EpollEventLoop.epollWait(EpollEventLoop.java:290)
        at org.apache.ratis.thirdparty.io.netty.channel.epoll.EpollEventLoop.run(EpollEventLoop.java:354)
        at org.apache.ratis.thirdparty.io.netty.util.concurrent.SingleThreadEventExecutor$4.run(SingleThreadEventExecutor.java:995)
        at org.apache.ratis.thirdparty.io.netty.util.internal.ThreadExecutorMap$2.run(ThreadExecutorMap.java:74)
        at org.apache.ratis.thirdparty.io.netty.util.concurrent.FastThreadLocalRunnable.run(FastThreadLocalRunnable.java:30)
        at java.lang.Thread.run(Thread.java:750)
"qtp1241568657-114-acceptor-0@34f384c3-ServerConnector@22e650e{HTTP/1.1, (http/1.1)}{0.0.0.0:36027}" daemon prio=3 tid=114 runnable
java.lang.Thread.State: RUNNABLE
        at sun.nio.ch.ServerSocketChannelImpl.accept0(Native Method)
        at sun.nio.ch.ServerSocketChannelImpl.accept(ServerSocketChannelImpl.java:421)
        at sun.nio.ch.ServerSocketChannelImpl.accept(ServerSocketChannelImpl.java:249)
        at org.eclipse.jetty.server.ServerConnector.accept(ServerConnector.java:388)
        at org.eclipse.jetty.server.AbstractConnector$Acceptor.run(AbstractConnector.java:704)
        at org.eclipse.jetty.util.thread.QueuedThreadPool.runJob(QueuedThreadPool.java:883)
        at org.eclipse.jetty.util.thread.QueuedThreadPool$Runner.run(QueuedThreadPool.java:1034)
        at java.lang.Thread.run(Thread.java:750)
"Datanode ReportManager Thread - 4" daemon prio=5 tid=208 in Object.wait()
java.lang.Thread.State: WAITING (on object monitor)
        at sun.misc.Unsafe.park(Native Method)
        at java.util.concurrent.locks.LockSupport.park(LockSupport.java:175)
        at java.util.concurrent.locks.AbstractQueuedSynchronizer$ConditionObject.await(AbstractQueuedSynchronizer.java:2039)
        at java.util.concurrent.ScheduledThreadPoolExecutor$DelayedWorkQueue.take(ScheduledThreadPoolExecutor.java:1088)
        at java.util.concurrent.ScheduledThreadPoolExecutor$DelayedWorkQueue.take(ScheduledThreadPoolExecutor.java:809)
        at java.util.concurrent.ThreadPoolExecutor.getTask(ThreadPoolExecutor.java:1074)
        at java.util.concurrent.ThreadPoolExecutor.runWorker(ThreadPoolExecutor.java:1134)
        at java.util.concurrent.ThreadPoolExecutor$Worker.run(ThreadPoolExecutor.java:624)
        at java.lang.Thread.run(Thread.java:750)
"IPC Server handler 9 on default port 45463" daemon prio=5 tid=170 timed_waiting
java.lang.Thread.State: TIMED_WAITING
        at sun.misc.Unsafe.park(Native Method)
        at java.util.concurrent.locks.LockSupport.parkNanos(LockSupport.java:215)
        at java.util.concurrent.locks.AbstractQueuedSynchronizer$ConditionObject.awaitNanos(AbstractQueuedSynchronizer.java:2078)
        at java.util.concurrent.LinkedBlockingQueue.poll(LinkedBlockingQueue.java:467)
        at org.apache.hadoop.ipc.CallQueueManager.take(CallQueueManager.java:317)
        at org.apache.hadoop.ipc.Server$Handler.run(Server.java:2992)
"BlockDeletingService#5" daemon prio=5 tid=670 in Object.wait()
java.lang.Thread.State: WAITING (on object monitor)
        at sun.misc.Unsafe.park(Native Method)
        at java.util.concurrent.locks.LockSupport.park(LockSupport.java:175)
        at java.util.concurrent.locks.AbstractQueuedSynchronizer$ConditionObject.await(AbstractQueuedSynchronizer.java:2039)
        at java.util.concurrent.ScheduledThreadPoolExecutor$DelayedWorkQueue.take(ScheduledThreadPoolExecutor.java:1088)
        at java.util.concurrent.ScheduledThreadPoolExecutor$DelayedWorkQueue.take(ScheduledThreadPoolExecutor.java:809)
        at java.util.concurrent.ThreadPoolExecutor.getTask(ThreadPoolExecutor.java:1074)
        at java.util.concurrent.ThreadPoolExecutor.runWorker(ThreadPoolExecutor.java:1134)
        at java.util.concurrent.ThreadPoolExecutor$Worker.run(ThreadPoolExecutor.java:624)
        at java.lang.Thread.run(Thread.java:750)
"b1c57afc-121c-455c-bc43-4ffbee8e4677-NettyServerStreamRpc-bossGroup--thread1"  prio=5 tid=188 runnable
java.lang.Thread.State: RUNNABLE
        at sun.nio.ch.EPollArrayWrapper.epollWait(Native Method)
        at sun.nio.ch.EPollArrayWrapper.poll(EPollArrayWrapper.java:269)
        at sun.nio.ch.EPollSelectorImpl.doSelect(EPollSelectorImpl.java:93)
        at sun.nio.ch.SelectorImpl.lockAndDoSelect(SelectorImpl.java:86)
        at sun.nio.ch.SelectorImpl.select(SelectorImpl.java:97)
        at sun.nio.ch.SelectorImpl.select(SelectorImpl.java:101)
        at org.apache.ratis.thirdparty.io.netty.channel.nio.SelectedSelectionKeySetSelector.select(SelectedSelectionKeySetSelector.java:68)
        at org.apache.ratis.thirdparty.io.netty.channel.nio.NioEventLoop.select(NioEventLoop.java:813)
        at org.apache.ratis.thirdparty.io.netty.channel.nio.NioEventLoop.run(NioEventLoop.java:460)
        at org.apache.ratis.thirdparty.io.netty.util.concurrent.SingleThreadEventExecutor$4.run(SingleThreadEventExecutor.java:995)
        at org.apache.ratis.thirdparty.io.netty.util.internal.ThreadExecutorMap$2.run(ThreadExecutorMap.java:74)
        at java.lang.Thread.run(Thread.java:750)
"IPC Server handler 0 on default port 36647" daemon prio=5 tid=49 timed_waiting
java.lang.Thread.State: TIMED_WAITING
        at sun.misc.Unsafe.park(Native Method)
        at java.util.concurrent.locks.LockSupport.parkNanos(LockSupport.java:215)
        at java.util.concurrent.locks.AbstractQueuedSynchronizer$ConditionObject.awaitNanos(AbstractQueuedSynchronizer.java:2078)
        at java.util.concurrent.LinkedBlockingQueue.poll(LinkedBlockingQueue.java:467)
        at org.apache.hadoop.ipc.CallQueueManager.take(CallQueueManager.java:317)
        at org.apache.hadoop.ipc.Server$Handler.run(Server.java:2992)
"PartialTableCache Cleanup Thread - 0" daemon prio=5 tid=270 in Object.wait()
java.lang.Thread.State: WAITING (on object monitor)
        at sun.misc.Unsafe.park(Native Method)
        at java.util.concurrent.locks.LockSupport.park(LockSupport.java:175)
        at java.util.concurrent.locks.AbstractQueuedSynchronizer$ConditionObject.await(AbstractQueuedSynchronizer.java:2039)
        at java.util.concurrent.LinkedBlockingQueue.take(LinkedBlockingQueue.java:442)
        at java.util.concurrent.ThreadPoolExecutor.getTask(ThreadPoolExecutor.java:1074)
        at java.util.concurrent.ThreadPoolExecutor.runWorker(ThreadPoolExecutor.java:1134)
        at java.util.concurrent.ThreadPoolExecutor$Worker.run(ThreadPoolExecutor.java:624)
        at java.lang.Thread.run(Thread.java:750)
"ReplicationMonitor" daemon prio=5 tid=18 timed_waiting
java.lang.Thread.State: TIMED_WAITING
        at java.lang.Object.wait(Native Method)
        at org.apache.hadoop.hdds.scm.container.replication.ReplicationManager.run(ReplicationManager.java:971)
        at org.apache.hadoop.hdds.scm.container.replication.ReplicationManager$$Lambda$391/593573468.run(Unknown Source)
        at java.lang.Thread.run(Thread.java:750)
"FixedThreadPoolWithAffinityExecutor-0-0" daemon prio=5 tid=38 timed_waiting
java.lang.Thread.State: TIMED_WAITING
        at sun.misc.Unsafe.park(Native Method)
        at java.util.concurrent.locks.LockSupport.parkNanos(LockSupport.java:215)
        at java.util.concurrent.locks.AbstractQueuedSynchronizer$ConditionObject.awaitNanos(AbstractQueuedSynchronizer.java:2078)
        at java.util.concurrent.LinkedBlockingQueue.poll(LinkedBlockingQueue.java:467)
        at org.apache.hadoop.hdds.scm.server.ContainerReportQueue.poll(ContainerReportQueue.java:266)
        at org.apache.hadoop.hdds.scm.server.ContainerReportQueue.poll(ContainerReportQueue.java:42)
        at org.apache.hadoop.hdds.server.events.FixedThreadPoolWithAffinityExecutor$ContainerReportProcessTask.run(FixedThreadPoolWithAffinityExecutor.java:247)
        at java.util.concurrent.Executors$RunnableAdapter.call(Executors.java:511)
        at java.util.concurrent.FutureTask.run(FutureTask.java:266)
        at java.util.concurrent.ThreadPoolExecutor.runWorker(ThreadPoolExecutor.java:1149)
        at java.util.concurrent.ThreadPoolExecutor$Worker.run(ThreadPoolExecutor.java:624)
        at java.lang.Thread.run(Thread.java:750)
"IPC Server handler 17 on default port 37905" daemon prio=5 tid=106 timed_waiting
java.lang.Thread.State: TIMED_WAITING
        at sun.misc.Unsafe.park(Native Method)
        at java.util.concurrent.locks.LockSupport.parkNanos(LockSupport.java:215)
        at java.util.concurrent.locks.AbstractQueuedSynchronizer$ConditionObject.awaitNanos(AbstractQueuedSynchronizer.java:2078)
        at java.util.concurrent.LinkedBlockingQueue.poll(LinkedBlockingQueue.java:467)
        at org.apache.hadoop.ipc.CallQueueManager.take(CallQueueManager.java:317)
        at org.apache.hadoop.ipc.Server$Handler.run(Server.java:2992)
"org.apache.hadoop.util.JvmPauseMonitor$Monitor@679dc1a9" daemon prio=5 tid=264 timed_waiting
java.lang.Thread.State: TIMED_WAITING
        at java.lang.Thread.sleep(Native Method)
        at org.apache.hadoop.util.JvmPauseMonitor$Monitor.run(JvmPauseMonitor.java:192)
        at java.lang.Thread.run(Thread.java:750)
"Datanode ReportManager Thread - 0" daemon prio=5 tid=204 in Object.wait()
java.lang.Thread.State: WAITING (on object monitor)
        at sun.misc.Unsafe.park(Native Method)
        at java.util.concurrent.locks.LockSupport.park(LockSupport.java:175)
        at java.util.concurrent.locks.AbstractQueuedSynchronizer$ConditionObject.await(AbstractQueuedSynchronizer.java:2039)
        at java.util.concurrent.ScheduledThreadPoolExecutor$DelayedWorkQueue.take(ScheduledThreadPoolExecutor.java:1088)
        at java.util.concurrent.ScheduledThreadPoolExecutor$DelayedWorkQueue.take(ScheduledThreadPoolExecutor.java:809)
        at java.util.concurrent.ThreadPoolExecutor.getTask(ThreadPoolExecutor.java:1074)
        at java.util.concurrent.ThreadPoolExecutor.runWorker(ThreadPoolExecutor.java:1134)
        at java.util.concurrent.ThreadPoolExecutor$Worker.run(ThreadPoolExecutor.java:624)
        at java.lang.Thread.run(Thread.java:750)
"pool-66-thread-1"  prio=5 tid=151 timed_waiting
java.lang.Thread.State: TIMED_WAITING
        at sun.misc.Unsafe.park(Native Method)
        at java.util.concurrent.locks.LockSupport.parkNanos(LockSupport.java:215)
        at java.util.concurrent.locks.AbstractQueuedSynchronizer$ConditionObject.awaitNanos(AbstractQueuedSynchronizer.java:2078)
        at java.util.concurrent.ScheduledThreadPoolExecutor$DelayedWorkQueue.take(ScheduledThreadPoolExecutor.java:1093)
        at java.util.concurrent.ScheduledThreadPoolExecutor$DelayedWorkQueue.take(ScheduledThreadPoolExecutor.java:809)
        at java.util.concurrent.ThreadPoolExecutor.getTask(ThreadPoolExecutor.java:1074)
        at java.util.concurrent.ThreadPoolExecutor.runWorker(ThreadPoolExecutor.java:1134)
        at java.util.concurrent.ThreadPoolExecutor$Worker.run(ThreadPoolExecutor.java:624)
        at java.lang.Thread.run(Thread.java:750)
"StaleRecoveringContainerScrubbingService#0" daemon prio=5 tid=295 in Object.wait()
java.lang.Thread.State: WAITING (on object monitor)
        at sun.misc.Unsafe.park(Native Method)
        at java.util.concurrent.locks.LockSupport.park(LockSupport.java:175)
        at java.util.concurrent.locks.AbstractQueuedSynchronizer$ConditionObject.await(AbstractQueuedSynchronizer.java:2039)
        at java.util.concurrent.ScheduledThreadPoolExecutor$DelayedWorkQueue.take(ScheduledThreadPoolExecutor.java:1088)
        at java.util.concurrent.ScheduledThreadPoolExecutor$DelayedWorkQueue.take(ScheduledThreadPoolExecutor.java:809)
        at java.util.concurrent.ThreadPoolExecutor.getTask(ThreadPoolExecutor.java:1074)
        at java.util.concurrent.ThreadPoolExecutor.runWorker(ThreadPoolExecutor.java:1134)
        at java.util.concurrent.ThreadPoolExecutor$Worker.run(ThreadPoolExecutor.java:624)
        at java.lang.Thread.run(Thread.java:750)
"qtp189945097-192" daemon prio=5 tid=192 runnable
java.lang.Thread.State: RUNNABLE
        at sun.nio.ch.EPollArrayWrapper.epollWait(Native Method)
        at sun.nio.ch.EPollArrayWrapper.poll(EPollArrayWrapper.java:269)
        at sun.nio.ch.EPollSelectorImpl.doSelect(EPollSelectorImpl.java:93)
        at sun.nio.ch.SelectorImpl.lockAndDoSelect(SelectorImpl.java:86)
        at sun.nio.ch.SelectorImpl.select(SelectorImpl.java:97)
        at sun.nio.ch.SelectorImpl.select(SelectorImpl.java:101)
        at org.eclipse.jetty.io.ManagedSelector.nioSelect(ManagedSelector.java:183)
        at org.eclipse.jetty.io.ManagedSelector.select(ManagedSelector.java:190)
        at org.eclipse.jetty.io.ManagedSelector$SelectorProducer.select(ManagedSelector.java:606)
        at org.eclipse.jetty.io.ManagedSelector$SelectorProducer.produce(ManagedSelector.java:543)
        at org.eclipse.jetty.util.thread.strategy.EatWhatYouKill.produceTask(EatWhatYouKill.java:362)
        at org.eclipse.jetty.util.thread.strategy.EatWhatYouKill.doProduce(EatWhatYouKill.java:186)
        at org.eclipse.jetty.util.thread.strategy.EatWhatYouKill.tryProduce(EatWhatYouKill.java:173)
        at org.eclipse.jetty.util.thread.strategy.EatWhatYouKill.produce(EatWhatYouKill.java:137)
        at org.eclipse.jetty.io.ManagedSelector$$Lambda$448/2058190325.run(Unknown Source)
        at org.eclipse.jetty.util.thread.QueuedThreadPool.runJob(QueuedThreadPool.java:883)
        at org.eclipse.jetty.util.thread.QueuedThreadPool$Runner.run(QueuedThreadPool.java:1034)
        at java.lang.Thread.run(Thread.java:750)
"4bcfc98d-1351-440f-af15-56158ce83d77-server-thread1" daemon prio=5 tid=406 timed_waiting
java.lang.Thread.State: TIMED_WAITING
        at sun.misc.Unsafe.park(Native Method)
        at java.util.concurrent.locks.LockSupport.parkNanos(LockSupport.java:215)
        at java.util.concurrent.SynchronousQueue$TransferStack.awaitFulfill(SynchronousQueue.java:460)
        at java.util.concurrent.SynchronousQueue$TransferStack.transfer(SynchronousQueue.java:362)
        at java.util.concurrent.SynchronousQueue.poll(SynchronousQueue.java:941)
        at java.util.concurrent.ThreadPoolExecutor.getTask(ThreadPoolExecutor.java:1073)
        at java.util.concurrent.ThreadPoolExecutor.runWorker(ThreadPoolExecutor.java:1134)
        at java.util.concurrent.ThreadPoolExecutor$Worker.run(ThreadPoolExecutor.java:624)
        at java.lang.Thread.run(Thread.java:750)
"b1c57afc-121c-455c-bc43-4ffbee8e4677@group-B5BFF1395F48->21b868c3-9969-4e13-ad52-9b0ac48fd138-GrpcLogAppender-LogAppenderDaemon" daemon prio=5 tid=401 timed_waiting
java.lang.Thread.State: TIMED_WAITING
        at sun.misc.Unsafe.park(Native Method)
        at java.util.concurrent.locks.LockSupport.parkNanos(LockSupport.java:215)
        at java.util.concurrent.locks.AbstractQueuedSynchronizer$ConditionObject.await(AbstractQueuedSynchronizer.java:2163)
        at org.apache.ratis.util.AwaitForSignal.await(AwaitForSignal.java:62)
        at org.apache.ratis.grpc.server.GrpcLogAppender.mayWait(GrpcLogAppender.java:198)
        at org.apache.ratis.grpc.server.GrpcLogAppender.run(GrpcLogAppender.java:148)
        at org.apache.ratis.server.leader.LogAppenderDaemon.run(LogAppenderDaemon.java:78)
        at org.apache.ratis.server.leader.LogAppenderDaemon$$Lambda$1135/499583845.run(Unknown Source)
        at java.lang.Thread.run(Thread.java:750)
"org.apache.hadoop.fs.FileSystem$Statistics$StatisticsDataReferenceCleaner" daemon prio=5 tid=418 in Object.wait()
java.lang.Thread.State: WAITING (on object monitor)
        at java.lang.Object.wait(Native Method)
        at java.lang.ref.ReferenceQueue.remove(ReferenceQueue.java:144)
        at java.lang.ref.ReferenceQueue.remove(ReferenceQueue.java:165)
        at org.apache.hadoop.fs.FileSystem$Statistics$StatisticsDataReferenceCleaner.run(FileSystem.java:4120)
        at java.lang.Thread.run(Thread.java:750)
"StaleRecoveringContainerScrubbingService#4" daemon prio=5 tid=661 in Object.wait()
java.lang.Thread.State: WAITING (on object monitor)
        at sun.misc.Unsafe.park(Native Method)
        at java.util.concurrent.locks.LockSupport.park(LockSupport.java:175)
        at java.util.concurrent.locks.AbstractQueuedSynchronizer$ConditionObject.await(AbstractQueuedSynchronizer.java:2039)
        at java.util.concurrent.ScheduledThreadPoolExecutor$DelayedWorkQueue.take(ScheduledThreadPoolExecutor.java:1088)
        at java.util.concurrent.ScheduledThreadPoolExecutor$DelayedWorkQueue.take(ScheduledThreadPoolExecutor.java:809)
        at java.util.concurrent.ThreadPoolExecutor.getTask(ThreadPoolExecutor.java:1074)
        at java.util.concurrent.ThreadPoolExecutor.runWorker(ThreadPoolExecutor.java:1134)
        at java.util.concurrent.ThreadPoolExecutor$Worker.run(ThreadPoolExecutor.java:624)
        at java.lang.Thread.run(Thread.java:750)
"Datanode ReportManager Thread - 1" daemon prio=5 tid=259 in Object.wait()
java.lang.Thread.State: WAITING (on object monitor)
        at sun.misc.Unsafe.park(Native Method)
        at java.util.concurrent.locks.LockSupport.park(LockSupport.java:175)
        at java.util.concurrent.locks.AbstractQueuedSynchronizer$ConditionObject.await(AbstractQueuedSynchronizer.java:2039)
        at java.util.concurrent.ScheduledThreadPoolExecutor$DelayedWorkQueue.take(ScheduledThreadPoolExecutor.java:1088)
        at java.util.concurrent.ScheduledThreadPoolExecutor$DelayedWorkQueue.take(ScheduledThreadPoolExecutor.java:809)
        at java.util.concurrent.ThreadPoolExecutor.getTask(ThreadPoolExecutor.java:1074)
        at java.util.concurrent.ThreadPoolExecutor.runWorker(ThreadPoolExecutor.java:1134)
        at java.util.concurrent.ThreadPoolExecutor$Worker.run(ThreadPoolExecutor.java:624)
        at java.lang.Thread.run(Thread.java:750)
"ContainerOp-cd8abe94-f173-4052-9509-b5bff1395f48-6"  prio=5 tid=466 in Object.wait()
java.lang.Thread.State: WAITING (on object monitor)
        at sun.misc.Unsafe.park(Native Method)
        at java.util.concurrent.locks.LockSupport.park(LockSupport.java:175)
        at java.util.concurrent.locks.AbstractQueuedSynchronizer$ConditionObject.await(AbstractQueuedSynchronizer.java:2039)
        at java.util.concurrent.LinkedBlockingQueue.take(LinkedBlockingQueue.java:442)
        at java.util.concurrent.ThreadPoolExecutor.getTask(ThreadPoolExecutor.java:1074)
        at java.util.concurrent.ThreadPoolExecutor.runWorker(ThreadPoolExecutor.java:1134)
        at java.util.concurrent.ThreadPoolExecutor$Worker.run(ThreadPoolExecutor.java:624)
        at java.lang.Thread.run(Thread.java:750)
"IPC Server handler 5 on default port 36703" daemon prio=5 tid=74 timed_waiting
java.lang.Thread.State: TIMED_WAITING
        at sun.misc.Unsafe.park(Native Method)
        at java.util.concurrent.locks.LockSupport.parkNanos(LockSupport.java:215)
        at java.util.concurrent.locks.AbstractQueuedSynchronizer$ConditionObject.awaitNanos(AbstractQueuedSynchronizer.java:2078)
        at java.util.concurrent.LinkedBlockingQueue.poll(LinkedBlockingQueue.java:467)
        at org.apache.hadoop.ipc.CallQueueManager.take(CallQueueManager.java:317)
        at org.apache.hadoop.ipc.Server$Handler.run(Server.java:2992)
"21b868c3-9969-4e13-ad52-9b0ac48fd138@group-B6DDDC8024D4-StateMachineUpdater" daemon prio=5 tid=332 timed_waiting
java.lang.Thread.State: TIMED_WAITING
        at sun.misc.Unsafe.park(Native Method)
        at java.util.concurrent.locks.LockSupport.parkNanos(LockSupport.java:215)
        at java.util.concurrent.locks.AbstractQueuedSynchronizer$ConditionObject.await(AbstractQueuedSynchronizer.java:2163)
        at org.apache.ratis.util.AwaitForSignal.await(AwaitForSignal.java:62)
        at org.apache.ratis.server.impl.StateMachineUpdater.waitForCommit(StateMachineUpdater.java:207)
        at org.apache.ratis.server.impl.StateMachineUpdater.run(StateMachineUpdater.java:176)
        at java.lang.Thread.run(Thread.java:750)
"ContainerOp-fe8f8231-531f-40c6-a24e-b6dddc8024d4-6"  prio=5 tid=488 in Object.wait()
java.lang.Thread.State: WAITING (on object monitor)
        at sun.misc.Unsafe.park(Native Method)
        at java.util.concurrent.locks.LockSupport.park(LockSupport.java:175)
        at java.util.concurrent.locks.AbstractQueuedSynchronizer$ConditionObject.await(AbstractQueuedSynchronizer.java:2039)
        at java.util.concurrent.LinkedBlockingQueue.take(LinkedBlockingQueue.java:442)
        at java.util.concurrent.ThreadPoolExecutor.getTask(ThreadPoolExecutor.java:1074)
        at java.util.concurrent.ThreadPoolExecutor.runWorker(ThreadPoolExecutor.java:1134)
        at java.util.concurrent.ThreadPoolExecutor$Worker.run(ThreadPoolExecutor.java:624)
        at java.lang.Thread.run(Thread.java:750)
"ContainerOp-fe8f8231-531f-40c6-a24e-b6dddc8024d4-4"  prio=5 tid=473 in Object.wait()
java.lang.Thread.State: WAITING (on object monitor)
        at sun.misc.Unsafe.park(Native Method)
        at java.util.concurrent.locks.LockSupport.park(LockSupport.java:175)
        at java.util.concurrent.locks.AbstractQueuedSynchronizer$ConditionObject.await(AbstractQueuedSynchronizer.java:2039)
        at java.util.concurrent.LinkedBlockingQueue.take(LinkedBlockingQueue.java:442)
        at java.util.concurrent.ThreadPoolExecutor.getTask(ThreadPoolExecutor.java:1074)
        at java.util.concurrent.ThreadPoolExecutor.runWorker(ThreadPoolExecutor.java:1134)
        at java.util.concurrent.ThreadPoolExecutor$Worker.run(ThreadPoolExecutor.java:624)
        at java.lang.Thread.run(Thread.java:750)
"ContainerOp-cd8abe94-f173-4052-9509-b5bff1395f48-1"  prio=5 tid=430 in Object.wait()
java.lang.Thread.State: WAITING (on object monitor)
        at sun.misc.Unsafe.park(Native Method)
        at java.util.concurrent.locks.LockSupport.park(LockSupport.java:175)
        at java.util.concurrent.locks.AbstractQueuedSynchronizer$ConditionObject.await(AbstractQueuedSynchronizer.java:2039)
        at java.util.concurrent.LinkedBlockingQueue.take(LinkedBlockingQueue.java:442)
        at java.util.concurrent.ThreadPoolExecutor.getTask(ThreadPoolExecutor.java:1074)
        at java.util.concurrent.ThreadPoolExecutor.runWorker(ThreadPoolExecutor.java:1134)
        at java.util.concurrent.ThreadPoolExecutor$Worker.run(ThreadPoolExecutor.java:624)
        at java.lang.Thread.run(Thread.java:750)
"qtp551301975-157" daemon prio=5 tid=157 timed_waiting
java.lang.Thread.State: TIMED_WAITING
        at sun.misc.Unsafe.park(Native Method)
        at java.util.concurrent.locks.LockSupport.parkNanos(LockSupport.java:215)
        at java.util.concurrent.locks.AbstractQueuedSynchronizer$ConditionObject.awaitNanos(AbstractQueuedSynchronizer.java:2078)
        at org.eclipse.jetty.util.BlockingArrayQueue.poll(BlockingArrayQueue.java:382)
        at org.eclipse.jetty.util.thread.QueuedThreadPool$Runner.idleJobPoll(QueuedThreadPool.java:974)
        at org.eclipse.jetty.util.thread.QueuedThreadPool$Runner.run(QueuedThreadPool.java:1018)
        at java.lang.Thread.run(Thread.java:750)
"PartialTableCache Cleanup Thread - 0" daemon prio=5 tid=424 in Object.wait()
java.lang.Thread.State: WAITING (on object monitor)
        at sun.misc.Unsafe.park(Native Method)
        at java.util.concurrent.locks.LockSupport.park(LockSupport.java:175)
        at java.util.concurrent.locks.AbstractQueuedSynchronizer$ConditionObject.await(AbstractQueuedSynchronizer.java:2039)
        at java.util.concurrent.LinkedBlockingQueue.take(LinkedBlockingQueue.java:442)
        at java.util.concurrent.ThreadPoolExecutor.getTask(ThreadPoolExecutor.java:1074)
        at java.util.concurrent.ThreadPoolExecutor.runWorker(ThreadPoolExecutor.java:1134)
        at java.util.concurrent.ThreadPoolExecutor$Worker.run(ThreadPoolExecutor.java:624)
        at java.lang.Thread.run(Thread.java:750)
"BlockDeletingService#4" daemon prio=5 tid=662 in Object.wait()
java.lang.Thread.State: WAITING (on object monitor)
        at sun.misc.Unsafe.park(Native Method)
        at java.util.concurrent.locks.LockSupport.park(LockSupport.java:175)
        at java.util.concurrent.locks.AbstractQueuedSynchronizer$ConditionObject.await(AbstractQueuedSynchronizer.java:2039)
        at java.util.concurrent.ScheduledThreadPoolExecutor$DelayedWorkQueue.take(ScheduledThreadPoolExecutor.java:1088)
        at java.util.concurrent.ScheduledThreadPoolExecutor$DelayedWorkQueue.take(ScheduledThreadPoolExecutor.java:809)
        at java.util.concurrent.ThreadPoolExecutor.getTask(ThreadPoolExecutor.java:1074)
        at java.util.concurrent.ThreadPoolExecutor.runWorker(ThreadPoolExecutor.java:1134)
        at java.util.concurrent.ThreadPoolExecutor$Worker.run(ThreadPoolExecutor.java:624)
        at java.lang.Thread.run(Thread.java:750)
"IPC Parameter Sending Thread for 0.0.0.0/0.0.0.0:37905" daemon prio=5 tid=275 timed_waiting
java.lang.Thread.State: TIMED_WAITING
        at sun.misc.Unsafe.park(Native Method)
        at java.util.concurrent.locks.LockSupport.parkNanos(LockSupport.java:215)
        at java.util.concurrent.SynchronousQueue$TransferQueue.awaitFulfill(SynchronousQueue.java:764)
        at java.util.concurrent.SynchronousQueue$TransferQueue.transfer(SynchronousQueue.java:695)
        at java.util.concurrent.SynchronousQueue.poll(SynchronousQueue.java:941)
        at org.apache.hadoop.ipc.Client$Connection$RpcRequestSender.run(Client.java:1122)
        at java.lang.Thread.run(Thread.java:750)
"Datanode State Machine Daemon Thread" daemon prio=5 tid=203 timed_waiting
java.lang.Thread.State: TIMED_WAITING
        at java.lang.Thread.sleep(Native Method)
        at org.apache.hadoop.ozone.container.common.statemachine.DatanodeStateMachine.startStateMachineThread(DatanodeStateMachine.java:336)
        at org.apache.hadoop.ozone.container.common.statemachine.DatanodeStateMachine.lambda$startDaemon$0(DatanodeStateMachine.java:518)
        at org.apache.hadoop.ozone.container.common.statemachine.DatanodeStateMachine$$Lambda$868/49292481.run(Unknown Source)
        at java.lang.Thread.run(Thread.java:750)
"IPC Server handler 1 on default port 36703" daemon prio=5 tid=70 timed_waiting
java.lang.Thread.State: TIMED_WAITING
        at sun.misc.Unsafe.park(Native Method)
        at java.util.concurrent.locks.LockSupport.parkNanos(LockSupport.java:215)
        at java.util.concurrent.locks.AbstractQueuedSynchronizer$ConditionObject.awaitNanos(AbstractQueuedSynchronizer.java:2078)
        at java.util.concurrent.LinkedBlockingQueue.poll(LinkedBlockingQueue.java:467)
        at org.apache.hadoop.ipc.CallQueueManager.take(CallQueueManager.java:317)
        at org.apache.hadoop.ipc.Server$Handler.run(Server.java:2992)
"timer6" daemon prio=5 tid=403 timed_waiting
java.lang.Thread.State: TIMED_WAITING
        at java.lang.Object.wait(Native Method)
        at java.util.TimerThread.mainLoop(Timer.java:552)
        at java.util.TimerThread.run(Timer.java:505)
"grpc-default-executor-4" daemon prio=5 tid=660 timed_waiting
java.lang.Thread.State: TIMED_WAITING
        at sun.misc.Unsafe.park(Native Method)
        at java.util.concurrent.locks.LockSupport.parkNanos(LockSupport.java:215)
        at java.util.concurrent.SynchronousQueue$TransferStack.awaitFulfill(SynchronousQueue.java:460)
        at java.util.concurrent.SynchronousQueue$TransferStack.transfer(SynchronousQueue.java:362)
        at java.util.concurrent.SynchronousQueue.poll(SynchronousQueue.java:941)
        at java.util.concurrent.ThreadPoolExecutor.getTask(ThreadPoolExecutor.java:1073)
        at java.util.concurrent.ThreadPoolExecutor.runWorker(ThreadPoolExecutor.java:1134)
        at java.util.concurrent.ThreadPoolExecutor$Worker.run(ThreadPoolExecutor.java:624)
        at java.lang.Thread.run(Thread.java:750)
"Hadoop-Metrics-Updater-0" daemon prio=5 tid=37 timed_waiting
java.lang.Thread.State: TIMED_WAITING
        at sun.misc.Unsafe.park(Native Method)
        at java.util.concurrent.locks.LockSupport.parkNanos(LockSupport.java:215)
        at java.util.concurrent.locks.AbstractQueuedSynchronizer$ConditionObject.awaitNanos(AbstractQueuedSynchronizer.java:2078)
        at java.util.concurrent.ScheduledThreadPoolExecutor$DelayedWorkQueue.take(ScheduledThreadPoolExecutor.java:1093)
        at java.util.concurrent.ScheduledThreadPoolExecutor$DelayedWorkQueue.take(ScheduledThreadPoolExecutor.java:809)
        at java.util.concurrent.ThreadPoolExecutor.getTask(ThreadPoolExecutor.java:1074)
        at java.util.concurrent.ThreadPoolExecutor.runWorker(ThreadPoolExecutor.java:1134)
        at java.util.concurrent.ThreadPoolExecutor$Worker.run(ThreadPoolExecutor.java:624)
        at java.lang.Thread.run(Thread.java:750)
"StaleRecoveringContainerScrubbingService#0" daemon prio=5 tid=283 in Object.wait()
java.lang.Thread.State: WAITING (on object monitor)
        at sun.misc.Unsafe.park(Native Method)
        at java.util.concurrent.locks.LockSupport.park(LockSupport.java:175)
        at java.util.concurrent.locks.AbstractQueuedSynchronizer$ConditionObject.await(AbstractQueuedSynchronizer.java:2039)
        at java.util.concurrent.ScheduledThreadPoolExecutor$DelayedWorkQueue.take(ScheduledThreadPoolExecutor.java:1088)
        at java.util.concurrent.ScheduledThreadPoolExecutor$DelayedWorkQueue.take(ScheduledThreadPoolExecutor.java:809)
        at java.util.concurrent.ThreadPoolExecutor.getTask(ThreadPoolExecutor.java:1074)
        at java.util.concurrent.ThreadPoolExecutor.runWorker(ThreadPoolExecutor.java:1134)
        at java.util.concurrent.ThreadPoolExecutor$Worker.run(ThreadPoolExecutor.java:624)
        at java.lang.Thread.run(Thread.java:750)
"IPC Server handler 11 on default port 37905" daemon prio=5 tid=100 timed_waiting
java.lang.Thread.State: TIMED_WAITING
        at sun.misc.Unsafe.park(Native Method)
        at java.util.concurrent.locks.LockSupport.parkNanos(LockSupport.java:215)
        at java.util.concurrent.locks.AbstractQueuedSynchronizer$ConditionObject.awaitNanos(AbstractQueuedSynchronizer.java:2078)
        at java.util.concurrent.LinkedBlockingQueue.poll(LinkedBlockingQueue.java:467)
        at org.apache.hadoop.ipc.CallQueueManager.take(CallQueueManager.java:317)
        at org.apache.hadoop.ipc.Server$Handler.run(Server.java:2992)
"IPC Server handler 16 on default port 37905" daemon prio=5 tid=105 timed_waiting
java.lang.Thread.State: TIMED_WAITING
        at sun.misc.Unsafe.park(Native Method)
        at java.util.concurrent.locks.LockSupport.parkNanos(LockSupport.java:215)
        at java.util.concurrent.locks.AbstractQueuedSynchronizer$ConditionObject.awaitNanos(AbstractQueuedSynchronizer.java:2078)
        at java.util.concurrent.LinkedBlockingQueue.poll(LinkedBlockingQueue.java:467)
        at org.apache.hadoop.ipc.CallQueueManager.take(CallQueueManager.java:317)
        at org.apache.hadoop.ipc.Server$Handler.run(Server.java:2992)
"qtp551301975-158" daemon prio=5 tid=158 timed_waiting
java.lang.Thread.State: TIMED_WAITING
        at sun.misc.Unsafe.park(Native Method)
        at java.util.concurrent.locks.LockSupport.parkNanos(LockSupport.java:215)
        at java.util.concurrent.locks.AbstractQueuedSynchronizer$ConditionObject.awaitNanos(AbstractQueuedSynchronizer.java:2078)
        at org.eclipse.jetty.util.BlockingArrayQueue.poll(BlockingArrayQueue.java:382)
        at org.eclipse.jetty.util.thread.QueuedThreadPool$Runner.idleJobPoll(QueuedThreadPool.java:974)
        at org.eclipse.jetty.util.thread.QueuedThreadPool$Runner.run(QueuedThreadPool.java:1018)
        at java.lang.Thread.run(Thread.java:750)
"ChunkWriter-0-0" daemon prio=5 tid=276 in Object.wait()
java.lang.Thread.State: WAITING (on object monitor)
        at sun.misc.Unsafe.park(Native Method)
        at java.util.concurrent.locks.LockSupport.park(LockSupport.java:175)
        at java.util.concurrent.locks.AbstractQueuedSynchronizer$ConditionObject.await(AbstractQueuedSynchronizer.java:2039)
        at java.util.concurrent.LinkedBlockingDeque.takeFirst(LinkedBlockingDeque.java:492)
        at java.util.concurrent.LinkedBlockingDeque.take(LinkedBlockingDeque.java:680)
        at java.util.concurrent.ThreadPoolExecutor.getTask(ThreadPoolExecutor.java:1074)
        at java.util.concurrent.ThreadPoolExecutor.runWorker(ThreadPoolExecutor.java:1134)
        at java.util.concurrent.ThreadPoolExecutor$Worker.run(ThreadPoolExecutor.java:624)
        at java.lang.Thread.run(Thread.java:750)
"SnapshotDeletingService#0" daemon prio=5 tid=150 timed_waiting
java.lang.Thread.State: TIMED_WAITING
        at sun.misc.Unsafe.park(Native Method)
        at java.util.concurrent.locks.LockSupport.parkNanos(LockSupport.java:215)
        at java.util.concurrent.locks.AbstractQueuedSynchronizer$ConditionObject.awaitNanos(AbstractQueuedSynchronizer.java:2078)
        at java.util.concurrent.ScheduledThreadPoolExecutor$DelayedWorkQueue.take(ScheduledThreadPoolExecutor.java:1093)
        at java.util.concurrent.ScheduledThreadPoolExecutor$DelayedWorkQueue.take(ScheduledThreadPoolExecutor.java:809)
        at java.util.concurrent.ThreadPoolExecutor.getTask(ThreadPoolExecutor.java:1074)
        at java.util.concurrent.ThreadPoolExecutor.runWorker(ThreadPoolExecutor.java:1134)
        at java.util.concurrent.ThreadPoolExecutor$Worker.run(ThreadPoolExecutor.java:624)
        at java.lang.Thread.run(Thread.java:750)
"21b868c3-9969-4e13-ad52-9b0ac48fd138@group-B5BFF1395F48-StateMachineUpdater" daemon prio=5 tid=359 timed_waiting
java.lang.Thread.State: TIMED_WAITING
        at sun.misc.Unsafe.park(Native Method)
        at java.util.concurrent.locks.LockSupport.parkNanos(LockSupport.java:215)
        at java.util.concurrent.locks.AbstractQueuedSynchronizer$ConditionObject.await(AbstractQueuedSynchronizer.java:2163)
        at org.apache.ratis.util.AwaitForSignal.await(AwaitForSignal.java:62)
        at org.apache.ratis.server.impl.StateMachineUpdater.waitForCommit(StateMachineUpdater.java:207)
        at org.apache.ratis.server.impl.StateMachineUpdater.run(StateMachineUpdater.java:176)
        at java.lang.Thread.run(Thread.java:750)
"IPC Server idle connection scanner for port 37905" daemon prio=5 tid=25 timed_waiting
java.lang.Thread.State: TIMED_WAITING
        at java.lang.Object.wait(Native Method)
        at java.util.TimerThread.mainLoop(Timer.java:552)
        at java.util.TimerThread.run(Timer.java:505)
"IPC Server handler 2 on default port 36647" daemon prio=5 tid=51 timed_waiting
java.lang.Thread.State: TIMED_WAITING
        at sun.misc.Unsafe.park(Native Method)
        at java.util.concurrent.locks.LockSupport.parkNanos(LockSupport.java:215)
        at java.util.concurrent.locks.AbstractQueuedSynchronizer$ConditionObject.awaitNanos(AbstractQueuedSynchronizer.java:2078)
        at java.util.concurrent.LinkedBlockingQueue.poll(LinkedBlockingQueue.java:467)
        at org.apache.hadoop.ipc.CallQueueManager.take(CallQueueManager.java:317)
        at org.apache.hadoop.ipc.Server$Handler.run(Server.java:2992)
"IPC Server listener on 0" daemon prio=5 tid=23 runnable
java.lang.Thread.State: RUNNABLE
        at sun.nio.ch.EPollArrayWrapper.epollWait(Native Method)
        at sun.nio.ch.EPollArrayWrapper.poll(EPollArrayWrapper.java:269)
        at sun.nio.ch.EPollSelectorImpl.doSelect(EPollSelectorImpl.java:93)
        at sun.nio.ch.SelectorImpl.lockAndDoSelect(SelectorImpl.java:86)
        at sun.nio.ch.SelectorImpl.select(SelectorImpl.java:97)
        at sun.nio.ch.SelectorImpl.select(SelectorImpl.java:101)
        at org.apache.hadoop.ipc.Server$Listener.run(Server.java:1404)
"IPC Server handler 7 on default port 36647" daemon prio=5 tid=56 timed_waiting
java.lang.Thread.State: TIMED_WAITING
        at sun.misc.Unsafe.park(Native Method)
        at java.util.concurrent.locks.LockSupport.parkNanos(LockSupport.java:215)
        at java.util.concurrent.locks.AbstractQueuedSynchronizer$ConditionObject.awaitNanos(AbstractQueuedSynchronizer.java:2078)
        at java.util.concurrent.LinkedBlockingQueue.poll(LinkedBlockingQueue.java:467)
        at org.apache.hadoop.ipc.CallQueueManager.take(CallQueueManager.java:317)
        at org.apache.hadoop.ipc.Server$Handler.run(Server.java:2992)
"ContainerOp-fe8f8231-531f-40c6-a24e-b6dddc8024d4-1"  prio=5 tid=449 in Object.wait()
java.lang.Thread.State: WAITING (on object monitor)
        at sun.misc.Unsafe.park(Native Method)
        at java.util.concurrent.locks.LockSupport.park(LockSupport.java:175)
        at java.util.concurrent.locks.AbstractQueuedSynchronizer$ConditionObject.await(AbstractQueuedSynchronizer.java:2039)
        at java.util.concurrent.LinkedBlockingQueue.take(LinkedBlockingQueue.java:442)
        at java.util.concurrent.ThreadPoolExecutor.getTask(ThreadPoolExecutor.java:1074)
        at java.util.concurrent.ThreadPoolExecutor.runWorker(ThreadPoolExecutor.java:1134)
        at java.util.concurrent.ThreadPoolExecutor$Worker.run(ThreadPoolExecutor.java:624)
        at java.lang.Thread.run(Thread.java:750)
"SCMBlockDeletingService#0" daemon prio=5 tid=109 timed_waiting
java.lang.Thread.State: TIMED_WAITING
        at sun.misc.Unsafe.park(Native Method)
        at java.util.concurrent.locks.LockSupport.parkNanos(LockSupport.java:215)
        at java.util.concurrent.locks.AbstractQueuedSynchronizer$ConditionObject.awaitNanos(AbstractQueuedSynchronizer.java:2078)
        at java.util.concurrent.ScheduledThreadPoolExecutor$DelayedWorkQueue.take(ScheduledThreadPoolExecutor.java:1093)
        at java.util.concurrent.ScheduledThreadPoolExecutor$DelayedWorkQueue.take(ScheduledThreadPoolExecutor.java:809)
        at java.util.concurrent.ThreadPoolExecutor.getTask(ThreadPoolExecutor.java:1074)
        at java.util.concurrent.ThreadPoolExecutor.runWorker(ThreadPoolExecutor.java:1134)
        at java.util.concurrent.ThreadPoolExecutor$Worker.run(ThreadPoolExecutor.java:624)
        at java.lang.Thread.run(Thread.java:750)
"DatanodeAdminManager-0" daemon prio=5 tid=21 timed_waiting
java.lang.Thread.State: TIMED_WAITING
        at sun.misc.Unsafe.park(Native Method)
        at java.util.concurrent.locks.LockSupport.parkNanos(LockSupport.java:215)
        at java.util.concurrent.locks.AbstractQueuedSynchronizer$ConditionObject.awaitNanos(AbstractQueuedSynchronizer.java:2078)
        at java.util.concurrent.ScheduledThreadPoolExecutor$DelayedWorkQueue.take(ScheduledThreadPoolExecutor.java:1093)
        at java.util.concurrent.ScheduledThreadPoolExecutor$DelayedWorkQueue.take(ScheduledThreadPoolExecutor.java:809)
        at java.util.concurrent.ThreadPoolExecutor.getTask(ThreadPoolExecutor.java:1074)
        at java.util.concurrent.ThreadPoolExecutor.runWorker(ThreadPoolExecutor.java:1134)
        at java.util.concurrent.ThreadPoolExecutor$Worker.run(ThreadPoolExecutor.java:624)
        at java.lang.Thread.run(Thread.java:750)
"FixedThreadPoolWithAffinityExecutor-7-0" daemon prio=5 tid=45 timed_waiting
java.lang.Thread.State: TIMED_WAITING
        at sun.misc.Unsafe.park(Native Method)
        at java.util.concurrent.locks.LockSupport.parkNanos(LockSupport.java:215)
        at java.util.concurrent.locks.AbstractQueuedSynchronizer$ConditionObject.awaitNanos(AbstractQueuedSynchronizer.java:2078)
        at java.util.concurrent.LinkedBlockingQueue.poll(LinkedBlockingQueue.java:467)
        at org.apache.hadoop.hdds.scm.server.ContainerReportQueue.poll(ContainerReportQueue.java:266)
        at org.apache.hadoop.hdds.scm.server.ContainerReportQueue.poll(ContainerReportQueue.java:42)
        at org.apache.hadoop.hdds.server.events.FixedThreadPoolWithAffinityExecutor$ContainerReportProcessTask.run(FixedThreadPoolWithAffinityExecutor.java:247)
        at java.util.concurrent.Executors$RunnableAdapter.call(Executors.java:511)
        at java.util.concurrent.FutureTask.run(FutureTask.java:266)
        at java.util.concurrent.ThreadPoolExecutor.runWorker(ThreadPoolExecutor.java:1149)
        at java.util.concurrent.ThreadPoolExecutor$Worker.run(ThreadPoolExecutor.java:624)
        at java.lang.Thread.run(Thread.java:750)
"IPC Server handler 19 on default port 37905" daemon prio=5 tid=108 timed_waiting
java.lang.Thread.State: TIMED_WAITING
        at sun.misc.Unsafe.park(Native Method)
        at java.util.concurrent.locks.LockSupport.parkNanos(LockSupport.java:215)
        at java.util.concurrent.locks.AbstractQueuedSynchronizer$ConditionObject.awaitNanos(AbstractQueuedSynchronizer.java:2078)
        at java.util.concurrent.LinkedBlockingQueue.poll(LinkedBlockingQueue.java:467)
        at org.apache.hadoop.ipc.CallQueueManager.take(CallQueueManager.java:317)
        at org.apache.hadoop.ipc.Server$Handler.run(Server.java:2992)
"b1c57afc-121c-455c-bc43-4ffbee8e4677@group-B5BFF1395F48-StateMachineUpdater" daemon prio=5 tid=346 timed_waiting
java.lang.Thread.State: TIMED_WAITING
        at sun.misc.Unsafe.park(Native Method)
        at java.util.concurrent.locks.LockSupport.parkNanos(LockSupport.java:215)
        at java.util.concurrent.locks.AbstractQueuedSynchronizer$ConditionObject.await(AbstractQueuedSynchronizer.java:2163)
        at org.apache.ratis.util.AwaitForSignal.await(AwaitForSignal.java:62)
        at org.apache.ratis.server.impl.StateMachineUpdater.waitForCommit(StateMachineUpdater.java:207)
        at org.apache.ratis.server.impl.StateMachineUpdater.run(StateMachineUpdater.java:176)
        at java.lang.Thread.run(Thread.java:750)
"IPC Server handler 2 on default port 45463" daemon prio=5 tid=163 timed_waiting
java.lang.Thread.State: TIMED_WAITING
        at sun.misc.Unsafe.park(Native Method)
        at java.util.concurrent.locks.LockSupport.parkNanos(LockSupport.java:215)
        at java.util.concurrent.locks.AbstractQueuedSynchronizer$ConditionObject.awaitNanos(AbstractQueuedSynchronizer.java:2078)
        at java.util.concurrent.LinkedBlockingQueue.poll(LinkedBlockingQueue.java:467)
        at org.apache.hadoop.ipc.CallQueueManager.take(CallQueueManager.java:317)
        at org.apache.hadoop.ipc.Server$Handler.run(Server.java:2992)
"Datanode ReportManager Thread - 1" daemon prio=5 tid=205 in Object.wait()
java.lang.Thread.State: WAITING (on object monitor)
        at sun.misc.Unsafe.park(Native Method)
        at java.util.concurrent.locks.LockSupport.park(LockSupport.java:175)
        at java.util.concurrent.locks.AbstractQueuedSynchronizer$ConditionObject.await(AbstractQueuedSynchronizer.java:2039)
        at java.util.concurrent.ScheduledThreadPoolExecutor$DelayedWorkQueue.take(ScheduledThreadPoolExecutor.java:1088)
        at java.util.concurrent.ScheduledThreadPoolExecutor$DelayedWorkQueue.take(ScheduledThreadPoolExecutor.java:809)
        at java.util.concurrent.ThreadPoolExecutor.getTask(ThreadPoolExecutor.java:1074)
        at java.util.concurrent.ThreadPoolExecutor.runWorker(ThreadPoolExecutor.java:1134)
        at java.util.concurrent.ThreadPoolExecutor$Worker.run(ThreadPoolExecutor.java:624)
        at java.lang.Thread.run(Thread.java:750)
"IPC Server handler 0 on default port 36703" daemon prio=5 tid=69 timed_waiting
java.lang.Thread.State: TIMED_WAITING
        at sun.misc.Unsafe.park(Native Method)
        at java.util.concurrent.locks.LockSupport.parkNanos(LockSupport.java:215)
        at java.util.concurrent.locks.AbstractQueuedSynchronizer$ConditionObject.awaitNanos(AbstractQueuedSynchronizer.java:2078)
        at java.util.concurrent.LinkedBlockingQueue.poll(LinkedBlockingQueue.java:467)
        at org.apache.hadoop.ipc.CallQueueManager.take(CallQueueManager.java:317)
        at org.apache.hadoop.ipc.Server$Handler.run(Server.java:2992)
"grpc-default-worker-ELG-3-2" daemon prio=5 tid=328 runnable
java.lang.Thread.State: RUNNABLE
        at org.apache.ratis.thirdparty.io.netty.channel.epoll.Native.epollWait0(Native Method)
        at org.apache.ratis.thirdparty.io.netty.channel.epoll.Native.epollWait(Native.java:182)
        at org.apache.ratis.thirdparty.io.netty.channel.epoll.EpollEventLoop.epollWait(EpollEventLoop.java:290)
        at org.apache.ratis.thirdparty.io.netty.channel.epoll.EpollEventLoop.run(EpollEventLoop.java:354)
        at org.apache.ratis.thirdparty.io.netty.util.concurrent.SingleThreadEventExecutor$4.run(SingleThreadEventExecutor.java:995)
        at org.apache.ratis.thirdparty.io.netty.util.internal.ThreadExecutorMap$2.run(ThreadExecutorMap.java:74)
        at org.apache.ratis.thirdparty.io.netty.util.concurrent.FastThreadLocalRunnable.run(FastThreadLocalRunnable.java:30)
        at java.lang.Thread.run(Thread.java:750)
"Timer-0"  prio=5 tid=145 timed_waiting
java.lang.Thread.State: TIMED_WAITING
        at java.lang.Object.wait(Native Method)
        at java.util.TimerThread.mainLoop(Timer.java:552)
        at java.util.TimerThread.run(Timer.java:505)
"Hadoop-Metrics-Updater-0" daemon prio=5 tid=27 timed_waiting
java.lang.Thread.State: TIMED_WAITING
        at sun.misc.Unsafe.park(Native Method)
        at java.util.concurrent.locks.LockSupport.parkNanos(LockSupport.java:215)
        at java.util.concurrent.locks.AbstractQueuedSynchronizer$ConditionObject.awaitNanos(AbstractQueuedSynchronizer.java:2078)
        at java.util.concurrent.ScheduledThreadPoolExecutor$DelayedWorkQueue.take(ScheduledThreadPoolExecutor.java:1093)
        at java.util.concurrent.ScheduledThreadPoolExecutor$DelayedWorkQueue.take(ScheduledThreadPoolExecutor.java:809)
        at java.util.concurrent.ThreadPoolExecutor.getTask(ThreadPoolExecutor.java:1074)
        at java.util.concurrent.ThreadPoolExecutor.runWorker(ThreadPoolExecutor.java:1134)
        at java.util.concurrent.ThreadPoolExecutor$Worker.run(ThreadPoolExecutor.java:624)
        at java.lang.Thread.run(Thread.java:750)
"org.apache.hadoop.ozone.container.common.statemachine.commandhandler.DeleteBlocksCommandHandler$DeleteCmdWorker@2b10803e" daemon prio=5 tid=246 timed_waiting
java.lang.Thread.State: TIMED_WAITING
        at java.lang.Thread.sleep(Native Method)
        at org.apache.hadoop.ozone.container.common.statemachine.commandhandler.DeleteBlocksCommandHandler$DeleteCmdWorker.run(DeleteBlocksCommandHandler.java:187)
        at java.lang.Thread.run(Thread.java:750)
"qtp1652609556-228" daemon prio=5 tid=228 timed_waiting
java.lang.Thread.State: TIMED_WAITING
        at sun.misc.Unsafe.park(Native Method)
        at java.util.concurrent.locks.LockSupport.parkNanos(LockSupport.java:215)
        at java.util.concurrent.locks.AbstractQueuedSynchronizer$ConditionObject.awaitNanos(AbstractQueuedSynchronizer.java:2078)
        at org.eclipse.jetty.util.BlockingArrayQueue.poll(BlockingArrayQueue.java:382)
        at org.eclipse.jetty.util.thread.QueuedThreadPool$Runner.idleJobPoll(QueuedThreadPool.java:974)
        at org.eclipse.jetty.util.thread.QueuedThreadPool$Runner.run(QueuedThreadPool.java:1018)
        at java.lang.Thread.run(Thread.java:750)
"ContainerOp-fe8f8231-531f-40c6-a24e-b6dddc8024d4-7"  prio=5 tid=491 in Object.wait()
java.lang.Thread.State: WAITING (on object monitor)
        at sun.misc.Unsafe.park(Native Method)
        at java.util.concurrent.locks.LockSupport.park(LockSupport.java:175)
        at java.util.concurrent.locks.AbstractQueuedSynchronizer$ConditionObject.await(AbstractQueuedSynchronizer.java:2039)
        at java.util.concurrent.LinkedBlockingQueue.take(LinkedBlockingQueue.java:442)
        at java.util.concurrent.ThreadPoolExecutor.getTask(ThreadPoolExecutor.java:1074)
        at java.util.concurrent.ThreadPoolExecutor.runWorker(ThreadPoolExecutor.java:1134)
        at java.util.concurrent.ThreadPoolExecutor$Worker.run(ThreadPoolExecutor.java:624)
        at java.lang.Thread.run(Thread.java:750)
"IPC Server handler 4 on default port 36647" daemon prio=5 tid=53 timed_waiting
java.lang.Thread.State: TIMED_WAITING
        at sun.misc.Unsafe.park(Native Method)
        at java.util.concurrent.locks.LockSupport.parkNanos(LockSupport.java:215)
        at java.util.concurrent.locks.AbstractQueuedSynchronizer$ConditionObject.awaitNanos(AbstractQueuedSynchronizer.java:2078)
        at java.util.concurrent.LinkedBlockingQueue.poll(LinkedBlockingQueue.java:467)
        at org.apache.hadoop.ipc.CallQueueManager.take(CallQueueManager.java:317)
        at org.apache.hadoop.ipc.Server$Handler.run(Server.java:2992)
"21b868c3-9969-4e13-ad52-9b0ac48fd138@group-B5BFF1395F48-FollowerState" daemon prio=5 tid=398 timed_waiting
java.lang.Thread.State: TIMED_WAITING
        at java.lang.Thread.sleep(Native Method)
        at java.lang.Thread.sleep(Thread.java:342)
        at java.util.concurrent.TimeUnit.sleep(TimeUnit.java:386)
        at org.apache.ratis.util.TimeDuration.sleep(TimeDuration.java:325)
        at org.apache.ratis.util.TimeDuration.sleep(TimeDuration.java:310)
        at org.apache.ratis.server.impl.FollowerState.run(FollowerState.java:128)
"ContainerOp-cd8abe94-f173-4052-9509-b5bff1395f48-0"  prio=5 tid=428 in Object.wait()
java.lang.Thread.State: WAITING (on object monitor)
        at sun.misc.Unsafe.park(Native Method)
        at java.util.concurrent.locks.LockSupport.park(LockSupport.java:175)
        at java.util.concurrent.locks.AbstractQueuedSynchronizer$ConditionObject.await(AbstractQueuedSynchronizer.java:2039)
        at java.util.concurrent.LinkedBlockingQueue.take(LinkedBlockingQueue.java:442)
        at java.util.concurrent.ThreadPoolExecutor.getTask(ThreadPoolExecutor.java:1074)
        at java.util.concurrent.ThreadPoolExecutor.runWorker(ThreadPoolExecutor.java:1134)
        at java.util.concurrent.ThreadPoolExecutor$Worker.run(ThreadPoolExecutor.java:624)
        at java.lang.Thread.run(Thread.java:750)
"qtp551301975-155" daemon prio=5 tid=155 timed_waiting
java.lang.Thread.State: TIMED_WAITING
        at sun.misc.Unsafe.park(Native Method)
        at java.util.concurrent.locks.LockSupport.parkNanos(LockSupport.java:215)
        at java.util.concurrent.locks.AbstractQueuedSynchronizer$ConditionObject.awaitNanos(AbstractQueuedSynchronizer.java:2078)
        at org.eclipse.jetty.util.BlockingArrayQueue.poll(BlockingArrayQueue.java:382)
        at org.eclipse.jetty.util.thread.QueuedThreadPool$Runner.idleJobPoll(QueuedThreadPool.java:974)
        at org.eclipse.jetty.util.thread.QueuedThreadPool$Runner.run(QueuedThreadPool.java:1018)
        at java.lang.Thread.run(Thread.java:750)
"4bcfc98d-1351-440f-af15-56158ce83d77@group-88854C34A86D-StateMachineUpdater" daemon prio=5 tid=338 timed_waiting
java.lang.Thread.State: TIMED_WAITING
        at sun.misc.Unsafe.park(Native Method)
        at java.util.concurrent.locks.LockSupport.parkNanos(LockSupport.java:215)
        at java.util.concurrent.locks.AbstractQueuedSynchronizer$ConditionObject.await(AbstractQueuedSynchronizer.java:2163)
        at org.apache.ratis.util.AwaitForSignal.await(AwaitForSignal.java:62)
        at org.apache.ratis.server.impl.StateMachineUpdater.waitForCommit(StateMachineUpdater.java:207)
        at org.apache.ratis.server.impl.StateMachineUpdater.run(StateMachineUpdater.java:176)
        at java.lang.Thread.run(Thread.java:750)
"IPC Server handler 18 on default port 36647" daemon prio=5 tid=67 timed_waiting
java.lang.Thread.State: TIMED_WAITING
        at sun.misc.Unsafe.park(Native Method)
        at java.util.concurrent.locks.LockSupport.parkNanos(LockSupport.java:215)
        at java.util.concurrent.locks.AbstractQueuedSynchronizer$ConditionObject.awaitNanos(AbstractQueuedSynchronizer.java:2078)
        at java.util.concurrent.LinkedBlockingQueue.poll(LinkedBlockingQueue.java:467)
        at org.apache.hadoop.ipc.CallQueueManager.take(CallQueueManager.java:317)
        at org.apache.hadoop.ipc.Server$Handler.run(Server.java:2992)
"EventQueue-NodeRegistrationContainerReportForContainerSafeModeRule" daemon prio=5 tid=312 in Object.wait()
java.lang.Thread.State: WAITING (on object monitor)
        at sun.misc.Unsafe.park(Native Method)
        at java.util.concurrent.locks.LockSupport.park(LockSupport.java:175)
        at java.util.concurrent.locks.AbstractQueuedSynchronizer$ConditionObject.await(AbstractQueuedSynchronizer.java:2039)
        at java.util.concurrent.LinkedBlockingQueue.take(LinkedBlockingQueue.java:442)
        at java.util.concurrent.ThreadPoolExecutor.getTask(ThreadPoolExecutor.java:1074)
        at java.util.concurrent.ThreadPoolExecutor.runWorker(ThreadPoolExecutor.java:1134)
        at java.util.concurrent.ThreadPoolExecutor$Worker.run(ThreadPoolExecutor.java:624)
        at java.lang.Thread.run(Thread.java:750)
"qtp527477577-250" daemon prio=5 tid=250 timed_waiting
java.lang.Thread.State: TIMED_WAITING
        at sun.misc.Unsafe.park(Native Method)
        at java.util.concurrent.locks.LockSupport.parkNanos(LockSupport.java:215)
        at java.util.concurrent.locks.AbstractQueuedSynchronizer$ConditionObject.awaitNanos(AbstractQueuedSynchronizer.java:2078)
        at org.eclipse.jetty.util.BlockingArrayQueue.poll(BlockingArrayQueue.java:382)
        at org.eclipse.jetty.util.thread.QueuedThreadPool$Runner.idleJobPoll(QueuedThreadPool.java:974)
        at org.eclipse.jetty.util.thread.QueuedThreadPool$Runner.run(QueuedThreadPool.java:1018)
        at java.lang.Thread.run(Thread.java:750)
"qtp551301975-156" daemon prio=5 tid=156 timed_waiting
java.lang.Thread.State: TIMED_WAITING
        at sun.misc.Unsafe.park(Native Method)
        at java.util.concurrent.locks.LockSupport.parkNanos(LockSupport.java:215)
        at java.util.concurrent.locks.AbstractQueuedSynchronizer$ConditionObject.awaitNanos(AbstractQueuedSynchronizer.java:2078)
        at org.eclipse.jetty.util.BlockingArrayQueue.poll(BlockingArrayQueue.java:382)
        at org.eclipse.jetty.util.thread.QueuedThreadPool$Runner.idleJobPoll(QueuedThreadPool.java:974)
        at org.eclipse.jetty.util.thread.QueuedThreadPool$Runner.run(QueuedThreadPool.java:1018)
        at java.lang.Thread.run(Thread.java:750)
"IPC Server handler 9 on default port 36703" daemon prio=5 tid=78 timed_waiting
java.lang.Thread.State: TIMED_WAITING
        at sun.misc.Unsafe.park(Native Method)
        at java.util.concurrent.locks.LockSupport.parkNanos(LockSupport.java:215)
        at java.util.concurrent.locks.AbstractQueuedSynchronizer$ConditionObject.awaitNanos(AbstractQueuedSynchronizer.java:2078)
        at java.util.concurrent.LinkedBlockingQueue.poll(LinkedBlockingQueue.java:467)
        at org.apache.hadoop.ipc.CallQueueManager.take(CallQueueManager.java:317)
        at org.apache.hadoop.ipc.Server$Handler.run(Server.java:2992)
"4bcfc98d-1351-440f-af15-56158ce83d77@group-B5BFF1395F48-SegmentedRaftLogWorker"  prio=5 tid=349 timed_waiting
java.lang.Thread.State: TIMED_WAITING
        at sun.misc.Unsafe.park(Native Method)
        at java.util.concurrent.locks.LockSupport.parkNanos(LockSupport.java:215)
        at java.util.concurrent.locks.AbstractQueuedSynchronizer$ConditionObject.awaitNanos(AbstractQueuedSynchronizer.java:2078)
        at org.apache.ratis.util.DataBlockingQueue.poll(DataBlockingQueue.java:148)
        at org.apache.ratis.server.raftlog.segmented.SegmentedRaftLogWorker.run(SegmentedRaftLogWorker.java:312)
        at org.apache.ratis.server.raftlog.segmented.SegmentedRaftLogWorker$$Lambda$686/78095376.run(Unknown Source)
        at java.lang.Thread.run(Thread.java:750)
"EventQueue-OpenPipelineForHealthyPipelineSafeModeRule" daemon prio=5 tid=320 in Object.wait()
java.lang.Thread.State: WAITING (on object monitor)
        at sun.misc.Unsafe.park(Native Method)
        at java.util.concurrent.locks.LockSupport.park(LockSupport.java:175)
        at java.util.concurrent.locks.AbstractQueuedSynchronizer$ConditionObject.await(AbstractQueuedSynchronizer.java:2039)
        at java.util.concurrent.LinkedBlockingQueue.take(LinkedBlockingQueue.java:442)
        at java.util.concurrent.ThreadPoolExecutor.getTask(ThreadPoolExecutor.java:1074)
        at java.util.concurrent.ThreadPoolExecutor.runWorker(ThreadPoolExecutor.java:1134)
        at java.util.concurrent.ThreadPoolExecutor$Worker.run(ThreadPoolExecutor.java:624)
        at java.lang.Thread.run(Thread.java:750)
"pool-79-thread-1"  prio=5 tid=318 in Object.wait()
java.lang.Thread.State: WAITING (on object monitor)
        at sun.misc.Unsafe.park(Native Method)
        at java.util.concurrent.locks.LockSupport.park(LockSupport.java:175)
        at java.util.concurrent.locks.AbstractQueuedSynchronizer$ConditionObject.await(AbstractQueuedSynchronizer.java:2039)
        at java.util.concurrent.LinkedBlockingQueue.take(LinkedBlockingQueue.java:442)
        at java.util.concurrent.ThreadPoolExecutor.getTask(ThreadPoolExecutor.java:1074)
        at java.util.concurrent.ThreadPoolExecutor.runWorker(ThreadPoolExecutor.java:1134)
        at java.util.concurrent.ThreadPoolExecutor$Worker.run(ThreadPoolExecutor.java:624)
        at java.lang.Thread.run(Thread.java:750)
"ContainerOp-fe8f8231-531f-40c6-a24e-b6dddc8024d4-6"  prio=5 tid=489 in Object.wait()
java.lang.Thread.State: WAITING (on object monitor)
        at sun.misc.Unsafe.park(Native Method)
        at java.util.concurrent.locks.LockSupport.park(LockSupport.java:175)
        at java.util.concurrent.locks.AbstractQueuedSynchronizer$ConditionObject.await(AbstractQueuedSynchronizer.java:2039)
        at java.util.concurrent.LinkedBlockingQueue.take(LinkedBlockingQueue.java:442)
        at java.util.concurrent.ThreadPoolExecutor.getTask(ThreadPoolExecutor.java:1074)
        at java.util.concurrent.ThreadPoolExecutor.runWorker(ThreadPoolExecutor.java:1134)
        at java.util.concurrent.ThreadPoolExecutor$Worker.run(ThreadPoolExecutor.java:624)
        at java.lang.Thread.run(Thread.java:750)
"BlockDeletingService#3" daemon prio=5 tid=652 in Object.wait()
java.lang.Thread.State: WAITING (on object monitor)
        at sun.misc.Unsafe.park(Native Method)
        at java.util.concurrent.locks.LockSupport.park(LockSupport.java:175)
        at java.util.concurrent.locks.AbstractQueuedSynchronizer$ConditionObject.await(AbstractQueuedSynchronizer.java:2039)
        at java.util.concurrent.ScheduledThreadPoolExecutor$DelayedWorkQueue.take(ScheduledThreadPoolExecutor.java:1088)
        at java.util.concurrent.ScheduledThreadPoolExecutor$DelayedWorkQueue.take(ScheduledThreadPoolExecutor.java:809)
        at java.util.concurrent.ThreadPoolExecutor.getTask(ThreadPoolExecutor.java:1074)
        at java.util.concurrent.ThreadPoolExecutor.runWorker(ThreadPoolExecutor.java:1134)
        at java.util.concurrent.ThreadPoolExecutor$Worker.run(ThreadPoolExecutor.java:624)
        at java.lang.Thread.run(Thread.java:750)
"qtp527477577-252" daemon prio=5 tid=252 timed_waiting
java.lang.Thread.State: TIMED_WAITING
        at sun.misc.Unsafe.park(Native Method)
        at java.util.concurrent.locks.LockSupport.parkNanos(LockSupport.java:215)
        at java.util.concurrent.locks.AbstractQueuedSynchronizer$ConditionObject.awaitNanos(AbstractQueuedSynchronizer.java:2078)
        at org.eclipse.jetty.util.BlockingArrayQueue.poll(BlockingArrayQueue.java:382)
        at org.eclipse.jetty.util.thread.QueuedThreadPool$Runner.idleJobPoll(QueuedThreadPool.java:974)
        at org.eclipse.jetty.util.thread.QueuedThreadPool$Runner.run(QueuedThreadPool.java:1018)
        at java.lang.Thread.run(Thread.java:750)
"EventQueue-PipelineReportForPipelineReportHandler" daemon prio=5 tid=314 in Object.wait()
java.lang.Thread.State: WAITING (on object monitor)
        at sun.misc.Unsafe.park(Native Method)
        at java.util.concurrent.locks.LockSupport.park(LockSupport.java:175)
        at java.util.concurrent.locks.AbstractQueuedSynchronizer$ConditionObject.await(AbstractQueuedSynchronizer.java:2039)
        at java.util.concurrent.LinkedBlockingQueue.take(LinkedBlockingQueue.java:442)
        at java.util.concurrent.ThreadPoolExecutor.getTask(ThreadPoolExecutor.java:1074)
        at java.util.concurrent.ThreadPoolExecutor.runWorker(ThreadPoolExecutor.java:1134)
        at java.util.concurrent.ThreadPoolExecutor$Worker.run(ThreadPoolExecutor.java:624)
        at java.lang.Thread.run(Thread.java:750)
"pool-165-thread-1"  prio=5 tid=608 timed_waiting
java.lang.Thread.State: TIMED_WAITING
        at sun.misc.Unsafe.park(Native Method)
        at java.util.concurrent.locks.LockSupport.parkNanos(LockSupport.java:215)
        at java.util.concurrent.locks.AbstractQueuedSynchronizer$ConditionObject.awaitNanos(AbstractQueuedSynchronizer.java:2078)
        at java.util.concurrent.ScheduledThreadPoolExecutor$DelayedWorkQueue.take(ScheduledThreadPoolExecutor.java:1093)
        at java.util.concurrent.ScheduledThreadPoolExecutor$DelayedWorkQueue.take(ScheduledThreadPoolExecutor.java:809)
        at java.util.concurrent.ThreadPoolExecutor.getTask(ThreadPoolExecutor.java:1074)
        at java.util.concurrent.ThreadPoolExecutor.runWorker(ThreadPoolExecutor.java:1134)
        at java.util.concurrent.ThreadPoolExecutor$Worker.run(ThreadPoolExecutor.java:624)
        at java.lang.Thread.run(Thread.java:750)
"StaleRecoveringContainerScrubbingService#1" daemon prio=5 tid=284 timed_waiting
java.lang.Thread.State: TIMED_WAITING
        at sun.misc.Unsafe.park(Native Method)
        at java.util.concurrent.locks.LockSupport.parkNanos(LockSupport.java:215)
        at java.util.concurrent.locks.AbstractQueuedSynchronizer$ConditionObject.awaitNanos(AbstractQueuedSynchronizer.java:2078)
        at java.util.concurrent.ScheduledThreadPoolExecutor$DelayedWorkQueue.take(ScheduledThreadPoolExecutor.java:1093)
        at java.util.concurrent.ScheduledThreadPoolExecutor$DelayedWorkQueue.take(ScheduledThreadPoolExecutor.java:809)
        at java.util.concurrent.ThreadPoolExecutor.getTask(ThreadPoolExecutor.java:1074)
        at java.util.concurrent.ThreadPoolExecutor.runWorker(ThreadPoolExecutor.java:1134)
        at java.util.concurrent.ThreadPoolExecutor$Worker.run(ThreadPoolExecutor.java:624)
        at java.lang.Thread.run(Thread.java:750)
"IPC Server idle connection scanner for port 45463" daemon prio=5 tid=136 timed_waiting
java.lang.Thread.State: TIMED_WAITING
        at java.lang.Object.wait(Native Method)
        at java.util.TimerThread.mainLoop(Timer.java:552)
        at java.util.TimerThread.run(Timer.java:505)
"Session-HouseKeeper-25630ede-1"  prio=5 tid=121 timed_waiting
java.lang.Thread.State: TIMED_WAITING
        at sun.misc.Unsafe.park(Native Method)
        at java.util.concurrent.locks.LockSupport.parkNanos(LockSupport.java:215)
        at java.util.concurrent.locks.AbstractQueuedSynchronizer$ConditionObject.awaitNanos(AbstractQueuedSynchronizer.java:2078)
        at java.util.concurrent.ScheduledThreadPoolExecutor$DelayedWorkQueue.take(ScheduledThreadPoolExecutor.java:1093)
        at java.util.concurrent.ScheduledThreadPoolExecutor$DelayedWorkQueue.take(ScheduledThreadPoolExecutor.java:809)
        at java.util.concurrent.ThreadPoolExecutor.getTask(ThreadPoolExecutor.java:1074)
        at java.util.concurrent.ThreadPoolExecutor.runWorker(ThreadPoolExecutor.java:1134)
        at java.util.concurrent.ThreadPoolExecutor$Worker.run(ThreadPoolExecutor.java:624)
        at java.lang.Thread.run(Thread.java:750)
"BlockDeletingService#2" daemon prio=5 tid=644 in Object.wait()
java.lang.Thread.State: WAITING (on object monitor)
        at sun.misc.Unsafe.park(Native Method)
        at java.util.concurrent.locks.LockSupport.park(LockSupport.java:175)
        at java.util.concurrent.locks.AbstractQueuedSynchronizer$ConditionObject.await(AbstractQueuedSynchronizer.java:2039)
        at java.util.concurrent.ScheduledThreadPoolExecutor$DelayedWorkQueue.take(ScheduledThreadPoolExecutor.java:1088)
        at java.util.concurrent.ScheduledThreadPoolExecutor$DelayedWorkQueue.take(ScheduledThreadPoolExecutor.java:809)
        at java.util.concurrent.ThreadPoolExecutor.getTask(ThreadPoolExecutor.java:1074)
        at java.util.concurrent.ThreadPoolExecutor.runWorker(ThreadPoolExecutor.java:1134)
        at java.util.concurrent.ThreadPoolExecutor$Worker.run(ThreadPoolExecutor.java:624)
        at java.lang.Thread.run(Thread.java:750)
"EventQueue-DatanodeCommandQueueUpdatedForDatanodeCommandCountUpdatedHandler" daemon prio=5 tid=317 in Object.wait()
java.lang.Thread.State: WAITING (on object monitor)
        at sun.misc.Unsafe.park(Native Method)
        at java.util.concurrent.locks.LockSupport.park(LockSupport.java:175)
        at java.util.concurrent.locks.AbstractQueuedSynchronizer$ConditionObject.await(AbstractQueuedSynchronizer.java:2039)
        at java.util.concurrent.LinkedBlockingQueue.take(LinkedBlockingQueue.java:442)
        at java.util.concurrent.ThreadPoolExecutor.getTask(ThreadPoolExecutor.java:1074)
        at java.util.concurrent.ThreadPoolExecutor.runWorker(ThreadPoolExecutor.java:1134)
        at java.util.concurrent.ThreadPoolExecutor$Worker.run(ThreadPoolExecutor.java:624)
        at java.lang.Thread.run(Thread.java:750)
"EndpointStateMachine task thread for /0.0.0.0:37905 - 0 "  prio=5 tid=273 in Object.wait()
java.lang.Thread.State: WAITING (on object monitor)
        at sun.misc.Unsafe.park(Native Method)
        at java.util.concurrent.locks.LockSupport.park(LockSupport.java:175)
        at java.util.concurrent.locks.AbstractQueuedSynchronizer$ConditionObject.await(AbstractQueuedSynchronizer.java:2039)
        at java.util.concurrent.LinkedBlockingQueue.take(LinkedBlockingQueue.java:442)
        at java.util.concurrent.ThreadPoolExecutor.getTask(ThreadPoolExecutor.java:1074)
        at java.util.concurrent.ThreadPoolExecutor.runWorker(ThreadPoolExecutor.java:1134)
        at java.util.concurrent.ThreadPoolExecutor$Worker.run(ThreadPoolExecutor.java:624)
        at java.lang.Thread.run(Thread.java:750)
"IPC Server idle connection scanner for port 36647" daemon prio=5 tid=35 timed_waiting
java.lang.Thread.State: TIMED_WAITING
        at java.lang.Object.wait(Native Method)
        at java.util.TimerThread.mainLoop(Timer.java:552)
        at java.util.TimerThread.run(Timer.java:505)
"Command processor thread" daemon prio=5 tid=236 timed_waiting
java.lang.Thread.State: TIMED_WAITING
        at java.lang.Thread.sleep(Native Method)
        at org.apache.hadoop.ozone.container.common.statemachine.DatanodeStateMachine.lambda$initCommandHandlerThread$3(DatanodeStateMachine.java:649)
        at org.apache.hadoop.ozone.container.common.statemachine.DatanodeStateMachine$$Lambda$870/1388029857.run(Unknown Source)
        at java.lang.Thread.run(Thread.java:750)
"qtp551301975-154" daemon prio=5 tid=154 timed_waiting
java.lang.Thread.State: TIMED_WAITING
        at sun.misc.Unsafe.park(Native Method)
        at java.util.concurrent.locks.LockSupport.parkNanos(LockSupport.java:215)
        at java.util.concurrent.locks.AbstractQueuedSynchronizer$ConditionObject.awaitNanos(AbstractQueuedSynchronizer.java:2078)
        at org.eclipse.jetty.util.BlockingArrayQueue.poll(BlockingArrayQueue.java:382)
        at org.eclipse.jetty.util.thread.QueuedThreadPool$Runner.idleJobPoll(QueuedThreadPool.java:974)
        at org.eclipse.jetty.util.thread.QueuedThreadPool$Runner.run(QueuedThreadPool.java:1018)
        at java.lang.Thread.run(Thread.java:750)
"IPC Server handler 14 on default port 36703" daemon prio=5 tid=83 timed_waiting
java.lang.Thread.State: TIMED_WAITING
        at sun.misc.Unsafe.park(Native Method)
        at java.util.concurrent.locks.LockSupport.parkNanos(LockSupport.java:215)
        at java.util.concurrent.locks.AbstractQueuedSynchronizer$ConditionObject.awaitNanos(AbstractQueuedSynchronizer.java:2078)
        at java.util.concurrent.LinkedBlockingQueue.poll(LinkedBlockingQueue.java:467)
        at org.apache.hadoop.ipc.CallQueueManager.take(CallQueueManager.java:317)
        at org.apache.hadoop.ipc.Server$Handler.run(Server.java:2992)
"StaleRecoveringContainerScrubbingService#1" daemon prio=5 tid=296 timed_waiting
java.lang.Thread.State: TIMED_WAITING
        at sun.misc.Unsafe.park(Native Method)
        at java.util.concurrent.locks.LockSupport.parkNanos(LockSupport.java:215)
        at java.util.concurrent.locks.AbstractQueuedSynchronizer$ConditionObject.awaitNanos(AbstractQueuedSynchronizer.java:2078)
        at java.util.concurrent.ScheduledThreadPoolExecutor$DelayedWorkQueue.take(ScheduledThreadPoolExecutor.java:1093)
        at java.util.concurrent.ScheduledThreadPoolExecutor$DelayedWorkQueue.take(ScheduledThreadPoolExecutor.java:809)
        at java.util.concurrent.ThreadPoolExecutor.getTask(ThreadPoolExecutor.java:1074)
        at java.util.concurrent.ThreadPoolExecutor.runWorker(ThreadPoolExecutor.java:1134)
        at java.util.concurrent.ThreadPoolExecutor$Worker.run(ThreadPoolExecutor.java:624)
        at java.lang.Thread.run(Thread.java:750)
"StaleRecoveringContainerScrubbingService#3" daemon prio=5 tid=651 in Object.wait()
java.lang.Thread.State: WAITING (on object monitor)
        at sun.misc.Unsafe.park(Native Method)
        at java.util.concurrent.locks.LockSupport.park(LockSupport.java:175)
        at java.util.concurrent.locks.AbstractQueuedSynchronizer$ConditionObject.await(AbstractQueuedSynchronizer.java:2039)
        at java.util.concurrent.ScheduledThreadPoolExecutor$DelayedWorkQueue.take(ScheduledThreadPoolExecutor.java:1088)
        at java.util.concurrent.ScheduledThreadPoolExecutor$DelayedWorkQueue.take(ScheduledThreadPoolExecutor.java:809)
        at java.util.concurrent.ThreadPoolExecutor.getTask(ThreadPoolExecutor.java:1074)
        at java.util.concurrent.ThreadPoolExecutor.runWorker(ThreadPoolExecutor.java:1134)
        at java.util.concurrent.ThreadPoolExecutor$Worker.run(ThreadPoolExecutor.java:624)
        at java.lang.Thread.run(Thread.java:750)
"qtp189945097-196" daemon prio=5 tid=196 timed_waiting
java.lang.Thread.State: TIMED_WAITING
        at sun.misc.Unsafe.park(Native Method)
        at java.util.concurrent.locks.LockSupport.parkNanos(LockSupport.java:215)
        at java.util.concurrent.locks.AbstractQueuedSynchronizer$ConditionObject.awaitNanos(AbstractQueuedSynchronizer.java:2078)
        at org.eclipse.jetty.util.BlockingArrayQueue.poll(BlockingArrayQueue.java:382)
        at org.eclipse.jetty.util.thread.QueuedThreadPool$Runner.idleJobPoll(QueuedThreadPool.java:974)
        at org.eclipse.jetty.util.thread.QueuedThreadPool$Runner.run(QueuedThreadPool.java:1018)
        at java.lang.Thread.run(Thread.java:750)
"BlockDeletingService#2" daemon prio=5 tid=647 in Object.wait()
java.lang.Thread.State: WAITING (on object monitor)
        at sun.misc.Unsafe.park(Native Method)
        at java.util.concurrent.locks.LockSupport.park(LockSupport.java:175)
        at java.util.concurrent.locks.AbstractQueuedSynchronizer$ConditionObject.await(AbstractQueuedSynchronizer.java:2039)
        at java.util.concurrent.ScheduledThreadPoolExecutor$DelayedWorkQueue.take(ScheduledThreadPoolExecutor.java:1088)
        at java.util.concurrent.ScheduledThreadPoolExecutor$DelayedWorkQueue.take(ScheduledThreadPoolExecutor.java:809)
        at java.util.concurrent.ThreadPoolExecutor.getTask(ThreadPoolExecutor.java:1074)
        at java.util.concurrent.ThreadPoolExecutor.runWorker(ThreadPoolExecutor.java:1134)
        at java.util.concurrent.ThreadPoolExecutor$Worker.run(ThreadPoolExecutor.java:624)
        at java.lang.Thread.run(Thread.java:750)
"IPC Server Responder" daemon prio=5 tid=26 runnable
java.lang.Thread.State: RUNNABLE
        at sun.nio.ch.EPollArrayWrapper.epollWait(Native Method)
        at sun.nio.ch.EPollArrayWrapper.poll(EPollArrayWrapper.java:269)
        at sun.nio.ch.EPollSelectorImpl.doSelect(EPollSelectorImpl.java:93)
        at sun.nio.ch.SelectorImpl.lockAndDoSelect(SelectorImpl.java:86)
        at sun.nio.ch.SelectorImpl.select(SelectorImpl.java:97)
        at org.apache.hadoop.ipc.Server$Responder.doRunLoop(Server.java:1578)
        at org.apache.hadoop.ipc.Server$Responder.run(Server.java:1561)
"b1c57afc-121c-455c-bc43-4ffbee8e4677@group-BC2F1AEE5201-SegmentedRaftLogWorker"  prio=5 tid=319 timed_waiting
java.lang.Thread.State: TIMED_WAITING
        at sun.misc.Unsafe.park(Native Method)
        at java.util.concurrent.locks.LockSupport.parkNanos(LockSupport.java:215)
        at java.util.concurrent.locks.AbstractQueuedSynchronizer$ConditionObject.awaitNanos(AbstractQueuedSynchronizer.java:2078)
        at org.apache.ratis.util.DataBlockingQueue.poll(DataBlockingQueue.java:148)
        at org.apache.ratis.server.raftlog.segmented.SegmentedRaftLogWorker.run(SegmentedRaftLogWorker.java:312)
        at org.apache.ratis.server.raftlog.segmented.SegmentedRaftLogWorker$$Lambda$686/78095376.run(Unknown Source)
        at java.lang.Thread.run(Thread.java:750)
"BlockDeletingService#2" daemon prio=5 tid=646 in Object.wait()
java.lang.Thread.State: WAITING (on object monitor)
        at sun.misc.Unsafe.park(Native Method)
        at java.util.concurrent.locks.LockSupport.park(LockSupport.java:175)
        at java.util.concurrent.locks.AbstractQueuedSynchronizer$ConditionObject.await(AbstractQueuedSynchronizer.java:2039)
        at java.util.concurrent.ScheduledThreadPoolExecutor$DelayedWorkQueue.take(ScheduledThreadPoolExecutor.java:1088)
        at java.util.concurrent.ScheduledThreadPoolExecutor$DelayedWorkQueue.take(ScheduledThreadPoolExecutor.java:809)
        at java.util.concurrent.ThreadPoolExecutor.getTask(ThreadPoolExecutor.java:1074)
        at java.util.concurrent.ThreadPoolExecutor.runWorker(ThreadPoolExecutor.java:1134)
        at java.util.concurrent.ThreadPoolExecutor$Worker.run(ThreadPoolExecutor.java:624)
        at java.lang.Thread.run(Thread.java:750)
"b1c57afc-121c-455c-bc43-4ffbee8e4677@group-B6DDDC8024D4-FollowerState" daemon prio=5 tid=374 timed_waiting
java.lang.Thread.State: TIMED_WAITING
        at java.lang.Thread.sleep(Native Method)
        at java.lang.Thread.sleep(Thread.java:342)
        at java.util.concurrent.TimeUnit.sleep(TimeUnit.java:386)
        at org.apache.ratis.util.TimeDuration.sleep(TimeDuration.java:325)
        at org.apache.ratis.util.TimeDuration.sleep(TimeDuration.java:310)
        at org.apache.ratis.server.impl.FollowerState.run(FollowerState.java:128)
"4bcfc98d-1351-440f-af15-56158ce83d77@group-B5BFF1395F48-StateMachineUpdater" daemon prio=5 tid=351 timed_waiting
java.lang.Thread.State: TIMED_WAITING
        at sun.misc.Unsafe.park(Native Method)
        at java.util.concurrent.locks.LockSupport.parkNanos(LockSupport.java:215)
        at java.util.concurrent.locks.AbstractQueuedSynchronizer$ConditionObject.await(AbstractQueuedSynchronizer.java:2163)
        at org.apache.ratis.util.AwaitForSignal.await(AwaitForSignal.java:62)
        at org.apache.ratis.server.impl.StateMachineUpdater.waitForCommit(StateMachineUpdater.java:207)
        at org.apache.ratis.server.impl.StateMachineUpdater.run(StateMachineUpdater.java:176)
        at java.lang.Thread.run(Thread.java:750)
"4bcfc98d-1351-440f-af15-56158ce83d77@group-B6DDDC8024D4->21b868c3-9969-4e13-ad52-9b0ac48fd138-GrpcLogAppender-LogAppenderDaemon" daemon prio=5 tid=378 timed_waiting
java.lang.Thread.State: TIMED_WAITING
        at sun.misc.Unsafe.park(Native Method)
        at java.util.concurrent.locks.LockSupport.parkNanos(LockSupport.java:215)
        at java.util.concurrent.locks.AbstractQueuedSynchronizer$ConditionObject.await(AbstractQueuedSynchronizer.java:2163)
        at org.apache.ratis.util.AwaitForSignal.await(AwaitForSignal.java:62)
        at org.apache.ratis.grpc.server.GrpcLogAppender.mayWait(GrpcLogAppender.java:198)
        at org.apache.ratis.grpc.server.GrpcLogAppender.run(GrpcLogAppender.java:148)
        at org.apache.ratis.server.leader.LogAppenderDaemon.run(LogAppenderDaemon.java:78)
        at org.apache.ratis.server.leader.LogAppenderDaemon$$Lambda$1135/499583845.run(Unknown Source)
        at java.lang.Thread.run(Thread.java:750)
"IPC Server Responder" daemon prio=5 tid=31 runnable
java.lang.Thread.State: RUNNABLE
        at sun.nio.ch.EPollArrayWrapper.epollWait(Native Method)
        at sun.nio.ch.EPollArrayWrapper.poll(EPollArrayWrapper.java:269)
        at sun.nio.ch.EPollSelectorImpl.doSelect(EPollSelectorImpl.java:93)
        at sun.nio.ch.SelectorImpl.lockAndDoSelect(SelectorImpl.java:86)
        at sun.nio.ch.SelectorImpl.select(SelectorImpl.java:97)
        at org.apache.hadoop.ipc.Server$Responder.doRunLoop(Server.java:1578)
        at org.apache.hadoop.ipc.Server$Responder.run(Server.java:1561)


	at org.apache.ozone.test.GenericTestUtils.waitFor(GenericTestUtils.java:231)
	at org.apache.hadoop.fs.ozone.TestDirectoryDeletingServiceWithFSO.assertTableRowCount(TestDirectoryDeletingServiceWithFSO.java:509)
	at org.apache.hadoop.fs.ozone.TestDirectoryDeletingServiceWithFSO.testDeleteWithLargeSubPathsThanBatchSize(TestDirectoryDeletingServiceWithFSO.java:218)
	at sun.reflect.NativeMethodAccessorImpl.invoke0(Native Method)
	at sun.reflect.NativeMethodAccessorImpl.invoke(NativeMethodAccessorImpl.java:62)
	at sun.reflect.DelegatingMethodAccessorImpl.invoke(DelegatingMethodAccessorImpl.java:43)
	at java.lang.reflect.Method.invoke(Method.java:498)
	at org.junit.platform.commons.util.ReflectionUtils.invokeMethod(ReflectionUtils.java:725)
	at org.junit.jupiter.engine.execution.MethodInvocation.proceed(MethodInvocation.java:60)
	at org.junit.jupiter.engine.execution.InvocationInterceptorChain$ValidatingInvocation.proceed(InvocationInterceptorChain.java:131)
	at org.junit.jupiter.engine.extension.TimeoutInvocation.proceed(TimeoutInvocation.java:46)
	at org.junit.jupiter.engine.extension.TimeoutExtension.intercept(TimeoutExtension.java:149)
	at org.junit.jupiter.engine.extension.TimeoutExtension.interceptTestableMethod(TimeoutExtension.java:140)
	at org.junit.jupiter.engine.extension.TimeoutExtension.interceptTestMethod(TimeoutExtension.java:84)
	at org.junit.jupiter.engine.execution.ExecutableInvoker$ReflectiveInterceptorCall.lambda$ofVoidMethod$0(ExecutableInvoker.java:115)
	at org.junit.jupiter.engine.execution.ExecutableInvoker.lambda$invoke$0(ExecutableInvoker.java:105)
	at org.junit.jupiter.engine.execution.InvocationInterceptorChain$InterceptedInvocation.proceed(InvocationInterceptorChain.java:106)
	at org.junit.jupiter.engine.execution.InvocationInterceptorChain.proceed(InvocationInterceptorChain.java:64)
	at org.junit.jupiter.engine.execution.InvocationInterceptorChain.chainAndInvoke(InvocationInterceptorChain.java:45)
	at org.junit.jupiter.engine.execution.InvocationInterceptorChain.invoke(InvocationInterceptorChain.java:37)
	at org.junit.jupiter.engine.execution.ExecutableInvoker.invoke(ExecutableInvoker.java:104)
	at org.junit.jupiter.engine.execution.ExecutableInvoker.invoke(ExecutableInvoker.java:98)
	at org.junit.jupiter.engine.descriptor.TestMethodTestDescriptor.lambda$invokeTestMethod$7(TestMethodTestDescriptor.java:214)
	at org.junit.platform.engine.support.hierarchical.ThrowableCollector.execute(ThrowableCollector.java:73)
	at org.junit.jupiter.engine.descriptor.TestMethodTestDescriptor.invokeTestMethod(TestMethodTestDescriptor.java:210)
	at org.junit.jupiter.engine.descriptor.TestMethodTestDescriptor.execute(TestMethodTestDescriptor.java:135)
	at org.junit.jupiter.engine.descriptor.TestMethodTestDescriptor.execute(TestMethodTestDescriptor.java:66)
	at org.junit.platform.engine.support.hierarchical.NodeTestTask.lambda$executeRecursively$6(NodeTestTask.java:151)
	at org.junit.platform.engine.support.hierarchical.ThrowableCollector.execute(ThrowableCollector.java:73)
	at org.junit.platform.engine.support.hierarchical.NodeTestTask.lambda$executeRecursively$8(NodeTestTask.java:141)
	at org.junit.platform.engine.support.hierarchical.Node.around(Node.java:137)
	at org.junit.platform.engine.support.hierarchical.NodeTestTask.lambda$executeRecursively$9(NodeTestTask.java:139)
	at org.junit.platform.engine.support.hierarchical.ThrowableCollector.execute(ThrowableCollector.java:73)
	at org.junit.platform.engine.support.hierarchical.NodeTestTask.executeRecursively(NodeTestTask.java:138)
	at org.junit.platform.engine.support.hierarchical.NodeTestTask.execute(NodeTestTask.java:95)
	at java.util.ArrayList.forEach(ArrayList.java:1259)
	at org.junit.platform.engine.support.hierarchical.SameThreadHierarchicalTestExecutorService.invokeAll(SameThreadHierarchicalTestExecutorService.java:41)
	at org.junit.platform.engine.support.hierarchical.NodeTestTask.lambda$executeRecursively$6(NodeTestTask.java:155)
	at org.junit.platform.engine.support.hierarchical.ThrowableCollector.execute(ThrowableCollector.java:73)
	at org.junit.platform.engine.support.hierarchical.NodeTestTask.lambda$executeRecursively$8(NodeTestTask.java:141)
	at org.junit.platform.engine.support.hierarchical.Node.around(Node.java:137)
	at org.junit.platform.engine.support.hierarchical.NodeTestTask.lambda$executeRecursively$9(NodeTestTask.java:139)
	at org.junit.platform.engine.support.hierarchical.ThrowableCollector.execute(ThrowableCollector.java:73)
	at org.junit.platform.engine.support.hierarchical.NodeTestTask.executeRecursively(NodeTestTask.java:138)
	at org.junit.platform.engine.support.hierarchical.NodeTestTask.execute(NodeTestTask.java:95)
	at java.util.ArrayList.forEach(ArrayList.java:1259)
	at org.junit.platform.engine.support.hierarchical.SameThreadHierarchicalTestExecutorService.invokeAll(SameThreadHierarchicalTestExecutorService.java:41)
	at org.junit.platform.engine.support.hierarchical.NodeTestTask.lambda$executeRecursively$6(NodeTestTask.java:155)
	at org.junit.platform.engine.support.hierarchical.ThrowableCollector.execute(ThrowableCollector.java:73)
	at org.junit.platform.engine.support.hierarchical.NodeTestTask.lambda$executeRecursively$8(NodeTestTask.java:141)
	at org.junit.platform.engine.support.hierarchical.Node.around(Node.java:137)
	at org.junit.platform.engine.support.hierarchical.NodeTestTask.lambda$executeRecursively$9(NodeTestTask.java:139)
	at org.junit.platform.engine.support.hierarchical.ThrowableCollector.execute(ThrowableCollector.java:73)
	at org.junit.platform.engine.support.hierarchical.NodeTestTask.executeRecursively(NodeTestTask.java:138)
	at org.junit.platform.engine.support.hierarchical.NodeTestTask.execute(NodeTestTask.java:95)
	at org.junit.platform.engine.support.hierarchical.SameThreadHierarchicalTestExecutorService.submit(SameThreadHierarchicalTestExecutorService.java:35)
	at org.junit.platform.engine.support.hierarchical.HierarchicalTestExecutor.execute(HierarchicalTestExecutor.java:57)
	at org.junit.platform.engine.support.hierarchical.HierarchicalTestEngine.execute(HierarchicalTestEngine.java:54)
	at org.junit.platform.launcher.core.EngineExecutionOrchestrator.execute(EngineExecutionOrchestrator.java:107)
	at org.junit.platform.launcher.core.EngineExecutionOrchestrator.execute(EngineExecutionOrchestrator.java:88)
	at org.junit.platform.launcher.core.EngineExecutionOrchestrator.lambda$execute$0(EngineExecutionOrchestrator.java:54)
	at org.junit.platform.launcher.core.EngineExecutionOrchestrator.withInterceptedStreams(EngineExecutionOrchestrator.java:67)
	at org.junit.platform.launcher.core.EngineExecutionOrchestrator.execute(EngineExecutionOrchestrator.java:52)
	at org.junit.platform.launcher.core.DefaultLauncher.execute(DefaultLauncher.java:114)
	at org.junit.platform.launcher.core.DefaultLauncher.execute(DefaultLauncher.java:86)
	at org.junit.platform.launcher.core.DefaultLauncherSession$DelegatingLauncher.execute(DefaultLauncherSession.java:86)
	at org.junit.platform.launcher.core.SessionPerRequestLauncher.execute(SessionPerRequestLauncher.java:53)
	at org.apache.maven.surefire.junitplatform.JUnitPlatformProvider.execute(JUnitPlatformProvider.java:188)
	at org.apache.maven.surefire.junitplatform.JUnitPlatformProvider.invokeAllTests(JUnitPlatformProvider.java:154)
	at org.apache.maven.surefire.junitplatform.JUnitPlatformProvider.invoke(JUnitPlatformProvider.java:124)
	at org.apache.maven.surefire.booter.ForkedBooter.runSuitesInProcess(ForkedBooter.java:428)
	at org.apache.maven.surefire.booter.ForkedBooter.execute(ForkedBooter.java:162)
	at org.apache.maven.surefire.booter.ForkedBooter.run(ForkedBooter.java:562)
	at org.apache.maven.surefire.booter.ForkedBooter.main(ForkedBooter.java:548)
]]></error>
    <system-out><![CDATA[2023-04-18 19:37:07,365 [OM StateMachine ApplyTransaction Thread - 0] INFO  key.OMKeyRequest (OMKeyRequest.java:wrapUncommittedBlocksAsPseudoKey(838)) - Detect allocated but uncommitted blocks [{blockID={containerID=4, localID=111677748019200017}, length=4194304, offset=0, token=null, pipeline=null, createVersion=0, partNumber=0}] in key rootDir/appRoot/parentDir1/childFile1.
2023-04-18 19:37:07,384 [OM StateMachine ApplyTransaction Thread - 0] INFO  key.OMKeyRequest (OMKeyRequest.java:wrapUncommittedBlocksAsPseudoKey(838)) - Detect allocated but uncommitted blocks [{blockID={containerID=3, localID=111677748019200018}, length=4194304, offset=0, token=null, pipeline=null, createVersion=0, partNumber=0}] in key rootDir/appRoot/parentDir1/childFile2.
2023-04-18 19:37:07,398 [OM StateMachine ApplyTransaction Thread - 0] INFO  key.OMKeyRequest (OMKeyRequest.java:wrapUncommittedBlocksAsPseudoKey(838)) - Detect allocated but uncommitted blocks [{blockID={containerID=2, localID=111677748019200019}, length=4194304, offset=0, token=null, pipeline=null, createVersion=0, partNumber=0}] in key rootDir/appRoot/parentDir1/childFile3.
2023-04-18 19:37:07,412 [OM StateMachine ApplyTransaction Thread - 0] INFO  key.OMKeyRequest (OMKeyRequest.java:wrapUncommittedBlocksAsPseudoKey(838)) - Detect allocated but uncommitted blocks [{blockID={containerID=1, localID=111677748019200020}, length=4194304, offset=0, token=null, pipeline=null, createVersion=0, partNumber=0}] in key rootDir/appRoot/parentDir1/childFile4.
2023-04-18 19:37:07,429 [OM StateMachine ApplyTransaction Thread - 0] INFO  key.OMKeyRequest (OMKeyRequest.java:wrapUncommittedBlocksAsPseudoKey(838)) - Detect allocated but uncommitted blocks [{blockID={containerID=4, localID=111677748019200021}, length=4194304, offset=0, token=null, pipeline=null, createVersion=0, partNumber=0}] in key rootDir/appRoot/parentDir1/childFile5.
2023-04-18 19:37:07,442 [OM StateMachine ApplyTransaction Thread - 0] INFO  key.OMKeyRequest (OMKeyRequest.java:wrapUncommittedBlocksAsPseudoKey(838)) - Detect allocated but uncommitted blocks [{blockID={containerID=1, localID=111677748019200022}, length=4194304, offset=0, token=null, pipeline=null, createVersion=0, partNumber=0}] in key rootDir/appRoot/parentDir2/childFile1.
2023-04-18 19:37:07,464 [OM StateMachine ApplyTransaction Thread - 0] INFO  key.OMKeyRequest (OMKeyRequest.java:wrapUncommittedBlocksAsPseudoKey(838)) - Detect allocated but uncommitted blocks [{blockID={containerID=4, localID=111677748019200023}, length=4194304, offset=0, token=null, pipeline=null, createVersion=0, partNumber=0}] in key rootDir/appRoot/parentDir2/childFile2.
2023-04-18 19:37:07,479 [OM StateMachine ApplyTransaction Thread - 0] INFO  key.OMKeyRequest (OMKeyRequest.java:wrapUncommittedBlocksAsPseudoKey(838)) - Detect allocated but uncommitted blocks [{blockID={containerID=3, localID=111677748019200024}, length=4194304, offset=0, token=null, pipeline=null, createVersion=0, partNumber=0}] in key rootDir/appRoot/parentDir2/childFile3.
2023-04-18 19:37:07,493 [OM StateMachine ApplyTransaction Thread - 0] INFO  key.OMKeyRequest (OMKeyRequest.java:wrapUncommittedBlocksAsPseudoKey(838)) - Detect allocated but uncommitted blocks [{blockID={containerID=2, localID=111677748019200025}, length=4194304, offset=0, token=null, pipeline=null, createVersion=0, partNumber=0}] in key rootDir/appRoot/parentDir2/childFile4.
2023-04-18 19:37:07,507 [OM StateMachine ApplyTransaction Thread - 0] INFO  key.OMKeyRequest (OMKeyRequest.java:wrapUncommittedBlocksAsPseudoKey(838)) - Detect allocated but uncommitted blocks [{blockID={containerID=1, localID=111677748019200026}, length=4194304, offset=0, token=null, pipeline=null, createVersion=0, partNumber=0}] in key rootDir/appRoot/parentDir2/childFile5.
2023-04-18 19:37:07,521 [OM StateMachine ApplyTransaction Thread - 0] INFO  key.OMKeyRequest (OMKeyRequest.java:wrapUncommittedBlocksAsPseudoKey(838)) - Detect allocated but uncommitted blocks [{blockID={containerID=3, localID=111677748019200027}, length=4194304, offset=0, token=null, pipeline=null, createVersion=0, partNumber=0}] in key rootDir/appRoot/parentDir3/childFile1.
2023-04-18 19:37:07,535 [OM StateMachine ApplyTransaction Thread - 0] INFO  key.OMKeyRequest (OMKeyRequest.java:wrapUncommittedBlocksAsPseudoKey(838)) - Detect allocated but uncommitted blocks [{blockID={containerID=2, localID=111677748019200028}, length=4194304, offset=0, token=null, pipeline=null, createVersion=0, partNumber=0}] in key rootDir/appRoot/parentDir3/childFile2.
2023-04-18 19:37:07,551 [OM StateMachine ApplyTransaction Thread - 0] INFO  key.OMKeyRequest (OMKeyRequest.java:wrapUncommittedBlocksAsPseudoKey(838)) - Detect allocated but uncommitted blocks [{blockID={containerID=4, localID=111677748019200029}, length=4194304, offset=0, token=null, pipeline=null, createVersion=0, partNumber=0}] in key rootDir/appRoot/parentDir3/childFile3.
2023-04-18 19:37:07,565 [OM StateMachine ApplyTransaction Thread - 0] INFO  key.OMKeyRequest (OMKeyRequest.java:wrapUncommittedBlocksAsPseudoKey(838)) - Detect allocated but uncommitted blocks [{blockID={containerID=3, localID=111677748019200030}, length=4194304, offset=0, token=null, pipeline=null, createVersion=0, partNumber=0}] in key rootDir/appRoot/parentDir3/childFile4.
2023-04-18 19:37:07,581 [OM StateMachine ApplyTransaction Thread - 0] INFO  key.OMKeyRequest (OMKeyRequest.java:wrapUncommittedBlocksAsPseudoKey(838)) - Detect allocated but uncommitted blocks [{blockID={containerID=1, localID=111677748019200031}, length=4194304, offset=0, token=null, pipeline=null, createVersion=0, partNumber=0}] in key rootDir/appRoot/parentDir3/childFile5.
2023-04-18 19:37:07,587 [Listener at 127.0.0.1/45463] INFO  ozone.TestDirectoryDeletingServiceWithFSO (TestDirectoryDeletingServiceWithFSO.java:assertTableRowCount(519)) - deletedDirectoryTable actual row count=1, expectedCount=0
2023-04-18 19:37:08,587 [Listener at 127.0.0.1/45463] INFO  ozone.TestDirectoryDeletingServiceWithFSO (TestDirectoryDeletingServiceWithFSO.java:assertTableRowCount(519)) - deletedDirectoryTable actual row count=1, expectedCount=0
2023-04-18 19:37:09,588 [Listener at 127.0.0.1/45463] INFO  ozone.TestDirectoryDeletingServiceWithFSO (TestDirectoryDeletingServiceWithFSO.java:assertTableRowCount(519)) - deletedDirectoryTable actual row count=1, expectedCount=0
2023-04-18 19:37:10,588 [Listener at 127.0.0.1/45463] INFO  ozone.TestDirectoryDeletingServiceWithFSO (TestDirectoryDeletingServiceWithFSO.java:assertTableRowCount(519)) - deletedDirectoryTable actual row count=1, expectedCount=0
2023-04-18 19:37:11,589 [Listener at 127.0.0.1/45463] INFO  ozone.TestDirectoryDeletingServiceWithFSO (TestDirectoryDeletingServiceWithFSO.java:assertTableRowCount(519)) - deletedDirectoryTable actual row count=1, expectedCount=0
2023-04-18 19:37:12,589 [Listener at 127.0.0.1/45463] INFO  ozone.TestDirectoryDeletingServiceWithFSO (TestDirectoryDeletingServiceWithFSO.java:assertTableRowCount(519)) - deletedDirectoryTable actual row count=1, expectedCount=0
2023-04-18 19:37:13,590 [Listener at 127.0.0.1/45463] INFO  ozone.TestDirectoryDeletingServiceWithFSO (TestDirectoryDeletingServiceWithFSO.java:assertTableRowCount(519)) - deletedDirectoryTable actual row count=1, expectedCount=0
2023-04-18 19:37:14,591 [Listener at 127.0.0.1/45463] INFO  ozone.TestDirectoryDeletingServiceWithFSO (TestDirectoryDeletingServiceWithFSO.java:assertTableRowCount(519)) - deletedDirectoryTable actual row count=1, expectedCount=0
2023-04-18 19:37:15,591 [Listener at 127.0.0.1/45463] INFO  ozone.TestDirectoryDeletingServiceWithFSO (TestDirectoryDeletingServiceWithFSO.java:assertTableRowCount(519)) - deletedDirectoryTable actual row count=1, expectedCount=0
2023-04-18 19:37:16,592 [Listener at 127.0.0.1/45463] INFO  ozone.TestDirectoryDeletingServiceWithFSO (TestDirectoryDeletingServiceWithFSO.java:assertTableRowCount(519)) - deletedDirectoryTable actual row count=1, expectedCount=0
2023-04-18 19:37:17,593 [Listener at 127.0.0.1/45463] INFO  ozone.TestDirectoryDeletingServiceWithFSO (TestDirectoryDeletingServiceWithFSO.java:assertTableRowCount(519)) - deletedDirectoryTable actual row count=1, expectedCount=0
2023-04-18 19:37:18,593 [Listener at 127.0.0.1/45463] INFO  ozone.TestDirectoryDeletingServiceWithFSO (TestDirectoryDeletingServiceWithFSO.java:assertTableRowCount(519)) - deletedDirectoryTable actual row count=1, expectedCount=0
2023-04-18 19:37:19,594 [Listener at 127.0.0.1/45463] INFO  ozone.TestDirectoryDeletingServiceWithFSO (TestDirectoryDeletingServiceWithFSO.java:assertTableRowCount(519)) - deletedDirectoryTable actual row count=1, expectedCount=0
2023-04-18 19:37:20,594 [Listener at 127.0.0.1/45463] INFO  ozone.TestDirectoryDeletingServiceWithFSO (TestDirectoryDeletingServiceWithFSO.java:assertTableRowCount(519)) - deletedDirectoryTable actual row count=1, expectedCount=0
2023-04-18 19:37:21,595 [Listener at 127.0.0.1/45463] INFO  ozone.TestDirectoryDeletingServiceWithFSO (TestDirectoryDeletingServiceWithFSO.java:assertTableRowCount(519)) - deletedDirectoryTable actual row count=1, expectedCount=0
2023-04-18 19:37:22,595 [Listener at 127.0.0.1/45463] INFO  ozone.TestDirectoryDeletingServiceWithFSO (TestDirectoryDeletingServiceWithFSO.java:assertTableRowCount(519)) - deletedDirectoryTable actual row count=1, expectedCount=0
2023-04-18 19:37:23,596 [Listener at 127.0.0.1/45463] INFO  ozone.TestDirectoryDeletingServiceWithFSO (TestDirectoryDeletingServiceWithFSO.java:assertTableRowCount(519)) - deletedDirectoryTable actual row count=1, expectedCount=0
2023-04-18 19:37:24,596 [Listener at 127.0.0.1/45463] INFO  ozone.TestDirectoryDeletingServiceWithFSO (TestDirectoryDeletingServiceWithFSO.java:assertTableRowCount(519)) - deletedDirectoryTable actual row count=1, expectedCount=0
2023-04-18 19:37:25,597 [Listener at 127.0.0.1/45463] INFO  ozone.TestDirectoryDeletingServiceWithFSO (TestDirectoryDeletingServiceWithFSO.java:assertTableRowCount(519)) - deletedDirectoryTable actual row count=1, expectedCount=0
2023-04-18 19:37:26,597 [Listener at 127.0.0.1/45463] INFO  ozone.TestDirectoryDeletingServiceWithFSO (TestDirectoryDeletingServiceWithFSO.java:assertTableRowCount(519)) - deletedDirectoryTable actual row count=1, expectedCount=0
2023-04-18 19:37:27,598 [Listener at 127.0.0.1/45463] INFO  ozone.TestDirectoryDeletingServiceWithFSO (TestDirectoryDeletingServiceWithFSO.java:assertTableRowCount(519)) - deletedDirectoryTable actual row count=1, expectedCount=0
2023-04-18 19:37:28,599 [Listener at 127.0.0.1/45463] INFO  ozone.TestDirectoryDeletingServiceWithFSO (TestDirectoryDeletingServiceWithFSO.java:assertTableRowCount(519)) - deletedDirectoryTable actual row count=1, expectedCount=0
2023-04-18 19:37:29,599 [Listener at 127.0.0.1/45463] INFO  ozone.TestDirectoryDeletingServiceWithFSO (TestDirectoryDeletingServiceWithFSO.java:assertTableRowCount(519)) - deletedDirectoryTable actual row count=1, expectedCount=0
2023-04-18 19:37:30,600 [Listener at 127.0.0.1/45463] INFO  ozone.TestDirectoryDeletingServiceWithFSO (TestDirectoryDeletingServiceWithFSO.java:assertTableRowCount(519)) - deletedDirectoryTable actual row count=1, expectedCount=0
2023-04-18 19:37:31,600 [Listener at 127.0.0.1/45463] INFO  ozone.TestDirectoryDeletingServiceWithFSO (TestDirectoryDeletingServiceWithFSO.java:assertTableRowCount(519)) - deletedDirectoryTable actual row count=1, expectedCount=0
2023-04-18 19:37:32,601 [Listener at 127.0.0.1/45463] INFO  ozone.TestDirectoryDeletingServiceWithFSO (TestDirectoryDeletingServiceWithFSO.java:assertTableRowCount(519)) - deletedDirectoryTable actual row count=1, expectedCount=0
2023-04-18 19:37:33,601 [Listener at 127.0.0.1/45463] INFO  ozone.TestDirectoryDeletingServiceWithFSO (TestDirectoryDeletingServiceWithFSO.java:assertTableRowCount(519)) - deletedDirectoryTable actual row count=1, expectedCount=0
2023-04-18 19:37:34,602 [Listener at 127.0.0.1/45463] INFO  ozone.TestDirectoryDeletingServiceWithFSO (TestDirectoryDeletingServiceWithFSO.java:assertTableRowCount(519)) - deletedDirectoryTable actual row count=1, expectedCount=0
2023-04-18 19:37:35,602 [Listener at 127.0.0.1/45463] INFO  ozone.TestDirectoryDeletingServiceWithFSO (TestDirectoryDeletingServiceWithFSO.java:assertTableRowCount(519)) - deletedDirectoryTable actual row count=1, expectedCount=0
2023-04-18 19:37:36,603 [Listener at 127.0.0.1/45463] INFO  ozone.TestDirectoryDeletingServiceWithFSO (TestDirectoryDeletingServiceWithFSO.java:assertTableRowCount(519)) - deletedDirectoryTable actual row count=1, expectedCount=0
2023-04-18 19:37:37,604 [Listener at 127.0.0.1/45463] INFO  ozone.TestDirectoryDeletingServiceWithFSO (TestDirectoryDeletingServiceWithFSO.java:assertTableRowCount(519)) - deletedDirectoryTable actual row count=1, expectedCount=0
2023-04-18 19:37:38,136 [SstFilteringService#0] WARN  server.ServerUtils (ServerUtils.java:getDBPath(225)) - ozone.om.db.dirs is not configured. We recommend adding this setting. Falling back to ozone.metadata.dirs instead.
2023-04-18 19:37:38,604 [Listener at 127.0.0.1/45463] INFO  ozone.TestDirectoryDeletingServiceWithFSO (TestDirectoryDeletingServiceWithFSO.java:assertTableRowCount(519)) - deletedDirectoryTable actual row count=1, expectedCount=0
2023-04-18 19:37:39,605 [Listener at 127.0.0.1/45463] INFO  ozone.TestDirectoryDeletingServiceWithFSO (TestDirectoryDeletingServiceWithFSO.java:assertTableRowCount(519)) - deletedDirectoryTable actual row count=1, expectedCount=0
2023-04-18 19:37:40,605 [Listener at 127.0.0.1/45463] INFO  ozone.TestDirectoryDeletingServiceWithFSO (TestDirectoryDeletingServiceWithFSO.java:assertTableRowCount(519)) - deletedDirectoryTable actual row count=1, expectedCount=0
2023-04-18 19:37:41,378 [BlockDeletingService#0] INFO  interfaces.ContainerDeletionChoosingPolicyTemplate (ContainerDeletionChoosingPolicyTemplate.java:chooseContainerForBlockDeletion(83)) - Chosen 0/5000 blocks from 0 candidate containers.
2023-04-18 19:37:41,606 [Listener at 127.0.0.1/45463] INFO  ozone.TestDirectoryDeletingServiceWithFSO (TestDirectoryDeletingServiceWithFSO.java:assertTableRowCount(519)) - deletedDirectoryTable actual row count=1, expectedCount=0
2023-04-18 19:37:41,809 [BlockDeletingService#0] INFO  interfaces.ContainerDeletionChoosingPolicyTemplate (ContainerDeletionChoosingPolicyTemplate.java:chooseContainerForBlockDeletion(83)) - Chosen 0/5000 blocks from 0 candidate containers.
2023-04-18 19:37:42,137 [BlockDeletingService#0] INFO  interfaces.ContainerDeletionChoosingPolicyTemplate (ContainerDeletionChoosingPolicyTemplate.java:chooseContainerForBlockDeletion(83)) - Chosen 0/5000 blocks from 0 candidate containers.
2023-04-18 19:37:42,606 [Listener at 127.0.0.1/45463] INFO  ozone.TestDirectoryDeletingServiceWithFSO (TestDirectoryDeletingServiceWithFSO.java:assertTableRowCount(519)) - deletedDirectoryTable actual row count=1, expectedCount=0
2023-04-18 19:37:43,607 [Listener at 127.0.0.1/45463] INFO  ozone.TestDirectoryDeletingServiceWithFSO (TestDirectoryDeletingServiceWithFSO.java:assertTableRowCount(519)) - deletedDirectoryTable actual row count=1, expectedCount=0
2023-04-18 19:37:44,607 [Listener at 127.0.0.1/45463] INFO  ozone.TestDirectoryDeletingServiceWithFSO (TestDirectoryDeletingServiceWithFSO.java:assertTableRowCount(519)) - deletedDirectoryTable actual row count=1, expectedCount=0
2023-04-18 19:37:45,608 [Listener at 127.0.0.1/45463] INFO  ozone.TestDirectoryDeletingServiceWithFSO (TestDirectoryDeletingServiceWithFSO.java:assertTableRowCount(519)) - deletedDirectoryTable actual row count=1, expectedCount=0
2023-04-18 19:37:46,609 [Listener at 127.0.0.1/45463] INFO  ozone.TestDirectoryDeletingServiceWithFSO (TestDirectoryDeletingServiceWithFSO.java:assertTableRowCount(519)) - deletedDirectoryTable actual row count=1, expectedCount=0
2023-04-18 19:37:47,609 [Listener at 127.0.0.1/45463] INFO  ozone.TestDirectoryDeletingServiceWithFSO (TestDirectoryDeletingServiceWithFSO.java:assertTableRowCount(519)) - deletedDirectoryTable actual row count=1, expectedCount=0
2023-04-18 19:37:48,610 [Listener at 127.0.0.1/45463] INFO  ozone.TestDirectoryDeletingServiceWithFSO (TestDirectoryDeletingServiceWithFSO.java:assertTableRowCount(519)) - deletedDirectoryTable actual row count=1, expectedCount=0
2023-04-18 19:37:49,610 [Listener at 127.0.0.1/45463] INFO  ozone.TestDirectoryDeletingServiceWithFSO (TestDirectoryDeletingServiceWithFSO.java:assertTableRowCount(519)) - deletedDirectoryTable actual row count=1, expectedCount=0
2023-04-18 19:37:50,611 [Listener at 127.0.0.1/45463] INFO  ozone.TestDirectoryDeletingServiceWithFSO (TestDirectoryDeletingServiceWithFSO.java:assertTableRowCount(519)) - deletedDirectoryTable actual row count=1, expectedCount=0
2023-04-18 19:37:51,611 [Listener at 127.0.0.1/45463] INFO  ozone.TestDirectoryDeletingServiceWithFSO (TestDirectoryDeletingServiceWithFSO.java:assertTableRowCount(519)) - deletedDirectoryTable actual row count=1, expectedCount=0
2023-04-18 19:37:52,612 [Listener at 127.0.0.1/45463] INFO  ozone.TestDirectoryDeletingServiceWithFSO (TestDirectoryDeletingServiceWithFSO.java:assertTableRowCount(519)) - deletedDirectoryTable actual row count=1, expectedCount=0
2023-04-18 19:37:53,612 [Listener at 127.0.0.1/45463] INFO  ozone.TestDirectoryDeletingServiceWithFSO (TestDirectoryDeletingServiceWithFSO.java:assertTableRowCount(519)) - deletedDirectoryTable actual row count=1, expectedCount=0
2023-04-18 19:37:54,613 [Listener at 127.0.0.1/45463] INFO  ozone.TestDirectoryDeletingServiceWithFSO (TestDirectoryDeletingServiceWithFSO.java:assertTableRowCount(519)) - deletedDirectoryTable actual row count=1, expectedCount=0
2023-04-18 19:37:55,613 [Listener at 127.0.0.1/45463] INFO  ozone.TestDirectoryDeletingServiceWithFSO (TestDirectoryDeletingServiceWithFSO.java:assertTableRowCount(519)) - deletedDirectoryTable actual row count=1, expectedCount=0
2023-04-18 19:37:56,614 [Listener at 127.0.0.1/45463] INFO  ozone.TestDirectoryDeletingServiceWithFSO (TestDirectoryDeletingServiceWithFSO.java:assertTableRowCount(519)) - deletedDirectoryTable actual row count=1, expectedCount=0
2023-04-18 19:37:57,614 [Listener at 127.0.0.1/45463] INFO  ozone.TestDirectoryDeletingServiceWithFSO (TestDirectoryDeletingServiceWithFSO.java:assertTableRowCount(519)) - deletedDirectoryTable actual row count=1, expectedCount=0
2023-04-18 19:37:58,615 [Listener at 127.0.0.1/45463] INFO  ozone.TestDirectoryDeletingServiceWithFSO (TestDirectoryDeletingServiceWithFSO.java:assertTableRowCount(519)) - deletedDirectoryTable actual row count=1, expectedCount=0
2023-04-18 19:37:59,616 [Listener at 127.0.0.1/45463] INFO  ozone.TestDirectoryDeletingServiceWithFSO (TestDirectoryDeletingServiceWithFSO.java:assertTableRowCount(519)) - deletedDirectoryTable actual row count=1, expectedCount=0
2023-04-18 19:38:00,616 [Listener at 127.0.0.1/45463] INFO  ozone.TestDirectoryDeletingServiceWithFSO (TestDirectoryDeletingServiceWithFSO.java:assertTableRowCount(519)) - deletedDirectoryTable actual row count=1, expectedCount=0
2023-04-18 19:38:01,617 [Listener at 127.0.0.1/45463] INFO  ozone.TestDirectoryDeletingServiceWithFSO (TestDirectoryDeletingServiceWithFSO.java:assertTableRowCount(519)) - deletedDirectoryTable actual row count=1, expectedCount=0
2023-04-18 19:38:02,617 [Listener at 127.0.0.1/45463] INFO  ozone.TestDirectoryDeletingServiceWithFSO (TestDirectoryDeletingServiceWithFSO.java:assertTableRowCount(519)) - deletedDirectoryTable actual row count=1, expectedCount=0
2023-04-18 19:38:03,618 [Listener at 127.0.0.1/45463] INFO  ozone.TestDirectoryDeletingServiceWithFSO (TestDirectoryDeletingServiceWithFSO.java:assertTableRowCount(519)) - deletedDirectoryTable actual row count=1, expectedCount=0
2023-04-18 19:38:04,618 [Listener at 127.0.0.1/45463] INFO  ozone.TestDirectoryDeletingServiceWithFSO (TestDirectoryDeletingServiceWithFSO.java:assertTableRowCount(519)) - deletedDirectoryTable actual row count=1, expectedCount=0
2023-04-18 19:38:05,619 [Listener at 127.0.0.1/45463] INFO  ozone.TestDirectoryDeletingServiceWithFSO (TestDirectoryDeletingServiceWithFSO.java:assertTableRowCount(519)) - deletedDirectoryTable actual row count=1, expectedCount=0
2023-04-18 19:38:06,619 [Listener at 127.0.0.1/45463] INFO  ozone.TestDirectoryDeletingServiceWithFSO (TestDirectoryDeletingServiceWithFSO.java:assertTableRowCount(519)) - deletedDirectoryTable actual row count=1, expectedCount=0
2023-04-18 19:38:07,620 [Listener at 127.0.0.1/45463] INFO  ozone.TestDirectoryDeletingServiceWithFSO (TestDirectoryDeletingServiceWithFSO.java:assertTableRowCount(519)) - deletedDirectoryTable actual row count=1, expectedCount=0
2023-04-18 19:38:08,620 [Listener at 127.0.0.1/45463] INFO  ozone.TestDirectoryDeletingServiceWithFSO (TestDirectoryDeletingServiceWithFSO.java:assertTableRowCount(519)) - deletedDirectoryTable actual row count=1, expectedCount=0
2023-04-18 19:38:09,621 [Listener at 127.0.0.1/45463] INFO  ozone.TestDirectoryDeletingServiceWithFSO (TestDirectoryDeletingServiceWithFSO.java:assertTableRowCount(519)) - deletedDirectoryTable actual row count=1, expectedCount=0
2023-04-18 19:38:10,622 [Listener at 127.0.0.1/45463] INFO  ozone.TestDirectoryDeletingServiceWithFSO (TestDirectoryDeletingServiceWithFSO.java:assertTableRowCount(519)) - deletedDirectoryTable actual row count=1, expectedCount=0
2023-04-18 19:38:11,622 [Listener at 127.0.0.1/45463] INFO  ozone.TestDirectoryDeletingServiceWithFSO (TestDirectoryDeletingServiceWithFSO.java:assertTableRowCount(519)) - deletedDirectoryTable actual row count=1, expectedCount=0
2023-04-18 19:38:12,623 [Listener at 127.0.0.1/45463] INFO  ozone.TestDirectoryDeletingServiceWithFSO (TestDirectoryDeletingServiceWithFSO.java:assertTableRowCount(519)) - deletedDirectoryTable actual row count=1, expectedCount=0
2023-04-18 19:38:13,623 [Listener at 127.0.0.1/45463] INFO  ozone.TestDirectoryDeletingServiceWithFSO (TestDirectoryDeletingServiceWithFSO.java:assertTableRowCount(519)) - deletedDirectoryTable actual row count=1, expectedCount=0
2023-04-18 19:38:14,624 [Listener at 127.0.0.1/45463] INFO  ozone.TestDirectoryDeletingServiceWithFSO (TestDirectoryDeletingServiceWithFSO.java:assertTableRowCount(519)) - deletedDirectoryTable actual row count=1, expectedCount=0
2023-04-18 19:38:15,625 [Listener at 127.0.0.1/45463] INFO  ozone.TestDirectoryDeletingServiceWithFSO (TestDirectoryDeletingServiceWithFSO.java:assertTableRowCount(519)) - deletedDirectoryTable actual row count=1, expectedCount=0
2023-04-18 19:38:16,626 [Listener at 127.0.0.1/45463] INFO  ozone.TestDirectoryDeletingServiceWithFSO (TestDirectoryDeletingServiceWithFSO.java:assertTableRowCount(519)) - deletedDirectoryTable actual row count=1, expectedCount=0
2023-04-18 19:38:17,626 [Listener at 127.0.0.1/45463] INFO  ozone.TestDirectoryDeletingServiceWithFSO (TestDirectoryDeletingServiceWithFSO.java:assertTableRowCount(519)) - deletedDirectoryTable actual row count=1, expectedCount=0
2023-04-18 19:38:18,627 [Listener at 127.0.0.1/45463] INFO  ozone.TestDirectoryDeletingServiceWithFSO (TestDirectoryDeletingServiceWithFSO.java:assertTableRowCount(519)) - deletedDirectoryTable actual row count=1, expectedCount=0
2023-04-18 19:38:19,627 [Listener at 127.0.0.1/45463] INFO  ozone.TestDirectoryDeletingServiceWithFSO (TestDirectoryDeletingServiceWithFSO.java:assertTableRowCount(519)) - deletedDirectoryTable actual row count=1, expectedCount=0
2023-04-18 19:38:20,628 [Listener at 127.0.0.1/45463] INFO  ozone.TestDirectoryDeletingServiceWithFSO (TestDirectoryDeletingServiceWithFSO.java:assertTableRowCount(519)) - deletedDirectoryTable actual row count=1, expectedCount=0
2023-04-18 19:38:21,628 [Listener at 127.0.0.1/45463] INFO  ozone.TestDirectoryDeletingServiceWithFSO (TestDirectoryDeletingServiceWithFSO.java:assertTableRowCount(519)) - deletedDirectoryTable actual row count=1, expectedCount=0
2023-04-18 19:38:22,629 [Listener at 127.0.0.1/45463] INFO  ozone.TestDirectoryDeletingServiceWithFSO (TestDirectoryDeletingServiceWithFSO.java:assertTableRowCount(519)) - deletedDirectoryTable actual row count=1, expectedCount=0
2023-04-18 19:38:23,629 [Listener at 127.0.0.1/45463] INFO  ozone.TestDirectoryDeletingServiceWithFSO (TestDirectoryDeletingServiceWithFSO.java:assertTableRowCount(519)) - deletedDirectoryTable actual row count=1, expectedCount=0
2023-04-18 19:38:24,630 [Listener at 127.0.0.1/45463] INFO  ozone.TestDirectoryDeletingServiceWithFSO (TestDirectoryDeletingServiceWithFSO.java:assertTableRowCount(519)) - deletedDirectoryTable actual row count=1, expectedCount=0
2023-04-18 19:38:25,630 [Listener at 127.0.0.1/45463] INFO  ozone.TestDirectoryDeletingServiceWithFSO (TestDirectoryDeletingServiceWithFSO.java:assertTableRowCount(519)) - deletedDirectoryTable actual row count=1, expectedCount=0
2023-04-18 19:38:26,631 [Listener at 127.0.0.1/45463] INFO  ozone.TestDirectoryDeletingServiceWithFSO (TestDirectoryDeletingServiceWithFSO.java:assertTableRowCount(519)) - deletedDirectoryTable actual row count=1, expectedCount=0
2023-04-18 19:38:27,632 [Listener at 127.0.0.1/45463] INFO  ozone.TestDirectoryDeletingServiceWithFSO (TestDirectoryDeletingServiceWithFSO.java:assertTableRowCount(519)) - deletedDirectoryTable actual row count=1, expectedCount=0
2023-04-18 19:38:28,632 [Listener at 127.0.0.1/45463] INFO  ozone.TestDirectoryDeletingServiceWithFSO (TestDirectoryDeletingServiceWithFSO.java:assertTableRowCount(519)) - deletedDirectoryTable actual row count=1, expectedCount=0
2023-04-18 19:38:29,633 [Listener at 127.0.0.1/45463] INFO  ozone.TestDirectoryDeletingServiceWithFSO (TestDirectoryDeletingServiceWithFSO.java:assertTableRowCount(519)) - deletedDirectoryTable actual row count=1, expectedCount=0
2023-04-18 19:38:30,633 [Listener at 127.0.0.1/45463] INFO  ozone.TestDirectoryDeletingServiceWithFSO (TestDirectoryDeletingServiceWithFSO.java:assertTableRowCount(519)) - deletedDirectoryTable actual row count=1, expectedCount=0
2023-04-18 19:38:31,634 [Listener at 127.0.0.1/45463] INFO  ozone.TestDirectoryDeletingServiceWithFSO (TestDirectoryDeletingServiceWithFSO.java:assertTableRowCount(519)) - deletedDirectoryTable actual row count=1, expectedCount=0
2023-04-18 19:38:32,634 [Listener at 127.0.0.1/45463] INFO  ozone.TestDirectoryDeletingServiceWithFSO (TestDirectoryDeletingServiceWithFSO.java:assertTableRowCount(519)) - deletedDirectoryTable actual row count=1, expectedCount=0
2023-04-18 19:38:33,635 [Listener at 127.0.0.1/45463] INFO  ozone.TestDirectoryDeletingServiceWithFSO (TestDirectoryDeletingServiceWithFSO.java:assertTableRowCount(519)) - deletedDirectoryTable actual row count=1, expectedCount=0
2023-04-18 19:38:34,635 [Listener at 127.0.0.1/45463] INFO  ozone.TestDirectoryDeletingServiceWithFSO (TestDirectoryDeletingServiceWithFSO.java:assertTableRowCount(519)) - deletedDirectoryTable actual row count=1, expectedCount=0
2023-04-18 19:38:35,636 [Listener at 127.0.0.1/45463] INFO  ozone.TestDirectoryDeletingServiceWithFSO (TestDirectoryDeletingServiceWithFSO.java:assertTableRowCount(519)) - deletedDirectoryTable actual row count=1, expectedCount=0
2023-04-18 19:38:36,636 [Listener at 127.0.0.1/45463] INFO  ozone.TestDirectoryDeletingServiceWithFSO (TestDirectoryDeletingServiceWithFSO.java:assertTableRowCount(519)) - deletedDirectoryTable actual row count=1, expectedCount=0
2023-04-18 19:38:37,636 [Listener at 127.0.0.1/45463] INFO  ozone.TestDirectoryDeletingServiceWithFSO (TestDirectoryDeletingServiceWithFSO.java:assertTableRowCount(519)) - deletedDirectoryTable actual row count=1, expectedCount=0
2023-04-18 19:38:38,136 [SstFilteringService#0] WARN  server.ServerUtils (ServerUtils.java:getDBPath(225)) - ozone.om.db.dirs is not configured. We recommend adding this setting. Falling back to ozone.metadata.dirs instead.
2023-04-18 19:38:38,637 [Listener at 127.0.0.1/45463] INFO  ozone.TestDirectoryDeletingServiceWithFSO (TestDirectoryDeletingServiceWithFSO.java:assertTableRowCount(519)) - deletedDirectoryTable actual row count=1, expectedCount=0
2023-04-18 19:38:39,638 [Listener at 127.0.0.1/45463] INFO  ozone.TestDirectoryDeletingServiceWithFSO (TestDirectoryDeletingServiceWithFSO.java:assertTableRowCount(519)) - deletedDirectoryTable actual row count=1, expectedCount=0
2023-04-18 19:38:40,638 [Listener at 127.0.0.1/45463] INFO  ozone.TestDirectoryDeletingServiceWithFSO (TestDirectoryDeletingServiceWithFSO.java:assertTableRowCount(519)) - deletedDirectoryTable actual row count=1, expectedCount=0
2023-04-18 19:38:41,378 [BlockDeletingService#2] INFO  interfaces.ContainerDeletionChoosingPolicyTemplate (ContainerDeletionChoosingPolicyTemplate.java:chooseContainerForBlockDeletion(83)) - Chosen 0/5000 blocks from 0 candidate containers.
2023-04-18 19:38:41,639 [Listener at 127.0.0.1/45463] INFO  ozone.TestDirectoryDeletingServiceWithFSO (TestDirectoryDeletingServiceWithFSO.java:assertTableRowCount(519)) - deletedDirectoryTable actual row count=1, expectedCount=0
2023-04-18 19:38:41,809 [BlockDeletingService#2] INFO  interfaces.ContainerDeletionChoosingPolicyTemplate (ContainerDeletionChoosingPolicyTemplate.java:chooseContainerForBlockDeletion(83)) - Chosen 0/5000 blocks from 0 candidate containers.
2023-04-18 19:38:42,137 [BlockDeletingService#2] INFO  interfaces.ContainerDeletionChoosingPolicyTemplate (ContainerDeletionChoosingPolicyTemplate.java:chooseContainerForBlockDeletion(83)) - Chosen 0/5000 blocks from 0 candidate containers.
2023-04-18 19:38:42,639 [Listener at 127.0.0.1/45463] INFO  ozone.TestDirectoryDeletingServiceWithFSO (TestDirectoryDeletingServiceWithFSO.java:assertTableRowCount(519)) - deletedDirectoryTable actual row count=1, expectedCount=0
2023-04-18 19:38:43,640 [Listener at 127.0.0.1/45463] INFO  ozone.TestDirectoryDeletingServiceWithFSO (TestDirectoryDeletingServiceWithFSO.java:assertTableRowCount(519)) - deletedDirectoryTable actual row count=1, expectedCount=0
2023-04-18 19:38:44,108 [RatisPipelineUtilsThread - 0] WARN  pipeline.PipelinePlacementPolicy (PipelinePlacementPolicy.java:filterViableNodes(160)) - Pipeline creation failed due to no sufficient healthy datanodes. Required 3. Found 0. Excluded 3.
2023-04-18 19:38:44,640 [Listener at 127.0.0.1/45463] INFO  ozone.TestDirectoryDeletingServiceWithFSO (TestDirectoryDeletingServiceWithFSO.java:assertTableRowCount(519)) - deletedDirectoryTable actual row count=1, expectedCount=0
2023-04-18 19:38:45,641 [Listener at 127.0.0.1/45463] INFO  ozone.TestDirectoryDeletingServiceWithFSO (TestDirectoryDeletingServiceWithFSO.java:assertTableRowCount(519)) - deletedDirectoryTable actual row count=1, expectedCount=0
2023-04-18 19:38:46,641 [Listener at 127.0.0.1/45463] INFO  ozone.TestDirectoryDeletingServiceWithFSO (TestDirectoryDeletingServiceWithFSO.java:assertTableRowCount(519)) - deletedDirectoryTable actual row count=1, expectedCount=0
2023-04-18 19:38:47,642 [Listener at 127.0.0.1/45463] INFO  ozone.TestDirectoryDeletingServiceWithFSO (TestDirectoryDeletingServiceWithFSO.java:assertTableRowCount(519)) - deletedDirectoryTable actual row count=1, expectedCount=0
2023-04-18 19:38:48,642 [Listener at 127.0.0.1/45463] INFO  ozone.TestDirectoryDeletingServiceWithFSO (TestDirectoryDeletingServiceWithFSO.java:assertTableRowCount(519)) - deletedDirectoryTable actual row count=1, expectedCount=0
2023-04-18 19:38:49,643 [Listener at 127.0.0.1/45463] INFO  ozone.TestDirectoryDeletingServiceWithFSO (TestDirectoryDeletingServiceWithFSO.java:assertTableRowCount(519)) - deletedDirectoryTable actual row count=1, expectedCount=0
2023-04-18 19:38:50,643 [Listener at 127.0.0.1/45463] INFO  ozone.TestDirectoryDeletingServiceWithFSO (TestDirectoryDeletingServiceWithFSO.java:assertTableRowCount(519)) - deletedDirectoryTable actual row count=1, expectedCount=0
2023-04-18 19:38:51,644 [Listener at 127.0.0.1/45463] INFO  ozone.TestDirectoryDeletingServiceWithFSO (TestDirectoryDeletingServiceWithFSO.java:assertTableRowCount(519)) - deletedDirectoryTable actual row count=1, expectedCount=0
2023-04-18 19:38:52,644 [Listener at 127.0.0.1/45463] INFO  ozone.TestDirectoryDeletingServiceWithFSO (TestDirectoryDeletingServiceWithFSO.java:assertTableRowCount(519)) - deletedDirectoryTable actual row count=1, expectedCount=0
2023-04-18 19:38:53,645 [Listener at 127.0.0.1/45463] INFO  ozone.TestDirectoryDeletingServiceWithFSO (TestDirectoryDeletingServiceWithFSO.java:assertTableRowCount(519)) - deletedDirectoryTable actual row count=1, expectedCount=0
2023-04-18 19:38:54,645 [Listener at 127.0.0.1/45463] INFO  ozone.TestDirectoryDeletingServiceWithFSO (TestDirectoryDeletingServiceWithFSO.java:assertTableRowCount(519)) - deletedDirectoryTable actual row count=1, expectedCount=0
2023-04-18 19:38:55,646 [Listener at 127.0.0.1/45463] INFO  ozone.TestDirectoryDeletingServiceWithFSO (TestDirectoryDeletingServiceWithFSO.java:assertTableRowCount(519)) - deletedDirectoryTable actual row count=1, expectedCount=0
2023-04-18 19:38:56,646 [Listener at 127.0.0.1/45463] INFO  ozone.TestDirectoryDeletingServiceWithFSO (TestDirectoryDeletingServiceWithFSO.java:assertTableRowCount(519)) - deletedDirectoryTable actual row count=1, expectedCount=0
2023-04-18 19:38:57,647 [Listener at 127.0.0.1/45463] INFO  ozone.TestDirectoryDeletingServiceWithFSO (TestDirectoryDeletingServiceWithFSO.java:assertTableRowCount(519)) - deletedDirectoryTable actual row count=1, expectedCount=0
2023-04-18 19:38:58,647 [Listener at 127.0.0.1/45463] INFO  ozone.TestDirectoryDeletingServiceWithFSO (TestDirectoryDeletingServiceWithFSO.java:assertTableRowCount(519)) - deletedDirectoryTable actual row count=1, expectedCount=0
2023-04-18 19:38:59,648 [Listener at 127.0.0.1/45463] INFO  ozone.TestDirectoryDeletingServiceWithFSO (TestDirectoryDeletingServiceWithFSO.java:assertTableRowCount(519)) - deletedDirectoryTable actual row count=1, expectedCount=0
2023-04-18 19:39:00,648 [Listener at 127.0.0.1/45463] INFO  ozone.TestDirectoryDeletingServiceWithFSO (TestDirectoryDeletingServiceWithFSO.java:assertTableRowCount(519)) - deletedDirectoryTable actual row count=1, expectedCount=0
2023-04-18 19:39:01,648 [Listener at 127.0.0.1/45463] INFO  ozone.TestDirectoryDeletingServiceWithFSO (TestDirectoryDeletingServiceWithFSO.java:assertTableRowCount(519)) - deletedDirectoryTable actual row count=1, expectedCount=0
2023-04-18 19:39:02,649 [Listener at 127.0.0.1/45463] INFO  ozone.TestDirectoryDeletingServiceWithFSO (TestDirectoryDeletingServiceWithFSO.java:assertTableRowCount(519)) - deletedDirectoryTable actual row count=1, expectedCount=0
2023-04-18 19:39:03,649 [Listener at 127.0.0.1/45463] INFO  ozone.TestDirectoryDeletingServiceWithFSO (TestDirectoryDeletingServiceWithFSO.java:assertTableRowCount(519)) - deletedDirectoryTable actual row count=1, expectedCount=0
2023-04-18 19:39:04,650 [Listener at 127.0.0.1/45463] INFO  ozone.TestDirectoryDeletingServiceWithFSO (TestDirectoryDeletingServiceWithFSO.java:assertTableRowCount(519)) - deletedDirectoryTable actual row count=1, expectedCount=0
2023-04-18 19:39:05,650 [Listener at 127.0.0.1/45463] INFO  ozone.TestDirectoryDeletingServiceWithFSO (TestDirectoryDeletingServiceWithFSO.java:assertTableRowCount(519)) - deletedDirectoryTable actual row count=1, expectedCount=0
2023-04-18 19:39:06,651 [Listener at 127.0.0.1/45463] INFO  ozone.TestDirectoryDeletingServiceWithFSO (TestDirectoryDeletingServiceWithFSO.java:assertTableRowCount(519)) - deletedDirectoryTable actual row count=1, expectedCount=0
2023-04-18 19:39:07,651 [Listener at 127.0.0.1/45463] INFO  ozone.TestDirectoryDeletingServiceWithFSO (TestDirectoryDeletingServiceWithFSO.java:assertTableRowCount(519)) - deletedDirectoryTable actual row count=1, expectedCount=0
]]></system-out>
  </testcase>
</testsuite>