<?xml version="1.0" encoding="UTF-8"?>
<testsuite xmlns:xsi="http://www.w3.org/2001/XMLSchema-instance" xsi:noNamespaceSchemaLocation="https://maven.apache.org/surefire/maven-surefire-plugin/xsd/surefire-test-report-3.0.xsd" version="3.0" name="org.apache.hadoop.ozone.TestSecureOzoneCluster" time="139.555" tests="16" errors="0" skipped="2" failures="1">
  <properties>
    <property name="awt.toolkit" value="sun.awt.X11.XToolkit"/>
    <property name="file.encoding.pkg" value="sun.io"/>
    <property name="java.specification.version" value="1.8"/>
    <property name="sun.cpu.isalist" value=""/>
    <property name="sun.jnu.encoding" value="UTF-8"/>
    <property name="java.class.path" value="/home/runner/work/ozone/ozone/hadoop-ozone/integration-test/target/test-classes:/home/runner/work/ozone/ozone/hadoop-ozone/integration-test/target/classes:/home/runner/.m2/repository/org/apache/ozone/ozone-common/1.4.0-SNAPSHOT/ozone-common-1.4.0-SNAPSHOT.jar:/home/runner/.m2/repository/io/grpc/grpc-netty/1.51.1/grpc-netty-1.51.1.jar:/home/runner/.m2/repository/io/grpc/grpc-core/1.51.1/grpc-core-1.51.1.jar:/home/runner/.m2/repository/com/google/android/annotations/4.1.1.4/annotations-4.1.1.4.jar:/home/runner/.m2/repository/org/codehaus/mojo/animal-sniffer-annotations/1.21/animal-sniffer-annotations-1.21.jar:/home/runner/.m2/repository/com/google/errorprone/error_prone_annotations/2.2.0/error_prone_annotations-2.2.0.jar:/home/runner/.m2/repository/io/perfmark/perfmark-api/0.25.0/perfmark-api-0.25.0.jar:/home/runner/.m2/repository/io/netty/netty-codec-http2/4.1.94.Final/netty-codec-http2-4.1.94.Final.jar:/home/runner/.m2/repository/io/netty/netty-common/4.1.94.Final/netty-common-4.1.94.Final.jar:/home/runner/.m2/repository/io/netty/netty-buffer/4.1.94.Final/netty-buffer-4.1.94.Final.jar:/home/runner/.m2/repository/io/netty/netty-codec-http/4.1.94.Final/netty-codec-http-4.1.94.Final.jar:/home/runner/.m2/repository/io/netty/netty-handler-proxy/4.1.94.Final/netty-handler-proxy-4.1.94.Final.jar:/home/runner/.m2/repository/io/netty/netty-codec-socks/4.1.94.Final/netty-codec-socks-4.1.94.Final.jar:/home/runner/.m2/repository/io/netty/netty-tcnative-boringssl-static/2.0.61.Final/netty-tcnative-boringssl-static-2.0.61.Final.jar:/home/runner/.m2/repository/io/netty/netty-tcnative-classes/2.0.61.Final/netty-tcnative-classes-2.0.61.Final.jar:/home/runner/.m2/repository/io/netty/netty-tcnative-boringssl-static/2.0.61.Final/netty-tcnative-boringssl-static-2.0.61.Final-linux-x86_64.jar:/home/runner/.m2/repository/io/netty/netty-tcnative-boringssl-static/2.0.61.Final/netty-tcnative-boringssl-static-2.0.61.Final-linux-aarch_64.jar:/home/runner/.m2/repository/io/netty/netty-tcnative-boringssl-static/2.0.61.Final/netty-tcnative-boringssl-static-2.0.61.Final-osx-x86_64.jar:/home/runner/.m2/repository/io/netty/netty-tcnative-boringssl-static/2.0.61.Final/netty-tcnative-boringssl-static-2.0.61.Final-osx-aarch_64.jar:/home/runner/.m2/repository/io/netty/netty-tcnative-boringssl-static/2.0.61.Final/netty-tcnative-boringssl-static-2.0.61.Final-windows-x86_64.jar:/home/runner/.m2/repository/org/apache/commons/commons-compress/1.21/commons-compress-1.21.jar:/home/runner/.m2/repository/org/apache/ozone/hdds-common/1.4.0-SNAPSHOT/hdds-common-1.4.0-SNAPSHOT.jar:/home/runner/.m2/repository/org/apache/ozone/hdds-client/1.4.0-SNAPSHOT/hdds-client-1.4.0-SNAPSHOT.jar:/home/runner/.m2/repository/org/apache/ozone/ozone-interface-client/1.4.0-SNAPSHOT/ozone-interface-client-1.4.0-SNAPSHOT.jar:/home/runner/.m2/repository/org/apache/hadoop/hadoop-hdfs-client/3.3.6/hadoop-hdfs-client-3.3.6.jar:/home/runner/.m2/repository/com/squareup/okhttp3/okhttp/4.9.3/okhttp-4.9.3.jar:/home/runner/.m2/repository/com/squareup/okio/okio/3.4.0/okio-3.4.0.jar:/home/runner/.m2/repository/com/squareup/okio/okio-jvm/3.4.0/okio-jvm-3.4.0.jar:/home/runner/.m2/repository/org/jetbrains/kotlin/kotlin-stdlib-jdk8/1.8.0/kotlin-stdlib-jdk8-1.8.0.jar:/home/runner/.m2/repository/org/jetbrains/kotlin/kotlin-stdlib-jdk7/1.8.0/kotlin-stdlib-jdk7-1.8.0.jar:/home/runner/.m2/repository/org/jetbrains/kotlin/kotlin-stdlib-common/1.6.21/kotlin-stdlib-common-1.6.21.jar:/home/runner/.m2/repository/org/apache/ozone/hdds-test-utils/1.4.0-SNAPSHOT/hdds-test-utils-1.4.0-SNAPSHOT.jar:/home/runner/.m2/repository/com/google/guava/guava/32.0.0-jre/guava-32.0.0-jre.jar:/home/runner/.m2/repository/com/google/guava/failureaccess/1.0.1/failureaccess-1.0.1.jar:/home/runner/.m2/repository/com/google/guava/listenablefuture/9999.0-empty-to-avoid-conflict-with-guava/listenablefuture-9999.0-empty-to-avoid-conflict-with-guava.jar:/home/runner/.m2/repository/com/google/code/findbugs/jsr305/3.0.0/jsr305-3.0.0.jar:/home/runner/.m2/repository/org/checkerframework/checker-qual/3.33.0/checker-qual-3.33.0.jar:/home/runner/.m2/repository/com/google/j2objc/j2objc-annotations/2.8/j2objc-annotations-2.8.jar:/home/runner/.m2/repository/commons-io/commons-io/2.11.0/commons-io-2.11.0.jar:/home/runner/.m2/repository/commons-logging/commons-logging/1.2/commons-logging-1.2.jar:/home/runner/.m2/repository/ch/qos/reload4j/reload4j/1.2.22/reload4j-1.2.22.jar:/home/runner/.m2/repository/org/slf4j/slf4j-api/1.7.36/slf4j-api-1.7.36.jar:/home/runner/.m2/repository/org/apache/logging/log4j/log4j-api/2.17.1/log4j-api-2.17.1.jar:/home/runner/.m2/repository/org/apache/ozone/hdds-server-scm/1.4.0-SNAPSHOT/hdds-server-scm-1.4.0-SNAPSHOT.jar:/home/runner/.m2/repository/org/apache/ozone/hdds-container-service/1.4.0-SNAPSHOT/hdds-container-service-1.4.0-SNAPSHOT.jar:/home/runner/.m2/repository/org/apache/ozone/hdds-hadoop-dependency-server/1.4.0-SNAPSHOT/hdds-hadoop-dependency-server-1.4.0-SNAPSHOT.jar:/home/runner/.m2/repository/org/apache/hadoop/hadoop-hdfs/3.3.6/hadoop-hdfs-3.3.6.jar:/home/runner/.m2/repository/commons-daemon/commons-daemon/1.0.13/commons-daemon-1.0.13.jar:/home/runner/.m2/repository/org/apache/ozone/hdds-server-framework/1.4.0-SNAPSHOT/hdds-server-framework-1.4.0-SNAPSHOT.jar:/home/runner/.m2/repository/io/dropwizard/metrics/metrics-core/3.2.4/metrics-core-3.2.4.jar:/home/runner/.m2/repository/org/apache/commons/commons-text/1.10.0/commons-text-1.10.0.jar:/home/runner/.m2/repository/org/bouncycastle/bcprov-jdk15on/1.67/bcprov-jdk15on-1.67.jar:/home/runner/.m2/repository/com/google/protobuf/protobuf-java/2.5.0/protobuf-java-2.5.0.jar:/home/runner/.m2/repository/org/apache/ozone/hdds-server-framework/1.4.0-SNAPSHOT/hdds-server-framework-1.4.0-SNAPSHOT-tests.jar:/home/runner/.m2/repository/org/apache/ozone/hdds-interface-server/1.4.0-SNAPSHOT/hdds-interface-server-1.4.0-SNAPSHOT.jar:/home/runner/.m2/repository/org/apache/ozone/hdds-interface-admin/1.4.0-SNAPSHOT/hdds-interface-admin-1.4.0-SNAPSHOT.jar:/home/runner/.m2/repository/org/apache/ozone/hdds-managed-rocksdb/1.4.0-SNAPSHOT/hdds-managed-rocksdb-1.4.0-SNAPSHOT.jar:/home/runner/.m2/repository/org/rocksdb/rocksdbjni/7.7.3/rocksdbjni-7.7.3.jar:/home/runner/.m2/repository/org/slf4j/slf4j-reload4j/1.7.36/slf4j-reload4j-1.7.36.jar:/home/runner/.m2/repository/org/apache/commons/commons-configuration2/2.1.1/commons-configuration2-2.1.1.jar:/home/runner/.m2/repository/commons-fileupload/commons-fileupload/1.5/commons-fileupload-1.5.jar:/home/runner/.m2/repository/org/apache/logging/log4j/log4j-core/2.17.1/log4j-core-2.17.1.jar:/home/runner/.m2/repository/com/lmax/disruptor/3.4.2/disruptor-3.4.2.jar:/home/runner/.m2/repository/org/eclipse/jetty/jetty-util/9.4.51.v20230217/jetty-util-9.4.51.v20230217.jar:/home/runner/.m2/repository/org/eclipse/jetty/jetty-server/9.4.51.v20230217/jetty-server-9.4.51.v20230217.jar:/home/runner/.m2/repository/org/eclipse/jetty/jetty-http/9.4.51.v20230217/jetty-http-9.4.51.v20230217.jar:/home/runner/.m2/repository/org/eclipse/jetty/jetty-io/9.4.51.v20230217/jetty-io-9.4.51.v20230217.jar:/home/runner/.m2/repository/org/eclipse/jetty/jetty-servlet/9.4.51.v20230217/jetty-servlet-9.4.51.v20230217.jar:/home/runner/.m2/repository/org/eclipse/jetty/jetty-security/9.4.51.v20230217/jetty-security-9.4.51.v20230217.jar:/home/runner/.m2/repository/org/eclipse/jetty/jetty-util-ajax/9.4.51.v20230217/jetty-util-ajax-9.4.51.v20230217.jar:/home/runner/.m2/repository/org/eclipse/jetty/jetty-webapp/9.4.51.v20230217/jetty-webapp-9.4.51.v20230217.jar:/home/runner/.m2/repository/org/eclipse/jetty/jetty-xml/9.4.51.v20230217/jetty-xml-9.4.51.v20230217.jar:/home/runner/.m2/repository/org/apache/ratis/ratis-server/2.5.1/ratis-server-2.5.1.jar:/home/runner/.m2/repository/org/apache/ratis/ratis-thirdparty-misc/1.0.4/ratis-thirdparty-misc-1.0.4.jar:/home/runner/.m2/repository/org/apache/ratis/ratis-proto/2.5.1/ratis-proto-2.5.1.jar:/home/runner/.m2/repository/org/apache/ratis/ratis-common/2.5.1/ratis-common-2.5.1.jar:/home/runner/.m2/repository/org/apache/ratis/ratis-client/2.5.1/ratis-client-2.5.1.jar:/home/runner/.m2/repository/org/apache/ratis/ratis-server-api/2.5.1/ratis-server-api-2.5.1.jar:/home/runner/.m2/repository/org/apache/ratis/ratis-metrics/2.5.1/ratis-metrics-2.5.1.jar:/home/runner/.m2/repository/io/prometheus/simpleclient_dropwizard/0.7.0/simpleclient_dropwizard-0.7.0.jar:/home/runner/.m2/repository/io/prometheus/simpleclient/0.7.0/simpleclient-0.7.0.jar:/home/runner/.m2/repository/io/prometheus/simpleclient_common/0.7.0/simpleclient_common-0.7.0.jar:/home/runner/.m2/repository/com/fasterxml/jackson/datatype/jackson-datatype-jsr310/2.13.4/jackson-datatype-jsr310-2.13.4.jar:/home/runner/.m2/repository/com/fasterxml/jackson/core/jackson-core/2.13.4/jackson-core-2.13.4.jar:/home/runner/.m2/repository/com/github/spotbugs/spotbugs-annotations/3.1.12/spotbugs-annotations-3.1.12.jar:/home/runner/.m2/repository/org/apache/ozone/rocksdb-checkpoint-differ/1.4.0-SNAPSHOT/rocksdb-checkpoint-differ-1.4.0-SNAPSHOT.jar:/home/runner/.m2/repository/org/jgrapht/jgrapht-core/1.0.1/jgrapht-core-1.0.1.jar:/home/runner/.m2/repository/org/jgrapht/jgrapht-ext/1.0.1/jgrapht-ext-1.0.1.jar:/home/runner/.m2/repository/org/tinyjee/jgraphx/jgraphx/2.0.0.1/jgraphx-2.0.0.1.jar:/home/runner/.m2/repository/jgraph/jgraph/5.13.0.0/jgraph-5.13.0.0.jar:/home/runner/.m2/repository/org/antlr/antlr4-runtime/4.5.3/antlr4-runtime-4.5.3.jar:/home/runner/.m2/repository/org/awaitility/awaitility/4.2.0/awaitility-4.2.0.jar:/home/runner/.m2/repository/org/hamcrest/hamcrest/2.1/hamcrest-2.1.jar:/home/runner/.m2/repository/org/apache/ozone/ozone-manager/1.4.0-SNAPSHOT/ozone-manager-1.4.0-SNAPSHOT.jar:/home/runner/.m2/repository/org/aspectj/aspectjrt/1.9.7/aspectjrt-1.9.7.jar:/home/runner/.m2/repository/org/aspectj/aspectjweaver/1.9.7/aspectjweaver-1.9.7.jar:/home/runner/.m2/repository/org/apache/ozone/hdds-interface-client/1.4.0-SNAPSHOT/hdds-interface-client-1.4.0-SNAPSHOT.jar:/home/runner/.m2/repository/org/apache/hadoop/thirdparty/hadoop-shaded-protobuf_3_7/1.1.1/hadoop-shaded-protobuf_3_7-1.1.1.jar:/home/runner/.m2/repository/org/apache/ozone/ozone-interface-storage/1.4.0-SNAPSHOT/ozone-interface-storage-1.4.0-SNAPSHOT.jar:/home/runner/.m2/repository/org/reflections/reflections/0.9.11/reflections-0.9.11.jar:/home/runner/.m2/repository/com/sun/jersey/jersey-client/1.19/jersey-client-1.19.jar:/home/runner/.m2/repository/org/codehaus/jackson/jackson-core-asl/1.9.13/jackson-core-asl-1.9.13.jar:/home/runner/.m2/repository/org/codehaus/jackson/jackson-mapper-asl/1.9.13/jackson-mapper-asl-1.9.13.jar:/home/runner/.m2/repository/org/codehaus/jackson/jackson-jaxrs/1.9.13/jackson-jaxrs-1.9.13.jar:/home/runner/.m2/repository/org/apache/ranger/ranger-intg/2.3.0/ranger-intg-2.3.0.jar:/home/runner/.m2/repository/org/apache/ranger/ranger-plugins-common/2.3.0/ranger-plugins-common-2.3.0.jar:/home/runner/.m2/repository/commons-lang/commons-lang/2.6/commons-lang-2.6.jar:/home/runner/.m2/repository/org/apache/ranger/ranger-plugins-cred/2.3.0/ranger-plugins-cred-2.3.0.jar:/home/runner/.m2/repository/org/apache/ranger/ranger-plugins-audit/2.3.0/ranger-plugins-audit-2.3.0.jar:/home/runner/.m2/repository/org/eclipse/jetty/jetty-client/9.4.51.v20230217/jetty-client-9.4.51.v20230217.jar:/home/runner/.m2/repository/org/apache/httpcomponents/httpmime/4.5.6/httpmime-4.5.6.jar:/home/runner/.m2/repository/org/apache/httpcomponents/httpcore-nio/4.4.13/httpcore-nio-4.4.13.jar:/home/runner/.m2/repository/org/apache/httpcomponents/httpasyncclient/4.1.3/httpasyncclient-4.1.3.jar:/home/runner/.m2/repository/com/carrotsearch/hppc/0.8.0/hppc-0.8.0.jar:/home/runner/.m2/repository/org/apache/orc/orc-core/1.5.8/orc-core-1.5.8.jar:/home/runner/.m2/repository/net/java/dev/jna/jna/5.2.0/jna-5.2.0.jar:/home/runner/.m2/repository/net/java/dev/jna/jna-platform/5.2.0/jna-platform-5.2.0.jar:/home/runner/.m2/repository/com/kstruct/gethostname4j/0.0.2/gethostname4j-0.0.2.jar:/home/runner/.m2/repository/org/apache/ranger/ranger-plugin-classloader/2.3.0/ranger-plugin-classloader-2.3.0.jar:/home/runner/.m2/repository/org/apache/ozone/hdds-rocks-native/1.4.0-SNAPSHOT/hdds-rocks-native-1.4.0-SNAPSHOT.jar:/home/runner/.m2/repository/org/apache/hadoop/hadoop-minikdc/3.3.6/hadoop-minikdc-3.3.6.jar:/home/runner/.m2/repository/org/apache/kerby/kerb-simplekdc/1.0.1/kerb-simplekdc-1.0.1.jar:/home/runner/.m2/repository/org/apache/kerby/kerb-client/1.0.1/kerb-client-1.0.1.jar:/home/runner/.m2/repository/org/apache/kerby/kerby-config/1.0.1/kerby-config-1.0.1.jar:/home/runner/.m2/repository/org/apache/kerby/kerb-common/1.0.1/kerb-common-1.0.1.jar:/home/runner/.m2/repository/org/apache/kerby/kerb-crypto/1.0.1/kerb-crypto-1.0.1.jar:/home/runner/.m2/repository/org/apache/kerby/kerb-util/1.0.1/kerb-util-1.0.1.jar:/home/runner/.m2/repository/org/apache/kerby/token-provider/1.0.1/token-provider-1.0.1.jar:/home/runner/.m2/repository/org/apache/kerby/kerb-admin/1.0.1/kerb-admin-1.0.1.jar:/home/runner/.m2/repository/org/apache/kerby/kerb-server/1.0.1/kerb-server-1.0.1.jar:/home/runner/.m2/repository/org/apache/kerby/kerb-identity/1.0.1/kerb-identity-1.0.1.jar:/home/runner/.m2/repository/org/apache/kerby/kerby-xdr/1.0.1/kerby-xdr-1.0.1.jar:/home/runner/.m2/repository/org/apache/ozone/ozone-s3gateway/1.4.0-SNAPSHOT/ozone-s3gateway-1.4.0-SNAPSHOT.jar:/home/runner/.m2/repository/org/javassist/javassist/3.21.0-GA/javassist-3.21.0-GA.jar:/home/runner/.m2/repository/org/jboss/weld/servlet/weld-servlet-shaded/3.1.9.Final/weld-servlet-shaded-3.1.9.Final.jar:/home/runner/.m2/repository/org/glassfish/jersey/containers/jersey-container-servlet-core/2.34/jersey-container-servlet-core-2.34.jar:/home/runner/.m2/repository/org/glassfish/hk2/external/jakarta.inject/2.6.1/jakarta.inject-2.6.1.jar:/home/runner/.m2/repository/org/glassfish/jersey/core/jersey-common/2.34/jersey-common-2.34.jar:/home/runner/.m2/repository/jakarta/ws/rs/jakarta.ws.rs-api/2.1.6/jakarta.ws.rs-api-2.1.6.jar:/home/runner/.m2/repository/org/glassfish/jersey/ext/cdi/jersey-cdi1x/2.34/jersey-cdi1x-2.34.jar:/home/runner/.m2/repository/org/glassfish/jersey/inject/jersey-hk2/2.34/jersey-hk2-2.34.jar:/home/runner/.m2/repository/org/glassfish/hk2/hk2-locator/2.6.1/hk2-locator-2.6.1.jar:/home/runner/.m2/repository/org/glassfish/jersey/media/jersey-media-jaxb/2.34/jersey-media-jaxb-2.34.jar:/home/runner/.m2/repository/org/glassfish/hk2/osgi-resource-locator/1.0.3/osgi-resource-locator-1.0.3.jar:/home/runner/.m2/repository/org/glassfish/hk2/hk2-api/2.5.0/hk2-api-2.5.0.jar:/home/runner/.m2/repository/org/glassfish/hk2/hk2-utils/2.5.0/hk2-utils-2.5.0.jar:/home/runner/.m2/repository/org/glassfish/hk2/external/aopalliance-repackaged/2.5.0/aopalliance-repackaged-2.5.0.jar:/home/runner/.m2/repository/com/fasterxml/jackson/dataformat/jackson-dataformat-xml/2.13.4/jackson-dataformat-xml-2.13.4.jar:/home/runner/.m2/repository/org/codehaus/woodstox/stax2-api/4.2.1/stax2-api-4.2.1.jar:/home/runner/.m2/repository/com/fasterxml/woodstox/woodstox-core/5.4.0/woodstox-core-5.4.0.jar:/home/runner/.m2/repository/com/fasterxml/jackson/module/jackson-module-jaxb-annotations/2.13.4/jackson-module-jaxb-annotations-2.13.4.jar:/home/runner/.m2/repository/jakarta/xml/bind/jakarta.xml.bind-api/2.3.3/jakarta.xml.bind-api-2.3.3.jar:/home/runner/.m2/repository/jakarta/activation/jakarta.activation-api/1.2.2/jakarta.activation-api-1.2.2.jar:/home/runner/.m2/repository/javax/enterprise/cdi-api/2.0/cdi-api-2.0.jar:/home/runner/.m2/repository/javax/el/javax.el-api/3.0.0/javax.el-api-3.0.0.jar:/home/runner/.m2/repository/javax/interceptor/javax.interceptor-api/1.2/javax.interceptor-api-1.2.jar:/home/runner/.m2/repository/javax/inject/javax.inject/1/javax.inject-1.jar:/home/runner/.m2/repository/javax/xml/bind/jaxb-api/2.3.0/jaxb-api-2.3.0.jar:/home/runner/.m2/repository/org/glassfish/jaxb/jaxb-runtime/2.3.0.1/jaxb-runtime-2.3.0.1.jar:/home/runner/.m2/repository/org/glassfish/jaxb/jaxb-core/2.3.0.1/jaxb-core-2.3.0.1.jar:/home/runner/.m2/repository/org/glassfish/jaxb/txw2/2.3.0.1/txw2-2.3.0.1.jar:/home/runner/.m2/repository/com/sun/istack/istack-commons-runtime/3.0.5/istack-commons-runtime-3.0.5.jar:/home/runner/.m2/repository/org/jvnet/staxex/stax-ex/1.7.8/stax-ex-1.7.8.jar:/home/runner/.m2/repository/com/sun/xml/fastinfoset/FastInfoset/1.2.13/FastInfoset-1.2.13.jar:/home/runner/.m2/repository/javax/activation/activation/1.1.1/activation-1.1.1.jar:/home/runner/.m2/repository/io/grpc/grpc-protobuf/1.51.1/grpc-protobuf-1.51.1.jar:/home/runner/.m2/repository/com/google/api/grpc/proto-google-common-protos/2.9.0/proto-google-common-protos-2.9.0.jar:/home/runner/.m2/repository/io/grpc/grpc-protobuf-lite/1.51.1/grpc-protobuf-lite-1.51.1.jar:/home/runner/.m2/repository/io/grpc/grpc-stub/1.51.1/grpc-stub-1.51.1.jar:/home/runner/.m2/repository/io/netty/netty-transport/4.1.94.Final/netty-transport-4.1.94.Final.jar:/home/runner/.m2/repository/io/netty/netty-resolver/4.1.94.Final/netty-resolver-4.1.94.Final.jar:/home/runner/.m2/repository/org/apache/ozone/ozone-csi/1.4.0-SNAPSHOT/ozone-csi-1.4.0-SNAPSHOT.jar:/home/runner/.m2/repository/com/google/protobuf/protobuf-java-util/3.19.6/protobuf-java-util-3.19.6.jar:/home/runner/.m2/repository/com/google/code/gson/gson/2.9.0/gson-2.9.0.jar:/home/runner/.m2/repository/org/apache/ozone/hdds-config/1.4.0-SNAPSHOT/hdds-config-1.4.0-SNAPSHOT.jar:/home/runner/.m2/repository/io/netty/netty-transport-native-epoll/4.1.94.Final/netty-transport-native-epoll-4.1.94.Final-linux-x86_64.jar:/home/runner/.m2/repository/io/netty/netty-transport-classes-epoll/4.1.94.Final/netty-transport-classes-epoll-4.1.94.Final.jar:/home/runner/.m2/repository/io/netty/netty-transport-native-unix-common/4.1.94.Final/netty-transport-native-unix-common-4.1.94.Final.jar:/home/runner/.m2/repository/org/apache/ozone/ozone-recon/1.4.0-SNAPSHOT/ozone-recon-1.4.0-SNAPSHOT.jar:/home/runner/.m2/repository/org/apache/ozone/ozone-reconcodegen/1.4.0-SNAPSHOT/ozone-reconcodegen-1.4.0-SNAPSHOT.jar:/home/runner/.m2/repository/com/google/inject/guice/5.1.0/guice-5.1.0.jar:/home/runner/.m2/repository/aopalliance/aopalliance/1.0/aopalliance-1.0.jar:/home/runner/.m2/repository/com/google/inject/extensions/guice-assistedinject/5.1.0/guice-assistedinject-5.1.0.jar:/home/runner/.m2/repository/com/google/inject/extensions/guice-servlet/5.1.0/guice-servlet-5.1.0.jar:/home/runner/.m2/repository/org/glassfish/jersey/containers/jersey-container-servlet/2.34/jersey-container-servlet-2.34.jar:/home/runner/.m2/repository/org/glassfish/hk2/guice-bridge/2.5.0/guice-bridge-2.5.0.jar:/home/runner/.m2/repository/org/glassfish/jersey/core/jersey-server/2.34/jersey-server-2.34.jar:/home/runner/.m2/repository/org/glassfish/jersey/core/jersey-client/2.34/jersey-client-2.34.jar:/home/runner/.m2/repository/jakarta/annotation/jakarta.annotation-api/1.3.5/jakarta.annotation-api-1.3.5.jar:/home/runner/.m2/repository/jakarta/validation/jakarta.validation-api/2.0.2/jakarta.validation-api-2.0.2.jar:/home/runner/.m2/repository/org/glassfish/jersey/media/jersey-media-json-jackson/2.34/jersey-media-json-jackson-2.34.jar:/home/runner/.m2/repository/org/glassfish/jersey/ext/jersey-entity-filtering/2.34/jersey-entity-filtering-2.34.jar:/home/runner/.m2/repository/org/jooq/jooq/3.11.10/jooq-3.11.10.jar:/home/runner/.m2/repository/org/jooq/jooq-meta/3.11.10/jooq-meta-3.11.10.jar:/home/runner/.m2/repository/org/jooq/jooq-codegen/3.11.10/jooq-codegen-3.11.10.jar:/home/runner/.m2/repository/com/jolbox/bonecp/0.8.0.RELEASE/bonecp-0.8.0.RELEASE.jar:/home/runner/.m2/repository/org/apache/derby/derby/10.14.2.0/derby-10.14.2.0.jar:/home/runner/.m2/repository/org/xerial/sqlite-jdbc/3.41.2.2/sqlite-jdbc-3.41.2.2.jar:/home/runner/.m2/repository/org/springframework/spring-jdbc/5.3.27/spring-jdbc-5.3.27.jar:/home/runner/.m2/repository/org/springframework/spring-beans/5.3.27/spring-beans-5.3.27.jar:/home/runner/.m2/repository/org/springframework/spring-core/5.3.27/spring-core-5.3.27.jar:/home/runner/.m2/repository/org/springframework/spring-tx/5.3.27/spring-tx-5.3.27.jar:/home/runner/.m2/repository/org/apache/ozone/ozone-client/1.4.0-SNAPSHOT/ozone-client-1.4.0-SNAPSHOT.jar:/home/runner/.m2/repository/org/apache/ozone/hdds-erasurecode/1.4.0-SNAPSHOT/hdds-erasurecode-1.4.0-SNAPSHOT.jar:/home/runner/.m2/repository/org/apache/ozone/ozone-filesystem/1.4.0-SNAPSHOT/ozone-filesystem-1.4.0-SNAPSHOT.jar:/home/runner/.m2/repository/org/apache/ozone/ozone-filesystem-common/1.4.0-SNAPSHOT/ozone-filesystem-common-1.4.0-SNAPSHOT.jar:/home/runner/.m2/repository/org/apache/ozone/ozone-tools/1.4.0-SNAPSHOT/ozone-tools-1.4.0-SNAPSHOT.jar:/home/runner/.m2/repository/com/amazonaws/aws-java-sdk-core/1.12.261/aws-java-sdk-core-1.12.261.jar:/home/runner/.m2/repository/org/apache/httpcomponents/httpclient/4.5.13/httpclient-4.5.13.jar:/home/runner/.m2/repository/org/apache/httpcomponents/httpcore/4.4.13/httpcore-4.4.13.jar:/home/runner/.m2/repository/software/amazon/ion/ion-java/1.0.2/ion-java-1.0.2.jar:/home/runner/.m2/repository/com/fasterxml/jackson/dataformat/jackson-dataformat-cbor/2.13.4/jackson-dataformat-cbor-2.13.4.jar:/home/runner/.m2/repository/joda-time/joda-time/2.10.6/joda-time-2.10.6.jar:/home/runner/.m2/repository/com/amazonaws/aws-java-sdk-s3/1.12.261/aws-java-sdk-s3-1.12.261.jar:/home/runner/.m2/repository/com/amazonaws/aws-java-sdk-kms/1.12.261/aws-java-sdk-kms-1.12.261.jar:/home/runner/.m2/repository/com/amazonaws/jmespath-java/1.12.261/jmespath-java-1.12.261.jar:/home/runner/.m2/repository/org/kohsuke/metainf-services/metainf-services/1.8/metainf-services-1.8.jar:/home/runner/.m2/repository/org/apache/ozone/hdds-tools/1.4.0-SNAPSHOT/hdds-tools-1.4.0-SNAPSHOT.jar:/home/runner/.m2/repository/org/apache/ratis/ratis-tools/2.5.1/ratis-tools-2.5.1.jar:/home/runner/.m2/repository/commons-cli/commons-cli/1.2/commons-cli-1.2.jar:/home/runner/.m2/repository/org/apache/commons/commons-lang3/3.7/commons-lang3-3.7.jar:/home/runner/.m2/repository/org/apache/ozone/ozone-manager/1.4.0-SNAPSHOT/ozone-manager-1.4.0-SNAPSHOT-tests.jar:/home/runner/.m2/repository/org/apache/ozone/hdds-common/1.4.0-SNAPSHOT/hdds-common-1.4.0-SNAPSHOT-tests.jar:/home/runner/.m2/repository/org/apache/ozone/hdds-hadoop-dependency-client/1.4.0-SNAPSHOT/hdds-hadoop-dependency-client-1.4.0-SNAPSHOT.jar:/home/runner/.m2/repository/info/picocli/picocli/4.6.1/picocli-4.6.1.jar:/home/runner/.m2/repository/com/fasterxml/jackson/core/jackson-annotations/2.13.4/jackson-annotations-2.13.4.jar:/home/runner/.m2/repository/org/apache/ozone/hdds-annotation-processing/1.4.0-SNAPSHOT/hdds-annotation-processing-1.4.0-SNAPSHOT.jar:/home/runner/.m2/repository/javax/annotation/javax.annotation-api/1.2/javax.annotation-api-1.2.jar:/home/runner/.m2/repository/org/apache/ratis/ratis-netty/2.5.1/ratis-netty-2.5.1.jar:/home/runner/.m2/repository/org/apache/ratis/ratis-grpc/2.5.1/ratis-grpc-2.5.1.jar:/home/runner/.m2/repository/org/apache/commons/commons-pool2/2.6.0/commons-pool2-2.6.0.jar:/home/runner/.m2/repository/org/bouncycastle/bcpkix-jdk15on/1.67/bcpkix-jdk15on-1.67.jar:/home/runner/.m2/repository/commons-validator/commons-validator/1.6/commons-validator-1.6.jar:/home/runner/.m2/repository/commons-beanutils/commons-beanutils/1.9.4/commons-beanutils-1.9.4.jar:/home/runner/.m2/repository/commons-digester/commons-digester/1.8.1/commons-digester-1.8.1.jar:/home/runner/.m2/repository/commons-collections/commons-collections/3.2.2/commons-collections-3.2.2.jar:/home/runner/.m2/repository/io/jaegertracing/jaeger-client/1.6.0/jaeger-client-1.6.0.jar:/home/runner/.m2/repository/io/jaegertracing/jaeger-thrift/1.6.0/jaeger-thrift-1.6.0.jar:/home/runner/.m2/repository/org/apache/thrift/libthrift/0.14.1/libthrift-0.14.1.jar:/home/runner/.m2/repository/io/jaegertracing/jaeger-core/1.6.0/jaeger-core-1.6.0.jar:/home/runner/.m2/repository/io/jaegertracing/jaeger-tracerresolver/1.6.0/jaeger-tracerresolver-1.6.0.jar:/home/runner/.m2/repository/io/opentracing/contrib/opentracing-tracerresolver/0.1.8/opentracing-tracerresolver-0.1.8.jar:/home/runner/.m2/repository/org/jetbrains/kotlin/kotlin-stdlib/1.6.21/kotlin-stdlib-1.6.21.jar:/home/runner/.m2/repository/org/jetbrains/annotations/13.0/annotations-13.0.jar:/home/runner/.m2/repository/io/opentracing/opentracing-util/0.33.0/opentracing-util-0.33.0.jar:/home/runner/.m2/repository/io/opentracing/opentracing-api/0.33.0/opentracing-api-0.33.0.jar:/home/runner/.m2/repository/io/opentracing/opentracing-noop/0.33.0/opentracing-noop-0.33.0.jar:/home/runner/.m2/repository/org/yaml/snakeyaml/2.0/snakeyaml-2.0.jar:/home/runner/.m2/repository/io/grpc/grpc-api/1.51.1/grpc-api-1.51.1.jar:/home/runner/.m2/repository/io/grpc/grpc-context/1.51.1/grpc-context-1.51.1.jar:/home/runner/.m2/repository/junit/junit/4.13.1/junit-4.13.1.jar:/home/runner/.m2/repository/org/hamcrest/hamcrest-core/1.3/hamcrest-core-1.3.jar:/home/runner/.m2/repository/org/junit/jupiter/junit-jupiter-api/5.8.2/junit-jupiter-api-5.8.2.jar:/home/runner/.m2/repository/org/opentest4j/opentest4j/1.2.0/opentest4j-1.2.0.jar:/home/runner/.m2/repository/org/junit/platform/junit-platform-commons/1.8.2/junit-platform-commons-1.8.2.jar:/home/runner/.m2/repository/org/apiguardian/apiguardian-api/1.1.2/apiguardian-api-1.1.2.jar:/home/runner/.m2/repository/org/junit/jupiter/junit-jupiter-params/5.8.2/junit-jupiter-params-5.8.2.jar:/home/runner/.m2/repository/org/junit/jupiter/junit-jupiter-migrationsupport/5.8.2/junit-jupiter-migrationsupport-5.8.2.jar:/home/runner/.m2/repository/org/junit/jupiter/junit-jupiter-engine/5.8.2/junit-jupiter-engine-5.8.2.jar:/home/runner/.m2/repository/org/junit/platform/junit-platform-engine/1.8.2/junit-platform-engine-1.8.2.jar:/home/runner/.m2/repository/org/junit/vintage/junit-vintage-engine/5.8.2/junit-vintage-engine-5.8.2.jar:/home/runner/.m2/repository/org/junit/platform/junit-platform-launcher/1.8.2/junit-platform-launcher-1.8.2.jar:/home/runner/.m2/repository/org/mockito/mockito-core/3.5.9/mockito-core-3.5.9.jar:/home/runner/.m2/repository/net/bytebuddy/byte-buddy/1.10.13/byte-buddy-1.10.13.jar:/home/runner/.m2/repository/net/bytebuddy/byte-buddy-agent/1.10.13/byte-buddy-agent-1.10.13.jar:/home/runner/.m2/repository/org/objenesis/objenesis/1.0/objenesis-1.0.jar:/home/runner/.m2/repository/org/apache/hadoop/hadoop-kms/3.3.6/hadoop-kms-3.3.6.jar:/home/runner/.m2/repository/org/apache/hadoop/hadoop-auth/3.3.6/hadoop-auth-3.3.6.jar:/home/runner/.m2/repository/com/nimbusds/nimbus-jose-jwt/9.8.1/nimbus-jose-jwt-9.8.1.jar:/home/runner/.m2/repository/com/github/stephenc/jcip/jcip-annotations/1.0-1/jcip-annotations-1.0-1.jar:/home/runner/.m2/repository/org/apache/zookeeper/zookeeper/3.5.6/zookeeper-3.5.6.jar:/home/runner/.m2/repository/org/apache/zookeeper/zookeeper-jute/3.5.6/zookeeper-jute-3.5.6.jar:/home/runner/.m2/repository/org/apache/yetus/audience-annotations/0.5.0/audience-annotations-0.5.0.jar:/home/runner/.m2/repository/org/apache/curator/curator-framework/4.2.0/curator-framework-4.2.0.jar:/home/runner/.m2/repository/org/apache/hadoop/thirdparty/hadoop-shaded-guava/1.1.1/hadoop-shaded-guava-1.1.1.jar:/home/runner/.m2/repository/com/sun/jersey/jersey-core/1.19/jersey-core-1.19.jar:/home/runner/.m2/repository/javax/ws/rs/jsr311-api/1.1.1/jsr311-api-1.1.1.jar:/home/runner/.m2/repository/com/sun/jersey/jersey-server/1.19/jersey-server-1.19.jar:/home/runner/.m2/repository/javax/servlet/javax.servlet-api/3.1.0/javax.servlet-api-3.1.0.jar:/home/runner/.m2/repository/org/apache/hadoop/hadoop-common/3.3.6/hadoop-common-3.3.6.jar:/home/runner/.m2/repository/org/apache/commons/commons-math3/3.1.1/commons-math3-3.1.1.jar:/home/runner/.m2/repository/commons-net/commons-net/3.9.0/commons-net-3.9.0.jar:/home/runner/.m2/repository/com/sun/jersey/jersey-servlet/1.19/jersey-servlet-1.19.jar:/home/runner/.m2/repository/com/github/pjfanning/jersey-json/1.20/jersey-json-1.20.jar:/home/runner/.m2/repository/org/codehaus/jettison/jettison/1.1/jettison-1.1.jar:/home/runner/.m2/repository/com/sun/xml/bind/jaxb-impl/2.2.3-1/jaxb-impl-2.2.3-1.jar:/home/runner/.m2/repository/com/google/re2j/re2j/1.1/re2j-1.1.jar:/home/runner/.m2/repository/com/jcraft/jsch/0.1.54/jsch-0.1.54.jar:/home/runner/.m2/repository/org/apache/curator/curator-client/4.2.0/curator-client-4.2.0.jar:/home/runner/.m2/repository/org/apache/curator/curator-recipes/5.2.0/curator-recipes-5.2.0.jar:/home/runner/.m2/repository/org/apache/kerby/kerb-core/1.0.1/kerb-core-1.0.1.jar:/home/runner/.m2/repository/org/apache/kerby/kerby-pkix/1.0.1/kerby-pkix-1.0.1.jar:/home/runner/.m2/repository/org/apache/kerby/kerby-asn1/1.0.1/kerby-asn1-1.0.1.jar:/home/runner/.m2/repository/org/apache/kerby/kerby-util/1.0.1/kerby-util-1.0.1.jar:/home/runner/.m2/repository/dnsjava/dnsjava/2.1.7/dnsjava-2.1.7.jar:/home/runner/.m2/repository/org/xerial/snappy/snappy-java/1.1.8.2/snappy-java-1.1.8.2.jar:/home/runner/.m2/repository/com/fasterxml/jackson/core/jackson-databind/2.13.4.2/jackson-databind-2.13.4.2.jar:/home/runner/.m2/repository/org/apache/hadoop/hadoop-kms/3.3.6/hadoop-kms-3.3.6-tests.jar:/home/runner/.m2/repository/org/apache/ozone/hdds-server-scm/1.4.0-SNAPSHOT/hdds-server-scm-1.4.0-SNAPSHOT-tests.jar:/home/runner/.m2/repository/org/apache/ozone/hdds-container-service/1.4.0-SNAPSHOT/hdds-container-service-1.4.0-SNAPSHOT-tests.jar:/home/runner/.m2/repository/com/github/luben/zstd-jni/1.5.2-5/zstd-jni-1.5.2-5.jar:/home/runner/.m2/repository/commons-codec/commons-codec/1.15/commons-codec-1.15.jar:/home/runner/.m2/repository/io/netty/netty-codec/4.1.94.Final/netty-codec-4.1.94.Final.jar:/home/runner/.m2/repository/io/netty/netty-handler/4.1.94.Final/netty-handler-4.1.94.Final.jar:/home/runner/.m2/repository/org/apache/ozone/hdds-hadoop-dependency-test/1.4.0-SNAPSHOT/hdds-hadoop-dependency-test-1.4.0-SNAPSHOT.jar:/home/runner/.m2/repository/org/apache/hadoop/hadoop-common/3.3.6/hadoop-common-3.3.6-tests.jar:/home/runner/.m2/repository/org/apache/hadoop/hadoop-hdfs/3.3.6/hadoop-hdfs-3.3.6-tests.jar:/home/runner/.m2/repository/org/assertj/assertj-core/3.12.2/assertj-core-3.12.2.jar:/home/runner/.m2/repository/org/apache/hadoop/hadoop-distcp/3.3.6/hadoop-distcp-3.3.6.jar:/home/runner/.m2/repository/org/apache/hadoop/hadoop-mapreduce-client-jobclient/3.3.6/hadoop-mapreduce-client-jobclient-3.3.6.jar:/home/runner/.m2/repository/org/apache/hadoop/hadoop-mapreduce-client-common/3.3.6/hadoop-mapreduce-client-common-3.3.6.jar:/home/runner/.m2/repository/org/apache/hadoop/hadoop-yarn-common/3.3.6/hadoop-yarn-common-3.3.6.jar:/home/runner/.m2/repository/org/apache/hadoop/hadoop-yarn-api/3.3.6/hadoop-yarn-api-3.3.6.jar:/home/runner/.m2/repository/com/sun/jersey/contribs/jersey-guice/1.19/jersey-guice-1.19.jar:/home/runner/.m2/repository/com/fasterxml/jackson/jaxrs/jackson-jaxrs-json-provider/2.13.4/jackson-jaxrs-json-provider-2.13.4.jar:/home/runner/.m2/repository/com/fasterxml/jackson/jaxrs/jackson-jaxrs-base/2.13.4/jackson-jaxrs-base-2.13.4.jar:/home/runner/.m2/repository/org/apache/hadoop/hadoop-yarn-client/3.3.6/hadoop-yarn-client-3.3.6.jar:/home/runner/.m2/repository/org/eclipse/jetty/websocket/websocket-client/9.4.51.v20230217/websocket-client-9.4.51.v20230217.jar:/home/runner/.m2/repository/org/eclipse/jetty/websocket/websocket-common/9.4.51.v20230217/websocket-common-9.4.51.v20230217.jar:/home/runner/.m2/repository/org/eclipse/jetty/websocket/websocket-api/9.4.51.v20230217/websocket-api-9.4.51.v20230217.jar:/home/runner/.m2/repository/org/jline/jline/3.9.0/jline-3.9.0.jar:/home/runner/.m2/repository/org/apache/hadoop/hadoop-mapreduce-client-core/3.3.6/hadoop-mapreduce-client-core-3.3.6.jar:/home/runner/.m2/repository/org/apache/avro/avro/1.7.7/avro-1.7.7.jar:/home/runner/.m2/repository/com/thoughtworks/paranamer/paranamer/2.3/paranamer-2.3.jar:/home/runner/.m2/repository/org/apache/hadoop/hadoop-annotations/3.3.6/hadoop-annotations-3.3.6.jar:/usr/lib/jvm/temurin-8-jdk-amd64/jre/../lib/tools.jar:/home/runner/.m2/repository/io/netty/netty/3.10.6.Final/netty-3.10.6.Final.jar:/home/runner/.m2/repository/org/apache/hadoop/hadoop-distcp/3.3.6/hadoop-distcp-3.3.6-tests.jar:/home/runner/.m2/repository/org/slf4j/jul-to-slf4j/1.7.36/jul-to-slf4j-1.7.36.jar:"/>
    <property name="java.vm.vendor" value="Temurin"/>
    <property name="sun.arch.data.model" value="64"/>
    <property name="test.build.dir" value="/home/runner/work/ozone/ozone/hadoop-ozone/integration-test/target/test-dir"/>
    <property name="sun.security.krb5.debug" value="false"/>
    <property name="test.cache.data" value=""/>
    <property name="java.vendor.url" value="https://adoptium.net/"/>
    <property name="user.timezone" value="Etc/UTC"/>
    <property name="os.name" value="Linux"/>
    <property name="java.vm.specification.version" value="1.8"/>
    <property name="test.build.data" value="/home/runner/work/ozone/ozone/hadoop-ozone/integration-test/target/test-dir"/>
    <property name="sun.java.launcher" value="SUN_STANDARD"/>
    <property name="sun.boot.library.path" value="/usr/lib/jvm/temurin-8-jdk-amd64/jre/lib/amd64"/>
    <property name="sun.java.command" value="/home/runner/work/ozone/ozone/hadoop-ozone/integration-test/target/surefire/surefirebooter3831131077489876132.jar /home/runner/work/ozone/ozone/hadoop-ozone/integration-test/target/surefire 2023-08-04T02-25-23_948-jvmRun1 surefire5406729937698136417tmp surefire_98858077120277375825tmp"/>
    <property name="native.lib.tmp.dir" value="/tmp"/>
    <property name="surefire.test.class.path" value="/home/runner/work/ozone/ozone/hadoop-ozone/integration-test/target/test-classes:/home/runner/work/ozone/ozone/hadoop-ozone/integration-test/target/classes:/home/runner/.m2/repository/org/apache/ozone/ozone-common/1.4.0-SNAPSHOT/ozone-common-1.4.0-SNAPSHOT.jar:/home/runner/.m2/repository/io/grpc/grpc-netty/1.51.1/grpc-netty-1.51.1.jar:/home/runner/.m2/repository/io/grpc/grpc-core/1.51.1/grpc-core-1.51.1.jar:/home/runner/.m2/repository/com/google/android/annotations/4.1.1.4/annotations-4.1.1.4.jar:/home/runner/.m2/repository/org/codehaus/mojo/animal-sniffer-annotations/1.21/animal-sniffer-annotations-1.21.jar:/home/runner/.m2/repository/com/google/errorprone/error_prone_annotations/2.2.0/error_prone_annotations-2.2.0.jar:/home/runner/.m2/repository/io/perfmark/perfmark-api/0.25.0/perfmark-api-0.25.0.jar:/home/runner/.m2/repository/io/netty/netty-codec-http2/4.1.94.Final/netty-codec-http2-4.1.94.Final.jar:/home/runner/.m2/repository/io/netty/netty-common/4.1.94.Final/netty-common-4.1.94.Final.jar:/home/runner/.m2/repository/io/netty/netty-buffer/4.1.94.Final/netty-buffer-4.1.94.Final.jar:/home/runner/.m2/repository/io/netty/netty-codec-http/4.1.94.Final/netty-codec-http-4.1.94.Final.jar:/home/runner/.m2/repository/io/netty/netty-handler-proxy/4.1.94.Final/netty-handler-proxy-4.1.94.Final.jar:/home/runner/.m2/repository/io/netty/netty-codec-socks/4.1.94.Final/netty-codec-socks-4.1.94.Final.jar:/home/runner/.m2/repository/io/netty/netty-tcnative-boringssl-static/2.0.61.Final/netty-tcnative-boringssl-static-2.0.61.Final.jar:/home/runner/.m2/repository/io/netty/netty-tcnative-classes/2.0.61.Final/netty-tcnative-classes-2.0.61.Final.jar:/home/runner/.m2/repository/io/netty/netty-tcnative-boringssl-static/2.0.61.Final/netty-tcnative-boringssl-static-2.0.61.Final-linux-x86_64.jar:/home/runner/.m2/repository/io/netty/netty-tcnative-boringssl-static/2.0.61.Final/netty-tcnative-boringssl-static-2.0.61.Final-linux-aarch_64.jar:/home/runner/.m2/repository/io/netty/netty-tcnative-boringssl-static/2.0.61.Final/netty-tcnative-boringssl-static-2.0.61.Final-osx-x86_64.jar:/home/runner/.m2/repository/io/netty/netty-tcnative-boringssl-static/2.0.61.Final/netty-tcnative-boringssl-static-2.0.61.Final-osx-aarch_64.jar:/home/runner/.m2/repository/io/netty/netty-tcnative-boringssl-static/2.0.61.Final/netty-tcnative-boringssl-static-2.0.61.Final-windows-x86_64.jar:/home/runner/.m2/repository/org/apache/commons/commons-compress/1.21/commons-compress-1.21.jar:/home/runner/.m2/repository/org/apache/ozone/hdds-common/1.4.0-SNAPSHOT/hdds-common-1.4.0-SNAPSHOT.jar:/home/runner/.m2/repository/org/apache/ozone/hdds-client/1.4.0-SNAPSHOT/hdds-client-1.4.0-SNAPSHOT.jar:/home/runner/.m2/repository/org/apache/ozone/ozone-interface-client/1.4.0-SNAPSHOT/ozone-interface-client-1.4.0-SNAPSHOT.jar:/home/runner/.m2/repository/org/apache/hadoop/hadoop-hdfs-client/3.3.6/hadoop-hdfs-client-3.3.6.jar:/home/runner/.m2/repository/com/squareup/okhttp3/okhttp/4.9.3/okhttp-4.9.3.jar:/home/runner/.m2/repository/com/squareup/okio/okio/3.4.0/okio-3.4.0.jar:/home/runner/.m2/repository/com/squareup/okio/okio-jvm/3.4.0/okio-jvm-3.4.0.jar:/home/runner/.m2/repository/org/jetbrains/kotlin/kotlin-stdlib-jdk8/1.8.0/kotlin-stdlib-jdk8-1.8.0.jar:/home/runner/.m2/repository/org/jetbrains/kotlin/kotlin-stdlib-jdk7/1.8.0/kotlin-stdlib-jdk7-1.8.0.jar:/home/runner/.m2/repository/org/jetbrains/kotlin/kotlin-stdlib-common/1.6.21/kotlin-stdlib-common-1.6.21.jar:/home/runner/.m2/repository/org/apache/ozone/hdds-test-utils/1.4.0-SNAPSHOT/hdds-test-utils-1.4.0-SNAPSHOT.jar:/home/runner/.m2/repository/com/google/guava/guava/32.0.0-jre/guava-32.0.0-jre.jar:/home/runner/.m2/repository/com/google/guava/failureaccess/1.0.1/failureaccess-1.0.1.jar:/home/runner/.m2/repository/com/google/guava/listenablefuture/9999.0-empty-to-avoid-conflict-with-guava/listenablefuture-9999.0-empty-to-avoid-conflict-with-guava.jar:/home/runner/.m2/repository/com/google/code/findbugs/jsr305/3.0.0/jsr305-3.0.0.jar:/home/runner/.m2/repository/org/checkerframework/checker-qual/3.33.0/checker-qual-3.33.0.jar:/home/runner/.m2/repository/com/google/j2objc/j2objc-annotations/2.8/j2objc-annotations-2.8.jar:/home/runner/.m2/repository/commons-io/commons-io/2.11.0/commons-io-2.11.0.jar:/home/runner/.m2/repository/commons-logging/commons-logging/1.2/commons-logging-1.2.jar:/home/runner/.m2/repository/ch/qos/reload4j/reload4j/1.2.22/reload4j-1.2.22.jar:/home/runner/.m2/repository/org/slf4j/slf4j-api/1.7.36/slf4j-api-1.7.36.jar:/home/runner/.m2/repository/org/apache/logging/log4j/log4j-api/2.17.1/log4j-api-2.17.1.jar:/home/runner/.m2/repository/org/apache/ozone/hdds-server-scm/1.4.0-SNAPSHOT/hdds-server-scm-1.4.0-SNAPSHOT.jar:/home/runner/.m2/repository/org/apache/ozone/hdds-container-service/1.4.0-SNAPSHOT/hdds-container-service-1.4.0-SNAPSHOT.jar:/home/runner/.m2/repository/org/apache/ozone/hdds-hadoop-dependency-server/1.4.0-SNAPSHOT/hdds-hadoop-dependency-server-1.4.0-SNAPSHOT.jar:/home/runner/.m2/repository/org/apache/hadoop/hadoop-hdfs/3.3.6/hadoop-hdfs-3.3.6.jar:/home/runner/.m2/repository/commons-daemon/commons-daemon/1.0.13/commons-daemon-1.0.13.jar:/home/runner/.m2/repository/org/apache/ozone/hdds-server-framework/1.4.0-SNAPSHOT/hdds-server-framework-1.4.0-SNAPSHOT.jar:/home/runner/.m2/repository/io/dropwizard/metrics/metrics-core/3.2.4/metrics-core-3.2.4.jar:/home/runner/.m2/repository/org/apache/commons/commons-text/1.10.0/commons-text-1.10.0.jar:/home/runner/.m2/repository/org/bouncycastle/bcprov-jdk15on/1.67/bcprov-jdk15on-1.67.jar:/home/runner/.m2/repository/com/google/protobuf/protobuf-java/2.5.0/protobuf-java-2.5.0.jar:/home/runner/.m2/repository/org/apache/ozone/hdds-server-framework/1.4.0-SNAPSHOT/hdds-server-framework-1.4.0-SNAPSHOT-tests.jar:/home/runner/.m2/repository/org/apache/ozone/hdds-interface-server/1.4.0-SNAPSHOT/hdds-interface-server-1.4.0-SNAPSHOT.jar:/home/runner/.m2/repository/org/apache/ozone/hdds-interface-admin/1.4.0-SNAPSHOT/hdds-interface-admin-1.4.0-SNAPSHOT.jar:/home/runner/.m2/repository/org/apache/ozone/hdds-managed-rocksdb/1.4.0-SNAPSHOT/hdds-managed-rocksdb-1.4.0-SNAPSHOT.jar:/home/runner/.m2/repository/org/rocksdb/rocksdbjni/7.7.3/rocksdbjni-7.7.3.jar:/home/runner/.m2/repository/org/slf4j/slf4j-reload4j/1.7.36/slf4j-reload4j-1.7.36.jar:/home/runner/.m2/repository/org/apache/commons/commons-configuration2/2.1.1/commons-configuration2-2.1.1.jar:/home/runner/.m2/repository/commons-fileupload/commons-fileupload/1.5/commons-fileupload-1.5.jar:/home/runner/.m2/repository/org/apache/logging/log4j/log4j-core/2.17.1/log4j-core-2.17.1.jar:/home/runner/.m2/repository/com/lmax/disruptor/3.4.2/disruptor-3.4.2.jar:/home/runner/.m2/repository/org/eclipse/jetty/jetty-util/9.4.51.v20230217/jetty-util-9.4.51.v20230217.jar:/home/runner/.m2/repository/org/eclipse/jetty/jetty-server/9.4.51.v20230217/jetty-server-9.4.51.v20230217.jar:/home/runner/.m2/repository/org/eclipse/jetty/jetty-http/9.4.51.v20230217/jetty-http-9.4.51.v20230217.jar:/home/runner/.m2/repository/org/eclipse/jetty/jetty-io/9.4.51.v20230217/jetty-io-9.4.51.v20230217.jar:/home/runner/.m2/repository/org/eclipse/jetty/jetty-servlet/9.4.51.v20230217/jetty-servlet-9.4.51.v20230217.jar:/home/runner/.m2/repository/org/eclipse/jetty/jetty-security/9.4.51.v20230217/jetty-security-9.4.51.v20230217.jar:/home/runner/.m2/repository/org/eclipse/jetty/jetty-util-ajax/9.4.51.v20230217/jetty-util-ajax-9.4.51.v20230217.jar:/home/runner/.m2/repository/org/eclipse/jetty/jetty-webapp/9.4.51.v20230217/jetty-webapp-9.4.51.v20230217.jar:/home/runner/.m2/repository/org/eclipse/jetty/jetty-xml/9.4.51.v20230217/jetty-xml-9.4.51.v20230217.jar:/home/runner/.m2/repository/org/apache/ratis/ratis-server/2.5.1/ratis-server-2.5.1.jar:/home/runner/.m2/repository/org/apache/ratis/ratis-thirdparty-misc/1.0.4/ratis-thirdparty-misc-1.0.4.jar:/home/runner/.m2/repository/org/apache/ratis/ratis-proto/2.5.1/ratis-proto-2.5.1.jar:/home/runner/.m2/repository/org/apache/ratis/ratis-common/2.5.1/ratis-common-2.5.1.jar:/home/runner/.m2/repository/org/apache/ratis/ratis-client/2.5.1/ratis-client-2.5.1.jar:/home/runner/.m2/repository/org/apache/ratis/ratis-server-api/2.5.1/ratis-server-api-2.5.1.jar:/home/runner/.m2/repository/org/apache/ratis/ratis-metrics/2.5.1/ratis-metrics-2.5.1.jar:/home/runner/.m2/repository/io/prometheus/simpleclient_dropwizard/0.7.0/simpleclient_dropwizard-0.7.0.jar:/home/runner/.m2/repository/io/prometheus/simpleclient/0.7.0/simpleclient-0.7.0.jar:/home/runner/.m2/repository/io/prometheus/simpleclient_common/0.7.0/simpleclient_common-0.7.0.jar:/home/runner/.m2/repository/com/fasterxml/jackson/datatype/jackson-datatype-jsr310/2.13.4/jackson-datatype-jsr310-2.13.4.jar:/home/runner/.m2/repository/com/fasterxml/jackson/core/jackson-core/2.13.4/jackson-core-2.13.4.jar:/home/runner/.m2/repository/com/github/spotbugs/spotbugs-annotations/3.1.12/spotbugs-annotations-3.1.12.jar:/home/runner/.m2/repository/org/apache/ozone/rocksdb-checkpoint-differ/1.4.0-SNAPSHOT/rocksdb-checkpoint-differ-1.4.0-SNAPSHOT.jar:/home/runner/.m2/repository/org/jgrapht/jgrapht-core/1.0.1/jgrapht-core-1.0.1.jar:/home/runner/.m2/repository/org/jgrapht/jgrapht-ext/1.0.1/jgrapht-ext-1.0.1.jar:/home/runner/.m2/repository/org/tinyjee/jgraphx/jgraphx/2.0.0.1/jgraphx-2.0.0.1.jar:/home/runner/.m2/repository/jgraph/jgraph/5.13.0.0/jgraph-5.13.0.0.jar:/home/runner/.m2/repository/org/antlr/antlr4-runtime/4.5.3/antlr4-runtime-4.5.3.jar:/home/runner/.m2/repository/org/awaitility/awaitility/4.2.0/awaitility-4.2.0.jar:/home/runner/.m2/repository/org/hamcrest/hamcrest/2.1/hamcrest-2.1.jar:/home/runner/.m2/repository/org/apache/ozone/ozone-manager/1.4.0-SNAPSHOT/ozone-manager-1.4.0-SNAPSHOT.jar:/home/runner/.m2/repository/org/aspectj/aspectjrt/1.9.7/aspectjrt-1.9.7.jar:/home/runner/.m2/repository/org/aspectj/aspectjweaver/1.9.7/aspectjweaver-1.9.7.jar:/home/runner/.m2/repository/org/apache/ozone/hdds-interface-client/1.4.0-SNAPSHOT/hdds-interface-client-1.4.0-SNAPSHOT.jar:/home/runner/.m2/repository/org/apache/hadoop/thirdparty/hadoop-shaded-protobuf_3_7/1.1.1/hadoop-shaded-protobuf_3_7-1.1.1.jar:/home/runner/.m2/repository/org/apache/ozone/ozone-interface-storage/1.4.0-SNAPSHOT/ozone-interface-storage-1.4.0-SNAPSHOT.jar:/home/runner/.m2/repository/org/reflections/reflections/0.9.11/reflections-0.9.11.jar:/home/runner/.m2/repository/com/sun/jersey/jersey-client/1.19/jersey-client-1.19.jar:/home/runner/.m2/repository/org/codehaus/jackson/jackson-core-asl/1.9.13/jackson-core-asl-1.9.13.jar:/home/runner/.m2/repository/org/codehaus/jackson/jackson-mapper-asl/1.9.13/jackson-mapper-asl-1.9.13.jar:/home/runner/.m2/repository/org/codehaus/jackson/jackson-jaxrs/1.9.13/jackson-jaxrs-1.9.13.jar:/home/runner/.m2/repository/org/apache/ranger/ranger-intg/2.3.0/ranger-intg-2.3.0.jar:/home/runner/.m2/repository/org/apache/ranger/ranger-plugins-common/2.3.0/ranger-plugins-common-2.3.0.jar:/home/runner/.m2/repository/commons-lang/commons-lang/2.6/commons-lang-2.6.jar:/home/runner/.m2/repository/org/apache/ranger/ranger-plugins-cred/2.3.0/ranger-plugins-cred-2.3.0.jar:/home/runner/.m2/repository/org/apache/ranger/ranger-plugins-audit/2.3.0/ranger-plugins-audit-2.3.0.jar:/home/runner/.m2/repository/org/eclipse/jetty/jetty-client/9.4.51.v20230217/jetty-client-9.4.51.v20230217.jar:/home/runner/.m2/repository/org/apache/httpcomponents/httpmime/4.5.6/httpmime-4.5.6.jar:/home/runner/.m2/repository/org/apache/httpcomponents/httpcore-nio/4.4.13/httpcore-nio-4.4.13.jar:/home/runner/.m2/repository/org/apache/httpcomponents/httpasyncclient/4.1.3/httpasyncclient-4.1.3.jar:/home/runner/.m2/repository/com/carrotsearch/hppc/0.8.0/hppc-0.8.0.jar:/home/runner/.m2/repository/org/apache/orc/orc-core/1.5.8/orc-core-1.5.8.jar:/home/runner/.m2/repository/net/java/dev/jna/jna/5.2.0/jna-5.2.0.jar:/home/runner/.m2/repository/net/java/dev/jna/jna-platform/5.2.0/jna-platform-5.2.0.jar:/home/runner/.m2/repository/com/kstruct/gethostname4j/0.0.2/gethostname4j-0.0.2.jar:/home/runner/.m2/repository/org/apache/ranger/ranger-plugin-classloader/2.3.0/ranger-plugin-classloader-2.3.0.jar:/home/runner/.m2/repository/org/apache/ozone/hdds-rocks-native/1.4.0-SNAPSHOT/hdds-rocks-native-1.4.0-SNAPSHOT.jar:/home/runner/.m2/repository/org/apache/hadoop/hadoop-minikdc/3.3.6/hadoop-minikdc-3.3.6.jar:/home/runner/.m2/repository/org/apache/kerby/kerb-simplekdc/1.0.1/kerb-simplekdc-1.0.1.jar:/home/runner/.m2/repository/org/apache/kerby/kerb-client/1.0.1/kerb-client-1.0.1.jar:/home/runner/.m2/repository/org/apache/kerby/kerby-config/1.0.1/kerby-config-1.0.1.jar:/home/runner/.m2/repository/org/apache/kerby/kerb-common/1.0.1/kerb-common-1.0.1.jar:/home/runner/.m2/repository/org/apache/kerby/kerb-crypto/1.0.1/kerb-crypto-1.0.1.jar:/home/runner/.m2/repository/org/apache/kerby/kerb-util/1.0.1/kerb-util-1.0.1.jar:/home/runner/.m2/repository/org/apache/kerby/token-provider/1.0.1/token-provider-1.0.1.jar:/home/runner/.m2/repository/org/apache/kerby/kerb-admin/1.0.1/kerb-admin-1.0.1.jar:/home/runner/.m2/repository/org/apache/kerby/kerb-server/1.0.1/kerb-server-1.0.1.jar:/home/runner/.m2/repository/org/apache/kerby/kerb-identity/1.0.1/kerb-identity-1.0.1.jar:/home/runner/.m2/repository/org/apache/kerby/kerby-xdr/1.0.1/kerby-xdr-1.0.1.jar:/home/runner/.m2/repository/org/apache/ozone/ozone-s3gateway/1.4.0-SNAPSHOT/ozone-s3gateway-1.4.0-SNAPSHOT.jar:/home/runner/.m2/repository/org/javassist/javassist/3.21.0-GA/javassist-3.21.0-GA.jar:/home/runner/.m2/repository/org/jboss/weld/servlet/weld-servlet-shaded/3.1.9.Final/weld-servlet-shaded-3.1.9.Final.jar:/home/runner/.m2/repository/org/glassfish/jersey/containers/jersey-container-servlet-core/2.34/jersey-container-servlet-core-2.34.jar:/home/runner/.m2/repository/org/glassfish/hk2/external/jakarta.inject/2.6.1/jakarta.inject-2.6.1.jar:/home/runner/.m2/repository/org/glassfish/jersey/core/jersey-common/2.34/jersey-common-2.34.jar:/home/runner/.m2/repository/jakarta/ws/rs/jakarta.ws.rs-api/2.1.6/jakarta.ws.rs-api-2.1.6.jar:/home/runner/.m2/repository/org/glassfish/jersey/ext/cdi/jersey-cdi1x/2.34/jersey-cdi1x-2.34.jar:/home/runner/.m2/repository/org/glassfish/jersey/inject/jersey-hk2/2.34/jersey-hk2-2.34.jar:/home/runner/.m2/repository/org/glassfish/hk2/hk2-locator/2.6.1/hk2-locator-2.6.1.jar:/home/runner/.m2/repository/org/glassfish/jersey/media/jersey-media-jaxb/2.34/jersey-media-jaxb-2.34.jar:/home/runner/.m2/repository/org/glassfish/hk2/osgi-resource-locator/1.0.3/osgi-resource-locator-1.0.3.jar:/home/runner/.m2/repository/org/glassfish/hk2/hk2-api/2.5.0/hk2-api-2.5.0.jar:/home/runner/.m2/repository/org/glassfish/hk2/hk2-utils/2.5.0/hk2-utils-2.5.0.jar:/home/runner/.m2/repository/org/glassfish/hk2/external/aopalliance-repackaged/2.5.0/aopalliance-repackaged-2.5.0.jar:/home/runner/.m2/repository/com/fasterxml/jackson/dataformat/jackson-dataformat-xml/2.13.4/jackson-dataformat-xml-2.13.4.jar:/home/runner/.m2/repository/org/codehaus/woodstox/stax2-api/4.2.1/stax2-api-4.2.1.jar:/home/runner/.m2/repository/com/fasterxml/woodstox/woodstox-core/5.4.0/woodstox-core-5.4.0.jar:/home/runner/.m2/repository/com/fasterxml/jackson/module/jackson-module-jaxb-annotations/2.13.4/jackson-module-jaxb-annotations-2.13.4.jar:/home/runner/.m2/repository/jakarta/xml/bind/jakarta.xml.bind-api/2.3.3/jakarta.xml.bind-api-2.3.3.jar:/home/runner/.m2/repository/jakarta/activation/jakarta.activation-api/1.2.2/jakarta.activation-api-1.2.2.jar:/home/runner/.m2/repository/javax/enterprise/cdi-api/2.0/cdi-api-2.0.jar:/home/runner/.m2/repository/javax/el/javax.el-api/3.0.0/javax.el-api-3.0.0.jar:/home/runner/.m2/repository/javax/interceptor/javax.interceptor-api/1.2/javax.interceptor-api-1.2.jar:/home/runner/.m2/repository/javax/inject/javax.inject/1/javax.inject-1.jar:/home/runner/.m2/repository/javax/xml/bind/jaxb-api/2.3.0/jaxb-api-2.3.0.jar:/home/runner/.m2/repository/org/glassfish/jaxb/jaxb-runtime/2.3.0.1/jaxb-runtime-2.3.0.1.jar:/home/runner/.m2/repository/org/glassfish/jaxb/jaxb-core/2.3.0.1/jaxb-core-2.3.0.1.jar:/home/runner/.m2/repository/org/glassfish/jaxb/txw2/2.3.0.1/txw2-2.3.0.1.jar:/home/runner/.m2/repository/com/sun/istack/istack-commons-runtime/3.0.5/istack-commons-runtime-3.0.5.jar:/home/runner/.m2/repository/org/jvnet/staxex/stax-ex/1.7.8/stax-ex-1.7.8.jar:/home/runner/.m2/repository/com/sun/xml/fastinfoset/FastInfoset/1.2.13/FastInfoset-1.2.13.jar:/home/runner/.m2/repository/javax/activation/activation/1.1.1/activation-1.1.1.jar:/home/runner/.m2/repository/io/grpc/grpc-protobuf/1.51.1/grpc-protobuf-1.51.1.jar:/home/runner/.m2/repository/com/google/api/grpc/proto-google-common-protos/2.9.0/proto-google-common-protos-2.9.0.jar:/home/runner/.m2/repository/io/grpc/grpc-protobuf-lite/1.51.1/grpc-protobuf-lite-1.51.1.jar:/home/runner/.m2/repository/io/grpc/grpc-stub/1.51.1/grpc-stub-1.51.1.jar:/home/runner/.m2/repository/io/netty/netty-transport/4.1.94.Final/netty-transport-4.1.94.Final.jar:/home/runner/.m2/repository/io/netty/netty-resolver/4.1.94.Final/netty-resolver-4.1.94.Final.jar:/home/runner/.m2/repository/org/apache/ozone/ozone-csi/1.4.0-SNAPSHOT/ozone-csi-1.4.0-SNAPSHOT.jar:/home/runner/.m2/repository/com/google/protobuf/protobuf-java-util/3.19.6/protobuf-java-util-3.19.6.jar:/home/runner/.m2/repository/com/google/code/gson/gson/2.9.0/gson-2.9.0.jar:/home/runner/.m2/repository/org/apache/ozone/hdds-config/1.4.0-SNAPSHOT/hdds-config-1.4.0-SNAPSHOT.jar:/home/runner/.m2/repository/io/netty/netty-transport-native-epoll/4.1.94.Final/netty-transport-native-epoll-4.1.94.Final-linux-x86_64.jar:/home/runner/.m2/repository/io/netty/netty-transport-classes-epoll/4.1.94.Final/netty-transport-classes-epoll-4.1.94.Final.jar:/home/runner/.m2/repository/io/netty/netty-transport-native-unix-common/4.1.94.Final/netty-transport-native-unix-common-4.1.94.Final.jar:/home/runner/.m2/repository/org/apache/ozone/ozone-recon/1.4.0-SNAPSHOT/ozone-recon-1.4.0-SNAPSHOT.jar:/home/runner/.m2/repository/org/apache/ozone/ozone-reconcodegen/1.4.0-SNAPSHOT/ozone-reconcodegen-1.4.0-SNAPSHOT.jar:/home/runner/.m2/repository/com/google/inject/guice/5.1.0/guice-5.1.0.jar:/home/runner/.m2/repository/aopalliance/aopalliance/1.0/aopalliance-1.0.jar:/home/runner/.m2/repository/com/google/inject/extensions/guice-assistedinject/5.1.0/guice-assistedinject-5.1.0.jar:/home/runner/.m2/repository/com/google/inject/extensions/guice-servlet/5.1.0/guice-servlet-5.1.0.jar:/home/runner/.m2/repository/org/glassfish/jersey/containers/jersey-container-servlet/2.34/jersey-container-servlet-2.34.jar:/home/runner/.m2/repository/org/glassfish/hk2/guice-bridge/2.5.0/guice-bridge-2.5.0.jar:/home/runner/.m2/repository/org/glassfish/jersey/core/jersey-server/2.34/jersey-server-2.34.jar:/home/runner/.m2/repository/org/glassfish/jersey/core/jersey-client/2.34/jersey-client-2.34.jar:/home/runner/.m2/repository/jakarta/annotation/jakarta.annotation-api/1.3.5/jakarta.annotation-api-1.3.5.jar:/home/runner/.m2/repository/jakarta/validation/jakarta.validation-api/2.0.2/jakarta.validation-api-2.0.2.jar:/home/runner/.m2/repository/org/glassfish/jersey/media/jersey-media-json-jackson/2.34/jersey-media-json-jackson-2.34.jar:/home/runner/.m2/repository/org/glassfish/jersey/ext/jersey-entity-filtering/2.34/jersey-entity-filtering-2.34.jar:/home/runner/.m2/repository/org/jooq/jooq/3.11.10/jooq-3.11.10.jar:/home/runner/.m2/repository/org/jooq/jooq-meta/3.11.10/jooq-meta-3.11.10.jar:/home/runner/.m2/repository/org/jooq/jooq-codegen/3.11.10/jooq-codegen-3.11.10.jar:/home/runner/.m2/repository/com/jolbox/bonecp/0.8.0.RELEASE/bonecp-0.8.0.RELEASE.jar:/home/runner/.m2/repository/org/apache/derby/derby/10.14.2.0/derby-10.14.2.0.jar:/home/runner/.m2/repository/org/xerial/sqlite-jdbc/3.41.2.2/sqlite-jdbc-3.41.2.2.jar:/home/runner/.m2/repository/org/springframework/spring-jdbc/5.3.27/spring-jdbc-5.3.27.jar:/home/runner/.m2/repository/org/springframework/spring-beans/5.3.27/spring-beans-5.3.27.jar:/home/runner/.m2/repository/org/springframework/spring-core/5.3.27/spring-core-5.3.27.jar:/home/runner/.m2/repository/org/springframework/spring-tx/5.3.27/spring-tx-5.3.27.jar:/home/runner/.m2/repository/org/apache/ozone/ozone-client/1.4.0-SNAPSHOT/ozone-client-1.4.0-SNAPSHOT.jar:/home/runner/.m2/repository/org/apache/ozone/hdds-erasurecode/1.4.0-SNAPSHOT/hdds-erasurecode-1.4.0-SNAPSHOT.jar:/home/runner/.m2/repository/org/apache/ozone/ozone-filesystem/1.4.0-SNAPSHOT/ozone-filesystem-1.4.0-SNAPSHOT.jar:/home/runner/.m2/repository/org/apache/ozone/ozone-filesystem-common/1.4.0-SNAPSHOT/ozone-filesystem-common-1.4.0-SNAPSHOT.jar:/home/runner/.m2/repository/org/apache/ozone/ozone-tools/1.4.0-SNAPSHOT/ozone-tools-1.4.0-SNAPSHOT.jar:/home/runner/.m2/repository/com/amazonaws/aws-java-sdk-core/1.12.261/aws-java-sdk-core-1.12.261.jar:/home/runner/.m2/repository/org/apache/httpcomponents/httpclient/4.5.13/httpclient-4.5.13.jar:/home/runner/.m2/repository/org/apache/httpcomponents/httpcore/4.4.13/httpcore-4.4.13.jar:/home/runner/.m2/repository/software/amazon/ion/ion-java/1.0.2/ion-java-1.0.2.jar:/home/runner/.m2/repository/com/fasterxml/jackson/dataformat/jackson-dataformat-cbor/2.13.4/jackson-dataformat-cbor-2.13.4.jar:/home/runner/.m2/repository/joda-time/joda-time/2.10.6/joda-time-2.10.6.jar:/home/runner/.m2/repository/com/amazonaws/aws-java-sdk-s3/1.12.261/aws-java-sdk-s3-1.12.261.jar:/home/runner/.m2/repository/com/amazonaws/aws-java-sdk-kms/1.12.261/aws-java-sdk-kms-1.12.261.jar:/home/runner/.m2/repository/com/amazonaws/jmespath-java/1.12.261/jmespath-java-1.12.261.jar:/home/runner/.m2/repository/org/kohsuke/metainf-services/metainf-services/1.8/metainf-services-1.8.jar:/home/runner/.m2/repository/org/apache/ozone/hdds-tools/1.4.0-SNAPSHOT/hdds-tools-1.4.0-SNAPSHOT.jar:/home/runner/.m2/repository/org/apache/ratis/ratis-tools/2.5.1/ratis-tools-2.5.1.jar:/home/runner/.m2/repository/commons-cli/commons-cli/1.2/commons-cli-1.2.jar:/home/runner/.m2/repository/org/apache/commons/commons-lang3/3.7/commons-lang3-3.7.jar:/home/runner/.m2/repository/org/apache/ozone/ozone-manager/1.4.0-SNAPSHOT/ozone-manager-1.4.0-SNAPSHOT-tests.jar:/home/runner/.m2/repository/org/apache/ozone/hdds-common/1.4.0-SNAPSHOT/hdds-common-1.4.0-SNAPSHOT-tests.jar:/home/runner/.m2/repository/org/apache/ozone/hdds-hadoop-dependency-client/1.4.0-SNAPSHOT/hdds-hadoop-dependency-client-1.4.0-SNAPSHOT.jar:/home/runner/.m2/repository/info/picocli/picocli/4.6.1/picocli-4.6.1.jar:/home/runner/.m2/repository/com/fasterxml/jackson/core/jackson-annotations/2.13.4/jackson-annotations-2.13.4.jar:/home/runner/.m2/repository/org/apache/ozone/hdds-annotation-processing/1.4.0-SNAPSHOT/hdds-annotation-processing-1.4.0-SNAPSHOT.jar:/home/runner/.m2/repository/javax/annotation/javax.annotation-api/1.2/javax.annotation-api-1.2.jar:/home/runner/.m2/repository/org/apache/ratis/ratis-netty/2.5.1/ratis-netty-2.5.1.jar:/home/runner/.m2/repository/org/apache/ratis/ratis-grpc/2.5.1/ratis-grpc-2.5.1.jar:/home/runner/.m2/repository/org/apache/commons/commons-pool2/2.6.0/commons-pool2-2.6.0.jar:/home/runner/.m2/repository/org/bouncycastle/bcpkix-jdk15on/1.67/bcpkix-jdk15on-1.67.jar:/home/runner/.m2/repository/commons-validator/commons-validator/1.6/commons-validator-1.6.jar:/home/runner/.m2/repository/commons-beanutils/commons-beanutils/1.9.4/commons-beanutils-1.9.4.jar:/home/runner/.m2/repository/commons-digester/commons-digester/1.8.1/commons-digester-1.8.1.jar:/home/runner/.m2/repository/commons-collections/commons-collections/3.2.2/commons-collections-3.2.2.jar:/home/runner/.m2/repository/io/jaegertracing/jaeger-client/1.6.0/jaeger-client-1.6.0.jar:/home/runner/.m2/repository/io/jaegertracing/jaeger-thrift/1.6.0/jaeger-thrift-1.6.0.jar:/home/runner/.m2/repository/org/apache/thrift/libthrift/0.14.1/libthrift-0.14.1.jar:/home/runner/.m2/repository/io/jaegertracing/jaeger-core/1.6.0/jaeger-core-1.6.0.jar:/home/runner/.m2/repository/io/jaegertracing/jaeger-tracerresolver/1.6.0/jaeger-tracerresolver-1.6.0.jar:/home/runner/.m2/repository/io/opentracing/contrib/opentracing-tracerresolver/0.1.8/opentracing-tracerresolver-0.1.8.jar:/home/runner/.m2/repository/org/jetbrains/kotlin/kotlin-stdlib/1.6.21/kotlin-stdlib-1.6.21.jar:/home/runner/.m2/repository/org/jetbrains/annotations/13.0/annotations-13.0.jar:/home/runner/.m2/repository/io/opentracing/opentracing-util/0.33.0/opentracing-util-0.33.0.jar:/home/runner/.m2/repository/io/opentracing/opentracing-api/0.33.0/opentracing-api-0.33.0.jar:/home/runner/.m2/repository/io/opentracing/opentracing-noop/0.33.0/opentracing-noop-0.33.0.jar:/home/runner/.m2/repository/org/yaml/snakeyaml/2.0/snakeyaml-2.0.jar:/home/runner/.m2/repository/io/grpc/grpc-api/1.51.1/grpc-api-1.51.1.jar:/home/runner/.m2/repository/io/grpc/grpc-context/1.51.1/grpc-context-1.51.1.jar:/home/runner/.m2/repository/junit/junit/4.13.1/junit-4.13.1.jar:/home/runner/.m2/repository/org/hamcrest/hamcrest-core/1.3/hamcrest-core-1.3.jar:/home/runner/.m2/repository/org/junit/jupiter/junit-jupiter-api/5.8.2/junit-jupiter-api-5.8.2.jar:/home/runner/.m2/repository/org/opentest4j/opentest4j/1.2.0/opentest4j-1.2.0.jar:/home/runner/.m2/repository/org/junit/platform/junit-platform-commons/1.8.2/junit-platform-commons-1.8.2.jar:/home/runner/.m2/repository/org/apiguardian/apiguardian-api/1.1.2/apiguardian-api-1.1.2.jar:/home/runner/.m2/repository/org/junit/jupiter/junit-jupiter-params/5.8.2/junit-jupiter-params-5.8.2.jar:/home/runner/.m2/repository/org/junit/jupiter/junit-jupiter-migrationsupport/5.8.2/junit-jupiter-migrationsupport-5.8.2.jar:/home/runner/.m2/repository/org/junit/jupiter/junit-jupiter-engine/5.8.2/junit-jupiter-engine-5.8.2.jar:/home/runner/.m2/repository/org/junit/platform/junit-platform-engine/1.8.2/junit-platform-engine-1.8.2.jar:/home/runner/.m2/repository/org/junit/vintage/junit-vintage-engine/5.8.2/junit-vintage-engine-5.8.2.jar:/home/runner/.m2/repository/org/junit/platform/junit-platform-launcher/1.8.2/junit-platform-launcher-1.8.2.jar:/home/runner/.m2/repository/org/mockito/mockito-core/3.5.9/mockito-core-3.5.9.jar:/home/runner/.m2/repository/net/bytebuddy/byte-buddy/1.10.13/byte-buddy-1.10.13.jar:/home/runner/.m2/repository/net/bytebuddy/byte-buddy-agent/1.10.13/byte-buddy-agent-1.10.13.jar:/home/runner/.m2/repository/org/objenesis/objenesis/1.0/objenesis-1.0.jar:/home/runner/.m2/repository/org/apache/hadoop/hadoop-kms/3.3.6/hadoop-kms-3.3.6.jar:/home/runner/.m2/repository/org/apache/hadoop/hadoop-auth/3.3.6/hadoop-auth-3.3.6.jar:/home/runner/.m2/repository/com/nimbusds/nimbus-jose-jwt/9.8.1/nimbus-jose-jwt-9.8.1.jar:/home/runner/.m2/repository/com/github/stephenc/jcip/jcip-annotations/1.0-1/jcip-annotations-1.0-1.jar:/home/runner/.m2/repository/org/apache/zookeeper/zookeeper/3.5.6/zookeeper-3.5.6.jar:/home/runner/.m2/repository/org/apache/zookeeper/zookeeper-jute/3.5.6/zookeeper-jute-3.5.6.jar:/home/runner/.m2/repository/org/apache/yetus/audience-annotations/0.5.0/audience-annotations-0.5.0.jar:/home/runner/.m2/repository/org/apache/curator/curator-framework/4.2.0/curator-framework-4.2.0.jar:/home/runner/.m2/repository/org/apache/hadoop/thirdparty/hadoop-shaded-guava/1.1.1/hadoop-shaded-guava-1.1.1.jar:/home/runner/.m2/repository/com/sun/jersey/jersey-core/1.19/jersey-core-1.19.jar:/home/runner/.m2/repository/javax/ws/rs/jsr311-api/1.1.1/jsr311-api-1.1.1.jar:/home/runner/.m2/repository/com/sun/jersey/jersey-server/1.19/jersey-server-1.19.jar:/home/runner/.m2/repository/javax/servlet/javax.servlet-api/3.1.0/javax.servlet-api-3.1.0.jar:/home/runner/.m2/repository/org/apache/hadoop/hadoop-common/3.3.6/hadoop-common-3.3.6.jar:/home/runner/.m2/repository/org/apache/commons/commons-math3/3.1.1/commons-math3-3.1.1.jar:/home/runner/.m2/repository/commons-net/commons-net/3.9.0/commons-net-3.9.0.jar:/home/runner/.m2/repository/com/sun/jersey/jersey-servlet/1.19/jersey-servlet-1.19.jar:/home/runner/.m2/repository/com/github/pjfanning/jersey-json/1.20/jersey-json-1.20.jar:/home/runner/.m2/repository/org/codehaus/jettison/jettison/1.1/jettison-1.1.jar:/home/runner/.m2/repository/com/sun/xml/bind/jaxb-impl/2.2.3-1/jaxb-impl-2.2.3-1.jar:/home/runner/.m2/repository/com/google/re2j/re2j/1.1/re2j-1.1.jar:/home/runner/.m2/repository/com/jcraft/jsch/0.1.54/jsch-0.1.54.jar:/home/runner/.m2/repository/org/apache/curator/curator-client/4.2.0/curator-client-4.2.0.jar:/home/runner/.m2/repository/org/apache/curator/curator-recipes/5.2.0/curator-recipes-5.2.0.jar:/home/runner/.m2/repository/org/apache/kerby/kerb-core/1.0.1/kerb-core-1.0.1.jar:/home/runner/.m2/repository/org/apache/kerby/kerby-pkix/1.0.1/kerby-pkix-1.0.1.jar:/home/runner/.m2/repository/org/apache/kerby/kerby-asn1/1.0.1/kerby-asn1-1.0.1.jar:/home/runner/.m2/repository/org/apache/kerby/kerby-util/1.0.1/kerby-util-1.0.1.jar:/home/runner/.m2/repository/dnsjava/dnsjava/2.1.7/dnsjava-2.1.7.jar:/home/runner/.m2/repository/org/xerial/snappy/snappy-java/1.1.8.2/snappy-java-1.1.8.2.jar:/home/runner/.m2/repository/com/fasterxml/jackson/core/jackson-databind/2.13.4.2/jackson-databind-2.13.4.2.jar:/home/runner/.m2/repository/org/apache/hadoop/hadoop-kms/3.3.6/hadoop-kms-3.3.6-tests.jar:/home/runner/.m2/repository/org/apache/ozone/hdds-server-scm/1.4.0-SNAPSHOT/hdds-server-scm-1.4.0-SNAPSHOT-tests.jar:/home/runner/.m2/repository/org/apache/ozone/hdds-container-service/1.4.0-SNAPSHOT/hdds-container-service-1.4.0-SNAPSHOT-tests.jar:/home/runner/.m2/repository/com/github/luben/zstd-jni/1.5.2-5/zstd-jni-1.5.2-5.jar:/home/runner/.m2/repository/commons-codec/commons-codec/1.15/commons-codec-1.15.jar:/home/runner/.m2/repository/io/netty/netty-codec/4.1.94.Final/netty-codec-4.1.94.Final.jar:/home/runner/.m2/repository/io/netty/netty-handler/4.1.94.Final/netty-handler-4.1.94.Final.jar:/home/runner/.m2/repository/org/apache/ozone/hdds-hadoop-dependency-test/1.4.0-SNAPSHOT/hdds-hadoop-dependency-test-1.4.0-SNAPSHOT.jar:/home/runner/.m2/repository/org/apache/hadoop/hadoop-common/3.3.6/hadoop-common-3.3.6-tests.jar:/home/runner/.m2/repository/org/apache/hadoop/hadoop-hdfs/3.3.6/hadoop-hdfs-3.3.6-tests.jar:/home/runner/.m2/repository/org/assertj/assertj-core/3.12.2/assertj-core-3.12.2.jar:/home/runner/.m2/repository/org/apache/hadoop/hadoop-distcp/3.3.6/hadoop-distcp-3.3.6.jar:/home/runner/.m2/repository/org/apache/hadoop/hadoop-mapreduce-client-jobclient/3.3.6/hadoop-mapreduce-client-jobclient-3.3.6.jar:/home/runner/.m2/repository/org/apache/hadoop/hadoop-mapreduce-client-common/3.3.6/hadoop-mapreduce-client-common-3.3.6.jar:/home/runner/.m2/repository/org/apache/hadoop/hadoop-yarn-common/3.3.6/hadoop-yarn-common-3.3.6.jar:/home/runner/.m2/repository/org/apache/hadoop/hadoop-yarn-api/3.3.6/hadoop-yarn-api-3.3.6.jar:/home/runner/.m2/repository/com/sun/jersey/contribs/jersey-guice/1.19/jersey-guice-1.19.jar:/home/runner/.m2/repository/com/fasterxml/jackson/jaxrs/jackson-jaxrs-json-provider/2.13.4/jackson-jaxrs-json-provider-2.13.4.jar:/home/runner/.m2/repository/com/fasterxml/jackson/jaxrs/jackson-jaxrs-base/2.13.4/jackson-jaxrs-base-2.13.4.jar:/home/runner/.m2/repository/org/apache/hadoop/hadoop-yarn-client/3.3.6/hadoop-yarn-client-3.3.6.jar:/home/runner/.m2/repository/org/eclipse/jetty/websocket/websocket-client/9.4.51.v20230217/websocket-client-9.4.51.v20230217.jar:/home/runner/.m2/repository/org/eclipse/jetty/websocket/websocket-common/9.4.51.v20230217/websocket-common-9.4.51.v20230217.jar:/home/runner/.m2/repository/org/eclipse/jetty/websocket/websocket-api/9.4.51.v20230217/websocket-api-9.4.51.v20230217.jar:/home/runner/.m2/repository/org/jline/jline/3.9.0/jline-3.9.0.jar:/home/runner/.m2/repository/org/apache/hadoop/hadoop-mapreduce-client-core/3.3.6/hadoop-mapreduce-client-core-3.3.6.jar:/home/runner/.m2/repository/org/apache/avro/avro/1.7.7/avro-1.7.7.jar:/home/runner/.m2/repository/com/thoughtworks/paranamer/paranamer/2.3/paranamer-2.3.jar:/home/runner/.m2/repository/org/apache/hadoop/hadoop-annotations/3.3.6/hadoop-annotations-3.3.6.jar:/usr/lib/jvm/temurin-8-jdk-amd64/jre/../lib/tools.jar:/home/runner/.m2/repository/io/netty/netty/3.10.6.Final/netty-3.10.6.Final.jar:/home/runner/.m2/repository/org/apache/hadoop/hadoop-distcp/3.3.6/hadoop-distcp-3.3.6-tests.jar:/home/runner/.m2/repository/org/slf4j/jul-to-slf4j/1.7.36/jul-to-slf4j-1.7.36.jar:"/>
    <property name="sun.cpu.endian" value="little"/>
    <property name="user.home" value="/home/runner"/>
    <property name="user.language" value="en"/>
    <property name="java.specification.vendor" value="Oracle Corporation"/>
    <property name="java.home" value="/usr/lib/jvm/temurin-8-jdk-amd64/jre"/>
    <property name="java.security.krb5.conf" value="/home/runner/work/ozone/ozone/hadoop-ozone/integration-test/target/test-dir/TestSecureOzoneCluster/1691116494860/krb5.conf"/>
    <property name="file.separator" value="/"/>
    <property name="basedir" value="/home/runner/work/ozone/ozone/hadoop-ozone/integration-test"/>
    <property name="line.separator" value="&#10;"/>
    <property name="java.vm.specification.vendor" value="Oracle Corporation"/>
    <property name="java.specification.name" value="Java Platform API Specification"/>
    <property name="skip.installnpx" value="true"/>
    <property name="java.awt.graphicsenv" value="sun.awt.X11GraphicsEnvironment"/>
    <property name="surefire.real.class.path" value="/home/runner/work/ozone/ozone/hadoop-ozone/integration-test/target/surefire/surefirebooter3831131077489876132.jar:/home/runner/.m2/repository/org/jacoco/org.jacoco.agent/0.8.5/org.jacoco.agent-0.8.5-runtime.jar"/>
    <property name="sun.boot.class.path" value="/usr/lib/jvm/temurin-8-jdk-amd64/jre/lib/resources.jar:/usr/lib/jvm/temurin-8-jdk-amd64/jre/lib/rt.jar:/usr/lib/jvm/temurin-8-jdk-amd64/jre/lib/sunrsasign.jar:/usr/lib/jvm/temurin-8-jdk-amd64/jre/lib/jsse.jar:/usr/lib/jvm/temurin-8-jdk-amd64/jre/lib/jce.jar:/usr/lib/jvm/temurin-8-jdk-amd64/jre/lib/charsets.jar:/usr/lib/jvm/temurin-8-jdk-amd64/jre/lib/jfr.jar:/usr/lib/jvm/temurin-8-jdk-amd64/jre/classes"/>
    <property name="hadoop.log.dir" value="/home/runner/work/ozone/ozone/hadoop-ozone/integration-test/target/log"/>
    <property name="sun.management.compiler" value="HotSpot 64-Bit Tiered Compilers"/>
    <property name="java.runtime.version" value="1.8.0_372-b07"/>
    <property name="skip.npx" value="true"/>
    <property name="user.name" value="runner"/>
    <property name="java.net.preferIPv4Stack" value="true"/>
    <property name="path.separator" value=":"/>
    <property name="java.security.egd" value="file:///dev/urandom"/>
    <property name="os.version" value="5.15.0-1042-azure"/>
    <property name="java.endorsed.dirs" value="/usr/lib/jvm/temurin-8-jdk-amd64/jre/lib/endorsed"/>
    <property name="java.runtime.name" value="OpenJDK Runtime Environment"/>
    <property name="file.encoding" value="UTF-8"/>
    <property name="java.vm.name" value="OpenJDK 64-Bit Server VM"/>
    <property name="test.build.webapps" value=""/>
    <property name="localRepository" value="/home/runner/.m2/repository"/>
    <property name="jetty.git.hash" value="b45c405e4544384de066f814ed42ae3dceacdd49"/>
    <property name="java.vendor.url.bug" value="https://github.com/adoptium/adoptium-support/issues"/>
    <property name="require.test.libhadoop" value=""/>
    <property name="java.io.tmpdir" value="/tmp"/>
    <property name="java.version" value="1.8.0_372"/>
    <property name="user.dir" value="/home/runner/work/ozone/ozone/hadoop-ozone/integration-test"/>
    <property name="os.arch" value="amd64"/>
    <property name="test.build.classes" value="/home/runner/work/ozone/ozone/hadoop-ozone/integration-test/target/test-classes"/>
    <property name="java.vm.specification.name" value="Java Virtual Machine Specification"/>
    <property name="java.awt.printerjob" value="sun.print.PSPrinterJob"/>
    <property name="sun.os.patch.level" value="unknown"/>
    <property name="org.apache.ratis.thirdparty.io.netty.allocator.useCacheForAllThreads" value="false"/>
    <property name="hadoop.tmp.dir" value="/home/runner/work/ozone/ozone/hadoop-ozone/integration-test/target/tmp"/>
    <property name="java.library.path" value="/usr/java/packages/lib/amd64:/usr/lib64:/lib64:/lib:/usr/lib"/>
    <property name="java.vendor" value="Temurin"/>
    <property name="java.vm.info" value="mixed mode"/>
    <property name="java.vm.version" value="25.372-b07"/>
    <property name="java.specification.maintenance.version" value="4"/>
    <property name="sun.io.unicode.encoding" value="UnicodeLittle"/>
    <property name="java.ext.dirs" value="/usr/lib/jvm/temurin-8-jdk-amd64/jre/lib/ext:/usr/java/packages/lib/ext"/>
    <property name="java.class.version" value="52.0"/>
  </properties>
  <testcase name="testSCMSecurityProtocol" classname="org.apache.hadoop.ozone.TestSecureOzoneCluster" time="7.801">
    <system-out><![CDATA[2023-08-04 02:32:40,514 [Time-limited test] INFO  net.ServerSocketUtil (ServerSocketUtil.java:getPort(55)) - Using port 9860
2023-08-04 02:32:40,515 [Time-limited test] INFO  net.ServerSocketUtil (ServerSocketUtil.java:getPort(55)) - Using port 9861
2023-08-04 02:32:40,516 [Time-limited test] INFO  net.ServerSocketUtil (ServerSocketUtil.java:getPort(55)) - Using port 9863
2023-08-04 02:32:40,516 [Time-limited test] INFO  net.ServerSocketUtil (ServerSocketUtil.java:getPort(55)) - Using port 9961
2023-08-04 02:32:40,516 [Time-limited test] INFO  net.ServerSocketUtil (ServerSocketUtil.java:getPort(55)) - Using port 1200
2023-08-04 02:32:40,516 [Time-limited test] INFO  net.ServerSocketUtil (ServerSocketUtil.java:getPort(55)) - Using port 1201
2023-08-04 02:32:40,524 [Time-limited test] INFO  minikdc.MiniKdc (MiniKdc.java:<init>(225)) - Configuration:
2023-08-04 02:32:40,524 [Time-limited test] INFO  minikdc.MiniKdc (MiniKdc.java:<init>(226)) - ---------------------------------------------------------------
2023-08-04 02:32:40,525 [Time-limited test] INFO  minikdc.MiniKdc (MiniKdc.java:<init>(228)) -   debug: false
2023-08-04 02:32:40,526 [Time-limited test] INFO  minikdc.MiniKdc (MiniKdc.java:<init>(228)) -   transport: TCP
2023-08-04 02:32:40,526 [Time-limited test] INFO  minikdc.MiniKdc (MiniKdc.java:<init>(228)) -   max.ticket.lifetime: 86400000
2023-08-04 02:32:40,526 [Time-limited test] INFO  minikdc.MiniKdc (MiniKdc.java:<init>(228)) -   org.name: EXAMPLE
2023-08-04 02:32:40,526 [Time-limited test] INFO  minikdc.MiniKdc (MiniKdc.java:<init>(228)) -   kdc.port: 0
2023-08-04 02:32:40,527 [Time-limited test] INFO  minikdc.MiniKdc (MiniKdc.java:<init>(228)) -   org.domain: COM
2023-08-04 02:32:40,527 [Time-limited test] INFO  minikdc.MiniKdc (MiniKdc.java:<init>(228)) -   max.renewable.lifetime: 604800000
2023-08-04 02:32:40,527 [Time-limited test] INFO  minikdc.MiniKdc (MiniKdc.java:<init>(228)) -   instance: DefaultKrbServer
2023-08-04 02:32:40,527 [Time-limited test] INFO  minikdc.MiniKdc (MiniKdc.java:<init>(228)) -   kdc.bind.address: localhost
2023-08-04 02:32:40,527 [Time-limited test] INFO  minikdc.MiniKdc (MiniKdc.java:<init>(230)) - ---------------------------------------------------------------
2023-08-04 02:32:40,635 [Time-limited test] INFO  minikdc.MiniKdc (MiniKdc.java:start(285)) - MiniKdc started.
2023-08-04 02:32:41,667 [Time-limited test] INFO  audit.AuditLogger (AuditLogger.java:refreshDebugCmdSet(126)) - Refresh DebugCmdSet for OMAudit to [].
2023-08-04 02:32:42,005 [Time-limited test] INFO  om.OzoneManager (OzoneManager.java:getOmDetailsProto(4555)) - OzoneManager ports added:[name: "RPC"
value: 1202
]
2023-08-04 02:32:42,015 [Time-limited test] WARN  server.ServerUtils (ServerUtils.java:getScmDbDir(155)) - ozone.scm.db.dirs is not configured. We recommend adding this setting. Falling back to ozone.metadata.dirs instead.
2023-08-04 02:32:42,172 [Time-limited test] INFO  reflections.Reflections (Reflections.java:scan(232)) - Reflections took 127 ms to scan 7 urls, producing 161 keys and 378 values 
2023-08-04 02:32:42,248 [Time-limited test] INFO  ha.HASecurityUtils (HASecurityUtils.java:initializeSecurity(98)) - Initializing secure StorageContainerManager.
2023-08-04 02:32:42,382 [Time-limited test] INFO  client.SCMCertificateClient (DefaultCertificateClient.java:updateCertSerialId(1226)) - Certificate serial ID set to null
2023-08-04 02:32:42,383 [Time-limited test] ERROR client.SCMCertificateClient (DefaultCertificateClient.java:getCertPath(361)) - Default certificate serial id is not set. Can't locate the default certificate for this client.
2023-08-04 02:32:42,383 [Time-limited test] INFO  client.SCMCertificateClient (DefaultCertificateClient.java:init(707)) - Certificate client init case: 0
2023-08-04 02:32:42,384 [Time-limited test] INFO  client.SCMCertificateClient (SCMCertificateClient.java:handleCase(96)) - Creating keypair for client as keypair and certificate not found.
2023-08-04 02:32:42,677 [Time-limited test] INFO  ha.HASecurityUtils (HASecurityUtils.java:initializeSecurity(108)) - Init response: GETCERT
2023-08-04 02:32:42,789 [Time-limited test] INFO  ozone.OzoneSecurityUtil (OzoneSecurityUtil.java:getValidInetsForCurrentHost(119)) - ip:fe80:0:0:0:20d:3aff:fe7a:a89f%eth0 not returned.
2023-08-04 02:32:42,789 [Time-limited test] INFO  ozone.OzoneSecurityUtil (OzoneSecurityUtil.java:getValidInetsForCurrentHost(116)) - Adding ip:10.1.0.9,host:fv-az621-180
2023-08-04 02:32:42,790 [Time-limited test] INFO  ozone.OzoneSecurityUtil (OzoneSecurityUtil.java:getValidInetsForCurrentHost(119)) - ip:0:0:0:0:0:0:0:1%lo not returned.
2023-08-04 02:32:42,791 [Time-limited test] INFO  ozone.OzoneSecurityUtil (OzoneSecurityUtil.java:getValidInetsForCurrentHost(119)) - ip:127.0.0.1 not returned.
2023-08-04 02:32:42,796 [Time-limited test] ERROR utils.SelfSignedCertificate (SelfSignedCertificate.java:lambda$addInetAddresses$0(244)) - Invalid domain fv-az621-180
2023-08-04 02:32:42,854 [Time-limited test] INFO  utils.SelfSignedCertificate (SelfSignedCertificate.java:generateCertificate(157)) - Certificate 1 is issued by CN=scm-1@fv-az621-180,OU=4a0609c3-2b63-4fc0-8bb2-35c3ff6dc1a4,O=ceffd943-88ff-4d49-a306-26d36cdbcfdc to CN=scm-1@fv-az621-180,OU=4a0609c3-2b63-4fc0-8bb2-35c3ff6dc1a4,O=ceffd943-88ff-4d49-a306-26d36cdbcfdc, valid from Fri Aug 04 02:32:42 UTC 2023 to Mon Sep 11 02:32:42 UTC 2028
2023-08-04 02:32:42,866 [Time-limited test] INFO  utils.CertificateCodec (CertificateCodec.java:writeCertificate(299)) - Save certificate to /tmp/junit7680172869751049440/junit2555043834293207400/scm-meta/scm/ca/certs/certificate.crt
2023-08-04 02:32:42,867 [Time-limited test] INFO  utils.CertificateCodec (CertificateCodec.java:writeCertificate(300)) - Certificate -----BEGIN CERTIFICATE-----
MIIDpTCCAo2gAwIBAgIBATANBgkqhkiG9w0BAQsFADB7MRswGQYDVQQDDBJzY20t
MUBmdi1hejYyMS0xODAxLTArBgNVBAsMJDRhMDYwOWMzLTJiNjMtNGZjMC04YmIy
LTM1YzNmZjZkYzFhNDEtMCsGA1UECgwkY2VmZmQ5NDMtODhmZi00ZDQ5LWEzMDYt
MjZkMzZjZGJjZmRjMB4XDTIzMDgwNDAyMzI0MloXDTI4MDkxMTAyMzI0MlowezEb
MBkGA1UEAwwSc2NtLTFAZnYtYXo2MjEtMTgwMS0wKwYDVQQLDCQ0YTA2MDljMy0y
YjYzLTRmYzAtOGJiMi0zNWMzZmY2ZGMxYTQxLTArBgNVBAoMJGNlZmZkOTQzLTg4
ZmYtNGQ0OS1hMzA2LTI2ZDM2Y2RiY2ZkYzCCASIwDQYJKoZIhvcNAQEBBQADggEP
ADCCAQoCggEBAOgRcMKHp56sxFK4Fj67rtdieKsBWy3T8EVqcfrNbhvJdYB6PnFb
8OaP5JNFjxYj1j2W5HgS3mv2z8TQME0s43koW1kb2Bum/Fr1z2FTmDnb8wbuVhya
wxVWX/SH6lABGD/zvk4Dhl0lEfB67WltORzH9H9Yt8PfyHgAwnLa6nvbO373A3dT
9t/okJT+WQPFt0ag3IDiAc+lXUOH9psoALubm3Udv+MU6hQNda1Dwwixytb/FM8D
iWFEOww42figlf2P/czfd7zImAIiOHBxfeZNVeijij6qRl0NyS8+57P9ryTAmmTd
vanfDYMifx7dxbSvHI98Mpz4W+PzdvwzoG0CAwEAAaM0MDIwDwYDVR0TAQH/BAUw
AwEB/zAOBgNVHQ8BAf8EBAMCAQYwDwYDVR0RBAgwBocECgEACTANBgkqhkiG9w0B
AQsFAAOCAQEAaFS7Uuia06to6w0SolltvBhvEjJDG0l99Sx5bav/8GB+8xLU6Q74
+sNSjV36cNSV8uMZDECsTv7gH/EAP5ZaFFpZ7deIrDrVfRZIjb0HueWqg9//cY4d
JOe5biXBGmL9B9XKG1736UAxNQ+Nh9303tTrI2IHy/OHx37RY/9ymjnvRAzj65nC
SWfuM1gC4fDSIfDQyEmeVbcyhVxLLDn24luAfqZdK3jrhmCzfSpOBstfSAsJ5Bxe
rklS+hTK5fDk1UpAhDWsefpaxCZSHcGqou283i0MWkZliLGgc4LHmYLvQvfbAwkL
4h9yf7mkw9bkWsa5kV65dM/lEJaNL+hdNg==
-----END CERTIFICATE-----

2023-08-04 02:32:42,977 [Time-limited test] INFO  client.SCMCertificateClient (SCMCertificateClient.java:getCSRBuilder(158)) - Creating csr for SCM->hostName:fv-az621-180,scmId:4a0609c3-2b63-4fc0-8bb2-35c3ff6dc1a4,clusterId:ceffd943-88ff-4d49-a306-26d36cdbcfdc,subject:scm-sub-1409874955800@fv-az621-180
2023-08-04 02:32:42,978 [Time-limited test] INFO  ozone.OzoneSecurityUtil (OzoneSecurityUtil.java:getValidInetsForCurrentHost(119)) - ip:fe80:0:0:0:20d:3aff:fe7a:a89f%eth0 not returned.
2023-08-04 02:32:42,978 [Time-limited test] INFO  ozone.OzoneSecurityUtil (OzoneSecurityUtil.java:getValidInetsForCurrentHost(116)) - Adding ip:10.1.0.9,host:fv-az621-180
2023-08-04 02:32:42,979 [Time-limited test] INFO  ozone.OzoneSecurityUtil (OzoneSecurityUtil.java:getValidInetsForCurrentHost(119)) - ip:0:0:0:0:0:0:0:1%lo not returned.
2023-08-04 02:32:42,979 [Time-limited test] INFO  ozone.OzoneSecurityUtil (OzoneSecurityUtil.java:getValidInetsForCurrentHost(119)) - ip:127.0.0.1 not returned.
2023-08-04 02:32:42,982 [Time-limited test] ERROR utils.CertificateSignRequest (CertificateSignRequest.java:lambda$addInetAddresses$0(295)) - Invalid domain fv-az621-180
2023-08-04 02:32:42,982 [Time-limited test] INFO  ha.HASecurityUtils (HASecurityUtils.java:generateCSR(308)) - Creating csr for SCM->hostName:fv-az621-180,scmId:4a0609c3-2b63-4fc0-8bb2-35c3ff6dc1a4,clusterId:ceffd943-88ff-4d49-a306-26d36cdbcfdc,subject:scm-sub-1409879543176@fv-az621-180
2023-08-04 02:32:43,024 [Time-limited test] INFO  authority.DefaultApprover (DefaultApprover.java:sign(154)) - Extensions in CSR: 2.5.29.19, 2.5.29.15, 2.5.29.17
2023-08-04 02:32:43,024 [Time-limited test] INFO  authority.DefaultApprover (DefaultApprover.java:sign(158)) - Extensions to add to the certificate if they present in CSR: 2.5.29.17, 2.5.29.19, 1.3.6.1.5.5.7.1.12, 2.5.29.35, 2.5.29.37, 2.5.29.15
2023-08-04 02:32:43,046 [Time-limited test] INFO  utils.CertificateCodec (CertificateCodec.java:writeCertificate(299)) - Save certificate to /tmp/junit7680172869751049440/junit2555043834293207400/scm-meta/scm/sub-ca/certs/CA-1.crt
2023-08-04 02:32:43,047 [Time-limited test] INFO  utils.CertificateCodec (CertificateCodec.java:writeCertificate(300)) - Certificate -----BEGIN CERTIFICATE-----
MIIDpTCCAo2gAwIBAgIBATANBgkqhkiG9w0BAQsFADB7MRswGQYDVQQDDBJzY20t
MUBmdi1hejYyMS0xODAxLTArBgNVBAsMJDRhMDYwOWMzLTJiNjMtNGZjMC04YmIy
LTM1YzNmZjZkYzFhNDEtMCsGA1UECgwkY2VmZmQ5NDMtODhmZi00ZDQ5LWEzMDYt
MjZkMzZjZGJjZmRjMB4XDTIzMDgwNDAyMzI0MloXDTI4MDkxMTAyMzI0MlowezEb
MBkGA1UEAwwSc2NtLTFAZnYtYXo2MjEtMTgwMS0wKwYDVQQLDCQ0YTA2MDljMy0y
YjYzLTRmYzAtOGJiMi0zNWMzZmY2ZGMxYTQxLTArBgNVBAoMJGNlZmZkOTQzLTg4
ZmYtNGQ0OS1hMzA2LTI2ZDM2Y2RiY2ZkYzCCASIwDQYJKoZIhvcNAQEBBQADggEP
ADCCAQoCggEBAOgRcMKHp56sxFK4Fj67rtdieKsBWy3T8EVqcfrNbhvJdYB6PnFb
8OaP5JNFjxYj1j2W5HgS3mv2z8TQME0s43koW1kb2Bum/Fr1z2FTmDnb8wbuVhya
wxVWX/SH6lABGD/zvk4Dhl0lEfB67WltORzH9H9Yt8PfyHgAwnLa6nvbO373A3dT
9t/okJT+WQPFt0ag3IDiAc+lXUOH9psoALubm3Udv+MU6hQNda1Dwwixytb/FM8D
iWFEOww42figlf2P/czfd7zImAIiOHBxfeZNVeijij6qRl0NyS8+57P9ryTAmmTd
vanfDYMifx7dxbSvHI98Mpz4W+PzdvwzoG0CAwEAAaM0MDIwDwYDVR0TAQH/BAUw
AwEB/zAOBgNVHQ8BAf8EBAMCAQYwDwYDVR0RBAgwBocECgEACTANBgkqhkiG9w0B
AQsFAAOCAQEAaFS7Uuia06to6w0SolltvBhvEjJDG0l99Sx5bav/8GB+8xLU6Q74
+sNSjV36cNSV8uMZDECsTv7gH/EAP5ZaFFpZ7deIrDrVfRZIjb0HueWqg9//cY4d
JOe5biXBGmL9B9XKG1736UAxNQ+Nh9303tTrI2IHy/OHx37RY/9ymjnvRAzj65nC
SWfuM1gC4fDSIfDQyEmeVbcyhVxLLDn24luAfqZdK3jrhmCzfSpOBstfSAsJ5Bxe
rklS+hTK5fDk1UpAhDWsefpaxCZSHcGqou283i0MWkZliLGgc4LHmYLvQvfbAwkL
4h9yf7mkw9bkWsa5kV65dM/lEJaNL+hdNg==
-----END CERTIFICATE-----

2023-08-04 02:32:43,052 [Time-limited test] INFO  utils.CertificateCodec (CertificateCodec.java:writeCertificate(299)) - Save certificate to /tmp/junit7680172869751049440/junit2555043834293207400/scm-meta/scm/sub-ca/certs/1409920277851.crt
2023-08-04 02:32:43,053 [Time-limited test] INFO  utils.CertificateCodec (CertificateCodec.java:writeCertificate(300)) - Certificate -----BEGIN CERTIFICATE-----
MIIDuzCCAqOgAwIBAgIGAUhFzB1bMA0GCSqGSIb3DQEBCwUAMHsxGzAZBgNVBAMM
EnNjbS0xQGZ2LWF6NjIxLTE4MDEtMCsGA1UECwwkNGEwNjA5YzMtMmI2My00ZmMw
LThiYjItMzVjM2ZmNmRjMWE0MS0wKwYDVQQKDCRjZWZmZDk0My04OGZmLTRkNDkt
YTMwNi0yNmQzNmNkYmNmZGMwHhcNMjMwODA0MDIzMjQyWhcNMjgwOTExMDIzMjQy
WjCBizErMCkGA1UEAwwic2NtLXN1Yi0xNDA5ODc5NTQzMTc2QGZ2LWF6NjIxLTE4
MDEtMCsGA1UECwwkNGEwNjA5YzMtMmI2My00ZmMwLThiYjItMzVjM2ZmNmRjMWE0
MS0wKwYDVQQKDCRjZWZmZDk0My04OGZmLTRkNDktYTMwNi0yNmQzNmNkYmNmZGMw
ggEiMA0GCSqGSIb3DQEBAQUAA4IBDwAwggEKAoIBAQCvfY7ojOz+oY1Rcb7xNB2R
kcz5ZvHlcWk83L0WGvqtXKfL6JXShvKjrwD55jQNest/TqBNREt9jeEOLMo43MOu
n0O9jrFN3WK1MldfeMLOPc7vAz5d3dTQhAkWuKmooaf/oYnwRbStf6Nu0+S+ASWB
ohoo+vLw6DOITF+o2E57Wsrlg68ZZkTBP8Wbo1EBKUwlHPk0edZBB/RKY90Rf9C6
NCZl/eEH53ymgC0+VU+9xdZFys0MoFW30Vl3kLWPdaJVcS6ahRcSmdg3nmryEw8h
5y9gur/+Dmj5G0DJE/w8PXrFr6aMgcZW+4fz0HRzngei4QBHlru48aEOTvFuZ/Cl
AgMBAAGjNDAyMA8GA1UdEQQIMAaHBAoBAAkwDwYDVR0TAQH/BAUwAwEB/zAOBgNV
HQ8BAf8EBAMCAb4wDQYJKoZIhvcNAQELBQADggEBAA+YeEwTc9BR4LRLZXMTRtBo
gTLkOSb3MXoKl/cbqLEWqHJBTZJ2IFkZhY6C+UCcQVFnBNu2+W3ry3mop3urX/VG
H7V6RYV1qWKnmvWSF6A7vZJsmUGNdyQE4NHXzcso281LGcx1Sz+X8JA1+KQdrQcZ
/RYbHPZXBvgErEu/xO3QXXKxSXehFsXliUKIwuxkkynaANBvEOewy0ETlep+kuAO
3FvbdjG0b0JlI4EPvSH0wXwg5NeO95P/2LyYEVnYROvLLXdqgMBpyuNiP4b1Tjtp
j5sY+fuLUlKUbyimmyiz2UJDUsNHmjct5hdtti9qnuseofTBF8nf7+dQGvxySbQ=
-----END CERTIFICATE-----

-----BEGIN CERTIFICATE-----
MIIDpTCCAo2gAwIBAgIBATANBgkqhkiG9w0BAQsFADB7MRswGQYDVQQDDBJzY20t
MUBmdi1hejYyMS0xODAxLTArBgNVBAsMJDRhMDYwOWMzLTJiNjMtNGZjMC04YmIy
LTM1YzNmZjZkYzFhNDEtMCsGA1UECgwkY2VmZmQ5NDMtODhmZi00ZDQ5LWEzMDYt
MjZkMzZjZGJjZmRjMB4XDTIzMDgwNDAyMzI0MloXDTI4MDkxMTAyMzI0MlowezEb
MBkGA1UEAwwSc2NtLTFAZnYtYXo2MjEtMTgwMS0wKwYDVQQLDCQ0YTA2MDljMy0y
YjYzLTRmYzAtOGJiMi0zNWMzZmY2ZGMxYTQxLTArBgNVBAoMJGNlZmZkOTQzLTg4
ZmYtNGQ0OS1hMzA2LTI2ZDM2Y2RiY2ZkYzCCASIwDQYJKoZIhvcNAQEBBQADggEP
ADCCAQoCggEBAOgRcMKHp56sxFK4Fj67rtdieKsBWy3T8EVqcfrNbhvJdYB6PnFb
8OaP5JNFjxYj1j2W5HgS3mv2z8TQME0s43koW1kb2Bum/Fr1z2FTmDnb8wbuVhya
wxVWX/SH6lABGD/zvk4Dhl0lEfB67WltORzH9H9Yt8PfyHgAwnLa6nvbO373A3dT
9t/okJT+WQPFt0ag3IDiAc+lXUOH9psoALubm3Udv+MU6hQNda1Dwwixytb/FM8D
iWFEOww42figlf2P/czfd7zImAIiOHBxfeZNVeijij6qRl0NyS8+57P9ryTAmmTd
vanfDYMifx7dxbSvHI98Mpz4W+PzdvwzoG0CAwEAAaM0MDIwDwYDVR0TAQH/BAUw
AwEB/zAOBgNVHQ8BAf8EBAMCAQYwDwYDVR0RBAgwBocECgEACTANBgkqhkiG9w0B
AQsFAAOCAQEAaFS7Uuia06to6w0SolltvBhvEjJDG0l99Sx5bav/8GB+8xLU6Q74
+sNSjV36cNSV8uMZDECsTv7gH/EAP5ZaFFpZ7deIrDrVfRZIjb0HueWqg9//cY4d
JOe5biXBGmL9B9XKG1736UAxNQ+Nh9303tTrI2IHy/OHx37RY/9ymjnvRAzj65nC
SWfuM1gC4fDSIfDQyEmeVbcyhVxLLDn24luAfqZdK3jrhmCzfSpOBstfSAsJ5Bxe
rklS+hTK5fDk1UpAhDWsefpaxCZSHcGqou283i0MWkZliLGgc4LHmYLvQvfbAwkL
4h9yf7mkw9bkWsa5kV65dM/lEJaNL+hdNg==
-----END CERTIFICATE-----

2023-08-04 02:32:43,053 [Time-limited test] INFO  utils.CertificateCodec (CertificateCodec.java:writeCertificate(299)) - Save certificate to /tmp/junit7680172869751049440/junit2555043834293207400/scm-meta/scm/sub-ca/certs/certificate.crt
2023-08-04 02:32:43,053 [Time-limited test] INFO  utils.CertificateCodec (CertificateCodec.java:writeCertificate(300)) - Certificate -----BEGIN CERTIFICATE-----
MIIDuzCCAqOgAwIBAgIGAUhFzB1bMA0GCSqGSIb3DQEBCwUAMHsxGzAZBgNVBAMM
EnNjbS0xQGZ2LWF6NjIxLTE4MDEtMCsGA1UECwwkNGEwNjA5YzMtMmI2My00ZmMw
LThiYjItMzVjM2ZmNmRjMWE0MS0wKwYDVQQKDCRjZWZmZDk0My04OGZmLTRkNDkt
YTMwNi0yNmQzNmNkYmNmZGMwHhcNMjMwODA0MDIzMjQyWhcNMjgwOTExMDIzMjQy
WjCBizErMCkGA1UEAwwic2NtLXN1Yi0xNDA5ODc5NTQzMTc2QGZ2LWF6NjIxLTE4
MDEtMCsGA1UECwwkNGEwNjA5YzMtMmI2My00ZmMwLThiYjItMzVjM2ZmNmRjMWE0
MS0wKwYDVQQKDCRjZWZmZDk0My04OGZmLTRkNDktYTMwNi0yNmQzNmNkYmNmZGMw
ggEiMA0GCSqGSIb3DQEBAQUAA4IBDwAwggEKAoIBAQCvfY7ojOz+oY1Rcb7xNB2R
kcz5ZvHlcWk83L0WGvqtXKfL6JXShvKjrwD55jQNest/TqBNREt9jeEOLMo43MOu
n0O9jrFN3WK1MldfeMLOPc7vAz5d3dTQhAkWuKmooaf/oYnwRbStf6Nu0+S+ASWB
ohoo+vLw6DOITF+o2E57Wsrlg68ZZkTBP8Wbo1EBKUwlHPk0edZBB/RKY90Rf9C6
NCZl/eEH53ymgC0+VU+9xdZFys0MoFW30Vl3kLWPdaJVcS6ahRcSmdg3nmryEw8h
5y9gur/+Dmj5G0DJE/w8PXrFr6aMgcZW+4fz0HRzngei4QBHlru48aEOTvFuZ/Cl
AgMBAAGjNDAyMA8GA1UdEQQIMAaHBAoBAAkwDwYDVR0TAQH/BAUwAwEB/zAOBgNV
HQ8BAf8EBAMCAb4wDQYJKoZIhvcNAQELBQADggEBAA+YeEwTc9BR4LRLZXMTRtBo
gTLkOSb3MXoKl/cbqLEWqHJBTZJ2IFkZhY6C+UCcQVFnBNu2+W3ry3mop3urX/VG
H7V6RYV1qWKnmvWSF6A7vZJsmUGNdyQE4NHXzcso281LGcx1Sz+X8JA1+KQdrQcZ
/RYbHPZXBvgErEu/xO3QXXKxSXehFsXliUKIwuxkkynaANBvEOewy0ETlep+kuAO
3FvbdjG0b0JlI4EPvSH0wXwg5NeO95P/2LyYEVnYROvLLXdqgMBpyuNiP4b1Tjtp
j5sY+fuLUlKUbyimmyiz2UJDUsNHmjct5hdtti9qnuseofTBF8nf7+dQGvxySbQ=
-----END CERTIFICATE-----

-----BEGIN CERTIFICATE-----
MIIDpTCCAo2gAwIBAgIBATANBgkqhkiG9w0BAQsFADB7MRswGQYDVQQDDBJzY20t
MUBmdi1hejYyMS0xODAxLTArBgNVBAsMJDRhMDYwOWMzLTJiNjMtNGZjMC04YmIy
LTM1YzNmZjZkYzFhNDEtMCsGA1UECgwkY2VmZmQ5NDMtODhmZi00ZDQ5LWEzMDYt
MjZkMzZjZGJjZmRjMB4XDTIzMDgwNDAyMzI0MloXDTI4MDkxMTAyMzI0MlowezEb
MBkGA1UEAwwSc2NtLTFAZnYtYXo2MjEtMTgwMS0wKwYDVQQLDCQ0YTA2MDljMy0y
YjYzLTRmYzAtOGJiMi0zNWMzZmY2ZGMxYTQxLTArBgNVBAoMJGNlZmZkOTQzLTg4
ZmYtNGQ0OS1hMzA2LTI2ZDM2Y2RiY2ZkYzCCASIwDQYJKoZIhvcNAQEBBQADggEP
ADCCAQoCggEBAOgRcMKHp56sxFK4Fj67rtdieKsBWy3T8EVqcfrNbhvJdYB6PnFb
8OaP5JNFjxYj1j2W5HgS3mv2z8TQME0s43koW1kb2Bum/Fr1z2FTmDnb8wbuVhya
wxVWX/SH6lABGD/zvk4Dhl0lEfB67WltORzH9H9Yt8PfyHgAwnLa6nvbO373A3dT
9t/okJT+WQPFt0ag3IDiAc+lXUOH9psoALubm3Udv+MU6hQNda1Dwwixytb/FM8D
iWFEOww42figlf2P/czfd7zImAIiOHBxfeZNVeijij6qRl0NyS8+57P9ryTAmmTd
vanfDYMifx7dxbSvHI98Mpz4W+PzdvwzoG0CAwEAAaM0MDIwDwYDVR0TAQH/BAUw
AwEB/zAOBgNVHQ8BAf8EBAMCAQYwDwYDVR0RBAgwBocECgEACTANBgkqhkiG9w0B
AQsFAAOCAQEAaFS7Uuia06to6w0SolltvBhvEjJDG0l99Sx5bav/8GB+8xLU6Q74
+sNSjV36cNSV8uMZDECsTv7gH/EAP5ZaFFpZ7deIrDrVfRZIjb0HueWqg9//cY4d
JOe5biXBGmL9B9XKG1736UAxNQ+Nh9303tTrI2IHy/OHx37RY/9ymjnvRAzj65nC
SWfuM1gC4fDSIfDQyEmeVbcyhVxLLDn24luAfqZdK3jrhmCzfSpOBstfSAsJ5Bxe
rklS+hTK5fDk1UpAhDWsefpaxCZSHcGqou283i0MWkZliLGgc4LHmYLvQvfbAwkL
4h9yf7mkw9bkWsa5kV65dM/lEJaNL+hdNg==
-----END CERTIFICATE-----

2023-08-04 02:32:43,055 [Time-limited test] INFO  ha.HASecurityUtils (HASecurityUtils.java:initializeSecurity(121)) - Successfully stored SCM signed certificate.
2023-08-04 02:32:43,090 [Time-limited test] WARN  server.ServerUtils (ServerUtils.java:getScmDbDir(155)) - ozone.scm.db.dirs is not configured. We recommend adding this setting. Falling back to ozone.metadata.dirs instead.
2023-08-04 02:32:43,093 [Time-limited test] INFO  ha.SCMHANodeDetails (SCMHANodeDetails.java:loadSCMHAConfig(210)) - ServiceID for StorageContainerManager is null
2023-08-04 02:32:43,093 [Time-limited test] INFO  ha.SCMHANodeDetails (SCMHANodeDetails.java:loadSCMHAConfig(215)) - ozone.scm.default.service.id is not defined, falling back to ozone.scm.service.ids to find serviceID for StorageContainerManager if it is HA enabled cluster
2023-08-04 02:32:43,236 [pool-2-thread-1] INFO  request.KdcRequest (KdcRequest.java:preauth(651)) - The preauth data is empty.
2023-08-04 02:32:43,241 [pool-2-thread-1] INFO  server.KdcHandler (KdcHandler.java:handleRecoverableException(177)) - KRB error occurred while processing request:Additional pre-authentication required
2023-08-04 02:32:43,280 [pool-2-thread-1] INFO  request.AsRequest (AsRequest.java:issueTicket(112)) - AS_REQ ISSUE: authtime 1691116363279,scm/fv-az621-180@EXAMPLE.COM for krbtgt/EXAMPLE.COM@EXAMPLE.COM
2023-08-04 02:32:43,287 [Time-limited test] INFO  security.UserGroupInformation (UserGroupInformation.java:loginUserFromKeytab(1132)) - Login successful for user scm/fv-az621-180@EXAMPLE.COM using keytab file scm.keytab. Keytab auto renewal enabled : false
2023-08-04 02:32:43,287 [Time-limited test] INFO  server.StorageContainerManager (StorageContainerManager.java:loginAsSCMUserIfSecurityEnabled(1050)) - SCM login successful.
2023-08-04 02:32:43,311 [Time-limited test] INFO  client.SCMCertificateClient (DefaultCertificateClient.java:updateCertSerialId(1226)) - Certificate serial ID set to 1409920277851
2023-08-04 02:32:43,321 [Time-limited test] INFO  client.SCMCertificateClient (DefaultCertificateClient.java:readCertificateFile(236)) - Added certificate   [0]         Version: 3
         SerialNumber: 1409920277851
             IssuerDN: CN=scm-1@fv-az621-180,OU=4a0609c3-2b63-4fc0-8bb2-35c3ff6dc1a4,O=ceffd943-88ff-4d49-a306-26d36cdbcfdc
           Start Date: Fri Aug 04 02:32:42 UTC 2023
           Final Date: Mon Sep 11 02:32:42 UTC 2028
            SubjectDN: CN=scm-sub-1409879543176@fv-az621-180,OU=4a0609c3-2b63-4fc0-8bb2-35c3ff6dc1a4,O=ceffd943-88ff-4d49-a306-26d36cdbcfdc
           Public Key: RSA Public Key [2d:6d:c1:b8:28:71:b7:9b:b4:41:7c:0f:8b:27:cb:23:45:c4:e1:13],[56:66:d1:a4]
        modulus: af7d8ee88cecfea18d5171bef1341d9191ccf966f1e571693cdcbd161afaad5ca7cbe895d286f2a3af00f9e6340d7acb7f4ea04d444b7d8de10e2cca38dcc3ae9f43bd8eb14ddd62b532575f78c2ce3dceef033e5dddd4d0840916b8a9a8a1a7ffa189f045b4ad7fa36ed3e4be012581a21a28faf2f0e833884c5fa8d84e7b5acae583af196644c13fc59ba35101294c251cf93479d64107f44a63dd117fd0ba342665fde107e77ca6802d3e554fbdc5d645cacd0ca055b7d1597790b58f75a255712e9a85171299d8379e6af2130f21e72f60babffe0e68f91b40c913fc3c3d7ac5afa68c81c656fb87f3d074739e07a2e1004796bbb8f1a10e4ef16e67f0a5
public exponent: 10001

  Signature Algorithm: SHA256WITHRSA
            Signature: 0f98784c1373d051e0b44b65731346d0688132e4
                       3926f7317a0a97f71ba8b116a872414d92762059
                       19858e82f9409c41516704dbb6f96debcb79a8a7
                       7bab5ff5461fb57a458575a962a79af59217a03b
                       bd926c99418d772404e0d1d7cdcb28dbcd4b19cc
                       754b3f97f09035f8a41dad0719fd161b1cf65706
                       f804ac4bbfc4edd05d72b14977a116c5e5894288
                       c2ec649329da00d06f10e7b0cb411395ea7e92e0
                       0edc5bdb7631b46f426523810fbd21f4c17c20e4
                       d78ef793ffd8bc981159d844ebcb2d776a80c069
                       cae3623f86f54e3b698f9b18f9fb8b5252946f28
                       a69b28b3d9424352c3479a372de6176db62f6a9e
                       eb1ea1f4c117c9dfefe7501afc7249b4
       Extensions: 
                       critical(false) 2.5.29.17 value = Sequence
    Tagged [7] IMPLICIT 
        DER Octet String[4] 

                       critical(true) BasicConstraints: isCa(true)
                       critical(true) KeyUsage: 0xbe
 from file: /tmp/junit7680172869751049440/junit2555043834293207400/scm-meta/scm/sub-ca/certs/1409920277851.crt.
2023-08-04 02:32:43,323 [Time-limited test] INFO  client.SCMCertificateClient (DefaultCertificateClient.java:readCertificateFile(236)) - Added certificate   [0]         Version: 3
         SerialNumber: 1
             IssuerDN: CN=scm-1@fv-az621-180,OU=4a0609c3-2b63-4fc0-8bb2-35c3ff6dc1a4,O=ceffd943-88ff-4d49-a306-26d36cdbcfdc
           Start Date: Fri Aug 04 02:32:42 UTC 2023
           Final Date: Mon Sep 11 02:32:42 UTC 2028
            SubjectDN: CN=scm-1@fv-az621-180,OU=4a0609c3-2b63-4fc0-8bb2-35c3ff6dc1a4,O=ceffd943-88ff-4d49-a306-26d36cdbcfdc
           Public Key: RSA Public Key [44:58:0f:1d:56:03:39:3a:8e:91:f4:d8:b7:2f:84:5e:e3:99:8b:4a],[56:66:d1:a4]
        modulus: e81170c287a79eacc452b8163ebbaed76278ab015b2dd3f0456a71facd6e1bc975807a3e715bf0e68fe493458f1623d63d96e47812de6bf6cfc4d0304d2ce379285b591bd81ba6fc5af5cf61539839dbf306ee561c9ac315565ff487ea5001183ff3be4e03865d2511f07aed696d391cc7f47f58b7c3dfc87800c272daea7bdb3b7ef7037753f6dfe89094fe5903c5b746a0dc80e201cfa55d4387f69b2800bb9b9b751dbfe314ea140d75ad43c308b1cad6ff14cf038961443b0c38d9f8a095fd8ffdccdf77bcc89802223870717de64d55e8a38a3eaa465d0dc92f3ee7b3fdaf24c09a64ddbda9df0d83227f1eddc5b4af1c8f7c329cf85be3f376fc33a06d
public exponent: 10001

  Signature Algorithm: SHA256WITHRSA
            Signature: 6854bb52e89ad3ab68eb0d12a2596dbc186f1232
                       431b497df52c796dabfff0607ef312d4e90ef8fa
                       c3528d5dfa70d495f2e3190c40ac4efee01ff100
                       3f965a145a59edd788ac3ad57d16488dbd07b9e5
                       aa83dfff718e1d24e7b96e25c11a62fd07d5ca1b
                       5ef7e94031350f8d87ddf4ded4eb236207cbf387
                       c77ed163ff729a39ef440ce3eb99c24967ee3358
                       02e1f0d221f0d0c8499e55b732855c4b2c39f6e2
                       5b807ea65d2b78eb8660b37d2a4e06cb5f480b09
                       e41c5eae4952fa14cae5f0e4d54a408435ac79fa
                       5ac426521dc1aaa2edbcde2d0c5a466588b1a073
                       82c79982ef42f7db03090be21f727fb9a4c3d6e4
                       5ac6b9915eb974cfe510968d2fe85d36
       Extensions: 
                       critical(true) BasicConstraints: isCa(true)
                       critical(true) KeyUsage: 0x6
                       critical(false) 2.5.29.17 value = Sequence
    Tagged [7] IMPLICIT 
        DER Octet String[4] 

 from file: /tmp/junit7680172869751049440/junit2555043834293207400/scm-meta/scm/sub-ca/certs/CA-1.crt.
2023-08-04 02:32:43,325 [Time-limited test] INFO  client.SCMCertificateClient (DefaultCertificateClient.java:readCertificateFile(236)) - Added certificate   [0]         Version: 3
         SerialNumber: 1409920277851
             IssuerDN: CN=scm-1@fv-az621-180,OU=4a0609c3-2b63-4fc0-8bb2-35c3ff6dc1a4,O=ceffd943-88ff-4d49-a306-26d36cdbcfdc
           Start Date: Fri Aug 04 02:32:42 UTC 2023
           Final Date: Mon Sep 11 02:32:42 UTC 2028
            SubjectDN: CN=scm-sub-1409879543176@fv-az621-180,OU=4a0609c3-2b63-4fc0-8bb2-35c3ff6dc1a4,O=ceffd943-88ff-4d49-a306-26d36cdbcfdc
           Public Key: RSA Public Key [2d:6d:c1:b8:28:71:b7:9b:b4:41:7c:0f:8b:27:cb:23:45:c4:e1:13],[56:66:d1:a4]
        modulus: af7d8ee88cecfea18d5171bef1341d9191ccf966f1e571693cdcbd161afaad5ca7cbe895d286f2a3af00f9e6340d7acb7f4ea04d444b7d8de10e2cca38dcc3ae9f43bd8eb14ddd62b532575f78c2ce3dceef033e5dddd4d0840916b8a9a8a1a7ffa189f045b4ad7fa36ed3e4be012581a21a28faf2f0e833884c5fa8d84e7b5acae583af196644c13fc59ba35101294c251cf93479d64107f44a63dd117fd0ba342665fde107e77ca6802d3e554fbdc5d645cacd0ca055b7d1597790b58f75a255712e9a85171299d8379e6af2130f21e72f60babffe0e68f91b40c913fc3c3d7ac5afa68c81c656fb87f3d074739e07a2e1004796bbb8f1a10e4ef16e67f0a5
public exponent: 10001

  Signature Algorithm: SHA256WITHRSA
            Signature: 0f98784c1373d051e0b44b65731346d0688132e4
                       3926f7317a0a97f71ba8b116a872414d92762059
                       19858e82f9409c41516704dbb6f96debcb79a8a7
                       7bab5ff5461fb57a458575a962a79af59217a03b
                       bd926c99418d772404e0d1d7cdcb28dbcd4b19cc
                       754b3f97f09035f8a41dad0719fd161b1cf65706
                       f804ac4bbfc4edd05d72b14977a116c5e5894288
                       c2ec649329da00d06f10e7b0cb411395ea7e92e0
                       0edc5bdb7631b46f426523810fbd21f4c17c20e4
                       d78ef793ffd8bc981159d844ebcb2d776a80c069
                       cae3623f86f54e3b698f9b18f9fb8b5252946f28
                       a69b28b3d9424352c3479a372de6176db62f6a9e
                       eb1ea1f4c117c9dfefe7501afc7249b4
       Extensions: 
                       critical(false) 2.5.29.17 value = Sequence
    Tagged [7] IMPLICIT 
        DER Octet String[4] 

                       critical(true) BasicConstraints: isCa(true)
                       critical(true) KeyUsage: 0xbe
 from file: /tmp/junit7680172869751049440/junit2555043834293207400/scm-meta/scm/sub-ca/certs/certificate.crt.
2023-08-04 02:32:43,326 [Time-limited test] INFO  client.SCMCertificateClient (DefaultCertificateClient.java:loadAllCertificates(190)) - CertificateRenewerService and root ca rotation polling is disabled for scm/sub-ca
2023-08-04 02:32:43,381 [Time-limited test] WARN  utils.HAUtils (HAUtils.java:getMetaDir(339)) - ozone.scm.db.dirs is not configured. We recommend adding this setting. Falling back to ozone.metadata.dirs instead.
2023-08-04 02:32:43,510 [Time-limited test] WARN  db.DBStoreBuilder (DBStoreBuilder.java:applyDBDefinition(166)) - ozone.scm.db.dirs is not configured. We recommend adding this setting. Falling back to ozone.metadata.dirs instead.
2023-08-04 02:32:43,722 [Time-limited test] INFO  net.NodeSchemaLoader (NodeSchemaLoader.java:loadSchemaFromFile(129)) - Loading schema from [jar:file:/home/runner/.m2/repository/org/apache/ozone/hdds-common/1.4.0-SNAPSHOT/hdds-common-1.4.0-SNAPSHOT.jar!/network-topology-default.xml]
2023-08-04 02:32:43,723 [Time-limited test] INFO  net.NodeSchemaLoader (NodeSchemaLoader.java:loadSchema(176)) - Loading network topology layer schema file
2023-08-04 02:32:43,763 [Time-limited test] INFO  metrics.MetricRegistries (MetricRegistriesLoader.java:load(64)) - Loaded MetricRegistries class org.apache.ratis.metrics.impl.MetricRegistriesImpl
2023-08-04 02:32:43,776 [Time-limited test] INFO  upgrade.AbstractLayoutVersionManager (AbstractLayoutVersionManager.java:init(83)) - Initializing Layout version manager with metadata layout = HADOOP_PRC_PORTS_IN_DATANODEDETAILS (version = 7), software layout = HADOOP_PRC_PORTS_IN_DATANODEDETAILS (version = 7)
2023-08-04 02:32:43,891 [Time-limited test] INFO  ha.SequenceIdGenerator (SequenceIdGenerator.java:upgradeToSequenceId(365)) - upgrade localId to 111677748019200000
2023-08-04 02:32:43,892 [Time-limited test] INFO  ha.SequenceIdGenerator (SequenceIdGenerator.java:upgradeToSequenceId(375)) - upgrade delTxnId to 0
2023-08-04 02:32:43,897 [Time-limited test] INFO  ha.SequenceIdGenerator (SequenceIdGenerator.java:upgradeToSequenceId(392)) - upgrade containerId to 0
2023-08-04 02:32:43,899 [Time-limited test] INFO  ha.SequenceIdGenerator (SequenceIdGenerator.java:upgradeToSequenceId(428)) - upgrade rootCertificateId to 1
2023-08-04 02:32:43,901 [Time-limited test] INFO  ha.SequenceIdGenerator (SequenceIdGenerator.java:<init>(236)) - Init the HA SequenceIdGenerator.
2023-08-04 02:32:43,954 [Time-limited test] INFO  node.SCMNodeManager (SCMNodeManager.java:<init>(157)) - Entering startup safe mode.
2023-08-04 02:32:43,969 [Time-limited test] INFO  algorithms.ContainerPlacementPolicyFactory (ContainerPlacementPolicyFactory.java:getPolicyInternal(86)) - Create container placement policy of type org.apache.hadoop.hdds.scm.container.placement.algorithms.SCMContainerPlacementRackAware
2023-08-04 02:32:43,972 [Time-limited test] INFO  algorithms.ContainerPlacementPolicyFactory (ContainerPlacementPolicyFactory.java:getPolicyInternal(86)) - Create container placement policy of type org.apache.hadoop.hdds.scm.container.placement.algorithms.SCMContainerPlacementRackScatter
2023-08-04 02:32:43,980 [Time-limited test] INFO  pipeline.PipelineStateManagerImpl (PipelineStateManagerImpl.java:initialize(78)) - No pipeline exists in current db
2023-08-04 02:32:43,992 [Time-limited test] INFO  algorithms.LeaderChoosePolicyFactory (LeaderChoosePolicyFactory.java:getPolicy(57)) - Create leader choose policy of type org.apache.hadoop.hdds.scm.pipeline.leader.choose.algorithms.MinLeaderCountChoosePolicy
2023-08-04 02:32:43,992 [Time-limited test] INFO  algorithms.ContainerPlacementPolicyFactory (ContainerPlacementPolicyFactory.java:getPolicyInternal(86)) - Create container placement policy of type org.apache.hadoop.hdds.scm.container.placement.algorithms.SCMContainerPlacementRackScatter
2023-08-04 02:32:43,998 [Time-limited test] INFO  ha.SCMServiceManager (SCMServiceManager.java:register(42)) - Registering service BackgroundPipelineCreator.
2023-08-04 02:32:43,998 [Time-limited test] INFO  pipeline.BackgroundPipelineCreator (BackgroundPipelineCreator.java:start(124)) - Starting RatisPipelineUtilsThread.
2023-08-04 02:32:44,001 [Time-limited test] INFO  BackgroundPipelineScrubber (BackgroundSCMService.java:start(68)) - Starting BackgroundPipelineScrubber Service.
2023-08-04 02:32:44,005 [Time-limited test] INFO  ha.SCMServiceManager (SCMServiceManager.java:register(42)) - Registering service BackgroundPipelineScrubber.
2023-08-04 02:32:44,011 [Time-limited test] INFO  ExpiredContainerReplicaOpScrubber (BackgroundSCMService.java:start(68)) - Starting ExpiredContainerReplicaOpScrubber Service.
2023-08-04 02:32:44,016 [Time-limited test] INFO  ha.SCMServiceManager (SCMServiceManager.java:register(42)) - Registering service ExpiredContainerReplicaOpScrubber.
2023-08-04 02:32:44,037 [Time-limited test] INFO  algorithms.PipelineChoosePolicyFactory (PipelineChoosePolicyFactory.java:createPipelineChoosePolicyFromClass(78)) - Create pipeline choose policy of type org.apache.hadoop.hdds.scm.pipeline.choose.algorithms.RandomPipelineChoosePolicy
2023-08-04 02:32:44,038 [Time-limited test] INFO  algorithms.PipelineChoosePolicyFactory (PipelineChoosePolicyFactory.java:createPipelineChoosePolicyFromClass(78)) - Create pipeline choose policy of type org.apache.hadoop.hdds.scm.pipeline.choose.algorithms.RandomPipelineChoosePolicy
2023-08-04 02:32:44,046 [Time-limited test] WARN  util.MBeans (MBeans.java:register(111)) - Failed to register MBean "Hadoop:service=BlockManager,name=BlockManagerImpl"
javax.management.NotCompliantMBeanException: MBean class org.apache.hadoop.hdds.scm.block.BlockManagerImpl does not implement DynamicMBean, and neither follows the Standard MBean conventions (javax.management.NotCompliantMBeanException: Class org.apache.hadoop.hdds.scm.block.BlockManagerImpl is not a JMX compliant Standard MBean) nor the MXBean conventions (javax.management.NotCompliantMBeanException: org.apache.hadoop.hdds.scm.block.BlockManagerImpl: Class org.apache.hadoop.hdds.scm.block.BlockManagerImpl is not a JMX compliant MXBean)
	at com.sun.jmx.mbeanserver.Introspector.checkCompliance(Introspector.java:176)
	at com.sun.jmx.interceptor.DefaultMBeanServerInterceptor.registerMBean(DefaultMBeanServerInterceptor.java:317)
	at com.sun.jmx.mbeanserver.JmxMBeanServer.registerMBean(JmxMBeanServer.java:522)
	at org.apache.hadoop.metrics2.util.MBeans.register(MBeans.java:100)
	at org.apache.hadoop.metrics2.util.MBeans.register(MBeans.java:73)
	at org.apache.hadoop.hdds.scm.block.BlockManagerImpl.<init>(BlockManagerImpl.java:94)
	at org.apache.hadoop.hdds.scm.server.StorageContainerManager.initializeSystemManagers(StorageContainerManager.java:786)
	at org.apache.hadoop.hdds.scm.server.StorageContainerManager.<init>(StorageContainerManager.java:400)
	at org.apache.hadoop.hdds.scm.server.StorageContainerManager.createSCM(StorageContainerManager.java:597)
	at org.apache.hadoop.hdds.scm.HddsTestUtils.getScmSimple(HddsTestUtils.java:604)
	at org.apache.hadoop.hdds.scm.HddsTestUtils.getScmSimple(HddsTestUtils.java:589)
	at org.apache.hadoop.ozone.TestSecureOzoneCluster.testSCMSecurityProtocol(TestSecureOzoneCluster.java:373)
	at sun.reflect.NativeMethodAccessorImpl.invoke0(Native Method)
	at sun.reflect.NativeMethodAccessorImpl.invoke(NativeMethodAccessorImpl.java:62)
	at sun.reflect.DelegatingMethodAccessorImpl.invoke(DelegatingMethodAccessorImpl.java:43)
	at java.lang.reflect.Method.invoke(Method.java:498)
	at org.junit.runners.model.FrameworkMethod$1.runReflectiveCall(FrameworkMethod.java:59)
	at org.junit.internal.runners.model.ReflectiveCallable.run(ReflectiveCallable.java:12)
	at org.junit.runners.model.FrameworkMethod.invokeExplosively(FrameworkMethod.java:56)
	at org.junit.internal.runners.statements.InvokeMethod.evaluate(InvokeMethod.java:17)
	at org.junit.internal.runners.statements.RunBefores.evaluate(RunBefores.java:26)
	at org.junit.internal.runners.statements.RunAfters.evaluate(RunAfters.java:27)
	at org.junit.rules.ExternalResource$1.evaluate(ExternalResource.java:54)
	at org.junit.internal.runners.statements.FailOnTimeout$CallableStatement.call(FailOnTimeout.java:288)
	at org.junit.internal.runners.statements.FailOnTimeout$CallableStatement.call(FailOnTimeout.java:282)
	at java.util.concurrent.FutureTask.run(FutureTask.java:266)
	at java.lang.Thread.run(Thread.java:750)
2023-08-04 02:32:44,057 [Time-limited test] INFO  ha.SCMServiceManager (SCMServiceManager.java:register(42)) - Registering service SCMBlockDeletingService.
2023-08-04 02:32:44,126 [Time-limited test] INFO  replication.ReplicationManager (ReplicationManager.java:start(287)) - Starting Replication Monitor Thread.
2023-08-04 02:32:44,127 [Time-limited test] INFO  ha.SCMServiceManager (SCMServiceManager.java:register(42)) - Registering service ReplicationManager.
2023-08-04 02:32:44,133 [ReplicationMonitor] INFO  replication.ReplicationManager (ReplicationManager.java:processAll(361)) - Replication Manager is not ready to run until 300000ms after safemode exit
2023-08-04 02:32:44,143 [Time-limited test] INFO  safemode.ContainerSafeModeRule (ContainerSafeModeRule.java:<init>(89)) - containers with one replica threshold count 0
2023-08-04 02:32:44,146 [Time-limited test] INFO  safemode.HealthyPipelineSafeModeRule (HealthyPipelineSafeModeRule.java:initializeRule(169)) - Total pipeline count is 0, healthy pipeline threshold count is 0
2023-08-04 02:32:44,149 [Time-limited test] INFO  safemode.OneReplicaPipelineSafeModeRule (OneReplicaPipelineSafeModeRule.java:initializeRule(180)) - Total pipeline count is 0, pipeline's with at least one datanode reported threshold count is 0
2023-08-04 02:32:44,175 [Time-limited test] INFO  authority.DefaultCAServer (DefaultCAServer.java:lambda$processVerificationStatus$0(472)) - CertificateServer validation is successful
2023-08-04 02:32:44,177 [Time-limited test] INFO  authority.DefaultCAServer (DefaultCAServer.java:lambda$processVerificationStatus$0(472)) - CertificateServer validation is successful
2023-08-04 02:32:44,178 [Time-limited test] INFO  server.StorageContainerManager (StorageContainerManager.java:persistPrimarySCMCerts(931)) - Storing sub-ca certificate serialId 1409920277851 on primary SCM
2023-08-04 02:32:44,194 [Time-limited test] INFO  server.SCMCertStore (SCMCertStore.java:storeValidScmCertificate(121)) - Scm certificate 1409920277851 for CN=scm-sub-1409879543176@fv-az621-180,OU=4a0609c3-2b63-4fc0-8bb2-35c3ff6dc1a4,O=ceffd943-88ff-4d49-a306-26d36cdbcfdc is stored
2023-08-04 02:32:44,194 [Time-limited test] INFO  server.StorageContainerManager (StorageContainerManager.java:persistPrimarySCMCerts(939)) - Storing root certificate serialId 1
2023-08-04 02:32:44,198 [Time-limited test] INFO  server.SCMCertStore (SCMCertStore.java:storeValidScmCertificate(121)) - Scm certificate 1 for CN=scm-1@fv-az621-180,OU=4a0609c3-2b63-4fc0-8bb2-35c3ff6dc1a4,O=ceffd943-88ff-4d49-a306-26d36cdbcfdc is stored
2023-08-04 02:32:44,222 [Time-limited test] INFO  ipc.CallQueueManager (CallQueueManager.java:<init>(90)) - Using callQueue: class java.util.concurrent.LinkedBlockingQueue, queueCapacity: 200, scheduler: class org.apache.hadoop.ipc.DefaultRpcScheduler, ipcBackoff: false.
2023-08-04 02:32:44,262 [Time-limited test] INFO  ipc.Server (Server.java:<init>(1287)) - Listener at 0.0.0.0:9961
2023-08-04 02:32:44,267 [Socket Reader #1 for port 9961] INFO  ipc.Server (Server.java:run(1323)) - Starting Socket Reader #1 for port 9961
2023-08-04 02:32:44,328 [Time-limited test] INFO  server.StorageContainerManager (StorageContainerManager.java:<init>(424)) - SCM start with adminUsers: [runner, scm]
2023-08-04 02:32:44,356 [Time-limited test] INFO  audit.AuditLogger (AuditLogger.java:refreshDebugCmdSet(126)) - Refresh DebugCmdSet for SCMAudit to [].
2023-08-04 02:32:44,362 [Time-limited test] INFO  ipc.CallQueueManager (CallQueueManager.java:<init>(90)) - Using callQueue: class java.util.concurrent.LinkedBlockingQueue, queueCapacity: 10000, scheduler: class org.apache.hadoop.ipc.DefaultRpcScheduler, ipcBackoff: false.
2023-08-04 02:32:44,362 [Time-limited test] INFO  ipc.Server (Server.java:<init>(1287)) - Listener at 0.0.0.0:9861
2023-08-04 02:32:44,363 [Socket Reader #1 for port 9861] INFO  ipc.Server (Server.java:run(1323)) - Starting Socket Reader #1 for port 9861
2023-08-04 02:32:44,405 [Time-limited test] INFO  audit.AuditLogger (AuditLogger.java:refreshDebugCmdSet(126)) - Refresh DebugCmdSet for SCMAudit to [].
2023-08-04 02:32:44,411 [Time-limited test] INFO  ipc.CallQueueManager (CallQueueManager.java:<init>(90)) - Using callQueue: class java.util.concurrent.LinkedBlockingQueue, queueCapacity: 10000, scheduler: class org.apache.hadoop.ipc.DefaultRpcScheduler, ipcBackoff: false.
2023-08-04 02:32:44,412 [Time-limited test] INFO  ipc.Server (Server.java:<init>(1287)) - Listener at 0.0.0.0:9863
2023-08-04 02:32:44,412 [Socket Reader #1 for port 9863] INFO  ipc.Server (Server.java:run(1323)) - Starting Socket Reader #1 for port 9863
2023-08-04 02:32:44,450 [Time-limited test] INFO  audit.AuditLogger (AuditLogger.java:refreshDebugCmdSet(126)) - Refresh DebugCmdSet for SCMAudit to [].
2023-08-04 02:32:44,461 [Time-limited test] INFO  ipc.CallQueueManager (CallQueueManager.java:<init>(90)) - Using callQueue: class java.util.concurrent.LinkedBlockingQueue, queueCapacity: 10000, scheduler: class org.apache.hadoop.ipc.DefaultRpcScheduler, ipcBackoff: false.
2023-08-04 02:32:44,461 [Time-limited test] INFO  ipc.Server (Server.java:<init>(1287)) - Listener at 0.0.0.0:9860
2023-08-04 02:32:44,461 [Socket Reader #1 for port 9860] INFO  ipc.Server (Server.java:run(1323)) - Starting Socket Reader #1 for port 9860
2023-08-04 02:32:44,522 [Time-limited test] INFO  ha.SCMServiceManager (SCMServiceManager.java:register(42)) - Registering service ContainerBalancer.
2023-08-04 02:32:44,523 [Time-limited test] INFO  server.StorageContainerManager (StorageContainerManager.java:<init>(437)) - 
Container Balancer status:
Key                            Value
Running                        false
Container Balancer Configuration values:
Key                                                Value
Threshold                                          10
Max Datanodes to Involve per Iteration(percent)    20
Max Size to Move per Iteration                     500GB
Max Size Entering Target per Iteration             26GB
Max Size Leaving Source per Iteration              26GB

2023-08-04 02:32:44,523 [Time-limited test] INFO  ha.SCMContext (SCMContext.java:updateSafeModeStatus(228)) - Update SafeModeStatus from SafeModeStatus{safeModeStatus=true, preCheckPassed=false} to SafeModeStatus{safeModeStatus=true, preCheckPassed=false}.
2023-08-04 02:32:44,526 [Time-limited test] INFO  server.StorageContainerManager (StorageContainerManager.java:start(1491)) - StorageContainerLocationProtocol RPC server is listening at /0.0.0.0:9860
2023-08-04 02:32:44,590 [Time-limited test] WARN  impl.MetricsConfig (MetricsConfig.java:loadFirst(136)) - Cannot locate configuration: tried hadoop-metrics2-storagecontainermanager.properties,hadoop-metrics2.properties
2023-08-04 02:32:44,603 [Time-limited test] INFO  impl.MetricsSystemImpl (MetricsSystemImpl.java:startTimer(378)) - Scheduled Metric snapshot period at 10 second(s).
2023-08-04 02:32:44,603 [Time-limited test] INFO  impl.MetricsSystemImpl (MetricsSystemImpl.java:start(191)) - StorageContainerManager metrics system started
2023-08-04 02:32:44,661 [Time-limited test] INFO  server.SCMClientProtocolServer (SCMClientProtocolServer.java:start(200)) - RPC server for Client  is listening at /0.0.0.0:9860
2023-08-04 02:32:44,662 [IPC Server Responder] INFO  ipc.Server (Server.java:run(1562)) - IPC Server Responder: starting
2023-08-04 02:32:44,679 [Time-limited test] INFO  server.StorageContainerManager (StorageContainerManager.java:start(1504)) - ScmBlockLocationProtocol RPC server is listening at /0.0.0.0:9863
2023-08-04 02:32:44,666 [IPC Server listener on 9860] INFO  ipc.Server (Server.java:run(1402)) - IPC Server listener on 9860: starting
2023-08-04 02:32:44,682 [Time-limited test] INFO  server.SCMBlockProtocolServer (SCMBlockProtocolServer.java:start(152)) - RPC server for Block Protocol is listening at /0.0.0.0:9863
2023-08-04 02:32:44,682 [IPC Server Responder] INFO  ipc.Server (Server.java:run(1562)) - IPC Server Responder: starting
2023-08-04 02:32:44,682 [IPC Server listener on 9863] INFO  ipc.Server (Server.java:run(1402)) - IPC Server listener on 9863: starting
2023-08-04 02:32:44,724 [Time-limited test] INFO  server.SCMDatanodeProtocolServer (SCMDatanodeProtocolServer.java:start(193)) - ScmDatanodeProtocol RPC server for DataNodes is listening at /0.0.0.0:9861
2023-08-04 02:32:44,724 [IPC Server Responder] INFO  ipc.Server (Server.java:run(1562)) - IPC Server Responder: starting
2023-08-04 02:32:44,725 [IPC Server listener on 9861] INFO  ipc.Server (Server.java:run(1402)) - IPC Server listener on 9861: starting
2023-08-04 02:32:44,735 [Time-limited test] INFO  server.SCMSecurityProtocolServer (SCMSecurityProtocolServer.java:start(544)) - Starting RPC server for SCMSecurityProtocolServer. is listening at /0.0.0.0:9961
2023-08-04 02:32:44,737 [IPC Server Responder] INFO  ipc.Server (Server.java:run(1562)) - IPC Server Responder: starting
2023-08-04 02:32:44,743 [IPC Server listener on 9961] INFO  ipc.Server (Server.java:run(1402)) - IPC Server listener on 9961: starting
2023-08-04 02:32:44,743 [Time-limited test] INFO  server.SCMUpdateServiceGrpcServer (SCMUpdateServiceGrpcServer.java:start(58)) - SCMUpdateService starting
2023-08-04 02:32:45,000 [JvmPauseMonitor0] INFO  util.JvmPauseMonitor (JvmPauseMonitor.java:run(103)) - JvmPauseMonitor-4a0609c3-2b63-4fc0-8bb2-35c3ff6dc1a4: Started
2023-08-04 02:32:45,005 [Time-limited test] INFO  http.BaseHttpServer (BaseHttpServer.java:newHttpServer2BuilderForOzone(224)) - Starting Web-server for scm at: http://0.0.0.0:9876
2023-08-04 02:32:45,006 [Time-limited test] INFO  http.BaseHttpServer (BaseHttpServer.java:<init>(111)) - Hadoop Security Enabled: true Ozone Security Enabled: true Ozone HTTP Security Enabled: false 
2023-08-04 02:32:45,031 [Time-limited test] INFO  util.log (Log.java:initialized(170)) - Logging initialized @6208ms to org.eclipse.jetty.util.log.Slf4jLog
2023-08-04 02:32:45,122 [Time-limited test] WARN  server.AuthenticationFilter (AuthenticationFilter.java:constructSecretProvider(240)) - Unable to initialize FileSignerSecretProvider, falling back to use random secrets. Reason: Could not read signature secret file: /home/runner/hadoop-http-auth-signature-secret
2023-08-04 02:32:45,129 [Time-limited test] INFO  http.HttpRequestLog (HttpRequestLog.java:getRequestLog(86)) - Http request log for http.requests.scm is not defined
2023-08-04 02:32:45,135 [Time-limited test] INFO  http.HttpServer2 (HttpServer2.java:addGlobalFilter(1031)) - Added global filter 'safety' (class=org.apache.hadoop.hdds.server.http.HttpServer2$QuotingInputFilter)
2023-08-04 02:32:45,137 [Time-limited test] INFO  http.HttpServer2 (HttpServer2.java:addFilter(1007)) - Added filter static_user_filter (class=org.apache.hadoop.http.lib.StaticUserWebFilter$StaticUserFilter) to context scm
2023-08-04 02:32:45,137 [Time-limited test] INFO  http.HttpServer2 (HttpServer2.java:addFilter(1015)) - Added filter static_user_filter (class=org.apache.hadoop.http.lib.StaticUserWebFilter$StaticUserFilter) to context static
2023-08-04 02:32:45,138 [Time-limited test] INFO  http.HttpServer2 (HttpServer2.java:addFilter(1015)) - Added filter static_user_filter (class=org.apache.hadoop.http.lib.StaticUserWebFilter$StaticUserFilter) to context logs
2023-08-04 02:32:45,170 [Time-limited test] INFO  http.BaseHttpServer (BaseHttpServer.java:<init>(190)) - HTTP server of scm uses base directory /tmp/junit7680172869751049440/junit2555043834293207400/scm-meta/webserver
2023-08-04 02:32:45,171 [Time-limited test] INFO  http.HttpServer2 (HttpServer2.java:bindListener(1250)) - Jetty bound to port 9876
2023-08-04 02:32:45,172 [Time-limited test] INFO  server.Server (Server.java:doStart(375)) - jetty-9.4.51.v20230217; built: 2023-02-17T08:19:37.309Z; git: b45c405e4544384de066f814ed42ae3dceacdd49; jvm 1.8.0_372-b07
2023-08-04 02:32:45,199 [Time-limited test] INFO  server.session (DefaultSessionIdManager.java:doStart(334)) - DefaultSessionIdManager workerName=node0
2023-08-04 02:32:45,199 [Time-limited test] INFO  server.session (DefaultSessionIdManager.java:doStart(339)) - No SessionScavenger set, using defaults
2023-08-04 02:32:45,201 [Time-limited test] INFO  server.session (HouseKeeper.java:startScavenging(132)) - node0 Scavenging every 660000ms
2023-08-04 02:32:45,213 [Time-limited test] INFO  handler.ContextHandler (ContextHandler.java:doStart(921)) - Started o.e.j.s.ServletContextHandler@3f602e8c{logs,/logs,file:///home/runner/work/ozone/ozone/hadoop-ozone/integration-test/target/log,AVAILABLE}
2023-08-04 02:32:45,213 [Time-limited test] INFO  handler.ContextHandler (ContextHandler.java:doStart(921)) - Started o.e.j.s.ServletContextHandler@6ce24a29{static,/static,file:///home/runner/work/ozone/ozone/hadoop-ozone/integration-test/target/test-classes/webapps/static,AVAILABLE}
2023-08-04 02:32:45,249 [Time-limited test] INFO  handler.ContextHandler (ContextHandler.java:doStart(921)) - Started o.e.j.w.WebAppContext@1053129{scm,/,file:///home/runner/work/ozone/ozone/hadoop-ozone/integration-test/target/test-classes/webapps/scm/,AVAILABLE}{file:/home/runner/work/ozone/ozone/hadoop-ozone/integration-test/target/test-classes/webapps/scm}
2023-08-04 02:32:45,259 [Time-limited test] INFO  server.AbstractConnector (AbstractConnector.java:doStart(333)) - Started ServerConnector@6e07e1fe{HTTP/1.1, (http/1.1)}{0.0.0.0:9876}
2023-08-04 02:32:45,259 [Time-limited test] INFO  server.Server (Server.java:doStart(415)) - Started @6437ms
2023-08-04 02:32:45,265 [Time-limited test] INFO  impl.MetricsSinkAdapter (MetricsSinkAdapter.java:start(204)) - Sink prometheus started
2023-08-04 02:32:45,265 [Time-limited test] INFO  impl.MetricsSystemImpl (MetricsSystemImpl.java:registerSink(305)) - Registered sink prometheus
2023-08-04 02:32:45,266 [Time-limited test] INFO  http.BaseHttpServer (BaseHttpServer.java:updateConnectorAddress(344)) - HTTP server of scm listening at http://0.0.0.0:9876
2023-08-04 02:32:45,272 [pool-2-thread-1] INFO  request.KdcRequest (KdcRequest.java:preauth(651)) - The preauth data is empty.
2023-08-04 02:32:45,272 [pool-2-thread-1] INFO  server.KdcHandler (KdcHandler.java:handleRecoverableException(177)) - KRB error occurred while processing request:Additional pre-authentication required
2023-08-04 02:32:45,278 [pool-2-thread-1] INFO  request.AsRequest (AsRequest.java:issueTicket(112)) - AS_REQ ISSUE: authtime 1691116365278,test@EXAMPLE.COM for krbtgt/EXAMPLE.COM@EXAMPLE.COM
2023-08-04 02:32:45,378 [pool-2-thread-1] INFO  request.TgsRequest (TgsRequest.java:issueTicket(115)) - TGS_REQ ISSUE: authtime 1691116365377,test for scm/fv-az621-180@EXAMPLE.COM
2023-08-04 02:32:45,395 [Socket Reader #1 for port 9961] INFO  ipc.Server (Server.java:saslProcess(2139)) - Auth successful for test@EXAMPLE.COM (auth:KERBEROS) from fv-az621-180:44654 / 10.1.0.9:44654
2023-08-04 02:32:45,492 [IPC Server handler 1 on default port 9961] INFO  server.SCMSecurityProtocolServer (SCMSecurityProtocolServer.java:getCertificate(420)) - Certificate with serial id 100 not found.
2023-08-04 02:32:45,500 [Time-limited test] WARN  ipc.Client (Client.java:run(733)) - Exception encountered while connecting to the server 0.0.0.0/0.0.0.0:9961
org.apache.hadoop.security.AccessControlException: Client cannot authenticate via:[KERBEROS]
	at org.apache.hadoop.security.SaslRpcClient.selectSaslClient(SaslRpcClient.java:179)
	at org.apache.hadoop.security.SaslRpcClient.saslConnect(SaslRpcClient.java:392)
	at org.apache.hadoop.ipc.Client$Connection.setupSaslConnection(Client.java:561)
	at org.apache.hadoop.ipc.Client$Connection.access$2100(Client.java:347)
	at org.apache.hadoop.ipc.Client$Connection$2.run(Client.java:783)
	at org.apache.hadoop.ipc.Client$Connection$2.run(Client.java:779)
	at java.security.AccessController.doPrivileged(Native Method)
	at javax.security.auth.Subject.doAs(Subject.java:422)
	at org.apache.hadoop.security.UserGroupInformation.doAs(UserGroupInformation.java:1899)
	at org.apache.hadoop.ipc.Client$Connection.setupIOstreams(Client.java:779)
	at org.apache.hadoop.ipc.Client$Connection.access$3800(Client.java:347)
	at org.apache.hadoop.ipc.Client.getConnection(Client.java:1632)
	at org.apache.hadoop.ipc.Client.call(Client.java:1457)
	at org.apache.hadoop.ipc.Client.call(Client.java:1410)
	at org.apache.hadoop.ipc.ProtobufRpcEngine$Invoker.invoke(ProtobufRpcEngine.java:250)
	at org.apache.hadoop.ipc.ProtobufRpcEngine$Invoker.invoke(ProtobufRpcEngine.java:132)
	at com.sun.proxy.$Proxy26.submitRequest(Unknown Source)
	at sun.reflect.NativeMethodAccessorImpl.invoke0(Native Method)
	at sun.reflect.NativeMethodAccessorImpl.invoke(NativeMethodAccessorImpl.java:62)
	at sun.reflect.DelegatingMethodAccessorImpl.invoke(DelegatingMethodAccessorImpl.java:43)
	at java.lang.reflect.Method.invoke(Method.java:498)
	at org.apache.hadoop.io.retry.RetryInvocationHandler.invokeMethod(RetryInvocationHandler.java:433)
	at org.apache.hadoop.io.retry.RetryInvocationHandler$Call.invokeMethod(RetryInvocationHandler.java:166)
	at org.apache.hadoop.io.retry.RetryInvocationHandler$Call.invoke(RetryInvocationHandler.java:158)
	at org.apache.hadoop.io.retry.RetryInvocationHandler$Call.invokeOnce(RetryInvocationHandler.java:96)
	at org.apache.hadoop.io.retry.RetryInvocationHandler.invoke(RetryInvocationHandler.java:362)
	at com.sun.proxy.$Proxy26.submitRequest(Unknown Source)
	at org.apache.hadoop.hdds.protocolPB.SCMSecurityProtocolClientSideTranslatorPB.submitRequest(SCMSecurityProtocolClientSideTranslatorPB.java:102)
	at org.apache.hadoop.hdds.protocolPB.SCMSecurityProtocolClientSideTranslatorPB.getCACert(SCMSecurityProtocolClientSideTranslatorPB.java:332)
	at org.apache.hadoop.hdds.protocolPB.SCMSecurityProtocolClientSideTranslatorPB.getCACertificate(SCMSecurityProtocolClientSideTranslatorPB.java:326)
	at org.apache.ozone.test.LambdaTestUtils.intercept(LambdaTestUtils.java:491)
	at org.apache.ozone.test.LambdaTestUtils.intercept(LambdaTestUtils.java:377)
	at org.apache.ozone.test.LambdaTestUtils.intercept(LambdaTestUtils.java:446)
	at org.apache.hadoop.ozone.TestSecureOzoneCluster.testSCMSecurityProtocol(TestSecureOzoneCluster.java:403)
	at sun.reflect.NativeMethodAccessorImpl.invoke0(Native Method)
	at sun.reflect.NativeMethodAccessorImpl.invoke(NativeMethodAccessorImpl.java:62)
	at sun.reflect.DelegatingMethodAccessorImpl.invoke(DelegatingMethodAccessorImpl.java:43)
	at java.lang.reflect.Method.invoke(Method.java:498)
	at org.junit.runners.model.FrameworkMethod$1.runReflectiveCall(FrameworkMethod.java:59)
	at org.junit.internal.runners.model.ReflectiveCallable.run(ReflectiveCallable.java:12)
	at org.junit.runners.model.FrameworkMethod.invokeExplosively(FrameworkMethod.java:56)
	at org.junit.internal.runners.statements.InvokeMethod.evaluate(InvokeMethod.java:17)
	at org.junit.internal.runners.statements.RunBefores.evaluate(RunBefores.java:26)
	at org.junit.internal.runners.statements.RunAfters.evaluate(RunAfters.java:27)
	at org.junit.rules.ExternalResource$1.evaluate(ExternalResource.java:54)
	at org.junit.internal.runners.statements.FailOnTimeout$CallableStatement.call(FailOnTimeout.java:288)
	at org.junit.internal.runners.statements.FailOnTimeout$CallableStatement.call(FailOnTimeout.java:282)
	at java.util.concurrent.FutureTask.run(FutureTask.java:266)
	at java.lang.Thread.run(Thread.java:750)
2023-08-04 02:32:45,507 [Time-limited test] WARN  ipc.Client (Client.java:run(733)) - Exception encountered while connecting to the server 0.0.0.0/0.0.0.0:9961
org.apache.hadoop.security.AccessControlException: Client cannot authenticate via:[KERBEROS]
	at org.apache.hadoop.security.SaslRpcClient.selectSaslClient(SaslRpcClient.java:179)
	at org.apache.hadoop.security.SaslRpcClient.saslConnect(SaslRpcClient.java:392)
	at org.apache.hadoop.ipc.Client$Connection.setupSaslConnection(Client.java:561)
	at org.apache.hadoop.ipc.Client$Connection.access$2100(Client.java:347)
	at org.apache.hadoop.ipc.Client$Connection$2.run(Client.java:783)
	at org.apache.hadoop.ipc.Client$Connection$2.run(Client.java:779)
	at java.security.AccessController.doPrivileged(Native Method)
	at javax.security.auth.Subject.doAs(Subject.java:422)
	at org.apache.hadoop.security.UserGroupInformation.doAs(UserGroupInformation.java:1899)
	at org.apache.hadoop.ipc.Client$Connection.setupIOstreams(Client.java:779)
	at org.apache.hadoop.ipc.Client$Connection.access$3800(Client.java:347)
	at org.apache.hadoop.ipc.Client.getConnection(Client.java:1632)
	at org.apache.hadoop.ipc.Client.call(Client.java:1457)
	at org.apache.hadoop.ipc.Client.call(Client.java:1410)
	at org.apache.hadoop.ipc.ProtobufRpcEngine$Invoker.invoke(ProtobufRpcEngine.java:250)
	at org.apache.hadoop.ipc.ProtobufRpcEngine$Invoker.invoke(ProtobufRpcEngine.java:132)
	at com.sun.proxy.$Proxy26.submitRequest(Unknown Source)
	at sun.reflect.NativeMethodAccessorImpl.invoke0(Native Method)
	at sun.reflect.NativeMethodAccessorImpl.invoke(NativeMethodAccessorImpl.java:62)
	at sun.reflect.DelegatingMethodAccessorImpl.invoke(DelegatingMethodAccessorImpl.java:43)
	at java.lang.reflect.Method.invoke(Method.java:498)
	at org.apache.hadoop.io.retry.RetryInvocationHandler.invokeMethod(RetryInvocationHandler.java:433)
	at org.apache.hadoop.io.retry.RetryInvocationHandler$Call.invokeMethod(RetryInvocationHandler.java:166)
	at org.apache.hadoop.io.retry.RetryInvocationHandler$Call.invoke(RetryInvocationHandler.java:158)
	at org.apache.hadoop.io.retry.RetryInvocationHandler$Call.invokeOnce(RetryInvocationHandler.java:96)
	at org.apache.hadoop.io.retry.RetryInvocationHandler.invoke(RetryInvocationHandler.java:362)
	at com.sun.proxy.$Proxy26.submitRequest(Unknown Source)
	at org.apache.hadoop.hdds.protocolPB.SCMSecurityProtocolClientSideTranslatorPB.submitRequest(SCMSecurityProtocolClientSideTranslatorPB.java:102)
	at org.apache.hadoop.hdds.protocolPB.SCMSecurityProtocolClientSideTranslatorPB.getCertificate(SCMSecurityProtocolClientSideTranslatorPB.java:271)
	at org.apache.hadoop.ozone.TestSecureOzoneCluster.lambda$testSCMSecurityProtocol$1(TestSecureOzoneCluster.java:406)
	at org.apache.ozone.test.LambdaTestUtils.intercept(LambdaTestUtils.java:491)
	at org.apache.ozone.test.LambdaTestUtils.intercept(LambdaTestUtils.java:377)
	at org.apache.ozone.test.LambdaTestUtils.intercept(LambdaTestUtils.java:446)
	at org.apache.hadoop.ozone.TestSecureOzoneCluster.testSCMSecurityProtocol(TestSecureOzoneCluster.java:405)
	at sun.reflect.NativeMethodAccessorImpl.invoke0(Native Method)
	at sun.reflect.NativeMethodAccessorImpl.invoke(NativeMethodAccessorImpl.java:62)
	at sun.reflect.DelegatingMethodAccessorImpl.invoke(DelegatingMethodAccessorImpl.java:43)
	at java.lang.reflect.Method.invoke(Method.java:498)
	at org.junit.runners.model.FrameworkMethod$1.runReflectiveCall(FrameworkMethod.java:59)
	at org.junit.internal.runners.model.ReflectiveCallable.run(ReflectiveCallable.java:12)
	at org.junit.runners.model.FrameworkMethod.invokeExplosively(FrameworkMethod.java:56)
	at org.junit.internal.runners.statements.InvokeMethod.evaluate(InvokeMethod.java:17)
	at org.junit.internal.runners.statements.RunBefores.evaluate(RunBefores.java:26)
	at org.junit.internal.runners.statements.RunAfters.evaluate(RunAfters.java:27)
	at org.junit.rules.ExternalResource$1.evaluate(ExternalResource.java:54)
	at org.junit.internal.runners.statements.FailOnTimeout$CallableStatement.call(FailOnTimeout.java:288)
	at org.junit.internal.runners.statements.FailOnTimeout$CallableStatement.call(FailOnTimeout.java:282)
	at java.util.concurrent.FutureTask.run(FutureTask.java:266)
	at java.lang.Thread.run(Thread.java:750)
2023-08-04 02:32:45,508 [Time-limited test] INFO  server.StorageContainerManager (StorageContainerManager.java:stop(1592)) - Container Balancer is not running.
2023-08-04 02:32:45,508 [Time-limited test] INFO  server.StorageContainerManager (StorageContainerManager.java:stopReplicationManager(1725)) - Stopping Replication Manager Service.
2023-08-04 02:32:45,508 [Time-limited test] INFO  replication.ReplicationManager (ReplicationManager.java:stop(319)) - Stopping Replication Monitor Thread.
2023-08-04 02:32:45,508 [Under Replicated Processor] WARN  replication.UnhealthyReplicationProcessor (UnhealthyReplicationProcessor.java:run(180)) - Under Replicated Processor interrupted. Exiting...
2023-08-04 02:32:45,508 [ReplicationMonitor] INFO  replication.ReplicationManager (ReplicationManager.java:run(917)) - Replication Monitor Thread is stopped
2023-08-04 02:32:45,508 [Time-limited test] INFO  server.StorageContainerManager (StorageContainerManager.java:stop(1601)) - Stopping the Datanode Admin Monitor.
2023-08-04 02:32:45,508 [Over Replicated Processor] WARN  replication.UnhealthyReplicationProcessor (UnhealthyReplicationProcessor.java:run(180)) - Over Replicated Processor interrupted. Exiting...
2023-08-04 02:32:45,509 [Time-limited test] INFO  server.StorageContainerManager (StorageContainerManager.java:stop(1608)) - Stopping datanode service RPC server
2023-08-04 02:32:45,509 [Time-limited test] INFO  server.SCMDatanodeProtocolServer (SCMDatanodeProtocolServer.java:stop(424)) - Stopping the RPC server for DataNodes
2023-08-04 02:32:45,510 [Time-limited test] INFO  ipc.Server (Server.java:stop(3523)) - Stopping server on 9861
2023-08-04 02:32:45,516 [IPC Server listener on 9861] INFO  ipc.Server (Server.java:run(1434)) - Stopping IPC Server listener on 9861
2023-08-04 02:32:45,517 [IPC Server Responder] INFO  ipc.Server (Server.java:run(1567)) - Stopping IPC Server Responder
2023-08-04 02:32:46,957 [SCM Heartbeat Processing Thread - 0] WARN  node.NodeStateManager (NodeStateManager.java:scheduleNextHealthCheck(874)) - Current Thread is interrupted, shutting down HB processing thread for Node Manager.
2023-08-04 02:32:46,959 [Time-limited test] INFO  server.StorageContainerManager (StorageContainerManager.java:stop(1616)) - Stopping block service RPC server
2023-08-04 02:32:46,960 [Time-limited test] INFO  server.SCMBlockProtocolServer (SCMBlockProtocolServer.java:stop(161)) - Stopping the RPC server for Block Protocol
2023-08-04 02:32:46,960 [Time-limited test] INFO  ipc.Server (Server.java:stop(3523)) - Stopping server on 9863
2023-08-04 02:32:46,963 [IPC Server Responder] INFO  ipc.Server (Server.java:run(1567)) - Stopping IPC Server Responder
2023-08-04 02:32:46,963 [Time-limited test] INFO  server.StorageContainerManager (StorageContainerManager.java:stop(1623)) - Stopping the StorageContainerLocationProtocol RPC server
2023-08-04 02:32:46,964 [Time-limited test] INFO  server.SCMClientProtocolServer (SCMClientProtocolServer.java:stop(209)) - Stopping the RPC server for Client Protocol
2023-08-04 02:32:46,964 [Time-limited test] INFO  ipc.Server (Server.java:stop(3523)) - Stopping server on 9860
2023-08-04 02:32:46,966 [IPC Server listener on 9860] INFO  ipc.Server (Server.java:run(1434)) - Stopping IPC Server listener on 9860
2023-08-04 02:32:46,967 [IPC Server listener on 9863] INFO  ipc.Server (Server.java:run(1434)) - Stopping IPC Server listener on 9863
2023-08-04 02:32:46,973 [IPC Server Responder] INFO  ipc.Server (Server.java:run(1567)) - Stopping IPC Server Responder
2023-08-04 02:32:46,984 [Time-limited test] INFO  server.StorageContainerManager (StorageContainerManager.java:stop(1630)) - Stopping Storage Container Manager HTTP server.
2023-08-04 02:32:46,988 [Time-limited test] INFO  handler.ContextHandler (ContextHandler.java:doStop(1159)) - Stopped o.e.j.w.WebAppContext@1053129{scm,/,null,STOPPED}{file:/home/runner/work/ozone/ozone/hadoop-ozone/integration-test/target/test-classes/webapps/scm}
2023-08-04 02:32:46,991 [Time-limited test] INFO  server.AbstractConnector (AbstractConnector.java:doStop(383)) - Stopped ServerConnector@6e07e1fe{HTTP/1.1, (http/1.1)}{0.0.0.0:9876}
2023-08-04 02:32:46,991 [Time-limited test] INFO  server.session (HouseKeeper.java:stopScavenging(149)) - node0 Stopped scavenging
2023-08-04 02:32:46,991 [Time-limited test] INFO  handler.ContextHandler (ContextHandler.java:doStop(1159)) - Stopped o.e.j.s.ServletContextHandler@6ce24a29{static,/static,file:///home/runner/work/ozone/ozone/hadoop-ozone/integration-test/target/test-classes/webapps/static,STOPPED}
2023-08-04 02:32:46,991 [Time-limited test] INFO  handler.ContextHandler (ContextHandler.java:doStop(1159)) - Stopped o.e.j.s.ServletContextHandler@3f602e8c{logs,/logs,file:///home/runner/work/ozone/ozone/hadoop-ozone/integration-test/target/log,STOPPED}
2023-08-04 02:32:46,994 [Time-limited test] INFO  server.StorageContainerManager (StorageContainerManager.java:stop(1638)) - Stopping SCM LayoutVersionManager Service.
2023-08-04 02:32:46,995 [Time-limited test] INFO  server.SCMSecurityProtocolServer (SCMSecurityProtocolServer.java:stop(552)) - Stopping the SCMSecurityProtocolServer.
2023-08-04 02:32:46,995 [Time-limited test] INFO  ipc.Server (Server.java:stop(3523)) - Stopping server on 9961
2023-08-04 02:32:46,995 [IPC Server listener on 9961] INFO  ipc.Server (Server.java:run(1434)) - Stopping IPC Server listener on 9961
2023-08-04 02:32:46,996 [IPC Server Responder] INFO  ipc.Server (Server.java:run(1567)) - Stopping IPC Server Responder
2023-08-04 02:32:46,996 [Time-limited test] INFO  server.SCMUpdateServiceGrpcServer (SCMUpdateServiceGrpcServer.java:stop(73)) - SCMUpdateService stopping
2023-08-04 02:32:47,007 [Time-limited test] INFO  server.SCMUpdateServiceGrpcServer (SCMUpdateServiceGrpcServer.java:stop(85)) - SCMUpdateService stopped!
2023-08-04 02:32:47,008 [Time-limited test] INFO  server.StorageContainerManager (StorageContainerManager.java:stop(1650)) - Stopping Block Manager Service.
2023-08-04 02:32:47,008 [Time-limited test] INFO  utils.BackgroundService (BackgroundService.java:shutdown(141)) - Shutting down service SCMBlockDeletingService
2023-08-04 02:32:47,009 [Time-limited test] INFO  utils.BackgroundService (BackgroundService.java:shutdown(141)) - Shutting down service SCMBlockDeletingService
2023-08-04 02:32:47,009 [Time-limited test] INFO  server.StorageContainerManager (StorageContainerManager.java:stop(1670)) - Stopping SCM Event Queue.
2023-08-04 02:32:47,013 [JvmPauseMonitor0] INFO  util.JvmPauseMonitor (JvmPauseMonitor.java:run(109)) - JvmPauseMonitor-4a0609c3-2b63-4fc0-8bb2-35c3ff6dc1a4: Stopped
2023-08-04 02:32:47,013 [Time-limited test] INFO  server.StorageContainerManager (StorageContainerManager.java:stop(1681)) - Stopping SCM HA services.
2023-08-04 02:32:47,015 [Time-limited test] INFO  pipeline.BackgroundPipelineCreator (BackgroundPipelineCreator.java:stop(149)) - Stopping RatisPipelineUtilsThread.
2023-08-04 02:32:47,015 [RatisPipelineUtilsThread - 0] WARN  pipeline.BackgroundPipelineCreator (BackgroundPipelineCreator.java:run(180)) - RatisPipelineUtilsThread is interrupted.
2023-08-04 02:32:47,015 [Time-limited test] INFO  BackgroundPipelineScrubber (BackgroundSCMService.java:stop(131)) - Stopping BackgroundPipelineScrubber Service.
2023-08-04 02:32:47,015 [BackgroundPipelineScrubberThread] WARN  BackgroundPipelineScrubber (BackgroundSCMService.java:run(115)) - BackgroundPipelineScrubber is interrupted, exit
2023-08-04 02:32:47,018 [Time-limited test] INFO  impl.MetricsSystemImpl (MetricsSystemImpl.java:stop(210)) - Stopping StorageContainerManager metrics system...
2023-08-04 02:32:47,018 [prometheus] INFO  impl.MetricsSinkAdapter (MetricsSinkAdapter.java:publishMetricsFromQueue(141)) - prometheus thread interrupted.
2023-08-04 02:32:47,021 [Time-limited test] INFO  impl.MetricsSystemImpl (MetricsSystemImpl.java:stop(216)) - StorageContainerManager metrics system stopped.
2023-08-04 02:32:47,022 [Time-limited test] WARN  pipeline.BackgroundPipelineCreator (BackgroundPipelineCreator.java:stop(145)) - RatisPipelineUtilsThread is not running, just ignore.
2023-08-04 02:32:47,022 [Time-limited test] INFO  BackgroundPipelineScrubber (BackgroundSCMService.java:stop(126)) - BackgroundPipelineScrubber Service is not running, skip stop.
2023-08-04 02:32:47,022 [Time-limited test] INFO  ExpiredContainerReplicaOpScrubber (BackgroundSCMService.java:stop(131)) - Stopping ExpiredContainerReplicaOpScrubber Service.
2023-08-04 02:32:47,022 [ExpiredContainerReplicaOpScrubberThread] WARN  ExpiredContainerReplicaOpScrubber (BackgroundSCMService.java:run(115)) - ExpiredContainerReplicaOpScrubber is interrupted, exit
2023-08-04 02:32:47,026 [Time-limited test] INFO  utils.BackgroundService (BackgroundService.java:shutdown(141)) - Shutting down service SCMBlockDeletingService
2023-08-04 02:32:47,026 [Time-limited test] INFO  replication.ReplicationManager (ReplicationManager.java:stop(329)) - Replication Monitor Thread is not running.
2023-08-04 02:32:47,032 [Time-limited test] WARN  balancer.ContainerBalancer (ContainerBalancer.java:stop(326)) - Cannot stop Container Balancer because it's not running or stopping
2023-08-04 02:32:47,033 [Lease Manager-LeaseManager#LeaseMonitor] WARN  lease.LeaseManager (LeaseManager.java:run(272)) - Lease manager is interrupted. Shutting down...
java.lang.InterruptedException
	at java.util.concurrent.locks.AbstractQueuedSynchronizer.doAcquireSharedNanos(AbstractQueuedSynchronizer.java:1039)
	at java.util.concurrent.locks.AbstractQueuedSynchronizer.tryAcquireSharedNanos(AbstractQueuedSynchronizer.java:1328)
	at java.util.concurrent.Semaphore.tryAcquire(Semaphore.java:409)
	at org.apache.hadoop.ozone.lease.LeaseManager$LeaseMonitor.run(LeaseManager.java:270)
	at java.lang.Thread.run(Thread.java:750)
2023-08-04 02:32:47,034 [Time-limited test] INFO  server.StorageContainerManager (StorageContainerManager.java:stop(1716)) - Stopping SCM MetadataStore.
2023-08-04 02:32:47,042 [Time-limited test] INFO  impl.DefaultInternalKdcServerImpl (DefaultInternalKdcServerImpl.java:doStop(102)) - Default Internal kdc server stopped.
2023-08-04 02:32:48,043 [Time-limited test] INFO  minikdc.MiniKdc (MiniKdc.java:stop(359)) - MiniKdc stopped.
2023-08-04 02:32:48,043 [Time-limited test] INFO  server.StorageContainerManager (StorageContainerManager.java:stop(1581)) - Storage Container Manager is not running.
2023-08-04 02:32:48,043 [Time-limited test] INFO  server.StorageContainerManager (StorageContainerManager.java:stopReplicationManager(1725)) - Stopping Replication Manager Service.
2023-08-04 02:32:48,043 [Time-limited test] INFO  replication.ReplicationManager (ReplicationManager.java:stop(329)) - Replication Monitor Thread is not running.
2023-08-04 02:32:48,043 [Time-limited test] INFO  server.SCMSecurityProtocolServer (SCMSecurityProtocolServer.java:join(562)) - Join RPC server for SCMSecurityProtocolServer.
2023-08-04 02:32:48,043 [Time-limited test] INFO  server.SCMSecurityProtocolServer (SCMSecurityProtocolServer.java:join(564)) - Join gRPC server for SCMSecurityProtocolServer.
]]></system-out>
  </testcase>
  <testcase name="testSecureOmReInit" classname="org.apache.hadoop.ozone.TestSecureOzoneCluster" time="12.179">
    <system-out><![CDATA[2023-08-04 02:32:48,072 [Time-limited test] INFO  net.ServerSocketUtil (ServerSocketUtil.java:getPort(55)) - Using port 9860
2023-08-04 02:32:48,072 [Time-limited test] INFO  net.ServerSocketUtil (ServerSocketUtil.java:getPort(55)) - Using port 9861
2023-08-04 02:32:48,073 [Time-limited test] INFO  net.ServerSocketUtil (ServerSocketUtil.java:getPort(55)) - Using port 9863
2023-08-04 02:32:48,073 [Time-limited test] INFO  net.ServerSocketUtil (ServerSocketUtil.java:getPort(55)) - Using port 9961
2023-08-04 02:32:48,073 [Time-limited test] INFO  net.ServerSocketUtil (ServerSocketUtil.java:getPort(55)) - Using port 1200
2023-08-04 02:32:48,073 [Time-limited test] INFO  net.ServerSocketUtil (ServerSocketUtil.java:getPort(55)) - Using port 1201
2023-08-04 02:32:48,073 [Time-limited test] INFO  minikdc.MiniKdc (MiniKdc.java:<init>(225)) - Configuration:
2023-08-04 02:32:48,073 [Time-limited test] INFO  minikdc.MiniKdc (MiniKdc.java:<init>(226)) - ---------------------------------------------------------------
2023-08-04 02:32:48,073 [Time-limited test] INFO  minikdc.MiniKdc (MiniKdc.java:<init>(228)) -   debug: false
2023-08-04 02:32:48,074 [Time-limited test] INFO  minikdc.MiniKdc (MiniKdc.java:<init>(228)) -   transport: TCP
2023-08-04 02:32:48,074 [Time-limited test] INFO  minikdc.MiniKdc (MiniKdc.java:<init>(228)) -   max.ticket.lifetime: 86400000
2023-08-04 02:32:48,074 [Time-limited test] INFO  minikdc.MiniKdc (MiniKdc.java:<init>(228)) -   org.name: EXAMPLE
2023-08-04 02:32:48,074 [Time-limited test] INFO  minikdc.MiniKdc (MiniKdc.java:<init>(228)) -   kdc.port: 0
2023-08-04 02:32:48,074 [Time-limited test] INFO  minikdc.MiniKdc (MiniKdc.java:<init>(228)) -   org.domain: COM
2023-08-04 02:32:48,074 [Time-limited test] INFO  minikdc.MiniKdc (MiniKdc.java:<init>(228)) -   max.renewable.lifetime: 604800000
2023-08-04 02:32:48,074 [Time-limited test] INFO  minikdc.MiniKdc (MiniKdc.java:<init>(228)) -   instance: DefaultKrbServer
2023-08-04 02:32:48,074 [Time-limited test] INFO  minikdc.MiniKdc (MiniKdc.java:<init>(228)) -   kdc.bind.address: localhost
2023-08-04 02:32:48,074 [Time-limited test] INFO  minikdc.MiniKdc (MiniKdc.java:<init>(230)) - ---------------------------------------------------------------
2023-08-04 02:32:48,076 [Time-limited test] INFO  minikdc.MiniKdc (MiniKdc.java:start(285)) - MiniKdc started.
2023-08-04 02:32:48,465 [Time-limited test] INFO  om.OzoneManager (OzoneManager.java:getOmDetailsProto(4555)) - OzoneManager ports added:[name: "RPC"
value: 1202
]
2023-08-04 02:32:48,466 [Time-limited test] WARN  server.ServerUtils (ServerUtils.java:getScmDbDir(155)) - ozone.scm.db.dirs is not configured. We recommend adding this setting. Falling back to ozone.metadata.dirs instead.
2023-08-04 02:32:48,471 [Time-limited test] INFO  ha.HASecurityUtils (HASecurityUtils.java:initializeSecurity(98)) - Initializing secure StorageContainerManager.
2023-08-04 02:32:48,473 [Time-limited test] INFO  client.SCMCertificateClient (DefaultCertificateClient.java:updateCertSerialId(1226)) - Certificate serial ID set to null
2023-08-04 02:32:48,473 [Time-limited test] ERROR client.SCMCertificateClient (DefaultCertificateClient.java:getCertPath(361)) - Default certificate serial id is not set. Can't locate the default certificate for this client.
2023-08-04 02:32:48,473 [Time-limited test] INFO  client.SCMCertificateClient (DefaultCertificateClient.java:init(707)) - Certificate client init case: 0
2023-08-04 02:32:48,473 [Time-limited test] INFO  client.SCMCertificateClient (SCMCertificateClient.java:handleCase(96)) - Creating keypair for client as keypair and certificate not found.
2023-08-04 02:32:48,886 [Time-limited test] INFO  ha.HASecurityUtils (HASecurityUtils.java:initializeSecurity(108)) - Init response: GETCERT
2023-08-04 02:32:48,981 [Time-limited test] INFO  ozone.OzoneSecurityUtil (OzoneSecurityUtil.java:getValidInetsForCurrentHost(119)) - ip:fe80:0:0:0:20d:3aff:fe7a:a89f%eth0 not returned.
2023-08-04 02:32:48,982 [Time-limited test] INFO  ozone.OzoneSecurityUtil (OzoneSecurityUtil.java:getValidInetsForCurrentHost(116)) - Adding ip:10.1.0.9,host:fv-az621-180
2023-08-04 02:32:48,982 [Time-limited test] INFO  ozone.OzoneSecurityUtil (OzoneSecurityUtil.java:getValidInetsForCurrentHost(119)) - ip:0:0:0:0:0:0:0:1%lo not returned.
2023-08-04 02:32:48,982 [Time-limited test] INFO  ozone.OzoneSecurityUtil (OzoneSecurityUtil.java:getValidInetsForCurrentHost(119)) - ip:127.0.0.1 not returned.
2023-08-04 02:32:48,982 [Time-limited test] ERROR utils.SelfSignedCertificate (SelfSignedCertificate.java:lambda$addInetAddresses$0(244)) - Invalid domain fv-az621-180
2023-08-04 02:32:48,985 [Time-limited test] INFO  utils.SelfSignedCertificate (SelfSignedCertificate.java:generateCertificate(157)) - Certificate 1 is issued by CN=scm-1@fv-az621-180,OU=7738a34f-2a88-4876-92b8-c95136c55bf8,O=72d4e1e2-e93a-4e6b-ac7b-83acacb3bf44 to CN=scm-1@fv-az621-180,OU=7738a34f-2a88-4876-92b8-c95136c55bf8,O=72d4e1e2-e93a-4e6b-ac7b-83acacb3bf44, valid from Fri Aug 04 02:32:48 UTC 2023 to Mon Sep 11 02:32:48 UTC 2028
2023-08-04 02:32:48,987 [Time-limited test] INFO  utils.CertificateCodec (CertificateCodec.java:writeCertificate(299)) - Save certificate to /tmp/junit6095035608874190202/junit3171993202794764071/scm-meta/scm/ca/certs/certificate.crt
2023-08-04 02:32:48,987 [Time-limited test] INFO  utils.CertificateCodec (CertificateCodec.java:writeCertificate(300)) - Certificate -----BEGIN CERTIFICATE-----
MIIDpTCCAo2gAwIBAgIBATANBgkqhkiG9w0BAQsFADB7MRswGQYDVQQDDBJzY20t
MUBmdi1hejYyMS0xODAxLTArBgNVBAsMJDc3MzhhMzRmLTJhODgtNDg3Ni05MmI4
LWM5NTEzNmM1NWJmODEtMCsGA1UECgwkNzJkNGUxZTItZTkzYS00ZTZiLWFjN2It
ODNhY2FjYjNiZjQ0MB4XDTIzMDgwNDAyMzI0OFoXDTI4MDkxMTAyMzI0OFowezEb
MBkGA1UEAwwSc2NtLTFAZnYtYXo2MjEtMTgwMS0wKwYDVQQLDCQ3NzM4YTM0Zi0y
YTg4LTQ4NzYtOTJiOC1jOTUxMzZjNTViZjgxLTArBgNVBAoMJDcyZDRlMWUyLWU5
M2EtNGU2Yi1hYzdiLTgzYWNhY2IzYmY0NDCCASIwDQYJKoZIhvcNAQEBBQADggEP
ADCCAQoCggEBALSRX1jSv+8OR0w8Au/lIho52CUcAORFMEBOaGHzehT59WRGNi5G
q4JJFmfhhsV5Cjz7zlejxXgtaME0izs0dMhkY8Xhls749BswfD3DTO6uyM+tQstd
tyjANzhTJSjNLhwEdX/5kqhCi2G+TkkuX9DcySb5n+Ttzd+ziVQqADwFSPQxJMKj
ozTzprOdFOOSgItCTuIBL7DrFK1aCSAEyBZhUozAYh1KR5LMjcBKe3ciH8P9SaE3
UFmQZoNI4gYTI7jTHfbighUA7ch4FY3Kp78nDbTxAsk2sjBDAoJ8dDJrIcvVekw5
zgyGaFykEGQmDPnkpPQYnmX7rnLUTcZDaKsCAwEAAaM0MDIwDwYDVR0TAQH/BAUw
AwEB/zAOBgNVHQ8BAf8EBAMCAQYwDwYDVR0RBAgwBocECgEACTANBgkqhkiG9w0B
AQsFAAOCAQEAfPajuULuYfKX4CtvmoOHj+aukZTNPeouKjgFg+yqBvIdNSk2w/B+
KQ1NKSO33JmCw+J3P0JQEpA1b21058iGLOSs2tK3BZd/Lzs1lmpZ9a6Ald5Ps6ph
YAmlBi7OFwEyQM2Gfyc03neypk8CT/bq8aD9+/hxzkmAfashNbK6CncSPH5atpzQ
YV6l2czsk1XUZXtW836igQRluv7Y8MYY3jh9MFe9rsL7o5iVZJUdKOeFtMXwoyjx
O46BJWdsp3PUWn/1XOIS/JykmoG9siWMB1gLAA7q/Eo9i8NRcV2HX6gsJHcLzCcO
zpSxFNlJdBg7VukyKe+9lujju4Vq3wFpBg==
-----END CERTIFICATE-----

2023-08-04 02:32:48,988 [Time-limited test] INFO  client.SCMCertificateClient (SCMCertificateClient.java:getCSRBuilder(158)) - Creating csr for SCM->hostName:fv-az621-180,scmId:7738a34f-2a88-4876-92b8-c95136c55bf8,clusterId:72d4e1e2-e93a-4e6b-ac7b-83acacb3bf44,subject:scm-sub-1415885335369@fv-az621-180
2023-08-04 02:32:48,988 [Time-limited test] INFO  ozone.OzoneSecurityUtil (OzoneSecurityUtil.java:getValidInetsForCurrentHost(119)) - ip:fe80:0:0:0:20d:3aff:fe7a:a89f%eth0 not returned.
2023-08-04 02:32:48,988 [Time-limited test] INFO  ozone.OzoneSecurityUtil (OzoneSecurityUtil.java:getValidInetsForCurrentHost(116)) - Adding ip:10.1.0.9,host:fv-az621-180
2023-08-04 02:32:48,988 [Time-limited test] INFO  ozone.OzoneSecurityUtil (OzoneSecurityUtil.java:getValidInetsForCurrentHost(119)) - ip:0:0:0:0:0:0:0:1%lo not returned.
2023-08-04 02:32:48,988 [Time-limited test] INFO  ozone.OzoneSecurityUtil (OzoneSecurityUtil.java:getValidInetsForCurrentHost(119)) - ip:127.0.0.1 not returned.
2023-08-04 02:32:48,988 [Time-limited test] ERROR utils.CertificateSignRequest (CertificateSignRequest.java:lambda$addInetAddresses$0(295)) - Invalid domain fv-az621-180
2023-08-04 02:32:48,988 [Time-limited test] INFO  ha.HASecurityUtils (HASecurityUtils.java:generateCSR(308)) - Creating csr for SCM->hostName:fv-az621-180,scmId:7738a34f-2a88-4876-92b8-c95136c55bf8,clusterId:72d4e1e2-e93a-4e6b-ac7b-83acacb3bf44,subject:scm-sub-1415886174882@fv-az621-180
2023-08-04 02:32:48,993 [Time-limited test] INFO  authority.DefaultApprover (DefaultApprover.java:sign(154)) - Extensions in CSR: 2.5.29.19, 2.5.29.15, 2.5.29.17
2023-08-04 02:32:48,993 [Time-limited test] INFO  authority.DefaultApprover (DefaultApprover.java:sign(158)) - Extensions to add to the certificate if they present in CSR: 2.5.29.17, 2.5.29.19, 1.3.6.1.5.5.7.1.12, 2.5.29.35, 2.5.29.37, 2.5.29.15
2023-08-04 02:32:48,997 [Time-limited test] INFO  utils.CertificateCodec (CertificateCodec.java:writeCertificate(299)) - Save certificate to /tmp/junit6095035608874190202/junit3171993202794764071/scm-meta/scm/sub-ca/certs/CA-1.crt
2023-08-04 02:32:48,998 [Time-limited test] INFO  utils.CertificateCodec (CertificateCodec.java:writeCertificate(300)) - Certificate -----BEGIN CERTIFICATE-----
MIIDpTCCAo2gAwIBAgIBATANBgkqhkiG9w0BAQsFADB7MRswGQYDVQQDDBJzY20t
MUBmdi1hejYyMS0xODAxLTArBgNVBAsMJDc3MzhhMzRmLTJhODgtNDg3Ni05MmI4
LWM5NTEzNmM1NWJmODEtMCsGA1UECgwkNzJkNGUxZTItZTkzYS00ZTZiLWFjN2It
ODNhY2FjYjNiZjQ0MB4XDTIzMDgwNDAyMzI0OFoXDTI4MDkxMTAyMzI0OFowezEb
MBkGA1UEAwwSc2NtLTFAZnYtYXo2MjEtMTgwMS0wKwYDVQQLDCQ3NzM4YTM0Zi0y
YTg4LTQ4NzYtOTJiOC1jOTUxMzZjNTViZjgxLTArBgNVBAoMJDcyZDRlMWUyLWU5
M2EtNGU2Yi1hYzdiLTgzYWNhY2IzYmY0NDCCASIwDQYJKoZIhvcNAQEBBQADggEP
ADCCAQoCggEBALSRX1jSv+8OR0w8Au/lIho52CUcAORFMEBOaGHzehT59WRGNi5G
q4JJFmfhhsV5Cjz7zlejxXgtaME0izs0dMhkY8Xhls749BswfD3DTO6uyM+tQstd
tyjANzhTJSjNLhwEdX/5kqhCi2G+TkkuX9DcySb5n+Ttzd+ziVQqADwFSPQxJMKj
ozTzprOdFOOSgItCTuIBL7DrFK1aCSAEyBZhUozAYh1KR5LMjcBKe3ciH8P9SaE3
UFmQZoNI4gYTI7jTHfbighUA7ch4FY3Kp78nDbTxAsk2sjBDAoJ8dDJrIcvVekw5
zgyGaFykEGQmDPnkpPQYnmX7rnLUTcZDaKsCAwEAAaM0MDIwDwYDVR0TAQH/BAUw
AwEB/zAOBgNVHQ8BAf8EBAMCAQYwDwYDVR0RBAgwBocECgEACTANBgkqhkiG9w0B
AQsFAAOCAQEAfPajuULuYfKX4CtvmoOHj+aukZTNPeouKjgFg+yqBvIdNSk2w/B+
KQ1NKSO33JmCw+J3P0JQEpA1b21058iGLOSs2tK3BZd/Lzs1lmpZ9a6Ald5Ps6ph
YAmlBi7OFwEyQM2Gfyc03neypk8CT/bq8aD9+/hxzkmAfashNbK6CncSPH5atpzQ
YV6l2czsk1XUZXtW836igQRluv7Y8MYY3jh9MFe9rsL7o5iVZJUdKOeFtMXwoyjx
O46BJWdsp3PUWn/1XOIS/JykmoG9siWMB1gLAA7q/Eo9i8NRcV2HX6gsJHcLzCcO
zpSxFNlJdBg7VukyKe+9lujju4Vq3wFpBg==
-----END CERTIFICATE-----

2023-08-04 02:32:48,998 [Time-limited test] INFO  utils.CertificateCodec (CertificateCodec.java:writeCertificate(299)) - Save certificate to /tmp/junit6095035608874190202/junit3171993202794764071/scm-meta/scm/sub-ca/certs/1415890345846.crt
2023-08-04 02:32:48,999 [Time-limited test] INFO  utils.CertificateCodec (CertificateCodec.java:writeCertificate(300)) - Certificate -----BEGIN CERTIFICATE-----
MIIDuzCCAqOgAwIBAgIGAUmppB92MA0GCSqGSIb3DQEBCwUAMHsxGzAZBgNVBAMM
EnNjbS0xQGZ2LWF6NjIxLTE4MDEtMCsGA1UECwwkNzczOGEzNGYtMmE4OC00ODc2
LTkyYjgtYzk1MTM2YzU1YmY4MS0wKwYDVQQKDCQ3MmQ0ZTFlMi1lOTNhLTRlNmIt
YWM3Yi04M2FjYWNiM2JmNDQwHhcNMjMwODA0MDIzMjQ4WhcNMjgwOTExMDIzMjQ4
WjCBizErMCkGA1UEAwwic2NtLXN1Yi0xNDE1ODg2MTc0ODgyQGZ2LWF6NjIxLTE4
MDEtMCsGA1UECwwkNzczOGEzNGYtMmE4OC00ODc2LTkyYjgtYzk1MTM2YzU1YmY4
MS0wKwYDVQQKDCQ3MmQ0ZTFlMi1lOTNhLTRlNmItYWM3Yi04M2FjYWNiM2JmNDQw
ggEiMA0GCSqGSIb3DQEBAQUAA4IBDwAwggEKAoIBAQCu/tG+ReYNfcmywQWClU+v
Kym+GfKjSkRCySKpOtf4vPHUX9Q3reLslyWzMn8rGlSPZqKnspvQo16gPwgJnCaa
iuUIaebE6PEIBPLWgxBWZUF+rmVSu3aui8mO5LX3/CD2g2NwJpsZWCnlxBPoGwJY
OcWePx/1eCv8D4d/AawABqAGFr31G3G564V5+Txi0Kl3R6pVk/lv78u1yAGlfHgA
tUXiy2A737qO1hEarbbVpITweCZ+hBMLhEv/v4q6HZY9C/sRP/sSpv2JMgKlxzoO
4QiI+wsbDp5Di/MKnMhJ2I6U1YJYFmeuCtVE56sepUaHndn5Tt7hFQo6nJE94SPj
AgMBAAGjNDAyMA8GA1UdEQQIMAaHBAoBAAkwDwYDVR0TAQH/BAUwAwEB/zAOBgNV
HQ8BAf8EBAMCAb4wDQYJKoZIhvcNAQELBQADggEBAC/mLPUNQONOiviFmnqTbDQH
lomqPBfGfJqgnATWx/HKbZnPMyfhn7wjWNTKKRsys8cDxtQMnH5gGSIeSWQsXYRI
SS4s6dZYJQIsCcrm2bKwwrErA56N7h9NL09bPvf3oHO9U0vzo9sXBvDWz8MPGSWl
zHuDSaISeGz4nBJYMAdmChGejrbjzQgyQteVtCQwyh6TU3rp2ncNIEqamcfxpaQo
qRqJXkdeWcJcTEylQF6nMGJzI4964NvUD79TMrCrQoTOFTol8WlOWgX4aNQmOV2C
lYqBqN/gSDYGtUdRHXD3b7N7vUuRnSf9Yo3hL1sehVeGDZ/JUS0i2t5Tp9T3kh0=
-----END CERTIFICATE-----

-----BEGIN CERTIFICATE-----
MIIDpTCCAo2gAwIBAgIBATANBgkqhkiG9w0BAQsFADB7MRswGQYDVQQDDBJzY20t
MUBmdi1hejYyMS0xODAxLTArBgNVBAsMJDc3MzhhMzRmLTJhODgtNDg3Ni05MmI4
LWM5NTEzNmM1NWJmODEtMCsGA1UECgwkNzJkNGUxZTItZTkzYS00ZTZiLWFjN2It
ODNhY2FjYjNiZjQ0MB4XDTIzMDgwNDAyMzI0OFoXDTI4MDkxMTAyMzI0OFowezEb
MBkGA1UEAwwSc2NtLTFAZnYtYXo2MjEtMTgwMS0wKwYDVQQLDCQ3NzM4YTM0Zi0y
YTg4LTQ4NzYtOTJiOC1jOTUxMzZjNTViZjgxLTArBgNVBAoMJDcyZDRlMWUyLWU5
M2EtNGU2Yi1hYzdiLTgzYWNhY2IzYmY0NDCCASIwDQYJKoZIhvcNAQEBBQADggEP
ADCCAQoCggEBALSRX1jSv+8OR0w8Au/lIho52CUcAORFMEBOaGHzehT59WRGNi5G
q4JJFmfhhsV5Cjz7zlejxXgtaME0izs0dMhkY8Xhls749BswfD3DTO6uyM+tQstd
tyjANzhTJSjNLhwEdX/5kqhCi2G+TkkuX9DcySb5n+Ttzd+ziVQqADwFSPQxJMKj
ozTzprOdFOOSgItCTuIBL7DrFK1aCSAEyBZhUozAYh1KR5LMjcBKe3ciH8P9SaE3
UFmQZoNI4gYTI7jTHfbighUA7ch4FY3Kp78nDbTxAsk2sjBDAoJ8dDJrIcvVekw5
zgyGaFykEGQmDPnkpPQYnmX7rnLUTcZDaKsCAwEAAaM0MDIwDwYDVR0TAQH/BAUw
AwEB/zAOBgNVHQ8BAf8EBAMCAQYwDwYDVR0RBAgwBocECgEACTANBgkqhkiG9w0B
AQsFAAOCAQEAfPajuULuYfKX4CtvmoOHj+aukZTNPeouKjgFg+yqBvIdNSk2w/B+
KQ1NKSO33JmCw+J3P0JQEpA1b21058iGLOSs2tK3BZd/Lzs1lmpZ9a6Ald5Ps6ph
YAmlBi7OFwEyQM2Gfyc03neypk8CT/bq8aD9+/hxzkmAfashNbK6CncSPH5atpzQ
YV6l2czsk1XUZXtW836igQRluv7Y8MYY3jh9MFe9rsL7o5iVZJUdKOeFtMXwoyjx
O46BJWdsp3PUWn/1XOIS/JykmoG9siWMB1gLAA7q/Eo9i8NRcV2HX6gsJHcLzCcO
zpSxFNlJdBg7VukyKe+9lujju4Vq3wFpBg==
-----END CERTIFICATE-----

2023-08-04 02:32:48,999 [Time-limited test] INFO  utils.CertificateCodec (CertificateCodec.java:writeCertificate(299)) - Save certificate to /tmp/junit6095035608874190202/junit3171993202794764071/scm-meta/scm/sub-ca/certs/certificate.crt
2023-08-04 02:32:48,999 [Time-limited test] INFO  utils.CertificateCodec (CertificateCodec.java:writeCertificate(300)) - Certificate -----BEGIN CERTIFICATE-----
MIIDuzCCAqOgAwIBAgIGAUmppB92MA0GCSqGSIb3DQEBCwUAMHsxGzAZBgNVBAMM
EnNjbS0xQGZ2LWF6NjIxLTE4MDEtMCsGA1UECwwkNzczOGEzNGYtMmE4OC00ODc2
LTkyYjgtYzk1MTM2YzU1YmY4MS0wKwYDVQQKDCQ3MmQ0ZTFlMi1lOTNhLTRlNmIt
YWM3Yi04M2FjYWNiM2JmNDQwHhcNMjMwODA0MDIzMjQ4WhcNMjgwOTExMDIzMjQ4
WjCBizErMCkGA1UEAwwic2NtLXN1Yi0xNDE1ODg2MTc0ODgyQGZ2LWF6NjIxLTE4
MDEtMCsGA1UECwwkNzczOGEzNGYtMmE4OC00ODc2LTkyYjgtYzk1MTM2YzU1YmY4
MS0wKwYDVQQKDCQ3MmQ0ZTFlMi1lOTNhLTRlNmItYWM3Yi04M2FjYWNiM2JmNDQw
ggEiMA0GCSqGSIb3DQEBAQUAA4IBDwAwggEKAoIBAQCu/tG+ReYNfcmywQWClU+v
Kym+GfKjSkRCySKpOtf4vPHUX9Q3reLslyWzMn8rGlSPZqKnspvQo16gPwgJnCaa
iuUIaebE6PEIBPLWgxBWZUF+rmVSu3aui8mO5LX3/CD2g2NwJpsZWCnlxBPoGwJY
OcWePx/1eCv8D4d/AawABqAGFr31G3G564V5+Txi0Kl3R6pVk/lv78u1yAGlfHgA
tUXiy2A737qO1hEarbbVpITweCZ+hBMLhEv/v4q6HZY9C/sRP/sSpv2JMgKlxzoO
4QiI+wsbDp5Di/MKnMhJ2I6U1YJYFmeuCtVE56sepUaHndn5Tt7hFQo6nJE94SPj
AgMBAAGjNDAyMA8GA1UdEQQIMAaHBAoBAAkwDwYDVR0TAQH/BAUwAwEB/zAOBgNV
HQ8BAf8EBAMCAb4wDQYJKoZIhvcNAQELBQADggEBAC/mLPUNQONOiviFmnqTbDQH
lomqPBfGfJqgnATWx/HKbZnPMyfhn7wjWNTKKRsys8cDxtQMnH5gGSIeSWQsXYRI
SS4s6dZYJQIsCcrm2bKwwrErA56N7h9NL09bPvf3oHO9U0vzo9sXBvDWz8MPGSWl
zHuDSaISeGz4nBJYMAdmChGejrbjzQgyQteVtCQwyh6TU3rp2ncNIEqamcfxpaQo
qRqJXkdeWcJcTEylQF6nMGJzI4964NvUD79TMrCrQoTOFTol8WlOWgX4aNQmOV2C
lYqBqN/gSDYGtUdRHXD3b7N7vUuRnSf9Yo3hL1sehVeGDZ/JUS0i2t5Tp9T3kh0=
-----END CERTIFICATE-----

-----BEGIN CERTIFICATE-----
MIIDpTCCAo2gAwIBAgIBATANBgkqhkiG9w0BAQsFADB7MRswGQYDVQQDDBJzY20t
MUBmdi1hejYyMS0xODAxLTArBgNVBAsMJDc3MzhhMzRmLTJhODgtNDg3Ni05MmI4
LWM5NTEzNmM1NWJmODEtMCsGA1UECgwkNzJkNGUxZTItZTkzYS00ZTZiLWFjN2It
ODNhY2FjYjNiZjQ0MB4XDTIzMDgwNDAyMzI0OFoXDTI4MDkxMTAyMzI0OFowezEb
MBkGA1UEAwwSc2NtLTFAZnYtYXo2MjEtMTgwMS0wKwYDVQQLDCQ3NzM4YTM0Zi0y
YTg4LTQ4NzYtOTJiOC1jOTUxMzZjNTViZjgxLTArBgNVBAoMJDcyZDRlMWUyLWU5
M2EtNGU2Yi1hYzdiLTgzYWNhY2IzYmY0NDCCASIwDQYJKoZIhvcNAQEBBQADggEP
ADCCAQoCggEBALSRX1jSv+8OR0w8Au/lIho52CUcAORFMEBOaGHzehT59WRGNi5G
q4JJFmfhhsV5Cjz7zlejxXgtaME0izs0dMhkY8Xhls749BswfD3DTO6uyM+tQstd
tyjANzhTJSjNLhwEdX/5kqhCi2G+TkkuX9DcySb5n+Ttzd+ziVQqADwFSPQxJMKj
ozTzprOdFOOSgItCTuIBL7DrFK1aCSAEyBZhUozAYh1KR5LMjcBKe3ciH8P9SaE3
UFmQZoNI4gYTI7jTHfbighUA7ch4FY3Kp78nDbTxAsk2sjBDAoJ8dDJrIcvVekw5
zgyGaFykEGQmDPnkpPQYnmX7rnLUTcZDaKsCAwEAAaM0MDIwDwYDVR0TAQH/BAUw
AwEB/zAOBgNVHQ8BAf8EBAMCAQYwDwYDVR0RBAgwBocECgEACTANBgkqhkiG9w0B
AQsFAAOCAQEAfPajuULuYfKX4CtvmoOHj+aukZTNPeouKjgFg+yqBvIdNSk2w/B+
KQ1NKSO33JmCw+J3P0JQEpA1b21058iGLOSs2tK3BZd/Lzs1lmpZ9a6Ald5Ps6ph
YAmlBi7OFwEyQM2Gfyc03neypk8CT/bq8aD9+/hxzkmAfashNbK6CncSPH5atpzQ
YV6l2czsk1XUZXtW836igQRluv7Y8MYY3jh9MFe9rsL7o5iVZJUdKOeFtMXwoyjx
O46BJWdsp3PUWn/1XOIS/JykmoG9siWMB1gLAA7q/Eo9i8NRcV2HX6gsJHcLzCcO
zpSxFNlJdBg7VukyKe+9lujju4Vq3wFpBg==
-----END CERTIFICATE-----

2023-08-04 02:32:48,999 [Time-limited test] INFO  ha.HASecurityUtils (HASecurityUtils.java:initializeSecurity(121)) - Successfully stored SCM signed certificate.
2023-08-04 02:32:49,001 [Time-limited test] WARN  server.ServerUtils (ServerUtils.java:getScmDbDir(155)) - ozone.scm.db.dirs is not configured. We recommend adding this setting. Falling back to ozone.metadata.dirs instead.
2023-08-04 02:32:49,002 [Time-limited test] INFO  ha.SCMHANodeDetails (SCMHANodeDetails.java:loadSCMHAConfig(210)) - ServiceID for StorageContainerManager is null
2023-08-04 02:32:49,002 [Time-limited test] INFO  ha.SCMHANodeDetails (SCMHANodeDetails.java:loadSCMHAConfig(215)) - ozone.scm.default.service.id is not defined, falling back to ozone.scm.service.ids to find serviceID for StorageContainerManager if it is HA enabled cluster
2023-08-04 02:32:49,007 [pool-39-thread-1] INFO  request.KdcRequest (KdcRequest.java:preauth(651)) - The preauth data is empty.
2023-08-04 02:32:49,009 [pool-39-thread-1] INFO  server.KdcHandler (KdcHandler.java:handleRecoverableException(177)) - KRB error occurred while processing request:Additional pre-authentication required
2023-08-04 02:32:49,017 [pool-39-thread-2] INFO  request.AsRequest (AsRequest.java:issueTicket(112)) - AS_REQ ISSUE: authtime 1691116369015,scm/fv-az621-180@EXAMPLE.COM for krbtgt/EXAMPLE.COM@EXAMPLE.COM
2023-08-04 02:32:49,018 [Time-limited test] INFO  security.UserGroupInformation (UserGroupInformation.java:loginUserFromKeytab(1132)) - Login successful for user scm/fv-az621-180@EXAMPLE.COM using keytab file scm.keytab. Keytab auto renewal enabled : false
2023-08-04 02:32:49,018 [Time-limited test] INFO  server.StorageContainerManager (StorageContainerManager.java:loginAsSCMUserIfSecurityEnabled(1050)) - SCM login successful.
2023-08-04 02:32:49,020 [Time-limited test] INFO  client.SCMCertificateClient (DefaultCertificateClient.java:updateCertSerialId(1226)) - Certificate serial ID set to 1415890345846
2023-08-04 02:32:49,021 [Time-limited test] INFO  client.SCMCertificateClient (DefaultCertificateClient.java:readCertificateFile(236)) - Added certificate   [0]         Version: 3
         SerialNumber: 1
             IssuerDN: CN=scm-1@fv-az621-180,OU=7738a34f-2a88-4876-92b8-c95136c55bf8,O=72d4e1e2-e93a-4e6b-ac7b-83acacb3bf44
           Start Date: Fri Aug 04 02:32:48 UTC 2023
           Final Date: Mon Sep 11 02:32:48 UTC 2028
            SubjectDN: CN=scm-1@fv-az621-180,OU=7738a34f-2a88-4876-92b8-c95136c55bf8,O=72d4e1e2-e93a-4e6b-ac7b-83acacb3bf44
           Public Key: RSA Public Key [ff:42:f5:ea:4e:97:ab:f4:da:b9:cc:75:4c:6b:ea:d3:c0:36:80:87],[56:66:d1:a4]
        modulus: b4915f58d2bfef0e474c3c02efe5221a39d8251c00e44530404e6861f37a14f9f56446362e46ab82491667e186c5790a3cfbce57a3c5782d68c1348b3b3474c86463c5e196cef8f41b307c3dc34ceeaec8cfad42cb5db728c03738532528cd2e1c04757ff992a8428b61be4e492e5fd0dcc926f99fe4edcddfb389542a003c0548f43124c2a3a334f3a6b39d14e392808b424ee2012fb0eb14ad5a092004c81661528cc0621d4a4792cc8dc04a7b77221fc3fd49a137505990668348e2061323b8d31df6e2821500edc878158dcaa7bf270db4f102c936b2304302827c74326b21cbd57a4c39ce0c86685ca41064260cf9e4a4f4189e65fbae72d44dc64368ab
public exponent: 10001

  Signature Algorithm: SHA256WITHRSA
            Signature: 7cf6a3b942ee61f297e02b6f9a83878fe6ae9194
                       cd3dea2e2a380583ecaa06f21d352936c3f07e29
                       0d4d2923b7dc9982c3e2773f42501290356f6d74
                       e7c8862ce4acdad2b705977f2f3b35966a59f5ae
                       8095de4fb3aa616009a5062ece17013240cd867f
                       2734de77b2a64f024ff6eaf1a0fdfbf871ce4980
                       7dab2135b2ba0a77123c7e5ab69cd0615ea5d9cc
                       ec9355d4657b56f37ea2810465bafed8f0c618de
                       387d3057bdaec2fba3989564951d28e785b4c5f0
                       a328f13b8e8125676ca773d45a7ff55ce212fc9c
                       a49a81bdb2258c07580b000eeafc4a3d8bc35171
                       5d875fa82c24770bcc270ece94b114d94974183b
                       56e93229efbd96e8e3bb856adf016906
       Extensions: 
                       critical(true) BasicConstraints: isCa(true)
                       critical(true) KeyUsage: 0x6
                       critical(false) 2.5.29.17 value = Sequence
    Tagged [7] IMPLICIT 
        DER Octet String[4] 

 from file: /tmp/junit6095035608874190202/junit3171993202794764071/scm-meta/scm/sub-ca/certs/CA-1.crt.
2023-08-04 02:32:49,023 [Time-limited test] INFO  client.SCMCertificateClient (DefaultCertificateClient.java:readCertificateFile(236)) - Added certificate   [0]         Version: 3
         SerialNumber: 1415890345846
             IssuerDN: CN=scm-1@fv-az621-180,OU=7738a34f-2a88-4876-92b8-c95136c55bf8,O=72d4e1e2-e93a-4e6b-ac7b-83acacb3bf44
           Start Date: Fri Aug 04 02:32:48 UTC 2023
           Final Date: Mon Sep 11 02:32:48 UTC 2028
            SubjectDN: CN=scm-sub-1415886174882@fv-az621-180,OU=7738a34f-2a88-4876-92b8-c95136c55bf8,O=72d4e1e2-e93a-4e6b-ac7b-83acacb3bf44
           Public Key: RSA Public Key [ce:27:49:aa:cc:14:44:08:5b:73:06:8f:02:a4:b2:88:73:68:eb:81],[56:66:d1:a4]
        modulus: aefed1be45e60d7dc9b2c10582954faf2b29be19f2a34a4442c922a93ad7f8bcf1d45fd437ade2ec9725b3327f2b1a548f66a2a7b29bd0a35ea03f08099c269a8ae50869e6c4e8f10804f2d683105665417eae6552bb76ae8bc98ee4b5f7fc20f6836370269b195829e5c413e81b025839c59e3f1ff5782bfc0f877f01ac0006a00616bdf51b71b9eb8579f93c62d0a97747aa5593f96fefcbb5c801a57c7800b545e2cb603bdfba8ed6111aadb6d5a484f078267e84130b844bffbf8aba1d963d0bfb113ffb12a6fd893202a5c73a0ee10888fb0b1b0e9e438bf30a9cc849d88e94d582581667ae0ad544e7ab1ea546879dd9f94edee1150a3a9c913de123e3
public exponent: 10001

  Signature Algorithm: SHA256WITHRSA
            Signature: 2fe62cf50d40e34e8af8859a7a936c34079689aa
                       3c17c67c9aa09c04d6c7f1ca6d99cf3327e19fbc
                       2358d4ca291b32b3c703c6d40c9c7e6019221e49
                       642c5d8448492e2ce9d65825022c09cae6d9b2b0
                       c2b12b039e8dee1f4d2f4f5b3ef7f7a073bd534b
                       f3a3db1706f0d6cfc30f1925a5cc7b8349a21278
                       6cf89c12583007660a119e8eb6e3cd083242d795
                       b42430ca1e93537ae9da770d204a9a99c7f1a5a4
                       28a91a895e475e59c25c4c4ca5405ea730627323
                       8f7ae0dbd40fbf5332b0ab4284ce153a25f1694e
                       5a05f868d426395d82958a81a8dfe0483606b547
                       511d70f76fb37bbd4b919d27fd628de12f5b1e85
                       57860d9fc9512d22dade53a7d4f7921d
       Extensions: 
                       critical(false) 2.5.29.17 value = Sequence
    Tagged [7] IMPLICIT 
        DER Octet String[4] 

                       critical(true) BasicConstraints: isCa(true)
                       critical(true) KeyUsage: 0xbe
 from file: /tmp/junit6095035608874190202/junit3171993202794764071/scm-meta/scm/sub-ca/certs/1415890345846.crt.
2023-08-04 02:32:49,025 [Time-limited test] INFO  client.SCMCertificateClient (DefaultCertificateClient.java:readCertificateFile(236)) - Added certificate   [0]         Version: 3
         SerialNumber: 1415890345846
             IssuerDN: CN=scm-1@fv-az621-180,OU=7738a34f-2a88-4876-92b8-c95136c55bf8,O=72d4e1e2-e93a-4e6b-ac7b-83acacb3bf44
           Start Date: Fri Aug 04 02:32:48 UTC 2023
           Final Date: Mon Sep 11 02:32:48 UTC 2028
            SubjectDN: CN=scm-sub-1415886174882@fv-az621-180,OU=7738a34f-2a88-4876-92b8-c95136c55bf8,O=72d4e1e2-e93a-4e6b-ac7b-83acacb3bf44
           Public Key: RSA Public Key [ce:27:49:aa:cc:14:44:08:5b:73:06:8f:02:a4:b2:88:73:68:eb:81],[56:66:d1:a4]
        modulus: aefed1be45e60d7dc9b2c10582954faf2b29be19f2a34a4442c922a93ad7f8bcf1d45fd437ade2ec9725b3327f2b1a548f66a2a7b29bd0a35ea03f08099c269a8ae50869e6c4e8f10804f2d683105665417eae6552bb76ae8bc98ee4b5f7fc20f6836370269b195829e5c413e81b025839c59e3f1ff5782bfc0f877f01ac0006a00616bdf51b71b9eb8579f93c62d0a97747aa5593f96fefcbb5c801a57c7800b545e2cb603bdfba8ed6111aadb6d5a484f078267e84130b844bffbf8aba1d963d0bfb113ffb12a6fd893202a5c73a0ee10888fb0b1b0e9e438bf30a9cc849d88e94d582581667ae0ad544e7ab1ea546879dd9f94edee1150a3a9c913de123e3
public exponent: 10001

  Signature Algorithm: SHA256WITHRSA
            Signature: 2fe62cf50d40e34e8af8859a7a936c34079689aa
                       3c17c67c9aa09c04d6c7f1ca6d99cf3327e19fbc
                       2358d4ca291b32b3c703c6d40c9c7e6019221e49
                       642c5d8448492e2ce9d65825022c09cae6d9b2b0
                       c2b12b039e8dee1f4d2f4f5b3ef7f7a073bd534b
                       f3a3db1706f0d6cfc30f1925a5cc7b8349a21278
                       6cf89c12583007660a119e8eb6e3cd083242d795
                       b42430ca1e93537ae9da770d204a9a99c7f1a5a4
                       28a91a895e475e59c25c4c4ca5405ea730627323
                       8f7ae0dbd40fbf5332b0ab4284ce153a25f1694e
                       5a05f868d426395d82958a81a8dfe0483606b547
                       511d70f76fb37bbd4b919d27fd628de12f5b1e85
                       57860d9fc9512d22dade53a7d4f7921d
       Extensions: 
                       critical(false) 2.5.29.17 value = Sequence
    Tagged [7] IMPLICIT 
        DER Octet String[4] 

                       critical(true) BasicConstraints: isCa(true)
                       critical(true) KeyUsage: 0xbe
 from file: /tmp/junit6095035608874190202/junit3171993202794764071/scm-meta/scm/sub-ca/certs/certificate.crt.
2023-08-04 02:32:49,025 [Time-limited test] INFO  client.SCMCertificateClient (DefaultCertificateClient.java:loadAllCertificates(190)) - CertificateRenewerService and root ca rotation polling is disabled for scm/sub-ca
2023-08-04 02:32:49,025 [Time-limited test] WARN  utils.HAUtils (HAUtils.java:getMetaDir(339)) - ozone.scm.db.dirs is not configured. We recommend adding this setting. Falling back to ozone.metadata.dirs instead.
2023-08-04 02:32:49,028 [Time-limited test] WARN  db.DBStoreBuilder (DBStoreBuilder.java:applyDBDefinition(166)) - ozone.scm.db.dirs is not configured. We recommend adding this setting. Falling back to ozone.metadata.dirs instead.
2023-08-04 02:32:49,129 [Time-limited test] INFO  net.NodeSchemaLoader (NodeSchemaLoader.java:loadSchemaFromFile(129)) - Loading schema from [jar:file:/home/runner/.m2/repository/org/apache/ozone/hdds-common/1.4.0-SNAPSHOT/hdds-common-1.4.0-SNAPSHOT.jar!/network-topology-default.xml]
2023-08-04 02:32:49,129 [Time-limited test] INFO  net.NodeSchemaLoader (NodeSchemaLoader.java:loadSchema(176)) - Loading network topology layer schema file
2023-08-04 02:32:49,133 [Time-limited test] INFO  upgrade.AbstractLayoutVersionManager (AbstractLayoutVersionManager.java:init(83)) - Initializing Layout version manager with metadata layout = HADOOP_PRC_PORTS_IN_DATANODEDETAILS (version = 7), software layout = HADOOP_PRC_PORTS_IN_DATANODEDETAILS (version = 7)
2023-08-04 02:32:49,137 [Time-limited test] INFO  ha.SequenceIdGenerator (SequenceIdGenerator.java:upgradeToSequenceId(365)) - upgrade localId to 111677748019200000
2023-08-04 02:32:49,139 [Time-limited test] INFO  ha.SequenceIdGenerator (SequenceIdGenerator.java:upgradeToSequenceId(375)) - upgrade delTxnId to 0
2023-08-04 02:32:49,139 [Time-limited test] INFO  ha.SequenceIdGenerator (SequenceIdGenerator.java:upgradeToSequenceId(392)) - upgrade containerId to 0
2023-08-04 02:32:49,143 [Time-limited test] INFO  ha.SequenceIdGenerator (SequenceIdGenerator.java:upgradeToSequenceId(428)) - upgrade rootCertificateId to 1
2023-08-04 02:32:49,144 [Time-limited test] INFO  ha.SequenceIdGenerator (SequenceIdGenerator.java:<init>(236)) - Init the HA SequenceIdGenerator.
2023-08-04 02:32:49,144 [Time-limited test] INFO  node.SCMNodeManager (SCMNodeManager.java:<init>(157)) - Entering startup safe mode.
2023-08-04 02:32:49,149 [Time-limited test] INFO  algorithms.ContainerPlacementPolicyFactory (ContainerPlacementPolicyFactory.java:getPolicyInternal(86)) - Create container placement policy of type org.apache.hadoop.hdds.scm.container.placement.algorithms.SCMContainerPlacementRackAware
2023-08-04 02:32:49,151 [Time-limited test] INFO  algorithms.ContainerPlacementPolicyFactory (ContainerPlacementPolicyFactory.java:getPolicyInternal(86)) - Create container placement policy of type org.apache.hadoop.hdds.scm.container.placement.algorithms.SCMContainerPlacementRackScatter
2023-08-04 02:32:49,152 [Time-limited test] INFO  pipeline.PipelineStateManagerImpl (PipelineStateManagerImpl.java:initialize(78)) - No pipeline exists in current db
2023-08-04 02:32:49,153 [Time-limited test] INFO  algorithms.LeaderChoosePolicyFactory (LeaderChoosePolicyFactory.java:getPolicy(57)) - Create leader choose policy of type org.apache.hadoop.hdds.scm.pipeline.leader.choose.algorithms.MinLeaderCountChoosePolicy
2023-08-04 02:32:49,153 [Time-limited test] INFO  algorithms.ContainerPlacementPolicyFactory (ContainerPlacementPolicyFactory.java:getPolicyInternal(86)) - Create container placement policy of type org.apache.hadoop.hdds.scm.container.placement.algorithms.SCMContainerPlacementRackScatter
2023-08-04 02:32:49,153 [Time-limited test] INFO  ha.SCMServiceManager (SCMServiceManager.java:register(42)) - Registering service BackgroundPipelineCreator.
2023-08-04 02:32:49,154 [Time-limited test] INFO  pipeline.BackgroundPipelineCreator (BackgroundPipelineCreator.java:start(124)) - Starting RatisPipelineUtilsThread.
2023-08-04 02:32:49,154 [Time-limited test] INFO  BackgroundPipelineScrubber (BackgroundSCMService.java:start(68)) - Starting BackgroundPipelineScrubber Service.
2023-08-04 02:32:49,154 [Time-limited test] INFO  ha.SCMServiceManager (SCMServiceManager.java:register(42)) - Registering service BackgroundPipelineScrubber.
2023-08-04 02:32:49,154 [Time-limited test] INFO  ExpiredContainerReplicaOpScrubber (BackgroundSCMService.java:start(68)) - Starting ExpiredContainerReplicaOpScrubber Service.
2023-08-04 02:32:49,155 [Time-limited test] INFO  ha.SCMServiceManager (SCMServiceManager.java:register(42)) - Registering service ExpiredContainerReplicaOpScrubber.
2023-08-04 02:32:49,156 [Time-limited test] INFO  algorithms.PipelineChoosePolicyFactory (PipelineChoosePolicyFactory.java:createPipelineChoosePolicyFromClass(78)) - Create pipeline choose policy of type org.apache.hadoop.hdds.scm.pipeline.choose.algorithms.RandomPipelineChoosePolicy
2023-08-04 02:32:49,156 [Time-limited test] INFO  algorithms.PipelineChoosePolicyFactory (PipelineChoosePolicyFactory.java:createPipelineChoosePolicyFromClass(78)) - Create pipeline choose policy of type org.apache.hadoop.hdds.scm.pipeline.choose.algorithms.RandomPipelineChoosePolicy
2023-08-04 02:32:49,157 [Time-limited test] WARN  util.MBeans (MBeans.java:register(111)) - Failed to register MBean "Hadoop:service=BlockManager,name=BlockManagerImpl-1"
javax.management.NotCompliantMBeanException: MBean class org.apache.hadoop.hdds.scm.block.BlockManagerImpl does not implement DynamicMBean, and neither follows the Standard MBean conventions (javax.management.NotCompliantMBeanException: Class org.apache.hadoop.hdds.scm.block.BlockManagerImpl is not a JMX compliant Standard MBean) nor the MXBean conventions (javax.management.NotCompliantMBeanException: org.apache.hadoop.hdds.scm.block.BlockManagerImpl: Class org.apache.hadoop.hdds.scm.block.BlockManagerImpl is not a JMX compliant MXBean)
	at com.sun.jmx.mbeanserver.Introspector.checkCompliance(Introspector.java:176)
	at com.sun.jmx.interceptor.DefaultMBeanServerInterceptor.registerMBean(DefaultMBeanServerInterceptor.java:317)
	at com.sun.jmx.mbeanserver.JmxMBeanServer.registerMBean(JmxMBeanServer.java:522)
	at org.apache.hadoop.metrics2.util.MBeans.register(MBeans.java:100)
	at org.apache.hadoop.metrics2.util.MBeans.register(MBeans.java:73)
	at org.apache.hadoop.hdds.scm.block.BlockManagerImpl.<init>(BlockManagerImpl.java:94)
	at org.apache.hadoop.hdds.scm.server.StorageContainerManager.initializeSystemManagers(StorageContainerManager.java:786)
	at org.apache.hadoop.hdds.scm.server.StorageContainerManager.<init>(StorageContainerManager.java:400)
	at org.apache.hadoop.hdds.scm.server.StorageContainerManager.createSCM(StorageContainerManager.java:597)
	at org.apache.hadoop.hdds.scm.HddsTestUtils.getScmSimple(HddsTestUtils.java:604)
	at org.apache.hadoop.hdds.scm.HddsTestUtils.getScmSimple(HddsTestUtils.java:589)
	at org.apache.hadoop.ozone.TestSecureOzoneCluster.testSecureOmReInit(TestSecureOzoneCluster.java:817)
	at sun.reflect.NativeMethodAccessorImpl.invoke0(Native Method)
	at sun.reflect.NativeMethodAccessorImpl.invoke(NativeMethodAccessorImpl.java:62)
	at sun.reflect.DelegatingMethodAccessorImpl.invoke(DelegatingMethodAccessorImpl.java:43)
	at java.lang.reflect.Method.invoke(Method.java:498)
	at org.junit.runners.model.FrameworkMethod$1.runReflectiveCall(FrameworkMethod.java:59)
	at org.junit.internal.runners.model.ReflectiveCallable.run(ReflectiveCallable.java:12)
	at org.junit.runners.model.FrameworkMethod.invokeExplosively(FrameworkMethod.java:56)
	at org.junit.internal.runners.statements.InvokeMethod.evaluate(InvokeMethod.java:17)
	at org.junit.internal.runners.statements.RunBefores.evaluate(RunBefores.java:26)
	at org.junit.internal.runners.statements.RunAfters.evaluate(RunAfters.java:27)
	at org.junit.rules.ExternalResource$1.evaluate(ExternalResource.java:54)
	at org.junit.internal.runners.statements.FailOnTimeout$CallableStatement.call(FailOnTimeout.java:288)
	at org.junit.internal.runners.statements.FailOnTimeout$CallableStatement.call(FailOnTimeout.java:282)
	at java.util.concurrent.FutureTask.run(FutureTask.java:266)
	at java.lang.Thread.run(Thread.java:750)
2023-08-04 02:32:49,158 [Time-limited test] INFO  ha.SCMServiceManager (SCMServiceManager.java:register(42)) - Registering service SCMBlockDeletingService.
2023-08-04 02:32:49,162 [Time-limited test] INFO  replication.ReplicationManager (ReplicationManager.java:start(287)) - Starting Replication Monitor Thread.
2023-08-04 02:32:49,173 [Time-limited test] INFO  ha.SCMServiceManager (SCMServiceManager.java:register(42)) - Registering service ReplicationManager.
2023-08-04 02:32:49,173 [Time-limited test] INFO  safemode.ContainerSafeModeRule (ContainerSafeModeRule.java:<init>(89)) - containers with one replica threshold count 0
2023-08-04 02:32:49,173 [Time-limited test] INFO  safemode.HealthyPipelineSafeModeRule (HealthyPipelineSafeModeRule.java:initializeRule(169)) - Total pipeline count is 0, healthy pipeline threshold count is 0
2023-08-04 02:32:49,174 [Time-limited test] INFO  safemode.OneReplicaPipelineSafeModeRule (OneReplicaPipelineSafeModeRule.java:initializeRule(180)) - Total pipeline count is 0, pipeline's with at least one datanode reported threshold count is 0
2023-08-04 02:32:49,175 [Time-limited test] INFO  authority.DefaultCAServer (DefaultCAServer.java:lambda$processVerificationStatus$0(472)) - CertificateServer validation is successful
2023-08-04 02:32:49,176 [Time-limited test] INFO  authority.DefaultCAServer (DefaultCAServer.java:lambda$processVerificationStatus$0(472)) - CertificateServer validation is successful
2023-08-04 02:32:49,181 [Time-limited test] INFO  server.StorageContainerManager (StorageContainerManager.java:persistPrimarySCMCerts(931)) - Storing sub-ca certificate serialId 1415890345846 on primary SCM
2023-08-04 02:32:49,182 [ReplicationMonitor] INFO  replication.ReplicationManager (ReplicationManager.java:processAll(361)) - Replication Manager is not ready to run until 300000ms after safemode exit
2023-08-04 02:32:49,185 [Time-limited test] INFO  server.SCMCertStore (SCMCertStore.java:storeValidScmCertificate(121)) - Scm certificate 1415890345846 for CN=scm-sub-1415886174882@fv-az621-180,OU=7738a34f-2a88-4876-92b8-c95136c55bf8,O=72d4e1e2-e93a-4e6b-ac7b-83acacb3bf44 is stored
2023-08-04 02:32:49,186 [Time-limited test] INFO  server.StorageContainerManager (StorageContainerManager.java:persistPrimarySCMCerts(939)) - Storing root certificate serialId 1
2023-08-04 02:32:49,189 [Time-limited test] INFO  server.SCMCertStore (SCMCertStore.java:storeValidScmCertificate(121)) - Scm certificate 1 for CN=scm-1@fv-az621-180,OU=7738a34f-2a88-4876-92b8-c95136c55bf8,O=72d4e1e2-e93a-4e6b-ac7b-83acacb3bf44 is stored
2023-08-04 02:32:49,189 [Time-limited test] INFO  ipc.CallQueueManager (CallQueueManager.java:<init>(90)) - Using callQueue: class java.util.concurrent.LinkedBlockingQueue, queueCapacity: 200, scheduler: class org.apache.hadoop.ipc.DefaultRpcScheduler, ipcBackoff: false.
2023-08-04 02:32:49,190 [Time-limited test] INFO  ipc.Server (Server.java:<init>(1287)) - Listener at 0.0.0.0:9961
2023-08-04 02:32:49,190 [Socket Reader #1 for port 9961] INFO  ipc.Server (Server.java:run(1323)) - Starting Socket Reader #1 for port 9961
2023-08-04 02:32:49,194 [Time-limited test] INFO  server.StorageContainerManager (StorageContainerManager.java:<init>(424)) - SCM start with adminUsers: [scm/fv-az621-180@EXAMPLE.COM, scm]
2023-08-04 02:32:49,194 [Time-limited test] INFO  ipc.CallQueueManager (CallQueueManager.java:<init>(90)) - Using callQueue: class java.util.concurrent.LinkedBlockingQueue, queueCapacity: 10000, scheduler: class org.apache.hadoop.ipc.DefaultRpcScheduler, ipcBackoff: false.
2023-08-04 02:32:49,194 [Time-limited test] INFO  ipc.Server (Server.java:<init>(1287)) - Listener at 0.0.0.0:9861
2023-08-04 02:32:49,195 [Socket Reader #1 for port 9861] INFO  ipc.Server (Server.java:run(1323)) - Starting Socket Reader #1 for port 9861
2023-08-04 02:32:49,205 [Time-limited test] INFO  ipc.CallQueueManager (CallQueueManager.java:<init>(90)) - Using callQueue: class java.util.concurrent.LinkedBlockingQueue, queueCapacity: 10000, scheduler: class org.apache.hadoop.ipc.DefaultRpcScheduler, ipcBackoff: false.
2023-08-04 02:32:49,205 [Time-limited test] INFO  ipc.Server (Server.java:<init>(1287)) - Listener at 0.0.0.0:9863
2023-08-04 02:32:49,206 [Socket Reader #1 for port 9863] INFO  ipc.Server (Server.java:run(1323)) - Starting Socket Reader #1 for port 9863
2023-08-04 02:32:49,208 [Time-limited test] INFO  ipc.CallQueueManager (CallQueueManager.java:<init>(90)) - Using callQueue: class java.util.concurrent.LinkedBlockingQueue, queueCapacity: 10000, scheduler: class org.apache.hadoop.ipc.DefaultRpcScheduler, ipcBackoff: false.
2023-08-04 02:32:49,208 [Time-limited test] INFO  ipc.Server (Server.java:<init>(1287)) - Listener at 0.0.0.0:9860
2023-08-04 02:32:49,210 [Socket Reader #1 for port 9860] INFO  ipc.Server (Server.java:run(1323)) - Starting Socket Reader #1 for port 9860
2023-08-04 02:32:49,217 [Time-limited test] INFO  ha.SCMServiceManager (SCMServiceManager.java:register(42)) - Registering service ContainerBalancer.
2023-08-04 02:32:49,217 [Time-limited test] INFO  server.StorageContainerManager (StorageContainerManager.java:<init>(437)) - 
Container Balancer status:
Key                            Value
Running                        false
Container Balancer Configuration values:
Key                                                Value
Threshold                                          10
Max Datanodes to Involve per Iteration(percent)    20
Max Size to Move per Iteration                     500GB
Max Size Entering Target per Iteration             26GB
Max Size Leaving Source per Iteration              26GB

2023-08-04 02:32:49,217 [Time-limited test] INFO  ha.SCMContext (SCMContext.java:updateSafeModeStatus(228)) - Update SafeModeStatus from SafeModeStatus{safeModeStatus=true, preCheckPassed=false} to SafeModeStatus{safeModeStatus=true, preCheckPassed=false}.
2023-08-04 02:32:49,218 [Time-limited test] INFO  server.StorageContainerManager (StorageContainerManager.java:start(1491)) - StorageContainerLocationProtocol RPC server is listening at /0.0.0.0:9860
2023-08-04 02:32:49,219 [Time-limited test] WARN  impl.MetricsConfig (MetricsConfig.java:loadFirst(136)) - Cannot locate configuration: tried hadoop-metrics2-storagecontainermanager.properties,hadoop-metrics2.properties
2023-08-04 02:32:49,220 [Time-limited test] INFO  impl.MetricsSystemImpl (MetricsSystemImpl.java:startTimer(378)) - Scheduled Metric snapshot period at 10 second(s).
2023-08-04 02:32:49,220 [Time-limited test] INFO  impl.MetricsSystemImpl (MetricsSystemImpl.java:start(191)) - StorageContainerManager metrics system started
2023-08-04 02:32:49,235 [Time-limited test] INFO  impl.MetricsSinkAdapter (MetricsSinkAdapter.java:start(204)) - Sink prometheus started
2023-08-04 02:32:49,235 [Time-limited test] INFO  impl.MetricsSystemImpl (MetricsSystemImpl.java:registerSink(305)) - Registered sink prometheus
2023-08-04 02:32:49,258 [Time-limited test] INFO  server.SCMClientProtocolServer (SCMClientProtocolServer.java:start(200)) - RPC server for Client  is listening at /0.0.0.0:9860
2023-08-04 02:32:49,259 [IPC Server Responder] INFO  ipc.Server (Server.java:run(1562)) - IPC Server Responder: starting
2023-08-04 02:32:49,262 [IPC Server listener on 9860] INFO  ipc.Server (Server.java:run(1402)) - IPC Server listener on 9860: starting
2023-08-04 02:32:49,274 [Time-limited test] INFO  server.StorageContainerManager (StorageContainerManager.java:start(1504)) - ScmBlockLocationProtocol RPC server is listening at /0.0.0.0:9863
2023-08-04 02:32:49,275 [Time-limited test] INFO  server.SCMBlockProtocolServer (SCMBlockProtocolServer.java:start(152)) - RPC server for Block Protocol is listening at /0.0.0.0:9863
2023-08-04 02:32:49,275 [IPC Server Responder] INFO  ipc.Server (Server.java:run(1562)) - IPC Server Responder: starting
2023-08-04 02:32:49,276 [IPC Server listener on 9863] INFO  ipc.Server (Server.java:run(1402)) - IPC Server listener on 9863: starting
2023-08-04 02:32:49,293 [Time-limited test] INFO  server.SCMDatanodeProtocolServer (SCMDatanodeProtocolServer.java:start(193)) - ScmDatanodeProtocol RPC server for DataNodes is listening at /0.0.0.0:9861
2023-08-04 02:32:49,294 [IPC Server Responder] INFO  ipc.Server (Server.java:run(1562)) - IPC Server Responder: starting
2023-08-04 02:32:49,299 [IPC Server listener on 9861] INFO  ipc.Server (Server.java:run(1402)) - IPC Server listener on 9861: starting
2023-08-04 02:32:49,312 [Time-limited test] INFO  server.SCMSecurityProtocolServer (SCMSecurityProtocolServer.java:start(544)) - Starting RPC server for SCMSecurityProtocolServer. is listening at /0.0.0.0:9961
2023-08-04 02:32:49,313 [IPC Server Responder] INFO  ipc.Server (Server.java:run(1562)) - IPC Server Responder: starting
2023-08-04 02:32:49,313 [IPC Server listener on 9961] INFO  ipc.Server (Server.java:run(1402)) - IPC Server listener on 9961: starting
2023-08-04 02:32:49,314 [Time-limited test] INFO  server.SCMUpdateServiceGrpcServer (SCMUpdateServiceGrpcServer.java:start(58)) - SCMUpdateService starting
2023-08-04 02:32:49,320 [JvmPauseMonitor1] INFO  util.JvmPauseMonitor (JvmPauseMonitor.java:run(103)) - JvmPauseMonitor-7738a34f-2a88-4876-92b8-c95136c55bf8: Started
2023-08-04 02:32:49,321 [Time-limited test] INFO  http.BaseHttpServer (BaseHttpServer.java:newHttpServer2BuilderForOzone(224)) - Starting Web-server for scm at: http://0.0.0.0:9876
2023-08-04 02:32:49,323 [Time-limited test] INFO  http.BaseHttpServer (BaseHttpServer.java:<init>(111)) - Hadoop Security Enabled: true Ozone Security Enabled: true Ozone HTTP Security Enabled: false 
2023-08-04 02:32:49,330 [Time-limited test] WARN  server.AuthenticationFilter (AuthenticationFilter.java:constructSecretProvider(240)) - Unable to initialize FileSignerSecretProvider, falling back to use random secrets. Reason: Could not read signature secret file: /home/runner/hadoop-http-auth-signature-secret
2023-08-04 02:32:49,332 [Time-limited test] INFO  http.HttpRequestLog (HttpRequestLog.java:getRequestLog(86)) - Http request log for http.requests.scm is not defined
2023-08-04 02:32:49,335 [Time-limited test] INFO  http.HttpServer2 (HttpServer2.java:addGlobalFilter(1031)) - Added global filter 'safety' (class=org.apache.hadoop.hdds.server.http.HttpServer2$QuotingInputFilter)
2023-08-04 02:32:49,336 [Time-limited test] INFO  http.HttpServer2 (HttpServer2.java:addFilter(1007)) - Added filter static_user_filter (class=org.apache.hadoop.http.lib.StaticUserWebFilter$StaticUserFilter) to context scm
2023-08-04 02:32:49,336 [Time-limited test] INFO  http.HttpServer2 (HttpServer2.java:addFilter(1015)) - Added filter static_user_filter (class=org.apache.hadoop.http.lib.StaticUserWebFilter$StaticUserFilter) to context static
2023-08-04 02:32:49,336 [Time-limited test] INFO  http.HttpServer2 (HttpServer2.java:addFilter(1015)) - Added filter static_user_filter (class=org.apache.hadoop.http.lib.StaticUserWebFilter$StaticUserFilter) to context logs
2023-08-04 02:32:49,339 [Time-limited test] INFO  http.BaseHttpServer (BaseHttpServer.java:<init>(190)) - HTTP server of scm uses base directory /tmp/junit6095035608874190202/junit3171993202794764071/scm-meta/webserver
2023-08-04 02:32:49,340 [Time-limited test] INFO  http.HttpServer2 (HttpServer2.java:bindListener(1250)) - Jetty bound to port 9876
2023-08-04 02:32:49,340 [Time-limited test] INFO  server.Server (Server.java:doStart(375)) - jetty-9.4.51.v20230217; built: 2023-02-17T08:19:37.309Z; git: b45c405e4544384de066f814ed42ae3dceacdd49; jvm 1.8.0_372-b07
2023-08-04 02:32:49,342 [Time-limited test] INFO  server.session (DefaultSessionIdManager.java:doStart(334)) - DefaultSessionIdManager workerName=node0
2023-08-04 02:32:49,342 [Time-limited test] INFO  server.session (DefaultSessionIdManager.java:doStart(339)) - No SessionScavenger set, using defaults
2023-08-04 02:32:49,342 [Time-limited test] INFO  server.session (HouseKeeper.java:startScavenging(132)) - node0 Scavenging every 660000ms
2023-08-04 02:32:49,344 [Time-limited test] INFO  handler.ContextHandler (ContextHandler.java:doStart(921)) - Started o.e.j.s.ServletContextHandler@5e6be262{logs,/logs,file:///home/runner/work/ozone/ozone/hadoop-ozone/integration-test/target/log,AVAILABLE}
2023-08-04 02:32:49,344 [Time-limited test] INFO  handler.ContextHandler (ContextHandler.java:doStart(921)) - Started o.e.j.s.ServletContextHandler@745daa9b{static,/static,file:///home/runner/work/ozone/ozone/hadoop-ozone/integration-test/target/test-classes/webapps/static,AVAILABLE}
2023-08-04 02:32:49,349 [Time-limited test] INFO  handler.ContextHandler (ContextHandler.java:doStart(921)) - Started o.e.j.w.WebAppContext@6f7b215f{scm,/,file:///home/runner/work/ozone/ozone/hadoop-ozone/integration-test/target/test-classes/webapps/scm/,AVAILABLE}{file:/home/runner/work/ozone/ozone/hadoop-ozone/integration-test/target/test-classes/webapps/scm}
2023-08-04 02:32:49,350 [Time-limited test] INFO  server.AbstractConnector (AbstractConnector.java:doStart(333)) - Started ServerConnector@4f8eae91{HTTP/1.1, (http/1.1)}{0.0.0.0:9876}
2023-08-04 02:32:49,350 [Time-limited test] INFO  server.Server (Server.java:doStart(415)) - Started @10528ms
2023-08-04 02:32:49,350 [Time-limited test] WARN  impl.MetricsSystemImpl (MetricsSystemImpl.java:register(279)) - Sink prometheus already exists!
2023-08-04 02:32:49,351 [Time-limited test] INFO  http.BaseHttpServer (BaseHttpServer.java:updateConnectorAddress(344)) - HTTP server of scm listening at http://0.0.0.0:9876
2023-08-04 02:32:49,351 [Time-limited test] WARN  server.ServerUtils (ServerUtils.java:getDBPath(311)) - ozone.om.db.dirs is not configured. We recommend adding this setting. Falling back to ozone.metadata.dirs instead.
2023-08-04 02:32:49,363 [Time-limited test] INFO  ha.OMHANodeDetails (OMHANodeDetails.java:loadOMHAConfig(115)) - ozone.om.internal.service.id is not defined, falling back to ozone.om.service.ids to find serviceID for OzoneManager if it is HA enabled cluster
2023-08-04 02:32:49,363 [Time-limited test] INFO  ha.OMHANodeDetails (OMHANodeDetails.java:loadOMHAConfig(226)) - Configuration does not have ozone.om.address set. Falling back to the default OM address fv-az621-180/10.1.0.9:1202
2023-08-04 02:32:49,363 [Time-limited test] INFO  ha.OMHANodeDetails (OMHANodeDetails.java:getOMNodeDetailsForNonHA(254)) - OM Service ID is not set. Setting it to the default ID: omServiceIdDefault
2023-08-04 02:32:49,364 [Time-limited test] INFO  ha.OMHANodeDetails (OMHANodeDetails.java:getOMNodeDetailsForNonHA(261)) - OM Node ID is not set. Setting it to the default ID: om1
2023-08-04 02:32:49,369 [Time-limited test] WARN  server.ServerUtils (ServerUtils.java:getDBPath(311)) - ozone.om.db.dirs is not configured. We recommend adding this setting. Falling back to ozone.metadata.dirs instead.
2023-08-04 02:32:49,374 [Time-limited test] INFO  upgrade.AbstractLayoutVersionManager (AbstractLayoutVersionManager.java:init(83)) - Initializing Layout version manager with metadata layout = QUOTA (version = 6), software layout = QUOTA (version = 6)
2023-08-04 02:32:49,531 [Time-limited test] INFO  reflections.Reflections (Reflections.java:scan(232)) - Reflections took 153 ms to scan 2 urls, producing 188 keys and 512 values [using 2 cores]
2023-08-04 02:32:49,541 [Time-limited test] INFO  upgrade.OMLayoutVersionManager (OMLayoutVersionManager.java:lambda$0(115)) - Skipping Upgrade Action QuotaRepairUpgradeAction since it has been finalized.
2023-08-04 02:32:49,543 [Time-limited test] INFO  upgrade.OMLayoutVersionManager (OMLayoutVersionManager.java:lambda$0(115)) - Skipping Upgrade Action MockOmUpgradeAction since it has been finalized.
2023-08-04 02:32:49,544 [Time-limited test] WARN  server.ServerUtils (ServerUtils.java:getDBPath(311)) - ozone.om.db.dirs is not configured. We recommend adding this setting. Falling back to ozone.metadata.dirs instead.
2023-08-04 02:32:49,852 [Time-limited test] INFO  proxy.SCMBlockLocationFailoverProxyProvider (SCMBlockLocationFailoverProxyProvider.java:<init>(114)) - Created block location fail-over proxy with 1 nodes: [nodeId=scmNodeId,nodeAddress=/0.0.0.0:9863]
2023-08-04 02:32:49,913 [Time-limited test] INFO  om.OzoneManager (OzoneManager.java:<init>(662)) - OM start with adminUsers: [scm/fv-az621-180@EXAMPLE.COM, scm]
2023-08-04 02:32:49,941 [Time-limited test] WARN  server.ServerUtils (ServerUtils.java:getDBPath(311)) - ozone.om.db.dirs is not configured. We recommend adding this setting. Falling back to ozone.metadata.dirs instead.
2023-08-04 02:32:49,968 [Time-limited test] INFO  helpers.OmKeyInfo (OmKeyInfo.java:getCodec(71)) - OmKeyInfo.getCodec ignorePipeline = true
2023-08-04 02:32:50,243 [Time-limited test] INFO  om.OzoneManager (OzoneManager.java:instantiateServices(791)) - S3 Multi-Tenancy is disabled
2023-08-04 02:32:50,257 [Time-limited test] INFO  security.OzoneSecretStore (OzoneSecretStore.java:loadState(69)) - Loaded 0 tokens
2023-08-04 02:32:50,257 [Time-limited test] INFO  security.OzoneDelegationTokenSecretManager (OzoneDelegationTokenSecretManager.java:loadTokenSecretState(530)) - Loading token state into token manager.
2023-08-04 02:32:50,283 [Time-limited test] INFO  om.OmSnapshotManager (OmSnapshotManager.java:<init>(175)) - Ozone filesystem snapshot feature is enabled.
2023-08-04 02:32:50,293 [Time-limited test] WARN  server.ServerUtils (ServerUtils.java:getDBPath(311)) - ozone.om.snapshot.diff.db.dir is not configured. We recommend adding this setting. Falling back to ozone.metadata.dirs instead.
2023-08-04 02:32:50,337 [Time-limited test] INFO  utils.NativeLibraryLoader (NativeLibraryLoader.java:loadLibrary(105)) - Loading Library: ozone_rocksdb_tools
2023-08-04 02:32:50,338 [Time-limited test] INFO  snapshot.SnapshotDiffManager (SnapshotDiffManager.java:closeExecutorService(1720)) - Shutting down executorService: 'SstDumpToolExecutor'
2023-08-04 02:32:50,399 [Time-limited test] INFO  om.OzoneManager (OzoneManager.java:addS3GVolumeToDB(4287)) - Created Volume s3v With Owner scm required for S3Gateway operations.
2023-08-04 02:32:50,468 [Time-limited test] WARN  server.ServerUtils (ServerUtils.java:getDefaultRatisDirectory(323)) - Storage directory for Ratis is not configured. It is a good idea to map this to an SSD disk. Falling back to ozone.metadata.dirs
2023-08-04 02:32:50,469 [Time-limited test] WARN  utils.OzoneManagerRatisUtils (OzoneManagerRatisUtils.java:getOMRatisSnapshotDirectory(461)) - ozone.om.ratis.snapshot.dir is not configured. Falling back to ozone.metadata.dirs config
2023-08-04 02:32:50,481 [Time-limited test] WARN  server.ServerUtils (ServerUtils.java:getDefaultRatisDirectory(323)) - Storage directory for Ratis is not configured. It is a good idea to map this to an SSD disk. Falling back to ozone.metadata.dirs
2023-08-04 02:32:50,510 [Time-limited test] INFO  ratis.OzoneManagerRatisServer (OzoneManagerRatisServer.java:<init>(163)) - Instantiating OM Ratis server with groupID: omServiceIdDefault and peers: fv-az621-180:9872
2023-08-04 02:32:50,519 [Time-limited test] INFO  ratis.OzoneManagerStateMachine (OzoneManagerStateMachine.java:loadSnapshotInfoFromDB(687)) - LastAppliedIndex is set from TransactionInfo from OM DB as (t:0, i:~)
2023-08-04 02:32:50,583 [Time-limited test] INFO  server.RaftServer (ConfUtils.java:logGet(46)) - raft.rpc.type = GRPC (default)
2023-08-04 02:32:50,591 [Time-limited test] INFO  grpc.GrpcConfigKeys (ConfUtils.java:logFallback(53)) - raft.grpc.admin.host = null (fallback to raft.grpc.server.host)
2023-08-04 02:32:50,593 [Time-limited test] INFO  grpc.GrpcConfigKeys (ConfUtils.java:logFallback(53)) - raft.grpc.admin.port = 9872 (fallback to raft.grpc.server.port)
2023-08-04 02:32:50,593 [Time-limited test] INFO  grpc.GrpcConfigKeys (ConfUtils.java:logFallback(53)) - raft.grpc.client.host = null (fallback to raft.grpc.server.host)
2023-08-04 02:32:50,593 [Time-limited test] INFO  grpc.GrpcConfigKeys (ConfUtils.java:logFallback(53)) - raft.grpc.client.port = 9872 (fallback to raft.grpc.server.port)
2023-08-04 02:32:50,594 [Time-limited test] INFO  grpc.GrpcConfigKeys (ConfUtils.java:logGet(46)) - raft.grpc.server.host = null (default)
2023-08-04 02:32:50,594 [Time-limited test] INFO  grpc.GrpcConfigKeys (ConfUtils.java:logGet(46)) - raft.grpc.server.port = 9872 (custom)
2023-08-04 02:32:50,594 [Time-limited test] INFO  server.GrpcService (ConfUtils.java:logGet(46)) - raft.grpc.message.size.max = 33554432 (custom)
2023-08-04 02:32:50,595 [Time-limited test] INFO  server.RaftServerConfigKeys (ConfUtils.java:logGet(46)) - raft.server.log.appender.buffer.byte-limit = 33554432 (custom)
2023-08-04 02:32:50,596 [Time-limited test] INFO  server.GrpcService (ConfUtils.java:logGet(46)) - raft.grpc.flow.control.window = 1MB (=1048576) (default)
2023-08-04 02:32:50,596 [Time-limited test] INFO  server.RaftServerConfigKeys (ConfUtils.java:logGet(46)) - raft.server.rpc.request.timeout = 3000ms (default)
2023-08-04 02:32:50,606 [Time-limited test] INFO  grpc.GrpcConfigKeys (ConfUtils.java:logGet(46)) - raft.grpc.server.heartbeat.channel = true (default)
2023-08-04 02:32:50,609 [Time-limited test] INFO  grpc.GrpcConfigKeys (ConfUtils.java:logGet(46)) - raft.grpc.server.async.request.thread.pool.cached = true (default)
2023-08-04 02:32:50,610 [Time-limited test] INFO  grpc.GrpcConfigKeys (ConfUtils.java:logGet(46)) - raft.grpc.server.async.request.thread.pool.size = 32 (default)
2023-08-04 02:32:50,659 [Time-limited test] INFO  impl.DataStreamServerImpl (ConfUtils.java:logGet(46)) - raft.datastream.type = DISABLED (default)
2023-08-04 02:32:50,661 [Time-limited test] INFO  server.RaftServerConfigKeys (ConfUtils.java:logGet(46)) - raft.server.threadpool.proxy.cached = true (default)
2023-08-04 02:32:50,661 [Time-limited test] INFO  server.RaftServerConfigKeys (ConfUtils.java:logGet(46)) - raft.server.threadpool.proxy.size = 0 (default)
2023-08-04 02:32:50,662 [Time-limited test] INFO  server.RaftServerConfigKeys (ConfUtils.java:logGet(46)) - raft.server.rpc.slowness.timeout = 120s (custom)
2023-08-04 02:32:50,662 [Time-limited test] INFO  server.RaftServerConfigKeys (ConfUtils.java:logGet(46)) - raft.server.leaderelection.leader.step-down.wait-time = 10s (default)
2023-08-04 02:32:50,663 [Time-limited test] INFO  server.RaftServerConfigKeys (ConfUtils.java:logGet(46)) - raft.server.storage.dir = [/tmp/junit6095035608874190202/junit3171993202794764071/scm-meta/ratis] (custom)
2023-08-04 02:32:50,672 [Time-limited test] INFO  server.RaftServer (RaftServerProxy.java:addNew(98)) - om1: addNew group-C5BA1605619E:[om1|rpc:fv-az621-180:9872|priority:0|startupRole:FOLLOWER] returns group-C5BA1605619E:java.util.concurrent.CompletableFuture@227ba7c8[Not completed]
2023-08-04 02:32:50,672 [Time-limited test] INFO  om.OzoneManager (OzoneManager.java:initializeRatisServer(2128)) - OzoneManager Ratis server initialized at port 9872
2023-08-04 02:32:50,675 [Time-limited test] INFO  om.OzoneManager (OzoneManager.java:getRpcServer(1193)) - Creating RPC Server
2023-08-04 02:32:50,710 [om1-groupManagement] INFO  server.RaftServer$Division (RaftServerImpl.java:<init>(198)) - om1: new RaftServerImpl for group-C5BA1605619E:[om1|rpc:fv-az621-180:9872|priority:0|startupRole:FOLLOWER] with OzoneManagerStateMachine:uninitialized
2023-08-04 02:32:50,711 [om1-groupManagement] INFO  server.RaftServerConfigKeys (ConfUtils.java:logGet(46)) - raft.server.rpc.timeout.min = 5s (custom)
2023-08-04 02:32:50,712 [om1-groupManagement] INFO  server.RaftServerConfigKeys (ConfUtils.java:logGet(46)) - raft.server.rpc.timeout.max = 5200ms (custom)
2023-08-04 02:32:50,712 [om1-groupManagement] INFO  server.RaftServerConfigKeys (ConfUtils.java:logGet(46)) - raft.server.rpc.sleep.time = 25ms (default)
2023-08-04 02:32:50,712 [om1-groupManagement] INFO  server.RaftServerConfigKeys (ConfUtils.java:logGet(46)) - raft.server.rpc.slowness.timeout = 120s (custom)
2023-08-04 02:32:50,712 [om1-groupManagement] INFO  server.RaftServerConfigKeys (ConfUtils.java:logGet(46)) - raft.server.leaderelection.leader.step-down.wait-time = 10s (default)
2023-08-04 02:32:50,712 [om1-groupManagement] INFO  server.RaftServerConfigKeys (ConfUtils.java:logGet(46)) - raft.server.sleep.deviation.threshold = 300ms (default)
2023-08-04 02:32:50,719 [om1-groupManagement] INFO  server.RaftServer$Division (ServerState.java:<init>(120)) - om1@group-C5BA1605619E: ConfigurationManager, init=-1: peers:[om1|rpc:fv-az621-180:9872|priority:0|startupRole:FOLLOWER]|listeners:[], old=null, confs=<EMPTY_MAP>
2023-08-04 02:32:50,719 [om1-groupManagement] INFO  server.RaftServerConfigKeys (ConfUtils.java:logGet(46)) - raft.server.storage.dir = [/tmp/junit6095035608874190202/junit3171993202794764071/scm-meta/ratis] (custom)
2023-08-04 02:32:50,735 [om1-groupManagement] INFO  server.RaftServerConfigKeys (ConfUtils.java:logGet(46)) - raft.server.log.corruption.policy = EXCEPTION (default)
2023-08-04 02:32:50,735 [om1-groupManagement] INFO  server.RaftServerConfigKeys (ConfUtils.java:logGet(46)) - raft.server.storage.free-space.min = 0MB (=0) (default)
2023-08-04 02:32:50,742 [om1-groupManagement] INFO  server.RaftServerConfigKeys (ConfUtils.java:logGet(46)) - raft.server.notification.no-leader.timeout = 120s (custom)
2023-08-04 02:32:50,755 [om1-groupManagement] INFO  server.RaftServerConfigKeys (ConfUtils.java:logGet(46)) - raft.server.read.timeout = 10s (default)
2023-08-04 02:32:50,759 [om1-groupManagement] INFO  server.RaftServerConfigKeys (ConfUtils.java:logGet(46)) - raft.server.retrycache.expirytime = 300s (custom)
2023-08-04 02:32:50,759 [om1-groupManagement] INFO  server.RaftServerConfigKeys (ConfUtils.java:logGet(46)) - raft.server.retrycache.statistics.expirytime = 100μs (default)
2023-08-04 02:32:50,835 [om1-groupManagement] INFO  server.RaftServerConfigKeys (ConfUtils.java:logGet(46)) - raft.server.read.option = DEFAULT (default)
2023-08-04 02:32:50,884 [om1-groupManagement] INFO  server.RaftServerConfigKeys (ConfUtils.java:logGet(46)) - raft.server.rpc.request.timeout = 3000ms (default)
2023-08-04 02:32:50,887 [om1-groupManagement] INFO  server.RaftServerConfigKeys (ConfUtils.java:logGet(46)) - raft.server.log.appender.install.snapshot.enabled = false (custom)
2023-08-04 02:32:50,887 [om1-groupManagement] INFO  server.RaftServerConfigKeys (ConfUtils.java:logGet(46)) - raft.server.threadpool.server.cached = true (default)
2023-08-04 02:32:50,888 [om1-groupManagement] INFO  server.RaftServerConfigKeys (ConfUtils.java:logGet(46)) - raft.server.threadpool.server.size = 0 (default)
2023-08-04 02:32:50,888 [om1-groupManagement] INFO  server.RaftServerConfigKeys (ConfUtils.java:logGet(46)) - raft.server.threadpool.client.cached = true (default)
2023-08-04 02:32:50,888 [om1-groupManagement] INFO  server.RaftServerConfigKeys (ConfUtils.java:logGet(46)) - raft.server.threadpool.client.size = 0 (default)
2023-08-04 02:32:51,386 [Time-limited test] INFO  reflections.Reflections (Reflections.java:scan(232)) - Reflections took 630 ms to scan 19 urls, producing 70 keys and 5598 values [using 2 cores]
2023-08-04 02:32:51,571 [Time-limited test] INFO  ipc.CallQueueManager (CallQueueManager.java:<init>(90)) - Using callQueue: class java.util.concurrent.LinkedBlockingQueue, queueCapacity: 10000, scheduler: class org.apache.hadoop.ipc.DefaultRpcScheduler, ipcBackoff: false.
2023-08-04 02:32:51,571 [Time-limited test] INFO  ipc.Server (Server.java:<init>(1287)) - Listener at fv-az621-180:1202
2023-08-04 02:32:51,572 [Socket Reader #1 for port 1202] INFO  ipc.Server (Server.java:run(1323)) - Starting Socket Reader #1 for port 1202
2023-08-04 02:32:51,603 [Time-limited test] INFO  ha.OMHANodeDetails (OMHANodeDetails.java:loadOMHAConfig(115)) - ozone.om.internal.service.id is not defined, falling back to ozone.om.service.ids to find serviceID for OzoneManager if it is HA enabled cluster
2023-08-04 02:32:51,603 [Time-limited test] INFO  ha.OMHANodeDetails (OMHANodeDetails.java:loadOMHAConfig(226)) - Configuration does not have ozone.om.address set. Falling back to the default OM address fv-az621-180/10.1.0.9:1202
2023-08-04 02:32:51,603 [Time-limited test] INFO  ha.OMHANodeDetails (OMHANodeDetails.java:getOMNodeDetailsForNonHA(254)) - OM Service ID is not set. Setting it to the default ID: omServiceIdDefault
2023-08-04 02:32:51,603 [Time-limited test] INFO  ha.OMHANodeDetails (OMHANodeDetails.java:getOMNodeDetailsForNonHA(261)) - OM Node ID is not set. Setting it to the default ID: om1
2023-08-04 02:32:51,608 [pool-39-thread-2] INFO  request.KdcRequest (KdcRequest.java:preauth(651)) - The preauth data is empty.
2023-08-04 02:32:51,608 [pool-39-thread-2] INFO  server.KdcHandler (KdcHandler.java:handleRecoverableException(177)) - KRB error occurred while processing request:Additional pre-authentication required
2023-08-04 02:32:51,615 [pool-39-thread-2] INFO  request.AsRequest (AsRequest.java:issueTicket(112)) - AS_REQ ISSUE: authtime 1691116371615,scm/fv-az621-180@EXAMPLE.COM for krbtgt/EXAMPLE.COM@EXAMPLE.COM
2023-08-04 02:32:51,620 [Time-limited test] INFO  security.UserGroupInformation (UserGroupInformation.java:loginUserFromKeytab(1132)) - Login successful for user scm/fv-az621-180@EXAMPLE.COM using keytab file scm.keytab. Keytab auto renewal enabled : false
2023-08-04 02:32:51,621 [Time-limited test] INFO  om.OzoneManager (OzoneManager.java:loginOMUser(1161)) - Ozone Manager login successful.
2023-08-04 02:32:51,621 [Time-limited test] WARN  server.ServerUtils (ServerUtils.java:getDBPath(311)) - ozone.om.db.dirs is not configured. We recommend adding this setting. Falling back to ozone.metadata.dirs instead.
2023-08-04 02:32:51,624 [Time-limited test] INFO  proxy.SCMBlockLocationFailoverProxyProvider (SCMBlockLocationFailoverProxyProvider.java:<init>(114)) - Created block location fail-over proxy with 1 nodes: [nodeId=scmNodeId,nodeAddress=/0.0.0.0:9863]
2023-08-04 02:32:51,641 [pool-39-thread-2] INFO  request.TgsRequest (TgsRequest.java:issueTicket(115)) - TGS_REQ ISSUE: authtime 1691116371641,scm/fv-az621-180 for scm/fv-az621-180@EXAMPLE.COM
2023-08-04 02:32:51,653 [Socket Reader #1 for port 9863] INFO  ipc.Server (Server.java:saslProcess(2139)) - Auth successful for scm/fv-az621-180@EXAMPLE.COM (auth:KERBEROS) from fv-az621-180:32859 / 10.1.0.9:32859
OM already initialized.Reusing existing cluster id for sd=/tmp/junit6095035608874190202/junit3171993202794764071/scm-meta/om;cid=72d4e1e2-e93a-4e6b-ac7b-83acacb3bf44;layoutVersion=6
2023-08-04 02:32:51,700 [Time-limited test] INFO  om.OzoneManager (OzoneManager.java:omInit(1369)) - OM storage initialized. Initializing security
2023-08-04 02:32:51,700 [Time-limited test] INFO  om.OzoneManager (OzoneManager.java:initializeSecurity(1382)) - Initializing secure OzoneManager.
2023-08-04 02:32:51,700 [Time-limited test] INFO  om.OzoneManager (OzoneManager.java:getOmDetailsProto(4555)) - OzoneManager ports added:[name: "RPC"
value: 1202
]
2023-08-04 02:32:51,703 [Time-limited test] INFO  security.OMCertificateClient (DefaultCertificateClient.java:updateCertSerialId(1226)) - Certificate serial ID set to null
2023-08-04 02:32:51,704 [Time-limited test] ERROR security.OMCertificateClient (DefaultCertificateClient.java:getCertPath(361)) - Default certificate serial id is not set. Can't locate the default certificate for this client.
2023-08-04 02:32:51,704 [Time-limited test] INFO  security.OMCertificateClient (DefaultCertificateClient.java:init(707)) - Certificate client init case: 0
2023-08-04 02:32:51,704 [Time-limited test] INFO  security.OMCertificateClient (CommonCertificateClient.java:handleCase(73)) - Creating keypair for client as keypair and certificate not found.
2023-08-04 02:32:51,959 [Time-limited test] INFO  om.OzoneManager (OzoneManager.java:initializeSecurity(1395)) - Init response: GETCERT
2023-08-04 02:32:51,960 [Time-limited test] INFO  ozone.OzoneSecurityUtil (OzoneSecurityUtil.java:getValidInetsForCurrentHost(119)) - ip:fe80:0:0:0:20d:3aff:fe7a:a89f%eth0 not returned.
2023-08-04 02:32:51,960 [Time-limited test] INFO  ozone.OzoneSecurityUtil (OzoneSecurityUtil.java:getValidInetsForCurrentHost(116)) - Adding ip:10.1.0.9,host:fv-az621-180
2023-08-04 02:32:51,960 [Time-limited test] INFO  ozone.OzoneSecurityUtil (OzoneSecurityUtil.java:getValidInetsForCurrentHost(119)) - ip:0:0:0:0:0:0:0:1%lo not returned.
2023-08-04 02:32:51,960 [Time-limited test] INFO  ozone.OzoneSecurityUtil (OzoneSecurityUtil.java:getValidInetsForCurrentHost(119)) - ip:127.0.0.1 not returned.
2023-08-04 02:32:51,960 [Time-limited test] ERROR utils.CertificateSignRequest (CertificateSignRequest.java:lambda$addInetAddresses$0(295)) - Invalid domain fv-az621-180
2023-08-04 02:32:51,961 [Time-limited test] INFO  security.OMCertificateClient (OMCertificateClient.java:getCSRBuilder(114)) - Creating csr for OM->dns:fv-az621-180,ip:10.1.0.9,scmId:7738a34f-2a88-4876-92b8-c95136c55bf8,clusterId:72d4e1e2-e93a-4e6b-ac7b-83acacb3bf44,subject:fv-az621-180
2023-08-04 02:32:51,976 [Socket Reader #1 for port 9961] INFO  ipc.Server (Server.java:saslProcess(2139)) - Auth successful for scm/fv-az621-180@EXAMPLE.COM (auth:KERBEROS) from fv-az621-180:33343 / 10.1.0.9:33343
2023-08-04 02:32:51,983 [IPC Server handler 0 on default port 9961] INFO  server.SCMSecurityProtocolServer (SCMSecurityProtocolServer.java:getOMCertificate(289)) - Processing CSR for om fv-az621-180, UUID: acc438aa-6c19-4d83-a44e-c74e184b039c
2023-08-04 02:32:51,987 [IPC Server handler 0 on default port 9961] INFO  authority.DefaultApprover (DefaultApprover.java:sign(154)) - Extensions in CSR: 2.5.29.15, 2.5.29.17
2023-08-04 02:32:51,987 [IPC Server handler 0 on default port 9961] INFO  authority.DefaultApprover (DefaultApprover.java:sign(158)) - Extensions to add to the certificate if they present in CSR: 2.5.29.17, 2.5.29.19, 1.3.6.1.5.5.7.1.12, 2.5.29.35, 2.5.29.37, 2.5.29.15
2023-08-04 02:32:52,003 [Time-limited test] INFO  utils.CertificateCodec (CertificateCodec.java:writeCertificate(299)) - Save certificate to /tmp/junit6095035608874190202/junit3171993202794764071/scm-meta/om/certs/1418884799945.crt
2023-08-04 02:32:52,003 [Time-limited test] INFO  utils.CertificateCodec (CertificateCodec.java:writeCertificate(300)) - Certificate -----BEGIN CERTIFICATE-----
MIIDpDCCAoygAwIBAgIGAUpcH93JMA0GCSqGSIb3DQEBCwUAMIGLMSswKQYDVQQD
DCJzY20tc3ViLTE0MTU4ODYxNzQ4ODJAZnYtYXo2MjEtMTgwMS0wKwYDVQQLDCQ3
NzM4YTM0Zi0yYTg4LTQ4NzYtOTJiOC1jOTUxMzZjNTViZjgxLTArBgNVBAoMJDcy
ZDRlMWUyLWU5M2EtNGU2Yi1hYzdiLTgzYWNhY2IzYmY0NDAeFw0yMzA4MDQwMjMy
NTFaFw0yNDA4MDMwMjMyNTFaMHUxFTATBgNVBAMMDGZ2LWF6NjIxLTE4MDEtMCsG
A1UECwwkNzczOGEzNGYtMmE4OC00ODc2LTkyYjgtYzk1MTM2YzU1YmY4MS0wKwYD
VQQKDCQ3MmQ0ZTFlMi1lOTNhLTRlNmItYWM3Yi04M2FjYWNiM2JmNDQwggEiMA0G
CSqGSIb3DQEBAQUAA4IBDwAwggEKAoIBAQCLFV0alN4umagyeAhGj1HxlovKRYZU
/fafSq/SAmNeeqMAkFXuu91AYyeq3NU17H/8USdATtwECRFuKeIu91niYNot8Cz1
ZzIPlO3JaYXwsDSQZCeWnVNfkAesQZUKVL4svAhuCNL2MnGH2316O6OeT3F4UU7V
xij3tARo5StAFSRmq2UQ8Ura4+nbtsTtwtgHul/7tjbxdnTWSlq1y289KlaVVu3B
KYn1y4V4Or93ycSmdVjO4uzz3a60iYuKwbhYMNjncruOcqZoQIQ0aNmyIumVMV+w
NNvSVENys1cuDtBxuZNCxXQlFC7yGnFeR8+4umXj/Mqu1nTnexlcGPrhAgMBAAGj
IzAhMA8GA1UdEQQIMAaHBAoBAAkwDgYDVR0PAQH/BAQDAgO4MA0GCSqGSIb3DQEB
CwUAA4IBAQCE+e27q2c6YfcJjUkenBIemPyNG/TpPnSTstQMgH7forJSzpPyesXw
axySdaCDPHF8E6K3YgHTJ4toGlclc/7go+JxwtQMkqJqLc2GhcAzd3PNPIyDxF5L
uLK0b6uVjqL1kYWYB9cthV+uJTYscpfUmOcgj5S92NDzVwrXLPA8QQzMc4BtzjEi
nnktjRaqwZWvZPzntsp7fcqdAZc24OODPku+vpkjvuICc6gbg1eqxMd2y8deO0iK
x0ljqj/Ab0RDpNhB9MhsciWKZoceNOy2yxZm10fvYMFo/ccBT4jPWKyjHqG3cDcv
mQDTeQwOG4VtK9O37MBXeR6+kLLqzwx9
-----END CERTIFICATE-----

-----BEGIN CERTIFICATE-----
MIIDuzCCAqOgAwIBAgIGAUmppB92MA0GCSqGSIb3DQEBCwUAMHsxGzAZBgNVBAMM
EnNjbS0xQGZ2LWF6NjIxLTE4MDEtMCsGA1UECwwkNzczOGEzNGYtMmE4OC00ODc2
LTkyYjgtYzk1MTM2YzU1YmY4MS0wKwYDVQQKDCQ3MmQ0ZTFlMi1lOTNhLTRlNmIt
YWM3Yi04M2FjYWNiM2JmNDQwHhcNMjMwODA0MDIzMjQ4WhcNMjgwOTExMDIzMjQ4
WjCBizErMCkGA1UEAwwic2NtLXN1Yi0xNDE1ODg2MTc0ODgyQGZ2LWF6NjIxLTE4
MDEtMCsGA1UECwwkNzczOGEzNGYtMmE4OC00ODc2LTkyYjgtYzk1MTM2YzU1YmY4
MS0wKwYDVQQKDCQ3MmQ0ZTFlMi1lOTNhLTRlNmItYWM3Yi04M2FjYWNiM2JmNDQw
ggEiMA0GCSqGSIb3DQEBAQUAA4IBDwAwggEKAoIBAQCu/tG+ReYNfcmywQWClU+v
Kym+GfKjSkRCySKpOtf4vPHUX9Q3reLslyWzMn8rGlSPZqKnspvQo16gPwgJnCaa
iuUIaebE6PEIBPLWgxBWZUF+rmVSu3aui8mO5LX3/CD2g2NwJpsZWCnlxBPoGwJY
OcWePx/1eCv8D4d/AawABqAGFr31G3G564V5+Txi0Kl3R6pVk/lv78u1yAGlfHgA
tUXiy2A737qO1hEarbbVpITweCZ+hBMLhEv/v4q6HZY9C/sRP/sSpv2JMgKlxzoO
4QiI+wsbDp5Di/MKnMhJ2I6U1YJYFmeuCtVE56sepUaHndn5Tt7hFQo6nJE94SPj
AgMBAAGjNDAyMA8GA1UdEQQIMAaHBAoBAAkwDwYDVR0TAQH/BAUwAwEB/zAOBgNV
HQ8BAf8EBAMCAb4wDQYJKoZIhvcNAQELBQADggEBAC/mLPUNQONOiviFmnqTbDQH
lomqPBfGfJqgnATWx/HKbZnPMyfhn7wjWNTKKRsys8cDxtQMnH5gGSIeSWQsXYRI
SS4s6dZYJQIsCcrm2bKwwrErA56N7h9NL09bPvf3oHO9U0vzo9sXBvDWz8MPGSWl
zHuDSaISeGz4nBJYMAdmChGejrbjzQgyQteVtCQwyh6TU3rp2ncNIEqamcfxpaQo
qRqJXkdeWcJcTEylQF6nMGJzI4964NvUD79TMrCrQoTOFTol8WlOWgX4aNQmOV2C
lYqBqN/gSDYGtUdRHXD3b7N7vUuRnSf9Yo3hL1sehVeGDZ/JUS0i2t5Tp9T3kh0=
-----END CERTIFICATE-----

-----BEGIN CERTIFICATE-----
MIIDpTCCAo2gAwIBAgIBATANBgkqhkiG9w0BAQsFADB7MRswGQYDVQQDDBJzY20t
MUBmdi1hejYyMS0xODAxLTArBgNVBAsMJDc3MzhhMzRmLTJhODgtNDg3Ni05MmI4
LWM5NTEzNmM1NWJmODEtMCsGA1UECgwkNzJkNGUxZTItZTkzYS00ZTZiLWFjN2It
ODNhY2FjYjNiZjQ0MB4XDTIzMDgwNDAyMzI0OFoXDTI4MDkxMTAyMzI0OFowezEb
MBkGA1UEAwwSc2NtLTFAZnYtYXo2MjEtMTgwMS0wKwYDVQQLDCQ3NzM4YTM0Zi0y
YTg4LTQ4NzYtOTJiOC1jOTUxMzZjNTViZjgxLTArBgNVBAoMJDcyZDRlMWUyLWU5
M2EtNGU2Yi1hYzdiLTgzYWNhY2IzYmY0NDCCASIwDQYJKoZIhvcNAQEBBQADggEP
ADCCAQoCggEBALSRX1jSv+8OR0w8Au/lIho52CUcAORFMEBOaGHzehT59WRGNi5G
q4JJFmfhhsV5Cjz7zlejxXgtaME0izs0dMhkY8Xhls749BswfD3DTO6uyM+tQstd
tyjANzhTJSjNLhwEdX/5kqhCi2G+TkkuX9DcySb5n+Ttzd+ziVQqADwFSPQxJMKj
ozTzprOdFOOSgItCTuIBL7DrFK1aCSAEyBZhUozAYh1KR5LMjcBKe3ciH8P9SaE3
UFmQZoNI4gYTI7jTHfbighUA7ch4FY3Kp78nDbTxAsk2sjBDAoJ8dDJrIcvVekw5
zgyGaFykEGQmDPnkpPQYnmX7rnLUTcZDaKsCAwEAAaM0MDIwDwYDVR0TAQH/BAUw
AwEB/zAOBgNVHQ8BAf8EBAMCAQYwDwYDVR0RBAgwBocECgEACTANBgkqhkiG9w0B
AQsFAAOCAQEAfPajuULuYfKX4CtvmoOHj+aukZTNPeouKjgFg+yqBvIdNSk2w/B+
KQ1NKSO33JmCw+J3P0JQEpA1b21058iGLOSs2tK3BZd/Lzs1lmpZ9a6Ald5Ps6ph
YAmlBi7OFwEyQM2Gfyc03neypk8CT/bq8aD9+/hxzkmAfashNbK6CncSPH5atpzQ
YV6l2czsk1XUZXtW836igQRluv7Y8MYY3jh9MFe9rsL7o5iVZJUdKOeFtMXwoyjx
O46BJWdsp3PUWn/1XOIS/JykmoG9siWMB1gLAA7q/Eo9i8NRcV2HX6gsJHcLzCcO
zpSxFNlJdBg7VukyKe+9lujju4Vq3wFpBg==
-----END CERTIFICATE-----

2023-08-04 02:32:52,005 [Time-limited test] INFO  utils.CertificateCodec (CertificateCodec.java:writeCertificate(299)) - Save certificate to /tmp/junit6095035608874190202/junit3171993202794764071/scm-meta/om/certs/CA-1415890345846.crt
2023-08-04 02:32:52,005 [Time-limited test] INFO  utils.CertificateCodec (CertificateCodec.java:writeCertificate(300)) - Certificate -----BEGIN CERTIFICATE-----
MIIDuzCCAqOgAwIBAgIGAUmppB92MA0GCSqGSIb3DQEBCwUAMHsxGzAZBgNVBAMM
EnNjbS0xQGZ2LWF6NjIxLTE4MDEtMCsGA1UECwwkNzczOGEzNGYtMmE4OC00ODc2
LTkyYjgtYzk1MTM2YzU1YmY4MS0wKwYDVQQKDCQ3MmQ0ZTFlMi1lOTNhLTRlNmIt
YWM3Yi04M2FjYWNiM2JmNDQwHhcNMjMwODA0MDIzMjQ4WhcNMjgwOTExMDIzMjQ4
WjCBizErMCkGA1UEAwwic2NtLXN1Yi0xNDE1ODg2MTc0ODgyQGZ2LWF6NjIxLTE4
MDEtMCsGA1UECwwkNzczOGEzNGYtMmE4OC00ODc2LTkyYjgtYzk1MTM2YzU1YmY4
MS0wKwYDVQQKDCQ3MmQ0ZTFlMi1lOTNhLTRlNmItYWM3Yi04M2FjYWNiM2JmNDQw
ggEiMA0GCSqGSIb3DQEBAQUAA4IBDwAwggEKAoIBAQCu/tG+ReYNfcmywQWClU+v
Kym+GfKjSkRCySKpOtf4vPHUX9Q3reLslyWzMn8rGlSPZqKnspvQo16gPwgJnCaa
iuUIaebE6PEIBPLWgxBWZUF+rmVSu3aui8mO5LX3/CD2g2NwJpsZWCnlxBPoGwJY
OcWePx/1eCv8D4d/AawABqAGFr31G3G564V5+Txi0Kl3R6pVk/lv78u1yAGlfHgA
tUXiy2A737qO1hEarbbVpITweCZ+hBMLhEv/v4q6HZY9C/sRP/sSpv2JMgKlxzoO
4QiI+wsbDp5Di/MKnMhJ2I6U1YJYFmeuCtVE56sepUaHndn5Tt7hFQo6nJE94SPj
AgMBAAGjNDAyMA8GA1UdEQQIMAaHBAoBAAkwDwYDVR0TAQH/BAUwAwEB/zAOBgNV
HQ8BAf8EBAMCAb4wDQYJKoZIhvcNAQELBQADggEBAC/mLPUNQONOiviFmnqTbDQH
lomqPBfGfJqgnATWx/HKbZnPMyfhn7wjWNTKKRsys8cDxtQMnH5gGSIeSWQsXYRI
SS4s6dZYJQIsCcrm2bKwwrErA56N7h9NL09bPvf3oHO9U0vzo9sXBvDWz8MPGSWl
zHuDSaISeGz4nBJYMAdmChGejrbjzQgyQteVtCQwyh6TU3rp2ncNIEqamcfxpaQo
qRqJXkdeWcJcTEylQF6nMGJzI4964NvUD79TMrCrQoTOFTol8WlOWgX4aNQmOV2C
lYqBqN/gSDYGtUdRHXD3b7N7vUuRnSf9Yo3hL1sehVeGDZ/JUS0i2t5Tp9T3kh0=
-----END CERTIFICATE-----

-----BEGIN CERTIFICATE-----
MIIDpTCCAo2gAwIBAgIBATANBgkqhkiG9w0BAQsFADB7MRswGQYDVQQDDBJzY20t
MUBmdi1hejYyMS0xODAxLTArBgNVBAsMJDc3MzhhMzRmLTJhODgtNDg3Ni05MmI4
LWM5NTEzNmM1NWJmODEtMCsGA1UECgwkNzJkNGUxZTItZTkzYS00ZTZiLWFjN2It
ODNhY2FjYjNiZjQ0MB4XDTIzMDgwNDAyMzI0OFoXDTI4MDkxMTAyMzI0OFowezEb
MBkGA1UEAwwSc2NtLTFAZnYtYXo2MjEtMTgwMS0wKwYDVQQLDCQ3NzM4YTM0Zi0y
YTg4LTQ4NzYtOTJiOC1jOTUxMzZjNTViZjgxLTArBgNVBAoMJDcyZDRlMWUyLWU5
M2EtNGU2Yi1hYzdiLTgzYWNhY2IzYmY0NDCCASIwDQYJKoZIhvcNAQEBBQADggEP
ADCCAQoCggEBALSRX1jSv+8OR0w8Au/lIho52CUcAORFMEBOaGHzehT59WRGNi5G
q4JJFmfhhsV5Cjz7zlejxXgtaME0izs0dMhkY8Xhls749BswfD3DTO6uyM+tQstd
tyjANzhTJSjNLhwEdX/5kqhCi2G+TkkuX9DcySb5n+Ttzd+ziVQqADwFSPQxJMKj
ozTzprOdFOOSgItCTuIBL7DrFK1aCSAEyBZhUozAYh1KR5LMjcBKe3ciH8P9SaE3
UFmQZoNI4gYTI7jTHfbighUA7ch4FY3Kp78nDbTxAsk2sjBDAoJ8dDJrIcvVekw5
zgyGaFykEGQmDPnkpPQYnmX7rnLUTcZDaKsCAwEAAaM0MDIwDwYDVR0TAQH/BAUw
AwEB/zAOBgNVHQ8BAf8EBAMCAQYwDwYDVR0RBAgwBocECgEACTANBgkqhkiG9w0B
AQsFAAOCAQEAfPajuULuYfKX4CtvmoOHj+aukZTNPeouKjgFg+yqBvIdNSk2w/B+
KQ1NKSO33JmCw+J3P0JQEpA1b21058iGLOSs2tK3BZd/Lzs1lmpZ9a6Ald5Ps6ph
YAmlBi7OFwEyQM2Gfyc03neypk8CT/bq8aD9+/hxzkmAfashNbK6CncSPH5atpzQ
YV6l2czsk1XUZXtW836igQRluv7Y8MYY3jh9MFe9rsL7o5iVZJUdKOeFtMXwoyjx
O46BJWdsp3PUWn/1XOIS/JykmoG9siWMB1gLAA7q/Eo9i8NRcV2HX6gsJHcLzCcO
zpSxFNlJdBg7VukyKe+9lujju4Vq3wFpBg==
-----END CERTIFICATE-----

2023-08-04 02:32:52,010 [IPC Server handler 1 on default port 9961] INFO  client.SCMCertificateClient (DefaultCertificateClient.java:getAllRootCaCerts(893)) - scm/sub-ca has 0 Root CA certificates
2023-08-04 02:32:52,010 [IPC Server handler 1 on default port 9961] INFO  client.SCMCertificateClient (DefaultCertificateClient.java:getAllCaCerts(901)) - scm/sub-ca has 1 CA certificates
2023-08-04 02:32:52,013 [Time-limited test] INFO  utils.CertificateCodec (CertificateCodec.java:writeCertificate(299)) - Save certificate to /tmp/junit6095035608874190202/junit3171993202794764071/scm-meta/om/certs/ROOTCA-1.crt
2023-08-04 02:32:52,013 [Time-limited test] INFO  utils.CertificateCodec (CertificateCodec.java:writeCertificate(300)) - Certificate -----BEGIN CERTIFICATE-----
MIIDpTCCAo2gAwIBAgIBATANBgkqhkiG9w0BAQsFADB7MRswGQYDVQQDDBJzY20t
MUBmdi1hejYyMS0xODAxLTArBgNVBAsMJDc3MzhhMzRmLTJhODgtNDg3Ni05MmI4
LWM5NTEzNmM1NWJmODEtMCsGA1UECgwkNzJkNGUxZTItZTkzYS00ZTZiLWFjN2It
ODNhY2FjYjNiZjQ0MB4XDTIzMDgwNDAyMzI0OFoXDTI4MDkxMTAyMzI0OFowezEb
MBkGA1UEAwwSc2NtLTFAZnYtYXo2MjEtMTgwMS0wKwYDVQQLDCQ3NzM4YTM0Zi0y
YTg4LTQ4NzYtOTJiOC1jOTUxMzZjNTViZjgxLTArBgNVBAoMJDcyZDRlMWUyLWU5
M2EtNGU2Yi1hYzdiLTgzYWNhY2IzYmY0NDCCASIwDQYJKoZIhvcNAQEBBQADggEP
ADCCAQoCggEBALSRX1jSv+8OR0w8Au/lIho52CUcAORFMEBOaGHzehT59WRGNi5G
q4JJFmfhhsV5Cjz7zlejxXgtaME0izs0dMhkY8Xhls749BswfD3DTO6uyM+tQstd
tyjANzhTJSjNLhwEdX/5kqhCi2G+TkkuX9DcySb5n+Ttzd+ziVQqADwFSPQxJMKj
ozTzprOdFOOSgItCTuIBL7DrFK1aCSAEyBZhUozAYh1KR5LMjcBKe3ciH8P9SaE3
UFmQZoNI4gYTI7jTHfbighUA7ch4FY3Kp78nDbTxAsk2sjBDAoJ8dDJrIcvVekw5
zgyGaFykEGQmDPnkpPQYnmX7rnLUTcZDaKsCAwEAAaM0MDIwDwYDVR0TAQH/BAUw
AwEB/zAOBgNVHQ8BAf8EBAMCAQYwDwYDVR0RBAgwBocECgEACTANBgkqhkiG9w0B
AQsFAAOCAQEAfPajuULuYfKX4CtvmoOHj+aukZTNPeouKjgFg+yqBvIdNSk2w/B+
KQ1NKSO33JmCw+J3P0JQEpA1b21058iGLOSs2tK3BZd/Lzs1lmpZ9a6Ald5Ps6ph
YAmlBi7OFwEyQM2Gfyc03neypk8CT/bq8aD9+/hxzkmAfashNbK6CncSPH5atpzQ
YV6l2czsk1XUZXtW836igQRluv7Y8MYY3jh9MFe9rsL7o5iVZJUdKOeFtMXwoyjx
O46BJWdsp3PUWn/1XOIS/JykmoG9siWMB1gLAA7q/Eo9i8NRcV2HX6gsJHcLzCcO
zpSxFNlJdBg7VukyKe+9lujju4Vq3wFpBg==
-----END CERTIFICATE-----

2023-08-04 02:32:52,014 [Time-limited test] INFO  security.OMCertificateClient (DefaultCertificateClient.java:updateCertSerialId(1226)) - Certificate serial ID set to 1418884799945
2023-08-04 02:32:52,015 [Time-limited test] INFO  security.OMCertificateClient (DefaultCertificateClient.java:readCertificateFile(236)) - Added certificate   [0]         Version: 3
         SerialNumber: 1418884799945
             IssuerDN: CN=scm-sub-1415886174882@fv-az621-180,OU=7738a34f-2a88-4876-92b8-c95136c55bf8,O=72d4e1e2-e93a-4e6b-ac7b-83acacb3bf44
           Start Date: Fri Aug 04 02:32:51 UTC 2023
           Final Date: Sat Aug 03 02:32:51 UTC 2024
            SubjectDN: CN=fv-az621-180,OU=7738a34f-2a88-4876-92b8-c95136c55bf8,O=72d4e1e2-e93a-4e6b-ac7b-83acacb3bf44
           Public Key: RSA Public Key [0d:13:82:ea:8b:dc:0f:9d:49:d6:5d:91:62:6a:89:b1:a2:22:44:71],[56:66:d1:a4]
        modulus: 8b155d1a94de2e99a8327808468f51f1968bca458654fdf69f4aafd202635e7aa3009055eebbdd406327aadcd535ec7ffc5127404edc0409116e29e22ef759e260da2df02cf567320f94edc96985f0b034906427969d535f9007ac41950a54be2cbc086e08d2f6327187db7d7a3ba39e4f7178514ed5c628f7b40468e52b40152466ab6510f14adae3e9dbb6c4edc2d807ba5ffbb636f17674d64a5ab5cb6f3d2a569556edc12989f5cb85783abf77c9c4a67558cee2ecf3ddaeb4898b8ac1b85830d8e772bb8e72a66840843468d9b222e995315fb034dbd2544372b3572e0ed071b99342c57425142ef21a715e47cfb8ba65e3fccaaed674e77b195c18fae1
public exponent: 10001

  Signature Algorithm: SHA256WITHRSA
            Signature: 84f9edbbab673a61f7098d491e9c121e98fc8d1b
                       f4e93e7493b2d40c807edfa2b252ce93f27ac5f0
                       6b1c9275a0833c717c13a2b76201d3278b681a57
                       2573fee0a3e271c2d40c92a26a2dcd8685c03377
                       73cd3c8c83c45e4bb8b2b46fab958ea2f5918598
                       07d72d855fae25362c7297d498e7208f94bdd8d0
                       f3570ad72cf03c410ccc73806dce31229e792d8d
                       16aac195af64fce7b6ca7b7dca9d019736e0e383
                       3e4bbebe9923bee20273a81b8357aac4c776cbc7
                       5e3b488ac74963aa3fc06f4443a4d841f4c86c72
                       258a66871e34ecb6cb1666d747ef60c168fdc701
                       4f88cf58aca31ea1b770372f9900d3790c0e1b85
                       6d2bd3b7ecc057791ebe90b2eacf0c7d
       Extensions: 
                       critical(false) 2.5.29.17 value = Sequence
    Tagged [7] IMPLICIT 
        DER Octet String[4] 

                       critical(true) KeyUsage: 0xb8
 from file: /tmp/junit6095035608874190202/junit3171993202794764071/scm-meta/om/certs/1418884799945.crt.
2023-08-04 02:32:52,020 [Time-limited test] INFO  security.OMCertificateClient (DefaultCertificateClient.java:readCertificateFile(236)) - Added certificate   [0]         Version: 3
         SerialNumber: 1415890345846
             IssuerDN: CN=scm-1@fv-az621-180,OU=7738a34f-2a88-4876-92b8-c95136c55bf8,O=72d4e1e2-e93a-4e6b-ac7b-83acacb3bf44
           Start Date: Fri Aug 04 02:32:48 UTC 2023
           Final Date: Mon Sep 11 02:32:48 UTC 2028
            SubjectDN: CN=scm-sub-1415886174882@fv-az621-180,OU=7738a34f-2a88-4876-92b8-c95136c55bf8,O=72d4e1e2-e93a-4e6b-ac7b-83acacb3bf44
           Public Key: RSA Public Key [ce:27:49:aa:cc:14:44:08:5b:73:06:8f:02:a4:b2:88:73:68:eb:81],[56:66:d1:a4]
        modulus: aefed1be45e60d7dc9b2c10582954faf2b29be19f2a34a4442c922a93ad7f8bcf1d45fd437ade2ec9725b3327f2b1a548f66a2a7b29bd0a35ea03f08099c269a8ae50869e6c4e8f10804f2d683105665417eae6552bb76ae8bc98ee4b5f7fc20f6836370269b195829e5c413e81b025839c59e3f1ff5782bfc0f877f01ac0006a00616bdf51b71b9eb8579f93c62d0a97747aa5593f96fefcbb5c801a57c7800b545e2cb603bdfba8ed6111aadb6d5a484f078267e84130b844bffbf8aba1d963d0bfb113ffb12a6fd893202a5c73a0ee10888fb0b1b0e9e438bf30a9cc849d88e94d582581667ae0ad544e7ab1ea546879dd9f94edee1150a3a9c913de123e3
public exponent: 10001

  Signature Algorithm: SHA256WITHRSA
            Signature: 2fe62cf50d40e34e8af8859a7a936c34079689aa
                       3c17c67c9aa09c04d6c7f1ca6d99cf3327e19fbc
                       2358d4ca291b32b3c703c6d40c9c7e6019221e49
                       642c5d8448492e2ce9d65825022c09cae6d9b2b0
                       c2b12b039e8dee1f4d2f4f5b3ef7f7a073bd534b
                       f3a3db1706f0d6cfc30f1925a5cc7b8349a21278
                       6cf89c12583007660a119e8eb6e3cd083242d795
                       b42430ca1e93537ae9da770d204a9a99c7f1a5a4
                       28a91a895e475e59c25c4c4ca5405ea730627323
                       8f7ae0dbd40fbf5332b0ab4284ce153a25f1694e
                       5a05f868d426395d82958a81a8dfe0483606b547
                       511d70f76fb37bbd4b919d27fd628de12f5b1e85
                       57860d9fc9512d22dade53a7d4f7921d
       Extensions: 
                       critical(false) 2.5.29.17 value = Sequence
    Tagged [7] IMPLICIT 
        DER Octet String[4] 

                       critical(true) BasicConstraints: isCa(true)
                       critical(true) KeyUsage: 0xbe
 from file: /tmp/junit6095035608874190202/junit3171993202794764071/scm-meta/om/certs/CA-1415890345846.crt.
2023-08-04 02:32:52,022 [Time-limited test] INFO  security.OMCertificateClient (DefaultCertificateClient.java:readCertificateFile(236)) - Added certificate   [0]         Version: 3
         SerialNumber: 1
             IssuerDN: CN=scm-1@fv-az621-180,OU=7738a34f-2a88-4876-92b8-c95136c55bf8,O=72d4e1e2-e93a-4e6b-ac7b-83acacb3bf44
           Start Date: Fri Aug 04 02:32:48 UTC 2023
           Final Date: Mon Sep 11 02:32:48 UTC 2028
            SubjectDN: CN=scm-1@fv-az621-180,OU=7738a34f-2a88-4876-92b8-c95136c55bf8,O=72d4e1e2-e93a-4e6b-ac7b-83acacb3bf44
           Public Key: RSA Public Key [ff:42:f5:ea:4e:97:ab:f4:da:b9:cc:75:4c:6b:ea:d3:c0:36:80:87],[56:66:d1:a4]
        modulus: b4915f58d2bfef0e474c3c02efe5221a39d8251c00e44530404e6861f37a14f9f56446362e46ab82491667e186c5790a3cfbce57a3c5782d68c1348b3b3474c86463c5e196cef8f41b307c3dc34ceeaec8cfad42cb5db728c03738532528cd2e1c04757ff992a8428b61be4e492e5fd0dcc926f99fe4edcddfb389542a003c0548f43124c2a3a334f3a6b39d14e392808b424ee2012fb0eb14ad5a092004c81661528cc0621d4a4792cc8dc04a7b77221fc3fd49a137505990668348e2061323b8d31df6e2821500edc878158dcaa7bf270db4f102c936b2304302827c74326b21cbd57a4c39ce0c86685ca41064260cf9e4a4f4189e65fbae72d44dc64368ab
public exponent: 10001

  Signature Algorithm: SHA256WITHRSA
            Signature: 7cf6a3b942ee61f297e02b6f9a83878fe6ae9194
                       cd3dea2e2a380583ecaa06f21d352936c3f07e29
                       0d4d2923b7dc9982c3e2773f42501290356f6d74
                       e7c8862ce4acdad2b705977f2f3b35966a59f5ae
                       8095de4fb3aa616009a5062ece17013240cd867f
                       2734de77b2a64f024ff6eaf1a0fdfbf871ce4980
                       7dab2135b2ba0a77123c7e5ab69cd0615ea5d9cc
                       ec9355d4657b56f37ea2810465bafed8f0c618de
                       387d3057bdaec2fba3989564951d28e785b4c5f0
                       a328f13b8e8125676ca773d45a7ff55ce212fc9c
                       a49a81bdb2258c07580b000eeafc4a3d8bc35171
                       5d875fa82c24770bcc270ece94b114d94974183b
                       56e93229efbd96e8e3bb856adf016906
       Extensions: 
                       critical(true) BasicConstraints: isCa(true)
                       critical(true) KeyUsage: 0x6
                       critical(false) 2.5.29.17 value = Sequence
    Tagged [7] IMPLICIT 
        DER Octet String[4] 

 from file: /tmp/junit6095035608874190202/junit3171993202794764071/scm-meta/om/certs/ROOTCA-1.crt.
2023-08-04 02:32:52,028 [Time-limited test] INFO  security.OMCertificateClient (DefaultCertificateClient.java:startCertificateRenewerService(1329)) - CertificateRenewerService for om is started with first delay 31535988978 ms and interval 3333 ms.
2023-08-04 02:32:52,028 [Time-limited test] INFO  security.OMCertificateClient (DefaultCertificateClient.java:updateCertSerialId(1226)) - Certificate serial ID set to 1418884799945
2023-08-04 02:32:52,030 [Time-limited test] INFO  security.OMCertificateClient (DefaultCertificateClient.java:readCertificateFile(236)) - Added certificate   [0]         Version: 3
         SerialNumber: 1418884799945
             IssuerDN: CN=scm-sub-1415886174882@fv-az621-180,OU=7738a34f-2a88-4876-92b8-c95136c55bf8,O=72d4e1e2-e93a-4e6b-ac7b-83acacb3bf44
           Start Date: Fri Aug 04 02:32:51 UTC 2023
           Final Date: Sat Aug 03 02:32:51 UTC 2024
            SubjectDN: CN=fv-az621-180,OU=7738a34f-2a88-4876-92b8-c95136c55bf8,O=72d4e1e2-e93a-4e6b-ac7b-83acacb3bf44
           Public Key: RSA Public Key [0d:13:82:ea:8b:dc:0f:9d:49:d6:5d:91:62:6a:89:b1:a2:22:44:71],[56:66:d1:a4]
        modulus: 8b155d1a94de2e99a8327808468f51f1968bca458654fdf69f4aafd202635e7aa3009055eebbdd406327aadcd535ec7ffc5127404edc0409116e29e22ef759e260da2df02cf567320f94edc96985f0b034906427969d535f9007ac41950a54be2cbc086e08d2f6327187db7d7a3ba39e4f7178514ed5c628f7b40468e52b40152466ab6510f14adae3e9dbb6c4edc2d807ba5ffbb636f17674d64a5ab5cb6f3d2a569556edc12989f5cb85783abf77c9c4a67558cee2ecf3ddaeb4898b8ac1b85830d8e772bb8e72a66840843468d9b222e995315fb034dbd2544372b3572e0ed071b99342c57425142ef21a715e47cfb8ba65e3fccaaed674e77b195c18fae1
public exponent: 10001

  Signature Algorithm: SHA256WITHRSA
            Signature: 84f9edbbab673a61f7098d491e9c121e98fc8d1b
                       f4e93e7493b2d40c807edfa2b252ce93f27ac5f0
                       6b1c9275a0833c717c13a2b76201d3278b681a57
                       2573fee0a3e271c2d40c92a26a2dcd8685c03377
                       73cd3c8c83c45e4bb8b2b46fab958ea2f5918598
                       07d72d855fae25362c7297d498e7208f94bdd8d0
                       f3570ad72cf03c410ccc73806dce31229e792d8d
                       16aac195af64fce7b6ca7b7dca9d019736e0e383
                       3e4bbebe9923bee20273a81b8357aac4c776cbc7
                       5e3b488ac74963aa3fc06f4443a4d841f4c86c72
                       258a66871e34ecb6cb1666d747ef60c168fdc701
                       4f88cf58aca31ea1b770372f9900d3790c0e1b85
                       6d2bd3b7ecc057791ebe90b2eacf0c7d
       Extensions: 
                       critical(false) 2.5.29.17 value = Sequence
    Tagged [7] IMPLICIT 
        DER Octet String[4] 

                       critical(true) KeyUsage: 0xb8
 from file: /tmp/junit6095035608874190202/junit3171993202794764071/scm-meta/om/certs/1418884799945.crt.
2023-08-04 02:32:52,034 [Time-limited test] INFO  security.OMCertificateClient (DefaultCertificateClient.java:readCertificateFile(236)) - Added certificate   [0]         Version: 3
         SerialNumber: 1415890345846
             IssuerDN: CN=scm-1@fv-az621-180,OU=7738a34f-2a88-4876-92b8-c95136c55bf8,O=72d4e1e2-e93a-4e6b-ac7b-83acacb3bf44
           Start Date: Fri Aug 04 02:32:48 UTC 2023
           Final Date: Mon Sep 11 02:32:48 UTC 2028
            SubjectDN: CN=scm-sub-1415886174882@fv-az621-180,OU=7738a34f-2a88-4876-92b8-c95136c55bf8,O=72d4e1e2-e93a-4e6b-ac7b-83acacb3bf44
           Public Key: RSA Public Key [ce:27:49:aa:cc:14:44:08:5b:73:06:8f:02:a4:b2:88:73:68:eb:81],[56:66:d1:a4]
        modulus: aefed1be45e60d7dc9b2c10582954faf2b29be19f2a34a4442c922a93ad7f8bcf1d45fd437ade2ec9725b3327f2b1a548f66a2a7b29bd0a35ea03f08099c269a8ae50869e6c4e8f10804f2d683105665417eae6552bb76ae8bc98ee4b5f7fc20f6836370269b195829e5c413e81b025839c59e3f1ff5782bfc0f877f01ac0006a00616bdf51b71b9eb8579f93c62d0a97747aa5593f96fefcbb5c801a57c7800b545e2cb603bdfba8ed6111aadb6d5a484f078267e84130b844bffbf8aba1d963d0bfb113ffb12a6fd893202a5c73a0ee10888fb0b1b0e9e438bf30a9cc849d88e94d582581667ae0ad544e7ab1ea546879dd9f94edee1150a3a9c913de123e3
public exponent: 10001

  Signature Algorithm: SHA256WITHRSA
            Signature: 2fe62cf50d40e34e8af8859a7a936c34079689aa
                       3c17c67c9aa09c04d6c7f1ca6d99cf3327e19fbc
                       2358d4ca291b32b3c703c6d40c9c7e6019221e49
                       642c5d8448492e2ce9d65825022c09cae6d9b2b0
                       c2b12b039e8dee1f4d2f4f5b3ef7f7a073bd534b
                       f3a3db1706f0d6cfc30f1925a5cc7b8349a21278
                       6cf89c12583007660a119e8eb6e3cd083242d795
                       b42430ca1e93537ae9da770d204a9a99c7f1a5a4
                       28a91a895e475e59c25c4c4ca5405ea730627323
                       8f7ae0dbd40fbf5332b0ab4284ce153a25f1694e
                       5a05f868d426395d82958a81a8dfe0483606b547
                       511d70f76fb37bbd4b919d27fd628de12f5b1e85
                       57860d9fc9512d22dade53a7d4f7921d
       Extensions: 
                       critical(false) 2.5.29.17 value = Sequence
    Tagged [7] IMPLICIT 
        DER Octet String[4] 

                       critical(true) BasicConstraints: isCa(true)
                       critical(true) KeyUsage: 0xbe
 from file: /tmp/junit6095035608874190202/junit3171993202794764071/scm-meta/om/certs/CA-1415890345846.crt.
2023-08-04 02:32:52,040 [Time-limited test] INFO  security.OMCertificateClient (DefaultCertificateClient.java:readCertificateFile(236)) - Added certificate   [0]         Version: 3
         SerialNumber: 1
             IssuerDN: CN=scm-1@fv-az621-180,OU=7738a34f-2a88-4876-92b8-c95136c55bf8,O=72d4e1e2-e93a-4e6b-ac7b-83acacb3bf44
           Start Date: Fri Aug 04 02:32:48 UTC 2023
           Final Date: Mon Sep 11 02:32:48 UTC 2028
            SubjectDN: CN=scm-1@fv-az621-180,OU=7738a34f-2a88-4876-92b8-c95136c55bf8,O=72d4e1e2-e93a-4e6b-ac7b-83acacb3bf44
           Public Key: RSA Public Key [ff:42:f5:ea:4e:97:ab:f4:da:b9:cc:75:4c:6b:ea:d3:c0:36:80:87],[56:66:d1:a4]
        modulus: b4915f58d2bfef0e474c3c02efe5221a39d8251c00e44530404e6861f37a14f9f56446362e46ab82491667e186c5790a3cfbce57a3c5782d68c1348b3b3474c86463c5e196cef8f41b307c3dc34ceeaec8cfad42cb5db728c03738532528cd2e1c04757ff992a8428b61be4e492e5fd0dcc926f99fe4edcddfb389542a003c0548f43124c2a3a334f3a6b39d14e392808b424ee2012fb0eb14ad5a092004c81661528cc0621d4a4792cc8dc04a7b77221fc3fd49a137505990668348e2061323b8d31df6e2821500edc878158dcaa7bf270db4f102c936b2304302827c74326b21cbd57a4c39ce0c86685ca41064260cf9e4a4f4189e65fbae72d44dc64368ab
public exponent: 10001

  Signature Algorithm: SHA256WITHRSA
            Signature: 7cf6a3b942ee61f297e02b6f9a83878fe6ae9194
                       cd3dea2e2a380583ecaa06f21d352936c3f07e29
                       0d4d2923b7dc9982c3e2773f42501290356f6d74
                       e7c8862ce4acdad2b705977f2f3b35966a59f5ae
                       8095de4fb3aa616009a5062ece17013240cd867f
                       2734de77b2a64f024ff6eaf1a0fdfbf871ce4980
                       7dab2135b2ba0a77123c7e5ab69cd0615ea5d9cc
                       ec9355d4657b56f37ea2810465bafed8f0c618de
                       387d3057bdaec2fba3989564951d28e785b4c5f0
                       a328f13b8e8125676ca773d45a7ff55ce212fc9c
                       a49a81bdb2258c07580b000eeafc4a3d8bc35171
                       5d875fa82c24770bcc270ece94b114d94974183b
                       56e93229efbd96e8e3bb856adf016906
       Extensions: 
                       critical(true) BasicConstraints: isCa(true)
                       critical(true) KeyUsage: 0x6
                       critical(false) 2.5.29.17 value = Sequence
    Tagged [7] IMPLICIT 
        DER Octet String[4] 

 from file: /tmp/junit6095035608874190202/junit3171993202794764071/scm-meta/om/certs/ROOTCA-1.crt.
2023-08-04 02:32:52,041 [Time-limited test] INFO  om.OzoneManager (OzoneManager.java:initializeSecurity(1405)) - Successfully stored SCM signed certificate.
2023-08-04 02:32:52,045 [Time-limited test] INFO  om.OzoneManager (OzoneManager.java:stop(2187)) - om1[fv-az621-180:1202]: Stopping Ozone Manager
2023-08-04 02:32:52,045 [Time-limited test] INFO  ipc.Server (Server.java:stop(3523)) - Stopping server on 1202
2023-08-04 02:32:52,095 [Time-limited test] INFO  ratis.OzoneManagerStateMachine (OzoneManagerStateMachine.java:close(534)) - StateMachine has shutdown. Shutdown OzoneManager if not already shutdown.
2023-08-04 02:32:52,095 [Time-limited test] INFO  ratis.OzoneManagerDoubleBuffer (OzoneManagerDoubleBuffer.java:stopDaemon(551)) - Stopping OMDoubleBuffer flush thread
2023-08-04 02:32:52,095 [OMDoubleBufferFlushThread] INFO  ratis.OzoneManagerDoubleBuffer (OzoneManagerDoubleBuffer.java:canFlush(638)) - OMDoubleBuffer flush thread OMDoubleBufferFlushThread is interrupted and will exit.
2023-08-04 02:32:52,099 [Time-limited test] INFO  om.OzoneManager (OzoneManager.java:stopSecretManager(1068)) - Stopping OM delegation token secret manager.
2023-08-04 02:32:52,099 [Time-limited test] INFO  rocksdiff.RocksDBCheckpointDiffer (RocksDBCheckpointDiffer.java:close(340)) - Shutting down CompactionDagPruningService.
2023-08-04 02:32:52,102 [Time-limited test] INFO  snapshot.SnapshotDiffManager (SnapshotDiffManager.java:closeExecutorService(1720)) - Shutting down executorService: 'SnapDiffExecutor'
2023-08-04 02:32:52,102 [Time-limited test] INFO  snapshot.SnapshotDiffManager (SnapshotDiffManager.java:closeExecutorService(1720)) - Shutting down executorService: 'SstDumpToolExecutor'
2023-08-04 02:32:52,102 [Time-limited test] INFO  utils.BackgroundService (BackgroundService.java:shutdown(141)) - Shutting down service SnapshotDiffCleanupService
2023-08-04 02:32:52,104 [Time-limited test] INFO  ha.OMHANodeDetails (OMHANodeDetails.java:loadOMHAConfig(115)) - ozone.om.internal.service.id is not defined, falling back to ozone.om.service.ids to find serviceID for OzoneManager if it is HA enabled cluster
2023-08-04 02:32:52,104 [Time-limited test] INFO  ha.OMHANodeDetails (OMHANodeDetails.java:loadOMHAConfig(226)) - Configuration does not have ozone.om.address set. Falling back to the default OM address fv-az621-180/10.1.0.9:1202
2023-08-04 02:32:52,104 [Time-limited test] INFO  ha.OMHANodeDetails (OMHANodeDetails.java:getOMNodeDetailsForNonHA(254)) - OM Service ID is not set. Setting it to the default ID: omServiceIdDefault
2023-08-04 02:32:52,104 [Time-limited test] INFO  ha.OMHANodeDetails (OMHANodeDetails.java:getOMNodeDetailsForNonHA(261)) - OM Node ID is not set. Setting it to the default ID: om1
2023-08-04 02:32:52,104 [Time-limited test] WARN  server.ServerUtils (ServerUtils.java:getDBPath(311)) - ozone.om.db.dirs is not configured. We recommend adding this setting. Falling back to ozone.metadata.dirs instead.
2023-08-04 02:32:52,109 [Time-limited test] INFO  upgrade.AbstractLayoutVersionManager (AbstractLayoutVersionManager.java:init(83)) - Initializing Layout version manager with metadata layout = QUOTA (version = 6), software layout = QUOTA (version = 6)
2023-08-04 02:32:52,202 [Time-limited test] INFO  reflections.Reflections (Reflections.java:scan(232)) - Reflections took 92 ms to scan 2 urls, producing 188 keys and 512 values [using 2 cores]
2023-08-04 02:32:52,203 [Time-limited test] INFO  upgrade.OMLayoutVersionManager (OMLayoutVersionManager.java:lambda$0(115)) - Skipping Upgrade Action QuotaRepairUpgradeAction since it has been finalized.
2023-08-04 02:32:52,203 [Time-limited test] INFO  upgrade.OMLayoutVersionManager (OMLayoutVersionManager.java:lambda$0(115)) - Skipping Upgrade Action MockOmUpgradeAction since it has been finalized.
2023-08-04 02:32:52,207 [pool-39-thread-2] INFO  request.KdcRequest (KdcRequest.java:preauth(651)) - The preauth data is empty.
2023-08-04 02:32:52,207 [pool-39-thread-2] INFO  server.KdcHandler (KdcHandler.java:handleRecoverableException(177)) - KRB error occurred while processing request:Additional pre-authentication required
2023-08-04 02:32:52,215 [pool-39-thread-1] INFO  request.AsRequest (AsRequest.java:issueTicket(112)) - AS_REQ ISSUE: authtime 1691116372215,scm/fv-az621-180@EXAMPLE.COM for krbtgt/EXAMPLE.COM@EXAMPLE.COM
2023-08-04 02:32:52,217 [Time-limited test] INFO  security.UserGroupInformation (UserGroupInformation.java:loginUserFromKeytab(1132)) - Login successful for user scm/fv-az621-180@EXAMPLE.COM using keytab file scm.keytab. Keytab auto renewal enabled : false
2023-08-04 02:32:52,217 [Time-limited test] INFO  om.OzoneManager (OzoneManager.java:loginOMUser(1161)) - Ozone Manager login successful.
2023-08-04 02:32:52,217 [Time-limited test] WARN  server.ServerUtils (ServerUtils.java:getDBPath(311)) - ozone.om.db.dirs is not configured. We recommend adding this setting. Falling back to ozone.metadata.dirs instead.
2023-08-04 02:32:52,218 [Time-limited test] INFO  proxy.SCMBlockLocationFailoverProxyProvider (SCMBlockLocationFailoverProxyProvider.java:<init>(114)) - Created block location fail-over proxy with 1 nodes: [nodeId=scmNodeId,nodeAddress=/0.0.0.0:9863]
2023-08-04 02:32:52,219 [Time-limited test] INFO  om.OzoneManager (OzoneManager.java:getOmDetailsProto(4555)) - OzoneManager ports added:[name: "RPC"
value: 1202
]
2023-08-04 02:32:52,221 [Time-limited test] INFO  security.OMCertificateClient (DefaultCertificateClient.java:updateCertSerialId(1226)) - Certificate serial ID set to 1418884799945
2023-08-04 02:32:52,223 [Time-limited test] INFO  security.OMCertificateClient (DefaultCertificateClient.java:readCertificateFile(236)) - Added certificate   [0]         Version: 3
         SerialNumber: 1418884799945
             IssuerDN: CN=scm-sub-1415886174882@fv-az621-180,OU=7738a34f-2a88-4876-92b8-c95136c55bf8,O=72d4e1e2-e93a-4e6b-ac7b-83acacb3bf44
           Start Date: Fri Aug 04 02:32:51 UTC 2023
           Final Date: Sat Aug 03 02:32:51 UTC 2024
            SubjectDN: CN=fv-az621-180,OU=7738a34f-2a88-4876-92b8-c95136c55bf8,O=72d4e1e2-e93a-4e6b-ac7b-83acacb3bf44
           Public Key: RSA Public Key [0d:13:82:ea:8b:dc:0f:9d:49:d6:5d:91:62:6a:89:b1:a2:22:44:71],[56:66:d1:a4]
        modulus: 8b155d1a94de2e99a8327808468f51f1968bca458654fdf69f4aafd202635e7aa3009055eebbdd406327aadcd535ec7ffc5127404edc0409116e29e22ef759e260da2df02cf567320f94edc96985f0b034906427969d535f9007ac41950a54be2cbc086e08d2f6327187db7d7a3ba39e4f7178514ed5c628f7b40468e52b40152466ab6510f14adae3e9dbb6c4edc2d807ba5ffbb636f17674d64a5ab5cb6f3d2a569556edc12989f5cb85783abf77c9c4a67558cee2ecf3ddaeb4898b8ac1b85830d8e772bb8e72a66840843468d9b222e995315fb034dbd2544372b3572e0ed071b99342c57425142ef21a715e47cfb8ba65e3fccaaed674e77b195c18fae1
public exponent: 10001

  Signature Algorithm: SHA256WITHRSA
            Signature: 84f9edbbab673a61f7098d491e9c121e98fc8d1b
                       f4e93e7493b2d40c807edfa2b252ce93f27ac5f0
                       6b1c9275a0833c717c13a2b76201d3278b681a57
                       2573fee0a3e271c2d40c92a26a2dcd8685c03377
                       73cd3c8c83c45e4bb8b2b46fab958ea2f5918598
                       07d72d855fae25362c7297d498e7208f94bdd8d0
                       f3570ad72cf03c410ccc73806dce31229e792d8d
                       16aac195af64fce7b6ca7b7dca9d019736e0e383
                       3e4bbebe9923bee20273a81b8357aac4c776cbc7
                       5e3b488ac74963aa3fc06f4443a4d841f4c86c72
                       258a66871e34ecb6cb1666d747ef60c168fdc701
                       4f88cf58aca31ea1b770372f9900d3790c0e1b85
                       6d2bd3b7ecc057791ebe90b2eacf0c7d
       Extensions: 
                       critical(false) 2.5.29.17 value = Sequence
    Tagged [7] IMPLICIT 
        DER Octet String[4] 

                       critical(true) KeyUsage: 0xb8
 from file: /tmp/junit6095035608874190202/junit3171993202794764071/scm-meta/om/certs/1418884799945.crt.
2023-08-04 02:32:52,226 [Time-limited test] INFO  security.OMCertificateClient (DefaultCertificateClient.java:readCertificateFile(236)) - Added certificate   [0]         Version: 3
         SerialNumber: 1415890345846
             IssuerDN: CN=scm-1@fv-az621-180,OU=7738a34f-2a88-4876-92b8-c95136c55bf8,O=72d4e1e2-e93a-4e6b-ac7b-83acacb3bf44
           Start Date: Fri Aug 04 02:32:48 UTC 2023
           Final Date: Mon Sep 11 02:32:48 UTC 2028
            SubjectDN: CN=scm-sub-1415886174882@fv-az621-180,OU=7738a34f-2a88-4876-92b8-c95136c55bf8,O=72d4e1e2-e93a-4e6b-ac7b-83acacb3bf44
           Public Key: RSA Public Key [ce:27:49:aa:cc:14:44:08:5b:73:06:8f:02:a4:b2:88:73:68:eb:81],[56:66:d1:a4]
        modulus: aefed1be45e60d7dc9b2c10582954faf2b29be19f2a34a4442c922a93ad7f8bcf1d45fd437ade2ec9725b3327f2b1a548f66a2a7b29bd0a35ea03f08099c269a8ae50869e6c4e8f10804f2d683105665417eae6552bb76ae8bc98ee4b5f7fc20f6836370269b195829e5c413e81b025839c59e3f1ff5782bfc0f877f01ac0006a00616bdf51b71b9eb8579f93c62d0a97747aa5593f96fefcbb5c801a57c7800b545e2cb603bdfba8ed6111aadb6d5a484f078267e84130b844bffbf8aba1d963d0bfb113ffb12a6fd893202a5c73a0ee10888fb0b1b0e9e438bf30a9cc849d88e94d582581667ae0ad544e7ab1ea546879dd9f94edee1150a3a9c913de123e3
public exponent: 10001

  Signature Algorithm: SHA256WITHRSA
            Signature: 2fe62cf50d40e34e8af8859a7a936c34079689aa
                       3c17c67c9aa09c04d6c7f1ca6d99cf3327e19fbc
                       2358d4ca291b32b3c703c6d40c9c7e6019221e49
                       642c5d8448492e2ce9d65825022c09cae6d9b2b0
                       c2b12b039e8dee1f4d2f4f5b3ef7f7a073bd534b
                       f3a3db1706f0d6cfc30f1925a5cc7b8349a21278
                       6cf89c12583007660a119e8eb6e3cd083242d795
                       b42430ca1e93537ae9da770d204a9a99c7f1a5a4
                       28a91a895e475e59c25c4c4ca5405ea730627323
                       8f7ae0dbd40fbf5332b0ab4284ce153a25f1694e
                       5a05f868d426395d82958a81a8dfe0483606b547
                       511d70f76fb37bbd4b919d27fd628de12f5b1e85
                       57860d9fc9512d22dade53a7d4f7921d
       Extensions: 
                       critical(false) 2.5.29.17 value = Sequence
    Tagged [7] IMPLICIT 
        DER Octet String[4] 

                       critical(true) BasicConstraints: isCa(true)
                       critical(true) KeyUsage: 0xbe
 from file: /tmp/junit6095035608874190202/junit3171993202794764071/scm-meta/om/certs/CA-1415890345846.crt.
2023-08-04 02:32:52,228 [Time-limited test] INFO  security.OMCertificateClient (DefaultCertificateClient.java:readCertificateFile(236)) - Added certificate   [0]         Version: 3
         SerialNumber: 1
             IssuerDN: CN=scm-1@fv-az621-180,OU=7738a34f-2a88-4876-92b8-c95136c55bf8,O=72d4e1e2-e93a-4e6b-ac7b-83acacb3bf44
           Start Date: Fri Aug 04 02:32:48 UTC 2023
           Final Date: Mon Sep 11 02:32:48 UTC 2028
            SubjectDN: CN=scm-1@fv-az621-180,OU=7738a34f-2a88-4876-92b8-c95136c55bf8,O=72d4e1e2-e93a-4e6b-ac7b-83acacb3bf44
           Public Key: RSA Public Key [ff:42:f5:ea:4e:97:ab:f4:da:b9:cc:75:4c:6b:ea:d3:c0:36:80:87],[56:66:d1:a4]
        modulus: b4915f58d2bfef0e474c3c02efe5221a39d8251c00e44530404e6861f37a14f9f56446362e46ab82491667e186c5790a3cfbce57a3c5782d68c1348b3b3474c86463c5e196cef8f41b307c3dc34ceeaec8cfad42cb5db728c03738532528cd2e1c04757ff992a8428b61be4e492e5fd0dcc926f99fe4edcddfb389542a003c0548f43124c2a3a334f3a6b39d14e392808b424ee2012fb0eb14ad5a092004c81661528cc0621d4a4792cc8dc04a7b77221fc3fd49a137505990668348e2061323b8d31df6e2821500edc878158dcaa7bf270db4f102c936b2304302827c74326b21cbd57a4c39ce0c86685ca41064260cf9e4a4f4189e65fbae72d44dc64368ab
public exponent: 10001

  Signature Algorithm: SHA256WITHRSA
            Signature: 7cf6a3b942ee61f297e02b6f9a83878fe6ae9194
                       cd3dea2e2a380583ecaa06f21d352936c3f07e29
                       0d4d2923b7dc9982c3e2773f42501290356f6d74
                       e7c8862ce4acdad2b705977f2f3b35966a59f5ae
                       8095de4fb3aa616009a5062ece17013240cd867f
                       2734de77b2a64f024ff6eaf1a0fdfbf871ce4980
                       7dab2135b2ba0a77123c7e5ab69cd0615ea5d9cc
                       ec9355d4657b56f37ea2810465bafed8f0c618de
                       387d3057bdaec2fba3989564951d28e785b4c5f0
                       a328f13b8e8125676ca773d45a7ff55ce212fc9c
                       a49a81bdb2258c07580b000eeafc4a3d8bc35171
                       5d875fa82c24770bcc270ece94b114d94974183b
                       56e93229efbd96e8e3bb856adf016906
       Extensions: 
                       critical(true) BasicConstraints: isCa(true)
                       critical(true) KeyUsage: 0x6
                       critical(false) 2.5.29.17 value = Sequence
    Tagged [7] IMPLICIT 
        DER Octet String[4] 

 from file: /tmp/junit6095035608874190202/junit3171993202794764071/scm-meta/om/certs/ROOTCA-1.crt.
2023-08-04 02:32:52,231 [Time-limited test] INFO  security.OMCertificateClient (DefaultCertificateClient.java:startCertificateRenewerService(1329)) - CertificateRenewerService for om is started with first delay 31535988770 ms and interval 3333 ms.
2023-08-04 02:32:52,253 [Time-limited test] INFO  om.OzoneManager (OzoneManager.java:<init>(662)) - OM start with adminUsers: [scm/fv-az621-180@EXAMPLE.COM, scm]
2023-08-04 02:32:52,255 [Time-limited test] WARN  server.ServerUtils (ServerUtils.java:getDBPath(311)) - ozone.om.db.dirs is not configured. We recommend adding this setting. Falling back to ozone.metadata.dirs instead.
2023-08-04 02:32:52,260 [Time-limited test] INFO  helpers.OmKeyInfo (OmKeyInfo.java:getCodec(71)) - OmKeyInfo.getCodec ignorePipeline = true
2023-08-04 02:32:52,336 [Time-limited test] INFO  om.OzoneManager (OzoneManager.java:instantiateServices(791)) - S3 Multi-Tenancy is disabled
2023-08-04 02:32:52,336 [Time-limited test] INFO  security.OzoneSecretStore (OzoneSecretStore.java:loadState(69)) - Loaded 0 tokens
2023-08-04 02:32:52,336 [Time-limited test] INFO  security.OzoneDelegationTokenSecretManager (OzoneDelegationTokenSecretManager.java:loadTokenSecretState(530)) - Loading token state into token manager.
2023-08-04 02:32:52,337 [Time-limited test] INFO  om.OmSnapshotManager (OmSnapshotManager.java:<init>(175)) - Ozone filesystem snapshot feature is enabled.
2023-08-04 02:32:52,337 [Time-limited test] WARN  server.ServerUtils (ServerUtils.java:getDBPath(311)) - ozone.om.snapshot.diff.db.dir is not configured. We recommend adding this setting. Falling back to ozone.metadata.dirs instead.
2023-08-04 02:32:52,366 [Time-limited test] INFO  snapshot.SnapshotDiffManager (SnapshotDiffManager.java:closeExecutorService(1720)) - Shutting down executorService: 'SstDumpToolExecutor'
2023-08-04 02:32:52,367 [Time-limited test] WARN  server.ServerUtils (ServerUtils.java:getDefaultRatisDirectory(323)) - Storage directory for Ratis is not configured. It is a good idea to map this to an SSD disk. Falling back to ozone.metadata.dirs
2023-08-04 02:32:52,367 [Time-limited test] WARN  utils.OzoneManagerRatisUtils (OzoneManagerRatisUtils.java:getOMRatisSnapshotDirectory(461)) - ozone.om.ratis.snapshot.dir is not configured. Falling back to ozone.metadata.dirs config
2023-08-04 02:32:52,367 [Time-limited test] WARN  server.ServerUtils (ServerUtils.java:getDefaultRatisDirectory(323)) - Storage directory for Ratis is not configured. It is a good idea to map this to an SSD disk. Falling back to ozone.metadata.dirs
2023-08-04 02:32:52,368 [Time-limited test] INFO  ratis.OzoneManagerRatisServer (OzoneManagerRatisServer.java:<init>(163)) - Instantiating OM Ratis server with groupID: omServiceIdDefault and peers: fv-az621-180:9872
2023-08-04 02:32:52,369 [Time-limited test] INFO  ratis.OzoneManagerStateMachine (OzoneManagerStateMachine.java:loadSnapshotInfoFromDB(687)) - LastAppliedIndex is set from TransactionInfo from OM DB as (t:0, i:~)
2023-08-04 02:32:52,369 [Time-limited test] INFO  server.RaftServer (ConfUtils.java:logGet(46)) - raft.rpc.type = GRPC (default)
2023-08-04 02:32:52,369 [Time-limited test] INFO  grpc.GrpcConfigKeys (ConfUtils.java:logFallback(53)) - raft.grpc.admin.host = null (fallback to raft.grpc.server.host)
2023-08-04 02:32:52,370 [Time-limited test] INFO  grpc.GrpcConfigKeys (ConfUtils.java:logFallback(53)) - raft.grpc.admin.port = 9872 (fallback to raft.grpc.server.port)
2023-08-04 02:32:52,370 [Time-limited test] INFO  grpc.GrpcConfigKeys (ConfUtils.java:logFallback(53)) - raft.grpc.client.host = null (fallback to raft.grpc.server.host)
2023-08-04 02:32:52,370 [Time-limited test] INFO  grpc.GrpcConfigKeys (ConfUtils.java:logFallback(53)) - raft.grpc.client.port = 9872 (fallback to raft.grpc.server.port)
2023-08-04 02:32:52,370 [Time-limited test] INFO  grpc.GrpcConfigKeys (ConfUtils.java:logGet(46)) - raft.grpc.server.host = null (default)
2023-08-04 02:32:52,370 [Time-limited test] INFO  grpc.GrpcConfigKeys (ConfUtils.java:logGet(46)) - raft.grpc.server.port = 9872 (custom)
2023-08-04 02:32:52,370 [Time-limited test] INFO  server.GrpcService (ConfUtils.java:logGet(46)) - raft.grpc.message.size.max = 33554432 (custom)
2023-08-04 02:32:52,370 [Time-limited test] INFO  server.RaftServerConfigKeys (ConfUtils.java:logGet(46)) - raft.server.log.appender.buffer.byte-limit = 33554432 (custom)
2023-08-04 02:32:52,370 [Time-limited test] INFO  server.GrpcService (ConfUtils.java:logGet(46)) - raft.grpc.flow.control.window = 1MB (=1048576) (default)
2023-08-04 02:32:52,370 [Time-limited test] INFO  server.RaftServerConfigKeys (ConfUtils.java:logGet(46)) - raft.server.rpc.request.timeout = 3000ms (default)
2023-08-04 02:32:52,370 [Time-limited test] INFO  grpc.GrpcConfigKeys (ConfUtils.java:logGet(46)) - raft.grpc.server.heartbeat.channel = true (default)
2023-08-04 02:32:52,370 [Time-limited test] INFO  grpc.GrpcConfigKeys (ConfUtils.java:logGet(46)) - raft.grpc.server.async.request.thread.pool.cached = true (default)
2023-08-04 02:32:52,370 [Time-limited test] INFO  grpc.GrpcConfigKeys (ConfUtils.java:logGet(46)) - raft.grpc.server.async.request.thread.pool.size = 32 (default)
2023-08-04 02:32:52,372 [Time-limited test] INFO  impl.DataStreamServerImpl (ConfUtils.java:logGet(46)) - raft.datastream.type = DISABLED (default)
2023-08-04 02:32:52,372 [Time-limited test] INFO  server.RaftServerConfigKeys (ConfUtils.java:logGet(46)) - raft.server.threadpool.proxy.cached = true (default)
2023-08-04 02:32:52,372 [Time-limited test] INFO  server.RaftServerConfigKeys (ConfUtils.java:logGet(46)) - raft.server.threadpool.proxy.size = 0 (default)
2023-08-04 02:32:52,372 [Time-limited test] INFO  server.RaftServerConfigKeys (ConfUtils.java:logGet(46)) - raft.server.rpc.slowness.timeout = 120s (custom)
2023-08-04 02:32:52,372 [Time-limited test] INFO  server.RaftServerConfigKeys (ConfUtils.java:logGet(46)) - raft.server.leaderelection.leader.step-down.wait-time = 10s (default)
2023-08-04 02:32:52,372 [Time-limited test] INFO  server.RaftServerConfigKeys (ConfUtils.java:logGet(46)) - raft.server.storage.dir = [/tmp/junit6095035608874190202/junit3171993202794764071/scm-meta/ratis] (custom)
2023-08-04 02:32:52,373 [Time-limited test] INFO  server.RaftServer (RaftServerProxy.java:addNew(98)) - om1: addNew group-C5BA1605619E:[om1|rpc:fv-az621-180:9872|priority:0|startupRole:FOLLOWER] returns group-C5BA1605619E:java.util.concurrent.CompletableFuture@12783236[Not completed]
2023-08-04 02:32:52,373 [Time-limited test] INFO  om.OzoneManager (OzoneManager.java:initializeRatisServer(2128)) - OzoneManager Ratis server initialized at port 9872
2023-08-04 02:32:52,373 [Time-limited test] INFO  om.OzoneManager (OzoneManager.java:getRpcServer(1193)) - Creating RPC Server
2023-08-04 02:32:52,374 [om1-groupManagement] INFO  server.RaftServer$Division (RaftServerImpl.java:<init>(198)) - om1: new RaftServerImpl for group-C5BA1605619E:[om1|rpc:fv-az621-180:9872|priority:0|startupRole:FOLLOWER] with OzoneManagerStateMachine:uninitialized
2023-08-04 02:32:52,387 [om1-groupManagement] INFO  server.RaftServerConfigKeys (ConfUtils.java:logGet(46)) - raft.server.rpc.timeout.min = 5s (custom)
2023-08-04 02:32:52,387 [om1-groupManagement] INFO  server.RaftServerConfigKeys (ConfUtils.java:logGet(46)) - raft.server.rpc.timeout.max = 5200ms (custom)
2023-08-04 02:32:52,387 [om1-groupManagement] INFO  server.RaftServerConfigKeys (ConfUtils.java:logGet(46)) - raft.server.rpc.sleep.time = 25ms (default)
2023-08-04 02:32:52,387 [om1-groupManagement] INFO  server.RaftServerConfigKeys (ConfUtils.java:logGet(46)) - raft.server.rpc.slowness.timeout = 120s (custom)
2023-08-04 02:32:52,387 [om1-groupManagement] INFO  server.RaftServerConfigKeys (ConfUtils.java:logGet(46)) - raft.server.leaderelection.leader.step-down.wait-time = 10s (default)
2023-08-04 02:32:52,387 [om1-groupManagement] INFO  server.RaftServerConfigKeys (ConfUtils.java:logGet(46)) - raft.server.sleep.deviation.threshold = 300ms (default)
2023-08-04 02:32:52,388 [om1-groupManagement] INFO  server.RaftServer$Division (ServerState.java:<init>(120)) - om1@group-C5BA1605619E: ConfigurationManager, init=-1: peers:[om1|rpc:fv-az621-180:9872|priority:0|startupRole:FOLLOWER]|listeners:[], old=null, confs=<EMPTY_MAP>
2023-08-04 02:32:52,388 [om1-groupManagement] INFO  server.RaftServerConfigKeys (ConfUtils.java:logGet(46)) - raft.server.storage.dir = [/tmp/junit6095035608874190202/junit3171993202794764071/scm-meta/ratis] (custom)
2023-08-04 02:32:52,388 [om1-groupManagement] INFO  server.RaftServerConfigKeys (ConfUtils.java:logGet(46)) - raft.server.log.corruption.policy = EXCEPTION (default)
2023-08-04 02:32:52,388 [om1-groupManagement] INFO  server.RaftServerConfigKeys (ConfUtils.java:logGet(46)) - raft.server.storage.free-space.min = 0MB (=0) (default)
2023-08-04 02:32:52,388 [om1-groupManagement] INFO  server.RaftServerConfigKeys (ConfUtils.java:logGet(46)) - raft.server.notification.no-leader.timeout = 120s (custom)
2023-08-04 02:32:52,388 [om1-groupManagement] INFO  server.RaftServerConfigKeys (ConfUtils.java:logGet(46)) - raft.server.read.timeout = 10s (default)
2023-08-04 02:32:52,388 [om1-groupManagement] INFO  server.RaftServerConfigKeys (ConfUtils.java:logGet(46)) - raft.server.retrycache.expirytime = 300s (custom)
2023-08-04 02:32:52,388 [om1-groupManagement] INFO  server.RaftServerConfigKeys (ConfUtils.java:logGet(46)) - raft.server.retrycache.statistics.expirytime = 100μs (default)
2023-08-04 02:32:52,388 [om1-groupManagement] INFO  server.RaftServerConfigKeys (ConfUtils.java:logGet(46)) - raft.server.read.option = DEFAULT (default)
2023-08-04 02:32:52,389 [om1-groupManagement] INFO  server.RaftServerConfigKeys (ConfUtils.java:logGet(46)) - raft.server.rpc.request.timeout = 3000ms (default)
2023-08-04 02:32:52,389 [om1-groupManagement] INFO  server.RaftServerConfigKeys (ConfUtils.java:logGet(46)) - raft.server.log.appender.install.snapshot.enabled = false (custom)
2023-08-04 02:32:52,389 [om1-groupManagement] INFO  server.RaftServerConfigKeys (ConfUtils.java:logGet(46)) - raft.server.threadpool.server.cached = true (default)
2023-08-04 02:32:52,389 [om1-groupManagement] INFO  server.RaftServerConfigKeys (ConfUtils.java:logGet(46)) - raft.server.threadpool.server.size = 0 (default)
2023-08-04 02:32:52,389 [om1-groupManagement] INFO  server.RaftServerConfigKeys (ConfUtils.java:logGet(46)) - raft.server.threadpool.client.cached = true (default)
2023-08-04 02:32:52,389 [om1-groupManagement] INFO  server.RaftServerConfigKeys (ConfUtils.java:logGet(46)) - raft.server.threadpool.client.size = 0 (default)
2023-08-04 02:32:52,960 [JvmPauseMonitor1] WARN  util.JvmPauseMonitor (JvmPauseMonitor.java:detectPause(124)) - JvmPauseMonitor-7738a34f-2a88-4876-92b8-c95136c55bf8: Detected pause in JVM or host machine approximately 0.135s with 0.165s GC time.
GC pool 'PS MarkSweep' had collection(s): count=1 time=114ms
GC pool 'PS Scavenge' had collection(s): count=1 time=51ms
2023-08-04 02:32:52,981 [Time-limited test] INFO  reflections.Reflections (Reflections.java:scan(232)) - Reflections took 607 ms to scan 19 urls, producing 70 keys and 5598 values [using 2 cores]
2023-08-04 02:32:52,984 [Time-limited test] INFO  ipc.CallQueueManager (CallQueueManager.java:<init>(90)) - Using callQueue: class java.util.concurrent.LinkedBlockingQueue, queueCapacity: 10000, scheduler: class org.apache.hadoop.ipc.DefaultRpcScheduler, ipcBackoff: false.
2023-08-04 02:32:52,984 [Time-limited test] INFO  ipc.Server (Server.java:<init>(1287)) - Listener at fv-az621-180:1202
2023-08-04 02:32:52,985 [Socket Reader #1 for port 1202] INFO  ipc.Server (Server.java:run(1323)) - Starting Socket Reader #1 for port 1202
2023-08-04 02:32:53,498 [Time-limited test] INFO  server.StorageContainerManager (StorageContainerManager.java:stop(1592)) - Container Balancer is not running.
2023-08-04 02:32:53,499 [Time-limited test] INFO  server.StorageContainerManager (StorageContainerManager.java:stopReplicationManager(1725)) - Stopping Replication Manager Service.
2023-08-04 02:32:53,499 [Time-limited test] INFO  replication.ReplicationManager (ReplicationManager.java:stop(319)) - Stopping Replication Monitor Thread.
2023-08-04 02:32:53,499 [Under Replicated Processor] WARN  replication.UnhealthyReplicationProcessor (UnhealthyReplicationProcessor.java:run(180)) - Under Replicated Processor interrupted. Exiting...
2023-08-04 02:32:53,499 [ReplicationMonitor] INFO  replication.ReplicationManager (ReplicationManager.java:run(917)) - Replication Monitor Thread is stopped
2023-08-04 02:32:53,499 [Time-limited test] INFO  server.StorageContainerManager (StorageContainerManager.java:stop(1601)) - Stopping the Datanode Admin Monitor.
2023-08-04 02:32:53,499 [Time-limited test] INFO  server.StorageContainerManager (StorageContainerManager.java:stop(1608)) - Stopping datanode service RPC server
2023-08-04 02:32:53,500 [Time-limited test] INFO  server.SCMDatanodeProtocolServer (SCMDatanodeProtocolServer.java:stop(424)) - Stopping the RPC server for DataNodes
2023-08-04 02:32:53,500 [Time-limited test] INFO  ipc.Server (Server.java:stop(3523)) - Stopping server on 9861
2023-08-04 02:32:53,500 [Over Replicated Processor] WARN  replication.UnhealthyReplicationProcessor (UnhealthyReplicationProcessor.java:run(180)) - Over Replicated Processor interrupted. Exiting...
2023-08-04 02:32:53,511 [IPC Server listener on 9861] INFO  ipc.Server (Server.java:run(1434)) - Stopping IPC Server listener on 9861
2023-08-04 02:32:53,512 [IPC Server Responder] INFO  ipc.Server (Server.java:run(1567)) - Stopping IPC Server Responder
2023-08-04 02:32:55,144 [SCM Heartbeat Processing Thread - 0] WARN  node.NodeStateManager (NodeStateManager.java:scheduleNextHealthCheck(874)) - Current Thread is interrupted, shutting down HB processing thread for Node Manager.
2023-08-04 02:32:55,145 [Time-limited test] INFO  server.StorageContainerManager (StorageContainerManager.java:stop(1616)) - Stopping block service RPC server
2023-08-04 02:32:55,145 [Time-limited test] INFO  server.SCMBlockProtocolServer (SCMBlockProtocolServer.java:stop(161)) - Stopping the RPC server for Block Protocol
2023-08-04 02:32:55,145 [Time-limited test] INFO  ipc.Server (Server.java:stop(3523)) - Stopping server on 9863
2023-08-04 02:32:55,149 [IPC Server listener on 9863] INFO  ipc.Server (Server.java:run(1434)) - Stopping IPC Server listener on 9863
2023-08-04 02:32:55,151 [IPC Server Responder] INFO  ipc.Server (Server.java:run(1567)) - Stopping IPC Server Responder
2023-08-04 02:32:55,151 [Time-limited test] INFO  server.StorageContainerManager (StorageContainerManager.java:stop(1623)) - Stopping the StorageContainerLocationProtocol RPC server
2023-08-04 02:32:55,151 [Time-limited test] INFO  server.SCMClientProtocolServer (SCMClientProtocolServer.java:stop(209)) - Stopping the RPC server for Client Protocol
2023-08-04 02:32:55,151 [Time-limited test] INFO  ipc.Server (Server.java:stop(3523)) - Stopping server on 9860
2023-08-04 02:32:55,157 [IPC Server listener on 9860] INFO  ipc.Server (Server.java:run(1434)) - Stopping IPC Server listener on 9860
2023-08-04 02:32:55,158 [Time-limited test] INFO  server.StorageContainerManager (StorageContainerManager.java:stop(1630)) - Stopping Storage Container Manager HTTP server.
2023-08-04 02:32:55,158 [IPC Server Responder] INFO  ipc.Server (Server.java:run(1567)) - Stopping IPC Server Responder
2023-08-04 02:32:55,165 [Time-limited test] INFO  handler.ContextHandler (ContextHandler.java:doStop(1159)) - Stopped o.e.j.w.WebAppContext@6f7b215f{scm,/,null,STOPPED}{file:/home/runner/work/ozone/ozone/hadoop-ozone/integration-test/target/test-classes/webapps/scm}
2023-08-04 02:32:55,165 [Time-limited test] INFO  server.AbstractConnector (AbstractConnector.java:doStop(383)) - Stopped ServerConnector@4f8eae91{HTTP/1.1, (http/1.1)}{0.0.0.0:9876}
2023-08-04 02:32:55,166 [Time-limited test] INFO  server.session (HouseKeeper.java:stopScavenging(149)) - node0 Stopped scavenging
2023-08-04 02:32:55,166 [Time-limited test] INFO  handler.ContextHandler (ContextHandler.java:doStop(1159)) - Stopped o.e.j.s.ServletContextHandler@745daa9b{static,/static,file:///home/runner/work/ozone/ozone/hadoop-ozone/integration-test/target/test-classes/webapps/static,STOPPED}
2023-08-04 02:32:55,166 [Time-limited test] INFO  handler.ContextHandler (ContextHandler.java:doStop(1159)) - Stopped o.e.j.s.ServletContextHandler@5e6be262{logs,/logs,file:///home/runner/work/ozone/ozone/hadoop-ozone/integration-test/target/log,STOPPED}
2023-08-04 02:32:55,169 [Time-limited test] INFO  server.StorageContainerManager (StorageContainerManager.java:stop(1638)) - Stopping SCM LayoutVersionManager Service.
2023-08-04 02:32:55,169 [Time-limited test] INFO  server.SCMSecurityProtocolServer (SCMSecurityProtocolServer.java:stop(552)) - Stopping the SCMSecurityProtocolServer.
2023-08-04 02:32:55,170 [Time-limited test] INFO  ipc.Server (Server.java:stop(3523)) - Stopping server on 9961
2023-08-04 02:32:55,174 [IPC Server listener on 9961] INFO  ipc.Server (Server.java:run(1434)) - Stopping IPC Server listener on 9961
2023-08-04 02:32:55,175 [IPC Server Responder] INFO  ipc.Server (Server.java:run(1567)) - Stopping IPC Server Responder
2023-08-04 02:32:55,177 [Time-limited test] INFO  server.SCMUpdateServiceGrpcServer (SCMUpdateServiceGrpcServer.java:stop(73)) - SCMUpdateService stopping
2023-08-04 02:32:55,182 [Time-limited test] INFO  server.SCMUpdateServiceGrpcServer (SCMUpdateServiceGrpcServer.java:stop(85)) - SCMUpdateService stopped!
2023-08-04 02:32:55,182 [Time-limited test] INFO  server.StorageContainerManager (StorageContainerManager.java:stop(1650)) - Stopping Block Manager Service.
2023-08-04 02:32:55,182 [Time-limited test] INFO  utils.BackgroundService (BackgroundService.java:shutdown(141)) - Shutting down service SCMBlockDeletingService
2023-08-04 02:32:55,182 [Time-limited test] INFO  utils.BackgroundService (BackgroundService.java:shutdown(141)) - Shutting down service SCMBlockDeletingService
2023-08-04 02:32:55,183 [Time-limited test] INFO  server.StorageContainerManager (StorageContainerManager.java:stop(1670)) - Stopping SCM Event Queue.
2023-08-04 02:32:55,183 [JvmPauseMonitor1] INFO  util.JvmPauseMonitor (JvmPauseMonitor.java:run(109)) - JvmPauseMonitor-7738a34f-2a88-4876-92b8-c95136c55bf8: Stopped
2023-08-04 02:32:55,183 [Time-limited test] INFO  server.StorageContainerManager (StorageContainerManager.java:stop(1681)) - Stopping SCM HA services.
2023-08-04 02:32:55,183 [Time-limited test] INFO  pipeline.BackgroundPipelineCreator (BackgroundPipelineCreator.java:stop(149)) - Stopping RatisPipelineUtilsThread.
2023-08-04 02:32:55,183 [RatisPipelineUtilsThread - 0] WARN  pipeline.BackgroundPipelineCreator (BackgroundPipelineCreator.java:run(180)) - RatisPipelineUtilsThread is interrupted.
2023-08-04 02:32:55,183 [Time-limited test] INFO  BackgroundPipelineScrubber (BackgroundSCMService.java:stop(131)) - Stopping BackgroundPipelineScrubber Service.
2023-08-04 02:32:55,184 [BackgroundPipelineScrubberThread] WARN  BackgroundPipelineScrubber (BackgroundSCMService.java:run(115)) - BackgroundPipelineScrubber is interrupted, exit
2023-08-04 02:32:55,184 [Time-limited test] INFO  impl.MetricsSystemImpl (MetricsSystemImpl.java:stop(210)) - Stopping StorageContainerManager metrics system...
2023-08-04 02:32:55,186 [prometheus] INFO  impl.MetricsSinkAdapter (MetricsSinkAdapter.java:publishMetricsFromQueue(141)) - prometheus thread interrupted.
2023-08-04 02:32:55,186 [Time-limited test] INFO  impl.MetricsSystemImpl (MetricsSystemImpl.java:stop(216)) - StorageContainerManager metrics system stopped.
2023-08-04 02:32:55,186 [Time-limited test] WARN  pipeline.BackgroundPipelineCreator (BackgroundPipelineCreator.java:stop(145)) - RatisPipelineUtilsThread is not running, just ignore.
2023-08-04 02:32:55,187 [Time-limited test] INFO  BackgroundPipelineScrubber (BackgroundSCMService.java:stop(126)) - BackgroundPipelineScrubber Service is not running, skip stop.
2023-08-04 02:32:55,187 [Time-limited test] INFO  ExpiredContainerReplicaOpScrubber (BackgroundSCMService.java:stop(131)) - Stopping ExpiredContainerReplicaOpScrubber Service.
2023-08-04 02:32:55,187 [ExpiredContainerReplicaOpScrubberThread] WARN  ExpiredContainerReplicaOpScrubber (BackgroundSCMService.java:run(115)) - ExpiredContainerReplicaOpScrubber is interrupted, exit
2023-08-04 02:32:55,187 [Time-limited test] INFO  utils.BackgroundService (BackgroundService.java:shutdown(141)) - Shutting down service SCMBlockDeletingService
2023-08-04 02:32:55,187 [Time-limited test] INFO  replication.ReplicationManager (ReplicationManager.java:stop(329)) - Replication Monitor Thread is not running.
2023-08-04 02:32:55,187 [Time-limited test] WARN  balancer.ContainerBalancer (ContainerBalancer.java:stop(326)) - Cannot stop Container Balancer because it's not running or stopping
2023-08-04 02:32:55,187 [Time-limited test] INFO  server.StorageContainerManager (StorageContainerManager.java:stop(1716)) - Stopping SCM MetadataStore.
2023-08-04 02:32:55,187 [Lease Manager-LeaseManager#LeaseMonitor] WARN  lease.LeaseManager (LeaseManager.java:run(272)) - Lease manager is interrupted. Shutting down...
java.lang.InterruptedException
	at java.util.concurrent.locks.AbstractQueuedSynchronizer.doAcquireSharedNanos(AbstractQueuedSynchronizer.java:1039)
	at java.util.concurrent.locks.AbstractQueuedSynchronizer.tryAcquireSharedNanos(AbstractQueuedSynchronizer.java:1328)
	at java.util.concurrent.Semaphore.tryAcquire(Semaphore.java:409)
	at org.apache.hadoop.ozone.lease.LeaseManager$LeaseMonitor.run(LeaseManager.java:270)
	at java.lang.Thread.run(Thread.java:750)
2023-08-04 02:32:55,193 [Time-limited test] INFO  impl.DefaultInternalKdcServerImpl (DefaultInternalKdcServerImpl.java:doStop(102)) - Default Internal kdc server stopped.
2023-08-04 02:32:56,194 [Time-limited test] INFO  minikdc.MiniKdc (MiniKdc.java:stop(359)) - MiniKdc stopped.
2023-08-04 02:32:56,194 [Time-limited test] INFO  server.StorageContainerManager (StorageContainerManager.java:stop(1581)) - Storage Container Manager is not running.
2023-08-04 02:32:56,194 [Time-limited test] INFO  server.StorageContainerManager (StorageContainerManager.java:stopReplicationManager(1725)) - Stopping Replication Manager Service.
2023-08-04 02:32:56,194 [Time-limited test] INFO  replication.ReplicationManager (ReplicationManager.java:stop(329)) - Replication Monitor Thread is not running.
2023-08-04 02:32:56,194 [Time-limited test] INFO  server.SCMSecurityProtocolServer (SCMSecurityProtocolServer.java:join(562)) - Join RPC server for SCMSecurityProtocolServer.
2023-08-04 02:32:56,194 [Time-limited test] INFO  server.SCMSecurityProtocolServer (SCMSecurityProtocolServer.java:join(564)) - Join gRPC server for SCMSecurityProtocolServer.
2023-08-04 02:32:56,194 [Time-limited test] INFO  om.OzoneManager (OzoneManager.java:stop(2187)) - om1[fv-az621-180:1202]: Stopping Ozone Manager
2023-08-04 02:32:56,194 [Time-limited test] INFO  ipc.Server (Server.java:stop(3523)) - Stopping server on 1202
2023-08-04 02:33:00,219 [Time-limited test] INFO  om.GrpcOzoneManagerServer (GrpcOzoneManagerServer.java:stop(192)) - Server GrpcOzoneManagerServer is shutdown
2023-08-04 02:33:00,219 [Time-limited test] INFO  ratis.OzoneManagerStateMachine (OzoneManagerStateMachine.java:close(534)) - StateMachine has shutdown. Shutdown OzoneManager if not already shutdown.
2023-08-04 02:33:00,219 [Time-limited test] INFO  ratis.OzoneManagerDoubleBuffer (OzoneManagerDoubleBuffer.java:stopDaemon(551)) - Stopping OMDoubleBuffer flush thread
2023-08-04 02:33:00,222 [OMDoubleBufferFlushThread] INFO  ratis.OzoneManagerDoubleBuffer (OzoneManagerDoubleBuffer.java:canFlush(638)) - OMDoubleBuffer flush thread OMDoubleBufferFlushThread is interrupted and will exit.
2023-08-04 02:33:00,222 [Time-limited test] INFO  om.OzoneManager (OzoneManager.java:stopSecretManager(1063)) - Stopping secret key client.
2023-08-04 02:33:00,222 [Time-limited test] INFO  om.OzoneManager (OzoneManager.java:stopSecretManager(1068)) - Stopping OM delegation token secret manager.
2023-08-04 02:33:00,223 [Time-limited test] INFO  rocksdiff.RocksDBCheckpointDiffer (RocksDBCheckpointDiffer.java:close(340)) - Shutting down CompactionDagPruningService.
2023-08-04 02:33:00,224 [Time-limited test] INFO  snapshot.SnapshotDiffManager (SnapshotDiffManager.java:closeExecutorService(1720)) - Shutting down executorService: 'SnapDiffExecutor'
2023-08-04 02:33:00,224 [Time-limited test] INFO  snapshot.SnapshotDiffManager (SnapshotDiffManager.java:closeExecutorService(1720)) - Shutting down executorService: 'SstDumpToolExecutor'
2023-08-04 02:33:00,224 [Time-limited test] INFO  utils.BackgroundService (BackgroundService.java:shutdown(141)) - Shutting down service SnapshotDiffCleanupService
]]></system-out>
  </testcase>
  <testcase name="testGetSetRevokeS3Secret" classname="org.apache.hadoop.ozone.TestSecureOzoneCluster" time="9.934">
    <system-out><![CDATA[2023-08-04 02:33:00,246 [Time-limited test] INFO  net.ServerSocketUtil (ServerSocketUtil.java:getPort(55)) - Using port 9860
2023-08-04 02:33:00,246 [Time-limited test] INFO  net.ServerSocketUtil (ServerSocketUtil.java:getPort(55)) - Using port 9861
2023-08-04 02:33:00,246 [Time-limited test] INFO  net.ServerSocketUtil (ServerSocketUtil.java:getPort(55)) - Using port 9863
2023-08-04 02:33:00,246 [Time-limited test] INFO  net.ServerSocketUtil (ServerSocketUtil.java:getPort(55)) - Using port 9961
2023-08-04 02:33:00,246 [Time-limited test] INFO  net.ServerSocketUtil (ServerSocketUtil.java:getPort(55)) - Using port 1200
2023-08-04 02:33:00,246 [Time-limited test] INFO  net.ServerSocketUtil (ServerSocketUtil.java:getPort(55)) - Using port 1201
2023-08-04 02:33:00,247 [Time-limited test] INFO  minikdc.MiniKdc (MiniKdc.java:<init>(225)) - Configuration:
2023-08-04 02:33:00,247 [Time-limited test] INFO  minikdc.MiniKdc (MiniKdc.java:<init>(226)) - ---------------------------------------------------------------
2023-08-04 02:33:00,247 [Time-limited test] INFO  minikdc.MiniKdc (MiniKdc.java:<init>(228)) -   debug: false
2023-08-04 02:33:00,247 [Time-limited test] INFO  minikdc.MiniKdc (MiniKdc.java:<init>(228)) -   transport: TCP
2023-08-04 02:33:00,247 [Time-limited test] INFO  minikdc.MiniKdc (MiniKdc.java:<init>(228)) -   max.ticket.lifetime: 86400000
2023-08-04 02:33:00,247 [Time-limited test] INFO  minikdc.MiniKdc (MiniKdc.java:<init>(228)) -   org.name: EXAMPLE
2023-08-04 02:33:00,247 [Time-limited test] INFO  minikdc.MiniKdc (MiniKdc.java:<init>(228)) -   kdc.port: 0
2023-08-04 02:33:00,247 [Time-limited test] INFO  minikdc.MiniKdc (MiniKdc.java:<init>(228)) -   org.domain: COM
2023-08-04 02:33:00,247 [Time-limited test] INFO  minikdc.MiniKdc (MiniKdc.java:<init>(228)) -   max.renewable.lifetime: 604800000
2023-08-04 02:33:00,247 [Time-limited test] INFO  minikdc.MiniKdc (MiniKdc.java:<init>(228)) -   instance: DefaultKrbServer
2023-08-04 02:33:00,247 [Time-limited test] INFO  minikdc.MiniKdc (MiniKdc.java:<init>(228)) -   kdc.bind.address: localhost
2023-08-04 02:33:00,247 [Time-limited test] INFO  minikdc.MiniKdc (MiniKdc.java:<init>(230)) - ---------------------------------------------------------------
2023-08-04 02:33:00,249 [Time-limited test] INFO  minikdc.MiniKdc (MiniKdc.java:start(285)) - MiniKdc started.
2023-08-04 02:33:00,485 [Time-limited test] INFO  om.OzoneManager (OzoneManager.java:getOmDetailsProto(4555)) - OzoneManager ports added:[name: "RPC"
value: 1202
]
2023-08-04 02:33:00,486 [Time-limited test] WARN  server.ServerUtils (ServerUtils.java:getDBPath(311)) - ozone.om.db.dirs is not configured. We recommend adding this setting. Falling back to ozone.metadata.dirs instead.
2023-08-04 02:33:00,488 [Time-limited test] INFO  ha.OMHANodeDetails (OMHANodeDetails.java:loadOMHAConfig(115)) - ozone.om.internal.service.id is not defined, falling back to ozone.om.service.ids to find serviceID for OzoneManager if it is HA enabled cluster
2023-08-04 02:33:00,488 [Time-limited test] INFO  ha.OMHANodeDetails (OMHANodeDetails.java:loadOMHAConfig(226)) - Configuration does not have ozone.om.address set. Falling back to the default OM address fv-az621-180/10.1.0.9:1202
2023-08-04 02:33:00,488 [Time-limited test] INFO  ha.OMHANodeDetails (OMHANodeDetails.java:getOMNodeDetailsForNonHA(254)) - OM Service ID is not set. Setting it to the default ID: omServiceIdDefault
2023-08-04 02:33:00,488 [Time-limited test] INFO  ha.OMHANodeDetails (OMHANodeDetails.java:getOMNodeDetailsForNonHA(261)) - OM Node ID is not set. Setting it to the default ID: om1
2023-08-04 02:33:00,488 [Time-limited test] WARN  server.ServerUtils (ServerUtils.java:getDBPath(311)) - ozone.om.db.dirs is not configured. We recommend adding this setting. Falling back to ozone.metadata.dirs instead.
2023-08-04 02:33:00,490 [Time-limited test] INFO  upgrade.AbstractLayoutVersionManager (AbstractLayoutVersionManager.java:init(83)) - Initializing Layout version manager with metadata layout = QUOTA (version = 6), software layout = QUOTA (version = 6)
2023-08-04 02:33:00,567 [Time-limited test] INFO  reflections.Reflections (Reflections.java:scan(232)) - Reflections took 76 ms to scan 2 urls, producing 188 keys and 512 values [using 2 cores]
2023-08-04 02:33:00,568 [Time-limited test] INFO  upgrade.OMLayoutVersionManager (OMLayoutVersionManager.java:lambda$0(115)) - Skipping Upgrade Action QuotaRepairUpgradeAction since it has been finalized.
2023-08-04 02:33:00,568 [Time-limited test] INFO  upgrade.OMLayoutVersionManager (OMLayoutVersionManager.java:lambda$0(115)) - Skipping Upgrade Action MockOmUpgradeAction since it has been finalized.
2023-08-04 02:33:00,573 [pool-137-thread-1] INFO  request.KdcRequest (KdcRequest.java:preauth(651)) - The preauth data is empty.
2023-08-04 02:33:00,573 [pool-137-thread-1] INFO  server.KdcHandler (KdcHandler.java:handleRecoverableException(177)) - KRB error occurred while processing request:Additional pre-authentication required
2023-08-04 02:33:00,578 [pool-137-thread-2] INFO  request.AsRequest (AsRequest.java:issueTicket(112)) - AS_REQ ISSUE: authtime 1691116380578,om/fv-az621-180@EXAMPLE.COM for krbtgt/EXAMPLE.COM@EXAMPLE.COM
2023-08-04 02:33:00,580 [Time-limited test] INFO  security.UserGroupInformation (UserGroupInformation.java:loginUserFromKeytab(1132)) - Login successful for user om/fv-az621-180@EXAMPLE.COM using keytab file om.keytab. Keytab auto renewal enabled : false
2023-08-04 02:33:00,580 [Time-limited test] INFO  om.OzoneManager (OzoneManager.java:loginOMUser(1161)) - Ozone Manager login successful.
2023-08-04 02:33:00,580 [Time-limited test] WARN  server.ServerUtils (ServerUtils.java:getDBPath(311)) - ozone.om.db.dirs is not configured. We recommend adding this setting. Falling back to ozone.metadata.dirs instead.
2023-08-04 02:33:00,581 [Time-limited test] INFO  proxy.SCMBlockLocationFailoverProxyProvider (SCMBlockLocationFailoverProxyProvider.java:<init>(114)) - Created block location fail-over proxy with 1 nodes: [nodeId=scmNodeId,nodeAddress=localhost/127.0.0.1:9863]
2023-08-04 02:33:00,582 [Time-limited test] INFO  om.OzoneManager (OzoneManager.java:getOmDetailsProto(4555)) - OzoneManager ports added:[name: "RPC"
value: 1202
]
2023-08-04 02:33:00,583 [Time-limited test] INFO  security.OMCertificateClient (DefaultCertificateClient.java:updateCertSerialId(1226)) - Certificate serial ID set to 9879877970576
2023-08-04 02:33:00,583 [Time-limited test] WARN  security.OMCertificateClient (DefaultCertificateClient.java:loadAllCertificates(172)) - Certificates could not be loaded.
java.nio.file.NoSuchFileException: /tmp/junit8934983782306529871/junit7985731273704220644/om-meta/om/certs
	at sun.nio.fs.UnixException.translateToIOException(UnixException.java:86)
	at sun.nio.fs.UnixException.rethrowAsIOException(UnixException.java:102)
	at sun.nio.fs.UnixException.rethrowAsIOException(UnixException.java:107)
	at sun.nio.fs.UnixFileSystemProvider.newDirectoryStream(UnixFileSystemProvider.java:427)
	at java.nio.file.Files.newDirectoryStream(Files.java:457)
	at java.nio.file.Files.list(Files.java:3451)
	at org.apache.hadoop.hdds.security.x509.certificate.client.DefaultCertificateClient.loadAllCertificates(DefaultCertificateClient.java:167)
	at org.apache.hadoop.hdds.security.x509.certificate.client.DefaultCertificateClient.updateCertSerialId(DefaultCertificateClient.java:1227)
	at org.apache.hadoop.hdds.security.x509.certificate.client.DefaultCertificateClient.<init>(DefaultCertificateClient.java:156)
	at org.apache.hadoop.hdds.security.x509.certificate.client.CommonCertificateClient.<init>(CommonCertificateClient.java:49)
	at org.apache.hadoop.ozone.security.OMCertificateClient.<init>(OMCertificateClient.java:68)
	at org.apache.hadoop.ozone.om.OzoneManager.<init>(OzoneManager.java:640)
	at org.apache.hadoop.ozone.om.OzoneManager.createOm(OzoneManager.java:754)
	at org.apache.hadoop.ozone.TestSecureOzoneCluster.setupOm(TestSecureOzoneCluster.java:693)
	at org.apache.hadoop.ozone.TestSecureOzoneCluster.testGetSetRevokeS3Secret(TestSecureOzoneCluster.java:700)
	at sun.reflect.NativeMethodAccessorImpl.invoke0(Native Method)
	at sun.reflect.NativeMethodAccessorImpl.invoke(NativeMethodAccessorImpl.java:62)
	at sun.reflect.DelegatingMethodAccessorImpl.invoke(DelegatingMethodAccessorImpl.java:43)
	at java.lang.reflect.Method.invoke(Method.java:498)
	at org.junit.runners.model.FrameworkMethod$1.runReflectiveCall(FrameworkMethod.java:59)
	at org.junit.internal.runners.model.ReflectiveCallable.run(ReflectiveCallable.java:12)
	at org.junit.runners.model.FrameworkMethod.invokeExplosively(FrameworkMethod.java:56)
	at org.junit.internal.runners.statements.InvokeMethod.evaluate(InvokeMethod.java:17)
	at org.junit.internal.runners.statements.RunBefores.evaluate(RunBefores.java:26)
	at org.junit.internal.runners.statements.RunAfters.evaluate(RunAfters.java:27)
	at org.junit.rules.ExternalResource$1.evaluate(ExternalResource.java:54)
	at org.junit.internal.runners.statements.FailOnTimeout$CallableStatement.call(FailOnTimeout.java:288)
	at org.junit.internal.runners.statements.FailOnTimeout$CallableStatement.call(FailOnTimeout.java:282)
	at java.util.concurrent.FutureTask.run(FutureTask.java:266)
	at java.lang.Thread.run(Thread.java:750)
2023-08-04 02:33:00,585 [Time-limited test] INFO  om.OzoneManager (OzoneManager.java:<init>(662)) - OM start with adminUsers: [scm/fv-az621-180@EXAMPLE.COM, om]
2023-08-04 02:33:00,586 [Time-limited test] WARN  server.ServerUtils (ServerUtils.java:getDBPath(311)) - ozone.om.db.dirs is not configured. We recommend adding this setting. Falling back to ozone.metadata.dirs instead.
2023-08-04 02:33:00,586 [Time-limited test] INFO  helpers.OmKeyInfo (OmKeyInfo.java:getCodec(71)) - OmKeyInfo.getCodec ignorePipeline = true
2023-08-04 02:33:00,761 [Time-limited test] INFO  om.OzoneManager (OzoneManager.java:instantiateServices(791)) - S3 Multi-Tenancy is disabled
2023-08-04 02:33:00,762 [Time-limited test] INFO  security.OzoneSecretStore (OzoneSecretStore.java:loadState(69)) - Loaded 0 tokens
2023-08-04 02:33:00,762 [Time-limited test] INFO  security.OzoneDelegationTokenSecretManager (OzoneDelegationTokenSecretManager.java:loadTokenSecretState(530)) - Loading token state into token manager.
2023-08-04 02:33:00,764 [Time-limited test] INFO  om.OmSnapshotManager (OmSnapshotManager.java:<init>(175)) - Ozone filesystem snapshot feature is enabled.
2023-08-04 02:33:00,764 [Time-limited test] WARN  server.ServerUtils (ServerUtils.java:getDBPath(311)) - ozone.om.snapshot.diff.db.dir is not configured. We recommend adding this setting. Falling back to ozone.metadata.dirs instead.
2023-08-04 02:33:00,784 [Time-limited test] INFO  snapshot.SnapshotDiffManager (SnapshotDiffManager.java:closeExecutorService(1720)) - Shutting down executorService: 'SstDumpToolExecutor'
2023-08-04 02:33:00,796 [Time-limited test] INFO  om.OzoneManager (OzoneManager.java:addS3GVolumeToDB(4287)) - Created Volume s3v With Owner om required for S3Gateway operations.
2023-08-04 02:33:00,796 [Time-limited test] WARN  server.ServerUtils (ServerUtils.java:getDefaultRatisDirectory(323)) - Storage directory for Ratis is not configured. It is a good idea to map this to an SSD disk. Falling back to ozone.metadata.dirs
2023-08-04 02:33:00,796 [Time-limited test] WARN  utils.OzoneManagerRatisUtils (OzoneManagerRatisUtils.java:getOMRatisSnapshotDirectory(461)) - ozone.om.ratis.snapshot.dir is not configured. Falling back to ozone.metadata.dirs config
2023-08-04 02:33:00,798 [Time-limited test] WARN  server.ServerUtils (ServerUtils.java:getDefaultRatisDirectory(323)) - Storage directory for Ratis is not configured. It is a good idea to map this to an SSD disk. Falling back to ozone.metadata.dirs
2023-08-04 02:33:00,800 [Time-limited test] INFO  ratis.OzoneManagerRatisServer (OzoneManagerRatisServer.java:<init>(163)) - Instantiating OM Ratis server with groupID: omServiceIdDefault and peers: fv-az621-180:9872
2023-08-04 02:33:00,801 [Time-limited test] INFO  ratis.OzoneManagerStateMachine (OzoneManagerStateMachine.java:loadSnapshotInfoFromDB(687)) - LastAppliedIndex is set from TransactionInfo from OM DB as (t:0, i:~)
2023-08-04 02:33:00,802 [Time-limited test] INFO  server.RaftServer (ConfUtils.java:logGet(46)) - raft.rpc.type = GRPC (default)
2023-08-04 02:33:00,802 [Time-limited test] INFO  grpc.GrpcConfigKeys (ConfUtils.java:logFallback(53)) - raft.grpc.admin.host = null (fallback to raft.grpc.server.host)
2023-08-04 02:33:00,803 [Time-limited test] INFO  grpc.GrpcConfigKeys (ConfUtils.java:logFallback(53)) - raft.grpc.admin.port = 9872 (fallback to raft.grpc.server.port)
2023-08-04 02:33:00,803 [Time-limited test] INFO  grpc.GrpcConfigKeys (ConfUtils.java:logFallback(53)) - raft.grpc.client.host = null (fallback to raft.grpc.server.host)
2023-08-04 02:33:00,803 [Time-limited test] INFO  grpc.GrpcConfigKeys (ConfUtils.java:logFallback(53)) - raft.grpc.client.port = 9872 (fallback to raft.grpc.server.port)
2023-08-04 02:33:00,803 [Time-limited test] INFO  grpc.GrpcConfigKeys (ConfUtils.java:logGet(46)) - raft.grpc.server.host = null (default)
2023-08-04 02:33:00,803 [Time-limited test] INFO  grpc.GrpcConfigKeys (ConfUtils.java:logGet(46)) - raft.grpc.server.port = 9872 (custom)
2023-08-04 02:33:00,803 [Time-limited test] INFO  server.GrpcService (ConfUtils.java:logGet(46)) - raft.grpc.message.size.max = 33554432 (custom)
2023-08-04 02:33:00,804 [Time-limited test] INFO  server.RaftServerConfigKeys (ConfUtils.java:logGet(46)) - raft.server.log.appender.buffer.byte-limit = 33554432 (custom)
2023-08-04 02:33:00,804 [Time-limited test] INFO  server.GrpcService (ConfUtils.java:logGet(46)) - raft.grpc.flow.control.window = 1MB (=1048576) (default)
2023-08-04 02:33:00,804 [Time-limited test] INFO  server.RaftServerConfigKeys (ConfUtils.java:logGet(46)) - raft.server.rpc.request.timeout = 3000ms (default)
2023-08-04 02:33:00,804 [Time-limited test] INFO  grpc.GrpcConfigKeys (ConfUtils.java:logGet(46)) - raft.grpc.server.heartbeat.channel = true (default)
2023-08-04 02:33:00,804 [Time-limited test] INFO  grpc.GrpcConfigKeys (ConfUtils.java:logGet(46)) - raft.grpc.server.async.request.thread.pool.cached = true (default)
2023-08-04 02:33:00,804 [Time-limited test] INFO  grpc.GrpcConfigKeys (ConfUtils.java:logGet(46)) - raft.grpc.server.async.request.thread.pool.size = 32 (default)
2023-08-04 02:33:00,806 [Time-limited test] INFO  impl.DataStreamServerImpl (ConfUtils.java:logGet(46)) - raft.datastream.type = DISABLED (default)
2023-08-04 02:33:00,806 [Time-limited test] INFO  server.RaftServerConfigKeys (ConfUtils.java:logGet(46)) - raft.server.threadpool.proxy.cached = true (default)
2023-08-04 02:33:00,806 [Time-limited test] INFO  server.RaftServerConfigKeys (ConfUtils.java:logGet(46)) - raft.server.threadpool.proxy.size = 0 (default)
2023-08-04 02:33:00,806 [Time-limited test] INFO  server.RaftServerConfigKeys (ConfUtils.java:logGet(46)) - raft.server.rpc.slowness.timeout = 120s (custom)
2023-08-04 02:33:00,806 [Time-limited test] INFO  server.RaftServerConfigKeys (ConfUtils.java:logGet(46)) - raft.server.leaderelection.leader.step-down.wait-time = 10s (default)
2023-08-04 02:33:00,807 [Time-limited test] INFO  server.RaftServerConfigKeys (ConfUtils.java:logGet(46)) - raft.server.storage.dir = [/tmp/junit8934983782306529871/junit7985731273704220644/om-meta/ratis] (custom)
2023-08-04 02:33:00,807 [Time-limited test] INFO  server.RaftServer (RaftServerProxy.java:addNew(98)) - om1: addNew group-C5BA1605619E:[om1|rpc:fv-az621-180:9872|priority:0|startupRole:FOLLOWER] returns group-C5BA1605619E:java.util.concurrent.CompletableFuture@4ab6158c[Not completed]
2023-08-04 02:33:00,807 [om1-groupManagement] INFO  server.RaftServer$Division (OzoneManager.java:initializeRatisServer(2128)) - OzoneManager Ratis server initialized at port 9872
RaftServerImpl.java:<init>(198)) - om1: new RaftServerImpl for group-C5BA1605619E:[om1|rpc:fv-az621-180:9872|priority:0|startupRole:FOLLOWER] with OzoneManagerStateMachine:uninitialized
2023-08-04 02:33:00,807 [Time-limited test] INFO  om.OzoneManager (OzoneManager.java:initializeRatisServer(2128)) - OzoneManager Ratis server initialized at port 9872
2023-08-04 02:33:00,807 [om1-groupManagement] INFO  server.RaftServerConfigKeys (ConfUtils.java:logGet(46)) - raft.server.rpc.timeout.min = 5s (custom)
2023-08-04 02:33:00,807 [om1-groupManagement] INFO  server.RaftServerConfigKeys (ConfUtils.java:logGet(46)) - raft.server.rpc.timeout.max = 5200ms (custom)
2023-08-04 02:33:00,807 [om1-groupManagement] INFO  server.RaftServerConfigKeys (ConfUtils.java:logGet(46)) - raft.server.rpc.sleep.time = 25ms (default)
2023-08-04 02:33:00,808 [om1-groupManagement] INFO  server.RaftServerConfigKeys (ConfUtils.java:logGet(46)) - raft.server.rpc.slowness.timeout = 120s (custom)
2023-08-04 02:33:00,808 [om1-groupManagement] INFO  server.RaftServerConfigKeys (ConfUtils.java:logGet(46)) - raft.server.leaderelection.leader.step-down.wait-time = 10s (default)
2023-08-04 02:33:00,808 [om1-groupManagement] INFO  server.RaftServerConfigKeys (ConfUtils.java:logGet(46)) - raft.server.sleep.deviation.threshold = 300ms (default)
2023-08-04 02:33:00,808 [om1-groupManagement] INFO  server.RaftServer$Division (ServerState.java:<init>(120)) - om1@group-C5BA1605619E: ConfigurationManager, init=-1: peers:[om1|rpc:fv-az621-180:9872|priority:0|startupRole:FOLLOWER]|listeners:[], old=null, confs=<EMPTY_MAP>
2023-08-04 02:33:00,808 [Time-limited test] INFO  om.OzoneManager (ConfUtils.java:logGet(46)) - raft.server.storage.dir = [/tmp/junit8934983782306529871/junit7985731273704220644/om-meta/ratis] (custom)
2023-08-04 02:33:00,808 [om1-groupManagement] INFO  server.RaftServerConfigKeys (ConfUtils.java:logGet(46)) - raft.server.log.corruption.policy = EXCEPTION (default)
2023-08-04 02:33:00,808 [om1-groupManagement] INFO  server.RaftServerConfigKeys (ConfUtils.java:logGet(46)) - raft.server.storage.free-space.min = 0MB (=0) (default)
2023-08-04 02:33:00,808 [om1-groupManagement] INFO  server.RaftServerConfigKeys (ConfUtils.java:logGet(46)) - raft.server.notification.no-leader.timeout = 120s (custom)
2023-08-04 02:33:00,808 [om1-groupManagement] INFO  server.RaftServerConfigKeys (ConfUtils.java:logGet(46)) - raft.server.read.timeout = 10s (default)
2023-08-04 02:33:00,808 [om1-groupManagement] INFO  server.RaftServerConfigKeys (ConfUtils.java:logGet(46)) - raft.server.retrycache.expirytime = 300s (custom)
2023-08-04 02:33:00,808 [om1-groupManagement] INFO  server.RaftServerConfigKeys (ConfUtils.java:logGet(46)) - raft.server.retrycache.statistics.expirytime = 100μs (default)
2023-08-04 02:33:00,808 [om1-groupManagement] INFO  server.RaftServerConfigKeys (ConfUtils.java:logGet(46)) - raft.server.read.option = DEFAULT (default)
2023-08-04 02:33:00,809 [om1-groupManagement] INFO  server.RaftServerConfigKeys (ConfUtils.java:logGet(46)) - raft.server.rpc.request.timeout = 3000ms (default)
2023-08-04 02:33:00,809 [om1-groupManagement] INFO  server.RaftServerConfigKeys (ConfUtils.java:logGet(46)) - raft.server.log.appender.install.snapshot.enabled = false (custom)
2023-08-04 02:33:00,809 [om1-groupManagement] INFO  server.RaftServerConfigKeys (ConfUtils.java:logGet(46)) - raft.server.threadpool.server.cached = true (default)
2023-08-04 02:33:00,809 [om1-groupManagement] INFO  server.RaftServerConfigKeys (ConfUtils.java:logGet(46)) - raft.server.threadpool.server.size = 0 (default)
2023-08-04 02:33:00,809 [om1-groupManagement] INFO  server.RaftServerConfigKeys (ConfUtils.java:logGet(46)) - raft.server.threadpool.client.cached = true (default)
2023-08-04 02:33:00,809 [om1-groupManagement] INFO  server.RaftServerConfigKeys (ConfUtils.java:logGet(46)) - raft.server.threadpool.client.size = 0 (default)
2023-08-04 02:33:00,808 [Time-limited test] INFO  om.OzoneManager (OzoneManager.java:getRpcServer(1193)) - Creating RPC Server
2023-08-04 02:33:01,270 [Time-limited test] INFO  reflections.Reflections (Reflections.java:scan(232)) - Reflections took 458 ms to scan 19 urls, producing 70 keys and 5598 values [using 2 cores]
2023-08-04 02:33:01,272 [Time-limited test] INFO  ipc.CallQueueManager (CallQueueManager.java:<init>(90)) - Using callQueue: class java.util.concurrent.LinkedBlockingQueue, queueCapacity: 10000, scheduler: class org.apache.hadoop.ipc.DefaultRpcScheduler, ipcBackoff: false.
2023-08-04 02:33:01,273 [Time-limited test] INFO  ipc.Server (Server.java:<init>(1287)) - Listener at fv-az621-180:1202
2023-08-04 02:33:01,273 [Socket Reader #1 for port 1202] INFO  ipc.Server (Server.java:run(1323)) - Starting Socket Reader #1 for port 1202
2023-08-04 02:33:01,642 [Time-limited test] INFO  utils.SelfSignedCertificate (SelfSignedCertificate.java:generateCertificate(157)) - Certificate 1 is issued by CN=rootCA@localhost,OU=scm1,O=cluster1 to CN=rootCA@localhost,OU=scm1,O=cluster1, valid from Fri Aug 04 02:33:01 UTC 2023 to Mon Sep 11 02:33:01 UTC 2028
2023-08-04 02:33:01,646 [Time-limited test] INFO  authority.DefaultApprover (DefaultApprover.java:sign(154)) - Extensions in CSR: 2.5.29.15
2023-08-04 02:33:01,646 [Time-limited test] INFO  authority.DefaultApprover (DefaultApprover.java:sign(158)) - Extensions to add to the certificate if they present in CSR: 2.5.29.17, 2.5.29.19, 1.3.6.1.5.5.7.1.12, 2.5.29.35, 2.5.29.37, 2.5.29.15
2023-08-04 02:33:01,655 [Time-limited test] INFO  ssl.ReloadingX509KeyManager (ReloadingX509KeyManager.java:loadKeyManager(222)) - Key manager is loaded with certificate chain
2023-08-04 02:33:01,657 [Time-limited test] INFO  ssl.ReloadingX509KeyManager (ReloadingX509KeyManager.java:loadKeyManager(224)) - [
[
  Version: V3
  Subject: O=cluster1, OU=scm1, CN=localhost
  Signature Algorithm: SHA256withRSA, OID = 1.2.840.113549.1.1.11

  Key:  Sun RSA public key, 2048 bits
  params: null
  modulus: 18792138322073319290516408791987698120418762796036908820293939257022106429215322825142926152001334473566419053752490358211774114803950914710923467379563171344511703847140454711347492016892973396133652030578456884741997071704541663217308171862928777812336109688958093536428047600237800257889477986843688246161827691574470832475094093472351354908082145008061747099171938503313459585439942054190902696740648791975851670270336305165625705419411690333942132730604913328733482525165975354876856078632951423314431888471748611553052252973442730213602336985185032436982517938829578250886614166841424151933576950775753855684917
  public exponent: 65537
  Validity: [From: Fri Aug 04 02:33:01 UTC 2023,
               To: Sat Aug 03 02:33:01 UTC 2024]
  Issuer: O=cluster1, OU=scm1, CN=rootCA@localhost
  SerialNumber: [    014c9bce 45ee]

Certificate Extensions: 1
[1]: ObjectId: 2.5.29.15 Criticality=true
KeyUsage [
  DigitalSignature
  Key_Encipherment
  Data_Encipherment
  Key_Agreement
]

]
  Algorithm: [SHA256withRSA]
  Signature:
0000: 76 B2 13 67 C4 BB BE 14   6A 13 BC 2B 95 1E B6 8F  v..g....j..+....
0010: DD 4E 59 59 65 E3 BD 85   FF 08 5B 77 17 ED DB A2  .NYYe.....[w....
0020: 4A E6 B3 7D 6B 5A F0 C7   0A E0 55 EA E0 67 13 77  J...kZ....U..g.w
0030: 83 16 4C 10 9B 0D CE 8D   CB 8E 85 AA EA 88 B2 F5  ..L.............
0040: C1 C4 F4 49 4E D4 A7 BF   48 39 67 F5 B5 4C 97 51  ...IN...H9g..L.Q
0050: 60 DF F8 1F EF E4 D2 B4   D2 5A 5A 91 BB 8B 93 9C  `........ZZ.....
0060: F1 53 84 FA 45 00 3C 4D   4B 73 18 09 06 B4 F6 63  .S..E.<MKs.....c
0070: BC 23 24 D8 E6 A6 5E F2   37 E5 96 E7 B3 6A DE 72  .#$...^.7....j.r
0080: 16 A5 E0 B5 85 01 1E 59   C0 36 02 E0 4B 71 23 CD  .......Y.6..Kq#.
0090: 30 A6 BA 27 3A EE A5 F4   78 AF DF 29 75 49 80 CE  0..':...x..)uI..
00A0: AF 40 C5 34 2C 64 2F 03   F2 BC FE 1C B9 02 CD 57  .@.4,d/........W
00B0: 3E 18 B9 F2 2B 5B 0C 24   4B E8 C1 DD 4A 7C 95 E5  >...+[.$K...J...
00C0: 32 77 43 69 A9 9A 90 DD   5C DE 0C 33 F2 4F C2 60  2wCi....\..3.O.`
00D0: 53 0E 89 58 AA 43 61 98   03 DF F5 D3 9F 51 1E FB  S..X.Ca......Q..
00E0: 3E 72 5F 79 43 F3 84 27   EE D1 A8 69 B2 6F F8 77  >r_yC..'...i.o.w
00F0: 8D FD F1 00 2D 0A 53 66   EA 00 4E C5 92 9E DC 6E  ....-.Sf..N....n

]
2023-08-04 02:33:01,658 [Time-limited test] INFO  ssl.ReloadingX509KeyManager (ReloadingX509KeyManager.java:loadKeyManager(224)) - [
[
  Version: V3
  Subject: O=cluster1, OU=scm1, CN=rootCA@localhost
  Signature Algorithm: SHA256withRSA, OID = 1.2.840.113549.1.1.11

  Key:  Sun RSA public key, 2048 bits
  params: null
  modulus: 17383330232917742022738139592165801755475885405493897360571265226772595967455143938868511289360514276973595791140801981195666087703418424917935637891678944984869388097530873126065686692014666206690783902182653866970528951502704053990518614707055510521305169006180847500719007081617289469607295701298516632982602430215833212720567141232390408147980827364580526529693466390758621853271398829340583651538842148194460374057926398997389864447542519231167228587093849839080030708423452449202130019572021737168064405596251408401755251820079869194658561392766463801688718077432196473586709498527821584520669159420323079782833
  public exponent: 65537
  Validity: [From: Fri Aug 04 02:33:01 UTC 2023,
               To: Mon Sep 11 02:33:01 UTC 2028]
  Issuer: O=cluster1, OU=scm1, CN=rootCA@localhost
  SerialNumber: [    01]

Certificate Extensions: 2
[1]: ObjectId: 2.5.29.19 Criticality=true
BasicConstraints:[
  CA:true
  PathLen:2147483647
]

[2]: ObjectId: 2.5.29.15 Criticality=true
KeyUsage [
  Key_CertSign
  Crl_Sign
]

]
  Algorithm: [SHA256withRSA]
  Signature:
0000: 19 D9 39 D2 F3 EC EA B4   F2 C9 DA A0 20 B9 A9 A7  ..9......... ...
0010: 82 C5 33 84 C5 66 82 9F   DB A6 66 CA D4 6B 33 30  ..3..f....f..k30
0020: 3B B0 2C 57 EB CC 85 1D   6F 51 A4 48 B1 6A 48 99  ;.,W....oQ.H.jH.
0030: F0 1A 42 41 B1 EA 89 69   BE 37 4B B2 A5 95 C4 AA  ..BA...i.7K.....
0040: 96 9B 3E 99 E7 55 7C 83   37 F0 98 5B 32 35 77 36  ..>..U..7..[25w6
0050: A6 DF BD 0C 8E A6 5C 81   EA A6 F4 1F 2A 3E EA 28  ......\.....*>.(
0060: 76 4F 85 DC D6 E1 30 11   26 94 E3 B0 D0 87 F1 2A  vO....0.&......*
0070: F7 CE 31 E9 12 CD D7 73   87 34 83 4C 17 A1 36 16  ..1....s.4.L..6.
0080: 9C A1 36 6C 54 F4 80 11   63 D7 89 59 CD FA DA 57  ..6lT...c..Y...W
0090: 48 80 AB 3D 70 9A 83 CE   ED B7 0C 40 8D 71 37 B8  H..=p......@.q7.
00A0: 00 E7 FB 40 28 DA 13 39   27 A4 5D 56 76 CB 49 4C  ...@(..9'.]Vv.IL
00B0: 6C 6E 72 7C 3D 89 EA E9   03 BE 52 4E 6F E7 A0 39  lnr.=.....RNo..9
00C0: 45 B7 F2 28 3B D3 39 AA   C7 13 B7 C4 DB E2 C7 CA  E..(;.9.........
00D0: B7 A4 3D D8 D1 1B A9 5A   23 12 8A B3 D3 BD 2B 25  ..=....Z#.....+%
00E0: 38 22 D8 7A DD 5E 31 E8   F6 0D 4F 5A 79 23 50 12  8".z.^1...OZy#P.
00F0: EF 12 34 81 20 20 9E B9   81 5C 1B 6C 96 C0 2A 6F  ..4.  ...\.l..*o

]
2023-08-04 02:33:01,662 [Time-limited test] INFO  ssl.ReloadingX509TrustManager (ReloadingX509TrustManager.java:insertCertsToKeystore(188)) - Trust manager is loaded with certificates
2023-08-04 02:33:01,663 [Time-limited test] INFO  ssl.ReloadingX509TrustManager (ReloadingX509TrustManager.java:insertCertsToKeystore(192)) - [
[
  Version: V3
  Subject: O=cluster1, OU=scm1, CN=rootCA@localhost
  Signature Algorithm: SHA256withRSA, OID = 1.2.840.113549.1.1.11

  Key:  Sun RSA public key, 2048 bits
  params: null
  modulus: 17383330232917742022738139592165801755475885405493897360571265226772595967455143938868511289360514276973595791140801981195666087703418424917935637891678944984869388097530873126065686692014666206690783902182653866970528951502704053990518614707055510521305169006180847500719007081617289469607295701298516632982602430215833212720567141232390408147980827364580526529693466390758621853271398829340583651538842148194460374057926398997389864447542519231167228587093849839080030708423452449202130019572021737168064405596251408401755251820079869194658561392766463801688718077432196473586709498527821584520669159420323079782833
  public exponent: 65537
  Validity: [From: Fri Aug 04 02:33:01 UTC 2023,
               To: Mon Sep 11 02:33:01 UTC 2028]
  Issuer: O=cluster1, OU=scm1, CN=rootCA@localhost
  SerialNumber: [    01]

Certificate Extensions: 2
[1]: ObjectId: 2.5.29.19 Criticality=true
BasicConstraints:[
  CA:true
  PathLen:2147483647
]

[2]: ObjectId: 2.5.29.15 Criticality=true
KeyUsage [
  Key_CertSign
  Crl_Sign
]

]
  Algorithm: [SHA256withRSA]
  Signature:
0000: 19 D9 39 D2 F3 EC EA B4   F2 C9 DA A0 20 B9 A9 A7  ..9......... ...
0010: 82 C5 33 84 C5 66 82 9F   DB A6 66 CA D4 6B 33 30  ..3..f....f..k30
0020: 3B B0 2C 57 EB CC 85 1D   6F 51 A4 48 B1 6A 48 99  ;.,W....oQ.H.jH.
0030: F0 1A 42 41 B1 EA 89 69   BE 37 4B B2 A5 95 C4 AA  ..BA...i.7K.....
0040: 96 9B 3E 99 E7 55 7C 83   37 F0 98 5B 32 35 77 36  ..>..U..7..[25w6
0050: A6 DF BD 0C 8E A6 5C 81   EA A6 F4 1F 2A 3E EA 28  ......\.....*>.(
0060: 76 4F 85 DC D6 E1 30 11   26 94 E3 B0 D0 87 F1 2A  vO....0.&......*
0070: F7 CE 31 E9 12 CD D7 73   87 34 83 4C 17 A1 36 16  ..1....s.4.L..6.
0080: 9C A1 36 6C 54 F4 80 11   63 D7 89 59 CD FA DA 57  ..6lT...c..Y...W
0090: 48 80 AB 3D 70 9A 83 CE   ED B7 0C 40 8D 71 37 B8  H..=p......@.q7.
00A0: 00 E7 FB 40 28 DA 13 39   27 A4 5D 56 76 CB 49 4C  ...@(..9'.]Vv.IL
00B0: 6C 6E 72 7C 3D 89 EA E9   03 BE 52 4E 6F E7 A0 39  lnr.=.....RNo..9
00C0: 45 B7 F2 28 3B D3 39 AA   C7 13 B7 C4 DB E2 C7 CA  E..(;.9.........
00D0: B7 A4 3D D8 D1 1B A9 5A   23 12 8A B3 D3 BD 2B 25  ..=....Z#.....+%
00E0: 38 22 D8 7A DD 5E 31 E8   F6 0D 4F 5A 79 23 50 12  8".z.^1...OZy#P.
00F0: EF 12 34 81 20 20 9E B9   81 5C 1B 6C 96 C0 2A 6F  ..4.  ...\.l..*o

]
2023-08-04 02:33:01,665 [Time-limited test] INFO  ssl.ReloadingX509KeyManager (ReloadingX509KeyManager.java:loadKeyManager(222)) - Key manager is loaded with certificate chain
2023-08-04 02:33:01,666 [Time-limited test] INFO  ssl.ReloadingX509KeyManager (ReloadingX509KeyManager.java:loadKeyManager(224)) - [
[
  Version: V3
  Subject: O=cluster1, OU=scm1, CN=localhost
  Signature Algorithm: SHA256withRSA, OID = 1.2.840.113549.1.1.11

  Key:  Sun RSA public key, 2048 bits
  params: null
  modulus: 18792138322073319290516408791987698120418762796036908820293939257022106429215322825142926152001334473566419053752490358211774114803950914710923467379563171344511703847140454711347492016892973396133652030578456884741997071704541663217308171862928777812336109688958093536428047600237800257889477986843688246161827691574470832475094093472351354908082145008061747099171938503313459585439942054190902696740648791975851670270336305165625705419411690333942132730604913328733482525165975354876856078632951423314431888471748611553052252973442730213602336985185032436982517938829578250886614166841424151933576950775753855684917
  public exponent: 65537
  Validity: [From: Fri Aug 04 02:33:01 UTC 2023,
               To: Sat Aug 03 02:33:01 UTC 2024]
  Issuer: O=cluster1, OU=scm1, CN=rootCA@localhost
  SerialNumber: [    014c9bce 45ee]

Certificate Extensions: 1
[1]: ObjectId: 2.5.29.15 Criticality=true
KeyUsage [
  DigitalSignature
  Key_Encipherment
  Data_Encipherment
  Key_Agreement
]

]
  Algorithm: [SHA256withRSA]
  Signature:
0000: 76 B2 13 67 C4 BB BE 14   6A 13 BC 2B 95 1E B6 8F  v..g....j..+....
0010: DD 4E 59 59 65 E3 BD 85   FF 08 5B 77 17 ED DB A2  .NYYe.....[w....
0020: 4A E6 B3 7D 6B 5A F0 C7   0A E0 55 EA E0 67 13 77  J...kZ....U..g.w
0030: 83 16 4C 10 9B 0D CE 8D   CB 8E 85 AA EA 88 B2 F5  ..L.............
0040: C1 C4 F4 49 4E D4 A7 BF   48 39 67 F5 B5 4C 97 51  ...IN...H9g..L.Q
0050: 60 DF F8 1F EF E4 D2 B4   D2 5A 5A 91 BB 8B 93 9C  `........ZZ.....
0060: F1 53 84 FA 45 00 3C 4D   4B 73 18 09 06 B4 F6 63  .S..E.<MKs.....c
0070: BC 23 24 D8 E6 A6 5E F2   37 E5 96 E7 B3 6A DE 72  .#$...^.7....j.r
0080: 16 A5 E0 B5 85 01 1E 59   C0 36 02 E0 4B 71 23 CD  .......Y.6..Kq#.
0090: 30 A6 BA 27 3A EE A5 F4   78 AF DF 29 75 49 80 CE  0..':...x..)uI..
00A0: AF 40 C5 34 2C 64 2F 03   F2 BC FE 1C B9 02 CD 57  .@.4,d/........W
00B0: 3E 18 B9 F2 2B 5B 0C 24   4B E8 C1 DD 4A 7C 95 E5  >...+[.$K...J...
00C0: 32 77 43 69 A9 9A 90 DD   5C DE 0C 33 F2 4F C2 60  2wCi....\..3.O.`
00D0: 53 0E 89 58 AA 43 61 98   03 DF F5 D3 9F 51 1E FB  S..X.Ca......Q..
00E0: 3E 72 5F 79 43 F3 84 27   EE D1 A8 69 B2 6F F8 77  >r_yC..'...i.o.w
00F0: 8D FD F1 00 2D 0A 53 66   EA 00 4E C5 92 9E DC 6E  ....-.Sf..N....n

]
2023-08-04 02:33:01,666 [Time-limited test] INFO  ssl.ReloadingX509KeyManager (ReloadingX509KeyManager.java:loadKeyManager(224)) - [
[
  Version: V3
  Subject: O=cluster1, OU=scm1, CN=rootCA@localhost
  Signature Algorithm: SHA256withRSA, OID = 1.2.840.113549.1.1.11

  Key:  Sun RSA public key, 2048 bits
  params: null
  modulus: 17383330232917742022738139592165801755475885405493897360571265226772595967455143938868511289360514276973595791140801981195666087703418424917935637891678944984869388097530873126065686692014666206690783902182653866970528951502704053990518614707055510521305169006180847500719007081617289469607295701298516632982602430215833212720567141232390408147980827364580526529693466390758621853271398829340583651538842148194460374057926398997389864447542519231167228587093849839080030708423452449202130019572021737168064405596251408401755251820079869194658561392766463801688718077432196473586709498527821584520669159420323079782833
  public exponent: 65537
  Validity: [From: Fri Aug 04 02:33:01 UTC 2023,
               To: Mon Sep 11 02:33:01 UTC 2028]
  Issuer: O=cluster1, OU=scm1, CN=rootCA@localhost
  SerialNumber: [    01]

Certificate Extensions: 2
[1]: ObjectId: 2.5.29.19 Criticality=true
BasicConstraints:[
  CA:true
  PathLen:2147483647
]

[2]: ObjectId: 2.5.29.15 Criticality=true
KeyUsage [
  Key_CertSign
  Crl_Sign
]

]
  Algorithm: [SHA256withRSA]
  Signature:
0000: 19 D9 39 D2 F3 EC EA B4   F2 C9 DA A0 20 B9 A9 A7  ..9......... ...
0010: 82 C5 33 84 C5 66 82 9F   DB A6 66 CA D4 6B 33 30  ..3..f....f..k30
0020: 3B B0 2C 57 EB CC 85 1D   6F 51 A4 48 B1 6A 48 99  ;.,W....oQ.H.jH.
0030: F0 1A 42 41 B1 EA 89 69   BE 37 4B B2 A5 95 C4 AA  ..BA...i.7K.....
0040: 96 9B 3E 99 E7 55 7C 83   37 F0 98 5B 32 35 77 36  ..>..U..7..[25w6
0050: A6 DF BD 0C 8E A6 5C 81   EA A6 F4 1F 2A 3E EA 28  ......\.....*>.(
0060: 76 4F 85 DC D6 E1 30 11   26 94 E3 B0 D0 87 F1 2A  vO....0.&......*
0070: F7 CE 31 E9 12 CD D7 73   87 34 83 4C 17 A1 36 16  ..1....s.4.L..6.
0080: 9C A1 36 6C 54 F4 80 11   63 D7 89 59 CD FA DA 57  ..6lT...c..Y...W
0090: 48 80 AB 3D 70 9A 83 CE   ED B7 0C 40 8D 71 37 B8  H..=p......@.q7.
00A0: 00 E7 FB 40 28 DA 13 39   27 A4 5D 56 76 CB 49 4C  ...@(..9'.]Vv.IL
00B0: 6C 6E 72 7C 3D 89 EA E9   03 BE 52 4E 6F E7 A0 39  lnr.=.....RNo..9
00C0: 45 B7 F2 28 3B D3 39 AA   C7 13 B7 C4 DB E2 C7 CA  E..(;.9.........
00D0: B7 A4 3D D8 D1 1B A9 5A   23 12 8A B3 D3 BD 2B 25  ..=....Z#.....+%
00E0: 38 22 D8 7A DD 5E 31 E8   F6 0D 4F 5A 79 23 50 12  8".z.^1...OZy#P.
00F0: EF 12 34 81 20 20 9E B9   81 5C 1B 6C 96 C0 2A 6F  ..4.  ...\.l..*o

]
2023-08-04 02:33:01,666 [Time-limited test] INFO  ssl.ReloadingX509TrustManager (ReloadingX509TrustManager.java:insertCertsToKeystore(188)) - Trust manager is loaded with certificates
2023-08-04 02:33:01,667 [Time-limited test] INFO  ssl.ReloadingX509TrustManager (ReloadingX509TrustManager.java:insertCertsToKeystore(192)) - [
[
  Version: V3
  Subject: O=cluster1, OU=scm1, CN=rootCA@localhost
  Signature Algorithm: SHA256withRSA, OID = 1.2.840.113549.1.1.11

  Key:  Sun RSA public key, 2048 bits
  params: null
  modulus: 17383330232917742022738139592165801755475885405493897360571265226772595967455143938868511289360514276973595791140801981195666087703418424917935637891678944984869388097530873126065686692014666206690783902182653866970528951502704053990518614707055510521305169006180847500719007081617289469607295701298516632982602430215833212720567141232390408147980827364580526529693466390758621853271398829340583651538842148194460374057926398997389864447542519231167228587093849839080030708423452449202130019572021737168064405596251408401755251820079869194658561392766463801688718077432196473586709498527821584520669159420323079782833
  public exponent: 65537
  Validity: [From: Fri Aug 04 02:33:01 UTC 2023,
               To: Mon Sep 11 02:33:01 UTC 2028]
  Issuer: O=cluster1, OU=scm1, CN=rootCA@localhost
  SerialNumber: [    01]

Certificate Extensions: 2
[1]: ObjectId: 2.5.29.19 Criticality=true
BasicConstraints:[
  CA:true
  PathLen:2147483647
]

[2]: ObjectId: 2.5.29.15 Criticality=true
KeyUsage [
  Key_CertSign
  Crl_Sign
]

]
  Algorithm: [SHA256withRSA]
  Signature:
0000: 19 D9 39 D2 F3 EC EA B4   F2 C9 DA A0 20 B9 A9 A7  ..9......... ...
0010: 82 C5 33 84 C5 66 82 9F   DB A6 66 CA D4 6B 33 30  ..3..f....f..k30
0020: 3B B0 2C 57 EB CC 85 1D   6F 51 A4 48 B1 6A 48 99  ;.,W....oQ.H.jH.
0030: F0 1A 42 41 B1 EA 89 69   BE 37 4B B2 A5 95 C4 AA  ..BA...i.7K.....
0040: 96 9B 3E 99 E7 55 7C 83   37 F0 98 5B 32 35 77 36  ..>..U..7..[25w6
0050: A6 DF BD 0C 8E A6 5C 81   EA A6 F4 1F 2A 3E EA 28  ......\.....*>.(
0060: 76 4F 85 DC D6 E1 30 11   26 94 E3 B0 D0 87 F1 2A  vO....0.&......*
0070: F7 CE 31 E9 12 CD D7 73   87 34 83 4C 17 A1 36 16  ..1....s.4.L..6.
0080: 9C A1 36 6C 54 F4 80 11   63 D7 89 59 CD FA DA 57  ..6lT...c..Y...W
0090: 48 80 AB 3D 70 9A 83 CE   ED B7 0C 40 8D 71 37 B8  H..=p......@.q7.
00A0: 00 E7 FB 40 28 DA 13 39   27 A4 5D 56 76 CB 49 4C  ...@(..9'.]Vv.IL
00B0: 6C 6E 72 7C 3D 89 EA E9   03 BE 52 4E 6F E7 A0 39  lnr.=.....RNo..9
00C0: 45 B7 F2 28 3B D3 39 AA   C7 13 B7 C4 DB E2 C7 CA  E..(;.9.........
00D0: B7 A4 3D D8 D1 1B A9 5A   23 12 8A B3 D3 BD 2B 25  ..=....Z#.....+%
00E0: 38 22 D8 7A DD 5E 31 E8   F6 0D 4F 5A 79 23 50 12  8".z.^1...OZy#P.
00F0: EF 12 34 81 20 20 9E B9   81 5C 1B 6C 96 C0 2A 6F  ..4.  ...\.l..*o

]
2023-08-04 02:33:01,670 [Time-limited test] WARN  impl.MetricsConfig (MetricsConfig.java:loadFirst(136)) - Cannot locate configuration: tried hadoop-metrics2-ozonemanager.properties,hadoop-metrics2.properties
2023-08-04 02:33:01,671 [Time-limited test] INFO  impl.MetricsSystemImpl (MetricsSystemImpl.java:startTimer(378)) - Scheduled Metric snapshot period at 10 second(s).
2023-08-04 02:33:01,671 [Time-limited test] INFO  impl.MetricsSystemImpl (MetricsSystemImpl.java:start(191)) - OzoneManager metrics system started
2023-08-04 02:33:01,685 [Time-limited test] INFO  impl.MetricsSinkAdapter (MetricsSinkAdapter.java:start(204)) - Sink prometheus started
2023-08-04 02:33:01,685 [Time-limited test] INFO  impl.MetricsSystemImpl (MetricsSystemImpl.java:registerSink(305)) - Registered sink prometheus
2023-08-04 02:33:01,699 [Time-limited test] INFO  om.OzoneManager (OzoneManager.java:start(1613)) - OzoneManager RPC server is listening at fv-az621-180/10.1.0.9:1202
2023-08-04 02:33:01,700 [Time-limited test] INFO  ratis.OzoneManagerRatisServer (OzoneManagerRatisServer.java:start(558)) - Starting OzoneManagerRatisServer om1 at port 9872
2023-08-04 02:33:01,702 [om1-impl-thread1] INFO  storage.RaftStorageDirectory (RaftStorageDirectoryImpl.java:analyzeStorage(137)) - The storage directory /tmp/junit8934983782306529871/junit7985731273704220644/om-meta/ratis/bf265839-605b-3f16-9796-c5ba1605619e does not exist. Creating ...
2023-08-04 02:33:01,706 [om1-impl-thread1] INFO  storage.RaftStorageDirectory (RaftStorageDirectoryImpl.java:tryLock(231)) - Lock on /tmp/junit8934983782306529871/junit7985731273704220644/om-meta/ratis/bf265839-605b-3f16-9796-c5ba1605619e/in_use.lock acquired by nodename 9436@fv-az621-180
2023-08-04 02:33:01,711 [om1-impl-thread1] INFO  storage.RaftStorage (RaftStorageImpl.java:format(96)) - Storage directory /tmp/junit8934983782306529871/junit7985731273704220644/om-meta/ratis/bf265839-605b-3f16-9796-c5ba1605619e has been successfully formatted.
2023-08-04 02:33:01,714 [om1-impl-thread1] INFO  server.RaftServerConfigKeys (ConfUtils.java:logGet(46)) - raft.server.log.use.memory = false (default)
2023-08-04 02:33:01,720 [om1-impl-thread1] INFO  server.RaftServerConfigKeys (ConfUtils.java:logGet(46)) - raft.server.log.purge.gap = 1000000 (custom)
2023-08-04 02:33:01,721 [om1-impl-thread1] INFO  server.RaftServerConfigKeys (ConfUtils.java:logGet(46)) - raft.server.log.appender.buffer.byte-limit = 33554432 (custom)
2023-08-04 02:33:01,722 [om1-impl-thread1] INFO  server.RaftServerConfigKeys (ConfUtils.java:logGet(46)) - raft.server.log.statemachine.data.read.timeout = 1000ms (default)
2023-08-04 02:33:01,723 [om1-impl-thread1] INFO  server.RaftServerConfigKeys (ConfUtils.java:logGet(46)) - raft.server.log.purge.preservation.log.num = 0 (default)
2023-08-04 02:33:01,725 [om1-impl-thread1] INFO  server.RaftServerConfigKeys (ConfUtils.java:logGet(46)) - raft.server.log.segment.size.max = 4194304 (custom)
2023-08-04 02:33:01,729 [om1-impl-thread1] INFO  server.RaftServerConfigKeys (ConfUtils.java:logGet(46)) - raft.server.log.segment.cache.num.max = 2 (custom)
2023-08-04 02:33:01,730 [om1-impl-thread1] INFO  server.RaftServerConfigKeys (ConfUtils.java:logGet(46)) - raft.server.log.segment.cache.size.max = 200MB (=209715200) (default)
2023-08-04 02:33:01,730 [om1-impl-thread1] INFO  server.RaftServerConfigKeys (ConfUtils.java:logGet(46)) - raft.server.log.appender.buffer.byte-limit = 33554432 (custom)
2023-08-04 02:33:01,735 [om1-impl-thread1] INFO  segmented.SegmentedRaftLogWorker (SegmentedRaftLogWorker.java:<init>(188)) - new om1@group-C5BA1605619E-SegmentedRaftLogWorker for RaftStorageImpl:Storage Directory /tmp/junit8934983782306529871/junit7985731273704220644/om-meta/ratis/bf265839-605b-3f16-9796-c5ba1605619e
2023-08-04 02:33:01,735 [om1-impl-thread1] INFO  server.RaftServerConfigKeys (ConfUtils.java:logGet(46)) - raft.server.log.queue.byte-limit = 64MB (=67108864) (default)
2023-08-04 02:33:01,735 [om1-impl-thread1] INFO  server.RaftServerConfigKeys (ConfUtils.java:logGet(46)) - raft.server.log.queue.element-limit = 4096 (default)
2023-08-04 02:33:01,736 [om1-impl-thread1] INFO  server.RaftServerConfigKeys (ConfUtils.java:logGet(46)) - raft.server.log.segment.size.max = 4194304 (custom)
2023-08-04 02:33:01,736 [om1-impl-thread1] INFO  server.RaftServerConfigKeys (ConfUtils.java:logGet(46)) - raft.server.log.preallocated.size = 4194304 (custom)
2023-08-04 02:33:01,737 [om1-impl-thread1] INFO  server.RaftServerConfigKeys (ConfUtils.java:logGet(46)) - raft.server.log.force.sync.num = 128 (default)
2023-08-04 02:33:01,737 [om1-impl-thread1] INFO  server.RaftServerConfigKeys (ConfUtils.java:logGet(46)) - raft.server.log.statemachine.data.sync = true (default)
2023-08-04 02:33:01,737 [om1-impl-thread1] INFO  server.RaftServerConfigKeys (ConfUtils.java:logGet(46)) - raft.server.log.statemachine.data.sync.timeout = 10s (default)
2023-08-04 02:33:01,738 [om1-impl-thread1] INFO  server.RaftServerConfigKeys (ConfUtils.java:logGet(46)) - raft.server.log.statemachine.data.sync.timeout.retry = -1 (default)
2023-08-04 02:33:01,745 [om1-impl-thread1] INFO  server.RaftServerConfigKeys (ConfUtils.java:logGet(46)) - raft.server.log.write.buffer.size = 64KB (=65536) (default)
2023-08-04 02:33:01,745 [om1-impl-thread1] INFO  server.RaftServerConfigKeys (ConfUtils.java:logGet(46)) - raft.server.log.appender.buffer.byte-limit = 33554432 (custom)
2023-08-04 02:33:01,753 [om1-impl-thread1] INFO  server.RaftServerConfigKeys (ConfUtils.java:logGet(46)) - raft.server.log.unsafe-flush.enabled = false (default)
2023-08-04 02:33:01,754 [om1-impl-thread1] INFO  server.RaftServerConfigKeys (ConfUtils.java:logGet(46)) - raft.server.log.async-flush.enabled = false (default)
2023-08-04 02:33:01,754 [om1-impl-thread1] INFO  server.RaftServerConfigKeys (ConfUtils.java:logGet(46)) - raft.server.log.statemachine.data.caching.enabled = false (default)
2023-08-04 02:33:01,760 [om1-impl-thread1] INFO  segmented.SegmentedRaftLogWorker (SegmentedRaftLogWorker.java:lambda$new$0(135)) - om1@group-C5BA1605619E-SegmentedRaftLogWorker: flushIndex: setUnconditionally 0 -> -1
2023-08-04 02:33:01,760 [om1-impl-thread1] INFO  segmented.SegmentedRaftLogWorker (SegmentedRaftLogWorker.java:lambda$new$0(135)) - om1@group-C5BA1605619E-SegmentedRaftLogWorker: safeCacheEvictIndex: setUnconditionally 0 -> -1
2023-08-04 02:33:01,762 [om1-impl-thread1] INFO  server.RaftServer$Division (RaftServerImpl.java:start(342)) - om1@group-C5BA1605619E: start as a follower, conf=-1: peers:[om1|rpc:fv-az621-180:9872|priority:0|startupRole:FOLLOWER]|listeners:[], old=null
2023-08-04 02:33:01,762 [om1-impl-thread1] INFO  server.RaftServer$Division (RaftServerImpl.java:setRole(329)) - om1@group-C5BA1605619E: changes role from      null to FOLLOWER at term 0 for startAsFollower
2023-08-04 02:33:01,767 [om1-impl-thread1] INFO  impl.RoleInfo (RoleInfo.java:updateAndGet(139)) - om1: start om1@group-C5BA1605619E-FollowerState
2023-08-04 02:33:01,770 [om1-impl-thread1] INFO  util.JmxRegister (JmxRegister.java:tryRegister(44)) - Successfully registered JMX Bean with object name Ratis:service=RaftServer,group=group-C5BA1605619E,id=om1
2023-08-04 02:33:01,771 [om1-impl-thread1] INFO  server.RaftServerConfigKeys (ConfUtils.java:logGet(46)) - raft.server.snapshot.auto.trigger.enabled = true (custom)
2023-08-04 02:33:01,772 [om1-impl-thread1] INFO  server.RaftServerConfigKeys (ConfUtils.java:logGet(46)) - raft.server.snapshot.auto.trigger.threshold = 400000 (default)
2023-08-04 02:33:01,772 [om1-impl-thread1] INFO  server.RaftServerConfigKeys (ConfUtils.java:logGet(46)) - raft.server.snapshot.retention.file.num = -1 (default)
2023-08-04 02:33:01,773 [om1-impl-thread1] INFO  server.RaftServerConfigKeys (ConfUtils.java:logGet(46)) - raft.server.log.purge.upto.snapshot.index = true (custom)
2023-08-04 02:33:01,775 [om1@group-C5BA1605619E-FollowerState] INFO  server.RaftServerConfigKeys (ConfUtils.java:logFallback(53)) - raft.server.rpc.first-election.timeout.min = 5s (fallback to raft.server.rpc.timeout.min)
2023-08-04 02:33:01,775 [om1@group-C5BA1605619E-FollowerState] INFO  server.RaftServerConfigKeys (ConfUtils.java:logFallback(53)) - raft.server.rpc.first-election.timeout.max = 5200ms (fallback to raft.server.rpc.timeout.max)
2023-08-04 02:33:01,777 [Time-limited test] INFO  server.RaftServer (RaftServerProxy.java:startImpl(400)) - om1: start RPC server
2023-08-04 02:33:01,779 [Time-limited test] INFO  server.GrpcService (GrpcService.java:startImpl(302)) - om1: GrpcService started, listening on 9872
2023-08-04 02:33:01,789 [JvmPauseMonitor2] INFO  util.JvmPauseMonitor (OzoneManager.java:startSecretManager(1103)) - Starting OM delegation token secret manager
JvmPauseMonitor.java:run(103)) - JvmPauseMonitor-om1: Started
2023-08-04 02:33:01,789 [Time-limited test] INFO  om.OzoneManager (OzoneManager.java:startSecretManager(1103)) - Starting OM delegation token secret manager
2023-08-04 02:33:01,789 [Time-limited test] INFO  security.OzoneDelegationTokenSecretManager (OzoneSecretManager.java:updateCurrentKey(175)) - Updating current master key for generating tokens. Cert id 1428543129070
2023-08-04 02:33:01,791 [Time-limited test] INFO  om.OzoneManager (OzoneManager.java:start(1629)) - Version File has different layout version (6) than OM DB (null). That is expected if this OM has never been finalized to a newer layout version.
2023-08-04 02:33:01,792 [Thread[Thread-709,5,FailOnTimeoutGroup]] INFO  security.OzoneDelegationTokenSecretManager (OzoneDelegationTokenSecretManager.java:run(636)) - Starting expired delegation token remover thread, tokenRemoverScanInterval=60 min(s)
2023-08-04 02:33:01,813 [Time-limited test] INFO  http.BaseHttpServer (BaseHttpServer.java:newHttpServer2BuilderForOzone(224)) - Starting Web-server for ozoneManager at: http://0.0.0.0:9874
2023-08-04 02:33:01,813 [Time-limited test] INFO  http.BaseHttpServer (BaseHttpServer.java:<init>(111)) - Hadoop Security Enabled: true Ozone Security Enabled: true Ozone HTTP Security Enabled: false 
2023-08-04 02:33:01,814 [Time-limited test] WARN  server.AuthenticationFilter (AuthenticationFilter.java:constructSecretProvider(240)) - Unable to initialize FileSignerSecretProvider, falling back to use random secrets. Reason: Could not read signature secret file: /home/runner/hadoop-http-auth-signature-secret
2023-08-04 02:33:01,815 [Time-limited test] INFO  http.HttpRequestLog (HttpRequestLog.java:getRequestLog(86)) - Http request log for http.requests.ozoneManager is not defined
2023-08-04 02:33:01,821 [Time-limited test] INFO  http.HttpServer2 (HttpServer2.java:addGlobalFilter(1031)) - Added global filter 'safety' (class=org.apache.hadoop.hdds.server.http.HttpServer2$QuotingInputFilter)
2023-08-04 02:33:01,822 [Time-limited test] INFO  http.HttpServer2 (HttpServer2.java:addFilter(1007)) - Added filter static_user_filter (class=org.apache.hadoop.http.lib.StaticUserWebFilter$StaticUserFilter) to context ozoneManager
2023-08-04 02:33:01,822 [Time-limited test] INFO  http.HttpServer2 (HttpServer2.java:addFilter(1015)) - Added filter static_user_filter (class=org.apache.hadoop.http.lib.StaticUserWebFilter$StaticUserFilter) to context logs
2023-08-04 02:33:01,822 [Time-limited test] INFO  http.HttpServer2 (HttpServer2.java:addFilter(1015)) - Added filter static_user_filter (class=org.apache.hadoop.http.lib.StaticUserWebFilter$StaticUserFilter) to context static
2023-08-04 02:33:01,823 [Time-limited test] INFO  http.BaseHttpServer (BaseHttpServer.java:<init>(190)) - HTTP server of ozoneManager uses base directory /tmp/junit8934983782306529871/junit7985731273704220644/om-meta/webserver
2023-08-04 02:33:01,825 [Time-limited test] INFO  http.HttpServer2 (HttpServer2.java:bindListener(1250)) - Jetty bound to port 9874
2023-08-04 02:33:01,825 [Time-limited test] INFO  server.Server (Server.java:doStart(375)) - jetty-9.4.51.v20230217; built: 2023-02-17T08:19:37.309Z; git: b45c405e4544384de066f814ed42ae3dceacdd49; jvm 1.8.0_372-b07
2023-08-04 02:33:01,826 [Time-limited test] INFO  server.session (DefaultSessionIdManager.java:doStart(334)) - DefaultSessionIdManager workerName=node0
2023-08-04 02:33:01,826 [Time-limited test] INFO  server.session (DefaultSessionIdManager.java:doStart(339)) - No SessionScavenger set, using defaults
2023-08-04 02:33:01,827 [Time-limited test] INFO  server.session (HouseKeeper.java:startScavenging(132)) - node0 Scavenging every 600000ms
2023-08-04 02:33:01,827 [Time-limited test] INFO  handler.ContextHandler (ContextHandler.java:doStart(921)) - Started o.e.j.s.ServletContextHandler@5fbfdebd{logs,/logs,file:///home/runner/work/ozone/ozone/hadoop-ozone/integration-test/target/log,AVAILABLE}
2023-08-04 02:33:01,828 [Time-limited test] INFO  handler.ContextHandler (ContextHandler.java:doStart(921)) - Started o.e.j.s.ServletContextHandler@1cd380c4{static,/static,file:///home/runner/work/ozone/ozone/hadoop-ozone/integration-test/target/test-classes/webapps/static,AVAILABLE}
2023-08-04 02:33:01,831 [Time-limited test] INFO  handler.ContextHandler (ContextHandler.java:doStart(921)) - Started o.e.j.w.WebAppContext@2273769{ozoneManager,/,file:///home/runner/work/ozone/ozone/hadoop-ozone/integration-test/target/test-classes/webapps/ozoneManager/,AVAILABLE}{file:/home/runner/work/ozone/ozone/hadoop-ozone/integration-test/target/test-classes/webapps/ozoneManager}
2023-08-04 02:33:01,836 [Time-limited test] INFO  server.AbstractConnector (AbstractConnector.java:doStart(333)) - Started ServerConnector@1307dabd{HTTP/1.1, (http/1.1)}{0.0.0.0:9874}
2023-08-04 02:33:01,837 [Time-limited test] INFO  server.Server (Server.java:doStart(415)) - Started @23016ms
2023-08-04 02:33:01,838 [Time-limited test] WARN  impl.MetricsSystemImpl (MetricsSystemImpl.java:register(279)) - Sink prometheus already exists!
2023-08-04 02:33:01,838 [Time-limited test] INFO  http.BaseHttpServer (BaseHttpServer.java:updateConnectorAddress(344)) - HTTP server of ozoneManager listening at http://0.0.0.0:9874
2023-08-04 02:33:01,838 [IPC Server Responder] INFO  ipc.Server (Server.java:run(1562)) - IPC Server Responder: starting
2023-08-04 02:33:01,841 [IPC Server listener on 1202] INFO  ipc.Server (Server.java:run(1402)) - IPC Server listener on 1202: starting
2023-08-04 02:33:01,851 [Time-limited test] INFO  om.OzoneManager (OzoneManager.java:startTrashEmptier(2081)) - Trash Interval set to 0. Files deleted won't move to trash
2023-08-04 02:33:01,909 [pool-137-thread-2] INFO  request.TgsRequest (TgsRequest.java:issueTicket(115)) - TGS_REQ ISSUE: authtime 1691116381909,om/fv-az621-180 for om/fv-az621-180@EXAMPLE.COM
2023-08-04 02:33:01,921 [Socket Reader #1 for port 1202] INFO  ipc.Server (Server.java:saslProcess(2139)) - Auth successful for om/fv-az621-180@EXAMPLE.COM (auth:KERBEROS) from fv-az621-180:39871 / 10.1.0.9:39871
2023-08-04 02:33:03,996 [Time-limited test] INFO  retry.RetryInvocationHandler (RetryInvocationHandler.java:log(422)) - com.google.protobuf.ServiceException: org.apache.hadoop.ipc.RemoteException(org.apache.hadoop.ozone.om.exceptions.OMNotLeaderException): OM:om1 is not the leader. Could not determine the leader node.
	at org.apache.hadoop.ozone.om.OzoneManager.checkLeaderStatus(OzoneManager.java:3999)
	at org.apache.hadoop.ozone.om.ratis.utils.OzoneManagerRatisUtils.checkLeaderStatus(OzoneManagerRatisUtils.java:473)
	at org.apache.hadoop.ozone.protocolPB.OzoneManagerProtocolServerSideTranslatorPB.processRequest(OzoneManagerProtocolServerSideTranslatorPB.java:185)
	at org.apache.hadoop.hdds.server.OzoneProtocolMessageDispatcher.processRequest(OzoneProtocolMessageDispatcher.java:87)
	at org.apache.hadoop.ozone.protocolPB.OzoneManagerProtocolServerSideTranslatorPB.submitRequest(OzoneManagerProtocolServerSideTranslatorPB.java:148)
	at org.apache.hadoop.ozone.protocol.proto.OzoneManagerProtocolProtos$OzoneManagerService$2.callBlockingMethod(OzoneManagerProtocolProtos.java)
	at org.apache.hadoop.ipc.ProtobufRpcEngine$Server.processCall(ProtobufRpcEngine.java:484)
	at org.apache.hadoop.ipc.ProtobufRpcEngine2$Server$ProtoBufRpcInvoker.call(ProtobufRpcEngine2.java:595)
	at org.apache.hadoop.ipc.ProtobufRpcEngine2$Server$ProtoBufRpcInvoker.call(ProtobufRpcEngine2.java:573)
	at org.apache.hadoop.ipc.RPC$Server.call(RPC.java:1227)
	at org.apache.hadoop.ipc.Server$RpcCall.run(Server.java:1094)
	at org.apache.hadoop.ipc.Server$RpcCall.run(Server.java:1017)
	at java.security.AccessController.doPrivileged(Native Method)
	at javax.security.auth.Subject.doAs(Subject.java:422)
	at org.apache.hadoop.security.UserGroupInformation.doAs(UserGroupInformation.java:1899)
	at org.apache.hadoop.ipc.Server$Handler.run(Server.java:3048)
, while invoking $Proxy53.submitRequest over nodeId=null,nodeAddress=fv-az621-180:1202 after 1 failover attempts. Trying to failover after sleeping for 4000ms. Current retry count: 1.
2023-08-04 02:33:06,973 [om1@group-C5BA1605619E-FollowerState] INFO  impl.FollowerState (FollowerState.java:run(143)) - om1@group-C5BA1605619E-FollowerState: change to CANDIDATE, lastRpcElapsedTime:5206123019ns, electionTimeout:5196ms
2023-08-04 02:33:06,974 [om1@group-C5BA1605619E-FollowerState] INFO  impl.RoleInfo (RoleInfo.java:shutdownFollowerState(110)) - om1: shutdown om1@group-C5BA1605619E-FollowerState
2023-08-04 02:33:06,974 [om1@group-C5BA1605619E-FollowerState] INFO  server.RaftServer$Division (RaftServerImpl.java:setRole(329)) - om1@group-C5BA1605619E: changes role from  FOLLOWER to CANDIDATE at term 0 for changeToCandidate
2023-08-04 02:33:06,977 [om1@group-C5BA1605619E-FollowerState] INFO  server.RaftServerConfigKeys (ConfUtils.java:logGet(46)) - raft.server.leaderelection.pre-vote = true (default)
2023-08-04 02:33:06,977 [om1@group-C5BA1605619E-FollowerState] INFO  impl.RoleInfo (RoleInfo.java:updateAndGet(139)) - om1: start om1@group-C5BA1605619E-LeaderElection1
2023-08-04 02:33:06,980 [om1@group-C5BA1605619E-LeaderElection1] INFO  impl.LeaderElection (LeaderElection.java:askForVotes(321)) - om1@group-C5BA1605619E-LeaderElection1 PRE_VOTE round 0: submit vote requests at term 0 for -1: peers:[om1|rpc:fv-az621-180:9872|priority:0|startupRole:FOLLOWER]|listeners:[], old=null
2023-08-04 02:33:06,981 [om1@group-C5BA1605619E-LeaderElection1] INFO  impl.LeaderElection (LeaderElection.java:askForVotes(323)) - om1@group-C5BA1605619E-LeaderElection1 PRE_VOTE round 0: result PASSED (term=0)
2023-08-04 02:33:06,983 [om1@group-C5BA1605619E-LeaderElection1] INFO  impl.LeaderElection (LeaderElection.java:askForVotes(321)) - om1@group-C5BA1605619E-LeaderElection1 ELECTION round 0: submit vote requests at term 1 for -1: peers:[om1|rpc:fv-az621-180:9872|priority:0|startupRole:FOLLOWER]|listeners:[], old=null
2023-08-04 02:33:06,983 [om1@group-C5BA1605619E-LeaderElection1] INFO  impl.LeaderElection (LeaderElection.java:askForVotes(323)) - om1@group-C5BA1605619E-LeaderElection1 ELECTION round 0: result PASSED (term=1)
2023-08-04 02:33:06,983 [om1@group-C5BA1605619E-LeaderElection1] INFO  impl.RoleInfo (RoleInfo.java:shutdownLeaderElection(130)) - om1: shutdown om1@group-C5BA1605619E-LeaderElection1
2023-08-04 02:33:06,983 [om1@group-C5BA1605619E-LeaderElection1] INFO  server.RaftServer$Division (RaftServerImpl.java:setRole(329)) - om1@group-C5BA1605619E: changes role from CANDIDATE to LEADER at term 1 for changeToLeader
2023-08-04 02:33:06,984 [om1@group-C5BA1605619E-LeaderElection1] INFO  server.RaftServer$Division (ServerState.java:setLeader(317)) - om1@group-C5BA1605619E: change Leader from null to om1 at term 1 for becomeLeader, leader elected after 6175ms
2023-08-04 02:33:06,991 [om1@group-C5BA1605619E-LeaderElection1] INFO  server.RaftServerConfigKeys (ConfUtils.java:logGet(46)) - raft.server.staging.catchup.gap = 1000 (default)
2023-08-04 02:33:06,994 [om1@group-C5BA1605619E-LeaderElection1] INFO  server.RaftServerConfigKeys (ConfUtils.java:logGet(46)) - raft.server.write.element-limit = 4096 (default)
2023-08-04 02:33:06,995 [om1@group-C5BA1605619E-LeaderElection1] INFO  server.RaftServerConfigKeys (ConfUtils.java:logGet(46)) - raft.server.write.byte-limit = 64MB (=67108864) (default)
2023-08-04 02:33:07,003 [om1@group-C5BA1605619E-LeaderElection1] INFO  server.RaftServerConfigKeys (ConfUtils.java:logGet(46)) - raft.server.watch.timeout = 10s (default)
2023-08-04 02:33:07,003 [om1@group-C5BA1605619E-LeaderElection1] INFO  server.RaftServerConfigKeys (ConfUtils.java:logGet(46)) - raft.server.watch.timeout.denomination = 1s (default)
2023-08-04 02:33:07,004 [om1@group-C5BA1605619E-LeaderElection1] INFO  server.RaftServerConfigKeys (ConfUtils.java:logGet(46)) - raft.server.watch.element-limit = 65536 (default)
2023-08-04 02:33:07,008 [om1@group-C5BA1605619E-LeaderElection1] INFO  server.RaftServerConfigKeys (ConfUtils.java:logGet(46)) - raft.server.write.element-limit = 4096 (default)
2023-08-04 02:33:07,009 [om1@group-C5BA1605619E-LeaderElection1] INFO  server.RaftServerConfigKeys (ConfUtils.java:logGet(46)) - raft.server.write.follower.gap.ratio.max = -1.0 (default)
2023-08-04 02:33:07,011 [om1@group-C5BA1605619E-LeaderElection1] INFO  impl.RoleInfo (RoleInfo.java:updateAndGet(139)) - om1: start om1@group-C5BA1605619E-LeaderStateImpl
2023-08-04 02:33:07,026 [om1@group-C5BA1605619E-LeaderElection1] INFO  segmented.SegmentedRaftLogWorker (SegmentedRaftLogWorker.java:startLogSegment(447)) - om1@group-C5BA1605619E-SegmentedRaftLogWorker: Starting segment from index:0
2023-08-04 02:33:07,050 [om1@group-C5BA1605619E-LeaderElection1] INFO  server.RaftServer$Division (ServerState.java:setRaftConf(434)) - om1@group-C5BA1605619E: set configuration 0: peers:[om1|rpc:fv-az621-180:9872|admin:|client:|dataStream:|priority:0|startupRole:FOLLOWER]|listeners:[], old=null
2023-08-04 02:33:07,114 [om1@group-C5BA1605619E-SegmentedRaftLogWorker] INFO  segmented.SegmentedRaftLogWorker (SegmentedRaftLogWorker.java:execute(651)) - om1@group-C5BA1605619E-SegmentedRaftLogWorker: created new log segment /tmp/junit8934983782306529871/junit7985731273704220644/om-meta/ratis/bf265839-605b-3f16-9796-c5ba1605619e/current/log_inprogress_0
2023-08-04 02:33:07,198 [om1@group-C5BA1605619E-StateMachineUpdater] INFO  ratis.OzoneManagerStateMachine (OzoneManagerStateMachine.java:notifyConfigurationChanged(202)) - Received Configuration change notification from Ratis. New Peer list:
[id: "om1"
address: "fv-az621-180:9872"
startupRole: FOLLOWER
]
2023-08-04 02:33:08,114 [OM StateMachine ApplyTransaction Thread - 0] INFO  security.S3RevokeSecretRequest (S3RevokeSecretRequest.java:validateAndUpdateCache(127)) - Secret for om/fv-az621-180@EXAMPLE.COM is revoked.
2023-08-04 02:33:08,139 [OM StateMachine ApplyTransaction Thread - 0] INFO  security.S3RevokeSecretRequest (S3RevokeSecretRequest.java:validateAndUpdateCache(127)) - Secret for om/fv-az621-180@EXAMPLE.COM is revoked.
2023-08-04 02:33:08,147 [OM StateMachine ApplyTransaction Thread - 0] INFO  security.S3RevokeSecretRequest (S3RevokeSecretRequest.java:validateAndUpdateCache(127)) - Secret for HADOOP/ALICE is revoked.
2023-08-04 02:33:08,151 [pool-137-thread-2] INFO  request.KdcRequest (KdcRequest.java:preauth(651)) - The preauth data is empty.
2023-08-04 02:33:08,151 [pool-137-thread-2] INFO  server.KdcHandler (KdcHandler.java:handleRecoverableException(177)) - KRB error occurred while processing request:Additional pre-authentication required
2023-08-04 02:33:08,155 [pool-137-thread-1] INFO  request.AsRequest (AsRequest.java:issueTicket(112)) - AS_REQ ISSUE: authtime 1691116388154,test@EXAMPLE.COM for krbtgt/EXAMPLE.COM@EXAMPLE.COM
2023-08-04 02:33:08,165 [pool-137-thread-1] INFO  request.TgsRequest (TgsRequest.java:issueTicket(115)) - TGS_REQ ISSUE: authtime 1691116388164,test for om/fv-az621-180@EXAMPLE.COM
2023-08-04 02:33:08,175 [Socket Reader #1 for port 1202] INFO  ipc.Server (Server.java:saslProcess(2139)) - Auth successful for test@EXAMPLE.COM (auth:KERBEROS) from fv-az621-180:48400 / 10.1.0.9:48400
2023-08-04 02:33:08,194 [Time-limited test] INFO  om.OzoneManager (OzoneManager.java:stop(2187)) - om1[fv-az621-180:1202]: Stopping Ozone Manager
2023-08-04 02:33:08,194 [Time-limited test] INFO  ipc.Server (Server.java:stop(3523)) - Stopping server on 1202
2023-08-04 02:33:08,200 [IPC Server Responder] INFO  ipc.Server (Server.java:run(1567)) - Stopping IPC Server Responder
2023-08-04 02:33:08,200 [IPC Server listener on 1202] INFO  ipc.Server (Server.java:run(1434)) - Stopping IPC Server listener on 1202
2023-08-04 02:33:08,201 [Time-limited test] INFO  server.RaftServer (RaftServerProxy.java:lambda$close$6(416)) - om1: close
2023-08-04 02:33:08,203 [om1-impl-thread1] INFO  server.RaftServer$Division (RaftServerImpl.java:lambda$close$4(466)) - om1@group-C5BA1605619E: shutdown
2023-08-04 02:33:08,203 [om1-impl-thread1] INFO  util.JmxRegister (JmxRegister.java:unregister(73)) - Successfully un-registered JMX Bean with object name Ratis:service=RaftServer,group=group-C5BA1605619E,id=om1
2023-08-04 02:33:08,203 [om1-impl-thread1] INFO  impl.RoleInfo (RoleInfo.java:shutdownLeaderState(93)) - om1: shutdown om1@group-C5BA1605619E-LeaderStateImpl
2023-08-04 02:33:08,203 [om1-impl-thread1] INFO  impl.PendingRequests (PendingRequests.java:sendNotLeaderResponses(289)) - om1@group-C5BA1605619E-PendingRequests: sendNotLeaderResponses
2023-08-04 02:33:08,204 [Time-limited test] INFO  server.GrpcService (GrpcService.java:closeImpl(311)) - om1: shutdown server GrpcServerProtocolService now
2023-08-04 02:33:08,209 [Time-limited test] INFO  server.GrpcService (GrpcService.java:closeImpl(320)) - om1: shutdown server GrpcServerProtocolService successfully
2023-08-04 02:33:08,209 [om1@group-C5BA1605619E-StateMachineUpdater] INFO  ratis.OzoneManagerStateMachine (OzoneManagerStateMachine.java:takeSnapshot(480)) - Current Snapshot Index (t:1, i:18)
2023-08-04 02:33:08,211 [om1-impl-thread1] INFO  impl.StateMachineUpdater (StateMachineUpdater.java:stopAndJoin(155)) - om1@group-C5BA1605619E-StateMachineUpdater: set stopIndex = 18
2023-08-04 02:33:08,223 [om1@group-C5BA1605619E-StateMachineUpdater] INFO  impl.StateMachineUpdater (StateMachineUpdater.java:takeSnapshot(291)) - om1@group-C5BA1605619E-StateMachineUpdater: Took a snapshot at index 18
2023-08-04 02:33:08,223 [om1@group-C5BA1605619E-StateMachineUpdater] INFO  impl.StateMachineUpdater (StateMachineUpdater.java:lambda$new$0(97)) - om1@group-C5BA1605619E-StateMachineUpdater: snapshotIndex: updateIncreasingly -1 -> 18
2023-08-04 02:33:08,223 [om1@group-C5BA1605619E-StateMachineUpdater] INFO  ratis.OzoneManagerStateMachine (OzoneManagerStateMachine.java:close(534)) - StateMachine has shutdown. Shutdown OzoneManager if not already shutdown.
2023-08-04 02:33:08,223 [om1@group-C5BA1605619E-StateMachineUpdater] INFO  ratis.OzoneManagerDoubleBuffer (OzoneManagerDoubleBuffer.java:stopDaemon(551)) - Stopping OMDoubleBuffer flush thread
2023-08-04 02:33:08,223 [OMDoubleBufferFlushThread] INFO  ratis.OzoneManagerDoubleBuffer (OzoneManagerDoubleBuffer.java:canFlush(638)) - OMDoubleBuffer flush thread OMDoubleBufferFlushThread is interrupted and will exit.
2023-08-04 02:33:08,224 [om1-impl-thread1] INFO  server.RaftServer$Division (ServerState.java:close(472)) - om1@group-C5BA1605619E: closes. applyIndex: 18
2023-08-04 02:33:09,149 [om1-impl-thread1] INFO  segmented.SegmentedRaftLogWorker (SegmentedRaftLogWorker.java:close(252)) - om1@group-C5BA1605619E-SegmentedRaftLogWorker close()
2023-08-04 02:33:09,150 [JvmPauseMonitor2] INFO  util.JvmPauseMonitor (JvmPauseMonitor.java:run(109)) - JvmPauseMonitor-om1: Stopped
2023-08-04 02:33:09,150 [Time-limited test] INFO  ratis.OzoneManagerStateMachine (OzoneManagerStateMachine.java:close(534)) - StateMachine has shutdown. Shutdown OzoneManager if not already shutdown.
2023-08-04 02:33:09,150 [Time-limited test] INFO  ratis.OzoneManagerDoubleBuffer (OzoneManagerDoubleBuffer.java:stopDaemon(560)) - OMDoubleBuffer flush thread is not running.
2023-08-04 02:33:09,151 [Time-limited test] INFO  utils.BackgroundService (BackgroundService.java:shutdown(141)) - Shutting down service KeyDeletingService
2023-08-04 02:33:09,151 [Time-limited test] INFO  utils.BackgroundService (BackgroundService.java:shutdown(141)) - Shutting down service KeyDeletingService
2023-08-04 02:33:09,151 [Time-limited test] INFO  utils.BackgroundService (BackgroundService.java:shutdown(141)) - Shutting down service OpenKeyCleanupService
2023-08-04 02:33:09,151 [Time-limited test] INFO  utils.BackgroundService (BackgroundService.java:shutdown(141)) - Shutting down service SstFilteringService
2023-08-04 02:33:09,152 [Time-limited test] INFO  utils.BackgroundService (BackgroundService.java:shutdown(141)) - Shutting down service SnapshotDeletingService
2023-08-04 02:33:09,152 [Time-limited test] INFO  om.OzoneManager (OzoneManager.java:stopSecretManager(1063)) - Stopping secret key client.
2023-08-04 02:33:09,152 [Time-limited test] INFO  om.OzoneManager (OzoneManager.java:stopSecretManager(1068)) - Stopping OM delegation token secret manager.
2023-08-04 02:33:09,152 [Thread[Thread-709,5,FailOnTimeoutGroup]] INFO  security.OzoneDelegationTokenSecretManager (OzoneDelegationTokenSecretManager.java:run(653)) - ExpiredTokenRemover was interrupted.
java.lang.InterruptedException: sleep interrupted
	at java.lang.Thread.sleep(Native Method)
	at org.apache.hadoop.ozone.security.OzoneDelegationTokenSecretManager$ExpiredTokenRemover.run(OzoneDelegationTokenSecretManager.java:649)
	at java.lang.Thread.run(Thread.java:750)
2023-08-04 02:33:09,153 [Time-limited test] INFO  handler.ContextHandler (ContextHandler.java:doStop(1159)) - Stopped o.e.j.w.WebAppContext@2273769{ozoneManager,/,null,STOPPED}{file:/home/runner/work/ozone/ozone/hadoop-ozone/integration-test/target/test-classes/webapps/ozoneManager}
2023-08-04 02:33:09,154 [Time-limited test] INFO  server.AbstractConnector (AbstractConnector.java:doStop(383)) - Stopped ServerConnector@1307dabd{HTTP/1.1, (http/1.1)}{0.0.0.0:9874}
2023-08-04 02:33:09,154 [Time-limited test] INFO  server.session (HouseKeeper.java:stopScavenging(149)) - node0 Stopped scavenging
2023-08-04 02:33:09,154 [Time-limited test] INFO  handler.ContextHandler (ContextHandler.java:doStop(1159)) - Stopped o.e.j.s.ServletContextHandler@1cd380c4{static,/static,file:///home/runner/work/ozone/ozone/hadoop-ozone/integration-test/target/test-classes/webapps/static,STOPPED}
2023-08-04 02:33:09,154 [Time-limited test] INFO  handler.ContextHandler (ContextHandler.java:doStop(1159)) - Stopped o.e.j.s.ServletContextHandler@5fbfdebd{logs,/logs,file:///home/runner/work/ozone/ozone/hadoop-ozone/integration-test/target/log,STOPPED}
2023-08-04 02:33:09,155 [Time-limited test] INFO  rocksdiff.RocksDBCheckpointDiffer (RocksDBCheckpointDiffer.java:close(340)) - Shutting down CompactionDagPruningService.
2023-08-04 02:33:09,157 [Time-limited test] INFO  snapshot.SnapshotDiffManager (SnapshotDiffManager.java:closeExecutorService(1720)) - Shutting down executorService: 'SnapDiffExecutor'
2023-08-04 02:33:09,157 [Time-limited test] INFO  snapshot.SnapshotDiffManager (SnapshotDiffManager.java:closeExecutorService(1720)) - Shutting down executorService: 'SstDumpToolExecutor'
2023-08-04 02:33:09,157 [Time-limited test] INFO  utils.BackgroundService (BackgroundService.java:shutdown(141)) - Shutting down service SnapshotDiffCleanupService
2023-08-04 02:33:09,158 [Time-limited test] INFO  impl.DefaultInternalKdcServerImpl (DefaultInternalKdcServerImpl.java:doStop(102)) - Default Internal kdc server stopped.
2023-08-04 02:33:10,159 [Time-limited test] INFO  minikdc.MiniKdc (MiniKdc.java:stop(359)) - MiniKdc stopped.
2023-08-04 02:33:10,159 [Time-limited test] INFO  om.OzoneManager (OzoneManager.java:stop(2187)) - om1[fv-az621-180:1202]: Stopping Ozone Manager
]]></system-out>
  </testcase>
  <testcase name="testCertificateRotationUnRecoverableFailure" classname="org.apache.hadoop.ozone.TestSecureOzoneCluster" time="0">
    <skipped message="Run it locally since it will terminate the process."/>
  </testcase>
  <testcase name="testOMGrpcServerCertificateRenew" classname="org.apache.hadoop.ozone.TestSecureOzoneCluster" time="0">
    <skipped message="HDDS-8764"/>
  </testcase>
  <testcase name="testCertificateRotation" classname="org.apache.hadoop.ozone.TestSecureOzoneCluster" time="21.98">
    <system-out><![CDATA[2023-08-04 02:33:10,182 [Time-limited test] INFO  net.ServerSocketUtil (ServerSocketUtil.java:getPort(55)) - Using port 9860
2023-08-04 02:33:10,182 [Time-limited test] INFO  net.ServerSocketUtil (ServerSocketUtil.java:getPort(55)) - Using port 9861
2023-08-04 02:33:10,182 [Time-limited test] INFO  net.ServerSocketUtil (ServerSocketUtil.java:getPort(55)) - Using port 9863
2023-08-04 02:33:10,182 [Time-limited test] INFO  net.ServerSocketUtil (ServerSocketUtil.java:getPort(55)) - Using port 9961
2023-08-04 02:33:10,182 [Time-limited test] INFO  net.ServerSocketUtil (ServerSocketUtil.java:getPort(55)) - Using port 1200
2023-08-04 02:33:10,182 [Time-limited test] INFO  net.ServerSocketUtil (ServerSocketUtil.java:getPort(55)) - Using port 1201
2023-08-04 02:33:10,183 [Time-limited test] INFO  minikdc.MiniKdc (MiniKdc.java:<init>(225)) - Configuration:
2023-08-04 02:33:10,183 [Time-limited test] INFO  minikdc.MiniKdc (MiniKdc.java:<init>(226)) - ---------------------------------------------------------------
2023-08-04 02:33:10,183 [Time-limited test] INFO  minikdc.MiniKdc (MiniKdc.java:<init>(228)) -   debug: false
2023-08-04 02:33:10,183 [Time-limited test] INFO  minikdc.MiniKdc (MiniKdc.java:<init>(228)) -   transport: TCP
2023-08-04 02:33:10,183 [Time-limited test] INFO  minikdc.MiniKdc (MiniKdc.java:<init>(228)) -   max.ticket.lifetime: 86400000
2023-08-04 02:33:10,183 [Time-limited test] INFO  minikdc.MiniKdc (MiniKdc.java:<init>(228)) -   org.name: EXAMPLE
2023-08-04 02:33:10,183 [Time-limited test] INFO  minikdc.MiniKdc (MiniKdc.java:<init>(228)) -   kdc.port: 0
2023-08-04 02:33:10,183 [Time-limited test] INFO  minikdc.MiniKdc (MiniKdc.java:<init>(228)) -   org.domain: COM
2023-08-04 02:33:10,183 [Time-limited test] INFO  minikdc.MiniKdc (MiniKdc.java:<init>(228)) -   max.renewable.lifetime: 604800000
2023-08-04 02:33:10,183 [Time-limited test] INFO  minikdc.MiniKdc (MiniKdc.java:<init>(228)) -   instance: DefaultKrbServer
2023-08-04 02:33:10,183 [Time-limited test] INFO  minikdc.MiniKdc (MiniKdc.java:<init>(228)) -   kdc.bind.address: localhost
2023-08-04 02:33:10,183 [Time-limited test] INFO  minikdc.MiniKdc (MiniKdc.java:<init>(230)) - ---------------------------------------------------------------
2023-08-04 02:33:10,185 [Time-limited test] INFO  minikdc.MiniKdc (MiniKdc.java:start(285)) - MiniKdc started.
2023-08-04 02:33:10,410 [Time-limited test] INFO  om.OzoneManager (OzoneManager.java:getOmDetailsProto(4555)) - OzoneManager ports added:[name: "RPC"
value: 1202
]
2023-08-04 02:33:10,410 [Time-limited test] WARN  server.ServerUtils (ServerUtils.java:getDBPath(311)) - ozone.om.db.dirs is not configured. We recommend adding this setting. Falling back to ozone.metadata.dirs instead.
2023-08-04 02:33:10,416 [Time-limited test] INFO  utils.SelfSignedCertificate (SelfSignedCertificate.java:generateCertificate(157)) - Certificate 1437310 is issued by CN=localhost,OU=test,O=cluster to CN=localhost,OU=test,O=cluster, valid from Fri Aug 04 02:33:10 UTC 2023 to Fri Aug 04 02:33:30 UTC 2023
2023-08-04 02:33:10,421 [Time-limited test] INFO  utils.CertificateCodec (CertificateCodec.java:writeCertificate(299)) - Save certificate to /tmp/junit3115234162997115370/junit5551820645703649338/om-meta/om/certs/certificate.crt
2023-08-04 02:33:10,422 [Time-limited test] INFO  utils.CertificateCodec (CertificateCodec.java:writeCertificate(300)) - Certificate -----BEGIN CERTIFICATE-----
MIIC5TCCAc2gAwIBAgIDFe5+MA0GCSqGSIb3DQEBCwUAMDUxEjAQBgNVBAMMCWxv
Y2FsaG9zdDENMAsGA1UECwwEdGVzdDEQMA4GA1UECgwHY2x1c3RlcjAeFw0yMzA4
MDQwMjMzMTBaFw0yMzA4MDQwMjMzMzBaMDUxEjAQBgNVBAMMCWxvY2FsaG9zdDEN
MAsGA1UECwwEdGVzdDEQMA4GA1UECgwHY2x1c3RlcjCCASIwDQYJKoZIhvcNAQEB
BQADggEPADCCAQoCggEBALuNIobuxdQ9+KuH/duDaR6P+kXgXaT+qoQLuaDA923O
3UMpXE5QOk022LtQf2JAAteW0EL/Vygowin0m9knIkiBTco6mW9gLiHR/pU+fAn1
W9PHWtVaO5vrZ2UZAcbhJDVwrhKLJrbTMRBhTP94g0aJ5VegOsTUKvPD7/cpeeED
ybfxxCE5xSei9WblBGaFz7HY31H8UXbS+KFgViCBxHKY36uJCt56DY6RgNnjVcwF
HF5+7IR0ligpc6/lWxfVEI/Uqiv8aVq5xNMA9cDJ+E5ySEgq4J4lih6u6KO7RWfo
1uz9JRn6fQzVRriSLevp6WPlmnE796bZLOb76PRpaikCAwEAATANBgkqhkiG9w0B
AQsFAAOCAQEANjSbZb7qYGVnfGyEWvMRNth1NSs6p+9a1Rl8OtHZ0mTZ4jH66r3m
LoCfD+OFzpYmZqaPqIBdFiPmwgWCJTFiw+UtwksdOTktjy1CtmJkqBLWB+dEIi+L
lsbwpbQtSMX1k8cLh3DHEN0JX7ih/CTVMBOc3mluVC999EJHOilVZpWsRQWsie0w
t2h2WExsmI67T7cjGqctm0IOmIoYic3qAtyYH7n9s4b4Xu3eNQgs9NRdiaOYv65K
R8+nUnMOPE9hgGudFL/Jn3khiptQxyJdmUMGpGG9f5vt7yjA8l8rlC6oMvW3Apbe
jpy9fzqPrCcOSsFDBg0O9XvGnTyfiE1IRA==
-----END CERTIFICATE-----

2023-08-04 02:33:10,422 [Time-limited test] INFO  utils.CertificateCodec (CertificateCodec.java:writeCertificate(299)) - Save certificate to /tmp/junit3115234162997115370/junit5551820645703649338/om-meta/om/certs/ROOTCA-1437310.crt
2023-08-04 02:33:10,422 [Time-limited test] INFO  utils.CertificateCodec (CertificateCodec.java:writeCertificate(300)) - Certificate -----BEGIN CERTIFICATE-----
MIIC5TCCAc2gAwIBAgIDFe5+MA0GCSqGSIb3DQEBCwUAMDUxEjAQBgNVBAMMCWxv
Y2FsaG9zdDENMAsGA1UECwwEdGVzdDEQMA4GA1UECgwHY2x1c3RlcjAeFw0yMzA4
MDQwMjMzMTBaFw0yMzA4MDQwMjMzMzBaMDUxEjAQBgNVBAMMCWxvY2FsaG9zdDEN
MAsGA1UECwwEdGVzdDEQMA4GA1UECgwHY2x1c3RlcjCCASIwDQYJKoZIhvcNAQEB
BQADggEPADCCAQoCggEBALuNIobuxdQ9+KuH/duDaR6P+kXgXaT+qoQLuaDA923O
3UMpXE5QOk022LtQf2JAAteW0EL/Vygowin0m9knIkiBTco6mW9gLiHR/pU+fAn1
W9PHWtVaO5vrZ2UZAcbhJDVwrhKLJrbTMRBhTP94g0aJ5VegOsTUKvPD7/cpeeED
ybfxxCE5xSei9WblBGaFz7HY31H8UXbS+KFgViCBxHKY36uJCt56DY6RgNnjVcwF
HF5+7IR0ligpc6/lWxfVEI/Uqiv8aVq5xNMA9cDJ+E5ySEgq4J4lih6u6KO7RWfo
1uz9JRn6fQzVRriSLevp6WPlmnE796bZLOb76PRpaikCAwEAATANBgkqhkiG9w0B
AQsFAAOCAQEANjSbZb7qYGVnfGyEWvMRNth1NSs6p+9a1Rl8OtHZ0mTZ4jH66r3m
LoCfD+OFzpYmZqaPqIBdFiPmwgWCJTFiw+UtwksdOTktjy1CtmJkqBLWB+dEIi+L
lsbwpbQtSMX1k8cLh3DHEN0JX7ih/CTVMBOc3mluVC999EJHOilVZpWsRQWsie0w
t2h2WExsmI67T7cjGqctm0IOmIoYic3qAtyYH7n9s4b4Xu3eNQgs9NRdiaOYv65K
R8+nUnMOPE9hgGudFL/Jn3khiptQxyJdmUMGpGG9f5vt7yjA8l8rlC6oMvW3Apbe
jpy9fzqPrCcOSsFDBg0O9XvGnTyfiE1IRA==
-----END CERTIFICATE-----

2023-08-04 02:33:10,471 [Time-limited test] INFO  utils.SelfSignedCertificate (SelfSignedCertificate.java:generateCertificate(157)) - Certificate 1437363 is issued by CN=localhost,OU=test,O=cluster to CN=localhost,OU=test,O=cluster, valid from Fri Aug 04 02:33:20 UTC 2023 to Fri Aug 04 02:33:40 UTC 2023
2023-08-04 02:33:11,849 [Time-limited test] INFO  security.OMCertificateClient (DefaultCertificateClient.java:updateCertSerialId(1226)) - Certificate serial ID set to 1437310
2023-08-04 02:33:11,854 [Time-limited test] INFO  security.OMCertificateClient (DefaultCertificateClient.java:readCertificateFile(236)) - Added certificate   [0]         Version: 3
         SerialNumber: 1437310
             IssuerDN: CN=localhost,OU=test,O=cluster
           Start Date: Fri Aug 04 02:33:10 UTC 2023
           Final Date: Fri Aug 04 02:33:30 UTC 2023
            SubjectDN: CN=localhost,OU=test,O=cluster
           Public Key: RSA Public Key [59:f6:41:06:e2:c3:67:84:1e:41:1f:ba:46:f5:b6:b5:27:c9:2b:28],[56:66:d1:a4]
        modulus: bb8d2286eec5d43df8ab87fddb83691e8ffa45e05da4feaa840bb9a0c0f76dcedd43295c4e503a4d36d8bb507f624002d796d042ff572828c229f49bd9272248814dca3a996f602e21d1fe953e7c09f55bd3c75ad55a3b9beb67651901c6e1243570ae128b26b6d33110614cff78834689e557a03ac4d42af3c3eff72979e103c9b7f1c42139c527a2f566e5046685cfb1d8df51fc5176d2f8a160562081c47298dfab890ade7a0d8e9180d9e355cc051c5e7eec847496282973afe55b17d5108fd4aa2bfc695ab9c4d300f5c0c9f84e7248482ae09e258a1eaee8a3bb4567e8d6ecfd2519fa7d0cd546b8922debe9e963e59a713bf7a6d92ce6fbe8f4696a29
public exponent: 10001

  Signature Algorithm: SHA256WITHRSA
            Signature: 36349b65beea6065677c6c845af31136d875352b
                       3aa7ef5ad5197c3ad1d9d264d9e231faeabde62e
                       809f0fe385ce962666a68fa8805d1623e6c20582
                       253162c3e52dc24b1d39392d8f2d42b66264a812
                       d607e744222f8b96c6f0a5b42d48c5f593c70b87
                       70c710dd095fb8a1fc24d530139cde696e542f7d
                       f442473a29556695ac4505ac89ed30b76876584c
                       6c988ebb4fb7231aa72d9b420e988a1889cdea02
                       dc981fb9fdb386f85eedde35082cf4d45d89a398
                       bfae4a47cfa752730e3c4f61806b9d14bfc99f79
                       218a9b50c7225d994306a461bd7f9bedef28c0f2
                       5f2b942ea832f5b70296de8e9cbd7f3a8fac270e
                       4ac143060d0ef57bc69d3c9f884d4844
 from file: /tmp/junit3115234162997115370/junit5551820645703649338/om-meta/om/certs/ROOTCA-1437310.crt.
2023-08-04 02:33:11,857 [Time-limited test] INFO  security.OMCertificateClient (DefaultCertificateClient.java:readCertificateFile(236)) - Added certificate   [0]         Version: 3
         SerialNumber: 1437310
             IssuerDN: CN=localhost,OU=test,O=cluster
           Start Date: Fri Aug 04 02:33:10 UTC 2023
           Final Date: Fri Aug 04 02:33:30 UTC 2023
            SubjectDN: CN=localhost,OU=test,O=cluster
           Public Key: RSA Public Key [59:f6:41:06:e2:c3:67:84:1e:41:1f:ba:46:f5:b6:b5:27:c9:2b:28],[56:66:d1:a4]
        modulus: bb8d2286eec5d43df8ab87fddb83691e8ffa45e05da4feaa840bb9a0c0f76dcedd43295c4e503a4d36d8bb507f624002d796d042ff572828c229f49bd9272248814dca3a996f602e21d1fe953e7c09f55bd3c75ad55a3b9beb67651901c6e1243570ae128b26b6d33110614cff78834689e557a03ac4d42af3c3eff72979e103c9b7f1c42139c527a2f566e5046685cfb1d8df51fc5176d2f8a160562081c47298dfab890ade7a0d8e9180d9e355cc051c5e7eec847496282973afe55b17d5108fd4aa2bfc695ab9c4d300f5c0c9f84e7248482ae09e258a1eaee8a3bb4567e8d6ecfd2519fa7d0cd546b8922debe9e963e59a713bf7a6d92ce6fbe8f4696a29
public exponent: 10001

  Signature Algorithm: SHA256WITHRSA
            Signature: 36349b65beea6065677c6c845af31136d875352b
                       3aa7ef5ad5197c3ad1d9d264d9e231faeabde62e
                       809f0fe385ce962666a68fa8805d1623e6c20582
                       253162c3e52dc24b1d39392d8f2d42b66264a812
                       d607e744222f8b96c6f0a5b42d48c5f593c70b87
                       70c710dd095fb8a1fc24d530139cde696e542f7d
                       f442473a29556695ac4505ac89ed30b76876584c
                       6c988ebb4fb7231aa72d9b420e988a1889cdea02
                       dc981fb9fdb386f85eedde35082cf4d45d89a398
                       bfae4a47cfa752730e3c4f61806b9d14bfc99f79
                       218a9b50c7225d994306a461bd7f9bedef28c0f2
                       5f2b942ea832f5b70296de8e9cbd7f3a8fac270e
                       4ac143060d0ef57bc69d3c9f884d4844
 from file: /tmp/junit3115234162997115370/junit5551820645703649338/om-meta/om/certs/certificate.crt.
2023-08-04 02:33:11,858 [Time-limited test] INFO  security.OMCertificateClient (DefaultCertificateClient.java:startCertificateRenewerService(1329)) - CertificateRenewerService for om is started with first delay 8142 ms and interval 3333 ms.
2023-08-04 02:33:11,861 [Time-limited test] INFO  security.OMCertificateClient (DefaultCertificateClient.java:init(707)) - Certificate client init case: 7
2023-08-04 02:33:11,861 [Time-limited test] INFO  security.OMCertificateClient (CommonCertificateClient.java:handleCase(110)) - Found certificate file along with KeyPair.
2023-08-04 02:33:11,943 [Time-limited test] INFO  security.OMCertificateClient (DefaultCertificateClient.java:validateKeyPairAndCertificate(786)) - Keypair validated.
2023-08-04 02:33:11,976 [Time-limited test] INFO  security.OMCertificateClient (DefaultCertificateClient.java:validateKeyPairAndCertificate(789)) - Keypair validated with certificate.
2023-08-04 02:33:11,977 [Time-limited test] INFO  ha.OMHANodeDetails (OMHANodeDetails.java:loadOMHAConfig(115)) - ozone.om.internal.service.id is not defined, falling back to ozone.om.service.ids to find serviceID for OzoneManager if it is HA enabled cluster
2023-08-04 02:33:11,977 [Time-limited test] INFO  ha.OMHANodeDetails (OMHANodeDetails.java:loadOMHAConfig(226)) - Configuration does not have ozone.om.address set. Falling back to the default OM address fv-az621-180/10.1.0.9:1202
2023-08-04 02:33:11,978 [Time-limited test] INFO  ha.OMHANodeDetails (OMHANodeDetails.java:getOMNodeDetailsForNonHA(254)) - OM Service ID is not set. Setting it to the default ID: omServiceIdDefault
2023-08-04 02:33:11,978 [Time-limited test] INFO  ha.OMHANodeDetails (OMHANodeDetails.java:getOMNodeDetailsForNonHA(261)) - OM Node ID is not set. Setting it to the default ID: om1
2023-08-04 02:33:11,978 [Time-limited test] WARN  server.ServerUtils (ServerUtils.java:getDBPath(311)) - ozone.om.db.dirs is not configured. We recommend adding this setting. Falling back to ozone.metadata.dirs instead.
2023-08-04 02:33:11,980 [Time-limited test] INFO  upgrade.AbstractLayoutVersionManager (AbstractLayoutVersionManager.java:init(83)) - Initializing Layout version manager with metadata layout = QUOTA (version = 6), software layout = QUOTA (version = 6)
2023-08-04 02:33:12,148 [Time-limited test] INFO  reflections.Reflections (Reflections.java:scan(232)) - Reflections took 165 ms to scan 2 urls, producing 188 keys and 512 values [using 2 cores]
2023-08-04 02:33:12,149 [Time-limited test] INFO  upgrade.OMLayoutVersionManager (OMLayoutVersionManager.java:lambda$0(115)) - Skipping Upgrade Action QuotaRepairUpgradeAction since it has been finalized.
2023-08-04 02:33:12,150 [Time-limited test] INFO  upgrade.OMLayoutVersionManager (OMLayoutVersionManager.java:lambda$0(115)) - Skipping Upgrade Action MockOmUpgradeAction since it has been finalized.
2023-08-04 02:33:12,162 [pool-168-thread-1] INFO  request.KdcRequest (KdcRequest.java:preauth(651)) - The preauth data is empty.
2023-08-04 02:33:12,162 [pool-168-thread-1] INFO  server.KdcHandler (KdcHandler.java:handleRecoverableException(177)) - KRB error occurred while processing request:Additional pre-authentication required
2023-08-04 02:33:12,176 [pool-168-thread-2] INFO  request.AsRequest (AsRequest.java:issueTicket(112)) - AS_REQ ISSUE: authtime 1691116392175,om/fv-az621-180@EXAMPLE.COM for krbtgt/EXAMPLE.COM@EXAMPLE.COM
2023-08-04 02:33:12,179 [Time-limited test] INFO  security.UserGroupInformation (UserGroupInformation.java:loginUserFromKeytab(1132)) - Login successful for user om/fv-az621-180@EXAMPLE.COM using keytab file om.keytab. Keytab auto renewal enabled : false
2023-08-04 02:33:12,179 [Time-limited test] INFO  om.OzoneManager (OzoneManager.java:loginOMUser(1161)) - Ozone Manager login successful.
2023-08-04 02:33:12,179 [Time-limited test] WARN  server.ServerUtils (ServerUtils.java:getDBPath(311)) - ozone.om.db.dirs is not configured. We recommend adding this setting. Falling back to ozone.metadata.dirs instead.
2023-08-04 02:33:12,181 [Time-limited test] INFO  proxy.SCMBlockLocationFailoverProxyProvider (SCMBlockLocationFailoverProxyProvider.java:<init>(114)) - Created block location fail-over proxy with 1 nodes: [nodeId=scmNodeId,nodeAddress=localhost/127.0.0.1:9863]
2023-08-04 02:33:12,183 [Time-limited test] INFO  om.OzoneManager (OzoneManager.java:getOmDetailsProto(4555)) - OzoneManager ports added:[name: "RPC"
value: 1202
]
2023-08-04 02:33:12,187 [Time-limited test] INFO  security.OMCertificateClient (DefaultCertificateClient.java:updateCertSerialId(1226)) - Certificate serial ID set to 1437310
2023-08-04 02:33:12,189 [Time-limited test] INFO  security.OMCertificateClient (DefaultCertificateClient.java:readCertificateFile(236)) - Added certificate   [0]         Version: 3
         SerialNumber: 1437310
             IssuerDN: CN=localhost,OU=test,O=cluster
           Start Date: Fri Aug 04 02:33:10 UTC 2023
           Final Date: Fri Aug 04 02:33:30 UTC 2023
            SubjectDN: CN=localhost,OU=test,O=cluster
           Public Key: RSA Public Key [59:f6:41:06:e2:c3:67:84:1e:41:1f:ba:46:f5:b6:b5:27:c9:2b:28],[56:66:d1:a4]
        modulus: bb8d2286eec5d43df8ab87fddb83691e8ffa45e05da4feaa840bb9a0c0f76dcedd43295c4e503a4d36d8bb507f624002d796d042ff572828c229f49bd9272248814dca3a996f602e21d1fe953e7c09f55bd3c75ad55a3b9beb67651901c6e1243570ae128b26b6d33110614cff78834689e557a03ac4d42af3c3eff72979e103c9b7f1c42139c527a2f566e5046685cfb1d8df51fc5176d2f8a160562081c47298dfab890ade7a0d8e9180d9e355cc051c5e7eec847496282973afe55b17d5108fd4aa2bfc695ab9c4d300f5c0c9f84e7248482ae09e258a1eaee8a3bb4567e8d6ecfd2519fa7d0cd546b8922debe9e963e59a713bf7a6d92ce6fbe8f4696a29
public exponent: 10001

  Signature Algorithm: SHA256WITHRSA
            Signature: 36349b65beea6065677c6c845af31136d875352b
                       3aa7ef5ad5197c3ad1d9d264d9e231faeabde62e
                       809f0fe385ce962666a68fa8805d1623e6c20582
                       253162c3e52dc24b1d39392d8f2d42b66264a812
                       d607e744222f8b96c6f0a5b42d48c5f593c70b87
                       70c710dd095fb8a1fc24d530139cde696e542f7d
                       f442473a29556695ac4505ac89ed30b76876584c
                       6c988ebb4fb7231aa72d9b420e988a1889cdea02
                       dc981fb9fdb386f85eedde35082cf4d45d89a398
                       bfae4a47cfa752730e3c4f61806b9d14bfc99f79
                       218a9b50c7225d994306a461bd7f9bedef28c0f2
                       5f2b942ea832f5b70296de8e9cbd7f3a8fac270e
                       4ac143060d0ef57bc69d3c9f884d4844
 from file: /tmp/junit3115234162997115370/junit5551820645703649338/om-meta/om/certs/ROOTCA-1437310.crt.
2023-08-04 02:33:12,191 [Time-limited test] INFO  security.OMCertificateClient (DefaultCertificateClient.java:readCertificateFile(236)) - Added certificate   [0]         Version: 3
         SerialNumber: 1437310
             IssuerDN: CN=localhost,OU=test,O=cluster
           Start Date: Fri Aug 04 02:33:10 UTC 2023
           Final Date: Fri Aug 04 02:33:30 UTC 2023
            SubjectDN: CN=localhost,OU=test,O=cluster
           Public Key: RSA Public Key [59:f6:41:06:e2:c3:67:84:1e:41:1f:ba:46:f5:b6:b5:27:c9:2b:28],[56:66:d1:a4]
        modulus: bb8d2286eec5d43df8ab87fddb83691e8ffa45e05da4feaa840bb9a0c0f76dcedd43295c4e503a4d36d8bb507f624002d796d042ff572828c229f49bd9272248814dca3a996f602e21d1fe953e7c09f55bd3c75ad55a3b9beb67651901c6e1243570ae128b26b6d33110614cff78834689e557a03ac4d42af3c3eff72979e103c9b7f1c42139c527a2f566e5046685cfb1d8df51fc5176d2f8a160562081c47298dfab890ade7a0d8e9180d9e355cc051c5e7eec847496282973afe55b17d5108fd4aa2bfc695ab9c4d300f5c0c9f84e7248482ae09e258a1eaee8a3bb4567e8d6ecfd2519fa7d0cd546b8922debe9e963e59a713bf7a6d92ce6fbe8f4696a29
public exponent: 10001

  Signature Algorithm: SHA256WITHRSA
            Signature: 36349b65beea6065677c6c845af31136d875352b
                       3aa7ef5ad5197c3ad1d9d264d9e231faeabde62e
                       809f0fe385ce962666a68fa8805d1623e6c20582
                       253162c3e52dc24b1d39392d8f2d42b66264a812
                       d607e744222f8b96c6f0a5b42d48c5f593c70b87
                       70c710dd095fb8a1fc24d530139cde696e542f7d
                       f442473a29556695ac4505ac89ed30b76876584c
                       6c988ebb4fb7231aa72d9b420e988a1889cdea02
                       dc981fb9fdb386f85eedde35082cf4d45d89a398
                       bfae4a47cfa752730e3c4f61806b9d14bfc99f79
                       218a9b50c7225d994306a461bd7f9bedef28c0f2
                       5f2b942ea832f5b70296de8e9cbd7f3a8fac270e
                       4ac143060d0ef57bc69d3c9f884d4844
 from file: /tmp/junit3115234162997115370/junit5551820645703649338/om-meta/om/certs/certificate.crt.
2023-08-04 02:33:12,192 [Time-limited test] INFO  security.OMCertificateClient (DefaultCertificateClient.java:startCertificateRenewerService(1329)) - CertificateRenewerService for om is started with first delay 7808 ms and interval 3333 ms.
2023-08-04 02:33:12,207 [Time-limited test] INFO  om.OzoneManager (OzoneManager.java:<init>(662)) - OM start with adminUsers: [om/fv-az621-180@EXAMPLE.COM, om]
2023-08-04 02:33:12,208 [Time-limited test] WARN  server.ServerUtils (ServerUtils.java:getDBPath(311)) - ozone.om.db.dirs is not configured. We recommend adding this setting. Falling back to ozone.metadata.dirs instead.
2023-08-04 02:33:12,210 [Time-limited test] INFO  helpers.OmKeyInfo (OmKeyInfo.java:getCodec(71)) - OmKeyInfo.getCodec ignorePipeline = true
2023-08-04 02:33:12,395 [Time-limited test] INFO  om.OzoneManager (OzoneManager.java:instantiateServices(791)) - S3 Multi-Tenancy is disabled
2023-08-04 02:33:12,396 [Time-limited test] INFO  security.OzoneSecretStore (OzoneSecretStore.java:loadState(69)) - Loaded 0 tokens
2023-08-04 02:33:12,396 [Time-limited test] INFO  security.OzoneDelegationTokenSecretManager (OzoneDelegationTokenSecretManager.java:loadTokenSecretState(530)) - Loading token state into token manager.
2023-08-04 02:33:12,396 [Time-limited test] INFO  om.OmSnapshotManager (OmSnapshotManager.java:<init>(175)) - Ozone filesystem snapshot feature is enabled.
2023-08-04 02:33:12,396 [Time-limited test] WARN  server.ServerUtils (ServerUtils.java:getDBPath(311)) - ozone.om.snapshot.diff.db.dir is not configured. We recommend adding this setting. Falling back to ozone.metadata.dirs instead.
2023-08-04 02:33:12,427 [Time-limited test] INFO  snapshot.SnapshotDiffManager (SnapshotDiffManager.java:closeExecutorService(1720)) - Shutting down executorService: 'SstDumpToolExecutor'
2023-08-04 02:33:12,429 [Time-limited test] INFO  om.OzoneManager (OzoneManager.java:addS3GVolumeToDB(4287)) - Created Volume s3v With Owner om required for S3Gateway operations.
2023-08-04 02:33:12,429 [Time-limited test] WARN  server.ServerUtils (ServerUtils.java:getDefaultRatisDirectory(323)) - Storage directory for Ratis is not configured. It is a good idea to map this to an SSD disk. Falling back to ozone.metadata.dirs
2023-08-04 02:33:12,429 [Time-limited test] WARN  utils.OzoneManagerRatisUtils (OzoneManagerRatisUtils.java:getOMRatisSnapshotDirectory(461)) - ozone.om.ratis.snapshot.dir is not configured. Falling back to ozone.metadata.dirs config
2023-08-04 02:33:12,430 [Time-limited test] WARN  server.ServerUtils (ServerUtils.java:getDefaultRatisDirectory(323)) - Storage directory for Ratis is not configured. It is a good idea to map this to an SSD disk. Falling back to ozone.metadata.dirs
2023-08-04 02:33:12,435 [Time-limited test] INFO  ratis.OzoneManagerRatisServer (OzoneManagerRatisServer.java:<init>(163)) - Instantiating OM Ratis server with groupID: omServiceIdDefault and peers: fv-az621-180:9872
2023-08-04 02:33:12,436 [Time-limited test] INFO  ratis.OzoneManagerStateMachine (OzoneManagerStateMachine.java:loadSnapshotInfoFromDB(687)) - LastAppliedIndex is set from TransactionInfo from OM DB as (t:0, i:~)
2023-08-04 02:33:12,437 [Time-limited test] INFO  server.RaftServer (ConfUtils.java:logGet(46)) - raft.rpc.type = GRPC (default)
2023-08-04 02:33:12,437 [Time-limited test] INFO  grpc.GrpcConfigKeys (ConfUtils.java:logFallback(53)) - raft.grpc.admin.host = null (fallback to raft.grpc.server.host)
2023-08-04 02:33:12,437 [Time-limited test] INFO  grpc.GrpcConfigKeys (ConfUtils.java:logFallback(53)) - raft.grpc.admin.port = 9872 (fallback to raft.grpc.server.port)
2023-08-04 02:33:12,438 [Time-limited test] INFO  grpc.GrpcConfigKeys (ConfUtils.java:logFallback(53)) - raft.grpc.client.host = null (fallback to raft.grpc.server.host)
2023-08-04 02:33:12,438 [Time-limited test] INFO  grpc.GrpcConfigKeys (ConfUtils.java:logFallback(53)) - raft.grpc.client.port = 9872 (fallback to raft.grpc.server.port)
2023-08-04 02:33:12,438 [Time-limited test] INFO  grpc.GrpcConfigKeys (ConfUtils.java:logGet(46)) - raft.grpc.server.host = null (default)
2023-08-04 02:33:12,438 [Time-limited test] INFO  grpc.GrpcConfigKeys (ConfUtils.java:logGet(46)) - raft.grpc.server.port = 9872 (custom)
2023-08-04 02:33:12,438 [Time-limited test] INFO  server.GrpcService (ConfUtils.java:logGet(46)) - raft.grpc.message.size.max = 33554432 (custom)
2023-08-04 02:33:12,438 [Time-limited test] INFO  server.RaftServerConfigKeys (ConfUtils.java:logGet(46)) - raft.server.log.appender.buffer.byte-limit = 33554432 (custom)
2023-08-04 02:33:12,438 [Time-limited test] INFO  server.GrpcService (ConfUtils.java:logGet(46)) - raft.grpc.flow.control.window = 1MB (=1048576) (default)
2023-08-04 02:33:12,439 [Time-limited test] INFO  server.RaftServerConfigKeys (ConfUtils.java:logGet(46)) - raft.server.rpc.request.timeout = 3000ms (default)
2023-08-04 02:33:12,439 [Time-limited test] INFO  grpc.GrpcConfigKeys (ConfUtils.java:logGet(46)) - raft.grpc.server.heartbeat.channel = true (default)
2023-08-04 02:33:12,439 [Time-limited test] INFO  grpc.GrpcConfigKeys (ConfUtils.java:logGet(46)) - raft.grpc.server.async.request.thread.pool.cached = true (default)
2023-08-04 02:33:12,439 [Time-limited test] INFO  grpc.GrpcConfigKeys (ConfUtils.java:logGet(46)) - raft.grpc.server.async.request.thread.pool.size = 32 (default)
2023-08-04 02:33:12,441 [Time-limited test] INFO  impl.DataStreamServerImpl (ConfUtils.java:logGet(46)) - raft.datastream.type = DISABLED (default)
2023-08-04 02:33:12,441 [Time-limited test] INFO  server.RaftServerConfigKeys (ConfUtils.java:logGet(46)) - raft.server.threadpool.proxy.cached = true (default)
2023-08-04 02:33:12,441 [Time-limited test] INFO  server.RaftServerConfigKeys (ConfUtils.java:logGet(46)) - raft.server.threadpool.proxy.size = 0 (default)
2023-08-04 02:33:12,442 [Time-limited test] INFO  server.RaftServerConfigKeys (ConfUtils.java:logGet(46)) - raft.server.rpc.slowness.timeout = 120s (custom)
2023-08-04 02:33:12,442 [Time-limited test] INFO  server.RaftServerConfigKeys (ConfUtils.java:logGet(46)) - raft.server.leaderelection.leader.step-down.wait-time = 10s (default)
2023-08-04 02:33:12,442 [Time-limited test] INFO  server.RaftServerConfigKeys (ConfUtils.java:logGet(46)) - raft.server.storage.dir = [/tmp/junit3115234162997115370/junit5551820645703649338/om-meta/ratis] (custom)
2023-08-04 02:33:12,455 [Time-limited test] INFO  server.RaftServer (RaftServerProxy.java:addNew(98)) - om1: addNew group-C5BA1605619E:[om1|rpc:fv-az621-180:9872|priority:0|startupRole:FOLLOWER] returns group-C5BA1605619E:java.util.concurrent.CompletableFuture@5c38dc19[Not completed]
2023-08-04 02:33:12,456 [Time-limited test] INFO  om.OzoneManager (OzoneManager.java:initializeRatisServer(2128)) - OzoneManager Ratis server initialized at port 9872
2023-08-04 02:33:12,456 [Time-limited test] INFO  om.OzoneManager (OzoneManager.java:getRpcServer(1193)) - Creating RPC Server
2023-08-04 02:33:12,458 [om1-groupManagement] INFO  server.RaftServer$Division (RaftServerImpl.java:<init>(198)) - om1: new RaftServerImpl for group-C5BA1605619E:[om1|rpc:fv-az621-180:9872|priority:0|startupRole:FOLLOWER] with OzoneManagerStateMachine:uninitialized
2023-08-04 02:33:12,465 [om1-groupManagement] INFO  server.RaftServerConfigKeys (ConfUtils.java:logGet(46)) - raft.server.rpc.timeout.min = 5s (custom)
2023-08-04 02:33:12,465 [om1-groupManagement] INFO  server.RaftServerConfigKeys (ConfUtils.java:logGet(46)) - raft.server.rpc.timeout.max = 5200ms (custom)
2023-08-04 02:33:12,465 [om1-groupManagement] INFO  server.RaftServerConfigKeys (ConfUtils.java:logGet(46)) - raft.server.rpc.sleep.time = 25ms (default)
2023-08-04 02:33:12,465 [om1-groupManagement] INFO  server.RaftServerConfigKeys (ConfUtils.java:logGet(46)) - raft.server.rpc.slowness.timeout = 120s (custom)
2023-08-04 02:33:12,465 [om1-groupManagement] INFO  server.RaftServerConfigKeys (ConfUtils.java:logGet(46)) - raft.server.leaderelection.leader.step-down.wait-time = 10s (default)
2023-08-04 02:33:12,466 [om1-groupManagement] INFO  server.RaftServerConfigKeys (ConfUtils.java:logGet(46)) - raft.server.sleep.deviation.threshold = 300ms (default)
2023-08-04 02:33:12,466 [om1-groupManagement] INFO  server.RaftServer$Division (ServerState.java:<init>(120)) - om1@group-C5BA1605619E: ConfigurationManager, init=-1: peers:[om1|rpc:fv-az621-180:9872|priority:0|startupRole:FOLLOWER]|listeners:[], old=null, confs=<EMPTY_MAP>
2023-08-04 02:33:12,466 [om1-groupManagement] INFO  server.RaftServerConfigKeys (ConfUtils.java:logGet(46)) - raft.server.storage.dir = [/tmp/junit3115234162997115370/junit5551820645703649338/om-meta/ratis] (custom)
2023-08-04 02:33:12,466 [om1-groupManagement] INFO  server.RaftServerConfigKeys (ConfUtils.java:logGet(46)) - raft.server.log.corruption.policy = EXCEPTION (default)
2023-08-04 02:33:12,466 [om1-groupManagement] INFO  server.RaftServerConfigKeys (ConfUtils.java:logGet(46)) - raft.server.storage.free-space.min = 0MB (=0) (default)
2023-08-04 02:33:12,466 [om1-groupManagement] INFO  server.RaftServerConfigKeys (ConfUtils.java:logGet(46)) - raft.server.notification.no-leader.timeout = 120s (custom)
2023-08-04 02:33:12,467 [om1-groupManagement] INFO  server.RaftServerConfigKeys (ConfUtils.java:logGet(46)) - raft.server.read.timeout = 10s (default)
2023-08-04 02:33:12,467 [om1-groupManagement] INFO  server.RaftServerConfigKeys (ConfUtils.java:logGet(46)) - raft.server.retrycache.expirytime = 300s (custom)
2023-08-04 02:33:12,467 [om1-groupManagement] INFO  server.RaftServerConfigKeys (ConfUtils.java:logGet(46)) - raft.server.retrycache.statistics.expirytime = 100μs (default)
2023-08-04 02:33:12,467 [om1-groupManagement] INFO  server.RaftServerConfigKeys (ConfUtils.java:logGet(46)) - raft.server.read.option = DEFAULT (default)
2023-08-04 02:33:12,468 [om1-groupManagement] INFO  server.RaftServerConfigKeys (ConfUtils.java:logGet(46)) - raft.server.rpc.request.timeout = 3000ms (default)
2023-08-04 02:33:12,468 [om1-groupManagement] INFO  server.RaftServerConfigKeys (ConfUtils.java:logGet(46)) - raft.server.log.appender.install.snapshot.enabled = false (custom)
2023-08-04 02:33:12,468 [om1-groupManagement] INFO  server.RaftServerConfigKeys (ConfUtils.java:logGet(46)) - raft.server.threadpool.server.cached = true (default)
2023-08-04 02:33:12,468 [om1-groupManagement] INFO  server.RaftServerConfigKeys (ConfUtils.java:logGet(46)) - raft.server.threadpool.server.size = 0 (default)
2023-08-04 02:33:12,468 [om1-groupManagement] INFO  server.RaftServerConfigKeys (ConfUtils.java:logGet(46)) - raft.server.threadpool.client.cached = true (default)
2023-08-04 02:33:12,468 [om1-groupManagement] INFO  server.RaftServerConfigKeys (ConfUtils.java:logGet(46)) - raft.server.threadpool.client.size = 0 (default)
2023-08-04 02:33:12,989 [Time-limited test] INFO  reflections.Reflections (Reflections.java:scan(232)) - Reflections took 531 ms to scan 19 urls, producing 70 keys and 5598 values [using 2 cores]
2023-08-04 02:33:13,005 [Time-limited test] INFO  ipc.CallQueueManager (CallQueueManager.java:<init>(90)) - Using callQueue: class java.util.concurrent.LinkedBlockingQueue, queueCapacity: 10000, scheduler: class org.apache.hadoop.ipc.DefaultRpcScheduler, ipcBackoff: false.
2023-08-04 02:33:13,006 [Time-limited test] INFO  ipc.Server (Server.java:<init>(1287)) - Listener at fv-az621-180:1202
2023-08-04 02:33:13,013 [Socket Reader #1 for port 1202] INFO  ipc.Server (Server.java:run(1323)) - Starting Socket Reader #1 for port 1202
2023-08-04 02:33:13,098 [Time-limited test] INFO  security.OMCertificateClient (DefaultCertificateClient.java:getAllRootCaCerts(893)) - om has 1 Root CA certificates
2023-08-04 02:33:20,001 [om-CertificateRenewerService] INFO  security.OMCertificateClient (DefaultCertificateClient.java:run(1365)) - Current certificate 1437310 needs to be renewed remaining grace period PT0S. Forced renewal due to root ca rotation: false.
2023-08-04 02:33:20,604 [om-CertificateRenewerService] INFO  ozone.OzoneSecurityUtil (OzoneSecurityUtil.java:getValidInetsForCurrentHost(119)) - ip:fe80:0:0:0:20d:3aff:fe7a:a89f%eth0 not returned.
2023-08-04 02:33:20,605 [om-CertificateRenewerService] INFO  ozone.OzoneSecurityUtil (OzoneSecurityUtil.java:getValidInetsForCurrentHost(116)) - Adding ip:10.1.0.9,host:fv-az621-180
2023-08-04 02:33:20,605 [om-CertificateRenewerService] INFO  ozone.OzoneSecurityUtil (OzoneSecurityUtil.java:getValidInetsForCurrentHost(119)) - ip:0:0:0:0:0:0:0:1%lo not returned.
2023-08-04 02:33:20,605 [om-CertificateRenewerService] INFO  ozone.OzoneSecurityUtil (OzoneSecurityUtil.java:getValidInetsForCurrentHost(119)) - ip:127.0.0.1 not returned.
2023-08-04 02:33:20,605 [om-CertificateRenewerService] ERROR utils.CertificateSignRequest (CertificateSignRequest.java:lambda$addInetAddresses$0(295)) - Invalid domain fv-az621-180
2023-08-04 02:33:20,605 [om-CertificateRenewerService] INFO  security.OMCertificateClient (OMCertificateClient.java:getCSRBuilder(114)) - Creating csr for OM->dns:fv-az621-180,ip:10.1.0.9,scmId:362b1038-4cf5-47f2-9ec4-615a6f814d5c,clusterId:a2f3262c-d6a8-4959-aa9a-9fb7be696c50,subject:fv-az621-180
2023-08-04 02:33:20,628 [om-CertificateRenewerService] INFO  utils.CertificateCodec (CertificateCodec.java:writeCertificate(299)) - Save certificate to /tmp/junit3115234162997115370/junit5551820645703649338/om-meta/om/certs-next/1437363.crt
2023-08-04 02:33:20,628 [om-CertificateRenewerService] INFO  utils.CertificateCodec (CertificateCodec.java:writeCertificate(300)) - Certificate -----BEGIN CERTIFICATE-----
MIIB4DCCAUmgAwIBAgIDFe6zMA0GCSqGSIb3DQEBCwUAMDUxEjAQBgNVBAMMCWxv
Y2FsaG9zdDENMAsGA1UECwwEdGVzdDEQMA4GA1UECgwHY2x1c3RlcjAeFw0yMzA4
MDQwMjMzMjBaFw0yMzA4MDQwMjMzNDBaMDUxEjAQBgNVBAMMCWxvY2FsaG9zdDEN
MAsGA1UECwwEdGVzdDEQMA4GA1UECgwHY2x1c3RlcjCBnzANBgkqhkiG9w0BAQEF
AAOBjQAwgYkCgYEA7i2LHLMoIosjTITH2/E6EyA5pMga5UghohD0QHzvU7SttamY
A1Zt9dO6wElOSirwdNCjmVe/eFbyk/W7v2VFZSf97DmEhZ9yIFuNnAxqWsLVSS4j
UxyoxXHdjf3ZiggnEP03P29j0ZO3k08h1mN3qNsX7KGYpO6t1Cuh04TXOc0CAwEA
ATANBgkqhkiG9w0BAQsFAAOBgQBRmEqNS+QnYKxtwIJP9mZkcDAYY5WShRzrl/FR
etVTnbK8nlF4PKkj0MpfhdmSAA5dPZ848sJOhEK/t30Xyne+o8DoNz7AiTmPwjtY
Btr1Iu8rN8xIqZgKLOrI6Wg1yJDIFWx9iBljV/NHyugT9uUy1J2wQW0XrAh4ZZqN
ItixAA==
-----END CERTIFICATE-----

2023-08-04 02:33:20,629 [om-CertificateRenewerService] INFO  utils.CertificateCodec (CertificateCodec.java:writeCertificate(299)) - Save certificate to /tmp/junit3115234162997115370/junit5551820645703649338/om-meta/om/certs-next/CA-1437363.crt
2023-08-04 02:33:20,629 [om-CertificateRenewerService] INFO  utils.CertificateCodec (CertificateCodec.java:writeCertificate(300)) - Certificate -----BEGIN CERTIFICATE-----
MIIB4DCCAUmgAwIBAgIDFe6zMA0GCSqGSIb3DQEBCwUAMDUxEjAQBgNVBAMMCWxv
Y2FsaG9zdDENMAsGA1UECwwEdGVzdDEQMA4GA1UECgwHY2x1c3RlcjAeFw0yMzA4
MDQwMjMzMjBaFw0yMzA4MDQwMjMzNDBaMDUxEjAQBgNVBAMMCWxvY2FsaG9zdDEN
MAsGA1UECwwEdGVzdDEQMA4GA1UECgwHY2x1c3RlcjCBnzANBgkqhkiG9w0BAQEF
AAOBjQAwgYkCgYEA7i2LHLMoIosjTITH2/E6EyA5pMga5UghohD0QHzvU7SttamY
A1Zt9dO6wElOSirwdNCjmVe/eFbyk/W7v2VFZSf97DmEhZ9yIFuNnAxqWsLVSS4j
UxyoxXHdjf3ZiggnEP03P29j0ZO3k08h1mN3qNsX7KGYpO6t1Cuh04TXOc0CAwEA
ATANBgkqhkiG9w0BAQsFAAOBgQBRmEqNS+QnYKxtwIJP9mZkcDAYY5WShRzrl/FR
etVTnbK8nlF4PKkj0MpfhdmSAA5dPZ848sJOhEK/t30Xyne+o8DoNz7AiTmPwjtY
Btr1Iu8rN8xIqZgKLOrI6Wg1yJDIFWx9iBljV/NHyugT9uUy1J2wQW0XrAh4ZZqN
ItixAA==
-----END CERTIFICATE-----

2023-08-04 02:33:20,630 [om-CertificateRenewerService] INFO  security.OMCertificateClient (DefaultCertificateClient.java:updateCertSerialId(1226)) - Certificate serial ID set to 1437363
2023-08-04 02:33:20,632 [om-CertificateRenewerService] INFO  security.OMCertificateClient (DefaultCertificateClient.java:readCertificateFile(236)) - Added certificate   [0]         Version: 3
         SerialNumber: 1437310
             IssuerDN: CN=localhost,OU=test,O=cluster
           Start Date: Fri Aug 04 02:33:10 UTC 2023
           Final Date: Fri Aug 04 02:33:30 UTC 2023
            SubjectDN: CN=localhost,OU=test,O=cluster
           Public Key: RSA Public Key [59:f6:41:06:e2:c3:67:84:1e:41:1f:ba:46:f5:b6:b5:27:c9:2b:28],[56:66:d1:a4]
        modulus: bb8d2286eec5d43df8ab87fddb83691e8ffa45e05da4feaa840bb9a0c0f76dcedd43295c4e503a4d36d8bb507f624002d796d042ff572828c229f49bd9272248814dca3a996f602e21d1fe953e7c09f55bd3c75ad55a3b9beb67651901c6e1243570ae128b26b6d33110614cff78834689e557a03ac4d42af3c3eff72979e103c9b7f1c42139c527a2f566e5046685cfb1d8df51fc5176d2f8a160562081c47298dfab890ade7a0d8e9180d9e355cc051c5e7eec847496282973afe55b17d5108fd4aa2bfc695ab9c4d300f5c0c9f84e7248482ae09e258a1eaee8a3bb4567e8d6ecfd2519fa7d0cd546b8922debe9e963e59a713bf7a6d92ce6fbe8f4696a29
public exponent: 10001

  Signature Algorithm: SHA256WITHRSA
            Signature: 36349b65beea6065677c6c845af31136d875352b
                       3aa7ef5ad5197c3ad1d9d264d9e231faeabde62e
                       809f0fe385ce962666a68fa8805d1623e6c20582
                       253162c3e52dc24b1d39392d8f2d42b66264a812
                       d607e744222f8b96c6f0a5b42d48c5f593c70b87
                       70c710dd095fb8a1fc24d530139cde696e542f7d
                       f442473a29556695ac4505ac89ed30b76876584c
                       6c988ebb4fb7231aa72d9b420e988a1889cdea02
                       dc981fb9fdb386f85eedde35082cf4d45d89a398
                       bfae4a47cfa752730e3c4f61806b9d14bfc99f79
                       218a9b50c7225d994306a461bd7f9bedef28c0f2
                       5f2b942ea832f5b70296de8e9cbd7f3a8fac270e
                       4ac143060d0ef57bc69d3c9f884d4844
 from file: /tmp/junit3115234162997115370/junit5551820645703649338/om-meta/om/certs/ROOTCA-1437310.crt.
2023-08-04 02:33:20,633 [om-CertificateRenewerService] INFO  security.OMCertificateClient (DefaultCertificateClient.java:readCertificateFile(236)) - Added certificate   [0]         Version: 3
         SerialNumber: 1437310
             IssuerDN: CN=localhost,OU=test,O=cluster
           Start Date: Fri Aug 04 02:33:10 UTC 2023
           Final Date: Fri Aug 04 02:33:30 UTC 2023
            SubjectDN: CN=localhost,OU=test,O=cluster
           Public Key: RSA Public Key [59:f6:41:06:e2:c3:67:84:1e:41:1f:ba:46:f5:b6:b5:27:c9:2b:28],[56:66:d1:a4]
        modulus: bb8d2286eec5d43df8ab87fddb83691e8ffa45e05da4feaa840bb9a0c0f76dcedd43295c4e503a4d36d8bb507f624002d796d042ff572828c229f49bd9272248814dca3a996f602e21d1fe953e7c09f55bd3c75ad55a3b9beb67651901c6e1243570ae128b26b6d33110614cff78834689e557a03ac4d42af3c3eff72979e103c9b7f1c42139c527a2f566e5046685cfb1d8df51fc5176d2f8a160562081c47298dfab890ade7a0d8e9180d9e355cc051c5e7eec847496282973afe55b17d5108fd4aa2bfc695ab9c4d300f5c0c9f84e7248482ae09e258a1eaee8a3bb4567e8d6ecfd2519fa7d0cd546b8922debe9e963e59a713bf7a6d92ce6fbe8f4696a29
public exponent: 10001

  Signature Algorithm: SHA256WITHRSA
            Signature: 36349b65beea6065677c6c845af31136d875352b
                       3aa7ef5ad5197c3ad1d9d264d9e231faeabde62e
                       809f0fe385ce962666a68fa8805d1623e6c20582
                       253162c3e52dc24b1d39392d8f2d42b66264a812
                       d607e744222f8b96c6f0a5b42d48c5f593c70b87
                       70c710dd095fb8a1fc24d530139cde696e542f7d
                       f442473a29556695ac4505ac89ed30b76876584c
                       6c988ebb4fb7231aa72d9b420e988a1889cdea02
                       dc981fb9fdb386f85eedde35082cf4d45d89a398
                       bfae4a47cfa752730e3c4f61806b9d14bfc99f79
                       218a9b50c7225d994306a461bd7f9bedef28c0f2
                       5f2b942ea832f5b70296de8e9cbd7f3a8fac270e
                       4ac143060d0ef57bc69d3c9f884d4844
 from file: /tmp/junit3115234162997115370/junit5551820645703649338/om-meta/om/certs/certificate.crt.
2023-08-04 02:33:20,634 [om-CertificateRenewerService] INFO  security.OMCertificateClient (DefaultCertificateClient.java:renewAndStoreKeyAndCertificate(1142)) - Successful renew key and certificate. New certificate 1437363.
2023-08-04 02:33:20,634 [om-CertificateRenewerService] INFO  security.OMCertificateClient (DefaultCertificateClient.java:updateCertSerialId(1226)) - Certificate serial ID set to 1437363
2023-08-04 02:33:20,635 [om-CertificateRenewerService] INFO  security.OMCertificateClient (DefaultCertificateClient.java:readCertificateFile(236)) - Added certificate   [0]         Version: 3
         SerialNumber: 1437363
             IssuerDN: CN=localhost,OU=test,O=cluster
           Start Date: Fri Aug 04 02:33:20 UTC 2023
           Final Date: Fri Aug 04 02:33:40 UTC 2023
            SubjectDN: CN=localhost,OU=test,O=cluster
           Public Key: RSA Public Key [7e:83:16:31:4e:f6:9d:95:b9:a9:52:cd:9d:61:59:3f:04:bd:88:2f],[56:66:d1:a4]
        modulus: ee2d8b1cb328228b234c84c7dbf13a132039a4c81ae54821a210f4407cef53b4adb5a99803566df5d3bac0494e4a2af074d0a39957bf7856f293f5bbbf65456527fdec3984859f72205b8d9c0c6a5ac2d5492e23531ca8c571dd8dfdd98a082710fd373f6f63d193b7934f21d66377a8db17eca198a4eeadd42ba1d384d739cd
public exponent: 10001

  Signature Algorithm: SHA256WITHRSA
            Signature: 51984a8d4be42760ac6dc0824ff6666470301863
                       9592851ceb97f1517ad5539db2bc9e51783ca923
                       d0ca5f85d992000e5d3d9f38f2c24e8442bfb77d
                       17ca77bea3c0e8373ec089398fc23b5806daf522
                       ef2b37cc48a9980a2ceac8e96835c890c8156c7d
                       88196357f347cae813f6e532d49db0416d17ac08
                       78659a8d22d8b100
 from file: /tmp/junit3115234162997115370/junit5551820645703649338/om-meta/om/certs/CA-1437363.crt.
2023-08-04 02:33:20,636 [om-CertificateRenewerService] INFO  security.OMCertificateClient (DefaultCertificateClient.java:readCertificateFile(236)) - Added certificate   [0]         Version: 3
         SerialNumber: 1437363
             IssuerDN: CN=localhost,OU=test,O=cluster
           Start Date: Fri Aug 04 02:33:20 UTC 2023
           Final Date: Fri Aug 04 02:33:40 UTC 2023
            SubjectDN: CN=localhost,OU=test,O=cluster
           Public Key: RSA Public Key [7e:83:16:31:4e:f6:9d:95:b9:a9:52:cd:9d:61:59:3f:04:bd:88:2f],[56:66:d1:a4]
        modulus: ee2d8b1cb328228b234c84c7dbf13a132039a4c81ae54821a210f4407cef53b4adb5a99803566df5d3bac0494e4a2af074d0a39957bf7856f293f5bbbf65456527fdec3984859f72205b8d9c0c6a5ac2d5492e23531ca8c571dd8dfdd98a082710fd373f6f63d193b7934f21d66377a8db17eca198a4eeadd42ba1d384d739cd
public exponent: 10001

  Signature Algorithm: SHA256WITHRSA
            Signature: 51984a8d4be42760ac6dc0824ff6666470301863
                       9592851ceb97f1517ad5539db2bc9e51783ca923
                       d0ca5f85d992000e5d3d9f38f2c24e8442bfb77d
                       17ca77bea3c0e8373ec089398fc23b5806daf522
                       ef2b37cc48a9980a2ceac8e96835c890c8156c7d
                       88196357f347cae813f6e532d49db0416d17ac08
                       78659a8d22d8b100
 from file: /tmp/junit3115234162997115370/junit5551820645703649338/om-meta/om/certs/1437363.crt.
2023-08-04 02:33:20,636 [om-CertificateRenewerService] INFO  security.OMCertificateClient (DefaultCertificateClient.java:reloadKeyAndCertificate(1212)) - Reset and reloaded key and all certificates for new certificate 1437363.
2023-08-04 02:33:21,124 [Time-limited test] INFO  utils.SelfSignedCertificate (SelfSignedCertificate.java:generateCertificate(157)) - Certificate 1448019 is issued by CN=localhost,OU=test,O=cluster to CN=localhost,OU=test,O=cluster, valid from Fri Aug 04 02:33:21 UTC 2023 to Fri Aug 04 02:33:41 UTC 2023
2023-08-04 02:33:30,000 [om-CertificateRenewerService] INFO  security.OMCertificateClient (DefaultCertificateClient.java:run(1365)) - Current certificate 1437363 needs to be renewed remaining grace period PT0S. Forced renewal due to root ca rotation: false.
2023-08-04 02:33:30,137 [om-CertificateRenewerService] INFO  ozone.OzoneSecurityUtil (OzoneSecurityUtil.java:getValidInetsForCurrentHost(119)) - ip:fe80:0:0:0:20d:3aff:fe7a:a89f%eth0 not returned.
2023-08-04 02:33:30,140 [om-CertificateRenewerService] INFO  ozone.OzoneSecurityUtil (OzoneSecurityUtil.java:getValidInetsForCurrentHost(116)) - Adding ip:10.1.0.9,host:fv-az621-180
2023-08-04 02:33:30,140 [om-CertificateRenewerService] INFO  ozone.OzoneSecurityUtil (OzoneSecurityUtil.java:getValidInetsForCurrentHost(119)) - ip:0:0:0:0:0:0:0:1%lo not returned.
2023-08-04 02:33:30,140 [om-CertificateRenewerService] INFO  ozone.OzoneSecurityUtil (OzoneSecurityUtil.java:getValidInetsForCurrentHost(119)) - ip:127.0.0.1 not returned.
2023-08-04 02:33:30,140 [om-CertificateRenewerService] ERROR utils.CertificateSignRequest (CertificateSignRequest.java:lambda$addInetAddresses$0(295)) - Invalid domain fv-az621-180
2023-08-04 02:33:30,141 [om-CertificateRenewerService] INFO  security.OMCertificateClient (OMCertificateClient.java:getCSRBuilder(114)) - Creating csr for OM->dns:fv-az621-180,ip:10.1.0.9,scmId:362b1038-4cf5-47f2-9ec4-615a6f814d5c,clusterId:a2f3262c-d6a8-4959-aa9a-9fb7be696c50,subject:fv-az621-180
2023-08-04 02:33:30,144 [om-CertificateRenewerService] INFO  utils.CertificateCodec (CertificateCodec.java:writeCertificate(299)) - Save certificate to /tmp/junit3115234162997115370/junit5551820645703649338/om-meta/om/certs-next/1448019.crt
2023-08-04 02:33:30,145 [om-CertificateRenewerService] INFO  utils.CertificateCodec (CertificateCodec.java:writeCertificate(300)) - Certificate -----BEGIN CERTIFICATE-----
MIIB4DCCAUmgAwIBAgIDFhhTMA0GCSqGSIb3DQEBCwUAMDUxEjAQBgNVBAMMCWxv
Y2FsaG9zdDENMAsGA1UECwwEdGVzdDEQMA4GA1UECgwHY2x1c3RlcjAeFw0yMzA4
MDQwMjMzMjFaFw0yMzA4MDQwMjMzNDFaMDUxEjAQBgNVBAMMCWxvY2FsaG9zdDEN
MAsGA1UECwwEdGVzdDEQMA4GA1UECgwHY2x1c3RlcjCBnzANBgkqhkiG9w0BAQEF
AAOBjQAwgYkCgYEAmESJBIW/Mxp6KjwU/VHI3qo90acEdepWGFG0G8l1hTaiHkk3
pD9kYvEiYgHPIomBRYzKgWmumqvdv5895lQcH6Jlsn6MxLGRlXUujckWi/OGbuLJ
61ohke80eLVzBz3ydXB1QjdCbYSaFa8MxOiNjqOnpY8+76hP95s0Li9HWiMCAwEA
ATANBgkqhkiG9w0BAQsFAAOBgQBzYyUdzoPUWhYQ3SA5ZXvhOKuK/jj1MP+ovh3l
XgYKwBH7k7rSKDaqA9TaJNZcQYy5Rr9qVIhQpOkodT3s/P05z67iC55m/h6UiTk+
1Ga0P8MmXxjzFzugDEmm8o5yLY6q0ESo4rGK7FUKIu/oXj/UXGHEq901CcZN/odm
XudLZQ==
-----END CERTIFICATE-----

2023-08-04 02:33:30,145 [om-CertificateRenewerService] INFO  utils.CertificateCodec (CertificateCodec.java:writeCertificate(299)) - Save certificate to /tmp/junit3115234162997115370/junit5551820645703649338/om-meta/om/certs-next/CA-1448019.crt
2023-08-04 02:33:30,145 [om-CertificateRenewerService] INFO  utils.CertificateCodec (CertificateCodec.java:writeCertificate(300)) - Certificate -----BEGIN CERTIFICATE-----
MIIB4DCCAUmgAwIBAgIDFhhTMA0GCSqGSIb3DQEBCwUAMDUxEjAQBgNVBAMMCWxv
Y2FsaG9zdDENMAsGA1UECwwEdGVzdDEQMA4GA1UECgwHY2x1c3RlcjAeFw0yMzA4
MDQwMjMzMjFaFw0yMzA4MDQwMjMzNDFaMDUxEjAQBgNVBAMMCWxvY2FsaG9zdDEN
MAsGA1UECwwEdGVzdDEQMA4GA1UECgwHY2x1c3RlcjCBnzANBgkqhkiG9w0BAQEF
AAOBjQAwgYkCgYEAmESJBIW/Mxp6KjwU/VHI3qo90acEdepWGFG0G8l1hTaiHkk3
pD9kYvEiYgHPIomBRYzKgWmumqvdv5895lQcH6Jlsn6MxLGRlXUujckWi/OGbuLJ
61ohke80eLVzBz3ydXB1QjdCbYSaFa8MxOiNjqOnpY8+76hP95s0Li9HWiMCAwEA
ATANBgkqhkiG9w0BAQsFAAOBgQBzYyUdzoPUWhYQ3SA5ZXvhOKuK/jj1MP+ovh3l
XgYKwBH7k7rSKDaqA9TaJNZcQYy5Rr9qVIhQpOkodT3s/P05z67iC55m/h6UiTk+
1Ga0P8MmXxjzFzugDEmm8o5yLY6q0ESo4rGK7FUKIu/oXj/UXGHEq901CcZN/odm
XudLZQ==
-----END CERTIFICATE-----

2023-08-04 02:33:30,146 [om-CertificateRenewerService] INFO  security.OMCertificateClient (DefaultCertificateClient.java:updateCertSerialId(1226)) - Certificate serial ID set to 1448019
2023-08-04 02:33:30,147 [om-CertificateRenewerService] INFO  security.OMCertificateClient (DefaultCertificateClient.java:readCertificateFile(236)) - Added certificate   [0]         Version: 3
         SerialNumber: 1437363
             IssuerDN: CN=localhost,OU=test,O=cluster
           Start Date: Fri Aug 04 02:33:20 UTC 2023
           Final Date: Fri Aug 04 02:33:40 UTC 2023
            SubjectDN: CN=localhost,OU=test,O=cluster
           Public Key: RSA Public Key [7e:83:16:31:4e:f6:9d:95:b9:a9:52:cd:9d:61:59:3f:04:bd:88:2f],[56:66:d1:a4]
        modulus: ee2d8b1cb328228b234c84c7dbf13a132039a4c81ae54821a210f4407cef53b4adb5a99803566df5d3bac0494e4a2af074d0a39957bf7856f293f5bbbf65456527fdec3984859f72205b8d9c0c6a5ac2d5492e23531ca8c571dd8dfdd98a082710fd373f6f63d193b7934f21d66377a8db17eca198a4eeadd42ba1d384d739cd
public exponent: 10001

  Signature Algorithm: SHA256WITHRSA
            Signature: 51984a8d4be42760ac6dc0824ff6666470301863
                       9592851ceb97f1517ad5539db2bc9e51783ca923
                       d0ca5f85d992000e5d3d9f38f2c24e8442bfb77d
                       17ca77bea3c0e8373ec089398fc23b5806daf522
                       ef2b37cc48a9980a2ceac8e96835c890c8156c7d
                       88196357f347cae813f6e532d49db0416d17ac08
                       78659a8d22d8b100
 from file: /tmp/junit3115234162997115370/junit5551820645703649338/om-meta/om/certs/CA-1437363.crt.
2023-08-04 02:33:30,148 [om-CertificateRenewerService] INFO  security.OMCertificateClient (DefaultCertificateClient.java:readCertificateFile(236)) - Added certificate   [0]         Version: 3
         SerialNumber: 1437363
             IssuerDN: CN=localhost,OU=test,O=cluster
           Start Date: Fri Aug 04 02:33:20 UTC 2023
           Final Date: Fri Aug 04 02:33:40 UTC 2023
            SubjectDN: CN=localhost,OU=test,O=cluster
           Public Key: RSA Public Key [7e:83:16:31:4e:f6:9d:95:b9:a9:52:cd:9d:61:59:3f:04:bd:88:2f],[56:66:d1:a4]
        modulus: ee2d8b1cb328228b234c84c7dbf13a132039a4c81ae54821a210f4407cef53b4adb5a99803566df5d3bac0494e4a2af074d0a39957bf7856f293f5bbbf65456527fdec3984859f72205b8d9c0c6a5ac2d5492e23531ca8c571dd8dfdd98a082710fd373f6f63d193b7934f21d66377a8db17eca198a4eeadd42ba1d384d739cd
public exponent: 10001

  Signature Algorithm: SHA256WITHRSA
            Signature: 51984a8d4be42760ac6dc0824ff6666470301863
                       9592851ceb97f1517ad5539db2bc9e51783ca923
                       d0ca5f85d992000e5d3d9f38f2c24e8442bfb77d
                       17ca77bea3c0e8373ec089398fc23b5806daf522
                       ef2b37cc48a9980a2ceac8e96835c890c8156c7d
                       88196357f347cae813f6e532d49db0416d17ac08
                       78659a8d22d8b100
 from file: /tmp/junit3115234162997115370/junit5551820645703649338/om-meta/om/certs/1437363.crt.
2023-08-04 02:33:30,148 [om-CertificateRenewerService] INFO  security.OMCertificateClient (DefaultCertificateClient.java:renewAndStoreKeyAndCertificate(1142)) - Successful renew key and certificate. New certificate 1448019.
2023-08-04 02:33:30,148 [om-CertificateRenewerService] INFO  security.OMCertificateClient (DefaultCertificateClient.java:updateCertSerialId(1226)) - Certificate serial ID set to 1448019
2023-08-04 02:33:30,149 [om-CertificateRenewerService] INFO  security.OMCertificateClient (DefaultCertificateClient.java:readCertificateFile(236)) - Added certificate   [0]         Version: 3
         SerialNumber: 1448019
             IssuerDN: CN=localhost,OU=test,O=cluster
           Start Date: Fri Aug 04 02:33:21 UTC 2023
           Final Date: Fri Aug 04 02:33:41 UTC 2023
            SubjectDN: CN=localhost,OU=test,O=cluster
           Public Key: RSA Public Key [29:3a:ca:12:c6:65:69:e2:47:09:96:bd:b1:51:f3:0c:a4:e8:23:a2],[56:66:d1:a4]
        modulus: 9844890485bf331a7a2a3c14fd51c8deaa3dd1a70475ea561851b41bc9758536a21e4937a43f6462f1226201cf228981458cca8169ae9aabddbf9f3de6541c1fa265b27e8cc4b19195752e8dc9168bf3866ee2c9eb5a2191ef3478b573073df27570754237426d849a15af0cc4e88d8ea3a7a58f3eefa84ff79b342e2f475a23
public exponent: 10001

  Signature Algorithm: SHA256WITHRSA
            Signature: 7363251dce83d45a1610dd2039657be138ab8afe
                       38f530ffa8be1de55e060ac011fb93bad22836aa
                       03d4da24d65c418cb946bf6a548850a4e928753d
                       ecfcfd39cfaee20b9e66fe1e9489393ed466b43f
                       c3265f18f3173ba00c49a6f28e722d8eaad044a8
                       e2b18aec550a22efe85e3fd45c61c4abdd3509c6
                       4dfe87665ee74b65
 from file: /tmp/junit3115234162997115370/junit5551820645703649338/om-meta/om/certs/1448019.crt.
2023-08-04 02:33:30,151 [om-CertificateRenewerService] INFO  security.OMCertificateClient (DefaultCertificateClient.java:readCertificateFile(236)) - Added certificate   [0]         Version: 3
         SerialNumber: 1448019
             IssuerDN: CN=localhost,OU=test,O=cluster
           Start Date: Fri Aug 04 02:33:21 UTC 2023
           Final Date: Fri Aug 04 02:33:41 UTC 2023
            SubjectDN: CN=localhost,OU=test,O=cluster
           Public Key: RSA Public Key [29:3a:ca:12:c6:65:69:e2:47:09:96:bd:b1:51:f3:0c:a4:e8:23:a2],[56:66:d1:a4]
        modulus: 9844890485bf331a7a2a3c14fd51c8deaa3dd1a70475ea561851b41bc9758536a21e4937a43f6462f1226201cf228981458cca8169ae9aabddbf9f3de6541c1fa265b27e8cc4b19195752e8dc9168bf3866ee2c9eb5a2191ef3478b573073df27570754237426d849a15af0cc4e88d8ea3a7a58f3eefa84ff79b342e2f475a23
public exponent: 10001

  Signature Algorithm: SHA256WITHRSA
            Signature: 7363251dce83d45a1610dd2039657be138ab8afe
                       38f530ffa8be1de55e060ac011fb93bad22836aa
                       03d4da24d65c418cb946bf6a548850a4e928753d
                       ecfcfd39cfaee20b9e66fe1e9489393ed466b43f
                       c3265f18f3173ba00c49a6f28e722d8eaad044a8
                       e2b18aec550a22efe85e3fd45c61c4abdd3509c6
                       4dfe87665ee74b65
 from file: /tmp/junit3115234162997115370/junit5551820645703649338/om-meta/om/certs/CA-1448019.crt.
2023-08-04 02:33:30,151 [om-CertificateRenewerService] INFO  security.OMCertificateClient (DefaultCertificateClient.java:reloadKeyAndCertificate(1212)) - Reset and reloaded key and all certificates for new certificate 1448019.
2023-08-04 02:33:31,136 [Time-limited test] INFO  impl.DefaultInternalKdcServerImpl (DefaultInternalKdcServerImpl.java:doStop(102)) - Default Internal kdc server stopped.
2023-08-04 02:33:32,137 [Time-limited test] INFO  minikdc.MiniKdc (MiniKdc.java:stop(359)) - MiniKdc stopped.
2023-08-04 02:33:32,138 [Time-limited test] INFO  om.OzoneManager (OzoneManager.java:stop(2187)) - om1[fv-az621-180:1202]: Stopping Ozone Manager
2023-08-04 02:33:32,138 [Time-limited test] INFO  ipc.Server (Server.java:stop(3523)) - Stopping server on 1202
2023-08-04 02:33:32,139 [Time-limited test] INFO  ratis.OzoneManagerStateMachine (OzoneManagerStateMachine.java:close(534)) - StateMachine has shutdown. Shutdown OzoneManager if not already shutdown.
2023-08-04 02:33:32,139 [Time-limited test] INFO  ratis.OzoneManagerDoubleBuffer (OzoneManagerDoubleBuffer.java:stopDaemon(551)) - Stopping OMDoubleBuffer flush thread
2023-08-04 02:33:32,139 [OMDoubleBufferFlushThread] INFO  ratis.OzoneManagerDoubleBuffer (OzoneManagerDoubleBuffer.java:canFlush(638)) - OMDoubleBuffer flush thread OMDoubleBufferFlushThread is interrupted and will exit.
2023-08-04 02:33:32,139 [Time-limited test] INFO  om.OzoneManager (OzoneManager.java:stopSecretManager(1063)) - Stopping secret key client.
2023-08-04 02:33:32,139 [Time-limited test] INFO  om.OzoneManager (OzoneManager.java:stopSecretManager(1068)) - Stopping OM delegation token secret manager.
2023-08-04 02:33:32,140 [Time-limited test] INFO  rocksdiff.RocksDBCheckpointDiffer (RocksDBCheckpointDiffer.java:close(340)) - Shutting down CompactionDagPruningService.
2023-08-04 02:33:32,142 [Time-limited test] INFO  snapshot.SnapshotDiffManager (SnapshotDiffManager.java:closeExecutorService(1720)) - Shutting down executorService: 'SnapDiffExecutor'
2023-08-04 02:33:32,142 [Time-limited test] INFO  snapshot.SnapshotDiffManager (SnapshotDiffManager.java:closeExecutorService(1720)) - Shutting down executorService: 'SstDumpToolExecutor'
2023-08-04 02:33:32,142 [Time-limited test] INFO  utils.BackgroundService (BackgroundService.java:shutdown(141)) - Shutting down service SnapshotDiffCleanupService
]]></system-out>
  </testcase>
  <testcase name="testSecureOmInitSuccess" classname="org.apache.hadoop.ozone.TestSecureOzoneCluster" time="5.325">
    <system-out><![CDATA[2023-08-04 02:33:32,185 [Time-limited test] INFO  net.ServerSocketUtil (ServerSocketUtil.java:getPort(55)) - Using port 9860
2023-08-04 02:33:32,186 [Time-limited test] INFO  net.ServerSocketUtil (ServerSocketUtil.java:getPort(55)) - Using port 9861
2023-08-04 02:33:32,187 [Time-limited test] INFO  net.ServerSocketUtil (ServerSocketUtil.java:getPort(55)) - Using port 9863
2023-08-04 02:33:32,187 [Time-limited test] INFO  net.ServerSocketUtil (ServerSocketUtil.java:getPort(55)) - Using port 9961
2023-08-04 02:33:32,187 [Time-limited test] INFO  net.ServerSocketUtil (ServerSocketUtil.java:getPort(55)) - Using port 1200
2023-08-04 02:33:32,187 [Time-limited test] INFO  net.ServerSocketUtil (ServerSocketUtil.java:getPort(55)) - Using port 1201
2023-08-04 02:33:32,188 [Time-limited test] INFO  minikdc.MiniKdc (MiniKdc.java:<init>(225)) - Configuration:
2023-08-04 02:33:32,188 [Time-limited test] INFO  minikdc.MiniKdc (MiniKdc.java:<init>(226)) - ---------------------------------------------------------------
2023-08-04 02:33:32,190 [Time-limited test] INFO  minikdc.MiniKdc (MiniKdc.java:<init>(228)) -   debug: false
2023-08-04 02:33:32,190 [Time-limited test] INFO  minikdc.MiniKdc (MiniKdc.java:<init>(228)) -   transport: TCP
2023-08-04 02:33:32,190 [Time-limited test] INFO  minikdc.MiniKdc (MiniKdc.java:<init>(228)) -   max.ticket.lifetime: 86400000
2023-08-04 02:33:32,190 [Time-limited test] INFO  minikdc.MiniKdc (MiniKdc.java:<init>(228)) -   org.name: EXAMPLE
2023-08-04 02:33:32,190 [Time-limited test] INFO  minikdc.MiniKdc (MiniKdc.java:<init>(228)) -   kdc.port: 0
2023-08-04 02:33:32,190 [Time-limited test] INFO  minikdc.MiniKdc (MiniKdc.java:<init>(228)) -   org.domain: COM
2023-08-04 02:33:32,190 [Time-limited test] INFO  minikdc.MiniKdc (MiniKdc.java:<init>(228)) -   max.renewable.lifetime: 604800000
2023-08-04 02:33:32,190 [Time-limited test] INFO  minikdc.MiniKdc (MiniKdc.java:<init>(228)) -   instance: DefaultKrbServer
2023-08-04 02:33:32,190 [Time-limited test] INFO  minikdc.MiniKdc (MiniKdc.java:<init>(228)) -   kdc.bind.address: localhost
2023-08-04 02:33:32,190 [Time-limited test] INFO  minikdc.MiniKdc (MiniKdc.java:<init>(230)) - ---------------------------------------------------------------
2023-08-04 02:33:32,192 [Time-limited test] INFO  minikdc.MiniKdc (MiniKdc.java:start(285)) - MiniKdc started.
2023-08-04 02:33:32,500 [Time-limited test] INFO  om.OzoneManager (OzoneManager.java:getOmDetailsProto(4555)) - OzoneManager ports added:[name: "RPC"
value: 1202
]
2023-08-04 02:33:32,500 [Time-limited test] WARN  server.ServerUtils (ServerUtils.java:getScmDbDir(155)) - ozone.scm.db.dirs is not configured. We recommend adding this setting. Falling back to ozone.metadata.dirs instead.
2023-08-04 02:33:32,501 [Time-limited test] INFO  ha.HASecurityUtils (HASecurityUtils.java:initializeSecurity(98)) - Initializing secure StorageContainerManager.
2023-08-04 02:33:32,503 [Time-limited test] INFO  client.SCMCertificateClient (DefaultCertificateClient.java:updateCertSerialId(1226)) - Certificate serial ID set to null
2023-08-04 02:33:32,503 [Time-limited test] ERROR client.SCMCertificateClient (DefaultCertificateClient.java:getCertPath(361)) - Default certificate serial id is not set. Can't locate the default certificate for this client.
2023-08-04 02:33:32,503 [Time-limited test] INFO  client.SCMCertificateClient (DefaultCertificateClient.java:init(707)) - Certificate client init case: 0
2023-08-04 02:33:32,503 [Time-limited test] INFO  client.SCMCertificateClient (SCMCertificateClient.java:handleCase(96)) - Creating keypair for client as keypair and certificate not found.
2023-08-04 02:33:32,754 [Time-limited test] INFO  ha.HASecurityUtils (HASecurityUtils.java:initializeSecurity(108)) - Init response: GETCERT
2023-08-04 02:33:33,246 [Time-limited test] INFO  ozone.OzoneSecurityUtil (OzoneSecurityUtil.java:getValidInetsForCurrentHost(119)) - ip:fe80:0:0:0:20d:3aff:fe7a:a89f%eth0 not returned.
2023-08-04 02:33:33,247 [Time-limited test] INFO  ozone.OzoneSecurityUtil (OzoneSecurityUtil.java:getValidInetsForCurrentHost(116)) - Adding ip:10.1.0.9,host:fv-az621-180
2023-08-04 02:33:33,247 [Time-limited test] INFO  ozone.OzoneSecurityUtil (OzoneSecurityUtil.java:getValidInetsForCurrentHost(119)) - ip:0:0:0:0:0:0:0:1%lo not returned.
2023-08-04 02:33:33,247 [Time-limited test] INFO  ozone.OzoneSecurityUtil (OzoneSecurityUtil.java:getValidInetsForCurrentHost(119)) - ip:127.0.0.1 not returned.
2023-08-04 02:33:33,247 [Time-limited test] ERROR utils.SelfSignedCertificate (SelfSignedCertificate.java:lambda$addInetAddresses$0(244)) - Invalid domain fv-az621-180
2023-08-04 02:33:33,250 [Time-limited test] INFO  utils.SelfSignedCertificate (SelfSignedCertificate.java:generateCertificate(157)) - Certificate 1 is issued by CN=scm-1@fv-az621-180,OU=76e6d2f6-c374-4caa-82a1-a9968570d479,O=30e7bb23-980f-40bc-ac5c-5b6a3013d8e4 to CN=scm-1@fv-az621-180,OU=76e6d2f6-c374-4caa-82a1-a9968570d479,O=30e7bb23-980f-40bc-ac5c-5b6a3013d8e4, valid from Fri Aug 04 02:33:33 UTC 2023 to Mon Sep 11 02:33:33 UTC 2028
2023-08-04 02:33:33,251 [Time-limited test] INFO  utils.CertificateCodec (CertificateCodec.java:writeCertificate(299)) - Save certificate to /tmp/junit947650724109348666/junit5727613724193248867/scm-meta/scm/ca/certs/certificate.crt
2023-08-04 02:33:33,251 [Time-limited test] INFO  utils.CertificateCodec (CertificateCodec.java:writeCertificate(300)) - Certificate -----BEGIN CERTIFICATE-----
MIIDpTCCAo2gAwIBAgIBATANBgkqhkiG9w0BAQsFADB7MRswGQYDVQQDDBJzY20t
MUBmdi1hejYyMS0xODAxLTArBgNVBAsMJDc2ZTZkMmY2LWMzNzQtNGNhYS04MmEx
LWE5OTY4NTcwZDQ3OTEtMCsGA1UECgwkMzBlN2JiMjMtOTgwZi00MGJjLWFjNWMt
NWI2YTMwMTNkOGU0MB4XDTIzMDgwNDAyMzMzM1oXDTI4MDkxMTAyMzMzM1owezEb
MBkGA1UEAwwSc2NtLTFAZnYtYXo2MjEtMTgwMS0wKwYDVQQLDCQ3NmU2ZDJmNi1j
Mzc0LTRjYWEtODJhMS1hOTk2ODU3MGQ0NzkxLTArBgNVBAoMJDMwZTdiYjIzLTk4
MGYtNDBiYy1hYzVjLTViNmEzMDEzZDhlNDCCASIwDQYJKoZIhvcNAQEBBQADggEP
ADCCAQoCggEBALcSqYvE3OlELgk7eT1Pz+YsUjW2DP8k/oGnmCH3g1cSPvO6nU1+
lQbcZNFSg5HET+3SxnX+F9QCNdUpJRIW6YQFGZoMx7bCQGxQIBeLYszN1OFeEziS
mzeTFhQ0OivungV1f2eamwtPH2nnWyE1XfBsZxKQ+6Q5MnOkv8ws7BqADec6DNze
uJLMpaTxxdPSSErDs3Qrcexzq+NKII0WDGFirlMgbDhtNJR+lMRbqRsIdibt3pji
Z5/Gt8w615LBnRIG4Qw0vYlRB9kVmUlWwzdp43Jwv9bIA4jHuLqsxR9cZ7fvJr+E
IfbvW/iIYD1O+zDr+yRIKZN7if61ThQPD5ECAwEAAaM0MDIwDwYDVR0TAQH/BAUw
AwEB/zAOBgNVHQ8BAf8EBAMCAQYwDwYDVR0RBAgwBocECgEACTANBgkqhkiG9w0B
AQsFAAOCAQEAJAT7SUM8oAGzZpbgvqsTxLCiaZQ8NdS4iBuz3I0HnXbnL2voIFVb
DhxSxLNPINHQh8ywDafCDfD6JSx/9xQldRuGTYW89xncyJOuYfb9NZrUmfy9FQca
lkqYI1n/46v6/uQrAL8seYZKNvPVqa2FSWiQTuC1vLO14hFSCmFTqefYd+WW38xI
TNuzC/R/aixCtSkfc6SR2gdWVRPg85G+N9uYTGnx085V5N14ACyOy1L2OnB6m6BX
nYZvfMNrSdK50ZiIQQ+uVi+Hi7F93ORrDYVc/uVYiDw3HsKtsXRqO3f0UJLH0Vik
ldKwsSv5DJQFIV6fiuMy8yaE8QOeH14pUA==
-----END CERTIFICATE-----

2023-08-04 02:33:33,252 [Time-limited test] INFO  client.SCMCertificateClient (SCMCertificateClient.java:getCSRBuilder(158)) - Creating csr for SCM->hostName:fv-az621-180,scmId:76e6d2f6-c374-4caa-82a1-a9968570d479,clusterId:30e7bb23-980f-40bc-ac5c-5b6a3013d8e4,subject:scm-sub-1460149745843@fv-az621-180
2023-08-04 02:33:33,252 [Time-limited test] INFO  ozone.OzoneSecurityUtil (OzoneSecurityUtil.java:getValidInetsForCurrentHost(119)) - ip:fe80:0:0:0:20d:3aff:fe7a:a89f%eth0 not returned.
2023-08-04 02:33:33,252 [Time-limited test] INFO  ozone.OzoneSecurityUtil (OzoneSecurityUtil.java:getValidInetsForCurrentHost(116)) - Adding ip:10.1.0.9,host:fv-az621-180
2023-08-04 02:33:33,252 [Time-limited test] INFO  ozone.OzoneSecurityUtil (OzoneSecurityUtil.java:getValidInetsForCurrentHost(119)) - ip:0:0:0:0:0:0:0:1%lo not returned.
2023-08-04 02:33:33,252 [Time-limited test] INFO  ozone.OzoneSecurityUtil (OzoneSecurityUtil.java:getValidInetsForCurrentHost(119)) - ip:127.0.0.1 not returned.
2023-08-04 02:33:33,253 [Time-limited test] ERROR utils.CertificateSignRequest (CertificateSignRequest.java:lambda$addInetAddresses$0(295)) - Invalid domain fv-az621-180
2023-08-04 02:33:33,253 [Time-limited test] INFO  ha.HASecurityUtils (HASecurityUtils.java:generateCSR(308)) - Creating csr for SCM->hostName:fv-az621-180,scmId:76e6d2f6-c374-4caa-82a1-a9968570d479,clusterId:30e7bb23-980f-40bc-ac5c-5b6a3013d8e4,subject:scm-sub-1460150470952@fv-az621-180
2023-08-04 02:33:33,257 [Time-limited test] INFO  authority.DefaultApprover (DefaultApprover.java:sign(154)) - Extensions in CSR: 2.5.29.19, 2.5.29.15, 2.5.29.17
2023-08-04 02:33:33,257 [Time-limited test] INFO  authority.DefaultApprover (DefaultApprover.java:sign(158)) - Extensions to add to the certificate if they present in CSR: 2.5.29.17, 2.5.29.19, 1.3.6.1.5.5.7.1.12, 2.5.29.35, 2.5.29.37, 2.5.29.15
2023-08-04 02:33:33,261 [Time-limited test] INFO  utils.CertificateCodec (CertificateCodec.java:writeCertificate(299)) - Save certificate to /tmp/junit947650724109348666/junit5727613724193248867/scm-meta/scm/sub-ca/certs/CA-1.crt
2023-08-04 02:33:33,261 [Time-limited test] INFO  utils.CertificateCodec (CertificateCodec.java:writeCertificate(300)) - Certificate -----BEGIN CERTIFICATE-----
MIIDpTCCAo2gAwIBAgIBATANBgkqhkiG9w0BAQsFADB7MRswGQYDVQQDDBJzY20t
MUBmdi1hejYyMS0xODAxLTArBgNVBAsMJDc2ZTZkMmY2LWMzNzQtNGNhYS04MmEx
LWE5OTY4NTcwZDQ3OTEtMCsGA1UECgwkMzBlN2JiMjMtOTgwZi00MGJjLWFjNWMt
NWI2YTMwMTNkOGU0MB4XDTIzMDgwNDAyMzMzM1oXDTI4MDkxMTAyMzMzM1owezEb
MBkGA1UEAwwSc2NtLTFAZnYtYXo2MjEtMTgwMS0wKwYDVQQLDCQ3NmU2ZDJmNi1j
Mzc0LTRjYWEtODJhMS1hOTk2ODU3MGQ0NzkxLTArBgNVBAoMJDMwZTdiYjIzLTk4
MGYtNDBiYy1hYzVjLTViNmEzMDEzZDhlNDCCASIwDQYJKoZIhvcNAQEBBQADggEP
ADCCAQoCggEBALcSqYvE3OlELgk7eT1Pz+YsUjW2DP8k/oGnmCH3g1cSPvO6nU1+
lQbcZNFSg5HET+3SxnX+F9QCNdUpJRIW6YQFGZoMx7bCQGxQIBeLYszN1OFeEziS
mzeTFhQ0OivungV1f2eamwtPH2nnWyE1XfBsZxKQ+6Q5MnOkv8ws7BqADec6DNze
uJLMpaTxxdPSSErDs3Qrcexzq+NKII0WDGFirlMgbDhtNJR+lMRbqRsIdibt3pji
Z5/Gt8w615LBnRIG4Qw0vYlRB9kVmUlWwzdp43Jwv9bIA4jHuLqsxR9cZ7fvJr+E
IfbvW/iIYD1O+zDr+yRIKZN7if61ThQPD5ECAwEAAaM0MDIwDwYDVR0TAQH/BAUw
AwEB/zAOBgNVHQ8BAf8EBAMCAQYwDwYDVR0RBAgwBocECgEACTANBgkqhkiG9w0B
AQsFAAOCAQEAJAT7SUM8oAGzZpbgvqsTxLCiaZQ8NdS4iBuz3I0HnXbnL2voIFVb
DhxSxLNPINHQh8ywDafCDfD6JSx/9xQldRuGTYW89xncyJOuYfb9NZrUmfy9FQca
lkqYI1n/46v6/uQrAL8seYZKNvPVqa2FSWiQTuC1vLO14hFSCmFTqefYd+WW38xI
TNuzC/R/aixCtSkfc6SR2gdWVRPg85G+N9uYTGnx085V5N14ACyOy1L2OnB6m6BX
nYZvfMNrSdK50ZiIQQ+uVi+Hi7F93ORrDYVc/uVYiDw3HsKtsXRqO3f0UJLH0Vik
ldKwsSv5DJQFIV6fiuMy8yaE8QOeH14pUA==
-----END CERTIFICATE-----

2023-08-04 02:33:33,262 [Time-limited test] INFO  utils.CertificateCodec (CertificateCodec.java:writeCertificate(299)) - Save certificate to /tmp/junit947650724109348666/junit5727613724193248867/scm-meta/scm/sub-ca/certs/1460154153602.crt
2023-08-04 02:33:33,262 [Time-limited test] INFO  utils.CertificateCodec (CertificateCodec.java:writeCertificate(300)) - Certificate -----BEGIN CERTIFICATE-----
MIIDuzCCAqOgAwIBAgIGAVP3+DqCMA0GCSqGSIb3DQEBCwUAMHsxGzAZBgNVBAMM
EnNjbS0xQGZ2LWF6NjIxLTE4MDEtMCsGA1UECwwkNzZlNmQyZjYtYzM3NC00Y2Fh
LTgyYTEtYTk5Njg1NzBkNDc5MS0wKwYDVQQKDCQzMGU3YmIyMy05ODBmLTQwYmMt
YWM1Yy01YjZhMzAxM2Q4ZTQwHhcNMjMwODA0MDIzMzMzWhcNMjgwOTExMDIzMzMz
WjCBizErMCkGA1UEAwwic2NtLXN1Yi0xNDYwMTUwNDcwOTUyQGZ2LWF6NjIxLTE4
MDEtMCsGA1UECwwkNzZlNmQyZjYtYzM3NC00Y2FhLTgyYTEtYTk5Njg1NzBkNDc5
MS0wKwYDVQQKDCQzMGU3YmIyMy05ODBmLTQwYmMtYWM1Yy01YjZhMzAxM2Q4ZTQw
ggEiMA0GCSqGSIb3DQEBAQUAA4IBDwAwggEKAoIBAQD1vs1Rv4yvMQxs/dFwaMck
flg84hyje0QBXkSiSk8ZcskTDpW0D8UfD1GY9Rkod2Po1bpwA0HxYKPUkzUwKCet
k1uE9tEtCZQKxpBDO9uv6sg4V/aYvL1gH2XZ32Ywk53cyWZv98Oflr8QpodvNjQF
UBVGEb50Y+SoDGz7+v7or+W46PP67ceAt0BKwjUUlBfHA1QK6ZjsEaF6yrz1dN7t
WccX6SJm9laMqBj2gCGOUidrxT2tH2Rwz3A5eMl2w8rJ/g9Teg6qzJ+j2rSyxNEH
+9lR50oLTf1mS8q8ihvSDgseu57+BmE3Z7Io8DkjCTkko92pdcDcrqLotM1YKWa/
AgMBAAGjNDAyMA8GA1UdEQQIMAaHBAoBAAkwDwYDVR0TAQH/BAUwAwEB/zAOBgNV
HQ8BAf8EBAMCAb4wDQYJKoZIhvcNAQELBQADggEBAIBoJpc22cj8M23HrSM4yRkE
2d6eYaCzYAW74sfdBROo5fltMEihl2jFlImk62//rtd/pJX2U2XaxtkbYFC4DtC7
BAOCGApMHo2X6JO5Hc6gNlDxAcJDT/z1dv27Xk8ZeRYZ4AT8YM5Mkb6Cm4NlGUjD
mHlab1fnAEl375Q77zXWjbWmDNvubuO94g6dOrcFMWy321qe6UFIrmu6m+H7CWLf
sOcNXsmvAIJZSUvgOwgeatZeFONL4p2YlQei/YcacyZni+PAvpdVVI8/q22tqIJj
NTxw5BsMAeJVDh2re2ChXuZInCAIQlFJ7FvRvDcoDzuoTV8hmI9mX1Or9mPXsOU=
-----END CERTIFICATE-----

-----BEGIN CERTIFICATE-----
MIIDpTCCAo2gAwIBAgIBATANBgkqhkiG9w0BAQsFADB7MRswGQYDVQQDDBJzY20t
MUBmdi1hejYyMS0xODAxLTArBgNVBAsMJDc2ZTZkMmY2LWMzNzQtNGNhYS04MmEx
LWE5OTY4NTcwZDQ3OTEtMCsGA1UECgwkMzBlN2JiMjMtOTgwZi00MGJjLWFjNWMt
NWI2YTMwMTNkOGU0MB4XDTIzMDgwNDAyMzMzM1oXDTI4MDkxMTAyMzMzM1owezEb
MBkGA1UEAwwSc2NtLTFAZnYtYXo2MjEtMTgwMS0wKwYDVQQLDCQ3NmU2ZDJmNi1j
Mzc0LTRjYWEtODJhMS1hOTk2ODU3MGQ0NzkxLTArBgNVBAoMJDMwZTdiYjIzLTk4
MGYtNDBiYy1hYzVjLTViNmEzMDEzZDhlNDCCASIwDQYJKoZIhvcNAQEBBQADggEP
ADCCAQoCggEBALcSqYvE3OlELgk7eT1Pz+YsUjW2DP8k/oGnmCH3g1cSPvO6nU1+
lQbcZNFSg5HET+3SxnX+F9QCNdUpJRIW6YQFGZoMx7bCQGxQIBeLYszN1OFeEziS
mzeTFhQ0OivungV1f2eamwtPH2nnWyE1XfBsZxKQ+6Q5MnOkv8ws7BqADec6DNze
uJLMpaTxxdPSSErDs3Qrcexzq+NKII0WDGFirlMgbDhtNJR+lMRbqRsIdibt3pji
Z5/Gt8w615LBnRIG4Qw0vYlRB9kVmUlWwzdp43Jwv9bIA4jHuLqsxR9cZ7fvJr+E
IfbvW/iIYD1O+zDr+yRIKZN7if61ThQPD5ECAwEAAaM0MDIwDwYDVR0TAQH/BAUw
AwEB/zAOBgNVHQ8BAf8EBAMCAQYwDwYDVR0RBAgwBocECgEACTANBgkqhkiG9w0B
AQsFAAOCAQEAJAT7SUM8oAGzZpbgvqsTxLCiaZQ8NdS4iBuz3I0HnXbnL2voIFVb
DhxSxLNPINHQh8ywDafCDfD6JSx/9xQldRuGTYW89xncyJOuYfb9NZrUmfy9FQca
lkqYI1n/46v6/uQrAL8seYZKNvPVqa2FSWiQTuC1vLO14hFSCmFTqefYd+WW38xI
TNuzC/R/aixCtSkfc6SR2gdWVRPg85G+N9uYTGnx085V5N14ACyOy1L2OnB6m6BX
nYZvfMNrSdK50ZiIQQ+uVi+Hi7F93ORrDYVc/uVYiDw3HsKtsXRqO3f0UJLH0Vik
ldKwsSv5DJQFIV6fiuMy8yaE8QOeH14pUA==
-----END CERTIFICATE-----

2023-08-04 02:33:33,263 [Time-limited test] INFO  utils.CertificateCodec (CertificateCodec.java:writeCertificate(299)) - Save certificate to /tmp/junit947650724109348666/junit5727613724193248867/scm-meta/scm/sub-ca/certs/certificate.crt
2023-08-04 02:33:33,263 [Time-limited test] INFO  utils.CertificateCodec (CertificateCodec.java:writeCertificate(300)) - Certificate -----BEGIN CERTIFICATE-----
MIIDuzCCAqOgAwIBAgIGAVP3+DqCMA0GCSqGSIb3DQEBCwUAMHsxGzAZBgNVBAMM
EnNjbS0xQGZ2LWF6NjIxLTE4MDEtMCsGA1UECwwkNzZlNmQyZjYtYzM3NC00Y2Fh
LTgyYTEtYTk5Njg1NzBkNDc5MS0wKwYDVQQKDCQzMGU3YmIyMy05ODBmLTQwYmMt
YWM1Yy01YjZhMzAxM2Q4ZTQwHhcNMjMwODA0MDIzMzMzWhcNMjgwOTExMDIzMzMz
WjCBizErMCkGA1UEAwwic2NtLXN1Yi0xNDYwMTUwNDcwOTUyQGZ2LWF6NjIxLTE4
MDEtMCsGA1UECwwkNzZlNmQyZjYtYzM3NC00Y2FhLTgyYTEtYTk5Njg1NzBkNDc5
MS0wKwYDVQQKDCQzMGU3YmIyMy05ODBmLTQwYmMtYWM1Yy01YjZhMzAxM2Q4ZTQw
ggEiMA0GCSqGSIb3DQEBAQUAA4IBDwAwggEKAoIBAQD1vs1Rv4yvMQxs/dFwaMck
flg84hyje0QBXkSiSk8ZcskTDpW0D8UfD1GY9Rkod2Po1bpwA0HxYKPUkzUwKCet
k1uE9tEtCZQKxpBDO9uv6sg4V/aYvL1gH2XZ32Ywk53cyWZv98Oflr8QpodvNjQF
UBVGEb50Y+SoDGz7+v7or+W46PP67ceAt0BKwjUUlBfHA1QK6ZjsEaF6yrz1dN7t
WccX6SJm9laMqBj2gCGOUidrxT2tH2Rwz3A5eMl2w8rJ/g9Teg6qzJ+j2rSyxNEH
+9lR50oLTf1mS8q8ihvSDgseu57+BmE3Z7Io8DkjCTkko92pdcDcrqLotM1YKWa/
AgMBAAGjNDAyMA8GA1UdEQQIMAaHBAoBAAkwDwYDVR0TAQH/BAUwAwEB/zAOBgNV
HQ8BAf8EBAMCAb4wDQYJKoZIhvcNAQELBQADggEBAIBoJpc22cj8M23HrSM4yRkE
2d6eYaCzYAW74sfdBROo5fltMEihl2jFlImk62//rtd/pJX2U2XaxtkbYFC4DtC7
BAOCGApMHo2X6JO5Hc6gNlDxAcJDT/z1dv27Xk8ZeRYZ4AT8YM5Mkb6Cm4NlGUjD
mHlab1fnAEl375Q77zXWjbWmDNvubuO94g6dOrcFMWy321qe6UFIrmu6m+H7CWLf
sOcNXsmvAIJZSUvgOwgeatZeFONL4p2YlQei/YcacyZni+PAvpdVVI8/q22tqIJj
NTxw5BsMAeJVDh2re2ChXuZInCAIQlFJ7FvRvDcoDzuoTV8hmI9mX1Or9mPXsOU=
-----END CERTIFICATE-----

-----BEGIN CERTIFICATE-----
MIIDpTCCAo2gAwIBAgIBATANBgkqhkiG9w0BAQsFADB7MRswGQYDVQQDDBJzY20t
MUBmdi1hejYyMS0xODAxLTArBgNVBAsMJDc2ZTZkMmY2LWMzNzQtNGNhYS04MmEx
LWE5OTY4NTcwZDQ3OTEtMCsGA1UECgwkMzBlN2JiMjMtOTgwZi00MGJjLWFjNWMt
NWI2YTMwMTNkOGU0MB4XDTIzMDgwNDAyMzMzM1oXDTI4MDkxMTAyMzMzM1owezEb
MBkGA1UEAwwSc2NtLTFAZnYtYXo2MjEtMTgwMS0wKwYDVQQLDCQ3NmU2ZDJmNi1j
Mzc0LTRjYWEtODJhMS1hOTk2ODU3MGQ0NzkxLTArBgNVBAoMJDMwZTdiYjIzLTk4
MGYtNDBiYy1hYzVjLTViNmEzMDEzZDhlNDCCASIwDQYJKoZIhvcNAQEBBQADggEP
ADCCAQoCggEBALcSqYvE3OlELgk7eT1Pz+YsUjW2DP8k/oGnmCH3g1cSPvO6nU1+
lQbcZNFSg5HET+3SxnX+F9QCNdUpJRIW6YQFGZoMx7bCQGxQIBeLYszN1OFeEziS
mzeTFhQ0OivungV1f2eamwtPH2nnWyE1XfBsZxKQ+6Q5MnOkv8ws7BqADec6DNze
uJLMpaTxxdPSSErDs3Qrcexzq+NKII0WDGFirlMgbDhtNJR+lMRbqRsIdibt3pji
Z5/Gt8w615LBnRIG4Qw0vYlRB9kVmUlWwzdp43Jwv9bIA4jHuLqsxR9cZ7fvJr+E
IfbvW/iIYD1O+zDr+yRIKZN7if61ThQPD5ECAwEAAaM0MDIwDwYDVR0TAQH/BAUw
AwEB/zAOBgNVHQ8BAf8EBAMCAQYwDwYDVR0RBAgwBocECgEACTANBgkqhkiG9w0B
AQsFAAOCAQEAJAT7SUM8oAGzZpbgvqsTxLCiaZQ8NdS4iBuz3I0HnXbnL2voIFVb
DhxSxLNPINHQh8ywDafCDfD6JSx/9xQldRuGTYW89xncyJOuYfb9NZrUmfy9FQca
lkqYI1n/46v6/uQrAL8seYZKNvPVqa2FSWiQTuC1vLO14hFSCmFTqefYd+WW38xI
TNuzC/R/aixCtSkfc6SR2gdWVRPg85G+N9uYTGnx085V5N14ACyOy1L2OnB6m6BX
nYZvfMNrSdK50ZiIQQ+uVi+Hi7F93ORrDYVc/uVYiDw3HsKtsXRqO3f0UJLH0Vik
ldKwsSv5DJQFIV6fiuMy8yaE8QOeH14pUA==
-----END CERTIFICATE-----

2023-08-04 02:33:33,263 [Time-limited test] INFO  ha.HASecurityUtils (HASecurityUtils.java:initializeSecurity(121)) - Successfully stored SCM signed certificate.
2023-08-04 02:33:33,266 [Time-limited test] WARN  server.ServerUtils (ServerUtils.java:getScmDbDir(155)) - ozone.scm.db.dirs is not configured. We recommend adding this setting. Falling back to ozone.metadata.dirs instead.
2023-08-04 02:33:33,266 [Time-limited test] INFO  ha.SCMHANodeDetails (SCMHANodeDetails.java:loadSCMHAConfig(210)) - ServiceID for StorageContainerManager is null
2023-08-04 02:33:33,266 [Time-limited test] INFO  ha.SCMHANodeDetails (SCMHANodeDetails.java:loadSCMHAConfig(215)) - ozone.scm.default.service.id is not defined, falling back to ozone.scm.service.ids to find serviceID for StorageContainerManager if it is HA enabled cluster
2023-08-04 02:33:33,276 [pool-199-thread-1] INFO  request.KdcRequest (KdcRequest.java:preauth(651)) - The preauth data is empty.
2023-08-04 02:33:33,277 [pool-199-thread-1] INFO  server.KdcHandler (KdcHandler.java:handleRecoverableException(177)) - KRB error occurred while processing request:Additional pre-authentication required
2023-08-04 02:33:33,286 [pool-199-thread-2] INFO  request.AsRequest (AsRequest.java:issueTicket(112)) - AS_REQ ISSUE: authtime 1691116413286,scm/fv-az621-180@EXAMPLE.COM for krbtgt/EXAMPLE.COM@EXAMPLE.COM
2023-08-04 02:33:33,289 [Time-limited test] INFO  security.UserGroupInformation (UserGroupInformation.java:loginUserFromKeytab(1132)) - Login successful for user scm/fv-az621-180@EXAMPLE.COM using keytab file scm.keytab. Keytab auto renewal enabled : false
2023-08-04 02:33:33,289 [Time-limited test] INFO  server.StorageContainerManager (StorageContainerManager.java:loginAsSCMUserIfSecurityEnabled(1050)) - SCM login successful.
2023-08-04 02:33:33,290 [Time-limited test] INFO  client.SCMCertificateClient (DefaultCertificateClient.java:updateCertSerialId(1226)) - Certificate serial ID set to 1460154153602
2023-08-04 02:33:33,292 [Time-limited test] INFO  client.SCMCertificateClient (DefaultCertificateClient.java:readCertificateFile(236)) - Added certificate   [0]         Version: 3
         SerialNumber: 1460154153602
             IssuerDN: CN=scm-1@fv-az621-180,OU=76e6d2f6-c374-4caa-82a1-a9968570d479,O=30e7bb23-980f-40bc-ac5c-5b6a3013d8e4
           Start Date: Fri Aug 04 02:33:33 UTC 2023
           Final Date: Mon Sep 11 02:33:33 UTC 2028
            SubjectDN: CN=scm-sub-1460150470952@fv-az621-180,OU=76e6d2f6-c374-4caa-82a1-a9968570d479,O=30e7bb23-980f-40bc-ac5c-5b6a3013d8e4
           Public Key: RSA Public Key [8d:7d:ec:73:47:c1:7e:9e:52:2f:80:2e:f9:52:2c:2a:f7:e0:4a:c1],[56:66:d1:a4]
        modulus: f5becd51bf8caf310c6cfdd17068c7247e583ce21ca37b44015e44a24a4f1972c9130e95b40fc51f0f5198f519287763e8d5ba700341f160a3d49335302827ad935b84f6d12d09940ac690433bdbafeac83857f698bcbd601f65d9df6630939ddcc9666ff7c39f96bf10a6876f36340550154611be7463e4a80c6cfbfafee8afe5b8e8f3faedc780b7404ac235149417c703540ae998ec11a17acabcf574deed59c717e92266f6568ca818f680218e52276bc53dad1f6470cf703978c976c3cac9fe0f537a0eaacc9fa3dab4b2c4d107fbd951e74a0b4dfd664bcabc8a1bd20e0b1ebb9efe06613767b228f03923093924a3dda975c0dcaea2e8b4cd582966bf
public exponent: 10001

  Signature Algorithm: SHA256WITHRSA
            Signature: 8068269736d9c8fc336dc7ad2338c91904d9de9e
                       61a0b36005bbe2c7dd0513a8e5f96d3048a19768
                       c59489a4eb6fffaed77fa495f65365dac6d91b60
                       50b80ed0bb040382180a4c1e8d97e893b91dcea0
                       3650f101c2434ffcf576fdbb5e4f19791619e004
                       fc60ce4c91be829b83651948c398795a6f57e700
                       4977ef943bef35d68db5a60cdbee6ee3bde20e9d
                       3ab705316cb7db5a9ee94148ae6bba9be1fb0962
                       dfb0e70d5ec9af008259494be03b081e6ad65e14
                       e34be29d989507a2fd871a7326678be3c0be9755
                       548f3fab6dada88263353c70e41b0c01e2550e1d
                       ab7b60a15ee6489c2008425149ec5bd1bc37280f
                       3ba84d5f21988f665f53abf663d7b0e5
       Extensions: 
                       critical(false) 2.5.29.17 value = Sequence
    Tagged [7] IMPLICIT 
        DER Octet String[4] 

                       critical(true) BasicConstraints: isCa(true)
                       critical(true) KeyUsage: 0xbe
 from file: /tmp/junit947650724109348666/junit5727613724193248867/scm-meta/scm/sub-ca/certs/1460154153602.crt.
2023-08-04 02:33:33,293 [Time-limited test] INFO  client.SCMCertificateClient (DefaultCertificateClient.java:readCertificateFile(236)) - Added certificate   [0]         Version: 3
         SerialNumber: 1
             IssuerDN: CN=scm-1@fv-az621-180,OU=76e6d2f6-c374-4caa-82a1-a9968570d479,O=30e7bb23-980f-40bc-ac5c-5b6a3013d8e4
           Start Date: Fri Aug 04 02:33:33 UTC 2023
           Final Date: Mon Sep 11 02:33:33 UTC 2028
            SubjectDN: CN=scm-1@fv-az621-180,OU=76e6d2f6-c374-4caa-82a1-a9968570d479,O=30e7bb23-980f-40bc-ac5c-5b6a3013d8e4
           Public Key: RSA Public Key [08:9f:45:60:07:b0:42:f0:7e:fa:f6:79:da:e4:b9:f4:ed:de:03:e7],[56:66:d1:a4]
        modulus: b712a98bc4dce9442e093b793d4fcfe62c5235b60cff24fe81a79821f78357123ef3ba9d4d7e9506dc64d1528391c44fedd2c675fe17d40235d529251216e98405199a0cc7b6c2406c5020178b62cccdd4e15e1338929b37931614343a2bee9e05757f679a9b0b4f1f69e75b21355df06c671290fba4393273a4bfcc2cec1a800de73a0cdcdeb892cca5a4f1c5d3d2484ac3b3742b71ec73abe34a208d160c6162ae53206c386d34947e94c45ba91b087626edde98e2679fc6b7cc3ad792c19d1206e10c34bd895107d915994956c33769e37270bfd6c80388c7b8baacc51f5c67b7ef26bf8421f6ef5bf888603d4efb30ebfb244829937b89feb54e140f0f91
public exponent: 10001

  Signature Algorithm: SHA256WITHRSA
            Signature: 2404fb49433ca001b36696e0beab13c4b0a26994
                       3c35d4b8881bb3dc8d079d76e72f6be820555b0e
                       1c52c4b34f20d1d087ccb00da7c20df0fa252c7f
                       f71425751b864d85bcf719dcc893ae61f6fd359a
                       d499fcbd15071a964a982359ffe3abfafee42b00
                       bf2c79864a36f3d5a9ad854968904ee0b5bcb3b5
                       e211520a6153a9e7d877e596dfcc484cdbb30bf4
                       7f6a2c42b5291f73a491da07565513e0f391be37
                       db984c69f1d3ce55e4dd78002c8ecb52f63a707a
                       9ba0579d866f7cc36b49d2b9d19888410fae562f
                       878bb17ddce46b0d855cfee558883c371ec2adb1
                       746a3b77f45092c7d158a495d2b0b12bf90c9405
                       215e9f8ae332f32684f1039e1f5e2950
       Extensions: 
                       critical(true) BasicConstraints: isCa(true)
                       critical(true) KeyUsage: 0x6
                       critical(false) 2.5.29.17 value = Sequence
    Tagged [7] IMPLICIT 
        DER Octet String[4] 

 from file: /tmp/junit947650724109348666/junit5727613724193248867/scm-meta/scm/sub-ca/certs/CA-1.crt.
2023-08-04 02:33:33,295 [Time-limited test] INFO  client.SCMCertificateClient (DefaultCertificateClient.java:readCertificateFile(236)) - Added certificate   [0]         Version: 3
         SerialNumber: 1460154153602
             IssuerDN: CN=scm-1@fv-az621-180,OU=76e6d2f6-c374-4caa-82a1-a9968570d479,O=30e7bb23-980f-40bc-ac5c-5b6a3013d8e4
           Start Date: Fri Aug 04 02:33:33 UTC 2023
           Final Date: Mon Sep 11 02:33:33 UTC 2028
            SubjectDN: CN=scm-sub-1460150470952@fv-az621-180,OU=76e6d2f6-c374-4caa-82a1-a9968570d479,O=30e7bb23-980f-40bc-ac5c-5b6a3013d8e4
           Public Key: RSA Public Key [8d:7d:ec:73:47:c1:7e:9e:52:2f:80:2e:f9:52:2c:2a:f7:e0:4a:c1],[56:66:d1:a4]
        modulus: f5becd51bf8caf310c6cfdd17068c7247e583ce21ca37b44015e44a24a4f1972c9130e95b40fc51f0f5198f519287763e8d5ba700341f160a3d49335302827ad935b84f6d12d09940ac690433bdbafeac83857f698bcbd601f65d9df6630939ddcc9666ff7c39f96bf10a6876f36340550154611be7463e4a80c6cfbfafee8afe5b8e8f3faedc780b7404ac235149417c703540ae998ec11a17acabcf574deed59c717e92266f6568ca818f680218e52276bc53dad1f6470cf703978c976c3cac9fe0f537a0eaacc9fa3dab4b2c4d107fbd951e74a0b4dfd664bcabc8a1bd20e0b1ebb9efe06613767b228f03923093924a3dda975c0dcaea2e8b4cd582966bf
public exponent: 10001

  Signature Algorithm: SHA256WITHRSA
            Signature: 8068269736d9c8fc336dc7ad2338c91904d9de9e
                       61a0b36005bbe2c7dd0513a8e5f96d3048a19768
                       c59489a4eb6fffaed77fa495f65365dac6d91b60
                       50b80ed0bb040382180a4c1e8d97e893b91dcea0
                       3650f101c2434ffcf576fdbb5e4f19791619e004
                       fc60ce4c91be829b83651948c398795a6f57e700
                       4977ef943bef35d68db5a60cdbee6ee3bde20e9d
                       3ab705316cb7db5a9ee94148ae6bba9be1fb0962
                       dfb0e70d5ec9af008259494be03b081e6ad65e14
                       e34be29d989507a2fd871a7326678be3c0be9755
                       548f3fab6dada88263353c70e41b0c01e2550e1d
                       ab7b60a15ee6489c2008425149ec5bd1bc37280f
                       3ba84d5f21988f665f53abf663d7b0e5
       Extensions: 
                       critical(false) 2.5.29.17 value = Sequence
    Tagged [7] IMPLICIT 
        DER Octet String[4] 

                       critical(true) BasicConstraints: isCa(true)
                       critical(true) KeyUsage: 0xbe
 from file: /tmp/junit947650724109348666/junit5727613724193248867/scm-meta/scm/sub-ca/certs/certificate.crt.
2023-08-04 02:33:33,295 [Time-limited test] INFO  client.SCMCertificateClient (DefaultCertificateClient.java:loadAllCertificates(190)) - CertificateRenewerService and root ca rotation polling is disabled for scm/sub-ca
2023-08-04 02:33:33,295 [Time-limited test] WARN  utils.HAUtils (HAUtils.java:getMetaDir(339)) - ozone.scm.db.dirs is not configured. We recommend adding this setting. Falling back to ozone.metadata.dirs instead.
2023-08-04 02:33:33,295 [Time-limited test] WARN  db.DBStoreBuilder (DBStoreBuilder.java:applyDBDefinition(166)) - ozone.scm.db.dirs is not configured. We recommend adding this setting. Falling back to ozone.metadata.dirs instead.
2023-08-04 02:33:33,405 [Time-limited test] INFO  net.NodeSchemaLoader (NodeSchemaLoader.java:loadSchemaFromFile(129)) - Loading schema from [jar:file:/home/runner/.m2/repository/org/apache/ozone/hdds-common/1.4.0-SNAPSHOT/hdds-common-1.4.0-SNAPSHOT.jar!/network-topology-default.xml]
2023-08-04 02:33:33,406 [Time-limited test] INFO  net.NodeSchemaLoader (NodeSchemaLoader.java:loadSchema(176)) - Loading network topology layer schema file
2023-08-04 02:33:33,410 [Time-limited test] INFO  upgrade.AbstractLayoutVersionManager (AbstractLayoutVersionManager.java:init(83)) - Initializing Layout version manager with metadata layout = HADOOP_PRC_PORTS_IN_DATANODEDETAILS (version = 7), software layout = HADOOP_PRC_PORTS_IN_DATANODEDETAILS (version = 7)
2023-08-04 02:33:33,413 [Time-limited test] INFO  ha.SequenceIdGenerator (SequenceIdGenerator.java:upgradeToSequenceId(365)) - upgrade localId to 111677748019200000
2023-08-04 02:33:33,415 [Time-limited test] INFO  ha.SequenceIdGenerator (SequenceIdGenerator.java:upgradeToSequenceId(375)) - upgrade delTxnId to 0
2023-08-04 02:33:33,415 [Time-limited test] INFO  ha.SequenceIdGenerator (SequenceIdGenerator.java:upgradeToSequenceId(392)) - upgrade containerId to 0
2023-08-04 02:33:33,416 [Time-limited test] INFO  ha.SequenceIdGenerator (SequenceIdGenerator.java:upgradeToSequenceId(428)) - upgrade rootCertificateId to 1
2023-08-04 02:33:33,416 [Time-limited test] INFO  ha.SequenceIdGenerator (SequenceIdGenerator.java:<init>(236)) - Init the HA SequenceIdGenerator.
2023-08-04 02:33:33,417 [Time-limited test] INFO  node.SCMNodeManager (SCMNodeManager.java:<init>(157)) - Entering startup safe mode.
2023-08-04 02:33:33,419 [Time-limited test] INFO  algorithms.ContainerPlacementPolicyFactory (ContainerPlacementPolicyFactory.java:getPolicyInternal(86)) - Create container placement policy of type org.apache.hadoop.hdds.scm.container.placement.algorithms.SCMContainerPlacementRackAware
2023-08-04 02:33:33,419 [Time-limited test] INFO  algorithms.ContainerPlacementPolicyFactory (ContainerPlacementPolicyFactory.java:getPolicyInternal(86)) - Create container placement policy of type org.apache.hadoop.hdds.scm.container.placement.algorithms.SCMContainerPlacementRackScatter
2023-08-04 02:33:33,419 [Time-limited test] INFO  pipeline.PipelineStateManagerImpl (PipelineStateManagerImpl.java:initialize(78)) - No pipeline exists in current db
2023-08-04 02:33:33,419 [Time-limited test] INFO  algorithms.LeaderChoosePolicyFactory (LeaderChoosePolicyFactory.java:getPolicy(57)) - Create leader choose policy of type org.apache.hadoop.hdds.scm.pipeline.leader.choose.algorithms.MinLeaderCountChoosePolicy
2023-08-04 02:33:33,419 [Time-limited test] INFO  algorithms.ContainerPlacementPolicyFactory (ContainerPlacementPolicyFactory.java:getPolicyInternal(86)) - Create container placement policy of type org.apache.hadoop.hdds.scm.container.placement.algorithms.SCMContainerPlacementRackScatter
2023-08-04 02:33:33,420 [Time-limited test] INFO  ha.SCMServiceManager (SCMServiceManager.java:register(42)) - Registering service BackgroundPipelineCreator.
2023-08-04 02:33:33,420 [Time-limited test] INFO  pipeline.BackgroundPipelineCreator (BackgroundPipelineCreator.java:start(124)) - Starting RatisPipelineUtilsThread.
2023-08-04 02:33:33,421 [Time-limited test] INFO  BackgroundPipelineScrubber (BackgroundSCMService.java:start(68)) - Starting BackgroundPipelineScrubber Service.
2023-08-04 02:33:33,425 [Time-limited test] INFO  ha.SCMServiceManager (SCMServiceManager.java:register(42)) - Registering service BackgroundPipelineScrubber.
2023-08-04 02:33:33,425 [Time-limited test] INFO  ExpiredContainerReplicaOpScrubber (BackgroundSCMService.java:start(68)) - Starting ExpiredContainerReplicaOpScrubber Service.
2023-08-04 02:33:33,425 [Time-limited test] INFO  ha.SCMServiceManager (SCMServiceManager.java:register(42)) - Registering service ExpiredContainerReplicaOpScrubber.
2023-08-04 02:33:33,427 [Time-limited test] INFO  algorithms.PipelineChoosePolicyFactory (PipelineChoosePolicyFactory.java:createPipelineChoosePolicyFromClass(78)) - Create pipeline choose policy of type org.apache.hadoop.hdds.scm.pipeline.choose.algorithms.RandomPipelineChoosePolicy
2023-08-04 02:33:33,427 [Time-limited test] INFO  algorithms.PipelineChoosePolicyFactory (PipelineChoosePolicyFactory.java:createPipelineChoosePolicyFromClass(78)) - Create pipeline choose policy of type org.apache.hadoop.hdds.scm.pipeline.choose.algorithms.RandomPipelineChoosePolicy
2023-08-04 02:33:33,427 [Time-limited test] WARN  util.MBeans (MBeans.java:register(111)) - Failed to register MBean "Hadoop:service=BlockManager,name=BlockManagerImpl-2"
javax.management.NotCompliantMBeanException: MBean class org.apache.hadoop.hdds.scm.block.BlockManagerImpl does not implement DynamicMBean, and neither follows the Standard MBean conventions (javax.management.NotCompliantMBeanException: Class org.apache.hadoop.hdds.scm.block.BlockManagerImpl is not a JMX compliant Standard MBean) nor the MXBean conventions (javax.management.NotCompliantMBeanException: org.apache.hadoop.hdds.scm.block.BlockManagerImpl: Class org.apache.hadoop.hdds.scm.block.BlockManagerImpl is not a JMX compliant MXBean)
	at com.sun.jmx.mbeanserver.Introspector.checkCompliance(Introspector.java:176)
	at com.sun.jmx.interceptor.DefaultMBeanServerInterceptor.registerMBean(DefaultMBeanServerInterceptor.java:317)
	at com.sun.jmx.mbeanserver.JmxMBeanServer.registerMBean(JmxMBeanServer.java:522)
	at org.apache.hadoop.metrics2.util.MBeans.register(MBeans.java:100)
	at org.apache.hadoop.metrics2.util.MBeans.register(MBeans.java:73)
	at org.apache.hadoop.hdds.scm.block.BlockManagerImpl.<init>(BlockManagerImpl.java:94)
	at org.apache.hadoop.hdds.scm.server.StorageContainerManager.initializeSystemManagers(StorageContainerManager.java:786)
	at org.apache.hadoop.hdds.scm.server.StorageContainerManager.<init>(StorageContainerManager.java:400)
	at org.apache.hadoop.hdds.scm.server.StorageContainerManager.createSCM(StorageContainerManager.java:597)
	at org.apache.hadoop.hdds.scm.HddsTestUtils.getScmSimple(HddsTestUtils.java:604)
	at org.apache.hadoop.hdds.scm.HddsTestUtils.getScmSimple(HddsTestUtils.java:589)
	at org.apache.hadoop.ozone.TestSecureOzoneCluster.testSecureOmInitSuccess(TestSecureOzoneCluster.java:865)
	at sun.reflect.NativeMethodAccessorImpl.invoke0(Native Method)
	at sun.reflect.NativeMethodAccessorImpl.invoke(NativeMethodAccessorImpl.java:62)
	at sun.reflect.DelegatingMethodAccessorImpl.invoke(DelegatingMethodAccessorImpl.java:43)
	at java.lang.reflect.Method.invoke(Method.java:498)
	at org.junit.runners.model.FrameworkMethod$1.runReflectiveCall(FrameworkMethod.java:59)
	at org.junit.internal.runners.model.ReflectiveCallable.run(ReflectiveCallable.java:12)
	at org.junit.runners.model.FrameworkMethod.invokeExplosively(FrameworkMethod.java:56)
	at org.junit.internal.runners.statements.InvokeMethod.evaluate(InvokeMethod.java:17)
	at org.junit.internal.runners.statements.RunBefores.evaluate(RunBefores.java:26)
	at org.junit.internal.runners.statements.RunAfters.evaluate(RunAfters.java:27)
	at org.junit.rules.ExternalResource$1.evaluate(ExternalResource.java:54)
	at org.junit.internal.runners.statements.FailOnTimeout$CallableStatement.call(FailOnTimeout.java:288)
	at org.junit.internal.runners.statements.FailOnTimeout$CallableStatement.call(FailOnTimeout.java:282)
	at java.util.concurrent.FutureTask.run(FutureTask.java:266)
	at java.lang.Thread.run(Thread.java:750)
2023-08-04 02:33:33,429 [Time-limited test] INFO  ha.SCMServiceManager (SCMServiceManager.java:register(42)) - Registering service SCMBlockDeletingService.
2023-08-04 02:33:33,431 [Time-limited test] INFO  replication.ReplicationManager (ReplicationManager.java:start(287)) - Starting Replication Monitor Thread.
2023-08-04 02:33:33,433 [ReplicationMonitor] INFO  replication.ReplicationManager (ReplicationManager.java:processAll(361)) - Replication Manager is not ready to run until 300000ms after safemode exit
2023-08-04 02:33:33,433 [Time-limited test] INFO  ha.SCMServiceManager (SCMServiceManager.java:register(42)) - Registering service ReplicationManager.
2023-08-04 02:33:33,438 [Time-limited test] INFO  safemode.ContainerSafeModeRule (ContainerSafeModeRule.java:<init>(89)) - containers with one replica threshold count 0
2023-08-04 02:33:33,439 [Time-limited test] INFO  safemode.HealthyPipelineSafeModeRule (HealthyPipelineSafeModeRule.java:initializeRule(169)) - Total pipeline count is 0, healthy pipeline threshold count is 0
2023-08-04 02:33:33,439 [Time-limited test] INFO  safemode.OneReplicaPipelineSafeModeRule (OneReplicaPipelineSafeModeRule.java:initializeRule(180)) - Total pipeline count is 0, pipeline's with at least one datanode reported threshold count is 0
2023-08-04 02:33:33,441 [Time-limited test] INFO  authority.DefaultCAServer (DefaultCAServer.java:lambda$processVerificationStatus$0(472)) - CertificateServer validation is successful
2023-08-04 02:33:33,442 [Time-limited test] INFO  authority.DefaultCAServer (DefaultCAServer.java:lambda$processVerificationStatus$0(472)) - CertificateServer validation is successful
2023-08-04 02:33:33,442 [Time-limited test] INFO  server.StorageContainerManager (StorageContainerManager.java:persistPrimarySCMCerts(931)) - Storing sub-ca certificate serialId 1460154153602 on primary SCM
2023-08-04 02:33:33,444 [Time-limited test] INFO  server.SCMCertStore (SCMCertStore.java:storeValidScmCertificate(121)) - Scm certificate 1460154153602 for CN=scm-sub-1460150470952@fv-az621-180,OU=76e6d2f6-c374-4caa-82a1-a9968570d479,O=30e7bb23-980f-40bc-ac5c-5b6a3013d8e4 is stored
2023-08-04 02:33:33,444 [Time-limited test] INFO  server.StorageContainerManager (StorageContainerManager.java:persistPrimarySCMCerts(939)) - Storing root certificate serialId 1
2023-08-04 02:33:33,445 [Time-limited test] INFO  server.SCMCertStore (SCMCertStore.java:storeValidScmCertificate(121)) - Scm certificate 1 for CN=scm-1@fv-az621-180,OU=76e6d2f6-c374-4caa-82a1-a9968570d479,O=30e7bb23-980f-40bc-ac5c-5b6a3013d8e4 is stored
2023-08-04 02:33:33,445 [Time-limited test] INFO  ipc.CallQueueManager (CallQueueManager.java:<init>(90)) - Using callQueue: class java.util.concurrent.LinkedBlockingQueue, queueCapacity: 200, scheduler: class org.apache.hadoop.ipc.DefaultRpcScheduler, ipcBackoff: false.
2023-08-04 02:33:33,446 [Time-limited test] INFO  ipc.Server (Server.java:<init>(1287)) - Listener at 0.0.0.0:9961
2023-08-04 02:33:33,453 [Socket Reader #1 for port 9961] INFO  ipc.Server (Server.java:run(1323)) - Starting Socket Reader #1 for port 9961
2023-08-04 02:33:33,459 [Time-limited test] INFO  server.StorageContainerManager (StorageContainerManager.java:<init>(424)) - SCM start with adminUsers: [om/fv-az621-180@EXAMPLE.COM, scm]
2023-08-04 02:33:33,459 [Time-limited test] INFO  ipc.CallQueueManager (CallQueueManager.java:<init>(90)) - Using callQueue: class java.util.concurrent.LinkedBlockingQueue, queueCapacity: 10000, scheduler: class org.apache.hadoop.ipc.DefaultRpcScheduler, ipcBackoff: false.
2023-08-04 02:33:33,459 [Time-limited test] INFO  ipc.Server (Server.java:<init>(1287)) - Listener at 0.0.0.0:9861
2023-08-04 02:33:33,460 [Socket Reader #1 for port 9861] INFO  ipc.Server (Server.java:run(1323)) - Starting Socket Reader #1 for port 9861
2023-08-04 02:33:33,461 [Time-limited test] INFO  ipc.CallQueueManager (CallQueueManager.java:<init>(90)) - Using callQueue: class java.util.concurrent.LinkedBlockingQueue, queueCapacity: 10000, scheduler: class org.apache.hadoop.ipc.DefaultRpcScheduler, ipcBackoff: false.
2023-08-04 02:33:33,462 [Time-limited test] INFO  ipc.Server (Server.java:<init>(1287)) - Listener at 0.0.0.0:9863
2023-08-04 02:33:33,462 [Socket Reader #1 for port 9863] INFO  ipc.Server (Server.java:run(1323)) - Starting Socket Reader #1 for port 9863
2023-08-04 02:33:33,473 [Time-limited test] INFO  ipc.CallQueueManager (CallQueueManager.java:<init>(90)) - Using callQueue: class java.util.concurrent.LinkedBlockingQueue, queueCapacity: 10000, scheduler: class org.apache.hadoop.ipc.DefaultRpcScheduler, ipcBackoff: false.
2023-08-04 02:33:33,473 [Time-limited test] INFO  ipc.Server (Server.java:<init>(1287)) - Listener at 0.0.0.0:9860
2023-08-04 02:33:33,476 [Socket Reader #1 for port 9860] INFO  ipc.Server (Server.java:run(1323)) - Starting Socket Reader #1 for port 9860
2023-08-04 02:33:33,494 [Time-limited test] INFO  ha.SCMServiceManager (SCMServiceManager.java:register(42)) - Registering service ContainerBalancer.
2023-08-04 02:33:33,495 [Time-limited test] INFO  server.StorageContainerManager (StorageContainerManager.java:<init>(437)) - 
Container Balancer status:
Key                            Value
Running                        false
Container Balancer Configuration values:
Key                                                Value
Threshold                                          10
Max Datanodes to Involve per Iteration(percent)    20
Max Size to Move per Iteration                     500GB
Max Size Entering Target per Iteration             26GB
Max Size Leaving Source per Iteration              26GB

2023-08-04 02:33:33,495 [Time-limited test] INFO  ha.SCMContext (SCMContext.java:updateSafeModeStatus(228)) - Update SafeModeStatus from SafeModeStatus{safeModeStatus=true, preCheckPassed=false} to SafeModeStatus{safeModeStatus=true, preCheckPassed=false}.
2023-08-04 02:33:33,496 [Time-limited test] INFO  server.StorageContainerManager (StorageContainerManager.java:start(1491)) - StorageContainerLocationProtocol RPC server is listening at /0.0.0.0:9860
2023-08-04 02:33:33,496 [Time-limited test] INFO  impl.MetricsSystemImpl (MetricsSystemImpl.java:init(158)) - StorageContainerManager metrics system started (again)
2023-08-04 02:33:33,517 [Time-limited test] INFO  server.SCMClientProtocolServer (SCMClientProtocolServer.java:start(200)) - RPC server for Client  is listening at /0.0.0.0:9860
2023-08-04 02:33:33,517 [IPC Server Responder] INFO  ipc.Server (Server.java:run(1562)) - IPC Server Responder: starting
2023-08-04 02:33:33,518 [IPC Server listener on 9860] INFO  ipc.Server (Server.java:run(1402)) - IPC Server listener on 9860: starting
2023-08-04 02:33:33,578 [Time-limited test] INFO  server.StorageContainerManager (StorageContainerManager.java:start(1504)) - ScmBlockLocationProtocol RPC server is listening at /0.0.0.0:9863
2023-08-04 02:33:33,578 [Time-limited test] INFO  server.SCMBlockProtocolServer (SCMBlockProtocolServer.java:start(152)) - RPC server for Block Protocol is listening at /0.0.0.0:9863
2023-08-04 02:33:33,579 [IPC Server listener on 9863] INFO  ipc.Server (Server.java:run(1402)) - IPC Server listener on 9863: starting
2023-08-04 02:33:33,579 [IPC Server Responder] INFO  ipc.Server (Server.java:run(1562)) - IPC Server Responder: starting
2023-08-04 02:33:33,591 [Time-limited test] INFO  server.SCMDatanodeProtocolServer (SCMDatanodeProtocolServer.java:start(193)) - ScmDatanodeProtocol RPC server for DataNodes is listening at /0.0.0.0:9861
2023-08-04 02:33:33,592 [IPC Server Responder] INFO  ipc.Server (Server.java:run(1562)) - IPC Server Responder: starting
2023-08-04 02:33:33,592 [IPC Server listener on 9861] INFO  ipc.Server (Server.java:run(1402)) - IPC Server listener on 9861: starting
2023-08-04 02:33:33,600 [Time-limited test] INFO  server.SCMSecurityProtocolServer (SCMSecurityProtocolServer.java:start(544)) - Starting RPC server for SCMSecurityProtocolServer. is listening at /0.0.0.0:9961
2023-08-04 02:33:33,604 [IPC Server Responder] INFO  ipc.Server (Server.java:run(1562)) - IPC Server Responder: starting
2023-08-04 02:33:33,604 [IPC Server listener on 9961] INFO  ipc.Server (Server.java:run(1402)) - IPC Server listener on 9961: starting
2023-08-04 02:33:33,605 [Time-limited test] INFO  server.SCMUpdateServiceGrpcServer (SCMUpdateServiceGrpcServer.java:start(58)) - SCMUpdateService starting
2023-08-04 02:33:33,611 [JvmPauseMonitor3] INFO  util.JvmPauseMonitor (JvmPauseMonitor.java:run(103)) - JvmPauseMonitor-76e6d2f6-c374-4caa-82a1-a9968570d479: Started
2023-08-04 02:33:33,612 [Time-limited test] INFO  http.BaseHttpServer (BaseHttpServer.java:newHttpServer2BuilderForOzone(224)) - Starting Web-server for scm at: http://0.0.0.0:9876
2023-08-04 02:33:33,613 [Time-limited test] INFO  http.BaseHttpServer (BaseHttpServer.java:<init>(111)) - Hadoop Security Enabled: true Ozone Security Enabled: true Ozone HTTP Security Enabled: false 
2023-08-04 02:33:33,614 [Time-limited test] WARN  server.AuthenticationFilter (AuthenticationFilter.java:constructSecretProvider(240)) - Unable to initialize FileSignerSecretProvider, falling back to use random secrets. Reason: Could not read signature secret file: /home/runner/hadoop-http-auth-signature-secret
2023-08-04 02:33:33,617 [Time-limited test] INFO  http.HttpRequestLog (HttpRequestLog.java:getRequestLog(86)) - Http request log for http.requests.scm is not defined
2023-08-04 02:33:33,620 [Time-limited test] INFO  http.HttpServer2 (HttpServer2.java:addGlobalFilter(1031)) - Added global filter 'safety' (class=org.apache.hadoop.hdds.server.http.HttpServer2$QuotingInputFilter)
2023-08-04 02:33:33,620 [Time-limited test] INFO  http.HttpServer2 (HttpServer2.java:addFilter(1007)) - Added filter static_user_filter (class=org.apache.hadoop.http.lib.StaticUserWebFilter$StaticUserFilter) to context scm
2023-08-04 02:33:33,621 [Time-limited test] INFO  http.HttpServer2 (HttpServer2.java:addFilter(1015)) - Added filter static_user_filter (class=org.apache.hadoop.http.lib.StaticUserWebFilter$StaticUserFilter) to context logs
2023-08-04 02:33:33,621 [Time-limited test] INFO  http.HttpServer2 (HttpServer2.java:addFilter(1015)) - Added filter static_user_filter (class=org.apache.hadoop.http.lib.StaticUserWebFilter$StaticUserFilter) to context static
2023-08-04 02:33:33,622 [Time-limited test] INFO  http.BaseHttpServer (BaseHttpServer.java:<init>(190)) - HTTP server of scm uses base directory /tmp/junit947650724109348666/junit5727613724193248867/scm-meta/webserver
2023-08-04 02:33:33,622 [Time-limited test] INFO  http.HttpServer2 (HttpServer2.java:bindListener(1250)) - Jetty bound to port 9876
2023-08-04 02:33:33,622 [Time-limited test] INFO  server.Server (Server.java:doStart(375)) - jetty-9.4.51.v20230217; built: 2023-02-17T08:19:37.309Z; git: b45c405e4544384de066f814ed42ae3dceacdd49; jvm 1.8.0_372-b07
2023-08-04 02:33:33,628 [Time-limited test] INFO  server.session (DefaultSessionIdManager.java:doStart(334)) - DefaultSessionIdManager workerName=node0
2023-08-04 02:33:33,628 [Time-limited test] INFO  server.session (DefaultSessionIdManager.java:doStart(339)) - No SessionScavenger set, using defaults
2023-08-04 02:33:33,628 [Time-limited test] INFO  server.session (HouseKeeper.java:startScavenging(132)) - node0 Scavenging every 660000ms
2023-08-04 02:33:33,631 [Time-limited test] INFO  handler.ContextHandler (ContextHandler.java:doStart(921)) - Started o.e.j.s.ServletContextHandler@3f94b416{logs,/logs,file:///home/runner/work/ozone/ozone/hadoop-ozone/integration-test/target/log,AVAILABLE}
2023-08-04 02:33:33,631 [Time-limited test] INFO  handler.ContextHandler (ContextHandler.java:doStart(921)) - Started o.e.j.s.ServletContextHandler@1635c85a{static,/static,file:///home/runner/work/ozone/ozone/hadoop-ozone/integration-test/target/test-classes/webapps/static,AVAILABLE}
2023-08-04 02:33:33,635 [Time-limited test] INFO  handler.ContextHandler (ContextHandler.java:doStart(921)) - Started o.e.j.w.WebAppContext@2b8a4bbc{scm,/,file:///home/runner/work/ozone/ozone/hadoop-ozone/integration-test/target/test-classes/webapps/scm/,AVAILABLE}{file:/home/runner/work/ozone/ozone/hadoop-ozone/integration-test/target/test-classes/webapps/scm}
2023-08-04 02:33:33,636 [Time-limited test] INFO  server.AbstractConnector (AbstractConnector.java:doStart(333)) - Started ServerConnector@91cef91{HTTP/1.1, (http/1.1)}{0.0.0.0:9876}
2023-08-04 02:33:33,637 [Time-limited test] INFO  server.Server (Server.java:doStart(415)) - Started @54815ms
2023-08-04 02:33:33,637 [Time-limited test] WARN  impl.MetricsSystemImpl (MetricsSystemImpl.java:register(279)) - Sink prometheus already exists!
2023-08-04 02:33:33,637 [Time-limited test] INFO  http.BaseHttpServer (BaseHttpServer.java:updateConnectorAddress(344)) - HTTP server of scm listening at http://0.0.0.0:9876
2023-08-04 02:33:33,638 [Time-limited test] WARN  server.ServerUtils (ServerUtils.java:getDBPath(311)) - ozone.om.db.dirs is not configured. We recommend adding this setting. Falling back to ozone.metadata.dirs instead.
2023-08-04 02:33:33,638 [Time-limited test] INFO  om.OzoneManager (OzoneManager.java:initializeSecurity(1382)) - Initializing secure OzoneManager.
2023-08-04 02:33:33,638 [Time-limited test] INFO  om.OzoneManager (OzoneManager.java:getOmDetailsProto(4555)) - OzoneManager ports added:[name: "RPC"
value: 1202
]
2023-08-04 02:33:33,639 [Time-limited test] INFO  security.OMCertificateClient (DefaultCertificateClient.java:updateCertSerialId(1226)) - Certificate serial ID set to null
2023-08-04 02:33:33,640 [Time-limited test] ERROR security.OMCertificateClient (DefaultCertificateClient.java:getCertPath(361)) - Default certificate serial id is not set. Can't locate the default certificate for this client.
2023-08-04 02:33:33,640 [Time-limited test] INFO  security.OMCertificateClient (DefaultCertificateClient.java:init(707)) - Certificate client init case: 0
2023-08-04 02:33:33,640 [Time-limited test] INFO  security.OMCertificateClient (CommonCertificateClient.java:handleCase(73)) - Creating keypair for client as keypair and certificate not found.
2023-08-04 02:33:33,728 [Time-limited test] INFO  om.OzoneManager (OzoneManager.java:initializeSecurity(1395)) - Init response: GETCERT
2023-08-04 02:33:33,728 [Time-limited test] INFO  ozone.OzoneSecurityUtil (OzoneSecurityUtil.java:getValidInetsForCurrentHost(119)) - ip:fe80:0:0:0:20d:3aff:fe7a:a89f%eth0 not returned.
2023-08-04 02:33:33,728 [Time-limited test] INFO  ozone.OzoneSecurityUtil (OzoneSecurityUtil.java:getValidInetsForCurrentHost(116)) - Adding ip:10.1.0.9,host:fv-az621-180
2023-08-04 02:33:33,728 [Time-limited test] INFO  ozone.OzoneSecurityUtil (OzoneSecurityUtil.java:getValidInetsForCurrentHost(119)) - ip:0:0:0:0:0:0:0:1%lo not returned.
2023-08-04 02:33:33,729 [Time-limited test] INFO  ozone.OzoneSecurityUtil (OzoneSecurityUtil.java:getValidInetsForCurrentHost(119)) - ip:127.0.0.1 not returned.
2023-08-04 02:33:33,729 [Time-limited test] ERROR utils.CertificateSignRequest (CertificateSignRequest.java:lambda$addInetAddresses$0(295)) - Invalid domain fv-az621-180
2023-08-04 02:33:33,729 [Time-limited test] INFO  security.OMCertificateClient (OMCertificateClient.java:getCSRBuilder(114)) - Creating csr for OM->dns:fv-az621-180,ip:10.1.0.9,scmId:76e6d2f6-c374-4caa-82a1-a9968570d479,clusterId:30e7bb23-980f-40bc-ac5c-5b6a3013d8e4,subject:fv-az621-180
2023-08-04 02:33:33,742 [pool-199-thread-2] INFO  request.TgsRequest (TgsRequest.java:issueTicket(115)) - TGS_REQ ISSUE: authtime 1691116413741,scm/fv-az621-180 for scm/fv-az621-180@EXAMPLE.COM
2023-08-04 02:33:33,754 [Socket Reader #1 for port 9961] INFO  ipc.Server (Server.java:saslProcess(2139)) - Auth successful for scm/fv-az621-180@EXAMPLE.COM (auth:KERBEROS) from fv-az621-180:42471 / 10.1.0.9:42471
2023-08-04 02:33:33,770 [IPC Server handler 0 on default port 9961] INFO  server.SCMSecurityProtocolServer (SCMSecurityProtocolServer.java:getOMCertificate(289)) - Processing CSR for om fv-az621-180, UUID: d61d2ffb-21ae-40f3-8e15-203b0da74f54
2023-08-04 02:33:33,773 [IPC Server handler 0 on default port 9961] INFO  authority.DefaultApprover (DefaultApprover.java:sign(154)) - Extensions in CSR: 2.5.29.15, 2.5.29.17
2023-08-04 02:33:33,774 [IPC Server handler 0 on default port 9961] INFO  authority.DefaultApprover (DefaultApprover.java:sign(158)) - Extensions to add to the certificate if they present in CSR: 2.5.29.17, 2.5.29.19, 1.3.6.1.5.5.7.1.12, 2.5.29.35, 2.5.29.37, 2.5.29.15
2023-08-04 02:33:33,794 [Time-limited test] INFO  utils.CertificateCodec (CertificateCodec.java:writeCertificate(299)) - Save certificate to /tmp/junit947650724109348666/junit5727613724193248867/scm-meta/om/certs/1460670897219.crt
2023-08-04 02:33:33,794 [Time-limited test] INFO  utils.CertificateCodec (CertificateCodec.java:writeCertificate(300)) - Certificate -----BEGIN CERTIFICATE-----
MIIDpDCCAoygAwIBAgIGAVQWxRxDMA0GCSqGSIb3DQEBCwUAMIGLMSswKQYDVQQD
DCJzY20tc3ViLTE0NjAxNTA0NzA5NTJAZnYtYXo2MjEtMTgwMS0wKwYDVQQLDCQ3
NmU2ZDJmNi1jMzc0LTRjYWEtODJhMS1hOTk2ODU3MGQ0NzkxLTArBgNVBAoMJDMw
ZTdiYjIzLTk4MGYtNDBiYy1hYzVjLTViNmEzMDEzZDhlNDAeFw0yMzA4MDQwMjMz
MzNaFw0yNDA4MDMwMjMzMzNaMHUxFTATBgNVBAMMDGZ2LWF6NjIxLTE4MDEtMCsG
A1UECwwkNzZlNmQyZjYtYzM3NC00Y2FhLTgyYTEtYTk5Njg1NzBkNDc5MS0wKwYD
VQQKDCQzMGU3YmIyMy05ODBmLTQwYmMtYWM1Yy01YjZhMzAxM2Q4ZTQwggEiMA0G
CSqGSIb3DQEBAQUAA4IBDwAwggEKAoIBAQCmt8Z+FNDVJcWnvAQFSVZj7fhQ578z
Dya9LCc6LrQVeU/FcU8GDoN2Yq8zIFmUrGnZo6JKwUnQdanLaYcqZbbqgTAnIsEI
qp8ByH/Ds17wzc8K8He7/gtlOsnArCIfYDinRhCpD+YXSxGd1rb/Lj9SRSGIPM3m
1N4TO7y+GV18Xjr6BQW3FntW148Sg3inj+7R5awJtLbe4s9TPaiabw0glbFD51nJ
x77fnTD+omWG3TnKFhvaTeulIUzFuynqvQLdpMJLVmrmNYEmh4V+2AItyox+lARI
rBzMaRNFpFNKw/79p5sa/itBt9vOsfWQ8qQRTo+SPQzIt/EudMCAUIQbAgMBAAGj
IzAhMA8GA1UdEQQIMAaHBAoBAAkwDgYDVR0PAQH/BAQDAgO4MA0GCSqGSIb3DQEB
CwUAA4IBAQDhiVLsWVMLpp+ivTpcTEnDP+FS3kVPt9gRHbmQqYmkW29nA/mpin68
gEl+TCP1V5ZzxC2n6nXk2abU598AJs3Yk99wPNZv1a+Oc+M6vp7TX7jIYmtR8KJL
Dlncsb46MJbdUBsQs8H+JT/o8n5s5mKv/alAEcBjKyHXyDXIDBLzaAo0ey8wKqQj
P1/ePAZacM9bM/RtCT7w05NyeSwKu9zVpNXgYekfkGZBN/dVM4ZODur6NlH9eOy3
RPzL5Ot5d/71pdZnUUvuAJf8WlMx8wiAryE5NvQUsgcKk2vkNuX/b8mhsPPlVugI
kK/9rIlmI3LuhTFJMI1ev0YVqYgJ8GoY
-----END CERTIFICATE-----

-----BEGIN CERTIFICATE-----
MIIDuzCCAqOgAwIBAgIGAVP3+DqCMA0GCSqGSIb3DQEBCwUAMHsxGzAZBgNVBAMM
EnNjbS0xQGZ2LWF6NjIxLTE4MDEtMCsGA1UECwwkNzZlNmQyZjYtYzM3NC00Y2Fh
LTgyYTEtYTk5Njg1NzBkNDc5MS0wKwYDVQQKDCQzMGU3YmIyMy05ODBmLTQwYmMt
YWM1Yy01YjZhMzAxM2Q4ZTQwHhcNMjMwODA0MDIzMzMzWhcNMjgwOTExMDIzMzMz
WjCBizErMCkGA1UEAwwic2NtLXN1Yi0xNDYwMTUwNDcwOTUyQGZ2LWF6NjIxLTE4
MDEtMCsGA1UECwwkNzZlNmQyZjYtYzM3NC00Y2FhLTgyYTEtYTk5Njg1NzBkNDc5
MS0wKwYDVQQKDCQzMGU3YmIyMy05ODBmLTQwYmMtYWM1Yy01YjZhMzAxM2Q4ZTQw
ggEiMA0GCSqGSIb3DQEBAQUAA4IBDwAwggEKAoIBAQD1vs1Rv4yvMQxs/dFwaMck
flg84hyje0QBXkSiSk8ZcskTDpW0D8UfD1GY9Rkod2Po1bpwA0HxYKPUkzUwKCet
k1uE9tEtCZQKxpBDO9uv6sg4V/aYvL1gH2XZ32Ywk53cyWZv98Oflr8QpodvNjQF
UBVGEb50Y+SoDGz7+v7or+W46PP67ceAt0BKwjUUlBfHA1QK6ZjsEaF6yrz1dN7t
WccX6SJm9laMqBj2gCGOUidrxT2tH2Rwz3A5eMl2w8rJ/g9Teg6qzJ+j2rSyxNEH
+9lR50oLTf1mS8q8ihvSDgseu57+BmE3Z7Io8DkjCTkko92pdcDcrqLotM1YKWa/
AgMBAAGjNDAyMA8GA1UdEQQIMAaHBAoBAAkwDwYDVR0TAQH/BAUwAwEB/zAOBgNV
HQ8BAf8EBAMCAb4wDQYJKoZIhvcNAQELBQADggEBAIBoJpc22cj8M23HrSM4yRkE
2d6eYaCzYAW74sfdBROo5fltMEihl2jFlImk62//rtd/pJX2U2XaxtkbYFC4DtC7
BAOCGApMHo2X6JO5Hc6gNlDxAcJDT/z1dv27Xk8ZeRYZ4AT8YM5Mkb6Cm4NlGUjD
mHlab1fnAEl375Q77zXWjbWmDNvubuO94g6dOrcFMWy321qe6UFIrmu6m+H7CWLf
sOcNXsmvAIJZSUvgOwgeatZeFONL4p2YlQei/YcacyZni+PAvpdVVI8/q22tqIJj
NTxw5BsMAeJVDh2re2ChXuZInCAIQlFJ7FvRvDcoDzuoTV8hmI9mX1Or9mPXsOU=
-----END CERTIFICATE-----

-----BEGIN CERTIFICATE-----
MIIDpTCCAo2gAwIBAgIBATANBgkqhkiG9w0BAQsFADB7MRswGQYDVQQDDBJzY20t
MUBmdi1hejYyMS0xODAxLTArBgNVBAsMJDc2ZTZkMmY2LWMzNzQtNGNhYS04MmEx
LWE5OTY4NTcwZDQ3OTEtMCsGA1UECgwkMzBlN2JiMjMtOTgwZi00MGJjLWFjNWMt
NWI2YTMwMTNkOGU0MB4XDTIzMDgwNDAyMzMzM1oXDTI4MDkxMTAyMzMzM1owezEb
MBkGA1UEAwwSc2NtLTFAZnYtYXo2MjEtMTgwMS0wKwYDVQQLDCQ3NmU2ZDJmNi1j
Mzc0LTRjYWEtODJhMS1hOTk2ODU3MGQ0NzkxLTArBgNVBAoMJDMwZTdiYjIzLTk4
MGYtNDBiYy1hYzVjLTViNmEzMDEzZDhlNDCCASIwDQYJKoZIhvcNAQEBBQADggEP
ADCCAQoCggEBALcSqYvE3OlELgk7eT1Pz+YsUjW2DP8k/oGnmCH3g1cSPvO6nU1+
lQbcZNFSg5HET+3SxnX+F9QCNdUpJRIW6YQFGZoMx7bCQGxQIBeLYszN1OFeEziS
mzeTFhQ0OivungV1f2eamwtPH2nnWyE1XfBsZxKQ+6Q5MnOkv8ws7BqADec6DNze
uJLMpaTxxdPSSErDs3Qrcexzq+NKII0WDGFirlMgbDhtNJR+lMRbqRsIdibt3pji
Z5/Gt8w615LBnRIG4Qw0vYlRB9kVmUlWwzdp43Jwv9bIA4jHuLqsxR9cZ7fvJr+E
IfbvW/iIYD1O+zDr+yRIKZN7if61ThQPD5ECAwEAAaM0MDIwDwYDVR0TAQH/BAUw
AwEB/zAOBgNVHQ8BAf8EBAMCAQYwDwYDVR0RBAgwBocECgEACTANBgkqhkiG9w0B
AQsFAAOCAQEAJAT7SUM8oAGzZpbgvqsTxLCiaZQ8NdS4iBuz3I0HnXbnL2voIFVb
DhxSxLNPINHQh8ywDafCDfD6JSx/9xQldRuGTYW89xncyJOuYfb9NZrUmfy9FQca
lkqYI1n/46v6/uQrAL8seYZKNvPVqa2FSWiQTuC1vLO14hFSCmFTqefYd+WW38xI
TNuzC/R/aixCtSkfc6SR2gdWVRPg85G+N9uYTGnx085V5N14ACyOy1L2OnB6m6BX
nYZvfMNrSdK50ZiIQQ+uVi+Hi7F93ORrDYVc/uVYiDw3HsKtsXRqO3f0UJLH0Vik
ldKwsSv5DJQFIV6fiuMy8yaE8QOeH14pUA==
-----END CERTIFICATE-----

2023-08-04 02:33:33,795 [Time-limited test] INFO  utils.CertificateCodec (CertificateCodec.java:writeCertificate(299)) - Save certificate to /tmp/junit947650724109348666/junit5727613724193248867/scm-meta/om/certs/CA-1460154153602.crt
2023-08-04 02:33:33,795 [Time-limited test] INFO  utils.CertificateCodec (CertificateCodec.java:writeCertificate(300)) - Certificate -----BEGIN CERTIFICATE-----
MIIDuzCCAqOgAwIBAgIGAVP3+DqCMA0GCSqGSIb3DQEBCwUAMHsxGzAZBgNVBAMM
EnNjbS0xQGZ2LWF6NjIxLTE4MDEtMCsGA1UECwwkNzZlNmQyZjYtYzM3NC00Y2Fh
LTgyYTEtYTk5Njg1NzBkNDc5MS0wKwYDVQQKDCQzMGU3YmIyMy05ODBmLTQwYmMt
YWM1Yy01YjZhMzAxM2Q4ZTQwHhcNMjMwODA0MDIzMzMzWhcNMjgwOTExMDIzMzMz
WjCBizErMCkGA1UEAwwic2NtLXN1Yi0xNDYwMTUwNDcwOTUyQGZ2LWF6NjIxLTE4
MDEtMCsGA1UECwwkNzZlNmQyZjYtYzM3NC00Y2FhLTgyYTEtYTk5Njg1NzBkNDc5
MS0wKwYDVQQKDCQzMGU3YmIyMy05ODBmLTQwYmMtYWM1Yy01YjZhMzAxM2Q4ZTQw
ggEiMA0GCSqGSIb3DQEBAQUAA4IBDwAwggEKAoIBAQD1vs1Rv4yvMQxs/dFwaMck
flg84hyje0QBXkSiSk8ZcskTDpW0D8UfD1GY9Rkod2Po1bpwA0HxYKPUkzUwKCet
k1uE9tEtCZQKxpBDO9uv6sg4V/aYvL1gH2XZ32Ywk53cyWZv98Oflr8QpodvNjQF
UBVGEb50Y+SoDGz7+v7or+W46PP67ceAt0BKwjUUlBfHA1QK6ZjsEaF6yrz1dN7t
WccX6SJm9laMqBj2gCGOUidrxT2tH2Rwz3A5eMl2w8rJ/g9Teg6qzJ+j2rSyxNEH
+9lR50oLTf1mS8q8ihvSDgseu57+BmE3Z7Io8DkjCTkko92pdcDcrqLotM1YKWa/
AgMBAAGjNDAyMA8GA1UdEQQIMAaHBAoBAAkwDwYDVR0TAQH/BAUwAwEB/zAOBgNV
HQ8BAf8EBAMCAb4wDQYJKoZIhvcNAQELBQADggEBAIBoJpc22cj8M23HrSM4yRkE
2d6eYaCzYAW74sfdBROo5fltMEihl2jFlImk62//rtd/pJX2U2XaxtkbYFC4DtC7
BAOCGApMHo2X6JO5Hc6gNlDxAcJDT/z1dv27Xk8ZeRYZ4AT8YM5Mkb6Cm4NlGUjD
mHlab1fnAEl375Q77zXWjbWmDNvubuO94g6dOrcFMWy321qe6UFIrmu6m+H7CWLf
sOcNXsmvAIJZSUvgOwgeatZeFONL4p2YlQei/YcacyZni+PAvpdVVI8/q22tqIJj
NTxw5BsMAeJVDh2re2ChXuZInCAIQlFJ7FvRvDcoDzuoTV8hmI9mX1Or9mPXsOU=
-----END CERTIFICATE-----

-----BEGIN CERTIFICATE-----
MIIDpTCCAo2gAwIBAgIBATANBgkqhkiG9w0BAQsFADB7MRswGQYDVQQDDBJzY20t
MUBmdi1hejYyMS0xODAxLTArBgNVBAsMJDc2ZTZkMmY2LWMzNzQtNGNhYS04MmEx
LWE5OTY4NTcwZDQ3OTEtMCsGA1UECgwkMzBlN2JiMjMtOTgwZi00MGJjLWFjNWMt
NWI2YTMwMTNkOGU0MB4XDTIzMDgwNDAyMzMzM1oXDTI4MDkxMTAyMzMzM1owezEb
MBkGA1UEAwwSc2NtLTFAZnYtYXo2MjEtMTgwMS0wKwYDVQQLDCQ3NmU2ZDJmNi1j
Mzc0LTRjYWEtODJhMS1hOTk2ODU3MGQ0NzkxLTArBgNVBAoMJDMwZTdiYjIzLTk4
MGYtNDBiYy1hYzVjLTViNmEzMDEzZDhlNDCCASIwDQYJKoZIhvcNAQEBBQADggEP
ADCCAQoCggEBALcSqYvE3OlELgk7eT1Pz+YsUjW2DP8k/oGnmCH3g1cSPvO6nU1+
lQbcZNFSg5HET+3SxnX+F9QCNdUpJRIW6YQFGZoMx7bCQGxQIBeLYszN1OFeEziS
mzeTFhQ0OivungV1f2eamwtPH2nnWyE1XfBsZxKQ+6Q5MnOkv8ws7BqADec6DNze
uJLMpaTxxdPSSErDs3Qrcexzq+NKII0WDGFirlMgbDhtNJR+lMRbqRsIdibt3pji
Z5/Gt8w615LBnRIG4Qw0vYlRB9kVmUlWwzdp43Jwv9bIA4jHuLqsxR9cZ7fvJr+E
IfbvW/iIYD1O+zDr+yRIKZN7if61ThQPD5ECAwEAAaM0MDIwDwYDVR0TAQH/BAUw
AwEB/zAOBgNVHQ8BAf8EBAMCAQYwDwYDVR0RBAgwBocECgEACTANBgkqhkiG9w0B
AQsFAAOCAQEAJAT7SUM8oAGzZpbgvqsTxLCiaZQ8NdS4iBuz3I0HnXbnL2voIFVb
DhxSxLNPINHQh8ywDafCDfD6JSx/9xQldRuGTYW89xncyJOuYfb9NZrUmfy9FQca
lkqYI1n/46v6/uQrAL8seYZKNvPVqa2FSWiQTuC1vLO14hFSCmFTqefYd+WW38xI
TNuzC/R/aixCtSkfc6SR2gdWVRPg85G+N9uYTGnx085V5N14ACyOy1L2OnB6m6BX
nYZvfMNrSdK50ZiIQQ+uVi+Hi7F93ORrDYVc/uVYiDw3HsKtsXRqO3f0UJLH0Vik
ldKwsSv5DJQFIV6fiuMy8yaE8QOeH14pUA==
-----END CERTIFICATE-----

2023-08-04 02:33:33,802 [IPC Server handler 1 on default port 9961] INFO  client.SCMCertificateClient (DefaultCertificateClient.java:getAllRootCaCerts(893)) - scm/sub-ca has 0 Root CA certificates
2023-08-04 02:33:33,802 [IPC Server handler 1 on default port 9961] INFO  client.SCMCertificateClient (DefaultCertificateClient.java:getAllCaCerts(901)) - scm/sub-ca has 1 CA certificates
2023-08-04 02:33:33,804 [Time-limited test] INFO  utils.CertificateCodec (CertificateCodec.java:writeCertificate(299)) - Save certificate to /tmp/junit947650724109348666/junit5727613724193248867/scm-meta/om/certs/ROOTCA-1.crt
2023-08-04 02:33:33,805 [Time-limited test] INFO  utils.CertificateCodec (CertificateCodec.java:writeCertificate(300)) - Certificate -----BEGIN CERTIFICATE-----
MIIDpTCCAo2gAwIBAgIBATANBgkqhkiG9w0BAQsFADB7MRswGQYDVQQDDBJzY20t
MUBmdi1hejYyMS0xODAxLTArBgNVBAsMJDc2ZTZkMmY2LWMzNzQtNGNhYS04MmEx
LWE5OTY4NTcwZDQ3OTEtMCsGA1UECgwkMzBlN2JiMjMtOTgwZi00MGJjLWFjNWMt
NWI2YTMwMTNkOGU0MB4XDTIzMDgwNDAyMzMzM1oXDTI4MDkxMTAyMzMzM1owezEb
MBkGA1UEAwwSc2NtLTFAZnYtYXo2MjEtMTgwMS0wKwYDVQQLDCQ3NmU2ZDJmNi1j
Mzc0LTRjYWEtODJhMS1hOTk2ODU3MGQ0NzkxLTArBgNVBAoMJDMwZTdiYjIzLTk4
MGYtNDBiYy1hYzVjLTViNmEzMDEzZDhlNDCCASIwDQYJKoZIhvcNAQEBBQADggEP
ADCCAQoCggEBALcSqYvE3OlELgk7eT1Pz+YsUjW2DP8k/oGnmCH3g1cSPvO6nU1+
lQbcZNFSg5HET+3SxnX+F9QCNdUpJRIW6YQFGZoMx7bCQGxQIBeLYszN1OFeEziS
mzeTFhQ0OivungV1f2eamwtPH2nnWyE1XfBsZxKQ+6Q5MnOkv8ws7BqADec6DNze
uJLMpaTxxdPSSErDs3Qrcexzq+NKII0WDGFirlMgbDhtNJR+lMRbqRsIdibt3pji
Z5/Gt8w615LBnRIG4Qw0vYlRB9kVmUlWwzdp43Jwv9bIA4jHuLqsxR9cZ7fvJr+E
IfbvW/iIYD1O+zDr+yRIKZN7if61ThQPD5ECAwEAAaM0MDIwDwYDVR0TAQH/BAUw
AwEB/zAOBgNVHQ8BAf8EBAMCAQYwDwYDVR0RBAgwBocECgEACTANBgkqhkiG9w0B
AQsFAAOCAQEAJAT7SUM8oAGzZpbgvqsTxLCiaZQ8NdS4iBuz3I0HnXbnL2voIFVb
DhxSxLNPINHQh8ywDafCDfD6JSx/9xQldRuGTYW89xncyJOuYfb9NZrUmfy9FQca
lkqYI1n/46v6/uQrAL8seYZKNvPVqa2FSWiQTuC1vLO14hFSCmFTqefYd+WW38xI
TNuzC/R/aixCtSkfc6SR2gdWVRPg85G+N9uYTGnx085V5N14ACyOy1L2OnB6m6BX
nYZvfMNrSdK50ZiIQQ+uVi+Hi7F93ORrDYVc/uVYiDw3HsKtsXRqO3f0UJLH0Vik
ldKwsSv5DJQFIV6fiuMy8yaE8QOeH14pUA==
-----END CERTIFICATE-----

2023-08-04 02:33:33,805 [Time-limited test] INFO  security.OMCertificateClient (DefaultCertificateClient.java:updateCertSerialId(1226)) - Certificate serial ID set to 1460670897219
2023-08-04 02:33:33,806 [Time-limited test] INFO  security.OMCertificateClient (DefaultCertificateClient.java:readCertificateFile(236)) - Added certificate   [0]         Version: 3
         SerialNumber: 1460154153602
             IssuerDN: CN=scm-1@fv-az621-180,OU=76e6d2f6-c374-4caa-82a1-a9968570d479,O=30e7bb23-980f-40bc-ac5c-5b6a3013d8e4
           Start Date: Fri Aug 04 02:33:33 UTC 2023
           Final Date: Mon Sep 11 02:33:33 UTC 2028
            SubjectDN: CN=scm-sub-1460150470952@fv-az621-180,OU=76e6d2f6-c374-4caa-82a1-a9968570d479,O=30e7bb23-980f-40bc-ac5c-5b6a3013d8e4
           Public Key: RSA Public Key [8d:7d:ec:73:47:c1:7e:9e:52:2f:80:2e:f9:52:2c:2a:f7:e0:4a:c1],[56:66:d1:a4]
        modulus: f5becd51bf8caf310c6cfdd17068c7247e583ce21ca37b44015e44a24a4f1972c9130e95b40fc51f0f5198f519287763e8d5ba700341f160a3d49335302827ad935b84f6d12d09940ac690433bdbafeac83857f698bcbd601f65d9df6630939ddcc9666ff7c39f96bf10a6876f36340550154611be7463e4a80c6cfbfafee8afe5b8e8f3faedc780b7404ac235149417c703540ae998ec11a17acabcf574deed59c717e92266f6568ca818f680218e52276bc53dad1f6470cf703978c976c3cac9fe0f537a0eaacc9fa3dab4b2c4d107fbd951e74a0b4dfd664bcabc8a1bd20e0b1ebb9efe06613767b228f03923093924a3dda975c0dcaea2e8b4cd582966bf
public exponent: 10001

  Signature Algorithm: SHA256WITHRSA
            Signature: 8068269736d9c8fc336dc7ad2338c91904d9de9e
                       61a0b36005bbe2c7dd0513a8e5f96d3048a19768
                       c59489a4eb6fffaed77fa495f65365dac6d91b60
                       50b80ed0bb040382180a4c1e8d97e893b91dcea0
                       3650f101c2434ffcf576fdbb5e4f19791619e004
                       fc60ce4c91be829b83651948c398795a6f57e700
                       4977ef943bef35d68db5a60cdbee6ee3bde20e9d
                       3ab705316cb7db5a9ee94148ae6bba9be1fb0962
                       dfb0e70d5ec9af008259494be03b081e6ad65e14
                       e34be29d989507a2fd871a7326678be3c0be9755
                       548f3fab6dada88263353c70e41b0c01e2550e1d
                       ab7b60a15ee6489c2008425149ec5bd1bc37280f
                       3ba84d5f21988f665f53abf663d7b0e5
       Extensions: 
                       critical(false) 2.5.29.17 value = Sequence
    Tagged [7] IMPLICIT 
        DER Octet String[4] 

                       critical(true) BasicConstraints: isCa(true)
                       critical(true) KeyUsage: 0xbe
 from file: /tmp/junit947650724109348666/junit5727613724193248867/scm-meta/om/certs/CA-1460154153602.crt.
2023-08-04 02:33:33,807 [Time-limited test] INFO  security.OMCertificateClient (DefaultCertificateClient.java:readCertificateFile(236)) - Added certificate   [0]         Version: 3
         SerialNumber: 1
             IssuerDN: CN=scm-1@fv-az621-180,OU=76e6d2f6-c374-4caa-82a1-a9968570d479,O=30e7bb23-980f-40bc-ac5c-5b6a3013d8e4
           Start Date: Fri Aug 04 02:33:33 UTC 2023
           Final Date: Mon Sep 11 02:33:33 UTC 2028
            SubjectDN: CN=scm-1@fv-az621-180,OU=76e6d2f6-c374-4caa-82a1-a9968570d479,O=30e7bb23-980f-40bc-ac5c-5b6a3013d8e4
           Public Key: RSA Public Key [08:9f:45:60:07:b0:42:f0:7e:fa:f6:79:da:e4:b9:f4:ed:de:03:e7],[56:66:d1:a4]
        modulus: b712a98bc4dce9442e093b793d4fcfe62c5235b60cff24fe81a79821f78357123ef3ba9d4d7e9506dc64d1528391c44fedd2c675fe17d40235d529251216e98405199a0cc7b6c2406c5020178b62cccdd4e15e1338929b37931614343a2bee9e05757f679a9b0b4f1f69e75b21355df06c671290fba4393273a4bfcc2cec1a800de73a0cdcdeb892cca5a4f1c5d3d2484ac3b3742b71ec73abe34a208d160c6162ae53206c386d34947e94c45ba91b087626edde98e2679fc6b7cc3ad792c19d1206e10c34bd895107d915994956c33769e37270bfd6c80388c7b8baacc51f5c67b7ef26bf8421f6ef5bf888603d4efb30ebfb244829937b89feb54e140f0f91
public exponent: 10001

  Signature Algorithm: SHA256WITHRSA
            Signature: 2404fb49433ca001b36696e0beab13c4b0a26994
                       3c35d4b8881bb3dc8d079d76e72f6be820555b0e
                       1c52c4b34f20d1d087ccb00da7c20df0fa252c7f
                       f71425751b864d85bcf719dcc893ae61f6fd359a
                       d499fcbd15071a964a982359ffe3abfafee42b00
                       bf2c79864a36f3d5a9ad854968904ee0b5bcb3b5
                       e211520a6153a9e7d877e596dfcc484cdbb30bf4
                       7f6a2c42b5291f73a491da07565513e0f391be37
                       db984c69f1d3ce55e4dd78002c8ecb52f63a707a
                       9ba0579d866f7cc36b49d2b9d19888410fae562f
                       878bb17ddce46b0d855cfee558883c371ec2adb1
                       746a3b77f45092c7d158a495d2b0b12bf90c9405
                       215e9f8ae332f32684f1039e1f5e2950
       Extensions: 
                       critical(true) BasicConstraints: isCa(true)
                       critical(true) KeyUsage: 0x6
                       critical(false) 2.5.29.17 value = Sequence
    Tagged [7] IMPLICIT 
        DER Octet String[4] 

 from file: /tmp/junit947650724109348666/junit5727613724193248867/scm-meta/om/certs/ROOTCA-1.crt.
2023-08-04 02:33:33,809 [Time-limited test] INFO  security.OMCertificateClient (DefaultCertificateClient.java:readCertificateFile(236)) - Added certificate   [0]         Version: 3
         SerialNumber: 1460670897219
             IssuerDN: CN=scm-sub-1460150470952@fv-az621-180,OU=76e6d2f6-c374-4caa-82a1-a9968570d479,O=30e7bb23-980f-40bc-ac5c-5b6a3013d8e4
           Start Date: Fri Aug 04 02:33:33 UTC 2023
           Final Date: Sat Aug 03 02:33:33 UTC 2024
            SubjectDN: CN=fv-az621-180,OU=76e6d2f6-c374-4caa-82a1-a9968570d479,O=30e7bb23-980f-40bc-ac5c-5b6a3013d8e4
           Public Key: RSA Public Key [a9:5a:5d:40:3f:06:9f:f9:c1:bf:60:1e:32:18:1d:1a:03:81:7c:a7],[56:66:d1:a4]
        modulus: a6b7c67e14d0d525c5a7bc0405495663edf850e7bf330f26bd2c273a2eb415794fc5714f060e837662af33205994ac69d9a3a24ac149d075a9cb69872a65b6ea81302722c108aa9f01c87fc3b35ef0cdcf0af077bbfe0b653ac9c0ac221f6038a74610a90fe6174b119dd6b6ff2e3f524521883ccde6d4de133bbcbe195d7c5e3afa0505b7167b56d78f128378a78feed1e5ac09b4b6dee2cf533da89a6f0d2095b143e759c9c7bedf9d30fea26586dd39ca161bda4deba5214cc5bb29eabd02dda4c24b566ae635812687857ed8022dca8c7e940448ac1ccc691345a4534ac3fefda79b1afe2b41b7dbceb1f590f2a4114e8f923d0cc8b7f12e74c08050841b
public exponent: 10001

  Signature Algorithm: SHA256WITHRSA
            Signature: e18952ec59530ba69fa2bd3a5c4c49c33fe152de
                       454fb7d8111db990a989a45b6f6703f9a98a7ebc
                       80497e4c23f5579673c42da7ea75e4d9a6d4e7df
                       0026cdd893df703cd66fd5af8e73e33abe9ed35f
                       b8c8626b51f0a24b0e59dcb1be3a3096dd501b10
                       b3c1fe253fe8f27e6ce662affda94011c0632b21
                       d7c835c80c12f3680a347b2f302aa4233f5fde3c
                       065a70cf5b33f46d093ef0d39372792c0abbdcd5
                       a4d5e061e91f90664137f75533864e0eeafa3651
                       fd78ecb744fccbe4eb7977fef5a5d667514bee00
                       97fc5a5331f30880af213936f414b2070a936be4
                       36e5ff6fc9a1b0f3e556e80890affdac89662372
                       ee853149308d5ebf4615a98809f06a18
       Extensions: 
                       critical(false) 2.5.29.17 value = Sequence
    Tagged [7] IMPLICIT 
        DER Octet String[4] 

                       critical(true) KeyUsage: 0xb8
 from file: /tmp/junit947650724109348666/junit5727613724193248867/scm-meta/om/certs/1460670897219.crt.
2023-08-04 02:33:33,810 [Time-limited test] INFO  security.OMCertificateClient (DefaultCertificateClient.java:startCertificateRenewerService(1329)) - CertificateRenewerService for om is started with first delay 31535989191 ms and interval 3333 ms.
2023-08-04 02:33:33,810 [Time-limited test] INFO  security.OMCertificateClient (DefaultCertificateClient.java:updateCertSerialId(1226)) - Certificate serial ID set to 1460670897219
2023-08-04 02:33:33,812 [Time-limited test] INFO  security.OMCertificateClient (DefaultCertificateClient.java:readCertificateFile(236)) - Added certificate   [0]         Version: 3
         SerialNumber: 1460154153602
             IssuerDN: CN=scm-1@fv-az621-180,OU=76e6d2f6-c374-4caa-82a1-a9968570d479,O=30e7bb23-980f-40bc-ac5c-5b6a3013d8e4
           Start Date: Fri Aug 04 02:33:33 UTC 2023
           Final Date: Mon Sep 11 02:33:33 UTC 2028
            SubjectDN: CN=scm-sub-1460150470952@fv-az621-180,OU=76e6d2f6-c374-4caa-82a1-a9968570d479,O=30e7bb23-980f-40bc-ac5c-5b6a3013d8e4
           Public Key: RSA Public Key [8d:7d:ec:73:47:c1:7e:9e:52:2f:80:2e:f9:52:2c:2a:f7:e0:4a:c1],[56:66:d1:a4]
        modulus: f5becd51bf8caf310c6cfdd17068c7247e583ce21ca37b44015e44a24a4f1972c9130e95b40fc51f0f5198f519287763e8d5ba700341f160a3d49335302827ad935b84f6d12d09940ac690433bdbafeac83857f698bcbd601f65d9df6630939ddcc9666ff7c39f96bf10a6876f36340550154611be7463e4a80c6cfbfafee8afe5b8e8f3faedc780b7404ac235149417c703540ae998ec11a17acabcf574deed59c717e92266f6568ca818f680218e52276bc53dad1f6470cf703978c976c3cac9fe0f537a0eaacc9fa3dab4b2c4d107fbd951e74a0b4dfd664bcabc8a1bd20e0b1ebb9efe06613767b228f03923093924a3dda975c0dcaea2e8b4cd582966bf
public exponent: 10001

  Signature Algorithm: SHA256WITHRSA
            Signature: 8068269736d9c8fc336dc7ad2338c91904d9de9e
                       61a0b36005bbe2c7dd0513a8e5f96d3048a19768
                       c59489a4eb6fffaed77fa495f65365dac6d91b60
                       50b80ed0bb040382180a4c1e8d97e893b91dcea0
                       3650f101c2434ffcf576fdbb5e4f19791619e004
                       fc60ce4c91be829b83651948c398795a6f57e700
                       4977ef943bef35d68db5a60cdbee6ee3bde20e9d
                       3ab705316cb7db5a9ee94148ae6bba9be1fb0962
                       dfb0e70d5ec9af008259494be03b081e6ad65e14
                       e34be29d989507a2fd871a7326678be3c0be9755
                       548f3fab6dada88263353c70e41b0c01e2550e1d
                       ab7b60a15ee6489c2008425149ec5bd1bc37280f
                       3ba84d5f21988f665f53abf663d7b0e5
       Extensions: 
                       critical(false) 2.5.29.17 value = Sequence
    Tagged [7] IMPLICIT 
        DER Octet String[4] 

                       critical(true) BasicConstraints: isCa(true)
                       critical(true) KeyUsage: 0xbe
 from file: /tmp/junit947650724109348666/junit5727613724193248867/scm-meta/om/certs/CA-1460154153602.crt.
2023-08-04 02:33:33,814 [Time-limited test] INFO  security.OMCertificateClient (DefaultCertificateClient.java:readCertificateFile(236)) - Added certificate   [0]         Version: 3
         SerialNumber: 1
             IssuerDN: CN=scm-1@fv-az621-180,OU=76e6d2f6-c374-4caa-82a1-a9968570d479,O=30e7bb23-980f-40bc-ac5c-5b6a3013d8e4
           Start Date: Fri Aug 04 02:33:33 UTC 2023
           Final Date: Mon Sep 11 02:33:33 UTC 2028
            SubjectDN: CN=scm-1@fv-az621-180,OU=76e6d2f6-c374-4caa-82a1-a9968570d479,O=30e7bb23-980f-40bc-ac5c-5b6a3013d8e4
           Public Key: RSA Public Key [08:9f:45:60:07:b0:42:f0:7e:fa:f6:79:da:e4:b9:f4:ed:de:03:e7],[56:66:d1:a4]
        modulus: b712a98bc4dce9442e093b793d4fcfe62c5235b60cff24fe81a79821f78357123ef3ba9d4d7e9506dc64d1528391c44fedd2c675fe17d40235d529251216e98405199a0cc7b6c2406c5020178b62cccdd4e15e1338929b37931614343a2bee9e05757f679a9b0b4f1f69e75b21355df06c671290fba4393273a4bfcc2cec1a800de73a0cdcdeb892cca5a4f1c5d3d2484ac3b3742b71ec73abe34a208d160c6162ae53206c386d34947e94c45ba91b087626edde98e2679fc6b7cc3ad792c19d1206e10c34bd895107d915994956c33769e37270bfd6c80388c7b8baacc51f5c67b7ef26bf8421f6ef5bf888603d4efb30ebfb244829937b89feb54e140f0f91
public exponent: 10001

  Signature Algorithm: SHA256WITHRSA
            Signature: 2404fb49433ca001b36696e0beab13c4b0a26994
                       3c35d4b8881bb3dc8d079d76e72f6be820555b0e
                       1c52c4b34f20d1d087ccb00da7c20df0fa252c7f
                       f71425751b864d85bcf719dcc893ae61f6fd359a
                       d499fcbd15071a964a982359ffe3abfafee42b00
                       bf2c79864a36f3d5a9ad854968904ee0b5bcb3b5
                       e211520a6153a9e7d877e596dfcc484cdbb30bf4
                       7f6a2c42b5291f73a491da07565513e0f391be37
                       db984c69f1d3ce55e4dd78002c8ecb52f63a707a
                       9ba0579d866f7cc36b49d2b9d19888410fae562f
                       878bb17ddce46b0d855cfee558883c371ec2adb1
                       746a3b77f45092c7d158a495d2b0b12bf90c9405
                       215e9f8ae332f32684f1039e1f5e2950
       Extensions: 
                       critical(true) BasicConstraints: isCa(true)
                       critical(true) KeyUsage: 0x6
                       critical(false) 2.5.29.17 value = Sequence
    Tagged [7] IMPLICIT 
        DER Octet String[4] 

 from file: /tmp/junit947650724109348666/junit5727613724193248867/scm-meta/om/certs/ROOTCA-1.crt.
2023-08-04 02:33:33,817 [Time-limited test] INFO  security.OMCertificateClient (DefaultCertificateClient.java:readCertificateFile(236)) - Added certificate   [0]         Version: 3
         SerialNumber: 1460670897219
             IssuerDN: CN=scm-sub-1460150470952@fv-az621-180,OU=76e6d2f6-c374-4caa-82a1-a9968570d479,O=30e7bb23-980f-40bc-ac5c-5b6a3013d8e4
           Start Date: Fri Aug 04 02:33:33 UTC 2023
           Final Date: Sat Aug 03 02:33:33 UTC 2024
            SubjectDN: CN=fv-az621-180,OU=76e6d2f6-c374-4caa-82a1-a9968570d479,O=30e7bb23-980f-40bc-ac5c-5b6a3013d8e4
           Public Key: RSA Public Key [a9:5a:5d:40:3f:06:9f:f9:c1:bf:60:1e:32:18:1d:1a:03:81:7c:a7],[56:66:d1:a4]
        modulus: a6b7c67e14d0d525c5a7bc0405495663edf850e7bf330f26bd2c273a2eb415794fc5714f060e837662af33205994ac69d9a3a24ac149d075a9cb69872a65b6ea81302722c108aa9f01c87fc3b35ef0cdcf0af077bbfe0b653ac9c0ac221f6038a74610a90fe6174b119dd6b6ff2e3f524521883ccde6d4de133bbcbe195d7c5e3afa0505b7167b56d78f128378a78feed1e5ac09b4b6dee2cf533da89a6f0d2095b143e759c9c7bedf9d30fea26586dd39ca161bda4deba5214cc5bb29eabd02dda4c24b566ae635812687857ed8022dca8c7e940448ac1ccc691345a4534ac3fefda79b1afe2b41b7dbceb1f590f2a4114e8f923d0cc8b7f12e74c08050841b
public exponent: 10001

  Signature Algorithm: SHA256WITHRSA
            Signature: e18952ec59530ba69fa2bd3a5c4c49c33fe152de
                       454fb7d8111db990a989a45b6f6703f9a98a7ebc
                       80497e4c23f5579673c42da7ea75e4d9a6d4e7df
                       0026cdd893df703cd66fd5af8e73e33abe9ed35f
                       b8c8626b51f0a24b0e59dcb1be3a3096dd501b10
                       b3c1fe253fe8f27e6ce662affda94011c0632b21
                       d7c835c80c12f3680a347b2f302aa4233f5fde3c
                       065a70cf5b33f46d093ef0d39372792c0abbdcd5
                       a4d5e061e91f90664137f75533864e0eeafa3651
                       fd78ecb744fccbe4eb7977fef5a5d667514bee00
                       97fc5a5331f30880af213936f414b2070a936be4
                       36e5ff6fc9a1b0f3e556e80890affdac89662372
                       ee853149308d5ebf4615a98809f06a18
       Extensions: 
                       critical(false) 2.5.29.17 value = Sequence
    Tagged [7] IMPLICIT 
        DER Octet String[4] 

                       critical(true) KeyUsage: 0xb8
 from file: /tmp/junit947650724109348666/junit5727613724193248867/scm-meta/om/certs/1460670897219.crt.
2023-08-04 02:33:33,817 [Time-limited test] INFO  om.OzoneManager (OzoneManager.java:initializeSecurity(1405)) - Successfully stored SCM signed certificate.
2023-08-04 02:33:33,819 [Time-limited test] INFO  ha.OMHANodeDetails (OMHANodeDetails.java:loadOMHAConfig(115)) - ozone.om.internal.service.id is not defined, falling back to ozone.om.service.ids to find serviceID for OzoneManager if it is HA enabled cluster
2023-08-04 02:33:33,820 [Time-limited test] INFO  ha.OMHANodeDetails (OMHANodeDetails.java:loadOMHAConfig(226)) - Configuration does not have ozone.om.address set. Falling back to the default OM address fv-az621-180/10.1.0.9:1202
2023-08-04 02:33:33,820 [Time-limited test] INFO  ha.OMHANodeDetails (OMHANodeDetails.java:getOMNodeDetailsForNonHA(254)) - OM Service ID is not set. Setting it to the default ID: omServiceIdDefault
2023-08-04 02:33:33,820 [Time-limited test] INFO  ha.OMHANodeDetails (OMHANodeDetails.java:getOMNodeDetailsForNonHA(261)) - OM Node ID is not set. Setting it to the default ID: om1
2023-08-04 02:33:33,820 [Time-limited test] WARN  server.ServerUtils (ServerUtils.java:getDBPath(311)) - ozone.om.db.dirs is not configured. We recommend adding this setting. Falling back to ozone.metadata.dirs instead.
2023-08-04 02:33:33,822 [Time-limited test] INFO  upgrade.AbstractLayoutVersionManager (AbstractLayoutVersionManager.java:init(83)) - Initializing Layout version manager with metadata layout = QUOTA (version = 6), software layout = QUOTA (version = 6)
2023-08-04 02:33:33,895 [Time-limited test] INFO  reflections.Reflections (Reflections.java:scan(232)) - Reflections took 71 ms to scan 2 urls, producing 188 keys and 512 values [using 2 cores]
2023-08-04 02:33:33,895 [Time-limited test] INFO  upgrade.OMLayoutVersionManager (OMLayoutVersionManager.java:lambda$0(115)) - Skipping Upgrade Action QuotaRepairUpgradeAction since it has been finalized.
2023-08-04 02:33:33,895 [Time-limited test] INFO  upgrade.OMLayoutVersionManager (OMLayoutVersionManager.java:lambda$0(115)) - Skipping Upgrade Action MockOmUpgradeAction since it has been finalized.
2023-08-04 02:33:33,899 [pool-199-thread-2] INFO  request.KdcRequest (KdcRequest.java:preauth(651)) - The preauth data is empty.
2023-08-04 02:33:33,900 [pool-199-thread-2] INFO  server.KdcHandler (KdcHandler.java:handleRecoverableException(177)) - KRB error occurred while processing request:Additional pre-authentication required
2023-08-04 02:33:33,904 [pool-199-thread-2] INFO  request.AsRequest (AsRequest.java:issueTicket(112)) - AS_REQ ISSUE: authtime 1691116413903,om/fv-az621-180@EXAMPLE.COM for krbtgt/EXAMPLE.COM@EXAMPLE.COM
2023-08-04 02:33:33,906 [Time-limited test] INFO  security.UserGroupInformation (UserGroupInformation.java:loginUserFromKeytab(1132)) - Login successful for user om/fv-az621-180@EXAMPLE.COM using keytab file om.keytab. Keytab auto renewal enabled : false
2023-08-04 02:33:33,906 [Time-limited test] INFO  om.OzoneManager (OzoneManager.java:loginOMUser(1161)) - Ozone Manager login successful.
2023-08-04 02:33:33,906 [Time-limited test] WARN  server.ServerUtils (ServerUtils.java:getDBPath(311)) - ozone.om.db.dirs is not configured. We recommend adding this setting. Falling back to ozone.metadata.dirs instead.
2023-08-04 02:33:33,908 [Time-limited test] INFO  proxy.SCMBlockLocationFailoverProxyProvider (SCMBlockLocationFailoverProxyProvider.java:<init>(114)) - Created block location fail-over proxy with 1 nodes: [nodeId=scmNodeId,nodeAddress=/0.0.0.0:9863]
2023-08-04 02:33:33,909 [Time-limited test] INFO  om.OzoneManager (OzoneManager.java:getOmDetailsProto(4555)) - OzoneManager ports added:[name: "RPC"
value: 1202
]
2023-08-04 02:33:33,910 [Time-limited test] INFO  security.OMCertificateClient (DefaultCertificateClient.java:updateCertSerialId(1226)) - Certificate serial ID set to 1460670897219
2023-08-04 02:33:33,911 [Time-limited test] INFO  security.OMCertificateClient (DefaultCertificateClient.java:readCertificateFile(236)) - Added certificate   [0]         Version: 3
         SerialNumber: 1460154153602
             IssuerDN: CN=scm-1@fv-az621-180,OU=76e6d2f6-c374-4caa-82a1-a9968570d479,O=30e7bb23-980f-40bc-ac5c-5b6a3013d8e4
           Start Date: Fri Aug 04 02:33:33 UTC 2023
           Final Date: Mon Sep 11 02:33:33 UTC 2028
            SubjectDN: CN=scm-sub-1460150470952@fv-az621-180,OU=76e6d2f6-c374-4caa-82a1-a9968570d479,O=30e7bb23-980f-40bc-ac5c-5b6a3013d8e4
           Public Key: RSA Public Key [8d:7d:ec:73:47:c1:7e:9e:52:2f:80:2e:f9:52:2c:2a:f7:e0:4a:c1],[56:66:d1:a4]
        modulus: f5becd51bf8caf310c6cfdd17068c7247e583ce21ca37b44015e44a24a4f1972c9130e95b40fc51f0f5198f519287763e8d5ba700341f160a3d49335302827ad935b84f6d12d09940ac690433bdbafeac83857f698bcbd601f65d9df6630939ddcc9666ff7c39f96bf10a6876f36340550154611be7463e4a80c6cfbfafee8afe5b8e8f3faedc780b7404ac235149417c703540ae998ec11a17acabcf574deed59c717e92266f6568ca818f680218e52276bc53dad1f6470cf703978c976c3cac9fe0f537a0eaacc9fa3dab4b2c4d107fbd951e74a0b4dfd664bcabc8a1bd20e0b1ebb9efe06613767b228f03923093924a3dda975c0dcaea2e8b4cd582966bf
public exponent: 10001

  Signature Algorithm: SHA256WITHRSA
            Signature: 8068269736d9c8fc336dc7ad2338c91904d9de9e
                       61a0b36005bbe2c7dd0513a8e5f96d3048a19768
                       c59489a4eb6fffaed77fa495f65365dac6d91b60
                       50b80ed0bb040382180a4c1e8d97e893b91dcea0
                       3650f101c2434ffcf576fdbb5e4f19791619e004
                       fc60ce4c91be829b83651948c398795a6f57e700
                       4977ef943bef35d68db5a60cdbee6ee3bde20e9d
                       3ab705316cb7db5a9ee94148ae6bba9be1fb0962
                       dfb0e70d5ec9af008259494be03b081e6ad65e14
                       e34be29d989507a2fd871a7326678be3c0be9755
                       548f3fab6dada88263353c70e41b0c01e2550e1d
                       ab7b60a15ee6489c2008425149ec5bd1bc37280f
                       3ba84d5f21988f665f53abf663d7b0e5
       Extensions: 
                       critical(false) 2.5.29.17 value = Sequence
    Tagged [7] IMPLICIT 
        DER Octet String[4] 

                       critical(true) BasicConstraints: isCa(true)
                       critical(true) KeyUsage: 0xbe
 from file: /tmp/junit947650724109348666/junit5727613724193248867/scm-meta/om/certs/CA-1460154153602.crt.
2023-08-04 02:33:33,912 [Time-limited test] INFO  security.OMCertificateClient (DefaultCertificateClient.java:readCertificateFile(236)) - Added certificate   [0]         Version: 3
         SerialNumber: 1
             IssuerDN: CN=scm-1@fv-az621-180,OU=76e6d2f6-c374-4caa-82a1-a9968570d479,O=30e7bb23-980f-40bc-ac5c-5b6a3013d8e4
           Start Date: Fri Aug 04 02:33:33 UTC 2023
           Final Date: Mon Sep 11 02:33:33 UTC 2028
            SubjectDN: CN=scm-1@fv-az621-180,OU=76e6d2f6-c374-4caa-82a1-a9968570d479,O=30e7bb23-980f-40bc-ac5c-5b6a3013d8e4
           Public Key: RSA Public Key [08:9f:45:60:07:b0:42:f0:7e:fa:f6:79:da:e4:b9:f4:ed:de:03:e7],[56:66:d1:a4]
        modulus: b712a98bc4dce9442e093b793d4fcfe62c5235b60cff24fe81a79821f78357123ef3ba9d4d7e9506dc64d1528391c44fedd2c675fe17d40235d529251216e98405199a0cc7b6c2406c5020178b62cccdd4e15e1338929b37931614343a2bee9e05757f679a9b0b4f1f69e75b21355df06c671290fba4393273a4bfcc2cec1a800de73a0cdcdeb892cca5a4f1c5d3d2484ac3b3742b71ec73abe34a208d160c6162ae53206c386d34947e94c45ba91b087626edde98e2679fc6b7cc3ad792c19d1206e10c34bd895107d915994956c33769e37270bfd6c80388c7b8baacc51f5c67b7ef26bf8421f6ef5bf888603d4efb30ebfb244829937b89feb54e140f0f91
public exponent: 10001

  Signature Algorithm: SHA256WITHRSA
            Signature: 2404fb49433ca001b36696e0beab13c4b0a26994
                       3c35d4b8881bb3dc8d079d76e72f6be820555b0e
                       1c52c4b34f20d1d087ccb00da7c20df0fa252c7f
                       f71425751b864d85bcf719dcc893ae61f6fd359a
                       d499fcbd15071a964a982359ffe3abfafee42b00
                       bf2c79864a36f3d5a9ad854968904ee0b5bcb3b5
                       e211520a6153a9e7d877e596dfcc484cdbb30bf4
                       7f6a2c42b5291f73a491da07565513e0f391be37
                       db984c69f1d3ce55e4dd78002c8ecb52f63a707a
                       9ba0579d866f7cc36b49d2b9d19888410fae562f
                       878bb17ddce46b0d855cfee558883c371ec2adb1
                       746a3b77f45092c7d158a495d2b0b12bf90c9405
                       215e9f8ae332f32684f1039e1f5e2950
       Extensions: 
                       critical(true) BasicConstraints: isCa(true)
                       critical(true) KeyUsage: 0x6
                       critical(false) 2.5.29.17 value = Sequence
    Tagged [7] IMPLICIT 
        DER Octet String[4] 

 from file: /tmp/junit947650724109348666/junit5727613724193248867/scm-meta/om/certs/ROOTCA-1.crt.
2023-08-04 02:33:33,914 [Time-limited test] INFO  security.OMCertificateClient (DefaultCertificateClient.java:readCertificateFile(236)) - Added certificate   [0]         Version: 3
         SerialNumber: 1460670897219
             IssuerDN: CN=scm-sub-1460150470952@fv-az621-180,OU=76e6d2f6-c374-4caa-82a1-a9968570d479,O=30e7bb23-980f-40bc-ac5c-5b6a3013d8e4
           Start Date: Fri Aug 04 02:33:33 UTC 2023
           Final Date: Sat Aug 03 02:33:33 UTC 2024
            SubjectDN: CN=fv-az621-180,OU=76e6d2f6-c374-4caa-82a1-a9968570d479,O=30e7bb23-980f-40bc-ac5c-5b6a3013d8e4
           Public Key: RSA Public Key [a9:5a:5d:40:3f:06:9f:f9:c1:bf:60:1e:32:18:1d:1a:03:81:7c:a7],[56:66:d1:a4]
        modulus: a6b7c67e14d0d525c5a7bc0405495663edf850e7bf330f26bd2c273a2eb415794fc5714f060e837662af33205994ac69d9a3a24ac149d075a9cb69872a65b6ea81302722c108aa9f01c87fc3b35ef0cdcf0af077bbfe0b653ac9c0ac221f6038a74610a90fe6174b119dd6b6ff2e3f524521883ccde6d4de133bbcbe195d7c5e3afa0505b7167b56d78f128378a78feed1e5ac09b4b6dee2cf533da89a6f0d2095b143e759c9c7bedf9d30fea26586dd39ca161bda4deba5214cc5bb29eabd02dda4c24b566ae635812687857ed8022dca8c7e940448ac1ccc691345a4534ac3fefda79b1afe2b41b7dbceb1f590f2a4114e8f923d0cc8b7f12e74c08050841b
public exponent: 10001

  Signature Algorithm: SHA256WITHRSA
            Signature: e18952ec59530ba69fa2bd3a5c4c49c33fe152de
                       454fb7d8111db990a989a45b6f6703f9a98a7ebc
                       80497e4c23f5579673c42da7ea75e4d9a6d4e7df
                       0026cdd893df703cd66fd5af8e73e33abe9ed35f
                       b8c8626b51f0a24b0e59dcb1be3a3096dd501b10
                       b3c1fe253fe8f27e6ce662affda94011c0632b21
                       d7c835c80c12f3680a347b2f302aa4233f5fde3c
                       065a70cf5b33f46d093ef0d39372792c0abbdcd5
                       a4d5e061e91f90664137f75533864e0eeafa3651
                       fd78ecb744fccbe4eb7977fef5a5d667514bee00
                       97fc5a5331f30880af213936f414b2070a936be4
                       36e5ff6fc9a1b0f3e556e80890affdac89662372
                       ee853149308d5ebf4615a98809f06a18
       Extensions: 
                       critical(false) 2.5.29.17 value = Sequence
    Tagged [7] IMPLICIT 
        DER Octet String[4] 

                       critical(true) KeyUsage: 0xb8
 from file: /tmp/junit947650724109348666/junit5727613724193248867/scm-meta/om/certs/1460670897219.crt.
2023-08-04 02:33:33,915 [Time-limited test] INFO  security.OMCertificateClient (DefaultCertificateClient.java:startCertificateRenewerService(1329)) - CertificateRenewerService for om is started with first delay 31535989086 ms and interval 3333 ms.
2023-08-04 02:33:33,916 [Time-limited test] INFO  om.OzoneManager (OzoneManager.java:<init>(662)) - OM start with adminUsers: [om/fv-az621-180@EXAMPLE.COM, om]
2023-08-04 02:33:33,918 [Time-limited test] WARN  server.ServerUtils (ServerUtils.java:getDBPath(311)) - ozone.om.db.dirs is not configured. We recommend adding this setting. Falling back to ozone.metadata.dirs instead.
2023-08-04 02:33:33,918 [Time-limited test] INFO  helpers.OmKeyInfo (OmKeyInfo.java:getCodec(71)) - OmKeyInfo.getCodec ignorePipeline = true
2023-08-04 02:33:34,104 [Time-limited test] INFO  om.OzoneManager (OzoneManager.java:instantiateServices(791)) - S3 Multi-Tenancy is disabled
2023-08-04 02:33:34,104 [Time-limited test] INFO  security.OzoneSecretStore (OzoneSecretStore.java:loadState(69)) - Loaded 0 tokens
2023-08-04 02:33:34,104 [Time-limited test] INFO  security.OzoneDelegationTokenSecretManager (OzoneDelegationTokenSecretManager.java:loadTokenSecretState(530)) - Loading token state into token manager.
2023-08-04 02:33:34,105 [Time-limited test] INFO  om.OmSnapshotManager (OmSnapshotManager.java:<init>(175)) - Ozone filesystem snapshot feature is enabled.
2023-08-04 02:33:34,105 [Time-limited test] WARN  server.ServerUtils (ServerUtils.java:getDBPath(311)) - ozone.om.snapshot.diff.db.dir is not configured. We recommend adding this setting. Falling back to ozone.metadata.dirs instead.
2023-08-04 02:33:34,124 [Time-limited test] INFO  snapshot.SnapshotDiffManager (SnapshotDiffManager.java:closeExecutorService(1720)) - Shutting down executorService: 'SstDumpToolExecutor'
2023-08-04 02:33:34,156 [Time-limited test] INFO  om.OzoneManager (OzoneManager.java:addS3GVolumeToDB(4287)) - Created Volume s3v With Owner om required for S3Gateway operations.
2023-08-04 02:33:34,156 [Time-limited test] WARN  server.ServerUtils (ServerUtils.java:getDefaultRatisDirectory(323)) - Storage directory for Ratis is not configured. It is a good idea to map this to an SSD disk. Falling back to ozone.metadata.dirs
2023-08-04 02:33:34,156 [Time-limited test] WARN  utils.OzoneManagerRatisUtils (OzoneManagerRatisUtils.java:getOMRatisSnapshotDirectory(461)) - ozone.om.ratis.snapshot.dir is not configured. Falling back to ozone.metadata.dirs config
2023-08-04 02:33:34,158 [Time-limited test] WARN  server.ServerUtils (ServerUtils.java:getDefaultRatisDirectory(323)) - Storage directory for Ratis is not configured. It is a good idea to map this to an SSD disk. Falling back to ozone.metadata.dirs
2023-08-04 02:33:34,160 [Time-limited test] INFO  ratis.OzoneManagerRatisServer (OzoneManagerRatisServer.java:<init>(163)) - Instantiating OM Ratis server with groupID: omServiceIdDefault and peers: fv-az621-180:9872
2023-08-04 02:33:34,160 [Time-limited test] INFO  ratis.OzoneManagerStateMachine (OzoneManagerStateMachine.java:loadSnapshotInfoFromDB(687)) - LastAppliedIndex is set from TransactionInfo from OM DB as (t:0, i:~)
2023-08-04 02:33:34,161 [Time-limited test] INFO  server.RaftServer (ConfUtils.java:logGet(46)) - raft.rpc.type = GRPC (default)
2023-08-04 02:33:34,161 [Time-limited test] INFO  grpc.GrpcConfigKeys (ConfUtils.java:logFallback(53)) - raft.grpc.admin.host = null (fallback to raft.grpc.server.host)
2023-08-04 02:33:34,161 [Time-limited test] INFO  grpc.GrpcConfigKeys (ConfUtils.java:logFallback(53)) - raft.grpc.admin.port = 9872 (fallback to raft.grpc.server.port)
2023-08-04 02:33:34,161 [Time-limited test] INFO  grpc.GrpcConfigKeys (ConfUtils.java:logFallback(53)) - raft.grpc.client.host = null (fallback to raft.grpc.server.host)
2023-08-04 02:33:34,161 [Time-limited test] INFO  grpc.GrpcConfigKeys (ConfUtils.java:logFallback(53)) - raft.grpc.client.port = 9872 (fallback to raft.grpc.server.port)
2023-08-04 02:33:34,161 [Time-limited test] INFO  grpc.GrpcConfigKeys (ConfUtils.java:logGet(46)) - raft.grpc.server.host = null (default)
2023-08-04 02:33:34,161 [Time-limited test] INFO  grpc.GrpcConfigKeys (ConfUtils.java:logGet(46)) - raft.grpc.server.port = 9872 (custom)
2023-08-04 02:33:34,161 [Time-limited test] INFO  server.GrpcService (ConfUtils.java:logGet(46)) - raft.grpc.message.size.max = 33554432 (custom)
2023-08-04 02:33:34,161 [Time-limited test] INFO  server.RaftServerConfigKeys (ConfUtils.java:logGet(46)) - raft.server.log.appender.buffer.byte-limit = 33554432 (custom)
2023-08-04 02:33:34,161 [Time-limited test] INFO  server.GrpcService (ConfUtils.java:logGet(46)) - raft.grpc.flow.control.window = 1MB (=1048576) (default)
2023-08-04 02:33:34,161 [Time-limited test] INFO  server.RaftServerConfigKeys (ConfUtils.java:logGet(46)) - raft.server.rpc.request.timeout = 3000ms (default)
2023-08-04 02:33:34,162 [Time-limited test] INFO  grpc.GrpcConfigKeys (ConfUtils.java:logGet(46)) - raft.grpc.server.heartbeat.channel = true (default)
2023-08-04 02:33:34,162 [Time-limited test] INFO  grpc.GrpcConfigKeys (ConfUtils.java:logGet(46)) - raft.grpc.server.async.request.thread.pool.cached = true (default)
2023-08-04 02:33:34,162 [Time-limited test] INFO  grpc.GrpcConfigKeys (ConfUtils.java:logGet(46)) - raft.grpc.server.async.request.thread.pool.size = 32 (default)
2023-08-04 02:33:34,163 [Time-limited test] INFO  impl.DataStreamServerImpl (ConfUtils.java:logGet(46)) - raft.datastream.type = DISABLED (default)
2023-08-04 02:33:34,163 [Time-limited test] INFO  server.RaftServerConfigKeys (ConfUtils.java:logGet(46)) - raft.server.threadpool.proxy.cached = true (default)
2023-08-04 02:33:34,163 [Time-limited test] INFO  server.RaftServerConfigKeys (ConfUtils.java:logGet(46)) - raft.server.threadpool.proxy.size = 0 (default)
2023-08-04 02:33:34,163 [Time-limited test] INFO  server.RaftServerConfigKeys (ConfUtils.java:logGet(46)) - raft.server.rpc.slowness.timeout = 120s (custom)
2023-08-04 02:33:34,163 [Time-limited test] INFO  server.RaftServerConfigKeys (ConfUtils.java:logGet(46)) - raft.server.leaderelection.leader.step-down.wait-time = 10s (default)
2023-08-04 02:33:34,163 [Time-limited test] INFO  server.RaftServerConfigKeys (ConfUtils.java:logGet(46)) - raft.server.storage.dir = [/tmp/junit947650724109348666/junit5727613724193248867/scm-meta/ratis] (custom)
2023-08-04 02:33:34,168 [Time-limited test] INFO  server.RaftServer (RaftServerProxy.java:addNew(98)) - om1: addNew group-C5BA1605619E:[om1|rpc:fv-az621-180:9872|priority:0|startupRole:FOLLOWER] returns group-C5BA1605619E:java.util.concurrent.CompletableFuture@10a16905[Not completed]
2023-08-04 02:33:34,169 [Time-limited test] INFO  om.OzoneManager (OzoneManager.java:initializeRatisServer(2128)) - OzoneManager Ratis server initialized at port 9872
2023-08-04 02:33:34,169 [Time-limited test] INFO  om.OzoneManager (OzoneManager.java:getRpcServer(1193)) - Creating RPC Server
2023-08-04 02:33:34,170 [om1-groupManagement] INFO  server.RaftServer$Division (RaftServerImpl.java:<init>(198)) - om1: new RaftServerImpl for group-C5BA1605619E:[om1|rpc:fv-az621-180:9872|priority:0|startupRole:FOLLOWER] with OzoneManagerStateMachine:uninitialized
2023-08-04 02:33:34,171 [om1-groupManagement] INFO  server.RaftServerConfigKeys (ConfUtils.java:logGet(46)) - raft.server.rpc.timeout.min = 5s (custom)
2023-08-04 02:33:34,171 [om1-groupManagement] INFO  server.RaftServerConfigKeys (ConfUtils.java:logGet(46)) - raft.server.rpc.timeout.max = 5200ms (custom)
2023-08-04 02:33:34,171 [om1-groupManagement] INFO  server.RaftServerConfigKeys (ConfUtils.java:logGet(46)) - raft.server.rpc.sleep.time = 25ms (default)
2023-08-04 02:33:34,171 [om1-groupManagement] INFO  server.RaftServerConfigKeys (ConfUtils.java:logGet(46)) - raft.server.rpc.slowness.timeout = 120s (custom)
2023-08-04 02:33:34,171 [om1-groupManagement] INFO  server.RaftServerConfigKeys (ConfUtils.java:logGet(46)) - raft.server.leaderelection.leader.step-down.wait-time = 10s (default)
2023-08-04 02:33:34,171 [om1-groupManagement] INFO  server.RaftServerConfigKeys (ConfUtils.java:logGet(46)) - raft.server.sleep.deviation.threshold = 300ms (default)
2023-08-04 02:33:34,172 [om1-groupManagement] INFO  server.RaftServer$Division (ServerState.java:<init>(120)) - om1@group-C5BA1605619E: ConfigurationManager, init=-1: peers:[om1|rpc:fv-az621-180:9872|priority:0|startupRole:FOLLOWER]|listeners:[], old=null, confs=<EMPTY_MAP>
2023-08-04 02:33:34,172 [om1-groupManagement] INFO  server.RaftServerConfigKeys (ConfUtils.java:logGet(46)) - raft.server.storage.dir = [/tmp/junit947650724109348666/junit5727613724193248867/scm-meta/ratis] (custom)
2023-08-04 02:33:34,172 [om1-groupManagement] INFO  server.RaftServerConfigKeys (ConfUtils.java:logGet(46)) - raft.server.log.corruption.policy = EXCEPTION (default)
2023-08-04 02:33:34,172 [om1-groupManagement] INFO  server.RaftServerConfigKeys (ConfUtils.java:logGet(46)) - raft.server.storage.free-space.min = 0MB (=0) (default)
2023-08-04 02:33:34,172 [om1-groupManagement] INFO  server.RaftServerConfigKeys (ConfUtils.java:logGet(46)) - raft.server.notification.no-leader.timeout = 120s (custom)
2023-08-04 02:33:34,172 [om1-groupManagement] INFO  server.RaftServerConfigKeys (ConfUtils.java:logGet(46)) - raft.server.read.timeout = 10s (default)
2023-08-04 02:33:34,172 [om1-groupManagement] INFO  server.RaftServerConfigKeys (ConfUtils.java:logGet(46)) - raft.server.retrycache.expirytime = 300s (custom)
2023-08-04 02:33:34,172 [om1-groupManagement] INFO  server.RaftServerConfigKeys (ConfUtils.java:logGet(46)) - raft.server.retrycache.statistics.expirytime = 100μs (default)
2023-08-04 02:33:34,172 [om1-groupManagement] INFO  server.RaftServerConfigKeys (ConfUtils.java:logGet(46)) - raft.server.read.option = DEFAULT (default)
2023-08-04 02:33:34,173 [om1-groupManagement] INFO  server.RaftServerConfigKeys (ConfUtils.java:logGet(46)) - raft.server.rpc.request.timeout = 3000ms (default)
2023-08-04 02:33:34,173 [om1-groupManagement] INFO  server.RaftServerConfigKeys (ConfUtils.java:logGet(46)) - raft.server.log.appender.install.snapshot.enabled = false (custom)
2023-08-04 02:33:34,173 [om1-groupManagement] INFO  server.RaftServerConfigKeys (ConfUtils.java:logGet(46)) - raft.server.threadpool.server.cached = true (default)
2023-08-04 02:33:34,173 [om1-groupManagement] INFO  server.RaftServerConfigKeys (ConfUtils.java:logGet(46)) - raft.server.threadpool.server.size = 0 (default)
2023-08-04 02:33:34,173 [om1-groupManagement] INFO  server.RaftServerConfigKeys (ConfUtils.java:logGet(46)) - raft.server.threadpool.client.cached = true (default)
2023-08-04 02:33:34,173 [om1-groupManagement] INFO  server.RaftServerConfigKeys (ConfUtils.java:logGet(46)) - raft.server.threadpool.client.size = 0 (default)
2023-08-04 02:33:34,700 [Time-limited test] INFO  reflections.Reflections (Reflections.java:scan(232)) - Reflections took 530 ms to scan 19 urls, producing 70 keys and 5598 values [using 2 cores]
2023-08-04 02:33:34,702 [Time-limited test] INFO  ipc.CallQueueManager (CallQueueManager.java:<init>(90)) - Using callQueue: class java.util.concurrent.LinkedBlockingQueue, queueCapacity: 10000, scheduler: class org.apache.hadoop.ipc.DefaultRpcScheduler, ipcBackoff: false.
2023-08-04 02:33:34,702 [Time-limited test] INFO  ipc.Server (Server.java:<init>(1287)) - Listener at fv-az621-180:1202
2023-08-04 02:33:34,705 [Socket Reader #1 for port 1202] INFO  ipc.Server (Server.java:run(1323)) - Starting Socket Reader #1 for port 1202
2023-08-04 02:33:34,752 [Time-limited test] INFO  server.StorageContainerManager (StorageContainerManager.java:stop(1592)) - Container Balancer is not running.
2023-08-04 02:33:34,752 [Time-limited test] INFO  server.StorageContainerManager (StorageContainerManager.java:stopReplicationManager(1725)) - Stopping Replication Manager Service.
2023-08-04 02:33:34,752 [Time-limited test] INFO  replication.ReplicationManager (ReplicationManager.java:stop(319)) - Stopping Replication Monitor Thread.
2023-08-04 02:33:34,752 [Under Replicated Processor] WARN  replication.UnhealthyReplicationProcessor (UnhealthyReplicationProcessor.java:run(180)) - Under Replicated Processor interrupted. Exiting...
2023-08-04 02:33:34,753 [Over Replicated Processor] WARN  replication.UnhealthyReplicationProcessor (UnhealthyReplicationProcessor.java:run(180)) - Over Replicated Processor interrupted. Exiting...
2023-08-04 02:33:34,753 [ReplicationMonitor] INFO  replication.ReplicationManager (ReplicationManager.java:run(917)) - Replication Monitor Thread is stopped
2023-08-04 02:33:34,752 [Time-limited test] INFO  server.StorageContainerManager (StorageContainerManager.java:stop(1601)) - Stopping the Datanode Admin Monitor.
2023-08-04 02:33:34,753 [Time-limited test] INFO  server.StorageContainerManager (StorageContainerManager.java:stop(1608)) - Stopping datanode service RPC server
2023-08-04 02:33:34,753 [Time-limited test] INFO  server.SCMDatanodeProtocolServer (SCMDatanodeProtocolServer.java:stop(424)) - Stopping the RPC server for DataNodes
2023-08-04 02:33:34,753 [Time-limited test] INFO  ipc.Server (Server.java:stop(3523)) - Stopping server on 9861
2023-08-04 02:33:34,756 [IPC Server listener on 9861] INFO  ipc.Server (Server.java:run(1434)) - Stopping IPC Server listener on 9861
2023-08-04 02:33:34,762 [IPC Server Responder] INFO  ipc.Server (Server.java:run(1567)) - Stopping IPC Server Responder
2023-08-04 02:33:36,417 [SCM Heartbeat Processing Thread - 0] WARN  node.NodeStateManager (NodeStateManager.java:scheduleNextHealthCheck(874)) - Current Thread is interrupted, shutting down HB processing thread for Node Manager.
2023-08-04 02:33:36,417 [Time-limited test] INFO  server.StorageContainerManager (StorageContainerManager.java:stop(1616)) - Stopping block service RPC server
2023-08-04 02:33:36,417 [Time-limited test] INFO  server.SCMBlockProtocolServer (SCMBlockProtocolServer.java:stop(161)) - Stopping the RPC server for Block Protocol
2023-08-04 02:33:36,417 [Time-limited test] INFO  ipc.Server (Server.java:stop(3523)) - Stopping server on 9863
2023-08-04 02:33:36,420 [IPC Server listener on 9863] INFO  ipc.Server (Server.java:run(1434)) - Stopping IPC Server listener on 9863
2023-08-04 02:33:36,422 [IPC Server Responder] INFO  ipc.Server (Server.java:run(1567)) - Stopping IPC Server Responder
2023-08-04 02:33:36,423 [Time-limited test] INFO  server.StorageContainerManager (StorageContainerManager.java:stop(1623)) - Stopping the StorageContainerLocationProtocol RPC server
2023-08-04 02:33:36,423 [Time-limited test] INFO  server.SCMClientProtocolServer (SCMClientProtocolServer.java:stop(209)) - Stopping the RPC server for Client Protocol
2023-08-04 02:33:36,423 [Time-limited test] INFO  ipc.Server (Server.java:stop(3523)) - Stopping server on 9860
2023-08-04 02:33:36,430 [IPC Server listener on 9860] INFO  ipc.Server (Server.java:run(1434)) - Stopping IPC Server listener on 9860
2023-08-04 02:33:36,434 [IPC Server Responder] INFO  ipc.Server (Server.java:run(1567)) - Stopping IPC Server Responder
2023-08-04 02:33:36,439 [Time-limited test] INFO  server.StorageContainerManager (StorageContainerManager.java:stop(1630)) - Stopping Storage Container Manager HTTP server.
2023-08-04 02:33:36,440 [Time-limited test] INFO  handler.ContextHandler (ContextHandler.java:doStop(1159)) - Stopped o.e.j.w.WebAppContext@2b8a4bbc{scm,/,null,STOPPED}{file:/home/runner/work/ozone/ozone/hadoop-ozone/integration-test/target/test-classes/webapps/scm}
2023-08-04 02:33:36,441 [Time-limited test] INFO  server.AbstractConnector (AbstractConnector.java:doStop(383)) - Stopped ServerConnector@91cef91{HTTP/1.1, (http/1.1)}{0.0.0.0:9876}
2023-08-04 02:33:36,442 [Time-limited test] INFO  server.session (HouseKeeper.java:stopScavenging(149)) - node0 Stopped scavenging
2023-08-04 02:33:36,442 [Time-limited test] INFO  handler.ContextHandler (ContextHandler.java:doStop(1159)) - Stopped o.e.j.s.ServletContextHandler@1635c85a{static,/static,file:///home/runner/work/ozone/ozone/hadoop-ozone/integration-test/target/test-classes/webapps/static,STOPPED}
2023-08-04 02:33:36,442 [Time-limited test] INFO  handler.ContextHandler (ContextHandler.java:doStop(1159)) - Stopped o.e.j.s.ServletContextHandler@3f94b416{logs,/logs,file:///home/runner/work/ozone/ozone/hadoop-ozone/integration-test/target/log,STOPPED}
2023-08-04 02:33:36,443 [Time-limited test] INFO  server.StorageContainerManager (StorageContainerManager.java:stop(1638)) - Stopping SCM LayoutVersionManager Service.
2023-08-04 02:33:36,443 [Time-limited test] INFO  server.SCMSecurityProtocolServer (SCMSecurityProtocolServer.java:stop(552)) - Stopping the SCMSecurityProtocolServer.
2023-08-04 02:33:36,443 [Time-limited test] INFO  ipc.Server (Server.java:stop(3523)) - Stopping server on 9961
2023-08-04 02:33:36,444 [IPC Server listener on 9961] INFO  ipc.Server (Server.java:run(1434)) - Stopping IPC Server listener on 9961
2023-08-04 02:33:36,445 [IPC Server Responder] INFO  ipc.Server (Server.java:run(1567)) - Stopping IPC Server Responder
2023-08-04 02:33:36,445 [Time-limited test] INFO  server.SCMUpdateServiceGrpcServer (SCMUpdateServiceGrpcServer.java:stop(73)) - SCMUpdateService stopping
2023-08-04 02:33:36,446 [Time-limited test] INFO  server.SCMUpdateServiceGrpcServer (SCMUpdateServiceGrpcServer.java:stop(85)) - SCMUpdateService stopped!
2023-08-04 02:33:36,446 [Time-limited test] INFO  server.StorageContainerManager (StorageContainerManager.java:stop(1650)) - Stopping Block Manager Service.
2023-08-04 02:33:36,446 [Time-limited test] INFO  utils.BackgroundService (BackgroundService.java:shutdown(141)) - Shutting down service SCMBlockDeletingService
2023-08-04 02:33:36,447 [Time-limited test] INFO  utils.BackgroundService (BackgroundService.java:shutdown(141)) - Shutting down service SCMBlockDeletingService
2023-08-04 02:33:36,447 [Time-limited test] INFO  server.StorageContainerManager (StorageContainerManager.java:stop(1670)) - Stopping SCM Event Queue.
2023-08-04 02:33:36,447 [JvmPauseMonitor3] INFO  util.JvmPauseMonitor (JvmPauseMonitor.java:run(109)) - JvmPauseMonitor-76e6d2f6-c374-4caa-82a1-a9968570d479: Stopped
2023-08-04 02:33:36,448 [Time-limited test] INFO  server.StorageContainerManager (StorageContainerManager.java:stop(1681)) - Stopping SCM HA services.
2023-08-04 02:33:36,448 [Time-limited test] INFO  pipeline.BackgroundPipelineCreator (BackgroundPipelineCreator.java:stop(149)) - Stopping RatisPipelineUtilsThread.
2023-08-04 02:33:36,448 [RatisPipelineUtilsThread - 0] WARN  pipeline.BackgroundPipelineCreator (BackgroundPipelineCreator.java:run(180)) - RatisPipelineUtilsThread is interrupted.
2023-08-04 02:33:36,449 [BackgroundPipelineScrubberThread] WARN  BackgroundPipelineScrubber (BackgroundSCMService.java:run(115)) - BackgroundPipelineScrubber is interrupted, exit
2023-08-04 02:33:36,449 [Time-limited test] INFO  BackgroundPipelineScrubber (BackgroundSCMService.java:stop(131)) - Stopping BackgroundPipelineScrubber Service.
2023-08-04 02:33:36,449 [Time-limited test] INFO  impl.MetricsSystemImpl (MetricsSystemImpl.java:stop(210)) - Stopping StorageContainerManager metrics system...
2023-08-04 02:33:36,455 [prometheus] INFO  impl.MetricsSinkAdapter (MetricsSinkAdapter.java:publishMetricsFromQueue(141)) - prometheus thread interrupted.
2023-08-04 02:33:36,455 [Time-limited test] INFO  impl.MetricsSystemImpl (MetricsSystemImpl.java:stop(216)) - StorageContainerManager metrics system stopped.
2023-08-04 02:33:36,455 [Time-limited test] WARN  pipeline.BackgroundPipelineCreator (BackgroundPipelineCreator.java:stop(145)) - RatisPipelineUtilsThread is not running, just ignore.
2023-08-04 02:33:36,455 [Time-limited test] INFO  BackgroundPipelineScrubber (BackgroundSCMService.java:stop(126)) - BackgroundPipelineScrubber Service is not running, skip stop.
2023-08-04 02:33:36,455 [Time-limited test] INFO  ExpiredContainerReplicaOpScrubber (BackgroundSCMService.java:stop(131)) - Stopping ExpiredContainerReplicaOpScrubber Service.
2023-08-04 02:33:36,455 [Time-limited test] INFO  utils.BackgroundService (BackgroundService.java:shutdown(141)) - Shutting down service SCMBlockDeletingService
2023-08-04 02:33:36,455 [ExpiredContainerReplicaOpScrubberThread] WARN  ExpiredContainerReplicaOpScrubber (BackgroundSCMService.java:run(115)) - ExpiredContainerReplicaOpScrubber is interrupted, exit
2023-08-04 02:33:36,455 [Time-limited test] INFO  replication.ReplicationManager (ReplicationManager.java:stop(329)) - Replication Monitor Thread is not running.
2023-08-04 02:33:36,455 [Time-limited test] WARN  balancer.ContainerBalancer (ContainerBalancer.java:stop(326)) - Cannot stop Container Balancer because it's not running or stopping
2023-08-04 02:33:36,456 [Time-limited test] INFO  server.StorageContainerManager (StorageContainerManager.java:stop(1716)) - Stopping SCM MetadataStore.
2023-08-04 02:33:36,457 [Time-limited test] INFO  om.OzoneManager (OzoneManager.java:stop(2187)) - om1[fv-az621-180:1202]: Stopping Ozone Manager
2023-08-04 02:33:36,457 [Time-limited test] INFO  ipc.Server (Server.java:stop(3523)) - Stopping server on 1202
2023-08-04 02:33:36,457 [Time-limited test] INFO  ratis.OzoneManagerStateMachine (OzoneManagerStateMachine.java:close(534)) - StateMachine has shutdown. Shutdown OzoneManager if not already shutdown.
2023-08-04 02:33:36,457 [Time-limited test] INFO  ratis.OzoneManagerDoubleBuffer (OzoneManagerDoubleBuffer.java:stopDaemon(551)) - Stopping OMDoubleBuffer flush thread
2023-08-04 02:33:36,458 [OMDoubleBufferFlushThread] INFO  ratis.OzoneManagerDoubleBuffer (OzoneManagerDoubleBuffer.java:canFlush(638)) - OMDoubleBuffer flush thread OMDoubleBufferFlushThread is interrupted and will exit.
2023-08-04 02:33:36,458 [Time-limited test] INFO  om.OzoneManager (OzoneManager.java:stopSecretManager(1063)) - Stopping secret key client.
2023-08-04 02:33:36,458 [Time-limited test] INFO  om.OzoneManager (OzoneManager.java:stopSecretManager(1068)) - Stopping OM delegation token secret manager.
2023-08-04 02:33:36,458 [Time-limited test] INFO  rocksdiff.RocksDBCheckpointDiffer (RocksDBCheckpointDiffer.java:close(340)) - Shutting down CompactionDagPruningService.
2023-08-04 02:33:36,459 [Time-limited test] INFO  snapshot.SnapshotDiffManager (SnapshotDiffManager.java:closeExecutorService(1720)) - Shutting down executorService: 'SnapDiffExecutor'
2023-08-04 02:33:36,459 [Time-limited test] INFO  snapshot.SnapshotDiffManager (SnapshotDiffManager.java:closeExecutorService(1720)) - Shutting down executorService: 'SstDumpToolExecutor'
2023-08-04 02:33:36,459 [Time-limited test] INFO  utils.BackgroundService (BackgroundService.java:shutdown(141)) - Shutting down service SnapshotDiffCleanupService
2023-08-04 02:33:36,465 [Time-limited test] INFO  om.OzoneManager (OzoneManager.java:stop(2187)) - om1[fv-az621-180:1202]: Stopping Ozone Manager
2023-08-04 02:33:36,466 [Time-limited test] INFO  impl.DefaultInternalKdcServerImpl (DefaultInternalKdcServerImpl.java:doStop(102)) - Default Internal kdc server stopped.
2023-08-04 02:33:37,466 [Time-limited test] INFO  minikdc.MiniKdc (MiniKdc.java:stop(359)) - MiniKdc stopped.
2023-08-04 02:33:37,466 [Time-limited test] INFO  server.StorageContainerManager (StorageContainerManager.java:stop(1581)) - Storage Container Manager is not running.
2023-08-04 02:33:37,466 [Time-limited test] INFO  server.StorageContainerManager (StorageContainerManager.java:stopReplicationManager(1725)) - Stopping Replication Manager Service.
2023-08-04 02:33:37,466 [Time-limited test] INFO  replication.ReplicationManager (ReplicationManager.java:stop(329)) - Replication Monitor Thread is not running.
2023-08-04 02:33:37,466 [Time-limited test] INFO  server.SCMSecurityProtocolServer (SCMSecurityProtocolServer.java:join(562)) - Join RPC server for SCMSecurityProtocolServer.
2023-08-04 02:33:37,467 [Time-limited test] INFO  server.SCMSecurityProtocolServer (SCMSecurityProtocolServer.java:join(564)) - Join gRPC server for SCMSecurityProtocolServer.
2023-08-04 02:33:37,467 [Time-limited test] INFO  om.OzoneManager (OzoneManager.java:stop(2187)) - om1[fv-az621-180:1202]: Stopping Ozone Manager
]]></system-out>
  </testcase>
  <testcase name="testSecureOmInitializationSuccess" classname="org.apache.hadoop.ozone.TestSecureOzoneCluster" time="4.594">
    <system-out><![CDATA[2023-08-04 02:33:37,489 [Time-limited test] INFO  net.ServerSocketUtil (ServerSocketUtil.java:getPort(55)) - Using port 9860
2023-08-04 02:33:37,489 [Time-limited test] INFO  net.ServerSocketUtil (ServerSocketUtil.java:getPort(55)) - Using port 9861
2023-08-04 02:33:37,489 [Time-limited test] INFO  net.ServerSocketUtil (ServerSocketUtil.java:getPort(55)) - Using port 9863
2023-08-04 02:33:37,489 [Time-limited test] INFO  net.ServerSocketUtil (ServerSocketUtil.java:getPort(55)) - Using port 9961
2023-08-04 02:33:37,489 [Time-limited test] INFO  net.ServerSocketUtil (ServerSocketUtil.java:getPort(55)) - Using port 1200
2023-08-04 02:33:37,489 [Time-limited test] INFO  net.ServerSocketUtil (ServerSocketUtil.java:getPort(55)) - Using port 1201
2023-08-04 02:33:37,490 [Time-limited test] INFO  minikdc.MiniKdc (MiniKdc.java:<init>(225)) - Configuration:
2023-08-04 02:33:37,490 [Time-limited test] INFO  minikdc.MiniKdc (MiniKdc.java:<init>(226)) - ---------------------------------------------------------------
2023-08-04 02:33:37,490 [Time-limited test] INFO  minikdc.MiniKdc (MiniKdc.java:<init>(228)) -   debug: false
2023-08-04 02:33:37,490 [Time-limited test] INFO  minikdc.MiniKdc (MiniKdc.java:<init>(228)) -   transport: TCP
2023-08-04 02:33:37,490 [Time-limited test] INFO  minikdc.MiniKdc (MiniKdc.java:<init>(228)) -   max.ticket.lifetime: 86400000
2023-08-04 02:33:37,490 [Time-limited test] INFO  minikdc.MiniKdc (MiniKdc.java:<init>(228)) -   org.name: EXAMPLE
2023-08-04 02:33:37,490 [Time-limited test] INFO  minikdc.MiniKdc (MiniKdc.java:<init>(228)) -   kdc.port: 0
2023-08-04 02:33:37,490 [Time-limited test] INFO  minikdc.MiniKdc (MiniKdc.java:<init>(228)) -   org.domain: COM
2023-08-04 02:33:37,490 [Time-limited test] INFO  minikdc.MiniKdc (MiniKdc.java:<init>(228)) -   max.renewable.lifetime: 604800000
2023-08-04 02:33:37,490 [Time-limited test] INFO  minikdc.MiniKdc (MiniKdc.java:<init>(228)) -   instance: DefaultKrbServer
2023-08-04 02:33:37,490 [Time-limited test] INFO  minikdc.MiniKdc (MiniKdc.java:<init>(228)) -   kdc.bind.address: localhost
2023-08-04 02:33:37,490 [Time-limited test] INFO  minikdc.MiniKdc (MiniKdc.java:<init>(230)) - ---------------------------------------------------------------
2023-08-04 02:33:37,492 [Time-limited test] INFO  minikdc.MiniKdc (MiniKdc.java:start(285)) - MiniKdc started.
2023-08-04 02:33:37,630 [Time-limited test] INFO  om.OzoneManager (OzoneManager.java:getOmDetailsProto(4555)) - OzoneManager ports added:[name: "RPC"
value: 1202
]
2023-08-04 02:33:37,631 [Time-limited test] WARN  server.ServerUtils (ServerUtils.java:getScmDbDir(155)) - ozone.scm.db.dirs is not configured. We recommend adding this setting. Falling back to ozone.metadata.dirs instead.
2023-08-04 02:33:37,633 [Time-limited test] INFO  ha.HASecurityUtils (HASecurityUtils.java:initializeSecurity(98)) - Initializing secure StorageContainerManager.
2023-08-04 02:33:37,639 [Time-limited test] INFO  client.SCMCertificateClient (DefaultCertificateClient.java:updateCertSerialId(1226)) - Certificate serial ID set to null
2023-08-04 02:33:37,639 [Time-limited test] ERROR client.SCMCertificateClient (DefaultCertificateClient.java:getCertPath(361)) - Default certificate serial id is not set. Can't locate the default certificate for this client.
2023-08-04 02:33:37,639 [Time-limited test] INFO  client.SCMCertificateClient (DefaultCertificateClient.java:init(707)) - Certificate client init case: 0
2023-08-04 02:33:37,639 [Time-limited test] INFO  client.SCMCertificateClient (SCMCertificateClient.java:handleCase(96)) - Creating keypair for client as keypair and certificate not found.
2023-08-04 02:33:37,832 [Time-limited test] INFO  ha.HASecurityUtils (HASecurityUtils.java:initializeSecurity(108)) - Init response: GETCERT
2023-08-04 02:33:38,107 [Time-limited test] INFO  ozone.OzoneSecurityUtil (OzoneSecurityUtil.java:getValidInetsForCurrentHost(119)) - ip:fe80:0:0:0:20d:3aff:fe7a:a89f%eth0 not returned.
2023-08-04 02:33:38,107 [Time-limited test] INFO  ozone.OzoneSecurityUtil (OzoneSecurityUtil.java:getValidInetsForCurrentHost(116)) - Adding ip:10.1.0.9,host:fv-az621-180
2023-08-04 02:33:38,107 [Time-limited test] INFO  ozone.OzoneSecurityUtil (OzoneSecurityUtil.java:getValidInetsForCurrentHost(119)) - ip:0:0:0:0:0:0:0:1%lo not returned.
2023-08-04 02:33:38,107 [Time-limited test] INFO  ozone.OzoneSecurityUtil (OzoneSecurityUtil.java:getValidInetsForCurrentHost(119)) - ip:127.0.0.1 not returned.
2023-08-04 02:33:38,107 [Time-limited test] ERROR utils.SelfSignedCertificate (SelfSignedCertificate.java:lambda$addInetAddresses$0(244)) - Invalid domain fv-az621-180
2023-08-04 02:33:38,110 [Time-limited test] INFO  utils.SelfSignedCertificate (SelfSignedCertificate.java:generateCertificate(157)) - Certificate 1 is issued by CN=scm-1@fv-az621-180,OU=ba60364f-5f72-43bd-955f-c0f917f64d89,O=771f9158-0b83-40a1-bd13-f85040bb9098 to CN=scm-1@fv-az621-180,OU=ba60364f-5f72-43bd-955f-c0f917f64d89,O=771f9158-0b83-40a1-bd13-f85040bb9098, valid from Fri Aug 04 02:33:38 UTC 2023 to Mon Sep 11 02:33:38 UTC 2028
2023-08-04 02:33:38,111 [Time-limited test] INFO  utils.CertificateCodec (CertificateCodec.java:writeCertificate(299)) - Save certificate to /tmp/junit4570880851396909626/junit2173992389630073811/scm-meta/scm/ca/certs/certificate.crt
2023-08-04 02:33:38,111 [Time-limited test] INFO  utils.CertificateCodec (CertificateCodec.java:writeCertificate(300)) - Certificate -----BEGIN CERTIFICATE-----
MIIDpTCCAo2gAwIBAgIBATANBgkqhkiG9w0BAQsFADB7MRswGQYDVQQDDBJzY20t
MUBmdi1hejYyMS0xODAxLTArBgNVBAsMJGJhNjAzNjRmLTVmNzItNDNiZC05NTVm
LWMwZjkxN2Y2NGQ4OTEtMCsGA1UECgwkNzcxZjkxNTgtMGI4My00MGExLWJkMTMt
Zjg1MDQwYmI5MDk4MB4XDTIzMDgwNDAyMzMzOFoXDTI4MDkxMTAyMzMzOFowezEb
MBkGA1UEAwwSc2NtLTFAZnYtYXo2MjEtMTgwMS0wKwYDVQQLDCRiYTYwMzY0Zi01
ZjcyLTQzYmQtOTU1Zi1jMGY5MTdmNjRkODkxLTArBgNVBAoMJDc3MWY5MTU4LTBi
ODMtNDBhMS1iZDEzLWY4NTA0MGJiOTA5ODCCASIwDQYJKoZIhvcNAQEBBQADggEP
ADCCAQoCggEBAMVxv3WmCED70TWzf0+UZZ2nBw4ZG5QkaL1wL5pLbeMc7d1o8OnJ
oE99KOSX/9H/M/qvq1+EYcADWGYtwPBj9mLyW8f+f2fV/xxzyz4r35sfCbmKyfsK
/LIEQqjrtklC2z//41/z6Cgo9Wl+zZSjN9l9sca4N332QkdFeDSlaMmer2JOBGn4
WCm/sH/bMOsz5ySmy9/2FKniHpyfxmblQa/eTNRlv6KkcVcV8+cTB61xKXJ9YgJh
CWmWSa7O8d3yY2HwZTwdPcZ11GUXKdFR7ZrAz+FxxiBY3dFook92gIHQlKCK5iUm
cv9EybYWetj0I0XgvNg97ULXcKDIh+bJeusCAwEAAaM0MDIwDwYDVR0TAQH/BAUw
AwEB/zAOBgNVHQ8BAf8EBAMCAQYwDwYDVR0RBAgwBocECgEACTANBgkqhkiG9w0B
AQsFAAOCAQEAH+Ei19XLiLD+a9vC5VDrA6drDESxndD/86GKQ5RNUBaG/jHp2RKg
rErW/hJX0I7ERIIEIMlQfbfRrgZsAkG+vOcuq1/vwWFfMxWBc5OyX8pNqCzPSw4m
NZN8FwqYz9P1XFJmprXBHOxOG28kgFj/GowCD8PkjJ1qBVb9qMa9ycoQDpN3ASWd
/7+UPidH4LSdTTqr8bt3r+ESyX0nGivkfbwhKrcDE/eXy6CGwQDRs8hsXIqZDesz
lwfg225l2BjZTSOjLybS5csCk5ret6hNUnOzW82XHbh2HgVxC4cTI3be+yGvCZuu
78x6x1e5NGetC7L83ky2Du8z2H91YSWh1w==
-----END CERTIFICATE-----

2023-08-04 02:33:38,112 [Time-limited test] INFO  client.SCMCertificateClient (SCMCertificateClient.java:getCSRBuilder(158)) - Creating csr for SCM->hostName:fv-az621-180,scmId:ba60364f-5f72-43bd-955f-c0f917f64d89,clusterId:771f9158-0b83-40a1-bd13-f85040bb9098,subject:scm-sub-1465009396780@fv-az621-180
2023-08-04 02:33:38,112 [Time-limited test] INFO  ozone.OzoneSecurityUtil (OzoneSecurityUtil.java:getValidInetsForCurrentHost(119)) - ip:fe80:0:0:0:20d:3aff:fe7a:a89f%eth0 not returned.
2023-08-04 02:33:38,112 [Time-limited test] INFO  ozone.OzoneSecurityUtil (OzoneSecurityUtil.java:getValidInetsForCurrentHost(116)) - Adding ip:10.1.0.9,host:fv-az621-180
2023-08-04 02:33:38,112 [Time-limited test] INFO  ozone.OzoneSecurityUtil (OzoneSecurityUtil.java:getValidInetsForCurrentHost(119)) - ip:0:0:0:0:0:0:0:1%lo not returned.
2023-08-04 02:33:38,112 [Time-limited test] INFO  ozone.OzoneSecurityUtil (OzoneSecurityUtil.java:getValidInetsForCurrentHost(119)) - ip:127.0.0.1 not returned.
2023-08-04 02:33:38,112 [Time-limited test] ERROR utils.CertificateSignRequest (CertificateSignRequest.java:lambda$addInetAddresses$0(295)) - Invalid domain fv-az621-180
2023-08-04 02:33:38,112 [Time-limited test] INFO  ha.HASecurityUtils (HASecurityUtils.java:generateCSR(308)) - Creating csr for SCM->hostName:fv-az621-180,scmId:ba60364f-5f72-43bd-955f-c0f917f64d89,clusterId:771f9158-0b83-40a1-bd13-f85040bb9098,subject:scm-sub-1465010039689@fv-az621-180
2023-08-04 02:33:38,116 [Time-limited test] INFO  authority.DefaultApprover (DefaultApprover.java:sign(154)) - Extensions in CSR: 2.5.29.19, 2.5.29.15, 2.5.29.17
2023-08-04 02:33:38,116 [Time-limited test] INFO  authority.DefaultApprover (DefaultApprover.java:sign(158)) - Extensions to add to the certificate if they present in CSR: 2.5.29.17, 2.5.29.19, 1.3.6.1.5.5.7.1.12, 2.5.29.35, 2.5.29.37, 2.5.29.15
2023-08-04 02:33:38,119 [Time-limited test] INFO  utils.CertificateCodec (CertificateCodec.java:writeCertificate(299)) - Save certificate to /tmp/junit4570880851396909626/junit2173992389630073811/scm-meta/scm/sub-ca/certs/CA-1.crt
2023-08-04 02:33:38,119 [Time-limited test] INFO  utils.CertificateCodec (CertificateCodec.java:writeCertificate(300)) - Certificate -----BEGIN CERTIFICATE-----
MIIDpTCCAo2gAwIBAgIBATANBgkqhkiG9w0BAQsFADB7MRswGQYDVQQDDBJzY20t
MUBmdi1hejYyMS0xODAxLTArBgNVBAsMJGJhNjAzNjRmLTVmNzItNDNiZC05NTVm
LWMwZjkxN2Y2NGQ4OTEtMCsGA1UECgwkNzcxZjkxNTgtMGI4My00MGExLWJkMTMt
Zjg1MDQwYmI5MDk4MB4XDTIzMDgwNDAyMzMzOFoXDTI4MDkxMTAyMzMzOFowezEb
MBkGA1UEAwwSc2NtLTFAZnYtYXo2MjEtMTgwMS0wKwYDVQQLDCRiYTYwMzY0Zi01
ZjcyLTQzYmQtOTU1Zi1jMGY5MTdmNjRkODkxLTArBgNVBAoMJDc3MWY5MTU4LTBi
ODMtNDBhMS1iZDEzLWY4NTA0MGJiOTA5ODCCASIwDQYJKoZIhvcNAQEBBQADggEP
ADCCAQoCggEBAMVxv3WmCED70TWzf0+UZZ2nBw4ZG5QkaL1wL5pLbeMc7d1o8OnJ
oE99KOSX/9H/M/qvq1+EYcADWGYtwPBj9mLyW8f+f2fV/xxzyz4r35sfCbmKyfsK
/LIEQqjrtklC2z//41/z6Cgo9Wl+zZSjN9l9sca4N332QkdFeDSlaMmer2JOBGn4
WCm/sH/bMOsz5ySmy9/2FKniHpyfxmblQa/eTNRlv6KkcVcV8+cTB61xKXJ9YgJh
CWmWSa7O8d3yY2HwZTwdPcZ11GUXKdFR7ZrAz+FxxiBY3dFook92gIHQlKCK5iUm
cv9EybYWetj0I0XgvNg97ULXcKDIh+bJeusCAwEAAaM0MDIwDwYDVR0TAQH/BAUw
AwEB/zAOBgNVHQ8BAf8EBAMCAQYwDwYDVR0RBAgwBocECgEACTANBgkqhkiG9w0B
AQsFAAOCAQEAH+Ei19XLiLD+a9vC5VDrA6drDESxndD/86GKQ5RNUBaG/jHp2RKg
rErW/hJX0I7ERIIEIMlQfbfRrgZsAkG+vOcuq1/vwWFfMxWBc5OyX8pNqCzPSw4m
NZN8FwqYz9P1XFJmprXBHOxOG28kgFj/GowCD8PkjJ1qBVb9qMa9ycoQDpN3ASWd
/7+UPidH4LSdTTqr8bt3r+ESyX0nGivkfbwhKrcDE/eXy6CGwQDRs8hsXIqZDesz
lwfg225l2BjZTSOjLybS5csCk5ret6hNUnOzW82XHbh2HgVxC4cTI3be+yGvCZuu
78x6x1e5NGetC7L83ky2Du8z2H91YSWh1w==
-----END CERTIFICATE-----

2023-08-04 02:33:38,120 [Time-limited test] INFO  utils.CertificateCodec (CertificateCodec.java:writeCertificate(299)) - Save certificate to /tmp/junit4570880851396909626/junit2173992389630073811/scm-meta/scm/sub-ca/certs/1465013305538.crt
2023-08-04 02:33:38,120 [Time-limited test] INFO  utils.CertificateCodec (CertificateCodec.java:writeCertificate(300)) - Certificate -----BEGIN CERTIFICATE-----
MIIDuzCCAqOgAwIBAgIGAVUZmQDCMA0GCSqGSIb3DQEBCwUAMHsxGzAZBgNVBAMM
EnNjbS0xQGZ2LWF6NjIxLTE4MDEtMCsGA1UECwwkYmE2MDM2NGYtNWY3Mi00M2Jk
LTk1NWYtYzBmOTE3ZjY0ZDg5MS0wKwYDVQQKDCQ3NzFmOTE1OC0wYjgzLTQwYTEt
YmQxMy1mODUwNDBiYjkwOTgwHhcNMjMwODA0MDIzMzM4WhcNMjgwOTExMDIzMzM4
WjCBizErMCkGA1UEAwwic2NtLXN1Yi0xNDY1MDEwMDM5Njg5QGZ2LWF6NjIxLTE4
MDEtMCsGA1UECwwkYmE2MDM2NGYtNWY3Mi00M2JkLTk1NWYtYzBmOTE3ZjY0ZDg5
MS0wKwYDVQQKDCQ3NzFmOTE1OC0wYjgzLTQwYTEtYmQxMy1mODUwNDBiYjkwOTgw
ggEiMA0GCSqGSIb3DQEBAQUAA4IBDwAwggEKAoIBAQDFlqTWlPxs37l/540mU4ay
n8VNL+wrifet74seR4g8m+EmFQQFHUEVMunVeafeo7D0i/gtP54l9BTVoF7ueME2
tPIP9+6F+Fa2x3kyo1fG3H2WFpTKueYa9wDsw84eH1kjBtAcS2uNvuJ5+Ch0Y/S6
AfEvoIsPmnARxuWgFZrp6ztyOaBVKoqvCuyeFnsaEI1TqrvzAI6/1cLVWNW2elaK
zHsEau+WxDYUscqX+nkCzcZbKvTjD4cLRkz0+gT7JVxPiXjeKyiugLr7qPQdqQX7
XMfqmplPVBBTuVr62JkfuqDwHWi6gDOu0W9y/1ft2AFJgOqOqLHx8zluvuTlGrN3
AgMBAAGjNDAyMA8GA1UdEQQIMAaHBAoBAAkwDwYDVR0TAQH/BAUwAwEB/zAOBgNV
HQ8BAf8EBAMCAb4wDQYJKoZIhvcNAQELBQADggEBABYBkOrvjameyCA3ow2Q0ca0
GSUSbJ2fHvLVs/HQHjt4iSVMSo7XtDFwpSQk0jtaXgN47bwZXx+axugI0x/aduoL
ljl6u4eybin/bXfgTRB30yxtDm5SIKED9k0bTAK91gME5Guq5PZfIbmh7FrUtE6w
Pft4cr8Armln/9mxPUralX6kMzq4aoEtOUAviEQmTffhsuD3wY78WqHjc/MMn5Ww
qrzStx2UW4BoFZ2Q4cjMbKlOvUKPs3cXxtSJkvw8hthDwWw2Ri4O7lwVJ/q00yA9
WO09HmqcfWyaIIzjL16ys/cCxxQ8SKqGQJjDlb8wIaYIx7zXLmMJUUXe7wIP0n4=
-----END CERTIFICATE-----

-----BEGIN CERTIFICATE-----
MIIDpTCCAo2gAwIBAgIBATANBgkqhkiG9w0BAQsFADB7MRswGQYDVQQDDBJzY20t
MUBmdi1hejYyMS0xODAxLTArBgNVBAsMJGJhNjAzNjRmLTVmNzItNDNiZC05NTVm
LWMwZjkxN2Y2NGQ4OTEtMCsGA1UECgwkNzcxZjkxNTgtMGI4My00MGExLWJkMTMt
Zjg1MDQwYmI5MDk4MB4XDTIzMDgwNDAyMzMzOFoXDTI4MDkxMTAyMzMzOFowezEb
MBkGA1UEAwwSc2NtLTFAZnYtYXo2MjEtMTgwMS0wKwYDVQQLDCRiYTYwMzY0Zi01
ZjcyLTQzYmQtOTU1Zi1jMGY5MTdmNjRkODkxLTArBgNVBAoMJDc3MWY5MTU4LTBi
ODMtNDBhMS1iZDEzLWY4NTA0MGJiOTA5ODCCASIwDQYJKoZIhvcNAQEBBQADggEP
ADCCAQoCggEBAMVxv3WmCED70TWzf0+UZZ2nBw4ZG5QkaL1wL5pLbeMc7d1o8OnJ
oE99KOSX/9H/M/qvq1+EYcADWGYtwPBj9mLyW8f+f2fV/xxzyz4r35sfCbmKyfsK
/LIEQqjrtklC2z//41/z6Cgo9Wl+zZSjN9l9sca4N332QkdFeDSlaMmer2JOBGn4
WCm/sH/bMOsz5ySmy9/2FKniHpyfxmblQa/eTNRlv6KkcVcV8+cTB61xKXJ9YgJh
CWmWSa7O8d3yY2HwZTwdPcZ11GUXKdFR7ZrAz+FxxiBY3dFook92gIHQlKCK5iUm
cv9EybYWetj0I0XgvNg97ULXcKDIh+bJeusCAwEAAaM0MDIwDwYDVR0TAQH/BAUw
AwEB/zAOBgNVHQ8BAf8EBAMCAQYwDwYDVR0RBAgwBocECgEACTANBgkqhkiG9w0B
AQsFAAOCAQEAH+Ei19XLiLD+a9vC5VDrA6drDESxndD/86GKQ5RNUBaG/jHp2RKg
rErW/hJX0I7ERIIEIMlQfbfRrgZsAkG+vOcuq1/vwWFfMxWBc5OyX8pNqCzPSw4m
NZN8FwqYz9P1XFJmprXBHOxOG28kgFj/GowCD8PkjJ1qBVb9qMa9ycoQDpN3ASWd
/7+UPidH4LSdTTqr8bt3r+ESyX0nGivkfbwhKrcDE/eXy6CGwQDRs8hsXIqZDesz
lwfg225l2BjZTSOjLybS5csCk5ret6hNUnOzW82XHbh2HgVxC4cTI3be+yGvCZuu
78x6x1e5NGetC7L83ky2Du8z2H91YSWh1w==
-----END CERTIFICATE-----

2023-08-04 02:33:38,120 [Time-limited test] INFO  utils.CertificateCodec (CertificateCodec.java:writeCertificate(299)) - Save certificate to /tmp/junit4570880851396909626/junit2173992389630073811/scm-meta/scm/sub-ca/certs/certificate.crt
2023-08-04 02:33:38,120 [Time-limited test] INFO  utils.CertificateCodec (CertificateCodec.java:writeCertificate(300)) - Certificate -----BEGIN CERTIFICATE-----
MIIDuzCCAqOgAwIBAgIGAVUZmQDCMA0GCSqGSIb3DQEBCwUAMHsxGzAZBgNVBAMM
EnNjbS0xQGZ2LWF6NjIxLTE4MDEtMCsGA1UECwwkYmE2MDM2NGYtNWY3Mi00M2Jk
LTk1NWYtYzBmOTE3ZjY0ZDg5MS0wKwYDVQQKDCQ3NzFmOTE1OC0wYjgzLTQwYTEt
YmQxMy1mODUwNDBiYjkwOTgwHhcNMjMwODA0MDIzMzM4WhcNMjgwOTExMDIzMzM4
WjCBizErMCkGA1UEAwwic2NtLXN1Yi0xNDY1MDEwMDM5Njg5QGZ2LWF6NjIxLTE4
MDEtMCsGA1UECwwkYmE2MDM2NGYtNWY3Mi00M2JkLTk1NWYtYzBmOTE3ZjY0ZDg5
MS0wKwYDVQQKDCQ3NzFmOTE1OC0wYjgzLTQwYTEtYmQxMy1mODUwNDBiYjkwOTgw
ggEiMA0GCSqGSIb3DQEBAQUAA4IBDwAwggEKAoIBAQDFlqTWlPxs37l/540mU4ay
n8VNL+wrifet74seR4g8m+EmFQQFHUEVMunVeafeo7D0i/gtP54l9BTVoF7ueME2
tPIP9+6F+Fa2x3kyo1fG3H2WFpTKueYa9wDsw84eH1kjBtAcS2uNvuJ5+Ch0Y/S6
AfEvoIsPmnARxuWgFZrp6ztyOaBVKoqvCuyeFnsaEI1TqrvzAI6/1cLVWNW2elaK
zHsEau+WxDYUscqX+nkCzcZbKvTjD4cLRkz0+gT7JVxPiXjeKyiugLr7qPQdqQX7
XMfqmplPVBBTuVr62JkfuqDwHWi6gDOu0W9y/1ft2AFJgOqOqLHx8zluvuTlGrN3
AgMBAAGjNDAyMA8GA1UdEQQIMAaHBAoBAAkwDwYDVR0TAQH/BAUwAwEB/zAOBgNV
HQ8BAf8EBAMCAb4wDQYJKoZIhvcNAQELBQADggEBABYBkOrvjameyCA3ow2Q0ca0
GSUSbJ2fHvLVs/HQHjt4iSVMSo7XtDFwpSQk0jtaXgN47bwZXx+axugI0x/aduoL
ljl6u4eybin/bXfgTRB30yxtDm5SIKED9k0bTAK91gME5Guq5PZfIbmh7FrUtE6w
Pft4cr8Armln/9mxPUralX6kMzq4aoEtOUAviEQmTffhsuD3wY78WqHjc/MMn5Ww
qrzStx2UW4BoFZ2Q4cjMbKlOvUKPs3cXxtSJkvw8hthDwWw2Ri4O7lwVJ/q00yA9
WO09HmqcfWyaIIzjL16ys/cCxxQ8SKqGQJjDlb8wIaYIx7zXLmMJUUXe7wIP0n4=
-----END CERTIFICATE-----

-----BEGIN CERTIFICATE-----
MIIDpTCCAo2gAwIBAgIBATANBgkqhkiG9w0BAQsFADB7MRswGQYDVQQDDBJzY20t
MUBmdi1hejYyMS0xODAxLTArBgNVBAsMJGJhNjAzNjRmLTVmNzItNDNiZC05NTVm
LWMwZjkxN2Y2NGQ4OTEtMCsGA1UECgwkNzcxZjkxNTgtMGI4My00MGExLWJkMTMt
Zjg1MDQwYmI5MDk4MB4XDTIzMDgwNDAyMzMzOFoXDTI4MDkxMTAyMzMzOFowezEb
MBkGA1UEAwwSc2NtLTFAZnYtYXo2MjEtMTgwMS0wKwYDVQQLDCRiYTYwMzY0Zi01
ZjcyLTQzYmQtOTU1Zi1jMGY5MTdmNjRkODkxLTArBgNVBAoMJDc3MWY5MTU4LTBi
ODMtNDBhMS1iZDEzLWY4NTA0MGJiOTA5ODCCASIwDQYJKoZIhvcNAQEBBQADggEP
ADCCAQoCggEBAMVxv3WmCED70TWzf0+UZZ2nBw4ZG5QkaL1wL5pLbeMc7d1o8OnJ
oE99KOSX/9H/M/qvq1+EYcADWGYtwPBj9mLyW8f+f2fV/xxzyz4r35sfCbmKyfsK
/LIEQqjrtklC2z//41/z6Cgo9Wl+zZSjN9l9sca4N332QkdFeDSlaMmer2JOBGn4
WCm/sH/bMOsz5ySmy9/2FKniHpyfxmblQa/eTNRlv6KkcVcV8+cTB61xKXJ9YgJh
CWmWSa7O8d3yY2HwZTwdPcZ11GUXKdFR7ZrAz+FxxiBY3dFook92gIHQlKCK5iUm
cv9EybYWetj0I0XgvNg97ULXcKDIh+bJeusCAwEAAaM0MDIwDwYDVR0TAQH/BAUw
AwEB/zAOBgNVHQ8BAf8EBAMCAQYwDwYDVR0RBAgwBocECgEACTANBgkqhkiG9w0B
AQsFAAOCAQEAH+Ei19XLiLD+a9vC5VDrA6drDESxndD/86GKQ5RNUBaG/jHp2RKg
rErW/hJX0I7ERIIEIMlQfbfRrgZsAkG+vOcuq1/vwWFfMxWBc5OyX8pNqCzPSw4m
NZN8FwqYz9P1XFJmprXBHOxOG28kgFj/GowCD8PkjJ1qBVb9qMa9ycoQDpN3ASWd
/7+UPidH4LSdTTqr8bt3r+ESyX0nGivkfbwhKrcDE/eXy6CGwQDRs8hsXIqZDesz
lwfg225l2BjZTSOjLybS5csCk5ret6hNUnOzW82XHbh2HgVxC4cTI3be+yGvCZuu
78x6x1e5NGetC7L83ky2Du8z2H91YSWh1w==
-----END CERTIFICATE-----

2023-08-04 02:33:38,120 [Time-limited test] INFO  ha.HASecurityUtils (HASecurityUtils.java:initializeSecurity(121)) - Successfully stored SCM signed certificate.
2023-08-04 02:33:38,126 [Time-limited test] WARN  server.ServerUtils (ServerUtils.java:getScmDbDir(155)) - ozone.scm.db.dirs is not configured. We recommend adding this setting. Falling back to ozone.metadata.dirs instead.
2023-08-04 02:33:38,127 [Time-limited test] INFO  ha.SCMHANodeDetails (SCMHANodeDetails.java:loadSCMHAConfig(210)) - ServiceID for StorageContainerManager is null
2023-08-04 02:33:38,127 [Time-limited test] INFO  ha.SCMHANodeDetails (SCMHANodeDetails.java:loadSCMHAConfig(215)) - ozone.scm.default.service.id is not defined, falling back to ozone.scm.service.ids to find serviceID for StorageContainerManager if it is HA enabled cluster
2023-08-04 02:33:38,130 [pool-264-thread-1] INFO  request.KdcRequest (KdcRequest.java:preauth(651)) - The preauth data is empty.
2023-08-04 02:33:38,130 [pool-264-thread-1] INFO  server.KdcHandler (KdcHandler.java:handleRecoverableException(177)) - KRB error occurred while processing request:Additional pre-authentication required
2023-08-04 02:33:38,143 [pool-264-thread-2] INFO  request.AsRequest (AsRequest.java:issueTicket(112)) - AS_REQ ISSUE: authtime 1691116418138,scm/fv-az621-180@EXAMPLE.COM for krbtgt/EXAMPLE.COM@EXAMPLE.COM
2023-08-04 02:33:38,144 [Time-limited test] INFO  security.UserGroupInformation (UserGroupInformation.java:loginUserFromKeytab(1132)) - Login successful for user scm/fv-az621-180@EXAMPLE.COM using keytab file scm.keytab. Keytab auto renewal enabled : false
2023-08-04 02:33:38,144 [Time-limited test] INFO  server.StorageContainerManager (StorageContainerManager.java:loginAsSCMUserIfSecurityEnabled(1050)) - SCM login successful.
2023-08-04 02:33:38,145 [Time-limited test] INFO  client.SCMCertificateClient (DefaultCertificateClient.java:updateCertSerialId(1226)) - Certificate serial ID set to 1465013305538
2023-08-04 02:33:38,147 [Time-limited test] INFO  client.SCMCertificateClient (DefaultCertificateClient.java:readCertificateFile(236)) - Added certificate   [0]         Version: 3
         SerialNumber: 1465013305538
             IssuerDN: CN=scm-1@fv-az621-180,OU=ba60364f-5f72-43bd-955f-c0f917f64d89,O=771f9158-0b83-40a1-bd13-f85040bb9098
           Start Date: Fri Aug 04 02:33:38 UTC 2023
           Final Date: Mon Sep 11 02:33:38 UTC 2028
            SubjectDN: CN=scm-sub-1465010039689@fv-az621-180,OU=ba60364f-5f72-43bd-955f-c0f917f64d89,O=771f9158-0b83-40a1-bd13-f85040bb9098
           Public Key: RSA Public Key [58:3f:ef:3c:a6:b5:0d:02:31:d3:12:26:ba:8c:0b:88:49:fa:0f:87],[56:66:d1:a4]
        modulus: c596a4d694fc6cdfb97fe78d265386b29fc54d2fec2b89f7adef8b1e47883c9be1261504051d411532e9d579a7dea3b0f48bf82d3f9e25f414d5a05eee78c136b4f20ff7ee85f856b6c77932a357c6dc7d961694cab9e61af700ecc3ce1e1f592306d01c4b6b8dbee279f8287463f4ba01f12fa08b0f9a7011c6e5a0159ae9eb3b7239a0552a8aaf0aec9e167b1a108d53aabbf3008ebfd5c2d558d5b67a568acc7b046aef96c43614b1ca97fa7902cdc65b2af4e30f870b464cf4fa04fb255c4f8978de2b28ae80bafba8f41da905fb5cc7ea9a994f541053b95afad8991fbaa0f01d68ba8033aed16f72ff57edd8014980ea8ea8b1f1f3396ebee4e51ab377
public exponent: 10001

  Signature Algorithm: SHA256WITHRSA
            Signature: 160190eaef8da99ec82037a30d90d1c6b4192512
                       6c9d9f1ef2d5b3f1d01e3b7889254c4a8ed7b431
                       70a52424d23b5a5e0378edbc195f1f9ac6e808d3
                       1fda76ea0b96397abb87b26e29ff6d77e04d1077
                       d32c6d0e6e5220a103f64d1b4c02bdd60304e46b
                       aae4f65f21b9a1ec5ad4b44eb03dfb7872bf00ae
                       6967ffd9b13d4ada957ea4333ab86a812d39402f
                       8844264df7e1b2e0f7c18efc5aa1e373f30c9f95
                       b0aabcd2b71d945b8068159d90e1c8cc6ca94ebd
                       428fb37717c6d48992fc3c86d843c16c36462e0e
                       ee5c1527fab4d3203d58ed3d1e6a9c7d6c9a208c
                       e32f5eb2b3f702c7143c48aa864098c395bf3021
                       a608c7bcd72e63095145deef020fd27e
       Extensions: 
                       critical(false) 2.5.29.17 value = Sequence
    Tagged [7] IMPLICIT 
        DER Octet String[4] 

                       critical(true) BasicConstraints: isCa(true)
                       critical(true) KeyUsage: 0xbe
 from file: /tmp/junit4570880851396909626/junit2173992389630073811/scm-meta/scm/sub-ca/certs/1465013305538.crt.
2023-08-04 02:33:38,148 [Time-limited test] INFO  client.SCMCertificateClient (DefaultCertificateClient.java:readCertificateFile(236)) - Added certificate   [0]         Version: 3
         SerialNumber: 1
             IssuerDN: CN=scm-1@fv-az621-180,OU=ba60364f-5f72-43bd-955f-c0f917f64d89,O=771f9158-0b83-40a1-bd13-f85040bb9098
           Start Date: Fri Aug 04 02:33:38 UTC 2023
           Final Date: Mon Sep 11 02:33:38 UTC 2028
            SubjectDN: CN=scm-1@fv-az621-180,OU=ba60364f-5f72-43bd-955f-c0f917f64d89,O=771f9158-0b83-40a1-bd13-f85040bb9098
           Public Key: RSA Public Key [61:bd:97:aa:0a:46:63:d4:57:1c:55:6a:ad:1b:56:27:1f:bf:ea:fb],[56:66:d1:a4]
        modulus: c571bf75a60840fbd135b37f4f94659da7070e191b942468bd702f9a4b6de31ceddd68f0e9c9a04f7d28e497ffd1ff33faafab5f8461c00358662dc0f063f662f25bc7fe7f67d5ff1c73cb3e2bdf9b1f09b98ac9fb0afcb20442a8ebb64942db3fffe35ff3e82828f5697ecd94a337d97db1c6b8377df64247457834a568c99eaf624e0469f85829bfb07fdb30eb33e724a6cbdff614a9e21e9c9fc666e541afde4cd465bfa2a4715715f3e71307ad7129727d62026109699649aecef1ddf26361f0653c1d3dc675d4651729d151ed9ac0cfe171c62058ddd168a24f768081d094a08ae6252672ff44c9b6167ad8f42345e0bcd83ded42d770a0c887e6c97aeb
public exponent: 10001

  Signature Algorithm: SHA256WITHRSA
            Signature: 1fe122d7d5cb88b0fe6bdbc2e550eb03a76b0c44
                       b19dd0fff3a18a43944d501686fe31e9d912a0ac
                       4ad6fe1257d08ec444820420c9507db7d1ae066c
                       0241bebce72eab5fefc1615f3315817393b25fca
                       4da82ccf4b0e2635937c170a98cfd3f55c5266a6
                       b5c11cec4e1b6f248058ff1a8c020fc3e48c9d6a
                       0556fda8c6bdc9ca100e937701259dffbf943e27
                       47e0b49d4d3aabf1bb77afe112c97d271a2be47d
                       bc212ab70313f797cba086c100d1b3c86c5c8a99
                       0deb339707e0db6e65d818d94d23a32f26d2e5cb
                       02939adeb7a84d5273b35bcd971db8761e05710b
                       87132376defb21af099baeefcc7ac757b93467ad
                       0bb2fcde4cb60eef33d87f756125a1d7
       Extensions: 
                       critical(true) BasicConstraints: isCa(true)
                       critical(true) KeyUsage: 0x6
                       critical(false) 2.5.29.17 value = Sequence
    Tagged [7] IMPLICIT 
        DER Octet String[4] 

 from file: /tmp/junit4570880851396909626/junit2173992389630073811/scm-meta/scm/sub-ca/certs/CA-1.crt.
2023-08-04 02:33:38,149 [Time-limited test] INFO  client.SCMCertificateClient (DefaultCertificateClient.java:readCertificateFile(236)) - Added certificate   [0]         Version: 3
         SerialNumber: 1465013305538
             IssuerDN: CN=scm-1@fv-az621-180,OU=ba60364f-5f72-43bd-955f-c0f917f64d89,O=771f9158-0b83-40a1-bd13-f85040bb9098
           Start Date: Fri Aug 04 02:33:38 UTC 2023
           Final Date: Mon Sep 11 02:33:38 UTC 2028
            SubjectDN: CN=scm-sub-1465010039689@fv-az621-180,OU=ba60364f-5f72-43bd-955f-c0f917f64d89,O=771f9158-0b83-40a1-bd13-f85040bb9098
           Public Key: RSA Public Key [58:3f:ef:3c:a6:b5:0d:02:31:d3:12:26:ba:8c:0b:88:49:fa:0f:87],[56:66:d1:a4]
        modulus: c596a4d694fc6cdfb97fe78d265386b29fc54d2fec2b89f7adef8b1e47883c9be1261504051d411532e9d579a7dea3b0f48bf82d3f9e25f414d5a05eee78c136b4f20ff7ee85f856b6c77932a357c6dc7d961694cab9e61af700ecc3ce1e1f592306d01c4b6b8dbee279f8287463f4ba01f12fa08b0f9a7011c6e5a0159ae9eb3b7239a0552a8aaf0aec9e167b1a108d53aabbf3008ebfd5c2d558d5b67a568acc7b046aef96c43614b1ca97fa7902cdc65b2af4e30f870b464cf4fa04fb255c4f8978de2b28ae80bafba8f41da905fb5cc7ea9a994f541053b95afad8991fbaa0f01d68ba8033aed16f72ff57edd8014980ea8ea8b1f1f3396ebee4e51ab377
public exponent: 10001

  Signature Algorithm: SHA256WITHRSA
            Signature: 160190eaef8da99ec82037a30d90d1c6b4192512
                       6c9d9f1ef2d5b3f1d01e3b7889254c4a8ed7b431
                       70a52424d23b5a5e0378edbc195f1f9ac6e808d3
                       1fda76ea0b96397abb87b26e29ff6d77e04d1077
                       d32c6d0e6e5220a103f64d1b4c02bdd60304e46b
                       aae4f65f21b9a1ec5ad4b44eb03dfb7872bf00ae
                       6967ffd9b13d4ada957ea4333ab86a812d39402f
                       8844264df7e1b2e0f7c18efc5aa1e373f30c9f95
                       b0aabcd2b71d945b8068159d90e1c8cc6ca94ebd
                       428fb37717c6d48992fc3c86d843c16c36462e0e
                       ee5c1527fab4d3203d58ed3d1e6a9c7d6c9a208c
                       e32f5eb2b3f702c7143c48aa864098c395bf3021
                       a608c7bcd72e63095145deef020fd27e
       Extensions: 
                       critical(false) 2.5.29.17 value = Sequence
    Tagged [7] IMPLICIT 
        DER Octet String[4] 

                       critical(true) BasicConstraints: isCa(true)
                       critical(true) KeyUsage: 0xbe
 from file: /tmp/junit4570880851396909626/junit2173992389630073811/scm-meta/scm/sub-ca/certs/certificate.crt.
2023-08-04 02:33:38,149 [Time-limited test] INFO  client.SCMCertificateClient (DefaultCertificateClient.java:loadAllCertificates(190)) - CertificateRenewerService and root ca rotation polling is disabled for scm/sub-ca
2023-08-04 02:33:38,149 [Time-limited test] WARN  utils.HAUtils (HAUtils.java:getMetaDir(339)) - ozone.scm.db.dirs is not configured. We recommend adding this setting. Falling back to ozone.metadata.dirs instead.
2023-08-04 02:33:38,149 [Time-limited test] WARN  db.DBStoreBuilder (DBStoreBuilder.java:applyDBDefinition(166)) - ozone.scm.db.dirs is not configured. We recommend adding this setting. Falling back to ozone.metadata.dirs instead.
2023-08-04 02:33:38,247 [Time-limited test] INFO  net.NodeSchemaLoader (NodeSchemaLoader.java:loadSchemaFromFile(129)) - Loading schema from [jar:file:/home/runner/.m2/repository/org/apache/ozone/hdds-common/1.4.0-SNAPSHOT/hdds-common-1.4.0-SNAPSHOT.jar!/network-topology-default.xml]
2023-08-04 02:33:38,247 [Time-limited test] INFO  net.NodeSchemaLoader (NodeSchemaLoader.java:loadSchema(176)) - Loading network topology layer schema file
2023-08-04 02:33:38,250 [Time-limited test] INFO  upgrade.AbstractLayoutVersionManager (AbstractLayoutVersionManager.java:init(83)) - Initializing Layout version manager with metadata layout = HADOOP_PRC_PORTS_IN_DATANODEDETAILS (version = 7), software layout = HADOOP_PRC_PORTS_IN_DATANODEDETAILS (version = 7)
2023-08-04 02:33:38,253 [Time-limited test] INFO  ha.SequenceIdGenerator (SequenceIdGenerator.java:upgradeToSequenceId(365)) - upgrade localId to 111677748019200000
2023-08-04 02:33:38,254 [Time-limited test] INFO  ha.SequenceIdGenerator (SequenceIdGenerator.java:upgradeToSequenceId(375)) - upgrade delTxnId to 0
2023-08-04 02:33:38,254 [Time-limited test] INFO  ha.SequenceIdGenerator (SequenceIdGenerator.java:upgradeToSequenceId(392)) - upgrade containerId to 0
2023-08-04 02:33:38,255 [Time-limited test] INFO  ha.SequenceIdGenerator (SequenceIdGenerator.java:upgradeToSequenceId(428)) - upgrade rootCertificateId to 1
2023-08-04 02:33:38,255 [Time-limited test] INFO  ha.SequenceIdGenerator (SequenceIdGenerator.java:<init>(236)) - Init the HA SequenceIdGenerator.
2023-08-04 02:33:38,256 [Time-limited test] INFO  node.SCMNodeManager (SCMNodeManager.java:<init>(157)) - Entering startup safe mode.
2023-08-04 02:33:38,256 [Time-limited test] INFO  algorithms.ContainerPlacementPolicyFactory (ContainerPlacementPolicyFactory.java:getPolicyInternal(86)) - Create container placement policy of type org.apache.hadoop.hdds.scm.container.placement.algorithms.SCMContainerPlacementRackAware
2023-08-04 02:33:38,256 [Time-limited test] INFO  algorithms.ContainerPlacementPolicyFactory (ContainerPlacementPolicyFactory.java:getPolicyInternal(86)) - Create container placement policy of type org.apache.hadoop.hdds.scm.container.placement.algorithms.SCMContainerPlacementRackScatter
2023-08-04 02:33:38,256 [Time-limited test] INFO  pipeline.PipelineStateManagerImpl (PipelineStateManagerImpl.java:initialize(78)) - No pipeline exists in current db
2023-08-04 02:33:38,257 [Time-limited test] INFO  algorithms.LeaderChoosePolicyFactory (LeaderChoosePolicyFactory.java:getPolicy(57)) - Create leader choose policy of type org.apache.hadoop.hdds.scm.pipeline.leader.choose.algorithms.MinLeaderCountChoosePolicy
2023-08-04 02:33:38,257 [Time-limited test] INFO  algorithms.ContainerPlacementPolicyFactory (ContainerPlacementPolicyFactory.java:getPolicyInternal(86)) - Create container placement policy of type org.apache.hadoop.hdds.scm.container.placement.algorithms.SCMContainerPlacementRackScatter
2023-08-04 02:33:38,257 [Time-limited test] INFO  ha.SCMServiceManager (SCMServiceManager.java:register(42)) - Registering service BackgroundPipelineCreator.
2023-08-04 02:33:38,257 [Time-limited test] INFO  pipeline.BackgroundPipelineCreator (BackgroundPipelineCreator.java:start(124)) - Starting RatisPipelineUtilsThread.
2023-08-04 02:33:38,258 [Time-limited test] INFO  BackgroundPipelineScrubber (BackgroundSCMService.java:start(68)) - Starting BackgroundPipelineScrubber Service.
2023-08-04 02:33:38,258 [Time-limited test] INFO  ha.SCMServiceManager (SCMServiceManager.java:register(42)) - Registering service BackgroundPipelineScrubber.
2023-08-04 02:33:38,259 [Time-limited test] INFO  ExpiredContainerReplicaOpScrubber (BackgroundSCMService.java:start(68)) - Starting ExpiredContainerReplicaOpScrubber Service.
2023-08-04 02:33:38,259 [Time-limited test] INFO  ha.SCMServiceManager (SCMServiceManager.java:register(42)) - Registering service ExpiredContainerReplicaOpScrubber.
2023-08-04 02:33:38,259 [Time-limited test] INFO  algorithms.PipelineChoosePolicyFactory (PipelineChoosePolicyFactory.java:createPipelineChoosePolicyFromClass(78)) - Create pipeline choose policy of type org.apache.hadoop.hdds.scm.pipeline.choose.algorithms.RandomPipelineChoosePolicy
2023-08-04 02:33:38,260 [Time-limited test] INFO  algorithms.PipelineChoosePolicyFactory (PipelineChoosePolicyFactory.java:createPipelineChoosePolicyFromClass(78)) - Create pipeline choose policy of type org.apache.hadoop.hdds.scm.pipeline.choose.algorithms.RandomPipelineChoosePolicy
2023-08-04 02:33:38,260 [Time-limited test] WARN  util.MBeans (MBeans.java:register(111)) - Failed to register MBean "Hadoop:service=BlockManager,name=BlockManagerImpl-3"
javax.management.NotCompliantMBeanException: MBean class org.apache.hadoop.hdds.scm.block.BlockManagerImpl does not implement DynamicMBean, and neither follows the Standard MBean conventions (javax.management.NotCompliantMBeanException: Class org.apache.hadoop.hdds.scm.block.BlockManagerImpl is not a JMX compliant Standard MBean) nor the MXBean conventions (javax.management.NotCompliantMBeanException: org.apache.hadoop.hdds.scm.block.BlockManagerImpl: Class org.apache.hadoop.hdds.scm.block.BlockManagerImpl is not a JMX compliant MXBean)
	at com.sun.jmx.mbeanserver.Introspector.checkCompliance(Introspector.java:176)
	at com.sun.jmx.interceptor.DefaultMBeanServerInterceptor.registerMBean(DefaultMBeanServerInterceptor.java:317)
	at com.sun.jmx.mbeanserver.JmxMBeanServer.registerMBean(JmxMBeanServer.java:522)
	at org.apache.hadoop.metrics2.util.MBeans.register(MBeans.java:100)
	at org.apache.hadoop.metrics2.util.MBeans.register(MBeans.java:73)
	at org.apache.hadoop.hdds.scm.block.BlockManagerImpl.<init>(BlockManagerImpl.java:94)
	at org.apache.hadoop.hdds.scm.server.StorageContainerManager.initializeSystemManagers(StorageContainerManager.java:786)
	at org.apache.hadoop.hdds.scm.server.StorageContainerManager.<init>(StorageContainerManager.java:400)
	at org.apache.hadoop.hdds.scm.server.StorageContainerManager.createSCM(StorageContainerManager.java:597)
	at org.apache.hadoop.hdds.scm.HddsTestUtils.getScmSimple(HddsTestUtils.java:604)
	at org.apache.hadoop.hdds.scm.HddsTestUtils.getScmSimple(HddsTestUtils.java:589)
	at org.apache.hadoop.ozone.TestSecureOzoneCluster.testSecureOmInitializationSuccess(TestSecureOzoneCluster.java:530)
	at sun.reflect.NativeMethodAccessorImpl.invoke0(Native Method)
	at sun.reflect.NativeMethodAccessorImpl.invoke(NativeMethodAccessorImpl.java:62)
	at sun.reflect.DelegatingMethodAccessorImpl.invoke(DelegatingMethodAccessorImpl.java:43)
	at java.lang.reflect.Method.invoke(Method.java:498)
	at org.junit.runners.model.FrameworkMethod$1.runReflectiveCall(FrameworkMethod.java:59)
	at org.junit.internal.runners.model.ReflectiveCallable.run(ReflectiveCallable.java:12)
	at org.junit.runners.model.FrameworkMethod.invokeExplosively(FrameworkMethod.java:56)
	at org.junit.internal.runners.statements.InvokeMethod.evaluate(InvokeMethod.java:17)
	at org.junit.internal.runners.statements.RunBefores.evaluate(RunBefores.java:26)
	at org.junit.internal.runners.statements.RunAfters.evaluate(RunAfters.java:27)
	at org.junit.rules.ExternalResource$1.evaluate(ExternalResource.java:54)
	at org.junit.internal.runners.statements.FailOnTimeout$CallableStatement.call(FailOnTimeout.java:288)
	at org.junit.internal.runners.statements.FailOnTimeout$CallableStatement.call(FailOnTimeout.java:282)
	at java.util.concurrent.FutureTask.run(FutureTask.java:266)
	at java.lang.Thread.run(Thread.java:750)
2023-08-04 02:33:38,261 [Time-limited test] INFO  ha.SCMServiceManager (SCMServiceManager.java:register(42)) - Registering service SCMBlockDeletingService.
2023-08-04 02:33:38,263 [Time-limited test] INFO  replication.ReplicationManager (ReplicationManager.java:start(287)) - Starting Replication Monitor Thread.
2023-08-04 02:33:38,264 [Time-limited test] INFO  ha.SCMServiceManager (SCMServiceManager.java:register(42)) - Registering service ReplicationManager.
2023-08-04 02:33:38,264 [Time-limited test] INFO  safemode.ContainerSafeModeRule (ContainerSafeModeRule.java:<init>(89)) - containers with one replica threshold count 0
2023-08-04 02:33:38,264 [Time-limited test] INFO  safemode.HealthyPipelineSafeModeRule (HealthyPipelineSafeModeRule.java:initializeRule(169)) - Total pipeline count is 0, healthy pipeline threshold count is 0
2023-08-04 02:33:38,265 [Time-limited test] INFO  safemode.OneReplicaPipelineSafeModeRule (OneReplicaPipelineSafeModeRule.java:initializeRule(180)) - Total pipeline count is 0, pipeline's with at least one datanode reported threshold count is 0
2023-08-04 02:33:38,268 [Time-limited test] INFO  authority.DefaultCAServer (DefaultCAServer.java:lambda$processVerificationStatus$0(472)) - CertificateServer validation is successful
2023-08-04 02:33:38,269 [Time-limited test] INFO  authority.DefaultCAServer (DefaultCAServer.java:lambda$processVerificationStatus$0(472)) - CertificateServer validation is successful
2023-08-04 02:33:38,274 [ReplicationMonitor] INFO  replication.ReplicationManager (ReplicationManager.java:processAll(361)) - Replication Manager is not ready to run until 300000ms after safemode exit
2023-08-04 02:33:38,274 [Time-limited test] INFO  server.StorageContainerManager (StorageContainerManager.java:persistPrimarySCMCerts(931)) - Storing sub-ca certificate serialId 1465013305538 on primary SCM
2023-08-04 02:33:38,277 [Time-limited test] INFO  server.SCMCertStore (SCMCertStore.java:storeValidScmCertificate(121)) - Scm certificate 1465013305538 for CN=scm-sub-1465010039689@fv-az621-180,OU=ba60364f-5f72-43bd-955f-c0f917f64d89,O=771f9158-0b83-40a1-bd13-f85040bb9098 is stored
2023-08-04 02:33:38,277 [Time-limited test] INFO  server.StorageContainerManager (StorageContainerManager.java:persistPrimarySCMCerts(939)) - Storing root certificate serialId 1
2023-08-04 02:33:38,278 [Time-limited test] INFO  server.SCMCertStore (SCMCertStore.java:storeValidScmCertificate(121)) - Scm certificate 1 for CN=scm-1@fv-az621-180,OU=ba60364f-5f72-43bd-955f-c0f917f64d89,O=771f9158-0b83-40a1-bd13-f85040bb9098 is stored
2023-08-04 02:33:38,278 [Time-limited test] INFO  ipc.CallQueueManager (CallQueueManager.java:<init>(90)) - Using callQueue: class java.util.concurrent.LinkedBlockingQueue, queueCapacity: 200, scheduler: class org.apache.hadoop.ipc.DefaultRpcScheduler, ipcBackoff: false.
2023-08-04 02:33:38,278 [Time-limited test] INFO  ipc.Server (Server.java:<init>(1287)) - Listener at 0.0.0.0:9961
2023-08-04 02:33:38,281 [Socket Reader #1 for port 9961] INFO  ipc.Server (Server.java:run(1323)) - Starting Socket Reader #1 for port 9961
2023-08-04 02:33:38,282 [Time-limited test] INFO  server.StorageContainerManager (StorageContainerManager.java:<init>(424)) - SCM start with adminUsers: [om/fv-az621-180@EXAMPLE.COM, scm]
2023-08-04 02:33:38,282 [Time-limited test] INFO  ipc.CallQueueManager (CallQueueManager.java:<init>(90)) - Using callQueue: class java.util.concurrent.LinkedBlockingQueue, queueCapacity: 10000, scheduler: class org.apache.hadoop.ipc.DefaultRpcScheduler, ipcBackoff: false.
2023-08-04 02:33:38,282 [Time-limited test] INFO  ipc.Server (Server.java:<init>(1287)) - Listener at 0.0.0.0:9861
2023-08-04 02:33:38,283 [Socket Reader #1 for port 9861] INFO  ipc.Server (Server.java:run(1323)) - Starting Socket Reader #1 for port 9861
2023-08-04 02:33:38,284 [Time-limited test] INFO  ipc.CallQueueManager (CallQueueManager.java:<init>(90)) - Using callQueue: class java.util.concurrent.LinkedBlockingQueue, queueCapacity: 10000, scheduler: class org.apache.hadoop.ipc.DefaultRpcScheduler, ipcBackoff: false.
2023-08-04 02:33:38,284 [Time-limited test] INFO  ipc.Server (Server.java:<init>(1287)) - Listener at 0.0.0.0:9863
2023-08-04 02:33:38,287 [Socket Reader #1 for port 9863] INFO  ipc.Server (Server.java:run(1323)) - Starting Socket Reader #1 for port 9863
2023-08-04 02:33:38,288 [Time-limited test] INFO  ipc.CallQueueManager (CallQueueManager.java:<init>(90)) - Using callQueue: class java.util.concurrent.LinkedBlockingQueue, queueCapacity: 10000, scheduler: class org.apache.hadoop.ipc.DefaultRpcScheduler, ipcBackoff: false.
2023-08-04 02:33:38,288 [Time-limited test] INFO  ipc.Server (Server.java:<init>(1287)) - Listener at 0.0.0.0:9860
2023-08-04 02:33:38,289 [Socket Reader #1 for port 9860] INFO  ipc.Server (Server.java:run(1323)) - Starting Socket Reader #1 for port 9860
2023-08-04 02:33:38,296 [Time-limited test] INFO  ha.SCMServiceManager (SCMServiceManager.java:register(42)) - Registering service ContainerBalancer.
2023-08-04 02:33:38,296 [Time-limited test] INFO  server.StorageContainerManager (StorageContainerManager.java:<init>(437)) - 
Container Balancer status:
Key                            Value
Running                        false
Container Balancer Configuration values:
Key                                                Value
Threshold                                          10
Max Datanodes to Involve per Iteration(percent)    20
Max Size to Move per Iteration                     500GB
Max Size Entering Target per Iteration             26GB
Max Size Leaving Source per Iteration              26GB

2023-08-04 02:33:38,296 [Time-limited test] INFO  ha.SCMContext (SCMContext.java:updateSafeModeStatus(228)) - Update SafeModeStatus from SafeModeStatus{safeModeStatus=true, preCheckPassed=false} to SafeModeStatus{safeModeStatus=true, preCheckPassed=false}.
2023-08-04 02:33:38,301 [Time-limited test] WARN  server.ServerUtils (ServerUtils.java:getDBPath(311)) - ozone.om.db.dirs is not configured. We recommend adding this setting. Falling back to ozone.metadata.dirs instead.
2023-08-04 02:33:38,303 [Time-limited test] INFO  ha.OMHANodeDetails (OMHANodeDetails.java:loadOMHAConfig(115)) - ozone.om.internal.service.id is not defined, falling back to ozone.om.service.ids to find serviceID for OzoneManager if it is HA enabled cluster
2023-08-04 02:33:38,303 [Time-limited test] INFO  ha.OMHANodeDetails (OMHANodeDetails.java:loadOMHAConfig(226)) - Configuration does not have ozone.om.address set. Falling back to the default OM address fv-az621-180/10.1.0.9:1202
2023-08-04 02:33:38,303 [Time-limited test] INFO  ha.OMHANodeDetails (OMHANodeDetails.java:getOMNodeDetailsForNonHA(254)) - OM Service ID is not set. Setting it to the default ID: omServiceIdDefault
2023-08-04 02:33:38,303 [Time-limited test] INFO  ha.OMHANodeDetails (OMHANodeDetails.java:getOMNodeDetailsForNonHA(261)) - OM Node ID is not set. Setting it to the default ID: om1
2023-08-04 02:33:38,303 [Time-limited test] WARN  server.ServerUtils (ServerUtils.java:getDBPath(311)) - ozone.om.db.dirs is not configured. We recommend adding this setting. Falling back to ozone.metadata.dirs instead.
2023-08-04 02:33:38,307 [Time-limited test] INFO  upgrade.AbstractLayoutVersionManager (AbstractLayoutVersionManager.java:init(83)) - Initializing Layout version manager with metadata layout = QUOTA (version = 6), software layout = QUOTA (version = 6)
2023-08-04 02:33:38,387 [Time-limited test] INFO  reflections.Reflections (Reflections.java:scan(232)) - Reflections took 79 ms to scan 2 urls, producing 188 keys and 512 values [using 2 cores]
2023-08-04 02:33:38,388 [Time-limited test] INFO  upgrade.OMLayoutVersionManager (OMLayoutVersionManager.java:lambda$0(115)) - Skipping Upgrade Action QuotaRepairUpgradeAction since it has been finalized.
2023-08-04 02:33:38,388 [Time-limited test] INFO  upgrade.OMLayoutVersionManager (OMLayoutVersionManager.java:lambda$0(115)) - Skipping Upgrade Action MockOmUpgradeAction since it has been finalized.
2023-08-04 02:33:38,392 [pool-264-thread-2] INFO  request.KdcRequest (KdcRequest.java:preauth(651)) - The preauth data is empty.
2023-08-04 02:33:38,392 [pool-264-thread-2] INFO  server.KdcHandler (KdcHandler.java:handleRecoverableException(177)) - KRB error occurred while processing request:Additional pre-authentication required
2023-08-04 02:33:38,396 [pool-264-thread-2] INFO  request.AsRequest (AsRequest.java:issueTicket(112)) - AS_REQ ISSUE: authtime 1691116418395,om/fv-az621-180@EXAMPLE.COM for krbtgt/EXAMPLE.COM@EXAMPLE.COM
2023-08-04 02:33:38,400 [Time-limited test] INFO  security.UserGroupInformation (UserGroupInformation.java:loginUserFromKeytab(1132)) - Login successful for user om/fv-az621-180@EXAMPLE.COM using keytab file om.keytab. Keytab auto renewal enabled : false
2023-08-04 02:33:38,400 [Time-limited test] INFO  om.OzoneManager (OzoneManager.java:loginOMUser(1161)) - Ozone Manager login successful.
2023-08-04 02:33:38,400 [Time-limited test] WARN  server.ServerUtils (ServerUtils.java:getDBPath(311)) - ozone.om.db.dirs is not configured. We recommend adding this setting. Falling back to ozone.metadata.dirs instead.
2023-08-04 02:33:38,401 [Time-limited test] INFO  proxy.SCMBlockLocationFailoverProxyProvider (SCMBlockLocationFailoverProxyProvider.java:<init>(114)) - Created block location fail-over proxy with 1 nodes: [nodeId=scmNodeId,nodeAddress=/0.0.0.0:9863]
2023-08-04 02:33:38,404 [Time-limited test] INFO  om.OzoneManager (OzoneManager.java:getOmDetailsProto(4555)) - OzoneManager ports added:[name: "RPC"
value: 1202
]
2023-08-04 02:33:38,407 [Time-limited test] INFO  security.OMCertificateClient (DefaultCertificateClient.java:updateCertSerialId(1226)) - Certificate serial ID set to 9879877970576
2023-08-04 02:33:38,407 [Time-limited test] WARN  security.OMCertificateClient (DefaultCertificateClient.java:loadAllCertificates(172)) - Certificates could not be loaded.
java.nio.file.NoSuchFileException: /tmp/junit4570880851396909626/junit2173992389630073811/scm-meta/om/certs
	at sun.nio.fs.UnixException.translateToIOException(UnixException.java:86)
	at sun.nio.fs.UnixException.rethrowAsIOException(UnixException.java:102)
	at sun.nio.fs.UnixException.rethrowAsIOException(UnixException.java:107)
	at sun.nio.fs.UnixFileSystemProvider.newDirectoryStream(UnixFileSystemProvider.java:427)
	at java.nio.file.Files.newDirectoryStream(Files.java:457)
	at java.nio.file.Files.list(Files.java:3451)
	at org.apache.hadoop.hdds.security.x509.certificate.client.DefaultCertificateClient.loadAllCertificates(DefaultCertificateClient.java:167)
	at org.apache.hadoop.hdds.security.x509.certificate.client.DefaultCertificateClient.updateCertSerialId(DefaultCertificateClient.java:1227)
	at org.apache.hadoop.hdds.security.x509.certificate.client.DefaultCertificateClient.<init>(DefaultCertificateClient.java:156)
	at org.apache.hadoop.hdds.security.x509.certificate.client.CommonCertificateClient.<init>(CommonCertificateClient.java:49)
	at org.apache.hadoop.ozone.security.OMCertificateClient.<init>(OMCertificateClient.java:68)
	at org.apache.hadoop.ozone.om.OzoneManager.<init>(OzoneManager.java:640)
	at org.apache.hadoop.ozone.om.OzoneManager.createOm(OzoneManager.java:754)
	at org.apache.hadoop.ozone.TestSecureOzoneCluster.setupOm(TestSecureOzoneCluster.java:693)
	at org.apache.hadoop.ozone.TestSecureOzoneCluster.testSecureOmInitializationSuccess(TestSecureOzoneCluster.java:534)
	at sun.reflect.NativeMethodAccessorImpl.invoke0(Native Method)
	at sun.reflect.NativeMethodAccessorImpl.invoke(NativeMethodAccessorImpl.java:62)
	at sun.reflect.DelegatingMethodAccessorImpl.invoke(DelegatingMethodAccessorImpl.java:43)
	at java.lang.reflect.Method.invoke(Method.java:498)
	at org.junit.runners.model.FrameworkMethod$1.runReflectiveCall(FrameworkMethod.java:59)
	at org.junit.internal.runners.model.ReflectiveCallable.run(ReflectiveCallable.java:12)
	at org.junit.runners.model.FrameworkMethod.invokeExplosively(FrameworkMethod.java:56)
	at org.junit.internal.runners.statements.InvokeMethod.evaluate(InvokeMethod.java:17)
	at org.junit.internal.runners.statements.RunBefores.evaluate(RunBefores.java:26)
	at org.junit.internal.runners.statements.RunAfters.evaluate(RunAfters.java:27)
	at org.junit.rules.ExternalResource$1.evaluate(ExternalResource.java:54)
	at org.junit.internal.runners.statements.FailOnTimeout$CallableStatement.call(FailOnTimeout.java:288)
	at org.junit.internal.runners.statements.FailOnTimeout$CallableStatement.call(FailOnTimeout.java:282)
	at java.util.concurrent.FutureTask.run(FutureTask.java:266)
	at java.lang.Thread.run(Thread.java:750)
2023-08-04 02:33:38,410 [Time-limited test] INFO  om.OzoneManager (OzoneManager.java:<init>(662)) - OM start with adminUsers: [om/fv-az621-180@EXAMPLE.COM, om]
2023-08-04 02:33:38,412 [Time-limited test] WARN  server.ServerUtils (ServerUtils.java:getDBPath(311)) - ozone.om.db.dirs is not configured. We recommend adding this setting. Falling back to ozone.metadata.dirs instead.
2023-08-04 02:33:38,413 [Time-limited test] INFO  helpers.OmKeyInfo (OmKeyInfo.java:getCodec(71)) - OmKeyInfo.getCodec ignorePipeline = true
2023-08-04 02:33:38,583 [Time-limited test] INFO  om.OzoneManager (OzoneManager.java:instantiateServices(791)) - S3 Multi-Tenancy is disabled
2023-08-04 02:33:38,583 [Time-limited test] INFO  security.OzoneSecretStore (OzoneSecretStore.java:loadState(69)) - Loaded 0 tokens
2023-08-04 02:33:38,584 [Time-limited test] INFO  security.OzoneDelegationTokenSecretManager (OzoneDelegationTokenSecretManager.java:loadTokenSecretState(530)) - Loading token state into token manager.
2023-08-04 02:33:38,584 [Time-limited test] INFO  om.OmSnapshotManager (OmSnapshotManager.java:<init>(175)) - Ozone filesystem snapshot feature is enabled.
2023-08-04 02:33:38,584 [Time-limited test] WARN  server.ServerUtils (ServerUtils.java:getDBPath(311)) - ozone.om.snapshot.diff.db.dir is not configured. We recommend adding this setting. Falling back to ozone.metadata.dirs instead.
2023-08-04 02:33:38,602 [Time-limited test] INFO  snapshot.SnapshotDiffManager (SnapshotDiffManager.java:closeExecutorService(1720)) - Shutting down executorService: 'SstDumpToolExecutor'
2023-08-04 02:33:38,605 [Time-limited test] INFO  om.OzoneManager (OzoneManager.java:addS3GVolumeToDB(4287)) - Created Volume s3v With Owner om required for S3Gateway operations.
2023-08-04 02:33:38,605 [Time-limited test] WARN  server.ServerUtils (ServerUtils.java:getDefaultRatisDirectory(323)) - Storage directory for Ratis is not configured. It is a good idea to map this to an SSD disk. Falling back to ozone.metadata.dirs
2023-08-04 02:33:38,605 [Time-limited test] WARN  utils.OzoneManagerRatisUtils (OzoneManagerRatisUtils.java:getOMRatisSnapshotDirectory(461)) - ozone.om.ratis.snapshot.dir is not configured. Falling back to ozone.metadata.dirs config
2023-08-04 02:33:38,605 [Time-limited test] WARN  server.ServerUtils (ServerUtils.java:getDefaultRatisDirectory(323)) - Storage directory for Ratis is not configured. It is a good idea to map this to an SSD disk. Falling back to ozone.metadata.dirs
2023-08-04 02:33:38,607 [Time-limited test] INFO  ratis.OzoneManagerRatisServer (OzoneManagerRatisServer.java:<init>(163)) - Instantiating OM Ratis server with groupID: omServiceIdDefault and peers: fv-az621-180:9872
2023-08-04 02:33:38,607 [Time-limited test] INFO  ratis.OzoneManagerStateMachine (OzoneManagerStateMachine.java:loadSnapshotInfoFromDB(687)) - LastAppliedIndex is set from TransactionInfo from OM DB as (t:0, i:~)
2023-08-04 02:33:38,613 [Time-limited test] INFO  server.RaftServer (ConfUtils.java:logGet(46)) - raft.rpc.type = GRPC (default)
2023-08-04 02:33:38,613 [Time-limited test] INFO  grpc.GrpcConfigKeys (ConfUtils.java:logFallback(53)) - raft.grpc.admin.host = null (fallback to raft.grpc.server.host)
2023-08-04 02:33:38,613 [Time-limited test] INFO  grpc.GrpcConfigKeys (ConfUtils.java:logFallback(53)) - raft.grpc.admin.port = 9872 (fallback to raft.grpc.server.port)
2023-08-04 02:33:38,613 [Time-limited test] INFO  grpc.GrpcConfigKeys (ConfUtils.java:logFallback(53)) - raft.grpc.client.host = null (fallback to raft.grpc.server.host)
2023-08-04 02:33:38,614 [Time-limited test] INFO  grpc.GrpcConfigKeys (ConfUtils.java:logFallback(53)) - raft.grpc.client.port = 9872 (fallback to raft.grpc.server.port)
2023-08-04 02:33:38,614 [Time-limited test] INFO  grpc.GrpcConfigKeys (ConfUtils.java:logGet(46)) - raft.grpc.server.host = null (default)
2023-08-04 02:33:38,614 [Time-limited test] INFO  grpc.GrpcConfigKeys (ConfUtils.java:logGet(46)) - raft.grpc.server.port = 9872 (custom)
2023-08-04 02:33:38,614 [Time-limited test] INFO  server.GrpcService (ConfUtils.java:logGet(46)) - raft.grpc.message.size.max = 33554432 (custom)
2023-08-04 02:33:38,615 [Time-limited test] INFO  server.RaftServerConfigKeys (ConfUtils.java:logGet(46)) - raft.server.log.appender.buffer.byte-limit = 33554432 (custom)
2023-08-04 02:33:38,615 [Time-limited test] INFO  server.GrpcService (ConfUtils.java:logGet(46)) - raft.grpc.flow.control.window = 1MB (=1048576) (default)
2023-08-04 02:33:38,615 [Time-limited test] INFO  server.RaftServerConfigKeys (ConfUtils.java:logGet(46)) - raft.server.rpc.request.timeout = 3000ms (default)
2023-08-04 02:33:38,615 [Time-limited test] INFO  grpc.GrpcConfigKeys (ConfUtils.java:logGet(46)) - raft.grpc.server.heartbeat.channel = true (default)
2023-08-04 02:33:38,615 [Time-limited test] INFO  grpc.GrpcConfigKeys (ConfUtils.java:logGet(46)) - raft.grpc.server.async.request.thread.pool.cached = true (default)
2023-08-04 02:33:38,615 [Time-limited test] INFO  grpc.GrpcConfigKeys (ConfUtils.java:logGet(46)) - raft.grpc.server.async.request.thread.pool.size = 32 (default)
2023-08-04 02:33:38,617 [Time-limited test] INFO  impl.DataStreamServerImpl (ConfUtils.java:logGet(46)) - raft.datastream.type = DISABLED (default)
2023-08-04 02:33:38,617 [Time-limited test] INFO  server.RaftServerConfigKeys (ConfUtils.java:logGet(46)) - raft.server.threadpool.proxy.cached = true (default)
2023-08-04 02:33:38,617 [Time-limited test] INFO  server.RaftServerConfigKeys (ConfUtils.java:logGet(46)) - raft.server.threadpool.proxy.size = 0 (default)
2023-08-04 02:33:38,617 [Time-limited test] INFO  server.RaftServerConfigKeys (ConfUtils.java:logGet(46)) - raft.server.rpc.slowness.timeout = 120s (custom)
2023-08-04 02:33:38,617 [Time-limited test] INFO  server.RaftServerConfigKeys (ConfUtils.java:logGet(46)) - raft.server.leaderelection.leader.step-down.wait-time = 10s (default)
2023-08-04 02:33:38,617 [Time-limited test] INFO  server.RaftServerConfigKeys (ConfUtils.java:logGet(46)) - raft.server.storage.dir = [/tmp/junit4570880851396909626/junit2173992389630073811/scm-meta/ratis] (custom)
2023-08-04 02:33:38,618 [Time-limited test] INFO  server.RaftServer (RaftServerProxy.java:addNew(98)) - om1: addNew group-C5BA1605619E:[om1|rpc:fv-az621-180:9872|priority:0|startupRole:FOLLOWER] returns group-C5BA1605619E:java.util.concurrent.CompletableFuture@4786195c[Not completed]
2023-08-04 02:33:38,618 [Time-limited test] INFO  om.OzoneManager (OzoneManager.java:initializeRatisServer(2128)) - OzoneManager Ratis server initialized at port 9872
2023-08-04 02:33:38,618 [Time-limited test] INFO  om.OzoneManager (OzoneManager.java:getRpcServer(1193)) - Creating RPC Server
2023-08-04 02:33:38,619 [om1-groupManagement] INFO  server.RaftServer$Division (RaftServerImpl.java:<init>(198)) - om1: new RaftServerImpl for group-C5BA1605619E:[om1|rpc:fv-az621-180:9872|priority:0|startupRole:FOLLOWER] with OzoneManagerStateMachine:uninitialized
2023-08-04 02:33:38,619 [om1-groupManagement] INFO  server.RaftServerConfigKeys (ConfUtils.java:logGet(46)) - raft.server.rpc.timeout.min = 5s (custom)
2023-08-04 02:33:38,619 [om1-groupManagement] INFO  server.RaftServerConfigKeys (ConfUtils.java:logGet(46)) - raft.server.rpc.timeout.max = 5200ms (custom)
2023-08-04 02:33:38,619 [om1-groupManagement] INFO  server.RaftServerConfigKeys (ConfUtils.java:logGet(46)) - raft.server.rpc.sleep.time = 25ms (default)
2023-08-04 02:33:38,620 [om1-groupManagement] INFO  server.RaftServerConfigKeys (ConfUtils.java:logGet(46)) - raft.server.rpc.slowness.timeout = 120s (custom)
2023-08-04 02:33:38,620 [om1-groupManagement] INFO  server.RaftServerConfigKeys (ConfUtils.java:logGet(46)) - raft.server.leaderelection.leader.step-down.wait-time = 10s (default)
2023-08-04 02:33:38,620 [om1-groupManagement] INFO  server.RaftServerConfigKeys (ConfUtils.java:logGet(46)) - raft.server.sleep.deviation.threshold = 300ms (default)
2023-08-04 02:33:38,620 [om1-groupManagement] INFO  server.RaftServer$Division (ServerState.java:<init>(120)) - om1@group-C5BA1605619E: ConfigurationManager, init=-1: peers:[om1|rpc:fv-az621-180:9872|priority:0|startupRole:FOLLOWER]|listeners:[], old=null, confs=<EMPTY_MAP>
2023-08-04 02:33:38,620 [om1-groupManagement] INFO  server.RaftServerConfigKeys (ConfUtils.java:logGet(46)) - raft.server.storage.dir = [/tmp/junit4570880851396909626/junit2173992389630073811/scm-meta/ratis] (custom)
2023-08-04 02:33:38,620 [om1-groupManagement] INFO  server.RaftServerConfigKeys (ConfUtils.java:logGet(46)) - raft.server.log.corruption.policy = EXCEPTION (default)
2023-08-04 02:33:38,620 [om1-groupManagement] INFO  server.RaftServerConfigKeys (ConfUtils.java:logGet(46)) - raft.server.storage.free-space.min = 0MB (=0) (default)
2023-08-04 02:33:38,620 [om1-groupManagement] INFO  server.RaftServerConfigKeys (ConfUtils.java:logGet(46)) - raft.server.notification.no-leader.timeout = 120s (custom)
2023-08-04 02:33:38,620 [om1-groupManagement] INFO  server.RaftServerConfigKeys (ConfUtils.java:logGet(46)) - raft.server.read.timeout = 10s (default)
2023-08-04 02:33:38,620 [om1-groupManagement] INFO  server.RaftServerConfigKeys (ConfUtils.java:logGet(46)) - raft.server.retrycache.expirytime = 300s (custom)
2023-08-04 02:33:38,620 [om1-groupManagement] INFO  server.RaftServerConfigKeys (ConfUtils.java:logGet(46)) - raft.server.retrycache.statistics.expirytime = 100μs (default)
2023-08-04 02:33:38,620 [om1-groupManagement] INFO  server.RaftServerConfigKeys (ConfUtils.java:logGet(46)) - raft.server.read.option = DEFAULT (default)
2023-08-04 02:33:38,621 [om1-groupManagement] INFO  server.RaftServerConfigKeys (ConfUtils.java:logGet(46)) - raft.server.rpc.request.timeout = 3000ms (default)
2023-08-04 02:33:38,622 [om1-groupManagement] INFO  server.RaftServerConfigKeys (ConfUtils.java:logGet(46)) - raft.server.log.appender.install.snapshot.enabled = false (custom)
2023-08-04 02:33:38,622 [om1-groupManagement] INFO  server.RaftServerConfigKeys (ConfUtils.java:logGet(46)) - raft.server.threadpool.server.cached = true (default)
2023-08-04 02:33:38,622 [om1-groupManagement] INFO  server.RaftServerConfigKeys (ConfUtils.java:logGet(46)) - raft.server.threadpool.server.size = 0 (default)
2023-08-04 02:33:38,622 [om1-groupManagement] INFO  server.RaftServerConfigKeys (ConfUtils.java:logGet(46)) - raft.server.threadpool.client.cached = true (default)
2023-08-04 02:33:38,622 [om1-groupManagement] INFO  server.RaftServerConfigKeys (ConfUtils.java:logGet(46)) - raft.server.threadpool.client.size = 0 (default)
2023-08-04 02:33:38,982 [Time-limited test] INFO  reflections.Reflections (Reflections.java:scan(232)) - Reflections took 362 ms to scan 19 urls, producing 70 keys and 5598 values [using 2 cores]
2023-08-04 02:33:38,983 [Time-limited test] INFO  ipc.CallQueueManager (CallQueueManager.java:<init>(90)) - Using callQueue: class java.util.concurrent.LinkedBlockingQueue, queueCapacity: 10000, scheduler: class org.apache.hadoop.ipc.DefaultRpcScheduler, ipcBackoff: false.
2023-08-04 02:33:38,983 [Time-limited test] INFO  ipc.Server (Server.java:<init>(1287)) - Listener at fv-az621-180:1202
2023-08-04 02:33:38,987 [Socket Reader #1 for port 1202] INFO  ipc.Server (Server.java:run(1323)) - Starting Socket Reader #1 for port 1202
2023-08-04 02:33:39,010 [Time-limited test] WARN  impl.MetricsConfig (MetricsConfig.java:loadFirst(136)) - Cannot locate configuration: tried hadoop-metrics2-ozonemanager.properties,hadoop-metrics2.properties
2023-08-04 02:33:39,011 [Time-limited test] INFO  impl.MetricsSystemImpl (MetricsSystemImpl.java:startTimer(378)) - Scheduled Metric snapshot period at 10 second(s).
2023-08-04 02:33:39,012 [Time-limited test] INFO  impl.MetricsSystemImpl (MetricsSystemImpl.java:start(191)) - OzoneManager metrics system started
2023-08-04 02:33:39,033 [Time-limited test] INFO  impl.MetricsSinkAdapter (MetricsSinkAdapter.java:start(204)) - Sink prometheus started
2023-08-04 02:33:39,033 [Time-limited test] INFO  impl.MetricsSystemImpl (MetricsSystemImpl.java:registerSink(305)) - Registered sink prometheus
2023-08-04 02:33:39,044 [Time-limited test] INFO  om.OzoneManager (OzoneManager.java:start(1613)) - OzoneManager RPC server is listening at fv-az621-180/10.1.0.9:1202
2023-08-04 02:33:39,044 [Time-limited test] INFO  ratis.OzoneManagerRatisServer (OzoneManagerRatisServer.java:start(558)) - Starting OzoneManagerRatisServer om1 at port 9872
2023-08-04 02:33:39,046 [om1-impl-thread1] INFO  storage.RaftStorageDirectory (RaftStorageDirectoryImpl.java:analyzeStorage(137)) - The storage directory /tmp/junit4570880851396909626/junit2173992389630073811/scm-meta/ratis/bf265839-605b-3f16-9796-c5ba1605619e does not exist. Creating ...
2023-08-04 02:33:39,048 [om1-impl-thread1] INFO  storage.RaftStorageDirectory (RaftStorageDirectoryImpl.java:tryLock(231)) - Lock on /tmp/junit4570880851396909626/junit2173992389630073811/scm-meta/ratis/bf265839-605b-3f16-9796-c5ba1605619e/in_use.lock acquired by nodename 9436@fv-az621-180
2023-08-04 02:33:39,049 [om1-impl-thread1] INFO  storage.RaftStorage (RaftStorageImpl.java:format(96)) - Storage directory /tmp/junit4570880851396909626/junit2173992389630073811/scm-meta/ratis/bf265839-605b-3f16-9796-c5ba1605619e has been successfully formatted.
2023-08-04 02:33:39,049 [om1-impl-thread1] INFO  server.RaftServerConfigKeys (ConfUtils.java:logGet(46)) - raft.server.log.use.memory = false (default)
2023-08-04 02:33:39,049 [om1-impl-thread1] INFO  server.RaftServerConfigKeys (ConfUtils.java:logGet(46)) - raft.server.log.purge.gap = 1000000 (custom)
2023-08-04 02:33:39,049 [om1-impl-thread1] INFO  server.RaftServerConfigKeys (ConfUtils.java:logGet(46)) - raft.server.log.appender.buffer.byte-limit = 33554432 (custom)
2023-08-04 02:33:39,049 [om1-impl-thread1] INFO  server.RaftServerConfigKeys (ConfUtils.java:logGet(46)) - raft.server.log.statemachine.data.read.timeout = 1000ms (default)
2023-08-04 02:33:39,050 [om1-impl-thread1] INFO  server.RaftServerConfigKeys (ConfUtils.java:logGet(46)) - raft.server.log.purge.preservation.log.num = 0 (default)
2023-08-04 02:33:39,050 [om1-impl-thread1] INFO  server.RaftServerConfigKeys (ConfUtils.java:logGet(46)) - raft.server.log.segment.size.max = 4194304 (custom)
2023-08-04 02:33:39,050 [om1-impl-thread1] INFO  server.RaftServerConfigKeys (ConfUtils.java:logGet(46)) - raft.server.log.segment.cache.num.max = 2 (custom)
2023-08-04 02:33:39,050 [om1-impl-thread1] INFO  server.RaftServerConfigKeys (ConfUtils.java:logGet(46)) - raft.server.log.segment.cache.size.max = 200MB (=209715200) (default)
2023-08-04 02:33:39,050 [om1-impl-thread1] INFO  server.RaftServerConfigKeys (ConfUtils.java:logGet(46)) - raft.server.log.appender.buffer.byte-limit = 33554432 (custom)
2023-08-04 02:33:39,050 [om1-impl-thread1] INFO  segmented.SegmentedRaftLogWorker (SegmentedRaftLogWorker.java:<init>(188)) - new om1@group-C5BA1605619E-SegmentedRaftLogWorker for RaftStorageImpl:Storage Directory /tmp/junit4570880851396909626/junit2173992389630073811/scm-meta/ratis/bf265839-605b-3f16-9796-c5ba1605619e
2023-08-04 02:33:39,050 [om1-impl-thread1] INFO  server.RaftServerConfigKeys (ConfUtils.java:logGet(46)) - raft.server.log.queue.byte-limit = 64MB (=67108864) (default)
2023-08-04 02:33:39,050 [om1-impl-thread1] INFO  server.RaftServerConfigKeys (ConfUtils.java:logGet(46)) - raft.server.log.queue.element-limit = 4096 (default)
2023-08-04 02:33:39,050 [om1-impl-thread1] INFO  server.RaftServerConfigKeys (ConfUtils.java:logGet(46)) - raft.server.log.segment.size.max = 4194304 (custom)
2023-08-04 02:33:39,050 [om1-impl-thread1] INFO  server.RaftServerConfigKeys (ConfUtils.java:logGet(46)) - raft.server.log.preallocated.size = 4194304 (custom)
2023-08-04 02:33:39,051 [om1-impl-thread1] INFO  server.RaftServerConfigKeys (ConfUtils.java:logGet(46)) - raft.server.log.force.sync.num = 128 (default)
2023-08-04 02:33:39,051 [om1-impl-thread1] INFO  server.RaftServerConfigKeys (ConfUtils.java:logGet(46)) - raft.server.log.statemachine.data.sync = true (default)
2023-08-04 02:33:39,051 [om1-impl-thread1] INFO  server.RaftServerConfigKeys (ConfUtils.java:logGet(46)) - raft.server.log.statemachine.data.sync.timeout = 10s (default)
2023-08-04 02:33:39,051 [om1-impl-thread1] INFO  server.RaftServerConfigKeys (ConfUtils.java:logGet(46)) - raft.server.log.statemachine.data.sync.timeout.retry = -1 (default)
2023-08-04 02:33:39,051 [om1-impl-thread1] INFO  server.RaftServerConfigKeys (ConfUtils.java:logGet(46)) - raft.server.log.write.buffer.size = 64KB (=65536) (default)
2023-08-04 02:33:39,051 [om1-impl-thread1] INFO  server.RaftServerConfigKeys (ConfUtils.java:logGet(46)) - raft.server.log.appender.buffer.byte-limit = 33554432 (custom)
2023-08-04 02:33:39,056 [om1-impl-thread1] INFO  server.RaftServerConfigKeys (ConfUtils.java:logGet(46)) - raft.server.log.unsafe-flush.enabled = false (default)
2023-08-04 02:33:39,056 [om1-impl-thread1] INFO  server.RaftServerConfigKeys (ConfUtils.java:logGet(46)) - raft.server.log.async-flush.enabled = false (default)
2023-08-04 02:33:39,056 [om1-impl-thread1] INFO  server.RaftServerConfigKeys (ConfUtils.java:logGet(46)) - raft.server.log.statemachine.data.caching.enabled = false (default)
2023-08-04 02:33:39,056 [om1-impl-thread1] INFO  segmented.SegmentedRaftLogWorker (SegmentedRaftLogWorker.java:lambda$new$0(135)) - om1@group-C5BA1605619E-SegmentedRaftLogWorker: flushIndex: setUnconditionally 0 -> -1
2023-08-04 02:33:39,056 [om1-impl-thread1] INFO  segmented.SegmentedRaftLogWorker (SegmentedRaftLogWorker.java:lambda$new$0(135)) - om1@group-C5BA1605619E-SegmentedRaftLogWorker: safeCacheEvictIndex: setUnconditionally 0 -> -1
2023-08-04 02:33:39,057 [om1-impl-thread1] INFO  server.RaftServer$Division (RaftServerImpl.java:start(342)) - om1@group-C5BA1605619E: start as a follower, conf=-1: peers:[om1|rpc:fv-az621-180:9872|priority:0|startupRole:FOLLOWER]|listeners:[], old=null
2023-08-04 02:33:39,057 [om1-impl-thread1] INFO  server.RaftServer$Division (RaftServerImpl.java:setRole(329)) - om1@group-C5BA1605619E: changes role from      null to FOLLOWER at term 0 for startAsFollower
2023-08-04 02:33:39,057 [om1-impl-thread1] INFO  impl.RoleInfo (RoleInfo.java:updateAndGet(139)) - om1: start om1@group-C5BA1605619E-FollowerState
2023-08-04 02:33:39,057 [om1@group-C5BA1605619E-FollowerState] INFO  server.RaftServerConfigKeys (ConfUtils.java:logFallback(53)) - raft.server.rpc.first-election.timeout.min = 5s (fallback to raft.server.rpc.timeout.min)
2023-08-04 02:33:39,058 [om1@group-C5BA1605619E-FollowerState] INFO  server.RaftServerConfigKeys (ConfUtils.java:logFallback(53)) - raft.server.rpc.first-election.timeout.max = 5200ms (fallback to raft.server.rpc.timeout.max)
2023-08-04 02:33:39,058 [om1-impl-thread1] INFO  util.JmxRegister (JmxRegister.java:tryRegister(44)) - Successfully registered JMX Bean with object name Ratis:service=RaftServer,group=group-C5BA1605619E,id=om1
2023-08-04 02:33:39,058 [om1-impl-thread1] INFO  server.RaftServerConfigKeys (ConfUtils.java:logGet(46)) - raft.server.snapshot.auto.trigger.enabled = true (custom)
2023-08-04 02:33:39,058 [om1-impl-thread1] INFO  server.RaftServerConfigKeys (ConfUtils.java:logGet(46)) - raft.server.snapshot.auto.trigger.threshold = 400000 (default)
2023-08-04 02:33:39,058 [om1-impl-thread1] INFO  server.RaftServerConfigKeys (ConfUtils.java:logGet(46)) - raft.server.snapshot.retention.file.num = -1 (default)
2023-08-04 02:33:39,058 [om1-impl-thread1] INFO  server.RaftServerConfigKeys (ConfUtils.java:logGet(46)) - raft.server.log.purge.upto.snapshot.index = true (custom)
2023-08-04 02:33:39,059 [Time-limited test] INFO  server.RaftServer (RaftServerProxy.java:startImpl(400)) - om1: start RPC server
2023-08-04 02:33:39,061 [Time-limited test] INFO  server.GrpcService (GrpcService.java:startImpl(302)) - om1: GrpcService started, listening on 9872
2023-08-04 02:33:39,064 [Time-limited test] ERROR om.OzoneManager (OzoneManager.java:startSecretManager(1087)) - Unable to read key pair for OM.
org.apache.hadoop.hdds.security.exception.OzoneSecurityException: Error reading keypair & certificate
	at org.apache.hadoop.hdds.security.x509.certificate.client.CertificateClient.assertValidKeysAndCertificate(CertificateClient.java:215)
	at org.apache.hadoop.ozone.om.OzoneManager.startSecretManager(OzoneManager.java:1085)
	at org.apache.hadoop.ozone.om.OzoneManager.startSecretManagerIfNecessary(OzoneManager.java:2279)
	at org.apache.hadoop.ozone.om.OzoneManager.start(OzoneManager.java:1623)
	at org.apache.hadoop.ozone.TestSecureOzoneCluster.testSecureOmInitializationSuccess(TestSecureOzoneCluster.java:536)
	at sun.reflect.NativeMethodAccessorImpl.invoke0(Native Method)
	at sun.reflect.NativeMethodAccessorImpl.invoke(NativeMethodAccessorImpl.java:62)
	at sun.reflect.DelegatingMethodAccessorImpl.invoke(DelegatingMethodAccessorImpl.java:43)
	at java.lang.reflect.Method.invoke(Method.java:498)
	at org.junit.runners.model.FrameworkMethod$1.runReflectiveCall(FrameworkMethod.java:59)
	at org.junit.internal.runners.model.ReflectiveCallable.run(ReflectiveCallable.java:12)
	at org.junit.runners.model.FrameworkMethod.invokeExplosively(FrameworkMethod.java:56)
	at org.junit.internal.runners.statements.InvokeMethod.evaluate(InvokeMethod.java:17)
	at org.junit.internal.runners.statements.RunBefores.evaluate(RunBefores.java:26)
	at org.junit.internal.runners.statements.RunAfters.evaluate(RunAfters.java:27)
	at org.junit.rules.ExternalResource$1.evaluate(ExternalResource.java:54)
	at org.junit.internal.runners.statements.FailOnTimeout$CallableStatement.call(FailOnTimeout.java:288)
	at org.junit.internal.runners.statements.FailOnTimeout$CallableStatement.call(FailOnTimeout.java:282)
	at java.util.concurrent.FutureTask.run(FutureTask.java:266)
	at java.lang.Thread.run(Thread.java:750)
Caused by: java.lang.NullPointerException
	at java.util.Objects.requireNonNull(Objects.java:203)
	at org.apache.hadoop.hdds.security.x509.certificate.client.CertificateClient.assertValidKeysAndCertificate(CertificateClient.java:211)
	... 19 more
2023-08-04 02:33:39,064 [JvmPauseMonitor4] INFO  util.JvmPauseMonitor (JvmPauseMonitor.java:run(103)) - JvmPauseMonitor-om1: Started
2023-08-04 02:33:39,064 [Time-limited test] INFO  impl.DefaultInternalKdcServerImpl (DefaultInternalKdcServerImpl.java:doStop(102)) - Default Internal kdc server stopped.
2023-08-04 02:33:40,065 [Time-limited test] INFO  minikdc.MiniKdc (MiniKdc.java:stop(359)) - MiniKdc stopped.
2023-08-04 02:33:40,065 [Time-limited test] INFO  server.StorageContainerManager (StorageContainerManager.java:stop(1592)) - Container Balancer is not running.
2023-08-04 02:33:40,065 [Time-limited test] INFO  server.StorageContainerManager (StorageContainerManager.java:stopReplicationManager(1725)) - Stopping Replication Manager Service.
2023-08-04 02:33:40,065 [Time-limited test] INFO  replication.ReplicationManager (ReplicationManager.java:stop(319)) - Stopping Replication Monitor Thread.
2023-08-04 02:33:40,065 [Under Replicated Processor] WARN  replication.UnhealthyReplicationProcessor (UnhealthyReplicationProcessor.java:run(180)) - Under Replicated Processor interrupted. Exiting...
2023-08-04 02:33:40,065 [Time-limited test] INFO  server.StorageContainerManager (StorageContainerManager.java:stop(1601)) - Stopping the Datanode Admin Monitor.
2023-08-04 02:33:40,065 [ReplicationMonitor] INFO  replication.ReplicationManager (ReplicationManager.java:run(917)) - Replication Monitor Thread is stopped
2023-08-04 02:33:40,065 [Time-limited test] INFO  server.StorageContainerManager (StorageContainerManager.java:stop(1608)) - Stopping datanode service RPC server
2023-08-04 02:33:40,065 [Time-limited test] INFO  server.SCMDatanodeProtocolServer (SCMDatanodeProtocolServer.java:stop(424)) - Stopping the RPC server for DataNodes
2023-08-04 02:33:40,066 [Time-limited test] INFO  ipc.Server (Server.java:stop(3523)) - Stopping server on 9861
2023-08-04 02:33:40,066 [Over Replicated Processor] WARN  replication.UnhealthyReplicationProcessor (UnhealthyReplicationProcessor.java:run(180)) - Over Replicated Processor interrupted. Exiting...
2023-08-04 02:33:41,256 [SCM Heartbeat Processing Thread - 0] WARN  node.NodeStateManager (NodeStateManager.java:scheduleNextHealthCheck(874)) - Current Thread is interrupted, shutting down HB processing thread for Node Manager.
2023-08-04 02:33:41,256 [Time-limited test] INFO  server.StorageContainerManager (StorageContainerManager.java:stop(1616)) - Stopping block service RPC server
2023-08-04 02:33:41,256 [Time-limited test] INFO  server.SCMBlockProtocolServer (SCMBlockProtocolServer.java:stop(161)) - Stopping the RPC server for Block Protocol
2023-08-04 02:33:41,256 [Time-limited test] INFO  ipc.Server (Server.java:stop(3523)) - Stopping server on 9863
2023-08-04 02:33:41,257 [Time-limited test] INFO  server.StorageContainerManager (StorageContainerManager.java:stop(1623)) - Stopping the StorageContainerLocationProtocol RPC server
2023-08-04 02:33:41,257 [Time-limited test] INFO  server.SCMClientProtocolServer (SCMClientProtocolServer.java:stop(209)) - Stopping the RPC server for Client Protocol
2023-08-04 02:33:41,257 [Time-limited test] INFO  ipc.Server (Server.java:stop(3523)) - Stopping server on 9860
2023-08-04 02:33:41,259 [Time-limited test] INFO  server.StorageContainerManager (StorageContainerManager.java:stop(1630)) - Stopping Storage Container Manager HTTP server.
2023-08-04 02:33:41,259 [Time-limited test] INFO  server.StorageContainerManager (StorageContainerManager.java:stop(1638)) - Stopping SCM LayoutVersionManager Service.
2023-08-04 02:33:41,259 [Time-limited test] INFO  server.SCMSecurityProtocolServer (SCMSecurityProtocolServer.java:stop(552)) - Stopping the SCMSecurityProtocolServer.
2023-08-04 02:33:41,259 [Time-limited test] INFO  ipc.Server (Server.java:stop(3523)) - Stopping server on 9961
2023-08-04 02:33:41,259 [Time-limited test] INFO  server.SCMUpdateServiceGrpcServer (SCMUpdateServiceGrpcServer.java:stop(73)) - SCMUpdateService stopping
2023-08-04 02:33:41,259 [Time-limited test] INFO  server.StorageContainerManager (StorageContainerManager.java:stop(1650)) - Stopping Block Manager Service.
2023-08-04 02:33:41,259 [Time-limited test] INFO  utils.BackgroundService (BackgroundService.java:shutdown(141)) - Shutting down service SCMBlockDeletingService
2023-08-04 02:33:41,259 [Time-limited test] INFO  utils.BackgroundService (BackgroundService.java:shutdown(141)) - Shutting down service SCMBlockDeletingService
2023-08-04 02:33:41,260 [Time-limited test] INFO  server.StorageContainerManager (StorageContainerManager.java:stop(1670)) - Stopping SCM Event Queue.
2023-08-04 02:33:41,260 [Time-limited test] INFO  server.StorageContainerManager (StorageContainerManager.java:stop(1681)) - Stopping SCM HA services.
2023-08-04 02:33:41,260 [Time-limited test] INFO  pipeline.BackgroundPipelineCreator (BackgroundPipelineCreator.java:stop(149)) - Stopping RatisPipelineUtilsThread.
2023-08-04 02:33:41,261 [RatisPipelineUtilsThread - 0] WARN  pipeline.BackgroundPipelineCreator (BackgroundPipelineCreator.java:run(180)) - RatisPipelineUtilsThread is interrupted.
2023-08-04 02:33:41,262 [Time-limited test] INFO  BackgroundPipelineScrubber (BackgroundSCMService.java:stop(131)) - Stopping BackgroundPipelineScrubber Service.
2023-08-04 02:33:41,262 [BackgroundPipelineScrubberThread] WARN  BackgroundPipelineScrubber (BackgroundSCMService.java:run(115)) - BackgroundPipelineScrubber is interrupted, exit
2023-08-04 02:33:41,262 [Time-limited test] WARN  pipeline.BackgroundPipelineCreator (BackgroundPipelineCreator.java:stop(145)) - RatisPipelineUtilsThread is not running, just ignore.
2023-08-04 02:33:41,262 [Time-limited test] INFO  BackgroundPipelineScrubber (BackgroundSCMService.java:stop(126)) - BackgroundPipelineScrubber Service is not running, skip stop.
2023-08-04 02:33:41,262 [Time-limited test] INFO  ExpiredContainerReplicaOpScrubber (BackgroundSCMService.java:stop(131)) - Stopping ExpiredContainerReplicaOpScrubber Service.
2023-08-04 02:33:41,262 [ExpiredContainerReplicaOpScrubberThread] WARN  ExpiredContainerReplicaOpScrubber (BackgroundSCMService.java:run(115)) - ExpiredContainerReplicaOpScrubber is interrupted, exit
2023-08-04 02:33:41,262 [Time-limited test] INFO  utils.BackgroundService (BackgroundService.java:shutdown(141)) - Shutting down service SCMBlockDeletingService
2023-08-04 02:33:41,262 [Time-limited test] INFO  replication.ReplicationManager (ReplicationManager.java:stop(329)) - Replication Monitor Thread is not running.
2023-08-04 02:33:41,262 [Time-limited test] WARN  balancer.ContainerBalancer (ContainerBalancer.java:stop(326)) - Cannot stop Container Balancer because it's not running or stopping
2023-08-04 02:33:41,263 [Time-limited test] INFO  server.StorageContainerManager (StorageContainerManager.java:stop(1716)) - Stopping SCM MetadataStore.
2023-08-04 02:33:41,264 [Time-limited test] INFO  server.SCMSecurityProtocolServer (SCMSecurityProtocolServer.java:join(562)) - Join RPC server for SCMSecurityProtocolServer.
2023-08-04 02:33:41,264 [Time-limited test] INFO  server.SCMSecurityProtocolServer (SCMSecurityProtocolServer.java:join(564)) - Join gRPC server for SCMSecurityProtocolServer.
2023-08-04 02:33:41,264 [Time-limited test] INFO  om.OzoneManager (OzoneManager.java:stop(2187)) - om1[fv-az621-180:1202]: Stopping Ozone Manager
2023-08-04 02:33:41,264 [Time-limited test] INFO  ipc.Server (Server.java:stop(3523)) - Stopping server on 1202
2023-08-04 02:33:41,264 [Time-limited test] INFO  server.RaftServer (RaftServerProxy.java:lambda$close$6(416)) - om1: close
2023-08-04 02:33:41,265 [Time-limited test] INFO  server.GrpcService (GrpcService.java:closeImpl(311)) - om1: shutdown server GrpcServerProtocolService now
2023-08-04 02:33:41,269 [om1-impl-thread1] INFO  server.RaftServer$Division (RaftServerImpl.java:lambda$close$4(466)) - om1@group-C5BA1605619E: shutdown
2023-08-04 02:33:41,269 [om1-impl-thread1] INFO  util.JmxRegister (JmxRegister.java:unregister(73)) - Successfully un-registered JMX Bean with object name Ratis:service=RaftServer,group=group-C5BA1605619E,id=om1
2023-08-04 02:33:41,269 [om1-impl-thread1] INFO  impl.RoleInfo (RoleInfo.java:shutdownFollowerState(110)) - om1: shutdown om1@group-C5BA1605619E-FollowerState
2023-08-04 02:33:41,269 [om1-impl-thread1] INFO  impl.StateMachineUpdater (StateMachineUpdater.java:stopAndJoin(155)) - om1@group-C5BA1605619E-StateMachineUpdater: set stopIndex = -1
2023-08-04 02:33:41,269 [om1@group-C5BA1605619E-StateMachineUpdater] INFO  ratis.OzoneManagerStateMachine (OzoneManagerStateMachine.java:close(534)) - StateMachine has shutdown. Shutdown OzoneManager if not already shutdown.
2023-08-04 02:33:41,269 [om1@group-C5BA1605619E-StateMachineUpdater] INFO  ratis.OzoneManagerDoubleBuffer (OzoneManagerDoubleBuffer.java:stopDaemon(551)) - Stopping OMDoubleBuffer flush thread
2023-08-04 02:33:41,269 [om1@group-C5BA1605619E-FollowerState] INFO  impl.FollowerState (FollowerState.java:run(152)) - om1@group-C5BA1605619E-FollowerState was interrupted
2023-08-04 02:33:41,269 [OMDoubleBufferFlushThread] INFO  ratis.OzoneManagerDoubleBuffer (OzoneManagerDoubleBuffer.java:canFlush(638)) - OMDoubleBuffer flush thread OMDoubleBufferFlushThread is interrupted and will exit.
2023-08-04 02:33:41,270 [om1-impl-thread1] INFO  server.RaftServer$Division (ServerState.java:close(472)) - om1@group-C5BA1605619E: closes. applyIndex: -1
2023-08-04 02:33:41,269 [Time-limited test] INFO  server.GrpcService (GrpcService.java:closeImpl(320)) - om1: shutdown server GrpcServerProtocolService successfully
2023-08-04 02:33:42,057 [om1-impl-thread1] INFO  segmented.SegmentedRaftLogWorker (SegmentedRaftLogWorker.java:close(252)) - om1@group-C5BA1605619E-SegmentedRaftLogWorker close()
2023-08-04 02:33:42,058 [JvmPauseMonitor4] INFO  util.JvmPauseMonitor (JvmPauseMonitor.java:run(109)) - JvmPauseMonitor-om1: Stopped
2023-08-04 02:33:42,058 [Time-limited test] INFO  ratis.OzoneManagerStateMachine (OzoneManagerStateMachine.java:close(534)) - StateMachine has shutdown. Shutdown OzoneManager if not already shutdown.
2023-08-04 02:33:42,058 [Time-limited test] INFO  ratis.OzoneManagerDoubleBuffer (OzoneManagerDoubleBuffer.java:stopDaemon(560)) - OMDoubleBuffer flush thread is not running.
2023-08-04 02:33:42,058 [Time-limited test] INFO  om.OzoneManager (OzoneManager.java:stopSecretManager(1063)) - Stopping secret key client.
2023-08-04 02:33:42,058 [Time-limited test] INFO  om.OzoneManager (OzoneManager.java:stopSecretManager(1068)) - Stopping OM delegation token secret manager.
2023-08-04 02:33:42,058 [Time-limited test] INFO  rocksdiff.RocksDBCheckpointDiffer (RocksDBCheckpointDiffer.java:close(340)) - Shutting down CompactionDagPruningService.
2023-08-04 02:33:42,060 [Time-limited test] INFO  snapshot.SnapshotDiffManager (SnapshotDiffManager.java:closeExecutorService(1720)) - Shutting down executorService: 'SnapDiffExecutor'
2023-08-04 02:33:42,060 [Time-limited test] INFO  snapshot.SnapshotDiffManager (SnapshotDiffManager.java:closeExecutorService(1720)) - Shutting down executorService: 'SstDumpToolExecutor'
2023-08-04 02:33:42,060 [Time-limited test] INFO  utils.BackgroundService (BackgroundService.java:shutdown(141)) - Shutting down service SnapshotDiffCleanupService
]]></system-out>
  </testcase>
  <testcase name="testAccessControlExceptionOnClient" classname="org.apache.hadoop.ozone.TestSecureOzoneCluster" time="10.131">
    <system-out><![CDATA[2023-08-04 02:33:42,087 [Time-limited test] INFO  net.ServerSocketUtil (ServerSocketUtil.java:getPort(55)) - Using port 9860
2023-08-04 02:33:42,087 [Time-limited test] INFO  net.ServerSocketUtil (ServerSocketUtil.java:getPort(55)) - Using port 9861
2023-08-04 02:33:42,087 [Time-limited test] INFO  net.ServerSocketUtil (ServerSocketUtil.java:getPort(55)) - Using port 9863
2023-08-04 02:33:42,087 [Time-limited test] INFO  net.ServerSocketUtil (ServerSocketUtil.java:getPort(55)) - Using port 9961
2023-08-04 02:33:42,087 [Time-limited test] INFO  net.ServerSocketUtil (ServerSocketUtil.java:getPort(55)) - Using port 1200
2023-08-04 02:33:42,087 [Time-limited test] INFO  net.ServerSocketUtil (ServerSocketUtil.java:getPort(55)) - Using port 1201
2023-08-04 02:33:42,087 [Time-limited test] INFO  minikdc.MiniKdc (MiniKdc.java:<init>(225)) - Configuration:
2023-08-04 02:33:42,087 [Time-limited test] INFO  minikdc.MiniKdc (MiniKdc.java:<init>(226)) - ---------------------------------------------------------------
2023-08-04 02:33:42,087 [Time-limited test] INFO  minikdc.MiniKdc (MiniKdc.java:<init>(228)) -   debug: false
2023-08-04 02:33:42,087 [Time-limited test] INFO  minikdc.MiniKdc (MiniKdc.java:<init>(228)) -   transport: TCP
2023-08-04 02:33:42,088 [Time-limited test] INFO  minikdc.MiniKdc (MiniKdc.java:<init>(228)) -   max.ticket.lifetime: 86400000
2023-08-04 02:33:42,088 [Time-limited test] INFO  minikdc.MiniKdc (MiniKdc.java:<init>(228)) -   org.name: EXAMPLE
2023-08-04 02:33:42,088 [Time-limited test] INFO  minikdc.MiniKdc (MiniKdc.java:<init>(228)) -   kdc.port: 0
2023-08-04 02:33:42,088 [Time-limited test] INFO  minikdc.MiniKdc (MiniKdc.java:<init>(228)) -   org.domain: COM
2023-08-04 02:33:42,088 [Time-limited test] INFO  minikdc.MiniKdc (MiniKdc.java:<init>(228)) -   max.renewable.lifetime: 604800000
2023-08-04 02:33:42,088 [Time-limited test] INFO  minikdc.MiniKdc (MiniKdc.java:<init>(228)) -   instance: DefaultKrbServer
2023-08-04 02:33:42,088 [Time-limited test] INFO  minikdc.MiniKdc (MiniKdc.java:<init>(228)) -   kdc.bind.address: localhost
2023-08-04 02:33:42,088 [Time-limited test] INFO  minikdc.MiniKdc (MiniKdc.java:<init>(230)) - ---------------------------------------------------------------
2023-08-04 02:33:42,089 [Time-limited test] INFO  minikdc.MiniKdc (MiniKdc.java:start(285)) - MiniKdc started.
2023-08-04 02:33:42,307 [Time-limited test] INFO  om.OzoneManager (OzoneManager.java:getOmDetailsProto(4555)) - OzoneManager ports added:[name: "RPC"
value: 1202
]
2023-08-04 02:33:42,307 [Time-limited test] WARN  server.ServerUtils (ServerUtils.java:getScmDbDir(155)) - ozone.scm.db.dirs is not configured. We recommend adding this setting. Falling back to ozone.metadata.dirs instead.
2023-08-04 02:33:42,307 [Time-limited test] INFO  ha.HASecurityUtils (HASecurityUtils.java:initializeSecurity(98)) - Initializing secure StorageContainerManager.
2023-08-04 02:33:42,309 [Time-limited test] INFO  client.SCMCertificateClient (DefaultCertificateClient.java:updateCertSerialId(1226)) - Certificate serial ID set to null
2023-08-04 02:33:42,309 [Time-limited test] ERROR client.SCMCertificateClient (DefaultCertificateClient.java:getCertPath(361)) - Default certificate serial id is not set. Can't locate the default certificate for this client.
2023-08-04 02:33:42,309 [Time-limited test] INFO  client.SCMCertificateClient (DefaultCertificateClient.java:init(707)) - Certificate client init case: 0
2023-08-04 02:33:42,309 [Time-limited test] INFO  client.SCMCertificateClient (SCMCertificateClient.java:handleCase(96)) - Creating keypair for client as keypair and certificate not found.
2023-08-04 02:33:42,480 [Time-limited test] INFO  ha.HASecurityUtils (HASecurityUtils.java:initializeSecurity(108)) - Init response: GETCERT
2023-08-04 02:33:42,805 [Time-limited test] INFO  ozone.OzoneSecurityUtil (OzoneSecurityUtil.java:getValidInetsForCurrentHost(119)) - ip:fe80:0:0:0:20d:3aff:fe7a:a89f%eth0 not returned.
2023-08-04 02:33:42,805 [Time-limited test] INFO  ozone.OzoneSecurityUtil (OzoneSecurityUtil.java:getValidInetsForCurrentHost(116)) - Adding ip:10.1.0.9,host:fv-az621-180
2023-08-04 02:33:42,806 [Time-limited test] INFO  ozone.OzoneSecurityUtil (OzoneSecurityUtil.java:getValidInetsForCurrentHost(119)) - ip:0:0:0:0:0:0:0:1%lo not returned.
2023-08-04 02:33:42,806 [Time-limited test] INFO  ozone.OzoneSecurityUtil (OzoneSecurityUtil.java:getValidInetsForCurrentHost(119)) - ip:127.0.0.1 not returned.
2023-08-04 02:33:42,806 [Time-limited test] ERROR utils.SelfSignedCertificate (SelfSignedCertificate.java:lambda$addInetAddresses$0(244)) - Invalid domain fv-az621-180
2023-08-04 02:33:42,809 [Time-limited test] INFO  utils.SelfSignedCertificate (SelfSignedCertificate.java:generateCertificate(157)) - Certificate 1 is issued by CN=scm-1@fv-az621-180,OU=2b8a0fdb-7d67-4902-a532-6108e31d1dd8,O=61eaae6c-e1e1-4015-bcfe-5c3978d21684 to CN=scm-1@fv-az621-180,OU=2b8a0fdb-7d67-4902-a532-6108e31d1dd8,O=61eaae6c-e1e1-4015-bcfe-5c3978d21684, valid from Fri Aug 04 02:33:42 UTC 2023 to Mon Sep 11 02:33:42 UTC 2028
2023-08-04 02:33:42,810 [Time-limited test] INFO  utils.CertificateCodec (CertificateCodec.java:writeCertificate(299)) - Save certificate to /tmp/junit3349794563952476617/junit2956318720806510676/scm-meta/scm/ca/certs/certificate.crt
2023-08-04 02:33:42,810 [Time-limited test] INFO  utils.CertificateCodec (CertificateCodec.java:writeCertificate(300)) - Certificate -----BEGIN CERTIFICATE-----
MIIDpTCCAo2gAwIBAgIBATANBgkqhkiG9w0BAQsFADB7MRswGQYDVQQDDBJzY20t
MUBmdi1hejYyMS0xODAxLTArBgNVBAsMJDJiOGEwZmRiLTdkNjctNDkwMi1hNTMy
LTYxMDhlMzFkMWRkODEtMCsGA1UECgwkNjFlYWFlNmMtZTFlMS00MDE1LWJjZmUt
NWMzOTc4ZDIxNjg0MB4XDTIzMDgwNDAyMzM0MloXDTI4MDkxMTAyMzM0MlowezEb
MBkGA1UEAwwSc2NtLTFAZnYtYXo2MjEtMTgwMS0wKwYDVQQLDCQyYjhhMGZkYi03
ZDY3LTQ5MDItYTUzMi02MTA4ZTMxZDFkZDgxLTArBgNVBAoMJDYxZWFhZTZjLWUx
ZTEtNDAxNS1iY2ZlLTVjMzk3OGQyMTY4NDCCASIwDQYJKoZIhvcNAQEBBQADggEP
ADCCAQoCggEBAMo/PsYrfjqoZ9txh8fihlO9rDBc1WE/SR3H4S/O7l1P0akpVeup
lqspe0XyQ7tKW9s2JRdHPsBp4pabm1eMEoX3NC5jtd+f5TNOHWbI01zJeFTQb+zi
7o54qHIq+//R+Tx116H5LV6FbcLBmzzL3EhszTOlnGcTF7Fv8PLCGe0vDTvirxzD
DHIybeTIoXO5lQ9KNlp4tk9CQkOyhTQJSRCP+VTfC0PJ7U7fneP3Zh1Ol/VYTIUR
yDwy2xAzcobqpiI9NCglflRkf4DjUqGjmhhB9cdpgi8eFtxamf8WG5lDRy+Yylu8
eItrXeBfEvR1/rfcDnrbpGF86tRXCZKncD8CAwEAAaM0MDIwDwYDVR0TAQH/BAUw
AwEB/zAOBgNVHQ8BAf8EBAMCAQYwDwYDVR0RBAgwBocECgEACTANBgkqhkiG9w0B
AQsFAAOCAQEAeW42Q/ZVbD4dghrBcJWTRVd0y6kyHso0OQDJrCXYCQhVh99xH3DG
LmmdEBKX6YN6wDvT0/Y1FjPEY5uDp0HY4GnD9ZKaFz0lFPbXG7Uhnle3VKFmuxR+
dh2GtgKkDTLEwioqXHXpVTs57GNLI3AK1CYEwSasCpjA1MQz8LWYCcttcY1aBbrR
kdM1xNFTo5nPsfrih/z2FicfBwAkhtapYML3Yi2Sj5k91ZqZJEo4aPuaQsM/fnCI
/4eBxUBN4f7t/XZNK4/pCou90Iv0BNOTEur9rLPhte7HfIw2rP4c9vRl9SEGRUSr
om6yhbjRZ5NHrPwQPddLp+oUjSWuskfieg==
-----END CERTIFICATE-----

2023-08-04 02:33:42,810 [Time-limited test] INFO  client.SCMCertificateClient (SCMCertificateClient.java:getCSRBuilder(158)) - Creating csr for SCM->hostName:fv-az621-180,scmId:2b8a0fdb-7d67-4902-a532-6108e31d1dd8,clusterId:61eaae6c-e1e1-4015-bcfe-5c3978d21684,subject:scm-sub-1469707940100@fv-az621-180
2023-08-04 02:33:42,810 [Time-limited test] INFO  ozone.OzoneSecurityUtil (OzoneSecurityUtil.java:getValidInetsForCurrentHost(119)) - ip:fe80:0:0:0:20d:3aff:fe7a:a89f%eth0 not returned.
2023-08-04 02:33:42,810 [Time-limited test] INFO  ozone.OzoneSecurityUtil (OzoneSecurityUtil.java:getValidInetsForCurrentHost(116)) - Adding ip:10.1.0.9,host:fv-az621-180
2023-08-04 02:33:42,811 [Time-limited test] INFO  ozone.OzoneSecurityUtil (OzoneSecurityUtil.java:getValidInetsForCurrentHost(119)) - ip:0:0:0:0:0:0:0:1%lo not returned.
2023-08-04 02:33:42,811 [Time-limited test] INFO  ozone.OzoneSecurityUtil (OzoneSecurityUtil.java:getValidInetsForCurrentHost(119)) - ip:127.0.0.1 not returned.
2023-08-04 02:33:42,811 [Time-limited test] ERROR utils.CertificateSignRequest (CertificateSignRequest.java:lambda$addInetAddresses$0(295)) - Invalid domain fv-az621-180
2023-08-04 02:33:42,811 [Time-limited test] INFO  ha.HASecurityUtils (HASecurityUtils.java:generateCSR(308)) - Creating csr for SCM->hostName:fv-az621-180,scmId:2b8a0fdb-7d67-4902-a532-6108e31d1dd8,clusterId:61eaae6c-e1e1-4015-bcfe-5c3978d21684,subject:scm-sub-1469708573110@fv-az621-180
2023-08-04 02:33:42,814 [Time-limited test] INFO  authority.DefaultApprover (DefaultApprover.java:sign(154)) - Extensions in CSR: 2.5.29.19, 2.5.29.15, 2.5.29.17
2023-08-04 02:33:42,814 [Time-limited test] INFO  authority.DefaultApprover (DefaultApprover.java:sign(158)) - Extensions to add to the certificate if they present in CSR: 2.5.29.17, 2.5.29.19, 1.3.6.1.5.5.7.1.12, 2.5.29.35, 2.5.29.37, 2.5.29.15
2023-08-04 02:33:42,818 [Time-limited test] INFO  utils.CertificateCodec (CertificateCodec.java:writeCertificate(299)) - Save certificate to /tmp/junit3349794563952476617/junit2956318720806510676/scm-meta/scm/sub-ca/certs/CA-1.crt
2023-08-04 02:33:42,818 [Time-limited test] INFO  utils.CertificateCodec (CertificateCodec.java:writeCertificate(300)) - Certificate -----BEGIN CERTIFICATE-----
MIIDpTCCAo2gAwIBAgIBATANBgkqhkiG9w0BAQsFADB7MRswGQYDVQQDDBJzY20t
MUBmdi1hejYyMS0xODAxLTArBgNVBAsMJDJiOGEwZmRiLTdkNjctNDkwMi1hNTMy
LTYxMDhlMzFkMWRkODEtMCsGA1UECgwkNjFlYWFlNmMtZTFlMS00MDE1LWJjZmUt
NWMzOTc4ZDIxNjg0MB4XDTIzMDgwNDAyMzM0MloXDTI4MDkxMTAyMzM0MlowezEb
MBkGA1UEAwwSc2NtLTFAZnYtYXo2MjEtMTgwMS0wKwYDVQQLDCQyYjhhMGZkYi03
ZDY3LTQ5MDItYTUzMi02MTA4ZTMxZDFkZDgxLTArBgNVBAoMJDYxZWFhZTZjLWUx
ZTEtNDAxNS1iY2ZlLTVjMzk3OGQyMTY4NDCCASIwDQYJKoZIhvcNAQEBBQADggEP
ADCCAQoCggEBAMo/PsYrfjqoZ9txh8fihlO9rDBc1WE/SR3H4S/O7l1P0akpVeup
lqspe0XyQ7tKW9s2JRdHPsBp4pabm1eMEoX3NC5jtd+f5TNOHWbI01zJeFTQb+zi
7o54qHIq+//R+Tx116H5LV6FbcLBmzzL3EhszTOlnGcTF7Fv8PLCGe0vDTvirxzD
DHIybeTIoXO5lQ9KNlp4tk9CQkOyhTQJSRCP+VTfC0PJ7U7fneP3Zh1Ol/VYTIUR
yDwy2xAzcobqpiI9NCglflRkf4DjUqGjmhhB9cdpgi8eFtxamf8WG5lDRy+Yylu8
eItrXeBfEvR1/rfcDnrbpGF86tRXCZKncD8CAwEAAaM0MDIwDwYDVR0TAQH/BAUw
AwEB/zAOBgNVHQ8BAf8EBAMCAQYwDwYDVR0RBAgwBocECgEACTANBgkqhkiG9w0B
AQsFAAOCAQEAeW42Q/ZVbD4dghrBcJWTRVd0y6kyHso0OQDJrCXYCQhVh99xH3DG
LmmdEBKX6YN6wDvT0/Y1FjPEY5uDp0HY4GnD9ZKaFz0lFPbXG7Uhnle3VKFmuxR+
dh2GtgKkDTLEwioqXHXpVTs57GNLI3AK1CYEwSasCpjA1MQz8LWYCcttcY1aBbrR
kdM1xNFTo5nPsfrih/z2FicfBwAkhtapYML3Yi2Sj5k91ZqZJEo4aPuaQsM/fnCI
/4eBxUBN4f7t/XZNK4/pCou90Iv0BNOTEur9rLPhte7HfIw2rP4c9vRl9SEGRUSr
om6yhbjRZ5NHrPwQPddLp+oUjSWuskfieg==
-----END CERTIFICATE-----

2023-08-04 02:33:42,819 [Time-limited test] INFO  utils.CertificateCodec (CertificateCodec.java:writeCertificate(299)) - Save certificate to /tmp/junit3349794563952476617/junit2956318720806510676/scm-meta/scm/sub-ca/certs/1469711759358.crt
2023-08-04 02:33:42,819 [Time-limited test] INFO  utils.CertificateCodec (CertificateCodec.java:writeCertificate(300)) - Certificate -----BEGIN CERTIFICATE-----
MIIDuzCCAqOgAwIBAgIGAVYxpbf+MA0GCSqGSIb3DQEBCwUAMHsxGzAZBgNVBAMM
EnNjbS0xQGZ2LWF6NjIxLTE4MDEtMCsGA1UECwwkMmI4YTBmZGItN2Q2Ny00OTAy
LWE1MzItNjEwOGUzMWQxZGQ4MS0wKwYDVQQKDCQ2MWVhYWU2Yy1lMWUxLTQwMTUt
YmNmZS01YzM5NzhkMjE2ODQwHhcNMjMwODA0MDIzMzQyWhcNMjgwOTExMDIzMzQy
WjCBizErMCkGA1UEAwwic2NtLXN1Yi0xNDY5NzA4NTczMTEwQGZ2LWF6NjIxLTE4
MDEtMCsGA1UECwwkMmI4YTBmZGItN2Q2Ny00OTAyLWE1MzItNjEwOGUzMWQxZGQ4
MS0wKwYDVQQKDCQ2MWVhYWU2Yy1lMWUxLTQwMTUtYmNmZS01YzM5NzhkMjE2ODQw
ggEiMA0GCSqGSIb3DQEBAQUAA4IBDwAwggEKAoIBAQDEcMlg98on4aDI2tDaU/h7
QH5TegTVsZ+mwWhK3FmPX6dJZq1S5d05G3L37qoqcBB5GyTosDlh3HU16/JS/0t0
gLedcd9JRifJaBKx+ojNOgz+BaztPkAku/bd5c3OwmXOO1qwTkv+I7tHCb1JDpuy
q/8rMNvXFwG5T5kF7lE+K9SiqHKPf/eSyR1iHHcv9FjIBC/FBVys4Gnh2x3X35wN
Gtd5tAbhYbcr7pmewIZHU2BEq7722P7B2iiEL69QJHffTnNT9hWyucrWsORXWVJ2
++Af0+0p1QTG4c+ap/1D+RM2nOb97cGmtSG6yOXNttdDkI3bwW+gqVI61m4Qv6fD
AgMBAAGjNDAyMA8GA1UdEQQIMAaHBAoBAAkwDwYDVR0TAQH/BAUwAwEB/zAOBgNV
HQ8BAf8EBAMCAb4wDQYJKoZIhvcNAQELBQADggEBAFnshMCUkDuCxzp5I3CihUn7
A8MXnIvk9KFSnS1/4/a3iEQ9wBZ+cY5IUrOiXxfYIK+hIYKZlTCh2stiIpuL9Fqb
JX8hs17gvJI4CYfiQRZhzv++bTRE8TIra4JNFtXuqrZgKwTrc2uheWGn4iKuVZt5
4o08F25nPWZUQVxoJHuLNSXkG7rX3Q+IpnaifMlbmpJQE0aqab3qKxtoUU0JRr6Y
HEa5leAaSv2WvYqvblIRm2FUXAx813FTiS3zpaaAYNkC6+XCRy7/X4pMttPreKeZ
jSToInekQ8CXc3wkn1t6P/bqruLriOiaBPo1Bz+CsYG2QoGqcvOZt1TeIsWgozE=
-----END CERTIFICATE-----

-----BEGIN CERTIFICATE-----
MIIDpTCCAo2gAwIBAgIBATANBgkqhkiG9w0BAQsFADB7MRswGQYDVQQDDBJzY20t
MUBmdi1hejYyMS0xODAxLTArBgNVBAsMJDJiOGEwZmRiLTdkNjctNDkwMi1hNTMy
LTYxMDhlMzFkMWRkODEtMCsGA1UECgwkNjFlYWFlNmMtZTFlMS00MDE1LWJjZmUt
NWMzOTc4ZDIxNjg0MB4XDTIzMDgwNDAyMzM0MloXDTI4MDkxMTAyMzM0MlowezEb
MBkGA1UEAwwSc2NtLTFAZnYtYXo2MjEtMTgwMS0wKwYDVQQLDCQyYjhhMGZkYi03
ZDY3LTQ5MDItYTUzMi02MTA4ZTMxZDFkZDgxLTArBgNVBAoMJDYxZWFhZTZjLWUx
ZTEtNDAxNS1iY2ZlLTVjMzk3OGQyMTY4NDCCASIwDQYJKoZIhvcNAQEBBQADggEP
ADCCAQoCggEBAMo/PsYrfjqoZ9txh8fihlO9rDBc1WE/SR3H4S/O7l1P0akpVeup
lqspe0XyQ7tKW9s2JRdHPsBp4pabm1eMEoX3NC5jtd+f5TNOHWbI01zJeFTQb+zi
7o54qHIq+//R+Tx116H5LV6FbcLBmzzL3EhszTOlnGcTF7Fv8PLCGe0vDTvirxzD
DHIybeTIoXO5lQ9KNlp4tk9CQkOyhTQJSRCP+VTfC0PJ7U7fneP3Zh1Ol/VYTIUR
yDwy2xAzcobqpiI9NCglflRkf4DjUqGjmhhB9cdpgi8eFtxamf8WG5lDRy+Yylu8
eItrXeBfEvR1/rfcDnrbpGF86tRXCZKncD8CAwEAAaM0MDIwDwYDVR0TAQH/BAUw
AwEB/zAOBgNVHQ8BAf8EBAMCAQYwDwYDVR0RBAgwBocECgEACTANBgkqhkiG9w0B
AQsFAAOCAQEAeW42Q/ZVbD4dghrBcJWTRVd0y6kyHso0OQDJrCXYCQhVh99xH3DG
LmmdEBKX6YN6wDvT0/Y1FjPEY5uDp0HY4GnD9ZKaFz0lFPbXG7Uhnle3VKFmuxR+
dh2GtgKkDTLEwioqXHXpVTs57GNLI3AK1CYEwSasCpjA1MQz8LWYCcttcY1aBbrR
kdM1xNFTo5nPsfrih/z2FicfBwAkhtapYML3Yi2Sj5k91ZqZJEo4aPuaQsM/fnCI
/4eBxUBN4f7t/XZNK4/pCou90Iv0BNOTEur9rLPhte7HfIw2rP4c9vRl9SEGRUSr
om6yhbjRZ5NHrPwQPddLp+oUjSWuskfieg==
-----END CERTIFICATE-----

2023-08-04 02:33:42,819 [Time-limited test] INFO  utils.CertificateCodec (CertificateCodec.java:writeCertificate(299)) - Save certificate to /tmp/junit3349794563952476617/junit2956318720806510676/scm-meta/scm/sub-ca/certs/certificate.crt
2023-08-04 02:33:42,819 [Time-limited test] INFO  utils.CertificateCodec (CertificateCodec.java:writeCertificate(300)) - Certificate -----BEGIN CERTIFICATE-----
MIIDuzCCAqOgAwIBAgIGAVYxpbf+MA0GCSqGSIb3DQEBCwUAMHsxGzAZBgNVBAMM
EnNjbS0xQGZ2LWF6NjIxLTE4MDEtMCsGA1UECwwkMmI4YTBmZGItN2Q2Ny00OTAy
LWE1MzItNjEwOGUzMWQxZGQ4MS0wKwYDVQQKDCQ2MWVhYWU2Yy1lMWUxLTQwMTUt
YmNmZS01YzM5NzhkMjE2ODQwHhcNMjMwODA0MDIzMzQyWhcNMjgwOTExMDIzMzQy
WjCBizErMCkGA1UEAwwic2NtLXN1Yi0xNDY5NzA4NTczMTEwQGZ2LWF6NjIxLTE4
MDEtMCsGA1UECwwkMmI4YTBmZGItN2Q2Ny00OTAyLWE1MzItNjEwOGUzMWQxZGQ4
MS0wKwYDVQQKDCQ2MWVhYWU2Yy1lMWUxLTQwMTUtYmNmZS01YzM5NzhkMjE2ODQw
ggEiMA0GCSqGSIb3DQEBAQUAA4IBDwAwggEKAoIBAQDEcMlg98on4aDI2tDaU/h7
QH5TegTVsZ+mwWhK3FmPX6dJZq1S5d05G3L37qoqcBB5GyTosDlh3HU16/JS/0t0
gLedcd9JRifJaBKx+ojNOgz+BaztPkAku/bd5c3OwmXOO1qwTkv+I7tHCb1JDpuy
q/8rMNvXFwG5T5kF7lE+K9SiqHKPf/eSyR1iHHcv9FjIBC/FBVys4Gnh2x3X35wN
Gtd5tAbhYbcr7pmewIZHU2BEq7722P7B2iiEL69QJHffTnNT9hWyucrWsORXWVJ2
++Af0+0p1QTG4c+ap/1D+RM2nOb97cGmtSG6yOXNttdDkI3bwW+gqVI61m4Qv6fD
AgMBAAGjNDAyMA8GA1UdEQQIMAaHBAoBAAkwDwYDVR0TAQH/BAUwAwEB/zAOBgNV
HQ8BAf8EBAMCAb4wDQYJKoZIhvcNAQELBQADggEBAFnshMCUkDuCxzp5I3CihUn7
A8MXnIvk9KFSnS1/4/a3iEQ9wBZ+cY5IUrOiXxfYIK+hIYKZlTCh2stiIpuL9Fqb
JX8hs17gvJI4CYfiQRZhzv++bTRE8TIra4JNFtXuqrZgKwTrc2uheWGn4iKuVZt5
4o08F25nPWZUQVxoJHuLNSXkG7rX3Q+IpnaifMlbmpJQE0aqab3qKxtoUU0JRr6Y
HEa5leAaSv2WvYqvblIRm2FUXAx813FTiS3zpaaAYNkC6+XCRy7/X4pMttPreKeZ
jSToInekQ8CXc3wkn1t6P/bqruLriOiaBPo1Bz+CsYG2QoGqcvOZt1TeIsWgozE=
-----END CERTIFICATE-----

-----BEGIN CERTIFICATE-----
MIIDpTCCAo2gAwIBAgIBATANBgkqhkiG9w0BAQsFADB7MRswGQYDVQQDDBJzY20t
MUBmdi1hejYyMS0xODAxLTArBgNVBAsMJDJiOGEwZmRiLTdkNjctNDkwMi1hNTMy
LTYxMDhlMzFkMWRkODEtMCsGA1UECgwkNjFlYWFlNmMtZTFlMS00MDE1LWJjZmUt
NWMzOTc4ZDIxNjg0MB4XDTIzMDgwNDAyMzM0MloXDTI4MDkxMTAyMzM0MlowezEb
MBkGA1UEAwwSc2NtLTFAZnYtYXo2MjEtMTgwMS0wKwYDVQQLDCQyYjhhMGZkYi03
ZDY3LTQ5MDItYTUzMi02MTA4ZTMxZDFkZDgxLTArBgNVBAoMJDYxZWFhZTZjLWUx
ZTEtNDAxNS1iY2ZlLTVjMzk3OGQyMTY4NDCCASIwDQYJKoZIhvcNAQEBBQADggEP
ADCCAQoCggEBAMo/PsYrfjqoZ9txh8fihlO9rDBc1WE/SR3H4S/O7l1P0akpVeup
lqspe0XyQ7tKW9s2JRdHPsBp4pabm1eMEoX3NC5jtd+f5TNOHWbI01zJeFTQb+zi
7o54qHIq+//R+Tx116H5LV6FbcLBmzzL3EhszTOlnGcTF7Fv8PLCGe0vDTvirxzD
DHIybeTIoXO5lQ9KNlp4tk9CQkOyhTQJSRCP+VTfC0PJ7U7fneP3Zh1Ol/VYTIUR
yDwy2xAzcobqpiI9NCglflRkf4DjUqGjmhhB9cdpgi8eFtxamf8WG5lDRy+Yylu8
eItrXeBfEvR1/rfcDnrbpGF86tRXCZKncD8CAwEAAaM0MDIwDwYDVR0TAQH/BAUw
AwEB/zAOBgNVHQ8BAf8EBAMCAQYwDwYDVR0RBAgwBocECgEACTANBgkqhkiG9w0B
AQsFAAOCAQEAeW42Q/ZVbD4dghrBcJWTRVd0y6kyHso0OQDJrCXYCQhVh99xH3DG
LmmdEBKX6YN6wDvT0/Y1FjPEY5uDp0HY4GnD9ZKaFz0lFPbXG7Uhnle3VKFmuxR+
dh2GtgKkDTLEwioqXHXpVTs57GNLI3AK1CYEwSasCpjA1MQz8LWYCcttcY1aBbrR
kdM1xNFTo5nPsfrih/z2FicfBwAkhtapYML3Yi2Sj5k91ZqZJEo4aPuaQsM/fnCI
/4eBxUBN4f7t/XZNK4/pCou90Iv0BNOTEur9rLPhte7HfIw2rP4c9vRl9SEGRUSr
om6yhbjRZ5NHrPwQPddLp+oUjSWuskfieg==
-----END CERTIFICATE-----

2023-08-04 02:33:42,819 [Time-limited test] INFO  ha.HASecurityUtils (HASecurityUtils.java:initializeSecurity(121)) - Successfully stored SCM signed certificate.
2023-08-04 02:33:42,821 [Time-limited test] WARN  server.ServerUtils (ServerUtils.java:getScmDbDir(155)) - ozone.scm.db.dirs is not configured. We recommend adding this setting. Falling back to ozone.metadata.dirs instead.
2023-08-04 02:33:42,821 [Time-limited test] INFO  ha.SCMHANodeDetails (SCMHANodeDetails.java:loadSCMHAConfig(210)) - ServiceID for StorageContainerManager is null
2023-08-04 02:33:42,822 [Time-limited test] INFO  ha.SCMHANodeDetails (SCMHANodeDetails.java:loadSCMHAConfig(215)) - ozone.scm.default.service.id is not defined, falling back to ozone.scm.service.ids to find serviceID for StorageContainerManager if it is HA enabled cluster
2023-08-04 02:33:42,829 [pool-325-thread-1] INFO  request.KdcRequest (KdcRequest.java:preauth(651)) - The preauth data is empty.
2023-08-04 02:33:42,831 [pool-325-thread-1] INFO  server.KdcHandler (KdcHandler.java:handleRecoverableException(177)) - KRB error occurred while processing request:Additional pre-authentication required
2023-08-04 02:33:42,837 [pool-325-thread-2] INFO  request.AsRequest (AsRequest.java:issueTicket(112)) - AS_REQ ISSUE: authtime 1691116422837,scm/fv-az621-180@EXAMPLE.COM for krbtgt/EXAMPLE.COM@EXAMPLE.COM
2023-08-04 02:33:42,838 [Time-limited test] INFO  security.UserGroupInformation (UserGroupInformation.java:loginUserFromKeytab(1132)) - Login successful for user scm/fv-az621-180@EXAMPLE.COM using keytab file scm.keytab. Keytab auto renewal enabled : false
2023-08-04 02:33:42,838 [Time-limited test] INFO  server.StorageContainerManager (StorageContainerManager.java:loginAsSCMUserIfSecurityEnabled(1050)) - SCM login successful.
2023-08-04 02:33:42,840 [Time-limited test] INFO  client.SCMCertificateClient (DefaultCertificateClient.java:updateCertSerialId(1226)) - Certificate serial ID set to 1469711759358
2023-08-04 02:33:42,841 [Time-limited test] INFO  client.SCMCertificateClient (DefaultCertificateClient.java:readCertificateFile(236)) - Added certificate   [0]         Version: 3
         SerialNumber: 1469711759358
             IssuerDN: CN=scm-1@fv-az621-180,OU=2b8a0fdb-7d67-4902-a532-6108e31d1dd8,O=61eaae6c-e1e1-4015-bcfe-5c3978d21684
           Start Date: Fri Aug 04 02:33:42 UTC 2023
           Final Date: Mon Sep 11 02:33:42 UTC 2028
            SubjectDN: CN=scm-sub-1469708573110@fv-az621-180,OU=2b8a0fdb-7d67-4902-a532-6108e31d1dd8,O=61eaae6c-e1e1-4015-bcfe-5c3978d21684
           Public Key: RSA Public Key [4f:04:84:d8:e0:7c:26:56:70:f5:6e:63:54:12:03:e7:fc:7a:dc:98],[56:66:d1:a4]
        modulus: c470c960f7ca27e1a0c8dad0da53f87b407e537a04d5b19fa6c1684adc598f5fa74966ad52e5dd391b72f7eeaa2a7010791b24e8b03961dc7535ebf252ff4b7480b79d71df494627c96812b1fa88cd3a0cfe05aced3e4024bbf6dde5cdcec265ce3b5ab04e4bfe23bb4709bd490e9bb2abff2b30dbd71701b94f9905ee513e2bd4a2a8728f7ff792c91d621c772ff458c8042fc5055cace069e1db1dd7df9c0d1ad779b406e161b72bee999ec08647536044abbef6d8fec1da28842faf502477df4e7353f615b2b9cad6b0e457595276fbe01fd3ed29d504c6e1cf9aa7fd43f913369ce6fdedc1a6b521bac8e5cdb6d743908ddbc16fa0a9523ad66e10bfa7c3
public exponent: 10001

  Signature Algorithm: SHA256WITHRSA
            Signature: 59ec84c094903b82c73a792370a28549fb03c317
                       9c8be4f4a1529d2d7fe3f6b788443dc0167e718e
                       4852b3a25f17d820afa12182999530a1dacb6222
                       9b8bf45a9b257f21b35ee0bc92380987e2411661
                       ceffbe6d3444f1322b6b824d16d5eeaab6602b04
                       eb736ba17961a7e222ae559b79e28d3c176e673d
                       6654415c68247b8b3525e41bbad7dd0f88a676a2
                       7cc95b9a92501346aa69bdea2b1b68514d0946be
                       981c46b995e01a4afd96bd8aaf6e52119b61545c
                       0c7cd77153892df3a5a68060d902ebe5c2472eff
                       5f8a4cb6d3eb78a7998d24e82277a443c097737c
                       249f5b7a3ff6eaaee2eb88e89a04fa35073f82b1
                       81b64281aa72f399b754de22c5a0a331
       Extensions: 
                       critical(false) 2.5.29.17 value = Sequence
    Tagged [7] IMPLICIT 
        DER Octet String[4] 

                       critical(true) BasicConstraints: isCa(true)
                       critical(true) KeyUsage: 0xbe
 from file: /tmp/junit3349794563952476617/junit2956318720806510676/scm-meta/scm/sub-ca/certs/1469711759358.crt.
2023-08-04 02:33:42,842 [Time-limited test] INFO  client.SCMCertificateClient (DefaultCertificateClient.java:readCertificateFile(236)) - Added certificate   [0]         Version: 3
         SerialNumber: 1
             IssuerDN: CN=scm-1@fv-az621-180,OU=2b8a0fdb-7d67-4902-a532-6108e31d1dd8,O=61eaae6c-e1e1-4015-bcfe-5c3978d21684
           Start Date: Fri Aug 04 02:33:42 UTC 2023
           Final Date: Mon Sep 11 02:33:42 UTC 2028
            SubjectDN: CN=scm-1@fv-az621-180,OU=2b8a0fdb-7d67-4902-a532-6108e31d1dd8,O=61eaae6c-e1e1-4015-bcfe-5c3978d21684
           Public Key: RSA Public Key [e5:f8:97:46:71:18:07:a4:b1:ac:27:7e:68:7c:a5:8f:d6:db:4d:11],[56:66:d1:a4]
        modulus: ca3f3ec62b7e3aa867db7187c7e28653bdac305cd5613f491dc7e12fceee5d4fd1a92955eba996ab297b45f243bb4a5bdb362517473ec069e2969b9b578c1285f7342e63b5df9fe5334e1d66c8d35cc97854d06fece2ee8e78a8722afbffd1f93c75d7a1f92d5e856dc2c19b3ccbdc486ccd33a59c671317b16ff0f2c219ed2f0d3be2af1cc30c72326de4c8a173b9950f4a365a78b64f424243b285340949108ff954df0b43c9ed4edf9de3f7661d4e97f5584c8511c83c32db10337286eaa6223d3428257e54647f80e352a1a39a1841f5c769822f1e16dc5a99ff161b9943472f98ca5bbc788b6b5de05f12f475feb7dc0e7adba4617cead4570992a7703f
public exponent: 10001

  Signature Algorithm: SHA256WITHRSA
            Signature: 796e3643f6556c3e1d821ac1709593455774cba9
                       321eca343900c9ac25d809085587df711f70c62e
                       699d101297e9837ac03bd3d3f6351633c4639b83
                       a741d8e069c3f5929a173d2514f6d71bb5219e57
                       b754a166bb147e761d86b602a40d32c4c22a2a5c
                       75e9553b39ec634b23700ad42604c126ac0a98c0
                       d4c433f0b59809cb6d718d5a05bad191d335c4d1
                       53a399cfb1fae287fcf616271f07002486d6a960
                       c2f7622d928f993dd59a99244a3868fb9a42c33f
                       7e7088ff8781c5404de1feedfd764d2b8fe90a8b
                       bdd08bf404d39312eafdacb3e1b5eec77c8c36ac
                       fe1cf6f465f521064544aba26eb285b8d1679347
                       acfc103dd74ba7ea148d25aeb247e27a
       Extensions: 
                       critical(true) BasicConstraints: isCa(true)
                       critical(true) KeyUsage: 0x6
                       critical(false) 2.5.29.17 value = Sequence
    Tagged [7] IMPLICIT 
        DER Octet String[4] 

 from file: /tmp/junit3349794563952476617/junit2956318720806510676/scm-meta/scm/sub-ca/certs/CA-1.crt.
2023-08-04 02:33:42,843 [Time-limited test] INFO  client.SCMCertificateClient (DefaultCertificateClient.java:readCertificateFile(236)) - Added certificate   [0]         Version: 3
         SerialNumber: 1469711759358
             IssuerDN: CN=scm-1@fv-az621-180,OU=2b8a0fdb-7d67-4902-a532-6108e31d1dd8,O=61eaae6c-e1e1-4015-bcfe-5c3978d21684
           Start Date: Fri Aug 04 02:33:42 UTC 2023
           Final Date: Mon Sep 11 02:33:42 UTC 2028
            SubjectDN: CN=scm-sub-1469708573110@fv-az621-180,OU=2b8a0fdb-7d67-4902-a532-6108e31d1dd8,O=61eaae6c-e1e1-4015-bcfe-5c3978d21684
           Public Key: RSA Public Key [4f:04:84:d8:e0:7c:26:56:70:f5:6e:63:54:12:03:e7:fc:7a:dc:98],[56:66:d1:a4]
        modulus: c470c960f7ca27e1a0c8dad0da53f87b407e537a04d5b19fa6c1684adc598f5fa74966ad52e5dd391b72f7eeaa2a7010791b24e8b03961dc7535ebf252ff4b7480b79d71df494627c96812b1fa88cd3a0cfe05aced3e4024bbf6dde5cdcec265ce3b5ab04e4bfe23bb4709bd490e9bb2abff2b30dbd71701b94f9905ee513e2bd4a2a8728f7ff792c91d621c772ff458c8042fc5055cace069e1db1dd7df9c0d1ad779b406e161b72bee999ec08647536044abbef6d8fec1da28842faf502477df4e7353f615b2b9cad6b0e457595276fbe01fd3ed29d504c6e1cf9aa7fd43f913369ce6fdedc1a6b521bac8e5cdb6d743908ddbc16fa0a9523ad66e10bfa7c3
public exponent: 10001

  Signature Algorithm: SHA256WITHRSA
            Signature: 59ec84c094903b82c73a792370a28549fb03c317
                       9c8be4f4a1529d2d7fe3f6b788443dc0167e718e
                       4852b3a25f17d820afa12182999530a1dacb6222
                       9b8bf45a9b257f21b35ee0bc92380987e2411661
                       ceffbe6d3444f1322b6b824d16d5eeaab6602b04
                       eb736ba17961a7e222ae559b79e28d3c176e673d
                       6654415c68247b8b3525e41bbad7dd0f88a676a2
                       7cc95b9a92501346aa69bdea2b1b68514d0946be
                       981c46b995e01a4afd96bd8aaf6e52119b61545c
                       0c7cd77153892df3a5a68060d902ebe5c2472eff
                       5f8a4cb6d3eb78a7998d24e82277a443c097737c
                       249f5b7a3ff6eaaee2eb88e89a04fa35073f82b1
                       81b64281aa72f399b754de22c5a0a331
       Extensions: 
                       critical(false) 2.5.29.17 value = Sequence
    Tagged [7] IMPLICIT 
        DER Octet String[4] 

                       critical(true) BasicConstraints: isCa(true)
                       critical(true) KeyUsage: 0xbe
 from file: /tmp/junit3349794563952476617/junit2956318720806510676/scm-meta/scm/sub-ca/certs/certificate.crt.
2023-08-04 02:33:42,843 [Time-limited test] INFO  client.SCMCertificateClient (DefaultCertificateClient.java:loadAllCertificates(190)) - CertificateRenewerService and root ca rotation polling is disabled for scm/sub-ca
2023-08-04 02:33:42,843 [Time-limited test] WARN  utils.HAUtils (HAUtils.java:getMetaDir(339)) - ozone.scm.db.dirs is not configured. We recommend adding this setting. Falling back to ozone.metadata.dirs instead.
2023-08-04 02:33:42,843 [Time-limited test] WARN  db.DBStoreBuilder (DBStoreBuilder.java:applyDBDefinition(166)) - ozone.scm.db.dirs is not configured. We recommend adding this setting. Falling back to ozone.metadata.dirs instead.
2023-08-04 02:33:42,948 [Time-limited test] INFO  net.NodeSchemaLoader (NodeSchemaLoader.java:loadSchemaFromFile(129)) - Loading schema from [jar:file:/home/runner/.m2/repository/org/apache/ozone/hdds-common/1.4.0-SNAPSHOT/hdds-common-1.4.0-SNAPSHOT.jar!/network-topology-default.xml]
2023-08-04 02:33:42,948 [Time-limited test] INFO  net.NodeSchemaLoader (NodeSchemaLoader.java:loadSchema(176)) - Loading network topology layer schema file
2023-08-04 02:33:42,957 [Time-limited test] INFO  upgrade.AbstractLayoutVersionManager (AbstractLayoutVersionManager.java:init(83)) - Initializing Layout version manager with metadata layout = HADOOP_PRC_PORTS_IN_DATANODEDETAILS (version = 7), software layout = HADOOP_PRC_PORTS_IN_DATANODEDETAILS (version = 7)
2023-08-04 02:33:42,959 [Time-limited test] INFO  ha.SequenceIdGenerator (SequenceIdGenerator.java:upgradeToSequenceId(365)) - upgrade localId to 111677748019200000
2023-08-04 02:33:42,960 [Time-limited test] INFO  ha.SequenceIdGenerator (SequenceIdGenerator.java:upgradeToSequenceId(375)) - upgrade delTxnId to 0
2023-08-04 02:33:42,961 [Time-limited test] INFO  ha.SequenceIdGenerator (SequenceIdGenerator.java:upgradeToSequenceId(392)) - upgrade containerId to 0
2023-08-04 02:33:42,962 [Time-limited test] INFO  ha.SequenceIdGenerator (SequenceIdGenerator.java:upgradeToSequenceId(428)) - upgrade rootCertificateId to 1
2023-08-04 02:33:42,962 [Time-limited test] INFO  ha.SequenceIdGenerator (SequenceIdGenerator.java:<init>(236)) - Init the HA SequenceIdGenerator.
2023-08-04 02:33:42,962 [Time-limited test] INFO  node.SCMNodeManager (SCMNodeManager.java:<init>(157)) - Entering startup safe mode.
2023-08-04 02:33:42,963 [Time-limited test] INFO  algorithms.ContainerPlacementPolicyFactory (ContainerPlacementPolicyFactory.java:getPolicyInternal(86)) - Create container placement policy of type org.apache.hadoop.hdds.scm.container.placement.algorithms.SCMContainerPlacementRackAware
2023-08-04 02:33:42,963 [Time-limited test] INFO  algorithms.ContainerPlacementPolicyFactory (ContainerPlacementPolicyFactory.java:getPolicyInternal(86)) - Create container placement policy of type org.apache.hadoop.hdds.scm.container.placement.algorithms.SCMContainerPlacementRackScatter
2023-08-04 02:33:42,963 [Time-limited test] INFO  pipeline.PipelineStateManagerImpl (PipelineStateManagerImpl.java:initialize(78)) - No pipeline exists in current db
2023-08-04 02:33:42,963 [Time-limited test] INFO  algorithms.LeaderChoosePolicyFactory (LeaderChoosePolicyFactory.java:getPolicy(57)) - Create leader choose policy of type org.apache.hadoop.hdds.scm.pipeline.leader.choose.algorithms.MinLeaderCountChoosePolicy
2023-08-04 02:33:42,964 [Time-limited test] INFO  algorithms.ContainerPlacementPolicyFactory (ContainerPlacementPolicyFactory.java:getPolicyInternal(86)) - Create container placement policy of type org.apache.hadoop.hdds.scm.container.placement.algorithms.SCMContainerPlacementRackScatter
2023-08-04 02:33:42,964 [Time-limited test] INFO  ha.SCMServiceManager (SCMServiceManager.java:register(42)) - Registering service BackgroundPipelineCreator.
2023-08-04 02:33:42,964 [Time-limited test] INFO  pipeline.BackgroundPipelineCreator (BackgroundPipelineCreator.java:start(124)) - Starting RatisPipelineUtilsThread.
2023-08-04 02:33:42,971 [Time-limited test] INFO  BackgroundPipelineScrubber (BackgroundSCMService.java:start(68)) - Starting BackgroundPipelineScrubber Service.
2023-08-04 02:33:42,971 [Time-limited test] INFO  ha.SCMServiceManager (SCMServiceManager.java:register(42)) - Registering service BackgroundPipelineScrubber.
2023-08-04 02:33:42,971 [Time-limited test] INFO  ExpiredContainerReplicaOpScrubber (BackgroundSCMService.java:start(68)) - Starting ExpiredContainerReplicaOpScrubber Service.
2023-08-04 02:33:42,971 [Time-limited test] INFO  ha.SCMServiceManager (SCMServiceManager.java:register(42)) - Registering service ExpiredContainerReplicaOpScrubber.
2023-08-04 02:33:42,972 [Time-limited test] INFO  algorithms.PipelineChoosePolicyFactory (PipelineChoosePolicyFactory.java:createPipelineChoosePolicyFromClass(78)) - Create pipeline choose policy of type org.apache.hadoop.hdds.scm.pipeline.choose.algorithms.RandomPipelineChoosePolicy
2023-08-04 02:33:42,973 [Time-limited test] INFO  algorithms.PipelineChoosePolicyFactory (PipelineChoosePolicyFactory.java:createPipelineChoosePolicyFromClass(78)) - Create pipeline choose policy of type org.apache.hadoop.hdds.scm.pipeline.choose.algorithms.RandomPipelineChoosePolicy
2023-08-04 02:33:42,973 [Time-limited test] WARN  util.MBeans (MBeans.java:register(111)) - Failed to register MBean "Hadoop:service=BlockManager,name=BlockManagerImpl-4"
javax.management.NotCompliantMBeanException: MBean class org.apache.hadoop.hdds.scm.block.BlockManagerImpl does not implement DynamicMBean, and neither follows the Standard MBean conventions (javax.management.NotCompliantMBeanException: Class org.apache.hadoop.hdds.scm.block.BlockManagerImpl is not a JMX compliant Standard MBean) nor the MXBean conventions (javax.management.NotCompliantMBeanException: org.apache.hadoop.hdds.scm.block.BlockManagerImpl: Class org.apache.hadoop.hdds.scm.block.BlockManagerImpl is not a JMX compliant MXBean)
	at com.sun.jmx.mbeanserver.Introspector.checkCompliance(Introspector.java:176)
	at com.sun.jmx.interceptor.DefaultMBeanServerInterceptor.registerMBean(DefaultMBeanServerInterceptor.java:317)
	at com.sun.jmx.mbeanserver.JmxMBeanServer.registerMBean(JmxMBeanServer.java:522)
	at org.apache.hadoop.metrics2.util.MBeans.register(MBeans.java:100)
	at org.apache.hadoop.metrics2.util.MBeans.register(MBeans.java:73)
	at org.apache.hadoop.hdds.scm.block.BlockManagerImpl.<init>(BlockManagerImpl.java:94)
	at org.apache.hadoop.hdds.scm.server.StorageContainerManager.initializeSystemManagers(StorageContainerManager.java:786)
	at org.apache.hadoop.hdds.scm.server.StorageContainerManager.<init>(StorageContainerManager.java:400)
	at org.apache.hadoop.hdds.scm.server.StorageContainerManager.createSCM(StorageContainerManager.java:597)
	at org.apache.hadoop.hdds.scm.HddsTestUtils.getScmSimple(HddsTestUtils.java:604)
	at org.apache.hadoop.hdds.scm.HddsTestUtils.getScmSimple(HddsTestUtils.java:589)
	at org.apache.hadoop.ozone.TestSecureOzoneCluster.testAccessControlExceptionOnClient(TestSecureOzoneCluster.java:548)
	at sun.reflect.NativeMethodAccessorImpl.invoke0(Native Method)
	at sun.reflect.NativeMethodAccessorImpl.invoke(NativeMethodAccessorImpl.java:62)
	at sun.reflect.DelegatingMethodAccessorImpl.invoke(DelegatingMethodAccessorImpl.java:43)
	at java.lang.reflect.Method.invoke(Method.java:498)
	at org.junit.runners.model.FrameworkMethod$1.runReflectiveCall(FrameworkMethod.java:59)
	at org.junit.internal.runners.model.ReflectiveCallable.run(ReflectiveCallable.java:12)
	at org.junit.runners.model.FrameworkMethod.invokeExplosively(FrameworkMethod.java:56)
	at org.junit.internal.runners.statements.InvokeMethod.evaluate(InvokeMethod.java:17)
	at org.junit.internal.runners.statements.RunBefores.evaluate(RunBefores.java:26)
	at org.junit.internal.runners.statements.RunAfters.evaluate(RunAfters.java:27)
	at org.junit.rules.ExternalResource$1.evaluate(ExternalResource.java:54)
	at org.junit.internal.runners.statements.FailOnTimeout$CallableStatement.call(FailOnTimeout.java:288)
	at org.junit.internal.runners.statements.FailOnTimeout$CallableStatement.call(FailOnTimeout.java:282)
	at java.util.concurrent.FutureTask.run(FutureTask.java:266)
	at java.lang.Thread.run(Thread.java:750)
2023-08-04 02:33:42,974 [Time-limited test] INFO  ha.SCMServiceManager (SCMServiceManager.java:register(42)) - Registering service SCMBlockDeletingService.
2023-08-04 02:33:42,975 [Time-limited test] INFO  replication.ReplicationManager (ReplicationManager.java:start(287)) - Starting Replication Monitor Thread.
2023-08-04 02:33:42,979 [Time-limited test] INFO  ha.SCMServiceManager (SCMServiceManager.java:register(42)) - Registering service ReplicationManager.
2023-08-04 02:33:42,980 [Time-limited test] INFO  safemode.ContainerSafeModeRule (ContainerSafeModeRule.java:<init>(89)) - containers with one replica threshold count 0
2023-08-04 02:33:42,980 [Time-limited test] INFO  safemode.HealthyPipelineSafeModeRule (HealthyPipelineSafeModeRule.java:initializeRule(169)) - Total pipeline count is 0, healthy pipeline threshold count is 0
2023-08-04 02:33:42,980 [Time-limited test] INFO  safemode.OneReplicaPipelineSafeModeRule (OneReplicaPipelineSafeModeRule.java:initializeRule(180)) - Total pipeline count is 0, pipeline's with at least one datanode reported threshold count is 0
2023-08-04 02:33:42,981 [Time-limited test] INFO  authority.DefaultCAServer (DefaultCAServer.java:lambda$processVerificationStatus$0(472)) - CertificateServer validation is successful
2023-08-04 02:33:42,982 [Time-limited test] INFO  authority.DefaultCAServer (DefaultCAServer.java:lambda$processVerificationStatus$0(472)) - CertificateServer validation is successful
2023-08-04 02:33:42,982 [Time-limited test] INFO  server.StorageContainerManager (StorageContainerManager.java:persistPrimarySCMCerts(931)) - Storing sub-ca certificate serialId 1469711759358 on primary SCM
2023-08-04 02:33:42,983 [Time-limited test] INFO  server.SCMCertStore (SCMCertStore.java:storeValidScmCertificate(121)) - Scm certificate 1469711759358 for CN=scm-sub-1469708573110@fv-az621-180,OU=2b8a0fdb-7d67-4902-a532-6108e31d1dd8,O=61eaae6c-e1e1-4015-bcfe-5c3978d21684 is stored
2023-08-04 02:33:42,983 [Time-limited test] INFO  server.StorageContainerManager (StorageContainerManager.java:persistPrimarySCMCerts(939)) - Storing root certificate serialId 1
2023-08-04 02:33:42,984 [Time-limited test] INFO  server.SCMCertStore (SCMCertStore.java:storeValidScmCertificate(121)) - Scm certificate 1 for CN=scm-1@fv-az621-180,OU=2b8a0fdb-7d67-4902-a532-6108e31d1dd8,O=61eaae6c-e1e1-4015-bcfe-5c3978d21684 is stored
2023-08-04 02:33:42,984 [Time-limited test] INFO  ipc.CallQueueManager (CallQueueManager.java:<init>(90)) - Using callQueue: class java.util.concurrent.LinkedBlockingQueue, queueCapacity: 200, scheduler: class org.apache.hadoop.ipc.DefaultRpcScheduler, ipcBackoff: false.
2023-08-04 02:33:42,986 [ReplicationMonitor] INFO  replication.ReplicationManager (ReplicationManager.java:processAll(361)) - Replication Manager is not ready to run until 300000ms after safemode exit
2023-08-04 02:33:42,990 [Time-limited test] INFO  ipc.Server (Server.java:<init>(1287)) - Listener at 0.0.0.0:9961
2023-08-04 02:33:42,990 [Socket Reader #1 for port 9961] INFO  ipc.Server (Server.java:run(1323)) - Starting Socket Reader #1 for port 9961
2023-08-04 02:33:42,992 [Time-limited test] INFO  server.StorageContainerManager (StorageContainerManager.java:<init>(424)) - SCM start with adminUsers: [om/fv-az621-180@EXAMPLE.COM, scm]
2023-08-04 02:33:42,992 [Time-limited test] INFO  ipc.CallQueueManager (CallQueueManager.java:<init>(90)) - Using callQueue: class java.util.concurrent.LinkedBlockingQueue, queueCapacity: 10000, scheduler: class org.apache.hadoop.ipc.DefaultRpcScheduler, ipcBackoff: false.
2023-08-04 02:33:42,992 [Time-limited test] INFO  ipc.Server (Server.java:<init>(1287)) - Listener at 0.0.0.0:9861
2023-08-04 02:33:42,993 [Socket Reader #1 for port 9861] INFO  ipc.Server (Server.java:run(1323)) - Starting Socket Reader #1 for port 9861
2023-08-04 02:33:42,994 [Time-limited test] INFO  ipc.CallQueueManager (CallQueueManager.java:<init>(90)) - Using callQueue: class java.util.concurrent.LinkedBlockingQueue, queueCapacity: 10000, scheduler: class org.apache.hadoop.ipc.DefaultRpcScheduler, ipcBackoff: false.
2023-08-04 02:33:42,994 [Time-limited test] INFO  ipc.Server (Server.java:<init>(1287)) - Listener at 0.0.0.0:9863
2023-08-04 02:33:43,000 [Socket Reader #1 for port 9863] INFO  ipc.Server (Server.java:run(1323)) - Starting Socket Reader #1 for port 9863
2023-08-04 02:33:43,008 [Time-limited test] INFO  ipc.CallQueueManager (CallQueueManager.java:<init>(90)) - Using callQueue: class java.util.concurrent.LinkedBlockingQueue, queueCapacity: 10000, scheduler: class org.apache.hadoop.ipc.DefaultRpcScheduler, ipcBackoff: false.
2023-08-04 02:33:43,008 [Time-limited test] INFO  ipc.Server (Server.java:<init>(1287)) - Listener at 0.0.0.0:9860
2023-08-04 02:33:43,009 [Socket Reader #1 for port 9860] INFO  ipc.Server (Server.java:run(1323)) - Starting Socket Reader #1 for port 9860
2023-08-04 02:33:43,027 [Time-limited test] INFO  ha.SCMServiceManager (SCMServiceManager.java:register(42)) - Registering service ContainerBalancer.
2023-08-04 02:33:43,028 [Time-limited test] INFO  server.StorageContainerManager (StorageContainerManager.java:<init>(437)) - 
Container Balancer status:
Key                            Value
Running                        false
Container Balancer Configuration values:
Key                                                Value
Threshold                                          10
Max Datanodes to Involve per Iteration(percent)    20
Max Size to Move per Iteration                     500GB
Max Size Entering Target per Iteration             26GB
Max Size Leaving Source per Iteration              26GB

2023-08-04 02:33:43,028 [Time-limited test] INFO  ha.SCMContext (SCMContext.java:updateSafeModeStatus(228)) - Update SafeModeStatus from SafeModeStatus{safeModeStatus=true, preCheckPassed=false} to SafeModeStatus{safeModeStatus=true, preCheckPassed=false}.
2023-08-04 02:33:43,028 [Time-limited test] WARN  server.ServerUtils (ServerUtils.java:getDBPath(311)) - ozone.om.db.dirs is not configured. We recommend adding this setting. Falling back to ozone.metadata.dirs instead.
2023-08-04 02:33:43,034 [Time-limited test] INFO  ha.OMHANodeDetails (OMHANodeDetails.java:loadOMHAConfig(115)) - ozone.om.internal.service.id is not defined, falling back to ozone.om.service.ids to find serviceID for OzoneManager if it is HA enabled cluster
2023-08-04 02:33:43,034 [Time-limited test] INFO  ha.OMHANodeDetails (OMHANodeDetails.java:loadOMHAConfig(226)) - Configuration does not have ozone.om.address set. Falling back to the default OM address fv-az621-180/10.1.0.9:1202
2023-08-04 02:33:43,034 [Time-limited test] INFO  ha.OMHANodeDetails (OMHANodeDetails.java:getOMNodeDetailsForNonHA(254)) - OM Service ID is not set. Setting it to the default ID: omServiceIdDefault
2023-08-04 02:33:43,034 [Time-limited test] INFO  ha.OMHANodeDetails (OMHANodeDetails.java:getOMNodeDetailsForNonHA(261)) - OM Node ID is not set. Setting it to the default ID: om1
2023-08-04 02:33:43,034 [Time-limited test] WARN  server.ServerUtils (ServerUtils.java:getDBPath(311)) - ozone.om.db.dirs is not configured. We recommend adding this setting. Falling back to ozone.metadata.dirs instead.
2023-08-04 02:33:43,035 [Time-limited test] INFO  upgrade.AbstractLayoutVersionManager (AbstractLayoutVersionManager.java:init(83)) - Initializing Layout version manager with metadata layout = QUOTA (version = 6), software layout = QUOTA (version = 6)
2023-08-04 02:33:43,115 [Time-limited test] INFO  reflections.Reflections (Reflections.java:scan(232)) - Reflections took 78 ms to scan 2 urls, producing 188 keys and 512 values [using 2 cores]
2023-08-04 02:33:43,115 [Time-limited test] INFO  upgrade.OMLayoutVersionManager (OMLayoutVersionManager.java:lambda$0(115)) - Skipping Upgrade Action QuotaRepairUpgradeAction since it has been finalized.
2023-08-04 02:33:43,115 [Time-limited test] INFO  upgrade.OMLayoutVersionManager (OMLayoutVersionManager.java:lambda$0(115)) - Skipping Upgrade Action MockOmUpgradeAction since it has been finalized.
2023-08-04 02:33:43,118 [pool-325-thread-2] INFO  request.KdcRequest (KdcRequest.java:preauth(651)) - The preauth data is empty.
2023-08-04 02:33:43,118 [pool-325-thread-2] INFO  server.KdcHandler (KdcHandler.java:handleRecoverableException(177)) - KRB error occurred while processing request:Additional pre-authentication required
2023-08-04 02:33:43,122 [pool-325-thread-2] INFO  request.AsRequest (AsRequest.java:issueTicket(112)) - AS_REQ ISSUE: authtime 1691116423121,om/fv-az621-180@EXAMPLE.COM for krbtgt/EXAMPLE.COM@EXAMPLE.COM
2023-08-04 02:33:43,123 [Time-limited test] INFO  security.UserGroupInformation (UserGroupInformation.java:loginUserFromKeytab(1132)) - Login successful for user om/fv-az621-180@EXAMPLE.COM using keytab file om.keytab. Keytab auto renewal enabled : false
2023-08-04 02:33:43,124 [Time-limited test] INFO  om.OzoneManager (OzoneManager.java:loginOMUser(1161)) - Ozone Manager login successful.
2023-08-04 02:33:43,124 [Time-limited test] WARN  server.ServerUtils (ServerUtils.java:getDBPath(311)) - ozone.om.db.dirs is not configured. We recommend adding this setting. Falling back to ozone.metadata.dirs instead.
2023-08-04 02:33:43,124 [Time-limited test] INFO  proxy.SCMBlockLocationFailoverProxyProvider (SCMBlockLocationFailoverProxyProvider.java:<init>(114)) - Created block location fail-over proxy with 1 nodes: [nodeId=scmNodeId,nodeAddress=/0.0.0.0:9863]
2023-08-04 02:33:43,125 [Time-limited test] INFO  om.OzoneManager (OzoneManager.java:getOmDetailsProto(4555)) - OzoneManager ports added:[name: "RPC"
value: 1202
]
2023-08-04 02:33:43,126 [Time-limited test] INFO  security.OMCertificateClient (DefaultCertificateClient.java:updateCertSerialId(1226)) - Certificate serial ID set to 9879877970576
2023-08-04 02:33:43,129 [Time-limited test] WARN  security.OMCertificateClient (DefaultCertificateClient.java:loadAllCertificates(172)) - Certificates could not be loaded.
java.nio.file.NoSuchFileException: /tmp/junit3349794563952476617/junit2956318720806510676/scm-meta/om/certs
	at sun.nio.fs.UnixException.translateToIOException(UnixException.java:86)
	at sun.nio.fs.UnixException.rethrowAsIOException(UnixException.java:102)
	at sun.nio.fs.UnixException.rethrowAsIOException(UnixException.java:107)
	at sun.nio.fs.UnixFileSystemProvider.newDirectoryStream(UnixFileSystemProvider.java:427)
	at java.nio.file.Files.newDirectoryStream(Files.java:457)
	at java.nio.file.Files.list(Files.java:3451)
	at org.apache.hadoop.hdds.security.x509.certificate.client.DefaultCertificateClient.loadAllCertificates(DefaultCertificateClient.java:167)
	at org.apache.hadoop.hdds.security.x509.certificate.client.DefaultCertificateClient.updateCertSerialId(DefaultCertificateClient.java:1227)
	at org.apache.hadoop.hdds.security.x509.certificate.client.DefaultCertificateClient.<init>(DefaultCertificateClient.java:156)
	at org.apache.hadoop.hdds.security.x509.certificate.client.CommonCertificateClient.<init>(CommonCertificateClient.java:49)
	at org.apache.hadoop.ozone.security.OMCertificateClient.<init>(OMCertificateClient.java:68)
	at org.apache.hadoop.ozone.om.OzoneManager.<init>(OzoneManager.java:640)
	at org.apache.hadoop.ozone.om.OzoneManager.createOm(OzoneManager.java:754)
	at org.apache.hadoop.ozone.TestSecureOzoneCluster.setupOm(TestSecureOzoneCluster.java:693)
	at org.apache.hadoop.ozone.TestSecureOzoneCluster.testAccessControlExceptionOnClient(TestSecureOzoneCluster.java:551)
	at sun.reflect.NativeMethodAccessorImpl.invoke0(Native Method)
	at sun.reflect.NativeMethodAccessorImpl.invoke(NativeMethodAccessorImpl.java:62)
	at sun.reflect.DelegatingMethodAccessorImpl.invoke(DelegatingMethodAccessorImpl.java:43)
	at java.lang.reflect.Method.invoke(Method.java:498)
	at org.junit.runners.model.FrameworkMethod$1.runReflectiveCall(FrameworkMethod.java:59)
	at org.junit.internal.runners.model.ReflectiveCallable.run(ReflectiveCallable.java:12)
	at org.junit.runners.model.FrameworkMethod.invokeExplosively(FrameworkMethod.java:56)
	at org.junit.internal.runners.statements.InvokeMethod.evaluate(InvokeMethod.java:17)
	at org.junit.internal.runners.statements.RunBefores.evaluate(RunBefores.java:26)
	at org.junit.internal.runners.statements.RunAfters.evaluate(RunAfters.java:27)
	at org.junit.rules.ExternalResource$1.evaluate(ExternalResource.java:54)
	at org.junit.internal.runners.statements.FailOnTimeout$CallableStatement.call(FailOnTimeout.java:288)
	at org.junit.internal.runners.statements.FailOnTimeout$CallableStatement.call(FailOnTimeout.java:282)
	at java.util.concurrent.FutureTask.run(FutureTask.java:266)
	at java.lang.Thread.run(Thread.java:750)
2023-08-04 02:33:43,135 [Time-limited test] INFO  om.OzoneManager (OzoneManager.java:<init>(662)) - OM start with adminUsers: [om/fv-az621-180@EXAMPLE.COM, om]
2023-08-04 02:33:43,137 [Time-limited test] WARN  server.ServerUtils (ServerUtils.java:getDBPath(311)) - ozone.om.db.dirs is not configured. We recommend adding this setting. Falling back to ozone.metadata.dirs instead.
2023-08-04 02:33:43,138 [Time-limited test] INFO  helpers.OmKeyInfo (OmKeyInfo.java:getCodec(71)) - OmKeyInfo.getCodec ignorePipeline = true
2023-08-04 02:33:43,317 [Time-limited test] INFO  om.OzoneManager (OzoneManager.java:instantiateServices(791)) - S3 Multi-Tenancy is disabled
2023-08-04 02:33:43,318 [Time-limited test] INFO  security.OzoneSecretStore (OzoneSecretStore.java:loadState(69)) - Loaded 0 tokens
2023-08-04 02:33:43,318 [Time-limited test] INFO  security.OzoneDelegationTokenSecretManager (OzoneDelegationTokenSecretManager.java:loadTokenSecretState(530)) - Loading token state into token manager.
2023-08-04 02:33:43,318 [Time-limited test] INFO  om.OmSnapshotManager (OmSnapshotManager.java:<init>(175)) - Ozone filesystem snapshot feature is enabled.
2023-08-04 02:33:43,318 [Time-limited test] WARN  server.ServerUtils (ServerUtils.java:getDBPath(311)) - ozone.om.snapshot.diff.db.dir is not configured. We recommend adding this setting. Falling back to ozone.metadata.dirs instead.
2023-08-04 02:33:43,343 [Time-limited test] INFO  snapshot.SnapshotDiffManager (SnapshotDiffManager.java:closeExecutorService(1720)) - Shutting down executorService: 'SstDumpToolExecutor'
2023-08-04 02:33:43,346 [Time-limited test] INFO  om.OzoneManager (OzoneManager.java:addS3GVolumeToDB(4287)) - Created Volume s3v With Owner om required for S3Gateway operations.
2023-08-04 02:33:43,346 [Time-limited test] WARN  server.ServerUtils (ServerUtils.java:getDefaultRatisDirectory(323)) - Storage directory for Ratis is not configured. It is a good idea to map this to an SSD disk. Falling back to ozone.metadata.dirs
2023-08-04 02:33:43,347 [Time-limited test] WARN  utils.OzoneManagerRatisUtils (OzoneManagerRatisUtils.java:getOMRatisSnapshotDirectory(461)) - ozone.om.ratis.snapshot.dir is not configured. Falling back to ozone.metadata.dirs config
2023-08-04 02:33:43,348 [Time-limited test] WARN  server.ServerUtils (ServerUtils.java:getDefaultRatisDirectory(323)) - Storage directory for Ratis is not configured. It is a good idea to map this to an SSD disk. Falling back to ozone.metadata.dirs
2023-08-04 02:33:43,350 [Time-limited test] INFO  ratis.OzoneManagerRatisServer (OzoneManagerRatisServer.java:<init>(163)) - Instantiating OM Ratis server with groupID: omServiceIdDefault and peers: fv-az621-180:9872
2023-08-04 02:33:43,352 [Time-limited test] INFO  ratis.OzoneManagerStateMachine (OzoneManagerStateMachine.java:loadSnapshotInfoFromDB(687)) - LastAppliedIndex is set from TransactionInfo from OM DB as (t:0, i:~)
2023-08-04 02:33:43,353 [Time-limited test] INFO  server.RaftServer (ConfUtils.java:logGet(46)) - raft.rpc.type = GRPC (default)
2023-08-04 02:33:43,353 [Time-limited test] INFO  grpc.GrpcConfigKeys (ConfUtils.java:logFallback(53)) - raft.grpc.admin.host = null (fallback to raft.grpc.server.host)
2023-08-04 02:33:43,353 [Time-limited test] INFO  grpc.GrpcConfigKeys (ConfUtils.java:logFallback(53)) - raft.grpc.admin.port = 9872 (fallback to raft.grpc.server.port)
2023-08-04 02:33:43,353 [Time-limited test] INFO  grpc.GrpcConfigKeys (ConfUtils.java:logFallback(53)) - raft.grpc.client.host = null (fallback to raft.grpc.server.host)
2023-08-04 02:33:43,353 [Time-limited test] INFO  grpc.GrpcConfigKeys (ConfUtils.java:logFallback(53)) - raft.grpc.client.port = 9872 (fallback to raft.grpc.server.port)
2023-08-04 02:33:43,353 [Time-limited test] INFO  grpc.GrpcConfigKeys (ConfUtils.java:logGet(46)) - raft.grpc.server.host = null (default)
2023-08-04 02:33:43,353 [Time-limited test] INFO  grpc.GrpcConfigKeys (ConfUtils.java:logGet(46)) - raft.grpc.server.port = 9872 (custom)
2023-08-04 02:33:43,353 [Time-limited test] INFO  server.GrpcService (ConfUtils.java:logGet(46)) - raft.grpc.message.size.max = 33554432 (custom)
2023-08-04 02:33:43,353 [Time-limited test] INFO  server.RaftServerConfigKeys (ConfUtils.java:logGet(46)) - raft.server.log.appender.buffer.byte-limit = 33554432 (custom)
2023-08-04 02:33:43,353 [Time-limited test] INFO  server.GrpcService (ConfUtils.java:logGet(46)) - raft.grpc.flow.control.window = 1MB (=1048576) (default)
2023-08-04 02:33:43,354 [Time-limited test] INFO  server.RaftServerConfigKeys (ConfUtils.java:logGet(46)) - raft.server.rpc.request.timeout = 3000ms (default)
2023-08-04 02:33:43,354 [Time-limited test] INFO  grpc.GrpcConfigKeys (ConfUtils.java:logGet(46)) - raft.grpc.server.heartbeat.channel = true (default)
2023-08-04 02:33:43,355 [Time-limited test] INFO  grpc.GrpcConfigKeys (ConfUtils.java:logGet(46)) - raft.grpc.server.async.request.thread.pool.cached = true (default)
2023-08-04 02:33:43,355 [Time-limited test] INFO  grpc.GrpcConfigKeys (ConfUtils.java:logGet(46)) - raft.grpc.server.async.request.thread.pool.size = 32 (default)
2023-08-04 02:33:43,356 [Time-limited test] INFO  impl.DataStreamServerImpl (ConfUtils.java:logGet(46)) - raft.datastream.type = DISABLED (default)
2023-08-04 02:33:43,357 [Time-limited test] INFO  server.RaftServerConfigKeys (ConfUtils.java:logGet(46)) - raft.server.threadpool.proxy.cached = true (default)
2023-08-04 02:33:43,357 [Time-limited test] INFO  server.RaftServerConfigKeys (ConfUtils.java:logGet(46)) - raft.server.threadpool.proxy.size = 0 (default)
2023-08-04 02:33:43,357 [Time-limited test] INFO  server.RaftServerConfigKeys (ConfUtils.java:logGet(46)) - raft.server.rpc.slowness.timeout = 120s (custom)
2023-08-04 02:33:43,357 [Time-limited test] INFO  server.RaftServerConfigKeys (ConfUtils.java:logGet(46)) - raft.server.leaderelection.leader.step-down.wait-time = 10s (default)
2023-08-04 02:33:43,357 [Time-limited test] INFO  server.RaftServerConfigKeys (ConfUtils.java:logGet(46)) - raft.server.storage.dir = [/tmp/junit3349794563952476617/junit2956318720806510676/scm-meta/ratis] (custom)
2023-08-04 02:33:43,358 [Time-limited test] INFO  server.RaftServer (RaftServerProxy.java:addNew(98)) - om1: addNew group-C5BA1605619E:[om1|rpc:fv-az621-180:9872|priority:0|startupRole:FOLLOWER] returns group-C5BA1605619E:java.util.concurrent.CompletableFuture@1ba9ad3a[Not completed]
2023-08-04 02:33:43,358 [Time-limited test] INFO  om.OzoneManager (OzoneManager.java:initializeRatisServer(2128)) - OzoneManager Ratis server initialized at port 9872
2023-08-04 02:33:43,358 [Time-limited test] INFO  om.OzoneManager (OzoneManager.java:getRpcServer(1193)) - Creating RPC Server
2023-08-04 02:33:43,361 [om1-groupManagement] INFO  server.RaftServer$Division (RaftServerImpl.java:<init>(198)) - om1: new RaftServerImpl for group-C5BA1605619E:[om1|rpc:fv-az621-180:9872|priority:0|startupRole:FOLLOWER] with OzoneManagerStateMachine:uninitialized
2023-08-04 02:33:43,361 [om1-groupManagement] INFO  server.RaftServerConfigKeys (ConfUtils.java:logGet(46)) - raft.server.rpc.timeout.min = 5s (custom)
2023-08-04 02:33:43,361 [om1-groupManagement] INFO  server.RaftServerConfigKeys (ConfUtils.java:logGet(46)) - raft.server.rpc.timeout.max = 5200ms (custom)
2023-08-04 02:33:43,361 [om1-groupManagement] INFO  server.RaftServerConfigKeys (ConfUtils.java:logGet(46)) - raft.server.rpc.sleep.time = 25ms (default)
2023-08-04 02:33:43,361 [om1-groupManagement] INFO  server.RaftServerConfigKeys (ConfUtils.java:logGet(46)) - raft.server.rpc.slowness.timeout = 120s (custom)
2023-08-04 02:33:43,361 [om1-groupManagement] INFO  server.RaftServerConfigKeys (ConfUtils.java:logGet(46)) - raft.server.leaderelection.leader.step-down.wait-time = 10s (default)
2023-08-04 02:33:43,361 [om1-groupManagement] INFO  server.RaftServerConfigKeys (ConfUtils.java:logGet(46)) - raft.server.sleep.deviation.threshold = 300ms (default)
2023-08-04 02:33:43,362 [om1-groupManagement] INFO  server.RaftServer$Division (ServerState.java:<init>(120)) - om1@group-C5BA1605619E: ConfigurationManager, init=-1: peers:[om1|rpc:fv-az621-180:9872|priority:0|startupRole:FOLLOWER]|listeners:[], old=null, confs=<EMPTY_MAP>
2023-08-04 02:33:43,362 [om1-groupManagement] INFO  server.RaftServerConfigKeys (ConfUtils.java:logGet(46)) - raft.server.storage.dir = [/tmp/junit3349794563952476617/junit2956318720806510676/scm-meta/ratis] (custom)
2023-08-04 02:33:43,362 [om1-groupManagement] INFO  server.RaftServerConfigKeys (ConfUtils.java:logGet(46)) - raft.server.log.corruption.policy = EXCEPTION (default)
2023-08-04 02:33:43,362 [om1-groupManagement] INFO  server.RaftServerConfigKeys (ConfUtils.java:logGet(46)) - raft.server.storage.free-space.min = 0MB (=0) (default)
2023-08-04 02:33:43,362 [om1-groupManagement] INFO  server.RaftServerConfigKeys (ConfUtils.java:logGet(46)) - raft.server.notification.no-leader.timeout = 120s (custom)
2023-08-04 02:33:43,362 [om1-groupManagement] INFO  server.RaftServerConfigKeys (ConfUtils.java:logGet(46)) - raft.server.read.timeout = 10s (default)
2023-08-04 02:33:43,362 [om1-groupManagement] INFO  server.RaftServerConfigKeys (ConfUtils.java:logGet(46)) - raft.server.retrycache.expirytime = 300s (custom)
2023-08-04 02:33:43,362 [om1-groupManagement] INFO  server.RaftServerConfigKeys (ConfUtils.java:logGet(46)) - raft.server.retrycache.statistics.expirytime = 100μs (default)
2023-08-04 02:33:43,362 [om1-groupManagement] INFO  server.RaftServerConfigKeys (ConfUtils.java:logGet(46)) - raft.server.read.option = DEFAULT (default)
2023-08-04 02:33:43,365 [om1-groupManagement] INFO  server.RaftServerConfigKeys (ConfUtils.java:logGet(46)) - raft.server.rpc.request.timeout = 3000ms (default)
2023-08-04 02:33:43,365 [om1-groupManagement] INFO  server.RaftServerConfigKeys (ConfUtils.java:logGet(46)) - raft.server.log.appender.install.snapshot.enabled = false (custom)
2023-08-04 02:33:43,365 [om1-groupManagement] INFO  server.RaftServerConfigKeys (ConfUtils.java:logGet(46)) - raft.server.threadpool.server.cached = true (default)
2023-08-04 02:33:43,365 [om1-groupManagement] INFO  server.RaftServerConfigKeys (ConfUtils.java:logGet(46)) - raft.server.threadpool.server.size = 0 (default)
2023-08-04 02:33:43,365 [om1-groupManagement] INFO  server.RaftServerConfigKeys (ConfUtils.java:logGet(46)) - raft.server.threadpool.client.cached = true (default)
2023-08-04 02:33:43,365 [om1-groupManagement] INFO  server.RaftServerConfigKeys (ConfUtils.java:logGet(46)) - raft.server.threadpool.client.size = 0 (default)
2023-08-04 02:33:43,727 [Time-limited test] INFO  reflections.Reflections (Reflections.java:scan(232)) - Reflections took 368 ms to scan 19 urls, producing 70 keys and 5598 values [using 2 cores]
2023-08-04 02:33:43,730 [Time-limited test] INFO  ipc.CallQueueManager (CallQueueManager.java:<init>(90)) - Using callQueue: class java.util.concurrent.LinkedBlockingQueue, queueCapacity: 10000, scheduler: class org.apache.hadoop.ipc.DefaultRpcScheduler, ipcBackoff: false.
2023-08-04 02:33:43,731 [Time-limited test] INFO  ipc.Server (Server.java:<init>(1287)) - Listener at fv-az621-180:1202
2023-08-04 02:33:43,731 [Socket Reader #1 for port 1202] INFO  ipc.Server (Server.java:run(1323)) - Starting Socket Reader #1 for port 1202
2023-08-04 02:33:44,004 [Time-limited test] INFO  utils.SelfSignedCertificate (SelfSignedCertificate.java:generateCertificate(157)) - Certificate 1 is issued by CN=rootCA@localhost,OU=scm1,O=cluster1 to CN=rootCA@localhost,OU=scm1,O=cluster1, valid from Fri Aug 04 02:33:44 UTC 2023 to Mon Sep 11 02:33:44 UTC 2028
2023-08-04 02:33:44,007 [Time-limited test] INFO  authority.DefaultApprover (DefaultApprover.java:sign(154)) - Extensions in CSR: 2.5.29.15
2023-08-04 02:33:44,007 [Time-limited test] INFO  authority.DefaultApprover (DefaultApprover.java:sign(158)) - Extensions to add to the certificate if they present in CSR: 2.5.29.17, 2.5.29.19, 1.3.6.1.5.5.7.1.12, 2.5.29.35, 2.5.29.37, 2.5.29.15
2023-08-04 02:33:44,009 [Time-limited test] INFO  ssl.ReloadingX509KeyManager (ReloadingX509KeyManager.java:loadKeyManager(222)) - Key manager is loaded with certificate chain
2023-08-04 02:33:44,010 [Time-limited test] INFO  ssl.ReloadingX509KeyManager (ReloadingX509KeyManager.java:loadKeyManager(224)) - [
[
  Version: V3
  Subject: O=cluster1, OU=scm1, CN=localhost
  Signature Algorithm: SHA256withRSA, OID = 1.2.840.113549.1.1.11

  Key:  Sun RSA public key, 2048 bits
  params: null
  modulus: 21963338988943117126522627153644200898539698277433980613083998331793045365654248668254670435485741659669089299526683379110223573433045784660199847073394401410350700147879816086052069423840672749625222271530650312700359854435828345807766808564823675805564174492556570368086375544837927441118949380808341782681053009929776605962804827659406877119509313085344606701695915589677812504329813786048252287426298085487655146152943592104531828618960046437637741797757235593774616508072967216440150041386546118238865309733430039726372843394824550804990814623254596647606055814833951820820201079131865888903511681696508812697081
  public exponent: 65537
  Validity: [From: Fri Aug 04 02:33:44 UTC 2023,
               To: Sat Aug 03 02:33:44 UTC 2024]
  Issuer: O=cluster1, OU=scm1, CN=rootCA@localhost
  SerialNumber: [    015678bd 343d]

Certificate Extensions: 1
[1]: ObjectId: 2.5.29.15 Criticality=true
KeyUsage [
  DigitalSignature
  Key_Encipherment
  Data_Encipherment
  Key_Agreement
]

]
  Algorithm: [SHA256withRSA]
  Signature:
0000: 6D C2 DE 50 64 49 89 EB   8E F9 BB D7 3D 76 C6 31  m..PdI......=v.1
0010: 73 BE 09 AD AC 78 14 F2   07 DD 9F 86 55 66 E1 DA  s....x......Uf..
0020: 37 17 E7 A8 A3 B6 7A AB   93 D9 83 93 44 F8 5E 77  7.....z.....D.^w
0030: 67 E7 CC 75 77 54 AE 5F   C3 97 79 B9 5D F4 FB A1  g..uwT._..y.]...
0040: FA D0 48 47 72 47 11 92   85 73 42 F5 81 28 3E EF  ..HGrG...sB..(>.
0050: A9 3E 0B 6D 2B 28 84 71   31 E2 FB 74 F6 2A 89 F4  .>.m+(.q1..t.*..
0060: 6D 35 90 E4 6A BC 81 BC   0A 4F E6 88 CC 34 DF 1C  m5..j....O...4..
0070: 01 8C E5 78 5C 03 7E 62   7A 19 54 4B 66 49 BB 3F  ...x\..bz.TKfI.?
0080: AE 17 62 DA A9 09 69 8C   BB 4A D3 DD FF 83 77 EC  ..b...i..J....w.
0090: 37 9D 0D CF D7 93 7B 65   53 1B E8 8F 76 FC BE ED  7......eS...v...
00A0: AB AB EE FE 17 5F 31 9C   D0 97 65 D9 DA D8 09 2A  ....._1...e....*
00B0: D9 1C 02 E7 CC 37 52 80   14 FC EF B5 D5 CD 5D 0F  .....7R.......].
00C0: 1E 94 E2 4B BE F1 5A CA   3B A6 47 0E 3C E0 AB 5F  ...K..Z.;.G.<.._
00D0: 0C 52 3B C2 09 16 4B E7   7D C3 5C 9B 79 A3 5E 4E  .R;...K...\.y.^N
00E0: 13 6C 93 BC 1C DD E6 BE   D7 C0 4D 9B B2 12 9B E5  .l........M.....
00F0: BD 99 E0 4A 55 BB 72 42   9B 76 BC D4 00 5C F6 39  ...JU.rB.v...\.9

]
2023-08-04 02:33:44,011 [Time-limited test] INFO  ssl.ReloadingX509KeyManager (ReloadingX509KeyManager.java:loadKeyManager(224)) - [
[
  Version: V3
  Subject: O=cluster1, OU=scm1, CN=rootCA@localhost
  Signature Algorithm: SHA256withRSA, OID = 1.2.840.113549.1.1.11

  Key:  Sun RSA public key, 2048 bits
  params: null
  modulus: 30924801378291358197040369433862490703940680022076778124079711443205831630691461394741270415913745471342497029081043367786617025453814923657384096065470407680922320549956697933427517619202802791664587693066441237893834283167451196432990327324840733747182437432561917508690799393995348795968630108830730968138222675715386095955994400068806722849587935076344905014000286391129493283223971907488464698572116445391840249369403038917029125130362426254729776053123277181962756905872415276216456177168599321911120190538154808896842018009782776603617049912321201740370276929858004769525787622000227226695575326266042327193763
  public exponent: 65537
  Validity: [From: Fri Aug 04 02:33:44 UTC 2023,
               To: Mon Sep 11 02:33:44 UTC 2028]
  Issuer: O=cluster1, OU=scm1, CN=rootCA@localhost
  SerialNumber: [    01]

Certificate Extensions: 2
[1]: ObjectId: 2.5.29.19 Criticality=true
BasicConstraints:[
  CA:true
  PathLen:2147483647
]

[2]: ObjectId: 2.5.29.15 Criticality=true
KeyUsage [
  Key_CertSign
  Crl_Sign
]

]
  Algorithm: [SHA256withRSA]
  Signature:
0000: 0F 74 E6 DC 54 4D BF 4F   55 C2 F1 51 6D D8 65 99  .t..TM.OU..Qm.e.
0010: 11 EE 72 5F 0D 5F 65 C1   19 FC 80 01 8D 38 5C 30  ..r_._e......8\0
0020: F0 ED EB F3 11 74 0A 30   B1 87 B1 A2 8F B0 21 8D  .....t.0......!.
0030: 3E 7B 31 0B 78 2C 24 E4   1A BF 2B 8C 55 88 0F 99  >.1.x,$...+.U...
0040: F9 C8 15 EF C6 04 48 70   24 3F 44 B1 B4 C4 8A 3E  ......Hp$?D....>
0050: C4 96 E9 AD 1C 95 D9 54   CB 5D 22 A9 7C 23 7E 59  .......T.]"..#.Y
0060: 12 D2 64 F8 29 E8 C8 D0   9A 86 10 89 1E A2 02 76  ..d.)..........v
0070: C1 04 87 04 B3 7A C3 BB   C8 45 C7 6F 51 2E 8B 49  .....z...E.oQ..I
0080: 43 13 E9 4C 95 75 DC A6   51 52 7F FD 15 F8 07 CC  C..L.u..QR......
0090: BC 40 20 FC 34 F4 6B 73   3A 03 A3 D0 27 79 20 D6  .@ .4.ks:...'y .
00A0: 5F 19 79 C0 0C 9B 65 AA   8F 45 E9 B1 84 3D 4F 43  _.y...e..E...=OC
00B0: 84 C9 6E 7B A0 1D B9 F0   5D C1 F3 64 24 C2 84 39  ..n.....]..d$..9
00C0: 81 27 A7 0E 23 1A B3 F5   66 31 65 6E 7C 2D 1D BA  .'..#...f1en.-..
00D0: 17 33 79 EF 80 AD 9C 76   D8 88 EC 12 D7 76 B0 70  .3y....v.....v.p
00E0: 65 FF 1E 70 E5 0C 79 58   F5 53 49 5F F2 02 B6 11  e..p..yX.SI_....
00F0: FD 28 5D 8C AD E9 9D 22   DB 2E 7D 21 3D 30 A4 CA  .(]...."...!=0..

]
2023-08-04 02:33:44,012 [Time-limited test] INFO  ssl.ReloadingX509TrustManager (ReloadingX509TrustManager.java:insertCertsToKeystore(188)) - Trust manager is loaded with certificates
2023-08-04 02:33:44,012 [Time-limited test] INFO  ssl.ReloadingX509TrustManager (ReloadingX509TrustManager.java:insertCertsToKeystore(192)) - [
[
  Version: V3
  Subject: O=cluster1, OU=scm1, CN=rootCA@localhost
  Signature Algorithm: SHA256withRSA, OID = 1.2.840.113549.1.1.11

  Key:  Sun RSA public key, 2048 bits
  params: null
  modulus: 30924801378291358197040369433862490703940680022076778124079711443205831630691461394741270415913745471342497029081043367786617025453814923657384096065470407680922320549956697933427517619202802791664587693066441237893834283167451196432990327324840733747182437432561917508690799393995348795968630108830730968138222675715386095955994400068806722849587935076344905014000286391129493283223971907488464698572116445391840249369403038917029125130362426254729776053123277181962756905872415276216456177168599321911120190538154808896842018009782776603617049912321201740370276929858004769525787622000227226695575326266042327193763
  public exponent: 65537
  Validity: [From: Fri Aug 04 02:33:44 UTC 2023,
               To: Mon Sep 11 02:33:44 UTC 2028]
  Issuer: O=cluster1, OU=scm1, CN=rootCA@localhost
  SerialNumber: [    01]

Certificate Extensions: 2
[1]: ObjectId: 2.5.29.19 Criticality=true
BasicConstraints:[
  CA:true
  PathLen:2147483647
]

[2]: ObjectId: 2.5.29.15 Criticality=true
KeyUsage [
  Key_CertSign
  Crl_Sign
]

]
  Algorithm: [SHA256withRSA]
  Signature:
0000: 0F 74 E6 DC 54 4D BF 4F   55 C2 F1 51 6D D8 65 99  .t..TM.OU..Qm.e.
0010: 11 EE 72 5F 0D 5F 65 C1   19 FC 80 01 8D 38 5C 30  ..r_._e......8\0
0020: F0 ED EB F3 11 74 0A 30   B1 87 B1 A2 8F B0 21 8D  .....t.0......!.
0030: 3E 7B 31 0B 78 2C 24 E4   1A BF 2B 8C 55 88 0F 99  >.1.x,$...+.U...
0040: F9 C8 15 EF C6 04 48 70   24 3F 44 B1 B4 C4 8A 3E  ......Hp$?D....>
0050: C4 96 E9 AD 1C 95 D9 54   CB 5D 22 A9 7C 23 7E 59  .......T.]"..#.Y
0060: 12 D2 64 F8 29 E8 C8 D0   9A 86 10 89 1E A2 02 76  ..d.)..........v
0070: C1 04 87 04 B3 7A C3 BB   C8 45 C7 6F 51 2E 8B 49  .....z...E.oQ..I
0080: 43 13 E9 4C 95 75 DC A6   51 52 7F FD 15 F8 07 CC  C..L.u..QR......
0090: BC 40 20 FC 34 F4 6B 73   3A 03 A3 D0 27 79 20 D6  .@ .4.ks:...'y .
00A0: 5F 19 79 C0 0C 9B 65 AA   8F 45 E9 B1 84 3D 4F 43  _.y...e..E...=OC
00B0: 84 C9 6E 7B A0 1D B9 F0   5D C1 F3 64 24 C2 84 39  ..n.....]..d$..9
00C0: 81 27 A7 0E 23 1A B3 F5   66 31 65 6E 7C 2D 1D BA  .'..#...f1en.-..
00D0: 17 33 79 EF 80 AD 9C 76   D8 88 EC 12 D7 76 B0 70  .3y....v.....v.p
00E0: 65 FF 1E 70 E5 0C 79 58   F5 53 49 5F F2 02 B6 11  e..p..yX.SI_....
00F0: FD 28 5D 8C AD E9 9D 22   DB 2E 7D 21 3D 30 A4 CA  .(]...."...!=0..

]
2023-08-04 02:33:44,013 [Time-limited test] INFO  ssl.ReloadingX509KeyManager (ReloadingX509KeyManager.java:loadKeyManager(222)) - Key manager is loaded with certificate chain
2023-08-04 02:33:44,013 [Time-limited test] INFO  ssl.ReloadingX509KeyManager (ReloadingX509KeyManager.java:loadKeyManager(224)) - [
[
  Version: V3
  Subject: O=cluster1, OU=scm1, CN=localhost
  Signature Algorithm: SHA256withRSA, OID = 1.2.840.113549.1.1.11

  Key:  Sun RSA public key, 2048 bits
  params: null
  modulus: 21963338988943117126522627153644200898539698277433980613083998331793045365654248668254670435485741659669089299526683379110223573433045784660199847073394401410350700147879816086052069423840672749625222271530650312700359854435828345807766808564823675805564174492556570368086375544837927441118949380808341782681053009929776605962804827659406877119509313085344606701695915589677812504329813786048252287426298085487655146152943592104531828618960046437637741797757235593774616508072967216440150041386546118238865309733430039726372843394824550804990814623254596647606055814833951820820201079131865888903511681696508812697081
  public exponent: 65537
  Validity: [From: Fri Aug 04 02:33:44 UTC 2023,
               To: Sat Aug 03 02:33:44 UTC 2024]
  Issuer: O=cluster1, OU=scm1, CN=rootCA@localhost
  SerialNumber: [    015678bd 343d]

Certificate Extensions: 1
[1]: ObjectId: 2.5.29.15 Criticality=true
KeyUsage [
  DigitalSignature
  Key_Encipherment
  Data_Encipherment
  Key_Agreement
]

]
  Algorithm: [SHA256withRSA]
  Signature:
0000: 6D C2 DE 50 64 49 89 EB   8E F9 BB D7 3D 76 C6 31  m..PdI......=v.1
0010: 73 BE 09 AD AC 78 14 F2   07 DD 9F 86 55 66 E1 DA  s....x......Uf..
0020: 37 17 E7 A8 A3 B6 7A AB   93 D9 83 93 44 F8 5E 77  7.....z.....D.^w
0030: 67 E7 CC 75 77 54 AE 5F   C3 97 79 B9 5D F4 FB A1  g..uwT._..y.]...
0040: FA D0 48 47 72 47 11 92   85 73 42 F5 81 28 3E EF  ..HGrG...sB..(>.
0050: A9 3E 0B 6D 2B 28 84 71   31 E2 FB 74 F6 2A 89 F4  .>.m+(.q1..t.*..
0060: 6D 35 90 E4 6A BC 81 BC   0A 4F E6 88 CC 34 DF 1C  m5..j....O...4..
0070: 01 8C E5 78 5C 03 7E 62   7A 19 54 4B 66 49 BB 3F  ...x\..bz.TKfI.?
0080: AE 17 62 DA A9 09 69 8C   BB 4A D3 DD FF 83 77 EC  ..b...i..J....w.
0090: 37 9D 0D CF D7 93 7B 65   53 1B E8 8F 76 FC BE ED  7......eS...v...
00A0: AB AB EE FE 17 5F 31 9C   D0 97 65 D9 DA D8 09 2A  ....._1...e....*
00B0: D9 1C 02 E7 CC 37 52 80   14 FC EF B5 D5 CD 5D 0F  .....7R.......].
00C0: 1E 94 E2 4B BE F1 5A CA   3B A6 47 0E 3C E0 AB 5F  ...K..Z.;.G.<.._
00D0: 0C 52 3B C2 09 16 4B E7   7D C3 5C 9B 79 A3 5E 4E  .R;...K...\.y.^N
00E0: 13 6C 93 BC 1C DD E6 BE   D7 C0 4D 9B B2 12 9B E5  .l........M.....
00F0: BD 99 E0 4A 55 BB 72 42   9B 76 BC D4 00 5C F6 39  ...JU.rB.v...\.9

]
2023-08-04 02:33:44,014 [Time-limited test] INFO  ssl.ReloadingX509KeyManager (ReloadingX509KeyManager.java:loadKeyManager(224)) - [
[
  Version: V3
  Subject: O=cluster1, OU=scm1, CN=rootCA@localhost
  Signature Algorithm: SHA256withRSA, OID = 1.2.840.113549.1.1.11

  Key:  Sun RSA public key, 2048 bits
  params: null
  modulus: 30924801378291358197040369433862490703940680022076778124079711443205831630691461394741270415913745471342497029081043367786617025453814923657384096065470407680922320549956697933427517619202802791664587693066441237893834283167451196432990327324840733747182437432561917508690799393995348795968630108830730968138222675715386095955994400068806722849587935076344905014000286391129493283223971907488464698572116445391840249369403038917029125130362426254729776053123277181962756905872415276216456177168599321911120190538154808896842018009782776603617049912321201740370276929858004769525787622000227226695575326266042327193763
  public exponent: 65537
  Validity: [From: Fri Aug 04 02:33:44 UTC 2023,
               To: Mon Sep 11 02:33:44 UTC 2028]
  Issuer: O=cluster1, OU=scm1, CN=rootCA@localhost
  SerialNumber: [    01]

Certificate Extensions: 2
[1]: ObjectId: 2.5.29.19 Criticality=true
BasicConstraints:[
  CA:true
  PathLen:2147483647
]

[2]: ObjectId: 2.5.29.15 Criticality=true
KeyUsage [
  Key_CertSign
  Crl_Sign
]

]
  Algorithm: [SHA256withRSA]
  Signature:
0000: 0F 74 E6 DC 54 4D BF 4F   55 C2 F1 51 6D D8 65 99  .t..TM.OU..Qm.e.
0010: 11 EE 72 5F 0D 5F 65 C1   19 FC 80 01 8D 38 5C 30  ..r_._e......8\0
0020: F0 ED EB F3 11 74 0A 30   B1 87 B1 A2 8F B0 21 8D  .....t.0......!.
0030: 3E 7B 31 0B 78 2C 24 E4   1A BF 2B 8C 55 88 0F 99  >.1.x,$...+.U...
0040: F9 C8 15 EF C6 04 48 70   24 3F 44 B1 B4 C4 8A 3E  ......Hp$?D....>
0050: C4 96 E9 AD 1C 95 D9 54   CB 5D 22 A9 7C 23 7E 59  .......T.]"..#.Y
0060: 12 D2 64 F8 29 E8 C8 D0   9A 86 10 89 1E A2 02 76  ..d.)..........v
0070: C1 04 87 04 B3 7A C3 BB   C8 45 C7 6F 51 2E 8B 49  .....z...E.oQ..I
0080: 43 13 E9 4C 95 75 DC A6   51 52 7F FD 15 F8 07 CC  C..L.u..QR......
0090: BC 40 20 FC 34 F4 6B 73   3A 03 A3 D0 27 79 20 D6  .@ .4.ks:...'y .
00A0: 5F 19 79 C0 0C 9B 65 AA   8F 45 E9 B1 84 3D 4F 43  _.y...e..E...=OC
00B0: 84 C9 6E 7B A0 1D B9 F0   5D C1 F3 64 24 C2 84 39  ..n.....]..d$..9
00C0: 81 27 A7 0E 23 1A B3 F5   66 31 65 6E 7C 2D 1D BA  .'..#...f1en.-..
00D0: 17 33 79 EF 80 AD 9C 76   D8 88 EC 12 D7 76 B0 70  .3y....v.....v.p
00E0: 65 FF 1E 70 E5 0C 79 58   F5 53 49 5F F2 02 B6 11  e..p..yX.SI_....
00F0: FD 28 5D 8C AD E9 9D 22   DB 2E 7D 21 3D 30 A4 CA  .(]...."...!=0..

]
2023-08-04 02:33:44,014 [Time-limited test] INFO  ssl.ReloadingX509TrustManager (ReloadingX509TrustManager.java:insertCertsToKeystore(188)) - Trust manager is loaded with certificates
2023-08-04 02:33:44,015 [Time-limited test] INFO  ssl.ReloadingX509TrustManager (ReloadingX509TrustManager.java:insertCertsToKeystore(192)) - [
[
  Version: V3
  Subject: O=cluster1, OU=scm1, CN=rootCA@localhost
  Signature Algorithm: SHA256withRSA, OID = 1.2.840.113549.1.1.11

  Key:  Sun RSA public key, 2048 bits
  params: null
  modulus: 30924801378291358197040369433862490703940680022076778124079711443205831630691461394741270415913745471342497029081043367786617025453814923657384096065470407680922320549956697933427517619202802791664587693066441237893834283167451196432990327324840733747182437432561917508690799393995348795968630108830730968138222675715386095955994400068806722849587935076344905014000286391129493283223971907488464698572116445391840249369403038917029125130362426254729776053123277181962756905872415276216456177168599321911120190538154808896842018009782776603617049912321201740370276929858004769525787622000227226695575326266042327193763
  public exponent: 65537
  Validity: [From: Fri Aug 04 02:33:44 UTC 2023,
               To: Mon Sep 11 02:33:44 UTC 2028]
  Issuer: O=cluster1, OU=scm1, CN=rootCA@localhost
  SerialNumber: [    01]

Certificate Extensions: 2
[1]: ObjectId: 2.5.29.19 Criticality=true
BasicConstraints:[
  CA:true
  PathLen:2147483647
]

[2]: ObjectId: 2.5.29.15 Criticality=true
KeyUsage [
  Key_CertSign
  Crl_Sign
]

]
  Algorithm: [SHA256withRSA]
  Signature:
0000: 0F 74 E6 DC 54 4D BF 4F   55 C2 F1 51 6D D8 65 99  .t..TM.OU..Qm.e.
0010: 11 EE 72 5F 0D 5F 65 C1   19 FC 80 01 8D 38 5C 30  ..r_._e......8\0
0020: F0 ED EB F3 11 74 0A 30   B1 87 B1 A2 8F B0 21 8D  .....t.0......!.
0030: 3E 7B 31 0B 78 2C 24 E4   1A BF 2B 8C 55 88 0F 99  >.1.x,$...+.U...
0040: F9 C8 15 EF C6 04 48 70   24 3F 44 B1 B4 C4 8A 3E  ......Hp$?D....>
0050: C4 96 E9 AD 1C 95 D9 54   CB 5D 22 A9 7C 23 7E 59  .......T.]"..#.Y
0060: 12 D2 64 F8 29 E8 C8 D0   9A 86 10 89 1E A2 02 76  ..d.)..........v
0070: C1 04 87 04 B3 7A C3 BB   C8 45 C7 6F 51 2E 8B 49  .....z...E.oQ..I
0080: 43 13 E9 4C 95 75 DC A6   51 52 7F FD 15 F8 07 CC  C..L.u..QR......
0090: BC 40 20 FC 34 F4 6B 73   3A 03 A3 D0 27 79 20 D6  .@ .4.ks:...'y .
00A0: 5F 19 79 C0 0C 9B 65 AA   8F 45 E9 B1 84 3D 4F 43  _.y...e..E...=OC
00B0: 84 C9 6E 7B A0 1D B9 F0   5D C1 F3 64 24 C2 84 39  ..n.....]..d$..9
00C0: 81 27 A7 0E 23 1A B3 F5   66 31 65 6E 7C 2D 1D BA  .'..#...f1en.-..
00D0: 17 33 79 EF 80 AD 9C 76   D8 88 EC 12 D7 76 B0 70  .3y....v.....v.p
00E0: 65 FF 1E 70 E5 0C 79 58   F5 53 49 5F F2 02 B6 11  e..p..yX.SI_....
00F0: FD 28 5D 8C AD E9 9D 22   DB 2E 7D 21 3D 30 A4 CA  .(]...."...!=0..

]
2023-08-04 02:33:44,016 [Time-limited test] INFO  impl.MetricsSystemImpl (MetricsSystemImpl.java:init(158)) - OzoneManager metrics system started (again)
2023-08-04 02:33:44,027 [Time-limited test] INFO  om.OzoneManager (OzoneManager.java:start(1613)) - OzoneManager RPC server is listening at fv-az621-180/10.1.0.9:1202
2023-08-04 02:33:44,027 [Time-limited test] INFO  ratis.OzoneManagerRatisServer (OzoneManagerRatisServer.java:start(558)) - Starting OzoneManagerRatisServer om1 at port 9872
2023-08-04 02:33:44,028 [om1-impl-thread1] INFO  storage.RaftStorageDirectory (RaftStorageDirectoryImpl.java:analyzeStorage(137)) - The storage directory /tmp/junit3349794563952476617/junit2956318720806510676/scm-meta/ratis/bf265839-605b-3f16-9796-c5ba1605619e does not exist. Creating ...
2023-08-04 02:33:44,030 [om1-impl-thread1] INFO  storage.RaftStorageDirectory (RaftStorageDirectoryImpl.java:tryLock(231)) - Lock on /tmp/junit3349794563952476617/junit2956318720806510676/scm-meta/ratis/bf265839-605b-3f16-9796-c5ba1605619e/in_use.lock acquired by nodename 9436@fv-az621-180
2023-08-04 02:33:44,031 [om1-impl-thread1] INFO  storage.RaftStorage (RaftStorageImpl.java:format(96)) - Storage directory /tmp/junit3349794563952476617/junit2956318720806510676/scm-meta/ratis/bf265839-605b-3f16-9796-c5ba1605619e has been successfully formatted.
2023-08-04 02:33:44,032 [om1-impl-thread1] INFO  server.RaftServerConfigKeys (ConfUtils.java:logGet(46)) - raft.server.log.use.memory = false (default)
2023-08-04 02:33:44,032 [om1-impl-thread1] INFO  server.RaftServerConfigKeys (ConfUtils.java:logGet(46)) - raft.server.log.purge.gap = 1000000 (custom)
2023-08-04 02:33:44,032 [om1-impl-thread1] INFO  server.RaftServerConfigKeys (ConfUtils.java:logGet(46)) - raft.server.log.appender.buffer.byte-limit = 33554432 (custom)
2023-08-04 02:33:44,032 [om1-impl-thread1] INFO  server.RaftServerConfigKeys (ConfUtils.java:logGet(46)) - raft.server.log.statemachine.data.read.timeout = 1000ms (default)
2023-08-04 02:33:44,032 [om1-impl-thread1] INFO  server.RaftServerConfigKeys (ConfUtils.java:logGet(46)) - raft.server.log.purge.preservation.log.num = 0 (default)
2023-08-04 02:33:44,032 [om1-impl-thread1] INFO  server.RaftServerConfigKeys (ConfUtils.java:logGet(46)) - raft.server.log.segment.size.max = 4194304 (custom)
2023-08-04 02:33:44,033 [om1-impl-thread1] INFO  server.RaftServerConfigKeys (ConfUtils.java:logGet(46)) - raft.server.log.segment.cache.num.max = 2 (custom)
2023-08-04 02:33:44,033 [om1-impl-thread1] INFO  server.RaftServerConfigKeys (ConfUtils.java:logGet(46)) - raft.server.log.segment.cache.size.max = 200MB (=209715200) (default)
2023-08-04 02:33:44,033 [om1-impl-thread1] INFO  server.RaftServerConfigKeys (ConfUtils.java:logGet(46)) - raft.server.log.appender.buffer.byte-limit = 33554432 (custom)
2023-08-04 02:33:44,033 [om1-impl-thread1] INFO  segmented.SegmentedRaftLogWorker (SegmentedRaftLogWorker.java:<init>(188)) - new om1@group-C5BA1605619E-SegmentedRaftLogWorker for RaftStorageImpl:Storage Directory /tmp/junit3349794563952476617/junit2956318720806510676/scm-meta/ratis/bf265839-605b-3f16-9796-c5ba1605619e
2023-08-04 02:33:44,033 [om1-impl-thread1] INFO  server.RaftServerConfigKeys (ConfUtils.java:logGet(46)) - raft.server.log.queue.byte-limit = 64MB (=67108864) (default)
2023-08-04 02:33:44,033 [om1-impl-thread1] INFO  server.RaftServerConfigKeys (ConfUtils.java:logGet(46)) - raft.server.log.queue.element-limit = 4096 (default)
2023-08-04 02:33:44,033 [om1-impl-thread1] INFO  server.RaftServerConfigKeys (ConfUtils.java:logGet(46)) - raft.server.log.segment.size.max = 4194304 (custom)
2023-08-04 02:33:44,033 [om1-impl-thread1] INFO  server.RaftServerConfigKeys (ConfUtils.java:logGet(46)) - raft.server.log.preallocated.size = 4194304 (custom)
2023-08-04 02:33:44,033 [om1-impl-thread1] INFO  server.RaftServerConfigKeys (ConfUtils.java:logGet(46)) - raft.server.log.force.sync.num = 128 (default)
2023-08-04 02:33:44,033 [om1-impl-thread1] INFO  server.RaftServerConfigKeys (ConfUtils.java:logGet(46)) - raft.server.log.statemachine.data.sync = true (default)
2023-08-04 02:33:44,033 [om1-impl-thread1] INFO  server.RaftServerConfigKeys (ConfUtils.java:logGet(46)) - raft.server.log.statemachine.data.sync.timeout = 10s (default)
2023-08-04 02:33:44,033 [om1-impl-thread1] INFO  server.RaftServerConfigKeys (ConfUtils.java:logGet(46)) - raft.server.log.statemachine.data.sync.timeout.retry = -1 (default)
2023-08-04 02:33:44,034 [om1-impl-thread1] INFO  server.RaftServerConfigKeys (ConfUtils.java:logGet(46)) - raft.server.log.write.buffer.size = 64KB (=65536) (default)
2023-08-04 02:33:44,034 [om1-impl-thread1] INFO  server.RaftServerConfigKeys (ConfUtils.java:logGet(46)) - raft.server.log.appender.buffer.byte-limit = 33554432 (custom)
2023-08-04 02:33:44,038 [om1-impl-thread1] INFO  server.RaftServerConfigKeys (ConfUtils.java:logGet(46)) - raft.server.log.unsafe-flush.enabled = false (default)
2023-08-04 02:33:44,039 [om1-impl-thread1] INFO  server.RaftServerConfigKeys (ConfUtils.java:logGet(46)) - raft.server.log.async-flush.enabled = false (default)
2023-08-04 02:33:44,039 [om1-impl-thread1] INFO  server.RaftServerConfigKeys (ConfUtils.java:logGet(46)) - raft.server.log.statemachine.data.caching.enabled = false (default)
2023-08-04 02:33:44,039 [om1-impl-thread1] INFO  segmented.SegmentedRaftLogWorker (SegmentedRaftLogWorker.java:lambda$new$0(135)) - om1@group-C5BA1605619E-SegmentedRaftLogWorker: flushIndex: setUnconditionally 0 -> -1
2023-08-04 02:33:44,039 [om1-impl-thread1] INFO  segmented.SegmentedRaftLogWorker (SegmentedRaftLogWorker.java:lambda$new$0(135)) - om1@group-C5BA1605619E-SegmentedRaftLogWorker: safeCacheEvictIndex: setUnconditionally 0 -> -1
2023-08-04 02:33:44,039 [om1-impl-thread1] INFO  server.RaftServer$Division (RaftServerImpl.java:start(342)) - om1@group-C5BA1605619E: start as a follower, conf=-1: peers:[om1|rpc:fv-az621-180:9872|priority:0|startupRole:FOLLOWER]|listeners:[], old=null
2023-08-04 02:33:44,039 [om1-impl-thread1] INFO  server.RaftServer$Division (RaftServerImpl.java:setRole(329)) - om1@group-C5BA1605619E: changes role from      null to FOLLOWER at term 0 for startAsFollower
2023-08-04 02:33:44,039 [om1-impl-thread1] INFO  impl.RoleInfo (RoleInfo.java:updateAndGet(139)) - om1: start om1@group-C5BA1605619E-FollowerState
2023-08-04 02:33:44,040 [om1-impl-thread1] INFO  util.JmxRegister (JmxRegister.java:tryRegister(44)) - Successfully registered JMX Bean with object name Ratis:service=RaftServer,group=group-C5BA1605619E,id=om1
2023-08-04 02:33:44,040 [om1-impl-thread1] INFO  server.RaftServerConfigKeys (ConfUtils.java:logGet(46)) - raft.server.snapshot.auto.trigger.enabled = true (custom)
2023-08-04 02:33:44,040 [om1-impl-thread1] INFO  server.RaftServerConfigKeys (ConfUtils.java:logGet(46)) - raft.server.snapshot.auto.trigger.threshold = 400000 (default)
2023-08-04 02:33:44,041 [om1-impl-thread1] INFO  server.RaftServerConfigKeys (ConfUtils.java:logGet(46)) - raft.server.snapshot.retention.file.num = -1 (default)
2023-08-04 02:33:44,041 [om1-impl-thread1] INFO  server.RaftServerConfigKeys (ConfUtils.java:logGet(46)) - raft.server.log.purge.upto.snapshot.index = true (custom)
2023-08-04 02:33:44,041 [om1@group-C5BA1605619E-FollowerState] INFO  server.RaftServerConfigKeys (ConfUtils.java:logFallback(53)) - raft.server.rpc.first-election.timeout.min = 5s (fallback to raft.server.rpc.timeout.min)
2023-08-04 02:33:44,041 [om1@group-C5BA1605619E-FollowerState] INFO  server.RaftServerConfigKeys (ConfUtils.java:logFallback(53)) - raft.server.rpc.first-election.timeout.max = 5200ms (fallback to raft.server.rpc.timeout.max)
2023-08-04 02:33:44,041 [Time-limited test] INFO  server.RaftServer (RaftServerProxy.java:startImpl(400)) - om1: start RPC server
2023-08-04 02:33:44,043 [Time-limited test] INFO  server.GrpcService (GrpcService.java:startImpl(302)) - om1: GrpcService started, listening on 9872
2023-08-04 02:33:44,043 [Time-limited test] INFO  om.OzoneManager (OzoneManager.java:startSecretManager(1103)) - Starting OM delegation token secret manager
2023-08-04 02:33:44,043 [Time-limited test] INFO  security.OzoneDelegationTokenSecretManager (OzoneSecretManager.java:updateCurrentKey(175)) - Updating current master key for generating tokens. Cert id 1470904480829
2023-08-04 02:33:44,043 [JvmPauseMonitor5] INFO  util.JvmPauseMonitor (JvmPauseMonitor.java:run(103)) - JvmPauseMonitor-om1: Started
2023-08-04 02:33:44,044 [Time-limited test] INFO  om.OzoneManager (OzoneManager.java:start(1629)) - Version File has different layout version (6) than OM DB (null). That is expected if this OM has never been finalized to a newer layout version.
2023-08-04 02:33:44,044 [Thread[Thread-1292,5,FailOnTimeoutGroup]] INFO  security.OzoneDelegationTokenSecretManager (OzoneDelegationTokenSecretManager.java:run(636)) - Starting expired delegation token remover thread, tokenRemoverScanInterval=60 min(s)
2023-08-04 02:33:44,050 [Time-limited test] INFO  http.BaseHttpServer (BaseHttpServer.java:newHttpServer2BuilderForOzone(224)) - Starting Web-server for ozoneManager at: http://0.0.0.0:9874
2023-08-04 02:33:44,050 [Time-limited test] INFO  http.BaseHttpServer (BaseHttpServer.java:<init>(111)) - Hadoop Security Enabled: true Ozone Security Enabled: true Ozone HTTP Security Enabled: false 
2023-08-04 02:33:44,052 [Time-limited test] WARN  server.AuthenticationFilter (AuthenticationFilter.java:constructSecretProvider(240)) - Unable to initialize FileSignerSecretProvider, falling back to use random secrets. Reason: Could not read signature secret file: /home/runner/hadoop-http-auth-signature-secret
2023-08-04 02:33:44,052 [Time-limited test] INFO  http.HttpRequestLog (HttpRequestLog.java:getRequestLog(86)) - Http request log for http.requests.ozoneManager is not defined
2023-08-04 02:33:44,054 [Time-limited test] INFO  http.HttpServer2 (HttpServer2.java:addGlobalFilter(1031)) - Added global filter 'safety' (class=org.apache.hadoop.hdds.server.http.HttpServer2$QuotingInputFilter)
2023-08-04 02:33:44,055 [Time-limited test] INFO  http.HttpServer2 (HttpServer2.java:addFilter(1007)) - Added filter static_user_filter (class=org.apache.hadoop.http.lib.StaticUserWebFilter$StaticUserFilter) to context ozoneManager
2023-08-04 02:33:44,055 [Time-limited test] INFO  http.HttpServer2 (HttpServer2.java:addFilter(1015)) - Added filter static_user_filter (class=org.apache.hadoop.http.lib.StaticUserWebFilter$StaticUserFilter) to context logs
2023-08-04 02:33:44,055 [Time-limited test] INFO  http.HttpServer2 (HttpServer2.java:addFilter(1015)) - Added filter static_user_filter (class=org.apache.hadoop.http.lib.StaticUserWebFilter$StaticUserFilter) to context static
2023-08-04 02:33:44,056 [Time-limited test] INFO  http.BaseHttpServer (BaseHttpServer.java:<init>(190)) - HTTP server of ozoneManager uses base directory /tmp/junit3349794563952476617/junit2956318720806510676/scm-meta/webserver
2023-08-04 02:33:44,056 [Time-limited test] INFO  http.HttpServer2 (HttpServer2.java:bindListener(1250)) - Jetty bound to port 9874
2023-08-04 02:33:44,056 [Time-limited test] INFO  server.Server (Server.java:doStart(375)) - jetty-9.4.51.v20230217; built: 2023-02-17T08:19:37.309Z; git: b45c405e4544384de066f814ed42ae3dceacdd49; jvm 1.8.0_372-b07
2023-08-04 02:33:44,062 [Time-limited test] INFO  server.session (DefaultSessionIdManager.java:doStart(334)) - DefaultSessionIdManager workerName=node0
2023-08-04 02:33:44,062 [Time-limited test] INFO  server.session (DefaultSessionIdManager.java:doStart(339)) - No SessionScavenger set, using defaults
2023-08-04 02:33:44,062 [Time-limited test] INFO  server.session (HouseKeeper.java:startScavenging(132)) - node0 Scavenging every 660000ms
2023-08-04 02:33:44,065 [Time-limited test] INFO  handler.ContextHandler (ContextHandler.java:doStart(921)) - Started o.e.j.s.ServletContextHandler@5a02cc91{logs,/logs,file:///home/runner/work/ozone/ozone/hadoop-ozone/integration-test/target/log,AVAILABLE}
2023-08-04 02:33:44,065 [Time-limited test] INFO  handler.ContextHandler (ContextHandler.java:doStart(921)) - Started o.e.j.s.ServletContextHandler@1cb501fd{static,/static,file:///home/runner/work/ozone/ozone/hadoop-ozone/integration-test/target/test-classes/webapps/static,AVAILABLE}
2023-08-04 02:33:44,070 [Time-limited test] INFO  handler.ContextHandler (ContextHandler.java:doStart(921)) - Started o.e.j.w.WebAppContext@66a9a42e{ozoneManager,/,file:///home/runner/work/ozone/ozone/hadoop-ozone/integration-test/target/test-classes/webapps/ozoneManager/,AVAILABLE}{file:/home/runner/work/ozone/ozone/hadoop-ozone/integration-test/target/test-classes/webapps/ozoneManager}
2023-08-04 02:33:44,073 [Time-limited test] INFO  server.AbstractConnector (AbstractConnector.java:doStart(333)) - Started ServerConnector@588957be{HTTP/1.1, (http/1.1)}{0.0.0.0:9874}
2023-08-04 02:33:44,074 [Time-limited test] INFO  server.Server (Server.java:doStart(415)) - Started @65252ms
2023-08-04 02:33:44,074 [Time-limited test] WARN  impl.MetricsSystemImpl (MetricsSystemImpl.java:register(279)) - Sink prometheus already exists!
2023-08-04 02:33:44,074 [Time-limited test] INFO  http.BaseHttpServer (BaseHttpServer.java:updateConnectorAddress(344)) - HTTP server of ozoneManager listening at http://0.0.0.0:9874
2023-08-04 02:33:44,077 [IPC Server Responder] INFO  ipc.Server (Server.java:run(1562)) - IPC Server Responder: starting
2023-08-04 02:33:44,081 [IPC Server listener on 1202] INFO  ipc.Server (Server.java:run(1402)) - IPC Server listener on 1202: starting
2023-08-04 02:33:44,107 [Time-limited test] INFO  om.OzoneManager (OzoneManager.java:startTrashEmptier(2081)) - Trash Interval set to 0. Files deleted won't move to trash
2023-08-04 02:33:44,113 [pool-325-thread-2] INFO  request.KdcRequest (KdcRequest.java:preauth(651)) - The preauth data is empty.
2023-08-04 02:33:44,114 [pool-325-thread-2] INFO  server.KdcHandler (KdcHandler.java:handleRecoverableException(177)) - KRB error occurred while processing request:Additional pre-authentication required
2023-08-04 02:33:44,118 [pool-325-thread-2] INFO  request.AsRequest (AsRequest.java:issueTicket(112)) - AS_REQ ISSUE: authtime 1691116424118,test@EXAMPLE.COM for krbtgt/EXAMPLE.COM@EXAMPLE.COM
2023-08-04 02:33:44,143 [pool-325-thread-2] INFO  request.TgsRequest (TgsRequest.java:issueTicket(115)) - TGS_REQ ISSUE: authtime 1691116424142,test for om/fv-az621-180@EXAMPLE.COM
2023-08-04 02:33:44,150 [Socket Reader #1 for port 1202] INFO  ipc.Server (Server.java:saslProcess(2139)) - Auth successful for test@EXAMPLE.COM (auth:KERBEROS) from fv-az621-180:60386 / 10.1.0.9:60386
2023-08-04 02:33:46,172 [Time-limited test] INFO  retry.RetryInvocationHandler (RetryInvocationHandler.java:log(422)) - com.google.protobuf.ServiceException: org.apache.hadoop.ipc.RemoteException(org.apache.hadoop.ozone.om.exceptions.OMNotLeaderException): OM:om1 is not the leader. Could not determine the leader node.
	at org.apache.hadoop.ozone.om.OzoneManager.checkLeaderStatus(OzoneManager.java:3999)
	at org.apache.hadoop.ozone.om.ratis.utils.OzoneManagerRatisUtils.checkLeaderStatus(OzoneManagerRatisUtils.java:473)
	at org.apache.hadoop.ozone.protocolPB.OzoneManagerProtocolServerSideTranslatorPB.processRequest(OzoneManagerProtocolServerSideTranslatorPB.java:185)
	at org.apache.hadoop.hdds.server.OzoneProtocolMessageDispatcher.processRequest(OzoneProtocolMessageDispatcher.java:87)
	at org.apache.hadoop.ozone.protocolPB.OzoneManagerProtocolServerSideTranslatorPB.submitRequest(OzoneManagerProtocolServerSideTranslatorPB.java:148)
	at org.apache.hadoop.ozone.protocol.proto.OzoneManagerProtocolProtos$OzoneManagerService$2.callBlockingMethod(OzoneManagerProtocolProtos.java)
	at org.apache.hadoop.ipc.ProtobufRpcEngine$Server.processCall(ProtobufRpcEngine.java:484)
	at org.apache.hadoop.ipc.ProtobufRpcEngine2$Server$ProtoBufRpcInvoker.call(ProtobufRpcEngine2.java:595)
	at org.apache.hadoop.ipc.ProtobufRpcEngine2$Server$ProtoBufRpcInvoker.call(ProtobufRpcEngine2.java:573)
	at org.apache.hadoop.ipc.RPC$Server.call(RPC.java:1227)
	at org.apache.hadoop.ipc.Server$RpcCall.run(Server.java:1094)
	at org.apache.hadoop.ipc.Server$RpcCall.run(Server.java:1017)
	at java.security.AccessController.doPrivileged(Native Method)
	at javax.security.auth.Subject.doAs(Subject.java:422)
	at org.apache.hadoop.security.UserGroupInformation.doAs(UserGroupInformation.java:1899)
	at org.apache.hadoop.ipc.Server$Handler.run(Server.java:3048)
, while invoking $Proxy53.submitRequest over nodeId=null,nodeAddress=fv-az621-180:1202 after 1 failover attempts. Trying to failover after sleeping for 4000ms. Current retry count: 1.
2023-08-04 02:33:49,133 [om1@group-C5BA1605619E-FollowerState] INFO  impl.FollowerState (FollowerState.java:run(143)) - om1@group-C5BA1605619E-FollowerState: change to CANDIDATE, lastRpcElapsedTime:5094032754ns, electionTimeout:5092ms
2023-08-04 02:33:49,134 [om1@group-C5BA1605619E-FollowerState] INFO  impl.RoleInfo (RoleInfo.java:shutdownFollowerState(110)) - om1: shutdown om1@group-C5BA1605619E-FollowerState
2023-08-04 02:33:49,134 [om1@group-C5BA1605619E-FollowerState] INFO  server.RaftServer$Division (RaftServerImpl.java:setRole(329)) - om1@group-C5BA1605619E: changes role from  FOLLOWER to CANDIDATE at term 0 for changeToCandidate
2023-08-04 02:33:49,135 [om1@group-C5BA1605619E-FollowerState] INFO  server.RaftServerConfigKeys (ConfUtils.java:logGet(46)) - raft.server.leaderelection.pre-vote = true (default)
2023-08-04 02:33:49,135 [om1@group-C5BA1605619E-FollowerState] INFO  impl.RoleInfo (RoleInfo.java:updateAndGet(139)) - om1: start om1@group-C5BA1605619E-LeaderElection2
2023-08-04 02:33:49,136 [om1@group-C5BA1605619E-LeaderElection2] INFO  impl.LeaderElection (LeaderElection.java:askForVotes(321)) - om1@group-C5BA1605619E-LeaderElection2 PRE_VOTE round 0: submit vote requests at term 0 for -1: peers:[om1|rpc:fv-az621-180:9872|priority:0|startupRole:FOLLOWER]|listeners:[], old=null
2023-08-04 02:33:49,136 [om1@group-C5BA1605619E-LeaderElection2] INFO  impl.LeaderElection (LeaderElection.java:askForVotes(323)) - om1@group-C5BA1605619E-LeaderElection2 PRE_VOTE round 0: result PASSED (term=0)
2023-08-04 02:33:49,138 [om1@group-C5BA1605619E-LeaderElection2] INFO  impl.LeaderElection (LeaderElection.java:askForVotes(321)) - om1@group-C5BA1605619E-LeaderElection2 ELECTION round 0: submit vote requests at term 1 for -1: peers:[om1|rpc:fv-az621-180:9872|priority:0|startupRole:FOLLOWER]|listeners:[], old=null
2023-08-04 02:33:49,138 [om1@group-C5BA1605619E-LeaderElection2] INFO  impl.LeaderElection (LeaderElection.java:askForVotes(323)) - om1@group-C5BA1605619E-LeaderElection2 ELECTION round 0: result PASSED (term=1)
2023-08-04 02:33:49,138 [om1@group-C5BA1605619E-LeaderElection2] INFO  impl.RoleInfo (RoleInfo.java:shutdownLeaderElection(130)) - om1: shutdown om1@group-C5BA1605619E-LeaderElection2
2023-08-04 02:33:49,138 [om1@group-C5BA1605619E-LeaderElection2] INFO  server.RaftServer$Division (RaftServerImpl.java:setRole(329)) - om1@group-C5BA1605619E: changes role from CANDIDATE to LEADER at term 1 for changeToLeader
2023-08-04 02:33:49,138 [om1@group-C5BA1605619E-LeaderElection2] INFO  server.RaftServer$Division (ServerState.java:setLeader(317)) - om1@group-C5BA1605619E: change Leader from null to om1 at term 1 for becomeLeader, leader elected after 5775ms
2023-08-04 02:33:49,138 [om1@group-C5BA1605619E-LeaderElection2] INFO  server.RaftServerConfigKeys (ConfUtils.java:logGet(46)) - raft.server.staging.catchup.gap = 1000 (default)
2023-08-04 02:33:49,139 [om1@group-C5BA1605619E-LeaderElection2] INFO  server.RaftServerConfigKeys (ConfUtils.java:logGet(46)) - raft.server.write.element-limit = 4096 (default)
2023-08-04 02:33:49,139 [om1@group-C5BA1605619E-LeaderElection2] INFO  server.RaftServerConfigKeys (ConfUtils.java:logGet(46)) - raft.server.write.byte-limit = 64MB (=67108864) (default)
2023-08-04 02:33:49,139 [om1@group-C5BA1605619E-LeaderElection2] INFO  server.RaftServerConfigKeys (ConfUtils.java:logGet(46)) - raft.server.watch.timeout = 10s (default)
2023-08-04 02:33:49,139 [om1@group-C5BA1605619E-LeaderElection2] INFO  server.RaftServerConfigKeys (ConfUtils.java:logGet(46)) - raft.server.watch.timeout.denomination = 1s (default)
2023-08-04 02:33:49,139 [om1@group-C5BA1605619E-LeaderElection2] INFO  server.RaftServerConfigKeys (ConfUtils.java:logGet(46)) - raft.server.watch.element-limit = 65536 (default)
2023-08-04 02:33:49,139 [om1@group-C5BA1605619E-LeaderElection2] INFO  server.RaftServerConfigKeys (ConfUtils.java:logGet(46)) - raft.server.write.element-limit = 4096 (default)
2023-08-04 02:33:49,139 [om1@group-C5BA1605619E-LeaderElection2] INFO  server.RaftServerConfigKeys (ConfUtils.java:logGet(46)) - raft.server.write.follower.gap.ratio.max = -1.0 (default)
2023-08-04 02:33:49,139 [om1@group-C5BA1605619E-LeaderElection2] INFO  impl.RoleInfo (RoleInfo.java:updateAndGet(139)) - om1: start om1@group-C5BA1605619E-LeaderStateImpl
2023-08-04 02:33:49,140 [om1@group-C5BA1605619E-LeaderElection2] INFO  segmented.SegmentedRaftLogWorker (SegmentedRaftLogWorker.java:startLogSegment(447)) - om1@group-C5BA1605619E-SegmentedRaftLogWorker: Starting segment from index:0
2023-08-04 02:33:49,144 [om1@group-C5BA1605619E-LeaderElection2] INFO  server.RaftServer$Division (ServerState.java:setRaftConf(434)) - om1@group-C5BA1605619E: set configuration 0: peers:[om1|rpc:fv-az621-180:9872|admin:|client:|dataStream:|priority:0|startupRole:FOLLOWER]|listeners:[], old=null
2023-08-04 02:33:49,150 [om1@group-C5BA1605619E-SegmentedRaftLogWorker] INFO  segmented.SegmentedRaftLogWorker (SegmentedRaftLogWorker.java:execute(651)) - om1@group-C5BA1605619E-SegmentedRaftLogWorker: created new log segment /tmp/junit3349794563952476617/junit2956318720806510676/scm-meta/ratis/bf265839-605b-3f16-9796-c5ba1605619e/current/log_inprogress_0
2023-08-04 02:33:49,151 [om1@group-C5BA1605619E-StateMachineUpdater] INFO  ratis.OzoneManagerStateMachine (OzoneManagerStateMachine.java:notifyConfigurationChanged(202)) - Received Configuration change notification from Ratis. New Peer list:
[id: "om1"
address: "fv-az621-180:9872"
startupRole: FOLLOWER
]
2023-08-04 02:33:50,193 [OM StateMachine ApplyTransaction Thread - 0] INFO  volume.OMVolumeCreateRequest (OMVolumeCreateRequest.java:validateAndUpdateCache(196)) - created volume:vol1 for user:owner1
2023-08-04 02:33:50,228 [Time-limited test] WARN  ipc.Client (Client.java:run(733)) - Exception encountered while connecting to the server fv-az621-180/10.1.0.9:1202
org.apache.hadoop.security.AccessControlException: Client cannot authenticate via:[TOKEN, KERBEROS]
	at org.apache.hadoop.security.SaslRpcClient.selectSaslClient(SaslRpcClient.java:179)
	at org.apache.hadoop.security.SaslRpcClient.saslConnect(SaslRpcClient.java:392)
	at org.apache.hadoop.ipc.Client$Connection.setupSaslConnection(Client.java:561)
	at org.apache.hadoop.ipc.Client$Connection.access$2100(Client.java:347)
	at org.apache.hadoop.ipc.Client$Connection$2.run(Client.java:783)
	at org.apache.hadoop.ipc.Client$Connection$2.run(Client.java:779)
	at java.security.AccessController.doPrivileged(Native Method)
	at javax.security.auth.Subject.doAs(Subject.java:422)
	at org.apache.hadoop.security.UserGroupInformation.doAs(UserGroupInformation.java:1899)
	at org.apache.hadoop.ipc.Client$Connection.setupIOstreams(Client.java:779)
	at org.apache.hadoop.ipc.Client$Connection.access$3800(Client.java:347)
	at org.apache.hadoop.ipc.Client.getConnection(Client.java:1632)
	at org.apache.hadoop.ipc.Client.call(Client.java:1457)
	at org.apache.hadoop.ipc.Client.call(Client.java:1410)
	at org.apache.hadoop.ipc.ProtobufRpcEngine$Invoker.invoke(ProtobufRpcEngine.java:250)
	at org.apache.hadoop.ipc.ProtobufRpcEngine$Invoker.invoke(ProtobufRpcEngine.java:132)
	at com.sun.proxy.$Proxy53.submitRequest(Unknown Source)
	at sun.reflect.GeneratedMethodAccessor22.invoke(Unknown Source)
	at sun.reflect.DelegatingMethodAccessorImpl.invoke(DelegatingMethodAccessorImpl.java:43)
	at java.lang.reflect.Method.invoke(Method.java:498)
	at org.apache.hadoop.io.retry.RetryInvocationHandler.invokeMethod(RetryInvocationHandler.java:433)
	at org.apache.hadoop.io.retry.RetryInvocationHandler$Call.invokeMethod(RetryInvocationHandler.java:166)
	at org.apache.hadoop.io.retry.RetryInvocationHandler$Call.invoke(RetryInvocationHandler.java:158)
	at org.apache.hadoop.io.retry.RetryInvocationHandler$Call.invokeOnce(RetryInvocationHandler.java:96)
	at org.apache.hadoop.io.retry.RetryInvocationHandler.invoke(RetryInvocationHandler.java:362)
	at com.sun.proxy.$Proxy53.submitRequest(Unknown Source)
	at org.apache.hadoop.ozone.om.protocolPB.Hadoop3OmTransport.submitRequest(Hadoop3OmTransport.java:80)
	at org.apache.hadoop.ozone.om.protocolPB.OzoneManagerProtocolClientSideTranslatorPB.submitRequest(OzoneManagerProtocolClientSideTranslatorPB.java:321)
	at org.apache.hadoop.ozone.om.protocolPB.OzoneManagerProtocolClientSideTranslatorPB.listVolume(OzoneManagerProtocolClientSideTranslatorPB.java:527)
	at org.apache.hadoop.ozone.om.protocolPB.OzoneManagerProtocolClientSideTranslatorPB.listAllVolumes(OzoneManagerProtocolClientSideTranslatorPB.java:516)
	at org.apache.hadoop.ozone.TestSecureOzoneCluster.lambda$testAccessControlExceptionOnClient$5(TestSecureOzoneCluster.java:589)
	at org.apache.ozone.test.LambdaTestUtils.intercept(LambdaTestUtils.java:491)
	at org.apache.ozone.test.LambdaTestUtils.intercept(LambdaTestUtils.java:377)
	at org.apache.ozone.test.LambdaTestUtils.intercept(LambdaTestUtils.java:446)
	at org.apache.hadoop.ozone.TestSecureOzoneCluster.testAccessControlExceptionOnClient(TestSecureOzoneCluster.java:588)
	at sun.reflect.NativeMethodAccessorImpl.invoke0(Native Method)
	at sun.reflect.NativeMethodAccessorImpl.invoke(NativeMethodAccessorImpl.java:62)
	at sun.reflect.DelegatingMethodAccessorImpl.invoke(DelegatingMethodAccessorImpl.java:43)
	at java.lang.reflect.Method.invoke(Method.java:498)
	at org.junit.runners.model.FrameworkMethod$1.runReflectiveCall(FrameworkMethod.java:59)
	at org.junit.internal.runners.model.ReflectiveCallable.run(ReflectiveCallable.java:12)
	at org.junit.runners.model.FrameworkMethod.invokeExplosively(FrameworkMethod.java:56)
	at org.junit.internal.runners.statements.InvokeMethod.evaluate(InvokeMethod.java:17)
	at org.junit.internal.runners.statements.RunBefores.evaluate(RunBefores.java:26)
	at org.junit.internal.runners.statements.RunAfters.evaluate(RunAfters.java:27)
	at org.junit.rules.ExternalResource$1.evaluate(ExternalResource.java:54)
	at org.junit.internal.runners.statements.FailOnTimeout$CallableStatement.call(FailOnTimeout.java:288)
	at org.junit.internal.runners.statements.FailOnTimeout$CallableStatement.call(FailOnTimeout.java:282)
	at java.util.concurrent.FutureTask.run(FutureTask.java:266)
	at java.lang.Thread.run(Thread.java:750)
2023-08-04 02:33:50,232 [Time-limited test] INFO  impl.DefaultInternalKdcServerImpl (DefaultInternalKdcServerImpl.java:doStop(102)) - Default Internal kdc server stopped.
2023-08-04 02:33:51,233 [Time-limited test] INFO  minikdc.MiniKdc (MiniKdc.java:stop(359)) - MiniKdc stopped.
2023-08-04 02:33:51,233 [Time-limited test] INFO  server.StorageContainerManager (StorageContainerManager.java:stop(1592)) - Container Balancer is not running.
2023-08-04 02:33:51,233 [Time-limited test] INFO  server.StorageContainerManager (StorageContainerManager.java:stopReplicationManager(1725)) - Stopping Replication Manager Service.
2023-08-04 02:33:51,233 [Time-limited test] INFO  replication.ReplicationManager (ReplicationManager.java:stop(319)) - Stopping Replication Monitor Thread.
2023-08-04 02:33:51,233 [Under Replicated Processor] WARN  replication.UnhealthyReplicationProcessor (UnhealthyReplicationProcessor.java:run(180)) - Under Replicated Processor interrupted. Exiting...
2023-08-04 02:33:51,233 [Time-limited test] INFO  server.StorageContainerManager (StorageContainerManager.java:stop(1601)) - Stopping the Datanode Admin Monitor.
2023-08-04 02:33:51,233 [Time-limited test] INFO  server.StorageContainerManager (StorageContainerManager.java:stop(1608)) - Stopping datanode service RPC server
2023-08-04 02:33:51,233 [Over Replicated Processor] WARN  replication.UnhealthyReplicationProcessor (UnhealthyReplicationProcessor.java:run(180)) - Over Replicated Processor interrupted. Exiting...
2023-08-04 02:33:51,233 [Time-limited test] INFO  server.SCMDatanodeProtocolServer (SCMDatanodeProtocolServer.java:stop(424)) - Stopping the RPC server for DataNodes
2023-08-04 02:33:51,233 [Time-limited test] INFO  ipc.Server (Server.java:stop(3523)) - Stopping server on 9861
2023-08-04 02:33:51,234 [ReplicationMonitor] INFO  replication.ReplicationManager (ReplicationManager.java:run(917)) - Replication Monitor Thread is stopped
2023-08-04 02:33:51,962 [SCM Heartbeat Processing Thread - 0] WARN  node.NodeStateManager (NodeStateManager.java:scheduleNextHealthCheck(874)) - Current Thread is interrupted, shutting down HB processing thread for Node Manager.
2023-08-04 02:33:51,963 [Time-limited test] INFO  server.StorageContainerManager (StorageContainerManager.java:stop(1616)) - Stopping block service RPC server
2023-08-04 02:33:51,963 [Time-limited test] INFO  server.SCMBlockProtocolServer (SCMBlockProtocolServer.java:stop(161)) - Stopping the RPC server for Block Protocol
2023-08-04 02:33:51,963 [Time-limited test] INFO  ipc.Server (Server.java:stop(3523)) - Stopping server on 9863
2023-08-04 02:33:51,964 [Time-limited test] INFO  server.StorageContainerManager (StorageContainerManager.java:stop(1623)) - Stopping the StorageContainerLocationProtocol RPC server
2023-08-04 02:33:51,964 [Time-limited test] INFO  server.SCMClientProtocolServer (SCMClientProtocolServer.java:stop(209)) - Stopping the RPC server for Client Protocol
2023-08-04 02:33:51,964 [Time-limited test] INFO  ipc.Server (Server.java:stop(3523)) - Stopping server on 9860
2023-08-04 02:33:51,965 [Time-limited test] INFO  server.StorageContainerManager (StorageContainerManager.java:stop(1630)) - Stopping Storage Container Manager HTTP server.
2023-08-04 02:33:51,965 [Time-limited test] INFO  server.StorageContainerManager (StorageContainerManager.java:stop(1638)) - Stopping SCM LayoutVersionManager Service.
2023-08-04 02:33:51,965 [Time-limited test] INFO  server.SCMSecurityProtocolServer (SCMSecurityProtocolServer.java:stop(552)) - Stopping the SCMSecurityProtocolServer.
2023-08-04 02:33:51,965 [Time-limited test] INFO  ipc.Server (Server.java:stop(3523)) - Stopping server on 9961
2023-08-04 02:33:51,965 [Time-limited test] INFO  server.SCMUpdateServiceGrpcServer (SCMUpdateServiceGrpcServer.java:stop(73)) - SCMUpdateService stopping
2023-08-04 02:33:51,965 [Time-limited test] INFO  server.StorageContainerManager (StorageContainerManager.java:stop(1650)) - Stopping Block Manager Service.
2023-08-04 02:33:51,965 [Time-limited test] INFO  utils.BackgroundService (BackgroundService.java:shutdown(141)) - Shutting down service SCMBlockDeletingService
2023-08-04 02:33:51,966 [Time-limited test] INFO  utils.BackgroundService (BackgroundService.java:shutdown(141)) - Shutting down service SCMBlockDeletingService
2023-08-04 02:33:51,966 [Time-limited test] INFO  server.StorageContainerManager (StorageContainerManager.java:stop(1670)) - Stopping SCM Event Queue.
2023-08-04 02:33:51,966 [Time-limited test] INFO  server.StorageContainerManager (StorageContainerManager.java:stop(1681)) - Stopping SCM HA services.
2023-08-04 02:33:51,966 [Time-limited test] INFO  pipeline.BackgroundPipelineCreator (BackgroundPipelineCreator.java:stop(149)) - Stopping RatisPipelineUtilsThread.
2023-08-04 02:33:51,966 [RatisPipelineUtilsThread - 0] WARN  pipeline.BackgroundPipelineCreator (BackgroundPipelineCreator.java:run(180)) - RatisPipelineUtilsThread is interrupted.
2023-08-04 02:33:51,966 [BackgroundPipelineScrubberThread] WARN  BackgroundPipelineScrubber (BackgroundSCMService.java:run(115)) - BackgroundPipelineScrubber is interrupted, exit
2023-08-04 02:33:51,966 [Time-limited test] INFO  BackgroundPipelineScrubber (BackgroundSCMService.java:stop(131)) - Stopping BackgroundPipelineScrubber Service.
2023-08-04 02:33:51,967 [Time-limited test] WARN  pipeline.BackgroundPipelineCreator (BackgroundPipelineCreator.java:stop(145)) - RatisPipelineUtilsThread is not running, just ignore.
2023-08-04 02:33:51,967 [Time-limited test] INFO  BackgroundPipelineScrubber (BackgroundSCMService.java:stop(126)) - BackgroundPipelineScrubber Service is not running, skip stop.
2023-08-04 02:33:51,967 [ExpiredContainerReplicaOpScrubberThread] WARN  ExpiredContainerReplicaOpScrubber (BackgroundSCMService.java:run(115)) - ExpiredContainerReplicaOpScrubber is interrupted, exit
2023-08-04 02:33:51,967 [Time-limited test] INFO  ExpiredContainerReplicaOpScrubber (BackgroundSCMService.java:stop(131)) - Stopping ExpiredContainerReplicaOpScrubber Service.
2023-08-04 02:33:51,967 [Time-limited test] INFO  utils.BackgroundService (BackgroundService.java:shutdown(141)) - Shutting down service SCMBlockDeletingService
2023-08-04 02:33:51,967 [Time-limited test] INFO  replication.ReplicationManager (ReplicationManager.java:stop(329)) - Replication Monitor Thread is not running.
2023-08-04 02:33:51,967 [Time-limited test] WARN  balancer.ContainerBalancer (ContainerBalancer.java:stop(326)) - Cannot stop Container Balancer because it's not running or stopping
2023-08-04 02:33:51,967 [Time-limited test] INFO  server.StorageContainerManager (StorageContainerManager.java:stop(1716)) - Stopping SCM MetadataStore.
2023-08-04 02:33:51,968 [Time-limited test] INFO  server.SCMSecurityProtocolServer (SCMSecurityProtocolServer.java:join(562)) - Join RPC server for SCMSecurityProtocolServer.
2023-08-04 02:33:51,968 [Time-limited test] INFO  server.SCMSecurityProtocolServer (SCMSecurityProtocolServer.java:join(564)) - Join gRPC server for SCMSecurityProtocolServer.
2023-08-04 02:33:51,969 [Time-limited test] INFO  om.OzoneManager (OzoneManager.java:stop(2187)) - om1[fv-az621-180:1202]: Stopping Ozone Manager
2023-08-04 02:33:51,969 [Time-limited test] INFO  ipc.Server (Server.java:stop(3523)) - Stopping server on 1202
2023-08-04 02:33:51,976 [IPC Server Responder] INFO  ipc.Server (Server.java:run(1567)) - Stopping IPC Server Responder
2023-08-04 02:33:51,977 [Time-limited test] INFO  server.RaftServer (RaftServerProxy.java:lambda$close$6(416)) - om1: close
2023-08-04 02:33:51,977 [om1-impl-thread1] INFO  server.RaftServer$Division (RaftServerImpl.java:lambda$close$4(466)) - om1@group-C5BA1605619E: shutdown
2023-08-04 02:33:51,977 [om1-impl-thread1] INFO  util.JmxRegister (JmxRegister.java:unregister(73)) - Successfully un-registered JMX Bean with object name Ratis:service=RaftServer,group=group-C5BA1605619E,id=om1
2023-08-04 02:33:51,977 [om1-impl-thread1] INFO  impl.RoleInfo (RoleInfo.java:shutdownLeaderState(93)) - om1: shutdown om1@group-C5BA1605619E-LeaderStateImpl
2023-08-04 02:33:51,977 [om1-impl-thread1] INFO  impl.PendingRequests (PendingRequests.java:sendNotLeaderResponses(289)) - om1@group-C5BA1605619E-PendingRequests: sendNotLeaderResponses
2023-08-04 02:33:51,977 [IPC Server listener on 1202] INFO  ipc.Server (Server.java:run(1434)) - Stopping IPC Server listener on 1202
2023-08-04 02:33:51,979 [Time-limited test] INFO  server.GrpcService (GrpcService.java:closeImpl(311)) - om1: shutdown server GrpcServerProtocolService now
2023-08-04 02:33:51,979 [om1-impl-thread1] INFO  impl.StateMachineUpdater (StateMachineUpdater.java:stopAndJoin(155)) - om1@group-C5BA1605619E-StateMachineUpdater: set stopIndex = 2
2023-08-04 02:33:51,985 [om1@group-C5BA1605619E-StateMachineUpdater] INFO  ratis.OzoneManagerStateMachine (OzoneManagerStateMachine.java:takeSnapshot(480)) - Current Snapshot Index (t:1, i:2)
2023-08-04 02:33:51,990 [Time-limited test] INFO  server.GrpcService (GrpcService.java:closeImpl(320)) - om1: shutdown server GrpcServerProtocolService successfully
2023-08-04 02:33:51,995 [om1@group-C5BA1605619E-StateMachineUpdater] INFO  impl.StateMachineUpdater (StateMachineUpdater.java:takeSnapshot(291)) - om1@group-C5BA1605619E-StateMachineUpdater: Took a snapshot at index 2
2023-08-04 02:33:51,995 [om1@group-C5BA1605619E-StateMachineUpdater] INFO  impl.StateMachineUpdater (StateMachineUpdater.java:lambda$new$0(97)) - om1@group-C5BA1605619E-StateMachineUpdater: snapshotIndex: updateIncreasingly -1 -> 2
2023-08-04 02:33:51,995 [om1@group-C5BA1605619E-StateMachineUpdater] INFO  ratis.OzoneManagerStateMachine (OzoneManagerStateMachine.java:close(534)) - StateMachine has shutdown. Shutdown OzoneManager if not already shutdown.
2023-08-04 02:33:51,995 [om1@group-C5BA1605619E-StateMachineUpdater] INFO  ratis.OzoneManagerDoubleBuffer (OzoneManagerDoubleBuffer.java:stopDaemon(551)) - Stopping OMDoubleBuffer flush thread
2023-08-04 02:33:51,995 [OMDoubleBufferFlushThread] INFO  ratis.OzoneManagerDoubleBuffer (OzoneManagerDoubleBuffer.java:canFlush(638)) - OMDoubleBuffer flush thread OMDoubleBufferFlushThread is interrupted and will exit.
2023-08-04 02:33:51,995 [om1-impl-thread1] INFO  server.RaftServer$Division (ServerState.java:close(472)) - om1@group-C5BA1605619E: closes. applyIndex: 2
2023-08-04 02:33:52,185 [om1-impl-thread1] INFO  segmented.SegmentedRaftLogWorker (SegmentedRaftLogWorker.java:close(252)) - om1@group-C5BA1605619E-SegmentedRaftLogWorker close()
2023-08-04 02:33:52,185 [JvmPauseMonitor5] INFO  util.JvmPauseMonitor (JvmPauseMonitor.java:run(109)) - JvmPauseMonitor-om1: Stopped
2023-08-04 02:33:52,186 [Time-limited test] INFO  ratis.OzoneManagerStateMachine (OzoneManagerStateMachine.java:close(534)) - StateMachine has shutdown. Shutdown OzoneManager if not already shutdown.
2023-08-04 02:33:52,186 [Time-limited test] INFO  ratis.OzoneManagerDoubleBuffer (OzoneManagerDoubleBuffer.java:stopDaemon(560)) - OMDoubleBuffer flush thread is not running.
2023-08-04 02:33:52,186 [Time-limited test] INFO  utils.BackgroundService (BackgroundService.java:shutdown(141)) - Shutting down service KeyDeletingService
2023-08-04 02:33:52,187 [Time-limited test] INFO  utils.BackgroundService (BackgroundService.java:shutdown(141)) - Shutting down service KeyDeletingService
2023-08-04 02:33:52,187 [Time-limited test] INFO  utils.BackgroundService (BackgroundService.java:shutdown(141)) - Shutting down service OpenKeyCleanupService
2023-08-04 02:33:52,187 [Time-limited test] INFO  utils.BackgroundService (BackgroundService.java:shutdown(141)) - Shutting down service SstFilteringService
2023-08-04 02:33:52,188 [Time-limited test] INFO  utils.BackgroundService (BackgroundService.java:shutdown(141)) - Shutting down service SnapshotDeletingService
2023-08-04 02:33:52,188 [Time-limited test] INFO  om.OzoneManager (OzoneManager.java:stopSecretManager(1063)) - Stopping secret key client.
2023-08-04 02:33:52,188 [Time-limited test] INFO  om.OzoneManager (OzoneManager.java:stopSecretManager(1068)) - Stopping OM delegation token secret manager.
2023-08-04 02:33:52,188 [Thread[Thread-1292,5,FailOnTimeoutGroup]] INFO  security.OzoneDelegationTokenSecretManager (OzoneDelegationTokenSecretManager.java:run(653)) - ExpiredTokenRemover was interrupted.
java.lang.InterruptedException: sleep interrupted
	at java.lang.Thread.sleep(Native Method)
	at org.apache.hadoop.ozone.security.OzoneDelegationTokenSecretManager$ExpiredTokenRemover.run(OzoneDelegationTokenSecretManager.java:649)
	at java.lang.Thread.run(Thread.java:750)
2023-08-04 02:33:52,189 [Time-limited test] INFO  handler.ContextHandler (ContextHandler.java:doStop(1159)) - Stopped o.e.j.w.WebAppContext@66a9a42e{ozoneManager,/,null,STOPPED}{file:/home/runner/work/ozone/ozone/hadoop-ozone/integration-test/target/test-classes/webapps/ozoneManager}
2023-08-04 02:33:52,190 [Time-limited test] INFO  server.AbstractConnector (AbstractConnector.java:doStop(383)) - Stopped ServerConnector@588957be{HTTP/1.1, (http/1.1)}{0.0.0.0:9874}
2023-08-04 02:33:52,190 [Time-limited test] INFO  server.session (HouseKeeper.java:stopScavenging(149)) - node0 Stopped scavenging
2023-08-04 02:33:52,190 [Time-limited test] INFO  handler.ContextHandler (ContextHandler.java:doStop(1159)) - Stopped o.e.j.s.ServletContextHandler@1cb501fd{static,/static,file:///home/runner/work/ozone/ozone/hadoop-ozone/integration-test/target/test-classes/webapps/static,STOPPED}
2023-08-04 02:33:52,190 [Time-limited test] INFO  handler.ContextHandler (ContextHandler.java:doStop(1159)) - Stopped o.e.j.s.ServletContextHandler@5a02cc91{logs,/logs,file:///home/runner/work/ozone/ozone/hadoop-ozone/integration-test/target/log,STOPPED}
2023-08-04 02:33:52,191 [Time-limited test] INFO  rocksdiff.RocksDBCheckpointDiffer (RocksDBCheckpointDiffer.java:close(340)) - Shutting down CompactionDagPruningService.
2023-08-04 02:33:52,192 [Time-limited test] INFO  snapshot.SnapshotDiffManager (SnapshotDiffManager.java:closeExecutorService(1720)) - Shutting down executorService: 'SnapDiffExecutor'
2023-08-04 02:33:52,192 [Time-limited test] INFO  snapshot.SnapshotDiffManager (SnapshotDiffManager.java:closeExecutorService(1720)) - Shutting down executorService: 'SstDumpToolExecutor'
2023-08-04 02:33:52,193 [Time-limited test] INFO  utils.BackgroundService (BackgroundService.java:shutdown(141)) - Shutting down service SnapshotDiffCleanupService
]]></system-out>
  </testcase>
  <testcase name="testDelegationTokenRenewCrossCertificateRenew" classname="org.apache.hadoop.ozone.TestSecureOzoneCluster" time="18.483">
    <failure type="org.junit.ComparisonFailure"><![CDATA[org.junit.ComparisonFailure: expected:<14[9552614500]9> but was:<14[8067812492]9>
	at org.junit.Assert.assertEquals(Assert.java:117)
	at org.junit.Assert.assertEquals(Assert.java:146)
	at org.apache.hadoop.ozone.TestSecureOzoneCluster.testDelegationTokenRenewCrossCertificateRenew(TestSecureOzoneCluster.java:1202)
	at sun.reflect.NativeMethodAccessorImpl.invoke0(Native Method)
	at sun.reflect.NativeMethodAccessorImpl.invoke(NativeMethodAccessorImpl.java:62)
	at sun.reflect.DelegatingMethodAccessorImpl.invoke(DelegatingMethodAccessorImpl.java:43)
	at java.lang.reflect.Method.invoke(Method.java:498)
	at org.junit.runners.model.FrameworkMethod$1.runReflectiveCall(FrameworkMethod.java:59)
	at org.junit.internal.runners.model.ReflectiveCallable.run(ReflectiveCallable.java:12)
	at org.junit.runners.model.FrameworkMethod.invokeExplosively(FrameworkMethod.java:56)
	at org.junit.internal.runners.statements.InvokeMethod.evaluate(InvokeMethod.java:17)
	at org.junit.internal.runners.statements.RunBefores.evaluate(RunBefores.java:26)
	at org.junit.internal.runners.statements.RunAfters.evaluate(RunAfters.java:27)
	at org.junit.rules.ExternalResource$1.evaluate(ExternalResource.java:54)
	at org.junit.internal.runners.statements.FailOnTimeout$CallableStatement.call(FailOnTimeout.java:288)
	at org.junit.internal.runners.statements.FailOnTimeout$CallableStatement.call(FailOnTimeout.java:282)
	at java.util.concurrent.FutureTask.run(FutureTask.java:266)
	at java.lang.Thread.run(Thread.java:750)
]]></failure>
    <system-out><![CDATA[2023-08-04 02:33:52,219 [Time-limited test] INFO  net.ServerSocketUtil (ServerSocketUtil.java:getPort(55)) - Using port 9860
2023-08-04 02:33:52,219 [Time-limited test] INFO  net.ServerSocketUtil (ServerSocketUtil.java:getPort(55)) - Using port 9861
2023-08-04 02:33:52,219 [Time-limited test] INFO  net.ServerSocketUtil (ServerSocketUtil.java:getPort(55)) - Using port 9863
2023-08-04 02:33:52,219 [Time-limited test] INFO  net.ServerSocketUtil (ServerSocketUtil.java:getPort(55)) - Using port 9961
2023-08-04 02:33:52,219 [Time-limited test] INFO  net.ServerSocketUtil (ServerSocketUtil.java:getPort(55)) - Using port 1200
2023-08-04 02:33:52,220 [Time-limited test] INFO  net.ServerSocketUtil (ServerSocketUtil.java:getPort(55)) - Using port 1201
2023-08-04 02:33:52,220 [Time-limited test] INFO  minikdc.MiniKdc (MiniKdc.java:<init>(225)) - Configuration:
2023-08-04 02:33:52,220 [Time-limited test] INFO  minikdc.MiniKdc (MiniKdc.java:<init>(226)) - ---------------------------------------------------------------
2023-08-04 02:33:52,220 [Time-limited test] INFO  minikdc.MiniKdc (MiniKdc.java:<init>(228)) -   debug: false
2023-08-04 02:33:52,220 [Time-limited test] INFO  minikdc.MiniKdc (MiniKdc.java:<init>(228)) -   transport: TCP
2023-08-04 02:33:52,220 [Time-limited test] INFO  minikdc.MiniKdc (MiniKdc.java:<init>(228)) -   max.ticket.lifetime: 86400000
2023-08-04 02:33:52,220 [Time-limited test] INFO  minikdc.MiniKdc (MiniKdc.java:<init>(228)) -   org.name: EXAMPLE
2023-08-04 02:33:52,220 [Time-limited test] INFO  minikdc.MiniKdc (MiniKdc.java:<init>(228)) -   kdc.port: 0
2023-08-04 02:33:52,220 [Time-limited test] INFO  minikdc.MiniKdc (MiniKdc.java:<init>(228)) -   org.domain: COM
2023-08-04 02:33:52,220 [Time-limited test] INFO  minikdc.MiniKdc (MiniKdc.java:<init>(228)) -   max.renewable.lifetime: 604800000
2023-08-04 02:33:52,220 [Time-limited test] INFO  minikdc.MiniKdc (MiniKdc.java:<init>(228)) -   instance: DefaultKrbServer
2023-08-04 02:33:52,220 [Time-limited test] INFO  minikdc.MiniKdc (MiniKdc.java:<init>(228)) -   kdc.bind.address: localhost
2023-08-04 02:33:52,220 [Time-limited test] INFO  minikdc.MiniKdc (MiniKdc.java:<init>(230)) - ---------------------------------------------------------------
2023-08-04 02:33:52,222 [Time-limited test] INFO  minikdc.MiniKdc (MiniKdc.java:start(285)) - MiniKdc started.
2023-08-04 02:33:52,437 [Time-limited test] INFO  om.OzoneManager (OzoneManager.java:getOmDetailsProto(4555)) - OzoneManager ports added:[name: "RPC"
value: 1202
]
2023-08-04 02:33:52,438 [Time-limited test] WARN  server.ServerUtils (ServerUtils.java:getDBPath(311)) - ozone.om.db.dirs is not configured. We recommend adding this setting. Falling back to ozone.metadata.dirs instead.
2023-08-04 02:33:52,440 [Time-limited test] INFO  ha.OMHANodeDetails (OMHANodeDetails.java:loadOMHAConfig(115)) - ozone.om.internal.service.id is not defined, falling back to ozone.om.service.ids to find serviceID for OzoneManager if it is HA enabled cluster
2023-08-04 02:33:52,440 [Time-limited test] INFO  ha.OMHANodeDetails (OMHANodeDetails.java:loadOMHAConfig(226)) - Configuration does not have ozone.om.address set. Falling back to the default OM address fv-az621-180/10.1.0.9:1202
2023-08-04 02:33:52,440 [Time-limited test] INFO  ha.OMHANodeDetails (OMHANodeDetails.java:getOMNodeDetailsForNonHA(254)) - OM Service ID is not set. Setting it to the default ID: omServiceIdDefault
2023-08-04 02:33:52,440 [Time-limited test] INFO  ha.OMHANodeDetails (OMHANodeDetails.java:getOMNodeDetailsForNonHA(261)) - OM Node ID is not set. Setting it to the default ID: om1
2023-08-04 02:33:52,440 [Time-limited test] WARN  server.ServerUtils (ServerUtils.java:getDBPath(311)) - ozone.om.db.dirs is not configured. We recommend adding this setting. Falling back to ozone.metadata.dirs instead.
2023-08-04 02:33:52,441 [Time-limited test] INFO  upgrade.AbstractLayoutVersionManager (AbstractLayoutVersionManager.java:init(83)) - Initializing Layout version manager with metadata layout = QUOTA (version = 6), software layout = QUOTA (version = 6)
2023-08-04 02:33:52,602 [Time-limited test] INFO  reflections.Reflections (Reflections.java:scan(232)) - Reflections took 159 ms to scan 2 urls, producing 188 keys and 512 values [using 2 cores]
2023-08-04 02:33:52,602 [Time-limited test] INFO  upgrade.OMLayoutVersionManager (OMLayoutVersionManager.java:lambda$0(115)) - Skipping Upgrade Action QuotaRepairUpgradeAction since it has been finalized.
2023-08-04 02:33:52,602 [Time-limited test] INFO  upgrade.OMLayoutVersionManager (OMLayoutVersionManager.java:lambda$0(115)) - Skipping Upgrade Action MockOmUpgradeAction since it has been finalized.
2023-08-04 02:33:52,605 [pool-387-thread-1] INFO  request.KdcRequest (KdcRequest.java:preauth(651)) - The preauth data is empty.
2023-08-04 02:33:52,606 [pool-387-thread-1] INFO  server.KdcHandler (KdcHandler.java:handleRecoverableException(177)) - KRB error occurred while processing request:Additional pre-authentication required
2023-08-04 02:33:52,611 [pool-387-thread-2] INFO  request.AsRequest (AsRequest.java:issueTicket(112)) - AS_REQ ISSUE: authtime 1691116432610,om/fv-az621-180@EXAMPLE.COM for krbtgt/EXAMPLE.COM@EXAMPLE.COM
2023-08-04 02:33:52,612 [Time-limited test] INFO  security.UserGroupInformation (UserGroupInformation.java:loginUserFromKeytab(1132)) - Login successful for user om/fv-az621-180@EXAMPLE.COM using keytab file om.keytab. Keytab auto renewal enabled : false
2023-08-04 02:33:52,612 [Time-limited test] INFO  om.OzoneManager (OzoneManager.java:loginOMUser(1161)) - Ozone Manager login successful.
2023-08-04 02:33:52,612 [Time-limited test] WARN  server.ServerUtils (ServerUtils.java:getDBPath(311)) - ozone.om.db.dirs is not configured. We recommend adding this setting. Falling back to ozone.metadata.dirs instead.
2023-08-04 02:33:52,614 [Time-limited test] INFO  proxy.SCMBlockLocationFailoverProxyProvider (SCMBlockLocationFailoverProxyProvider.java:<init>(114)) - Created block location fail-over proxy with 1 nodes: [nodeId=scmNodeId,nodeAddress=localhost/127.0.0.1:9863]
2023-08-04 02:33:52,615 [Time-limited test] INFO  om.OzoneManager (OzoneManager.java:getOmDetailsProto(4555)) - OzoneManager ports added:[name: "RPC"
value: 1202
]
2023-08-04 02:33:52,616 [Time-limited test] INFO  security.OMCertificateClient (DefaultCertificateClient.java:updateCertSerialId(1226)) - Certificate serial ID set to 9879877970576
2023-08-04 02:33:52,616 [Time-limited test] WARN  security.OMCertificateClient (DefaultCertificateClient.java:loadAllCertificates(172)) - Certificates could not be loaded.
java.nio.file.NoSuchFileException: /tmp/junit1596306150180415345/junit1439427006450815417/om-meta/om/certs
	at sun.nio.fs.UnixException.translateToIOException(UnixException.java:86)
	at sun.nio.fs.UnixException.rethrowAsIOException(UnixException.java:102)
	at sun.nio.fs.UnixException.rethrowAsIOException(UnixException.java:107)
	at sun.nio.fs.UnixFileSystemProvider.newDirectoryStream(UnixFileSystemProvider.java:427)
	at java.nio.file.Files.newDirectoryStream(Files.java:457)
	at java.nio.file.Files.list(Files.java:3451)
	at org.apache.hadoop.hdds.security.x509.certificate.client.DefaultCertificateClient.loadAllCertificates(DefaultCertificateClient.java:167)
	at org.apache.hadoop.hdds.security.x509.certificate.client.DefaultCertificateClient.updateCertSerialId(DefaultCertificateClient.java:1227)
	at org.apache.hadoop.hdds.security.x509.certificate.client.DefaultCertificateClient.<init>(DefaultCertificateClient.java:156)
	at org.apache.hadoop.hdds.security.x509.certificate.client.CommonCertificateClient.<init>(CommonCertificateClient.java:49)
	at org.apache.hadoop.ozone.security.OMCertificateClient.<init>(OMCertificateClient.java:68)
	at org.apache.hadoop.ozone.om.OzoneManager.<init>(OzoneManager.java:640)
	at org.apache.hadoop.ozone.om.OzoneManager.createOm(OzoneManager.java:754)
	at org.apache.hadoop.ozone.TestSecureOzoneCluster.setupOm(TestSecureOzoneCluster.java:693)
	at org.apache.hadoop.ozone.TestSecureOzoneCluster.testDelegationTokenRenewCrossCertificateRenew(TestSecureOzoneCluster.java:1150)
	at sun.reflect.NativeMethodAccessorImpl.invoke0(Native Method)
	at sun.reflect.NativeMethodAccessorImpl.invoke(NativeMethodAccessorImpl.java:62)
	at sun.reflect.DelegatingMethodAccessorImpl.invoke(DelegatingMethodAccessorImpl.java:43)
	at java.lang.reflect.Method.invoke(Method.java:498)
	at org.junit.runners.model.FrameworkMethod$1.runReflectiveCall(FrameworkMethod.java:59)
	at org.junit.internal.runners.model.ReflectiveCallable.run(ReflectiveCallable.java:12)
	at org.junit.runners.model.FrameworkMethod.invokeExplosively(FrameworkMethod.java:56)
	at org.junit.internal.runners.statements.InvokeMethod.evaluate(InvokeMethod.java:17)
	at org.junit.internal.runners.statements.RunBefores.evaluate(RunBefores.java:26)
	at org.junit.internal.runners.statements.RunAfters.evaluate(RunAfters.java:27)
	at org.junit.rules.ExternalResource$1.evaluate(ExternalResource.java:54)
	at org.junit.internal.runners.statements.FailOnTimeout$CallableStatement.call(FailOnTimeout.java:288)
	at org.junit.internal.runners.statements.FailOnTimeout$CallableStatement.call(FailOnTimeout.java:282)
	at java.util.concurrent.FutureTask.run(FutureTask.java:266)
	at java.lang.Thread.run(Thread.java:750)
2023-08-04 02:33:52,618 [Time-limited test] INFO  om.OzoneManager (OzoneManager.java:<init>(662)) - OM start with adminUsers: [om/fv-az621-180@EXAMPLE.COM, om]
2023-08-04 02:33:52,619 [Time-limited test] WARN  server.ServerUtils (ServerUtils.java:getDBPath(311)) - ozone.om.db.dirs is not configured. We recommend adding this setting. Falling back to ozone.metadata.dirs instead.
2023-08-04 02:33:52,619 [Time-limited test] INFO  helpers.OmKeyInfo (OmKeyInfo.java:getCodec(71)) - OmKeyInfo.getCodec ignorePipeline = true
2023-08-04 02:33:52,799 [Time-limited test] INFO  om.OzoneManager (OzoneManager.java:instantiateServices(791)) - S3 Multi-Tenancy is disabled
2023-08-04 02:33:52,799 [Time-limited test] INFO  security.OzoneSecretStore (OzoneSecretStore.java:loadState(69)) - Loaded 0 tokens
2023-08-04 02:33:52,799 [Time-limited test] INFO  security.OzoneDelegationTokenSecretManager (OzoneDelegationTokenSecretManager.java:loadTokenSecretState(530)) - Loading token state into token manager.
2023-08-04 02:33:52,799 [Time-limited test] INFO  om.OmSnapshotManager (OmSnapshotManager.java:<init>(175)) - Ozone filesystem snapshot feature is enabled.
2023-08-04 02:33:52,800 [Time-limited test] WARN  server.ServerUtils (ServerUtils.java:getDBPath(311)) - ozone.om.snapshot.diff.db.dir is not configured. We recommend adding this setting. Falling back to ozone.metadata.dirs instead.
2023-08-04 02:33:52,820 [Time-limited test] INFO  snapshot.SnapshotDiffManager (SnapshotDiffManager.java:closeExecutorService(1720)) - Shutting down executorService: 'SstDumpToolExecutor'
2023-08-04 02:33:52,823 [Time-limited test] INFO  om.OzoneManager (OzoneManager.java:addS3GVolumeToDB(4287)) - Created Volume s3v With Owner om required for S3Gateway operations.
2023-08-04 02:33:52,823 [Time-limited test] WARN  server.ServerUtils (ServerUtils.java:getDefaultRatisDirectory(323)) - Storage directory for Ratis is not configured. It is a good idea to map this to an SSD disk. Falling back to ozone.metadata.dirs
2023-08-04 02:33:52,823 [Time-limited test] WARN  utils.OzoneManagerRatisUtils (OzoneManagerRatisUtils.java:getOMRatisSnapshotDirectory(461)) - ozone.om.ratis.snapshot.dir is not configured. Falling back to ozone.metadata.dirs config
2023-08-04 02:33:52,823 [Time-limited test] WARN  server.ServerUtils (ServerUtils.java:getDefaultRatisDirectory(323)) - Storage directory for Ratis is not configured. It is a good idea to map this to an SSD disk. Falling back to ozone.metadata.dirs
2023-08-04 02:33:52,825 [Time-limited test] INFO  ratis.OzoneManagerRatisServer (OzoneManagerRatisServer.java:<init>(163)) - Instantiating OM Ratis server with groupID: omServiceIdDefault and peers: fv-az621-180:9872
2023-08-04 02:33:52,826 [Time-limited test] INFO  ratis.OzoneManagerStateMachine (OzoneManagerStateMachine.java:loadSnapshotInfoFromDB(687)) - LastAppliedIndex is set from TransactionInfo from OM DB as (t:0, i:~)
2023-08-04 02:33:52,827 [Time-limited test] INFO  server.RaftServer (ConfUtils.java:logGet(46)) - raft.rpc.type = GRPC (default)
2023-08-04 02:33:52,827 [Time-limited test] INFO  grpc.GrpcConfigKeys (ConfUtils.java:logFallback(53)) - raft.grpc.admin.host = null (fallback to raft.grpc.server.host)
2023-08-04 02:33:52,827 [Time-limited test] INFO  grpc.GrpcConfigKeys (ConfUtils.java:logFallback(53)) - raft.grpc.admin.port = 9872 (fallback to raft.grpc.server.port)
2023-08-04 02:33:52,827 [Time-limited test] INFO  grpc.GrpcConfigKeys (ConfUtils.java:logFallback(53)) - raft.grpc.client.host = null (fallback to raft.grpc.server.host)
2023-08-04 02:33:52,827 [Time-limited test] INFO  grpc.GrpcConfigKeys (ConfUtils.java:logFallback(53)) - raft.grpc.client.port = 9872 (fallback to raft.grpc.server.port)
2023-08-04 02:33:52,827 [Time-limited test] INFO  grpc.GrpcConfigKeys (ConfUtils.java:logGet(46)) - raft.grpc.server.host = null (default)
2023-08-04 02:33:52,827 [Time-limited test] INFO  grpc.GrpcConfigKeys (ConfUtils.java:logGet(46)) - raft.grpc.server.port = 9872 (custom)
2023-08-04 02:33:52,827 [Time-limited test] INFO  server.GrpcService (ConfUtils.java:logGet(46)) - raft.grpc.message.size.max = 33554432 (custom)
2023-08-04 02:33:52,827 [Time-limited test] INFO  server.RaftServerConfigKeys (ConfUtils.java:logGet(46)) - raft.server.log.appender.buffer.byte-limit = 33554432 (custom)
2023-08-04 02:33:52,827 [Time-limited test] INFO  server.GrpcService (ConfUtils.java:logGet(46)) - raft.grpc.flow.control.window = 1MB (=1048576) (default)
2023-08-04 02:33:52,828 [Time-limited test] INFO  server.RaftServerConfigKeys (ConfUtils.java:logGet(46)) - raft.server.rpc.request.timeout = 3000ms (default)
2023-08-04 02:33:52,828 [Time-limited test] INFO  grpc.GrpcConfigKeys (ConfUtils.java:logGet(46)) - raft.grpc.server.heartbeat.channel = true (default)
2023-08-04 02:33:52,828 [Time-limited test] INFO  grpc.GrpcConfigKeys (ConfUtils.java:logGet(46)) - raft.grpc.server.async.request.thread.pool.cached = true (default)
2023-08-04 02:33:52,828 [Time-limited test] INFO  grpc.GrpcConfigKeys (ConfUtils.java:logGet(46)) - raft.grpc.server.async.request.thread.pool.size = 32 (default)
2023-08-04 02:33:52,829 [Time-limited test] INFO  impl.DataStreamServerImpl (ConfUtils.java:logGet(46)) - raft.datastream.type = DISABLED (default)
2023-08-04 02:33:52,829 [Time-limited test] INFO  server.RaftServerConfigKeys (ConfUtils.java:logGet(46)) - raft.server.threadpool.proxy.cached = true (default)
2023-08-04 02:33:52,829 [Time-limited test] INFO  server.RaftServerConfigKeys (ConfUtils.java:logGet(46)) - raft.server.threadpool.proxy.size = 0 (default)
2023-08-04 02:33:52,829 [Time-limited test] INFO  server.RaftServerConfigKeys (ConfUtils.java:logGet(46)) - raft.server.rpc.slowness.timeout = 120s (custom)
2023-08-04 02:33:52,829 [Time-limited test] INFO  server.RaftServerConfigKeys (ConfUtils.java:logGet(46)) - raft.server.leaderelection.leader.step-down.wait-time = 10s (default)
2023-08-04 02:33:52,830 [Time-limited test] INFO  server.RaftServerConfigKeys (ConfUtils.java:logGet(46)) - raft.server.storage.dir = [/tmp/junit1596306150180415345/junit1439427006450815417/om-meta/ratis] (custom)
2023-08-04 02:33:52,830 [Time-limited test] INFO  server.RaftServer (RaftServerProxy.java:addNew(98)) - om1: addNew group-C5BA1605619E:[om1|rpc:fv-az621-180:9872|priority:0|startupRole:FOLLOWER] returns group-C5BA1605619E:java.util.concurrent.CompletableFuture@2a3ecab6[Not completed]
2023-08-04 02:33:52,8302023-08-04 02:33:52,830 [ [om1-groupManagement] INFO  Time-limited test] INFO server.RaftServer$Division ( om.OzoneManager (OzoneManager.java:initializeRatisServer(2128)) - OzoneManager Ratis server initialized at port 9872
RaftServerImpl.java:<init>(198)) - om1: new RaftServerImpl for group-C5BA1605619E:[om1|rpc:fv-az621-180:9872|priority:0|startupRole:FOLLOWER] with OzoneManagerStateMachine:uninitialized
2023-08-04 02:33:52,830 [Time-limited test] INFO  om.OzoneManager (OzoneManager.java:initializeRatisServer(2128)) - OzoneManager Ratis server initialized at port 9872
2023-08-04 02:33:52,830 [Time-limited test] INFO  om.OzoneManager (OzoneManager.java:getRpcServer(1193)) - Creating RPC Server
ConfUtils.java:logGet(46)) - raft.server.rpc.timeout.min = 5s (custom)
2023-08-04 02:33:52,830 [Time-limited test] INFO  om.OzoneManager (OzoneManager.java:getRpcServer(1193)) - Creating RPC Server
2023-08-04 02:33:52,830 [om1-groupManagement] INFO  server.RaftServerConfigKeys (ConfUtils.java:logGet(46)) - raft.server.rpc.timeout.max = 5200ms (custom)
2023-08-04 02:33:52,831 [om1-groupManagement] INFO  server.RaftServerConfigKeys (ConfUtils.java:logGet(46)) - raft.server.rpc.sleep.time = 25ms (default)
2023-08-04 02:33:52,831 [om1-groupManagement] INFO  server.RaftServerConfigKeys (ConfUtils.java:logGet(46)) - raft.server.rpc.slowness.timeout = 120s (custom)
2023-08-04 02:33:52,831 [om1-groupManagement] INFO  server.RaftServerConfigKeys (ConfUtils.java:logGet(46)) - raft.server.leaderelection.leader.step-down.wait-time = 10s (default)
2023-08-04 02:33:52,831 [om1-groupManagement] INFO  server.RaftServerConfigKeys (ConfUtils.java:logGet(46)) - raft.server.sleep.deviation.threshold = 300ms (default)
2023-08-04 02:33:52,831 [om1-groupManagement] INFO  server.RaftServer$Division (ServerState.java:<init>(120)) - om1@group-C5BA1605619E: ConfigurationManager, init=-1: peers:[om1|rpc:fv-az621-180:9872|priority:0|startupRole:FOLLOWER]|listeners:[], old=null, confs=<EMPTY_MAP>
2023-08-04 02:33:52,831 [om1-groupManagement] INFO  server.RaftServerConfigKeys (ConfUtils.java:logGet(46)) - raft.server.storage.dir = [/tmp/junit1596306150180415345/junit1439427006450815417/om-meta/ratis] (custom)
2023-08-04 02:33:52,831 [om1-groupManagement] INFO  server.RaftServerConfigKeys (ConfUtils.java:logGet(46)) - raft.server.log.corruption.policy = EXCEPTION (default)
2023-08-04 02:33:52,831 [om1-groupManagement] INFO  server.RaftServerConfigKeys (ConfUtils.java:logGet(46)) - raft.server.storage.free-space.min = 0MB (=0) (default)
2023-08-04 02:33:52,831 [om1-groupManagement] INFO  server.RaftServerConfigKeys (ConfUtils.java:logGet(46)) - raft.server.notification.no-leader.timeout = 120s (custom)
2023-08-04 02:33:52,831 [om1-groupManagement] INFO  server.RaftServerConfigKeys (ConfUtils.java:logGet(46)) - raft.server.read.timeout = 10s (default)
2023-08-04 02:33:52,831 [om1-groupManagement] INFO  server.RaftServerConfigKeys (ConfUtils.java:logGet(46)) - raft.server.retrycache.expirytime = 300s (custom)
2023-08-04 02:33:52,831 [om1-groupManagement] INFO  server.RaftServerConfigKeys (ConfUtils.java:logGet(46)) - raft.server.retrycache.statistics.expirytime = 100μs (default)
2023-08-04 02:33:52,832 [om1-groupManagement] INFO  server.RaftServerConfigKeys (ConfUtils.java:logGet(46)) - raft.server.read.option = DEFAULT (default)
2023-08-04 02:33:52,832 [om1-groupManagement] INFO  server.RaftServerConfigKeys (ConfUtils.java:logGet(46)) - raft.server.rpc.request.timeout = 3000ms (default)
2023-08-04 02:33:52,832 [om1-groupManagement] INFO  server.RaftServerConfigKeys (ConfUtils.java:logGet(46)) - raft.server.log.appender.install.snapshot.enabled = false (custom)
2023-08-04 02:33:52,832 [om1-groupManagement] INFO  server.RaftServerConfigKeys (ConfUtils.java:logGet(46)) - raft.server.threadpool.server.cached = true (default)
2023-08-04 02:33:52,832 [om1-groupManagement] INFO  server.RaftServerConfigKeys (ConfUtils.java:logGet(46)) - raft.server.threadpool.server.size = 0 (default)
2023-08-04 02:33:52,832 [om1-groupManagement] INFO  server.RaftServerConfigKeys (ConfUtils.java:logGet(46)) - raft.server.threadpool.client.cached = true (default)
2023-08-04 02:33:52,832 [om1-groupManagement] INFO  server.RaftServerConfigKeys (ConfUtils.java:logGet(46)) - raft.server.threadpool.client.size = 0 (default)
2023-08-04 02:33:53,175 [Time-limited test] INFO  reflections.Reflections (Reflections.java:scan(232)) - Reflections took 344 ms to scan 19 urls, producing 70 keys and 5598 values [using 2 cores]
2023-08-04 02:33:53,176 [Time-limited test] INFO  ipc.CallQueueManager (CallQueueManager.java:<init>(90)) - Using callQueue: class java.util.concurrent.LinkedBlockingQueue, queueCapacity: 10000, scheduler: class org.apache.hadoop.ipc.DefaultRpcScheduler, ipcBackoff: false.
2023-08-04 02:33:53,177 [Time-limited test] INFO  ipc.Server (Server.java:<init>(1287)) - Listener at fv-az621-180:1202
2023-08-04 02:33:53,177 [Socket Reader #1 for port 1202] INFO  ipc.Server (Server.java:run(1323)) - Starting Socket Reader #1 for port 1202
2023-08-04 02:33:53,778 [Time-limited test] INFO  utils.SelfSignedCertificate (SelfSignedCertificate.java:generateCertificate(157)) - Certificate 1 is issued by CN=rootCA@localhost,OU=scm1,O=cluster1 to CN=rootCA@localhost,OU=scm1,O=cluster1, valid from Fri Aug 04 02:33:53 UTC 2023 to Mon Sep 11 02:33:53 UTC 2028
2023-08-04 02:33:53,781 [Time-limited test] INFO  authority.DefaultApprover (DefaultApprover.java:sign(154)) - Extensions in CSR: 2.5.29.15
2023-08-04 02:33:53,781 [Time-limited test] INFO  authority.DefaultApprover (DefaultApprover.java:sign(158)) - Extensions to add to the certificate if they present in CSR: 2.5.29.17, 2.5.29.19, 1.3.6.1.5.5.7.1.12, 2.5.29.35, 2.5.29.37, 2.5.29.15
2023-08-04 02:33:53,783 [Time-limited test] INFO  ssl.ReloadingX509KeyManager (ReloadingX509KeyManager.java:loadKeyManager(222)) - Key manager is loaded with certificate chain
2023-08-04 02:33:53,783 [Time-limited test] INFO  ssl.ReloadingX509KeyManager (ReloadingX509KeyManager.java:loadKeyManager(224)) - [
[
  Version: V3
  Subject: O=cluster1, OU=scm1, CN=localhost
  Signature Algorithm: SHA256withRSA, OID = 1.2.840.113549.1.1.11

  Key:  Sun RSA public key, 2048 bits
  params: null
  modulus: 23326687484680378727182212028332917632375939865154681447243150449466508565096742397420051829777232785774577838485990697918866926790386170894121667963051215279995033019766892987582721077419003807705220934069141738625372111789636851660842911962721369753022676998740675855107467217480160828108822048767784201602395945174502894936923514503453160465272161529814255923781449034782230728037359701714704728588811891653910396226626907986376454673334596480990631508638818603179161883562824356871284768555559943490030195399811642467414399218266468175170816739793102659050841851946002246950123088418344071507730046948510943102759
  public exponent: 65537
  Validity: [From: Fri Aug 04 02:33:53 UTC 2023,
               To: Fri Aug 04 02:34:33 UTC 2023]
  Issuer: O=cluster1, OU=scm1, CN=rootCA@localhost
  SerialNumber: [    0158bf4b 2d81]

Certificate Extensions: 1
[1]: ObjectId: 2.5.29.15 Criticality=true
KeyUsage [
  DigitalSignature
  Key_Encipherment
  Data_Encipherment
  Key_Agreement
]

]
  Algorithm: [SHA256withRSA]
  Signature:
0000: 14 D3 D5 F6 CE FC C5 93   29 A7 1F EB 57 86 5F 65  ........)...W._e
0010: 90 D0 85 6D CE 13 F0 7F   D8 CB FE 9C 31 B1 A1 D4  ...m........1...
0020: CB 74 89 61 B9 A6 CE 98   F5 EE 1A A9 26 8A 0B 4A  .t.a........&..J
0030: 7B C2 67 7A F5 96 69 F9   E5 21 A6 B8 59 74 A5 AC  ..gz..i..!..Yt..
0040: ED C4 D9 67 FC 55 A8 AE   86 10 63 EB 69 92 CA 18  ...g.U....c.i...
0050: EC C7 28 1F EB 4C BD 9E   DC F8 DF 74 C5 2B B7 56  ..(..L.....t.+.V
0060: 4C 66 88 78 6F C1 99 B3   07 2C 87 01 D8 4F A2 B1  Lf.xo....,...O..
0070: A9 DC 0C 6F 7F 57 E9 4D   37 A6 96 54 EA B3 FD BE  ...o.W.M7..T....
0080: A9 C3 A6 8A 3E DA DC 08   4A 85 CA 68 96 9F DB 40  ....>...J..h...@
0090: 99 2B 2A 6C 64 64 B7 79   E8 6A 04 5B 8A 7C 26 7D  .+*ldd.y.j.[..&.
00A0: F4 A9 99 F5 5A D7 1A 47   C6 B7 15 F8 EE 6C E2 8C  ....Z..G.....l..
00B0: C3 76 BB 0E F4 58 FB 00   D8 40 BC A2 C8 14 06 84  .v...X...@......
00C0: 91 E7 01 5B F2 50 85 78   45 75 C3 AE DE FF 0D 6E  ...[.P.xEu.....n
00D0: 42 18 C5 7D 58 0E FB 25   51 4F 1B BB D7 5B 87 12  B...X..%QO...[..
00E0: 97 45 9B E4 BE B6 A0 58   10 E4 85 EF F4 8B 71 44  .E.....X......qD
00F0: 5F 6F 51 9C FA 84 52 23   27 7F 51 4A 88 B0 55 77  _oQ...R#'.QJ..Uw

]
2023-08-04 02:33:53,784 [Time-limited test] INFO  ssl.ReloadingX509KeyManager (ReloadingX509KeyManager.java:loadKeyManager(224)) - [
[
  Version: V3
  Subject: O=cluster1, OU=scm1, CN=rootCA@localhost
  Signature Algorithm: SHA256withRSA, OID = 1.2.840.113549.1.1.11

  Key:  Sun RSA public key, 2048 bits
  params: null
  modulus: 21709748800923477396374417106809950408164660397783871173125908354564525686585211598537419828497519753299070421673179076306823418924055249492341412134972111338874541575453234164823005907354720354032756932338598932310518049363331446022613382304725516411130792853889893860874533746141852821471882611259956916212341365695902579767002558238281244502958368561481623131311737951259547537506188130663576253641793353360157784160090774873790228201120938657429731495687198542239038466122982940819006680640151807769105858110753015421123841523640814204573687687435319449979879488171650936344160765069881550989525708638612694145957
  public exponent: 65537
  Validity: [From: Fri Aug 04 02:33:53 UTC 2023,
               To: Mon Sep 11 02:33:53 UTC 2028]
  Issuer: O=cluster1, OU=scm1, CN=rootCA@localhost
  SerialNumber: [    01]

Certificate Extensions: 2
[1]: ObjectId: 2.5.29.19 Criticality=true
BasicConstraints:[
  CA:true
  PathLen:2147483647
]

[2]: ObjectId: 2.5.29.15 Criticality=true
KeyUsage [
  Key_CertSign
  Crl_Sign
]

]
  Algorithm: [SHA256withRSA]
  Signature:
0000: 7F FA 8F F2 AB 28 89 EF   D0 A6 4D 6D 11 69 EF C8  .....(....Mm.i..
0010: DE A9 76 6C FD FD 2B EB   3E E0 D5 FC BC 76 37 A0  ..vl..+.>....v7.
0020: 36 EC 30 9B A6 34 93 19   31 99 35 E1 AB CB ED 76  6.0..4..1.5....v
0030: 33 CC C4 A2 2E A8 E3 8E   6F 5F F1 D4 31 1A 9C 4D  3.......o_..1..M
0040: 98 9A 4C 44 1E 9D AD 25   C4 D1 C9 1B B8 C3 7E EF  ..LD...%........
0050: 05 B4 1E 8D 24 7C 9B 16   9E A1 74 9C 8F 0B C5 04  ....$.....t.....
0060: 69 3D 8E 8D F3 D4 0F 8F   7C 5D 65 21 8E 42 82 3F  i=.......]e!.B.?
0070: EA B1 AF A6 88 C9 0C BB   FD D8 E1 51 8E B6 C7 AA  ...........Q....
0080: A1 9E 3A 6A 47 11 05 F2   81 EC 32 E6 B1 8E 9E A1  ..:jG.....2.....
0090: 6D D1 C6 AE 5E 86 E8 5A   F7 04 D1 63 76 B7 74 B7  m...^..Z...cv.t.
00A0: 46 E1 41 4E 64 EB A6 26   15 88 B4 DD 41 85 FD B5  F.ANd..&....A...
00B0: 29 59 01 76 98 4D 8F BE   F6 C0 50 61 D9 EB 84 63  )Y.v.M....Pa...c
00C0: 8A 47 F2 4B C3 15 1E 86   90 65 EA C1 7F E5 21 6A  .G.K.....e....!j
00D0: DB CD 55 E4 9C A6 83 EF   3E F4 25 48 BE 6E 37 4E  ..U.....>.%H.n7N
00E0: 18 47 B6 0E B6 1B 9E 20   F0 DB 22 7F C8 EC B1 27  .G..... .."....'
00F0: 41 FE CF 8A C8 E0 5B 40   08 E5 6C B0 E1 BF 16 09  A.....[@..l.....

]
2023-08-04 02:33:53,784 [Time-limited test] INFO  ssl.ReloadingX509TrustManager (ReloadingX509TrustManager.java:insertCertsToKeystore(188)) - Trust manager is loaded with certificates
2023-08-04 02:33:53,785 [Time-limited test] INFO  ssl.ReloadingX509TrustManager (ReloadingX509TrustManager.java:insertCertsToKeystore(192)) - [
[
  Version: V3
  Subject: O=cluster1, OU=scm1, CN=rootCA@localhost
  Signature Algorithm: SHA256withRSA, OID = 1.2.840.113549.1.1.11

  Key:  Sun RSA public key, 2048 bits
  params: null
  modulus: 21709748800923477396374417106809950408164660397783871173125908354564525686585211598537419828497519753299070421673179076306823418924055249492341412134972111338874541575453234164823005907354720354032756932338598932310518049363331446022613382304725516411130792853889893860874533746141852821471882611259956916212341365695902579767002558238281244502958368561481623131311737951259547537506188130663576253641793353360157784160090774873790228201120938657429731495687198542239038466122982940819006680640151807769105858110753015421123841523640814204573687687435319449979879488171650936344160765069881550989525708638612694145957
  public exponent: 65537
  Validity: [From: Fri Aug 04 02:33:53 UTC 2023,
               To: Mon Sep 11 02:33:53 UTC 2028]
  Issuer: O=cluster1, OU=scm1, CN=rootCA@localhost
  SerialNumber: [    01]

Certificate Extensions: 2
[1]: ObjectId: 2.5.29.19 Criticality=true
BasicConstraints:[
  CA:true
  PathLen:2147483647
]

[2]: ObjectId: 2.5.29.15 Criticality=true
KeyUsage [
  Key_CertSign
  Crl_Sign
]

]
  Algorithm: [SHA256withRSA]
  Signature:
0000: 7F FA 8F F2 AB 28 89 EF   D0 A6 4D 6D 11 69 EF C8  .....(....Mm.i..
0010: DE A9 76 6C FD FD 2B EB   3E E0 D5 FC BC 76 37 A0  ..vl..+.>....v7.
0020: 36 EC 30 9B A6 34 93 19   31 99 35 E1 AB CB ED 76  6.0..4..1.5....v
0030: 33 CC C4 A2 2E A8 E3 8E   6F 5F F1 D4 31 1A 9C 4D  3.......o_..1..M
0040: 98 9A 4C 44 1E 9D AD 25   C4 D1 C9 1B B8 C3 7E EF  ..LD...%........
0050: 05 B4 1E 8D 24 7C 9B 16   9E A1 74 9C 8F 0B C5 04  ....$.....t.....
0060: 69 3D 8E 8D F3 D4 0F 8F   7C 5D 65 21 8E 42 82 3F  i=.......]e!.B.?
0070: EA B1 AF A6 88 C9 0C BB   FD D8 E1 51 8E B6 C7 AA  ...........Q....
0080: A1 9E 3A 6A 47 11 05 F2   81 EC 32 E6 B1 8E 9E A1  ..:jG.....2.....
0090: 6D D1 C6 AE 5E 86 E8 5A   F7 04 D1 63 76 B7 74 B7  m...^..Z...cv.t.
00A0: 46 E1 41 4E 64 EB A6 26   15 88 B4 DD 41 85 FD B5  F.ANd..&....A...
00B0: 29 59 01 76 98 4D 8F BE   F6 C0 50 61 D9 EB 84 63  )Y.v.M....Pa...c
00C0: 8A 47 F2 4B C3 15 1E 86   90 65 EA C1 7F E5 21 6A  .G.K.....e....!j
00D0: DB CD 55 E4 9C A6 83 EF   3E F4 25 48 BE 6E 37 4E  ..U.....>.%H.n7N
00E0: 18 47 B6 0E B6 1B 9E 20   F0 DB 22 7F C8 EC B1 27  .G..... .."....'
00F0: 41 FE CF 8A C8 E0 5B 40   08 E5 6C B0 E1 BF 16 09  A.....[@..l.....

]
2023-08-04 02:33:53,785 [Time-limited test] INFO  ssl.ReloadingX509KeyManager (ReloadingX509KeyManager.java:loadKeyManager(222)) - Key manager is loaded with certificate chain
2023-08-04 02:33:53,785 [Time-limited test] INFO  ssl.ReloadingX509KeyManager (ReloadingX509KeyManager.java:loadKeyManager(224)) - [
[
  Version: V3
  Subject: O=cluster1, OU=scm1, CN=localhost
  Signature Algorithm: SHA256withRSA, OID = 1.2.840.113549.1.1.11

  Key:  Sun RSA public key, 2048 bits
  params: null
  modulus: 23326687484680378727182212028332917632375939865154681447243150449466508565096742397420051829777232785774577838485990697918866926790386170894121667963051215279995033019766892987582721077419003807705220934069141738625372111789636851660842911962721369753022676998740675855107467217480160828108822048767784201602395945174502894936923514503453160465272161529814255923781449034782230728037359701714704728588811891653910396226626907986376454673334596480990631508638818603179161883562824356871284768555559943490030195399811642467414399218266468175170816739793102659050841851946002246950123088418344071507730046948510943102759
  public exponent: 65537
  Validity: [From: Fri Aug 04 02:33:53 UTC 2023,
               To: Fri Aug 04 02:34:33 UTC 2023]
  Issuer: O=cluster1, OU=scm1, CN=rootCA@localhost
  SerialNumber: [    0158bf4b 2d81]

Certificate Extensions: 1
[1]: ObjectId: 2.5.29.15 Criticality=true
KeyUsage [
  DigitalSignature
  Key_Encipherment
  Data_Encipherment
  Key_Agreement
]

]
  Algorithm: [SHA256withRSA]
  Signature:
0000: 14 D3 D5 F6 CE FC C5 93   29 A7 1F EB 57 86 5F 65  ........)...W._e
0010: 90 D0 85 6D CE 13 F0 7F   D8 CB FE 9C 31 B1 A1 D4  ...m........1...
0020: CB 74 89 61 B9 A6 CE 98   F5 EE 1A A9 26 8A 0B 4A  .t.a........&..J
0030: 7B C2 67 7A F5 96 69 F9   E5 21 A6 B8 59 74 A5 AC  ..gz..i..!..Yt..
0040: ED C4 D9 67 FC 55 A8 AE   86 10 63 EB 69 92 CA 18  ...g.U....c.i...
0050: EC C7 28 1F EB 4C BD 9E   DC F8 DF 74 C5 2B B7 56  ..(..L.....t.+.V
0060: 4C 66 88 78 6F C1 99 B3   07 2C 87 01 D8 4F A2 B1  Lf.xo....,...O..
0070: A9 DC 0C 6F 7F 57 E9 4D   37 A6 96 54 EA B3 FD BE  ...o.W.M7..T....
0080: A9 C3 A6 8A 3E DA DC 08   4A 85 CA 68 96 9F DB 40  ....>...J..h...@
0090: 99 2B 2A 6C 64 64 B7 79   E8 6A 04 5B 8A 7C 26 7D  .+*ldd.y.j.[..&.
00A0: F4 A9 99 F5 5A D7 1A 47   C6 B7 15 F8 EE 6C E2 8C  ....Z..G.....l..
00B0: C3 76 BB 0E F4 58 FB 00   D8 40 BC A2 C8 14 06 84  .v...X...@......
00C0: 91 E7 01 5B F2 50 85 78   45 75 C3 AE DE FF 0D 6E  ...[.P.xEu.....n
00D0: 42 18 C5 7D 58 0E FB 25   51 4F 1B BB D7 5B 87 12  B...X..%QO...[..
00E0: 97 45 9B E4 BE B6 A0 58   10 E4 85 EF F4 8B 71 44  .E.....X......qD
00F0: 5F 6F 51 9C FA 84 52 23   27 7F 51 4A 88 B0 55 77  _oQ...R#'.QJ..Uw

]
2023-08-04 02:33:53,786 [Time-limited test] INFO  ssl.ReloadingX509KeyManager (ReloadingX509KeyManager.java:loadKeyManager(224)) - [
[
  Version: V3
  Subject: O=cluster1, OU=scm1, CN=rootCA@localhost
  Signature Algorithm: SHA256withRSA, OID = 1.2.840.113549.1.1.11

  Key:  Sun RSA public key, 2048 bits
  params: null
  modulus: 21709748800923477396374417106809950408164660397783871173125908354564525686585211598537419828497519753299070421673179076306823418924055249492341412134972111338874541575453234164823005907354720354032756932338598932310518049363331446022613382304725516411130792853889893860874533746141852821471882611259956916212341365695902579767002558238281244502958368561481623131311737951259547537506188130663576253641793353360157784160090774873790228201120938657429731495687198542239038466122982940819006680640151807769105858110753015421123841523640814204573687687435319449979879488171650936344160765069881550989525708638612694145957
  public exponent: 65537
  Validity: [From: Fri Aug 04 02:33:53 UTC 2023,
               To: Mon Sep 11 02:33:53 UTC 2028]
  Issuer: O=cluster1, OU=scm1, CN=rootCA@localhost
  SerialNumber: [    01]

Certificate Extensions: 2
[1]: ObjectId: 2.5.29.19 Criticality=true
BasicConstraints:[
  CA:true
  PathLen:2147483647
]

[2]: ObjectId: 2.5.29.15 Criticality=true
KeyUsage [
  Key_CertSign
  Crl_Sign
]

]
  Algorithm: [SHA256withRSA]
  Signature:
0000: 7F FA 8F F2 AB 28 89 EF   D0 A6 4D 6D 11 69 EF C8  .....(....Mm.i..
0010: DE A9 76 6C FD FD 2B EB   3E E0 D5 FC BC 76 37 A0  ..vl..+.>....v7.
0020: 36 EC 30 9B A6 34 93 19   31 99 35 E1 AB CB ED 76  6.0..4..1.5....v
0030: 33 CC C4 A2 2E A8 E3 8E   6F 5F F1 D4 31 1A 9C 4D  3.......o_..1..M
0040: 98 9A 4C 44 1E 9D AD 25   C4 D1 C9 1B B8 C3 7E EF  ..LD...%........
0050: 05 B4 1E 8D 24 7C 9B 16   9E A1 74 9C 8F 0B C5 04  ....$.....t.....
0060: 69 3D 8E 8D F3 D4 0F 8F   7C 5D 65 21 8E 42 82 3F  i=.......]e!.B.?
0070: EA B1 AF A6 88 C9 0C BB   FD D8 E1 51 8E B6 C7 AA  ...........Q....
0080: A1 9E 3A 6A 47 11 05 F2   81 EC 32 E6 B1 8E 9E A1  ..:jG.....2.....
0090: 6D D1 C6 AE 5E 86 E8 5A   F7 04 D1 63 76 B7 74 B7  m...^..Z...cv.t.
00A0: 46 E1 41 4E 64 EB A6 26   15 88 B4 DD 41 85 FD B5  F.ANd..&....A...
00B0: 29 59 01 76 98 4D 8F BE   F6 C0 50 61 D9 EB 84 63  )Y.v.M....Pa...c
00C0: 8A 47 F2 4B C3 15 1E 86   90 65 EA C1 7F E5 21 6A  .G.K.....e....!j
00D0: DB CD 55 E4 9C A6 83 EF   3E F4 25 48 BE 6E 37 4E  ..U.....>.%H.n7N
00E0: 18 47 B6 0E B6 1B 9E 20   F0 DB 22 7F C8 EC B1 27  .G..... .."....'
00F0: 41 FE CF 8A C8 E0 5B 40   08 E5 6C B0 E1 BF 16 09  A.....[@..l.....

]
2023-08-04 02:33:53,786 [Time-limited test] INFO  ssl.ReloadingX509TrustManager (ReloadingX509TrustManager.java:insertCertsToKeystore(188)) - Trust manager is loaded with certificates
2023-08-04 02:33:53,787 [Time-limited test] INFO  ssl.ReloadingX509TrustManager (ReloadingX509TrustManager.java:insertCertsToKeystore(192)) - [
[
  Version: V3
  Subject: O=cluster1, OU=scm1, CN=rootCA@localhost
  Signature Algorithm: SHA256withRSA, OID = 1.2.840.113549.1.1.11

  Key:  Sun RSA public key, 2048 bits
  params: null
  modulus: 21709748800923477396374417106809950408164660397783871173125908354564525686585211598537419828497519753299070421673179076306823418924055249492341412134972111338874541575453234164823005907354720354032756932338598932310518049363331446022613382304725516411130792853889893860874533746141852821471882611259956916212341365695902579767002558238281244502958368561481623131311737951259547537506188130663576253641793353360157784160090774873790228201120938657429731495687198542239038466122982940819006680640151807769105858110753015421123841523640814204573687687435319449979879488171650936344160765069881550989525708638612694145957
  public exponent: 65537
  Validity: [From: Fri Aug 04 02:33:53 UTC 2023,
               To: Mon Sep 11 02:33:53 UTC 2028]
  Issuer: O=cluster1, OU=scm1, CN=rootCA@localhost
  SerialNumber: [    01]

Certificate Extensions: 2
[1]: ObjectId: 2.5.29.19 Criticality=true
BasicConstraints:[
  CA:true
  PathLen:2147483647
]

[2]: ObjectId: 2.5.29.15 Criticality=true
KeyUsage [
  Key_CertSign
  Crl_Sign
]

]
  Algorithm: [SHA256withRSA]
  Signature:
0000: 7F FA 8F F2 AB 28 89 EF   D0 A6 4D 6D 11 69 EF C8  .....(....Mm.i..
0010: DE A9 76 6C FD FD 2B EB   3E E0 D5 FC BC 76 37 A0  ..vl..+.>....v7.
0020: 36 EC 30 9B A6 34 93 19   31 99 35 E1 AB CB ED 76  6.0..4..1.5....v
0030: 33 CC C4 A2 2E A8 E3 8E   6F 5F F1 D4 31 1A 9C 4D  3.......o_..1..M
0040: 98 9A 4C 44 1E 9D AD 25   C4 D1 C9 1B B8 C3 7E EF  ..LD...%........
0050: 05 B4 1E 8D 24 7C 9B 16   9E A1 74 9C 8F 0B C5 04  ....$.....t.....
0060: 69 3D 8E 8D F3 D4 0F 8F   7C 5D 65 21 8E 42 82 3F  i=.......]e!.B.?
0070: EA B1 AF A6 88 C9 0C BB   FD D8 E1 51 8E B6 C7 AA  ...........Q....
0080: A1 9E 3A 6A 47 11 05 F2   81 EC 32 E6 B1 8E 9E A1  ..:jG.....2.....
0090: 6D D1 C6 AE 5E 86 E8 5A   F7 04 D1 63 76 B7 74 B7  m...^..Z...cv.t.
00A0: 46 E1 41 4E 64 EB A6 26   15 88 B4 DD 41 85 FD B5  F.ANd..&....A...
00B0: 29 59 01 76 98 4D 8F BE   F6 C0 50 61 D9 EB 84 63  )Y.v.M....Pa...c
00C0: 8A 47 F2 4B C3 15 1E 86   90 65 EA C1 7F E5 21 6A  .G.K.....e....!j
00D0: DB CD 55 E4 9C A6 83 EF   3E F4 25 48 BE 6E 37 4E  ..U.....>.%H.n7N
00E0: 18 47 B6 0E B6 1B 9E 20   F0 DB 22 7F C8 EC B1 27  .G..... .."....'
00F0: 41 FE CF 8A C8 E0 5B 40   08 E5 6C B0 E1 BF 16 09  A.....[@..l.....

]
2023-08-04 02:33:53,793 [Time-limited test] INFO  impl.MetricsSystemImpl (MetricsSystemImpl.java:init(158)) - OzoneManager metrics system started (again)
2023-08-04 02:33:53,805 [Time-limited test] INFO  om.OzoneManager (OzoneManager.java:start(1613)) - OzoneManager RPC server is listening at fv-az621-180/10.1.0.9:1202
2023-08-04 02:33:53,805 [Time-limited test] INFO  ratis.OzoneManagerRatisServer (OzoneManagerRatisServer.java:start(558)) - Starting OzoneManagerRatisServer om1 at port 9872
2023-08-04 02:33:53,805 [om1-impl-thread1] INFO  storage.RaftStorageDirectory (RaftStorageDirectoryImpl.java:analyzeStorage(137)) - The storage directory /tmp/junit1596306150180415345/junit1439427006450815417/om-meta/ratis/bf265839-605b-3f16-9796-c5ba1605619e does not exist. Creating ...
2023-08-04 02:33:53,807 [om1-impl-thread1] INFO  storage.RaftStorageDirectory (RaftStorageDirectoryImpl.java:tryLock(231)) - Lock on /tmp/junit1596306150180415345/junit1439427006450815417/om-meta/ratis/bf265839-605b-3f16-9796-c5ba1605619e/in_use.lock acquired by nodename 9436@fv-az621-180
2023-08-04 02:33:53,808 [om1-impl-thread1] INFO  storage.RaftStorage (RaftStorageImpl.java:format(96)) - Storage directory /tmp/junit1596306150180415345/junit1439427006450815417/om-meta/ratis/bf265839-605b-3f16-9796-c5ba1605619e has been successfully formatted.
2023-08-04 02:33:53,808 [om1-impl-thread1] INFO  server.RaftServerConfigKeys (ConfUtils.java:logGet(46)) - raft.server.log.use.memory = false (default)
2023-08-04 02:33:53,809 [om1-impl-thread1] INFO  server.RaftServerConfigKeys (ConfUtils.java:logGet(46)) - raft.server.log.purge.gap = 1000000 (custom)
2023-08-04 02:33:53,809 [om1-impl-thread1] INFO  server.RaftServerConfigKeys (ConfUtils.java:logGet(46)) - raft.server.log.appender.buffer.byte-limit = 33554432 (custom)
2023-08-04 02:33:53,809 [om1-impl-thread1] INFO  server.RaftServerConfigKeys (ConfUtils.java:logGet(46)) - raft.server.log.statemachine.data.read.timeout = 1000ms (default)
2023-08-04 02:33:53,809 [om1-impl-thread1] INFO  server.RaftServerConfigKeys (ConfUtils.java:logGet(46)) - raft.server.log.purge.preservation.log.num = 0 (default)
2023-08-04 02:33:53,809 [om1-impl-thread1] INFO  server.RaftServerConfigKeys (ConfUtils.java:logGet(46)) - raft.server.log.segment.size.max = 4194304 (custom)
2023-08-04 02:33:53,809 [om1-impl-thread1] INFO  server.RaftServerConfigKeys (ConfUtils.java:logGet(46)) - raft.server.log.segment.cache.num.max = 2 (custom)
2023-08-04 02:33:53,809 [om1-impl-thread1] INFO  server.RaftServerConfigKeys (ConfUtils.java:logGet(46)) - raft.server.log.segment.cache.size.max = 200MB (=209715200) (default)
2023-08-04 02:33:53,809 [om1-impl-thread1] INFO  server.RaftServerConfigKeys (ConfUtils.java:logGet(46)) - raft.server.log.appender.buffer.byte-limit = 33554432 (custom)
2023-08-04 02:33:53,809 [om1-impl-thread1] INFO  segmented.SegmentedRaftLogWorker (SegmentedRaftLogWorker.java:<init>(188)) - new om1@group-C5BA1605619E-SegmentedRaftLogWorker for RaftStorageImpl:Storage Directory /tmp/junit1596306150180415345/junit1439427006450815417/om-meta/ratis/bf265839-605b-3f16-9796-c5ba1605619e
2023-08-04 02:33:53,809 [om1-impl-thread1] INFO  server.RaftServerConfigKeys (ConfUtils.java:logGet(46)) - raft.server.log.queue.byte-limit = 64MB (=67108864) (default)
2023-08-04 02:33:53,810 [om1-impl-thread1] INFO  server.RaftServerConfigKeys (ConfUtils.java:logGet(46)) - raft.server.log.queue.element-limit = 4096 (default)
2023-08-04 02:33:53,810 [om1-impl-thread1] INFO  server.RaftServerConfigKeys (ConfUtils.java:logGet(46)) - raft.server.log.segment.size.max = 4194304 (custom)
2023-08-04 02:33:53,810 [om1-impl-thread1] INFO  server.RaftServerConfigKeys (ConfUtils.java:logGet(46)) - raft.server.log.preallocated.size = 4194304 (custom)
2023-08-04 02:33:53,810 [om1-impl-thread1] INFO  server.RaftServerConfigKeys (ConfUtils.java:logGet(46)) - raft.server.log.force.sync.num = 128 (default)
2023-08-04 02:33:53,810 [om1-impl-thread1] INFO  server.RaftServerConfigKeys (ConfUtils.java:logGet(46)) - raft.server.log.statemachine.data.sync = true (default)
2023-08-04 02:33:53,810 [om1-impl-thread1] INFO  server.RaftServerConfigKeys (ConfUtils.java:logGet(46)) - raft.server.log.statemachine.data.sync.timeout = 10s (default)
2023-08-04 02:33:53,810 [om1-impl-thread1] INFO  server.RaftServerConfigKeys (ConfUtils.java:logGet(46)) - raft.server.log.statemachine.data.sync.timeout.retry = -1 (default)
2023-08-04 02:33:53,810 [om1-impl-thread1] INFO  server.RaftServerConfigKeys (ConfUtils.java:logGet(46)) - raft.server.log.write.buffer.size = 64KB (=65536) (default)
2023-08-04 02:33:53,810 [om1-impl-thread1] INFO  server.RaftServerConfigKeys (ConfUtils.java:logGet(46)) - raft.server.log.appender.buffer.byte-limit = 33554432 (custom)
2023-08-04 02:33:53,815 [om1-impl-thread1] INFO  server.RaftServerConfigKeys (ConfUtils.java:logGet(46)) - raft.server.log.unsafe-flush.enabled = false (default)
2023-08-04 02:33:53,815 [om1-impl-thread1] INFO  server.RaftServerConfigKeys (ConfUtils.java:logGet(46)) - raft.server.log.async-flush.enabled = false (default)
2023-08-04 02:33:53,815 [om1-impl-thread1] INFO  server.RaftServerConfigKeys (ConfUtils.java:logGet(46)) - raft.server.log.statemachine.data.caching.enabled = false (default)
2023-08-04 02:33:53,818 [om1-impl-thread1] INFO  segmented.SegmentedRaftLogWorker (SegmentedRaftLogWorker.java:lambda$new$0(135)) - om1@group-C5BA1605619E-SegmentedRaftLogWorker: flushIndex: setUnconditionally 0 -> -1
2023-08-04 02:33:53,818 [om1-impl-thread1] INFO  segmented.SegmentedRaftLogWorker (SegmentedRaftLogWorker.java:lambda$new$0(135)) - om1@group-C5BA1605619E-SegmentedRaftLogWorker: safeCacheEvictIndex: setUnconditionally 0 -> -1
2023-08-04 02:33:53,821 [om1-impl-thread1] INFO  server.RaftServer$Division (RaftServerImpl.java:start(342)) - om1@group-C5BA1605619E: start as a follower, conf=-1: peers:[om1|rpc:fv-az621-180:9872|priority:0|startupRole:FOLLOWER]|listeners:[], old=null
2023-08-04 02:33:53,821 [om1-impl-thread1] INFO  server.RaftServer$Division (RaftServerImpl.java:setRole(329)) - om1@group-C5BA1605619E: changes role from      null to FOLLOWER at term 0 for startAsFollower
2023-08-04 02:33:53,822 [om1-impl-thread1] INFO  impl.RoleInfo (RoleInfo.java:updateAndGet(139)) - om1: start om1@group-C5BA1605619E-FollowerState
2023-08-04 02:33:53,822 [om1@group-C5BA1605619E-FollowerState] INFO  server.RaftServerConfigKeys (ConfUtils.java:logFallback(53)) - raft.server.rpc.first-election.timeout.min = 5s (fallback to raft.server.rpc.timeout.min)
2023-08-04 02:33:53,822 [om1@group-C5BA1605619E-FollowerState] INFO  server.RaftServerConfigKeys (ConfUtils.java:logFallback(53)) - raft.server.rpc.first-election.timeout.max = 5200ms (fallback to raft.server.rpc.timeout.max)
2023-08-04 02:33:53,823 [om1-impl-thread1] INFO  util.JmxRegister (JmxRegister.java:tryRegister(44)) - Successfully registered JMX Bean with object name Ratis:service=RaftServer,group=group-C5BA1605619E,id=om1
2023-08-04 02:33:53,823 [om1-impl-thread1] INFO  server.RaftServerConfigKeys (ConfUtils.java:logGet(46)) - raft.server.snapshot.auto.trigger.enabled = true (custom)
2023-08-04 02:33:53,824 [om1-impl-thread1] INFO  server.RaftServerConfigKeys (ConfUtils.java:logGet(46)) - raft.server.snapshot.auto.trigger.threshold = 400000 (default)
2023-08-04 02:33:53,824 [om1-impl-thread1] INFO  server.RaftServerConfigKeys (ConfUtils.java:logGet(46)) - raft.server.snapshot.retention.file.num = -1 (default)
2023-08-04 02:33:53,824 [om1-impl-thread1] INFO  server.RaftServerConfigKeys (ConfUtils.java:logGet(46)) - raft.server.log.purge.upto.snapshot.index = true (custom)
2023-08-04 02:33:53,824 [Time-limited test] INFO  server.RaftServer (RaftServerProxy.java:startImpl(400)) - om1: start RPC server
2023-08-04 02:33:53,826 [Time-limited test] INFO  server.GrpcService (GrpcService.java:startImpl(302)) - om1: GrpcService started, listening on 9872
2023-08-04 02:33:53,827 [Time-limited test] INFO  om.OzoneManager (OzoneManager.java:startSecretManager(1103)) - Starting OM delegation token secret manager
JvmPauseMonitor.java:run(103)) - JvmPauseMonitor-om1: Started
2023-08-04 02:33:53,827 [Time-limited test] INFO  om.OzoneManager (OzoneManager.java:startSecretManager(1103)) - Starting OM delegation token secret manager
2023-08-04 02:33:53,827 [Time-limited test] INFO  security.OzoneDelegationTokenSecretManager (OzoneSecretManager.java:updateCurrentKey(175)) - Updating current master key for generating tokens. Cert id 1480678124929
2023-08-04 02:33:53,827 [Thread[Thread-1463,5,FailOnTimeoutGroup]] INFO  security.OzoneDelegationTokenSecretManager (OzoneDelegationTokenSecretManager.java:run(636)) - Starting expired delegation token remover thread, tokenRemoverScanInterval=60 min(s)
2023-08-04 02:33:53,828 [Time-limited test] INFO  om.OzoneManager (OzoneManager.java:start(1629)) - Version File has different layout version (6) than OM DB (null). That is expected if this OM has never been finalized to a newer layout version.
2023-08-04 02:33:53,835 [Time-limited test] INFO  http.BaseHttpServer (BaseHttpServer.java:newHttpServer2BuilderForOzone(224)) - Starting Web-server for ozoneManager at: http://0.0.0.0:9874
2023-08-04 02:33:53,835 [Time-limited test] INFO  http.BaseHttpServer (BaseHttpServer.java:<init>(111)) - Hadoop Security Enabled: true Ozone Security Enabled: true Ozone HTTP Security Enabled: false 
2023-08-04 02:33:53,836 [Time-limited test] WARN  server.AuthenticationFilter (AuthenticationFilter.java:constructSecretProvider(240)) - Unable to initialize FileSignerSecretProvider, falling back to use random secrets. Reason: Could not read signature secret file: /home/runner/hadoop-http-auth-signature-secret
2023-08-04 02:33:53,837 [Time-limited test] INFO  http.HttpRequestLog (HttpRequestLog.java:getRequestLog(86)) - Http request log for http.requests.ozoneManager is not defined
2023-08-04 02:33:53,838 [Time-limited test] INFO  http.HttpServer2 (HttpServer2.java:addGlobalFilter(1031)) - Added global filter 'safety' (class=org.apache.hadoop.hdds.server.http.HttpServer2$QuotingInputFilter)
2023-08-04 02:33:53,839 [Time-limited test] INFO  http.HttpServer2 (HttpServer2.java:addFilter(1007)) - Added filter static_user_filter (class=org.apache.hadoop.http.lib.StaticUserWebFilter$StaticUserFilter) to context ozoneManager
2023-08-04 02:33:53,839 [Time-limited test] INFO  http.HttpServer2 (HttpServer2.java:addFilter(1015)) - Added filter static_user_filter (class=org.apache.hadoop.http.lib.StaticUserWebFilter$StaticUserFilter) to context static
2023-08-04 02:33:53,839 [Time-limited test] INFO  http.HttpServer2 (HttpServer2.java:addFilter(1015)) - Added filter static_user_filter (class=org.apache.hadoop.http.lib.StaticUserWebFilter$StaticUserFilter) to context logs
2023-08-04 02:33:53,840 [Time-limited test] INFO  http.BaseHttpServer (BaseHttpServer.java:<init>(190)) - HTTP server of ozoneManager uses base directory /tmp/junit1596306150180415345/junit1439427006450815417/om-meta/webserver
2023-08-04 02:33:53,840 [Time-limited test] INFO  http.HttpServer2 (HttpServer2.java:bindListener(1250)) - Jetty bound to port 9874
2023-08-04 02:33:53,840 [Time-limited test] INFO  server.Server (Server.java:doStart(375)) - jetty-9.4.51.v20230217; built: 2023-02-17T08:19:37.309Z; git: b45c405e4544384de066f814ed42ae3dceacdd49; jvm 1.8.0_372-b07
2023-08-04 02:33:53,843 [Time-limited test] INFO  server.session (DefaultSessionIdManager.java:doStart(334)) - DefaultSessionIdManager workerName=node0
2023-08-04 02:33:53,843 [Time-limited test] INFO  server.session (DefaultSessionIdManager.java:doStart(339)) - No SessionScavenger set, using defaults
2023-08-04 02:33:53,843 [Time-limited test] INFO  server.session (HouseKeeper.java:startScavenging(132)) - node0 Scavenging every 600000ms
2023-08-04 02:33:53,844 [Time-limited test] INFO  handler.ContextHandler (ContextHandler.java:doStart(921)) - Started o.e.j.s.ServletContextHandler@44d44e8a{logs,/logs,file:///home/runner/work/ozone/ozone/hadoop-ozone/integration-test/target/log,AVAILABLE}
2023-08-04 02:33:53,844 [Time-limited test] INFO  handler.ContextHandler (ContextHandler.java:doStart(921)) - Started o.e.j.s.ServletContextHandler@1ae00f82{static,/static,file:///home/runner/work/ozone/ozone/hadoop-ozone/integration-test/target/test-classes/webapps/static,AVAILABLE}
2023-08-04 02:33:53,847 [Time-limited test] INFO  handler.ContextHandler (ContextHandler.java:doStart(921)) - Started o.e.j.w.WebAppContext@711377b{ozoneManager,/,file:///home/runner/work/ozone/ozone/hadoop-ozone/integration-test/target/test-classes/webapps/ozoneManager/,AVAILABLE}{file:/home/runner/work/ozone/ozone/hadoop-ozone/integration-test/target/test-classes/webapps/ozoneManager}
2023-08-04 02:33:53,849 [Time-limited test] INFO  server.AbstractConnector (AbstractConnector.java:doStart(333)) - Started ServerConnector@76c57026{HTTP/1.1, (http/1.1)}{0.0.0.0:9874}
2023-08-04 02:33:53,849 [Time-limited test] INFO  server.Server (Server.java:doStart(415)) - Started @75027ms
2023-08-04 02:33:53,849 [Time-limited test] WARN  impl.MetricsSystemImpl (MetricsSystemImpl.java:register(279)) - Sink prometheus already exists!
2023-08-04 02:33:53,850 [Time-limited test] INFO  http.BaseHttpServer (BaseHttpServer.java:updateConnectorAddress(344)) - HTTP server of ozoneManager listening at http://0.0.0.0:9874
2023-08-04 02:33:53,850 [IPC Server Responder] INFO  ipc.Server (Server.java:run(1562)) - IPC Server Responder: starting
2023-08-04 02:33:53,857 [Time-limited test] INFO  om.OzoneManager (OzoneManager.java:startTrashEmptier(2081)) - Trash Interval set to 0. Files deleted won't move to trash
2023-08-04 02:33:53,857 [IPC Server listener on 1202] INFO  ipc.Server (Server.java:run(1402)) - IPC Server listener on 1202: starting
2023-08-04 02:33:58,874 [om1@group-C5BA1605619E-FollowerState] INFO  impl.FollowerState (FollowerState.java:run(143)) - om1@group-C5BA1605619E-FollowerState: change to CANDIDATE, lastRpcElapsedTime:5053280337ns, electionTimeout:5052ms
2023-08-04 02:33:58,875 [om1@group-C5BA1605619E-FollowerState] INFO  impl.RoleInfo (RoleInfo.java:shutdownFollowerState(110)) - om1: shutdown om1@group-C5BA1605619E-FollowerState
2023-08-04 02:33:58,875 [om1@group-C5BA1605619E-FollowerState] INFO  server.RaftServer$Division (RaftServerImpl.java:setRole(329)) - om1@group-C5BA1605619E: changes role from  FOLLOWER to CANDIDATE at term 0 for changeToCandidate
2023-08-04 02:33:58,875 [om1@group-C5BA1605619E-FollowerState] INFO  server.RaftServerConfigKeys (ConfUtils.java:logGet(46)) - raft.server.leaderelection.pre-vote = true (default)
2023-08-04 02:33:58,875 [om1@group-C5BA1605619E-FollowerState] INFO  impl.RoleInfo (RoleInfo.java:updateAndGet(139)) - om1: start om1@group-C5BA1605619E-LeaderElection3
2023-08-04 02:33:58,877 [om1@group-C5BA1605619E-LeaderElection3] INFO  impl.LeaderElection (LeaderElection.java:askForVotes(321)) - om1@group-C5BA1605619E-LeaderElection3 PRE_VOTE round 0: submit vote requests at term 0 for -1: peers:[om1|rpc:fv-az621-180:9872|priority:0|startupRole:FOLLOWER]|listeners:[], old=null
2023-08-04 02:33:58,877 [om1@group-C5BA1605619E-LeaderElection3] INFO  impl.LeaderElection (LeaderElection.java:askForVotes(323)) - om1@group-C5BA1605619E-LeaderElection3 PRE_VOTE round 0: result PASSED (term=0)
2023-08-04 02:33:58,878 [om1@group-C5BA1605619E-LeaderElection3] INFO  impl.LeaderElection (LeaderElection.java:askForVotes(321)) - om1@group-C5BA1605619E-LeaderElection3 ELECTION round 0: submit vote requests at term 1 for -1: peers:[om1|rpc:fv-az621-180:9872|priority:0|startupRole:FOLLOWER]|listeners:[], old=null
2023-08-04 02:33:58,879 [om1@group-C5BA1605619E-LeaderElection3] INFO  impl.LeaderElection (LeaderElection.java:askForVotes(323)) - om1@group-C5BA1605619E-LeaderElection3 ELECTION round 0: result PASSED (term=1)
2023-08-04 02:33:58,879 [om1@group-C5BA1605619E-LeaderElection3] INFO  impl.RoleInfo (RoleInfo.java:shutdownLeaderElection(130)) - om1: shutdown om1@group-C5BA1605619E-LeaderElection3
2023-08-04 02:33:58,879 [om1@group-C5BA1605619E-LeaderElection3] INFO  server.RaftServer$Division (RaftServerImpl.java:setRole(329)) - om1@group-C5BA1605619E: changes role from CANDIDATE to LEADER at term 1 for changeToLeader
2023-08-04 02:33:58,879 [om1@group-C5BA1605619E-LeaderElection3] INFO  server.RaftServer$Division (ServerState.java:setLeader(317)) - om1@group-C5BA1605619E: change Leader from null to om1 at term 1 for becomeLeader, leader elected after 6047ms
2023-08-04 02:33:58,879 [om1@group-C5BA1605619E-LeaderElection3] INFO  server.RaftServerConfigKeys (ConfUtils.java:logGet(46)) - raft.server.staging.catchup.gap = 1000 (default)
2023-08-04 02:33:58,879 [om1@group-C5BA1605619E-LeaderElection3] INFO  server.RaftServerConfigKeys (ConfUtils.java:logGet(46)) - raft.server.write.element-limit = 4096 (default)
2023-08-04 02:33:58,879 [om1@group-C5BA1605619E-LeaderElection3] INFO  server.RaftServerConfigKeys (ConfUtils.java:logGet(46)) - raft.server.write.byte-limit = 64MB (=67108864) (default)
2023-08-04 02:33:58,879 [om1@group-C5BA1605619E-LeaderElection3] INFO  server.RaftServerConfigKeys (ConfUtils.java:logGet(46)) - raft.server.watch.timeout = 10s (default)
2023-08-04 02:33:58,880 [om1@group-C5BA1605619E-LeaderElection3] INFO  server.RaftServerConfigKeys (ConfUtils.java:logGet(46)) - raft.server.watch.timeout.denomination = 1s (default)
2023-08-04 02:33:58,880 [om1@group-C5BA1605619E-LeaderElection3] INFO  server.RaftServerConfigKeys (ConfUtils.java:logGet(46)) - raft.server.watch.element-limit = 65536 (default)
2023-08-04 02:33:58,880 [om1@group-C5BA1605619E-LeaderElection3] INFO  server.RaftServerConfigKeys (ConfUtils.java:logGet(46)) - raft.server.write.element-limit = 4096 (default)
2023-08-04 02:33:58,880 [om1@group-C5BA1605619E-LeaderElection3] INFO  server.RaftServerConfigKeys (ConfUtils.java:logGet(46)) - raft.server.write.follower.gap.ratio.max = -1.0 (default)
2023-08-04 02:33:58,880 [om1@group-C5BA1605619E-LeaderElection3] INFO  impl.RoleInfo (RoleInfo.java:updateAndGet(139)) - om1: start om1@group-C5BA1605619E-LeaderStateImpl
2023-08-04 02:33:58,880 [om1@group-C5BA1605619E-LeaderElection3] INFO  segmented.SegmentedRaftLogWorker (SegmentedRaftLogWorker.java:startLogSegment(447)) - om1@group-C5BA1605619E-SegmentedRaftLogWorker: Starting segment from index:0
2023-08-04 02:33:58,888 [om1@group-C5BA1605619E-LeaderElection3] INFO  server.RaftServer$Division (ServerState.java:setRaftConf(434)) - om1@group-C5BA1605619E: set configuration 0: peers:[om1|rpc:fv-az621-180:9872|admin:|client:|dataStream:|priority:0|startupRole:FOLLOWER]|listeners:[], old=null
2023-08-04 02:33:58,895 [om1@group-C5BA1605619E-SegmentedRaftLogWorker] INFO  segmented.SegmentedRaftLogWorker (SegmentedRaftLogWorker.java:execute(651)) - om1@group-C5BA1605619E-SegmentedRaftLogWorker: created new log segment /tmp/junit1596306150180415345/junit1439427006450815417/om-meta/ratis/bf265839-605b-3f16-9796-c5ba1605619e/current/log_inprogress_0
2023-08-04 02:33:58,897 [om1@group-C5BA1605619E-StateMachineUpdater] INFO  ratis.OzoneManagerStateMachine (OzoneManagerStateMachine.java:notifyConfigurationChanged(202)) - Received Configuration change notification from Ratis. New Peer list:
[id: "om1"
address: "fv-az621-180:9872"
startupRole: FOLLOWER
]
2023-08-04 02:33:58,983 [pool-387-thread-2] INFO  request.TgsRequest (TgsRequest.java:issueTicket(115)) - TGS_REQ ISSUE: authtime 1691116438983,om/fv-az621-180 for om/fv-az621-180@EXAMPLE.COM
2023-08-04 02:33:58,991 [Socket Reader #1 for port 1202] INFO  ipc.Server (Server.java:saslProcess(2139)) - Auth successful for om/fv-az621-180@EXAMPLE.COM (auth:KERBEROS) from fv-az621-180:33637 / 10.1.0.9:33637
2023-08-04 02:34:08,447 [CertificateRenewerService] INFO  utils.SelfSignedCertificate (SelfSignedCertificate.java:generateCertificate(157)) - Certificate 2 is issued by CN=rootCA-new@localhost,OU=scm1,O=cluster1 to CN=rootCA-new@localhost,OU=scm1,O=cluster1, valid from Fri Aug 04 02:34:08 UTC 2023 to Mon Sep 11 02:34:08 UTC 2028
2023-08-04 02:34:08,629 [CertificateRenewerService] INFO  authority.DefaultApprover (DefaultApprover.java:sign(154)) - Extensions in CSR: 2.5.29.15
2023-08-04 02:34:08,629 [CertificateRenewerService] INFO  authority.DefaultApprover (DefaultApprover.java:sign(158)) - Extensions to add to the certificate if they present in CSR: 2.5.29.17, 2.5.29.19, 1.3.6.1.5.5.7.1.12, 2.5.29.35, 2.5.29.37, 2.5.29.15
Fri Aug 04 02:34:08 UTC 2023 certificated is renewed
2023-08-04 02:34:08,632 [CertificateRenewerService] INFO  ssl.PemFileBasedKeyStoresFactory (PemFileBasedKeyStoresFactory.java:notifyCertificateRenewed(157)) - CertificateClientTestImpl notify certificate renewed
2023-08-04 02:34:08,633 [CertificateRenewerService] INFO  ssl.ReloadingX509KeyManager (ReloadingX509KeyManager.java:loadKeyManager(222)) - Key manager is loaded with certificate chain
2023-08-04 02:34:08,633 [CertificateRenewerService] INFO  ssl.ReloadingX509KeyManager (ReloadingX509KeyManager.java:loadKeyManager(224)) - [
[
  Version: V3
  Subject: O=cluster1, OU=scm1, CN=localhost
  Signature Algorithm: SHA256withRSA, OID = 1.2.840.113549.1.1.11

  Key:  Sun RSA public key, 2048 bits
  params: null
  modulus: 18494827429331146762758101992057720199518922676524418015516934509350299368557521708171506870322678860364125350358761779880721068153528485840079012961277450458349160471616539889129101670938139205949235591035132443277266571524347341365127570115053619716815061349889317158631100026043050966299952057758749384993708414692588255714422793801129671410301891793652523484452913400236394258849915384166116725432009283936212507598220046084085362625199399712872010186475057481511279455505250364040885867650629586617021657879171259842420589762924771004777465561904273808121883397562008549044740470395706738877185112292142483945863
  public exponent: 65537
  Validity: [From: Fri Aug 04 02:34:08 UTC 2023,
               To: Fri Aug 04 02:34:48 UTC 2023]
  Issuer: O=cluster1, OU=scm1, CN=rootCA-new@localhost
  SerialNumber: [    015c344d fbf1]

Certificate Extensions: 1
[1]: ObjectId: 2.5.29.15 Criticality=true
KeyUsage [
  DigitalSignature
  Key_Agreement
]

]
  Algorithm: [SHA256withRSA]
  Signature:
0000: 95 E1 26 6A 8E 9F 2E 62   F0 2A 5C D8 DF 6C 99 C5  ..&j...b.*\..l..
0010: A6 2F CE CA 92 0E 5E F5   8E CF C2 BF 78 EA D4 1B  ./....^.....x...
0020: 15 86 4A 9E CD D6 86 24   4E 2A 2E D7 01 F7 55 6D  ..J....$N*....Um
0030: 13 D5 AD 6B AF 6A FD 52   AF AE D1 70 85 F5 E0 29  ...k.j.R...p...)
0040: E9 F5 C5 B7 59 B4 5B E0   72 1C D1 E9 04 B6 CE 9F  ....Y.[.r.......
0050: 10 A7 31 63 FE 86 39 B9   9C AE B1 AE 94 C5 5D 56  ..1c..9.......]V
0060: 8F CF AC 1D 80 BD AB 60   0C 70 66 8B 7C D7 03 82  .......`.pf.....
0070: D5 9B 63 09 BD CD 39 48   D9 3A 77 A5 4B 15 B2 20  ..c...9H.:w.K.. 
0080: 6B D0 71 40 D3 AF F8 17   8C FA 6B 15 42 50 87 1C  k.q@......k.BP..
0090: 56 DA 38 44 F9 64 AB 3D   EA 8E F3 85 22 97 5C 6A  V.8D.d.=....".\j
00A0: 37 89 04 93 F2 B0 D4 C6   44 67 C6 DA 87 15 5D 0E  7.......Dg....].
00B0: 81 06 67 37 A3 5F 8D F6   C6 34 2C 2F 6F D8 57 4C  ..g7._...4,/o.WL
00C0: D8 73 F8 73 29 8E C8 4F   81 7D A9 14 94 76 29 49  .s.s)..O.....v)I
00D0: 6B 6E 20 5D AE 45 A6 56   0D 92 0C A6 BF 96 25 6C  kn ].E.V......%l
00E0: E8 4E 1F 47 BA D3 4C 78   A5 73 31 7A 9B D2 55 DA  .N.G..Lx.s1z..U.
00F0: 2B 2D B1 BB DF C5 A6 93   81 A8 9E 79 39 C0 4C 6F  +-.........y9.Lo

]
2023-08-04 02:34:08,633 [CertificateRenewerService] INFO  ssl.ReloadingX509KeyManager (ReloadingX509KeyManager.java:loadKeyManager(224)) - [
[
  Version: V3
  Subject: O=cluster1, OU=scm1, CN=rootCA-new@localhost
  Signature Algorithm: SHA256withRSA, OID = 1.2.840.113549.1.1.11

  Key:  Sun RSA public key, 2048 bits
  params: null
  modulus: 21747017683728850383633057293150876094294794749980010895938705051457835636251524551726042913997281186683385173993158865480380777644760077559350873054777049228136246970792741007290966698001187900488910950388327658758197060702827830391277110162304395046092114841648316135736399405295737794040231941412859511867941056671881675721792622057825649115629573116433269340822323648884322439654351334096394388316201641482124791960411603945486626730181368340676880997861539416697112086501576860293737110372806297135786549733951229992957248845171229142453460207419913620106588576924478378295886986978635717667310000382835423156311
  public exponent: 65537
  Validity: [From: Fri Aug 04 02:34:08 UTC 2023,
               To: Mon Sep 11 02:34:08 UTC 2028]
  Issuer: O=cluster1, OU=scm1, CN=rootCA-new@localhost
  SerialNumber: [    02]

Certificate Extensions: 2
[1]: ObjectId: 2.5.29.19 Criticality=true
BasicConstraints:[
  CA:true
  PathLen:2147483647
]

[2]: ObjectId: 2.5.29.15 Criticality=true
KeyUsage [
  Key_CertSign
  Crl_Sign
]

]
  Algorithm: [SHA256withRSA]
  Signature:
0000: 07 5E 04 0D 3C 48 19 AD   2B 9A 76 EA A3 DE 62 78  .^..<H..+.v...bx
0010: 08 15 0E D9 0B 13 06 E6   20 73 74 3D 3D A7 22 73  ........ st==."s
0020: E7 3C 6A 89 43 5A 35 7E   ED EB 6F E4 1B F1 52 4D  .<j.CZ5...o...RM
0030: BC 59 47 B7 2D 51 66 4D   39 F7 15 3B B6 9E D2 59  .YG.-QfM9..;...Y
0040: D8 A7 C7 F0 BE 91 C8 50   50 BE 53 CF CB 50 30 DE  .......PP.S..P0.
0050: 61 67 6D 1B 72 46 95 6F   1E 3E C2 51 52 63 B5 24  agm.rF.o.>.QRc.$
0060: 18 2A 40 E3 CE 1A 5D 60   F7 2C BA 92 C1 11 23 71  .*@...]`.,....#q
0070: A3 5E BD C5 4C 15 9E 07   C0 FF 72 36 B7 6F 3B C8  .^..L.....r6.o;.
0080: 26 50 DA 52 0B 27 84 77   B9 48 16 34 DB C5 BD 60  &P.R.'.w.H.4...`
0090: B7 00 C2 61 B3 6A 3A A2   62 CD DE F4 C8 49 F8 95  ...a.j:.b....I..
00A0: B5 F4 5C C5 0B 21 0A 0D   54 32 02 48 C5 9C 6D 2E  ..\..!..T2.H..m.
00B0: 75 A0 B4 96 26 97 5E B6   2E AC AB 20 F8 CC F0 35  u...&.^.... ...5
00C0: 0C AB 6F 9A 2B F1 0E C7   A2 D1 B2 57 75 47 5B 70  ..o.+......WuG[p
00D0: 25 D2 57 C4 51 E5 89 C0   60 D3 DD D7 59 5F B2 95  %.W.Q...`...Y_..
00E0: C4 20 19 BE B9 06 5D 6B   F2 9B 71 5C 1B 0F 88 74  . ....]k..q\...t
00F0: 02 45 98 F3 47 FB 24 AE   EA 86 17 24 EA E5 B4 D7  .E..G.$....$....

]
2023-08-04 02:34:08,634 [CertificateRenewerService] INFO  ssl.ReloadingX509KeyManager (ReloadingX509KeyManager.java:loadFrom(192)) - ReloadingX509KeyManager is reloaded
2023-08-04 02:34:08,634 [CertificateRenewerService] INFO  ssl.ReloadingX509TrustManager (ReloadingX509TrustManager.java:insertCertsToKeystore(188)) - Trust manager is loaded with certificates
2023-08-04 02:34:08,651 [CertificateRenewerService] INFO  ssl.ReloadingX509TrustManager (ReloadingX509TrustManager.java:insertCertsToKeystore(192)) - [
[
  Version: V3
  Subject: O=cluster1, OU=scm1, CN=rootCA@localhost
  Signature Algorithm: SHA256withRSA, OID = 1.2.840.113549.1.1.11

  Key:  Sun RSA public key, 2048 bits
  params: null
  modulus: 21709748800923477396374417106809950408164660397783871173125908354564525686585211598537419828497519753299070421673179076306823418924055249492341412134972111338874541575453234164823005907354720354032756932338598932310518049363331446022613382304725516411130792853889893860874533746141852821471882611259956916212341365695902579767002558238281244502958368561481623131311737951259547537506188130663576253641793353360157784160090774873790228201120938657429731495687198542239038466122982940819006680640151807769105858110753015421123841523640814204573687687435319449979879488171650936344160765069881550989525708638612694145957
  public exponent: 65537
  Validity: [From: Fri Aug 04 02:33:53 UTC 2023,
               To: Mon Sep 11 02:33:53 UTC 2028]
  Issuer: O=cluster1, OU=scm1, CN=rootCA@localhost
  SerialNumber: [    01]

Certificate Extensions: 2
[1]: ObjectId: 2.5.29.19 Criticality=true
BasicConstraints:[
  CA:true
  PathLen:2147483647
]

[2]: ObjectId: 2.5.29.15 Criticality=true
KeyUsage [
  Key_CertSign
  Crl_Sign
]

]
  Algorithm: [SHA256withRSA]
  Signature:
0000: 7F FA 8F F2 AB 28 89 EF   D0 A6 4D 6D 11 69 EF C8  .....(....Mm.i..
0010: DE A9 76 6C FD FD 2B EB   3E E0 D5 FC BC 76 37 A0  ..vl..+.>....v7.
0020: 36 EC 30 9B A6 34 93 19   31 99 35 E1 AB CB ED 76  6.0..4..1.5....v
0030: 33 CC C4 A2 2E A8 E3 8E   6F 5F F1 D4 31 1A 9C 4D  3.......o_..1..M
0040: 98 9A 4C 44 1E 9D AD 25   C4 D1 C9 1B B8 C3 7E EF  ..LD...%........
0050: 05 B4 1E 8D 24 7C 9B 16   9E A1 74 9C 8F 0B C5 04  ....$.....t.....
0060: 69 3D 8E 8D F3 D4 0F 8F   7C 5D 65 21 8E 42 82 3F  i=.......]e!.B.?
0070: EA B1 AF A6 88 C9 0C BB   FD D8 E1 51 8E B6 C7 AA  ...........Q....
0080: A1 9E 3A 6A 47 11 05 F2   81 EC 32 E6 B1 8E 9E A1  ..:jG.....2.....
0090: 6D D1 C6 AE 5E 86 E8 5A   F7 04 D1 63 76 B7 74 B7  m...^..Z...cv.t.
00A0: 46 E1 41 4E 64 EB A6 26   15 88 B4 DD 41 85 FD B5  F.ANd..&....A...
00B0: 29 59 01 76 98 4D 8F BE   F6 C0 50 61 D9 EB 84 63  )Y.v.M....Pa...c
00C0: 8A 47 F2 4B C3 15 1E 86   90 65 EA C1 7F E5 21 6A  .G.K.....e....!j
00D0: DB CD 55 E4 9C A6 83 EF   3E F4 25 48 BE 6E 37 4E  ..U.....>.%H.n7N
00E0: 18 47 B6 0E B6 1B 9E 20   F0 DB 22 7F C8 EC B1 27  .G..... .."....'
00F0: 41 FE CF 8A C8 E0 5B 40   08 E5 6C B0 E1 BF 16 09  A.....[@..l.....

]
2023-08-04 02:34:08,655 [Time-limited test] INFO  om.OzoneManager (OzoneManager.java:stop(2187)) - om1[fv-az621-180:1202]: Stopping Ozone Manager
2023-08-04 02:34:08,655 [Time-limited test] INFO  ipc.Server (Server.java:stop(3523)) - Stopping server on 1202
2023-08-04 02:34:08,656 [CertificateRenewerService] INFO  ssl.ReloadingX509TrustManager (ReloadingX509TrustManager.java:insertCertsToKeystore(192)) - [
[
  Version: V3
  Subject: O=cluster1, OU=scm1, CN=rootCA-new@localhost
  Signature Algorithm: SHA256withRSA, OID = 1.2.840.113549.1.1.11

  Key:  Sun RSA public key, 2048 bits
  params: null
  modulus: 21747017683728850383633057293150876094294794749980010895938705051457835636251524551726042913997281186683385173993158865480380777644760077559350873054777049228136246970792741007290966698001187900488910950388327658758197060702827830391277110162304395046092114841648316135736399405295737794040231941412859511867941056671881675721792622057825649115629573116433269340822323648884322439654351334096394388316201641482124791960411603945486626730181368340676880997861539416697112086501576860293737110372806297135786549733951229992957248845171229142453460207419913620106588576924478378295886986978635717667310000382835423156311
  public exponent: 65537
  Validity: [From: Fri Aug 04 02:34:08 UTC 2023,
               To: Mon Sep 11 02:34:08 UTC 2028]
  Issuer: O=cluster1, OU=scm1, CN=rootCA-new@localhost
  SerialNumber: [    02]

Certificate Extensions: 2
[1]: ObjectId: 2.5.29.19 Criticality=true
BasicConstraints:[
  CA:true
  PathLen:2147483647
]

[2]: ObjectId: 2.5.29.15 Criticality=true
KeyUsage [
  Key_CertSign
  Crl_Sign
]

]
  Algorithm: [SHA256withRSA]
  Signature:
0000: 07 5E 04 0D 3C 48 19 AD   2B 9A 76 EA A3 DE 62 78  .^..<H..+.v...bx
0010: 08 15 0E D9 0B 13 06 E6   20 73 74 3D 3D A7 22 73  ........ st==."s
0020: E7 3C 6A 89 43 5A 35 7E   ED EB 6F E4 1B F1 52 4D  .<j.CZ5...o...RM
0030: BC 59 47 B7 2D 51 66 4D   39 F7 15 3B B6 9E D2 59  .YG.-QfM9..;...Y
0040: D8 A7 C7 F0 BE 91 C8 50   50 BE 53 CF CB 50 30 DE  .......PP.S..P0.
0050: 61 67 6D 1B 72 46 95 6F   1E 3E C2 51 52 63 B5 24  agm.rF.o.>.QRc.$
0060: 18 2A 40 E3 CE 1A 5D 60   F7 2C BA 92 C1 11 23 71  .*@...]`.,....#q
0070: A3 5E BD C5 4C 15 9E 07   C0 FF 72 36 B7 6F 3B C8  .^..L.....r6.o;.
0080: 26 50 DA 52 0B 27 84 77   B9 48 16 34 DB C5 BD 60  &P.R.'.w.H.4...`
0090: B7 00 C2 61 B3 6A 3A A2   62 CD DE F4 C8 49 F8 95  ...a.j:.b....I..
00A0: B5 F4 5C C5 0B 21 0A 0D   54 32 02 48 C5 9C 6D 2E  ..\..!..T2.H..m.
00B0: 75 A0 B4 96 26 97 5E B6   2E AC AB 20 F8 CC F0 35  u...&.^.... ...5
00C0: 0C AB 6F 9A 2B F1 0E C7   A2 D1 B2 57 75 47 5B 70  ..o.+......WuG[p
00D0: 25 D2 57 C4 51 E5 89 C0   60 D3 DD D7 59 5F B2 95  %.W.Q...`...Y_..
00E0: C4 20 19 BE B9 06 5D 6B   F2 9B 71 5C 1B 0F 88 74  . ....]k..q\...t
00F0: 02 45 98 F3 47 FB 24 AE   EA 86 17 24 EA E5 B4 D7  .E..G.$....$....

]
2023-08-04 02:34:08,660 [IPC Server listener on 1202] INFO  ipc.Server (Server.java:run(1434)) - Stopping IPC Server listener on 1202
2023-08-04 02:34:08,660 [IPC Server Responder] INFO  ipc.Server (Server.java:run(1567)) - Stopping IPC Server Responder
2023-08-04 02:34:08,665 [Time-limited test] INFO  server.RaftServer (RaftServerProxy.java:lambda$close$6(416)) - om1: close
2023-08-04 02:34:08,665 [Time-limited test] INFO  server.GrpcService (GrpcService.java:closeImpl(311)) - om1: shutdown server GrpcServerProtocolService now
2023-08-04 02:34:08,663 [CertificateRenewerService] INFO  ssl.ReloadingX509TrustManager (ReloadingX509TrustManager.java:loadFrom(141)) - ReloadingX509TrustManager is reloaded.
2023-08-04 02:34:08,665 [om1-impl-thread1] INFO  server.RaftServer$Division (RaftServerImpl.java:lambda$close$4(466)) - om1@group-C5BA1605619E: shutdown
2023-08-04 02:34:08,666 [om1-impl-thread1] INFO  util.JmxRegister (JmxRegister.java:unregister(73)) - Successfully un-registered JMX Bean with object name Ratis:service=RaftServer,group=group-C5BA1605619E,id=om1
2023-08-04 02:34:08,666 [om1-impl-thread1] INFO  impl.RoleInfo (RoleInfo.java:shutdownLeaderState(93)) - om1: shutdown om1@group-C5BA1605619E-LeaderStateImpl
2023-08-04 02:34:08,666 [om1-impl-thread1] INFO  impl.PendingRequests (PendingRequests.java:sendNotLeaderResponses(289)) - om1@group-C5BA1605619E-PendingRequests: sendNotLeaderResponses
2023-08-04 02:34:08,667 [CertificateRenewerService] INFO  security.OzoneDelegationTokenSecretManager (OzoneSecretManager.java:notifyCertificateRenewed(198)) - Certificate is changed from 1480678124929 to 1495526145009
2023-08-04 02:34:08,668 [CertificateRenewerService] INFO  security.OzoneDelegationTokenSecretManager (OzoneSecretManager.java:updateCurrentKey(175)) - Updating current master key for generating tokens. Cert id 1495526145009
2023-08-04 02:34:08,668 [CertificateRenewerService] INFO  ssl.PemFileBasedKeyStoresFactory (PemFileBasedKeyStoresFactory.java:notifyCertificateRenewed(157)) - CertificateClientTestImpl notify certificate renewed
2023-08-04 02:34:08,668 [om1@group-C5BA1605619E-StateMachineUpdater] INFO  ratis.OzoneManagerStateMachine (OzoneManagerStateMachine.java:takeSnapshot(480)) - Current Snapshot Index (t:1, i:6)
2023-08-04 02:34:08,668 [om1-impl-thread1] INFO  impl.StateMachineUpdater (StateMachineUpdater.java:stopAndJoin(155)) - om1@group-C5BA1605619E-StateMachineUpdater: set stopIndex = 6
2023-08-04 02:34:08,670 [CertificateRenewerService] INFO  ssl.ReloadingX509KeyManager (ReloadingX509KeyManager.java:loadKeyManager(222)) - Key manager is loaded with certificate chain
2023-08-04 02:34:08,671 [Time-limited test] INFO  server.GrpcService (GrpcService.java:closeImpl(320)) - om1: shutdown server GrpcServerProtocolService successfully
2023-08-04 02:34:08,672 [CertificateRenewerService] INFO  ssl.ReloadingX509KeyManager (ReloadingX509KeyManager.java:loadKeyManager(224)) - [
[
  Version: V3
  Subject: O=cluster1, OU=scm1, CN=localhost
  Signature Algorithm: SHA256withRSA, OID = 1.2.840.113549.1.1.11

  Key:  Sun RSA public key, 2048 bits
  params: null
  modulus: 18494827429331146762758101992057720199518922676524418015516934509350299368557521708171506870322678860364125350358761779880721068153528485840079012961277450458349160471616539889129101670938139205949235591035132443277266571524347341365127570115053619716815061349889317158631100026043050966299952057758749384993708414692588255714422793801129671410301891793652523484452913400236394258849915384166116725432009283936212507598220046084085362625199399712872010186475057481511279455505250364040885867650629586617021657879171259842420589762924771004777465561904273808121883397562008549044740470395706738877185112292142483945863
  public exponent: 65537
  Validity: [From: Fri Aug 04 02:34:08 UTC 2023,
               To: Fri Aug 04 02:34:48 UTC 2023]
  Issuer: O=cluster1, OU=scm1, CN=rootCA-new@localhost
  SerialNumber: [    015c344d fbf1]

Certificate Extensions: 1
[1]: ObjectId: 2.5.29.15 Criticality=true
KeyUsage [
  DigitalSignature
  Key_Agreement
]

]
  Algorithm: [SHA256withRSA]
  Signature:
0000: 95 E1 26 6A 8E 9F 2E 62   F0 2A 5C D8 DF 6C 99 C5  ..&j...b.*\..l..
0010: A6 2F CE CA 92 0E 5E F5   8E CF C2 BF 78 EA D4 1B  ./....^.....x...
0020: 15 86 4A 9E CD D6 86 24   4E 2A 2E D7 01 F7 55 6D  ..J....$N*....Um
0030: 13 D5 AD 6B AF 6A FD 52   AF AE D1 70 85 F5 E0 29  ...k.j.R...p...)
0040: E9 F5 C5 B7 59 B4 5B E0   72 1C D1 E9 04 B6 CE 9F  ....Y.[.r.......
0050: 10 A7 31 63 FE 86 39 B9   9C AE B1 AE 94 C5 5D 56  ..1c..9.......]V
0060: 8F CF AC 1D 80 BD AB 60   0C 70 66 8B 7C D7 03 82  .......`.pf.....
0070: D5 9B 63 09 BD CD 39 48   D9 3A 77 A5 4B 15 B2 20  ..c...9H.:w.K.. 
0080: 6B D0 71 40 D3 AF F8 17   8C FA 6B 15 42 50 87 1C  k.q@......k.BP..
0090: 56 DA 38 44 F9 64 AB 3D   EA 8E F3 85 22 97 5C 6A  V.8D.d.=....".\j
00A0: 37 89 04 93 F2 B0 D4 C6   44 67 C6 DA 87 15 5D 0E  7.......Dg....].
00B0: 81 06 67 37 A3 5F 8D F6   C6 34 2C 2F 6F D8 57 4C  ..g7._...4,/o.WL
00C0: D8 73 F8 73 29 8E C8 4F   81 7D A9 14 94 76 29 49  .s.s)..O.....v)I
00D0: 6B 6E 20 5D AE 45 A6 56   0D 92 0C A6 BF 96 25 6C  kn ].E.V......%l
00E0: E8 4E 1F 47 BA D3 4C 78   A5 73 31 7A 9B D2 55 DA  .N.G..Lx.s1z..U.
00F0: 2B 2D B1 BB DF C5 A6 93   81 A8 9E 79 39 C0 4C 6F  +-.........y9.Lo

]
2023-08-04 02:34:08,674 [CertificateRenewerService] INFO  ssl.ReloadingX509KeyManager (ReloadingX509KeyManager.java:loadKeyManager(224)) - [
[
  Version: V3
  Subject: O=cluster1, OU=scm1, CN=rootCA-new@localhost
  Signature Algorithm: SHA256withRSA, OID = 1.2.840.113549.1.1.11

  Key:  Sun RSA public key, 2048 bits
  params: null
  modulus: 21747017683728850383633057293150876094294794749980010895938705051457835636251524551726042913997281186683385173993158865480380777644760077559350873054777049228136246970792741007290966698001187900488910950388327658758197060702827830391277110162304395046092114841648316135736399405295737794040231941412859511867941056671881675721792622057825649115629573116433269340822323648884322439654351334096394388316201641482124791960411603945486626730181368340676880997861539416697112086501576860293737110372806297135786549733951229992957248845171229142453460207419913620106588576924478378295886986978635717667310000382835423156311
  public exponent: 65537
  Validity: [From: Fri Aug 04 02:34:08 UTC 2023,
               To: Mon Sep 11 02:34:08 UTC 2028]
  Issuer: O=cluster1, OU=scm1, CN=rootCA-new@localhost
  SerialNumber: [    02]

Certificate Extensions: 2
[1]: ObjectId: 2.5.29.19 Criticality=true
BasicConstraints:[
  CA:true
  PathLen:2147483647
]

[2]: ObjectId: 2.5.29.15 Criticality=true
KeyUsage [
  Key_CertSign
  Crl_Sign
]

]
  Algorithm: [SHA256withRSA]
  Signature:
0000: 07 5E 04 0D 3C 48 19 AD   2B 9A 76 EA A3 DE 62 78  .^..<H..+.v...bx
0010: 08 15 0E D9 0B 13 06 E6   20 73 74 3D 3D A7 22 73  ........ st==."s
0020: E7 3C 6A 89 43 5A 35 7E   ED EB 6F E4 1B F1 52 4D  .<j.CZ5...o...RM
0030: BC 59 47 B7 2D 51 66 4D   39 F7 15 3B B6 9E D2 59  .YG.-QfM9..;...Y
0040: D8 A7 C7 F0 BE 91 C8 50   50 BE 53 CF CB 50 30 DE  .......PP.S..P0.
0050: 61 67 6D 1B 72 46 95 6F   1E 3E C2 51 52 63 B5 24  agm.rF.o.>.QRc.$
0060: 18 2A 40 E3 CE 1A 5D 60   F7 2C BA 92 C1 11 23 71  .*@...]`.,....#q
0070: A3 5E BD C5 4C 15 9E 07   C0 FF 72 36 B7 6F 3B C8  .^..L.....r6.o;.
0080: 26 50 DA 52 0B 27 84 77   B9 48 16 34 DB C5 BD 60  &P.R.'.w.H.4...`
0090: B7 00 C2 61 B3 6A 3A A2   62 CD DE F4 C8 49 F8 95  ...a.j:.b....I..
00A0: B5 F4 5C C5 0B 21 0A 0D   54 32 02 48 C5 9C 6D 2E  ..\..!..T2.H..m.
00B0: 75 A0 B4 96 26 97 5E B6   2E AC AB 20 F8 CC F0 35  u...&.^.... ...5
00C0: 0C AB 6F 9A 2B F1 0E C7   A2 D1 B2 57 75 47 5B 70  ..o.+......WuG[p
00D0: 25 D2 57 C4 51 E5 89 C0   60 D3 DD D7 59 5F B2 95  %.W.Q...`...Y_..
00E0: C4 20 19 BE B9 06 5D 6B   F2 9B 71 5C 1B 0F 88 74  . ....]k..q\...t
00F0: 02 45 98 F3 47 FB 24 AE   EA 86 17 24 EA E5 B4 D7  .E..G.$....$....

]
2023-08-04 02:34:08,674 [CertificateRenewerService] INFO  ssl.ReloadingX509KeyManager (ReloadingX509KeyManager.java:loadFrom(192)) - ReloadingX509KeyManager is reloaded
2023-08-04 02:34:08,675 [CertificateRenewerService] INFO  ssl.ReloadingX509TrustManager (ReloadingX509TrustManager.java:insertCertsToKeystore(188)) - Trust manager is loaded with certificates
2023-08-04 02:34:08,676 [CertificateRenewerService] INFO  ssl.ReloadingX509TrustManager (ReloadingX509TrustManager.java:insertCertsToKeystore(192)) - [
[
  Version: V3
  Subject: O=cluster1, OU=scm1, CN=rootCA@localhost
  Signature Algorithm: SHA256withRSA, OID = 1.2.840.113549.1.1.11

  Key:  Sun RSA public key, 2048 bits
  params: null
  modulus: 21709748800923477396374417106809950408164660397783871173125908354564525686585211598537419828497519753299070421673179076306823418924055249492341412134972111338874541575453234164823005907354720354032756932338598932310518049363331446022613382304725516411130792853889893860874533746141852821471882611259956916212341365695902579767002558238281244502958368561481623131311737951259547537506188130663576253641793353360157784160090774873790228201120938657429731495687198542239038466122982940819006680640151807769105858110753015421123841523640814204573687687435319449979879488171650936344160765069881550989525708638612694145957
  public exponent: 65537
  Validity: [From: Fri Aug 04 02:33:53 UTC 2023,
               To: Mon Sep 11 02:33:53 UTC 2028]
  Issuer: O=cluster1, OU=scm1, CN=rootCA@localhost
  SerialNumber: [    01]

Certificate Extensions: 2
[1]: ObjectId: 2.5.29.19 Criticality=true
BasicConstraints:[
  CA:true
  PathLen:2147483647
]

[2]: ObjectId: 2.5.29.15 Criticality=true
KeyUsage [
  Key_CertSign
  Crl_Sign
]

]
  Algorithm: [SHA256withRSA]
  Signature:
0000: 7F FA 8F F2 AB 28 89 EF   D0 A6 4D 6D 11 69 EF C8  .....(....Mm.i..
0010: DE A9 76 6C FD FD 2B EB   3E E0 D5 FC BC 76 37 A0  ..vl..+.>....v7.
0020: 36 EC 30 9B A6 34 93 19   31 99 35 E1 AB CB ED 76  6.0..4..1.5....v
0030: 33 CC C4 A2 2E A8 E3 8E   6F 5F F1 D4 31 1A 9C 4D  3.......o_..1..M
0040: 98 9A 4C 44 1E 9D AD 25   C4 D1 C9 1B B8 C3 7E EF  ..LD...%........
0050: 05 B4 1E 8D 24 7C 9B 16   9E A1 74 9C 8F 0B C5 04  ....$.....t.....
0060: 69 3D 8E 8D F3 D4 0F 8F   7C 5D 65 21 8E 42 82 3F  i=.......]e!.B.?
0070: EA B1 AF A6 88 C9 0C BB   FD D8 E1 51 8E B6 C7 AA  ...........Q....
0080: A1 9E 3A 6A 47 11 05 F2   81 EC 32 E6 B1 8E 9E A1  ..:jG.....2.....
0090: 6D D1 C6 AE 5E 86 E8 5A   F7 04 D1 63 76 B7 74 B7  m...^..Z...cv.t.
00A0: 46 E1 41 4E 64 EB A6 26   15 88 B4 DD 41 85 FD B5  F.ANd..&....A...
00B0: 29 59 01 76 98 4D 8F BE   F6 C0 50 61 D9 EB 84 63  )Y.v.M....Pa...c
00C0: 8A 47 F2 4B C3 15 1E 86   90 65 EA C1 7F E5 21 6A  .G.K.....e....!j
00D0: DB CD 55 E4 9C A6 83 EF   3E F4 25 48 BE 6E 37 4E  ..U.....>.%H.n7N
00E0: 18 47 B6 0E B6 1B 9E 20   F0 DB 22 7F C8 EC B1 27  .G..... .."....'
00F0: 41 FE CF 8A C8 E0 5B 40   08 E5 6C B0 E1 BF 16 09  A.....[@..l.....

]
2023-08-04 02:34:08,676 [CertificateRenewerService] INFO  ssl.ReloadingX509TrustManager (ReloadingX509TrustManager.java:insertCertsToKeystore(192)) - [
[
  Version: V3
  Subject: O=cluster1, OU=scm1, CN=rootCA-new@localhost
  Signature Algorithm: SHA256withRSA, OID = 1.2.840.113549.1.1.11

  Key:  Sun RSA public key, 2048 bits
  params: null
  modulus: 21747017683728850383633057293150876094294794749980010895938705051457835636251524551726042913997281186683385173993158865480380777644760077559350873054777049228136246970792741007290966698001187900488910950388327658758197060702827830391277110162304395046092114841648316135736399405295737794040231941412859511867941056671881675721792622057825649115629573116433269340822323648884322439654351334096394388316201641482124791960411603945486626730181368340676880997861539416697112086501576860293737110372806297135786549733951229992957248845171229142453460207419913620106588576924478378295886986978635717667310000382835423156311
  public exponent: 65537
  Validity: [From: Fri Aug 04 02:34:08 UTC 2023,
               To: Mon Sep 11 02:34:08 UTC 2028]
  Issuer: O=cluster1, OU=scm1, CN=rootCA-new@localhost
  SerialNumber: [    02]

Certificate Extensions: 2
[1]: ObjectId: 2.5.29.19 Criticality=true
BasicConstraints:[
  CA:true
  PathLen:2147483647
]

[2]: ObjectId: 2.5.29.15 Criticality=true
KeyUsage [
  Key_CertSign
  Crl_Sign
]

]
  Algorithm: [SHA256withRSA]
  Signature:
0000: 07 5E 04 0D 3C 48 19 AD   2B 9A 76 EA A3 DE 62 78  .^..<H..+.v...bx
0010: 08 15 0E D9 0B 13 06 E6   20 73 74 3D 3D A7 22 73  ........ st==."s
0020: E7 3C 6A 89 43 5A 35 7E   ED EB 6F E4 1B F1 52 4D  .<j.CZ5...o...RM
0030: BC 59 47 B7 2D 51 66 4D   39 F7 15 3B B6 9E D2 59  .YG.-QfM9..;...Y
0040: D8 A7 C7 F0 BE 91 C8 50   50 BE 53 CF CB 50 30 DE  .......PP.S..P0.
0050: 61 67 6D 1B 72 46 95 6F   1E 3E C2 51 52 63 B5 24  agm.rF.o.>.QRc.$
0060: 18 2A 40 E3 CE 1A 5D 60   F7 2C BA 92 C1 11 23 71  .*@...]`.,....#q
0070: A3 5E BD C5 4C 15 9E 07   C0 FF 72 36 B7 6F 3B C8  .^..L.....r6.o;.
0080: 26 50 DA 52 0B 27 84 77   B9 48 16 34 DB C5 BD 60  &P.R.'.w.H.4...`
0090: B7 00 C2 61 B3 6A 3A A2   62 CD DE F4 C8 49 F8 95  ...a.j:.b....I..
00A0: B5 F4 5C C5 0B 21 0A 0D   54 32 02 48 C5 9C 6D 2E  ..\..!..T2.H..m.
00B0: 75 A0 B4 96 26 97 5E B6   2E AC AB 20 F8 CC F0 35  u...&.^.... ...5
00C0: 0C AB 6F 9A 2B F1 0E C7   A2 D1 B2 57 75 47 5B 70  ..o.+......WuG[p
00D0: 25 D2 57 C4 51 E5 89 C0   60 D3 DD D7 59 5F B2 95  %.W.Q...`...Y_..
00E0: C4 20 19 BE B9 06 5D 6B   F2 9B 71 5C 1B 0F 88 74  . ....]k..q\...t
00F0: 02 45 98 F3 47 FB 24 AE   EA 86 17 24 EA E5 B4 D7  .E..G.$....$....

]
2023-08-04 02:34:08,676 [CertificateRenewerService] INFO  ssl.ReloadingX509TrustManager (ReloadingX509TrustManager.java:loadFrom(141)) - ReloadingX509TrustManager is reloaded.
2023-08-04 02:34:08,684 [om1@group-C5BA1605619E-StateMachineUpdater] INFO  impl.StateMachineUpdater (StateMachineUpdater.java:takeSnapshot(291)) - om1@group-C5BA1605619E-StateMachineUpdater: Took a snapshot at index 6
2023-08-04 02:34:08,685 [om1@group-C5BA1605619E-StateMachineUpdater] INFO  impl.StateMachineUpdater (StateMachineUpdater.java:lambda$new$0(97)) - om1@group-C5BA1605619E-StateMachineUpdater: snapshotIndex: updateIncreasingly -1 -> 6
2023-08-04 02:34:08,685 [om1@group-C5BA1605619E-StateMachineUpdater] INFO  ratis.OzoneManagerStateMachine (OzoneManagerStateMachine.java:close(534)) - StateMachine has shutdown. Shutdown OzoneManager if not already shutdown.
2023-08-04 02:34:08,685 [om1@group-C5BA1605619E-StateMachineUpdater] INFO  ratis.OzoneManagerDoubleBuffer (OzoneManagerDoubleBuffer.java:stopDaemon(551)) - Stopping OMDoubleBuffer flush thread
2023-08-04 02:34:08,685 [OMDoubleBufferFlushThread] INFO  ratis.OzoneManagerDoubleBuffer (OzoneManagerDoubleBuffer.java:canFlush(638)) - OMDoubleBuffer flush thread OMDoubleBufferFlushThread is interrupted and will exit.
2023-08-04 02:34:08,685 [om1-impl-thread1] INFO  server.RaftServer$Division (ServerState.java:close(472)) - om1@group-C5BA1605619E: closes. applyIndex: 6
2023-08-04 02:34:09,653 [om1-impl-thread1] INFO  segmented.SegmentedRaftLogWorker (SegmentedRaftLogWorker.java:close(252)) - om1@group-C5BA1605619E-SegmentedRaftLogWorker close()
2023-08-04 02:34:09,654 [JvmPauseMonitor6] INFO  util.JvmPauseMonitor (JvmPauseMonitor.java:run(109)) - JvmPauseMonitor-om1: Stopped
2023-08-04 02:34:09,654 [Time-limited test] INFO  ratis.OzoneManagerStateMachine (OzoneManagerStateMachine.java:close(534)) - StateMachine has shutdown. Shutdown OzoneManager if not already shutdown.
2023-08-04 02:34:09,654 [Time-limited test] INFO  ratis.OzoneManagerDoubleBuffer (OzoneManagerDoubleBuffer.java:stopDaemon(560)) - OMDoubleBuffer flush thread is not running.
2023-08-04 02:34:09,654 [Time-limited test] INFO  utils.BackgroundService (BackgroundService.java:shutdown(141)) - Shutting down service KeyDeletingService
2023-08-04 02:34:09,655 [Time-limited test] INFO  utils.BackgroundService (BackgroundService.java:shutdown(141)) - Shutting down service KeyDeletingService
2023-08-04 02:34:09,655 [Time-limited test] INFO  utils.BackgroundService (BackgroundService.java:shutdown(141)) - Shutting down service OpenKeyCleanupService
2023-08-04 02:34:09,655 [Time-limited test] INFO  utils.BackgroundService (BackgroundService.java:shutdown(141)) - Shutting down service SstFilteringService
2023-08-04 02:34:09,655 [Time-limited test] INFO  utils.BackgroundService (BackgroundService.java:shutdown(141)) - Shutting down service SnapshotDeletingService
2023-08-04 02:34:09,656 [Time-limited test] INFO  om.OzoneManager (OzoneManager.java:stopSecretManager(1063)) - Stopping secret key client.
2023-08-04 02:34:09,656 [Time-limited test] INFO  om.OzoneManager (OzoneManager.java:stopSecretManager(1068)) - Stopping OM delegation token secret manager.
2023-08-04 02:34:09,656 [Thread[Thread-1463,5,FailOnTimeoutGroup]] INFO  security.OzoneDelegationTokenSecretManager (OzoneDelegationTokenSecretManager.java:run(653)) - ExpiredTokenRemover was interrupted.
java.lang.InterruptedException: sleep interrupted
	at java.lang.Thread.sleep(Native Method)
	at org.apache.hadoop.ozone.security.OzoneDelegationTokenSecretManager$ExpiredTokenRemover.run(OzoneDelegationTokenSecretManager.java:649)
	at java.lang.Thread.run(Thread.java:750)
2023-08-04 02:34:09,657 [Time-limited test] INFO  handler.ContextHandler (ContextHandler.java:doStop(1159)) - Stopped o.e.j.w.WebAppContext@711377b{ozoneManager,/,null,STOPPED}{file:/home/runner/work/ozone/ozone/hadoop-ozone/integration-test/target/test-classes/webapps/ozoneManager}
2023-08-04 02:34:09,658 [Time-limited test] INFO  server.AbstractConnector (AbstractConnector.java:doStop(383)) - Stopped ServerConnector@76c57026{HTTP/1.1, (http/1.1)}{0.0.0.0:9874}
2023-08-04 02:34:09,658 [Time-limited test] INFO  server.session (HouseKeeper.java:stopScavenging(149)) - node0 Stopped scavenging
2023-08-04 02:34:09,658 [Time-limited test] INFO  handler.ContextHandler (ContextHandler.java:doStop(1159)) - Stopped o.e.j.s.ServletContextHandler@1ae00f82{static,/static,file:///home/runner/work/ozone/ozone/hadoop-ozone/integration-test/target/test-classes/webapps/static,STOPPED}
2023-08-04 02:34:09,658 [Time-limited test] INFO  handler.ContextHandler (ContextHandler.java:doStop(1159)) - Stopped o.e.j.s.ServletContextHandler@44d44e8a{logs,/logs,file:///home/runner/work/ozone/ozone/hadoop-ozone/integration-test/target/log,STOPPED}
2023-08-04 02:34:09,660 [Time-limited test] INFO  rocksdiff.RocksDBCheckpointDiffer (RocksDBCheckpointDiffer.java:close(340)) - Shutting down CompactionDagPruningService.
2023-08-04 02:34:09,662 [Time-limited test] INFO  snapshot.SnapshotDiffManager (SnapshotDiffManager.java:closeExecutorService(1720)) - Shutting down executorService: 'SnapDiffExecutor'
2023-08-04 02:34:09,662 [Time-limited test] INFO  snapshot.SnapshotDiffManager (SnapshotDiffManager.java:closeExecutorService(1720)) - Shutting down executorService: 'SstDumpToolExecutor'
2023-08-04 02:34:09,663 [Time-limited test] INFO  utils.BackgroundService (BackgroundService.java:shutdown(141)) - Shutting down service SnapshotDiffCleanupService
2023-08-04 02:34:09,672 [Time-limited test] INFO  impl.DefaultInternalKdcServerImpl (DefaultInternalKdcServerImpl.java:doStop(102)) - Default Internal kdc server stopped.
2023-08-04 02:34:10,672 [Time-limited test] INFO  minikdc.MiniKdc (MiniKdc.java:stop(359)) - MiniKdc stopped.
2023-08-04 02:34:10,673 [Time-limited test] INFO  om.OzoneManager (OzoneManager.java:stop(2187)) - om1[fv-az621-180:1202]: Stopping Ozone Manager
]]></system-out>
  </testcase>
  <testcase name="testSecureScmStartupSuccess" classname="org.apache.hadoop.ozone.TestSecureOzoneCluster" time="3.76">
    <system-out><![CDATA[2023-08-04 02:34:10,709 [Time-limited test] INFO  net.ServerSocketUtil (ServerSocketUtil.java:getPort(55)) - Using port 9860
2023-08-04 02:34:10,710 [Time-limited test] INFO  net.ServerSocketUtil (ServerSocketUtil.java:getPort(55)) - Using port 9861
2023-08-04 02:34:10,710 [Time-limited test] INFO  net.ServerSocketUtil (ServerSocketUtil.java:getPort(55)) - Using port 9863
2023-08-04 02:34:10,710 [Time-limited test] INFO  net.ServerSocketUtil (ServerSocketUtil.java:getPort(55)) - Using port 9961
2023-08-04 02:34:10,710 [Time-limited test] INFO  net.ServerSocketUtil (ServerSocketUtil.java:getPort(55)) - Using port 1200
2023-08-04 02:34:10,710 [Time-limited test] INFO  net.ServerSocketUtil (ServerSocketUtil.java:getPort(55)) - Using port 1201
2023-08-04 02:34:10,710 [Time-limited test] INFO  minikdc.MiniKdc (MiniKdc.java:<init>(225)) - Configuration:
2023-08-04 02:34:10,710 [Time-limited test] INFO  minikdc.MiniKdc (MiniKdc.java:<init>(226)) - ---------------------------------------------------------------
2023-08-04 02:34:10,710 [Time-limited test] INFO  minikdc.MiniKdc (MiniKdc.java:<init>(228)) -   debug: false
2023-08-04 02:34:10,710 [Time-limited test] INFO  minikdc.MiniKdc (MiniKdc.java:<init>(228)) -   transport: TCP
2023-08-04 02:34:10,710 [Time-limited test] INFO  minikdc.MiniKdc (MiniKdc.java:<init>(228)) -   max.ticket.lifetime: 86400000
2023-08-04 02:34:10,710 [Time-limited test] INFO  minikdc.MiniKdc (MiniKdc.java:<init>(228)) -   org.name: EXAMPLE
2023-08-04 02:34:10,710 [Time-limited test] INFO  minikdc.MiniKdc (MiniKdc.java:<init>(228)) -   kdc.port: 0
2023-08-04 02:34:10,711 [Time-limited test] INFO  minikdc.MiniKdc (MiniKdc.java:<init>(228)) -   org.domain: COM
2023-08-04 02:34:10,711 [Time-limited test] INFO  minikdc.MiniKdc (MiniKdc.java:<init>(228)) -   max.renewable.lifetime: 604800000
2023-08-04 02:34:10,711 [Time-limited test] INFO  minikdc.MiniKdc (MiniKdc.java:<init>(228)) -   instance: DefaultKrbServer
2023-08-04 02:34:10,711 [Time-limited test] INFO  minikdc.MiniKdc (MiniKdc.java:<init>(228)) -   kdc.bind.address: localhost
2023-08-04 02:34:10,711 [Time-limited test] INFO  minikdc.MiniKdc (MiniKdc.java:<init>(230)) - ---------------------------------------------------------------
2023-08-04 02:34:10,712 [Time-limited test] INFO  minikdc.MiniKdc (MiniKdc.java:start(285)) - MiniKdc started.
2023-08-04 02:34:10,939 [Time-limited test] INFO  om.OzoneManager (OzoneManager.java:getOmDetailsProto(4555)) - OzoneManager ports added:[name: "RPC"
value: 1202
]
2023-08-04 02:34:10,939 [Time-limited test] WARN  server.ServerUtils (ServerUtils.java:getScmDbDir(155)) - ozone.scm.db.dirs is not configured. We recommend adding this setting. Falling back to ozone.metadata.dirs instead.
2023-08-04 02:34:10,940 [Time-limited test] INFO  ha.HASecurityUtils (HASecurityUtils.java:initializeSecurity(98)) - Initializing secure StorageContainerManager.
2023-08-04 02:34:10,941 [Time-limited test] INFO  client.SCMCertificateClient (DefaultCertificateClient.java:updateCertSerialId(1226)) - Certificate serial ID set to null
2023-08-04 02:34:10,941 [Time-limited test] ERROR client.SCMCertificateClient (DefaultCertificateClient.java:getCertPath(361)) - Default certificate serial id is not set. Can't locate the default certificate for this client.
2023-08-04 02:34:10,941 [Time-limited test] INFO  client.SCMCertificateClient (DefaultCertificateClient.java:init(707)) - Certificate client init case: 0
2023-08-04 02:34:10,941 [Time-limited test] INFO  client.SCMCertificateClient (SCMCertificateClient.java:handleCase(96)) - Creating keypair for client as keypair and certificate not found.
2023-08-04 02:34:11,133 [Time-limited test] INFO  ha.HASecurityUtils (HASecurityUtils.java:initializeSecurity(108)) - Init response: GETCERT
2023-08-04 02:34:11,304 [Time-limited test] INFO  ozone.OzoneSecurityUtil (OzoneSecurityUtil.java:getValidInetsForCurrentHost(119)) - ip:fe80:0:0:0:20d:3aff:fe7a:a89f%eth0 not returned.
2023-08-04 02:34:11,304 [Time-limited test] INFO  ozone.OzoneSecurityUtil (OzoneSecurityUtil.java:getValidInetsForCurrentHost(116)) - Adding ip:10.1.0.9,host:fv-az621-180
2023-08-04 02:34:11,304 [Time-limited test] INFO  ozone.OzoneSecurityUtil (OzoneSecurityUtil.java:getValidInetsForCurrentHost(119)) - ip:0:0:0:0:0:0:0:1%lo not returned.
2023-08-04 02:34:11,304 [Time-limited test] INFO  ozone.OzoneSecurityUtil (OzoneSecurityUtil.java:getValidInetsForCurrentHost(119)) - ip:127.0.0.1 not returned.
2023-08-04 02:34:11,305 [Time-limited test] ERROR utils.SelfSignedCertificate (SelfSignedCertificate.java:lambda$addInetAddresses$0(244)) - Invalid domain fv-az621-180
2023-08-04 02:34:11,307 [Time-limited test] INFO  utils.SelfSignedCertificate (SelfSignedCertificate.java:generateCertificate(157)) - Certificate 1 is issued by CN=scm-1@fv-az621-180,OU=5b70315c-6d1f-4d36-8f65-2ec43bfbd59f,O=a1ae8217-d408-4785-b815-4a77ad4f945b to CN=scm-1@fv-az621-180,OU=5b70315c-6d1f-4d36-8f65-2ec43bfbd59f,O=a1ae8217-d408-4785-b815-4a77ad4f945b, valid from Fri Aug 04 02:34:11 UTC 2023 to Mon Sep 11 02:34:11 UTC 2028
2023-08-04 02:34:11,308 [Time-limited test] INFO  utils.CertificateCodec (CertificateCodec.java:writeCertificate(299)) - Save certificate to /tmp/junit7278647658991792810/junit7882175807849543043/scm-meta/scm/ca/certs/certificate.crt
2023-08-04 02:34:11,308 [Time-limited test] INFO  utils.CertificateCodec (CertificateCodec.java:writeCertificate(300)) - Certificate -----BEGIN CERTIFICATE-----
MIIDpTCCAo2gAwIBAgIBATANBgkqhkiG9w0BAQsFADB7MRswGQYDVQQDDBJzY20t
MUBmdi1hejYyMS0xODAxLTArBgNVBAsMJDViNzAzMTVjLTZkMWYtNGQzNi04ZjY1
LTJlYzQzYmZiZDU5ZjEtMCsGA1UECgwkYTFhZTgyMTctZDQwOC00Nzg1LWI4MTUt
NGE3N2FkNGY5NDViMB4XDTIzMDgwNDAyMzQxMVoXDTI4MDkxMTAyMzQxMVowezEb
MBkGA1UEAwwSc2NtLTFAZnYtYXo2MjEtMTgwMS0wKwYDVQQLDCQ1YjcwMzE1Yy02
ZDFmLTRkMzYtOGY2NS0yZWM0M2JmYmQ1OWYxLTArBgNVBAoMJGExYWU4MjE3LWQ0
MDgtNDc4NS1iODE1LTRhNzdhZDRmOTQ1YjCCASIwDQYJKoZIhvcNAQEBBQADggEP
ADCCAQoCggEBAJbH+35tpRZHoON38eqOB6jKLfE8pUAUYW+0aQ4koUSTV5ziLs92
aSR3r6M6PK/YXz1z+M3Ce7/o50FEKbA2y6CrnfcQZG10RP/UNw9k0lcozxOkqkb5
uWvUjol/ymOyyPsFunyUuLPxCYQsO999sdnGKGgo/oWtNFzmAw+YIQ5kKsjVdV1i
U444ZtgjXiKzb5JeMNxbbE6YMdQMREA54kn/g3v6UPkQWVrcbCS2XrBdXphxi8u/
iGj9EIa6ZnJMJ80uSXUJ8+RH1KFsAQCLO6hd/HmI+yxRezs4bGmCVO0E5u1RoAPJ
HuJAvDw+MI8o9v0geS41MD8NSrplebrgD70CAwEAAaM0MDIwDwYDVR0TAQH/BAUw
AwEB/zAOBgNVHQ8BAf8EBAMCAQYwDwYDVR0RBAgwBocECgEACTANBgkqhkiG9w0B
AQsFAAOCAQEAYyXsLlNNtiXu+NBnJOnHASD6Hb/5/if+IX+U+uBK5G33uy+5lAiO
Sy0fi4Rmqs9AXVidMGKp0jXB44AEpY0BMl49Mja9GOB4vof+pRMVy4XB1D1mt3wG
xc/paKuMfmUlCcHf5s4/iRgdqRGwhzTJbrhm5RsNAIvc/GThJY9u+2bU0Ixj/7ou
iTcB3i3cgyTeLKjX77DPE2jaLPShmawZVt1AlWgXfo6m5JGtElK9FR/v0ZS+tSYU
gJTL5+jiX1ryi2QIiG5JqWEapqM2qMlRktqqrfudDZgII4k/cr20NJ/xweuUUh/m
GWzJ910sO//nzsMRY+04Gv8E4UshuvMjHg==
-----END CERTIFICATE-----

2023-08-04 02:34:11,308 [Time-limited test] INFO  client.SCMCertificateClient (SCMCertificateClient.java:getCSRBuilder(158)) - Creating csr for SCM->hostName:fv-az621-180,scmId:5b70315c-6d1f-4d36-8f65-2ec43bfbd59f,clusterId:a1ae8217-d408-4785-b815-4a77ad4f945b,subject:scm-sub-1498206129022@fv-az621-180
2023-08-04 02:34:11,309 [Time-limited test] INFO  ozone.OzoneSecurityUtil (OzoneSecurityUtil.java:getValidInetsForCurrentHost(119)) - ip:fe80:0:0:0:20d:3aff:fe7a:a89f%eth0 not returned.
2023-08-04 02:34:11,309 [Time-limited test] INFO  ozone.OzoneSecurityUtil (OzoneSecurityUtil.java:getValidInetsForCurrentHost(116)) - Adding ip:10.1.0.9,host:fv-az621-180
2023-08-04 02:34:11,309 [Time-limited test] INFO  ozone.OzoneSecurityUtil (OzoneSecurityUtil.java:getValidInetsForCurrentHost(119)) - ip:0:0:0:0:0:0:0:1%lo not returned.
2023-08-04 02:34:11,309 [Time-limited test] INFO  ozone.OzoneSecurityUtil (OzoneSecurityUtil.java:getValidInetsForCurrentHost(119)) - ip:127.0.0.1 not returned.
2023-08-04 02:34:11,309 [Time-limited test] ERROR utils.CertificateSignRequest (CertificateSignRequest.java:lambda$addInetAddresses$0(295)) - Invalid domain fv-az621-180
2023-08-04 02:34:11,309 [Time-limited test] INFO  ha.HASecurityUtils (HASecurityUtils.java:generateCSR(308)) - Creating csr for SCM->hostName:fv-az621-180,scmId:5b70315c-6d1f-4d36-8f65-2ec43bfbd59f,clusterId:a1ae8217-d408-4785-b815-4a77ad4f945b,subject:scm-sub-1498206792030@fv-az621-180
2023-08-04 02:34:11,312 [Time-limited test] INFO  authority.DefaultApprover (DefaultApprover.java:sign(154)) - Extensions in CSR: 2.5.29.19, 2.5.29.15, 2.5.29.17
2023-08-04 02:34:11,312 [Time-limited test] INFO  authority.DefaultApprover (DefaultApprover.java:sign(158)) - Extensions to add to the certificate if they present in CSR: 2.5.29.17, 2.5.29.19, 1.3.6.1.5.5.7.1.12, 2.5.29.35, 2.5.29.37, 2.5.29.15
2023-08-04 02:34:11,315 [Time-limited test] INFO  utils.CertificateCodec (CertificateCodec.java:writeCertificate(299)) - Save certificate to /tmp/junit7278647658991792810/junit7882175807849543043/scm-meta/scm/sub-ca/certs/CA-1.crt
2023-08-04 02:34:11,316 [Time-limited test] INFO  utils.CertificateCodec (CertificateCodec.java:writeCertificate(300)) - Certificate -----BEGIN CERTIFICATE-----
MIIDpTCCAo2gAwIBAgIBATANBgkqhkiG9w0BAQsFADB7MRswGQYDVQQDDBJzY20t
MUBmdi1hejYyMS0xODAxLTArBgNVBAsMJDViNzAzMTVjLTZkMWYtNGQzNi04ZjY1
LTJlYzQzYmZiZDU5ZjEtMCsGA1UECgwkYTFhZTgyMTctZDQwOC00Nzg1LWI4MTUt
NGE3N2FkNGY5NDViMB4XDTIzMDgwNDAyMzQxMVoXDTI4MDkxMTAyMzQxMVowezEb
MBkGA1UEAwwSc2NtLTFAZnYtYXo2MjEtMTgwMS0wKwYDVQQLDCQ1YjcwMzE1Yy02
ZDFmLTRkMzYtOGY2NS0yZWM0M2JmYmQ1OWYxLTArBgNVBAoMJGExYWU4MjE3LWQ0
MDgtNDc4NS1iODE1LTRhNzdhZDRmOTQ1YjCCASIwDQYJKoZIhvcNAQEBBQADggEP
ADCCAQoCggEBAJbH+35tpRZHoON38eqOB6jKLfE8pUAUYW+0aQ4koUSTV5ziLs92
aSR3r6M6PK/YXz1z+M3Ce7/o50FEKbA2y6CrnfcQZG10RP/UNw9k0lcozxOkqkb5
uWvUjol/ymOyyPsFunyUuLPxCYQsO999sdnGKGgo/oWtNFzmAw+YIQ5kKsjVdV1i
U444ZtgjXiKzb5JeMNxbbE6YMdQMREA54kn/g3v6UPkQWVrcbCS2XrBdXphxi8u/
iGj9EIa6ZnJMJ80uSXUJ8+RH1KFsAQCLO6hd/HmI+yxRezs4bGmCVO0E5u1RoAPJ
HuJAvDw+MI8o9v0geS41MD8NSrplebrgD70CAwEAAaM0MDIwDwYDVR0TAQH/BAUw
AwEB/zAOBgNVHQ8BAf8EBAMCAQYwDwYDVR0RBAgwBocECgEACTANBgkqhkiG9w0B
AQsFAAOCAQEAYyXsLlNNtiXu+NBnJOnHASD6Hb/5/if+IX+U+uBK5G33uy+5lAiO
Sy0fi4Rmqs9AXVidMGKp0jXB44AEpY0BMl49Mja9GOB4vof+pRMVy4XB1D1mt3wG
xc/paKuMfmUlCcHf5s4/iRgdqRGwhzTJbrhm5RsNAIvc/GThJY9u+2bU0Ixj/7ou
iTcB3i3cgyTeLKjX77DPE2jaLPShmawZVt1AlWgXfo6m5JGtElK9FR/v0ZS+tSYU
gJTL5+jiX1ryi2QIiG5JqWEapqM2qMlRktqqrfudDZgII4k/cr20NJ/xweuUUh/m
GWzJ910sO//nzsMRY+04Gv8E4UshuvMjHg==
-----END CERTIFICATE-----

2023-08-04 02:34:11,316 [Time-limited test] INFO  utils.CertificateCodec (CertificateCodec.java:writeCertificate(299)) - Save certificate to /tmp/junit7278647658991792810/junit7882175807849543043/scm-meta/scm/sub-ca/certs/1498209968164.crt
2023-08-04 02:34:11,316 [Time-limited test] INFO  utils.CertificateCodec (CertificateCodec.java:writeCertificate(300)) - Certificate -----BEGIN CERTIFICATE-----
MIIDuzCCAqOgAwIBAgIGAVzUReAkMA0GCSqGSIb3DQEBCwUAMHsxGzAZBgNVBAMM
EnNjbS0xQGZ2LWF6NjIxLTE4MDEtMCsGA1UECwwkNWI3MDMxNWMtNmQxZi00ZDM2
LThmNjUtMmVjNDNiZmJkNTlmMS0wKwYDVQQKDCRhMWFlODIxNy1kNDA4LTQ3ODUt
YjgxNS00YTc3YWQ0Zjk0NWIwHhcNMjMwODA0MDIzNDExWhcNMjgwOTExMDIzNDEx
WjCBizErMCkGA1UEAwwic2NtLXN1Yi0xNDk4MjA2NzkyMDMwQGZ2LWF6NjIxLTE4
MDEtMCsGA1UECwwkNWI3MDMxNWMtNmQxZi00ZDM2LThmNjUtMmVjNDNiZmJkNTlm
MS0wKwYDVQQKDCRhMWFlODIxNy1kNDA4LTQ3ODUtYjgxNS00YTc3YWQ0Zjk0NWIw
ggEiMA0GCSqGSIb3DQEBAQUAA4IBDwAwggEKAoIBAQDFRMr72k247z6CXq8/MA6w
eFem0+pth4qQ+gnzIAJtPIQViWgWXW76wqfmeIVoY6slUhxOh7P3Lwl7e3k5ebJJ
aLLTnsKjDcdQQu+o81Paf9I5Mpd4XMKyGre1e1PvX6AxuGRyNJosU/LB/V8IkP+h
XRftUMz4nbFU2NPNA8BYbU8SZq2ZQVhLmqp/vKT9jXZruB7NqOmWSEGN9NYwJLOp
dDrJRNDGu5phK3O5VBcycOqPxFENncOeHYCaDnM6xz8lnDg3raTsFsmaIbLucWNg
nyR9qVTaiW1ef281KQ1ZqxKvgvJyP11NnWxM9rLYm960oTI4htRW/s3jDrkHBTEb
AgMBAAGjNDAyMA8GA1UdEQQIMAaHBAoBAAkwDwYDVR0TAQH/BAUwAwEB/zAOBgNV
HQ8BAf8EBAMCAb4wDQYJKoZIhvcNAQELBQADggEBAGx5/qQU9zTNqgf06d5q4H05
dxJDXDa1rNEI5NrrFGxLyIX5g89/CSv0/c9Ti4PYDFIic5jbrldLqZY4cV3SvU5p
QT1my1dd8Uk43S+ZvW4+W+hiGtX4Tp3/SaeHIjHcThsaux0mTX7eWnAOt5WkWgrD
O/e35+I7FSh1NzxgFGbue7ndEiQGfN7IHS97lNN2ohp1VMcYqwTD3fnLnW6UIHBS
4owBGNzMbGvNUx3IWIip5eDWKEfrejsQC3O1dMER9BHEktWk5mDJVkg5UZgUGAdL
xhl0NGEcJFFZ37QWRKiNIh1NMO16qvYRd2kGg5AokYRihWQ7TqueVNSaD23UQp4=
-----END CERTIFICATE-----

-----BEGIN CERTIFICATE-----
MIIDpTCCAo2gAwIBAgIBATANBgkqhkiG9w0BAQsFADB7MRswGQYDVQQDDBJzY20t
MUBmdi1hejYyMS0xODAxLTArBgNVBAsMJDViNzAzMTVjLTZkMWYtNGQzNi04ZjY1
LTJlYzQzYmZiZDU5ZjEtMCsGA1UECgwkYTFhZTgyMTctZDQwOC00Nzg1LWI4MTUt
NGE3N2FkNGY5NDViMB4XDTIzMDgwNDAyMzQxMVoXDTI4MDkxMTAyMzQxMVowezEb
MBkGA1UEAwwSc2NtLTFAZnYtYXo2MjEtMTgwMS0wKwYDVQQLDCQ1YjcwMzE1Yy02
ZDFmLTRkMzYtOGY2NS0yZWM0M2JmYmQ1OWYxLTArBgNVBAoMJGExYWU4MjE3LWQ0
MDgtNDc4NS1iODE1LTRhNzdhZDRmOTQ1YjCCASIwDQYJKoZIhvcNAQEBBQADggEP
ADCCAQoCggEBAJbH+35tpRZHoON38eqOB6jKLfE8pUAUYW+0aQ4koUSTV5ziLs92
aSR3r6M6PK/YXz1z+M3Ce7/o50FEKbA2y6CrnfcQZG10RP/UNw9k0lcozxOkqkb5
uWvUjol/ymOyyPsFunyUuLPxCYQsO999sdnGKGgo/oWtNFzmAw+YIQ5kKsjVdV1i
U444ZtgjXiKzb5JeMNxbbE6YMdQMREA54kn/g3v6UPkQWVrcbCS2XrBdXphxi8u/
iGj9EIa6ZnJMJ80uSXUJ8+RH1KFsAQCLO6hd/HmI+yxRezs4bGmCVO0E5u1RoAPJ
HuJAvDw+MI8o9v0geS41MD8NSrplebrgD70CAwEAAaM0MDIwDwYDVR0TAQH/BAUw
AwEB/zAOBgNVHQ8BAf8EBAMCAQYwDwYDVR0RBAgwBocECgEACTANBgkqhkiG9w0B
AQsFAAOCAQEAYyXsLlNNtiXu+NBnJOnHASD6Hb/5/if+IX+U+uBK5G33uy+5lAiO
Sy0fi4Rmqs9AXVidMGKp0jXB44AEpY0BMl49Mja9GOB4vof+pRMVy4XB1D1mt3wG
xc/paKuMfmUlCcHf5s4/iRgdqRGwhzTJbrhm5RsNAIvc/GThJY9u+2bU0Ixj/7ou
iTcB3i3cgyTeLKjX77DPE2jaLPShmawZVt1AlWgXfo6m5JGtElK9FR/v0ZS+tSYU
gJTL5+jiX1ryi2QIiG5JqWEapqM2qMlRktqqrfudDZgII4k/cr20NJ/xweuUUh/m
GWzJ910sO//nzsMRY+04Gv8E4UshuvMjHg==
-----END CERTIFICATE-----

2023-08-04 02:34:11,316 [Time-limited test] INFO  utils.CertificateCodec (CertificateCodec.java:writeCertificate(299)) - Save certificate to /tmp/junit7278647658991792810/junit7882175807849543043/scm-meta/scm/sub-ca/certs/certificate.crt
2023-08-04 02:34:11,316 [Time-limited test] INFO  utils.CertificateCodec (CertificateCodec.java:writeCertificate(300)) - Certificate -----BEGIN CERTIFICATE-----
MIIDuzCCAqOgAwIBAgIGAVzUReAkMA0GCSqGSIb3DQEBCwUAMHsxGzAZBgNVBAMM
EnNjbS0xQGZ2LWF6NjIxLTE4MDEtMCsGA1UECwwkNWI3MDMxNWMtNmQxZi00ZDM2
LThmNjUtMmVjNDNiZmJkNTlmMS0wKwYDVQQKDCRhMWFlODIxNy1kNDA4LTQ3ODUt
YjgxNS00YTc3YWQ0Zjk0NWIwHhcNMjMwODA0MDIzNDExWhcNMjgwOTExMDIzNDEx
WjCBizErMCkGA1UEAwwic2NtLXN1Yi0xNDk4MjA2NzkyMDMwQGZ2LWF6NjIxLTE4
MDEtMCsGA1UECwwkNWI3MDMxNWMtNmQxZi00ZDM2LThmNjUtMmVjNDNiZmJkNTlm
MS0wKwYDVQQKDCRhMWFlODIxNy1kNDA4LTQ3ODUtYjgxNS00YTc3YWQ0Zjk0NWIw
ggEiMA0GCSqGSIb3DQEBAQUAA4IBDwAwggEKAoIBAQDFRMr72k247z6CXq8/MA6w
eFem0+pth4qQ+gnzIAJtPIQViWgWXW76wqfmeIVoY6slUhxOh7P3Lwl7e3k5ebJJ
aLLTnsKjDcdQQu+o81Paf9I5Mpd4XMKyGre1e1PvX6AxuGRyNJosU/LB/V8IkP+h
XRftUMz4nbFU2NPNA8BYbU8SZq2ZQVhLmqp/vKT9jXZruB7NqOmWSEGN9NYwJLOp
dDrJRNDGu5phK3O5VBcycOqPxFENncOeHYCaDnM6xz8lnDg3raTsFsmaIbLucWNg
nyR9qVTaiW1ef281KQ1ZqxKvgvJyP11NnWxM9rLYm960oTI4htRW/s3jDrkHBTEb
AgMBAAGjNDAyMA8GA1UdEQQIMAaHBAoBAAkwDwYDVR0TAQH/BAUwAwEB/zAOBgNV
HQ8BAf8EBAMCAb4wDQYJKoZIhvcNAQELBQADggEBAGx5/qQU9zTNqgf06d5q4H05
dxJDXDa1rNEI5NrrFGxLyIX5g89/CSv0/c9Ti4PYDFIic5jbrldLqZY4cV3SvU5p
QT1my1dd8Uk43S+ZvW4+W+hiGtX4Tp3/SaeHIjHcThsaux0mTX7eWnAOt5WkWgrD
O/e35+I7FSh1NzxgFGbue7ndEiQGfN7IHS97lNN2ohp1VMcYqwTD3fnLnW6UIHBS
4owBGNzMbGvNUx3IWIip5eDWKEfrejsQC3O1dMER9BHEktWk5mDJVkg5UZgUGAdL
xhl0NGEcJFFZ37QWRKiNIh1NMO16qvYRd2kGg5AokYRihWQ7TqueVNSaD23UQp4=
-----END CERTIFICATE-----

-----BEGIN CERTIFICATE-----
MIIDpTCCAo2gAwIBAgIBATANBgkqhkiG9w0BAQsFADB7MRswGQYDVQQDDBJzY20t
MUBmdi1hejYyMS0xODAxLTArBgNVBAsMJDViNzAzMTVjLTZkMWYtNGQzNi04ZjY1
LTJlYzQzYmZiZDU5ZjEtMCsGA1UECgwkYTFhZTgyMTctZDQwOC00Nzg1LWI4MTUt
NGE3N2FkNGY5NDViMB4XDTIzMDgwNDAyMzQxMVoXDTI4MDkxMTAyMzQxMVowezEb
MBkGA1UEAwwSc2NtLTFAZnYtYXo2MjEtMTgwMS0wKwYDVQQLDCQ1YjcwMzE1Yy02
ZDFmLTRkMzYtOGY2NS0yZWM0M2JmYmQ1OWYxLTArBgNVBAoMJGExYWU4MjE3LWQ0
MDgtNDc4NS1iODE1LTRhNzdhZDRmOTQ1YjCCASIwDQYJKoZIhvcNAQEBBQADggEP
ADCCAQoCggEBAJbH+35tpRZHoON38eqOB6jKLfE8pUAUYW+0aQ4koUSTV5ziLs92
aSR3r6M6PK/YXz1z+M3Ce7/o50FEKbA2y6CrnfcQZG10RP/UNw9k0lcozxOkqkb5
uWvUjol/ymOyyPsFunyUuLPxCYQsO999sdnGKGgo/oWtNFzmAw+YIQ5kKsjVdV1i
U444ZtgjXiKzb5JeMNxbbE6YMdQMREA54kn/g3v6UPkQWVrcbCS2XrBdXphxi8u/
iGj9EIa6ZnJMJ80uSXUJ8+RH1KFsAQCLO6hd/HmI+yxRezs4bGmCVO0E5u1RoAPJ
HuJAvDw+MI8o9v0geS41MD8NSrplebrgD70CAwEAAaM0MDIwDwYDVR0TAQH/BAUw
AwEB/zAOBgNVHQ8BAf8EBAMCAQYwDwYDVR0RBAgwBocECgEACTANBgkqhkiG9w0B
AQsFAAOCAQEAYyXsLlNNtiXu+NBnJOnHASD6Hb/5/if+IX+U+uBK5G33uy+5lAiO
Sy0fi4Rmqs9AXVidMGKp0jXB44AEpY0BMl49Mja9GOB4vof+pRMVy4XB1D1mt3wG
xc/paKuMfmUlCcHf5s4/iRgdqRGwhzTJbrhm5RsNAIvc/GThJY9u+2bU0Ixj/7ou
iTcB3i3cgyTeLKjX77DPE2jaLPShmawZVt1AlWgXfo6m5JGtElK9FR/v0ZS+tSYU
gJTL5+jiX1ryi2QIiG5JqWEapqM2qMlRktqqrfudDZgII4k/cr20NJ/xweuUUh/m
GWzJ910sO//nzsMRY+04Gv8E4UshuvMjHg==
-----END CERTIFICATE-----

2023-08-04 02:34:11,317 [Time-limited test] INFO  ha.HASecurityUtils (HASecurityUtils.java:initializeSecurity(121)) - Successfully stored SCM signed certificate.
2023-08-04 02:34:11,319 [Time-limited test] WARN  server.ServerUtils (ServerUtils.java:getScmDbDir(155)) - ozone.scm.db.dirs is not configured. We recommend adding this setting. Falling back to ozone.metadata.dirs instead.
2023-08-04 02:34:11,320 [Time-limited test] INFO  ha.SCMHANodeDetails (SCMHANodeDetails.java:loadSCMHAConfig(210)) - ServiceID for StorageContainerManager is null
2023-08-04 02:34:11,320 [Time-limited test] INFO  ha.SCMHANodeDetails (SCMHANodeDetails.java:loadSCMHAConfig(215)) - ozone.scm.default.service.id is not defined, falling back to ozone.scm.service.ids to find serviceID for StorageContainerManager if it is HA enabled cluster
2023-08-04 02:34:11,324 [pool-419-thread-1] INFO  request.KdcRequest (KdcRequest.java:preauth(651)) - The preauth data is empty.
2023-08-04 02:34:11,325 [pool-419-thread-1] INFO  server.KdcHandler (KdcHandler.java:handleRecoverableException(177)) - KRB error occurred while processing request:Additional pre-authentication required
2023-08-04 02:34:11,328 [pool-419-thread-2] INFO  request.AsRequest (AsRequest.java:issueTicket(112)) - AS_REQ ISSUE: authtime 1691116451327,scm/fv-az621-180@EXAMPLE.COM for krbtgt/EXAMPLE.COM@EXAMPLE.COM
2023-08-04 02:34:11,329 [Time-limited test] INFO  security.UserGroupInformation (UserGroupInformation.java:loginUserFromKeytab(1132)) - Login successful for user scm/fv-az621-180@EXAMPLE.COM using keytab file scm.keytab. Keytab auto renewal enabled : false
2023-08-04 02:34:11,329 [Time-limited test] INFO  server.StorageContainerManager (StorageContainerManager.java:loginAsSCMUserIfSecurityEnabled(1050)) - SCM login successful.
2023-08-04 02:34:11,330 [Time-limited test] INFO  client.SCMCertificateClient (DefaultCertificateClient.java:updateCertSerialId(1226)) - Certificate serial ID set to 1498209968164
2023-08-04 02:34:11,331 [Time-limited test] INFO  client.SCMCertificateClient (DefaultCertificateClient.java:readCertificateFile(236)) - Added certificate   [0]         Version: 3
         SerialNumber: 1
             IssuerDN: CN=scm-1@fv-az621-180,OU=5b70315c-6d1f-4d36-8f65-2ec43bfbd59f,O=a1ae8217-d408-4785-b815-4a77ad4f945b
           Start Date: Fri Aug 04 02:34:11 UTC 2023
           Final Date: Mon Sep 11 02:34:11 UTC 2028
            SubjectDN: CN=scm-1@fv-az621-180,OU=5b70315c-6d1f-4d36-8f65-2ec43bfbd59f,O=a1ae8217-d408-4785-b815-4a77ad4f945b
           Public Key: RSA Public Key [0d:34:bd:f9:46:86:d1:ec:32:1a:c4:33:df:d9:fd:d2:a2:ca:e6:80],[56:66:d1:a4]
        modulus: 96c7fb7e6da51647a0e377f1ea8e07a8ca2df13ca54014616fb4690e24a14493579ce22ecf76692477afa33a3cafd85f3d73f8cdc27bbfe8e7414429b036cba0ab9df710646d7444ffd4370f64d25728cf13a4aa46f9b96bd48e897fca63b2c8fb05ba7c94b8b3f109842c3bdf7db1d9c6286828fe85ad345ce6030f98210e642ac8d5755d62538e3866d8235e22b36f925e30dc5b6c4e9831d40c444039e249ff837bfa50f910595adc6c24b65eb05d5e98718bcbbf8868fd1086ba66724c27cd2e497509f3e447d4a16c01008b3ba85dfc7988fb2c517b3b386c698254ed04e6ed51a003c91ee240bc3c3e308f28f6fd20792e35303f0d4aba6579bae00fbd
public exponent: 10001

  Signature Algorithm: SHA256WITHRSA
            Signature: 6325ec2e534db625eef8d06724e9c70120fa1dbf
                       f9fe27fe217f94fae04ae46df7bb2fb994088e4b
                       2d1f8b8466aacf405d589d3062a9d235c1e38004
                       a58d01325e3d3236bd18e078be87fea51315cb85
                       c1d43d66b77c06c5cfe968ab8c7e652509c1dfe6
                       ce3f89181da911b08734c96eb866e51b0d008bdc
                       fc64e1258f6efb66d4d08c63ffba2e893701de2d
                       dc8324de2ca8d7efb0cf1368da2cf4a199ac1956
                       dd409568177e8ea6e491ad1252bd151fefd194be
                       b526148094cbe7e8e25f5af28b6408886e49a961
                       1aa6a336a8c95192daaaadfb9d0d980823893f72
                       bdb4349ff1c1eb94521fe6196cc9f75d2c3bffe7
                       cec31163ed381aff04e14b21baf3231e
       Extensions: 
                       critical(true) BasicConstraints: isCa(true)
                       critical(true) KeyUsage: 0x6
                       critical(false) 2.5.29.17 value = Sequence
    Tagged [7] IMPLICIT 
        DER Octet String[4] 

 from file: /tmp/junit7278647658991792810/junit7882175807849543043/scm-meta/scm/sub-ca/certs/CA-1.crt.
2023-08-04 02:34:11,332 [Time-limited test] INFO  client.SCMCertificateClient (DefaultCertificateClient.java:readCertificateFile(236)) - Added certificate   [0]         Version: 3
         SerialNumber: 1498209968164
             IssuerDN: CN=scm-1@fv-az621-180,OU=5b70315c-6d1f-4d36-8f65-2ec43bfbd59f,O=a1ae8217-d408-4785-b815-4a77ad4f945b
           Start Date: Fri Aug 04 02:34:11 UTC 2023
           Final Date: Mon Sep 11 02:34:11 UTC 2028
            SubjectDN: CN=scm-sub-1498206792030@fv-az621-180,OU=5b70315c-6d1f-4d36-8f65-2ec43bfbd59f,O=a1ae8217-d408-4785-b815-4a77ad4f945b
           Public Key: RSA Public Key [2f:77:47:8a:93:50:4e:6f:25:b5:e3:e5:21:e0:5f:12:9d:fd:6f:b6],[56:66:d1:a4]
        modulus: c544cafbda4db8ef3e825eaf3f300eb07857a6d3ea6d878a90fa09f320026d3c84158968165d6efac2a7e678856863ab25521c4e87b3f72f097b7b793979b24968b2d39ec2a30dc75042efa8f353da7fd2393297785cc2b21ab7b57b53ef5fa031b86472349a2c53f2c1fd5f0890ffa15d17ed50ccf89db154d8d3cd03c0586d4f1266ad9941584b9aaa7fbca4fd8d766bb81ecda8e99648418df4d63024b3a9743ac944d0c6bb9a612b73b954173270ea8fc4510d9dc39e1d809a0e733ac73f259c3837ada4ec16c99a21b2ee7163609f247da954da896d5e7f6f35290d59ab12af82f2723f5d4d9d6c4cf6b2d89bdeb4a1323886d456fecde30eb90705311b
public exponent: 10001

  Signature Algorithm: SHA256WITHRSA
            Signature: 6c79fea414f734cdaa07f4e9de6ae07d39771243
                       5c36b5acd108e4daeb146c4bc885f983cf7f092b
                       f4fdcf538b83d80c52227398dbae574ba9963871
                       5dd2bd4e69413d66cb575df14938dd2f99bd6e3e
                       5be8621ad5f84e9dff49a7872231dc4e1b1abb1d
                       264d7ede5a700eb795a45a0ac33bf7b7e7e23b15
                       2875373c601466ee7bb9dd1224067cdec81d2f7b
                       94d376a21a7554c718ab04c3ddf9cb9d6e942070
                       52e28c0118dccc6c6bcd531dc85888a9e5e0d628
                       47eb7a3b100b73b574c111f411c492d5a4e660c9
                       56483951981418074bc6197434611c245159dfb4
                       1644a88d221d4d30ed7aaaf61177690683902891
                       846285643b4eab9e54d49a0f6dd4429e
       Extensions: 
                       critical(false) 2.5.29.17 value = Sequence
    Tagged [7] IMPLICIT 
        DER Octet String[4] 

                       critical(true) BasicConstraints: isCa(true)
                       critical(true) KeyUsage: 0xbe
 from file: /tmp/junit7278647658991792810/junit7882175807849543043/scm-meta/scm/sub-ca/certs/1498209968164.crt.
2023-08-04 02:34:11,333 [Time-limited test] INFO  client.SCMCertificateClient (DefaultCertificateClient.java:readCertificateFile(236)) - Added certificate   [0]         Version: 3
         SerialNumber: 1498209968164
             IssuerDN: CN=scm-1@fv-az621-180,OU=5b70315c-6d1f-4d36-8f65-2ec43bfbd59f,O=a1ae8217-d408-4785-b815-4a77ad4f945b
           Start Date: Fri Aug 04 02:34:11 UTC 2023
           Final Date: Mon Sep 11 02:34:11 UTC 2028
            SubjectDN: CN=scm-sub-1498206792030@fv-az621-180,OU=5b70315c-6d1f-4d36-8f65-2ec43bfbd59f,O=a1ae8217-d408-4785-b815-4a77ad4f945b
           Public Key: RSA Public Key [2f:77:47:8a:93:50:4e:6f:25:b5:e3:e5:21:e0:5f:12:9d:fd:6f:b6],[56:66:d1:a4]
        modulus: c544cafbda4db8ef3e825eaf3f300eb07857a6d3ea6d878a90fa09f320026d3c84158968165d6efac2a7e678856863ab25521c4e87b3f72f097b7b793979b24968b2d39ec2a30dc75042efa8f353da7fd2393297785cc2b21ab7b57b53ef5fa031b86472349a2c53f2c1fd5f0890ffa15d17ed50ccf89db154d8d3cd03c0586d4f1266ad9941584b9aaa7fbca4fd8d766bb81ecda8e99648418df4d63024b3a9743ac944d0c6bb9a612b73b954173270ea8fc4510d9dc39e1d809a0e733ac73f259c3837ada4ec16c99a21b2ee7163609f247da954da896d5e7f6f35290d59ab12af82f2723f5d4d9d6c4cf6b2d89bdeb4a1323886d456fecde30eb90705311b
public exponent: 10001

  Signature Algorithm: SHA256WITHRSA
            Signature: 6c79fea414f734cdaa07f4e9de6ae07d39771243
                       5c36b5acd108e4daeb146c4bc885f983cf7f092b
                       f4fdcf538b83d80c52227398dbae574ba9963871
                       5dd2bd4e69413d66cb575df14938dd2f99bd6e3e
                       5be8621ad5f84e9dff49a7872231dc4e1b1abb1d
                       264d7ede5a700eb795a45a0ac33bf7b7e7e23b15
                       2875373c601466ee7bb9dd1224067cdec81d2f7b
                       94d376a21a7554c718ab04c3ddf9cb9d6e942070
                       52e28c0118dccc6c6bcd531dc85888a9e5e0d628
                       47eb7a3b100b73b574c111f411c492d5a4e660c9
                       56483951981418074bc6197434611c245159dfb4
                       1644a88d221d4d30ed7aaaf61177690683902891
                       846285643b4eab9e54d49a0f6dd4429e
       Extensions: 
                       critical(false) 2.5.29.17 value = Sequence
    Tagged [7] IMPLICIT 
        DER Octet String[4] 

                       critical(true) BasicConstraints: isCa(true)
                       critical(true) KeyUsage: 0xbe
 from file: /tmp/junit7278647658991792810/junit7882175807849543043/scm-meta/scm/sub-ca/certs/certificate.crt.
2023-08-04 02:34:11,333 [Time-limited test] INFO  client.SCMCertificateClient (DefaultCertificateClient.java:loadAllCertificates(190)) - CertificateRenewerService and root ca rotation polling is disabled for scm/sub-ca
2023-08-04 02:34:11,333 [Time-limited test] WARN  utils.HAUtils (HAUtils.java:getMetaDir(339)) - ozone.scm.db.dirs is not configured. We recommend adding this setting. Falling back to ozone.metadata.dirs instead.
2023-08-04 02:34:11,333 [Time-limited test] WARN  db.DBStoreBuilder (DBStoreBuilder.java:applyDBDefinition(166)) - ozone.scm.db.dirs is not configured. We recommend adding this setting. Falling back to ozone.metadata.dirs instead.
2023-08-04 02:34:11,432 [Time-limited test] INFO  net.NodeSchemaLoader (NodeSchemaLoader.java:loadSchemaFromFile(129)) - Loading schema from [jar:file:/home/runner/.m2/repository/org/apache/ozone/hdds-common/1.4.0-SNAPSHOT/hdds-common-1.4.0-SNAPSHOT.jar!/network-topology-default.xml]
2023-08-04 02:34:11,432 [Time-limited test] INFO  net.NodeSchemaLoader (NodeSchemaLoader.java:loadSchema(176)) - Loading network topology layer schema file
2023-08-04 02:34:11,434 [Time-limited test] INFO  upgrade.AbstractLayoutVersionManager (AbstractLayoutVersionManager.java:init(83)) - Initializing Layout version manager with metadata layout = HADOOP_PRC_PORTS_IN_DATANODEDETAILS (version = 7), software layout = HADOOP_PRC_PORTS_IN_DATANODEDETAILS (version = 7)
2023-08-04 02:34:11,436 [Time-limited test] INFO  ha.SequenceIdGenerator (SequenceIdGenerator.java:upgradeToSequenceId(365)) - upgrade localId to 111677748019200000
2023-08-04 02:34:11,436 [Time-limited test] INFO  ha.SequenceIdGenerator (SequenceIdGenerator.java:upgradeToSequenceId(375)) - upgrade delTxnId to 0
2023-08-04 02:34:11,437 [Time-limited test] INFO  ha.SequenceIdGenerator (SequenceIdGenerator.java:upgradeToSequenceId(392)) - upgrade containerId to 0
2023-08-04 02:34:11,438 [Time-limited test] INFO  ha.SequenceIdGenerator (SequenceIdGenerator.java:upgradeToSequenceId(428)) - upgrade rootCertificateId to 1
2023-08-04 02:34:11,438 [Time-limited test] INFO  ha.SequenceIdGenerator (SequenceIdGenerator.java:<init>(236)) - Init the HA SequenceIdGenerator.
2023-08-04 02:34:11,438 [Time-limited test] INFO  node.SCMNodeManager (SCMNodeManager.java:<init>(157)) - Entering startup safe mode.
2023-08-04 02:34:11,439 [Time-limited test] INFO  algorithms.ContainerPlacementPolicyFactory (ContainerPlacementPolicyFactory.java:getPolicyInternal(86)) - Create container placement policy of type org.apache.hadoop.hdds.scm.container.placement.algorithms.SCMContainerPlacementRackAware
2023-08-04 02:34:11,439 [Time-limited test] INFO  algorithms.ContainerPlacementPolicyFactory (ContainerPlacementPolicyFactory.java:getPolicyInternal(86)) - Create container placement policy of type org.apache.hadoop.hdds.scm.container.placement.algorithms.SCMContainerPlacementRackScatter
2023-08-04 02:34:11,439 [Time-limited test] INFO  pipeline.PipelineStateManagerImpl (PipelineStateManagerImpl.java:initialize(78)) - No pipeline exists in current db
2023-08-04 02:34:11,440 [Time-limited test] INFO  algorithms.LeaderChoosePolicyFactory (LeaderChoosePolicyFactory.java:getPolicy(57)) - Create leader choose policy of type org.apache.hadoop.hdds.scm.pipeline.leader.choose.algorithms.MinLeaderCountChoosePolicy
2023-08-04 02:34:11,440 [Time-limited test] INFO  algorithms.ContainerPlacementPolicyFactory (ContainerPlacementPolicyFactory.java:getPolicyInternal(86)) - Create container placement policy of type org.apache.hadoop.hdds.scm.container.placement.algorithms.SCMContainerPlacementRackScatter
2023-08-04 02:34:11,440 [Time-limited test] INFO  ha.SCMServiceManager (SCMServiceManager.java:register(42)) - Registering service BackgroundPipelineCreator.
2023-08-04 02:34:11,440 [Time-limited test] INFO  pipeline.BackgroundPipelineCreator (BackgroundPipelineCreator.java:start(124)) - Starting RatisPipelineUtilsThread.
2023-08-04 02:34:11,440 [Time-limited test] INFO  BackgroundPipelineScrubber (BackgroundSCMService.java:start(68)) - Starting BackgroundPipelineScrubber Service.
2023-08-04 02:34:11,440 [Time-limited test] INFO  ha.SCMServiceManager (SCMServiceManager.java:register(42)) - Registering service BackgroundPipelineScrubber.
2023-08-04 02:34:11,441 [Time-limited test] INFO  ExpiredContainerReplicaOpScrubber (BackgroundSCMService.java:start(68)) - Starting ExpiredContainerReplicaOpScrubber Service.
2023-08-04 02:34:11,441 [Time-limited test] INFO  ha.SCMServiceManager (SCMServiceManager.java:register(42)) - Registering service ExpiredContainerReplicaOpScrubber.
2023-08-04 02:34:11,442 [Time-limited test] INFO  algorithms.PipelineChoosePolicyFactory (PipelineChoosePolicyFactory.java:createPipelineChoosePolicyFromClass(78)) - Create pipeline choose policy of type org.apache.hadoop.hdds.scm.pipeline.choose.algorithms.RandomPipelineChoosePolicy
2023-08-04 02:34:11,442 [Time-limited test] INFO  algorithms.PipelineChoosePolicyFactory (PipelineChoosePolicyFactory.java:createPipelineChoosePolicyFromClass(78)) - Create pipeline choose policy of type org.apache.hadoop.hdds.scm.pipeline.choose.algorithms.RandomPipelineChoosePolicy
2023-08-04 02:34:11,442 [Time-limited test] WARN  util.MBeans (MBeans.java:register(111)) - Failed to register MBean "Hadoop:service=BlockManager,name=BlockManagerImpl-5"
javax.management.NotCompliantMBeanException: MBean class org.apache.hadoop.hdds.scm.block.BlockManagerImpl does not implement DynamicMBean, and neither follows the Standard MBean conventions (javax.management.NotCompliantMBeanException: Class org.apache.hadoop.hdds.scm.block.BlockManagerImpl is not a JMX compliant Standard MBean) nor the MXBean conventions (javax.management.NotCompliantMBeanException: org.apache.hadoop.hdds.scm.block.BlockManagerImpl: Class org.apache.hadoop.hdds.scm.block.BlockManagerImpl is not a JMX compliant MXBean)
	at com.sun.jmx.mbeanserver.Introspector.checkCompliance(Introspector.java:176)
	at com.sun.jmx.interceptor.DefaultMBeanServerInterceptor.registerMBean(DefaultMBeanServerInterceptor.java:317)
	at com.sun.jmx.mbeanserver.JmxMBeanServer.registerMBean(JmxMBeanServer.java:522)
	at org.apache.hadoop.metrics2.util.MBeans.register(MBeans.java:100)
	at org.apache.hadoop.metrics2.util.MBeans.register(MBeans.java:73)
	at org.apache.hadoop.hdds.scm.block.BlockManagerImpl.<init>(BlockManagerImpl.java:94)
	at org.apache.hadoop.hdds.scm.server.StorageContainerManager.initializeSystemManagers(StorageContainerManager.java:786)
	at org.apache.hadoop.hdds.scm.server.StorageContainerManager.<init>(StorageContainerManager.java:400)
	at org.apache.hadoop.hdds.scm.server.StorageContainerManager.createSCM(StorageContainerManager.java:597)
	at org.apache.hadoop.hdds.scm.HddsTestUtils.getScmSimple(HddsTestUtils.java:604)
	at org.apache.hadoop.hdds.scm.HddsTestUtils.getScmSimple(HddsTestUtils.java:589)
	at org.apache.hadoop.ozone.TestSecureOzoneCluster.testSecureScmStartupSuccess(TestSecureOzoneCluster.java:361)
	at sun.reflect.NativeMethodAccessorImpl.invoke0(Native Method)
	at sun.reflect.NativeMethodAccessorImpl.invoke(NativeMethodAccessorImpl.java:62)
	at sun.reflect.DelegatingMethodAccessorImpl.invoke(DelegatingMethodAccessorImpl.java:43)
	at java.lang.reflect.Method.invoke(Method.java:498)
	at org.junit.runners.model.FrameworkMethod$1.runReflectiveCall(FrameworkMethod.java:59)
	at org.junit.internal.runners.model.ReflectiveCallable.run(ReflectiveCallable.java:12)
	at org.junit.runners.model.FrameworkMethod.invokeExplosively(FrameworkMethod.java:56)
	at org.junit.internal.runners.statements.InvokeMethod.evaluate(InvokeMethod.java:17)
	at org.junit.internal.runners.statements.RunBefores.evaluate(RunBefores.java:26)
	at org.junit.internal.runners.statements.RunAfters.evaluate(RunAfters.java:27)
	at org.junit.rules.ExternalResource$1.evaluate(ExternalResource.java:54)
	at org.junit.internal.runners.statements.FailOnTimeout$CallableStatement.call(FailOnTimeout.java:288)
	at org.junit.internal.runners.statements.FailOnTimeout$CallableStatement.call(FailOnTimeout.java:282)
	at java.util.concurrent.FutureTask.run(FutureTask.java:266)
	at java.lang.Thread.run(Thread.java:750)
2023-08-04 02:34:11,442 [Time-limited test] INFO  ha.SCMServiceManager (SCMServiceManager.java:register(42)) - Registering service SCMBlockDeletingService.
2023-08-04 02:34:11,443 [Time-limited test] INFO  replication.ReplicationManager (ReplicationManager.java:start(287)) - Starting Replication Monitor Thread.
2023-08-04 02:34:11,444 [Time-limited test] INFO  ha.SCMServiceManager (SCMServiceManager.java:register(42)) - Registering service ReplicationManager.
2023-08-04 02:34:11,444 [Time-limited test] INFO  safemode.ContainerSafeModeRule (ContainerSafeModeRule.java:<init>(89)) - containers with one replica threshold count 0
2023-08-04 02:34:11,445 [Time-limited test] INFO  safemode.HealthyPipelineSafeModeRule (HealthyPipelineSafeModeRule.java:initializeRule(169)) - Total pipeline count is 0, healthy pipeline threshold count is 0
2023-08-04 02:34:11,445 [Time-limited test] INFO  safemode.OneReplicaPipelineSafeModeRule (OneReplicaPipelineSafeModeRule.java:initializeRule(180)) - Total pipeline count is 0, pipeline's with at least one datanode reported threshold count is 0
2023-08-04 02:34:11,446 [Time-limited test] INFO  authority.DefaultCAServer (DefaultCAServer.java:lambda$processVerificationStatus$0(472)) - CertificateServer validation is successful
2023-08-04 02:34:11,447 [Time-limited test] INFO  authority.DefaultCAServer (DefaultCAServer.java:lambda$processVerificationStatus$0(472)) - CertificateServer validation is successful
2023-08-04 02:34:11,447 [Time-limited test] INFO  server.StorageContainerManager (StorageContainerManager.java:persistPrimarySCMCerts(931)) - Storing sub-ca certificate serialId 1498209968164 on primary SCM
2023-08-04 02:34:11,448 [Time-limited test] INFO  server.SCMCertStore (SCMCertStore.java:storeValidScmCertificate(121)) - Scm certificate 1498209968164 for CN=scm-sub-1498206792030@fv-az621-180,OU=5b70315c-6d1f-4d36-8f65-2ec43bfbd59f,O=a1ae8217-d408-4785-b815-4a77ad4f945b is stored
2023-08-04 02:34:11,448 [Time-limited test] INFO  server.StorageContainerManager (StorageContainerManager.java:persistPrimarySCMCerts(939)) - Storing root certificate serialId 1
2023-08-04 02:34:11,449 [Time-limited test] INFO  server.SCMCertStore (SCMCertStore.java:storeValidScmCertificate(121)) - Scm certificate 1 for CN=scm-1@fv-az621-180,OU=5b70315c-6d1f-4d36-8f65-2ec43bfbd59f,O=a1ae8217-d408-4785-b815-4a77ad4f945b is stored
2023-08-04 02:34:11,449 [Time-limited test] INFO  ipc.CallQueueManager (CallQueueManager.java:<init>(90)) - Using callQueue: class java.util.concurrent.LinkedBlockingQueue, queueCapacity: 200, scheduler: class org.apache.hadoop.ipc.DefaultRpcScheduler, ipcBackoff: false.
2023-08-04 02:34:11,449 [Time-limited test] INFO  ipc.Server (Server.java:<init>(1287)) - Listener at 0.0.0.0:9961
2023-08-04 02:34:11,452 [Socket Reader #1 for port 9961] INFO  ipc.Server (Server.java:run(1323)) - Starting Socket Reader #1 for port 9961
2023-08-04 02:34:11,457 [ReplicationMonitor] INFO  replication.ReplicationManager (ReplicationManager.java:processAll(361)) - Replication Manager is not ready to run until 300000ms after safemode exit
2023-08-04 02:34:11,454 [Time-limited test] INFO  server.StorageContainerManager (StorageContainerManager.java:<init>(424)) - SCM start with adminUsers: [om/fv-az621-180@EXAMPLE.COM, scm]
2023-08-04 02:34:11,457 [Time-limited test] INFO  ipc.CallQueueManager (CallQueueManager.java:<init>(90)) - Using callQueue: class java.util.concurrent.LinkedBlockingQueue, queueCapacity: 10000, scheduler: class org.apache.hadoop.ipc.DefaultRpcScheduler, ipcBackoff: false.
2023-08-04 02:34:11,457 [Time-limited test] INFO  ipc.Server (Server.java:<init>(1287)) - Listener at 0.0.0.0:9861
2023-08-04 02:34:11,458 [Socket Reader #1 for port 9861] INFO  ipc.Server (Server.java:run(1323)) - Starting Socket Reader #1 for port 9861
2023-08-04 02:34:11,459 [Time-limited test] INFO  ipc.CallQueueManager (CallQueueManager.java:<init>(90)) - Using callQueue: class java.util.concurrent.LinkedBlockingQueue, queueCapacity: 10000, scheduler: class org.apache.hadoop.ipc.DefaultRpcScheduler, ipcBackoff: false.
2023-08-04 02:34:11,461 [Time-limited test] INFO  ipc.Server (Server.java:<init>(1287)) - Listener at 0.0.0.0:9863
2023-08-04 02:34:11,461 [Socket Reader #1 for port 9863] INFO  ipc.Server (Server.java:run(1323)) - Starting Socket Reader #1 for port 9863
2023-08-04 02:34:11,466 [Time-limited test] INFO  ipc.CallQueueManager (CallQueueManager.java:<init>(90)) - Using callQueue: class java.util.concurrent.LinkedBlockingQueue, queueCapacity: 10000, scheduler: class org.apache.hadoop.ipc.DefaultRpcScheduler, ipcBackoff: false.
2023-08-04 02:34:11,467 [Time-limited test] INFO  ipc.Server (Server.java:<init>(1287)) - Listener at 0.0.0.0:9860
2023-08-04 02:34:11,467 [Socket Reader #1 for port 9860] INFO  ipc.Server (Server.java:run(1323)) - Starting Socket Reader #1 for port 9860
2023-08-04 02:34:11,472 [Time-limited test] INFO  ha.SCMServiceManager (SCMServiceManager.java:register(42)) - Registering service ContainerBalancer.
2023-08-04 02:34:11,475 [Time-limited test] INFO  server.StorageContainerManager (StorageContainerManager.java:<init>(437)) - 
Container Balancer status:
Key                            Value
Running                        false
Container Balancer Configuration values:
Key                                                Value
Threshold                                          10
Max Datanodes to Involve per Iteration(percent)    20
Max Size to Move per Iteration                     500GB
Max Size Entering Target per Iteration             26GB
Max Size Leaving Source per Iteration              26GB

2023-08-04 02:34:11,476 [Time-limited test] INFO  ha.SCMContext (SCMContext.java:updateSafeModeStatus(228)) - Update SafeModeStatus from SafeModeStatus{safeModeStatus=true, preCheckPassed=false} to SafeModeStatus{safeModeStatus=true, preCheckPassed=false}.
2023-08-04 02:34:11,477 [Time-limited test] INFO  impl.DefaultInternalKdcServerImpl (DefaultInternalKdcServerImpl.java:doStop(102)) - Default Internal kdc server stopped.
2023-08-04 02:34:12,477 [Time-limited test] INFO  minikdc.MiniKdc (MiniKdc.java:stop(359)) - MiniKdc stopped.
2023-08-04 02:34:12,477 [Time-limited test] INFO  server.StorageContainerManager (StorageContainerManager.java:stop(1592)) - Container Balancer is not running.
2023-08-04 02:34:12,477 [Time-limited test] INFO  server.StorageContainerManager (StorageContainerManager.java:stopReplicationManager(1725)) - Stopping Replication Manager Service.
2023-08-04 02:34:12,477 [Time-limited test] INFO  replication.ReplicationManager (ReplicationManager.java:stop(319)) - Stopping Replication Monitor Thread.
2023-08-04 02:34:12,477 [Time-limited test] INFO  server.StorageContainerManager (StorageContainerManager.java:stop(1601)) - Stopping the Datanode Admin Monitor.
2023-08-04 02:34:12,478 [Under Replicated Processor] WARN  replication.UnhealthyReplicationProcessor (UnhealthyReplicationProcessor.java:run(180)) - Under Replicated Processor interrupted. Exiting...
2023-08-04 02:34:12,478 [ReplicationMonitor] INFO  replication.ReplicationManager (ReplicationManager.java:run(917)) - Replication Monitor Thread is stopped
2023-08-04 02:34:12,478 [Time-limited test] INFO  server.StorageContainerManager (StorageContainerManager.java:stop(1608)) - Stopping datanode service RPC server
2023-08-04 02:34:12,478 [Time-limited test] INFO  server.SCMDatanodeProtocolServer (SCMDatanodeProtocolServer.java:stop(424)) - Stopping the RPC server for DataNodes
2023-08-04 02:34:12,478 [Time-limited test] INFO  ipc.Server (Server.java:stop(3523)) - Stopping server on 9861
2023-08-04 02:34:12,478 [Over Replicated Processor] WARN  replication.UnhealthyReplicationProcessor (UnhealthyReplicationProcessor.java:run(180)) - Over Replicated Processor interrupted. Exiting...
2023-08-04 02:34:14,438 [SCM Heartbeat Processing Thread - 0] WARN  node.NodeStateManager (NodeStateManager.java:scheduleNextHealthCheck(874)) - Current Thread is interrupted, shutting down HB processing thread for Node Manager.
2023-08-04 02:34:14,439 [Time-limited test] INFO  server.StorageContainerManager (StorageContainerManager.java:stop(1616)) - Stopping block service RPC server
2023-08-04 02:34:14,439 [Time-limited test] INFO  server.SCMBlockProtocolServer (SCMBlockProtocolServer.java:stop(161)) - Stopping the RPC server for Block Protocol
2023-08-04 02:34:14,439 [Time-limited test] INFO  ipc.Server (Server.java:stop(3523)) - Stopping server on 9863
2023-08-04 02:34:14,440 [Time-limited test] INFO  server.StorageContainerManager (StorageContainerManager.java:stop(1623)) - Stopping the StorageContainerLocationProtocol RPC server
2023-08-04 02:34:14,440 [Time-limited test] INFO  server.SCMClientProtocolServer (SCMClientProtocolServer.java:stop(209)) - Stopping the RPC server for Client Protocol
2023-08-04 02:34:14,440 [Time-limited test] INFO  ipc.Server (Server.java:stop(3523)) - Stopping server on 9860
2023-08-04 02:34:14,440 [Time-limited test] INFO  server.StorageContainerManager (StorageContainerManager.java:stop(1630)) - Stopping Storage Container Manager HTTP server.
2023-08-04 02:34:14,440 [Time-limited test] INFO  server.StorageContainerManager (StorageContainerManager.java:stop(1638)) - Stopping SCM LayoutVersionManager Service.
2023-08-04 02:34:14,440 [Time-limited test] INFO  server.SCMSecurityProtocolServer (SCMSecurityProtocolServer.java:stop(552)) - Stopping the SCMSecurityProtocolServer.
2023-08-04 02:34:14,440 [Time-limited test] INFO  ipc.Server (Server.java:stop(3523)) - Stopping server on 9961
2023-08-04 02:34:14,445 [Time-limited test] INFO  server.SCMUpdateServiceGrpcServer (SCMUpdateServiceGrpcServer.java:stop(73)) - SCMUpdateService stopping
2023-08-04 02:34:14,445 [Time-limited test] INFO  server.StorageContainerManager (StorageContainerManager.java:stop(1650)) - Stopping Block Manager Service.
2023-08-04 02:34:14,445 [Time-limited test] INFO  utils.BackgroundService (BackgroundService.java:shutdown(141)) - Shutting down service SCMBlockDeletingService
2023-08-04 02:34:14,445 [Time-limited test] INFO  utils.BackgroundService (BackgroundService.java:shutdown(141)) - Shutting down service SCMBlockDeletingService
2023-08-04 02:34:14,445 [Time-limited test] INFO  server.StorageContainerManager (StorageContainerManager.java:stop(1670)) - Stopping SCM Event Queue.
2023-08-04 02:34:14,445 [Time-limited test] INFO  server.StorageContainerManager (StorageContainerManager.java:stop(1681)) - Stopping SCM HA services.
2023-08-04 02:34:14,445 [Time-limited test] INFO  pipeline.BackgroundPipelineCreator (BackgroundPipelineCreator.java:stop(149)) - Stopping RatisPipelineUtilsThread.
2023-08-04 02:34:14,447 [RatisPipelineUtilsThread - 0] WARN  pipeline.BackgroundPipelineCreator (BackgroundPipelineCreator.java:run(180)) - RatisPipelineUtilsThread is interrupted.
2023-08-04 02:34:14,448 [Time-limited test] INFO  BackgroundPipelineScrubber (BackgroundSCMService.java:stop(131)) - Stopping BackgroundPipelineScrubber Service.
2023-08-04 02:34:14,448 [BackgroundPipelineScrubberThread] WARN  BackgroundPipelineScrubber (BackgroundSCMService.java:run(115)) - BackgroundPipelineScrubber is interrupted, exit
2023-08-04 02:34:14,448 [Time-limited test] WARN  pipeline.BackgroundPipelineCreator (BackgroundPipelineCreator.java:stop(145)) - RatisPipelineUtilsThread is not running, just ignore.
2023-08-04 02:34:14,448 [Time-limited test] INFO  BackgroundPipelineScrubber (BackgroundSCMService.java:stop(126)) - BackgroundPipelineScrubber Service is not running, skip stop.
2023-08-04 02:34:14,448 [Time-limited test] INFO  ExpiredContainerReplicaOpScrubber (BackgroundSCMService.java:stop(131)) - Stopping ExpiredContainerReplicaOpScrubber Service.
2023-08-04 02:34:14,448 [ExpiredContainerReplicaOpScrubberThread] WARN  ExpiredContainerReplicaOpScrubber (BackgroundSCMService.java:run(115)) - ExpiredContainerReplicaOpScrubber is interrupted, exit
2023-08-04 02:34:14,448 [Time-limited test] INFO  utils.BackgroundService (BackgroundService.java:shutdown(141)) - Shutting down service SCMBlockDeletingService
2023-08-04 02:34:14,448 [Time-limited test] INFO  replication.ReplicationManager (ReplicationManager.java:stop(329)) - Replication Monitor Thread is not running.
2023-08-04 02:34:14,448 [Time-limited test] WARN  balancer.ContainerBalancer (ContainerBalancer.java:stop(326)) - Cannot stop Container Balancer because it's not running or stopping
2023-08-04 02:34:14,448 [Time-limited test] INFO  server.StorageContainerManager (StorageContainerManager.java:stop(1716)) - Stopping SCM MetadataStore.
2023-08-04 02:34:14,450 [Time-limited test] INFO  server.SCMSecurityProtocolServer (SCMSecurityProtocolServer.java:join(562)) - Join RPC server for SCMSecurityProtocolServer.
2023-08-04 02:34:14,452 [Time-limited test] INFO  server.SCMSecurityProtocolServer (SCMSecurityProtocolServer.java:join(564)) - Join gRPC server for SCMSecurityProtocolServer.
]]></system-out>
  </testcase>
  <testcase name="testCertificateRotationRecoverableFailure" classname="org.apache.hadoop.ozone.TestSecureOzoneCluster" time="24.21">
    <system-out><![CDATA[2023-08-04 02:34:14,495 [Time-limited test] INFO  net.ServerSocketUtil (ServerSocketUtil.java:getPort(55)) - Using port 9860
2023-08-04 02:34:14,495 [Time-limited test] INFO  net.ServerSocketUtil (ServerSocketUtil.java:getPort(55)) - Using port 9861
2023-08-04 02:34:14,496 [Time-limited test] INFO  net.ServerSocketUtil (ServerSocketUtil.java:getPort(55)) - Using port 9863
2023-08-04 02:34:14,496 [Time-limited test] INFO  net.ServerSocketUtil (ServerSocketUtil.java:getPort(55)) - Using port 9961
2023-08-04 02:34:14,496 [Time-limited test] INFO  net.ServerSocketUtil (ServerSocketUtil.java:getPort(55)) - Using port 1200
2023-08-04 02:34:14,496 [Time-limited test] INFO  net.ServerSocketUtil (ServerSocketUtil.java:getPort(55)) - Using port 1201
2023-08-04 02:34:14,498 [Time-limited test] INFO  minikdc.MiniKdc (MiniKdc.java:<init>(225)) - Configuration:
2023-08-04 02:34:14,498 [Time-limited test] INFO  minikdc.MiniKdc (MiniKdc.java:<init>(226)) - ---------------------------------------------------------------
2023-08-04 02:34:14,498 [Time-limited test] INFO  minikdc.MiniKdc (MiniKdc.java:<init>(228)) -   debug: false
2023-08-04 02:34:14,498 [Time-limited test] INFO  minikdc.MiniKdc (MiniKdc.java:<init>(228)) -   transport: TCP
2023-08-04 02:34:14,498 [Time-limited test] INFO  minikdc.MiniKdc (MiniKdc.java:<init>(228)) -   max.ticket.lifetime: 86400000
2023-08-04 02:34:14,498 [Time-limited test] INFO  minikdc.MiniKdc (MiniKdc.java:<init>(228)) -   org.name: EXAMPLE
2023-08-04 02:34:14,498 [Time-limited test] INFO  minikdc.MiniKdc (MiniKdc.java:<init>(228)) -   kdc.port: 0
2023-08-04 02:34:14,498 [Time-limited test] INFO  minikdc.MiniKdc (MiniKdc.java:<init>(228)) -   org.domain: COM
2023-08-04 02:34:14,498 [Time-limited test] INFO  minikdc.MiniKdc (MiniKdc.java:<init>(228)) -   max.renewable.lifetime: 604800000
2023-08-04 02:34:14,498 [Time-limited test] INFO  minikdc.MiniKdc (MiniKdc.java:<init>(228)) -   instance: DefaultKrbServer
2023-08-04 02:34:14,498 [Time-limited test] INFO  minikdc.MiniKdc (MiniKdc.java:<init>(228)) -   kdc.bind.address: localhost
2023-08-04 02:34:14,500 [Time-limited test] INFO  minikdc.MiniKdc (MiniKdc.java:<init>(230)) - ---------------------------------------------------------------
2023-08-04 02:34:14,503 [Time-limited test] INFO  minikdc.MiniKdc (MiniKdc.java:start(285)) - MiniKdc started.
2023-08-04 02:34:14,610 [Time-limited test] INFO  om.OzoneManager (OzoneManager.java:getOmDetailsProto(4555)) - OzoneManager ports added:[name: "RPC"
value: 1202
]
2023-08-04 02:34:14,611 [Time-limited test] WARN  server.ServerUtils (ServerUtils.java:getDBPath(311)) - ozone.om.db.dirs is not configured. We recommend adding this setting. Falling back to ozone.metadata.dirs instead.
2023-08-04 02:34:14,614 [Time-limited test] INFO  utils.SelfSignedCertificate (SelfSignedCertificate.java:generateCertificate(157)) - Certificate 1501509 is issued by CN=localhost,OU=test,O=cluster to CN=localhost,OU=test,O=cluster, valid from Fri Aug 04 02:34:14 UTC 2023 to Fri Aug 04 02:34:34 UTC 2023
2023-08-04 02:34:14,615 [Time-limited test] INFO  utils.CertificateCodec (CertificateCodec.java:writeCertificate(299)) - Save certificate to /tmp/junit1436328304491377816/junit696381367473936259/om-meta/om/certs/certificate.crt
2023-08-04 02:34:14,615 [Time-limited test] INFO  utils.CertificateCodec (CertificateCodec.java:writeCertificate(300)) - Certificate -----BEGIN CERTIFICATE-----
MIIC5TCCAc2gAwIBAgIDFulFMA0GCSqGSIb3DQEBCwUAMDUxEjAQBgNVBAMMCWxv
Y2FsaG9zdDENMAsGA1UECwwEdGVzdDEQMA4GA1UECgwHY2x1c3RlcjAeFw0yMzA4
MDQwMjM0MTRaFw0yMzA4MDQwMjM0MzRaMDUxEjAQBgNVBAMMCWxvY2FsaG9zdDEN
MAsGA1UECwwEdGVzdDEQMA4GA1UECgwHY2x1c3RlcjCCASIwDQYJKoZIhvcNAQEB
BQADggEPADCCAQoCggEBAJ5HHswEH87RcaQu2Lep28p/6nFtkTByq0SiRI2uSrgq
VoB3Io6UD7c2hGqBIXs47XYU0sREpapc5lrC7I9ina4eG+GUQ1c+4+oV0sO01rov
lH/Pc8DRRdK2OKBDOH3yl9IX1AnGnws3DR2UnQyc33qX7CVtrG/c3VJAj8kZXsS/
SBNObvRyox+nY0lZxPUFUXFcHYEsClRZLCDNqn6ZVjbcnueD13XEs57h/dlb3vjb
uVKxf7O+jJMd3Xa9w9uz+WNYBweGYUmF8jE13uMQ5K33kxGpTcri9NrwwWIkPSKp
KfVpskPtqjMoWEnLDKO9tSu7nb0vVEXXYXbmfgvBfZ8CAwEAATANBgkqhkiG9w0B
AQsFAAOCAQEAB/GPlKKJETRxFOkqWSedGhi5p7ijaM3OEXd5lgpqPPtQY54pv0lv
frEgzMa4G4Y88MNVdL97iXag1zmJXXeBmwbG4H0g3JtkYKZioN9T4PfBsgUm/d4+
ZHUesW0ipvuHuq2TzdRGSmvoPqBLEgq4KrM2vzuz0Ozsa3bASr8dsVPPicXY5GfG
PdksqfD3vRQa5aeUnypo246NDZPuR5X2ZpwLBUJ2xCE4mJkoaapMztRJRkz46+b6
xT/sKTpknWYRMsrfTd/d4PpiyQ37lloSshFMKqnCINAh7W0sKZtwRZ+Pu+Y52jnH
et1u2HnWHzgEG+ujwkvaEYQlkeu3PvykXA==
-----END CERTIFICATE-----

2023-08-04 02:34:14,632 [Time-limited test] INFO  utils.SelfSignedCertificate (SelfSignedCertificate.java:generateCertificate(157)) - Certificate 1501529 is issued by CN=localhost,OU=test,O=cluster to CN=localhost,OU=test,O=cluster, valid from Fri Aug 04 02:34:24 UTC 2023 to Fri Aug 04 02:34:44 UTC 2023
2023-08-04 02:34:14,633 [Time-limited test] INFO  security.OMCertificateClient (DefaultCertificateClient.java:updateCertSerialId(1226)) - Certificate serial ID set to 1501509
2023-08-04 02:34:14,634 [Time-limited test] INFO  security.OMCertificateClient (DefaultCertificateClient.java:readCertificateFile(236)) - Added certificate   [0]         Version: 3
         SerialNumber: 1501509
             IssuerDN: CN=localhost,OU=test,O=cluster
           Start Date: Fri Aug 04 02:34:14 UTC 2023
           Final Date: Fri Aug 04 02:34:34 UTC 2023
            SubjectDN: CN=localhost,OU=test,O=cluster
           Public Key: RSA Public Key [4a:95:56:0f:3e:72:14:ff:3c:76:6a:0a:72:ea:28:81:49:a8:04:e3],[56:66:d1:a4]
        modulus: 9e471ecc041fced171a42ed8b7a9dbca7fea716d913072ab44a2448dae4ab82a568077228e940fb736846a81217b38ed7614d2c444a5aa5ce65ac2ec8f629dae1e1be19443573ee3ea15d2c3b4d6ba2f947fcf73c0d145d2b638a043387df297d217d409c69f0b370d1d949d0c9cdf7a97ec256dac6fdcdd52408fc9195ec4bf48134e6ef472a31fa7634959c4f50551715c1d812c0a54592c20cdaa7e995636dc9ee783d775c4b39ee1fdd95bdef8dbb952b17fb3be8c931ddd76bdc3dbb3f96358070786614985f23135dee310e4adf79311a94dcae2f4daf0c162243d22a929f569b243edaa33285849cb0ca3bdb52bbb9dbd2f5445d76176e67e0bc17d9f
public exponent: 10001

  Signature Algorithm: SHA256WITHRSA
            Signature: 07f18f94a28911347114e92a59279d1a18b9a7b8
                       a368cdce117779960a6a3cfb50639e29bf496f7e
                       b120ccc6b81b863cf0c35574bf7b8976a0d73989
                       5d77819b06c6e07d20dc9b6460a662a0df53e0f7
                       c1b20526fdde3e64751eb16d22a6fb87baad93cd
                       d4464a6be83ea04b120ab82ab336bf3bb3d0ecec
                       6b76c04abf1db153cf89c5d8e467c63dd92ca9f0
                       f7bd141ae5a7949f2a68db8e8d0d93ee4795f666
                       9c0b054276c4213898992869aa4cced449464cf8
                       ebe6fac53fec293a649d661132cadf4ddfdde0fa
                       62c90dfb965a12b2114c2aa9c220d021ed6d2c29
                       9b70459f8fbbe639da39c77add6ed879d61f3804
                       1beba3c24bda11842591ebb73efca45c
 from file: /tmp/junit1436328304491377816/junit696381367473936259/om-meta/om/certs/certificate.crt.
2023-08-04 02:34:14,635 [Time-limited test] INFO  security.OMCertificateClient (DefaultCertificateClient.java:startCertificateRenewerService(1329)) - CertificateRenewerService for om is started with first delay 9366 ms and interval 3333 ms.
2023-08-04 02:34:14,635 [Time-limited test] INFO  security.OMCertificateClient (DefaultCertificateClient.java:init(707)) - Certificate client init case: 7
2023-08-04 02:34:14,635 [Time-limited test] INFO  security.OMCertificateClient (CommonCertificateClient.java:handleCase(110)) - Found certificate file along with KeyPair.
2023-08-04 02:34:14,639 [Time-limited test] INFO  security.OMCertificateClient (DefaultCertificateClient.java:validateKeyPairAndCertificate(786)) - Keypair validated.
2023-08-04 02:34:14,643 [Time-limited test] INFO  security.OMCertificateClient (DefaultCertificateClient.java:validateKeyPairAndCertificate(789)) - Keypair validated with certificate.
2023-08-04 02:34:24,001 [om-CertificateRenewerService] INFO  security.OMCertificateClient (DefaultCertificateClient.java:run(1365)) - Current certificate 1501509 needs to be renewed remaining grace period PT0S. Forced renewal due to root ca rotation: false.
2023-08-04 02:34:24,169 [om-CertificateRenewerService] INFO  ozone.OzoneSecurityUtil (OzoneSecurityUtil.java:getValidInetsForCurrentHost(119)) - ip:fe80:0:0:0:20d:3aff:fe7a:a89f%eth0 not returned.
2023-08-04 02:34:24,169 [om-CertificateRenewerService] INFO  ozone.OzoneSecurityUtil (OzoneSecurityUtil.java:getValidInetsForCurrentHost(116)) - Adding ip:10.1.0.9,host:fv-az621-180
2023-08-04 02:34:24,169 [om-CertificateRenewerService] INFO  ozone.OzoneSecurityUtil (OzoneSecurityUtil.java:getValidInetsForCurrentHost(119)) - ip:0:0:0:0:0:0:0:1%lo not returned.
2023-08-04 02:34:24,169 [om-CertificateRenewerService] INFO  ozone.OzoneSecurityUtil (OzoneSecurityUtil.java:getValidInetsForCurrentHost(119)) - ip:127.0.0.1 not returned.
2023-08-04 02:34:24,170 [om-CertificateRenewerService] ERROR utils.CertificateSignRequest (CertificateSignRequest.java:lambda$addInetAddresses$0(295)) - Invalid domain fv-az621-180
2023-08-04 02:34:24,170 [om-CertificateRenewerService] INFO  security.OMCertificateClient (OMCertificateClient.java:getCSRBuilder(114)) - Creating csr for OM->dns:fv-az621-180,ip:10.1.0.9,scmId:d31a86b0-4e17-41ad-a019-415ea343b8eb,clusterId:819977df-6279-4fc5-b98b-975609e9579b,subject:fv-az621-180
2023-08-04 02:34:24,173 [om-CertificateRenewerService] ERROR security.OMCertificateClient (DefaultCertificateClient.java:signAndStoreCertificate(1266)) - Error while signing and storing SCM signed certificate.
org.apache.hadoop.hdds.security.x509.exception.CertificateException: Unable to retrieve certificate chain.
	at org.apache.hadoop.hdds.security.x509.certificate.client.DefaultCertificateClient.signAndStoreCertificate(DefaultCertificateClient.java:1262)
	at org.apache.hadoop.hdds.security.x509.certificate.client.DefaultCertificateClient.renewAndStoreKeyAndCertificate(DefaultCertificateClient.java:1063)
	at org.apache.hadoop.hdds.security.x509.certificate.client.DefaultCertificateClient$CertificateRenewerService.run(DefaultCertificateClient.java:1370)
	at java.util.concurrent.Executors$RunnableAdapter.call(Executors.java:511)
	at java.util.concurrent.FutureTask.runAndReset(FutureTask.java:308)
	at java.util.concurrent.ScheduledThreadPoolExecutor$ScheduledFutureTask.access$301(ScheduledThreadPoolExecutor.java:180)
	at java.util.concurrent.ScheduledThreadPoolExecutor$ScheduledFutureTask.run(ScheduledThreadPoolExecutor.java:294)
	at java.util.concurrent.ThreadPoolExecutor.runWorker(ThreadPoolExecutor.java:1149)
	at java.util.concurrent.ThreadPoolExecutor$Worker.run(ThreadPoolExecutor.java:624)
	at java.lang.Thread.run(Thread.java:750)
2023-08-04 02:34:24,175 [om-CertificateRenewerService] ERROR security.OMCertificateClient (DefaultCertificateClient.java:run(1381)) - Failed to renew and store key and cert. Keep using existing certificates.
org.apache.hadoop.hdds.security.x509.exception.CertificateException: Error while signing and storing new certificates.
	at org.apache.hadoop.hdds.security.x509.certificate.client.DefaultCertificateClient.renewAndStoreKeyAndCertificate(DefaultCertificateClient.java:1066)
	at org.apache.hadoop.hdds.security.x509.certificate.client.DefaultCertificateClient$CertificateRenewerService.run(DefaultCertificateClient.java:1370)
	at java.util.concurrent.Executors$RunnableAdapter.call(Executors.java:511)
	at java.util.concurrent.FutureTask.runAndReset(FutureTask.java:308)
	at java.util.concurrent.ScheduledThreadPoolExecutor$ScheduledFutureTask.access$301(ScheduledThreadPoolExecutor.java:180)
	at java.util.concurrent.ScheduledThreadPoolExecutor$ScheduledFutureTask.run(ScheduledThreadPoolExecutor.java:294)
	at java.util.concurrent.ThreadPoolExecutor.runWorker(ThreadPoolExecutor.java:1149)
	at java.util.concurrent.ThreadPoolExecutor$Worker.run(ThreadPoolExecutor.java:624)
	at java.lang.Thread.run(Thread.java:750)
Caused by: org.apache.hadoop.hdds.security.x509.exception.CertificateException: Error while signing and storing SCM signed certificate.
	at org.apache.hadoop.hdds.security.x509.certificate.client.DefaultCertificateClient.signAndStoreCertificate(DefaultCertificateClient.java:1268)
	at org.apache.hadoop.hdds.security.x509.certificate.client.DefaultCertificateClient.renewAndStoreKeyAndCertificate(DefaultCertificateClient.java:1063)
	... 8 more
Caused by: org.apache.hadoop.hdds.security.x509.exception.CertificateException: Unable to retrieve certificate chain.
	at org.apache.hadoop.hdds.security.x509.certificate.client.DefaultCertificateClient.signAndStoreCertificate(DefaultCertificateClient.java:1262)
	... 9 more
2023-08-04 02:34:27,334 [om-CertificateRenewerService] INFO  security.OMCertificateClient (DefaultCertificateClient.java:run(1365)) - Current certificate 1501509 needs to be renewed remaining grace period PT0S. Forced renewal due to root ca rotation: false.
2023-08-04 02:34:27,542 [om-CertificateRenewerService] INFO  ozone.OzoneSecurityUtil (OzoneSecurityUtil.java:getValidInetsForCurrentHost(119)) - ip:fe80:0:0:0:20d:3aff:fe7a:a89f%eth0 not returned.
2023-08-04 02:34:27,543 [om-CertificateRenewerService] INFO  ozone.OzoneSecurityUtil (OzoneSecurityUtil.java:getValidInetsForCurrentHost(116)) - Adding ip:10.1.0.9,host:fv-az621-180
2023-08-04 02:34:27,543 [om-CertificateRenewerService] INFO  ozone.OzoneSecurityUtil (OzoneSecurityUtil.java:getValidInetsForCurrentHost(119)) - ip:0:0:0:0:0:0:0:1%lo not returned.
2023-08-04 02:34:27,543 [om-CertificateRenewerService] INFO  ozone.OzoneSecurityUtil (OzoneSecurityUtil.java:getValidInetsForCurrentHost(119)) - ip:127.0.0.1 not returned.
2023-08-04 02:34:27,543 [om-CertificateRenewerService] ERROR utils.CertificateSignRequest (CertificateSignRequest.java:lambda$addInetAddresses$0(295)) - Invalid domain fv-az621-180
2023-08-04 02:34:27,543 [om-CertificateRenewerService] INFO  security.OMCertificateClient (OMCertificateClient.java:getCSRBuilder(114)) - Creating csr for OM->dns:fv-az621-180,ip:10.1.0.9,scmId:d31a86b0-4e17-41ad-a019-415ea343b8eb,clusterId:819977df-6279-4fc5-b98b-975609e9579b,subject:fv-az621-180
2023-08-04 02:34:27,545 [om-CertificateRenewerService] ERROR security.OMCertificateClient (DefaultCertificateClient.java:signAndStoreCertificate(1266)) - Error while signing and storing SCM signed certificate.
org.apache.hadoop.hdds.security.x509.exception.CertificateException: Unable to retrieve certificate chain.
	at org.apache.hadoop.hdds.security.x509.certificate.client.DefaultCertificateClient.signAndStoreCertificate(DefaultCertificateClient.java:1262)
	at org.apache.hadoop.hdds.security.x509.certificate.client.DefaultCertificateClient.renewAndStoreKeyAndCertificate(DefaultCertificateClient.java:1063)
	at org.apache.hadoop.hdds.security.x509.certificate.client.DefaultCertificateClient$CertificateRenewerService.run(DefaultCertificateClient.java:1370)
	at java.util.concurrent.Executors$RunnableAdapter.call(Executors.java:511)
	at java.util.concurrent.FutureTask.runAndReset(FutureTask.java:308)
	at java.util.concurrent.ScheduledThreadPoolExecutor$ScheduledFutureTask.access$301(ScheduledThreadPoolExecutor.java:180)
	at java.util.concurrent.ScheduledThreadPoolExecutor$ScheduledFutureTask.run(ScheduledThreadPoolExecutor.java:294)
	at java.util.concurrent.ThreadPoolExecutor.runWorker(ThreadPoolExecutor.java:1149)
	at java.util.concurrent.ThreadPoolExecutor$Worker.run(ThreadPoolExecutor.java:624)
	at java.lang.Thread.run(Thread.java:750)
2023-08-04 02:34:27,545 [om-CertificateRenewerService] ERROR security.OMCertificateClient (DefaultCertificateClient.java:run(1381)) - Failed to renew and store key and cert. Keep using existing certificates.
org.apache.hadoop.hdds.security.x509.exception.CertificateException: Error while signing and storing new certificates.
	at org.apache.hadoop.hdds.security.x509.certificate.client.DefaultCertificateClient.renewAndStoreKeyAndCertificate(DefaultCertificateClient.java:1066)
	at org.apache.hadoop.hdds.security.x509.certificate.client.DefaultCertificateClient$CertificateRenewerService.run(DefaultCertificateClient.java:1370)
	at java.util.concurrent.Executors$RunnableAdapter.call(Executors.java:511)
	at java.util.concurrent.FutureTask.runAndReset(FutureTask.java:308)
	at java.util.concurrent.ScheduledThreadPoolExecutor$ScheduledFutureTask.access$301(ScheduledThreadPoolExecutor.java:180)
	at java.util.concurrent.ScheduledThreadPoolExecutor$ScheduledFutureTask.run(ScheduledThreadPoolExecutor.java:294)
	at java.util.concurrent.ThreadPoolExecutor.runWorker(ThreadPoolExecutor.java:1149)
	at java.util.concurrent.ThreadPoolExecutor$Worker.run(ThreadPoolExecutor.java:624)
	at java.lang.Thread.run(Thread.java:750)
Caused by: org.apache.hadoop.hdds.security.x509.exception.CertificateException: Error while signing and storing SCM signed certificate.
	at org.apache.hadoop.hdds.security.x509.certificate.client.DefaultCertificateClient.signAndStoreCertificate(DefaultCertificateClient.java:1268)
	at org.apache.hadoop.hdds.security.x509.certificate.client.DefaultCertificateClient.renewAndStoreKeyAndCertificate(DefaultCertificateClient.java:1063)
	... 8 more
Caused by: org.apache.hadoop.hdds.security.x509.exception.CertificateException: Unable to retrieve certificate chain.
	at org.apache.hadoop.hdds.security.x509.certificate.client.DefaultCertificateClient.signAndStoreCertificate(DefaultCertificateClient.java:1262)
	... 9 more
2023-08-04 02:34:30,667 [om-CertificateRenewerService] INFO  security.OMCertificateClient (DefaultCertificateClient.java:run(1365)) - Current certificate 1501509 needs to be renewed remaining grace period PT0S. Forced renewal due to root ca rotation: false.
2023-08-04 02:34:30,815 [om-CertificateRenewerService] INFO  ozone.OzoneSecurityUtil (OzoneSecurityUtil.java:getValidInetsForCurrentHost(119)) - ip:fe80:0:0:0:20d:3aff:fe7a:a89f%eth0 not returned.
2023-08-04 02:34:30,815 [om-CertificateRenewerService] INFO  ozone.OzoneSecurityUtil (OzoneSecurityUtil.java:getValidInetsForCurrentHost(116)) - Adding ip:10.1.0.9,host:fv-az621-180
2023-08-04 02:34:30,815 [om-CertificateRenewerService] INFO  ozone.OzoneSecurityUtil (OzoneSecurityUtil.java:getValidInetsForCurrentHost(119)) - ip:0:0:0:0:0:0:0:1%lo not returned.
2023-08-04 02:34:30,815 [om-CertificateRenewerService] INFO  ozone.OzoneSecurityUtil (OzoneSecurityUtil.java:getValidInetsForCurrentHost(119)) - ip:127.0.0.1 not returned.
2023-08-04 02:34:30,815 [om-CertificateRenewerService] ERROR utils.CertificateSignRequest (CertificateSignRequest.java:lambda$addInetAddresses$0(295)) - Invalid domain fv-az621-180
2023-08-04 02:34:30,815 [om-CertificateRenewerService] INFO  security.OMCertificateClient (OMCertificateClient.java:getCSRBuilder(114)) - Creating csr for OM->dns:fv-az621-180,ip:10.1.0.9,scmId:d31a86b0-4e17-41ad-a019-415ea343b8eb,clusterId:819977df-6279-4fc5-b98b-975609e9579b,subject:fv-az621-180
2023-08-04 02:34:30,818 [om-CertificateRenewerService] ERROR security.OMCertificateClient (DefaultCertificateClient.java:signAndStoreCertificate(1266)) - Error while signing and storing SCM signed certificate.
org.apache.hadoop.hdds.security.x509.exception.CertificateException: Unable to retrieve certificate chain.
	at org.apache.hadoop.hdds.security.x509.certificate.client.DefaultCertificateClient.signAndStoreCertificate(DefaultCertificateClient.java:1262)
	at org.apache.hadoop.hdds.security.x509.certificate.client.DefaultCertificateClient.renewAndStoreKeyAndCertificate(DefaultCertificateClient.java:1063)
	at org.apache.hadoop.hdds.security.x509.certificate.client.DefaultCertificateClient$CertificateRenewerService.run(DefaultCertificateClient.java:1370)
	at java.util.concurrent.Executors$RunnableAdapter.call(Executors.java:511)
	at java.util.concurrent.FutureTask.runAndReset(FutureTask.java:308)
	at java.util.concurrent.ScheduledThreadPoolExecutor$ScheduledFutureTask.access$301(ScheduledThreadPoolExecutor.java:180)
	at java.util.concurrent.ScheduledThreadPoolExecutor$ScheduledFutureTask.run(ScheduledThreadPoolExecutor.java:294)
	at java.util.concurrent.ThreadPoolExecutor.runWorker(ThreadPoolExecutor.java:1149)
	at java.util.concurrent.ThreadPoolExecutor$Worker.run(ThreadPoolExecutor.java:624)
	at java.lang.Thread.run(Thread.java:750)
2023-08-04 02:34:30,818 [om-CertificateRenewerService] ERROR security.OMCertificateClient (DefaultCertificateClient.java:run(1381)) - Failed to renew and store key and cert. Keep using existing certificates.
org.apache.hadoop.hdds.security.x509.exception.CertificateException: Error while signing and storing new certificates.
	at org.apache.hadoop.hdds.security.x509.certificate.client.DefaultCertificateClient.renewAndStoreKeyAndCertificate(DefaultCertificateClient.java:1066)
	at org.apache.hadoop.hdds.security.x509.certificate.client.DefaultCertificateClient$CertificateRenewerService.run(DefaultCertificateClient.java:1370)
	at java.util.concurrent.Executors$RunnableAdapter.call(Executors.java:511)
	at java.util.concurrent.FutureTask.runAndReset(FutureTask.java:308)
	at java.util.concurrent.ScheduledThreadPoolExecutor$ScheduledFutureTask.access$301(ScheduledThreadPoolExecutor.java:180)
	at java.util.concurrent.ScheduledThreadPoolExecutor$ScheduledFutureTask.run(ScheduledThreadPoolExecutor.java:294)
	at java.util.concurrent.ThreadPoolExecutor.runWorker(ThreadPoolExecutor.java:1149)
	at java.util.concurrent.ThreadPoolExecutor$Worker.run(ThreadPoolExecutor.java:624)
	at java.lang.Thread.run(Thread.java:750)
Caused by: org.apache.hadoop.hdds.security.x509.exception.CertificateException: Error while signing and storing SCM signed certificate.
	at org.apache.hadoop.hdds.security.x509.certificate.client.DefaultCertificateClient.signAndStoreCertificate(DefaultCertificateClient.java:1268)
	at org.apache.hadoop.hdds.security.x509.certificate.client.DefaultCertificateClient.renewAndStoreKeyAndCertificate(DefaultCertificateClient.java:1063)
	... 8 more
Caused by: org.apache.hadoop.hdds.security.x509.exception.CertificateException: Unable to retrieve certificate chain.
	at org.apache.hadoop.hdds.security.x509.certificate.client.DefaultCertificateClient.signAndStoreCertificate(DefaultCertificateClient.java:1262)
	... 9 more
2023-08-04 02:34:34,000 [om-CertificateRenewerService] INFO  security.OMCertificateClient (DefaultCertificateClient.java:run(1365)) - Current certificate 1501509 needs to be renewed remaining grace period PT0S. Forced renewal due to root ca rotation: false.
2023-08-04 02:34:34,411 [om-CertificateRenewerService] INFO  ozone.OzoneSecurityUtil (OzoneSecurityUtil.java:getValidInetsForCurrentHost(119)) - ip:fe80:0:0:0:20d:3aff:fe7a:a89f%eth0 not returned.
2023-08-04 02:34:34,411 [om-CertificateRenewerService] INFO  ozone.OzoneSecurityUtil (OzoneSecurityUtil.java:getValidInetsForCurrentHost(116)) - Adding ip:10.1.0.9,host:fv-az621-180
2023-08-04 02:34:34,412 [om-CertificateRenewerService] INFO  ozone.OzoneSecurityUtil (OzoneSecurityUtil.java:getValidInetsForCurrentHost(119)) - ip:0:0:0:0:0:0:0:1%lo not returned.
2023-08-04 02:34:34,412 [om-CertificateRenewerService] INFO  ozone.OzoneSecurityUtil (OzoneSecurityUtil.java:getValidInetsForCurrentHost(119)) - ip:127.0.0.1 not returned.
2023-08-04 02:34:34,412 [om-CertificateRenewerService] ERROR utils.CertificateSignRequest (CertificateSignRequest.java:lambda$addInetAddresses$0(295)) - Invalid domain fv-az621-180
2023-08-04 02:34:34,412 [om-CertificateRenewerService] INFO  security.OMCertificateClient (OMCertificateClient.java:getCSRBuilder(114)) - Creating csr for OM->dns:fv-az621-180,ip:10.1.0.9,scmId:d31a86b0-4e17-41ad-a019-415ea343b8eb,clusterId:819977df-6279-4fc5-b98b-975609e9579b,subject:fv-az621-180
2023-08-04 02:34:34,414 [om-CertificateRenewerService] ERROR security.OMCertificateClient (DefaultCertificateClient.java:signAndStoreCertificate(1266)) - Error while signing and storing SCM signed certificate.
org.apache.hadoop.hdds.security.x509.exception.CertificateException: Unable to retrieve certificate chain.
	at org.apache.hadoop.hdds.security.x509.certificate.client.DefaultCertificateClient.signAndStoreCertificate(DefaultCertificateClient.java:1262)
	at org.apache.hadoop.hdds.security.x509.certificate.client.DefaultCertificateClient.renewAndStoreKeyAndCertificate(DefaultCertificateClient.java:1063)
	at org.apache.hadoop.hdds.security.x509.certificate.client.DefaultCertificateClient$CertificateRenewerService.run(DefaultCertificateClient.java:1370)
	at java.util.concurrent.Executors$RunnableAdapter.call(Executors.java:511)
	at java.util.concurrent.FutureTask.runAndReset(FutureTask.java:308)
	at java.util.concurrent.ScheduledThreadPoolExecutor$ScheduledFutureTask.access$301(ScheduledThreadPoolExecutor.java:180)
	at java.util.concurrent.ScheduledThreadPoolExecutor$ScheduledFutureTask.run(ScheduledThreadPoolExecutor.java:294)
	at java.util.concurrent.ThreadPoolExecutor.runWorker(ThreadPoolExecutor.java:1149)
	at java.util.concurrent.ThreadPoolExecutor$Worker.run(ThreadPoolExecutor.java:624)
	at java.lang.Thread.run(Thread.java:750)
2023-08-04 02:34:34,414 [om-CertificateRenewerService] ERROR security.OMCertificateClient (DefaultCertificateClient.java:run(1381)) - Failed to renew and store key and cert. Keep using existing certificates.
org.apache.hadoop.hdds.security.x509.exception.CertificateException: Error while signing and storing new certificates.
	at org.apache.hadoop.hdds.security.x509.certificate.client.DefaultCertificateClient.renewAndStoreKeyAndCertificate(DefaultCertificateClient.java:1066)
	at org.apache.hadoop.hdds.security.x509.certificate.client.DefaultCertificateClient$CertificateRenewerService.run(DefaultCertificateClient.java:1370)
	at java.util.concurrent.Executors$RunnableAdapter.call(Executors.java:511)
	at java.util.concurrent.FutureTask.runAndReset(FutureTask.java:308)
	at java.util.concurrent.ScheduledThreadPoolExecutor$ScheduledFutureTask.access$301(ScheduledThreadPoolExecutor.java:180)
	at java.util.concurrent.ScheduledThreadPoolExecutor$ScheduledFutureTask.run(ScheduledThreadPoolExecutor.java:294)
	at java.util.concurrent.ThreadPoolExecutor.runWorker(ThreadPoolExecutor.java:1149)
	at java.util.concurrent.ThreadPoolExecutor$Worker.run(ThreadPoolExecutor.java:624)
	at java.lang.Thread.run(Thread.java:750)
Caused by: org.apache.hadoop.hdds.security.x509.exception.CertificateException: Error while signing and storing SCM signed certificate.
	at org.apache.hadoop.hdds.security.x509.certificate.client.DefaultCertificateClient.signAndStoreCertificate(DefaultCertificateClient.java:1268)
	at org.apache.hadoop.hdds.security.x509.certificate.client.DefaultCertificateClient.renewAndStoreKeyAndCertificate(DefaultCertificateClient.java:1063)
	... 8 more
Caused by: org.apache.hadoop.hdds.security.x509.exception.CertificateException: Unable to retrieve certificate chain.
	at org.apache.hadoop.hdds.security.x509.certificate.client.DefaultCertificateClient.signAndStoreCertificate(DefaultCertificateClient.java:1262)
	... 9 more
2023-08-04 02:34:34,657 [Time-limited test] INFO  utils.SelfSignedCertificate (SelfSignedCertificate.java:generateCertificate(157)) - Certificate 1521553 is issued by CN=localhost,OU=test,O=cluster to CN=localhost,OU=test,O=cluster, valid from Fri Aug 04 02:34:34 UTC 2023 to Fri Aug 04 02:34:54 UTC 2023
2023-08-04 02:34:37,333 [om-CertificateRenewerService] INFO  security.OMCertificateClient (DefaultCertificateClient.java:run(1365)) - Current certificate 1501509 needs to be renewed remaining grace period PT0S. Forced renewal due to root ca rotation: false.
2023-08-04 02:34:37,509 [om-CertificateRenewerService] INFO  ozone.OzoneSecurityUtil (OzoneSecurityUtil.java:getValidInetsForCurrentHost(119)) - ip:fe80:0:0:0:20d:3aff:fe7a:a89f%eth0 not returned.
2023-08-04 02:34:37,509 [om-CertificateRenewerService] INFO  ozone.OzoneSecurityUtil (OzoneSecurityUtil.java:getValidInetsForCurrentHost(116)) - Adding ip:10.1.0.9,host:fv-az621-180
2023-08-04 02:34:37,509 [om-CertificateRenewerService] INFO  ozone.OzoneSecurityUtil (OzoneSecurityUtil.java:getValidInetsForCurrentHost(119)) - ip:0:0:0:0:0:0:0:1%lo not returned.
2023-08-04 02:34:37,509 [om-CertificateRenewerService] INFO  ozone.OzoneSecurityUtil (OzoneSecurityUtil.java:getValidInetsForCurrentHost(119)) - ip:127.0.0.1 not returned.
2023-08-04 02:34:37,510 [om-CertificateRenewerService] ERROR utils.CertificateSignRequest (CertificateSignRequest.java:lambda$addInetAddresses$0(295)) - Invalid domain fv-az621-180
2023-08-04 02:34:37,510 [om-CertificateRenewerService] INFO  security.OMCertificateClient (OMCertificateClient.java:getCSRBuilder(114)) - Creating csr for OM->dns:fv-az621-180,ip:10.1.0.9,scmId:d31a86b0-4e17-41ad-a019-415ea343b8eb,clusterId:819977df-6279-4fc5-b98b-975609e9579b,subject:fv-az621-180
2023-08-04 02:34:37,512 [om-CertificateRenewerService] INFO  utils.CertificateCodec (CertificateCodec.java:writeCertificate(299)) - Save certificate to /tmp/junit1436328304491377816/junit696381367473936259/om-meta/om/certs-next/1521553.crt
2023-08-04 02:34:37,512 [om-CertificateRenewerService] INFO  utils.CertificateCodec (CertificateCodec.java:writeCertificate(300)) - Certificate -----BEGIN CERTIFICATE-----
MIIB4DCCAUmgAwIBAgIDFzeRMA0GCSqGSIb3DQEBCwUAMDUxEjAQBgNVBAMMCWxv
Y2FsaG9zdDENMAsGA1UECwwEdGVzdDEQMA4GA1UECgwHY2x1c3RlcjAeFw0yMzA4
MDQwMjM0MzRaFw0yMzA4MDQwMjM0NTRaMDUxEjAQBgNVBAMMCWxvY2FsaG9zdDEN
MAsGA1UECwwEdGVzdDEQMA4GA1UECgwHY2x1c3RlcjCBnzANBgkqhkiG9w0BAQEF
AAOBjQAwgYkCgYEAiAxq8BbbXFLNn9+2DurDRw40GGgzIEo4ARA1JvvdABS+ibCQ
fCs2dOrKbnjo9qBzPbJr9HC4EjpHodjLvMnWFy/xlvHrWIpRf1Ajs+zLX8Zymrv8
EpfbybzhYXYpChEcyiDjlWmkk6qFmWy8twZNeMuTnl7QGS1nCAEoP7SfvA8CAwEA
ATANBgkqhkiG9w0BAQsFAAOBgQBK3R6FCd2zzY+C2Ovc+ZD5qD51lWfXaNNuk5IW
V8k5W4gXh2g1dUjW3x0+DTzCjaxl9VFXOogwSNV9HewepZf5uxcy3wUXfOxo3RsE
chC7XGOqRbsUg7orslgFHxq0P/cYmKHoersKF2/7OXEFHt+jgUOD6du6RE6+8WhY
t+aOXQ==
-----END CERTIFICATE-----

2023-08-04 02:34:37,513 [om-CertificateRenewerService] INFO  utils.CertificateCodec (CertificateCodec.java:writeCertificate(299)) - Save certificate to /tmp/junit1436328304491377816/junit696381367473936259/om-meta/om/certs-next/CA-1521553.crt
2023-08-04 02:34:37,513 [om-CertificateRenewerService] INFO  utils.CertificateCodec (CertificateCodec.java:writeCertificate(300)) - Certificate -----BEGIN CERTIFICATE-----
MIIB4DCCAUmgAwIBAgIDFzeRMA0GCSqGSIb3DQEBCwUAMDUxEjAQBgNVBAMMCWxv
Y2FsaG9zdDENMAsGA1UECwwEdGVzdDEQMA4GA1UECgwHY2x1c3RlcjAeFw0yMzA4
MDQwMjM0MzRaFw0yMzA4MDQwMjM0NTRaMDUxEjAQBgNVBAMMCWxvY2FsaG9zdDEN
MAsGA1UECwwEdGVzdDEQMA4GA1UECgwHY2x1c3RlcjCBnzANBgkqhkiG9w0BAQEF
AAOBjQAwgYkCgYEAiAxq8BbbXFLNn9+2DurDRw40GGgzIEo4ARA1JvvdABS+ibCQ
fCs2dOrKbnjo9qBzPbJr9HC4EjpHodjLvMnWFy/xlvHrWIpRf1Ajs+zLX8Zymrv8
EpfbybzhYXYpChEcyiDjlWmkk6qFmWy8twZNeMuTnl7QGS1nCAEoP7SfvA8CAwEA
ATANBgkqhkiG9w0BAQsFAAOBgQBK3R6FCd2zzY+C2Ovc+ZD5qD51lWfXaNNuk5IW
V8k5W4gXh2g1dUjW3x0+DTzCjaxl9VFXOogwSNV9HewepZf5uxcy3wUXfOxo3RsE
chC7XGOqRbsUg7orslgFHxq0P/cYmKHoersKF2/7OXEFHt+jgUOD6du6RE6+8WhY
t+aOXQ==
-----END CERTIFICATE-----

2023-08-04 02:34:37,513 [om-CertificateRenewerService] INFO  security.OMCertificateClient (DefaultCertificateClient.java:updateCertSerialId(1226)) - Certificate serial ID set to 1521553
2023-08-04 02:34:37,514 [om-CertificateRenewerService] INFO  security.OMCertificateClient (DefaultCertificateClient.java:readCertificateFile(236)) - Added certificate   [0]         Version: 3
         SerialNumber: 1501509
             IssuerDN: CN=localhost,OU=test,O=cluster
           Start Date: Fri Aug 04 02:34:14 UTC 2023
           Final Date: Fri Aug 04 02:34:34 UTC 2023
            SubjectDN: CN=localhost,OU=test,O=cluster
           Public Key: RSA Public Key [4a:95:56:0f:3e:72:14:ff:3c:76:6a:0a:72:ea:28:81:49:a8:04:e3],[56:66:d1:a4]
        modulus: 9e471ecc041fced171a42ed8b7a9dbca7fea716d913072ab44a2448dae4ab82a568077228e940fb736846a81217b38ed7614d2c444a5aa5ce65ac2ec8f629dae1e1be19443573ee3ea15d2c3b4d6ba2f947fcf73c0d145d2b638a043387df297d217d409c69f0b370d1d949d0c9cdf7a97ec256dac6fdcdd52408fc9195ec4bf48134e6ef472a31fa7634959c4f50551715c1d812c0a54592c20cdaa7e995636dc9ee783d775c4b39ee1fdd95bdef8dbb952b17fb3be8c931ddd76bdc3dbb3f96358070786614985f23135dee310e4adf79311a94dcae2f4daf0c162243d22a929f569b243edaa33285849cb0ca3bdb52bbb9dbd2f5445d76176e67e0bc17d9f
public exponent: 10001

  Signature Algorithm: SHA256WITHRSA
            Signature: 07f18f94a28911347114e92a59279d1a18b9a7b8
                       a368cdce117779960a6a3cfb50639e29bf496f7e
                       b120ccc6b81b863cf0c35574bf7b8976a0d73989
                       5d77819b06c6e07d20dc9b6460a662a0df53e0f7
                       c1b20526fdde3e64751eb16d22a6fb87baad93cd
                       d4464a6be83ea04b120ab82ab336bf3bb3d0ecec
                       6b76c04abf1db153cf89c5d8e467c63dd92ca9f0
                       f7bd141ae5a7949f2a68db8e8d0d93ee4795f666
                       9c0b054276c4213898992869aa4cced449464cf8
                       ebe6fac53fec293a649d661132cadf4ddfdde0fa
                       62c90dfb965a12b2114c2aa9c220d021ed6d2c29
                       9b70459f8fbbe639da39c77add6ed879d61f3804
                       1beba3c24bda11842591ebb73efca45c
 from file: /tmp/junit1436328304491377816/junit696381367473936259/om-meta/om/certs/certificate.crt.
2023-08-04 02:34:37,514 [om-CertificateRenewerService] INFO  security.OMCertificateClient (DefaultCertificateClient.java:renewAndStoreKeyAndCertificate(1142)) - Successful renew key and certificate. New certificate 1521553.
2023-08-04 02:34:37,514 [om-CertificateRenewerService] INFO  security.OMCertificateClient (DefaultCertificateClient.java:updateCertSerialId(1226)) - Certificate serial ID set to 1521553
2023-08-04 02:34:37,515 [om-CertificateRenewerService] INFO  security.OMCertificateClient (DefaultCertificateClient.java:readCertificateFile(236)) - Added certificate   [0]         Version: 3
         SerialNumber: 1521553
             IssuerDN: CN=localhost,OU=test,O=cluster
           Start Date: Fri Aug 04 02:34:34 UTC 2023
           Final Date: Fri Aug 04 02:34:54 UTC 2023
            SubjectDN: CN=localhost,OU=test,O=cluster
           Public Key: RSA Public Key [51:16:8d:87:f0:ad:e6:29:7e:f0:76:18:01:58:73:ea:ba:67:72:66],[56:66:d1:a4]
        modulus: 880c6af016db5c52cd9fdfb60eeac3470e34186833204a3801103526fbdd0014be89b0907c2b3674eaca6e78e8f6a0733db26bf470b8123a47a1d8cbbcc9d6172ff196f1eb588a517f5023b3eccb5fc6729abbfc1297dbc9bce16176290a111cca20e39569a493aa85996cbcb7064d78cb939e5ed0192d670801283fb49fbc0f
public exponent: 10001

  Signature Algorithm: SHA256WITHRSA
            Signature: 4add1e8509ddb3cd8f82d8ebdcf990f9a83e7595
                       67d768d36e93921657c9395b88178768357548d6
                       df1d3e0d3cc28dac65f551573a883048d57d1dec
                       1ea597f9bb1732df05177cec68dd1b047210bb5c
                       63aa45bb1483ba2bb258051f1ab43ff71898a1e8
                       7abb0a176ffb3971051edfa3814383e9dbba444e
                       bef16858b7e68e5d
 from file: /tmp/junit1436328304491377816/junit696381367473936259/om-meta/om/certs/1521553.crt.
2023-08-04 02:34:37,516 [om-CertificateRenewerService] INFO  security.OMCertificateClient (DefaultCertificateClient.java:readCertificateFile(236)) - Added certificate   [0]         Version: 3
         SerialNumber: 1521553
             IssuerDN: CN=localhost,OU=test,O=cluster
           Start Date: Fri Aug 04 02:34:34 UTC 2023
           Final Date: Fri Aug 04 02:34:54 UTC 2023
            SubjectDN: CN=localhost,OU=test,O=cluster
           Public Key: RSA Public Key [51:16:8d:87:f0:ad:e6:29:7e:f0:76:18:01:58:73:ea:ba:67:72:66],[56:66:d1:a4]
        modulus: 880c6af016db5c52cd9fdfb60eeac3470e34186833204a3801103526fbdd0014be89b0907c2b3674eaca6e78e8f6a0733db26bf470b8123a47a1d8cbbcc9d6172ff196f1eb588a517f5023b3eccb5fc6729abbfc1297dbc9bce16176290a111cca20e39569a493aa85996cbcb7064d78cb939e5ed0192d670801283fb49fbc0f
public exponent: 10001

  Signature Algorithm: SHA256WITHRSA
            Signature: 4add1e8509ddb3cd8f82d8ebdcf990f9a83e7595
                       67d768d36e93921657c9395b88178768357548d6
                       df1d3e0d3cc28dac65f551573a883048d57d1dec
                       1ea597f9bb1732df05177cec68dd1b047210bb5c
                       63aa45bb1483ba2bb258051f1ab43ff71898a1e8
                       7abb0a176ffb3971051edfa3814383e9dbba444e
                       bef16858b7e68e5d
 from file: /tmp/junit1436328304491377816/junit696381367473936259/om-meta/om/certs/CA-1521553.crt.
2023-08-04 02:34:37,516 [om-CertificateRenewerService] INFO  security.OMCertificateClient (DefaultCertificateClient.java:reloadKeyAndCertificate(1212)) - Reset and reloaded key and all certificates for new certificate 1521553.
2023-08-04 02:34:37,660 [Time-limited test] INFO  impl.DefaultInternalKdcServerImpl (DefaultInternalKdcServerImpl.java:doStop(102)) - Default Internal kdc server stopped.
2023-08-04 02:34:38,661 [Time-limited test] INFO  minikdc.MiniKdc (MiniKdc.java:stop(359)) - MiniKdc stopped.
]]></system-out>
  </testcase>
  <testcase name="testSecureOMInitializationFailure" classname="org.apache.hadoop.ozone.TestSecureOzoneCluster" time="3.779">
    <system-out><![CDATA[2023-08-04 02:34:38,680 [Time-limited test] INFO  net.ServerSocketUtil (ServerSocketUtil.java:getPort(55)) - Using port 9860
2023-08-04 02:34:38,680 [Time-limited test] INFO  net.ServerSocketUtil (ServerSocketUtil.java:getPort(55)) - Using port 9861
2023-08-04 02:34:38,680 [Time-limited test] INFO  net.ServerSocketUtil (ServerSocketUtil.java:getPort(55)) - Using port 9863
2023-08-04 02:34:38,680 [Time-limited test] INFO  net.ServerSocketUtil (ServerSocketUtil.java:getPort(55)) - Using port 9961
2023-08-04 02:34:38,680 [Time-limited test] INFO  net.ServerSocketUtil (ServerSocketUtil.java:getPort(55)) - Using port 1200
2023-08-04 02:34:38,680 [Time-limited test] INFO  net.ServerSocketUtil (ServerSocketUtil.java:getPort(55)) - Using port 1201
2023-08-04 02:34:38,681 [Time-limited test] INFO  minikdc.MiniKdc (MiniKdc.java:<init>(225)) - Configuration:
2023-08-04 02:34:38,681 [Time-limited test] INFO  minikdc.MiniKdc (MiniKdc.java:<init>(226)) - ---------------------------------------------------------------
2023-08-04 02:34:38,681 [Time-limited test] INFO  minikdc.MiniKdc (MiniKdc.java:<init>(228)) -   debug: false
2023-08-04 02:34:38,681 [Time-limited test] INFO  minikdc.MiniKdc (MiniKdc.java:<init>(228)) -   transport: TCP
2023-08-04 02:34:38,681 [Time-limited test] INFO  minikdc.MiniKdc (MiniKdc.java:<init>(228)) -   max.ticket.lifetime: 86400000
2023-08-04 02:34:38,681 [Time-limited test] INFO  minikdc.MiniKdc (MiniKdc.java:<init>(228)) -   org.name: EXAMPLE
2023-08-04 02:34:38,681 [Time-limited test] INFO  minikdc.MiniKdc (MiniKdc.java:<init>(228)) -   kdc.port: 0
2023-08-04 02:34:38,681 [Time-limited test] INFO  minikdc.MiniKdc (MiniKdc.java:<init>(228)) -   org.domain: COM
2023-08-04 02:34:38,681 [Time-limited test] INFO  minikdc.MiniKdc (MiniKdc.java:<init>(228)) -   max.renewable.lifetime: 604800000
2023-08-04 02:34:38,681 [Time-limited test] INFO  minikdc.MiniKdc (MiniKdc.java:<init>(228)) -   instance: DefaultKrbServer
2023-08-04 02:34:38,681 [Time-limited test] INFO  minikdc.MiniKdc (MiniKdc.java:<init>(228)) -   kdc.bind.address: localhost
2023-08-04 02:34:38,681 [Time-limited test] INFO  minikdc.MiniKdc (MiniKdc.java:<init>(230)) - ---------------------------------------------------------------
2023-08-04 02:34:38,683 [Time-limited test] INFO  minikdc.MiniKdc (MiniKdc.java:start(285)) - MiniKdc started.
2023-08-04 02:34:38,831 [Time-limited test] INFO  om.OzoneManager (OzoneManager.java:getOmDetailsProto(4555)) - OzoneManager ports added:[name: "RPC"
value: 1202
]
2023-08-04 02:34:38,831 [Time-limited test] WARN  server.ServerUtils (ServerUtils.java:getScmDbDir(155)) - ozone.scm.db.dirs is not configured. We recommend adding this setting. Falling back to ozone.metadata.dirs instead.
2023-08-04 02:34:38,831 [Time-limited test] INFO  ha.HASecurityUtils (HASecurityUtils.java:initializeSecurity(98)) - Initializing secure StorageContainerManager.
2023-08-04 02:34:38,832 [Time-limited test] INFO  client.SCMCertificateClient (DefaultCertificateClient.java:updateCertSerialId(1226)) - Certificate serial ID set to null
2023-08-04 02:34:38,833 [Time-limited test] ERROR client.SCMCertificateClient (DefaultCertificateClient.java:getCertPath(361)) - Default certificate serial id is not set. Can't locate the default certificate for this client.
2023-08-04 02:34:38,833 [Time-limited test] INFO  client.SCMCertificateClient (DefaultCertificateClient.java:init(707)) - Certificate client init case: 0
2023-08-04 02:34:38,833 [Time-limited test] INFO  client.SCMCertificateClient (SCMCertificateClient.java:handleCase(96)) - Creating keypair for client as keypair and certificate not found.
2023-08-04 02:34:39,028 [Time-limited test] INFO  ha.HASecurityUtils (HASecurityUtils.java:initializeSecurity(108)) - Init response: GETCERT
2023-08-04 02:34:39,286 [Time-limited test] INFO  ozone.OzoneSecurityUtil (OzoneSecurityUtil.java:getValidInetsForCurrentHost(119)) - ip:fe80:0:0:0:20d:3aff:fe7a:a89f%eth0 not returned.
2023-08-04 02:34:39,287 [Time-limited test] INFO  ozone.OzoneSecurityUtil (OzoneSecurityUtil.java:getValidInetsForCurrentHost(116)) - Adding ip:10.1.0.9,host:fv-az621-180
2023-08-04 02:34:39,287 [Time-limited test] INFO  ozone.OzoneSecurityUtil (OzoneSecurityUtil.java:getValidInetsForCurrentHost(119)) - ip:0:0:0:0:0:0:0:1%lo not returned.
2023-08-04 02:34:39,287 [Time-limited test] INFO  ozone.OzoneSecurityUtil (OzoneSecurityUtil.java:getValidInetsForCurrentHost(119)) - ip:127.0.0.1 not returned.
2023-08-04 02:34:39,287 [Time-limited test] ERROR utils.SelfSignedCertificate (SelfSignedCertificate.java:lambda$addInetAddresses$0(244)) - Invalid domain fv-az621-180
2023-08-04 02:34:39,289 [Time-limited test] INFO  utils.SelfSignedCertificate (SelfSignedCertificate.java:generateCertificate(157)) - Certificate 1 is issued by CN=scm-1@fv-az621-180,OU=095a9e02-65c5-4c29-a0d0-d201b86d61d3,O=941078b4-e51c-47f3-8f3e-483268f53105 to CN=scm-1@fv-az621-180,OU=095a9e02-65c5-4c29-a0d0-d201b86d61d3,O=941078b4-e51c-47f3-8f3e-483268f53105, valid from Fri Aug 04 02:34:39 UTC 2023 to Mon Sep 11 02:34:39 UTC 2028
2023-08-04 02:34:39,291 [Time-limited test] INFO  utils.CertificateCodec (CertificateCodec.java:writeCertificate(299)) - Save certificate to /tmp/junit1102909347865944945/junit5867143245482510000/scm-meta/scm/ca/certs/certificate.crt
2023-08-04 02:34:39,291 [Time-limited test] INFO  utils.CertificateCodec (CertificateCodec.java:writeCertificate(300)) - Certificate -----BEGIN CERTIFICATE-----
MIIDpTCCAo2gAwIBAgIBATANBgkqhkiG9w0BAQsFADB7MRswGQYDVQQDDBJzY20t
MUBmdi1hejYyMS0xODAxLTArBgNVBAsMJDA5NWE5ZTAyLTY1YzUtNGMyOS1hMGQw
LWQyMDFiODZkNjFkMzEtMCsGA1UECgwkOTQxMDc4YjQtZTUxYy00N2YzLThmM2Ut
NDgzMjY4ZjUzMTA1MB4XDTIzMDgwNDAyMzQzOVoXDTI4MDkxMTAyMzQzOVowezEb
MBkGA1UEAwwSc2NtLTFAZnYtYXo2MjEtMTgwMS0wKwYDVQQLDCQwOTVhOWUwMi02
NWM1LTRjMjktYTBkMC1kMjAxYjg2ZDYxZDMxLTArBgNVBAoMJDk0MTA3OGI0LWU1
MWMtNDdmMy04ZjNlLTQ4MzI2OGY1MzEwNTCCASIwDQYJKoZIhvcNAQEBBQADggEP
ADCCAQoCggEBAKNp3R/MmD3f3J08Aflo/DwwNJQW2CegoE7bfhbxBw/D4ExCn2H3
QHRJyZvKd/LtG6HB4sOoTMoWHYl4zSliGHmerGBk0/JAy7xkWt4eVJCPnPafrCap
VfAx9KHRPBfha8QN2QTBura2h8f/dCqj33JfhZ1XlIqd12p8ewz6Wyw71hl+HY++
buC+JNOsKgTpOUTeZHDNCoBzMmUUI9QWyKC72w28Rw1yLEW5OApkukBl4RE5qSLT
4n2Kst5gmmpZVzDFw1/WyNPYb7UPYiSY3kph4RIHsJKEO79tGr4iwgZT1hfhOlM3
U1O4MqSWTFS3v3io8mda/8r/Ul2ZyfGNBVMCAwEAAaM0MDIwDwYDVR0TAQH/BAUw
AwEB/zAOBgNVHQ8BAf8EBAMCAQYwDwYDVR0RBAgwBocECgEACTANBgkqhkiG9w0B
AQsFAAOCAQEAg6jyJDRPFsaXbeFCgKs2gHHU1d2e4vrhOUa2qs+prTP6IQe8aVRM
sqTBV15pfW6ou94x/P2Et/mIamN95x7YIVzKkxbdDAF69w4Fx0F0ejN3NE1TRFR6
dXzBGtpUaIxd1VsNBbpaDrbR97X6TWaYoQknDY1sv0652j6jTdBtyVCvemOD8Sb0
1pPLr1wOFzEIwo00CmujltiIPSP7U34fNEOrttWHy4PDzeIs3B2CyMlxJVt/jIwx
HKxusr7NmDc15yGNG5r7LHhM6hvyEsSKR2g9ATdIIw6Cezc6B8MZE8gw1BW6TB3W
7/3RbJ709mpH2SIMzoYzU7xkmxLSzS54Aw==
-----END CERTIFICATE-----

2023-08-04 02:34:39,291 [Time-limited test] INFO  client.SCMCertificateClient (SCMCertificateClient.java:getCSRBuilder(158)) - Creating csr for SCM->hostName:fv-az621-180,scmId:095a9e02-65c5-4c29-a0d0-d201b86d61d3,clusterId:941078b4-e51c-47f3-8f3e-483268f53105,subject:scm-sub-1526189079365@fv-az621-180
2023-08-04 02:34:39,292 [Time-limited test] INFO  ozone.OzoneSecurityUtil (OzoneSecurityUtil.java:getValidInetsForCurrentHost(119)) - ip:fe80:0:0:0:20d:3aff:fe7a:a89f%eth0 not returned.
2023-08-04 02:34:39,292 [Time-limited test] INFO  ozone.OzoneSecurityUtil (OzoneSecurityUtil.java:getValidInetsForCurrentHost(116)) - Adding ip:10.1.0.9,host:fv-az621-180
2023-08-04 02:34:39,292 [Time-limited test] INFO  ozone.OzoneSecurityUtil (OzoneSecurityUtil.java:getValidInetsForCurrentHost(119)) - ip:0:0:0:0:0:0:0:1%lo not returned.
2023-08-04 02:34:39,292 [Time-limited test] INFO  ozone.OzoneSecurityUtil (OzoneSecurityUtil.java:getValidInetsForCurrentHost(119)) - ip:127.0.0.1 not returned.
2023-08-04 02:34:39,292 [Time-limited test] ERROR utils.CertificateSignRequest (CertificateSignRequest.java:lambda$addInetAddresses$0(295)) - Invalid domain fv-az621-180
2023-08-04 02:34:39,292 [Time-limited test] INFO  ha.HASecurityUtils (HASecurityUtils.java:generateCSR(308)) - Creating csr for SCM->hostName:fv-az621-180,scmId:095a9e02-65c5-4c29-a0d0-d201b86d61d3,clusterId:941078b4-e51c-47f3-8f3e-483268f53105,subject:scm-sub-1526189708274@fv-az621-180
2023-08-04 02:34:39,295 [Time-limited test] INFO  authority.DefaultApprover (DefaultApprover.java:sign(154)) - Extensions in CSR: 2.5.29.19, 2.5.29.15, 2.5.29.17
2023-08-04 02:34:39,295 [Time-limited test] INFO  authority.DefaultApprover (DefaultApprover.java:sign(158)) - Extensions to add to the certificate if they present in CSR: 2.5.29.17, 2.5.29.19, 1.3.6.1.5.5.7.1.12, 2.5.29.35, 2.5.29.37, 2.5.29.15
2023-08-04 02:34:39,299 [Time-limited test] INFO  utils.CertificateCodec (CertificateCodec.java:writeCertificate(299)) - Save certificate to /tmp/junit1102909347865944945/junit5867143245482510000/scm-meta/scm/sub-ca/certs/CA-1.crt
2023-08-04 02:34:39,299 [Time-limited test] INFO  utils.CertificateCodec (CertificateCodec.java:writeCertificate(300)) - Certificate -----BEGIN CERTIFICATE-----
MIIDpTCCAo2gAwIBAgIBATANBgkqhkiG9w0BAQsFADB7MRswGQYDVQQDDBJzY20t
MUBmdi1hejYyMS0xODAxLTArBgNVBAsMJDA5NWE5ZTAyLTY1YzUtNGMyOS1hMGQw
LWQyMDFiODZkNjFkMzEtMCsGA1UECgwkOTQxMDc4YjQtZTUxYy00N2YzLThmM2Ut
NDgzMjY4ZjUzMTA1MB4XDTIzMDgwNDAyMzQzOVoXDTI4MDkxMTAyMzQzOVowezEb
MBkGA1UEAwwSc2NtLTFAZnYtYXo2MjEtMTgwMS0wKwYDVQQLDCQwOTVhOWUwMi02
NWM1LTRjMjktYTBkMC1kMjAxYjg2ZDYxZDMxLTArBgNVBAoMJDk0MTA3OGI0LWU1
MWMtNDdmMy04ZjNlLTQ4MzI2OGY1MzEwNTCCASIwDQYJKoZIhvcNAQEBBQADggEP
ADCCAQoCggEBAKNp3R/MmD3f3J08Aflo/DwwNJQW2CegoE7bfhbxBw/D4ExCn2H3
QHRJyZvKd/LtG6HB4sOoTMoWHYl4zSliGHmerGBk0/JAy7xkWt4eVJCPnPafrCap
VfAx9KHRPBfha8QN2QTBura2h8f/dCqj33JfhZ1XlIqd12p8ewz6Wyw71hl+HY++
buC+JNOsKgTpOUTeZHDNCoBzMmUUI9QWyKC72w28Rw1yLEW5OApkukBl4RE5qSLT
4n2Kst5gmmpZVzDFw1/WyNPYb7UPYiSY3kph4RIHsJKEO79tGr4iwgZT1hfhOlM3
U1O4MqSWTFS3v3io8mda/8r/Ul2ZyfGNBVMCAwEAAaM0MDIwDwYDVR0TAQH/BAUw
AwEB/zAOBgNVHQ8BAf8EBAMCAQYwDwYDVR0RBAgwBocECgEACTANBgkqhkiG9w0B
AQsFAAOCAQEAg6jyJDRPFsaXbeFCgKs2gHHU1d2e4vrhOUa2qs+prTP6IQe8aVRM
sqTBV15pfW6ou94x/P2Et/mIamN95x7YIVzKkxbdDAF69w4Fx0F0ejN3NE1TRFR6
dXzBGtpUaIxd1VsNBbpaDrbR97X6TWaYoQknDY1sv0652j6jTdBtyVCvemOD8Sb0
1pPLr1wOFzEIwo00CmujltiIPSP7U34fNEOrttWHy4PDzeIs3B2CyMlxJVt/jIwx
HKxusr7NmDc15yGNG5r7LHhM6hvyEsSKR2g9ATdIIw6Cezc6B8MZE8gw1BW6TB3W
7/3RbJ709mpH2SIMzoYzU7xkmxLSzS54Aw==
-----END CERTIFICATE-----

2023-08-04 02:34:39,300 [Time-limited test] INFO  utils.CertificateCodec (CertificateCodec.java:writeCertificate(299)) - Save certificate to /tmp/junit1102909347865944945/junit5867143245482510000/scm-meta/scm/sub-ca/certs/1526193005124.crt
2023-08-04 02:34:39,300 [Time-limited test] INFO  utils.CertificateCodec (CertificateCodec.java:writeCertificate(300)) - Certificate -----BEGIN CERTIFICATE-----
MIIDuzCCAqOgAwIBAgIGAWNYMSJEMA0GCSqGSIb3DQEBCwUAMHsxGzAZBgNVBAMM
EnNjbS0xQGZ2LWF6NjIxLTE4MDEtMCsGA1UECwwkMDk1YTllMDItNjVjNS00YzI5
LWEwZDAtZDIwMWI4NmQ2MWQzMS0wKwYDVQQKDCQ5NDEwNzhiNC1lNTFjLTQ3ZjMt
OGYzZS00ODMyNjhmNTMxMDUwHhcNMjMwODA0MDIzNDM5WhcNMjgwOTExMDIzNDM5
WjCBizErMCkGA1UEAwwic2NtLXN1Yi0xNTI2MTg5NzA4Mjc0QGZ2LWF6NjIxLTE4
MDEtMCsGA1UECwwkMDk1YTllMDItNjVjNS00YzI5LWEwZDAtZDIwMWI4NmQ2MWQz
MS0wKwYDVQQKDCQ5NDEwNzhiNC1lNTFjLTQ3ZjMtOGYzZS00ODMyNjhmNTMxMDUw
ggEiMA0GCSqGSIb3DQEBAQUAA4IBDwAwggEKAoIBAQDKHYyQ1F5Yu67Q/X37oAB2
PsiHf5SEppc7B4tqbriPgaOgk1fY80444QPOfYyKM2AdMT/SmcD5BO8l/Q6GhNBZ
cCvCSeFvO4H6BICuJXQUYygzrJcNvVs7/hW26mMQNcKjztCEjku0fyjdd9MOo371
cxaK7iz7Gq1nPt23li+qqnYC0ebdeRKiyMdWNEjkUXRanlDnH3UV+Ji7mF/l743l
2H3VTHnYWWtu1/gY+oqrA31n6gd48AXazYL/1vjAHo+71Ddu0VEpI6ygNztHweLJ
RkmT/chCNMiwnZPW7Ojm+2vH3G6BzgS88/DzOTbRPfTMnuHR4gzqhav3XoBoz5wh
AgMBAAGjNDAyMA8GA1UdEQQIMAaHBAoBAAkwDwYDVR0TAQH/BAUwAwEB/zAOBgNV
HQ8BAf8EBAMCAb4wDQYJKoZIhvcNAQELBQADggEBAGweeo66U4wQ2gjm1nqfK6Oy
lOOPWEeV3HuuDNmQeE+h1Psc1+tLoFVXOP57nF07xf6YcaH4CmikaxHTeJ2fbiYB
SDEBCkamaXgqVd+rIWdUY0WgBp+DBJ4yoFAPGPJCLLPDHqdsB41cmT+SHZeME41s
hX4iNuRwu3XiL8/QKIp5M129x/3eJEd1Lj5rcA7vvWQhvmDGU0bD1HUvDXRFyJuB
TesaCxj0blHGq3r0StBevWCsOyykXcaGnH6vyNI11ayrecYgheNIIt2sjIwOt7qX
b+nMuyIy9mLXOLc4e+Wd+KsCYjTVRXKVGOX5jUqc/nZnSFUI0lSP2+n/RR3Ldhw=
-----END CERTIFICATE-----

-----BEGIN CERTIFICATE-----
MIIDpTCCAo2gAwIBAgIBATANBgkqhkiG9w0BAQsFADB7MRswGQYDVQQDDBJzY20t
MUBmdi1hejYyMS0xODAxLTArBgNVBAsMJDA5NWE5ZTAyLTY1YzUtNGMyOS1hMGQw
LWQyMDFiODZkNjFkMzEtMCsGA1UECgwkOTQxMDc4YjQtZTUxYy00N2YzLThmM2Ut
NDgzMjY4ZjUzMTA1MB4XDTIzMDgwNDAyMzQzOVoXDTI4MDkxMTAyMzQzOVowezEb
MBkGA1UEAwwSc2NtLTFAZnYtYXo2MjEtMTgwMS0wKwYDVQQLDCQwOTVhOWUwMi02
NWM1LTRjMjktYTBkMC1kMjAxYjg2ZDYxZDMxLTArBgNVBAoMJDk0MTA3OGI0LWU1
MWMtNDdmMy04ZjNlLTQ4MzI2OGY1MzEwNTCCASIwDQYJKoZIhvcNAQEBBQADggEP
ADCCAQoCggEBAKNp3R/MmD3f3J08Aflo/DwwNJQW2CegoE7bfhbxBw/D4ExCn2H3
QHRJyZvKd/LtG6HB4sOoTMoWHYl4zSliGHmerGBk0/JAy7xkWt4eVJCPnPafrCap
VfAx9KHRPBfha8QN2QTBura2h8f/dCqj33JfhZ1XlIqd12p8ewz6Wyw71hl+HY++
buC+JNOsKgTpOUTeZHDNCoBzMmUUI9QWyKC72w28Rw1yLEW5OApkukBl4RE5qSLT
4n2Kst5gmmpZVzDFw1/WyNPYb7UPYiSY3kph4RIHsJKEO79tGr4iwgZT1hfhOlM3
U1O4MqSWTFS3v3io8mda/8r/Ul2ZyfGNBVMCAwEAAaM0MDIwDwYDVR0TAQH/BAUw
AwEB/zAOBgNVHQ8BAf8EBAMCAQYwDwYDVR0RBAgwBocECgEACTANBgkqhkiG9w0B
AQsFAAOCAQEAg6jyJDRPFsaXbeFCgKs2gHHU1d2e4vrhOUa2qs+prTP6IQe8aVRM
sqTBV15pfW6ou94x/P2Et/mIamN95x7YIVzKkxbdDAF69w4Fx0F0ejN3NE1TRFR6
dXzBGtpUaIxd1VsNBbpaDrbR97X6TWaYoQknDY1sv0652j6jTdBtyVCvemOD8Sb0
1pPLr1wOFzEIwo00CmujltiIPSP7U34fNEOrttWHy4PDzeIs3B2CyMlxJVt/jIwx
HKxusr7NmDc15yGNG5r7LHhM6hvyEsSKR2g9ATdIIw6Cezc6B8MZE8gw1BW6TB3W
7/3RbJ709mpH2SIMzoYzU7xkmxLSzS54Aw==
-----END CERTIFICATE-----

2023-08-04 02:34:39,300 [Time-limited test] INFO  utils.CertificateCodec (CertificateCodec.java:writeCertificate(299)) - Save certificate to /tmp/junit1102909347865944945/junit5867143245482510000/scm-meta/scm/sub-ca/certs/certificate.crt
2023-08-04 02:34:39,300 [Time-limited test] INFO  utils.CertificateCodec (CertificateCodec.java:writeCertificate(300)) - Certificate -----BEGIN CERTIFICATE-----
MIIDuzCCAqOgAwIBAgIGAWNYMSJEMA0GCSqGSIb3DQEBCwUAMHsxGzAZBgNVBAMM
EnNjbS0xQGZ2LWF6NjIxLTE4MDEtMCsGA1UECwwkMDk1YTllMDItNjVjNS00YzI5
LWEwZDAtZDIwMWI4NmQ2MWQzMS0wKwYDVQQKDCQ5NDEwNzhiNC1lNTFjLTQ3ZjMt
OGYzZS00ODMyNjhmNTMxMDUwHhcNMjMwODA0MDIzNDM5WhcNMjgwOTExMDIzNDM5
WjCBizErMCkGA1UEAwwic2NtLXN1Yi0xNTI2MTg5NzA4Mjc0QGZ2LWF6NjIxLTE4
MDEtMCsGA1UECwwkMDk1YTllMDItNjVjNS00YzI5LWEwZDAtZDIwMWI4NmQ2MWQz
MS0wKwYDVQQKDCQ5NDEwNzhiNC1lNTFjLTQ3ZjMtOGYzZS00ODMyNjhmNTMxMDUw
ggEiMA0GCSqGSIb3DQEBAQUAA4IBDwAwggEKAoIBAQDKHYyQ1F5Yu67Q/X37oAB2
PsiHf5SEppc7B4tqbriPgaOgk1fY80444QPOfYyKM2AdMT/SmcD5BO8l/Q6GhNBZ
cCvCSeFvO4H6BICuJXQUYygzrJcNvVs7/hW26mMQNcKjztCEjku0fyjdd9MOo371
cxaK7iz7Gq1nPt23li+qqnYC0ebdeRKiyMdWNEjkUXRanlDnH3UV+Ji7mF/l743l
2H3VTHnYWWtu1/gY+oqrA31n6gd48AXazYL/1vjAHo+71Ddu0VEpI6ygNztHweLJ
RkmT/chCNMiwnZPW7Ojm+2vH3G6BzgS88/DzOTbRPfTMnuHR4gzqhav3XoBoz5wh
AgMBAAGjNDAyMA8GA1UdEQQIMAaHBAoBAAkwDwYDVR0TAQH/BAUwAwEB/zAOBgNV
HQ8BAf8EBAMCAb4wDQYJKoZIhvcNAQELBQADggEBAGweeo66U4wQ2gjm1nqfK6Oy
lOOPWEeV3HuuDNmQeE+h1Psc1+tLoFVXOP57nF07xf6YcaH4CmikaxHTeJ2fbiYB
SDEBCkamaXgqVd+rIWdUY0WgBp+DBJ4yoFAPGPJCLLPDHqdsB41cmT+SHZeME41s
hX4iNuRwu3XiL8/QKIp5M129x/3eJEd1Lj5rcA7vvWQhvmDGU0bD1HUvDXRFyJuB
TesaCxj0blHGq3r0StBevWCsOyykXcaGnH6vyNI11ayrecYgheNIIt2sjIwOt7qX
b+nMuyIy9mLXOLc4e+Wd+KsCYjTVRXKVGOX5jUqc/nZnSFUI0lSP2+n/RR3Ldhw=
-----END CERTIFICATE-----

-----BEGIN CERTIFICATE-----
MIIDpTCCAo2gAwIBAgIBATANBgkqhkiG9w0BAQsFADB7MRswGQYDVQQDDBJzY20t
MUBmdi1hejYyMS0xODAxLTArBgNVBAsMJDA5NWE5ZTAyLTY1YzUtNGMyOS1hMGQw
LWQyMDFiODZkNjFkMzEtMCsGA1UECgwkOTQxMDc4YjQtZTUxYy00N2YzLThmM2Ut
NDgzMjY4ZjUzMTA1MB4XDTIzMDgwNDAyMzQzOVoXDTI4MDkxMTAyMzQzOVowezEb
MBkGA1UEAwwSc2NtLTFAZnYtYXo2MjEtMTgwMS0wKwYDVQQLDCQwOTVhOWUwMi02
NWM1LTRjMjktYTBkMC1kMjAxYjg2ZDYxZDMxLTArBgNVBAoMJDk0MTA3OGI0LWU1
MWMtNDdmMy04ZjNlLTQ4MzI2OGY1MzEwNTCCASIwDQYJKoZIhvcNAQEBBQADggEP
ADCCAQoCggEBAKNp3R/MmD3f3J08Aflo/DwwNJQW2CegoE7bfhbxBw/D4ExCn2H3
QHRJyZvKd/LtG6HB4sOoTMoWHYl4zSliGHmerGBk0/JAy7xkWt4eVJCPnPafrCap
VfAx9KHRPBfha8QN2QTBura2h8f/dCqj33JfhZ1XlIqd12p8ewz6Wyw71hl+HY++
buC+JNOsKgTpOUTeZHDNCoBzMmUUI9QWyKC72w28Rw1yLEW5OApkukBl4RE5qSLT
4n2Kst5gmmpZVzDFw1/WyNPYb7UPYiSY3kph4RIHsJKEO79tGr4iwgZT1hfhOlM3
U1O4MqSWTFS3v3io8mda/8r/Ul2ZyfGNBVMCAwEAAaM0MDIwDwYDVR0TAQH/BAUw
AwEB/zAOBgNVHQ8BAf8EBAMCAQYwDwYDVR0RBAgwBocECgEACTANBgkqhkiG9w0B
AQsFAAOCAQEAg6jyJDRPFsaXbeFCgKs2gHHU1d2e4vrhOUa2qs+prTP6IQe8aVRM
sqTBV15pfW6ou94x/P2Et/mIamN95x7YIVzKkxbdDAF69w4Fx0F0ejN3NE1TRFR6
dXzBGtpUaIxd1VsNBbpaDrbR97X6TWaYoQknDY1sv0652j6jTdBtyVCvemOD8Sb0
1pPLr1wOFzEIwo00CmujltiIPSP7U34fNEOrttWHy4PDzeIs3B2CyMlxJVt/jIwx
HKxusr7NmDc15yGNG5r7LHhM6hvyEsSKR2g9ATdIIw6Cezc6B8MZE8gw1BW6TB3W
7/3RbJ709mpH2SIMzoYzU7xkmxLSzS54Aw==
-----END CERTIFICATE-----

2023-08-04 02:34:39,300 [Time-limited test] INFO  ha.HASecurityUtils (HASecurityUtils.java:initializeSecurity(121)) - Successfully stored SCM signed certificate.
2023-08-04 02:34:39,303 [Time-limited test] WARN  server.ServerUtils (ServerUtils.java:getScmDbDir(155)) - ozone.scm.db.dirs is not configured. We recommend adding this setting. Falling back to ozone.metadata.dirs instead.
2023-08-04 02:34:39,303 [Time-limited test] INFO  ha.SCMHANodeDetails (SCMHANodeDetails.java:loadSCMHAConfig(210)) - ServiceID for StorageContainerManager is null
2023-08-04 02:34:39,303 [Time-limited test] INFO  ha.SCMHANodeDetails (SCMHANodeDetails.java:loadSCMHAConfig(215)) - ozone.scm.default.service.id is not defined, falling back to ozone.scm.service.ids to find serviceID for StorageContainerManager if it is HA enabled cluster
2023-08-04 02:34:39,306 [pool-453-thread-1] INFO  request.KdcRequest (KdcRequest.java:preauth(651)) - The preauth data is empty.
2023-08-04 02:34:39,307 [pool-453-thread-1] INFO  server.KdcHandler (KdcHandler.java:handleRecoverableException(177)) - KRB error occurred while processing request:Additional pre-authentication required
2023-08-04 02:34:39,313 [pool-453-thread-2] INFO  request.AsRequest (AsRequest.java:issueTicket(112)) - AS_REQ ISSUE: authtime 1691116479312,scm/fv-az621-180@EXAMPLE.COM for krbtgt/EXAMPLE.COM@EXAMPLE.COM
2023-08-04 02:34:39,314 [Time-limited test] INFO  security.UserGroupInformation (UserGroupInformation.java:loginUserFromKeytab(1132)) - Login successful for user scm/fv-az621-180@EXAMPLE.COM using keytab file scm.keytab. Keytab auto renewal enabled : false
2023-08-04 02:34:39,314 [Time-limited test] INFO  server.StorageContainerManager (StorageContainerManager.java:loginAsSCMUserIfSecurityEnabled(1050)) - SCM login successful.
2023-08-04 02:34:39,315 [Time-limited test] INFO  client.SCMCertificateClient (DefaultCertificateClient.java:updateCertSerialId(1226)) - Certificate serial ID set to 1526193005124
2023-08-04 02:34:39,316 [Time-limited test] INFO  client.SCMCertificateClient (DefaultCertificateClient.java:readCertificateFile(236)) - Added certificate   [0]         Version: 3
         SerialNumber: 1
             IssuerDN: CN=scm-1@fv-az621-180,OU=095a9e02-65c5-4c29-a0d0-d201b86d61d3,O=941078b4-e51c-47f3-8f3e-483268f53105
           Start Date: Fri Aug 04 02:34:39 UTC 2023
           Final Date: Mon Sep 11 02:34:39 UTC 2028
            SubjectDN: CN=scm-1@fv-az621-180,OU=095a9e02-65c5-4c29-a0d0-d201b86d61d3,O=941078b4-e51c-47f3-8f3e-483268f53105
           Public Key: RSA Public Key [aa:03:b7:95:ce:10:78:c9:33:e9:c5:c4:b7:b0:8a:54:1d:0d:19:da],[56:66:d1:a4]
        modulus: a369dd1fcc983ddfdc9d3c01f968fc3c30349416d827a0a04edb7e16f1070fc3e04c429f61f7407449c99bca77f2ed1ba1c1e2c3a84cca161d8978cd296218799eac6064d3f240cbbc645ade1e54908f9cf69fac26a955f031f4a1d13c17e16bc40dd904c1bab6b687c7ff742aa3df725f859d57948a9dd76a7c7b0cfa5b2c3bd6197e1d8fbe6ee0be24d3ac2a04e93944de6470cd0a807332651423d416c8a0bbdb0dbc470d722c45b9380a64ba4065e11139a922d3e27d8ab2de609a6a595730c5c35fd6c8d3d86fb50f622498de4a61e11207b092843bbf6d1abe22c20653d617e13a53375353b832a4964c54b7bf78a8f2675affcaff525d99c9f18d0553
public exponent: 10001

  Signature Algorithm: SHA256WITHRSA
            Signature: 83a8f224344f16c6976de14280ab368071d4d5dd
                       9ee2fae13946b6aacfa9ad33fa2107bc69544cb2
                       a4c1575e697d6ea8bbde31fcfd84b7f9886a637d
                       e71ed8215cca9316dd0c017af70e05c741747a33
                       77344d5344547a757cc11ada54688c5dd55b0d05
                       ba5a0eb6d1f7b5fa4d6698a109270d8d6cbf4eb9
                       da3ea34dd06dc950af7a6383f126f4d693cbaf5c
                       0e173108c28d340a6ba396d8883d23fb537e1f34
                       43abb6d587cb83c3cde22cdc1d82c8c971255b7f
                       8c8c311cac6eb2becd983735e7218d1b9afb2c78
                       4cea1bf212c48a47683d013748230e827b373a07
                       c31913c830d415ba4c1dd6effdd16c9ef4f66a47
                       d9220cce863353bc649b12d2cd2e7803
       Extensions: 
                       critical(true) BasicConstraints: isCa(true)
                       critical(true) KeyUsage: 0x6
                       critical(false) 2.5.29.17 value = Sequence
    Tagged [7] IMPLICIT 
        DER Octet String[4] 

 from file: /tmp/junit1102909347865944945/junit5867143245482510000/scm-meta/scm/sub-ca/certs/CA-1.crt.
2023-08-04 02:34:39,317 [Time-limited test] INFO  client.SCMCertificateClient (DefaultCertificateClient.java:readCertificateFile(236)) - Added certificate   [0]         Version: 3
         SerialNumber: 1526193005124
             IssuerDN: CN=scm-1@fv-az621-180,OU=095a9e02-65c5-4c29-a0d0-d201b86d61d3,O=941078b4-e51c-47f3-8f3e-483268f53105
           Start Date: Fri Aug 04 02:34:39 UTC 2023
           Final Date: Mon Sep 11 02:34:39 UTC 2028
            SubjectDN: CN=scm-sub-1526189708274@fv-az621-180,OU=095a9e02-65c5-4c29-a0d0-d201b86d61d3,O=941078b4-e51c-47f3-8f3e-483268f53105
           Public Key: RSA Public Key [5c:03:ca:f3:5c:2a:bc:33:0e:56:03:d8:cc:3a:2f:7e:2f:7f:e0:2a],[56:66:d1:a4]
        modulus: ca1d8c90d45e58bbaed0fd7dfba000763ec8877f9484a6973b078b6a6eb88f81a3a09357d8f34e38e103ce7d8c8a33601d313fd299c0f904ef25fd0e8684d059702bc249e16f3b81fa0480ae257414632833ac970dbd5b3bfe15b6ea631035c2a3ced0848e4bb47f28dd77d30ea37ef573168aee2cfb1aad673eddb7962faaaa7602d1e6dd7912a2c8c7563448e451745a9e50e71f7515f898bb985fe5ef8de5d87dd54c79d8596b6ed7f818fa8aab037d67ea0778f005dacd82ffd6f8c01e8fbbd4376ed1512923aca0373b47c1e2c9464993fdc84234c8b09d93d6ece8e6fb6bc7dc6e81ce04bcf3f0f33936d13df4cc9ee1d1e20cea85abf75e8068cf9c21
public exponent: 10001

  Signature Algorithm: SHA256WITHRSA
            Signature: 6c1e7a8eba538c10da08e6d67a9f2ba3b294e38f
                       584795dc7bae0cd990784fa1d4fb1cd7eb4ba055
                       5738fe7b9c5d3bc5fe9871a1f80a68a46b11d378
                       9d9f6e26014831010a46a669782a55dfab216754
                       6345a0069f83049e32a0500f18f2422cb3c31ea7
                       6c078d5c993f921d978c138d6c857e2236e470bb
                       75e22fcfd0288a79335dbdc7fdde2447752e3e6b
                       700eefbd6421be60c65346c3d4752f0d7445c89b
                       814deb1a0b18f46e51c6ab7af44ad05ebd60ac3b
                       2ca45dc6869c7eafc8d235d5acab79c62085e348
                       22ddac8c8c0eb7ba976fe9ccbb2232f662d738b7
                       387be59df8ab026234d545729518e5f98d4a9cfe
                       7667485508d2548fdbe9ff451dcb761c
       Extensions: 
                       critical(false) 2.5.29.17 value = Sequence
    Tagged [7] IMPLICIT 
        DER Octet String[4] 

                       critical(true) BasicConstraints: isCa(true)
                       critical(true) KeyUsage: 0xbe
 from file: /tmp/junit1102909347865944945/junit5867143245482510000/scm-meta/scm/sub-ca/certs/1526193005124.crt.
2023-08-04 02:34:39,318 [Time-limited test] INFO  client.SCMCertificateClient (DefaultCertificateClient.java:readCertificateFile(236)) - Added certificate   [0]         Version: 3
         SerialNumber: 1526193005124
             IssuerDN: CN=scm-1@fv-az621-180,OU=095a9e02-65c5-4c29-a0d0-d201b86d61d3,O=941078b4-e51c-47f3-8f3e-483268f53105
           Start Date: Fri Aug 04 02:34:39 UTC 2023
           Final Date: Mon Sep 11 02:34:39 UTC 2028
            SubjectDN: CN=scm-sub-1526189708274@fv-az621-180,OU=095a9e02-65c5-4c29-a0d0-d201b86d61d3,O=941078b4-e51c-47f3-8f3e-483268f53105
           Public Key: RSA Public Key [5c:03:ca:f3:5c:2a:bc:33:0e:56:03:d8:cc:3a:2f:7e:2f:7f:e0:2a],[56:66:d1:a4]
        modulus: ca1d8c90d45e58bbaed0fd7dfba000763ec8877f9484a6973b078b6a6eb88f81a3a09357d8f34e38e103ce7d8c8a33601d313fd299c0f904ef25fd0e8684d059702bc249e16f3b81fa0480ae257414632833ac970dbd5b3bfe15b6ea631035c2a3ced0848e4bb47f28dd77d30ea37ef573168aee2cfb1aad673eddb7962faaaa7602d1e6dd7912a2c8c7563448e451745a9e50e71f7515f898bb985fe5ef8de5d87dd54c79d8596b6ed7f818fa8aab037d67ea0778f005dacd82ffd6f8c01e8fbbd4376ed1512923aca0373b47c1e2c9464993fdc84234c8b09d93d6ece8e6fb6bc7dc6e81ce04bcf3f0f33936d13df4cc9ee1d1e20cea85abf75e8068cf9c21
public exponent: 10001

  Signature Algorithm: SHA256WITHRSA
            Signature: 6c1e7a8eba538c10da08e6d67a9f2ba3b294e38f
                       584795dc7bae0cd990784fa1d4fb1cd7eb4ba055
                       5738fe7b9c5d3bc5fe9871a1f80a68a46b11d378
                       9d9f6e26014831010a46a669782a55dfab216754
                       6345a0069f83049e32a0500f18f2422cb3c31ea7
                       6c078d5c993f921d978c138d6c857e2236e470bb
                       75e22fcfd0288a79335dbdc7fdde2447752e3e6b
                       700eefbd6421be60c65346c3d4752f0d7445c89b
                       814deb1a0b18f46e51c6ab7af44ad05ebd60ac3b
                       2ca45dc6869c7eafc8d235d5acab79c62085e348
                       22ddac8c8c0eb7ba976fe9ccbb2232f662d738b7
                       387be59df8ab026234d545729518e5f98d4a9cfe
                       7667485508d2548fdbe9ff451dcb761c
       Extensions: 
                       critical(false) 2.5.29.17 value = Sequence
    Tagged [7] IMPLICIT 
        DER Octet String[4] 

                       critical(true) BasicConstraints: isCa(true)
                       critical(true) KeyUsage: 0xbe
 from file: /tmp/junit1102909347865944945/junit5867143245482510000/scm-meta/scm/sub-ca/certs/certificate.crt.
2023-08-04 02:34:39,318 [Time-limited test] INFO  client.SCMCertificateClient (DefaultCertificateClient.java:loadAllCertificates(190)) - CertificateRenewerService and root ca rotation polling is disabled for scm/sub-ca
2023-08-04 02:34:39,318 [Time-limited test] WARN  utils.HAUtils (HAUtils.java:getMetaDir(339)) - ozone.scm.db.dirs is not configured. We recommend adding this setting. Falling back to ozone.metadata.dirs instead.
2023-08-04 02:34:39,318 [Time-limited test] WARN  db.DBStoreBuilder (DBStoreBuilder.java:applyDBDefinition(166)) - ozone.scm.db.dirs is not configured. We recommend adding this setting. Falling back to ozone.metadata.dirs instead.
2023-08-04 02:34:39,425 [Time-limited test] INFO  net.NodeSchemaLoader (NodeSchemaLoader.java:loadSchemaFromFile(129)) - Loading schema from [jar:file:/home/runner/.m2/repository/org/apache/ozone/hdds-common/1.4.0-SNAPSHOT/hdds-common-1.4.0-SNAPSHOT.jar!/network-topology-default.xml]
2023-08-04 02:34:39,425 [Time-limited test] INFO  net.NodeSchemaLoader (NodeSchemaLoader.java:loadSchema(176)) - Loading network topology layer schema file
2023-08-04 02:34:39,427 [Time-limited test] INFO  upgrade.AbstractLayoutVersionManager (AbstractLayoutVersionManager.java:init(83)) - Initializing Layout version manager with metadata layout = HADOOP_PRC_PORTS_IN_DATANODEDETAILS (version = 7), software layout = HADOOP_PRC_PORTS_IN_DATANODEDETAILS (version = 7)
2023-08-04 02:34:39,428 [Time-limited test] INFO  ha.SequenceIdGenerator (SequenceIdGenerator.java:upgradeToSequenceId(365)) - upgrade localId to 111677748019200000
2023-08-04 02:34:39,429 [Time-limited test] INFO  ha.SequenceIdGenerator (SequenceIdGenerator.java:upgradeToSequenceId(375)) - upgrade delTxnId to 0
2023-08-04 02:34:39,430 [Time-limited test] INFO  ha.SequenceIdGenerator (SequenceIdGenerator.java:upgradeToSequenceId(392)) - upgrade containerId to 0
2023-08-04 02:34:39,430 [Time-limited test] INFO  ha.SequenceIdGenerator (SequenceIdGenerator.java:upgradeToSequenceId(428)) - upgrade rootCertificateId to 1
2023-08-04 02:34:39,430 [Time-limited test] INFO  ha.SequenceIdGenerator (SequenceIdGenerator.java:<init>(236)) - Init the HA SequenceIdGenerator.
2023-08-04 02:34:39,431 [Time-limited test] INFO  node.SCMNodeManager (SCMNodeManager.java:<init>(157)) - Entering startup safe mode.
2023-08-04 02:34:39,431 [Time-limited test] INFO  algorithms.ContainerPlacementPolicyFactory (ContainerPlacementPolicyFactory.java:getPolicyInternal(86)) - Create container placement policy of type org.apache.hadoop.hdds.scm.container.placement.algorithms.SCMContainerPlacementRackAware
2023-08-04 02:34:39,432 [Time-limited test] INFO  algorithms.ContainerPlacementPolicyFactory (ContainerPlacementPolicyFactory.java:getPolicyInternal(86)) - Create container placement policy of type org.apache.hadoop.hdds.scm.container.placement.algorithms.SCMContainerPlacementRackScatter
2023-08-04 02:34:39,432 [Time-limited test] INFO  pipeline.PipelineStateManagerImpl (PipelineStateManagerImpl.java:initialize(78)) - No pipeline exists in current db
2023-08-04 02:34:39,432 [Time-limited test] INFO  algorithms.LeaderChoosePolicyFactory (LeaderChoosePolicyFactory.java:getPolicy(57)) - Create leader choose policy of type org.apache.hadoop.hdds.scm.pipeline.leader.choose.algorithms.MinLeaderCountChoosePolicy
2023-08-04 02:34:39,432 [Time-limited test] INFO  algorithms.ContainerPlacementPolicyFactory (ContainerPlacementPolicyFactory.java:getPolicyInternal(86)) - Create container placement policy of type org.apache.hadoop.hdds.scm.container.placement.algorithms.SCMContainerPlacementRackScatter
2023-08-04 02:34:39,432 [Time-limited test] INFO  ha.SCMServiceManager (SCMServiceManager.java:register(42)) - Registering service BackgroundPipelineCreator.
2023-08-04 02:34:39,432 [Time-limited test] INFO  pipeline.BackgroundPipelineCreator (BackgroundPipelineCreator.java:start(124)) - Starting RatisPipelineUtilsThread.
2023-08-04 02:34:39,434 [Time-limited test] INFO  BackgroundPipelineScrubber (BackgroundSCMService.java:start(68)) - Starting BackgroundPipelineScrubber Service.
2023-08-04 02:34:39,434 [Time-limited test] INFO  ha.SCMServiceManager (SCMServiceManager.java:register(42)) - Registering service BackgroundPipelineScrubber.
2023-08-04 02:34:39,434 [Time-limited test] INFO  ExpiredContainerReplicaOpScrubber (BackgroundSCMService.java:start(68)) - Starting ExpiredContainerReplicaOpScrubber Service.
2023-08-04 02:34:39,434 [Time-limited test] INFO  ha.SCMServiceManager (SCMServiceManager.java:register(42)) - Registering service ExpiredContainerReplicaOpScrubber.
2023-08-04 02:34:39,435 [Time-limited test] INFO  algorithms.PipelineChoosePolicyFactory (PipelineChoosePolicyFactory.java:createPipelineChoosePolicyFromClass(78)) - Create pipeline choose policy of type org.apache.hadoop.hdds.scm.pipeline.choose.algorithms.RandomPipelineChoosePolicy
2023-08-04 02:34:39,435 [Time-limited test] INFO  algorithms.PipelineChoosePolicyFactory (PipelineChoosePolicyFactory.java:createPipelineChoosePolicyFromClass(78)) - Create pipeline choose policy of type org.apache.hadoop.hdds.scm.pipeline.choose.algorithms.RandomPipelineChoosePolicy
2023-08-04 02:34:39,435 [Time-limited test] WARN  util.MBeans (MBeans.java:register(111)) - Failed to register MBean "Hadoop:service=BlockManager,name=BlockManagerImpl-6"
javax.management.NotCompliantMBeanException: MBean class org.apache.hadoop.hdds.scm.block.BlockManagerImpl does not implement DynamicMBean, and neither follows the Standard MBean conventions (javax.management.NotCompliantMBeanException: Class org.apache.hadoop.hdds.scm.block.BlockManagerImpl is not a JMX compliant Standard MBean) nor the MXBean conventions (javax.management.NotCompliantMBeanException: org.apache.hadoop.hdds.scm.block.BlockManagerImpl: Class org.apache.hadoop.hdds.scm.block.BlockManagerImpl is not a JMX compliant MXBean)
	at com.sun.jmx.mbeanserver.Introspector.checkCompliance(Introspector.java:176)
	at com.sun.jmx.interceptor.DefaultMBeanServerInterceptor.registerMBean(DefaultMBeanServerInterceptor.java:317)
	at com.sun.jmx.mbeanserver.JmxMBeanServer.registerMBean(JmxMBeanServer.java:522)
	at org.apache.hadoop.metrics2.util.MBeans.register(MBeans.java:100)
	at org.apache.hadoop.metrics2.util.MBeans.register(MBeans.java:73)
	at org.apache.hadoop.hdds.scm.block.BlockManagerImpl.<init>(BlockManagerImpl.java:94)
	at org.apache.hadoop.hdds.scm.server.StorageContainerManager.initializeSystemManagers(StorageContainerManager.java:786)
	at org.apache.hadoop.hdds.scm.server.StorageContainerManager.<init>(StorageContainerManager.java:400)
	at org.apache.hadoop.hdds.scm.server.StorageContainerManager.createSCM(StorageContainerManager.java:597)
	at org.apache.hadoop.hdds.scm.HddsTestUtils.getScmSimple(HddsTestUtils.java:604)
	at org.apache.hadoop.hdds.scm.HddsTestUtils.getScmSimple(HddsTestUtils.java:589)
	at org.apache.hadoop.ozone.TestSecureOzoneCluster.testSecureOMInitializationFailure(TestSecureOzoneCluster.java:516)
	at sun.reflect.NativeMethodAccessorImpl.invoke0(Native Method)
	at sun.reflect.NativeMethodAccessorImpl.invoke(NativeMethodAccessorImpl.java:62)
	at sun.reflect.DelegatingMethodAccessorImpl.invoke(DelegatingMethodAccessorImpl.java:43)
	at java.lang.reflect.Method.invoke(Method.java:498)
	at org.junit.runners.model.FrameworkMethod$1.runReflectiveCall(FrameworkMethod.java:59)
	at org.junit.internal.runners.model.ReflectiveCallable.run(ReflectiveCallable.java:12)
	at org.junit.runners.model.FrameworkMethod.invokeExplosively(FrameworkMethod.java:56)
	at org.junit.internal.runners.statements.InvokeMethod.evaluate(InvokeMethod.java:17)
	at org.junit.internal.runners.statements.RunBefores.evaluate(RunBefores.java:26)
	at org.junit.internal.runners.statements.RunAfters.evaluate(RunAfters.java:27)
	at org.junit.rules.ExternalResource$1.evaluate(ExternalResource.java:54)
	at org.junit.internal.runners.statements.FailOnTimeout$CallableStatement.call(FailOnTimeout.java:288)
	at org.junit.internal.runners.statements.FailOnTimeout$CallableStatement.call(FailOnTimeout.java:282)
	at java.util.concurrent.FutureTask.run(FutureTask.java:266)
	at java.lang.Thread.run(Thread.java:750)
2023-08-04 02:34:39,436 [Time-limited test] INFO  ha.SCMServiceManager (SCMServiceManager.java:register(42)) - Registering service SCMBlockDeletingService.
2023-08-04 02:34:39,437 [Time-limited test] INFO  replication.ReplicationManager (ReplicationManager.java:start(287)) - Starting Replication Monitor Thread.
2023-08-04 02:34:39,439 [Time-limited test] INFO  ha.SCMServiceManager (SCMServiceManager.java:register(42)) - Registering service ReplicationManager.
2023-08-04 02:34:39,439 [Time-limited test] INFO  safemode.ContainerSafeModeRule (ContainerSafeModeRule.java:<init>(89)) - containers with one replica threshold count 0
2023-08-04 02:34:39,439 [Time-limited test] INFO  safemode.HealthyPipelineSafeModeRule (HealthyPipelineSafeModeRule.java:initializeRule(169)) - Total pipeline count is 0, healthy pipeline threshold count is 0
2023-08-04 02:34:39,440 [Time-limited test] INFO  safemode.OneReplicaPipelineSafeModeRule (OneReplicaPipelineSafeModeRule.java:initializeRule(180)) - Total pipeline count is 0, pipeline's with at least one datanode reported threshold count is 0
2023-08-04 02:34:39,441 [Time-limited test] INFO  authority.DefaultCAServer (DefaultCAServer.java:lambda$processVerificationStatus$0(472)) - CertificateServer validation is successful
2023-08-04 02:34:39,445 [ReplicationMonitor] INFO  replication.ReplicationManager (ReplicationManager.java:processAll(361)) - Replication Manager is not ready to run until 300000ms after safemode exit
2023-08-04 02:34:39,445 [Time-limited test] INFO  authority.DefaultCAServer (DefaultCAServer.java:lambda$processVerificationStatus$0(472)) - CertificateServer validation is successful
2023-08-04 02:34:39,446 [Time-limited test] INFO  server.StorageContainerManager (StorageContainerManager.java:persistPrimarySCMCerts(931)) - Storing sub-ca certificate serialId 1526193005124 on primary SCM
2023-08-04 02:34:39,447 [Time-limited test] INFO  server.SCMCertStore (SCMCertStore.java:storeValidScmCertificate(121)) - Scm certificate 1526193005124 for CN=scm-sub-1526189708274@fv-az621-180,OU=095a9e02-65c5-4c29-a0d0-d201b86d61d3,O=941078b4-e51c-47f3-8f3e-483268f53105 is stored
2023-08-04 02:34:39,447 [Time-limited test] INFO  server.StorageContainerManager (StorageContainerManager.java:persistPrimarySCMCerts(939)) - Storing root certificate serialId 1
2023-08-04 02:34:39,448 [Time-limited test] INFO  server.SCMCertStore (SCMCertStore.java:storeValidScmCertificate(121)) - Scm certificate 1 for CN=scm-1@fv-az621-180,OU=095a9e02-65c5-4c29-a0d0-d201b86d61d3,O=941078b4-e51c-47f3-8f3e-483268f53105 is stored
2023-08-04 02:34:39,448 [Time-limited test] INFO  ipc.CallQueueManager (CallQueueManager.java:<init>(90)) - Using callQueue: class java.util.concurrent.LinkedBlockingQueue, queueCapacity: 200, scheduler: class org.apache.hadoop.ipc.DefaultRpcScheduler, ipcBackoff: false.
2023-08-04 02:34:39,448 [Time-limited test] INFO  ipc.Server (Server.java:<init>(1287)) - Listener at 0.0.0.0:9961
2023-08-04 02:34:39,451 [Socket Reader #1 for port 9961] INFO  ipc.Server (Server.java:run(1323)) - Starting Socket Reader #1 for port 9961
2023-08-04 02:34:39,452 [Time-limited test] INFO  server.StorageContainerManager (StorageContainerManager.java:<init>(424)) - SCM start with adminUsers: [scm/fv-az621-180@EXAMPLE.COM, scm]
2023-08-04 02:34:39,452 [Time-limited test] INFO  ipc.CallQueueManager (CallQueueManager.java:<init>(90)) - Using callQueue: class java.util.concurrent.LinkedBlockingQueue, queueCapacity: 10000, scheduler: class org.apache.hadoop.ipc.DefaultRpcScheduler, ipcBackoff: false.
2023-08-04 02:34:39,452 [Time-limited test] INFO  ipc.Server (Server.java:<init>(1287)) - Listener at 0.0.0.0:9861
2023-08-04 02:34:39,456 [Socket Reader #1 for port 9861] INFO  ipc.Server (Server.java:run(1323)) - Starting Socket Reader #1 for port 9861
2023-08-04 02:34:39,459 [Time-limited test] INFO  ipc.CallQueueManager (CallQueueManager.java:<init>(90)) - Using callQueue: class java.util.concurrent.LinkedBlockingQueue, queueCapacity: 10000, scheduler: class org.apache.hadoop.ipc.DefaultRpcScheduler, ipcBackoff: false.
2023-08-04 02:34:39,459 [Time-limited test] INFO  ipc.Server (Server.java:<init>(1287)) - Listener at 0.0.0.0:9863
2023-08-04 02:34:39,459 [Socket Reader #1 for port 9863] INFO  ipc.Server (Server.java:run(1323)) - Starting Socket Reader #1 for port 9863
2023-08-04 02:34:39,462 [Time-limited test] INFO  ipc.CallQueueManager (CallQueueManager.java:<init>(90)) - Using callQueue: class java.util.concurrent.LinkedBlockingQueue, queueCapacity: 10000, scheduler: class org.apache.hadoop.ipc.DefaultRpcScheduler, ipcBackoff: false.
2023-08-04 02:34:39,462 [Time-limited test] INFO  ipc.Server (Server.java:<init>(1287)) - Listener at 0.0.0.0:9860
2023-08-04 02:34:39,465 [Socket Reader #1 for port 9860] INFO  ipc.Server (Server.java:run(1323)) - Starting Socket Reader #1 for port 9860
2023-08-04 02:34:39,475 [Time-limited test] INFO  ha.SCMServiceManager (SCMServiceManager.java:register(42)) - Registering service ContainerBalancer.
2023-08-04 02:34:39,475 [Time-limited test] INFO  server.StorageContainerManager (StorageContainerManager.java:<init>(437)) - 
Container Balancer status:
Key                            Value
Running                        false
Container Balancer Configuration values:
Key                                                Value
Threshold                                          10
Max Datanodes to Involve per Iteration(percent)    20
Max Size to Move per Iteration                     500GB
Max Size Entering Target per Iteration             26GB
Max Size Leaving Source per Iteration              26GB

2023-08-04 02:34:39,475 [Time-limited test] INFO  ha.SCMContext (SCMContext.java:updateSafeModeStatus(228)) - Update SafeModeStatus from SafeModeStatus{safeModeStatus=true, preCheckPassed=false} to SafeModeStatus{safeModeStatus=true, preCheckPassed=false}.
2023-08-04 02:34:39,475 [Time-limited test] WARN  server.ServerUtils (ServerUtils.java:getDBPath(311)) - ozone.om.db.dirs is not configured. We recommend adding this setting. Falling back to ozone.metadata.dirs instead.
2023-08-04 02:34:39,477 [Time-limited test] INFO  ha.OMHANodeDetails (OMHANodeDetails.java:loadOMHAConfig(115)) - ozone.om.internal.service.id is not defined, falling back to ozone.om.service.ids to find serviceID for OzoneManager if it is HA enabled cluster
2023-08-04 02:34:39,477 [Time-limited test] INFO  ha.OMHANodeDetails (OMHANodeDetails.java:loadOMHAConfig(226)) - Configuration does not have ozone.om.address set. Falling back to the default OM address fv-az621-180/10.1.0.9:1202
2023-08-04 02:34:39,477 [Time-limited test] INFO  ha.OMHANodeDetails (OMHANodeDetails.java:getOMNodeDetailsForNonHA(254)) - OM Service ID is not set. Setting it to the default ID: omServiceIdDefault
2023-08-04 02:34:39,477 [Time-limited test] INFO  ha.OMHANodeDetails (OMHANodeDetails.java:getOMNodeDetailsForNonHA(261)) - OM Node ID is not set. Setting it to the default ID: om1
2023-08-04 02:34:39,477 [Time-limited test] WARN  server.ServerUtils (ServerUtils.java:getDBPath(311)) - ozone.om.db.dirs is not configured. We recommend adding this setting. Falling back to ozone.metadata.dirs instead.
2023-08-04 02:34:39,478 [Time-limited test] INFO  upgrade.AbstractLayoutVersionManager (AbstractLayoutVersionManager.java:init(83)) - Initializing Layout version manager with metadata layout = QUOTA (version = 6), software layout = QUOTA (version = 6)
2023-08-04 02:34:39,553 [Time-limited test] INFO  reflections.Reflections (Reflections.java:scan(232)) - Reflections took 73 ms to scan 2 urls, producing 188 keys and 512 values [using 2 cores]
2023-08-04 02:34:39,553 [Time-limited test] INFO  upgrade.OMLayoutVersionManager (OMLayoutVersionManager.java:lambda$0(115)) - Skipping Upgrade Action QuotaRepairUpgradeAction since it has been finalized.
2023-08-04 02:34:39,553 [Time-limited test] INFO  upgrade.OMLayoutVersionManager (OMLayoutVersionManager.java:lambda$0(115)) - Skipping Upgrade Action MockOmUpgradeAction since it has been finalized.
2023-08-04 02:34:39,556 [pool-453-thread-2] INFO  request.KdcRequest (KdcRequest.java:preauth(651)) - The preauth data is empty.
2023-08-04 02:34:39,556 [pool-453-thread-2] INFO  server.KdcHandler (KdcHandler.java:handleRecoverableException(177)) - KRB error occurred while processing request:Additional pre-authentication required
2023-08-04 02:34:39,560 [pool-453-thread-2] INFO  request.AsRequest (AsRequest.java:issueTicket(112)) - AS_REQ ISSUE: authtime 1691116479560,om/fv-az621-180@EXAMPLE.COM for krbtgt/EXAMPLE.COM@EXAMPLE.COM
2023-08-04 02:34:39,563 [Time-limited test] INFO  security.UserGroupInformation (UserGroupInformation.java:loginUserFromKeytab(1132)) - Login successful for user om/fv-az621-180@EXAMPLE.COM using keytab file om.keytab. Keytab auto renewal enabled : false
2023-08-04 02:34:39,563 [Time-limited test] INFO  om.OzoneManager (OzoneManager.java:loginOMUser(1161)) - Ozone Manager login successful.
2023-08-04 02:34:39,563 [Time-limited test] WARN  server.ServerUtils (ServerUtils.java:getDBPath(311)) - ozone.om.db.dirs is not configured. We recommend adding this setting. Falling back to ozone.metadata.dirs instead.
2023-08-04 02:34:39,565 [Time-limited test] INFO  proxy.SCMBlockLocationFailoverProxyProvider (SCMBlockLocationFailoverProxyProvider.java:<init>(114)) - Created block location fail-over proxy with 1 nodes: [nodeId=scmNodeId,nodeAddress=/0.0.0.0:9863]
2023-08-04 02:34:39,569 [Time-limited test] INFO  om.OzoneManager (OzoneManager.java:getOmDetailsProto(4555)) - OzoneManager ports added:[name: "RPC"
value: 1202
]
2023-08-04 02:34:39,570 [Time-limited test] INFO  security.OMCertificateClient (DefaultCertificateClient.java:updateCertSerialId(1226)) - Certificate serial ID set to 9879877970576
2023-08-04 02:34:39,571 [Time-limited test] WARN  security.OMCertificateClient (DefaultCertificateClient.java:loadAllCertificates(172)) - Certificates could not be loaded.
java.nio.file.NoSuchFileException: /tmp/junit1102909347865944945/junit5867143245482510000/scm-meta/om/certs
	at sun.nio.fs.UnixException.translateToIOException(UnixException.java:86)
	at sun.nio.fs.UnixException.rethrowAsIOException(UnixException.java:102)
	at sun.nio.fs.UnixException.rethrowAsIOException(UnixException.java:107)
	at sun.nio.fs.UnixFileSystemProvider.newDirectoryStream(UnixFileSystemProvider.java:427)
	at java.nio.file.Files.newDirectoryStream(Files.java:457)
	at java.nio.file.Files.list(Files.java:3451)
	at org.apache.hadoop.hdds.security.x509.certificate.client.DefaultCertificateClient.loadAllCertificates(DefaultCertificateClient.java:167)
	at org.apache.hadoop.hdds.security.x509.certificate.client.DefaultCertificateClient.updateCertSerialId(DefaultCertificateClient.java:1227)
	at org.apache.hadoop.hdds.security.x509.certificate.client.DefaultCertificateClient.<init>(DefaultCertificateClient.java:156)
	at org.apache.hadoop.hdds.security.x509.certificate.client.CommonCertificateClient.<init>(CommonCertificateClient.java:49)
	at org.apache.hadoop.ozone.security.OMCertificateClient.<init>(OMCertificateClient.java:68)
	at org.apache.hadoop.ozone.om.OzoneManager.<init>(OzoneManager.java:640)
	at org.apache.hadoop.ozone.om.OzoneManager.createOm(OzoneManager.java:754)
	at org.apache.hadoop.ozone.TestSecureOzoneCluster.setupOm(TestSecureOzoneCluster.java:693)
	at org.apache.hadoop.ozone.TestSecureOzoneCluster.testSecureOMInitializationFailure(TestSecureOzoneCluster.java:517)
	at sun.reflect.NativeMethodAccessorImpl.invoke0(Native Method)
	at sun.reflect.NativeMethodAccessorImpl.invoke(NativeMethodAccessorImpl.java:62)
	at sun.reflect.DelegatingMethodAccessorImpl.invoke(DelegatingMethodAccessorImpl.java:43)
	at java.lang.reflect.Method.invoke(Method.java:498)
	at org.junit.runners.model.FrameworkMethod$1.runReflectiveCall(FrameworkMethod.java:59)
	at org.junit.internal.runners.model.ReflectiveCallable.run(ReflectiveCallable.java:12)
	at org.junit.runners.model.FrameworkMethod.invokeExplosively(FrameworkMethod.java:56)
	at org.junit.internal.runners.statements.InvokeMethod.evaluate(InvokeMethod.java:17)
	at org.junit.internal.runners.statements.RunBefores.evaluate(RunBefores.java:26)
	at org.junit.internal.runners.statements.RunAfters.evaluate(RunAfters.java:27)
	at org.junit.rules.ExternalResource$1.evaluate(ExternalResource.java:54)
	at org.junit.internal.runners.statements.FailOnTimeout$CallableStatement.call(FailOnTimeout.java:288)
	at org.junit.internal.runners.statements.FailOnTimeout$CallableStatement.call(FailOnTimeout.java:282)
	at java.util.concurrent.FutureTask.run(FutureTask.java:266)
	at java.lang.Thread.run(Thread.java:750)
2023-08-04 02:34:39,572 [Time-limited test] INFO  om.OzoneManager (OzoneManager.java:<init>(662)) - OM start with adminUsers: [scm/fv-az621-180@EXAMPLE.COM, om]
2023-08-04 02:34:39,573 [Time-limited test] WARN  server.ServerUtils (ServerUtils.java:getDBPath(311)) - ozone.om.db.dirs is not configured. We recommend adding this setting. Falling back to ozone.metadata.dirs instead.
2023-08-04 02:34:39,574 [Time-limited test] INFO  helpers.OmKeyInfo (OmKeyInfo.java:getCodec(71)) - OmKeyInfo.getCodec ignorePipeline = true
2023-08-04 02:34:39,749 [Time-limited test] INFO  om.OzoneManager (OzoneManager.java:instantiateServices(791)) - S3 Multi-Tenancy is disabled
2023-08-04 02:34:39,750 [Time-limited test] INFO  security.OzoneSecretStore (OzoneSecretStore.java:loadState(69)) - Loaded 0 tokens
2023-08-04 02:34:39,750 [Time-limited test] INFO  security.OzoneDelegationTokenSecretManager (OzoneDelegationTokenSecretManager.java:loadTokenSecretState(530)) - Loading token state into token manager.
2023-08-04 02:34:39,750 [Time-limited test] INFO  om.OmSnapshotManager (OmSnapshotManager.java:<init>(175)) - Ozone filesystem snapshot feature is enabled.
2023-08-04 02:34:39,750 [Time-limited test] WARN  server.ServerUtils (ServerUtils.java:getDBPath(311)) - ozone.om.snapshot.diff.db.dir is not configured. We recommend adding this setting. Falling back to ozone.metadata.dirs instead.
2023-08-04 02:34:39,768 [Time-limited test] INFO  snapshot.SnapshotDiffManager (SnapshotDiffManager.java:closeExecutorService(1720)) - Shutting down executorService: 'SstDumpToolExecutor'
2023-08-04 02:34:39,779 [Time-limited test] INFO  om.OzoneManager (OzoneManager.java:addS3GVolumeToDB(4287)) - Created Volume s3v With Owner om required for S3Gateway operations.
2023-08-04 02:34:39,779 [Time-limited test] WARN  server.ServerUtils (ServerUtils.java:getDefaultRatisDirectory(323)) - Storage directory for Ratis is not configured. It is a good idea to map this to an SSD disk. Falling back to ozone.metadata.dirs
2023-08-04 02:34:39,780 [Time-limited test] WARN  utils.OzoneManagerRatisUtils (OzoneManagerRatisUtils.java:getOMRatisSnapshotDirectory(461)) - ozone.om.ratis.snapshot.dir is not configured. Falling back to ozone.metadata.dirs config
2023-08-04 02:34:39,780 [Time-limited test] WARN  server.ServerUtils (ServerUtils.java:getDefaultRatisDirectory(323)) - Storage directory for Ratis is not configured. It is a good idea to map this to an SSD disk. Falling back to ozone.metadata.dirs
2023-08-04 02:34:39,782 [Time-limited test] INFO  ratis.OzoneManagerRatisServer (OzoneManagerRatisServer.java:<init>(163)) - Instantiating OM Ratis server with groupID: omServiceIdDefault and peers: fv-az621-180:9872
2023-08-04 02:34:39,782 [Time-limited test] INFO  ratis.OzoneManagerStateMachine (OzoneManagerStateMachine.java:loadSnapshotInfoFromDB(687)) - LastAppliedIndex is set from TransactionInfo from OM DB as (t:0, i:~)
2023-08-04 02:34:39,782 [Time-limited test] INFO  server.RaftServer (ConfUtils.java:logGet(46)) - raft.rpc.type = GRPC (default)
2023-08-04 02:34:39,782 [Time-limited test] INFO  grpc.GrpcConfigKeys (ConfUtils.java:logFallback(53)) - raft.grpc.admin.host = null (fallback to raft.grpc.server.host)
2023-08-04 02:34:39,782 [Time-limited test] INFO  grpc.GrpcConfigKeys (ConfUtils.java:logFallback(53)) - raft.grpc.admin.port = 9872 (fallback to raft.grpc.server.port)
2023-08-04 02:34:39,782 [Time-limited test] INFO  grpc.GrpcConfigKeys (ConfUtils.java:logFallback(53)) - raft.grpc.client.host = null (fallback to raft.grpc.server.host)
2023-08-04 02:34:39,783 [Time-limited test] INFO  grpc.GrpcConfigKeys (ConfUtils.java:logFallback(53)) - raft.grpc.client.port = 9872 (fallback to raft.grpc.server.port)
2023-08-04 02:34:39,783 [Time-limited test] INFO  grpc.GrpcConfigKeys (ConfUtils.java:logGet(46)) - raft.grpc.server.host = null (default)
2023-08-04 02:34:39,783 [Time-limited test] INFO  grpc.GrpcConfigKeys (ConfUtils.java:logGet(46)) - raft.grpc.server.port = 9872 (custom)
2023-08-04 02:34:39,783 [Time-limited test] INFO  server.GrpcService (ConfUtils.java:logGet(46)) - raft.grpc.message.size.max = 33554432 (custom)
2023-08-04 02:34:39,783 [Time-limited test] INFO  server.RaftServerConfigKeys (ConfUtils.java:logGet(46)) - raft.server.log.appender.buffer.byte-limit = 33554432 (custom)
2023-08-04 02:34:39,783 [Time-limited test] INFO  server.GrpcService (ConfUtils.java:logGet(46)) - raft.grpc.flow.control.window = 1MB (=1048576) (default)
2023-08-04 02:34:39,783 [Time-limited test] INFO  server.RaftServerConfigKeys (ConfUtils.java:logGet(46)) - raft.server.rpc.request.timeout = 3000ms (default)
2023-08-04 02:34:39,783 [Time-limited test] INFO  grpc.GrpcConfigKeys (ConfUtils.java:logGet(46)) - raft.grpc.server.heartbeat.channel = true (default)
2023-08-04 02:34:39,783 [Time-limited test] INFO  grpc.GrpcConfigKeys (ConfUtils.java:logGet(46)) - raft.grpc.server.async.request.thread.pool.cached = true (default)
2023-08-04 02:34:39,783 [Time-limited test] INFO  grpc.GrpcConfigKeys (ConfUtils.java:logGet(46)) - raft.grpc.server.async.request.thread.pool.size = 32 (default)
2023-08-04 02:34:39,784 [Time-limited test] INFO  impl.DataStreamServerImpl (ConfUtils.java:logGet(46)) - raft.datastream.type = DISABLED (default)
2023-08-04 02:34:39,785 [Time-limited test] INFO  server.RaftServerConfigKeys (ConfUtils.java:logGet(46)) - raft.server.threadpool.proxy.cached = true (default)
2023-08-04 02:34:39,785 [Time-limited test] INFO  server.RaftServerConfigKeys (ConfUtils.java:logGet(46)) - raft.server.threadpool.proxy.size = 0 (default)
2023-08-04 02:34:39,785 [Time-limited test] INFO  server.RaftServerConfigKeys (ConfUtils.java:logGet(46)) - raft.server.rpc.slowness.timeout = 120s (custom)
2023-08-04 02:34:39,785 [Time-limited test] INFO  server.RaftServerConfigKeys (ConfUtils.java:logGet(46)) - raft.server.leaderelection.leader.step-down.wait-time = 10s (default)
2023-08-04 02:34:39,785 [Time-limited test] INFO  server.RaftServerConfigKeys (ConfUtils.java:logGet(46)) - raft.server.storage.dir = [/tmp/junit1102909347865944945/junit5867143245482510000/scm-meta/ratis] (custom)
2023-08-04 02:34:39,792 [Time-limited test] INFO  server.RaftServer (RaftServerProxy.java:addNew(98)) - om1: addNew group-C5BA1605619E:[om1|rpc:fv-az621-180:9872|priority:0|startupRole:FOLLOWER] returns group-C5BA1605619E:java.util.concurrent.CompletableFuture@10e0c597[Not completed]
2023-08-04 02:34:39,792 [Time-limited test] INFO  om.OzoneManager (OzoneManager.java:initializeRatisServer(2128)) - OzoneManager Ratis server initialized at port 9872
RaftServerImpl.java:<init>(198)) - om1: new RaftServerImpl for group-C5BA1605619E:[om1|rpc:fv-az621-180:9872|priority:0|startupRole:FOLLOWER] with OzoneManagerStateMachine:uninitialized
2023-08-04 02:34:39,792 [Time-limited test] INFO  om.OzoneManager (OzoneManager.java:initializeRatisServer(2128)) - OzoneManager Ratis server initialized at port 9872
2023-08-04 02:34:39,792 [Time-limited test] INFO  om.OzoneManager (OzoneManager.java:getRpcServer(1193)) - Creating RPC Server
ConfUtils.java:logGet(46)) - raft.server.rpc.timeout.min = 5s (custom)
2023-08-04 02:34:39,792 [Time-limited test] INFO  om.OzoneManager (OzoneManager.java:getRpcServer(1193)) - Creating RPC Server
2023-08-04 02:34:39,792 [om1-groupManagement] INFO  server.RaftServerConfigKeys (ConfUtils.java:logGet(46)) - raft.server.rpc.timeout.max = 5200ms (custom)
2023-08-04 02:34:39,793 [om1-groupManagement] INFO  server.RaftServerConfigKeys (ConfUtils.java:logGet(46)) - raft.server.rpc.sleep.time = 25ms (default)
2023-08-04 02:34:39,793 [om1-groupManagement] INFO  server.RaftServerConfigKeys (ConfUtils.java:logGet(46)) - raft.server.rpc.slowness.timeout = 120s (custom)
2023-08-04 02:34:39,793 [om1-groupManagement] INFO  server.RaftServerConfigKeys (ConfUtils.java:logGet(46)) - raft.server.leaderelection.leader.step-down.wait-time = 10s (default)
2023-08-04 02:34:39,793 [om1-groupManagement] INFO  server.RaftServerConfigKeys (ConfUtils.java:logGet(46)) - raft.server.sleep.deviation.threshold = 300ms (default)
2023-08-04 02:34:39,793 [om1-groupManagement] INFO  server.RaftServer$Division (ServerState.java:<init>(120)) - om1@group-C5BA1605619E: ConfigurationManager, init=-1: peers:[om1|rpc:fv-az621-180:9872|priority:0|startupRole:FOLLOWER]|listeners:[], old=null, confs=<EMPTY_MAP>
2023-08-04 02:34:39,793 [om1-groupManagement] INFO  server.RaftServerConfigKeys (ConfUtils.java:logGet(46)) - raft.server.storage.dir = [/tmp/junit1102909347865944945/junit5867143245482510000/scm-meta/ratis] (custom)
2023-08-04 02:34:39,794 [om1-groupManagement] INFO  server.RaftServerConfigKeys (ConfUtils.java:logGet(46)) - raft.server.log.corruption.policy = EXCEPTION (default)
2023-08-04 02:34:39,794 [om1-groupManagement] INFO  server.RaftServerConfigKeys (ConfUtils.java:logGet(46)) - raft.server.storage.free-space.min = 0MB (=0) (default)
2023-08-04 02:34:39,795 [om1-groupManagement] INFO  server.RaftServerConfigKeys (ConfUtils.java:logGet(46)) - raft.server.notification.no-leader.timeout = 120s (custom)
2023-08-04 02:34:39,795 [om1-groupManagement] INFO  server.RaftServerConfigKeys (ConfUtils.java:logGet(46)) - raft.server.read.timeout = 10s (default)
2023-08-04 02:34:39,795 [om1-groupManagement] INFO  server.RaftServerConfigKeys (ConfUtils.java:logGet(46)) - raft.server.retrycache.expirytime = 300s (custom)
2023-08-04 02:34:39,795 [om1-groupManagement] INFO  server.RaftServerConfigKeys (ConfUtils.java:logGet(46)) - raft.server.retrycache.statistics.expirytime = 100μs (default)
2023-08-04 02:34:39,795 [om1-groupManagement] INFO  server.RaftServerConfigKeys (ConfUtils.java:logGet(46)) - raft.server.read.option = DEFAULT (default)
2023-08-04 02:34:39,797 [om1-groupManagement] INFO  server.RaftServerConfigKeys (ConfUtils.java:logGet(46)) - raft.server.rpc.request.timeout = 3000ms (default)
2023-08-04 02:34:39,797 [om1-groupManagement] INFO  server.RaftServerConfigKeys (ConfUtils.java:logGet(46)) - raft.server.log.appender.install.snapshot.enabled = false (custom)
2023-08-04 02:34:39,797 [om1-groupManagement] INFO  server.RaftServerConfigKeys (ConfUtils.java:logGet(46)) - raft.server.threadpool.server.cached = true (default)
2023-08-04 02:34:39,797 [om1-groupManagement] INFO  server.RaftServerConfigKeys (ConfUtils.java:logGet(46)) - raft.server.threadpool.server.size = 0 (default)
2023-08-04 02:34:39,797 [om1-groupManagement] INFO  server.RaftServerConfigKeys (ConfUtils.java:logGet(46)) - raft.server.threadpool.client.cached = true (default)
2023-08-04 02:34:39,797 [om1-groupManagement] INFO  server.RaftServerConfigKeys (ConfUtils.java:logGet(46)) - raft.server.threadpool.client.size = 0 (default)
2023-08-04 02:34:40,148 [Time-limited test] INFO  reflections.Reflections (Reflections.java:scan(232)) - Reflections took 354 ms to scan 19 urls, producing 70 keys and 5598 values [using 2 cores]
2023-08-04 02:34:40,150 [Time-limited test] INFO  ipc.CallQueueManager (CallQueueManager.java:<init>(90)) - Using callQueue: class java.util.concurrent.LinkedBlockingQueue, queueCapacity: 10000, scheduler: class org.apache.hadoop.ipc.DefaultRpcScheduler, ipcBackoff: false.
2023-08-04 02:34:40,151 [Time-limited test] INFO  ipc.Server (Server.java:<init>(1287)) - Listener at fv-az621-180:1202
2023-08-04 02:34:40,153 [Socket Reader #1 for port 1202] INFO  ipc.Server (Server.java:run(1323)) - Starting Socket Reader #1 for port 1202
2023-08-04 02:34:40,173 [Time-limited test] INFO  ha.OMHANodeDetails (OMHANodeDetails.java:loadOMHAConfig(115)) - ozone.om.internal.service.id is not defined, falling back to ozone.om.service.ids to find serviceID for OzoneManager if it is HA enabled cluster
2023-08-04 02:34:40,173 [Time-limited test] INFO  ha.OMHANodeDetails (OMHANodeDetails.java:loadOMHAConfig(226)) - Configuration does not have ozone.om.address set. Falling back to the default OM address fv-az621-180/10.1.0.9:1202
2023-08-04 02:34:40,173 [Time-limited test] INFO  ha.OMHANodeDetails (OMHANodeDetails.java:getOMNodeDetailsForNonHA(254)) - OM Service ID is not set. Setting it to the default ID: omServiceIdDefault
2023-08-04 02:34:40,173 [Time-limited test] INFO  ha.OMHANodeDetails (OMHANodeDetails.java:getOMNodeDetailsForNonHA(261)) - OM Node ID is not set. Setting it to the default ID: om1
2023-08-04 02:34:40,173 [Time-limited test] WARN  server.ServerUtils (ServerUtils.java:getDBPath(311)) - ozone.om.db.dirs is not configured. We recommend adding this setting. Falling back to ozone.metadata.dirs instead.
2023-08-04 02:34:40,175 [Time-limited test] INFO  upgrade.AbstractLayoutVersionManager (AbstractLayoutVersionManager.java:init(83)) - Initializing Layout version manager with metadata layout = QUOTA (version = 6), software layout = QUOTA (version = 6)
2023-08-04 02:34:40,249 [Time-limited test] INFO  reflections.Reflections (Reflections.java:scan(232)) - Reflections took 73 ms to scan 2 urls, producing 188 keys and 512 values [using 2 cores]
2023-08-04 02:34:40,249 [Time-limited test] INFO  upgrade.OMLayoutVersionManager (OMLayoutVersionManager.java:lambda$0(115)) - Skipping Upgrade Action QuotaRepairUpgradeAction since it has been finalized.
2023-08-04 02:34:40,249 [Time-limited test] INFO  upgrade.OMLayoutVersionManager (OMLayoutVersionManager.java:lambda$0(115)) - Skipping Upgrade Action MockOmUpgradeAction since it has been finalized.
2023-08-04 02:34:40,251 [Time-limited test] INFO  ha.OMHANodeDetails (OMHANodeDetails.java:loadOMHAConfig(115)) - ozone.om.internal.service.id is not defined, falling back to ozone.om.service.ids to find serviceID for OzoneManager if it is HA enabled cluster
2023-08-04 02:34:40,251 [Time-limited test] INFO  ha.OMHANodeDetails (OMHANodeDetails.java:loadOMHAConfig(226)) - Configuration does not have ozone.om.address set. Falling back to the default OM address fv-az621-180/10.1.0.9:1202
2023-08-04 02:34:40,251 [Time-limited test] INFO  ha.OMHANodeDetails (OMHANodeDetails.java:getOMNodeDetailsForNonHA(254)) - OM Service ID is not set. Setting it to the default ID: omServiceIdDefault
2023-08-04 02:34:40,251 [Time-limited test] INFO  ha.OMHANodeDetails (OMHANodeDetails.java:getOMNodeDetailsForNonHA(261)) - OM Node ID is not set. Setting it to the default ID: om1
2023-08-04 02:34:40,251 [Time-limited test] WARN  server.ServerUtils (ServerUtils.java:getDBPath(311)) - ozone.om.db.dirs is not configured. We recommend adding this setting. Falling back to ozone.metadata.dirs instead.
2023-08-04 02:34:40,252 [Time-limited test] INFO  upgrade.AbstractLayoutVersionManager (AbstractLayoutVersionManager.java:init(83)) - Initializing Layout version manager with metadata layout = QUOTA (version = 6), software layout = QUOTA (version = 6)
2023-08-04 02:34:40,320 [Time-limited test] INFO  reflections.Reflections (Reflections.java:scan(232)) - Reflections took 67 ms to scan 2 urls, producing 188 keys and 512 values [using 2 cores]
2023-08-04 02:34:40,321 [Time-limited test] INFO  upgrade.OMLayoutVersionManager (OMLayoutVersionManager.java:lambda$0(115)) - Skipping Upgrade Action QuotaRepairUpgradeAction since it has been finalized.
2023-08-04 02:34:40,321 [Time-limited test] INFO  upgrade.OMLayoutVersionManager (OMLayoutVersionManager.java:lambda$0(115)) - Skipping Upgrade Action MockOmUpgradeAction since it has been finalized.
2023-08-04 02:34:40,321 [Time-limited test] INFO  ha.OMHANodeDetails (OMHANodeDetails.java:loadOMHAConfig(115)) - ozone.om.internal.service.id is not defined, falling back to ozone.om.service.ids to find serviceID for OzoneManager if it is HA enabled cluster
2023-08-04 02:34:40,321 [Time-limited test] INFO  ha.OMHANodeDetails (OMHANodeDetails.java:loadOMHAConfig(226)) - Configuration does not have ozone.om.address set. Falling back to the default OM address fv-az621-180/10.1.0.9:1202
2023-08-04 02:34:40,322 [Time-limited test] INFO  ha.OMHANodeDetails (OMHANodeDetails.java:getOMNodeDetailsForNonHA(254)) - OM Service ID is not set. Setting it to the default ID: omServiceIdDefault
2023-08-04 02:34:40,322 [Time-limited test] INFO  ha.OMHANodeDetails (OMHANodeDetails.java:getOMNodeDetailsForNonHA(261)) - OM Node ID is not set. Setting it to the default ID: om1
2023-08-04 02:34:40,322 [Time-limited test] WARN  server.ServerUtils (ServerUtils.java:getDBPath(311)) - ozone.om.db.dirs is not configured. We recommend adding this setting. Falling back to ozone.metadata.dirs instead.
2023-08-04 02:34:40,323 [Time-limited test] INFO  upgrade.AbstractLayoutVersionManager (AbstractLayoutVersionManager.java:init(83)) - Initializing Layout version manager with metadata layout = QUOTA (version = 6), software layout = QUOTA (version = 6)
2023-08-04 02:34:40,391 [Time-limited test] INFO  reflections.Reflections (Reflections.java:scan(232)) - Reflections took 67 ms to scan 2 urls, producing 188 keys and 512 values [using 2 cores]
2023-08-04 02:34:40,391 [Time-limited test] INFO  upgrade.OMLayoutVersionManager (OMLayoutVersionManager.java:lambda$0(115)) - Skipping Upgrade Action QuotaRepairUpgradeAction since it has been finalized.
2023-08-04 02:34:40,391 [Time-limited test] INFO  upgrade.OMLayoutVersionManager (OMLayoutVersionManager.java:lambda$0(115)) - Skipping Upgrade Action MockOmUpgradeAction since it has been finalized.
2023-08-04 02:34:40,392 [Time-limited test] INFO  impl.DefaultInternalKdcServerImpl (DefaultInternalKdcServerImpl.java:doStop(102)) - Default Internal kdc server stopped.
2023-08-04 02:34:41,392 [Time-limited test] INFO  minikdc.MiniKdc (MiniKdc.java:stop(359)) - MiniKdc stopped.
2023-08-04 02:34:41,393 [Time-limited test] INFO  server.StorageContainerManager (StorageContainerManager.java:stop(1592)) - Container Balancer is not running.
2023-08-04 02:34:41,393 [Time-limited test] INFO  server.StorageContainerManager (StorageContainerManager.java:stopReplicationManager(1725)) - Stopping Replication Manager Service.
2023-08-04 02:34:41,393 [Time-limited test] INFO  replication.ReplicationManager (ReplicationManager.java:stop(319)) - Stopping Replication Monitor Thread.
2023-08-04 02:34:41,393 [Under Replicated Processor] WARN  replication.UnhealthyReplicationProcessor (UnhealthyReplicationProcessor.java:run(180)) - Under Replicated Processor interrupted. Exiting...
2023-08-04 02:34:41,393 [Over Replicated Processor] WARN  replication.UnhealthyReplicationProcessor (UnhealthyReplicationProcessor.java:run(180)) - Over Replicated Processor interrupted. Exiting...
2023-08-04 02:34:41,393 [ReplicationMonitor] INFO  replication.ReplicationManager (ReplicationManager.java:run(917)) - Replication Monitor Thread is stopped
2023-08-04 02:34:41,393 [Time-limited test] INFO  server.StorageContainerManager (StorageContainerManager.java:stop(1601)) - Stopping the Datanode Admin Monitor.
2023-08-04 02:34:41,393 [Time-limited test] INFO  server.StorageContainerManager (StorageContainerManager.java:stop(1608)) - Stopping datanode service RPC server
2023-08-04 02:34:41,393 [Time-limited test] INFO  server.SCMDatanodeProtocolServer (SCMDatanodeProtocolServer.java:stop(424)) - Stopping the RPC server for DataNodes
2023-08-04 02:34:41,394 [Time-limited test] INFO  ipc.Server (Server.java:stop(3523)) - Stopping server on 9861
2023-08-04 02:34:42,431 [SCM Heartbeat Processing Thread - 0] WARN  node.NodeStateManager (NodeStateManager.java:scheduleNextHealthCheck(874)) - Current Thread is interrupted, shutting down HB processing thread for Node Manager.
2023-08-04 02:34:42,431 [Time-limited test] INFO  server.StorageContainerManager (StorageContainerManager.java:stop(1616)) - Stopping block service RPC server
2023-08-04 02:34:42,431 [Time-limited test] INFO  server.SCMBlockProtocolServer (SCMBlockProtocolServer.java:stop(161)) - Stopping the RPC server for Block Protocol
2023-08-04 02:34:42,431 [Time-limited test] INFO  ipc.Server (Server.java:stop(3523)) - Stopping server on 9863
2023-08-04 02:34:42,432 [Time-limited test] INFO  server.StorageContainerManager (StorageContainerManager.java:stop(1623)) - Stopping the StorageContainerLocationProtocol RPC server
2023-08-04 02:34:42,432 [Time-limited test] INFO  server.SCMClientProtocolServer (SCMClientProtocolServer.java:stop(209)) - Stopping the RPC server for Client Protocol
2023-08-04 02:34:42,432 [Time-limited test] INFO  ipc.Server (Server.java:stop(3523)) - Stopping server on 9860
2023-08-04 02:34:42,432 [Time-limited test] INFO  server.StorageContainerManager (StorageContainerManager.java:stop(1630)) - Stopping Storage Container Manager HTTP server.
2023-08-04 02:34:42,432 [Time-limited test] INFO  server.StorageContainerManager (StorageContainerManager.java:stop(1638)) - Stopping SCM LayoutVersionManager Service.
2023-08-04 02:34:42,432 [Time-limited test] INFO  server.SCMSecurityProtocolServer (SCMSecurityProtocolServer.java:stop(552)) - Stopping the SCMSecurityProtocolServer.
2023-08-04 02:34:42,432 [Time-limited test] INFO  ipc.Server (Server.java:stop(3523)) - Stopping server on 9961
2023-08-04 02:34:42,433 [Time-limited test] INFO  server.SCMUpdateServiceGrpcServer (SCMUpdateServiceGrpcServer.java:stop(73)) - SCMUpdateService stopping
2023-08-04 02:34:42,433 [Time-limited test] INFO  server.StorageContainerManager (StorageContainerManager.java:stop(1650)) - Stopping Block Manager Service.
2023-08-04 02:34:42,433 [Time-limited test] INFO  utils.BackgroundService (BackgroundService.java:shutdown(141)) - Shutting down service SCMBlockDeletingService
2023-08-04 02:34:42,433 [Time-limited test] INFO  utils.BackgroundService (BackgroundService.java:shutdown(141)) - Shutting down service SCMBlockDeletingService
2023-08-04 02:34:42,433 [Time-limited test] INFO  server.StorageContainerManager (StorageContainerManager.java:stop(1670)) - Stopping SCM Event Queue.
2023-08-04 02:34:42,433 [Time-limited test] INFO  server.StorageContainerManager (StorageContainerManager.java:stop(1681)) - Stopping SCM HA services.
2023-08-04 02:34:42,433 [Time-limited test] INFO  pipeline.BackgroundPipelineCreator (BackgroundPipelineCreator.java:stop(149)) - Stopping RatisPipelineUtilsThread.
2023-08-04 02:34:42,434 [RatisPipelineUtilsThread - 0] WARN  pipeline.BackgroundPipelineCreator (BackgroundPipelineCreator.java:run(180)) - RatisPipelineUtilsThread is interrupted.
2023-08-04 02:34:42,434 [Time-limited test] INFO  BackgroundPipelineScrubber (BackgroundSCMService.java:stop(131)) - Stopping BackgroundPipelineScrubber Service.
2023-08-04 02:34:42,434 [BackgroundPipelineScrubberThread] WARN  BackgroundPipelineScrubber (BackgroundSCMService.java:run(115)) - BackgroundPipelineScrubber is interrupted, exit
2023-08-04 02:34:42,434 [Time-limited test] WARN  pipeline.BackgroundPipelineCreator (BackgroundPipelineCreator.java:stop(145)) - RatisPipelineUtilsThread is not running, just ignore.
2023-08-04 02:34:42,434 [Time-limited test] INFO  BackgroundPipelineScrubber (BackgroundSCMService.java:stop(126)) - BackgroundPipelineScrubber Service is not running, skip stop.
2023-08-04 02:34:42,434 [Time-limited test] INFO  ExpiredContainerReplicaOpScrubber (BackgroundSCMService.java:stop(131)) - Stopping ExpiredContainerReplicaOpScrubber Service.
2023-08-04 02:34:42,434 [ExpiredContainerReplicaOpScrubberThread] WARN  ExpiredContainerReplicaOpScrubber (BackgroundSCMService.java:run(115)) - ExpiredContainerReplicaOpScrubber is interrupted, exit
2023-08-04 02:34:42,434 [Time-limited test] INFO  utils.BackgroundService (BackgroundService.java:shutdown(141)) - Shutting down service SCMBlockDeletingService
2023-08-04 02:34:42,434 [Time-limited test] INFO  replication.ReplicationManager (ReplicationManager.java:stop(329)) - Replication Monitor Thread is not running.
2023-08-04 02:34:42,434 [Time-limited test] WARN  balancer.ContainerBalancer (ContainerBalancer.java:stop(326)) - Cannot stop Container Balancer because it's not running or stopping
2023-08-04 02:34:42,434 [Time-limited test] INFO  server.StorageContainerManager (StorageContainerManager.java:stop(1716)) - Stopping SCM MetadataStore.
2023-08-04 02:34:42,436 [Time-limited test] INFO  server.SCMSecurityProtocolServer (SCMSecurityProtocolServer.java:join(562)) - Join RPC server for SCMSecurityProtocolServer.
2023-08-04 02:34:42,436 [Time-limited test] INFO  server.SCMSecurityProtocolServer (SCMSecurityProtocolServer.java:join(564)) - Join gRPC server for SCMSecurityProtocolServer.
2023-08-04 02:34:42,436 [Time-limited test] INFO  om.OzoneManager (OzoneManager.java:stop(2187)) - om1[fv-az621-180:1202]: Stopping Ozone Manager
2023-08-04 02:34:42,436 [Time-limited test] INFO  ipc.Server (Server.java:stop(3523)) - Stopping server on 1202
2023-08-04 02:34:42,436 [Time-limited test] INFO  ratis.OzoneManagerStateMachine (OzoneManagerStateMachine.java:close(534)) - StateMachine has shutdown. Shutdown OzoneManager if not already shutdown.
2023-08-04 02:34:42,436 [Time-limited test] INFO  ratis.OzoneManagerDoubleBuffer (OzoneManagerDoubleBuffer.java:stopDaemon(551)) - Stopping OMDoubleBuffer flush thread
2023-08-04 02:34:42,436 [OMDoubleBufferFlushThread] INFO  ratis.OzoneManagerDoubleBuffer (OzoneManagerDoubleBuffer.java:canFlush(638)) - OMDoubleBuffer flush thread OMDoubleBufferFlushThread is interrupted and will exit.
2023-08-04 02:34:42,436 [Time-limited test] INFO  om.OzoneManager (OzoneManager.java:stopSecretManager(1063)) - Stopping secret key client.
2023-08-04 02:34:42,437 [Time-limited test] INFO  om.OzoneManager (OzoneManager.java:stopSecretManager(1068)) - Stopping OM delegation token secret manager.
2023-08-04 02:34:42,437 [Time-limited test] INFO  rocksdiff.RocksDBCheckpointDiffer (RocksDBCheckpointDiffer.java:close(340)) - Shutting down CompactionDagPruningService.
2023-08-04 02:34:42,438 [Time-limited test] INFO  snapshot.SnapshotDiffManager (SnapshotDiffManager.java:closeExecutorService(1720)) - Shutting down executorService: 'SnapDiffExecutor'
2023-08-04 02:34:42,438 [Time-limited test] INFO  snapshot.SnapshotDiffManager (SnapshotDiffManager.java:closeExecutorService(1720)) - Shutting down executorService: 'SstDumpToolExecutor'
2023-08-04 02:34:42,438 [Time-limited test] INFO  utils.BackgroundService (BackgroundService.java:shutdown(141)) - Shutting down service SnapshotDiffCleanupService
]]></system-out>
  </testcase>
  <testcase name="testDelegationTokenRenewal" classname="org.apache.hadoop.ozone.TestSecureOzoneCluster" time="10.604">
    <system-out><![CDATA[2023-08-04 02:34:42,459 [Time-limited test] INFO  net.ServerSocketUtil (ServerSocketUtil.java:getPort(55)) - Using port 9860
2023-08-04 02:34:42,459 [Time-limited test] INFO  net.ServerSocketUtil (ServerSocketUtil.java:getPort(55)) - Using port 9861
2023-08-04 02:34:42,459 [Time-limited test] INFO  net.ServerSocketUtil (ServerSocketUtil.java:getPort(55)) - Using port 9863
2023-08-04 02:34:42,459 [Time-limited test] INFO  net.ServerSocketUtil (ServerSocketUtil.java:getPort(55)) - Using port 9961
2023-08-04 02:34:42,459 [Time-limited test] INFO  net.ServerSocketUtil (ServerSocketUtil.java:getPort(55)) - Using port 1200
2023-08-04 02:34:42,460 [Time-limited test] INFO  net.ServerSocketUtil (ServerSocketUtil.java:getPort(55)) - Using port 1201
2023-08-04 02:34:42,460 [Time-limited test] INFO  minikdc.MiniKdc (MiniKdc.java:<init>(225)) - Configuration:
2023-08-04 02:34:42,460 [Time-limited test] INFO  minikdc.MiniKdc (MiniKdc.java:<init>(226)) - ---------------------------------------------------------------
2023-08-04 02:34:42,460 [Time-limited test] INFO  minikdc.MiniKdc (MiniKdc.java:<init>(228)) -   debug: false
2023-08-04 02:34:42,460 [Time-limited test] INFO  minikdc.MiniKdc (MiniKdc.java:<init>(228)) -   transport: TCP
2023-08-04 02:34:42,460 [Time-limited test] INFO  minikdc.MiniKdc (MiniKdc.java:<init>(228)) -   max.ticket.lifetime: 86400000
2023-08-04 02:34:42,460 [Time-limited test] INFO  minikdc.MiniKdc (MiniKdc.java:<init>(228)) -   org.name: EXAMPLE
2023-08-04 02:34:42,460 [Time-limited test] INFO  minikdc.MiniKdc (MiniKdc.java:<init>(228)) -   kdc.port: 0
2023-08-04 02:34:42,460 [Time-limited test] INFO  minikdc.MiniKdc (MiniKdc.java:<init>(228)) -   org.domain: COM
2023-08-04 02:34:42,460 [Time-limited test] INFO  minikdc.MiniKdc (MiniKdc.java:<init>(228)) -   max.renewable.lifetime: 604800000
2023-08-04 02:34:42,460 [Time-limited test] INFO  minikdc.MiniKdc (MiniKdc.java:<init>(228)) -   instance: DefaultKrbServer
2023-08-04 02:34:42,460 [Time-limited test] INFO  minikdc.MiniKdc (MiniKdc.java:<init>(228)) -   kdc.bind.address: localhost
2023-08-04 02:34:42,460 [Time-limited test] INFO  minikdc.MiniKdc (MiniKdc.java:<init>(230)) - ---------------------------------------------------------------
2023-08-04 02:34:42,463 [Time-limited test] INFO  minikdc.MiniKdc (MiniKdc.java:start(285)) - MiniKdc started.
2023-08-04 02:34:42,735 [Time-limited test] INFO  om.OzoneManager (OzoneManager.java:getOmDetailsProto(4555)) - OzoneManager ports added:[name: "RPC"
value: 1202
]
2023-08-04 02:34:42,736 [Time-limited test] WARN  server.ServerUtils (ServerUtils.java:getDBPath(311)) - ozone.om.db.dirs is not configured. We recommend adding this setting. Falling back to ozone.metadata.dirs instead.
2023-08-04 02:34:42,738 [Time-limited test] INFO  ha.OMHANodeDetails (OMHANodeDetails.java:loadOMHAConfig(115)) - ozone.om.internal.service.id is not defined, falling back to ozone.om.service.ids to find serviceID for OzoneManager if it is HA enabled cluster
2023-08-04 02:34:42,738 [Time-limited test] INFO  ha.OMHANodeDetails (OMHANodeDetails.java:loadOMHAConfig(226)) - Configuration does not have ozone.om.address set. Falling back to the default OM address fv-az621-180/10.1.0.9:1202
2023-08-04 02:34:42,738 [Time-limited test] INFO  ha.OMHANodeDetails (OMHANodeDetails.java:getOMNodeDetailsForNonHA(254)) - OM Service ID is not set. Setting it to the default ID: omServiceIdDefault
2023-08-04 02:34:42,738 [Time-limited test] INFO  ha.OMHANodeDetails (OMHANodeDetails.java:getOMNodeDetailsForNonHA(261)) - OM Node ID is not set. Setting it to the default ID: om1
2023-08-04 02:34:42,739 [Time-limited test] WARN  server.ServerUtils (ServerUtils.java:getDBPath(311)) - ozone.om.db.dirs is not configured. We recommend adding this setting. Falling back to ozone.metadata.dirs instead.
2023-08-04 02:34:42,739 [Time-limited test] INFO  upgrade.AbstractLayoutVersionManager (AbstractLayoutVersionManager.java:init(83)) - Initializing Layout version manager with metadata layout = QUOTA (version = 6), software layout = QUOTA (version = 6)
2023-08-04 02:34:42,803 [Time-limited test] INFO  reflections.Reflections (Reflections.java:scan(232)) - Reflections took 63 ms to scan 2 urls, producing 188 keys and 512 values [using 2 cores]
2023-08-04 02:34:42,803 [Time-limited test] INFO  upgrade.OMLayoutVersionManager (OMLayoutVersionManager.java:lambda$0(115)) - Skipping Upgrade Action QuotaRepairUpgradeAction since it has been finalized.
2023-08-04 02:34:42,803 [Time-limited test] INFO  upgrade.OMLayoutVersionManager (OMLayoutVersionManager.java:lambda$0(115)) - Skipping Upgrade Action MockOmUpgradeAction since it has been finalized.
2023-08-04 02:34:42,806 [pool-516-thread-1] INFO  request.KdcRequest (KdcRequest.java:preauth(651)) - The preauth data is empty.
2023-08-04 02:34:42,806 [pool-516-thread-1] INFO  server.KdcHandler (KdcHandler.java:handleRecoverableException(177)) - KRB error occurred while processing request:Additional pre-authentication required
2023-08-04 02:34:42,812 [pool-516-thread-2] INFO  request.AsRequest (AsRequest.java:issueTicket(112)) - AS_REQ ISSUE: authtime 1691116482812,om/fv-az621-180@EXAMPLE.COM for krbtgt/EXAMPLE.COM@EXAMPLE.COM
2023-08-04 02:34:42,814 [Time-limited test] INFO  security.UserGroupInformation (UserGroupInformation.java:loginUserFromKeytab(1132)) - Login successful for user om/fv-az621-180@EXAMPLE.COM using keytab file om.keytab. Keytab auto renewal enabled : false
2023-08-04 02:34:42,814 [Time-limited test] INFO  om.OzoneManager (OzoneManager.java:loginOMUser(1161)) - Ozone Manager login successful.
2023-08-04 02:34:42,814 [Time-limited test] WARN  server.ServerUtils (ServerUtils.java:getDBPath(311)) - ozone.om.db.dirs is not configured. We recommend adding this setting. Falling back to ozone.metadata.dirs instead.
2023-08-04 02:34:42,815 [Time-limited test] INFO  proxy.SCMBlockLocationFailoverProxyProvider (SCMBlockLocationFailoverProxyProvider.java:<init>(114)) - Created block location fail-over proxy with 1 nodes: [nodeId=scmNodeId,nodeAddress=localhost/127.0.0.1:9863]
2023-08-04 02:34:42,816 [Time-limited test] INFO  om.OzoneManager (OzoneManager.java:getOmDetailsProto(4555)) - OzoneManager ports added:[name: "RPC"
value: 1202
]
2023-08-04 02:34:42,817 [Time-limited test] INFO  security.OMCertificateClient (DefaultCertificateClient.java:updateCertSerialId(1226)) - Certificate serial ID set to 9879877970576
2023-08-04 02:34:42,817 [Time-limited test] WARN  security.OMCertificateClient (DefaultCertificateClient.java:loadAllCertificates(172)) - Certificates could not be loaded.
java.nio.file.NoSuchFileException: /tmp/junit6483297622469370071/junit7027634403535305168/om-meta/om/certs
	at sun.nio.fs.UnixException.translateToIOException(UnixException.java:86)
	at sun.nio.fs.UnixException.rethrowAsIOException(UnixException.java:102)
	at sun.nio.fs.UnixException.rethrowAsIOException(UnixException.java:107)
	at sun.nio.fs.UnixFileSystemProvider.newDirectoryStream(UnixFileSystemProvider.java:427)
	at java.nio.file.Files.newDirectoryStream(Files.java:457)
	at java.nio.file.Files.list(Files.java:3451)
	at org.apache.hadoop.hdds.security.x509.certificate.client.DefaultCertificateClient.loadAllCertificates(DefaultCertificateClient.java:167)
	at org.apache.hadoop.hdds.security.x509.certificate.client.DefaultCertificateClient.updateCertSerialId(DefaultCertificateClient.java:1227)
	at org.apache.hadoop.hdds.security.x509.certificate.client.DefaultCertificateClient.<init>(DefaultCertificateClient.java:156)
	at org.apache.hadoop.hdds.security.x509.certificate.client.CommonCertificateClient.<init>(CommonCertificateClient.java:49)
	at org.apache.hadoop.ozone.security.OMCertificateClient.<init>(OMCertificateClient.java:68)
	at org.apache.hadoop.ozone.om.OzoneManager.<init>(OzoneManager.java:640)
	at org.apache.hadoop.ozone.om.OzoneManager.createOm(OzoneManager.java:754)
	at org.apache.hadoop.ozone.TestSecureOzoneCluster.setupOm(TestSecureOzoneCluster.java:693)
	at org.apache.hadoop.ozone.TestSecureOzoneCluster.testDelegationTokenRenewal(TestSecureOzoneCluster.java:615)
	at sun.reflect.NativeMethodAccessorImpl.invoke0(Native Method)
	at sun.reflect.NativeMethodAccessorImpl.invoke(NativeMethodAccessorImpl.java:62)
	at sun.reflect.DelegatingMethodAccessorImpl.invoke(DelegatingMethodAccessorImpl.java:43)
	at java.lang.reflect.Method.invoke(Method.java:498)
	at org.junit.runners.model.FrameworkMethod$1.runReflectiveCall(FrameworkMethod.java:59)
	at org.junit.internal.runners.model.ReflectiveCallable.run(ReflectiveCallable.java:12)
	at org.junit.runners.model.FrameworkMethod.invokeExplosively(FrameworkMethod.java:56)
	at org.junit.internal.runners.statements.InvokeMethod.evaluate(InvokeMethod.java:17)
	at org.junit.internal.runners.statements.RunBefores.evaluate(RunBefores.java:26)
	at org.junit.internal.runners.statements.RunAfters.evaluate(RunAfters.java:27)
	at org.junit.rules.ExternalResource$1.evaluate(ExternalResource.java:54)
	at org.junit.internal.runners.statements.FailOnTimeout$CallableStatement.call(FailOnTimeout.java:288)
	at org.junit.internal.runners.statements.FailOnTimeout$CallableStatement.call(FailOnTimeout.java:282)
	at java.util.concurrent.FutureTask.run(FutureTask.java:266)
	at java.lang.Thread.run(Thread.java:750)
2023-08-04 02:34:42,818 [Time-limited test] INFO  om.OzoneManager (OzoneManager.java:<init>(662)) - OM start with adminUsers: [om/fv-az621-180@EXAMPLE.COM, om]
2023-08-04 02:34:42,819 [Time-limited test] WARN  server.ServerUtils (ServerUtils.java:getDBPath(311)) - ozone.om.db.dirs is not configured. We recommend adding this setting. Falling back to ozone.metadata.dirs instead.
2023-08-04 02:34:42,820 [Time-limited test] INFO  helpers.OmKeyInfo (OmKeyInfo.java:getCodec(71)) - OmKeyInfo.getCodec ignorePipeline = true
2023-08-04 02:34:43,002 [Time-limited test] INFO  om.OzoneManager (OzoneManager.java:instantiateServices(791)) - S3 Multi-Tenancy is disabled
2023-08-04 02:34:43,003 [Time-limited test] INFO  security.OzoneSecretStore (OzoneSecretStore.java:loadState(69)) - Loaded 0 tokens
2023-08-04 02:34:43,003 [Time-limited test] INFO  security.OzoneDelegationTokenSecretManager (OzoneDelegationTokenSecretManager.java:loadTokenSecretState(530)) - Loading token state into token manager.
2023-08-04 02:34:43,003 [Time-limited test] INFO  om.OmSnapshotManager (OmSnapshotManager.java:<init>(175)) - Ozone filesystem snapshot feature is enabled.
2023-08-04 02:34:43,003 [Time-limited test] WARN  server.ServerUtils (ServerUtils.java:getDBPath(311)) - ozone.om.snapshot.diff.db.dir is not configured. We recommend adding this setting. Falling back to ozone.metadata.dirs instead.
2023-08-04 02:34:43,023 [Time-limited test] INFO  snapshot.SnapshotDiffManager (SnapshotDiffManager.java:closeExecutorService(1720)) - Shutting down executorService: 'SstDumpToolExecutor'
2023-08-04 02:34:43,024 [Time-limited test] INFO  om.OzoneManager (OzoneManager.java:addS3GVolumeToDB(4287)) - Created Volume s3v With Owner om required for S3Gateway operations.
2023-08-04 02:34:43,025 [Time-limited test] WARN  server.ServerUtils (ServerUtils.java:getDefaultRatisDirectory(323)) - Storage directory for Ratis is not configured. It is a good idea to map this to an SSD disk. Falling back to ozone.metadata.dirs
2023-08-04 02:34:43,025 [Time-limited test] WARN  utils.OzoneManagerRatisUtils (OzoneManagerRatisUtils.java:getOMRatisSnapshotDirectory(461)) - ozone.om.ratis.snapshot.dir is not configured. Falling back to ozone.metadata.dirs config
2023-08-04 02:34:43,025 [Time-limited test] WARN  server.ServerUtils (ServerUtils.java:getDefaultRatisDirectory(323)) - Storage directory for Ratis is not configured. It is a good idea to map this to an SSD disk. Falling back to ozone.metadata.dirs
2023-08-04 02:34:43,026 [Time-limited test] INFO  ratis.OzoneManagerRatisServer (OzoneManagerRatisServer.java:<init>(163)) - Instantiating OM Ratis server with groupID: omServiceIdDefault and peers: fv-az621-180:9872
2023-08-04 02:34:43,027 [Time-limited test] INFO  ratis.OzoneManagerStateMachine (OzoneManagerStateMachine.java:loadSnapshotInfoFromDB(687)) - LastAppliedIndex is set from TransactionInfo from OM DB as (t:0, i:~)
2023-08-04 02:34:43,027 [Time-limited test] INFO  server.RaftServer (ConfUtils.java:logGet(46)) - raft.rpc.type = GRPC (default)
2023-08-04 02:34:43,027 [Time-limited test] INFO  grpc.GrpcConfigKeys (ConfUtils.java:logFallback(53)) - raft.grpc.admin.host = null (fallback to raft.grpc.server.host)
2023-08-04 02:34:43,027 [Time-limited test] INFO  grpc.GrpcConfigKeys (ConfUtils.java:logFallback(53)) - raft.grpc.admin.port = 9872 (fallback to raft.grpc.server.port)
2023-08-04 02:34:43,027 [Time-limited test] INFO  grpc.GrpcConfigKeys (ConfUtils.java:logFallback(53)) - raft.grpc.client.host = null (fallback to raft.grpc.server.host)
2023-08-04 02:34:43,027 [Time-limited test] INFO  grpc.GrpcConfigKeys (ConfUtils.java:logFallback(53)) - raft.grpc.client.port = 9872 (fallback to raft.grpc.server.port)
2023-08-04 02:34:43,027 [Time-limited test] INFO  grpc.GrpcConfigKeys (ConfUtils.java:logGet(46)) - raft.grpc.server.host = null (default)
2023-08-04 02:34:43,027 [Time-limited test] INFO  grpc.GrpcConfigKeys (ConfUtils.java:logGet(46)) - raft.grpc.server.port = 9872 (custom)
2023-08-04 02:34:43,028 [Time-limited test] INFO  server.GrpcService (ConfUtils.java:logGet(46)) - raft.grpc.message.size.max = 33554432 (custom)
2023-08-04 02:34:43,028 [Time-limited test] INFO  server.RaftServerConfigKeys (ConfUtils.java:logGet(46)) - raft.server.log.appender.buffer.byte-limit = 33554432 (custom)
2023-08-04 02:34:43,028 [Time-limited test] INFO  server.GrpcService (ConfUtils.java:logGet(46)) - raft.grpc.flow.control.window = 1MB (=1048576) (default)
2023-08-04 02:34:43,028 [Time-limited test] INFO  server.RaftServerConfigKeys (ConfUtils.java:logGet(46)) - raft.server.rpc.request.timeout = 3000ms (default)
2023-08-04 02:34:43,028 [Time-limited test] INFO  grpc.GrpcConfigKeys (ConfUtils.java:logGet(46)) - raft.grpc.server.heartbeat.channel = true (default)
2023-08-04 02:34:43,028 [Time-limited test] INFO  grpc.GrpcConfigKeys (ConfUtils.java:logGet(46)) - raft.grpc.server.async.request.thread.pool.cached = true (default)
2023-08-04 02:34:43,028 [Time-limited test] INFO  grpc.GrpcConfigKeys (ConfUtils.java:logGet(46)) - raft.grpc.server.async.request.thread.pool.size = 32 (default)
2023-08-04 02:34:43,030 [Time-limited test] INFO  impl.DataStreamServerImpl (ConfUtils.java:logGet(46)) - raft.datastream.type = DISABLED (default)
2023-08-04 02:34:43,030 [Time-limited test] INFO  server.RaftServerConfigKeys (ConfUtils.java:logGet(46)) - raft.server.threadpool.proxy.cached = true (default)
2023-08-04 02:34:43,030 [Time-limited test] INFO  server.RaftServerConfigKeys (ConfUtils.java:logGet(46)) - raft.server.threadpool.proxy.size = 0 (default)
2023-08-04 02:34:43,030 [Time-limited test] INFO  server.RaftServerConfigKeys (ConfUtils.java:logGet(46)) - raft.server.rpc.slowness.timeout = 120s (custom)
2023-08-04 02:34:43,030 [Time-limited test] INFO  server.RaftServerConfigKeys (ConfUtils.java:logGet(46)) - raft.server.leaderelection.leader.step-down.wait-time = 10s (default)
2023-08-04 02:34:43,030 [Time-limited test] INFO  server.RaftServerConfigKeys (ConfUtils.java:logGet(46)) - raft.server.storage.dir = [/tmp/junit6483297622469370071/junit7027634403535305168/om-meta/ratis] (custom)
2023-08-04 02:34:43,031 [om1-groupManagement] INFO  server.RaftServer$Division (RaftServerImpl.java:<init>(198)) - om1: new RaftServerImpl for group-C5BA1605619E:[om1|rpc:fv-az621-180:9872|priority:0|startupRole:FOLLOWER] with OzoneManagerStateMachine:uninitialized
2023-08-04 02:34:43,031 [om1-groupManagement] INFO  server.RaftServerConfigKeys (ConfUtils.java:logGet(46)) - raft.server.rpc.timeout.min = 5s (custom)
2023-08-04 02:34:43,031 [om1-groupManagement] INFO  server.RaftServerConfigKeys (ConfUtils.java:logGet(46)) - raft.server.rpc.timeout.max = 5200ms (custom)
2023-08-04 02:34:43,031 [om1-groupManagement] INFO  server.RaftServerConfigKeys (ConfUtils.java:logGet(46)) - raft.server.rpc.sleep.time = 25ms (default)
2023-08-04 02:34:43,031 [om1-groupManagement] INFO  server.RaftServerConfigKeys (ConfUtils.java:logGet(46)) - raft.server.rpc.slowness.timeout = 120s (custom)
2023-08-04 02:34:43,031 [om1-groupManagement] INFO  server.RaftServerConfigKeys (ConfUtils.java:logGet(46)) - raft.server.leaderelection.leader.step-down.wait-time = 10s (default)
2023-08-04 02:34:43,031 [om1-groupManagement] INFO  server.RaftServerConfigKeys (ConfUtils.java:logGet(46)) - raft.server.sleep.deviation.threshold = 300ms (default)
2023-08-04 02:34:43,031 [om1-groupManagement] INFO  server.RaftServer$Division (ServerState.java:<init>(120)) - om1@group-C5BA1605619E: ConfigurationManager, init=-1: peers:[om1|rpc:fv-az621-180:9872|priority:0|startupRole:FOLLOWER]|listeners:[], old=null, confs=<EMPTY_MAP>
2023-08-04 02:34:43,031 [om1-groupManagement] INFO  server.RaftServerConfigKeys (ConfUtils.java:logGet(46)) - raft.server.storage.dir = [/tmp/junit6483297622469370071/junit7027634403535305168/om-meta/ratis] (custom)
2023-08-04 02:34:43,031 [Time-limited test] INFO  server.RaftServer (RaftServerProxy.java:addNew(98)) - om1: addNew group-C5BA1605619E:[om1|rpc:fv-az621-180:9872|priority:0|startupRole:FOLLOWER] returns group-C5BA1605619E:java.util.concurrent.CompletableFuture@13e521d9[Not completed]
2023-08-04 02:34:43,031 [Time-limited test] INFO  om.OzoneManager (OzoneManager.java:initializeRatisServer(2128)) - OzoneManager Ratis server initialized at port 9872
2023-08-04 02:34:43,032 [Time-limited test] INFO  om.OzoneManager (OzoneManager.java:getRpcServer(1193)) - Creating RPC Server
2023-08-04 02:34:43,033 [om1-groupManagement] INFO  server.RaftServerConfigKeys (ConfUtils.java:logGet(46)) - raft.server.log.corruption.policy = EXCEPTION (default)
2023-08-04 02:34:43,033 [om1-groupManagement] INFO  server.RaftServerConfigKeys (ConfUtils.java:logGet(46)) - raft.server.storage.free-space.min = 0MB (=0) (default)
2023-08-04 02:34:43,033 [om1-groupManagement] INFO  server.RaftServerConfigKeys (ConfUtils.java:logGet(46)) - raft.server.notification.no-leader.timeout = 120s (custom)
2023-08-04 02:34:43,033 [om1-groupManagement] INFO  server.RaftServerConfigKeys (ConfUtils.java:logGet(46)) - raft.server.read.timeout = 10s (default)
2023-08-04 02:34:43,033 [om1-groupManagement] INFO  server.RaftServerConfigKeys (ConfUtils.java:logGet(46)) - raft.server.retrycache.expirytime = 300s (custom)
2023-08-04 02:34:43,033 [om1-groupManagement] INFO  server.RaftServerConfigKeys (ConfUtils.java:logGet(46)) - raft.server.retrycache.statistics.expirytime = 100μs (default)
2023-08-04 02:34:43,033 [om1-groupManagement] INFO  server.RaftServerConfigKeys (ConfUtils.java:logGet(46)) - raft.server.read.option = DEFAULT (default)
2023-08-04 02:34:43,034 [om1-groupManagement] INFO  server.RaftServerConfigKeys (ConfUtils.java:logGet(46)) - raft.server.rpc.request.timeout = 3000ms (default)
2023-08-04 02:34:43,034 [om1-groupManagement] INFO  server.RaftServerConfigKeys (ConfUtils.java:logGet(46)) - raft.server.log.appender.install.snapshot.enabled = false (custom)
2023-08-04 02:34:43,034 [om1-groupManagement] INFO  server.RaftServerConfigKeys (ConfUtils.java:logGet(46)) - raft.server.threadpool.server.cached = true (default)
2023-08-04 02:34:43,034 [om1-groupManagement] INFO  server.RaftServerConfigKeys (ConfUtils.java:logGet(46)) - raft.server.threadpool.server.size = 0 (default)
2023-08-04 02:34:43,034 [om1-groupManagement] INFO  server.RaftServerConfigKeys (ConfUtils.java:logGet(46)) - raft.server.threadpool.client.cached = true (default)
2023-08-04 02:34:43,034 [om1-groupManagement] INFO  server.RaftServerConfigKeys (ConfUtils.java:logGet(46)) - raft.server.threadpool.client.size = 0 (default)
2023-08-04 02:34:43,338 [Time-limited test] INFO  reflections.Reflections (Reflections.java:scan(232)) - Reflections took 305 ms to scan 19 urls, producing 70 keys and 5598 values [using 2 cores]
2023-08-04 02:34:43,339 [Time-limited test] INFO  ipc.CallQueueManager (CallQueueManager.java:<init>(90)) - Using callQueue: class java.util.concurrent.LinkedBlockingQueue, queueCapacity: 10000, scheduler: class org.apache.hadoop.ipc.DefaultRpcScheduler, ipcBackoff: false.
2023-08-04 02:34:43,340 [Time-limited test] INFO  ipc.Server (Server.java:<init>(1287)) - Listener at fv-az621-180:1202
2023-08-04 02:34:43,341 [Socket Reader #1 for port 1202] INFO  ipc.Server (Server.java:run(1323)) - Starting Socket Reader #1 for port 1202
2023-08-04 02:34:43,854 [Time-limited test] INFO  utils.SelfSignedCertificate (SelfSignedCertificate.java:generateCertificate(157)) - Certificate 1 is issued by CN=rootCA@localhost,OU=scm1,O=cluster1 to CN=rootCA@localhost,OU=scm1,O=cluster1, valid from Fri Aug 04 02:34:43 UTC 2023 to Mon Sep 11 02:34:43 UTC 2028
2023-08-04 02:34:43,857 [Time-limited test] INFO  authority.DefaultApprover (DefaultApprover.java:sign(154)) - Extensions in CSR: 2.5.29.15
2023-08-04 02:34:43,857 [Time-limited test] INFO  authority.DefaultApprover (DefaultApprover.java:sign(158)) - Extensions to add to the certificate if they present in CSR: 2.5.29.17, 2.5.29.19, 1.3.6.1.5.5.7.1.12, 2.5.29.35, 2.5.29.37, 2.5.29.15
2023-08-04 02:34:43,859 [Time-limited test] INFO  ssl.ReloadingX509KeyManager (ReloadingX509KeyManager.java:loadKeyManager(222)) - Key manager is loaded with certificate chain
2023-08-04 02:34:43,860 [Time-limited test] INFO  ssl.ReloadingX509KeyManager (ReloadingX509KeyManager.java:loadKeyManager(224)) - [
[
  Version: V3
  Subject: O=cluster1, OU=scm1, CN=localhost
  Signature Algorithm: SHA256withRSA, OID = 1.2.840.113549.1.1.11

  Key:  Sun RSA public key, 2048 bits
  params: null
  modulus: 24048147408715775624985805813986319608391262848687260812381713014620394417281450709586146838533405671397669247875771889954239669289929723181262427428592505208167886435904199337585698662148754381485362249575332548017505015628186948269470139514511942845124387832569794434606314396351128098053341281855367046697461213373929817515455791487454367083953995882225500497976395465066661627421513000611014098103489344033757422738018872092426902658547424663348195872062133708997255273837852580947672734820669748890399819035849076090589333539315692180670872956668102888993458955549185824791535537885463144502927265231292789200403
  public exponent: 65537
  Validity: [From: Fri Aug 04 02:34:43 UTC 2023,
               To: Sat Aug 03 02:34:43 UTC 2024]
  Issuer: O=cluster1, OU=scm1, CN=rootCA@localhost
  SerialNumber: [    01646813 4071]

Certificate Extensions: 1
[1]: ObjectId: 2.5.29.15 Criticality=true
KeyUsage [
  DigitalSignature
  Key_Encipherment
  Data_Encipherment
  Key_Agreement
]

]
  Algorithm: [SHA256withRSA]
  Signature:
0000: 61 9C 8E 7F 0F A5 BE 38   AF 8E 71 07 2F 18 9A 05  a......8..q./...
0010: 1A E3 BE 8E DE 62 15 76   76 86 8E 47 61 A1 25 6B  .....b.vv..Ga.%k
0020: 93 B1 7D A9 46 38 6F 62   D3 8A CB 16 9D F6 56 31  ....F8ob......V1
0030: C7 7B 11 25 C8 6B F0 B2   BE 2A A9 2C A5 C1 F3 62  ...%.k...*.,...b
0040: 8D 3D 36 E6 D3 49 D8 FB   89 A9 87 BF BF 46 91 09  .=6..I.......F..
0050: 8E E1 A8 4A 0A F2 E2 6D   AC 28 A4 53 F6 20 64 0D  ...J...m.(.S. d.
0060: 25 19 00 27 D2 20 C6 08   3F CB FF E0 A4 44 C2 8B  %..'. ..?....D..
0070: AF 22 F0 37 6E D8 2D B8   38 98 D2 43 38 D6 93 12  .".7n.-.8..C8...
0080: CA E4 F4 1B 73 8B 11 45   CD 70 E0 4E C2 A2 76 AB  ....s..E.p.N..v.
0090: 14 19 1E 68 4B 26 80 CB   10 56 E3 6B C0 96 BC 83  ...hK&...V.k....
00A0: 8E 8D ED 07 3F 92 08 F5   F4 00 A8 F1 33 09 44 8C  ....?.......3.D.
00B0: 34 7B 8B BA 58 7F A1 7A   3C 2C A9 3C D2 A8 70 18  4...X..z<,.<..p.
00C0: 43 FD 87 4F E9 45 4C D4   C6 47 20 1D 00 00 35 FA  C..O.EL..G ...5.
00D0: C0 9B 39 5E 16 C0 0E 42   FE 21 D8 1B 08 91 D5 73  ..9^...B.!.....s
00E0: A8 0B D0 2E 89 50 5A 55   BC 7D 2E BB 2D 77 17 F3  .....PZU....-w..
00F0: DE 6C 1C 5A D2 07 48 66   C8 C5 65 23 34 01 D4 FE  .l.Z..Hf..e#4...

]
2023-08-04 02:34:43,860 [Time-limited test] INFO  ssl.ReloadingX509KeyManager (ReloadingX509KeyManager.java:loadKeyManager(224)) - [
[
  Version: V3
  Subject: O=cluster1, OU=scm1, CN=rootCA@localhost
  Signature Algorithm: SHA256withRSA, OID = 1.2.840.113549.1.1.11

  Key:  Sun RSA public key, 2048 bits
  params: null
  modulus: 24421525593573272531998720493841569954961710544625538783999249878268997833392327428846333406305262098565794790552228827849514812677945197963030833887552104169387984160724383522312239799595521778119259674899098185399764218487850093906000007383896868161597530455455114608061999887946843678655066172570211539620434510633472583175404771279906151649598165480521503067712606969233978462250251365234023891214471794129817613052057708665916442189574298982202923751381727754028957452394538589879287922924957346556711623927694701313062386837062812998660193321979369606438797935068423275844781140517442333932529732439227448303453
  public exponent: 65537
  Validity: [From: Fri Aug 04 02:34:43 UTC 2023,
               To: Mon Sep 11 02:34:43 UTC 2028]
  Issuer: O=cluster1, OU=scm1, CN=rootCA@localhost
  SerialNumber: [    01]

Certificate Extensions: 2
[1]: ObjectId: 2.5.29.19 Criticality=true
BasicConstraints:[
  CA:true
  PathLen:2147483647
]

[2]: ObjectId: 2.5.29.15 Criticality=true
KeyUsage [
  Key_CertSign
  Crl_Sign
]

]
  Algorithm: [SHA256withRSA]
  Signature:
0000: 89 5A 8B BB 40 27 2D 4D   09 B5 16 B3 60 CB AA 7F  .Z..@'-M....`...
0010: 25 5C CE 2F B4 6A 58 3A   90 15 6F 8E EC 6D 51 EF  %\./.jX:..o..mQ.
0020: 74 79 C8 49 4E 74 31 7F   97 8E 09 E5 2B 6B 11 D6  ty.INt1.....+k..
0030: 67 84 CD 34 78 A8 DA AC   FE 54 05 13 47 69 70 14  g..4x....T..Gip.
0040: 76 1B B6 15 8B 4A 70 C5   B7 62 F6 A5 DB FE F3 66  v....Jp..b.....f
0050: 3B 87 9B C3 F3 21 0C E5   7D 71 01 65 53 52 97 4D  ;....!...q.eSR.M
0060: C3 63 FE B9 60 18 D3 D8   95 6C 7E 1E 1D E6 E4 C4  .c..`....l......
0070: D6 4B A9 D2 52 15 85 12   B0 48 3F 3C 19 49 A5 31  .K..R....H?<.I.1
0080: 19 5E 4B 3B 65 8D 22 41   6F 89 8A DE 9A A3 D3 98  .^K;e."Ao.......
0090: DF 32 2D AC 15 44 F4 83   1E 2A 28 DF E6 70 03 11  .2-..D...*(..p..
00A0: 8A E8 2F 4E 6F 13 FB A1   EE 7E FA D6 EC 63 BD BD  ../No........c..
00B0: AB E8 38 47 33 DE F5 B4   89 A1 F8 C0 6A 77 A1 1F  ..8G3.......jw..
00C0: CF B8 FF FE 80 3B 2C DC   A8 2A 7E 7F 8C 5D FA 8C  .....;,..*...]..
00D0: 52 EB 65 A3 E7 BF 36 7F   7E 51 BE 47 58 E4 0D 3A  R.e...6..Q.GX..:
00E0: 99 21 D9 1A 0D 4D 26 27   4A DE FF 1A 30 AB 6D 71  .!...M&'J...0.mq
00F0: 77 AA DA 31 20 80 E0 9A   58 31 EA 97 6E D6 A8 85  w..1 ...X1..n...

]
2023-08-04 02:34:43,860 [Time-limited test] INFO  ssl.ReloadingX509TrustManager (ReloadingX509TrustManager.java:insertCertsToKeystore(188)) - Trust manager is loaded with certificates
2023-08-04 02:34:43,861 [Time-limited test] INFO  ssl.ReloadingX509TrustManager (ReloadingX509TrustManager.java:insertCertsToKeystore(192)) - [
[
  Version: V3
  Subject: O=cluster1, OU=scm1, CN=rootCA@localhost
  Signature Algorithm: SHA256withRSA, OID = 1.2.840.113549.1.1.11

  Key:  Sun RSA public key, 2048 bits
  params: null
  modulus: 24421525593573272531998720493841569954961710544625538783999249878268997833392327428846333406305262098565794790552228827849514812677945197963030833887552104169387984160724383522312239799595521778119259674899098185399764218487850093906000007383896868161597530455455114608061999887946843678655066172570211539620434510633472583175404771279906151649598165480521503067712606969233978462250251365234023891214471794129817613052057708665916442189574298982202923751381727754028957452394538589879287922924957346556711623927694701313062386837062812998660193321979369606438797935068423275844781140517442333932529732439227448303453
  public exponent: 65537
  Validity: [From: Fri Aug 04 02:34:43 UTC 2023,
               To: Mon Sep 11 02:34:43 UTC 2028]
  Issuer: O=cluster1, OU=scm1, CN=rootCA@localhost
  SerialNumber: [    01]

Certificate Extensions: 2
[1]: ObjectId: 2.5.29.19 Criticality=true
BasicConstraints:[
  CA:true
  PathLen:2147483647
]

[2]: ObjectId: 2.5.29.15 Criticality=true
KeyUsage [
  Key_CertSign
  Crl_Sign
]

]
  Algorithm: [SHA256withRSA]
  Signature:
0000: 89 5A 8B BB 40 27 2D 4D   09 B5 16 B3 60 CB AA 7F  .Z..@'-M....`...
0010: 25 5C CE 2F B4 6A 58 3A   90 15 6F 8E EC 6D 51 EF  %\./.jX:..o..mQ.
0020: 74 79 C8 49 4E 74 31 7F   97 8E 09 E5 2B 6B 11 D6  ty.INt1.....+k..
0030: 67 84 CD 34 78 A8 DA AC   FE 54 05 13 47 69 70 14  g..4x....T..Gip.
0040: 76 1B B6 15 8B 4A 70 C5   B7 62 F6 A5 DB FE F3 66  v....Jp..b.....f
0050: 3B 87 9B C3 F3 21 0C E5   7D 71 01 65 53 52 97 4D  ;....!...q.eSR.M
0060: C3 63 FE B9 60 18 D3 D8   95 6C 7E 1E 1D E6 E4 C4  .c..`....l......
0070: D6 4B A9 D2 52 15 85 12   B0 48 3F 3C 19 49 A5 31  .K..R....H?<.I.1
0080: 19 5E 4B 3B 65 8D 22 41   6F 89 8A DE 9A A3 D3 98  .^K;e."Ao.......
0090: DF 32 2D AC 15 44 F4 83   1E 2A 28 DF E6 70 03 11  .2-..D...*(..p..
00A0: 8A E8 2F 4E 6F 13 FB A1   EE 7E FA D6 EC 63 BD BD  ../No........c..
00B0: AB E8 38 47 33 DE F5 B4   89 A1 F8 C0 6A 77 A1 1F  ..8G3.......jw..
00C0: CF B8 FF FE 80 3B 2C DC   A8 2A 7E 7F 8C 5D FA 8C  .....;,..*...]..
00D0: 52 EB 65 A3 E7 BF 36 7F   7E 51 BE 47 58 E4 0D 3A  R.e...6..Q.GX..:
00E0: 99 21 D9 1A 0D 4D 26 27   4A DE FF 1A 30 AB 6D 71  .!...M&'J...0.mq
00F0: 77 AA DA 31 20 80 E0 9A   58 31 EA 97 6E D6 A8 85  w..1 ...X1..n...

]
2023-08-04 02:34:43,861 [Time-limited test] INFO  ssl.ReloadingX509KeyManager (ReloadingX509KeyManager.java:loadKeyManager(222)) - Key manager is loaded with certificate chain
2023-08-04 02:34:43,861 [Time-limited test] INFO  ssl.ReloadingX509KeyManager (ReloadingX509KeyManager.java:loadKeyManager(224)) - [
[
  Version: V3
  Subject: O=cluster1, OU=scm1, CN=localhost
  Signature Algorithm: SHA256withRSA, OID = 1.2.840.113549.1.1.11

  Key:  Sun RSA public key, 2048 bits
  params: null
  modulus: 24048147408715775624985805813986319608391262848687260812381713014620394417281450709586146838533405671397669247875771889954239669289929723181262427428592505208167886435904199337585698662148754381485362249575332548017505015628186948269470139514511942845124387832569794434606314396351128098053341281855367046697461213373929817515455791487454367083953995882225500497976395465066661627421513000611014098103489344033757422738018872092426902658547424663348195872062133708997255273837852580947672734820669748890399819035849076090589333539315692180670872956668102888993458955549185824791535537885463144502927265231292789200403
  public exponent: 65537
  Validity: [From: Fri Aug 04 02:34:43 UTC 2023,
               To: Sat Aug 03 02:34:43 UTC 2024]
  Issuer: O=cluster1, OU=scm1, CN=rootCA@localhost
  SerialNumber: [    01646813 4071]

Certificate Extensions: 1
[1]: ObjectId: 2.5.29.15 Criticality=true
KeyUsage [
  DigitalSignature
  Key_Encipherment
  Data_Encipherment
  Key_Agreement
]

]
  Algorithm: [SHA256withRSA]
  Signature:
0000: 61 9C 8E 7F 0F A5 BE 38   AF 8E 71 07 2F 18 9A 05  a......8..q./...
0010: 1A E3 BE 8E DE 62 15 76   76 86 8E 47 61 A1 25 6B  .....b.vv..Ga.%k
0020: 93 B1 7D A9 46 38 6F 62   D3 8A CB 16 9D F6 56 31  ....F8ob......V1
0030: C7 7B 11 25 C8 6B F0 B2   BE 2A A9 2C A5 C1 F3 62  ...%.k...*.,...b
0040: 8D 3D 36 E6 D3 49 D8 FB   89 A9 87 BF BF 46 91 09  .=6..I.......F..
0050: 8E E1 A8 4A 0A F2 E2 6D   AC 28 A4 53 F6 20 64 0D  ...J...m.(.S. d.
0060: 25 19 00 27 D2 20 C6 08   3F CB FF E0 A4 44 C2 8B  %..'. ..?....D..
0070: AF 22 F0 37 6E D8 2D B8   38 98 D2 43 38 D6 93 12  .".7n.-.8..C8...
0080: CA E4 F4 1B 73 8B 11 45   CD 70 E0 4E C2 A2 76 AB  ....s..E.p.N..v.
0090: 14 19 1E 68 4B 26 80 CB   10 56 E3 6B C0 96 BC 83  ...hK&...V.k....
00A0: 8E 8D ED 07 3F 92 08 F5   F4 00 A8 F1 33 09 44 8C  ....?.......3.D.
00B0: 34 7B 8B BA 58 7F A1 7A   3C 2C A9 3C D2 A8 70 18  4...X..z<,.<..p.
00C0: 43 FD 87 4F E9 45 4C D4   C6 47 20 1D 00 00 35 FA  C..O.EL..G ...5.
00D0: C0 9B 39 5E 16 C0 0E 42   FE 21 D8 1B 08 91 D5 73  ..9^...B.!.....s
00E0: A8 0B D0 2E 89 50 5A 55   BC 7D 2E BB 2D 77 17 F3  .....PZU....-w..
00F0: DE 6C 1C 5A D2 07 48 66   C8 C5 65 23 34 01 D4 FE  .l.Z..Hf..e#4...

]
2023-08-04 02:34:43,861 [Time-limited test] INFO  ssl.ReloadingX509KeyManager (ReloadingX509KeyManager.java:loadKeyManager(224)) - [
[
  Version: V3
  Subject: O=cluster1, OU=scm1, CN=rootCA@localhost
  Signature Algorithm: SHA256withRSA, OID = 1.2.840.113549.1.1.11

  Key:  Sun RSA public key, 2048 bits
  params: null
  modulus: 24421525593573272531998720493841569954961710544625538783999249878268997833392327428846333406305262098565794790552228827849514812677945197963030833887552104169387984160724383522312239799595521778119259674899098185399764218487850093906000007383896868161597530455455114608061999887946843678655066172570211539620434510633472583175404771279906151649598165480521503067712606969233978462250251365234023891214471794129817613052057708665916442189574298982202923751381727754028957452394538589879287922924957346556711623927694701313062386837062812998660193321979369606438797935068423275844781140517442333932529732439227448303453
  public exponent: 65537
  Validity: [From: Fri Aug 04 02:34:43 UTC 2023,
               To: Mon Sep 11 02:34:43 UTC 2028]
  Issuer: O=cluster1, OU=scm1, CN=rootCA@localhost
  SerialNumber: [    01]

Certificate Extensions: 2
[1]: ObjectId: 2.5.29.19 Criticality=true
BasicConstraints:[
  CA:true
  PathLen:2147483647
]

[2]: ObjectId: 2.5.29.15 Criticality=true
KeyUsage [
  Key_CertSign
  Crl_Sign
]

]
  Algorithm: [SHA256withRSA]
  Signature:
0000: 89 5A 8B BB 40 27 2D 4D   09 B5 16 B3 60 CB AA 7F  .Z..@'-M....`...
0010: 25 5C CE 2F B4 6A 58 3A   90 15 6F 8E EC 6D 51 EF  %\./.jX:..o..mQ.
0020: 74 79 C8 49 4E 74 31 7F   97 8E 09 E5 2B 6B 11 D6  ty.INt1.....+k..
0030: 67 84 CD 34 78 A8 DA AC   FE 54 05 13 47 69 70 14  g..4x....T..Gip.
0040: 76 1B B6 15 8B 4A 70 C5   B7 62 F6 A5 DB FE F3 66  v....Jp..b.....f
0050: 3B 87 9B C3 F3 21 0C E5   7D 71 01 65 53 52 97 4D  ;....!...q.eSR.M
0060: C3 63 FE B9 60 18 D3 D8   95 6C 7E 1E 1D E6 E4 C4  .c..`....l......
0070: D6 4B A9 D2 52 15 85 12   B0 48 3F 3C 19 49 A5 31  .K..R....H?<.I.1
0080: 19 5E 4B 3B 65 8D 22 41   6F 89 8A DE 9A A3 D3 98  .^K;e."Ao.......
0090: DF 32 2D AC 15 44 F4 83   1E 2A 28 DF E6 70 03 11  .2-..D...*(..p..
00A0: 8A E8 2F 4E 6F 13 FB A1   EE 7E FA D6 EC 63 BD BD  ../No........c..
00B0: AB E8 38 47 33 DE F5 B4   89 A1 F8 C0 6A 77 A1 1F  ..8G3.......jw..
00C0: CF B8 FF FE 80 3B 2C DC   A8 2A 7E 7F 8C 5D FA 8C  .....;,..*...]..
00D0: 52 EB 65 A3 E7 BF 36 7F   7E 51 BE 47 58 E4 0D 3A  R.e...6..Q.GX..:
00E0: 99 21 D9 1A 0D 4D 26 27   4A DE FF 1A 30 AB 6D 71  .!...M&'J...0.mq
00F0: 77 AA DA 31 20 80 E0 9A   58 31 EA 97 6E D6 A8 85  w..1 ...X1..n...

]
2023-08-04 02:34:43,862 [Time-limited test] INFO  ssl.ReloadingX509TrustManager (ReloadingX509TrustManager.java:insertCertsToKeystore(188)) - Trust manager is loaded with certificates
2023-08-04 02:34:43,862 [Time-limited test] INFO  ssl.ReloadingX509TrustManager (ReloadingX509TrustManager.java:insertCertsToKeystore(192)) - [
[
  Version: V3
  Subject: O=cluster1, OU=scm1, CN=rootCA@localhost
  Signature Algorithm: SHA256withRSA, OID = 1.2.840.113549.1.1.11

  Key:  Sun RSA public key, 2048 bits
  params: null
  modulus: 24421525593573272531998720493841569954961710544625538783999249878268997833392327428846333406305262098565794790552228827849514812677945197963030833887552104169387984160724383522312239799595521778119259674899098185399764218487850093906000007383896868161597530455455114608061999887946843678655066172570211539620434510633472583175404771279906151649598165480521503067712606969233978462250251365234023891214471794129817613052057708665916442189574298982202923751381727754028957452394538589879287922924957346556711623927694701313062386837062812998660193321979369606438797935068423275844781140517442333932529732439227448303453
  public exponent: 65537
  Validity: [From: Fri Aug 04 02:34:43 UTC 2023,
               To: Mon Sep 11 02:34:43 UTC 2028]
  Issuer: O=cluster1, OU=scm1, CN=rootCA@localhost
  SerialNumber: [    01]

Certificate Extensions: 2
[1]: ObjectId: 2.5.29.19 Criticality=true
BasicConstraints:[
  CA:true
  PathLen:2147483647
]

[2]: ObjectId: 2.5.29.15 Criticality=true
KeyUsage [
  Key_CertSign
  Crl_Sign
]

]
  Algorithm: [SHA256withRSA]
  Signature:
0000: 89 5A 8B BB 40 27 2D 4D   09 B5 16 B3 60 CB AA 7F  .Z..@'-M....`...
0010: 25 5C CE 2F B4 6A 58 3A   90 15 6F 8E EC 6D 51 EF  %\./.jX:..o..mQ.
0020: 74 79 C8 49 4E 74 31 7F   97 8E 09 E5 2B 6B 11 D6  ty.INt1.....+k..
0030: 67 84 CD 34 78 A8 DA AC   FE 54 05 13 47 69 70 14  g..4x....T..Gip.
0040: 76 1B B6 15 8B 4A 70 C5   B7 62 F6 A5 DB FE F3 66  v....Jp..b.....f
0050: 3B 87 9B C3 F3 21 0C E5   7D 71 01 65 53 52 97 4D  ;....!...q.eSR.M
0060: C3 63 FE B9 60 18 D3 D8   95 6C 7E 1E 1D E6 E4 C4  .c..`....l......
0070: D6 4B A9 D2 52 15 85 12   B0 48 3F 3C 19 49 A5 31  .K..R....H?<.I.1
0080: 19 5E 4B 3B 65 8D 22 41   6F 89 8A DE 9A A3 D3 98  .^K;e."Ao.......
0090: DF 32 2D AC 15 44 F4 83   1E 2A 28 DF E6 70 03 11  .2-..D...*(..p..
00A0: 8A E8 2F 4E 6F 13 FB A1   EE 7E FA D6 EC 63 BD BD  ../No........c..
00B0: AB E8 38 47 33 DE F5 B4   89 A1 F8 C0 6A 77 A1 1F  ..8G3.......jw..
00C0: CF B8 FF FE 80 3B 2C DC   A8 2A 7E 7F 8C 5D FA 8C  .....;,..*...]..
00D0: 52 EB 65 A3 E7 BF 36 7F   7E 51 BE 47 58 E4 0D 3A  R.e...6..Q.GX..:
00E0: 99 21 D9 1A 0D 4D 26 27   4A DE FF 1A 30 AB 6D 71  .!...M&'J...0.mq
00F0: 77 AA DA 31 20 80 E0 9A   58 31 EA 97 6E D6 A8 85  w..1 ...X1..n...

]
2023-08-04 02:34:43,863 [Time-limited test] INFO  impl.MetricsSystemImpl (MetricsSystemImpl.java:init(158)) - OzoneManager metrics system started (again)
2023-08-04 02:34:43,874 [Time-limited test] INFO  om.OzoneManager (OzoneManager.java:start(1613)) - OzoneManager RPC server is listening at fv-az621-180/10.1.0.9:1202
2023-08-04 02:34:43,875 [Time-limited test] INFO  ratis.OzoneManagerRatisServer (OzoneManagerRatisServer.java:start(558)) - Starting OzoneManagerRatisServer om1 at port 9872
2023-08-04 02:34:43,875 [om1-impl-thread1] INFO  storage.RaftStorageDirectory (RaftStorageDirectoryImpl.java:analyzeStorage(137)) - The storage directory /tmp/junit6483297622469370071/junit7027634403535305168/om-meta/ratis/bf265839-605b-3f16-9796-c5ba1605619e does not exist. Creating ...
2023-08-04 02:34:43,877 [om1-impl-thread1] INFO  storage.RaftStorageDirectory (RaftStorageDirectoryImpl.java:tryLock(231)) - Lock on /tmp/junit6483297622469370071/junit7027634403535305168/om-meta/ratis/bf265839-605b-3f16-9796-c5ba1605619e/in_use.lock acquired by nodename 9436@fv-az621-180
2023-08-04 02:34:43,879 [om1-impl-thread1] INFO  storage.RaftStorage (RaftStorageImpl.java:format(96)) - Storage directory /tmp/junit6483297622469370071/junit7027634403535305168/om-meta/ratis/bf265839-605b-3f16-9796-c5ba1605619e has been successfully formatted.
2023-08-04 02:34:43,879 [om1-impl-thread1] INFO  server.RaftServerConfigKeys (ConfUtils.java:logGet(46)) - raft.server.log.use.memory = false (default)
2023-08-04 02:34:43,879 [om1-impl-thread1] INFO  server.RaftServerConfigKeys (ConfUtils.java:logGet(46)) - raft.server.log.purge.gap = 1000000 (custom)
2023-08-04 02:34:43,879 [om1-impl-thread1] INFO  server.RaftServerConfigKeys (ConfUtils.java:logGet(46)) - raft.server.log.appender.buffer.byte-limit = 33554432 (custom)
2023-08-04 02:34:43,879 [om1-impl-thread1] INFO  server.RaftServerConfigKeys (ConfUtils.java:logGet(46)) - raft.server.log.statemachine.data.read.timeout = 1000ms (default)
2023-08-04 02:34:43,879 [om1-impl-thread1] INFO  server.RaftServerConfigKeys (ConfUtils.java:logGet(46)) - raft.server.log.purge.preservation.log.num = 0 (default)
2023-08-04 02:34:43,879 [om1-impl-thread1] INFO  server.RaftServerConfigKeys (ConfUtils.java:logGet(46)) - raft.server.log.segment.size.max = 4194304 (custom)
2023-08-04 02:34:43,880 [om1-impl-thread1] INFO  server.RaftServerConfigKeys (ConfUtils.java:logGet(46)) - raft.server.log.segment.cache.num.max = 2 (custom)
2023-08-04 02:34:43,880 [om1-impl-thread1] INFO  server.RaftServerConfigKeys (ConfUtils.java:logGet(46)) - raft.server.log.segment.cache.size.max = 200MB (=209715200) (default)
2023-08-04 02:34:43,880 [om1-impl-thread1] INFO  server.RaftServerConfigKeys (ConfUtils.java:logGet(46)) - raft.server.log.appender.buffer.byte-limit = 33554432 (custom)
2023-08-04 02:34:43,880 [om1-impl-thread1] INFO  segmented.SegmentedRaftLogWorker (SegmentedRaftLogWorker.java:<init>(188)) - new om1@group-C5BA1605619E-SegmentedRaftLogWorker for RaftStorageImpl:Storage Directory /tmp/junit6483297622469370071/junit7027634403535305168/om-meta/ratis/bf265839-605b-3f16-9796-c5ba1605619e
2023-08-04 02:34:43,880 [om1-impl-thread1] INFO  server.RaftServerConfigKeys (ConfUtils.java:logGet(46)) - raft.server.log.queue.byte-limit = 64MB (=67108864) (default)
2023-08-04 02:34:43,880 [om1-impl-thread1] INFO  server.RaftServerConfigKeys (ConfUtils.java:logGet(46)) - raft.server.log.queue.element-limit = 4096 (default)
2023-08-04 02:34:43,880 [om1-impl-thread1] INFO  server.RaftServerConfigKeys (ConfUtils.java:logGet(46)) - raft.server.log.segment.size.max = 4194304 (custom)
2023-08-04 02:34:43,880 [om1-impl-thread1] INFO  server.RaftServerConfigKeys (ConfUtils.java:logGet(46)) - raft.server.log.preallocated.size = 4194304 (custom)
2023-08-04 02:34:43,880 [om1-impl-thread1] INFO  server.RaftServerConfigKeys (ConfUtils.java:logGet(46)) - raft.server.log.force.sync.num = 128 (default)
2023-08-04 02:34:43,880 [om1-impl-thread1] INFO  server.RaftServerConfigKeys (ConfUtils.java:logGet(46)) - raft.server.log.statemachine.data.sync = true (default)
2023-08-04 02:34:43,880 [om1-impl-thread1] INFO  server.RaftServerConfigKeys (ConfUtils.java:logGet(46)) - raft.server.log.statemachine.data.sync.timeout = 10s (default)
2023-08-04 02:34:43,880 [om1-impl-thread1] INFO  server.RaftServerConfigKeys (ConfUtils.java:logGet(46)) - raft.server.log.statemachine.data.sync.timeout.retry = -1 (default)
2023-08-04 02:34:43,880 [om1-impl-thread1] INFO  server.RaftServerConfigKeys (ConfUtils.java:logGet(46)) - raft.server.log.write.buffer.size = 64KB (=65536) (default)
2023-08-04 02:34:43,880 [om1-impl-thread1] INFO  server.RaftServerConfigKeys (ConfUtils.java:logGet(46)) - raft.server.log.appender.buffer.byte-limit = 33554432 (custom)
2023-08-04 02:34:43,885 [om1-impl-thread1] INFO  server.RaftServerConfigKeys (ConfUtils.java:logGet(46)) - raft.server.log.unsafe-flush.enabled = false (default)
2023-08-04 02:34:43,885 [om1-impl-thread1] INFO  server.RaftServerConfigKeys (ConfUtils.java:logGet(46)) - raft.server.log.async-flush.enabled = false (default)
2023-08-04 02:34:43,885 [om1-impl-thread1] INFO  server.RaftServerConfigKeys (ConfUtils.java:logGet(46)) - raft.server.log.statemachine.data.caching.enabled = false (default)
2023-08-04 02:34:43,886 [om1-impl-thread1] INFO  segmented.SegmentedRaftLogWorker (SegmentedRaftLogWorker.java:lambda$new$0(135)) - om1@group-C5BA1605619E-SegmentedRaftLogWorker: flushIndex: setUnconditionally 0 -> -1
2023-08-04 02:34:43,886 [om1-impl-thread1] INFO  segmented.SegmentedRaftLogWorker (SegmentedRaftLogWorker.java:lambda$new$0(135)) - om1@group-C5BA1605619E-SegmentedRaftLogWorker: safeCacheEvictIndex: setUnconditionally 0 -> -1
2023-08-04 02:34:43,889 [om1-impl-thread1] INFO  server.RaftServer$Division (RaftServerImpl.java:start(342)) - om1@group-C5BA1605619E: start as a follower, conf=-1: peers:[om1|rpc:fv-az621-180:9872|priority:0|startupRole:FOLLOWER]|listeners:[], old=null
2023-08-04 02:34:43,889 [om1-impl-thread1] INFO  server.RaftServer$Division (RaftServerImpl.java:setRole(329)) - om1@group-C5BA1605619E: changes role from      null to FOLLOWER at term 0 for startAsFollower
2023-08-04 02:34:43,889 [om1-impl-thread1] INFO  impl.RoleInfo (RoleInfo.java:updateAndGet(139)) - om1: start om1@group-C5BA1605619E-FollowerState
2023-08-04 02:34:43,890 [om1-impl-thread1] INFO  util.JmxRegister (JmxRegister.java:tryRegister(44)) - Successfully registered JMX Bean with object name Ratis:service=RaftServer,group=group-C5BA1605619E,id=om1
2023-08-04 02:34:43,890 [om1-impl-thread1] INFO  server.RaftServerConfigKeys (ConfUtils.java:logGet(46)) - raft.server.snapshot.auto.trigger.enabled = true (custom)
2023-08-04 02:34:43,890 [om1-impl-thread1] INFO  server.RaftServerConfigKeys (ConfUtils.java:logGet(46)) - raft.server.snapshot.auto.trigger.threshold = 400000 (default)
2023-08-04 02:34:43,890 [om1-impl-thread1] INFO  server.RaftServerConfigKeys (ConfUtils.java:logGet(46)) - raft.server.snapshot.retention.file.num = -1 (default)
2023-08-04 02:34:43,890 [om1-impl-thread1] INFO  server.RaftServerConfigKeys (ConfUtils.java:logGet(46)) - raft.server.log.purge.upto.snapshot.index = true (custom)
2023-08-04 02:34:43,892 [Time-limited test] INFO  server.RaftServer (RaftServerProxy.java:startImpl(400)) - om1: start RPC server
2023-08-04 02:34:43,897 [om1@group-C5BA1605619E-FollowerState] INFO  server.RaftServerConfigKeys (ConfUtils.java:logFallback(53)) - raft.server.rpc.first-election.timeout.min = 5s (fallback to raft.server.rpc.timeout.min)
2023-08-04 02:34:43,897 [om1@group-C5BA1605619E-FollowerState] INFO  server.RaftServerConfigKeys (ConfUtils.java:logFallback(53)) - raft.server.rpc.first-election.timeout.max = 5200ms (fallback to raft.server.rpc.timeout.max)
2023-08-04 02:34:43,898 [Time-limited test] INFO  server.GrpcService (GrpcService.java:startImpl(302)) - om1: GrpcService started, listening on 9872
2023-08-04 02:34:43,898 [Time-limited test] INFO  om.OzoneManager (OzoneManager.java:startSecretManager(1103)) - Starting OM delegation token secret manager
2023-08-04 02:34:43,898 [JvmPauseMonitor7] INFO  util.JvmPauseMonitor (JvmPauseMonitor.java:run(103)) - JvmPauseMonitor-om1: Started
2023-08-04 02:34:43,898 [Time-limited test] INFO  security.OzoneDelegationTokenSecretManager (OzoneSecretManager.java:updateCurrentKey(175)) - Updating current master key for generating tokens. Cert id 1530754449521
2023-08-04 02:34:43,898 [Thread[Thread-1691,5,FailOnTimeoutGroup]] INFO  security.OzoneDelegationTokenSecretManager (OzoneDelegationTokenSecretManager.java:run(636)) - Starting expired delegation token remover thread, tokenRemoverScanInterval=60 min(s)
2023-08-04 02:34:43,898 [Time-limited test] INFO  om.OzoneManager (OzoneManager.java:start(1629)) - Version File has different layout version (6) than OM DB (null). That is expected if this OM has never been finalized to a newer layout version.
2023-08-04 02:34:43,906 [Time-limited test] INFO  http.BaseHttpServer (BaseHttpServer.java:newHttpServer2BuilderForOzone(224)) - Starting Web-server for ozoneManager at: http://0.0.0.0:9874
2023-08-04 02:34:43,906 [Time-limited test] INFO  http.BaseHttpServer (BaseHttpServer.java:<init>(111)) - Hadoop Security Enabled: true Ozone Security Enabled: true Ozone HTTP Security Enabled: false 
2023-08-04 02:34:43,907 [Time-limited test] WARN  server.AuthenticationFilter (AuthenticationFilter.java:constructSecretProvider(240)) - Unable to initialize FileSignerSecretProvider, falling back to use random secrets. Reason: Could not read signature secret file: /home/runner/hadoop-http-auth-signature-secret
2023-08-04 02:34:43,909 [Time-limited test] INFO  http.HttpRequestLog (HttpRequestLog.java:getRequestLog(86)) - Http request log for http.requests.ozoneManager is not defined
2023-08-04 02:34:43,911 [Time-limited test] INFO  http.HttpServer2 (HttpServer2.java:addGlobalFilter(1031)) - Added global filter 'safety' (class=org.apache.hadoop.hdds.server.http.HttpServer2$QuotingInputFilter)
2023-08-04 02:34:43,912 [Time-limited test] INFO  http.HttpServer2 (HttpServer2.java:addFilter(1007)) - Added filter static_user_filter (class=org.apache.hadoop.http.lib.StaticUserWebFilter$StaticUserFilter) to context ozoneManager
2023-08-04 02:34:43,912 [Time-limited test] INFO  http.HttpServer2 (HttpServer2.java:addFilter(1015)) - Added filter static_user_filter (class=org.apache.hadoop.http.lib.StaticUserWebFilter$StaticUserFilter) to context static
2023-08-04 02:34:43,912 [Time-limited test] INFO  http.HttpServer2 (HttpServer2.java:addFilter(1015)) - Added filter static_user_filter (class=org.apache.hadoop.http.lib.StaticUserWebFilter$StaticUserFilter) to context logs
2023-08-04 02:34:43,913 [Time-limited test] INFO  http.BaseHttpServer (BaseHttpServer.java:<init>(190)) - HTTP server of ozoneManager uses base directory /tmp/junit6483297622469370071/junit7027634403535305168/om-meta/webserver
2023-08-04 02:34:43,914 [Time-limited test] INFO  http.HttpServer2 (HttpServer2.java:bindListener(1250)) - Jetty bound to port 9874
2023-08-04 02:34:43,914 [Time-limited test] INFO  server.Server (Server.java:doStart(375)) - jetty-9.4.51.v20230217; built: 2023-02-17T08:19:37.309Z; git: b45c405e4544384de066f814ed42ae3dceacdd49; jvm 1.8.0_372-b07
2023-08-04 02:34:43,922 [Time-limited test] INFO  server.session (DefaultSessionIdManager.java:doStart(334)) - DefaultSessionIdManager workerName=node0
2023-08-04 02:34:43,922 [Time-limited test] INFO  server.session (DefaultSessionIdManager.java:doStart(339)) - No SessionScavenger set, using defaults
2023-08-04 02:34:43,922 [Time-limited test] INFO  server.session (HouseKeeper.java:startScavenging(132)) - node0 Scavenging every 660000ms
2023-08-04 02:34:43,924 [Time-limited test] INFO  handler.ContextHandler (ContextHandler.java:doStart(921)) - Started o.e.j.s.ServletContextHandler@c116389{logs,/logs,file:///home/runner/work/ozone/ozone/hadoop-ozone/integration-test/target/log,AVAILABLE}
2023-08-04 02:34:43,924 [Time-limited test] INFO  handler.ContextHandler (ContextHandler.java:doStart(921)) - Started o.e.j.s.ServletContextHandler@37538801{static,/static,file:///home/runner/work/ozone/ozone/hadoop-ozone/integration-test/target/test-classes/webapps/static,AVAILABLE}
2023-08-04 02:34:43,928 [Time-limited test] INFO  handler.ContextHandler (ContextHandler.java:doStart(921)) - Started o.e.j.w.WebAppContext@3e29c835{ozoneManager,/,file:///home/runner/work/ozone/ozone/hadoop-ozone/integration-test/target/test-classes/webapps/ozoneManager/,AVAILABLE}{file:/home/runner/work/ozone/ozone/hadoop-ozone/integration-test/target/test-classes/webapps/ozoneManager}
2023-08-04 02:34:43,935 [Time-limited test] INFO  server.AbstractConnector (AbstractConnector.java:doStart(333)) - Started ServerConnector@1167cd87{HTTP/1.1, (http/1.1)}{0.0.0.0:9874}
2023-08-04 02:34:43,935 [Time-limited test] INFO  server.Server (Server.java:doStart(415)) - Started @125113ms
2023-08-04 02:34:43,935 [Time-limited test] WARN  impl.MetricsSystemImpl (MetricsSystemImpl.java:register(279)) - Sink prometheus already exists!
2023-08-04 02:34:43,936 [Time-limited test] INFO  http.BaseHttpServer (BaseHttpServer.java:updateConnectorAddress(344)) - HTTP server of ozoneManager listening at http://0.0.0.0:9874
2023-08-04 02:34:43,936 [IPC Server Responder] INFO  ipc.Server (Server.java:run(1562)) - IPC Server Responder: starting
2023-08-04 02:34:43,936 [IPC Server listener on 1202] INFO  ipc.Server (Server.java:run(1402)) - IPC Server listener on 1202: starting
2023-08-04 02:34:43,944 [Time-limited test] INFO  om.OzoneManager (OzoneManager.java:startTrashEmptier(2081)) - Trash Interval set to 0. Files deleted won't move to trash
2023-08-04 02:34:43,953 [pool-516-thread-2] INFO  request.TgsRequest (TgsRequest.java:issueTicket(115)) - TGS_REQ ISSUE: authtime 1691116483953,om/fv-az621-180 for om/fv-az621-180@EXAMPLE.COM
2023-08-04 02:34:43,962 [Socket Reader #1 for port 1202] INFO  ipc.Server (Server.java:saslProcess(2139)) - Auth successful for om/fv-az621-180@EXAMPLE.COM (auth:KERBEROS) from fv-az621-180:33141 / 10.1.0.9:33141
2023-08-04 02:34:45,982 [Time-limited test] INFO  retry.RetryInvocationHandler (RetryInvocationHandler.java:log(422)) - com.google.protobuf.ServiceException: org.apache.hadoop.ipc.RemoteException(org.apache.hadoop.ozone.om.exceptions.OMNotLeaderException): OM:om1 is not the leader. Could not determine the leader node.
	at org.apache.hadoop.ozone.om.OzoneManager.checkLeaderStatus(OzoneManager.java:3999)
	at org.apache.hadoop.ozone.om.ratis.utils.OzoneManagerRatisUtils.checkLeaderStatus(OzoneManagerRatisUtils.java:473)
	at org.apache.hadoop.ozone.protocolPB.OzoneManagerProtocolServerSideTranslatorPB.processRequest(OzoneManagerProtocolServerSideTranslatorPB.java:185)
	at org.apache.hadoop.hdds.server.OzoneProtocolMessageDispatcher.processRequest(OzoneProtocolMessageDispatcher.java:87)
	at org.apache.hadoop.ozone.protocolPB.OzoneManagerProtocolServerSideTranslatorPB.submitRequest(OzoneManagerProtocolServerSideTranslatorPB.java:148)
	at org.apache.hadoop.ozone.protocol.proto.OzoneManagerProtocolProtos$OzoneManagerService$2.callBlockingMethod(OzoneManagerProtocolProtos.java)
	at org.apache.hadoop.ipc.ProtobufRpcEngine$Server.processCall(ProtobufRpcEngine.java:484)
	at org.apache.hadoop.ipc.ProtobufRpcEngine2$Server$ProtoBufRpcInvoker.call(ProtobufRpcEngine2.java:595)
	at org.apache.hadoop.ipc.ProtobufRpcEngine2$Server$ProtoBufRpcInvoker.call(ProtobufRpcEngine2.java:573)
	at org.apache.hadoop.ipc.RPC$Server.call(RPC.java:1227)
	at org.apache.hadoop.ipc.Server$RpcCall.run(Server.java:1094)
	at org.apache.hadoop.ipc.Server$RpcCall.run(Server.java:1017)
	at java.security.AccessController.doPrivileged(Native Method)
	at javax.security.auth.Subject.doAs(Subject.java:422)
	at org.apache.hadoop.security.UserGroupInformation.doAs(UserGroupInformation.java:1899)
	at org.apache.hadoop.ipc.Server$Handler.run(Server.java:3048)
, while invoking $Proxy53.submitRequest over nodeId=null,nodeAddress=fv-az621-180:1202 after 1 failover attempts. Trying to failover after sleeping for 4000ms. Current retry count: 1.
2023-08-04 02:34:48,909 [om1@group-C5BA1605619E-FollowerState] INFO  impl.FollowerState (FollowerState.java:run(143)) - om1@group-C5BA1605619E-FollowerState: change to CANDIDATE, lastRpcElapsedTime:5020319351ns, electionTimeout:5012ms
2023-08-04 02:34:48,910 [om1@group-C5BA1605619E-FollowerState] INFO  impl.RoleInfo (RoleInfo.java:shutdownFollowerState(110)) - om1: shutdown om1@group-C5BA1605619E-FollowerState
2023-08-04 02:34:48,910 [om1@group-C5BA1605619E-FollowerState] INFO  server.RaftServer$Division (RaftServerImpl.java:setRole(329)) - om1@group-C5BA1605619E: changes role from  FOLLOWER to CANDIDATE at term 0 for changeToCandidate
2023-08-04 02:34:48,910 [om1@group-C5BA1605619E-FollowerState] INFO  server.RaftServerConfigKeys (ConfUtils.java:logGet(46)) - raft.server.leaderelection.pre-vote = true (default)
2023-08-04 02:34:48,910 [om1@group-C5BA1605619E-FollowerState] INFO  impl.RoleInfo (RoleInfo.java:updateAndGet(139)) - om1: start om1@group-C5BA1605619E-LeaderElection4
2023-08-04 02:34:48,911 [om1@group-C5BA1605619E-LeaderElection4] INFO  impl.LeaderElection (LeaderElection.java:askForVotes(321)) - om1@group-C5BA1605619E-LeaderElection4 PRE_VOTE round 0: submit vote requests at term 0 for -1: peers:[om1|rpc:fv-az621-180:9872|priority:0|startupRole:FOLLOWER]|listeners:[], old=null
2023-08-04 02:34:48,912 [om1@group-C5BA1605619E-LeaderElection4] INFO  impl.LeaderElection (LeaderElection.java:askForVotes(323)) - om1@group-C5BA1605619E-LeaderElection4 PRE_VOTE round 0: result PASSED (term=0)
2023-08-04 02:34:48,913 [om1@group-C5BA1605619E-LeaderElection4] INFO  impl.LeaderElection (LeaderElection.java:askForVotes(321)) - om1@group-C5BA1605619E-LeaderElection4 ELECTION round 0: submit vote requests at term 1 for -1: peers:[om1|rpc:fv-az621-180:9872|priority:0|startupRole:FOLLOWER]|listeners:[], old=null
2023-08-04 02:34:48,913 [om1@group-C5BA1605619E-LeaderElection4] INFO  impl.LeaderElection (LeaderElection.java:askForVotes(323)) - om1@group-C5BA1605619E-LeaderElection4 ELECTION round 0: result PASSED (term=1)
2023-08-04 02:34:48,913 [om1@group-C5BA1605619E-LeaderElection4] INFO  impl.RoleInfo (RoleInfo.java:shutdownLeaderElection(130)) - om1: shutdown om1@group-C5BA1605619E-LeaderElection4
2023-08-04 02:34:48,913 [om1@group-C5BA1605619E-LeaderElection4] INFO  server.RaftServer$Division (RaftServerImpl.java:setRole(329)) - om1@group-C5BA1605619E: changes role from CANDIDATE to LEADER at term 1 for changeToLeader
2023-08-04 02:34:48,914 [om1@group-C5BA1605619E-LeaderElection4] INFO  server.RaftServer$Division (ServerState.java:setLeader(317)) - om1@group-C5BA1605619E: change Leader from null to om1 at term 1 for becomeLeader, leader elected after 5880ms
2023-08-04 02:34:48,914 [om1@group-C5BA1605619E-LeaderElection4] INFO  server.RaftServerConfigKeys (ConfUtils.java:logGet(46)) - raft.server.staging.catchup.gap = 1000 (default)
2023-08-04 02:34:48,914 [om1@group-C5BA1605619E-LeaderElection4] INFO  server.RaftServerConfigKeys (ConfUtils.java:logGet(46)) - raft.server.write.element-limit = 4096 (default)
2023-08-04 02:34:48,914 [om1@group-C5BA1605619E-LeaderElection4] INFO  server.RaftServerConfigKeys (ConfUtils.java:logGet(46)) - raft.server.write.byte-limit = 64MB (=67108864) (default)
2023-08-04 02:34:48,914 [om1@group-C5BA1605619E-LeaderElection4] INFO  server.RaftServerConfigKeys (ConfUtils.java:logGet(46)) - raft.server.watch.timeout = 10s (default)
2023-08-04 02:34:48,914 [om1@group-C5BA1605619E-LeaderElection4] INFO  server.RaftServerConfigKeys (ConfUtils.java:logGet(46)) - raft.server.watch.timeout.denomination = 1s (default)
2023-08-04 02:34:48,914 [om1@group-C5BA1605619E-LeaderElection4] INFO  server.RaftServerConfigKeys (ConfUtils.java:logGet(46)) - raft.server.watch.element-limit = 65536 (default)
2023-08-04 02:34:48,914 [om1@group-C5BA1605619E-LeaderElection4] INFO  server.RaftServerConfigKeys (ConfUtils.java:logGet(46)) - raft.server.write.element-limit = 4096 (default)
2023-08-04 02:34:48,915 [om1@group-C5BA1605619E-LeaderElection4] INFO  server.RaftServerConfigKeys (ConfUtils.java:logGet(46)) - raft.server.write.follower.gap.ratio.max = -1.0 (default)
2023-08-04 02:34:48,915 [om1@group-C5BA1605619E-LeaderElection4] INFO  impl.RoleInfo (RoleInfo.java:updateAndGet(139)) - om1: start om1@group-C5BA1605619E-LeaderStateImpl
2023-08-04 02:34:48,915 [om1@group-C5BA1605619E-LeaderElection4] INFO  segmented.SegmentedRaftLogWorker (SegmentedRaftLogWorker.java:startLogSegment(447)) - om1@group-C5BA1605619E-SegmentedRaftLogWorker: Starting segment from index:0
2023-08-04 02:34:48,919 [om1@group-C5BA1605619E-LeaderElection4] INFO  server.RaftServer$Division (ServerState.java:setRaftConf(434)) - om1@group-C5BA1605619E: set configuration 0: peers:[om1|rpc:fv-az621-180:9872|admin:|client:|dataStream:|priority:0|startupRole:FOLLOWER]|listeners:[], old=null
2023-08-04 02:34:48,926 [om1@group-C5BA1605619E-SegmentedRaftLogWorker] INFO  segmented.SegmentedRaftLogWorker (SegmentedRaftLogWorker.java:execute(651)) - om1@group-C5BA1605619E-SegmentedRaftLogWorker: created new log segment /tmp/junit6483297622469370071/junit7027634403535305168/om-meta/ratis/bf265839-605b-3f16-9796-c5ba1605619e/current/log_inprogress_0
2023-08-04 02:34:48,927 [om1@group-C5BA1605619E-StateMachineUpdater] INFO  ratis.OzoneManagerStateMachine (OzoneManagerStateMachine.java:notifyConfigurationChanged(202)) - Received Configuration change notification from Ratis. New Peer list:
[id: "om1"
address: "fv-az621-180:9872"
startupRole: FOLLOWER
]
02:34:51.012 [IPC Server handler 3 on default port 1202] ERROR OMAudit - user=om/fv-az621-180@EXAMPLE.COM | ip=10.1.0.9 | op=RENEW_DELEGATION_TOKEN {kind=OzoneToken, service=fv-az621-180:1202, renewer=om} | ret=FAILURE
org.apache.hadoop.ozone.om.exceptions.OMException: om tried to renew an expired token (OzoneToken owner=om/fv-az621-180@EXAMPLE.COM, renewer=om, realUser=, issueDate=2023-08-04T02:34:49.985Z, maxDate=2023-08-04T02:34:50.985Z, sequenceNumber=1, masterKeyId=1, strToSign=null, signature=null, awsAccessKeyId=null, omServiceId=omServiceIdDefault, omCertSerialId=1530754449521) max expiration date: 2023-08-04 02:34:50,985+0000 currentTime: 2023-08-04 02:34:51,008+0000
	at org.apache.hadoop.ozone.security.OzoneDelegationTokenSecretManager.renewToken(OzoneDelegationTokenSecretManager.java:296) ~[ozone-manager-1.4.0-SNAPSHOT.jar:?]
	at org.apache.hadoop.ozone.om.OzoneManager.renewDelegationToken(OzoneManager.java:2367) ~[ozone-manager-1.4.0-SNAPSHOT.jar:?]
	at org.apache.hadoop.ozone.om.request.security.OMRenewDelegationTokenRequest.preExecute(OMRenewDelegationTokenRequest.java:85) ~[ozone-manager-1.4.0-SNAPSHOT.jar:?]
	at org.apache.hadoop.ozone.protocolPB.OzoneManagerProtocolServerSideTranslatorPB.processRequest(OzoneManagerProtocolServerSideTranslatorPB.java:193) ~[ozone-manager-1.4.0-SNAPSHOT.jar:?]
	at org.apache.hadoop.hdds.server.OzoneProtocolMessageDispatcher.processRequest(OzoneProtocolMessageDispatcher.java:87) [hdds-server-framework-1.4.0-SNAPSHOT.jar:?]
	at org.apache.hadoop.ozone.protocolPB.OzoneManagerProtocolServerSideTranslatorPB.submitRequest(OzoneManagerProtocolServerSideTranslatorPB.java:148) [ozone-manager-1.4.0-SNAPSHOT.jar:?]
	at org.apache.hadoop.ozone.protocol.proto.OzoneManagerProtocolProtos$OzoneManagerService$2.callBlockingMethod(OzoneManagerProtocolProtos.java) [ozone-interface-client-1.4.0-SNAPSHOT.jar:?]
	at org.apache.hadoop.ipc.ProtobufRpcEngine$Server.processCall(ProtobufRpcEngine.java:484) [hadoop-common-3.3.6.jar:?]
	at org.apache.hadoop.ipc.ProtobufRpcEngine2$Server$ProtoBufRpcInvoker.call(ProtobufRpcEngine2.java:595) [hadoop-common-3.3.6.jar:?]
	at org.apache.hadoop.ipc.ProtobufRpcEngine2$Server$ProtoBufRpcInvoker.call(ProtobufRpcEngine2.java:573) [hadoop-common-3.3.6.jar:?]
	at org.apache.hadoop.ipc.RPC$Server.call(RPC.java:1227) [hadoop-common-3.3.6.jar:?]
	at org.apache.hadoop.ipc.Server$RpcCall.run(Server.java:1094) [hadoop-common-3.3.6.jar:?]
	at org.apache.hadoop.ipc.Server$RpcCall.run(Server.java:1017) [hadoop-common-3.3.6.jar:?]
	at java.security.AccessController.doPrivileged(Native Method) ~[?:1.8.0_372]
	at javax.security.auth.Subject.doAs(Subject.java:422) [?:1.8.0_372]
	at org.apache.hadoop.security.UserGroupInformation.doAs(UserGroupInformation.java:1899) [hadoop-common-3.3.6.jar:?]
	at org.apache.hadoop.ipc.Server$Handler.run(Server.java:3048) [hadoop-common-3.3.6.jar:?]
2023-08-04 02:34:51,035 [IPC Server handler 8 on default port 1202] ERROR om.OzoneManager (OzoneManager.java:renewDelegationToken(2377)) - Delegation token renewal failed for dt id: OzoneToken owner=om/fv-az621-180@EXAMPLE.COM, renewer=randomService, realUser=, issueDate=2023-08-04T02:34:51.026Z, maxDate=2023-08-04T02:34:52.026Z, sequenceNumber=2, masterKeyId=1, strToSign=null, signature=null, awsAccessKeyId=null, omServiceId=omServiceIdDefault, omCertSerialId=1530754449521, cause: om tries to renew a token (OzoneToken owner=om/fv-az621-180@EXAMPLE.COM, renewer=randomService, realUser=, issueDate=2023-08-04T02:34:51.026Z, maxDate=2023-08-04T02:34:52.026Z, sequenceNumber=2, masterKeyId=1, strToSign=null, signature=null, awsAccessKeyId=null, omServiceId=omServiceIdDefault, omCertSerialId=1530754449521) with non-matching renewer randomService
02:34:51.081 [IPC Server handler 8 on default port 1202] ERROR OMAudit - user=om/fv-az621-180@EXAMPLE.COM | ip=10.1.0.9 | op=RENEW_DELEGATION_TOKEN {kind=OzoneToken, service=fv-az621-180:1202, renewer=randomService} | ret=FAILURE
org.apache.hadoop.ozone.om.exceptions.OMException: Delegation token renewal failed for dt: Kind: OzoneToken, Service: fv-az621-180:1202, Ident: (OzoneToken owner=om/fv-az621-180@EXAMPLE.COM, renewer=randomService, realUser=, issueDate=2023-08-04T02:34:51.026Z, maxDate=2023-08-04T02:34:52.026Z, sequenceNumber=2, masterKeyId=1, strToSign=null, signature=null, awsAccessKeyId=null, omServiceId=omServiceIdDefault, omCertSerialId=1530754449521)
	at org.apache.hadoop.ozone.om.OzoneManager.renewDelegationToken(OzoneManager.java:2379) ~[ozone-manager-1.4.0-SNAPSHOT.jar:?]
	at org.apache.hadoop.ozone.om.request.security.OMRenewDelegationTokenRequest.preExecute(OMRenewDelegationTokenRequest.java:85) ~[ozone-manager-1.4.0-SNAPSHOT.jar:?]
	at org.apache.hadoop.ozone.protocolPB.OzoneManagerProtocolServerSideTranslatorPB.processRequest(OzoneManagerProtocolServerSideTranslatorPB.java:193) ~[ozone-manager-1.4.0-SNAPSHOT.jar:?]
	at org.apache.hadoop.hdds.server.OzoneProtocolMessageDispatcher.processRequest(OzoneProtocolMessageDispatcher.java:87) [hdds-server-framework-1.4.0-SNAPSHOT.jar:?]
	at org.apache.hadoop.ozone.protocolPB.OzoneManagerProtocolServerSideTranslatorPB.submitRequest(OzoneManagerProtocolServerSideTranslatorPB.java:148) [ozone-manager-1.4.0-SNAPSHOT.jar:?]
	at org.apache.hadoop.ozone.protocol.proto.OzoneManagerProtocolProtos$OzoneManagerService$2.callBlockingMethod(OzoneManagerProtocolProtos.java) [ozone-interface-client-1.4.0-SNAPSHOT.jar:?]
	at org.apache.hadoop.ipc.ProtobufRpcEngine$Server.processCall(ProtobufRpcEngine.java:484) [hadoop-common-3.3.6.jar:?]
	at org.apache.hadoop.ipc.ProtobufRpcEngine2$Server$ProtoBufRpcInvoker.call(ProtobufRpcEngine2.java:595) [hadoop-common-3.3.6.jar:?]
	at org.apache.hadoop.ipc.ProtobufRpcEngine2$Server$ProtoBufRpcInvoker.call(ProtobufRpcEngine2.java:573) [hadoop-common-3.3.6.jar:?]
	at org.apache.hadoop.ipc.RPC$Server.call(RPC.java:1227) [hadoop-common-3.3.6.jar:?]
	at org.apache.hadoop.ipc.Server$RpcCall.run(Server.java:1094) [hadoop-common-3.3.6.jar:?]
	at org.apache.hadoop.ipc.Server$RpcCall.run(Server.java:1017) [hadoop-common-3.3.6.jar:?]
	at java.security.AccessController.doPrivileged(Native Method) ~[?:1.8.0_372]
	at javax.security.auth.Subject.doAs(Subject.java:422) [?:1.8.0_372]
	at org.apache.hadoop.security.UserGroupInformation.doAs(UserGroupInformation.java:1899) [hadoop-common-3.3.6.jar:?]
	at org.apache.hadoop.ipc.Server$Handler.run(Server.java:3048) [hadoop-common-3.3.6.jar:?]
Caused by: org.apache.hadoop.security.AccessControlException: om tries to renew a token (OzoneToken owner=om/fv-az621-180@EXAMPLE.COM, renewer=randomService, realUser=, issueDate=2023-08-04T02:34:51.026Z, maxDate=2023-08-04T02:34:52.026Z, sequenceNumber=2, masterKeyId=1, strToSign=null, signature=null, awsAccessKeyId=null, omServiceId=omServiceIdDefault, omCertSerialId=1530754449521) with non-matching renewer randomService
	at org.apache.hadoop.ozone.security.OzoneDelegationTokenSecretManager.renewToken(OzoneDelegationTokenSecretManager.java:308) ~[ozone-manager-1.4.0-SNAPSHOT.jar:?]
	at org.apache.hadoop.ozone.om.OzoneManager.renewDelegationToken(OzoneManager.java:2367) ~[ozone-manager-1.4.0-SNAPSHOT.jar:?]
	... 15 more
2023-08-04 02:34:51,087 [IPC Server handler 10 on default port 1202] ERROR om.OzoneManager (OzoneManager.java:renewDelegationToken(2377)) - Delegation token renewal failed for dt id: OzoneToken owner=om/fv-az621-180@EXAMPLE.COM, renewer=om, realUser=, issueDate=2023-08-04T02:34:49.985Z, maxDate=2077-03-06T05:09:42.168Z, sequenceNumber=1, masterKeyId=1, strToSign=null, signature=null, awsAccessKeyId=null, omServiceId=omServiceIdDefault, omCertSerialId=1530754449521, cause: token (OzoneToken owner=om/fv-az621-180@EXAMPLE.COM, renewer=om, realUser=, issueDate=2023-08-04T02:34:49.985Z, maxDate=2077-03-06T05:09:42.168Z, sequenceNumber=1, masterKeyId=1, strToSign=null, signature=null, awsAccessKeyId=null, omServiceId=omServiceIdDefault, omCertSerialId=1530754449521) can't be found in cache
02:34:51.087 [IPC Server handler 10 on default port 1202] ERROR OMAudit - user=om/fv-az621-180@EXAMPLE.COM | ip=10.1.0.9 | op=RENEW_DELEGATION_TOKEN {kind=OzoneToken, service=fv-az621-180:1202, renewer=om} | ret=FAILURE
org.apache.hadoop.ozone.om.exceptions.OMException: Delegation token renewal failed for dt: Kind: OzoneToken, Service: fv-az621-180:1202, Ident: (OzoneToken owner=om/fv-az621-180@EXAMPLE.COM, renewer=om, realUser=, issueDate=2023-08-04T02:34:49.985Z, maxDate=2077-03-06T05:09:42.168Z, sequenceNumber=1, masterKeyId=1, strToSign=null, signature=null, awsAccessKeyId=null, omServiceId=omServiceIdDefault, omCertSerialId=1530754449521)
	at org.apache.hadoop.ozone.om.OzoneManager.renewDelegationToken(OzoneManager.java:2379) ~[ozone-manager-1.4.0-SNAPSHOT.jar:?]
	at org.apache.hadoop.ozone.om.request.security.OMRenewDelegationTokenRequest.preExecute(OMRenewDelegationTokenRequest.java:85) ~[ozone-manager-1.4.0-SNAPSHOT.jar:?]
	at org.apache.hadoop.ozone.protocolPB.OzoneManagerProtocolServerSideTranslatorPB.processRequest(OzoneManagerProtocolServerSideTranslatorPB.java:193) ~[ozone-manager-1.4.0-SNAPSHOT.jar:?]
	at org.apache.hadoop.hdds.server.OzoneProtocolMessageDispatcher.processRequest(OzoneProtocolMessageDispatcher.java:87) [hdds-server-framework-1.4.0-SNAPSHOT.jar:?]
	at org.apache.hadoop.ozone.protocolPB.OzoneManagerProtocolServerSideTranslatorPB.submitRequest(OzoneManagerProtocolServerSideTranslatorPB.java:148) [ozone-manager-1.4.0-SNAPSHOT.jar:?]
	at org.apache.hadoop.ozone.protocol.proto.OzoneManagerProtocolProtos$OzoneManagerService$2.callBlockingMethod(OzoneManagerProtocolProtos.java) [ozone-interface-client-1.4.0-SNAPSHOT.jar:?]
	at org.apache.hadoop.ipc.ProtobufRpcEngine$Server.processCall(ProtobufRpcEngine.java:484) [hadoop-common-3.3.6.jar:?]
	at org.apache.hadoop.ipc.ProtobufRpcEngine2$Server$ProtoBufRpcInvoker.call(ProtobufRpcEngine2.java:595) [hadoop-common-3.3.6.jar:?]
	at org.apache.hadoop.ipc.ProtobufRpcEngine2$Server$ProtoBufRpcInvoker.call(ProtobufRpcEngine2.java:573) [hadoop-common-3.3.6.jar:?]
	at org.apache.hadoop.ipc.RPC$Server.call(RPC.java:1227) [hadoop-common-3.3.6.jar:?]
	at org.apache.hadoop.ipc.Server$RpcCall.run(Server.java:1094) [hadoop-common-3.3.6.jar:?]
	at org.apache.hadoop.ipc.Server$RpcCall.run(Server.java:1017) [hadoop-common-3.3.6.jar:?]
	at java.security.AccessController.doPrivileged(Native Method) ~[?:1.8.0_372]
	at javax.security.auth.Subject.doAs(Subject.java:422) [?:1.8.0_372]
	at org.apache.hadoop.security.UserGroupInformation.doAs(UserGroupInformation.java:1899) [hadoop-common-3.3.6.jar:?]
	at org.apache.hadoop.ipc.Server$Handler.run(Server.java:3048) [hadoop-common-3.3.6.jar:?]
Caused by: org.apache.hadoop.security.token.SecretManager$InvalidToken: token (OzoneToken owner=om/fv-az621-180@EXAMPLE.COM, renewer=om, realUser=, issueDate=2023-08-04T02:34:49.985Z, maxDate=2077-03-06T05:09:42.168Z, sequenceNumber=1, masterKeyId=1, strToSign=null, signature=null, awsAccessKeyId=null, omServiceId=omServiceIdDefault, omCertSerialId=1530754449521) can't be found in cache
	at org.apache.hadoop.ozone.security.OzoneDelegationTokenSecretManager.validateToken(OzoneDelegationTokenSecretManager.java:432) ~[ozone-manager-1.4.0-SNAPSHOT.jar:?]
	at org.apache.hadoop.ozone.security.OzoneDelegationTokenSecretManager.renewToken(OzoneDelegationTokenSecretManager.java:301) ~[ozone-manager-1.4.0-SNAPSHOT.jar:?]
	at org.apache.hadoop.ozone.om.OzoneManager.renewDelegationToken(OzoneManager.java:2367) ~[ozone-manager-1.4.0-SNAPSHOT.jar:?]
	... 15 more
2023-08-04 02:34:51,093 [Time-limited test] INFO  om.OzoneManager (OzoneManager.java:stop(2187)) - om1[fv-az621-180:1202]: Stopping Ozone Manager
2023-08-04 02:34:51,093 [Time-limited test] INFO  ipc.Server (Server.java:stop(3523)) - Stopping server on 1202
2023-08-04 02:34:51,095 [IPC Server listener on 1202] INFO  ipc.Server (Server.java:run(1434)) - Stopping IPC Server listener on 1202
2023-08-04 02:34:51,095 [IPC Server Responder] INFO  ipc.Server (Server.java:run(1567)) - Stopping IPC Server Responder
2023-08-04 02:34:51,098 [Time-limited test] INFO  server.RaftServer (RaftServerProxy.java:lambda$close$6(416)) - om1: close
2023-08-04 02:34:51,098 [Time-limited test] INFO  server.GrpcService (GrpcService.java:closeImpl(311)) - om1: shutdown server GrpcServerProtocolService now
2023-08-04 02:34:51,098 [om1-impl-thread1] INFO  server.RaftServer$Division (RaftServerImpl.java:lambda$close$4(466)) - om1@group-C5BA1605619E: shutdown
2023-08-04 02:34:51,098 [om1-impl-thread1] INFO  util.JmxRegister (JmxRegister.java:unregister(73)) - Successfully un-registered JMX Bean with object name Ratis:service=RaftServer,group=group-C5BA1605619E,id=om1
2023-08-04 02:34:51,098 [om1-impl-thread1] INFO  impl.RoleInfo (RoleInfo.java:shutdownLeaderState(93)) - om1: shutdown om1@group-C5BA1605619E-LeaderStateImpl
2023-08-04 02:34:51,098 [om1-impl-thread1] INFO  impl.PendingRequests (PendingRequests.java:sendNotLeaderResponses(289)) - om1@group-C5BA1605619E-PendingRequests: sendNotLeaderResponses
2023-08-04 02:34:51,101 [om1-impl-thread1] INFO  impl.StateMachineUpdater (StateMachineUpdater.java:stopAndJoin(155)) - om1@group-C5BA1605619E-StateMachineUpdater: set stopIndex = 6
2023-08-04 02:34:51,101 [om1@group-C5BA1605619E-StateMachineUpdater] INFO  ratis.OzoneManagerStateMachine (OzoneManagerStateMachine.java:takeSnapshot(480)) - Current Snapshot Index (t:1, i:6)
2023-08-04 02:34:51,101 [Time-limited test] INFO  server.GrpcService (GrpcService.java:closeImpl(320)) - om1: shutdown server GrpcServerProtocolService successfully
2023-08-04 02:34:51,114 [om1@group-C5BA1605619E-StateMachineUpdater] INFO  impl.StateMachineUpdater (StateMachineUpdater.java:takeSnapshot(291)) - om1@group-C5BA1605619E-StateMachineUpdater: Took a snapshot at index 6
2023-08-04 02:34:51,114 [om1@group-C5BA1605619E-StateMachineUpdater] INFO  impl.StateMachineUpdater (StateMachineUpdater.java:lambda$new$0(97)) - om1@group-C5BA1605619E-StateMachineUpdater: snapshotIndex: updateIncreasingly -1 -> 6
2023-08-04 02:34:51,114 [om1@group-C5BA1605619E-StateMachineUpdater] INFO  ratis.OzoneManagerStateMachine (OzoneManagerStateMachine.java:close(534)) - StateMachine has shutdown. Shutdown OzoneManager if not already shutdown.
2023-08-04 02:34:51,114 [om1@group-C5BA1605619E-StateMachineUpdater] INFO  ratis.OzoneManagerDoubleBuffer (OzoneManagerDoubleBuffer.java:stopDaemon(551)) - Stopping OMDoubleBuffer flush thread
2023-08-04 02:34:51,114 [OMDoubleBufferFlushThread] INFO  ratis.OzoneManagerDoubleBuffer (OzoneManagerDoubleBuffer.java:canFlush(638)) - OMDoubleBuffer flush thread OMDoubleBufferFlushThread is interrupted and will exit.
2023-08-04 02:34:51,115 [om1-impl-thread1] INFO  server.RaftServer$Division (ServerState.java:close(472)) - om1@group-C5BA1605619E: closes. applyIndex: 6
2023-08-04 02:34:52,034 [om1-impl-thread1] INFO  segmented.SegmentedRaftLogWorker (SegmentedRaftLogWorker.java:close(252)) - om1@group-C5BA1605619E-SegmentedRaftLogWorker close()
2023-08-04 02:34:52,034 [JvmPauseMonitor7] INFO  util.JvmPauseMonitor (JvmPauseMonitor.java:run(109)) - JvmPauseMonitor-om1: Stopped
2023-08-04 02:34:52,034 [Time-limited test] INFO  ratis.OzoneManagerStateMachine (OzoneManagerStateMachine.java:close(534)) - StateMachine has shutdown. Shutdown OzoneManager if not already shutdown.
2023-08-04 02:34:52,035 [Time-limited test] INFO  ratis.OzoneManagerDoubleBuffer (OzoneManagerDoubleBuffer.java:stopDaemon(560)) - OMDoubleBuffer flush thread is not running.
2023-08-04 02:34:52,035 [Time-limited test] INFO  utils.BackgroundService (BackgroundService.java:shutdown(141)) - Shutting down service KeyDeletingService
2023-08-04 02:34:52,035 [Time-limited test] INFO  utils.BackgroundService (BackgroundService.java:shutdown(141)) - Shutting down service KeyDeletingService
2023-08-04 02:34:52,036 [Time-limited test] INFO  utils.BackgroundService (BackgroundService.java:shutdown(141)) - Shutting down service OpenKeyCleanupService
2023-08-04 02:34:52,036 [Time-limited test] INFO  utils.BackgroundService (BackgroundService.java:shutdown(141)) - Shutting down service SstFilteringService
2023-08-04 02:34:52,036 [Time-limited test] INFO  utils.BackgroundService (BackgroundService.java:shutdown(141)) - Shutting down service SnapshotDeletingService
2023-08-04 02:34:52,036 [Time-limited test] INFO  om.OzoneManager (OzoneManager.java:stopSecretManager(1063)) - Stopping secret key client.
2023-08-04 02:34:52,037 [Time-limited test] INFO  om.OzoneManager (OzoneManager.java:stopSecretManager(1068)) - Stopping OM delegation token secret manager.
2023-08-04 02:34:52,037 [Thread[Thread-1691,5,FailOnTimeoutGroup]] INFO  security.OzoneDelegationTokenSecretManager (OzoneDelegationTokenSecretManager.java:run(653)) - ExpiredTokenRemover was interrupted.
java.lang.InterruptedException: sleep interrupted
	at java.lang.Thread.sleep(Native Method)
	at org.apache.hadoop.ozone.security.OzoneDelegationTokenSecretManager$ExpiredTokenRemover.run(OzoneDelegationTokenSecretManager.java:649)
	at java.lang.Thread.run(Thread.java:750)
2023-08-04 02:34:52,037 [Time-limited test] INFO  handler.ContextHandler (ContextHandler.java:doStop(1159)) - Stopped o.e.j.w.WebAppContext@3e29c835{ozoneManager,/,null,STOPPED}{file:/home/runner/work/ozone/ozone/hadoop-ozone/integration-test/target/test-classes/webapps/ozoneManager}
2023-08-04 02:34:52,039 [Time-limited test] INFO  server.AbstractConnector (AbstractConnector.java:doStop(383)) - Stopped ServerConnector@1167cd87{HTTP/1.1, (http/1.1)}{0.0.0.0:9874}
2023-08-04 02:34:52,039 [Time-limited test] INFO  server.session (HouseKeeper.java:stopScavenging(149)) - node0 Stopped scavenging
2023-08-04 02:34:52,039 [Time-limited test] INFO  handler.ContextHandler (ContextHandler.java:doStop(1159)) - Stopped o.e.j.s.ServletContextHandler@37538801{static,/static,file:///home/runner/work/ozone/ozone/hadoop-ozone/integration-test/target/test-classes/webapps/static,STOPPED}
2023-08-04 02:34:52,039 [Time-limited test] INFO  handler.ContextHandler (ContextHandler.java:doStop(1159)) - Stopped o.e.j.s.ServletContextHandler@c116389{logs,/logs,file:///home/runner/work/ozone/ozone/hadoop-ozone/integration-test/target/log,STOPPED}
2023-08-04 02:34:52,040 [Time-limited test] INFO  rocksdiff.RocksDBCheckpointDiffer (RocksDBCheckpointDiffer.java:close(340)) - Shutting down CompactionDagPruningService.
2023-08-04 02:34:52,041 [Time-limited test] INFO  snapshot.SnapshotDiffManager (SnapshotDiffManager.java:closeExecutorService(1720)) - Shutting down executorService: 'SnapDiffExecutor'
2023-08-04 02:34:52,041 [Time-limited test] INFO  snapshot.SnapshotDiffManager (SnapshotDiffManager.java:closeExecutorService(1720)) - Shutting down executorService: 'SstDumpToolExecutor'
2023-08-04 02:34:52,041 [Time-limited test] INFO  utils.BackgroundService (BackgroundService.java:shutdown(141)) - Shutting down service SnapshotDiffCleanupService
2023-08-04 02:34:52,043 [Time-limited test] INFO  impl.DefaultInternalKdcServerImpl (DefaultInternalKdcServerImpl.java:doStop(102)) - Default Internal kdc server stopped.
2023-08-04 02:34:53,043 [Time-limited test] INFO  minikdc.MiniKdc (MiniKdc.java:stop(359)) - MiniKdc stopped.
2023-08-04 02:34:53,043 [Time-limited test] INFO  om.OzoneManager (OzoneManager.java:stop(2187)) - om1[fv-az621-180:1202]: Stopping Ozone Manager
]]></system-out>
  </testcase>
  <testcase name="testSecureScmStartupFailure" classname="org.apache.hadoop.ozone.TestSecureOzoneCluster" time="1.795">
    <system-out><![CDATA[2023-08-04 02:34:53,065 [Time-limited test] INFO  net.ServerSocketUtil (ServerSocketUtil.java:getPort(55)) - Using port 9860
2023-08-04 02:34:53,065 [Time-limited test] INFO  net.ServerSocketUtil (ServerSocketUtil.java:getPort(55)) - Using port 9861
2023-08-04 02:34:53,065 [Time-limited test] INFO  net.ServerSocketUtil (ServerSocketUtil.java:getPort(55)) - Using port 9863
2023-08-04 02:34:53,065 [Time-limited test] INFO  net.ServerSocketUtil (ServerSocketUtil.java:getPort(55)) - Using port 9961
2023-08-04 02:34:53,065 [Time-limited test] INFO  net.ServerSocketUtil (ServerSocketUtil.java:getPort(55)) - Using port 1200
2023-08-04 02:34:53,065 [Time-limited test] INFO  net.ServerSocketUtil (ServerSocketUtil.java:getPort(55)) - Using port 1201
2023-08-04 02:34:53,066 [Time-limited test] INFO  minikdc.MiniKdc (MiniKdc.java:<init>(225)) - Configuration:
2023-08-04 02:34:53,066 [Time-limited test] INFO  minikdc.MiniKdc (MiniKdc.java:<init>(226)) - ---------------------------------------------------------------
2023-08-04 02:34:53,066 [Time-limited test] INFO  minikdc.MiniKdc (MiniKdc.java:<init>(228)) -   debug: false
2023-08-04 02:34:53,066 [Time-limited test] INFO  minikdc.MiniKdc (MiniKdc.java:<init>(228)) -   transport: TCP
2023-08-04 02:34:53,066 [Time-limited test] INFO  minikdc.MiniKdc (MiniKdc.java:<init>(228)) -   max.ticket.lifetime: 86400000
2023-08-04 02:34:53,066 [Time-limited test] INFO  minikdc.MiniKdc (MiniKdc.java:<init>(228)) -   org.name: EXAMPLE
2023-08-04 02:34:53,066 [Time-limited test] INFO  minikdc.MiniKdc (MiniKdc.java:<init>(228)) -   kdc.port: 0
2023-08-04 02:34:53,066 [Time-limited test] INFO  minikdc.MiniKdc (MiniKdc.java:<init>(228)) -   org.domain: COM
2023-08-04 02:34:53,066 [Time-limited test] INFO  minikdc.MiniKdc (MiniKdc.java:<init>(228)) -   max.renewable.lifetime: 604800000
2023-08-04 02:34:53,066 [Time-limited test] INFO  minikdc.MiniKdc (MiniKdc.java:<init>(228)) -   instance: DefaultKrbServer
2023-08-04 02:34:53,066 [Time-limited test] INFO  minikdc.MiniKdc (MiniKdc.java:<init>(228)) -   kdc.bind.address: localhost
2023-08-04 02:34:53,066 [Time-limited test] INFO  minikdc.MiniKdc (MiniKdc.java:<init>(230)) - ---------------------------------------------------------------
2023-08-04 02:34:53,068 [Time-limited test] INFO  minikdc.MiniKdc (MiniKdc.java:start(285)) - MiniKdc started.
2023-08-04 02:34:53,339 [Time-limited test] INFO  om.OzoneManager (OzoneManager.java:getOmDetailsProto(4555)) - OzoneManager ports added:[name: "RPC"
value: 1202
]
2023-08-04 02:34:53,339 [Time-limited test] WARN  server.ServerUtils (ServerUtils.java:getScmDbDir(155)) - ozone.scm.db.dirs is not configured. We recommend adding this setting. Falling back to ozone.metadata.dirs instead.
2023-08-04 02:34:53,339 [Time-limited test] INFO  ha.HASecurityUtils (HASecurityUtils.java:initializeSecurity(98)) - Initializing secure StorageContainerManager.
2023-08-04 02:34:53,340 [Time-limited test] INFO  client.SCMCertificateClient (DefaultCertificateClient.java:updateCertSerialId(1226)) - Certificate serial ID set to null
2023-08-04 02:34:53,341 [Time-limited test] ERROR client.SCMCertificateClient (DefaultCertificateClient.java:getCertPath(361)) - Default certificate serial id is not set. Can't locate the default certificate for this client.
2023-08-04 02:34:53,341 [Time-limited test] INFO  client.SCMCertificateClient (DefaultCertificateClient.java:init(707)) - Certificate client init case: 0
2023-08-04 02:34:53,341 [Time-limited test] INFO  client.SCMCertificateClient (SCMCertificateClient.java:handleCase(96)) - Creating keypair for client as keypair and certificate not found.
2023-08-04 02:34:53,667 [Time-limited test] INFO  ha.HASecurityUtils (HASecurityUtils.java:initializeSecurity(108)) - Init response: GETCERT
2023-08-04 02:34:53,819 [Time-limited test] INFO  ozone.OzoneSecurityUtil (OzoneSecurityUtil.java:getValidInetsForCurrentHost(119)) - ip:fe80:0:0:0:20d:3aff:fe7a:a89f%eth0 not returned.
2023-08-04 02:34:53,819 [Time-limited test] INFO  ozone.OzoneSecurityUtil (OzoneSecurityUtil.java:getValidInetsForCurrentHost(116)) - Adding ip:10.1.0.9,host:fv-az621-180
2023-08-04 02:34:53,819 [Time-limited test] INFO  ozone.OzoneSecurityUtil (OzoneSecurityUtil.java:getValidInetsForCurrentHost(119)) - ip:0:0:0:0:0:0:0:1%lo not returned.
2023-08-04 02:34:53,819 [Time-limited test] INFO  ozone.OzoneSecurityUtil (OzoneSecurityUtil.java:getValidInetsForCurrentHost(119)) - ip:127.0.0.1 not returned.
2023-08-04 02:34:53,819 [Time-limited test] ERROR utils.SelfSignedCertificate (SelfSignedCertificate.java:lambda$addInetAddresses$0(244)) - Invalid domain fv-az621-180
2023-08-04 02:34:53,822 [Time-limited test] INFO  utils.SelfSignedCertificate (SelfSignedCertificate.java:generateCertificate(157)) - Certificate 1 is issued by CN=scm-1@fv-az621-180,OU=a60eca65-1e62-4079-b811-e273e248ab0f,O=dbb083c0-e6ed-47a3-917f-c03203b0c16e to CN=scm-1@fv-az621-180,OU=a60eca65-1e62-4079-b811-e273e248ab0f,O=dbb083c0-e6ed-47a3-917f-c03203b0c16e, valid from Fri Aug 04 02:34:53 UTC 2023 to Mon Sep 11 02:34:53 UTC 2028
2023-08-04 02:34:53,823 [Time-limited test] INFO  utils.CertificateCodec (CertificateCodec.java:writeCertificate(299)) - Save certificate to /tmp/junit1913281204334529295/junit5460535906606554251/scm-meta/scm/ca/certs/certificate.crt
2023-08-04 02:34:53,823 [Time-limited test] INFO  utils.CertificateCodec (CertificateCodec.java:writeCertificate(300)) - Certificate -----BEGIN CERTIFICATE-----
MIIDpTCCAo2gAwIBAgIBATANBgkqhkiG9w0BAQsFADB7MRswGQYDVQQDDBJzY20t
MUBmdi1hejYyMS0xODAxLTArBgNVBAsMJGE2MGVjYTY1LTFlNjItNDA3OS1iODEx
LWUyNzNlMjQ4YWIwZjEtMCsGA1UECgwkZGJiMDgzYzAtZTZlZC00N2EzLTkxN2Yt
YzAzMjAzYjBjMTZlMB4XDTIzMDgwNDAyMzQ1M1oXDTI4MDkxMTAyMzQ1M1owezEb
MBkGA1UEAwwSc2NtLTFAZnYtYXo2MjEtMTgwMS0wKwYDVQQLDCRhNjBlY2E2NS0x
ZTYyLTQwNzktYjgxMS1lMjczZTI0OGFiMGYxLTArBgNVBAoMJGRiYjA4M2MwLWU2
ZWQtNDdhMy05MTdmLWMwMzIwM2IwYzE2ZTCCASIwDQYJKoZIhvcNAQEBBQADggEP
ADCCAQoCggEBAI40oGWangaVyUkujV3Rg38lyPpMETVJyC4Pq7DwkGhfaVcwndH4
2IpyEvxi/OU7GjIird0rLo+DycLiNdyv0dkHdClMmp7i5qh9qqh0FyeMrLrqCxcK
6EauqJNXx56s+d8CKOpkvvncINwFC3gbw1i4Z715vvkEQtj8ps55rG8IjnihWBXU
sqHvbvUSdoCfkCpFEFiHNA/eQOWelW3orhUShrafZ4KYDdwaz2Ww1/BvCGmQwO22
w0wCbw6tfdnHjPUhx4DI3H4Q8MhMVPhXnFIN65UYc6XC7jYcqF74E302MTU5vjVV
iY8ejC3Vewz/0OMSazmUAhwz5raOrfK2x0UCAwEAAaM0MDIwDwYDVR0TAQH/BAUw
AwEB/zAOBgNVHQ8BAf8EBAMCAQYwDwYDVR0RBAgwBocECgEACTANBgkqhkiG9w0B
AQsFAAOCAQEAHHEeTFePuI/Rnly48y3GMB1gl0TtxtefCi4uzzbDzwWeL/FtNRJB
euF+MOevYKYwaol3/zMms5HAMXG3uCxLwQQhmMnvyD3hhtWOhS9JKzVMfUCUEWn0
m4d5Ub6bJwernmxI9S9pJ3vXzbUv/C++xYf9mRD85ojxTws/l0x1jI/+ciDkgZuS
RjGyFAA819SXpgp2dDNFoB5Z4TvGfki0UY4HlzrYgUpMn9V4WNn5JWwaJGQ+x5Cw
rHuC8K188aV0BZCdkAgc3bvrNr+MoKPwUN0zwxltSScbhoUtDjhMlRr/v28kePQj
6trXSti4OStUOxed87zL8iwWaScgwosGNw==
-----END CERTIFICATE-----

2023-08-04 02:34:53,823 [Time-limited test] INFO  client.SCMCertificateClient (SCMCertificateClient.java:getCSRBuilder(158)) - Creating csr for SCM->hostName:fv-az621-180,scmId:a60eca65-1e62-4079-b811-e273e248ab0f,clusterId:dbb083c0-e6ed-47a3-917f-c03203b0c16e,subject:scm-sub-1540721091390@fv-az621-180
2023-08-04 02:34:53,824 [Time-limited test] INFO  ozone.OzoneSecurityUtil (OzoneSecurityUtil.java:getValidInetsForCurrentHost(119)) - ip:fe80:0:0:0:20d:3aff:fe7a:a89f%eth0 not returned.
2023-08-04 02:34:53,824 [Time-limited test] INFO  ozone.OzoneSecurityUtil (OzoneSecurityUtil.java:getValidInetsForCurrentHost(116)) - Adding ip:10.1.0.9,host:fv-az621-180
2023-08-04 02:34:53,824 [Time-limited test] INFO  ozone.OzoneSecurityUtil (OzoneSecurityUtil.java:getValidInetsForCurrentHost(119)) - ip:0:0:0:0:0:0:0:1%lo not returned.
2023-08-04 02:34:53,824 [Time-limited test] INFO  ozone.OzoneSecurityUtil (OzoneSecurityUtil.java:getValidInetsForCurrentHost(119)) - ip:127.0.0.1 not returned.
2023-08-04 02:34:53,824 [Time-limited test] ERROR utils.CertificateSignRequest (CertificateSignRequest.java:lambda$addInetAddresses$0(295)) - Invalid domain fv-az621-180
2023-08-04 02:34:53,824 [Time-limited test] INFO  ha.HASecurityUtils (HASecurityUtils.java:generateCSR(308)) - Creating csr for SCM->hostName:fv-az621-180,scmId:a60eca65-1e62-4079-b811-e273e248ab0f,clusterId:dbb083c0-e6ed-47a3-917f-c03203b0c16e,subject:scm-sub-1540721690299@fv-az621-180
2023-08-04 02:34:53,827 [Time-limited test] INFO  authority.DefaultApprover (DefaultApprover.java:sign(154)) - Extensions in CSR: 2.5.29.19, 2.5.29.15, 2.5.29.17
2023-08-04 02:34:53,827 [Time-limited test] INFO  authority.DefaultApprover (DefaultApprover.java:sign(158)) - Extensions to add to the certificate if they present in CSR: 2.5.29.17, 2.5.29.19, 1.3.6.1.5.5.7.1.12, 2.5.29.35, 2.5.29.37, 2.5.29.15
2023-08-04 02:34:53,830 [Time-limited test] INFO  utils.CertificateCodec (CertificateCodec.java:writeCertificate(299)) - Save certificate to /tmp/junit1913281204334529295/junit5460535906606554251/scm-meta/scm/sub-ca/certs/CA-1.crt
2023-08-04 02:34:53,831 [Time-limited test] INFO  utils.CertificateCodec (CertificateCodec.java:writeCertificate(300)) - Certificate -----BEGIN CERTIFICATE-----
MIIDpTCCAo2gAwIBAgIBATANBgkqhkiG9w0BAQsFADB7MRswGQYDVQQDDBJzY20t
MUBmdi1hejYyMS0xODAxLTArBgNVBAsMJGE2MGVjYTY1LTFlNjItNDA3OS1iODEx
LWUyNzNlMjQ4YWIwZjEtMCsGA1UECgwkZGJiMDgzYzAtZTZlZC00N2EzLTkxN2Yt
YzAzMjAzYjBjMTZlMB4XDTIzMDgwNDAyMzQ1M1oXDTI4MDkxMTAyMzQ1M1owezEb
MBkGA1UEAwwSc2NtLTFAZnYtYXo2MjEtMTgwMS0wKwYDVQQLDCRhNjBlY2E2NS0x
ZTYyLTQwNzktYjgxMS1lMjczZTI0OGFiMGYxLTArBgNVBAoMJGRiYjA4M2MwLWU2
ZWQtNDdhMy05MTdmLWMwMzIwM2IwYzE2ZTCCASIwDQYJKoZIhvcNAQEBBQADggEP
ADCCAQoCggEBAI40oGWangaVyUkujV3Rg38lyPpMETVJyC4Pq7DwkGhfaVcwndH4
2IpyEvxi/OU7GjIird0rLo+DycLiNdyv0dkHdClMmp7i5qh9qqh0FyeMrLrqCxcK
6EauqJNXx56s+d8CKOpkvvncINwFC3gbw1i4Z715vvkEQtj8ps55rG8IjnihWBXU
sqHvbvUSdoCfkCpFEFiHNA/eQOWelW3orhUShrafZ4KYDdwaz2Ww1/BvCGmQwO22
w0wCbw6tfdnHjPUhx4DI3H4Q8MhMVPhXnFIN65UYc6XC7jYcqF74E302MTU5vjVV
iY8ejC3Vewz/0OMSazmUAhwz5raOrfK2x0UCAwEAAaM0MDIwDwYDVR0TAQH/BAUw
AwEB/zAOBgNVHQ8BAf8EBAMCAQYwDwYDVR0RBAgwBocECgEACTANBgkqhkiG9w0B
AQsFAAOCAQEAHHEeTFePuI/Rnly48y3GMB1gl0TtxtefCi4uzzbDzwWeL/FtNRJB
euF+MOevYKYwaol3/zMms5HAMXG3uCxLwQQhmMnvyD3hhtWOhS9JKzVMfUCUEWn0
m4d5Ub6bJwernmxI9S9pJ3vXzbUv/C++xYf9mRD85ojxTws/l0x1jI/+ciDkgZuS
RjGyFAA819SXpgp2dDNFoB5Z4TvGfki0UY4HlzrYgUpMn9V4WNn5JWwaJGQ+x5Cw
rHuC8K188aV0BZCdkAgc3bvrNr+MoKPwUN0zwxltSScbhoUtDjhMlRr/v28kePQj
6trXSti4OStUOxed87zL8iwWaScgwosGNw==
-----END CERTIFICATE-----

2023-08-04 02:34:53,831 [Time-limited test] INFO  utils.CertificateCodec (CertificateCodec.java:writeCertificate(299)) - Save certificate to /tmp/junit1913281204334529295/junit5460535906606554251/scm-meta/scm/sub-ca/certs/1540724755648.crt
2023-08-04 02:34:53,831 [Time-limited test] INFO  utils.CertificateCodec (CertificateCodec.java:writeCertificate(300)) - Certificate -----BEGIN CERTIFICATE-----
MIIDuzCCAqOgAwIBAgIGAWa6WgzAMA0GCSqGSIb3DQEBCwUAMHsxGzAZBgNVBAMM
EnNjbS0xQGZ2LWF6NjIxLTE4MDEtMCsGA1UECwwkYTYwZWNhNjUtMWU2Mi00MDc5
LWI4MTEtZTI3M2UyNDhhYjBmMS0wKwYDVQQKDCRkYmIwODNjMC1lNmVkLTQ3YTMt
OTE3Zi1jMDMyMDNiMGMxNmUwHhcNMjMwODA0MDIzNDUzWhcNMjgwOTExMDIzNDUz
WjCBizErMCkGA1UEAwwic2NtLXN1Yi0xNTQwNzIxNjkwMjk5QGZ2LWF6NjIxLTE4
MDEtMCsGA1UECwwkYTYwZWNhNjUtMWU2Mi00MDc5LWI4MTEtZTI3M2UyNDhhYjBm
MS0wKwYDVQQKDCRkYmIwODNjMC1lNmVkLTQ3YTMtOTE3Zi1jMDMyMDNiMGMxNmUw
ggEiMA0GCSqGSIb3DQEBAQUAA4IBDwAwggEKAoIBAQDrUNR+UPGdTSf9O8t4ijNk
9D6Th/cttg9LLYqN2GRGucLVnZqfyIZQwjKCSsyBpXL09HMK92DN7s3qBds9HSVs
13UWr8yhXoDelAuM0quz1SupnMHAdLQJVkdhwpFVKepWFv8Fpf2Jing2HT0Myp3U
qk0hqAvQ3ENm1BybCFXEfRoQa8npv/3Pgo9GEpMEpQgt9XD6YB3QkmIBBYOfaStS
SpIY5B8C8V7PyhJz5LQi6PdF1HSCwnlfAFUGF7I4ZiWKFcJE9hqqPVYxLKnqfQAN
/X++ujFT8p3vlVS3UsEAcN9Kqq/xLM7igWveUmd7h/4Cq3A/FqlQ5GA4Mvr6hAuL
AgMBAAGjNDAyMA8GA1UdEQQIMAaHBAoBAAkwDwYDVR0TAQH/BAUwAwEB/zAOBgNV
HQ8BAf8EBAMCAb4wDQYJKoZIhvcNAQELBQADggEBABkit0LmDy+dsYlQMH5Ns7bb
+u4/UTe89v5ze5c2NUoXAUt55L4uF+IN4U7zK+TNXFiwC8jTwo1SNj3WOYTA0Xgs
IPlkRSDvjT2fjkUuM2OKdt15ucTWbGCzW2RAdLbgnZBHbL5hbLd9KoTnRgO7T/m0
VORF7riazCH3ItrWZWDeFNJfMCix6o4MN3t1y2r50RWAD50yEs85z3uby8NG/B8p
hY8QYCN7Oe+VvrjQrVuLwthh77ffdf93oIPOWwEkhC7bqRUEq3bl5Vd9ejcLLZtb
LBr3Sy+TsqkO19qctAd8b/r2mog2q14cGUkS37YB5dtDRFx7SjboJvcv2QfpP1c=
-----END CERTIFICATE-----

-----BEGIN CERTIFICATE-----
MIIDpTCCAo2gAwIBAgIBATANBgkqhkiG9w0BAQsFADB7MRswGQYDVQQDDBJzY20t
MUBmdi1hejYyMS0xODAxLTArBgNVBAsMJGE2MGVjYTY1LTFlNjItNDA3OS1iODEx
LWUyNzNlMjQ4YWIwZjEtMCsGA1UECgwkZGJiMDgzYzAtZTZlZC00N2EzLTkxN2Yt
YzAzMjAzYjBjMTZlMB4XDTIzMDgwNDAyMzQ1M1oXDTI4MDkxMTAyMzQ1M1owezEb
MBkGA1UEAwwSc2NtLTFAZnYtYXo2MjEtMTgwMS0wKwYDVQQLDCRhNjBlY2E2NS0x
ZTYyLTQwNzktYjgxMS1lMjczZTI0OGFiMGYxLTArBgNVBAoMJGRiYjA4M2MwLWU2
ZWQtNDdhMy05MTdmLWMwMzIwM2IwYzE2ZTCCASIwDQYJKoZIhvcNAQEBBQADggEP
ADCCAQoCggEBAI40oGWangaVyUkujV3Rg38lyPpMETVJyC4Pq7DwkGhfaVcwndH4
2IpyEvxi/OU7GjIird0rLo+DycLiNdyv0dkHdClMmp7i5qh9qqh0FyeMrLrqCxcK
6EauqJNXx56s+d8CKOpkvvncINwFC3gbw1i4Z715vvkEQtj8ps55rG8IjnihWBXU
sqHvbvUSdoCfkCpFEFiHNA/eQOWelW3orhUShrafZ4KYDdwaz2Ww1/BvCGmQwO22
w0wCbw6tfdnHjPUhx4DI3H4Q8MhMVPhXnFIN65UYc6XC7jYcqF74E302MTU5vjVV
iY8ejC3Vewz/0OMSazmUAhwz5raOrfK2x0UCAwEAAaM0MDIwDwYDVR0TAQH/BAUw
AwEB/zAOBgNVHQ8BAf8EBAMCAQYwDwYDVR0RBAgwBocECgEACTANBgkqhkiG9w0B
AQsFAAOCAQEAHHEeTFePuI/Rnly48y3GMB1gl0TtxtefCi4uzzbDzwWeL/FtNRJB
euF+MOevYKYwaol3/zMms5HAMXG3uCxLwQQhmMnvyD3hhtWOhS9JKzVMfUCUEWn0
m4d5Ub6bJwernmxI9S9pJ3vXzbUv/C++xYf9mRD85ojxTws/l0x1jI/+ciDkgZuS
RjGyFAA819SXpgp2dDNFoB5Z4TvGfki0UY4HlzrYgUpMn9V4WNn5JWwaJGQ+x5Cw
rHuC8K188aV0BZCdkAgc3bvrNr+MoKPwUN0zwxltSScbhoUtDjhMlRr/v28kePQj
6trXSti4OStUOxed87zL8iwWaScgwosGNw==
-----END CERTIFICATE-----

2023-08-04 02:34:53,831 [Time-limited test] INFO  utils.CertificateCodec (CertificateCodec.java:writeCertificate(299)) - Save certificate to /tmp/junit1913281204334529295/junit5460535906606554251/scm-meta/scm/sub-ca/certs/certificate.crt
2023-08-04 02:34:53,831 [Time-limited test] INFO  utils.CertificateCodec (CertificateCodec.java:writeCertificate(300)) - Certificate -----BEGIN CERTIFICATE-----
MIIDuzCCAqOgAwIBAgIGAWa6WgzAMA0GCSqGSIb3DQEBCwUAMHsxGzAZBgNVBAMM
EnNjbS0xQGZ2LWF6NjIxLTE4MDEtMCsGA1UECwwkYTYwZWNhNjUtMWU2Mi00MDc5
LWI4MTEtZTI3M2UyNDhhYjBmMS0wKwYDVQQKDCRkYmIwODNjMC1lNmVkLTQ3YTMt
OTE3Zi1jMDMyMDNiMGMxNmUwHhcNMjMwODA0MDIzNDUzWhcNMjgwOTExMDIzNDUz
WjCBizErMCkGA1UEAwwic2NtLXN1Yi0xNTQwNzIxNjkwMjk5QGZ2LWF6NjIxLTE4
MDEtMCsGA1UECwwkYTYwZWNhNjUtMWU2Mi00MDc5LWI4MTEtZTI3M2UyNDhhYjBm
MS0wKwYDVQQKDCRkYmIwODNjMC1lNmVkLTQ3YTMtOTE3Zi1jMDMyMDNiMGMxNmUw
ggEiMA0GCSqGSIb3DQEBAQUAA4IBDwAwggEKAoIBAQDrUNR+UPGdTSf9O8t4ijNk
9D6Th/cttg9LLYqN2GRGucLVnZqfyIZQwjKCSsyBpXL09HMK92DN7s3qBds9HSVs
13UWr8yhXoDelAuM0quz1SupnMHAdLQJVkdhwpFVKepWFv8Fpf2Jing2HT0Myp3U
qk0hqAvQ3ENm1BybCFXEfRoQa8npv/3Pgo9GEpMEpQgt9XD6YB3QkmIBBYOfaStS
SpIY5B8C8V7PyhJz5LQi6PdF1HSCwnlfAFUGF7I4ZiWKFcJE9hqqPVYxLKnqfQAN
/X++ujFT8p3vlVS3UsEAcN9Kqq/xLM7igWveUmd7h/4Cq3A/FqlQ5GA4Mvr6hAuL
AgMBAAGjNDAyMA8GA1UdEQQIMAaHBAoBAAkwDwYDVR0TAQH/BAUwAwEB/zAOBgNV
HQ8BAf8EBAMCAb4wDQYJKoZIhvcNAQELBQADggEBABkit0LmDy+dsYlQMH5Ns7bb
+u4/UTe89v5ze5c2NUoXAUt55L4uF+IN4U7zK+TNXFiwC8jTwo1SNj3WOYTA0Xgs
IPlkRSDvjT2fjkUuM2OKdt15ucTWbGCzW2RAdLbgnZBHbL5hbLd9KoTnRgO7T/m0
VORF7riazCH3ItrWZWDeFNJfMCix6o4MN3t1y2r50RWAD50yEs85z3uby8NG/B8p
hY8QYCN7Oe+VvrjQrVuLwthh77ffdf93oIPOWwEkhC7bqRUEq3bl5Vd9ejcLLZtb
LBr3Sy+TsqkO19qctAd8b/r2mog2q14cGUkS37YB5dtDRFx7SjboJvcv2QfpP1c=
-----END CERTIFICATE-----

-----BEGIN CERTIFICATE-----
MIIDpTCCAo2gAwIBAgIBATANBgkqhkiG9w0BAQsFADB7MRswGQYDVQQDDBJzY20t
MUBmdi1hejYyMS0xODAxLTArBgNVBAsMJGE2MGVjYTY1LTFlNjItNDA3OS1iODEx
LWUyNzNlMjQ4YWIwZjEtMCsGA1UECgwkZGJiMDgzYzAtZTZlZC00N2EzLTkxN2Yt
YzAzMjAzYjBjMTZlMB4XDTIzMDgwNDAyMzQ1M1oXDTI4MDkxMTAyMzQ1M1owezEb
MBkGA1UEAwwSc2NtLTFAZnYtYXo2MjEtMTgwMS0wKwYDVQQLDCRhNjBlY2E2NS0x
ZTYyLTQwNzktYjgxMS1lMjczZTI0OGFiMGYxLTArBgNVBAoMJGRiYjA4M2MwLWU2
ZWQtNDdhMy05MTdmLWMwMzIwM2IwYzE2ZTCCASIwDQYJKoZIhvcNAQEBBQADggEP
ADCCAQoCggEBAI40oGWangaVyUkujV3Rg38lyPpMETVJyC4Pq7DwkGhfaVcwndH4
2IpyEvxi/OU7GjIird0rLo+DycLiNdyv0dkHdClMmp7i5qh9qqh0FyeMrLrqCxcK
6EauqJNXx56s+d8CKOpkvvncINwFC3gbw1i4Z715vvkEQtj8ps55rG8IjnihWBXU
sqHvbvUSdoCfkCpFEFiHNA/eQOWelW3orhUShrafZ4KYDdwaz2Ww1/BvCGmQwO22
w0wCbw6tfdnHjPUhx4DI3H4Q8MhMVPhXnFIN65UYc6XC7jYcqF74E302MTU5vjVV
iY8ejC3Vewz/0OMSazmUAhwz5raOrfK2x0UCAwEAAaM0MDIwDwYDVR0TAQH/BAUw
AwEB/zAOBgNVHQ8BAf8EBAMCAQYwDwYDVR0RBAgwBocECgEACTANBgkqhkiG9w0B
AQsFAAOCAQEAHHEeTFePuI/Rnly48y3GMB1gl0TtxtefCi4uzzbDzwWeL/FtNRJB
euF+MOevYKYwaol3/zMms5HAMXG3uCxLwQQhmMnvyD3hhtWOhS9JKzVMfUCUEWn0
m4d5Ub6bJwernmxI9S9pJ3vXzbUv/C++xYf9mRD85ojxTws/l0x1jI/+ciDkgZuS
RjGyFAA819SXpgp2dDNFoB5Z4TvGfki0UY4HlzrYgUpMn9V4WNn5JWwaJGQ+x5Cw
rHuC8K188aV0BZCdkAgc3bvrNr+MoKPwUN0zwxltSScbhoUtDjhMlRr/v28kePQj
6trXSti4OStUOxed87zL8iwWaScgwosGNw==
-----END CERTIFICATE-----

2023-08-04 02:34:53,832 [Time-limited test] INFO  ha.HASecurityUtils (HASecurityUtils.java:initializeSecurity(121)) - Successfully stored SCM signed certificate.
2023-08-04 02:34:53,834 [Time-limited test] WARN  server.ServerUtils (ServerUtils.java:getScmDbDir(155)) - ozone.scm.db.dirs is not configured. We recommend adding this setting. Falling back to ozone.metadata.dirs instead.
2023-08-04 02:34:53,834 [Time-limited test] INFO  ha.SCMHANodeDetails (SCMHANodeDetails.java:loadSCMHAConfig(210)) - ServiceID for StorageContainerManager is null
2023-08-04 02:34:53,835 [Time-limited test] INFO  ha.SCMHANodeDetails (SCMHANodeDetails.java:loadSCMHAConfig(215)) - ozone.scm.default.service.id is not defined, falling back to ozone.scm.service.ids to find serviceID for StorageContainerManager if it is HA enabled cluster
2023-08-04 02:34:53,836 [Time-limited test] WARN  server.ServerUtils (ServerUtils.java:getScmDbDir(155)) - ozone.scm.db.dirs is not configured. We recommend adding this setting. Falling back to ozone.metadata.dirs instead.
2023-08-04 02:34:53,836 [Time-limited test] INFO  ha.SCMHANodeDetails (SCMHANodeDetails.java:loadSCMHAConfig(210)) - ServiceID for StorageContainerManager is null
2023-08-04 02:34:53,836 [Time-limited test] INFO  ha.SCMHANodeDetails (SCMHANodeDetails.java:loadSCMHAConfig(215)) - ozone.scm.default.service.id is not defined, falling back to ozone.scm.service.ids to find serviceID for StorageContainerManager if it is HA enabled cluster
2023-08-04 02:34:53,837 [Time-limited test] WARN  server.ServerUtils (ServerUtils.java:getScmDbDir(155)) - ozone.scm.db.dirs is not configured. We recommend adding this setting. Falling back to ozone.metadata.dirs instead.
2023-08-04 02:34:53,838 [Time-limited test] INFO  ha.SCMHANodeDetails (SCMHANodeDetails.java:loadSCMHAConfig(210)) - ServiceID for StorageContainerManager is null
2023-08-04 02:34:53,838 [Time-limited test] INFO  ha.SCMHANodeDetails (SCMHANodeDetails.java:loadSCMHAConfig(215)) - ozone.scm.default.service.id is not defined, falling back to ozone.scm.service.ids to find serviceID for StorageContainerManager if it is HA enabled cluster
2023-08-04 02:34:53,838 [Time-limited test] WARN  server.ServerUtils (ServerUtils.java:getScmDbDir(155)) - ozone.scm.db.dirs is not configured. We recommend adding this setting. Falling back to ozone.metadata.dirs instead.
2023-08-04 02:34:53,838 [Time-limited test] INFO  ha.SCMHANodeDetails (SCMHANodeDetails.java:loadSCMHAConfig(210)) - ServiceID for StorageContainerManager is null
2023-08-04 02:34:53,838 [Time-limited test] INFO  ha.SCMHANodeDetails (SCMHANodeDetails.java:loadSCMHAConfig(215)) - ozone.scm.default.service.id is not defined, falling back to ozone.scm.service.ids to find serviceID for StorageContainerManager if it is HA enabled cluster
2023-08-04 02:34:53,839 [Time-limited test] INFO  impl.DefaultInternalKdcServerImpl (DefaultInternalKdcServerImpl.java:doStop(102)) - Default Internal kdc server stopped.
2023-08-04 02:34:54,839 [Time-limited test] INFO  minikdc.MiniKdc (MiniKdc.java:stop(359)) - MiniKdc stopped.
]]></system-out>
  </testcase>
  <testcase name="testAdminAccessControlException" classname="org.apache.hadoop.ozone.TestSecureOzoneCluster" time="4.948">
    <system-out><![CDATA[2023-08-04 02:34:54,859 [Time-limited test] INFO  net.ServerSocketUtil (ServerSocketUtil.java:getPort(55)) - Using port 9860
2023-08-04 02:34:54,859 [Time-limited test] INFO  net.ServerSocketUtil (ServerSocketUtil.java:getPort(55)) - Using port 9861
2023-08-04 02:34:54,859 [Time-limited test] INFO  net.ServerSocketUtil (ServerSocketUtil.java:getPort(55)) - Using port 9863
2023-08-04 02:34:54,859 [Time-limited test] INFO  net.ServerSocketUtil (ServerSocketUtil.java:getPort(55)) - Using port 9961
2023-08-04 02:34:54,859 [Time-limited test] INFO  net.ServerSocketUtil (ServerSocketUtil.java:getPort(55)) - Using port 1200
2023-08-04 02:34:54,859 [Time-limited test] INFO  net.ServerSocketUtil (ServerSocketUtil.java:getPort(55)) - Using port 1201
2023-08-04 02:34:54,860 [Time-limited test] INFO  minikdc.MiniKdc (MiniKdc.java:<init>(225)) - Configuration:
2023-08-04 02:34:54,860 [Time-limited test] INFO  minikdc.MiniKdc (MiniKdc.java:<init>(226)) - ---------------------------------------------------------------
2023-08-04 02:34:54,860 [Time-limited test] INFO  minikdc.MiniKdc (MiniKdc.java:<init>(228)) -   debug: false
2023-08-04 02:34:54,860 [Time-limited test] INFO  minikdc.MiniKdc (MiniKdc.java:<init>(228)) -   transport: TCP
2023-08-04 02:34:54,860 [Time-limited test] INFO  minikdc.MiniKdc (MiniKdc.java:<init>(228)) -   max.ticket.lifetime: 86400000
2023-08-04 02:34:54,860 [Time-limited test] INFO  minikdc.MiniKdc (MiniKdc.java:<init>(228)) -   org.name: EXAMPLE
2023-08-04 02:34:54,861 [Time-limited test] INFO  minikdc.MiniKdc (MiniKdc.java:<init>(228)) -   kdc.port: 0
2023-08-04 02:34:54,861 [Time-limited test] INFO  minikdc.MiniKdc (MiniKdc.java:<init>(228)) -   org.domain: COM
2023-08-04 02:34:54,861 [Time-limited test] INFO  minikdc.MiniKdc (MiniKdc.java:<init>(228)) -   max.renewable.lifetime: 604800000
2023-08-04 02:34:54,861 [Time-limited test] INFO  minikdc.MiniKdc (MiniKdc.java:<init>(228)) -   instance: DefaultKrbServer
2023-08-04 02:34:54,861 [Time-limited test] INFO  minikdc.MiniKdc (MiniKdc.java:<init>(228)) -   kdc.bind.address: localhost
2023-08-04 02:34:54,861 [Time-limited test] INFO  minikdc.MiniKdc (MiniKdc.java:<init>(230)) - ---------------------------------------------------------------
2023-08-04 02:34:54,862 [Time-limited test] INFO  minikdc.MiniKdc (MiniKdc.java:start(285)) - MiniKdc started.
2023-08-04 02:34:55,205 [Time-limited test] INFO  om.OzoneManager (OzoneManager.java:getOmDetailsProto(4555)) - OzoneManager ports added:[name: "RPC"
value: 1202
]
2023-08-04 02:34:55,205 [Time-limited test] WARN  server.ServerUtils (ServerUtils.java:getScmDbDir(155)) - ozone.scm.db.dirs is not configured. We recommend adding this setting. Falling back to ozone.metadata.dirs instead.
2023-08-04 02:34:55,206 [Time-limited test] INFO  ha.HASecurityUtils (HASecurityUtils.java:initializeSecurity(98)) - Initializing secure StorageContainerManager.
2023-08-04 02:34:55,207 [Time-limited test] INFO  client.SCMCertificateClient (DefaultCertificateClient.java:updateCertSerialId(1226)) - Certificate serial ID set to null
2023-08-04 02:34:55,207 [Time-limited test] ERROR client.SCMCertificateClient (DefaultCertificateClient.java:getCertPath(361)) - Default certificate serial id is not set. Can't locate the default certificate for this client.
2023-08-04 02:34:55,207 [Time-limited test] INFO  client.SCMCertificateClient (DefaultCertificateClient.java:init(707)) - Certificate client init case: 0
2023-08-04 02:34:55,207 [Time-limited test] INFO  client.SCMCertificateClient (SCMCertificateClient.java:handleCase(96)) - Creating keypair for client as keypair and certificate not found.
2023-08-04 02:34:55,313 [Time-limited test] INFO  ha.HASecurityUtils (HASecurityUtils.java:initializeSecurity(108)) - Init response: GETCERT
2023-08-04 02:34:55,625 [Time-limited test] INFO  ozone.OzoneSecurityUtil (OzoneSecurityUtil.java:getValidInetsForCurrentHost(119)) - ip:fe80:0:0:0:20d:3aff:fe7a:a89f%eth0 not returned.
2023-08-04 02:34:55,625 [Time-limited test] INFO  ozone.OzoneSecurityUtil (OzoneSecurityUtil.java:getValidInetsForCurrentHost(116)) - Adding ip:10.1.0.9,host:fv-az621-180
2023-08-04 02:34:55,625 [Time-limited test] INFO  ozone.OzoneSecurityUtil (OzoneSecurityUtil.java:getValidInetsForCurrentHost(119)) - ip:0:0:0:0:0:0:0:1%lo not returned.
2023-08-04 02:34:55,625 [Time-limited test] INFO  ozone.OzoneSecurityUtil (OzoneSecurityUtil.java:getValidInetsForCurrentHost(119)) - ip:127.0.0.1 not returned.
2023-08-04 02:34:55,625 [Time-limited test] ERROR utils.SelfSignedCertificate (SelfSignedCertificate.java:lambda$addInetAddresses$0(244)) - Invalid domain fv-az621-180
2023-08-04 02:34:55,628 [Time-limited test] INFO  utils.SelfSignedCertificate (SelfSignedCertificate.java:generateCertificate(157)) - Certificate 1 is issued by CN=scm-1@fv-az621-180,OU=8f2a4de5-8090-4e47-a326-508093e027b2,O=8e053886-815e-414e-8ff4-f4ff3f5d3ea8 to CN=scm-1@fv-az621-180,OU=8f2a4de5-8090-4e47-a326-508093e027b2,O=8e053886-815e-414e-8ff4-f4ff3f5d3ea8, valid from Fri Aug 04 02:34:55 UTC 2023 to Mon Sep 11 02:34:55 UTC 2028
2023-08-04 02:34:55,628 [Time-limited test] INFO  utils.CertificateCodec (CertificateCodec.java:writeCertificate(299)) - Save certificate to /tmp/junit2000433739784697759/junit2927492621753053233/scm-meta/scm/ca/certs/certificate.crt
2023-08-04 02:34:55,629 [Time-limited test] INFO  utils.CertificateCodec (CertificateCodec.java:writeCertificate(300)) - Certificate -----BEGIN CERTIFICATE-----
MIIDpTCCAo2gAwIBAgIBATANBgkqhkiG9w0BAQsFADB7MRswGQYDVQQDDBJzY20t
MUBmdi1hejYyMS0xODAxLTArBgNVBAsMJDhmMmE0ZGU1LTgwOTAtNGU0Ny1hMzI2
LTUwODA5M2UwMjdiMjEtMCsGA1UECgwkOGUwNTM4ODYtODE1ZS00MTRlLThmZjQt
ZjRmZjNmNWQzZWE4MB4XDTIzMDgwNDAyMzQ1NVoXDTI4MDkxMTAyMzQ1NVowezEb
MBkGA1UEAwwSc2NtLTFAZnYtYXo2MjEtMTgwMS0wKwYDVQQLDCQ4ZjJhNGRlNS04
MDkwLTRlNDctYTMyNi01MDgwOTNlMDI3YjIxLTArBgNVBAoMJDhlMDUzODg2LTgx
NWUtNDE0ZS04ZmY0LWY0ZmYzZjVkM2VhODCCASIwDQYJKoZIhvcNAQEBBQADggEP
ADCCAQoCggEBALkchKl2XFFMlf5Ws0PFWl/DJyoyylG2eU7AzG5OcRMweOcB4ovR
v2wQ2lM91d4w8K7UIbUgvlPw7x3zMveSqCXgC6Mi7chSM7LmlOOCfy0qGHRG4poR
z4cu0wBtsnpQCqBZFxh8lYC3J+ocLviZpnMSLWSf2vMmddg/SO6axE+gkPWU1v5L
Q9cq8+DnYSn0RyGt0yTf8CtB0Pd5pFGyQw6sm0QY+TL0CwJocN99lrBpzFBLn3qR
KbXv1gJrj9zBMt8KrCoyeAsJ74EjwhmQYHZ0bKEN7A9jSoRLFaguTV6LPVOZWgbP
BdOw4KREpXSWMn0Kw3vx8zcwlOxVl/BDlO8CAwEAAaM0MDIwDwYDVR0TAQH/BAUw
AwEB/zAOBgNVHQ8BAf8EBAMCAQYwDwYDVR0RBAgwBocECgEACTANBgkqhkiG9w0B
AQsFAAOCAQEAX4SyzCSnkGBcGCgeH/b7XttsKQw1AWofJM1JIS6bRt4+5tdSzeUM
VqFOYM9iSiCeYqFfyGSuIpr9np7RzQMsIpm3Qbi6NxjU6dxeev8cYZE+CZpLjbbg
xR5tR9ysTXPVsXlf58NQ8frLbbw38PShBFDTwkBAacZ6fAS6kK8nZcd3if8x4JiD
SpIRj1Rzd67r11CYyMdRvJ5WZhzFATMjTmwx08MRUdNGDHPRF+BWgVAIJ9TIEnLo
8WKtunC1QD9E9REf84FOsPT+Ch4bhjiZgMUCYbbCXlYX2x1JcC5/dHApEZpNwhv+
ew4XK9HlQMgmfOFWiC1o3+hy6P3xgZNa+g==
-----END CERTIFICATE-----

2023-08-04 02:34:55,629 [Time-limited test] INFO  client.SCMCertificateClient (SCMCertificateClient.java:getCSRBuilder(158)) - Creating csr for SCM->hostName:fv-az621-180,scmId:8f2a4de5-8090-4e47-a326-508093e027b2,clusterId:8e053886-815e-414e-8ff4-f4ff3f5d3ea8,subject:scm-sub-1542526778759@fv-az621-180
2023-08-04 02:34:55,629 [Time-limited test] INFO  ozone.OzoneSecurityUtil (OzoneSecurityUtil.java:getValidInetsForCurrentHost(119)) - ip:fe80:0:0:0:20d:3aff:fe7a:a89f%eth0 not returned.
2023-08-04 02:34:55,629 [Time-limited test] INFO  ozone.OzoneSecurityUtil (OzoneSecurityUtil.java:getValidInetsForCurrentHost(116)) - Adding ip:10.1.0.9,host:fv-az621-180
2023-08-04 02:34:55,629 [Time-limited test] INFO  ozone.OzoneSecurityUtil (OzoneSecurityUtil.java:getValidInetsForCurrentHost(119)) - ip:0:0:0:0:0:0:0:1%lo not returned.
2023-08-04 02:34:55,629 [Time-limited test] INFO  ozone.OzoneSecurityUtil (OzoneSecurityUtil.java:getValidInetsForCurrentHost(119)) - ip:127.0.0.1 not returned.
2023-08-04 02:34:55,630 [Time-limited test] ERROR utils.CertificateSignRequest (CertificateSignRequest.java:lambda$addInetAddresses$0(295)) - Invalid domain fv-az621-180
2023-08-04 02:34:55,630 [Time-limited test] INFO  ha.HASecurityUtils (HASecurityUtils.java:generateCSR(308)) - Creating csr for SCM->hostName:fv-az621-180,scmId:8f2a4de5-8090-4e47-a326-508093e027b2,clusterId:8e053886-815e-414e-8ff4-f4ff3f5d3ea8,subject:scm-sub-1542527374667@fv-az621-180
2023-08-04 02:34:55,633 [Time-limited test] INFO  authority.DefaultApprover (DefaultApprover.java:sign(154)) - Extensions in CSR: 2.5.29.19, 2.5.29.15, 2.5.29.17
2023-08-04 02:34:55,633 [Time-limited test] INFO  authority.DefaultApprover (DefaultApprover.java:sign(158)) - Extensions to add to the certificate if they present in CSR: 2.5.29.17, 2.5.29.19, 1.3.6.1.5.5.7.1.12, 2.5.29.35, 2.5.29.37, 2.5.29.15
2023-08-04 02:34:55,636 [Time-limited test] INFO  utils.CertificateCodec (CertificateCodec.java:writeCertificate(299)) - Save certificate to /tmp/junit2000433739784697759/junit2927492621753053233/scm-meta/scm/sub-ca/certs/CA-1.crt
2023-08-04 02:34:55,636 [Time-limited test] INFO  utils.CertificateCodec (CertificateCodec.java:writeCertificate(300)) - Certificate -----BEGIN CERTIFICATE-----
MIIDpTCCAo2gAwIBAgIBATANBgkqhkiG9w0BAQsFADB7MRswGQYDVQQDDBJzY20t
MUBmdi1hejYyMS0xODAxLTArBgNVBAsMJDhmMmE0ZGU1LTgwOTAtNGU0Ny1hMzI2
LTUwODA5M2UwMjdiMjEtMCsGA1UECgwkOGUwNTM4ODYtODE1ZS00MTRlLThmZjQt
ZjRmZjNmNWQzZWE4MB4XDTIzMDgwNDAyMzQ1NVoXDTI4MDkxMTAyMzQ1NVowezEb
MBkGA1UEAwwSc2NtLTFAZnYtYXo2MjEtMTgwMS0wKwYDVQQLDCQ4ZjJhNGRlNS04
MDkwLTRlNDctYTMyNi01MDgwOTNlMDI3YjIxLTArBgNVBAoMJDhlMDUzODg2LTgx
NWUtNDE0ZS04ZmY0LWY0ZmYzZjVkM2VhODCCASIwDQYJKoZIhvcNAQEBBQADggEP
ADCCAQoCggEBALkchKl2XFFMlf5Ws0PFWl/DJyoyylG2eU7AzG5OcRMweOcB4ovR
v2wQ2lM91d4w8K7UIbUgvlPw7x3zMveSqCXgC6Mi7chSM7LmlOOCfy0qGHRG4poR
z4cu0wBtsnpQCqBZFxh8lYC3J+ocLviZpnMSLWSf2vMmddg/SO6axE+gkPWU1v5L
Q9cq8+DnYSn0RyGt0yTf8CtB0Pd5pFGyQw6sm0QY+TL0CwJocN99lrBpzFBLn3qR
KbXv1gJrj9zBMt8KrCoyeAsJ74EjwhmQYHZ0bKEN7A9jSoRLFaguTV6LPVOZWgbP
BdOw4KREpXSWMn0Kw3vx8zcwlOxVl/BDlO8CAwEAAaM0MDIwDwYDVR0TAQH/BAUw
AwEB/zAOBgNVHQ8BAf8EBAMCAQYwDwYDVR0RBAgwBocECgEACTANBgkqhkiG9w0B
AQsFAAOCAQEAX4SyzCSnkGBcGCgeH/b7XttsKQw1AWofJM1JIS6bRt4+5tdSzeUM
VqFOYM9iSiCeYqFfyGSuIpr9np7RzQMsIpm3Qbi6NxjU6dxeev8cYZE+CZpLjbbg
xR5tR9ysTXPVsXlf58NQ8frLbbw38PShBFDTwkBAacZ6fAS6kK8nZcd3if8x4JiD
SpIRj1Rzd67r11CYyMdRvJ5WZhzFATMjTmwx08MRUdNGDHPRF+BWgVAIJ9TIEnLo
8WKtunC1QD9E9REf84FOsPT+Ch4bhjiZgMUCYbbCXlYX2x1JcC5/dHApEZpNwhv+
ew4XK9HlQMgmfOFWiC1o3+hy6P3xgZNa+g==
-----END CERTIFICATE-----

2023-08-04 02:34:55,636 [Time-limited test] INFO  utils.CertificateCodec (CertificateCodec.java:writeCertificate(299)) - Save certificate to /tmp/junit2000433739784697759/junit2927492621753053233/scm-meta/scm/sub-ca/certs/1542530448710.crt
2023-08-04 02:34:55,636 [Time-limited test] INFO  utils.CertificateCodec (CertificateCodec.java:writeCertificate(300)) - Certificate -----BEGIN CERTIFICATE-----
MIIDuzCCAqOgAwIBAgIGAWcl+r1GMA0GCSqGSIb3DQEBCwUAMHsxGzAZBgNVBAMM
EnNjbS0xQGZ2LWF6NjIxLTE4MDEtMCsGA1UECwwkOGYyYTRkZTUtODA5MC00ZTQ3
LWEzMjYtNTA4MDkzZTAyN2IyMS0wKwYDVQQKDCQ4ZTA1Mzg4Ni04MTVlLTQxNGUt
OGZmNC1mNGZmM2Y1ZDNlYTgwHhcNMjMwODA0MDIzNDU1WhcNMjgwOTExMDIzNDU1
WjCBizErMCkGA1UEAwwic2NtLXN1Yi0xNTQyNTI3Mzc0NjY3QGZ2LWF6NjIxLTE4
MDEtMCsGA1UECwwkOGYyYTRkZTUtODA5MC00ZTQ3LWEzMjYtNTA4MDkzZTAyN2Iy
MS0wKwYDVQQKDCQ4ZTA1Mzg4Ni04MTVlLTQxNGUtOGZmNC1mNGZmM2Y1ZDNlYTgw
ggEiMA0GCSqGSIb3DQEBAQUAA4IBDwAwggEKAoIBAQCt1n3hLWvZioO7y6hUXPkI
XSW+KK4F61TIQkmCJ6dNCZFGJfxy+pnpSKE3GxhqG7Cld1PJlCF633g825FFcIcB
0zansXK+SzyXBewnx6b9E5bk5qD4WgXiloQdaLFf44aCOkf73I4qmNGlPXqgMCEL
r+9YcHRj6+xqiDUTiPyjI3e4y61YEWMa37xXWFrz5nhk0G7AvLiNZzEs9WWjcdQY
Pe3jtY+bfpMs6xFDaxP3hrpDvLZ1fZYKuNOv+BAgobl1DzLsnJMgSwbxDln0AEEc
BhFLcFAORkEHur7rmR/rOOdHb5jDUrjSFdeDblLNGspImEMEyTuTjTf7+3GFpZrr
AgMBAAGjNDAyMA8GA1UdEQQIMAaHBAoBAAkwDwYDVR0TAQH/BAUwAwEB/zAOBgNV
HQ8BAf8EBAMCAb4wDQYJKoZIhvcNAQELBQADggEBAH5e2zdsM0oHfAK2wgETUEVu
cuO+jcjN4/6+xHZoNHD68ezXCUBSJzuflI2Qa6a3a0mD2RUcAJtPwOLjaJPX9GbM
tvROpVYgKZDMR8EvzROJkxKbprbEL7q94zGWx+7yVtSxPVQLuXVUeq8LPG1PoX2m
+mstI306A2q7eWy20wiWy2Br55tKZknU1+1v9u635j+k2BzW5iqm/wzhQzg/Uucn
jwjrS2rtlIhxtAkfo0gyoNyNRBB8i5hGwQ4Uov6vtufMqBys7N8TgjIshAjGjwKh
kBVhD8iKRB1XypOEVnXNTGCRRKCSrohi8+AxcCGcCn+O/jUat2uIk1Chw1IwtCs=
-----END CERTIFICATE-----

-----BEGIN CERTIFICATE-----
MIIDpTCCAo2gAwIBAgIBATANBgkqhkiG9w0BAQsFADB7MRswGQYDVQQDDBJzY20t
MUBmdi1hejYyMS0xODAxLTArBgNVBAsMJDhmMmE0ZGU1LTgwOTAtNGU0Ny1hMzI2
LTUwODA5M2UwMjdiMjEtMCsGA1UECgwkOGUwNTM4ODYtODE1ZS00MTRlLThmZjQt
ZjRmZjNmNWQzZWE4MB4XDTIzMDgwNDAyMzQ1NVoXDTI4MDkxMTAyMzQ1NVowezEb
MBkGA1UEAwwSc2NtLTFAZnYtYXo2MjEtMTgwMS0wKwYDVQQLDCQ4ZjJhNGRlNS04
MDkwLTRlNDctYTMyNi01MDgwOTNlMDI3YjIxLTArBgNVBAoMJDhlMDUzODg2LTgx
NWUtNDE0ZS04ZmY0LWY0ZmYzZjVkM2VhODCCASIwDQYJKoZIhvcNAQEBBQADggEP
ADCCAQoCggEBALkchKl2XFFMlf5Ws0PFWl/DJyoyylG2eU7AzG5OcRMweOcB4ovR
v2wQ2lM91d4w8K7UIbUgvlPw7x3zMveSqCXgC6Mi7chSM7LmlOOCfy0qGHRG4poR
z4cu0wBtsnpQCqBZFxh8lYC3J+ocLviZpnMSLWSf2vMmddg/SO6axE+gkPWU1v5L
Q9cq8+DnYSn0RyGt0yTf8CtB0Pd5pFGyQw6sm0QY+TL0CwJocN99lrBpzFBLn3qR
KbXv1gJrj9zBMt8KrCoyeAsJ74EjwhmQYHZ0bKEN7A9jSoRLFaguTV6LPVOZWgbP
BdOw4KREpXSWMn0Kw3vx8zcwlOxVl/BDlO8CAwEAAaM0MDIwDwYDVR0TAQH/BAUw
AwEB/zAOBgNVHQ8BAf8EBAMCAQYwDwYDVR0RBAgwBocECgEACTANBgkqhkiG9w0B
AQsFAAOCAQEAX4SyzCSnkGBcGCgeH/b7XttsKQw1AWofJM1JIS6bRt4+5tdSzeUM
VqFOYM9iSiCeYqFfyGSuIpr9np7RzQMsIpm3Qbi6NxjU6dxeev8cYZE+CZpLjbbg
xR5tR9ysTXPVsXlf58NQ8frLbbw38PShBFDTwkBAacZ6fAS6kK8nZcd3if8x4JiD
SpIRj1Rzd67r11CYyMdRvJ5WZhzFATMjTmwx08MRUdNGDHPRF+BWgVAIJ9TIEnLo
8WKtunC1QD9E9REf84FOsPT+Ch4bhjiZgMUCYbbCXlYX2x1JcC5/dHApEZpNwhv+
ew4XK9HlQMgmfOFWiC1o3+hy6P3xgZNa+g==
-----END CERTIFICATE-----

2023-08-04 02:34:55,637 [Time-limited test] INFO  utils.CertificateCodec (CertificateCodec.java:writeCertificate(299)) - Save certificate to /tmp/junit2000433739784697759/junit2927492621753053233/scm-meta/scm/sub-ca/certs/certificate.crt
2023-08-04 02:34:55,637 [Time-limited test] INFO  utils.CertificateCodec (CertificateCodec.java:writeCertificate(300)) - Certificate -----BEGIN CERTIFICATE-----
MIIDuzCCAqOgAwIBAgIGAWcl+r1GMA0GCSqGSIb3DQEBCwUAMHsxGzAZBgNVBAMM
EnNjbS0xQGZ2LWF6NjIxLTE4MDEtMCsGA1UECwwkOGYyYTRkZTUtODA5MC00ZTQ3
LWEzMjYtNTA4MDkzZTAyN2IyMS0wKwYDVQQKDCQ4ZTA1Mzg4Ni04MTVlLTQxNGUt
OGZmNC1mNGZmM2Y1ZDNlYTgwHhcNMjMwODA0MDIzNDU1WhcNMjgwOTExMDIzNDU1
WjCBizErMCkGA1UEAwwic2NtLXN1Yi0xNTQyNTI3Mzc0NjY3QGZ2LWF6NjIxLTE4
MDEtMCsGA1UECwwkOGYyYTRkZTUtODA5MC00ZTQ3LWEzMjYtNTA4MDkzZTAyN2Iy
MS0wKwYDVQQKDCQ4ZTA1Mzg4Ni04MTVlLTQxNGUtOGZmNC1mNGZmM2Y1ZDNlYTgw
ggEiMA0GCSqGSIb3DQEBAQUAA4IBDwAwggEKAoIBAQCt1n3hLWvZioO7y6hUXPkI
XSW+KK4F61TIQkmCJ6dNCZFGJfxy+pnpSKE3GxhqG7Cld1PJlCF633g825FFcIcB
0zansXK+SzyXBewnx6b9E5bk5qD4WgXiloQdaLFf44aCOkf73I4qmNGlPXqgMCEL
r+9YcHRj6+xqiDUTiPyjI3e4y61YEWMa37xXWFrz5nhk0G7AvLiNZzEs9WWjcdQY
Pe3jtY+bfpMs6xFDaxP3hrpDvLZ1fZYKuNOv+BAgobl1DzLsnJMgSwbxDln0AEEc
BhFLcFAORkEHur7rmR/rOOdHb5jDUrjSFdeDblLNGspImEMEyTuTjTf7+3GFpZrr
AgMBAAGjNDAyMA8GA1UdEQQIMAaHBAoBAAkwDwYDVR0TAQH/BAUwAwEB/zAOBgNV
HQ8BAf8EBAMCAb4wDQYJKoZIhvcNAQELBQADggEBAH5e2zdsM0oHfAK2wgETUEVu
cuO+jcjN4/6+xHZoNHD68ezXCUBSJzuflI2Qa6a3a0mD2RUcAJtPwOLjaJPX9GbM
tvROpVYgKZDMR8EvzROJkxKbprbEL7q94zGWx+7yVtSxPVQLuXVUeq8LPG1PoX2m
+mstI306A2q7eWy20wiWy2Br55tKZknU1+1v9u635j+k2BzW5iqm/wzhQzg/Uucn
jwjrS2rtlIhxtAkfo0gyoNyNRBB8i5hGwQ4Uov6vtufMqBys7N8TgjIshAjGjwKh
kBVhD8iKRB1XypOEVnXNTGCRRKCSrohi8+AxcCGcCn+O/jUat2uIk1Chw1IwtCs=
-----END CERTIFICATE-----

-----BEGIN CERTIFICATE-----
MIIDpTCCAo2gAwIBAgIBATANBgkqhkiG9w0BAQsFADB7MRswGQYDVQQDDBJzY20t
MUBmdi1hejYyMS0xODAxLTArBgNVBAsMJDhmMmE0ZGU1LTgwOTAtNGU0Ny1hMzI2
LTUwODA5M2UwMjdiMjEtMCsGA1UECgwkOGUwNTM4ODYtODE1ZS00MTRlLThmZjQt
ZjRmZjNmNWQzZWE4MB4XDTIzMDgwNDAyMzQ1NVoXDTI4MDkxMTAyMzQ1NVowezEb
MBkGA1UEAwwSc2NtLTFAZnYtYXo2MjEtMTgwMS0wKwYDVQQLDCQ4ZjJhNGRlNS04
MDkwLTRlNDctYTMyNi01MDgwOTNlMDI3YjIxLTArBgNVBAoMJDhlMDUzODg2LTgx
NWUtNDE0ZS04ZmY0LWY0ZmYzZjVkM2VhODCCASIwDQYJKoZIhvcNAQEBBQADggEP
ADCCAQoCggEBALkchKl2XFFMlf5Ws0PFWl/DJyoyylG2eU7AzG5OcRMweOcB4ovR
v2wQ2lM91d4w8K7UIbUgvlPw7x3zMveSqCXgC6Mi7chSM7LmlOOCfy0qGHRG4poR
z4cu0wBtsnpQCqBZFxh8lYC3J+ocLviZpnMSLWSf2vMmddg/SO6axE+gkPWU1v5L
Q9cq8+DnYSn0RyGt0yTf8CtB0Pd5pFGyQw6sm0QY+TL0CwJocN99lrBpzFBLn3qR
KbXv1gJrj9zBMt8KrCoyeAsJ74EjwhmQYHZ0bKEN7A9jSoRLFaguTV6LPVOZWgbP
BdOw4KREpXSWMn0Kw3vx8zcwlOxVl/BDlO8CAwEAAaM0MDIwDwYDVR0TAQH/BAUw
AwEB/zAOBgNVHQ8BAf8EBAMCAQYwDwYDVR0RBAgwBocECgEACTANBgkqhkiG9w0B
AQsFAAOCAQEAX4SyzCSnkGBcGCgeH/b7XttsKQw1AWofJM1JIS6bRt4+5tdSzeUM
VqFOYM9iSiCeYqFfyGSuIpr9np7RzQMsIpm3Qbi6NxjU6dxeev8cYZE+CZpLjbbg
xR5tR9ysTXPVsXlf58NQ8frLbbw38PShBFDTwkBAacZ6fAS6kK8nZcd3if8x4JiD
SpIRj1Rzd67r11CYyMdRvJ5WZhzFATMjTmwx08MRUdNGDHPRF+BWgVAIJ9TIEnLo
8WKtunC1QD9E9REf84FOsPT+Ch4bhjiZgMUCYbbCXlYX2x1JcC5/dHApEZpNwhv+
ew4XK9HlQMgmfOFWiC1o3+hy6P3xgZNa+g==
-----END CERTIFICATE-----

2023-08-04 02:34:55,637 [Time-limited test] INFO  ha.HASecurityUtils (HASecurityUtils.java:initializeSecurity(121)) - Successfully stored SCM signed certificate.
2023-08-04 02:34:55,643 [Time-limited test] WARN  server.ServerUtils (ServerUtils.java:getScmDbDir(155)) - ozone.scm.db.dirs is not configured. We recommend adding this setting. Falling back to ozone.metadata.dirs instead.
2023-08-04 02:34:55,643 [Time-limited test] INFO  ha.SCMHANodeDetails (SCMHANodeDetails.java:loadSCMHAConfig(210)) - ServiceID for StorageContainerManager is null
2023-08-04 02:34:55,643 [Time-limited test] INFO  ha.SCMHANodeDetails (SCMHANodeDetails.java:loadSCMHAConfig(215)) - ozone.scm.default.service.id is not defined, falling back to ozone.scm.service.ids to find serviceID for StorageContainerManager if it is HA enabled cluster
2023-08-04 02:34:55,647 [pool-548-thread-1] INFO  request.KdcRequest (KdcRequest.java:preauth(651)) - The preauth data is empty.
2023-08-04 02:34:55,647 [pool-548-thread-1] INFO  server.KdcHandler (KdcHandler.java:handleRecoverableException(177)) - KRB error occurred while processing request:Additional pre-authentication required
2023-08-04 02:34:55,651 [pool-548-thread-2] INFO  request.AsRequest (AsRequest.java:issueTicket(112)) - AS_REQ ISSUE: authtime 1691116495650,scm/fv-az621-180@EXAMPLE.COM for krbtgt/EXAMPLE.COM@EXAMPLE.COM
2023-08-04 02:34:55,652 [Time-limited test] INFO  security.UserGroupInformation (UserGroupInformation.java:loginUserFromKeytab(1132)) - Login successful for user scm/fv-az621-180@EXAMPLE.COM using keytab file scm.keytab. Keytab auto renewal enabled : false
2023-08-04 02:34:55,652 [Time-limited test] INFO  server.StorageContainerManager (StorageContainerManager.java:loginAsSCMUserIfSecurityEnabled(1050)) - SCM login successful.
2023-08-04 02:34:55,653 [Time-limited test] INFO  client.SCMCertificateClient (DefaultCertificateClient.java:updateCertSerialId(1226)) - Certificate serial ID set to 1542530448710
2023-08-04 02:34:55,654 [Time-limited test] INFO  client.SCMCertificateClient (DefaultCertificateClient.java:readCertificateFile(236)) - Added certificate   [0]         Version: 3
         SerialNumber: 1542530448710
             IssuerDN: CN=scm-1@fv-az621-180,OU=8f2a4de5-8090-4e47-a326-508093e027b2,O=8e053886-815e-414e-8ff4-f4ff3f5d3ea8
           Start Date: Fri Aug 04 02:34:55 UTC 2023
           Final Date: Mon Sep 11 02:34:55 UTC 2028
            SubjectDN: CN=scm-sub-1542527374667@fv-az621-180,OU=8f2a4de5-8090-4e47-a326-508093e027b2,O=8e053886-815e-414e-8ff4-f4ff3f5d3ea8
           Public Key: RSA Public Key [1b:77:ce:c6:34:d0:3f:22:1d:cd:23:08:94:b8:94:a1:6f:3c:6c:8d],[56:66:d1:a4]
        modulus: add67de12d6bd98a83bbcba8545cf9085d25be28ae05eb54c842498227a74d09914625fc72fa99e948a1371b186a1bb0a57753c994217adf783cdb9145708701d336a7b172be4b3c9705ec27c7a6fd1396e4e6a0f85a05e296841d68b15fe386823a47fbdc8e2a98d1a53d7aa030210bafef58707463ebec6a88351388fca32377b8cbad5811631adfbc57585af3e67864d06ec0bcb88d67312cf565a371d4183dede3b58f9b7e932ceb11436b13f786ba43bcb6757d960ab8d3aff81020a1b9750f32ec9c93204b06f10e59f400411c06114b70500e464107babeeb991feb38e7476f98c352b8d215d7836e52cd1aca48984304c93b938d37fbfb7185a59aeb
public exponent: 10001

  Signature Algorithm: SHA256WITHRSA
            Signature: 7e5edb376c334a077c02b6c2011350456e72e3be
                       8dc8cde3febec476683470faf1ecd7094052273b
                       9f948d906ba6b76b4983d9151c009b4fc0e2e368
                       93d7f466ccb6f44ea556202990cc47c12fcd1389
                       93129ba6b6c42fbabde33196c7eef256d4b13d54
                       0bb975547aaf0b3c6d4fa17da6fa6b2d237d3a03
                       6abb796cb6d30896cb606be79b4a6649d4d7ed6f
                       f6eeb7e63fa4d81cd6e62aa6ff0ce143383f52e7
                       278f08eb4b6aed948871b4091fa34832a0dc8d44
                       107c8b9846c10e14a2feafb6e7cca81cacecdf13
                       82322c8408c68f02a19015610fc88a441d57ca93
                       845675cd4c609144a092ae8862f3e03170219c0a
                       7f8efe351ab76b889350a1c35230b42b
       Extensions: 
                       critical(false) 2.5.29.17 value = Sequence
    Tagged [7] IMPLICIT 
        DER Octet String[4] 

                       critical(true) BasicConstraints: isCa(true)
                       critical(true) KeyUsage: 0xbe
 from file: /tmp/junit2000433739784697759/junit2927492621753053233/scm-meta/scm/sub-ca/certs/1542530448710.crt.
2023-08-04 02:34:55,655 [Time-limited test] INFO  client.SCMCertificateClient (DefaultCertificateClient.java:readCertificateFile(236)) - Added certificate   [0]         Version: 3
         SerialNumber: 1
             IssuerDN: CN=scm-1@fv-az621-180,OU=8f2a4de5-8090-4e47-a326-508093e027b2,O=8e053886-815e-414e-8ff4-f4ff3f5d3ea8
           Start Date: Fri Aug 04 02:34:55 UTC 2023
           Final Date: Mon Sep 11 02:34:55 UTC 2028
            SubjectDN: CN=scm-1@fv-az621-180,OU=8f2a4de5-8090-4e47-a326-508093e027b2,O=8e053886-815e-414e-8ff4-f4ff3f5d3ea8
           Public Key: RSA Public Key [60:39:91:fe:87:f5:bb:12:0b:fd:21:c7:62:2f:dc:a4:57:d8:99:75],[56:66:d1:a4]
        modulus: b91c84a9765c514c95fe56b343c55a5fc3272a32ca51b6794ec0cc6e4e71133078e701e28bd1bf6c10da533dd5de30f0aed421b520be53f0ef1df332f792a825e00ba322edc85233b2e694e3827f2d2a187446e29a11cf872ed3006db27a500aa05917187c9580b727ea1c2ef899a673122d649fdaf32675d83f48ee9ac44fa090f594d6fe4b43d72af3e0e76129f44721add324dff02b41d0f779a451b2430eac9b4418f932f40b026870df7d96b069cc504b9f7a9129b5efd6026b8fdcc132df0aac2a32780b09ef8123c219906076746ca10dec0f634a844b15a82e4d5e8b3d53995a06cf05d3b0e0a444a57496327d0ac37bf1f3373094ec5597f04394ef
public exponent: 10001

  Signature Algorithm: SHA256WITHRSA
            Signature: 5f84b2cc24a790605c18281e1ff6fb5edb6c290c
                       35016a1f24cd49212e9b46de3ee6d752cde50c56
                       a14e60cf624a209e62a15fc864ae229afd9e9ed1
                       cd032c2299b741b8ba3718d4e9dc5e7aff1c6191
                       3e099a4b8db6e0c51e6d47dcac4d73d5b1795fe7
                       c350f1facb6dbc37f0f4a10450d3c2404069c67a
                       7c04ba90af2765c77789ff31e098834a92118f54
                       7377aeebd75098c8c751bc9e56661cc50133234e
                       6c31d3c31151d3460c73d117e05681500827d4c8
                       1272e8f162adba70b5403f44f5111ff3814eb0f4
                       fe0a1e1b86389980c50261b6c25e5617db1d4970
                       2e7f747029119a4dc21bfe7b0e172bd1e540c826
                       7ce156882d68dfe872e8fdf181935afa
       Extensions: 
                       critical(true) BasicConstraints: isCa(true)
                       critical(true) KeyUsage: 0x6
                       critical(false) 2.5.29.17 value = Sequence
    Tagged [7] IMPLICIT 
        DER Octet String[4] 

 from file: /tmp/junit2000433739784697759/junit2927492621753053233/scm-meta/scm/sub-ca/certs/CA-1.crt.
2023-08-04 02:34:55,656 [Time-limited test] INFO  client.SCMCertificateClient (DefaultCertificateClient.java:readCertificateFile(236)) - Added certificate   [0]         Version: 3
         SerialNumber: 1542530448710
             IssuerDN: CN=scm-1@fv-az621-180,OU=8f2a4de5-8090-4e47-a326-508093e027b2,O=8e053886-815e-414e-8ff4-f4ff3f5d3ea8
           Start Date: Fri Aug 04 02:34:55 UTC 2023
           Final Date: Mon Sep 11 02:34:55 UTC 2028
            SubjectDN: CN=scm-sub-1542527374667@fv-az621-180,OU=8f2a4de5-8090-4e47-a326-508093e027b2,O=8e053886-815e-414e-8ff4-f4ff3f5d3ea8
           Public Key: RSA Public Key [1b:77:ce:c6:34:d0:3f:22:1d:cd:23:08:94:b8:94:a1:6f:3c:6c:8d],[56:66:d1:a4]
        modulus: add67de12d6bd98a83bbcba8545cf9085d25be28ae05eb54c842498227a74d09914625fc72fa99e948a1371b186a1bb0a57753c994217adf783cdb9145708701d336a7b172be4b3c9705ec27c7a6fd1396e4e6a0f85a05e296841d68b15fe386823a47fbdc8e2a98d1a53d7aa030210bafef58707463ebec6a88351388fca32377b8cbad5811631adfbc57585af3e67864d06ec0bcb88d67312cf565a371d4183dede3b58f9b7e932ceb11436b13f786ba43bcb6757d960ab8d3aff81020a1b9750f32ec9c93204b06f10e59f400411c06114b70500e464107babeeb991feb38e7476f98c352b8d215d7836e52cd1aca48984304c93b938d37fbfb7185a59aeb
public exponent: 10001

  Signature Algorithm: SHA256WITHRSA
            Signature: 7e5edb376c334a077c02b6c2011350456e72e3be
                       8dc8cde3febec476683470faf1ecd7094052273b
                       9f948d906ba6b76b4983d9151c009b4fc0e2e368
                       93d7f466ccb6f44ea556202990cc47c12fcd1389
                       93129ba6b6c42fbabde33196c7eef256d4b13d54
                       0bb975547aaf0b3c6d4fa17da6fa6b2d237d3a03
                       6abb796cb6d30896cb606be79b4a6649d4d7ed6f
                       f6eeb7e63fa4d81cd6e62aa6ff0ce143383f52e7
                       278f08eb4b6aed948871b4091fa34832a0dc8d44
                       107c8b9846c10e14a2feafb6e7cca81cacecdf13
                       82322c8408c68f02a19015610fc88a441d57ca93
                       845675cd4c609144a092ae8862f3e03170219c0a
                       7f8efe351ab76b889350a1c35230b42b
       Extensions: 
                       critical(false) 2.5.29.17 value = Sequence
    Tagged [7] IMPLICIT 
        DER Octet String[4] 

                       critical(true) BasicConstraints: isCa(true)
                       critical(true) KeyUsage: 0xbe
 from file: /tmp/junit2000433739784697759/junit2927492621753053233/scm-meta/scm/sub-ca/certs/certificate.crt.
2023-08-04 02:34:55,656 [Time-limited test] INFO  client.SCMCertificateClient (DefaultCertificateClient.java:loadAllCertificates(190)) - CertificateRenewerService and root ca rotation polling is disabled for scm/sub-ca
2023-08-04 02:34:55,656 [Time-limited test] WARN  utils.HAUtils (HAUtils.java:getMetaDir(339)) - ozone.scm.db.dirs is not configured. We recommend adding this setting. Falling back to ozone.metadata.dirs instead.
2023-08-04 02:34:55,657 [Time-limited test] WARN  db.DBStoreBuilder (DBStoreBuilder.java:applyDBDefinition(166)) - ozone.scm.db.dirs is not configured. We recommend adding this setting. Falling back to ozone.metadata.dirs instead.
2023-08-04 02:34:55,752 [Time-limited test] INFO  net.NodeSchemaLoader (NodeSchemaLoader.java:loadSchemaFromFile(129)) - Loading schema from [jar:file:/home/runner/.m2/repository/org/apache/ozone/hdds-common/1.4.0-SNAPSHOT/hdds-common-1.4.0-SNAPSHOT.jar!/network-topology-default.xml]
2023-08-04 02:34:55,753 [Time-limited test] INFO  net.NodeSchemaLoader (NodeSchemaLoader.java:loadSchema(176)) - Loading network topology layer schema file
2023-08-04 02:34:55,755 [Time-limited test] INFO  upgrade.AbstractLayoutVersionManager (AbstractLayoutVersionManager.java:init(83)) - Initializing Layout version manager with metadata layout = HADOOP_PRC_PORTS_IN_DATANODEDETAILS (version = 7), software layout = HADOOP_PRC_PORTS_IN_DATANODEDETAILS (version = 7)
2023-08-04 02:34:55,756 [Time-limited test] INFO  ha.SequenceIdGenerator (SequenceIdGenerator.java:upgradeToSequenceId(365)) - upgrade localId to 111677748019200000
2023-08-04 02:34:55,757 [Time-limited test] INFO  ha.SequenceIdGenerator (SequenceIdGenerator.java:upgradeToSequenceId(375)) - upgrade delTxnId to 0
2023-08-04 02:34:55,757 [Time-limited test] INFO  ha.SequenceIdGenerator (SequenceIdGenerator.java:upgradeToSequenceId(392)) - upgrade containerId to 0
2023-08-04 02:34:55,758 [Time-limited test] INFO  ha.SequenceIdGenerator (SequenceIdGenerator.java:upgradeToSequenceId(428)) - upgrade rootCertificateId to 1
2023-08-04 02:34:55,758 [Time-limited test] INFO  ha.SequenceIdGenerator (SequenceIdGenerator.java:<init>(236)) - Init the HA SequenceIdGenerator.
2023-08-04 02:34:55,758 [Time-limited test] INFO  node.SCMNodeManager (SCMNodeManager.java:<init>(157)) - Entering startup safe mode.
2023-08-04 02:34:55,759 [Time-limited test] INFO  algorithms.ContainerPlacementPolicyFactory (ContainerPlacementPolicyFactory.java:getPolicyInternal(86)) - Create container placement policy of type org.apache.hadoop.hdds.scm.container.placement.algorithms.SCMContainerPlacementRackAware
2023-08-04 02:34:55,759 [Time-limited test] INFO  algorithms.ContainerPlacementPolicyFactory (ContainerPlacementPolicyFactory.java:getPolicyInternal(86)) - Create container placement policy of type org.apache.hadoop.hdds.scm.container.placement.algorithms.SCMContainerPlacementRackScatter
2023-08-04 02:34:55,759 [Time-limited test] INFO  pipeline.PipelineStateManagerImpl (PipelineStateManagerImpl.java:initialize(78)) - No pipeline exists in current db
2023-08-04 02:34:55,759 [Time-limited test] INFO  algorithms.LeaderChoosePolicyFactory (LeaderChoosePolicyFactory.java:getPolicy(57)) - Create leader choose policy of type org.apache.hadoop.hdds.scm.pipeline.leader.choose.algorithms.MinLeaderCountChoosePolicy
2023-08-04 02:34:55,759 [Time-limited test] INFO  algorithms.ContainerPlacementPolicyFactory (ContainerPlacementPolicyFactory.java:getPolicyInternal(86)) - Create container placement policy of type org.apache.hadoop.hdds.scm.container.placement.algorithms.SCMContainerPlacementRackScatter
2023-08-04 02:34:55,759 [Time-limited test] INFO  ha.SCMServiceManager (SCMServiceManager.java:register(42)) - Registering service BackgroundPipelineCreator.
2023-08-04 02:34:55,760 [Time-limited test] INFO  pipeline.BackgroundPipelineCreator (BackgroundPipelineCreator.java:start(124)) - Starting RatisPipelineUtilsThread.
2023-08-04 02:34:55,765 [Time-limited test] INFO  BackgroundPipelineScrubber (BackgroundSCMService.java:start(68)) - Starting BackgroundPipelineScrubber Service.
2023-08-04 02:34:55,769 [Time-limited test] INFO  ha.SCMServiceManager (SCMServiceManager.java:register(42)) - Registering service BackgroundPipelineScrubber.
2023-08-04 02:34:55,769 [Time-limited test] INFO  ExpiredContainerReplicaOpScrubber (BackgroundSCMService.java:start(68)) - Starting ExpiredContainerReplicaOpScrubber Service.
2023-08-04 02:34:55,769 [Time-limited test] INFO  ha.SCMServiceManager (SCMServiceManager.java:register(42)) - Registering service ExpiredContainerReplicaOpScrubber.
2023-08-04 02:34:55,770 [Time-limited test] INFO  algorithms.PipelineChoosePolicyFactory (PipelineChoosePolicyFactory.java:createPipelineChoosePolicyFromClass(78)) - Create pipeline choose policy of type org.apache.hadoop.hdds.scm.pipeline.choose.algorithms.RandomPipelineChoosePolicy
2023-08-04 02:34:55,770 [Time-limited test] INFO  algorithms.PipelineChoosePolicyFactory (PipelineChoosePolicyFactory.java:createPipelineChoosePolicyFromClass(78)) - Create pipeline choose policy of type org.apache.hadoop.hdds.scm.pipeline.choose.algorithms.RandomPipelineChoosePolicy
2023-08-04 02:34:55,770 [Time-limited test] WARN  util.MBeans (MBeans.java:register(111)) - Failed to register MBean "Hadoop:service=BlockManager,name=BlockManagerImpl-7"
javax.management.NotCompliantMBeanException: MBean class org.apache.hadoop.hdds.scm.block.BlockManagerImpl does not implement DynamicMBean, and neither follows the Standard MBean conventions (javax.management.NotCompliantMBeanException: Class org.apache.hadoop.hdds.scm.block.BlockManagerImpl is not a JMX compliant Standard MBean) nor the MXBean conventions (javax.management.NotCompliantMBeanException: org.apache.hadoop.hdds.scm.block.BlockManagerImpl: Class org.apache.hadoop.hdds.scm.block.BlockManagerImpl is not a JMX compliant MXBean)
	at com.sun.jmx.mbeanserver.Introspector.checkCompliance(Introspector.java:176)
	at com.sun.jmx.interceptor.DefaultMBeanServerInterceptor.registerMBean(DefaultMBeanServerInterceptor.java:317)
	at com.sun.jmx.mbeanserver.JmxMBeanServer.registerMBean(JmxMBeanServer.java:522)
	at org.apache.hadoop.metrics2.util.MBeans.register(MBeans.java:100)
	at org.apache.hadoop.metrics2.util.MBeans.register(MBeans.java:73)
	at org.apache.hadoop.hdds.scm.block.BlockManagerImpl.<init>(BlockManagerImpl.java:94)
	at org.apache.hadoop.hdds.scm.server.StorageContainerManager.initializeSystemManagers(StorageContainerManager.java:786)
	at org.apache.hadoop.hdds.scm.server.StorageContainerManager.<init>(StorageContainerManager.java:400)
	at org.apache.hadoop.hdds.scm.server.StorageContainerManager.createSCM(StorageContainerManager.java:597)
	at org.apache.hadoop.hdds.scm.HddsTestUtils.getScmSimple(HddsTestUtils.java:604)
	at org.apache.hadoop.hdds.scm.HddsTestUtils.getScmSimple(HddsTestUtils.java:589)
	at org.apache.hadoop.ozone.TestSecureOzoneCluster.testAdminAccessControlException(TestSecureOzoneCluster.java:418)
	at sun.reflect.NativeMethodAccessorImpl.invoke0(Native Method)
	at sun.reflect.NativeMethodAccessorImpl.invoke(NativeMethodAccessorImpl.java:62)
	at sun.reflect.DelegatingMethodAccessorImpl.invoke(DelegatingMethodAccessorImpl.java:43)
	at java.lang.reflect.Method.invoke(Method.java:498)
	at org.junit.runners.model.FrameworkMethod$1.runReflectiveCall(FrameworkMethod.java:59)
	at org.junit.internal.runners.model.ReflectiveCallable.run(ReflectiveCallable.java:12)
	at org.junit.runners.model.FrameworkMethod.invokeExplosively(FrameworkMethod.java:56)
	at org.junit.internal.runners.statements.InvokeMethod.evaluate(InvokeMethod.java:17)
	at org.junit.internal.runners.statements.RunBefores.evaluate(RunBefores.java:26)
	at org.junit.internal.runners.statements.RunAfters.evaluate(RunAfters.java:27)
	at org.junit.rules.ExternalResource$1.evaluate(ExternalResource.java:54)
	at org.junit.internal.runners.statements.FailOnTimeout$CallableStatement.call(FailOnTimeout.java:288)
	at org.junit.internal.runners.statements.FailOnTimeout$CallableStatement.call(FailOnTimeout.java:282)
	at java.util.concurrent.FutureTask.run(FutureTask.java:266)
	at java.lang.Thread.run(Thread.java:750)
2023-08-04 02:34:55,770 [Time-limited test] INFO  ha.SCMServiceManager (SCMServiceManager.java:register(42)) - Registering service SCMBlockDeletingService.
2023-08-04 02:34:55,772 [Time-limited test] INFO  replication.ReplicationManager (ReplicationManager.java:start(287)) - Starting Replication Monitor Thread.
2023-08-04 02:34:55,773 [Time-limited test] INFO  ha.SCMServiceManager (SCMServiceManager.java:register(42)) - Registering service ReplicationManager.
2023-08-04 02:34:55,829 [Time-limited test] INFO  safemode.ContainerSafeModeRule (ContainerSafeModeRule.java:<init>(89)) - containers with one replica threshold count 0
2023-08-04 02:34:55,829 [Time-limited test] INFO  safemode.HealthyPipelineSafeModeRule (HealthyPipelineSafeModeRule.java:initializeRule(169)) - Total pipeline count is 0, healthy pipeline threshold count is 0
2023-08-04 02:34:55,830 [Time-limited test] INFO  safemode.OneReplicaPipelineSafeModeRule (OneReplicaPipelineSafeModeRule.java:initializeRule(180)) - Total pipeline count is 0, pipeline's with at least one datanode reported threshold count is 0
2023-08-04 02:34:55,831 [Time-limited test] INFO  authority.DefaultCAServer (DefaultCAServer.java:lambda$processVerificationStatus$0(472)) - CertificateServer validation is successful
2023-08-04 02:34:55,831 [Time-limited test] INFO  authority.DefaultCAServer (DefaultCAServer.java:lambda$processVerificationStatus$0(472)) - CertificateServer validation is successful
2023-08-04 02:34:55,832 [ReplicationMonitor] INFO  replication.ReplicationManager (ReplicationManager.java:processAll(361)) - Replication Manager is not ready to run until 300000ms after safemode exit
2023-08-04 02:34:55,832 [Time-limited test] INFO  server.StorageContainerManager (StorageContainerManager.java:persistPrimarySCMCerts(931)) - Storing sub-ca certificate serialId 1542530448710 on primary SCM
2023-08-04 02:34:55,837 [Time-limited test] INFO  server.SCMCertStore (SCMCertStore.java:storeValidScmCertificate(121)) - Scm certificate 1542530448710 for CN=scm-sub-1542527374667@fv-az621-180,OU=8f2a4de5-8090-4e47-a326-508093e027b2,O=8e053886-815e-414e-8ff4-f4ff3f5d3ea8 is stored
2023-08-04 02:34:55,838 [Time-limited test] INFO  server.StorageContainerManager (StorageContainerManager.java:persistPrimarySCMCerts(939)) - Storing root certificate serialId 1
2023-08-04 02:34:55,838 [Time-limited test] INFO  server.SCMCertStore (SCMCertStore.java:storeValidScmCertificate(121)) - Scm certificate 1 for CN=scm-1@fv-az621-180,OU=8f2a4de5-8090-4e47-a326-508093e027b2,O=8e053886-815e-414e-8ff4-f4ff3f5d3ea8 is stored
2023-08-04 02:34:55,839 [Time-limited test] INFO  ipc.CallQueueManager (CallQueueManager.java:<init>(90)) - Using callQueue: class java.util.concurrent.LinkedBlockingQueue, queueCapacity: 200, scheduler: class org.apache.hadoop.ipc.DefaultRpcScheduler, ipcBackoff: false.
2023-08-04 02:34:55,839 [Time-limited test] INFO  ipc.Server (Server.java:<init>(1287)) - Listener at 0.0.0.0:9961
2023-08-04 02:34:55,839 [Socket Reader #1 for port 9961] INFO  ipc.Server (Server.java:run(1323)) - Starting Socket Reader #1 for port 9961
2023-08-04 02:34:55,842 [Time-limited test] INFO  server.StorageContainerManager (StorageContainerManager.java:<init>(424)) - SCM start with adminUsers: [om/fv-az621-180@EXAMPLE.COM, scm]
2023-08-04 02:34:55,842 [Time-limited test] INFO  ipc.CallQueueManager (CallQueueManager.java:<init>(90)) - Using callQueue: class java.util.concurrent.LinkedBlockingQueue, queueCapacity: 10000, scheduler: class org.apache.hadoop.ipc.DefaultRpcScheduler, ipcBackoff: false.
2023-08-04 02:34:55,842 [Time-limited test] INFO  ipc.Server (Server.java:<init>(1287)) - Listener at 0.0.0.0:9861
2023-08-04 02:34:55,843 [Socket Reader #1 for port 9861] INFO  ipc.Server (Server.java:run(1323)) - Starting Socket Reader #1 for port 9861
2023-08-04 02:34:55,845 [Time-limited test] INFO  ipc.CallQueueManager (CallQueueManager.java:<init>(90)) - Using callQueue: class java.util.concurrent.LinkedBlockingQueue, queueCapacity: 10000, scheduler: class org.apache.hadoop.ipc.DefaultRpcScheduler, ipcBackoff: false.
2023-08-04 02:34:55,845 [Time-limited test] INFO  ipc.Server (Server.java:<init>(1287)) - Listener at 0.0.0.0:9863
2023-08-04 02:34:55,846 [Socket Reader #1 for port 9863] INFO  ipc.Server (Server.java:run(1323)) - Starting Socket Reader #1 for port 9863
2023-08-04 02:34:55,847 [Time-limited test] INFO  ipc.CallQueueManager (CallQueueManager.java:<init>(90)) - Using callQueue: class java.util.concurrent.LinkedBlockingQueue, queueCapacity: 10000, scheduler: class org.apache.hadoop.ipc.DefaultRpcScheduler, ipcBackoff: false.
2023-08-04 02:34:55,847 [Time-limited test] INFO  ipc.Server (Server.java:<init>(1287)) - Listener at 0.0.0.0:9860
2023-08-04 02:34:55,848 [Socket Reader #1 for port 9860] INFO  ipc.Server (Server.java:run(1323)) - Starting Socket Reader #1 for port 9860
2023-08-04 02:34:55,854 [Time-limited test] INFO  ha.SCMServiceManager (SCMServiceManager.java:register(42)) - Registering service ContainerBalancer.
2023-08-04 02:34:55,854 [Time-limited test] INFO  server.StorageContainerManager (StorageContainerManager.java:<init>(437)) - 
Container Balancer status:
Key                            Value
Running                        false
Container Balancer Configuration values:
Key                                                Value
Threshold                                          10
Max Datanodes to Involve per Iteration(percent)    20
Max Size to Move per Iteration                     500GB
Max Size Entering Target per Iteration             26GB
Max Size Leaving Source per Iteration              26GB

2023-08-04 02:34:55,854 [Time-limited test] INFO  ha.SCMContext (SCMContext.java:updateSafeModeStatus(228)) - Update SafeModeStatus from SafeModeStatus{safeModeStatus=true, preCheckPassed=false} to SafeModeStatus{safeModeStatus=true, preCheckPassed=false}.
2023-08-04 02:34:55,854 [Time-limited test] INFO  server.StorageContainerManager (StorageContainerManager.java:start(1491)) - StorageContainerLocationProtocol RPC server is listening at /0.0.0.0:9860
2023-08-04 02:34:55,854 [Time-limited test] INFO  impl.MetricsSystemImpl (MetricsSystemImpl.java:init(158)) - StorageContainerManager metrics system started (again)
2023-08-04 02:34:55,870 [Time-limited test] INFO  server.SCMClientProtocolServer (SCMClientProtocolServer.java:start(200)) - RPC server for Client  is listening at /0.0.0.0:9860
2023-08-04 02:34:55,870 [IPC Server Responder] INFO  ipc.Server (Server.java:run(1562)) - IPC Server Responder: starting
2023-08-04 02:34:55,878 [Time-limited test] INFO  server.StorageContainerManager (StorageContainerManager.java:start(1504)) - ScmBlockLocationProtocol RPC server is listening at /0.0.0.0:9863
2023-08-04 02:34:55,879 [Time-limited test] INFO  server.SCMBlockProtocolServer (SCMBlockProtocolServer.java:start(152)) - RPC server for Block Protocol is listening at /0.0.0.0:9863
2023-08-04 02:34:55,879 [IPC Server Responder] INFO  ipc.Server (Server.java:run(1562)) - IPC Server Responder: starting
2023-08-04 02:34:55,879 [IPC Server listener on 9863] INFO  ipc.Server (Server.java:run(1402)) - IPC Server listener on 9863: starting
2023-08-04 02:34:55,886 [Time-limited test] INFO  server.SCMDatanodeProtocolServer (SCMDatanodeProtocolServer.java:start(193)) - ScmDatanodeProtocol RPC server for DataNodes is listening at /0.0.0.0:9861
2023-08-04 02:34:55,886 [IPC Server Responder] INFO  ipc.Server (Server.java:run(1562)) - IPC Server Responder: starting
2023-08-04 02:34:55,886 [IPC Server listener on 9861] INFO  ipc.Server (Server.java:run(1402)) - IPC Server listener on 9861: starting
2023-08-04 02:34:55,897 [Time-limited test] INFO  server.SCMSecurityProtocolServer (SCMSecurityProtocolServer.java:start(544)) - Starting RPC server for SCMSecurityProtocolServer. is listening at /0.0.0.0:9961
2023-08-04 02:34:55,898 [IPC Server Responder] INFO  ipc.Server (Server.java:run(1562)) - IPC Server Responder: starting
2023-08-04 02:34:55,898 [IPC Server listener on 9961] INFO  ipc.Server (Server.java:run(1402)) - IPC Server listener on 9961: starting
2023-08-04 02:34:55,898 [Time-limited test] INFO  server.SCMUpdateServiceGrpcServer (SCMUpdateServiceGrpcServer.java:start(58)) - SCMUpdateService starting
2023-08-04 02:34:55,899 [IPC Server listener on 9860] INFO  ipc.Server (Server.java:run(1402)) - IPC Server listener on 9860: starting
2023-08-04 02:34:55,910 [Time-limited test] INFO  http.BaseHttpServer (BaseHttpServer.java:newHttpServer2BuilderForOzone(224)) - Starting Web-server for scm at: http://0.0.0.0:9876
2023-08-04 02:34:55,910 [Time-limited test] INFO  http.BaseHttpServer (BaseHttpServer.java:<init>(111)) - Hadoop Security Enabled: true Ozone Security Enabled: true Ozone HTTP Security Enabled: false 
2023-08-04 02:34:55,912 [Time-limited test] WARN  server.AuthenticationFilter (AuthenticationFilter.java:constructSecretProvider(240)) - Unable to initialize FileSignerSecretProvider, falling back to use random secrets. Reason: Could not read signature secret file: /home/runner/hadoop-http-auth-signature-secret
2023-08-04 02:34:55,913 [JvmPauseMonitor8] INFO  util.JvmPauseMonitor (JvmPauseMonitor.java:run(103)) - JvmPauseMonitor-8f2a4de5-8090-4e47-a326-508093e027b2: Started
2023-08-04 02:34:55,920 [Time-limited test] INFO  http.HttpRequestLog (HttpRequestLog.java:getRequestLog(86)) - Http request log for http.requests.scm is not defined
2023-08-04 02:34:55,922 [Time-limited test] INFO  http.HttpServer2 (HttpServer2.java:addGlobalFilter(1031)) - Added global filter 'safety' (class=org.apache.hadoop.hdds.server.http.HttpServer2$QuotingInputFilter)
2023-08-04 02:34:55,923 [Time-limited test] INFO  http.HttpServer2 (HttpServer2.java:addFilter(1007)) - Added filter static_user_filter (class=org.apache.hadoop.http.lib.StaticUserWebFilter$StaticUserFilter) to context scm
2023-08-04 02:34:55,923 [Time-limited test] INFO  http.HttpServer2 (HttpServer2.java:addFilter(1015)) - Added filter static_user_filter (class=org.apache.hadoop.http.lib.StaticUserWebFilter$StaticUserFilter) to context static
2023-08-04 02:34:55,923 [Time-limited test] INFO  http.HttpServer2 (HttpServer2.java:addFilter(1015)) - Added filter static_user_filter (class=org.apache.hadoop.http.lib.StaticUserWebFilter$StaticUserFilter) to context logs
2023-08-04 02:34:55,923 [Time-limited test] INFO  http.BaseHttpServer (BaseHttpServer.java:<init>(190)) - HTTP server of scm uses base directory /tmp/junit2000433739784697759/junit2927492621753053233/scm-meta/webserver
2023-08-04 02:34:55,924 [Time-limited test] INFO  http.HttpServer2 (HttpServer2.java:bindListener(1250)) - Jetty bound to port 9876
2023-08-04 02:34:55,924 [Time-limited test] INFO  server.Server (Server.java:doStart(375)) - jetty-9.4.51.v20230217; built: 2023-02-17T08:19:37.309Z; git: b45c405e4544384de066f814ed42ae3dceacdd49; jvm 1.8.0_372-b07
2023-08-04 02:34:55,925 [Time-limited test] INFO  server.session (DefaultSessionIdManager.java:doStart(334)) - DefaultSessionIdManager workerName=node0
2023-08-04 02:34:55,925 [Time-limited test] INFO  server.session (DefaultSessionIdManager.java:doStart(339)) - No SessionScavenger set, using defaults
2023-08-04 02:34:55,925 [Time-limited test] INFO  server.session (HouseKeeper.java:startScavenging(132)) - node0 Scavenging every 600000ms
2023-08-04 02:34:55,926 [Time-limited test] INFO  handler.ContextHandler (ContextHandler.java:doStart(921)) - Started o.e.j.s.ServletContextHandler@52a1a63{logs,/logs,file:///home/runner/work/ozone/ozone/hadoop-ozone/integration-test/target/log,AVAILABLE}
2023-08-04 02:34:55,926 [Time-limited test] INFO  handler.ContextHandler (ContextHandler.java:doStart(921)) - Started o.e.j.s.ServletContextHandler@78817150{static,/static,file:///home/runner/work/ozone/ozone/hadoop-ozone/integration-test/target/test-classes/webapps/static,AVAILABLE}
2023-08-04 02:34:55,929 [Time-limited test] INFO  handler.ContextHandler (ContextHandler.java:doStart(921)) - Started o.e.j.w.WebAppContext@78b68524{scm,/,file:///home/runner/work/ozone/ozone/hadoop-ozone/integration-test/target/test-classes/webapps/scm/,AVAILABLE}{file:/home/runner/work/ozone/ozone/hadoop-ozone/integration-test/target/test-classes/webapps/scm}
2023-08-04 02:34:55,930 [Time-limited test] INFO  server.AbstractConnector (AbstractConnector.java:doStart(333)) - Started ServerConnector@47f77059{HTTP/1.1, (http/1.1)}{0.0.0.0:9876}
2023-08-04 02:34:55,930 [Time-limited test] INFO  server.Server (Server.java:doStart(415)) - Started @137108ms
2023-08-04 02:34:55,930 [Time-limited test] WARN  impl.MetricsSystemImpl (MetricsSystemImpl.java:register(279)) - Sink prometheus already exists!
2023-08-04 02:34:55,931 [Time-limited test] INFO  http.BaseHttpServer (BaseHttpServer.java:updateConnectorAddress(344)) - HTTP server of scm listening at http://0.0.0.0:9876
2023-08-04 02:34:55,933 [pool-548-thread-2] INFO  request.KdcRequest (KdcRequest.java:preauth(651)) - The preauth data is empty.
2023-08-04 02:34:55,933 [pool-548-thread-2] INFO  server.KdcHandler (KdcHandler.java:handleRecoverableException(177)) - KRB error occurred while processing request:Additional pre-authentication required
2023-08-04 02:34:55,936 [pool-548-thread-2] INFO  request.AsRequest (AsRequest.java:issueTicket(112)) - AS_REQ ISSUE: authtime 1691116495936,test@EXAMPLE.COM for krbtgt/EXAMPLE.COM@EXAMPLE.COM
2023-08-04 02:34:55,962 [pool-548-thread-2] INFO  request.TgsRequest (TgsRequest.java:issueTicket(115)) - TGS_REQ ISSUE: authtime 1691116495962,test for scm/fv-az621-180@EXAMPLE.COM
2023-08-04 02:34:55,972 [Socket Reader #1 for port 9860] INFO  ipc.Server (Server.java:saslProcess(2139)) - Auth successful for test@EXAMPLE.COM (auth:KERBEROS) from fv-az621-180:46322 / 10.1.0.9:46322
2023-08-04 02:34:56,171 [IPC Server handler 0 on default port 9860] INFO  ipc.Server (Server.java:logException(3109)) - IPC Server handler 0 on default port 9860, call Call#32 Retry#0 org.apache.hadoop.hdds.scm.protocol.StorageContainerLocationProtocol.submitRequest from fv-az621-180:46322 / 10.1.0.9:46322
org.apache.hadoop.security.AccessControlException: Access denied for user test@EXAMPLE.COM. SCM superuser privilege is required.
	at org.apache.hadoop.hdds.scm.server.StorageContainerManager.checkAdminAccess(StorageContainerManager.java:1896)
	at org.apache.hadoop.hdds.scm.server.SCMClientProtocolServer.forceExitSafeMode(SCMClientProtocolServer.java:917)
	at org.apache.hadoop.hdds.scm.protocol.StorageContainerLocationProtocolServerSideTranslatorPB.forceExitSafeMode(StorageContainerLocationProtocolServerSideTranslatorPB.java:1013)
	at org.apache.hadoop.hdds.scm.protocol.StorageContainerLocationProtocolServerSideTranslatorPB.processRequest(StorageContainerLocationProtocolServerSideTranslatorPB.java:533)
	at org.apache.hadoop.hdds.server.OzoneProtocolMessageDispatcher.processRequest(OzoneProtocolMessageDispatcher.java:87)
	at org.apache.hadoop.hdds.scm.protocol.StorageContainerLocationProtocolServerSideTranslatorPB.submitRequest(StorageContainerLocationProtocolServerSideTranslatorPB.java:221)
	at org.apache.hadoop.hdds.protocol.proto.StorageContainerLocationProtocolProtos$StorageContainerLocationProtocolService$2.callBlockingMethod(StorageContainerLocationProtocolProtos.java)
	at org.apache.hadoop.ipc.ProtobufRpcEngine$Server.processCall(ProtobufRpcEngine.java:484)
	at org.apache.hadoop.ipc.ProtobufRpcEngine2$Server$ProtoBufRpcInvoker.call(ProtobufRpcEngine2.java:595)
	at org.apache.hadoop.ipc.ProtobufRpcEngine2$Server$ProtoBufRpcInvoker.call(ProtobufRpcEngine2.java:573)
	at org.apache.hadoop.ipc.RPC$Server.call(RPC.java:1227)
	at org.apache.hadoop.ipc.Server$RpcCall.run(Server.java:1094)
	at org.apache.hadoop.ipc.Server$RpcCall.run(Server.java:1017)
	at java.security.AccessController.doPrivileged(Native Method)
	at javax.security.auth.Subject.doAs(Subject.java:422)
	at org.apache.hadoop.security.UserGroupInformation.doAs(UserGroupInformation.java:1899)
	at org.apache.hadoop.ipc.Server$Handler.run(Server.java:3048)
2023-08-04 02:34:56,180 [Time-limited test] WARN  ipc.Client (Client.java:run(733)) - Exception encountered while connecting to the server 0.0.0.0/0.0.0.0:9860
org.apache.hadoop.security.AccessControlException: Client cannot authenticate via:[KERBEROS]
	at org.apache.hadoop.security.SaslRpcClient.selectSaslClient(SaslRpcClient.java:179)
	at org.apache.hadoop.security.SaslRpcClient.saslConnect(SaslRpcClient.java:392)
	at org.apache.hadoop.ipc.Client$Connection.setupSaslConnection(Client.java:561)
	at org.apache.hadoop.ipc.Client$Connection.access$2100(Client.java:347)
	at org.apache.hadoop.ipc.Client$Connection$2.run(Client.java:783)
	at org.apache.hadoop.ipc.Client$Connection$2.run(Client.java:779)
	at java.security.AccessController.doPrivileged(Native Method)
	at javax.security.auth.Subject.doAs(Subject.java:422)
	at org.apache.hadoop.security.UserGroupInformation.doAs(UserGroupInformation.java:1899)
	at org.apache.hadoop.ipc.Client$Connection.setupIOstreams(Client.java:779)
	at org.apache.hadoop.ipc.Client$Connection.access$3800(Client.java:347)
	at org.apache.hadoop.ipc.Client.getConnection(Client.java:1632)
	at org.apache.hadoop.ipc.Client.call(Client.java:1457)
	at org.apache.hadoop.ipc.Client.call(Client.java:1410)
	at org.apache.hadoop.ipc.ProtobufRpcEngine$Invoker.invoke(ProtobufRpcEngine.java:250)
	at org.apache.hadoop.ipc.ProtobufRpcEngine$Invoker.invoke(ProtobufRpcEngine.java:132)
	at com.sun.proxy.$Proxy48.submitRequest(Unknown Source)
	at org.apache.hadoop.hdds.scm.protocolPB.StorageContainerLocationProtocolClientSideTranslatorPB.submitRpcRequest(StorageContainerLocationProtocolClientSideTranslatorPB.java:191)
	at org.apache.hadoop.hdds.scm.protocolPB.StorageContainerLocationProtocolClientSideTranslatorPB.submitRequest(StorageContainerLocationProtocolClientSideTranslatorPB.java:175)
	at org.apache.hadoop.hdds.scm.protocolPB.StorageContainerLocationProtocolClientSideTranslatorPB.forceExitSafeMode(StorageContainerLocationProtocolClientSideTranslatorPB.java:792)
	at org.apache.ozone.test.LambdaTestUtils.intercept(LambdaTestUtils.java:491)
	at org.apache.ozone.test.LambdaTestUtils.intercept(LambdaTestUtils.java:377)
	at org.apache.ozone.test.LambdaTestUtils.intercept(LambdaTestUtils.java:446)
	at org.apache.hadoop.ozone.TestSecureOzoneCluster.testAdminAccessControlException(TestSecureOzoneCluster.java:440)
	at sun.reflect.NativeMethodAccessorImpl.invoke0(Native Method)
	at sun.reflect.NativeMethodAccessorImpl.invoke(NativeMethodAccessorImpl.java:62)
	at sun.reflect.DelegatingMethodAccessorImpl.invoke(DelegatingMethodAccessorImpl.java:43)
	at java.lang.reflect.Method.invoke(Method.java:498)
	at org.junit.runners.model.FrameworkMethod$1.runReflectiveCall(FrameworkMethod.java:59)
	at org.junit.internal.runners.model.ReflectiveCallable.run(ReflectiveCallable.java:12)
	at org.junit.runners.model.FrameworkMethod.invokeExplosively(FrameworkMethod.java:56)
	at org.junit.internal.runners.statements.InvokeMethod.evaluate(InvokeMethod.java:17)
	at org.junit.internal.runners.statements.RunBefores.evaluate(RunBefores.java:26)
	at org.junit.internal.runners.statements.RunAfters.evaluate(RunAfters.java:27)
	at org.junit.rules.ExternalResource$1.evaluate(ExternalResource.java:54)
	at org.junit.internal.runners.statements.FailOnTimeout$CallableStatement.call(FailOnTimeout.java:288)
	at org.junit.internal.runners.statements.FailOnTimeout$CallableStatement.call(FailOnTimeout.java:282)
	at java.util.concurrent.FutureTask.run(FutureTask.java:266)
	at java.lang.Thread.run(Thread.java:750)
2023-08-04 02:34:56,181 [Time-limited test] INFO  server.StorageContainerManager (StorageContainerManager.java:stop(1592)) - Container Balancer is not running.
2023-08-04 02:34:56,181 [Time-limited test] INFO  server.StorageContainerManager (StorageContainerManager.java:stopReplicationManager(1725)) - Stopping Replication Manager Service.
2023-08-04 02:34:56,181 [Time-limited test] INFO  replication.ReplicationManager (ReplicationManager.java:stop(319)) - Stopping Replication Monitor Thread.
2023-08-04 02:34:56,181 [Under Replicated Processor] WARN  replication.UnhealthyReplicationProcessor (UnhealthyReplicationProcessor.java:run(180)) - Under Replicated Processor interrupted. Exiting...
2023-08-04 02:34:56,181 [ReplicationMonitor] INFO  replication.ReplicationManager (ReplicationManager.java:run(917)) - Replication Monitor Thread is stopped
2023-08-04 02:34:56,181 [Over Replicated Processor] WARN  replication.UnhealthyReplicationProcessor (UnhealthyReplicationProcessor.java:run(180)) - Over Replicated Processor interrupted. Exiting...
2023-08-04 02:34:56,181 [Time-limited test] INFO  server.StorageContainerManager (StorageContainerManager.java:stop(1601)) - Stopping the Datanode Admin Monitor.
2023-08-04 02:34:56,181 [Time-limited test] INFO  server.StorageContainerManager (StorageContainerManager.java:stop(1608)) - Stopping datanode service RPC server
2023-08-04 02:34:56,181 [Time-limited test] INFO  server.SCMDatanodeProtocolServer (SCMDatanodeProtocolServer.java:stop(424)) - Stopping the RPC server for DataNodes
2023-08-04 02:34:56,182 [Time-limited test] INFO  ipc.Server (Server.java:stop(3523)) - Stopping server on 9861
2023-08-04 02:34:56,187 [IPC Server listener on 9861] INFO  ipc.Server (Server.java:run(1434)) - Stopping IPC Server listener on 9861
2023-08-04 02:34:56,189 [IPC Server Responder] INFO  ipc.Server (Server.java:run(1567)) - Stopping IPC Server Responder
2023-08-04 02:34:58,758 [SCM Heartbeat Processing Thread - 0] WARN  node.NodeStateManager (NodeStateManager.java:scheduleNextHealthCheck(874)) - Current Thread is interrupted, shutting down HB processing thread for Node Manager.
2023-08-04 02:34:58,759 [Time-limited test] INFO  server.StorageContainerManager (StorageContainerManager.java:stop(1616)) - Stopping block service RPC server
2023-08-04 02:34:58,759 [Time-limited test] INFO  server.SCMBlockProtocolServer (SCMBlockProtocolServer.java:stop(161)) - Stopping the RPC server for Block Protocol
2023-08-04 02:34:58,759 [Time-limited test] INFO  ipc.Server (Server.java:stop(3523)) - Stopping server on 9863
2023-08-04 02:34:58,763 [IPC Server listener on 9863] INFO  ipc.Server (Server.java:run(1434)) - Stopping IPC Server listener on 9863
2023-08-04 02:34:58,765 [IPC Server Responder] INFO  ipc.Server (Server.java:run(1567)) - Stopping IPC Server Responder
2023-08-04 02:34:58,765 [Time-limited test] INFO  server.StorageContainerManager (StorageContainerManager.java:stop(1623)) - Stopping the StorageContainerLocationProtocol RPC server
2023-08-04 02:34:58,765 [Time-limited test] INFO  server.SCMClientProtocolServer (SCMClientProtocolServer.java:stop(209)) - Stopping the RPC server for Client Protocol
2023-08-04 02:34:58,765 [Time-limited test] INFO  ipc.Server (Server.java:stop(3523)) - Stopping server on 9860
2023-08-04 02:34:58,766 [IPC Server listener on 9860] INFO  ipc.Server (Server.java:run(1434)) - Stopping IPC Server listener on 9860
2023-08-04 02:34:58,767 [Time-limited test] INFO  server.StorageContainerManager (StorageContainerManager.java:stop(1630)) - Stopping Storage Container Manager HTTP server.
2023-08-04 02:34:58,767 [IPC Server Responder] INFO  ipc.Server (Server.java:run(1567)) - Stopping IPC Server Responder
2023-08-04 02:34:58,769 [Time-limited test] INFO  handler.ContextHandler (ContextHandler.java:doStop(1159)) - Stopped o.e.j.w.WebAppContext@78b68524{scm,/,null,STOPPED}{file:/home/runner/work/ozone/ozone/hadoop-ozone/integration-test/target/test-classes/webapps/scm}
2023-08-04 02:34:58,770 [Time-limited test] INFO  server.AbstractConnector (AbstractConnector.java:doStop(383)) - Stopped ServerConnector@47f77059{HTTP/1.1, (http/1.1)}{0.0.0.0:9876}
2023-08-04 02:34:58,770 [Time-limited test] INFO  server.session (HouseKeeper.java:stopScavenging(149)) - node0 Stopped scavenging
2023-08-04 02:34:58,770 [Time-limited test] INFO  handler.ContextHandler (ContextHandler.java:doStop(1159)) - Stopped o.e.j.s.ServletContextHandler@78817150{static,/static,file:///home/runner/work/ozone/ozone/hadoop-ozone/integration-test/target/test-classes/webapps/static,STOPPED}
2023-08-04 02:34:58,770 [Time-limited test] INFO  handler.ContextHandler (ContextHandler.java:doStop(1159)) - Stopped o.e.j.s.ServletContextHandler@52a1a63{logs,/logs,file:///home/runner/work/ozone/ozone/hadoop-ozone/integration-test/target/log,STOPPED}
2023-08-04 02:34:58,771 [Time-limited test] INFO  server.StorageContainerManager (StorageContainerManager.java:stop(1638)) - Stopping SCM LayoutVersionManager Service.
2023-08-04 02:34:58,771 [Time-limited test] INFO  server.SCMSecurityProtocolServer (SCMSecurityProtocolServer.java:stop(552)) - Stopping the SCMSecurityProtocolServer.
2023-08-04 02:34:58,771 [Time-limited test] INFO  ipc.Server (Server.java:stop(3523)) - Stopping server on 9961
2023-08-04 02:34:58,771 [IPC Server listener on 9961] INFO  ipc.Server (Server.java:run(1434)) - Stopping IPC Server listener on 9961
2023-08-04 02:34:58,772 [IPC Server Responder] INFO  ipc.Server (Server.java:run(1567)) - Stopping IPC Server Responder
2023-08-04 02:34:58,772 [Time-limited test] INFO  server.SCMUpdateServiceGrpcServer (SCMUpdateServiceGrpcServer.java:stop(73)) - SCMUpdateService stopping
2023-08-04 02:34:58,777 [Time-limited test] INFO  server.SCMUpdateServiceGrpcServer (SCMUpdateServiceGrpcServer.java:stop(85)) - SCMUpdateService stopped!
2023-08-04 02:34:58,777 [Time-limited test] INFO  server.StorageContainerManager (StorageContainerManager.java:stop(1650)) - Stopping Block Manager Service.
2023-08-04 02:34:58,777 [Time-limited test] INFO  utils.BackgroundService (BackgroundService.java:shutdown(141)) - Shutting down service SCMBlockDeletingService
2023-08-04 02:34:58,777 [Time-limited test] INFO  utils.BackgroundService (BackgroundService.java:shutdown(141)) - Shutting down service SCMBlockDeletingService
2023-08-04 02:34:58,778 [Time-limited test] INFO  server.StorageContainerManager (StorageContainerManager.java:stop(1670)) - Stopping SCM Event Queue.
2023-08-04 02:34:58,778 [JvmPauseMonitor8] INFO  util.JvmPauseMonitor (JvmPauseMonitor.java:run(109)) - JvmPauseMonitor-8f2a4de5-8090-4e47-a326-508093e027b2: Stopped
2023-08-04 02:34:58,778 [Time-limited test] INFO  server.StorageContainerManager (StorageContainerManager.java:stop(1681)) - Stopping SCM HA services.
2023-08-04 02:34:58,780 [Time-limited test] INFO  pipeline.BackgroundPipelineCreator (BackgroundPipelineCreator.java:stop(149)) - Stopping RatisPipelineUtilsThread.
2023-08-04 02:34:58,780 [RatisPipelineUtilsThread - 0] WARN  pipeline.BackgroundPipelineCreator (BackgroundPipelineCreator.java:run(180)) - RatisPipelineUtilsThread is interrupted.
2023-08-04 02:34:58,780 [BackgroundPipelineScrubberThread] WARN  BackgroundPipelineScrubber (BackgroundSCMService.java:run(115)) - BackgroundPipelineScrubber is interrupted, exit
2023-08-04 02:34:58,781 [Time-limited test] INFO  BackgroundPipelineScrubber (BackgroundSCMService.java:stop(131)) - Stopping BackgroundPipelineScrubber Service.
2023-08-04 02:34:58,782 [Time-limited test] INFO  impl.MetricsSystemImpl (MetricsSystemImpl.java:stop(210)) - Stopping StorageContainerManager metrics system...
2023-08-04 02:34:58,782 [prometheus] INFO  impl.MetricsSinkAdapter (MetricsSinkAdapter.java:publishMetricsFromQueue(141)) - prometheus thread interrupted.
2023-08-04 02:34:58,782 [Time-limited test] INFO  impl.MetricsSystemImpl (MetricsSystemImpl.java:stop(216)) - StorageContainerManager metrics system stopped.
2023-08-04 02:34:58,783 [Time-limited test] WARN  pipeline.BackgroundPipelineCreator (BackgroundPipelineCreator.java:stop(145)) - RatisPipelineUtilsThread is not running, just ignore.
2023-08-04 02:34:58,783 [Time-limited test] INFO  BackgroundPipelineScrubber (BackgroundSCMService.java:stop(126)) - BackgroundPipelineScrubber Service is not running, skip stop.
2023-08-04 02:34:58,783 [Time-limited test] INFO  ExpiredContainerReplicaOpScrubber (BackgroundSCMService.java:stop(131)) - Stopping ExpiredContainerReplicaOpScrubber Service.
2023-08-04 02:34:58,783 [ExpiredContainerReplicaOpScrubberThread] WARN  ExpiredContainerReplicaOpScrubber (BackgroundSCMService.java:run(115)) - ExpiredContainerReplicaOpScrubber is interrupted, exit
2023-08-04 02:34:58,783 [Time-limited test] INFO  utils.BackgroundService (BackgroundService.java:shutdown(141)) - Shutting down service SCMBlockDeletingService
2023-08-04 02:34:58,784 [Time-limited test] INFO  replication.ReplicationManager (ReplicationManager.java:stop(329)) - Replication Monitor Thread is not running.
2023-08-04 02:34:58,784 [Time-limited test] WARN  balancer.ContainerBalancer (ContainerBalancer.java:stop(326)) - Cannot stop Container Balancer because it's not running or stopping
2023-08-04 02:34:58,784 [Lease Manager-LeaseManager#LeaseMonitor] WARN  lease.LeaseManager (LeaseManager.java:run(272)) - Lease manager is interrupted. Shutting down...
java.lang.InterruptedException
	at java.util.concurrent.locks.AbstractQueuedSynchronizer.doAcquireSharedNanos(AbstractQueuedSynchronizer.java:1039)
	at java.util.concurrent.locks.AbstractQueuedSynchronizer.tryAcquireSharedNanos(AbstractQueuedSynchronizer.java:1328)
	at java.util.concurrent.Semaphore.tryAcquire(Semaphore.java:409)
	at org.apache.hadoop.ozone.lease.LeaseManager$LeaseMonitor.run(LeaseManager.java:270)
	at java.lang.Thread.run(Thread.java:750)
2023-08-04 02:34:58,784 [Time-limited test] INFO  server.StorageContainerManager (StorageContainerManager.java:stop(1716)) - Stopping SCM MetadataStore.
2023-08-04 02:34:58,786 [Time-limited test] INFO  impl.DefaultInternalKdcServerImpl (DefaultInternalKdcServerImpl.java:doStop(102)) - Default Internal kdc server stopped.
2023-08-04 02:34:59,786 [Time-limited test] INFO  minikdc.MiniKdc (MiniKdc.java:stop(359)) - MiniKdc stopped.
2023-08-04 02:34:59,787 [Time-limited test] INFO  server.StorageContainerManager (StorageContainerManager.java:stop(1581)) - Storage Container Manager is not running.
2023-08-04 02:34:59,787 [Time-limited test] INFO  server.StorageContainerManager (StorageContainerManager.java:stopReplicationManager(1725)) - Stopping Replication Manager Service.
2023-08-04 02:34:59,787 [Time-limited test] INFO  replication.ReplicationManager (ReplicationManager.java:stop(329)) - Replication Monitor Thread is not running.
2023-08-04 02:34:59,787 [Time-limited test] INFO  server.SCMSecurityProtocolServer (SCMSecurityProtocolServer.java:join(562)) - Join RPC server for SCMSecurityProtocolServer.
2023-08-04 02:34:59,787 [Time-limited test] INFO  server.SCMSecurityProtocolServer (SCMSecurityProtocolServer.java:join(564)) - Join gRPC server for SCMSecurityProtocolServer.
]]></system-out>
  </testcase>
</testsuite>