<?xml version="1.0" encoding="UTF-8"?>
<testsuite xmlns:xsi="http://www.w3.org/2001/XMLSchema-instance" xsi:noNamespaceSchemaLocation="https://maven.apache.org/surefire/maven-surefire-plugin/xsd/surefire-test-report.xsd" name="org.apache.hadoop.ozone.om.TestOzoneManagerHAMetadataOnly" time="195.749" tests="10" errors="0" skipped="2" failures="1">
  <properties>
    <property name="awt.toolkit" value="sun.awt.X11.XToolkit"/>
    <property name="file.encoding.pkg" value="sun.io"/>
    <property name="java.specification.version" value="1.8"/>
    <property name="sun.cpu.isalist" value=""/>
    <property name="sun.jnu.encoding" value="ANSI_X3.4-1968"/>
    <property name="java.class.path" value="/github/workspace/mnt/ozone/hadoop-ozone/integration-test/target/test-classes:/github/workspace/mnt/ozone/hadoop-ozone/integration-test/target/classes:/home/user/.m2/repository/org/apache/hadoop/hadoop-ozone-common/1.1.0-SNAPSHOT/hadoop-ozone-common-1.1.0-SNAPSHOT.jar:/home/user/.m2/repository/org/apache/commons/commons-compress/1.4.1/commons-compress-1.4.1.jar:/home/user/.m2/repository/org/tukaani/xz/1.0/xz-1.0.jar:/home/user/.m2/repository/org/apache/hadoop/hadoop-hdds-common/1.1.0-SNAPSHOT/hadoop-hdds-common-1.1.0-SNAPSHOT.jar:/home/user/.m2/repository/org/apache/hadoop/hadoop-hdds-hadoop-dependency-client/1.1.0-SNAPSHOT/hadoop-hdds-hadoop-dependency-client-1.1.0-SNAPSHOT.jar:/home/user/.m2/repository/info/picocli/picocli/4.4.0/picocli-4.4.0.jar:/home/user/.m2/repository/com/fasterxml/jackson/core/jackson-annotations/2.10.3/jackson-annotations-2.10.3.jar:/home/user/.m2/repository/javax/annotation/javax.annotation-api/1.2/javax.annotation-api-1.2.jar:/home/user/.m2/repository/org/apache/ratis/ratis-server/1.1.0-11689cd-SNAPSHOT/ratis-server-1.1.0-11689cd-SNAPSHOT.jar:/home/user/.m2/repository/org/apache/ratis/ratis-client/1.1.0-11689cd-SNAPSHOT/ratis-client-1.1.0-11689cd-SNAPSHOT.jar:/home/user/.m2/repository/org/apache/ratis/ratis-metrics/1.1.0-11689cd-SNAPSHOT/ratis-metrics-1.1.0-11689cd-SNAPSHOT.jar:/home/user/.m2/repository/org/apache/ratis/ratis-netty/1.1.0-11689cd-SNAPSHOT/ratis-netty-1.1.0-11689cd-SNAPSHOT.jar:/home/user/.m2/repository/org/apache/ratis/ratis-grpc/1.1.0-11689cd-SNAPSHOT/ratis-grpc-1.1.0-11689cd-SNAPSHOT.jar:/home/user/.m2/repository/org/apache/logging/log4j/log4j-api/2.13.3/log4j-api-2.13.3.jar:/home/user/.m2/repository/org/apache/logging/log4j/log4j-core/2.13.3/log4j-core-2.13.3.jar:/home/user/.m2/repository/com/lmax/disruptor/3.4.2/disruptor-3.4.2.jar:/home/user/.m2/repository/org/apache/commons/commons-pool2/2.6.0/commons-pool2-2.6.0.jar:/home/user/.m2/repository/org/bouncycastle/bcpkix-jdk15on/1.60/bcpkix-jdk15on-1.60.jar:/home/user/.m2/repository/commons-validator/commons-validator/1.6/commons-validator-1.6.jar:/home/user/.m2/repository/commons-digester/commons-digester/1.8.1/commons-digester-1.8.1.jar:/home/user/.m2/repository/io/jaegertracing/jaeger-client/1.2.0/jaeger-client-1.2.0.jar:/home/user/.m2/repository/io/jaegertracing/jaeger-thrift/1.2.0/jaeger-thrift-1.2.0.jar:/home/user/.m2/repository/org/apache/thrift/libthrift/0.13.0/libthrift-0.13.0.jar:/home/user/.m2/repository/com/squareup/okhttp3/okhttp/4.2.2/okhttp-4.2.2.jar:/home/user/.m2/repository/com/squareup/okio/okio/2.2.2/okio-2.2.2.jar:/home/user/.m2/repository/org/jetbrains/kotlin/kotlin-stdlib/1.3.50/kotlin-stdlib-1.3.50.jar:/home/user/.m2/repository/org/jetbrains/kotlin/kotlin-stdlib-common/1.3.50/kotlin-stdlib-common-1.3.50.jar:/home/user/.m2/repository/org/jetbrains/annotations/13.0/annotations-13.0.jar:/home/user/.m2/repository/io/jaegertracing/jaeger-core/1.2.0/jaeger-core-1.2.0.jar:/home/user/.m2/repository/io/jaegertracing/jaeger-tracerresolver/1.2.0/jaeger-tracerresolver-1.2.0.jar:/home/user/.m2/repository/io/opentracing/contrib/opentracing-tracerresolver/0.1.8/opentracing-tracerresolver-0.1.8.jar:/home/user/.m2/repository/io/opentracing/opentracing-util/0.33.0/opentracing-util-0.33.0.jar:/home/user/.m2/repository/io/opentracing/opentracing-api/0.33.0/opentracing-api-0.33.0.jar:/home/user/.m2/repository/io/opentracing/opentracing-noop/0.33.0/opentracing-noop-0.33.0.jar:/home/user/.m2/repository/org/apache/hadoop/hadoop-hdds-client/1.1.0-SNAPSHOT/hadoop-hdds-client-1.1.0-SNAPSHOT.jar:/home/user/.m2/repository/org/apache/hadoop/hadoop-ozone-interface-client/1.1.0-SNAPSHOT/hadoop-ozone-interface-client-1.1.0-SNAPSHOT.jar:/home/user/.m2/repository/org/apache/hadoop/hadoop-hdds-test-utils/1.1.0-SNAPSHOT/hadoop-hdds-test-utils-1.1.0-SNAPSHOT.jar:/home/user/.m2/repository/com/google/guava/guava/28.2-jre/guava-28.2-jre.jar:/home/user/.m2/repository/com/google/guava/failureaccess/1.0.1/failureaccess-1.0.1.jar:/home/user/.m2/repository/com/google/guava/listenablefuture/9999.0-empty-to-avoid-conflict-with-guava/listenablefuture-9999.0-empty-to-avoid-conflict-with-guava.jar:/home/user/.m2/repository/com/google/code/findbugs/jsr305/3.0.0/jsr305-3.0.0.jar:/home/user/.m2/repository/org/checkerframework/checker-qual/2.10.0/checker-qual-2.10.0.jar:/home/user/.m2/repository/com/google/errorprone/error_prone_annotations/2.2.0/error_prone_annotations-2.2.0.jar:/home/user/.m2/repository/com/google/j2objc/j2objc-annotations/1.3/j2objc-annotations-1.3.jar:/home/user/.m2/repository/commons-io/commons-io/2.5/commons-io-2.5.jar:/home/user/.m2/repository/commons-logging/commons-logging/1.2/commons-logging-1.2.jar:/home/user/.m2/repository/log4j/log4j/1.2.17/log4j-1.2.17.jar:/home/user/.m2/repository/org/slf4j/slf4j-api/1.7.25/slf4j-api-1.7.25.jar:/home/user/.m2/repository/org/apache/hadoop/hadoop-hdds-server-scm/1.1.0-SNAPSHOT/hadoop-hdds-server-scm-1.1.0-SNAPSHOT.jar:/home/user/.m2/repository/org/apache/hadoop/hadoop-hdds-container-service/1.1.0-SNAPSHOT/hadoop-hdds-container-service-1.1.0-SNAPSHOT.jar:/home/user/.m2/repository/org/apache/hadoop/hadoop-hdds-hadoop-dependency-server/1.1.0-SNAPSHOT/hadoop-hdds-hadoop-dependency-server-1.1.0-SNAPSHOT.jar:/home/user/.m2/repository/org/apache/hadoop/hadoop-hdds-server-framework/1.1.0-SNAPSHOT/hadoop-hdds-server-framework-1.1.0-SNAPSHOT.jar:/home/user/.m2/repository/org/apache/hadoop/hadoop-hdds-interface-server/1.1.0-SNAPSHOT/hadoop-hdds-interface-server-1.1.0-SNAPSHOT.jar:/home/user/.m2/repository/org/apache/hadoop/hadoop-hdds-interface-admin/1.1.0-SNAPSHOT/hadoop-hdds-interface-admin-1.1.0-SNAPSHOT.jar:/home/user/.m2/repository/org/rocksdb/rocksdbjni/6.8.1/rocksdbjni-6.8.1.jar:/home/user/.m2/repository/io/prometheus/simpleclient_dropwizard/0.7.0/simpleclient_dropwizard-0.7.0.jar:/home/user/.m2/repository/io/prometheus/simpleclient/0.7.0/simpleclient-0.7.0.jar:/home/user/.m2/repository/io/prometheus/simpleclient_common/0.7.0/simpleclient_common-0.7.0.jar:/home/user/.m2/repository/com/fasterxml/jackson/datatype/jackson-datatype-jsr310/2.10.3/jackson-datatype-jsr310-2.10.3.jar:/home/user/.m2/repository/io/dropwizard/metrics/metrics-core/3.2.4/metrics-core-3.2.4.jar:/home/user/.m2/repository/org/apache/hadoop/hadoop-hdfs-client/3.2.1/hadoop-hdfs-client-3.2.1.jar:/home/user/.m2/repository/org/bouncycastle/bcprov-jdk15on/1.60/bcprov-jdk15on-1.60.jar:/home/user/.m2/repository/org/apache/hadoop/hadoop-ozone-ozone-manager/1.1.0-SNAPSHOT/hadoop-ozone-ozone-manager-1.1.0-SNAPSHOT.jar:/home/user/.m2/repository/org/apache/hadoop/hadoop-hdds-interface-client/1.1.0-SNAPSHOT/hadoop-hdds-interface-client-1.1.0-SNAPSHOT.jar:/home/user/.m2/repository/org/apache/ratis/ratis-thirdparty-misc/0.6.0-SNAPSHOT/ratis-thirdparty-misc-0.6.0-SNAPSHOT.jar:/home/user/.m2/repository/org/apache/hadoop/hadoop-ozone-interface-storage/1.1.0-SNAPSHOT/hadoop-ozone-interface-storage-1.1.0-SNAPSHOT.jar:/home/user/.m2/repository/org/apache/hadoop/hadoop-minikdc/3.2.1/hadoop-minikdc-3.2.1.jar:/home/user/.m2/repository/org/apache/kerby/kerb-simplekdc/1.0.1/kerb-simplekdc-1.0.1.jar:/home/user/.m2/repository/org/apache/kerby/kerb-client/1.0.1/kerb-client-1.0.1.jar:/home/user/.m2/repository/org/apache/kerby/kerby-config/1.0.1/kerby-config-1.0.1.jar:/home/user/.m2/repository/org/apache/kerby/kerb-core/1.0.1/kerb-core-1.0.1.jar:/home/user/.m2/repository/org/apache/kerby/kerby-pkix/1.0.1/kerby-pkix-1.0.1.jar:/home/user/.m2/repository/org/apache/kerby/kerby-asn1/1.0.1/kerby-asn1-1.0.1.jar:/home/user/.m2/repository/org/apache/kerby/kerby-util/1.0.1/kerby-util-1.0.1.jar:/home/user/.m2/repository/org/apache/kerby/kerb-common/1.0.1/kerb-common-1.0.1.jar:/home/user/.m2/repository/org/apache/kerby/kerb-crypto/1.0.1/kerb-crypto-1.0.1.jar:/home/user/.m2/repository/org/apache/kerby/kerb-util/1.0.1/kerb-util-1.0.1.jar:/home/user/.m2/repository/org/apache/kerby/token-provider/1.0.1/token-provider-1.0.1.jar:/home/user/.m2/repository/org/apache/kerby/kerb-admin/1.0.1/kerb-admin-1.0.1.jar:/home/user/.m2/repository/org/apache/kerby/kerb-server/1.0.1/kerb-server-1.0.1.jar:/home/user/.m2/repository/org/apache/kerby/kerb-identity/1.0.1/kerb-identity-1.0.1.jar:/home/user/.m2/repository/org/apache/kerby/kerby-xdr/1.0.1/kerby-xdr-1.0.1.jar:/home/user/.m2/repository/org/slf4j/slf4j-log4j12/1.7.25/slf4j-log4j12-1.7.25.jar:/home/user/.m2/repository/org/apache/hadoop/hadoop-ozone-s3gateway/1.1.0-SNAPSHOT/hadoop-ozone-s3gateway-1.1.0-SNAPSHOT.jar:/home/user/.m2/repository/org/jboss/weld/servlet/weld-servlet/2.4.7.Final/weld-servlet-2.4.7.Final.jar:/home/user/.m2/repository/org/glassfish/jersey/containers/jersey-container-servlet-core/2.27/jersey-container-servlet-core-2.27.jar:/home/user/.m2/repository/org/glassfish/hk2/external/javax.inject/2.5.0-b42/javax.inject-2.5.0-b42.jar:/home/user/.m2/repository/org/glassfish/jersey/core/jersey-common/2.27/jersey-common-2.27.jar:/home/user/.m2/repository/org/glassfish/hk2/osgi-resource-locator/1.0.1/osgi-resource-locator-1.0.1.jar:/home/user/.m2/repository/javax/ws/rs/javax.ws.rs-api/2.1/javax.ws.rs-api-2.1.jar:/home/user/.m2/repository/org/glassfish/jersey/ext/cdi/jersey-cdi1x/2.27/jersey-cdi1x-2.27.jar:/home/user/.m2/repository/org/glassfish/jersey/inject/jersey-hk2/2.27/jersey-hk2-2.27.jar:/home/user/.m2/repository/org/glassfish/hk2/hk2-locator/2.5.0-b42/hk2-locator-2.5.0-b42.jar:/home/user/.m2/repository/org/javassist/javassist/3.22.0-CR2/javassist-3.22.0-CR2.jar:/home/user/.m2/repository/org/glassfish/hk2/hk2-api/2.5.0/hk2-api-2.5.0.jar:/home/user/.m2/repository/org/glassfish/hk2/external/jakarta.inject/2.5.0/jakarta.inject-2.5.0.jar:/home/user/.m2/repository/org/glassfish/hk2/hk2-utils/2.5.0/hk2-utils-2.5.0.jar:/home/user/.m2/repository/jakarta/annotation/jakarta.annotation-api/1.3.4/jakarta.annotation-api-1.3.4.jar:/home/user/.m2/repository/org/glassfish/hk2/external/aopalliance-repackaged/2.5.0/aopalliance-repackaged-2.5.0.jar:/home/user/.m2/repository/com/fasterxml/jackson/dataformat/jackson-dataformat-xml/2.10.3/jackson-dataformat-xml-2.10.3.jar:/home/user/.m2/repository/com/fasterxml/jackson/core/jackson-core/2.10.3/jackson-core-2.10.3.jar:/home/user/.m2/repository/com/fasterxml/jackson/module/jackson-module-jaxb-annotations/2.10.3/jackson-module-jaxb-annotations-2.10.3.jar:/home/user/.m2/repository/jakarta/xml/bind/jakarta.xml.bind-api/2.3.2/jakarta.xml.bind-api-2.3.2.jar:/home/user/.m2/repository/jakarta/activation/jakarta.activation-api/1.2.1/jakarta.activation-api-1.2.1.jar:/home/user/.m2/repository/org/codehaus/woodstox/stax2-api/3.1.4/stax2-api-3.1.4.jar:/home/user/.m2/repository/com/fasterxml/woodstox/woodstox-core/5.0.3/woodstox-core-5.0.3.jar:/home/user/.m2/repository/javax/enterprise/cdi-api/1.2/cdi-api-1.2.jar:/home/user/.m2/repository/javax/el/javax.el-api/3.0.0/javax.el-api-3.0.0.jar:/home/user/.m2/repository/javax/interceptor/javax.interceptor-api/1.2/javax.interceptor-api-1.2.jar:/home/user/.m2/repository/javax/inject/javax.inject/1/javax.inject-1.jar:/home/user/.m2/repository/com/sun/xml/bind/jaxb-impl/2.3.0.1/jaxb-impl-2.3.0.1.jar:/home/user/.m2/repository/com/sun/xml/bind/jaxb-core/2.3.0.1/jaxb-core-2.3.0.1.jar:/home/user/.m2/repository/javax/xml/bind/jaxb-api/2.3.0/jaxb-api-2.3.0.jar:/home/user/.m2/repository/javax/activation/activation/1.1.1/activation-1.1.1.jar:/home/user/.m2/repository/org/apache/hadoop/hadoop-ozone-csi/1.1.0-SNAPSHOT/hadoop-ozone-csi-1.1.0-SNAPSHOT.jar:/home/user/.m2/repository/com/google/protobuf/protobuf-java-util/3.11.0/protobuf-java-util-3.11.0.jar:/home/user/.m2/repository/com/google/code/gson/gson/2.2.4/gson-2.2.4.jar:/home/user/.m2/repository/org/apache/hadoop/hadoop-hdds-config/1.1.0-SNAPSHOT/hadoop-hdds-config-1.1.0-SNAPSHOT.jar:/home/user/.m2/repository/com/google/protobuf/protobuf-java/2.5.0/protobuf-java-2.5.0.jar:/home/user/.m2/repository/io/grpc/grpc-netty/1.29.0/grpc-netty-1.29.0.jar:/home/user/.m2/repository/io/grpc/grpc-core/1.29.0/grpc-core-1.29.0.jar:/home/user/.m2/repository/com/google/android/annotations/4.1.1.4/annotations-4.1.1.4.jar:/home/user/.m2/repository/io/perfmark/perfmark-api/0.19.0/perfmark-api-0.19.0.jar:/home/user/.m2/repository/io/netty/netty-codec-http2/4.1.48.Final/netty-codec-http2-4.1.48.Final.jar:/home/user/.m2/repository/io/netty/netty-codec/4.1.48.Final/netty-codec-4.1.48.Final.jar:/home/user/.m2/repository/io/netty/netty-handler/4.1.48.Final/netty-handler-4.1.48.Final.jar:/home/user/.m2/repository/io/netty/netty-codec-http/4.1.48.Final/netty-codec-http-4.1.48.Final.jar:/home/user/.m2/repository/io/netty/netty-handler-proxy/4.1.48.Final/netty-handler-proxy-4.1.48.Final.jar:/home/user/.m2/repository/io/netty/netty-codec-socks/4.1.48.Final/netty-codec-socks-4.1.48.Final.jar:/home/user/.m2/repository/io/netty/netty-transport-native-epoll/4.1.48.Final/netty-transport-native-epoll-4.1.48.Final.jar:/home/user/.m2/repository/io/netty/netty-common/4.1.48.Final/netty-common-4.1.48.Final.jar:/home/user/.m2/repository/io/netty/netty-buffer/4.1.48.Final/netty-buffer-4.1.48.Final.jar:/home/user/.m2/repository/io/netty/netty-transport/4.1.48.Final/netty-transport-4.1.48.Final.jar:/home/user/.m2/repository/io/netty/netty-resolver/4.1.48.Final/netty-resolver-4.1.48.Final.jar:/home/user/.m2/repository/io/netty/netty-transport-native-unix-common/4.1.48.Final/netty-transport-native-unix-common-4.1.48.Final.jar:/home/user/.m2/repository/io/grpc/grpc-protobuf/1.29.0/grpc-protobuf-1.29.0.jar:/home/user/.m2/repository/io/grpc/grpc-api/1.29.0/grpc-api-1.29.0.jar:/home/user/.m2/repository/io/grpc/grpc-context/1.29.0/grpc-context-1.29.0.jar:/home/user/.m2/repository/org/codehaus/mojo/animal-sniffer-annotations/1.18/animal-sniffer-annotations-1.18.jar:/home/user/.m2/repository/com/google/api/grpc/proto-google-common-protos/1.17.0/proto-google-common-protos-1.17.0.jar:/home/user/.m2/repository/io/grpc/grpc-protobuf-lite/1.29.0/grpc-protobuf-lite-1.29.0.jar:/home/user/.m2/repository/io/grpc/grpc-stub/1.29.0/grpc-stub-1.29.0.jar:/home/user/.m2/repository/org/apache/hadoop/hadoop-ozone-recon/1.1.0-SNAPSHOT/hadoop-ozone-recon-1.1.0-SNAPSHOT.jar:/home/user/.m2/repository/org/apache/hadoop/hadoop-ozone-reconcodegen/1.1.0-SNAPSHOT/hadoop-ozone-reconcodegen-1.1.0-SNAPSHOT.jar:/home/user/.m2/repository/com/google/inject/extensions/guice-multibindings/4.0/guice-multibindings-4.0.jar:/home/user/.m2/repository/com/google/inject/guice/4.0/guice-4.0.jar:/home/user/.m2/repository/aopalliance/aopalliance/1.0/aopalliance-1.0.jar:/home/user/.m2/repository/com/google/inject/extensions/guice-assistedinject/4.0/guice-assistedinject-4.0.jar:/home/user/.m2/repository/com/google/inject/extensions/guice-servlet/4.0/guice-servlet-4.0.jar:/home/user/.m2/repository/org/glassfish/jersey/containers/jersey-container-servlet/2.27/jersey-container-servlet-2.27.jar:/home/user/.m2/repository/org/glassfish/hk2/guice-bridge/2.5.0/guice-bridge-2.5.0.jar:/home/user/.m2/repository/org/glassfish/jersey/core/jersey-server/2.27/jersey-server-2.27.jar:/home/user/.m2/repository/org/glassfish/jersey/core/jersey-client/2.27/jersey-client-2.27.jar:/home/user/.m2/repository/org/glassfish/jersey/media/jersey-media-jaxb/2.27/jersey-media-jaxb-2.27.jar:/home/user/.m2/repository/javax/validation/validation-api/1.1.0.Final/validation-api-1.1.0.Final.jar:/home/user/.m2/repository/org/glassfish/jersey/media/jersey-media-json-jackson/2.27/jersey-media-json-jackson-2.27.jar:/home/user/.m2/repository/org/glassfish/jersey/ext/jersey-entity-filtering/2.27/jersey-entity-filtering-2.27.jar:/home/user/.m2/repository/org/jooq/jooq/3.11.10/jooq-3.11.10.jar:/home/user/.m2/repository/org/jooq/jooq-meta/3.11.10/jooq-meta-3.11.10.jar:/home/user/.m2/repository/org/jooq/jooq-codegen/3.11.10/jooq-codegen-3.11.10.jar:/home/user/.m2/repository/com/jolbox/bonecp/0.8.0.RELEASE/bonecp-0.8.0.RELEASE.jar:/home/user/.m2/repository/org/apache/derby/derby/10.14.2.0/derby-10.14.2.0.jar:/home/user/.m2/repository/org/xerial/sqlite-jdbc/3.25.2/sqlite-jdbc-3.25.2.jar:/home/user/.m2/repository/org/springframework/spring-jdbc/5.2.5.RELEASE/spring-jdbc-5.2.5.RELEASE.jar:/home/user/.m2/repository/org/springframework/spring-beans/5.2.5.RELEASE/spring-beans-5.2.5.RELEASE.jar:/home/user/.m2/repository/org/springframework/spring-core/5.2.5.RELEASE/spring-core-5.2.5.RELEASE.jar:/home/user/.m2/repository/org/springframework/spring-jcl/5.2.5.RELEASE/spring-jcl-5.2.5.RELEASE.jar:/home/user/.m2/repository/org/springframework/spring-tx/5.2.5.RELEASE/spring-tx-5.2.5.RELEASE.jar:/home/user/.m2/repository/org/apache/hadoop/hadoop-ozone-client/1.1.0-SNAPSHOT/hadoop-ozone-client-1.1.0-SNAPSHOT.jar:/home/user/.m2/repository/org/apache/hadoop/hadoop-ozone-filesystem/1.1.0-SNAPSHOT/hadoop-ozone-filesystem-1.1.0-SNAPSHOT.jar:/home/user/.m2/repository/org/apache/hadoop/hadoop-ozone-filesystem-common/1.1.0-SNAPSHOT/hadoop-ozone-filesystem-common-1.1.0-SNAPSHOT.jar:/home/user/.m2/repository/org/apache/hadoop/hadoop-ozone-tools/1.1.0-SNAPSHOT/hadoop-ozone-tools-1.1.0-SNAPSHOT.jar:/home/user/.m2/repository/org/apache/hadoop/hadoop-hdfs/3.2.1/hadoop-hdfs-3.2.1.jar:/home/user/.m2/repository/org/apache/ratis/ratis-tools/1.1.0-11689cd-SNAPSHOT/ratis-tools-1.1.0-11689cd-SNAPSHOT.jar:/home/user/.m2/repository/org/apache/ratis/ratis-proto/1.1.0-11689cd-SNAPSHOT/ratis-proto-1.1.0-11689cd-SNAPSHOT.jar:/home/user/.m2/repository/org/apache/ratis/ratis-common/1.1.0-11689cd-SNAPSHOT/ratis-common-1.1.0-11689cd-SNAPSHOT.jar:/home/user/.m2/repository/com/amazonaws/aws-java-sdk-core/1.11.615/aws-java-sdk-core-1.11.615.jar:/home/user/.m2/repository/org/apache/httpcomponents/httpclient/4.5.13/httpclient-4.5.13.jar:/home/user/.m2/repository/org/apache/httpcomponents/httpcore/4.4.13/httpcore-4.4.13.jar:/home/user/.m2/repository/software/amazon/ion/ion-java/1.0.2/ion-java-1.0.2.jar:/home/user/.m2/repository/com/fasterxml/jackson/dataformat/jackson-dataformat-cbor/2.10.3/jackson-dataformat-cbor-2.10.3.jar:/home/user/.m2/repository/joda-time/joda-time/2.8.1/joda-time-2.8.1.jar:/home/user/.m2/repository/com/amazonaws/aws-java-sdk-s3/1.11.615/aws-java-sdk-s3-1.11.615.jar:/home/user/.m2/repository/com/amazonaws/aws-java-sdk-kms/1.11.615/aws-java-sdk-kms-1.11.615.jar:/home/user/.m2/repository/com/amazonaws/jmespath-java/1.11.615/jmespath-java-1.11.615.jar:/home/user/.m2/repository/org/kohsuke/metainf-services/metainf-services/1.8/metainf-services-1.8.jar:/home/user/.m2/repository/org/apache/hadoop/hadoop-hdds-tools/1.1.0-SNAPSHOT/hadoop-hdds-tools-1.1.0-SNAPSHOT.jar:/home/user/.m2/repository/commons-cli/commons-cli/1.2/commons-cli-1.2.jar:/home/user/.m2/repository/org/apache/commons/commons-lang3/3.7/commons-lang3-3.7.jar:/home/user/.m2/repository/org/apache/hadoop/hadoop-ozone-ozone-manager/1.1.0-SNAPSHOT/hadoop-ozone-ozone-manager-1.1.0-SNAPSHOT-tests.jar:/home/user/.m2/repository/junit/junit/4.11/junit-4.11.jar:/home/user/.m2/repository/org/hamcrest/hamcrest-core/1.3/hamcrest-core-1.3.jar:/home/user/.m2/repository/org/openjdk/jmh/jmh-core/1.19/jmh-core-1.19.jar:/home/user/.m2/repository/net/sf/jopt-simple/jopt-simple/4.6/jopt-simple-4.6.jar:/home/user/.m2/repository/org/apache/commons/commons-math3/3.1.1/commons-math3-3.1.1.jar:/home/user/.m2/repository/org/openjdk/jmh/jmh-generator-annprocess/1.19/jmh-generator-annprocess-1.19.jar:/home/user/.m2/repository/org/mockito/mockito-all/1.8.5/mockito-all-1.8.5.jar:/home/user/.m2/repository/org/apache/hadoop/hadoop-kms/3.2.1/hadoop-kms-3.2.1.jar:/home/user/.m2/repository/org/apache/hadoop/hadoop-auth/3.2.1/hadoop-auth-3.2.1.jar:/home/user/.m2/repository/com/nimbusds/nimbus-jose-jwt/7.9/nimbus-jose-jwt-7.9.jar:/home/user/.m2/repository/com/github/stephenc/jcip/jcip-annotations/1.0-1/jcip-annotations-1.0-1.jar:/home/user/.m2/repository/net/minidev/json-smart/2.3/json-smart-2.3.jar:/home/user/.m2/repository/net/minidev/accessors-smart/1.2/accessors-smart-1.2.jar:/home/user/.m2/repository/org/ow2/asm/asm/5.0.4/asm-5.0.4.jar:/home/user/.m2/repository/org/apache/zookeeper/zookeeper/3.4.13/zookeeper-3.4.13.jar:/home/user/.m2/repository/org/apache/yetus/audience-annotations/0.5.0/audience-annotations-0.5.0.jar:/home/user/.m2/repository/org/apache/curator/curator-framework/2.13.0/curator-framework-2.13.0.jar:/home/user/.m2/repository/com/sun/jersey/jersey-core/1.19/jersey-core-1.19.jar:/home/user/.m2/repository/javax/ws/rs/jsr311-api/1.1.1/jsr311-api-1.1.1.jar:/home/user/.m2/repository/com/sun/jersey/jersey-server/1.19/jersey-server-1.19.jar:/home/user/.m2/repository/javax/servlet/javax.servlet-api/3.1.0/javax.servlet-api-3.1.0.jar:/home/user/.m2/repository/org/eclipse/jetty/jetty-server/9.4.34.v20201102/jetty-server-9.4.34.v20201102.jar:/home/user/.m2/repository/org/eclipse/jetty/jetty-http/9.4.34.v20201102/jetty-http-9.4.34.v20201102.jar:/home/user/.m2/repository/org/eclipse/jetty/jetty-io/9.4.34.v20201102/jetty-io-9.4.34.v20201102.jar:/home/user/.m2/repository/org/eclipse/jetty/jetty-webapp/9.4.34.v20201102/jetty-webapp-9.4.34.v20201102.jar:/home/user/.m2/repository/org/eclipse/jetty/jetty-xml/9.4.34.v20201102/jetty-xml-9.4.34.v20201102.jar:/home/user/.m2/repository/org/eclipse/jetty/jetty-servlet/9.4.34.v20201102/jetty-servlet-9.4.34.v20201102.jar:/home/user/.m2/repository/org/eclipse/jetty/jetty-security/9.4.34.v20201102/jetty-security-9.4.34.v20201102.jar:/home/user/.m2/repository/org/apache/hadoop/hadoop-common/3.2.1/hadoop-common-3.2.1.jar:/home/user/.m2/repository/commons-net/commons-net/3.6/commons-net-3.6.jar:/home/user/.m2/repository/commons-collections/commons-collections/3.2.2/commons-collections-3.2.2.jar:/home/user/.m2/repository/com/sun/jersey/jersey-servlet/1.19/jersey-servlet-1.19.jar:/home/user/.m2/repository/com/sun/jersey/jersey-json/1.19/jersey-json-1.19.jar:/home/user/.m2/repository/org/codehaus/jettison/jettison/1.1/jettison-1.1.jar:/home/user/.m2/repository/org/codehaus/jackson/jackson-jaxrs/1.9.2/jackson-jaxrs-1.9.2.jar:/home/user/.m2/repository/org/codehaus/jackson/jackson-xc/1.9.2/jackson-xc-1.9.2.jar:/home/user/.m2/repository/commons-beanutils/commons-beanutils/1.9.4/commons-beanutils-1.9.4.jar:/home/user/.m2/repository/org/apache/commons/commons-configuration2/2.1.1/commons-configuration2-2.1.1.jar:/home/user/.m2/repository/org/apache/commons/commons-text/1.4/commons-text-1.4.jar:/home/user/.m2/repository/com/google/re2j/re2j/1.1/re2j-1.1.jar:/home/user/.m2/repository/com/jcraft/jsch/0.1.54/jsch-0.1.54.jar:/home/user/.m2/repository/org/apache/curator/curator-client/2.13.0/curator-client-2.13.0.jar:/home/user/.m2/repository/org/apache/curator/curator-recipes/2.13.0/curator-recipes-2.13.0.jar:/home/user/.m2/repository/dnsjava/dnsjava/2.1.7/dnsjava-2.1.7.jar:/home/user/.m2/repository/org/slf4j/jul-to-slf4j/1.7.25/jul-to-slf4j-1.7.25.jar:/home/user/.m2/repository/org/eclipse/jetty/jetty-util/9.4.34.v20201102/jetty-util-9.4.34.v20201102.jar:/home/user/.m2/repository/com/fasterxml/jackson/core/jackson-databind/2.10.3/jackson-databind-2.10.3.jar:/home/user/.m2/repository/org/apache/hadoop/hadoop-kms/3.2.1/hadoop-kms-3.2.1-tests.jar:/home/user/.m2/repository/org/apache/hadoop/hadoop-hdds-server-scm/1.1.0-SNAPSHOT/hadoop-hdds-server-scm-1.1.0-SNAPSHOT-tests.jar:/home/user/.m2/repository/org/apache/hadoop/hadoop-hdds-container-service/1.1.0-SNAPSHOT/hadoop-hdds-container-service-1.1.0-SNAPSHOT-tests.jar:/home/user/.m2/repository/org/apache/hadoop/hadoop-hdds-common/1.1.0-SNAPSHOT/hadoop-hdds-common-1.1.0-SNAPSHOT-tests.jar:/home/user/.m2/repository/org/yaml/snakeyaml/1.16/snakeyaml-1.16.jar:/home/user/.m2/repository/org/apache/hadoop/hadoop-hdds-hadoop-dependency-test/1.1.0-SNAPSHOT/hadoop-hdds-hadoop-dependency-test-1.1.0-SNAPSHOT.jar:/home/user/.m2/repository/org/apache/hadoop/hadoop-common/3.2.1/hadoop-common-3.2.1-tests.jar:/home/user/.m2/repository/javax/servlet/jsp/jsp-api/2.1/jsp-api-2.1.jar:/home/user/.m2/repository/org/apache/hadoop/hadoop-hdfs/3.2.1/hadoop-hdfs-3.2.1-tests.jar:/home/user/.m2/repository/org/eclipse/jetty/jetty-util-ajax/9.4.34.v20201102/jetty-util-ajax-9.4.34.v20201102.jar:/home/user/.m2/repository/commons-codec/commons-codec/1.11/commons-codec-1.11.jar:/home/user/.m2/repository/commons-daemon/commons-daemon/1.0.13/commons-daemon-1.0.13.jar:/home/user/.m2/repository/io/netty/netty/3.10.5.Final/netty-3.10.5.Final.jar:/home/user/.m2/repository/io/netty/netty-all/4.1.48.Final/netty-all-4.1.48.Final.jar:/home/user/.m2/repository/org/apache/htrace/htrace-core4/4.1.0-incubating/htrace-core4-4.1.0-incubating.jar:/home/user/.m2/repository/org/fusesource/leveldbjni/leveldbjni-all/1.8/leveldbjni-all-1.8.jar:/home/user/.m2/repository/org/apache/hadoop/hadoop-distcp/3.2.1/hadoop-distcp-3.2.1.jar:/home/user/.m2/repository/org/apache/hadoop/hadoop-mapreduce-client-jobclient/3.2.1/hadoop-mapreduce-client-jobclient-3.2.1.jar:/home/user/.m2/repository/org/apache/hadoop/hadoop-mapreduce-client-common/3.2.1/hadoop-mapreduce-client-common-3.2.1.jar:/home/user/.m2/repository/org/apache/hadoop/hadoop-yarn-common/3.2.1/hadoop-yarn-common-3.2.1.jar:/home/user/.m2/repository/org/apache/hadoop/hadoop-yarn-api/3.2.1/hadoop-yarn-api-3.2.1.jar:/home/user/.m2/repository/com/sun/jersey/jersey-client/1.19/jersey-client-1.19.jar:/home/user/.m2/repository/com/sun/jersey/contribs/jersey-guice/1.19/jersey-guice-1.19.jar:/home/user/.m2/repository/com/fasterxml/jackson/jaxrs/jackson-jaxrs-json-provider/2.10.3/jackson-jaxrs-json-provider-2.10.3.jar:/home/user/.m2/repository/com/fasterxml/jackson/jaxrs/jackson-jaxrs-base/2.10.3/jackson-jaxrs-base-2.10.3.jar:/home/user/.m2/repository/org/apache/hadoop/hadoop-yarn-client/3.2.1/hadoop-yarn-client-3.2.1.jar:/home/user/.m2/repository/org/apache/hadoop/hadoop-mapreduce-client-core/3.2.1/hadoop-mapreduce-client-core-3.2.1.jar:/home/user/.m2/repository/org/apache/avro/avro/1.7.7/avro-1.7.7.jar:/home/user/.m2/repository/org/codehaus/jackson/jackson-core-asl/1.9.13/jackson-core-asl-1.9.13.jar:/home/user/.m2/repository/org/codehaus/jackson/jackson-mapper-asl/1.9.13/jackson-mapper-asl-1.9.13.jar:/home/user/.m2/repository/com/thoughtworks/paranamer/paranamer/2.3/paranamer-2.3.jar:/home/user/.m2/repository/org/xerial/snappy/snappy-java/1.0.5/snappy-java-1.0.5.jar:/home/user/.m2/repository/org/apache/hadoop/hadoop-annotations/3.2.1/hadoop-annotations-3.2.1.jar:/usr/lib/jvm/java-1.8.0-openjdk-1.8.0.232.b09-0.el7_7.x86_64/jre/../lib/tools.jar:/home/user/.m2/repository/org/apache/hadoop/hadoop-distcp/3.2.1/hadoop-distcp-3.2.1-tests.jar:"/>
    <property name="java.vm.vendor" value="Oracle Corporation"/>
    <property name="sun.arch.data.model" value="64"/>
    <property name="test.build.dir" value="/github/workspace/mnt/ozone/hadoop-ozone/integration-test/target/test-dir"/>
    <property name="test.cache.data" value=""/>
    <property name="java.vendor.url" value="http://java.oracle.com/"/>
    <property name="user.timezone" value=""/>
    <property name="java.vm.specification.version" value="1.8"/>
    <property name="os.name" value="Linux"/>
    <property name="test.build.data" value="/github/workspace/mnt/ozone/hadoop-ozone/integration-test/target/test-dir"/>
    <property name="user.country" value="US"/>
    <property name="sun.java.launcher" value="SUN_STANDARD"/>
    <property name="sun.boot.library.path" value="/usr/lib/jvm/java-1.8.0-openjdk-1.8.0.232.b09-0.el7_7.x86_64/jre/lib/amd64"/>
    <property name="sun.java.command" value="/github/workspace/mnt/ozone/hadoop-ozone/integration-test/target/surefire/surefirebooter3440661283806564393.jar /github/workspace/mnt/ozone/hadoop-ozone/integration-test/target/surefire 2020-11-20T01-11-09_975-jvmRun1 surefire5917102566536499943tmp surefire_343865984425668251352tmp"/>
    <property name="surefire.test.class.path" value="/github/workspace/mnt/ozone/hadoop-ozone/integration-test/target/test-classes:/github/workspace/mnt/ozone/hadoop-ozone/integration-test/target/classes:/home/user/.m2/repository/org/apache/hadoop/hadoop-ozone-common/1.1.0-SNAPSHOT/hadoop-ozone-common-1.1.0-SNAPSHOT.jar:/home/user/.m2/repository/org/apache/commons/commons-compress/1.4.1/commons-compress-1.4.1.jar:/home/user/.m2/repository/org/tukaani/xz/1.0/xz-1.0.jar:/home/user/.m2/repository/org/apache/hadoop/hadoop-hdds-common/1.1.0-SNAPSHOT/hadoop-hdds-common-1.1.0-SNAPSHOT.jar:/home/user/.m2/repository/org/apache/hadoop/hadoop-hdds-hadoop-dependency-client/1.1.0-SNAPSHOT/hadoop-hdds-hadoop-dependency-client-1.1.0-SNAPSHOT.jar:/home/user/.m2/repository/info/picocli/picocli/4.4.0/picocli-4.4.0.jar:/home/user/.m2/repository/com/fasterxml/jackson/core/jackson-annotations/2.10.3/jackson-annotations-2.10.3.jar:/home/user/.m2/repository/javax/annotation/javax.annotation-api/1.2/javax.annotation-api-1.2.jar:/home/user/.m2/repository/org/apache/ratis/ratis-server/1.1.0-11689cd-SNAPSHOT/ratis-server-1.1.0-11689cd-SNAPSHOT.jar:/home/user/.m2/repository/org/apache/ratis/ratis-client/1.1.0-11689cd-SNAPSHOT/ratis-client-1.1.0-11689cd-SNAPSHOT.jar:/home/user/.m2/repository/org/apache/ratis/ratis-metrics/1.1.0-11689cd-SNAPSHOT/ratis-metrics-1.1.0-11689cd-SNAPSHOT.jar:/home/user/.m2/repository/org/apache/ratis/ratis-netty/1.1.0-11689cd-SNAPSHOT/ratis-netty-1.1.0-11689cd-SNAPSHOT.jar:/home/user/.m2/repository/org/apache/ratis/ratis-grpc/1.1.0-11689cd-SNAPSHOT/ratis-grpc-1.1.0-11689cd-SNAPSHOT.jar:/home/user/.m2/repository/org/apache/logging/log4j/log4j-api/2.13.3/log4j-api-2.13.3.jar:/home/user/.m2/repository/org/apache/logging/log4j/log4j-core/2.13.3/log4j-core-2.13.3.jar:/home/user/.m2/repository/com/lmax/disruptor/3.4.2/disruptor-3.4.2.jar:/home/user/.m2/repository/org/apache/commons/commons-pool2/2.6.0/commons-pool2-2.6.0.jar:/home/user/.m2/repository/org/bouncycastle/bcpkix-jdk15on/1.60/bcpkix-jdk15on-1.60.jar:/home/user/.m2/repository/commons-validator/commons-validator/1.6/commons-validator-1.6.jar:/home/user/.m2/repository/commons-digester/commons-digester/1.8.1/commons-digester-1.8.1.jar:/home/user/.m2/repository/io/jaegertracing/jaeger-client/1.2.0/jaeger-client-1.2.0.jar:/home/user/.m2/repository/io/jaegertracing/jaeger-thrift/1.2.0/jaeger-thrift-1.2.0.jar:/home/user/.m2/repository/org/apache/thrift/libthrift/0.13.0/libthrift-0.13.0.jar:/home/user/.m2/repository/com/squareup/okhttp3/okhttp/4.2.2/okhttp-4.2.2.jar:/home/user/.m2/repository/com/squareup/okio/okio/2.2.2/okio-2.2.2.jar:/home/user/.m2/repository/org/jetbrains/kotlin/kotlin-stdlib/1.3.50/kotlin-stdlib-1.3.50.jar:/home/user/.m2/repository/org/jetbrains/kotlin/kotlin-stdlib-common/1.3.50/kotlin-stdlib-common-1.3.50.jar:/home/user/.m2/repository/org/jetbrains/annotations/13.0/annotations-13.0.jar:/home/user/.m2/repository/io/jaegertracing/jaeger-core/1.2.0/jaeger-core-1.2.0.jar:/home/user/.m2/repository/io/jaegertracing/jaeger-tracerresolver/1.2.0/jaeger-tracerresolver-1.2.0.jar:/home/user/.m2/repository/io/opentracing/contrib/opentracing-tracerresolver/0.1.8/opentracing-tracerresolver-0.1.8.jar:/home/user/.m2/repository/io/opentracing/opentracing-util/0.33.0/opentracing-util-0.33.0.jar:/home/user/.m2/repository/io/opentracing/opentracing-api/0.33.0/opentracing-api-0.33.0.jar:/home/user/.m2/repository/io/opentracing/opentracing-noop/0.33.0/opentracing-noop-0.33.0.jar:/home/user/.m2/repository/org/apache/hadoop/hadoop-hdds-client/1.1.0-SNAPSHOT/hadoop-hdds-client-1.1.0-SNAPSHOT.jar:/home/user/.m2/repository/org/apache/hadoop/hadoop-ozone-interface-client/1.1.0-SNAPSHOT/hadoop-ozone-interface-client-1.1.0-SNAPSHOT.jar:/home/user/.m2/repository/org/apache/hadoop/hadoop-hdds-test-utils/1.1.0-SNAPSHOT/hadoop-hdds-test-utils-1.1.0-SNAPSHOT.jar:/home/user/.m2/repository/com/google/guava/guava/28.2-jre/guava-28.2-jre.jar:/home/user/.m2/repository/com/google/guava/failureaccess/1.0.1/failureaccess-1.0.1.jar:/home/user/.m2/repository/com/google/guava/listenablefuture/9999.0-empty-to-avoid-conflict-with-guava/listenablefuture-9999.0-empty-to-avoid-conflict-with-guava.jar:/home/user/.m2/repository/com/google/code/findbugs/jsr305/3.0.0/jsr305-3.0.0.jar:/home/user/.m2/repository/org/checkerframework/checker-qual/2.10.0/checker-qual-2.10.0.jar:/home/user/.m2/repository/com/google/errorprone/error_prone_annotations/2.2.0/error_prone_annotations-2.2.0.jar:/home/user/.m2/repository/com/google/j2objc/j2objc-annotations/1.3/j2objc-annotations-1.3.jar:/home/user/.m2/repository/commons-io/commons-io/2.5/commons-io-2.5.jar:/home/user/.m2/repository/commons-logging/commons-logging/1.2/commons-logging-1.2.jar:/home/user/.m2/repository/log4j/log4j/1.2.17/log4j-1.2.17.jar:/home/user/.m2/repository/org/slf4j/slf4j-api/1.7.25/slf4j-api-1.7.25.jar:/home/user/.m2/repository/org/apache/hadoop/hadoop-hdds-server-scm/1.1.0-SNAPSHOT/hadoop-hdds-server-scm-1.1.0-SNAPSHOT.jar:/home/user/.m2/repository/org/apache/hadoop/hadoop-hdds-container-service/1.1.0-SNAPSHOT/hadoop-hdds-container-service-1.1.0-SNAPSHOT.jar:/home/user/.m2/repository/org/apache/hadoop/hadoop-hdds-hadoop-dependency-server/1.1.0-SNAPSHOT/hadoop-hdds-hadoop-dependency-server-1.1.0-SNAPSHOT.jar:/home/user/.m2/repository/org/apache/hadoop/hadoop-hdds-server-framework/1.1.0-SNAPSHOT/hadoop-hdds-server-framework-1.1.0-SNAPSHOT.jar:/home/user/.m2/repository/org/apache/hadoop/hadoop-hdds-interface-server/1.1.0-SNAPSHOT/hadoop-hdds-interface-server-1.1.0-SNAPSHOT.jar:/home/user/.m2/repository/org/apache/hadoop/hadoop-hdds-interface-admin/1.1.0-SNAPSHOT/hadoop-hdds-interface-admin-1.1.0-SNAPSHOT.jar:/home/user/.m2/repository/org/rocksdb/rocksdbjni/6.8.1/rocksdbjni-6.8.1.jar:/home/user/.m2/repository/io/prometheus/simpleclient_dropwizard/0.7.0/simpleclient_dropwizard-0.7.0.jar:/home/user/.m2/repository/io/prometheus/simpleclient/0.7.0/simpleclient-0.7.0.jar:/home/user/.m2/repository/io/prometheus/simpleclient_common/0.7.0/simpleclient_common-0.7.0.jar:/home/user/.m2/repository/com/fasterxml/jackson/datatype/jackson-datatype-jsr310/2.10.3/jackson-datatype-jsr310-2.10.3.jar:/home/user/.m2/repository/io/dropwizard/metrics/metrics-core/3.2.4/metrics-core-3.2.4.jar:/home/user/.m2/repository/org/apache/hadoop/hadoop-hdfs-client/3.2.1/hadoop-hdfs-client-3.2.1.jar:/home/user/.m2/repository/org/bouncycastle/bcprov-jdk15on/1.60/bcprov-jdk15on-1.60.jar:/home/user/.m2/repository/org/apache/hadoop/hadoop-ozone-ozone-manager/1.1.0-SNAPSHOT/hadoop-ozone-ozone-manager-1.1.0-SNAPSHOT.jar:/home/user/.m2/repository/org/apache/hadoop/hadoop-hdds-interface-client/1.1.0-SNAPSHOT/hadoop-hdds-interface-client-1.1.0-SNAPSHOT.jar:/home/user/.m2/repository/org/apache/ratis/ratis-thirdparty-misc/0.6.0-SNAPSHOT/ratis-thirdparty-misc-0.6.0-SNAPSHOT.jar:/home/user/.m2/repository/org/apache/hadoop/hadoop-ozone-interface-storage/1.1.0-SNAPSHOT/hadoop-ozone-interface-storage-1.1.0-SNAPSHOT.jar:/home/user/.m2/repository/org/apache/hadoop/hadoop-minikdc/3.2.1/hadoop-minikdc-3.2.1.jar:/home/user/.m2/repository/org/apache/kerby/kerb-simplekdc/1.0.1/kerb-simplekdc-1.0.1.jar:/home/user/.m2/repository/org/apache/kerby/kerb-client/1.0.1/kerb-client-1.0.1.jar:/home/user/.m2/repository/org/apache/kerby/kerby-config/1.0.1/kerby-config-1.0.1.jar:/home/user/.m2/repository/org/apache/kerby/kerb-core/1.0.1/kerb-core-1.0.1.jar:/home/user/.m2/repository/org/apache/kerby/kerby-pkix/1.0.1/kerby-pkix-1.0.1.jar:/home/user/.m2/repository/org/apache/kerby/kerby-asn1/1.0.1/kerby-asn1-1.0.1.jar:/home/user/.m2/repository/org/apache/kerby/kerby-util/1.0.1/kerby-util-1.0.1.jar:/home/user/.m2/repository/org/apache/kerby/kerb-common/1.0.1/kerb-common-1.0.1.jar:/home/user/.m2/repository/org/apache/kerby/kerb-crypto/1.0.1/kerb-crypto-1.0.1.jar:/home/user/.m2/repository/org/apache/kerby/kerb-util/1.0.1/kerb-util-1.0.1.jar:/home/user/.m2/repository/org/apache/kerby/token-provider/1.0.1/token-provider-1.0.1.jar:/home/user/.m2/repository/org/apache/kerby/kerb-admin/1.0.1/kerb-admin-1.0.1.jar:/home/user/.m2/repository/org/apache/kerby/kerb-server/1.0.1/kerb-server-1.0.1.jar:/home/user/.m2/repository/org/apache/kerby/kerb-identity/1.0.1/kerb-identity-1.0.1.jar:/home/user/.m2/repository/org/apache/kerby/kerby-xdr/1.0.1/kerby-xdr-1.0.1.jar:/home/user/.m2/repository/org/slf4j/slf4j-log4j12/1.7.25/slf4j-log4j12-1.7.25.jar:/home/user/.m2/repository/org/apache/hadoop/hadoop-ozone-s3gateway/1.1.0-SNAPSHOT/hadoop-ozone-s3gateway-1.1.0-SNAPSHOT.jar:/home/user/.m2/repository/org/jboss/weld/servlet/weld-servlet/2.4.7.Final/weld-servlet-2.4.7.Final.jar:/home/user/.m2/repository/org/glassfish/jersey/containers/jersey-container-servlet-core/2.27/jersey-container-servlet-core-2.27.jar:/home/user/.m2/repository/org/glassfish/hk2/external/javax.inject/2.5.0-b42/javax.inject-2.5.0-b42.jar:/home/user/.m2/repository/org/glassfish/jersey/core/jersey-common/2.27/jersey-common-2.27.jar:/home/user/.m2/repository/org/glassfish/hk2/osgi-resource-locator/1.0.1/osgi-resource-locator-1.0.1.jar:/home/user/.m2/repository/javax/ws/rs/javax.ws.rs-api/2.1/javax.ws.rs-api-2.1.jar:/home/user/.m2/repository/org/glassfish/jersey/ext/cdi/jersey-cdi1x/2.27/jersey-cdi1x-2.27.jar:/home/user/.m2/repository/org/glassfish/jersey/inject/jersey-hk2/2.27/jersey-hk2-2.27.jar:/home/user/.m2/repository/org/glassfish/hk2/hk2-locator/2.5.0-b42/hk2-locator-2.5.0-b42.jar:/home/user/.m2/repository/org/javassist/javassist/3.22.0-CR2/javassist-3.22.0-CR2.jar:/home/user/.m2/repository/org/glassfish/hk2/hk2-api/2.5.0/hk2-api-2.5.0.jar:/home/user/.m2/repository/org/glassfish/hk2/external/jakarta.inject/2.5.0/jakarta.inject-2.5.0.jar:/home/user/.m2/repository/org/glassfish/hk2/hk2-utils/2.5.0/hk2-utils-2.5.0.jar:/home/user/.m2/repository/jakarta/annotation/jakarta.annotation-api/1.3.4/jakarta.annotation-api-1.3.4.jar:/home/user/.m2/repository/org/glassfish/hk2/external/aopalliance-repackaged/2.5.0/aopalliance-repackaged-2.5.0.jar:/home/user/.m2/repository/com/fasterxml/jackson/dataformat/jackson-dataformat-xml/2.10.3/jackson-dataformat-xml-2.10.3.jar:/home/user/.m2/repository/com/fasterxml/jackson/core/jackson-core/2.10.3/jackson-core-2.10.3.jar:/home/user/.m2/repository/com/fasterxml/jackson/module/jackson-module-jaxb-annotations/2.10.3/jackson-module-jaxb-annotations-2.10.3.jar:/home/user/.m2/repository/jakarta/xml/bind/jakarta.xml.bind-api/2.3.2/jakarta.xml.bind-api-2.3.2.jar:/home/user/.m2/repository/jakarta/activation/jakarta.activation-api/1.2.1/jakarta.activation-api-1.2.1.jar:/home/user/.m2/repository/org/codehaus/woodstox/stax2-api/3.1.4/stax2-api-3.1.4.jar:/home/user/.m2/repository/com/fasterxml/woodstox/woodstox-core/5.0.3/woodstox-core-5.0.3.jar:/home/user/.m2/repository/javax/enterprise/cdi-api/1.2/cdi-api-1.2.jar:/home/user/.m2/repository/javax/el/javax.el-api/3.0.0/javax.el-api-3.0.0.jar:/home/user/.m2/repository/javax/interceptor/javax.interceptor-api/1.2/javax.interceptor-api-1.2.jar:/home/user/.m2/repository/javax/inject/javax.inject/1/javax.inject-1.jar:/home/user/.m2/repository/com/sun/xml/bind/jaxb-impl/2.3.0.1/jaxb-impl-2.3.0.1.jar:/home/user/.m2/repository/com/sun/xml/bind/jaxb-core/2.3.0.1/jaxb-core-2.3.0.1.jar:/home/user/.m2/repository/javax/xml/bind/jaxb-api/2.3.0/jaxb-api-2.3.0.jar:/home/user/.m2/repository/javax/activation/activation/1.1.1/activation-1.1.1.jar:/home/user/.m2/repository/org/apache/hadoop/hadoop-ozone-csi/1.1.0-SNAPSHOT/hadoop-ozone-csi-1.1.0-SNAPSHOT.jar:/home/user/.m2/repository/com/google/protobuf/protobuf-java-util/3.11.0/protobuf-java-util-3.11.0.jar:/home/user/.m2/repository/com/google/code/gson/gson/2.2.4/gson-2.2.4.jar:/home/user/.m2/repository/org/apache/hadoop/hadoop-hdds-config/1.1.0-SNAPSHOT/hadoop-hdds-config-1.1.0-SNAPSHOT.jar:/home/user/.m2/repository/com/google/protobuf/protobuf-java/2.5.0/protobuf-java-2.5.0.jar:/home/user/.m2/repository/io/grpc/grpc-netty/1.29.0/grpc-netty-1.29.0.jar:/home/user/.m2/repository/io/grpc/grpc-core/1.29.0/grpc-core-1.29.0.jar:/home/user/.m2/repository/com/google/android/annotations/4.1.1.4/annotations-4.1.1.4.jar:/home/user/.m2/repository/io/perfmark/perfmark-api/0.19.0/perfmark-api-0.19.0.jar:/home/user/.m2/repository/io/netty/netty-codec-http2/4.1.48.Final/netty-codec-http2-4.1.48.Final.jar:/home/user/.m2/repository/io/netty/netty-codec/4.1.48.Final/netty-codec-4.1.48.Final.jar:/home/user/.m2/repository/io/netty/netty-handler/4.1.48.Final/netty-handler-4.1.48.Final.jar:/home/user/.m2/repository/io/netty/netty-codec-http/4.1.48.Final/netty-codec-http-4.1.48.Final.jar:/home/user/.m2/repository/io/netty/netty-handler-proxy/4.1.48.Final/netty-handler-proxy-4.1.48.Final.jar:/home/user/.m2/repository/io/netty/netty-codec-socks/4.1.48.Final/netty-codec-socks-4.1.48.Final.jar:/home/user/.m2/repository/io/netty/netty-transport-native-epoll/4.1.48.Final/netty-transport-native-epoll-4.1.48.Final.jar:/home/user/.m2/repository/io/netty/netty-common/4.1.48.Final/netty-common-4.1.48.Final.jar:/home/user/.m2/repository/io/netty/netty-buffer/4.1.48.Final/netty-buffer-4.1.48.Final.jar:/home/user/.m2/repository/io/netty/netty-transport/4.1.48.Final/netty-transport-4.1.48.Final.jar:/home/user/.m2/repository/io/netty/netty-resolver/4.1.48.Final/netty-resolver-4.1.48.Final.jar:/home/user/.m2/repository/io/netty/netty-transport-native-unix-common/4.1.48.Final/netty-transport-native-unix-common-4.1.48.Final.jar:/home/user/.m2/repository/io/grpc/grpc-protobuf/1.29.0/grpc-protobuf-1.29.0.jar:/home/user/.m2/repository/io/grpc/grpc-api/1.29.0/grpc-api-1.29.0.jar:/home/user/.m2/repository/io/grpc/grpc-context/1.29.0/grpc-context-1.29.0.jar:/home/user/.m2/repository/org/codehaus/mojo/animal-sniffer-annotations/1.18/animal-sniffer-annotations-1.18.jar:/home/user/.m2/repository/com/google/api/grpc/proto-google-common-protos/1.17.0/proto-google-common-protos-1.17.0.jar:/home/user/.m2/repository/io/grpc/grpc-protobuf-lite/1.29.0/grpc-protobuf-lite-1.29.0.jar:/home/user/.m2/repository/io/grpc/grpc-stub/1.29.0/grpc-stub-1.29.0.jar:/home/user/.m2/repository/org/apache/hadoop/hadoop-ozone-recon/1.1.0-SNAPSHOT/hadoop-ozone-recon-1.1.0-SNAPSHOT.jar:/home/user/.m2/repository/org/apache/hadoop/hadoop-ozone-reconcodegen/1.1.0-SNAPSHOT/hadoop-ozone-reconcodegen-1.1.0-SNAPSHOT.jar:/home/user/.m2/repository/com/google/inject/extensions/guice-multibindings/4.0/guice-multibindings-4.0.jar:/home/user/.m2/repository/com/google/inject/guice/4.0/guice-4.0.jar:/home/user/.m2/repository/aopalliance/aopalliance/1.0/aopalliance-1.0.jar:/home/user/.m2/repository/com/google/inject/extensions/guice-assistedinject/4.0/guice-assistedinject-4.0.jar:/home/user/.m2/repository/com/google/inject/extensions/guice-servlet/4.0/guice-servlet-4.0.jar:/home/user/.m2/repository/org/glassfish/jersey/containers/jersey-container-servlet/2.27/jersey-container-servlet-2.27.jar:/home/user/.m2/repository/org/glassfish/hk2/guice-bridge/2.5.0/guice-bridge-2.5.0.jar:/home/user/.m2/repository/org/glassfish/jersey/core/jersey-server/2.27/jersey-server-2.27.jar:/home/user/.m2/repository/org/glassfish/jersey/core/jersey-client/2.27/jersey-client-2.27.jar:/home/user/.m2/repository/org/glassfish/jersey/media/jersey-media-jaxb/2.27/jersey-media-jaxb-2.27.jar:/home/user/.m2/repository/javax/validation/validation-api/1.1.0.Final/validation-api-1.1.0.Final.jar:/home/user/.m2/repository/org/glassfish/jersey/media/jersey-media-json-jackson/2.27/jersey-media-json-jackson-2.27.jar:/home/user/.m2/repository/org/glassfish/jersey/ext/jersey-entity-filtering/2.27/jersey-entity-filtering-2.27.jar:/home/user/.m2/repository/org/jooq/jooq/3.11.10/jooq-3.11.10.jar:/home/user/.m2/repository/org/jooq/jooq-meta/3.11.10/jooq-meta-3.11.10.jar:/home/user/.m2/repository/org/jooq/jooq-codegen/3.11.10/jooq-codegen-3.11.10.jar:/home/user/.m2/repository/com/jolbox/bonecp/0.8.0.RELEASE/bonecp-0.8.0.RELEASE.jar:/home/user/.m2/repository/org/apache/derby/derby/10.14.2.0/derby-10.14.2.0.jar:/home/user/.m2/repository/org/xerial/sqlite-jdbc/3.25.2/sqlite-jdbc-3.25.2.jar:/home/user/.m2/repository/org/springframework/spring-jdbc/5.2.5.RELEASE/spring-jdbc-5.2.5.RELEASE.jar:/home/user/.m2/repository/org/springframework/spring-beans/5.2.5.RELEASE/spring-beans-5.2.5.RELEASE.jar:/home/user/.m2/repository/org/springframework/spring-core/5.2.5.RELEASE/spring-core-5.2.5.RELEASE.jar:/home/user/.m2/repository/org/springframework/spring-jcl/5.2.5.RELEASE/spring-jcl-5.2.5.RELEASE.jar:/home/user/.m2/repository/org/springframework/spring-tx/5.2.5.RELEASE/spring-tx-5.2.5.RELEASE.jar:/home/user/.m2/repository/org/apache/hadoop/hadoop-ozone-client/1.1.0-SNAPSHOT/hadoop-ozone-client-1.1.0-SNAPSHOT.jar:/home/user/.m2/repository/org/apache/hadoop/hadoop-ozone-filesystem/1.1.0-SNAPSHOT/hadoop-ozone-filesystem-1.1.0-SNAPSHOT.jar:/home/user/.m2/repository/org/apache/hadoop/hadoop-ozone-filesystem-common/1.1.0-SNAPSHOT/hadoop-ozone-filesystem-common-1.1.0-SNAPSHOT.jar:/home/user/.m2/repository/org/apache/hadoop/hadoop-ozone-tools/1.1.0-SNAPSHOT/hadoop-ozone-tools-1.1.0-SNAPSHOT.jar:/home/user/.m2/repository/org/apache/hadoop/hadoop-hdfs/3.2.1/hadoop-hdfs-3.2.1.jar:/home/user/.m2/repository/org/apache/ratis/ratis-tools/1.1.0-11689cd-SNAPSHOT/ratis-tools-1.1.0-11689cd-SNAPSHOT.jar:/home/user/.m2/repository/org/apache/ratis/ratis-proto/1.1.0-11689cd-SNAPSHOT/ratis-proto-1.1.0-11689cd-SNAPSHOT.jar:/home/user/.m2/repository/org/apache/ratis/ratis-common/1.1.0-11689cd-SNAPSHOT/ratis-common-1.1.0-11689cd-SNAPSHOT.jar:/home/user/.m2/repository/com/amazonaws/aws-java-sdk-core/1.11.615/aws-java-sdk-core-1.11.615.jar:/home/user/.m2/repository/org/apache/httpcomponents/httpclient/4.5.13/httpclient-4.5.13.jar:/home/user/.m2/repository/org/apache/httpcomponents/httpcore/4.4.13/httpcore-4.4.13.jar:/home/user/.m2/repository/software/amazon/ion/ion-java/1.0.2/ion-java-1.0.2.jar:/home/user/.m2/repository/com/fasterxml/jackson/dataformat/jackson-dataformat-cbor/2.10.3/jackson-dataformat-cbor-2.10.3.jar:/home/user/.m2/repository/joda-time/joda-time/2.8.1/joda-time-2.8.1.jar:/home/user/.m2/repository/com/amazonaws/aws-java-sdk-s3/1.11.615/aws-java-sdk-s3-1.11.615.jar:/home/user/.m2/repository/com/amazonaws/aws-java-sdk-kms/1.11.615/aws-java-sdk-kms-1.11.615.jar:/home/user/.m2/repository/com/amazonaws/jmespath-java/1.11.615/jmespath-java-1.11.615.jar:/home/user/.m2/repository/org/kohsuke/metainf-services/metainf-services/1.8/metainf-services-1.8.jar:/home/user/.m2/repository/org/apache/hadoop/hadoop-hdds-tools/1.1.0-SNAPSHOT/hadoop-hdds-tools-1.1.0-SNAPSHOT.jar:/home/user/.m2/repository/commons-cli/commons-cli/1.2/commons-cli-1.2.jar:/home/user/.m2/repository/org/apache/commons/commons-lang3/3.7/commons-lang3-3.7.jar:/home/user/.m2/repository/org/apache/hadoop/hadoop-ozone-ozone-manager/1.1.0-SNAPSHOT/hadoop-ozone-ozone-manager-1.1.0-SNAPSHOT-tests.jar:/home/user/.m2/repository/junit/junit/4.11/junit-4.11.jar:/home/user/.m2/repository/org/hamcrest/hamcrest-core/1.3/hamcrest-core-1.3.jar:/home/user/.m2/repository/org/openjdk/jmh/jmh-core/1.19/jmh-core-1.19.jar:/home/user/.m2/repository/net/sf/jopt-simple/jopt-simple/4.6/jopt-simple-4.6.jar:/home/user/.m2/repository/org/apache/commons/commons-math3/3.1.1/commons-math3-3.1.1.jar:/home/user/.m2/repository/org/openjdk/jmh/jmh-generator-annprocess/1.19/jmh-generator-annprocess-1.19.jar:/home/user/.m2/repository/org/mockito/mockito-all/1.8.5/mockito-all-1.8.5.jar:/home/user/.m2/repository/org/apache/hadoop/hadoop-kms/3.2.1/hadoop-kms-3.2.1.jar:/home/user/.m2/repository/org/apache/hadoop/hadoop-auth/3.2.1/hadoop-auth-3.2.1.jar:/home/user/.m2/repository/com/nimbusds/nimbus-jose-jwt/7.9/nimbus-jose-jwt-7.9.jar:/home/user/.m2/repository/com/github/stephenc/jcip/jcip-annotations/1.0-1/jcip-annotations-1.0-1.jar:/home/user/.m2/repository/net/minidev/json-smart/2.3/json-smart-2.3.jar:/home/user/.m2/repository/net/minidev/accessors-smart/1.2/accessors-smart-1.2.jar:/home/user/.m2/repository/org/ow2/asm/asm/5.0.4/asm-5.0.4.jar:/home/user/.m2/repository/org/apache/zookeeper/zookeeper/3.4.13/zookeeper-3.4.13.jar:/home/user/.m2/repository/org/apache/yetus/audience-annotations/0.5.0/audience-annotations-0.5.0.jar:/home/user/.m2/repository/org/apache/curator/curator-framework/2.13.0/curator-framework-2.13.0.jar:/home/user/.m2/repository/com/sun/jersey/jersey-core/1.19/jersey-core-1.19.jar:/home/user/.m2/repository/javax/ws/rs/jsr311-api/1.1.1/jsr311-api-1.1.1.jar:/home/user/.m2/repository/com/sun/jersey/jersey-server/1.19/jersey-server-1.19.jar:/home/user/.m2/repository/javax/servlet/javax.servlet-api/3.1.0/javax.servlet-api-3.1.0.jar:/home/user/.m2/repository/org/eclipse/jetty/jetty-server/9.4.34.v20201102/jetty-server-9.4.34.v20201102.jar:/home/user/.m2/repository/org/eclipse/jetty/jetty-http/9.4.34.v20201102/jetty-http-9.4.34.v20201102.jar:/home/user/.m2/repository/org/eclipse/jetty/jetty-io/9.4.34.v20201102/jetty-io-9.4.34.v20201102.jar:/home/user/.m2/repository/org/eclipse/jetty/jetty-webapp/9.4.34.v20201102/jetty-webapp-9.4.34.v20201102.jar:/home/user/.m2/repository/org/eclipse/jetty/jetty-xml/9.4.34.v20201102/jetty-xml-9.4.34.v20201102.jar:/home/user/.m2/repository/org/eclipse/jetty/jetty-servlet/9.4.34.v20201102/jetty-servlet-9.4.34.v20201102.jar:/home/user/.m2/repository/org/eclipse/jetty/jetty-security/9.4.34.v20201102/jetty-security-9.4.34.v20201102.jar:/home/user/.m2/repository/org/apache/hadoop/hadoop-common/3.2.1/hadoop-common-3.2.1.jar:/home/user/.m2/repository/commons-net/commons-net/3.6/commons-net-3.6.jar:/home/user/.m2/repository/commons-collections/commons-collections/3.2.2/commons-collections-3.2.2.jar:/home/user/.m2/repository/com/sun/jersey/jersey-servlet/1.19/jersey-servlet-1.19.jar:/home/user/.m2/repository/com/sun/jersey/jersey-json/1.19/jersey-json-1.19.jar:/home/user/.m2/repository/org/codehaus/jettison/jettison/1.1/jettison-1.1.jar:/home/user/.m2/repository/org/codehaus/jackson/jackson-jaxrs/1.9.2/jackson-jaxrs-1.9.2.jar:/home/user/.m2/repository/org/codehaus/jackson/jackson-xc/1.9.2/jackson-xc-1.9.2.jar:/home/user/.m2/repository/commons-beanutils/commons-beanutils/1.9.4/commons-beanutils-1.9.4.jar:/home/user/.m2/repository/org/apache/commons/commons-configuration2/2.1.1/commons-configuration2-2.1.1.jar:/home/user/.m2/repository/org/apache/commons/commons-text/1.4/commons-text-1.4.jar:/home/user/.m2/repository/com/google/re2j/re2j/1.1/re2j-1.1.jar:/home/user/.m2/repository/com/jcraft/jsch/0.1.54/jsch-0.1.54.jar:/home/user/.m2/repository/org/apache/curator/curator-client/2.13.0/curator-client-2.13.0.jar:/home/user/.m2/repository/org/apache/curator/curator-recipes/2.13.0/curator-recipes-2.13.0.jar:/home/user/.m2/repository/dnsjava/dnsjava/2.1.7/dnsjava-2.1.7.jar:/home/user/.m2/repository/org/slf4j/jul-to-slf4j/1.7.25/jul-to-slf4j-1.7.25.jar:/home/user/.m2/repository/org/eclipse/jetty/jetty-util/9.4.34.v20201102/jetty-util-9.4.34.v20201102.jar:/home/user/.m2/repository/com/fasterxml/jackson/core/jackson-databind/2.10.3/jackson-databind-2.10.3.jar:/home/user/.m2/repository/org/apache/hadoop/hadoop-kms/3.2.1/hadoop-kms-3.2.1-tests.jar:/home/user/.m2/repository/org/apache/hadoop/hadoop-hdds-server-scm/1.1.0-SNAPSHOT/hadoop-hdds-server-scm-1.1.0-SNAPSHOT-tests.jar:/home/user/.m2/repository/org/apache/hadoop/hadoop-hdds-container-service/1.1.0-SNAPSHOT/hadoop-hdds-container-service-1.1.0-SNAPSHOT-tests.jar:/home/user/.m2/repository/org/apache/hadoop/hadoop-hdds-common/1.1.0-SNAPSHOT/hadoop-hdds-common-1.1.0-SNAPSHOT-tests.jar:/home/user/.m2/repository/org/yaml/snakeyaml/1.16/snakeyaml-1.16.jar:/home/user/.m2/repository/org/apache/hadoop/hadoop-hdds-hadoop-dependency-test/1.1.0-SNAPSHOT/hadoop-hdds-hadoop-dependency-test-1.1.0-SNAPSHOT.jar:/home/user/.m2/repository/org/apache/hadoop/hadoop-common/3.2.1/hadoop-common-3.2.1-tests.jar:/home/user/.m2/repository/javax/servlet/jsp/jsp-api/2.1/jsp-api-2.1.jar:/home/user/.m2/repository/org/apache/hadoop/hadoop-hdfs/3.2.1/hadoop-hdfs-3.2.1-tests.jar:/home/user/.m2/repository/org/eclipse/jetty/jetty-util-ajax/9.4.34.v20201102/jetty-util-ajax-9.4.34.v20201102.jar:/home/user/.m2/repository/commons-codec/commons-codec/1.11/commons-codec-1.11.jar:/home/user/.m2/repository/commons-daemon/commons-daemon/1.0.13/commons-daemon-1.0.13.jar:/home/user/.m2/repository/io/netty/netty/3.10.5.Final/netty-3.10.5.Final.jar:/home/user/.m2/repository/io/netty/netty-all/4.1.48.Final/netty-all-4.1.48.Final.jar:/home/user/.m2/repository/org/apache/htrace/htrace-core4/4.1.0-incubating/htrace-core4-4.1.0-incubating.jar:/home/user/.m2/repository/org/fusesource/leveldbjni/leveldbjni-all/1.8/leveldbjni-all-1.8.jar:/home/user/.m2/repository/org/apache/hadoop/hadoop-distcp/3.2.1/hadoop-distcp-3.2.1.jar:/home/user/.m2/repository/org/apache/hadoop/hadoop-mapreduce-client-jobclient/3.2.1/hadoop-mapreduce-client-jobclient-3.2.1.jar:/home/user/.m2/repository/org/apache/hadoop/hadoop-mapreduce-client-common/3.2.1/hadoop-mapreduce-client-common-3.2.1.jar:/home/user/.m2/repository/org/apache/hadoop/hadoop-yarn-common/3.2.1/hadoop-yarn-common-3.2.1.jar:/home/user/.m2/repository/org/apache/hadoop/hadoop-yarn-api/3.2.1/hadoop-yarn-api-3.2.1.jar:/home/user/.m2/repository/com/sun/jersey/jersey-client/1.19/jersey-client-1.19.jar:/home/user/.m2/repository/com/sun/jersey/contribs/jersey-guice/1.19/jersey-guice-1.19.jar:/home/user/.m2/repository/com/fasterxml/jackson/jaxrs/jackson-jaxrs-json-provider/2.10.3/jackson-jaxrs-json-provider-2.10.3.jar:/home/user/.m2/repository/com/fasterxml/jackson/jaxrs/jackson-jaxrs-base/2.10.3/jackson-jaxrs-base-2.10.3.jar:/home/user/.m2/repository/org/apache/hadoop/hadoop-yarn-client/3.2.1/hadoop-yarn-client-3.2.1.jar:/home/user/.m2/repository/org/apache/hadoop/hadoop-mapreduce-client-core/3.2.1/hadoop-mapreduce-client-core-3.2.1.jar:/home/user/.m2/repository/org/apache/avro/avro/1.7.7/avro-1.7.7.jar:/home/user/.m2/repository/org/codehaus/jackson/jackson-core-asl/1.9.13/jackson-core-asl-1.9.13.jar:/home/user/.m2/repository/org/codehaus/jackson/jackson-mapper-asl/1.9.13/jackson-mapper-asl-1.9.13.jar:/home/user/.m2/repository/com/thoughtworks/paranamer/paranamer/2.3/paranamer-2.3.jar:/home/user/.m2/repository/org/xerial/snappy/snappy-java/1.0.5/snappy-java-1.0.5.jar:/home/user/.m2/repository/org/apache/hadoop/hadoop-annotations/3.2.1/hadoop-annotations-3.2.1.jar:/usr/lib/jvm/java-1.8.0-openjdk-1.8.0.232.b09-0.el7_7.x86_64/jre/../lib/tools.jar:/home/user/.m2/repository/org/apache/hadoop/hadoop-distcp/3.2.1/hadoop-distcp-3.2.1-tests.jar:"/>
    <property name="sun.cpu.endian" value="little"/>
    <property name="user.home" value="/home/user"/>
    <property name="user.language" value="en"/>
    <property name="java.specification.vendor" value="Oracle Corporation"/>
    <property name="java.home" value="/usr/lib/jvm/java-1.8.0-openjdk-1.8.0.232.b09-0.el7_7.x86_64/jre"/>
    <property name="java.security.krb5.conf" value="/github/workspace/mnt/ozone/hadoop-ozone/integration-test/target/test-classes/krb5.conf"/>
    <property name="basedir" value="/github/workspace/mnt/ozone/hadoop-ozone/integration-test"/>
    <property name="file.separator" value="/"/>
    <property name="line.separator" value="&#10;"/>
    <property name="java.vm.specification.vendor" value="Oracle Corporation"/>
    <property name="java.specification.name" value="Java Platform API Specification"/>
    <property name="java.awt.graphicsenv" value="sun.awt.X11GraphicsEnvironment"/>
    <property name="skip.installnpx" value="true"/>
    <property name="surefire.real.class.path" value="/github/workspace/mnt/ozone/hadoop-ozone/integration-test/target/surefire/surefirebooter3440661283806564393.jar:/home/user/.m2/repository/org/jacoco/org.jacoco.agent/0.8.5/org.jacoco.agent-0.8.5-runtime.jar"/>
    <property name="hadoop.log.dir" value="/github/workspace/mnt/ozone/hadoop-ozone/integration-test/target/log"/>
    <property name="sun.boot.class.path" value="/usr/lib/jvm/java-1.8.0-openjdk-1.8.0.232.b09-0.el7_7.x86_64/jre/lib/resources.jar:/usr/lib/jvm/java-1.8.0-openjdk-1.8.0.232.b09-0.el7_7.x86_64/jre/lib/rt.jar:/usr/lib/jvm/java-1.8.0-openjdk-1.8.0.232.b09-0.el7_7.x86_64/jre/lib/sunrsasign.jar:/usr/lib/jvm/java-1.8.0-openjdk-1.8.0.232.b09-0.el7_7.x86_64/jre/lib/jsse.jar:/usr/lib/jvm/java-1.8.0-openjdk-1.8.0.232.b09-0.el7_7.x86_64/jre/lib/jce.jar:/usr/lib/jvm/java-1.8.0-openjdk-1.8.0.232.b09-0.el7_7.x86_64/jre/lib/charsets.jar:/usr/lib/jvm/java-1.8.0-openjdk-1.8.0.232.b09-0.el7_7.x86_64/jre/lib/jfr.jar:/usr/lib/jvm/java-1.8.0-openjdk-1.8.0.232.b09-0.el7_7.x86_64/jre/classes"/>
    <property name="sun.management.compiler" value="HotSpot 64-Bit Tiered Compilers"/>
    <property name="skip.npx" value="true"/>
    <property name="java.runtime.version" value="1.8.0_232-b09"/>
    <property name="java.net.preferIPv4Stack" value="true"/>
    <property name="user.name" value="jenkins1001"/>
    <property name="path.separator" value=":"/>
    <property name="java.security.egd" value="file:///dev/urandom"/>
    <property name="os.version" value="5.4.0-1031-azure"/>
    <property name="java.endorsed.dirs" value="/usr/lib/jvm/java-1.8.0-openjdk-1.8.0.232.b09-0.el7_7.x86_64/jre/lib/endorsed"/>
    <property name="java.runtime.name" value="OpenJDK Runtime Environment"/>
    <property name="file.encoding" value="ANSI_X3.4-1968"/>
    <property name="java.vm.name" value="OpenJDK 64-Bit Server VM"/>
    <property name="test.build.webapps" value=""/>
    <property name="localRepository" value="/home/user/.m2/repository"/>
    <property name="java.vendor.url.bug" value="http://bugreport.sun.com/bugreport/"/>
    <property name="java.io.tmpdir" value="/tmp"/>
    <property name="require.test.libhadoop" value=""/>
    <property name="java.version" value="1.8.0_232"/>
    <property name="user.dir" value="/github/workspace/mnt/ozone/hadoop-ozone/integration-test"/>
    <property name="os.arch" value="amd64"/>
    <property name="java.vm.specification.name" value="Java Virtual Machine Specification"/>
    <property name="test.build.classes" value="/github/workspace/mnt/ozone/hadoop-ozone/integration-test/target/test-classes"/>
    <property name="java.awt.printerjob" value="sun.print.PSPrinterJob"/>
    <property name="sun.os.patch.level" value="unknown"/>
    <property name="hadoop.tmp.dir" value="/github/workspace/mnt/ozone/hadoop-ozone/integration-test/target/tmp"/>
    <property name="java.library.path" value="/usr/lib:/usr/java/packages/lib/amd64:/usr/lib64:/lib64:/lib:/usr/lib"/>
    <property name="java.vm.info" value="mixed mode"/>
    <property name="java.vendor" value="Oracle Corporation"/>
    <property name="java.vm.version" value="25.232-b09"/>
    <property name="java.ext.dirs" value="/usr/lib/jvm/java-1.8.0-openjdk-1.8.0.232.b09-0.el7_7.x86_64/jre/lib/ext:/usr/java/packages/lib/ext"/>
    <property name="sun.io.unicode.encoding" value="UnicodeLittle"/>
    <property name="java.class.version" value="52.0"/>
  </properties>
  <testcase name="testOMRetryCache" classname="org.apache.hadoop.ozone.om.TestOzoneManagerHAMetadataOnly" time="28.449">
    <failure type="java.lang.AssertionError">java.lang.AssertionError
	at org.junit.Assert.fail(Assert.java:86)
	at org.junit.Assert.assertTrue(Assert.java:41)
	at org.junit.Assert.assertFalse(Assert.java:64)
	at org.junit.Assert.assertFalse(Assert.java:74)
	at org.apache.hadoop.ozone.om.TestOzoneManagerHAMetadataOnly.testOMRetryCache(TestOzoneManagerHAMetadataOnly.java:422)
	at sun.reflect.NativeMethodAccessorImpl.invoke0(Native Method)
	at sun.reflect.NativeMethodAccessorImpl.invoke(NativeMethodAccessorImpl.java:62)
	at sun.reflect.DelegatingMethodAccessorImpl.invoke(DelegatingMethodAccessorImpl.java:43)
	at java.lang.reflect.Method.invoke(Method.java:498)
	at org.junit.runners.model.FrameworkMethod$1.runReflectiveCall(FrameworkMethod.java:47)
	at org.junit.internal.runners.model.ReflectiveCallable.run(ReflectiveCallable.java:12)
	at org.junit.runners.model.FrameworkMethod.invokeExplosively(FrameworkMethod.java:44)
	at org.junit.internal.runners.statements.InvokeMethod.evaluate(InvokeMethod.java:17)
	at org.junit.internal.runners.statements.RunBefores.evaluate(RunBefores.java:26)
	at org.junit.internal.runners.statements.RunAfters.evaluate(RunAfters.java:27)
	at org.junit.rules.ExpectedException$ExpectedExceptionStatement.evaluate(ExpectedException.java:168)
	at org.junit.internal.runners.statements.FailOnTimeout$StatementThread.run(FailOnTimeout.java:74)
</failure>
    <system-out><![CDATA[2020-11-20 01:45:31,963 [Thread-1] WARN  server.ServerUtils (ServerUtils.java:getScmDbDir(148)) - ozone.scm.db.dirs is not configured. We recommend adding this setting. Falling back to ozone.metadata.dirs instead.
2020-11-20 01:45:32,029 [Thread-1] WARN  server.ServerUtils (ServerUtils.java:getScmDbDir(148)) - ozone.scm.db.dirs is not configured. We recommend adding this setting. Falling back to ozone.metadata.dirs instead.
2020-11-20 01:45:32,181 [Thread-1] WARN  db.DBStoreBuilder (DBStoreBuilder.java:applyDBDefinition(143)) - ozone.scm.db.dirs is not configured. We recommend adding this setting. Falling back to ozone.metadata.dirs instead.
2020-11-20 01:45:32,322 [Thread-1] INFO  net.NodeSchemaLoader (NodeSchemaLoader.java:loadSchemaFromFile(126)) - Loading file from sun.misc.CompoundEnumeration@56a164c6
2020-11-20 01:45:32,323 [Thread-1] INFO  net.NodeSchemaLoader (NodeSchemaLoader.java:loadSchema(172)) - Loading network topology layer schema file
2020-11-20 01:45:32,401 [Thread-1] WARN  server.ServerUtils (ServerUtils.java:sanitizeUserArgs(73)) - ozone.scm.stale.node.interval value = 300000 is larger than max = 100000 based on the key value of ozone.scm.heartbeat.thread.interval, reset to the max value 100000.
2020-11-20 01:45:32,402 [Thread-1] WARN  server.ServerUtils (ServerUtils.java:sanitizeUserArgs(73)) - ozone.scm.stale.node.interval value = 300000 is larger than max = 100000 based on the key value of ozone.scm.heartbeat.thread.interval, reset to the max value 100000.
2020-11-20 01:45:32,407 [Thread-1] INFO  node.SCMNodeManager (SCMNodeManager.java:<init>(120)) - Entering startup safe mode.
2020-11-20 01:45:32,554 [Thread-1] INFO  algorithms.ContainerPlacementPolicyFactory (ContainerPlacementPolicyFactory.java:getPolicy(60)) - Create container placement policy of type org.apache.hadoop.hdds.scm.container.placement.algorithms.SCMContainerPlacementRandom
2020-11-20 01:45:32,594 [Thread-1] INFO  algorithms.LeaderChoosePolicyFactory (LeaderChoosePolicyFactory.java:getPolicy(57)) - Create leader choose policy of type org.apache.hadoop.hdds.scm.pipeline.leader.choose.algorithms.DefaultLeaderChoosePolicy
2020-11-20 01:45:32,595 [Thread-1] INFO  pipeline.SCMPipelineManager (SCMPipelineManager.java:initializePipelineState(161)) - No pipeline exists in current db
2020-11-20 01:45:32,625 [Thread-1] INFO  algorithms.PipelineChoosePolicyFactory (PipelineChoosePolicyFactory.java:createPipelineChoosePolicyFromClass(75)) - Create pipeline choose policy of type org.apache.hadoop.hdds.scm.pipeline.choose.algorithms.RandomPipelineChoosePolicy
2020-11-20 01:45:32,682 [Thread-1] INFO  safemode.HealthyPipelineSafeModeRule (HealthyPipelineSafeModeRule.java:<init>(89)) - Total pipeline count is 0, healthy pipeline threshold count is 0
2020-11-20 01:45:32,688 [Thread-1] INFO  safemode.OneReplicaPipelineSafeModeRule (OneReplicaPipelineSafeModeRule.java:<init>(84)) - Total pipeline count is 0, pipeline's with at least one datanode reported threshold count is 0
2020-11-20 01:45:33,104 [Thread-1] INFO  ipc.CallQueueManager (CallQueueManager.java:<init>(84)) - Using callQueue: class java.util.concurrent.LinkedBlockingQueue, queueCapacity: 2000, scheduler: class org.apache.hadoop.ipc.DefaultRpcScheduler, ipcBackoff: false.
2020-11-20 01:45:33,127 [Socket Reader #1 for port 0] INFO  ipc.Server (Server.java:run(1219)) - Starting Socket Reader #1 for port 0
2020-11-20 01:45:33,158 [Listener at 0.0.0.0/37315] INFO  ipc.CallQueueManager (CallQueueManager.java:<init>(84)) - Using callQueue: class java.util.concurrent.LinkedBlockingQueue, queueCapacity: 2000, scheduler: class org.apache.hadoop.ipc.DefaultRpcScheduler, ipcBackoff: false.
2020-11-20 01:45:33,159 [Socket Reader #1 for port 0] INFO  ipc.Server (Server.java:run(1219)) - Starting Socket Reader #1 for port 0
2020-11-20 01:45:33,173 [Listener at 0.0.0.0/43565] INFO  ipc.CallQueueManager (CallQueueManager.java:<init>(84)) - Using callQueue: class java.util.concurrent.LinkedBlockingQueue, queueCapacity: 2000, scheduler: class org.apache.hadoop.ipc.DefaultRpcScheduler, ipcBackoff: false.
2020-11-20 01:45:33,174 [Socket Reader #1 for port 0] INFO  ipc.Server (Server.java:run(1219)) - Starting Socket Reader #1 for port 0
2020-11-20 01:45:33,190 [Listener at 0.0.0.0/36077] INFO  http.BaseHttpServer (BaseHttpServer.java:newHttpServer2BuilderForOzone(207)) - Starting Web-server for scm at: http://0.0.0.0:0
2020-11-20 01:45:33,191 [Listener at 0.0.0.0/36077] INFO  http.BaseHttpServer (BaseHttpServer.java:<init>(106)) - Hadoop Security Enabled: false Ozone Security Enabled: false Ozone HTTP Security Enabled: false 
2020-11-20 01:45:33,214 [Listener at 0.0.0.0/36077] INFO  util.log (Log.java:initialized(169)) - Logging initialized @2258ms to org.eclipse.jetty.util.log.Slf4jLog
2020-11-20 01:45:33,337 [Listener at 0.0.0.0/36077] INFO  server.AuthenticationFilter (AuthenticationFilter.java:constructSecretProvider(240)) - Unable to initialize FileSignerSecretProvider, falling back to use random secrets.
2020-11-20 01:45:33,354 [Listener at 0.0.0.0/36077] WARN  http.HttpRequestLog (HttpRequestLog.java:getRequestLog(103)) - Jetty request log can only be enabled using Log4j
2020-11-20 01:45:33,360 [Listener at 0.0.0.0/36077] INFO  http.HttpServer2 (HttpServer2.java:addGlobalFilter(1019)) - Added global filter 'safety' (class=org.apache.hadoop.hdds.server.http.HttpServer2$QuotingInputFilter)
2020-11-20 01:45:33,362 [Listener at 0.0.0.0/36077] INFO  http.HttpServer2 (HttpServer2.java:addFilter(995)) - Added filter static_user_filter (class=org.apache.hadoop.http.lib.StaticUserWebFilter$StaticUserFilter) to context scm
2020-11-20 01:45:33,362 [Listener at 0.0.0.0/36077] INFO  http.HttpServer2 (HttpServer2.java:addFilter(1003)) - Added filter static_user_filter (class=org.apache.hadoop.http.lib.StaticUserWebFilter$StaticUserFilter) to context static
2020-11-20 01:45:33,362 [Listener at 0.0.0.0/36077] INFO  http.HttpServer2 (HttpServer2.java:addFilter(1003)) - Added filter static_user_filter (class=org.apache.hadoop.http.lib.StaticUserWebFilter$StaticUserFilter) to context logs
2020-11-20 01:45:33,409 [Listener at 0.0.0.0/36077] INFO  server.StorageContainerManager (StorageContainerManager.java:start(789)) - StorageContainerLocationProtocol RPC server is listening at /0.0.0.0:36077
2020-11-20 01:45:33,456 [Listener at 0.0.0.0/36077] WARN  impl.MetricsConfig (MetricsConfig.java:loadFirst(134)) - Cannot locate configuration: tried hadoop-metrics2-storagecontainermanager.properties,hadoop-metrics2.properties
2020-11-20 01:45:33,466 [Listener at 0.0.0.0/36077] INFO  impl.MetricsSystemImpl (MetricsSystemImpl.java:startTimer(374)) - Scheduled Metric snapshot period at 10 second(s).
2020-11-20 01:45:33,466 [Listener at 0.0.0.0/36077] INFO  impl.MetricsSystemImpl (MetricsSystemImpl.java:start(191)) - StorageContainerManager metrics system started
2020-11-20 01:45:33,674 [Listener at 0.0.0.0/36077] INFO  server.SCMClientProtocolServer (SCMClientProtocolServer.java:start(156)) - RPC server for Client  is listening at /0.0.0.0:36077
2020-11-20 01:45:33,675 [IPC Server Responder] INFO  ipc.Server (Server.java:run(1460)) - IPC Server Responder: starting
2020-11-20 01:45:33,677 [IPC Server listener on 0] INFO  ipc.Server (Server.java:run(1298)) - IPC Server listener on 0: starting
2020-11-20 01:45:33,682 [Listener at 0.0.0.0/36077] INFO  server.StorageContainerManager (StorageContainerManager.java:start(801)) - ScmBlockLocationProtocol RPC server is listening at /0.0.0.0:43565
2020-11-20 01:45:33,683 [Listener at 0.0.0.0/36077] INFO  server.SCMBlockProtocolServer (SCMBlockProtocolServer.java:start(150)) - RPC server for Block Protocol is listening at /0.0.0.0:43565
2020-11-20 01:45:33,685 [IPC Server Responder] INFO  ipc.Server (Server.java:run(1460)) - IPC Server Responder: starting
2020-11-20 01:45:33,685 [IPC Server listener on 0] INFO  ipc.Server (Server.java:run(1298)) - IPC Server listener on 0: starting
2020-11-20 01:45:33,688 [Listener at 0.0.0.0/36077] INFO  server.StorageContainerManager (StorageContainerManager.java:start(807)) - ScmDatanodeProtocl RPC server is listening at /0.0.0.0:37315
2020-11-20 01:45:33,688 [Listener at 0.0.0.0/36077] INFO  server.SCMDatanodeProtocolServer (SCMDatanodeProtocolServer.java:start(172)) - RPC server for DataNodes is listening at /0.0.0.0:37315
2020-11-20 01:45:33,689 [IPC Server Responder] INFO  ipc.Server (Server.java:run(1460)) - IPC Server Responder: starting
2020-11-20 01:45:33,690 [IPC Server listener on 0] INFO  ipc.Server (Server.java:run(1298)) - IPC Server listener on 0: starting
2020-11-20 01:45:33,698 [Listener at 0.0.0.0/36077] INFO  http.HttpServer2 (HttpServer2.java:bindListener(1237)) - Jetty bound to port 40671
2020-11-20 01:45:33,699 [Listener at 0.0.0.0/36077] INFO  server.Server (Server.java:doStart(375)) - jetty-9.4.34.v20201102; built: 2020-11-02T14:15:39.302Z; git: e46af88704a893fc12cb0e3bf46e2c7b48a009e7; jvm 1.8.0_232-b09
2020-11-20 01:45:33,724 [Listener at 0.0.0.0/36077] INFO  server.session (DefaultSessionIdManager.java:doStart(334)) - DefaultSessionIdManager workerName=node0
2020-11-20 01:45:33,724 [Listener at 0.0.0.0/36077] INFO  server.session (DefaultSessionIdManager.java:doStart(339)) - No SessionScavenger set, using defaults
2020-11-20 01:45:33,726 [Listener at 0.0.0.0/36077] INFO  server.session (HouseKeeper.java:startScavenging(132)) - node0 Scavenging every 600000ms
2020-11-20 01:45:33,740 [Listener at 0.0.0.0/36077] INFO  handler.ContextHandler (ContextHandler.java:doStart(916)) - Started o.e.j.s.ServletContextHandler@14bd8981{logs,/logs,file:///github/workspace/mnt/ozone/hadoop-ozone/integration-test/target/log,AVAILABLE}
2020-11-20 01:45:33,740 [Listener at 0.0.0.0/36077] INFO  handler.ContextHandler (ContextHandler.java:doStart(916)) - Started o.e.j.s.ServletContextHandler@5c51894{static,/static,file:///github/workspace/mnt/ozone/hadoop-ozone/integration-test/target/test-classes/webapps/static,AVAILABLE}
2020-11-20 01:45:33,777 [Listener at 0.0.0.0/36077] INFO  handler.ContextHandler (ContextHandler.java:doStart(916)) - Started o.e.j.w.WebAppContext@43d1e1ce{scm,/,file:///github/workspace/mnt/ozone/hadoop-ozone/integration-test/target/test-classes/webapps/scm/,AVAILABLE}{file:/github/workspace/mnt/ozone/hadoop-ozone/integration-test/target/test-classes/webapps/scm}
2020-11-20 01:45:33,786 [Listener at 0.0.0.0/36077] INFO  server.AbstractConnector (AbstractConnector.java:doStart(331)) - Started ServerConnector@1a661ee8{HTTP/1.1, (http/1.1)}{0.0.0.0:40671}
2020-11-20 01:45:33,786 [Listener at 0.0.0.0/36077] INFO  server.Server (Server.java:doStart(415)) - Started @2831ms
2020-11-20 01:45:33,788 [Listener at 0.0.0.0/36077] INFO  impl.MetricsSinkAdapter (MetricsSinkAdapter.java:start(204)) - Sink prometheus started
2020-11-20 01:45:33,788 [Listener at 0.0.0.0/36077] INFO  impl.MetricsSystemImpl (MetricsSystemImpl.java:registerSink(301)) - Registered sink prometheus
2020-11-20 01:45:33,795 [Listener at 0.0.0.0/36077] INFO  http.BaseHttpServer (BaseHttpServer.java:updateConnectorAddress(327)) - HTTP server of scm listening at http://0.0.0.0:40671
2020-11-20 01:45:33,811 [Listener at 0.0.0.0/36077] WARN  server.ServerUtils (ServerUtils.java:getDBPath(225)) - ozone.om.db.dirs is not configured. We recommend adding this setting. Falling back to ozone.metadata.dirs instead.
2020-11-20 01:45:33,813 [org.apache.hadoop.util.JvmPauseMonitor$Monitor@684ea525] INFO  util.JvmPauseMonitor (JvmPauseMonitor.java:run(188)) - Starting JVM pause monitor
2020-11-20 01:45:33,912 [Listener at 0.0.0.0/36077] INFO  ha.OMHANodeDetails (OMHANodeDetails.java:loadOMHAConfig(110)) - ServiceID for OzoneManager is om-service-test1
2020-11-20 01:45:33,917 [Listener at 0.0.0.0/36077] INFO  ha.OMHANodeDetails (OMHANodeDetails.java:loadOMHAConfig(188)) - Found matching OM address with OMServiceId: om-service-test1, OMNodeId: omNode-1, RPC Address: localhost:13724 and Ratis port: 13728
2020-11-20 01:45:33,917 [Listener at 0.0.0.0/36077] INFO  ha.OMHANodeDetails (OMHANodeDetails.java:setOMNodeSpecificConfigs(314)) - Setting configuration key ozone.om.http-address with value of key ozone.om.http-address.omNode-1: 127.0.0.1:13726
2020-11-20 01:45:33,918 [Listener at 0.0.0.0/36077] INFO  ha.OMHANodeDetails (OMHANodeDetails.java:setOMNodeSpecificConfigs(314)) - Setting configuration key ozone.om.https-address with value of key ozone.om.https-address.omNode-1: 127.0.0.1:13727
2020-11-20 01:45:33,918 [Listener at 0.0.0.0/36077] INFO  ha.OMHANodeDetails (OMHANodeDetails.java:setOMNodeSpecificConfigs(314)) - Setting configuration key ozone.om.address with value of key ozone.om.address.omNode-1: 127.0.0.1:13724
2020-11-20 01:45:33,918 [Listener at 0.0.0.0/36077] WARN  server.ServerUtils (ServerUtils.java:getDBPath(225)) - ozone.om.db.dirs is not configured. We recommend adding this setting. Falling back to ozone.metadata.dirs instead.
2020-11-20 01:45:33,919 [Listener at 0.0.0.0/36077] WARN  server.ServerUtils (ServerUtils.java:getDBPath(225)) - ozone.om.db.dirs is not configured. We recommend adding this setting. Falling back to ozone.metadata.dirs instead.
2020-11-20 01:45:34,514 [Listener at 0.0.0.0/36077] WARN  server.ServerUtils (ServerUtils.java:getDBPath(225)) - ozone.om.db.dirs is not configured. We recommend adding this setting. Falling back to ozone.metadata.dirs instead.
2020-11-20 01:45:34,519 [Listener at 0.0.0.0/36077] INFO  codec.OmKeyInfoCodec (OmKeyInfoCodec.java:<init>(41)) - OmKeyInfoCodec ignorePipeline = true
2020-11-20 01:45:34,521 [Listener at 0.0.0.0/36077] INFO  codec.RepeatedOmKeyInfoCodec (RepeatedOmKeyInfoCodec.java:<init>(40)) - RepeatedOmKeyInfoCodec ignorePipeline = true
2020-11-20 01:45:34,672 [Listener at 0.0.0.0/36077] INFO  om.OzoneManager (OzoneManager.java:addS3GVolumeToDB(3741)) - Created Volume s3v With Owner jenkins1001 required for S3Gateway operations.
2020-11-20 01:45:34,687 [Listener at 0.0.0.0/36077] INFO  metrics.MetricRegistries (MetricRegistriesLoader.java:load(64)) - Loaded MetricRegistries class org.apache.ratis.metrics.impl.MetricRegistriesImpl
2020-11-20 01:45:34,724 [Listener at 0.0.0.0/36077] WARN  server.ServerUtils (ServerUtils.java:getDefaultRatisDirectory(237)) - Storage directory for Ratis is not configured. It is a good idea to map this to an SSD disk. Falling back to ozone.metadata.dirs
2020-11-20 01:45:34,759 [Listener at 0.0.0.0/36077] INFO  ratis.OzoneManagerRatisServer (OzoneManagerRatisServer.java:<init>(270)) - Instantiating OM Ratis server with GroupID: om-service-test1 and Raft Peers: localhost:13728, localhost:13734, localhost:13740
2020-11-20 01:45:34,767 [Listener at 0.0.0.0/36077] INFO  ratis.OzoneManagerStateMachine (OzoneManagerStateMachine.java:loadSnapshotInfoFromDB(519)) - LastAppliedIndex is set from TransactionInfo from OM DB as (t:0, i:~)
2020-11-20 01:45:34,794 [Listener at 0.0.0.0/36077] INFO  impl.RaftServerProxy (ConfUtils.java:logGet(44)) - raft.rpc.type = GRPC (default)
2020-11-20 01:45:34,855 [Listener at 0.0.0.0/36077] INFO  grpc.GrpcFactory (GrpcFactory.java:checkPooledByteBufAllocatorUseCacheForAllThreads(45)) - PERFORMANCE WARNING: useCacheForAllThreads is true that may cause Netty to create a lot garbage objects and, as a result, trigger GC.
	It is recommended to disable useCacheForAllThreads by setting -Dorg.apache.ratis.thirdparty.io.netty.allocator.useCacheForAllThreads=false in command line.
2020-11-20 01:45:34,858 [Listener at 0.0.0.0/36077] INFO  grpc.GrpcConfigKeys (ConfUtils.java:logGet(44)) - raft.grpc.server.port = 13728 (custom)
2020-11-20 01:45:34,859 [Listener at 0.0.0.0/36077] INFO  server.GrpcService (ConfUtils.java:logGet(44)) - raft.grpc.message.size.max = 33554432 (custom)
2020-11-20 01:45:34,860 [Listener at 0.0.0.0/36077] INFO  server.RaftServerConfigKeys (ConfUtils.java:logGet(44)) - raft.server.log.appender.buffer.byte-limit = 33554432 (custom)
2020-11-20 01:45:34,860 [Listener at 0.0.0.0/36077] INFO  server.GrpcService (ConfUtils.java:logGet(44)) - raft.grpc.flow.control.window = 1MB (=1048576) (default)
2020-11-20 01:45:34,861 [Listener at 0.0.0.0/36077] INFO  server.RaftServerConfigKeys (ConfUtils.java:logGet(44)) - raft.server.rpc.request.timeout = 3000ms (default)
2020-11-20 01:45:35,021 [Listener at 0.0.0.0/36077] INFO  server.RaftServerConfigKeys (ConfUtils.java:logGet(44)) - raft.server.storage.dir = [/github/workspace/mnt/ozone/hadoop-ozone/integration-test/target/test-dir/MiniOzoneClusterImpl-1a3a07de-270a-423e-87a2-3dcf9ca25c10/omNode-1/ratis] (custom)
2020-11-20 01:45:35,030 [Listener at 0.0.0.0/36077] INFO  impl.RaftServerProxy (RaftServerProxy.java:addNew(92)) - omNode-1: addNew group-523986131536:[omNode-3:localhost:13740:0, omNode-1:localhost:13728:0, omNode-2:localhost:13734:0] returns group-523986131536:java.util.concurrent.CompletableFuture@2349e87e[Not completed]
2020-11-20 01:45:35,037 [Listener at 0.0.0.0/36077] INFO  om.OzoneManager (OzoneManager.java:initializeRatisServer(1336)) - OzoneManager Ratis server initialized at port 13728
2020-11-20 01:45:35,037 [Listener at 0.0.0.0/36077] WARN  server.ServerUtils (ServerUtils.java:getDefaultRatisDirectory(237)) - Storage directory for Ratis is not configured. It is a good idea to map this to an SSD disk. Falling back to ozone.metadata.dirs
2020-11-20 01:45:35,038 [Listener at 0.0.0.0/36077] WARN  server.ServerUtils (ServerUtils.java:getDefaultRatisDirectory(237)) - Storage directory for Ratis is not configured. It is a good idea to map this to an SSD disk. Falling back to ozone.metadata.dirs
2020-11-20 01:45:35,039 [Listener at 0.0.0.0/36077] INFO  snapshot.OzoneManagerSnapshotProvider (OzoneManagerSnapshotProvider.java:<init>(77)) - Initializing OM Snapshot Provider
2020-11-20 01:45:35,045 [pool-24-thread-1] INFO  impl.RaftServerImpl (RaftServerImpl.java:<init>(120)) - omNode-1: new RaftServerImpl for group-523986131536:[omNode-3:localhost:13740:0, omNode-1:localhost:13728:0, omNode-2:localhost:13734:0] with OzoneManagerStateMachine:uninitialized
2020-11-20 01:45:35,047 [pool-24-thread-1] INFO  server.RaftServerConfigKeys (ConfUtils.java:logGet(44)) - raft.server.rpc.timeout.min = 1s (custom)
2020-11-20 01:45:35,047 [pool-24-thread-1] INFO  server.RaftServerConfigKeys (ConfUtils.java:logGet(44)) - raft.server.rpc.timeout.max = 1200ms (custom)
2020-11-20 01:45:35,047 [pool-24-thread-1] INFO  server.RaftServerConfigKeys (ConfUtils.java:logGet(44)) - raft.server.rpcslowness.timeout = 2s (custom)
2020-11-20 01:45:35,048 [pool-24-thread-1] INFO  server.RaftServerConfigKeys (ConfUtils.java:logGet(44)) - raft.server.sleep.deviation.threshold = 300 (default)
2020-11-20 01:45:35,048 [pool-24-thread-1] INFO  server.RaftServerConfigKeys (ConfUtils.java:logGet(44)) - raft.server.log.appender.install.snapshot.enabled = false (custom)
2020-11-20 01:45:35,053 [pool-24-thread-1] INFO  impl.RaftServerImpl (ServerState.java:<init>(104)) - omNode-1@group-523986131536: ConfigurationManager, init=-1: [omNode-3:localhost:13740:0, omNode-1:localhost:13728:0, omNode-2:localhost:13734:0], old=null, confs=<EMPTY_MAP>
2020-11-20 01:45:35,053 [pool-24-thread-1] INFO  server.RaftServerConfigKeys (ConfUtils.java:logGet(44)) - raft.server.storage.dir = [/github/workspace/mnt/ozone/hadoop-ozone/integration-test/target/test-dir/MiniOzoneClusterImpl-1a3a07de-270a-423e-87a2-3dcf9ca25c10/omNode-1/ratis] (custom)
2020-11-20 01:45:35,065 [pool-24-thread-1] INFO  server.RaftServerConfigKeys (ConfUtils.java:logGet(44)) - raft.server.log.corruption.policy = EXCEPTION (default)
2020-11-20 01:45:35,066 [pool-24-thread-1] INFO  storage.RaftStorageDirectory (RaftStorageDirectory.java:analyzeStorage(261)) - The storage directory /github/workspace/mnt/ozone/hadoop-ozone/integration-test/target/test-dir/MiniOzoneClusterImpl-1a3a07de-270a-423e-87a2-3dcf9ca25c10/omNode-1/ratis/c9bc4cf4-3bc3-3c60-a66b-523986131536 does not exist. Creating ...
2020-11-20 01:45:35,085 [pool-24-thread-1] INFO  storage.RaftStorageDirectory (RaftStorageDirectory.java:tryLock(343)) - Lock on /github/workspace/mnt/ozone/hadoop-ozone/integration-test/target/test-dir/MiniOzoneClusterImpl-1a3a07de-270a-423e-87a2-3dcf9ca25c10/omNode-1/ratis/c9bc4cf4-3bc3-3c60-a66b-523986131536/in_use.lock acquired by nodename 24219@47863bed4066
2020-11-20 01:45:35,088 [pool-24-thread-1] INFO  storage.RaftStorage (RaftStorage.java:format(84)) - Storage directory /github/workspace/mnt/ozone/hadoop-ozone/integration-test/target/test-dir/MiniOzoneClusterImpl-1a3a07de-270a-423e-87a2-3dcf9ca25c10/omNode-1/ratis/c9bc4cf4-3bc3-3c60-a66b-523986131536 has been successfully formatted.
2020-11-20 01:45:35,089 [pool-24-thread-1] INFO  server.RaftServerConfigKeys (ConfUtils.java:logGet(44)) - raft.server.notification.no-leader.timeout = 2s (custom)
2020-11-20 01:45:35,091 [pool-24-thread-1] INFO  server.RaftServerConfigKeys (ConfUtils.java:logGet(44)) - raft.server.log.use.memory = false (default)
2020-11-20 01:45:35,095 [pool-24-thread-1] INFO  server.RaftServerConfigKeys (ConfUtils.java:logGet(44)) - raft.server.log.purge.gap = 50 (custom)
2020-11-20 01:45:35,105 [pool-24-thread-1] INFO  metrics.RatisMetrics (RatisMetrics.java:lambda$create$0(36)) - Creating Metrics Registry : ratis.log_worker.omNode-1@group-523986131536
2020-11-20 01:45:35,112 [pool-24-thread-1] INFO  server.RaftServerConfigKeys (ConfUtils.java:logGet(44)) - raft.server.log.appender.buffer.byte-limit = 33554432 (custom)
2020-11-20 01:45:35,114 [pool-24-thread-1] INFO  server.RaftServerConfigKeys (ConfUtils.java:logGet(44)) - raft.server.log.segment.size.max = 4194304 (custom)
2020-11-20 01:45:35,128 [pool-24-thread-1] INFO  server.RaftServerConfigKeys (ConfUtils.java:logGet(44)) - raft.server.log.segment.cache.num.max = 2 (custom)
2020-11-20 01:45:35,141 [pool-24-thread-1] INFO  segmented.SegmentedRaftLogWorker (SegmentedRaftLogWorker.java:<init>(180)) - new omNode-1@group-523986131536-SegmentedRaftLogWorker for RaftStorage:Storage Directory /github/workspace/mnt/ozone/hadoop-ozone/integration-test/target/test-dir/MiniOzoneClusterImpl-1a3a07de-270a-423e-87a2-3dcf9ca25c10/omNode-1/ratis/c9bc4cf4-3bc3-3c60-a66b-523986131536
2020-11-20 01:45:35,142 [pool-24-thread-1] INFO  server.RaftServerConfigKeys (ConfUtils.java:logGet(44)) - raft.server.log.queue.byte-limit = 64MB (=67108864) (default)
2020-11-20 01:45:35,143 [pool-24-thread-1] INFO  server.RaftServerConfigKeys (ConfUtils.java:logGet(44)) - raft.server.log.queue.element-limit = 4096 (default)
2020-11-20 01:45:35,145 [pool-24-thread-1] INFO  server.RaftServerConfigKeys (ConfUtils.java:logGet(44)) - raft.server.log.segment.size.max = 4194304 (custom)
2020-11-20 01:45:35,145 [pool-24-thread-1] INFO  server.RaftServerConfigKeys (ConfUtils.java:logGet(44)) - raft.server.log.preallocated.size = 4194304 (custom)
2020-11-20 01:45:35,146 [pool-24-thread-1] INFO  server.RaftServerConfigKeys (ConfUtils.java:logGet(44)) - raft.server.log.write.buffer.size = 64KB (=65536) (default)
2020-11-20 01:45:35,146 [pool-24-thread-1] INFO  server.RaftServerConfigKeys (ConfUtils.java:logGet(44)) - raft.server.log.force.sync.num = 128 (default)
2020-11-20 01:45:35,147 [pool-24-thread-1] INFO  server.RaftServerConfigKeys (ConfUtils.java:logGet(44)) - raft.server.log.statemachine.data.sync = true (default)
2020-11-20 01:45:35,147 [pool-24-thread-1] INFO  server.RaftServerConfigKeys (ConfUtils.java:logGet(44)) - raft.server.log.statemachine.data.sync.timeout = 10s (default)
2020-11-20 01:45:35,148 [pool-24-thread-1] INFO  server.RaftServerConfigKeys (ConfUtils.java:logGet(44)) - raft.server.log.statemachine.data.sync.timeout.retry = -1 (default)
2020-11-20 01:45:35,168 [pool-24-thread-1] INFO  server.RaftServerConfigKeys (ConfUtils.java:logGet(44)) - raft.server.log.statemachine.data.caching.enabled = false (default)
2020-11-20 01:45:35,172 [pool-24-thread-1] INFO  segmented.SegmentedRaftLogWorker (SegmentedRaftLogWorker.java:lambda$new$0(129)) - omNode-1@group-523986131536-SegmentedRaftLogWorker: flushIndex: setUnconditionally 0 -> -1
2020-11-20 01:45:35,172 [pool-24-thread-1] INFO  segmented.SegmentedRaftLogWorker (SegmentedRaftLogWorker.java:lambda$new$0(129)) - omNode-1@group-523986131536-SegmentedRaftLogWorker: safeCacheEvictIndex: setUnconditionally 0 -> -1
2020-11-20 01:45:35,180 [pool-24-thread-1] INFO  server.RaftServerConfigKeys (ConfUtils.java:logGet(44)) - raft.server.snapshot.auto.trigger.enabled = true (custom)
2020-11-20 01:45:35,181 [pool-24-thread-1] INFO  server.RaftServerConfigKeys (ConfUtils.java:logGet(44)) - raft.server.snapshot.auto.trigger.threshold = 50 (custom)
2020-11-20 01:45:35,182 [pool-24-thread-1] INFO  server.RaftServerConfigKeys (ConfUtils.java:logGet(44)) - raft.server.snapshot.retention.file.num = -1 (default)
2020-11-20 01:45:35,189 [Listener at 0.0.0.0/36077] INFO  ipc.CallQueueManager (CallQueueManager.java:<init>(84)) - Using callQueue: class java.util.concurrent.LinkedBlockingQueue, queueCapacity: 2000, scheduler: class org.apache.hadoop.ipc.DefaultRpcScheduler, ipcBackoff: false.
2020-11-20 01:45:35,189 [pool-24-thread-1] INFO  server.RaftServerConfigKeys (ConfUtils.java:logGet(44)) - raft.server.log.purge.upto.snapshot.index = true (custom)
2020-11-20 01:45:35,190 [pool-24-thread-1] INFO  server.RaftServerConfigKeys (ConfUtils.java:logGet(44)) - raft.server.retrycache.expirytime = 600000ms (custom)
2020-11-20 01:45:35,205 [Socket Reader #1 for port 13724] INFO  ipc.Server (Server.java:run(1219)) - Starting Socket Reader #1 for port 13724
2020-11-20 01:45:35,210 [pool-24-thread-1] INFO  metrics.RatisMetrics (RatisMetrics.java:lambda$create$0(36)) - Creating Metrics Registry : ratis.leader_election.omNode-1@group-523986131536
2020-11-20 01:45:35,212 [pool-24-thread-1] INFO  metrics.RatisMetrics (RatisMetrics.java:lambda$create$0(36)) - Creating Metrics Registry : ratis.server.omNode-1@group-523986131536
2020-11-20 01:45:35,264 [Listener at 127.0.0.1/13724] INFO  impl.MetricsSystemImpl (MetricsSystemImpl.java:init(158)) - OzoneManager metrics system started (again)
2020-11-20 01:45:35,265 [Listener at 127.0.0.1/13724] INFO  om.OzoneManager (OzoneManager.java:start(1144)) - OzoneManager RPC server is listening at localhost/127.0.0.1:13724
2020-11-20 01:45:35,265 [Listener at 127.0.0.1/13724] INFO  ratis.OzoneManagerRatisServer (OzoneManagerRatisServer.java:start(372)) - Starting OzoneManagerRatisServer omNode-1 at port 13728
2020-11-20 01:45:35,267 [Listener at 127.0.0.1/13724] INFO  impl.RaftServerImpl (RaftServerImpl.java:start(209)) - omNode-1@group-523986131536: start as a follower, conf=-1: [omNode-3:localhost:13740:0, omNode-1:localhost:13728:0, omNode-2:localhost:13734:0], old=null
2020-11-20 01:45:35,268 [Listener at 127.0.0.1/13724] INFO  impl.RaftServerImpl (RaftServerImpl.java:setRole(198)) - omNode-1@group-523986131536: changes role from      null to FOLLOWER at term 0 for startAsFollower
2020-11-20 01:45:35,269 [Listener at 127.0.0.1/13724] INFO  impl.RoleInfo (RoleInfo.java:updateAndGet(143)) - omNode-1: start FollowerState
2020-11-20 01:45:35,270 [Listener at 127.0.0.1/13724] INFO  util.JmxRegister (JmxRegister.java:tryRegister(44)) - Successfully registered JMX Bean with object name Ratis:service=RaftServer,group=group-523986131536,id=omNode-1
2020-11-20 01:45:35,272 [Listener at 127.0.0.1/13724] INFO  metrics.RatisMetrics (RatisMetrics.java:lambda$create$0(36)) - Creating Metrics Registry : ratis.state_machine.omNode-1@group-523986131536
2020-11-20 01:45:35,275 [Listener at 127.0.0.1/13724] INFO  impl.RaftServerProxy (RaftServerProxy.java:lambda$start$3(307)) - omNode-1: start RPC server
2020-11-20 01:45:35,326 [Listener at 127.0.0.1/13724] INFO  server.GrpcService (GrpcService.java:startImpl(177)) - omNode-1: GrpcService started, listening on 0.0.0.0/0.0.0.0:13728
2020-11-20 01:45:35,343 [Listener at 127.0.0.1/13724] INFO  http.BaseHttpServer (BaseHttpServer.java:newHttpServer2BuilderForOzone(207)) - Starting Web-server for ozoneManager at: http://0.0.0.0:13726
2020-11-20 01:45:35,344 [Listener at 127.0.0.1/13724] INFO  http.BaseHttpServer (BaseHttpServer.java:<init>(106)) - Hadoop Security Enabled: false Ozone Security Enabled: false Ozone HTTP Security Enabled: false 
2020-11-20 01:45:35,345 [Listener at 127.0.0.1/13724] INFO  server.AuthenticationFilter (AuthenticationFilter.java:constructSecretProvider(240)) - Unable to initialize FileSignerSecretProvider, falling back to use random secrets.
2020-11-20 01:45:35,351 [Listener at 127.0.0.1/13724] WARN  http.HttpRequestLog (HttpRequestLog.java:getRequestLog(103)) - Jetty request log can only be enabled using Log4j
2020-11-20 01:45:35,352 [Listener at 127.0.0.1/13724] INFO  http.HttpServer2 (HttpServer2.java:addGlobalFilter(1019)) - Added global filter 'safety' (class=org.apache.hadoop.hdds.server.http.HttpServer2$QuotingInputFilter)
2020-11-20 01:45:35,353 [Listener at 127.0.0.1/13724] INFO  http.HttpServer2 (HttpServer2.java:addFilter(995)) - Added filter static_user_filter (class=org.apache.hadoop.http.lib.StaticUserWebFilter$StaticUserFilter) to context ozoneManager
2020-11-20 01:45:35,353 [Listener at 127.0.0.1/13724] INFO  http.HttpServer2 (HttpServer2.java:addFilter(1003)) - Added filter static_user_filter (class=org.apache.hadoop.http.lib.StaticUserWebFilter$StaticUserFilter) to context static
2020-11-20 01:45:35,353 [Listener at 127.0.0.1/13724] INFO  http.HttpServer2 (HttpServer2.java:addFilter(1003)) - Added filter static_user_filter (class=org.apache.hadoop.http.lib.StaticUserWebFilter$StaticUserFilter) to context logs
2020-11-20 01:45:35,356 [Listener at 127.0.0.1/13724] INFO  http.HttpServer2 (HttpServer2.java:bindListener(1237)) - Jetty bound to port 13726
2020-11-20 01:45:35,357 [Listener at 127.0.0.1/13724] INFO  server.Server (Server.java:doStart(375)) - jetty-9.4.34.v20201102; built: 2020-11-02T14:15:39.302Z; git: e46af88704a893fc12cb0e3bf46e2c7b48a009e7; jvm 1.8.0_232-b09
2020-11-20 01:45:35,374 [Listener at 127.0.0.1/13724] INFO  server.session (DefaultSessionIdManager.java:doStart(334)) - DefaultSessionIdManager workerName=node0
2020-11-20 01:45:35,374 [Listener at 127.0.0.1/13724] INFO  server.session (DefaultSessionIdManager.java:doStart(339)) - No SessionScavenger set, using defaults
2020-11-20 01:45:35,374 [Listener at 127.0.0.1/13724] INFO  server.session (HouseKeeper.java:startScavenging(132)) - node0 Scavenging every 660000ms
2020-11-20 01:45:35,378 [Listener at 127.0.0.1/13724] INFO  handler.ContextHandler (ContextHandler.java:doStart(916)) - Started o.e.j.s.ServletContextHandler@51cba3ed{logs,/logs,file:///github/workspace/mnt/ozone/hadoop-ozone/integration-test/target/log,AVAILABLE}
2020-11-20 01:45:35,378 [Listener at 127.0.0.1/13724] INFO  handler.ContextHandler (ContextHandler.java:doStart(916)) - Started o.e.j.s.ServletContextHandler@5cea8d0b{static,/static,file:///github/workspace/mnt/ozone/hadoop-ozone/integration-test/target/test-classes/webapps/static,AVAILABLE}
2020-11-20 01:45:35,384 [Listener at 127.0.0.1/13724] INFO  handler.ContextHandler (ContextHandler.java:doStart(916)) - Started o.e.j.w.WebAppContext@4f5dd1d2{ozoneManager,/,file:///github/workspace/mnt/ozone/hadoop-ozone/integration-test/target/test-classes/webapps/ozoneManager/,AVAILABLE}{file:/github/workspace/mnt/ozone/hadoop-ozone/integration-test/target/test-classes/webapps/ozoneManager}
2020-11-20 01:45:35,385 [Listener at 127.0.0.1/13724] INFO  server.AbstractConnector (AbstractConnector.java:doStart(331)) - Started ServerConnector@5d72edd4{HTTP/1.1, (http/1.1)}{0.0.0.0:13726}
2020-11-20 01:45:35,385 [Listener at 127.0.0.1/13724] INFO  server.Server (Server.java:doStart(415)) - Started @4429ms
2020-11-20 01:45:35,385 [Listener at 127.0.0.1/13724] WARN  impl.MetricsSystemImpl (MetricsSystemImpl.java:register(276)) - Sink prometheus already exists!
2020-11-20 01:45:35,388 [Listener at 127.0.0.1/13724] INFO  http.BaseHttpServer (BaseHttpServer.java:updateConnectorAddress(327)) - HTTP server of ozoneManager listening at http://0.0.0.0:13726
2020-11-20 01:45:35,389 [IPC Server Responder] INFO  ipc.Server (Server.java:run(1460)) - IPC Server Responder: starting
2020-11-20 01:45:35,390 [IPC Server listener on 13724] INFO  ipc.Server (Server.java:run(1298)) - IPC Server listener on 13724: starting
2020-11-20 01:45:35,394 [Listener at 127.0.0.1/13724] INFO  om.OzoneManager (OzoneManager.java:startTrashEmptier(1269)) - Trash Interval set to 0. Files deleted will not move to trash
2020-11-20 01:45:35,396 [Listener at 127.0.0.1/13724] INFO  ozone.MiniOzoneHAClusterImpl (MiniOzoneHAClusterImpl.java:createOMService(380)) - Started OzoneManager RPC server at localhost/127.0.0.1:13724
2020-11-20 01:45:35,396 [Listener at 127.0.0.1/13724] WARN  server.ServerUtils (ServerUtils.java:getDBPath(225)) - ozone.om.db.dirs is not configured. We recommend adding this setting. Falling back to ozone.metadata.dirs instead.
2020-11-20 01:45:35,404 [Listener at 127.0.0.1/13724] INFO  ha.OMHANodeDetails (OMHANodeDetails.java:loadOMHAConfig(110)) - ServiceID for OzoneManager is om-service-test1
2020-11-20 01:45:35,405 [Listener at 127.0.0.1/13724] INFO  ha.OMHANodeDetails (OMHANodeDetails.java:loadOMHAConfig(188)) - Found matching OM address with OMServiceId: om-service-test1, OMNodeId: omNode-2, RPC Address: localhost:13730 and Ratis port: 13734
2020-11-20 01:45:35,405 [Listener at 127.0.0.1/13724] INFO  ha.OMHANodeDetails (OMHANodeDetails.java:setOMNodeSpecificConfigs(314)) - Setting configuration key ozone.om.http-address with value of key ozone.om.http-address.omNode-2: 127.0.0.1:13732
2020-11-20 01:45:35,406 [Listener at 127.0.0.1/13724] INFO  ha.OMHANodeDetails (OMHANodeDetails.java:setOMNodeSpecificConfigs(314)) - Setting configuration key ozone.om.https-address with value of key ozone.om.https-address.omNode-2: 127.0.0.1:13733
2020-11-20 01:45:35,406 [Listener at 127.0.0.1/13724] INFO  ha.OMHANodeDetails (OMHANodeDetails.java:setOMNodeSpecificConfigs(314)) - Setting configuration key ozone.om.address with value of key ozone.om.address.omNode-2: 127.0.0.1:13730
2020-11-20 01:45:35,406 [Listener at 127.0.0.1/13724] WARN  server.ServerUtils (ServerUtils.java:getDBPath(225)) - ozone.om.db.dirs is not configured. We recommend adding this setting. Falling back to ozone.metadata.dirs instead.
2020-11-20 01:45:35,406 [Listener at 127.0.0.1/13724] WARN  server.ServerUtils (ServerUtils.java:getDBPath(225)) - ozone.om.db.dirs is not configured. We recommend adding this setting. Falling back to ozone.metadata.dirs instead.
2020-11-20 01:45:35,413 [org.apache.hadoop.util.JvmPauseMonitor$Monitor@1eb6b0bd] INFO  util.JvmPauseMonitor (JvmPauseMonitor.java:run(188)) - Starting JVM pause monitor
2020-11-20 01:45:35,415 [Listener at 127.0.0.1/13724] WARN  server.ServerUtils (ServerUtils.java:getDBPath(225)) - ozone.om.db.dirs is not configured. We recommend adding this setting. Falling back to ozone.metadata.dirs instead.
2020-11-20 01:45:35,416 [Listener at 127.0.0.1/13724] INFO  codec.OmKeyInfoCodec (OmKeyInfoCodec.java:<init>(41)) - OmKeyInfoCodec ignorePipeline = true
2020-11-20 01:45:35,416 [Listener at 127.0.0.1/13724] INFO  codec.RepeatedOmKeyInfoCodec (RepeatedOmKeyInfoCodec.java:<init>(40)) - RepeatedOmKeyInfoCodec ignorePipeline = true
2020-11-20 01:45:35,466 [Listener at 127.0.0.1/13724] INFO  om.OzoneManager (OzoneManager.java:addS3GVolumeToDB(3741)) - Created Volume s3v With Owner jenkins1001 required for S3Gateway operations.
2020-11-20 01:45:35,466 [Listener at 127.0.0.1/13724] WARN  server.ServerUtils (ServerUtils.java:getDefaultRatisDirectory(237)) - Storage directory for Ratis is not configured. It is a good idea to map this to an SSD disk. Falling back to ozone.metadata.dirs
2020-11-20 01:45:35,467 [Listener at 127.0.0.1/13724] INFO  ratis.OzoneManagerRatisServer (OzoneManagerRatisServer.java:<init>(270)) - Instantiating OM Ratis server with GroupID: om-service-test1 and Raft Peers: localhost:13734, localhost:13728, localhost:13740
2020-11-20 01:45:35,467 [Listener at 127.0.0.1/13724] INFO  ratis.OzoneManagerStateMachine (OzoneManagerStateMachine.java:loadSnapshotInfoFromDB(519)) - LastAppliedIndex is set from TransactionInfo from OM DB as (t:0, i:~)
2020-11-20 01:45:35,467 [Listener at 127.0.0.1/13724] INFO  impl.RaftServerProxy (ConfUtils.java:logGet(44)) - raft.rpc.type = GRPC (default)
2020-11-20 01:45:35,467 [Listener at 127.0.0.1/13724] INFO  grpc.GrpcFactory (GrpcFactory.java:checkPooledByteBufAllocatorUseCacheForAllThreads(45)) - PERFORMANCE WARNING: useCacheForAllThreads is true that may cause Netty to create a lot garbage objects and, as a result, trigger GC.
	It is recommended to disable useCacheForAllThreads by setting -Dorg.apache.ratis.thirdparty.io.netty.allocator.useCacheForAllThreads=false in command line.
2020-11-20 01:45:35,468 [Listener at 127.0.0.1/13724] INFO  grpc.GrpcConfigKeys (ConfUtils.java:logGet(44)) - raft.grpc.server.port = 13734 (custom)
2020-11-20 01:45:35,468 [Listener at 127.0.0.1/13724] INFO  server.GrpcService (ConfUtils.java:logGet(44)) - raft.grpc.message.size.max = 33554432 (custom)
2020-11-20 01:45:35,468 [Listener at 127.0.0.1/13724] INFO  server.RaftServerConfigKeys (ConfUtils.java:logGet(44)) - raft.server.log.appender.buffer.byte-limit = 33554432 (custom)
2020-11-20 01:45:35,468 [Listener at 127.0.0.1/13724] INFO  server.GrpcService (ConfUtils.java:logGet(44)) - raft.grpc.flow.control.window = 1MB (=1048576) (default)
2020-11-20 01:45:35,468 [Listener at 127.0.0.1/13724] INFO  server.RaftServerConfigKeys (ConfUtils.java:logGet(44)) - raft.server.rpc.request.timeout = 3000ms (default)
2020-11-20 01:45:35,471 [Listener at 127.0.0.1/13724] INFO  server.RaftServerConfigKeys (ConfUtils.java:logGet(44)) - raft.server.storage.dir = [/github/workspace/mnt/ozone/hadoop-ozone/integration-test/target/test-dir/MiniOzoneClusterImpl-1a3a07de-270a-423e-87a2-3dcf9ca25c10/omNode-2/ratis] (custom)
2020-11-20 01:45:35,473 [Listener at 127.0.0.1/13724] INFO  impl.RaftServerProxy (RaftServerProxy.java:addNew(92)) - omNode-2: addNew group-523986131536:[omNode-3:localhost:13740:0, omNode-1:localhost:13728:0, omNode-2:localhost:13734:0] returns group-523986131536:java.util.concurrent.CompletableFuture@1bad759e[Not completed]
2020-11-20 01:45:35,474 [pool-42-thread-1] INFO  impl.RaftServerImpl (RaftServerImpl.java:<init>(120)) - omNode-2: new RaftServerImpl for group-523986131536:[omNode-3:localhost:13740:0, omNode-1:localhost:13728:0, omNode-2:localhost:13734:0] with OzoneManagerStateMachine:uninitialized
2020-11-20 01:45:35,477 [Listener at 127.0.0.1/13724] INFO  om.OzoneManager (OzoneManager.java:initializeRatisServer(1336)) - OzoneManager Ratis server initialized at port 13734
2020-11-20 01:45:35,477 [Listener at 127.0.0.1/13724] WARN  server.ServerUtils (ServerUtils.java:getDefaultRatisDirectory(237)) - Storage directory for Ratis is not configured. It is a good idea to map this to an SSD disk. Falling back to ozone.metadata.dirs
2020-11-20 01:45:35,478 [Listener at 127.0.0.1/13724] WARN  server.ServerUtils (ServerUtils.java:getDefaultRatisDirectory(237)) - Storage directory for Ratis is not configured. It is a good idea to map this to an SSD disk. Falling back to ozone.metadata.dirs
2020-11-20 01:45:35,478 [Listener at 127.0.0.1/13724] INFO  snapshot.OzoneManagerSnapshotProvider (OzoneManagerSnapshotProvider.java:<init>(77)) - Initializing OM Snapshot Provider
2020-11-20 01:45:35,480 [Listener at 127.0.0.1/13724] INFO  ipc.CallQueueManager (CallQueueManager.java:<init>(84)) - Using callQueue: class java.util.concurrent.LinkedBlockingQueue, queueCapacity: 2000, scheduler: class org.apache.hadoop.ipc.DefaultRpcScheduler, ipcBackoff: false.
2020-11-20 01:45:35,485 [Socket Reader #1 for port 13730] INFO  ipc.Server (Server.java:run(1219)) - Starting Socket Reader #1 for port 13730
2020-11-20 01:45:35,491 [pool-42-thread-1] INFO  server.RaftServerConfigKeys (ConfUtils.java:logGet(44)) - raft.server.rpc.timeout.min = 1s (custom)
2020-11-20 01:45:35,491 [pool-42-thread-1] INFO  server.RaftServerConfigKeys (ConfUtils.java:logGet(44)) - raft.server.rpc.timeout.max = 1200ms (custom)
2020-11-20 01:45:35,491 [pool-42-thread-1] INFO  server.RaftServerConfigKeys (ConfUtils.java:logGet(44)) - raft.server.rpcslowness.timeout = 2s (custom)
2020-11-20 01:45:35,491 [pool-42-thread-1] INFO  server.RaftServerConfigKeys (ConfUtils.java:logGet(44)) - raft.server.sleep.deviation.threshold = 300 (default)
2020-11-20 01:45:35,491 [pool-42-thread-1] INFO  server.RaftServerConfigKeys (ConfUtils.java:logGet(44)) - raft.server.log.appender.install.snapshot.enabled = false (custom)
2020-11-20 01:45:35,491 [pool-42-thread-1] INFO  impl.RaftServerImpl (ServerState.java:<init>(104)) - omNode-2@group-523986131536: ConfigurationManager, init=-1: [omNode-3:localhost:13740:0, omNode-1:localhost:13728:0, omNode-2:localhost:13734:0], old=null, confs=<EMPTY_MAP>
2020-11-20 01:45:35,492 [pool-42-thread-1] INFO  server.RaftServerConfigKeys (ConfUtils.java:logGet(44)) - raft.server.storage.dir = [/github/workspace/mnt/ozone/hadoop-ozone/integration-test/target/test-dir/MiniOzoneClusterImpl-1a3a07de-270a-423e-87a2-3dcf9ca25c10/omNode-2/ratis] (custom)
2020-11-20 01:45:35,492 [pool-42-thread-1] INFO  server.RaftServerConfigKeys (ConfUtils.java:logGet(44)) - raft.server.log.corruption.policy = EXCEPTION (default)
2020-11-20 01:45:35,492 [pool-42-thread-1] INFO  storage.RaftStorageDirectory (RaftStorageDirectory.java:analyzeStorage(261)) - The storage directory /github/workspace/mnt/ozone/hadoop-ozone/integration-test/target/test-dir/MiniOzoneClusterImpl-1a3a07de-270a-423e-87a2-3dcf9ca25c10/omNode-2/ratis/c9bc4cf4-3bc3-3c60-a66b-523986131536 does not exist. Creating ...
2020-11-20 01:45:35,502 [pool-42-thread-1] INFO  storage.RaftStorageDirectory (RaftStorageDirectory.java:tryLock(343)) - Lock on /github/workspace/mnt/ozone/hadoop-ozone/integration-test/target/test-dir/MiniOzoneClusterImpl-1a3a07de-270a-423e-87a2-3dcf9ca25c10/omNode-2/ratis/c9bc4cf4-3bc3-3c60-a66b-523986131536/in_use.lock acquired by nodename 24219@47863bed4066
2020-11-20 01:45:35,503 [pool-42-thread-1] INFO  storage.RaftStorage (RaftStorage.java:format(84)) - Storage directory /github/workspace/mnt/ozone/hadoop-ozone/integration-test/target/test-dir/MiniOzoneClusterImpl-1a3a07de-270a-423e-87a2-3dcf9ca25c10/omNode-2/ratis/c9bc4cf4-3bc3-3c60-a66b-523986131536 has been successfully formatted.
2020-11-20 01:45:35,504 [pool-42-thread-1] INFO  server.RaftServerConfigKeys (ConfUtils.java:logGet(44)) - raft.server.notification.no-leader.timeout = 2s (custom)
2020-11-20 01:45:35,504 [pool-42-thread-1] INFO  server.RaftServerConfigKeys (ConfUtils.java:logGet(44)) - raft.server.log.use.memory = false (default)
2020-11-20 01:45:35,504 [pool-42-thread-1] INFO  server.RaftServerConfigKeys (ConfUtils.java:logGet(44)) - raft.server.log.purge.gap = 50 (custom)
2020-11-20 01:45:35,504 [pool-42-thread-1] INFO  metrics.RatisMetrics (RatisMetrics.java:lambda$create$0(36)) - Creating Metrics Registry : ratis.log_worker.omNode-2@group-523986131536
2020-11-20 01:45:35,505 [pool-42-thread-1] INFO  server.RaftServerConfigKeys (ConfUtils.java:logGet(44)) - raft.server.log.appender.buffer.byte-limit = 33554432 (custom)
2020-11-20 01:45:35,505 [pool-42-thread-1] INFO  server.RaftServerConfigKeys (ConfUtils.java:logGet(44)) - raft.server.log.segment.size.max = 4194304 (custom)
2020-11-20 01:45:35,505 [pool-42-thread-1] INFO  server.RaftServerConfigKeys (ConfUtils.java:logGet(44)) - raft.server.log.segment.cache.num.max = 2 (custom)
2020-11-20 01:45:35,505 [pool-42-thread-1] INFO  segmented.SegmentedRaftLogWorker (SegmentedRaftLogWorker.java:<init>(180)) - new omNode-2@group-523986131536-SegmentedRaftLogWorker for RaftStorage:Storage Directory /github/workspace/mnt/ozone/hadoop-ozone/integration-test/target/test-dir/MiniOzoneClusterImpl-1a3a07de-270a-423e-87a2-3dcf9ca25c10/omNode-2/ratis/c9bc4cf4-3bc3-3c60-a66b-523986131536
2020-11-20 01:45:35,505 [pool-42-thread-1] INFO  server.RaftServerConfigKeys (ConfUtils.java:logGet(44)) - raft.server.log.queue.byte-limit = 64MB (=67108864) (default)
2020-11-20 01:45:35,505 [pool-42-thread-1] INFO  server.RaftServerConfigKeys (ConfUtils.java:logGet(44)) - raft.server.log.queue.element-limit = 4096 (default)
2020-11-20 01:45:35,506 [pool-42-thread-1] INFO  server.RaftServerConfigKeys (ConfUtils.java:logGet(44)) - raft.server.log.segment.size.max = 4194304 (custom)
2020-11-20 01:45:35,506 [pool-42-thread-1] INFO  server.RaftServerConfigKeys (ConfUtils.java:logGet(44)) - raft.server.log.preallocated.size = 4194304 (custom)
2020-11-20 01:45:35,506 [pool-42-thread-1] INFO  server.RaftServerConfigKeys (ConfUtils.java:logGet(44)) - raft.server.log.write.buffer.size = 64KB (=65536) (default)
2020-11-20 01:45:35,506 [pool-42-thread-1] INFO  server.RaftServerConfigKeys (ConfUtils.java:logGet(44)) - raft.server.log.force.sync.num = 128 (default)
2020-11-20 01:45:35,506 [pool-42-thread-1] INFO  server.RaftServerConfigKeys (ConfUtils.java:logGet(44)) - raft.server.log.statemachine.data.sync = true (default)
2020-11-20 01:45:35,506 [pool-42-thread-1] INFO  server.RaftServerConfigKeys (ConfUtils.java:logGet(44)) - raft.server.log.statemachine.data.sync.timeout = 10s (default)
2020-11-20 01:45:35,506 [pool-42-thread-1] INFO  server.RaftServerConfigKeys (ConfUtils.java:logGet(44)) - raft.server.log.statemachine.data.sync.timeout.retry = -1 (default)
2020-11-20 01:45:35,507 [pool-42-thread-1] INFO  server.RaftServerConfigKeys (ConfUtils.java:logGet(44)) - raft.server.log.statemachine.data.caching.enabled = false (default)
2020-11-20 01:45:35,507 [pool-42-thread-1] INFO  segmented.SegmentedRaftLogWorker (SegmentedRaftLogWorker.java:lambda$new$0(129)) - omNode-2@group-523986131536-SegmentedRaftLogWorker: flushIndex: setUnconditionally 0 -> -1
2020-11-20 01:45:35,507 [pool-42-thread-1] INFO  segmented.SegmentedRaftLogWorker (SegmentedRaftLogWorker.java:lambda$new$0(129)) - omNode-2@group-523986131536-SegmentedRaftLogWorker: safeCacheEvictIndex: setUnconditionally 0 -> -1
2020-11-20 01:45:35,509 [Listener at 127.0.0.1/13730] INFO  impl.MetricsSystemImpl (MetricsSystemImpl.java:init(158)) - OzoneManager metrics system started (again)
2020-11-20 01:45:35,513 [pool-42-thread-1] INFO  server.RaftServerConfigKeys (ConfUtils.java:logGet(44)) - raft.server.snapshot.auto.trigger.enabled = true (custom)
2020-11-20 01:45:35,513 [pool-42-thread-1] INFO  server.RaftServerConfigKeys (ConfUtils.java:logGet(44)) - raft.server.snapshot.auto.trigger.threshold = 50 (custom)
2020-11-20 01:45:35,513 [pool-42-thread-1] INFO  server.RaftServerConfigKeys (ConfUtils.java:logGet(44)) - raft.server.snapshot.retention.file.num = -1 (default)
2020-11-20 01:45:35,514 [pool-42-thread-1] INFO  server.RaftServerConfigKeys (ConfUtils.java:logGet(44)) - raft.server.log.purge.upto.snapshot.index = true (custom)
2020-11-20 01:45:35,514 [pool-42-thread-1] INFO  server.RaftServerConfigKeys (ConfUtils.java:logGet(44)) - raft.server.retrycache.expirytime = 600000ms (custom)
2020-11-20 01:45:35,514 [pool-42-thread-1] INFO  metrics.RatisMetrics (RatisMetrics.java:lambda$create$0(36)) - Creating Metrics Registry : ratis.leader_election.omNode-2@group-523986131536
2020-11-20 01:45:35,515 [pool-42-thread-1] INFO  metrics.RatisMetrics (RatisMetrics.java:lambda$create$0(36)) - Creating Metrics Registry : ratis.server.omNode-2@group-523986131536
2020-11-20 01:45:35,515 [Listener at 127.0.0.1/13730] INFO  om.OzoneManager (OzoneManager.java:start(1144)) - OzoneManager RPC server is listening at localhost/127.0.0.1:13730
2020-11-20 01:45:35,515 [Listener at 127.0.0.1/13730] INFO  ratis.OzoneManagerRatisServer (OzoneManagerRatisServer.java:start(372)) - Starting OzoneManagerRatisServer omNode-2 at port 13734
2020-11-20 01:45:35,516 [Listener at 127.0.0.1/13730] INFO  impl.RaftServerImpl (RaftServerImpl.java:start(209)) - omNode-2@group-523986131536: start as a follower, conf=-1: [omNode-3:localhost:13740:0, omNode-1:localhost:13728:0, omNode-2:localhost:13734:0], old=null
2020-11-20 01:45:35,516 [Listener at 127.0.0.1/13730] INFO  impl.RaftServerImpl (RaftServerImpl.java:setRole(198)) - omNode-2@group-523986131536: changes role from      null to FOLLOWER at term 0 for startAsFollower
2020-11-20 01:45:35,516 [Listener at 127.0.0.1/13730] INFO  impl.RoleInfo (RoleInfo.java:updateAndGet(143)) - omNode-2: start FollowerState
2020-11-20 01:45:35,517 [Listener at 127.0.0.1/13730] INFO  util.JmxRegister (JmxRegister.java:tryRegister(44)) - Successfully registered JMX Bean with object name Ratis:service=RaftServer,group=group-523986131536,id=omNode-2
2020-11-20 01:45:35,517 [Listener at 127.0.0.1/13730] INFO  metrics.RatisMetrics (RatisMetrics.java:lambda$create$0(36)) - Creating Metrics Registry : ratis.state_machine.omNode-2@group-523986131536
2020-11-20 01:45:35,521 [Listener at 127.0.0.1/13730] INFO  impl.RaftServerProxy (RaftServerProxy.java:lambda$start$3(307)) - omNode-2: start RPC server
2020-11-20 01:45:35,523 [Listener at 127.0.0.1/13730] INFO  server.GrpcService (GrpcService.java:startImpl(177)) - omNode-2: GrpcService started, listening on 0.0.0.0/0.0.0.0:13734
2020-11-20 01:45:35,546 [Listener at 127.0.0.1/13730] INFO  http.BaseHttpServer (BaseHttpServer.java:newHttpServer2BuilderForOzone(207)) - Starting Web-server for ozoneManager at: http://0.0.0.0:13732
2020-11-20 01:45:35,547 [Listener at 127.0.0.1/13730] INFO  http.BaseHttpServer (BaseHttpServer.java:<init>(106)) - Hadoop Security Enabled: false Ozone Security Enabled: false Ozone HTTP Security Enabled: false 
2020-11-20 01:45:35,548 [Listener at 127.0.0.1/13730] INFO  server.AuthenticationFilter (AuthenticationFilter.java:constructSecretProvider(240)) - Unable to initialize FileSignerSecretProvider, falling back to use random secrets.
2020-11-20 01:45:35,549 [Listener at 127.0.0.1/13730] WARN  http.HttpRequestLog (HttpRequestLog.java:getRequestLog(103)) - Jetty request log can only be enabled using Log4j
2020-11-20 01:45:35,550 [Listener at 127.0.0.1/13730] INFO  http.HttpServer2 (HttpServer2.java:addGlobalFilter(1019)) - Added global filter 'safety' (class=org.apache.hadoop.hdds.server.http.HttpServer2$QuotingInputFilter)
2020-11-20 01:45:35,551 [Listener at 127.0.0.1/13730] INFO  http.HttpServer2 (HttpServer2.java:addFilter(995)) - Added filter static_user_filter (class=org.apache.hadoop.http.lib.StaticUserWebFilter$StaticUserFilter) to context ozoneManager
2020-11-20 01:45:35,552 [Listener at 127.0.0.1/13730] INFO  http.HttpServer2 (HttpServer2.java:addFilter(1003)) - Added filter static_user_filter (class=org.apache.hadoop.http.lib.StaticUserWebFilter$StaticUserFilter) to context logs
2020-11-20 01:45:35,552 [Listener at 127.0.0.1/13730] INFO  http.HttpServer2 (HttpServer2.java:addFilter(1003)) - Added filter static_user_filter (class=org.apache.hadoop.http.lib.StaticUserWebFilter$StaticUserFilter) to context static
2020-11-20 01:45:35,553 [Listener at 127.0.0.1/13730] INFO  http.HttpServer2 (HttpServer2.java:bindListener(1237)) - Jetty bound to port 13732
2020-11-20 01:45:35,553 [Listener at 127.0.0.1/13730] INFO  server.Server (Server.java:doStart(375)) - jetty-9.4.34.v20201102; built: 2020-11-02T14:15:39.302Z; git: e46af88704a893fc12cb0e3bf46e2c7b48a009e7; jvm 1.8.0_232-b09
2020-11-20 01:45:35,556 [Listener at 127.0.0.1/13730] INFO  server.session (DefaultSessionIdManager.java:doStart(334)) - DefaultSessionIdManager workerName=node0
2020-11-20 01:45:35,556 [Listener at 127.0.0.1/13730] INFO  server.session (DefaultSessionIdManager.java:doStart(339)) - No SessionScavenger set, using defaults
2020-11-20 01:45:35,556 [Listener at 127.0.0.1/13730] INFO  server.session (HouseKeeper.java:startScavenging(132)) - node0 Scavenging every 660000ms
2020-11-20 01:45:35,557 [Listener at 127.0.0.1/13730] INFO  handler.ContextHandler (ContextHandler.java:doStart(916)) - Started o.e.j.s.ServletContextHandler@1ac0efa9{logs,/logs,file:///github/workspace/mnt/ozone/hadoop-ozone/integration-test/target/log,AVAILABLE}
2020-11-20 01:45:35,558 [Listener at 127.0.0.1/13730] INFO  handler.ContextHandler (ContextHandler.java:doStart(916)) - Started o.e.j.s.ServletContextHandler@6847d5fa{static,/static,file:///github/workspace/mnt/ozone/hadoop-ozone/integration-test/target/test-classes/webapps/static,AVAILABLE}
2020-11-20 01:45:35,562 [Listener at 127.0.0.1/13730] INFO  handler.ContextHandler (ContextHandler.java:doStart(916)) - Started o.e.j.w.WebAppContext@46bcb102{ozoneManager,/,file:///github/workspace/mnt/ozone/hadoop-ozone/integration-test/target/test-classes/webapps/ozoneManager/,AVAILABLE}{file:/github/workspace/mnt/ozone/hadoop-ozone/integration-test/target/test-classes/webapps/ozoneManager}
2020-11-20 01:45:35,574 [Listener at 127.0.0.1/13730] INFO  server.AbstractConnector (AbstractConnector.java:doStart(331)) - Started ServerConnector@6fd2cfd3{HTTP/1.1, (http/1.1)}{0.0.0.0:13732}
2020-11-20 01:45:35,574 [Listener at 127.0.0.1/13730] INFO  server.Server (Server.java:doStart(415)) - Started @4618ms
2020-11-20 01:45:35,574 [Listener at 127.0.0.1/13730] WARN  impl.MetricsSystemImpl (MetricsSystemImpl.java:register(276)) - Sink prometheus already exists!
2020-11-20 01:45:35,577 [Listener at 127.0.0.1/13730] INFO  http.BaseHttpServer (BaseHttpServer.java:updateConnectorAddress(327)) - HTTP server of ozoneManager listening at http://0.0.0.0:13732
2020-11-20 01:45:35,580 [IPC Server Responder] INFO  ipc.Server (Server.java:run(1460)) - IPC Server Responder: starting
2020-11-20 01:45:35,580 [IPC Server listener on 13730] INFO  ipc.Server (Server.java:run(1298)) - IPC Server listener on 13730: starting
2020-11-20 01:45:35,586 [Listener at 127.0.0.1/13730] INFO  om.OzoneManager (OzoneManager.java:startTrashEmptier(1269)) - Trash Interval set to 0. Files deleted will not move to trash
2020-11-20 01:45:35,587 [Listener at 127.0.0.1/13730] INFO  ozone.MiniOzoneHAClusterImpl (MiniOzoneHAClusterImpl.java:createOMService(380)) - Started OzoneManager RPC server at localhost/127.0.0.1:13730
2020-11-20 01:45:35,588 [Listener at 127.0.0.1/13730] WARN  server.ServerUtils (ServerUtils.java:getDBPath(225)) - ozone.om.db.dirs is not configured. We recommend adding this setting. Falling back to ozone.metadata.dirs instead.
2020-11-20 01:45:35,597 [Listener at 127.0.0.1/13730] INFO  ha.OMHANodeDetails (OMHANodeDetails.java:loadOMHAConfig(110)) - ServiceID for OzoneManager is om-service-test1
2020-11-20 01:45:35,597 [Listener at 127.0.0.1/13730] INFO  ha.OMHANodeDetails (OMHANodeDetails.java:loadOMHAConfig(188)) - Found matching OM address with OMServiceId: om-service-test1, OMNodeId: omNode-3, RPC Address: localhost:13736 and Ratis port: 13740
2020-11-20 01:45:35,597 [Listener at 127.0.0.1/13730] INFO  ha.OMHANodeDetails (OMHANodeDetails.java:setOMNodeSpecificConfigs(314)) - Setting configuration key ozone.om.http-address with value of key ozone.om.http-address.omNode-3: 127.0.0.1:13738
2020-11-20 01:45:35,598 [Listener at 127.0.0.1/13730] INFO  ha.OMHANodeDetails (OMHANodeDetails.java:setOMNodeSpecificConfigs(314)) - Setting configuration key ozone.om.https-address with value of key ozone.om.https-address.omNode-3: 127.0.0.1:13739
2020-11-20 01:45:35,598 [Listener at 127.0.0.1/13730] INFO  ha.OMHANodeDetails (OMHANodeDetails.java:setOMNodeSpecificConfigs(314)) - Setting configuration key ozone.om.address with value of key ozone.om.address.omNode-3: 127.0.0.1:13736
2020-11-20 01:45:35,599 [Listener at 127.0.0.1/13730] WARN  server.ServerUtils (ServerUtils.java:getDBPath(225)) - ozone.om.db.dirs is not configured. We recommend adding this setting. Falling back to ozone.metadata.dirs instead.
2020-11-20 01:45:35,600 [Listener at 127.0.0.1/13730] WARN  server.ServerUtils (ServerUtils.java:getDBPath(225)) - ozone.om.db.dirs is not configured. We recommend adding this setting. Falling back to ozone.metadata.dirs instead.
2020-11-20 01:45:35,600 [org.apache.hadoop.util.JvmPauseMonitor$Monitor@6c3b0a73] INFO  util.JvmPauseMonitor (JvmPauseMonitor.java:run(188)) - Starting JVM pause monitor
2020-11-20 01:45:35,603 [Listener at 127.0.0.1/13730] WARN  server.ServerUtils (ServerUtils.java:getDBPath(225)) - ozone.om.db.dirs is not configured. We recommend adding this setting. Falling back to ozone.metadata.dirs instead.
2020-11-20 01:45:35,604 [Listener at 127.0.0.1/13730] INFO  codec.OmKeyInfoCodec (OmKeyInfoCodec.java:<init>(41)) - OmKeyInfoCodec ignorePipeline = true
2020-11-20 01:45:35,604 [Listener at 127.0.0.1/13730] INFO  codec.RepeatedOmKeyInfoCodec (RepeatedOmKeyInfoCodec.java:<init>(40)) - RepeatedOmKeyInfoCodec ignorePipeline = true
2020-11-20 01:45:35,653 [Listener at 127.0.0.1/13730] INFO  om.OzoneManager (OzoneManager.java:addS3GVolumeToDB(3741)) - Created Volume s3v With Owner jenkins1001 required for S3Gateway operations.
2020-11-20 01:45:35,653 [Listener at 127.0.0.1/13730] WARN  server.ServerUtils (ServerUtils.java:getDefaultRatisDirectory(237)) - Storage directory for Ratis is not configured. It is a good idea to map this to an SSD disk. Falling back to ozone.metadata.dirs
2020-11-20 01:45:35,653 [Listener at 127.0.0.1/13730] INFO  ratis.OzoneManagerRatisServer (OzoneManagerRatisServer.java:<init>(270)) - Instantiating OM Ratis server with GroupID: om-service-test1 and Raft Peers: localhost:13740, localhost:13728, localhost:13734
2020-11-20 01:45:35,653 [Listener at 127.0.0.1/13730] INFO  ratis.OzoneManagerStateMachine (OzoneManagerStateMachine.java:loadSnapshotInfoFromDB(519)) - LastAppliedIndex is set from TransactionInfo from OM DB as (t:0, i:~)
2020-11-20 01:45:35,654 [Listener at 127.0.0.1/13730] INFO  impl.RaftServerProxy (ConfUtils.java:logGet(44)) - raft.rpc.type = GRPC (default)
2020-11-20 01:45:35,654 [Listener at 127.0.0.1/13730] INFO  grpc.GrpcFactory (GrpcFactory.java:checkPooledByteBufAllocatorUseCacheForAllThreads(45)) - PERFORMANCE WARNING: useCacheForAllThreads is true that may cause Netty to create a lot garbage objects and, as a result, trigger GC.
	It is recommended to disable useCacheForAllThreads by setting -Dorg.apache.ratis.thirdparty.io.netty.allocator.useCacheForAllThreads=false in command line.
2020-11-20 01:45:35,654 [Listener at 127.0.0.1/13730] INFO  grpc.GrpcConfigKeys (ConfUtils.java:logGet(44)) - raft.grpc.server.port = 13740 (custom)
2020-11-20 01:45:35,654 [Listener at 127.0.0.1/13730] INFO  server.GrpcService (ConfUtils.java:logGet(44)) - raft.grpc.message.size.max = 33554432 (custom)
2020-11-20 01:45:35,654 [Listener at 127.0.0.1/13730] INFO  server.RaftServerConfigKeys (ConfUtils.java:logGet(44)) - raft.server.log.appender.buffer.byte-limit = 33554432 (custom)
2020-11-20 01:45:35,654 [Listener at 127.0.0.1/13730] INFO  server.GrpcService (ConfUtils.java:logGet(44)) - raft.grpc.flow.control.window = 1MB (=1048576) (default)
2020-11-20 01:45:35,655 [Listener at 127.0.0.1/13730] INFO  server.RaftServerConfigKeys (ConfUtils.java:logGet(44)) - raft.server.rpc.request.timeout = 3000ms (default)
2020-11-20 01:45:35,656 [Listener at 127.0.0.1/13730] INFO  server.RaftServerConfigKeys (ConfUtils.java:logGet(44)) - raft.server.storage.dir = [/github/workspace/mnt/ozone/hadoop-ozone/integration-test/target/test-dir/MiniOzoneClusterImpl-1a3a07de-270a-423e-87a2-3dcf9ca25c10/omNode-3/ratis] (custom)
2020-11-20 01:45:35,661 [Listener at 127.0.0.1/13730] INFO  impl.RaftServerProxy (RaftServerProxy.java:addNew(92)) - omNode-3: addNew group-523986131536:[omNode-3:localhost:13740:0, omNode-1:localhost:13728:0, omNode-2:localhost:13734:0] returns group-523986131536:java.util.concurrent.CompletableFuture@40bc1a45[Not completed]
2020-11-20 01:45:35,662 [pool-58-thread-1] INFO  impl.RaftServerImpl (RaftServerImpl.java:<init>(120)) - omNode-3: new RaftServerImpl for group-523986131536:[omNode-3:localhost:13740:0, omNode-1:localhost:13728:0, omNode-2:localhost:13734:0] with OzoneManagerStateMachine:uninitialized
2020-11-20 01:45:35,662 [Listener at 127.0.0.1/13730] INFO  om.OzoneManager (OzoneManager.java:initializeRatisServer(1336)) - OzoneManager Ratis server initialized at port 13740
2020-11-20 01:45:35,662 [Listener at 127.0.0.1/13730] WARN  server.ServerUtils (ServerUtils.java:getDefaultRatisDirectory(237)) - Storage directory for Ratis is not configured. It is a good idea to map this to an SSD disk. Falling back to ozone.metadata.dirs
2020-11-20 01:45:35,663 [Listener at 127.0.0.1/13730] WARN  server.ServerUtils (ServerUtils.java:getDefaultRatisDirectory(237)) - Storage directory for Ratis is not configured. It is a good idea to map this to an SSD disk. Falling back to ozone.metadata.dirs
2020-11-20 01:45:35,663 [Listener at 127.0.0.1/13730] INFO  snapshot.OzoneManagerSnapshotProvider (OzoneManagerSnapshotProvider.java:<init>(77)) - Initializing OM Snapshot Provider
2020-11-20 01:45:35,664 [Listener at 127.0.0.1/13730] INFO  ipc.CallQueueManager (CallQueueManager.java:<init>(84)) - Using callQueue: class java.util.concurrent.LinkedBlockingQueue, queueCapacity: 2000, scheduler: class org.apache.hadoop.ipc.DefaultRpcScheduler, ipcBackoff: false.
2020-11-20 01:45:35,670 [pool-58-thread-1] INFO  server.RaftServerConfigKeys (ConfUtils.java:logGet(44)) - raft.server.rpc.timeout.min = 1s (custom)
2020-11-20 01:45:35,670 [pool-58-thread-1] INFO  server.RaftServerConfigKeys (ConfUtils.java:logGet(44)) - raft.server.rpc.timeout.max = 1200ms (custom)
2020-11-20 01:45:35,670 [pool-58-thread-1] INFO  server.RaftServerConfigKeys (ConfUtils.java:logGet(44)) - raft.server.rpcslowness.timeout = 2s (custom)
2020-11-20 01:45:35,670 [pool-58-thread-1] INFO  server.RaftServerConfigKeys (ConfUtils.java:logGet(44)) - raft.server.sleep.deviation.threshold = 300 (default)
2020-11-20 01:45:35,670 [pool-58-thread-1] INFO  server.RaftServerConfigKeys (ConfUtils.java:logGet(44)) - raft.server.log.appender.install.snapshot.enabled = false (custom)
2020-11-20 01:45:35,670 [pool-58-thread-1] INFO  impl.RaftServerImpl (ServerState.java:<init>(104)) - omNode-3@group-523986131536: ConfigurationManager, init=-1: [omNode-3:localhost:13740:0, omNode-1:localhost:13728:0, omNode-2:localhost:13734:0], old=null, confs=<EMPTY_MAP>
2020-11-20 01:45:35,670 [pool-58-thread-1] INFO  server.RaftServerConfigKeys (ConfUtils.java:logGet(44)) - raft.server.storage.dir = [/github/workspace/mnt/ozone/hadoop-ozone/integration-test/target/test-dir/MiniOzoneClusterImpl-1a3a07de-270a-423e-87a2-3dcf9ca25c10/omNode-3/ratis] (custom)
2020-11-20 01:45:35,670 [pool-58-thread-1] INFO  server.RaftServerConfigKeys (ConfUtils.java:logGet(44)) - raft.server.log.corruption.policy = EXCEPTION (default)
2020-11-20 01:45:35,671 [pool-58-thread-1] INFO  storage.RaftStorageDirectory (RaftStorageDirectory.java:analyzeStorage(261)) - The storage directory /github/workspace/mnt/ozone/hadoop-ozone/integration-test/target/test-dir/MiniOzoneClusterImpl-1a3a07de-270a-423e-87a2-3dcf9ca25c10/omNode-3/ratis/c9bc4cf4-3bc3-3c60-a66b-523986131536 does not exist. Creating ...
2020-11-20 01:45:35,672 [pool-58-thread-1] INFO  storage.RaftStorageDirectory (RaftStorageDirectory.java:tryLock(343)) - Lock on /github/workspace/mnt/ozone/hadoop-ozone/integration-test/target/test-dir/MiniOzoneClusterImpl-1a3a07de-270a-423e-87a2-3dcf9ca25c10/omNode-3/ratis/c9bc4cf4-3bc3-3c60-a66b-523986131536/in_use.lock acquired by nodename 24219@47863bed4066
2020-11-20 01:45:35,673 [pool-58-thread-1] INFO  storage.RaftStorage (RaftStorage.java:format(84)) - Storage directory /github/workspace/mnt/ozone/hadoop-ozone/integration-test/target/test-dir/MiniOzoneClusterImpl-1a3a07de-270a-423e-87a2-3dcf9ca25c10/omNode-3/ratis/c9bc4cf4-3bc3-3c60-a66b-523986131536 has been successfully formatted.
2020-11-20 01:45:35,673 [Socket Reader #1 for port 13736] INFO  ipc.Server (Server.java:run(1219)) - Starting Socket Reader #1 for port 13736
2020-11-20 01:45:35,674 [pool-58-thread-1] INFO  server.RaftServerConfigKeys (ConfUtils.java:logGet(44)) - raft.server.notification.no-leader.timeout = 2s (custom)
2020-11-20 01:45:35,675 [pool-58-thread-1] INFO  server.RaftServerConfigKeys (ConfUtils.java:logGet(44)) - raft.server.log.use.memory = false (default)
2020-11-20 01:45:35,676 [pool-58-thread-1] INFO  server.RaftServerConfigKeys (ConfUtils.java:logGet(44)) - raft.server.log.purge.gap = 50 (custom)
2020-11-20 01:45:35,676 [pool-58-thread-1] INFO  metrics.RatisMetrics (RatisMetrics.java:lambda$create$0(36)) - Creating Metrics Registry : ratis.log_worker.omNode-3@group-523986131536
2020-11-20 01:45:35,677 [pool-58-thread-1] INFO  server.RaftServerConfigKeys (ConfUtils.java:logGet(44)) - raft.server.log.appender.buffer.byte-limit = 33554432 (custom)
2020-11-20 01:45:35,678 [pool-58-thread-1] INFO  server.RaftServerConfigKeys (ConfUtils.java:logGet(44)) - raft.server.log.segment.size.max = 4194304 (custom)
2020-11-20 01:45:35,682 [pool-58-thread-1] INFO  server.RaftServerConfigKeys (ConfUtils.java:logGet(44)) - raft.server.log.segment.cache.num.max = 2 (custom)
2020-11-20 01:45:35,682 [pool-58-thread-1] INFO  segmented.SegmentedRaftLogWorker (SegmentedRaftLogWorker.java:<init>(180)) - new omNode-3@group-523986131536-SegmentedRaftLogWorker for RaftStorage:Storage Directory /github/workspace/mnt/ozone/hadoop-ozone/integration-test/target/test-dir/MiniOzoneClusterImpl-1a3a07de-270a-423e-87a2-3dcf9ca25c10/omNode-3/ratis/c9bc4cf4-3bc3-3c60-a66b-523986131536
2020-11-20 01:45:35,683 [pool-58-thread-1] INFO  server.RaftServerConfigKeys (ConfUtils.java:logGet(44)) - raft.server.log.queue.byte-limit = 64MB (=67108864) (default)
2020-11-20 01:45:35,683 [pool-58-thread-1] INFO  server.RaftServerConfigKeys (ConfUtils.java:logGet(44)) - raft.server.log.queue.element-limit = 4096 (default)
2020-11-20 01:45:35,683 [pool-58-thread-1] INFO  server.RaftServerConfigKeys (ConfUtils.java:logGet(44)) - raft.server.log.segment.size.max = 4194304 (custom)
2020-11-20 01:45:35,685 [pool-58-thread-1] INFO  server.RaftServerConfigKeys (ConfUtils.java:logGet(44)) - raft.server.log.preallocated.size = 4194304 (custom)
2020-11-20 01:45:35,685 [pool-58-thread-1] INFO  server.RaftServerConfigKeys (ConfUtils.java:logGet(44)) - raft.server.log.write.buffer.size = 64KB (=65536) (default)
2020-11-20 01:45:35,685 [pool-58-thread-1] INFO  server.RaftServerConfigKeys (ConfUtils.java:logGet(44)) - raft.server.log.force.sync.num = 128 (default)
2020-11-20 01:45:35,685 [pool-58-thread-1] INFO  server.RaftServerConfigKeys (ConfUtils.java:logGet(44)) - raft.server.log.statemachine.data.sync = true (default)
2020-11-20 01:45:35,685 [pool-58-thread-1] INFO  server.RaftServerConfigKeys (ConfUtils.java:logGet(44)) - raft.server.log.statemachine.data.sync.timeout = 10s (default)
2020-11-20 01:45:35,685 [pool-58-thread-1] INFO  server.RaftServerConfigKeys (ConfUtils.java:logGet(44)) - raft.server.log.statemachine.data.sync.timeout.retry = -1 (default)
2020-11-20 01:45:35,686 [pool-58-thread-1] INFO  server.RaftServerConfigKeys (ConfUtils.java:logGet(44)) - raft.server.log.statemachine.data.caching.enabled = false (default)
2020-11-20 01:45:35,687 [pool-58-thread-1] INFO  segmented.SegmentedRaftLogWorker (SegmentedRaftLogWorker.java:lambda$new$0(129)) - omNode-3@group-523986131536-SegmentedRaftLogWorker: flushIndex: setUnconditionally 0 -> -1
2020-11-20 01:45:35,687 [pool-58-thread-1] INFO  segmented.SegmentedRaftLogWorker (SegmentedRaftLogWorker.java:lambda$new$0(129)) - omNode-3@group-523986131536-SegmentedRaftLogWorker: safeCacheEvictIndex: setUnconditionally 0 -> -1
2020-11-20 01:45:35,688 [pool-58-thread-1] INFO  server.RaftServerConfigKeys (ConfUtils.java:logGet(44)) - raft.server.snapshot.auto.trigger.enabled = true (custom)
2020-11-20 01:45:35,688 [pool-58-thread-1] INFO  server.RaftServerConfigKeys (ConfUtils.java:logGet(44)) - raft.server.snapshot.auto.trigger.threshold = 50 (custom)
2020-11-20 01:45:35,688 [pool-58-thread-1] INFO  server.RaftServerConfigKeys (ConfUtils.java:logGet(44)) - raft.server.snapshot.retention.file.num = -1 (default)
2020-11-20 01:45:35,688 [pool-58-thread-1] INFO  server.RaftServerConfigKeys (ConfUtils.java:logGet(44)) - raft.server.log.purge.upto.snapshot.index = true (custom)
2020-11-20 01:45:35,688 [pool-58-thread-1] INFO  server.RaftServerConfigKeys (ConfUtils.java:logGet(44)) - raft.server.retrycache.expirytime = 600000ms (custom)
2020-11-20 01:45:35,688 [pool-58-thread-1] INFO  metrics.RatisMetrics (RatisMetrics.java:lambda$create$0(36)) - Creating Metrics Registry : ratis.leader_election.omNode-3@group-523986131536
2020-11-20 01:45:35,689 [pool-58-thread-1] INFO  metrics.RatisMetrics (RatisMetrics.java:lambda$create$0(36)) - Creating Metrics Registry : ratis.server.omNode-3@group-523986131536
2020-11-20 01:45:35,694 [Listener at 127.0.0.1/13736] INFO  impl.MetricsSystemImpl (MetricsSystemImpl.java:init(158)) - OzoneManager metrics system started (again)
2020-11-20 01:45:35,695 [Listener at 127.0.0.1/13736] INFO  om.OzoneManager (OzoneManager.java:start(1144)) - OzoneManager RPC server is listening at localhost/127.0.0.1:13736
2020-11-20 01:45:35,695 [Listener at 127.0.0.1/13736] INFO  ratis.OzoneManagerRatisServer (OzoneManagerRatisServer.java:start(372)) - Starting OzoneManagerRatisServer omNode-3 at port 13740
2020-11-20 01:45:35,705 [Listener at 127.0.0.1/13736] INFO  impl.RaftServerImpl (RaftServerImpl.java:start(209)) - omNode-3@group-523986131536: start as a follower, conf=-1: [omNode-3:localhost:13740:0, omNode-1:localhost:13728:0, omNode-2:localhost:13734:0], old=null
2020-11-20 01:45:35,705 [Listener at 127.0.0.1/13736] INFO  impl.RaftServerImpl (RaftServerImpl.java:setRole(198)) - omNode-3@group-523986131536: changes role from      null to FOLLOWER at term 0 for startAsFollower
2020-11-20 01:45:35,705 [Listener at 127.0.0.1/13736] INFO  impl.RoleInfo (RoleInfo.java:updateAndGet(143)) - omNode-3: start FollowerState
2020-11-20 01:45:35,706 [Listener at 127.0.0.1/13736] INFO  util.JmxRegister (JmxRegister.java:tryRegister(44)) - Successfully registered JMX Bean with object name Ratis:service=RaftServer,group=group-523986131536,id=omNode-3
2020-11-20 01:45:35,707 [Listener at 127.0.0.1/13736] INFO  metrics.RatisMetrics (RatisMetrics.java:lambda$create$0(36)) - Creating Metrics Registry : ratis.state_machine.omNode-3@group-523986131536
2020-11-20 01:45:35,710 [Listener at 127.0.0.1/13736] INFO  impl.RaftServerProxy (RaftServerProxy.java:lambda$start$3(307)) - omNode-3: start RPC server
2020-11-20 01:45:35,711 [Listener at 127.0.0.1/13736] INFO  server.GrpcService (GrpcService.java:startImpl(177)) - omNode-3: GrpcService started, listening on 0.0.0.0/0.0.0.0:13740
2020-11-20 01:45:35,716 [Listener at 127.0.0.1/13736] INFO  http.BaseHttpServer (BaseHttpServer.java:newHttpServer2BuilderForOzone(207)) - Starting Web-server for ozoneManager at: http://0.0.0.0:13738
2020-11-20 01:45:35,716 [Listener at 127.0.0.1/13736] INFO  http.BaseHttpServer (BaseHttpServer.java:<init>(106)) - Hadoop Security Enabled: false Ozone Security Enabled: false Ozone HTTP Security Enabled: false 
2020-11-20 01:45:35,717 [Listener at 127.0.0.1/13736] INFO  server.AuthenticationFilter (AuthenticationFilter.java:constructSecretProvider(240)) - Unable to initialize FileSignerSecretProvider, falling back to use random secrets.
2020-11-20 01:45:35,721 [Listener at 127.0.0.1/13736] WARN  http.HttpRequestLog (HttpRequestLog.java:getRequestLog(103)) - Jetty request log can only be enabled using Log4j
2020-11-20 01:45:35,722 [Listener at 127.0.0.1/13736] INFO  http.HttpServer2 (HttpServer2.java:addGlobalFilter(1019)) - Added global filter 'safety' (class=org.apache.hadoop.hdds.server.http.HttpServer2$QuotingInputFilter)
2020-11-20 01:45:35,723 [Listener at 127.0.0.1/13736] INFO  http.HttpServer2 (HttpServer2.java:addFilter(995)) - Added filter static_user_filter (class=org.apache.hadoop.http.lib.StaticUserWebFilter$StaticUserFilter) to context ozoneManager
2020-11-20 01:45:35,723 [Listener at 127.0.0.1/13736] INFO  http.HttpServer2 (HttpServer2.java:addFilter(1003)) - Added filter static_user_filter (class=org.apache.hadoop.http.lib.StaticUserWebFilter$StaticUserFilter) to context logs
2020-11-20 01:45:35,723 [Listener at 127.0.0.1/13736] INFO  http.HttpServer2 (HttpServer2.java:addFilter(1003)) - Added filter static_user_filter (class=org.apache.hadoop.http.lib.StaticUserWebFilter$StaticUserFilter) to context static
2020-11-20 01:45:35,724 [Listener at 127.0.0.1/13736] INFO  http.HttpServer2 (HttpServer2.java:bindListener(1237)) - Jetty bound to port 13738
2020-11-20 01:45:35,724 [Listener at 127.0.0.1/13736] INFO  server.Server (Server.java:doStart(375)) - jetty-9.4.34.v20201102; built: 2020-11-02T14:15:39.302Z; git: e46af88704a893fc12cb0e3bf46e2c7b48a009e7; jvm 1.8.0_232-b09
2020-11-20 01:45:35,739 [Listener at 127.0.0.1/13736] INFO  server.session (DefaultSessionIdManager.java:doStart(334)) - DefaultSessionIdManager workerName=node0
2020-11-20 01:45:35,739 [Listener at 127.0.0.1/13736] INFO  server.session (DefaultSessionIdManager.java:doStart(339)) - No SessionScavenger set, using defaults
2020-11-20 01:45:35,740 [Listener at 127.0.0.1/13736] INFO  server.session (HouseKeeper.java:startScavenging(132)) - node0 Scavenging every 660000ms
2020-11-20 01:45:35,740 [Listener at 127.0.0.1/13736] INFO  handler.ContextHandler (ContextHandler.java:doStart(916)) - Started o.e.j.s.ServletContextHandler@2dce0beb{logs,/logs,file:///github/workspace/mnt/ozone/hadoop-ozone/integration-test/target/log,AVAILABLE}
2020-11-20 01:45:35,741 [Listener at 127.0.0.1/13736] INFO  handler.ContextHandler (ContextHandler.java:doStart(916)) - Started o.e.j.s.ServletContextHandler@4feaefd1{static,/static,file:///github/workspace/mnt/ozone/hadoop-ozone/integration-test/target/test-classes/webapps/static,AVAILABLE}
2020-11-20 01:45:35,749 [Listener at 127.0.0.1/13736] INFO  handler.ContextHandler (ContextHandler.java:doStart(916)) - Started o.e.j.w.WebAppContext@5d724d9d{ozoneManager,/,file:///github/workspace/mnt/ozone/hadoop-ozone/integration-test/target/test-classes/webapps/ozoneManager/,AVAILABLE}{file:/github/workspace/mnt/ozone/hadoop-ozone/integration-test/target/test-classes/webapps/ozoneManager}
2020-11-20 01:45:35,759 [Listener at 127.0.0.1/13736] INFO  server.AbstractConnector (AbstractConnector.java:doStart(331)) - Started ServerConnector@8960429{HTTP/1.1, (http/1.1)}{0.0.0.0:13738}
2020-11-20 01:45:35,760 [Listener at 127.0.0.1/13736] INFO  server.Server (Server.java:doStart(415)) - Started @4804ms
2020-11-20 01:45:35,760 [Listener at 127.0.0.1/13736] WARN  impl.MetricsSystemImpl (MetricsSystemImpl.java:register(276)) - Sink prometheus already exists!
2020-11-20 01:45:35,763 [Listener at 127.0.0.1/13736] INFO  http.BaseHttpServer (BaseHttpServer.java:updateConnectorAddress(327)) - HTTP server of ozoneManager listening at http://0.0.0.0:13738
2020-11-20 01:45:35,763 [IPC Server Responder] INFO  ipc.Server (Server.java:run(1460)) - IPC Server Responder: starting
2020-11-20 01:45:35,764 [IPC Server listener on 13736] INFO  ipc.Server (Server.java:run(1298)) - IPC Server listener on 13736: starting
2020-11-20 01:45:35,769 [Listener at 127.0.0.1/13736] INFO  om.OzoneManager (OzoneManager.java:startTrashEmptier(1269)) - Trash Interval set to 0. Files deleted will not move to trash
2020-11-20 01:45:35,771 [Listener at 127.0.0.1/13736] INFO  ozone.MiniOzoneHAClusterImpl (MiniOzoneHAClusterImpl.java:createOMService(380)) - Started OzoneManager RPC server at localhost/127.0.0.1:13736
2020-11-20 01:45:35,790 [org.apache.hadoop.util.JvmPauseMonitor$Monitor@701f2cfe] INFO  util.JvmPauseMonitor (JvmPauseMonitor.java:run(188)) - Starting JVM pause monitor
2020-11-20 01:45:35,903 [Listener at 127.0.0.1/13736] INFO  impl.MetricsSystemImpl (MetricsSystemImpl.java:init(158)) - HddsDatanode metrics system started (again)
2020-11-20 01:45:35,910 [Listener at 127.0.0.1/13736] INFO  ozone.HddsDatanodeService (HddsDatanodeService.java:start(217)) - HddsDatanodeService host:47863bed4066 ip:172.17.0.2
2020-11-20 01:45:35,985 [Listener at 127.0.0.1/13736] INFO  volume.HddsVolume (HddsVolume.java:<init>(176)) - Creating Volume: /github/workspace/mnt/ozone/hadoop-ozone/integration-test/target/test-dir/MiniOzoneClusterImpl-1a3a07de-270a-423e-87a2-3dcf9ca25c10/datanode-0/data-0/containers/hdds of storage type : DISK and capacity : 9223372036854775807
2020-11-20 01:45:35,987 [Listener at 127.0.0.1/13736] INFO  volume.MutableVolumeSet (MutableVolumeSet.java:initializeVolumeSet(179)) - Added Volume : /github/workspace/mnt/ozone/hadoop-ozone/integration-test/target/test-dir/MiniOzoneClusterImpl-1a3a07de-270a-423e-87a2-3dcf9ca25c10/datanode-0/data-0/containers/hdds to VolumeSet
2020-11-20 01:45:35,988 [Listener at 127.0.0.1/13736] INFO  volume.ThrottledAsyncChecker (ThrottledAsyncChecker.java:schedule(141)) - Scheduling a check for /github/workspace/mnt/ozone/hadoop-ozone/integration-test/target/test-dir/MiniOzoneClusterImpl-1a3a07de-270a-423e-87a2-3dcf9ca25c10/datanode-0/data-0/containers/hdds
2020-11-20 01:45:36,011 [Listener at 127.0.0.1/13736] INFO  volume.HddsVolumeChecker (HddsVolumeChecker.java:checkAllVolumes(200)) - Scheduled health check for volume /github/workspace/mnt/ozone/hadoop-ozone/integration-test/target/test-dir/MiniOzoneClusterImpl-1a3a07de-270a-423e-87a2-3dcf9ca25c10/datanode-0/data-0/containers/hdds
2020-11-20 01:45:36,030 [Thread-208] INFO  ozoneimpl.ContainerReader (ContainerReader.java:readVolume(123)) - Start to verify containers on volume /github/workspace/mnt/ozone/hadoop-ozone/integration-test/target/test-dir/MiniOzoneClusterImpl-1a3a07de-270a-423e-87a2-3dcf9ca25c10/datanode-0/data-0/containers/hdds
2020-11-20 01:45:36,030 [Thread-208] INFO  ozoneimpl.ContainerReader (ContainerReader.java:readVolume(148)) - Finish verifying containers on volume /github/workspace/mnt/ozone/hadoop-ozone/integration-test/target/test-dir/MiniOzoneClusterImpl-1a3a07de-270a-423e-87a2-3dcf9ca25c10/datanode-0/data-0/containers/hdds
2020-11-20 01:45:36,030 [Listener at 127.0.0.1/13736] INFO  ozoneimpl.OzoneContainer (OzoneContainer.java:buildContainerSet(194)) - Build ContainerSet costs 0s
2020-11-20 01:45:36,089 [Listener at 127.0.0.1/13736] INFO  impl.RaftServerProxy (ConfUtils.java:logGet(44)) - raft.rpc.type = GRPC (default)
2020-11-20 01:45:36,089 [Listener at 127.0.0.1/13736] INFO  grpc.GrpcFactory (GrpcFactory.java:checkPooledByteBufAllocatorUseCacheForAllThreads(45)) - PERFORMANCE WARNING: useCacheForAllThreads is true that may cause Netty to create a lot garbage objects and, as a result, trigger GC.
	It is recommended to disable useCacheForAllThreads by setting -Dorg.apache.ratis.thirdparty.io.netty.allocator.useCacheForAllThreads=false in command line.
2020-11-20 01:45:36,090 [Listener at 127.0.0.1/13736] INFO  grpc.GrpcConfigKeys (ConfUtils.java:logGet(44)) - raft.grpc.server.port = 0 (default)
2020-11-20 01:45:36,090 [Listener at 127.0.0.1/13736] INFO  server.GrpcService (ConfUtils.java:logGet(44)) - raft.grpc.message.size.max = 32MB (=33554432) (custom)
2020-11-20 01:45:36,090 [Listener at 127.0.0.1/13736] INFO  server.RaftServerConfigKeys (ConfUtils.java:logGet(44)) - raft.server.log.appender.buffer.byte-limit = 33554432 (custom)
2020-11-20 01:45:36,090 [Listener at 127.0.0.1/13736] INFO  server.GrpcService (ConfUtils.java:logGet(44)) - raft.grpc.flow.control.window = 5MB (=5242880) (custom)
2020-11-20 01:45:36,090 [Listener at 127.0.0.1/13736] INFO  server.RaftServerConfigKeys (ConfUtils.java:logGet(44)) - raft.server.rpc.request.timeout = 60s (custom)
2020-11-20 01:45:36,091 [Listener at 127.0.0.1/13736] INFO  server.RaftServerConfigKeys (ConfUtils.java:logGet(44)) - raft.server.storage.dir = [/github/workspace/mnt/ozone/hadoop-ozone/integration-test/target/test-dir/MiniOzoneClusterImpl-1a3a07de-270a-423e-87a2-3dcf9ca25c10/datanode-0/data/ratis] (custom)
2020-11-20 01:45:36,149 [Listener at 127.0.0.1/13736] INFO  http.BaseHttpServer (BaseHttpServer.java:newHttpServer2BuilderForOzone(207)) - Starting Web-server for hddsDatanode at: http://0.0.0.0:0
2020-11-20 01:45:36,149 [Listener at 127.0.0.1/13736] INFO  http.BaseHttpServer (BaseHttpServer.java:<init>(106)) - Hadoop Security Enabled: false Ozone Security Enabled: false Ozone HTTP Security Enabled: false 
2020-11-20 01:45:36,150 [Listener at 127.0.0.1/13736] INFO  server.AuthenticationFilter (AuthenticationFilter.java:constructSecretProvider(240)) - Unable to initialize FileSignerSecretProvider, falling back to use random secrets.
2020-11-20 01:45:36,151 [Listener at 127.0.0.1/13736] WARN  http.HttpRequestLog (HttpRequestLog.java:getRequestLog(103)) - Jetty request log can only be enabled using Log4j
2020-11-20 01:45:36,152 [Listener at 127.0.0.1/13736] INFO  http.HttpServer2 (HttpServer2.java:addGlobalFilter(1019)) - Added global filter 'safety' (class=org.apache.hadoop.hdds.server.http.HttpServer2$QuotingInputFilter)
2020-11-20 01:45:36,152 [Listener at 127.0.0.1/13736] INFO  http.HttpServer2 (HttpServer2.java:addFilter(995)) - Added filter static_user_filter (class=org.apache.hadoop.http.lib.StaticUserWebFilter$StaticUserFilter) to context hddsDatanode
2020-11-20 01:45:36,152 [Listener at 127.0.0.1/13736] INFO  http.HttpServer2 (HttpServer2.java:addFilter(1003)) - Added filter static_user_filter (class=org.apache.hadoop.http.lib.StaticUserWebFilter$StaticUserFilter) to context logs
2020-11-20 01:45:36,153 [Listener at 127.0.0.1/13736] INFO  http.HttpServer2 (HttpServer2.java:addFilter(1003)) - Added filter static_user_filter (class=org.apache.hadoop.http.lib.StaticUserWebFilter$StaticUserFilter) to context static
2020-11-20 01:45:36,153 [Listener at 127.0.0.1/13736] INFO  http.HttpServer2 (HttpServer2.java:bindListener(1237)) - Jetty bound to port 37445
2020-11-20 01:45:36,153 [Listener at 127.0.0.1/13736] INFO  server.Server (Server.java:doStart(375)) - jetty-9.4.34.v20201102; built: 2020-11-02T14:15:39.302Z; git: e46af88704a893fc12cb0e3bf46e2c7b48a009e7; jvm 1.8.0_232-b09
2020-11-20 01:45:36,155 [Listener at 127.0.0.1/13736] INFO  server.session (DefaultSessionIdManager.java:doStart(334)) - DefaultSessionIdManager workerName=node0
2020-11-20 01:45:36,155 [Listener at 127.0.0.1/13736] INFO  server.session (DefaultSessionIdManager.java:doStart(339)) - No SessionScavenger set, using defaults
2020-11-20 01:45:36,155 [Listener at 127.0.0.1/13736] INFO  server.session (HouseKeeper.java:startScavenging(132)) - node0 Scavenging every 600000ms
2020-11-20 01:45:36,157 [Listener at 127.0.0.1/13736] INFO  handler.ContextHandler (ContextHandler.java:doStart(916)) - Started o.e.j.s.ServletContextHandler@c00d9c2{logs,/logs,file:///github/workspace/mnt/ozone/hadoop-ozone/integration-test/target/log,AVAILABLE}
2020-11-20 01:45:36,157 [Listener at 127.0.0.1/13736] INFO  handler.ContextHandler (ContextHandler.java:doStart(916)) - Started o.e.j.s.ServletContextHandler@729d7284{static,/static,jar:file:/home/user/.m2/repository/org/apache/hadoop/hadoop-hdds-container-service/1.1.0-SNAPSHOT/hadoop-hdds-container-service-1.1.0-SNAPSHOT.jar!/webapps/static,AVAILABLE}
2020-11-20 01:45:36,294 [Thread-99] INFO  impl.FollowerState (FollowerState.java:run(108)) - omNode-1@group-523986131536-FollowerState: change to CANDIDATE, lastRpcTime:1025ms, electionTimeout:1021ms
2020-11-20 01:45:36,295 [Thread-99] INFO  impl.RoleInfo (RoleInfo.java:shutdownFollowerState(121)) - omNode-1: shutdown FollowerState
2020-11-20 01:45:36,296 [Thread-99] INFO  impl.RaftServerImpl (RaftServerImpl.java:setRole(198)) - omNode-1@group-523986131536: changes role from  FOLLOWER to CANDIDATE at term 0 for changeToCandidate
2020-11-20 01:45:36,296 [Listener at 127.0.0.1/13736] INFO  handler.ContextHandler (ContextHandler.java:doStart(916)) - Started o.e.j.w.WebAppContext@774a17ca{hddsDatanode,/,file:///tmp/jetty-0_0_0_0-37445-hadoop-hdds-container-service-1_1_0-SNAPSHOT_jar-_-any-7811869841336355265/webapp/,AVAILABLE}{jar:file:/home/user/.m2/repository/org/apache/hadoop/hadoop-hdds-container-service/1.1.0-SNAPSHOT/hadoop-hdds-container-service-1.1.0-SNAPSHOT.jar!/webapps/hddsDatanode}
2020-11-20 01:45:36,298 [Thread-99] INFO  impl.RoleInfo (RoleInfo.java:updateAndGet(143)) - omNode-1: start LeaderElection
2020-11-20 01:45:36,299 [Listener at 127.0.0.1/13736] INFO  server.AbstractConnector (AbstractConnector.java:doStart(331)) - Started ServerConnector@14292eac{HTTP/1.1, (http/1.1)}{0.0.0.0:37445}
2020-11-20 01:45:36,299 [Listener at 127.0.0.1/13736] INFO  server.Server (Server.java:doStart(415)) - Started @5343ms
2020-11-20 01:45:36,299 [Listener at 127.0.0.1/13736] WARN  impl.MetricsSystemImpl (MetricsSystemImpl.java:register(276)) - Sink prometheus already exists!
2020-11-20 01:45:36,301 [omNode-1@group-523986131536-LeaderElection1] INFO  impl.LeaderElection (LeaderElection.java:askForVotes(210)) - omNode-1@group-523986131536-LeaderElection1: begin an election at term 1 for -1: [omNode-3:localhost:13740:0, omNode-1:localhost:13728:0, omNode-2:localhost:13734:0], old=null
2020-11-20 01:45:36,303 [Listener at 127.0.0.1/13736] INFO  http.BaseHttpServer (BaseHttpServer.java:updateConnectorAddress(327)) - HTTP server of hddsDatanode listening at http://0.0.0.0:37445
2020-11-20 01:45:36,314 [Listener at 127.0.0.1/13736] INFO  impl.MetricsSystemImpl (MetricsSystemImpl.java:init(158)) - HddsDatanode metrics system started (again)
2020-11-20 01:45:36,325 [Listener at 127.0.0.1/13736] INFO  ozone.HddsDatanodeService (HddsDatanodeService.java:start(217)) - HddsDatanodeService host:47863bed4066 ip:172.17.0.2
2020-11-20 01:45:36,327 [Listener at 127.0.0.1/13736] INFO  volume.HddsVolume (HddsVolume.java:<init>(176)) - Creating Volume: /github/workspace/mnt/ozone/hadoop-ozone/integration-test/target/test-dir/MiniOzoneClusterImpl-1a3a07de-270a-423e-87a2-3dcf9ca25c10/datanode-1/data-0/containers/hdds of storage type : DISK and capacity : 9223372036854775807
2020-11-20 01:45:36,333 [Listener at 127.0.0.1/13736] INFO  volume.MutableVolumeSet (MutableVolumeSet.java:initializeVolumeSet(179)) - Added Volume : /github/workspace/mnt/ozone/hadoop-ozone/integration-test/target/test-dir/MiniOzoneClusterImpl-1a3a07de-270a-423e-87a2-3dcf9ca25c10/datanode-1/data-0/containers/hdds to VolumeSet
2020-11-20 01:45:36,334 [Listener at 127.0.0.1/13736] INFO  volume.ThrottledAsyncChecker (ThrottledAsyncChecker.java:schedule(141)) - Scheduling a check for /github/workspace/mnt/ozone/hadoop-ozone/integration-test/target/test-dir/MiniOzoneClusterImpl-1a3a07de-270a-423e-87a2-3dcf9ca25c10/datanode-1/data-0/containers/hdds
2020-11-20 01:45:36,338 [org.apache.hadoop.util.JvmPauseMonitor$Monitor@2e5f80ac] INFO  util.JvmPauseMonitor (JvmPauseMonitor.java:run(188)) - Starting JVM pause monitor
2020-11-20 01:45:36,338 [Listener at 127.0.0.1/13736] INFO  volume.HddsVolumeChecker (HddsVolumeChecker.java:checkAllVolumes(200)) - Scheduled health check for volume /github/workspace/mnt/ozone/hadoop-ozone/integration-test/target/test-dir/MiniOzoneClusterImpl-1a3a07de-270a-423e-87a2-3dcf9ca25c10/datanode-1/data-0/containers/hdds
2020-11-20 01:45:36,393 [Thread-222] INFO  ozoneimpl.ContainerReader (ContainerReader.java:readVolume(123)) - Start to verify containers on volume /github/workspace/mnt/ozone/hadoop-ozone/integration-test/target/test-dir/MiniOzoneClusterImpl-1a3a07de-270a-423e-87a2-3dcf9ca25c10/datanode-1/data-0/containers/hdds
2020-11-20 01:45:36,399 [Thread-222] INFO  ozoneimpl.ContainerReader (ContainerReader.java:readVolume(148)) - Finish verifying containers on volume /github/workspace/mnt/ozone/hadoop-ozone/integration-test/target/test-dir/MiniOzoneClusterImpl-1a3a07de-270a-423e-87a2-3dcf9ca25c10/datanode-1/data-0/containers/hdds
2020-11-20 01:45:36,399 [Listener at 127.0.0.1/13736] INFO  ozoneimpl.OzoneContainer (OzoneContainer.java:buildContainerSet(194)) - Build ContainerSet costs 0s
2020-11-20 01:45:36,402 [Listener at 127.0.0.1/13736] INFO  impl.RaftServerProxy (ConfUtils.java:logGet(44)) - raft.rpc.type = GRPC (default)
2020-11-20 01:45:36,402 [Listener at 127.0.0.1/13736] INFO  grpc.GrpcFactory (GrpcFactory.java:checkPooledByteBufAllocatorUseCacheForAllThreads(45)) - PERFORMANCE WARNING: useCacheForAllThreads is true that may cause Netty to create a lot garbage objects and, as a result, trigger GC.
	It is recommended to disable useCacheForAllThreads by setting -Dorg.apache.ratis.thirdparty.io.netty.allocator.useCacheForAllThreads=false in command line.
2020-11-20 01:45:36,402 [Listener at 127.0.0.1/13736] INFO  grpc.GrpcConfigKeys (ConfUtils.java:logGet(44)) - raft.grpc.server.port = 0 (default)
2020-11-20 01:45:36,402 [Listener at 127.0.0.1/13736] INFO  server.GrpcService (ConfUtils.java:logGet(44)) - raft.grpc.message.size.max = 32MB (=33554432) (custom)
2020-11-20 01:45:36,402 [Listener at 127.0.0.1/13736] INFO  server.RaftServerConfigKeys (ConfUtils.java:logGet(44)) - raft.server.log.appender.buffer.byte-limit = 33554432 (custom)
2020-11-20 01:45:36,403 [Listener at 127.0.0.1/13736] INFO  server.GrpcService (ConfUtils.java:logGet(44)) - raft.grpc.flow.control.window = 5MB (=5242880) (custom)
2020-11-20 01:45:36,403 [Listener at 127.0.0.1/13736] INFO  server.RaftServerConfigKeys (ConfUtils.java:logGet(44)) - raft.server.rpc.request.timeout = 60s (custom)
2020-11-20 01:45:36,409 [Listener at 127.0.0.1/13736] INFO  server.RaftServerConfigKeys (ConfUtils.java:logGet(44)) - raft.server.storage.dir = [/github/workspace/mnt/ozone/hadoop-ozone/integration-test/target/test-dir/MiniOzoneClusterImpl-1a3a07de-270a-423e-87a2-3dcf9ca25c10/datanode-1/data/ratis] (custom)
2020-11-20 01:45:36,416 [Listener at 127.0.0.1/13736] INFO  http.BaseHttpServer (BaseHttpServer.java:newHttpServer2BuilderForOzone(207)) - Starting Web-server for hddsDatanode at: http://0.0.0.0:0
2020-11-20 01:45:36,417 [Listener at 127.0.0.1/13736] INFO  http.BaseHttpServer (BaseHttpServer.java:<init>(106)) - Hadoop Security Enabled: false Ozone Security Enabled: false Ozone HTTP Security Enabled: false 
2020-11-20 01:45:36,419 [Listener at 127.0.0.1/13736] INFO  server.AuthenticationFilter (AuthenticationFilter.java:constructSecretProvider(240)) - Unable to initialize FileSignerSecretProvider, falling back to use random secrets.
2020-11-20 01:45:36,433 [Listener at 127.0.0.1/13736] WARN  http.HttpRequestLog (HttpRequestLog.java:getRequestLog(103)) - Jetty request log can only be enabled using Log4j
2020-11-20 01:45:36,434 [Listener at 127.0.0.1/13736] INFO  http.HttpServer2 (HttpServer2.java:addGlobalFilter(1019)) - Added global filter 'safety' (class=org.apache.hadoop.hdds.server.http.HttpServer2$QuotingInputFilter)
2020-11-20 01:45:36,435 [Listener at 127.0.0.1/13736] INFO  http.HttpServer2 (HttpServer2.java:addFilter(995)) - Added filter static_user_filter (class=org.apache.hadoop.http.lib.StaticUserWebFilter$StaticUserFilter) to context hddsDatanode
2020-11-20 01:45:36,435 [Listener at 127.0.0.1/13736] INFO  http.HttpServer2 (HttpServer2.java:addFilter(1003)) - Added filter static_user_filter (class=org.apache.hadoop.http.lib.StaticUserWebFilter$StaticUserFilter) to context logs
2020-11-20 01:45:36,435 [Listener at 127.0.0.1/13736] INFO  http.HttpServer2 (HttpServer2.java:addFilter(1003)) - Added filter static_user_filter (class=org.apache.hadoop.http.lib.StaticUserWebFilter$StaticUserFilter) to context static
2020-11-20 01:45:36,435 [Listener at 127.0.0.1/13736] INFO  http.HttpServer2 (HttpServer2.java:bindListener(1237)) - Jetty bound to port 43885
2020-11-20 01:45:36,435 [Listener at 127.0.0.1/13736] INFO  server.Server (Server.java:doStart(375)) - jetty-9.4.34.v20201102; built: 2020-11-02T14:15:39.302Z; git: e46af88704a893fc12cb0e3bf46e2c7b48a009e7; jvm 1.8.0_232-b09
2020-11-20 01:45:36,463 [Listener at 127.0.0.1/13736] INFO  server.session (DefaultSessionIdManager.java:doStart(334)) - DefaultSessionIdManager workerName=node0
2020-11-20 01:45:36,463 [Listener at 127.0.0.1/13736] INFO  server.session (DefaultSessionIdManager.java:doStart(339)) - No SessionScavenger set, using defaults
2020-11-20 01:45:36,463 [Listener at 127.0.0.1/13736] INFO  server.session (HouseKeeper.java:startScavenging(132)) - node0 Scavenging every 600000ms
2020-11-20 01:45:36,464 [Listener at 127.0.0.1/13736] INFO  handler.ContextHandler (ContextHandler.java:doStart(916)) - Started o.e.j.s.ServletContextHandler@13db2f9d{logs,/logs,file:///github/workspace/mnt/ozone/hadoop-ozone/integration-test/target/log,AVAILABLE}
2020-11-20 01:45:36,465 [Listener at 127.0.0.1/13736] INFO  handler.ContextHandler (ContextHandler.java:doStart(916)) - Started o.e.j.s.ServletContextHandler@415528b{static,/static,jar:file:/home/user/.m2/repository/org/apache/hadoop/hadoop-hdds-container-service/1.1.0-SNAPSHOT/hadoop-hdds-container-service-1.1.0-SNAPSHOT.jar!/webapps/static,AVAILABLE}
2020-11-20 01:45:36,599 [Thread-137] INFO  impl.FollowerState (FollowerState.java:run(108)) - omNode-2@group-523986131536-FollowerState: change to CANDIDATE, lastRpcTime:1083ms, electionTimeout:1076ms
2020-11-20 01:45:36,600 [Thread-137] INFO  impl.RoleInfo (RoleInfo.java:shutdownFollowerState(121)) - omNode-2: shutdown FollowerState
2020-11-20 01:45:36,600 [Thread-137] INFO  impl.RaftServerImpl (RaftServerImpl.java:setRole(198)) - omNode-2@group-523986131536: changes role from  FOLLOWER to CANDIDATE at term 0 for changeToCandidate
2020-11-20 01:45:36,600 [Thread-137] INFO  impl.RoleInfo (RoleInfo.java:updateAndGet(143)) - omNode-2: start LeaderElection
2020-11-20 01:45:36,617 [omNode-2@group-523986131536-LeaderElection2] INFO  impl.LeaderElection (LeaderElection.java:askForVotes(210)) - omNode-2@group-523986131536-LeaderElection2: begin an election at term 1 for -1: [omNode-3:localhost:13740:0, omNode-1:localhost:13728:0, omNode-2:localhost:13734:0], old=null
2020-11-20 01:45:36,681 [Datanode State Machine Task Thread - 0] INFO  datanode.InitDatanodeState (InitDatanodeState.java:persistContainerDatanodeDetails(145)) - DatanodeDetails is persisted to /github/workspace/mnt/ozone/hadoop-ozone/integration-test/target/test-dir/MiniOzoneClusterImpl-1a3a07de-270a-423e-87a2-3dcf9ca25c10/datanode-0/meta/datanode.id
2020-11-20 01:45:36,709 [Thread-175] INFO  impl.FollowerState (FollowerState.java:run(108)) - omNode-3@group-523986131536-FollowerState: change to CANDIDATE, lastRpcTime:1003ms, electionTimeout:1002ms
2020-11-20 01:45:36,709 [Thread-175] INFO  impl.RoleInfo (RoleInfo.java:shutdownFollowerState(121)) - omNode-3: shutdown FollowerState
2020-11-20 01:45:36,709 [Thread-175] INFO  impl.RaftServerImpl (RaftServerImpl.java:setRole(198)) - omNode-3@group-523986131536: changes role from  FOLLOWER to CANDIDATE at term 0 for changeToCandidate
2020-11-20 01:45:36,709 [Thread-175] INFO  impl.RoleInfo (RoleInfo.java:updateAndGet(143)) - omNode-3: start LeaderElection
2020-11-20 01:45:36,737 [omNode-3@group-523986131536-LeaderElection3] INFO  impl.LeaderElection (LeaderElection.java:askForVotes(210)) - omNode-3@group-523986131536-LeaderElection3: begin an election at term 1 for -1: [omNode-3:localhost:13740:0, omNode-1:localhost:13728:0, omNode-2:localhost:13734:0], old=null
2020-11-20 01:45:36,790 [Listener at 127.0.0.1/13736] INFO  handler.ContextHandler (ContextHandler.java:doStart(916)) - Started o.e.j.w.WebAppContext@ca6ff8b{hddsDatanode,/,file:///tmp/jetty-0_0_0_0-43885-hadoop-hdds-container-service-1_1_0-SNAPSHOT_jar-_-any-2016042087366325892/webapp/,AVAILABLE}{jar:file:/home/user/.m2/repository/org/apache/hadoop/hadoop-hdds-container-service/1.1.0-SNAPSHOT/hadoop-hdds-container-service-1.1.0-SNAPSHOT.jar!/webapps/hddsDatanode}
2020-11-20 01:45:36,794 [Listener at 127.0.0.1/13736] INFO  server.AbstractConnector (AbstractConnector.java:doStart(331)) - Started ServerConnector@6aa650dd{HTTP/1.1, (http/1.1)}{0.0.0.0:43885}
2020-11-20 01:45:36,794 [Listener at 127.0.0.1/13736] INFO  server.Server (Server.java:doStart(415)) - Started @5839ms
2020-11-20 01:45:36,795 [Listener at 127.0.0.1/13736] WARN  impl.MetricsSystemImpl (MetricsSystemImpl.java:register(276)) - Sink prometheus already exists!
2020-11-20 01:45:36,808 [Listener at 127.0.0.1/13736] INFO  http.BaseHttpServer (BaseHttpServer.java:updateConnectorAddress(327)) - HTTP server of hddsDatanode listening at http://0.0.0.0:43885
2020-11-20 01:45:36,814 [Listener at 127.0.0.1/13736] INFO  impl.MetricsSystemImpl (MetricsSystemImpl.java:init(158)) - HddsDatanode metrics system started (again)
2020-11-20 01:45:36,816 [Listener at 127.0.0.1/13736] INFO  ozone.HddsDatanodeService (HddsDatanodeService.java:start(217)) - HddsDatanodeService host:47863bed4066 ip:172.17.0.2
2020-11-20 01:45:36,826 [Listener at 127.0.0.1/13736] INFO  volume.HddsVolume (HddsVolume.java:<init>(176)) - Creating Volume: /github/workspace/mnt/ozone/hadoop-ozone/integration-test/target/test-dir/MiniOzoneClusterImpl-1a3a07de-270a-423e-87a2-3dcf9ca25c10/datanode-2/data-0/containers/hdds of storage type : DISK and capacity : 9223372036854775807
2020-11-20 01:45:36,826 [Listener at 127.0.0.1/13736] INFO  volume.MutableVolumeSet (MutableVolumeSet.java:initializeVolumeSet(179)) - Added Volume : /github/workspace/mnt/ozone/hadoop-ozone/integration-test/target/test-dir/MiniOzoneClusterImpl-1a3a07de-270a-423e-87a2-3dcf9ca25c10/datanode-2/data-0/containers/hdds to VolumeSet
2020-11-20 01:45:36,826 [Listener at 127.0.0.1/13736] INFO  volume.ThrottledAsyncChecker (ThrottledAsyncChecker.java:schedule(141)) - Scheduling a check for /github/workspace/mnt/ozone/hadoop-ozone/integration-test/target/test-dir/MiniOzoneClusterImpl-1a3a07de-270a-423e-87a2-3dcf9ca25c10/datanode-2/data-0/containers/hdds
2020-11-20 01:45:36,828 [Listener at 127.0.0.1/13736] INFO  volume.HddsVolumeChecker (HddsVolumeChecker.java:checkAllVolumes(200)) - Scheduled health check for volume /github/workspace/mnt/ozone/hadoop-ozone/integration-test/target/test-dir/MiniOzoneClusterImpl-1a3a07de-270a-423e-87a2-3dcf9ca25c10/datanode-2/data-0/containers/hdds
2020-11-20 01:45:36,852 [org.apache.hadoop.util.JvmPauseMonitor$Monitor@5972476e] INFO  util.JvmPauseMonitor (JvmPauseMonitor.java:run(188)) - Starting JVM pause monitor
2020-11-20 01:45:36,899 [Datanode State Machine Task Thread - 0] INFO  datanode.InitDatanodeState (InitDatanodeState.java:persistContainerDatanodeDetails(145)) - DatanodeDetails is persisted to /github/workspace/mnt/ozone/hadoop-ozone/integration-test/target/test-dir/MiniOzoneClusterImpl-1a3a07de-270a-423e-87a2-3dcf9ca25c10/datanode-1/meta/datanode.id
2020-11-20 01:45:36,912 [Thread-239] INFO  ozoneimpl.ContainerReader (ContainerReader.java:readVolume(123)) - Start to verify containers on volume /github/workspace/mnt/ozone/hadoop-ozone/integration-test/target/test-dir/MiniOzoneClusterImpl-1a3a07de-270a-423e-87a2-3dcf9ca25c10/datanode-2/data-0/containers/hdds
2020-11-20 01:45:36,912 [Thread-239] INFO  ozoneimpl.ContainerReader (ContainerReader.java:readVolume(148)) - Finish verifying containers on volume /github/workspace/mnt/ozone/hadoop-ozone/integration-test/target/test-dir/MiniOzoneClusterImpl-1a3a07de-270a-423e-87a2-3dcf9ca25c10/datanode-2/data-0/containers/hdds
2020-11-20 01:45:36,912 [Listener at 127.0.0.1/13736] INFO  ozoneimpl.OzoneContainer (OzoneContainer.java:buildContainerSet(194)) - Build ContainerSet costs 0s
2020-11-20 01:45:36,915 [Listener at 127.0.0.1/13736] INFO  impl.RaftServerProxy (ConfUtils.java:logGet(44)) - raft.rpc.type = GRPC (default)
2020-11-20 01:45:36,915 [Listener at 127.0.0.1/13736] INFO  grpc.GrpcFactory (GrpcFactory.java:checkPooledByteBufAllocatorUseCacheForAllThreads(45)) - PERFORMANCE WARNING: useCacheForAllThreads is true that may cause Netty to create a lot garbage objects and, as a result, trigger GC.
	It is recommended to disable useCacheForAllThreads by setting -Dorg.apache.ratis.thirdparty.io.netty.allocator.useCacheForAllThreads=false in command line.
2020-11-20 01:45:36,915 [Listener at 127.0.0.1/13736] INFO  grpc.GrpcConfigKeys (ConfUtils.java:logGet(44)) - raft.grpc.server.port = 0 (default)
2020-11-20 01:45:36,915 [Listener at 127.0.0.1/13736] INFO  server.GrpcService (ConfUtils.java:logGet(44)) - raft.grpc.message.size.max = 32MB (=33554432) (custom)
2020-11-20 01:45:36,915 [Listener at 127.0.0.1/13736] INFO  server.RaftServerConfigKeys (ConfUtils.java:logGet(44)) - raft.server.log.appender.buffer.byte-limit = 33554432 (custom)
2020-11-20 01:45:36,915 [Listener at 127.0.0.1/13736] INFO  server.GrpcService (ConfUtils.java:logGet(44)) - raft.grpc.flow.control.window = 5MB (=5242880) (custom)
2020-11-20 01:45:36,915 [Listener at 127.0.0.1/13736] INFO  server.RaftServerConfigKeys (ConfUtils.java:logGet(44)) - raft.server.rpc.request.timeout = 60s (custom)
2020-11-20 01:45:36,916 [Listener at 127.0.0.1/13736] INFO  server.RaftServerConfigKeys (ConfUtils.java:logGet(44)) - raft.server.storage.dir = [/github/workspace/mnt/ozone/hadoop-ozone/integration-test/target/test-dir/MiniOzoneClusterImpl-1a3a07de-270a-423e-87a2-3dcf9ca25c10/datanode-2/data/ratis] (custom)
2020-11-20 01:45:36,923 [Listener at 127.0.0.1/13736] INFO  http.BaseHttpServer (BaseHttpServer.java:newHttpServer2BuilderForOzone(207)) - Starting Web-server for hddsDatanode at: http://0.0.0.0:0
2020-11-20 01:45:36,923 [Listener at 127.0.0.1/13736] INFO  http.BaseHttpServer (BaseHttpServer.java:<init>(106)) - Hadoop Security Enabled: false Ozone Security Enabled: false Ozone HTTP Security Enabled: false 
2020-11-20 01:45:36,924 [Listener at 127.0.0.1/13736] INFO  server.AuthenticationFilter (AuthenticationFilter.java:constructSecretProvider(240)) - Unable to initialize FileSignerSecretProvider, falling back to use random secrets.
2020-11-20 01:45:36,930 [grpc-default-executor-0] INFO  metrics.RatisMetrics (RatisMetrics.java:lambda$create$0(36)) - Creating Metrics Registry : ratis.server_message_metrics.omNode-3
2020-11-20 01:45:36,931 [Listener at 127.0.0.1/13736] WARN  http.HttpRequestLog (HttpRequestLog.java:getRequestLog(103)) - Jetty request log can only be enabled using Log4j
2020-11-20 01:45:36,931 [Listener at 127.0.0.1/13736] INFO  http.HttpServer2 (HttpServer2.java:addGlobalFilter(1019)) - Added global filter 'safety' (class=org.apache.hadoop.hdds.server.http.HttpServer2$QuotingInputFilter)
2020-11-20 01:45:36,932 [Listener at 127.0.0.1/13736] INFO  http.HttpServer2 (HttpServer2.java:addFilter(995)) - Added filter static_user_filter (class=org.apache.hadoop.http.lib.StaticUserWebFilter$StaticUserFilter) to context hddsDatanode
2020-11-20 01:45:36,932 [Listener at 127.0.0.1/13736] INFO  http.HttpServer2 (HttpServer2.java:addFilter(1003)) - Added filter static_user_filter (class=org.apache.hadoop.http.lib.StaticUserWebFilter$StaticUserFilter) to context logs
2020-11-20 01:45:36,932 [Listener at 127.0.0.1/13736] INFO  http.HttpServer2 (HttpServer2.java:addFilter(1003)) - Added filter static_user_filter (class=org.apache.hadoop.http.lib.StaticUserWebFilter$StaticUserFilter) to context static
2020-11-20 01:45:36,933 [Listener at 127.0.0.1/13736] INFO  http.HttpServer2 (HttpServer2.java:bindListener(1237)) - Jetty bound to port 34735
2020-11-20 01:45:36,933 [Listener at 127.0.0.1/13736] INFO  server.Server (Server.java:doStart(375)) - jetty-9.4.34.v20201102; built: 2020-11-02T14:15:39.302Z; git: e46af88704a893fc12cb0e3bf46e2c7b48a009e7; jvm 1.8.0_232-b09
2020-11-20 01:45:36,939 [grpc-default-executor-0] INFO  metrics.RatisMetrics (RatisMetrics.java:lambda$create$0(36)) - Creating Metrics Registry : ratis.server_message_metrics.omNode-1
2020-11-20 01:45:36,946 [grpc-default-executor-3] INFO  metrics.RatisMetrics (RatisMetrics.java:lambda$create$0(36)) - Creating Metrics Registry : ratis.server_message_metrics.omNode-2
2020-11-20 01:45:36,955 [Listener at 127.0.0.1/13736] INFO  server.session (DefaultSessionIdManager.java:doStart(334)) - DefaultSessionIdManager workerName=node0
2020-11-20 01:45:36,955 [Listener at 127.0.0.1/13736] INFO  server.session (DefaultSessionIdManager.java:doStart(339)) - No SessionScavenger set, using defaults
2020-11-20 01:45:36,956 [Listener at 127.0.0.1/13736] INFO  server.session (HouseKeeper.java:startScavenging(132)) - node0 Scavenging every 660000ms
2020-11-20 01:45:36,961 [Listener at 127.0.0.1/13736] INFO  handler.ContextHandler (ContextHandler.java:doStart(916)) - Started o.e.j.s.ServletContextHandler@6cd153b4{logs,/logs,file:///github/workspace/mnt/ozone/hadoop-ozone/integration-test/target/log,AVAILABLE}
2020-11-20 01:45:36,961 [Listener at 127.0.0.1/13736] INFO  handler.ContextHandler (ContextHandler.java:doStart(916)) - Started o.e.j.s.ServletContextHandler@36afbcc6{static,/static,jar:file:/home/user/.m2/repository/org/apache/hadoop/hadoop-hdds-container-service/1.1.0-SNAPSHOT/hadoop-hdds-container-service-1.1.0-SNAPSHOT.jar!/webapps/static,AVAILABLE}
2020-11-20 01:45:36,985 [omNode-1@group-523986131536-LeaderElection1] INFO  impl.LeaderElection (LeaderElection.java:logAndReturn(62)) - omNode-1@group-523986131536-LeaderElection1: Election REJECTED; received 2 response(s) [omNode-1<-omNode-3#0:FAIL-t1, omNode-1<-omNode-2#0:FAIL-t1] and 0 exception(s); omNode-1@group-523986131536:t1, leader=null, voted=omNode-1, raftlog=omNode-1@group-523986131536-SegmentedRaftLog:OPENED:c-1,f-1,i0, conf=-1: [omNode-3:localhost:13740:0, omNode-1:localhost:13728:0, omNode-2:localhost:13734:0], old=null
2020-11-20 01:45:36,985 [omNode-3@group-523986131536-LeaderElection3] INFO  impl.LeaderElection (LeaderElection.java:logAndReturn(62)) - omNode-3@group-523986131536-LeaderElection3: Election REJECTED; received 2 response(s) [omNode-3<-omNode-1#0:FAIL-t1, omNode-3<-omNode-2#0:FAIL-t1] and 0 exception(s); omNode-3@group-523986131536:t1, leader=null, voted=omNode-3, raftlog=omNode-3@group-523986131536-SegmentedRaftLog:OPENED:c-1,f-1,i0, conf=-1: [omNode-3:localhost:13740:0, omNode-1:localhost:13728:0, omNode-2:localhost:13734:0], old=null
2020-11-20 01:45:36,990 [omNode-1@group-523986131536-LeaderElection1] INFO  impl.RaftServerImpl (RaftServerImpl.java:setRole(198)) - omNode-1@group-523986131536: changes role from CANDIDATE to FOLLOWER at term 1 for DISCOVERED_A_NEW_TERM
2020-11-20 01:45:36,991 [omNode-1@group-523986131536-LeaderElection1] INFO  impl.RoleInfo (RoleInfo.java:shutdownLeaderElection(134)) - omNode-1: shutdown LeaderElection
2020-11-20 01:45:36,991 [omNode-1@group-523986131536-LeaderElection1] INFO  impl.RoleInfo (RoleInfo.java:updateAndGet(143)) - omNode-1: start FollowerState
2020-11-20 01:45:36,991 [omNode-3@group-523986131536-LeaderElection3] INFO  impl.RaftServerImpl (RaftServerImpl.java:setRole(198)) - omNode-3@group-523986131536: changes role from CANDIDATE to FOLLOWER at term 1 for DISCOVERED_A_NEW_TERM
2020-11-20 01:45:36,994 [omNode-3@group-523986131536-LeaderElection3] INFO  impl.RoleInfo (RoleInfo.java:shutdownLeaderElection(134)) - omNode-3: shutdown LeaderElection
2020-11-20 01:45:36,994 [omNode-3@group-523986131536-LeaderElection3] INFO  impl.RoleInfo (RoleInfo.java:updateAndGet(143)) - omNode-3: start FollowerState
2020-11-20 01:45:36,990 [omNode-2@group-523986131536-LeaderElection2] INFO  impl.LeaderElection (LeaderElection.java:logAndReturn(62)) - omNode-2@group-523986131536-LeaderElection2: Election REJECTED; received 2 response(s) [omNode-2<-omNode-3#0:FAIL-t1, omNode-2<-omNode-1#0:FAIL-t1] and 0 exception(s); omNode-2@group-523986131536:t1, leader=null, voted=omNode-2, raftlog=omNode-2@group-523986131536-SegmentedRaftLog:OPENED:c-1,f-1,i0, conf=-1: [omNode-3:localhost:13740:0, omNode-1:localhost:13728:0, omNode-2:localhost:13734:0], old=null
2020-11-20 01:45:37,005 [omNode-2@group-523986131536-LeaderElection2] INFO  impl.RaftServerImpl (RaftServerImpl.java:setRole(198)) - omNode-2@group-523986131536: changes role from CANDIDATE to FOLLOWER at term 1 for DISCOVERED_A_NEW_TERM
2020-11-20 01:45:37,005 [omNode-2@group-523986131536-LeaderElection2] INFO  impl.RoleInfo (RoleInfo.java:shutdownLeaderElection(134)) - omNode-2: shutdown LeaderElection
2020-11-20 01:45:37,005 [omNode-2@group-523986131536-LeaderElection2] INFO  impl.RoleInfo (RoleInfo.java:updateAndGet(143)) - omNode-2: start FollowerState
2020-11-20 01:45:37,106 [Listener at 127.0.0.1/13736] INFO  handler.ContextHandler (ContextHandler.java:doStart(916)) - Started o.e.j.w.WebAppContext@19325f94{hddsDatanode,/,file:///tmp/jetty-0_0_0_0-34735-hadoop-hdds-container-service-1_1_0-SNAPSHOT_jar-_-any-7798167775261736264/webapp/,AVAILABLE}{jar:file:/home/user/.m2/repository/org/apache/hadoop/hadoop-hdds-container-service/1.1.0-SNAPSHOT/hadoop-hdds-container-service-1.1.0-SNAPSHOT.jar!/webapps/hddsDatanode}
2020-11-20 01:45:37,108 [Listener at 127.0.0.1/13736] INFO  server.AbstractConnector (AbstractConnector.java:doStart(331)) - Started ServerConnector@12188ed1{HTTP/1.1, (http/1.1)}{0.0.0.0:34735}
2020-11-20 01:45:37,108 [Listener at 127.0.0.1/13736] INFO  server.Server (Server.java:doStart(415)) - Started @6152ms
2020-11-20 01:45:37,108 [Listener at 127.0.0.1/13736] WARN  impl.MetricsSystemImpl (MetricsSystemImpl.java:register(276)) - Sink prometheus already exists!
2020-11-20 01:45:37,111 [Listener at 127.0.0.1/13736] INFO  http.BaseHttpServer (BaseHttpServer.java:updateConnectorAddress(327)) - HTTP server of hddsDatanode listening at http://0.0.0.0:34735
2020-11-20 01:45:37,116 [Listener at 127.0.0.1/13736] INFO  ozone.MiniOzoneClusterImpl (MiniOzoneClusterImpl.java:lambda$waitForClusterToBeReady$0(178)) - Waiting for nodes to be ready. Got 0 of 3 DN Heartbeats.
2020-11-20 01:45:37,116 [Listener at 127.0.0.1/13736] INFO  ozone.MiniOzoneClusterImpl (MiniOzoneClusterImpl.java:lambda$waitForClusterToBeReady$0(181)) - Waiting for cluster to exit safe mode
2020-11-20 01:45:37,121 [org.apache.hadoop.util.JvmPauseMonitor$Monitor@2cc5b993] INFO  util.JvmPauseMonitor (JvmPauseMonitor.java:run(188)) - Starting JVM pause monitor
2020-11-20 01:45:37,123 [Datanode State Machine Task Thread - 0] INFO  datanode.InitDatanodeState (InitDatanodeState.java:persistContainerDatanodeDetails(145)) - DatanodeDetails is persisted to /github/workspace/mnt/ozone/hadoop-ozone/integration-test/target/test-dir/MiniOzoneClusterImpl-1a3a07de-270a-423e-87a2-3dcf9ca25c10/datanode-2/meta/datanode.id
2020-11-20 01:45:38,062 [Thread-249] INFO  impl.FollowerState (FollowerState.java:run(108)) - omNode-3@group-523986131536-FollowerState: change to CANDIDATE, lastRpcTime:1068ms, electionTimeout:1056ms
2020-11-20 01:45:38,062 [Thread-249] INFO  impl.RoleInfo (RoleInfo.java:shutdownFollowerState(121)) - omNode-3: shutdown FollowerState
2020-11-20 01:45:38,062 [Thread-249] INFO  impl.RaftServerImpl (RaftServerImpl.java:setRole(198)) - omNode-3@group-523986131536: changes role from  FOLLOWER to CANDIDATE at term 1 for changeToCandidate
2020-11-20 01:45:38,064 [Thread-249] INFO  impl.RoleInfo (RoleInfo.java:updateAndGet(143)) - omNode-3: start LeaderElection
2020-11-20 01:45:38,066 [omNode-3@group-523986131536-LeaderElection4] INFO  impl.LeaderElection (LeaderElection.java:askForVotes(210)) - omNode-3@group-523986131536-LeaderElection4: begin an election at term 2 for -1: [omNode-3:localhost:13740:0, omNode-1:localhost:13728:0, omNode-2:localhost:13734:0], old=null
2020-11-20 01:45:38,072 [grpc-default-executor-4] INFO  impl.RaftServerImpl (RaftServerImpl.java:setRole(198)) - omNode-2@group-523986131536: changes role from  FOLLOWER to FOLLOWER at term 2 for recognizeCandidate:omNode-3
2020-11-20 01:45:38,072 [grpc-default-executor-4] INFO  impl.RoleInfo (RoleInfo.java:shutdownFollowerState(121)) - omNode-2: shutdown FollowerState
2020-11-20 01:45:38,072 [grpc-default-executor-4] INFO  impl.RoleInfo (RoleInfo.java:updateAndGet(143)) - omNode-2: start FollowerState
2020-11-20 01:45:38,072 [Thread-250] INFO  impl.FollowerState (FollowerState.java:run(117)) - omNode-2@group-523986131536-FollowerState was interrupted: java.lang.InterruptedException: sleep interrupted
2020-11-20 01:45:38,073 [grpc-default-executor-4] INFO  impl.RaftServerImpl (RaftServerImpl.java:requestVote(923)) -  FOLLOWER omNode-2@group-523986131536:t2, leader=null, voted=null, raftlog=omNode-2@group-523986131536-SegmentedRaftLog:OPENED:c-1,f-1,i0, conf=-1: [omNode-3:localhost:13740:0, omNode-1:localhost:13728:0, omNode-2:localhost:13734:0], old=null RUNNING priority:0 candidate:omNode-3:localhost:13740:0 candidatePriority:0 compare:0
2020-11-20 01:45:38,081 [grpc-default-executor-0] INFO  impl.RaftServerImpl (RaftServerImpl.java:setRole(198)) - omNode-1@group-523986131536: changes role from  FOLLOWER to FOLLOWER at term 2 for recognizeCandidate:omNode-3
2020-11-20 01:45:38,081 [grpc-default-executor-0] INFO  impl.RoleInfo (RoleInfo.java:shutdownFollowerState(121)) - omNode-1: shutdown FollowerState
2020-11-20 01:45:38,081 [grpc-default-executor-0] INFO  impl.RoleInfo (RoleInfo.java:updateAndGet(143)) - omNode-1: start FollowerState
2020-11-20 01:45:38,081 [Thread-248] INFO  impl.FollowerState (FollowerState.java:run(117)) - omNode-1@group-523986131536-FollowerState was interrupted: java.lang.InterruptedException: sleep interrupted
2020-11-20 01:45:38,083 [grpc-default-executor-0] INFO  impl.RaftServerImpl (RaftServerImpl.java:requestVote(923)) -  FOLLOWER omNode-1@group-523986131536:t2, leader=null, voted=null, raftlog=omNode-1@group-523986131536-SegmentedRaftLog:OPENED:c-1,f-1,i0, conf=-1: [omNode-3:localhost:13740:0, omNode-1:localhost:13728:0, omNode-2:localhost:13734:0], old=null RUNNING priority:0 candidate:omNode-3:localhost:13740:0 candidatePriority:0 compare:0
2020-11-20 01:45:38,090 [omNode-3@group-523986131536-LeaderElection4] INFO  impl.LeaderElection (LeaderElection.java:logAndReturn(62)) - omNode-3@group-523986131536-LeaderElection4: Election PASSED; received 1 response(s) [omNode-3<-omNode-2#0:OK-t2] and 0 exception(s); omNode-3@group-523986131536:t2, leader=null, voted=omNode-3, raftlog=omNode-3@group-523986131536-SegmentedRaftLog:OPENED:c-1,f-1,i0, conf=-1: [omNode-3:localhost:13740:0, omNode-1:localhost:13728:0, omNode-2:localhost:13734:0], old=null
2020-11-20 01:45:38,091 [omNode-3@group-523986131536-LeaderElection4] INFO  impl.RoleInfo (RoleInfo.java:shutdownLeaderElection(134)) - omNode-3: shutdown LeaderElection
2020-11-20 01:45:38,091 [omNode-3@group-523986131536-LeaderElection4] INFO  impl.RaftServerImpl (RaftServerImpl.java:setRole(198)) - omNode-3@group-523986131536: changes role from CANDIDATE to LEADER at term 2 for changeToLeader
2020-11-20 01:45:38,091 [omNode-3@group-523986131536-LeaderElection4] INFO  impl.RaftServerImpl (ServerState.java:setLeader(256)) - omNode-3@group-523986131536: change Leader from null to omNode-3 at term 2 for becomeLeader, leader elected after 2417ms
2020-11-20 01:45:38,094 [omNode-3@group-523986131536-LeaderElection4] INFO  server.RaftServerConfigKeys (ConfUtils.java:logGet(44)) - raft.server.staging.catchup.gap = 1000 (default)
2020-11-20 01:45:38,094 [omNode-3@group-523986131536-LeaderElection4] INFO  server.RaftServerConfigKeys (ConfUtils.java:logGet(44)) - raft.server.rpc.sleep.time = 25ms (default)
2020-11-20 01:45:38,096 [omNode-3@group-523986131536-LeaderElection4] INFO  metrics.RatisMetrics (RatisMetrics.java:lambda$create$0(36)) - Creating Metrics Registry : ratis.log_appender.omNode-3@group-523986131536
2020-11-20 01:45:38,098 [omNode-3@group-523986131536-LeaderElection4] INFO  server.RaftServerConfigKeys (ConfUtils.java:logGet(44)) - raft.server.write.element-limit = 4096 (default)
2020-11-20 01:45:38,099 [omNode-3@group-523986131536-LeaderElection4] INFO  server.RaftServerConfigKeys (ConfUtils.java:logGet(44)) - raft.server.write.byte-limit = 64MB (=67108864) (default)
2020-11-20 01:45:38,104 [omNode-3@group-523986131536-LeaderElection4] INFO  server.RaftServerConfigKeys (ConfUtils.java:logGet(44)) - raft.server.watch.timeout = 10s (default)
2020-11-20 01:45:38,105 [omNode-3@group-523986131536-LeaderElection4] INFO  server.RaftServerConfigKeys (ConfUtils.java:logGet(44)) - raft.server.watch.timeout.denomination = 1s (default)
2020-11-20 01:45:38,105 [omNode-3@group-523986131536-LeaderElection4] INFO  server.RaftServerConfigKeys (ConfUtils.java:logGet(44)) - raft.server.watch.element-limit = 65536 (default)
2020-11-20 01:45:38,111 [omNode-3@group-523986131536-LeaderElection4] INFO  server.RaftServerConfigKeys (ConfUtils.java:logGet(44)) - raft.server.log.appender.snapshot.chunk.size.max = 16MB (=16777216) (default)
2020-11-20 01:45:38,111 [omNode-3@group-523986131536-LeaderElection4] INFO  server.RaftServerConfigKeys (ConfUtils.java:logGet(44)) - raft.server.log.appender.buffer.byte-limit = 33554432 (custom)
2020-11-20 01:45:38,112 [omNode-3@group-523986131536-LeaderElection4] INFO  server.RaftServerConfigKeys (ConfUtils.java:logGet(44)) - raft.server.log.appender.buffer.element-limit = 1024 (custom)
2020-11-20 01:45:38,114 [omNode-3@group-523986131536-LeaderElection4] INFO  grpc.GrpcConfigKeys (ConfUtils.java:logGet(44)) - raft.grpc.server.leader.outstanding.appends.max = 128 (default)
2020-11-20 01:45:38,116 [Listener at 127.0.0.1/13736] INFO  ozone.MiniOzoneClusterImpl (MiniOzoneClusterImpl.java:lambda$waitForClusterToBeReady$0(178)) - Waiting for nodes to be ready. Got 0 of 3 DN Heartbeats.
2020-11-20 01:45:38,116 [Listener at 127.0.0.1/13736] INFO  ozone.MiniOzoneClusterImpl (MiniOzoneClusterImpl.java:lambda$waitForClusterToBeReady$0(181)) - Waiting for cluster to exit safe mode
2020-11-20 01:45:38,117 [omNode-3@group-523986131536-LeaderElection4] INFO  server.RaftServerConfigKeys (ConfUtils.java:logGet(44)) - raft.server.rpc.request.timeout = 3000ms (default)
2020-11-20 01:45:38,117 [omNode-3@group-523986131536-LeaderElection4] INFO  server.RaftServerConfigKeys (ConfUtils.java:logGet(44)) - raft.server.log.appender.install.snapshot.enabled = false (custom)
2020-11-20 01:45:38,117 [omNode-3@group-523986131536-LeaderElection4] INFO  metrics.RatisMetrics (RatisMetrics.java:lambda$create$0(36)) - Creating Metrics Registry : ratis_grpc.log_appender.omNode-3@group-523986131536
2020-11-20 01:45:38,121 [omNode-3@group-523986131536-LeaderElection4] INFO  server.RaftServerConfigKeys (ConfUtils.java:logGet(44)) - raft.server.log.appender.snapshot.chunk.size.max = 16MB (=16777216) (default)
2020-11-20 01:45:38,123 [omNode-3@group-523986131536-LeaderElection4] INFO  server.RaftServerConfigKeys (ConfUtils.java:logGet(44)) - raft.server.log.appender.buffer.byte-limit = 33554432 (custom)
2020-11-20 01:45:38,123 [omNode-3@group-523986131536-LeaderElection4] INFO  server.RaftServerConfigKeys (ConfUtils.java:logGet(44)) - raft.server.log.appender.buffer.element-limit = 1024 (custom)
2020-11-20 01:45:38,123 [omNode-3@group-523986131536-LeaderElection4] INFO  grpc.GrpcConfigKeys (ConfUtils.java:logGet(44)) - raft.grpc.server.leader.outstanding.appends.max = 128 (default)
2020-11-20 01:45:38,123 [omNode-3@group-523986131536-LeaderElection4] INFO  server.RaftServerConfigKeys (ConfUtils.java:logGet(44)) - raft.server.rpc.request.timeout = 3000ms (default)
2020-11-20 01:45:38,123 [omNode-3@group-523986131536-LeaderElection4] INFO  server.RaftServerConfigKeys (ConfUtils.java:logGet(44)) - raft.server.log.appender.install.snapshot.enabled = false (custom)
2020-11-20 01:45:38,129 [omNode-3@group-523986131536-LeaderElection4] INFO  impl.RoleInfo (RoleInfo.java:updateAndGet(143)) - omNode-3: start LeaderState
2020-11-20 01:45:38,149 [omNode-3@group-523986131536-LeaderElection4] INFO  segmented.SegmentedRaftLogWorker (SegmentedRaftLogWorker.java:startLogSegment(397)) - omNode-3@group-523986131536-SegmentedRaftLogWorker: Starting segment from index:0
2020-11-20 01:45:38,170 [omNode-3@group-523986131536-LeaderElection4] INFO  impl.RaftServerImpl (ServerState.java:setRaftConf(374)) - omNode-3@group-523986131536: set configuration 0: [omNode-3:localhost:13740:0, omNode-1:localhost:13728:0, omNode-2:localhost:13734:0], old=null at 0
2020-11-20 01:45:38,189 [grpc-default-executor-4] INFO  impl.RaftServerImpl (ServerState.java:setLeader(256)) - omNode-2@group-523986131536: change Leader from null to omNode-3 at term 2 for appendEntries, leader elected after 2685ms
2020-11-20 01:45:38,192 [grpc-default-executor-0] INFO  impl.RaftServerImpl (ServerState.java:setLeader(256)) - omNode-1@group-523986131536: change Leader from null to omNode-3 at term 2 for appendEntries, leader elected after 3102ms
2020-11-20 01:45:38,214 [grpc-default-executor-0] INFO  impl.RaftServerImpl (ServerState.java:setRaftConf(374)) - omNode-2@group-523986131536: set configuration 0: [omNode-3:localhost:13740:0, omNode-1:localhost:13728:0, omNode-2:localhost:13734:0], old=null at 0
2020-11-20 01:45:38,215 [grpc-default-executor-0] INFO  segmented.SegmentedRaftLogWorker (SegmentedRaftLogWorker.java:startLogSegment(397)) - omNode-2@group-523986131536-SegmentedRaftLogWorker: Starting segment from index:0
2020-11-20 01:45:38,215 [grpc-default-executor-2] INFO  impl.RaftServerImpl (ServerState.java:setRaftConf(374)) - omNode-1@group-523986131536: set configuration 0: [omNode-3:localhost:13740:0, omNode-1:localhost:13728:0, omNode-2:localhost:13734:0], old=null at 0
2020-11-20 01:45:38,215 [grpc-default-executor-2] INFO  segmented.SegmentedRaftLogWorker (SegmentedRaftLogWorker.java:startLogSegment(397)) - omNode-1@group-523986131536-SegmentedRaftLogWorker: Starting segment from index:0
2020-11-20 01:45:38,427 [omNode-1@group-523986131536-SegmentedRaftLogWorker] INFO  segmented.SegmentedRaftLogWorker (SegmentedRaftLogWorker.java:execute(596)) - omNode-1@group-523986131536-SegmentedRaftLogWorker: created new log segment /github/workspace/mnt/ozone/hadoop-ozone/integration-test/target/test-dir/MiniOzoneClusterImpl-1a3a07de-270a-423e-87a2-3dcf9ca25c10/omNode-1/ratis/c9bc4cf4-3bc3-3c60-a66b-523986131536/current/log_inprogress_0
2020-11-20 01:45:38,427 [omNode-2@group-523986131536-SegmentedRaftLogWorker] INFO  segmented.SegmentedRaftLogWorker (SegmentedRaftLogWorker.java:execute(596)) - omNode-2@group-523986131536-SegmentedRaftLogWorker: created new log segment /github/workspace/mnt/ozone/hadoop-ozone/integration-test/target/test-dir/MiniOzoneClusterImpl-1a3a07de-270a-423e-87a2-3dcf9ca25c10/omNode-2/ratis/c9bc4cf4-3bc3-3c60-a66b-523986131536/current/log_inprogress_0
2020-11-20 01:45:38,427 [omNode-3@group-523986131536-SegmentedRaftLogWorker] INFO  segmented.SegmentedRaftLogWorker (SegmentedRaftLogWorker.java:execute(596)) - omNode-3@group-523986131536-SegmentedRaftLogWorker: created new log segment /github/workspace/mnt/ozone/hadoop-ozone/integration-test/target/test-dir/MiniOzoneClusterImpl-1a3a07de-270a-423e-87a2-3dcf9ca25c10/omNode-3/ratis/c9bc4cf4-3bc3-3c60-a66b-523986131536/current/log_inprogress_0
2020-11-20 01:45:38,431 [EndpointStateMachine task thread for /0.0.0.0:37315 - 0 ] INFO  ozoneimpl.OzoneContainer (OzoneContainer.java:start(243)) - Attempting to start container services.
2020-11-20 01:45:38,432 [EndpointStateMachine task thread for /0.0.0.0:37315 - 0 ] INFO  ozoneimpl.OzoneContainer (OzoneContainer.java:startContainerScrub(207)) - Background container scanner has been disabled.
2020-11-20 01:45:38,432 [EndpointStateMachine task thread for /0.0.0.0:37315 - 0 ] INFO  ratis.XceiverServerRatis (XceiverServerRatis.java:start(456)) - Starting XceiverServerRatis d9c9a1e1-e3e4-4e9b-802d-ab7594e2755b at port 0
2020-11-20 01:45:38,438 [EndpointStateMachine task thread for /0.0.0.0:37315 - 0 ] INFO  impl.RaftServerProxy (RaftServerProxy.java:lambda$start$3(307)) - d9c9a1e1-e3e4-4e9b-802d-ab7594e2755b: start RPC server
2020-11-20 01:45:38,452 [EndpointStateMachine task thread for /0.0.0.0:37315 - 0 ] INFO  server.GrpcService (GrpcService.java:startImpl(177)) - d9c9a1e1-e3e4-4e9b-802d-ab7594e2755b: GrpcService started, listening on 0.0.0.0/0.0.0.0:33133
2020-11-20 01:45:38,452 [EndpointStateMachine task thread for /0.0.0.0:37315 - 0 ] INFO  ratis.XceiverServerRatis (XceiverServerRatis.java:start(468)) - XceiverServerRatis d9c9a1e1-e3e4-4e9b-802d-ab7594e2755b is started using port 33133
2020-11-20 01:45:38,454 [EndpointStateMachine task thread for /0.0.0.0:37315 - 0 ] INFO  server.XceiverServerGrpc (XceiverServerGrpc.java:start(145)) - XceiverServerGrpc d9c9a1e1-e3e4-4e9b-802d-ab7594e2755b is started using port 40399
2020-11-20 01:45:38,857 [EndpointStateMachine task thread for /0.0.0.0:37315 - 0 ] INFO  ozoneimpl.OzoneContainer (OzoneContainer.java:start(243)) - Attempting to start container services.
2020-11-20 01:45:38,858 [EndpointStateMachine task thread for /0.0.0.0:37315 - 0 ] INFO  ozoneimpl.OzoneContainer (OzoneContainer.java:startContainerScrub(207)) - Background container scanner has been disabled.
2020-11-20 01:45:38,858 [EndpointStateMachine task thread for /0.0.0.0:37315 - 0 ] INFO  ratis.XceiverServerRatis (XceiverServerRatis.java:start(456)) - Starting XceiverServerRatis 0c1a18bd-e9b2-4f5e-bcd4-214c7eec5423 at port 0
2020-11-20 01:45:38,861 [EndpointStateMachine task thread for /0.0.0.0:37315 - 0 ] INFO  impl.RaftServerProxy (RaftServerProxy.java:lambda$start$3(307)) - 0c1a18bd-e9b2-4f5e-bcd4-214c7eec5423: start RPC server
2020-11-20 01:45:38,866 [EndpointStateMachine task thread for /0.0.0.0:37315 - 0 ] INFO  server.GrpcService (GrpcService.java:startImpl(177)) - 0c1a18bd-e9b2-4f5e-bcd4-214c7eec5423: GrpcService started, listening on 0.0.0.0/0.0.0.0:45735
2020-11-20 01:45:38,867 [EndpointStateMachine task thread for /0.0.0.0:37315 - 0 ] INFO  ratis.XceiverServerRatis (XceiverServerRatis.java:start(468)) - XceiverServerRatis 0c1a18bd-e9b2-4f5e-bcd4-214c7eec5423 is started using port 45735
2020-11-20 01:45:38,868 [EndpointStateMachine task thread for /0.0.0.0:37315 - 0 ] INFO  server.XceiverServerGrpc (XceiverServerGrpc.java:start(145)) - XceiverServerGrpc 0c1a18bd-e9b2-4f5e-bcd4-214c7eec5423 is started using port 37639
2020-11-20 01:45:39,117 [Listener at 127.0.0.1/13736] INFO  ozone.MiniOzoneClusterImpl (MiniOzoneClusterImpl.java:lambda$waitForClusterToBeReady$0(178)) - Waiting for nodes to be ready. Got 0 of 3 DN Heartbeats.
2020-11-20 01:45:39,117 [Listener at 127.0.0.1/13736] INFO  ozone.MiniOzoneClusterImpl (MiniOzoneClusterImpl.java:lambda$waitForClusterToBeReady$0(181)) - Waiting for cluster to exit safe mode
2020-11-20 01:45:39,126 [EndpointStateMachine task thread for /0.0.0.0:37315 - 0 ] INFO  ozoneimpl.OzoneContainer (OzoneContainer.java:start(243)) - Attempting to start container services.
2020-11-20 01:45:39,126 [EndpointStateMachine task thread for /0.0.0.0:37315 - 0 ] INFO  ozoneimpl.OzoneContainer (OzoneContainer.java:startContainerScrub(207)) - Background container scanner has been disabled.
2020-11-20 01:45:39,126 [EndpointStateMachine task thread for /0.0.0.0:37315 - 0 ] INFO  ratis.XceiverServerRatis (XceiverServerRatis.java:start(456)) - Starting XceiverServerRatis c65eb0e4-bdb4-4502-a2db-88bc3cf1e22f at port 0
2020-11-20 01:45:39,127 [EndpointStateMachine task thread for /0.0.0.0:37315 - 0 ] INFO  impl.RaftServerProxy (RaftServerProxy.java:lambda$start$3(307)) - c65eb0e4-bdb4-4502-a2db-88bc3cf1e22f: start RPC server
2020-11-20 01:45:39,128 [EndpointStateMachine task thread for /0.0.0.0:37315 - 0 ] INFO  server.GrpcService (GrpcService.java:startImpl(177)) - c65eb0e4-bdb4-4502-a2db-88bc3cf1e22f: GrpcService started, listening on 0.0.0.0/0.0.0.0:41987
2020-11-20 01:45:39,128 [EndpointStateMachine task thread for /0.0.0.0:37315 - 0 ] INFO  ratis.XceiverServerRatis (XceiverServerRatis.java:start(468)) - XceiverServerRatis c65eb0e4-bdb4-4502-a2db-88bc3cf1e22f is started using port 41987
2020-11-20 01:45:39,130 [EndpointStateMachine task thread for /0.0.0.0:37315 - 0 ] INFO  server.XceiverServerGrpc (XceiverServerGrpc.java:start(145)) - XceiverServerGrpc c65eb0e4-bdb4-4502-a2db-88bc3cf1e22f is started using port 45183
2020-11-20 01:45:40,117 [Listener at 127.0.0.1/13736] INFO  ozone.MiniOzoneClusterImpl (MiniOzoneClusterImpl.java:lambda$waitForClusterToBeReady$0(178)) - Waiting for nodes to be ready. Got 0 of 3 DN Heartbeats.
2020-11-20 01:45:40,118 [Listener at 127.0.0.1/13736] INFO  ozone.MiniOzoneClusterImpl (MiniOzoneClusterImpl.java:lambda$waitForClusterToBeReady$0(181)) - Waiting for cluster to exit safe mode
2020-11-20 01:45:40,371 [IPC Server handler 1 on default port 37315] INFO  net.NetworkTopologyImpl (NetworkTopologyImpl.java:add(111)) - Added a new node: /default-rack/d9c9a1e1-e3e4-4e9b-802d-ab7594e2755b
2020-11-20 01:45:40,373 [IPC Server handler 1 on default port 37315] INFO  node.SCMNodeManager (SCMNodeManager.java:register(282)) - Registered Data node : d9c9a1e1-e3e4-4e9b-802d-ab7594e2755b{ip: 172.17.0.2, host: 47863bed4066, networkLocation: /default-rack, certSerialId: null}
2020-11-20 01:45:40,377 [EventQueue-NodeRegistrationContainerReportForContainerSafeModeRule] INFO  safemode.SCMSafeModeManager (SCMSafeModeManager.java:validateSafeModeExitRules(214)) - ContainerSafeModeRule rule is successfully validated
2020-11-20 01:45:40,380 [EventQueue-NodeRegistrationContainerReportForDataNodeSafeModeRule] INFO  safemode.SCMSafeModeManager (DataNodeSafeModeRule.java:process(71)) - SCM in safe mode. 1 DataNodes registered, 1 required.
2020-11-20 01:45:40,380 [EventQueue-NodeRegistrationContainerReportForDataNodeSafeModeRule] INFO  safemode.SCMSafeModeManager (SCMSafeModeManager.java:validateSafeModeExitRules(214)) - DataNodeSafeModeRule rule is successfully validated
2020-11-20 01:45:40,381 [EventQueue-NodeRegistrationContainerReportForDataNodeSafeModeRule] INFO  safemode.SCMSafeModeManager (SCMSafeModeManager.java:completePreCheck(242)) - All SCM safe mode pre check rules have passed
2020-11-20 01:45:40,524 [RatisPipelineUtilsThread] INFO  pipeline.RatisPipelineProvider (RatisPipelineProvider.java:lambda$create$0(161)) - Sending CreatePipelineCommand for pipeline:PipelineID=2cdbc183-aca3-4e28-99cc-487d6035704b to datanode:d9c9a1e1-e3e4-4e9b-802d-ab7594e2755b
2020-11-20 01:45:40,526 [EventQueue-PipelineReportForOneReplicaPipelineSafeModeRule] INFO  safemode.SCMSafeModeManager (SCMSafeModeManager.java:validateSafeModeExitRules(214)) - AtleastOneDatanodeReportedRule rule is successfully validated
2020-11-20 01:45:40,561 [RatisPipelineUtilsThread] INFO  pipeline.PipelineStateManager (PipelineStateManager.java:addPipeline(54)) - Created pipeline Pipeline[ Id: 2cdbc183-aca3-4e28-99cc-487d6035704b, Nodes: d9c9a1e1-e3e4-4e9b-802d-ab7594e2755b{ip: 172.17.0.2, host: 47863bed4066, networkLocation: /default-rack, certSerialId: null}, Type:RATIS, Factor:ONE, State:ALLOCATED, leaderId:, CreationTimestamp2020-11-20T01:45:40.387Z]
2020-11-20 01:45:40,563 [RatisPipelineUtilsThread] WARN  pipeline.PipelinePlacementPolicy (PipelinePlacementPolicy.java:filterViableNodes(138)) - Pipeline creation failed due to no sufficient healthy datanodes. Required 3. Found 1.
2020-11-20 01:45:40,852 [IPC Server handler 3 on default port 37315] INFO  net.NetworkTopologyImpl (NetworkTopologyImpl.java:add(111)) - Added a new node: /default-rack/0c1a18bd-e9b2-4f5e-bcd4-214c7eec5423
2020-11-20 01:45:40,853 [IPC Server handler 3 on default port 37315] INFO  node.SCMNodeManager (SCMNodeManager.java:register(282)) - Registered Data node : 0c1a18bd-e9b2-4f5e-bcd4-214c7eec5423{ip: 172.17.0.2, host: 47863bed4066, networkLocation: /default-rack, certSerialId: null}
2020-11-20 01:45:40,853 [EventQueue-PipelineReportForOneReplicaPipelineSafeModeRule] INFO  safemode.SCMSafeModeManager (SCMSafeModeManager.java:validateSafeModeExitRules(214)) - AtleastOneDatanodeReportedRule rule is successfully validated
2020-11-20 01:45:40,854 [EventQueue-NodeRegistrationContainerReportForContainerSafeModeRule] INFO  safemode.SCMSafeModeManager (SCMSafeModeManager.java:validateSafeModeExitRules(214)) - ContainerSafeModeRule rule is successfully validated
2020-11-20 01:45:40,854 [EventQueue-NodeRegistrationContainerReportForDataNodeSafeModeRule] INFO  safemode.SCMSafeModeManager (SCMSafeModeManager.java:validateSafeModeExitRules(214)) - DataNodeSafeModeRule rule is successfully validated
2020-11-20 01:45:40,854 [RatisPipelineUtilsThread] INFO  pipeline.RatisPipelineProvider (RatisPipelineProvider.java:lambda$create$0(161)) - Sending CreatePipelineCommand for pipeline:PipelineID=9da54df6-84fe-417b-833c-a185fdf1a4bd to datanode:0c1a18bd-e9b2-4f5e-bcd4-214c7eec5423
2020-11-20 01:45:40,855 [RatisPipelineUtilsThread] INFO  pipeline.PipelineStateManager (PipelineStateManager.java:addPipeline(54)) - Created pipeline Pipeline[ Id: 9da54df6-84fe-417b-833c-a185fdf1a4bd, Nodes: 0c1a18bd-e9b2-4f5e-bcd4-214c7eec5423{ip: 172.17.0.2, host: 47863bed4066, networkLocation: /default-rack, certSerialId: null}, Type:RATIS, Factor:ONE, State:ALLOCATED, leaderId:, CreationTimestamp2020-11-20T01:45:40.854Z]
2020-11-20 01:45:40,855 [RatisPipelineUtilsThread] WARN  pipeline.PipelinePlacementPolicy (PipelinePlacementPolicy.java:filterViableNodes(138)) - Pipeline creation failed due to no sufficient healthy datanodes. Required 3. Found 2.
2020-11-20 01:45:41,118 [Listener at 127.0.0.1/13736] INFO  ozone.MiniOzoneClusterImpl (MiniOzoneClusterImpl.java:lambda$waitForClusterToBeReady$0(178)) - Waiting for nodes to be ready. Got 2 of 3 DN Heartbeats.
2020-11-20 01:45:41,118 [Listener at 127.0.0.1/13736] INFO  ozone.MiniOzoneClusterImpl (MiniOzoneClusterImpl.java:lambda$waitForClusterToBeReady$0(181)) - Waiting for cluster to exit safe mode
2020-11-20 01:45:41,123 [IPC Server handler 0 on default port 37315] INFO  net.NetworkTopologyImpl (NetworkTopologyImpl.java:add(111)) - Added a new node: /default-rack/c65eb0e4-bdb4-4502-a2db-88bc3cf1e22f
2020-11-20 01:45:41,123 [IPC Server handler 0 on default port 37315] INFO  node.SCMNodeManager (SCMNodeManager.java:register(282)) - Registered Data node : c65eb0e4-bdb4-4502-a2db-88bc3cf1e22f{ip: 172.17.0.2, host: 47863bed4066, networkLocation: /default-rack, certSerialId: null}
2020-11-20 01:45:41,123 [EventQueue-NodeRegistrationContainerReportForContainerSafeModeRule] INFO  safemode.SCMSafeModeManager (SCMSafeModeManager.java:validateSafeModeExitRules(214)) - ContainerSafeModeRule rule is successfully validated
2020-11-20 01:45:41,124 [EventQueue-NodeRegistrationContainerReportForDataNodeSafeModeRule] INFO  safemode.SCMSafeModeManager (SCMSafeModeManager.java:validateSafeModeExitRules(214)) - DataNodeSafeModeRule rule is successfully validated
2020-11-20 01:45:41,124 [EventQueue-PipelineReportForOneReplicaPipelineSafeModeRule] INFO  safemode.SCMSafeModeManager (SCMSafeModeManager.java:validateSafeModeExitRules(214)) - AtleastOneDatanodeReportedRule rule is successfully validated
2020-11-20 01:45:41,124 [RatisPipelineUtilsThread] INFO  pipeline.RatisPipelineProvider (RatisPipelineProvider.java:lambda$create$0(161)) - Sending CreatePipelineCommand for pipeline:PipelineID=73be0d71-d3dd-45e7-9e90-0435cd6ae8ac to datanode:c65eb0e4-bdb4-4502-a2db-88bc3cf1e22f
2020-11-20 01:45:41,125 [RatisPipelineUtilsThread] INFO  pipeline.PipelineStateManager (PipelineStateManager.java:addPipeline(54)) - Created pipeline Pipeline[ Id: 73be0d71-d3dd-45e7-9e90-0435cd6ae8ac, Nodes: c65eb0e4-bdb4-4502-a2db-88bc3cf1e22f{ip: 172.17.0.2, host: 47863bed4066, networkLocation: /default-rack, certSerialId: null}, Type:RATIS, Factor:ONE, State:ALLOCATED, leaderId:, CreationTimestamp2020-11-20T01:45:41.124Z]
2020-11-20 01:45:41,127 [RatisPipelineUtilsThread] INFO  pipeline.RatisPipelineProvider (RatisPipelineProvider.java:lambda$create$0(161)) - Sending CreatePipelineCommand for pipeline:PipelineID=0a6735d0-8475-4eb9-a953-6b9c05a94f7c to datanode:c65eb0e4-bdb4-4502-a2db-88bc3cf1e22f
2020-11-20 01:45:41,128 [RatisPipelineUtilsThread] INFO  pipeline.RatisPipelineProvider (RatisPipelineProvider.java:lambda$create$0(161)) - Sending CreatePipelineCommand for pipeline:PipelineID=0a6735d0-8475-4eb9-a953-6b9c05a94f7c to datanode:d9c9a1e1-e3e4-4e9b-802d-ab7594e2755b
2020-11-20 01:45:41,128 [RatisPipelineUtilsThread] INFO  pipeline.RatisPipelineProvider (RatisPipelineProvider.java:lambda$create$0(161)) - Sending CreatePipelineCommand for pipeline:PipelineID=0a6735d0-8475-4eb9-a953-6b9c05a94f7c to datanode:0c1a18bd-e9b2-4f5e-bcd4-214c7eec5423
2020-11-20 01:45:41,128 [RatisPipelineUtilsThread] INFO  pipeline.PipelineStateManager (PipelineStateManager.java:addPipeline(54)) - Created pipeline Pipeline[ Id: 0a6735d0-8475-4eb9-a953-6b9c05a94f7c, Nodes: c65eb0e4-bdb4-4502-a2db-88bc3cf1e22f{ip: 172.17.0.2, host: 47863bed4066, networkLocation: /default-rack, certSerialId: null}d9c9a1e1-e3e4-4e9b-802d-ab7594e2755b{ip: 172.17.0.2, host: 47863bed4066, networkLocation: /default-rack, certSerialId: null}0c1a18bd-e9b2-4f5e-bcd4-214c7eec5423{ip: 172.17.0.2, host: 47863bed4066, networkLocation: /default-rack, certSerialId: null}, Type:RATIS, Factor:THREE, State:ALLOCATED, leaderId:, CreationTimestamp2020-11-20T01:45:41.127Z]
2020-11-20 01:45:42,118 [Listener at 127.0.0.1/13736] INFO  ozone.MiniOzoneClusterImpl (MiniOzoneClusterImpl.java:lambda$waitForClusterToBeReady$0(178)) - Nodes are ready. Got 3 of 3 DN Heartbeats.
2020-11-20 01:45:42,118 [Listener at 127.0.0.1/13736] INFO  ozone.MiniOzoneClusterImpl (MiniOzoneClusterImpl.java:lambda$waitForClusterToBeReady$0(181)) - Waiting for cluster to exit safe mode
2020-11-20 01:45:43,119 [Listener at 127.0.0.1/13736] INFO  ozone.MiniOzoneClusterImpl (MiniOzoneClusterImpl.java:lambda$waitForClusterToBeReady$0(178)) - Nodes are ready. Got 3 of 3 DN Heartbeats.
2020-11-20 01:45:43,119 [Listener at 127.0.0.1/13736] INFO  ozone.MiniOzoneClusterImpl (MiniOzoneClusterImpl.java:lambda$waitForClusterToBeReady$0(181)) - Waiting for cluster to exit safe mode
2020-11-20 01:45:43,341 [Command processor thread] INFO  impl.RaftServerProxy (RaftServerProxy.java:addNew(92)) - d9c9a1e1-e3e4-4e9b-802d-ab7594e2755b: addNew group-487D6035704B:[d9c9a1e1-e3e4-4e9b-802d-ab7594e2755b:172.17.0.2:33133:0] returns group-487D6035704B:java.util.concurrent.CompletableFuture@7ae4dab1[Not completed]
2020-11-20 01:45:43,360 [pool-70-thread-1] INFO  impl.RaftServerImpl (RaftServerImpl.java:<init>(120)) - d9c9a1e1-e3e4-4e9b-802d-ab7594e2755b: new RaftServerImpl for group-487D6035704B:[d9c9a1e1-e3e4-4e9b-802d-ab7594e2755b:172.17.0.2:33133:0] with ContainerStateMachine:uninitialized
2020-11-20 01:45:43,360 [pool-70-thread-1] INFO  server.RaftServerConfigKeys (ConfUtils.java:logGet(44)) - raft.server.rpc.timeout.min = 5s (custom)
2020-11-20 01:45:43,360 [pool-70-thread-1] INFO  server.RaftServerConfigKeys (ConfUtils.java:logGet(44)) - raft.server.rpc.timeout.max = 5200ms (custom)
2020-11-20 01:45:43,360 [pool-70-thread-1] INFO  server.RaftServerConfigKeys (ConfUtils.java:logGet(44)) - raft.server.rpcslowness.timeout = 300s (custom)
2020-11-20 01:45:43,361 [pool-70-thread-1] INFO  server.RaftServerConfigKeys (ConfUtils.java:logGet(44)) - raft.server.sleep.deviation.threshold = 300 (default)
2020-11-20 01:45:43,361 [pool-70-thread-1] INFO  server.RaftServerConfigKeys (ConfUtils.java:logGet(44)) - raft.server.log.appender.install.snapshot.enabled = false (custom)
2020-11-20 01:45:43,361 [pool-70-thread-1] INFO  impl.RaftServerImpl (ServerState.java:<init>(104)) - d9c9a1e1-e3e4-4e9b-802d-ab7594e2755b@group-487D6035704B: ConfigurationManager, init=-1: [d9c9a1e1-e3e4-4e9b-802d-ab7594e2755b:172.17.0.2:33133:0], old=null, confs=<EMPTY_MAP>
2020-11-20 01:45:43,361 [pool-70-thread-1] INFO  server.RaftServerConfigKeys (ConfUtils.java:logGet(44)) - raft.server.storage.dir = [/github/workspace/mnt/ozone/hadoop-ozone/integration-test/target/test-dir/MiniOzoneClusterImpl-1a3a07de-270a-423e-87a2-3dcf9ca25c10/datanode-0/data/ratis] (custom)
2020-11-20 01:45:43,361 [pool-70-thread-1] INFO  server.RaftServerConfigKeys (ConfUtils.java:logGet(44)) - raft.server.log.corruption.policy = EXCEPTION (default)
2020-11-20 01:45:43,361 [pool-70-thread-1] INFO  storage.RaftStorageDirectory (RaftStorageDirectory.java:analyzeStorage(261)) - The storage directory /github/workspace/mnt/ozone/hadoop-ozone/integration-test/target/test-dir/MiniOzoneClusterImpl-1a3a07de-270a-423e-87a2-3dcf9ca25c10/datanode-0/data/ratis/2cdbc183-aca3-4e28-99cc-487d6035704b does not exist. Creating ...
2020-11-20 01:45:43,363 [pool-70-thread-1] INFO  storage.RaftStorageDirectory (RaftStorageDirectory.java:tryLock(343)) - Lock on /github/workspace/mnt/ozone/hadoop-ozone/integration-test/target/test-dir/MiniOzoneClusterImpl-1a3a07de-270a-423e-87a2-3dcf9ca25c10/datanode-0/data/ratis/2cdbc183-aca3-4e28-99cc-487d6035704b/in_use.lock acquired by nodename 24219@47863bed4066
2020-11-20 01:45:43,364 [pool-70-thread-1] INFO  storage.RaftStorage (RaftStorage.java:format(84)) - Storage directory /github/workspace/mnt/ozone/hadoop-ozone/integration-test/target/test-dir/MiniOzoneClusterImpl-1a3a07de-270a-423e-87a2-3dcf9ca25c10/datanode-0/data/ratis/2cdbc183-aca3-4e28-99cc-487d6035704b has been successfully formatted.
2020-11-20 01:45:43,368 [pool-70-thread-1] INFO  ratis.ContainerStateMachine (ContainerStateMachine.java:loadSnapshot(225)) - group-487D6035704B: The snapshot info is null. Setting the last applied indexto:(t:0, i:~)
2020-11-20 01:45:43,368 [pool-70-thread-1] INFO  server.RaftServerConfigKeys (ConfUtils.java:logGet(44)) - raft.server.notification.no-leader.timeout = 300s (custom)
2020-11-20 01:45:43,369 [pool-70-thread-1] INFO  server.RaftServerConfigKeys (ConfUtils.java:logGet(44)) - raft.server.log.use.memory = false (default)
2020-11-20 01:45:43,369 [pool-70-thread-1] INFO  server.RaftServerConfigKeys (ConfUtils.java:logGet(44)) - raft.server.log.purge.gap = 1000000 (custom)
2020-11-20 01:45:43,369 [pool-70-thread-1] INFO  metrics.RatisMetrics (RatisMetrics.java:lambda$create$0(36)) - Creating Metrics Registry : ratis.log_worker.d9c9a1e1-e3e4-4e9b-802d-ab7594e2755b@group-487D6035704B
2020-11-20 01:45:43,369 [pool-70-thread-1] INFO  server.RaftServerConfigKeys (ConfUtils.java:logGet(44)) - raft.server.log.appender.buffer.byte-limit = 33554432 (custom)
2020-11-20 01:45:43,369 [pool-70-thread-1] INFO  server.RaftServerConfigKeys (ConfUtils.java:logGet(44)) - raft.server.log.segment.size.max = 1048576 (custom)
2020-11-20 01:45:43,370 [pool-70-thread-1] INFO  server.RaftServerConfigKeys (ConfUtils.java:logGet(44)) - raft.server.log.segment.cache.num.max = 2 (custom)
2020-11-20 01:45:43,370 [pool-70-thread-1] INFO  segmented.SegmentedRaftLogWorker (SegmentedRaftLogWorker.java:<init>(180)) - new d9c9a1e1-e3e4-4e9b-802d-ab7594e2755b@group-487D6035704B-SegmentedRaftLogWorker for RaftStorage:Storage Directory /github/workspace/mnt/ozone/hadoop-ozone/integration-test/target/test-dir/MiniOzoneClusterImpl-1a3a07de-270a-423e-87a2-3dcf9ca25c10/datanode-0/data/ratis/2cdbc183-aca3-4e28-99cc-487d6035704b
2020-11-20 01:45:43,370 [pool-70-thread-1] INFO  server.RaftServerConfigKeys (ConfUtils.java:logGet(44)) - raft.server.log.queue.byte-limit = 2147483647 (custom)
2020-11-20 01:45:43,370 [pool-70-thread-1] INFO  server.RaftServerConfigKeys (ConfUtils.java:logGet(44)) - raft.server.log.queue.element-limit = 1024 (custom)
2020-11-20 01:45:43,370 [pool-70-thread-1] INFO  server.RaftServerConfigKeys (ConfUtils.java:logGet(44)) - raft.server.log.segment.size.max = 1048576 (custom)
2020-11-20 01:45:43,370 [pool-70-thread-1] INFO  server.RaftServerConfigKeys (ConfUtils.java:logGet(44)) - raft.server.log.preallocated.size = 16384 (custom)
2020-11-20 01:45:43,371 [pool-70-thread-1] INFO  server.RaftServerConfigKeys (ConfUtils.java:logGet(44)) - raft.server.log.write.buffer.size = 1048576 (custom)
2020-11-20 01:45:43,371 [pool-70-thread-1] INFO  server.RaftServerConfigKeys (ConfUtils.java:logGet(44)) - raft.server.log.force.sync.num = 128 (default)
2020-11-20 01:45:43,371 [pool-70-thread-1] INFO  server.RaftServerConfigKeys (ConfUtils.java:logGet(44)) - raft.server.log.statemachine.data.sync = true (default)
2020-11-20 01:45:43,371 [pool-70-thread-1] INFO  server.RaftServerConfigKeys (ConfUtils.java:logGet(44)) - raft.server.log.statemachine.data.sync.timeout = 10s (default)
2020-11-20 01:45:43,371 [pool-70-thread-1] INFO  server.RaftServerConfigKeys (ConfUtils.java:logGet(44)) - raft.server.log.statemachine.data.sync.timeout.retry = -1 (default)
2020-11-20 01:45:43,373 [pool-70-thread-1] INFO  server.RaftServerConfigKeys (ConfUtils.java:logGet(44)) - raft.server.log.statemachine.data.caching.enabled = true (custom)
2020-11-20 01:45:43,373 [pool-70-thread-1] INFO  segmented.SegmentedRaftLogWorker (SegmentedRaftLogWorker.java:lambda$new$0(129)) - d9c9a1e1-e3e4-4e9b-802d-ab7594e2755b@group-487D6035704B-SegmentedRaftLogWorker: flushIndex: setUnconditionally 0 -> -1
2020-11-20 01:45:43,373 [pool-70-thread-1] INFO  segmented.SegmentedRaftLogWorker (SegmentedRaftLogWorker.java:lambda$new$0(129)) - d9c9a1e1-e3e4-4e9b-802d-ab7594e2755b@group-487D6035704B-SegmentedRaftLogWorker: safeCacheEvictIndex: setUnconditionally 0 -> -1
2020-11-20 01:45:43,391 [EventQueue-PipelineReportForOneReplicaPipelineSafeModeRule] INFO  safemode.SCMSafeModeManager (SCMSafeModeManager.java:validateSafeModeExitRules(214)) - AtleastOneDatanodeReportedRule rule is successfully validated
2020-11-20 01:45:43,392 [EventQueue-PipelineReportForPipelineReportHandler] INFO  pipeline.PipelineStateManager (PipelineStateManager.java:openPipeline(132)) - Pipeline Pipeline[ Id: 2cdbc183-aca3-4e28-99cc-487d6035704b, Nodes: d9c9a1e1-e3e4-4e9b-802d-ab7594e2755b{ip: 172.17.0.2, host: 47863bed4066, networkLocation: /default-rack, certSerialId: null}, Type:RATIS, Factor:ONE, State:ALLOCATED, leaderId:d9c9a1e1-e3e4-4e9b-802d-ab7594e2755b, CreationTimestamp2020-11-20T01:45:40.387Z] moved to OPEN state
2020-11-20 01:45:43,393 [pool-70-thread-1] INFO  server.RaftServerConfigKeys (ConfUtils.java:logGet(44)) - raft.server.snapshot.auto.trigger.enabled = true (custom)
2020-11-20 01:45:43,393 [pool-70-thread-1] INFO  server.RaftServerConfigKeys (ConfUtils.java:logGet(44)) - raft.server.snapshot.auto.trigger.threshold = 10000 (custom)
2020-11-20 01:45:43,393 [pool-70-thread-1] INFO  server.RaftServerConfigKeys (ConfUtils.java:logGet(44)) - raft.server.snapshot.retention.file.num = 5 (custom)
2020-11-20 01:45:43,393 [pool-70-thread-1] INFO  server.RaftServerConfigKeys (ConfUtils.java:logGet(44)) - raft.server.log.purge.upto.snapshot.index = false (default)
2020-11-20 01:45:43,399 [EventQueue-OpenPipelineForHealthyPipelineSafeModeRule] INFO  safemode.SCMSafeModeManager (HealthyPipelineSafeModeRule.java:process(128)) - SCM in safe mode. Healthy pipelines reported count is 0, required healthy pipeline reported count is 1
2020-11-20 01:45:43,401 [pool-70-thread-1] INFO  server.RaftServerConfigKeys (ConfUtils.java:logGet(44)) - raft.server.retrycache.expirytime = 600000ms (custom)
2020-11-20 01:45:43,401 [pool-70-thread-1] INFO  metrics.RatisMetrics (RatisMetrics.java:lambda$create$0(36)) - Creating Metrics Registry : ratis.leader_election.d9c9a1e1-e3e4-4e9b-802d-ab7594e2755b@group-487D6035704B
2020-11-20 01:45:43,402 [pool-70-thread-1] INFO  metrics.RatisMetrics (RatisMetrics.java:lambda$create$0(36)) - Creating Metrics Registry : ratis.server.d9c9a1e1-e3e4-4e9b-802d-ab7594e2755b@group-487D6035704B
2020-11-20 01:45:43,403 [pool-70-thread-1] INFO  impl.RaftServerImpl (RaftServerImpl.java:start(209)) - d9c9a1e1-e3e4-4e9b-802d-ab7594e2755b@group-487D6035704B: start as a follower, conf=-1: [d9c9a1e1-e3e4-4e9b-802d-ab7594e2755b:172.17.0.2:33133:0], old=null
2020-11-20 01:45:43,403 [pool-70-thread-1] INFO  impl.RaftServerImpl (RaftServerImpl.java:setRole(198)) - d9c9a1e1-e3e4-4e9b-802d-ab7594e2755b@group-487D6035704B: changes role from      null to FOLLOWER at term 0 for startAsFollower
2020-11-20 01:45:43,403 [pool-70-thread-1] INFO  impl.RoleInfo (RoleInfo.java:updateAndGet(143)) - d9c9a1e1-e3e4-4e9b-802d-ab7594e2755b: start FollowerState
2020-11-20 01:45:43,404 [pool-70-thread-1] INFO  util.JmxRegister (JmxRegister.java:tryRegister(44)) - Successfully registered JMX Bean with object name Ratis:service=RaftServer,group=group-487D6035704B,id=d9c9a1e1-e3e4-4e9b-802d-ab7594e2755b
2020-11-20 01:45:43,404 [pool-70-thread-1] INFO  metrics.RatisMetrics (RatisMetrics.java:lambda$create$0(36)) - Creating Metrics Registry : ratis.state_machine.d9c9a1e1-e3e4-4e9b-802d-ab7594e2755b@group-487D6035704B
2020-11-20 01:45:43,407 [Command processor thread] INFO  commandhandler.CreatePipelineCommandHandler (CreatePipelineCommandHandler.java:handle(106)) - Created Pipeline RATIS ONE PipelineID=2cdbc183-aca3-4e28-99cc-487d6035704b.
2020-11-20 01:45:43,407 [Command processor thread] INFO  impl.RaftServerProxy (RaftServerProxy.java:addNew(92)) - d9c9a1e1-e3e4-4e9b-802d-ab7594e2755b: addNew group-6B9C05A94F7C:[d9c9a1e1-e3e4-4e9b-802d-ab7594e2755b:172.17.0.2:33133:0, 0c1a18bd-e9b2-4f5e-bcd4-214c7eec5423:172.17.0.2:45735:0, c65eb0e4-bdb4-4502-a2db-88bc3cf1e22f:172.17.0.2:41987:0] returns group-6B9C05A94F7C:java.util.concurrent.CompletableFuture@22f2857d[Not completed]
2020-11-20 01:45:43,408 [pool-70-thread-1] INFO  impl.RaftServerImpl (RaftServerImpl.java:<init>(120)) - d9c9a1e1-e3e4-4e9b-802d-ab7594e2755b: new RaftServerImpl for group-6B9C05A94F7C:[d9c9a1e1-e3e4-4e9b-802d-ab7594e2755b:172.17.0.2:33133:0, 0c1a18bd-e9b2-4f5e-bcd4-214c7eec5423:172.17.0.2:45735:0, c65eb0e4-bdb4-4502-a2db-88bc3cf1e22f:172.17.0.2:41987:0] with ContainerStateMachine:uninitialized
2020-11-20 01:45:43,408 [pool-70-thread-1] INFO  server.RaftServerConfigKeys (ConfUtils.java:logGet(44)) - raft.server.rpc.timeout.min = 5s (custom)
2020-11-20 01:45:43,408 [pool-70-thread-1] INFO  server.RaftServerConfigKeys (ConfUtils.java:logGet(44)) - raft.server.rpc.timeout.max = 5200ms (custom)
2020-11-20 01:45:43,408 [pool-70-thread-1] INFO  server.RaftServerConfigKeys (ConfUtils.java:logGet(44)) - raft.server.rpcslowness.timeout = 300s (custom)
2020-11-20 01:45:43,408 [pool-70-thread-1] INFO  server.RaftServerConfigKeys (ConfUtils.java:logGet(44)) - raft.server.sleep.deviation.threshold = 300 (default)
2020-11-20 01:45:43,408 [pool-70-thread-1] INFO  server.RaftServerConfigKeys (ConfUtils.java:logGet(44)) - raft.server.log.appender.install.snapshot.enabled = false (custom)
2020-11-20 01:45:43,408 [pool-70-thread-1] INFO  impl.RaftServerImpl (ServerState.java:<init>(104)) - d9c9a1e1-e3e4-4e9b-802d-ab7594e2755b@group-6B9C05A94F7C: ConfigurationManager, init=-1: [d9c9a1e1-e3e4-4e9b-802d-ab7594e2755b:172.17.0.2:33133:0, 0c1a18bd-e9b2-4f5e-bcd4-214c7eec5423:172.17.0.2:45735:0, c65eb0e4-bdb4-4502-a2db-88bc3cf1e22f:172.17.0.2:41987:0], old=null, confs=<EMPTY_MAP>
2020-11-20 01:45:43,408 [pool-70-thread-1] INFO  server.RaftServerConfigKeys (ConfUtils.java:logGet(44)) - raft.server.storage.dir = [/github/workspace/mnt/ozone/hadoop-ozone/integration-test/target/test-dir/MiniOzoneClusterImpl-1a3a07de-270a-423e-87a2-3dcf9ca25c10/datanode-0/data/ratis] (custom)
2020-11-20 01:45:43,409 [pool-70-thread-1] INFO  server.RaftServerConfigKeys (ConfUtils.java:logGet(44)) - raft.server.log.corruption.policy = EXCEPTION (default)
2020-11-20 01:45:43,409 [pool-70-thread-1] INFO  storage.RaftStorageDirectory (RaftStorageDirectory.java:analyzeStorage(261)) - The storage directory /github/workspace/mnt/ozone/hadoop-ozone/integration-test/target/test-dir/MiniOzoneClusterImpl-1a3a07de-270a-423e-87a2-3dcf9ca25c10/datanode-0/data/ratis/0a6735d0-8475-4eb9-a953-6b9c05a94f7c does not exist. Creating ...
2020-11-20 01:45:43,411 [pool-70-thread-1] INFO  storage.RaftStorageDirectory (RaftStorageDirectory.java:tryLock(343)) - Lock on /github/workspace/mnt/ozone/hadoop-ozone/integration-test/target/test-dir/MiniOzoneClusterImpl-1a3a07de-270a-423e-87a2-3dcf9ca25c10/datanode-0/data/ratis/0a6735d0-8475-4eb9-a953-6b9c05a94f7c/in_use.lock acquired by nodename 24219@47863bed4066
2020-11-20 01:45:43,412 [pool-70-thread-1] INFO  storage.RaftStorage (RaftStorage.java:format(84)) - Storage directory /github/workspace/mnt/ozone/hadoop-ozone/integration-test/target/test-dir/MiniOzoneClusterImpl-1a3a07de-270a-423e-87a2-3dcf9ca25c10/datanode-0/data/ratis/0a6735d0-8475-4eb9-a953-6b9c05a94f7c has been successfully formatted.
2020-11-20 01:45:43,414 [pool-70-thread-1] INFO  ratis.ContainerStateMachine (ContainerStateMachine.java:loadSnapshot(225)) - group-6B9C05A94F7C: The snapshot info is null. Setting the last applied indexto:(t:0, i:~)
2020-11-20 01:45:43,414 [pool-70-thread-1] INFO  server.RaftServerConfigKeys (ConfUtils.java:logGet(44)) - raft.server.notification.no-leader.timeout = 300s (custom)
2020-11-20 01:45:43,414 [EventQueue-PipelineReportForOneReplicaPipelineSafeModeRule] INFO  safemode.SCMSafeModeManager (SCMSafeModeManager.java:validateSafeModeExitRules(214)) - AtleastOneDatanodeReportedRule rule is successfully validated
2020-11-20 01:45:43,414 [EventQueue-OpenPipelineForHealthyPipelineSafeModeRule] INFO  safemode.SCMSafeModeManager (HealthyPipelineSafeModeRule.java:process(128)) - SCM in safe mode. Healthy pipelines reported count is 0, required healthy pipeline reported count is 1
2020-11-20 01:45:43,414 [pool-70-thread-1] INFO  server.RaftServerConfigKeys (ConfUtils.java:logGet(44)) - raft.server.log.use.memory = false (default)
2020-11-20 01:45:43,415 [pool-70-thread-1] INFO  server.RaftServerConfigKeys (ConfUtils.java:logGet(44)) - raft.server.log.purge.gap = 1000000 (custom)
2020-11-20 01:45:43,415 [pool-70-thread-1] INFO  metrics.RatisMetrics (RatisMetrics.java:lambda$create$0(36)) - Creating Metrics Registry : ratis.log_worker.d9c9a1e1-e3e4-4e9b-802d-ab7594e2755b@group-6B9C05A94F7C
2020-11-20 01:45:43,415 [pool-70-thread-1] INFO  server.RaftServerConfigKeys (ConfUtils.java:logGet(44)) - raft.server.log.appender.buffer.byte-limit = 33554432 (custom)
2020-11-20 01:45:43,415 [pool-70-thread-1] INFO  server.RaftServerConfigKeys (ConfUtils.java:logGet(44)) - raft.server.log.segment.size.max = 1048576 (custom)
2020-11-20 01:45:43,416 [pool-70-thread-1] INFO  server.RaftServerConfigKeys (ConfUtils.java:logGet(44)) - raft.server.log.segment.cache.num.max = 2 (custom)
2020-11-20 01:45:43,416 [pool-70-thread-1] INFO  segmented.SegmentedRaftLogWorker (SegmentedRaftLogWorker.java:<init>(180)) - new d9c9a1e1-e3e4-4e9b-802d-ab7594e2755b@group-6B9C05A94F7C-SegmentedRaftLogWorker for RaftStorage:Storage Directory /github/workspace/mnt/ozone/hadoop-ozone/integration-test/target/test-dir/MiniOzoneClusterImpl-1a3a07de-270a-423e-87a2-3dcf9ca25c10/datanode-0/data/ratis/0a6735d0-8475-4eb9-a953-6b9c05a94f7c
2020-11-20 01:45:43,416 [pool-70-thread-1] INFO  server.RaftServerConfigKeys (ConfUtils.java:logGet(44)) - raft.server.log.queue.byte-limit = 2147483647 (custom)
2020-11-20 01:45:43,416 [pool-70-thread-1] INFO  server.RaftServerConfigKeys (ConfUtils.java:logGet(44)) - raft.server.log.queue.element-limit = 1024 (custom)
2020-11-20 01:45:43,416 [pool-70-thread-1] INFO  server.RaftServerConfigKeys (ConfUtils.java:logGet(44)) - raft.server.log.segment.size.max = 1048576 (custom)
2020-11-20 01:45:43,416 [pool-70-thread-1] INFO  server.RaftServerConfigKeys (ConfUtils.java:logGet(44)) - raft.server.log.preallocated.size = 16384 (custom)
2020-11-20 01:45:43,416 [pool-70-thread-1] INFO  server.RaftServerConfigKeys (ConfUtils.java:logGet(44)) - raft.server.log.write.buffer.size = 1048576 (custom)
2020-11-20 01:45:43,416 [pool-70-thread-1] INFO  server.RaftServerConfigKeys (ConfUtils.java:logGet(44)) - raft.server.log.force.sync.num = 128 (default)
2020-11-20 01:45:43,416 [pool-70-thread-1] INFO  server.RaftServerConfigKeys (ConfUtils.java:logGet(44)) - raft.server.log.statemachine.data.sync = true (default)
2020-11-20 01:45:43,417 [pool-70-thread-1] INFO  server.RaftServerConfigKeys (ConfUtils.java:logGet(44)) - raft.server.log.statemachine.data.sync.timeout = 10s (default)
2020-11-20 01:45:43,417 [pool-70-thread-1] INFO  server.RaftServerConfigKeys (ConfUtils.java:logGet(44)) - raft.server.log.statemachine.data.sync.timeout.retry = -1 (default)
2020-11-20 01:45:43,418 [pool-70-thread-1] INFO  server.RaftServerConfigKeys (ConfUtils.java:logGet(44)) - raft.server.log.statemachine.data.caching.enabled = true (custom)
2020-11-20 01:45:43,419 [pool-70-thread-1] INFO  segmented.SegmentedRaftLogWorker (SegmentedRaftLogWorker.java:lambda$new$0(129)) - d9c9a1e1-e3e4-4e9b-802d-ab7594e2755b@group-6B9C05A94F7C-SegmentedRaftLogWorker: flushIndex: setUnconditionally 0 -> -1
2020-11-20 01:45:43,419 [pool-70-thread-1] INFO  segmented.SegmentedRaftLogWorker (SegmentedRaftLogWorker.java:lambda$new$0(129)) - d9c9a1e1-e3e4-4e9b-802d-ab7594e2755b@group-6B9C05A94F7C-SegmentedRaftLogWorker: safeCacheEvictIndex: setUnconditionally 0 -> -1
2020-11-20 01:45:43,419 [pool-70-thread-1] INFO  server.RaftServerConfigKeys (ConfUtils.java:logGet(44)) - raft.server.snapshot.auto.trigger.enabled = true (custom)
2020-11-20 01:45:43,419 [pool-70-thread-1] INFO  server.RaftServerConfigKeys (ConfUtils.java:logGet(44)) - raft.server.snapshot.auto.trigger.threshold = 10000 (custom)
2020-11-20 01:45:43,419 [pool-70-thread-1] INFO  server.RaftServerConfigKeys (ConfUtils.java:logGet(44)) - raft.server.snapshot.retention.file.num = 5 (custom)
2020-11-20 01:45:43,419 [pool-70-thread-1] INFO  server.RaftServerConfigKeys (ConfUtils.java:logGet(44)) - raft.server.log.purge.upto.snapshot.index = false (default)
2020-11-20 01:45:43,419 [pool-70-thread-1] INFO  server.RaftServerConfigKeys (ConfUtils.java:logGet(44)) - raft.server.retrycache.expirytime = 600000ms (custom)
2020-11-20 01:45:43,419 [pool-70-thread-1] INFO  metrics.RatisMetrics (RatisMetrics.java:lambda$create$0(36)) - Creating Metrics Registry : ratis.leader_election.d9c9a1e1-e3e4-4e9b-802d-ab7594e2755b@group-6B9C05A94F7C
2020-11-20 01:45:43,420 [pool-70-thread-1] INFO  metrics.RatisMetrics (RatisMetrics.java:lambda$create$0(36)) - Creating Metrics Registry : ratis.server.d9c9a1e1-e3e4-4e9b-802d-ab7594e2755b@group-6B9C05A94F7C
2020-11-20 01:45:43,421 [pool-70-thread-1] INFO  impl.RaftServerImpl (RaftServerImpl.java:start(209)) - d9c9a1e1-e3e4-4e9b-802d-ab7594e2755b@group-6B9C05A94F7C: start as a follower, conf=-1: [d9c9a1e1-e3e4-4e9b-802d-ab7594e2755b:172.17.0.2:33133:0, 0c1a18bd-e9b2-4f5e-bcd4-214c7eec5423:172.17.0.2:45735:0, c65eb0e4-bdb4-4502-a2db-88bc3cf1e22f:172.17.0.2:41987:0], old=null
2020-11-20 01:45:43,421 [pool-70-thread-1] INFO  impl.RaftServerImpl (RaftServerImpl.java:setRole(198)) - d9c9a1e1-e3e4-4e9b-802d-ab7594e2755b@group-6B9C05A94F7C: changes role from      null to FOLLOWER at term 0 for startAsFollower
2020-11-20 01:45:43,421 [pool-70-thread-1] INFO  impl.RoleInfo (RoleInfo.java:updateAndGet(143)) - d9c9a1e1-e3e4-4e9b-802d-ab7594e2755b: start FollowerState
2020-11-20 01:45:43,422 [pool-70-thread-1] INFO  util.JmxRegister (JmxRegister.java:tryRegister(44)) - Successfully registered JMX Bean with object name Ratis:service=RaftServer,group=group-6B9C05A94F7C,id=d9c9a1e1-e3e4-4e9b-802d-ab7594e2755b
2020-11-20 01:45:43,422 [pool-70-thread-1] INFO  metrics.RatisMetrics (RatisMetrics.java:lambda$create$0(36)) - Creating Metrics Registry : ratis.state_machine.d9c9a1e1-e3e4-4e9b-802d-ab7594e2755b@group-6B9C05A94F7C
2020-11-20 01:45:43,447 [Command processor thread] INFO  metrics.RatisMetrics (RatisMetrics.java:lambda$create$0(36)) - Creating Metrics Registry : ratis.client_message_metrics.client-197E26F2323F->c65eb0e4-bdb4-4502-a2db-88bc3cf1e22f
2020-11-20 01:45:43,464 [grpc-default-executor-4] INFO  metrics.RatisMetrics (RatisMetrics.java:lambda$create$0(36)) - Creating Metrics Registry : ratis.server_message_metrics.c65eb0e4-bdb4-4502-a2db-88bc3cf1e22f
2020-11-20 01:45:43,468 [grpc-default-executor-4] INFO  impl.RaftServerProxy (RaftServerProxy.java:addNew(92)) - c65eb0e4-bdb4-4502-a2db-88bc3cf1e22f: addNew group-6B9C05A94F7C:[d9c9a1e1-e3e4-4e9b-802d-ab7594e2755b:172.17.0.2:33133:0, 0c1a18bd-e9b2-4f5e-bcd4-214c7eec5423:172.17.0.2:45735:0, c65eb0e4-bdb4-4502-a2db-88bc3cf1e22f:172.17.0.2:41987:0] returns group-6B9C05A94F7C:java.util.concurrent.CompletableFuture@39cd472c[Not completed]
2020-11-20 01:45:43,537 [pool-102-thread-1] INFO  impl.RaftServerImpl (RaftServerImpl.java:<init>(120)) - c65eb0e4-bdb4-4502-a2db-88bc3cf1e22f: new RaftServerImpl for group-6B9C05A94F7C:[d9c9a1e1-e3e4-4e9b-802d-ab7594e2755b:172.17.0.2:33133:0, 0c1a18bd-e9b2-4f5e-bcd4-214c7eec5423:172.17.0.2:45735:0, c65eb0e4-bdb4-4502-a2db-88bc3cf1e22f:172.17.0.2:41987:0] with ContainerStateMachine:uninitialized
2020-11-20 01:45:43,537 [pool-102-thread-1] INFO  server.RaftServerConfigKeys (ConfUtils.java:logGet(44)) - raft.server.rpc.timeout.min = 5s (custom)
2020-11-20 01:45:43,537 [pool-102-thread-1] INFO  server.RaftServerConfigKeys (ConfUtils.java:logGet(44)) - raft.server.rpc.timeout.max = 5200ms (custom)
2020-11-20 01:45:43,537 [pool-102-thread-1] INFO  server.RaftServerConfigKeys (ConfUtils.java:logGet(44)) - raft.server.rpcslowness.timeout = 300s (custom)
2020-11-20 01:45:43,537 [pool-102-thread-1] INFO  server.RaftServerConfigKeys (ConfUtils.java:logGet(44)) - raft.server.sleep.deviation.threshold = 300 (default)
2020-11-20 01:45:43,537 [pool-102-thread-1] INFO  server.RaftServerConfigKeys (ConfUtils.java:logGet(44)) - raft.server.log.appender.install.snapshot.enabled = false (custom)
2020-11-20 01:45:43,537 [pool-102-thread-1] INFO  impl.RaftServerImpl (ServerState.java:<init>(104)) - c65eb0e4-bdb4-4502-a2db-88bc3cf1e22f@group-6B9C05A94F7C: ConfigurationManager, init=-1: [d9c9a1e1-e3e4-4e9b-802d-ab7594e2755b:172.17.0.2:33133:0, 0c1a18bd-e9b2-4f5e-bcd4-214c7eec5423:172.17.0.2:45735:0, c65eb0e4-bdb4-4502-a2db-88bc3cf1e22f:172.17.0.2:41987:0], old=null, confs=<EMPTY_MAP>
2020-11-20 01:45:43,544 [pool-102-thread-1] INFO  server.RaftServerConfigKeys (ConfUtils.java:logGet(44)) - raft.server.storage.dir = [/github/workspace/mnt/ozone/hadoop-ozone/integration-test/target/test-dir/MiniOzoneClusterImpl-1a3a07de-270a-423e-87a2-3dcf9ca25c10/datanode-2/data/ratis] (custom)
2020-11-20 01:45:43,544 [pool-102-thread-1] INFO  server.RaftServerConfigKeys (ConfUtils.java:logGet(44)) - raft.server.log.corruption.policy = EXCEPTION (default)
2020-11-20 01:45:43,544 [pool-102-thread-1] INFO  storage.RaftStorageDirectory (RaftStorageDirectory.java:analyzeStorage(261)) - The storage directory /github/workspace/mnt/ozone/hadoop-ozone/integration-test/target/test-dir/MiniOzoneClusterImpl-1a3a07de-270a-423e-87a2-3dcf9ca25c10/datanode-2/data/ratis/0a6735d0-8475-4eb9-a953-6b9c05a94f7c does not exist. Creating ...
2020-11-20 01:45:43,546 [pool-102-thread-1] INFO  storage.RaftStorageDirectory (RaftStorageDirectory.java:tryLock(343)) - Lock on /github/workspace/mnt/ozone/hadoop-ozone/integration-test/target/test-dir/MiniOzoneClusterImpl-1a3a07de-270a-423e-87a2-3dcf9ca25c10/datanode-2/data/ratis/0a6735d0-8475-4eb9-a953-6b9c05a94f7c/in_use.lock acquired by nodename 24219@47863bed4066
2020-11-20 01:45:43,551 [pool-102-thread-1] INFO  storage.RaftStorage (RaftStorage.java:format(84)) - Storage directory /github/workspace/mnt/ozone/hadoop-ozone/integration-test/target/test-dir/MiniOzoneClusterImpl-1a3a07de-270a-423e-87a2-3dcf9ca25c10/datanode-2/data/ratis/0a6735d0-8475-4eb9-a953-6b9c05a94f7c has been successfully formatted.
2020-11-20 01:45:43,552 [pool-102-thread-1] INFO  ratis.ContainerStateMachine (ContainerStateMachine.java:loadSnapshot(225)) - group-6B9C05A94F7C: The snapshot info is null. Setting the last applied indexto:(t:0, i:~)
2020-11-20 01:45:43,553 [pool-102-thread-1] INFO  server.RaftServerConfigKeys (ConfUtils.java:logGet(44)) - raft.server.notification.no-leader.timeout = 300s (custom)
2020-11-20 01:45:43,553 [pool-102-thread-1] INFO  server.RaftServerConfigKeys (ConfUtils.java:logGet(44)) - raft.server.log.use.memory = false (default)
2020-11-20 01:45:43,553 [pool-102-thread-1] INFO  server.RaftServerConfigKeys (ConfUtils.java:logGet(44)) - raft.server.log.purge.gap = 1000000 (custom)
2020-11-20 01:45:43,553 [pool-102-thread-1] INFO  metrics.RatisMetrics (RatisMetrics.java:lambda$create$0(36)) - Creating Metrics Registry : ratis.log_worker.c65eb0e4-bdb4-4502-a2db-88bc3cf1e22f@group-6B9C05A94F7C
2020-11-20 01:45:43,553 [pool-102-thread-1] INFO  server.RaftServerConfigKeys (ConfUtils.java:logGet(44)) - raft.server.log.appender.buffer.byte-limit = 33554432 (custom)
2020-11-20 01:45:43,553 [pool-102-thread-1] INFO  server.RaftServerConfigKeys (ConfUtils.java:logGet(44)) - raft.server.log.segment.size.max = 1048576 (custom)
2020-11-20 01:45:43,554 [pool-102-thread-1] INFO  server.RaftServerConfigKeys (ConfUtils.java:logGet(44)) - raft.server.log.segment.cache.num.max = 2 (custom)
2020-11-20 01:45:43,554 [pool-102-thread-1] INFO  segmented.SegmentedRaftLogWorker (SegmentedRaftLogWorker.java:<init>(180)) - new c65eb0e4-bdb4-4502-a2db-88bc3cf1e22f@group-6B9C05A94F7C-SegmentedRaftLogWorker for RaftStorage:Storage Directory /github/workspace/mnt/ozone/hadoop-ozone/integration-test/target/test-dir/MiniOzoneClusterImpl-1a3a07de-270a-423e-87a2-3dcf9ca25c10/datanode-2/data/ratis/0a6735d0-8475-4eb9-a953-6b9c05a94f7c
2020-11-20 01:45:43,554 [pool-102-thread-1] INFO  server.RaftServerConfigKeys (ConfUtils.java:logGet(44)) - raft.server.log.queue.byte-limit = 2147483647 (custom)
2020-11-20 01:45:43,554 [pool-102-thread-1] INFO  server.RaftServerConfigKeys (ConfUtils.java:logGet(44)) - raft.server.log.queue.element-limit = 1024 (custom)
2020-11-20 01:45:43,554 [pool-102-thread-1] INFO  server.RaftServerConfigKeys (ConfUtils.java:logGet(44)) - raft.server.log.segment.size.max = 1048576 (custom)
2020-11-20 01:45:43,554 [pool-102-thread-1] INFO  server.RaftServerConfigKeys (ConfUtils.java:logGet(44)) - raft.server.log.preallocated.size = 16384 (custom)
2020-11-20 01:45:43,554 [pool-102-thread-1] INFO  server.RaftServerConfigKeys (ConfUtils.java:logGet(44)) - raft.server.log.write.buffer.size = 1048576 (custom)
2020-11-20 01:45:43,554 [pool-102-thread-1] INFO  server.RaftServerConfigKeys (ConfUtils.java:logGet(44)) - raft.server.log.force.sync.num = 128 (default)
2020-11-20 01:45:43,554 [pool-102-thread-1] INFO  server.RaftServerConfigKeys (ConfUtils.java:logGet(44)) - raft.server.log.statemachine.data.sync = true (default)
2020-11-20 01:45:43,555 [pool-102-thread-1] INFO  server.RaftServerConfigKeys (ConfUtils.java:logGet(44)) - raft.server.log.statemachine.data.sync.timeout = 10s (default)
2020-11-20 01:45:43,555 [pool-102-thread-1] INFO  server.RaftServerConfigKeys (ConfUtils.java:logGet(44)) - raft.server.log.statemachine.data.sync.timeout.retry = -1 (default)
2020-11-20 01:45:43,556 [pool-102-thread-1] INFO  server.RaftServerConfigKeys (ConfUtils.java:logGet(44)) - raft.server.log.statemachine.data.caching.enabled = true (custom)
2020-11-20 01:45:43,556 [pool-102-thread-1] INFO  segmented.SegmentedRaftLogWorker (SegmentedRaftLogWorker.java:lambda$new$0(129)) - c65eb0e4-bdb4-4502-a2db-88bc3cf1e22f@group-6B9C05A94F7C-SegmentedRaftLogWorker: flushIndex: setUnconditionally 0 -> -1
2020-11-20 01:45:43,556 [pool-102-thread-1] INFO  segmented.SegmentedRaftLogWorker (SegmentedRaftLogWorker.java:lambda$new$0(129)) - c65eb0e4-bdb4-4502-a2db-88bc3cf1e22f@group-6B9C05A94F7C-SegmentedRaftLogWorker: safeCacheEvictIndex: setUnconditionally 0 -> -1
2020-11-20 01:45:43,556 [pool-102-thread-1] INFO  server.RaftServerConfigKeys (ConfUtils.java:logGet(44)) - raft.server.snapshot.auto.trigger.enabled = true (custom)
2020-11-20 01:45:43,557 [pool-102-thread-1] INFO  server.RaftServerConfigKeys (ConfUtils.java:logGet(44)) - raft.server.snapshot.auto.trigger.threshold = 10000 (custom)
2020-11-20 01:45:43,557 [pool-102-thread-1] INFO  server.RaftServerConfigKeys (ConfUtils.java:logGet(44)) - raft.server.snapshot.retention.file.num = 5 (custom)
2020-11-20 01:45:43,557 [pool-102-thread-1] INFO  server.RaftServerConfigKeys (ConfUtils.java:logGet(44)) - raft.server.log.purge.upto.snapshot.index = false (default)
2020-11-20 01:45:43,557 [pool-102-thread-1] INFO  server.RaftServerConfigKeys (ConfUtils.java:logGet(44)) - raft.server.retrycache.expirytime = 600000ms (custom)
2020-11-20 01:45:43,557 [pool-102-thread-1] INFO  metrics.RatisMetrics (RatisMetrics.java:lambda$create$0(36)) - Creating Metrics Registry : ratis.leader_election.c65eb0e4-bdb4-4502-a2db-88bc3cf1e22f@group-6B9C05A94F7C
2020-11-20 01:45:43,557 [pool-102-thread-1] INFO  metrics.RatisMetrics (RatisMetrics.java:lambda$create$0(36)) - Creating Metrics Registry : ratis.server.c65eb0e4-bdb4-4502-a2db-88bc3cf1e22f@group-6B9C05A94F7C
2020-11-20 01:45:43,559 [pool-102-thread-1] INFO  impl.RaftServerImpl (RaftServerImpl.java:start(209)) - c65eb0e4-bdb4-4502-a2db-88bc3cf1e22f@group-6B9C05A94F7C: start as a follower, conf=-1: [d9c9a1e1-e3e4-4e9b-802d-ab7594e2755b:172.17.0.2:33133:0, 0c1a18bd-e9b2-4f5e-bcd4-214c7eec5423:172.17.0.2:45735:0, c65eb0e4-bdb4-4502-a2db-88bc3cf1e22f:172.17.0.2:41987:0], old=null
2020-11-20 01:45:43,559 [pool-102-thread-1] INFO  impl.RaftServerImpl (RaftServerImpl.java:setRole(198)) - c65eb0e4-bdb4-4502-a2db-88bc3cf1e22f@group-6B9C05A94F7C: changes role from      null to FOLLOWER at term 0 for startAsFollower
2020-11-20 01:45:43,570 [pool-102-thread-1] INFO  impl.RoleInfo (RoleInfo.java:updateAndGet(143)) - c65eb0e4-bdb4-4502-a2db-88bc3cf1e22f: start FollowerState
2020-11-20 01:45:43,570 [pool-102-thread-1] INFO  util.JmxRegister (JmxRegister.java:tryRegister(44)) - Successfully registered JMX Bean with object name Ratis:service=RaftServer,group=group-6B9C05A94F7C,id=c65eb0e4-bdb4-4502-a2db-88bc3cf1e22f
2020-11-20 01:45:43,570 [pool-102-thread-1] INFO  metrics.RatisMetrics (RatisMetrics.java:lambda$create$0(36)) - Creating Metrics Registry : ratis.state_machine.c65eb0e4-bdb4-4502-a2db-88bc3cf1e22f@group-6B9C05A94F7C
2020-11-20 01:45:43,575 [EventQueue-PipelineReportForOneReplicaPipelineSafeModeRule] INFO  safemode.SCMSafeModeManager (SCMSafeModeManager.java:validateSafeModeExitRules(214)) - AtleastOneDatanodeReportedRule rule is successfully validated
2020-11-20 01:45:43,605 [Command processor thread] INFO  metrics.RatisMetrics (RatisMetrics.java:lambda$create$0(36)) - Creating Metrics Registry : ratis.client_message_metrics.client-B5B805EDC3CA->0c1a18bd-e9b2-4f5e-bcd4-214c7eec5423
2020-11-20 01:45:43,611 [grpc-default-executor-4] INFO  metrics.RatisMetrics (RatisMetrics.java:lambda$create$0(36)) - Creating Metrics Registry : ratis.server_message_metrics.0c1a18bd-e9b2-4f5e-bcd4-214c7eec5423
2020-11-20 01:45:43,612 [grpc-default-executor-4] INFO  impl.RaftServerProxy (RaftServerProxy.java:addNew(92)) - 0c1a18bd-e9b2-4f5e-bcd4-214c7eec5423: addNew group-6B9C05A94F7C:[d9c9a1e1-e3e4-4e9b-802d-ab7594e2755b:172.17.0.2:33133:0, 0c1a18bd-e9b2-4f5e-bcd4-214c7eec5423:172.17.0.2:45735:0, c65eb0e4-bdb4-4502-a2db-88bc3cf1e22f:172.17.0.2:41987:0] returns group-6B9C05A94F7C:java.util.concurrent.CompletableFuture@31c6d968[Not completed]
2020-11-20 01:45:43,621 [pool-85-thread-1] INFO  impl.RaftServerImpl (RaftServerImpl.java:<init>(120)) - 0c1a18bd-e9b2-4f5e-bcd4-214c7eec5423: new RaftServerImpl for group-6B9C05A94F7C:[d9c9a1e1-e3e4-4e9b-802d-ab7594e2755b:172.17.0.2:33133:0, 0c1a18bd-e9b2-4f5e-bcd4-214c7eec5423:172.17.0.2:45735:0, c65eb0e4-bdb4-4502-a2db-88bc3cf1e22f:172.17.0.2:41987:0] with ContainerStateMachine:uninitialized
2020-11-20 01:45:43,623 [pool-85-thread-1] INFO  server.RaftServerConfigKeys (ConfUtils.java:logGet(44)) - raft.server.rpc.timeout.min = 5s (custom)
2020-11-20 01:45:43,623 [pool-85-thread-1] INFO  server.RaftServerConfigKeys (ConfUtils.java:logGet(44)) - raft.server.rpc.timeout.max = 5200ms (custom)
2020-11-20 01:45:43,623 [pool-85-thread-1] INFO  server.RaftServerConfigKeys (ConfUtils.java:logGet(44)) - raft.server.rpcslowness.timeout = 300s (custom)
2020-11-20 01:45:43,623 [pool-85-thread-1] INFO  server.RaftServerConfigKeys (ConfUtils.java:logGet(44)) - raft.server.sleep.deviation.threshold = 300 (default)
2020-11-20 01:45:43,624 [pool-85-thread-1] INFO  server.RaftServerConfigKeys (ConfUtils.java:logGet(44)) - raft.server.log.appender.install.snapshot.enabled = false (custom)
2020-11-20 01:45:43,624 [pool-85-thread-1] INFO  impl.RaftServerImpl (ServerState.java:<init>(104)) - 0c1a18bd-e9b2-4f5e-bcd4-214c7eec5423@group-6B9C05A94F7C: ConfigurationManager, init=-1: [d9c9a1e1-e3e4-4e9b-802d-ab7594e2755b:172.17.0.2:33133:0, 0c1a18bd-e9b2-4f5e-bcd4-214c7eec5423:172.17.0.2:45735:0, c65eb0e4-bdb4-4502-a2db-88bc3cf1e22f:172.17.0.2:41987:0], old=null, confs=<EMPTY_MAP>
2020-11-20 01:45:43,624 [pool-85-thread-1] INFO  server.RaftServerConfigKeys (ConfUtils.java:logGet(44)) - raft.server.storage.dir = [/github/workspace/mnt/ozone/hadoop-ozone/integration-test/target/test-dir/MiniOzoneClusterImpl-1a3a07de-270a-423e-87a2-3dcf9ca25c10/datanode-1/data/ratis] (custom)
2020-11-20 01:45:43,624 [pool-85-thread-1] INFO  server.RaftServerConfigKeys (ConfUtils.java:logGet(44)) - raft.server.log.corruption.policy = EXCEPTION (default)
2020-11-20 01:45:43,624 [pool-85-thread-1] INFO  storage.RaftStorageDirectory (RaftStorageDirectory.java:analyzeStorage(261)) - The storage directory /github/workspace/mnt/ozone/hadoop-ozone/integration-test/target/test-dir/MiniOzoneClusterImpl-1a3a07de-270a-423e-87a2-3dcf9ca25c10/datanode-1/data/ratis/0a6735d0-8475-4eb9-a953-6b9c05a94f7c does not exist. Creating ...
2020-11-20 01:45:43,625 [pool-85-thread-1] INFO  storage.RaftStorageDirectory (RaftStorageDirectory.java:tryLock(343)) - Lock on /github/workspace/mnt/ozone/hadoop-ozone/integration-test/target/test-dir/MiniOzoneClusterImpl-1a3a07de-270a-423e-87a2-3dcf9ca25c10/datanode-1/data/ratis/0a6735d0-8475-4eb9-a953-6b9c05a94f7c/in_use.lock acquired by nodename 24219@47863bed4066
2020-11-20 01:45:43,626 [pool-85-thread-1] INFO  storage.RaftStorage (RaftStorage.java:format(84)) - Storage directory /github/workspace/mnt/ozone/hadoop-ozone/integration-test/target/test-dir/MiniOzoneClusterImpl-1a3a07de-270a-423e-87a2-3dcf9ca25c10/datanode-1/data/ratis/0a6735d0-8475-4eb9-a953-6b9c05a94f7c has been successfully formatted.
2020-11-20 01:45:43,627 [pool-85-thread-1] INFO  ratis.ContainerStateMachine (ContainerStateMachine.java:loadSnapshot(225)) - group-6B9C05A94F7C: The snapshot info is null. Setting the last applied indexto:(t:0, i:~)
2020-11-20 01:45:43,627 [pool-85-thread-1] INFO  server.RaftServerConfigKeys (ConfUtils.java:logGet(44)) - raft.server.notification.no-leader.timeout = 300s (custom)
2020-11-20 01:45:43,628 [EventQueue-PipelineReportForOneReplicaPipelineSafeModeRule] INFO  safemode.SCMSafeModeManager (SCMSafeModeManager.java:validateSafeModeExitRules(214)) - AtleastOneDatanodeReportedRule rule is successfully validated
2020-11-20 01:45:43,631 [pool-85-thread-1] INFO  server.RaftServerConfigKeys (ConfUtils.java:logGet(44)) - raft.server.log.use.memory = false (default)
2020-11-20 01:45:43,632 [pool-85-thread-1] INFO  server.RaftServerConfigKeys (ConfUtils.java:logGet(44)) - raft.server.log.purge.gap = 1000000 (custom)
2020-11-20 01:45:43,632 [pool-85-thread-1] INFO  metrics.RatisMetrics (RatisMetrics.java:lambda$create$0(36)) - Creating Metrics Registry : ratis.log_worker.0c1a18bd-e9b2-4f5e-bcd4-214c7eec5423@group-6B9C05A94F7C
2020-11-20 01:45:43,632 [pool-85-thread-1] INFO  server.RaftServerConfigKeys (ConfUtils.java:logGet(44)) - raft.server.log.appender.buffer.byte-limit = 33554432 (custom)
2020-11-20 01:45:43,632 [pool-85-thread-1] INFO  server.RaftServerConfigKeys (ConfUtils.java:logGet(44)) - raft.server.log.segment.size.max = 1048576 (custom)
2020-11-20 01:45:43,632 [pool-85-thread-1] INFO  server.RaftServerConfigKeys (ConfUtils.java:logGet(44)) - raft.server.log.segment.cache.num.max = 2 (custom)
2020-11-20 01:45:43,633 [pool-85-thread-1] INFO  segmented.SegmentedRaftLogWorker (SegmentedRaftLogWorker.java:<init>(180)) - new 0c1a18bd-e9b2-4f5e-bcd4-214c7eec5423@group-6B9C05A94F7C-SegmentedRaftLogWorker for RaftStorage:Storage Directory /github/workspace/mnt/ozone/hadoop-ozone/integration-test/target/test-dir/MiniOzoneClusterImpl-1a3a07de-270a-423e-87a2-3dcf9ca25c10/datanode-1/data/ratis/0a6735d0-8475-4eb9-a953-6b9c05a94f7c
2020-11-20 01:45:43,633 [pool-85-thread-1] INFO  server.RaftServerConfigKeys (ConfUtils.java:logGet(44)) - raft.server.log.queue.byte-limit = 2147483647 (custom)
2020-11-20 01:45:43,633 [pool-85-thread-1] INFO  server.RaftServerConfigKeys (ConfUtils.java:logGet(44)) - raft.server.log.queue.element-limit = 1024 (custom)
2020-11-20 01:45:43,633 [pool-85-thread-1] INFO  server.RaftServerConfigKeys (ConfUtils.java:logGet(44)) - raft.server.log.segment.size.max = 1048576 (custom)
2020-11-20 01:45:43,633 [pool-85-thread-1] INFO  server.RaftServerConfigKeys (ConfUtils.java:logGet(44)) - raft.server.log.preallocated.size = 16384 (custom)
2020-11-20 01:45:43,633 [pool-85-thread-1] INFO  server.RaftServerConfigKeys (ConfUtils.java:logGet(44)) - raft.server.log.write.buffer.size = 1048576 (custom)
2020-11-20 01:45:43,633 [pool-85-thread-1] INFO  server.RaftServerConfigKeys (ConfUtils.java:logGet(44)) - raft.server.log.force.sync.num = 128 (default)
2020-11-20 01:45:43,633 [pool-85-thread-1] INFO  server.RaftServerConfigKeys (ConfUtils.java:logGet(44)) - raft.server.log.statemachine.data.sync = true (default)
2020-11-20 01:45:43,633 [pool-85-thread-1] INFO  server.RaftServerConfigKeys (ConfUtils.java:logGet(44)) - raft.server.log.statemachine.data.sync.timeout = 10s (default)
2020-11-20 01:45:43,633 [pool-85-thread-1] INFO  server.RaftServerConfigKeys (ConfUtils.java:logGet(44)) - raft.server.log.statemachine.data.sync.timeout.retry = -1 (default)
2020-11-20 01:45:43,634 [pool-85-thread-1] INFO  server.RaftServerConfigKeys (ConfUtils.java:logGet(44)) - raft.server.log.statemachine.data.caching.enabled = true (custom)
2020-11-20 01:45:43,649 [pool-85-thread-1] INFO  segmented.SegmentedRaftLogWorker (SegmentedRaftLogWorker.java:lambda$new$0(129)) - 0c1a18bd-e9b2-4f5e-bcd4-214c7eec5423@group-6B9C05A94F7C-SegmentedRaftLogWorker: flushIndex: setUnconditionally 0 -> -1
2020-11-20 01:45:43,649 [pool-85-thread-1] INFO  segmented.SegmentedRaftLogWorker (SegmentedRaftLogWorker.java:lambda$new$0(129)) - 0c1a18bd-e9b2-4f5e-bcd4-214c7eec5423@group-6B9C05A94F7C-SegmentedRaftLogWorker: safeCacheEvictIndex: setUnconditionally 0 -> -1
2020-11-20 01:45:43,650 [pool-85-thread-1] INFO  server.RaftServerConfigKeys (ConfUtils.java:logGet(44)) - raft.server.snapshot.auto.trigger.enabled = true (custom)
2020-11-20 01:45:43,650 [pool-85-thread-1] INFO  server.RaftServerConfigKeys (ConfUtils.java:logGet(44)) - raft.server.snapshot.auto.trigger.threshold = 10000 (custom)
2020-11-20 01:45:43,650 [pool-85-thread-1] INFO  server.RaftServerConfigKeys (ConfUtils.java:logGet(44)) - raft.server.snapshot.retention.file.num = 5 (custom)
2020-11-20 01:45:43,650 [pool-85-thread-1] INFO  server.RaftServerConfigKeys (ConfUtils.java:logGet(44)) - raft.server.log.purge.upto.snapshot.index = false (default)
2020-11-20 01:45:43,650 [pool-85-thread-1] INFO  server.RaftServerConfigKeys (ConfUtils.java:logGet(44)) - raft.server.retrycache.expirytime = 600000ms (custom)
2020-11-20 01:45:43,650 [pool-85-thread-1] INFO  metrics.RatisMetrics (RatisMetrics.java:lambda$create$0(36)) - Creating Metrics Registry : ratis.leader_election.0c1a18bd-e9b2-4f5e-bcd4-214c7eec5423@group-6B9C05A94F7C
2020-11-20 01:45:43,650 [pool-85-thread-1] INFO  metrics.RatisMetrics (RatisMetrics.java:lambda$create$0(36)) - Creating Metrics Registry : ratis.server.0c1a18bd-e9b2-4f5e-bcd4-214c7eec5423@group-6B9C05A94F7C
2020-11-20 01:45:43,651 [pool-85-thread-1] INFO  impl.RaftServerImpl (RaftServerImpl.java:start(209)) - 0c1a18bd-e9b2-4f5e-bcd4-214c7eec5423@group-6B9C05A94F7C: start as a follower, conf=-1: [d9c9a1e1-e3e4-4e9b-802d-ab7594e2755b:172.17.0.2:33133:0, 0c1a18bd-e9b2-4f5e-bcd4-214c7eec5423:172.17.0.2:45735:0, c65eb0e4-bdb4-4502-a2db-88bc3cf1e22f:172.17.0.2:41987:0], old=null
2020-11-20 01:45:43,651 [pool-85-thread-1] INFO  impl.RaftServerImpl (RaftServerImpl.java:setRole(198)) - 0c1a18bd-e9b2-4f5e-bcd4-214c7eec5423@group-6B9C05A94F7C: changes role from      null to FOLLOWER at term 0 for startAsFollower
2020-11-20 01:45:43,651 [pool-85-thread-1] INFO  impl.RoleInfo (RoleInfo.java:updateAndGet(143)) - 0c1a18bd-e9b2-4f5e-bcd4-214c7eec5423: start FollowerState
2020-11-20 01:45:43,653 [pool-85-thread-1] INFO  util.JmxRegister (JmxRegister.java:tryRegister(44)) - Successfully registered JMX Bean with object name Ratis:service=RaftServer,group=group-6B9C05A94F7C,id=0c1a18bd-e9b2-4f5e-bcd4-214c7eec5423
2020-11-20 01:45:43,653 [pool-85-thread-1] INFO  metrics.RatisMetrics (RatisMetrics.java:lambda$create$0(36)) - Creating Metrics Registry : ratis.state_machine.0c1a18bd-e9b2-4f5e-bcd4-214c7eec5423@group-6B9C05A94F7C
2020-11-20 01:45:43,660 [Command processor thread] INFO  commandhandler.CreatePipelineCommandHandler (CreatePipelineCommandHandler.java:handle(106)) - Created Pipeline RATIS THREE PipelineID=0a6735d0-8475-4eb9-a953-6b9c05a94f7c.
2020-11-20 01:45:43,850 [Command processor thread] INFO  impl.RaftServerProxy (RaftServerProxy.java:addNew(92)) - 0c1a18bd-e9b2-4f5e-bcd4-214c7eec5423: addNew group-A185FDF1A4BD:[0c1a18bd-e9b2-4f5e-bcd4-214c7eec5423:172.17.0.2:45735:0] returns group-A185FDF1A4BD:java.util.concurrent.CompletableFuture@3d24af11[Not completed]
2020-11-20 01:45:43,851 [pool-85-thread-1] INFO  impl.RaftServerImpl (RaftServerImpl.java:<init>(120)) - 0c1a18bd-e9b2-4f5e-bcd4-214c7eec5423: new RaftServerImpl for group-A185FDF1A4BD:[0c1a18bd-e9b2-4f5e-bcd4-214c7eec5423:172.17.0.2:45735:0] with ContainerStateMachine:uninitialized
2020-11-20 01:45:43,851 [pool-85-thread-1] INFO  server.RaftServerConfigKeys (ConfUtils.java:logGet(44)) - raft.server.rpc.timeout.min = 5s (custom)
2020-11-20 01:45:43,851 [pool-85-thread-1] INFO  server.RaftServerConfigKeys (ConfUtils.java:logGet(44)) - raft.server.rpc.timeout.max = 5200ms (custom)
2020-11-20 01:45:43,851 [pool-85-thread-1] INFO  server.RaftServerConfigKeys (ConfUtils.java:logGet(44)) - raft.server.rpcslowness.timeout = 300s (custom)
2020-11-20 01:45:43,851 [pool-85-thread-1] INFO  server.RaftServerConfigKeys (ConfUtils.java:logGet(44)) - raft.server.sleep.deviation.threshold = 300 (default)
2020-11-20 01:45:43,851 [pool-85-thread-1] INFO  server.RaftServerConfigKeys (ConfUtils.java:logGet(44)) - raft.server.log.appender.install.snapshot.enabled = false (custom)
2020-11-20 01:45:43,852 [pool-85-thread-1] INFO  impl.RaftServerImpl (ServerState.java:<init>(104)) - 0c1a18bd-e9b2-4f5e-bcd4-214c7eec5423@group-A185FDF1A4BD: ConfigurationManager, init=-1: [0c1a18bd-e9b2-4f5e-bcd4-214c7eec5423:172.17.0.2:45735:0], old=null, confs=<EMPTY_MAP>
2020-11-20 01:45:43,852 [pool-85-thread-1] INFO  server.RaftServerConfigKeys (ConfUtils.java:logGet(44)) - raft.server.storage.dir = [/github/workspace/mnt/ozone/hadoop-ozone/integration-test/target/test-dir/MiniOzoneClusterImpl-1a3a07de-270a-423e-87a2-3dcf9ca25c10/datanode-1/data/ratis] (custom)
2020-11-20 01:45:43,852 [pool-85-thread-1] INFO  server.RaftServerConfigKeys (ConfUtils.java:logGet(44)) - raft.server.log.corruption.policy = EXCEPTION (default)
2020-11-20 01:45:43,852 [pool-85-thread-1] INFO  storage.RaftStorageDirectory (RaftStorageDirectory.java:analyzeStorage(261)) - The storage directory /github/workspace/mnt/ozone/hadoop-ozone/integration-test/target/test-dir/MiniOzoneClusterImpl-1a3a07de-270a-423e-87a2-3dcf9ca25c10/datanode-1/data/ratis/9da54df6-84fe-417b-833c-a185fdf1a4bd does not exist. Creating ...
2020-11-20 01:45:43,853 [pool-85-thread-1] INFO  storage.RaftStorageDirectory (RaftStorageDirectory.java:tryLock(343)) - Lock on /github/workspace/mnt/ozone/hadoop-ozone/integration-test/target/test-dir/MiniOzoneClusterImpl-1a3a07de-270a-423e-87a2-3dcf9ca25c10/datanode-1/data/ratis/9da54df6-84fe-417b-833c-a185fdf1a4bd/in_use.lock acquired by nodename 24219@47863bed4066
2020-11-20 01:45:43,854 [pool-85-thread-1] INFO  storage.RaftStorage (RaftStorage.java:format(84)) - Storage directory /github/workspace/mnt/ozone/hadoop-ozone/integration-test/target/test-dir/MiniOzoneClusterImpl-1a3a07de-270a-423e-87a2-3dcf9ca25c10/datanode-1/data/ratis/9da54df6-84fe-417b-833c-a185fdf1a4bd has been successfully formatted.
2020-11-20 01:45:43,854 [pool-85-thread-1] INFO  ratis.ContainerStateMachine (ContainerStateMachine.java:loadSnapshot(225)) - group-A185FDF1A4BD: The snapshot info is null. Setting the last applied indexto:(t:0, i:~)
2020-11-20 01:45:43,855 [pool-85-thread-1] INFO  server.RaftServerConfigKeys (ConfUtils.java:logGet(44)) - raft.server.notification.no-leader.timeout = 300s (custom)
2020-11-20 01:45:43,855 [pool-85-thread-1] INFO  server.RaftServerConfigKeys (ConfUtils.java:logGet(44)) - raft.server.log.use.memory = false (default)
2020-11-20 01:45:43,855 [pool-85-thread-1] INFO  server.RaftServerConfigKeys (ConfUtils.java:logGet(44)) - raft.server.log.purge.gap = 1000000 (custom)
2020-11-20 01:45:43,855 [pool-85-thread-1] INFO  metrics.RatisMetrics (RatisMetrics.java:lambda$create$0(36)) - Creating Metrics Registry : ratis.log_worker.0c1a18bd-e9b2-4f5e-bcd4-214c7eec5423@group-A185FDF1A4BD
2020-11-20 01:45:43,856 [pool-85-thread-1] INFO  server.RaftServerConfigKeys (ConfUtils.java:logGet(44)) - raft.server.log.appender.buffer.byte-limit = 33554432 (custom)
2020-11-20 01:45:43,856 [pool-85-thread-1] INFO  server.RaftServerConfigKeys (ConfUtils.java:logGet(44)) - raft.server.log.segment.size.max = 1048576 (custom)
2020-11-20 01:45:43,856 [EventQueue-PipelineReportForOneReplicaPipelineSafeModeRule] INFO  safemode.SCMSafeModeManager (SCMSafeModeManager.java:validateSafeModeExitRules(214)) - AtleastOneDatanodeReportedRule rule is successfully validated
2020-11-20 01:45:43,857 [EventQueue-PipelineReportForPipelineReportHandler] INFO  pipeline.PipelineStateManager (PipelineStateManager.java:openPipeline(132)) - Pipeline Pipeline[ Id: 9da54df6-84fe-417b-833c-a185fdf1a4bd, Nodes: 0c1a18bd-e9b2-4f5e-bcd4-214c7eec5423{ip: 172.17.0.2, host: 47863bed4066, networkLocation: /default-rack, certSerialId: null}, Type:RATIS, Factor:ONE, State:ALLOCATED, leaderId:0c1a18bd-e9b2-4f5e-bcd4-214c7eec5423, CreationTimestamp2020-11-20T01:45:40.854Z] moved to OPEN state
2020-11-20 01:45:43,857 [pool-85-thread-1] INFO  server.RaftServerConfigKeys (ConfUtils.java:logGet(44)) - raft.server.log.segment.cache.num.max = 2 (custom)
2020-11-20 01:45:43,857 [pool-85-thread-1] INFO  segmented.SegmentedRaftLogWorker (SegmentedRaftLogWorker.java:<init>(180)) - new 0c1a18bd-e9b2-4f5e-bcd4-214c7eec5423@group-A185FDF1A4BD-SegmentedRaftLogWorker for RaftStorage:Storage Directory /github/workspace/mnt/ozone/hadoop-ozone/integration-test/target/test-dir/MiniOzoneClusterImpl-1a3a07de-270a-423e-87a2-3dcf9ca25c10/datanode-1/data/ratis/9da54df6-84fe-417b-833c-a185fdf1a4bd
2020-11-20 01:45:43,857 [pool-85-thread-1] INFO  server.RaftServerConfigKeys (ConfUtils.java:logGet(44)) - raft.server.log.queue.byte-limit = 2147483647 (custom)
2020-11-20 01:45:43,857 [pool-85-thread-1] INFO  server.RaftServerConfigKeys (ConfUtils.java:logGet(44)) - raft.server.log.queue.element-limit = 1024 (custom)
2020-11-20 01:45:43,857 [pool-85-thread-1] INFO  server.RaftServerConfigKeys (ConfUtils.java:logGet(44)) - raft.server.log.segment.size.max = 1048576 (custom)
2020-11-20 01:45:43,857 [EventQueue-OpenPipelineForHealthyPipelineSafeModeRule] INFO  safemode.SCMSafeModeManager (HealthyPipelineSafeModeRule.java:process(128)) - SCM in safe mode. Healthy pipelines reported count is 0, required healthy pipeline reported count is 1
2020-11-20 01:45:43,862 [pool-85-thread-1] INFO  server.RaftServerConfigKeys (ConfUtils.java:logGet(44)) - raft.server.log.preallocated.size = 16384 (custom)
2020-11-20 01:45:43,862 [pool-85-thread-1] INFO  server.RaftServerConfigKeys (ConfUtils.java:logGet(44)) - raft.server.log.write.buffer.size = 1048576 (custom)
2020-11-20 01:45:43,862 [pool-85-thread-1] INFO  server.RaftServerConfigKeys (ConfUtils.java:logGet(44)) - raft.server.log.force.sync.num = 128 (default)
2020-11-20 01:45:43,862 [pool-85-thread-1] INFO  server.RaftServerConfigKeys (ConfUtils.java:logGet(44)) - raft.server.log.statemachine.data.sync = true (default)
2020-11-20 01:45:43,862 [pool-85-thread-1] INFO  server.RaftServerConfigKeys (ConfUtils.java:logGet(44)) - raft.server.log.statemachine.data.sync.timeout = 10s (default)
2020-11-20 01:45:43,862 [pool-85-thread-1] INFO  server.RaftServerConfigKeys (ConfUtils.java:logGet(44)) - raft.server.log.statemachine.data.sync.timeout.retry = -1 (default)
2020-11-20 01:45:43,864 [pool-85-thread-1] INFO  server.RaftServerConfigKeys (ConfUtils.java:logGet(44)) - raft.server.log.statemachine.data.caching.enabled = true (custom)
2020-11-20 01:45:43,864 [pool-85-thread-1] INFO  segmented.SegmentedRaftLogWorker (SegmentedRaftLogWorker.java:lambda$new$0(129)) - 0c1a18bd-e9b2-4f5e-bcd4-214c7eec5423@group-A185FDF1A4BD-SegmentedRaftLogWorker: flushIndex: setUnconditionally 0 -> -1
2020-11-20 01:45:43,864 [pool-85-thread-1] INFO  segmented.SegmentedRaftLogWorker (SegmentedRaftLogWorker.java:lambda$new$0(129)) - 0c1a18bd-e9b2-4f5e-bcd4-214c7eec5423@group-A185FDF1A4BD-SegmentedRaftLogWorker: safeCacheEvictIndex: setUnconditionally 0 -> -1
2020-11-20 01:45:43,869 [pool-85-thread-1] INFO  server.RaftServerConfigKeys (ConfUtils.java:logGet(44)) - raft.server.snapshot.auto.trigger.enabled = true (custom)
2020-11-20 01:45:43,869 [pool-85-thread-1] INFO  server.RaftServerConfigKeys (ConfUtils.java:logGet(44)) - raft.server.snapshot.auto.trigger.threshold = 10000 (custom)
2020-11-20 01:45:43,869 [pool-85-thread-1] INFO  server.RaftServerConfigKeys (ConfUtils.java:logGet(44)) - raft.server.snapshot.retention.file.num = 5 (custom)
2020-11-20 01:45:43,870 [pool-85-thread-1] INFO  server.RaftServerConfigKeys (ConfUtils.java:logGet(44)) - raft.server.log.purge.upto.snapshot.index = false (default)
2020-11-20 01:45:43,870 [pool-85-thread-1] INFO  server.RaftServerConfigKeys (ConfUtils.java:logGet(44)) - raft.server.retrycache.expirytime = 600000ms (custom)
2020-11-20 01:45:43,870 [pool-85-thread-1] INFO  metrics.RatisMetrics (RatisMetrics.java:lambda$create$0(36)) - Creating Metrics Registry : ratis.leader_election.0c1a18bd-e9b2-4f5e-bcd4-214c7eec5423@group-A185FDF1A4BD
2020-11-20 01:45:43,871 [pool-85-thread-1] INFO  metrics.RatisMetrics (RatisMetrics.java:lambda$create$0(36)) - Creating Metrics Registry : ratis.server.0c1a18bd-e9b2-4f5e-bcd4-214c7eec5423@group-A185FDF1A4BD
2020-11-20 01:45:43,872 [pool-85-thread-1] INFO  impl.RaftServerImpl (RaftServerImpl.java:start(209)) - 0c1a18bd-e9b2-4f5e-bcd4-214c7eec5423@group-A185FDF1A4BD: start as a follower, conf=-1: [0c1a18bd-e9b2-4f5e-bcd4-214c7eec5423:172.17.0.2:45735:0], old=null
2020-11-20 01:45:43,872 [pool-85-thread-1] INFO  impl.RaftServerImpl (RaftServerImpl.java:setRole(198)) - 0c1a18bd-e9b2-4f5e-bcd4-214c7eec5423@group-A185FDF1A4BD: changes role from      null to FOLLOWER at term 0 for startAsFollower
2020-11-20 01:45:43,872 [pool-85-thread-1] INFO  impl.RoleInfo (RoleInfo.java:updateAndGet(143)) - 0c1a18bd-e9b2-4f5e-bcd4-214c7eec5423: start FollowerState
2020-11-20 01:45:43,876 [pool-85-thread-1] INFO  util.JmxRegister (JmxRegister.java:tryRegister(44)) - Successfully registered JMX Bean with object name Ratis:service=RaftServer,group=group-A185FDF1A4BD,id=0c1a18bd-e9b2-4f5e-bcd4-214c7eec5423
2020-11-20 01:45:43,876 [pool-85-thread-1] INFO  metrics.RatisMetrics (RatisMetrics.java:lambda$create$0(36)) - Creating Metrics Registry : ratis.state_machine.0c1a18bd-e9b2-4f5e-bcd4-214c7eec5423@group-A185FDF1A4BD
2020-11-20 01:45:43,876 [Command processor thread] INFO  commandhandler.CreatePipelineCommandHandler (CreatePipelineCommandHandler.java:handle(106)) - Created Pipeline RATIS ONE PipelineID=9da54df6-84fe-417b-833c-a185fdf1a4bd.
2020-11-20 01:45:44,119 [Listener at 127.0.0.1/13736] INFO  ozone.MiniOzoneClusterImpl (MiniOzoneClusterImpl.java:lambda$waitForClusterToBeReady$0(178)) - Nodes are ready. Got 3 of 3 DN Heartbeats.
2020-11-20 01:45:44,119 [Listener at 127.0.0.1/13736] INFO  ozone.MiniOzoneClusterImpl (MiniOzoneClusterImpl.java:lambda$waitForClusterToBeReady$0(181)) - Waiting for cluster to exit safe mode
2020-11-20 01:45:44,122 [Command processor thread] INFO  impl.RaftServerProxy (RaftServerProxy.java:addNew(92)) - c65eb0e4-bdb4-4502-a2db-88bc3cf1e22f: addNew group-0435CD6AE8AC:[c65eb0e4-bdb4-4502-a2db-88bc3cf1e22f:172.17.0.2:41987:0] returns group-0435CD6AE8AC:java.util.concurrent.CompletableFuture@554b83ec[Not completed]
2020-11-20 01:45:44,123 [pool-102-thread-1] INFO  impl.RaftServerImpl (RaftServerImpl.java:<init>(120)) - c65eb0e4-bdb4-4502-a2db-88bc3cf1e22f: new RaftServerImpl for group-0435CD6AE8AC:[c65eb0e4-bdb4-4502-a2db-88bc3cf1e22f:172.17.0.2:41987:0] with ContainerStateMachine:uninitialized
2020-11-20 01:45:44,123 [pool-102-thread-1] INFO  server.RaftServerConfigKeys (ConfUtils.java:logGet(44)) - raft.server.rpc.timeout.min = 5s (custom)
2020-11-20 01:45:44,123 [pool-102-thread-1] INFO  server.RaftServerConfigKeys (ConfUtils.java:logGet(44)) - raft.server.rpc.timeout.max = 5200ms (custom)
2020-11-20 01:45:44,123 [pool-102-thread-1] INFO  server.RaftServerConfigKeys (ConfUtils.java:logGet(44)) - raft.server.rpcslowness.timeout = 300s (custom)
2020-11-20 01:45:44,123 [pool-102-thread-1] INFO  server.RaftServerConfigKeys (ConfUtils.java:logGet(44)) - raft.server.sleep.deviation.threshold = 300 (default)
2020-11-20 01:45:44,123 [pool-102-thread-1] INFO  server.RaftServerConfigKeys (ConfUtils.java:logGet(44)) - raft.server.log.appender.install.snapshot.enabled = false (custom)
2020-11-20 01:45:44,123 [pool-102-thread-1] INFO  impl.RaftServerImpl (ServerState.java:<init>(104)) - c65eb0e4-bdb4-4502-a2db-88bc3cf1e22f@group-0435CD6AE8AC: ConfigurationManager, init=-1: [c65eb0e4-bdb4-4502-a2db-88bc3cf1e22f:172.17.0.2:41987:0], old=null, confs=<EMPTY_MAP>
2020-11-20 01:45:44,124 [pool-102-thread-1] INFO  server.RaftServerConfigKeys (ConfUtils.java:logGet(44)) - raft.server.storage.dir = [/github/workspace/mnt/ozone/hadoop-ozone/integration-test/target/test-dir/MiniOzoneClusterImpl-1a3a07de-270a-423e-87a2-3dcf9ca25c10/datanode-2/data/ratis] (custom)
2020-11-20 01:45:44,124 [pool-102-thread-1] INFO  server.RaftServerConfigKeys (ConfUtils.java:logGet(44)) - raft.server.log.corruption.policy = EXCEPTION (default)
2020-11-20 01:45:44,124 [pool-102-thread-1] INFO  storage.RaftStorageDirectory (RaftStorageDirectory.java:analyzeStorage(261)) - The storage directory /github/workspace/mnt/ozone/hadoop-ozone/integration-test/target/test-dir/MiniOzoneClusterImpl-1a3a07de-270a-423e-87a2-3dcf9ca25c10/datanode-2/data/ratis/73be0d71-d3dd-45e7-9e90-0435cd6ae8ac does not exist. Creating ...
2020-11-20 01:45:44,125 [pool-102-thread-1] INFO  storage.RaftStorageDirectory (RaftStorageDirectory.java:tryLock(343)) - Lock on /github/workspace/mnt/ozone/hadoop-ozone/integration-test/target/test-dir/MiniOzoneClusterImpl-1a3a07de-270a-423e-87a2-3dcf9ca25c10/datanode-2/data/ratis/73be0d71-d3dd-45e7-9e90-0435cd6ae8ac/in_use.lock acquired by nodename 24219@47863bed4066
2020-11-20 01:45:44,126 [pool-102-thread-1] INFO  storage.RaftStorage (RaftStorage.java:format(84)) - Storage directory /github/workspace/mnt/ozone/hadoop-ozone/integration-test/target/test-dir/MiniOzoneClusterImpl-1a3a07de-270a-423e-87a2-3dcf9ca25c10/datanode-2/data/ratis/73be0d71-d3dd-45e7-9e90-0435cd6ae8ac has been successfully formatted.
2020-11-20 01:45:44,126 [pool-102-thread-1] INFO  ratis.ContainerStateMachine (ContainerStateMachine.java:loadSnapshot(225)) - group-0435CD6AE8AC: The snapshot info is null. Setting the last applied indexto:(t:0, i:~)
2020-11-20 01:45:44,127 [pool-102-thread-1] INFO  server.RaftServerConfigKeys (ConfUtils.java:logGet(44)) - raft.server.notification.no-leader.timeout = 300s (custom)
2020-11-20 01:45:44,127 [pool-102-thread-1] INFO  server.RaftServerConfigKeys (ConfUtils.java:logGet(44)) - raft.server.log.use.memory = false (default)
2020-11-20 01:45:44,127 [pool-102-thread-1] INFO  server.RaftServerConfigKeys (ConfUtils.java:logGet(44)) - raft.server.log.purge.gap = 1000000 (custom)
2020-11-20 01:45:44,127 [pool-102-thread-1] INFO  metrics.RatisMetrics (RatisMetrics.java:lambda$create$0(36)) - Creating Metrics Registry : ratis.log_worker.c65eb0e4-bdb4-4502-a2db-88bc3cf1e22f@group-0435CD6AE8AC
2020-11-20 01:45:44,128 [pool-102-thread-1] INFO  server.RaftServerConfigKeys (ConfUtils.java:logGet(44)) - raft.server.log.appender.buffer.byte-limit = 33554432 (custom)
2020-11-20 01:45:44,128 [pool-102-thread-1] INFO  server.RaftServerConfigKeys (ConfUtils.java:logGet(44)) - raft.server.log.segment.size.max = 1048576 (custom)
2020-11-20 01:45:44,128 [EventQueue-PipelineReportForOneReplicaPipelineSafeModeRule] INFO  safemode.SCMSafeModeManager (SCMSafeModeManager.java:validateSafeModeExitRules(214)) - AtleastOneDatanodeReportedRule rule is successfully validated
2020-11-20 01:45:44,128 [pool-102-thread-1] INFO  server.RaftServerConfigKeys (ConfUtils.java:logGet(44)) - raft.server.log.segment.cache.num.max = 2 (custom)
2020-11-20 01:45:44,129 [pool-102-thread-1] INFO  segmented.SegmentedRaftLogWorker (SegmentedRaftLogWorker.java:<init>(180)) - new c65eb0e4-bdb4-4502-a2db-88bc3cf1e22f@group-0435CD6AE8AC-SegmentedRaftLogWorker for RaftStorage:Storage Directory /github/workspace/mnt/ozone/hadoop-ozone/integration-test/target/test-dir/MiniOzoneClusterImpl-1a3a07de-270a-423e-87a2-3dcf9ca25c10/datanode-2/data/ratis/73be0d71-d3dd-45e7-9e90-0435cd6ae8ac
2020-11-20 01:45:44,129 [pool-102-thread-1] INFO  server.RaftServerConfigKeys (ConfUtils.java:logGet(44)) - raft.server.log.queue.byte-limit = 2147483647 (custom)
2020-11-20 01:45:44,129 [pool-102-thread-1] INFO  server.RaftServerConfigKeys (ConfUtils.java:logGet(44)) - raft.server.log.queue.element-limit = 1024 (custom)
2020-11-20 01:45:44,129 [pool-102-thread-1] INFO  server.RaftServerConfigKeys (ConfUtils.java:logGet(44)) - raft.server.log.segment.size.max = 1048576 (custom)
2020-11-20 01:45:44,129 [pool-102-thread-1] INFO  server.RaftServerConfigKeys (ConfUtils.java:logGet(44)) - raft.server.log.preallocated.size = 16384 (custom)
2020-11-20 01:45:44,129 [pool-102-thread-1] INFO  server.RaftServerConfigKeys (ConfUtils.java:logGet(44)) - raft.server.log.write.buffer.size = 1048576 (custom)
2020-11-20 01:45:44,129 [pool-102-thread-1] INFO  server.RaftServerConfigKeys (ConfUtils.java:logGet(44)) - raft.server.log.force.sync.num = 128 (default)
2020-11-20 01:45:44,129 [pool-102-thread-1] INFO  server.RaftServerConfigKeys (ConfUtils.java:logGet(44)) - raft.server.log.statemachine.data.sync = true (default)
2020-11-20 01:45:44,130 [pool-102-thread-1] INFO  server.RaftServerConfigKeys (ConfUtils.java:logGet(44)) - raft.server.log.statemachine.data.sync.timeout = 10s (default)
2020-11-20 01:45:44,130 [pool-102-thread-1] INFO  server.RaftServerConfigKeys (ConfUtils.java:logGet(44)) - raft.server.log.statemachine.data.sync.timeout.retry = -1 (default)
2020-11-20 01:45:44,129 [EventQueue-PipelineReportForPipelineReportHandler] INFO  pipeline.PipelineStateManager (PipelineStateManager.java:openPipeline(132)) - Pipeline Pipeline[ Id: 73be0d71-d3dd-45e7-9e90-0435cd6ae8ac, Nodes: c65eb0e4-bdb4-4502-a2db-88bc3cf1e22f{ip: 172.17.0.2, host: 47863bed4066, networkLocation: /default-rack, certSerialId: null}, Type:RATIS, Factor:ONE, State:ALLOCATED, leaderId:c65eb0e4-bdb4-4502-a2db-88bc3cf1e22f, CreationTimestamp2020-11-20T01:45:41.124Z] moved to OPEN state
2020-11-20 01:45:44,131 [pool-102-thread-1] INFO  server.RaftServerConfigKeys (ConfUtils.java:logGet(44)) - raft.server.log.statemachine.data.caching.enabled = true (custom)
2020-11-20 01:45:44,131 [pool-102-thread-1] INFO  segmented.SegmentedRaftLogWorker (SegmentedRaftLogWorker.java:lambda$new$0(129)) - c65eb0e4-bdb4-4502-a2db-88bc3cf1e22f@group-0435CD6AE8AC-SegmentedRaftLogWorker: flushIndex: setUnconditionally 0 -> -1
2020-11-20 01:45:44,131 [EventQueue-OpenPipelineForHealthyPipelineSafeModeRule] INFO  safemode.SCMSafeModeManager (HealthyPipelineSafeModeRule.java:process(128)) - SCM in safe mode. Healthy pipelines reported count is 0, required healthy pipeline reported count is 1
2020-11-20 01:45:44,131 [pool-102-thread-1] INFO  segmented.SegmentedRaftLogWorker (SegmentedRaftLogWorker.java:lambda$new$0(129)) - c65eb0e4-bdb4-4502-a2db-88bc3cf1e22f@group-0435CD6AE8AC-SegmentedRaftLogWorker: safeCacheEvictIndex: setUnconditionally 0 -> -1
2020-11-20 01:45:44,131 [pool-102-thread-1] INFO  server.RaftServerConfigKeys (ConfUtils.java:logGet(44)) - raft.server.snapshot.auto.trigger.enabled = true (custom)
2020-11-20 01:45:44,131 [pool-102-thread-1] INFO  server.RaftServerConfigKeys (ConfUtils.java:logGet(44)) - raft.server.snapshot.auto.trigger.threshold = 10000 (custom)
2020-11-20 01:45:44,131 [pool-102-thread-1] INFO  server.RaftServerConfigKeys (ConfUtils.java:logGet(44)) - raft.server.snapshot.retention.file.num = 5 (custom)
2020-11-20 01:45:44,131 [pool-102-thread-1] INFO  server.RaftServerConfigKeys (ConfUtils.java:logGet(44)) - raft.server.log.purge.upto.snapshot.index = false (default)
2020-11-20 01:45:44,132 [pool-102-thread-1] INFO  server.RaftServerConfigKeys (ConfUtils.java:logGet(44)) - raft.server.retrycache.expirytime = 600000ms (custom)
2020-11-20 01:45:44,132 [pool-102-thread-1] INFO  metrics.RatisMetrics (RatisMetrics.java:lambda$create$0(36)) - Creating Metrics Registry : ratis.leader_election.c65eb0e4-bdb4-4502-a2db-88bc3cf1e22f@group-0435CD6AE8AC
2020-11-20 01:45:44,133 [pool-102-thread-1] INFO  metrics.RatisMetrics (RatisMetrics.java:lambda$create$0(36)) - Creating Metrics Registry : ratis.server.c65eb0e4-bdb4-4502-a2db-88bc3cf1e22f@group-0435CD6AE8AC
2020-11-20 01:45:44,134 [pool-102-thread-1] INFO  impl.RaftServerImpl (RaftServerImpl.java:start(209)) - c65eb0e4-bdb4-4502-a2db-88bc3cf1e22f@group-0435CD6AE8AC: start as a follower, conf=-1: [c65eb0e4-bdb4-4502-a2db-88bc3cf1e22f:172.17.0.2:41987:0], old=null
2020-11-20 01:45:44,134 [pool-102-thread-1] INFO  impl.RaftServerImpl (RaftServerImpl.java:setRole(198)) - c65eb0e4-bdb4-4502-a2db-88bc3cf1e22f@group-0435CD6AE8AC: changes role from      null to FOLLOWER at term 0 for startAsFollower
2020-11-20 01:45:44,134 [pool-102-thread-1] INFO  impl.RoleInfo (RoleInfo.java:updateAndGet(143)) - c65eb0e4-bdb4-4502-a2db-88bc3cf1e22f: start FollowerState
2020-11-20 01:45:44,134 [pool-102-thread-1] INFO  util.JmxRegister (JmxRegister.java:tryRegister(44)) - Successfully registered JMX Bean with object name Ratis:service=RaftServer,group=group-0435CD6AE8AC,id=c65eb0e4-bdb4-4502-a2db-88bc3cf1e22f
2020-11-20 01:45:44,134 [pool-102-thread-1] INFO  metrics.RatisMetrics (RatisMetrics.java:lambda$create$0(36)) - Creating Metrics Registry : ratis.state_machine.c65eb0e4-bdb4-4502-a2db-88bc3cf1e22f@group-0435CD6AE8AC
2020-11-20 01:45:44,135 [Command processor thread] INFO  commandhandler.CreatePipelineCommandHandler (CreatePipelineCommandHandler.java:handle(106)) - Created Pipeline RATIS ONE PipelineID=73be0d71-d3dd-45e7-9e90-0435cd6ae8ac.
2020-11-20 01:45:45,119 [Listener at 127.0.0.1/13736] INFO  ozone.MiniOzoneClusterImpl (MiniOzoneClusterImpl.java:lambda$waitForClusterToBeReady$0(178)) - Nodes are ready. Got 3 of 3 DN Heartbeats.
2020-11-20 01:45:45,120 [Listener at 127.0.0.1/13736] INFO  ozone.MiniOzoneClusterImpl (MiniOzoneClusterImpl.java:lambda$waitForClusterToBeReady$0(181)) - Waiting for cluster to exit safe mode
2020-11-20 01:45:46,120 [Listener at 127.0.0.1/13736] INFO  ozone.MiniOzoneClusterImpl (MiniOzoneClusterImpl.java:lambda$waitForClusterToBeReady$0(178)) - Nodes are ready. Got 3 of 3 DN Heartbeats.
2020-11-20 01:45:46,120 [Listener at 127.0.0.1/13736] INFO  ozone.MiniOzoneClusterImpl (MiniOzoneClusterImpl.java:lambda$waitForClusterToBeReady$0(181)) - Waiting for cluster to exit safe mode
2020-11-20 01:45:47,120 [Listener at 127.0.0.1/13736] INFO  ozone.MiniOzoneClusterImpl (MiniOzoneClusterImpl.java:lambda$waitForClusterToBeReady$0(178)) - Nodes are ready. Got 3 of 3 DN Heartbeats.
2020-11-20 01:45:47,120 [Listener at 127.0.0.1/13736] INFO  ozone.MiniOzoneClusterImpl (MiniOzoneClusterImpl.java:lambda$waitForClusterToBeReady$0(181)) - Waiting for cluster to exit safe mode
2020-11-20 01:45:48,121 [Listener at 127.0.0.1/13736] INFO  ozone.MiniOzoneClusterImpl (MiniOzoneClusterImpl.java:lambda$waitForClusterToBeReady$0(178)) - Nodes are ready. Got 3 of 3 DN Heartbeats.
2020-11-20 01:45:48,121 [Listener at 127.0.0.1/13736] INFO  ozone.MiniOzoneClusterImpl (MiniOzoneClusterImpl.java:lambda$waitForClusterToBeReady$0(181)) - Waiting for cluster to exit safe mode
2020-11-20 01:45:48,498 [Thread-300] INFO  impl.FollowerState (FollowerState.java:run(108)) - d9c9a1e1-e3e4-4e9b-802d-ab7594e2755b@group-487D6035704B-FollowerState: change to CANDIDATE, lastRpcTime:5095ms, electionTimeout:5094ms
2020-11-20 01:45:48,499 [Thread-300] INFO  impl.RoleInfo (RoleInfo.java:shutdownFollowerState(121)) - d9c9a1e1-e3e4-4e9b-802d-ab7594e2755b: shutdown FollowerState
2020-11-20 01:45:48,499 [Thread-300] INFO  impl.RaftServerImpl (RaftServerImpl.java:setRole(198)) - d9c9a1e1-e3e4-4e9b-802d-ab7594e2755b@group-487D6035704B: changes role from  FOLLOWER to CANDIDATE at term 0 for changeToCandidate
2020-11-20 01:45:48,499 [Thread-300] INFO  impl.RoleInfo (RoleInfo.java:updateAndGet(143)) - d9c9a1e1-e3e4-4e9b-802d-ab7594e2755b: start LeaderElection
2020-11-20 01:45:48,501 [d9c9a1e1-e3e4-4e9b-802d-ab7594e2755b@group-487D6035704B-LeaderElection5] INFO  impl.LeaderElection (LeaderElection.java:askForVotes(210)) - d9c9a1e1-e3e4-4e9b-802d-ab7594e2755b@group-487D6035704B-LeaderElection5: begin an election at term 1 for -1: [d9c9a1e1-e3e4-4e9b-802d-ab7594e2755b:172.17.0.2:33133:0], old=null
2020-11-20 01:45:48,502 [d9c9a1e1-e3e4-4e9b-802d-ab7594e2755b@group-487D6035704B-LeaderElection5] INFO  impl.RoleInfo (RoleInfo.java:shutdownLeaderElection(134)) - d9c9a1e1-e3e4-4e9b-802d-ab7594e2755b: shutdown LeaderElection
2020-11-20 01:45:48,502 [d9c9a1e1-e3e4-4e9b-802d-ab7594e2755b@group-487D6035704B-LeaderElection5] INFO  impl.RaftServerImpl (RaftServerImpl.java:setRole(198)) - d9c9a1e1-e3e4-4e9b-802d-ab7594e2755b@group-487D6035704B: changes role from CANDIDATE to LEADER at term 1 for changeToLeader
2020-11-20 01:45:48,502 [d9c9a1e1-e3e4-4e9b-802d-ab7594e2755b@group-487D6035704B-LeaderElection5] INFO  ratis.XceiverServerRatis (XceiverServerRatis.java:handleLeaderChangedNotification(854)) - Leader change notification received for group: group-487D6035704B with new leaderId: d9c9a1e1-e3e4-4e9b-802d-ab7594e2755b
2020-11-20 01:45:48,502 [d9c9a1e1-e3e4-4e9b-802d-ab7594e2755b@group-487D6035704B-LeaderElection5] INFO  impl.RaftServerImpl (ServerState.java:setLeader(256)) - d9c9a1e1-e3e4-4e9b-802d-ab7594e2755b@group-487D6035704B: change Leader from null to d9c9a1e1-e3e4-4e9b-802d-ab7594e2755b at term 1 for becomeLeader, leader elected after 5133ms
2020-11-20 01:45:48,502 [d9c9a1e1-e3e4-4e9b-802d-ab7594e2755b@group-487D6035704B-LeaderElection5] INFO  server.RaftServerConfigKeys (ConfUtils.java:logGet(44)) - raft.server.staging.catchup.gap = 1000 (default)
2020-11-20 01:45:48,502 [d9c9a1e1-e3e4-4e9b-802d-ab7594e2755b@group-487D6035704B-LeaderElection5] INFO  server.RaftServerConfigKeys (ConfUtils.java:logGet(44)) - raft.server.rpc.sleep.time = 25ms (default)
2020-11-20 01:45:48,502 [d9c9a1e1-e3e4-4e9b-802d-ab7594e2755b@group-487D6035704B-LeaderElection5] INFO  metrics.RatisMetrics (RatisMetrics.java:lambda$create$0(36)) - Creating Metrics Registry : ratis.log_appender.d9c9a1e1-e3e4-4e9b-802d-ab7594e2755b@group-487D6035704B
2020-11-20 01:45:48,503 [EventQueue-PipelineReportForOneReplicaPipelineSafeModeRule] INFO  safemode.SCMSafeModeManager (SCMSafeModeManager.java:validateSafeModeExitRules(214)) - AtleastOneDatanodeReportedRule rule is successfully validated
2020-11-20 01:45:48,504 [d9c9a1e1-e3e4-4e9b-802d-ab7594e2755b@group-487D6035704B-LeaderElection5] INFO  server.RaftServerConfigKeys (ConfUtils.java:logGet(44)) - raft.server.write.element-limit = 1024 (custom)
2020-11-20 01:45:48,504 [EventQueue-OpenPipelineForHealthyPipelineSafeModeRule] INFO  safemode.SCMSafeModeManager (HealthyPipelineSafeModeRule.java:process(128)) - SCM in safe mode. Healthy pipelines reported count is 0, required healthy pipeline reported count is 1
2020-11-20 01:45:48,504 [d9c9a1e1-e3e4-4e9b-802d-ab7594e2755b@group-487D6035704B-LeaderElection5] INFO  server.RaftServerConfigKeys (ConfUtils.java:logGet(44)) - raft.server.write.byte-limit = 1073741824 (custom)
2020-11-20 01:45:48,504 [d9c9a1e1-e3e4-4e9b-802d-ab7594e2755b@group-487D6035704B-LeaderElection5] INFO  server.RaftServerConfigKeys (ConfUtils.java:logGet(44)) - raft.server.watch.timeout = 180s (custom)
2020-11-20 01:45:48,504 [d9c9a1e1-e3e4-4e9b-802d-ab7594e2755b@group-487D6035704B-LeaderElection5] INFO  server.RaftServerConfigKeys (ConfUtils.java:logGet(44)) - raft.server.watch.timeout.denomination = 1s (default)
2020-11-20 01:45:48,505 [d9c9a1e1-e3e4-4e9b-802d-ab7594e2755b@group-487D6035704B-LeaderElection5] INFO  server.RaftServerConfigKeys (ConfUtils.java:logGet(44)) - raft.server.watch.element-limit = 65536 (default)
2020-11-20 01:45:48,505 [d9c9a1e1-e3e4-4e9b-802d-ab7594e2755b@group-487D6035704B-LeaderElection5] INFO  impl.RoleInfo (RoleInfo.java:updateAndGet(143)) - d9c9a1e1-e3e4-4e9b-802d-ab7594e2755b: start LeaderState
2020-11-20 01:45:48,505 [d9c9a1e1-e3e4-4e9b-802d-ab7594e2755b@group-487D6035704B-LeaderElection5] INFO  segmented.SegmentedRaftLogWorker (SegmentedRaftLogWorker.java:startLogSegment(397)) - d9c9a1e1-e3e4-4e9b-802d-ab7594e2755b@group-487D6035704B-SegmentedRaftLogWorker: Starting segment from index:0
2020-11-20 01:45:48,505 [Thread-302] INFO  impl.FollowerState (FollowerState.java:run(108)) - d9c9a1e1-e3e4-4e9b-802d-ab7594e2755b@group-6B9C05A94F7C-FollowerState: change to CANDIDATE, lastRpcTime:5084ms, electionTimeout:5083ms
2020-11-20 01:45:48,506 [Thread-302] INFO  impl.RoleInfo (RoleInfo.java:shutdownFollowerState(121)) - d9c9a1e1-e3e4-4e9b-802d-ab7594e2755b: shutdown FollowerState
2020-11-20 01:45:48,506 [Thread-302] INFO  impl.RaftServerImpl (RaftServerImpl.java:setRole(198)) - d9c9a1e1-e3e4-4e9b-802d-ab7594e2755b@group-6B9C05A94F7C: changes role from  FOLLOWER to CANDIDATE at term 0 for changeToCandidate
2020-11-20 01:45:48,506 [d9c9a1e1-e3e4-4e9b-802d-ab7594e2755b@group-487D6035704B-SegmentedRaftLogWorker] INFO  segmented.SegmentedRaftLogWorker (SegmentedRaftLogWorker.java:execute(596)) - d9c9a1e1-e3e4-4e9b-802d-ab7594e2755b@group-487D6035704B-SegmentedRaftLogWorker: created new log segment /github/workspace/mnt/ozone/hadoop-ozone/integration-test/target/test-dir/MiniOzoneClusterImpl-1a3a07de-270a-423e-87a2-3dcf9ca25c10/datanode-0/data/ratis/2cdbc183-aca3-4e28-99cc-487d6035704b/current/log_inprogress_0
2020-11-20 01:45:48,508 [Thread-302] INFO  impl.RoleInfo (RoleInfo.java:updateAndGet(143)) - d9c9a1e1-e3e4-4e9b-802d-ab7594e2755b: start LeaderElection
2020-11-20 01:45:48,508 [d9c9a1e1-e3e4-4e9b-802d-ab7594e2755b@group-487D6035704B-LeaderElection5] INFO  impl.RaftServerImpl (ServerState.java:setRaftConf(374)) - d9c9a1e1-e3e4-4e9b-802d-ab7594e2755b@group-487D6035704B: set configuration 0: [d9c9a1e1-e3e4-4e9b-802d-ab7594e2755b:172.17.0.2:33133:0], old=null at 0
2020-11-20 01:45:48,522 [d9c9a1e1-e3e4-4e9b-802d-ab7594e2755b@group-6B9C05A94F7C-LeaderElection6] INFO  impl.LeaderElection (LeaderElection.java:askForVotes(210)) - d9c9a1e1-e3e4-4e9b-802d-ab7594e2755b@group-6B9C05A94F7C-LeaderElection6: begin an election at term 1 for -1: [d9c9a1e1-e3e4-4e9b-802d-ab7594e2755b:172.17.0.2:33133:0, 0c1a18bd-e9b2-4f5e-bcd4-214c7eec5423:172.17.0.2:45735:0, c65eb0e4-bdb4-4502-a2db-88bc3cf1e22f:172.17.0.2:41987:0], old=null
2020-11-20 01:45:48,532 [grpc-default-executor-0] INFO  impl.RaftServerImpl (RaftServerImpl.java:setRole(198)) - 0c1a18bd-e9b2-4f5e-bcd4-214c7eec5423@group-6B9C05A94F7C: changes role from  FOLLOWER to FOLLOWER at term 1 for recognizeCandidate:d9c9a1e1-e3e4-4e9b-802d-ab7594e2755b
2020-11-20 01:45:48,532 [grpc-default-executor-0] INFO  impl.RoleInfo (RoleInfo.java:shutdownFollowerState(121)) - 0c1a18bd-e9b2-4f5e-bcd4-214c7eec5423: shutdown FollowerState
2020-11-20 01:45:48,532 [grpc-default-executor-0] INFO  impl.RoleInfo (RoleInfo.java:updateAndGet(143)) - 0c1a18bd-e9b2-4f5e-bcd4-214c7eec5423: start FollowerState
2020-11-20 01:45:48,533 [Thread-309] INFO  impl.FollowerState (FollowerState.java:run(117)) - 0c1a18bd-e9b2-4f5e-bcd4-214c7eec5423@group-6B9C05A94F7C-FollowerState was interrupted: java.lang.InterruptedException: sleep interrupted
2020-11-20 01:45:48,533 [grpc-default-executor-0] INFO  impl.RaftServerImpl (RaftServerImpl.java:requestVote(923)) -  FOLLOWER 0c1a18bd-e9b2-4f5e-bcd4-214c7eec5423@group-6B9C05A94F7C:t1, leader=null, voted=null, raftlog=0c1a18bd-e9b2-4f5e-bcd4-214c7eec5423@group-6B9C05A94F7C-SegmentedRaftLog:OPENED:c-1,f-1,i0, conf=-1: [d9c9a1e1-e3e4-4e9b-802d-ab7594e2755b:172.17.0.2:33133:0, 0c1a18bd-e9b2-4f5e-bcd4-214c7eec5423:172.17.0.2:45735:0, c65eb0e4-bdb4-4502-a2db-88bc3cf1e22f:172.17.0.2:41987:0], old=null RUNNING priority:0 candidate:d9c9a1e1-e3e4-4e9b-802d-ab7594e2755b:172.17.0.2:33133:0 candidatePriority:0 compare:0
2020-11-20 01:45:48,538 [d9c9a1e1-e3e4-4e9b-802d-ab7594e2755b@group-6B9C05A94F7C-LeaderElection6] INFO  impl.LeaderElection (LeaderElection.java:logAndReturn(62)) - d9c9a1e1-e3e4-4e9b-802d-ab7594e2755b@group-6B9C05A94F7C-LeaderElection6: Election PASSED; received 1 response(s) [d9c9a1e1-e3e4-4e9b-802d-ab7594e2755b<-0c1a18bd-e9b2-4f5e-bcd4-214c7eec5423#0:OK-t1] and 0 exception(s); d9c9a1e1-e3e4-4e9b-802d-ab7594e2755b@group-6B9C05A94F7C:t1, leader=null, voted=d9c9a1e1-e3e4-4e9b-802d-ab7594e2755b, raftlog=d9c9a1e1-e3e4-4e9b-802d-ab7594e2755b@group-6B9C05A94F7C-SegmentedRaftLog:OPENED:c-1,f-1,i0, conf=-1: [d9c9a1e1-e3e4-4e9b-802d-ab7594e2755b:172.17.0.2:33133:0, 0c1a18bd-e9b2-4f5e-bcd4-214c7eec5423:172.17.0.2:45735:0, c65eb0e4-bdb4-4502-a2db-88bc3cf1e22f:172.17.0.2:41987:0], old=null
2020-11-20 01:45:48,538 [d9c9a1e1-e3e4-4e9b-802d-ab7594e2755b@group-6B9C05A94F7C-LeaderElection6] INFO  impl.RoleInfo (RoleInfo.java:shutdownLeaderElection(134)) - d9c9a1e1-e3e4-4e9b-802d-ab7594e2755b: shutdown LeaderElection
2020-11-20 01:45:48,538 [d9c9a1e1-e3e4-4e9b-802d-ab7594e2755b@group-6B9C05A94F7C-LeaderElection6] INFO  impl.RaftServerImpl (RaftServerImpl.java:setRole(198)) - d9c9a1e1-e3e4-4e9b-802d-ab7594e2755b@group-6B9C05A94F7C: changes role from CANDIDATE to LEADER at term 1 for changeToLeader
2020-11-20 01:45:48,538 [d9c9a1e1-e3e4-4e9b-802d-ab7594e2755b@group-6B9C05A94F7C-LeaderElection6] INFO  ratis.XceiverServerRatis (XceiverServerRatis.java:handleLeaderChangedNotification(854)) - Leader change notification received for group: group-6B9C05A94F7C with new leaderId: d9c9a1e1-e3e4-4e9b-802d-ab7594e2755b
2020-11-20 01:45:48,538 [d9c9a1e1-e3e4-4e9b-802d-ab7594e2755b@group-6B9C05A94F7C-LeaderElection6] INFO  impl.RaftServerImpl (ServerState.java:setLeader(256)) - d9c9a1e1-e3e4-4e9b-802d-ab7594e2755b@group-6B9C05A94F7C: change Leader from null to d9c9a1e1-e3e4-4e9b-802d-ab7594e2755b at term 1 for becomeLeader, leader elected after 5124ms
2020-11-20 01:45:48,539 [d9c9a1e1-e3e4-4e9b-802d-ab7594e2755b@group-6B9C05A94F7C-LeaderElection6] INFO  server.RaftServerConfigKeys (ConfUtils.java:logGet(44)) - raft.server.staging.catchup.gap = 1000 (default)
2020-11-20 01:45:48,539 [d9c9a1e1-e3e4-4e9b-802d-ab7594e2755b@group-6B9C05A94F7C-LeaderElection6] INFO  server.RaftServerConfigKeys (ConfUtils.java:logGet(44)) - raft.server.rpc.sleep.time = 25ms (default)
2020-11-20 01:45:48,539 [d9c9a1e1-e3e4-4e9b-802d-ab7594e2755b@group-6B9C05A94F7C-LeaderElection6] INFO  metrics.RatisMetrics (RatisMetrics.java:lambda$create$0(36)) - Creating Metrics Registry : ratis.log_appender.d9c9a1e1-e3e4-4e9b-802d-ab7594e2755b@group-6B9C05A94F7C
2020-11-20 01:45:48,539 [d9c9a1e1-e3e4-4e9b-802d-ab7594e2755b@group-6B9C05A94F7C-LeaderElection6] INFO  server.RaftServerConfigKeys (ConfUtils.java:logGet(44)) - raft.server.write.element-limit = 1024 (custom)
2020-11-20 01:45:48,539 [d9c9a1e1-e3e4-4e9b-802d-ab7594e2755b@group-6B9C05A94F7C-LeaderElection6] INFO  server.RaftServerConfigKeys (ConfUtils.java:logGet(44)) - raft.server.write.byte-limit = 1073741824 (custom)
2020-11-20 01:45:48,539 [d9c9a1e1-e3e4-4e9b-802d-ab7594e2755b@group-6B9C05A94F7C-LeaderElection6] INFO  server.RaftServerConfigKeys (ConfUtils.java:logGet(44)) - raft.server.watch.timeout = 180s (custom)
2020-11-20 01:45:48,539 [d9c9a1e1-e3e4-4e9b-802d-ab7594e2755b@group-6B9C05A94F7C-LeaderElection6] INFO  server.RaftServerConfigKeys (ConfUtils.java:logGet(44)) - raft.server.watch.timeout.denomination = 1s (default)
2020-11-20 01:45:48,539 [d9c9a1e1-e3e4-4e9b-802d-ab7594e2755b@group-6B9C05A94F7C-LeaderElection6] INFO  server.RaftServerConfigKeys (ConfUtils.java:logGet(44)) - raft.server.watch.element-limit = 65536 (default)
2020-11-20 01:45:48,540 [d9c9a1e1-e3e4-4e9b-802d-ab7594e2755b@group-6B9C05A94F7C-LeaderElection6] INFO  server.RaftServerConfigKeys (ConfUtils.java:logGet(44)) - raft.server.log.appender.snapshot.chunk.size.max = 16MB (=16777216) (default)
2020-11-20 01:45:48,540 [d9c9a1e1-e3e4-4e9b-802d-ab7594e2755b@group-6B9C05A94F7C-LeaderElection6] INFO  server.RaftServerConfigKeys (ConfUtils.java:logGet(44)) - raft.server.log.appender.buffer.byte-limit = 33554432 (custom)
2020-11-20 01:45:48,540 [d9c9a1e1-e3e4-4e9b-802d-ab7594e2755b@group-6B9C05A94F7C-LeaderElection6] INFO  server.RaftServerConfigKeys (ConfUtils.java:logGet(44)) - raft.server.log.appender.buffer.element-limit = 1 (custom)
2020-11-20 01:45:48,540 [d9c9a1e1-e3e4-4e9b-802d-ab7594e2755b@group-6B9C05A94F7C-LeaderElection6] INFO  grpc.GrpcConfigKeys (ConfUtils.java:logGet(44)) - raft.grpc.server.leader.outstanding.appends.max = 128 (default)
2020-11-20 01:45:48,540 [d9c9a1e1-e3e4-4e9b-802d-ab7594e2755b@group-6B9C05A94F7C-LeaderElection6] INFO  server.RaftServerConfigKeys (ConfUtils.java:logGet(44)) - raft.server.rpc.request.timeout = 60s (custom)
2020-11-20 01:45:48,540 [d9c9a1e1-e3e4-4e9b-802d-ab7594e2755b@group-6B9C05A94F7C-LeaderElection6] INFO  server.RaftServerConfigKeys (ConfUtils.java:logGet(44)) - raft.server.log.appender.install.snapshot.enabled = false (custom)
2020-11-20 01:45:48,540 [d9c9a1e1-e3e4-4e9b-802d-ab7594e2755b@group-6B9C05A94F7C-LeaderElection6] INFO  metrics.RatisMetrics (RatisMetrics.java:lambda$create$0(36)) - Creating Metrics Registry : ratis_grpc.log_appender.d9c9a1e1-e3e4-4e9b-802d-ab7594e2755b@group-6B9C05A94F7C
2020-11-20 01:45:48,542 [EventQueue-PipelineReportForOneReplicaPipelineSafeModeRule] INFO  safemode.SCMSafeModeManager (SCMSafeModeManager.java:validateSafeModeExitRules(214)) - AtleastOneDatanodeReportedRule rule is successfully validated
2020-11-20 01:45:48,542 [d9c9a1e1-e3e4-4e9b-802d-ab7594e2755b@group-6B9C05A94F7C-LeaderElection6] INFO  server.RaftServerConfigKeys (ConfUtils.java:logGet(44)) - raft.server.log.appender.snapshot.chunk.size.max = 16MB (=16777216) (default)
2020-11-20 01:45:48,542 [EventQueue-PipelineReportForPipelineReportHandler] INFO  pipeline.PipelineStateManager (PipelineStateManager.java:openPipeline(132)) - Pipeline Pipeline[ Id: 0a6735d0-8475-4eb9-a953-6b9c05a94f7c, Nodes: c65eb0e4-bdb4-4502-a2db-88bc3cf1e22f{ip: 172.17.0.2, host: 47863bed4066, networkLocation: /default-rack, certSerialId: null}d9c9a1e1-e3e4-4e9b-802d-ab7594e2755b{ip: 172.17.0.2, host: 47863bed4066, networkLocation: /default-rack, certSerialId: null}0c1a18bd-e9b2-4f5e-bcd4-214c7eec5423{ip: 172.17.0.2, host: 47863bed4066, networkLocation: /default-rack, certSerialId: null}, Type:RATIS, Factor:THREE, State:ALLOCATED, leaderId:d9c9a1e1-e3e4-4e9b-802d-ab7594e2755b, CreationTimestamp2020-11-20T01:45:41.127Z] moved to OPEN state
2020-11-20 01:45:48,543 [d9c9a1e1-e3e4-4e9b-802d-ab7594e2755b@group-6B9C05A94F7C-LeaderElection6] INFO  server.RaftServerConfigKeys (ConfUtils.java:logGet(44)) - raft.server.log.appender.buffer.byte-limit = 33554432 (custom)
2020-11-20 01:45:48,543 [d9c9a1e1-e3e4-4e9b-802d-ab7594e2755b@group-6B9C05A94F7C-LeaderElection6] INFO  server.RaftServerConfigKeys (ConfUtils.java:logGet(44)) - raft.server.log.appender.buffer.element-limit = 1 (custom)
2020-11-20 01:45:48,543 [EventQueue-OpenPipelineForHealthyPipelineSafeModeRule] INFO  safemode.SCMSafeModeManager (HealthyPipelineSafeModeRule.java:process(128)) - SCM in safe mode. Healthy pipelines reported count is 1, required healthy pipeline reported count is 1
2020-11-20 01:45:48,547 [EventQueue-OpenPipelineForHealthyPipelineSafeModeRule] INFO  safemode.SCMSafeModeManager (SCMSafeModeManager.java:validateSafeModeExitRules(214)) - HealthyPipelineSafeModeRule rule is successfully validated
2020-11-20 01:45:48,547 [EventQueue-OpenPipelineForHealthyPipelineSafeModeRule] INFO  safemode.SCMSafeModeManager (SCMSafeModeManager.java:validateSafeModeExitRules(228)) - ScmSafeModeManager, all rules are successfully validated
2020-11-20 01:45:48,547 [EventQueue-OpenPipelineForHealthyPipelineSafeModeRule] INFO  safemode.SCMSafeModeManager (SCMSafeModeManager.java:exitSafeMode(257)) - SCM exiting safe mode.
2020-11-20 01:45:48,543 [d9c9a1e1-e3e4-4e9b-802d-ab7594e2755b@group-6B9C05A94F7C-LeaderElection6] INFO  grpc.GrpcConfigKeys (ConfUtils.java:logGet(44)) - raft.grpc.server.leader.outstanding.appends.max = 128 (default)
2020-11-20 01:45:48,548 [grpc-default-executor-0] INFO  impl.RaftServerImpl (RaftServerImpl.java:setRole(198)) - c65eb0e4-bdb4-4502-a2db-88bc3cf1e22f@group-6B9C05A94F7C: changes role from  FOLLOWER to FOLLOWER at term 1 for recognizeCandidate:d9c9a1e1-e3e4-4e9b-802d-ab7594e2755b
2020-11-20 01:45:48,548 [grpc-default-executor-0] INFO  impl.RoleInfo (RoleInfo.java:shutdownFollowerState(121)) - c65eb0e4-bdb4-4502-a2db-88bc3cf1e22f: shutdown FollowerState
2020-11-20 01:45:48,548 [grpc-default-executor-0] INFO  impl.RoleInfo (RoleInfo.java:updateAndGet(143)) - c65eb0e4-bdb4-4502-a2db-88bc3cf1e22f: start FollowerState
2020-11-20 01:45:48,548 [Thread-306] INFO  impl.FollowerState (FollowerState.java:run(117)) - c65eb0e4-bdb4-4502-a2db-88bc3cf1e22f@group-6B9C05A94F7C-FollowerState was interrupted: java.lang.InterruptedException: sleep interrupted
2020-11-20 01:45:48,548 [d9c9a1e1-e3e4-4e9b-802d-ab7594e2755b@group-6B9C05A94F7C-LeaderElection6] INFO  server.RaftServerConfigKeys (ConfUtils.java:logGet(44)) - raft.server.rpc.request.timeout = 60s (custom)
2020-11-20 01:45:48,548 [d9c9a1e1-e3e4-4e9b-802d-ab7594e2755b@group-6B9C05A94F7C-LeaderElection6] INFO  server.RaftServerConfigKeys (ConfUtils.java:logGet(44)) - raft.server.log.appender.install.snapshot.enabled = false (custom)
2020-11-20 01:45:48,548 [grpc-default-executor-0] INFO  impl.RaftServerImpl (RaftServerImpl.java:requestVote(923)) -  FOLLOWER c65eb0e4-bdb4-4502-a2db-88bc3cf1e22f@group-6B9C05A94F7C:t1, leader=null, voted=null, raftlog=c65eb0e4-bdb4-4502-a2db-88bc3cf1e22f@group-6B9C05A94F7C-SegmentedRaftLog:OPENED:c-1,f-1,i0, conf=-1: [d9c9a1e1-e3e4-4e9b-802d-ab7594e2755b:172.17.0.2:33133:0, 0c1a18bd-e9b2-4f5e-bcd4-214c7eec5423:172.17.0.2:45735:0, c65eb0e4-bdb4-4502-a2db-88bc3cf1e22f:172.17.0.2:41987:0], old=null RUNNING priority:0 candidate:d9c9a1e1-e3e4-4e9b-802d-ab7594e2755b:172.17.0.2:33133:0 candidatePriority:0 compare:0
2020-11-20 01:45:48,549 [d9c9a1e1-e3e4-4e9b-802d-ab7594e2755b@group-6B9C05A94F7C-LeaderElection6] INFO  impl.RoleInfo (RoleInfo.java:updateAndGet(143)) - d9c9a1e1-e3e4-4e9b-802d-ab7594e2755b: start LeaderState
2020-11-20 01:45:48,550 [d9c9a1e1-e3e4-4e9b-802d-ab7594e2755b@group-6B9C05A94F7C-LeaderElection6] INFO  segmented.SegmentedRaftLogWorker (SegmentedRaftLogWorker.java:startLogSegment(397)) - d9c9a1e1-e3e4-4e9b-802d-ab7594e2755b@group-6B9C05A94F7C-SegmentedRaftLogWorker: Starting segment from index:0
2020-11-20 01:45:48,551 [d9c9a1e1-e3e4-4e9b-802d-ab7594e2755b@group-6B9C05A94F7C-SegmentedRaftLogWorker] INFO  segmented.SegmentedRaftLogWorker (SegmentedRaftLogWorker.java:execute(596)) - d9c9a1e1-e3e4-4e9b-802d-ab7594e2755b@group-6B9C05A94F7C-SegmentedRaftLogWorker: created new log segment /github/workspace/mnt/ozone/hadoop-ozone/integration-test/target/test-dir/MiniOzoneClusterImpl-1a3a07de-270a-423e-87a2-3dcf9ca25c10/datanode-0/data/ratis/0a6735d0-8475-4eb9-a953-6b9c05a94f7c/current/log_inprogress_0
2020-11-20 01:45:48,554 [d9c9a1e1-e3e4-4e9b-802d-ab7594e2755b@group-6B9C05A94F7C-LeaderElection6] INFO  impl.RaftServerImpl (ServerState.java:setRaftConf(374)) - d9c9a1e1-e3e4-4e9b-802d-ab7594e2755b@group-6B9C05A94F7C: set configuration 0: [d9c9a1e1-e3e4-4e9b-802d-ab7594e2755b:172.17.0.2:33133:0, 0c1a18bd-e9b2-4f5e-bcd4-214c7eec5423:172.17.0.2:45735:0, c65eb0e4-bdb4-4502-a2db-88bc3cf1e22f:172.17.0.2:41987:0], old=null at 0
2020-11-20 01:45:48,564 [grpc-default-executor-4] INFO  ratis.XceiverServerRatis (XceiverServerRatis.java:handleLeaderChangedNotification(854)) - Leader change notification received for group: group-6B9C05A94F7C with new leaderId: d9c9a1e1-e3e4-4e9b-802d-ab7594e2755b
2020-11-20 01:45:48,564 [grpc-default-executor-4] INFO  impl.RaftServerImpl (ServerState.java:setLeader(256)) - 0c1a18bd-e9b2-4f5e-bcd4-214c7eec5423@group-6B9C05A94F7C: change Leader from null to d9c9a1e1-e3e4-4e9b-802d-ab7594e2755b at term 1 for appendEntries, leader elected after 4937ms
2020-11-20 01:45:48,565 [grpc-default-executor-4] INFO  impl.RaftServerImpl (ServerState.java:setRaftConf(374)) - 0c1a18bd-e9b2-4f5e-bcd4-214c7eec5423@group-6B9C05A94F7C: set configuration 0: [d9c9a1e1-e3e4-4e9b-802d-ab7594e2755b:172.17.0.2:33133:0, 0c1a18bd-e9b2-4f5e-bcd4-214c7eec5423:172.17.0.2:45735:0, c65eb0e4-bdb4-4502-a2db-88bc3cf1e22f:172.17.0.2:41987:0], old=null at 0
2020-11-20 01:45:48,565 [grpc-default-executor-4] INFO  segmented.SegmentedRaftLogWorker (SegmentedRaftLogWorker.java:startLogSegment(397)) - 0c1a18bd-e9b2-4f5e-bcd4-214c7eec5423@group-6B9C05A94F7C-SegmentedRaftLogWorker: Starting segment from index:0
2020-11-20 01:45:48,567 [0c1a18bd-e9b2-4f5e-bcd4-214c7eec5423@group-6B9C05A94F7C-SegmentedRaftLogWorker] INFO  segmented.SegmentedRaftLogWorker (SegmentedRaftLogWorker.java:execute(596)) - 0c1a18bd-e9b2-4f5e-bcd4-214c7eec5423@group-6B9C05A94F7C-SegmentedRaftLogWorker: created new log segment /github/workspace/mnt/ozone/hadoop-ozone/integration-test/target/test-dir/MiniOzoneClusterImpl-1a3a07de-270a-423e-87a2-3dcf9ca25c10/datanode-1/data/ratis/0a6735d0-8475-4eb9-a953-6b9c05a94f7c/current/log_inprogress_0
2020-11-20 01:45:48,570 [grpc-default-executor-0] INFO  ratis.XceiverServerRatis (XceiverServerRatis.java:handleLeaderChangedNotification(854)) - Leader change notification received for group: group-6B9C05A94F7C with new leaderId: d9c9a1e1-e3e4-4e9b-802d-ab7594e2755b
2020-11-20 01:45:48,570 [grpc-default-executor-0] INFO  impl.RaftServerImpl (ServerState.java:setLeader(256)) - c65eb0e4-bdb4-4502-a2db-88bc3cf1e22f@group-6B9C05A94F7C: change Leader from null to d9c9a1e1-e3e4-4e9b-802d-ab7594e2755b at term 1 for appendEntries, leader elected after 5017ms
2020-11-20 01:45:48,578 [grpc-default-executor-0] INFO  impl.RaftServerImpl (ServerState.java:setRaftConf(374)) - c65eb0e4-bdb4-4502-a2db-88bc3cf1e22f@group-6B9C05A94F7C: set configuration 0: [d9c9a1e1-e3e4-4e9b-802d-ab7594e2755b:172.17.0.2:33133:0, 0c1a18bd-e9b2-4f5e-bcd4-214c7eec5423:172.17.0.2:45735:0, c65eb0e4-bdb4-4502-a2db-88bc3cf1e22f:172.17.0.2:41987:0], old=null at 0
2020-11-20 01:45:48,578 [grpc-default-executor-0] INFO  segmented.SegmentedRaftLogWorker (SegmentedRaftLogWorker.java:startLogSegment(397)) - c65eb0e4-bdb4-4502-a2db-88bc3cf1e22f@group-6B9C05A94F7C-SegmentedRaftLogWorker: Starting segment from index:0
2020-11-20 01:45:48,580 [c65eb0e4-bdb4-4502-a2db-88bc3cf1e22f@group-6B9C05A94F7C-SegmentedRaftLogWorker] INFO  segmented.SegmentedRaftLogWorker (SegmentedRaftLogWorker.java:execute(596)) - c65eb0e4-bdb4-4502-a2db-88bc3cf1e22f@group-6B9C05A94F7C-SegmentedRaftLogWorker: created new log segment /github/workspace/mnt/ozone/hadoop-ozone/integration-test/target/test-dir/MiniOzoneClusterImpl-1a3a07de-270a-423e-87a2-3dcf9ca25c10/datanode-2/data/ratis/0a6735d0-8475-4eb9-a953-6b9c05a94f7c/current/log_inprogress_0
2020-11-20 01:45:48,962 [Thread-312] INFO  impl.FollowerState (FollowerState.java:run(108)) - 0c1a18bd-e9b2-4f5e-bcd4-214c7eec5423@group-A185FDF1A4BD-FollowerState: change to CANDIDATE, lastRpcTime:5089ms, electionTimeout:5086ms
2020-11-20 01:45:48,963 [Thread-312] INFO  impl.RoleInfo (RoleInfo.java:shutdownFollowerState(121)) - 0c1a18bd-e9b2-4f5e-bcd4-214c7eec5423: shutdown FollowerState
2020-11-20 01:45:48,963 [Thread-312] INFO  impl.RaftServerImpl (RaftServerImpl.java:setRole(198)) - 0c1a18bd-e9b2-4f5e-bcd4-214c7eec5423@group-A185FDF1A4BD: changes role from  FOLLOWER to CANDIDATE at term 0 for changeToCandidate
2020-11-20 01:45:48,963 [Thread-312] INFO  impl.RoleInfo (RoleInfo.java:updateAndGet(143)) - 0c1a18bd-e9b2-4f5e-bcd4-214c7eec5423: start LeaderElection
2020-11-20 01:45:48,965 [0c1a18bd-e9b2-4f5e-bcd4-214c7eec5423@group-A185FDF1A4BD-LeaderElection7] INFO  impl.LeaderElection (LeaderElection.java:askForVotes(210)) - 0c1a18bd-e9b2-4f5e-bcd4-214c7eec5423@group-A185FDF1A4BD-LeaderElection7: begin an election at term 1 for -1: [0c1a18bd-e9b2-4f5e-bcd4-214c7eec5423:172.17.0.2:45735:0], old=null
2020-11-20 01:45:48,965 [0c1a18bd-e9b2-4f5e-bcd4-214c7eec5423@group-A185FDF1A4BD-LeaderElection7] INFO  impl.RoleInfo (RoleInfo.java:shutdownLeaderElection(134)) - 0c1a18bd-e9b2-4f5e-bcd4-214c7eec5423: shutdown LeaderElection
2020-11-20 01:45:48,965 [0c1a18bd-e9b2-4f5e-bcd4-214c7eec5423@group-A185FDF1A4BD-LeaderElection7] INFO  impl.RaftServerImpl (RaftServerImpl.java:setRole(198)) - 0c1a18bd-e9b2-4f5e-bcd4-214c7eec5423@group-A185FDF1A4BD: changes role from CANDIDATE to LEADER at term 1 for changeToLeader
2020-11-20 01:45:48,965 [0c1a18bd-e9b2-4f5e-bcd4-214c7eec5423@group-A185FDF1A4BD-LeaderElection7] INFO  ratis.XceiverServerRatis (XceiverServerRatis.java:handleLeaderChangedNotification(854)) - Leader change notification received for group: group-A185FDF1A4BD with new leaderId: 0c1a18bd-e9b2-4f5e-bcd4-214c7eec5423
2020-11-20 01:45:48,966 [0c1a18bd-e9b2-4f5e-bcd4-214c7eec5423@group-A185FDF1A4BD-LeaderElection7] INFO  impl.RaftServerImpl (ServerState.java:setLeader(256)) - 0c1a18bd-e9b2-4f5e-bcd4-214c7eec5423@group-A185FDF1A4BD: change Leader from null to 0c1a18bd-e9b2-4f5e-bcd4-214c7eec5423 at term 1 for becomeLeader, leader elected after 5110ms
2020-11-20 01:45:48,967 [0c1a18bd-e9b2-4f5e-bcd4-214c7eec5423@group-A185FDF1A4BD-LeaderElection7] INFO  server.RaftServerConfigKeys (ConfUtils.java:logGet(44)) - raft.server.staging.catchup.gap = 1000 (default)
2020-11-20 01:45:48,967 [0c1a18bd-e9b2-4f5e-bcd4-214c7eec5423@group-A185FDF1A4BD-LeaderElection7] INFO  server.RaftServerConfigKeys (ConfUtils.java:logGet(44)) - raft.server.rpc.sleep.time = 25ms (default)
2020-11-20 01:45:48,968 [0c1a18bd-e9b2-4f5e-bcd4-214c7eec5423@group-A185FDF1A4BD-LeaderElection7] INFO  metrics.RatisMetrics (RatisMetrics.java:lambda$create$0(36)) - Creating Metrics Registry : ratis.log_appender.0c1a18bd-e9b2-4f5e-bcd4-214c7eec5423@group-A185FDF1A4BD
2020-11-20 01:45:48,969 [0c1a18bd-e9b2-4f5e-bcd4-214c7eec5423@group-A185FDF1A4BD-LeaderElection7] INFO  server.RaftServerConfigKeys (ConfUtils.java:logGet(44)) - raft.server.write.element-limit = 1024 (custom)
2020-11-20 01:45:48,969 [0c1a18bd-e9b2-4f5e-bcd4-214c7eec5423@group-A185FDF1A4BD-LeaderElection7] INFO  server.RaftServerConfigKeys (ConfUtils.java:logGet(44)) - raft.server.write.byte-limit = 1073741824 (custom)
2020-11-20 01:45:48,969 [0c1a18bd-e9b2-4f5e-bcd4-214c7eec5423@group-A185FDF1A4BD-LeaderElection7] INFO  server.RaftServerConfigKeys (ConfUtils.java:logGet(44)) - raft.server.watch.timeout = 180s (custom)
2020-11-20 01:45:48,969 [0c1a18bd-e9b2-4f5e-bcd4-214c7eec5423@group-A185FDF1A4BD-LeaderElection7] INFO  server.RaftServerConfigKeys (ConfUtils.java:logGet(44)) - raft.server.watch.timeout.denomination = 1s (default)
2020-11-20 01:45:48,969 [0c1a18bd-e9b2-4f5e-bcd4-214c7eec5423@group-A185FDF1A4BD-LeaderElection7] INFO  server.RaftServerConfigKeys (ConfUtils.java:logGet(44)) - raft.server.watch.element-limit = 65536 (default)
2020-11-20 01:45:48,970 [0c1a18bd-e9b2-4f5e-bcd4-214c7eec5423@group-A185FDF1A4BD-LeaderElection7] INFO  impl.RoleInfo (RoleInfo.java:updateAndGet(143)) - 0c1a18bd-e9b2-4f5e-bcd4-214c7eec5423: start LeaderState
2020-11-20 01:45:48,970 [0c1a18bd-e9b2-4f5e-bcd4-214c7eec5423@group-A185FDF1A4BD-LeaderElection7] INFO  segmented.SegmentedRaftLogWorker (SegmentedRaftLogWorker.java:startLogSegment(397)) - 0c1a18bd-e9b2-4f5e-bcd4-214c7eec5423@group-A185FDF1A4BD-SegmentedRaftLogWorker: Starting segment from index:0
2020-11-20 01:45:48,971 [0c1a18bd-e9b2-4f5e-bcd4-214c7eec5423@group-A185FDF1A4BD-SegmentedRaftLogWorker] INFO  segmented.SegmentedRaftLogWorker (SegmentedRaftLogWorker.java:execute(596)) - 0c1a18bd-e9b2-4f5e-bcd4-214c7eec5423@group-A185FDF1A4BD-SegmentedRaftLogWorker: created new log segment /github/workspace/mnt/ozone/hadoop-ozone/integration-test/target/test-dir/MiniOzoneClusterImpl-1a3a07de-270a-423e-87a2-3dcf9ca25c10/datanode-1/data/ratis/9da54df6-84fe-417b-833c-a185fdf1a4bd/current/log_inprogress_0
2020-11-20 01:45:48,977 [0c1a18bd-e9b2-4f5e-bcd4-214c7eec5423@group-A185FDF1A4BD-LeaderElection7] INFO  impl.RaftServerImpl (ServerState.java:setRaftConf(374)) - 0c1a18bd-e9b2-4f5e-bcd4-214c7eec5423@group-A185FDF1A4BD: set configuration 0: [0c1a18bd-e9b2-4f5e-bcd4-214c7eec5423:172.17.0.2:45735:0], old=null at 0
2020-11-20 01:45:49,121 [Listener at 127.0.0.1/13736] INFO  ozone.MiniOzoneClusterImpl (MiniOzoneClusterImpl.java:lambda$waitForClusterToBeReady$0(178)) - Nodes are ready. Got 3 of 3 DN Heartbeats.
2020-11-20 01:45:49,121 [Listener at 127.0.0.1/13736] INFO  ozone.MiniOzoneClusterImpl (MiniOzoneClusterImpl.java:lambda$waitForClusterToBeReady$0(181)) - Cluster exits safe mode
2020-11-20 01:45:49,178 [Thread-317] INFO  impl.FollowerState (FollowerState.java:run(108)) - c65eb0e4-bdb4-4502-a2db-88bc3cf1e22f@group-0435CD6AE8AC-FollowerState: change to CANDIDATE, lastRpcTime:5043ms, electionTimeout:5043ms
2020-11-20 01:45:49,178 [Thread-317] INFO  impl.RoleInfo (RoleInfo.java:shutdownFollowerState(121)) - c65eb0e4-bdb4-4502-a2db-88bc3cf1e22f: shutdown FollowerState
2020-11-20 01:45:49,178 [Thread-317] INFO  impl.RaftServerImpl (RaftServerImpl.java:setRole(198)) - c65eb0e4-bdb4-4502-a2db-88bc3cf1e22f@group-0435CD6AE8AC: changes role from  FOLLOWER to CANDIDATE at term 0 for changeToCandidate
2020-11-20 01:45:49,178 [Thread-317] INFO  impl.RoleInfo (RoleInfo.java:updateAndGet(143)) - c65eb0e4-bdb4-4502-a2db-88bc3cf1e22f: start LeaderElection
2020-11-20 01:45:49,189 [c65eb0e4-bdb4-4502-a2db-88bc3cf1e22f@group-0435CD6AE8AC-LeaderElection8] INFO  impl.LeaderElection (LeaderElection.java:askForVotes(210)) - c65eb0e4-bdb4-4502-a2db-88bc3cf1e22f@group-0435CD6AE8AC-LeaderElection8: begin an election at term 1 for -1: [c65eb0e4-bdb4-4502-a2db-88bc3cf1e22f:172.17.0.2:41987:0], old=null
2020-11-20 01:45:49,189 [c65eb0e4-bdb4-4502-a2db-88bc3cf1e22f@group-0435CD6AE8AC-LeaderElection8] INFO  impl.RoleInfo (RoleInfo.java:shutdownLeaderElection(134)) - c65eb0e4-bdb4-4502-a2db-88bc3cf1e22f: shutdown LeaderElection
2020-11-20 01:45:49,189 [c65eb0e4-bdb4-4502-a2db-88bc3cf1e22f@group-0435CD6AE8AC-LeaderElection8] INFO  impl.RaftServerImpl (RaftServerImpl.java:setRole(198)) - c65eb0e4-bdb4-4502-a2db-88bc3cf1e22f@group-0435CD6AE8AC: changes role from CANDIDATE to LEADER at term 1 for changeToLeader
2020-11-20 01:45:49,189 [c65eb0e4-bdb4-4502-a2db-88bc3cf1e22f@group-0435CD6AE8AC-LeaderElection8] INFO  ratis.XceiverServerRatis (XceiverServerRatis.java:handleLeaderChangedNotification(854)) - Leader change notification received for group: group-0435CD6AE8AC with new leaderId: c65eb0e4-bdb4-4502-a2db-88bc3cf1e22f
2020-11-20 01:45:49,190 [c65eb0e4-bdb4-4502-a2db-88bc3cf1e22f@group-0435CD6AE8AC-LeaderElection8] INFO  impl.RaftServerImpl (ServerState.java:setLeader(256)) - c65eb0e4-bdb4-4502-a2db-88bc3cf1e22f@group-0435CD6AE8AC: change Leader from null to c65eb0e4-bdb4-4502-a2db-88bc3cf1e22f at term 1 for becomeLeader, leader elected after 5062ms
2020-11-20 01:45:49,190 [c65eb0e4-bdb4-4502-a2db-88bc3cf1e22f@group-0435CD6AE8AC-LeaderElection8] INFO  server.RaftServerConfigKeys (ConfUtils.java:logGet(44)) - raft.server.staging.catchup.gap = 1000 (default)
2020-11-20 01:45:49,190 [c65eb0e4-bdb4-4502-a2db-88bc3cf1e22f@group-0435CD6AE8AC-LeaderElection8] INFO  server.RaftServerConfigKeys (ConfUtils.java:logGet(44)) - raft.server.rpc.sleep.time = 25ms (default)
2020-11-20 01:45:49,191 [c65eb0e4-bdb4-4502-a2db-88bc3cf1e22f@group-0435CD6AE8AC-LeaderElection8] INFO  metrics.RatisMetrics (RatisMetrics.java:lambda$create$0(36)) - Creating Metrics Registry : ratis.log_appender.c65eb0e4-bdb4-4502-a2db-88bc3cf1e22f@group-0435CD6AE8AC
2020-11-20 01:45:49,191 [c65eb0e4-bdb4-4502-a2db-88bc3cf1e22f@group-0435CD6AE8AC-LeaderElection8] INFO  server.RaftServerConfigKeys (ConfUtils.java:logGet(44)) - raft.server.write.element-limit = 1024 (custom)
2020-11-20 01:45:49,192 [c65eb0e4-bdb4-4502-a2db-88bc3cf1e22f@group-0435CD6AE8AC-LeaderElection8] INFO  server.RaftServerConfigKeys (ConfUtils.java:logGet(44)) - raft.server.write.byte-limit = 1073741824 (custom)
2020-11-20 01:45:49,192 [c65eb0e4-bdb4-4502-a2db-88bc3cf1e22f@group-0435CD6AE8AC-LeaderElection8] INFO  server.RaftServerConfigKeys (ConfUtils.java:logGet(44)) - raft.server.watch.timeout = 180s (custom)
2020-11-20 01:45:49,192 [c65eb0e4-bdb4-4502-a2db-88bc3cf1e22f@group-0435CD6AE8AC-LeaderElection8] INFO  server.RaftServerConfigKeys (ConfUtils.java:logGet(44)) - raft.server.watch.timeout.denomination = 1s (default)
2020-11-20 01:45:49,192 [c65eb0e4-bdb4-4502-a2db-88bc3cf1e22f@group-0435CD6AE8AC-LeaderElection8] INFO  server.RaftServerConfigKeys (ConfUtils.java:logGet(44)) - raft.server.watch.element-limit = 65536 (default)
2020-11-20 01:45:49,192 [c65eb0e4-bdb4-4502-a2db-88bc3cf1e22f@group-0435CD6AE8AC-LeaderElection8] INFO  impl.RoleInfo (RoleInfo.java:updateAndGet(143)) - c65eb0e4-bdb4-4502-a2db-88bc3cf1e22f: start LeaderState
2020-11-20 01:45:49,193 [c65eb0e4-bdb4-4502-a2db-88bc3cf1e22f@group-0435CD6AE8AC-LeaderElection8] INFO  segmented.SegmentedRaftLogWorker (SegmentedRaftLogWorker.java:startLogSegment(397)) - c65eb0e4-bdb4-4502-a2db-88bc3cf1e22f@group-0435CD6AE8AC-SegmentedRaftLogWorker: Starting segment from index:0
2020-11-20 01:45:49,195 [c65eb0e4-bdb4-4502-a2db-88bc3cf1e22f@group-0435CD6AE8AC-SegmentedRaftLogWorker] INFO  segmented.SegmentedRaftLogWorker (SegmentedRaftLogWorker.java:execute(596)) - c65eb0e4-bdb4-4502-a2db-88bc3cf1e22f@group-0435CD6AE8AC-SegmentedRaftLogWorker: created new log segment /github/workspace/mnt/ozone/hadoop-ozone/integration-test/target/test-dir/MiniOzoneClusterImpl-1a3a07de-270a-423e-87a2-3dcf9ca25c10/datanode-2/data/ratis/73be0d71-d3dd-45e7-9e90-0435cd6ae8ac/current/log_inprogress_0
2020-11-20 01:45:49,200 [c65eb0e4-bdb4-4502-a2db-88bc3cf1e22f@group-0435CD6AE8AC-LeaderElection8] INFO  impl.RaftServerImpl (ServerState.java:setRaftConf(374)) - c65eb0e4-bdb4-4502-a2db-88bc3cf1e22f@group-0435CD6AE8AC: set configuration 0: [c65eb0e4-bdb4-4502-a2db-88bc3cf1e22f:172.17.0.2:41987:0], old=null at 0
2020-11-20 01:45:49,385 [IPC Server handler 2 on default port 13724] INFO  ipc.Server (Server.java:logException(2976)) - IPC Server handler 2 on default port 13724, call Call#38 Retry#0 org.apache.hadoop.ozone.om.protocol.OzoneManagerProtocol.submitRequest from 127.0.0.1:50714
org.apache.hadoop.ozone.om.exceptions.OMNotLeaderException: OM:omNode-1 is not the leader. Suggested leader is OM:omNode-3.
	at org.apache.hadoop.ozone.protocolPB.OzoneManagerProtocolServerSideTranslatorPB.createNotLeaderException(OzoneManagerProtocolServerSideTranslatorPB.java:203)
	at org.apache.hadoop.ozone.protocolPB.OzoneManagerProtocolServerSideTranslatorPB.submitReadRequestToOM(OzoneManagerProtocolServerSideTranslatorPB.java:191)
	at org.apache.hadoop.ozone.protocolPB.OzoneManagerProtocolServerSideTranslatorPB.processRequest(OzoneManagerProtocolServerSideTranslatorPB.java:128)
	at org.apache.hadoop.hdds.server.OzoneProtocolMessageDispatcher.processRequest(OzoneProtocolMessageDispatcher.java:87)
	at org.apache.hadoop.ozone.protocolPB.OzoneManagerProtocolServerSideTranslatorPB.submitRequest(OzoneManagerProtocolServerSideTranslatorPB.java:118)
	at org.apache.hadoop.ozone.protocol.proto.OzoneManagerProtocolProtos$OzoneManagerService$2.callBlockingMethod(OzoneManagerProtocolProtos.java)
	at org.apache.hadoop.ipc.ProtobufRpcEngine$Server$ProtoBufRpcInvoker.call(ProtobufRpcEngine.java:528)
	at org.apache.hadoop.ipc.RPC$Server.call(RPC.java:1070)
	at org.apache.hadoop.ipc.Server$RpcCall.run(Server.java:999)
	at org.apache.hadoop.ipc.Server$RpcCall.run(Server.java:927)
	at java.security.AccessController.doPrivileged(Native Method)
	at javax.security.auth.Subject.doAs(Subject.java:422)
	at org.apache.hadoop.security.UserGroupInformation.doAs(UserGroupInformation.java:1730)
	at org.apache.hadoop.ipc.Server$Handler.run(Server.java:2915)
2020-11-20 01:45:49,409 [IPC Server handler 1 on default port 13730] INFO  ipc.Server (Server.java:logException(2976)) - IPC Server handler 1 on default port 13730, call Call#38 Retry#1 org.apache.hadoop.ozone.om.protocol.OzoneManagerProtocol.submitRequest from 127.0.0.1:33458
org.apache.hadoop.ozone.om.exceptions.OMNotLeaderException: OM:omNode-2 is not the leader. Suggested leader is OM:omNode-3.
	at org.apache.hadoop.ozone.protocolPB.OzoneManagerProtocolServerSideTranslatorPB.createNotLeaderException(OzoneManagerProtocolServerSideTranslatorPB.java:203)
	at org.apache.hadoop.ozone.protocolPB.OzoneManagerProtocolServerSideTranslatorPB.submitReadRequestToOM(OzoneManagerProtocolServerSideTranslatorPB.java:191)
	at org.apache.hadoop.ozone.protocolPB.OzoneManagerProtocolServerSideTranslatorPB.processRequest(OzoneManagerProtocolServerSideTranslatorPB.java:128)
	at org.apache.hadoop.hdds.server.OzoneProtocolMessageDispatcher.processRequest(OzoneProtocolMessageDispatcher.java:87)
	at org.apache.hadoop.ozone.protocolPB.OzoneManagerProtocolServerSideTranslatorPB.submitRequest(OzoneManagerProtocolServerSideTranslatorPB.java:118)
	at org.apache.hadoop.ozone.protocol.proto.OzoneManagerProtocolProtos$OzoneManagerService$2.callBlockingMethod(OzoneManagerProtocolProtos.java)
	at org.apache.hadoop.ipc.ProtobufRpcEngine$Server$ProtoBufRpcInvoker.call(ProtobufRpcEngine.java:528)
	at org.apache.hadoop.ipc.RPC$Server.call(RPC.java:1070)
	at org.apache.hadoop.ipc.Server$RpcCall.run(Server.java:999)
	at org.apache.hadoop.ipc.Server$RpcCall.run(Server.java:927)
	at java.security.AccessController.doPrivileged(Native Method)
	at javax.security.auth.Subject.doAs(Subject.java:422)
	at org.apache.hadoop.security.UserGroupInformation.doAs(UserGroupInformation.java:1730)
	at org.apache.hadoop.ipc.Server$Handler.run(Server.java:2915)
2020-11-20 01:45:49,410 [Listener at 127.0.0.1/13736] INFO  retry.RetryInvocationHandler (RetryInvocationHandler.java:log(411)) - com.google.protobuf.ServiceException: org.apache.hadoop.ipc.RemoteException(org.apache.hadoop.ozone.om.exceptions.OMNotLeaderException): OM:omNode-2 is not the leader. Suggested leader is OM:omNode-3.
	at org.apache.hadoop.ozone.protocolPB.OzoneManagerProtocolServerSideTranslatorPB.createNotLeaderException(OzoneManagerProtocolServerSideTranslatorPB.java:203)
	at org.apache.hadoop.ozone.protocolPB.OzoneManagerProtocolServerSideTranslatorPB.submitReadRequestToOM(OzoneManagerProtocolServerSideTranslatorPB.java:191)
	at org.apache.hadoop.ozone.protocolPB.OzoneManagerProtocolServerSideTranslatorPB.processRequest(OzoneManagerProtocolServerSideTranslatorPB.java:128)
	at org.apache.hadoop.hdds.server.OzoneProtocolMessageDispatcher.processRequest(OzoneProtocolMessageDispatcher.java:87)
	at org.apache.hadoop.ozone.protocolPB.OzoneManagerProtocolServerSideTranslatorPB.submitRequest(OzoneManagerProtocolServerSideTranslatorPB.java:118)
	at org.apache.hadoop.ozone.protocol.proto.OzoneManagerProtocolProtos$OzoneManagerService$2.callBlockingMethod(OzoneManagerProtocolProtos.java)
	at org.apache.hadoop.ipc.ProtobufRpcEngine$Server$ProtoBufRpcInvoker.call(ProtobufRpcEngine.java:528)
	at org.apache.hadoop.ipc.RPC$Server.call(RPC.java:1070)
	at org.apache.hadoop.ipc.Server$RpcCall.run(Server.java:999)
	at org.apache.hadoop.ipc.Server$RpcCall.run(Server.java:927)
	at java.security.AccessController.doPrivileged(Native Method)
	at javax.security.auth.Subject.doAs(Subject.java:422)
	at org.apache.hadoop.security.UserGroupInformation.doAs(UserGroupInformation.java:1730)
	at org.apache.hadoop.ipc.Server$Handler.run(Server.java:2915)
, while invoking $Proxy39.submitRequest over nodeId=omNode-2,nodeAddress=127.0.0.1:13730 after 1 failover attempts. Trying to failover immediately.
2020-11-20 01:45:49,580 [Listener at 127.0.0.1/13736] INFO  rpc.RpcClient (RpcClient.java:createVolume(272)) - Creating Volume: 7ed7c2e2-1aaf-44c4-abe0-804b20a664fd, with jenkins1001 as owner.
2020-11-20 01:45:49,719 [OM StateMachine ApplyTransaction Thread - 0] INFO  volume.OMVolumeCreateRequest (OMVolumeCreateRequest.java:validateAndUpdateCache(196)) - created volume:7ed7c2e2-1aaf-44c4-abe0-804b20a664fd for user:jenkins1001
2020-11-20 01:45:49,720 [OM StateMachine ApplyTransaction Thread - 0] INFO  volume.OMVolumeCreateRequest (OMVolumeCreateRequest.java:validateAndUpdateCache(196)) - created volume:7ed7c2e2-1aaf-44c4-abe0-804b20a664fd for user:jenkins1001
2020-11-20 01:45:49,721 [OM StateMachine ApplyTransaction Thread - 0] INFO  volume.OMVolumeCreateRequest (OMVolumeCreateRequest.java:validateAndUpdateCache(196)) - created volume:7ed7c2e2-1aaf-44c4-abe0-804b20a664fd for user:jenkins1001
2020-11-20 01:45:49,743 [OM StateMachine ApplyTransaction Thread - 0] INFO  volume.OMVolumeCreateRequest (OMVolumeCreateRequest.java:validateAndUpdateCache(196)) - created volume:ccd4c8f4-06d4-4234-bbf5-57447bdc8d24 for user:jenkins1001
2020-11-20 01:45:49,762 [OM StateMachine ApplyTransaction Thread - 0] INFO  volume.OMVolumeCreateRequest (OMVolumeCreateRequest.java:validateAndUpdateCache(196)) - created volume:ccd4c8f4-06d4-4234-bbf5-57447bdc8d24 for user:jenkins1001
2020-11-20 01:45:49,755 [OM StateMachine ApplyTransaction Thread - 0] INFO  volume.OMVolumeCreateRequest (OMVolumeCreateRequest.java:validateAndUpdateCache(196)) - created volume:ccd4c8f4-06d4-4234-bbf5-57447bdc8d24 for user:jenkins1001
2020-11-20 01:45:49,766 [Listener at 127.0.0.1/13736] INFO  ozone.MiniOzoneClusterImpl (MiniOzoneClusterImpl.java:shutdown(388)) - Shutting down the Mini Ozone Cluster
2020-11-20 01:45:49,767 [Listener at 127.0.0.1/13736] INFO  ozone.MiniOzoneHAClusterImpl (MiniOzoneHAClusterImpl.java:stop(230)) - Stopping the OzoneManager omNode-3
2020-11-20 01:45:49,767 [Listener at 127.0.0.1/13736] INFO  ipc.Server (Server.java:stop(3359)) - Stopping server on 13736
2020-11-20 01:45:49,772 [IPC Server listener on 13736] INFO  ipc.Server (Server.java:run(1330)) - Stopping IPC Server listener on 13736
2020-11-20 01:45:49,772 [IPC Server Responder] INFO  ipc.Server (Server.java:run(1465)) - Stopping IPC Server Responder
2020-11-20 01:45:49,773 [Listener at 127.0.0.1/13736] INFO  impl.RaftServerProxy (RaftServerProxy.java:lambda$close$4(322)) - omNode-3: close
2020-11-20 01:45:49,773 [Listener at 127.0.0.1/13736] INFO  impl.RaftServerImpl (RaftServerImpl.java:lambda$shutdown$3(321)) - omNode-3@group-523986131536: shutdown
2020-11-20 01:45:49,773 [Listener at 127.0.0.1/13736] INFO  util.JmxRegister (JmxRegister.java:unregister(73)) - Successfully un-registered JMX Bean with object name Ratis:service=RaftServer,group=group-523986131536,id=omNode-3
2020-11-20 01:45:49,774 [Listener at 127.0.0.1/13736] INFO  impl.RoleInfo (RoleInfo.java:shutdownLeaderState(104)) - omNode-3: shutdown LeaderState
2020-11-20 01:45:49,774 [Listener at 127.0.0.1/13736] INFO  metrics.RatisMetrics (RatisMetrics.java:unregister(43)) - Unregistering Metrics Registry : ratis_grpc.log_appender.omNode-3@group-523986131536
2020-11-20 01:45:49,775 [org.apache.ratis.server.impl.LogAppender$AppenderDaemon$$Lambda$367/830077161@690644cc] WARN  server.GrpcLogAppender (GrpcLogAppender.java:mayWait(168)) - omNode-3@group-523986131536->omNode-1-GrpcLogAppender: Wait interrupted by java.lang.InterruptedException
2020-11-20 01:45:49,776 [grpc-default-executor-2] INFO  server.GrpcServerProtocolService (GrpcServerProtocolService.java:onCompleted(138)) - omNode-1: Completed APPEND_ENTRIES, lastRequest: omNode-3->omNode-1#84-t2, previous=(t:2, i:3), leaderCommit=3, initializing? false, entries: size=1, first=(t:2, i:4), METADATAENTRY(c:3)
2020-11-20 01:45:49,783 [Listener at 127.0.0.1/13736] INFO  metrics.RatisMetrics (RatisMetrics.java:unregister(43)) - Unregistering Metrics Registry : ratis_grpc.log_appender.omNode-3@group-523986131536
2020-11-20 01:45:49,783 [Listener at 127.0.0.1/13736] INFO  impl.PendingRequests (PendingRequests.java:sendNotLeaderResponses(249)) - omNode-3@group-523986131536-PendingRequests: sendNotLeaderResponses
2020-11-20 01:45:49,777 [grpc-default-executor-0] INFO  server.GrpcLogAppender (GrpcLogAppender.java:onCompleted(336)) - omNode-3@group-523986131536->omNode-1-AppendLogResponseHandler: follower responses appendEntries COMPLETED
2020-11-20 01:45:49,783 [org.apache.ratis.server.impl.LogAppender$AppenderDaemon$$Lambda$367/830077161@f9b9ae9] WARN  server.GrpcLogAppender (GrpcLogAppender.java:mayWait(168)) - omNode-3@group-523986131536->omNode-2-GrpcLogAppender: Wait interrupted by java.lang.InterruptedException
2020-11-20 01:45:49,790 [grpc-default-executor-0] INFO  impl.FollowerInfo (FollowerInfo.java:lambda$new$0(51)) - omNode-3@group-523986131536->omNode-1: nextIndex: updateUnconditionally 5 -> 4
2020-11-20 01:45:49,791 [grpc-default-executor-0] INFO  server.GrpcServerProtocolService (GrpcServerProtocolService.java:onCompleted(138)) - omNode-2: Completed APPEND_ENTRIES, lastRequest: omNode-3->omNode-2#87-t2, previous=(t:2, i:3), leaderCommit=3, initializing? false, entries: size=1, first=(t:2, i:4), METADATAENTRY(c:3)
2020-11-20 01:45:49,792 [grpc-default-executor-2] INFO  server.GrpcLogAppender (GrpcLogAppender.java:onCompleted(336)) - omNode-3@group-523986131536->omNode-2-AppendLogResponseHandler: follower responses appendEntries COMPLETED
2020-11-20 01:45:49,792 [grpc-default-executor-2] INFO  impl.FollowerInfo (FollowerInfo.java:lambda$new$0(51)) - omNode-3@group-523986131536->omNode-2: nextIndex: updateUnconditionally 5 -> 4
2020-11-20 01:45:49,795 [Listener at 127.0.0.1/13736] INFO  metrics.RatisMetrics (RatisMetrics.java:unregister(43)) - Unregistering Metrics Registry : ratis.log_appender.omNode-3@group-523986131536
2020-11-20 01:45:49,795 [Listener at 127.0.0.1/13736] INFO  metrics.RatisMetrics (RatisMetrics.java:unregister(43)) - Unregistering Metrics Registry : ratis.server.omNode-3@group-523986131536
2020-11-20 01:45:49,795 [Listener at 127.0.0.1/13736] INFO  impl.StateMachineUpdater (StateMachineUpdater.java:stopAndJoin(142)) - omNode-3@group-523986131536-StateMachineUpdater: set stopIndex = 4
2020-11-20 01:45:49,796 [omNode-3@group-523986131536-StateMachineUpdater] INFO  ratis.OzoneManagerStateMachine (OzoneManagerStateMachine.java:takeSnapshot(345)) - Current Snapshot Index (t:2, i:4)
2020-11-20 01:45:49,796 [omNode-3@group-523986131536-StateMachineUpdater] INFO  impl.StateMachineUpdater (StateMachineUpdater.java:takeSnapshot(277)) - omNode-3@group-523986131536-StateMachineUpdater: Took a snapshot at index 4
2020-11-20 01:45:49,796 [omNode-3@group-523986131536-StateMachineUpdater] INFO  impl.StateMachineUpdater (StateMachineUpdater.java:lambda$new$0(87)) - omNode-3@group-523986131536-StateMachineUpdater: snapshotIndex: updateIncreasingly -1 -> 4
2020-11-20 01:45:49,797 [omNode-3@group-523986131536-StateMachineUpdater] INFO  metrics.RatisMetrics (RatisMetrics.java:unregister(43)) - Unregistering Metrics Registry : ratis.state_machine.omNode-3@group-523986131536
2020-11-20 01:45:49,797 [Listener at 127.0.0.1/13736] INFO  impl.RaftServerImpl (ServerState.java:close(405)) - omNode-3@group-523986131536: closes. applyIndex: 4
2020-11-20 01:45:49,798 [omNode-3@group-523986131536-SegmentedRaftLogWorker] INFO  segmented.SegmentedRaftLogWorker (SegmentedRaftLogWorker.java:run(327)) - omNode-3@group-523986131536-SegmentedRaftLogWorker was interrupted, exiting. There are 0 tasks remaining in the queue.
2020-11-20 01:45:49,799 [Listener at 127.0.0.1/13736] INFO  segmented.SegmentedRaftLogWorker (SegmentedRaftLogWorker.java:close(234)) - omNode-3@group-523986131536-SegmentedRaftLogWorker close()
2020-11-20 01:45:49,800 [Listener at 127.0.0.1/13736] INFO  metrics.RatisMetrics (RatisMetrics.java:unregister(43)) - Unregistering Metrics Registry : ratis.log_worker.omNode-3@group-523986131536
2020-11-20 01:45:49,800 [Listener at 127.0.0.1/13736] INFO  metrics.RatisMetrics (RatisMetrics.java:unregister(43)) - Unregistering Metrics Registry : ratis.leader_election.omNode-3@group-523986131536
2020-11-20 01:45:49,800 [Listener at 127.0.0.1/13736] INFO  metrics.RatisMetrics (RatisMetrics.java:unregister(43)) - Unregistering Metrics Registry : ratis.server.omNode-3@group-523986131536
2020-11-20 01:45:49,801 [Listener at 127.0.0.1/13736] INFO  server.GrpcService (GrpcService.java:closeImpl(183)) - omNode-3: shutdown server with port 13740 now
2020-11-20 01:45:49,810 [Listener at 127.0.0.1/13736] INFO  server.GrpcService (GrpcService.java:closeImpl(191)) - omNode-3: shutdown server with port 13740 successfully
2020-11-20 01:45:49,810 [Listener at 127.0.0.1/13736] INFO  ratis.OzoneManagerDoubleBuffer (OzoneManagerDoubleBuffer.java:stop(457)) - Stopping OMDoubleBuffer flush thread
2020-11-20 01:45:49,810 [OMDoubleBufferFlushThread] INFO  ratis.OzoneManagerDoubleBuffer (OzoneManagerDoubleBuffer.java:flushTransactions(356)) - OMDoubleBuffer flush thread OMDoubleBufferFlushThread is interrupted and will exit. OMDoubleBufferFlushThread
2020-11-20 01:45:49,810 [Listener at 127.0.0.1/13736] INFO  ratis.OzoneManagerStateMachine (HadoopExecutors.java:shutdown(118)) - Gracefully shutting down executor service. Waiting max 5 SECONDS
2020-11-20 01:45:49,810 [Listener at 127.0.0.1/13736] INFO  ratis.OzoneManagerStateMachine (HadoopExecutors.java:shutdown(129)) - Succesfully shutdown executor service
2020-11-20 01:45:49,810 [Listener at 127.0.0.1/13736] INFO  ratis.OzoneManagerStateMachine (HadoopExecutors.java:shutdown(118)) - Gracefully shutting down executor service. Waiting max 5 SECONDS
2020-11-20 01:45:49,811 [Listener at 127.0.0.1/13736] INFO  ratis.OzoneManagerStateMachine (HadoopExecutors.java:shutdown(129)) - Succesfully shutdown executor service
2020-11-20 01:45:49,811 [Listener at 127.0.0.1/13736] INFO  utils.BackgroundService (BackgroundService.java:shutdown(132)) - Shutting down service KeyDeletingService
2020-11-20 01:45:49,812 [Listener at 127.0.0.1/13736] INFO  handler.ContextHandler (ContextHandler.java:doStop(1154)) - Stopped o.e.j.w.WebAppContext@5d724d9d{ozoneManager,/,null,STOPPED}{file:/github/workspace/mnt/ozone/hadoop-ozone/integration-test/target/test-classes/webapps/ozoneManager}
2020-11-20 01:45:49,816 [Listener at 127.0.0.1/13736] INFO  server.AbstractConnector (AbstractConnector.java:doStop(381)) - Stopped ServerConnector@8960429{HTTP/1.1, (http/1.1)}{0.0.0.0:13738}
2020-11-20 01:45:49,816 [Listener at 127.0.0.1/13736] INFO  server.session (HouseKeeper.java:stopScavenging(149)) - node0 Stopped scavenging
2020-11-20 01:45:49,817 [Listener at 127.0.0.1/13736] INFO  handler.ContextHandler (ContextHandler.java:doStop(1154)) - Stopped o.e.j.s.ServletContextHandler@4feaefd1{static,/static,file:///github/workspace/mnt/ozone/hadoop-ozone/integration-test/target/test-classes/webapps/static,STOPPED}
2020-11-20 01:45:49,817 [Listener at 127.0.0.1/13736] INFO  handler.ContextHandler (ContextHandler.java:doStop(1154)) - Stopped o.e.j.s.ServletContextHandler@2dce0beb{logs,/logs,file:///github/workspace/mnt/ozone/hadoop-ozone/integration-test/target/log,STOPPED}
2020-11-20 01:45:49,819 [Listener at 127.0.0.1/13736] INFO  ozone.MiniOzoneHAClusterImpl (MiniOzoneHAClusterImpl.java:stop(230)) - Stopping the OzoneManager omNode-1
2020-11-20 01:45:49,819 [Listener at 127.0.0.1/13736] INFO  ipc.Server (Server.java:stop(3359)) - Stopping server on 13724
2020-11-20 01:45:49,820 [IPC Server listener on 13724] INFO  ipc.Server (Server.java:run(1330)) - Stopping IPC Server listener on 13724
2020-11-20 01:45:49,821 [IPC Server Responder] INFO  ipc.Server (Server.java:run(1465)) - Stopping IPC Server Responder
2020-11-20 01:45:49,821 [Listener at 127.0.0.1/13736] INFO  impl.RaftServerProxy (RaftServerProxy.java:lambda$close$4(322)) - omNode-1: close
2020-11-20 01:45:49,821 [Listener at 127.0.0.1/13736] INFO  impl.RaftServerImpl (RaftServerImpl.java:lambda$shutdown$3(321)) - omNode-1@group-523986131536: shutdown
2020-11-20 01:45:49,821 [Listener at 127.0.0.1/13736] INFO  util.JmxRegister (JmxRegister.java:unregister(73)) - Successfully un-registered JMX Bean with object name Ratis:service=RaftServer,group=group-523986131536,id=omNode-1
2020-11-20 01:45:49,821 [Listener at 127.0.0.1/13736] INFO  impl.RoleInfo (RoleInfo.java:shutdownFollowerState(121)) - omNode-1: shutdown FollowerState
2020-11-20 01:45:49,821 [Thread-257] INFO  impl.FollowerState (FollowerState.java:run(117)) - omNode-1@group-523986131536-FollowerState was interrupted: java.lang.InterruptedException: sleep interrupted
2020-11-20 01:45:49,822 [omNode-1@group-523986131536-StateMachineUpdater] INFO  ratis.OzoneManagerStateMachine (OzoneManagerStateMachine.java:takeSnapshot(345)) - Current Snapshot Index (t:2, i:3)
2020-11-20 01:45:49,822 [omNode-1@group-523986131536-StateMachineUpdater] INFO  impl.StateMachineUpdater (StateMachineUpdater.java:takeSnapshot(277)) - omNode-1@group-523986131536-StateMachineUpdater: Took a snapshot at index 3
2020-11-20 01:45:49,822 [omNode-1@group-523986131536-StateMachineUpdater] INFO  impl.StateMachineUpdater (StateMachineUpdater.java:lambda$new$0(87)) - omNode-1@group-523986131536-StateMachineUpdater: snapshotIndex: updateIncreasingly -1 -> 3
2020-11-20 01:45:49,822 [omNode-1@group-523986131536-StateMachineUpdater] INFO  metrics.RatisMetrics (RatisMetrics.java:unregister(43)) - Unregistering Metrics Registry : ratis.state_machine.omNode-1@group-523986131536
2020-11-20 01:45:49,822 [Listener at 127.0.0.1/13736] INFO  impl.StateMachineUpdater (StateMachineUpdater.java:stopAndJoin(142)) - omNode-1@group-523986131536-StateMachineUpdater: set stopIndex = 3
2020-11-20 01:45:49,822 [Listener at 127.0.0.1/13736] INFO  impl.RaftServerImpl (ServerState.java:close(405)) - omNode-1@group-523986131536: closes. applyIndex: 3
2020-11-20 01:45:49,822 [omNode-1@group-523986131536-SegmentedRaftLogWorker] INFO  segmented.SegmentedRaftLogWorker (SegmentedRaftLogWorker.java:run(327)) - omNode-1@group-523986131536-SegmentedRaftLogWorker was interrupted, exiting. There are 0 tasks remaining in the queue.
2020-11-20 01:45:49,823 [Listener at 127.0.0.1/13736] INFO  segmented.SegmentedRaftLogWorker (SegmentedRaftLogWorker.java:close(234)) - omNode-1@group-523986131536-SegmentedRaftLogWorker close()
2020-11-20 01:45:49,823 [Listener at 127.0.0.1/13736] INFO  metrics.RatisMetrics (RatisMetrics.java:unregister(43)) - Unregistering Metrics Registry : ratis.log_worker.omNode-1@group-523986131536
2020-11-20 01:45:49,824 [Listener at 127.0.0.1/13736] INFO  metrics.RatisMetrics (RatisMetrics.java:unregister(43)) - Unregistering Metrics Registry : ratis.leader_election.omNode-1@group-523986131536
2020-11-20 01:45:49,824 [Listener at 127.0.0.1/13736] INFO  metrics.RatisMetrics (RatisMetrics.java:unregister(43)) - Unregistering Metrics Registry : ratis.server.omNode-1@group-523986131536
2020-11-20 01:45:49,824 [Listener at 127.0.0.1/13736] INFO  server.GrpcService (GrpcService.java:closeImpl(183)) - omNode-1: shutdown server with port 13728 now
2020-11-20 01:45:49,833 [Listener at 127.0.0.1/13736] INFO  server.GrpcService (GrpcService.java:closeImpl(191)) - omNode-1: shutdown server with port 13728 successfully
2020-11-20 01:45:49,834 [Listener at 127.0.0.1/13736] INFO  ratis.OzoneManagerDoubleBuffer (OzoneManagerDoubleBuffer.java:stop(457)) - Stopping OMDoubleBuffer flush thread
2020-11-20 01:45:49,834 [OMDoubleBufferFlushThread] INFO  ratis.OzoneManagerDoubleBuffer (OzoneManagerDoubleBuffer.java:flushTransactions(356)) - OMDoubleBuffer flush thread OMDoubleBufferFlushThread is interrupted and will exit. OMDoubleBufferFlushThread
2020-11-20 01:45:49,835 [Listener at 127.0.0.1/13736] INFO  ratis.OzoneManagerStateMachine (HadoopExecutors.java:shutdown(118)) - Gracefully shutting down executor service. Waiting max 5 SECONDS
2020-11-20 01:45:49,839 [Listener at 127.0.0.1/13736] INFO  ratis.OzoneManagerStateMachine (HadoopExecutors.java:shutdown(129)) - Succesfully shutdown executor service
2020-11-20 01:45:49,839 [Listener at 127.0.0.1/13736] INFO  ratis.OzoneManagerStateMachine (HadoopExecutors.java:shutdown(118)) - Gracefully shutting down executor service. Waiting max 5 SECONDS
2020-11-20 01:45:49,839 [Listener at 127.0.0.1/13736] INFO  ratis.OzoneManagerStateMachine (HadoopExecutors.java:shutdown(129)) - Succesfully shutdown executor service
2020-11-20 01:45:49,839 [Listener at 127.0.0.1/13736] INFO  utils.BackgroundService (BackgroundService.java:shutdown(132)) - Shutting down service KeyDeletingService
2020-11-20 01:45:49,840 [Listener at 127.0.0.1/13736] INFO  handler.ContextHandler (ContextHandler.java:doStop(1154)) - Stopped o.e.j.w.WebAppContext@4f5dd1d2{ozoneManager,/,null,STOPPED}{file:/github/workspace/mnt/ozone/hadoop-ozone/integration-test/target/test-classes/webapps/ozoneManager}
2020-11-20 01:45:49,840 [Listener at 127.0.0.1/13736] INFO  server.AbstractConnector (AbstractConnector.java:doStop(381)) - Stopped ServerConnector@5d72edd4{HTTP/1.1, (http/1.1)}{0.0.0.0:13726}
2020-11-20 01:45:49,840 [Listener at 127.0.0.1/13736] INFO  server.session (HouseKeeper.java:stopScavenging(149)) - node0 Stopped scavenging
2020-11-20 01:45:49,841 [Listener at 127.0.0.1/13736] INFO  handler.ContextHandler (ContextHandler.java:doStop(1154)) - Stopped o.e.j.s.ServletContextHandler@5cea8d0b{static,/static,file:///github/workspace/mnt/ozone/hadoop-ozone/integration-test/target/test-classes/webapps/static,STOPPED}
2020-11-20 01:45:49,841 [Listener at 127.0.0.1/13736] INFO  handler.ContextHandler (ContextHandler.java:doStop(1154)) - Stopped o.e.j.s.ServletContextHandler@51cba3ed{logs,/logs,file:///github/workspace/mnt/ozone/hadoop-ozone/integration-test/target/log,STOPPED}
2020-11-20 01:45:49,843 [Listener at 127.0.0.1/13736] INFO  ozone.MiniOzoneHAClusterImpl (MiniOzoneHAClusterImpl.java:stop(230)) - Stopping the OzoneManager omNode-2
2020-11-20 01:45:49,843 [Listener at 127.0.0.1/13736] INFO  ipc.Server (Server.java:stop(3359)) - Stopping server on 13730
2020-11-20 01:45:49,845 [IPC Server listener on 13730] INFO  ipc.Server (Server.java:run(1330)) - Stopping IPC Server listener on 13730
2020-11-20 01:45:49,845 [IPC Server Responder] INFO  ipc.Server (Server.java:run(1465)) - Stopping IPC Server Responder
2020-11-20 01:45:49,846 [Listener at 127.0.0.1/13736] INFO  impl.RaftServerProxy (RaftServerProxy.java:lambda$close$4(322)) - omNode-2: close
2020-11-20 01:45:49,846 [Listener at 127.0.0.1/13736] INFO  impl.RaftServerImpl (RaftServerImpl.java:lambda$shutdown$3(321)) - omNode-2@group-523986131536: shutdown
2020-11-20 01:45:49,846 [Listener at 127.0.0.1/13736] INFO  util.JmxRegister (JmxRegister.java:unregister(73)) - Successfully un-registered JMX Bean with object name Ratis:service=RaftServer,group=group-523986131536,id=omNode-2
2020-11-20 01:45:49,847 [Listener at 127.0.0.1/13736] INFO  impl.RoleInfo (RoleInfo.java:shutdownFollowerState(121)) - omNode-2: shutdown FollowerState
2020-11-20 01:45:49,847 [Thread-256] INFO  impl.FollowerState (FollowerState.java:run(117)) - omNode-2@group-523986131536-FollowerState was interrupted: java.lang.InterruptedException: sleep interrupted
2020-11-20 01:45:49,853 [Listener at 127.0.0.1/13736] INFO  impl.StateMachineUpdater (StateMachineUpdater.java:stopAndJoin(142)) - omNode-2@group-523986131536-StateMachineUpdater: set stopIndex = 3
2020-11-20 01:45:49,853 [omNode-2@group-523986131536-StateMachineUpdater] INFO  ratis.OzoneManagerStateMachine (OzoneManagerStateMachine.java:takeSnapshot(345)) - Current Snapshot Index (t:2, i:3)
2020-11-20 01:45:49,853 [omNode-2@group-523986131536-StateMachineUpdater] INFO  impl.StateMachineUpdater (StateMachineUpdater.java:takeSnapshot(277)) - omNode-2@group-523986131536-StateMachineUpdater: Took a snapshot at index 3
2020-11-20 01:45:49,853 [omNode-2@group-523986131536-StateMachineUpdater] INFO  impl.StateMachineUpdater (StateMachineUpdater.java:lambda$new$0(87)) - omNode-2@group-523986131536-StateMachineUpdater: snapshotIndex: updateIncreasingly -1 -> 3
2020-11-20 01:45:49,854 [omNode-2@group-523986131536-StateMachineUpdater] INFO  metrics.RatisMetrics (RatisMetrics.java:unregister(43)) - Unregistering Metrics Registry : ratis.state_machine.omNode-2@group-523986131536
2020-11-20 01:45:49,854 [Listener at 127.0.0.1/13736] INFO  impl.RaftServerImpl (ServerState.java:close(405)) - omNode-2@group-523986131536: closes. applyIndex: 3
2020-11-20 01:45:49,854 [omNode-2@group-523986131536-SegmentedRaftLogWorker] INFO  segmented.SegmentedRaftLogWorker (SegmentedRaftLogWorker.java:run(327)) - omNode-2@group-523986131536-SegmentedRaftLogWorker was interrupted, exiting. There are 0 tasks remaining in the queue.
2020-11-20 01:45:49,855 [Listener at 127.0.0.1/13736] INFO  segmented.SegmentedRaftLogWorker (SegmentedRaftLogWorker.java:close(234)) - omNode-2@group-523986131536-SegmentedRaftLogWorker close()
2020-11-20 01:45:49,855 [Listener at 127.0.0.1/13736] INFO  metrics.RatisMetrics (RatisMetrics.java:unregister(43)) - Unregistering Metrics Registry : ratis.log_worker.omNode-2@group-523986131536
2020-11-20 01:45:49,855 [Listener at 127.0.0.1/13736] INFO  metrics.RatisMetrics (RatisMetrics.java:unregister(43)) - Unregistering Metrics Registry : ratis.leader_election.omNode-2@group-523986131536
2020-11-20 01:45:49,856 [Listener at 127.0.0.1/13736] INFO  metrics.RatisMetrics (RatisMetrics.java:unregister(43)) - Unregistering Metrics Registry : ratis.server.omNode-2@group-523986131536
2020-11-20 01:45:49,856 [Listener at 127.0.0.1/13736] INFO  server.GrpcService (GrpcService.java:closeImpl(183)) - omNode-2: shutdown server with port 13734 now
2020-11-20 01:45:49,857 [Listener at 127.0.0.1/13736] INFO  server.GrpcService (GrpcService.java:closeImpl(191)) - omNode-2: shutdown server with port 13734 successfully
2020-11-20 01:45:49,857 [Listener at 127.0.0.1/13736] INFO  ratis.OzoneManagerDoubleBuffer (OzoneManagerDoubleBuffer.java:stop(457)) - Stopping OMDoubleBuffer flush thread
2020-11-20 01:45:49,857 [OMDoubleBufferFlushThread] INFO  ratis.OzoneManagerDoubleBuffer (OzoneManagerDoubleBuffer.java:flushTransactions(356)) - OMDoubleBuffer flush thread OMDoubleBufferFlushThread is interrupted and will exit. OMDoubleBufferFlushThread
2020-11-20 01:45:49,857 [Listener at 127.0.0.1/13736] INFO  ratis.OzoneManagerStateMachine (HadoopExecutors.java:shutdown(118)) - Gracefully shutting down executor service. Waiting max 5 SECONDS
2020-11-20 01:45:49,857 [Listener at 127.0.0.1/13736] INFO  ratis.OzoneManagerStateMachine (HadoopExecutors.java:shutdown(129)) - Succesfully shutdown executor service
2020-11-20 01:45:49,857 [Listener at 127.0.0.1/13736] INFO  ratis.OzoneManagerStateMachine (HadoopExecutors.java:shutdown(118)) - Gracefully shutting down executor service. Waiting max 5 SECONDS
2020-11-20 01:45:49,857 [Listener at 127.0.0.1/13736] INFO  ratis.OzoneManagerStateMachine (HadoopExecutors.java:shutdown(129)) - Succesfully shutdown executor service
2020-11-20 01:45:49,858 [Listener at 127.0.0.1/13736] INFO  utils.BackgroundService (BackgroundService.java:shutdown(132)) - Shutting down service KeyDeletingService
2020-11-20 01:45:49,858 [Listener at 127.0.0.1/13736] INFO  handler.ContextHandler (ContextHandler.java:doStop(1154)) - Stopped o.e.j.w.WebAppContext@46bcb102{ozoneManager,/,null,STOPPED}{file:/github/workspace/mnt/ozone/hadoop-ozone/integration-test/target/test-classes/webapps/ozoneManager}
2020-11-20 01:45:49,859 [Listener at 127.0.0.1/13736] INFO  server.AbstractConnector (AbstractConnector.java:doStop(381)) - Stopped ServerConnector@6fd2cfd3{HTTP/1.1, (http/1.1)}{0.0.0.0:13732}
2020-11-20 01:45:49,859 [Listener at 127.0.0.1/13736] INFO  server.session (HouseKeeper.java:stopScavenging(149)) - node0 Stopped scavenging
2020-11-20 01:45:49,859 [Listener at 127.0.0.1/13736] INFO  handler.ContextHandler (ContextHandler.java:doStop(1154)) - Stopped o.e.j.s.ServletContextHandler@6847d5fa{static,/static,file:///github/workspace/mnt/ozone/hadoop-ozone/integration-test/target/test-classes/webapps/static,STOPPED}
2020-11-20 01:45:49,859 [Listener at 127.0.0.1/13736] INFO  handler.ContextHandler (ContextHandler.java:doStop(1154)) - Stopped o.e.j.s.ServletContextHandler@1ac0efa9{logs,/logs,file:///github/workspace/mnt/ozone/hadoop-ozone/integration-test/target/log,STOPPED}
2020-11-20 01:45:49,861 [Listener at 127.0.0.1/13736] INFO  ozone.MiniOzoneClusterImpl (MiniOzoneClusterImpl.java:stop(403)) - Stopping the Mini Ozone Cluster
2020-11-20 01:45:49,861 [Listener at 127.0.0.1/13736] INFO  ozone.MiniOzoneClusterImpl (MiniOzoneClusterImpl.java:stopDatanodes(462)) - Stopping the HddsDatanodes
2020-11-20 01:45:49,966 [Datanode State Machine Thread - 0] INFO  statemachine.DatanodeStateMachine (DatanodeStateMachine.java:lambda$startDaemon$0(406)) - Ozone container server started.
2020-11-20 01:45:50,540 [Datanode State Machine Thread - 0] INFO  statemachine.DatanodeStateMachine (DatanodeStateMachine.java:lambda$startDaemon$0(406)) - Ozone container server started.
2020-11-20 01:45:51,554 [EventQueue-Delayed safe mode statusForReplicationManager] INFO  container.ReplicationManager (ReplicationManager.java:start(178)) - Starting Replication Monitor Thread.
2020-11-20 01:45:51,557 [ReplicationMonitor] INFO  container.ReplicationManager (ReplicationManager.java:run(242)) - Replication Monitor Thread took 1 milliseconds for processing 0 containers.
2020-11-20 01:45:54,863 [ForkJoinPool.commonPool-worker-1] INFO  ozoneimpl.OzoneContainer (OzoneContainer.java:stop(257)) - Attempting to stop container services.
2020-11-20 01:45:54,863 [ForkJoinPool.commonPool-worker-1] INFO  impl.RaftServerProxy (RaftServerProxy.java:lambda$close$4(322)) - d9c9a1e1-e3e4-4e9b-802d-ab7594e2755b: close
2020-11-20 01:45:54,864 [Listener at 127.0.0.1/13736] INFO  ozoneimpl.OzoneContainer (OzoneContainer.java:stop(257)) - Attempting to stop container services.
2020-11-20 01:45:54,864 [Listener at 127.0.0.1/13736] INFO  impl.RaftServerProxy (RaftServerProxy.java:lambda$close$4(322)) - 0c1a18bd-e9b2-4f5e-bcd4-214c7eec5423: close
2020-11-20 01:45:54,864 [Listener at 127.0.0.1/13736] INFO  impl.RaftServerImpl (RaftServerImpl.java:lambda$shutdown$3(321)) - 0c1a18bd-e9b2-4f5e-bcd4-214c7eec5423@group-6B9C05A94F7C: shutdown
2020-11-20 01:45:54,864 [Listener at 127.0.0.1/13736] INFO  util.JmxRegister (JmxRegister.java:unregister(73)) - Successfully un-registered JMX Bean with object name Ratis:service=RaftServer,group=group-6B9C05A94F7C,id=0c1a18bd-e9b2-4f5e-bcd4-214c7eec5423
2020-11-20 01:45:54,864 [Listener at 127.0.0.1/13736] INFO  impl.RoleInfo (RoleInfo.java:shutdownFollowerState(121)) - 0c1a18bd-e9b2-4f5e-bcd4-214c7eec5423: shutdown FollowerState
2020-11-20 01:45:54,864 [Listener at 127.0.0.1/13736] INFO  impl.StateMachineUpdater (StateMachineUpdater.java:stopAndJoin(142)) - 0c1a18bd-e9b2-4f5e-bcd4-214c7eec5423@group-6B9C05A94F7C-StateMachineUpdater: set stopIndex = 0
2020-11-20 01:45:54,864 [ForkJoinPool.commonPool-worker-1] INFO  impl.RaftServerImpl (RaftServerImpl.java:lambda$shutdown$3(321)) - d9c9a1e1-e3e4-4e9b-802d-ab7594e2755b@group-6B9C05A94F7C: shutdown
2020-11-20 01:45:54,865 [Thread-339] INFO  impl.FollowerState (FollowerState.java:run(117)) - 0c1a18bd-e9b2-4f5e-bcd4-214c7eec5423@group-6B9C05A94F7C-FollowerState was interrupted: java.lang.InterruptedException: sleep interrupted
2020-11-20 01:45:54,866 [ForkJoinPool.commonPool-worker-1] INFO  util.JmxRegister (JmxRegister.java:unregister(73)) - Successfully un-registered JMX Bean with object name Ratis:service=RaftServer,group=group-6B9C05A94F7C,id=d9c9a1e1-e3e4-4e9b-802d-ab7594e2755b
2020-11-20 01:45:54,867 [ForkJoinPool.commonPool-worker-1] INFO  impl.RoleInfo (RoleInfo.java:shutdownLeaderState(104)) - d9c9a1e1-e3e4-4e9b-802d-ab7594e2755b: shutdown LeaderState
2020-11-20 01:45:54,867 [ForkJoinPool.commonPool-worker-1] INFO  metrics.RatisMetrics (RatisMetrics.java:unregister(43)) - Unregistering Metrics Registry : ratis_grpc.log_appender.d9c9a1e1-e3e4-4e9b-802d-ab7594e2755b@group-6B9C05A94F7C
2020-11-20 01:45:54,867 [0c1a18bd-e9b2-4f5e-bcd4-214c7eec5423@group-6B9C05A94F7C-StateMachineUpdater] INFO  ratis.ContainerStateMachine (ContainerStateMachine.java:takeSnapshot(293)) - group-6B9C05A94F7C: Taking a snapshot at:(t:1, i:0) file /github/workspace/mnt/ozone/hadoop-ozone/integration-test/target/test-dir/MiniOzoneClusterImpl-1a3a07de-270a-423e-87a2-3dcf9ca25c10/datanode-1/data/ratis/0a6735d0-8475-4eb9-a953-6b9c05a94f7c/sm/snapshot.1_0
2020-11-20 01:45:54,867 [org.apache.ratis.server.impl.LogAppender$AppenderDaemon$$Lambda$367/830077161@5c2d4986] WARN  server.GrpcLogAppender (GrpcLogAppender.java:mayWait(168)) - d9c9a1e1-e3e4-4e9b-802d-ab7594e2755b@group-6B9C05A94F7C->0c1a18bd-e9b2-4f5e-bcd4-214c7eec5423-GrpcLogAppender: Wait interrupted by java.lang.InterruptedException
2020-11-20 01:45:54,867 [ForkJoinPool.commonPool-worker-1] INFO  metrics.RatisMetrics (RatisMetrics.java:unregister(43)) - Unregistering Metrics Registry : ratis_grpc.log_appender.d9c9a1e1-e3e4-4e9b-802d-ab7594e2755b@group-6B9C05A94F7C
2020-11-20 01:45:54,868 [ForkJoinPool.commonPool-worker-1] INFO  impl.PendingRequests (PendingRequests.java:sendNotLeaderResponses(249)) - d9c9a1e1-e3e4-4e9b-802d-ab7594e2755b@group-6B9C05A94F7C-PendingRequests: sendNotLeaderResponses
2020-11-20 01:45:54,869 [ForkJoinPool.commonPool-worker-1] INFO  metrics.RatisMetrics (RatisMetrics.java:unregister(43)) - Unregistering Metrics Registry : ratis.log_appender.d9c9a1e1-e3e4-4e9b-802d-ab7594e2755b@group-6B9C05A94F7C
2020-11-20 01:45:54,869 [ForkJoinPool.commonPool-worker-1] INFO  metrics.RatisMetrics (RatisMetrics.java:unregister(43)) - Unregistering Metrics Registry : ratis.server.d9c9a1e1-e3e4-4e9b-802d-ab7594e2755b@group-6B9C05A94F7C
2020-11-20 01:45:54,869 [d9c9a1e1-e3e4-4e9b-802d-ab7594e2755b@group-6B9C05A94F7C-StateMachineUpdater] INFO  ratis.ContainerStateMachine (ContainerStateMachine.java:takeSnapshot(293)) - group-6B9C05A94F7C: Taking a snapshot at:(t:1, i:0) file /github/workspace/mnt/ozone/hadoop-ozone/integration-test/target/test-dir/MiniOzoneClusterImpl-1a3a07de-270a-423e-87a2-3dcf9ca25c10/datanode-0/data/ratis/0a6735d0-8475-4eb9-a953-6b9c05a94f7c/sm/snapshot.1_0
2020-11-20 01:45:54,869 [ForkJoinPool.commonPool-worker-1] INFO  impl.StateMachineUpdater (StateMachineUpdater.java:stopAndJoin(142)) - d9c9a1e1-e3e4-4e9b-802d-ab7594e2755b@group-6B9C05A94F7C-StateMachineUpdater: set stopIndex = 0
2020-11-20 01:45:54,870 [org.apache.ratis.server.impl.LogAppender$AppenderDaemon$$Lambda$367/830077161@31b2b9cd] WARN  server.GrpcLogAppender (GrpcLogAppender.java:mayWait(168)) - d9c9a1e1-e3e4-4e9b-802d-ab7594e2755b@group-6B9C05A94F7C->c65eb0e4-bdb4-4502-a2db-88bc3cf1e22f-GrpcLogAppender: Wait interrupted by java.lang.InterruptedException
2020-11-20 01:45:54,870 [grpc-default-executor-0] INFO  server.GrpcServerProtocolService (GrpcServerProtocolService.java:onCompleted(138)) - 0c1a18bd-e9b2-4f5e-bcd4-214c7eec5423: Completed APPEND_ENTRIES, lastRequest: d9c9a1e1-e3e4-4e9b-802d-ab7594e2755b->0c1a18bd-e9b2-4f5e-bcd4-214c7eec5423#1-t1, previous=(t:0, i:0), leaderCommit=0, initializing? false, entries: size=1, first=(t:1, i:0), CONFIGURATIONENTRY
2020-11-20 01:45:54,871 [grpc-default-executor-2] INFO  server.GrpcLogAppender (GrpcLogAppender.java:onCompleted(336)) - d9c9a1e1-e3e4-4e9b-802d-ab7594e2755b@group-6B9C05A94F7C->0c1a18bd-e9b2-4f5e-bcd4-214c7eec5423-AppendLogResponseHandler: follower responses appendEntries COMPLETED
2020-11-20 01:45:54,871 [grpc-default-executor-2] INFO  impl.FollowerInfo (FollowerInfo.java:lambda$new$0(51)) - d9c9a1e1-e3e4-4e9b-802d-ab7594e2755b@group-6B9C05A94F7C->0c1a18bd-e9b2-4f5e-bcd4-214c7eec5423: nextIndex: updateUnconditionally 1 -> 0
2020-11-20 01:45:54,872 [grpc-default-executor-2] INFO  server.GrpcServerProtocolService (GrpcServerProtocolService.java:onCompleted(138)) - c65eb0e4-bdb4-4502-a2db-88bc3cf1e22f: Completed APPEND_ENTRIES, lastRequest: d9c9a1e1-e3e4-4e9b-802d-ab7594e2755b->c65eb0e4-bdb4-4502-a2db-88bc3cf1e22f#1-t1, previous=(t:0, i:0), leaderCommit=0, initializing? false, entries: size=1, first=(t:1, i:0), CONFIGURATIONENTRY
2020-11-20 01:45:54,873 [grpc-default-executor-4] INFO  server.GrpcLogAppender (GrpcLogAppender.java:onCompleted(336)) - d9c9a1e1-e3e4-4e9b-802d-ab7594e2755b@group-6B9C05A94F7C->c65eb0e4-bdb4-4502-a2db-88bc3cf1e22f-AppendLogResponseHandler: follower responses appendEntries COMPLETED
2020-11-20 01:45:54,873 [grpc-default-executor-4] INFO  impl.FollowerInfo (FollowerInfo.java:lambda$new$0(51)) - d9c9a1e1-e3e4-4e9b-802d-ab7594e2755b@group-6B9C05A94F7C->c65eb0e4-bdb4-4502-a2db-88bc3cf1e22f: nextIndex: updateUnconditionally 1 -> 0
2020-11-20 01:45:54,934 [d9c9a1e1-e3e4-4e9b-802d-ab7594e2755b@group-6B9C05A94F7C-StateMachineUpdater] INFO  ratis.ContainerStateMachine (ContainerStateMachine.java:takeSnapshot(304)) - group-6B9C05A94F7C: Finished taking a snapshot at:(t:1, i:0) file:/github/workspace/mnt/ozone/hadoop-ozone/integration-test/target/test-dir/MiniOzoneClusterImpl-1a3a07de-270a-423e-87a2-3dcf9ca25c10/datanode-0/data/ratis/0a6735d0-8475-4eb9-a953-6b9c05a94f7c/sm/snapshot.1_0 time:64
2020-11-20 01:45:54,934 [0c1a18bd-e9b2-4f5e-bcd4-214c7eec5423@group-6B9C05A94F7C-StateMachineUpdater] INFO  ratis.ContainerStateMachine (ContainerStateMachine.java:takeSnapshot(304)) - group-6B9C05A94F7C: Finished taking a snapshot at:(t:1, i:0) file:/github/workspace/mnt/ozone/hadoop-ozone/integration-test/target/test-dir/MiniOzoneClusterImpl-1a3a07de-270a-423e-87a2-3dcf9ca25c10/datanode-1/data/ratis/0a6735d0-8475-4eb9-a953-6b9c05a94f7c/sm/snapshot.1_0 time:67
2020-11-20 01:45:54,935 [0c1a18bd-e9b2-4f5e-bcd4-214c7eec5423@group-6B9C05A94F7C-StateMachineUpdater] INFO  impl.StateMachineUpdater (StateMachineUpdater.java:takeSnapshot(277)) - 0c1a18bd-e9b2-4f5e-bcd4-214c7eec5423@group-6B9C05A94F7C-StateMachineUpdater: Took a snapshot at index 0
2020-11-20 01:45:54,935 [0c1a18bd-e9b2-4f5e-bcd4-214c7eec5423@group-6B9C05A94F7C-StateMachineUpdater] INFO  impl.StateMachineUpdater (StateMachineUpdater.java:lambda$new$0(87)) - 0c1a18bd-e9b2-4f5e-bcd4-214c7eec5423@group-6B9C05A94F7C-StateMachineUpdater: snapshotIndex: updateIncreasingly -1 -> 0
2020-11-20 01:45:54,935 [d9c9a1e1-e3e4-4e9b-802d-ab7594e2755b@group-6B9C05A94F7C-StateMachineUpdater] INFO  impl.StateMachineUpdater (StateMachineUpdater.java:takeSnapshot(277)) - d9c9a1e1-e3e4-4e9b-802d-ab7594e2755b@group-6B9C05A94F7C-StateMachineUpdater: Took a snapshot at index 0
2020-11-20 01:45:54,935 [d9c9a1e1-e3e4-4e9b-802d-ab7594e2755b@group-6B9C05A94F7C-StateMachineUpdater] INFO  impl.StateMachineUpdater (StateMachineUpdater.java:lambda$new$0(87)) - d9c9a1e1-e3e4-4e9b-802d-ab7594e2755b@group-6B9C05A94F7C-StateMachineUpdater: snapshotIndex: updateIncreasingly -1 -> 0
2020-11-20 01:45:54,939 [d9c9a1e1-e3e4-4e9b-802d-ab7594e2755b@group-6B9C05A94F7C-StateMachineUpdater] INFO  metrics.RatisMetrics (RatisMetrics.java:unregister(43)) - Unregistering Metrics Registry : ratis.state_machine.d9c9a1e1-e3e4-4e9b-802d-ab7594e2755b@group-6B9C05A94F7C
2020-11-20 01:45:54,939 [0c1a18bd-e9b2-4f5e-bcd4-214c7eec5423@group-6B9C05A94F7C-StateMachineUpdater] INFO  metrics.RatisMetrics (RatisMetrics.java:unregister(43)) - Unregistering Metrics Registry : ratis.state_machine.0c1a18bd-e9b2-4f5e-bcd4-214c7eec5423@group-6B9C05A94F7C
2020-11-20 01:45:54,939 [ForkJoinPool.commonPool-worker-1] INFO  impl.RaftServerImpl (ServerState.java:close(405)) - d9c9a1e1-e3e4-4e9b-802d-ab7594e2755b@group-6B9C05A94F7C: closes. applyIndex: 0
2020-11-20 01:45:54,939 [d9c9a1e1-e3e4-4e9b-802d-ab7594e2755b@group-6B9C05A94F7C-SegmentedRaftLogWorker] INFO  segmented.SegmentedRaftLogWorker (SegmentedRaftLogWorker.java:run(327)) - d9c9a1e1-e3e4-4e9b-802d-ab7594e2755b@group-6B9C05A94F7C-SegmentedRaftLogWorker was interrupted, exiting. There are 0 tasks remaining in the queue.
2020-11-20 01:45:54,940 [Listener at 127.0.0.1/13736] INFO  impl.RaftServerImpl (ServerState.java:close(405)) - 0c1a18bd-e9b2-4f5e-bcd4-214c7eec5423@group-6B9C05A94F7C: closes. applyIndex: 0
2020-11-20 01:45:54,940 [0c1a18bd-e9b2-4f5e-bcd4-214c7eec5423@group-6B9C05A94F7C-SegmentedRaftLogWorker] INFO  segmented.SegmentedRaftLogWorker (SegmentedRaftLogWorker.java:run(327)) - 0c1a18bd-e9b2-4f5e-bcd4-214c7eec5423@group-6B9C05A94F7C-SegmentedRaftLogWorker was interrupted, exiting. There are 0 tasks remaining in the queue.
2020-11-20 01:45:54,941 [ForkJoinPool.commonPool-worker-1] INFO  segmented.SegmentedRaftLogWorker (SegmentedRaftLogWorker.java:close(234)) - d9c9a1e1-e3e4-4e9b-802d-ab7594e2755b@group-6B9C05A94F7C-SegmentedRaftLogWorker close()
2020-11-20 01:45:54,941 [Listener at 127.0.0.1/13736] INFO  segmented.SegmentedRaftLogWorker (SegmentedRaftLogWorker.java:close(234)) - 0c1a18bd-e9b2-4f5e-bcd4-214c7eec5423@group-6B9C05A94F7C-SegmentedRaftLogWorker close()
2020-11-20 01:45:54,942 [Listener at 127.0.0.1/13736] INFO  metrics.RatisMetrics (RatisMetrics.java:unregister(43)) - Unregistering Metrics Registry : ratis.log_worker.0c1a18bd-e9b2-4f5e-bcd4-214c7eec5423@group-6B9C05A94F7C
2020-11-20 01:45:54,942 [ForkJoinPool.commonPool-worker-1] INFO  metrics.RatisMetrics (RatisMetrics.java:unregister(43)) - Unregistering Metrics Registry : ratis.log_worker.d9c9a1e1-e3e4-4e9b-802d-ab7594e2755b@group-6B9C05A94F7C
2020-11-20 01:45:54,942 [ForkJoinPool.commonPool-worker-1] INFO  metrics.RatisMetrics (RatisMetrics.java:unregister(43)) - Unregistering Metrics Registry : ratis.leader_election.d9c9a1e1-e3e4-4e9b-802d-ab7594e2755b@group-6B9C05A94F7C
2020-11-20 01:45:54,942 [ForkJoinPool.commonPool-worker-1] INFO  metrics.RatisMetrics (RatisMetrics.java:unregister(43)) - Unregistering Metrics Registry : ratis.server.d9c9a1e1-e3e4-4e9b-802d-ab7594e2755b@group-6B9C05A94F7C
2020-11-20 01:45:54,942 [ForkJoinPool.commonPool-worker-1] INFO  impl.RaftServerImpl (RaftServerImpl.java:lambda$shutdown$3(321)) - d9c9a1e1-e3e4-4e9b-802d-ab7594e2755b@group-487D6035704B: shutdown
2020-11-20 01:45:54,942 [ForkJoinPool.commonPool-worker-1] INFO  util.JmxRegister (JmxRegister.java:unregister(73)) - Successfully un-registered JMX Bean with object name Ratis:service=RaftServer,group=group-487D6035704B,id=d9c9a1e1-e3e4-4e9b-802d-ab7594e2755b
2020-11-20 01:45:54,942 [ForkJoinPool.commonPool-worker-1] INFO  impl.RoleInfo (RoleInfo.java:shutdownLeaderState(104)) - d9c9a1e1-e3e4-4e9b-802d-ab7594e2755b: shutdown LeaderState
2020-11-20 01:45:54,943 [ForkJoinPool.commonPool-worker-1] INFO  impl.PendingRequests (PendingRequests.java:sendNotLeaderResponses(249)) - d9c9a1e1-e3e4-4e9b-802d-ab7594e2755b@group-487D6035704B-PendingRequests: sendNotLeaderResponses
2020-11-20 01:45:54,943 [ForkJoinPool.commonPool-worker-1] INFO  metrics.RatisMetrics (RatisMetrics.java:unregister(43)) - Unregistering Metrics Registry : ratis.log_appender.d9c9a1e1-e3e4-4e9b-802d-ab7594e2755b@group-487D6035704B
2020-11-20 01:45:54,943 [ForkJoinPool.commonPool-worker-1] INFO  metrics.RatisMetrics (RatisMetrics.java:unregister(43)) - Unregistering Metrics Registry : ratis.server.d9c9a1e1-e3e4-4e9b-802d-ab7594e2755b@group-487D6035704B
2020-11-20 01:45:54,943 [ForkJoinPool.commonPool-worker-1] INFO  impl.StateMachineUpdater (StateMachineUpdater.java:stopAndJoin(142)) - d9c9a1e1-e3e4-4e9b-802d-ab7594e2755b@group-487D6035704B-StateMachineUpdater: set stopIndex = 0
2020-11-20 01:45:54,942 [Listener at 127.0.0.1/13736] INFO  metrics.RatisMetrics (RatisMetrics.java:unregister(43)) - Unregistering Metrics Registry : ratis.leader_election.0c1a18bd-e9b2-4f5e-bcd4-214c7eec5423@group-6B9C05A94F7C
2020-11-20 01:45:54,943 [d9c9a1e1-e3e4-4e9b-802d-ab7594e2755b@group-487D6035704B-StateMachineUpdater] INFO  ratis.ContainerStateMachine (ContainerStateMachine.java:takeSnapshot(293)) - group-487D6035704B: Taking a snapshot at:(t:1, i:0) file /github/workspace/mnt/ozone/hadoop-ozone/integration-test/target/test-dir/MiniOzoneClusterImpl-1a3a07de-270a-423e-87a2-3dcf9ca25c10/datanode-0/data/ratis/2cdbc183-aca3-4e28-99cc-487d6035704b/sm/snapshot.1_0
2020-11-20 01:45:54,943 [Listener at 127.0.0.1/13736] INFO  metrics.RatisMetrics (RatisMetrics.java:unregister(43)) - Unregistering Metrics Registry : ratis.server.0c1a18bd-e9b2-4f5e-bcd4-214c7eec5423@group-6B9C05A94F7C
2020-11-20 01:45:54,944 [Listener at 127.0.0.1/13736] INFO  impl.RaftServerImpl (RaftServerImpl.java:lambda$shutdown$3(321)) - 0c1a18bd-e9b2-4f5e-bcd4-214c7eec5423@group-A185FDF1A4BD: shutdown
2020-11-20 01:45:54,944 [Listener at 127.0.0.1/13736] INFO  util.JmxRegister (JmxRegister.java:unregister(73)) - Successfully un-registered JMX Bean with object name Ratis:service=RaftServer,group=group-A185FDF1A4BD,id=0c1a18bd-e9b2-4f5e-bcd4-214c7eec5423
2020-11-20 01:45:54,944 [Listener at 127.0.0.1/13736] INFO  impl.RoleInfo (RoleInfo.java:shutdownLeaderState(104)) - 0c1a18bd-e9b2-4f5e-bcd4-214c7eec5423: shutdown LeaderState
2020-11-20 01:45:54,944 [Listener at 127.0.0.1/13736] INFO  impl.PendingRequests (PendingRequests.java:sendNotLeaderResponses(249)) - 0c1a18bd-e9b2-4f5e-bcd4-214c7eec5423@group-A185FDF1A4BD-PendingRequests: sendNotLeaderResponses
2020-11-20 01:45:54,944 [Listener at 127.0.0.1/13736] INFO  metrics.RatisMetrics (RatisMetrics.java:unregister(43)) - Unregistering Metrics Registry : ratis.log_appender.0c1a18bd-e9b2-4f5e-bcd4-214c7eec5423@group-A185FDF1A4BD
2020-11-20 01:45:54,945 [Listener at 127.0.0.1/13736] INFO  metrics.RatisMetrics (RatisMetrics.java:unregister(43)) - Unregistering Metrics Registry : ratis.server.0c1a18bd-e9b2-4f5e-bcd4-214c7eec5423@group-A185FDF1A4BD
2020-11-20 01:45:54,945 [0c1a18bd-e9b2-4f5e-bcd4-214c7eec5423@group-A185FDF1A4BD-StateMachineUpdater] INFO  ratis.ContainerStateMachine (ContainerStateMachine.java:takeSnapshot(293)) - group-A185FDF1A4BD: Taking a snapshot at:(t:1, i:0) file /github/workspace/mnt/ozone/hadoop-ozone/integration-test/target/test-dir/MiniOzoneClusterImpl-1a3a07de-270a-423e-87a2-3dcf9ca25c10/datanode-1/data/ratis/9da54df6-84fe-417b-833c-a185fdf1a4bd/sm/snapshot.1_0
2020-11-20 01:45:54,945 [d9c9a1e1-e3e4-4e9b-802d-ab7594e2755b@group-487D6035704B-StateMachineUpdater] INFO  ratis.ContainerStateMachine (ContainerStateMachine.java:takeSnapshot(304)) - group-487D6035704B: Finished taking a snapshot at:(t:1, i:0) file:/github/workspace/mnt/ozone/hadoop-ozone/integration-test/target/test-dir/MiniOzoneClusterImpl-1a3a07de-270a-423e-87a2-3dcf9ca25c10/datanode-0/data/ratis/2cdbc183-aca3-4e28-99cc-487d6035704b/sm/snapshot.1_0 time:2
2020-11-20 01:45:54,945 [d9c9a1e1-e3e4-4e9b-802d-ab7594e2755b@group-487D6035704B-StateMachineUpdater] INFO  impl.StateMachineUpdater (StateMachineUpdater.java:takeSnapshot(277)) - d9c9a1e1-e3e4-4e9b-802d-ab7594e2755b@group-487D6035704B-StateMachineUpdater: Took a snapshot at index 0
2020-11-20 01:45:54,946 [d9c9a1e1-e3e4-4e9b-802d-ab7594e2755b@group-487D6035704B-StateMachineUpdater] INFO  impl.StateMachineUpdater (StateMachineUpdater.java:lambda$new$0(87)) - d9c9a1e1-e3e4-4e9b-802d-ab7594e2755b@group-487D6035704B-StateMachineUpdater: snapshotIndex: updateIncreasingly -1 -> 0
2020-11-20 01:45:54,946 [d9c9a1e1-e3e4-4e9b-802d-ab7594e2755b@group-487D6035704B-StateMachineUpdater] INFO  metrics.RatisMetrics (RatisMetrics.java:unregister(43)) - Unregistering Metrics Registry : ratis.state_machine.d9c9a1e1-e3e4-4e9b-802d-ab7594e2755b@group-487D6035704B
2020-11-20 01:45:54,946 [ForkJoinPool.commonPool-worker-1] INFO  impl.RaftServerImpl (ServerState.java:close(405)) - d9c9a1e1-e3e4-4e9b-802d-ab7594e2755b@group-487D6035704B: closes. applyIndex: 0
2020-11-20 01:45:54,946 [Listener at 127.0.0.1/13736] INFO  impl.StateMachineUpdater (StateMachineUpdater.java:stopAndJoin(142)) - 0c1a18bd-e9b2-4f5e-bcd4-214c7eec5423@group-A185FDF1A4BD-StateMachineUpdater: set stopIndex = 0
2020-11-20 01:45:54,946 [0c1a18bd-e9b2-4f5e-bcd4-214c7eec5423@group-A185FDF1A4BD-StateMachineUpdater] INFO  ratis.ContainerStateMachine (ContainerStateMachine.java:takeSnapshot(304)) - group-A185FDF1A4BD: Finished taking a snapshot at:(t:1, i:0) file:/github/workspace/mnt/ozone/hadoop-ozone/integration-test/target/test-dir/MiniOzoneClusterImpl-1a3a07de-270a-423e-87a2-3dcf9ca25c10/datanode-1/data/ratis/9da54df6-84fe-417b-833c-a185fdf1a4bd/sm/snapshot.1_0 time:1
2020-11-20 01:45:54,947 [0c1a18bd-e9b2-4f5e-bcd4-214c7eec5423@group-A185FDF1A4BD-StateMachineUpdater] INFO  impl.StateMachineUpdater (StateMachineUpdater.java:takeSnapshot(277)) - 0c1a18bd-e9b2-4f5e-bcd4-214c7eec5423@group-A185FDF1A4BD-StateMachineUpdater: Took a snapshot at index 0
2020-11-20 01:45:54,947 [0c1a18bd-e9b2-4f5e-bcd4-214c7eec5423@group-A185FDF1A4BD-StateMachineUpdater] INFO  impl.StateMachineUpdater (StateMachineUpdater.java:lambda$new$0(87)) - 0c1a18bd-e9b2-4f5e-bcd4-214c7eec5423@group-A185FDF1A4BD-StateMachineUpdater: snapshotIndex: updateIncreasingly -1 -> 0
2020-11-20 01:45:54,947 [0c1a18bd-e9b2-4f5e-bcd4-214c7eec5423@group-A185FDF1A4BD-StateMachineUpdater] INFO  metrics.RatisMetrics (RatisMetrics.java:unregister(43)) - Unregistering Metrics Registry : ratis.state_machine.0c1a18bd-e9b2-4f5e-bcd4-214c7eec5423@group-A185FDF1A4BD
2020-11-20 01:45:54,947 [d9c9a1e1-e3e4-4e9b-802d-ab7594e2755b@group-487D6035704B-SegmentedRaftLogWorker] INFO  segmented.SegmentedRaftLogWorker (SegmentedRaftLogWorker.java:run(327)) - d9c9a1e1-e3e4-4e9b-802d-ab7594e2755b@group-487D6035704B-SegmentedRaftLogWorker was interrupted, exiting. There are 0 tasks remaining in the queue.
2020-11-20 01:45:54,947 [Listener at 127.0.0.1/13736] INFO  impl.RaftServerImpl (ServerState.java:close(405)) - 0c1a18bd-e9b2-4f5e-bcd4-214c7eec5423@group-A185FDF1A4BD: closes. applyIndex: 0
2020-11-20 01:45:54,948 [0c1a18bd-e9b2-4f5e-bcd4-214c7eec5423@group-A185FDF1A4BD-SegmentedRaftLogWorker] INFO  segmented.SegmentedRaftLogWorker (SegmentedRaftLogWorker.java:run(327)) - 0c1a18bd-e9b2-4f5e-bcd4-214c7eec5423@group-A185FDF1A4BD-SegmentedRaftLogWorker was interrupted, exiting. There are 0 tasks remaining in the queue.
2020-11-20 01:45:54,948 [ForkJoinPool.commonPool-worker-1] INFO  segmented.SegmentedRaftLogWorker (SegmentedRaftLogWorker.java:close(234)) - d9c9a1e1-e3e4-4e9b-802d-ab7594e2755b@group-487D6035704B-SegmentedRaftLogWorker close()
2020-11-20 01:45:54,949 [ForkJoinPool.commonPool-worker-1] INFO  metrics.RatisMetrics (RatisMetrics.java:unregister(43)) - Unregistering Metrics Registry : ratis.log_worker.d9c9a1e1-e3e4-4e9b-802d-ab7594e2755b@group-487D6035704B
2020-11-20 01:45:54,949 [ForkJoinPool.commonPool-worker-1] INFO  metrics.RatisMetrics (RatisMetrics.java:unregister(43)) - Unregistering Metrics Registry : ratis.leader_election.d9c9a1e1-e3e4-4e9b-802d-ab7594e2755b@group-487D6035704B
2020-11-20 01:45:54,949 [ForkJoinPool.commonPool-worker-1] INFO  metrics.RatisMetrics (RatisMetrics.java:unregister(43)) - Unregistering Metrics Registry : ratis.server.d9c9a1e1-e3e4-4e9b-802d-ab7594e2755b@group-487D6035704B
2020-11-20 01:45:54,949 [ForkJoinPool.commonPool-worker-1] INFO  server.GrpcService (GrpcService.java:closeImpl(183)) - d9c9a1e1-e3e4-4e9b-802d-ab7594e2755b: shutdown server with port 33133 now
2020-11-20 01:45:54,950 [Listener at 127.0.0.1/13736] INFO  segmented.SegmentedRaftLogWorker (SegmentedRaftLogWorker.java:close(234)) - 0c1a18bd-e9b2-4f5e-bcd4-214c7eec5423@group-A185FDF1A4BD-SegmentedRaftLogWorker close()
2020-11-20 01:45:54,951 [Listener at 127.0.0.1/13736] INFO  metrics.RatisMetrics (RatisMetrics.java:unregister(43)) - Unregistering Metrics Registry : ratis.log_worker.0c1a18bd-e9b2-4f5e-bcd4-214c7eec5423@group-A185FDF1A4BD
2020-11-20 01:45:54,951 [Listener at 127.0.0.1/13736] INFO  metrics.RatisMetrics (RatisMetrics.java:unregister(43)) - Unregistering Metrics Registry : ratis.leader_election.0c1a18bd-e9b2-4f5e-bcd4-214c7eec5423@group-A185FDF1A4BD
2020-11-20 01:45:54,951 [Listener at 127.0.0.1/13736] INFO  metrics.RatisMetrics (RatisMetrics.java:unregister(43)) - Unregistering Metrics Registry : ratis.server.0c1a18bd-e9b2-4f5e-bcd4-214c7eec5423@group-A185FDF1A4BD
2020-11-20 01:45:54,951 [Listener at 127.0.0.1/13736] INFO  server.GrpcService (GrpcService.java:closeImpl(183)) - 0c1a18bd-e9b2-4f5e-bcd4-214c7eec5423: shutdown server with port 45735 now
2020-11-20 01:45:54,955 [Listener at 127.0.0.1/13736] INFO  server.GrpcService (GrpcService.java:closeImpl(191)) - 0c1a18bd-e9b2-4f5e-bcd4-214c7eec5423: shutdown server with port 45735 successfully
2020-11-20 01:45:54,955 [ForkJoinPool.commonPool-worker-1] INFO  server.GrpcService (GrpcService.java:closeImpl(191)) - d9c9a1e1-e3e4-4e9b-802d-ab7594e2755b: shutdown server with port 33133 successfully
2020-11-20 01:45:54,966 [Listener at 127.0.0.1/13736] INFO  utils.BackgroundService (BackgroundService.java:shutdown(132)) - Shutting down service BlockDeletingService
2020-11-20 01:45:54,966 [ForkJoinPool.commonPool-worker-1] INFO  utils.BackgroundService (BackgroundService.java:shutdown(132)) - Shutting down service BlockDeletingService
2020-11-20 01:45:54,968 [Listener at 127.0.0.1/13736] INFO  statemachine.DatanodeStateMachine (DatanodeStateMachine.java:stopDaemon(459)) - Ozone container server stopped.
2020-11-20 01:45:54,969 [ForkJoinPool.commonPool-worker-1] INFO  statemachine.DatanodeStateMachine (DatanodeStateMachine.java:stopDaemon(459)) - Ozone container server stopped.
2020-11-20 01:45:54,977 [Listener at 127.0.0.1/13736] INFO  handler.ContextHandler (ContextHandler.java:doStop(1154)) - Stopped o.e.j.w.WebAppContext@ca6ff8b{hddsDatanode,/,null,STOPPED}{jar:file:/home/user/.m2/repository/org/apache/hadoop/hadoop-hdds-container-service/1.1.0-SNAPSHOT/hadoop-hdds-container-service-1.1.0-SNAPSHOT.jar!/webapps/hddsDatanode}
2020-11-20 01:45:54,982 [Listener at 127.0.0.1/13736] INFO  server.AbstractConnector (AbstractConnector.java:doStop(381)) - Stopped ServerConnector@6aa650dd{HTTP/1.1, (http/1.1)}{0.0.0.0:0}
2020-11-20 01:45:54,982 [Listener at 127.0.0.1/13736] INFO  server.session (HouseKeeper.java:stopScavenging(149)) - node0 Stopped scavenging
2020-11-20 01:45:54,982 [Listener at 127.0.0.1/13736] INFO  handler.ContextHandler (ContextHandler.java:doStop(1154)) - Stopped o.e.j.s.ServletContextHandler@415528b{static,/static,jar:file:/home/user/.m2/repository/org/apache/hadoop/hadoop-hdds-container-service/1.1.0-SNAPSHOT/hadoop-hdds-container-service-1.1.0-SNAPSHOT.jar!/webapps/static,STOPPED}
2020-11-20 01:45:54,982 [Listener at 127.0.0.1/13736] INFO  handler.ContextHandler (ContextHandler.java:doStop(1154)) - Stopped o.e.j.s.ServletContextHandler@13db2f9d{logs,/logs,file:///github/workspace/mnt/ozone/hadoop-ozone/integration-test/target/log,STOPPED}
2020-11-20 01:45:54,986 [ForkJoinPool.commonPool-worker-1] INFO  handler.ContextHandler (ContextHandler.java:doStop(1154)) - Stopped o.e.j.w.WebAppContext@774a17ca{hddsDatanode,/,null,STOPPED}{jar:file:/home/user/.m2/repository/org/apache/hadoop/hadoop-hdds-container-service/1.1.0-SNAPSHOT/hadoop-hdds-container-service-1.1.0-SNAPSHOT.jar!/webapps/hddsDatanode}
2020-11-20 01:45:54,987 [ForkJoinPool.commonPool-worker-1] INFO  server.AbstractConnector (AbstractConnector.java:doStop(381)) - Stopped ServerConnector@14292eac{HTTP/1.1, (http/1.1)}{0.0.0.0:0}
2020-11-20 01:45:54,987 [ForkJoinPool.commonPool-worker-1] INFO  server.session (HouseKeeper.java:stopScavenging(149)) - node0 Stopped scavenging
2020-11-20 01:45:54,987 [ForkJoinPool.commonPool-worker-1] INFO  handler.ContextHandler (ContextHandler.java:doStop(1154)) - Stopped o.e.j.s.ServletContextHandler@729d7284{static,/static,jar:file:/home/user/.m2/repository/org/apache/hadoop/hadoop-hdds-container-service/1.1.0-SNAPSHOT/hadoop-hdds-container-service-1.1.0-SNAPSHOT.jar!/webapps/static,STOPPED}
2020-11-20 01:45:54,988 [ForkJoinPool.commonPool-worker-1] INFO  handler.ContextHandler (ContextHandler.java:doStop(1154)) - Stopped o.e.j.s.ServletContextHandler@c00d9c2{logs,/logs,file:///github/workspace/mnt/ozone/hadoop-ozone/integration-test/target/log,STOPPED}
2020-11-20 01:45:55,190 [Datanode State Machine Thread - 0] INFO  statemachine.DatanodeStateMachine (DatanodeStateMachine.java:lambda$startDaemon$0(406)) - Ozone container server started.
2020-11-20 01:45:59,984 [Listener at 127.0.0.1/13736] INFO  ozoneimpl.OzoneContainer (OzoneContainer.java:stop(257)) - Attempting to stop container services.
2020-11-20 01:45:59,985 [Listener at 127.0.0.1/13736] INFO  impl.RaftServerProxy (RaftServerProxy.java:lambda$close$4(322)) - c65eb0e4-bdb4-4502-a2db-88bc3cf1e22f: close
2020-11-20 01:45:59,985 [Listener at 127.0.0.1/13736] INFO  impl.RaftServerImpl (RaftServerImpl.java:lambda$shutdown$3(321)) - c65eb0e4-bdb4-4502-a2db-88bc3cf1e22f@group-6B9C05A94F7C: shutdown
2020-11-20 01:45:59,985 [Listener at 127.0.0.1/13736] INFO  util.JmxRegister (JmxRegister.java:unregister(73)) - Successfully un-registered JMX Bean with object name Ratis:service=RaftServer,group=group-6B9C05A94F7C,id=c65eb0e4-bdb4-4502-a2db-88bc3cf1e22f
2020-11-20 01:45:59,985 [Listener at 127.0.0.1/13736] INFO  impl.RoleInfo (RoleInfo.java:shutdownFollowerState(121)) - c65eb0e4-bdb4-4502-a2db-88bc3cf1e22f: shutdown FollowerState
2020-11-20 01:45:59,985 [Listener at 127.0.0.1/13736] INFO  impl.StateMachineUpdater (StateMachineUpdater.java:stopAndJoin(142)) - c65eb0e4-bdb4-4502-a2db-88bc3cf1e22f@group-6B9C05A94F7C-StateMachineUpdater: set stopIndex = 0
2020-11-20 01:45:59,986 [Thread-343] INFO  impl.FollowerState (FollowerState.java:run(117)) - c65eb0e4-bdb4-4502-a2db-88bc3cf1e22f@group-6B9C05A94F7C-FollowerState was interrupted: java.lang.InterruptedException: sleep interrupted
2020-11-20 01:45:59,987 [c65eb0e4-bdb4-4502-a2db-88bc3cf1e22f@group-6B9C05A94F7C-StateMachineUpdater] INFO  ratis.ContainerStateMachine (ContainerStateMachine.java:takeSnapshot(293)) - group-6B9C05A94F7C: Taking a snapshot at:(t:1, i:0) file /github/workspace/mnt/ozone/hadoop-ozone/integration-test/target/test-dir/MiniOzoneClusterImpl-1a3a07de-270a-423e-87a2-3dcf9ca25c10/datanode-2/data/ratis/0a6735d0-8475-4eb9-a953-6b9c05a94f7c/sm/snapshot.1_0
2020-11-20 01:45:59,987 [c65eb0e4-bdb4-4502-a2db-88bc3cf1e22f@group-6B9C05A94F7C-StateMachineUpdater] INFO  ratis.ContainerStateMachine (ContainerStateMachine.java:takeSnapshot(304)) - group-6B9C05A94F7C: Finished taking a snapshot at:(t:1, i:0) file:/github/workspace/mnt/ozone/hadoop-ozone/integration-test/target/test-dir/MiniOzoneClusterImpl-1a3a07de-270a-423e-87a2-3dcf9ca25c10/datanode-2/data/ratis/0a6735d0-8475-4eb9-a953-6b9c05a94f7c/sm/snapshot.1_0 time:2
2020-11-20 01:45:59,988 [c65eb0e4-bdb4-4502-a2db-88bc3cf1e22f@group-6B9C05A94F7C-StateMachineUpdater] INFO  impl.StateMachineUpdater (StateMachineUpdater.java:takeSnapshot(277)) - c65eb0e4-bdb4-4502-a2db-88bc3cf1e22f@group-6B9C05A94F7C-StateMachineUpdater: Took a snapshot at index 0
2020-11-20 01:45:59,988 [c65eb0e4-bdb4-4502-a2db-88bc3cf1e22f@group-6B9C05A94F7C-StateMachineUpdater] INFO  impl.StateMachineUpdater (StateMachineUpdater.java:lambda$new$0(87)) - c65eb0e4-bdb4-4502-a2db-88bc3cf1e22f@group-6B9C05A94F7C-StateMachineUpdater: snapshotIndex: updateIncreasingly -1 -> 0
2020-11-20 01:45:59,988 [c65eb0e4-bdb4-4502-a2db-88bc3cf1e22f@group-6B9C05A94F7C-StateMachineUpdater] INFO  metrics.RatisMetrics (RatisMetrics.java:unregister(43)) - Unregistering Metrics Registry : ratis.state_machine.c65eb0e4-bdb4-4502-a2db-88bc3cf1e22f@group-6B9C05A94F7C
2020-11-20 01:45:59,989 [Listener at 127.0.0.1/13736] INFO  impl.RaftServerImpl (ServerState.java:close(405)) - c65eb0e4-bdb4-4502-a2db-88bc3cf1e22f@group-6B9C05A94F7C: closes. applyIndex: 0
2020-11-20 01:45:59,989 [c65eb0e4-bdb4-4502-a2db-88bc3cf1e22f@group-6B9C05A94F7C-SegmentedRaftLogWorker] INFO  segmented.SegmentedRaftLogWorker (SegmentedRaftLogWorker.java:run(327)) - c65eb0e4-bdb4-4502-a2db-88bc3cf1e22f@group-6B9C05A94F7C-SegmentedRaftLogWorker was interrupted, exiting. There are 0 tasks remaining in the queue.
2020-11-20 01:45:59,990 [Listener at 127.0.0.1/13736] INFO  segmented.SegmentedRaftLogWorker (SegmentedRaftLogWorker.java:close(234)) - c65eb0e4-bdb4-4502-a2db-88bc3cf1e22f@group-6B9C05A94F7C-SegmentedRaftLogWorker close()
2020-11-20 01:45:59,990 [Listener at 127.0.0.1/13736] INFO  metrics.RatisMetrics (RatisMetrics.java:unregister(43)) - Unregistering Metrics Registry : ratis.log_worker.c65eb0e4-bdb4-4502-a2db-88bc3cf1e22f@group-6B9C05A94F7C
2020-11-20 01:45:59,991 [Listener at 127.0.0.1/13736] INFO  metrics.RatisMetrics (RatisMetrics.java:unregister(43)) - Unregistering Metrics Registry : ratis.leader_election.c65eb0e4-bdb4-4502-a2db-88bc3cf1e22f@group-6B9C05A94F7C
2020-11-20 01:45:59,991 [Listener at 127.0.0.1/13736] INFO  metrics.RatisMetrics (RatisMetrics.java:unregister(43)) - Unregistering Metrics Registry : ratis.server.c65eb0e4-bdb4-4502-a2db-88bc3cf1e22f@group-6B9C05A94F7C
2020-11-20 01:45:59,991 [Listener at 127.0.0.1/13736] INFO  impl.RaftServerImpl (RaftServerImpl.java:lambda$shutdown$3(321)) - c65eb0e4-bdb4-4502-a2db-88bc3cf1e22f@group-0435CD6AE8AC: shutdown
2020-11-20 01:45:59,991 [Listener at 127.0.0.1/13736] INFO  util.JmxRegister (JmxRegister.java:unregister(73)) - Successfully un-registered JMX Bean with object name Ratis:service=RaftServer,group=group-0435CD6AE8AC,id=c65eb0e4-bdb4-4502-a2db-88bc3cf1e22f
2020-11-20 01:45:59,991 [Listener at 127.0.0.1/13736] INFO  impl.RoleInfo (RoleInfo.java:shutdownLeaderState(104)) - c65eb0e4-bdb4-4502-a2db-88bc3cf1e22f: shutdown LeaderState
2020-11-20 01:45:59,992 [Listener at 127.0.0.1/13736] INFO  impl.PendingRequests (PendingRequests.java:sendNotLeaderResponses(249)) - c65eb0e4-bdb4-4502-a2db-88bc3cf1e22f@group-0435CD6AE8AC-PendingRequests: sendNotLeaderResponses
2020-11-20 01:45:59,992 [Listener at 127.0.0.1/13736] INFO  metrics.RatisMetrics (RatisMetrics.java:unregister(43)) - Unregistering Metrics Registry : ratis.log_appender.c65eb0e4-bdb4-4502-a2db-88bc3cf1e22f@group-0435CD6AE8AC
2020-11-20 01:45:59,992 [Listener at 127.0.0.1/13736] INFO  metrics.RatisMetrics (RatisMetrics.java:unregister(43)) - Unregistering Metrics Registry : ratis.server.c65eb0e4-bdb4-4502-a2db-88bc3cf1e22f@group-0435CD6AE8AC
2020-11-20 01:45:59,992 [Listener at 127.0.0.1/13736] INFO  impl.StateMachineUpdater (StateMachineUpdater.java:stopAndJoin(142)) - c65eb0e4-bdb4-4502-a2db-88bc3cf1e22f@group-0435CD6AE8AC-StateMachineUpdater: set stopIndex = 0
2020-11-20 01:45:59,993 [c65eb0e4-bdb4-4502-a2db-88bc3cf1e22f@group-0435CD6AE8AC-StateMachineUpdater] INFO  ratis.ContainerStateMachine (ContainerStateMachine.java:takeSnapshot(293)) - group-0435CD6AE8AC: Taking a snapshot at:(t:1, i:0) file /github/workspace/mnt/ozone/hadoop-ozone/integration-test/target/test-dir/MiniOzoneClusterImpl-1a3a07de-270a-423e-87a2-3dcf9ca25c10/datanode-2/data/ratis/73be0d71-d3dd-45e7-9e90-0435cd6ae8ac/sm/snapshot.1_0
2020-11-20 01:45:59,993 [c65eb0e4-bdb4-4502-a2db-88bc3cf1e22f@group-0435CD6AE8AC-StateMachineUpdater] INFO  ratis.ContainerStateMachine (ContainerStateMachine.java:takeSnapshot(304)) - group-0435CD6AE8AC: Finished taking a snapshot at:(t:1, i:0) file:/github/workspace/mnt/ozone/hadoop-ozone/integration-test/target/test-dir/MiniOzoneClusterImpl-1a3a07de-270a-423e-87a2-3dcf9ca25c10/datanode-2/data/ratis/73be0d71-d3dd-45e7-9e90-0435cd6ae8ac/sm/snapshot.1_0 time:1
2020-11-20 01:45:59,994 [c65eb0e4-bdb4-4502-a2db-88bc3cf1e22f@group-0435CD6AE8AC-StateMachineUpdater] INFO  impl.StateMachineUpdater (StateMachineUpdater.java:takeSnapshot(277)) - c65eb0e4-bdb4-4502-a2db-88bc3cf1e22f@group-0435CD6AE8AC-StateMachineUpdater: Took a snapshot at index 0
2020-11-20 01:45:59,994 [c65eb0e4-bdb4-4502-a2db-88bc3cf1e22f@group-0435CD6AE8AC-StateMachineUpdater] INFO  impl.StateMachineUpdater (StateMachineUpdater.java:lambda$new$0(87)) - c65eb0e4-bdb4-4502-a2db-88bc3cf1e22f@group-0435CD6AE8AC-StateMachineUpdater: snapshotIndex: updateIncreasingly -1 -> 0
2020-11-20 01:45:59,994 [c65eb0e4-bdb4-4502-a2db-88bc3cf1e22f@group-0435CD6AE8AC-StateMachineUpdater] INFO  metrics.RatisMetrics (RatisMetrics.java:unregister(43)) - Unregistering Metrics Registry : ratis.state_machine.c65eb0e4-bdb4-4502-a2db-88bc3cf1e22f@group-0435CD6AE8AC
2020-11-20 01:45:59,994 [Listener at 127.0.0.1/13736] INFO  impl.RaftServerImpl (ServerState.java:close(405)) - c65eb0e4-bdb4-4502-a2db-88bc3cf1e22f@group-0435CD6AE8AC: closes. applyIndex: 0
2020-11-20 01:45:59,994 [c65eb0e4-bdb4-4502-a2db-88bc3cf1e22f@group-0435CD6AE8AC-SegmentedRaftLogWorker] INFO  segmented.SegmentedRaftLogWorker (SegmentedRaftLogWorker.java:run(327)) - c65eb0e4-bdb4-4502-a2db-88bc3cf1e22f@group-0435CD6AE8AC-SegmentedRaftLogWorker was interrupted, exiting. There are 0 tasks remaining in the queue.
2020-11-20 01:45:59,996 [Listener at 127.0.0.1/13736] INFO  segmented.SegmentedRaftLogWorker (SegmentedRaftLogWorker.java:close(234)) - c65eb0e4-bdb4-4502-a2db-88bc3cf1e22f@group-0435CD6AE8AC-SegmentedRaftLogWorker close()
2020-11-20 01:45:59,996 [Listener at 127.0.0.1/13736] INFO  metrics.RatisMetrics (RatisMetrics.java:unregister(43)) - Unregistering Metrics Registry : ratis.log_worker.c65eb0e4-bdb4-4502-a2db-88bc3cf1e22f@group-0435CD6AE8AC
2020-11-20 01:45:59,996 [Listener at 127.0.0.1/13736] INFO  metrics.RatisMetrics (RatisMetrics.java:unregister(43)) - Unregistering Metrics Registry : ratis.leader_election.c65eb0e4-bdb4-4502-a2db-88bc3cf1e22f@group-0435CD6AE8AC
2020-11-20 01:45:59,997 [Listener at 127.0.0.1/13736] INFO  metrics.RatisMetrics (RatisMetrics.java:unregister(43)) - Unregistering Metrics Registry : ratis.server.c65eb0e4-bdb4-4502-a2db-88bc3cf1e22f@group-0435CD6AE8AC
2020-11-20 01:45:59,997 [Listener at 127.0.0.1/13736] INFO  server.GrpcService (GrpcService.java:closeImpl(183)) - c65eb0e4-bdb4-4502-a2db-88bc3cf1e22f: shutdown server with port 41987 now
2020-11-20 01:45:59,997 [Listener at 127.0.0.1/13736] INFO  server.GrpcService (GrpcService.java:closeImpl(191)) - c65eb0e4-bdb4-4502-a2db-88bc3cf1e22f: shutdown server with port 41987 successfully
2020-11-20 01:46:00,001 [Listener at 127.0.0.1/13736] INFO  utils.BackgroundService (BackgroundService.java:shutdown(132)) - Shutting down service BlockDeletingService
2020-11-20 01:46:00,003 [Listener at 127.0.0.1/13736] INFO  statemachine.DatanodeStateMachine (DatanodeStateMachine.java:stopDaemon(459)) - Ozone container server stopped.
2020-11-20 01:46:00,012 [Listener at 127.0.0.1/13736] INFO  handler.ContextHandler (ContextHandler.java:doStop(1154)) - Stopped o.e.j.w.WebAppContext@19325f94{hddsDatanode,/,null,STOPPED}{jar:file:/home/user/.m2/repository/org/apache/hadoop/hadoop-hdds-container-service/1.1.0-SNAPSHOT/hadoop-hdds-container-service-1.1.0-SNAPSHOT.jar!/webapps/hddsDatanode}
2020-11-20 01:46:00,013 [Listener at 127.0.0.1/13736] INFO  server.AbstractConnector (AbstractConnector.java:doStop(381)) - Stopped ServerConnector@12188ed1{HTTP/1.1, (http/1.1)}{0.0.0.0:0}
2020-11-20 01:46:00,013 [Listener at 127.0.0.1/13736] INFO  server.session (HouseKeeper.java:stopScavenging(149)) - node0 Stopped scavenging
2020-11-20 01:46:00,014 [Listener at 127.0.0.1/13736] INFO  handler.ContextHandler (ContextHandler.java:doStop(1154)) - Stopped o.e.j.s.ServletContextHandler@36afbcc6{static,/static,jar:file:/home/user/.m2/repository/org/apache/hadoop/hadoop-hdds-container-service/1.1.0-SNAPSHOT/hadoop-hdds-container-service-1.1.0-SNAPSHOT.jar!/webapps/static,STOPPED}
2020-11-20 01:46:00,014 [Listener at 127.0.0.1/13736] INFO  handler.ContextHandler (ContextHandler.java:doStop(1154)) - Stopped o.e.j.s.ServletContextHandler@6cd153b4{logs,/logs,file:///github/workspace/mnt/ozone/hadoop-ozone/integration-test/target/log,STOPPED}
2020-11-20 01:46:00,015 [Listener at 127.0.0.1/13736] INFO  ozone.MiniOzoneClusterImpl (MiniOzoneClusterImpl.java:stopSCM(477)) - Stopping the StorageContainerManager
2020-11-20 01:46:00,015 [Listener at 127.0.0.1/13736] INFO  server.StorageContainerManager (StorageContainerManager.java:stop(832)) - Stopping Replication Manager Service.
2020-11-20 01:46:00,015 [Listener at 127.0.0.1/13736] INFO  container.ReplicationManager (ReplicationManager.java:stop(219)) - Stopping Replication Monitor Thread.
2020-11-20 01:46:00,017 [Listener at 127.0.0.1/13736] INFO  server.StorageContainerManager (StorageContainerManager.java:stop(839)) - Stopping Lease Manager of the command watchers
2020-11-20 01:46:00,017 [Listener at 127.0.0.1/13736] INFO  server.StorageContainerManager (StorageContainerManager.java:stop(846)) - Stopping datanode service RPC server
2020-11-20 01:46:00,017 [CommandWatcher-LeaseManager#LeaseMonitor] ERROR lease.LeaseManager (LeaseManager.java:run(238)) - Execution was interrupted 
java.lang.InterruptedException: sleep interrupted
	at java.lang.Thread.sleep(Native Method)
	at org.apache.hadoop.ozone.lease.LeaseManager$LeaseMonitor.run(LeaseManager.java:234)
	at java.lang.Thread.run(Thread.java:748)
2020-11-20 01:46:00,017 [Listener at 127.0.0.1/13736] INFO  server.SCMDatanodeProtocolServer (SCMDatanodeProtocolServer.java:stop(361)) - Stopping the RPC server for DataNodes
2020-11-20 01:46:00,017 [Listener at 127.0.0.1/13736] INFO  ipc.Server (Server.java:stop(3359)) - Stopping server on 37315
2020-11-20 01:46:00,018 [IPC Server listener on 0] INFO  ipc.Server (Server.java:run(1330)) - Stopping IPC Server listener on 0
2020-11-20 01:46:00,021 [IPC Server Responder] INFO  ipc.Server (Server.java:run(1465)) - Stopping IPC Server Responder
2020-11-20 01:46:00,072 [SCM Heartbeat Processing Thread - 0] WARN  node.NodeStateManager (NodeStateManager.java:scheduleNextHealthCheck(661)) - Current Thread is interrupted, shutting down HB processing thread for Node Manager.
2020-11-20 01:46:00,072 [Listener at 127.0.0.1/13736] INFO  server.StorageContainerManager (StorageContainerManager.java:stop(854)) - Stopping block service RPC server
2020-11-20 01:46:00,072 [Listener at 127.0.0.1/13736] INFO  server.SCMBlockProtocolServer (SCMBlockProtocolServer.java:stop(159)) - Stopping the RPC server for Block Protocol
2020-11-20 01:46:00,073 [Listener at 127.0.0.1/13736] INFO  ipc.Server (Server.java:stop(3359)) - Stopping server on 43565
2020-11-20 01:46:00,074 [IPC Server Responder] INFO  ipc.Server (Server.java:run(1465)) - Stopping IPC Server Responder
2020-11-20 01:46:00,074 [IPC Server listener on 0] INFO  ipc.Server (Server.java:run(1330)) - Stopping IPC Server listener on 0
2020-11-20 01:46:00,074 [Listener at 127.0.0.1/13736] INFO  server.StorageContainerManager (StorageContainerManager.java:stop(861)) - Stopping the StorageContainerLocationProtocol RPC server
2020-11-20 01:46:00,074 [Listener at 127.0.0.1/13736] INFO  server.SCMClientProtocolServer (SCMClientProtocolServer.java:stop(165)) - Stopping the RPC server for Client Protocol
2020-11-20 01:46:00,074 [Listener at 127.0.0.1/13736] INFO  ipc.Server (Server.java:stop(3359)) - Stopping server on 36077
2020-11-20 01:46:00,075 [IPC Server listener on 0] INFO  ipc.Server (Server.java:run(1330)) - Stopping IPC Server listener on 0
2020-11-20 01:46:00,076 [IPC Server Responder] INFO  ipc.Server (Server.java:run(1465)) - Stopping IPC Server Responder
2020-11-20 01:46:00,077 [Listener at 127.0.0.1/13736] INFO  server.StorageContainerManager (StorageContainerManager.java:stop(868)) - Stopping Storage Container Manager HTTP server.
2020-11-20 01:46:00,077 [Listener at 127.0.0.1/13736] INFO  handler.ContextHandler (ContextHandler.java:doStop(1154)) - Stopped o.e.j.w.WebAppContext@43d1e1ce{scm,/,null,STOPPED}{file:/github/workspace/mnt/ozone/hadoop-ozone/integration-test/target/test-classes/webapps/scm}
2020-11-20 01:46:00,078 [Listener at 127.0.0.1/13736] INFO  server.AbstractConnector (AbstractConnector.java:doStop(381)) - Stopped ServerConnector@1a661ee8{HTTP/1.1, (http/1.1)}{0.0.0.0:0}
2020-11-20 01:46:00,079 [Listener at 127.0.0.1/13736] INFO  server.session (HouseKeeper.java:stopScavenging(149)) - node0 Stopped scavenging
2020-11-20 01:46:00,079 [Listener at 127.0.0.1/13736] INFO  handler.ContextHandler (ContextHandler.java:doStop(1154)) - Stopped o.e.j.s.ServletContextHandler@5c51894{static,/static,file:///github/workspace/mnt/ozone/hadoop-ozone/integration-test/target/test-classes/webapps/static,STOPPED}
2020-11-20 01:46:00,079 [Listener at 127.0.0.1/13736] INFO  handler.ContextHandler (ContextHandler.java:doStop(1154)) - Stopped o.e.j.s.ServletContextHandler@14bd8981{logs,/logs,file:///github/workspace/mnt/ozone/hadoop-ozone/integration-test/target/log,STOPPED}
2020-11-20 01:46:00,080 [Listener at 127.0.0.1/13736] INFO  server.StorageContainerManager (StorageContainerManager.java:stop(879)) - Stopping Block Manager Service.
2020-11-20 01:46:00,080 [Listener at 127.0.0.1/13736] INFO  utils.BackgroundService (BackgroundService.java:shutdown(132)) - Shutting down service SCMBlockDeletingService
2020-11-20 01:46:00,081 [Listener at 127.0.0.1/13736] INFO  utils.BackgroundService (BackgroundService.java:shutdown(132)) - Shutting down service SCMBlockDeletingService
2020-11-20 01:46:00,081 [Listener at 127.0.0.1/13736] INFO  server.StorageContainerManager (StorageContainerManager.java:stop(904)) - Stopping SCM Event Queue.
2020-11-20 01:46:00,086 [Listener at 127.0.0.1/13736] INFO  impl.MetricsSystemImpl (MetricsSystemImpl.java:stop(210)) - Stopping HddsDatanode metrics system...
2020-11-20 01:46:00,088 [prometheus] INFO  impl.MetricsSinkAdapter (MetricsSinkAdapter.java:publishMetricsFromQueue(141)) - prometheus thread interrupted.
2020-11-20 01:46:00,088 [Listener at 127.0.0.1/13736] INFO  impl.MetricsSystemImpl (MetricsSystemImpl.java:stop(216)) - HddsDatanode metrics system stopped.
]]></system-out>
  </testcase>
  <testcase name="testOMRetryProxy" classname="org.apache.hadoop.ozone.om.TestOzoneManagerHAMetadataOnly" time="25.336"/>
  <testcase name="testOMProxyProviderFailoverToCurrentLeader" classname="org.apache.hadoop.ozone.om.TestOzoneManagerHAMetadataOnly" time="25.406"/>
  <testcase name="testAllBucketOperations" classname="org.apache.hadoop.ozone.om.TestOzoneManagerHAMetadataOnly" time="23.415"/>
  <testcase name="testOMProxyProviderFailoverOnConnectionFailure" classname="org.apache.hadoop.ozone.om.TestOzoneManagerHAMetadataOnly" time="0">
    <skipped message="This test randomly failing. Let&apos;s enable once its fixed."/>
  </testcase>
  <testcase name="testJMXMetrics" classname="org.apache.hadoop.ozone.om.TestOzoneManagerHAMetadataOnly" time="23.309"/>
  <testcase name="testReadRequest" classname="org.apache.hadoop.ozone.om.TestOzoneManagerHAMetadataOnly" time="23.312"/>
  <testcase name="testAllVolumeOperations" classname="org.apache.hadoop.ozone.om.TestOzoneManagerHAMetadataOnly" time="23.203"/>
  <testcase name="testListVolumes" classname="org.apache.hadoop.ozone.om.TestOzoneManagerHAMetadataOnly" time="0">
    <skipped message="This test randomly failing. Let&apos;s enable once its fixed."/>
  </testcase>
  <testcase name="testOMProxyProviderInitialization" classname="org.apache.hadoop.ozone.om.TestOzoneManagerHAMetadataOnly" time="23.194"/>
</testsuite>