<?xml version="1.0" encoding="UTF-8"?>
<testsuite xmlns:xsi="http://www.w3.org/2001/XMLSchema-instance" xsi:noNamespaceSchemaLocation="https://maven.apache.org/surefire/maven-surefire-plugin/xsd/surefire-test-report.xsd" name="org.apache.hadoop.fs.contract.s3a.ITestS3AContractGetFileStatus" time="8.252" tests="20" errors="1" skipped="0" failures="0">
  <properties>
    <property name="awt.toolkit" value="sun.awt.X11.XToolkit"/>
    <property name="java.specification.version" value="11"/>
    <property name="sun.cpu.isalist" value=""/>
    <property name="sun.jnu.encoding" value="UTF-8"/>
    <property name="java.class.path" value="/home/runner/work/ozone/ozone/target/hadoop-src/target/test-classes:/home/runner/work/ozone/ozone/target/hadoop-src/target/classes:/home/runner/.m2/repository/org/apache/hadoop/hadoop-common/3.3.6/hadoop-common-3.3.6.jar:/home/runner/.m2/repository/org/apache/hadoop/thirdparty/hadoop-shaded-protobuf_3_7/1.1.1/hadoop-shaded-protobuf_3_7-1.1.1.jar:/home/runner/.m2/repository/org/apache/hadoop/hadoop-annotations/3.3.6/hadoop-annotations-3.3.6.jar:/home/runner/.m2/repository/org/apache/hadoop/thirdparty/hadoop-shaded-guava/1.1.1/hadoop-shaded-guava-1.1.1.jar:/home/runner/.m2/repository/com/google/guava/guava/27.0-jre/guava-27.0-jre.jar:/home/runner/.m2/repository/com/google/guava/failureaccess/1.0/failureaccess-1.0.jar:/home/runner/.m2/repository/com/google/guava/listenablefuture/9999.0-empty-to-avoid-conflict-with-guava/listenablefuture-9999.0-empty-to-avoid-conflict-with-guava.jar:/home/runner/.m2/repository/org/checkerframework/checker-qual/2.5.2/checker-qual-2.5.2.jar:/home/runner/.m2/repository/com/google/j2objc/j2objc-annotations/1.1/j2objc-annotations-1.1.jar:/home/runner/.m2/repository/org/codehaus/mojo/animal-sniffer-annotations/1.17/animal-sniffer-annotations-1.17.jar:/home/runner/.m2/repository/commons-cli/commons-cli/1.2/commons-cli-1.2.jar:/home/runner/.m2/repository/org/apache/commons/commons-math3/3.1.1/commons-math3-3.1.1.jar:/home/runner/.m2/repository/org/apache/httpcomponents/httpclient/4.5.13/httpclient-4.5.13.jar:/home/runner/.m2/repository/org/apache/httpcomponents/httpcore/4.4.13/httpcore-4.4.13.jar:/home/runner/.m2/repository/commons-codec/commons-codec/1.15/commons-codec-1.15.jar:/home/runner/.m2/repository/commons-io/commons-io/2.8.0/commons-io-2.8.0.jar:/home/runner/.m2/repository/commons-net/commons-net/3.9.0/commons-net-3.9.0.jar:/home/runner/.m2/repository/commons-collections/commons-collections/3.2.2/commons-collections-3.2.2.jar:/home/runner/.m2/repository/javax/servlet/javax.servlet-api/3.1.0/javax.servlet-api-3.1.0.jar:/home/runner/.m2/repository/jakarta/activation/jakarta.activation-api/1.2.1/jakarta.activation-api-1.2.1.jar:/home/runner/.m2/repository/org/eclipse/jetty/jetty-server/9.4.51.v20230217/jetty-server-9.4.51.v20230217.jar:/home/runner/.m2/repository/org/eclipse/jetty/jetty-http/9.4.51.v20230217/jetty-http-9.4.51.v20230217.jar:/home/runner/.m2/repository/org/eclipse/jetty/jetty-io/9.4.51.v20230217/jetty-io-9.4.51.v20230217.jar:/home/runner/.m2/repository/org/eclipse/jetty/jetty-util/9.4.51.v20230217/jetty-util-9.4.51.v20230217.jar:/home/runner/.m2/repository/org/eclipse/jetty/jetty-servlet/9.4.51.v20230217/jetty-servlet-9.4.51.v20230217.jar:/home/runner/.m2/repository/org/eclipse/jetty/jetty-security/9.4.51.v20230217/jetty-security-9.4.51.v20230217.jar:/home/runner/.m2/repository/org/eclipse/jetty/jetty-webapp/9.4.51.v20230217/jetty-webapp-9.4.51.v20230217.jar:/home/runner/.m2/repository/org/eclipse/jetty/jetty-xml/9.4.51.v20230217/jetty-xml-9.4.51.v20230217.jar:/home/runner/.m2/repository/javax/servlet/jsp/jsp-api/2.1/jsp-api-2.1.jar:/home/runner/.m2/repository/com/sun/jersey/jersey-core/1.19.4/jersey-core-1.19.4.jar:/home/runner/.m2/repository/javax/ws/rs/jsr311-api/1.1.1/jsr311-api-1.1.1.jar:/home/runner/.m2/repository/com/sun/jersey/jersey-servlet/1.19.4/jersey-servlet-1.19.4.jar:/home/runner/.m2/repository/com/github/pjfanning/jersey-json/1.20/jersey-json-1.20.jar:/home/runner/.m2/repository/org/codehaus/jettison/jettison/1.5.4/jettison-1.5.4.jar:/home/runner/.m2/repository/com/sun/xml/bind/jaxb-impl/2.2.3-1/jaxb-impl-2.2.3-1.jar:/home/runner/.m2/repository/com/sun/jersey/jersey-server/1.19.4/jersey-server-1.19.4.jar:/home/runner/.m2/repository/commons-logging/commons-logging/1.1.3/commons-logging-1.1.3.jar:/home/runner/.m2/repository/ch/qos/reload4j/reload4j/1.2.22/reload4j-1.2.22.jar:/home/runner/.m2/repository/commons-beanutils/commons-beanutils/1.9.4/commons-beanutils-1.9.4.jar:/home/runner/.m2/repository/org/apache/commons/commons-configuration2/2.8.0/commons-configuration2-2.8.0.jar:/home/runner/.m2/repository/org/apache/commons/commons-lang3/3.12.0/commons-lang3-3.12.0.jar:/home/runner/.m2/repository/org/apache/commons/commons-text/1.10.0/commons-text-1.10.0.jar:/home/runner/.m2/repository/org/slf4j/slf4j-api/1.7.36/slf4j-api-1.7.36.jar:/home/runner/.m2/repository/org/apache/avro/avro/1.7.7/avro-1.7.7.jar:/home/runner/.m2/repository/org/codehaus/jackson/jackson-core-asl/1.9.13/jackson-core-asl-1.9.13.jar:/home/runner/.m2/repository/org/codehaus/jackson/jackson-mapper-asl/1.9.13/jackson-mapper-asl-1.9.13.jar:/home/runner/.m2/repository/com/thoughtworks/paranamer/paranamer/2.3/paranamer-2.3.jar:/home/runner/.m2/repository/com/google/re2j/re2j/1.1/re2j-1.1.jar:/home/runner/.m2/repository/com/google/protobuf/protobuf-java/2.5.0/protobuf-java-2.5.0.jar:/home/runner/.m2/repository/com/google/code/gson/gson/2.9.0/gson-2.9.0.jar:/home/runner/.m2/repository/org/apache/hadoop/hadoop-auth/3.3.6/hadoop-auth-3.3.6.jar:/home/runner/.m2/repository/com/nimbusds/nimbus-jose-jwt/9.8.1/nimbus-jose-jwt-9.8.1.jar:/home/runner/.m2/repository/com/github/stephenc/jcip/jcip-annotations/1.0-1/jcip-annotations-1.0-1.jar:/home/runner/.m2/repository/org/apache/curator/curator-framework/5.2.0/curator-framework-5.2.0.jar:/home/runner/.m2/repository/com/jcraft/jsch/0.1.55/jsch-0.1.55.jar:/home/runner/.m2/repository/org/apache/curator/curator-client/5.2.0/curator-client-5.2.0.jar:/home/runner/.m2/repository/org/apache/curator/curator-recipes/5.2.0/curator-recipes-5.2.0.jar:/home/runner/.m2/repository/com/google/code/findbugs/jsr305/3.0.2/jsr305-3.0.2.jar:/home/runner/.m2/repository/org/apache/zookeeper/zookeeper/3.6.3/zookeeper-3.6.3.jar:/home/runner/.m2/repository/org/apache/zookeeper/zookeeper-jute/3.6.3/zookeeper-jute-3.6.3.jar:/home/runner/.m2/repository/org/apache/yetus/audience-annotations/0.5.0/audience-annotations-0.5.0.jar:/home/runner/.m2/repository/io/dropwizard/metrics/metrics-core/3.2.4/metrics-core-3.2.4.jar:/home/runner/.m2/repository/org/apache/commons/commons-compress/1.21/commons-compress-1.21.jar:/home/runner/.m2/repository/org/apache/kerby/kerb-core/1.0.1/kerb-core-1.0.1.jar:/home/runner/.m2/repository/org/apache/kerby/kerby-pkix/1.0.1/kerby-pkix-1.0.1.jar:/home/runner/.m2/repository/org/apache/kerby/kerby-asn1/1.0.1/kerby-asn1-1.0.1.jar:/home/runner/.m2/repository/org/apache/kerby/kerby-util/1.0.1/kerby-util-1.0.1.jar:/home/runner/.m2/repository/com/fasterxml/jackson/core/jackson-databind/2.12.7.1/jackson-databind-2.12.7.1.jar:/home/runner/.m2/repository/com/fasterxml/jackson/core/jackson-annotations/2.12.7/jackson-annotations-2.12.7.jar:/home/runner/.m2/repository/com/fasterxml/jackson/core/jackson-core/2.12.7/jackson-core-2.12.7.jar:/home/runner/.m2/repository/org/codehaus/woodstox/stax2-api/4.2.1/stax2-api-4.2.1.jar:/home/runner/.m2/repository/com/fasterxml/woodstox/woodstox-core/5.4.0/woodstox-core-5.4.0.jar:/home/runner/.m2/repository/dnsjava/dnsjava/2.1.7/dnsjava-2.1.7.jar:/home/runner/.m2/repository/org/xerial/snappy/snappy-java/1.1.8.2/snappy-java-1.1.8.2.jar:/home/runner/.m2/repository/org/apache/hadoop/hadoop-common/3.3.6/hadoop-common-3.3.6-tests.jar:/home/runner/.m2/repository/org/slf4j/slf4j-reload4j/1.7.36/slf4j-reload4j-1.7.36.jar:/home/runner/.m2/repository/com/amazonaws/aws-java-sdk-bundle/1.12.367/aws-java-sdk-bundle-1.12.367.jar:/home/runner/.m2/repository/org/assertj/assertj-core/3.12.2/assertj-core-3.12.2.jar:/home/runner/.m2/repository/org/wildfly/openssl/wildfly-openssl/1.1.3.Final/wildfly-openssl-1.1.3.Final.jar:/home/runner/.m2/repository/junit/junit/4.13.2/junit-4.13.2.jar:/home/runner/.m2/repository/org/hamcrest/hamcrest-core/1.3/hamcrest-core-1.3.jar:/home/runner/.m2/repository/org/mockito/mockito-core/2.28.2/mockito-core-2.28.2.jar:/home/runner/.m2/repository/net/bytebuddy/byte-buddy/1.9.10/byte-buddy-1.9.10.jar:/home/runner/.m2/repository/net/bytebuddy/byte-buddy-agent/1.9.10/byte-buddy-agent-1.9.10.jar:/home/runner/.m2/repository/org/objenesis/objenesis/2.6/objenesis-2.6.jar:/home/runner/.m2/repository/org/apache/hadoop/hadoop-mapreduce-client-core/3.3.6/hadoop-mapreduce-client-core-3.3.6.jar:/home/runner/.m2/repository/org/apache/hadoop/hadoop-yarn-client/3.3.6/hadoop-yarn-client-3.3.6.jar:/home/runner/.m2/repository/org/eclipse/jetty/websocket/websocket-client/9.4.51.v20230217/websocket-client-9.4.51.v20230217.jar:/home/runner/.m2/repository/org/eclipse/jetty/jetty-client/9.4.51.v20230217/jetty-client-9.4.51.v20230217.jar:/home/runner/.m2/repository/org/eclipse/jetty/websocket/websocket-common/9.4.51.v20230217/websocket-common-9.4.51.v20230217.jar:/home/runner/.m2/repository/org/eclipse/jetty/websocket/websocket-api/9.4.51.v20230217/websocket-api-9.4.51.v20230217.jar:/home/runner/.m2/repository/org/jline/jline/3.9.0/jline-3.9.0.jar:/home/runner/.m2/repository/org/apache/hadoop/hadoop-yarn-common/3.3.6/hadoop-yarn-common-3.3.6.jar:/home/runner/.m2/repository/javax/xml/bind/jaxb-api/2.2.11/jaxb-api-2.2.11.jar:/home/runner/.m2/repository/com/sun/jersey/jersey-client/1.19.4/jersey-client-1.19.4.jar:/home/runner/.m2/repository/com/google/inject/guice/4.0/guice-4.0.jar:/home/runner/.m2/repository/javax/inject/javax.inject/1/javax.inject-1.jar:/home/runner/.m2/repository/aopalliance/aopalliance/1.0/aopalliance-1.0.jar:/home/runner/.m2/repository/com/sun/jersey/contribs/jersey-guice/1.19.4/jersey-guice-1.19.4.jar:/home/runner/.m2/repository/com/fasterxml/jackson/module/jackson-module-jaxb-annotations/2.12.7/jackson-module-jaxb-annotations-2.12.7.jar:/home/runner/.m2/repository/jakarta/xml/bind/jakarta.xml.bind-api/2.3.2/jakarta.xml.bind-api-2.3.2.jar:/home/runner/.m2/repository/com/fasterxml/jackson/jaxrs/jackson-jaxrs-json-provider/2.12.7/jackson-jaxrs-json-provider-2.12.7.jar:/home/runner/.m2/repository/com/fasterxml/jackson/jaxrs/jackson-jaxrs-base/2.12.7/jackson-jaxrs-base-2.12.7.jar:/home/runner/.m2/repository/org/apache/hadoop/hadoop-hdfs-client/3.3.6/hadoop-hdfs-client-3.3.6.jar:/home/runner/.m2/repository/com/squareup/okhttp3/okhttp/4.9.3/okhttp-4.9.3.jar:/home/runner/.m2/repository/com/squareup/okio/okio/2.8.0/okio-2.8.0.jar:/home/runner/.m2/repository/org/jetbrains/kotlin/kotlin-stdlib/1.4.10/kotlin-stdlib-1.4.10.jar:/home/runner/.m2/repository/org/jetbrains/kotlin/kotlin-stdlib-common/1.4.10/kotlin-stdlib-common-1.4.10.jar:/home/runner/.m2/repository/com/google/inject/extensions/guice-servlet/4.0/guice-servlet-4.0.jar:/home/runner/.m2/repository/io/netty/netty/3.10.6.Final/netty-3.10.6.Final.jar:/home/runner/.m2/repository/org/apache/hadoop/hadoop-yarn-server-tests/3.3.6/hadoop-yarn-server-tests-3.3.6-tests.jar:/home/runner/.m2/repository/org/apache/hadoop/hadoop-yarn-server-common/3.3.6/hadoop-yarn-server-common-3.3.6.jar:/home/runner/.m2/repository/org/apache/hadoop/hadoop-registry/3.3.6/hadoop-registry-3.3.6.jar:/home/runner/.m2/repository/org/apache/geronimo/specs/geronimo-jcache_1.0_spec/1.0-alpha-1/geronimo-jcache_1.0_spec-1.0-alpha-1.jar:/home/runner/.m2/repository/org/ehcache/ehcache/3.3.1/ehcache-3.3.1.jar:/home/runner/.m2/repository/com/zaxxer/HikariCP-java7/2.4.12/HikariCP-java7-2.4.12.jar:/home/runner/.m2/repository/com/microsoft/sqlserver/mssql-jdbc/6.2.1.jre7/mssql-jdbc-6.2.1.jre7.jar:/home/runner/.m2/repository/org/apache/hadoop/hadoop-yarn-server-nodemanager/3.3.6/hadoop-yarn-server-nodemanager-3.3.6.jar:/home/runner/.m2/repository/org/eclipse/jetty/websocket/javax-websocket-server-impl/9.4.51.v20230217/javax-websocket-server-impl-9.4.51.v20230217.jar:/home/runner/.m2/repository/org/eclipse/jetty/jetty-annotations/9.4.51.v20230217/jetty-annotations-9.4.51.v20230217.jar:/home/runner/.m2/repository/org/eclipse/jetty/jetty-plus/9.4.51.v20230217/jetty-plus-9.4.51.v20230217.jar:/home/runner/.m2/repository/org/eclipse/jetty/jetty-jndi/9.4.51.v20230217/jetty-jndi-9.4.51.v20230217.jar:/home/runner/.m2/repository/javax/annotation/javax.annotation-api/1.3.2/javax.annotation-api-1.3.2.jar:/home/runner/.m2/repository/org/ow2/asm/asm-commons/9.4/asm-commons-9.4.jar:/home/runner/.m2/repository/org/ow2/asm/asm-tree/9.4/asm-tree-9.4.jar:/home/runner/.m2/repository/org/eclipse/jetty/websocket/javax-websocket-client-impl/9.4.51.v20230217/javax-websocket-client-impl-9.4.51.v20230217.jar:/home/runner/.m2/repository/javax/websocket/javax.websocket-client-api/1.0/javax.websocket-client-api-1.0.jar:/home/runner/.m2/repository/org/eclipse/jetty/websocket/websocket-server/9.4.51.v20230217/websocket-server-9.4.51.v20230217.jar:/home/runner/.m2/repository/org/eclipse/jetty/websocket/websocket-servlet/9.4.51.v20230217/websocket-servlet-9.4.51.v20230217.jar:/home/runner/.m2/repository/javax/websocket/javax.websocket-api/1.0/javax.websocket-api-1.0.jar:/home/runner/.m2/repository/net/java/dev/jna/jna/5.2.0/jna-5.2.0.jar:/home/runner/.m2/repository/org/apache/hadoop/hadoop-yarn-server-resourcemanager/3.3.6/hadoop-yarn-server-resourcemanager-3.3.6.jar:/home/runner/.m2/repository/org/apache/hadoop/hadoop-yarn-server-applicationhistoryservice/3.3.6/hadoop-yarn-server-applicationhistoryservice-3.3.6.jar:/home/runner/.m2/repository/de/ruedigermoeller/fst/2.50/fst-2.50.jar:/home/runner/.m2/repository/com/cedarsoftware/java-util/1.9.0/java-util-1.9.0.jar:/home/runner/.m2/repository/com/cedarsoftware/json-io/2.5.1/json-io-2.5.1.jar:/home/runner/.m2/repository/org/apache/hadoop/hadoop-yarn-server-timelineservice/3.3.6/hadoop-yarn-server-timelineservice-3.3.6.jar:/home/runner/.m2/repository/org/apache/commons/commons-csv/1.9.0/commons-csv-1.9.0.jar:/home/runner/.m2/repository/org/apache/hadoop/hadoop-yarn-api/3.3.6/hadoop-yarn-api-3.3.6.jar:/home/runner/.m2/repository/org/apache/hadoop/hadoop-mapreduce-client-hs/3.3.6/hadoop-mapreduce-client-hs-3.3.6.jar:/home/runner/.m2/repository/org/apache/hadoop/hadoop-hdfs/3.3.6/hadoop-hdfs-3.3.6.jar:/home/runner/.m2/repository/org/apache/hadoop/hadoop-mapreduce-client-common/3.3.6/hadoop-mapreduce-client-common-3.3.6.jar:/home/runner/.m2/repository/org/fusesource/leveldbjni/leveldbjni-all/1.8/leveldbjni-all-1.8.jar:/home/runner/.m2/repository/org/apache/hadoop/hadoop-mapreduce-examples/3.3.6/hadoop-mapreduce-examples-3.3.6.jar:/home/runner/.m2/repository/org/apache/hadoop/hadoop-hdfs/3.3.6/hadoop-hdfs-3.3.6-tests.jar:/home/runner/.m2/repository/org/eclipse/jetty/jetty-util-ajax/9.4.51.v20230217/jetty-util-ajax-9.4.51.v20230217.jar:/home/runner/.m2/repository/commons-daemon/commons-daemon/1.0.13/commons-daemon-1.0.13.jar:/home/runner/.m2/repository/io/netty/netty-all/4.1.89.Final/netty-all-4.1.89.Final.jar:/home/runner/.m2/repository/io/netty/netty-buffer/4.1.89.Final/netty-buffer-4.1.89.Final.jar:/home/runner/.m2/repository/io/netty/netty-codec/4.1.89.Final/netty-codec-4.1.89.Final.jar:/home/runner/.m2/repository/io/netty/netty-codec-dns/4.1.89.Final/netty-codec-dns-4.1.89.Final.jar:/home/runner/.m2/repository/io/netty/netty-codec-haproxy/4.1.89.Final/netty-codec-haproxy-4.1.89.Final.jar:/home/runner/.m2/repository/io/netty/netty-codec-http/4.1.89.Final/netty-codec-http-4.1.89.Final.jar:/home/runner/.m2/repository/io/netty/netty-codec-http2/4.1.89.Final/netty-codec-http2-4.1.89.Final.jar:/home/runner/.m2/repository/io/netty/netty-codec-memcache/4.1.89.Final/netty-codec-memcache-4.1.89.Final.jar:/home/runner/.m2/repository/io/netty/netty-codec-mqtt/4.1.89.Final/netty-codec-mqtt-4.1.89.Final.jar:/home/runner/.m2/repository/io/netty/netty-codec-redis/4.1.89.Final/netty-codec-redis-4.1.89.Final.jar:/home/runner/.m2/repository/io/netty/netty-codec-smtp/4.1.89.Final/netty-codec-smtp-4.1.89.Final.jar:/home/runner/.m2/repository/io/netty/netty-codec-socks/4.1.89.Final/netty-codec-socks-4.1.89.Final.jar:/home/runner/.m2/repository/io/netty/netty-codec-stomp/4.1.89.Final/netty-codec-stomp-4.1.89.Final.jar:/home/runner/.m2/repository/io/netty/netty-codec-xml/4.1.89.Final/netty-codec-xml-4.1.89.Final.jar:/home/runner/.m2/repository/io/netty/netty-common/4.1.89.Final/netty-common-4.1.89.Final.jar:/home/runner/.m2/repository/io/netty/netty-handler/4.1.89.Final/netty-handler-4.1.89.Final.jar:/home/runner/.m2/repository/io/netty/netty-transport-native-unix-common/4.1.89.Final/netty-transport-native-unix-common-4.1.89.Final.jar:/home/runner/.m2/repository/io/netty/netty-handler-proxy/4.1.89.Final/netty-handler-proxy-4.1.89.Final.jar:/home/runner/.m2/repository/io/netty/netty-handler-ssl-ocsp/4.1.89.Final/netty-handler-ssl-ocsp-4.1.89.Final.jar:/home/runner/.m2/repository/io/netty/netty-resolver/4.1.89.Final/netty-resolver-4.1.89.Final.jar:/home/runner/.m2/repository/io/netty/netty-resolver-dns/4.1.89.Final/netty-resolver-dns-4.1.89.Final.jar:/home/runner/.m2/repository/io/netty/netty-transport/4.1.89.Final/netty-transport-4.1.89.Final.jar:/home/runner/.m2/repository/io/netty/netty-transport-rxtx/4.1.89.Final/netty-transport-rxtx-4.1.89.Final.jar:/home/runner/.m2/repository/io/netty/netty-transport-sctp/4.1.89.Final/netty-transport-sctp-4.1.89.Final.jar:/home/runner/.m2/repository/io/netty/netty-transport-udt/4.1.89.Final/netty-transport-udt-4.1.89.Final.jar:/home/runner/.m2/repository/io/netty/netty-transport-classes-epoll/4.1.89.Final/netty-transport-classes-epoll-4.1.89.Final.jar:/home/runner/.m2/repository/io/netty/netty-transport-classes-kqueue/4.1.89.Final/netty-transport-classes-kqueue-4.1.89.Final.jar:/home/runner/.m2/repository/io/netty/netty-resolver-dns-classes-macos/4.1.89.Final/netty-resolver-dns-classes-macos-4.1.89.Final.jar:/home/runner/.m2/repository/io/netty/netty-transport-native-epoll/4.1.89.Final/netty-transport-native-epoll-4.1.89.Final-linux-x86_64.jar:/home/runner/.m2/repository/io/netty/netty-transport-native-epoll/4.1.89.Final/netty-transport-native-epoll-4.1.89.Final-linux-aarch_64.jar:/home/runner/.m2/repository/io/netty/netty-transport-native-kqueue/4.1.89.Final/netty-transport-native-kqueue-4.1.89.Final-osx-x86_64.jar:/home/runner/.m2/repository/io/netty/netty-transport-native-kqueue/4.1.89.Final/netty-transport-native-kqueue-4.1.89.Final-osx-aarch_64.jar:/home/runner/.m2/repository/io/netty/netty-resolver-dns-native-macos/4.1.89.Final/netty-resolver-dns-native-macos-4.1.89.Final-osx-x86_64.jar:/home/runner/.m2/repository/io/netty/netty-resolver-dns-native-macos/4.1.89.Final/netty-resolver-dns-native-macos-4.1.89.Final-osx-aarch_64.jar:/home/runner/.m2/repository/org/apache/hadoop/hadoop-distcp/3.3.6/hadoop-distcp-3.3.6.jar:/home/runner/.m2/repository/org/apache/hadoop/hadoop-distcp/3.3.6/hadoop-distcp-3.3.6-tests.jar:/home/runner/.m2/repository/org/apache/hadoop/hadoop-mapreduce-client-app/3.3.6/hadoop-mapreduce-client-app-3.3.6.jar:/home/runner/.m2/repository/org/apache/hadoop/hadoop-yarn-server-web-proxy/3.3.6/hadoop-yarn-server-web-proxy-3.3.6.jar:/home/runner/.m2/repository/org/apache/hadoop/hadoop-mapreduce-client-shuffle/3.3.6/hadoop-mapreduce-client-shuffle-3.3.6.jar:/home/runner/.m2/repository/org/apache/hadoop/hadoop-mapreduce-client-app/3.3.6/hadoop-mapreduce-client-app-3.3.6-tests.jar:/home/runner/.m2/repository/org/apache/hadoop/hadoop-mapreduce-client-jobclient/3.3.6/hadoop-mapreduce-client-jobclient-3.3.6.jar:/home/runner/.m2/repository/org/apache/hadoop/hadoop-mapreduce-client-jobclient/3.3.6/hadoop-mapreduce-client-jobclient-3.3.6-tests.jar:/home/runner/.m2/repository/org/apache/hadoop/hadoop-minikdc/3.3.6/hadoop-minikdc-3.3.6.jar:/home/runner/.m2/repository/org/apache/kerby/kerb-simplekdc/1.0.1/kerb-simplekdc-1.0.1.jar:/home/runner/.m2/repository/org/apache/kerby/kerb-client/1.0.1/kerb-client-1.0.1.jar:/home/runner/.m2/repository/org/apache/kerby/kerby-config/1.0.1/kerby-config-1.0.1.jar:/home/runner/.m2/repository/org/apache/kerby/kerb-common/1.0.1/kerb-common-1.0.1.jar:/home/runner/.m2/repository/org/apache/kerby/kerb-crypto/1.0.1/kerb-crypto-1.0.1.jar:/home/runner/.m2/repository/org/apache/kerby/kerb-util/1.0.1/kerb-util-1.0.1.jar:/home/runner/.m2/repository/org/apache/kerby/token-provider/1.0.1/token-provider-1.0.1.jar:/home/runner/.m2/repository/org/apache/kerby/kerb-admin/1.0.1/kerb-admin-1.0.1.jar:/home/runner/.m2/repository/org/apache/kerby/kerb-server/1.0.1/kerb-server-1.0.1.jar:/home/runner/.m2/repository/org/apache/kerby/kerb-identity/1.0.1/kerb-identity-1.0.1.jar:/home/runner/.m2/repository/org/apache/kerby/kerby-xdr/1.0.1/kerby-xdr-1.0.1.jar:/home/runner/.m2/repository/org/hamcrest/hamcrest-library/1.3/hamcrest-library-1.3.jar:/home/runner/.m2/repository/org/bouncycastle/bcprov-jdk15on/1.68/bcprov-jdk15on-1.68.jar:/home/runner/.m2/repository/org/bouncycastle/bcpkix-jdk15on/1.68/bcpkix-jdk15on-1.68.jar:/home/runner/work/ozone/ozone/target/hadoop-src/target/gradle-enterprise/test-listeners.jar:"/>
    <property name="java.vm.vendor" value="Eclipse Adoptium"/>
    <property name="sun.arch.data.model" value="64"/>
    <property name="test.build.dir" value="/home/runner/work/ozone/ozone/target/hadoop-src/target/test-dir"/>
    <property name="test.cache.data" value=""/>
    <property name="java.vendor.url" value="https://adoptium.net/"/>
    <property name="user.timezone" value=""/>
    <property name="java.vm.specification.version" value="11"/>
    <property name="os.name" value="Linux"/>
    <property name="test.build.data" value="/home/runner/work/ozone/ozone/target/hadoop-src/target/test-dir"/>
    <property name="sun.java.launcher" value="SUN_STANDARD"/>
    <property name="sun.boot.library.path" value="/usr/lib/jvm/temurin-11-jdk-amd64/lib"/>
    <property name="sun.java.command" value="/home/runner/work/ozone/ozone/target/hadoop-src/target/surefire/surefirebooter9431852816837243010.jar /home/runner/work/ozone/ozone/target/hadoop-src/target/surefire 2024-07-12T16-56-52_179-jvmRun1 surefire6669173619381825424tmp surefire_216842176024725182294tmp"/>
    <property name="jdk.debug" value="release"/>
    <property name="test" value="ITestS3AContract*, ITestS3ACommitterMRJob, !ITestS3AContractDistCp, !ITestS3AContractGetFileStatusV1List, !ITestS3AContractRename"/>
    <property name="surefire.test.class.path" value="/home/runner/work/ozone/ozone/target/hadoop-src/target/test-classes:/home/runner/work/ozone/ozone/target/hadoop-src/target/classes:/home/runner/.m2/repository/org/apache/hadoop/hadoop-common/3.3.6/hadoop-common-3.3.6.jar:/home/runner/.m2/repository/org/apache/hadoop/thirdparty/hadoop-shaded-protobuf_3_7/1.1.1/hadoop-shaded-protobuf_3_7-1.1.1.jar:/home/runner/.m2/repository/org/apache/hadoop/hadoop-annotations/3.3.6/hadoop-annotations-3.3.6.jar:/home/runner/.m2/repository/org/apache/hadoop/thirdparty/hadoop-shaded-guava/1.1.1/hadoop-shaded-guava-1.1.1.jar:/home/runner/.m2/repository/com/google/guava/guava/27.0-jre/guava-27.0-jre.jar:/home/runner/.m2/repository/com/google/guava/failureaccess/1.0/failureaccess-1.0.jar:/home/runner/.m2/repository/com/google/guava/listenablefuture/9999.0-empty-to-avoid-conflict-with-guava/listenablefuture-9999.0-empty-to-avoid-conflict-with-guava.jar:/home/runner/.m2/repository/org/checkerframework/checker-qual/2.5.2/checker-qual-2.5.2.jar:/home/runner/.m2/repository/com/google/j2objc/j2objc-annotations/1.1/j2objc-annotations-1.1.jar:/home/runner/.m2/repository/org/codehaus/mojo/animal-sniffer-annotations/1.17/animal-sniffer-annotations-1.17.jar:/home/runner/.m2/repository/commons-cli/commons-cli/1.2/commons-cli-1.2.jar:/home/runner/.m2/repository/org/apache/commons/commons-math3/3.1.1/commons-math3-3.1.1.jar:/home/runner/.m2/repository/org/apache/httpcomponents/httpclient/4.5.13/httpclient-4.5.13.jar:/home/runner/.m2/repository/org/apache/httpcomponents/httpcore/4.4.13/httpcore-4.4.13.jar:/home/runner/.m2/repository/commons-codec/commons-codec/1.15/commons-codec-1.15.jar:/home/runner/.m2/repository/commons-io/commons-io/2.8.0/commons-io-2.8.0.jar:/home/runner/.m2/repository/commons-net/commons-net/3.9.0/commons-net-3.9.0.jar:/home/runner/.m2/repository/commons-collections/commons-collections/3.2.2/commons-collections-3.2.2.jar:/home/runner/.m2/repository/javax/servlet/javax.servlet-api/3.1.0/javax.servlet-api-3.1.0.jar:/home/runner/.m2/repository/jakarta/activation/jakarta.activation-api/1.2.1/jakarta.activation-api-1.2.1.jar:/home/runner/.m2/repository/org/eclipse/jetty/jetty-server/9.4.51.v20230217/jetty-server-9.4.51.v20230217.jar:/home/runner/.m2/repository/org/eclipse/jetty/jetty-http/9.4.51.v20230217/jetty-http-9.4.51.v20230217.jar:/home/runner/.m2/repository/org/eclipse/jetty/jetty-io/9.4.51.v20230217/jetty-io-9.4.51.v20230217.jar:/home/runner/.m2/repository/org/eclipse/jetty/jetty-util/9.4.51.v20230217/jetty-util-9.4.51.v20230217.jar:/home/runner/.m2/repository/org/eclipse/jetty/jetty-servlet/9.4.51.v20230217/jetty-servlet-9.4.51.v20230217.jar:/home/runner/.m2/repository/org/eclipse/jetty/jetty-security/9.4.51.v20230217/jetty-security-9.4.51.v20230217.jar:/home/runner/.m2/repository/org/eclipse/jetty/jetty-webapp/9.4.51.v20230217/jetty-webapp-9.4.51.v20230217.jar:/home/runner/.m2/repository/org/eclipse/jetty/jetty-xml/9.4.51.v20230217/jetty-xml-9.4.51.v20230217.jar:/home/runner/.m2/repository/javax/servlet/jsp/jsp-api/2.1/jsp-api-2.1.jar:/home/runner/.m2/repository/com/sun/jersey/jersey-core/1.19.4/jersey-core-1.19.4.jar:/home/runner/.m2/repository/javax/ws/rs/jsr311-api/1.1.1/jsr311-api-1.1.1.jar:/home/runner/.m2/repository/com/sun/jersey/jersey-servlet/1.19.4/jersey-servlet-1.19.4.jar:/home/runner/.m2/repository/com/github/pjfanning/jersey-json/1.20/jersey-json-1.20.jar:/home/runner/.m2/repository/org/codehaus/jettison/jettison/1.5.4/jettison-1.5.4.jar:/home/runner/.m2/repository/com/sun/xml/bind/jaxb-impl/2.2.3-1/jaxb-impl-2.2.3-1.jar:/home/runner/.m2/repository/com/sun/jersey/jersey-server/1.19.4/jersey-server-1.19.4.jar:/home/runner/.m2/repository/commons-logging/commons-logging/1.1.3/commons-logging-1.1.3.jar:/home/runner/.m2/repository/ch/qos/reload4j/reload4j/1.2.22/reload4j-1.2.22.jar:/home/runner/.m2/repository/commons-beanutils/commons-beanutils/1.9.4/commons-beanutils-1.9.4.jar:/home/runner/.m2/repository/org/apache/commons/commons-configuration2/2.8.0/commons-configuration2-2.8.0.jar:/home/runner/.m2/repository/org/apache/commons/commons-lang3/3.12.0/commons-lang3-3.12.0.jar:/home/runner/.m2/repository/org/apache/commons/commons-text/1.10.0/commons-text-1.10.0.jar:/home/runner/.m2/repository/org/slf4j/slf4j-api/1.7.36/slf4j-api-1.7.36.jar:/home/runner/.m2/repository/org/apache/avro/avro/1.7.7/avro-1.7.7.jar:/home/runner/.m2/repository/org/codehaus/jackson/jackson-core-asl/1.9.13/jackson-core-asl-1.9.13.jar:/home/runner/.m2/repository/org/codehaus/jackson/jackson-mapper-asl/1.9.13/jackson-mapper-asl-1.9.13.jar:/home/runner/.m2/repository/com/thoughtworks/paranamer/paranamer/2.3/paranamer-2.3.jar:/home/runner/.m2/repository/com/google/re2j/re2j/1.1/re2j-1.1.jar:/home/runner/.m2/repository/com/google/protobuf/protobuf-java/2.5.0/protobuf-java-2.5.0.jar:/home/runner/.m2/repository/com/google/code/gson/gson/2.9.0/gson-2.9.0.jar:/home/runner/.m2/repository/org/apache/hadoop/hadoop-auth/3.3.6/hadoop-auth-3.3.6.jar:/home/runner/.m2/repository/com/nimbusds/nimbus-jose-jwt/9.8.1/nimbus-jose-jwt-9.8.1.jar:/home/runner/.m2/repository/com/github/stephenc/jcip/jcip-annotations/1.0-1/jcip-annotations-1.0-1.jar:/home/runner/.m2/repository/org/apache/curator/curator-framework/5.2.0/curator-framework-5.2.0.jar:/home/runner/.m2/repository/com/jcraft/jsch/0.1.55/jsch-0.1.55.jar:/home/runner/.m2/repository/org/apache/curator/curator-client/5.2.0/curator-client-5.2.0.jar:/home/runner/.m2/repository/org/apache/curator/curator-recipes/5.2.0/curator-recipes-5.2.0.jar:/home/runner/.m2/repository/com/google/code/findbugs/jsr305/3.0.2/jsr305-3.0.2.jar:/home/runner/.m2/repository/org/apache/zookeeper/zookeeper/3.6.3/zookeeper-3.6.3.jar:/home/runner/.m2/repository/org/apache/zookeeper/zookeeper-jute/3.6.3/zookeeper-jute-3.6.3.jar:/home/runner/.m2/repository/org/apache/yetus/audience-annotations/0.5.0/audience-annotations-0.5.0.jar:/home/runner/.m2/repository/io/dropwizard/metrics/metrics-core/3.2.4/metrics-core-3.2.4.jar:/home/runner/.m2/repository/org/apache/commons/commons-compress/1.21/commons-compress-1.21.jar:/home/runner/.m2/repository/org/apache/kerby/kerb-core/1.0.1/kerb-core-1.0.1.jar:/home/runner/.m2/repository/org/apache/kerby/kerby-pkix/1.0.1/kerby-pkix-1.0.1.jar:/home/runner/.m2/repository/org/apache/kerby/kerby-asn1/1.0.1/kerby-asn1-1.0.1.jar:/home/runner/.m2/repository/org/apache/kerby/kerby-util/1.0.1/kerby-util-1.0.1.jar:/home/runner/.m2/repository/com/fasterxml/jackson/core/jackson-databind/2.12.7.1/jackson-databind-2.12.7.1.jar:/home/runner/.m2/repository/com/fasterxml/jackson/core/jackson-annotations/2.12.7/jackson-annotations-2.12.7.jar:/home/runner/.m2/repository/com/fasterxml/jackson/core/jackson-core/2.12.7/jackson-core-2.12.7.jar:/home/runner/.m2/repository/org/codehaus/woodstox/stax2-api/4.2.1/stax2-api-4.2.1.jar:/home/runner/.m2/repository/com/fasterxml/woodstox/woodstox-core/5.4.0/woodstox-core-5.4.0.jar:/home/runner/.m2/repository/dnsjava/dnsjava/2.1.7/dnsjava-2.1.7.jar:/home/runner/.m2/repository/org/xerial/snappy/snappy-java/1.1.8.2/snappy-java-1.1.8.2.jar:/home/runner/.m2/repository/org/apache/hadoop/hadoop-common/3.3.6/hadoop-common-3.3.6-tests.jar:/home/runner/.m2/repository/org/slf4j/slf4j-reload4j/1.7.36/slf4j-reload4j-1.7.36.jar:/home/runner/.m2/repository/com/amazonaws/aws-java-sdk-bundle/1.12.367/aws-java-sdk-bundle-1.12.367.jar:/home/runner/.m2/repository/org/assertj/assertj-core/3.12.2/assertj-core-3.12.2.jar:/home/runner/.m2/repository/org/wildfly/openssl/wildfly-openssl/1.1.3.Final/wildfly-openssl-1.1.3.Final.jar:/home/runner/.m2/repository/junit/junit/4.13.2/junit-4.13.2.jar:/home/runner/.m2/repository/org/hamcrest/hamcrest-core/1.3/hamcrest-core-1.3.jar:/home/runner/.m2/repository/org/mockito/mockito-core/2.28.2/mockito-core-2.28.2.jar:/home/runner/.m2/repository/net/bytebuddy/byte-buddy/1.9.10/byte-buddy-1.9.10.jar:/home/runner/.m2/repository/net/bytebuddy/byte-buddy-agent/1.9.10/byte-buddy-agent-1.9.10.jar:/home/runner/.m2/repository/org/objenesis/objenesis/2.6/objenesis-2.6.jar:/home/runner/.m2/repository/org/apache/hadoop/hadoop-mapreduce-client-core/3.3.6/hadoop-mapreduce-client-core-3.3.6.jar:/home/runner/.m2/repository/org/apache/hadoop/hadoop-yarn-client/3.3.6/hadoop-yarn-client-3.3.6.jar:/home/runner/.m2/repository/org/eclipse/jetty/websocket/websocket-client/9.4.51.v20230217/websocket-client-9.4.51.v20230217.jar:/home/runner/.m2/repository/org/eclipse/jetty/jetty-client/9.4.51.v20230217/jetty-client-9.4.51.v20230217.jar:/home/runner/.m2/repository/org/eclipse/jetty/websocket/websocket-common/9.4.51.v20230217/websocket-common-9.4.51.v20230217.jar:/home/runner/.m2/repository/org/eclipse/jetty/websocket/websocket-api/9.4.51.v20230217/websocket-api-9.4.51.v20230217.jar:/home/runner/.m2/repository/org/jline/jline/3.9.0/jline-3.9.0.jar:/home/runner/.m2/repository/org/apache/hadoop/hadoop-yarn-common/3.3.6/hadoop-yarn-common-3.3.6.jar:/home/runner/.m2/repository/javax/xml/bind/jaxb-api/2.2.11/jaxb-api-2.2.11.jar:/home/runner/.m2/repository/com/sun/jersey/jersey-client/1.19.4/jersey-client-1.19.4.jar:/home/runner/.m2/repository/com/google/inject/guice/4.0/guice-4.0.jar:/home/runner/.m2/repository/javax/inject/javax.inject/1/javax.inject-1.jar:/home/runner/.m2/repository/aopalliance/aopalliance/1.0/aopalliance-1.0.jar:/home/runner/.m2/repository/com/sun/jersey/contribs/jersey-guice/1.19.4/jersey-guice-1.19.4.jar:/home/runner/.m2/repository/com/fasterxml/jackson/module/jackson-module-jaxb-annotations/2.12.7/jackson-module-jaxb-annotations-2.12.7.jar:/home/runner/.m2/repository/jakarta/xml/bind/jakarta.xml.bind-api/2.3.2/jakarta.xml.bind-api-2.3.2.jar:/home/runner/.m2/repository/com/fasterxml/jackson/jaxrs/jackson-jaxrs-json-provider/2.12.7/jackson-jaxrs-json-provider-2.12.7.jar:/home/runner/.m2/repository/com/fasterxml/jackson/jaxrs/jackson-jaxrs-base/2.12.7/jackson-jaxrs-base-2.12.7.jar:/home/runner/.m2/repository/org/apache/hadoop/hadoop-hdfs-client/3.3.6/hadoop-hdfs-client-3.3.6.jar:/home/runner/.m2/repository/com/squareup/okhttp3/okhttp/4.9.3/okhttp-4.9.3.jar:/home/runner/.m2/repository/com/squareup/okio/okio/2.8.0/okio-2.8.0.jar:/home/runner/.m2/repository/org/jetbrains/kotlin/kotlin-stdlib/1.4.10/kotlin-stdlib-1.4.10.jar:/home/runner/.m2/repository/org/jetbrains/kotlin/kotlin-stdlib-common/1.4.10/kotlin-stdlib-common-1.4.10.jar:/home/runner/.m2/repository/com/google/inject/extensions/guice-servlet/4.0/guice-servlet-4.0.jar:/home/runner/.m2/repository/io/netty/netty/3.10.6.Final/netty-3.10.6.Final.jar:/home/runner/.m2/repository/org/apache/hadoop/hadoop-yarn-server-tests/3.3.6/hadoop-yarn-server-tests-3.3.6-tests.jar:/home/runner/.m2/repository/org/apache/hadoop/hadoop-yarn-server-common/3.3.6/hadoop-yarn-server-common-3.3.6.jar:/home/runner/.m2/repository/org/apache/hadoop/hadoop-registry/3.3.6/hadoop-registry-3.3.6.jar:/home/runner/.m2/repository/org/apache/geronimo/specs/geronimo-jcache_1.0_spec/1.0-alpha-1/geronimo-jcache_1.0_spec-1.0-alpha-1.jar:/home/runner/.m2/repository/org/ehcache/ehcache/3.3.1/ehcache-3.3.1.jar:/home/runner/.m2/repository/com/zaxxer/HikariCP-java7/2.4.12/HikariCP-java7-2.4.12.jar:/home/runner/.m2/repository/com/microsoft/sqlserver/mssql-jdbc/6.2.1.jre7/mssql-jdbc-6.2.1.jre7.jar:/home/runner/.m2/repository/org/apache/hadoop/hadoop-yarn-server-nodemanager/3.3.6/hadoop-yarn-server-nodemanager-3.3.6.jar:/home/runner/.m2/repository/org/eclipse/jetty/websocket/javax-websocket-server-impl/9.4.51.v20230217/javax-websocket-server-impl-9.4.51.v20230217.jar:/home/runner/.m2/repository/org/eclipse/jetty/jetty-annotations/9.4.51.v20230217/jetty-annotations-9.4.51.v20230217.jar:/home/runner/.m2/repository/org/eclipse/jetty/jetty-plus/9.4.51.v20230217/jetty-plus-9.4.51.v20230217.jar:/home/runner/.m2/repository/org/eclipse/jetty/jetty-jndi/9.4.51.v20230217/jetty-jndi-9.4.51.v20230217.jar:/home/runner/.m2/repository/javax/annotation/javax.annotation-api/1.3.2/javax.annotation-api-1.3.2.jar:/home/runner/.m2/repository/org/ow2/asm/asm-commons/9.4/asm-commons-9.4.jar:/home/runner/.m2/repository/org/ow2/asm/asm-tree/9.4/asm-tree-9.4.jar:/home/runner/.m2/repository/org/eclipse/jetty/websocket/javax-websocket-client-impl/9.4.51.v20230217/javax-websocket-client-impl-9.4.51.v20230217.jar:/home/runner/.m2/repository/javax/websocket/javax.websocket-client-api/1.0/javax.websocket-client-api-1.0.jar:/home/runner/.m2/repository/org/eclipse/jetty/websocket/websocket-server/9.4.51.v20230217/websocket-server-9.4.51.v20230217.jar:/home/runner/.m2/repository/org/eclipse/jetty/websocket/websocket-servlet/9.4.51.v20230217/websocket-servlet-9.4.51.v20230217.jar:/home/runner/.m2/repository/javax/websocket/javax.websocket-api/1.0/javax.websocket-api-1.0.jar:/home/runner/.m2/repository/net/java/dev/jna/jna/5.2.0/jna-5.2.0.jar:/home/runner/.m2/repository/org/apache/hadoop/hadoop-yarn-server-resourcemanager/3.3.6/hadoop-yarn-server-resourcemanager-3.3.6.jar:/home/runner/.m2/repository/org/apache/hadoop/hadoop-yarn-server-applicationhistoryservice/3.3.6/hadoop-yarn-server-applicationhistoryservice-3.3.6.jar:/home/runner/.m2/repository/de/ruedigermoeller/fst/2.50/fst-2.50.jar:/home/runner/.m2/repository/com/cedarsoftware/java-util/1.9.0/java-util-1.9.0.jar:/home/runner/.m2/repository/com/cedarsoftware/json-io/2.5.1/json-io-2.5.1.jar:/home/runner/.m2/repository/org/apache/hadoop/hadoop-yarn-server-timelineservice/3.3.6/hadoop-yarn-server-timelineservice-3.3.6.jar:/home/runner/.m2/repository/org/apache/commons/commons-csv/1.9.0/commons-csv-1.9.0.jar:/home/runner/.m2/repository/org/apache/hadoop/hadoop-yarn-api/3.3.6/hadoop-yarn-api-3.3.6.jar:/home/runner/.m2/repository/org/apache/hadoop/hadoop-mapreduce-client-hs/3.3.6/hadoop-mapreduce-client-hs-3.3.6.jar:/home/runner/.m2/repository/org/apache/hadoop/hadoop-hdfs/3.3.6/hadoop-hdfs-3.3.6.jar:/home/runner/.m2/repository/org/apache/hadoop/hadoop-mapreduce-client-common/3.3.6/hadoop-mapreduce-client-common-3.3.6.jar:/home/runner/.m2/repository/org/fusesource/leveldbjni/leveldbjni-all/1.8/leveldbjni-all-1.8.jar:/home/runner/.m2/repository/org/apache/hadoop/hadoop-mapreduce-examples/3.3.6/hadoop-mapreduce-examples-3.3.6.jar:/home/runner/.m2/repository/org/apache/hadoop/hadoop-hdfs/3.3.6/hadoop-hdfs-3.3.6-tests.jar:/home/runner/.m2/repository/org/eclipse/jetty/jetty-util-ajax/9.4.51.v20230217/jetty-util-ajax-9.4.51.v20230217.jar:/home/runner/.m2/repository/commons-daemon/commons-daemon/1.0.13/commons-daemon-1.0.13.jar:/home/runner/.m2/repository/io/netty/netty-all/4.1.89.Final/netty-all-4.1.89.Final.jar:/home/runner/.m2/repository/io/netty/netty-buffer/4.1.89.Final/netty-buffer-4.1.89.Final.jar:/home/runner/.m2/repository/io/netty/netty-codec/4.1.89.Final/netty-codec-4.1.89.Final.jar:/home/runner/.m2/repository/io/netty/netty-codec-dns/4.1.89.Final/netty-codec-dns-4.1.89.Final.jar:/home/runner/.m2/repository/io/netty/netty-codec-haproxy/4.1.89.Final/netty-codec-haproxy-4.1.89.Final.jar:/home/runner/.m2/repository/io/netty/netty-codec-http/4.1.89.Final/netty-codec-http-4.1.89.Final.jar:/home/runner/.m2/repository/io/netty/netty-codec-http2/4.1.89.Final/netty-codec-http2-4.1.89.Final.jar:/home/runner/.m2/repository/io/netty/netty-codec-memcache/4.1.89.Final/netty-codec-memcache-4.1.89.Final.jar:/home/runner/.m2/repository/io/netty/netty-codec-mqtt/4.1.89.Final/netty-codec-mqtt-4.1.89.Final.jar:/home/runner/.m2/repository/io/netty/netty-codec-redis/4.1.89.Final/netty-codec-redis-4.1.89.Final.jar:/home/runner/.m2/repository/io/netty/netty-codec-smtp/4.1.89.Final/netty-codec-smtp-4.1.89.Final.jar:/home/runner/.m2/repository/io/netty/netty-codec-socks/4.1.89.Final/netty-codec-socks-4.1.89.Final.jar:/home/runner/.m2/repository/io/netty/netty-codec-stomp/4.1.89.Final/netty-codec-stomp-4.1.89.Final.jar:/home/runner/.m2/repository/io/netty/netty-codec-xml/4.1.89.Final/netty-codec-xml-4.1.89.Final.jar:/home/runner/.m2/repository/io/netty/netty-common/4.1.89.Final/netty-common-4.1.89.Final.jar:/home/runner/.m2/repository/io/netty/netty-handler/4.1.89.Final/netty-handler-4.1.89.Final.jar:/home/runner/.m2/repository/io/netty/netty-transport-native-unix-common/4.1.89.Final/netty-transport-native-unix-common-4.1.89.Final.jar:/home/runner/.m2/repository/io/netty/netty-handler-proxy/4.1.89.Final/netty-handler-proxy-4.1.89.Final.jar:/home/runner/.m2/repository/io/netty/netty-handler-ssl-ocsp/4.1.89.Final/netty-handler-ssl-ocsp-4.1.89.Final.jar:/home/runner/.m2/repository/io/netty/netty-resolver/4.1.89.Final/netty-resolver-4.1.89.Final.jar:/home/runner/.m2/repository/io/netty/netty-resolver-dns/4.1.89.Final/netty-resolver-dns-4.1.89.Final.jar:/home/runner/.m2/repository/io/netty/netty-transport/4.1.89.Final/netty-transport-4.1.89.Final.jar:/home/runner/.m2/repository/io/netty/netty-transport-rxtx/4.1.89.Final/netty-transport-rxtx-4.1.89.Final.jar:/home/runner/.m2/repository/io/netty/netty-transport-sctp/4.1.89.Final/netty-transport-sctp-4.1.89.Final.jar:/home/runner/.m2/repository/io/netty/netty-transport-udt/4.1.89.Final/netty-transport-udt-4.1.89.Final.jar:/home/runner/.m2/repository/io/netty/netty-transport-classes-epoll/4.1.89.Final/netty-transport-classes-epoll-4.1.89.Final.jar:/home/runner/.m2/repository/io/netty/netty-transport-classes-kqueue/4.1.89.Final/netty-transport-classes-kqueue-4.1.89.Final.jar:/home/runner/.m2/repository/io/netty/netty-resolver-dns-classes-macos/4.1.89.Final/netty-resolver-dns-classes-macos-4.1.89.Final.jar:/home/runner/.m2/repository/io/netty/netty-transport-native-epoll/4.1.89.Final/netty-transport-native-epoll-4.1.89.Final-linux-x86_64.jar:/home/runner/.m2/repository/io/netty/netty-transport-native-epoll/4.1.89.Final/netty-transport-native-epoll-4.1.89.Final-linux-aarch_64.jar:/home/runner/.m2/repository/io/netty/netty-transport-native-kqueue/4.1.89.Final/netty-transport-native-kqueue-4.1.89.Final-osx-x86_64.jar:/home/runner/.m2/repository/io/netty/netty-transport-native-kqueue/4.1.89.Final/netty-transport-native-kqueue-4.1.89.Final-osx-aarch_64.jar:/home/runner/.m2/repository/io/netty/netty-resolver-dns-native-macos/4.1.89.Final/netty-resolver-dns-native-macos-4.1.89.Final-osx-x86_64.jar:/home/runner/.m2/repository/io/netty/netty-resolver-dns-native-macos/4.1.89.Final/netty-resolver-dns-native-macos-4.1.89.Final-osx-aarch_64.jar:/home/runner/.m2/repository/org/apache/hadoop/hadoop-distcp/3.3.6/hadoop-distcp-3.3.6.jar:/home/runner/.m2/repository/org/apache/hadoop/hadoop-distcp/3.3.6/hadoop-distcp-3.3.6-tests.jar:/home/runner/.m2/repository/org/apache/hadoop/hadoop-mapreduce-client-app/3.3.6/hadoop-mapreduce-client-app-3.3.6.jar:/home/runner/.m2/repository/org/apache/hadoop/hadoop-yarn-server-web-proxy/3.3.6/hadoop-yarn-server-web-proxy-3.3.6.jar:/home/runner/.m2/repository/org/apache/hadoop/hadoop-mapreduce-client-shuffle/3.3.6/hadoop-mapreduce-client-shuffle-3.3.6.jar:/home/runner/.m2/repository/org/apache/hadoop/hadoop-mapreduce-client-app/3.3.6/hadoop-mapreduce-client-app-3.3.6-tests.jar:/home/runner/.m2/repository/org/apache/hadoop/hadoop-mapreduce-client-jobclient/3.3.6/hadoop-mapreduce-client-jobclient-3.3.6.jar:/home/runner/.m2/repository/org/apache/hadoop/hadoop-mapreduce-client-jobclient/3.3.6/hadoop-mapreduce-client-jobclient-3.3.6-tests.jar:/home/runner/.m2/repository/org/apache/hadoop/hadoop-minikdc/3.3.6/hadoop-minikdc-3.3.6.jar:/home/runner/.m2/repository/org/apache/kerby/kerb-simplekdc/1.0.1/kerb-simplekdc-1.0.1.jar:/home/runner/.m2/repository/org/apache/kerby/kerb-client/1.0.1/kerb-client-1.0.1.jar:/home/runner/.m2/repository/org/apache/kerby/kerby-config/1.0.1/kerby-config-1.0.1.jar:/home/runner/.m2/repository/org/apache/kerby/kerb-common/1.0.1/kerb-common-1.0.1.jar:/home/runner/.m2/repository/org/apache/kerby/kerb-crypto/1.0.1/kerb-crypto-1.0.1.jar:/home/runner/.m2/repository/org/apache/kerby/kerb-util/1.0.1/kerb-util-1.0.1.jar:/home/runner/.m2/repository/org/apache/kerby/token-provider/1.0.1/token-provider-1.0.1.jar:/home/runner/.m2/repository/org/apache/kerby/kerb-admin/1.0.1/kerb-admin-1.0.1.jar:/home/runner/.m2/repository/org/apache/kerby/kerb-server/1.0.1/kerb-server-1.0.1.jar:/home/runner/.m2/repository/org/apache/kerby/kerb-identity/1.0.1/kerb-identity-1.0.1.jar:/home/runner/.m2/repository/org/apache/kerby/kerby-xdr/1.0.1/kerby-xdr-1.0.1.jar:/home/runner/.m2/repository/org/hamcrest/hamcrest-library/1.3/hamcrest-library-1.3.jar:/home/runner/.m2/repository/org/bouncycastle/bcprov-jdk15on/1.68/bcprov-jdk15on-1.68.jar:/home/runner/.m2/repository/org/bouncycastle/bcpkix-jdk15on/1.68/bcpkix-jdk15on-1.68.jar:/home/runner/work/ozone/ozone/target/hadoop-src/target/gradle-enterprise/test-listeners.jar:"/>
    <property name="sun.cpu.endian" value="little"/>
    <property name="user.home" value="/home/runner"/>
    <property name="user.language" value="en"/>
    <property name="java.specification.vendor" value="Oracle Corporation"/>
    <property name="java.version.date" value="2024-04-16"/>
    <property name="java.home" value="/usr/lib/jvm/temurin-11-jdk-amd64"/>
    <property name="java.security.krb5.conf" value="/home/runner/work/ozone/ozone/target/hadoop-src/target/test-classes/krb5.conf"/>
    <property name="file.separator" value="/"/>
    <property name="basedir" value="/home/runner/work/ozone/ozone/target/hadoop-src"/>
    <property name="java.vm.compressedOopsMode" value="32-bit"/>
    <property name="line.separator" value="&#10;"/>
    <property name="java.specification.name" value="Java Platform API Specification"/>
    <property name="java.vm.specification.vendor" value="Oracle Corporation"/>
    <property name="java.awt.graphicsenv" value="sun.awt.X11GraphicsEnvironment"/>
    <property name="surefire.real.class.path" value="/home/runner/work/ozone/ozone/target/hadoop-src/target/surefire/surefirebooter9431852816837243010.jar"/>
    <property name="hadoop.log.dir" value="/home/runner/work/ozone/ozone/target/hadoop-src/target/log"/>
    <property name="sun.management.compiler" value="HotSpot 64-Bit Tiered Compilers"/>
    <property name="java.runtime.version" value="11.0.23+9"/>
    <property name="user.name" value="runner"/>
    <property name="java.net.preferIPv4Stack" value="true"/>
    <property name="path.separator" value=":"/>
    <property name="java.security.egd" value="file:///dev/urandom"/>
    <property name="os.version" value="5.15.0-1067-azure"/>
    <property name="java.runtime.name" value="OpenJDK Runtime Environment"/>
    <property name="file.encoding" value="UTF-8"/>
    <property name="java.vm.name" value="OpenJDK 64-Bit Server VM"/>
    <property name="java.vendor.version" value="Temurin-11.0.23+9"/>
    <property name="test.build.webapps" value=""/>
    <property name="develocity.listener.surefire.forkId" value="1"/>
    <property name="localRepository" value="/home/runner/.m2/repository"/>
    <property name="java.vendor.url.bug" value="https://github.com/adoptium/adoptium-support/issues"/>
    <property name="java.io.tmpdir" value="/tmp"/>
    <property name="require.test.libhadoop" value=""/>
    <property name="java.version" value="11.0.23"/>
    <property name="user.dir" value="/home/runner/work/ozone/ozone/target/hadoop-src"/>
    <property name="os.arch" value="amd64"/>
    <property name="java.vm.specification.name" value="Java Virtual Machine Specification"/>
    <property name="test.build.classes" value="/home/runner/work/ozone/ozone/target/hadoop-src/target/test-classes"/>
    <property name="java.awt.printerjob" value="sun.print.PSPrinterJob"/>
    <property name="sun.os.patch.level" value="unknown"/>
    <property name="test.default.timeout" value="200000"/>
    <property name="hadoop.tmp.dir" value="/home/runner/work/ozone/ozone/target/hadoop-src/target/tmp"/>
    <property name="java.library.path" value="${env.LD_LIBRARY_PATH}:/home/runner/work/ozone/ozone/target/hadoop-src/target/native/target/usr/local/lib:/home/runner/work/ozone/ozone/target/hadoop-src/../../hadoop-common-project/hadoop-common/target/native/target/usr/local/lib:/usr/java/packages/lib:/usr/lib64:/lib64:/lib:/usr/lib"/>
    <property name="java.vm.info" value="mixed mode"/>
    <property name="java.vendor" value="Eclipse Adoptium"/>
    <property name="java.vm.version" value="11.0.23+9"/>
    <property name="java.specification.maintenance.version" value="2"/>
    <property name="sun.io.unicode.encoding" value="UnicodeLittle"/>
    <property name="develocity.listener.port" value="43299"/>
    <property name="java.class.version" value="55.0"/>
  </properties>
  <testcase name="testListFilesEmptyDirectoryNonrecursive" classname="org.apache.hadoop.fs.contract.s3a.ITestS3AContractGetFileStatus" time="2.278"/>
  <testcase name="testListStatusEmptyDirectory" classname="org.apache.hadoop.fs.contract.s3a.ITestS3AContractGetFileStatus" time="0.403"/>
  <testcase name="testListLocatedStatusFiltering" classname="org.apache.hadoop.fs.contract.s3a.ITestS3AContractGetFileStatus" time="0.946"/>
  <testcase name="testListStatusFilteredFile" classname="org.apache.hadoop.fs.contract.s3a.ITestS3AContractGetFileStatus" time="0.322"/>
  <testcase name="testListFilesEmptyDirectoryRecursive" classname="org.apache.hadoop.fs.contract.s3a.ITestS3AContractGetFileStatus" time="0.336"/>
  <testcase name="testListLocatedStatusFile" classname="org.apache.hadoop.fs.contract.s3a.ITestS3AContractGetFileStatus" time="0.208"/>
  <testcase name="testGetFileStatusRoot" classname="org.apache.hadoop.fs.contract.s3a.ITestS3AContractGetFileStatus" time="0.091"/>
  <testcase name="testListStatusFiltering" classname="org.apache.hadoop.fs.contract.s3a.ITestS3AContractGetFileStatus" time="0.553"/>
  <testcase name="testListFilesNoDir" classname="org.apache.hadoop.fs.contract.s3a.ITestS3AContractGetFileStatus" time="0.222"/>
  <testcase name="testListLocatedStatusEmptyDirectory" classname="org.apache.hadoop.fs.contract.s3a.ITestS3AContractGetFileStatus" time="0.279"/>
  <testcase name="testListFilesFile" classname="org.apache.hadoop.fs.contract.s3a.ITestS3AContractGetFileStatus" time="0.263"/>
  <testcase name="testComplexDirActions" classname="org.apache.hadoop.fs.contract.s3a.ITestS3AContractGetFileStatus" time="0.439">
    <error message="s3a://leg-bucket/test/testComplexDirActions/file--0-0001.txt: org.apache.hadoop.fs.s3a.audit.AuditFailureException: 2a3bd161-9d24-4b23-bf19-fda510a0408d-00000105 unaudited operation executing a request outside an audit span {object_list_request &apos;test/testComplexDirActions/file--0-0001.txt/&apos; size=2, mutating=false}" type="java.nio.file.AccessDeniedException">java.nio.file.AccessDeniedException: s3a://leg-bucket/test/testComplexDirActions/file--0-0001.txt: org.apache.hadoop.fs.s3a.audit.AuditFailureException: 2a3bd161-9d24-4b23-bf19-fda510a0408d-00000105 unaudited operation executing a request outside an audit span {object_list_request 'test/testComplexDirActions/file--0-0001.txt/' size=2, mutating=false}
	at org.apache.hadoop.fs.s3a.audit.AuditIntegration.translateAuditException(AuditIntegration.java:161)
	at org.apache.hadoop.fs.s3a.S3AUtils.translateException(S3AUtils.java:209)
	at org.apache.hadoop.fs.s3a.S3AUtils.translateException(S3AUtils.java:174)
	at org.apache.hadoop.fs.s3a.S3AFileSystem.s3GetFileStatus(S3AFileSystem.java:3796)
	at org.apache.hadoop.fs.s3a.S3AFileSystem.innerGetFileStatus(S3AFileSystem.java:3652)
	at org.apache.hadoop.fs.s3a.S3AFileSystem.innerCreateFile(S3AFileSystem.java:1832)
	at org.apache.hadoop.fs.s3a.S3AFileSystem.lambda$create$7(S3AFileSystem.java:1789)
	at org.apache.hadoop.fs.statistics.impl.IOStatisticsBinding.invokeTrackingDuration(IOStatisticsBinding.java:547)
	at org.apache.hadoop.fs.statistics.impl.IOStatisticsBinding.lambda$trackDurationOfOperation$5(IOStatisticsBinding.java:528)
	at org.apache.hadoop.fs.statistics.impl.IOStatisticsBinding.trackDuration(IOStatisticsBinding.java:449)
	at org.apache.hadoop.fs.s3a.S3AFileSystem.trackDurationAndSpan(S3AFileSystem.java:2480)
	at org.apache.hadoop.fs.s3a.S3AFileSystem.trackDurationAndSpan(S3AFileSystem.java:2499)
	at org.apache.hadoop.fs.s3a.S3AFileSystem.create(S3AFileSystem.java:1788)
	at org.apache.hadoop.fs.FileSystem.create(FileSystem.java:1233)
	at org.apache.hadoop.fs.FileSystem.create(FileSystem.java:1210)
	at org.apache.hadoop.fs.FileSystem.create(FileSystem.java:1091)
	at org.apache.hadoop.fs.contract.ContractTestUtils.createFile(ContractTestUtils.java:650)
	at org.apache.hadoop.fs.contract.ContractTestUtils.createSubdirs(ContractTestUtils.java:1401)
	at org.apache.hadoop.fs.contract.ContractTestUtils.createSubdirs(ContractTestUtils.java:1367)
	at org.apache.hadoop.fs.contract.AbstractContractGetFileStatusTest.createTestTree(AbstractContractGetFileStatusTest.java:494)
	at org.apache.hadoop.fs.contract.AbstractContractGetFileStatusTest.testComplexDirActions(AbstractContractGetFileStatusTest.java:151)
	at java.base/jdk.internal.reflect.NativeMethodAccessorImpl.invoke0(Native Method)
	at java.base/jdk.internal.reflect.NativeMethodAccessorImpl.invoke(NativeMethodAccessorImpl.java:62)
	at java.base/jdk.internal.reflect.DelegatingMethodAccessorImpl.invoke(DelegatingMethodAccessorImpl.java:43)
	at java.base/java.lang.reflect.Method.invoke(Method.java:566)
	at org.junit.runners.model.FrameworkMethod$1.runReflectiveCall(FrameworkMethod.java:59)
	at org.junit.internal.runners.model.ReflectiveCallable.run(ReflectiveCallable.java:12)
	at org.junit.runners.model.FrameworkMethod.invokeExplosively(FrameworkMethod.java:56)
	at org.junit.internal.runners.statements.InvokeMethod.evaluate(InvokeMethod.java:17)
	at org.junit.internal.runners.statements.RunBefores.evaluate(RunBefores.java:26)
	at org.junit.internal.runners.statements.RunAfters.evaluate(RunAfters.java:27)
	at org.junit.rules.TestWatcher$1.evaluate(TestWatcher.java:61)
	at org.junit.internal.runners.statements.FailOnTimeout$CallableStatement.call(FailOnTimeout.java:299)
	at org.junit.internal.runners.statements.FailOnTimeout$CallableStatement.call(FailOnTimeout.java:293)
	at java.base/java.util.concurrent.FutureTask.run(FutureTask.java:264)
	at java.base/java.lang.Thread.run(Thread.java:829)
Caused by: org.apache.hadoop.fs.s3a.audit.AuditFailureException: 2a3bd161-9d24-4b23-bf19-fda510a0408d-00000105 unaudited operation executing a request outside an audit span {object_list_request 'test/testComplexDirActions/file--0-0001.txt/' size=2, mutating=false}
	at org.apache.hadoop.fs.s3a.audit.impl.LoggingAuditor$WarningSpan.beforeExecution(LoggingAuditor.java:496)
	at org.apache.hadoop.fs.s3a.audit.impl.ActiveAuditManagerS3A$WrappingAuditSpan.beforeExecution(ActiveAuditManagerS3A.java:784)
	at org.apache.hadoop.fs.s3a.audit.impl.ActiveAuditManagerS3A.beforeExecution(ActiveAuditManagerS3A.java:473)
	at org.apache.hadoop.fs.s3a.audit.impl.ActiveAuditManagerS3A$SdkRequestHandler.beforeExecution(ActiveAuditManagerS3A.java:619)
	at com.amazonaws.AmazonWebServiceClient.beforeClientExecution(AmazonWebServiceClient.java:787)
	at com.amazonaws.services.s3.AmazonS3Client.listObjectsV2(AmazonS3Client.java:946)
	at org.apache.hadoop.fs.s3a.S3AFileSystem.lambda$listObjects$12(S3AFileSystem.java:2715)
	at org.apache.hadoop.fs.statistics.impl.IOStatisticsBinding.invokeTrackingDuration(IOStatisticsBinding.java:547)
	at org.apache.hadoop.fs.statistics.impl.IOStatisticsBinding.lambda$trackDurationOfOperation$5(IOStatisticsBinding.java:528)
	at org.apache.hadoop.fs.s3a.Invoker.retryUntranslated(Invoker.java:468)
	at org.apache.hadoop.fs.s3a.Invoker.retryUntranslated(Invoker.java:431)
	at org.apache.hadoop.fs.s3a.S3AFileSystem.listObjects(S3AFileSystem.java:2706)
	at org.apache.hadoop.fs.s3a.S3AFileSystem.s3GetFileStatus(S3AFileSystem.java:3768)
	... 32 more
</error>
    <system-out><![CDATA[2024-07-12 16:57:09,817 [setup] DEBUG s3a.S3AFileSystem (S3AFileSystem.java:initializeClass(5412)) - Initialize S3A class
2024-07-12 16:57:09,818 [setup] DEBUG s3a.S3AFileSystem (S3AFileSystem.java:initialize(470)) - Initializing S3AFileSystem for leg-bucket
2024-07-12 16:57:09,818 [setup] DEBUG s3a.S3AUtils (S3AUtils.java:propagateBucketOptions(1157)) - Propagating entries under fs.s3a.bucket.leg-bucket.
2024-07-12 16:57:09,820 [setup] DEBUG s3a.S3AUtils (S3AUtils.java:buildEncryptionSecrets(1749)) - Data is unencrypted
2024-07-12 16:57:09,821 [setup] DEBUG s3a.S3ARetryPolicy (S3ARetryPolicy.java:<init>(132)) - Retrying on recoverable AWS failures 7 times with an initial interval of 500ms
2024-07-12 16:57:09,823 [setup] DEBUG s3a.S3AFileSystem (S3AFileSystem.java:initialize(524)) - Client Side Encryption enabled: false
2024-07-12 16:57:09,823 [setup] DEBUG s3a.S3AUtils (S3AUtils.java:intOption(968)) - Value of fs.s3a.paging.maximum is 2
2024-07-12 16:57:09,823 [setup] DEBUG s3a.S3AUtils (S3AUtils.java:longBytesOption(1011)) - Value of fs.s3a.block.size is 33554432
2024-07-12 16:57:09,824 [setup] DEBUG s3a.S3AUtils (S3AUtils.java:longBytesOption(1011)) - Value of fs.s3a.prefetch.block.size is 8388608
2024-07-12 16:57:09,824 [setup] DEBUG s3a.S3AUtils (S3AUtils.java:intOption(968)) - Value of fs.s3a.prefetch.block.count is 8
2024-07-12 16:57:09,825 [setup] DEBUG s3a.S3AUtils (S3AUtils.java:intOption(968)) - Value of fs.s3a.max.total.tasks is 32
2024-07-12 16:57:09,825 [setup] DEBUG s3a.S3AUtils (S3AUtils.java:longOption(989)) - Value of fs.s3a.threads.keepalivetime is 60
2024-07-12 16:57:09,826 [setup] DEBUG s3a.S3AUtils (S3AUtils.java:intOption(968)) - Value of fs.s3a.executor.capacity is 16
2024-07-12 16:57:09,826 [setup] DEBUG auth.SignerManager (SignerManager.java:initCustomSigners(70)) - No custom signers specified
2024-07-12 16:57:09,827 [setup] DEBUG audit.AuditIntegration (AuditIntegration.java:createAndInitAuditor(108)) - Auditor class is class org.apache.hadoop.fs.s3a.audit.impl.LoggingAuditor
2024-07-12 16:57:09,827 [setup] DEBUG impl.ActiveAuditManagerS3A (ActiveAuditManagerS3A.java:serviceInit(196)) - Audit manager initialized with audit service LoggingAuditor{ID='2a3bd161-9d24-4b23-bf19-fda510a0408d', headerEnabled=true, rejectOutOfSpan=true, isMultipartUploadEnabled=true}
2024-07-12 16:57:09,828 [setup] DEBUG impl.ActiveAuditManagerS3A (ActiveAuditManagerS3A.java:serviceStart(209)) - Started audit service LoggingAuditor{ID='2a3bd161-9d24-4b23-bf19-fda510a0408d', headerEnabled=true, rejectOutOfSpan=true, isMultipartUploadEnabled=true}
2024-07-12 16:57:09,828 [setup] DEBUG audit.AuditIntegration (AuditIntegration.java:createAndStartAuditManager(75)) - Started Audit Manager Service ActiveAuditManagerS3A in state ActiveAuditManagerS3A: STARTED, auditor=LoggingAuditor{ID='2a3bd161-9d24-4b23-bf19-fda510a0408d', headerEnabled=true, rejectOutOfSpan=true, isMultipartUploadEnabled=true}}
2024-07-12 16:57:09,828 [setup] DEBUG s3a.S3AUtils (S3AUtils.java:longOption(989)) - Value of fs.s3a.internal.upload.part.count.limit is 10000
2024-07-12 16:57:09,829 [setup] DEBUG s3a.S3AFileSystem (S3AFileSystem.java:createRequestFactory(1090)) - Unset storage class property fs.s3a.create.storage.class; falling back to default storage class
2024-07-12 16:57:09,830 [setup] DEBUG s3a.S3AUtils (S3AUtils.java:createAWSCredentialProvider(699)) - Credential provider class is org.apache.hadoop.fs.s3a.TemporaryAWSCredentialsProvider
2024-07-12 16:57:09,830 [setup] DEBUG s3a.S3AUtils (S3AUtils.java:createAWSCredentialProvider(699)) - Credential provider class is org.apache.hadoop.fs.s3a.SimpleAWSCredentialsProvider
2024-07-12 16:57:09,830 [setup] DEBUG s3a.S3AUtils (S3AUtils.java:createAWSCredentialProvider(699)) - Credential provider class is com.amazonaws.auth.EnvironmentVariableCredentialsProvider
2024-07-12 16:57:09,831 [setup] DEBUG s3a.S3AUtils (S3AUtils.java:createAWSCredentialProvider(699)) - Credential provider class is org.apache.hadoop.fs.s3a.auth.IAMInstanceCredentialsProvider
2024-07-12 16:57:09,831 [setup] DEBUG s3a.S3AUtils (S3AUtils.java:createAWSCredentialProviderSet(591)) - For URI s3a://leg-bucket/, using credentials AWSCredentialProviderList[refcount= 1: [TemporaryAWSCredentialsProvider, SimpleAWSCredentialsProvider, EnvironmentVariableCredentialsProvider, org.apache.hadoop.fs.s3a.auth.IAMInstanceCredentialsProvider@2a03a8cc]
2024-07-12 16:57:09,832 [setup] DEBUG s3a.S3AFileSystem (S3AFileSystem.java:bindAWSClient(961)) - Using credential provider AWSCredentialProviderList[refcount= 1: [TemporaryAWSCredentialsProvider, SimpleAWSCredentialsProvider, EnvironmentVariableCredentialsProvider, org.apache.hadoop.fs.s3a.auth.IAMInstanceCredentialsProvider@2a03a8cc]
2024-07-12 16:57:09,832 [setup] DEBUG s3a.S3AUtils (S3AUtils.java:intOption(968)) - Value of fs.s3a.connection.maximum is 96
2024-07-12 16:57:09,833 [setup] DEBUG s3a.S3AUtils (S3AUtils.java:intOption(968)) - Value of fs.s3a.attempts.maximum is 20
2024-07-12 16:57:09,833 [setup] DEBUG s3a.S3AUtils (S3AUtils.java:intOption(968)) - Value of fs.s3a.connection.establish.timeout is 5000
2024-07-12 16:57:09,834 [setup] DEBUG s3a.S3AUtils (S3AUtils.java:intOption(968)) - Value of fs.s3a.connection.timeout is 200000
2024-07-12 16:57:09,834 [setup] DEBUG s3a.S3AUtils (S3AUtils.java:intOption(968)) - Value of fs.s3a.socket.send.buffer is 8192
2024-07-12 16:57:09,834 [setup] DEBUG s3a.S3AUtils (S3AUtils.java:intOption(968)) - Value of fs.s3a.socket.recv.buffer is 8192
2024-07-12 16:57:09,835 [setup] DEBUG s3a.S3AUtils (S3AUtils.java:initUserAgent(1421)) - Using User-Agent: Hadoop 3.3.6
2024-07-12 16:57:09,835 [setup] DEBUG s3a.S3AUtils (S3AUtils.java:buildEncryptionSecrets(1749)) - Data is unencrypted
2024-07-12 16:57:09,836 [setup] DEBUG s3a.DefaultS3ClientFactory (DefaultS3ClientFactory.java:createEndpointConfiguration(367)) - Creating endpoint configuration for "http://localhost:9878"
2024-07-12 16:57:09,836 [setup] DEBUG s3a.DefaultS3ClientFactory (DefaultS3ClientFactory.java:createEndpointConfiguration(375)) - Endpoint URI = http://localhost:9878
2024-07-12 16:57:09,837 [setup] DEBUG s3a.DefaultS3ClientFactory (DefaultS3ClientFactory.java:createEndpointConfiguration(379)) - Endpoint http://localhost:9878 is not the default; parsing
2024-07-12 16:57:09,837 [setup] DEBUG s3a.DefaultS3ClientFactory (DefaultS3ClientFactory.java:createEndpointConfiguration(390)) - Region for endpoint http://localhost:9878, URI http://localhost:9878 is determined as null
2024-07-12 16:57:09,839 [setup] DEBUG s3a.S3AFileSystem (S3AFileSystem.java:doBucketProbing(724)) - skipping check for bucket existence
2024-07-12 16:57:09,840 [setup] DEBUG s3a.S3AFileSystem (S3AFileSystem.java:initialize(598)) - Input fadvise policy = default
2024-07-12 16:57:09,840 [setup] DEBUG s3a.S3AFileSystem (S3AFileSystem.java:initialize(600)) - Change detection policy = ETagChangeDetectionPolicy mode=Server
2024-07-12 16:57:09,841 [setup] DEBUG s3a.S3AFileSystem (S3AFileSystem.java:initialize(604)) - Filesystem support for magic committers is enabled
2024-07-12 16:57:09,841 [setup] DEBUG s3a.S3AUtils (S3AUtils.java:intOption(968)) - Value of fs.s3a.fast.upload.active.blocks is 4
2024-07-12 16:57:09,841 [setup] DEBUG s3a.S3AFileSystem (S3AFileSystem.java:initialize(623)) - Using S3ABlockOutputStream with buffer = disk; block=67108864; queue limit=4; multipart=true
2024-07-12 16:57:09,842 [setup] INFO  impl.DirectoryPolicyImpl (DirectoryPolicyImpl.java:getDirectoryPolicy(189)) - Directory markers will be kept
2024-07-12 16:57:09,842 [setup] DEBUG s3a.S3AFileSystem (S3AFileSystem.java:initialize(634)) - Directory marker retention policy is DirectoryMarkerRetention{policy='keep'}
2024-07-12 16:57:09,843 [setup] DEBUG s3a.S3AUtils (S3AUtils.java:longOption(989)) - Value of fs.s3a.multipart.purge.age is 86400
2024-07-12 16:57:09,843 [setup] DEBUG s3a.S3AUtils (S3AUtils.java:intOption(968)) - Value of fs.s3a.bulk.delete.page.size is 250
2024-07-12 16:57:09,843 [setup] DEBUG s3a.S3AUtils (S3AUtils.java:longBytesOption(1011)) - Value of fs.s3a.readahead.range is 65536
2024-07-12 16:57:09,844 [setup] DEBUG s3a.S3AUtils (S3AUtils.java:intOption(968)) - Value of io.file.buffer.size is 4096
2024-07-12 16:57:09,844 [setup] DEBUG s3a.S3AUtils (S3AUtils.java:longBytesOption(1011)) - Value of fs.s3a.input.async.drain.threshold is 16000
2024-07-12 16:57:09,845 [setup] DEBUG s3a.S3AUtils (S3AUtils.java:intOption(968)) - Value of fs.s3a.vectored.active.ranged.reads is 4
2024-07-12 16:57:09,845 [setup] DEBUG s3a.S3AUtils (S3AUtils.java:longBytesOption(1011)) - Value of fs.s3a.vectored.read.min.seek.size is 4896
2024-07-12 16:57:09,845 [setup] DEBUG s3a.S3AUtils (S3AUtils.java:longBytesOption(1011)) - Value of fs.s3a.vectored.read.max.merged.size is 1253376
2024-07-12 16:57:09,848 [setup] INFO  contract.AbstractFSContractTestBase (AbstractFSContractTestBase.java:setup(194)) - Test filesystem = s3a://leg-bucket implemented by S3AFileSystem{uri=s3a://leg-bucket, workingDir=s3a://leg-bucket/user/runner, partSize=67108864, enableMultiObjectsDelete=true, maxKeys=2, OpenFileSupport{changePolicy=ETagChangeDetectionPolicy mode=Server, defaultReadAhead=65536, defaultBufferSize=4096, defaultAsyncDrainThreshold=16000, defaultInputPolicy=default}, blockSize=33554432, multiPartThreshold=134217728, s3EncryptionAlgorithm='NONE', blockFactory=org.apache.hadoop.fs.s3a.S3ADataBlocks$DiskBlockFactory@606a8853, auditManager=Service ActiveAuditManagerS3A in state ActiveAuditManagerS3A: STARTED, auditor=LoggingAuditor{ID='2a3bd161-9d24-4b23-bf19-fda510a0408d', headerEnabled=true, rejectOutOfSpan=true, isMultipartUploadEnabled=true}}, authoritativePath=[], useListV1=false, magicCommitter=true, boundedExecutor=BlockingThreadPoolExecutorService{SemaphoredDelegatingExecutor{permitCount=160, available=160, waiting=0}, activeCount=0}, unboundedExecutor=java.util.concurrent.ThreadPoolExecutor@4dc96ff[Running, pool size = 0, active threads = 0, queued tasks = 0, completed tasks = 0], credentials=AWSCredentialProviderList[refcount= 1: [TemporaryAWSCredentialsProvider, SimpleAWSCredentialsProvider, EnvironmentVariableCredentialsProvider, org.apache.hadoop.fs.s3a.auth.IAMInstanceCredentialsProvider@2a03a8cc], delegation tokens=disabled, DirectoryMarkerRetention{policy='keep'}, instrumentation {S3AInstrumentation{instanceIOStatistics=counters=((committer_load_single_pending_file.failures=0) (op_is_file.failures=0) (object_continue_list_request.failures=0) (stream_read_version_mismatches=0) (stream_read_unbuffered=0) (object_put_request.failures=0) (action_http_head_request=0) (multipart_upload_list.failures=0) (stream_write_block_uploads_aborted=0) (committer_stage_file_upload=0) (stream_write_exceptions_completing_upload=0) (object_bulk_delete_request.failures=0) (store_exists_probe.failures=0) (ignored_errors=0) (stream_write_exceptions=0) (op_access=0) (op_create.failures=0) (committer_magic_files_created=0) (op_get_file_checksum=0) (delegation_tokens_issued.failures=0) (object_delete_objects=0) (stream_write_bytes=0) (object_multipart_initiated=0) (stream_read_seek_policy_changed=0) (fake_directories_deleted=0) (op_is_directory.failures=0) (op_xattr_list.failures=0) (stream_read_total_bytes=0) (stream_read_closed=0) (directories_created=0) (object_list_request=0) (stream_aborted=0) (committer_bytes_uploaded=0) (op_hsync=0) (store_io_throttled=0) (store_exists_probe=0) (action_file_opened=0) (committer_materialize_file=0) (action_http_get_request.failures=0) (op_create_non_recursive=0) (audit_span_creation=1) (committer_commits_completed=0) (op_exists.failures=0) (multipart_upload_abort_under_path_invoked=0) (op_get_file_status.failures=0) (committer_tasks_failed=0) (committer_bytes_committed=0) (op_xattr_get_map=0) (committer_commit_job.failures=0) (stream_read_remote_stream_drain=0) (stream_read_seek_bytes_skipped=0) (committer_commits_reverted=0) (store_io_retry=0) (committer_magic_marker_put.failures=0) (action_executor_acquired.failures=0) (op_is_file=0) (stream_read_remote_stream_aborted=0) (multipart_upload_list=0) (stream_write_total_data=0) (stream_read_remote_stream_drain.failures=0) (op_copy_from_local_file.failures=0) (files_deleted=0) (committer_tasks_completed=0) (op_xattr_get_named.failures=0) (stream_read_bytes_discarded_in_abort=0) (stream_read_vectored_combined_ranges=0) (op_list_status.failures=0) (op_get_file_status=0) (fake_directories_created=0) (multipart_upload_part_put_bytes=0) (object_metadata_request=0) (stream_read_close_operations=0) (object_list_request.failures=0) (op_exists=0) (committer_load_single_pending_file=0) (files_delete_rejected=0) (stream_read_seek_operations=0) (object_put_bytes=0) (committer_magic_marker_put=0) (stream_read_operations_incomplete=0) (op_open=0) (op_delete=0) (stream_read_exceptions=0) (object_put_request=0) (op_get_delegation_token.failures=0) (op_delete.failures=0) (op_xattr_get_named_map.failures=0) (object_bulk_delete_request=0) (committer_jobs_completed=0) (op_access.failures=0) (op_hflush=0) (stream_read_seek_backward_operations=0) (stream_read_vectored_operations=0) (op_list_located_status=0) (stream_read_seek_forward_operations=0) (stream_read_seek_bytes_discarded=0) (object_continue_list_request=0) (stream_read_operations=0) (op_get_file_checksum.failures=0) (op_rename=0) (multipart_upload_started=0) (op_xattr_get_map.failures=0) (op_abort=0) (op_mkdirs=0) (files_copied=0) (object_delete_request.failures=0) (stream_read_fully_operations=0) (stream_read_bytes=0) (object_multipart_aborted=0) (op_openfile=0) (committer_materialize_file.failures=0) (op_xattr_get_named_map=0) (op_create=0) (committer_commit_job=0) (multipart_upload_aborted=0) (op_list_files.failures=0) (object_copy_requests=0) (audit_access_check_failure=0) (multipart_instantiated=0) (stream_write_block_uploads_committed=0) (committer_stage_file_upload.failures=0) (op_glob_status=0) (audit_failure=0) (action_executor_acquired=0) (files_created=0) (stream_read_opened=0) (stream_read_bytes_backwards_on_seek=0) (object_select_requests=0) (stream_read_vectored_read_bytes_discarded=0) (committer_commits_created=0) (op_xattr_list=0) (op_xattr_get_named=0) (committer_commits_aborted=0) (op_copy_from_local_file=0) (committer_commits.failures=0) (audit_request_execution=0) (op_createfile.failures=0) (object_multipart_initiated.failures=0) (op_get_delegation_token=0) (stream_read_vectored_incoming_ranges=0) (op_abort.failures=0) (stream_write_queue_duration.failures=0) (stream_write_total_time=0) (op_list_files=0) (object_multipart_aborted.failures=0) (delegation_tokens_issued=0) (op_get_content_summary=0) (multipart_upload_completed=0) (op_createfile=0) (directories_deleted=0) (stream_write_queue_duration=0) (action_http_get_request=0) (multipart_upload_part_put=0) (op_glob_status.failures=0) (action_file_opened.failures=0) (stream_write_block_uploads=0) (op_mkdirs.failures=0) (files_copied_bytes=0) (stream_read_remote_stream_aborted.failures=0) (stream_read_bytes_discarded_in_close=0) (store_io_request=0) (op_rename.failures=0) (object_put_request_completed=0) (action_http_head_request.failures=0) (op_get_content_summary.failures=0) (committer_jobs_failed=0) (object_delete_request=0) (op_list_status=0) (op_is_directory=0));
gauges=((stream_write_block_uploads_active=0) (object_put_bytes_pending=0) (stream_read_active_memory_in_use=0) (stream_write_block_uploads_pending=0) (stream_read_blocks_in_cache=0) (client_side_encryption_enabled=0) (stream_read_active_prefetch_operations=0) (object_put_request_active=0) (stream_write_block_uploads_data_pending=0));
minimums=((op_rename.min=-1) (op_xattr_list.failures.min=-1) (object_delete_request.min=-1) (op_list_status.failures.min=-1) (committer_magic_marker_put.failures.min=-1) (op_get_delegation_token.failures.min=-1) (op_xattr_get_named_map.min=-1) (op_get_file_checksum.min=-1) (committer_stage_file_upload.min=-1) (object_delete_request.failures.min=-1) (action_http_head_request.failures.min=-1) (action_http_get_request.failures.min=-1) (op_get_content_summary.min=-1) (action_http_head_request.min=-1) (op_mkdirs.min=-1) (op_createfile.failures.min=-1) (action_file_opened.min=-1) (object_put_request.min=-1) (op_is_directory.min=-1) (op_mkdirs.failures.min=-1) (stream_read_remote_stream_aborted.min=-1) (op_create.min=-1) (object_multipart_aborted.min=-1) (object_multipart_initiated.failures.min=-1) (op_get_content_summary.failures.min=-1) (committer_load_single_pending_file.min=-1) (committer_magic_marker_put.min=-1) (committer_commit_job.min=-1) (op_get_file_checksum.failures.min=-1) (delegation_tokens_issued.min=-1) (store_exists_probe.min=-1) (object_continue_list_request.min=-1) (object_bulk_delete_request.failures.min=-1) (op_xattr_get_named.failures.min=-1) (stream_write_queue_duration.failures.min=-1) (committer_materialize_file.failures.min=-1) (op_delete.min=-1) (committer_commit_job.failures.min=-1) (op_get_file_status.failures.min=-1) (action_file_opened.failures.min=-1) (op_abort.failures.min=-1) (action_executor_acquired.min=-1) (object_multipart_initiated.min=-1) (op_is_file.failures.min=-1) (multipart_upload_list.min=-1) (op_is_directory.failures.min=-1) (object_bulk_delete_request.min=-1) (op_exists.failures.min=-1) (op_abort.min=-1) (multipart_upload_list.failures.min=-1) (op_get_file_status.min=-1) (object_list_request.failures.min=-1) (op_xattr_get_map.failures.min=-1) (action_executor_acquired.failures.min=-1) (object_multipart_aborted.failures.min=-1) (op_access.failures.min=-1) (op_createfile.min=-1) (object_put_request.failures.min=-1) (action_http_get_request.min=-1) (op_copy_from_local_file.min=-1) (op_glob_status.failures.min=-1) (object_continue_list_request.failures.min=-1) (op_get_delegation_token.min=-1) (op_create.failures.min=-1) (op_exists.min=-1) (op_xattr_get_map.min=-1) (object_list_request.min=-1) (op_xattr_get_named_map.failures.min=-1) (op_glob_status.min=-1) (op_is_file.min=-1) (op_xattr_get_named.min=-1) (stream_read_remote_stream_drain.min=-1) (delegation_tokens_issued.failures.min=-1) (committer_materialize_file.min=-1) (op_access.min=-1) (op_list_status.min=-1) (op_list_files.min=-1) (store_exists_probe.failures.min=-1) (op_delete.failures.min=-1) (op_xattr_list.min=-1) (stream_read_remote_stream_drain.failures.min=-1) (committer_stage_file_upload.failures.min=-1) (stream_read_remote_stream_aborted.failures.min=-1) (op_rename.failures.min=-1) (stream_write_queue_duration.min=-1) (op_copy_from_local_file.failures.min=-1) (op_list_files.failures.min=-1) (committer_load_single_pending_file.failures.min=-1));
maximums=((op_list_files.max=-1) (stream_read_remote_stream_aborted.max=-1) (stream_write_queue_duration.max=-1) (stream_write_queue_duration.failures.max=-1) (op_xattr_get_map.failures.max=-1) (op_xattr_get_named.max=-1) (op_create.failures.max=-1) (op_glob_status.failures.max=-1) (op_xattr_list.failures.max=-1) (op_rename.max=-1) (object_bulk_delete_request.failures.max=-1) (op_glob_status.max=-1) (op_rename.failures.max=-1) (action_executor_acquired.failures.max=-1) (action_http_get_request.max=-1) (op_copy_from_local_file.failures.max=-1) (op_delete.max=-1) (op_access.failures.max=-1) (op_get_content_summary.failures.max=-1) (committer_load_single_pending_file.failures.max=-1) (object_multipart_aborted.max=-1) (op_create.max=-1) (stream_read_remote_stream_aborted.failures.max=-1) (op_xattr_get_named_map.max=-1) (action_file_opened.failures.max=-1) (committer_stage_file_upload.max=-1) (op_get_file_status.max=-1) (object_bulk_delete_request.max=-1) (op_is_file.max=-1) (object_continue_list_request.failures.max=-1) (op_mkdirs.failures.max=-1) (op_exists.max=-1) (multipart_upload_list.failures.max=-1) (op_exists.failures.max=-1) (committer_stage_file_upload.failures.max=-1) (op_list_status.max=-1) (object_multipart_initiated.max=-1) (op_createfile.max=-1) (committer_commit_job.max=-1) (op_get_content_summary.max=-1) (committer_materialize_file.failures.max=-1) (stream_read_remote_stream_drain.failures.max=-1) (op_mkdirs.max=-1) (op_delete.failures.max=-1) (op_abort.max=-1) (object_list_request.failures.max=-1) (store_exists_probe.failures.max=-1) (op_xattr_get_named.failures.max=-1) (op_xattr_get_named_map.failures.max=-1) (store_exists_probe.max=-1) (object_put_request.max=-1) (op_createfile.failures.max=-1) (action_http_head_request.max=-1) (object_multipart_initiated.failures.max=-1) (op_abort.failures.max=-1) (action_http_head_request.failures.max=-1) (op_copy_from_local_file.max=-1) (object_delete_request.max=-1) (op_get_file_checksum.failures.max=-1) (object_continue_list_request.max=-1) (op_get_delegation_token.failures.max=-1) (action_file_opened.max=-1) (op_xattr_list.max=-1) (op_is_directory.max=-1) (op_list_files.failures.max=-1) (object_multipart_aborted.failures.max=-1) (op_is_directory.failures.max=-1) (committer_commit_job.failures.max=-1) (committer_load_single_pending_file.max=-1) (committer_materialize_file.max=-1) (op_get_delegation_token.max=-1) (committer_magic_marker_put.failures.max=-1) (op_xattr_get_map.max=-1) (op_is_file.failures.max=-1) (op_access.max=-1) (object_delete_request.failures.max=-1) (action_executor_acquired.max=-1) (op_list_status.failures.max=-1) (op_get_file_status.failures.max=-1) (action_http_get_request.failures.max=-1) (delegation_tokens_issued.max=-1) (multipart_upload_list.max=-1) (object_list_request.max=-1) (object_put_request.failures.max=-1) (op_get_file_checksum.max=-1) (stream_read_remote_stream_drain.max=-1) (delegation_tokens_issued.failures.max=-1) (committer_magic_marker_put.max=-1));
means=((stream_read_remote_stream_aborted.mean=(samples=0, sum=0, mean=0.0000)) (op_xattr_get_named.failures.mean=(samples=0, sum=0, mean=0.0000)) (op_glob_status.failures.mean=(samples=0, sum=0, mean=0.0000)) (op_delete.mean=(samples=0, sum=0, mean=0.0000)) (op_abort.failures.mean=(samples=0, sum=0, mean=0.0000)) (op_get_file_checksum.failures.mean=(samples=0, sum=0, mean=0.0000)) (op_rename.mean=(samples=0, sum=0, mean=0.0000)) (op_xattr_get_named_map.mean=(samples=0, sum=0, mean=0.0000)) (committer_magic_marker_put.mean=(samples=0, sum=0, mean=0.0000)) (object_put_request.failures.mean=(samples=0, sum=0, mean=0.0000)) (multipart_upload_list.failures.mean=(samples=0, sum=0, mean=0.0000)) (object_list_request.failures.mean=(samples=0, sum=0, mean=0.0000)) (object_multipart_aborted.failures.mean=(samples=0, sum=0, mean=0.0000)) (action_http_get_request.mean=(samples=0, sum=0, mean=0.0000)) (committer_commit_job.mean=(samples=0, sum=0, mean=0.0000)) (op_list_files.mean=(samples=0, sum=0, mean=0.0000)) (op_exists.mean=(samples=0, sum=0, mean=0.0000)) (op_is_file.mean=(samples=0, sum=0, mean=0.0000)) (op_exists.failures.mean=(samples=0, sum=0, mean=0.0000)) (action_http_head_request.failures.mean=(samples=0, sum=0, mean=0.0000)) (op_is_directory.mean=(samples=0, sum=0, mean=0.0000)) (op_list_status.mean=(samples=0, sum=0, mean=0.0000)) (committer_commit_job.failures.mean=(samples=0, sum=0, mean=0.0000)) (object_delete_request.failures.mean=(samples=0, sum=0, mean=0.0000)) (object_continue_list_request.failures.mean=(samples=0, sum=0, mean=0.0000)) (op_createfile.mean=(samples=0, sum=0, mean=0.0000)) (action_executor_acquired.failures.mean=(samples=0, sum=0, mean=0.0000)) (action_file_opened.mean=(samples=0, sum=0, mean=0.0000)) (action_executor_acquired.mean=(samples=0, sum=0, mean=0.0000)) (committer_magic_marker_put.failures.mean=(samples=0, sum=0, mean=0.0000)) (action_file_opened.failures.mean=(samples=0, sum=0, mean=0.0000)) (op_create.mean=(samples=0, sum=0, mean=0.0000)) (op_createfile.failures.mean=(samples=0, sum=0, mean=0.0000)) (object_multipart_initiated.failures.mean=(samples=0, sum=0, mean=0.0000)) (op_xattr_get_map.mean=(samples=0, sum=0, mean=0.0000)) (op_access.failures.mean=(samples=0, sum=0, mean=0.0000)) (object_bulk_delete_request.failures.mean=(samples=0, sum=0, mean=0.0000)) (op_list_status.failures.mean=(samples=0, sum=0, mean=0.0000)) (op_mkdirs.failures.mean=(samples=0, sum=0, mean=0.0000)) (stream_read_remote_stream_drain.mean=(samples=0, sum=0, mean=0.0000)) (multipart_upload_list.mean=(samples=0, sum=0, mean=0.0000)) (op_get_file_status.mean=(samples=0, sum=0, mean=0.0000)) (object_multipart_aborted.mean=(samples=0, sum=0, mean=0.0000)) (op_copy_from_local_file.failures.mean=(samples=0, sum=0, mean=0.0000)) (committer_load_single_pending_file.failures.mean=(samples=0, sum=0, mean=0.0000)) (object_bulk_delete_request.mean=(samples=0, sum=0, mean=0.0000)) (op_is_directory.failures.mean=(samples=0, sum=0, mean=0.0000)) (delegation_tokens_issued.mean=(samples=0, sum=0, mean=0.0000)) (op_abort.mean=(samples=0, sum=0, mean=0.0000)) (op_get_delegation_token.failures.mean=(samples=0, sum=0, mean=0.0000)) (op_xattr_get_named_map.failures.mean=(samples=0, sum=0, mean=0.0000)) (op_xattr_get_map.failures.mean=(samples=0, sum=0, mean=0.0000)) (op_is_file.failures.mean=(samples=0, sum=0, mean=0.0000)) (op_create.failures.mean=(samples=0, sum=0, mean=0.0000)) (op_access.mean=(samples=0, sum=0, mean=0.0000)) (store_exists_probe.mean=(samples=0, sum=0, mean=0.0000)) (op_xattr_get_named.mean=(samples=0, sum=0, mean=0.0000)) (object_multipart_initiated.mean=(samples=0, sum=0, mean=0.0000)) (op_get_delegation_token.mean=(samples=0, sum=0, mean=0.0000)) (object_continue_list_request.mean=(samples=0, sum=0, mean=0.0000)) (op_mkdirs.mean=(samples=0, sum=0, mean=0.0000)) (op_delete.failures.mean=(samples=0, sum=0, mean=0.0000)) (object_list_request.mean=(samples=0, sum=0, mean=0.0000)) (action_http_head_request.mean=(samples=0, sum=0, mean=0.0000)) (stream_read_remote_stream_drain.failures.mean=(samples=0, sum=0, mean=0.0000)) (object_delete_request.mean=(samples=0, sum=0, mean=0.0000)) (store_exists_probe.failures.mean=(samples=0, sum=0, mean=0.0000)) (committer_stage_file_upload.failures.mean=(samples=0, sum=0, mean=0.0000)) (op_xattr_list.failures.mean=(samples=0, sum=0, mean=0.0000)) (committer_materialize_file.failures.mean=(samples=0, sum=0, mean=0.0000)) (action_http_get_request.failures.mean=(samples=0, sum=0, mean=0.0000)) (op_glob_status.mean=(samples=0, sum=0, mean=0.0000)) (op_rename.failures.mean=(samples=0, sum=0, mean=0.0000)) (delegation_tokens_issued.failures.mean=(samples=0, sum=0, mean=0.0000)) (committer_materialize_file.mean=(samples=0, sum=0, mean=0.0000)) (object_put_request.mean=(samples=0, sum=0, mean=0.0000)) (committer_stage_file_upload.mean=(samples=0, sum=0, mean=0.0000)) (op_xattr_list.mean=(samples=0, sum=0, mean=0.0000)) (op_list_files.failures.mean=(samples=0, sum=0, mean=0.0000)) (op_get_content_summary.failures.mean=(samples=0, sum=0, mean=0.0000)) (stream_write_queue_duration.failures.mean=(samples=0, sum=0, mean=0.0000)) (op_copy_from_local_file.mean=(samples=0, sum=0, mean=0.0000)) (op_get_file_status.failures.mean=(samples=0, sum=0, mean=0.0000)) (stream_write_queue_duration.mean=(samples=0, sum=0, mean=0.0000)) (op_get_content_summary.mean=(samples=0, sum=0, mean=0.0000)) (committer_load_single_pending_file.mean=(samples=0, sum=0, mean=0.0000)) (stream_read_remote_stream_aborted.failures.mean=(samples=0, sum=0, mean=0.0000)) (op_get_file_checksum.mean=(samples=0, sum=0, mean=0.0000)));
}}, ClientSideEncryption=false}
2024-07-12 16:57:09,849 [setup] DEBUG impl.MkdirOperation (MkdirOperation.java:execute(94)) - Making directory: s3a://leg-bucket/test
2024-07-12 16:57:09,850 [setup] DEBUG s3a.S3AFileSystem (S3AFileSystem.java:innerGetFileStatus(3650)) - Getting path status for s3a://leg-bucket/test  (test); needEmptyDirectory=false
2024-07-12 16:57:09,850 [setup] DEBUG s3a.S3AFileSystem (S3AFileSystem.java:s3GetFileStatus(3709)) - S3GetFileStatus s3a://leg-bucket/test
2024-07-12 16:57:09,850 [setup] DEBUG s3a.S3AFileSystem (S3AFileSystem.java:listObjects(2702)) - LIST List leg-bucket:/test/ delimiter=/ keys=2 requester pays=false
2024-07-12 16:57:09,851 [setup] DEBUG s3a.S3AFileSystem (DurationInfo.java:<init>(80)) - Starting: LIST
2024-07-12 16:57:09,851 [setup] DEBUG impl.LoggingAuditor (LoggingAuditor.java:beforeExecution(377)) - [163] 2a3bd161-9d24-4b23-bf19-fda510a0408d-00000107 Executing op_mkdirs with {object_list_request 'test/' size=2, mutating=false}; https://audit.example.org/hadoop/1/op_mkdirs/2a3bd161-9d24-4b23-bf19-fda510a0408d-00000107/?op=op_mkdirs&p1=test&pr=runner&ps=6c2bee9a-1859-4c13-95f8-c9da7e014875&id=2a3bd161-9d24-4b23-bf19-fda510a0408d-00000107&t0=163&fs=2a3bd161-9d24-4b23-bf19-fda510a0408d&t1=163&ts=1720803429849
2024-07-12 16:57:09,852 [setup] DEBUG s3a.Invoker (DurationInfo.java:<init>(80)) - Starting: create credentials
2024-07-12 16:57:09,852 [setup] DEBUG s3a.Invoker (DurationInfo.java:close(101)) - create credentials: duration 0:00.000s
2024-07-12 16:57:09,853 [setup] DEBUG s3a.AWSCredentialProviderList (AWSCredentialProviderList.java:getCredentials(197)) - No credentials from TemporaryAWSCredentialsProvider: org.apache.hadoop.fs.s3a.auth.NoAwsCredentialsException: Session credentials in Hadoop configuration: No AWS Credentials
2024-07-12 16:57:09,853 [setup] DEBUG s3a.AWSCredentialProviderList (AWSCredentialProviderList.java:getCredentials(184)) - Using credentials from SimpleAWSCredentialsProvider
2024-07-12 16:57:09,863 [setup] DEBUG s3a.S3AFileSystem (DurationInfo.java:close(101)) - LIST: duration 0:00.012s
2024-07-12 16:57:09,863 [setup] DEBUG s3a.S3AFileSystem (S3AFileSystem.java:s3GetFileStatus(3800)) - Not Found: s3a://leg-bucket/test
2024-07-12 16:57:09,864 [setup] DEBUG s3a.S3AFileSystem (S3AFileSystem.java:innerGetFileStatus(3650)) - Getting path status for s3a://leg-bucket/test  (test); needEmptyDirectory=false
2024-07-12 16:57:09,864 [setup] DEBUG s3a.S3AFileSystem (S3AFileSystem.java:s3GetFileStatus(3709)) - S3GetFileStatus s3a://leg-bucket/test
2024-07-12 16:57:09,865 [setup] DEBUG s3a.S3AFileSystem (S3AFileSystem.java:lambda$getObjectMetadata$11(2661)) - HEAD test with change tracker null
2024-07-12 16:57:09,865 [setup] DEBUG impl.LoggingAuditor (LoggingAuditor.java:beforeExecution(377)) - [163] 2a3bd161-9d24-4b23-bf19-fda510a0408d-00000107 Executing op_mkdirs with {action_http_head_request 'test' size=0, mutating=false}; https://audit.example.org/hadoop/1/op_mkdirs/2a3bd161-9d24-4b23-bf19-fda510a0408d-00000107/?op=op_mkdirs&p1=test&pr=runner&ps=6c2bee9a-1859-4c13-95f8-c9da7e014875&id=2a3bd161-9d24-4b23-bf19-fda510a0408d-00000107&t0=163&fs=2a3bd161-9d24-4b23-bf19-fda510a0408d&t1=163&ts=1720803429849
2024-07-12 16:57:09,876 [setup] DEBUG s3a.S3AFileSystem (S3AFileSystem.java:s3GetFileStatus(3800)) - Not Found: s3a://leg-bucket/test
2024-07-12 16:57:09,876 [setup] DEBUG s3a.Invoker (DurationInfo.java:<init>(80)) - Starting: PUT 0-byte object 
2024-07-12 16:57:09,876 [setup] DEBUG s3a.S3AFileSystem (S3AFileSystem.java:putObjectDirect(2987)) - PUT 0 bytes to test/
2024-07-12 16:57:09,876 [setup] DEBUG s3a.S3AFileSystem (S3AFileSystem.java:incrementPutStartStatistics(3060)) - PUT start 0 bytes
2024-07-12 16:57:09,877 [setup] DEBUG impl.LoggingAuditor (LoggingAuditor.java:beforeExecution(377)) - [163] 2a3bd161-9d24-4b23-bf19-fda510a0408d-00000107 Executing op_mkdirs with {object_put_request 'test/' size=0, mutating=true}; https://audit.example.org/hadoop/1/op_mkdirs/2a3bd161-9d24-4b23-bf19-fda510a0408d-00000107/?op=op_mkdirs&p1=test&pr=runner&ps=6c2bee9a-1859-4c13-95f8-c9da7e014875&id=2a3bd161-9d24-4b23-bf19-fda510a0408d-00000107&t0=163&fs=2a3bd161-9d24-4b23-bf19-fda510a0408d&t1=163&ts=1720803429849
2024-07-12 16:57:09,900 [setup] DEBUG s3a.S3AFileSystem (S3AFileSystem.java:incrementPutCompletedStatistics(3076)) - PUT completed success=true; 0 bytes
2024-07-12 16:57:09,901 [setup] DEBUG s3a.S3AFileSystem (S3AFileSystem.java:finishedWrite(4360)) - Finished write to test/, len 0. etag d41d8cd98f00b204e9800998ecf8427e, version null
2024-07-12 16:57:09,902 [setup] DEBUG s3a.Invoker (DurationInfo.java:close(101)) - PUT 0-byte object : duration 0:00.026s
2024-07-12 16:57:09,902 [setup] DEBUG S3AFileSystem.Progress (S3AFileSystem.java:incrementPutProgressStatistics(3093)) - PUT test: 0 bytes
2024-07-12 16:57:09,902 [JUnit-testComplexDirActions] DEBUG impl.MkdirOperation (MkdirOperation.java:execute(94)) - Making directory: s3a://leg-bucket/test/testComplexDirActions
2024-07-12 16:57:09,902 [JUnit-testComplexDirActions] DEBUG s3a.S3AFileSystem (S3AFileSystem.java:innerGetFileStatus(3650)) - Getting path status for s3a://leg-bucket/test/testComplexDirActions  (test/testComplexDirActions); needEmptyDirectory=false
2024-07-12 16:57:09,902 [JUnit-testComplexDirActions] DEBUG s3a.S3AFileSystem (S3AFileSystem.java:s3GetFileStatus(3709)) - S3GetFileStatus s3a://leg-bucket/test/testComplexDirActions
2024-07-12 16:57:09,903 [JUnit-testComplexDirActions] DEBUG s3a.S3AFileSystem (S3AFileSystem.java:listObjects(2702)) - LIST List leg-bucket:/test/testComplexDirActions/ delimiter=/ keys=2 requester pays=false
2024-07-12 16:57:09,903 [JUnit-testComplexDirActions] DEBUG s3a.S3AFileSystem (DurationInfo.java:<init>(80)) - Starting: LIST
2024-07-12 16:57:09,903 [JUnit-testComplexDirActions] DEBUG impl.LoggingAuditor (LoggingAuditor.java:beforeExecution(377)) - [163] 2a3bd161-9d24-4b23-bf19-fda510a0408d-00000108 Executing op_mkdirs with {object_list_request 'test/testComplexDirActions/' size=2, mutating=false}; https://audit.example.org/hadoop/1/op_mkdirs/2a3bd161-9d24-4b23-bf19-fda510a0408d-00000108/?op=op_mkdirs&p1=test/testComplexDirActions&pr=runner&ps=6c2bee9a-1859-4c13-95f8-c9da7e014875&id=2a3bd161-9d24-4b23-bf19-fda510a0408d-00000108&t0=163&fs=2a3bd161-9d24-4b23-bf19-fda510a0408d&t1=163&ts=1720803429902
2024-07-12 16:57:09,919 [JUnit-testComplexDirActions] DEBUG s3a.S3AFileSystem (DurationInfo.java:close(101)) - LIST: duration 0:00.016s
2024-07-12 16:57:09,919 [JUnit-testComplexDirActions] DEBUG s3a.S3AFileSystem (S3AFileSystem.java:s3GetFileStatus(3800)) - Not Found: s3a://leg-bucket/test/testComplexDirActions
2024-07-12 16:57:09,919 [JUnit-testComplexDirActions] DEBUG s3a.S3AFileSystem (S3AFileSystem.java:innerGetFileStatus(3650)) - Getting path status for s3a://leg-bucket/test/testComplexDirActions  (test/testComplexDirActions); needEmptyDirectory=false
2024-07-12 16:57:09,919 [JUnit-testComplexDirActions] DEBUG s3a.S3AFileSystem (S3AFileSystem.java:s3GetFileStatus(3709)) - S3GetFileStatus s3a://leg-bucket/test/testComplexDirActions
2024-07-12 16:57:09,919 [JUnit-testComplexDirActions] DEBUG s3a.S3AFileSystem (S3AFileSystem.java:lambda$getObjectMetadata$11(2661)) - HEAD test/testComplexDirActions with change tracker null
2024-07-12 16:57:09,920 [JUnit-testComplexDirActions] DEBUG impl.LoggingAuditor (LoggingAuditor.java:beforeExecution(377)) - [163] 2a3bd161-9d24-4b23-bf19-fda510a0408d-00000108 Executing op_mkdirs with {action_http_head_request 'test/testComplexDirActions' size=0, mutating=false}; https://audit.example.org/hadoop/1/op_mkdirs/2a3bd161-9d24-4b23-bf19-fda510a0408d-00000108/?op=op_mkdirs&p1=test/testComplexDirActions&pr=runner&ps=6c2bee9a-1859-4c13-95f8-c9da7e014875&id=2a3bd161-9d24-4b23-bf19-fda510a0408d-00000108&t0=163&fs=2a3bd161-9d24-4b23-bf19-fda510a0408d&t1=163&ts=1720803429902
2024-07-12 16:57:09,929 [JUnit-testComplexDirActions] DEBUG s3a.S3AFileSystem (S3AFileSystem.java:s3GetFileStatus(3800)) - Not Found: s3a://leg-bucket/test/testComplexDirActions
2024-07-12 16:57:09,929 [JUnit-testComplexDirActions] DEBUG s3a.S3AFileSystem (S3AFileSystem.java:innerGetFileStatus(3650)) - Getting path status for s3a://leg-bucket/test  (test); needEmptyDirectory=false
2024-07-12 16:57:09,929 [JUnit-testComplexDirActions] DEBUG s3a.S3AFileSystem (S3AFileSystem.java:s3GetFileStatus(3709)) - S3GetFileStatus s3a://leg-bucket/test
2024-07-12 16:57:09,930 [JUnit-testComplexDirActions] DEBUG s3a.S3AFileSystem (S3AFileSystem.java:listObjects(2702)) - LIST List leg-bucket:/test/ delimiter=/ keys=2 requester pays=false
2024-07-12 16:57:09,930 [JUnit-testComplexDirActions] DEBUG s3a.S3AFileSystem (DurationInfo.java:<init>(80)) - Starting: LIST
2024-07-12 16:57:09,930 [JUnit-testComplexDirActions] DEBUG impl.LoggingAuditor (LoggingAuditor.java:beforeExecution(377)) - [163] 2a3bd161-9d24-4b23-bf19-fda510a0408d-00000108 Executing op_mkdirs with {object_list_request 'test/' size=2, mutating=false}; https://audit.example.org/hadoop/1/op_mkdirs/2a3bd161-9d24-4b23-bf19-fda510a0408d-00000108/?op=op_mkdirs&p1=test/testComplexDirActions&pr=runner&ps=6c2bee9a-1859-4c13-95f8-c9da7e014875&id=2a3bd161-9d24-4b23-bf19-fda510a0408d-00000108&t0=163&fs=2a3bd161-9d24-4b23-bf19-fda510a0408d&t1=163&ts=1720803429902
2024-07-12 16:57:09,950 [JUnit-testComplexDirActions] DEBUG s3a.S3AFileSystem (DurationInfo.java:close(101)) - LIST: duration 0:00.020s
2024-07-12 16:57:09,951 [JUnit-testComplexDirActions] DEBUG s3a.S3AFileSystem (S3AFileSystem.java:s3GetFileStatus(3773)) - Found path as directory (with /)
2024-07-12 16:57:09,951 [JUnit-testComplexDirActions] DEBUG s3a.S3AFileSystem (S3ListResult.java:logAtDebug(143)) - Prefix count = 0; object count=1
2024-07-12 16:57:09,951 [JUnit-testComplexDirActions] DEBUG s3a.S3AFileSystem (S3ListResult.java:logAtDebug(146)) - Summary: test/ 0
2024-07-12 16:57:09,951 [JUnit-testComplexDirActions] DEBUG s3a.Invoker (DurationInfo.java:<init>(80)) - Starting: PUT 0-byte object 
2024-07-12 16:57:09,951 [JUnit-testComplexDirActions] DEBUG s3a.S3AFileSystem (S3AFileSystem.java:putObjectDirect(2987)) - PUT 0 bytes to test/testComplexDirActions/
2024-07-12 16:57:09,951 [JUnit-testComplexDirActions] DEBUG s3a.S3AFileSystem (S3AFileSystem.java:incrementPutStartStatistics(3060)) - PUT start 0 bytes
2024-07-12 16:57:09,952 [JUnit-testComplexDirActions] DEBUG impl.LoggingAuditor (LoggingAuditor.java:beforeExecution(377)) - [163] 2a3bd161-9d24-4b23-bf19-fda510a0408d-00000108 Executing op_mkdirs with {object_put_request 'test/testComplexDirActions/' size=0, mutating=true}; https://audit.example.org/hadoop/1/op_mkdirs/2a3bd161-9d24-4b23-bf19-fda510a0408d-00000108/?op=op_mkdirs&p1=test/testComplexDirActions&pr=runner&ps=6c2bee9a-1859-4c13-95f8-c9da7e014875&id=2a3bd161-9d24-4b23-bf19-fda510a0408d-00000108&t0=163&fs=2a3bd161-9d24-4b23-bf19-fda510a0408d&t1=163&ts=1720803429902
2024-07-12 16:57:09,982 [JUnit-testComplexDirActions] DEBUG s3a.S3AFileSystem (S3AFileSystem.java:incrementPutCompletedStatistics(3076)) - PUT completed success=true; 0 bytes
2024-07-12 16:57:09,982 [JUnit-testComplexDirActions] DEBUG s3a.S3AFileSystem (S3AFileSystem.java:finishedWrite(4360)) - Finished write to test/testComplexDirActions/, len 0. etag d41d8cd98f00b204e9800998ecf8427e, version null
2024-07-12 16:57:09,982 [JUnit-testComplexDirActions] DEBUG s3a.Invoker (DurationInfo.java:close(101)) - PUT 0-byte object : duration 0:00.031s
2024-07-12 16:57:09,982 [JUnit-testComplexDirActions] DEBUG S3AFileSystem.Progress (S3AFileSystem.java:incrementPutProgressStatistics(3093)) - PUT test/testComplexDirActions: 0 bytes
2024-07-12 16:57:09,983 [JUnit-testComplexDirActions] DEBUG s3a.S3AFileSystem (S3AFileSystem.java:innerGetFileStatus(3650)) - Getting path status for s3a://leg-bucket/test/testComplexDirActions/file--0-0000.txt  (test/testComplexDirActions/file--0-0000.txt); needEmptyDirectory=false
2024-07-12 16:57:09,983 [JUnit-testComplexDirActions] DEBUG s3a.S3AFileSystem (S3AFileSystem.java:s3GetFileStatus(3709)) - S3GetFileStatus s3a://leg-bucket/test/testComplexDirActions/file--0-0000.txt
2024-07-12 16:57:09,983 [JUnit-testComplexDirActions] DEBUG s3a.S3AFileSystem (S3AFileSystem.java:listObjects(2702)) - LIST List leg-bucket:/test/testComplexDirActions/file--0-0000.txt/ delimiter=/ keys=2 requester pays=false
2024-07-12 16:57:09,983 [JUnit-testComplexDirActions] DEBUG s3a.S3AFileSystem (DurationInfo.java:<init>(80)) - Starting: LIST
2024-07-12 16:57:09,983 [JUnit-testComplexDirActions] DEBUG impl.LoggingAuditor (LoggingAuditor.java:beforeExecution(377)) - [163] 2a3bd161-9d24-4b23-bf19-fda510a0408d-00000109 Executing op_create with {object_list_request 'test/testComplexDirActions/file--0-0000.txt/' size=2, mutating=false}; https://audit.example.org/hadoop/1/op_create/2a3bd161-9d24-4b23-bf19-fda510a0408d-00000109/?op=op_create&p1=test/testComplexDirActions/file--0-0000.txt&pr=runner&ps=6c2bee9a-1859-4c13-95f8-c9da7e014875&id=2a3bd161-9d24-4b23-bf19-fda510a0408d-00000109&t0=163&fs=2a3bd161-9d24-4b23-bf19-fda510a0408d&t1=163&ts=1720803429982
2024-07-12 16:57:10,027 [JUnit-testComplexDirActions] DEBUG s3a.S3AFileSystem (DurationInfo.java:close(101)) - LIST: duration 0:00.044s
2024-07-12 16:57:10,027 [JUnit-testComplexDirActions] DEBUG s3a.S3AFileSystem (S3AFileSystem.java:s3GetFileStatus(3800)) - Not Found: s3a://leg-bucket/test/testComplexDirActions/file--0-0000.txt
2024-07-12 16:57:10,027 [JUnit-testComplexDirActions] DEBUG s3a.S3ARetryPolicy (S3ARetryPolicy.java:<init>(132)) - Retrying on recoverable AWS failures 7 times with an initial interval of 500ms
2024-07-12 16:57:10,028 [JUnit-testComplexDirActions] DEBUG s3a.S3ABlockOutputStream (S3ABlockOutputStream.java:<init>(218)) - Initialized S3ABlockOutputStream for test/testComplexDirActions/file--0-0000.txt output to FileBlock{index=1, destFile=/home/runner/work/ozone/ozone/target/hadoop-src/target/tmp/s3a/s3ablock-0001-11120449814809118791.tmp, state=Writing, dataSize=0, limit=67108864}
2024-07-12 16:57:10,028 [JUnit-testComplexDirActions] DEBUG s3a.S3ABlockOutputStream (S3ABlockOutputStream.java:close(417)) - S3ABlockOutputStream{WriteOperationHelper {bucket=leg-bucket}, blockSize=67108864, isMultipartUploadEnabled=true, activeBlock=FileBlock{index=1, destFile=/home/runner/work/ozone/ozone/target/hadoop-src/target/tmp/s3a/s3ablock-0001-11120449814809118791.tmp, state=Writing, dataSize=512, limit=67108864} Statistics=counters=((stream_write_exceptions_completing_upload=0) (object_multipart_initiated.failures=0) (action_executor_acquired=0) (op_abort=0) (object_put_request=0) (op_hsync=0) (stream_write_block_uploads=0) (op_hflush=0) (multipart_upload_completed.failures=0) (stream_write_total_data=0) (stream_write_queue_duration=0) (action_executor_acquired.failures=0) (object_multipart_initiated=0) (stream_write_total_time=0) (object_multipart_aborted=0) (object_multipart_aborted.failures=0) (stream_write_exceptions=0) (committer_magic_marker_put.failures=0) (stream_write_bytes=512) (multipart_upload_part_put=0) (committer_magic_marker_put=0) (op_abort.failures=0) (multipart_upload_completed=0) (multipart_upload_part_put.failures=0) (object_put_request.failures=0));
gauges=((stream_write_block_uploads_data_pending=0) (stream_write_block_uploads_pending=0));
minimums=((object_put_request.failures.min=-1) (multipart_upload_part_put.min=-1) (object_multipart_aborted.min=-1) (committer_magic_marker_put.failures.min=-1) (action_executor_acquired.min=-1) (multipart_upload_completed.failures.min=-1) (action_executor_acquired.failures.min=-1) (object_multipart_initiated.min=-1) (object_put_request.min=-1) (object_multipart_initiated.failures.min=-1) (op_abort.min=-1) (object_multipart_aborted.failures.min=-1) (multipart_upload_completed.min=-1) (multipart_upload_part_put.failures.min=-1) (op_abort.failures.min=-1) (committer_magic_marker_put.min=-1));
maximums=((multipart_upload_part_put.max=-1) (op_abort.max=-1) (object_put_request.max=-1) (object_put_request.failures.max=-1) (object_multipart_aborted.max=-1) (multipart_upload_completed.max=-1) (object_multipart_initiated.failures.max=-1) (object_multipart_initiated.max=-1) (object_multipart_aborted.failures.max=-1) (multipart_upload_completed.failures.max=-1) (committer_magic_marker_put.max=-1) (action_executor_acquired.failures.max=-1) (committer_magic_marker_put.failures.max=-1) (action_executor_acquired.max=-1) (op_abort.failures.max=-1) (multipart_upload_part_put.failures.max=-1));
means=((op_abort.failures.mean=(samples=0, sum=0, mean=0.0000)) (object_multipart_aborted.failures.mean=(samples=0, sum=0, mean=0.0000)) (committer_magic_marker_put.mean=(samples=0, sum=0, mean=0.0000)) (multipart_upload_completed.failures.mean=(samples=0, sum=0, mean=0.0000)) (action_executor_acquired.failures.mean=(samples=0, sum=0, mean=0.0000)) (object_multipart_aborted.mean=(samples=0, sum=0, mean=0.0000)) (object_multipart_initiated.mean=(samples=0, sum=0, mean=0.0000)) (object_put_request.failures.mean=(samples=0, sum=0, mean=0.0000)) (op_abort.mean=(samples=0, sum=0, mean=0.0000)) (object_multipart_initiated.failures.mean=(samples=0, sum=0, mean=0.0000)) (multipart_upload_part_put.mean=(samples=0, sum=0, mean=0.0000)) (multipart_upload_part_put.failures.mean=(samples=0, sum=0, mean=0.0000)) (committer_magic_marker_put.failures.mean=(samples=0, sum=0, mean=0.0000)) (multipart_upload_completed.mean=(samples=0, sum=0, mean=0.0000)) (object_put_request.mean=(samples=0, sum=0, mean=0.0000)) (action_executor_acquired.mean=(samples=0, sum=0, mean=0.0000)));
}: Closing block #1: current block= FileBlock{index=1, destFile=/home/runner/work/ozone/ozone/target/hadoop-src/target/tmp/s3a/s3ablock-0001-11120449814809118791.tmp, state=Writing, dataSize=512, limit=67108864}
2024-07-12 16:57:10,028 [JUnit-testComplexDirActions] DEBUG s3a.S3ABlockOutputStream (S3ABlockOutputStream.java:putObject(592)) - Executing regular upload for WriteOperationHelper {bucket=leg-bucket}
2024-07-12 16:57:10,028 [JUnit-testComplexDirActions] DEBUG s3a.S3ADataBlocks (S3ADataBlocks.java:startUpload(325)) - Start datablock[1] upload
2024-07-12 16:57:10,028 [JUnit-testComplexDirActions] DEBUG s3a.S3ADataBlocks (S3ADataBlocks.java:enterState(232)) - FileBlock{index=1, destFile=/home/runner/work/ozone/ozone/target/hadoop-src/target/tmp/s3a/s3ablock-0001-11120449814809118791.tmp, state=Writing, dataSize=512, limit=67108864}: entering state Upload
2024-07-12 16:57:10,030 [JUnit-testComplexDirActions] DEBUG s3a.S3ABlockOutputStream (S3ABlockOutputStream.java:clearActiveBlock(261)) - Clearing active block
2024-07-12 16:57:10,031 [s3a-transfer-leg-bucket-bounded-pool24-t1] DEBUG s3a.Invoker (DurationInfo.java:<init>(80)) - Starting: Writing Object
2024-07-12 16:57:10,031 [s3a-transfer-leg-bucket-bounded-pool24-t1] DEBUG s3a.S3AFileSystem (S3AFileSystem.java:putObjectDirect(2987)) - PUT 512 bytes to test/testComplexDirActions/file--0-0000.txt
2024-07-12 16:57:10,032 [s3a-transfer-leg-bucket-bounded-pool24-t1] DEBUG s3a.S3AFileSystem (S3AFileSystem.java:incrementPutStartStatistics(3060)) - PUT start 512 bytes
2024-07-12 16:57:10,032 [s3a-transfer-leg-bucket-bounded-pool24-t1] DEBUG impl.LoggingAuditor (LoggingAuditor.java:beforeExecution(377)) - [169] 2a3bd161-9d24-4b23-bf19-fda510a0408d-00000109 Executing op_create with {object_put_request 'test/testComplexDirActions/file--0-0000.txt' size=0, mutating=true}; https://audit.example.org/hadoop/1/op_create/2a3bd161-9d24-4b23-bf19-fda510a0408d-00000109/?op=op_create&p1=test/testComplexDirActions/file--0-0000.txt&pr=runner&ps=6c2bee9a-1859-4c13-95f8-c9da7e014875&id=2a3bd161-9d24-4b23-bf19-fda510a0408d-00000109&t0=163&fs=2a3bd161-9d24-4b23-bf19-fda510a0408d&t1=169&ts=1720803429982
2024-07-12 16:57:10,103 [s3a-transfer-leg-bucket-bounded-pool24-t1] DEBUG s3a.S3AFileSystem (S3AFileSystem.java:incrementPutCompletedStatistics(3076)) - PUT completed success=true; 512 bytes
2024-07-12 16:57:10,103 [s3a-transfer-leg-bucket-bounded-pool24-t1] DEBUG s3a.S3AFileSystem (S3AFileSystem.java:finishedWrite(4360)) - Finished write to test/testComplexDirActions/file--0-0000.txt, len 512. etag 3e6dfe0445947dfc6e8c0781c36f769a, version null
2024-07-12 16:57:10,103 [s3a-transfer-leg-bucket-bounded-pool24-t1] DEBUG s3a.Invoker (DurationInfo.java:close(101)) - Writing Object: duration 0:00.072s
2024-07-12 16:57:10,104 [s3a-transfer-leg-bucket-bounded-pool24-t1] DEBUG s3a.S3ADataBlocks (S3ADataBlocks.java:enterState(232)) - FileBlock{index=1, destFile=/home/runner/work/ozone/ozone/target/hadoop-src/target/tmp/s3a/s3ablock-0001-11120449814809118791.tmp, state=Upload, dataSize=512, limit=67108864}: entering state Closed
2024-07-12 16:57:10,104 [s3a-transfer-leg-bucket-bounded-pool24-t1] DEBUG s3a.S3ADataBlocks (S3ADataBlocks.java:close(347)) - Closed FileBlock{index=1, destFile=/home/runner/work/ozone/ozone/target/hadoop-src/target/tmp/s3a/s3ablock-0001-11120449814809118791.tmp, state=Closed, dataSize=512, limit=67108864}
2024-07-12 16:57:10,104 [s3a-transfer-leg-bucket-bounded-pool24-t1] DEBUG s3a.S3ADataBlocks (S3ADataBlocks.java:innerClose(913)) - Closing FileBlock{index=1, destFile=/home/runner/work/ozone/ozone/target/hadoop-src/target/tmp/s3a/s3ablock-0001-11120449814809118791.tmp, state=Closed, dataSize=512, limit=67108864}
2024-07-12 16:57:10,104 [s3a-transfer-leg-bucket-bounded-pool24-t1] DEBUG s3a.S3ADataBlocks (S3ADataBlocks.java:closeBlock(967)) - block[1]: closeBlock()
2024-07-12 16:57:10,104 [JUnit-testComplexDirActions] DEBUG s3a.S3ABlockOutputStream (S3ABlockOutputStream.java:close(460)) - Upload complete to test/testComplexDirActions/file--0-0000.txt by WriteOperationHelper {bucket=leg-bucket}
2024-07-12 16:57:10,104 [JUnit-testComplexDirActions] DEBUG s3a.S3ABlockOutputStream (S3ABlockOutputStream.java:cleanupOnClose(484)) - Statistics: OutputStreamStatistics{counters=((action_executor_acquired=0) (object_put_request=1) (multipart_upload_completed.failures=0) (op_abort=0) (object_multipart_initiated=0) (stream_write_bytes=512) (stream_write_queue_duration=0) (stream_write_exceptions=0) (stream_write_total_time=0) (committer_magic_marker_put=0) (object_multipart_aborted.failures=0) (stream_write_exceptions_completing_upload=0) (multipart_upload_part_put.failures=0) (multipart_upload_part_put=0) (op_abort.failures=0) (stream_write_total_data=512) (op_hsync=0) (action_executor_acquired.failures=0) (op_hflush=0) (stream_write_block_uploads=1) (object_put_request.failures=0) (object_multipart_aborted=0) (multipart_upload_completed=0) (committer_magic_marker_put.failures=0) (object_multipart_initiated.failures=0));
gauges=((stream_write_block_uploads_pending=1) (stream_write_block_uploads_data_pending=0));
minimums=((object_multipart_initiated.min=-1) (op_abort.min=-1) (multipart_upload_part_put.min=-1) (committer_magic_marker_put.failures.min=-1) (multipart_upload_completed.failures.min=-1) (committer_magic_marker_put.min=-1) (op_abort.failures.min=-1) (object_put_request.min=71) (object_multipart_initiated.failures.min=-1) (object_put_request.failures.min=-1) (object_multipart_aborted.min=-1) (action_executor_acquired.min=-1) (multipart_upload_part_put.failures.min=-1) (multipart_upload_completed.min=-1) (action_executor_acquired.failures.min=-1) (object_multipart_aborted.failures.min=-1));
maximums=((committer_magic_marker_put.max=-1) (object_put_request.max=71) (multipart_upload_completed.failures.max=-1) (object_multipart_initiated.max=-1) (action_executor_acquired.max=-1) (object_multipart_aborted.max=-1) (object_put_request.failures.max=-1) (action_executor_acquired.failures.max=-1) (object_multipart_initiated.failures.max=-1) (multipart_upload_part_put.max=-1) (op_abort.failures.max=-1) (multipart_upload_completed.max=-1) (object_multipart_aborted.failures.max=-1) (committer_magic_marker_put.failures.max=-1) (multipart_upload_part_put.failures.max=-1) (op_abort.max=-1));
means=((op_abort.failures.mean=(samples=0, sum=0, mean=0.0000)) (op_abort.mean=(samples=0, sum=0, mean=0.0000)) (multipart_upload_part_put.mean=(samples=0, sum=0, mean=0.0000)) (multipart_upload_completed.mean=(samples=0, sum=0, mean=0.0000)) (object_multipart_aborted.mean=(samples=0, sum=0, mean=0.0000)) (action_executor_acquired.failures.mean=(samples=0, sum=0, mean=0.0000)) (multipart_upload_completed.failures.mean=(samples=0, sum=0, mean=0.0000)) (object_multipart_aborted.failures.mean=(samples=0, sum=0, mean=0.0000)) (object_multipart_initiated.mean=(samples=0, sum=0, mean=0.0000)) (object_put_request.failures.mean=(samples=0, sum=0, mean=0.0000)) (committer_magic_marker_put.failures.mean=(samples=0, sum=0, mean=0.0000)) (action_executor_acquired.mean=(samples=0, sum=0, mean=0.0000)) (multipart_upload_part_put.failures.mean=(samples=0, sum=0, mean=0.0000)) (object_put_request.mean=(samples=1, sum=71, mean=71.0000)) (committer_magic_marker_put.mean=(samples=0, sum=0, mean=0.0000)) (object_multipart_initiated.failures.mean=(samples=0, sum=0, mean=0.0000)));
, blocksActive=0, blockUploadsCompleted=0, blocksAllocated=1, blocksReleased=1, blocksActivelyAllocated=0, transferDuration=0 ms, totalUploadDuration=0 ms, effectiveBandwidth=0.0 bytes/s}
2024-07-12 16:57:10,105 [JUnit-testComplexDirActions] DEBUG s3a.S3ABlockOutputStream (S3ABlockOutputStream.java:close(412)) - Ignoring close() as stream is already closed
2024-07-12 16:57:10,105 [JUnit-testComplexDirActions] DEBUG s3a.S3AFileSystem (S3AFileSystem.java:innerGetFileStatus(3650)) - Getting path status for s3a://leg-bucket/test/testComplexDirActions/file--0-0000.txt  (test/testComplexDirActions/file--0-0000.txt); needEmptyDirectory=false
2024-07-12 16:57:10,105 [JUnit-testComplexDirActions] DEBUG s3a.S3AFileSystem (S3AFileSystem.java:s3GetFileStatus(3709)) - S3GetFileStatus s3a://leg-bucket/test/testComplexDirActions/file--0-0000.txt
2024-07-12 16:57:10,105 [JUnit-testComplexDirActions] DEBUG s3a.S3AFileSystem (S3AFileSystem.java:lambda$getObjectMetadata$11(2661)) - HEAD test/testComplexDirActions/file--0-0000.txt with change tracker null
2024-07-12 16:57:10,105 [JUnit-testComplexDirActions] DEBUG impl.LoggingAuditor (LoggingAuditor.java:beforeExecution(377)) - [163] 2a3bd161-9d24-4b23-bf19-fda510a0408d-00000110 Executing op_get_file_status with {action_http_head_request 'test/testComplexDirActions/file--0-0000.txt' size=0, mutating=false}; https://audit.example.org/hadoop/1/op_get_file_status/2a3bd161-9d24-4b23-bf19-fda510a0408d-00000110/?op=op_get_file_status&p1=test/testComplexDirActions/file--0-0000.txt&pr=runner&ps=6c2bee9a-1859-4c13-95f8-c9da7e014875&id=2a3bd161-9d24-4b23-bf19-fda510a0408d-00000110&t0=163&fs=2a3bd161-9d24-4b23-bf19-fda510a0408d&t1=163&ts=1720803430105
2024-07-12 16:57:10,109 [JUnit-testComplexDirActions] DEBUG s3a.S3AFileSystem (S3AFileSystem.java:s3GetFileStatus(3725)) - Found exact file: normal file test/testComplexDirActions/file--0-0000.txt
2024-07-12 16:57:10,117 [JUnit-testComplexDirActions] DEBUG s3a.S3AFileSystem (S3AFileSystem.java:innerGetFileStatus(3650)) - Getting path status for s3a://leg-bucket/test/testComplexDirActions/file--0-0001.txt  (test/testComplexDirActions/file--0-0001.txt); needEmptyDirectory=false
2024-07-12 16:57:10,118 [JUnit-testComplexDirActions] DEBUG s3a.S3AFileSystem (S3AFileSystem.java:s3GetFileStatus(3709)) - S3GetFileStatus s3a://leg-bucket/test/testComplexDirActions/file--0-0001.txt
2024-07-12 16:57:10,118 [JUnit-testComplexDirActions] INFO  impl.LoggingAuditor (LoggingAuditor.java:requestCreated(467)) - Creating a request outside an audit span {object_list_request 'test/testComplexDirActions/file--0-0001.txt/' size=2, mutating=false}
2024-07-12 16:57:10,120 [JUnit-testComplexDirActions] DEBUG impl.LoggingAuditor (LoggingAuditor.java:requestCreated(469)) - Creating a request outside an audit span {object_list_request 'test/testComplexDirActions/file--0-0001.txt/' size=2, mutating=false}
org.apache.hadoop.fs.s3a.audit.AuditFailureException: unaudited
	at org.apache.hadoop.fs.s3a.audit.impl.LoggingAuditor$WarningSpan.requestCreated(LoggingAuditor.java:469)
	at org.apache.hadoop.fs.s3a.audit.impl.ActiveAuditManagerS3A$WrappingAuditSpan.requestCreated(ActiveAuditManagerS3A.java:753)
	at org.apache.hadoop.fs.s3a.audit.impl.ActiveAuditManagerS3A.requestCreated(ActiveAuditManagerS3A.java:450)
	at org.apache.hadoop.fs.s3a.impl.RequestFactoryImpl.prepareRequest(RequestFactoryImpl.java:156)
	at org.apache.hadoop.fs.s3a.impl.RequestFactoryImpl.newListObjectsV2Request(RequestFactoryImpl.java:609)
	at org.apache.hadoop.fs.s3a.S3AFileSystem.createListObjectsRequest(S3AFileSystem.java:3429)
	at org.apache.hadoop.fs.s3a.S3AFileSystem.s3GetFileStatus(S3AFileSystem.java:3765)
	at org.apache.hadoop.fs.s3a.S3AFileSystem.innerGetFileStatus(S3AFileSystem.java:3652)
	at org.apache.hadoop.fs.s3a.S3AFileSystem.innerCreateFile(S3AFileSystem.java:1832)
	at org.apache.hadoop.fs.s3a.S3AFileSystem.lambda$create$7(S3AFileSystem.java:1789)
	at org.apache.hadoop.fs.statistics.impl.IOStatisticsBinding.invokeTrackingDuration(IOStatisticsBinding.java:547)
	at org.apache.hadoop.fs.statistics.impl.IOStatisticsBinding.lambda$trackDurationOfOperation$5(IOStatisticsBinding.java:528)
	at org.apache.hadoop.fs.statistics.impl.IOStatisticsBinding.trackDuration(IOStatisticsBinding.java:449)
	at org.apache.hadoop.fs.s3a.S3AFileSystem.trackDurationAndSpan(S3AFileSystem.java:2480)
	at org.apache.hadoop.fs.s3a.S3AFileSystem.trackDurationAndSpan(S3AFileSystem.java:2499)
	at org.apache.hadoop.fs.s3a.S3AFileSystem.create(S3AFileSystem.java:1788)
	at org.apache.hadoop.fs.FileSystem.create(FileSystem.java:1233)
	at org.apache.hadoop.fs.FileSystem.create(FileSystem.java:1210)
	at org.apache.hadoop.fs.FileSystem.create(FileSystem.java:1091)
	at org.apache.hadoop.fs.contract.ContractTestUtils.createFile(ContractTestUtils.java:650)
	at org.apache.hadoop.fs.contract.ContractTestUtils.createSubdirs(ContractTestUtils.java:1401)
	at org.apache.hadoop.fs.contract.ContractTestUtils.createSubdirs(ContractTestUtils.java:1367)
	at org.apache.hadoop.fs.contract.AbstractContractGetFileStatusTest.createTestTree(AbstractContractGetFileStatusTest.java:494)
	at org.apache.hadoop.fs.contract.AbstractContractGetFileStatusTest.testComplexDirActions(AbstractContractGetFileStatusTest.java:151)
	at java.base/jdk.internal.reflect.NativeMethodAccessorImpl.invoke0(Native Method)
	at java.base/jdk.internal.reflect.NativeMethodAccessorImpl.invoke(NativeMethodAccessorImpl.java:62)
	at java.base/jdk.internal.reflect.DelegatingMethodAccessorImpl.invoke(DelegatingMethodAccessorImpl.java:43)
	at java.base/java.lang.reflect.Method.invoke(Method.java:566)
	at org.junit.runners.model.FrameworkMethod$1.runReflectiveCall(FrameworkMethod.java:59)
	at org.junit.internal.runners.model.ReflectiveCallable.run(ReflectiveCallable.java:12)
	at org.junit.runners.model.FrameworkMethod.invokeExplosively(FrameworkMethod.java:56)
	at org.junit.internal.runners.statements.InvokeMethod.evaluate(InvokeMethod.java:17)
	at org.junit.internal.runners.statements.RunBefores.evaluate(RunBefores.java:26)
	at org.junit.internal.runners.statements.RunAfters.evaluate(RunAfters.java:27)
	at org.junit.rules.TestWatcher$1.evaluate(TestWatcher.java:61)
	at org.junit.internal.runners.statements.FailOnTimeout$CallableStatement.call(FailOnTimeout.java:299)
	at org.junit.internal.runners.statements.FailOnTimeout$CallableStatement.call(FailOnTimeout.java:293)
	at java.base/java.util.concurrent.FutureTask.run(FutureTask.java:264)
	at java.base/java.lang.Thread.run(Thread.java:829)
2024-07-12 16:57:10,132 [JUnit-testComplexDirActions] DEBUG s3a.S3AFileSystem (S3AFileSystem.java:listObjects(2702)) - LIST List leg-bucket:/test/testComplexDirActions/file--0-0001.txt/ delimiter=/ keys=2 requester pays=false
2024-07-12 16:57:10,133 [JUnit-testComplexDirActions] DEBUG s3a.S3AFileSystem (DurationInfo.java:<init>(80)) - Starting: LIST
2024-07-12 16:57:10,133 [JUnit-testComplexDirActions] DEBUG impl.LoggingAuditor (LoggingAuditor.java:beforeExecution(497)) - 2a3bd161-9d24-4b23-bf19-fda510a0408d-00000105 unaudited operation executing a request outside an audit span {object_list_request 'test/testComplexDirActions/file--0-0001.txt/' size=2, mutating=false}
org.apache.hadoop.fs.s3a.audit.AuditFailureException: 2a3bd161-9d24-4b23-bf19-fda510a0408d-00000105 unaudited operation executing a request outside an audit span {object_list_request 'test/testComplexDirActions/file--0-0001.txt/' size=2, mutating=false}
	at org.apache.hadoop.fs.s3a.audit.impl.LoggingAuditor$WarningSpan.beforeExecution(LoggingAuditor.java:496)
	at org.apache.hadoop.fs.s3a.audit.impl.ActiveAuditManagerS3A$WrappingAuditSpan.beforeExecution(ActiveAuditManagerS3A.java:784)
	at org.apache.hadoop.fs.s3a.audit.impl.ActiveAuditManagerS3A.beforeExecution(ActiveAuditManagerS3A.java:473)
	at org.apache.hadoop.fs.s3a.audit.impl.ActiveAuditManagerS3A$SdkRequestHandler.beforeExecution(ActiveAuditManagerS3A.java:619)
	at com.amazonaws.AmazonWebServiceClient.beforeClientExecution(AmazonWebServiceClient.java:787)
	at com.amazonaws.services.s3.AmazonS3Client.listObjectsV2(AmazonS3Client.java:946)
	at org.apache.hadoop.fs.s3a.S3AFileSystem.lambda$listObjects$12(S3AFileSystem.java:2715)
	at org.apache.hadoop.fs.statistics.impl.IOStatisticsBinding.invokeTrackingDuration(IOStatisticsBinding.java:547)
	at org.apache.hadoop.fs.statistics.impl.IOStatisticsBinding.lambda$trackDurationOfOperation$5(IOStatisticsBinding.java:528)
	at org.apache.hadoop.fs.s3a.Invoker.retryUntranslated(Invoker.java:468)
	at org.apache.hadoop.fs.s3a.Invoker.retryUntranslated(Invoker.java:431)
	at org.apache.hadoop.fs.s3a.S3AFileSystem.listObjects(S3AFileSystem.java:2706)
	at org.apache.hadoop.fs.s3a.S3AFileSystem.s3GetFileStatus(S3AFileSystem.java:3768)
	at org.apache.hadoop.fs.s3a.S3AFileSystem.innerGetFileStatus(S3AFileSystem.java:3652)
	at org.apache.hadoop.fs.s3a.S3AFileSystem.innerCreateFile(S3AFileSystem.java:1832)
	at org.apache.hadoop.fs.s3a.S3AFileSystem.lambda$create$7(S3AFileSystem.java:1789)
	at org.apache.hadoop.fs.statistics.impl.IOStatisticsBinding.invokeTrackingDuration(IOStatisticsBinding.java:547)
	at org.apache.hadoop.fs.statistics.impl.IOStatisticsBinding.lambda$trackDurationOfOperation$5(IOStatisticsBinding.java:528)
	at org.apache.hadoop.fs.statistics.impl.IOStatisticsBinding.trackDuration(IOStatisticsBinding.java:449)
	at org.apache.hadoop.fs.s3a.S3AFileSystem.trackDurationAndSpan(S3AFileSystem.java:2480)
	at org.apache.hadoop.fs.s3a.S3AFileSystem.trackDurationAndSpan(S3AFileSystem.java:2499)
	at org.apache.hadoop.fs.s3a.S3AFileSystem.create(S3AFileSystem.java:1788)
	at org.apache.hadoop.fs.FileSystem.create(FileSystem.java:1233)
	at org.apache.hadoop.fs.FileSystem.create(FileSystem.java:1210)
	at org.apache.hadoop.fs.FileSystem.create(FileSystem.java:1091)
	at org.apache.hadoop.fs.contract.ContractTestUtils.createFile(ContractTestUtils.java:650)
	at org.apache.hadoop.fs.contract.ContractTestUtils.createSubdirs(ContractTestUtils.java:1401)
	at org.apache.hadoop.fs.contract.ContractTestUtils.createSubdirs(ContractTestUtils.java:1367)
	at org.apache.hadoop.fs.contract.AbstractContractGetFileStatusTest.createTestTree(AbstractContractGetFileStatusTest.java:494)
	at org.apache.hadoop.fs.contract.AbstractContractGetFileStatusTest.testComplexDirActions(AbstractContractGetFileStatusTest.java:151)
	at java.base/jdk.internal.reflect.NativeMethodAccessorImpl.invoke0(Native Method)
	at java.base/jdk.internal.reflect.NativeMethodAccessorImpl.invoke(NativeMethodAccessorImpl.java:62)
	at java.base/jdk.internal.reflect.DelegatingMethodAccessorImpl.invoke(DelegatingMethodAccessorImpl.java:43)
	at java.base/java.lang.reflect.Method.invoke(Method.java:566)
	at org.junit.runners.model.FrameworkMethod$1.runReflectiveCall(FrameworkMethod.java:59)
	at org.junit.internal.runners.model.ReflectiveCallable.run(ReflectiveCallable.java:12)
	at org.junit.runners.model.FrameworkMethod.invokeExplosively(FrameworkMethod.java:56)
	at org.junit.internal.runners.statements.InvokeMethod.evaluate(InvokeMethod.java:17)
	at org.junit.internal.runners.statements.RunBefores.evaluate(RunBefores.java:26)
	at org.junit.internal.runners.statements.RunAfters.evaluate(RunAfters.java:27)
	at org.junit.rules.TestWatcher$1.evaluate(TestWatcher.java:61)
	at org.junit.internal.runners.statements.FailOnTimeout$CallableStatement.call(FailOnTimeout.java:299)
	at org.junit.internal.runners.statements.FailOnTimeout$CallableStatement.call(FailOnTimeout.java:293)
	at java.base/java.util.concurrent.FutureTask.run(FutureTask.java:264)
	at java.base/java.lang.Thread.run(Thread.java:829)
2024-07-12 16:57:10,133 [JUnit-testComplexDirActions] DEBUG s3a.S3AFileSystem (DurationInfo.java:close(101)) - LIST: duration 0:00.000s
2024-07-12 16:57:10,136 [JUnit-testComplexDirActions] INFO  contract.AbstractFSContractTestBase (ITestS3AContractGetFileStatus.java:teardown(42)) - FS details S3AFileSystem{uri=s3a://leg-bucket, workingDir=s3a://leg-bucket/user/runner, partSize=67108864, enableMultiObjectsDelete=true, maxKeys=2, OpenFileSupport{changePolicy=ETagChangeDetectionPolicy mode=Server, defaultReadAhead=65536, defaultBufferSize=4096, defaultAsyncDrainThreshold=16000, defaultInputPolicy=default}, blockSize=33554432, multiPartThreshold=134217728, s3EncryptionAlgorithm='NONE', blockFactory=org.apache.hadoop.fs.s3a.S3ADataBlocks$DiskBlockFactory@606a8853, auditManager=Service ActiveAuditManagerS3A in state ActiveAuditManagerS3A: STARTED, auditor=LoggingAuditor{ID='2a3bd161-9d24-4b23-bf19-fda510a0408d', headerEnabled=true, rejectOutOfSpan=true, isMultipartUploadEnabled=true}}, authoritativePath=[], useListV1=false, magicCommitter=true, boundedExecutor=BlockingThreadPoolExecutorService{SemaphoredDelegatingExecutor{permitCount=160, available=160, waiting=0}, activeCount=0}, unboundedExecutor=java.util.concurrent.ThreadPoolExecutor@4dc96ff[Running, pool size = 0, active threads = 0, queued tasks = 0, completed tasks = 0], credentials=AWSCredentialProviderList[refcount= 1: [TemporaryAWSCredentialsProvider, SimpleAWSCredentialsProvider, EnvironmentVariableCredentialsProvider, org.apache.hadoop.fs.s3a.auth.IAMInstanceCredentialsProvider@2a03a8cc] last provider: SimpleAWSCredentialsProvider, delegation tokens=disabled, DirectoryMarkerRetention{policy='keep'}, instrumentation {S3AInstrumentation{instanceIOStatistics=counters=((op_mkdirs.failures=0) (action_http_head_request=3) (audit_failure=1) (op_abort.failures=0) (stream_write_queue_duration.failures=0) (stream_write_block_uploads_committed=0) (object_delete_objects=0) (delegation_tokens_issued=0) (object_copy_requests=0) (stream_read_version_mismatches=0) (stream_read_vectored_incoming_ranges=0) (committer_commits.failures=0) (files_copied=0) (op_delete=0) (multipart_upload_part_put_bytes=0) (op_create=2) (op_hflush=0) (multipart_upload_abort_under_path_invoked=0) (op_abort=0) (object_multipart_aborted.failures=0) (committer_tasks_failed=0) (action_http_head_request.failures=0) (stream_write_block_uploads_aborted=0) (store_exists_probe=0) (op_rename=0) (object_continue_list_request=0) (action_executor_acquired=0) (op_glob_status=0) (op_create.failures=1) (stream_read_seek_bytes_discarded=0) (committer_commits_aborted=0) (directories_deleted=0) (op_list_files.failures=0) (op_is_directory.failures=0) (committer_stage_file_upload=0) (op_get_delegation_token.failures=0) (op_get_file_checksum.failures=0) (op_get_content_summary=0) (object_select_requests=0) (stream_read_bytes_discarded_in_close=0) (op_list_located_status=0) (op_exists.failures=0) (op_is_directory=0) (files_deleted=0) (committer_materialize_file=0) (object_put_request=3) (object_continue_list_request.failures=0) (files_created=1) (stream_read_vectored_read_bytes_discarded=0) (action_file_opened.failures=0) (object_delete_request.failures=0) (committer_stage_file_upload.failures=0) (stream_read_vectored_operations=0) (op_delete.failures=0) (object_put_bytes=512) (multipart_upload_started=0) (stream_write_total_time=0) (audit_request_execution=11) (op_open=0) (op_copy_from_local_file.failures=0) (stream_write_bytes=512) (object_list_request=5) (stream_read_unbuffered=0) (op_list_status.failures=0) (op_is_file=0) (op_list_files=0) (store_exists_probe.failures=0) (stream_read_operations_incomplete=0) (stream_read_remote_stream_aborted=0) (committer_jobs_completed=0) (op_access.failures=0) (store_io_request=10) (committer_jobs_failed=0) (committer_commits_reverted=0) (stream_read_seek_policy_changed=0) (stream_read_bytes_backwards_on_seek=0) (action_file_opened=0) (op_xattr_get_named=0) (stream_write_queue_duration=0) (stream_write_exceptions_completing_upload=0) (stream_write_total_data=1024) (multipart_upload_completed=0) (op_exists=0) (store_io_throttled=0) (stream_read_opened=0) (op_rename.failures=0) (multipart_instantiated=0) (stream_read_seek_bytes_skipped=0) (op_get_file_checksum=0) (stream_read_bytes=0) (object_bulk_delete_request=0) (op_mkdirs=2) (stream_read_exceptions=0) (files_delete_rejected=0) (audit_access_check_failure=0) (store_io_retry=0) (stream_read_vectored_combined_ranges=0) (committer_materialize_file.failures=0) (object_bulk_delete_request.failures=0) (object_list_request.failures=1) (op_access=0) (fake_directories_deleted=0) (stream_read_fully_operations=0) (op_xattr_get_named_map.failures=0) (op_xattr_get_named.failures=0) (action_http_get_request=0) (committer_magic_marker_put=0) (op_create_non_recursive=0) (fake_directories_created=0) (op_createfile=0) (stream_read_total_bytes=0) (committer_load_single_pending_file.failures=0) (object_metadata_request=3) (delegation_tokens_issued.failures=0) (committer_commit_job=0) (stream_read_remote_stream_drain=0) (op_get_content_summary.failures=0) (object_put_request.failures=0) (op_xattr_list.failures=0) (committer_magic_files_created=0) (op_xattr_get_named_map=0) (committer_load_single_pending_file=0) (op_get_file_status.failures=0) (audit_span_creation=6) (op_get_delegation_token=0) (committer_commits_completed=0) (stream_read_seek_backward_operations=0) (ignored_errors=0) (stream_read_operations=0) (stream_write_exceptions=0) (op_xattr_list=0) (object_delete_request=0) (committer_magic_marker_put.failures=0) (op_list_status=0) (multipart_upload_list=0) (stream_read_seek_forward_operations=0) (multipart_upload_aborted=0) (multipart_upload_part_put=0) (stream_aborted=0) (stream_write_block_uploads=1) (op_xattr_get_map.failures=0) (stream_read_remote_stream_aborted.failures=0) (op_createfile.failures=0) (object_multipart_initiated.failures=0) (op_glob_status.failures=0) (op_openfile=0) (committer_tasks_completed=0) (action_executor_acquired.failures=0) (op_is_file.failures=0) (action_http_get_request.failures=0) (object_multipart_aborted=0) (multipart_upload_list.failures=0) (directories_created=2) (op_hsync=0) (committer_bytes_uploaded=0) (object_put_request_completed=3) (op_copy_from_local_file=0) (committer_bytes_committed=0) (op_xattr_get_map=0) (stream_read_bytes_discarded_in_abort=0) (stream_read_close_operations=0) (stream_read_closed=0) (op_get_file_status=1) (committer_commits_created=0) (object_multipart_initiated=0) (files_copied_bytes=0) (committer_commit_job.failures=0) (stream_read_remote_stream_drain.failures=0) (stream_read_seek_operations=0));
gauges=((stream_write_block_uploads_active=0) (stream_read_active_memory_in_use=0) (object_put_request_active=0) (object_put_bytes_pending=0) (stream_read_blocks_in_cache=0) (stream_write_block_uploads_data_pending=0) (stream_read_active_prefetch_operations=0) (client_side_encryption_enabled=0) (stream_write_block_uploads_pending=1));
minimums=((object_multipart_initiated.min=-1) (object_multipart_initiated.failures.min=-1) (op_access.min=-1) (op_get_content_summary.min=-1) (op_get_delegation_token.failures.min=-1) (op_rename.failures.min=-1) (object_multipart_aborted.min=-1) (store_exists_probe.min=-1) (op_is_file.failures.min=-1) (op_createfile.min=-1) (committer_materialize_file.min=-1) (op_is_directory.min=-1) (op_mkdirs.min=53) (object_delete_request.failures.min=-1) (op_exists.min=-1) (op_create.min=46) (op_exists.failures.min=-1) (object_continue_list_request.min=-1) (op_delete.min=-1) (object_put_request.failures.min=-1) (op_abort.failures.min=-1) (object_bulk_delete_request.failures.min=-1) (object_list_request.failures.min=0) (object_multipart_aborted.failures.min=-1) (action_http_get_request.min=-1) (op_copy_from_local_file.failures.min=-1) (op_list_status.min=-1) (op_get_file_checksum.min=-1) (op_get_content_summary.failures.min=-1) (op_is_directory.failures.min=-1) (op_xattr_get_named_map.min=-1) (op_get_delegation_token.min=-1) (object_bulk_delete_request.min=-1) (object_continue_list_request.failures.min=-1) (op_delete.failures.min=-1) (op_is_file.min=-1) (action_http_head_request.min=4) (multipart_upload_list.min=-1) (committer_stage_file_upload.failures.min=-1) (committer_commit_job.failures.min=-1) (op_xattr_list.min=-1) (stream_write_queue_duration.failures.min=-1) (op_xattr_list.failures.min=-1) (delegation_tokens_issued.failures.min=-1) (op_create.failures.min=17) (op_xattr_get_named_map.failures.min=-1) (stream_read_remote_stream_drain.min=-1) (multipart_upload_list.failures.min=-1) (op_xattr_get_map.min=-1) (op_mkdirs.failures.min=-1) (committer_materialize_file.failures.min=-1) (op_copy_from_local_file.min=-1) (action_executor_acquired.min=-1) (op_rename.min=-1) (action_file_opened.failures.min=-1) (object_put_request.min=71) (committer_load_single_pending_file.min=-1) (committer_magic_marker_put.min=-1) (stream_write_queue_duration.min=-1) (op_abort.min=-1) (object_list_request.min=12) (stream_read_remote_stream_aborted.failures.min=-1) (committer_stage_file_upload.min=-1) (op_get_file_status.min=4) (committer_commit_job.min=-1) (stream_read_remote_stream_drain.failures.min=-1) (committer_magic_marker_put.failures.min=-1) (op_glob_status.failures.min=-1) (op_list_status.failures.min=-1) (action_http_head_request.failures.min=-1) (delegation_tokens_issued.min=-1) (op_xattr_get_named.min=-1) (committer_load_single_pending_file.failures.min=-1) (action_executor_acquired.failures.min=-1) (action_file_opened.min=-1) (op_get_file_checksum.failures.min=-1) (op_xattr_get_map.failures.min=-1) (object_delete_request.min=-1) (store_exists_probe.failures.min=-1) (op_list_files.min=-1) (op_glob_status.min=-1) (op_get_file_status.failures.min=-1) (op_list_files.failures.min=-1) (op_access.failures.min=-1) (action_http_get_request.failures.min=-1) (op_xattr_get_named.failures.min=-1) (op_createfile.failures.min=-1) (stream_read_remote_stream_aborted.min=-1));
maximums=((stream_write_queue_duration.max=-1) (op_glob_status.max=-1) (op_copy_from_local_file.max=-1) (stream_read_remote_stream_aborted.max=-1) (object_continue_list_request.max=-1) (op_get_content_summary.max=-1) (op_xattr_get_named_map.failures.max=-1) (op_create.failures.max=17) (committer_materialize_file.failures.max=-1) (op_get_file_status.failures.max=-1) (store_exists_probe.failures.max=-1) (committer_magic_marker_put.max=-1) (delegation_tokens_issued.max=-1) (committer_commit_job.failures.max=-1) (op_get_file_checksum.failures.max=-1) (committer_commit_job.max=-1) (object_put_request.max=71) (committer_load_single_pending_file.failures.max=-1) (op_get_file_checksum.max=-1) (committer_stage_file_upload.max=-1) (action_file_opened.max=-1) (op_copy_from_local_file.failures.max=-1) (action_http_head_request.failures.max=-1) (stream_read_remote_stream_drain.max=-1) (object_continue_list_request.failures.max=-1) (object_list_request.failures.max=0) (op_get_file_status.max=4) (op_xattr_get_map.failures.max=-1) (op_list_status.failures.max=-1) (op_get_content_summary.failures.max=-1) (op_is_directory.max=-1) (object_put_request.failures.max=-1) (op_xattr_list.failures.max=-1) (op_mkdirs.failures.max=-1) (op_rename.failures.max=-1) (op_exists.max=-1) (action_http_head_request.max=11) (op_get_delegation_token.max=-1) (op_access.max=-1) (op_delete.max=-1) (stream_read_remote_stream_aborted.failures.max=-1) (action_http_get_request.max=-1) (stream_write_queue_duration.failures.max=-1) (multipart_upload_list.failures.max=-1) (op_list_files.failures.max=-1) (op_list_files.max=-1) (op_get_delegation_token.failures.max=-1) (committer_stage_file_upload.failures.max=-1) (op_is_file.failures.max=-1) (op_is_directory.failures.max=-1) (stream_read_remote_stream_drain.failures.max=-1) (op_createfile.failures.max=-1) (committer_magic_marker_put.failures.max=-1) (store_exists_probe.max=-1) (op_abort.max=-1) (committer_materialize_file.max=-1) (op_xattr_get_named.max=-1) (multipart_upload_list.max=-1) (object_list_request.max=44) (op_xattr_list.max=-1) (delegation_tokens_issued.failures.max=-1) (op_mkdirs.max=80) (op_exists.failures.max=-1) (op_create.max=46) (object_bulk_delete_request.max=-1) (op_list_status.max=-1) (object_multipart_aborted.failures.max=-1) (op_is_file.max=-1) (action_http_get_request.failures.max=-1) (object_delete_request.failures.max=-1) (op_abort.failures.max=-1) (committer_load_single_pending_file.max=-1) (op_delete.failures.max=-1) (object_delete_request.max=-1) (op_rename.max=-1) (object_bulk_delete_request.failures.max=-1) (op_access.failures.max=-1) (op_xattr_get_map.max=-1) (op_createfile.max=-1) (action_executor_acquired.failures.max=-1) (object_multipart_aborted.max=-1) (op_xattr_get_named_map.max=-1) (object_multipart_initiated.max=-1) (action_file_opened.failures.max=-1) (op_glob_status.failures.max=-1) (op_xattr_get_named.failures.max=-1) (action_executor_acquired.max=-1) (object_multipart_initiated.failures.max=-1));
means=((op_is_file.mean=(samples=0, sum=0, mean=0.0000)) (object_bulk_delete_request.failures.mean=(samples=0, sum=0, mean=0.0000)) (stream_read_remote_stream_drain.mean=(samples=0, sum=0, mean=0.0000)) (action_http_get_request.failures.mean=(samples=0, sum=0, mean=0.0000)) (op_abort.failures.mean=(samples=0, sum=0, mean=0.0000)) (op_xattr_get_named_map.mean=(samples=0, sum=0, mean=0.0000)) (op_rename.mean=(samples=0, sum=0, mean=0.0000)) (committer_load_single_pending_file.mean=(samples=0, sum=0, mean=0.0000)) (committer_commit_job.failures.mean=(samples=0, sum=0, mean=0.0000)) (op_list_status.failures.mean=(samples=0, sum=0, mean=0.0000)) (op_list_files.failures.mean=(samples=0, sum=0, mean=0.0000)) (stream_read_remote_stream_aborted.mean=(samples=0, sum=0, mean=0.0000)) (op_get_file_status.mean=(samples=1, sum=4, mean=4.0000)) (op_exists.failures.mean=(samples=0, sum=0, mean=0.0000)) (op_access.mean=(samples=0, sum=0, mean=0.0000)) (delegation_tokens_issued.mean=(samples=0, sum=0, mean=0.0000)) (op_get_content_summary.mean=(samples=0, sum=0, mean=0.0000)) (op_xattr_get_named.mean=(samples=0, sum=0, mean=0.0000)) (object_continue_list_request.failures.mean=(samples=0, sum=0, mean=0.0000)) (object_multipart_aborted.failures.mean=(samples=0, sum=0, mean=0.0000)) (action_http_head_request.mean=(samples=3, sum=25, mean=8.3333)) (action_executor_acquired.failures.mean=(samples=0, sum=0, mean=0.0000)) (store_exists_probe.mean=(samples=0, sum=0, mean=0.0000)) (stream_write_queue_duration.mean=(samples=0, sum=0, mean=0.0000)) (object_multipart_initiated.mean=(samples=0, sum=0, mean=0.0000)) (op_delete.mean=(samples=0, sum=0, mean=0.0000)) (stream_read_remote_stream_aborted.failures.mean=(samples=0, sum=0, mean=0.0000)) (action_file_opened.mean=(samples=0, sum=0, mean=0.0000)) (op_rename.failures.mean=(samples=0, sum=0, mean=0.0000)) (object_continue_list_request.mean=(samples=0, sum=0, mean=0.0000)) (action_http_head_request.failures.mean=(samples=0, sum=0, mean=0.0000)) (op_xattr_list.mean=(samples=0, sum=0, mean=0.0000)) (op_mkdirs.mean=(samples=2, sum=133, mean=66.5000)) (committer_materialize_file.mean=(samples=0, sum=0, mean=0.0000)) (delegation_tokens_issued.failures.mean=(samples=0, sum=0, mean=0.0000)) (object_delete_request.mean=(samples=0, sum=0, mean=0.0000)) (op_is_directory.failures.mean=(samples=0, sum=0, mean=0.0000)) (multipart_upload_list.failures.mean=(samples=0, sum=0, mean=0.0000)) (op_access.failures.mean=(samples=0, sum=0, mean=0.0000)) (op_delete.failures.mean=(samples=0, sum=0, mean=0.0000)) (action_file_opened.failures.mean=(samples=0, sum=0, mean=0.0000)) (op_glob_status.mean=(samples=0, sum=0, mean=0.0000)) (committer_stage_file_upload.mean=(samples=0, sum=0, mean=0.0000)) (op_is_file.failures.mean=(samples=0, sum=0, mean=0.0000)) (op_xattr_get_map.mean=(samples=0, sum=0, mean=0.0000)) (committer_magic_marker_put.failures.mean=(samples=0, sum=0, mean=0.0000)) (op_is_directory.mean=(samples=0, sum=0, mean=0.0000)) (committer_commit_job.mean=(samples=0, sum=0, mean=0.0000)) (op_get_delegation_token.failures.mean=(samples=0, sum=0, mean=0.0000)) (action_http_get_request.mean=(samples=0, sum=0, mean=0.0000)) (object_put_request.mean=(samples=3, sum=125, mean=41.6667)) (op_glob_status.failures.mean=(samples=0, sum=0, mean=0.0000)) (multipart_upload_list.mean=(samples=0, sum=0, mean=0.0000)) (op_copy_from_local_file.failures.mean=(samples=0, sum=0, mean=0.0000)) (store_exists_probe.failures.mean=(samples=0, sum=0, mean=0.0000)) (op_get_file_checksum.failures.mean=(samples=0, sum=0, mean=0.0000)) (object_put_request.failures.mean=(samples=0, sum=0, mean=0.0000)) (op_get_delegation_token.mean=(samples=0, sum=0, mean=0.0000)) (object_delete_request.failures.mean=(samples=0, sum=0, mean=0.0000)) (op_xattr_get_map.failures.mean=(samples=0, sum=0, mean=0.0000)) (op_list_status.mean=(samples=0, sum=0, mean=0.0000)) (committer_load_single_pending_file.failures.mean=(samples=0, sum=0, mean=0.0000)) (op_xattr_list.failures.mean=(samples=0, sum=0, mean=0.0000)) (action_executor_acquired.mean=(samples=0, sum=0, mean=0.0000)) (op_create.failures.mean=(samples=1, sum=17, mean=17.0000)) (stream_write_queue_duration.failures.mean=(samples=0, sum=0, mean=0.0000)) (committer_materialize_file.failures.mean=(samples=0, sum=0, mean=0.0000)) (op_exists.mean=(samples=0, sum=0, mean=0.0000)) (op_get_content_summary.failures.mean=(samples=0, sum=0, mean=0.0000)) (op_createfile.mean=(samples=0, sum=0, mean=0.0000)) (object_multipart_initiated.failures.mean=(samples=0, sum=0, mean=0.0000)) (op_mkdirs.failures.mean=(samples=0, sum=0, mean=0.0000)) (committer_stage_file_upload.failures.mean=(samples=0, sum=0, mean=0.0000)) (stream_read_remote_stream_drain.failures.mean=(samples=0, sum=0, mean=0.0000)) (op_xattr_get_named_map.failures.mean=(samples=0, sum=0, mean=0.0000)) (object_multipart_aborted.mean=(samples=0, sum=0, mean=0.0000)) (op_create.mean=(samples=1, sum=46, mean=46.0000)) (object_list_request.failures.mean=(samples=1, sum=0, mean=0.0000)) (committer_magic_marker_put.mean=(samples=0, sum=0, mean=0.0000)) (op_abort.mean=(samples=0, sum=0, mean=0.0000)) (op_get_file_checksum.mean=(samples=0, sum=0, mean=0.0000)) (object_bulk_delete_request.mean=(samples=0, sum=0, mean=0.0000)) (op_xattr_get_named.failures.mean=(samples=0, sum=0, mean=0.0000)) (op_copy_from_local_file.mean=(samples=0, sum=0, mean=0.0000)) (object_list_request.mean=(samples=4, sum=92, mean=23.0000)) (op_get_file_status.failures.mean=(samples=0, sum=0, mean=0.0000)) (op_createfile.failures.mean=(samples=0, sum=0, mean=0.0000)) (op_list_files.mean=(samples=0, sum=0, mean=0.0000)));
}}, ClientSideEncryption=false}
2024-07-12 16:57:10,136 [teardown] DEBUG s3a.S3AFileSystem (S3AFileSystem.java:innerGetFileStatus(3650)) - Getting path status for s3a://leg-bucket/test  (test); needEmptyDirectory=true
2024-07-12 16:57:10,137 [teardown] DEBUG s3a.S3AFileSystem (S3AFileSystem.java:s3GetFileStatus(3709)) - S3GetFileStatus s3a://leg-bucket/test
2024-07-12 16:57:10,137 [teardown] DEBUG s3a.S3AFileSystem (S3AFileSystem.java:lambda$getObjectMetadata$11(2661)) - HEAD test with change tracker null
2024-07-12 16:57:10,137 [teardown] DEBUG impl.LoggingAuditor (LoggingAuditor.java:beforeExecution(377)) - [163] 2a3bd161-9d24-4b23-bf19-fda510a0408d-00000112 Executing op_delete with {action_http_head_request 'test' size=0, mutating=false}; https://audit.example.org/hadoop/1/op_delete/2a3bd161-9d24-4b23-bf19-fda510a0408d-00000112/?op=op_delete&p1=s3a://leg-bucket/test&pr=runner&ps=6c2bee9a-1859-4c13-95f8-c9da7e014875&id=2a3bd161-9d24-4b23-bf19-fda510a0408d-00000112&t0=163&fs=2a3bd161-9d24-4b23-bf19-fda510a0408d&t1=163&ts=1720803430136
2024-07-12 16:57:10,141 [teardown] DEBUG s3a.S3AFileSystem (S3AFileSystem.java:listObjects(2702)) - LIST List leg-bucket:/test/ delimiter=/ keys=2 requester pays=false
2024-07-12 16:57:10,141 [teardown] DEBUG s3a.S3AFileSystem (DurationInfo.java:<init>(80)) - Starting: LIST
2024-07-12 16:57:10,141 [teardown] DEBUG impl.LoggingAuditor (LoggingAuditor.java:beforeExecution(377)) - [163] 2a3bd161-9d24-4b23-bf19-fda510a0408d-00000112 Executing op_delete with {object_list_request 'test/' size=2, mutating=false}; https://audit.example.org/hadoop/1/op_delete/2a3bd161-9d24-4b23-bf19-fda510a0408d-00000112/?op=op_delete&p1=s3a://leg-bucket/test&pr=runner&ps=6c2bee9a-1859-4c13-95f8-c9da7e014875&id=2a3bd161-9d24-4b23-bf19-fda510a0408d-00000112&t0=163&fs=2a3bd161-9d24-4b23-bf19-fda510a0408d&t1=163&ts=1720803430136
2024-07-12 16:57:10,158 [teardown] DEBUG s3a.S3AFileSystem (DurationInfo.java:close(101)) - LIST: duration 0:00.017s
2024-07-12 16:57:10,159 [teardown] DEBUG s3a.S3AFileSystem (S3AFileSystem.java:s3GetFileStatus(3773)) - Found path as directory (with /)
2024-07-12 16:57:10,159 [teardown] DEBUG s3a.S3AFileSystem (S3ListResult.java:logAtDebug(143)) - Prefix count = 1; object count=1
2024-07-12 16:57:10,159 [teardown] DEBUG s3a.S3AFileSystem (S3ListResult.java:logAtDebug(146)) - Summary: test/ 0
2024-07-12 16:57:10,159 [teardown] DEBUG s3a.S3AFileSystem (S3ListResult.java:logAtDebug(149)) - Prefix: test/testComplexDirActions/
2024-07-12 16:57:10,160 [teardown] DEBUG impl.DeleteOperation (DeleteOperation.java:execute(171)) - Delete path s3a://leg-bucket/test - recursive true
2024-07-12 16:57:10,160 [teardown] DEBUG impl.DeleteOperation (DeleteOperation.java:execute(172)) - Type = Directory
2024-07-12 16:57:10,160 [teardown] DEBUG impl.DeleteOperation (DeleteOperation.java:execute(180)) - delete: Path is a directory: s3a://leg-bucket/test
2024-07-12 16:57:10,160 [teardown] DEBUG impl.DeleteOperation (DurationInfo.java:<init>(80)) - Starting: deleting test/
2024-07-12 16:57:10,160 [teardown] DEBUG impl.DeleteOperation (DeleteOperation.java:deleteDirectoryTree(243)) - Getting objects for directory prefix test/ to delete
2024-07-12 16:57:10,161 [teardown] DEBUG s3a.S3AFileSystem (S3AFileSystem.java:innerListFiles(4886)) - listFiles(s3a://leg-bucket/test, true)
2024-07-12 16:57:10,161 [teardown] DEBUG s3a.S3AFileSystem (Listing.java:getListFilesAssumingDir(205)) - Recursive list of all entries under test/
2024-07-12 16:57:10,165 [teardown] DEBUG s3a.Invoker (DurationInfo.java:<init>(80)) - Starting: listObjects()
2024-07-12 16:57:10,165 [s3a-transfer-leg-bucket-unbounded-pool25-t1] DEBUG s3a.S3AFileSystem (S3AFileSystem.java:listObjects(2702)) - LIST List leg-bucket:/test/ delimiter=null keys=2 requester pays=false
2024-07-12 16:57:10,166 [s3a-transfer-leg-bucket-unbounded-pool25-t1] DEBUG s3a.S3AFileSystem (DurationInfo.java:<init>(80)) - Starting: LIST
2024-07-12 16:57:10,166 [s3a-transfer-leg-bucket-unbounded-pool25-t1] DEBUG impl.LoggingAuditor (LoggingAuditor.java:beforeExecution(377)) - [170] 2a3bd161-9d24-4b23-bf19-fda510a0408d-00000112 Executing op_delete with {object_list_request 'test/' size=2, mutating=false}; https://audit.example.org/hadoop/1/op_delete/2a3bd161-9d24-4b23-bf19-fda510a0408d-00000112/?op=op_delete&p1=s3a://leg-bucket/test&pr=runner&ps=6c2bee9a-1859-4c13-95f8-c9da7e014875&id=2a3bd161-9d24-4b23-bf19-fda510a0408d-00000112&t0=163&fs=2a3bd161-9d24-4b23-bf19-fda510a0408d&t1=170&ts=1720803430136
2024-07-12 16:57:10,173 [s3a-transfer-leg-bucket-unbounded-pool25-t1] DEBUG s3a.S3AFileSystem (DurationInfo.java:close(101)) - LIST: duration 0:00.007s
2024-07-12 16:57:10,173 [teardown] DEBUG s3a.Invoker (DurationInfo.java:close(101)) - listObjects(): duration 0:00.008s
2024-07-12 16:57:10,173 [teardown] DEBUG s3a.S3AFileSystem (Listing.java:fetchNextBatchAsyncIfPresent(676)) - [1], Requesting next 2 objects under s3a://leg-bucket/test
2024-07-12 16:57:10,176 [teardown] DEBUG s3a.S3AFileSystem (Listing.java:buildNextStatusBatch(461)) - s3a://leg-bucket/test: test/ size=0
2024-07-12 16:57:10,176 [s3a-transfer-leg-bucket-unbounded-pool25-t2] DEBUG s3a.S3AFileSystem (DurationInfo.java:<init>(80)) - Starting: LIST (continued)
2024-07-12 16:57:10,177 [s3a-transfer-leg-bucket-unbounded-pool25-t2] DEBUG impl.LoggingAuditor (LoggingAuditor.java:beforeExecution(377)) - [171] 2a3bd161-9d24-4b23-bf19-fda510a0408d-00000112 Executing op_delete with {object_list_request 'test/' size=2, mutating=false}; https://audit.example.org/hadoop/1/op_delete/2a3bd161-9d24-4b23-bf19-fda510a0408d-00000112/?op=op_delete&p1=s3a://leg-bucket/test&pr=runner&ps=6c2bee9a-1859-4c13-95f8-c9da7e014875&id=2a3bd161-9d24-4b23-bf19-fda510a0408d-00000112&t0=163&fs=2a3bd161-9d24-4b23-bf19-fda510a0408d&t1=171&ts=1720803430136
2024-07-12 16:57:10,177 [teardown] DEBUG s3a.S3AFileSystem (Listing.java:buildNextStatusBatch(469)) - Adding: S3AFileStatus{path=s3a://leg-bucket/test; isDirectory=true; modification_time=0; access_time=0; owner=runner; group=runner; permission=rwxrwxrwx; isSymlink=false; hasAcl=false; isEncrypted=true; isErasureCoded=false} isEmptyDirectory=UNKNOWN eTag=null versionId=null
2024-07-12 16:57:10,178 [teardown] DEBUG s3a.S3AFileSystem (Listing.java:buildNextStatusBatch(461)) - s3a://leg-bucket/test/testComplexDirActions: test/testComplexDirActions/ size=0
2024-07-12 16:57:10,178 [teardown] DEBUG s3a.S3AFileSystem (Listing.java:buildNextStatusBatch(469)) - Adding: S3AFileStatus{path=s3a://leg-bucket/test/testComplexDirActions; isDirectory=true; modification_time=0; access_time=0; owner=runner; group=runner; permission=rwxrwxrwx; isSymlink=false; hasAcl=false; isEncrypted=true; isErasureCoded=false} isEmptyDirectory=UNKNOWN eTag=null versionId=null
2024-07-12 16:57:10,179 [teardown] DEBUG s3a.S3AFileSystem (Listing.java:buildNextStatusBatch(499)) - Added 2 entries; ignored 0; hasNext=true; hasMoreObjects=true
2024-07-12 16:57:10,179 [teardown] DEBUG impl.DeleteOperation (DeleteOperation.java:queueForDeletion(298)) - Adding object to delete: "test/"
2024-07-12 16:57:10,180 [teardown] DEBUG impl.DeleteOperation (DeleteOperation.java:queueForDeletion(298)) - Adding object to delete: "test/testComplexDirActions/"
2024-07-12 16:57:10,180 [teardown] DEBUG s3a.Invoker (DurationInfo.java:<init>(80)) - Starting: listObjects()
2024-07-12 16:57:10,186 [s3a-transfer-leg-bucket-unbounded-pool25-t2] DEBUG s3a.S3AFileSystem (DurationInfo.java:close(101)) - LIST (continued): duration 0:00.010s
2024-07-12 16:57:10,186 [teardown] DEBUG s3a.Invoker (DurationInfo.java:close(101)) - listObjects(): duration 0:00.006s
2024-07-12 16:57:10,187 [teardown] DEBUG s3a.S3AFileSystem (Listing.java:next(664)) - New listing status: Object listing iterator against s3a://leg-bucket/test; listing count 2; isTruncated=false; counters=((object_list_request.failures=0) (object_continue_list_request=1) (object_list_request=1) (object_continue_list_request.failures=0));
gauges=();
minimums=((object_continue_list_request.failures.min=-1) (object_list_request.min=7) (object_continue_list_request.min=9) (object_list_request.failures.min=-1));
maximums=((object_continue_list_request.max=9) (object_list_request.max=7) (object_list_request.failures.max=-1) (object_continue_list_request.failures.max=-1));
means=((object_list_request.mean=(samples=1, sum=7, mean=7.0000)) (object_continue_list_request.mean=(samples=1, sum=9, mean=9.0000)) (object_list_request.failures.mean=(samples=0, sum=0, mean=0.0000)) (object_continue_list_request.failures.mean=(samples=0, sum=0, mean=0.0000)));

2024-07-12 16:57:10,188 [teardown] DEBUG s3a.S3AFileSystem (Listing.java:buildNextStatusBatch(461)) - s3a://leg-bucket/test/testComplexDirActions/file--0-0000.txt: test/testComplexDirActions/file--0-0000.txt size=512
2024-07-12 16:57:10,188 [teardown] DEBUG s3a.S3AFileSystem (Listing.java:buildNextStatusBatch(469)) - Adding: S3AFileStatus{path=s3a://leg-bucket/test/testComplexDirActions/file--0-0000.txt; isDirectory=false; length=512; replication=1; blocksize=33554432; modification_time=1720803430097; access_time=0; owner=runner; group=runner; permission=rw-rw-rw-; isSymlink=false; hasAcl=false; isEncrypted=true; isErasureCoded=false} isEmptyDirectory=FALSE eTag=null versionId=null
2024-07-12 16:57:10,188 [teardown] DEBUG s3a.S3AFileSystem (Listing.java:buildNextStatusBatch(499)) - Added 1 entries; ignored 0; hasNext=true; hasMoreObjects=false
2024-07-12 16:57:10,190 [teardown] DEBUG impl.DeleteOperation (DeleteOperation.java:queueForDeletion(298)) - Adding object to delete: "test/testComplexDirActions/file--0-0000.txt"
2024-07-12 16:57:10,190 [teardown] DEBUG impl.DeleteOperation (DeleteOperation.java:deleteDirectoryTree(256)) - Deleting final batch of listed files
2024-07-12 16:57:10,192 [teardown] DEBUG impl.CallableSupplier (DurationInfo.java:<init>(80)) - Starting: Waiting for task completion
2024-07-12 16:57:10,193 [s3a-transfer-leg-bucket-bounded-pool24-t2] DEBUG impl.DeleteOperation (DurationInfo.java:<init>(80)) - Starting: Delete page of 3 keys
2024-07-12 16:57:10,193 [s3a-transfer-leg-bucket-bounded-pool24-t2] DEBUG impl.DeleteOperation (DeleteOperation.java:asyncDeleteAction(393)) - Deleting of 1 file objects
2024-07-12 16:57:10,193 [s3a-transfer-leg-bucket-bounded-pool24-t2] DEBUG s3a.Invoker (DurationInfo.java:<init>(80)) - Starting: Remove S3 Files
2024-07-12 16:57:10,193 [s3a-transfer-leg-bucket-bounded-pool24-t2] DEBUG s3a.S3AFileSystem (DurationInfo.java:<init>(80)) - Starting: Deleting 1 keys
2024-07-12 16:57:10,193 [s3a-transfer-leg-bucket-bounded-pool24-t2] DEBUG s3a.S3AFileSystem (S3AFileSystem.java:removeKeysS3(3121)) - Initiating delete operation for 1 objects
2024-07-12 16:57:10,193 [s3a-transfer-leg-bucket-bounded-pool24-t2] DEBUG s3a.S3AFileSystem (S3AFileSystem.java:removeKeysS3(3124)) -  test/testComplexDirActions/file--0-0000.txt 
2024-07-12 16:57:10,193 [s3a-transfer-leg-bucket-bounded-pool24-t2] DEBUG s3a.S3AFileSystem (DurationInfo.java:<init>(80)) - Starting: DELETE 1 keys
2024-07-12 16:57:10,193 [s3a-transfer-leg-bucket-bounded-pool24-t2] DEBUG impl.LoggingAuditor (LoggingAuditor.java:beforeExecution(377)) - [172] 2a3bd161-9d24-4b23-bf19-fda510a0408d-00000112 Executing op_delete with {object_bulk_delete_request 'test/testComplexDirActions/file--0-0000.txt' size=1, mutating=true}; https://audit.example.org/hadoop/1/op_delete/2a3bd161-9d24-4b23-bf19-fda510a0408d-00000112/?op=op_delete&p1=s3a://leg-bucket/test&pr=runner&ps=6c2bee9a-1859-4c13-95f8-c9da7e014875&ks=1&id=2a3bd161-9d24-4b23-bf19-fda510a0408d-00000112&t0=163&fs=2a3bd161-9d24-4b23-bf19-fda510a0408d&t1=172&ts=1720803430136
2024-07-12 16:57:10,212 [s3a-transfer-leg-bucket-bounded-pool24-t2] DEBUG s3a.S3AFileSystem (DurationInfo.java:close(101)) - DELETE 1 keys: duration 0:00.018s
2024-07-12 16:57:10,212 [s3a-transfer-leg-bucket-bounded-pool24-t2] DEBUG s3a.S3AFileSystem (DurationInfo.java:close(101)) - Deleting 1 keys: duration 0:00.019s
2024-07-12 16:57:10,212 [s3a-transfer-leg-bucket-bounded-pool24-t2] DEBUG s3a.Invoker (DurationInfo.java:close(101)) - Remove S3 Files: duration 0:00.019s
2024-07-12 16:57:10,212 [s3a-transfer-leg-bucket-bounded-pool24-t2] DEBUG impl.DeleteOperation (DeleteOperation.java:asyncDeleteAction(405)) - Deleting of 2 directory markers
2024-07-12 16:57:10,212 [s3a-transfer-leg-bucket-bounded-pool24-t2] DEBUG s3a.Invoker (DurationInfo.java:<init>(80)) - Starting: Remove S3 Dir Markers
2024-07-12 16:57:10,212 [s3a-transfer-leg-bucket-bounded-pool24-t2] DEBUG s3a.S3AFileSystem (DurationInfo.java:<init>(80)) - Starting: Deleting 2 keys
2024-07-12 16:57:10,212 [s3a-transfer-leg-bucket-bounded-pool24-t2] DEBUG s3a.S3AFileSystem (S3AFileSystem.java:removeKeysS3(3121)) - Initiating delete operation for 2 objects
2024-07-12 16:57:10,212 [s3a-transfer-leg-bucket-bounded-pool24-t2] DEBUG s3a.S3AFileSystem (S3AFileSystem.java:removeKeysS3(3124)) -  test/ 
2024-07-12 16:57:10,212 [s3a-transfer-leg-bucket-bounded-pool24-t2] DEBUG s3a.S3AFileSystem (S3AFileSystem.java:removeKeysS3(3124)) -  test/testComplexDirActions/ 
2024-07-12 16:57:10,212 [s3a-transfer-leg-bucket-bounded-pool24-t2] DEBUG s3a.S3AFileSystem (DurationInfo.java:<init>(80)) - Starting: DELETE 2 keys
2024-07-12 16:57:10,213 [s3a-transfer-leg-bucket-bounded-pool24-t2] DEBUG impl.LoggingAuditor (LoggingAuditor.java:beforeExecution(377)) - [172] 2a3bd161-9d24-4b23-bf19-fda510a0408d-00000112 Executing op_delete with {object_bulk_delete_request 'test/' size=2, mutating=true}; https://audit.example.org/hadoop/1/op_delete/2a3bd161-9d24-4b23-bf19-fda510a0408d-00000112/?op=op_delete&p1=s3a://leg-bucket/test&pr=runner&ps=6c2bee9a-1859-4c13-95f8-c9da7e014875&ks=2&id=2a3bd161-9d24-4b23-bf19-fda510a0408d-00000112&t0=163&fs=2a3bd161-9d24-4b23-bf19-fda510a0408d&t1=172&ts=1720803430136
2024-07-12 16:57:10,230 [s3a-transfer-leg-bucket-bounded-pool24-t2] DEBUG s3a.S3AFileSystem (DurationInfo.java:close(101)) - DELETE 2 keys: duration 0:00.018s
2024-07-12 16:57:10,230 [s3a-transfer-leg-bucket-bounded-pool24-t2] DEBUG s3a.S3AFileSystem (DurationInfo.java:close(101)) - Deleting 2 keys: duration 0:00.018s
2024-07-12 16:57:10,230 [s3a-transfer-leg-bucket-bounded-pool24-t2] DEBUG s3a.Invoker (DurationInfo.java:close(101)) - Remove S3 Dir Markers: duration 0:00.018s
2024-07-12 16:57:10,230 [s3a-transfer-leg-bucket-bounded-pool24-t2] DEBUG impl.DeleteOperation (DurationInfo.java:close(101)) - Delete page of 3 keys: duration 0:00.037s
2024-07-12 16:57:10,231 [teardown] DEBUG impl.CallableSupplier (DurationInfo.java:close(101)) - Waiting for task completion: duration 0:00.039s
2024-07-12 16:57:10,231 [teardown] DEBUG impl.DeleteOperation (DurationInfo.java:close(101)) - deleting test/: duration 0:00.071s
2024-07-12 16:57:10,231 [teardown] DEBUG impl.DeleteOperation (DeleteOperation.java:deleteDirectoryTree(261)) - Delete "s3a://leg-bucket/test" completed; deleted 3 objects
2024-07-12 16:57:10,231 [teardown] DEBUG impl.DeleteOperation (DeleteOperation.java:execute(211)) - Deleted 3 objects
]]></system-out>
  </testcase>
  <testcase name="testListStatusIteratorNoDir" classname="org.apache.hadoop.fs.contract.s3a.ITestS3AContractGetFileStatus" time="0.252"/>
  <testcase name="testListStatusIteratorFile" classname="org.apache.hadoop.fs.contract.s3a.ITestS3AContractGetFileStatus" time="0.309"/>
  <testcase name="testListStatusFile" classname="org.apache.hadoop.fs.contract.s3a.ITestS3AContractGetFileStatus" time="0.187"/>
  <testcase name="testListStatusNoDir" classname="org.apache.hadoop.fs.contract.s3a.ITestS3AContractGetFileStatus" time="0.153"/>
  <testcase name="testListStatusFilteredNoDir" classname="org.apache.hadoop.fs.contract.s3a.ITestS3AContractGetFileStatus" time="0.193"/>
  <testcase name="testListFilesFileRecursive" classname="org.apache.hadoop.fs.contract.s3a.ITestS3AContractGetFileStatus" time="0.257"/>
  <testcase name="testLocatedStatusNoDir" classname="org.apache.hadoop.fs.contract.s3a.ITestS3AContractGetFileStatus" time="0.193"/>
  <testcase name="testGetFileStatusNonexistentFile" classname="org.apache.hadoop.fs.contract.s3a.ITestS3AContractGetFileStatus" time="0.162"/>
</testsuite>