<?xml version="1.0" encoding="UTF-8"?>
<testsuite xmlns:xsi="http://www.w3.org/2001/XMLSchema-instance" xsi:noNamespaceSchemaLocation="https://maven.apache.org/surefire/maven-surefire-plugin/xsd/surefire-test-report-3.0.xsd" version="3.0" name="org.apache.hadoop.ozone.TestSecureOzoneCluster" time="141.2" tests="16" errors="0" skipped="2" failures="1">
  <properties>
    <property name="awt.toolkit" value="sun.awt.X11.XToolkit"/>
    <property name="file.encoding.pkg" value="sun.io"/>
    <property name="java.specification.version" value="1.8"/>
    <property name="sun.cpu.isalist" value=""/>
    <property name="sun.jnu.encoding" value="UTF-8"/>
    <property name="java.class.path" value="/home/runner/work/ozone/ozone/hadoop-ozone/integration-test/target/test-classes:/home/runner/work/ozone/ozone/hadoop-ozone/integration-test/target/classes:/home/runner/.m2/repository/org/apache/ozone/ozone-common/1.4.0-SNAPSHOT/ozone-common-1.4.0-SNAPSHOT.jar:/home/runner/.m2/repository/io/grpc/grpc-netty/1.51.1/grpc-netty-1.51.1.jar:/home/runner/.m2/repository/io/grpc/grpc-core/1.51.1/grpc-core-1.51.1.jar:/home/runner/.m2/repository/com/google/android/annotations/4.1.1.4/annotations-4.1.1.4.jar:/home/runner/.m2/repository/org/codehaus/mojo/animal-sniffer-annotations/1.21/animal-sniffer-annotations-1.21.jar:/home/runner/.m2/repository/com/google/errorprone/error_prone_annotations/2.2.0/error_prone_annotations-2.2.0.jar:/home/runner/.m2/repository/io/perfmark/perfmark-api/0.25.0/perfmark-api-0.25.0.jar:/home/runner/.m2/repository/io/netty/netty-codec-http2/4.1.94.Final/netty-codec-http2-4.1.94.Final.jar:/home/runner/.m2/repository/io/netty/netty-common/4.1.94.Final/netty-common-4.1.94.Final.jar:/home/runner/.m2/repository/io/netty/netty-buffer/4.1.94.Final/netty-buffer-4.1.94.Final.jar:/home/runner/.m2/repository/io/netty/netty-codec-http/4.1.94.Final/netty-codec-http-4.1.94.Final.jar:/home/runner/.m2/repository/io/netty/netty-handler-proxy/4.1.94.Final/netty-handler-proxy-4.1.94.Final.jar:/home/runner/.m2/repository/io/netty/netty-codec-socks/4.1.94.Final/netty-codec-socks-4.1.94.Final.jar:/home/runner/.m2/repository/io/netty/netty-tcnative-boringssl-static/2.0.61.Final/netty-tcnative-boringssl-static-2.0.61.Final.jar:/home/runner/.m2/repository/io/netty/netty-tcnative-classes/2.0.61.Final/netty-tcnative-classes-2.0.61.Final.jar:/home/runner/.m2/repository/io/netty/netty-tcnative-boringssl-static/2.0.61.Final/netty-tcnative-boringssl-static-2.0.61.Final-linux-x86_64.jar:/home/runner/.m2/repository/io/netty/netty-tcnative-boringssl-static/2.0.61.Final/netty-tcnative-boringssl-static-2.0.61.Final-linux-aarch_64.jar:/home/runner/.m2/repository/io/netty/netty-tcnative-boringssl-static/2.0.61.Final/netty-tcnative-boringssl-static-2.0.61.Final-osx-x86_64.jar:/home/runner/.m2/repository/io/netty/netty-tcnative-boringssl-static/2.0.61.Final/netty-tcnative-boringssl-static-2.0.61.Final-osx-aarch_64.jar:/home/runner/.m2/repository/io/netty/netty-tcnative-boringssl-static/2.0.61.Final/netty-tcnative-boringssl-static-2.0.61.Final-windows-x86_64.jar:/home/runner/.m2/repository/org/apache/commons/commons-compress/1.21/commons-compress-1.21.jar:/home/runner/.m2/repository/org/apache/ozone/hdds-common/1.4.0-SNAPSHOT/hdds-common-1.4.0-SNAPSHOT.jar:/home/runner/.m2/repository/org/apache/ozone/hdds-client/1.4.0-SNAPSHOT/hdds-client-1.4.0-SNAPSHOT.jar:/home/runner/.m2/repository/org/apache/ozone/ozone-interface-client/1.4.0-SNAPSHOT/ozone-interface-client-1.4.0-SNAPSHOT.jar:/home/runner/.m2/repository/org/apache/hadoop/hadoop-hdfs-client/3.3.6/hadoop-hdfs-client-3.3.6.jar:/home/runner/.m2/repository/com/squareup/okhttp3/okhttp/4.9.3/okhttp-4.9.3.jar:/home/runner/.m2/repository/com/squareup/okio/okio/3.4.0/okio-3.4.0.jar:/home/runner/.m2/repository/com/squareup/okio/okio-jvm/3.4.0/okio-jvm-3.4.0.jar:/home/runner/.m2/repository/org/jetbrains/kotlin/kotlin-stdlib-jdk8/1.8.0/kotlin-stdlib-jdk8-1.8.0.jar:/home/runner/.m2/repository/org/jetbrains/kotlin/kotlin-stdlib-jdk7/1.8.0/kotlin-stdlib-jdk7-1.8.0.jar:/home/runner/.m2/repository/org/jetbrains/kotlin/kotlin-stdlib-common/1.6.21/kotlin-stdlib-common-1.6.21.jar:/home/runner/.m2/repository/org/apache/ozone/hdds-test-utils/1.4.0-SNAPSHOT/hdds-test-utils-1.4.0-SNAPSHOT.jar:/home/runner/.m2/repository/com/google/guava/guava/32.0.0-jre/guava-32.0.0-jre.jar:/home/runner/.m2/repository/com/google/guava/failureaccess/1.0.1/failureaccess-1.0.1.jar:/home/runner/.m2/repository/com/google/guava/listenablefuture/9999.0-empty-to-avoid-conflict-with-guava/listenablefuture-9999.0-empty-to-avoid-conflict-with-guava.jar:/home/runner/.m2/repository/com/google/code/findbugs/jsr305/3.0.0/jsr305-3.0.0.jar:/home/runner/.m2/repository/org/checkerframework/checker-qual/3.33.0/checker-qual-3.33.0.jar:/home/runner/.m2/repository/com/google/j2objc/j2objc-annotations/2.8/j2objc-annotations-2.8.jar:/home/runner/.m2/repository/commons-io/commons-io/2.11.0/commons-io-2.11.0.jar:/home/runner/.m2/repository/commons-logging/commons-logging/1.2/commons-logging-1.2.jar:/home/runner/.m2/repository/ch/qos/reload4j/reload4j/1.2.22/reload4j-1.2.22.jar:/home/runner/.m2/repository/org/slf4j/slf4j-api/1.7.36/slf4j-api-1.7.36.jar:/home/runner/.m2/repository/org/apache/logging/log4j/log4j-api/2.17.1/log4j-api-2.17.1.jar:/home/runner/.m2/repository/org/apache/ozone/hdds-server-scm/1.4.0-SNAPSHOT/hdds-server-scm-1.4.0-SNAPSHOT.jar:/home/runner/.m2/repository/org/apache/ozone/hdds-container-service/1.4.0-SNAPSHOT/hdds-container-service-1.4.0-SNAPSHOT.jar:/home/runner/.m2/repository/org/apache/ozone/hdds-hadoop-dependency-server/1.4.0-SNAPSHOT/hdds-hadoop-dependency-server-1.4.0-SNAPSHOT.jar:/home/runner/.m2/repository/org/apache/hadoop/hadoop-hdfs/3.3.6/hadoop-hdfs-3.3.6.jar:/home/runner/.m2/repository/commons-daemon/commons-daemon/1.0.13/commons-daemon-1.0.13.jar:/home/runner/.m2/repository/org/apache/ozone/hdds-server-framework/1.4.0-SNAPSHOT/hdds-server-framework-1.4.0-SNAPSHOT.jar:/home/runner/.m2/repository/io/dropwizard/metrics/metrics-core/3.2.4/metrics-core-3.2.4.jar:/home/runner/.m2/repository/org/apache/commons/commons-text/1.10.0/commons-text-1.10.0.jar:/home/runner/.m2/repository/org/bouncycastle/bcprov-jdk15on/1.67/bcprov-jdk15on-1.67.jar:/home/runner/.m2/repository/com/google/protobuf/protobuf-java/2.5.0/protobuf-java-2.5.0.jar:/home/runner/.m2/repository/org/apache/ozone/hdds-server-framework/1.4.0-SNAPSHOT/hdds-server-framework-1.4.0-SNAPSHOT-tests.jar:/home/runner/.m2/repository/org/apache/ozone/hdds-interface-server/1.4.0-SNAPSHOT/hdds-interface-server-1.4.0-SNAPSHOT.jar:/home/runner/.m2/repository/org/apache/ozone/hdds-interface-admin/1.4.0-SNAPSHOT/hdds-interface-admin-1.4.0-SNAPSHOT.jar:/home/runner/.m2/repository/org/apache/ozone/hdds-managed-rocksdb/1.4.0-SNAPSHOT/hdds-managed-rocksdb-1.4.0-SNAPSHOT.jar:/home/runner/.m2/repository/org/rocksdb/rocksdbjni/7.7.3/rocksdbjni-7.7.3.jar:/home/runner/.m2/repository/org/slf4j/slf4j-reload4j/1.7.36/slf4j-reload4j-1.7.36.jar:/home/runner/.m2/repository/org/apache/commons/commons-configuration2/2.1.1/commons-configuration2-2.1.1.jar:/home/runner/.m2/repository/commons-fileupload/commons-fileupload/1.5/commons-fileupload-1.5.jar:/home/runner/.m2/repository/org/apache/logging/log4j/log4j-core/2.17.1/log4j-core-2.17.1.jar:/home/runner/.m2/repository/com/lmax/disruptor/3.4.2/disruptor-3.4.2.jar:/home/runner/.m2/repository/org/eclipse/jetty/jetty-util/9.4.51.v20230217/jetty-util-9.4.51.v20230217.jar:/home/runner/.m2/repository/org/eclipse/jetty/jetty-server/9.4.51.v20230217/jetty-server-9.4.51.v20230217.jar:/home/runner/.m2/repository/org/eclipse/jetty/jetty-http/9.4.51.v20230217/jetty-http-9.4.51.v20230217.jar:/home/runner/.m2/repository/org/eclipse/jetty/jetty-io/9.4.51.v20230217/jetty-io-9.4.51.v20230217.jar:/home/runner/.m2/repository/org/eclipse/jetty/jetty-servlet/9.4.51.v20230217/jetty-servlet-9.4.51.v20230217.jar:/home/runner/.m2/repository/org/eclipse/jetty/jetty-security/9.4.51.v20230217/jetty-security-9.4.51.v20230217.jar:/home/runner/.m2/repository/org/eclipse/jetty/jetty-util-ajax/9.4.51.v20230217/jetty-util-ajax-9.4.51.v20230217.jar:/home/runner/.m2/repository/org/eclipse/jetty/jetty-webapp/9.4.51.v20230217/jetty-webapp-9.4.51.v20230217.jar:/home/runner/.m2/repository/org/eclipse/jetty/jetty-xml/9.4.51.v20230217/jetty-xml-9.4.51.v20230217.jar:/home/runner/.m2/repository/org/apache/ratis/ratis-server/2.5.1/ratis-server-2.5.1.jar:/home/runner/.m2/repository/org/apache/ratis/ratis-thirdparty-misc/1.0.4/ratis-thirdparty-misc-1.0.4.jar:/home/runner/.m2/repository/org/apache/ratis/ratis-proto/2.5.1/ratis-proto-2.5.1.jar:/home/runner/.m2/repository/org/apache/ratis/ratis-common/2.5.1/ratis-common-2.5.1.jar:/home/runner/.m2/repository/org/apache/ratis/ratis-client/2.5.1/ratis-client-2.5.1.jar:/home/runner/.m2/repository/org/apache/ratis/ratis-server-api/2.5.1/ratis-server-api-2.5.1.jar:/home/runner/.m2/repository/org/apache/ratis/ratis-metrics/2.5.1/ratis-metrics-2.5.1.jar:/home/runner/.m2/repository/io/prometheus/simpleclient_dropwizard/0.7.0/simpleclient_dropwizard-0.7.0.jar:/home/runner/.m2/repository/io/prometheus/simpleclient/0.7.0/simpleclient-0.7.0.jar:/home/runner/.m2/repository/io/prometheus/simpleclient_common/0.7.0/simpleclient_common-0.7.0.jar:/home/runner/.m2/repository/com/fasterxml/jackson/datatype/jackson-datatype-jsr310/2.13.4/jackson-datatype-jsr310-2.13.4.jar:/home/runner/.m2/repository/com/fasterxml/jackson/core/jackson-core/2.13.4/jackson-core-2.13.4.jar:/home/runner/.m2/repository/com/github/spotbugs/spotbugs-annotations/3.1.12/spotbugs-annotations-3.1.12.jar:/home/runner/.m2/repository/org/apache/ozone/rocksdb-checkpoint-differ/1.4.0-SNAPSHOT/rocksdb-checkpoint-differ-1.4.0-SNAPSHOT.jar:/home/runner/.m2/repository/org/jgrapht/jgrapht-core/1.0.1/jgrapht-core-1.0.1.jar:/home/runner/.m2/repository/org/jgrapht/jgrapht-ext/1.0.1/jgrapht-ext-1.0.1.jar:/home/runner/.m2/repository/org/tinyjee/jgraphx/jgraphx/2.0.0.1/jgraphx-2.0.0.1.jar:/home/runner/.m2/repository/jgraph/jgraph/5.13.0.0/jgraph-5.13.0.0.jar:/home/runner/.m2/repository/org/antlr/antlr4-runtime/4.5.3/antlr4-runtime-4.5.3.jar:/home/runner/.m2/repository/org/awaitility/awaitility/4.2.0/awaitility-4.2.0.jar:/home/runner/.m2/repository/org/hamcrest/hamcrest/2.1/hamcrest-2.1.jar:/home/runner/.m2/repository/org/apache/ozone/ozone-manager/1.4.0-SNAPSHOT/ozone-manager-1.4.0-SNAPSHOT.jar:/home/runner/.m2/repository/org/aspectj/aspectjrt/1.9.7/aspectjrt-1.9.7.jar:/home/runner/.m2/repository/org/aspectj/aspectjweaver/1.9.7/aspectjweaver-1.9.7.jar:/home/runner/.m2/repository/org/apache/ozone/hdds-interface-client/1.4.0-SNAPSHOT/hdds-interface-client-1.4.0-SNAPSHOT.jar:/home/runner/.m2/repository/org/apache/hadoop/thirdparty/hadoop-shaded-protobuf_3_7/1.1.1/hadoop-shaded-protobuf_3_7-1.1.1.jar:/home/runner/.m2/repository/org/apache/ozone/ozone-interface-storage/1.4.0-SNAPSHOT/ozone-interface-storage-1.4.0-SNAPSHOT.jar:/home/runner/.m2/repository/org/reflections/reflections/0.9.11/reflections-0.9.11.jar:/home/runner/.m2/repository/com/sun/jersey/jersey-client/1.19/jersey-client-1.19.jar:/home/runner/.m2/repository/org/codehaus/jackson/jackson-core-asl/1.9.13/jackson-core-asl-1.9.13.jar:/home/runner/.m2/repository/org/codehaus/jackson/jackson-mapper-asl/1.9.13/jackson-mapper-asl-1.9.13.jar:/home/runner/.m2/repository/org/codehaus/jackson/jackson-jaxrs/1.9.13/jackson-jaxrs-1.9.13.jar:/home/runner/.m2/repository/org/apache/ranger/ranger-intg/2.3.0/ranger-intg-2.3.0.jar:/home/runner/.m2/repository/org/apache/ranger/ranger-plugins-common/2.3.0/ranger-plugins-common-2.3.0.jar:/home/runner/.m2/repository/commons-lang/commons-lang/2.6/commons-lang-2.6.jar:/home/runner/.m2/repository/org/apache/ranger/ranger-plugins-cred/2.3.0/ranger-plugins-cred-2.3.0.jar:/home/runner/.m2/repository/org/apache/ranger/ranger-plugins-audit/2.3.0/ranger-plugins-audit-2.3.0.jar:/home/runner/.m2/repository/org/eclipse/jetty/jetty-client/9.4.51.v20230217/jetty-client-9.4.51.v20230217.jar:/home/runner/.m2/repository/org/apache/httpcomponents/httpmime/4.5.6/httpmime-4.5.6.jar:/home/runner/.m2/repository/org/apache/httpcomponents/httpcore-nio/4.4.13/httpcore-nio-4.4.13.jar:/home/runner/.m2/repository/org/apache/httpcomponents/httpasyncclient/4.1.3/httpasyncclient-4.1.3.jar:/home/runner/.m2/repository/com/carrotsearch/hppc/0.8.0/hppc-0.8.0.jar:/home/runner/.m2/repository/org/apache/orc/orc-core/1.5.8/orc-core-1.5.8.jar:/home/runner/.m2/repository/net/java/dev/jna/jna/5.2.0/jna-5.2.0.jar:/home/runner/.m2/repository/net/java/dev/jna/jna-platform/5.2.0/jna-platform-5.2.0.jar:/home/runner/.m2/repository/com/kstruct/gethostname4j/0.0.2/gethostname4j-0.0.2.jar:/home/runner/.m2/repository/org/apache/ranger/ranger-plugin-classloader/2.3.0/ranger-plugin-classloader-2.3.0.jar:/home/runner/.m2/repository/org/apache/ozone/hdds-rocks-native/1.4.0-SNAPSHOT/hdds-rocks-native-1.4.0-SNAPSHOT.jar:/home/runner/.m2/repository/org/apache/hadoop/hadoop-minikdc/3.3.6/hadoop-minikdc-3.3.6.jar:/home/runner/.m2/repository/org/apache/kerby/kerb-simplekdc/1.0.1/kerb-simplekdc-1.0.1.jar:/home/runner/.m2/repository/org/apache/kerby/kerb-client/1.0.1/kerb-client-1.0.1.jar:/home/runner/.m2/repository/org/apache/kerby/kerby-config/1.0.1/kerby-config-1.0.1.jar:/home/runner/.m2/repository/org/apache/kerby/kerb-common/1.0.1/kerb-common-1.0.1.jar:/home/runner/.m2/repository/org/apache/kerby/kerb-crypto/1.0.1/kerb-crypto-1.0.1.jar:/home/runner/.m2/repository/org/apache/kerby/kerb-util/1.0.1/kerb-util-1.0.1.jar:/home/runner/.m2/repository/org/apache/kerby/token-provider/1.0.1/token-provider-1.0.1.jar:/home/runner/.m2/repository/org/apache/kerby/kerb-admin/1.0.1/kerb-admin-1.0.1.jar:/home/runner/.m2/repository/org/apache/kerby/kerb-server/1.0.1/kerb-server-1.0.1.jar:/home/runner/.m2/repository/org/apache/kerby/kerb-identity/1.0.1/kerb-identity-1.0.1.jar:/home/runner/.m2/repository/org/apache/kerby/kerby-xdr/1.0.1/kerby-xdr-1.0.1.jar:/home/runner/.m2/repository/org/apache/ozone/ozone-s3gateway/1.4.0-SNAPSHOT/ozone-s3gateway-1.4.0-SNAPSHOT.jar:/home/runner/.m2/repository/org/javassist/javassist/3.21.0-GA/javassist-3.21.0-GA.jar:/home/runner/.m2/repository/org/jboss/weld/servlet/weld-servlet-shaded/3.1.9.Final/weld-servlet-shaded-3.1.9.Final.jar:/home/runner/.m2/repository/org/glassfish/jersey/containers/jersey-container-servlet-core/2.34/jersey-container-servlet-core-2.34.jar:/home/runner/.m2/repository/org/glassfish/hk2/external/jakarta.inject/2.6.1/jakarta.inject-2.6.1.jar:/home/runner/.m2/repository/org/glassfish/jersey/core/jersey-common/2.34/jersey-common-2.34.jar:/home/runner/.m2/repository/jakarta/ws/rs/jakarta.ws.rs-api/2.1.6/jakarta.ws.rs-api-2.1.6.jar:/home/runner/.m2/repository/org/glassfish/jersey/ext/cdi/jersey-cdi1x/2.34/jersey-cdi1x-2.34.jar:/home/runner/.m2/repository/org/glassfish/jersey/inject/jersey-hk2/2.34/jersey-hk2-2.34.jar:/home/runner/.m2/repository/org/glassfish/hk2/hk2-locator/2.6.1/hk2-locator-2.6.1.jar:/home/runner/.m2/repository/org/glassfish/jersey/media/jersey-media-jaxb/2.34/jersey-media-jaxb-2.34.jar:/home/runner/.m2/repository/org/glassfish/hk2/osgi-resource-locator/1.0.3/osgi-resource-locator-1.0.3.jar:/home/runner/.m2/repository/org/glassfish/hk2/hk2-api/2.5.0/hk2-api-2.5.0.jar:/home/runner/.m2/repository/org/glassfish/hk2/hk2-utils/2.5.0/hk2-utils-2.5.0.jar:/home/runner/.m2/repository/org/glassfish/hk2/external/aopalliance-repackaged/2.5.0/aopalliance-repackaged-2.5.0.jar:/home/runner/.m2/repository/com/fasterxml/jackson/dataformat/jackson-dataformat-xml/2.13.4/jackson-dataformat-xml-2.13.4.jar:/home/runner/.m2/repository/org/codehaus/woodstox/stax2-api/4.2.1/stax2-api-4.2.1.jar:/home/runner/.m2/repository/com/fasterxml/woodstox/woodstox-core/5.4.0/woodstox-core-5.4.0.jar:/home/runner/.m2/repository/com/fasterxml/jackson/module/jackson-module-jaxb-annotations/2.13.4/jackson-module-jaxb-annotations-2.13.4.jar:/home/runner/.m2/repository/jakarta/xml/bind/jakarta.xml.bind-api/2.3.3/jakarta.xml.bind-api-2.3.3.jar:/home/runner/.m2/repository/jakarta/activation/jakarta.activation-api/1.2.2/jakarta.activation-api-1.2.2.jar:/home/runner/.m2/repository/javax/enterprise/cdi-api/2.0/cdi-api-2.0.jar:/home/runner/.m2/repository/javax/el/javax.el-api/3.0.0/javax.el-api-3.0.0.jar:/home/runner/.m2/repository/javax/interceptor/javax.interceptor-api/1.2/javax.interceptor-api-1.2.jar:/home/runner/.m2/repository/javax/inject/javax.inject/1/javax.inject-1.jar:/home/runner/.m2/repository/javax/xml/bind/jaxb-api/2.3.0/jaxb-api-2.3.0.jar:/home/runner/.m2/repository/org/glassfish/jaxb/jaxb-runtime/2.3.0.1/jaxb-runtime-2.3.0.1.jar:/home/runner/.m2/repository/org/glassfish/jaxb/jaxb-core/2.3.0.1/jaxb-core-2.3.0.1.jar:/home/runner/.m2/repository/org/glassfish/jaxb/txw2/2.3.0.1/txw2-2.3.0.1.jar:/home/runner/.m2/repository/com/sun/istack/istack-commons-runtime/3.0.5/istack-commons-runtime-3.0.5.jar:/home/runner/.m2/repository/org/jvnet/staxex/stax-ex/1.7.8/stax-ex-1.7.8.jar:/home/runner/.m2/repository/com/sun/xml/fastinfoset/FastInfoset/1.2.13/FastInfoset-1.2.13.jar:/home/runner/.m2/repository/javax/activation/activation/1.1.1/activation-1.1.1.jar:/home/runner/.m2/repository/io/grpc/grpc-protobuf/1.51.1/grpc-protobuf-1.51.1.jar:/home/runner/.m2/repository/com/google/api/grpc/proto-google-common-protos/2.9.0/proto-google-common-protos-2.9.0.jar:/home/runner/.m2/repository/io/grpc/grpc-protobuf-lite/1.51.1/grpc-protobuf-lite-1.51.1.jar:/home/runner/.m2/repository/io/grpc/grpc-stub/1.51.1/grpc-stub-1.51.1.jar:/home/runner/.m2/repository/io/netty/netty-transport/4.1.94.Final/netty-transport-4.1.94.Final.jar:/home/runner/.m2/repository/io/netty/netty-resolver/4.1.94.Final/netty-resolver-4.1.94.Final.jar:/home/runner/.m2/repository/org/apache/ozone/ozone-csi/1.4.0-SNAPSHOT/ozone-csi-1.4.0-SNAPSHOT.jar:/home/runner/.m2/repository/com/google/protobuf/protobuf-java-util/3.19.6/protobuf-java-util-3.19.6.jar:/home/runner/.m2/repository/com/google/code/gson/gson/2.9.0/gson-2.9.0.jar:/home/runner/.m2/repository/org/apache/ozone/hdds-config/1.4.0-SNAPSHOT/hdds-config-1.4.0-SNAPSHOT.jar:/home/runner/.m2/repository/io/netty/netty-transport-native-epoll/4.1.94.Final/netty-transport-native-epoll-4.1.94.Final-linux-x86_64.jar:/home/runner/.m2/repository/io/netty/netty-transport-classes-epoll/4.1.94.Final/netty-transport-classes-epoll-4.1.94.Final.jar:/home/runner/.m2/repository/io/netty/netty-transport-native-unix-common/4.1.94.Final/netty-transport-native-unix-common-4.1.94.Final.jar:/home/runner/.m2/repository/org/apache/ozone/ozone-recon/1.4.0-SNAPSHOT/ozone-recon-1.4.0-SNAPSHOT.jar:/home/runner/.m2/repository/org/apache/ozone/ozone-reconcodegen/1.4.0-SNAPSHOT/ozone-reconcodegen-1.4.0-SNAPSHOT.jar:/home/runner/.m2/repository/com/google/inject/guice/5.1.0/guice-5.1.0.jar:/home/runner/.m2/repository/aopalliance/aopalliance/1.0/aopalliance-1.0.jar:/home/runner/.m2/repository/com/google/inject/extensions/guice-assistedinject/5.1.0/guice-assistedinject-5.1.0.jar:/home/runner/.m2/repository/com/google/inject/extensions/guice-servlet/5.1.0/guice-servlet-5.1.0.jar:/home/runner/.m2/repository/org/glassfish/jersey/containers/jersey-container-servlet/2.34/jersey-container-servlet-2.34.jar:/home/runner/.m2/repository/org/glassfish/hk2/guice-bridge/2.5.0/guice-bridge-2.5.0.jar:/home/runner/.m2/repository/org/glassfish/jersey/core/jersey-server/2.34/jersey-server-2.34.jar:/home/runner/.m2/repository/org/glassfish/jersey/core/jersey-client/2.34/jersey-client-2.34.jar:/home/runner/.m2/repository/jakarta/annotation/jakarta.annotation-api/1.3.5/jakarta.annotation-api-1.3.5.jar:/home/runner/.m2/repository/jakarta/validation/jakarta.validation-api/2.0.2/jakarta.validation-api-2.0.2.jar:/home/runner/.m2/repository/org/glassfish/jersey/media/jersey-media-json-jackson/2.34/jersey-media-json-jackson-2.34.jar:/home/runner/.m2/repository/org/glassfish/jersey/ext/jersey-entity-filtering/2.34/jersey-entity-filtering-2.34.jar:/home/runner/.m2/repository/org/jooq/jooq/3.11.10/jooq-3.11.10.jar:/home/runner/.m2/repository/org/jooq/jooq-meta/3.11.10/jooq-meta-3.11.10.jar:/home/runner/.m2/repository/org/jooq/jooq-codegen/3.11.10/jooq-codegen-3.11.10.jar:/home/runner/.m2/repository/com/jolbox/bonecp/0.8.0.RELEASE/bonecp-0.8.0.RELEASE.jar:/home/runner/.m2/repository/org/apache/derby/derby/10.14.2.0/derby-10.14.2.0.jar:/home/runner/.m2/repository/org/xerial/sqlite-jdbc/3.41.2.2/sqlite-jdbc-3.41.2.2.jar:/home/runner/.m2/repository/org/springframework/spring-jdbc/5.3.27/spring-jdbc-5.3.27.jar:/home/runner/.m2/repository/org/springframework/spring-beans/5.3.27/spring-beans-5.3.27.jar:/home/runner/.m2/repository/org/springframework/spring-core/5.3.27/spring-core-5.3.27.jar:/home/runner/.m2/repository/org/springframework/spring-tx/5.3.27/spring-tx-5.3.27.jar:/home/runner/.m2/repository/org/apache/ozone/ozone-client/1.4.0-SNAPSHOT/ozone-client-1.4.0-SNAPSHOT.jar:/home/runner/.m2/repository/org/apache/ozone/hdds-erasurecode/1.4.0-SNAPSHOT/hdds-erasurecode-1.4.0-SNAPSHOT.jar:/home/runner/.m2/repository/org/apache/ozone/ozone-filesystem/1.4.0-SNAPSHOT/ozone-filesystem-1.4.0-SNAPSHOT.jar:/home/runner/.m2/repository/org/apache/ozone/ozone-filesystem-common/1.4.0-SNAPSHOT/ozone-filesystem-common-1.4.0-SNAPSHOT.jar:/home/runner/.m2/repository/org/apache/ozone/ozone-tools/1.4.0-SNAPSHOT/ozone-tools-1.4.0-SNAPSHOT.jar:/home/runner/.m2/repository/com/amazonaws/aws-java-sdk-core/1.12.261/aws-java-sdk-core-1.12.261.jar:/home/runner/.m2/repository/org/apache/httpcomponents/httpclient/4.5.13/httpclient-4.5.13.jar:/home/runner/.m2/repository/org/apache/httpcomponents/httpcore/4.4.13/httpcore-4.4.13.jar:/home/runner/.m2/repository/software/amazon/ion/ion-java/1.0.2/ion-java-1.0.2.jar:/home/runner/.m2/repository/com/fasterxml/jackson/dataformat/jackson-dataformat-cbor/2.13.4/jackson-dataformat-cbor-2.13.4.jar:/home/runner/.m2/repository/joda-time/joda-time/2.10.6/joda-time-2.10.6.jar:/home/runner/.m2/repository/com/amazonaws/aws-java-sdk-s3/1.12.261/aws-java-sdk-s3-1.12.261.jar:/home/runner/.m2/repository/com/amazonaws/aws-java-sdk-kms/1.12.261/aws-java-sdk-kms-1.12.261.jar:/home/runner/.m2/repository/com/amazonaws/jmespath-java/1.12.261/jmespath-java-1.12.261.jar:/home/runner/.m2/repository/org/kohsuke/metainf-services/metainf-services/1.8/metainf-services-1.8.jar:/home/runner/.m2/repository/org/apache/ozone/hdds-tools/1.4.0-SNAPSHOT/hdds-tools-1.4.0-SNAPSHOT.jar:/home/runner/.m2/repository/org/apache/ratis/ratis-tools/2.5.1/ratis-tools-2.5.1.jar:/home/runner/.m2/repository/commons-cli/commons-cli/1.2/commons-cli-1.2.jar:/home/runner/.m2/repository/org/apache/commons/commons-lang3/3.7/commons-lang3-3.7.jar:/home/runner/.m2/repository/org/apache/ozone/ozone-manager/1.4.0-SNAPSHOT/ozone-manager-1.4.0-SNAPSHOT-tests.jar:/home/runner/.m2/repository/org/apache/ozone/hdds-common/1.4.0-SNAPSHOT/hdds-common-1.4.0-SNAPSHOT-tests.jar:/home/runner/.m2/repository/org/apache/ozone/hdds-hadoop-dependency-client/1.4.0-SNAPSHOT/hdds-hadoop-dependency-client-1.4.0-SNAPSHOT.jar:/home/runner/.m2/repository/info/picocli/picocli/4.6.1/picocli-4.6.1.jar:/home/runner/.m2/repository/com/fasterxml/jackson/core/jackson-annotations/2.13.4/jackson-annotations-2.13.4.jar:/home/runner/.m2/repository/org/apache/ozone/hdds-annotation-processing/1.4.0-SNAPSHOT/hdds-annotation-processing-1.4.0-SNAPSHOT.jar:/home/runner/.m2/repository/javax/annotation/javax.annotation-api/1.2/javax.annotation-api-1.2.jar:/home/runner/.m2/repository/org/apache/ratis/ratis-netty/2.5.1/ratis-netty-2.5.1.jar:/home/runner/.m2/repository/org/apache/ratis/ratis-grpc/2.5.1/ratis-grpc-2.5.1.jar:/home/runner/.m2/repository/org/apache/commons/commons-pool2/2.6.0/commons-pool2-2.6.0.jar:/home/runner/.m2/repository/org/bouncycastle/bcpkix-jdk15on/1.67/bcpkix-jdk15on-1.67.jar:/home/runner/.m2/repository/commons-validator/commons-validator/1.6/commons-validator-1.6.jar:/home/runner/.m2/repository/commons-beanutils/commons-beanutils/1.9.4/commons-beanutils-1.9.4.jar:/home/runner/.m2/repository/commons-digester/commons-digester/1.8.1/commons-digester-1.8.1.jar:/home/runner/.m2/repository/commons-collections/commons-collections/3.2.2/commons-collections-3.2.2.jar:/home/runner/.m2/repository/io/jaegertracing/jaeger-client/1.6.0/jaeger-client-1.6.0.jar:/home/runner/.m2/repository/io/jaegertracing/jaeger-thrift/1.6.0/jaeger-thrift-1.6.0.jar:/home/runner/.m2/repository/org/apache/thrift/libthrift/0.14.1/libthrift-0.14.1.jar:/home/runner/.m2/repository/io/jaegertracing/jaeger-core/1.6.0/jaeger-core-1.6.0.jar:/home/runner/.m2/repository/io/jaegertracing/jaeger-tracerresolver/1.6.0/jaeger-tracerresolver-1.6.0.jar:/home/runner/.m2/repository/io/opentracing/contrib/opentracing-tracerresolver/0.1.8/opentracing-tracerresolver-0.1.8.jar:/home/runner/.m2/repository/org/jetbrains/kotlin/kotlin-stdlib/1.6.21/kotlin-stdlib-1.6.21.jar:/home/runner/.m2/repository/org/jetbrains/annotations/13.0/annotations-13.0.jar:/home/runner/.m2/repository/io/opentracing/opentracing-util/0.33.0/opentracing-util-0.33.0.jar:/home/runner/.m2/repository/io/opentracing/opentracing-api/0.33.0/opentracing-api-0.33.0.jar:/home/runner/.m2/repository/io/opentracing/opentracing-noop/0.33.0/opentracing-noop-0.33.0.jar:/home/runner/.m2/repository/org/yaml/snakeyaml/2.0/snakeyaml-2.0.jar:/home/runner/.m2/repository/io/grpc/grpc-api/1.51.1/grpc-api-1.51.1.jar:/home/runner/.m2/repository/io/grpc/grpc-context/1.51.1/grpc-context-1.51.1.jar:/home/runner/.m2/repository/junit/junit/4.13.1/junit-4.13.1.jar:/home/runner/.m2/repository/org/hamcrest/hamcrest-core/1.3/hamcrest-core-1.3.jar:/home/runner/.m2/repository/org/junit/jupiter/junit-jupiter-api/5.8.2/junit-jupiter-api-5.8.2.jar:/home/runner/.m2/repository/org/opentest4j/opentest4j/1.2.0/opentest4j-1.2.0.jar:/home/runner/.m2/repository/org/junit/platform/junit-platform-commons/1.8.2/junit-platform-commons-1.8.2.jar:/home/runner/.m2/repository/org/apiguardian/apiguardian-api/1.1.2/apiguardian-api-1.1.2.jar:/home/runner/.m2/repository/org/junit/jupiter/junit-jupiter-params/5.8.2/junit-jupiter-params-5.8.2.jar:/home/runner/.m2/repository/org/junit/jupiter/junit-jupiter-migrationsupport/5.8.2/junit-jupiter-migrationsupport-5.8.2.jar:/home/runner/.m2/repository/org/junit/jupiter/junit-jupiter-engine/5.8.2/junit-jupiter-engine-5.8.2.jar:/home/runner/.m2/repository/org/junit/platform/junit-platform-engine/1.8.2/junit-platform-engine-1.8.2.jar:/home/runner/.m2/repository/org/junit/vintage/junit-vintage-engine/5.8.2/junit-vintage-engine-5.8.2.jar:/home/runner/.m2/repository/org/junit/platform/junit-platform-launcher/1.8.2/junit-platform-launcher-1.8.2.jar:/home/runner/.m2/repository/org/mockito/mockito-core/3.5.9/mockito-core-3.5.9.jar:/home/runner/.m2/repository/net/bytebuddy/byte-buddy/1.10.13/byte-buddy-1.10.13.jar:/home/runner/.m2/repository/net/bytebuddy/byte-buddy-agent/1.10.13/byte-buddy-agent-1.10.13.jar:/home/runner/.m2/repository/org/objenesis/objenesis/1.0/objenesis-1.0.jar:/home/runner/.m2/repository/org/apache/hadoop/hadoop-kms/3.3.6/hadoop-kms-3.3.6.jar:/home/runner/.m2/repository/org/apache/hadoop/hadoop-auth/3.3.6/hadoop-auth-3.3.6.jar:/home/runner/.m2/repository/com/nimbusds/nimbus-jose-jwt/9.8.1/nimbus-jose-jwt-9.8.1.jar:/home/runner/.m2/repository/com/github/stephenc/jcip/jcip-annotations/1.0-1/jcip-annotations-1.0-1.jar:/home/runner/.m2/repository/org/apache/zookeeper/zookeeper/3.5.6/zookeeper-3.5.6.jar:/home/runner/.m2/repository/org/apache/zookeeper/zookeeper-jute/3.5.6/zookeeper-jute-3.5.6.jar:/home/runner/.m2/repository/org/apache/yetus/audience-annotations/0.5.0/audience-annotations-0.5.0.jar:/home/runner/.m2/repository/org/apache/curator/curator-framework/4.2.0/curator-framework-4.2.0.jar:/home/runner/.m2/repository/org/apache/hadoop/thirdparty/hadoop-shaded-guava/1.1.1/hadoop-shaded-guava-1.1.1.jar:/home/runner/.m2/repository/com/sun/jersey/jersey-core/1.19/jersey-core-1.19.jar:/home/runner/.m2/repository/javax/ws/rs/jsr311-api/1.1.1/jsr311-api-1.1.1.jar:/home/runner/.m2/repository/com/sun/jersey/jersey-server/1.19/jersey-server-1.19.jar:/home/runner/.m2/repository/javax/servlet/javax.servlet-api/3.1.0/javax.servlet-api-3.1.0.jar:/home/runner/.m2/repository/org/apache/hadoop/hadoop-common/3.3.6/hadoop-common-3.3.6.jar:/home/runner/.m2/repository/org/apache/commons/commons-math3/3.1.1/commons-math3-3.1.1.jar:/home/runner/.m2/repository/commons-net/commons-net/3.9.0/commons-net-3.9.0.jar:/home/runner/.m2/repository/com/sun/jersey/jersey-servlet/1.19/jersey-servlet-1.19.jar:/home/runner/.m2/repository/com/github/pjfanning/jersey-json/1.20/jersey-json-1.20.jar:/home/runner/.m2/repository/org/codehaus/jettison/jettison/1.1/jettison-1.1.jar:/home/runner/.m2/repository/com/sun/xml/bind/jaxb-impl/2.2.3-1/jaxb-impl-2.2.3-1.jar:/home/runner/.m2/repository/com/google/re2j/re2j/1.1/re2j-1.1.jar:/home/runner/.m2/repository/com/jcraft/jsch/0.1.54/jsch-0.1.54.jar:/home/runner/.m2/repository/org/apache/curator/curator-client/4.2.0/curator-client-4.2.0.jar:/home/runner/.m2/repository/org/apache/curator/curator-recipes/5.2.0/curator-recipes-5.2.0.jar:/home/runner/.m2/repository/org/apache/kerby/kerb-core/1.0.1/kerb-core-1.0.1.jar:/home/runner/.m2/repository/org/apache/kerby/kerby-pkix/1.0.1/kerby-pkix-1.0.1.jar:/home/runner/.m2/repository/org/apache/kerby/kerby-asn1/1.0.1/kerby-asn1-1.0.1.jar:/home/runner/.m2/repository/org/apache/kerby/kerby-util/1.0.1/kerby-util-1.0.1.jar:/home/runner/.m2/repository/dnsjava/dnsjava/2.1.7/dnsjava-2.1.7.jar:/home/runner/.m2/repository/org/xerial/snappy/snappy-java/1.1.8.2/snappy-java-1.1.8.2.jar:/home/runner/.m2/repository/com/fasterxml/jackson/core/jackson-databind/2.13.4.2/jackson-databind-2.13.4.2.jar:/home/runner/.m2/repository/org/apache/hadoop/hadoop-kms/3.3.6/hadoop-kms-3.3.6-tests.jar:/home/runner/.m2/repository/org/apache/ozone/hdds-server-scm/1.4.0-SNAPSHOT/hdds-server-scm-1.4.0-SNAPSHOT-tests.jar:/home/runner/.m2/repository/org/apache/ozone/hdds-container-service/1.4.0-SNAPSHOT/hdds-container-service-1.4.0-SNAPSHOT-tests.jar:/home/runner/.m2/repository/com/github/luben/zstd-jni/1.5.2-5/zstd-jni-1.5.2-5.jar:/home/runner/.m2/repository/commons-codec/commons-codec/1.15/commons-codec-1.15.jar:/home/runner/.m2/repository/io/netty/netty-codec/4.1.94.Final/netty-codec-4.1.94.Final.jar:/home/runner/.m2/repository/io/netty/netty-handler/4.1.94.Final/netty-handler-4.1.94.Final.jar:/home/runner/.m2/repository/org/apache/ozone/hdds-hadoop-dependency-test/1.4.0-SNAPSHOT/hdds-hadoop-dependency-test-1.4.0-SNAPSHOT.jar:/home/runner/.m2/repository/org/apache/hadoop/hadoop-common/3.3.6/hadoop-common-3.3.6-tests.jar:/home/runner/.m2/repository/org/apache/hadoop/hadoop-hdfs/3.3.6/hadoop-hdfs-3.3.6-tests.jar:/home/runner/.m2/repository/org/assertj/assertj-core/3.12.2/assertj-core-3.12.2.jar:/home/runner/.m2/repository/org/apache/hadoop/hadoop-distcp/3.3.6/hadoop-distcp-3.3.6.jar:/home/runner/.m2/repository/org/apache/hadoop/hadoop-mapreduce-client-jobclient/3.3.6/hadoop-mapreduce-client-jobclient-3.3.6.jar:/home/runner/.m2/repository/org/apache/hadoop/hadoop-mapreduce-client-common/3.3.6/hadoop-mapreduce-client-common-3.3.6.jar:/home/runner/.m2/repository/org/apache/hadoop/hadoop-yarn-common/3.3.6/hadoop-yarn-common-3.3.6.jar:/home/runner/.m2/repository/org/apache/hadoop/hadoop-yarn-api/3.3.6/hadoop-yarn-api-3.3.6.jar:/home/runner/.m2/repository/com/sun/jersey/contribs/jersey-guice/1.19/jersey-guice-1.19.jar:/home/runner/.m2/repository/com/fasterxml/jackson/jaxrs/jackson-jaxrs-json-provider/2.13.4/jackson-jaxrs-json-provider-2.13.4.jar:/home/runner/.m2/repository/com/fasterxml/jackson/jaxrs/jackson-jaxrs-base/2.13.4/jackson-jaxrs-base-2.13.4.jar:/home/runner/.m2/repository/org/apache/hadoop/hadoop-yarn-client/3.3.6/hadoop-yarn-client-3.3.6.jar:/home/runner/.m2/repository/org/eclipse/jetty/websocket/websocket-client/9.4.51.v20230217/websocket-client-9.4.51.v20230217.jar:/home/runner/.m2/repository/org/eclipse/jetty/websocket/websocket-common/9.4.51.v20230217/websocket-common-9.4.51.v20230217.jar:/home/runner/.m2/repository/org/eclipse/jetty/websocket/websocket-api/9.4.51.v20230217/websocket-api-9.4.51.v20230217.jar:/home/runner/.m2/repository/org/jline/jline/3.9.0/jline-3.9.0.jar:/home/runner/.m2/repository/org/apache/hadoop/hadoop-mapreduce-client-core/3.3.6/hadoop-mapreduce-client-core-3.3.6.jar:/home/runner/.m2/repository/org/apache/avro/avro/1.7.7/avro-1.7.7.jar:/home/runner/.m2/repository/com/thoughtworks/paranamer/paranamer/2.3/paranamer-2.3.jar:/home/runner/.m2/repository/org/apache/hadoop/hadoop-annotations/3.3.6/hadoop-annotations-3.3.6.jar:/usr/lib/jvm/temurin-8-jdk-amd64/jre/../lib/tools.jar:/home/runner/.m2/repository/io/netty/netty/3.10.6.Final/netty-3.10.6.Final.jar:/home/runner/.m2/repository/org/apache/hadoop/hadoop-distcp/3.3.6/hadoop-distcp-3.3.6-tests.jar:/home/runner/.m2/repository/org/slf4j/jul-to-slf4j/1.7.36/jul-to-slf4j-1.7.36.jar:"/>
    <property name="java.vm.vendor" value="Temurin"/>
    <property name="sun.arch.data.model" value="64"/>
    <property name="test.build.dir" value="/home/runner/work/ozone/ozone/hadoop-ozone/integration-test/target/test-dir"/>
    <property name="sun.security.krb5.debug" value="false"/>
    <property name="test.cache.data" value=""/>
    <property name="java.vendor.url" value="https://adoptium.net/"/>
    <property name="user.timezone" value="Etc/UTC"/>
    <property name="os.name" value="Linux"/>
    <property name="java.vm.specification.version" value="1.8"/>
    <property name="test.build.data" value="/home/runner/work/ozone/ozone/hadoop-ozone/integration-test/target/test-dir"/>
    <property name="sun.java.launcher" value="SUN_STANDARD"/>
    <property name="sun.boot.library.path" value="/usr/lib/jvm/temurin-8-jdk-amd64/jre/lib/amd64"/>
    <property name="sun.java.command" value="/home/runner/work/ozone/ozone/hadoop-ozone/integration-test/target/surefire/surefirebooter3123246266780761634.jar /home/runner/work/ozone/ozone/hadoop-ozone/integration-test/target/surefire 2023-08-23T22-01-49_631-jvmRun1 surefire7014984641151969481tmp surefire_93996566732183729546tmp"/>
    <property name="native.lib.tmp.dir" value="/tmp"/>
    <property name="surefire.test.class.path" value="/home/runner/work/ozone/ozone/hadoop-ozone/integration-test/target/test-classes:/home/runner/work/ozone/ozone/hadoop-ozone/integration-test/target/classes:/home/runner/.m2/repository/org/apache/ozone/ozone-common/1.4.0-SNAPSHOT/ozone-common-1.4.0-SNAPSHOT.jar:/home/runner/.m2/repository/io/grpc/grpc-netty/1.51.1/grpc-netty-1.51.1.jar:/home/runner/.m2/repository/io/grpc/grpc-core/1.51.1/grpc-core-1.51.1.jar:/home/runner/.m2/repository/com/google/android/annotations/4.1.1.4/annotations-4.1.1.4.jar:/home/runner/.m2/repository/org/codehaus/mojo/animal-sniffer-annotations/1.21/animal-sniffer-annotations-1.21.jar:/home/runner/.m2/repository/com/google/errorprone/error_prone_annotations/2.2.0/error_prone_annotations-2.2.0.jar:/home/runner/.m2/repository/io/perfmark/perfmark-api/0.25.0/perfmark-api-0.25.0.jar:/home/runner/.m2/repository/io/netty/netty-codec-http2/4.1.94.Final/netty-codec-http2-4.1.94.Final.jar:/home/runner/.m2/repository/io/netty/netty-common/4.1.94.Final/netty-common-4.1.94.Final.jar:/home/runner/.m2/repository/io/netty/netty-buffer/4.1.94.Final/netty-buffer-4.1.94.Final.jar:/home/runner/.m2/repository/io/netty/netty-codec-http/4.1.94.Final/netty-codec-http-4.1.94.Final.jar:/home/runner/.m2/repository/io/netty/netty-handler-proxy/4.1.94.Final/netty-handler-proxy-4.1.94.Final.jar:/home/runner/.m2/repository/io/netty/netty-codec-socks/4.1.94.Final/netty-codec-socks-4.1.94.Final.jar:/home/runner/.m2/repository/io/netty/netty-tcnative-boringssl-static/2.0.61.Final/netty-tcnative-boringssl-static-2.0.61.Final.jar:/home/runner/.m2/repository/io/netty/netty-tcnative-classes/2.0.61.Final/netty-tcnative-classes-2.0.61.Final.jar:/home/runner/.m2/repository/io/netty/netty-tcnative-boringssl-static/2.0.61.Final/netty-tcnative-boringssl-static-2.0.61.Final-linux-x86_64.jar:/home/runner/.m2/repository/io/netty/netty-tcnative-boringssl-static/2.0.61.Final/netty-tcnative-boringssl-static-2.0.61.Final-linux-aarch_64.jar:/home/runner/.m2/repository/io/netty/netty-tcnative-boringssl-static/2.0.61.Final/netty-tcnative-boringssl-static-2.0.61.Final-osx-x86_64.jar:/home/runner/.m2/repository/io/netty/netty-tcnative-boringssl-static/2.0.61.Final/netty-tcnative-boringssl-static-2.0.61.Final-osx-aarch_64.jar:/home/runner/.m2/repository/io/netty/netty-tcnative-boringssl-static/2.0.61.Final/netty-tcnative-boringssl-static-2.0.61.Final-windows-x86_64.jar:/home/runner/.m2/repository/org/apache/commons/commons-compress/1.21/commons-compress-1.21.jar:/home/runner/.m2/repository/org/apache/ozone/hdds-common/1.4.0-SNAPSHOT/hdds-common-1.4.0-SNAPSHOT.jar:/home/runner/.m2/repository/org/apache/ozone/hdds-client/1.4.0-SNAPSHOT/hdds-client-1.4.0-SNAPSHOT.jar:/home/runner/.m2/repository/org/apache/ozone/ozone-interface-client/1.4.0-SNAPSHOT/ozone-interface-client-1.4.0-SNAPSHOT.jar:/home/runner/.m2/repository/org/apache/hadoop/hadoop-hdfs-client/3.3.6/hadoop-hdfs-client-3.3.6.jar:/home/runner/.m2/repository/com/squareup/okhttp3/okhttp/4.9.3/okhttp-4.9.3.jar:/home/runner/.m2/repository/com/squareup/okio/okio/3.4.0/okio-3.4.0.jar:/home/runner/.m2/repository/com/squareup/okio/okio-jvm/3.4.0/okio-jvm-3.4.0.jar:/home/runner/.m2/repository/org/jetbrains/kotlin/kotlin-stdlib-jdk8/1.8.0/kotlin-stdlib-jdk8-1.8.0.jar:/home/runner/.m2/repository/org/jetbrains/kotlin/kotlin-stdlib-jdk7/1.8.0/kotlin-stdlib-jdk7-1.8.0.jar:/home/runner/.m2/repository/org/jetbrains/kotlin/kotlin-stdlib-common/1.6.21/kotlin-stdlib-common-1.6.21.jar:/home/runner/.m2/repository/org/apache/ozone/hdds-test-utils/1.4.0-SNAPSHOT/hdds-test-utils-1.4.0-SNAPSHOT.jar:/home/runner/.m2/repository/com/google/guava/guava/32.0.0-jre/guava-32.0.0-jre.jar:/home/runner/.m2/repository/com/google/guava/failureaccess/1.0.1/failureaccess-1.0.1.jar:/home/runner/.m2/repository/com/google/guava/listenablefuture/9999.0-empty-to-avoid-conflict-with-guava/listenablefuture-9999.0-empty-to-avoid-conflict-with-guava.jar:/home/runner/.m2/repository/com/google/code/findbugs/jsr305/3.0.0/jsr305-3.0.0.jar:/home/runner/.m2/repository/org/checkerframework/checker-qual/3.33.0/checker-qual-3.33.0.jar:/home/runner/.m2/repository/com/google/j2objc/j2objc-annotations/2.8/j2objc-annotations-2.8.jar:/home/runner/.m2/repository/commons-io/commons-io/2.11.0/commons-io-2.11.0.jar:/home/runner/.m2/repository/commons-logging/commons-logging/1.2/commons-logging-1.2.jar:/home/runner/.m2/repository/ch/qos/reload4j/reload4j/1.2.22/reload4j-1.2.22.jar:/home/runner/.m2/repository/org/slf4j/slf4j-api/1.7.36/slf4j-api-1.7.36.jar:/home/runner/.m2/repository/org/apache/logging/log4j/log4j-api/2.17.1/log4j-api-2.17.1.jar:/home/runner/.m2/repository/org/apache/ozone/hdds-server-scm/1.4.0-SNAPSHOT/hdds-server-scm-1.4.0-SNAPSHOT.jar:/home/runner/.m2/repository/org/apache/ozone/hdds-container-service/1.4.0-SNAPSHOT/hdds-container-service-1.4.0-SNAPSHOT.jar:/home/runner/.m2/repository/org/apache/ozone/hdds-hadoop-dependency-server/1.4.0-SNAPSHOT/hdds-hadoop-dependency-server-1.4.0-SNAPSHOT.jar:/home/runner/.m2/repository/org/apache/hadoop/hadoop-hdfs/3.3.6/hadoop-hdfs-3.3.6.jar:/home/runner/.m2/repository/commons-daemon/commons-daemon/1.0.13/commons-daemon-1.0.13.jar:/home/runner/.m2/repository/org/apache/ozone/hdds-server-framework/1.4.0-SNAPSHOT/hdds-server-framework-1.4.0-SNAPSHOT.jar:/home/runner/.m2/repository/io/dropwizard/metrics/metrics-core/3.2.4/metrics-core-3.2.4.jar:/home/runner/.m2/repository/org/apache/commons/commons-text/1.10.0/commons-text-1.10.0.jar:/home/runner/.m2/repository/org/bouncycastle/bcprov-jdk15on/1.67/bcprov-jdk15on-1.67.jar:/home/runner/.m2/repository/com/google/protobuf/protobuf-java/2.5.0/protobuf-java-2.5.0.jar:/home/runner/.m2/repository/org/apache/ozone/hdds-server-framework/1.4.0-SNAPSHOT/hdds-server-framework-1.4.0-SNAPSHOT-tests.jar:/home/runner/.m2/repository/org/apache/ozone/hdds-interface-server/1.4.0-SNAPSHOT/hdds-interface-server-1.4.0-SNAPSHOT.jar:/home/runner/.m2/repository/org/apache/ozone/hdds-interface-admin/1.4.0-SNAPSHOT/hdds-interface-admin-1.4.0-SNAPSHOT.jar:/home/runner/.m2/repository/org/apache/ozone/hdds-managed-rocksdb/1.4.0-SNAPSHOT/hdds-managed-rocksdb-1.4.0-SNAPSHOT.jar:/home/runner/.m2/repository/org/rocksdb/rocksdbjni/7.7.3/rocksdbjni-7.7.3.jar:/home/runner/.m2/repository/org/slf4j/slf4j-reload4j/1.7.36/slf4j-reload4j-1.7.36.jar:/home/runner/.m2/repository/org/apache/commons/commons-configuration2/2.1.1/commons-configuration2-2.1.1.jar:/home/runner/.m2/repository/commons-fileupload/commons-fileupload/1.5/commons-fileupload-1.5.jar:/home/runner/.m2/repository/org/apache/logging/log4j/log4j-core/2.17.1/log4j-core-2.17.1.jar:/home/runner/.m2/repository/com/lmax/disruptor/3.4.2/disruptor-3.4.2.jar:/home/runner/.m2/repository/org/eclipse/jetty/jetty-util/9.4.51.v20230217/jetty-util-9.4.51.v20230217.jar:/home/runner/.m2/repository/org/eclipse/jetty/jetty-server/9.4.51.v20230217/jetty-server-9.4.51.v20230217.jar:/home/runner/.m2/repository/org/eclipse/jetty/jetty-http/9.4.51.v20230217/jetty-http-9.4.51.v20230217.jar:/home/runner/.m2/repository/org/eclipse/jetty/jetty-io/9.4.51.v20230217/jetty-io-9.4.51.v20230217.jar:/home/runner/.m2/repository/org/eclipse/jetty/jetty-servlet/9.4.51.v20230217/jetty-servlet-9.4.51.v20230217.jar:/home/runner/.m2/repository/org/eclipse/jetty/jetty-security/9.4.51.v20230217/jetty-security-9.4.51.v20230217.jar:/home/runner/.m2/repository/org/eclipse/jetty/jetty-util-ajax/9.4.51.v20230217/jetty-util-ajax-9.4.51.v20230217.jar:/home/runner/.m2/repository/org/eclipse/jetty/jetty-webapp/9.4.51.v20230217/jetty-webapp-9.4.51.v20230217.jar:/home/runner/.m2/repository/org/eclipse/jetty/jetty-xml/9.4.51.v20230217/jetty-xml-9.4.51.v20230217.jar:/home/runner/.m2/repository/org/apache/ratis/ratis-server/2.5.1/ratis-server-2.5.1.jar:/home/runner/.m2/repository/org/apache/ratis/ratis-thirdparty-misc/1.0.4/ratis-thirdparty-misc-1.0.4.jar:/home/runner/.m2/repository/org/apache/ratis/ratis-proto/2.5.1/ratis-proto-2.5.1.jar:/home/runner/.m2/repository/org/apache/ratis/ratis-common/2.5.1/ratis-common-2.5.1.jar:/home/runner/.m2/repository/org/apache/ratis/ratis-client/2.5.1/ratis-client-2.5.1.jar:/home/runner/.m2/repository/org/apache/ratis/ratis-server-api/2.5.1/ratis-server-api-2.5.1.jar:/home/runner/.m2/repository/org/apache/ratis/ratis-metrics/2.5.1/ratis-metrics-2.5.1.jar:/home/runner/.m2/repository/io/prometheus/simpleclient_dropwizard/0.7.0/simpleclient_dropwizard-0.7.0.jar:/home/runner/.m2/repository/io/prometheus/simpleclient/0.7.0/simpleclient-0.7.0.jar:/home/runner/.m2/repository/io/prometheus/simpleclient_common/0.7.0/simpleclient_common-0.7.0.jar:/home/runner/.m2/repository/com/fasterxml/jackson/datatype/jackson-datatype-jsr310/2.13.4/jackson-datatype-jsr310-2.13.4.jar:/home/runner/.m2/repository/com/fasterxml/jackson/core/jackson-core/2.13.4/jackson-core-2.13.4.jar:/home/runner/.m2/repository/com/github/spotbugs/spotbugs-annotations/3.1.12/spotbugs-annotations-3.1.12.jar:/home/runner/.m2/repository/org/apache/ozone/rocksdb-checkpoint-differ/1.4.0-SNAPSHOT/rocksdb-checkpoint-differ-1.4.0-SNAPSHOT.jar:/home/runner/.m2/repository/org/jgrapht/jgrapht-core/1.0.1/jgrapht-core-1.0.1.jar:/home/runner/.m2/repository/org/jgrapht/jgrapht-ext/1.0.1/jgrapht-ext-1.0.1.jar:/home/runner/.m2/repository/org/tinyjee/jgraphx/jgraphx/2.0.0.1/jgraphx-2.0.0.1.jar:/home/runner/.m2/repository/jgraph/jgraph/5.13.0.0/jgraph-5.13.0.0.jar:/home/runner/.m2/repository/org/antlr/antlr4-runtime/4.5.3/antlr4-runtime-4.5.3.jar:/home/runner/.m2/repository/org/awaitility/awaitility/4.2.0/awaitility-4.2.0.jar:/home/runner/.m2/repository/org/hamcrest/hamcrest/2.1/hamcrest-2.1.jar:/home/runner/.m2/repository/org/apache/ozone/ozone-manager/1.4.0-SNAPSHOT/ozone-manager-1.4.0-SNAPSHOT.jar:/home/runner/.m2/repository/org/aspectj/aspectjrt/1.9.7/aspectjrt-1.9.7.jar:/home/runner/.m2/repository/org/aspectj/aspectjweaver/1.9.7/aspectjweaver-1.9.7.jar:/home/runner/.m2/repository/org/apache/ozone/hdds-interface-client/1.4.0-SNAPSHOT/hdds-interface-client-1.4.0-SNAPSHOT.jar:/home/runner/.m2/repository/org/apache/hadoop/thirdparty/hadoop-shaded-protobuf_3_7/1.1.1/hadoop-shaded-protobuf_3_7-1.1.1.jar:/home/runner/.m2/repository/org/apache/ozone/ozone-interface-storage/1.4.0-SNAPSHOT/ozone-interface-storage-1.4.0-SNAPSHOT.jar:/home/runner/.m2/repository/org/reflections/reflections/0.9.11/reflections-0.9.11.jar:/home/runner/.m2/repository/com/sun/jersey/jersey-client/1.19/jersey-client-1.19.jar:/home/runner/.m2/repository/org/codehaus/jackson/jackson-core-asl/1.9.13/jackson-core-asl-1.9.13.jar:/home/runner/.m2/repository/org/codehaus/jackson/jackson-mapper-asl/1.9.13/jackson-mapper-asl-1.9.13.jar:/home/runner/.m2/repository/org/codehaus/jackson/jackson-jaxrs/1.9.13/jackson-jaxrs-1.9.13.jar:/home/runner/.m2/repository/org/apache/ranger/ranger-intg/2.3.0/ranger-intg-2.3.0.jar:/home/runner/.m2/repository/org/apache/ranger/ranger-plugins-common/2.3.0/ranger-plugins-common-2.3.0.jar:/home/runner/.m2/repository/commons-lang/commons-lang/2.6/commons-lang-2.6.jar:/home/runner/.m2/repository/org/apache/ranger/ranger-plugins-cred/2.3.0/ranger-plugins-cred-2.3.0.jar:/home/runner/.m2/repository/org/apache/ranger/ranger-plugins-audit/2.3.0/ranger-plugins-audit-2.3.0.jar:/home/runner/.m2/repository/org/eclipse/jetty/jetty-client/9.4.51.v20230217/jetty-client-9.4.51.v20230217.jar:/home/runner/.m2/repository/org/apache/httpcomponents/httpmime/4.5.6/httpmime-4.5.6.jar:/home/runner/.m2/repository/org/apache/httpcomponents/httpcore-nio/4.4.13/httpcore-nio-4.4.13.jar:/home/runner/.m2/repository/org/apache/httpcomponents/httpasyncclient/4.1.3/httpasyncclient-4.1.3.jar:/home/runner/.m2/repository/com/carrotsearch/hppc/0.8.0/hppc-0.8.0.jar:/home/runner/.m2/repository/org/apache/orc/orc-core/1.5.8/orc-core-1.5.8.jar:/home/runner/.m2/repository/net/java/dev/jna/jna/5.2.0/jna-5.2.0.jar:/home/runner/.m2/repository/net/java/dev/jna/jna-platform/5.2.0/jna-platform-5.2.0.jar:/home/runner/.m2/repository/com/kstruct/gethostname4j/0.0.2/gethostname4j-0.0.2.jar:/home/runner/.m2/repository/org/apache/ranger/ranger-plugin-classloader/2.3.0/ranger-plugin-classloader-2.3.0.jar:/home/runner/.m2/repository/org/apache/ozone/hdds-rocks-native/1.4.0-SNAPSHOT/hdds-rocks-native-1.4.0-SNAPSHOT.jar:/home/runner/.m2/repository/org/apache/hadoop/hadoop-minikdc/3.3.6/hadoop-minikdc-3.3.6.jar:/home/runner/.m2/repository/org/apache/kerby/kerb-simplekdc/1.0.1/kerb-simplekdc-1.0.1.jar:/home/runner/.m2/repository/org/apache/kerby/kerb-client/1.0.1/kerb-client-1.0.1.jar:/home/runner/.m2/repository/org/apache/kerby/kerby-config/1.0.1/kerby-config-1.0.1.jar:/home/runner/.m2/repository/org/apache/kerby/kerb-common/1.0.1/kerb-common-1.0.1.jar:/home/runner/.m2/repository/org/apache/kerby/kerb-crypto/1.0.1/kerb-crypto-1.0.1.jar:/home/runner/.m2/repository/org/apache/kerby/kerb-util/1.0.1/kerb-util-1.0.1.jar:/home/runner/.m2/repository/org/apache/kerby/token-provider/1.0.1/token-provider-1.0.1.jar:/home/runner/.m2/repository/org/apache/kerby/kerb-admin/1.0.1/kerb-admin-1.0.1.jar:/home/runner/.m2/repository/org/apache/kerby/kerb-server/1.0.1/kerb-server-1.0.1.jar:/home/runner/.m2/repository/org/apache/kerby/kerb-identity/1.0.1/kerb-identity-1.0.1.jar:/home/runner/.m2/repository/org/apache/kerby/kerby-xdr/1.0.1/kerby-xdr-1.0.1.jar:/home/runner/.m2/repository/org/apache/ozone/ozone-s3gateway/1.4.0-SNAPSHOT/ozone-s3gateway-1.4.0-SNAPSHOT.jar:/home/runner/.m2/repository/org/javassist/javassist/3.21.0-GA/javassist-3.21.0-GA.jar:/home/runner/.m2/repository/org/jboss/weld/servlet/weld-servlet-shaded/3.1.9.Final/weld-servlet-shaded-3.1.9.Final.jar:/home/runner/.m2/repository/org/glassfish/jersey/containers/jersey-container-servlet-core/2.34/jersey-container-servlet-core-2.34.jar:/home/runner/.m2/repository/org/glassfish/hk2/external/jakarta.inject/2.6.1/jakarta.inject-2.6.1.jar:/home/runner/.m2/repository/org/glassfish/jersey/core/jersey-common/2.34/jersey-common-2.34.jar:/home/runner/.m2/repository/jakarta/ws/rs/jakarta.ws.rs-api/2.1.6/jakarta.ws.rs-api-2.1.6.jar:/home/runner/.m2/repository/org/glassfish/jersey/ext/cdi/jersey-cdi1x/2.34/jersey-cdi1x-2.34.jar:/home/runner/.m2/repository/org/glassfish/jersey/inject/jersey-hk2/2.34/jersey-hk2-2.34.jar:/home/runner/.m2/repository/org/glassfish/hk2/hk2-locator/2.6.1/hk2-locator-2.6.1.jar:/home/runner/.m2/repository/org/glassfish/jersey/media/jersey-media-jaxb/2.34/jersey-media-jaxb-2.34.jar:/home/runner/.m2/repository/org/glassfish/hk2/osgi-resource-locator/1.0.3/osgi-resource-locator-1.0.3.jar:/home/runner/.m2/repository/org/glassfish/hk2/hk2-api/2.5.0/hk2-api-2.5.0.jar:/home/runner/.m2/repository/org/glassfish/hk2/hk2-utils/2.5.0/hk2-utils-2.5.0.jar:/home/runner/.m2/repository/org/glassfish/hk2/external/aopalliance-repackaged/2.5.0/aopalliance-repackaged-2.5.0.jar:/home/runner/.m2/repository/com/fasterxml/jackson/dataformat/jackson-dataformat-xml/2.13.4/jackson-dataformat-xml-2.13.4.jar:/home/runner/.m2/repository/org/codehaus/woodstox/stax2-api/4.2.1/stax2-api-4.2.1.jar:/home/runner/.m2/repository/com/fasterxml/woodstox/woodstox-core/5.4.0/woodstox-core-5.4.0.jar:/home/runner/.m2/repository/com/fasterxml/jackson/module/jackson-module-jaxb-annotations/2.13.4/jackson-module-jaxb-annotations-2.13.4.jar:/home/runner/.m2/repository/jakarta/xml/bind/jakarta.xml.bind-api/2.3.3/jakarta.xml.bind-api-2.3.3.jar:/home/runner/.m2/repository/jakarta/activation/jakarta.activation-api/1.2.2/jakarta.activation-api-1.2.2.jar:/home/runner/.m2/repository/javax/enterprise/cdi-api/2.0/cdi-api-2.0.jar:/home/runner/.m2/repository/javax/el/javax.el-api/3.0.0/javax.el-api-3.0.0.jar:/home/runner/.m2/repository/javax/interceptor/javax.interceptor-api/1.2/javax.interceptor-api-1.2.jar:/home/runner/.m2/repository/javax/inject/javax.inject/1/javax.inject-1.jar:/home/runner/.m2/repository/javax/xml/bind/jaxb-api/2.3.0/jaxb-api-2.3.0.jar:/home/runner/.m2/repository/org/glassfish/jaxb/jaxb-runtime/2.3.0.1/jaxb-runtime-2.3.0.1.jar:/home/runner/.m2/repository/org/glassfish/jaxb/jaxb-core/2.3.0.1/jaxb-core-2.3.0.1.jar:/home/runner/.m2/repository/org/glassfish/jaxb/txw2/2.3.0.1/txw2-2.3.0.1.jar:/home/runner/.m2/repository/com/sun/istack/istack-commons-runtime/3.0.5/istack-commons-runtime-3.0.5.jar:/home/runner/.m2/repository/org/jvnet/staxex/stax-ex/1.7.8/stax-ex-1.7.8.jar:/home/runner/.m2/repository/com/sun/xml/fastinfoset/FastInfoset/1.2.13/FastInfoset-1.2.13.jar:/home/runner/.m2/repository/javax/activation/activation/1.1.1/activation-1.1.1.jar:/home/runner/.m2/repository/io/grpc/grpc-protobuf/1.51.1/grpc-protobuf-1.51.1.jar:/home/runner/.m2/repository/com/google/api/grpc/proto-google-common-protos/2.9.0/proto-google-common-protos-2.9.0.jar:/home/runner/.m2/repository/io/grpc/grpc-protobuf-lite/1.51.1/grpc-protobuf-lite-1.51.1.jar:/home/runner/.m2/repository/io/grpc/grpc-stub/1.51.1/grpc-stub-1.51.1.jar:/home/runner/.m2/repository/io/netty/netty-transport/4.1.94.Final/netty-transport-4.1.94.Final.jar:/home/runner/.m2/repository/io/netty/netty-resolver/4.1.94.Final/netty-resolver-4.1.94.Final.jar:/home/runner/.m2/repository/org/apache/ozone/ozone-csi/1.4.0-SNAPSHOT/ozone-csi-1.4.0-SNAPSHOT.jar:/home/runner/.m2/repository/com/google/protobuf/protobuf-java-util/3.19.6/protobuf-java-util-3.19.6.jar:/home/runner/.m2/repository/com/google/code/gson/gson/2.9.0/gson-2.9.0.jar:/home/runner/.m2/repository/org/apache/ozone/hdds-config/1.4.0-SNAPSHOT/hdds-config-1.4.0-SNAPSHOT.jar:/home/runner/.m2/repository/io/netty/netty-transport-native-epoll/4.1.94.Final/netty-transport-native-epoll-4.1.94.Final-linux-x86_64.jar:/home/runner/.m2/repository/io/netty/netty-transport-classes-epoll/4.1.94.Final/netty-transport-classes-epoll-4.1.94.Final.jar:/home/runner/.m2/repository/io/netty/netty-transport-native-unix-common/4.1.94.Final/netty-transport-native-unix-common-4.1.94.Final.jar:/home/runner/.m2/repository/org/apache/ozone/ozone-recon/1.4.0-SNAPSHOT/ozone-recon-1.4.0-SNAPSHOT.jar:/home/runner/.m2/repository/org/apache/ozone/ozone-reconcodegen/1.4.0-SNAPSHOT/ozone-reconcodegen-1.4.0-SNAPSHOT.jar:/home/runner/.m2/repository/com/google/inject/guice/5.1.0/guice-5.1.0.jar:/home/runner/.m2/repository/aopalliance/aopalliance/1.0/aopalliance-1.0.jar:/home/runner/.m2/repository/com/google/inject/extensions/guice-assistedinject/5.1.0/guice-assistedinject-5.1.0.jar:/home/runner/.m2/repository/com/google/inject/extensions/guice-servlet/5.1.0/guice-servlet-5.1.0.jar:/home/runner/.m2/repository/org/glassfish/jersey/containers/jersey-container-servlet/2.34/jersey-container-servlet-2.34.jar:/home/runner/.m2/repository/org/glassfish/hk2/guice-bridge/2.5.0/guice-bridge-2.5.0.jar:/home/runner/.m2/repository/org/glassfish/jersey/core/jersey-server/2.34/jersey-server-2.34.jar:/home/runner/.m2/repository/org/glassfish/jersey/core/jersey-client/2.34/jersey-client-2.34.jar:/home/runner/.m2/repository/jakarta/annotation/jakarta.annotation-api/1.3.5/jakarta.annotation-api-1.3.5.jar:/home/runner/.m2/repository/jakarta/validation/jakarta.validation-api/2.0.2/jakarta.validation-api-2.0.2.jar:/home/runner/.m2/repository/org/glassfish/jersey/media/jersey-media-json-jackson/2.34/jersey-media-json-jackson-2.34.jar:/home/runner/.m2/repository/org/glassfish/jersey/ext/jersey-entity-filtering/2.34/jersey-entity-filtering-2.34.jar:/home/runner/.m2/repository/org/jooq/jooq/3.11.10/jooq-3.11.10.jar:/home/runner/.m2/repository/org/jooq/jooq-meta/3.11.10/jooq-meta-3.11.10.jar:/home/runner/.m2/repository/org/jooq/jooq-codegen/3.11.10/jooq-codegen-3.11.10.jar:/home/runner/.m2/repository/com/jolbox/bonecp/0.8.0.RELEASE/bonecp-0.8.0.RELEASE.jar:/home/runner/.m2/repository/org/apache/derby/derby/10.14.2.0/derby-10.14.2.0.jar:/home/runner/.m2/repository/org/xerial/sqlite-jdbc/3.41.2.2/sqlite-jdbc-3.41.2.2.jar:/home/runner/.m2/repository/org/springframework/spring-jdbc/5.3.27/spring-jdbc-5.3.27.jar:/home/runner/.m2/repository/org/springframework/spring-beans/5.3.27/spring-beans-5.3.27.jar:/home/runner/.m2/repository/org/springframework/spring-core/5.3.27/spring-core-5.3.27.jar:/home/runner/.m2/repository/org/springframework/spring-tx/5.3.27/spring-tx-5.3.27.jar:/home/runner/.m2/repository/org/apache/ozone/ozone-client/1.4.0-SNAPSHOT/ozone-client-1.4.0-SNAPSHOT.jar:/home/runner/.m2/repository/org/apache/ozone/hdds-erasurecode/1.4.0-SNAPSHOT/hdds-erasurecode-1.4.0-SNAPSHOT.jar:/home/runner/.m2/repository/org/apache/ozone/ozone-filesystem/1.4.0-SNAPSHOT/ozone-filesystem-1.4.0-SNAPSHOT.jar:/home/runner/.m2/repository/org/apache/ozone/ozone-filesystem-common/1.4.0-SNAPSHOT/ozone-filesystem-common-1.4.0-SNAPSHOT.jar:/home/runner/.m2/repository/org/apache/ozone/ozone-tools/1.4.0-SNAPSHOT/ozone-tools-1.4.0-SNAPSHOT.jar:/home/runner/.m2/repository/com/amazonaws/aws-java-sdk-core/1.12.261/aws-java-sdk-core-1.12.261.jar:/home/runner/.m2/repository/org/apache/httpcomponents/httpclient/4.5.13/httpclient-4.5.13.jar:/home/runner/.m2/repository/org/apache/httpcomponents/httpcore/4.4.13/httpcore-4.4.13.jar:/home/runner/.m2/repository/software/amazon/ion/ion-java/1.0.2/ion-java-1.0.2.jar:/home/runner/.m2/repository/com/fasterxml/jackson/dataformat/jackson-dataformat-cbor/2.13.4/jackson-dataformat-cbor-2.13.4.jar:/home/runner/.m2/repository/joda-time/joda-time/2.10.6/joda-time-2.10.6.jar:/home/runner/.m2/repository/com/amazonaws/aws-java-sdk-s3/1.12.261/aws-java-sdk-s3-1.12.261.jar:/home/runner/.m2/repository/com/amazonaws/aws-java-sdk-kms/1.12.261/aws-java-sdk-kms-1.12.261.jar:/home/runner/.m2/repository/com/amazonaws/jmespath-java/1.12.261/jmespath-java-1.12.261.jar:/home/runner/.m2/repository/org/kohsuke/metainf-services/metainf-services/1.8/metainf-services-1.8.jar:/home/runner/.m2/repository/org/apache/ozone/hdds-tools/1.4.0-SNAPSHOT/hdds-tools-1.4.0-SNAPSHOT.jar:/home/runner/.m2/repository/org/apache/ratis/ratis-tools/2.5.1/ratis-tools-2.5.1.jar:/home/runner/.m2/repository/commons-cli/commons-cli/1.2/commons-cli-1.2.jar:/home/runner/.m2/repository/org/apache/commons/commons-lang3/3.7/commons-lang3-3.7.jar:/home/runner/.m2/repository/org/apache/ozone/ozone-manager/1.4.0-SNAPSHOT/ozone-manager-1.4.0-SNAPSHOT-tests.jar:/home/runner/.m2/repository/org/apache/ozone/hdds-common/1.4.0-SNAPSHOT/hdds-common-1.4.0-SNAPSHOT-tests.jar:/home/runner/.m2/repository/org/apache/ozone/hdds-hadoop-dependency-client/1.4.0-SNAPSHOT/hdds-hadoop-dependency-client-1.4.0-SNAPSHOT.jar:/home/runner/.m2/repository/info/picocli/picocli/4.6.1/picocli-4.6.1.jar:/home/runner/.m2/repository/com/fasterxml/jackson/core/jackson-annotations/2.13.4/jackson-annotations-2.13.4.jar:/home/runner/.m2/repository/org/apache/ozone/hdds-annotation-processing/1.4.0-SNAPSHOT/hdds-annotation-processing-1.4.0-SNAPSHOT.jar:/home/runner/.m2/repository/javax/annotation/javax.annotation-api/1.2/javax.annotation-api-1.2.jar:/home/runner/.m2/repository/org/apache/ratis/ratis-netty/2.5.1/ratis-netty-2.5.1.jar:/home/runner/.m2/repository/org/apache/ratis/ratis-grpc/2.5.1/ratis-grpc-2.5.1.jar:/home/runner/.m2/repository/org/apache/commons/commons-pool2/2.6.0/commons-pool2-2.6.0.jar:/home/runner/.m2/repository/org/bouncycastle/bcpkix-jdk15on/1.67/bcpkix-jdk15on-1.67.jar:/home/runner/.m2/repository/commons-validator/commons-validator/1.6/commons-validator-1.6.jar:/home/runner/.m2/repository/commons-beanutils/commons-beanutils/1.9.4/commons-beanutils-1.9.4.jar:/home/runner/.m2/repository/commons-digester/commons-digester/1.8.1/commons-digester-1.8.1.jar:/home/runner/.m2/repository/commons-collections/commons-collections/3.2.2/commons-collections-3.2.2.jar:/home/runner/.m2/repository/io/jaegertracing/jaeger-client/1.6.0/jaeger-client-1.6.0.jar:/home/runner/.m2/repository/io/jaegertracing/jaeger-thrift/1.6.0/jaeger-thrift-1.6.0.jar:/home/runner/.m2/repository/org/apache/thrift/libthrift/0.14.1/libthrift-0.14.1.jar:/home/runner/.m2/repository/io/jaegertracing/jaeger-core/1.6.0/jaeger-core-1.6.0.jar:/home/runner/.m2/repository/io/jaegertracing/jaeger-tracerresolver/1.6.0/jaeger-tracerresolver-1.6.0.jar:/home/runner/.m2/repository/io/opentracing/contrib/opentracing-tracerresolver/0.1.8/opentracing-tracerresolver-0.1.8.jar:/home/runner/.m2/repository/org/jetbrains/kotlin/kotlin-stdlib/1.6.21/kotlin-stdlib-1.6.21.jar:/home/runner/.m2/repository/org/jetbrains/annotations/13.0/annotations-13.0.jar:/home/runner/.m2/repository/io/opentracing/opentracing-util/0.33.0/opentracing-util-0.33.0.jar:/home/runner/.m2/repository/io/opentracing/opentracing-api/0.33.0/opentracing-api-0.33.0.jar:/home/runner/.m2/repository/io/opentracing/opentracing-noop/0.33.0/opentracing-noop-0.33.0.jar:/home/runner/.m2/repository/org/yaml/snakeyaml/2.0/snakeyaml-2.0.jar:/home/runner/.m2/repository/io/grpc/grpc-api/1.51.1/grpc-api-1.51.1.jar:/home/runner/.m2/repository/io/grpc/grpc-context/1.51.1/grpc-context-1.51.1.jar:/home/runner/.m2/repository/junit/junit/4.13.1/junit-4.13.1.jar:/home/runner/.m2/repository/org/hamcrest/hamcrest-core/1.3/hamcrest-core-1.3.jar:/home/runner/.m2/repository/org/junit/jupiter/junit-jupiter-api/5.8.2/junit-jupiter-api-5.8.2.jar:/home/runner/.m2/repository/org/opentest4j/opentest4j/1.2.0/opentest4j-1.2.0.jar:/home/runner/.m2/repository/org/junit/platform/junit-platform-commons/1.8.2/junit-platform-commons-1.8.2.jar:/home/runner/.m2/repository/org/apiguardian/apiguardian-api/1.1.2/apiguardian-api-1.1.2.jar:/home/runner/.m2/repository/org/junit/jupiter/junit-jupiter-params/5.8.2/junit-jupiter-params-5.8.2.jar:/home/runner/.m2/repository/org/junit/jupiter/junit-jupiter-migrationsupport/5.8.2/junit-jupiter-migrationsupport-5.8.2.jar:/home/runner/.m2/repository/org/junit/jupiter/junit-jupiter-engine/5.8.2/junit-jupiter-engine-5.8.2.jar:/home/runner/.m2/repository/org/junit/platform/junit-platform-engine/1.8.2/junit-platform-engine-1.8.2.jar:/home/runner/.m2/repository/org/junit/vintage/junit-vintage-engine/5.8.2/junit-vintage-engine-5.8.2.jar:/home/runner/.m2/repository/org/junit/platform/junit-platform-launcher/1.8.2/junit-platform-launcher-1.8.2.jar:/home/runner/.m2/repository/org/mockito/mockito-core/3.5.9/mockito-core-3.5.9.jar:/home/runner/.m2/repository/net/bytebuddy/byte-buddy/1.10.13/byte-buddy-1.10.13.jar:/home/runner/.m2/repository/net/bytebuddy/byte-buddy-agent/1.10.13/byte-buddy-agent-1.10.13.jar:/home/runner/.m2/repository/org/objenesis/objenesis/1.0/objenesis-1.0.jar:/home/runner/.m2/repository/org/apache/hadoop/hadoop-kms/3.3.6/hadoop-kms-3.3.6.jar:/home/runner/.m2/repository/org/apache/hadoop/hadoop-auth/3.3.6/hadoop-auth-3.3.6.jar:/home/runner/.m2/repository/com/nimbusds/nimbus-jose-jwt/9.8.1/nimbus-jose-jwt-9.8.1.jar:/home/runner/.m2/repository/com/github/stephenc/jcip/jcip-annotations/1.0-1/jcip-annotations-1.0-1.jar:/home/runner/.m2/repository/org/apache/zookeeper/zookeeper/3.5.6/zookeeper-3.5.6.jar:/home/runner/.m2/repository/org/apache/zookeeper/zookeeper-jute/3.5.6/zookeeper-jute-3.5.6.jar:/home/runner/.m2/repository/org/apache/yetus/audience-annotations/0.5.0/audience-annotations-0.5.0.jar:/home/runner/.m2/repository/org/apache/curator/curator-framework/4.2.0/curator-framework-4.2.0.jar:/home/runner/.m2/repository/org/apache/hadoop/thirdparty/hadoop-shaded-guava/1.1.1/hadoop-shaded-guava-1.1.1.jar:/home/runner/.m2/repository/com/sun/jersey/jersey-core/1.19/jersey-core-1.19.jar:/home/runner/.m2/repository/javax/ws/rs/jsr311-api/1.1.1/jsr311-api-1.1.1.jar:/home/runner/.m2/repository/com/sun/jersey/jersey-server/1.19/jersey-server-1.19.jar:/home/runner/.m2/repository/javax/servlet/javax.servlet-api/3.1.0/javax.servlet-api-3.1.0.jar:/home/runner/.m2/repository/org/apache/hadoop/hadoop-common/3.3.6/hadoop-common-3.3.6.jar:/home/runner/.m2/repository/org/apache/commons/commons-math3/3.1.1/commons-math3-3.1.1.jar:/home/runner/.m2/repository/commons-net/commons-net/3.9.0/commons-net-3.9.0.jar:/home/runner/.m2/repository/com/sun/jersey/jersey-servlet/1.19/jersey-servlet-1.19.jar:/home/runner/.m2/repository/com/github/pjfanning/jersey-json/1.20/jersey-json-1.20.jar:/home/runner/.m2/repository/org/codehaus/jettison/jettison/1.1/jettison-1.1.jar:/home/runner/.m2/repository/com/sun/xml/bind/jaxb-impl/2.2.3-1/jaxb-impl-2.2.3-1.jar:/home/runner/.m2/repository/com/google/re2j/re2j/1.1/re2j-1.1.jar:/home/runner/.m2/repository/com/jcraft/jsch/0.1.54/jsch-0.1.54.jar:/home/runner/.m2/repository/org/apache/curator/curator-client/4.2.0/curator-client-4.2.0.jar:/home/runner/.m2/repository/org/apache/curator/curator-recipes/5.2.0/curator-recipes-5.2.0.jar:/home/runner/.m2/repository/org/apache/kerby/kerb-core/1.0.1/kerb-core-1.0.1.jar:/home/runner/.m2/repository/org/apache/kerby/kerby-pkix/1.0.1/kerby-pkix-1.0.1.jar:/home/runner/.m2/repository/org/apache/kerby/kerby-asn1/1.0.1/kerby-asn1-1.0.1.jar:/home/runner/.m2/repository/org/apache/kerby/kerby-util/1.0.1/kerby-util-1.0.1.jar:/home/runner/.m2/repository/dnsjava/dnsjava/2.1.7/dnsjava-2.1.7.jar:/home/runner/.m2/repository/org/xerial/snappy/snappy-java/1.1.8.2/snappy-java-1.1.8.2.jar:/home/runner/.m2/repository/com/fasterxml/jackson/core/jackson-databind/2.13.4.2/jackson-databind-2.13.4.2.jar:/home/runner/.m2/repository/org/apache/hadoop/hadoop-kms/3.3.6/hadoop-kms-3.3.6-tests.jar:/home/runner/.m2/repository/org/apache/ozone/hdds-server-scm/1.4.0-SNAPSHOT/hdds-server-scm-1.4.0-SNAPSHOT-tests.jar:/home/runner/.m2/repository/org/apache/ozone/hdds-container-service/1.4.0-SNAPSHOT/hdds-container-service-1.4.0-SNAPSHOT-tests.jar:/home/runner/.m2/repository/com/github/luben/zstd-jni/1.5.2-5/zstd-jni-1.5.2-5.jar:/home/runner/.m2/repository/commons-codec/commons-codec/1.15/commons-codec-1.15.jar:/home/runner/.m2/repository/io/netty/netty-codec/4.1.94.Final/netty-codec-4.1.94.Final.jar:/home/runner/.m2/repository/io/netty/netty-handler/4.1.94.Final/netty-handler-4.1.94.Final.jar:/home/runner/.m2/repository/org/apache/ozone/hdds-hadoop-dependency-test/1.4.0-SNAPSHOT/hdds-hadoop-dependency-test-1.4.0-SNAPSHOT.jar:/home/runner/.m2/repository/org/apache/hadoop/hadoop-common/3.3.6/hadoop-common-3.3.6-tests.jar:/home/runner/.m2/repository/org/apache/hadoop/hadoop-hdfs/3.3.6/hadoop-hdfs-3.3.6-tests.jar:/home/runner/.m2/repository/org/assertj/assertj-core/3.12.2/assertj-core-3.12.2.jar:/home/runner/.m2/repository/org/apache/hadoop/hadoop-distcp/3.3.6/hadoop-distcp-3.3.6.jar:/home/runner/.m2/repository/org/apache/hadoop/hadoop-mapreduce-client-jobclient/3.3.6/hadoop-mapreduce-client-jobclient-3.3.6.jar:/home/runner/.m2/repository/org/apache/hadoop/hadoop-mapreduce-client-common/3.3.6/hadoop-mapreduce-client-common-3.3.6.jar:/home/runner/.m2/repository/org/apache/hadoop/hadoop-yarn-common/3.3.6/hadoop-yarn-common-3.3.6.jar:/home/runner/.m2/repository/org/apache/hadoop/hadoop-yarn-api/3.3.6/hadoop-yarn-api-3.3.6.jar:/home/runner/.m2/repository/com/sun/jersey/contribs/jersey-guice/1.19/jersey-guice-1.19.jar:/home/runner/.m2/repository/com/fasterxml/jackson/jaxrs/jackson-jaxrs-json-provider/2.13.4/jackson-jaxrs-json-provider-2.13.4.jar:/home/runner/.m2/repository/com/fasterxml/jackson/jaxrs/jackson-jaxrs-base/2.13.4/jackson-jaxrs-base-2.13.4.jar:/home/runner/.m2/repository/org/apache/hadoop/hadoop-yarn-client/3.3.6/hadoop-yarn-client-3.3.6.jar:/home/runner/.m2/repository/org/eclipse/jetty/websocket/websocket-client/9.4.51.v20230217/websocket-client-9.4.51.v20230217.jar:/home/runner/.m2/repository/org/eclipse/jetty/websocket/websocket-common/9.4.51.v20230217/websocket-common-9.4.51.v20230217.jar:/home/runner/.m2/repository/org/eclipse/jetty/websocket/websocket-api/9.4.51.v20230217/websocket-api-9.4.51.v20230217.jar:/home/runner/.m2/repository/org/jline/jline/3.9.0/jline-3.9.0.jar:/home/runner/.m2/repository/org/apache/hadoop/hadoop-mapreduce-client-core/3.3.6/hadoop-mapreduce-client-core-3.3.6.jar:/home/runner/.m2/repository/org/apache/avro/avro/1.7.7/avro-1.7.7.jar:/home/runner/.m2/repository/com/thoughtworks/paranamer/paranamer/2.3/paranamer-2.3.jar:/home/runner/.m2/repository/org/apache/hadoop/hadoop-annotations/3.3.6/hadoop-annotations-3.3.6.jar:/usr/lib/jvm/temurin-8-jdk-amd64/jre/../lib/tools.jar:/home/runner/.m2/repository/io/netty/netty/3.10.6.Final/netty-3.10.6.Final.jar:/home/runner/.m2/repository/org/apache/hadoop/hadoop-distcp/3.3.6/hadoop-distcp-3.3.6-tests.jar:/home/runner/.m2/repository/org/slf4j/jul-to-slf4j/1.7.36/jul-to-slf4j-1.7.36.jar:"/>
    <property name="sun.cpu.endian" value="little"/>
    <property name="user.home" value="/home/runner"/>
    <property name="user.language" value="en"/>
    <property name="java.specification.vendor" value="Oracle Corporation"/>
    <property name="java.home" value="/usr/lib/jvm/temurin-8-jdk-amd64/jre"/>
    <property name="java.security.krb5.conf" value="/home/runner/work/ozone/ozone/hadoop-ozone/integration-test/target/test-dir/TestSecureOzoneCluster/1692828673120/krb5.conf"/>
    <property name="file.separator" value="/"/>
    <property name="basedir" value="/home/runner/work/ozone/ozone/hadoop-ozone/integration-test"/>
    <property name="line.separator" value="&#10;"/>
    <property name="java.vm.specification.vendor" value="Oracle Corporation"/>
    <property name="java.specification.name" value="Java Platform API Specification"/>
    <property name="skip.installnpx" value="true"/>
    <property name="java.awt.graphicsenv" value="sun.awt.X11GraphicsEnvironment"/>
    <property name="surefire.real.class.path" value="/home/runner/work/ozone/ozone/hadoop-ozone/integration-test/target/surefire/surefirebooter3123246266780761634.jar:/home/runner/.m2/repository/org/jacoco/org.jacoco.agent/0.8.5/org.jacoco.agent-0.8.5-runtime.jar"/>
    <property name="sun.boot.class.path" value="/usr/lib/jvm/temurin-8-jdk-amd64/jre/lib/resources.jar:/usr/lib/jvm/temurin-8-jdk-amd64/jre/lib/rt.jar:/usr/lib/jvm/temurin-8-jdk-amd64/jre/lib/sunrsasign.jar:/usr/lib/jvm/temurin-8-jdk-amd64/jre/lib/jsse.jar:/usr/lib/jvm/temurin-8-jdk-amd64/jre/lib/jce.jar:/usr/lib/jvm/temurin-8-jdk-amd64/jre/lib/charsets.jar:/usr/lib/jvm/temurin-8-jdk-amd64/jre/lib/jfr.jar:/usr/lib/jvm/temurin-8-jdk-amd64/jre/classes"/>
    <property name="hadoop.log.dir" value="/home/runner/work/ozone/ozone/hadoop-ozone/integration-test/target/log"/>
    <property name="sun.management.compiler" value="HotSpot 64-Bit Tiered Compilers"/>
    <property name="java.runtime.version" value="1.8.0_382-b05"/>
    <property name="skip.npx" value="true"/>
    <property name="user.name" value="runner"/>
    <property name="java.net.preferIPv4Stack" value="true"/>
    <property name="path.separator" value=":"/>
    <property name="java.security.egd" value="file:///dev/urandom"/>
    <property name="os.version" value="5.15.0-1042-azure"/>
    <property name="java.endorsed.dirs" value="/usr/lib/jvm/temurin-8-jdk-amd64/jre/lib/endorsed"/>
    <property name="java.runtime.name" value="OpenJDK Runtime Environment"/>
    <property name="file.encoding" value="UTF-8"/>
    <property name="java.vm.name" value="OpenJDK 64-Bit Server VM"/>
    <property name="test.build.webapps" value=""/>
    <property name="localRepository" value="/home/runner/.m2/repository"/>
    <property name="jetty.git.hash" value="b45c405e4544384de066f814ed42ae3dceacdd49"/>
    <property name="java.vendor.url.bug" value="https://github.com/adoptium/adoptium-support/issues"/>
    <property name="require.test.libhadoop" value=""/>
    <property name="java.io.tmpdir" value="/tmp"/>
    <property name="java.version" value="1.8.0_382"/>
    <property name="user.dir" value="/home/runner/work/ozone/ozone/hadoop-ozone/integration-test"/>
    <property name="os.arch" value="amd64"/>
    <property name="test.build.classes" value="/home/runner/work/ozone/ozone/hadoop-ozone/integration-test/target/test-classes"/>
    <property name="java.vm.specification.name" value="Java Virtual Machine Specification"/>
    <property name="java.awt.printerjob" value="sun.print.PSPrinterJob"/>
    <property name="sun.os.patch.level" value="unknown"/>
    <property name="org.apache.ratis.thirdparty.io.netty.allocator.useCacheForAllThreads" value="false"/>
    <property name="hadoop.tmp.dir" value="/home/runner/work/ozone/ozone/hadoop-ozone/integration-test/target/tmp"/>
    <property name="java.library.path" value="/usr/java/packages/lib/amd64:/usr/lib64:/lib64:/lib:/usr/lib"/>
    <property name="java.vendor" value="Temurin"/>
    <property name="java.vm.info" value="mixed mode"/>
    <property name="java.vm.version" value="25.382-b05"/>
    <property name="java.specification.maintenance.version" value="5"/>
    <property name="sun.io.unicode.encoding" value="UnicodeLittle"/>
    <property name="java.ext.dirs" value="/usr/lib/jvm/temurin-8-jdk-amd64/jre/lib/ext:/usr/java/packages/lib/ext"/>
    <property name="java.class.version" value="52.0"/>
  </properties>
  <testcase name="testSCMSecurityProtocol" classname="org.apache.hadoop.ozone.TestSecureOzoneCluster" time="8.336">
    <system-out><![CDATA[2023-08-23 22:08:57,020 [Time-limited test] INFO  net.ServerSocketUtil (ServerSocketUtil.java:getPort(55)) - Using port 9860
2023-08-23 22:08:57,021 [Time-limited test] INFO  net.ServerSocketUtil (ServerSocketUtil.java:getPort(55)) - Using port 9861
2023-08-23 22:08:57,021 [Time-limited test] INFO  net.ServerSocketUtil (ServerSocketUtil.java:getPort(55)) - Using port 9863
2023-08-23 22:08:57,021 [Time-limited test] INFO  net.ServerSocketUtil (ServerSocketUtil.java:getPort(55)) - Using port 9961
2023-08-23 22:08:57,021 [Time-limited test] INFO  net.ServerSocketUtil (ServerSocketUtil.java:getPort(55)) - Using port 1200
2023-08-23 22:08:57,022 [Time-limited test] INFO  net.ServerSocketUtil (ServerSocketUtil.java:getPort(55)) - Using port 1201
2023-08-23 22:08:57,029 [Time-limited test] INFO  minikdc.MiniKdc (MiniKdc.java:<init>(225)) - Configuration:
2023-08-23 22:08:57,029 [Time-limited test] INFO  minikdc.MiniKdc (MiniKdc.java:<init>(226)) - ---------------------------------------------------------------
2023-08-23 22:08:57,030 [Time-limited test] INFO  minikdc.MiniKdc (MiniKdc.java:<init>(228)) -   debug: false
2023-08-23 22:08:57,030 [Time-limited test] INFO  minikdc.MiniKdc (MiniKdc.java:<init>(228)) -   transport: TCP
2023-08-23 22:08:57,030 [Time-limited test] INFO  minikdc.MiniKdc (MiniKdc.java:<init>(228)) -   max.ticket.lifetime: 86400000
2023-08-23 22:08:57,030 [Time-limited test] INFO  minikdc.MiniKdc (MiniKdc.java:<init>(228)) -   org.name: EXAMPLE
2023-08-23 22:08:57,030 [Time-limited test] INFO  minikdc.MiniKdc (MiniKdc.java:<init>(228)) -   kdc.port: 0
2023-08-23 22:08:57,030 [Time-limited test] INFO  minikdc.MiniKdc (MiniKdc.java:<init>(228)) -   org.domain: COM
2023-08-23 22:08:57,030 [Time-limited test] INFO  minikdc.MiniKdc (MiniKdc.java:<init>(228)) -   max.renewable.lifetime: 604800000
2023-08-23 22:08:57,031 [Time-limited test] INFO  minikdc.MiniKdc (MiniKdc.java:<init>(228)) -   instance: DefaultKrbServer
2023-08-23 22:08:57,031 [Time-limited test] INFO  minikdc.MiniKdc (MiniKdc.java:<init>(228)) -   kdc.bind.address: localhost
2023-08-23 22:08:57,031 [Time-limited test] INFO  minikdc.MiniKdc (MiniKdc.java:<init>(230)) - ---------------------------------------------------------------
2023-08-23 22:08:57,123 [Time-limited test] INFO  minikdc.MiniKdc (MiniKdc.java:start(285)) - MiniKdc started.
2023-08-23 22:08:58,104 [Time-limited test] INFO  audit.AuditLogger (AuditLogger.java:refreshDebugCmdSet(126)) - Refresh DebugCmdSet for OMAudit to [].
2023-08-23 22:08:58,435 [Time-limited test] INFO  om.OzoneManager (OzoneManager.java:getOmDetailsProto(4552)) - OzoneManager ports added:[name: "RPC"
value: 1202
]
2023-08-23 22:08:58,444 [Time-limited test] WARN  server.ServerUtils (ServerUtils.java:getScmDbDir(155)) - ozone.scm.db.dirs is not configured. We recommend adding this setting. Falling back to ozone.metadata.dirs instead.
2023-08-23 22:08:58,631 [Time-limited test] INFO  reflections.Reflections (Reflections.java:scan(232)) - Reflections took 158 ms to scan 7 urls, producing 161 keys and 379 values 
2023-08-23 22:08:58,716 [Time-limited test] INFO  ha.HASecurityUtils (HASecurityUtils.java:initializeSecurity(98)) - Initializing secure StorageContainerManager.
2023-08-23 22:08:58,839 [Time-limited test] INFO  client.SCMCertificateClient (DefaultCertificateClient.java:updateCertSerialId(1244)) - Certificate serial ID set to null
2023-08-23 22:08:58,841 [Time-limited test] ERROR client.SCMCertificateClient (DefaultCertificateClient.java:getCertPath(362)) - Default certificate serial id is not set. Can't locate the default certificate for this client.
2023-08-23 22:08:58,841 [Time-limited test] INFO  client.SCMCertificateClient (DefaultCertificateClient.java:init(715)) - Certificate client init case: 0
2023-08-23 22:08:58,842 [Time-limited test] INFO  client.SCMCertificateClient (SCMCertificateClient.java:handleCase(103)) - Creating keypair for client as keypair and certificate not found.
2023-08-23 22:08:59,159 [Time-limited test] INFO  ha.HASecurityUtils (HASecurityUtils.java:initializeSecurity(108)) - Init response: GETCERT
2023-08-23 22:08:59,385 [Time-limited test] INFO  ozone.OzoneSecurityUtil (OzoneSecurityUtil.java:getValidInetsForCurrentHost(119)) - ip:fe80:0:0:0:20d:3aff:fed9:fc2e%eth0 not returned.
2023-08-23 22:08:59,385 [Time-limited test] INFO  ozone.OzoneSecurityUtil (OzoneSecurityUtil.java:getValidInetsForCurrentHost(116)) - Adding ip:10.1.0.14,host:fv-az621-511.fpnbra3ad0zu1hpqauu4rsdf4e.cx.internal.cloudapp.net
2023-08-23 22:08:59,386 [Time-limited test] INFO  ozone.OzoneSecurityUtil (OzoneSecurityUtil.java:getValidInetsForCurrentHost(119)) - ip:0:0:0:0:0:0:0:1%lo not returned.
2023-08-23 22:08:59,387 [Time-limited test] INFO  ozone.OzoneSecurityUtil (OzoneSecurityUtil.java:getValidInetsForCurrentHost(119)) - ip:127.0.0.1 not returned.
2023-08-23 22:08:59,445 [Time-limited test] INFO  utils.SelfSignedCertificate (SelfSignedCertificate.java:generateCertificate(157)) - Certificate 1 is issued by CN=scm-1@fv-az621-511,OU=6c0fd516-4577-4707-aa2a-e569212b7d82,O=af1a8f6a-9fec-4ba2-beec-4d5c716fbac4 to CN=scm-1@fv-az621-511,OU=6c0fd516-4577-4707-aa2a-e569212b7d82,O=af1a8f6a-9fec-4ba2-beec-4d5c716fbac4, valid from Wed Aug 23 22:08:59 UTC 2023 to Sat Sep 30 22:08:59 UTC 2028
2023-08-23 22:08:59,457 [Time-limited test] INFO  utils.CertificateCodec (CertificateCodec.java:writeCertificate(299)) - Save certificate to /tmp/junit4894093676140246535/junit6999269757332295783/scm-meta/scm/ca/certs/certificate.crt
2023-08-23 22:08:59,457 [Time-limited test] INFO  utils.CertificateCodec (CertificateCodec.java:writeCertificate(300)) - Certificate -----BEGIN CERTIFICATE-----
MIID5zCCAs+gAwIBAgIBATANBgkqhkiG9w0BAQsFADB7MRswGQYDVQQDDBJzY20t
MUBmdi1hejYyMS01MTExLTArBgNVBAsMJDZjMGZkNTE2LTQ1NzctNDcwNy1hYTJh
LWU1NjkyMTJiN2Q4MjEtMCsGA1UECgwkYWYxYThmNmEtOWZlYy00YmEyLWJlZWMt
NGQ1YzcxNmZiYWM0MB4XDTIzMDgyMzIyMDg1OVoXDTI4MDkzMDIyMDg1OVowezEb
MBkGA1UEAwwSc2NtLTFAZnYtYXo2MjEtNTExMS0wKwYDVQQLDCQ2YzBmZDUxNi00
NTc3LTQ3MDctYWEyYS1lNTY5MjEyYjdkODIxLTArBgNVBAoMJGFmMWE4ZjZhLTlm
ZWMtNGJhMi1iZWVjLTRkNWM3MTZmYmFjNDCCASIwDQYJKoZIhvcNAQEBBQADggEP
ADCCAQoCggEBAPF7j2yPtw9rr7GIUoO3ZGjZUr52aT3VKqkBMt2FX8s6IzKHQtOL
KgeygEkqJa7uMoZYRNsf0X1rR7gomgorNxiK580tK/mx8BshSlvXJNnXafWteeJO
f/PHSqbp6wH2AVzZT4hsPJOz+QrIAzAYA+yqAGrLe21G+e/EKH9fMzYU5TJtGBBZ
JNsih2Oe7vIQaKYY+zfjE9sMzrqJXiuSR6yBhOSfSCs9fR0udjDJIV0mSOZ/npPt
bfWMtMZ8Kli1eYuEaoUBzwp8xJ2ZO5ENysozY+pF0nqJyav+C/Fq1L6uU56Jnyjm
21/yz3nAN46lXeJItBIUK3YlUYFd2LkEs/UCAwEAAaN2MHQwDwYDVR0TAQH/BAUw
AwEB/zAOBgNVHQ8BAf8EBAMCAQYwUQYDVR0RBEowSIcECgEADoJAZnYtYXo2MjEt
NTExLmZwbmJyYTNhZDB6dTFocHFhdXU0cnNkZjRlLmN4LmludGVybmFsLmNsb3Vk
YXBwLm5ldDANBgkqhkiG9w0BAQsFAAOCAQEAc9x99V0ozKaSrDxxA8p8lnVKuAtU
yGthib81teD7fUj6VtpmeK1swV/w8CzAQKI0V50H0QBcNIUqkzDM65WIFW7NhkhG
gbZ4xF6oSfOQTk1j5otMSIS3uuUXfhnfM2tDr6Cwvzn9YRcgTg0eVn5ranw0gxnN
ssESwISPVbF5oTOcY+i0jgN+fgnmJz526oBtehYCUI2W2L3arP/2DiNy1PXRqMQT
sG1LuFhLLNwZpu94JIwhkL5/Jy8TUakQMtCtnvSO6M1jEeZ/qF966qewJ0AhNYIj
fhgsKrQ6EtkNN2zGaP+esrLUVrOv7JaP+6keHsXqFMbPGQkmHWoVp7flPg==
-----END CERTIFICATE-----

2023-08-23 22:08:59,540 [Time-limited test] INFO  client.SCMCertificateClient (SCMCertificateClient.java:getCSRBuilder(165)) - Creating csr for SCM->hostName:fv-az621-511,scmId:6c0fd516-4577-4707-aa2a-e569212b7d82,clusterId:af1a8f6a-9fec-4ba2-beec-4d5c716fbac4,subject:scm-sub-1410708683725@fv-az621-511
2023-08-23 22:08:59,540 [Time-limited test] INFO  ozone.OzoneSecurityUtil (OzoneSecurityUtil.java:getValidInetsForCurrentHost(119)) - ip:fe80:0:0:0:20d:3aff:fed9:fc2e%eth0 not returned.
2023-08-23 22:08:59,541 [Time-limited test] INFO  ozone.OzoneSecurityUtil (OzoneSecurityUtil.java:getValidInetsForCurrentHost(116)) - Adding ip:10.1.0.14,host:fv-az621-511.fpnbra3ad0zu1hpqauu4rsdf4e.cx.internal.cloudapp.net
2023-08-23 22:08:59,541 [Time-limited test] INFO  ozone.OzoneSecurityUtil (OzoneSecurityUtil.java:getValidInetsForCurrentHost(119)) - ip:0:0:0:0:0:0:0:1%lo not returned.
2023-08-23 22:08:59,541 [Time-limited test] INFO  ozone.OzoneSecurityUtil (OzoneSecurityUtil.java:getValidInetsForCurrentHost(119)) - ip:127.0.0.1 not returned.
2023-08-23 22:08:59,542 [Time-limited test] INFO  ha.HASecurityUtils (HASecurityUtils.java:generateCSR(308)) - Creating csr for SCM->hostName:fv-az621-511,scmId:6c0fd516-4577-4707-aa2a-e569212b7d82,clusterId:af1a8f6a-9fec-4ba2-beec-4d5c716fbac4,subject:scm-sub-1410710854719@fv-az621-511
2023-08-23 22:08:59,583 [Time-limited test] INFO  authority.DefaultApprover (DefaultApprover.java:sign(154)) - Extensions in CSR: 2.5.29.19, 2.5.29.15, 2.5.29.17
2023-08-23 22:08:59,584 [Time-limited test] INFO  authority.DefaultApprover (DefaultApprover.java:sign(158)) - Extensions to add to the certificate if they present in CSR: 2.5.29.17, 2.5.29.19, 1.3.6.1.5.5.7.1.12, 2.5.29.35, 2.5.29.37, 2.5.29.15
2023-08-23 22:08:59,605 [Time-limited test] INFO  utils.CertificateCodec (CertificateCodec.java:writeCertificate(299)) - Save certificate to /tmp/junit4894093676140246535/junit6999269757332295783/scm-meta/scm/sub-ca/certs/CA-1.crt
2023-08-23 22:08:59,605 [Time-limited test] INFO  utils.CertificateCodec (CertificateCodec.java:writeCertificate(300)) - Certificate -----BEGIN CERTIFICATE-----
MIID5zCCAs+gAwIBAgIBATANBgkqhkiG9w0BAQsFADB7MRswGQYDVQQDDBJzY20t
MUBmdi1hejYyMS01MTExLTArBgNVBAsMJDZjMGZkNTE2LTQ1NzctNDcwNy1hYTJh
LWU1NjkyMTJiN2Q4MjEtMCsGA1UECgwkYWYxYThmNmEtOWZlYy00YmEyLWJlZWMt
NGQ1YzcxNmZiYWM0MB4XDTIzMDgyMzIyMDg1OVoXDTI4MDkzMDIyMDg1OVowezEb
MBkGA1UEAwwSc2NtLTFAZnYtYXo2MjEtNTExMS0wKwYDVQQLDCQ2YzBmZDUxNi00
NTc3LTQ3MDctYWEyYS1lNTY5MjEyYjdkODIxLTArBgNVBAoMJGFmMWE4ZjZhLTlm
ZWMtNGJhMi1iZWVjLTRkNWM3MTZmYmFjNDCCASIwDQYJKoZIhvcNAQEBBQADggEP
ADCCAQoCggEBAPF7j2yPtw9rr7GIUoO3ZGjZUr52aT3VKqkBMt2FX8s6IzKHQtOL
KgeygEkqJa7uMoZYRNsf0X1rR7gomgorNxiK580tK/mx8BshSlvXJNnXafWteeJO
f/PHSqbp6wH2AVzZT4hsPJOz+QrIAzAYA+yqAGrLe21G+e/EKH9fMzYU5TJtGBBZ
JNsih2Oe7vIQaKYY+zfjE9sMzrqJXiuSR6yBhOSfSCs9fR0udjDJIV0mSOZ/npPt
bfWMtMZ8Kli1eYuEaoUBzwp8xJ2ZO5ENysozY+pF0nqJyav+C/Fq1L6uU56Jnyjm
21/yz3nAN46lXeJItBIUK3YlUYFd2LkEs/UCAwEAAaN2MHQwDwYDVR0TAQH/BAUw
AwEB/zAOBgNVHQ8BAf8EBAMCAQYwUQYDVR0RBEowSIcECgEADoJAZnYtYXo2MjEt
NTExLmZwbmJyYTNhZDB6dTFocHFhdXU0cnNkZjRlLmN4LmludGVybmFsLmNsb3Vk
YXBwLm5ldDANBgkqhkiG9w0BAQsFAAOCAQEAc9x99V0ozKaSrDxxA8p8lnVKuAtU
yGthib81teD7fUj6VtpmeK1swV/w8CzAQKI0V50H0QBcNIUqkzDM65WIFW7NhkhG
gbZ4xF6oSfOQTk1j5otMSIS3uuUXfhnfM2tDr6Cwvzn9YRcgTg0eVn5ranw0gxnN
ssESwISPVbF5oTOcY+i0jgN+fgnmJz526oBtehYCUI2W2L3arP/2DiNy1PXRqMQT
sG1LuFhLLNwZpu94JIwhkL5/Jy8TUakQMtCtnvSO6M1jEeZ/qF966qewJ0AhNYIj
fhgsKrQ6EtkNN2zGaP+esrLUVrOv7JaP+6keHsXqFMbPGQkmHWoVp7flPg==
-----END CERTIFICATE-----

2023-08-23 22:08:59,610 [Time-limited test] INFO  utils.CertificateCodec (CertificateCodec.java:writeCertificate(299)) - Save certificate to /tmp/junit4894093676140246535/junit6999269757332295783/scm-meta/scm/sub-ca/certs/1410751587201.crt
2023-08-23 22:08:59,610 [Time-limited test] INFO  utils.CertificateCodec (CertificateCodec.java:writeCertificate(300)) - Certificate -----BEGIN CERTIFICATE-----
MIID/TCCAuWgAwIBAgIGAUh3WOOBMA0GCSqGSIb3DQEBCwUAMHsxGzAZBgNVBAMM
EnNjbS0xQGZ2LWF6NjIxLTUxMTEtMCsGA1UECwwkNmMwZmQ1MTYtNDU3Ny00NzA3
LWFhMmEtZTU2OTIxMmI3ZDgyMS0wKwYDVQQKDCRhZjFhOGY2YS05ZmVjLTRiYTIt
YmVlYy00ZDVjNzE2ZmJhYzQwHhcNMjMwODIzMjIwODU5WhcNMjgwOTMwMjIwODU5
WjCBizErMCkGA1UEAwwic2NtLXN1Yi0xNDEwNzEwODU0NzE5QGZ2LWF6NjIxLTUx
MTEtMCsGA1UECwwkNmMwZmQ1MTYtNDU3Ny00NzA3LWFhMmEtZTU2OTIxMmI3ZDgy
MS0wKwYDVQQKDCRhZjFhOGY2YS05ZmVjLTRiYTItYmVlYy00ZDVjNzE2ZmJhYzQw
ggEiMA0GCSqGSIb3DQEBAQUAA4IBDwAwggEKAoIBAQC0rDYql7Y44KTpaTuSl/Zc
QXVtHCb4agB6vZY2vxrvBQA+Wi4OBOv7d1Lg7f/kONOVy+0MkNIOu1h7owFSOiGG
V3yGiNdSmAjmEADzkGcTmNhepAO8jOROWPehFxRIVDaeqspdeNt6AQvToSvFZpkN
tCgIjBakD1bMpHwjxeUujHZGpAHg+cTMoGjh7/1WmtZSbUgfHbuidENXagt+AkoV
yCShSlaultaC+cTZc0punlmkqY0W8W7yZM1uQGJmG28CgroJq+BcWpORtSpsnCpQ
iaNbyNndIzl98BkdhB2ujz3CmtOTdzrMpQRdmrJAri0V9E7wilk95qbDv1CQe1G1
AgMBAAGjdjB0MFEGA1UdEQRKMEiHBAoBAA6CQGZ2LWF6NjIxLTUxMS5mcG5icmEz
YWQwenUxaHBxYXV1NHJzZGY0ZS5jeC5pbnRlcm5hbC5jbG91ZGFwcC5uZXQwDwYD
VR0TAQH/BAUwAwEB/zAOBgNVHQ8BAf8EBAMCAb4wDQYJKoZIhvcNAQELBQADggEB
AJ7kQBpzWFg2eamIf/EAVlXlN3ui2ClNtPUZBEVAwlrv7YTLdyfTv3w2Cg8I2mEC
s71/mqprGVhaaj0iK403773wlUkylEEZuZ2jfLgU0qpEqM6/4h29T+czM8cBNu+t
2OT7u8pUINJpQkW0fTzMEIizmT12uxHvtfF92su6qWI+cSWI8GKPH9g/5v6HAVPe
yU8mK5UGsWRJzvl61oAC7RUcdz+OKY9TVSIGe9Ugp79OLnry3bl78Xbfu/58n9Oa
KM3ljRBfRCFNV54eBCLcdlBusL5WgF0dJThorILpytZjbd4PFx4l/PIE/lvDozrv
TWyDTxGn+CvdD8tN71P/bjw=
-----END CERTIFICATE-----

-----BEGIN CERTIFICATE-----
MIID5zCCAs+gAwIBAgIBATANBgkqhkiG9w0BAQsFADB7MRswGQYDVQQDDBJzY20t
MUBmdi1hejYyMS01MTExLTArBgNVBAsMJDZjMGZkNTE2LTQ1NzctNDcwNy1hYTJh
LWU1NjkyMTJiN2Q4MjEtMCsGA1UECgwkYWYxYThmNmEtOWZlYy00YmEyLWJlZWMt
NGQ1YzcxNmZiYWM0MB4XDTIzMDgyMzIyMDg1OVoXDTI4MDkzMDIyMDg1OVowezEb
MBkGA1UEAwwSc2NtLTFAZnYtYXo2MjEtNTExMS0wKwYDVQQLDCQ2YzBmZDUxNi00
NTc3LTQ3MDctYWEyYS1lNTY5MjEyYjdkODIxLTArBgNVBAoMJGFmMWE4ZjZhLTlm
ZWMtNGJhMi1iZWVjLTRkNWM3MTZmYmFjNDCCASIwDQYJKoZIhvcNAQEBBQADggEP
ADCCAQoCggEBAPF7j2yPtw9rr7GIUoO3ZGjZUr52aT3VKqkBMt2FX8s6IzKHQtOL
KgeygEkqJa7uMoZYRNsf0X1rR7gomgorNxiK580tK/mx8BshSlvXJNnXafWteeJO
f/PHSqbp6wH2AVzZT4hsPJOz+QrIAzAYA+yqAGrLe21G+e/EKH9fMzYU5TJtGBBZ
JNsih2Oe7vIQaKYY+zfjE9sMzrqJXiuSR6yBhOSfSCs9fR0udjDJIV0mSOZ/npPt
bfWMtMZ8Kli1eYuEaoUBzwp8xJ2ZO5ENysozY+pF0nqJyav+C/Fq1L6uU56Jnyjm
21/yz3nAN46lXeJItBIUK3YlUYFd2LkEs/UCAwEAAaN2MHQwDwYDVR0TAQH/BAUw
AwEB/zAOBgNVHQ8BAf8EBAMCAQYwUQYDVR0RBEowSIcECgEADoJAZnYtYXo2MjEt
NTExLmZwbmJyYTNhZDB6dTFocHFhdXU0cnNkZjRlLmN4LmludGVybmFsLmNsb3Vk
YXBwLm5ldDANBgkqhkiG9w0BAQsFAAOCAQEAc9x99V0ozKaSrDxxA8p8lnVKuAtU
yGthib81teD7fUj6VtpmeK1swV/w8CzAQKI0V50H0QBcNIUqkzDM65WIFW7NhkhG
gbZ4xF6oSfOQTk1j5otMSIS3uuUXfhnfM2tDr6Cwvzn9YRcgTg0eVn5ranw0gxnN
ssESwISPVbF5oTOcY+i0jgN+fgnmJz526oBtehYCUI2W2L3arP/2DiNy1PXRqMQT
sG1LuFhLLNwZpu94JIwhkL5/Jy8TUakQMtCtnvSO6M1jEeZ/qF966qewJ0AhNYIj
fhgsKrQ6EtkNN2zGaP+esrLUVrOv7JaP+6keHsXqFMbPGQkmHWoVp7flPg==
-----END CERTIFICATE-----

2023-08-23 22:08:59,612 [Time-limited test] INFO  utils.CertificateCodec (CertificateCodec.java:writeCertificate(299)) - Save certificate to /tmp/junit4894093676140246535/junit6999269757332295783/scm-meta/scm/sub-ca/certs/certificate.crt
2023-08-23 22:08:59,613 [Time-limited test] INFO  utils.CertificateCodec (CertificateCodec.java:writeCertificate(300)) - Certificate -----BEGIN CERTIFICATE-----
MIID/TCCAuWgAwIBAgIGAUh3WOOBMA0GCSqGSIb3DQEBCwUAMHsxGzAZBgNVBAMM
EnNjbS0xQGZ2LWF6NjIxLTUxMTEtMCsGA1UECwwkNmMwZmQ1MTYtNDU3Ny00NzA3
LWFhMmEtZTU2OTIxMmI3ZDgyMS0wKwYDVQQKDCRhZjFhOGY2YS05ZmVjLTRiYTIt
YmVlYy00ZDVjNzE2ZmJhYzQwHhcNMjMwODIzMjIwODU5WhcNMjgwOTMwMjIwODU5
WjCBizErMCkGA1UEAwwic2NtLXN1Yi0xNDEwNzEwODU0NzE5QGZ2LWF6NjIxLTUx
MTEtMCsGA1UECwwkNmMwZmQ1MTYtNDU3Ny00NzA3LWFhMmEtZTU2OTIxMmI3ZDgy
MS0wKwYDVQQKDCRhZjFhOGY2YS05ZmVjLTRiYTItYmVlYy00ZDVjNzE2ZmJhYzQw
ggEiMA0GCSqGSIb3DQEBAQUAA4IBDwAwggEKAoIBAQC0rDYql7Y44KTpaTuSl/Zc
QXVtHCb4agB6vZY2vxrvBQA+Wi4OBOv7d1Lg7f/kONOVy+0MkNIOu1h7owFSOiGG
V3yGiNdSmAjmEADzkGcTmNhepAO8jOROWPehFxRIVDaeqspdeNt6AQvToSvFZpkN
tCgIjBakD1bMpHwjxeUujHZGpAHg+cTMoGjh7/1WmtZSbUgfHbuidENXagt+AkoV
yCShSlaultaC+cTZc0punlmkqY0W8W7yZM1uQGJmG28CgroJq+BcWpORtSpsnCpQ
iaNbyNndIzl98BkdhB2ujz3CmtOTdzrMpQRdmrJAri0V9E7wilk95qbDv1CQe1G1
AgMBAAGjdjB0MFEGA1UdEQRKMEiHBAoBAA6CQGZ2LWF6NjIxLTUxMS5mcG5icmEz
YWQwenUxaHBxYXV1NHJzZGY0ZS5jeC5pbnRlcm5hbC5jbG91ZGFwcC5uZXQwDwYD
VR0TAQH/BAUwAwEB/zAOBgNVHQ8BAf8EBAMCAb4wDQYJKoZIhvcNAQELBQADggEB
AJ7kQBpzWFg2eamIf/EAVlXlN3ui2ClNtPUZBEVAwlrv7YTLdyfTv3w2Cg8I2mEC
s71/mqprGVhaaj0iK403773wlUkylEEZuZ2jfLgU0qpEqM6/4h29T+czM8cBNu+t
2OT7u8pUINJpQkW0fTzMEIizmT12uxHvtfF92su6qWI+cSWI8GKPH9g/5v6HAVPe
yU8mK5UGsWRJzvl61oAC7RUcdz+OKY9TVSIGe9Ugp79OLnry3bl78Xbfu/58n9Oa
KM3ljRBfRCFNV54eBCLcdlBusL5WgF0dJThorILpytZjbd4PFx4l/PIE/lvDozrv
TWyDTxGn+CvdD8tN71P/bjw=
-----END CERTIFICATE-----

-----BEGIN CERTIFICATE-----
MIID5zCCAs+gAwIBAgIBATANBgkqhkiG9w0BAQsFADB7MRswGQYDVQQDDBJzY20t
MUBmdi1hejYyMS01MTExLTArBgNVBAsMJDZjMGZkNTE2LTQ1NzctNDcwNy1hYTJh
LWU1NjkyMTJiN2Q4MjEtMCsGA1UECgwkYWYxYThmNmEtOWZlYy00YmEyLWJlZWMt
NGQ1YzcxNmZiYWM0MB4XDTIzMDgyMzIyMDg1OVoXDTI4MDkzMDIyMDg1OVowezEb
MBkGA1UEAwwSc2NtLTFAZnYtYXo2MjEtNTExMS0wKwYDVQQLDCQ2YzBmZDUxNi00
NTc3LTQ3MDctYWEyYS1lNTY5MjEyYjdkODIxLTArBgNVBAoMJGFmMWE4ZjZhLTlm
ZWMtNGJhMi1iZWVjLTRkNWM3MTZmYmFjNDCCASIwDQYJKoZIhvcNAQEBBQADggEP
ADCCAQoCggEBAPF7j2yPtw9rr7GIUoO3ZGjZUr52aT3VKqkBMt2FX8s6IzKHQtOL
KgeygEkqJa7uMoZYRNsf0X1rR7gomgorNxiK580tK/mx8BshSlvXJNnXafWteeJO
f/PHSqbp6wH2AVzZT4hsPJOz+QrIAzAYA+yqAGrLe21G+e/EKH9fMzYU5TJtGBBZ
JNsih2Oe7vIQaKYY+zfjE9sMzrqJXiuSR6yBhOSfSCs9fR0udjDJIV0mSOZ/npPt
bfWMtMZ8Kli1eYuEaoUBzwp8xJ2ZO5ENysozY+pF0nqJyav+C/Fq1L6uU56Jnyjm
21/yz3nAN46lXeJItBIUK3YlUYFd2LkEs/UCAwEAAaN2MHQwDwYDVR0TAQH/BAUw
AwEB/zAOBgNVHQ8BAf8EBAMCAQYwUQYDVR0RBEowSIcECgEADoJAZnYtYXo2MjEt
NTExLmZwbmJyYTNhZDB6dTFocHFhdXU0cnNkZjRlLmN4LmludGVybmFsLmNsb3Vk
YXBwLm5ldDANBgkqhkiG9w0BAQsFAAOCAQEAc9x99V0ozKaSrDxxA8p8lnVKuAtU
yGthib81teD7fUj6VtpmeK1swV/w8CzAQKI0V50H0QBcNIUqkzDM65WIFW7NhkhG
gbZ4xF6oSfOQTk1j5otMSIS3uuUXfhnfM2tDr6Cwvzn9YRcgTg0eVn5ranw0gxnN
ssESwISPVbF5oTOcY+i0jgN+fgnmJz526oBtehYCUI2W2L3arP/2DiNy1PXRqMQT
sG1LuFhLLNwZpu94JIwhkL5/Jy8TUakQMtCtnvSO6M1jEeZ/qF966qewJ0AhNYIj
fhgsKrQ6EtkNN2zGaP+esrLUVrOv7JaP+6keHsXqFMbPGQkmHWoVp7flPg==
-----END CERTIFICATE-----

2023-08-23 22:08:59,614 [Time-limited test] INFO  ha.HASecurityUtils (HASecurityUtils.java:initializeSecurity(121)) - Successfully stored SCM signed certificate.
2023-08-23 22:08:59,643 [Time-limited test] WARN  server.ServerUtils (ServerUtils.java:getScmDbDir(155)) - ozone.scm.db.dirs is not configured. We recommend adding this setting. Falling back to ozone.metadata.dirs instead.
2023-08-23 22:08:59,645 [Time-limited test] INFO  ha.SCMHANodeDetails (SCMHANodeDetails.java:loadSCMHAConfig(210)) - ServiceID for StorageContainerManager is null
2023-08-23 22:08:59,645 [Time-limited test] INFO  ha.SCMHANodeDetails (SCMHANodeDetails.java:loadSCMHAConfig(215)) - ozone.scm.default.service.id is not defined, falling back to ozone.scm.service.ids to find serviceID for StorageContainerManager if it is HA enabled cluster
2023-08-23 22:09:00,041 [pool-2-thread-1] INFO  request.KdcRequest (KdcRequest.java:preauth(651)) - The preauth data is empty.
2023-08-23 22:09:00,047 [pool-2-thread-1] INFO  server.KdcHandler (KdcHandler.java:handleRecoverableException(177)) - KRB error occurred while processing request:Additional pre-authentication required
2023-08-23 22:09:00,104 [pool-2-thread-1] INFO  request.AsRequest (AsRequest.java:issueTicket(112)) - AS_REQ ISSUE: authtime 1692828540103,scm/fv-az621-511.fpnbra3ad0zu1hpqauu4rsdf4e.cx.internal.cloudapp.net@EXAMPLE.COM for krbtgt/EXAMPLE.COM@EXAMPLE.COM
2023-08-23 22:09:00,111 [Time-limited test] INFO  security.UserGroupInformation (UserGroupInformation.java:loginUserFromKeytab(1132)) - Login successful for user scm/fv-az621-511.fpnbra3ad0zu1hpqauu4rsdf4e.cx.internal.cloudapp.net@EXAMPLE.COM using keytab file scm.keytab. Keytab auto renewal enabled : false
2023-08-23 22:09:00,111 [Time-limited test] INFO  server.StorageContainerManager (StorageContainerManager.java:loginAsSCMUserIfSecurityEnabled(1042)) - SCM login successful.
2023-08-23 22:09:00,160 [Time-limited test] INFO  client.SCMCertificateClient (DefaultCertificateClient.java:updateCertSerialId(1244)) - Certificate serial ID set to 1410751587201
2023-08-23 22:09:00,169 [Time-limited test] INFO  client.SCMCertificateClient (DefaultCertificateClient.java:readCertificateFile(237)) - Added certificate   [0]         Version: 3
         SerialNumber: 1
             IssuerDN: CN=scm-1@fv-az621-511,OU=6c0fd516-4577-4707-aa2a-e569212b7d82,O=af1a8f6a-9fec-4ba2-beec-4d5c716fbac4
           Start Date: Wed Aug 23 22:08:59 UTC 2023
           Final Date: Sat Sep 30 22:08:59 UTC 2028
            SubjectDN: CN=scm-1@fv-az621-511,OU=6c0fd516-4577-4707-aa2a-e569212b7d82,O=af1a8f6a-9fec-4ba2-beec-4d5c716fbac4
           Public Key: RSA Public Key [dc:4c:b0:3c:70:de:7d:8a:71:32:00:8d:7a:1a:e3:f0:16:e7:2d:a1],[56:66:d1:a4]
        modulus: f17b8f6c8fb70f6bafb1885283b76468d952be76693dd52aa90132dd855fcb3a23328742d38b2a07b280492a25aeee32865844db1fd17d6b47b8289a0a2b37188ae7cd2d2bf9b1f01b214a5bd724d9d769f5ad79e24e7ff3c74aa6e9eb01f6015cd94f886c3c93b3f90ac803301803ecaa006acb7b6d46f9efc4287f5f333614e5326d18105924db2287639eeef21068a618fb37e313db0cceba895e2b9247ac8184e49f482b3d7d1d2e7630c9215d2648e67f9e93ed6df58cb4c67c2a58b5798b846a8501cf0a7cc49d993b910dcaca3363ea45d27a89c9abfe0bf16ad4beae539e899f28e6db5ff2cf79c0378ea55de248b412142b762551815dd8b904b3f5
public exponent: 10001

  Signature Algorithm: SHA256WITHRSA
            Signature: 73dc7df55d28cca692ac3c7103ca7c96754ab80b
                       54c86b6189bf35b5e0fb7d48fa56da6678ad6cc1
                       5ff0f02cc040a234579d07d1005c34852a9330cc
                       eb9588156ecd86484681b678c45ea849f3904e4d
                       63e68b4c4884b7bae5177e19df336b43afa0b0bf
                       39fd6117204e0d1e567e6b6a7c348319cdb2c112
                       c0848f55b179a1339c63e8b48e037e7e09e6273e
                       76ea806d7a1602508d96d8bddaacfff60e2372d4
                       f5d1a8c413b06d4bb8584b2cdc19a6ef78248c21
                       90be7f272f1351a91032d0ad9ef48ee8cd6311e6
                       7fa85f7aeaa7b02740213582237e182c2ab43a12
                       d90d376cc668ff9eb2b2d456b3afec968ffba91e
                       1ec5ea14c6cf1909261d6a15a7b7e53e
       Extensions: 
                       critical(true) BasicConstraints: isCa(true)
                       critical(true) KeyUsage: 0x6
                       critical(false) 2.5.29.17 value = Sequence
    Tagged [7] IMPLICIT 
        DER Octet String[4] 
    Tagged [2] IMPLICIT 
        DER Octet String[64] 

 from file: /tmp/junit4894093676140246535/junit6999269757332295783/scm-meta/scm/sub-ca/certs/CA-1.crt.
2023-08-23 22:09:00,171 [Time-limited test] INFO  client.SCMCertificateClient (DefaultCertificateClient.java:readCertificateFile(237)) - Added certificate   [0]         Version: 3
         SerialNumber: 1410751587201
             IssuerDN: CN=scm-1@fv-az621-511,OU=6c0fd516-4577-4707-aa2a-e569212b7d82,O=af1a8f6a-9fec-4ba2-beec-4d5c716fbac4
           Start Date: Wed Aug 23 22:08:59 UTC 2023
           Final Date: Sat Sep 30 22:08:59 UTC 2028
            SubjectDN: CN=scm-sub-1410710854719@fv-az621-511,OU=6c0fd516-4577-4707-aa2a-e569212b7d82,O=af1a8f6a-9fec-4ba2-beec-4d5c716fbac4
           Public Key: RSA Public Key [9d:e3:90:6f:8e:99:52:9e:96:9c:38:55:6a:f6:c3:af:22:86:22:d0],[56:66:d1:a4]
        modulus: b4ac362a97b638e0a4e9693b9297f65c41756d1c26f86a007abd9636bf1aef05003e5a2e0e04ebfb7752e0edffe438d395cbed0c90d20ebb587ba301523a2186577c8688d7529808e61000f390671398d85ea403bc8ce44e58f7a117144854369eaaca5d78db7a010bd3a12bc566990db428088c16a40f56cca47c23c5e52e8c7646a401e0f9c4cca068e1effd569ad6526d481f1dbba27443576a0b7e024a15c824a14a56ae96d682f9c4d9734a6e9e59a4a98d16f16ef264cd6e4062661b6f0282ba09abe05c5a9391b52a6c9c2a5089a35bc8d9dd23397df0191d841dae8f3dc29ad393773acca5045d9ab240ae2d15f44ef08a593de6a6c3bf50907b51b5
public exponent: 10001

  Signature Algorithm: SHA256WITHRSA
            Signature: 9ee4401a7358583679a9887ff1005655e5377ba2
                       d8294db4f519044540c25aefed84cb7727d3bf7c
                       360a0f08da6102b3bd7f9aaa6b19585a6a3d222b
                       8d37efbdf0954932944119b99da37cb814d2aa44
                       a8cebfe21dbd4fe73333c70136efadd8e4fbbbca
                       5420d2694245b47d3ccc1088b3993d76bb11efb5
                       f17ddacbbaa9623e712588f0628f1fd83fe6fe87
                       0153dec94f262b9506b16449cef97ad68002ed15
                       1c773f8e298f535522067bd520a7bf4e2e7af2dd
                       b97bf176dfbbfe7c9fd39a28cde58d105f44214d
                       579e1e0422dc76506eb0be56805d1d253868ac82
                       e9cad6636dde0f171e25fcf204fe5bc3a33aef4d
                       6c834f11a7f82bdd0fcb4def53ff6e3c
       Extensions: 
                       critical(false) 2.5.29.17 value = Sequence
    Tagged [7] IMPLICIT 
        DER Octet String[4] 
    Tagged [2] IMPLICIT 
        DER Octet String[64] 

                       critical(true) BasicConstraints: isCa(true)
                       critical(true) KeyUsage: 0xbe
 from file: /tmp/junit4894093676140246535/junit6999269757332295783/scm-meta/scm/sub-ca/certs/1410751587201.crt.
2023-08-23 22:09:00,174 [Time-limited test] INFO  client.SCMCertificateClient (DefaultCertificateClient.java:readCertificateFile(237)) - Added certificate   [0]         Version: 3
         SerialNumber: 1410751587201
             IssuerDN: CN=scm-1@fv-az621-511,OU=6c0fd516-4577-4707-aa2a-e569212b7d82,O=af1a8f6a-9fec-4ba2-beec-4d5c716fbac4
           Start Date: Wed Aug 23 22:08:59 UTC 2023
           Final Date: Sat Sep 30 22:08:59 UTC 2028
            SubjectDN: CN=scm-sub-1410710854719@fv-az621-511,OU=6c0fd516-4577-4707-aa2a-e569212b7d82,O=af1a8f6a-9fec-4ba2-beec-4d5c716fbac4
           Public Key: RSA Public Key [9d:e3:90:6f:8e:99:52:9e:96:9c:38:55:6a:f6:c3:af:22:86:22:d0],[56:66:d1:a4]
        modulus: b4ac362a97b638e0a4e9693b9297f65c41756d1c26f86a007abd9636bf1aef05003e5a2e0e04ebfb7752e0edffe438d395cbed0c90d20ebb587ba301523a2186577c8688d7529808e61000f390671398d85ea403bc8ce44e58f7a117144854369eaaca5d78db7a010bd3a12bc566990db428088c16a40f56cca47c23c5e52e8c7646a401e0f9c4cca068e1effd569ad6526d481f1dbba27443576a0b7e024a15c824a14a56ae96d682f9c4d9734a6e9e59a4a98d16f16ef264cd6e4062661b6f0282ba09abe05c5a9391b52a6c9c2a5089a35bc8d9dd23397df0191d841dae8f3dc29ad393773acca5045d9ab240ae2d15f44ef08a593de6a6c3bf50907b51b5
public exponent: 10001

  Signature Algorithm: SHA256WITHRSA
            Signature: 9ee4401a7358583679a9887ff1005655e5377ba2
                       d8294db4f519044540c25aefed84cb7727d3bf7c
                       360a0f08da6102b3bd7f9aaa6b19585a6a3d222b
                       8d37efbdf0954932944119b99da37cb814d2aa44
                       a8cebfe21dbd4fe73333c70136efadd8e4fbbbca
                       5420d2694245b47d3ccc1088b3993d76bb11efb5
                       f17ddacbbaa9623e712588f0628f1fd83fe6fe87
                       0153dec94f262b9506b16449cef97ad68002ed15
                       1c773f8e298f535522067bd520a7bf4e2e7af2dd
                       b97bf176dfbbfe7c9fd39a28cde58d105f44214d
                       579e1e0422dc76506eb0be56805d1d253868ac82
                       e9cad6636dde0f171e25fcf204fe5bc3a33aef4d
                       6c834f11a7f82bdd0fcb4def53ff6e3c
       Extensions: 
                       critical(false) 2.5.29.17 value = Sequence
    Tagged [7] IMPLICIT 
        DER Octet String[4] 
    Tagged [2] IMPLICIT 
        DER Octet String[64] 

                       critical(true) BasicConstraints: isCa(true)
                       critical(true) KeyUsage: 0xbe
 from file: /tmp/junit4894093676140246535/junit6999269757332295783/scm-meta/scm/sub-ca/certs/certificate.crt.
2023-08-23 22:09:00,174 [Time-limited test] INFO  client.SCMCertificateClient (DefaultCertificateClient.java:loadAllCertificates(191)) - CertificateRenewerService and root ca rotation polling is disabled for scm/sub-ca
2023-08-23 22:09:00,224 [Time-limited test] WARN  utils.HAUtils (HAUtils.java:getMetaDir(339)) - ozone.scm.db.dirs is not configured. We recommend adding this setting. Falling back to ozone.metadata.dirs instead.
2023-08-23 22:09:00,362 [Time-limited test] WARN  db.DBStoreBuilder (DBStoreBuilder.java:applyDBDefinition(166)) - ozone.scm.db.dirs is not configured. We recommend adding this setting. Falling back to ozone.metadata.dirs instead.
2023-08-23 22:09:00,600 [Time-limited test] INFO  net.NodeSchemaLoader (NodeSchemaLoader.java:loadSchemaFromFile(129)) - Loading schema from [jar:file:/home/runner/.m2/repository/org/apache/ozone/hdds-common/1.4.0-SNAPSHOT/hdds-common-1.4.0-SNAPSHOT.jar!/network-topology-default.xml]
2023-08-23 22:09:00,601 [Time-limited test] INFO  net.NodeSchemaLoader (NodeSchemaLoader.java:loadSchema(176)) - Loading network topology layer schema file
2023-08-23 22:09:00,691 [Time-limited test] INFO  metrics.MetricRegistries (MetricRegistriesLoader.java:load(64)) - Loaded MetricRegistries class org.apache.ratis.metrics.impl.MetricRegistriesImpl
2023-08-23 22:09:00,720 [Time-limited test] INFO  upgrade.AbstractLayoutVersionManager (AbstractLayoutVersionManager.java:init(83)) - Initializing Layout version manager with metadata layout = HADOOP_PRC_PORTS_IN_DATANODEDETAILS (version = 7), software layout = HADOOP_PRC_PORTS_IN_DATANODEDETAILS (version = 7)
2023-08-23 22:09:00,910 [Time-limited test] INFO  ha.SequenceIdGenerator (SequenceIdGenerator.java:upgradeToSequenceId(365)) - upgrade localId to 111677748019200000
2023-08-23 22:09:00,924 [Time-limited test] INFO  ha.SequenceIdGenerator (SequenceIdGenerator.java:upgradeToSequenceId(375)) - upgrade delTxnId to 0
2023-08-23 22:09:00,941 [Time-limited test] INFO  ha.SequenceIdGenerator (SequenceIdGenerator.java:upgradeToSequenceId(392)) - upgrade containerId to 0
2023-08-23 22:09:00,943 [Time-limited test] INFO  ha.SequenceIdGenerator (SequenceIdGenerator.java:upgradeToSequenceId(428)) - upgrade rootCertificateId to 1
2023-08-23 22:09:00,945 [Time-limited test] INFO  ha.SequenceIdGenerator (SequenceIdGenerator.java:<init>(236)) - Init the HA SequenceIdGenerator.
2023-08-23 22:09:01,059 [Time-limited test] INFO  node.SCMNodeManager (SCMNodeManager.java:<init>(157)) - Entering startup safe mode.
2023-08-23 22:09:01,078 [Time-limited test] INFO  algorithms.ContainerPlacementPolicyFactory (ContainerPlacementPolicyFactory.java:getPolicyInternal(86)) - Create container placement policy of type org.apache.hadoop.hdds.scm.container.placement.algorithms.SCMContainerPlacementRackAware
2023-08-23 22:09:01,081 [Time-limited test] INFO  algorithms.ContainerPlacementPolicyFactory (ContainerPlacementPolicyFactory.java:getPolicyInternal(86)) - Create container placement policy of type org.apache.hadoop.hdds.scm.container.placement.algorithms.SCMContainerPlacementRackScatter
2023-08-23 22:09:01,089 [Time-limited test] INFO  pipeline.PipelineStateManagerImpl (PipelineStateManagerImpl.java:initialize(78)) - No pipeline exists in current db
2023-08-23 22:09:01,110 [Time-limited test] INFO  algorithms.LeaderChoosePolicyFactory (LeaderChoosePolicyFactory.java:getPolicy(57)) - Create leader choose policy of type org.apache.hadoop.hdds.scm.pipeline.leader.choose.algorithms.MinLeaderCountChoosePolicy
2023-08-23 22:09:01,110 [Time-limited test] INFO  algorithms.ContainerPlacementPolicyFactory (ContainerPlacementPolicyFactory.java:getPolicyInternal(86)) - Create container placement policy of type org.apache.hadoop.hdds.scm.container.placement.algorithms.SCMContainerPlacementRackScatter
2023-08-23 22:09:01,117 [Time-limited test] INFO  ha.SCMServiceManager (SCMServiceManager.java:register(42)) - Registering service BackgroundPipelineCreator.
2023-08-23 22:09:01,118 [Time-limited test] INFO  pipeline.BackgroundPipelineCreator (BackgroundPipelineCreator.java:start(124)) - Starting RatisPipelineUtilsThread.
2023-08-23 22:09:01,120 [Time-limited test] INFO  BackgroundPipelineScrubber (BackgroundSCMService.java:start(68)) - Starting BackgroundPipelineScrubber Service.
2023-08-23 22:09:01,121 [Time-limited test] INFO  ha.SCMServiceManager (SCMServiceManager.java:register(42)) - Registering service BackgroundPipelineScrubber.
2023-08-23 22:09:01,127 [Time-limited test] INFO  ExpiredContainerReplicaOpScrubber (BackgroundSCMService.java:start(68)) - Starting ExpiredContainerReplicaOpScrubber Service.
2023-08-23 22:09:01,128 [Time-limited test] INFO  ha.SCMServiceManager (SCMServiceManager.java:register(42)) - Registering service ExpiredContainerReplicaOpScrubber.
2023-08-23 22:09:01,156 [Time-limited test] INFO  algorithms.PipelineChoosePolicyFactory (PipelineChoosePolicyFactory.java:createPipelineChoosePolicyFromClass(78)) - Create pipeline choose policy of type org.apache.hadoop.hdds.scm.pipeline.choose.algorithms.RandomPipelineChoosePolicy
2023-08-23 22:09:01,157 [Time-limited test] INFO  algorithms.PipelineChoosePolicyFactory (PipelineChoosePolicyFactory.java:createPipelineChoosePolicyFromClass(78)) - Create pipeline choose policy of type org.apache.hadoop.hdds.scm.pipeline.choose.algorithms.RandomPipelineChoosePolicy
2023-08-23 22:09:01,180 [Time-limited test] INFO  ha.SCMServiceManager (SCMServiceManager.java:register(42)) - Registering service SCMBlockDeletingService.
2023-08-23 22:09:01,243 [Time-limited test] INFO  replication.ReplicationManager (ReplicationManager.java:start(287)) - Starting Replication Monitor Thread.
2023-08-23 22:09:01,244 [Time-limited test] INFO  ha.SCMServiceManager (SCMServiceManager.java:register(42)) - Registering service ReplicationManager.
2023-08-23 22:09:01,247 [ReplicationMonitor] INFO  replication.ReplicationManager (ReplicationManager.java:processAll(361)) - Replication Manager is not ready to run until 300000ms after safemode exit
2023-08-23 22:09:01,255 [Time-limited test] INFO  safemode.ContainerSafeModeRule (ContainerSafeModeRule.java:<init>(90)) - containers with one replica threshold count 0
2023-08-23 22:09:01,258 [Time-limited test] INFO  safemode.HealthyPipelineSafeModeRule (HealthyPipelineSafeModeRule.java:initializeRule(169)) - Total pipeline count is 0, healthy pipeline threshold count is 0
2023-08-23 22:09:01,260 [Time-limited test] INFO  safemode.OneReplicaPipelineSafeModeRule (OneReplicaPipelineSafeModeRule.java:initializeRule(180)) - Total pipeline count is 0, pipeline's with at least one datanode reported threshold count is 0
2023-08-23 22:09:01,276 [Time-limited test] INFO  authority.DefaultCAServer (DefaultCAServer.java:lambda$processVerificationStatus$0(472)) - CertificateServer validation is successful
2023-08-23 22:09:01,277 [Time-limited test] INFO  authority.DefaultCAServer (DefaultCAServer.java:lambda$processVerificationStatus$0(472)) - CertificateServer validation is successful
2023-08-23 22:09:01,278 [Time-limited test] INFO  server.StorageContainerManager (StorageContainerManager.java:persistPrimarySCMCerts(932)) - Storing sub-ca certificate serialId 1410751587201 on primary SCM
2023-08-23 22:09:01,288 [Time-limited test] INFO  server.SCMCertStore (SCMCertStore.java:storeValidScmCertificate(122)) - Scm certificate 1410751587201 for CN=scm-sub-1410710854719@fv-az621-511,OU=6c0fd516-4577-4707-aa2a-e569212b7d82,O=af1a8f6a-9fec-4ba2-beec-4d5c716fbac4 is stored
2023-08-23 22:09:01,289 [Time-limited test] INFO  server.StorageContainerManager (StorageContainerManager.java:persistPrimarySCMCerts(940)) - Storing root certificate serialId 1
2023-08-23 22:09:01,290 [Time-limited test] INFO  server.SCMCertStore (SCMCertStore.java:storeValidScmCertificate(122)) - Scm certificate 1 for CN=scm-1@fv-az621-511,OU=6c0fd516-4577-4707-aa2a-e569212b7d82,O=af1a8f6a-9fec-4ba2-beec-4d5c716fbac4 is stored
2023-08-23 22:09:01,310 [Time-limited test] INFO  ipc.CallQueueManager (CallQueueManager.java:<init>(90)) - Using callQueue: class java.util.concurrent.LinkedBlockingQueue, queueCapacity: 200, scheduler: class org.apache.hadoop.ipc.DefaultRpcScheduler, ipcBackoff: false.
2023-08-23 22:09:01,345 [Time-limited test] INFO  ipc.Server (Server.java:<init>(1287)) - Listener at 0.0.0.0:9961
2023-08-23 22:09:01,347 [Socket Reader #1 for port 9961] INFO  ipc.Server (Server.java:run(1323)) - Starting Socket Reader #1 for port 9961
2023-08-23 22:09:01,380 [Time-limited test] INFO  server.StorageContainerManager (StorageContainerManager.java:<init>(425)) - SCM start with adminUsers: [runner, scm]
2023-08-23 22:09:01,422 [Time-limited test] INFO  audit.AuditLogger (AuditLogger.java:refreshDebugCmdSet(126)) - Refresh DebugCmdSet for SCMAudit to [].
2023-08-23 22:09:01,428 [Time-limited test] INFO  ipc.CallQueueManager (CallQueueManager.java:<init>(90)) - Using callQueue: class java.util.concurrent.LinkedBlockingQueue, queueCapacity: 10000, scheduler: class org.apache.hadoop.ipc.DefaultRpcScheduler, ipcBackoff: false.
2023-08-23 22:09:01,428 [Time-limited test] INFO  ipc.Server (Server.java:<init>(1287)) - Listener at 0.0.0.0:9861
2023-08-23 22:09:01,431 [Socket Reader #1 for port 9861] INFO  ipc.Server (Server.java:run(1323)) - Starting Socket Reader #1 for port 9861
2023-08-23 22:09:01,466 [Time-limited test] INFO  audit.AuditLogger (AuditLogger.java:refreshDebugCmdSet(126)) - Refresh DebugCmdSet for SCMAudit to [].
2023-08-23 22:09:01,472 [Time-limited test] INFO  ipc.CallQueueManager (CallQueueManager.java:<init>(90)) - Using callQueue: class java.util.concurrent.LinkedBlockingQueue, queueCapacity: 10000, scheduler: class org.apache.hadoop.ipc.DefaultRpcScheduler, ipcBackoff: false.
2023-08-23 22:09:01,472 [Time-limited test] INFO  ipc.Server (Server.java:<init>(1287)) - Listener at 0.0.0.0:9863
2023-08-23 22:09:01,475 [Socket Reader #1 for port 9863] INFO  ipc.Server (Server.java:run(1323)) - Starting Socket Reader #1 for port 9863
2023-08-23 22:09:01,508 [Time-limited test] INFO  audit.AuditLogger (AuditLogger.java:refreshDebugCmdSet(126)) - Refresh DebugCmdSet for SCMAudit to [].
2023-08-23 22:09:01,517 [Time-limited test] INFO  ipc.CallQueueManager (CallQueueManager.java:<init>(90)) - Using callQueue: class java.util.concurrent.LinkedBlockingQueue, queueCapacity: 10000, scheduler: class org.apache.hadoop.ipc.DefaultRpcScheduler, ipcBackoff: false.
2023-08-23 22:09:01,518 [Time-limited test] INFO  ipc.Server (Server.java:<init>(1287)) - Listener at 0.0.0.0:9860
2023-08-23 22:09:01,519 [Socket Reader #1 for port 9860] INFO  ipc.Server (Server.java:run(1323)) - Starting Socket Reader #1 for port 9860
2023-08-23 22:09:01,567 [Time-limited test] INFO  ha.SCMServiceManager (SCMServiceManager.java:register(42)) - Registering service ContainerBalancer.
2023-08-23 22:09:01,568 [Time-limited test] INFO  server.StorageContainerManager (StorageContainerManager.java:<init>(438)) - 
Container Balancer status:
Key                            Value
Running                        false
Container Balancer Configuration values:
Key                                                Value
Threshold                                          10
Max Datanodes to Involve per Iteration(percent)    20
Max Size to Move per Iteration                     500GB
Max Size Entering Target per Iteration             26GB
Max Size Leaving Source per Iteration              26GB

2023-08-23 22:09:01,568 [Time-limited test] INFO  ha.SCMContext (SCMContext.java:updateSafeModeStatus(228)) - Update SafeModeStatus from SafeModeStatus{safeModeStatus=true, preCheckPassed=false} to SafeModeStatus{safeModeStatus=true, preCheckPassed=false}.
2023-08-23 22:09:01,570 [Time-limited test] INFO  server.StorageContainerManager (StorageContainerManager.java:start(1483)) - StorageContainerLocationProtocol RPC server is listening at /0.0.0.0:9860
2023-08-23 22:09:01,629 [Time-limited test] WARN  impl.MetricsConfig (MetricsConfig.java:loadFirst(136)) - Cannot locate configuration: tried hadoop-metrics2-storagecontainermanager.properties,hadoop-metrics2.properties
2023-08-23 22:09:01,641 [Time-limited test] INFO  impl.MetricsSystemImpl (MetricsSystemImpl.java:startTimer(378)) - Scheduled Metric snapshot period at 10 second(s).
2023-08-23 22:09:01,641 [Time-limited test] INFO  impl.MetricsSystemImpl (MetricsSystemImpl.java:start(191)) - StorageContainerManager metrics system started
2023-08-23 22:09:01,714 [Time-limited test] INFO  server.SCMClientProtocolServer (SCMClientProtocolServer.java:start(201)) - RPC server for Client  is listening at /0.0.0.0:9860
2023-08-23 22:09:01,715 [IPC Server Responder] INFO  ipc.Server (Server.java:run(1562)) - IPC Server Responder: starting
2023-08-23 22:09:01,732 [Time-limited test] INFO  server.StorageContainerManager (StorageContainerManager.java:start(1496)) - ScmBlockLocationProtocol RPC server is listening at /0.0.0.0:9863
2023-08-23 22:09:01,732 [Time-limited test] INFO  server.SCMBlockProtocolServer (SCMBlockProtocolServer.java:start(152)) - RPC server for Block Protocol is listening at /0.0.0.0:9863
2023-08-23 22:09:01,733 [IPC Server Responder] INFO  ipc.Server (Server.java:run(1562)) - IPC Server Responder: starting
2023-08-23 22:09:01,733 [IPC Server listener on 9863] INFO  ipc.Server (Server.java:run(1402)) - IPC Server listener on 9863: starting
2023-08-23 22:09:01,746 [Time-limited test] INFO  server.SCMDatanodeProtocolServer (SCMDatanodeProtocolServer.java:start(193)) - ScmDatanodeProtocol RPC server for DataNodes is listening at /0.0.0.0:9861
2023-08-23 22:09:01,784 [IPC Server listener on 9860] INFO  ipc.Server (Server.java:run(1402)) - IPC Server listener on 9860: starting
2023-08-23 22:09:01,785 [IPC Server listener on 9861] INFO  ipc.Server (Server.java:run(1402)) - IPC Server listener on 9861: starting
2023-08-23 22:09:01,785 [IPC Server Responder] INFO  ipc.Server (Server.java:run(1562)) - IPC Server Responder: starting
2023-08-23 22:09:01,788 [Time-limited test] INFO  server.SCMSecurityProtocolServer (SCMSecurityProtocolServer.java:start(542)) - Starting RPC server for SCMSecurityProtocolServer. is listening at /0.0.0.0:9961
2023-08-23 22:09:01,789 [IPC Server Responder] INFO  ipc.Server (Server.java:run(1562)) - IPC Server Responder: starting
2023-08-23 22:09:01,789 [IPC Server listener on 9961] INFO  ipc.Server (Server.java:run(1402)) - IPC Server listener on 9961: starting
2023-08-23 22:09:01,789 [Time-limited test] INFO  server.SCMUpdateServiceGrpcServer (SCMUpdateServiceGrpcServer.java:start(58)) - SCMUpdateService starting
2023-08-23 22:09:02,023 [JvmPauseMonitor0] INFO  util.JvmPauseMonitor (JvmPauseMonitor.java:run(103)) - JvmPauseMonitor-6c0fd516-4577-4707-aa2a-e569212b7d82: Started
2023-08-23 22:09:02,043 [Time-limited test] INFO  http.BaseHttpServer (BaseHttpServer.java:newHttpServer2BuilderForOzone(224)) - Starting Web-server for scm at: http://0.0.0.0:9876
2023-08-23 22:09:02,043 [Time-limited test] INFO  http.BaseHttpServer (BaseHttpServer.java:<init>(111)) - Hadoop Security Enabled: true Ozone Security Enabled: true Ozone HTTP Security Enabled: false 
2023-08-23 22:09:02,064 [Time-limited test] INFO  util.log (Log.java:initialized(170)) - Logging initialized @6639ms to org.eclipse.jetty.util.log.Slf4jLog
2023-08-23 22:09:02,141 [Time-limited test] WARN  server.AuthenticationFilter (AuthenticationFilter.java:constructSecretProvider(240)) - Unable to initialize FileSignerSecretProvider, falling back to use random secrets. Reason: Could not read signature secret file: /home/runner/hadoop-http-auth-signature-secret
2023-08-23 22:09:02,146 [Time-limited test] INFO  http.HttpRequestLog (HttpRequestLog.java:getRequestLog(86)) - Http request log for http.requests.scm is not defined
2023-08-23 22:09:02,155 [Time-limited test] INFO  http.HttpServer2 (HttpServer2.java:addGlobalFilter(1031)) - Added global filter 'safety' (class=org.apache.hadoop.hdds.server.http.HttpServer2$QuotingInputFilter)
2023-08-23 22:09:02,158 [Time-limited test] INFO  http.HttpServer2 (HttpServer2.java:addFilter(1007)) - Added filter static_user_filter (class=org.apache.hadoop.http.lib.StaticUserWebFilter$StaticUserFilter) to context scm
2023-08-23 22:09:02,160 [Time-limited test] INFO  http.HttpServer2 (HttpServer2.java:addFilter(1015)) - Added filter static_user_filter (class=org.apache.hadoop.http.lib.StaticUserWebFilter$StaticUserFilter) to context logs
2023-08-23 22:09:02,160 [Time-limited test] INFO  http.HttpServer2 (HttpServer2.java:addFilter(1015)) - Added filter static_user_filter (class=org.apache.hadoop.http.lib.StaticUserWebFilter$StaticUserFilter) to context static
2023-08-23 22:09:02,193 [Time-limited test] INFO  http.BaseHttpServer (BaseHttpServer.java:<init>(190)) - HTTP server of scm uses base directory /tmp/junit4894093676140246535/junit6999269757332295783/scm-meta/webserver
2023-08-23 22:09:02,194 [Time-limited test] INFO  http.HttpServer2 (HttpServer2.java:bindListener(1250)) - Jetty bound to port 9876
2023-08-23 22:09:02,195 [Time-limited test] INFO  server.Server (Server.java:doStart(375)) - jetty-9.4.51.v20230217; built: 2023-02-17T08:19:37.309Z; git: b45c405e4544384de066f814ed42ae3dceacdd49; jvm 1.8.0_382-b05
2023-08-23 22:09:02,226 [Time-limited test] INFO  server.session (DefaultSessionIdManager.java:doStart(334)) - DefaultSessionIdManager workerName=node0
2023-08-23 22:09:02,226 [Time-limited test] INFO  server.session (DefaultSessionIdManager.java:doStart(339)) - No SessionScavenger set, using defaults
2023-08-23 22:09:02,227 [Time-limited test] INFO  server.session (HouseKeeper.java:startScavenging(132)) - node0 Scavenging every 600000ms
2023-08-23 22:09:02,239 [Time-limited test] INFO  handler.ContextHandler (ContextHandler.java:doStart(921)) - Started o.e.j.s.ServletContextHandler@3449871c{logs,/logs,file:///home/runner/work/ozone/ozone/hadoop-ozone/integration-test/target/log,AVAILABLE}
2023-08-23 22:09:02,240 [Time-limited test] INFO  handler.ContextHandler (ContextHandler.java:doStart(921)) - Started o.e.j.s.ServletContextHandler@1910289f{static,/static,file:///home/runner/work/ozone/ozone/hadoop-ozone/integration-test/target/test-classes/webapps/static,AVAILABLE}
2023-08-23 22:09:02,276 [Time-limited test] INFO  handler.ContextHandler (ContextHandler.java:doStart(921)) - Started o.e.j.w.WebAppContext@40d8b5e6{scm,/,file:///home/runner/work/ozone/ozone/hadoop-ozone/integration-test/target/test-classes/webapps/scm/,AVAILABLE}{file:/home/runner/work/ozone/ozone/hadoop-ozone/integration-test/target/test-classes/webapps/scm}
2023-08-23 22:09:02,284 [Time-limited test] INFO  server.AbstractConnector (AbstractConnector.java:doStart(333)) - Started ServerConnector@5b10256{HTTP/1.1, (http/1.1)}{0.0.0.0:9876}
2023-08-23 22:09:02,284 [Time-limited test] INFO  server.Server (Server.java:doStart(415)) - Started @6860ms
2023-08-23 22:09:02,287 [Time-limited test] INFO  impl.MetricsSinkAdapter (MetricsSinkAdapter.java:start(204)) - Sink prometheus started
2023-08-23 22:09:02,287 [Time-limited test] INFO  impl.MetricsSystemImpl (MetricsSystemImpl.java:registerSink(305)) - Registered sink prometheus
2023-08-23 22:09:02,288 [Time-limited test] INFO  http.BaseHttpServer (BaseHttpServer.java:updateConnectorAddress(344)) - HTTP server of scm listening at http://0.0.0.0:9876
2023-08-23 22:09:02,293 [pool-2-thread-1] INFO  request.KdcRequest (KdcRequest.java:preauth(651)) - The preauth data is empty.
2023-08-23 22:09:02,294 [pool-2-thread-1] INFO  server.KdcHandler (KdcHandler.java:handleRecoverableException(177)) - KRB error occurred while processing request:Additional pre-authentication required
2023-08-23 22:09:02,298 [pool-2-thread-1] INFO  request.AsRequest (AsRequest.java:issueTicket(112)) - AS_REQ ISSUE: authtime 1692828542298,test@EXAMPLE.COM for krbtgt/EXAMPLE.COM@EXAMPLE.COM
2023-08-23 22:09:02,422 [pool-2-thread-1] INFO  request.TgsRequest (TgsRequest.java:issueTicket(115)) - TGS_REQ ISSUE: authtime 1692828542416,test for scm/fv-az621-511.fpnbra3ad0zu1hpqauu4rsdf4e.cx.internal.cloudapp.net@EXAMPLE.COM
2023-08-23 22:09:02,437 [Socket Reader #1 for port 9961] INFO  ipc.Server (Server.java:saslProcess(2139)) - Auth successful for test@EXAMPLE.COM (auth:KERBEROS) from fv-az621-511.fpnbra3ad0zu1hpqauu4rsdf4e.cx.internal.cloudapp.net:50080 / 10.1.0.14:50080
2023-08-23 22:09:02,437 [pool-2-thread-2] INFO  request.TgsRequest (TgsRequest.java:issueTicket(115)) - TGS_REQ ISSUE: authtime 1692828542421,scm/fv-az621-511.fpnbra3ad0zu1hpqauu4rsdf4e.cx.internal.cloudapp.net for scm/fv-az621-511.fpnbra3ad0zu1hpqauu4rsdf4e.cx.internal.cloudapp.net@EXAMPLE.COM
2023-08-23 22:09:02,452 [Socket Reader #1 for port 9961] INFO  ipc.Server (Server.java:saslProcess(2139)) - Auth successful for scm/fv-az621-511.fpnbra3ad0zu1hpqauu4rsdf4e.cx.internal.cloudapp.net@EXAMPLE.COM (auth:KERBEROS) from fv-az621-511.fpnbra3ad0zu1hpqauu4rsdf4e.cx.internal.cloudapp.net:40625 / 10.1.0.14:40625
2023-08-23 22:09:02,513 [IPC Server handler 1 on default port 9961] INFO  client.SCMCertificateClient (DefaultCertificateClient.java:getAllRootCaCerts(901)) - scm/sub-ca has 0 Root CA certificates
2023-08-23 22:09:02,514 [IPC Server handler 1 on default port 9961] INFO  client.SCMCertificateClient (DefaultCertificateClient.java:getAllCaCerts(909)) - scm/sub-ca has 1 CA certificates
2023-08-23 22:09:02,529 [scm/sub-ca-refreshCACertificates] INFO  client.SCMCertificateClient (DefaultCertificateClient.java:getAllRootCaCerts(901)) - scm/sub-ca has 0 Root CA certificates
2023-08-23 22:09:02,529 [scm/sub-ca-refreshCACertificates] INFO  client.SCMCertificateClient (DefaultCertificateClient.java:getAllCaCerts(909)) - scm/sub-ca has 1 CA certificates
2023-08-23 22:09:02,531 [scm/sub-ca-refreshCACertificates] INFO  client.SCMCertificateClient (SCMCertificateClient.java:run(277)) - CA certificates are not changed.
2023-08-23 22:09:02,544 [IPC Server handler 1 on default port 9961] INFO  server.SCMSecurityProtocolServer (SCMSecurityProtocolServer.java:getCertificate(407)) - Certificate with serial id 100 not found.
2023-08-23 22:09:02,551 [Time-limited test] WARN  ipc.Client (Client.java:run(733)) - Exception encountered while connecting to the server 0.0.0.0/0.0.0.0:9961
org.apache.hadoop.security.AccessControlException: Client cannot authenticate via:[KERBEROS]
	at org.apache.hadoop.security.SaslRpcClient.selectSaslClient(SaslRpcClient.java:179)
	at org.apache.hadoop.security.SaslRpcClient.saslConnect(SaslRpcClient.java:392)
	at org.apache.hadoop.ipc.Client$Connection.setupSaslConnection(Client.java:561)
	at org.apache.hadoop.ipc.Client$Connection.access$2100(Client.java:347)
	at org.apache.hadoop.ipc.Client$Connection$2.run(Client.java:783)
	at org.apache.hadoop.ipc.Client$Connection$2.run(Client.java:779)
	at java.security.AccessController.doPrivileged(Native Method)
	at javax.security.auth.Subject.doAs(Subject.java:422)
	at org.apache.hadoop.security.UserGroupInformation.doAs(UserGroupInformation.java:1899)
	at org.apache.hadoop.ipc.Client$Connection.setupIOstreams(Client.java:779)
	at org.apache.hadoop.ipc.Client$Connection.access$3800(Client.java:347)
	at org.apache.hadoop.ipc.Client.getConnection(Client.java:1632)
	at org.apache.hadoop.ipc.Client.call(Client.java:1457)
	at org.apache.hadoop.ipc.Client.call(Client.java:1410)
	at org.apache.hadoop.ipc.ProtobufRpcEngine$Invoker.invoke(ProtobufRpcEngine.java:250)
	at org.apache.hadoop.ipc.ProtobufRpcEngine$Invoker.invoke(ProtobufRpcEngine.java:132)
	at com.sun.proxy.$Proxy26.submitRequest(Unknown Source)
	at sun.reflect.NativeMethodAccessorImpl.invoke0(Native Method)
	at sun.reflect.NativeMethodAccessorImpl.invoke(NativeMethodAccessorImpl.java:62)
	at sun.reflect.DelegatingMethodAccessorImpl.invoke(DelegatingMethodAccessorImpl.java:43)
	at java.lang.reflect.Method.invoke(Method.java:498)
	at org.apache.hadoop.io.retry.RetryInvocationHandler.invokeMethod(RetryInvocationHandler.java:433)
	at org.apache.hadoop.io.retry.RetryInvocationHandler$Call.invokeMethod(RetryInvocationHandler.java:166)
	at org.apache.hadoop.io.retry.RetryInvocationHandler$Call.invoke(RetryInvocationHandler.java:158)
	at org.apache.hadoop.io.retry.RetryInvocationHandler$Call.invokeOnce(RetryInvocationHandler.java:96)
	at org.apache.hadoop.io.retry.RetryInvocationHandler.invoke(RetryInvocationHandler.java:362)
	at com.sun.proxy.$Proxy26.submitRequest(Unknown Source)
	at org.apache.hadoop.hdds.protocolPB.SCMSecurityProtocolClientSideTranslatorPB.submitRequest(SCMSecurityProtocolClientSideTranslatorPB.java:102)
	at org.apache.hadoop.hdds.protocolPB.SCMSecurityProtocolClientSideTranslatorPB.getCACert(SCMSecurityProtocolClientSideTranslatorPB.java:332)
	at org.apache.hadoop.hdds.protocolPB.SCMSecurityProtocolClientSideTranslatorPB.getCACertificate(SCMSecurityProtocolClientSideTranslatorPB.java:326)
	at org.junit.Assert.assertThrows(Assert.java:1001)
	at org.junit.Assert.assertThrows(Assert.java:981)
	at org.apache.hadoop.ozone.TestSecureOzoneCluster.testSCMSecurityProtocol(TestSecureOzoneCluster.java:405)
	at sun.reflect.NativeMethodAccessorImpl.invoke0(Native Method)
	at sun.reflect.NativeMethodAccessorImpl.invoke(NativeMethodAccessorImpl.java:62)
	at sun.reflect.DelegatingMethodAccessorImpl.invoke(DelegatingMethodAccessorImpl.java:43)
	at java.lang.reflect.Method.invoke(Method.java:498)
	at org.junit.runners.model.FrameworkMethod$1.runReflectiveCall(FrameworkMethod.java:59)
	at org.junit.internal.runners.model.ReflectiveCallable.run(ReflectiveCallable.java:12)
	at org.junit.runners.model.FrameworkMethod.invokeExplosively(FrameworkMethod.java:56)
	at org.junit.internal.runners.statements.InvokeMethod.evaluate(InvokeMethod.java:17)
	at org.junit.internal.runners.statements.RunBefores.evaluate(RunBefores.java:26)
	at org.junit.internal.runners.statements.RunAfters.evaluate(RunAfters.java:27)
	at org.junit.rules.ExternalResource$1.evaluate(ExternalResource.java:54)
	at org.junit.internal.runners.statements.FailOnTimeout$CallableStatement.call(FailOnTimeout.java:288)
	at org.junit.internal.runners.statements.FailOnTimeout$CallableStatement.call(FailOnTimeout.java:282)
	at java.util.concurrent.FutureTask.run(FutureTask.java:266)
	at java.lang.Thread.run(Thread.java:750)
2023-08-23 22:09:02,561 [Time-limited test] WARN  ipc.Client (Client.java:run(733)) - Exception encountered while connecting to the server 0.0.0.0/0.0.0.0:9961
org.apache.hadoop.security.AccessControlException: Client cannot authenticate via:[KERBEROS]
	at org.apache.hadoop.security.SaslRpcClient.selectSaslClient(SaslRpcClient.java:179)
	at org.apache.hadoop.security.SaslRpcClient.saslConnect(SaslRpcClient.java:392)
	at org.apache.hadoop.ipc.Client$Connection.setupSaslConnection(Client.java:561)
	at org.apache.hadoop.ipc.Client$Connection.access$2100(Client.java:347)
	at org.apache.hadoop.ipc.Client$Connection$2.run(Client.java:783)
	at org.apache.hadoop.ipc.Client$Connection$2.run(Client.java:779)
	at java.security.AccessController.doPrivileged(Native Method)
	at javax.security.auth.Subject.doAs(Subject.java:422)
	at org.apache.hadoop.security.UserGroupInformation.doAs(UserGroupInformation.java:1899)
	at org.apache.hadoop.ipc.Client$Connection.setupIOstreams(Client.java:779)
	at org.apache.hadoop.ipc.Client$Connection.access$3800(Client.java:347)
	at org.apache.hadoop.ipc.Client.getConnection(Client.java:1632)
	at org.apache.hadoop.ipc.Client.call(Client.java:1457)
	at org.apache.hadoop.ipc.Client.call(Client.java:1410)
	at org.apache.hadoop.ipc.ProtobufRpcEngine$Invoker.invoke(ProtobufRpcEngine.java:250)
	at org.apache.hadoop.ipc.ProtobufRpcEngine$Invoker.invoke(ProtobufRpcEngine.java:132)
	at com.sun.proxy.$Proxy26.submitRequest(Unknown Source)
	at sun.reflect.NativeMethodAccessorImpl.invoke0(Native Method)
	at sun.reflect.NativeMethodAccessorImpl.invoke(NativeMethodAccessorImpl.java:62)
	at sun.reflect.DelegatingMethodAccessorImpl.invoke(DelegatingMethodAccessorImpl.java:43)
	at java.lang.reflect.Method.invoke(Method.java:498)
	at org.apache.hadoop.io.retry.RetryInvocationHandler.invokeMethod(RetryInvocationHandler.java:433)
	at org.apache.hadoop.io.retry.RetryInvocationHandler$Call.invokeMethod(RetryInvocationHandler.java:166)
	at org.apache.hadoop.io.retry.RetryInvocationHandler$Call.invoke(RetryInvocationHandler.java:158)
	at org.apache.hadoop.io.retry.RetryInvocationHandler$Call.invokeOnce(RetryInvocationHandler.java:96)
	at org.apache.hadoop.io.retry.RetryInvocationHandler.invoke(RetryInvocationHandler.java:362)
	at com.sun.proxy.$Proxy26.submitRequest(Unknown Source)
	at org.apache.hadoop.hdds.protocolPB.SCMSecurityProtocolClientSideTranslatorPB.submitRequest(SCMSecurityProtocolClientSideTranslatorPB.java:102)
	at org.apache.hadoop.hdds.protocolPB.SCMSecurityProtocolClientSideTranslatorPB.getCertificate(SCMSecurityProtocolClientSideTranslatorPB.java:271)
	at org.apache.hadoop.ozone.TestSecureOzoneCluster.lambda$testSCMSecurityProtocol$1(TestSecureOzoneCluster.java:409)
	at org.junit.Assert.assertThrows(Assert.java:1001)
	at org.junit.Assert.assertThrows(Assert.java:981)
	at org.apache.hadoop.ozone.TestSecureOzoneCluster.testSCMSecurityProtocol(TestSecureOzoneCluster.java:408)
	at sun.reflect.NativeMethodAccessorImpl.invoke0(Native Method)
	at sun.reflect.NativeMethodAccessorImpl.invoke(NativeMethodAccessorImpl.java:62)
	at sun.reflect.DelegatingMethodAccessorImpl.invoke(DelegatingMethodAccessorImpl.java:43)
	at java.lang.reflect.Method.invoke(Method.java:498)
	at org.junit.runners.model.FrameworkMethod$1.runReflectiveCall(FrameworkMethod.java:59)
	at org.junit.internal.runners.model.ReflectiveCallable.run(ReflectiveCallable.java:12)
	at org.junit.runners.model.FrameworkMethod.invokeExplosively(FrameworkMethod.java:56)
	at org.junit.internal.runners.statements.InvokeMethod.evaluate(InvokeMethod.java:17)
	at org.junit.internal.runners.statements.RunBefores.evaluate(RunBefores.java:26)
	at org.junit.internal.runners.statements.RunAfters.evaluate(RunAfters.java:27)
	at org.junit.rules.ExternalResource$1.evaluate(ExternalResource.java:54)
	at org.junit.internal.runners.statements.FailOnTimeout$CallableStatement.call(FailOnTimeout.java:288)
	at org.junit.internal.runners.statements.FailOnTimeout$CallableStatement.call(FailOnTimeout.java:282)
	at java.util.concurrent.FutureTask.run(FutureTask.java:266)
	at java.lang.Thread.run(Thread.java:750)
2023-08-23 22:09:02,562 [Time-limited test] INFO  server.StorageContainerManager (StorageContainerManager.java:stop(1591)) - Container Balancer is not running.
2023-08-23 22:09:02,562 [Time-limited test] INFO  server.StorageContainerManager (StorageContainerManager.java:stopReplicationManager(1724)) - Stopping Replication Manager Service.
2023-08-23 22:09:02,562 [Time-limited test] INFO  replication.ReplicationManager (ReplicationManager.java:stop(319)) - Stopping Replication Monitor Thread.
2023-08-23 22:09:02,563 [Under Replicated Processor] WARN  replication.UnhealthyReplicationProcessor (UnhealthyReplicationProcessor.java:run(180)) - Under Replicated Processor interrupted. Exiting...
2023-08-23 22:09:02,565 [Over Replicated Processor] WARN  replication.UnhealthyReplicationProcessor (UnhealthyReplicationProcessor.java:run(180)) - Over Replicated Processor interrupted. Exiting...
2023-08-23 22:09:02,566 [ReplicationMonitor] INFO  replication.ReplicationManager (ReplicationManager.java:run(917)) - Replication Monitor Thread is stopped
2023-08-23 22:09:02,567 [Time-limited test] INFO  server.StorageContainerManager (StorageContainerManager.java:stop(1600)) - Stopping the Datanode Admin Monitor.
2023-08-23 22:09:02,567 [Time-limited test] INFO  server.StorageContainerManager (StorageContainerManager.java:stop(1607)) - Stopping datanode service RPC server
2023-08-23 22:09:02,568 [Time-limited test] INFO  server.SCMDatanodeProtocolServer (SCMDatanodeProtocolServer.java:stop(424)) - Stopping the RPC server for DataNodes
2023-08-23 22:09:02,568 [Time-limited test] INFO  ipc.Server (Server.java:stop(3523)) - Stopping server on 9861
2023-08-23 22:09:02,574 [IPC Server listener on 9861] INFO  ipc.Server (Server.java:run(1434)) - Stopping IPC Server listener on 9861
2023-08-23 22:09:02,576 [IPC Server Responder] INFO  ipc.Server (Server.java:run(1567)) - Stopping IPC Server Responder
2023-08-23 22:09:04,061 [SCM Heartbeat Processing Thread - 0] WARN  node.NodeStateManager (NodeStateManager.java:scheduleNextHealthCheck(874)) - Current Thread is interrupted, shutting down HB processing thread for Node Manager.
2023-08-23 22:09:04,063 [Time-limited test] INFO  server.StorageContainerManager (StorageContainerManager.java:stop(1615)) - Stopping block service RPC server
2023-08-23 22:09:04,063 [Time-limited test] INFO  server.SCMBlockProtocolServer (SCMBlockProtocolServer.java:stop(161)) - Stopping the RPC server for Block Protocol
2023-08-23 22:09:04,063 [Time-limited test] INFO  ipc.Server (Server.java:stop(3523)) - Stopping server on 9863
2023-08-23 22:09:04,067 [IPC Server listener on 9863] INFO  ipc.Server (Server.java:run(1434)) - Stopping IPC Server listener on 9863
2023-08-23 22:09:04,068 [IPC Server Responder] INFO  ipc.Server (Server.java:run(1567)) - Stopping IPC Server Responder
2023-08-23 22:09:04,068 [Time-limited test] INFO  server.StorageContainerManager (StorageContainerManager.java:stop(1622)) - Stopping the StorageContainerLocationProtocol RPC server
2023-08-23 22:09:04,068 [Time-limited test] INFO  server.SCMClientProtocolServer (SCMClientProtocolServer.java:stop(210)) - Stopping the RPC server for Client Protocol
2023-08-23 22:09:04,068 [Time-limited test] INFO  ipc.Server (Server.java:stop(3523)) - Stopping server on 9860
2023-08-23 22:09:04,072 [IPC Server Responder] INFO  ipc.Server (Server.java:run(1567)) - Stopping IPC Server Responder
2023-08-23 22:09:04,072 [Time-limited test] INFO  server.StorageContainerManager (StorageContainerManager.java:stop(1629)) - Stopping Storage Container Manager HTTP server.
2023-08-23 22:09:04,072 [IPC Server listener on 9860] INFO  ipc.Server (Server.java:run(1434)) - Stopping IPC Server listener on 9860
2023-08-23 22:09:04,076 [Time-limited test] INFO  handler.ContextHandler (ContextHandler.java:doStop(1159)) - Stopped o.e.j.w.WebAppContext@40d8b5e6{scm,/,null,STOPPED}{file:/home/runner/work/ozone/ozone/hadoop-ozone/integration-test/target/test-classes/webapps/scm}
2023-08-23 22:09:04,079 [Time-limited test] INFO  server.AbstractConnector (AbstractConnector.java:doStop(383)) - Stopped ServerConnector@5b10256{HTTP/1.1, (http/1.1)}{0.0.0.0:9876}
2023-08-23 22:09:04,080 [Time-limited test] INFO  server.session (HouseKeeper.java:stopScavenging(149)) - node0 Stopped scavenging
2023-08-23 22:09:04,080 [Time-limited test] INFO  handler.ContextHandler (ContextHandler.java:doStop(1159)) - Stopped o.e.j.s.ServletContextHandler@1910289f{static,/static,file:///home/runner/work/ozone/ozone/hadoop-ozone/integration-test/target/test-classes/webapps/static,STOPPED}
2023-08-23 22:09:04,083 [Time-limited test] INFO  handler.ContextHandler (ContextHandler.java:doStop(1159)) - Stopped o.e.j.s.ServletContextHandler@3449871c{logs,/logs,file:///home/runner/work/ozone/ozone/hadoop-ozone/integration-test/target/log,STOPPED}
2023-08-23 22:09:04,094 [Time-limited test] INFO  server.StorageContainerManager (StorageContainerManager.java:stop(1637)) - Stopping SCM LayoutVersionManager Service.
2023-08-23 22:09:04,094 [Time-limited test] INFO  server.SCMSecurityProtocolServer (SCMSecurityProtocolServer.java:stop(550)) - Stopping the SCMSecurityProtocolServer.
2023-08-23 22:09:04,094 [Time-limited test] INFO  ipc.Server (Server.java:stop(3523)) - Stopping server on 9961
2023-08-23 22:09:04,095 [IPC Server listener on 9961] INFO  ipc.Server (Server.java:run(1434)) - Stopping IPC Server listener on 9961
2023-08-23 22:09:04,096 [IPC Server Responder] INFO  ipc.Server (Server.java:run(1567)) - Stopping IPC Server Responder
2023-08-23 22:09:04,096 [Time-limited test] INFO  server.SCMUpdateServiceGrpcServer (SCMUpdateServiceGrpcServer.java:stop(73)) - SCMUpdateService stopping
2023-08-23 22:09:04,103 [Time-limited test] INFO  server.SCMUpdateServiceGrpcServer (SCMUpdateServiceGrpcServer.java:stop(85)) - SCMUpdateService stopped!
2023-08-23 22:09:04,103 [Time-limited test] INFO  server.StorageContainerManager (StorageContainerManager.java:stop(1649)) - Stopping Block Manager Service.
2023-08-23 22:09:04,103 [Time-limited test] INFO  utils.BackgroundService (BackgroundService.java:shutdown(141)) - Shutting down service SCMBlockDeletingService
2023-08-23 22:09:04,104 [Time-limited test] INFO  utils.BackgroundService (BackgroundService.java:shutdown(141)) - Shutting down service SCMBlockDeletingService
2023-08-23 22:09:04,104 [Time-limited test] INFO  server.StorageContainerManager (StorageContainerManager.java:stop(1669)) - Stopping SCM Event Queue.
2023-08-23 22:09:04,106 [JvmPauseMonitor0] INFO  util.JvmPauseMonitor (JvmPauseMonitor.java:run(109)) - JvmPauseMonitor-6c0fd516-4577-4707-aa2a-e569212b7d82: Stopped
2023-08-23 22:09:04,106 [Time-limited test] INFO  server.StorageContainerManager (StorageContainerManager.java:stop(1680)) - Stopping SCM HA services.
2023-08-23 22:09:04,107 [Time-limited test] INFO  pipeline.BackgroundPipelineCreator (BackgroundPipelineCreator.java:stop(149)) - Stopping RatisPipelineUtilsThread.
2023-08-23 22:09:04,107 [RatisPipelineUtilsThread - 0] WARN  pipeline.BackgroundPipelineCreator (BackgroundPipelineCreator.java:run(180)) - RatisPipelineUtilsThread is interrupted.
2023-08-23 22:09:04,108 [Time-limited test] INFO  BackgroundPipelineScrubber (BackgroundSCMService.java:stop(131)) - Stopping BackgroundPipelineScrubber Service.
2023-08-23 22:09:04,108 [BackgroundPipelineScrubberThread] WARN  BackgroundPipelineScrubber (BackgroundSCMService.java:run(115)) - BackgroundPipelineScrubber is interrupted, exit
2023-08-23 22:09:04,109 [Time-limited test] INFO  impl.MetricsSystemImpl (MetricsSystemImpl.java:stop(210)) - Stopping StorageContainerManager metrics system...
2023-08-23 22:09:04,110 [prometheus] INFO  impl.MetricsSinkAdapter (MetricsSinkAdapter.java:publishMetricsFromQueue(141)) - prometheus thread interrupted.
2023-08-23 22:09:04,110 [Time-limited test] INFO  impl.MetricsSystemImpl (MetricsSystemImpl.java:stop(216)) - StorageContainerManager metrics system stopped.
2023-08-23 22:09:04,111 [Time-limited test] WARN  pipeline.BackgroundPipelineCreator (BackgroundPipelineCreator.java:stop(145)) - RatisPipelineUtilsThread is not running, just ignore.
2023-08-23 22:09:04,111 [Time-limited test] INFO  BackgroundPipelineScrubber (BackgroundSCMService.java:stop(126)) - BackgroundPipelineScrubber Service is not running, skip stop.
2023-08-23 22:09:04,111 [Time-limited test] INFO  ExpiredContainerReplicaOpScrubber (BackgroundSCMService.java:stop(131)) - Stopping ExpiredContainerReplicaOpScrubber Service.
2023-08-23 22:09:04,111 [ExpiredContainerReplicaOpScrubberThread] WARN  ExpiredContainerReplicaOpScrubber (BackgroundSCMService.java:run(115)) - ExpiredContainerReplicaOpScrubber is interrupted, exit
2023-08-23 22:09:04,116 [Time-limited test] INFO  utils.BackgroundService (BackgroundService.java:shutdown(141)) - Shutting down service SCMBlockDeletingService
2023-08-23 22:09:04,116 [Time-limited test] INFO  replication.ReplicationManager (ReplicationManager.java:stop(329)) - Replication Monitor Thread is not running.
2023-08-23 22:09:04,116 [Time-limited test] WARN  balancer.ContainerBalancer (ContainerBalancer.java:stop(326)) - Cannot stop Container Balancer because it's not running or stopping
2023-08-23 22:09:04,117 [Time-limited test] INFO  server.StorageContainerManager (StorageContainerManager.java:stop(1715)) - Stopping SCM MetadataStore.
2023-08-23 22:09:04,121 [Time-limited test] INFO  impl.DefaultInternalKdcServerImpl (DefaultInternalKdcServerImpl.java:doStop(102)) - Default Internal kdc server stopped.
2023-08-23 22:09:05,121 [Time-limited test] INFO  minikdc.MiniKdc (MiniKdc.java:stop(359)) - MiniKdc stopped.
2023-08-23 22:09:05,122 [Time-limited test] INFO  server.StorageContainerManager (StorageContainerManager.java:stop(1580)) - Storage Container Manager is not running.
2023-08-23 22:09:05,123 [Time-limited test] INFO  server.StorageContainerManager (StorageContainerManager.java:stopReplicationManager(1724)) - Stopping Replication Manager Service.
2023-08-23 22:09:05,123 [Time-limited test] INFO  replication.ReplicationManager (ReplicationManager.java:stop(329)) - Replication Monitor Thread is not running.
2023-08-23 22:09:05,123 [Time-limited test] INFO  server.SCMSecurityProtocolServer (SCMSecurityProtocolServer.java:join(560)) - Join RPC server for SCMSecurityProtocolServer.
2023-08-23 22:09:05,123 [Time-limited test] INFO  server.SCMSecurityProtocolServer (SCMSecurityProtocolServer.java:join(562)) - Join gRPC server for SCMSecurityProtocolServer.
]]></system-out>
  </testcase>
  <testcase name="testSecureOmReInit" classname="org.apache.hadoop.ozone.TestSecureOzoneCluster" time="12.062">
    <system-out><![CDATA[2023-08-23 22:09:05,146 [Time-limited test] INFO  net.ServerSocketUtil (ServerSocketUtil.java:getPort(55)) - Using port 9860
2023-08-23 22:09:05,146 [Time-limited test] INFO  net.ServerSocketUtil (ServerSocketUtil.java:getPort(55)) - Using port 9861
2023-08-23 22:09:05,146 [Time-limited test] INFO  net.ServerSocketUtil (ServerSocketUtil.java:getPort(55)) - Using port 9863
2023-08-23 22:09:05,146 [Time-limited test] INFO  net.ServerSocketUtil (ServerSocketUtil.java:getPort(55)) - Using port 9961
2023-08-23 22:09:05,146 [Time-limited test] INFO  net.ServerSocketUtil (ServerSocketUtil.java:getPort(55)) - Using port 1200
2023-08-23 22:09:05,146 [Time-limited test] INFO  net.ServerSocketUtil (ServerSocketUtil.java:getPort(55)) - Using port 1201
2023-08-23 22:09:05,146 [Time-limited test] INFO  minikdc.MiniKdc (MiniKdc.java:<init>(225)) - Configuration:
2023-08-23 22:09:05,146 [Time-limited test] INFO  minikdc.MiniKdc (MiniKdc.java:<init>(226)) - ---------------------------------------------------------------
2023-08-23 22:09:05,147 [Time-limited test] INFO  minikdc.MiniKdc (MiniKdc.java:<init>(228)) -   debug: false
2023-08-23 22:09:05,147 [Time-limited test] INFO  minikdc.MiniKdc (MiniKdc.java:<init>(228)) -   transport: TCP
2023-08-23 22:09:05,147 [Time-limited test] INFO  minikdc.MiniKdc (MiniKdc.java:<init>(228)) -   max.ticket.lifetime: 86400000
2023-08-23 22:09:05,147 [Time-limited test] INFO  minikdc.MiniKdc (MiniKdc.java:<init>(228)) -   org.name: EXAMPLE
2023-08-23 22:09:05,147 [Time-limited test] INFO  minikdc.MiniKdc (MiniKdc.java:<init>(228)) -   kdc.port: 0
2023-08-23 22:09:05,147 [Time-limited test] INFO  minikdc.MiniKdc (MiniKdc.java:<init>(228)) -   org.domain: COM
2023-08-23 22:09:05,147 [Time-limited test] INFO  minikdc.MiniKdc (MiniKdc.java:<init>(228)) -   max.renewable.lifetime: 604800000
2023-08-23 22:09:05,147 [Time-limited test] INFO  minikdc.MiniKdc (MiniKdc.java:<init>(228)) -   instance: DefaultKrbServer
2023-08-23 22:09:05,147 [Time-limited test] INFO  minikdc.MiniKdc (MiniKdc.java:<init>(228)) -   kdc.bind.address: localhost
2023-08-23 22:09:05,147 [Time-limited test] INFO  minikdc.MiniKdc (MiniKdc.java:<init>(230)) - ---------------------------------------------------------------
2023-08-23 22:09:05,149 [Time-limited test] INFO  minikdc.MiniKdc (MiniKdc.java:start(285)) - MiniKdc started.
2023-08-23 22:09:05,253 [Time-limited test] INFO  om.OzoneManager (OzoneManager.java:getOmDetailsProto(4552)) - OzoneManager ports added:[name: "RPC"
value: 1202
]
2023-08-23 22:09:05,254 [Time-limited test] WARN  server.ServerUtils (ServerUtils.java:getScmDbDir(155)) - ozone.scm.db.dirs is not configured. We recommend adding this setting. Falling back to ozone.metadata.dirs instead.
2023-08-23 22:09:05,258 [Time-limited test] INFO  ha.HASecurityUtils (HASecurityUtils.java:initializeSecurity(98)) - Initializing secure StorageContainerManager.
2023-08-23 22:09:05,260 [Time-limited test] INFO  client.SCMCertificateClient (DefaultCertificateClient.java:updateCertSerialId(1244)) - Certificate serial ID set to null
2023-08-23 22:09:05,260 [Time-limited test] ERROR client.SCMCertificateClient (DefaultCertificateClient.java:getCertPath(362)) - Default certificate serial id is not set. Can't locate the default certificate for this client.
2023-08-23 22:09:05,260 [Time-limited test] INFO  client.SCMCertificateClient (DefaultCertificateClient.java:init(715)) - Certificate client init case: 0
2023-08-23 22:09:05,261 [Time-limited test] INFO  client.SCMCertificateClient (SCMCertificateClient.java:handleCase(103)) - Creating keypair for client as keypair and certificate not found.
2023-08-23 22:09:05,908 [Time-limited test] INFO  ha.HASecurityUtils (HASecurityUtils.java:initializeSecurity(108)) - Init response: GETCERT
2023-08-23 22:09:05,983 [Time-limited test] INFO  ozone.OzoneSecurityUtil (OzoneSecurityUtil.java:getValidInetsForCurrentHost(119)) - ip:fe80:0:0:0:20d:3aff:fed9:fc2e%eth0 not returned.
2023-08-23 22:09:05,983 [Time-limited test] INFO  ozone.OzoneSecurityUtil (OzoneSecurityUtil.java:getValidInetsForCurrentHost(116)) - Adding ip:10.1.0.14,host:fv-az621-511.fpnbra3ad0zu1hpqauu4rsdf4e.cx.internal.cloudapp.net
2023-08-23 22:09:05,983 [Time-limited test] INFO  ozone.OzoneSecurityUtil (OzoneSecurityUtil.java:getValidInetsForCurrentHost(119)) - ip:0:0:0:0:0:0:0:1%lo not returned.
2023-08-23 22:09:05,983 [Time-limited test] INFO  ozone.OzoneSecurityUtil (OzoneSecurityUtil.java:getValidInetsForCurrentHost(119)) - ip:127.0.0.1 not returned.
2023-08-23 22:09:05,987 [Time-limited test] INFO  utils.SelfSignedCertificate (SelfSignedCertificate.java:generateCertificate(157)) - Certificate 1 is issued by CN=scm-1@fv-az621-511,OU=b2439c34-7427-4de7-95e0-e5820db56367,O=82759f4d-00d8-42d6-86ec-0986cca48b39 to CN=scm-1@fv-az621-511,OU=b2439c34-7427-4de7-95e0-e5820db56367,O=82759f4d-00d8-42d6-86ec-0986cca48b39, valid from Wed Aug 23 22:09:05 UTC 2023 to Sat Sep 30 22:09:05 UTC 2028
2023-08-23 22:09:05,989 [Time-limited test] INFO  utils.CertificateCodec (CertificateCodec.java:writeCertificate(299)) - Save certificate to /tmp/junit6737305900874780310/junit4948669259078642878/scm-meta/scm/ca/certs/certificate.crt
2023-08-23 22:09:05,989 [Time-limited test] INFO  utils.CertificateCodec (CertificateCodec.java:writeCertificate(300)) - Certificate -----BEGIN CERTIFICATE-----
MIID5zCCAs+gAwIBAgIBATANBgkqhkiG9w0BAQsFADB7MRswGQYDVQQDDBJzY20t
MUBmdi1hejYyMS01MTExLTArBgNVBAsMJGIyNDM5YzM0LTc0MjctNGRlNy05NWUw
LWU1ODIwZGI1NjM2NzEtMCsGA1UECgwkODI3NTlmNGQtMDBkOC00MmQ2LTg2ZWMt
MDk4NmNjYTQ4YjM5MB4XDTIzMDgyMzIyMDkwNVoXDTI4MDkzMDIyMDkwNVowezEb
MBkGA1UEAwwSc2NtLTFAZnYtYXo2MjEtNTExMS0wKwYDVQQLDCRiMjQzOWMzNC03
NDI3LTRkZTctOTVlMC1lNTgyMGRiNTYzNjcxLTArBgNVBAoMJDgyNzU5ZjRkLTAw
ZDgtNDJkNi04NmVjLTA5ODZjY2E0OGIzOTCCASIwDQYJKoZIhvcNAQEBBQADggEP
ADCCAQoCggEBAJusb8V0kn7advizdF9Sj4a7ReBWqme2oCkjy9Xz2t1P+CXn1Cfj
bIQZAeBl5uASqL+wMZNtMZfiSU3Og46NKDhAkUcyjG9O8eGVt2yuC4wqnwhzaYj1
ieE9QsnjdJZt9IRVjaqLnOqofKhLT+2BSrWXr+8TkjUMvkfkv9FQ3DS0xewGMLUZ
Omzf5A9hdmyOrHoTzOOzrgSvf4jSlaqVzDytOeZa1gRHPpHgrmwOx5BcGTJTG7Wi
0gGNVQk79lbjFTkhwzSZTDVhPC7b/oxZoFwR3I+W8ZpBf/V2CoQyLGTDHe4HfyNA
6HhUsD6em+9fQAyYdRWvcJJd9B0UCGeq2qECAwEAAaN2MHQwDwYDVR0TAQH/BAUw
AwEB/zAOBgNVHQ8BAf8EBAMCAQYwUQYDVR0RBEowSIcECgEADoJAZnYtYXo2MjEt
NTExLmZwbmJyYTNhZDB6dTFocHFhdXU0cnNkZjRlLmN4LmludGVybmFsLmNsb3Vk
YXBwLm5ldDANBgkqhkiG9w0BAQsFAAOCAQEAfp0R2BVuReEaGHBuNL3zfyc897i/
5/ReNe72JKWDpafZK5FyK/bu5ZQwScB3pNi5kdXYQYqsC9MOH8NW4wTs7aH5WkMc
xvOQPNRWJNOUIgJktOsrais8XbMTJa/a5CUhipPBTuxi2kLhFruDlVzq3D9SXgla
4lYemhQn85wlkCz+29CTjghP09gQhDFXx4Rk3LKD8HJLPbGSI8S9ScAp04RE4LRC
sdycQCdYpVqJ7lSY4Wv9pqlz1w9zVhO83cE51UVxC7Wl762GKrBfrtIuXiAD9KSR
jHlArWXiQzfXHBq65PPjtG0fmBghxN/XnymdVfxik9fO4zOicLJ5mO29bA==
-----END CERTIFICATE-----

2023-08-23 22:09:05,989 [Time-limited test] INFO  client.SCMCertificateClient (SCMCertificateClient.java:getCSRBuilder(165)) - Creating csr for SCM->hostName:fv-az621-511,scmId:b2439c34-7427-4de7-95e0-e5820db56367,clusterId:82759f4d-00d8-42d6-86ec-0986cca48b39,subject:scm-sub-1417158578599@fv-az621-511
2023-08-23 22:09:05,990 [Time-limited test] INFO  ozone.OzoneSecurityUtil (OzoneSecurityUtil.java:getValidInetsForCurrentHost(119)) - ip:fe80:0:0:0:20d:3aff:fed9:fc2e%eth0 not returned.
2023-08-23 22:09:05,990 [Time-limited test] INFO  ozone.OzoneSecurityUtil (OzoneSecurityUtil.java:getValidInetsForCurrentHost(116)) - Adding ip:10.1.0.14,host:fv-az621-511.fpnbra3ad0zu1hpqauu4rsdf4e.cx.internal.cloudapp.net
2023-08-23 22:09:05,990 [Time-limited test] INFO  ozone.OzoneSecurityUtil (OzoneSecurityUtil.java:getValidInetsForCurrentHost(119)) - ip:0:0:0:0:0:0:0:1%lo not returned.
2023-08-23 22:09:05,990 [Time-limited test] INFO  ozone.OzoneSecurityUtil (OzoneSecurityUtil.java:getValidInetsForCurrentHost(119)) - ip:127.0.0.1 not returned.
2023-08-23 22:09:05,990 [Time-limited test] INFO  ha.HASecurityUtils (HASecurityUtils.java:generateCSR(308)) - Creating csr for SCM->hostName:fv-az621-511,scmId:b2439c34-7427-4de7-95e0-e5820db56367,clusterId:82759f4d-00d8-42d6-86ec-0986cca48b39,subject:scm-sub-1417159350297@fv-az621-511
2023-08-23 22:09:05,995 [Time-limited test] INFO  authority.DefaultApprover (DefaultApprover.java:sign(154)) - Extensions in CSR: 2.5.29.19, 2.5.29.15, 2.5.29.17
2023-08-23 22:09:05,995 [Time-limited test] INFO  authority.DefaultApprover (DefaultApprover.java:sign(158)) - Extensions to add to the certificate if they present in CSR: 2.5.29.17, 2.5.29.19, 1.3.6.1.5.5.7.1.12, 2.5.29.35, 2.5.29.37, 2.5.29.15
2023-08-23 22:09:06,000 [Time-limited test] INFO  utils.CertificateCodec (CertificateCodec.java:writeCertificate(299)) - Save certificate to /tmp/junit6737305900874780310/junit4948669259078642878/scm-meta/scm/sub-ca/certs/CA-1.crt
2023-08-23 22:09:06,000 [Time-limited test] INFO  utils.CertificateCodec (CertificateCodec.java:writeCertificate(300)) - Certificate -----BEGIN CERTIFICATE-----
MIID5zCCAs+gAwIBAgIBATANBgkqhkiG9w0BAQsFADB7MRswGQYDVQQDDBJzY20t
MUBmdi1hejYyMS01MTExLTArBgNVBAsMJGIyNDM5YzM0LTc0MjctNGRlNy05NWUw
LWU1ODIwZGI1NjM2NzEtMCsGA1UECgwkODI3NTlmNGQtMDBkOC00MmQ2LTg2ZWMt
MDk4NmNjYTQ4YjM5MB4XDTIzMDgyMzIyMDkwNVoXDTI4MDkzMDIyMDkwNVowezEb
MBkGA1UEAwwSc2NtLTFAZnYtYXo2MjEtNTExMS0wKwYDVQQLDCRiMjQzOWMzNC03
NDI3LTRkZTctOTVlMC1lNTgyMGRiNTYzNjcxLTArBgNVBAoMJDgyNzU5ZjRkLTAw
ZDgtNDJkNi04NmVjLTA5ODZjY2E0OGIzOTCCASIwDQYJKoZIhvcNAQEBBQADggEP
ADCCAQoCggEBAJusb8V0kn7advizdF9Sj4a7ReBWqme2oCkjy9Xz2t1P+CXn1Cfj
bIQZAeBl5uASqL+wMZNtMZfiSU3Og46NKDhAkUcyjG9O8eGVt2yuC4wqnwhzaYj1
ieE9QsnjdJZt9IRVjaqLnOqofKhLT+2BSrWXr+8TkjUMvkfkv9FQ3DS0xewGMLUZ
Omzf5A9hdmyOrHoTzOOzrgSvf4jSlaqVzDytOeZa1gRHPpHgrmwOx5BcGTJTG7Wi
0gGNVQk79lbjFTkhwzSZTDVhPC7b/oxZoFwR3I+W8ZpBf/V2CoQyLGTDHe4HfyNA
6HhUsD6em+9fQAyYdRWvcJJd9B0UCGeq2qECAwEAAaN2MHQwDwYDVR0TAQH/BAUw
AwEB/zAOBgNVHQ8BAf8EBAMCAQYwUQYDVR0RBEowSIcECgEADoJAZnYtYXo2MjEt
NTExLmZwbmJyYTNhZDB6dTFocHFhdXU0cnNkZjRlLmN4LmludGVybmFsLmNsb3Vk
YXBwLm5ldDANBgkqhkiG9w0BAQsFAAOCAQEAfp0R2BVuReEaGHBuNL3zfyc897i/
5/ReNe72JKWDpafZK5FyK/bu5ZQwScB3pNi5kdXYQYqsC9MOH8NW4wTs7aH5WkMc
xvOQPNRWJNOUIgJktOsrais8XbMTJa/a5CUhipPBTuxi2kLhFruDlVzq3D9SXgla
4lYemhQn85wlkCz+29CTjghP09gQhDFXx4Rk3LKD8HJLPbGSI8S9ScAp04RE4LRC
sdycQCdYpVqJ7lSY4Wv9pqlz1w9zVhO83cE51UVxC7Wl762GKrBfrtIuXiAD9KSR
jHlArWXiQzfXHBq65PPjtG0fmBghxN/XnymdVfxik9fO4zOicLJ5mO29bA==
-----END CERTIFICATE-----

2023-08-23 22:09:06,001 [Time-limited test] INFO  utils.CertificateCodec (CertificateCodec.java:writeCertificate(299)) - Save certificate to /tmp/junit6737305900874780310/junit4948669259078642878/scm-meta/scm/sub-ca/certs/1417163755485.crt
2023-08-23 22:09:06,001 [Time-limited test] INFO  utils.CertificateCodec (CertificateCodec.java:writeCertificate(300)) - Certificate -----BEGIN CERTIFICATE-----
MIID/TCCAuWgAwIBAgIGAUn1is/dMA0GCSqGSIb3DQEBCwUAMHsxGzAZBgNVBAMM
EnNjbS0xQGZ2LWF6NjIxLTUxMTEtMCsGA1UECwwkYjI0MzljMzQtNzQyNy00ZGU3
LTk1ZTAtZTU4MjBkYjU2MzY3MS0wKwYDVQQKDCQ4Mjc1OWY0ZC0wMGQ4LTQyZDYt
ODZlYy0wOTg2Y2NhNDhiMzkwHhcNMjMwODIzMjIwOTA1WhcNMjgwOTMwMjIwOTA1
WjCBizErMCkGA1UEAwwic2NtLXN1Yi0xNDE3MTU5MzUwMjk3QGZ2LWF6NjIxLTUx
MTEtMCsGA1UECwwkYjI0MzljMzQtNzQyNy00ZGU3LTk1ZTAtZTU4MjBkYjU2MzY3
MS0wKwYDVQQKDCQ4Mjc1OWY0ZC0wMGQ4LTQyZDYtODZlYy0wOTg2Y2NhNDhiMzkw
ggEiMA0GCSqGSIb3DQEBAQUAA4IBDwAwggEKAoIBAQDezPWBSXZ4Ds9YfW3gWhmG
yYReq7ADJ5TNb+gUdKlVZTMxf+RG/GOqzZS95jVLPj8iDYzG8MYvFfhNYo0tniq9
OMs1RFwiPeT58397Ken5l8WzdhFCbtBislQv6x3mq/6E27pU8IWXDgnGfbok0uLt
41rgIeOe0NYLBOwobCb/ffpBjjTEEcix0LTD2kPEY9Hi5bj2KAhtUQ2syaAJNf2j
+L3Xa/ekmr+FvumyX54tHB1NY7qKtZiCVe1QbKWLUuKUvE+DMqdkEl60jPkjL63/
3mByIRkwSV9J+ZoI7coUgXysrrfo6qVWQmvBlDAhosxsQvYXMpXQR0Xa2dZRUH/B
AgMBAAGjdjB0MFEGA1UdEQRKMEiHBAoBAA6CQGZ2LWF6NjIxLTUxMS5mcG5icmEz
YWQwenUxaHBxYXV1NHJzZGY0ZS5jeC5pbnRlcm5hbC5jbG91ZGFwcC5uZXQwDwYD
VR0TAQH/BAUwAwEB/zAOBgNVHQ8BAf8EBAMCAb4wDQYJKoZIhvcNAQELBQADggEB
AIKhvo2JbYy6Uj/4AWo5ePpRZhmbdwMQi31c8t14zq8ANUKuOaOoB30HwFIysYes
d8zRNwxq5dYu54zd+uYLy0TlXewwGk+nDjQ/ZN1xc2SlrRo3IMUYvKY/LB3NqTh6
UNhkH5MFp7eX6eWfAdbFnQogqsTL8OFcevrU4nD0x/mzgN5SNTItJfracCGRQK5Z
/nRQrLoXOuf+/vj/DJ1qyxXz3/pyU5KClnprxrxPRBYstn7UiaxVzDbQYruJOl/r
oWed7COSnOGNLIfvTQVYl3SrhShCgr2PV5zmuzOzRzw6dv1NyTJ0b/KqJ0rwJU69
hzbMdhSKwUJZVXgShubwW1U=
-----END CERTIFICATE-----

-----BEGIN CERTIFICATE-----
MIID5zCCAs+gAwIBAgIBATANBgkqhkiG9w0BAQsFADB7MRswGQYDVQQDDBJzY20t
MUBmdi1hejYyMS01MTExLTArBgNVBAsMJGIyNDM5YzM0LTc0MjctNGRlNy05NWUw
LWU1ODIwZGI1NjM2NzEtMCsGA1UECgwkODI3NTlmNGQtMDBkOC00MmQ2LTg2ZWMt
MDk4NmNjYTQ4YjM5MB4XDTIzMDgyMzIyMDkwNVoXDTI4MDkzMDIyMDkwNVowezEb
MBkGA1UEAwwSc2NtLTFAZnYtYXo2MjEtNTExMS0wKwYDVQQLDCRiMjQzOWMzNC03
NDI3LTRkZTctOTVlMC1lNTgyMGRiNTYzNjcxLTArBgNVBAoMJDgyNzU5ZjRkLTAw
ZDgtNDJkNi04NmVjLTA5ODZjY2E0OGIzOTCCASIwDQYJKoZIhvcNAQEBBQADggEP
ADCCAQoCggEBAJusb8V0kn7advizdF9Sj4a7ReBWqme2oCkjy9Xz2t1P+CXn1Cfj
bIQZAeBl5uASqL+wMZNtMZfiSU3Og46NKDhAkUcyjG9O8eGVt2yuC4wqnwhzaYj1
ieE9QsnjdJZt9IRVjaqLnOqofKhLT+2BSrWXr+8TkjUMvkfkv9FQ3DS0xewGMLUZ
Omzf5A9hdmyOrHoTzOOzrgSvf4jSlaqVzDytOeZa1gRHPpHgrmwOx5BcGTJTG7Wi
0gGNVQk79lbjFTkhwzSZTDVhPC7b/oxZoFwR3I+W8ZpBf/V2CoQyLGTDHe4HfyNA
6HhUsD6em+9fQAyYdRWvcJJd9B0UCGeq2qECAwEAAaN2MHQwDwYDVR0TAQH/BAUw
AwEB/zAOBgNVHQ8BAf8EBAMCAQYwUQYDVR0RBEowSIcECgEADoJAZnYtYXo2MjEt
NTExLmZwbmJyYTNhZDB6dTFocHFhdXU0cnNkZjRlLmN4LmludGVybmFsLmNsb3Vk
YXBwLm5ldDANBgkqhkiG9w0BAQsFAAOCAQEAfp0R2BVuReEaGHBuNL3zfyc897i/
5/ReNe72JKWDpafZK5FyK/bu5ZQwScB3pNi5kdXYQYqsC9MOH8NW4wTs7aH5WkMc
xvOQPNRWJNOUIgJktOsrais8XbMTJa/a5CUhipPBTuxi2kLhFruDlVzq3D9SXgla
4lYemhQn85wlkCz+29CTjghP09gQhDFXx4Rk3LKD8HJLPbGSI8S9ScAp04RE4LRC
sdycQCdYpVqJ7lSY4Wv9pqlz1w9zVhO83cE51UVxC7Wl762GKrBfrtIuXiAD9KSR
jHlArWXiQzfXHBq65PPjtG0fmBghxN/XnymdVfxik9fO4zOicLJ5mO29bA==
-----END CERTIFICATE-----

2023-08-23 22:09:06,001 [Time-limited test] INFO  utils.CertificateCodec (CertificateCodec.java:writeCertificate(299)) - Save certificate to /tmp/junit6737305900874780310/junit4948669259078642878/scm-meta/scm/sub-ca/certs/certificate.crt
2023-08-23 22:09:06,001 [Time-limited test] INFO  utils.CertificateCodec (CertificateCodec.java:writeCertificate(300)) - Certificate -----BEGIN CERTIFICATE-----
MIID/TCCAuWgAwIBAgIGAUn1is/dMA0GCSqGSIb3DQEBCwUAMHsxGzAZBgNVBAMM
EnNjbS0xQGZ2LWF6NjIxLTUxMTEtMCsGA1UECwwkYjI0MzljMzQtNzQyNy00ZGU3
LTk1ZTAtZTU4MjBkYjU2MzY3MS0wKwYDVQQKDCQ4Mjc1OWY0ZC0wMGQ4LTQyZDYt
ODZlYy0wOTg2Y2NhNDhiMzkwHhcNMjMwODIzMjIwOTA1WhcNMjgwOTMwMjIwOTA1
WjCBizErMCkGA1UEAwwic2NtLXN1Yi0xNDE3MTU5MzUwMjk3QGZ2LWF6NjIxLTUx
MTEtMCsGA1UECwwkYjI0MzljMzQtNzQyNy00ZGU3LTk1ZTAtZTU4MjBkYjU2MzY3
MS0wKwYDVQQKDCQ4Mjc1OWY0ZC0wMGQ4LTQyZDYtODZlYy0wOTg2Y2NhNDhiMzkw
ggEiMA0GCSqGSIb3DQEBAQUAA4IBDwAwggEKAoIBAQDezPWBSXZ4Ds9YfW3gWhmG
yYReq7ADJ5TNb+gUdKlVZTMxf+RG/GOqzZS95jVLPj8iDYzG8MYvFfhNYo0tniq9
OMs1RFwiPeT58397Ken5l8WzdhFCbtBislQv6x3mq/6E27pU8IWXDgnGfbok0uLt
41rgIeOe0NYLBOwobCb/ffpBjjTEEcix0LTD2kPEY9Hi5bj2KAhtUQ2syaAJNf2j
+L3Xa/ekmr+FvumyX54tHB1NY7qKtZiCVe1QbKWLUuKUvE+DMqdkEl60jPkjL63/
3mByIRkwSV9J+ZoI7coUgXysrrfo6qVWQmvBlDAhosxsQvYXMpXQR0Xa2dZRUH/B
AgMBAAGjdjB0MFEGA1UdEQRKMEiHBAoBAA6CQGZ2LWF6NjIxLTUxMS5mcG5icmEz
YWQwenUxaHBxYXV1NHJzZGY0ZS5jeC5pbnRlcm5hbC5jbG91ZGFwcC5uZXQwDwYD
VR0TAQH/BAUwAwEB/zAOBgNVHQ8BAf8EBAMCAb4wDQYJKoZIhvcNAQELBQADggEB
AIKhvo2JbYy6Uj/4AWo5ePpRZhmbdwMQi31c8t14zq8ANUKuOaOoB30HwFIysYes
d8zRNwxq5dYu54zd+uYLy0TlXewwGk+nDjQ/ZN1xc2SlrRo3IMUYvKY/LB3NqTh6
UNhkH5MFp7eX6eWfAdbFnQogqsTL8OFcevrU4nD0x/mzgN5SNTItJfracCGRQK5Z
/nRQrLoXOuf+/vj/DJ1qyxXz3/pyU5KClnprxrxPRBYstn7UiaxVzDbQYruJOl/r
oWed7COSnOGNLIfvTQVYl3SrhShCgr2PV5zmuzOzRzw6dv1NyTJ0b/KqJ0rwJU69
hzbMdhSKwUJZVXgShubwW1U=
-----END CERTIFICATE-----

-----BEGIN CERTIFICATE-----
MIID5zCCAs+gAwIBAgIBATANBgkqhkiG9w0BAQsFADB7MRswGQYDVQQDDBJzY20t
MUBmdi1hejYyMS01MTExLTArBgNVBAsMJGIyNDM5YzM0LTc0MjctNGRlNy05NWUw
LWU1ODIwZGI1NjM2NzEtMCsGA1UECgwkODI3NTlmNGQtMDBkOC00MmQ2LTg2ZWMt
MDk4NmNjYTQ4YjM5MB4XDTIzMDgyMzIyMDkwNVoXDTI4MDkzMDIyMDkwNVowezEb
MBkGA1UEAwwSc2NtLTFAZnYtYXo2MjEtNTExMS0wKwYDVQQLDCRiMjQzOWMzNC03
NDI3LTRkZTctOTVlMC1lNTgyMGRiNTYzNjcxLTArBgNVBAoMJDgyNzU5ZjRkLTAw
ZDgtNDJkNi04NmVjLTA5ODZjY2E0OGIzOTCCASIwDQYJKoZIhvcNAQEBBQADggEP
ADCCAQoCggEBAJusb8V0kn7advizdF9Sj4a7ReBWqme2oCkjy9Xz2t1P+CXn1Cfj
bIQZAeBl5uASqL+wMZNtMZfiSU3Og46NKDhAkUcyjG9O8eGVt2yuC4wqnwhzaYj1
ieE9QsnjdJZt9IRVjaqLnOqofKhLT+2BSrWXr+8TkjUMvkfkv9FQ3DS0xewGMLUZ
Omzf5A9hdmyOrHoTzOOzrgSvf4jSlaqVzDytOeZa1gRHPpHgrmwOx5BcGTJTG7Wi
0gGNVQk79lbjFTkhwzSZTDVhPC7b/oxZoFwR3I+W8ZpBf/V2CoQyLGTDHe4HfyNA
6HhUsD6em+9fQAyYdRWvcJJd9B0UCGeq2qECAwEAAaN2MHQwDwYDVR0TAQH/BAUw
AwEB/zAOBgNVHQ8BAf8EBAMCAQYwUQYDVR0RBEowSIcECgEADoJAZnYtYXo2MjEt
NTExLmZwbmJyYTNhZDB6dTFocHFhdXU0cnNkZjRlLmN4LmludGVybmFsLmNsb3Vk
YXBwLm5ldDANBgkqhkiG9w0BAQsFAAOCAQEAfp0R2BVuReEaGHBuNL3zfyc897i/
5/ReNe72JKWDpafZK5FyK/bu5ZQwScB3pNi5kdXYQYqsC9MOH8NW4wTs7aH5WkMc
xvOQPNRWJNOUIgJktOsrais8XbMTJa/a5CUhipPBTuxi2kLhFruDlVzq3D9SXgla
4lYemhQn85wlkCz+29CTjghP09gQhDFXx4Rk3LKD8HJLPbGSI8S9ScAp04RE4LRC
sdycQCdYpVqJ7lSY4Wv9pqlz1w9zVhO83cE51UVxC7Wl762GKrBfrtIuXiAD9KSR
jHlArWXiQzfXHBq65PPjtG0fmBghxN/XnymdVfxik9fO4zOicLJ5mO29bA==
-----END CERTIFICATE-----

2023-08-23 22:09:06,002 [Time-limited test] INFO  ha.HASecurityUtils (HASecurityUtils.java:initializeSecurity(121)) - Successfully stored SCM signed certificate.
2023-08-23 22:09:06,006 [Time-limited test] WARN  server.ServerUtils (ServerUtils.java:getScmDbDir(155)) - ozone.scm.db.dirs is not configured. We recommend adding this setting. Falling back to ozone.metadata.dirs instead.
2023-08-23 22:09:06,006 [Time-limited test] INFO  ha.SCMHANodeDetails (SCMHANodeDetails.java:loadSCMHAConfig(210)) - ServiceID for StorageContainerManager is null
2023-08-23 22:09:06,006 [Time-limited test] INFO  ha.SCMHANodeDetails (SCMHANodeDetails.java:loadSCMHAConfig(215)) - ozone.scm.default.service.id is not defined, falling back to ozone.scm.service.ids to find serviceID for StorageContainerManager if it is HA enabled cluster
2023-08-23 22:09:06,011 [pool-40-thread-1] INFO  request.KdcRequest (KdcRequest.java:preauth(651)) - The preauth data is empty.
2023-08-23 22:09:06,011 [pool-40-thread-1] INFO  server.KdcHandler (KdcHandler.java:handleRecoverableException(177)) - KRB error occurred while processing request:Additional pre-authentication required
2023-08-23 22:09:06,016 [pool-40-thread-2] INFO  request.AsRequest (AsRequest.java:issueTicket(112)) - AS_REQ ISSUE: authtime 1692828546016,scm/fv-az621-511.fpnbra3ad0zu1hpqauu4rsdf4e.cx.internal.cloudapp.net@EXAMPLE.COM for krbtgt/EXAMPLE.COM@EXAMPLE.COM
2023-08-23 22:09:06,018 [Time-limited test] INFO  security.UserGroupInformation (UserGroupInformation.java:loginUserFromKeytab(1132)) - Login successful for user scm/fv-az621-511.fpnbra3ad0zu1hpqauu4rsdf4e.cx.internal.cloudapp.net@EXAMPLE.COM using keytab file scm.keytab. Keytab auto renewal enabled : false
2023-08-23 22:09:06,018 [Time-limited test] INFO  server.StorageContainerManager (StorageContainerManager.java:loginAsSCMUserIfSecurityEnabled(1042)) - SCM login successful.
2023-08-23 22:09:06,020 [Time-limited test] INFO  client.SCMCertificateClient (DefaultCertificateClient.java:updateCertSerialId(1244)) - Certificate serial ID set to 1417163755485
2023-08-23 22:09:06,022 [Time-limited test] INFO  client.SCMCertificateClient (DefaultCertificateClient.java:readCertificateFile(237)) - Added certificate   [0]         Version: 3
         SerialNumber: 1
             IssuerDN: CN=scm-1@fv-az621-511,OU=b2439c34-7427-4de7-95e0-e5820db56367,O=82759f4d-00d8-42d6-86ec-0986cca48b39
           Start Date: Wed Aug 23 22:09:05 UTC 2023
           Final Date: Sat Sep 30 22:09:05 UTC 2028
            SubjectDN: CN=scm-1@fv-az621-511,OU=b2439c34-7427-4de7-95e0-e5820db56367,O=82759f4d-00d8-42d6-86ec-0986cca48b39
           Public Key: RSA Public Key [ee:64:6b:c3:be:a6:ee:02:21:a8:f9:41:24:a7:7f:3b:c4:92:50:a8],[56:66:d1:a4]
        modulus: 9bac6fc574927eda76f8b3745f528f86bb45e056aa67b6a02923cbd5f3dadd4ff825e7d427e36c841901e065e6e012a8bfb031936d3197e2494dce838e8d2838409147328c6f4ef1e195b76cae0b8c2a9f08736988f589e13d42c9e374966df484558daa8b9ceaa87ca84b4fed814ab597afef1392350cbe47e4bfd150dc34b4c5ec0630b5193a6cdfe40f61766c8eac7a13cce3b3ae04af7f88d295aa95cc3cad39e65ad604473e91e0ae6c0ec7905c1932531bb5a2d2018d55093bf656e3153921c334994c35613c2edbfe8c59a05c11dc8f96f19a417ff5760a84322c64c31dee077f2340e87854b03e9e9bef5f400c987515af70925df41d140867aadaa1
public exponent: 10001

  Signature Algorithm: SHA256WITHRSA
            Signature: 7e9d11d8156e45e11a18706e34bdf37f273cf7b8
                       bfe7f45e35eef624a583a5a7d92b91722bf6eee5
                       943049c077a4d8b991d5d8418aac0bd30e1fc356
                       e304eceda1f95a431cc6f3903cd45624d3942202
                       64b4eb2b6a2b3c5db31325afdae425218a93c14e
                       ec62da42e116bb83955ceadc3f525e095ae2561e
                       9a1427f39c25902cfedbd0938e084fd3d8108431
                       57c78464dcb283f0724b3db19223c4bd49c029d3
                       8444e0b442b1dc9c402758a55a89ee5498e16bfd
                       a6a973d70f735613bcddc139d545710bb5a5efad
                       862ab05faed22e5e2003f4a4918c7940ad65e243
                       37d71c1abae4f3e3b46d1f981821c4dfd79f299d
                       55fc6293d7cee333a270b27998edbd6c
       Extensions: 
                       critical(true) BasicConstraints: isCa(true)
                       critical(true) KeyUsage: 0x6
                       critical(false) 2.5.29.17 value = Sequence
    Tagged [7] IMPLICIT 
        DER Octet String[4] 
    Tagged [2] IMPLICIT 
        DER Octet String[64] 

 from file: /tmp/junit6737305900874780310/junit4948669259078642878/scm-meta/scm/sub-ca/certs/CA-1.crt.
2023-08-23 22:09:06,024 [Time-limited test] INFO  client.SCMCertificateClient (DefaultCertificateClient.java:readCertificateFile(237)) - Added certificate   [0]         Version: 3
         SerialNumber: 1417163755485
             IssuerDN: CN=scm-1@fv-az621-511,OU=b2439c34-7427-4de7-95e0-e5820db56367,O=82759f4d-00d8-42d6-86ec-0986cca48b39
           Start Date: Wed Aug 23 22:09:05 UTC 2023
           Final Date: Sat Sep 30 22:09:05 UTC 2028
            SubjectDN: CN=scm-sub-1417159350297@fv-az621-511,OU=b2439c34-7427-4de7-95e0-e5820db56367,O=82759f4d-00d8-42d6-86ec-0986cca48b39
           Public Key: RSA Public Key [02:39:cf:de:c1:64:88:44:f0:3a:1d:d6:e9:eb:2c:1c:63:aa:c8:27],[56:66:d1:a4]
        modulus: deccf5814976780ecf587d6de05a1986c9845eabb0032794cd6fe81474a9556533317fe446fc63aacd94bde6354b3e3f220d8cc6f0c62f15f84d628d2d9e2abd38cb35445c223de4f9f37f7b29e9f997c5b37611426ed062b2542feb1de6abfe84dbba54f085970e09c67dba24d2e2ede35ae021e39ed0d60b04ec286c26ff7dfa418e34c411c8b1d0b4c3da43c463d1e2e5b8f628086d510dacc9a00935fda3f8bdd76bf7a49abf85bee9b25f9e2d1c1d4d63ba8ab5988255ed506ca58b52e294bc4f8332a764125eb48cf9232fadffde6072211930495f49f99a08edca14817cacaeb7e8eaa556426bc1943021a2cc6c42f6173295d04745dad9d651507fc1
public exponent: 10001

  Signature Algorithm: SHA256WITHRSA
            Signature: 82a1be8d896d8cba523ff8016a3978fa5166199b
                       7703108b7d5cf2dd78ceaf003542ae39a3a8077d
                       07c05232b187ac77ccd1370c6ae5d62ee78cddfa
                       e60bcb44e55dec301a4fa70e343f64dd717364a5
                       ad1a3720c518bca63f2c1dcda9387a50d8641f93
                       05a7b797e9e59f01d6c59d0a20aac4cbf0e15c7a
                       fad4e270f4c7f9b380de5235322d25fada702191
                       40ae59fe7450acba173ae7fefef8ff0c9d6acb15
                       f3dffa72539282967a6bc6bc4f44162cb67ed489
                       ac55cc36d062bb893a5feba1679dec23929ce18d
                       2c87ef4d05589774ab85284282bd8f579ce6bb33
                       b3473c3a76fd4dc932746ff2aa274af0254ebd87
                       36cc76148ac1425955781286e6f05b55
       Extensions: 
                       critical(false) 2.5.29.17 value = Sequence
    Tagged [7] IMPLICIT 
        DER Octet String[4] 
    Tagged [2] IMPLICIT 
        DER Octet String[64] 

                       critical(true) BasicConstraints: isCa(true)
                       critical(true) KeyUsage: 0xbe
 from file: /tmp/junit6737305900874780310/junit4948669259078642878/scm-meta/scm/sub-ca/certs/1417163755485.crt.
2023-08-23 22:09:06,025 [Time-limited test] INFO  client.SCMCertificateClient (DefaultCertificateClient.java:readCertificateFile(237)) - Added certificate   [0]         Version: 3
         SerialNumber: 1417163755485
             IssuerDN: CN=scm-1@fv-az621-511,OU=b2439c34-7427-4de7-95e0-e5820db56367,O=82759f4d-00d8-42d6-86ec-0986cca48b39
           Start Date: Wed Aug 23 22:09:05 UTC 2023
           Final Date: Sat Sep 30 22:09:05 UTC 2028
            SubjectDN: CN=scm-sub-1417159350297@fv-az621-511,OU=b2439c34-7427-4de7-95e0-e5820db56367,O=82759f4d-00d8-42d6-86ec-0986cca48b39
           Public Key: RSA Public Key [02:39:cf:de:c1:64:88:44:f0:3a:1d:d6:e9:eb:2c:1c:63:aa:c8:27],[56:66:d1:a4]
        modulus: deccf5814976780ecf587d6de05a1986c9845eabb0032794cd6fe81474a9556533317fe446fc63aacd94bde6354b3e3f220d8cc6f0c62f15f84d628d2d9e2abd38cb35445c223de4f9f37f7b29e9f997c5b37611426ed062b2542feb1de6abfe84dbba54f085970e09c67dba24d2e2ede35ae021e39ed0d60b04ec286c26ff7dfa418e34c411c8b1d0b4c3da43c463d1e2e5b8f628086d510dacc9a00935fda3f8bdd76bf7a49abf85bee9b25f9e2d1c1d4d63ba8ab5988255ed506ca58b52e294bc4f8332a764125eb48cf9232fadffde6072211930495f49f99a08edca14817cacaeb7e8eaa556426bc1943021a2cc6c42f6173295d04745dad9d651507fc1
public exponent: 10001

  Signature Algorithm: SHA256WITHRSA
            Signature: 82a1be8d896d8cba523ff8016a3978fa5166199b
                       7703108b7d5cf2dd78ceaf003542ae39a3a8077d
                       07c05232b187ac77ccd1370c6ae5d62ee78cddfa
                       e60bcb44e55dec301a4fa70e343f64dd717364a5
                       ad1a3720c518bca63f2c1dcda9387a50d8641f93
                       05a7b797e9e59f01d6c59d0a20aac4cbf0e15c7a
                       fad4e270f4c7f9b380de5235322d25fada702191
                       40ae59fe7450acba173ae7fefef8ff0c9d6acb15
                       f3dffa72539282967a6bc6bc4f44162cb67ed489
                       ac55cc36d062bb893a5feba1679dec23929ce18d
                       2c87ef4d05589774ab85284282bd8f579ce6bb33
                       b3473c3a76fd4dc932746ff2aa274af0254ebd87
                       36cc76148ac1425955781286e6f05b55
       Extensions: 
                       critical(false) 2.5.29.17 value = Sequence
    Tagged [7] IMPLICIT 
        DER Octet String[4] 
    Tagged [2] IMPLICIT 
        DER Octet String[64] 

                       critical(true) BasicConstraints: isCa(true)
                       critical(true) KeyUsage: 0xbe
 from file: /tmp/junit6737305900874780310/junit4948669259078642878/scm-meta/scm/sub-ca/certs/certificate.crt.
2023-08-23 22:09:06,025 [Time-limited test] INFO  client.SCMCertificateClient (DefaultCertificateClient.java:loadAllCertificates(191)) - CertificateRenewerService and root ca rotation polling is disabled for scm/sub-ca
2023-08-23 22:09:06,025 [Time-limited test] WARN  utils.HAUtils (HAUtils.java:getMetaDir(339)) - ozone.scm.db.dirs is not configured. We recommend adding this setting. Falling back to ozone.metadata.dirs instead.
2023-08-23 22:09:06,026 [Time-limited test] WARN  db.DBStoreBuilder (DBStoreBuilder.java:applyDBDefinition(166)) - ozone.scm.db.dirs is not configured. We recommend adding this setting. Falling back to ozone.metadata.dirs instead.
2023-08-23 22:09:06,117 [Time-limited test] INFO  net.NodeSchemaLoader (NodeSchemaLoader.java:loadSchemaFromFile(129)) - Loading schema from [jar:file:/home/runner/.m2/repository/org/apache/ozone/hdds-common/1.4.0-SNAPSHOT/hdds-common-1.4.0-SNAPSHOT.jar!/network-topology-default.xml]
2023-08-23 22:09:06,118 [Time-limited test] INFO  net.NodeSchemaLoader (NodeSchemaLoader.java:loadSchema(176)) - Loading network topology layer schema file
2023-08-23 22:09:06,120 [Time-limited test] INFO  upgrade.AbstractLayoutVersionManager (AbstractLayoutVersionManager.java:init(83)) - Initializing Layout version manager with metadata layout = HADOOP_PRC_PORTS_IN_DATANODEDETAILS (version = 7), software layout = HADOOP_PRC_PORTS_IN_DATANODEDETAILS (version = 7)
2023-08-23 22:09:06,122 [Time-limited test] INFO  ha.SequenceIdGenerator (SequenceIdGenerator.java:upgradeToSequenceId(365)) - upgrade localId to 111677748019200000
2023-08-23 22:09:06,125 [Time-limited test] INFO  ha.SequenceIdGenerator (SequenceIdGenerator.java:upgradeToSequenceId(375)) - upgrade delTxnId to 0
2023-08-23 22:09:06,126 [Time-limited test] INFO  ha.SequenceIdGenerator (SequenceIdGenerator.java:upgradeToSequenceId(392)) - upgrade containerId to 0
2023-08-23 22:09:06,127 [Time-limited test] INFO  ha.SequenceIdGenerator (SequenceIdGenerator.java:upgradeToSequenceId(428)) - upgrade rootCertificateId to 1
2023-08-23 22:09:06,127 [Time-limited test] INFO  ha.SequenceIdGenerator (SequenceIdGenerator.java:<init>(236)) - Init the HA SequenceIdGenerator.
2023-08-23 22:09:06,128 [Time-limited test] INFO  node.SCMNodeManager (SCMNodeManager.java:<init>(157)) - Entering startup safe mode.
2023-08-23 22:09:06,128 [Time-limited test] INFO  algorithms.ContainerPlacementPolicyFactory (ContainerPlacementPolicyFactory.java:getPolicyInternal(86)) - Create container placement policy of type org.apache.hadoop.hdds.scm.container.placement.algorithms.SCMContainerPlacementRackAware
2023-08-23 22:09:06,128 [Time-limited test] INFO  algorithms.ContainerPlacementPolicyFactory (ContainerPlacementPolicyFactory.java:getPolicyInternal(86)) - Create container placement policy of type org.apache.hadoop.hdds.scm.container.placement.algorithms.SCMContainerPlacementRackScatter
2023-08-23 22:09:06,128 [Time-limited test] INFO  pipeline.PipelineStateManagerImpl (PipelineStateManagerImpl.java:initialize(78)) - No pipeline exists in current db
2023-08-23 22:09:06,129 [Time-limited test] INFO  algorithms.LeaderChoosePolicyFactory (LeaderChoosePolicyFactory.java:getPolicy(57)) - Create leader choose policy of type org.apache.hadoop.hdds.scm.pipeline.leader.choose.algorithms.MinLeaderCountChoosePolicy
2023-08-23 22:09:06,129 [Time-limited test] INFO  algorithms.ContainerPlacementPolicyFactory (ContainerPlacementPolicyFactory.java:getPolicyInternal(86)) - Create container placement policy of type org.apache.hadoop.hdds.scm.container.placement.algorithms.SCMContainerPlacementRackScatter
2023-08-23 22:09:06,129 [Time-limited test] INFO  ha.SCMServiceManager (SCMServiceManager.java:register(42)) - Registering service BackgroundPipelineCreator.
2023-08-23 22:09:06,129 [Time-limited test] INFO  pipeline.BackgroundPipelineCreator (BackgroundPipelineCreator.java:start(124)) - Starting RatisPipelineUtilsThread.
2023-08-23 22:09:06,129 [Time-limited test] INFO  BackgroundPipelineScrubber (BackgroundSCMService.java:start(68)) - Starting BackgroundPipelineScrubber Service.
2023-08-23 22:09:06,135 [Time-limited test] INFO  ha.SCMServiceManager (SCMServiceManager.java:register(42)) - Registering service BackgroundPipelineScrubber.
2023-08-23 22:09:06,135 [Time-limited test] INFO  ExpiredContainerReplicaOpScrubber (BackgroundSCMService.java:start(68)) - Starting ExpiredContainerReplicaOpScrubber Service.
2023-08-23 22:09:06,135 [Time-limited test] INFO  ha.SCMServiceManager (SCMServiceManager.java:register(42)) - Registering service ExpiredContainerReplicaOpScrubber.
2023-08-23 22:09:06,136 [Time-limited test] INFO  algorithms.PipelineChoosePolicyFactory (PipelineChoosePolicyFactory.java:createPipelineChoosePolicyFromClass(78)) - Create pipeline choose policy of type org.apache.hadoop.hdds.scm.pipeline.choose.algorithms.RandomPipelineChoosePolicy
2023-08-23 22:09:06,136 [Time-limited test] INFO  algorithms.PipelineChoosePolicyFactory (PipelineChoosePolicyFactory.java:createPipelineChoosePolicyFromClass(78)) - Create pipeline choose policy of type org.apache.hadoop.hdds.scm.pipeline.choose.algorithms.RandomPipelineChoosePolicy
2023-08-23 22:09:06,137 [Time-limited test] INFO  ha.SCMServiceManager (SCMServiceManager.java:register(42)) - Registering service SCMBlockDeletingService.
2023-08-23 22:09:06,138 [Time-limited test] INFO  replication.ReplicationManager (ReplicationManager.java:start(287)) - Starting Replication Monitor Thread.
2023-08-23 22:09:06,140 [Time-limited test] INFO  ha.SCMServiceManager (SCMServiceManager.java:register(42)) - Registering service ReplicationManager.
2023-08-23 22:09:06,141 [Time-limited test] INFO  safemode.ContainerSafeModeRule (ContainerSafeModeRule.java:<init>(90)) - containers with one replica threshold count 0
2023-08-23 22:09:06,141 [Time-limited test] INFO  safemode.HealthyPipelineSafeModeRule (HealthyPipelineSafeModeRule.java:initializeRule(169)) - Total pipeline count is 0, healthy pipeline threshold count is 0
2023-08-23 22:09:06,141 [Time-limited test] INFO  safemode.OneReplicaPipelineSafeModeRule (OneReplicaPipelineSafeModeRule.java:initializeRule(180)) - Total pipeline count is 0, pipeline's with at least one datanode reported threshold count is 0
2023-08-23 22:09:06,143 [ReplicationMonitor] INFO  replication.ReplicationManager (ReplicationManager.java:processAll(361)) - Replication Manager is not ready to run until 300000ms after safemode exit
2023-08-23 22:09:06,144 [Time-limited test] INFO  authority.DefaultCAServer (DefaultCAServer.java:lambda$processVerificationStatus$0(472)) - CertificateServer validation is successful
2023-08-23 22:09:06,146 [Time-limited test] INFO  authority.DefaultCAServer (DefaultCAServer.java:lambda$processVerificationStatus$0(472)) - CertificateServer validation is successful
2023-08-23 22:09:06,146 [Time-limited test] INFO  server.StorageContainerManager (StorageContainerManager.java:persistPrimarySCMCerts(932)) - Storing sub-ca certificate serialId 1417163755485 on primary SCM
2023-08-23 22:09:06,148 [Time-limited test] INFO  server.SCMCertStore (SCMCertStore.java:storeValidScmCertificate(122)) - Scm certificate 1417163755485 for CN=scm-sub-1417159350297@fv-az621-511,OU=b2439c34-7427-4de7-95e0-e5820db56367,O=82759f4d-00d8-42d6-86ec-0986cca48b39 is stored
2023-08-23 22:09:06,148 [Time-limited test] INFO  server.StorageContainerManager (StorageContainerManager.java:persistPrimarySCMCerts(940)) - Storing root certificate serialId 1
2023-08-23 22:09:06,149 [Time-limited test] INFO  server.SCMCertStore (SCMCertStore.java:storeValidScmCertificate(122)) - Scm certificate 1 for CN=scm-1@fv-az621-511,OU=b2439c34-7427-4de7-95e0-e5820db56367,O=82759f4d-00d8-42d6-86ec-0986cca48b39 is stored
2023-08-23 22:09:06,149 [Time-limited test] INFO  ipc.CallQueueManager (CallQueueManager.java:<init>(90)) - Using callQueue: class java.util.concurrent.LinkedBlockingQueue, queueCapacity: 200, scheduler: class org.apache.hadoop.ipc.DefaultRpcScheduler, ipcBackoff: false.
2023-08-23 22:09:06,150 [Time-limited test] INFO  ipc.Server (Server.java:<init>(1287)) - Listener at 0.0.0.0:9961
2023-08-23 22:09:06,150 [Socket Reader #1 for port 9961] INFO  ipc.Server (Server.java:run(1323)) - Starting Socket Reader #1 for port 9961
2023-08-23 22:09:06,155 [Time-limited test] INFO  server.StorageContainerManager (StorageContainerManager.java:<init>(425)) - SCM start with adminUsers: [scm/fv-az621-511.fpnbra3ad0zu1hpqauu4rsdf4e.cx.internal.cloudapp.net@EXAMPLE.COM, scm]
2023-08-23 22:09:06,155 [Time-limited test] INFO  ipc.CallQueueManager (CallQueueManager.java:<init>(90)) - Using callQueue: class java.util.concurrent.LinkedBlockingQueue, queueCapacity: 10000, scheduler: class org.apache.hadoop.ipc.DefaultRpcScheduler, ipcBackoff: false.
2023-08-23 22:09:06,156 [Time-limited test] INFO  ipc.Server (Server.java:<init>(1287)) - Listener at 0.0.0.0:9861
2023-08-23 22:09:06,156 [Socket Reader #1 for port 9861] INFO  ipc.Server (Server.java:run(1323)) - Starting Socket Reader #1 for port 9861
2023-08-23 22:09:06,158 [Time-limited test] INFO  ipc.CallQueueManager (CallQueueManager.java:<init>(90)) - Using callQueue: class java.util.concurrent.LinkedBlockingQueue, queueCapacity: 10000, scheduler: class org.apache.hadoop.ipc.DefaultRpcScheduler, ipcBackoff: false.
2023-08-23 22:09:06,158 [Time-limited test] INFO  ipc.Server (Server.java:<init>(1287)) - Listener at 0.0.0.0:9863
2023-08-23 22:09:06,159 [Socket Reader #1 for port 9863] INFO  ipc.Server (Server.java:run(1323)) - Starting Socket Reader #1 for port 9863
2023-08-23 22:09:06,165 [Time-limited test] INFO  ipc.CallQueueManager (CallQueueManager.java:<init>(90)) - Using callQueue: class java.util.concurrent.LinkedBlockingQueue, queueCapacity: 10000, scheduler: class org.apache.hadoop.ipc.DefaultRpcScheduler, ipcBackoff: false.
2023-08-23 22:09:06,165 [Time-limited test] INFO  ipc.Server (Server.java:<init>(1287)) - Listener at 0.0.0.0:9860
2023-08-23 22:09:06,167 [Socket Reader #1 for port 9860] INFO  ipc.Server (Server.java:run(1323)) - Starting Socket Reader #1 for port 9860
2023-08-23 22:09:06,175 [Time-limited test] INFO  ha.SCMServiceManager (SCMServiceManager.java:register(42)) - Registering service ContainerBalancer.
2023-08-23 22:09:06,175 [Time-limited test] INFO  server.StorageContainerManager (StorageContainerManager.java:<init>(438)) - 
Container Balancer status:
Key                            Value
Running                        false
Container Balancer Configuration values:
Key                                                Value
Threshold                                          10
Max Datanodes to Involve per Iteration(percent)    20
Max Size to Move per Iteration                     500GB
Max Size Entering Target per Iteration             26GB
Max Size Leaving Source per Iteration              26GB

2023-08-23 22:09:06,175 [Time-limited test] INFO  ha.SCMContext (SCMContext.java:updateSafeModeStatus(228)) - Update SafeModeStatus from SafeModeStatus{safeModeStatus=true, preCheckPassed=false} to SafeModeStatus{safeModeStatus=true, preCheckPassed=false}.
2023-08-23 22:09:06,176 [Time-limited test] INFO  server.StorageContainerManager (StorageContainerManager.java:start(1483)) - StorageContainerLocationProtocol RPC server is listening at /0.0.0.0:9860
2023-08-23 22:09:06,177 [Time-limited test] WARN  impl.MetricsConfig (MetricsConfig.java:loadFirst(136)) - Cannot locate configuration: tried hadoop-metrics2-storagecontainermanager.properties,hadoop-metrics2.properties
2023-08-23 22:09:06,180 [Time-limited test] INFO  impl.MetricsSystemImpl (MetricsSystemImpl.java:startTimer(378)) - Scheduled Metric snapshot period at 10 second(s).
2023-08-23 22:09:06,180 [Time-limited test] INFO  impl.MetricsSystemImpl (MetricsSystemImpl.java:start(191)) - StorageContainerManager metrics system started
2023-08-23 22:09:06,197 [Time-limited test] INFO  impl.MetricsSinkAdapter (MetricsSinkAdapter.java:start(204)) - Sink prometheus started
2023-08-23 22:09:06,197 [Time-limited test] INFO  impl.MetricsSystemImpl (MetricsSystemImpl.java:registerSink(305)) - Registered sink prometheus
2023-08-23 22:09:06,216 [Time-limited test] INFO  server.SCMClientProtocolServer (SCMClientProtocolServer.java:start(201)) - RPC server for Client  is listening at /0.0.0.0:9860
2023-08-23 22:09:06,217 [IPC Server Responder] INFO  ipc.Server (Server.java:run(1562)) - IPC Server Responder: starting
2023-08-23 22:09:06,236 [Time-limited test] INFO  server.StorageContainerManager (StorageContainerManager.java:start(1496)) - ScmBlockLocationProtocol RPC server is listening at /0.0.0.0:9863
2023-08-23 22:09:06,238 [Time-limited test] INFO  server.SCMBlockProtocolServer (SCMBlockProtocolServer.java:start(152)) - RPC server for Block Protocol is listening at /0.0.0.0:9863
2023-08-23 22:09:06,217 [IPC Server listener on 9860] INFO  ipc.Server (Server.java:run(1402)) - IPC Server listener on 9860: starting
2023-08-23 22:09:06,239 [IPC Server listener on 9863] INFO  ipc.Server (Server.java:run(1402)) - IPC Server listener on 9863: starting
2023-08-23 22:09:06,239 [IPC Server Responder] INFO  ipc.Server (Server.java:run(1562)) - IPC Server Responder: starting
2023-08-23 22:09:06,246 [Time-limited test] INFO  server.SCMDatanodeProtocolServer (SCMDatanodeProtocolServer.java:start(193)) - ScmDatanodeProtocol RPC server for DataNodes is listening at /0.0.0.0:9861
2023-08-23 22:09:06,247 [IPC Server Responder] INFO  ipc.Server (Server.java:run(1562)) - IPC Server Responder: starting
2023-08-23 22:09:06,247 [IPC Server listener on 9861] INFO  ipc.Server (Server.java:run(1402)) - IPC Server listener on 9861: starting
2023-08-23 22:09:06,254 [Time-limited test] INFO  server.SCMSecurityProtocolServer (SCMSecurityProtocolServer.java:start(542)) - Starting RPC server for SCMSecurityProtocolServer. is listening at /0.0.0.0:9961
2023-08-23 22:09:06,254 [IPC Server listener on 9961] INFO  ipc.Server (Server.java:run(1402)) - IPC Server listener on 9961: starting
2023-08-23 22:09:06,254 [IPC Server Responder] INFO  ipc.Server (Server.java:run(1562)) - IPC Server Responder: starting
2023-08-23 22:09:06,255 [Time-limited test] INFO  server.SCMUpdateServiceGrpcServer (SCMUpdateServiceGrpcServer.java:start(58)) - SCMUpdateService starting
2023-08-23 22:09:06,263 [JvmPauseMonitor1] INFO  util.JvmPauseMonitor (JvmPauseMonitor.java:run(103)) - JvmPauseMonitor-b2439c34-7427-4de7-95e0-e5820db56367: Started
2023-08-23 22:09:06,264 [Time-limited test] INFO  http.BaseHttpServer (BaseHttpServer.java:newHttpServer2BuilderForOzone(224)) - Starting Web-server for scm at: http://0.0.0.0:9876
2023-08-23 22:09:06,264 [Time-limited test] INFO  http.BaseHttpServer (BaseHttpServer.java:<init>(111)) - Hadoop Security Enabled: true Ozone Security Enabled: true Ozone HTTP Security Enabled: false 
2023-08-23 22:09:06,265 [Time-limited test] WARN  server.AuthenticationFilter (AuthenticationFilter.java:constructSecretProvider(240)) - Unable to initialize FileSignerSecretProvider, falling back to use random secrets. Reason: Could not read signature secret file: /home/runner/hadoop-http-auth-signature-secret
2023-08-23 22:09:06,272 [Time-limited test] INFO  http.HttpRequestLog (HttpRequestLog.java:getRequestLog(86)) - Http request log for http.requests.scm is not defined
2023-08-23 22:09:06,275 [Time-limited test] INFO  http.HttpServer2 (HttpServer2.java:addGlobalFilter(1031)) - Added global filter 'safety' (class=org.apache.hadoop.hdds.server.http.HttpServer2$QuotingInputFilter)
2023-08-23 22:09:06,280 [Time-limited test] INFO  http.HttpServer2 (HttpServer2.java:addFilter(1007)) - Added filter static_user_filter (class=org.apache.hadoop.http.lib.StaticUserWebFilter$StaticUserFilter) to context scm
2023-08-23 22:09:06,280 [Time-limited test] INFO  http.HttpServer2 (HttpServer2.java:addFilter(1015)) - Added filter static_user_filter (class=org.apache.hadoop.http.lib.StaticUserWebFilter$StaticUserFilter) to context static
2023-08-23 22:09:06,280 [Time-limited test] INFO  http.HttpServer2 (HttpServer2.java:addFilter(1015)) - Added filter static_user_filter (class=org.apache.hadoop.http.lib.StaticUserWebFilter$StaticUserFilter) to context logs
2023-08-23 22:09:06,281 [Time-limited test] INFO  http.BaseHttpServer (BaseHttpServer.java:<init>(190)) - HTTP server of scm uses base directory /tmp/junit6737305900874780310/junit4948669259078642878/scm-meta/webserver
2023-08-23 22:09:06,282 [Time-limited test] INFO  http.HttpServer2 (HttpServer2.java:bindListener(1250)) - Jetty bound to port 9876
2023-08-23 22:09:06,283 [Time-limited test] INFO  server.Server (Server.java:doStart(375)) - jetty-9.4.51.v20230217; built: 2023-02-17T08:19:37.309Z; git: b45c405e4544384de066f814ed42ae3dceacdd49; jvm 1.8.0_382-b05
2023-08-23 22:09:06,285 [Time-limited test] INFO  server.session (DefaultSessionIdManager.java:doStart(334)) - DefaultSessionIdManager workerName=node0
2023-08-23 22:09:06,285 [Time-limited test] INFO  server.session (DefaultSessionIdManager.java:doStart(339)) - No SessionScavenger set, using defaults
2023-08-23 22:09:06,285 [Time-limited test] INFO  server.session (HouseKeeper.java:startScavenging(132)) - node0 Scavenging every 600000ms
2023-08-23 22:09:06,287 [Time-limited test] INFO  handler.ContextHandler (ContextHandler.java:doStart(921)) - Started o.e.j.s.ServletContextHandler@6636dd0c{logs,/logs,file:///home/runner/work/ozone/ozone/hadoop-ozone/integration-test/target/log,AVAILABLE}
2023-08-23 22:09:06,288 [Time-limited test] INFO  handler.ContextHandler (ContextHandler.java:doStart(921)) - Started o.e.j.s.ServletContextHandler@3030b444{static,/static,file:///home/runner/work/ozone/ozone/hadoop-ozone/integration-test/target/test-classes/webapps/static,AVAILABLE}
2023-08-23 22:09:06,291 [Time-limited test] INFO  handler.ContextHandler (ContextHandler.java:doStart(921)) - Started o.e.j.w.WebAppContext@4ab5a80a{scm,/,file:///home/runner/work/ozone/ozone/hadoop-ozone/integration-test/target/test-classes/webapps/scm/,AVAILABLE}{file:/home/runner/work/ozone/ozone/hadoop-ozone/integration-test/target/test-classes/webapps/scm}
2023-08-23 22:09:06,293 [Time-limited test] INFO  server.AbstractConnector (AbstractConnector.java:doStart(333)) - Started ServerConnector@31689484{HTTP/1.1, (http/1.1)}{0.0.0.0:9876}
2023-08-23 22:09:06,293 [Time-limited test] INFO  server.Server (Server.java:doStart(415)) - Started @10868ms
2023-08-23 22:09:06,293 [Time-limited test] WARN  impl.MetricsSystemImpl (MetricsSystemImpl.java:register(279)) - Sink prometheus already exists!
2023-08-23 22:09:06,294 [Time-limited test] INFO  http.BaseHttpServer (BaseHttpServer.java:updateConnectorAddress(344)) - HTTP server of scm listening at http://0.0.0.0:9876
2023-08-23 22:09:06,294 [Time-limited test] WARN  server.ServerUtils (ServerUtils.java:getDBPath(311)) - ozone.om.db.dirs is not configured. We recommend adding this setting. Falling back to ozone.metadata.dirs instead.
2023-08-23 22:09:06,315 [Time-limited test] INFO  ha.OMHANodeDetails (OMHANodeDetails.java:loadOMHAConfig(115)) - ozone.om.internal.service.id is not defined, falling back to ozone.om.service.ids to find serviceID for OzoneManager if it is HA enabled cluster
2023-08-23 22:09:06,315 [Time-limited test] INFO  ha.OMHANodeDetails (OMHANodeDetails.java:loadOMHAConfig(226)) - Configuration does not have ozone.om.address set. Falling back to the default OM address fv-az621-511.fpnbra3ad0zu1hpqauu4rsdf4e.cx.internal.cloudapp.net/10.1.0.14:1202
2023-08-23 22:09:06,315 [Time-limited test] INFO  ha.OMHANodeDetails (OMHANodeDetails.java:getOMNodeDetailsForNonHA(254)) - OM Service ID is not set. Setting it to the default ID: omServiceIdDefault
2023-08-23 22:09:06,315 [Time-limited test] INFO  ha.OMHANodeDetails (OMHANodeDetails.java:getOMNodeDetailsForNonHA(261)) - OM Node ID is not set. Setting it to the default ID: om1
2023-08-23 22:09:06,321 [Time-limited test] WARN  server.ServerUtils (ServerUtils.java:getDBPath(311)) - ozone.om.db.dirs is not configured. We recommend adding this setting. Falling back to ozone.metadata.dirs instead.
2023-08-23 22:09:06,354 [Time-limited test] INFO  upgrade.AbstractLayoutVersionManager (AbstractLayoutVersionManager.java:init(83)) - Initializing Layout version manager with metadata layout = QUOTA (version = 6), software layout = QUOTA (version = 6)
2023-08-23 22:09:06,377 [pool-40-thread-2] INFO  request.TgsRequest (TgsRequest.java:issueTicket(115)) - TGS_REQ ISSUE: authtime 1692828546376,scm/fv-az621-511.fpnbra3ad0zu1hpqauu4rsdf4e.cx.internal.cloudapp.net for scm/fv-az621-511.fpnbra3ad0zu1hpqauu4rsdf4e.cx.internal.cloudapp.net@EXAMPLE.COM
2023-08-23 22:09:06,392 [Socket Reader #1 for port 9961] INFO  ipc.Server (Server.java:saslProcess(2139)) - Auth successful for scm/fv-az621-511.fpnbra3ad0zu1hpqauu4rsdf4e.cx.internal.cloudapp.net@EXAMPLE.COM (auth:KERBEROS) from fv-az621-511.fpnbra3ad0zu1hpqauu4rsdf4e.cx.internal.cloudapp.net:38893 / 10.1.0.14:38893
2023-08-23 22:09:06,403 [IPC Server handler 0 on default port 9961] INFO  client.SCMCertificateClient (DefaultCertificateClient.java:getAllRootCaCerts(901)) - scm/sub-ca has 0 Root CA certificates
2023-08-23 22:09:06,404 [IPC Server handler 0 on default port 9961] INFO  client.SCMCertificateClient (DefaultCertificateClient.java:getAllCaCerts(909)) - scm/sub-ca has 1 CA certificates
2023-08-23 22:09:06,409 [scm/sub-ca-refreshCACertificates] INFO  client.SCMCertificateClient (DefaultCertificateClient.java:getAllRootCaCerts(901)) - scm/sub-ca has 0 Root CA certificates
2023-08-23 22:09:06,409 [scm/sub-ca-refreshCACertificates] INFO  client.SCMCertificateClient (DefaultCertificateClient.java:getAllCaCerts(909)) - scm/sub-ca has 1 CA certificates
2023-08-23 22:09:06,410 [scm/sub-ca-refreshCACertificates] INFO  client.SCMCertificateClient (SCMCertificateClient.java:run(277)) - CA certificates are not changed.
2023-08-23 22:09:06,495 [Time-limited test] INFO  reflections.Reflections (Reflections.java:scan(232)) - Reflections took 137 ms to scan 2 urls, producing 188 keys and 512 values [using 2 cores]
2023-08-23 22:09:06,502 [Time-limited test] INFO  upgrade.OMLayoutVersionManager (OMLayoutVersionManager.java:lambda$0(115)) - Skipping Upgrade Action MockOmUpgradeAction since it has been finalized.
2023-08-23 22:09:06,502 [Time-limited test] INFO  upgrade.OMLayoutVersionManager (OMLayoutVersionManager.java:lambda$0(115)) - Skipping Upgrade Action QuotaRepairUpgradeAction since it has been finalized.
2023-08-23 22:09:06,506 [Time-limited test] WARN  server.ServerUtils (ServerUtils.java:getDBPath(311)) - ozone.om.db.dirs is not configured. We recommend adding this setting. Falling back to ozone.metadata.dirs instead.
2023-08-23 22:09:06,773 [Time-limited test] INFO  proxy.SCMBlockLocationFailoverProxyProvider (SCMBlockLocationFailoverProxyProvider.java:<init>(114)) - Created block location fail-over proxy with 1 nodes: [nodeId=scmNodeId,nodeAddress=/0.0.0.0:9863]
2023-08-23 22:09:06,817 [Time-limited test] INFO  om.OzoneManager (OzoneManager.java:<init>(662)) - OM start with adminUsers: [scm/fv-az621-511.fpnbra3ad0zu1hpqauu4rsdf4e.cx.internal.cloudapp.net@EXAMPLE.COM, scm]
2023-08-23 22:09:06,844 [Time-limited test] WARN  server.ServerUtils (ServerUtils.java:getDBPath(311)) - ozone.om.db.dirs is not configured. We recommend adding this setting. Falling back to ozone.metadata.dirs instead.
2023-08-23 22:09:06,872 [Time-limited test] INFO  helpers.OmKeyInfo (OmKeyInfo.java:getCodec(71)) - OmKeyInfo.getCodec ignorePipeline = true
2023-08-23 22:09:07,125 [Time-limited test] INFO  om.OzoneManager (OzoneManager.java:instantiateServices(791)) - S3 Multi-Tenancy is disabled
2023-08-23 22:09:07,136 [Time-limited test] INFO  security.OzoneSecretStore (OzoneSecretStore.java:loadState(69)) - Loaded 0 tokens
2023-08-23 22:09:07,136 [Time-limited test] INFO  security.OzoneDelegationTokenSecretManager (OzoneDelegationTokenSecretManager.java:loadTokenSecretState(530)) - Loading token state into token manager.
2023-08-23 22:09:07,160 [Time-limited test] INFO  om.OmSnapshotManager (OmSnapshotManager.java:<init>(175)) - Ozone filesystem snapshot feature is enabled.
2023-08-23 22:09:07,169 [Time-limited test] WARN  server.ServerUtils (ServerUtils.java:getDBPath(311)) - ozone.om.snapshot.diff.db.dir is not configured. We recommend adding this setting. Falling back to ozone.metadata.dirs instead.
2023-08-23 22:09:07,209 [Time-limited test] INFO  utils.NativeLibraryLoader (NativeLibraryLoader.java:loadLibrary(105)) - Loading Library: ozone_rocksdb_tools
2023-08-23 22:09:07,210 [Time-limited test] INFO  snapshot.SnapshotDiffManager (SnapshotDiffManager.java:closeExecutorService(1720)) - Shutting down executorService: 'SstDumpToolExecutor'
2023-08-23 22:09:07,273 [Time-limited test] INFO  om.OzoneManager (OzoneManager.java:addS3GVolumeToDB(4284)) - Created Volume s3v With Owner scm required for S3Gateway operations.
2023-08-23 22:09:07,332 [Time-limited test] WARN  server.ServerUtils (ServerUtils.java:getDefaultRatisDirectory(323)) - Storage directory for Ratis is not configured. It is a good idea to map this to an SSD disk. Falling back to ozone.metadata.dirs
2023-08-23 22:09:07,333 [Time-limited test] WARN  utils.OzoneManagerRatisUtils (OzoneManagerRatisUtils.java:getOMRatisSnapshotDirectory(461)) - ozone.om.ratis.snapshot.dir is not configured. Falling back to ozone.metadata.dirs config
2023-08-23 22:09:07,343 [Time-limited test] WARN  server.ServerUtils (ServerUtils.java:getDefaultRatisDirectory(323)) - Storage directory for Ratis is not configured. It is a good idea to map this to an SSD disk. Falling back to ozone.metadata.dirs
2023-08-23 22:09:07,367 [Time-limited test] INFO  ratis.OzoneManagerRatisServer (OzoneManagerRatisServer.java:<init>(163)) - Instantiating OM Ratis server with groupID: omServiceIdDefault and peers: fv-az621-511.fpnbra3ad0zu1hpqauu4rsdf4e.cx.internal.cloudapp.net:9872
2023-08-23 22:09:07,376 [Time-limited test] INFO  ratis.OzoneManagerStateMachine (OzoneManagerStateMachine.java:loadSnapshotInfoFromDB(687)) - LastAppliedIndex is set from TransactionInfo from OM DB as (t:0, i:~)
2023-08-23 22:09:07,429 [Time-limited test] INFO  server.RaftServer (ConfUtils.java:logGet(46)) - raft.rpc.type = GRPC (default)
2023-08-23 22:09:07,437 [Time-limited test] INFO  grpc.GrpcConfigKeys (ConfUtils.java:logFallback(53)) - raft.grpc.admin.host = null (fallback to raft.grpc.server.host)
2023-08-23 22:09:07,438 [Time-limited test] INFO  grpc.GrpcConfigKeys (ConfUtils.java:logFallback(53)) - raft.grpc.admin.port = 9872 (fallback to raft.grpc.server.port)
2023-08-23 22:09:07,438 [Time-limited test] INFO  grpc.GrpcConfigKeys (ConfUtils.java:logFallback(53)) - raft.grpc.client.host = null (fallback to raft.grpc.server.host)
2023-08-23 22:09:07,438 [Time-limited test] INFO  grpc.GrpcConfigKeys (ConfUtils.java:logFallback(53)) - raft.grpc.client.port = 9872 (fallback to raft.grpc.server.port)
2023-08-23 22:09:07,439 [Time-limited test] INFO  grpc.GrpcConfigKeys (ConfUtils.java:logGet(46)) - raft.grpc.server.host = null (default)
2023-08-23 22:09:07,439 [Time-limited test] INFO  grpc.GrpcConfigKeys (ConfUtils.java:logGet(46)) - raft.grpc.server.port = 9872 (custom)
2023-08-23 22:09:07,439 [Time-limited test] INFO  server.GrpcService (ConfUtils.java:logGet(46)) - raft.grpc.message.size.max = 33554432 (custom)
2023-08-23 22:09:07,440 [Time-limited test] INFO  server.RaftServerConfigKeys (ConfUtils.java:logGet(46)) - raft.server.log.appender.buffer.byte-limit = 33554432 (custom)
2023-08-23 22:09:07,440 [Time-limited test] INFO  server.GrpcService (ConfUtils.java:logGet(46)) - raft.grpc.flow.control.window = 1MB (=1048576) (default)
2023-08-23 22:09:07,441 [Time-limited test] INFO  server.RaftServerConfigKeys (ConfUtils.java:logGet(46)) - raft.server.rpc.request.timeout = 3000ms (default)
2023-08-23 22:09:07,450 [Time-limited test] INFO  grpc.GrpcConfigKeys (ConfUtils.java:logGet(46)) - raft.grpc.server.heartbeat.channel = true (default)
2023-08-23 22:09:07,452 [Time-limited test] INFO  grpc.GrpcConfigKeys (ConfUtils.java:logGet(46)) - raft.grpc.server.async.request.thread.pool.cached = true (default)
2023-08-23 22:09:07,453 [Time-limited test] INFO  grpc.GrpcConfigKeys (ConfUtils.java:logGet(46)) - raft.grpc.server.async.request.thread.pool.size = 32 (default)
2023-08-23 22:09:07,496 [Time-limited test] INFO  impl.DataStreamServerImpl (ConfUtils.java:logGet(46)) - raft.datastream.type = DISABLED (default)
2023-08-23 22:09:07,498 [Time-limited test] INFO  server.RaftServerConfigKeys (ConfUtils.java:logGet(46)) - raft.server.threadpool.proxy.cached = true (default)
2023-08-23 22:09:07,499 [Time-limited test] INFO  server.RaftServerConfigKeys (ConfUtils.java:logGet(46)) - raft.server.threadpool.proxy.size = 0 (default)
2023-08-23 22:09:07,499 [Time-limited test] INFO  server.RaftServerConfigKeys (ConfUtils.java:logGet(46)) - raft.server.rpc.slowness.timeout = 120s (custom)
2023-08-23 22:09:07,499 [Time-limited test] INFO  server.RaftServerConfigKeys (ConfUtils.java:logGet(46)) - raft.server.leaderelection.leader.step-down.wait-time = 10s (default)
2023-08-23 22:09:07,500 [Time-limited test] INFO  server.RaftServerConfigKeys (ConfUtils.java:logGet(46)) - raft.server.storage.dir = [/tmp/junit6737305900874780310/junit4948669259078642878/scm-meta/ratis] (custom)
2023-08-23 22:09:07,507 [Time-limited test] INFO  server.RaftServer (RaftServerProxy.java:addNew(98)) - om1: addNew group-C5BA1605619E:[om1|rpc:fv-az621-511.fpnbra3ad0zu1hpqauu4rsdf4e.cx.internal.cloudapp.net:9872|priority:0|startupRole:FOLLOWER] returns group-C5BA1605619E:java.util.concurrent.CompletableFuture@69282ebb[Not completed]
2023-08-23 22:09:07,507 [Time-limited test] INFO  om.OzoneManager (OzoneManager.java:initializeRatisServer(2128)) - OzoneManager Ratis server initialized at port 9872
2023-08-23 22:09:07,510 [Time-limited test] INFO  om.OzoneManager (OzoneManager.java:getRpcServer(1193)) - Creating RPC Server
2023-08-23 22:09:07,534 [om1-groupManagement] INFO  server.RaftServer$Division (RaftServerImpl.java:<init>(198)) - om1: new RaftServerImpl for group-C5BA1605619E:[om1|rpc:fv-az621-511.fpnbra3ad0zu1hpqauu4rsdf4e.cx.internal.cloudapp.net:9872|priority:0|startupRole:FOLLOWER] with OzoneManagerStateMachine:uninitialized
2023-08-23 22:09:07,535 [om1-groupManagement] INFO  server.RaftServerConfigKeys (ConfUtils.java:logGet(46)) - raft.server.rpc.timeout.min = 5s (custom)
2023-08-23 22:09:07,536 [om1-groupManagement] INFO  server.RaftServerConfigKeys (ConfUtils.java:logGet(46)) - raft.server.rpc.timeout.max = 5200ms (custom)
2023-08-23 22:09:07,536 [om1-groupManagement] INFO  server.RaftServerConfigKeys (ConfUtils.java:logGet(46)) - raft.server.rpc.sleep.time = 25ms (default)
2023-08-23 22:09:07,536 [om1-groupManagement] INFO  server.RaftServerConfigKeys (ConfUtils.java:logGet(46)) - raft.server.rpc.slowness.timeout = 120s (custom)
2023-08-23 22:09:07,536 [om1-groupManagement] INFO  server.RaftServerConfigKeys (ConfUtils.java:logGet(46)) - raft.server.leaderelection.leader.step-down.wait-time = 10s (default)
2023-08-23 22:09:07,536 [om1-groupManagement] INFO  server.RaftServerConfigKeys (ConfUtils.java:logGet(46)) - raft.server.sleep.deviation.threshold = 300ms (default)
2023-08-23 22:09:07,542 [om1-groupManagement] INFO  server.RaftServer$Division (ServerState.java:<init>(120)) - om1@group-C5BA1605619E: ConfigurationManager, init=-1: peers:[om1|rpc:fv-az621-511.fpnbra3ad0zu1hpqauu4rsdf4e.cx.internal.cloudapp.net:9872|priority:0|startupRole:FOLLOWER]|listeners:[], old=null, confs=<EMPTY_MAP>
2023-08-23 22:09:07,551 [om1-groupManagement] INFO  server.RaftServerConfigKeys (ConfUtils.java:logGet(46)) - raft.server.storage.dir = [/tmp/junit6737305900874780310/junit4948669259078642878/scm-meta/ratis] (custom)
2023-08-23 22:09:07,557 [om1-groupManagement] INFO  server.RaftServerConfigKeys (ConfUtils.java:logGet(46)) - raft.server.log.corruption.policy = EXCEPTION (default)
2023-08-23 22:09:07,557 [om1-groupManagement] INFO  server.RaftServerConfigKeys (ConfUtils.java:logGet(46)) - raft.server.storage.free-space.min = 0MB (=0) (default)
2023-08-23 22:09:07,564 [om1-groupManagement] INFO  server.RaftServerConfigKeys (ConfUtils.java:logGet(46)) - raft.server.notification.no-leader.timeout = 120s (custom)
2023-08-23 22:09:07,567 [om1-groupManagement] INFO  server.RaftServerConfigKeys (ConfUtils.java:logGet(46)) - raft.server.read.timeout = 10s (default)
2023-08-23 22:09:07,570 [om1-groupManagement] INFO  server.RaftServerConfigKeys (ConfUtils.java:logGet(46)) - raft.server.retrycache.expirytime = 300s (custom)
2023-08-23 22:09:07,570 [om1-groupManagement] INFO  server.RaftServerConfigKeys (ConfUtils.java:logGet(46)) - raft.server.retrycache.statistics.expirytime = 100μs (default)
2023-08-23 22:09:07,597 [om1-groupManagement] INFO  server.RaftServerConfigKeys (ConfUtils.java:logGet(46)) - raft.server.read.option = DEFAULT (default)
2023-08-23 22:09:07,656 [om1-groupManagement] INFO  server.RaftServerConfigKeys (ConfUtils.java:logGet(46)) - raft.server.rpc.request.timeout = 3000ms (default)
2023-08-23 22:09:07,662 [om1-groupManagement] INFO  server.RaftServerConfigKeys (ConfUtils.java:logGet(46)) - raft.server.log.appender.install.snapshot.enabled = false (custom)
2023-08-23 22:09:07,663 [om1-groupManagement] INFO  server.RaftServerConfigKeys (ConfUtils.java:logGet(46)) - raft.server.threadpool.server.cached = true (default)
2023-08-23 22:09:07,663 [om1-groupManagement] INFO  server.RaftServerConfigKeys (ConfUtils.java:logGet(46)) - raft.server.threadpool.server.size = 0 (default)
2023-08-23 22:09:07,665 [om1-groupManagement] INFO  server.RaftServerConfigKeys (ConfUtils.java:logGet(46)) - raft.server.threadpool.client.cached = true (default)
2023-08-23 22:09:07,665 [om1-groupManagement] INFO  server.RaftServerConfigKeys (ConfUtils.java:logGet(46)) - raft.server.threadpool.client.size = 0 (default)
2023-08-23 22:09:08,159 [Time-limited test] INFO  reflections.Reflections (Reflections.java:scan(232)) - Reflections took 562 ms to scan 19 urls, producing 70 keys and 5645 values [using 2 cores]
2023-08-23 22:09:08,332 [Time-limited test] INFO  ipc.CallQueueManager (CallQueueManager.java:<init>(90)) - Using callQueue: class java.util.concurrent.LinkedBlockingQueue, queueCapacity: 10000, scheduler: class org.apache.hadoop.ipc.DefaultRpcScheduler, ipcBackoff: false.
2023-08-23 22:09:08,333 [Time-limited test] INFO  ipc.Server (Server.java:<init>(1287)) - Listener at fv-az621-511.fpnbra3ad0zu1hpqauu4rsdf4e.cx.internal.cloudapp.net:1202
2023-08-23 22:09:08,333 [Socket Reader #1 for port 1202] INFO  ipc.Server (Server.java:run(1323)) - Starting Socket Reader #1 for port 1202
2023-08-23 22:09:08,363 [Time-limited test] INFO  ha.OMHANodeDetails (OMHANodeDetails.java:loadOMHAConfig(115)) - ozone.om.internal.service.id is not defined, falling back to ozone.om.service.ids to find serviceID for OzoneManager if it is HA enabled cluster
2023-08-23 22:09:08,363 [Time-limited test] INFO  ha.OMHANodeDetails (OMHANodeDetails.java:loadOMHAConfig(226)) - Configuration does not have ozone.om.address set. Falling back to the default OM address fv-az621-511.fpnbra3ad0zu1hpqauu4rsdf4e.cx.internal.cloudapp.net/10.1.0.14:1202
2023-08-23 22:09:08,363 [Time-limited test] INFO  ha.OMHANodeDetails (OMHANodeDetails.java:getOMNodeDetailsForNonHA(254)) - OM Service ID is not set. Setting it to the default ID: omServiceIdDefault
2023-08-23 22:09:08,364 [Time-limited test] INFO  ha.OMHANodeDetails (OMHANodeDetails.java:getOMNodeDetailsForNonHA(261)) - OM Node ID is not set. Setting it to the default ID: om1
2023-08-23 22:09:08,367 [pool-40-thread-2] INFO  request.KdcRequest (KdcRequest.java:preauth(651)) - The preauth data is empty.
2023-08-23 22:09:08,368 [pool-40-thread-2] INFO  server.KdcHandler (KdcHandler.java:handleRecoverableException(177)) - KRB error occurred while processing request:Additional pre-authentication required
2023-08-23 22:09:08,375 [pool-40-thread-2] INFO  request.AsRequest (AsRequest.java:issueTicket(112)) - AS_REQ ISSUE: authtime 1692828548375,scm/fv-az621-511.fpnbra3ad0zu1hpqauu4rsdf4e.cx.internal.cloudapp.net@EXAMPLE.COM for krbtgt/EXAMPLE.COM@EXAMPLE.COM
2023-08-23 22:09:08,379 [Time-limited test] INFO  security.UserGroupInformation (UserGroupInformation.java:loginUserFromKeytab(1132)) - Login successful for user scm/fv-az621-511.fpnbra3ad0zu1hpqauu4rsdf4e.cx.internal.cloudapp.net@EXAMPLE.COM using keytab file scm.keytab. Keytab auto renewal enabled : false
2023-08-23 22:09:08,379 [Time-limited test] INFO  om.OzoneManager (OzoneManager.java:loginOMUser(1161)) - Ozone Manager login successful.
2023-08-23 22:09:08,379 [Time-limited test] WARN  server.ServerUtils (ServerUtils.java:getDBPath(311)) - ozone.om.db.dirs is not configured. We recommend adding this setting. Falling back to ozone.metadata.dirs instead.
2023-08-23 22:09:08,380 [Time-limited test] INFO  proxy.SCMBlockLocationFailoverProxyProvider (SCMBlockLocationFailoverProxyProvider.java:<init>(114)) - Created block location fail-over proxy with 1 nodes: [nodeId=scmNodeId,nodeAddress=/0.0.0.0:9863]
2023-08-23 22:09:08,397 [pool-40-thread-2] INFO  request.TgsRequest (TgsRequest.java:issueTicket(115)) - TGS_REQ ISSUE: authtime 1692828548397,scm/fv-az621-511.fpnbra3ad0zu1hpqauu4rsdf4e.cx.internal.cloudapp.net for scm/fv-az621-511.fpnbra3ad0zu1hpqauu4rsdf4e.cx.internal.cloudapp.net@EXAMPLE.COM
2023-08-23 22:09:08,422 [Socket Reader #1 for port 9863] INFO  ipc.Server (Server.java:saslProcess(2139)) - Auth successful for scm/fv-az621-511.fpnbra3ad0zu1hpqauu4rsdf4e.cx.internal.cloudapp.net@EXAMPLE.COM (auth:KERBEROS) from fv-az621-511.fpnbra3ad0zu1hpqauu4rsdf4e.cx.internal.cloudapp.net:40859 / 10.1.0.14:40859
OM already initialized.Reusing existing cluster id for sd=/tmp/junit6737305900874780310/junit4948669259078642878/scm-meta/om;cid=82759f4d-00d8-42d6-86ec-0986cca48b39;layoutVersion=6
2023-08-23 22:09:08,456 [Time-limited test] INFO  om.OzoneManager (OzoneManager.java:omInit(1369)) - OM storage initialized. Initializing security
2023-08-23 22:09:08,457 [Time-limited test] INFO  om.OzoneManager (OzoneManager.java:initializeSecurity(1382)) - Initializing secure OzoneManager.
2023-08-23 22:09:08,457 [Time-limited test] INFO  om.OzoneManager (OzoneManager.java:getOmDetailsProto(4552)) - OzoneManager ports added:[name: "RPC"
value: 1202
]
2023-08-23 22:09:08,458 [Time-limited test] INFO  security.OMCertificateClient (DefaultCertificateClient.java:updateCertSerialId(1244)) - Certificate serial ID set to null
2023-08-23 22:09:08,458 [Time-limited test] ERROR security.OMCertificateClient (DefaultCertificateClient.java:getCertPath(362)) - Default certificate serial id is not set. Can't locate the default certificate for this client.
2023-08-23 22:09:08,459 [Time-limited test] INFO  security.OMCertificateClient (DefaultCertificateClient.java:init(715)) - Certificate client init case: 0
2023-08-23 22:09:08,459 [Time-limited test] INFO  security.OMCertificateClient (CommonCertificateClient.java:handleCase(73)) - Creating keypair for client as keypair and certificate not found.
2023-08-23 22:09:08,614 [Time-limited test] INFO  om.OzoneManager (OzoneManager.java:initializeSecurity(1395)) - Init response: GETCERT
2023-08-23 22:09:08,614 [Time-limited test] INFO  ozone.OzoneSecurityUtil (OzoneSecurityUtil.java:getValidInetsForCurrentHost(119)) - ip:fe80:0:0:0:20d:3aff:fed9:fc2e%eth0 not returned.
2023-08-23 22:09:08,614 [Time-limited test] INFO  ozone.OzoneSecurityUtil (OzoneSecurityUtil.java:getValidInetsForCurrentHost(116)) - Adding ip:10.1.0.14,host:fv-az621-511.fpnbra3ad0zu1hpqauu4rsdf4e.cx.internal.cloudapp.net
2023-08-23 22:09:08,614 [Time-limited test] INFO  ozone.OzoneSecurityUtil (OzoneSecurityUtil.java:getValidInetsForCurrentHost(119)) - ip:0:0:0:0:0:0:0:1%lo not returned.
2023-08-23 22:09:08,614 [Time-limited test] INFO  ozone.OzoneSecurityUtil (OzoneSecurityUtil.java:getValidInetsForCurrentHost(119)) - ip:127.0.0.1 not returned.
2023-08-23 22:09:08,615 [Time-limited test] INFO  security.OMCertificateClient (OMCertificateClient.java:getCSRBuilder(114)) - Creating csr for OM->dns:fv-az621-511.fpnbra3ad0zu1hpqauu4rsdf4e.cx.internal.cloudapp.net,ip:10.1.0.14,scmId:b2439c34-7427-4de7-95e0-e5820db56367,clusterId:82759f4d-00d8-42d6-86ec-0986cca48b39,subject:scm@fv-az621-511.fpnbra3ad0zu1hpqauu4rsdf4e.cx.internal.cloudapp.net
2023-08-23 22:09:08,628 [Socket Reader #1 for port 9961] INFO  ipc.Server (Server.java:saslProcess(2139)) - Auth successful for scm/fv-az621-511.fpnbra3ad0zu1hpqauu4rsdf4e.cx.internal.cloudapp.net@EXAMPLE.COM (auth:KERBEROS) from fv-az621-511.fpnbra3ad0zu1hpqauu4rsdf4e.cx.internal.cloudapp.net:37435 / 10.1.0.14:37435
2023-08-23 22:09:08,631 [IPC Server handler 1 on default port 9961] INFO  server.SCMSecurityProtocolServer (SCMSecurityProtocolServer.java:getOMCertificate(284)) - Processing CSR for om fv-az621-511.fpnbra3ad0zu1hpqauu4rsdf4e.cx.internal.cloudapp.net, UUID: 759a1148-473f-4a62-9fe7-c93870e70dc4
2023-08-23 22:09:08,635 [IPC Server handler 1 on default port 9961] INFO  authority.DefaultApprover (DefaultApprover.java:sign(154)) - Extensions in CSR: 2.5.29.15, 2.5.29.17
2023-08-23 22:09:08,636 [IPC Server handler 1 on default port 9961] INFO  authority.DefaultApprover (DefaultApprover.java:sign(158)) - Extensions to add to the certificate if they present in CSR: 2.5.29.17, 2.5.29.19, 1.3.6.1.5.5.7.1.12, 2.5.29.35, 2.5.29.37, 2.5.29.15
2023-08-23 22:09:08,652 [Time-limited test] INFO  utils.CertificateCodec (CertificateCodec.java:writeCertificate(299)) - Save certificate to /tmp/junit6737305900874780310/junit4948669259078642878/scm-meta/om/certs/1419804154902.crt
2023-08-23 22:09:08,653 [Time-limited test] INFO  utils.CertificateCodec (CertificateCodec.java:writeCertificate(300)) - Certificate -----BEGIN CERTIFICATE-----
MIIEHzCCAwegAwIBAgIGAUqS7BwWMA0GCSqGSIb3DQEBCwUAMIGLMSswKQYDVQQD
DCJzY20tc3ViLTE0MTcxNTkzNTAyOTdAZnYtYXo2MjEtNTExMS0wKwYDVQQLDCRi
MjQzOWMzNC03NDI3LTRkZTctOTVlMC1lNTgyMGRiNTYzNjcxLTArBgNVBAoMJDgy
NzU5ZjRkLTAwZDgtNDJkNi04NmVjLTA5ODZjY2E0OGIzOTAeFw0yMzA4MjMyMjA5
MDhaFw0yNDA4MjIyMjA5MDhaMIGtMU0wSwYDVQQDDERzY21AZnYtYXo2MjEtNTEx
LmZwbmJyYTNhZDB6dTFocHFhdXU0cnNkZjRlLmN4LmludGVybmFsLmNsb3VkYXBw
Lm5ldDEtMCsGA1UECwwkYjI0MzljMzQtNzQyNy00ZGU3LTk1ZTAtZTU4MjBkYjU2
MzY3MS0wKwYDVQQKDCQ4Mjc1OWY0ZC0wMGQ4LTQyZDYtODZlYy0wOTg2Y2NhNDhi
MzkwggEiMA0GCSqGSIb3DQEBAQUAA4IBDwAwggEKAoIBAQCxeIbLQubaH5R4ma/M
5jDMznyK6V4S7Rz7P9DNLX6k3q6PYXtKSLjKS3AW8rBWda0QFUsqFwcV6y77wzUM
Uw8KPYle46E9gJxfsEbc8S6128/YxMasEn4IYNJG4pcjEOApHa7O0UhEJ4y0LD9i
tkP2LD3I/vUaKD6yvzjRQMLVYrEiotSwEVlWge9/cJu5jt0/dlSVzEogIQU4UrSK
uxrw8oFysjeYr3A1ps7ld7DkjcQmA/pax53RnktNRdusL3wSZmAAfpkb31OpWAOl
fcgctcv+DaaN+1/v5Ffp4q+wzb7iiKBtPXoy/CFfZWIEASc+WJWNBR1SJ88IpRY0
LU0ZAgMBAAGjZTBjMFEGA1UdEQRKMEiHBAoBAA6CQGZ2LWF6NjIxLTUxMS5mcG5i
cmEzYWQwenUxaHBxYXV1NHJzZGY0ZS5jeC5pbnRlcm5hbC5jbG91ZGFwcC5uZXQw
DgYDVR0PAQH/BAQDAgO4MA0GCSqGSIb3DQEBCwUAA4IBAQDB2EMcdHVnYatXDk+d
Zaa8cA4k4ONRDZ2G+SxeksA3elF/cHUTxQzHn5Bf+1WENys9V9cOdgV5mlKDwg9c
6AALPwPXEHwD/E1G8aypzmWAjhPwCcDQnEUEgigihCYtXahdYiq/E1XKONFEYsns
NI/v63XDNGiHS+hOzGBAAIIwK1CabgjxhFEN6pMmbb2DZ9+lUVQDCs2O6l6q3t4y
GADvBQJp38t2Xzqi7x/yLE0CGjRrHhjW6xH6n2An1kAs8JS1Qr1Ya6cdJf3eJq1T
mMjxLxXzPokzyqmPqdaUb0qk4vBc5TVIqJ0a6Svs5DBuZcZXgaPPwE+5lvZXRQU1
S0qk
-----END CERTIFICATE-----

-----BEGIN CERTIFICATE-----
MIID/TCCAuWgAwIBAgIGAUn1is/dMA0GCSqGSIb3DQEBCwUAMHsxGzAZBgNVBAMM
EnNjbS0xQGZ2LWF6NjIxLTUxMTEtMCsGA1UECwwkYjI0MzljMzQtNzQyNy00ZGU3
LTk1ZTAtZTU4MjBkYjU2MzY3MS0wKwYDVQQKDCQ4Mjc1OWY0ZC0wMGQ4LTQyZDYt
ODZlYy0wOTg2Y2NhNDhiMzkwHhcNMjMwODIzMjIwOTA1WhcNMjgwOTMwMjIwOTA1
WjCBizErMCkGA1UEAwwic2NtLXN1Yi0xNDE3MTU5MzUwMjk3QGZ2LWF6NjIxLTUx
MTEtMCsGA1UECwwkYjI0MzljMzQtNzQyNy00ZGU3LTk1ZTAtZTU4MjBkYjU2MzY3
MS0wKwYDVQQKDCQ4Mjc1OWY0ZC0wMGQ4LTQyZDYtODZlYy0wOTg2Y2NhNDhiMzkw
ggEiMA0GCSqGSIb3DQEBAQUAA4IBDwAwggEKAoIBAQDezPWBSXZ4Ds9YfW3gWhmG
yYReq7ADJ5TNb+gUdKlVZTMxf+RG/GOqzZS95jVLPj8iDYzG8MYvFfhNYo0tniq9
OMs1RFwiPeT58397Ken5l8WzdhFCbtBislQv6x3mq/6E27pU8IWXDgnGfbok0uLt
41rgIeOe0NYLBOwobCb/ffpBjjTEEcix0LTD2kPEY9Hi5bj2KAhtUQ2syaAJNf2j
+L3Xa/ekmr+FvumyX54tHB1NY7qKtZiCVe1QbKWLUuKUvE+DMqdkEl60jPkjL63/
3mByIRkwSV9J+ZoI7coUgXysrrfo6qVWQmvBlDAhosxsQvYXMpXQR0Xa2dZRUH/B
AgMBAAGjdjB0MFEGA1UdEQRKMEiHBAoBAA6CQGZ2LWF6NjIxLTUxMS5mcG5icmEz
YWQwenUxaHBxYXV1NHJzZGY0ZS5jeC5pbnRlcm5hbC5jbG91ZGFwcC5uZXQwDwYD
VR0TAQH/BAUwAwEB/zAOBgNVHQ8BAf8EBAMCAb4wDQYJKoZIhvcNAQELBQADggEB
AIKhvo2JbYy6Uj/4AWo5ePpRZhmbdwMQi31c8t14zq8ANUKuOaOoB30HwFIysYes
d8zRNwxq5dYu54zd+uYLy0TlXewwGk+nDjQ/ZN1xc2SlrRo3IMUYvKY/LB3NqTh6
UNhkH5MFp7eX6eWfAdbFnQogqsTL8OFcevrU4nD0x/mzgN5SNTItJfracCGRQK5Z
/nRQrLoXOuf+/vj/DJ1qyxXz3/pyU5KClnprxrxPRBYstn7UiaxVzDbQYruJOl/r
oWed7COSnOGNLIfvTQVYl3SrhShCgr2PV5zmuzOzRzw6dv1NyTJ0b/KqJ0rwJU69
hzbMdhSKwUJZVXgShubwW1U=
-----END CERTIFICATE-----

-----BEGIN CERTIFICATE-----
MIID5zCCAs+gAwIBAgIBATANBgkqhkiG9w0BAQsFADB7MRswGQYDVQQDDBJzY20t
MUBmdi1hejYyMS01MTExLTArBgNVBAsMJGIyNDM5YzM0LTc0MjctNGRlNy05NWUw
LWU1ODIwZGI1NjM2NzEtMCsGA1UECgwkODI3NTlmNGQtMDBkOC00MmQ2LTg2ZWMt
MDk4NmNjYTQ4YjM5MB4XDTIzMDgyMzIyMDkwNVoXDTI4MDkzMDIyMDkwNVowezEb
MBkGA1UEAwwSc2NtLTFAZnYtYXo2MjEtNTExMS0wKwYDVQQLDCRiMjQzOWMzNC03
NDI3LTRkZTctOTVlMC1lNTgyMGRiNTYzNjcxLTArBgNVBAoMJDgyNzU5ZjRkLTAw
ZDgtNDJkNi04NmVjLTA5ODZjY2E0OGIzOTCCASIwDQYJKoZIhvcNAQEBBQADggEP
ADCCAQoCggEBAJusb8V0kn7advizdF9Sj4a7ReBWqme2oCkjy9Xz2t1P+CXn1Cfj
bIQZAeBl5uASqL+wMZNtMZfiSU3Og46NKDhAkUcyjG9O8eGVt2yuC4wqnwhzaYj1
ieE9QsnjdJZt9IRVjaqLnOqofKhLT+2BSrWXr+8TkjUMvkfkv9FQ3DS0xewGMLUZ
Omzf5A9hdmyOrHoTzOOzrgSvf4jSlaqVzDytOeZa1gRHPpHgrmwOx5BcGTJTG7Wi
0gGNVQk79lbjFTkhwzSZTDVhPC7b/oxZoFwR3I+W8ZpBf/V2CoQyLGTDHe4HfyNA
6HhUsD6em+9fQAyYdRWvcJJd9B0UCGeq2qECAwEAAaN2MHQwDwYDVR0TAQH/BAUw
AwEB/zAOBgNVHQ8BAf8EBAMCAQYwUQYDVR0RBEowSIcECgEADoJAZnYtYXo2MjEt
NTExLmZwbmJyYTNhZDB6dTFocHFhdXU0cnNkZjRlLmN4LmludGVybmFsLmNsb3Vk
YXBwLm5ldDANBgkqhkiG9w0BAQsFAAOCAQEAfp0R2BVuReEaGHBuNL3zfyc897i/
5/ReNe72JKWDpafZK5FyK/bu5ZQwScB3pNi5kdXYQYqsC9MOH8NW4wTs7aH5WkMc
xvOQPNRWJNOUIgJktOsrais8XbMTJa/a5CUhipPBTuxi2kLhFruDlVzq3D9SXgla
4lYemhQn85wlkCz+29CTjghP09gQhDFXx4Rk3LKD8HJLPbGSI8S9ScAp04RE4LRC
sdycQCdYpVqJ7lSY4Wv9pqlz1w9zVhO83cE51UVxC7Wl762GKrBfrtIuXiAD9KSR
jHlArWXiQzfXHBq65PPjtG0fmBghxN/XnymdVfxik9fO4zOicLJ5mO29bA==
-----END CERTIFICATE-----

2023-08-23 22:09:08,654 [Time-limited test] INFO  utils.CertificateCodec (CertificateCodec.java:writeCertificate(299)) - Save certificate to /tmp/junit6737305900874780310/junit4948669259078642878/scm-meta/om/certs/CA-1417163755485.crt
2023-08-23 22:09:08,654 [Time-limited test] INFO  utils.CertificateCodec (CertificateCodec.java:writeCertificate(300)) - Certificate -----BEGIN CERTIFICATE-----
MIID/TCCAuWgAwIBAgIGAUn1is/dMA0GCSqGSIb3DQEBCwUAMHsxGzAZBgNVBAMM
EnNjbS0xQGZ2LWF6NjIxLTUxMTEtMCsGA1UECwwkYjI0MzljMzQtNzQyNy00ZGU3
LTk1ZTAtZTU4MjBkYjU2MzY3MS0wKwYDVQQKDCQ4Mjc1OWY0ZC0wMGQ4LTQyZDYt
ODZlYy0wOTg2Y2NhNDhiMzkwHhcNMjMwODIzMjIwOTA1WhcNMjgwOTMwMjIwOTA1
WjCBizErMCkGA1UEAwwic2NtLXN1Yi0xNDE3MTU5MzUwMjk3QGZ2LWF6NjIxLTUx
MTEtMCsGA1UECwwkYjI0MzljMzQtNzQyNy00ZGU3LTk1ZTAtZTU4MjBkYjU2MzY3
MS0wKwYDVQQKDCQ4Mjc1OWY0ZC0wMGQ4LTQyZDYtODZlYy0wOTg2Y2NhNDhiMzkw
ggEiMA0GCSqGSIb3DQEBAQUAA4IBDwAwggEKAoIBAQDezPWBSXZ4Ds9YfW3gWhmG
yYReq7ADJ5TNb+gUdKlVZTMxf+RG/GOqzZS95jVLPj8iDYzG8MYvFfhNYo0tniq9
OMs1RFwiPeT58397Ken5l8WzdhFCbtBislQv6x3mq/6E27pU8IWXDgnGfbok0uLt
41rgIeOe0NYLBOwobCb/ffpBjjTEEcix0LTD2kPEY9Hi5bj2KAhtUQ2syaAJNf2j
+L3Xa/ekmr+FvumyX54tHB1NY7qKtZiCVe1QbKWLUuKUvE+DMqdkEl60jPkjL63/
3mByIRkwSV9J+ZoI7coUgXysrrfo6qVWQmvBlDAhosxsQvYXMpXQR0Xa2dZRUH/B
AgMBAAGjdjB0MFEGA1UdEQRKMEiHBAoBAA6CQGZ2LWF6NjIxLTUxMS5mcG5icmEz
YWQwenUxaHBxYXV1NHJzZGY0ZS5jeC5pbnRlcm5hbC5jbG91ZGFwcC5uZXQwDwYD
VR0TAQH/BAUwAwEB/zAOBgNVHQ8BAf8EBAMCAb4wDQYJKoZIhvcNAQELBQADggEB
AIKhvo2JbYy6Uj/4AWo5ePpRZhmbdwMQi31c8t14zq8ANUKuOaOoB30HwFIysYes
d8zRNwxq5dYu54zd+uYLy0TlXewwGk+nDjQ/ZN1xc2SlrRo3IMUYvKY/LB3NqTh6
UNhkH5MFp7eX6eWfAdbFnQogqsTL8OFcevrU4nD0x/mzgN5SNTItJfracCGRQK5Z
/nRQrLoXOuf+/vj/DJ1qyxXz3/pyU5KClnprxrxPRBYstn7UiaxVzDbQYruJOl/r
oWed7COSnOGNLIfvTQVYl3SrhShCgr2PV5zmuzOzRzw6dv1NyTJ0b/KqJ0rwJU69
hzbMdhSKwUJZVXgShubwW1U=
-----END CERTIFICATE-----

-----BEGIN CERTIFICATE-----
MIID5zCCAs+gAwIBAgIBATANBgkqhkiG9w0BAQsFADB7MRswGQYDVQQDDBJzY20t
MUBmdi1hejYyMS01MTExLTArBgNVBAsMJGIyNDM5YzM0LTc0MjctNGRlNy05NWUw
LWU1ODIwZGI1NjM2NzEtMCsGA1UECgwkODI3NTlmNGQtMDBkOC00MmQ2LTg2ZWMt
MDk4NmNjYTQ4YjM5MB4XDTIzMDgyMzIyMDkwNVoXDTI4MDkzMDIyMDkwNVowezEb
MBkGA1UEAwwSc2NtLTFAZnYtYXo2MjEtNTExMS0wKwYDVQQLDCRiMjQzOWMzNC03
NDI3LTRkZTctOTVlMC1lNTgyMGRiNTYzNjcxLTArBgNVBAoMJDgyNzU5ZjRkLTAw
ZDgtNDJkNi04NmVjLTA5ODZjY2E0OGIzOTCCASIwDQYJKoZIhvcNAQEBBQADggEP
ADCCAQoCggEBAJusb8V0kn7advizdF9Sj4a7ReBWqme2oCkjy9Xz2t1P+CXn1Cfj
bIQZAeBl5uASqL+wMZNtMZfiSU3Og46NKDhAkUcyjG9O8eGVt2yuC4wqnwhzaYj1
ieE9QsnjdJZt9IRVjaqLnOqofKhLT+2BSrWXr+8TkjUMvkfkv9FQ3DS0xewGMLUZ
Omzf5A9hdmyOrHoTzOOzrgSvf4jSlaqVzDytOeZa1gRHPpHgrmwOx5BcGTJTG7Wi
0gGNVQk79lbjFTkhwzSZTDVhPC7b/oxZoFwR3I+W8ZpBf/V2CoQyLGTDHe4HfyNA
6HhUsD6em+9fQAyYdRWvcJJd9B0UCGeq2qECAwEAAaN2MHQwDwYDVR0TAQH/BAUw
AwEB/zAOBgNVHQ8BAf8EBAMCAQYwUQYDVR0RBEowSIcECgEADoJAZnYtYXo2MjEt
NTExLmZwbmJyYTNhZDB6dTFocHFhdXU0cnNkZjRlLmN4LmludGVybmFsLmNsb3Vk
YXBwLm5ldDANBgkqhkiG9w0BAQsFAAOCAQEAfp0R2BVuReEaGHBuNL3zfyc897i/
5/ReNe72JKWDpafZK5FyK/bu5ZQwScB3pNi5kdXYQYqsC9MOH8NW4wTs7aH5WkMc
xvOQPNRWJNOUIgJktOsrais8XbMTJa/a5CUhipPBTuxi2kLhFruDlVzq3D9SXgla
4lYemhQn85wlkCz+29CTjghP09gQhDFXx4Rk3LKD8HJLPbGSI8S9ScAp04RE4LRC
sdycQCdYpVqJ7lSY4Wv9pqlz1w9zVhO83cE51UVxC7Wl762GKrBfrtIuXiAD9KSR
jHlArWXiQzfXHBq65PPjtG0fmBghxN/XnymdVfxik9fO4zOicLJ5mO29bA==
-----END CERTIFICATE-----

2023-08-23 22:09:08,655 [IPC Server handler 0 on default port 9961] INFO  client.SCMCertificateClient (DefaultCertificateClient.java:getAllRootCaCerts(901)) - scm/sub-ca has 0 Root CA certificates
2023-08-23 22:09:08,656 [IPC Server handler 0 on default port 9961] INFO  client.SCMCertificateClient (DefaultCertificateClient.java:getAllCaCerts(909)) - scm/sub-ca has 1 CA certificates
2023-08-23 22:09:08,660 [Time-limited test] INFO  utils.CertificateCodec (CertificateCodec.java:writeCertificate(299)) - Save certificate to /tmp/junit6737305900874780310/junit4948669259078642878/scm-meta/om/certs/ROOTCA-1.crt
2023-08-23 22:09:08,661 [Time-limited test] INFO  utils.CertificateCodec (CertificateCodec.java:writeCertificate(300)) - Certificate -----BEGIN CERTIFICATE-----
MIID5zCCAs+gAwIBAgIBATANBgkqhkiG9w0BAQsFADB7MRswGQYDVQQDDBJzY20t
MUBmdi1hejYyMS01MTExLTArBgNVBAsMJGIyNDM5YzM0LTc0MjctNGRlNy05NWUw
LWU1ODIwZGI1NjM2NzEtMCsGA1UECgwkODI3NTlmNGQtMDBkOC00MmQ2LTg2ZWMt
MDk4NmNjYTQ4YjM5MB4XDTIzMDgyMzIyMDkwNVoXDTI4MDkzMDIyMDkwNVowezEb
MBkGA1UEAwwSc2NtLTFAZnYtYXo2MjEtNTExMS0wKwYDVQQLDCRiMjQzOWMzNC03
NDI3LTRkZTctOTVlMC1lNTgyMGRiNTYzNjcxLTArBgNVBAoMJDgyNzU5ZjRkLTAw
ZDgtNDJkNi04NmVjLTA5ODZjY2E0OGIzOTCCASIwDQYJKoZIhvcNAQEBBQADggEP
ADCCAQoCggEBAJusb8V0kn7advizdF9Sj4a7ReBWqme2oCkjy9Xz2t1P+CXn1Cfj
bIQZAeBl5uASqL+wMZNtMZfiSU3Og46NKDhAkUcyjG9O8eGVt2yuC4wqnwhzaYj1
ieE9QsnjdJZt9IRVjaqLnOqofKhLT+2BSrWXr+8TkjUMvkfkv9FQ3DS0xewGMLUZ
Omzf5A9hdmyOrHoTzOOzrgSvf4jSlaqVzDytOeZa1gRHPpHgrmwOx5BcGTJTG7Wi
0gGNVQk79lbjFTkhwzSZTDVhPC7b/oxZoFwR3I+W8ZpBf/V2CoQyLGTDHe4HfyNA
6HhUsD6em+9fQAyYdRWvcJJd9B0UCGeq2qECAwEAAaN2MHQwDwYDVR0TAQH/BAUw
AwEB/zAOBgNVHQ8BAf8EBAMCAQYwUQYDVR0RBEowSIcECgEADoJAZnYtYXo2MjEt
NTExLmZwbmJyYTNhZDB6dTFocHFhdXU0cnNkZjRlLmN4LmludGVybmFsLmNsb3Vk
YXBwLm5ldDANBgkqhkiG9w0BAQsFAAOCAQEAfp0R2BVuReEaGHBuNL3zfyc897i/
5/ReNe72JKWDpafZK5FyK/bu5ZQwScB3pNi5kdXYQYqsC9MOH8NW4wTs7aH5WkMc
xvOQPNRWJNOUIgJktOsrais8XbMTJa/a5CUhipPBTuxi2kLhFruDlVzq3D9SXgla
4lYemhQn85wlkCz+29CTjghP09gQhDFXx4Rk3LKD8HJLPbGSI8S9ScAp04RE4LRC
sdycQCdYpVqJ7lSY4Wv9pqlz1w9zVhO83cE51UVxC7Wl762GKrBfrtIuXiAD9KSR
jHlArWXiQzfXHBq65PPjtG0fmBghxN/XnymdVfxik9fO4zOicLJ5mO29bA==
-----END CERTIFICATE-----

2023-08-23 22:09:08,661 [Time-limited test] INFO  security.OMCertificateClient (DefaultCertificateClient.java:updateCertSerialId(1244)) - Certificate serial ID set to 1419804154902
2023-08-23 22:09:08,663 [Time-limited test] INFO  security.OMCertificateClient (DefaultCertificateClient.java:readCertificateFile(237)) - Added certificate   [0]         Version: 3
         SerialNumber: 1
             IssuerDN: CN=scm-1@fv-az621-511,OU=b2439c34-7427-4de7-95e0-e5820db56367,O=82759f4d-00d8-42d6-86ec-0986cca48b39
           Start Date: Wed Aug 23 22:09:05 UTC 2023
           Final Date: Sat Sep 30 22:09:05 UTC 2028
            SubjectDN: CN=scm-1@fv-az621-511,OU=b2439c34-7427-4de7-95e0-e5820db56367,O=82759f4d-00d8-42d6-86ec-0986cca48b39
           Public Key: RSA Public Key [ee:64:6b:c3:be:a6:ee:02:21:a8:f9:41:24:a7:7f:3b:c4:92:50:a8],[56:66:d1:a4]
        modulus: 9bac6fc574927eda76f8b3745f528f86bb45e056aa67b6a02923cbd5f3dadd4ff825e7d427e36c841901e065e6e012a8bfb031936d3197e2494dce838e8d2838409147328c6f4ef1e195b76cae0b8c2a9f08736988f589e13d42c9e374966df484558daa8b9ceaa87ca84b4fed814ab597afef1392350cbe47e4bfd150dc34b4c5ec0630b5193a6cdfe40f61766c8eac7a13cce3b3ae04af7f88d295aa95cc3cad39e65ad604473e91e0ae6c0ec7905c1932531bb5a2d2018d55093bf656e3153921c334994c35613c2edbfe8c59a05c11dc8f96f19a417ff5760a84322c64c31dee077f2340e87854b03e9e9bef5f400c987515af70925df41d140867aadaa1
public exponent: 10001

  Signature Algorithm: SHA256WITHRSA
            Signature: 7e9d11d8156e45e11a18706e34bdf37f273cf7b8
                       bfe7f45e35eef624a583a5a7d92b91722bf6eee5
                       943049c077a4d8b991d5d8418aac0bd30e1fc356
                       e304eceda1f95a431cc6f3903cd45624d3942202
                       64b4eb2b6a2b3c5db31325afdae425218a93c14e
                       ec62da42e116bb83955ceadc3f525e095ae2561e
                       9a1427f39c25902cfedbd0938e084fd3d8108431
                       57c78464dcb283f0724b3db19223c4bd49c029d3
                       8444e0b442b1dc9c402758a55a89ee5498e16bfd
                       a6a973d70f735613bcddc139d545710bb5a5efad
                       862ab05faed22e5e2003f4a4918c7940ad65e243
                       37d71c1abae4f3e3b46d1f981821c4dfd79f299d
                       55fc6293d7cee333a270b27998edbd6c
       Extensions: 
                       critical(true) BasicConstraints: isCa(true)
                       critical(true) KeyUsage: 0x6
                       critical(false) 2.5.29.17 value = Sequence
    Tagged [7] IMPLICIT 
        DER Octet String[4] 
    Tagged [2] IMPLICIT 
        DER Octet String[64] 

 from file: /tmp/junit6737305900874780310/junit4948669259078642878/scm-meta/om/certs/ROOTCA-1.crt.
2023-08-23 22:09:08,666 [Time-limited test] INFO  security.OMCertificateClient (DefaultCertificateClient.java:readCertificateFile(237)) - Added certificate   [0]         Version: 3
         SerialNumber: 1419804154902
             IssuerDN: CN=scm-sub-1417159350297@fv-az621-511,OU=b2439c34-7427-4de7-95e0-e5820db56367,O=82759f4d-00d8-42d6-86ec-0986cca48b39
           Start Date: Wed Aug 23 22:09:08 UTC 2023
           Final Date: Thu Aug 22 22:09:08 UTC 2024
            SubjectDN: CN=scm@fv-az621-511.fpnbra3ad0zu1hpqauu4rsdf4e.cx.internal.cloudapp.net,OU=b2439c34-7427-4de7-95e0-e5820db56367,O=82759f4d-00d8-42d6-86ec-0986cca48b39
           Public Key: RSA Public Key [b7:f0:38:29:5e:ce:2e:d9:49:94:a6:db:8e:ba:ba:fb:e4:20:7c:64],[56:66:d1:a4]
        modulus: b17886cb42e6da1f947899afcce630ccce7c8ae95e12ed1cfb3fd0cd2d7ea4deae8f617b4a48b8ca4b7016f2b05675ad10154b2a170715eb2efbc3350c530f0a3d895ee3a13d809c5fb046dcf12eb5dbcfd8c4c6ac127e0860d246e2972310e0291daeced14844278cb42c3f62b643f62c3dc8fef51a283eb2bf38d140c2d562b122a2d4b011595681ef7f709bb98edd3f765495cc4a2021053852b48abb1af0f28172b23798af7035a6cee577b0e48dc42603fa5ac79dd19e4b4d45dbac2f7c126660007e991bdf53a95803a57dc81cb5cbfe0da68dfb5fefe457e9e2afb0cdbee288a06d3d7a32fc215f65620401273e58958d051d5227cf08a516342d4d19
public exponent: 10001

  Signature Algorithm: SHA256WITHRSA
            Signature: c1d8431c74756761ab570e4f9d65a6bc700e24e0
                       e3510d9d86f92c5e92c0377a517f707513c50cc7
                       9f905ffb5584372b3d57d70e7605799a5283c20f
                       5ce8000b3f03d7107c03fc4d46f1aca9ce65808e
                       13f009c0d09c450482282284262d5da85d622abf
                       1355ca38d14462c9ec348fefeb75c33468874be8
                       4ecc60400082302b509a6e08f184510dea93266d
                       bd8367dfa55154030acd8eea5eaadede321800ef
                       050269dfcb765f3aa2ef1ff22c4d021a346b1e18
                       d6eb11fa9f6027d6402cf094b542bd586ba71d25
                       fdde26ad5398c8f12f15f33e8933caa98fa9d694
                       6f4aa4e2f05ce53548a89d1ae92bece4306e65c6
                       5781a3cfc04fb996f6574505354b4aa4
       Extensions: 
                       critical(false) 2.5.29.17 value = Sequence
    Tagged [7] IMPLICIT 
        DER Octet String[4] 
    Tagged [2] IMPLICIT 
        DER Octet String[64] 

                       critical(true) KeyUsage: 0xb8
 from file: /tmp/junit6737305900874780310/junit4948669259078642878/scm-meta/om/certs/1419804154902.crt.
2023-08-23 22:09:08,668 [Time-limited test] INFO  security.OMCertificateClient (DefaultCertificateClient.java:readCertificateFile(237)) - Added certificate   [0]         Version: 3
         SerialNumber: 1417163755485
             IssuerDN: CN=scm-1@fv-az621-511,OU=b2439c34-7427-4de7-95e0-e5820db56367,O=82759f4d-00d8-42d6-86ec-0986cca48b39
           Start Date: Wed Aug 23 22:09:05 UTC 2023
           Final Date: Sat Sep 30 22:09:05 UTC 2028
            SubjectDN: CN=scm-sub-1417159350297@fv-az621-511,OU=b2439c34-7427-4de7-95e0-e5820db56367,O=82759f4d-00d8-42d6-86ec-0986cca48b39
           Public Key: RSA Public Key [02:39:cf:de:c1:64:88:44:f0:3a:1d:d6:e9:eb:2c:1c:63:aa:c8:27],[56:66:d1:a4]
        modulus: deccf5814976780ecf587d6de05a1986c9845eabb0032794cd6fe81474a9556533317fe446fc63aacd94bde6354b3e3f220d8cc6f0c62f15f84d628d2d9e2abd38cb35445c223de4f9f37f7b29e9f997c5b37611426ed062b2542feb1de6abfe84dbba54f085970e09c67dba24d2e2ede35ae021e39ed0d60b04ec286c26ff7dfa418e34c411c8b1d0b4c3da43c463d1e2e5b8f628086d510dacc9a00935fda3f8bdd76bf7a49abf85bee9b25f9e2d1c1d4d63ba8ab5988255ed506ca58b52e294bc4f8332a764125eb48cf9232fadffde6072211930495f49f99a08edca14817cacaeb7e8eaa556426bc1943021a2cc6c42f6173295d04745dad9d651507fc1
public exponent: 10001

  Signature Algorithm: SHA256WITHRSA
            Signature: 82a1be8d896d8cba523ff8016a3978fa5166199b
                       7703108b7d5cf2dd78ceaf003542ae39a3a8077d
                       07c05232b187ac77ccd1370c6ae5d62ee78cddfa
                       e60bcb44e55dec301a4fa70e343f64dd717364a5
                       ad1a3720c518bca63f2c1dcda9387a50d8641f93
                       05a7b797e9e59f01d6c59d0a20aac4cbf0e15c7a
                       fad4e270f4c7f9b380de5235322d25fada702191
                       40ae59fe7450acba173ae7fefef8ff0c9d6acb15
                       f3dffa72539282967a6bc6bc4f44162cb67ed489
                       ac55cc36d062bb893a5feba1679dec23929ce18d
                       2c87ef4d05589774ab85284282bd8f579ce6bb33
                       b3473c3a76fd4dc932746ff2aa274af0254ebd87
                       36cc76148ac1425955781286e6f05b55
       Extensions: 
                       critical(false) 2.5.29.17 value = Sequence
    Tagged [7] IMPLICIT 
        DER Octet String[4] 
    Tagged [2] IMPLICIT 
        DER Octet String[64] 

                       critical(true) BasicConstraints: isCa(true)
                       critical(true) KeyUsage: 0xbe
 from file: /tmp/junit6737305900874780310/junit4948669259078642878/scm-meta/om/certs/CA-1417163755485.crt.
2023-08-23 22:09:08,670 [Time-limited test] INFO  security.OMCertificateClient (DefaultCertificateClient.java:startCertificateRenewerService(1347)) - CertificateRenewerService for om is started with first delay 31535989332 ms and interval 3333 ms.
2023-08-23 22:09:08,670 [Time-limited test] INFO  security.OMCertificateClient (DefaultCertificateClient.java:updateCertSerialId(1244)) - Certificate serial ID set to 1419804154902
2023-08-23 22:09:08,671 [Time-limited test] INFO  security.OMCertificateClient (DefaultCertificateClient.java:readCertificateFile(237)) - Added certificate   [0]         Version: 3
         SerialNumber: 1
             IssuerDN: CN=scm-1@fv-az621-511,OU=b2439c34-7427-4de7-95e0-e5820db56367,O=82759f4d-00d8-42d6-86ec-0986cca48b39
           Start Date: Wed Aug 23 22:09:05 UTC 2023
           Final Date: Sat Sep 30 22:09:05 UTC 2028
            SubjectDN: CN=scm-1@fv-az621-511,OU=b2439c34-7427-4de7-95e0-e5820db56367,O=82759f4d-00d8-42d6-86ec-0986cca48b39
           Public Key: RSA Public Key [ee:64:6b:c3:be:a6:ee:02:21:a8:f9:41:24:a7:7f:3b:c4:92:50:a8],[56:66:d1:a4]
        modulus: 9bac6fc574927eda76f8b3745f528f86bb45e056aa67b6a02923cbd5f3dadd4ff825e7d427e36c841901e065e6e012a8bfb031936d3197e2494dce838e8d2838409147328c6f4ef1e195b76cae0b8c2a9f08736988f589e13d42c9e374966df484558daa8b9ceaa87ca84b4fed814ab597afef1392350cbe47e4bfd150dc34b4c5ec0630b5193a6cdfe40f61766c8eac7a13cce3b3ae04af7f88d295aa95cc3cad39e65ad604473e91e0ae6c0ec7905c1932531bb5a2d2018d55093bf656e3153921c334994c35613c2edbfe8c59a05c11dc8f96f19a417ff5760a84322c64c31dee077f2340e87854b03e9e9bef5f400c987515af70925df41d140867aadaa1
public exponent: 10001

  Signature Algorithm: SHA256WITHRSA
            Signature: 7e9d11d8156e45e11a18706e34bdf37f273cf7b8
                       bfe7f45e35eef624a583a5a7d92b91722bf6eee5
                       943049c077a4d8b991d5d8418aac0bd30e1fc356
                       e304eceda1f95a431cc6f3903cd45624d3942202
                       64b4eb2b6a2b3c5db31325afdae425218a93c14e
                       ec62da42e116bb83955ceadc3f525e095ae2561e
                       9a1427f39c25902cfedbd0938e084fd3d8108431
                       57c78464dcb283f0724b3db19223c4bd49c029d3
                       8444e0b442b1dc9c402758a55a89ee5498e16bfd
                       a6a973d70f735613bcddc139d545710bb5a5efad
                       862ab05faed22e5e2003f4a4918c7940ad65e243
                       37d71c1abae4f3e3b46d1f981821c4dfd79f299d
                       55fc6293d7cee333a270b27998edbd6c
       Extensions: 
                       critical(true) BasicConstraints: isCa(true)
                       critical(true) KeyUsage: 0x6
                       critical(false) 2.5.29.17 value = Sequence
    Tagged [7] IMPLICIT 
        DER Octet String[4] 
    Tagged [2] IMPLICIT 
        DER Octet String[64] 

 from file: /tmp/junit6737305900874780310/junit4948669259078642878/scm-meta/om/certs/ROOTCA-1.crt.
2023-08-23 22:09:08,673 [Time-limited test] INFO  security.OMCertificateClient (DefaultCertificateClient.java:readCertificateFile(237)) - Added certificate   [0]         Version: 3
         SerialNumber: 1419804154902
             IssuerDN: CN=scm-sub-1417159350297@fv-az621-511,OU=b2439c34-7427-4de7-95e0-e5820db56367,O=82759f4d-00d8-42d6-86ec-0986cca48b39
           Start Date: Wed Aug 23 22:09:08 UTC 2023
           Final Date: Thu Aug 22 22:09:08 UTC 2024
            SubjectDN: CN=scm@fv-az621-511.fpnbra3ad0zu1hpqauu4rsdf4e.cx.internal.cloudapp.net,OU=b2439c34-7427-4de7-95e0-e5820db56367,O=82759f4d-00d8-42d6-86ec-0986cca48b39
           Public Key: RSA Public Key [b7:f0:38:29:5e:ce:2e:d9:49:94:a6:db:8e:ba:ba:fb:e4:20:7c:64],[56:66:d1:a4]
        modulus: b17886cb42e6da1f947899afcce630ccce7c8ae95e12ed1cfb3fd0cd2d7ea4deae8f617b4a48b8ca4b7016f2b05675ad10154b2a170715eb2efbc3350c530f0a3d895ee3a13d809c5fb046dcf12eb5dbcfd8c4c6ac127e0860d246e2972310e0291daeced14844278cb42c3f62b643f62c3dc8fef51a283eb2bf38d140c2d562b122a2d4b011595681ef7f709bb98edd3f765495cc4a2021053852b48abb1af0f28172b23798af7035a6cee577b0e48dc42603fa5ac79dd19e4b4d45dbac2f7c126660007e991bdf53a95803a57dc81cb5cbfe0da68dfb5fefe457e9e2afb0cdbee288a06d3d7a32fc215f65620401273e58958d051d5227cf08a516342d4d19
public exponent: 10001

  Signature Algorithm: SHA256WITHRSA
            Signature: c1d8431c74756761ab570e4f9d65a6bc700e24e0
                       e3510d9d86f92c5e92c0377a517f707513c50cc7
                       9f905ffb5584372b3d57d70e7605799a5283c20f
                       5ce8000b3f03d7107c03fc4d46f1aca9ce65808e
                       13f009c0d09c450482282284262d5da85d622abf
                       1355ca38d14462c9ec348fefeb75c33468874be8
                       4ecc60400082302b509a6e08f184510dea93266d
                       bd8367dfa55154030acd8eea5eaadede321800ef
                       050269dfcb765f3aa2ef1ff22c4d021a346b1e18
                       d6eb11fa9f6027d6402cf094b542bd586ba71d25
                       fdde26ad5398c8f12f15f33e8933caa98fa9d694
                       6f4aa4e2f05ce53548a89d1ae92bece4306e65c6
                       5781a3cfc04fb996f6574505354b4aa4
       Extensions: 
                       critical(false) 2.5.29.17 value = Sequence
    Tagged [7] IMPLICIT 
        DER Octet String[4] 
    Tagged [2] IMPLICIT 
        DER Octet String[64] 

                       critical(true) KeyUsage: 0xb8
 from file: /tmp/junit6737305900874780310/junit4948669259078642878/scm-meta/om/certs/1419804154902.crt.
2023-08-23 22:09:08,674 [Time-limited test] INFO  security.OMCertificateClient (DefaultCertificateClient.java:readCertificateFile(237)) - Added certificate   [0]         Version: 3
         SerialNumber: 1417163755485
             IssuerDN: CN=scm-1@fv-az621-511,OU=b2439c34-7427-4de7-95e0-e5820db56367,O=82759f4d-00d8-42d6-86ec-0986cca48b39
           Start Date: Wed Aug 23 22:09:05 UTC 2023
           Final Date: Sat Sep 30 22:09:05 UTC 2028
            SubjectDN: CN=scm-sub-1417159350297@fv-az621-511,OU=b2439c34-7427-4de7-95e0-e5820db56367,O=82759f4d-00d8-42d6-86ec-0986cca48b39
           Public Key: RSA Public Key [02:39:cf:de:c1:64:88:44:f0:3a:1d:d6:e9:eb:2c:1c:63:aa:c8:27],[56:66:d1:a4]
        modulus: deccf5814976780ecf587d6de05a1986c9845eabb0032794cd6fe81474a9556533317fe446fc63aacd94bde6354b3e3f220d8cc6f0c62f15f84d628d2d9e2abd38cb35445c223de4f9f37f7b29e9f997c5b37611426ed062b2542feb1de6abfe84dbba54f085970e09c67dba24d2e2ede35ae021e39ed0d60b04ec286c26ff7dfa418e34c411c8b1d0b4c3da43c463d1e2e5b8f628086d510dacc9a00935fda3f8bdd76bf7a49abf85bee9b25f9e2d1c1d4d63ba8ab5988255ed506ca58b52e294bc4f8332a764125eb48cf9232fadffde6072211930495f49f99a08edca14817cacaeb7e8eaa556426bc1943021a2cc6c42f6173295d04745dad9d651507fc1
public exponent: 10001

  Signature Algorithm: SHA256WITHRSA
            Signature: 82a1be8d896d8cba523ff8016a3978fa5166199b
                       7703108b7d5cf2dd78ceaf003542ae39a3a8077d
                       07c05232b187ac77ccd1370c6ae5d62ee78cddfa
                       e60bcb44e55dec301a4fa70e343f64dd717364a5
                       ad1a3720c518bca63f2c1dcda9387a50d8641f93
                       05a7b797e9e59f01d6c59d0a20aac4cbf0e15c7a
                       fad4e270f4c7f9b380de5235322d25fada702191
                       40ae59fe7450acba173ae7fefef8ff0c9d6acb15
                       f3dffa72539282967a6bc6bc4f44162cb67ed489
                       ac55cc36d062bb893a5feba1679dec23929ce18d
                       2c87ef4d05589774ab85284282bd8f579ce6bb33
                       b3473c3a76fd4dc932746ff2aa274af0254ebd87
                       36cc76148ac1425955781286e6f05b55
       Extensions: 
                       critical(false) 2.5.29.17 value = Sequence
    Tagged [7] IMPLICIT 
        DER Octet String[4] 
    Tagged [2] IMPLICIT 
        DER Octet String[64] 

                       critical(true) BasicConstraints: isCa(true)
                       critical(true) KeyUsage: 0xbe
 from file: /tmp/junit6737305900874780310/junit4948669259078642878/scm-meta/om/certs/CA-1417163755485.crt.
2023-08-23 22:09:08,674 [Time-limited test] INFO  om.OzoneManager (OzoneManager.java:initializeSecurity(1405)) - Successfully stored SCM signed certificate.
2023-08-23 22:09:08,679 [Time-limited test] INFO  om.OzoneManager (OzoneManager.java:stop(2187)) - om1[fv-az621-511.fpnbra3ad0zu1hpqauu4rsdf4e.cx.internal.cloudapp.net:1202]: Stopping Ozone Manager
2023-08-23 22:09:08,679 [Time-limited test] INFO  ipc.Server (Server.java:stop(3523)) - Stopping server on 1202
2023-08-23 22:09:08,682 [Time-limited test] INFO  ratis.OzoneManagerStateMachine (OzoneManagerStateMachine.java:close(534)) - StateMachine has shutdown. Shutdown OzoneManager if not already shutdown.
2023-08-23 22:09:08,682 [Time-limited test] INFO  ratis.OzoneManagerDoubleBuffer (OzoneManagerDoubleBuffer.java:stopDaemon(551)) - Stopping OMDoubleBuffer flush thread
2023-08-23 22:09:08,682 [OMDoubleBufferFlushThread] INFO  ratis.OzoneManagerDoubleBuffer (OzoneManagerDoubleBuffer.java:canFlush(638)) - OMDoubleBuffer flush thread OMDoubleBufferFlushThread is interrupted and will exit.
2023-08-23 22:09:08,685 [Time-limited test] INFO  om.OzoneManager (OzoneManager.java:stopSecretManager(1068)) - Stopping OM delegation token secret manager.
2023-08-23 22:09:08,685 [Time-limited test] INFO  rocksdiff.RocksDBCheckpointDiffer (RocksDBCheckpointDiffer.java:close(340)) - Shutting down CompactionDagPruningService.
2023-08-23 22:09:08,688 [Time-limited test] INFO  snapshot.SnapshotDiffManager (SnapshotDiffManager.java:closeExecutorService(1720)) - Shutting down executorService: 'SnapDiffExecutor'
2023-08-23 22:09:08,688 [Time-limited test] INFO  snapshot.SnapshotDiffManager (SnapshotDiffManager.java:closeExecutorService(1720)) - Shutting down executorService: 'SstDumpToolExecutor'
2023-08-23 22:09:08,688 [Time-limited test] INFO  utils.BackgroundService (BackgroundService.java:shutdown(141)) - Shutting down service SnapshotDiffCleanupService
2023-08-23 22:09:08,690 [Time-limited test] INFO  ha.OMHANodeDetails (OMHANodeDetails.java:loadOMHAConfig(115)) - ozone.om.internal.service.id is not defined, falling back to ozone.om.service.ids to find serviceID for OzoneManager if it is HA enabled cluster
2023-08-23 22:09:08,690 [Time-limited test] INFO  ha.OMHANodeDetails (OMHANodeDetails.java:loadOMHAConfig(226)) - Configuration does not have ozone.om.address set. Falling back to the default OM address fv-az621-511.fpnbra3ad0zu1hpqauu4rsdf4e.cx.internal.cloudapp.net/10.1.0.14:1202
2023-08-23 22:09:08,690 [Time-limited test] INFO  ha.OMHANodeDetails (OMHANodeDetails.java:getOMNodeDetailsForNonHA(254)) - OM Service ID is not set. Setting it to the default ID: omServiceIdDefault
2023-08-23 22:09:08,690 [Time-limited test] INFO  ha.OMHANodeDetails (OMHANodeDetails.java:getOMNodeDetailsForNonHA(261)) - OM Node ID is not set. Setting it to the default ID: om1
2023-08-23 22:09:08,690 [Time-limited test] WARN  server.ServerUtils (ServerUtils.java:getDBPath(311)) - ozone.om.db.dirs is not configured. We recommend adding this setting. Falling back to ozone.metadata.dirs instead.
2023-08-23 22:09:08,692 [Time-limited test] INFO  upgrade.AbstractLayoutVersionManager (AbstractLayoutVersionManager.java:init(83)) - Initializing Layout version manager with metadata layout = QUOTA (version = 6), software layout = QUOTA (version = 6)
2023-08-23 22:09:08,792 [Time-limited test] INFO  reflections.Reflections (Reflections.java:scan(232)) - Reflections took 99 ms to scan 2 urls, producing 188 keys and 512 values [using 2 cores]
2023-08-23 22:09:08,793 [Time-limited test] INFO  upgrade.OMLayoutVersionManager (OMLayoutVersionManager.java:lambda$0(115)) - Skipping Upgrade Action MockOmUpgradeAction since it has been finalized.
2023-08-23 22:09:08,793 [Time-limited test] INFO  upgrade.OMLayoutVersionManager (OMLayoutVersionManager.java:lambda$0(115)) - Skipping Upgrade Action QuotaRepairUpgradeAction since it has been finalized.
2023-08-23 22:09:08,834 [pool-40-thread-2] INFO  request.KdcRequest (KdcRequest.java:preauth(651)) - The preauth data is empty.
2023-08-23 22:09:08,836 [pool-40-thread-2] INFO  server.KdcHandler (KdcHandler.java:handleRecoverableException(177)) - KRB error occurred while processing request:Additional pre-authentication required
2023-08-23 22:09:08,840 [pool-40-thread-2] INFO  request.AsRequest (AsRequest.java:issueTicket(112)) - AS_REQ ISSUE: authtime 1692828548840,scm/fv-az621-511.fpnbra3ad0zu1hpqauu4rsdf4e.cx.internal.cloudapp.net@EXAMPLE.COM for krbtgt/EXAMPLE.COM@EXAMPLE.COM
2023-08-23 22:09:08,841 [Time-limited test] INFO  security.UserGroupInformation (UserGroupInformation.java:loginUserFromKeytab(1132)) - Login successful for user scm/fv-az621-511.fpnbra3ad0zu1hpqauu4rsdf4e.cx.internal.cloudapp.net@EXAMPLE.COM using keytab file scm.keytab. Keytab auto renewal enabled : false
2023-08-23 22:09:08,841 [Time-limited test] INFO  om.OzoneManager (OzoneManager.java:loginOMUser(1161)) - Ozone Manager login successful.
2023-08-23 22:09:08,842 [Time-limited test] WARN  server.ServerUtils (ServerUtils.java:getDBPath(311)) - ozone.om.db.dirs is not configured. We recommend adding this setting. Falling back to ozone.metadata.dirs instead.
2023-08-23 22:09:08,842 [Time-limited test] INFO  proxy.SCMBlockLocationFailoverProxyProvider (SCMBlockLocationFailoverProxyProvider.java:<init>(114)) - Created block location fail-over proxy with 1 nodes: [nodeId=scmNodeId,nodeAddress=/0.0.0.0:9863]
2023-08-23 22:09:08,843 [Time-limited test] INFO  om.OzoneManager (OzoneManager.java:getOmDetailsProto(4552)) - OzoneManager ports added:[name: "RPC"
value: 1202
]
2023-08-23 22:09:08,846 [Time-limited test] INFO  security.OMCertificateClient (DefaultCertificateClient.java:updateCertSerialId(1244)) - Certificate serial ID set to 1419804154902
2023-08-23 22:09:08,847 [Time-limited test] INFO  security.OMCertificateClient (DefaultCertificateClient.java:readCertificateFile(237)) - Added certificate   [0]         Version: 3
         SerialNumber: 1
             IssuerDN: CN=scm-1@fv-az621-511,OU=b2439c34-7427-4de7-95e0-e5820db56367,O=82759f4d-00d8-42d6-86ec-0986cca48b39
           Start Date: Wed Aug 23 22:09:05 UTC 2023
           Final Date: Sat Sep 30 22:09:05 UTC 2028
            SubjectDN: CN=scm-1@fv-az621-511,OU=b2439c34-7427-4de7-95e0-e5820db56367,O=82759f4d-00d8-42d6-86ec-0986cca48b39
           Public Key: RSA Public Key [ee:64:6b:c3:be:a6:ee:02:21:a8:f9:41:24:a7:7f:3b:c4:92:50:a8],[56:66:d1:a4]
        modulus: 9bac6fc574927eda76f8b3745f528f86bb45e056aa67b6a02923cbd5f3dadd4ff825e7d427e36c841901e065e6e012a8bfb031936d3197e2494dce838e8d2838409147328c6f4ef1e195b76cae0b8c2a9f08736988f589e13d42c9e374966df484558daa8b9ceaa87ca84b4fed814ab597afef1392350cbe47e4bfd150dc34b4c5ec0630b5193a6cdfe40f61766c8eac7a13cce3b3ae04af7f88d295aa95cc3cad39e65ad604473e91e0ae6c0ec7905c1932531bb5a2d2018d55093bf656e3153921c334994c35613c2edbfe8c59a05c11dc8f96f19a417ff5760a84322c64c31dee077f2340e87854b03e9e9bef5f400c987515af70925df41d140867aadaa1
public exponent: 10001

  Signature Algorithm: SHA256WITHRSA
            Signature: 7e9d11d8156e45e11a18706e34bdf37f273cf7b8
                       bfe7f45e35eef624a583a5a7d92b91722bf6eee5
                       943049c077a4d8b991d5d8418aac0bd30e1fc356
                       e304eceda1f95a431cc6f3903cd45624d3942202
                       64b4eb2b6a2b3c5db31325afdae425218a93c14e
                       ec62da42e116bb83955ceadc3f525e095ae2561e
                       9a1427f39c25902cfedbd0938e084fd3d8108431
                       57c78464dcb283f0724b3db19223c4bd49c029d3
                       8444e0b442b1dc9c402758a55a89ee5498e16bfd
                       a6a973d70f735613bcddc139d545710bb5a5efad
                       862ab05faed22e5e2003f4a4918c7940ad65e243
                       37d71c1abae4f3e3b46d1f981821c4dfd79f299d
                       55fc6293d7cee333a270b27998edbd6c
       Extensions: 
                       critical(true) BasicConstraints: isCa(true)
                       critical(true) KeyUsage: 0x6
                       critical(false) 2.5.29.17 value = Sequence
    Tagged [7] IMPLICIT 
        DER Octet String[4] 
    Tagged [2] IMPLICIT 
        DER Octet String[64] 

 from file: /tmp/junit6737305900874780310/junit4948669259078642878/scm-meta/om/certs/ROOTCA-1.crt.
2023-08-23 22:09:08,849 [Time-limited test] INFO  security.OMCertificateClient (DefaultCertificateClient.java:readCertificateFile(237)) - Added certificate   [0]         Version: 3
         SerialNumber: 1419804154902
             IssuerDN: CN=scm-sub-1417159350297@fv-az621-511,OU=b2439c34-7427-4de7-95e0-e5820db56367,O=82759f4d-00d8-42d6-86ec-0986cca48b39
           Start Date: Wed Aug 23 22:09:08 UTC 2023
           Final Date: Thu Aug 22 22:09:08 UTC 2024
            SubjectDN: CN=scm@fv-az621-511.fpnbra3ad0zu1hpqauu4rsdf4e.cx.internal.cloudapp.net,OU=b2439c34-7427-4de7-95e0-e5820db56367,O=82759f4d-00d8-42d6-86ec-0986cca48b39
           Public Key: RSA Public Key [b7:f0:38:29:5e:ce:2e:d9:49:94:a6:db:8e:ba:ba:fb:e4:20:7c:64],[56:66:d1:a4]
        modulus: b17886cb42e6da1f947899afcce630ccce7c8ae95e12ed1cfb3fd0cd2d7ea4deae8f617b4a48b8ca4b7016f2b05675ad10154b2a170715eb2efbc3350c530f0a3d895ee3a13d809c5fb046dcf12eb5dbcfd8c4c6ac127e0860d246e2972310e0291daeced14844278cb42c3f62b643f62c3dc8fef51a283eb2bf38d140c2d562b122a2d4b011595681ef7f709bb98edd3f765495cc4a2021053852b48abb1af0f28172b23798af7035a6cee577b0e48dc42603fa5ac79dd19e4b4d45dbac2f7c126660007e991bdf53a95803a57dc81cb5cbfe0da68dfb5fefe457e9e2afb0cdbee288a06d3d7a32fc215f65620401273e58958d051d5227cf08a516342d4d19
public exponent: 10001

  Signature Algorithm: SHA256WITHRSA
            Signature: c1d8431c74756761ab570e4f9d65a6bc700e24e0
                       e3510d9d86f92c5e92c0377a517f707513c50cc7
                       9f905ffb5584372b3d57d70e7605799a5283c20f
                       5ce8000b3f03d7107c03fc4d46f1aca9ce65808e
                       13f009c0d09c450482282284262d5da85d622abf
                       1355ca38d14462c9ec348fefeb75c33468874be8
                       4ecc60400082302b509a6e08f184510dea93266d
                       bd8367dfa55154030acd8eea5eaadede321800ef
                       050269dfcb765f3aa2ef1ff22c4d021a346b1e18
                       d6eb11fa9f6027d6402cf094b542bd586ba71d25
                       fdde26ad5398c8f12f15f33e8933caa98fa9d694
                       6f4aa4e2f05ce53548a89d1ae92bece4306e65c6
                       5781a3cfc04fb996f6574505354b4aa4
       Extensions: 
                       critical(false) 2.5.29.17 value = Sequence
    Tagged [7] IMPLICIT 
        DER Octet String[4] 
    Tagged [2] IMPLICIT 
        DER Octet String[64] 

                       critical(true) KeyUsage: 0xb8
 from file: /tmp/junit6737305900874780310/junit4948669259078642878/scm-meta/om/certs/1419804154902.crt.
2023-08-23 22:09:08,850 [Time-limited test] INFO  security.OMCertificateClient (DefaultCertificateClient.java:readCertificateFile(237)) - Added certificate   [0]         Version: 3
         SerialNumber: 1417163755485
             IssuerDN: CN=scm-1@fv-az621-511,OU=b2439c34-7427-4de7-95e0-e5820db56367,O=82759f4d-00d8-42d6-86ec-0986cca48b39
           Start Date: Wed Aug 23 22:09:05 UTC 2023
           Final Date: Sat Sep 30 22:09:05 UTC 2028
            SubjectDN: CN=scm-sub-1417159350297@fv-az621-511,OU=b2439c34-7427-4de7-95e0-e5820db56367,O=82759f4d-00d8-42d6-86ec-0986cca48b39
           Public Key: RSA Public Key [02:39:cf:de:c1:64:88:44:f0:3a:1d:d6:e9:eb:2c:1c:63:aa:c8:27],[56:66:d1:a4]
        modulus: deccf5814976780ecf587d6de05a1986c9845eabb0032794cd6fe81474a9556533317fe446fc63aacd94bde6354b3e3f220d8cc6f0c62f15f84d628d2d9e2abd38cb35445c223de4f9f37f7b29e9f997c5b37611426ed062b2542feb1de6abfe84dbba54f085970e09c67dba24d2e2ede35ae021e39ed0d60b04ec286c26ff7dfa418e34c411c8b1d0b4c3da43c463d1e2e5b8f628086d510dacc9a00935fda3f8bdd76bf7a49abf85bee9b25f9e2d1c1d4d63ba8ab5988255ed506ca58b52e294bc4f8332a764125eb48cf9232fadffde6072211930495f49f99a08edca14817cacaeb7e8eaa556426bc1943021a2cc6c42f6173295d04745dad9d651507fc1
public exponent: 10001

  Signature Algorithm: SHA256WITHRSA
            Signature: 82a1be8d896d8cba523ff8016a3978fa5166199b
                       7703108b7d5cf2dd78ceaf003542ae39a3a8077d
                       07c05232b187ac77ccd1370c6ae5d62ee78cddfa
                       e60bcb44e55dec301a4fa70e343f64dd717364a5
                       ad1a3720c518bca63f2c1dcda9387a50d8641f93
                       05a7b797e9e59f01d6c59d0a20aac4cbf0e15c7a
                       fad4e270f4c7f9b380de5235322d25fada702191
                       40ae59fe7450acba173ae7fefef8ff0c9d6acb15
                       f3dffa72539282967a6bc6bc4f44162cb67ed489
                       ac55cc36d062bb893a5feba1679dec23929ce18d
                       2c87ef4d05589774ab85284282bd8f579ce6bb33
                       b3473c3a76fd4dc932746ff2aa274af0254ebd87
                       36cc76148ac1425955781286e6f05b55
       Extensions: 
                       critical(false) 2.5.29.17 value = Sequence
    Tagged [7] IMPLICIT 
        DER Octet String[4] 
    Tagged [2] IMPLICIT 
        DER Octet String[64] 

                       critical(true) BasicConstraints: isCa(true)
                       critical(true) KeyUsage: 0xbe
 from file: /tmp/junit6737305900874780310/junit4948669259078642878/scm-meta/om/certs/CA-1417163755485.crt.
2023-08-23 22:09:08,851 [Time-limited test] INFO  security.OMCertificateClient (DefaultCertificateClient.java:startCertificateRenewerService(1347)) - CertificateRenewerService for om is started with first delay 31535989149 ms and interval 3333 ms.
2023-08-23 22:09:08,865 [Time-limited test] INFO  om.OzoneManager (OzoneManager.java:<init>(662)) - OM start with adminUsers: [scm/fv-az621-511.fpnbra3ad0zu1hpqauu4rsdf4e.cx.internal.cloudapp.net@EXAMPLE.COM, scm]
2023-08-23 22:09:08,866 [Time-limited test] WARN  server.ServerUtils (ServerUtils.java:getDBPath(311)) - ozone.om.db.dirs is not configured. We recommend adding this setting. Falling back to ozone.metadata.dirs instead.
2023-08-23 22:09:08,867 [Time-limited test] INFO  helpers.OmKeyInfo (OmKeyInfo.java:getCodec(71)) - OmKeyInfo.getCodec ignorePipeline = true
2023-08-23 22:09:08,926 [Time-limited test] INFO  om.OzoneManager (OzoneManager.java:instantiateServices(791)) - S3 Multi-Tenancy is disabled
2023-08-23 22:09:08,926 [Time-limited test] INFO  security.OzoneSecretStore (OzoneSecretStore.java:loadState(69)) - Loaded 0 tokens
2023-08-23 22:09:08,926 [Time-limited test] INFO  security.OzoneDelegationTokenSecretManager (OzoneDelegationTokenSecretManager.java:loadTokenSecretState(530)) - Loading token state into token manager.
2023-08-23 22:09:08,926 [Time-limited test] INFO  om.OmSnapshotManager (OmSnapshotManager.java:<init>(175)) - Ozone filesystem snapshot feature is enabled.
2023-08-23 22:09:08,926 [Time-limited test] WARN  server.ServerUtils (ServerUtils.java:getDBPath(311)) - ozone.om.snapshot.diff.db.dir is not configured. We recommend adding this setting. Falling back to ozone.metadata.dirs instead.
2023-08-23 22:09:08,947 [Time-limited test] INFO  snapshot.SnapshotDiffManager (SnapshotDiffManager.java:closeExecutorService(1720)) - Shutting down executorService: 'SstDumpToolExecutor'
2023-08-23 22:09:08,951 [Time-limited test] WARN  server.ServerUtils (ServerUtils.java:getDefaultRatisDirectory(323)) - Storage directory for Ratis is not configured. It is a good idea to map this to an SSD disk. Falling back to ozone.metadata.dirs
2023-08-23 22:09:08,952 [Time-limited test] WARN  utils.OzoneManagerRatisUtils (OzoneManagerRatisUtils.java:getOMRatisSnapshotDirectory(461)) - ozone.om.ratis.snapshot.dir is not configured. Falling back to ozone.metadata.dirs config
2023-08-23 22:09:08,953 [Time-limited test] WARN  server.ServerUtils (ServerUtils.java:getDefaultRatisDirectory(323)) - Storage directory for Ratis is not configured. It is a good idea to map this to an SSD disk. Falling back to ozone.metadata.dirs
2023-08-23 22:09:08,954 [Time-limited test] INFO  ratis.OzoneManagerRatisServer (OzoneManagerRatisServer.java:<init>(163)) - Instantiating OM Ratis server with groupID: omServiceIdDefault and peers: fv-az621-511.fpnbra3ad0zu1hpqauu4rsdf4e.cx.internal.cloudapp.net:9872
2023-08-23 22:09:08,955 [Time-limited test] INFO  ratis.OzoneManagerStateMachine (OzoneManagerStateMachine.java:loadSnapshotInfoFromDB(687)) - LastAppliedIndex is set from TransactionInfo from OM DB as (t:0, i:~)
2023-08-23 22:09:08,958 [Time-limited test] INFO  server.RaftServer (ConfUtils.java:logGet(46)) - raft.rpc.type = GRPC (default)
2023-08-23 22:09:08,959 [Time-limited test] INFO  grpc.GrpcConfigKeys (ConfUtils.java:logFallback(53)) - raft.grpc.admin.host = null (fallback to raft.grpc.server.host)
2023-08-23 22:09:08,959 [Time-limited test] INFO  grpc.GrpcConfigKeys (ConfUtils.java:logFallback(53)) - raft.grpc.admin.port = 9872 (fallback to raft.grpc.server.port)
2023-08-23 22:09:08,961 [Time-limited test] INFO  grpc.GrpcConfigKeys (ConfUtils.java:logFallback(53)) - raft.grpc.client.host = null (fallback to raft.grpc.server.host)
2023-08-23 22:09:08,961 [Time-limited test] INFO  grpc.GrpcConfigKeys (ConfUtils.java:logFallback(53)) - raft.grpc.client.port = 9872 (fallback to raft.grpc.server.port)
2023-08-23 22:09:08,962 [Time-limited test] INFO  grpc.GrpcConfigKeys (ConfUtils.java:logGet(46)) - raft.grpc.server.host = null (default)
2023-08-23 22:09:08,962 [Time-limited test] INFO  grpc.GrpcConfigKeys (ConfUtils.java:logGet(46)) - raft.grpc.server.port = 9872 (custom)
2023-08-23 22:09:08,962 [Time-limited test] INFO  server.GrpcService (ConfUtils.java:logGet(46)) - raft.grpc.message.size.max = 33554432 (custom)
2023-08-23 22:09:08,963 [Time-limited test] INFO  server.RaftServerConfigKeys (ConfUtils.java:logGet(46)) - raft.server.log.appender.buffer.byte-limit = 33554432 (custom)
2023-08-23 22:09:08,963 [Time-limited test] INFO  server.GrpcService (ConfUtils.java:logGet(46)) - raft.grpc.flow.control.window = 1MB (=1048576) (default)
2023-08-23 22:09:08,963 [Time-limited test] INFO  server.RaftServerConfigKeys (ConfUtils.java:logGet(46)) - raft.server.rpc.request.timeout = 3000ms (default)
2023-08-23 22:09:08,963 [Time-limited test] INFO  grpc.GrpcConfigKeys (ConfUtils.java:logGet(46)) - raft.grpc.server.heartbeat.channel = true (default)
2023-08-23 22:09:08,963 [Time-limited test] INFO  grpc.GrpcConfigKeys (ConfUtils.java:logGet(46)) - raft.grpc.server.async.request.thread.pool.cached = true (default)
2023-08-23 22:09:08,963 [Time-limited test] INFO  grpc.GrpcConfigKeys (ConfUtils.java:logGet(46)) - raft.grpc.server.async.request.thread.pool.size = 32 (default)
2023-08-23 22:09:08,964 [Time-limited test] INFO  impl.DataStreamServerImpl (ConfUtils.java:logGet(46)) - raft.datastream.type = DISABLED (default)
2023-08-23 22:09:08,965 [Time-limited test] INFO  server.RaftServerConfigKeys (ConfUtils.java:logGet(46)) - raft.server.threadpool.proxy.cached = true (default)
2023-08-23 22:09:08,965 [Time-limited test] INFO  server.RaftServerConfigKeys (ConfUtils.java:logGet(46)) - raft.server.threadpool.proxy.size = 0 (default)
2023-08-23 22:09:08,965 [Time-limited test] INFO  server.RaftServerConfigKeys (ConfUtils.java:logGet(46)) - raft.server.rpc.slowness.timeout = 120s (custom)
2023-08-23 22:09:08,965 [Time-limited test] INFO  server.RaftServerConfigKeys (ConfUtils.java:logGet(46)) - raft.server.leaderelection.leader.step-down.wait-time = 10s (default)
2023-08-23 22:09:08,965 [Time-limited test] INFO  server.RaftServerConfigKeys (ConfUtils.java:logGet(46)) - raft.server.storage.dir = [/tmp/junit6737305900874780310/junit4948669259078642878/scm-meta/ratis] (custom)
2023-08-23 22:09:08,966 [Time-limited test] INFO  server.RaftServer (RaftServerProxy.java:addNew(98)) - om1: addNew group-C5BA1605619E:[om1|rpc:fv-az621-511.fpnbra3ad0zu1hpqauu4rsdf4e.cx.internal.cloudapp.net:9872|priority:0|startupRole:FOLLOWER] returns group-C5BA1605619E:java.util.concurrent.CompletableFuture@5f31ce67[Not completed]
2023-08-23 22:09:08,966 [Time-limited test] INFO  om.OzoneManager (OzoneManager.java:initializeRatisServer(2128)) - OzoneManager Ratis server initialized at port 9872
2023-08-23 22:09:08,966 [Time-limited test] INFO  om.OzoneManager (OzoneManager.java:getRpcServer(1193)) - Creating RPC Server
2023-08-23 22:09:08,967 [om1-groupManagement] INFO  server.RaftServer$Division (RaftServerImpl.java:<init>(198)) - om1: new RaftServerImpl for group-C5BA1605619E:[om1|rpc:fv-az621-511.fpnbra3ad0zu1hpqauu4rsdf4e.cx.internal.cloudapp.net:9872|priority:0|startupRole:FOLLOWER] with OzoneManagerStateMachine:uninitialized
2023-08-23 22:09:08,990 [om1-groupManagement] INFO  server.RaftServerConfigKeys (ConfUtils.java:logGet(46)) - raft.server.rpc.timeout.min = 5s (custom)
2023-08-23 22:09:08,990 [om1-groupManagement] INFO  server.RaftServerConfigKeys (ConfUtils.java:logGet(46)) - raft.server.rpc.timeout.max = 5200ms (custom)
2023-08-23 22:09:08,990 [om1-groupManagement] INFO  server.RaftServerConfigKeys (ConfUtils.java:logGet(46)) - raft.server.rpc.sleep.time = 25ms (default)
2023-08-23 22:09:08,990 [om1-groupManagement] INFO  server.RaftServerConfigKeys (ConfUtils.java:logGet(46)) - raft.server.rpc.slowness.timeout = 120s (custom)
2023-08-23 22:09:08,991 [om1-groupManagement] INFO  server.RaftServerConfigKeys (ConfUtils.java:logGet(46)) - raft.server.leaderelection.leader.step-down.wait-time = 10s (default)
2023-08-23 22:09:08,991 [om1-groupManagement] INFO  server.RaftServerConfigKeys (ConfUtils.java:logGet(46)) - raft.server.sleep.deviation.threshold = 300ms (default)
2023-08-23 22:09:08,991 [om1-groupManagement] INFO  server.RaftServer$Division (ServerState.java:<init>(120)) - om1@group-C5BA1605619E: ConfigurationManager, init=-1: peers:[om1|rpc:fv-az621-511.fpnbra3ad0zu1hpqauu4rsdf4e.cx.internal.cloudapp.net:9872|priority:0|startupRole:FOLLOWER]|listeners:[], old=null, confs=<EMPTY_MAP>
2023-08-23 22:09:08,991 [om1-groupManagement] INFO  server.RaftServerConfigKeys (ConfUtils.java:logGet(46)) - raft.server.storage.dir = [/tmp/junit6737305900874780310/junit4948669259078642878/scm-meta/ratis] (custom)
2023-08-23 22:09:08,991 [om1-groupManagement] INFO  server.RaftServerConfigKeys (ConfUtils.java:logGet(46)) - raft.server.log.corruption.policy = EXCEPTION (default)
2023-08-23 22:09:08,991 [om1-groupManagement] INFO  server.RaftServerConfigKeys (ConfUtils.java:logGet(46)) - raft.server.storage.free-space.min = 0MB (=0) (default)
2023-08-23 22:09:08,991 [om1-groupManagement] INFO  server.RaftServerConfigKeys (ConfUtils.java:logGet(46)) - raft.server.notification.no-leader.timeout = 120s (custom)
2023-08-23 22:09:08,991 [om1-groupManagement] INFO  server.RaftServerConfigKeys (ConfUtils.java:logGet(46)) - raft.server.read.timeout = 10s (default)
2023-08-23 22:09:08,991 [om1-groupManagement] INFO  server.RaftServerConfigKeys (ConfUtils.java:logGet(46)) - raft.server.retrycache.expirytime = 300s (custom)
2023-08-23 22:09:08,991 [om1-groupManagement] INFO  server.RaftServerConfigKeys (ConfUtils.java:logGet(46)) - raft.server.retrycache.statistics.expirytime = 100μs (default)
2023-08-23 22:09:08,991 [om1-groupManagement] INFO  server.RaftServerConfigKeys (ConfUtils.java:logGet(46)) - raft.server.read.option = DEFAULT (default)
2023-08-23 22:09:08,992 [om1-groupManagement] INFO  server.RaftServerConfigKeys (ConfUtils.java:logGet(46)) - raft.server.rpc.request.timeout = 3000ms (default)
2023-08-23 22:09:08,992 [om1-groupManagement] INFO  server.RaftServerConfigKeys (ConfUtils.java:logGet(46)) - raft.server.log.appender.install.snapshot.enabled = false (custom)
2023-08-23 22:09:08,992 [om1-groupManagement] INFO  server.RaftServerConfigKeys (ConfUtils.java:logGet(46)) - raft.server.threadpool.server.cached = true (default)
2023-08-23 22:09:08,992 [om1-groupManagement] INFO  server.RaftServerConfigKeys (ConfUtils.java:logGet(46)) - raft.server.threadpool.server.size = 0 (default)
2023-08-23 22:09:08,992 [om1-groupManagement] INFO  server.RaftServerConfigKeys (ConfUtils.java:logGet(46)) - raft.server.threadpool.client.cached = true (default)
2023-08-23 22:09:08,992 [om1-groupManagement] INFO  server.RaftServerConfigKeys (ConfUtils.java:logGet(46)) - raft.server.threadpool.client.size = 0 (default)
2023-08-23 22:09:09,397 [Time-limited test] INFO  reflections.Reflections (Reflections.java:scan(232)) - Reflections took 428 ms to scan 19 urls, producing 70 keys and 5645 values [using 2 cores]
2023-08-23 22:09:09,398 [Time-limited test] INFO  ipc.CallQueueManager (CallQueueManager.java:<init>(90)) - Using callQueue: class java.util.concurrent.LinkedBlockingQueue, queueCapacity: 10000, scheduler: class org.apache.hadoop.ipc.DefaultRpcScheduler, ipcBackoff: false.
2023-08-23 22:09:09,399 [Time-limited test] INFO  ipc.Server (Server.java:<init>(1287)) - Listener at fv-az621-511.fpnbra3ad0zu1hpqauu4rsdf4e.cx.internal.cloudapp.net:1202
2023-08-23 22:09:09,399 [Socket Reader #1 for port 1202] INFO  ipc.Server (Server.java:run(1323)) - Starting Socket Reader #1 for port 1202
2023-08-23 22:09:10,060 [Time-limited test] INFO  server.StorageContainerManager (StorageContainerManager.java:stop(1591)) - Container Balancer is not running.
2023-08-23 22:09:10,061 [Time-limited test] INFO  server.StorageContainerManager (StorageContainerManager.java:stopReplicationManager(1724)) - Stopping Replication Manager Service.
2023-08-23 22:09:10,061 [Time-limited test] INFO  replication.ReplicationManager (ReplicationManager.java:stop(319)) - Stopping Replication Monitor Thread.
2023-08-23 22:09:10,061 [Under Replicated Processor] WARN  replication.UnhealthyReplicationProcessor (UnhealthyReplicationProcessor.java:run(180)) - Under Replicated Processor interrupted. Exiting...
2023-08-23 22:09:10,061 [Over Replicated Processor] WARN  replication.UnhealthyReplicationProcessor (UnhealthyReplicationProcessor.java:run(180)) - Over Replicated Processor interrupted. Exiting...
2023-08-23 22:09:10,061 [Time-limited test] INFO  server.StorageContainerManager (StorageContainerManager.java:stop(1600)) - Stopping the Datanode Admin Monitor.
2023-08-23 22:09:10,061 [ReplicationMonitor] INFO  replication.ReplicationManager (ReplicationManager.java:run(917)) - Replication Monitor Thread is stopped
2023-08-23 22:09:10,062 [Time-limited test] INFO  server.StorageContainerManager (StorageContainerManager.java:stop(1607)) - Stopping datanode service RPC server
2023-08-23 22:09:10,062 [Time-limited test] INFO  server.SCMDatanodeProtocolServer (SCMDatanodeProtocolServer.java:stop(424)) - Stopping the RPC server for DataNodes
2023-08-23 22:09:10,062 [Time-limited test] INFO  ipc.Server (Server.java:stop(3523)) - Stopping server on 9861
2023-08-23 22:09:10,074 [IPC Server listener on 9861] INFO  ipc.Server (Server.java:run(1434)) - Stopping IPC Server listener on 9861
2023-08-23 22:09:10,075 [IPC Server Responder] INFO  ipc.Server (Server.java:run(1567)) - Stopping IPC Server Responder
2023-08-23 22:09:12,128 [SCM Heartbeat Processing Thread - 0] WARN  node.NodeStateManager (NodeStateManager.java:scheduleNextHealthCheck(874)) - Current Thread is interrupted, shutting down HB processing thread for Node Manager.
2023-08-23 22:09:12,128 [Time-limited test] INFO  server.StorageContainerManager (StorageContainerManager.java:stop(1615)) - Stopping block service RPC server
2023-08-23 22:09:12,128 [Time-limited test] INFO  server.SCMBlockProtocolServer (SCMBlockProtocolServer.java:stop(161)) - Stopping the RPC server for Block Protocol
2023-08-23 22:09:12,128 [Time-limited test] INFO  ipc.Server (Server.java:stop(3523)) - Stopping server on 9863
2023-08-23 22:09:12,132 [IPC Server listener on 9863] INFO  ipc.Server (Server.java:run(1434)) - Stopping IPC Server listener on 9863
2023-08-23 22:09:12,132 [IPC Server Responder] INFO  ipc.Server (Server.java:run(1567)) - Stopping IPC Server Responder
2023-08-23 22:09:12,132 [Time-limited test] INFO  server.StorageContainerManager (StorageContainerManager.java:stop(1622)) - Stopping the StorageContainerLocationProtocol RPC server
2023-08-23 22:09:12,132 [Time-limited test] INFO  server.SCMClientProtocolServer (SCMClientProtocolServer.java:stop(210)) - Stopping the RPC server for Client Protocol
2023-08-23 22:09:12,132 [Time-limited test] INFO  ipc.Server (Server.java:stop(3523)) - Stopping server on 9860
2023-08-23 22:09:12,142 [IPC Server Responder] INFO  ipc.Server (Server.java:run(1567)) - Stopping IPC Server Responder
2023-08-23 22:09:12,142 [IPC Server listener on 9860] INFO  ipc.Server (Server.java:run(1434)) - Stopping IPC Server listener on 9860
2023-08-23 22:09:12,143 [Time-limited test] INFO  server.StorageContainerManager (StorageContainerManager.java:stop(1629)) - Stopping Storage Container Manager HTTP server.
2023-08-23 22:09:12,144 [Time-limited test] INFO  handler.ContextHandler (ContextHandler.java:doStop(1159)) - Stopped o.e.j.w.WebAppContext@4ab5a80a{scm,/,null,STOPPED}{file:/home/runner/work/ozone/ozone/hadoop-ozone/integration-test/target/test-classes/webapps/scm}
2023-08-23 22:09:12,145 [Time-limited test] INFO  server.AbstractConnector (AbstractConnector.java:doStop(383)) - Stopped ServerConnector@31689484{HTTP/1.1, (http/1.1)}{0.0.0.0:9876}
2023-08-23 22:09:12,145 [Time-limited test] INFO  server.session (HouseKeeper.java:stopScavenging(149)) - node0 Stopped scavenging
2023-08-23 22:09:12,145 [Time-limited test] INFO  handler.ContextHandler (ContextHandler.java:doStop(1159)) - Stopped o.e.j.s.ServletContextHandler@3030b444{static,/static,file:///home/runner/work/ozone/ozone/hadoop-ozone/integration-test/target/test-classes/webapps/static,STOPPED}
2023-08-23 22:09:12,145 [Time-limited test] INFO  handler.ContextHandler (ContextHandler.java:doStop(1159)) - Stopped o.e.j.s.ServletContextHandler@6636dd0c{logs,/logs,file:///home/runner/work/ozone/ozone/hadoop-ozone/integration-test/target/log,STOPPED}
2023-08-23 22:09:12,147 [Time-limited test] INFO  server.StorageContainerManager (StorageContainerManager.java:stop(1637)) - Stopping SCM LayoutVersionManager Service.
2023-08-23 22:09:12,148 [Time-limited test] INFO  server.SCMSecurityProtocolServer (SCMSecurityProtocolServer.java:stop(550)) - Stopping the SCMSecurityProtocolServer.
2023-08-23 22:09:12,148 [Time-limited test] INFO  ipc.Server (Server.java:stop(3523)) - Stopping server on 9961
2023-08-23 22:09:12,150 [IPC Server Responder] INFO  ipc.Server (Server.java:run(1567)) - Stopping IPC Server Responder
2023-08-23 22:09:12,150 [IPC Server listener on 9961] INFO  ipc.Server (Server.java:run(1434)) - Stopping IPC Server listener on 9961
2023-08-23 22:09:12,151 [Time-limited test] INFO  server.SCMUpdateServiceGrpcServer (SCMUpdateServiceGrpcServer.java:stop(73)) - SCMUpdateService stopping
2023-08-23 22:09:12,153 [Time-limited test] INFO  server.SCMUpdateServiceGrpcServer (SCMUpdateServiceGrpcServer.java:stop(85)) - SCMUpdateService stopped!
2023-08-23 22:09:12,153 [Time-limited test] INFO  server.StorageContainerManager (StorageContainerManager.java:stop(1649)) - Stopping Block Manager Service.
2023-08-23 22:09:12,153 [Time-limited test] INFO  utils.BackgroundService (BackgroundService.java:shutdown(141)) - Shutting down service SCMBlockDeletingService
2023-08-23 22:09:12,153 [Time-limited test] INFO  utils.BackgroundService (BackgroundService.java:shutdown(141)) - Shutting down service SCMBlockDeletingService
2023-08-23 22:09:12,153 [Time-limited test] INFO  server.StorageContainerManager (StorageContainerManager.java:stop(1669)) - Stopping SCM Event Queue.
2023-08-23 22:09:12,154 [JvmPauseMonitor1] INFO  util.JvmPauseMonitor (JvmPauseMonitor.java:run(109)) - JvmPauseMonitor-b2439c34-7427-4de7-95e0-e5820db56367: Stopped
2023-08-23 22:09:12,157 [Time-limited test] INFO  server.StorageContainerManager (StorageContainerManager.java:stop(1680)) - Stopping SCM HA services.
2023-08-23 22:09:12,158 [Time-limited test] INFO  pipeline.BackgroundPipelineCreator (BackgroundPipelineCreator.java:stop(149)) - Stopping RatisPipelineUtilsThread.
2023-08-23 22:09:12,158 [RatisPipelineUtilsThread - 0] WARN  pipeline.BackgroundPipelineCreator (BackgroundPipelineCreator.java:run(180)) - RatisPipelineUtilsThread is interrupted.
2023-08-23 22:09:12,158 [BackgroundPipelineScrubberThread] WARN  BackgroundPipelineScrubber (BackgroundSCMService.java:run(115)) - BackgroundPipelineScrubber is interrupted, exit
2023-08-23 22:09:12,158 [Time-limited test] INFO  BackgroundPipelineScrubber (BackgroundSCMService.java:stop(131)) - Stopping BackgroundPipelineScrubber Service.
2023-08-23 22:09:12,158 [Time-limited test] INFO  impl.MetricsSystemImpl (MetricsSystemImpl.java:stop(210)) - Stopping StorageContainerManager metrics system...
2023-08-23 22:09:12,159 [prometheus] INFO  impl.MetricsSinkAdapter (MetricsSinkAdapter.java:publishMetricsFromQueue(141)) - prometheus thread interrupted.
2023-08-23 22:09:12,159 [Time-limited test] INFO  impl.MetricsSystemImpl (MetricsSystemImpl.java:stop(216)) - StorageContainerManager metrics system stopped.
2023-08-23 22:09:12,163 [Time-limited test] WARN  pipeline.BackgroundPipelineCreator (BackgroundPipelineCreator.java:stop(145)) - RatisPipelineUtilsThread is not running, just ignore.
2023-08-23 22:09:12,163 [Time-limited test] INFO  BackgroundPipelineScrubber (BackgroundSCMService.java:stop(126)) - BackgroundPipelineScrubber Service is not running, skip stop.
2023-08-23 22:09:12,163 [ExpiredContainerReplicaOpScrubberThread] WARN  ExpiredContainerReplicaOpScrubber (BackgroundSCMService.java:run(115)) - ExpiredContainerReplicaOpScrubber is interrupted, exit
2023-08-23 22:09:12,163 [Time-limited test] INFO  ExpiredContainerReplicaOpScrubber (BackgroundSCMService.java:stop(131)) - Stopping ExpiredContainerReplicaOpScrubber Service.
2023-08-23 22:09:12,163 [Time-limited test] INFO  utils.BackgroundService (BackgroundService.java:shutdown(141)) - Shutting down service SCMBlockDeletingService
2023-08-23 22:09:12,163 [Time-limited test] INFO  replication.ReplicationManager (ReplicationManager.java:stop(329)) - Replication Monitor Thread is not running.
2023-08-23 22:09:12,163 [Time-limited test] WARN  balancer.ContainerBalancer (ContainerBalancer.java:stop(326)) - Cannot stop Container Balancer because it's not running or stopping
2023-08-23 22:09:12,163 [Time-limited test] INFO  server.StorageContainerManager (StorageContainerManager.java:stop(1715)) - Stopping SCM MetadataStore.
2023-08-23 22:09:12,165 [Time-limited test] INFO  impl.DefaultInternalKdcServerImpl (DefaultInternalKdcServerImpl.java:doStop(102)) - Default Internal kdc server stopped.
2023-08-23 22:09:13,165 [Time-limited test] INFO  minikdc.MiniKdc (MiniKdc.java:stop(359)) - MiniKdc stopped.
2023-08-23 22:09:13,165 [Time-limited test] INFO  server.StorageContainerManager (StorageContainerManager.java:stop(1580)) - Storage Container Manager is not running.
2023-08-23 22:09:13,165 [Time-limited test] INFO  server.StorageContainerManager (StorageContainerManager.java:stopReplicationManager(1724)) - Stopping Replication Manager Service.
2023-08-23 22:09:13,165 [Time-limited test] INFO  replication.ReplicationManager (ReplicationManager.java:stop(329)) - Replication Monitor Thread is not running.
2023-08-23 22:09:13,165 [Time-limited test] INFO  server.SCMSecurityProtocolServer (SCMSecurityProtocolServer.java:join(560)) - Join RPC server for SCMSecurityProtocolServer.
2023-08-23 22:09:13,165 [Time-limited test] INFO  server.SCMSecurityProtocolServer (SCMSecurityProtocolServer.java:join(562)) - Join gRPC server for SCMSecurityProtocolServer.
2023-08-23 22:09:13,166 [Time-limited test] INFO  om.OzoneManager (OzoneManager.java:stop(2187)) - om1[fv-az621-511.fpnbra3ad0zu1hpqauu4rsdf4e.cx.internal.cloudapp.net:1202]: Stopping Ozone Manager
2023-08-23 22:09:13,166 [Time-limited test] INFO  ipc.Server (Server.java:stop(3523)) - Stopping server on 1202
2023-08-23 22:09:17,186 [Time-limited test] INFO  om.GrpcOzoneManagerServer (GrpcOzoneManagerServer.java:stop(192)) - Server GrpcOzoneManagerServer is shutdown
2023-08-23 22:09:17,186 [Time-limited test] INFO  ratis.OzoneManagerStateMachine (OzoneManagerStateMachine.java:close(534)) - StateMachine has shutdown. Shutdown OzoneManager if not already shutdown.
2023-08-23 22:09:17,186 [Time-limited test] INFO  ratis.OzoneManagerDoubleBuffer (OzoneManagerDoubleBuffer.java:stopDaemon(551)) - Stopping OMDoubleBuffer flush thread
2023-08-23 22:09:17,186 [OMDoubleBufferFlushThread] INFO  ratis.OzoneManagerDoubleBuffer (OzoneManagerDoubleBuffer.java:canFlush(638)) - OMDoubleBuffer flush thread OMDoubleBufferFlushThread is interrupted and will exit.
2023-08-23 22:09:17,186 [Time-limited test] INFO  om.OzoneManager (OzoneManager.java:stopSecretManager(1063)) - Stopping secret key client.
2023-08-23 22:09:17,186 [Time-limited test] INFO  om.OzoneManager (OzoneManager.java:stopSecretManager(1068)) - Stopping OM delegation token secret manager.
2023-08-23 22:09:17,187 [Time-limited test] INFO  rocksdiff.RocksDBCheckpointDiffer (RocksDBCheckpointDiffer.java:close(340)) - Shutting down CompactionDagPruningService.
2023-08-23 22:09:17,188 [Time-limited test] INFO  snapshot.SnapshotDiffManager (SnapshotDiffManager.java:closeExecutorService(1720)) - Shutting down executorService: 'SnapDiffExecutor'
2023-08-23 22:09:17,188 [Time-limited test] INFO  snapshot.SnapshotDiffManager (SnapshotDiffManager.java:closeExecutorService(1720)) - Shutting down executorService: 'SstDumpToolExecutor'
2023-08-23 22:09:17,188 [Time-limited test] INFO  utils.BackgroundService (BackgroundService.java:shutdown(141)) - Shutting down service SnapshotDiffCleanupService
]]></system-out>
  </testcase>
  <testcase name="testGetSetRevokeS3Secret" classname="org.apache.hadoop.ozone.TestSecureOzoneCluster" time="10.23">
    <system-out><![CDATA[2023-08-23 22:09:17,208 [Time-limited test] INFO  net.ServerSocketUtil (ServerSocketUtil.java:getPort(55)) - Using port 9860
2023-08-23 22:09:17,208 [Time-limited test] INFO  net.ServerSocketUtil (ServerSocketUtil.java:getPort(55)) - Using port 9861
2023-08-23 22:09:17,208 [Time-limited test] INFO  net.ServerSocketUtil (ServerSocketUtil.java:getPort(55)) - Using port 9863
2023-08-23 22:09:17,208 [Time-limited test] INFO  net.ServerSocketUtil (ServerSocketUtil.java:getPort(55)) - Using port 9961
2023-08-23 22:09:17,208 [Time-limited test] INFO  net.ServerSocketUtil (ServerSocketUtil.java:getPort(55)) - Using port 1200
2023-08-23 22:09:17,208 [Time-limited test] INFO  net.ServerSocketUtil (ServerSocketUtil.java:getPort(55)) - Using port 1201
2023-08-23 22:09:17,209 [Time-limited test] INFO  minikdc.MiniKdc (MiniKdc.java:<init>(225)) - Configuration:
2023-08-23 22:09:17,209 [Time-limited test] INFO  minikdc.MiniKdc (MiniKdc.java:<init>(226)) - ---------------------------------------------------------------
2023-08-23 22:09:17,209 [Time-limited test] INFO  minikdc.MiniKdc (MiniKdc.java:<init>(228)) -   debug: false
2023-08-23 22:09:17,209 [Time-limited test] INFO  minikdc.MiniKdc (MiniKdc.java:<init>(228)) -   transport: TCP
2023-08-23 22:09:17,209 [Time-limited test] INFO  minikdc.MiniKdc (MiniKdc.java:<init>(228)) -   max.ticket.lifetime: 86400000
2023-08-23 22:09:17,209 [Time-limited test] INFO  minikdc.MiniKdc (MiniKdc.java:<init>(228)) -   org.name: EXAMPLE
2023-08-23 22:09:17,209 [Time-limited test] INFO  minikdc.MiniKdc (MiniKdc.java:<init>(228)) -   kdc.port: 0
2023-08-23 22:09:17,209 [Time-limited test] INFO  minikdc.MiniKdc (MiniKdc.java:<init>(228)) -   org.domain: COM
2023-08-23 22:09:17,209 [Time-limited test] INFO  minikdc.MiniKdc (MiniKdc.java:<init>(228)) -   max.renewable.lifetime: 604800000
2023-08-23 22:09:17,209 [Time-limited test] INFO  minikdc.MiniKdc (MiniKdc.java:<init>(228)) -   instance: DefaultKrbServer
2023-08-23 22:09:17,209 [Time-limited test] INFO  minikdc.MiniKdc (MiniKdc.java:<init>(228)) -   kdc.bind.address: localhost
2023-08-23 22:09:17,209 [Time-limited test] INFO  minikdc.MiniKdc (MiniKdc.java:<init>(230)) - ---------------------------------------------------------------
2023-08-23 22:09:17,211 [Time-limited test] INFO  minikdc.MiniKdc (MiniKdc.java:start(285)) - MiniKdc started.
2023-08-23 22:09:17,485 [Time-limited test] INFO  om.OzoneManager (OzoneManager.java:getOmDetailsProto(4552)) - OzoneManager ports added:[name: "RPC"
value: 1202
]
2023-08-23 22:09:17,485 [Time-limited test] WARN  server.ServerUtils (ServerUtils.java:getDBPath(311)) - ozone.om.db.dirs is not configured. We recommend adding this setting. Falling back to ozone.metadata.dirs instead.
2023-08-23 22:09:17,487 [Time-limited test] INFO  ha.OMHANodeDetails (OMHANodeDetails.java:loadOMHAConfig(115)) - ozone.om.internal.service.id is not defined, falling back to ozone.om.service.ids to find serviceID for OzoneManager if it is HA enabled cluster
2023-08-23 22:09:17,487 [Time-limited test] INFO  ha.OMHANodeDetails (OMHANodeDetails.java:loadOMHAConfig(226)) - Configuration does not have ozone.om.address set. Falling back to the default OM address fv-az621-511.fpnbra3ad0zu1hpqauu4rsdf4e.cx.internal.cloudapp.net/10.1.0.14:1202
2023-08-23 22:09:17,487 [Time-limited test] INFO  ha.OMHANodeDetails (OMHANodeDetails.java:getOMNodeDetailsForNonHA(254)) - OM Service ID is not set. Setting it to the default ID: omServiceIdDefault
2023-08-23 22:09:17,487 [Time-limited test] INFO  ha.OMHANodeDetails (OMHANodeDetails.java:getOMNodeDetailsForNonHA(261)) - OM Node ID is not set. Setting it to the default ID: om1
2023-08-23 22:09:17,487 [Time-limited test] WARN  server.ServerUtils (ServerUtils.java:getDBPath(311)) - ozone.om.db.dirs is not configured. We recommend adding this setting. Falling back to ozone.metadata.dirs instead.
2023-08-23 22:09:17,488 [Time-limited test] INFO  upgrade.AbstractLayoutVersionManager (AbstractLayoutVersionManager.java:init(83)) - Initializing Layout version manager with metadata layout = QUOTA (version = 6), software layout = QUOTA (version = 6)
2023-08-23 22:09:17,574 [Time-limited test] INFO  reflections.Reflections (Reflections.java:scan(232)) - Reflections took 84 ms to scan 2 urls, producing 188 keys and 512 values [using 2 cores]
2023-08-23 22:09:17,574 [Time-limited test] INFO  upgrade.OMLayoutVersionManager (OMLayoutVersionManager.java:lambda$0(115)) - Skipping Upgrade Action MockOmUpgradeAction since it has been finalized.
2023-08-23 22:09:17,574 [Time-limited test] INFO  upgrade.OMLayoutVersionManager (OMLayoutVersionManager.java:lambda$0(115)) - Skipping Upgrade Action QuotaRepairUpgradeAction since it has been finalized.
2023-08-23 22:09:17,578 [pool-139-thread-1] INFO  request.KdcRequest (KdcRequest.java:preauth(651)) - The preauth data is empty.
2023-08-23 22:09:17,578 [pool-139-thread-1] INFO  server.KdcHandler (KdcHandler.java:handleRecoverableException(177)) - KRB error occurred while processing request:Additional pre-authentication required
2023-08-23 22:09:17,589 [pool-139-thread-2] INFO  request.AsRequest (AsRequest.java:issueTicket(112)) - AS_REQ ISSUE: authtime 1692828557584,om/fv-az621-511.fpnbra3ad0zu1hpqauu4rsdf4e.cx.internal.cloudapp.net@EXAMPLE.COM for krbtgt/EXAMPLE.COM@EXAMPLE.COM
2023-08-23 22:09:17,590 [Time-limited test] INFO  security.UserGroupInformation (UserGroupInformation.java:loginUserFromKeytab(1132)) - Login successful for user om/fv-az621-511.fpnbra3ad0zu1hpqauu4rsdf4e.cx.internal.cloudapp.net@EXAMPLE.COM using keytab file om.keytab. Keytab auto renewal enabled : false
2023-08-23 22:09:17,590 [Time-limited test] INFO  om.OzoneManager (OzoneManager.java:loginOMUser(1161)) - Ozone Manager login successful.
2023-08-23 22:09:17,590 [Time-limited test] WARN  server.ServerUtils (ServerUtils.java:getDBPath(311)) - ozone.om.db.dirs is not configured. We recommend adding this setting. Falling back to ozone.metadata.dirs instead.
2023-08-23 22:09:17,591 [Time-limited test] INFO  proxy.SCMBlockLocationFailoverProxyProvider (SCMBlockLocationFailoverProxyProvider.java:<init>(114)) - Created block location fail-over proxy with 1 nodes: [nodeId=scmNodeId,nodeAddress=localhost/127.0.0.1:9863]
2023-08-23 22:09:17,592 [Time-limited test] INFO  om.OzoneManager (OzoneManager.java:getOmDetailsProto(4552)) - OzoneManager ports added:[name: "RPC"
value: 1202
]
2023-08-23 22:09:17,593 [Time-limited test] INFO  security.OMCertificateClient (DefaultCertificateClient.java:updateCertSerialId(1244)) - Certificate serial ID set to 9879877970576
2023-08-23 22:09:17,593 [Time-limited test] WARN  security.OMCertificateClient (DefaultCertificateClient.java:loadAllCertificates(173)) - Certificates could not be loaded.
java.nio.file.NoSuchFileException: /tmp/junit5812015578665220773/junit2423196988858514555/om-meta/om/certs
	at sun.nio.fs.UnixException.translateToIOException(UnixException.java:86)
	at sun.nio.fs.UnixException.rethrowAsIOException(UnixException.java:102)
	at sun.nio.fs.UnixException.rethrowAsIOException(UnixException.java:107)
	at sun.nio.fs.UnixFileSystemProvider.newDirectoryStream(UnixFileSystemProvider.java:427)
	at java.nio.file.Files.newDirectoryStream(Files.java:457)
	at java.nio.file.Files.list(Files.java:3451)
	at org.apache.hadoop.hdds.security.x509.certificate.client.DefaultCertificateClient.loadAllCertificates(DefaultCertificateClient.java:168)
	at org.apache.hadoop.hdds.security.x509.certificate.client.DefaultCertificateClient.updateCertSerialId(DefaultCertificateClient.java:1245)
	at org.apache.hadoop.hdds.security.x509.certificate.client.DefaultCertificateClient.<init>(DefaultCertificateClient.java:157)
	at org.apache.hadoop.hdds.security.x509.certificate.client.CommonCertificateClient.<init>(CommonCertificateClient.java:49)
	at org.apache.hadoop.ozone.security.OMCertificateClient.<init>(OMCertificateClient.java:68)
	at org.apache.hadoop.ozone.om.OzoneManager.<init>(OzoneManager.java:640)
	at org.apache.hadoop.ozone.om.OzoneManager.createOm(OzoneManager.java:754)
	at org.apache.hadoop.ozone.TestSecureOzoneCluster.setupOm(TestSecureOzoneCluster.java:701)
	at org.apache.hadoop.ozone.TestSecureOzoneCluster.testGetSetRevokeS3Secret(TestSecureOzoneCluster.java:708)
	at sun.reflect.NativeMethodAccessorImpl.invoke0(Native Method)
	at sun.reflect.NativeMethodAccessorImpl.invoke(NativeMethodAccessorImpl.java:62)
	at sun.reflect.DelegatingMethodAccessorImpl.invoke(DelegatingMethodAccessorImpl.java:43)
	at java.lang.reflect.Method.invoke(Method.java:498)
	at org.junit.runners.model.FrameworkMethod$1.runReflectiveCall(FrameworkMethod.java:59)
	at org.junit.internal.runners.model.ReflectiveCallable.run(ReflectiveCallable.java:12)
	at org.junit.runners.model.FrameworkMethod.invokeExplosively(FrameworkMethod.java:56)
	at org.junit.internal.runners.statements.InvokeMethod.evaluate(InvokeMethod.java:17)
	at org.junit.internal.runners.statements.RunBefores.evaluate(RunBefores.java:26)
	at org.junit.internal.runners.statements.RunAfters.evaluate(RunAfters.java:27)
	at org.junit.rules.ExternalResource$1.evaluate(ExternalResource.java:54)
	at org.junit.internal.runners.statements.FailOnTimeout$CallableStatement.call(FailOnTimeout.java:288)
	at org.junit.internal.runners.statements.FailOnTimeout$CallableStatement.call(FailOnTimeout.java:282)
	at java.util.concurrent.FutureTask.run(FutureTask.java:266)
	at java.lang.Thread.run(Thread.java:750)
2023-08-23 22:09:17,594 [Time-limited test] INFO  om.OzoneManager (OzoneManager.java:<init>(662)) - OM start with adminUsers: [scm/fv-az621-511.fpnbra3ad0zu1hpqauu4rsdf4e.cx.internal.cloudapp.net@EXAMPLE.COM, om]
2023-08-23 22:09:17,595 [Time-limited test] WARN  server.ServerUtils (ServerUtils.java:getDBPath(311)) - ozone.om.db.dirs is not configured. We recommend adding this setting. Falling back to ozone.metadata.dirs instead.
2023-08-23 22:09:17,595 [Time-limited test] INFO  helpers.OmKeyInfo (OmKeyInfo.java:getCodec(71)) - OmKeyInfo.getCodec ignorePipeline = true
2023-08-23 22:09:17,760 [Time-limited test] INFO  om.OzoneManager (OzoneManager.java:instantiateServices(791)) - S3 Multi-Tenancy is disabled
2023-08-23 22:09:17,760 [Time-limited test] INFO  security.OzoneSecretStore (OzoneSecretStore.java:loadState(69)) - Loaded 0 tokens
2023-08-23 22:09:17,760 [Time-limited test] INFO  security.OzoneDelegationTokenSecretManager (OzoneDelegationTokenSecretManager.java:loadTokenSecretState(530)) - Loading token state into token manager.
2023-08-23 22:09:17,761 [Time-limited test] INFO  om.OmSnapshotManager (OmSnapshotManager.java:<init>(175)) - Ozone filesystem snapshot feature is enabled.
2023-08-23 22:09:17,761 [Time-limited test] WARN  server.ServerUtils (ServerUtils.java:getDBPath(311)) - ozone.om.snapshot.diff.db.dir is not configured. We recommend adding this setting. Falling back to ozone.metadata.dirs instead.
2023-08-23 22:09:17,786 [Time-limited test] INFO  snapshot.SnapshotDiffManager (SnapshotDiffManager.java:closeExecutorService(1720)) - Shutting down executorService: 'SstDumpToolExecutor'
2023-08-23 22:09:17,796 [Time-limited test] INFO  om.OzoneManager (OzoneManager.java:addS3GVolumeToDB(4284)) - Created Volume s3v With Owner om required for S3Gateway operations.
2023-08-23 22:09:17,796 [Time-limited test] WARN  server.ServerUtils (ServerUtils.java:getDefaultRatisDirectory(323)) - Storage directory for Ratis is not configured. It is a good idea to map this to an SSD disk. Falling back to ozone.metadata.dirs
2023-08-23 22:09:17,796 [Time-limited test] WARN  utils.OzoneManagerRatisUtils (OzoneManagerRatisUtils.java:getOMRatisSnapshotDirectory(461)) - ozone.om.ratis.snapshot.dir is not configured. Falling back to ozone.metadata.dirs config
2023-08-23 22:09:17,796 [Time-limited test] WARN  server.ServerUtils (ServerUtils.java:getDefaultRatisDirectory(323)) - Storage directory for Ratis is not configured. It is a good idea to map this to an SSD disk. Falling back to ozone.metadata.dirs
2023-08-23 22:09:17,798 [Time-limited test] INFO  ratis.OzoneManagerRatisServer (OzoneManagerRatisServer.java:<init>(163)) - Instantiating OM Ratis server with groupID: omServiceIdDefault and peers: fv-az621-511.fpnbra3ad0zu1hpqauu4rsdf4e.cx.internal.cloudapp.net:9872
2023-08-23 22:09:17,798 [Time-limited test] INFO  ratis.OzoneManagerStateMachine (OzoneManagerStateMachine.java:loadSnapshotInfoFromDB(687)) - LastAppliedIndex is set from TransactionInfo from OM DB as (t:0, i:~)
2023-08-23 22:09:17,800 [Time-limited test] INFO  server.RaftServer (ConfUtils.java:logGet(46)) - raft.rpc.type = GRPC (default)
2023-08-23 22:09:17,800 [Time-limited test] INFO  grpc.GrpcConfigKeys (ConfUtils.java:logFallback(53)) - raft.grpc.admin.host = null (fallback to raft.grpc.server.host)
2023-08-23 22:09:17,801 [Time-limited test] INFO  grpc.GrpcConfigKeys (ConfUtils.java:logFallback(53)) - raft.grpc.admin.port = 9872 (fallback to raft.grpc.server.port)
2023-08-23 22:09:17,801 [Time-limited test] INFO  grpc.GrpcConfigKeys (ConfUtils.java:logFallback(53)) - raft.grpc.client.host = null (fallback to raft.grpc.server.host)
2023-08-23 22:09:17,801 [Time-limited test] INFO  grpc.GrpcConfigKeys (ConfUtils.java:logFallback(53)) - raft.grpc.client.port = 9872 (fallback to raft.grpc.server.port)
2023-08-23 22:09:17,801 [Time-limited test] INFO  grpc.GrpcConfigKeys (ConfUtils.java:logGet(46)) - raft.grpc.server.host = null (default)
2023-08-23 22:09:17,801 [Time-limited test] INFO  grpc.GrpcConfigKeys (ConfUtils.java:logGet(46)) - raft.grpc.server.port = 9872 (custom)
2023-08-23 22:09:17,801 [Time-limited test] INFO  server.GrpcService (ConfUtils.java:logGet(46)) - raft.grpc.message.size.max = 33554432 (custom)
2023-08-23 22:09:17,801 [Time-limited test] INFO  server.RaftServerConfigKeys (ConfUtils.java:logGet(46)) - raft.server.log.appender.buffer.byte-limit = 33554432 (custom)
2023-08-23 22:09:17,801 [Time-limited test] INFO  server.GrpcService (ConfUtils.java:logGet(46)) - raft.grpc.flow.control.window = 1MB (=1048576) (default)
2023-08-23 22:09:17,801 [Time-limited test] INFO  server.RaftServerConfigKeys (ConfUtils.java:logGet(46)) - raft.server.rpc.request.timeout = 3000ms (default)
2023-08-23 22:09:17,801 [Time-limited test] INFO  grpc.GrpcConfigKeys (ConfUtils.java:logGet(46)) - raft.grpc.server.heartbeat.channel = true (default)
2023-08-23 22:09:17,801 [Time-limited test] INFO  grpc.GrpcConfigKeys (ConfUtils.java:logGet(46)) - raft.grpc.server.async.request.thread.pool.cached = true (default)
2023-08-23 22:09:17,801 [Time-limited test] INFO  grpc.GrpcConfigKeys (ConfUtils.java:logGet(46)) - raft.grpc.server.async.request.thread.pool.size = 32 (default)
2023-08-23 22:09:17,803 [Time-limited test] INFO  impl.DataStreamServerImpl (ConfUtils.java:logGet(46)) - raft.datastream.type = DISABLED (default)
2023-08-23 22:09:17,803 [Time-limited test] INFO  server.RaftServerConfigKeys (ConfUtils.java:logGet(46)) - raft.server.threadpool.proxy.cached = true (default)
2023-08-23 22:09:17,803 [Time-limited test] INFO  server.RaftServerConfigKeys (ConfUtils.java:logGet(46)) - raft.server.threadpool.proxy.size = 0 (default)
2023-08-23 22:09:17,803 [Time-limited test] INFO  server.RaftServerConfigKeys (ConfUtils.java:logGet(46)) - raft.server.rpc.slowness.timeout = 120s (custom)
2023-08-23 22:09:17,803 [Time-limited test] INFO  server.RaftServerConfigKeys (ConfUtils.java:logGet(46)) - raft.server.leaderelection.leader.step-down.wait-time = 10s (default)
2023-08-23 22:09:17,803 [Time-limited test] INFO  server.RaftServerConfigKeys (ConfUtils.java:logGet(46)) - raft.server.storage.dir = [/tmp/junit5812015578665220773/junit2423196988858514555/om-meta/ratis] (custom)
2023-08-23 22:09:17,807 [Time-limited test] INFO  server.RaftServer (RaftServerProxy.java:addNew(98)) - om1: addNew group-C5BA1605619E:[om1|rpc:fv-az621-511.fpnbra3ad0zu1hpqauu4rsdf4e.cx.internal.cloudapp.net:9872|priority:0|startupRole:FOLLOWER] returns group-C5BA1605619E:java.util.concurrent.CompletableFuture@6cf173ef[Not completed]
2023-08-23 22:09:17,807 [Time-limited test] INFO  om.OzoneManager (OzoneManager.java:initializeRatisServer(2128)) - OzoneManager Ratis server initialized at port 9872
2023-08-23 22:09:17,807 [Time-limited test] INFO  om.OzoneManager (OzoneManager.java:getRpcServer(1193)) - Creating RPC Server
2023-08-23 22:09:17,809 [om1-groupManagement] INFO  server.RaftServer$Division (RaftServerImpl.java:<init>(198)) - om1: new RaftServerImpl for group-C5BA1605619E:[om1|rpc:fv-az621-511.fpnbra3ad0zu1hpqauu4rsdf4e.cx.internal.cloudapp.net:9872|priority:0|startupRole:FOLLOWER] with OzoneManagerStateMachine:uninitialized
2023-08-23 22:09:17,809 [om1-groupManagement] INFO  server.RaftServerConfigKeys (ConfUtils.java:logGet(46)) - raft.server.rpc.timeout.min = 5s (custom)
2023-08-23 22:09:17,809 [om1-groupManagement] INFO  server.RaftServerConfigKeys (ConfUtils.java:logGet(46)) - raft.server.rpc.timeout.max = 5200ms (custom)
2023-08-23 22:09:17,810 [om1-groupManagement] INFO  server.RaftServerConfigKeys (ConfUtils.java:logGet(46)) - raft.server.rpc.sleep.time = 25ms (default)
2023-08-23 22:09:17,810 [om1-groupManagement] INFO  server.RaftServerConfigKeys (ConfUtils.java:logGet(46)) - raft.server.rpc.slowness.timeout = 120s (custom)
2023-08-23 22:09:17,810 [om1-groupManagement] INFO  server.RaftServerConfigKeys (ConfUtils.java:logGet(46)) - raft.server.leaderelection.leader.step-down.wait-time = 10s (default)
2023-08-23 22:09:17,810 [om1-groupManagement] INFO  server.RaftServerConfigKeys (ConfUtils.java:logGet(46)) - raft.server.sleep.deviation.threshold = 300ms (default)
2023-08-23 22:09:17,810 [om1-groupManagement] INFO  server.RaftServer$Division (ServerState.java:<init>(120)) - om1@group-C5BA1605619E: ConfigurationManager, init=-1: peers:[om1|rpc:fv-az621-511.fpnbra3ad0zu1hpqauu4rsdf4e.cx.internal.cloudapp.net:9872|priority:0|startupRole:FOLLOWER]|listeners:[], old=null, confs=<EMPTY_MAP>
2023-08-23 22:09:17,810 [om1-groupManagement] INFO  server.RaftServerConfigKeys (ConfUtils.java:logGet(46)) - raft.server.storage.dir = [/tmp/junit5812015578665220773/junit2423196988858514555/om-meta/ratis] (custom)
2023-08-23 22:09:17,811 [om1-groupManagement] INFO  server.RaftServerConfigKeys (ConfUtils.java:logGet(46)) - raft.server.log.corruption.policy = EXCEPTION (default)
2023-08-23 22:09:17,811 [om1-groupManagement] INFO  server.RaftServerConfigKeys (ConfUtils.java:logGet(46)) - raft.server.storage.free-space.min = 0MB (=0) (default)
2023-08-23 22:09:17,811 [om1-groupManagement] INFO  server.RaftServerConfigKeys (ConfUtils.java:logGet(46)) - raft.server.notification.no-leader.timeout = 120s (custom)
2023-08-23 22:09:17,811 [om1-groupManagement] INFO  server.RaftServerConfigKeys (ConfUtils.java:logGet(46)) - raft.server.read.timeout = 10s (default)
2023-08-23 22:09:17,811 [om1-groupManagement] INFO  server.RaftServerConfigKeys (ConfUtils.java:logGet(46)) - raft.server.retrycache.expirytime = 300s (custom)
2023-08-23 22:09:17,812 [om1-groupManagement] INFO  server.RaftServerConfigKeys (ConfUtils.java:logGet(46)) - raft.server.retrycache.statistics.expirytime = 100μs (default)
2023-08-23 22:09:17,812 [om1-groupManagement] INFO  server.RaftServerConfigKeys (ConfUtils.java:logGet(46)) - raft.server.read.option = DEFAULT (default)
2023-08-23 22:09:17,812 [om1-groupManagement] INFO  server.RaftServerConfigKeys (ConfUtils.java:logGet(46)) - raft.server.rpc.request.timeout = 3000ms (default)
2023-08-23 22:09:17,812 [om1-groupManagement] INFO  server.RaftServerConfigKeys (ConfUtils.java:logGet(46)) - raft.server.log.appender.install.snapshot.enabled = false (custom)
2023-08-23 22:09:17,812 [om1-groupManagement] INFO  server.RaftServerConfigKeys (ConfUtils.java:logGet(46)) - raft.server.threadpool.server.cached = true (default)
2023-08-23 22:09:17,812 [om1-groupManagement] INFO  server.RaftServerConfigKeys (ConfUtils.java:logGet(46)) - raft.server.threadpool.server.size = 0 (default)
2023-08-23 22:09:17,812 [om1-groupManagement] INFO  server.RaftServerConfigKeys (ConfUtils.java:logGet(46)) - raft.server.threadpool.client.cached = true (default)
2023-08-23 22:09:17,812 [om1-groupManagement] INFO  server.RaftServerConfigKeys (ConfUtils.java:logGet(46)) - raft.server.threadpool.client.size = 0 (default)
2023-08-23 22:09:18,176 [Time-limited test] INFO  reflections.Reflections (Reflections.java:scan(232)) - Reflections took 367 ms to scan 19 urls, producing 70 keys and 5645 values [using 2 cores]
2023-08-23 22:09:18,177 [Time-limited test] INFO  ipc.CallQueueManager (CallQueueManager.java:<init>(90)) - Using callQueue: class java.util.concurrent.LinkedBlockingQueue, queueCapacity: 10000, scheduler: class org.apache.hadoop.ipc.DefaultRpcScheduler, ipcBackoff: false.
2023-08-23 22:09:18,177 [Time-limited test] INFO  ipc.Server (Server.java:<init>(1287)) - Listener at fv-az621-511.fpnbra3ad0zu1hpqauu4rsdf4e.cx.internal.cloudapp.net:1202
2023-08-23 22:09:18,179 [Socket Reader #1 for port 1202] INFO  ipc.Server (Server.java:run(1323)) - Starting Socket Reader #1 for port 1202
2023-08-23 22:09:18,954 [Time-limited test] INFO  utils.SelfSignedCertificate (SelfSignedCertificate.java:generateCertificate(157)) - Certificate 1 is issued by CN=rootCA@localhost,OU=scm1,O=cluster1 to CN=rootCA@localhost,OU=scm1,O=cluster1, valid from Wed Aug 23 22:09:18 UTC 2023 to Sat Sep 30 22:09:18 UTC 2028
2023-08-23 22:09:18,958 [Time-limited test] INFO  authority.DefaultApprover (DefaultApprover.java:sign(154)) - Extensions in CSR: 2.5.29.15
2023-08-23 22:09:18,958 [Time-limited test] INFO  authority.DefaultApprover (DefaultApprover.java:sign(158)) - Extensions to add to the certificate if they present in CSR: 2.5.29.17, 2.5.29.19, 1.3.6.1.5.5.7.1.12, 2.5.29.35, 2.5.29.37, 2.5.29.15
2023-08-23 22:09:18,967 [Time-limited test] INFO  ssl.ReloadingX509KeyManager (ReloadingX509KeyManager.java:loadKeyManager(222)) - Key manager is loaded with certificate chain
2023-08-23 22:09:18,969 [Time-limited test] INFO  ssl.ReloadingX509KeyManager (ReloadingX509KeyManager.java:loadKeyManager(224)) - [
[
  Version: V3
  Subject: O=cluster1, OU=scm1, CN=localhost
  Signature Algorithm: SHA256withRSA, OID = 1.2.840.113549.1.1.11

  Key:  Sun RSA public key, 2048 bits
  params: null
  modulus: 27745280332869322791244806077534392838129761310947015335658976916702748137966119584447210266985583097353635919086705341823721288124817507299940032119328399111056165063142528575004222180091891292908672165190398944626526928643363336660376544923593310878789362539070972047732397329536527721381730739766556289279050418416043815671384461451606651336397909895868560570887802786823866776722906573666448371887447142994310626072722486866777975386471264110359105494010084519034790326790320223351533412355371289267577697812029734604965018550160681533100500750440093348134980953685517356126244211200707049333100515454766555188401
  public exponent: 65537
  Validity: [From: Wed Aug 23 22:09:18 UTC 2023,
               To: Thu Aug 22 22:09:18 UTC 2024]
  Issuer: O=cluster1, OU=scm1, CN=rootCA@localhost
  SerialNumber: [    014cfa2f 1843]

Certificate Extensions: 1
[1]: ObjectId: 2.5.29.15 Criticality=true
KeyUsage [
  DigitalSignature
  Key_Encipherment
  Data_Encipherment
  Key_Agreement
]

]
  Algorithm: [SHA256withRSA]
  Signature:
0000: 77 3C C3 65 7F 78 BB E8   5C FB FB 06 D2 DB 96 A7  w<.e.x..\.......
0010: BD 28 1E BC 8A D7 25 22   A6 40 9C C0 64 79 A8 EE  .(....%".@..dy..
0020: 6A 4A D4 5D 56 C1 4E 4C   D4 0C 02 03 43 CD B9 93  jJ.]V.NL....C...
0030: EE 84 EF F7 EF 8F CC 27   53 58 4E 50 C0 F5 A0 AE  .......'SXNP....
0040: 0A 67 6F 25 69 ED 3C 83   D5 F7 9D 0A 2F 8F 11 15  .go%i.<...../...
0050: F8 47 01 3B 0D A7 F0 19   2E 83 A1 85 93 64 9D CC  .G.;.........d..
0060: 83 BC CC FB 10 AE 86 C1   23 60 56 7F 97 FA 63 60  ........#`V...c`
0070: D9 83 C9 A8 1E 3A B3 BA   7A FA 16 3A CB 89 99 00  .....:..z..:....
0080: 2C D4 07 EF 1E BA B5 6C   A5 69 3F CB D7 B2 FA DA  ,......l.i?.....
0090: A2 74 3A E2 11 F2 B1 1B   BF DF 71 66 46 BE F6 D6  .t:.......qfF...
00A0: 2C C4 77 A4 A6 FC 02 56   7E EF ED D0 F5 D9 8F 84  ,.w....V........
00B0: 6B B6 CF 8B 32 73 B9 77   31 F9 E1 61 AC A7 27 57  k...2s.w1..a..'W
00C0: 9F 0D 85 97 3B 70 6B D0   29 23 5A 3C 93 14 82 07  ....;pk.)#Z<....
00D0: 0A 80 08 0D F9 6F 99 13   03 5F C6 7A C5 50 DB AC  .....o..._.z.P..
00E0: B8 B8 DB 80 6D E4 82 70   35 7F 46 A5 85 12 79 77  ....m..p5.F...yw
00F0: 18 0F 43 D3 F1 8A 9C D7   80 72 9C F5 0E 65 39 E9  ..C......r...e9.

]
2023-08-23 22:09:18,970 [Time-limited test] INFO  ssl.ReloadingX509KeyManager (ReloadingX509KeyManager.java:loadKeyManager(224)) - [
[
  Version: V3
  Subject: O=cluster1, OU=scm1, CN=rootCA@localhost
  Signature Algorithm: SHA256withRSA, OID = 1.2.840.113549.1.1.11

  Key:  Sun RSA public key, 2048 bits
  params: null
  modulus: 22239716794763538987826526800106205704371587408264956646386043584185398119642804617758243786234778044330075823374218625324955996540431152748578881638602686496990201612226776659605651039952564504802022185728704285633613015744336343261809172116301054521435500923371555776769570212769023793931502535848323073245338557257522666125709795340535877544239610612437931372163141276546840153133885006892953124793490645690694406505277059370204004861192974832097257575604527941023335002249402358160242615788304720169533026449676413432394086057067277467400647862988904551408827878838089491019135323086174099205250956458223045488071
  public exponent: 65537
  Validity: [From: Wed Aug 23 22:09:18 UTC 2023,
               To: Sat Sep 30 22:09:18 UTC 2028]
  Issuer: O=cluster1, OU=scm1, CN=rootCA@localhost
  SerialNumber: [    01]

Certificate Extensions: 2
[1]: ObjectId: 2.5.29.19 Criticality=true
BasicConstraints:[
  CA:true
  PathLen:2147483647
]

[2]: ObjectId: 2.5.29.15 Criticality=true
KeyUsage [
  Key_CertSign
  Crl_Sign
]

]
  Algorithm: [SHA256withRSA]
  Signature:
0000: A8 5F D0 86 E3 C8 40 BE   AA B7 05 59 71 CD 36 60  ._....@....Yq.6`
0010: B3 5D 72 0D 96 4C AD 6B   E2 38 02 9F 51 60 34 08  .]r..L.k.8..Q`4.
0020: A9 49 44 03 C9 A2 34 44   75 FA CD F7 B2 49 F3 E5  .ID...4Du....I..
0030: C5 F4 2F 30 0B 09 A5 2C   9A 4A C1 3F 8B 80 D9 F1  ../0...,.J.?....
0040: C7 C1 E9 2A F8 14 A8 9A   E5 CC 35 E5 77 01 A4 81  ...*......5.w...
0050: 02 E4 A9 38 0C AB 6C 63   C5 3E 0C 3B 93 BD 1A 3A  ...8..lc.>.;...:
0060: 1F 72 F4 E5 E0 75 12 E0   5C F9 50 24 1C 80 32 22  .r...u..\.P$..2"
0070: 48 29 D1 7D CB FC DA 53   BB 7A 9C 6A DB 5D FB 2C  H).....S.z.j.].,
0080: 11 1A 9F 21 70 D1 6E 7B   3F A3 7B C2 13 7E 65 40  ...!p.n.?.....e@
0090: 7A CF 12 68 91 F6 B3 FD   59 D7 72 70 4F 13 DA 4A  z..h....Y.rpO..J
00A0: DA 6F 42 A7 E0 5D FC 38   DE E7 A9 BA 58 4A 1D 59  .oB..].8....XJ.Y
00B0: 9B A5 04 DE EB DC F6 15   BA 17 C8 AA B4 F1 57 91  ..............W.
00C0: 79 CD 8E 51 AF 2E 9A 50   E4 9B 6E 81 3B AF 76 32  y..Q...P..n.;.v2
00D0: 70 AF CB 45 C7 ED CE A3   0A D8 B4 11 AE 25 47 1A  p..E.........%G.
00E0: E0 A0 B1 3D 2D C0 D4 04   B7 62 DE ED 45 04 E2 66  ...=-....b..E..f
00F0: 65 58 89 F0 48 E6 4C 59   02 B6 3C 31 D5 B1 C8 8A  eX..H.LY..<1....

]
2023-08-23 22:09:18,984 [Time-limited test] INFO  ssl.ReloadingX509TrustManager (ReloadingX509TrustManager.java:insertCertsToKeystore(188)) - Trust manager is loaded with certificates
2023-08-23 22:09:18,985 [Time-limited test] INFO  ssl.ReloadingX509TrustManager (ReloadingX509TrustManager.java:insertCertsToKeystore(192)) - [
[
  Version: V3
  Subject: O=cluster1, OU=scm1, CN=rootCA@localhost
  Signature Algorithm: SHA256withRSA, OID = 1.2.840.113549.1.1.11

  Key:  Sun RSA public key, 2048 bits
  params: null
  modulus: 22239716794763538987826526800106205704371587408264956646386043584185398119642804617758243786234778044330075823374218625324955996540431152748578881638602686496990201612226776659605651039952564504802022185728704285633613015744336343261809172116301054521435500923371555776769570212769023793931502535848323073245338557257522666125709795340535877544239610612437931372163141276546840153133885006892953124793490645690694406505277059370204004861192974832097257575604527941023335002249402358160242615788304720169533026449676413432394086057067277467400647862988904551408827878838089491019135323086174099205250956458223045488071
  public exponent: 65537
  Validity: [From: Wed Aug 23 22:09:18 UTC 2023,
               To: Sat Sep 30 22:09:18 UTC 2028]
  Issuer: O=cluster1, OU=scm1, CN=rootCA@localhost
  SerialNumber: [    01]

Certificate Extensions: 2
[1]: ObjectId: 2.5.29.19 Criticality=true
BasicConstraints:[
  CA:true
  PathLen:2147483647
]

[2]: ObjectId: 2.5.29.15 Criticality=true
KeyUsage [
  Key_CertSign
  Crl_Sign
]

]
  Algorithm: [SHA256withRSA]
  Signature:
0000: A8 5F D0 86 E3 C8 40 BE   AA B7 05 59 71 CD 36 60  ._....@....Yq.6`
0010: B3 5D 72 0D 96 4C AD 6B   E2 38 02 9F 51 60 34 08  .]r..L.k.8..Q`4.
0020: A9 49 44 03 C9 A2 34 44   75 FA CD F7 B2 49 F3 E5  .ID...4Du....I..
0030: C5 F4 2F 30 0B 09 A5 2C   9A 4A C1 3F 8B 80 D9 F1  ../0...,.J.?....
0040: C7 C1 E9 2A F8 14 A8 9A   E5 CC 35 E5 77 01 A4 81  ...*......5.w...
0050: 02 E4 A9 38 0C AB 6C 63   C5 3E 0C 3B 93 BD 1A 3A  ...8..lc.>.;...:
0060: 1F 72 F4 E5 E0 75 12 E0   5C F9 50 24 1C 80 32 22  .r...u..\.P$..2"
0070: 48 29 D1 7D CB FC DA 53   BB 7A 9C 6A DB 5D FB 2C  H).....S.z.j.].,
0080: 11 1A 9F 21 70 D1 6E 7B   3F A3 7B C2 13 7E 65 40  ...!p.n.?.....e@
0090: 7A CF 12 68 91 F6 B3 FD   59 D7 72 70 4F 13 DA 4A  z..h....Y.rpO..J
00A0: DA 6F 42 A7 E0 5D FC 38   DE E7 A9 BA 58 4A 1D 59  .oB..].8....XJ.Y
00B0: 9B A5 04 DE EB DC F6 15   BA 17 C8 AA B4 F1 57 91  ..............W.
00C0: 79 CD 8E 51 AF 2E 9A 50   E4 9B 6E 81 3B AF 76 32  y..Q...P..n.;.v2
00D0: 70 AF CB 45 C7 ED CE A3   0A D8 B4 11 AE 25 47 1A  p..E.........%G.
00E0: E0 A0 B1 3D 2D C0 D4 04   B7 62 DE ED 45 04 E2 66  ...=-....b..E..f
00F0: 65 58 89 F0 48 E6 4C 59   02 B6 3C 31 D5 B1 C8 8A  eX..H.LY..<1....

]
2023-08-23 22:09:18,993 [Time-limited test] INFO  ssl.ReloadingX509KeyManager (ReloadingX509KeyManager.java:loadKeyManager(222)) - Key manager is loaded with certificate chain
2023-08-23 22:09:18,993 [Time-limited test] INFO  ssl.ReloadingX509KeyManager (ReloadingX509KeyManager.java:loadKeyManager(224)) - [
[
  Version: V3
  Subject: O=cluster1, OU=scm1, CN=localhost
  Signature Algorithm: SHA256withRSA, OID = 1.2.840.113549.1.1.11

  Key:  Sun RSA public key, 2048 bits
  params: null
  modulus: 27745280332869322791244806077534392838129761310947015335658976916702748137966119584447210266985583097353635919086705341823721288124817507299940032119328399111056165063142528575004222180091891292908672165190398944626526928643363336660376544923593310878789362539070972047732397329536527721381730739766556289279050418416043815671384461451606651336397909895868560570887802786823866776722906573666448371887447142994310626072722486866777975386471264110359105494010084519034790326790320223351533412355371289267577697812029734604965018550160681533100500750440093348134980953685517356126244211200707049333100515454766555188401
  public exponent: 65537
  Validity: [From: Wed Aug 23 22:09:18 UTC 2023,
               To: Thu Aug 22 22:09:18 UTC 2024]
  Issuer: O=cluster1, OU=scm1, CN=rootCA@localhost
  SerialNumber: [    014cfa2f 1843]

Certificate Extensions: 1
[1]: ObjectId: 2.5.29.15 Criticality=true
KeyUsage [
  DigitalSignature
  Key_Encipherment
  Data_Encipherment
  Key_Agreement
]

]
  Algorithm: [SHA256withRSA]
  Signature:
0000: 77 3C C3 65 7F 78 BB E8   5C FB FB 06 D2 DB 96 A7  w<.e.x..\.......
0010: BD 28 1E BC 8A D7 25 22   A6 40 9C C0 64 79 A8 EE  .(....%".@..dy..
0020: 6A 4A D4 5D 56 C1 4E 4C   D4 0C 02 03 43 CD B9 93  jJ.]V.NL....C...
0030: EE 84 EF F7 EF 8F CC 27   53 58 4E 50 C0 F5 A0 AE  .......'SXNP....
0040: 0A 67 6F 25 69 ED 3C 83   D5 F7 9D 0A 2F 8F 11 15  .go%i.<...../...
0050: F8 47 01 3B 0D A7 F0 19   2E 83 A1 85 93 64 9D CC  .G.;.........d..
0060: 83 BC CC FB 10 AE 86 C1   23 60 56 7F 97 FA 63 60  ........#`V...c`
0070: D9 83 C9 A8 1E 3A B3 BA   7A FA 16 3A CB 89 99 00  .....:..z..:....
0080: 2C D4 07 EF 1E BA B5 6C   A5 69 3F CB D7 B2 FA DA  ,......l.i?.....
0090: A2 74 3A E2 11 F2 B1 1B   BF DF 71 66 46 BE F6 D6  .t:.......qfF...
00A0: 2C C4 77 A4 A6 FC 02 56   7E EF ED D0 F5 D9 8F 84  ,.w....V........
00B0: 6B B6 CF 8B 32 73 B9 77   31 F9 E1 61 AC A7 27 57  k...2s.w1..a..'W
00C0: 9F 0D 85 97 3B 70 6B D0   29 23 5A 3C 93 14 82 07  ....;pk.)#Z<....
00D0: 0A 80 08 0D F9 6F 99 13   03 5F C6 7A C5 50 DB AC  .....o..._.z.P..
00E0: B8 B8 DB 80 6D E4 82 70   35 7F 46 A5 85 12 79 77  ....m..p5.F...yw
00F0: 18 0F 43 D3 F1 8A 9C D7   80 72 9C F5 0E 65 39 E9  ..C......r...e9.

]
2023-08-23 22:09:18,994 [Time-limited test] INFO  ssl.ReloadingX509KeyManager (ReloadingX509KeyManager.java:loadKeyManager(224)) - [
[
  Version: V3
  Subject: O=cluster1, OU=scm1, CN=rootCA@localhost
  Signature Algorithm: SHA256withRSA, OID = 1.2.840.113549.1.1.11

  Key:  Sun RSA public key, 2048 bits
  params: null
  modulus: 22239716794763538987826526800106205704371587408264956646386043584185398119642804617758243786234778044330075823374218625324955996540431152748578881638602686496990201612226776659605651039952564504802022185728704285633613015744336343261809172116301054521435500923371555776769570212769023793931502535848323073245338557257522666125709795340535877544239610612437931372163141276546840153133885006892953124793490645690694406505277059370204004861192974832097257575604527941023335002249402358160242615788304720169533026449676413432394086057067277467400647862988904551408827878838089491019135323086174099205250956458223045488071
  public exponent: 65537
  Validity: [From: Wed Aug 23 22:09:18 UTC 2023,
               To: Sat Sep 30 22:09:18 UTC 2028]
  Issuer: O=cluster1, OU=scm1, CN=rootCA@localhost
  SerialNumber: [    01]

Certificate Extensions: 2
[1]: ObjectId: 2.5.29.19 Criticality=true
BasicConstraints:[
  CA:true
  PathLen:2147483647
]

[2]: ObjectId: 2.5.29.15 Criticality=true
KeyUsage [
  Key_CertSign
  Crl_Sign
]

]
  Algorithm: [SHA256withRSA]
  Signature:
0000: A8 5F D0 86 E3 C8 40 BE   AA B7 05 59 71 CD 36 60  ._....@....Yq.6`
0010: B3 5D 72 0D 96 4C AD 6B   E2 38 02 9F 51 60 34 08  .]r..L.k.8..Q`4.
0020: A9 49 44 03 C9 A2 34 44   75 FA CD F7 B2 49 F3 E5  .ID...4Du....I..
0030: C5 F4 2F 30 0B 09 A5 2C   9A 4A C1 3F 8B 80 D9 F1  ../0...,.J.?....
0040: C7 C1 E9 2A F8 14 A8 9A   E5 CC 35 E5 77 01 A4 81  ...*......5.w...
0050: 02 E4 A9 38 0C AB 6C 63   C5 3E 0C 3B 93 BD 1A 3A  ...8..lc.>.;...:
0060: 1F 72 F4 E5 E0 75 12 E0   5C F9 50 24 1C 80 32 22  .r...u..\.P$..2"
0070: 48 29 D1 7D CB FC DA 53   BB 7A 9C 6A DB 5D FB 2C  H).....S.z.j.].,
0080: 11 1A 9F 21 70 D1 6E 7B   3F A3 7B C2 13 7E 65 40  ...!p.n.?.....e@
0090: 7A CF 12 68 91 F6 B3 FD   59 D7 72 70 4F 13 DA 4A  z..h....Y.rpO..J
00A0: DA 6F 42 A7 E0 5D FC 38   DE E7 A9 BA 58 4A 1D 59  .oB..].8....XJ.Y
00B0: 9B A5 04 DE EB DC F6 15   BA 17 C8 AA B4 F1 57 91  ..............W.
00C0: 79 CD 8E 51 AF 2E 9A 50   E4 9B 6E 81 3B AF 76 32  y..Q...P..n.;.v2
00D0: 70 AF CB 45 C7 ED CE A3   0A D8 B4 11 AE 25 47 1A  p..E.........%G.
00E0: E0 A0 B1 3D 2D C0 D4 04   B7 62 DE ED 45 04 E2 66  ...=-....b..E..f
00F0: 65 58 89 F0 48 E6 4C 59   02 B6 3C 31 D5 B1 C8 8A  eX..H.LY..<1....

]
2023-08-23 22:09:18,994 [Time-limited test] INFO  ssl.ReloadingX509TrustManager (ReloadingX509TrustManager.java:insertCertsToKeystore(188)) - Trust manager is loaded with certificates
2023-08-23 22:09:18,994 [Time-limited test] INFO  ssl.ReloadingX509TrustManager (ReloadingX509TrustManager.java:insertCertsToKeystore(192)) - [
[
  Version: V3
  Subject: O=cluster1, OU=scm1, CN=rootCA@localhost
  Signature Algorithm: SHA256withRSA, OID = 1.2.840.113549.1.1.11

  Key:  Sun RSA public key, 2048 bits
  params: null
  modulus: 22239716794763538987826526800106205704371587408264956646386043584185398119642804617758243786234778044330075823374218625324955996540431152748578881638602686496990201612226776659605651039952564504802022185728704285633613015744336343261809172116301054521435500923371555776769570212769023793931502535848323073245338557257522666125709795340535877544239610612437931372163141276546840153133885006892953124793490645690694406505277059370204004861192974832097257575604527941023335002249402358160242615788304720169533026449676413432394086057067277467400647862988904551408827878838089491019135323086174099205250956458223045488071
  public exponent: 65537
  Validity: [From: Wed Aug 23 22:09:18 UTC 2023,
               To: Sat Sep 30 22:09:18 UTC 2028]
  Issuer: O=cluster1, OU=scm1, CN=rootCA@localhost
  SerialNumber: [    01]

Certificate Extensions: 2
[1]: ObjectId: 2.5.29.19 Criticality=true
BasicConstraints:[
  CA:true
  PathLen:2147483647
]

[2]: ObjectId: 2.5.29.15 Criticality=true
KeyUsage [
  Key_CertSign
  Crl_Sign
]

]
  Algorithm: [SHA256withRSA]
  Signature:
0000: A8 5F D0 86 E3 C8 40 BE   AA B7 05 59 71 CD 36 60  ._....@....Yq.6`
0010: B3 5D 72 0D 96 4C AD 6B   E2 38 02 9F 51 60 34 08  .]r..L.k.8..Q`4.
0020: A9 49 44 03 C9 A2 34 44   75 FA CD F7 B2 49 F3 E5  .ID...4Du....I..
0030: C5 F4 2F 30 0B 09 A5 2C   9A 4A C1 3F 8B 80 D9 F1  ../0...,.J.?....
0040: C7 C1 E9 2A F8 14 A8 9A   E5 CC 35 E5 77 01 A4 81  ...*......5.w...
0050: 02 E4 A9 38 0C AB 6C 63   C5 3E 0C 3B 93 BD 1A 3A  ...8..lc.>.;...:
0060: 1F 72 F4 E5 E0 75 12 E0   5C F9 50 24 1C 80 32 22  .r...u..\.P$..2"
0070: 48 29 D1 7D CB FC DA 53   BB 7A 9C 6A DB 5D FB 2C  H).....S.z.j.].,
0080: 11 1A 9F 21 70 D1 6E 7B   3F A3 7B C2 13 7E 65 40  ...!p.n.?.....e@
0090: 7A CF 12 68 91 F6 B3 FD   59 D7 72 70 4F 13 DA 4A  z..h....Y.rpO..J
00A0: DA 6F 42 A7 E0 5D FC 38   DE E7 A9 BA 58 4A 1D 59  .oB..].8....XJ.Y
00B0: 9B A5 04 DE EB DC F6 15   BA 17 C8 AA B4 F1 57 91  ..............W.
00C0: 79 CD 8E 51 AF 2E 9A 50   E4 9B 6E 81 3B AF 76 32  y..Q...P..n.;.v2
00D0: 70 AF CB 45 C7 ED CE A3   0A D8 B4 11 AE 25 47 1A  p..E.........%G.
00E0: E0 A0 B1 3D 2D C0 D4 04   B7 62 DE ED 45 04 E2 66  ...=-....b..E..f
00F0: 65 58 89 F0 48 E6 4C 59   02 B6 3C 31 D5 B1 C8 8A  eX..H.LY..<1....

]
2023-08-23 22:09:18,997 [Time-limited test] WARN  impl.MetricsConfig (MetricsConfig.java:loadFirst(136)) - Cannot locate configuration: tried hadoop-metrics2-ozonemanager.properties,hadoop-metrics2.properties
2023-08-23 22:09:18,998 [Time-limited test] INFO  impl.MetricsSystemImpl (MetricsSystemImpl.java:startTimer(378)) - Scheduled Metric snapshot period at 10 second(s).
2023-08-23 22:09:18,998 [Time-limited test] INFO  impl.MetricsSystemImpl (MetricsSystemImpl.java:start(191)) - OzoneManager metrics system started
2023-08-23 22:09:19,002 [Time-limited test] INFO  impl.MetricsSinkAdapter (MetricsSinkAdapter.java:start(204)) - Sink prometheus started
2023-08-23 22:09:19,002 [Time-limited test] INFO  impl.MetricsSystemImpl (MetricsSystemImpl.java:registerSink(305)) - Registered sink prometheus
2023-08-23 22:09:19,016 [Time-limited test] INFO  om.OzoneManager (OzoneManager.java:start(1613)) - OzoneManager RPC server is listening at fv-az621-511.fpnbra3ad0zu1hpqauu4rsdf4e.cx.internal.cloudapp.net/10.1.0.14:1202
2023-08-23 22:09:19,016 [Time-limited test] INFO  ratis.OzoneManagerRatisServer (OzoneManagerRatisServer.java:start(558)) - Starting OzoneManagerRatisServer om1 at port 9872
2023-08-23 22:09:19,018 [om1-impl-thread1] INFO  storage.RaftStorageDirectory (RaftStorageDirectoryImpl.java:analyzeStorage(137)) - The storage directory /tmp/junit5812015578665220773/junit2423196988858514555/om-meta/ratis/bf265839-605b-3f16-9796-c5ba1605619e does not exist. Creating ...
2023-08-23 22:09:19,022 [om1-impl-thread1] INFO  storage.RaftStorageDirectory (RaftStorageDirectoryImpl.java:tryLock(231)) - Lock on /tmp/junit5812015578665220773/junit2423196988858514555/om-meta/ratis/bf265839-605b-3f16-9796-c5ba1605619e/in_use.lock acquired by nodename 9432@fv-az621-511
2023-08-23 22:09:19,026 [om1-impl-thread1] INFO  storage.RaftStorage (RaftStorageImpl.java:format(96)) - Storage directory /tmp/junit5812015578665220773/junit2423196988858514555/om-meta/ratis/bf265839-605b-3f16-9796-c5ba1605619e has been successfully formatted.
2023-08-23 22:09:19,029 [om1-impl-thread1] INFO  server.RaftServerConfigKeys (ConfUtils.java:logGet(46)) - raft.server.log.use.memory = false (default)
2023-08-23 22:09:19,035 [om1-impl-thread1] INFO  server.RaftServerConfigKeys (ConfUtils.java:logGet(46)) - raft.server.log.purge.gap = 1000000 (custom)
2023-08-23 22:09:19,035 [om1-impl-thread1] INFO  server.RaftServerConfigKeys (ConfUtils.java:logGet(46)) - raft.server.log.appender.buffer.byte-limit = 33554432 (custom)
2023-08-23 22:09:19,036 [om1-impl-thread1] INFO  server.RaftServerConfigKeys (ConfUtils.java:logGet(46)) - raft.server.log.statemachine.data.read.timeout = 1000ms (default)
2023-08-23 22:09:19,037 [om1-impl-thread1] INFO  server.RaftServerConfigKeys (ConfUtils.java:logGet(46)) - raft.server.log.purge.preservation.log.num = 0 (default)
2023-08-23 22:09:19,039 [om1-impl-thread1] INFO  server.RaftServerConfigKeys (ConfUtils.java:logGet(46)) - raft.server.log.segment.size.max = 4194304 (custom)
2023-08-23 22:09:19,043 [om1-impl-thread1] INFO  server.RaftServerConfigKeys (ConfUtils.java:logGet(46)) - raft.server.log.segment.cache.num.max = 2 (custom)
2023-08-23 22:09:19,043 [om1-impl-thread1] INFO  server.RaftServerConfigKeys (ConfUtils.java:logGet(46)) - raft.server.log.segment.cache.size.max = 200MB (=209715200) (default)
2023-08-23 22:09:19,043 [om1-impl-thread1] INFO  server.RaftServerConfigKeys (ConfUtils.java:logGet(46)) - raft.server.log.appender.buffer.byte-limit = 33554432 (custom)
2023-08-23 22:09:19,048 [om1-impl-thread1] INFO  segmented.SegmentedRaftLogWorker (SegmentedRaftLogWorker.java:<init>(188)) - new om1@group-C5BA1605619E-SegmentedRaftLogWorker for RaftStorageImpl:Storage Directory /tmp/junit5812015578665220773/junit2423196988858514555/om-meta/ratis/bf265839-605b-3f16-9796-c5ba1605619e
2023-08-23 22:09:19,049 [om1-impl-thread1] INFO  server.RaftServerConfigKeys (ConfUtils.java:logGet(46)) - raft.server.log.queue.byte-limit = 64MB (=67108864) (default)
2023-08-23 22:09:19,050 [om1-impl-thread1] INFO  server.RaftServerConfigKeys (ConfUtils.java:logGet(46)) - raft.server.log.queue.element-limit = 4096 (default)
2023-08-23 22:09:19,050 [om1-impl-thread1] INFO  server.RaftServerConfigKeys (ConfUtils.java:logGet(46)) - raft.server.log.segment.size.max = 4194304 (custom)
2023-08-23 22:09:19,051 [om1-impl-thread1] INFO  server.RaftServerConfigKeys (ConfUtils.java:logGet(46)) - raft.server.log.preallocated.size = 4194304 (custom)
2023-08-23 22:09:19,051 [om1-impl-thread1] INFO  server.RaftServerConfigKeys (ConfUtils.java:logGet(46)) - raft.server.log.force.sync.num = 128 (default)
2023-08-23 22:09:19,051 [om1-impl-thread1] INFO  server.RaftServerConfigKeys (ConfUtils.java:logGet(46)) - raft.server.log.statemachine.data.sync = true (default)
2023-08-23 22:09:19,052 [om1-impl-thread1] INFO  server.RaftServerConfigKeys (ConfUtils.java:logGet(46)) - raft.server.log.statemachine.data.sync.timeout = 10s (default)
2023-08-23 22:09:19,052 [om1-impl-thread1] INFO  server.RaftServerConfigKeys (ConfUtils.java:logGet(46)) - raft.server.log.statemachine.data.sync.timeout.retry = -1 (default)
2023-08-23 22:09:19,061 [om1-impl-thread1] INFO  server.RaftServerConfigKeys (ConfUtils.java:logGet(46)) - raft.server.log.write.buffer.size = 64KB (=65536) (default)
2023-08-23 22:09:19,061 [om1-impl-thread1] INFO  server.RaftServerConfigKeys (ConfUtils.java:logGet(46)) - raft.server.log.appender.buffer.byte-limit = 33554432 (custom)
2023-08-23 22:09:19,064 [om1-impl-thread1] INFO  server.RaftServerConfigKeys (ConfUtils.java:logGet(46)) - raft.server.log.unsafe-flush.enabled = false (default)
2023-08-23 22:09:19,065 [om1-impl-thread1] INFO  server.RaftServerConfigKeys (ConfUtils.java:logGet(46)) - raft.server.log.async-flush.enabled = false (default)
2023-08-23 22:09:19,065 [om1-impl-thread1] INFO  server.RaftServerConfigKeys (ConfUtils.java:logGet(46)) - raft.server.log.statemachine.data.caching.enabled = false (default)
2023-08-23 22:09:19,070 [om1-impl-thread1] INFO  segmented.SegmentedRaftLogWorker (SegmentedRaftLogWorker.java:lambda$new$0(135)) - om1@group-C5BA1605619E-SegmentedRaftLogWorker: flushIndex: setUnconditionally 0 -> -1
2023-08-23 22:09:19,070 [om1-impl-thread1] INFO  segmented.SegmentedRaftLogWorker (SegmentedRaftLogWorker.java:lambda$new$0(135)) - om1@group-C5BA1605619E-SegmentedRaftLogWorker: safeCacheEvictIndex: setUnconditionally 0 -> -1
2023-08-23 22:09:19,071 [om1-impl-thread1] INFO  server.RaftServer$Division (RaftServerImpl.java:start(342)) - om1@group-C5BA1605619E: start as a follower, conf=-1: peers:[om1|rpc:fv-az621-511.fpnbra3ad0zu1hpqauu4rsdf4e.cx.internal.cloudapp.net:9872|priority:0|startupRole:FOLLOWER]|listeners:[], old=null
2023-08-23 22:09:19,071 [om1-impl-thread1] INFO  server.RaftServer$Division (RaftServerImpl.java:setRole(329)) - om1@group-C5BA1605619E: changes role from      null to FOLLOWER at term 0 for startAsFollower
2023-08-23 22:09:19,072 [om1-impl-thread1] INFO  impl.RoleInfo (RoleInfo.java:updateAndGet(139)) - om1: start om1@group-C5BA1605619E-FollowerState
2023-08-23 22:09:19,073 [om1@group-C5BA1605619E-FollowerState] INFO  server.RaftServerConfigKeys (ConfUtils.java:logFallback(53)) - raft.server.rpc.first-election.timeout.min = 5s (fallback to raft.server.rpc.timeout.min)
2023-08-23 22:09:19,073 [om1@group-C5BA1605619E-FollowerState] INFO  server.RaftServerConfigKeys (ConfUtils.java:logFallback(53)) - raft.server.rpc.first-election.timeout.max = 5200ms (fallback to raft.server.rpc.timeout.max)
2023-08-23 22:09:19,074 [om1-impl-thread1] INFO  util.JmxRegister (JmxRegister.java:tryRegister(44)) - Successfully registered JMX Bean with object name Ratis:service=RaftServer,group=group-C5BA1605619E,id=om1
2023-08-23 22:09:19,076 [om1-impl-thread1] INFO  server.RaftServerConfigKeys (ConfUtils.java:logGet(46)) - raft.server.snapshot.auto.trigger.enabled = true (custom)
2023-08-23 22:09:19,076 [om1-impl-thread1] INFO  server.RaftServerConfigKeys (ConfUtils.java:logGet(46)) - raft.server.snapshot.auto.trigger.threshold = 400000 (default)
2023-08-23 22:09:19,077 [om1-impl-thread1] INFO  server.RaftServerConfigKeys (ConfUtils.java:logGet(46)) - raft.server.snapshot.retention.file.num = -1 (default)
2023-08-23 22:09:19,077 [om1-impl-thread1] INFO  server.RaftServerConfigKeys (ConfUtils.java:logGet(46)) - raft.server.log.purge.upto.snapshot.index = true (custom)
2023-08-23 22:09:19,079 [Time-limited test] INFO  server.RaftServer (RaftServerProxy.java:startImpl(400)) - om1: start RPC server
2023-08-23 22:09:19,081 [Time-limited test] INFO  server.GrpcService (GrpcService.java:startImpl(302)) - om1: GrpcService started, listening on 9872
2023-08-23 22:09:19,081 [JvmPauseMonitor2] INFO  util.JvmPauseMonitor (OzoneManager.java:startSecretManager(1103)) - Starting OM delegation token secret manager
JvmPauseMonitor.java:run(103)) - JvmPauseMonitor-om1: Started
2023-08-23 22:09:19,081 [Time-limited test] INFO  om.OzoneManager (OzoneManager.java:startSecretManager(1103)) - Starting OM delegation token secret manager
2023-08-23 22:09:19,081 [Time-limited test] INFO  security.OzoneDelegationTokenSecretManager (OzoneSecretManager.java:updateCurrentKey(175)) - Updating current master key for generating tokens. Cert id 1430126532675
2023-08-23 22:09:19,083 [Thread[Thread-711,5,FailOnTimeoutGroup]] INFO  security.OzoneDelegationTokenSecretManager (OzoneDelegationTokenSecretManager.java:run(636)) - Starting expired delegation token remover thread, tokenRemoverScanInterval=60 min(s)
2023-08-23 22:09:19,083 [Time-limited test] INFO  om.OzoneManager (OzoneManager.java:start(1629)) - Version File has different layout version (6) than OM DB (null). That is expected if this OM has never been finalized to a newer layout version.
2023-08-23 22:09:19,100 [Time-limited test] INFO  http.BaseHttpServer (BaseHttpServer.java:newHttpServer2BuilderForOzone(224)) - Starting Web-server for ozoneManager at: http://0.0.0.0:9874
2023-08-23 22:09:19,100 [Time-limited test] INFO  http.BaseHttpServer (BaseHttpServer.java:<init>(111)) - Hadoop Security Enabled: true Ozone Security Enabled: true Ozone HTTP Security Enabled: false 
2023-08-23 22:09:19,102 [Time-limited test] WARN  server.AuthenticationFilter (AuthenticationFilter.java:constructSecretProvider(240)) - Unable to initialize FileSignerSecretProvider, falling back to use random secrets. Reason: Could not read signature secret file: /home/runner/hadoop-http-auth-signature-secret
2023-08-23 22:09:19,103 [Time-limited test] INFO  http.HttpRequestLog (HttpRequestLog.java:getRequestLog(86)) - Http request log for http.requests.ozoneManager is not defined
2023-08-23 22:09:19,109 [Time-limited test] INFO  http.HttpServer2 (HttpServer2.java:addGlobalFilter(1031)) - Added global filter 'safety' (class=org.apache.hadoop.hdds.server.http.HttpServer2$QuotingInputFilter)
2023-08-23 22:09:19,110 [Time-limited test] INFO  http.HttpServer2 (HttpServer2.java:addFilter(1007)) - Added filter static_user_filter (class=org.apache.hadoop.http.lib.StaticUserWebFilter$StaticUserFilter) to context ozoneManager
2023-08-23 22:09:19,110 [Time-limited test] INFO  http.HttpServer2 (HttpServer2.java:addFilter(1015)) - Added filter static_user_filter (class=org.apache.hadoop.http.lib.StaticUserWebFilter$StaticUserFilter) to context logs
2023-08-23 22:09:19,110 [Time-limited test] INFO  http.HttpServer2 (HttpServer2.java:addFilter(1015)) - Added filter static_user_filter (class=org.apache.hadoop.http.lib.StaticUserWebFilter$StaticUserFilter) to context static
2023-08-23 22:09:19,111 [Time-limited test] INFO  http.BaseHttpServer (BaseHttpServer.java:<init>(190)) - HTTP server of ozoneManager uses base directory /tmp/junit5812015578665220773/junit2423196988858514555/om-meta/webserver
2023-08-23 22:09:19,113 [Time-limited test] INFO  http.HttpServer2 (HttpServer2.java:bindListener(1250)) - Jetty bound to port 9874
2023-08-23 22:09:19,113 [Time-limited test] INFO  server.Server (Server.java:doStart(375)) - jetty-9.4.51.v20230217; built: 2023-02-17T08:19:37.309Z; git: b45c405e4544384de066f814ed42ae3dceacdd49; jvm 1.8.0_382-b05
2023-08-23 22:09:19,114 [Time-limited test] INFO  server.session (DefaultSessionIdManager.java:doStart(334)) - DefaultSessionIdManager workerName=node0
2023-08-23 22:09:19,114 [Time-limited test] INFO  server.session (DefaultSessionIdManager.java:doStart(339)) - No SessionScavenger set, using defaults
2023-08-23 22:09:19,114 [Time-limited test] INFO  server.session (HouseKeeper.java:startScavenging(132)) - node0 Scavenging every 660000ms
2023-08-23 22:09:19,115 [Time-limited test] INFO  handler.ContextHandler (ContextHandler.java:doStart(921)) - Started o.e.j.s.ServletContextHandler@7cf5e944{logs,/logs,file:///home/runner/work/ozone/ozone/hadoop-ozone/integration-test/target/log,AVAILABLE}
2023-08-23 22:09:19,115 [Time-limited test] INFO  handler.ContextHandler (ContextHandler.java:doStart(921)) - Started o.e.j.s.ServletContextHandler@677b883{static,/static,file:///home/runner/work/ozone/ozone/hadoop-ozone/integration-test/target/test-classes/webapps/static,AVAILABLE}
2023-08-23 22:09:19,118 [Time-limited test] INFO  handler.ContextHandler (ContextHandler.java:doStart(921)) - Started o.e.j.w.WebAppContext@3a49483a{ozoneManager,/,file:///home/runner/work/ozone/ozone/hadoop-ozone/integration-test/target/test-classes/webapps/ozoneManager/,AVAILABLE}{file:/home/runner/work/ozone/ozone/hadoop-ozone/integration-test/target/test-classes/webapps/ozoneManager}
2023-08-23 22:09:19,124 [Time-limited test] INFO  server.AbstractConnector (AbstractConnector.java:doStart(333)) - Started ServerConnector@1f419510{HTTP/1.1, (http/1.1)}{0.0.0.0:9874}
2023-08-23 22:09:19,124 [Time-limited test] INFO  server.Server (Server.java:doStart(415)) - Started @23699ms
2023-08-23 22:09:19,124 [Time-limited test] WARN  impl.MetricsSystemImpl (MetricsSystemImpl.java:register(279)) - Sink prometheus already exists!
2023-08-23 22:09:19,125 [Time-limited test] INFO  http.BaseHttpServer (BaseHttpServer.java:updateConnectorAddress(344)) - HTTP server of ozoneManager listening at http://0.0.0.0:9874
2023-08-23 22:09:19,125 [IPC Server Responder] INFO  ipc.Server (Server.java:run(1562)) - IPC Server Responder: starting
2023-08-23 22:09:19,125 [IPC Server listener on 1202] INFO  ipc.Server (Server.java:run(1402)) - IPC Server listener on 1202: starting
2023-08-23 22:09:19,132 [Time-limited test] INFO  om.OzoneManager (OzoneManager.java:startTrashEmptier(2081)) - Trash Interval set to 0. Files deleted won't move to trash
2023-08-23 22:09:19,192 [pool-139-thread-2] INFO  request.TgsRequest (TgsRequest.java:issueTicket(115)) - TGS_REQ ISSUE: authtime 1692828559191,om/fv-az621-511.fpnbra3ad0zu1hpqauu4rsdf4e.cx.internal.cloudapp.net for om/fv-az621-511.fpnbra3ad0zu1hpqauu4rsdf4e.cx.internal.cloudapp.net@EXAMPLE.COM
2023-08-23 22:09:19,202 [Socket Reader #1 for port 1202] INFO  ipc.Server (Server.java:saslProcess(2139)) - Auth successful for om/fv-az621-511.fpnbra3ad0zu1hpqauu4rsdf4e.cx.internal.cloudapp.net@EXAMPLE.COM (auth:KERBEROS) from fv-az621-511.fpnbra3ad0zu1hpqauu4rsdf4e.cx.internal.cloudapp.net:38939 / 10.1.0.14:38939
2023-08-23 22:09:21,275 [Time-limited test] INFO  retry.RetryInvocationHandler (RetryInvocationHandler.java:log(422)) - com.google.protobuf.ServiceException: org.apache.hadoop.ipc.RemoteException(org.apache.hadoop.ozone.om.exceptions.OMNotLeaderException): OM:om1 is not the leader. Could not determine the leader node.
	at org.apache.hadoop.ozone.om.OzoneManager.checkLeaderStatus(OzoneManager.java:3996)
	at org.apache.hadoop.ozone.om.ratis.utils.OzoneManagerRatisUtils.checkLeaderStatus(OzoneManagerRatisUtils.java:473)
	at org.apache.hadoop.ozone.protocolPB.OzoneManagerProtocolServerSideTranslatorPB.processRequest(OzoneManagerProtocolServerSideTranslatorPB.java:185)
	at org.apache.hadoop.hdds.server.OzoneProtocolMessageDispatcher.processRequest(OzoneProtocolMessageDispatcher.java:87)
	at org.apache.hadoop.ozone.protocolPB.OzoneManagerProtocolServerSideTranslatorPB.submitRequest(OzoneManagerProtocolServerSideTranslatorPB.java:148)
	at org.apache.hadoop.ozone.protocol.proto.OzoneManagerProtocolProtos$OzoneManagerService$2.callBlockingMethod(OzoneManagerProtocolProtos.java)
	at org.apache.hadoop.ipc.ProtobufRpcEngine$Server.processCall(ProtobufRpcEngine.java:484)
	at org.apache.hadoop.ipc.ProtobufRpcEngine2$Server$ProtoBufRpcInvoker.call(ProtobufRpcEngine2.java:595)
	at org.apache.hadoop.ipc.ProtobufRpcEngine2$Server$ProtoBufRpcInvoker.call(ProtobufRpcEngine2.java:573)
	at org.apache.hadoop.ipc.RPC$Server.call(RPC.java:1227)
	at org.apache.hadoop.ipc.Server$RpcCall.run(Server.java:1094)
	at org.apache.hadoop.ipc.Server$RpcCall.run(Server.java:1017)
	at java.security.AccessController.doPrivileged(Native Method)
	at javax.security.auth.Subject.doAs(Subject.java:422)
	at org.apache.hadoop.security.UserGroupInformation.doAs(UserGroupInformation.java:1899)
	at org.apache.hadoop.ipc.Server$Handler.run(Server.java:3048)
, while invoking $Proxy53.submitRequest over nodeId=null,nodeAddress=fv-az621-511.fpnbra3ad0zu1hpqauu4rsdf4e.cx.internal.cloudapp.net:1202 after 1 failover attempts. Trying to failover after sleeping for 4000ms. Current retry count: 1.
2023-08-23 22:09:24,252 [om1@group-C5BA1605619E-FollowerState] INFO  impl.FollowerState (FollowerState.java:run(143)) - om1@group-C5BA1605619E-FollowerState: change to CANDIDATE, lastRpcElapsedTime:5180064064ns, electionTimeout:5178ms
2023-08-23 22:09:24,253 [om1@group-C5BA1605619E-FollowerState] INFO  impl.RoleInfo (RoleInfo.java:shutdownFollowerState(110)) - om1: shutdown om1@group-C5BA1605619E-FollowerState
2023-08-23 22:09:24,254 [om1@group-C5BA1605619E-FollowerState] INFO  server.RaftServer$Division (RaftServerImpl.java:setRole(329)) - om1@group-C5BA1605619E: changes role from  FOLLOWER to CANDIDATE at term 0 for changeToCandidate
2023-08-23 22:09:24,256 [om1@group-C5BA1605619E-FollowerState] INFO  server.RaftServerConfigKeys (ConfUtils.java:logGet(46)) - raft.server.leaderelection.pre-vote = true (default)
2023-08-23 22:09:24,256 [om1@group-C5BA1605619E-FollowerState] INFO  impl.RoleInfo (RoleInfo.java:updateAndGet(139)) - om1: start om1@group-C5BA1605619E-LeaderElection1
2023-08-23 22:09:24,259 [om1@group-C5BA1605619E-LeaderElection1] INFO  impl.LeaderElection (LeaderElection.java:askForVotes(321)) - om1@group-C5BA1605619E-LeaderElection1 PRE_VOTE round 0: submit vote requests at term 0 for -1: peers:[om1|rpc:fv-az621-511.fpnbra3ad0zu1hpqauu4rsdf4e.cx.internal.cloudapp.net:9872|priority:0|startupRole:FOLLOWER]|listeners:[], old=null
2023-08-23 22:09:24,260 [om1@group-C5BA1605619E-LeaderElection1] INFO  impl.LeaderElection (LeaderElection.java:askForVotes(323)) - om1@group-C5BA1605619E-LeaderElection1 PRE_VOTE round 0: result PASSED (term=0)
2023-08-23 22:09:24,261 [om1@group-C5BA1605619E-LeaderElection1] INFO  impl.LeaderElection (LeaderElection.java:askForVotes(321)) - om1@group-C5BA1605619E-LeaderElection1 ELECTION round 0: submit vote requests at term 1 for -1: peers:[om1|rpc:fv-az621-511.fpnbra3ad0zu1hpqauu4rsdf4e.cx.internal.cloudapp.net:9872|priority:0|startupRole:FOLLOWER]|listeners:[], old=null
2023-08-23 22:09:24,261 [om1@group-C5BA1605619E-LeaderElection1] INFO  impl.LeaderElection (LeaderElection.java:askForVotes(323)) - om1@group-C5BA1605619E-LeaderElection1 ELECTION round 0: result PASSED (term=1)
2023-08-23 22:09:24,262 [om1@group-C5BA1605619E-LeaderElection1] INFO  impl.RoleInfo (RoleInfo.java:shutdownLeaderElection(130)) - om1: shutdown om1@group-C5BA1605619E-LeaderElection1
2023-08-23 22:09:24,262 [om1@group-C5BA1605619E-LeaderElection1] INFO  server.RaftServer$Division (RaftServerImpl.java:setRole(329)) - om1@group-C5BA1605619E: changes role from CANDIDATE to LEADER at term 1 for changeToLeader
2023-08-23 22:09:24,263 [om1@group-C5BA1605619E-LeaderElection1] INFO  server.RaftServer$Division (ServerState.java:setLeader(317)) - om1@group-C5BA1605619E: change Leader from null to om1 at term 1 for becomeLeader, leader elected after 6451ms
2023-08-23 22:09:24,269 [om1@group-C5BA1605619E-LeaderElection1] INFO  server.RaftServerConfigKeys (ConfUtils.java:logGet(46)) - raft.server.staging.catchup.gap = 1000 (default)
2023-08-23 22:09:24,273 [om1@group-C5BA1605619E-LeaderElection1] INFO  server.RaftServerConfigKeys (ConfUtils.java:logGet(46)) - raft.server.write.element-limit = 4096 (default)
2023-08-23 22:09:24,273 [om1@group-C5BA1605619E-LeaderElection1] INFO  server.RaftServerConfigKeys (ConfUtils.java:logGet(46)) - raft.server.write.byte-limit = 64MB (=67108864) (default)
2023-08-23 22:09:24,277 [om1@group-C5BA1605619E-LeaderElection1] INFO  server.RaftServerConfigKeys (ConfUtils.java:logGet(46)) - raft.server.watch.timeout = 10s (default)
2023-08-23 22:09:24,277 [om1@group-C5BA1605619E-LeaderElection1] INFO  server.RaftServerConfigKeys (ConfUtils.java:logGet(46)) - raft.server.watch.timeout.denomination = 1s (default)
2023-08-23 22:09:24,278 [om1@group-C5BA1605619E-LeaderElection1] INFO  server.RaftServerConfigKeys (ConfUtils.java:logGet(46)) - raft.server.watch.element-limit = 65536 (default)
2023-08-23 22:09:24,282 [om1@group-C5BA1605619E-LeaderElection1] INFO  server.RaftServerConfigKeys (ConfUtils.java:logGet(46)) - raft.server.write.element-limit = 4096 (default)
2023-08-23 22:09:24,283 [om1@group-C5BA1605619E-LeaderElection1] INFO  server.RaftServerConfigKeys (ConfUtils.java:logGet(46)) - raft.server.write.follower.gap.ratio.max = -1.0 (default)
2023-08-23 22:09:24,284 [om1@group-C5BA1605619E-LeaderElection1] INFO  impl.RoleInfo (RoleInfo.java:updateAndGet(139)) - om1: start om1@group-C5BA1605619E-LeaderStateImpl
2023-08-23 22:09:24,299 [om1@group-C5BA1605619E-LeaderElection1] INFO  segmented.SegmentedRaftLogWorker (SegmentedRaftLogWorker.java:startLogSegment(447)) - om1@group-C5BA1605619E-SegmentedRaftLogWorker: Starting segment from index:0
2023-08-23 22:09:24,349 [om1@group-C5BA1605619E-LeaderElection1] INFO  server.RaftServer$Division (ServerState.java:setRaftConf(434)) - om1@group-C5BA1605619E: set configuration 0: peers:[om1|rpc:fv-az621-511.fpnbra3ad0zu1hpqauu4rsdf4e.cx.internal.cloudapp.net:9872|admin:|client:|dataStream:|priority:0|startupRole:FOLLOWER]|listeners:[], old=null
2023-08-23 22:09:24,407 [om1@group-C5BA1605619E-SegmentedRaftLogWorker] INFO  segmented.SegmentedRaftLogWorker (SegmentedRaftLogWorker.java:execute(651)) - om1@group-C5BA1605619E-SegmentedRaftLogWorker: created new log segment /tmp/junit5812015578665220773/junit2423196988858514555/om-meta/ratis/bf265839-605b-3f16-9796-c5ba1605619e/current/log_inprogress_0
2023-08-23 22:09:24,503 [om1@group-C5BA1605619E-StateMachineUpdater] INFO  ratis.OzoneManagerStateMachine (OzoneManagerStateMachine.java:notifyConfigurationChanged(202)) - Received Configuration change notification from Ratis. New Peer list:
[id: "om1"
address: "fv-az621-511.fpnbra3ad0zu1hpqauu4rsdf4e.cx.internal.cloudapp.net:9872"
startupRole: FOLLOWER
]
2023-08-23 22:09:25,377 [OM StateMachine ApplyTransaction Thread - 0] INFO  security.S3RevokeSecretRequest (S3RevokeSecretRequest.java:validateAndUpdateCache(127)) - Secret for om/fv-az621-511.fpnbra3ad0zu1hpqauu4rsdf4e.cx.internal.cloudapp.net@EXAMPLE.COM is revoked.
2023-08-23 22:09:25,402 [OM StateMachine ApplyTransaction Thread - 0] INFO  security.S3RevokeSecretRequest (S3RevokeSecretRequest.java:validateAndUpdateCache(127)) - Secret for om/fv-az621-511.fpnbra3ad0zu1hpqauu4rsdf4e.cx.internal.cloudapp.net@EXAMPLE.COM is revoked.
2023-08-23 22:09:25,410 [OM StateMachine ApplyTransaction Thread - 0] INFO  security.S3RevokeSecretRequest (S3RevokeSecretRequest.java:validateAndUpdateCache(127)) - Secret for HADOOP/ALICE is revoked.
2023-08-23 22:09:25,413 [pool-139-thread-2] INFO  request.KdcRequest (KdcRequest.java:preauth(651)) - The preauth data is empty.
2023-08-23 22:09:25,413 [pool-139-thread-2] INFO  server.KdcHandler (KdcHandler.java:handleRecoverableException(177)) - KRB error occurred while processing request:Additional pre-authentication required
2023-08-23 22:09:25,416 [pool-139-thread-2] INFO  request.AsRequest (AsRequest.java:issueTicket(112)) - AS_REQ ISSUE: authtime 1692828565415,test@EXAMPLE.COM for krbtgt/EXAMPLE.COM@EXAMPLE.COM
2023-08-23 22:09:25,425 [pool-139-thread-2] INFO  request.TgsRequest (TgsRequest.java:issueTicket(115)) - TGS_REQ ISSUE: authtime 1692828565425,test for om/fv-az621-511.fpnbra3ad0zu1hpqauu4rsdf4e.cx.internal.cloudapp.net@EXAMPLE.COM
2023-08-23 22:09:25,437 [Socket Reader #1 for port 1202] INFO  ipc.Server (Server.java:saslProcess(2139)) - Auth successful for test@EXAMPLE.COM (auth:KERBEROS) from fv-az621-511.fpnbra3ad0zu1hpqauu4rsdf4e.cx.internal.cloudapp.net:34798 / 10.1.0.14:34798
2023-08-23 22:09:25,459 [Time-limited test] INFO  om.OzoneManager (OzoneManager.java:stop(2187)) - om1[fv-az621-511.fpnbra3ad0zu1hpqauu4rsdf4e.cx.internal.cloudapp.net:1202]: Stopping Ozone Manager
2023-08-23 22:09:25,460 [Time-limited test] INFO  ipc.Server (Server.java:stop(3523)) - Stopping server on 1202
2023-08-23 22:09:25,464 [IPC Server Responder] INFO  ipc.Server (Server.java:run(1567)) - Stopping IPC Server Responder
2023-08-23 22:09:25,464 [IPC Server listener on 1202] INFO  ipc.Server (Server.java:run(1434)) - Stopping IPC Server listener on 1202
2023-08-23 22:09:25,469 [Time-limited test] INFO  server.RaftServer (RaftServerProxy.java:lambda$close$6(416)) - om1: close
2023-08-23 22:09:25,469 [Time-limited test] INFO  server.GrpcService (GrpcService.java:closeImpl(311)) - om1: shutdown server GrpcServerProtocolService now
2023-08-23 22:09:25,469 [om1-impl-thread1] INFO  server.RaftServer$Division (RaftServerImpl.java:lambda$close$4(466)) - om1@group-C5BA1605619E: shutdown
2023-08-23 22:09:25,469 [om1-impl-thread1] INFO  util.JmxRegister (JmxRegister.java:unregister(73)) - Successfully un-registered JMX Bean with object name Ratis:service=RaftServer,group=group-C5BA1605619E,id=om1
2023-08-23 22:09:25,470 [om1-impl-thread1] INFO  impl.RoleInfo (RoleInfo.java:shutdownLeaderState(93)) - om1: shutdown om1@group-C5BA1605619E-LeaderStateImpl
2023-08-23 22:09:25,470 [om1-impl-thread1] INFO  impl.PendingRequests (PendingRequests.java:sendNotLeaderResponses(289)) - om1@group-C5BA1605619E-PendingRequests: sendNotLeaderResponses
2023-08-23 22:09:25,475 [om1-impl-thread1] INFO  impl.StateMachineUpdater (StateMachineUpdater.java:stopAndJoin(155)) - om1@group-C5BA1605619E-StateMachineUpdater: set stopIndex = 18
2023-08-23 22:09:25,475 [om1@group-C5BA1605619E-StateMachineUpdater] INFO  ratis.OzoneManagerStateMachine (OzoneManagerStateMachine.java:takeSnapshot(480)) - Current Snapshot Index (t:1, i:18)
2023-08-23 22:09:25,476 [Time-limited test] INFO  server.GrpcService (GrpcService.java:closeImpl(320)) - om1: shutdown server GrpcServerProtocolService successfully
2023-08-23 22:09:25,490 [om1@group-C5BA1605619E-StateMachineUpdater] INFO  impl.StateMachineUpdater (StateMachineUpdater.java:takeSnapshot(291)) - om1@group-C5BA1605619E-StateMachineUpdater: Took a snapshot at index 18
2023-08-23 22:09:25,490 [om1@group-C5BA1605619E-StateMachineUpdater] INFO  impl.StateMachineUpdater (StateMachineUpdater.java:lambda$new$0(97)) - om1@group-C5BA1605619E-StateMachineUpdater: snapshotIndex: updateIncreasingly -1 -> 18
2023-08-23 22:09:25,490 [om1@group-C5BA1605619E-StateMachineUpdater] INFO  ratis.OzoneManagerStateMachine (OzoneManagerStateMachine.java:close(534)) - StateMachine has shutdown. Shutdown OzoneManager if not already shutdown.
2023-08-23 22:09:25,490 [om1@group-C5BA1605619E-StateMachineUpdater] INFO  ratis.OzoneManagerDoubleBuffer (OzoneManagerDoubleBuffer.java:stopDaemon(551)) - Stopping OMDoubleBuffer flush thread
2023-08-23 22:09:25,490 [OMDoubleBufferFlushThread] INFO  ratis.OzoneManagerDoubleBuffer (OzoneManagerDoubleBuffer.java:canFlush(638)) - OMDoubleBuffer flush thread OMDoubleBufferFlushThread is interrupted and will exit.
2023-08-23 22:09:25,491 [om1-impl-thread1] INFO  server.RaftServer$Division (ServerState.java:close(472)) - om1@group-C5BA1605619E: closes. applyIndex: 18
2023-08-23 22:09:26,411 [om1-impl-thread1] INFO  segmented.SegmentedRaftLogWorker (SegmentedRaftLogWorker.java:close(252)) - om1@group-C5BA1605619E-SegmentedRaftLogWorker close()
2023-08-23 22:09:26,412 [JvmPauseMonitor2] INFO  util.JvmPauseMonitor (JvmPauseMonitor.java:run(109)) - JvmPauseMonitor-om1: Stopped
2023-08-23 22:09:26,412 [Time-limited test] INFO  ratis.OzoneManagerStateMachine (OzoneManagerStateMachine.java:close(534)) - StateMachine has shutdown. Shutdown OzoneManager if not already shutdown.
2023-08-23 22:09:26,412 [Time-limited test] INFO  ratis.OzoneManagerDoubleBuffer (OzoneManagerDoubleBuffer.java:stopDaemon(560)) - OMDoubleBuffer flush thread is not running.
2023-08-23 22:09:26,412 [Time-limited test] INFO  utils.BackgroundService (BackgroundService.java:shutdown(141)) - Shutting down service KeyDeletingService
2023-08-23 22:09:26,412 [Time-limited test] INFO  utils.BackgroundService (BackgroundService.java:shutdown(141)) - Shutting down service KeyDeletingService
2023-08-23 22:09:26,413 [Time-limited test] INFO  utils.BackgroundService (BackgroundService.java:shutdown(141)) - Shutting down service OpenKeyCleanupService
2023-08-23 22:09:26,413 [Time-limited test] INFO  utils.BackgroundService (BackgroundService.java:shutdown(141)) - Shutting down service SstFilteringService
2023-08-23 22:09:26,413 [Time-limited test] INFO  utils.BackgroundService (BackgroundService.java:shutdown(141)) - Shutting down service SnapshotDeletingService
2023-08-23 22:09:26,413 [Time-limited test] INFO  om.OzoneManager (OzoneManager.java:stopSecretManager(1063)) - Stopping secret key client.
2023-08-23 22:09:26,413 [Time-limited test] INFO  om.OzoneManager (OzoneManager.java:stopSecretManager(1068)) - Stopping OM delegation token secret manager.
2023-08-23 22:09:26,413 [Thread[Thread-711,5,FailOnTimeoutGroup]] INFO  security.OzoneDelegationTokenSecretManager (OzoneDelegationTokenSecretManager.java:run(653)) - ExpiredTokenRemover was interrupted.
java.lang.InterruptedException: sleep interrupted
	at java.lang.Thread.sleep(Native Method)
	at org.apache.hadoop.ozone.security.OzoneDelegationTokenSecretManager$ExpiredTokenRemover.run(OzoneDelegationTokenSecretManager.java:649)
	at java.lang.Thread.run(Thread.java:750)
2023-08-23 22:09:26,414 [Time-limited test] INFO  handler.ContextHandler (ContextHandler.java:doStop(1159)) - Stopped o.e.j.w.WebAppContext@3a49483a{ozoneManager,/,null,STOPPED}{file:/home/runner/work/ozone/ozone/hadoop-ozone/integration-test/target/test-classes/webapps/ozoneManager}
2023-08-23 22:09:26,415 [Time-limited test] INFO  server.AbstractConnector (AbstractConnector.java:doStop(383)) - Stopped ServerConnector@1f419510{HTTP/1.1, (http/1.1)}{0.0.0.0:9874}
2023-08-23 22:09:26,415 [Time-limited test] INFO  server.session (HouseKeeper.java:stopScavenging(149)) - node0 Stopped scavenging
2023-08-23 22:09:26,415 [Time-limited test] INFO  handler.ContextHandler (ContextHandler.java:doStop(1159)) - Stopped o.e.j.s.ServletContextHandler@677b883{static,/static,file:///home/runner/work/ozone/ozone/hadoop-ozone/integration-test/target/test-classes/webapps/static,STOPPED}
2023-08-23 22:09:26,415 [Time-limited test] INFO  handler.ContextHandler (ContextHandler.java:doStop(1159)) - Stopped o.e.j.s.ServletContextHandler@7cf5e944{logs,/logs,file:///home/runner/work/ozone/ozone/hadoop-ozone/integration-test/target/log,STOPPED}
2023-08-23 22:09:26,416 [Time-limited test] INFO  rocksdiff.RocksDBCheckpointDiffer (RocksDBCheckpointDiffer.java:close(340)) - Shutting down CompactionDagPruningService.
2023-08-23 22:09:26,417 [Time-limited test] INFO  snapshot.SnapshotDiffManager (SnapshotDiffManager.java:closeExecutorService(1720)) - Shutting down executorService: 'SnapDiffExecutor'
2023-08-23 22:09:26,417 [Time-limited test] INFO  snapshot.SnapshotDiffManager (SnapshotDiffManager.java:closeExecutorService(1720)) - Shutting down executorService: 'SstDumpToolExecutor'
2023-08-23 22:09:26,417 [Time-limited test] INFO  utils.BackgroundService (BackgroundService.java:shutdown(141)) - Shutting down service SnapshotDiffCleanupService
2023-08-23 22:09:26,419 [Time-limited test] INFO  impl.DefaultInternalKdcServerImpl (DefaultInternalKdcServerImpl.java:doStop(102)) - Default Internal kdc server stopped.
2023-08-23 22:09:27,419 [Time-limited test] INFO  minikdc.MiniKdc (MiniKdc.java:stop(359)) - MiniKdc stopped.
2023-08-23 22:09:27,419 [Time-limited test] INFO  om.OzoneManager (OzoneManager.java:stop(2187)) - om1[fv-az621-511.fpnbra3ad0zu1hpqauu4rsdf4e.cx.internal.cloudapp.net:1202]: Stopping Ozone Manager
]]></system-out>
  </testcase>
  <testcase name="testCertificateRotationUnRecoverableFailure" classname="org.apache.hadoop.ozone.TestSecureOzoneCluster" time="0">
    <skipped message="Run it locally since it will terminate the process."/>
  </testcase>
  <testcase name="testOMGrpcServerCertificateRenew" classname="org.apache.hadoop.ozone.TestSecureOzoneCluster" time="0">
    <skipped message="HDDS-8764"/>
  </testcase>
  <testcase name="testCertificateRotation" classname="org.apache.hadoop.ozone.TestSecureOzoneCluster" time="25.225">
    <system-out><![CDATA[2023-08-23 22:09:27,440 [Time-limited test] INFO  net.ServerSocketUtil (ServerSocketUtil.java:getPort(55)) - Using port 9860
2023-08-23 22:09:27,440 [Time-limited test] INFO  net.ServerSocketUtil (ServerSocketUtil.java:getPort(55)) - Using port 9861
2023-08-23 22:09:27,440 [Time-limited test] INFO  net.ServerSocketUtil (ServerSocketUtil.java:getPort(55)) - Using port 9863
2023-08-23 22:09:27,440 [Time-limited test] INFO  net.ServerSocketUtil (ServerSocketUtil.java:getPort(55)) - Using port 9961
2023-08-23 22:09:27,440 [Time-limited test] INFO  net.ServerSocketUtil (ServerSocketUtil.java:getPort(55)) - Using port 1200
2023-08-23 22:09:27,441 [Time-limited test] INFO  net.ServerSocketUtil (ServerSocketUtil.java:getPort(55)) - Using port 1201
2023-08-23 22:09:27,441 [Time-limited test] INFO  minikdc.MiniKdc (MiniKdc.java:<init>(225)) - Configuration:
2023-08-23 22:09:27,441 [Time-limited test] INFO  minikdc.MiniKdc (MiniKdc.java:<init>(226)) - ---------------------------------------------------------------
2023-08-23 22:09:27,441 [Time-limited test] INFO  minikdc.MiniKdc (MiniKdc.java:<init>(228)) -   debug: false
2023-08-23 22:09:27,441 [Time-limited test] INFO  minikdc.MiniKdc (MiniKdc.java:<init>(228)) -   transport: TCP
2023-08-23 22:09:27,441 [Time-limited test] INFO  minikdc.MiniKdc (MiniKdc.java:<init>(228)) -   max.ticket.lifetime: 86400000
2023-08-23 22:09:27,441 [Time-limited test] INFO  minikdc.MiniKdc (MiniKdc.java:<init>(228)) -   org.name: EXAMPLE
2023-08-23 22:09:27,441 [Time-limited test] INFO  minikdc.MiniKdc (MiniKdc.java:<init>(228)) -   kdc.port: 0
2023-08-23 22:09:27,441 [Time-limited test] INFO  minikdc.MiniKdc (MiniKdc.java:<init>(228)) -   org.domain: COM
2023-08-23 22:09:27,441 [Time-limited test] INFO  minikdc.MiniKdc (MiniKdc.java:<init>(228)) -   max.renewable.lifetime: 604800000
2023-08-23 22:09:27,441 [Time-limited test] INFO  minikdc.MiniKdc (MiniKdc.java:<init>(228)) -   instance: DefaultKrbServer
2023-08-23 22:09:27,441 [Time-limited test] INFO  minikdc.MiniKdc (MiniKdc.java:<init>(228)) -   kdc.bind.address: localhost
2023-08-23 22:09:27,441 [Time-limited test] INFO  minikdc.MiniKdc (MiniKdc.java:<init>(230)) - ---------------------------------------------------------------
2023-08-23 22:09:27,443 [Time-limited test] INFO  minikdc.MiniKdc (MiniKdc.java:start(285)) - MiniKdc started.
2023-08-23 22:09:27,712 [Time-limited test] INFO  om.OzoneManager (OzoneManager.java:getOmDetailsProto(4552)) - OzoneManager ports added:[name: "RPC"
value: 1202
]
2023-08-23 22:09:27,713 [Time-limited test] WARN  server.ServerUtils (ServerUtils.java:getDBPath(311)) - ozone.om.db.dirs is not configured. We recommend adding this setting. Falling back to ozone.metadata.dirs instead.
2023-08-23 22:09:27,718 [Time-limited test] INFO  utils.SelfSignedCertificate (SelfSignedCertificate.java:generateCertificate(157)) - Certificate 1438884 is issued by CN=localhost,OU=test,O=cluster to CN=localhost,OU=test,O=cluster, valid from Wed Aug 23 22:09:27 UTC 2023 to Wed Aug 23 22:09:47 UTC 2023
2023-08-23 22:09:27,720 [Time-limited test] INFO  utils.CertificateCodec (CertificateCodec.java:writeCertificate(299)) - Save certificate to /tmp/junit1138746004468795340/junit5045510161181768359/om-meta/om/certs/certificate.crt
2023-08-23 22:09:27,720 [Time-limited test] INFO  utils.CertificateCodec (CertificateCodec.java:writeCertificate(300)) - Certificate -----BEGIN CERTIFICATE-----
MIIC5TCCAc2gAwIBAgIDFfSkMA0GCSqGSIb3DQEBCwUAMDUxEjAQBgNVBAMMCWxv
Y2FsaG9zdDENMAsGA1UECwwEdGVzdDEQMA4GA1UECgwHY2x1c3RlcjAeFw0yMzA4
MjMyMjA5MjdaFw0yMzA4MjMyMjA5NDdaMDUxEjAQBgNVBAMMCWxvY2FsaG9zdDEN
MAsGA1UECwwEdGVzdDEQMA4GA1UECgwHY2x1c3RlcjCCASIwDQYJKoZIhvcNAQEB
BQADggEPADCCAQoCggEBAKQR1oCHFrrpjO95H/4b9/ExfgjWNOy6HTScw+Of3tXH
1ONJFlBJ5oxSh891sJyChFxf81djY/83NhYgqKeTJVuMG3NJYa+GekSYtGqRklbb
d4tTNd2pRIQ5qhllUa7ZEmAqik1lE8946UBcDXxQ5BGVMHl297ihdRpzwcqMFmAv
mC0X6uEj0k/Hpvp9rgSmZxwuTMApnHVKe1RlHK/UWv4HMTIMPK8ENR8BwcfQLkWz
4uD+5ysNcNFv6CxYGXwAhkehSBzP+/mzXbrTM+tMXDUk+O4hsfTZuhxD7ED9Cuf7
4DoMitXQXjXLzlyxZ4sPyI+9sOr+B5SthDsmkFGjIRECAwEAATANBgkqhkiG9w0B
AQsFAAOCAQEABmQbxRMKxuxNiXo0Yohb8hdTKzV6MMrG9h/e7+kuU+FFelW07pnQ
u+fVCfLK2t+KwlUnrKlsj1nSYtKw/RGVoewWTMS3xA35TmeHLJeLm+22vLuWsv0X
RzCR9KPZHcbewtJ0bahtvu2P3qBcaLQQs+YLs/uaA7qqLzpKSiV0wKh1Fk9nKlpb
UtUe2ssbsiFDZpL6lHFl8CF2hI+OMQaXH9yJXzrIPJnCyur31HSu+bJyGTd4oR3W
1IjjjS12Fce3pv0ij+umJqsjoQ3RUFirMrLifz4VuFzpkfp6mWm7BP7eGgeUyaPz
kmI838/5wvoIqFtU/iAP7pl6nDwnkIRmfQ==
-----END CERTIFICATE-----

2023-08-23 22:09:27,720 [Time-limited test] INFO  utils.CertificateCodec (CertificateCodec.java:writeCertificate(299)) - Save certificate to /tmp/junit1138746004468795340/junit5045510161181768359/om-meta/om/certs/ROOTCA-1438884.crt
2023-08-23 22:09:27,721 [Time-limited test] INFO  utils.CertificateCodec (CertificateCodec.java:writeCertificate(300)) - Certificate -----BEGIN CERTIFICATE-----
MIIC5TCCAc2gAwIBAgIDFfSkMA0GCSqGSIb3DQEBCwUAMDUxEjAQBgNVBAMMCWxv
Y2FsaG9zdDENMAsGA1UECwwEdGVzdDEQMA4GA1UECgwHY2x1c3RlcjAeFw0yMzA4
MjMyMjA5MjdaFw0yMzA4MjMyMjA5NDdaMDUxEjAQBgNVBAMMCWxvY2FsaG9zdDEN
MAsGA1UECwwEdGVzdDEQMA4GA1UECgwHY2x1c3RlcjCCASIwDQYJKoZIhvcNAQEB
BQADggEPADCCAQoCggEBAKQR1oCHFrrpjO95H/4b9/ExfgjWNOy6HTScw+Of3tXH
1ONJFlBJ5oxSh891sJyChFxf81djY/83NhYgqKeTJVuMG3NJYa+GekSYtGqRklbb
d4tTNd2pRIQ5qhllUa7ZEmAqik1lE8946UBcDXxQ5BGVMHl297ihdRpzwcqMFmAv
mC0X6uEj0k/Hpvp9rgSmZxwuTMApnHVKe1RlHK/UWv4HMTIMPK8ENR8BwcfQLkWz
4uD+5ysNcNFv6CxYGXwAhkehSBzP+/mzXbrTM+tMXDUk+O4hsfTZuhxD7ED9Cuf7
4DoMitXQXjXLzlyxZ4sPyI+9sOr+B5SthDsmkFGjIRECAwEAATANBgkqhkiG9w0B
AQsFAAOCAQEABmQbxRMKxuxNiXo0Yohb8hdTKzV6MMrG9h/e7+kuU+FFelW07pnQ
u+fVCfLK2t+KwlUnrKlsj1nSYtKw/RGVoewWTMS3xA35TmeHLJeLm+22vLuWsv0X
RzCR9KPZHcbewtJ0bahtvu2P3qBcaLQQs+YLs/uaA7qqLzpKSiV0wKh1Fk9nKlpb
UtUe2ssbsiFDZpL6lHFl8CF2hI+OMQaXH9yJXzrIPJnCyur31HSu+bJyGTd4oR3W
1IjjjS12Fce3pv0ij+umJqsjoQ3RUFirMrLifz4VuFzpkfp6mWm7BP7eGgeUyaPz
kmI838/5wvoIqFtU/iAP7pl6nDwnkIRmfQ==
-----END CERTIFICATE-----

2023-08-23 22:09:27,781 [Time-limited test] INFO  utils.SelfSignedCertificate (SelfSignedCertificate.java:generateCertificate(157)) - Certificate 1438949 is issued by CN=localhost,OU=test,O=cluster to CN=localhost,OU=test,O=cluster, valid from Wed Aug 23 22:09:37 UTC 2023 to Wed Aug 23 22:09:57 UTC 2023
2023-08-23 22:09:28,909 [Time-limited test] INFO  security.OMCertificateClient (DefaultCertificateClient.java:updateCertSerialId(1244)) - Certificate serial ID set to 1438884
2023-08-23 22:09:28,918 [Time-limited test] INFO  security.OMCertificateClient (DefaultCertificateClient.java:readCertificateFile(237)) - Added certificate   [0]         Version: 3
         SerialNumber: 1438884
             IssuerDN: CN=localhost,OU=test,O=cluster
           Start Date: Wed Aug 23 22:09:27 UTC 2023
           Final Date: Wed Aug 23 22:09:47 UTC 2023
            SubjectDN: CN=localhost,OU=test,O=cluster
           Public Key: RSA Public Key [83:a1:72:2f:99:0e:6e:91:88:4d:29:f0:58:7c:4c:1e:71:de:7b:17],[56:66:d1:a4]
        modulus: a411d6808716bae98cef791ffe1bf7f1317e08d634ecba1d349cc3e39fded5c7d4e349165049e68c5287cf75b09c82845c5ff3576363ff37361620a8a793255b8c1b734961af867a4498b46a919256db778b5335dda9448439aa196551aed912602a8a4d6513cf78e9405c0d7c50e41195307976f7b8a1751a73c1ca8c16602f982d17eae123d24fc7a6fa7dae04a6671c2e4cc0299c754a7b54651cafd45afe0731320c3caf04351f01c1c7d02e45b3e2e0fee72b0d70d16fe82c58197c008647a1481ccffbf9b35dbad333eb4c5c3524f8ee21b1f4d9ba1c43ec40fd0ae7fbe03a0c8ad5d05e35cbce5cb1678b0fc88fbdb0eafe0794ad843b269051a32111
public exponent: 10001

  Signature Algorithm: SHA256WITHRSA
            Signature: 06641bc5130ac6ec4d897a3462885bf217532b35
                       7a30cac6f61fdeefe92e53e1457a55b4ee99d0bb
                       e7d509f2cadadf8ac25527aca96c8f59d262d2b0
                       fd1195a1ec164cc4b7c40df94e67872c978b9bed
                       b6bcbb96b2fd17473091f4a3d91dc6dec2d2746d
                       a86dbeed8fdea05c68b410b3e60bb3fb9a03baaa
                       2f3a4a4a2574c0a875164f672a5a5b52d51edacb
                       1bb221436692fa947165f02176848f8e3106971f
                       dc895f3ac83c99c2caeaf7d474aef9b272193778
                       a11dd6d488e38d2d7615c7b7a6fd228feba626ab
                       23a10dd15058ab32b2e27f3e15b85ce991fa7a99
                       69bb04fede1a0794c9a3f392623cdfcff9c2fa08
                       a85b54fe200fee997a9c3c279084667d
 from file: /tmp/junit1138746004468795340/junit5045510161181768359/om-meta/om/certs/ROOTCA-1438884.crt.
2023-08-23 22:09:28,929 [Time-limited test] INFO  security.OMCertificateClient (DefaultCertificateClient.java:readCertificateFile(237)) - Added certificate   [0]         Version: 3
         SerialNumber: 1438884
             IssuerDN: CN=localhost,OU=test,O=cluster
           Start Date: Wed Aug 23 22:09:27 UTC 2023
           Final Date: Wed Aug 23 22:09:47 UTC 2023
            SubjectDN: CN=localhost,OU=test,O=cluster
           Public Key: RSA Public Key [83:a1:72:2f:99:0e:6e:91:88:4d:29:f0:58:7c:4c:1e:71:de:7b:17],[56:66:d1:a4]
        modulus: a411d6808716bae98cef791ffe1bf7f1317e08d634ecba1d349cc3e39fded5c7d4e349165049e68c5287cf75b09c82845c5ff3576363ff37361620a8a793255b8c1b734961af867a4498b46a919256db778b5335dda9448439aa196551aed912602a8a4d6513cf78e9405c0d7c50e41195307976f7b8a1751a73c1ca8c16602f982d17eae123d24fc7a6fa7dae04a6671c2e4cc0299c754a7b54651cafd45afe0731320c3caf04351f01c1c7d02e45b3e2e0fee72b0d70d16fe82c58197c008647a1481ccffbf9b35dbad333eb4c5c3524f8ee21b1f4d9ba1c43ec40fd0ae7fbe03a0c8ad5d05e35cbce5cb1678b0fc88fbdb0eafe0794ad843b269051a32111
public exponent: 10001

  Signature Algorithm: SHA256WITHRSA
            Signature: 06641bc5130ac6ec4d897a3462885bf217532b35
                       7a30cac6f61fdeefe92e53e1457a55b4ee99d0bb
                       e7d509f2cadadf8ac25527aca96c8f59d262d2b0
                       fd1195a1ec164cc4b7c40df94e67872c978b9bed
                       b6bcbb96b2fd17473091f4a3d91dc6dec2d2746d
                       a86dbeed8fdea05c68b410b3e60bb3fb9a03baaa
                       2f3a4a4a2574c0a875164f672a5a5b52d51edacb
                       1bb221436692fa947165f02176848f8e3106971f
                       dc895f3ac83c99c2caeaf7d474aef9b272193778
                       a11dd6d488e38d2d7615c7b7a6fd228feba626ab
                       23a10dd15058ab32b2e27f3e15b85ce991fa7a99
                       69bb04fede1a0794c9a3f392623cdfcff9c2fa08
                       a85b54fe200fee997a9c3c279084667d
 from file: /tmp/junit1138746004468795340/junit5045510161181768359/om-meta/om/certs/certificate.crt.
2023-08-23 22:09:28,939 [Time-limited test] INFO  security.OMCertificateClient (DefaultCertificateClient.java:startCertificateRenewerService(1347)) - CertificateRenewerService for om is started with first delay 8070 ms and interval 3333 ms.
2023-08-23 22:09:28,940 [Time-limited test] INFO  security.OMCertificateClient (DefaultCertificateClient.java:init(715)) - Certificate client init case: 7
2023-08-23 22:09:28,940 [Time-limited test] INFO  security.OMCertificateClient (CommonCertificateClient.java:handleCase(110)) - Found certificate file along with KeyPair.
2023-08-23 22:09:29,056 [Time-limited test] INFO  security.OMCertificateClient (DefaultCertificateClient.java:validateKeyPairAndCertificate(794)) - Keypair validated.
2023-08-23 22:09:29,144 [Time-limited test] INFO  security.OMCertificateClient (DefaultCertificateClient.java:validateKeyPairAndCertificate(797)) - Keypair validated with certificate.
2023-08-23 22:09:29,144 [Time-limited test] INFO  ha.OMHANodeDetails (OMHANodeDetails.java:loadOMHAConfig(115)) - ozone.om.internal.service.id is not defined, falling back to ozone.om.service.ids to find serviceID for OzoneManager if it is HA enabled cluster
2023-08-23 22:09:29,146 [Time-limited test] INFO  ha.OMHANodeDetails (OMHANodeDetails.java:loadOMHAConfig(226)) - Configuration does not have ozone.om.address set. Falling back to the default OM address fv-az621-511.fpnbra3ad0zu1hpqauu4rsdf4e.cx.internal.cloudapp.net/10.1.0.14:1202
2023-08-23 22:09:29,146 [Time-limited test] INFO  ha.OMHANodeDetails (OMHANodeDetails.java:getOMNodeDetailsForNonHA(254)) - OM Service ID is not set. Setting it to the default ID: omServiceIdDefault
2023-08-23 22:09:29,146 [Time-limited test] INFO  ha.OMHANodeDetails (OMHANodeDetails.java:getOMNodeDetailsForNonHA(261)) - OM Node ID is not set. Setting it to the default ID: om1
2023-08-23 22:09:29,146 [Time-limited test] WARN  server.ServerUtils (ServerUtils.java:getDBPath(311)) - ozone.om.db.dirs is not configured. We recommend adding this setting. Falling back to ozone.metadata.dirs instead.
2023-08-23 22:09:29,150 [Time-limited test] INFO  upgrade.AbstractLayoutVersionManager (AbstractLayoutVersionManager.java:init(83)) - Initializing Layout version manager with metadata layout = QUOTA (version = 6), software layout = QUOTA (version = 6)
2023-08-23 22:09:29,377 [Time-limited test] INFO  reflections.Reflections (Reflections.java:scan(232)) - Reflections took 225 ms to scan 2 urls, producing 188 keys and 512 values [using 2 cores]
2023-08-23 22:09:29,378 [Time-limited test] INFO  upgrade.OMLayoutVersionManager (OMLayoutVersionManager.java:lambda$0(115)) - Skipping Upgrade Action MockOmUpgradeAction since it has been finalized.
2023-08-23 22:09:29,378 [Time-limited test] INFO  upgrade.OMLayoutVersionManager (OMLayoutVersionManager.java:lambda$0(115)) - Skipping Upgrade Action QuotaRepairUpgradeAction since it has been finalized.
2023-08-23 22:09:29,393 [pool-170-thread-1] INFO  request.KdcRequest (KdcRequest.java:preauth(651)) - The preauth data is empty.
2023-08-23 22:09:29,395 [pool-170-thread-1] INFO  server.KdcHandler (KdcHandler.java:handleRecoverableException(177)) - KRB error occurred while processing request:Additional pre-authentication required
2023-08-23 22:09:29,408 [pool-170-thread-2] INFO  request.AsRequest (AsRequest.java:issueTicket(112)) - AS_REQ ISSUE: authtime 1692828569407,om/fv-az621-511.fpnbra3ad0zu1hpqauu4rsdf4e.cx.internal.cloudapp.net@EXAMPLE.COM for krbtgt/EXAMPLE.COM@EXAMPLE.COM
2023-08-23 22:09:29,410 [Time-limited test] INFO  security.UserGroupInformation (UserGroupInformation.java:loginUserFromKeytab(1132)) - Login successful for user om/fv-az621-511.fpnbra3ad0zu1hpqauu4rsdf4e.cx.internal.cloudapp.net@EXAMPLE.COM using keytab file om.keytab. Keytab auto renewal enabled : false
2023-08-23 22:09:29,410 [Time-limited test] INFO  om.OzoneManager (OzoneManager.java:loginOMUser(1161)) - Ozone Manager login successful.
2023-08-23 22:09:29,410 [Time-limited test] WARN  server.ServerUtils (ServerUtils.java:getDBPath(311)) - ozone.om.db.dirs is not configured. We recommend adding this setting. Falling back to ozone.metadata.dirs instead.
2023-08-23 22:09:29,413 [Time-limited test] INFO  proxy.SCMBlockLocationFailoverProxyProvider (SCMBlockLocationFailoverProxyProvider.java:<init>(114)) - Created block location fail-over proxy with 1 nodes: [nodeId=scmNodeId,nodeAddress=localhost/127.0.0.1:9863]
2023-08-23 22:09:29,414 [Time-limited test] INFO  om.OzoneManager (OzoneManager.java:getOmDetailsProto(4552)) - OzoneManager ports added:[name: "RPC"
value: 1202
]
2023-08-23 22:09:29,418 [Time-limited test] INFO  security.OMCertificateClient (DefaultCertificateClient.java:updateCertSerialId(1244)) - Certificate serial ID set to 1438884
2023-08-23 22:09:29,440 [Time-limited test] INFO  security.OMCertificateClient (DefaultCertificateClient.java:readCertificateFile(237)) - Added certificate   [0]         Version: 3
         SerialNumber: 1438884
             IssuerDN: CN=localhost,OU=test,O=cluster
           Start Date: Wed Aug 23 22:09:27 UTC 2023
           Final Date: Wed Aug 23 22:09:47 UTC 2023
            SubjectDN: CN=localhost,OU=test,O=cluster
           Public Key: RSA Public Key [83:a1:72:2f:99:0e:6e:91:88:4d:29:f0:58:7c:4c:1e:71:de:7b:17],[56:66:d1:a4]
        modulus: a411d6808716bae98cef791ffe1bf7f1317e08d634ecba1d349cc3e39fded5c7d4e349165049e68c5287cf75b09c82845c5ff3576363ff37361620a8a793255b8c1b734961af867a4498b46a919256db778b5335dda9448439aa196551aed912602a8a4d6513cf78e9405c0d7c50e41195307976f7b8a1751a73c1ca8c16602f982d17eae123d24fc7a6fa7dae04a6671c2e4cc0299c754a7b54651cafd45afe0731320c3caf04351f01c1c7d02e45b3e2e0fee72b0d70d16fe82c58197c008647a1481ccffbf9b35dbad333eb4c5c3524f8ee21b1f4d9ba1c43ec40fd0ae7fbe03a0c8ad5d05e35cbce5cb1678b0fc88fbdb0eafe0794ad843b269051a32111
public exponent: 10001

  Signature Algorithm: SHA256WITHRSA
            Signature: 06641bc5130ac6ec4d897a3462885bf217532b35
                       7a30cac6f61fdeefe92e53e1457a55b4ee99d0bb
                       e7d509f2cadadf8ac25527aca96c8f59d262d2b0
                       fd1195a1ec164cc4b7c40df94e67872c978b9bed
                       b6bcbb96b2fd17473091f4a3d91dc6dec2d2746d
                       a86dbeed8fdea05c68b410b3e60bb3fb9a03baaa
                       2f3a4a4a2574c0a875164f672a5a5b52d51edacb
                       1bb221436692fa947165f02176848f8e3106971f
                       dc895f3ac83c99c2caeaf7d474aef9b272193778
                       a11dd6d488e38d2d7615c7b7a6fd228feba626ab
                       23a10dd15058ab32b2e27f3e15b85ce991fa7a99
                       69bb04fede1a0794c9a3f392623cdfcff9c2fa08
                       a85b54fe200fee997a9c3c279084667d
 from file: /tmp/junit1138746004468795340/junit5045510161181768359/om-meta/om/certs/ROOTCA-1438884.crt.
2023-08-23 22:09:29,443 [Time-limited test] INFO  security.OMCertificateClient (DefaultCertificateClient.java:readCertificateFile(237)) - Added certificate   [0]         Version: 3
         SerialNumber: 1438884
             IssuerDN: CN=localhost,OU=test,O=cluster
           Start Date: Wed Aug 23 22:09:27 UTC 2023
           Final Date: Wed Aug 23 22:09:47 UTC 2023
            SubjectDN: CN=localhost,OU=test,O=cluster
           Public Key: RSA Public Key [83:a1:72:2f:99:0e:6e:91:88:4d:29:f0:58:7c:4c:1e:71:de:7b:17],[56:66:d1:a4]
        modulus: a411d6808716bae98cef791ffe1bf7f1317e08d634ecba1d349cc3e39fded5c7d4e349165049e68c5287cf75b09c82845c5ff3576363ff37361620a8a793255b8c1b734961af867a4498b46a919256db778b5335dda9448439aa196551aed912602a8a4d6513cf78e9405c0d7c50e41195307976f7b8a1751a73c1ca8c16602f982d17eae123d24fc7a6fa7dae04a6671c2e4cc0299c754a7b54651cafd45afe0731320c3caf04351f01c1c7d02e45b3e2e0fee72b0d70d16fe82c58197c008647a1481ccffbf9b35dbad333eb4c5c3524f8ee21b1f4d9ba1c43ec40fd0ae7fbe03a0c8ad5d05e35cbce5cb1678b0fc88fbdb0eafe0794ad843b269051a32111
public exponent: 10001

  Signature Algorithm: SHA256WITHRSA
            Signature: 06641bc5130ac6ec4d897a3462885bf217532b35
                       7a30cac6f61fdeefe92e53e1457a55b4ee99d0bb
                       e7d509f2cadadf8ac25527aca96c8f59d262d2b0
                       fd1195a1ec164cc4b7c40df94e67872c978b9bed
                       b6bcbb96b2fd17473091f4a3d91dc6dec2d2746d
                       a86dbeed8fdea05c68b410b3e60bb3fb9a03baaa
                       2f3a4a4a2574c0a875164f672a5a5b52d51edacb
                       1bb221436692fa947165f02176848f8e3106971f
                       dc895f3ac83c99c2caeaf7d474aef9b272193778
                       a11dd6d488e38d2d7615c7b7a6fd228feba626ab
                       23a10dd15058ab32b2e27f3e15b85ce991fa7a99
                       69bb04fede1a0794c9a3f392623cdfcff9c2fa08
                       a85b54fe200fee997a9c3c279084667d
 from file: /tmp/junit1138746004468795340/junit5045510161181768359/om-meta/om/certs/certificate.crt.
2023-08-23 22:09:29,451 [Time-limited test] INFO  security.OMCertificateClient (DefaultCertificateClient.java:startCertificateRenewerService(1347)) - CertificateRenewerService for om is started with first delay 7557 ms and interval 3333 ms.
2023-08-23 22:09:29,473 [Time-limited test] INFO  om.OzoneManager (OzoneManager.java:<init>(662)) - OM start with adminUsers: [om/fv-az621-511.fpnbra3ad0zu1hpqauu4rsdf4e.cx.internal.cloudapp.net@EXAMPLE.COM, om]
2023-08-23 22:09:29,477 [Time-limited test] WARN  server.ServerUtils (ServerUtils.java:getDBPath(311)) - ozone.om.db.dirs is not configured. We recommend adding this setting. Falling back to ozone.metadata.dirs instead.
2023-08-23 22:09:29,478 [Time-limited test] INFO  helpers.OmKeyInfo (OmKeyInfo.java:getCodec(71)) - OmKeyInfo.getCodec ignorePipeline = true
2023-08-23 22:09:29,669 [Time-limited test] INFO  om.OzoneManager (OzoneManager.java:instantiateServices(791)) - S3 Multi-Tenancy is disabled
2023-08-23 22:09:29,670 [Time-limited test] INFO  security.OzoneSecretStore (OzoneSecretStore.java:loadState(69)) - Loaded 0 tokens
2023-08-23 22:09:29,670 [Time-limited test] INFO  security.OzoneDelegationTokenSecretManager (OzoneDelegationTokenSecretManager.java:loadTokenSecretState(530)) - Loading token state into token manager.
2023-08-23 22:09:29,670 [Time-limited test] INFO  om.OmSnapshotManager (OmSnapshotManager.java:<init>(175)) - Ozone filesystem snapshot feature is enabled.
2023-08-23 22:09:29,670 [Time-limited test] WARN  server.ServerUtils (ServerUtils.java:getDBPath(311)) - ozone.om.snapshot.diff.db.dir is not configured. We recommend adding this setting. Falling back to ozone.metadata.dirs instead.
2023-08-23 22:09:29,704 [Time-limited test] INFO  snapshot.SnapshotDiffManager (SnapshotDiffManager.java:closeExecutorService(1720)) - Shutting down executorService: 'SstDumpToolExecutor'
2023-08-23 22:09:29,708 [Time-limited test] INFO  om.OzoneManager (OzoneManager.java:addS3GVolumeToDB(4284)) - Created Volume s3v With Owner om required for S3Gateway operations.
2023-08-23 22:09:29,708 [Time-limited test] WARN  server.ServerUtils (ServerUtils.java:getDefaultRatisDirectory(323)) - Storage directory for Ratis is not configured. It is a good idea to map this to an SSD disk. Falling back to ozone.metadata.dirs
2023-08-23 22:09:29,709 [Time-limited test] WARN  utils.OzoneManagerRatisUtils (OzoneManagerRatisUtils.java:getOMRatisSnapshotDirectory(461)) - ozone.om.ratis.snapshot.dir is not configured. Falling back to ozone.metadata.dirs config
2023-08-23 22:09:29,709 [Time-limited test] WARN  server.ServerUtils (ServerUtils.java:getDefaultRatisDirectory(323)) - Storage directory for Ratis is not configured. It is a good idea to map this to an SSD disk. Falling back to ozone.metadata.dirs
2023-08-23 22:09:29,717 [Time-limited test] INFO  ratis.OzoneManagerRatisServer (OzoneManagerRatisServer.java:<init>(163)) - Instantiating OM Ratis server with groupID: omServiceIdDefault and peers: fv-az621-511.fpnbra3ad0zu1hpqauu4rsdf4e.cx.internal.cloudapp.net:9872
2023-08-23 22:09:29,717 [Time-limited test] INFO  ratis.OzoneManagerStateMachine (OzoneManagerStateMachine.java:loadSnapshotInfoFromDB(687)) - LastAppliedIndex is set from TransactionInfo from OM DB as (t:0, i:~)
2023-08-23 22:09:29,723 [Time-limited test] INFO  server.RaftServer (ConfUtils.java:logGet(46)) - raft.rpc.type = GRPC (default)
2023-08-23 22:09:29,723 [Time-limited test] INFO  grpc.GrpcConfigKeys (ConfUtils.java:logFallback(53)) - raft.grpc.admin.host = null (fallback to raft.grpc.server.host)
2023-08-23 22:09:29,723 [Time-limited test] INFO  grpc.GrpcConfigKeys (ConfUtils.java:logFallback(53)) - raft.grpc.admin.port = 9872 (fallback to raft.grpc.server.port)
2023-08-23 22:09:29,723 [Time-limited test] INFO  grpc.GrpcConfigKeys (ConfUtils.java:logFallback(53)) - raft.grpc.client.host = null (fallback to raft.grpc.server.host)
2023-08-23 22:09:29,724 [Time-limited test] INFO  grpc.GrpcConfigKeys (ConfUtils.java:logFallback(53)) - raft.grpc.client.port = 9872 (fallback to raft.grpc.server.port)
2023-08-23 22:09:29,724 [Time-limited test] INFO  grpc.GrpcConfigKeys (ConfUtils.java:logGet(46)) - raft.grpc.server.host = null (default)
2023-08-23 22:09:29,724 [Time-limited test] INFO  grpc.GrpcConfigKeys (ConfUtils.java:logGet(46)) - raft.grpc.server.port = 9872 (custom)
2023-08-23 22:09:29,724 [Time-limited test] INFO  server.GrpcService (ConfUtils.java:logGet(46)) - raft.grpc.message.size.max = 33554432 (custom)
2023-08-23 22:09:29,724 [Time-limited test] INFO  server.RaftServerConfigKeys (ConfUtils.java:logGet(46)) - raft.server.log.appender.buffer.byte-limit = 33554432 (custom)
2023-08-23 22:09:29,724 [Time-limited test] INFO  server.GrpcService (ConfUtils.java:logGet(46)) - raft.grpc.flow.control.window = 1MB (=1048576) (default)
2023-08-23 22:09:29,724 [Time-limited test] INFO  server.RaftServerConfigKeys (ConfUtils.java:logGet(46)) - raft.server.rpc.request.timeout = 3000ms (default)
2023-08-23 22:09:29,724 [Time-limited test] INFO  grpc.GrpcConfigKeys (ConfUtils.java:logGet(46)) - raft.grpc.server.heartbeat.channel = true (default)
2023-08-23 22:09:29,725 [Time-limited test] INFO  grpc.GrpcConfigKeys (ConfUtils.java:logGet(46)) - raft.grpc.server.async.request.thread.pool.cached = true (default)
2023-08-23 22:09:29,725 [Time-limited test] INFO  grpc.GrpcConfigKeys (ConfUtils.java:logGet(46)) - raft.grpc.server.async.request.thread.pool.size = 32 (default)
2023-08-23 22:09:29,733 [Time-limited test] INFO  impl.DataStreamServerImpl (ConfUtils.java:logGet(46)) - raft.datastream.type = DISABLED (default)
2023-08-23 22:09:29,733 [Time-limited test] INFO  server.RaftServerConfigKeys (ConfUtils.java:logGet(46)) - raft.server.threadpool.proxy.cached = true (default)
2023-08-23 22:09:29,733 [Time-limited test] INFO  server.RaftServerConfigKeys (ConfUtils.java:logGet(46)) - raft.server.threadpool.proxy.size = 0 (default)
2023-08-23 22:09:29,733 [Time-limited test] INFO  server.RaftServerConfigKeys (ConfUtils.java:logGet(46)) - raft.server.rpc.slowness.timeout = 120s (custom)
2023-08-23 22:09:29,733 [Time-limited test] INFO  server.RaftServerConfigKeys (ConfUtils.java:logGet(46)) - raft.server.leaderelection.leader.step-down.wait-time = 10s (default)
2023-08-23 22:09:29,733 [Time-limited test] INFO  server.RaftServerConfigKeys (ConfUtils.java:logGet(46)) - raft.server.storage.dir = [/tmp/junit1138746004468795340/junit5045510161181768359/om-meta/ratis] (custom)
2023-08-23 22:09:29,740 [Time-limited test] INFO  server.RaftServer (RaftServerProxy.java:addNew(98)) - om1: addNew group-C5BA1605619E:[om1|rpc:fv-az621-511.fpnbra3ad0zu1hpqauu4rsdf4e.cx.internal.cloudapp.net:9872|priority:0|startupRole:FOLLOWER] returns group-C5BA1605619E:java.util.concurrent.CompletableFuture@334ad27a[Not completed]
2023-08-23 22:09:29,740 [Time-limited test] INFO  om.OzoneManager (OzoneManager.java:initializeRatisServer(2128)) - OzoneManager Ratis server initialized at port 9872
2023-08-23 22:09:29,740 [Time-limited test] INFO  om.OzoneManager (OzoneManager.java:getRpcServer(1193)) - Creating RPC Server
2023-08-23 22:09:29,745 [om1-groupManagement] INFO  server.RaftServer$Division (RaftServerImpl.java:<init>(198)) - om1: new RaftServerImpl for group-C5BA1605619E:[om1|rpc:fv-az621-511.fpnbra3ad0zu1hpqauu4rsdf4e.cx.internal.cloudapp.net:9872|priority:0|startupRole:FOLLOWER] with OzoneManagerStateMachine:uninitialized
2023-08-23 22:09:29,760 [om1-groupManagement] INFO  server.RaftServerConfigKeys (ConfUtils.java:logGet(46)) - raft.server.rpc.timeout.min = 5s (custom)
2023-08-23 22:09:29,760 [om1-groupManagement] INFO  server.RaftServerConfigKeys (ConfUtils.java:logGet(46)) - raft.server.rpc.timeout.max = 5200ms (custom)
2023-08-23 22:09:29,760 [om1-groupManagement] INFO  server.RaftServerConfigKeys (ConfUtils.java:logGet(46)) - raft.server.rpc.sleep.time = 25ms (default)
2023-08-23 22:09:29,760 [om1-groupManagement] INFO  server.RaftServerConfigKeys (ConfUtils.java:logGet(46)) - raft.server.rpc.slowness.timeout = 120s (custom)
2023-08-23 22:09:29,760 [om1-groupManagement] INFO  server.RaftServerConfigKeys (ConfUtils.java:logGet(46)) - raft.server.leaderelection.leader.step-down.wait-time = 10s (default)
2023-08-23 22:09:29,760 [om1-groupManagement] INFO  server.RaftServerConfigKeys (ConfUtils.java:logGet(46)) - raft.server.sleep.deviation.threshold = 300ms (default)
2023-08-23 22:09:29,760 [om1-groupManagement] INFO  server.RaftServer$Division (ServerState.java:<init>(120)) - om1@group-C5BA1605619E: ConfigurationManager, init=-1: peers:[om1|rpc:fv-az621-511.fpnbra3ad0zu1hpqauu4rsdf4e.cx.internal.cloudapp.net:9872|priority:0|startupRole:FOLLOWER]|listeners:[], old=null, confs=<EMPTY_MAP>
2023-08-23 22:09:29,760 [om1-groupManagement] INFO  server.RaftServerConfigKeys (ConfUtils.java:logGet(46)) - raft.server.storage.dir = [/tmp/junit1138746004468795340/junit5045510161181768359/om-meta/ratis] (custom)
2023-08-23 22:09:29,761 [om1-groupManagement] INFO  server.RaftServerConfigKeys (ConfUtils.java:logGet(46)) - raft.server.log.corruption.policy = EXCEPTION (default)
2023-08-23 22:09:29,761 [om1-groupManagement] INFO  server.RaftServerConfigKeys (ConfUtils.java:logGet(46)) - raft.server.storage.free-space.min = 0MB (=0) (default)
2023-08-23 22:09:29,761 [om1-groupManagement] INFO  server.RaftServerConfigKeys (ConfUtils.java:logGet(46)) - raft.server.notification.no-leader.timeout = 120s (custom)
2023-08-23 22:09:29,761 [om1-groupManagement] INFO  server.RaftServerConfigKeys (ConfUtils.java:logGet(46)) - raft.server.read.timeout = 10s (default)
2023-08-23 22:09:29,761 [om1-groupManagement] INFO  server.RaftServerConfigKeys (ConfUtils.java:logGet(46)) - raft.server.retrycache.expirytime = 300s (custom)
2023-08-23 22:09:29,761 [om1-groupManagement] INFO  server.RaftServerConfigKeys (ConfUtils.java:logGet(46)) - raft.server.retrycache.statistics.expirytime = 100μs (default)
2023-08-23 22:09:29,761 [om1-groupManagement] INFO  server.RaftServerConfigKeys (ConfUtils.java:logGet(46)) - raft.server.read.option = DEFAULT (default)
2023-08-23 22:09:29,762 [om1-groupManagement] INFO  server.RaftServerConfigKeys (ConfUtils.java:logGet(46)) - raft.server.rpc.request.timeout = 3000ms (default)
2023-08-23 22:09:29,762 [om1-groupManagement] INFO  server.RaftServerConfigKeys (ConfUtils.java:logGet(46)) - raft.server.log.appender.install.snapshot.enabled = false (custom)
2023-08-23 22:09:29,762 [om1-groupManagement] INFO  server.RaftServerConfigKeys (ConfUtils.java:logGet(46)) - raft.server.threadpool.server.cached = true (default)
2023-08-23 22:09:29,762 [om1-groupManagement] INFO  server.RaftServerConfigKeys (ConfUtils.java:logGet(46)) - raft.server.threadpool.server.size = 0 (default)
2023-08-23 22:09:29,762 [om1-groupManagement] INFO  server.RaftServerConfigKeys (ConfUtils.java:logGet(46)) - raft.server.threadpool.client.cached = true (default)
2023-08-23 22:09:29,762 [om1-groupManagement] INFO  server.RaftServerConfigKeys (ConfUtils.java:logGet(46)) - raft.server.threadpool.client.size = 0 (default)
2023-08-23 22:09:30,506 [Time-limited test] INFO  reflections.Reflections (Reflections.java:scan(232)) - Reflections took 765 ms to scan 19 urls, producing 70 keys and 5645 values [using 2 cores]
2023-08-23 22:09:30,521 [Time-limited test] INFO  ipc.CallQueueManager (CallQueueManager.java:<init>(90)) - Using callQueue: class java.util.concurrent.LinkedBlockingQueue, queueCapacity: 10000, scheduler: class org.apache.hadoop.ipc.DefaultRpcScheduler, ipcBackoff: false.
2023-08-23 22:09:30,521 [Time-limited test] INFO  ipc.Server (Server.java:<init>(1287)) - Listener at fv-az621-511.fpnbra3ad0zu1hpqauu4rsdf4e.cx.internal.cloudapp.net:1202
2023-08-23 22:09:30,525 [Socket Reader #1 for port 1202] INFO  ipc.Server (Server.java:run(1323)) - Starting Socket Reader #1 for port 1202
2023-08-23 22:09:30,602 [Time-limited test] INFO  security.OMCertificateClient (DefaultCertificateClient.java:getAllRootCaCerts(901)) - om has 1 Root CA certificates
2023-08-23 22:09:37,001 [om-CertificateRenewerService] INFO  security.OMCertificateClient (DefaultCertificateClient.java:run(1383)) - Current certificate 1438884 needs to be renewed remaining grace period PT0S. Forced renewal due to root ca rotation: false.
2023-08-23 22:09:37,444 [om-CertificateRenewerService] INFO  ozone.OzoneSecurityUtil (OzoneSecurityUtil.java:getValidInetsForCurrentHost(119)) - ip:fe80:0:0:0:20d:3aff:fed9:fc2e%eth0 not returned.
2023-08-23 22:09:37,444 [om-CertificateRenewerService] INFO  ozone.OzoneSecurityUtil (OzoneSecurityUtil.java:getValidInetsForCurrentHost(116)) - Adding ip:10.1.0.14,host:fv-az621-511.fpnbra3ad0zu1hpqauu4rsdf4e.cx.internal.cloudapp.net
2023-08-23 22:09:37,444 [om-CertificateRenewerService] INFO  ozone.OzoneSecurityUtil (OzoneSecurityUtil.java:getValidInetsForCurrentHost(119)) - ip:0:0:0:0:0:0:0:1%lo not returned.
2023-08-23 22:09:37,445 [om-CertificateRenewerService] INFO  ozone.OzoneSecurityUtil (OzoneSecurityUtil.java:getValidInetsForCurrentHost(119)) - ip:127.0.0.1 not returned.
2023-08-23 22:09:37,445 [om-CertificateRenewerService] INFO  security.OMCertificateClient (OMCertificateClient.java:getCSRBuilder(114)) - Creating csr for OM->dns:fv-az621-511.fpnbra3ad0zu1hpqauu4rsdf4e.cx.internal.cloudapp.net,ip:10.1.0.14,scmId:fbf0e210-055e-4442-9a34-6079b256a7b2,clusterId:a4003ba7-47a9-4468-8b43-4a00dff880de,subject:om@fv-az621-511.fpnbra3ad0zu1hpqauu4rsdf4e.cx.internal.cloudapp.net
2023-08-23 22:09:37,458 [om-CertificateRenewerService] INFO  utils.CertificateCodec (CertificateCodec.java:writeCertificate(299)) - Save certificate to /tmp/junit1138746004468795340/junit5045510161181768359/om-meta/om/certs-next/1438949.crt
2023-08-23 22:09:37,458 [om-CertificateRenewerService] INFO  utils.CertificateCodec (CertificateCodec.java:writeCertificate(300)) - Certificate -----BEGIN CERTIFICATE-----
MIIB4DCCAUmgAwIBAgIDFfTlMA0GCSqGSIb3DQEBCwUAMDUxEjAQBgNVBAMMCWxv
Y2FsaG9zdDENMAsGA1UECwwEdGVzdDEQMA4GA1UECgwHY2x1c3RlcjAeFw0yMzA4
MjMyMjA5MzdaFw0yMzA4MjMyMjA5NTdaMDUxEjAQBgNVBAMMCWxvY2FsaG9zdDEN
MAsGA1UECwwEdGVzdDEQMA4GA1UECgwHY2x1c3RlcjCBnzANBgkqhkiG9w0BAQEF
AAOBjQAwgYkCgYEAoB6oFkuF682VLgcjjpo48hpfC0xB2+mDZiKYkj1xj9/ChB6C
0OL0iIxGLn//Xo4JJgxORTB1OLq1Y+Hbg58xROwi1xDs1fhS210DCwW//xRLK693
VyUT23aYko2Gs1nsurLJ7km1o2OtX65x+jweyq6T/yWow7ApaYZAdAJVzJcCAwEA
ATANBgkqhkiG9w0BAQsFAAOBgQCLb1ZG4innxJk5hWoVFJ46pKh3Jn0JflVZLSLA
7w0jSn6n/tqkoMxIfULtwvSXV7oejqITnEPQoXZNHFg0N4uwrjgLjzEWkSc8zuYd
AZKkxnhA4OIDKVWh0RorE0pW5EeYdNpDrQ5wlpmUBQQuRPBMUoSqGdOx1SijKWij
hrVcQw==
-----END CERTIFICATE-----

2023-08-23 22:09:37,459 [om-CertificateRenewerService] INFO  utils.CertificateCodec (CertificateCodec.java:writeCertificate(299)) - Save certificate to /tmp/junit1138746004468795340/junit5045510161181768359/om-meta/om/certs-next/CA-1438949.crt
2023-08-23 22:09:37,459 [om-CertificateRenewerService] INFO  utils.CertificateCodec (CertificateCodec.java:writeCertificate(300)) - Certificate -----BEGIN CERTIFICATE-----
MIIB4DCCAUmgAwIBAgIDFfTlMA0GCSqGSIb3DQEBCwUAMDUxEjAQBgNVBAMMCWxv
Y2FsaG9zdDENMAsGA1UECwwEdGVzdDEQMA4GA1UECgwHY2x1c3RlcjAeFw0yMzA4
MjMyMjA5MzdaFw0yMzA4MjMyMjA5NTdaMDUxEjAQBgNVBAMMCWxvY2FsaG9zdDEN
MAsGA1UECwwEdGVzdDEQMA4GA1UECgwHY2x1c3RlcjCBnzANBgkqhkiG9w0BAQEF
AAOBjQAwgYkCgYEAoB6oFkuF682VLgcjjpo48hpfC0xB2+mDZiKYkj1xj9/ChB6C
0OL0iIxGLn//Xo4JJgxORTB1OLq1Y+Hbg58xROwi1xDs1fhS210DCwW//xRLK693
VyUT23aYko2Gs1nsurLJ7km1o2OtX65x+jweyq6T/yWow7ApaYZAdAJVzJcCAwEA
ATANBgkqhkiG9w0BAQsFAAOBgQCLb1ZG4innxJk5hWoVFJ46pKh3Jn0JflVZLSLA
7w0jSn6n/tqkoMxIfULtwvSXV7oejqITnEPQoXZNHFg0N4uwrjgLjzEWkSc8zuYd
AZKkxnhA4OIDKVWh0RorE0pW5EeYdNpDrQ5wlpmUBQQuRPBMUoSqGdOx1SijKWij
hrVcQw==
-----END CERTIFICATE-----

2023-08-23 22:09:37,461 [om-CertificateRenewerService] INFO  security.OMCertificateClient (DefaultCertificateClient.java:updateCertSerialId(1244)) - Certificate serial ID set to 1438949
2023-08-23 22:09:37,466 [om-CertificateRenewerService] INFO  security.OMCertificateClient (DefaultCertificateClient.java:readCertificateFile(237)) - Added certificate   [0]         Version: 3
         SerialNumber: 1438884
             IssuerDN: CN=localhost,OU=test,O=cluster
           Start Date: Wed Aug 23 22:09:27 UTC 2023
           Final Date: Wed Aug 23 22:09:47 UTC 2023
            SubjectDN: CN=localhost,OU=test,O=cluster
           Public Key: RSA Public Key [83:a1:72:2f:99:0e:6e:91:88:4d:29:f0:58:7c:4c:1e:71:de:7b:17],[56:66:d1:a4]
        modulus: a411d6808716bae98cef791ffe1bf7f1317e08d634ecba1d349cc3e39fded5c7d4e349165049e68c5287cf75b09c82845c5ff3576363ff37361620a8a793255b8c1b734961af867a4498b46a919256db778b5335dda9448439aa196551aed912602a8a4d6513cf78e9405c0d7c50e41195307976f7b8a1751a73c1ca8c16602f982d17eae123d24fc7a6fa7dae04a6671c2e4cc0299c754a7b54651cafd45afe0731320c3caf04351f01c1c7d02e45b3e2e0fee72b0d70d16fe82c58197c008647a1481ccffbf9b35dbad333eb4c5c3524f8ee21b1f4d9ba1c43ec40fd0ae7fbe03a0c8ad5d05e35cbce5cb1678b0fc88fbdb0eafe0794ad843b269051a32111
public exponent: 10001

  Signature Algorithm: SHA256WITHRSA
            Signature: 06641bc5130ac6ec4d897a3462885bf217532b35
                       7a30cac6f61fdeefe92e53e1457a55b4ee99d0bb
                       e7d509f2cadadf8ac25527aca96c8f59d262d2b0
                       fd1195a1ec164cc4b7c40df94e67872c978b9bed
                       b6bcbb96b2fd17473091f4a3d91dc6dec2d2746d
                       a86dbeed8fdea05c68b410b3e60bb3fb9a03baaa
                       2f3a4a4a2574c0a875164f672a5a5b52d51edacb
                       1bb221436692fa947165f02176848f8e3106971f
                       dc895f3ac83c99c2caeaf7d474aef9b272193778
                       a11dd6d488e38d2d7615c7b7a6fd228feba626ab
                       23a10dd15058ab32b2e27f3e15b85ce991fa7a99
                       69bb04fede1a0794c9a3f392623cdfcff9c2fa08
                       a85b54fe200fee997a9c3c279084667d
 from file: /tmp/junit1138746004468795340/junit5045510161181768359/om-meta/om/certs/ROOTCA-1438884.crt.
2023-08-23 22:09:37,470 [om-CertificateRenewerService] INFO  security.OMCertificateClient (DefaultCertificateClient.java:readCertificateFile(237)) - Added certificate   [0]         Version: 3
         SerialNumber: 1438884
             IssuerDN: CN=localhost,OU=test,O=cluster
           Start Date: Wed Aug 23 22:09:27 UTC 2023
           Final Date: Wed Aug 23 22:09:47 UTC 2023
            SubjectDN: CN=localhost,OU=test,O=cluster
           Public Key: RSA Public Key [83:a1:72:2f:99:0e:6e:91:88:4d:29:f0:58:7c:4c:1e:71:de:7b:17],[56:66:d1:a4]
        modulus: a411d6808716bae98cef791ffe1bf7f1317e08d634ecba1d349cc3e39fded5c7d4e349165049e68c5287cf75b09c82845c5ff3576363ff37361620a8a793255b8c1b734961af867a4498b46a919256db778b5335dda9448439aa196551aed912602a8a4d6513cf78e9405c0d7c50e41195307976f7b8a1751a73c1ca8c16602f982d17eae123d24fc7a6fa7dae04a6671c2e4cc0299c754a7b54651cafd45afe0731320c3caf04351f01c1c7d02e45b3e2e0fee72b0d70d16fe82c58197c008647a1481ccffbf9b35dbad333eb4c5c3524f8ee21b1f4d9ba1c43ec40fd0ae7fbe03a0c8ad5d05e35cbce5cb1678b0fc88fbdb0eafe0794ad843b269051a32111
public exponent: 10001

  Signature Algorithm: SHA256WITHRSA
            Signature: 06641bc5130ac6ec4d897a3462885bf217532b35
                       7a30cac6f61fdeefe92e53e1457a55b4ee99d0bb
                       e7d509f2cadadf8ac25527aca96c8f59d262d2b0
                       fd1195a1ec164cc4b7c40df94e67872c978b9bed
                       b6bcbb96b2fd17473091f4a3d91dc6dec2d2746d
                       a86dbeed8fdea05c68b410b3e60bb3fb9a03baaa
                       2f3a4a4a2574c0a875164f672a5a5b52d51edacb
                       1bb221436692fa947165f02176848f8e3106971f
                       dc895f3ac83c99c2caeaf7d474aef9b272193778
                       a11dd6d488e38d2d7615c7b7a6fd228feba626ab
                       23a10dd15058ab32b2e27f3e15b85ce991fa7a99
                       69bb04fede1a0794c9a3f392623cdfcff9c2fa08
                       a85b54fe200fee997a9c3c279084667d
 from file: /tmp/junit1138746004468795340/junit5045510161181768359/om-meta/om/certs/certificate.crt.
2023-08-23 22:09:37,470 [om-CertificateRenewerService] INFO  security.OMCertificateClient (DefaultCertificateClient.java:renewAndStoreKeyAndCertificate(1162)) - Successful renew key and certificate. New certificate 1438949.
2023-08-23 22:09:37,471 [om-CertificateRenewerService] INFO  security.OMCertificateClient (DefaultCertificateClient.java:updateCertSerialId(1244)) - Certificate serial ID set to 1438949
2023-08-23 22:09:37,472 [om-CertificateRenewerService] INFO  security.OMCertificateClient (DefaultCertificateClient.java:readCertificateFile(237)) - Added certificate   [0]         Version: 3
         SerialNumber: 1438949
             IssuerDN: CN=localhost,OU=test,O=cluster
           Start Date: Wed Aug 23 22:09:37 UTC 2023
           Final Date: Wed Aug 23 22:09:57 UTC 2023
            SubjectDN: CN=localhost,OU=test,O=cluster
           Public Key: RSA Public Key [27:37:bf:bb:dd:08:9f:c4:b3:85:3f:b2:48:ff:22:8d:da:2a:8e:9c],[56:66:d1:a4]
        modulus: a01ea8164b85ebcd952e07238e9a38f21a5f0b4c41dbe983662298923d718fdfc2841e82d0e2f4888c462e7fff5e8e09260c4e45307538bab563e1db839f3144ec22d710ecd5f852db5d030b05bfff144b2baf77572513db7698928d86b359ecbab2c9ee49b5a363ad5fae71fa3c1ecaae93ff25a8c3b029698640740255cc97
public exponent: 10001

  Signature Algorithm: SHA256WITHRSA
            Signature: 8b6f5646e229e7c49939856a15149e3aa4a87726
                       7d097e55592d22c0ef0d234a7ea7fedaa4a0cc48
                       7d42edc2f49757ba1e8ea2139c43d0a1764d1c58
                       34378bb0ae380b8f311691273ccee61d0192a4c6
                       7840e0e2032955a1d11a2b134a56e4479874da43
                       ad0e7096999405042e44f04c5284aa19d3b1d528
                       a32968a386b55c43
 from file: /tmp/junit1138746004468795340/junit5045510161181768359/om-meta/om/certs/1438949.crt.
2023-08-23 22:09:37,473 [om-CertificateRenewerService] INFO  security.OMCertificateClient (DefaultCertificateClient.java:readCertificateFile(237)) - Added certificate   [0]         Version: 3
         SerialNumber: 1438949
             IssuerDN: CN=localhost,OU=test,O=cluster
           Start Date: Wed Aug 23 22:09:37 UTC 2023
           Final Date: Wed Aug 23 22:09:57 UTC 2023
            SubjectDN: CN=localhost,OU=test,O=cluster
           Public Key: RSA Public Key [27:37:bf:bb:dd:08:9f:c4:b3:85:3f:b2:48:ff:22:8d:da:2a:8e:9c],[56:66:d1:a4]
        modulus: a01ea8164b85ebcd952e07238e9a38f21a5f0b4c41dbe983662298923d718fdfc2841e82d0e2f4888c462e7fff5e8e09260c4e45307538bab563e1db839f3144ec22d710ecd5f852db5d030b05bfff144b2baf77572513db7698928d86b359ecbab2c9ee49b5a363ad5fae71fa3c1ecaae93ff25a8c3b029698640740255cc97
public exponent: 10001

  Signature Algorithm: SHA256WITHRSA
            Signature: 8b6f5646e229e7c49939856a15149e3aa4a87726
                       7d097e55592d22c0ef0d234a7ea7fedaa4a0cc48
                       7d42edc2f49757ba1e8ea2139c43d0a1764d1c58
                       34378bb0ae380b8f311691273ccee61d0192a4c6
                       7840e0e2032955a1d11a2b134a56e4479874da43
                       ad0e7096999405042e44f04c5284aa19d3b1d528
                       a32968a386b55c43
 from file: /tmp/junit1138746004468795340/junit5045510161181768359/om-meta/om/certs/CA-1438949.crt.
2023-08-23 22:09:37,473 [om-CertificateRenewerService] INFO  security.OMCertificateClient (DefaultCertificateClient.java:reloadKeyAndCertificate(1232)) - Reset and reloaded key and all certificates for new certificate 1438949.
2023-08-23 22:09:37,627 [Time-limited test] INFO  utils.SelfSignedCertificate (SelfSignedCertificate.java:generateCertificate(157)) - Certificate 1448795 is issued by CN=localhost,OU=test,O=cluster to CN=localhost,OU=test,O=cluster, valid from Wed Aug 23 22:09:37 UTC 2023 to Wed Aug 23 22:09:57 UTC 2023
2023-08-23 22:09:50,332 [om-CertificateRenewerService] INFO  security.OMCertificateClient (DefaultCertificateClient.java:run(1383)) - Current certificate 1438949 needs to be renewed remaining grace period PT0S. Forced renewal due to root ca rotation: false.
2023-08-23 22:09:50,650 [om-CertificateRenewerService] INFO  ozone.OzoneSecurityUtil (OzoneSecurityUtil.java:getValidInetsForCurrentHost(119)) - ip:fe80:0:0:0:20d:3aff:fed9:fc2e%eth0 not returned.
2023-08-23 22:09:50,651 [om-CertificateRenewerService] INFO  ozone.OzoneSecurityUtil (OzoneSecurityUtil.java:getValidInetsForCurrentHost(116)) - Adding ip:10.1.0.14,host:fv-az621-511.fpnbra3ad0zu1hpqauu4rsdf4e.cx.internal.cloudapp.net
2023-08-23 22:09:50,651 [om-CertificateRenewerService] INFO  ozone.OzoneSecurityUtil (OzoneSecurityUtil.java:getValidInetsForCurrentHost(119)) - ip:0:0:0:0:0:0:0:1%lo not returned.
2023-08-23 22:09:50,651 [om-CertificateRenewerService] INFO  ozone.OzoneSecurityUtil (OzoneSecurityUtil.java:getValidInetsForCurrentHost(119)) - ip:127.0.0.1 not returned.
2023-08-23 22:09:50,652 [om-CertificateRenewerService] INFO  security.OMCertificateClient (OMCertificateClient.java:getCSRBuilder(114)) - Creating csr for OM->dns:fv-az621-511.fpnbra3ad0zu1hpqauu4rsdf4e.cx.internal.cloudapp.net,ip:10.1.0.14,scmId:fbf0e210-055e-4442-9a34-6079b256a7b2,clusterId:a4003ba7-47a9-4468-8b43-4a00dff880de,subject:om@fv-az621-511.fpnbra3ad0zu1hpqauu4rsdf4e.cx.internal.cloudapp.net
2023-08-23 22:09:50,655 [om-CertificateRenewerService] INFO  utils.CertificateCodec (CertificateCodec.java:writeCertificate(299)) - Save certificate to /tmp/junit1138746004468795340/junit5045510161181768359/om-meta/om/certs-next/1448795.crt
2023-08-23 22:09:50,656 [om-CertificateRenewerService] INFO  utils.CertificateCodec (CertificateCodec.java:writeCertificate(300)) - Certificate -----BEGIN CERTIFICATE-----
MIIB4DCCAUmgAwIBAgIDFhtbMA0GCSqGSIb3DQEBCwUAMDUxEjAQBgNVBAMMCWxv
Y2FsaG9zdDENMAsGA1UECwwEdGVzdDEQMA4GA1UECgwHY2x1c3RlcjAeFw0yMzA4
MjMyMjA5MzdaFw0yMzA4MjMyMjA5NTdaMDUxEjAQBgNVBAMMCWxvY2FsaG9zdDEN
MAsGA1UECwwEdGVzdDEQMA4GA1UECgwHY2x1c3RlcjCBnzANBgkqhkiG9w0BAQEF
AAOBjQAwgYkCgYEAglJwi1SGzb3P/IzmtbJB6F4oOVRFq3Nyh93MmzRu8WDCRjZ2
Xg0A1tiwO+XV2jOKQNPCYCsvAqDpSB+fMDtrY5TDF8GH84Mx7KIU3rwziZH+WPcz
H1Yg8twHdshxI7o8Bdr6UhrzaeNpej8KONDYO7nVAGnEtNyzo7tfAfXyn8cCAwEA
ATANBgkqhkiG9w0BAQsFAAOBgQAWUaauHb54GftnIOO9DIS7Lt/fTI7p2GCMKhY9
+gQLzQcR59mcUV/Dihq8253Fc4jyrz5j6yQ7fpTMxDDKdr+bjS1OhMOu/EBB5Blt
OzsIzlEZo+Qx5JtTYktrw8CFLGCosR1BwuR/rOs6MtP2t3xRUgn5StrAp0tBXnRh
lAFy2Q==
-----END CERTIFICATE-----

2023-08-23 22:09:50,656 [om-CertificateRenewerService] INFO  utils.CertificateCodec (CertificateCodec.java:writeCertificate(299)) - Save certificate to /tmp/junit1138746004468795340/junit5045510161181768359/om-meta/om/certs-next/CA-1448795.crt
2023-08-23 22:09:50,656 [om-CertificateRenewerService] INFO  utils.CertificateCodec (CertificateCodec.java:writeCertificate(300)) - Certificate -----BEGIN CERTIFICATE-----
MIIB4DCCAUmgAwIBAgIDFhtbMA0GCSqGSIb3DQEBCwUAMDUxEjAQBgNVBAMMCWxv
Y2FsaG9zdDENMAsGA1UECwwEdGVzdDEQMA4GA1UECgwHY2x1c3RlcjAeFw0yMzA4
MjMyMjA5MzdaFw0yMzA4MjMyMjA5NTdaMDUxEjAQBgNVBAMMCWxvY2FsaG9zdDEN
MAsGA1UECwwEdGVzdDEQMA4GA1UECgwHY2x1c3RlcjCBnzANBgkqhkiG9w0BAQEF
AAOBjQAwgYkCgYEAglJwi1SGzb3P/IzmtbJB6F4oOVRFq3Nyh93MmzRu8WDCRjZ2
Xg0A1tiwO+XV2jOKQNPCYCsvAqDpSB+fMDtrY5TDF8GH84Mx7KIU3rwziZH+WPcz
H1Yg8twHdshxI7o8Bdr6UhrzaeNpej8KONDYO7nVAGnEtNyzo7tfAfXyn8cCAwEA
ATANBgkqhkiG9w0BAQsFAAOBgQAWUaauHb54GftnIOO9DIS7Lt/fTI7p2GCMKhY9
+gQLzQcR59mcUV/Dihq8253Fc4jyrz5j6yQ7fpTMxDDKdr+bjS1OhMOu/EBB5Blt
OzsIzlEZo+Qx5JtTYktrw8CFLGCosR1BwuR/rOs6MtP2t3xRUgn5StrAp0tBXnRh
lAFy2Q==
-----END CERTIFICATE-----

2023-08-23 22:09:50,657 [om-CertificateRenewerService] INFO  security.OMCertificateClient (DefaultCertificateClient.java:updateCertSerialId(1244)) - Certificate serial ID set to 1448795
2023-08-23 22:09:50,658 [om-CertificateRenewerService] INFO  security.OMCertificateClient (DefaultCertificateClient.java:readCertificateFile(237)) - Added certificate   [0]         Version: 3
         SerialNumber: 1438949
             IssuerDN: CN=localhost,OU=test,O=cluster
           Start Date: Wed Aug 23 22:09:37 UTC 2023
           Final Date: Wed Aug 23 22:09:57 UTC 2023
            SubjectDN: CN=localhost,OU=test,O=cluster
           Public Key: RSA Public Key [27:37:bf:bb:dd:08:9f:c4:b3:85:3f:b2:48:ff:22:8d:da:2a:8e:9c],[56:66:d1:a4]
        modulus: a01ea8164b85ebcd952e07238e9a38f21a5f0b4c41dbe983662298923d718fdfc2841e82d0e2f4888c462e7fff5e8e09260c4e45307538bab563e1db839f3144ec22d710ecd5f852db5d030b05bfff144b2baf77572513db7698928d86b359ecbab2c9ee49b5a363ad5fae71fa3c1ecaae93ff25a8c3b029698640740255cc97
public exponent: 10001

  Signature Algorithm: SHA256WITHRSA
            Signature: 8b6f5646e229e7c49939856a15149e3aa4a87726
                       7d097e55592d22c0ef0d234a7ea7fedaa4a0cc48
                       7d42edc2f49757ba1e8ea2139c43d0a1764d1c58
                       34378bb0ae380b8f311691273ccee61d0192a4c6
                       7840e0e2032955a1d11a2b134a56e4479874da43
                       ad0e7096999405042e44f04c5284aa19d3b1d528
                       a32968a386b55c43
 from file: /tmp/junit1138746004468795340/junit5045510161181768359/om-meta/om/certs/1438949.crt.
2023-08-23 22:09:50,663 [om-CertificateRenewerService] INFO  security.OMCertificateClient (DefaultCertificateClient.java:readCertificateFile(237)) - Added certificate   [0]         Version: 3
         SerialNumber: 1438949
             IssuerDN: CN=localhost,OU=test,O=cluster
           Start Date: Wed Aug 23 22:09:37 UTC 2023
           Final Date: Wed Aug 23 22:09:57 UTC 2023
            SubjectDN: CN=localhost,OU=test,O=cluster
           Public Key: RSA Public Key [27:37:bf:bb:dd:08:9f:c4:b3:85:3f:b2:48:ff:22:8d:da:2a:8e:9c],[56:66:d1:a4]
        modulus: a01ea8164b85ebcd952e07238e9a38f21a5f0b4c41dbe983662298923d718fdfc2841e82d0e2f4888c462e7fff5e8e09260c4e45307538bab563e1db839f3144ec22d710ecd5f852db5d030b05bfff144b2baf77572513db7698928d86b359ecbab2c9ee49b5a363ad5fae71fa3c1ecaae93ff25a8c3b029698640740255cc97
public exponent: 10001

  Signature Algorithm: SHA256WITHRSA
            Signature: 8b6f5646e229e7c49939856a15149e3aa4a87726
                       7d097e55592d22c0ef0d234a7ea7fedaa4a0cc48
                       7d42edc2f49757ba1e8ea2139c43d0a1764d1c58
                       34378bb0ae380b8f311691273ccee61d0192a4c6
                       7840e0e2032955a1d11a2b134a56e4479874da43
                       ad0e7096999405042e44f04c5284aa19d3b1d528
                       a32968a386b55c43
 from file: /tmp/junit1138746004468795340/junit5045510161181768359/om-meta/om/certs/CA-1438949.crt.
2023-08-23 22:09:50,664 [om-CertificateRenewerService] INFO  security.OMCertificateClient (DefaultCertificateClient.java:renewAndStoreKeyAndCertificate(1162)) - Successful renew key and certificate. New certificate 1448795.
2023-08-23 22:09:50,664 [om-CertificateRenewerService] INFO  security.OMCertificateClient (DefaultCertificateClient.java:updateCertSerialId(1244)) - Certificate serial ID set to 1448795
2023-08-23 22:09:50,665 [om-CertificateRenewerService] INFO  security.OMCertificateClient (DefaultCertificateClient.java:readCertificateFile(237)) - Added certificate   [0]         Version: 3
         SerialNumber: 1448795
             IssuerDN: CN=localhost,OU=test,O=cluster
           Start Date: Wed Aug 23 22:09:37 UTC 2023
           Final Date: Wed Aug 23 22:09:57 UTC 2023
            SubjectDN: CN=localhost,OU=test,O=cluster
           Public Key: RSA Public Key [c1:5b:d4:f0:75:55:c6:52:9e:77:a5:c5:d6:ea:9c:0d:96:18:e5:0f],[56:66:d1:a4]
        modulus: 8252708b5486cdbdcffc8ce6b5b241e85e28395445ab737287ddcc9b346ef160c24636765e0d00d6d8b03be5d5da338a40d3c2602b2f02a0e9481f9f303b6b6394c317c187f38331eca214debc338991fe58f7331f5620f2dc0776c87123ba3c05dafa521af369e3697a3f0a38d0d83bb9d50069c4b4dcb3a3bb5f01f5f29fc7
public exponent: 10001

  Signature Algorithm: SHA256WITHRSA
            Signature: 1651a6ae1dbe7819fb6720e3bd0c84bb2edfdf4c
                       8ee9d8608c2a163dfa040bcd0711e7d99c515fc3
                       8a1abcdb9dc57388f2af3e63eb243b7e94ccc430
                       ca76bf9b8d2d4e84c3aefc4041e4196d3b3b08ce
                       5119a3e431e49b53624b6bc3c0852c60a8b11d41
                       c2e47faceb3a32d3f6b77c515209f94adac0a74b
                       415e7461940172d9
 from file: /tmp/junit1138746004468795340/junit5045510161181768359/om-meta/om/certs/CA-1448795.crt.
2023-08-23 22:09:50,666 [om-CertificateRenewerService] INFO  security.OMCertificateClient (DefaultCertificateClient.java:readCertificateFile(237)) - Added certificate   [0]         Version: 3
         SerialNumber: 1448795
             IssuerDN: CN=localhost,OU=test,O=cluster
           Start Date: Wed Aug 23 22:09:37 UTC 2023
           Final Date: Wed Aug 23 22:09:57 UTC 2023
            SubjectDN: CN=localhost,OU=test,O=cluster
           Public Key: RSA Public Key [c1:5b:d4:f0:75:55:c6:52:9e:77:a5:c5:d6:ea:9c:0d:96:18:e5:0f],[56:66:d1:a4]
        modulus: 8252708b5486cdbdcffc8ce6b5b241e85e28395445ab737287ddcc9b346ef160c24636765e0d00d6d8b03be5d5da338a40d3c2602b2f02a0e9481f9f303b6b6394c317c187f38331eca214debc338991fe58f7331f5620f2dc0776c87123ba3c05dafa521af369e3697a3f0a38d0d83bb9d50069c4b4dcb3a3bb5f01f5f29fc7
public exponent: 10001

  Signature Algorithm: SHA256WITHRSA
            Signature: 1651a6ae1dbe7819fb6720e3bd0c84bb2edfdf4c
                       8ee9d8608c2a163dfa040bcd0711e7d99c515fc3
                       8a1abcdb9dc57388f2af3e63eb243b7e94ccc430
                       ca76bf9b8d2d4e84c3aefc4041e4196d3b3b08ce
                       5119a3e431e49b53624b6bc3c0852c60a8b11d41
                       c2e47faceb3a32d3f6b77c515209f94adac0a74b
                       415e7461940172d9
 from file: /tmp/junit1138746004468795340/junit5045510161181768359/om-meta/om/certs/1448795.crt.
2023-08-23 22:09:50,666 [om-CertificateRenewerService] INFO  security.OMCertificateClient (DefaultCertificateClient.java:reloadKeyAndCertificate(1232)) - Reset and reloaded key and all certificates for new certificate 1448795.
2023-08-23 22:09:51,637 [Time-limited test] INFO  impl.DefaultInternalKdcServerImpl (DefaultInternalKdcServerImpl.java:doStop(102)) - Default Internal kdc server stopped.
2023-08-23 22:09:52,638 [Time-limited test] INFO  minikdc.MiniKdc (MiniKdc.java:stop(359)) - MiniKdc stopped.
2023-08-23 22:09:52,638 [Time-limited test] INFO  om.OzoneManager (OzoneManager.java:stop(2187)) - om1[fv-az621-511.fpnbra3ad0zu1hpqauu4rsdf4e.cx.internal.cloudapp.net:1202]: Stopping Ozone Manager
2023-08-23 22:09:52,639 [Time-limited test] INFO  ipc.Server (Server.java:stop(3523)) - Stopping server on 1202
2023-08-23 22:09:52,639 [Time-limited test] INFO  ratis.OzoneManagerStateMachine (OzoneManagerStateMachine.java:close(534)) - StateMachine has shutdown. Shutdown OzoneManager if not already shutdown.
2023-08-23 22:09:52,639 [Time-limited test] INFO  ratis.OzoneManagerDoubleBuffer (OzoneManagerDoubleBuffer.java:stopDaemon(551)) - Stopping OMDoubleBuffer flush thread
2023-08-23 22:09:52,640 [OMDoubleBufferFlushThread] INFO  ratis.OzoneManagerDoubleBuffer (OzoneManagerDoubleBuffer.java:canFlush(638)) - OMDoubleBuffer flush thread OMDoubleBufferFlushThread is interrupted and will exit.
2023-08-23 22:09:52,640 [Time-limited test] INFO  om.OzoneManager (OzoneManager.java:stopSecretManager(1063)) - Stopping secret key client.
2023-08-23 22:09:52,640 [Time-limited test] INFO  om.OzoneManager (OzoneManager.java:stopSecretManager(1068)) - Stopping OM delegation token secret manager.
2023-08-23 22:09:52,640 [Time-limited test] INFO  rocksdiff.RocksDBCheckpointDiffer (RocksDBCheckpointDiffer.java:close(340)) - Shutting down CompactionDagPruningService.
2023-08-23 22:09:52,644 [Time-limited test] INFO  snapshot.SnapshotDiffManager (SnapshotDiffManager.java:closeExecutorService(1720)) - Shutting down executorService: 'SnapDiffExecutor'
2023-08-23 22:09:52,644 [Time-limited test] INFO  snapshot.SnapshotDiffManager (SnapshotDiffManager.java:closeExecutorService(1720)) - Shutting down executorService: 'SstDumpToolExecutor'
2023-08-23 22:09:52,644 [Time-limited test] INFO  utils.BackgroundService (BackgroundService.java:shutdown(141)) - Shutting down service SnapshotDiffCleanupService
]]></system-out>
  </testcase>
  <testcase name="testSecureOmInitSuccess" classname="org.apache.hadoop.ozone.TestSecureOzoneCluster" time="5.131">
    <system-out><![CDATA[2023-08-23 22:09:52,682 [Time-limited test] INFO  net.ServerSocketUtil (ServerSocketUtil.java:getPort(55)) - Using port 9860
2023-08-23 22:09:52,682 [Time-limited test] INFO  net.ServerSocketUtil (ServerSocketUtil.java:getPort(55)) - Using port 9861
2023-08-23 22:09:52,683 [Time-limited test] INFO  net.ServerSocketUtil (ServerSocketUtil.java:getPort(55)) - Using port 9863
2023-08-23 22:09:52,683 [Time-limited test] INFO  net.ServerSocketUtil (ServerSocketUtil.java:getPort(55)) - Using port 9961
2023-08-23 22:09:52,684 [Time-limited test] INFO  net.ServerSocketUtil (ServerSocketUtil.java:getPort(55)) - Using port 1200
2023-08-23 22:09:52,684 [Time-limited test] INFO  net.ServerSocketUtil (ServerSocketUtil.java:getPort(55)) - Using port 1201
2023-08-23 22:09:52,685 [Time-limited test] INFO  minikdc.MiniKdc (MiniKdc.java:<init>(225)) - Configuration:
2023-08-23 22:09:52,685 [Time-limited test] INFO  minikdc.MiniKdc (MiniKdc.java:<init>(226)) - ---------------------------------------------------------------
2023-08-23 22:09:52,685 [Time-limited test] INFO  minikdc.MiniKdc (MiniKdc.java:<init>(228)) -   debug: false
2023-08-23 22:09:52,685 [Time-limited test] INFO  minikdc.MiniKdc (MiniKdc.java:<init>(228)) -   transport: TCP
2023-08-23 22:09:52,685 [Time-limited test] INFO  minikdc.MiniKdc (MiniKdc.java:<init>(228)) -   max.ticket.lifetime: 86400000
2023-08-23 22:09:52,685 [Time-limited test] INFO  minikdc.MiniKdc (MiniKdc.java:<init>(228)) -   org.name: EXAMPLE
2023-08-23 22:09:52,685 [Time-limited test] INFO  minikdc.MiniKdc (MiniKdc.java:<init>(228)) -   kdc.port: 0
2023-08-23 22:09:52,685 [Time-limited test] INFO  minikdc.MiniKdc (MiniKdc.java:<init>(228)) -   org.domain: COM
2023-08-23 22:09:52,685 [Time-limited test] INFO  minikdc.MiniKdc (MiniKdc.java:<init>(228)) -   max.renewable.lifetime: 604800000
2023-08-23 22:09:52,685 [Time-limited test] INFO  minikdc.MiniKdc (MiniKdc.java:<init>(228)) -   instance: DefaultKrbServer
2023-08-23 22:09:52,686 [Time-limited test] INFO  minikdc.MiniKdc (MiniKdc.java:<init>(228)) -   kdc.bind.address: localhost
2023-08-23 22:09:52,686 [Time-limited test] INFO  minikdc.MiniKdc (MiniKdc.java:<init>(230)) - ---------------------------------------------------------------
2023-08-23 22:09:52,693 [Time-limited test] INFO  minikdc.MiniKdc (MiniKdc.java:start(285)) - MiniKdc started.
2023-08-23 22:09:53,026 [Time-limited test] INFO  om.OzoneManager (OzoneManager.java:getOmDetailsProto(4552)) - OzoneManager ports added:[name: "RPC"
value: 1202
]
2023-08-23 22:09:53,026 [Time-limited test] WARN  server.ServerUtils (ServerUtils.java:getScmDbDir(155)) - ozone.scm.db.dirs is not configured. We recommend adding this setting. Falling back to ozone.metadata.dirs instead.
2023-08-23 22:09:53,027 [Time-limited test] INFO  ha.HASecurityUtils (HASecurityUtils.java:initializeSecurity(98)) - Initializing secure StorageContainerManager.
2023-08-23 22:09:53,029 [Time-limited test] INFO  client.SCMCertificateClient (DefaultCertificateClient.java:updateCertSerialId(1244)) - Certificate serial ID set to null
2023-08-23 22:09:53,029 [Time-limited test] ERROR client.SCMCertificateClient (DefaultCertificateClient.java:getCertPath(362)) - Default certificate serial id is not set. Can't locate the default certificate for this client.
2023-08-23 22:09:53,029 [Time-limited test] INFO  client.SCMCertificateClient (DefaultCertificateClient.java:init(715)) - Certificate client init case: 0
2023-08-23 22:09:53,029 [Time-limited test] INFO  client.SCMCertificateClient (SCMCertificateClient.java:handleCase(103)) - Creating keypair for client as keypair and certificate not found.
2023-08-23 22:09:53,235 [Time-limited test] INFO  ha.HASecurityUtils (HASecurityUtils.java:initializeSecurity(108)) - Init response: GETCERT
2023-08-23 22:09:53,563 [Time-limited test] INFO  ozone.OzoneSecurityUtil (OzoneSecurityUtil.java:getValidInetsForCurrentHost(119)) - ip:fe80:0:0:0:20d:3aff:fed9:fc2e%eth0 not returned.
2023-08-23 22:09:53,563 [Time-limited test] INFO  ozone.OzoneSecurityUtil (OzoneSecurityUtil.java:getValidInetsForCurrentHost(116)) - Adding ip:10.1.0.14,host:fv-az621-511.fpnbra3ad0zu1hpqauu4rsdf4e.cx.internal.cloudapp.net
2023-08-23 22:09:53,563 [Time-limited test] INFO  ozone.OzoneSecurityUtil (OzoneSecurityUtil.java:getValidInetsForCurrentHost(119)) - ip:0:0:0:0:0:0:0:1%lo not returned.
2023-08-23 22:09:53,563 [Time-limited test] INFO  ozone.OzoneSecurityUtil (OzoneSecurityUtil.java:getValidInetsForCurrentHost(119)) - ip:127.0.0.1 not returned.
2023-08-23 22:09:53,569 [Time-limited test] INFO  utils.SelfSignedCertificate (SelfSignedCertificate.java:generateCertificate(157)) - Certificate 1 is issued by CN=scm-1@fv-az621-511,OU=46f8c20c-0bf8-4362-ba0a-970cde28a483,O=472bc2c4-d122-445b-abdb-6ece19e270bd to CN=scm-1@fv-az621-511,OU=46f8c20c-0bf8-4362-ba0a-970cde28a483,O=472bc2c4-d122-445b-abdb-6ece19e270bd, valid from Wed Aug 23 22:09:53 UTC 2023 to Sat Sep 30 22:09:53 UTC 2028
2023-08-23 22:09:53,570 [Time-limited test] INFO  utils.CertificateCodec (CertificateCodec.java:writeCertificate(299)) - Save certificate to /tmp/junit2511217519943358722/junit1587168555866474416/scm-meta/scm/ca/certs/certificate.crt
2023-08-23 22:09:53,570 [Time-limited test] INFO  utils.CertificateCodec (CertificateCodec.java:writeCertificate(300)) - Certificate -----BEGIN CERTIFICATE-----
MIID5zCCAs+gAwIBAgIBATANBgkqhkiG9w0BAQsFADB7MRswGQYDVQQDDBJzY20t
MUBmdi1hejYyMS01MTExLTArBgNVBAsMJDQ2ZjhjMjBjLTBiZjgtNDM2Mi1iYTBh
LTk3MGNkZTI4YTQ4MzEtMCsGA1UECgwkNDcyYmMyYzQtZDEyMi00NDViLWFiZGIt
NmVjZTE5ZTI3MGJkMB4XDTIzMDgyMzIyMDk1M1oXDTI4MDkzMDIyMDk1M1owezEb
MBkGA1UEAwwSc2NtLTFAZnYtYXo2MjEtNTExMS0wKwYDVQQLDCQ0NmY4YzIwYy0w
YmY4LTQzNjItYmEwYS05NzBjZGUyOGE0ODMxLTArBgNVBAoMJDQ3MmJjMmM0LWQx
MjItNDQ1Yi1hYmRiLTZlY2UxOWUyNzBiZDCCASIwDQYJKoZIhvcNAQEBBQADggEP
ADCCAQoCggEBAOsKigjwuwJ9DiEj78vWOXBYoH+WS8l2gFVVeTAJlyI1YpZI+rm9
gGvHG1RgIl4RP5eTsoti89IdUW33zGZPN3eSd6eRJoZOO8dZORGwGHVKby05bkbm
6Q2YgtUU9RKlU1KaN0miLIjx/fh1SOjZ+gpXhhsuUAYFc3jUYzPOZ1ux2K0FOaxm
yypmQKLHQDU218MPAN8IcYD5Nf0IMC8no5NYQrOqywOBkSBjI76oUneJPgqfmJec
4vEfVZEG1mOvO/9zGTVXWDlaL0pEh/ruf4a61x8h3Ayy0j8xpnGfQ1AJZOc/u+lN
CB9vHl797kOz+zvsBPnYO3wP9EnHnlWrYxsCAwEAAaN2MHQwDwYDVR0TAQH/BAUw
AwEB/zAOBgNVHQ8BAf8EBAMCAQYwUQYDVR0RBEowSIcECgEADoJAZnYtYXo2MjEt
NTExLmZwbmJyYTNhZDB6dTFocHFhdXU0cnNkZjRlLmN4LmludGVybmFsLmNsb3Vk
YXBwLm5ldDANBgkqhkiG9w0BAQsFAAOCAQEA6g5fBTn0nFswR1AB8pJIwoC9Jw5/
T98yWtlSftKsb00wQtpiplXK3Vv0p8CG8uyF/heNhwsGSeSemmWv6vhFwKLnBIhH
2mxvBhdtEmbNSCT+BpsfHVXm39FK4IKPBFvVIplJ+L7NTKiEDDfLm65+bl5wV6IP
w1PDvZrs5sY84TGRvZHsdOEMG5ebGb3FXmeP1xQcGZZtzysUaeMzUwwaMssaxomy
vlHvpWG0tF5u7WHjaxK5QdkwbmBaO7F/zS4Ez129lu9WW2rJ11VnAboT+l3Kb8ml
T14wcsRDv/Aej6l+sILoFXeNbEn2Z3eycBAtzE74UHncZyoB4ZE5ndwsgA==
-----END CERTIFICATE-----

2023-08-23 22:09:53,571 [Time-limited test] INFO  client.SCMCertificateClient (SCMCertificateClient.java:getCSRBuilder(165)) - Creating csr for SCM->hostName:fv-az621-511,scmId:46f8c20c-0bf8-4362-ba0a-970cde28a483,clusterId:472bc2c4-d122-445b-abdb-6ece19e270bd,subject:scm-sub-1464739788790@fv-az621-511
2023-08-23 22:09:53,572 [Time-limited test] INFO  ozone.OzoneSecurityUtil (OzoneSecurityUtil.java:getValidInetsForCurrentHost(119)) - ip:fe80:0:0:0:20d:3aff:fed9:fc2e%eth0 not returned.
2023-08-23 22:09:53,572 [Time-limited test] INFO  ozone.OzoneSecurityUtil (OzoneSecurityUtil.java:getValidInetsForCurrentHost(116)) - Adding ip:10.1.0.14,host:fv-az621-511.fpnbra3ad0zu1hpqauu4rsdf4e.cx.internal.cloudapp.net
2023-08-23 22:09:53,572 [Time-limited test] INFO  ozone.OzoneSecurityUtil (OzoneSecurityUtil.java:getValidInetsForCurrentHost(119)) - ip:0:0:0:0:0:0:0:1%lo not returned.
2023-08-23 22:09:53,572 [Time-limited test] INFO  ozone.OzoneSecurityUtil (OzoneSecurityUtil.java:getValidInetsForCurrentHost(119)) - ip:127.0.0.1 not returned.
2023-08-23 22:09:53,573 [Time-limited test] INFO  ha.HASecurityUtils (HASecurityUtils.java:generateCSR(308)) - Creating csr for SCM->hostName:fv-az621-511,scmId:46f8c20c-0bf8-4362-ba0a-970cde28a483,clusterId:472bc2c4-d122-445b-abdb-6ece19e270bd,subject:scm-sub-1464741577785@fv-az621-511
2023-08-23 22:09:53,582 [Time-limited test] INFO  authority.DefaultApprover (DefaultApprover.java:sign(154)) - Extensions in CSR: 2.5.29.19, 2.5.29.15, 2.5.29.17
2023-08-23 22:09:53,582 [Time-limited test] INFO  authority.DefaultApprover (DefaultApprover.java:sign(158)) - Extensions to add to the certificate if they present in CSR: 2.5.29.17, 2.5.29.19, 1.3.6.1.5.5.7.1.12, 2.5.29.35, 2.5.29.37, 2.5.29.15
2023-08-23 22:09:53,586 [Time-limited test] INFO  utils.CertificateCodec (CertificateCodec.java:writeCertificate(299)) - Save certificate to /tmp/junit2511217519943358722/junit1587168555866474416/scm-meta/scm/sub-ca/certs/CA-1.crt
2023-08-23 22:09:53,586 [Time-limited test] INFO  utils.CertificateCodec (CertificateCodec.java:writeCertificate(300)) - Certificate -----BEGIN CERTIFICATE-----
MIID5zCCAs+gAwIBAgIBATANBgkqhkiG9w0BAQsFADB7MRswGQYDVQQDDBJzY20t
MUBmdi1hejYyMS01MTExLTArBgNVBAsMJDQ2ZjhjMjBjLTBiZjgtNDM2Mi1iYTBh
LTk3MGNkZTI4YTQ4MzEtMCsGA1UECgwkNDcyYmMyYzQtZDEyMi00NDViLWFiZGIt
NmVjZTE5ZTI3MGJkMB4XDTIzMDgyMzIyMDk1M1oXDTI4MDkzMDIyMDk1M1owezEb
MBkGA1UEAwwSc2NtLTFAZnYtYXo2MjEtNTExMS0wKwYDVQQLDCQ0NmY4YzIwYy0w
YmY4LTQzNjItYmEwYS05NzBjZGUyOGE0ODMxLTArBgNVBAoMJDQ3MmJjMmM0LWQx
MjItNDQ1Yi1hYmRiLTZlY2UxOWUyNzBiZDCCASIwDQYJKoZIhvcNAQEBBQADggEP
ADCCAQoCggEBAOsKigjwuwJ9DiEj78vWOXBYoH+WS8l2gFVVeTAJlyI1YpZI+rm9
gGvHG1RgIl4RP5eTsoti89IdUW33zGZPN3eSd6eRJoZOO8dZORGwGHVKby05bkbm
6Q2YgtUU9RKlU1KaN0miLIjx/fh1SOjZ+gpXhhsuUAYFc3jUYzPOZ1ux2K0FOaxm
yypmQKLHQDU218MPAN8IcYD5Nf0IMC8no5NYQrOqywOBkSBjI76oUneJPgqfmJec
4vEfVZEG1mOvO/9zGTVXWDlaL0pEh/ruf4a61x8h3Ayy0j8xpnGfQ1AJZOc/u+lN
CB9vHl797kOz+zvsBPnYO3wP9EnHnlWrYxsCAwEAAaN2MHQwDwYDVR0TAQH/BAUw
AwEB/zAOBgNVHQ8BAf8EBAMCAQYwUQYDVR0RBEowSIcECgEADoJAZnYtYXo2MjEt
NTExLmZwbmJyYTNhZDB6dTFocHFhdXU0cnNkZjRlLmN4LmludGVybmFsLmNsb3Vk
YXBwLm5ldDANBgkqhkiG9w0BAQsFAAOCAQEA6g5fBTn0nFswR1AB8pJIwoC9Jw5/
T98yWtlSftKsb00wQtpiplXK3Vv0p8CG8uyF/heNhwsGSeSemmWv6vhFwKLnBIhH
2mxvBhdtEmbNSCT+BpsfHVXm39FK4IKPBFvVIplJ+L7NTKiEDDfLm65+bl5wV6IP
w1PDvZrs5sY84TGRvZHsdOEMG5ebGb3FXmeP1xQcGZZtzysUaeMzUwwaMssaxomy
vlHvpWG0tF5u7WHjaxK5QdkwbmBaO7F/zS4Ez129lu9WW2rJ11VnAboT+l3Kb8ml
T14wcsRDv/Aej6l+sILoFXeNbEn2Z3eycBAtzE74UHncZyoB4ZE5ndwsgA==
-----END CERTIFICATE-----

2023-08-23 22:09:53,588 [Time-limited test] INFO  utils.CertificateCodec (CertificateCodec.java:writeCertificate(299)) - Save certificate to /tmp/junit2511217519943358722/junit1587168555866474416/scm-meta/scm/sub-ca/certs/1464750854558.crt
2023-08-23 22:09:53,588 [Time-limited test] INFO  utils.CertificateCodec (CertificateCodec.java:writeCertificate(300)) - Certificate -----BEGIN CERTIFICATE-----
MIID/TCCAuWgAwIBAgIGAVUJ9FGeMA0GCSqGSIb3DQEBCwUAMHsxGzAZBgNVBAMM
EnNjbS0xQGZ2LWF6NjIxLTUxMTEtMCsGA1UECwwkNDZmOGMyMGMtMGJmOC00MzYy
LWJhMGEtOTcwY2RlMjhhNDgzMS0wKwYDVQQKDCQ0NzJiYzJjNC1kMTIyLTQ0NWIt
YWJkYi02ZWNlMTllMjcwYmQwHhcNMjMwODIzMjIwOTUzWhcNMjgwOTMwMjIwOTUz
WjCBizErMCkGA1UEAwwic2NtLXN1Yi0xNDY0NzQxNTc3Nzg1QGZ2LWF6NjIxLTUx
MTEtMCsGA1UECwwkNDZmOGMyMGMtMGJmOC00MzYyLWJhMGEtOTcwY2RlMjhhNDgz
MS0wKwYDVQQKDCQ0NzJiYzJjNC1kMTIyLTQ0NWItYWJkYi02ZWNlMTllMjcwYmQw
ggEiMA0GCSqGSIb3DQEBAQUAA4IBDwAwggEKAoIBAQDDOFwsYcmiOdsndrgsuZfC
54qRzkjlJ09PfccQyYht/v7en7NFWC9RTb7aCutA+2Q1ZsiArzsfZ4/ZM8sg++iz
6VY7sC2FWEytAJNB7UU/7w/vbvEd9JsNEm8pcPX1Giu/Eb9X7eeAXv8CR2IgHwPT
LITCdH7gt1GTmSQ1CYNKJuh55C+Vo4sL++REsBtC9JVEmqnigOeyemzgdI3OFdRS
4KX0dcaZTm+eTpppLMvYf+4UHMjovY047CG6zkVF7zh8RPhJZk1KBZHRFbBFXza7
w/F3iIXOXQRqp0rH7Ur+NwbXKiCYLrTNHwE5GziYFMQTGSmvnjywzrCI/p4dyTZJ
AgMBAAGjdjB0MFEGA1UdEQRKMEiHBAoBAA6CQGZ2LWF6NjIxLTUxMS5mcG5icmEz
YWQwenUxaHBxYXV1NHJzZGY0ZS5jeC5pbnRlcm5hbC5jbG91ZGFwcC5uZXQwDwYD
VR0TAQH/BAUwAwEB/zAOBgNVHQ8BAf8EBAMCAb4wDQYJKoZIhvcNAQELBQADggEB
ACIWKyI0GrKl21PytV4mGyNX/BcBhwQF3UL7i/DOFLuIIbYJtxXcwD3xmSacLKMJ
VeBj7OQBls1RJdmeUkih+UqqkTN7ruOEbS1263r4OjJu4ezRtalMFGpYmD0y9wZl
rWPiPdGrjTZWNMhAi6ASBt7wp0OqyI79k1p+rx+kSaw02D4b2ZxyxRYdd14zqxNl
Tmihj/MYS8vl/IZtsYIX+XV3l2zL+T3056knoAExQYsPCXCrhynjGhKpLJyPHM04
TMbWrSQ+YB6Z2VRHdkVjstXnIb9t7OKgIuqVrIVlD5QettBVE8/5E5i7bBtuJFW0
WJRfLEIk9B8hkBbp+G6G74I=
-----END CERTIFICATE-----

-----BEGIN CERTIFICATE-----
MIID5zCCAs+gAwIBAgIBATANBgkqhkiG9w0BAQsFADB7MRswGQYDVQQDDBJzY20t
MUBmdi1hejYyMS01MTExLTArBgNVBAsMJDQ2ZjhjMjBjLTBiZjgtNDM2Mi1iYTBh
LTk3MGNkZTI4YTQ4MzEtMCsGA1UECgwkNDcyYmMyYzQtZDEyMi00NDViLWFiZGIt
NmVjZTE5ZTI3MGJkMB4XDTIzMDgyMzIyMDk1M1oXDTI4MDkzMDIyMDk1M1owezEb
MBkGA1UEAwwSc2NtLTFAZnYtYXo2MjEtNTExMS0wKwYDVQQLDCQ0NmY4YzIwYy0w
YmY4LTQzNjItYmEwYS05NzBjZGUyOGE0ODMxLTArBgNVBAoMJDQ3MmJjMmM0LWQx
MjItNDQ1Yi1hYmRiLTZlY2UxOWUyNzBiZDCCASIwDQYJKoZIhvcNAQEBBQADggEP
ADCCAQoCggEBAOsKigjwuwJ9DiEj78vWOXBYoH+WS8l2gFVVeTAJlyI1YpZI+rm9
gGvHG1RgIl4RP5eTsoti89IdUW33zGZPN3eSd6eRJoZOO8dZORGwGHVKby05bkbm
6Q2YgtUU9RKlU1KaN0miLIjx/fh1SOjZ+gpXhhsuUAYFc3jUYzPOZ1ux2K0FOaxm
yypmQKLHQDU218MPAN8IcYD5Nf0IMC8no5NYQrOqywOBkSBjI76oUneJPgqfmJec
4vEfVZEG1mOvO/9zGTVXWDlaL0pEh/ruf4a61x8h3Ayy0j8xpnGfQ1AJZOc/u+lN
CB9vHl797kOz+zvsBPnYO3wP9EnHnlWrYxsCAwEAAaN2MHQwDwYDVR0TAQH/BAUw
AwEB/zAOBgNVHQ8BAf8EBAMCAQYwUQYDVR0RBEowSIcECgEADoJAZnYtYXo2MjEt
NTExLmZwbmJyYTNhZDB6dTFocHFhdXU0cnNkZjRlLmN4LmludGVybmFsLmNsb3Vk
YXBwLm5ldDANBgkqhkiG9w0BAQsFAAOCAQEA6g5fBTn0nFswR1AB8pJIwoC9Jw5/
T98yWtlSftKsb00wQtpiplXK3Vv0p8CG8uyF/heNhwsGSeSemmWv6vhFwKLnBIhH
2mxvBhdtEmbNSCT+BpsfHVXm39FK4IKPBFvVIplJ+L7NTKiEDDfLm65+bl5wV6IP
w1PDvZrs5sY84TGRvZHsdOEMG5ebGb3FXmeP1xQcGZZtzysUaeMzUwwaMssaxomy
vlHvpWG0tF5u7WHjaxK5QdkwbmBaO7F/zS4Ez129lu9WW2rJ11VnAboT+l3Kb8ml
T14wcsRDv/Aej6l+sILoFXeNbEn2Z3eycBAtzE74UHncZyoB4ZE5ndwsgA==
-----END CERTIFICATE-----

2023-08-23 22:09:53,595 [Time-limited test] INFO  utils.CertificateCodec (CertificateCodec.java:writeCertificate(299)) - Save certificate to /tmp/junit2511217519943358722/junit1587168555866474416/scm-meta/scm/sub-ca/certs/certificate.crt
2023-08-23 22:09:53,595 [Time-limited test] INFO  utils.CertificateCodec (CertificateCodec.java:writeCertificate(300)) - Certificate -----BEGIN CERTIFICATE-----
MIID/TCCAuWgAwIBAgIGAVUJ9FGeMA0GCSqGSIb3DQEBCwUAMHsxGzAZBgNVBAMM
EnNjbS0xQGZ2LWF6NjIxLTUxMTEtMCsGA1UECwwkNDZmOGMyMGMtMGJmOC00MzYy
LWJhMGEtOTcwY2RlMjhhNDgzMS0wKwYDVQQKDCQ0NzJiYzJjNC1kMTIyLTQ0NWIt
YWJkYi02ZWNlMTllMjcwYmQwHhcNMjMwODIzMjIwOTUzWhcNMjgwOTMwMjIwOTUz
WjCBizErMCkGA1UEAwwic2NtLXN1Yi0xNDY0NzQxNTc3Nzg1QGZ2LWF6NjIxLTUx
MTEtMCsGA1UECwwkNDZmOGMyMGMtMGJmOC00MzYyLWJhMGEtOTcwY2RlMjhhNDgz
MS0wKwYDVQQKDCQ0NzJiYzJjNC1kMTIyLTQ0NWItYWJkYi02ZWNlMTllMjcwYmQw
ggEiMA0GCSqGSIb3DQEBAQUAA4IBDwAwggEKAoIBAQDDOFwsYcmiOdsndrgsuZfC
54qRzkjlJ09PfccQyYht/v7en7NFWC9RTb7aCutA+2Q1ZsiArzsfZ4/ZM8sg++iz
6VY7sC2FWEytAJNB7UU/7w/vbvEd9JsNEm8pcPX1Giu/Eb9X7eeAXv8CR2IgHwPT
LITCdH7gt1GTmSQ1CYNKJuh55C+Vo4sL++REsBtC9JVEmqnigOeyemzgdI3OFdRS
4KX0dcaZTm+eTpppLMvYf+4UHMjovY047CG6zkVF7zh8RPhJZk1KBZHRFbBFXza7
w/F3iIXOXQRqp0rH7Ur+NwbXKiCYLrTNHwE5GziYFMQTGSmvnjywzrCI/p4dyTZJ
AgMBAAGjdjB0MFEGA1UdEQRKMEiHBAoBAA6CQGZ2LWF6NjIxLTUxMS5mcG5icmEz
YWQwenUxaHBxYXV1NHJzZGY0ZS5jeC5pbnRlcm5hbC5jbG91ZGFwcC5uZXQwDwYD
VR0TAQH/BAUwAwEB/zAOBgNVHQ8BAf8EBAMCAb4wDQYJKoZIhvcNAQELBQADggEB
ACIWKyI0GrKl21PytV4mGyNX/BcBhwQF3UL7i/DOFLuIIbYJtxXcwD3xmSacLKMJ
VeBj7OQBls1RJdmeUkih+UqqkTN7ruOEbS1263r4OjJu4ezRtalMFGpYmD0y9wZl
rWPiPdGrjTZWNMhAi6ASBt7wp0OqyI79k1p+rx+kSaw02D4b2ZxyxRYdd14zqxNl
Tmihj/MYS8vl/IZtsYIX+XV3l2zL+T3056knoAExQYsPCXCrhynjGhKpLJyPHM04
TMbWrSQ+YB6Z2VRHdkVjstXnIb9t7OKgIuqVrIVlD5QettBVE8/5E5i7bBtuJFW0
WJRfLEIk9B8hkBbp+G6G74I=
-----END CERTIFICATE-----

-----BEGIN CERTIFICATE-----
MIID5zCCAs+gAwIBAgIBATANBgkqhkiG9w0BAQsFADB7MRswGQYDVQQDDBJzY20t
MUBmdi1hejYyMS01MTExLTArBgNVBAsMJDQ2ZjhjMjBjLTBiZjgtNDM2Mi1iYTBh
LTk3MGNkZTI4YTQ4MzEtMCsGA1UECgwkNDcyYmMyYzQtZDEyMi00NDViLWFiZGIt
NmVjZTE5ZTI3MGJkMB4XDTIzMDgyMzIyMDk1M1oXDTI4MDkzMDIyMDk1M1owezEb
MBkGA1UEAwwSc2NtLTFAZnYtYXo2MjEtNTExMS0wKwYDVQQLDCQ0NmY4YzIwYy0w
YmY4LTQzNjItYmEwYS05NzBjZGUyOGE0ODMxLTArBgNVBAoMJDQ3MmJjMmM0LWQx
MjItNDQ1Yi1hYmRiLTZlY2UxOWUyNzBiZDCCASIwDQYJKoZIhvcNAQEBBQADggEP
ADCCAQoCggEBAOsKigjwuwJ9DiEj78vWOXBYoH+WS8l2gFVVeTAJlyI1YpZI+rm9
gGvHG1RgIl4RP5eTsoti89IdUW33zGZPN3eSd6eRJoZOO8dZORGwGHVKby05bkbm
6Q2YgtUU9RKlU1KaN0miLIjx/fh1SOjZ+gpXhhsuUAYFc3jUYzPOZ1ux2K0FOaxm
yypmQKLHQDU218MPAN8IcYD5Nf0IMC8no5NYQrOqywOBkSBjI76oUneJPgqfmJec
4vEfVZEG1mOvO/9zGTVXWDlaL0pEh/ruf4a61x8h3Ayy0j8xpnGfQ1AJZOc/u+lN
CB9vHl797kOz+zvsBPnYO3wP9EnHnlWrYxsCAwEAAaN2MHQwDwYDVR0TAQH/BAUw
AwEB/zAOBgNVHQ8BAf8EBAMCAQYwUQYDVR0RBEowSIcECgEADoJAZnYtYXo2MjEt
NTExLmZwbmJyYTNhZDB6dTFocHFhdXU0cnNkZjRlLmN4LmludGVybmFsLmNsb3Vk
YXBwLm5ldDANBgkqhkiG9w0BAQsFAAOCAQEA6g5fBTn0nFswR1AB8pJIwoC9Jw5/
T98yWtlSftKsb00wQtpiplXK3Vv0p8CG8uyF/heNhwsGSeSemmWv6vhFwKLnBIhH
2mxvBhdtEmbNSCT+BpsfHVXm39FK4IKPBFvVIplJ+L7NTKiEDDfLm65+bl5wV6IP
w1PDvZrs5sY84TGRvZHsdOEMG5ebGb3FXmeP1xQcGZZtzysUaeMzUwwaMssaxomy
vlHvpWG0tF5u7WHjaxK5QdkwbmBaO7F/zS4Ez129lu9WW2rJ11VnAboT+l3Kb8ml
T14wcsRDv/Aej6l+sILoFXeNbEn2Z3eycBAtzE74UHncZyoB4ZE5ndwsgA==
-----END CERTIFICATE-----

2023-08-23 22:09:53,595 [Time-limited test] INFO  ha.HASecurityUtils (HASecurityUtils.java:initializeSecurity(121)) - Successfully stored SCM signed certificate.
2023-08-23 22:09:53,600 [Time-limited test] WARN  server.ServerUtils (ServerUtils.java:getScmDbDir(155)) - ozone.scm.db.dirs is not configured. We recommend adding this setting. Falling back to ozone.metadata.dirs instead.
2023-08-23 22:09:53,600 [Time-limited test] INFO  ha.SCMHANodeDetails (SCMHANodeDetails.java:loadSCMHAConfig(210)) - ServiceID for StorageContainerManager is null
2023-08-23 22:09:53,600 [Time-limited test] INFO  ha.SCMHANodeDetails (SCMHANodeDetails.java:loadSCMHAConfig(215)) - ozone.scm.default.service.id is not defined, falling back to ozone.scm.service.ids to find serviceID for StorageContainerManager if it is HA enabled cluster
2023-08-23 22:09:53,604 [pool-201-thread-1] INFO  request.KdcRequest (KdcRequest.java:preauth(651)) - The preauth data is empty.
2023-08-23 22:09:53,605 [pool-201-thread-1] INFO  server.KdcHandler (KdcHandler.java:handleRecoverableException(177)) - KRB error occurred while processing request:Additional pre-authentication required
2023-08-23 22:09:53,610 [pool-201-thread-2] INFO  request.AsRequest (AsRequest.java:issueTicket(112)) - AS_REQ ISSUE: authtime 1692828593609,scm/fv-az621-511.fpnbra3ad0zu1hpqauu4rsdf4e.cx.internal.cloudapp.net@EXAMPLE.COM for krbtgt/EXAMPLE.COM@EXAMPLE.COM
2023-08-23 22:09:53,614 [Time-limited test] INFO  security.UserGroupInformation (UserGroupInformation.java:loginUserFromKeytab(1132)) - Login successful for user scm/fv-az621-511.fpnbra3ad0zu1hpqauu4rsdf4e.cx.internal.cloudapp.net@EXAMPLE.COM using keytab file scm.keytab. Keytab auto renewal enabled : false
2023-08-23 22:09:53,614 [Time-limited test] INFO  server.StorageContainerManager (StorageContainerManager.java:loginAsSCMUserIfSecurityEnabled(1042)) - SCM login successful.
2023-08-23 22:09:53,616 [Time-limited test] INFO  client.SCMCertificateClient (DefaultCertificateClient.java:updateCertSerialId(1244)) - Certificate serial ID set to 1464750854558
2023-08-23 22:09:53,618 [Time-limited test] INFO  client.SCMCertificateClient (DefaultCertificateClient.java:readCertificateFile(237)) - Added certificate   [0]         Version: 3
         SerialNumber: 1464750854558
             IssuerDN: CN=scm-1@fv-az621-511,OU=46f8c20c-0bf8-4362-ba0a-970cde28a483,O=472bc2c4-d122-445b-abdb-6ece19e270bd
           Start Date: Wed Aug 23 22:09:53 UTC 2023
           Final Date: Sat Sep 30 22:09:53 UTC 2028
            SubjectDN: CN=scm-sub-1464741577785@fv-az621-511,OU=46f8c20c-0bf8-4362-ba0a-970cde28a483,O=472bc2c4-d122-445b-abdb-6ece19e270bd
           Public Key: RSA Public Key [13:f2:64:68:91:7e:67:b2:4c:79:28:77:8a:ab:08:26:e3:1f:8a:c5],[56:66:d1:a4]
        modulus: c3385c2c61c9a239db2776b82cb997c2e78a91ce48e5274f4f7dc710c9886dfefede9fb345582f514dbeda0aeb40fb643566c880af3b1f678fd933cb20fbe8b3e9563bb02d85584cad009341ed453fef0fef6ef11df49b0d126f2970f5f51a2bbf11bf57ede7805eff024762201f03d32c84c2747ee0b7519399243509834a26e879e42f95a38b0bfbe444b01b42f495449aa9e280e7b27a6ce0748dce15d452e0a5f475c6994e6f9e4e9a692ccbd87fee141cc8e8bd8d38ec21bace4545ef387c44f849664d4a0591d115b0455f36bbc3f1778885ce5d046aa74ac7ed4afe3706d72a20982eb4cd1f01391b389814c4131929af9e3cb0ceb088fe9e1dc93649
public exponent: 10001

  Signature Algorithm: SHA256WITHRSA
            Signature: 22162b22341ab2a5db53f2b55e261b2357fc1701
                       870405dd42fb8bf0ce14bb8821b609b715dcc03d
                       f199269c2ca30955e063ece40196cd5125d99e52
                       48a1f94aaa91337baee3846d2d76eb7af83a326e
                       e1ecd1b5a94c146a58983d32f70665ad63e23dd1
                       ab8d365634c8408ba01206def0a743aac88efd93
                       5a7eaf1fa449ac34d83e1bd99c72c5161d775e33
                       ab13654e68a18ff3184bcbe5fc866db18217f975
                       77976ccbf93df4e7a927a00131418b0f0970ab87
                       29e31a12a92c9c8f1ccd384cc6d6ad243e601e99
                       d95447764563b2d5e721bf6dece2a022ea95ac85
                       650f941eb6d05513cff91398bb6c1b6e2455b458
                       945f2c4224f41f219016e9f86e86ef82
       Extensions: 
                       critical(false) 2.5.29.17 value = Sequence
    Tagged [7] IMPLICIT 
        DER Octet String[4] 
    Tagged [2] IMPLICIT 
        DER Octet String[64] 

                       critical(true) BasicConstraints: isCa(true)
                       critical(true) KeyUsage: 0xbe
 from file: /tmp/junit2511217519943358722/junit1587168555866474416/scm-meta/scm/sub-ca/certs/1464750854558.crt.
2023-08-23 22:09:53,619 [Time-limited test] INFO  client.SCMCertificateClient (DefaultCertificateClient.java:readCertificateFile(237)) - Added certificate   [0]         Version: 3
         SerialNumber: 1
             IssuerDN: CN=scm-1@fv-az621-511,OU=46f8c20c-0bf8-4362-ba0a-970cde28a483,O=472bc2c4-d122-445b-abdb-6ece19e270bd
           Start Date: Wed Aug 23 22:09:53 UTC 2023
           Final Date: Sat Sep 30 22:09:53 UTC 2028
            SubjectDN: CN=scm-1@fv-az621-511,OU=46f8c20c-0bf8-4362-ba0a-970cde28a483,O=472bc2c4-d122-445b-abdb-6ece19e270bd
           Public Key: RSA Public Key [de:78:4c:8c:e9:d9:73:6b:b2:e3:45:11:14:a6:98:79:ef:90:aa:90],[56:66:d1:a4]
        modulus: eb0a8a08f0bb027d0e2123efcbd6397058a07f964bc976805555793009972235629648fab9bd806bc71b5460225e113f9793b28b62f3d21d516df7cc664f37779277a79126864e3bc7593911b018754a6f2d396e46e6e90d9882d514f512a553529a3749a22c88f1fdf87548e8d9fa0a57861b2e5006057378d46333ce675bb1d8ad0539ac66cb2a6640a2c7403536d7c30f00df087180f935fd08302f27a3935842b3aacb038191206323bea85277893e0a9f98979ce2f11f559106d663af3bff7319355758395a2f4a4487faee7f86bad71f21dc0cb2d23f31a6719f43500964e73fbbe94d081f6f1e5efdee43b3fb3bec04f9d83b7c0ff449c79e55ab631b
public exponent: 10001

  Signature Algorithm: SHA256WITHRSA
            Signature: ea0e5f0539f49c5b30475001f29248c280bd270e
                       7f4fdf325ad9527ed2ac6f4d3042da62a655cadd
                       5bf4a7c086f2ec85fe178d870b0649e49e9a65af
                       eaf845c0a2e7048847da6c6f06176d1266cd4824
                       fe069b1f1d55e6dfd14ae0828f045bd5229949f8
                       becd4ca8840c37cb9bae7e6e5e7057a20fc353c3
                       bd9aece6c63ce13191bd91ec74e10c1b979b19bd
                       c55e678fd7141c19966dcf2b1469e333530c1a32
                       cb1ac689b2be51efa561b4b45e6eed61e36b12b9
                       41d9306e605a3bb17fcd2e04cf5dbd96ef565b6a
                       c9d7556701ba13fa5dca6fc9a54f5e3072c443bf
                       f01e8fa97eb082e815778d6c49f66777b270102d
                       cc4ef85079dc672a01e191399ddc2c80
       Extensions: 
                       critical(true) BasicConstraints: isCa(true)
                       critical(true) KeyUsage: 0x6
                       critical(false) 2.5.29.17 value = Sequence
    Tagged [7] IMPLICIT 
        DER Octet String[4] 
    Tagged [2] IMPLICIT 
        DER Octet String[64] 

 from file: /tmp/junit2511217519943358722/junit1587168555866474416/scm-meta/scm/sub-ca/certs/CA-1.crt.
2023-08-23 22:09:53,620 [Time-limited test] INFO  client.SCMCertificateClient (DefaultCertificateClient.java:readCertificateFile(237)) - Added certificate   [0]         Version: 3
         SerialNumber: 1464750854558
             IssuerDN: CN=scm-1@fv-az621-511,OU=46f8c20c-0bf8-4362-ba0a-970cde28a483,O=472bc2c4-d122-445b-abdb-6ece19e270bd
           Start Date: Wed Aug 23 22:09:53 UTC 2023
           Final Date: Sat Sep 30 22:09:53 UTC 2028
            SubjectDN: CN=scm-sub-1464741577785@fv-az621-511,OU=46f8c20c-0bf8-4362-ba0a-970cde28a483,O=472bc2c4-d122-445b-abdb-6ece19e270bd
           Public Key: RSA Public Key [13:f2:64:68:91:7e:67:b2:4c:79:28:77:8a:ab:08:26:e3:1f:8a:c5],[56:66:d1:a4]
        modulus: c3385c2c61c9a239db2776b82cb997c2e78a91ce48e5274f4f7dc710c9886dfefede9fb345582f514dbeda0aeb40fb643566c880af3b1f678fd933cb20fbe8b3e9563bb02d85584cad009341ed453fef0fef6ef11df49b0d126f2970f5f51a2bbf11bf57ede7805eff024762201f03d32c84c2747ee0b7519399243509834a26e879e42f95a38b0bfbe444b01b42f495449aa9e280e7b27a6ce0748dce15d452e0a5f475c6994e6f9e4e9a692ccbd87fee141cc8e8bd8d38ec21bace4545ef387c44f849664d4a0591d115b0455f36bbc3f1778885ce5d046aa74ac7ed4afe3706d72a20982eb4cd1f01391b389814c4131929af9e3cb0ceb088fe9e1dc93649
public exponent: 10001

  Signature Algorithm: SHA256WITHRSA
            Signature: 22162b22341ab2a5db53f2b55e261b2357fc1701
                       870405dd42fb8bf0ce14bb8821b609b715dcc03d
                       f199269c2ca30955e063ece40196cd5125d99e52
                       48a1f94aaa91337baee3846d2d76eb7af83a326e
                       e1ecd1b5a94c146a58983d32f70665ad63e23dd1
                       ab8d365634c8408ba01206def0a743aac88efd93
                       5a7eaf1fa449ac34d83e1bd99c72c5161d775e33
                       ab13654e68a18ff3184bcbe5fc866db18217f975
                       77976ccbf93df4e7a927a00131418b0f0970ab87
                       29e31a12a92c9c8f1ccd384cc6d6ad243e601e99
                       d95447764563b2d5e721bf6dece2a022ea95ac85
                       650f941eb6d05513cff91398bb6c1b6e2455b458
                       945f2c4224f41f219016e9f86e86ef82
       Extensions: 
                       critical(false) 2.5.29.17 value = Sequence
    Tagged [7] IMPLICIT 
        DER Octet String[4] 
    Tagged [2] IMPLICIT 
        DER Octet String[64] 

                       critical(true) BasicConstraints: isCa(true)
                       critical(true) KeyUsage: 0xbe
 from file: /tmp/junit2511217519943358722/junit1587168555866474416/scm-meta/scm/sub-ca/certs/certificate.crt.
2023-08-23 22:09:53,620 [Time-limited test] INFO  client.SCMCertificateClient (DefaultCertificateClient.java:loadAllCertificates(191)) - CertificateRenewerService and root ca rotation polling is disabled for scm/sub-ca
2023-08-23 22:09:53,620 [Time-limited test] WARN  utils.HAUtils (HAUtils.java:getMetaDir(339)) - ozone.scm.db.dirs is not configured. We recommend adding this setting. Falling back to ozone.metadata.dirs instead.
2023-08-23 22:09:53,621 [Time-limited test] WARN  db.DBStoreBuilder (DBStoreBuilder.java:applyDBDefinition(166)) - ozone.scm.db.dirs is not configured. We recommend adding this setting. Falling back to ozone.metadata.dirs instead.
2023-08-23 22:09:53,722 [Time-limited test] INFO  net.NodeSchemaLoader (NodeSchemaLoader.java:loadSchemaFromFile(129)) - Loading schema from [jar:file:/home/runner/.m2/repository/org/apache/ozone/hdds-common/1.4.0-SNAPSHOT/hdds-common-1.4.0-SNAPSHOT.jar!/network-topology-default.xml]
2023-08-23 22:09:53,722 [Time-limited test] INFO  net.NodeSchemaLoader (NodeSchemaLoader.java:loadSchema(176)) - Loading network topology layer schema file
2023-08-23 22:09:53,727 [Time-limited test] INFO  upgrade.AbstractLayoutVersionManager (AbstractLayoutVersionManager.java:init(83)) - Initializing Layout version manager with metadata layout = HADOOP_PRC_PORTS_IN_DATANODEDETAILS (version = 7), software layout = HADOOP_PRC_PORTS_IN_DATANODEDETAILS (version = 7)
2023-08-23 22:09:53,729 [Time-limited test] INFO  ha.SequenceIdGenerator (SequenceIdGenerator.java:upgradeToSequenceId(365)) - upgrade localId to 111677748019200000
2023-08-23 22:09:53,730 [Time-limited test] INFO  ha.SequenceIdGenerator (SequenceIdGenerator.java:upgradeToSequenceId(375)) - upgrade delTxnId to 0
2023-08-23 22:09:53,731 [Time-limited test] INFO  ha.SequenceIdGenerator (SequenceIdGenerator.java:upgradeToSequenceId(392)) - upgrade containerId to 0
2023-08-23 22:09:53,732 [Time-limited test] INFO  ha.SequenceIdGenerator (SequenceIdGenerator.java:upgradeToSequenceId(428)) - upgrade rootCertificateId to 1
2023-08-23 22:09:53,732 [Time-limited test] INFO  ha.SequenceIdGenerator (SequenceIdGenerator.java:<init>(236)) - Init the HA SequenceIdGenerator.
2023-08-23 22:09:53,735 [Time-limited test] INFO  node.SCMNodeManager (SCMNodeManager.java:<init>(157)) - Entering startup safe mode.
2023-08-23 22:09:53,736 [Time-limited test] INFO  algorithms.ContainerPlacementPolicyFactory (ContainerPlacementPolicyFactory.java:getPolicyInternal(86)) - Create container placement policy of type org.apache.hadoop.hdds.scm.container.placement.algorithms.SCMContainerPlacementRackAware
2023-08-23 22:09:53,737 [Time-limited test] INFO  algorithms.ContainerPlacementPolicyFactory (ContainerPlacementPolicyFactory.java:getPolicyInternal(86)) - Create container placement policy of type org.apache.hadoop.hdds.scm.container.placement.algorithms.SCMContainerPlacementRackScatter
2023-08-23 22:09:53,737 [Time-limited test] INFO  pipeline.PipelineStateManagerImpl (PipelineStateManagerImpl.java:initialize(78)) - No pipeline exists in current db
2023-08-23 22:09:53,737 [Time-limited test] INFO  algorithms.LeaderChoosePolicyFactory (LeaderChoosePolicyFactory.java:getPolicy(57)) - Create leader choose policy of type org.apache.hadoop.hdds.scm.pipeline.leader.choose.algorithms.MinLeaderCountChoosePolicy
2023-08-23 22:09:53,737 [Time-limited test] INFO  algorithms.ContainerPlacementPolicyFactory (ContainerPlacementPolicyFactory.java:getPolicyInternal(86)) - Create container placement policy of type org.apache.hadoop.hdds.scm.container.placement.algorithms.SCMContainerPlacementRackScatter
2023-08-23 22:09:53,738 [Time-limited test] INFO  ha.SCMServiceManager (SCMServiceManager.java:register(42)) - Registering service BackgroundPipelineCreator.
2023-08-23 22:09:53,738 [Time-limited test] INFO  pipeline.BackgroundPipelineCreator (BackgroundPipelineCreator.java:start(124)) - Starting RatisPipelineUtilsThread.
2023-08-23 22:09:53,751 [Time-limited test] INFO  BackgroundPipelineScrubber (BackgroundSCMService.java:start(68)) - Starting BackgroundPipelineScrubber Service.
2023-08-23 22:09:53,751 [Time-limited test] INFO  ha.SCMServiceManager (SCMServiceManager.java:register(42)) - Registering service BackgroundPipelineScrubber.
2023-08-23 22:09:53,751 [Time-limited test] INFO  ExpiredContainerReplicaOpScrubber (BackgroundSCMService.java:start(68)) - Starting ExpiredContainerReplicaOpScrubber Service.
2023-08-23 22:09:53,752 [Time-limited test] INFO  ha.SCMServiceManager (SCMServiceManager.java:register(42)) - Registering service ExpiredContainerReplicaOpScrubber.
2023-08-23 22:09:53,753 [Time-limited test] INFO  algorithms.PipelineChoosePolicyFactory (PipelineChoosePolicyFactory.java:createPipelineChoosePolicyFromClass(78)) - Create pipeline choose policy of type org.apache.hadoop.hdds.scm.pipeline.choose.algorithms.RandomPipelineChoosePolicy
2023-08-23 22:09:53,753 [Time-limited test] INFO  algorithms.PipelineChoosePolicyFactory (PipelineChoosePolicyFactory.java:createPipelineChoosePolicyFromClass(78)) - Create pipeline choose policy of type org.apache.hadoop.hdds.scm.pipeline.choose.algorithms.RandomPipelineChoosePolicy
2023-08-23 22:09:53,754 [Time-limited test] INFO  ha.SCMServiceManager (SCMServiceManager.java:register(42)) - Registering service SCMBlockDeletingService.
2023-08-23 22:09:53,757 [Time-limited test] INFO  replication.ReplicationManager (ReplicationManager.java:start(287)) - Starting Replication Monitor Thread.
2023-08-23 22:09:53,760 [Time-limited test] INFO  ha.SCMServiceManager (SCMServiceManager.java:register(42)) - Registering service ReplicationManager.
2023-08-23 22:09:53,761 [Time-limited test] INFO  safemode.ContainerSafeModeRule (ContainerSafeModeRule.java:<init>(90)) - containers with one replica threshold count 0
2023-08-23 22:09:53,762 [Time-limited test] INFO  safemode.HealthyPipelineSafeModeRule (HealthyPipelineSafeModeRule.java:initializeRule(169)) - Total pipeline count is 0, healthy pipeline threshold count is 0
2023-08-23 22:09:53,762 [Time-limited test] INFO  safemode.OneReplicaPipelineSafeModeRule (OneReplicaPipelineSafeModeRule.java:initializeRule(180)) - Total pipeline count is 0, pipeline's with at least one datanode reported threshold count is 0
2023-08-23 22:09:53,771 [ReplicationMonitor] INFO  replication.ReplicationManager (ReplicationManager.java:processAll(361)) - Replication Manager is not ready to run until 300000ms after safemode exit
2023-08-23 22:09:53,772 [Time-limited test] INFO  authority.DefaultCAServer (DefaultCAServer.java:lambda$processVerificationStatus$0(472)) - CertificateServer validation is successful
2023-08-23 22:09:53,772 [Time-limited test] INFO  authority.DefaultCAServer (DefaultCAServer.java:lambda$processVerificationStatus$0(472)) - CertificateServer validation is successful
2023-08-23 22:09:53,773 [Time-limited test] INFO  server.StorageContainerManager (StorageContainerManager.java:persistPrimarySCMCerts(932)) - Storing sub-ca certificate serialId 1464750854558 on primary SCM
2023-08-23 22:09:53,774 [Time-limited test] INFO  server.SCMCertStore (SCMCertStore.java:storeValidScmCertificate(122)) - Scm certificate 1464750854558 for CN=scm-sub-1464741577785@fv-az621-511,OU=46f8c20c-0bf8-4362-ba0a-970cde28a483,O=472bc2c4-d122-445b-abdb-6ece19e270bd is stored
2023-08-23 22:09:53,774 [Time-limited test] INFO  server.StorageContainerManager (StorageContainerManager.java:persistPrimarySCMCerts(940)) - Storing root certificate serialId 1
2023-08-23 22:09:53,775 [Time-limited test] INFO  server.SCMCertStore (SCMCertStore.java:storeValidScmCertificate(122)) - Scm certificate 1 for CN=scm-1@fv-az621-511,OU=46f8c20c-0bf8-4362-ba0a-970cde28a483,O=472bc2c4-d122-445b-abdb-6ece19e270bd is stored
2023-08-23 22:09:53,775 [Time-limited test] INFO  ipc.CallQueueManager (CallQueueManager.java:<init>(90)) - Using callQueue: class java.util.concurrent.LinkedBlockingQueue, queueCapacity: 200, scheduler: class org.apache.hadoop.ipc.DefaultRpcScheduler, ipcBackoff: false.
2023-08-23 22:09:53,776 [Time-limited test] INFO  ipc.Server (Server.java:<init>(1287)) - Listener at 0.0.0.0:9961
2023-08-23 22:09:53,776 [Socket Reader #1 for port 9961] INFO  ipc.Server (Server.java:run(1323)) - Starting Socket Reader #1 for port 9961
2023-08-23 22:09:53,778 [Time-limited test] INFO  server.StorageContainerManager (StorageContainerManager.java:<init>(425)) - SCM start with adminUsers: [om/fv-az621-511.fpnbra3ad0zu1hpqauu4rsdf4e.cx.internal.cloudapp.net@EXAMPLE.COM, scm]
2023-08-23 22:09:53,778 [Time-limited test] INFO  ipc.CallQueueManager (CallQueueManager.java:<init>(90)) - Using callQueue: class java.util.concurrent.LinkedBlockingQueue, queueCapacity: 10000, scheduler: class org.apache.hadoop.ipc.DefaultRpcScheduler, ipcBackoff: false.
2023-08-23 22:09:53,779 [Time-limited test] INFO  ipc.Server (Server.java:<init>(1287)) - Listener at 0.0.0.0:9861
2023-08-23 22:09:53,779 [Socket Reader #1 for port 9861] INFO  ipc.Server (Server.java:run(1323)) - Starting Socket Reader #1 for port 9861
2023-08-23 22:09:53,780 [Time-limited test] INFO  ipc.CallQueueManager (CallQueueManager.java:<init>(90)) - Using callQueue: class java.util.concurrent.LinkedBlockingQueue, queueCapacity: 10000, scheduler: class org.apache.hadoop.ipc.DefaultRpcScheduler, ipcBackoff: false.
2023-08-23 22:09:53,781 [Time-limited test] INFO  ipc.Server (Server.java:<init>(1287)) - Listener at 0.0.0.0:9863
2023-08-23 22:09:53,781 [Socket Reader #1 for port 9863] INFO  ipc.Server (Server.java:run(1323)) - Starting Socket Reader #1 for port 9863
2023-08-23 22:09:53,795 [Time-limited test] INFO  ipc.CallQueueManager (CallQueueManager.java:<init>(90)) - Using callQueue: class java.util.concurrent.LinkedBlockingQueue, queueCapacity: 10000, scheduler: class org.apache.hadoop.ipc.DefaultRpcScheduler, ipcBackoff: false.
2023-08-23 22:09:53,795 [Time-limited test] INFO  ipc.Server (Server.java:<init>(1287)) - Listener at 0.0.0.0:9860
2023-08-23 22:09:53,795 [Socket Reader #1 for port 9860] INFO  ipc.Server (Server.java:run(1323)) - Starting Socket Reader #1 for port 9860
2023-08-23 22:09:53,813 [Time-limited test] INFO  ha.SCMServiceManager (SCMServiceManager.java:register(42)) - Registering service ContainerBalancer.
2023-08-23 22:09:53,813 [Time-limited test] INFO  server.StorageContainerManager (StorageContainerManager.java:<init>(438)) - 
Container Balancer status:
Key                            Value
Running                        false
Container Balancer Configuration values:
Key                                                Value
Threshold                                          10
Max Datanodes to Involve per Iteration(percent)    20
Max Size to Move per Iteration                     500GB
Max Size Entering Target per Iteration             26GB
Max Size Leaving Source per Iteration              26GB

2023-08-23 22:09:53,813 [Time-limited test] INFO  ha.SCMContext (SCMContext.java:updateSafeModeStatus(228)) - Update SafeModeStatus from SafeModeStatus{safeModeStatus=true, preCheckPassed=false} to SafeModeStatus{safeModeStatus=true, preCheckPassed=false}.
2023-08-23 22:09:53,814 [Time-limited test] INFO  server.StorageContainerManager (StorageContainerManager.java:start(1483)) - StorageContainerLocationProtocol RPC server is listening at /0.0.0.0:9860
2023-08-23 22:09:53,814 [Time-limited test] INFO  impl.MetricsSystemImpl (MetricsSystemImpl.java:init(158)) - StorageContainerManager metrics system started (again)
2023-08-23 22:09:53,835 [Time-limited test] INFO  server.SCMClientProtocolServer (SCMClientProtocolServer.java:start(201)) - RPC server for Client  is listening at /0.0.0.0:9860
2023-08-23 22:09:53,836 [IPC Server Responder] INFO  ipc.Server (Server.java:run(1562)) - IPC Server Responder: starting
2023-08-23 22:09:53,836 [IPC Server listener on 9860] INFO  ipc.Server (Server.java:run(1402)) - IPC Server listener on 9860: starting
2023-08-23 22:09:53,862 [Time-limited test] INFO  server.StorageContainerManager (StorageContainerManager.java:start(1496)) - ScmBlockLocationProtocol RPC server is listening at /0.0.0.0:9863
2023-08-23 22:09:53,862 [Time-limited test] INFO  server.SCMBlockProtocolServer (SCMBlockProtocolServer.java:start(152)) - RPC server for Block Protocol is listening at /0.0.0.0:9863
2023-08-23 22:09:53,862 [IPC Server Responder] INFO  ipc.Server (Server.java:run(1562)) - IPC Server Responder: starting
2023-08-23 22:09:53,863 [IPC Server listener on 9863] INFO  ipc.Server (Server.java:run(1402)) - IPC Server listener on 9863: starting
2023-08-23 22:09:53,870 [Time-limited test] INFO  server.SCMDatanodeProtocolServer (SCMDatanodeProtocolServer.java:start(193)) - ScmDatanodeProtocol RPC server for DataNodes is listening at /0.0.0.0:9861
2023-08-23 22:09:53,870 [IPC Server Responder] INFO  ipc.Server (Server.java:run(1562)) - IPC Server Responder: starting
2023-08-23 22:09:53,871 [IPC Server listener on 9861] INFO  ipc.Server (Server.java:run(1402)) - IPC Server listener on 9861: starting
2023-08-23 22:09:53,877 [Time-limited test] INFO  server.SCMSecurityProtocolServer (SCMSecurityProtocolServer.java:start(542)) - Starting RPC server for SCMSecurityProtocolServer. is listening at /0.0.0.0:9961
2023-08-23 22:09:53,877 [IPC Server Responder] INFO  ipc.Server (Server.java:run(1562)) - IPC Server Responder: starting
2023-08-23 22:09:53,877 [IPC Server listener on 9961] INFO  ipc.Server (Server.java:run(1402)) - IPC Server listener on 9961: starting
2023-08-23 22:09:53,879 [Time-limited test] INFO  server.SCMUpdateServiceGrpcServer (SCMUpdateServiceGrpcServer.java:start(58)) - SCMUpdateService starting
2023-08-23 22:09:53,892 [JvmPauseMonitor3] INFO  util.JvmPauseMonitor (JvmPauseMonitor.java:run(103)) - JvmPauseMonitor-46f8c20c-0bf8-4362-ba0a-970cde28a483: Started
2023-08-23 22:09:53,892 [Time-limited test] INFO  http.BaseHttpServer (BaseHttpServer.java:newHttpServer2BuilderForOzone(224)) - Starting Web-server for scm at: http://0.0.0.0:9876
2023-08-23 22:09:53,892 [Time-limited test] INFO  http.BaseHttpServer (BaseHttpServer.java:<init>(111)) - Hadoop Security Enabled: true Ozone Security Enabled: true Ozone HTTP Security Enabled: false 
2023-08-23 22:09:53,894 [Time-limited test] WARN  server.AuthenticationFilter (AuthenticationFilter.java:constructSecretProvider(240)) - Unable to initialize FileSignerSecretProvider, falling back to use random secrets. Reason: Could not read signature secret file: /home/runner/hadoop-http-auth-signature-secret
2023-08-23 22:09:53,900 [Time-limited test] INFO  http.HttpRequestLog (HttpRequestLog.java:getRequestLog(86)) - Http request log for http.requests.scm is not defined
2023-08-23 22:09:53,902 [Time-limited test] INFO  http.HttpServer2 (HttpServer2.java:addGlobalFilter(1031)) - Added global filter 'safety' (class=org.apache.hadoop.hdds.server.http.HttpServer2$QuotingInputFilter)
2023-08-23 22:09:53,903 [Time-limited test] INFO  http.HttpServer2 (HttpServer2.java:addFilter(1007)) - Added filter static_user_filter (class=org.apache.hadoop.http.lib.StaticUserWebFilter$StaticUserFilter) to context scm
2023-08-23 22:09:53,903 [Time-limited test] INFO  http.HttpServer2 (HttpServer2.java:addFilter(1015)) - Added filter static_user_filter (class=org.apache.hadoop.http.lib.StaticUserWebFilter$StaticUserFilter) to context logs
2023-08-23 22:09:53,903 [Time-limited test] INFO  http.HttpServer2 (HttpServer2.java:addFilter(1015)) - Added filter static_user_filter (class=org.apache.hadoop.http.lib.StaticUserWebFilter$StaticUserFilter) to context static
2023-08-23 22:09:53,905 [Time-limited test] INFO  http.BaseHttpServer (BaseHttpServer.java:<init>(190)) - HTTP server of scm uses base directory /tmp/junit2511217519943358722/junit1587168555866474416/scm-meta/webserver
2023-08-23 22:09:53,906 [Time-limited test] INFO  http.HttpServer2 (HttpServer2.java:bindListener(1250)) - Jetty bound to port 9876
2023-08-23 22:09:53,907 [Time-limited test] INFO  server.Server (Server.java:doStart(375)) - jetty-9.4.51.v20230217; built: 2023-02-17T08:19:37.309Z; git: b45c405e4544384de066f814ed42ae3dceacdd49; jvm 1.8.0_382-b05
2023-08-23 22:09:53,939 [Time-limited test] INFO  server.session (DefaultSessionIdManager.java:doStart(334)) - DefaultSessionIdManager workerName=node0
2023-08-23 22:09:53,939 [Time-limited test] INFO  server.session (DefaultSessionIdManager.java:doStart(339)) - No SessionScavenger set, using defaults
2023-08-23 22:09:53,940 [Time-limited test] INFO  server.session (HouseKeeper.java:startScavenging(132)) - node0 Scavenging every 600000ms
2023-08-23 22:09:53,942 [Time-limited test] INFO  handler.ContextHandler (ContextHandler.java:doStart(921)) - Started o.e.j.s.ServletContextHandler@6c7c7ea6{logs,/logs,file:///home/runner/work/ozone/ozone/hadoop-ozone/integration-test/target/log,AVAILABLE}
2023-08-23 22:09:53,943 [Time-limited test] INFO  handler.ContextHandler (ContextHandler.java:doStart(921)) - Started o.e.j.s.ServletContextHandler@7279e156{static,/static,file:///home/runner/work/ozone/ozone/hadoop-ozone/integration-test/target/test-classes/webapps/static,AVAILABLE}
2023-08-23 22:09:53,947 [Time-limited test] INFO  handler.ContextHandler (ContextHandler.java:doStart(921)) - Started o.e.j.w.WebAppContext@7dfb70b{scm,/,file:///home/runner/work/ozone/ozone/hadoop-ozone/integration-test/target/test-classes/webapps/scm/,AVAILABLE}{file:/home/runner/work/ozone/ozone/hadoop-ozone/integration-test/target/test-classes/webapps/scm}
2023-08-23 22:09:53,953 [Time-limited test] INFO  server.AbstractConnector (AbstractConnector.java:doStart(333)) - Started ServerConnector@700bf8fe{HTTP/1.1, (http/1.1)}{0.0.0.0:9876}
2023-08-23 22:09:53,954 [Time-limited test] INFO  server.Server (Server.java:doStart(415)) - Started @58529ms
2023-08-23 22:09:53,954 [Time-limited test] WARN  impl.MetricsSystemImpl (MetricsSystemImpl.java:register(279)) - Sink prometheus already exists!
2023-08-23 22:09:53,954 [Time-limited test] INFO  http.BaseHttpServer (BaseHttpServer.java:updateConnectorAddress(344)) - HTTP server of scm listening at http://0.0.0.0:9876
2023-08-23 22:09:53,955 [Time-limited test] WARN  server.ServerUtils (ServerUtils.java:getDBPath(311)) - ozone.om.db.dirs is not configured. We recommend adding this setting. Falling back to ozone.metadata.dirs instead.
2023-08-23 22:09:53,955 [Time-limited test] INFO  om.OzoneManager (OzoneManager.java:initializeSecurity(1382)) - Initializing secure OzoneManager.
2023-08-23 22:09:53,956 [Time-limited test] INFO  om.OzoneManager (OzoneManager.java:getOmDetailsProto(4552)) - OzoneManager ports added:[name: "RPC"
value: 1202
]
2023-08-23 22:09:53,957 [Time-limited test] INFO  security.OMCertificateClient (DefaultCertificateClient.java:updateCertSerialId(1244)) - Certificate serial ID set to null
2023-08-23 22:09:53,957 [Time-limited test] ERROR security.OMCertificateClient (DefaultCertificateClient.java:getCertPath(362)) - Default certificate serial id is not set. Can't locate the default certificate for this client.
2023-08-23 22:09:53,957 [Time-limited test] INFO  security.OMCertificateClient (DefaultCertificateClient.java:init(715)) - Certificate client init case: 0
2023-08-23 22:09:53,957 [Time-limited test] INFO  security.OMCertificateClient (CommonCertificateClient.java:handleCase(73)) - Creating keypair for client as keypair and certificate not found.
2023-08-23 22:09:53,989 [pool-201-thread-2] INFO  request.TgsRequest (TgsRequest.java:issueTicket(115)) - TGS_REQ ISSUE: authtime 1692828593989,scm/fv-az621-511.fpnbra3ad0zu1hpqauu4rsdf4e.cx.internal.cloudapp.net for scm/fv-az621-511.fpnbra3ad0zu1hpqauu4rsdf4e.cx.internal.cloudapp.net@EXAMPLE.COM
2023-08-23 22:09:54,026 [Socket Reader #1 for port 9961] INFO  ipc.Server (Server.java:saslProcess(2139)) - Auth successful for scm/fv-az621-511.fpnbra3ad0zu1hpqauu4rsdf4e.cx.internal.cloudapp.net@EXAMPLE.COM (auth:KERBEROS) from fv-az621-511.fpnbra3ad0zu1hpqauu4rsdf4e.cx.internal.cloudapp.net:46101 / 10.1.0.14:46101
2023-08-23 22:09:54,049 [IPC Server handler 0 on default port 9961] INFO  client.SCMCertificateClient (DefaultCertificateClient.java:getAllRootCaCerts(901)) - scm/sub-ca has 0 Root CA certificates
2023-08-23 22:09:54,049 [IPC Server handler 0 on default port 9961] INFO  client.SCMCertificateClient (DefaultCertificateClient.java:getAllCaCerts(909)) - scm/sub-ca has 1 CA certificates
2023-08-23 22:09:54,054 [scm/sub-ca-refreshCACertificates] INFO  client.SCMCertificateClient (DefaultCertificateClient.java:getAllRootCaCerts(901)) - scm/sub-ca has 0 Root CA certificates
2023-08-23 22:09:54,054 [scm/sub-ca-refreshCACertificates] INFO  client.SCMCertificateClient (DefaultCertificateClient.java:getAllCaCerts(909)) - scm/sub-ca has 1 CA certificates
2023-08-23 22:09:54,054 [scm/sub-ca-refreshCACertificates] INFO  client.SCMCertificateClient (SCMCertificateClient.java:run(277)) - CA certificates are not changed.
2023-08-23 22:09:54,183 [Time-limited test] INFO  om.OzoneManager (OzoneManager.java:initializeSecurity(1395)) - Init response: GETCERT
2023-08-23 22:09:54,183 [Time-limited test] INFO  ozone.OzoneSecurityUtil (OzoneSecurityUtil.java:getValidInetsForCurrentHost(119)) - ip:fe80:0:0:0:20d:3aff:fed9:fc2e%eth0 not returned.
2023-08-23 22:09:54,183 [Time-limited test] INFO  ozone.OzoneSecurityUtil (OzoneSecurityUtil.java:getValidInetsForCurrentHost(116)) - Adding ip:10.1.0.14,host:fv-az621-511.fpnbra3ad0zu1hpqauu4rsdf4e.cx.internal.cloudapp.net
2023-08-23 22:09:54,183 [Time-limited test] INFO  ozone.OzoneSecurityUtil (OzoneSecurityUtil.java:getValidInetsForCurrentHost(119)) - ip:0:0:0:0:0:0:0:1%lo not returned.
2023-08-23 22:09:54,183 [Time-limited test] INFO  ozone.OzoneSecurityUtil (OzoneSecurityUtil.java:getValidInetsForCurrentHost(119)) - ip:127.0.0.1 not returned.
2023-08-23 22:09:54,184 [Time-limited test] INFO  security.OMCertificateClient (OMCertificateClient.java:getCSRBuilder(114)) - Creating csr for OM->dns:fv-az621-511.fpnbra3ad0zu1hpqauu4rsdf4e.cx.internal.cloudapp.net,ip:10.1.0.14,scmId:46f8c20c-0bf8-4362-ba0a-970cde28a483,clusterId:472bc2c4-d122-445b-abdb-6ece19e270bd,subject:scm@fv-az621-511.fpnbra3ad0zu1hpqauu4rsdf4e.cx.internal.cloudapp.net
2023-08-23 22:09:54,196 [Socket Reader #1 for port 9961] INFO  ipc.Server (Server.java:saslProcess(2139)) - Auth successful for scm/fv-az621-511.fpnbra3ad0zu1hpqauu4rsdf4e.cx.internal.cloudapp.net@EXAMPLE.COM (auth:KERBEROS) from fv-az621-511.fpnbra3ad0zu1hpqauu4rsdf4e.cx.internal.cloudapp.net:35201 / 10.1.0.14:35201
2023-08-23 22:09:54,213 [IPC Server handler 1 on default port 9961] INFO  server.SCMSecurityProtocolServer (SCMSecurityProtocolServer.java:getOMCertificate(284)) - Processing CSR for om fv-az621-511.fpnbra3ad0zu1hpqauu4rsdf4e.cx.internal.cloudapp.net, UUID: 4f4f6cfd-480f-4caa-9f3e-8302ceb8ea1c
2023-08-23 22:09:54,217 [IPC Server handler 1 on default port 9961] INFO  authority.DefaultApprover (DefaultApprover.java:sign(154)) - Extensions in CSR: 2.5.29.15, 2.5.29.17
2023-08-23 22:09:54,217 [IPC Server handler 1 on default port 9961] INFO  authority.DefaultApprover (DefaultApprover.java:sign(158)) - Extensions to add to the certificate if they present in CSR: 2.5.29.17, 2.5.29.19, 1.3.6.1.5.5.7.1.12, 2.5.29.35, 2.5.29.37, 2.5.29.15
2023-08-23 22:09:54,230 [Time-limited test] INFO  utils.CertificateCodec (CertificateCodec.java:writeCertificate(299)) - Save certificate to /tmp/junit2511217519943358722/junit1587168555866474416/scm-meta/om/certs/1465385952560.crt
2023-08-23 22:09:54,231 [Time-limited test] INFO  utils.CertificateCodec (CertificateCodec.java:writeCertificate(300)) - Certificate -----BEGIN CERTIFICATE-----
MIIEHzCCAwegAwIBAgIGAVUvzyUwMA0GCSqGSIb3DQEBCwUAMIGLMSswKQYDVQQD
DCJzY20tc3ViLTE0NjQ3NDE1Nzc3ODVAZnYtYXo2MjEtNTExMS0wKwYDVQQLDCQ0
NmY4YzIwYy0wYmY4LTQzNjItYmEwYS05NzBjZGUyOGE0ODMxLTArBgNVBAoMJDQ3
MmJjMmM0LWQxMjItNDQ1Yi1hYmRiLTZlY2UxOWUyNzBiZDAeFw0yMzA4MjMyMjA5
NTRaFw0yNDA4MjIyMjA5NTRaMIGtMU0wSwYDVQQDDERzY21AZnYtYXo2MjEtNTEx
LmZwbmJyYTNhZDB6dTFocHFhdXU0cnNkZjRlLmN4LmludGVybmFsLmNsb3VkYXBw
Lm5ldDEtMCsGA1UECwwkNDZmOGMyMGMtMGJmOC00MzYyLWJhMGEtOTcwY2RlMjhh
NDgzMS0wKwYDVQQKDCQ0NzJiYzJjNC1kMTIyLTQ0NWItYWJkYi02ZWNlMTllMjcw
YmQwggEiMA0GCSqGSIb3DQEBAQUAA4IBDwAwggEKAoIBAQCiwpIbp5obpYTp9468
tYxpPjD3E6lB9GFcvT7XJPiMVeBcxNdFbgkCzymm9nVze3d6EjgYnlppbxZ6Eqy6
gdzRz2qivcV9cdLOFhkF7cgnE5BS/5iBPUlm1MXolKDMk5ncnLxyrGF+S8ntrJgv
MB66P1l1JfUyWfXOVXO3mcrZoLk8APkXkd93IDl1tgXM2bYwIhtoIC+JhgL7GcEz
h85dwXOV/SJzgED91Q640zWfkLqbQgG1IFhLMDmnVnYmrWQ7+fMDHxgMiKisFN2o
PZrPen5sF0CMRtRheCOFXWQ6z0etkhMYIG2bQ0V9eN6CUZKldtasxt/mCtj8M6PK
5iSrAgMBAAGjZTBjMFEGA1UdEQRKMEiHBAoBAA6CQGZ2LWF6NjIxLTUxMS5mcG5i
cmEzYWQwenUxaHBxYXV1NHJzZGY0ZS5jeC5pbnRlcm5hbC5jbG91ZGFwcC5uZXQw
DgYDVR0PAQH/BAQDAgO4MA0GCSqGSIb3DQEBCwUAA4IBAQAmxc12c62b97ZxhvJ5
oLei5veQRZrZYvEnycIgfCwHFwa27huFzHSQLUSg3bL0zrSTwuiC3RIvFjicOa6c
XjM3RgwAnN6kpeGVYKsIMWFzzQlFOrFe8yFBUA0H15lLQkOMDjUaYpbqiBCHvELO
8i8a3zpf911FEwSIh4jfku2E4cv5lUQnLLnOaWJICUqe4Kp8ytkDj+udnS6VUo94
XsOmwsgzW2kEHa/THwoosMU0wMCkK4IQnb7wK9UsxkD0MvaYv15VjQRzBHVQBQMN
a29WHp8NEpwmiF1MEx+SePqVmlm31+ySohmdWgf3EOYjwmcY7ZSSHjVK8+gumVa4
M6lb
-----END CERTIFICATE-----

-----BEGIN CERTIFICATE-----
MIID/TCCAuWgAwIBAgIGAVUJ9FGeMA0GCSqGSIb3DQEBCwUAMHsxGzAZBgNVBAMM
EnNjbS0xQGZ2LWF6NjIxLTUxMTEtMCsGA1UECwwkNDZmOGMyMGMtMGJmOC00MzYy
LWJhMGEtOTcwY2RlMjhhNDgzMS0wKwYDVQQKDCQ0NzJiYzJjNC1kMTIyLTQ0NWIt
YWJkYi02ZWNlMTllMjcwYmQwHhcNMjMwODIzMjIwOTUzWhcNMjgwOTMwMjIwOTUz
WjCBizErMCkGA1UEAwwic2NtLXN1Yi0xNDY0NzQxNTc3Nzg1QGZ2LWF6NjIxLTUx
MTEtMCsGA1UECwwkNDZmOGMyMGMtMGJmOC00MzYyLWJhMGEtOTcwY2RlMjhhNDgz
MS0wKwYDVQQKDCQ0NzJiYzJjNC1kMTIyLTQ0NWItYWJkYi02ZWNlMTllMjcwYmQw
ggEiMA0GCSqGSIb3DQEBAQUAA4IBDwAwggEKAoIBAQDDOFwsYcmiOdsndrgsuZfC
54qRzkjlJ09PfccQyYht/v7en7NFWC9RTb7aCutA+2Q1ZsiArzsfZ4/ZM8sg++iz
6VY7sC2FWEytAJNB7UU/7w/vbvEd9JsNEm8pcPX1Giu/Eb9X7eeAXv8CR2IgHwPT
LITCdH7gt1GTmSQ1CYNKJuh55C+Vo4sL++REsBtC9JVEmqnigOeyemzgdI3OFdRS
4KX0dcaZTm+eTpppLMvYf+4UHMjovY047CG6zkVF7zh8RPhJZk1KBZHRFbBFXza7
w/F3iIXOXQRqp0rH7Ur+NwbXKiCYLrTNHwE5GziYFMQTGSmvnjywzrCI/p4dyTZJ
AgMBAAGjdjB0MFEGA1UdEQRKMEiHBAoBAA6CQGZ2LWF6NjIxLTUxMS5mcG5icmEz
YWQwenUxaHBxYXV1NHJzZGY0ZS5jeC5pbnRlcm5hbC5jbG91ZGFwcC5uZXQwDwYD
VR0TAQH/BAUwAwEB/zAOBgNVHQ8BAf8EBAMCAb4wDQYJKoZIhvcNAQELBQADggEB
ACIWKyI0GrKl21PytV4mGyNX/BcBhwQF3UL7i/DOFLuIIbYJtxXcwD3xmSacLKMJ
VeBj7OQBls1RJdmeUkih+UqqkTN7ruOEbS1263r4OjJu4ezRtalMFGpYmD0y9wZl
rWPiPdGrjTZWNMhAi6ASBt7wp0OqyI79k1p+rx+kSaw02D4b2ZxyxRYdd14zqxNl
Tmihj/MYS8vl/IZtsYIX+XV3l2zL+T3056knoAExQYsPCXCrhynjGhKpLJyPHM04
TMbWrSQ+YB6Z2VRHdkVjstXnIb9t7OKgIuqVrIVlD5QettBVE8/5E5i7bBtuJFW0
WJRfLEIk9B8hkBbp+G6G74I=
-----END CERTIFICATE-----

-----BEGIN CERTIFICATE-----
MIID5zCCAs+gAwIBAgIBATANBgkqhkiG9w0BAQsFADB7MRswGQYDVQQDDBJzY20t
MUBmdi1hejYyMS01MTExLTArBgNVBAsMJDQ2ZjhjMjBjLTBiZjgtNDM2Mi1iYTBh
LTk3MGNkZTI4YTQ4MzEtMCsGA1UECgwkNDcyYmMyYzQtZDEyMi00NDViLWFiZGIt
NmVjZTE5ZTI3MGJkMB4XDTIzMDgyMzIyMDk1M1oXDTI4MDkzMDIyMDk1M1owezEb
MBkGA1UEAwwSc2NtLTFAZnYtYXo2MjEtNTExMS0wKwYDVQQLDCQ0NmY4YzIwYy0w
YmY4LTQzNjItYmEwYS05NzBjZGUyOGE0ODMxLTArBgNVBAoMJDQ3MmJjMmM0LWQx
MjItNDQ1Yi1hYmRiLTZlY2UxOWUyNzBiZDCCASIwDQYJKoZIhvcNAQEBBQADggEP
ADCCAQoCggEBAOsKigjwuwJ9DiEj78vWOXBYoH+WS8l2gFVVeTAJlyI1YpZI+rm9
gGvHG1RgIl4RP5eTsoti89IdUW33zGZPN3eSd6eRJoZOO8dZORGwGHVKby05bkbm
6Q2YgtUU9RKlU1KaN0miLIjx/fh1SOjZ+gpXhhsuUAYFc3jUYzPOZ1ux2K0FOaxm
yypmQKLHQDU218MPAN8IcYD5Nf0IMC8no5NYQrOqywOBkSBjI76oUneJPgqfmJec
4vEfVZEG1mOvO/9zGTVXWDlaL0pEh/ruf4a61x8h3Ayy0j8xpnGfQ1AJZOc/u+lN
CB9vHl797kOz+zvsBPnYO3wP9EnHnlWrYxsCAwEAAaN2MHQwDwYDVR0TAQH/BAUw
AwEB/zAOBgNVHQ8BAf8EBAMCAQYwUQYDVR0RBEowSIcECgEADoJAZnYtYXo2MjEt
NTExLmZwbmJyYTNhZDB6dTFocHFhdXU0cnNkZjRlLmN4LmludGVybmFsLmNsb3Vk
YXBwLm5ldDANBgkqhkiG9w0BAQsFAAOCAQEA6g5fBTn0nFswR1AB8pJIwoC9Jw5/
T98yWtlSftKsb00wQtpiplXK3Vv0p8CG8uyF/heNhwsGSeSemmWv6vhFwKLnBIhH
2mxvBhdtEmbNSCT+BpsfHVXm39FK4IKPBFvVIplJ+L7NTKiEDDfLm65+bl5wV6IP
w1PDvZrs5sY84TGRvZHsdOEMG5ebGb3FXmeP1xQcGZZtzysUaeMzUwwaMssaxomy
vlHvpWG0tF5u7WHjaxK5QdkwbmBaO7F/zS4Ez129lu9WW2rJ11VnAboT+l3Kb8ml
T14wcsRDv/Aej6l+sILoFXeNbEn2Z3eycBAtzE74UHncZyoB4ZE5ndwsgA==
-----END CERTIFICATE-----

2023-08-23 22:09:54,231 [Time-limited test] INFO  utils.CertificateCodec (CertificateCodec.java:writeCertificate(299)) - Save certificate to /tmp/junit2511217519943358722/junit1587168555866474416/scm-meta/om/certs/CA-1464750854558.crt
2023-08-23 22:09:54,231 [Time-limited test] INFO  utils.CertificateCodec (CertificateCodec.java:writeCertificate(300)) - Certificate -----BEGIN CERTIFICATE-----
MIID/TCCAuWgAwIBAgIGAVUJ9FGeMA0GCSqGSIb3DQEBCwUAMHsxGzAZBgNVBAMM
EnNjbS0xQGZ2LWF6NjIxLTUxMTEtMCsGA1UECwwkNDZmOGMyMGMtMGJmOC00MzYy
LWJhMGEtOTcwY2RlMjhhNDgzMS0wKwYDVQQKDCQ0NzJiYzJjNC1kMTIyLTQ0NWIt
YWJkYi02ZWNlMTllMjcwYmQwHhcNMjMwODIzMjIwOTUzWhcNMjgwOTMwMjIwOTUz
WjCBizErMCkGA1UEAwwic2NtLXN1Yi0xNDY0NzQxNTc3Nzg1QGZ2LWF6NjIxLTUx
MTEtMCsGA1UECwwkNDZmOGMyMGMtMGJmOC00MzYyLWJhMGEtOTcwY2RlMjhhNDgz
MS0wKwYDVQQKDCQ0NzJiYzJjNC1kMTIyLTQ0NWItYWJkYi02ZWNlMTllMjcwYmQw
ggEiMA0GCSqGSIb3DQEBAQUAA4IBDwAwggEKAoIBAQDDOFwsYcmiOdsndrgsuZfC
54qRzkjlJ09PfccQyYht/v7en7NFWC9RTb7aCutA+2Q1ZsiArzsfZ4/ZM8sg++iz
6VY7sC2FWEytAJNB7UU/7w/vbvEd9JsNEm8pcPX1Giu/Eb9X7eeAXv8CR2IgHwPT
LITCdH7gt1GTmSQ1CYNKJuh55C+Vo4sL++REsBtC9JVEmqnigOeyemzgdI3OFdRS
4KX0dcaZTm+eTpppLMvYf+4UHMjovY047CG6zkVF7zh8RPhJZk1KBZHRFbBFXza7
w/F3iIXOXQRqp0rH7Ur+NwbXKiCYLrTNHwE5GziYFMQTGSmvnjywzrCI/p4dyTZJ
AgMBAAGjdjB0MFEGA1UdEQRKMEiHBAoBAA6CQGZ2LWF6NjIxLTUxMS5mcG5icmEz
YWQwenUxaHBxYXV1NHJzZGY0ZS5jeC5pbnRlcm5hbC5jbG91ZGFwcC5uZXQwDwYD
VR0TAQH/BAUwAwEB/zAOBgNVHQ8BAf8EBAMCAb4wDQYJKoZIhvcNAQELBQADggEB
ACIWKyI0GrKl21PytV4mGyNX/BcBhwQF3UL7i/DOFLuIIbYJtxXcwD3xmSacLKMJ
VeBj7OQBls1RJdmeUkih+UqqkTN7ruOEbS1263r4OjJu4ezRtalMFGpYmD0y9wZl
rWPiPdGrjTZWNMhAi6ASBt7wp0OqyI79k1p+rx+kSaw02D4b2ZxyxRYdd14zqxNl
Tmihj/MYS8vl/IZtsYIX+XV3l2zL+T3056knoAExQYsPCXCrhynjGhKpLJyPHM04
TMbWrSQ+YB6Z2VRHdkVjstXnIb9t7OKgIuqVrIVlD5QettBVE8/5E5i7bBtuJFW0
WJRfLEIk9B8hkBbp+G6G74I=
-----END CERTIFICATE-----

-----BEGIN CERTIFICATE-----
MIID5zCCAs+gAwIBAgIBATANBgkqhkiG9w0BAQsFADB7MRswGQYDVQQDDBJzY20t
MUBmdi1hejYyMS01MTExLTArBgNVBAsMJDQ2ZjhjMjBjLTBiZjgtNDM2Mi1iYTBh
LTk3MGNkZTI4YTQ4MzEtMCsGA1UECgwkNDcyYmMyYzQtZDEyMi00NDViLWFiZGIt
NmVjZTE5ZTI3MGJkMB4XDTIzMDgyMzIyMDk1M1oXDTI4MDkzMDIyMDk1M1owezEb
MBkGA1UEAwwSc2NtLTFAZnYtYXo2MjEtNTExMS0wKwYDVQQLDCQ0NmY4YzIwYy0w
YmY4LTQzNjItYmEwYS05NzBjZGUyOGE0ODMxLTArBgNVBAoMJDQ3MmJjMmM0LWQx
MjItNDQ1Yi1hYmRiLTZlY2UxOWUyNzBiZDCCASIwDQYJKoZIhvcNAQEBBQADggEP
ADCCAQoCggEBAOsKigjwuwJ9DiEj78vWOXBYoH+WS8l2gFVVeTAJlyI1YpZI+rm9
gGvHG1RgIl4RP5eTsoti89IdUW33zGZPN3eSd6eRJoZOO8dZORGwGHVKby05bkbm
6Q2YgtUU9RKlU1KaN0miLIjx/fh1SOjZ+gpXhhsuUAYFc3jUYzPOZ1ux2K0FOaxm
yypmQKLHQDU218MPAN8IcYD5Nf0IMC8no5NYQrOqywOBkSBjI76oUneJPgqfmJec
4vEfVZEG1mOvO/9zGTVXWDlaL0pEh/ruf4a61x8h3Ayy0j8xpnGfQ1AJZOc/u+lN
CB9vHl797kOz+zvsBPnYO3wP9EnHnlWrYxsCAwEAAaN2MHQwDwYDVR0TAQH/BAUw
AwEB/zAOBgNVHQ8BAf8EBAMCAQYwUQYDVR0RBEowSIcECgEADoJAZnYtYXo2MjEt
NTExLmZwbmJyYTNhZDB6dTFocHFhdXU0cnNkZjRlLmN4LmludGVybmFsLmNsb3Vk
YXBwLm5ldDANBgkqhkiG9w0BAQsFAAOCAQEA6g5fBTn0nFswR1AB8pJIwoC9Jw5/
T98yWtlSftKsb00wQtpiplXK3Vv0p8CG8uyF/heNhwsGSeSemmWv6vhFwKLnBIhH
2mxvBhdtEmbNSCT+BpsfHVXm39FK4IKPBFvVIplJ+L7NTKiEDDfLm65+bl5wV6IP
w1PDvZrs5sY84TGRvZHsdOEMG5ebGb3FXmeP1xQcGZZtzysUaeMzUwwaMssaxomy
vlHvpWG0tF5u7WHjaxK5QdkwbmBaO7F/zS4Ez129lu9WW2rJ11VnAboT+l3Kb8ml
T14wcsRDv/Aej6l+sILoFXeNbEn2Z3eycBAtzE74UHncZyoB4ZE5ndwsgA==
-----END CERTIFICATE-----

2023-08-23 22:09:54,233 [IPC Server handler 0 on default port 9961] INFO  client.SCMCertificateClient (DefaultCertificateClient.java:getAllRootCaCerts(901)) - scm/sub-ca has 0 Root CA certificates
2023-08-23 22:09:54,233 [IPC Server handler 0 on default port 9961] INFO  client.SCMCertificateClient (DefaultCertificateClient.java:getAllCaCerts(909)) - scm/sub-ca has 1 CA certificates
2023-08-23 22:09:54,234 [Time-limited test] INFO  utils.CertificateCodec (CertificateCodec.java:writeCertificate(299)) - Save certificate to /tmp/junit2511217519943358722/junit1587168555866474416/scm-meta/om/certs/ROOTCA-1.crt
2023-08-23 22:09:54,234 [Time-limited test] INFO  utils.CertificateCodec (CertificateCodec.java:writeCertificate(300)) - Certificate -----BEGIN CERTIFICATE-----
MIID5zCCAs+gAwIBAgIBATANBgkqhkiG9w0BAQsFADB7MRswGQYDVQQDDBJzY20t
MUBmdi1hejYyMS01MTExLTArBgNVBAsMJDQ2ZjhjMjBjLTBiZjgtNDM2Mi1iYTBh
LTk3MGNkZTI4YTQ4MzEtMCsGA1UECgwkNDcyYmMyYzQtZDEyMi00NDViLWFiZGIt
NmVjZTE5ZTI3MGJkMB4XDTIzMDgyMzIyMDk1M1oXDTI4MDkzMDIyMDk1M1owezEb
MBkGA1UEAwwSc2NtLTFAZnYtYXo2MjEtNTExMS0wKwYDVQQLDCQ0NmY4YzIwYy0w
YmY4LTQzNjItYmEwYS05NzBjZGUyOGE0ODMxLTArBgNVBAoMJDQ3MmJjMmM0LWQx
MjItNDQ1Yi1hYmRiLTZlY2UxOWUyNzBiZDCCASIwDQYJKoZIhvcNAQEBBQADggEP
ADCCAQoCggEBAOsKigjwuwJ9DiEj78vWOXBYoH+WS8l2gFVVeTAJlyI1YpZI+rm9
gGvHG1RgIl4RP5eTsoti89IdUW33zGZPN3eSd6eRJoZOO8dZORGwGHVKby05bkbm
6Q2YgtUU9RKlU1KaN0miLIjx/fh1SOjZ+gpXhhsuUAYFc3jUYzPOZ1ux2K0FOaxm
yypmQKLHQDU218MPAN8IcYD5Nf0IMC8no5NYQrOqywOBkSBjI76oUneJPgqfmJec
4vEfVZEG1mOvO/9zGTVXWDlaL0pEh/ruf4a61x8h3Ayy0j8xpnGfQ1AJZOc/u+lN
CB9vHl797kOz+zvsBPnYO3wP9EnHnlWrYxsCAwEAAaN2MHQwDwYDVR0TAQH/BAUw
AwEB/zAOBgNVHQ8BAf8EBAMCAQYwUQYDVR0RBEowSIcECgEADoJAZnYtYXo2MjEt
NTExLmZwbmJyYTNhZDB6dTFocHFhdXU0cnNkZjRlLmN4LmludGVybmFsLmNsb3Vk
YXBwLm5ldDANBgkqhkiG9w0BAQsFAAOCAQEA6g5fBTn0nFswR1AB8pJIwoC9Jw5/
T98yWtlSftKsb00wQtpiplXK3Vv0p8CG8uyF/heNhwsGSeSemmWv6vhFwKLnBIhH
2mxvBhdtEmbNSCT+BpsfHVXm39FK4IKPBFvVIplJ+L7NTKiEDDfLm65+bl5wV6IP
w1PDvZrs5sY84TGRvZHsdOEMG5ebGb3FXmeP1xQcGZZtzysUaeMzUwwaMssaxomy
vlHvpWG0tF5u7WHjaxK5QdkwbmBaO7F/zS4Ez129lu9WW2rJ11VnAboT+l3Kb8ml
T14wcsRDv/Aej6l+sILoFXeNbEn2Z3eycBAtzE74UHncZyoB4ZE5ndwsgA==
-----END CERTIFICATE-----

2023-08-23 22:09:54,234 [Time-limited test] INFO  security.OMCertificateClient (DefaultCertificateClient.java:updateCertSerialId(1244)) - Certificate serial ID set to 1465385952560
2023-08-23 22:09:54,236 [Time-limited test] INFO  security.OMCertificateClient (DefaultCertificateClient.java:readCertificateFile(237)) - Added certificate   [0]         Version: 3
         SerialNumber: 1
             IssuerDN: CN=scm-1@fv-az621-511,OU=46f8c20c-0bf8-4362-ba0a-970cde28a483,O=472bc2c4-d122-445b-abdb-6ece19e270bd
           Start Date: Wed Aug 23 22:09:53 UTC 2023
           Final Date: Sat Sep 30 22:09:53 UTC 2028
            SubjectDN: CN=scm-1@fv-az621-511,OU=46f8c20c-0bf8-4362-ba0a-970cde28a483,O=472bc2c4-d122-445b-abdb-6ece19e270bd
           Public Key: RSA Public Key [de:78:4c:8c:e9:d9:73:6b:b2:e3:45:11:14:a6:98:79:ef:90:aa:90],[56:66:d1:a4]
        modulus: eb0a8a08f0bb027d0e2123efcbd6397058a07f964bc976805555793009972235629648fab9bd806bc71b5460225e113f9793b28b62f3d21d516df7cc664f37779277a79126864e3bc7593911b018754a6f2d396e46e6e90d9882d514f512a553529a3749a22c88f1fdf87548e8d9fa0a57861b2e5006057378d46333ce675bb1d8ad0539ac66cb2a6640a2c7403536d7c30f00df087180f935fd08302f27a3935842b3aacb038191206323bea85277893e0a9f98979ce2f11f559106d663af3bff7319355758395a2f4a4487faee7f86bad71f21dc0cb2d23f31a6719f43500964e73fbbe94d081f6f1e5efdee43b3fb3bec04f9d83b7c0ff449c79e55ab631b
public exponent: 10001

  Signature Algorithm: SHA256WITHRSA
            Signature: ea0e5f0539f49c5b30475001f29248c280bd270e
                       7f4fdf325ad9527ed2ac6f4d3042da62a655cadd
                       5bf4a7c086f2ec85fe178d870b0649e49e9a65af
                       eaf845c0a2e7048847da6c6f06176d1266cd4824
                       fe069b1f1d55e6dfd14ae0828f045bd5229949f8
                       becd4ca8840c37cb9bae7e6e5e7057a20fc353c3
                       bd9aece6c63ce13191bd91ec74e10c1b979b19bd
                       c55e678fd7141c19966dcf2b1469e333530c1a32
                       cb1ac689b2be51efa561b4b45e6eed61e36b12b9
                       41d9306e605a3bb17fcd2e04cf5dbd96ef565b6a
                       c9d7556701ba13fa5dca6fc9a54f5e3072c443bf
                       f01e8fa97eb082e815778d6c49f66777b270102d
                       cc4ef85079dc672a01e191399ddc2c80
       Extensions: 
                       critical(true) BasicConstraints: isCa(true)
                       critical(true) KeyUsage: 0x6
                       critical(false) 2.5.29.17 value = Sequence
    Tagged [7] IMPLICIT 
        DER Octet String[4] 
    Tagged [2] IMPLICIT 
        DER Octet String[64] 

 from file: /tmp/junit2511217519943358722/junit1587168555866474416/scm-meta/om/certs/ROOTCA-1.crt.
2023-08-23 22:09:54,237 [Time-limited test] INFO  security.OMCertificateClient (DefaultCertificateClient.java:readCertificateFile(237)) - Added certificate   [0]         Version: 3
         SerialNumber: 1464750854558
             IssuerDN: CN=scm-1@fv-az621-511,OU=46f8c20c-0bf8-4362-ba0a-970cde28a483,O=472bc2c4-d122-445b-abdb-6ece19e270bd
           Start Date: Wed Aug 23 22:09:53 UTC 2023
           Final Date: Sat Sep 30 22:09:53 UTC 2028
            SubjectDN: CN=scm-sub-1464741577785@fv-az621-511,OU=46f8c20c-0bf8-4362-ba0a-970cde28a483,O=472bc2c4-d122-445b-abdb-6ece19e270bd
           Public Key: RSA Public Key [13:f2:64:68:91:7e:67:b2:4c:79:28:77:8a:ab:08:26:e3:1f:8a:c5],[56:66:d1:a4]
        modulus: c3385c2c61c9a239db2776b82cb997c2e78a91ce48e5274f4f7dc710c9886dfefede9fb345582f514dbeda0aeb40fb643566c880af3b1f678fd933cb20fbe8b3e9563bb02d85584cad009341ed453fef0fef6ef11df49b0d126f2970f5f51a2bbf11bf57ede7805eff024762201f03d32c84c2747ee0b7519399243509834a26e879e42f95a38b0bfbe444b01b42f495449aa9e280e7b27a6ce0748dce15d452e0a5f475c6994e6f9e4e9a692ccbd87fee141cc8e8bd8d38ec21bace4545ef387c44f849664d4a0591d115b0455f36bbc3f1778885ce5d046aa74ac7ed4afe3706d72a20982eb4cd1f01391b389814c4131929af9e3cb0ceb088fe9e1dc93649
public exponent: 10001

  Signature Algorithm: SHA256WITHRSA
            Signature: 22162b22341ab2a5db53f2b55e261b2357fc1701
                       870405dd42fb8bf0ce14bb8821b609b715dcc03d
                       f199269c2ca30955e063ece40196cd5125d99e52
                       48a1f94aaa91337baee3846d2d76eb7af83a326e
                       e1ecd1b5a94c146a58983d32f70665ad63e23dd1
                       ab8d365634c8408ba01206def0a743aac88efd93
                       5a7eaf1fa449ac34d83e1bd99c72c5161d775e33
                       ab13654e68a18ff3184bcbe5fc866db18217f975
                       77976ccbf93df4e7a927a00131418b0f0970ab87
                       29e31a12a92c9c8f1ccd384cc6d6ad243e601e99
                       d95447764563b2d5e721bf6dece2a022ea95ac85
                       650f941eb6d05513cff91398bb6c1b6e2455b458
                       945f2c4224f41f219016e9f86e86ef82
       Extensions: 
                       critical(false) 2.5.29.17 value = Sequence
    Tagged [7] IMPLICIT 
        DER Octet String[4] 
    Tagged [2] IMPLICIT 
        DER Octet String[64] 

                       critical(true) BasicConstraints: isCa(true)
                       critical(true) KeyUsage: 0xbe
 from file: /tmp/junit2511217519943358722/junit1587168555866474416/scm-meta/om/certs/CA-1464750854558.crt.
2023-08-23 22:09:54,238 [Time-limited test] INFO  security.OMCertificateClient (DefaultCertificateClient.java:readCertificateFile(237)) - Added certificate   [0]         Version: 3
         SerialNumber: 1465385952560
             IssuerDN: CN=scm-sub-1464741577785@fv-az621-511,OU=46f8c20c-0bf8-4362-ba0a-970cde28a483,O=472bc2c4-d122-445b-abdb-6ece19e270bd
           Start Date: Wed Aug 23 22:09:54 UTC 2023
           Final Date: Thu Aug 22 22:09:54 UTC 2024
            SubjectDN: CN=scm@fv-az621-511.fpnbra3ad0zu1hpqauu4rsdf4e.cx.internal.cloudapp.net,OU=46f8c20c-0bf8-4362-ba0a-970cde28a483,O=472bc2c4-d122-445b-abdb-6ece19e270bd
           Public Key: RSA Public Key [e3:d1:b7:72:a7:4a:85:af:93:83:db:ff:e7:1a:f4:26:b6:bf:61:08],[56:66:d1:a4]
        modulus: a2c2921ba79a1ba584e9f78ebcb58c693e30f713a941f4615cbd3ed724f88c55e05cc4d7456e0902cf29a6f675737b777a1238189e5a696f167a12acba81dcd1cf6aa2bdc57d71d2ce161905edc827139052ff98813d4966d4c5e894a0cc9399dc9cbc72ac617e4bc9edac982f301eba3f597525f53259f5ce5573b799cad9a0b93c00f91791df77203975b605ccd9b630221b68202f898602fb19c13387ce5dc17395fd22738040fdd50eb8d3359f90ba9b4201b520584b3039a7567626ad643bf9f3031f180c88a8ac14dda83d9acf7a7e6c17408c46d4617823855d643acf47ad921318206d9b43457d78de825192a576d6acc6dfe60ad8fc33a3cae624ab
public exponent: 10001

  Signature Algorithm: SHA256WITHRSA
            Signature: 26c5cd7673ad9bf7b67186f279a0b7a2e6f79045
                       9ad962f127c9c2207c2c071706b6ee1b85cc7490
                       2d44a0ddb2f4ceb493c2e882dd122f16389c39ae
                       9c5e3337460c009cdea4a5e19560ab08316173cd
                       09453ab15ef32141500d07d7994b42438c0e351a
                       6296ea881087bc42cef22f1adf3a5ff75d451304
                       888788df92ed84e1cbf99544272cb9ce69624809
                       4a9ee0aa7ccad9038feb9d9d2e95528f785ec3a6
                       c2c8335b69041dafd31f0a28b0c534c0c0a42b82
                       109dbef02bd52cc640f432f698bf5e558d047304
                       755005030d6b6f561e9f0d129c26885d4c131f92
                       78fa959a59b7d7ec92a2199d5a07f710e623c267
                       18ed94921e354af3e82e9956b833a95b
       Extensions: 
                       critical(false) 2.5.29.17 value = Sequence
    Tagged [7] IMPLICIT 
        DER Octet String[4] 
    Tagged [2] IMPLICIT 
        DER Octet String[64] 

                       critical(true) KeyUsage: 0xb8
 from file: /tmp/junit2511217519943358722/junit1587168555866474416/scm-meta/om/certs/1465385952560.crt.
2023-08-23 22:09:54,242 [Time-limited test] INFO  security.OMCertificateClient (DefaultCertificateClient.java:startCertificateRenewerService(1347)) - CertificateRenewerService for om is started with first delay 31535989762 ms and interval 3333 ms.
2023-08-23 22:09:54,242 [Time-limited test] INFO  security.OMCertificateClient (DefaultCertificateClient.java:updateCertSerialId(1244)) - Certificate serial ID set to 1465385952560
2023-08-23 22:09:54,243 [Time-limited test] INFO  security.OMCertificateClient (DefaultCertificateClient.java:readCertificateFile(237)) - Added certificate   [0]         Version: 3
         SerialNumber: 1
             IssuerDN: CN=scm-1@fv-az621-511,OU=46f8c20c-0bf8-4362-ba0a-970cde28a483,O=472bc2c4-d122-445b-abdb-6ece19e270bd
           Start Date: Wed Aug 23 22:09:53 UTC 2023
           Final Date: Sat Sep 30 22:09:53 UTC 2028
            SubjectDN: CN=scm-1@fv-az621-511,OU=46f8c20c-0bf8-4362-ba0a-970cde28a483,O=472bc2c4-d122-445b-abdb-6ece19e270bd
           Public Key: RSA Public Key [de:78:4c:8c:e9:d9:73:6b:b2:e3:45:11:14:a6:98:79:ef:90:aa:90],[56:66:d1:a4]
        modulus: eb0a8a08f0bb027d0e2123efcbd6397058a07f964bc976805555793009972235629648fab9bd806bc71b5460225e113f9793b28b62f3d21d516df7cc664f37779277a79126864e3bc7593911b018754a6f2d396e46e6e90d9882d514f512a553529a3749a22c88f1fdf87548e8d9fa0a57861b2e5006057378d46333ce675bb1d8ad0539ac66cb2a6640a2c7403536d7c30f00df087180f935fd08302f27a3935842b3aacb038191206323bea85277893e0a9f98979ce2f11f559106d663af3bff7319355758395a2f4a4487faee7f86bad71f21dc0cb2d23f31a6719f43500964e73fbbe94d081f6f1e5efdee43b3fb3bec04f9d83b7c0ff449c79e55ab631b
public exponent: 10001

  Signature Algorithm: SHA256WITHRSA
            Signature: ea0e5f0539f49c5b30475001f29248c280bd270e
                       7f4fdf325ad9527ed2ac6f4d3042da62a655cadd
                       5bf4a7c086f2ec85fe178d870b0649e49e9a65af
                       eaf845c0a2e7048847da6c6f06176d1266cd4824
                       fe069b1f1d55e6dfd14ae0828f045bd5229949f8
                       becd4ca8840c37cb9bae7e6e5e7057a20fc353c3
                       bd9aece6c63ce13191bd91ec74e10c1b979b19bd
                       c55e678fd7141c19966dcf2b1469e333530c1a32
                       cb1ac689b2be51efa561b4b45e6eed61e36b12b9
                       41d9306e605a3bb17fcd2e04cf5dbd96ef565b6a
                       c9d7556701ba13fa5dca6fc9a54f5e3072c443bf
                       f01e8fa97eb082e815778d6c49f66777b270102d
                       cc4ef85079dc672a01e191399ddc2c80
       Extensions: 
                       critical(true) BasicConstraints: isCa(true)
                       critical(true) KeyUsage: 0x6
                       critical(false) 2.5.29.17 value = Sequence
    Tagged [7] IMPLICIT 
        DER Octet String[4] 
    Tagged [2] IMPLICIT 
        DER Octet String[64] 

 from file: /tmp/junit2511217519943358722/junit1587168555866474416/scm-meta/om/certs/ROOTCA-1.crt.
2023-08-23 22:09:54,244 [Time-limited test] INFO  security.OMCertificateClient (DefaultCertificateClient.java:readCertificateFile(237)) - Added certificate   [0]         Version: 3
         SerialNumber: 1464750854558
             IssuerDN: CN=scm-1@fv-az621-511,OU=46f8c20c-0bf8-4362-ba0a-970cde28a483,O=472bc2c4-d122-445b-abdb-6ece19e270bd
           Start Date: Wed Aug 23 22:09:53 UTC 2023
           Final Date: Sat Sep 30 22:09:53 UTC 2028
            SubjectDN: CN=scm-sub-1464741577785@fv-az621-511,OU=46f8c20c-0bf8-4362-ba0a-970cde28a483,O=472bc2c4-d122-445b-abdb-6ece19e270bd
           Public Key: RSA Public Key [13:f2:64:68:91:7e:67:b2:4c:79:28:77:8a:ab:08:26:e3:1f:8a:c5],[56:66:d1:a4]
        modulus: c3385c2c61c9a239db2776b82cb997c2e78a91ce48e5274f4f7dc710c9886dfefede9fb345582f514dbeda0aeb40fb643566c880af3b1f678fd933cb20fbe8b3e9563bb02d85584cad009341ed453fef0fef6ef11df49b0d126f2970f5f51a2bbf11bf57ede7805eff024762201f03d32c84c2747ee0b7519399243509834a26e879e42f95a38b0bfbe444b01b42f495449aa9e280e7b27a6ce0748dce15d452e0a5f475c6994e6f9e4e9a692ccbd87fee141cc8e8bd8d38ec21bace4545ef387c44f849664d4a0591d115b0455f36bbc3f1778885ce5d046aa74ac7ed4afe3706d72a20982eb4cd1f01391b389814c4131929af9e3cb0ceb088fe9e1dc93649
public exponent: 10001

  Signature Algorithm: SHA256WITHRSA
            Signature: 22162b22341ab2a5db53f2b55e261b2357fc1701
                       870405dd42fb8bf0ce14bb8821b609b715dcc03d
                       f199269c2ca30955e063ece40196cd5125d99e52
                       48a1f94aaa91337baee3846d2d76eb7af83a326e
                       e1ecd1b5a94c146a58983d32f70665ad63e23dd1
                       ab8d365634c8408ba01206def0a743aac88efd93
                       5a7eaf1fa449ac34d83e1bd99c72c5161d775e33
                       ab13654e68a18ff3184bcbe5fc866db18217f975
                       77976ccbf93df4e7a927a00131418b0f0970ab87
                       29e31a12a92c9c8f1ccd384cc6d6ad243e601e99
                       d95447764563b2d5e721bf6dece2a022ea95ac85
                       650f941eb6d05513cff91398bb6c1b6e2455b458
                       945f2c4224f41f219016e9f86e86ef82
       Extensions: 
                       critical(false) 2.5.29.17 value = Sequence
    Tagged [7] IMPLICIT 
        DER Octet String[4] 
    Tagged [2] IMPLICIT 
        DER Octet String[64] 

                       critical(true) BasicConstraints: isCa(true)
                       critical(true) KeyUsage: 0xbe
 from file: /tmp/junit2511217519943358722/junit1587168555866474416/scm-meta/om/certs/CA-1464750854558.crt.
2023-08-23 22:09:54,248 [Time-limited test] INFO  security.OMCertificateClient (DefaultCertificateClient.java:readCertificateFile(237)) - Added certificate   [0]         Version: 3
         SerialNumber: 1465385952560
             IssuerDN: CN=scm-sub-1464741577785@fv-az621-511,OU=46f8c20c-0bf8-4362-ba0a-970cde28a483,O=472bc2c4-d122-445b-abdb-6ece19e270bd
           Start Date: Wed Aug 23 22:09:54 UTC 2023
           Final Date: Thu Aug 22 22:09:54 UTC 2024
            SubjectDN: CN=scm@fv-az621-511.fpnbra3ad0zu1hpqauu4rsdf4e.cx.internal.cloudapp.net,OU=46f8c20c-0bf8-4362-ba0a-970cde28a483,O=472bc2c4-d122-445b-abdb-6ece19e270bd
           Public Key: RSA Public Key [e3:d1:b7:72:a7:4a:85:af:93:83:db:ff:e7:1a:f4:26:b6:bf:61:08],[56:66:d1:a4]
        modulus: a2c2921ba79a1ba584e9f78ebcb58c693e30f713a941f4615cbd3ed724f88c55e05cc4d7456e0902cf29a6f675737b777a1238189e5a696f167a12acba81dcd1cf6aa2bdc57d71d2ce161905edc827139052ff98813d4966d4c5e894a0cc9399dc9cbc72ac617e4bc9edac982f301eba3f597525f53259f5ce5573b799cad9a0b93c00f91791df77203975b605ccd9b630221b68202f898602fb19c13387ce5dc17395fd22738040fdd50eb8d3359f90ba9b4201b520584b3039a7567626ad643bf9f3031f180c88a8ac14dda83d9acf7a7e6c17408c46d4617823855d643acf47ad921318206d9b43457d78de825192a576d6acc6dfe60ad8fc33a3cae624ab
public exponent: 10001

  Signature Algorithm: SHA256WITHRSA
            Signature: 26c5cd7673ad9bf7b67186f279a0b7a2e6f79045
                       9ad962f127c9c2207c2c071706b6ee1b85cc7490
                       2d44a0ddb2f4ceb493c2e882dd122f16389c39ae
                       9c5e3337460c009cdea4a5e19560ab08316173cd
                       09453ab15ef32141500d07d7994b42438c0e351a
                       6296ea881087bc42cef22f1adf3a5ff75d451304
                       888788df92ed84e1cbf99544272cb9ce69624809
                       4a9ee0aa7ccad9038feb9d9d2e95528f785ec3a6
                       c2c8335b69041dafd31f0a28b0c534c0c0a42b82
                       109dbef02bd52cc640f432f698bf5e558d047304
                       755005030d6b6f561e9f0d129c26885d4c131f92
                       78fa959a59b7d7ec92a2199d5a07f710e623c267
                       18ed94921e354af3e82e9956b833a95b
       Extensions: 
                       critical(false) 2.5.29.17 value = Sequence
    Tagged [7] IMPLICIT 
        DER Octet String[4] 
    Tagged [2] IMPLICIT 
        DER Octet String[64] 

                       critical(true) KeyUsage: 0xb8
 from file: /tmp/junit2511217519943358722/junit1587168555866474416/scm-meta/om/certs/1465385952560.crt.
2023-08-23 22:09:54,248 [Time-limited test] INFO  om.OzoneManager (OzoneManager.java:initializeSecurity(1405)) - Successfully stored SCM signed certificate.
2023-08-23 22:09:54,250 [Time-limited test] INFO  ha.OMHANodeDetails (OMHANodeDetails.java:loadOMHAConfig(115)) - ozone.om.internal.service.id is not defined, falling back to ozone.om.service.ids to find serviceID for OzoneManager if it is HA enabled cluster
2023-08-23 22:09:54,251 [Time-limited test] INFO  ha.OMHANodeDetails (OMHANodeDetails.java:loadOMHAConfig(226)) - Configuration does not have ozone.om.address set. Falling back to the default OM address fv-az621-511.fpnbra3ad0zu1hpqauu4rsdf4e.cx.internal.cloudapp.net/10.1.0.14:1202
2023-08-23 22:09:54,251 [Time-limited test] INFO  ha.OMHANodeDetails (OMHANodeDetails.java:getOMNodeDetailsForNonHA(254)) - OM Service ID is not set. Setting it to the default ID: omServiceIdDefault
2023-08-23 22:09:54,251 [Time-limited test] INFO  ha.OMHANodeDetails (OMHANodeDetails.java:getOMNodeDetailsForNonHA(261)) - OM Node ID is not set. Setting it to the default ID: om1
2023-08-23 22:09:54,251 [Time-limited test] WARN  server.ServerUtils (ServerUtils.java:getDBPath(311)) - ozone.om.db.dirs is not configured. We recommend adding this setting. Falling back to ozone.metadata.dirs instead.
2023-08-23 22:09:54,253 [Time-limited test] INFO  upgrade.AbstractLayoutVersionManager (AbstractLayoutVersionManager.java:init(83)) - Initializing Layout version manager with metadata layout = QUOTA (version = 6), software layout = QUOTA (version = 6)
2023-08-23 22:09:54,354 [Time-limited test] INFO  reflections.Reflections (Reflections.java:scan(232)) - Reflections took 100 ms to scan 2 urls, producing 188 keys and 512 values [using 2 cores]
2023-08-23 22:09:54,355 [Time-limited test] INFO  upgrade.OMLayoutVersionManager (OMLayoutVersionManager.java:lambda$0(115)) - Skipping Upgrade Action MockOmUpgradeAction since it has been finalized.
2023-08-23 22:09:54,355 [Time-limited test] INFO  upgrade.OMLayoutVersionManager (OMLayoutVersionManager.java:lambda$0(115)) - Skipping Upgrade Action QuotaRepairUpgradeAction since it has been finalized.
2023-08-23 22:09:54,358 [pool-201-thread-2] INFO  request.KdcRequest (KdcRequest.java:preauth(651)) - The preauth data is empty.
2023-08-23 22:09:54,360 [pool-201-thread-2] INFO  server.KdcHandler (KdcHandler.java:handleRecoverableException(177)) - KRB error occurred while processing request:Additional pre-authentication required
2023-08-23 22:09:54,364 [pool-201-thread-2] INFO  request.AsRequest (AsRequest.java:issueTicket(112)) - AS_REQ ISSUE: authtime 1692828594363,om/fv-az621-511.fpnbra3ad0zu1hpqauu4rsdf4e.cx.internal.cloudapp.net@EXAMPLE.COM for krbtgt/EXAMPLE.COM@EXAMPLE.COM
2023-08-23 22:09:54,371 [Time-limited test] INFO  security.UserGroupInformation (UserGroupInformation.java:loginUserFromKeytab(1132)) - Login successful for user om/fv-az621-511.fpnbra3ad0zu1hpqauu4rsdf4e.cx.internal.cloudapp.net@EXAMPLE.COM using keytab file om.keytab. Keytab auto renewal enabled : false
2023-08-23 22:09:54,372 [Time-limited test] INFO  om.OzoneManager (OzoneManager.java:loginOMUser(1161)) - Ozone Manager login successful.
2023-08-23 22:09:54,372 [Time-limited test] WARN  server.ServerUtils (ServerUtils.java:getDBPath(311)) - ozone.om.db.dirs is not configured. We recommend adding this setting. Falling back to ozone.metadata.dirs instead.
2023-08-23 22:09:54,372 [Time-limited test] INFO  proxy.SCMBlockLocationFailoverProxyProvider (SCMBlockLocationFailoverProxyProvider.java:<init>(114)) - Created block location fail-over proxy with 1 nodes: [nodeId=scmNodeId,nodeAddress=/0.0.0.0:9863]
2023-08-23 22:09:54,375 [Time-limited test] INFO  om.OzoneManager (OzoneManager.java:getOmDetailsProto(4552)) - OzoneManager ports added:[name: "RPC"
value: 1202
]
2023-08-23 22:09:54,376 [Time-limited test] INFO  security.OMCertificateClient (DefaultCertificateClient.java:updateCertSerialId(1244)) - Certificate serial ID set to 1465385952560
2023-08-23 22:09:54,378 [Time-limited test] INFO  security.OMCertificateClient (DefaultCertificateClient.java:readCertificateFile(237)) - Added certificate   [0]         Version: 3
         SerialNumber: 1
             IssuerDN: CN=scm-1@fv-az621-511,OU=46f8c20c-0bf8-4362-ba0a-970cde28a483,O=472bc2c4-d122-445b-abdb-6ece19e270bd
           Start Date: Wed Aug 23 22:09:53 UTC 2023
           Final Date: Sat Sep 30 22:09:53 UTC 2028
            SubjectDN: CN=scm-1@fv-az621-511,OU=46f8c20c-0bf8-4362-ba0a-970cde28a483,O=472bc2c4-d122-445b-abdb-6ece19e270bd
           Public Key: RSA Public Key [de:78:4c:8c:e9:d9:73:6b:b2:e3:45:11:14:a6:98:79:ef:90:aa:90],[56:66:d1:a4]
        modulus: eb0a8a08f0bb027d0e2123efcbd6397058a07f964bc976805555793009972235629648fab9bd806bc71b5460225e113f9793b28b62f3d21d516df7cc664f37779277a79126864e3bc7593911b018754a6f2d396e46e6e90d9882d514f512a553529a3749a22c88f1fdf87548e8d9fa0a57861b2e5006057378d46333ce675bb1d8ad0539ac66cb2a6640a2c7403536d7c30f00df087180f935fd08302f27a3935842b3aacb038191206323bea85277893e0a9f98979ce2f11f559106d663af3bff7319355758395a2f4a4487faee7f86bad71f21dc0cb2d23f31a6719f43500964e73fbbe94d081f6f1e5efdee43b3fb3bec04f9d83b7c0ff449c79e55ab631b
public exponent: 10001

  Signature Algorithm: SHA256WITHRSA
            Signature: ea0e5f0539f49c5b30475001f29248c280bd270e
                       7f4fdf325ad9527ed2ac6f4d3042da62a655cadd
                       5bf4a7c086f2ec85fe178d870b0649e49e9a65af
                       eaf845c0a2e7048847da6c6f06176d1266cd4824
                       fe069b1f1d55e6dfd14ae0828f045bd5229949f8
                       becd4ca8840c37cb9bae7e6e5e7057a20fc353c3
                       bd9aece6c63ce13191bd91ec74e10c1b979b19bd
                       c55e678fd7141c19966dcf2b1469e333530c1a32
                       cb1ac689b2be51efa561b4b45e6eed61e36b12b9
                       41d9306e605a3bb17fcd2e04cf5dbd96ef565b6a
                       c9d7556701ba13fa5dca6fc9a54f5e3072c443bf
                       f01e8fa97eb082e815778d6c49f66777b270102d
                       cc4ef85079dc672a01e191399ddc2c80
       Extensions: 
                       critical(true) BasicConstraints: isCa(true)
                       critical(true) KeyUsage: 0x6
                       critical(false) 2.5.29.17 value = Sequence
    Tagged [7] IMPLICIT 
        DER Octet String[4] 
    Tagged [2] IMPLICIT 
        DER Octet String[64] 

 from file: /tmp/junit2511217519943358722/junit1587168555866474416/scm-meta/om/certs/ROOTCA-1.crt.
2023-08-23 22:09:54,380 [Time-limited test] INFO  security.OMCertificateClient (DefaultCertificateClient.java:readCertificateFile(237)) - Added certificate   [0]         Version: 3
         SerialNumber: 1464750854558
             IssuerDN: CN=scm-1@fv-az621-511,OU=46f8c20c-0bf8-4362-ba0a-970cde28a483,O=472bc2c4-d122-445b-abdb-6ece19e270bd
           Start Date: Wed Aug 23 22:09:53 UTC 2023
           Final Date: Sat Sep 30 22:09:53 UTC 2028
            SubjectDN: CN=scm-sub-1464741577785@fv-az621-511,OU=46f8c20c-0bf8-4362-ba0a-970cde28a483,O=472bc2c4-d122-445b-abdb-6ece19e270bd
           Public Key: RSA Public Key [13:f2:64:68:91:7e:67:b2:4c:79:28:77:8a:ab:08:26:e3:1f:8a:c5],[56:66:d1:a4]
        modulus: c3385c2c61c9a239db2776b82cb997c2e78a91ce48e5274f4f7dc710c9886dfefede9fb345582f514dbeda0aeb40fb643566c880af3b1f678fd933cb20fbe8b3e9563bb02d85584cad009341ed453fef0fef6ef11df49b0d126f2970f5f51a2bbf11bf57ede7805eff024762201f03d32c84c2747ee0b7519399243509834a26e879e42f95a38b0bfbe444b01b42f495449aa9e280e7b27a6ce0748dce15d452e0a5f475c6994e6f9e4e9a692ccbd87fee141cc8e8bd8d38ec21bace4545ef387c44f849664d4a0591d115b0455f36bbc3f1778885ce5d046aa74ac7ed4afe3706d72a20982eb4cd1f01391b389814c4131929af9e3cb0ceb088fe9e1dc93649
public exponent: 10001

  Signature Algorithm: SHA256WITHRSA
            Signature: 22162b22341ab2a5db53f2b55e261b2357fc1701
                       870405dd42fb8bf0ce14bb8821b609b715dcc03d
                       f199269c2ca30955e063ece40196cd5125d99e52
                       48a1f94aaa91337baee3846d2d76eb7af83a326e
                       e1ecd1b5a94c146a58983d32f70665ad63e23dd1
                       ab8d365634c8408ba01206def0a743aac88efd93
                       5a7eaf1fa449ac34d83e1bd99c72c5161d775e33
                       ab13654e68a18ff3184bcbe5fc866db18217f975
                       77976ccbf93df4e7a927a00131418b0f0970ab87
                       29e31a12a92c9c8f1ccd384cc6d6ad243e601e99
                       d95447764563b2d5e721bf6dece2a022ea95ac85
                       650f941eb6d05513cff91398bb6c1b6e2455b458
                       945f2c4224f41f219016e9f86e86ef82
       Extensions: 
                       critical(false) 2.5.29.17 value = Sequence
    Tagged [7] IMPLICIT 
        DER Octet String[4] 
    Tagged [2] IMPLICIT 
        DER Octet String[64] 

                       critical(true) BasicConstraints: isCa(true)
                       critical(true) KeyUsage: 0xbe
 from file: /tmp/junit2511217519943358722/junit1587168555866474416/scm-meta/om/certs/CA-1464750854558.crt.
2023-08-23 22:09:54,383 [Time-limited test] INFO  security.OMCertificateClient (DefaultCertificateClient.java:readCertificateFile(237)) - Added certificate   [0]         Version: 3
         SerialNumber: 1465385952560
             IssuerDN: CN=scm-sub-1464741577785@fv-az621-511,OU=46f8c20c-0bf8-4362-ba0a-970cde28a483,O=472bc2c4-d122-445b-abdb-6ece19e270bd
           Start Date: Wed Aug 23 22:09:54 UTC 2023
           Final Date: Thu Aug 22 22:09:54 UTC 2024
            SubjectDN: CN=scm@fv-az621-511.fpnbra3ad0zu1hpqauu4rsdf4e.cx.internal.cloudapp.net,OU=46f8c20c-0bf8-4362-ba0a-970cde28a483,O=472bc2c4-d122-445b-abdb-6ece19e270bd
           Public Key: RSA Public Key [e3:d1:b7:72:a7:4a:85:af:93:83:db:ff:e7:1a:f4:26:b6:bf:61:08],[56:66:d1:a4]
        modulus: a2c2921ba79a1ba584e9f78ebcb58c693e30f713a941f4615cbd3ed724f88c55e05cc4d7456e0902cf29a6f675737b777a1238189e5a696f167a12acba81dcd1cf6aa2bdc57d71d2ce161905edc827139052ff98813d4966d4c5e894a0cc9399dc9cbc72ac617e4bc9edac982f301eba3f597525f53259f5ce5573b799cad9a0b93c00f91791df77203975b605ccd9b630221b68202f898602fb19c13387ce5dc17395fd22738040fdd50eb8d3359f90ba9b4201b520584b3039a7567626ad643bf9f3031f180c88a8ac14dda83d9acf7a7e6c17408c46d4617823855d643acf47ad921318206d9b43457d78de825192a576d6acc6dfe60ad8fc33a3cae624ab
public exponent: 10001

  Signature Algorithm: SHA256WITHRSA
            Signature: 26c5cd7673ad9bf7b67186f279a0b7a2e6f79045
                       9ad962f127c9c2207c2c071706b6ee1b85cc7490
                       2d44a0ddb2f4ceb493c2e882dd122f16389c39ae
                       9c5e3337460c009cdea4a5e19560ab08316173cd
                       09453ab15ef32141500d07d7994b42438c0e351a
                       6296ea881087bc42cef22f1adf3a5ff75d451304
                       888788df92ed84e1cbf99544272cb9ce69624809
                       4a9ee0aa7ccad9038feb9d9d2e95528f785ec3a6
                       c2c8335b69041dafd31f0a28b0c534c0c0a42b82
                       109dbef02bd52cc640f432f698bf5e558d047304
                       755005030d6b6f561e9f0d129c26885d4c131f92
                       78fa959a59b7d7ec92a2199d5a07f710e623c267
                       18ed94921e354af3e82e9956b833a95b
       Extensions: 
                       critical(false) 2.5.29.17 value = Sequence
    Tagged [7] IMPLICIT 
        DER Octet String[4] 
    Tagged [2] IMPLICIT 
        DER Octet String[64] 

                       critical(true) KeyUsage: 0xb8
 from file: /tmp/junit2511217519943358722/junit1587168555866474416/scm-meta/om/certs/1465385952560.crt.
2023-08-23 22:09:54,387 [Time-limited test] INFO  security.OMCertificateClient (DefaultCertificateClient.java:startCertificateRenewerService(1347)) - CertificateRenewerService for om is started with first delay 31535989616 ms and interval 3333 ms.
2023-08-23 22:09:54,389 [Time-limited test] INFO  om.OzoneManager (OzoneManager.java:<init>(662)) - OM start with adminUsers: [om/fv-az621-511.fpnbra3ad0zu1hpqauu4rsdf4e.cx.internal.cloudapp.net@EXAMPLE.COM, om]
2023-08-23 22:09:54,390 [Time-limited test] WARN  server.ServerUtils (ServerUtils.java:getDBPath(311)) - ozone.om.db.dirs is not configured. We recommend adding this setting. Falling back to ozone.metadata.dirs instead.
2023-08-23 22:09:54,392 [Time-limited test] INFO  helpers.OmKeyInfo (OmKeyInfo.java:getCodec(71)) - OmKeyInfo.getCodec ignorePipeline = true
2023-08-23 22:09:54,583 [Time-limited test] INFO  om.OzoneManager (OzoneManager.java:instantiateServices(791)) - S3 Multi-Tenancy is disabled
2023-08-23 22:09:54,584 [Time-limited test] INFO  security.OzoneSecretStore (OzoneSecretStore.java:loadState(69)) - Loaded 0 tokens
2023-08-23 22:09:54,593 [Time-limited test] INFO  security.OzoneDelegationTokenSecretManager (OzoneDelegationTokenSecretManager.java:loadTokenSecretState(530)) - Loading token state into token manager.
2023-08-23 22:09:54,593 [Time-limited test] INFO  om.OmSnapshotManager (OmSnapshotManager.java:<init>(175)) - Ozone filesystem snapshot feature is enabled.
2023-08-23 22:09:54,594 [Time-limited test] WARN  server.ServerUtils (ServerUtils.java:getDBPath(311)) - ozone.om.snapshot.diff.db.dir is not configured. We recommend adding this setting. Falling back to ozone.metadata.dirs instead.
2023-08-23 22:09:54,622 [Time-limited test] INFO  snapshot.SnapshotDiffManager (SnapshotDiffManager.java:closeExecutorService(1720)) - Shutting down executorService: 'SstDumpToolExecutor'
2023-08-23 22:09:54,665 [Time-limited test] INFO  om.OzoneManager (OzoneManager.java:addS3GVolumeToDB(4284)) - Created Volume s3v With Owner om required for S3Gateway operations.
2023-08-23 22:09:54,665 [Time-limited test] WARN  server.ServerUtils (ServerUtils.java:getDefaultRatisDirectory(323)) - Storage directory for Ratis is not configured. It is a good idea to map this to an SSD disk. Falling back to ozone.metadata.dirs
2023-08-23 22:09:54,666 [Time-limited test] WARN  utils.OzoneManagerRatisUtils (OzoneManagerRatisUtils.java:getOMRatisSnapshotDirectory(461)) - ozone.om.ratis.snapshot.dir is not configured. Falling back to ozone.metadata.dirs config
2023-08-23 22:09:54,669 [Time-limited test] WARN  server.ServerUtils (ServerUtils.java:getDefaultRatisDirectory(323)) - Storage directory for Ratis is not configured. It is a good idea to map this to an SSD disk. Falling back to ozone.metadata.dirs
2023-08-23 22:09:54,670 [Time-limited test] INFO  ratis.OzoneManagerRatisServer (OzoneManagerRatisServer.java:<init>(163)) - Instantiating OM Ratis server with groupID: omServiceIdDefault and peers: fv-az621-511.fpnbra3ad0zu1hpqauu4rsdf4e.cx.internal.cloudapp.net:9872
2023-08-23 22:09:54,671 [Time-limited test] INFO  ratis.OzoneManagerStateMachine (OzoneManagerStateMachine.java:loadSnapshotInfoFromDB(687)) - LastAppliedIndex is set from TransactionInfo from OM DB as (t:0, i:~)
2023-08-23 22:09:54,672 [Time-limited test] INFO  server.RaftServer (ConfUtils.java:logGet(46)) - raft.rpc.type = GRPC (default)
2023-08-23 22:09:54,674 [Time-limited test] INFO  grpc.GrpcConfigKeys (ConfUtils.java:logFallback(53)) - raft.grpc.admin.host = null (fallback to raft.grpc.server.host)
2023-08-23 22:09:54,674 [Time-limited test] INFO  grpc.GrpcConfigKeys (ConfUtils.java:logFallback(53)) - raft.grpc.admin.port = 9872 (fallback to raft.grpc.server.port)
2023-08-23 22:09:54,675 [Time-limited test] INFO  grpc.GrpcConfigKeys (ConfUtils.java:logFallback(53)) - raft.grpc.client.host = null (fallback to raft.grpc.server.host)
2023-08-23 22:09:54,675 [Time-limited test] INFO  grpc.GrpcConfigKeys (ConfUtils.java:logFallback(53)) - raft.grpc.client.port = 9872 (fallback to raft.grpc.server.port)
2023-08-23 22:09:54,675 [Time-limited test] INFO  grpc.GrpcConfigKeys (ConfUtils.java:logGet(46)) - raft.grpc.server.host = null (default)
2023-08-23 22:09:54,675 [Time-limited test] INFO  grpc.GrpcConfigKeys (ConfUtils.java:logGet(46)) - raft.grpc.server.port = 9872 (custom)
2023-08-23 22:09:54,675 [Time-limited test] INFO  server.GrpcService (ConfUtils.java:logGet(46)) - raft.grpc.message.size.max = 33554432 (custom)
2023-08-23 22:09:54,676 [Time-limited test] INFO  server.RaftServerConfigKeys (ConfUtils.java:logGet(46)) - raft.server.log.appender.buffer.byte-limit = 33554432 (custom)
2023-08-23 22:09:54,676 [Time-limited test] INFO  server.GrpcService (ConfUtils.java:logGet(46)) - raft.grpc.flow.control.window = 1MB (=1048576) (default)
2023-08-23 22:09:54,676 [Time-limited test] INFO  server.RaftServerConfigKeys (ConfUtils.java:logGet(46)) - raft.server.rpc.request.timeout = 3000ms (default)
2023-08-23 22:09:54,676 [Time-limited test] INFO  grpc.GrpcConfigKeys (ConfUtils.java:logGet(46)) - raft.grpc.server.heartbeat.channel = true (default)
2023-08-23 22:09:54,677 [Time-limited test] INFO  grpc.GrpcConfigKeys (ConfUtils.java:logGet(46)) - raft.grpc.server.async.request.thread.pool.cached = true (default)
2023-08-23 22:09:54,677 [Time-limited test] INFO  grpc.GrpcConfigKeys (ConfUtils.java:logGet(46)) - raft.grpc.server.async.request.thread.pool.size = 32 (default)
2023-08-23 22:09:54,678 [Time-limited test] INFO  impl.DataStreamServerImpl (ConfUtils.java:logGet(46)) - raft.datastream.type = DISABLED (default)
2023-08-23 22:09:54,678 [Time-limited test] INFO  server.RaftServerConfigKeys (ConfUtils.java:logGet(46)) - raft.server.threadpool.proxy.cached = true (default)
2023-08-23 22:09:54,678 [Time-limited test] INFO  server.RaftServerConfigKeys (ConfUtils.java:logGet(46)) - raft.server.threadpool.proxy.size = 0 (default)
2023-08-23 22:09:54,679 [Time-limited test] INFO  server.RaftServerConfigKeys (ConfUtils.java:logGet(46)) - raft.server.rpc.slowness.timeout = 120s (custom)
2023-08-23 22:09:54,679 [Time-limited test] INFO  server.RaftServerConfigKeys (ConfUtils.java:logGet(46)) - raft.server.leaderelection.leader.step-down.wait-time = 10s (default)
2023-08-23 22:09:54,679 [Time-limited test] INFO  server.RaftServerConfigKeys (ConfUtils.java:logGet(46)) - raft.server.storage.dir = [/tmp/junit2511217519943358722/junit1587168555866474416/scm-meta/ratis] (custom)
2023-08-23 22:09:54,727 [Time-limited test] INFO  server.RaftServer (RaftServerProxy.java:addNew(98)) - om1: addNew group-C5BA1605619E:[om1|rpc:fv-az621-511.fpnbra3ad0zu1hpqauu4rsdf4e.cx.internal.cloudapp.net:9872|priority:0|startupRole:FOLLOWER] returns group-C5BA1605619E:java.util.concurrent.CompletableFuture@778ae827[Not completed]
2023-08-23 22:09:54,727 [Time-limited test] INFO  om.OzoneManager (OzoneManager.java:initializeRatisServer(2128)) - OzoneManager Ratis server initialized at port 9872
2023-08-23 22:09:54,727 [Time-limited test] INFO  om.OzoneManager (OzoneManager.java:getRpcServer(1193)) - Creating RPC Server
2023-08-23 22:09:54,729 [om1-groupManagement] INFO  server.RaftServer$Division (RaftServerImpl.java:<init>(198)) - om1: new RaftServerImpl for group-C5BA1605619E:[om1|rpc:fv-az621-511.fpnbra3ad0zu1hpqauu4rsdf4e.cx.internal.cloudapp.net:9872|priority:0|startupRole:FOLLOWER] with OzoneManagerStateMachine:uninitialized
2023-08-23 22:09:54,734 [om1-groupManagement] INFO  server.RaftServerConfigKeys (ConfUtils.java:logGet(46)) - raft.server.rpc.timeout.min = 5s (custom)
2023-08-23 22:09:54,734 [om1-groupManagement] INFO  server.RaftServerConfigKeys (ConfUtils.java:logGet(46)) - raft.server.rpc.timeout.max = 5200ms (custom)
2023-08-23 22:09:54,734 [om1-groupManagement] INFO  server.RaftServerConfigKeys (ConfUtils.java:logGet(46)) - raft.server.rpc.sleep.time = 25ms (default)
2023-08-23 22:09:54,734 [om1-groupManagement] INFO  server.RaftServerConfigKeys (ConfUtils.java:logGet(46)) - raft.server.rpc.slowness.timeout = 120s (custom)
2023-08-23 22:09:54,734 [om1-groupManagement] INFO  server.RaftServerConfigKeys (ConfUtils.java:logGet(46)) - raft.server.leaderelection.leader.step-down.wait-time = 10s (default)
2023-08-23 22:09:54,734 [om1-groupManagement] INFO  server.RaftServerConfigKeys (ConfUtils.java:logGet(46)) - raft.server.sleep.deviation.threshold = 300ms (default)
2023-08-23 22:09:54,735 [om1-groupManagement] INFO  server.RaftServer$Division (ServerState.java:<init>(120)) - om1@group-C5BA1605619E: ConfigurationManager, init=-1: peers:[om1|rpc:fv-az621-511.fpnbra3ad0zu1hpqauu4rsdf4e.cx.internal.cloudapp.net:9872|priority:0|startupRole:FOLLOWER]|listeners:[], old=null, confs=<EMPTY_MAP>
2023-08-23 22:09:54,735 [om1-groupManagement] INFO  server.RaftServerConfigKeys (ConfUtils.java:logGet(46)) - raft.server.storage.dir = [/tmp/junit2511217519943358722/junit1587168555866474416/scm-meta/ratis] (custom)
2023-08-23 22:09:54,735 [om1-groupManagement] INFO  server.RaftServerConfigKeys (ConfUtils.java:logGet(46)) - raft.server.log.corruption.policy = EXCEPTION (default)
2023-08-23 22:09:54,735 [om1-groupManagement] INFO  server.RaftServerConfigKeys (ConfUtils.java:logGet(46)) - raft.server.storage.free-space.min = 0MB (=0) (default)
2023-08-23 22:09:54,735 [om1-groupManagement] INFO  server.RaftServerConfigKeys (ConfUtils.java:logGet(46)) - raft.server.notification.no-leader.timeout = 120s (custom)
2023-08-23 22:09:54,735 [om1-groupManagement] INFO  server.RaftServerConfigKeys (ConfUtils.java:logGet(46)) - raft.server.read.timeout = 10s (default)
2023-08-23 22:09:54,735 [om1-groupManagement] INFO  server.RaftServerConfigKeys (ConfUtils.java:logGet(46)) - raft.server.retrycache.expirytime = 300s (custom)
2023-08-23 22:09:54,735 [om1-groupManagement] INFO  server.RaftServerConfigKeys (ConfUtils.java:logGet(46)) - raft.server.retrycache.statistics.expirytime = 100μs (default)
2023-08-23 22:09:54,735 [om1-groupManagement] INFO  server.RaftServerConfigKeys (ConfUtils.java:logGet(46)) - raft.server.read.option = DEFAULT (default)
2023-08-23 22:09:54,736 [om1-groupManagement] INFO  server.RaftServerConfigKeys (ConfUtils.java:logGet(46)) - raft.server.rpc.request.timeout = 3000ms (default)
2023-08-23 22:09:54,736 [om1-groupManagement] INFO  server.RaftServerConfigKeys (ConfUtils.java:logGet(46)) - raft.server.log.appender.install.snapshot.enabled = false (custom)
2023-08-23 22:09:54,736 [om1-groupManagement] INFO  server.RaftServerConfigKeys (ConfUtils.java:logGet(46)) - raft.server.threadpool.server.cached = true (default)
2023-08-23 22:09:54,736 [om1-groupManagement] INFO  server.RaftServerConfigKeys (ConfUtils.java:logGet(46)) - raft.server.threadpool.server.size = 0 (default)
2023-08-23 22:09:54,736 [om1-groupManagement] INFO  server.RaftServerConfigKeys (ConfUtils.java:logGet(46)) - raft.server.threadpool.client.cached = true (default)
2023-08-23 22:09:54,736 [om1-groupManagement] INFO  server.RaftServerConfigKeys (ConfUtils.java:logGet(46)) - raft.server.threadpool.client.size = 0 (default)
2023-08-23 22:09:55,193 [Time-limited test] INFO  reflections.Reflections (Reflections.java:scan(232)) - Reflections took 464 ms to scan 19 urls, producing 70 keys and 5645 values [using 2 cores]
2023-08-23 22:09:55,194 [Time-limited test] INFO  ipc.CallQueueManager (CallQueueManager.java:<init>(90)) - Using callQueue: class java.util.concurrent.LinkedBlockingQueue, queueCapacity: 10000, scheduler: class org.apache.hadoop.ipc.DefaultRpcScheduler, ipcBackoff: false.
2023-08-23 22:09:55,195 [Time-limited test] INFO  ipc.Server (Server.java:<init>(1287)) - Listener at fv-az621-511.fpnbra3ad0zu1hpqauu4rsdf4e.cx.internal.cloudapp.net:1202
2023-08-23 22:09:55,199 [Socket Reader #1 for port 1202] INFO  ipc.Server (Server.java:run(1323)) - Starting Socket Reader #1 for port 1202
2023-08-23 22:09:55,230 [Time-limited test] INFO  server.StorageContainerManager (StorageContainerManager.java:stop(1591)) - Container Balancer is not running.
2023-08-23 22:09:55,230 [Time-limited test] INFO  server.StorageContainerManager (StorageContainerManager.java:stopReplicationManager(1724)) - Stopping Replication Manager Service.
2023-08-23 22:09:55,230 [Time-limited test] INFO  replication.ReplicationManager (ReplicationManager.java:stop(319)) - Stopping Replication Monitor Thread.
2023-08-23 22:09:55,231 [Over Replicated Processor] WARN  replication.UnhealthyReplicationProcessor (UnhealthyReplicationProcessor.java:run(180)) - Over Replicated Processor interrupted. Exiting...
2023-08-23 22:09:55,231 [Under Replicated Processor] WARN  replication.UnhealthyReplicationProcessor (UnhealthyReplicationProcessor.java:run(180)) - Under Replicated Processor interrupted. Exiting...
2023-08-23 22:09:55,231 [Time-limited test] INFO  server.StorageContainerManager (StorageContainerManager.java:stop(1600)) - Stopping the Datanode Admin Monitor.
2023-08-23 22:09:55,231 [ReplicationMonitor] INFO  replication.ReplicationManager (ReplicationManager.java:run(917)) - Replication Monitor Thread is stopped
2023-08-23 22:09:55,232 [Time-limited test] INFO  server.StorageContainerManager (StorageContainerManager.java:stop(1607)) - Stopping datanode service RPC server
2023-08-23 22:09:55,232 [Time-limited test] INFO  server.SCMDatanodeProtocolServer (SCMDatanodeProtocolServer.java:stop(424)) - Stopping the RPC server for DataNodes
2023-08-23 22:09:55,232 [Time-limited test] INFO  ipc.Server (Server.java:stop(3523)) - Stopping server on 9861
2023-08-23 22:09:55,245 [IPC Server listener on 9861] INFO  ipc.Server (Server.java:run(1434)) - Stopping IPC Server listener on 9861
2023-08-23 22:09:55,245 [IPC Server Responder] INFO  ipc.Server (Server.java:run(1567)) - Stopping IPC Server Responder
2023-08-23 22:09:56,732 [SCM Heartbeat Processing Thread - 0] WARN  node.NodeStateManager (NodeStateManager.java:scheduleNextHealthCheck(874)) - Current Thread is interrupted, shutting down HB processing thread for Node Manager.
2023-08-23 22:09:56,733 [Time-limited test] INFO  server.StorageContainerManager (StorageContainerManager.java:stop(1615)) - Stopping block service RPC server
2023-08-23 22:09:56,733 [Time-limited test] INFO  server.SCMBlockProtocolServer (SCMBlockProtocolServer.java:stop(161)) - Stopping the RPC server for Block Protocol
2023-08-23 22:09:56,733 [Time-limited test] INFO  ipc.Server (Server.java:stop(3523)) - Stopping server on 9863
2023-08-23 22:09:56,737 [IPC Server listener on 9863] INFO  ipc.Server (Server.java:run(1434)) - Stopping IPC Server listener on 9863
2023-08-23 22:09:56,739 [IPC Server Responder] INFO  ipc.Server (Server.java:run(1567)) - Stopping IPC Server Responder
2023-08-23 22:09:56,740 [Time-limited test] INFO  server.StorageContainerManager (StorageContainerManager.java:stop(1622)) - Stopping the StorageContainerLocationProtocol RPC server
2023-08-23 22:09:56,743 [Time-limited test] INFO  server.SCMClientProtocolServer (SCMClientProtocolServer.java:stop(210)) - Stopping the RPC server for Client Protocol
2023-08-23 22:09:56,743 [Time-limited test] INFO  ipc.Server (Server.java:stop(3523)) - Stopping server on 9860
2023-08-23 22:09:56,747 [IPC Server Responder] INFO  ipc.Server (Server.java:run(1567)) - Stopping IPC Server Responder
2023-08-23 22:09:56,747 [IPC Server listener on 9860] INFO  ipc.Server (Server.java:run(1434)) - Stopping IPC Server listener on 9860
2023-08-23 22:09:56,749 [Time-limited test] INFO  server.StorageContainerManager (StorageContainerManager.java:stop(1629)) - Stopping Storage Container Manager HTTP server.
2023-08-23 22:09:56,750 [Time-limited test] INFO  handler.ContextHandler (ContextHandler.java:doStop(1159)) - Stopped o.e.j.w.WebAppContext@7dfb70b{scm,/,null,STOPPED}{file:/home/runner/work/ozone/ozone/hadoop-ozone/integration-test/target/test-classes/webapps/scm}
2023-08-23 22:09:56,753 [Time-limited test] INFO  server.AbstractConnector (AbstractConnector.java:doStop(383)) - Stopped ServerConnector@700bf8fe{HTTP/1.1, (http/1.1)}{0.0.0.0:9876}
2023-08-23 22:09:56,753 [Time-limited test] INFO  server.session (HouseKeeper.java:stopScavenging(149)) - node0 Stopped scavenging
2023-08-23 22:09:56,754 [Time-limited test] INFO  handler.ContextHandler (ContextHandler.java:doStop(1159)) - Stopped o.e.j.s.ServletContextHandler@7279e156{static,/static,file:///home/runner/work/ozone/ozone/hadoop-ozone/integration-test/target/test-classes/webapps/static,STOPPED}
2023-08-23 22:09:56,754 [Time-limited test] INFO  handler.ContextHandler (ContextHandler.java:doStop(1159)) - Stopped o.e.j.s.ServletContextHandler@6c7c7ea6{logs,/logs,file:///home/runner/work/ozone/ozone/hadoop-ozone/integration-test/target/log,STOPPED}
2023-08-23 22:09:56,756 [Time-limited test] INFO  server.StorageContainerManager (StorageContainerManager.java:stop(1637)) - Stopping SCM LayoutVersionManager Service.
2023-08-23 22:09:56,757 [Time-limited test] INFO  server.SCMSecurityProtocolServer (SCMSecurityProtocolServer.java:stop(550)) - Stopping the SCMSecurityProtocolServer.
2023-08-23 22:09:56,757 [Time-limited test] INFO  ipc.Server (Server.java:stop(3523)) - Stopping server on 9961
2023-08-23 22:09:56,757 [IPC Server Responder] INFO  ipc.Server (Server.java:run(1567)) - Stopping IPC Server Responder
2023-08-23 22:09:56,757 [IPC Server listener on 9961] INFO  ipc.Server (Server.java:run(1434)) - Stopping IPC Server listener on 9961
2023-08-23 22:09:56,757 [Time-limited test] INFO  server.SCMUpdateServiceGrpcServer (SCMUpdateServiceGrpcServer.java:stop(73)) - SCMUpdateService stopping
2023-08-23 22:09:56,758 [Time-limited test] INFO  server.SCMUpdateServiceGrpcServer (SCMUpdateServiceGrpcServer.java:stop(85)) - SCMUpdateService stopped!
2023-08-23 22:09:56,758 [Time-limited test] INFO  server.StorageContainerManager (StorageContainerManager.java:stop(1649)) - Stopping Block Manager Service.
2023-08-23 22:09:56,758 [Time-limited test] INFO  utils.BackgroundService (BackgroundService.java:shutdown(141)) - Shutting down service SCMBlockDeletingService
2023-08-23 22:09:56,759 [Time-limited test] INFO  utils.BackgroundService (BackgroundService.java:shutdown(141)) - Shutting down service SCMBlockDeletingService
2023-08-23 22:09:56,759 [Time-limited test] INFO  server.StorageContainerManager (StorageContainerManager.java:stop(1669)) - Stopping SCM Event Queue.
2023-08-23 22:09:56,759 [JvmPauseMonitor3] INFO  util.JvmPauseMonitor (JvmPauseMonitor.java:run(109)) - JvmPauseMonitor-46f8c20c-0bf8-4362-ba0a-970cde28a483: Stopped
2023-08-23 22:09:56,759 [Time-limited test] INFO  server.StorageContainerManager (StorageContainerManager.java:stop(1680)) - Stopping SCM HA services.
2023-08-23 22:09:56,760 [Time-limited test] INFO  pipeline.BackgroundPipelineCreator (BackgroundPipelineCreator.java:stop(149)) - Stopping RatisPipelineUtilsThread.
2023-08-23 22:09:56,760 [RatisPipelineUtilsThread - 0] WARN  pipeline.BackgroundPipelineCreator (BackgroundPipelineCreator.java:run(180)) - RatisPipelineUtilsThread is interrupted.
2023-08-23 22:09:56,760 [Time-limited test] INFO  BackgroundPipelineScrubber (BackgroundSCMService.java:stop(131)) - Stopping BackgroundPipelineScrubber Service.
2023-08-23 22:09:56,760 [BackgroundPipelineScrubberThread] WARN  BackgroundPipelineScrubber (BackgroundSCMService.java:run(115)) - BackgroundPipelineScrubber is interrupted, exit
2023-08-23 22:09:56,760 [Time-limited test] INFO  impl.MetricsSystemImpl (MetricsSystemImpl.java:stop(210)) - Stopping StorageContainerManager metrics system...
2023-08-23 22:09:56,763 [prometheus] INFO  impl.MetricsSinkAdapter (MetricsSinkAdapter.java:publishMetricsFromQueue(141)) - prometheus thread interrupted.
2023-08-23 22:09:56,764 [Time-limited test] INFO  impl.MetricsSystemImpl (MetricsSystemImpl.java:stop(216)) - StorageContainerManager metrics system stopped.
2023-08-23 22:09:56,764 [Time-limited test] WARN  pipeline.BackgroundPipelineCreator (BackgroundPipelineCreator.java:stop(145)) - RatisPipelineUtilsThread is not running, just ignore.
2023-08-23 22:09:56,764 [Time-limited test] INFO  BackgroundPipelineScrubber (BackgroundSCMService.java:stop(126)) - BackgroundPipelineScrubber Service is not running, skip stop.
2023-08-23 22:09:56,764 [ExpiredContainerReplicaOpScrubberThread] WARN  ExpiredContainerReplicaOpScrubber (BackgroundSCMService.java:run(115)) - ExpiredContainerReplicaOpScrubber is interrupted, exit
2023-08-23 22:09:56,764 [Time-limited test] INFO  ExpiredContainerReplicaOpScrubber (BackgroundSCMService.java:stop(131)) - Stopping ExpiredContainerReplicaOpScrubber Service.
2023-08-23 22:09:56,764 [Time-limited test] INFO  utils.BackgroundService (BackgroundService.java:shutdown(141)) - Shutting down service SCMBlockDeletingService
2023-08-23 22:09:56,764 [Time-limited test] INFO  replication.ReplicationManager (ReplicationManager.java:stop(329)) - Replication Monitor Thread is not running.
2023-08-23 22:09:56,764 [Time-limited test] WARN  balancer.ContainerBalancer (ContainerBalancer.java:stop(326)) - Cannot stop Container Balancer because it's not running or stopping
2023-08-23 22:09:56,766 [Time-limited test] INFO  server.StorageContainerManager (StorageContainerManager.java:stop(1715)) - Stopping SCM MetadataStore.
2023-08-23 22:09:56,767 [Time-limited test] INFO  om.OzoneManager (OzoneManager.java:stop(2187)) - om1[fv-az621-511.fpnbra3ad0zu1hpqauu4rsdf4e.cx.internal.cloudapp.net:1202]: Stopping Ozone Manager
2023-08-23 22:09:56,767 [Time-limited test] INFO  ipc.Server (Server.java:stop(3523)) - Stopping server on 1202
2023-08-23 22:09:56,772 [Time-limited test] INFO  ratis.OzoneManagerStateMachine (OzoneManagerStateMachine.java:close(534)) - StateMachine has shutdown. Shutdown OzoneManager if not already shutdown.
2023-08-23 22:09:56,772 [Time-limited test] INFO  ratis.OzoneManagerDoubleBuffer (OzoneManagerDoubleBuffer.java:stopDaemon(551)) - Stopping OMDoubleBuffer flush thread
2023-08-23 22:09:56,772 [OMDoubleBufferFlushThread] INFO  ratis.OzoneManagerDoubleBuffer (OzoneManagerDoubleBuffer.java:canFlush(638)) - OMDoubleBuffer flush thread OMDoubleBufferFlushThread is interrupted and will exit.
2023-08-23 22:09:56,773 [Time-limited test] INFO  om.OzoneManager (OzoneManager.java:stopSecretManager(1063)) - Stopping secret key client.
2023-08-23 22:09:56,773 [Time-limited test] INFO  om.OzoneManager (OzoneManager.java:stopSecretManager(1068)) - Stopping OM delegation token secret manager.
2023-08-23 22:09:56,773 [Time-limited test] INFO  rocksdiff.RocksDBCheckpointDiffer (RocksDBCheckpointDiffer.java:close(340)) - Shutting down CompactionDagPruningService.
2023-08-23 22:09:56,774 [Time-limited test] INFO  snapshot.SnapshotDiffManager (SnapshotDiffManager.java:closeExecutorService(1720)) - Shutting down executorService: 'SnapDiffExecutor'
2023-08-23 22:09:56,774 [Time-limited test] INFO  snapshot.SnapshotDiffManager (SnapshotDiffManager.java:closeExecutorService(1720)) - Shutting down executorService: 'SstDumpToolExecutor'
2023-08-23 22:09:56,774 [Time-limited test] INFO  utils.BackgroundService (BackgroundService.java:shutdown(141)) - Shutting down service SnapshotDiffCleanupService
2023-08-23 22:09:56,776 [Time-limited test] INFO  om.OzoneManager (OzoneManager.java:stop(2187)) - om1[fv-az621-511.fpnbra3ad0zu1hpqauu4rsdf4e.cx.internal.cloudapp.net:1202]: Stopping Ozone Manager
2023-08-23 22:09:56,776 [Time-limited test] INFO  impl.DefaultInternalKdcServerImpl (DefaultInternalKdcServerImpl.java:doStop(102)) - Default Internal kdc server stopped.
2023-08-23 22:09:57,777 [Time-limited test] INFO  minikdc.MiniKdc (MiniKdc.java:stop(359)) - MiniKdc stopped.
2023-08-23 22:09:57,777 [Time-limited test] INFO  server.StorageContainerManager (StorageContainerManager.java:stop(1580)) - Storage Container Manager is not running.
2023-08-23 22:09:57,777 [Time-limited test] INFO  server.StorageContainerManager (StorageContainerManager.java:stopReplicationManager(1724)) - Stopping Replication Manager Service.
2023-08-23 22:09:57,777 [Time-limited test] INFO  replication.ReplicationManager (ReplicationManager.java:stop(329)) - Replication Monitor Thread is not running.
2023-08-23 22:09:57,777 [Time-limited test] INFO  server.SCMSecurityProtocolServer (SCMSecurityProtocolServer.java:join(560)) - Join RPC server for SCMSecurityProtocolServer.
2023-08-23 22:09:57,777 [Time-limited test] INFO  server.SCMSecurityProtocolServer (SCMSecurityProtocolServer.java:join(562)) - Join gRPC server for SCMSecurityProtocolServer.
2023-08-23 22:09:57,777 [Time-limited test] INFO  om.OzoneManager (OzoneManager.java:stop(2187)) - om1[fv-az621-511.fpnbra3ad0zu1hpqauu4rsdf4e.cx.internal.cloudapp.net:1202]: Stopping Ozone Manager
]]></system-out>
  </testcase>
  <testcase name="testSecureOmInitializationSuccess" classname="org.apache.hadoop.ozone.TestSecureOzoneCluster" time="4.741">
    <system-out><![CDATA[2023-08-23 22:09:57,799 [Time-limited test] INFO  net.ServerSocketUtil (ServerSocketUtil.java:getPort(55)) - Using port 9860
2023-08-23 22:09:57,799 [Time-limited test] INFO  net.ServerSocketUtil (ServerSocketUtil.java:getPort(55)) - Using port 9861
2023-08-23 22:09:57,800 [Time-limited test] INFO  net.ServerSocketUtil (ServerSocketUtil.java:getPort(55)) - Using port 9863
2023-08-23 22:09:57,800 [Time-limited test] INFO  net.ServerSocketUtil (ServerSocketUtil.java:getPort(55)) - Using port 9961
2023-08-23 22:09:57,800 [Time-limited test] INFO  net.ServerSocketUtil (ServerSocketUtil.java:getPort(55)) - Using port 1200
2023-08-23 22:09:57,800 [Time-limited test] INFO  net.ServerSocketUtil (ServerSocketUtil.java:getPort(55)) - Using port 1201
2023-08-23 22:09:57,800 [Time-limited test] INFO  minikdc.MiniKdc (MiniKdc.java:<init>(225)) - Configuration:
2023-08-23 22:09:57,800 [Time-limited test] INFO  minikdc.MiniKdc (MiniKdc.java:<init>(226)) - ---------------------------------------------------------------
2023-08-23 22:09:57,800 [Time-limited test] INFO  minikdc.MiniKdc (MiniKdc.java:<init>(228)) -   debug: false
2023-08-23 22:09:57,800 [Time-limited test] INFO  minikdc.MiniKdc (MiniKdc.java:<init>(228)) -   transport: TCP
2023-08-23 22:09:57,800 [Time-limited test] INFO  minikdc.MiniKdc (MiniKdc.java:<init>(228)) -   max.ticket.lifetime: 86400000
2023-08-23 22:09:57,800 [Time-limited test] INFO  minikdc.MiniKdc (MiniKdc.java:<init>(228)) -   org.name: EXAMPLE
2023-08-23 22:09:57,800 [Time-limited test] INFO  minikdc.MiniKdc (MiniKdc.java:<init>(228)) -   kdc.port: 0
2023-08-23 22:09:57,800 [Time-limited test] INFO  minikdc.MiniKdc (MiniKdc.java:<init>(228)) -   org.domain: COM
2023-08-23 22:09:57,800 [Time-limited test] INFO  minikdc.MiniKdc (MiniKdc.java:<init>(228)) -   max.renewable.lifetime: 604800000
2023-08-23 22:09:57,800 [Time-limited test] INFO  minikdc.MiniKdc (MiniKdc.java:<init>(228)) -   instance: DefaultKrbServer
2023-08-23 22:09:57,800 [Time-limited test] INFO  minikdc.MiniKdc (MiniKdc.java:<init>(228)) -   kdc.bind.address: localhost
2023-08-23 22:09:57,800 [Time-limited test] INFO  minikdc.MiniKdc (MiniKdc.java:<init>(230)) - ---------------------------------------------------------------
2023-08-23 22:09:57,803 [Time-limited test] INFO  minikdc.MiniKdc (MiniKdc.java:start(285)) - MiniKdc started.
2023-08-23 22:09:57,990 [Time-limited test] INFO  om.OzoneManager (OzoneManager.java:getOmDetailsProto(4552)) - OzoneManager ports added:[name: "RPC"
value: 1202
]
2023-08-23 22:09:57,990 [Time-limited test] WARN  server.ServerUtils (ServerUtils.java:getScmDbDir(155)) - ozone.scm.db.dirs is not configured. We recommend adding this setting. Falling back to ozone.metadata.dirs instead.
2023-08-23 22:09:57,990 [Time-limited test] INFO  ha.HASecurityUtils (HASecurityUtils.java:initializeSecurity(98)) - Initializing secure StorageContainerManager.
2023-08-23 22:09:57,991 [Time-limited test] INFO  client.SCMCertificateClient (DefaultCertificateClient.java:updateCertSerialId(1244)) - Certificate serial ID set to null
2023-08-23 22:09:57,991 [Time-limited test] ERROR client.SCMCertificateClient (DefaultCertificateClient.java:getCertPath(362)) - Default certificate serial id is not set. Can't locate the default certificate for this client.
2023-08-23 22:09:57,991 [Time-limited test] INFO  client.SCMCertificateClient (DefaultCertificateClient.java:init(715)) - Certificate client init case: 0
2023-08-23 22:09:57,991 [Time-limited test] INFO  client.SCMCertificateClient (SCMCertificateClient.java:handleCase(103)) - Creating keypair for client as keypair and certificate not found.
2023-08-23 22:09:58,156 [Time-limited test] INFO  ha.HASecurityUtils (HASecurityUtils.java:initializeSecurity(108)) - Init response: GETCERT
2023-08-23 22:09:58,527 [Time-limited test] INFO  ozone.OzoneSecurityUtil (OzoneSecurityUtil.java:getValidInetsForCurrentHost(119)) - ip:fe80:0:0:0:20d:3aff:fed9:fc2e%eth0 not returned.
2023-08-23 22:09:58,528 [Time-limited test] INFO  ozone.OzoneSecurityUtil (OzoneSecurityUtil.java:getValidInetsForCurrentHost(116)) - Adding ip:10.1.0.14,host:fv-az621-511.fpnbra3ad0zu1hpqauu4rsdf4e.cx.internal.cloudapp.net
2023-08-23 22:09:58,528 [Time-limited test] INFO  ozone.OzoneSecurityUtil (OzoneSecurityUtil.java:getValidInetsForCurrentHost(119)) - ip:0:0:0:0:0:0:0:1%lo not returned.
2023-08-23 22:09:58,528 [Time-limited test] INFO  ozone.OzoneSecurityUtil (OzoneSecurityUtil.java:getValidInetsForCurrentHost(119)) - ip:127.0.0.1 not returned.
2023-08-23 22:09:58,531 [Time-limited test] INFO  utils.SelfSignedCertificate (SelfSignedCertificate.java:generateCertificate(157)) - Certificate 1 is issued by CN=scm-1@fv-az621-511,OU=df0f667c-fc62-4810-ae7f-c3b595391bde,O=8fadaf50-587b-4d1e-a5d3-f3d3c57dcd97 to CN=scm-1@fv-az621-511,OU=df0f667c-fc62-4810-ae7f-c3b595391bde,O=8fadaf50-587b-4d1e-a5d3-f3d3c57dcd97, valid from Wed Aug 23 22:09:58 UTC 2023 to Sat Sep 30 22:09:58 UTC 2028
2023-08-23 22:09:58,531 [Time-limited test] INFO  utils.CertificateCodec (CertificateCodec.java:writeCertificate(299)) - Save certificate to /tmp/junit8037201540830343538/junit1898799218324774325/scm-meta/scm/ca/certs/certificate.crt
2023-08-23 22:09:58,531 [Time-limited test] INFO  utils.CertificateCodec (CertificateCodec.java:writeCertificate(300)) - Certificate -----BEGIN CERTIFICATE-----
MIID5zCCAs+gAwIBAgIBATANBgkqhkiG9w0BAQsFADB7MRswGQYDVQQDDBJzY20t
MUBmdi1hejYyMS01MTExLTArBgNVBAsMJGRmMGY2NjdjLWZjNjItNDgxMC1hZTdm
LWMzYjU5NTM5MWJkZTEtMCsGA1UECgwkOGZhZGFmNTAtNTg3Yi00ZDFlLWE1ZDMt
ZjNkM2M1N2RjZDk3MB4XDTIzMDgyMzIyMDk1OFoXDTI4MDkzMDIyMDk1OFowezEb
MBkGA1UEAwwSc2NtLTFAZnYtYXo2MjEtNTExMS0wKwYDVQQLDCRkZjBmNjY3Yy1m
YzYyLTQ4MTAtYWU3Zi1jM2I1OTUzOTFiZGUxLTArBgNVBAoMJDhmYWRhZjUwLTU4
N2ItNGQxZS1hNWQzLWYzZDNjNTdkY2Q5NzCCASIwDQYJKoZIhvcNAQEBBQADggEP
ADCCAQoCggEBAJpcT7Qh8Oo+dzFA4LzCRo9Z/7aOTiZPKsCD9XWovcTQcbisTJ9I
WwQ+qKSIeiAOcQuBDPFTcRPwCGZ8Fkd37udO94LMYDwATpN7M913I25cKGYPtCDf
X6OzzTTT6yYVvINOLbDVW9n1JpOndWEj3NdsMM+99yvxK+aX2SceKib2Zm2I2FH7
u5gMUPZ8ZoL+WOx+l27SJutdG/Qgh97UVakPyzluP5EgTyWT/lmMTHPu5z8f3FoQ
isFNtXCxBXSrfL29ySYcYEA7LWI2PemKWcrqUczSxu1mw9ThNUv9lPDaybQC/HOt
h/abpZ4I9u3K7ywASTLtWMwpyIfkreW7uxsCAwEAAaN2MHQwDwYDVR0TAQH/BAUw
AwEB/zAOBgNVHQ8BAf8EBAMCAQYwUQYDVR0RBEowSIcECgEADoJAZnYtYXo2MjEt
NTExLmZwbmJyYTNhZDB6dTFocHFhdXU0cnNkZjRlLmN4LmludGVybmFsLmNsb3Vk
YXBwLm5ldDANBgkqhkiG9w0BAQsFAAOCAQEARonhAgRd7v/8eopfmME62fOZjnAm
q6znVBp9vyae7BvYXQOtNtuefeFRvYi4kq9mvghHZIsiIgEAdyZBYSk9IMVKItX/
iRB5tAlJ2LIo+D0jZeGqQeYE+x46RlEShXwmsWZQITdOxDK46eMeFoc4bhn3eEQZ
IOSLs5CrhuLt0pxau60h8zWG5m84rLVa4Qxz5xxTx7CrMSeCgT69+wks+1BiwXOK
yZGinNJ5WhqN0nUzU2j9qlYRm3RF5ok8ldxT0LiTtcHzmEVTuTgt8WBClZDB5rlJ
aAAhak9vOVJ3Kmy+1cmLcng30nNcl0pyQpSO4buWZZpCMaJ32TqGoVeA2Q==
-----END CERTIFICATE-----

2023-08-23 22:09:58,532 [Time-limited test] INFO  client.SCMCertificateClient (SCMCertificateClient.java:getCSRBuilder(165)) - Creating csr for SCM->hostName:fv-az621-511,scmId:df0f667c-fc62-4810-ae7f-c3b595391bde,clusterId:8fadaf50-587b-4d1e-a5d3-f3d3c57dcd97,subject:scm-sub-1469701115741@fv-az621-511
2023-08-23 22:09:58,532 [Time-limited test] INFO  ozone.OzoneSecurityUtil (OzoneSecurityUtil.java:getValidInetsForCurrentHost(119)) - ip:fe80:0:0:0:20d:3aff:fed9:fc2e%eth0 not returned.
2023-08-23 22:09:58,532 [Time-limited test] INFO  ozone.OzoneSecurityUtil (OzoneSecurityUtil.java:getValidInetsForCurrentHost(116)) - Adding ip:10.1.0.14,host:fv-az621-511.fpnbra3ad0zu1hpqauu4rsdf4e.cx.internal.cloudapp.net
2023-08-23 22:09:58,532 [Time-limited test] INFO  ozone.OzoneSecurityUtil (OzoneSecurityUtil.java:getValidInetsForCurrentHost(119)) - ip:0:0:0:0:0:0:0:1%lo not returned.
2023-08-23 22:09:58,532 [Time-limited test] INFO  ozone.OzoneSecurityUtil (OzoneSecurityUtil.java:getValidInetsForCurrentHost(119)) - ip:127.0.0.1 not returned.
2023-08-23 22:09:58,532 [Time-limited test] INFO  ha.HASecurityUtils (HASecurityUtils.java:generateCSR(308)) - Creating csr for SCM->hostName:fv-az621-511,scmId:df0f667c-fc62-4810-ae7f-c3b595391bde,clusterId:8fadaf50-587b-4d1e-a5d3-f3d3c57dcd97,subject:scm-sub-1469701652140@fv-az621-511
2023-08-23 22:09:58,536 [Time-limited test] INFO  authority.DefaultApprover (DefaultApprover.java:sign(154)) - Extensions in CSR: 2.5.29.19, 2.5.29.15, 2.5.29.17
2023-08-23 22:09:58,536 [Time-limited test] INFO  authority.DefaultApprover (DefaultApprover.java:sign(158)) - Extensions to add to the certificate if they present in CSR: 2.5.29.17, 2.5.29.19, 1.3.6.1.5.5.7.1.12, 2.5.29.35, 2.5.29.37, 2.5.29.15
2023-08-23 22:09:58,540 [Time-limited test] INFO  utils.CertificateCodec (CertificateCodec.java:writeCertificate(299)) - Save certificate to /tmp/junit8037201540830343538/junit1898799218324774325/scm-meta/scm/sub-ca/certs/CA-1.crt
2023-08-23 22:09:58,540 [Time-limited test] INFO  utils.CertificateCodec (CertificateCodec.java:writeCertificate(300)) - Certificate -----BEGIN CERTIFICATE-----
MIID5zCCAs+gAwIBAgIBATANBgkqhkiG9w0BAQsFADB7MRswGQYDVQQDDBJzY20t
MUBmdi1hejYyMS01MTExLTArBgNVBAsMJGRmMGY2NjdjLWZjNjItNDgxMC1hZTdm
LWMzYjU5NTM5MWJkZTEtMCsGA1UECgwkOGZhZGFmNTAtNTg3Yi00ZDFlLWE1ZDMt
ZjNkM2M1N2RjZDk3MB4XDTIzMDgyMzIyMDk1OFoXDTI4MDkzMDIyMDk1OFowezEb
MBkGA1UEAwwSc2NtLTFAZnYtYXo2MjEtNTExMS0wKwYDVQQLDCRkZjBmNjY3Yy1m
YzYyLTQ4MTAtYWU3Zi1jM2I1OTUzOTFiZGUxLTArBgNVBAoMJDhmYWRhZjUwLTU4
N2ItNGQxZS1hNWQzLWYzZDNjNTdkY2Q5NzCCASIwDQYJKoZIhvcNAQEBBQADggEP
ADCCAQoCggEBAJpcT7Qh8Oo+dzFA4LzCRo9Z/7aOTiZPKsCD9XWovcTQcbisTJ9I
WwQ+qKSIeiAOcQuBDPFTcRPwCGZ8Fkd37udO94LMYDwATpN7M913I25cKGYPtCDf
X6OzzTTT6yYVvINOLbDVW9n1JpOndWEj3NdsMM+99yvxK+aX2SceKib2Zm2I2FH7
u5gMUPZ8ZoL+WOx+l27SJutdG/Qgh97UVakPyzluP5EgTyWT/lmMTHPu5z8f3FoQ
isFNtXCxBXSrfL29ySYcYEA7LWI2PemKWcrqUczSxu1mw9ThNUv9lPDaybQC/HOt
h/abpZ4I9u3K7ywASTLtWMwpyIfkreW7uxsCAwEAAaN2MHQwDwYDVR0TAQH/BAUw
AwEB/zAOBgNVHQ8BAf8EBAMCAQYwUQYDVR0RBEowSIcECgEADoJAZnYtYXo2MjEt
NTExLmZwbmJyYTNhZDB6dTFocHFhdXU0cnNkZjRlLmN4LmludGVybmFsLmNsb3Vk
YXBwLm5ldDANBgkqhkiG9w0BAQsFAAOCAQEARonhAgRd7v/8eopfmME62fOZjnAm
q6znVBp9vyae7BvYXQOtNtuefeFRvYi4kq9mvghHZIsiIgEAdyZBYSk9IMVKItX/
iRB5tAlJ2LIo+D0jZeGqQeYE+x46RlEShXwmsWZQITdOxDK46eMeFoc4bhn3eEQZ
IOSLs5CrhuLt0pxau60h8zWG5m84rLVa4Qxz5xxTx7CrMSeCgT69+wks+1BiwXOK
yZGinNJ5WhqN0nUzU2j9qlYRm3RF5ok8ldxT0LiTtcHzmEVTuTgt8WBClZDB5rlJ
aAAhak9vOVJ3Kmy+1cmLcng30nNcl0pyQpSO4buWZZpCMaJ32TqGoVeA2Q==
-----END CERTIFICATE-----

2023-08-23 22:09:58,540 [Time-limited test] INFO  utils.CertificateCodec (CertificateCodec.java:writeCertificate(299)) - Save certificate to /tmp/junit8037201540830343538/junit1898799218324774325/scm-meta/scm/sub-ca/certs/1469705091730.crt
2023-08-23 22:09:58,540 [Time-limited test] INFO  utils.CertificateCodec (CertificateCodec.java:writeCertificate(300)) - Certificate -----BEGIN CERTIFICATE-----
MIID/TCCAuWgAwIBAgIGAVYxP/qSMA0GCSqGSIb3DQEBCwUAMHsxGzAZBgNVBAMM
EnNjbS0xQGZ2LWF6NjIxLTUxMTEtMCsGA1UECwwkZGYwZjY2N2MtZmM2Mi00ODEw
LWFlN2YtYzNiNTk1MzkxYmRlMS0wKwYDVQQKDCQ4ZmFkYWY1MC01ODdiLTRkMWUt
YTVkMy1mM2QzYzU3ZGNkOTcwHhcNMjMwODIzMjIwOTU4WhcNMjgwOTMwMjIwOTU4
WjCBizErMCkGA1UEAwwic2NtLXN1Yi0xNDY5NzAxNjUyMTQwQGZ2LWF6NjIxLTUx
MTEtMCsGA1UECwwkZGYwZjY2N2MtZmM2Mi00ODEwLWFlN2YtYzNiNTk1MzkxYmRl
MS0wKwYDVQQKDCQ4ZmFkYWY1MC01ODdiLTRkMWUtYTVkMy1mM2QzYzU3ZGNkOTcw
ggEiMA0GCSqGSIb3DQEBAQUAA4IBDwAwggEKAoIBAQCj4IFCaBAgOTnxTSnQjywx
hlfqWsUVfUF8QEXgXn7rrctDD6s/xyWVw58WkcfvfdFpHB4id9iwwEG3GcuNrWYV
ezwkstEic+ih5SIuWPE6LtXhJKIfpAwH4Ib3WywtItV0RZzf5rRMyk4XYQR3sQd4
JzchIFVztT/7Efmv/crX9AWPdg5b5yRaKFCj3c7Ofeqax4JaooJpu2Fl6vsOAjtB
knwh/nuWJu4dZ7TZ337gMVlAs5Y9PLkV136/rD5PHWpBWZBt8v9J6oxwd0F5jnlq
z6yMuzdJ3O8FWMmKETixwGIVajlh1iMYCjV9qypc5FJI5ByvNBwEzFHxlTNzbOnT
AgMBAAGjdjB0MFEGA1UdEQRKMEiHBAoBAA6CQGZ2LWF6NjIxLTUxMS5mcG5icmEz
YWQwenUxaHBxYXV1NHJzZGY0ZS5jeC5pbnRlcm5hbC5jbG91ZGFwcC5uZXQwDwYD
VR0TAQH/BAUwAwEB/zAOBgNVHQ8BAf8EBAMCAb4wDQYJKoZIhvcNAQELBQADggEB
AHj1kwObcO5FmBVwqtiUlZC5r2omgtJuhgBT0szzqrrzsfd4I0bUaJHI/srmGP2c
cTkESriZK0tXvc1PB6InEocQDMNnI+RWVMf2+fOKNGwpVPg/Iv8juWSLBX9xHrqo
7d9xCq1MRo2/mRSj39McW1aGQCFWqjBGwERoaVd5ppBhUgaKQUmx4ay6HJkfcWHh
xgmWKkDgIqe/rTsHizM0IEhkWWL3Yjjon9MyzSVyovWRKNyRS1ZuSa4pzwv9TERS
7EhO3UckscSjUytcEqKf62AKJK+iZpoCPQpq6MJVugSy2mz8ZFer2Xf2RfOlLxD8
BfebGchGN3CPta9sB7CKBfg=
-----END CERTIFICATE-----

-----BEGIN CERTIFICATE-----
MIID5zCCAs+gAwIBAgIBATANBgkqhkiG9w0BAQsFADB7MRswGQYDVQQDDBJzY20t
MUBmdi1hejYyMS01MTExLTArBgNVBAsMJGRmMGY2NjdjLWZjNjItNDgxMC1hZTdm
LWMzYjU5NTM5MWJkZTEtMCsGA1UECgwkOGZhZGFmNTAtNTg3Yi00ZDFlLWE1ZDMt
ZjNkM2M1N2RjZDk3MB4XDTIzMDgyMzIyMDk1OFoXDTI4MDkzMDIyMDk1OFowezEb
MBkGA1UEAwwSc2NtLTFAZnYtYXo2MjEtNTExMS0wKwYDVQQLDCRkZjBmNjY3Yy1m
YzYyLTQ4MTAtYWU3Zi1jM2I1OTUzOTFiZGUxLTArBgNVBAoMJDhmYWRhZjUwLTU4
N2ItNGQxZS1hNWQzLWYzZDNjNTdkY2Q5NzCCASIwDQYJKoZIhvcNAQEBBQADggEP
ADCCAQoCggEBAJpcT7Qh8Oo+dzFA4LzCRo9Z/7aOTiZPKsCD9XWovcTQcbisTJ9I
WwQ+qKSIeiAOcQuBDPFTcRPwCGZ8Fkd37udO94LMYDwATpN7M913I25cKGYPtCDf
X6OzzTTT6yYVvINOLbDVW9n1JpOndWEj3NdsMM+99yvxK+aX2SceKib2Zm2I2FH7
u5gMUPZ8ZoL+WOx+l27SJutdG/Qgh97UVakPyzluP5EgTyWT/lmMTHPu5z8f3FoQ
isFNtXCxBXSrfL29ySYcYEA7LWI2PemKWcrqUczSxu1mw9ThNUv9lPDaybQC/HOt
h/abpZ4I9u3K7ywASTLtWMwpyIfkreW7uxsCAwEAAaN2MHQwDwYDVR0TAQH/BAUw
AwEB/zAOBgNVHQ8BAf8EBAMCAQYwUQYDVR0RBEowSIcECgEADoJAZnYtYXo2MjEt
NTExLmZwbmJyYTNhZDB6dTFocHFhdXU0cnNkZjRlLmN4LmludGVybmFsLmNsb3Vk
YXBwLm5ldDANBgkqhkiG9w0BAQsFAAOCAQEARonhAgRd7v/8eopfmME62fOZjnAm
q6znVBp9vyae7BvYXQOtNtuefeFRvYi4kq9mvghHZIsiIgEAdyZBYSk9IMVKItX/
iRB5tAlJ2LIo+D0jZeGqQeYE+x46RlEShXwmsWZQITdOxDK46eMeFoc4bhn3eEQZ
IOSLs5CrhuLt0pxau60h8zWG5m84rLVa4Qxz5xxTx7CrMSeCgT69+wks+1BiwXOK
yZGinNJ5WhqN0nUzU2j9qlYRm3RF5ok8ldxT0LiTtcHzmEVTuTgt8WBClZDB5rlJ
aAAhak9vOVJ3Kmy+1cmLcng30nNcl0pyQpSO4buWZZpCMaJ32TqGoVeA2Q==
-----END CERTIFICATE-----

2023-08-23 22:09:58,540 [Time-limited test] INFO  utils.CertificateCodec (CertificateCodec.java:writeCertificate(299)) - Save certificate to /tmp/junit8037201540830343538/junit1898799218324774325/scm-meta/scm/sub-ca/certs/certificate.crt
2023-08-23 22:09:58,540 [Time-limited test] INFO  utils.CertificateCodec (CertificateCodec.java:writeCertificate(300)) - Certificate -----BEGIN CERTIFICATE-----
MIID/TCCAuWgAwIBAgIGAVYxP/qSMA0GCSqGSIb3DQEBCwUAMHsxGzAZBgNVBAMM
EnNjbS0xQGZ2LWF6NjIxLTUxMTEtMCsGA1UECwwkZGYwZjY2N2MtZmM2Mi00ODEw
LWFlN2YtYzNiNTk1MzkxYmRlMS0wKwYDVQQKDCQ4ZmFkYWY1MC01ODdiLTRkMWUt
YTVkMy1mM2QzYzU3ZGNkOTcwHhcNMjMwODIzMjIwOTU4WhcNMjgwOTMwMjIwOTU4
WjCBizErMCkGA1UEAwwic2NtLXN1Yi0xNDY5NzAxNjUyMTQwQGZ2LWF6NjIxLTUx
MTEtMCsGA1UECwwkZGYwZjY2N2MtZmM2Mi00ODEwLWFlN2YtYzNiNTk1MzkxYmRl
MS0wKwYDVQQKDCQ4ZmFkYWY1MC01ODdiLTRkMWUtYTVkMy1mM2QzYzU3ZGNkOTcw
ggEiMA0GCSqGSIb3DQEBAQUAA4IBDwAwggEKAoIBAQCj4IFCaBAgOTnxTSnQjywx
hlfqWsUVfUF8QEXgXn7rrctDD6s/xyWVw58WkcfvfdFpHB4id9iwwEG3GcuNrWYV
ezwkstEic+ih5SIuWPE6LtXhJKIfpAwH4Ib3WywtItV0RZzf5rRMyk4XYQR3sQd4
JzchIFVztT/7Efmv/crX9AWPdg5b5yRaKFCj3c7Ofeqax4JaooJpu2Fl6vsOAjtB
knwh/nuWJu4dZ7TZ337gMVlAs5Y9PLkV136/rD5PHWpBWZBt8v9J6oxwd0F5jnlq
z6yMuzdJ3O8FWMmKETixwGIVajlh1iMYCjV9qypc5FJI5ByvNBwEzFHxlTNzbOnT
AgMBAAGjdjB0MFEGA1UdEQRKMEiHBAoBAA6CQGZ2LWF6NjIxLTUxMS5mcG5icmEz
YWQwenUxaHBxYXV1NHJzZGY0ZS5jeC5pbnRlcm5hbC5jbG91ZGFwcC5uZXQwDwYD
VR0TAQH/BAUwAwEB/zAOBgNVHQ8BAf8EBAMCAb4wDQYJKoZIhvcNAQELBQADggEB
AHj1kwObcO5FmBVwqtiUlZC5r2omgtJuhgBT0szzqrrzsfd4I0bUaJHI/srmGP2c
cTkESriZK0tXvc1PB6InEocQDMNnI+RWVMf2+fOKNGwpVPg/Iv8juWSLBX9xHrqo
7d9xCq1MRo2/mRSj39McW1aGQCFWqjBGwERoaVd5ppBhUgaKQUmx4ay6HJkfcWHh
xgmWKkDgIqe/rTsHizM0IEhkWWL3Yjjon9MyzSVyovWRKNyRS1ZuSa4pzwv9TERS
7EhO3UckscSjUytcEqKf62AKJK+iZpoCPQpq6MJVugSy2mz8ZFer2Xf2RfOlLxD8
BfebGchGN3CPta9sB7CKBfg=
-----END CERTIFICATE-----

-----BEGIN CERTIFICATE-----
MIID5zCCAs+gAwIBAgIBATANBgkqhkiG9w0BAQsFADB7MRswGQYDVQQDDBJzY20t
MUBmdi1hejYyMS01MTExLTArBgNVBAsMJGRmMGY2NjdjLWZjNjItNDgxMC1hZTdm
LWMzYjU5NTM5MWJkZTEtMCsGA1UECgwkOGZhZGFmNTAtNTg3Yi00ZDFlLWE1ZDMt
ZjNkM2M1N2RjZDk3MB4XDTIzMDgyMzIyMDk1OFoXDTI4MDkzMDIyMDk1OFowezEb
MBkGA1UEAwwSc2NtLTFAZnYtYXo2MjEtNTExMS0wKwYDVQQLDCRkZjBmNjY3Yy1m
YzYyLTQ4MTAtYWU3Zi1jM2I1OTUzOTFiZGUxLTArBgNVBAoMJDhmYWRhZjUwLTU4
N2ItNGQxZS1hNWQzLWYzZDNjNTdkY2Q5NzCCASIwDQYJKoZIhvcNAQEBBQADggEP
ADCCAQoCggEBAJpcT7Qh8Oo+dzFA4LzCRo9Z/7aOTiZPKsCD9XWovcTQcbisTJ9I
WwQ+qKSIeiAOcQuBDPFTcRPwCGZ8Fkd37udO94LMYDwATpN7M913I25cKGYPtCDf
X6OzzTTT6yYVvINOLbDVW9n1JpOndWEj3NdsMM+99yvxK+aX2SceKib2Zm2I2FH7
u5gMUPZ8ZoL+WOx+l27SJutdG/Qgh97UVakPyzluP5EgTyWT/lmMTHPu5z8f3FoQ
isFNtXCxBXSrfL29ySYcYEA7LWI2PemKWcrqUczSxu1mw9ThNUv9lPDaybQC/HOt
h/abpZ4I9u3K7ywASTLtWMwpyIfkreW7uxsCAwEAAaN2MHQwDwYDVR0TAQH/BAUw
AwEB/zAOBgNVHQ8BAf8EBAMCAQYwUQYDVR0RBEowSIcECgEADoJAZnYtYXo2MjEt
NTExLmZwbmJyYTNhZDB6dTFocHFhdXU0cnNkZjRlLmN4LmludGVybmFsLmNsb3Vk
YXBwLm5ldDANBgkqhkiG9w0BAQsFAAOCAQEARonhAgRd7v/8eopfmME62fOZjnAm
q6znVBp9vyae7BvYXQOtNtuefeFRvYi4kq9mvghHZIsiIgEAdyZBYSk9IMVKItX/
iRB5tAlJ2LIo+D0jZeGqQeYE+x46RlEShXwmsWZQITdOxDK46eMeFoc4bhn3eEQZ
IOSLs5CrhuLt0pxau60h8zWG5m84rLVa4Qxz5xxTx7CrMSeCgT69+wks+1BiwXOK
yZGinNJ5WhqN0nUzU2j9qlYRm3RF5ok8ldxT0LiTtcHzmEVTuTgt8WBClZDB5rlJ
aAAhak9vOVJ3Kmy+1cmLcng30nNcl0pyQpSO4buWZZpCMaJ32TqGoVeA2Q==
-----END CERTIFICATE-----

2023-08-23 22:09:58,541 [Time-limited test] INFO  ha.HASecurityUtils (HASecurityUtils.java:initializeSecurity(121)) - Successfully stored SCM signed certificate.
2023-08-23 22:09:58,544 [Time-limited test] WARN  server.ServerUtils (ServerUtils.java:getScmDbDir(155)) - ozone.scm.db.dirs is not configured. We recommend adding this setting. Falling back to ozone.metadata.dirs instead.
2023-08-23 22:09:58,544 [Time-limited test] INFO  ha.SCMHANodeDetails (SCMHANodeDetails.java:loadSCMHAConfig(210)) - ServiceID for StorageContainerManager is null
2023-08-23 22:09:58,544 [Time-limited test] INFO  ha.SCMHANodeDetails (SCMHANodeDetails.java:loadSCMHAConfig(215)) - ozone.scm.default.service.id is not defined, falling back to ozone.scm.service.ids to find serviceID for StorageContainerManager if it is HA enabled cluster
2023-08-23 22:09:58,550 [pool-267-thread-1] INFO  request.KdcRequest (KdcRequest.java:preauth(651)) - The preauth data is empty.
2023-08-23 22:09:58,553 [pool-267-thread-1] INFO  server.KdcHandler (KdcHandler.java:handleRecoverableException(177)) - KRB error occurred while processing request:Additional pre-authentication required
2023-08-23 22:09:58,561 [pool-267-thread-2] INFO  request.AsRequest (AsRequest.java:issueTicket(112)) - AS_REQ ISSUE: authtime 1692828598560,scm/fv-az621-511.fpnbra3ad0zu1hpqauu4rsdf4e.cx.internal.cloudapp.net@EXAMPLE.COM for krbtgt/EXAMPLE.COM@EXAMPLE.COM
2023-08-23 22:09:58,562 [Time-limited test] INFO  security.UserGroupInformation (UserGroupInformation.java:loginUserFromKeytab(1132)) - Login successful for user scm/fv-az621-511.fpnbra3ad0zu1hpqauu4rsdf4e.cx.internal.cloudapp.net@EXAMPLE.COM using keytab file scm.keytab. Keytab auto renewal enabled : false
2023-08-23 22:09:58,562 [Time-limited test] INFO  server.StorageContainerManager (StorageContainerManager.java:loginAsSCMUserIfSecurityEnabled(1042)) - SCM login successful.
2023-08-23 22:09:58,563 [Time-limited test] INFO  client.SCMCertificateClient (DefaultCertificateClient.java:updateCertSerialId(1244)) - Certificate serial ID set to 1469705091730
2023-08-23 22:09:58,564 [Time-limited test] INFO  client.SCMCertificateClient (DefaultCertificateClient.java:readCertificateFile(237)) - Added certificate   [0]         Version: 3
         SerialNumber: 1
             IssuerDN: CN=scm-1@fv-az621-511,OU=df0f667c-fc62-4810-ae7f-c3b595391bde,O=8fadaf50-587b-4d1e-a5d3-f3d3c57dcd97
           Start Date: Wed Aug 23 22:09:58 UTC 2023
           Final Date: Sat Sep 30 22:09:58 UTC 2028
            SubjectDN: CN=scm-1@fv-az621-511,OU=df0f667c-fc62-4810-ae7f-c3b595391bde,O=8fadaf50-587b-4d1e-a5d3-f3d3c57dcd97
           Public Key: RSA Public Key [7f:65:6f:21:80:da:f4:0e:3f:a6:d4:2d:4f:f2:d4:ba:16:dd:f0:07],[56:66:d1:a4]
        modulus: 9a5c4fb421f0ea3e773140e0bcc2468f59ffb68e4e264f2ac083f575a8bdc4d071b8ac4c9f485b043ea8a4887a200e710b810cf1537113f008667c164777eee74ef782cc603c004e937b33dd77236e5c28660fb420df5fa3b3cd34d3eb2615bc834e2db0d55bd9f52693a7756123dcd76c30cfbdf72bf12be697d9271e2a26f6666d88d851fbbb980c50f67c6682fe58ec7e976ed226eb5d1bf42087ded455a90fcb396e3f91204f2593fe598c4c73eee73f1fdc5a108ac14db570b10574ab7cbdbdc9261c60403b2d62363de98a59caea51ccd2c6ed66c3d4e1354bfd94f0dac9b402fc73ad87f69ba59e08f6edcaef2c004932ed58cc29c887e4ade5bbbb1b
public exponent: 10001

  Signature Algorithm: SHA256WITHRSA
            Signature: 4689e102045deefffc7a8a5f98c13ad9f3998e70
                       26abace7541a7dbf269eec1bd85d03ad36db9e7d
                       e151bd88b892af66be0847648b22220100772641
                       61293d20c54a22d5ff891079b40949d8b228f83d
                       2365e1aa41e604fb1e3a465112857c26b1665021
                       374ec432b8e9e31e1687386e19f778441920e48b
                       b390ab86e2edd29c5abbad21f33586e66f38acb5
                       5ae10c73e71c53c7b0ab312782813ebdfb092cfb
                       5062c1738ac991a29cd2795a1a8dd275335368fd
                       aa56119b7445e6893c95dc53d0b893b5c1f39845
                       53b9382df160429590c1e6b9496800216a4f6f39
                       52772a6cbed5c98b727837d2735c974a7242948e
                       e1bb96659a4231a277d93a86a15780d9
       Extensions: 
                       critical(true) BasicConstraints: isCa(true)
                       critical(true) KeyUsage: 0x6
                       critical(false) 2.5.29.17 value = Sequence
    Tagged [7] IMPLICIT 
        DER Octet String[4] 
    Tagged [2] IMPLICIT 
        DER Octet String[64] 

 from file: /tmp/junit8037201540830343538/junit1898799218324774325/scm-meta/scm/sub-ca/certs/CA-1.crt.
2023-08-23 22:09:58,565 [Time-limited test] INFO  client.SCMCertificateClient (DefaultCertificateClient.java:readCertificateFile(237)) - Added certificate   [0]         Version: 3
         SerialNumber: 1469705091730
             IssuerDN: CN=scm-1@fv-az621-511,OU=df0f667c-fc62-4810-ae7f-c3b595391bde,O=8fadaf50-587b-4d1e-a5d3-f3d3c57dcd97
           Start Date: Wed Aug 23 22:09:58 UTC 2023
           Final Date: Sat Sep 30 22:09:58 UTC 2028
            SubjectDN: CN=scm-sub-1469701652140@fv-az621-511,OU=df0f667c-fc62-4810-ae7f-c3b595391bde,O=8fadaf50-587b-4d1e-a5d3-f3d3c57dcd97
           Public Key: RSA Public Key [96:bc:6a:ae:3b:ea:fa:c8:65:42:87:51:3d:db:e7:0f:ee:29:4a:d8],[56:66:d1:a4]
        modulus: a3e081426810203939f14d29d08f2c318657ea5ac5157d417c4045e05e7eebadcb430fab3fc72595c39f1691c7ef7dd1691c1e2277d8b0c041b719cb8dad66157b3c24b2d12273e8a1e5222e58f13a2ed5e124a21fa40c07e086f75b2c2d22d574459cdfe6b44cca4e17610477b10778273721205573b53ffb11f9affdcad7f4058f760e5be7245a2850a3ddcece7dea9ac7825aa28269bb6165eafb0e023b41927c21fe7b9626ee1d67b4d9df7ee0315940b3963d3cb915d77ebfac3e4f1d6a4159906df2ff49ea8c707741798e796acfac8cbb3749dcef0558c98a1138b1c062156a3961d623180a357dab2a5ce45248e41caf341c04cc51f19533736ce9d3
public exponent: 10001

  Signature Algorithm: SHA256WITHRSA
            Signature: 78f593039b70ee45981570aad8949590b9af6a26
                       82d26e860053d2ccf3aabaf3b1f7782346d46891
                       c8fecae618fd9c7139044ab8992b4b57bdcd4f07
                       a2271287100cc36723e45654c7f6f9f38a346c29
                       54f83f22ff23b9648b057f711ebaa8eddf710aad
                       4c468dbf9914a3dfd31c5b5686402156aa3046c0
                       4468695779a6906152068a4149b1e1acba1c991f
                       7161e1c609962a40e022a7bfad3b078b33342048
                       645962f76238e89fd332cd2572a2f59128dc914b
                       566e49ae29cf0bfd4c4452ec484edd4724b1c4a3
                       532b5c12a29feb600a24afa2669a023d0a6ae8c2
                       55ba04b2da6cfc6457abd977f645f3a52f10fc05
                       f79b19c84637708fb5af6c07b08a05f8
       Extensions: 
                       critical(false) 2.5.29.17 value = Sequence
    Tagged [7] IMPLICIT 
        DER Octet String[4] 
    Tagged [2] IMPLICIT 
        DER Octet String[64] 

                       critical(true) BasicConstraints: isCa(true)
                       critical(true) KeyUsage: 0xbe
 from file: /tmp/junit8037201540830343538/junit1898799218324774325/scm-meta/scm/sub-ca/certs/1469705091730.crt.
2023-08-23 22:09:58,566 [Time-limited test] INFO  client.SCMCertificateClient (DefaultCertificateClient.java:readCertificateFile(237)) - Added certificate   [0]         Version: 3
         SerialNumber: 1469705091730
             IssuerDN: CN=scm-1@fv-az621-511,OU=df0f667c-fc62-4810-ae7f-c3b595391bde,O=8fadaf50-587b-4d1e-a5d3-f3d3c57dcd97
           Start Date: Wed Aug 23 22:09:58 UTC 2023
           Final Date: Sat Sep 30 22:09:58 UTC 2028
            SubjectDN: CN=scm-sub-1469701652140@fv-az621-511,OU=df0f667c-fc62-4810-ae7f-c3b595391bde,O=8fadaf50-587b-4d1e-a5d3-f3d3c57dcd97
           Public Key: RSA Public Key [96:bc:6a:ae:3b:ea:fa:c8:65:42:87:51:3d:db:e7:0f:ee:29:4a:d8],[56:66:d1:a4]
        modulus: a3e081426810203939f14d29d08f2c318657ea5ac5157d417c4045e05e7eebadcb430fab3fc72595c39f1691c7ef7dd1691c1e2277d8b0c041b719cb8dad66157b3c24b2d12273e8a1e5222e58f13a2ed5e124a21fa40c07e086f75b2c2d22d574459cdfe6b44cca4e17610477b10778273721205573b53ffb11f9affdcad7f4058f760e5be7245a2850a3ddcece7dea9ac7825aa28269bb6165eafb0e023b41927c21fe7b9626ee1d67b4d9df7ee0315940b3963d3cb915d77ebfac3e4f1d6a4159906df2ff49ea8c707741798e796acfac8cbb3749dcef0558c98a1138b1c062156a3961d623180a357dab2a5ce45248e41caf341c04cc51f19533736ce9d3
public exponent: 10001

  Signature Algorithm: SHA256WITHRSA
            Signature: 78f593039b70ee45981570aad8949590b9af6a26
                       82d26e860053d2ccf3aabaf3b1f7782346d46891
                       c8fecae618fd9c7139044ab8992b4b57bdcd4f07
                       a2271287100cc36723e45654c7f6f9f38a346c29
                       54f83f22ff23b9648b057f711ebaa8eddf710aad
                       4c468dbf9914a3dfd31c5b5686402156aa3046c0
                       4468695779a6906152068a4149b1e1acba1c991f
                       7161e1c609962a40e022a7bfad3b078b33342048
                       645962f76238e89fd332cd2572a2f59128dc914b
                       566e49ae29cf0bfd4c4452ec484edd4724b1c4a3
                       532b5c12a29feb600a24afa2669a023d0a6ae8c2
                       55ba04b2da6cfc6457abd977f645f3a52f10fc05
                       f79b19c84637708fb5af6c07b08a05f8
       Extensions: 
                       critical(false) 2.5.29.17 value = Sequence
    Tagged [7] IMPLICIT 
        DER Octet String[4] 
    Tagged [2] IMPLICIT 
        DER Octet String[64] 

                       critical(true) BasicConstraints: isCa(true)
                       critical(true) KeyUsage: 0xbe
 from file: /tmp/junit8037201540830343538/junit1898799218324774325/scm-meta/scm/sub-ca/certs/certificate.crt.
2023-08-23 22:09:58,566 [Time-limited test] INFO  client.SCMCertificateClient (DefaultCertificateClient.java:loadAllCertificates(191)) - CertificateRenewerService and root ca rotation polling is disabled for scm/sub-ca
2023-08-23 22:09:58,566 [Time-limited test] WARN  utils.HAUtils (HAUtils.java:getMetaDir(339)) - ozone.scm.db.dirs is not configured. We recommend adding this setting. Falling back to ozone.metadata.dirs instead.
2023-08-23 22:09:58,566 [Time-limited test] WARN  db.DBStoreBuilder (DBStoreBuilder.java:applyDBDefinition(166)) - ozone.scm.db.dirs is not configured. We recommend adding this setting. Falling back to ozone.metadata.dirs instead.
2023-08-23 22:09:58,663 [Time-limited test] INFO  net.NodeSchemaLoader (NodeSchemaLoader.java:loadSchemaFromFile(129)) - Loading schema from [jar:file:/home/runner/.m2/repository/org/apache/ozone/hdds-common/1.4.0-SNAPSHOT/hdds-common-1.4.0-SNAPSHOT.jar!/network-topology-default.xml]
2023-08-23 22:09:58,663 [Time-limited test] INFO  net.NodeSchemaLoader (NodeSchemaLoader.java:loadSchema(176)) - Loading network topology layer schema file
2023-08-23 22:09:58,667 [Time-limited test] INFO  upgrade.AbstractLayoutVersionManager (AbstractLayoutVersionManager.java:init(83)) - Initializing Layout version manager with metadata layout = HADOOP_PRC_PORTS_IN_DATANODEDETAILS (version = 7), software layout = HADOOP_PRC_PORTS_IN_DATANODEDETAILS (version = 7)
2023-08-23 22:09:58,668 [Time-limited test] INFO  ha.SequenceIdGenerator (SequenceIdGenerator.java:upgradeToSequenceId(365)) - upgrade localId to 111677748019200000
2023-08-23 22:09:58,669 [Time-limited test] INFO  ha.SequenceIdGenerator (SequenceIdGenerator.java:upgradeToSequenceId(375)) - upgrade delTxnId to 0
2023-08-23 22:09:58,669 [Time-limited test] INFO  ha.SequenceIdGenerator (SequenceIdGenerator.java:upgradeToSequenceId(392)) - upgrade containerId to 0
2023-08-23 22:09:58,670 [Time-limited test] INFO  ha.SequenceIdGenerator (SequenceIdGenerator.java:upgradeToSequenceId(428)) - upgrade rootCertificateId to 1
2023-08-23 22:09:58,670 [Time-limited test] INFO  ha.SequenceIdGenerator (SequenceIdGenerator.java:<init>(236)) - Init the HA SequenceIdGenerator.
2023-08-23 22:09:58,671 [Time-limited test] INFO  node.SCMNodeManager (SCMNodeManager.java:<init>(157)) - Entering startup safe mode.
2023-08-23 22:09:58,671 [Time-limited test] INFO  algorithms.ContainerPlacementPolicyFactory (ContainerPlacementPolicyFactory.java:getPolicyInternal(86)) - Create container placement policy of type org.apache.hadoop.hdds.scm.container.placement.algorithms.SCMContainerPlacementRackAware
2023-08-23 22:09:58,671 [Time-limited test] INFO  algorithms.ContainerPlacementPolicyFactory (ContainerPlacementPolicyFactory.java:getPolicyInternal(86)) - Create container placement policy of type org.apache.hadoop.hdds.scm.container.placement.algorithms.SCMContainerPlacementRackScatter
2023-08-23 22:09:58,671 [Time-limited test] INFO  pipeline.PipelineStateManagerImpl (PipelineStateManagerImpl.java:initialize(78)) - No pipeline exists in current db
2023-08-23 22:09:58,671 [Time-limited test] INFO  algorithms.LeaderChoosePolicyFactory (LeaderChoosePolicyFactory.java:getPolicy(57)) - Create leader choose policy of type org.apache.hadoop.hdds.scm.pipeline.leader.choose.algorithms.MinLeaderCountChoosePolicy
2023-08-23 22:09:58,671 [Time-limited test] INFO  algorithms.ContainerPlacementPolicyFactory (ContainerPlacementPolicyFactory.java:getPolicyInternal(86)) - Create container placement policy of type org.apache.hadoop.hdds.scm.container.placement.algorithms.SCMContainerPlacementRackScatter
2023-08-23 22:09:58,672 [Time-limited test] INFO  ha.SCMServiceManager (SCMServiceManager.java:register(42)) - Registering service BackgroundPipelineCreator.
2023-08-23 22:09:58,672 [Time-limited test] INFO  pipeline.BackgroundPipelineCreator (BackgroundPipelineCreator.java:start(124)) - Starting RatisPipelineUtilsThread.
2023-08-23 22:09:58,672 [Time-limited test] INFO  BackgroundPipelineScrubber (BackgroundSCMService.java:start(68)) - Starting BackgroundPipelineScrubber Service.
2023-08-23 22:09:58,672 [Time-limited test] INFO  ha.SCMServiceManager (SCMServiceManager.java:register(42)) - Registering service BackgroundPipelineScrubber.
2023-08-23 22:09:58,672 [Time-limited test] INFO  ExpiredContainerReplicaOpScrubber (BackgroundSCMService.java:start(68)) - Starting ExpiredContainerReplicaOpScrubber Service.
2023-08-23 22:09:58,672 [Time-limited test] INFO  ha.SCMServiceManager (SCMServiceManager.java:register(42)) - Registering service ExpiredContainerReplicaOpScrubber.
2023-08-23 22:09:58,673 [Time-limited test] INFO  algorithms.PipelineChoosePolicyFactory (PipelineChoosePolicyFactory.java:createPipelineChoosePolicyFromClass(78)) - Create pipeline choose policy of type org.apache.hadoop.hdds.scm.pipeline.choose.algorithms.RandomPipelineChoosePolicy
2023-08-23 22:09:58,673 [Time-limited test] INFO  algorithms.PipelineChoosePolicyFactory (PipelineChoosePolicyFactory.java:createPipelineChoosePolicyFromClass(78)) - Create pipeline choose policy of type org.apache.hadoop.hdds.scm.pipeline.choose.algorithms.RandomPipelineChoosePolicy
2023-08-23 22:09:58,674 [Time-limited test] INFO  ha.SCMServiceManager (SCMServiceManager.java:register(42)) - Registering service SCMBlockDeletingService.
2023-08-23 22:09:58,674 [Time-limited test] INFO  replication.ReplicationManager (ReplicationManager.java:start(287)) - Starting Replication Monitor Thread.
2023-08-23 22:09:58,675 [ReplicationMonitor] INFO  replication.ReplicationManager (ReplicationManager.java:processAll(361)) - Replication Manager is not ready to run until 300000ms after safemode exit
2023-08-23 22:09:58,675 [Time-limited test] INFO  ha.SCMServiceManager (SCMServiceManager.java:register(42)) - Registering service ReplicationManager.
2023-08-23 22:09:58,675 [Time-limited test] INFO  safemode.ContainerSafeModeRule (ContainerSafeModeRule.java:<init>(90)) - containers with one replica threshold count 0
2023-08-23 22:09:58,676 [Time-limited test] INFO  safemode.HealthyPipelineSafeModeRule (HealthyPipelineSafeModeRule.java:initializeRule(169)) - Total pipeline count is 0, healthy pipeline threshold count is 0
2023-08-23 22:09:58,676 [Time-limited test] INFO  safemode.OneReplicaPipelineSafeModeRule (OneReplicaPipelineSafeModeRule.java:initializeRule(180)) - Total pipeline count is 0, pipeline's with at least one datanode reported threshold count is 0
2023-08-23 22:09:58,677 [Time-limited test] INFO  authority.DefaultCAServer (DefaultCAServer.java:lambda$processVerificationStatus$0(472)) - CertificateServer validation is successful
2023-08-23 22:09:58,677 [Time-limited test] INFO  authority.DefaultCAServer (DefaultCAServer.java:lambda$processVerificationStatus$0(472)) - CertificateServer validation is successful
2023-08-23 22:09:58,677 [Time-limited test] INFO  server.StorageContainerManager (StorageContainerManager.java:persistPrimarySCMCerts(932)) - Storing sub-ca certificate serialId 1469705091730 on primary SCM
2023-08-23 22:09:58,679 [Time-limited test] INFO  server.SCMCertStore (SCMCertStore.java:storeValidScmCertificate(122)) - Scm certificate 1469705091730 for CN=scm-sub-1469701652140@fv-az621-511,OU=df0f667c-fc62-4810-ae7f-c3b595391bde,O=8fadaf50-587b-4d1e-a5d3-f3d3c57dcd97 is stored
2023-08-23 22:09:58,679 [Time-limited test] INFO  server.StorageContainerManager (StorageContainerManager.java:persistPrimarySCMCerts(940)) - Storing root certificate serialId 1
2023-08-23 22:09:58,679 [Time-limited test] INFO  server.SCMCertStore (SCMCertStore.java:storeValidScmCertificate(122)) - Scm certificate 1 for CN=scm-1@fv-az621-511,OU=df0f667c-fc62-4810-ae7f-c3b595391bde,O=8fadaf50-587b-4d1e-a5d3-f3d3c57dcd97 is stored
2023-08-23 22:09:58,679 [Time-limited test] INFO  ipc.CallQueueManager (CallQueueManager.java:<init>(90)) - Using callQueue: class java.util.concurrent.LinkedBlockingQueue, queueCapacity: 200, scheduler: class org.apache.hadoop.ipc.DefaultRpcScheduler, ipcBackoff: false.
2023-08-23 22:09:58,680 [Time-limited test] INFO  ipc.Server (Server.java:<init>(1287)) - Listener at 0.0.0.0:9961
2023-08-23 22:09:58,682 [Socket Reader #1 for port 9961] INFO  ipc.Server (Server.java:run(1323)) - Starting Socket Reader #1 for port 9961
2023-08-23 22:09:58,683 [Time-limited test] INFO  server.StorageContainerManager (StorageContainerManager.java:<init>(425)) - SCM start with adminUsers: [om/fv-az621-511.fpnbra3ad0zu1hpqauu4rsdf4e.cx.internal.cloudapp.net@EXAMPLE.COM, scm]
2023-08-23 22:09:58,683 [Time-limited test] INFO  ipc.CallQueueManager (CallQueueManager.java:<init>(90)) - Using callQueue: class java.util.concurrent.LinkedBlockingQueue, queueCapacity: 10000, scheduler: class org.apache.hadoop.ipc.DefaultRpcScheduler, ipcBackoff: false.
2023-08-23 22:09:58,683 [Time-limited test] INFO  ipc.Server (Server.java:<init>(1287)) - Listener at 0.0.0.0:9861
2023-08-23 22:09:58,684 [Socket Reader #1 for port 9861] INFO  ipc.Server (Server.java:run(1323)) - Starting Socket Reader #1 for port 9861
2023-08-23 22:09:58,687 [Time-limited test] INFO  ipc.CallQueueManager (CallQueueManager.java:<init>(90)) - Using callQueue: class java.util.concurrent.LinkedBlockingQueue, queueCapacity: 10000, scheduler: class org.apache.hadoop.ipc.DefaultRpcScheduler, ipcBackoff: false.
2023-08-23 22:09:58,687 [Time-limited test] INFO  ipc.Server (Server.java:<init>(1287)) - Listener at 0.0.0.0:9863
2023-08-23 22:09:58,695 [Socket Reader #1 for port 9863] INFO  ipc.Server (Server.java:run(1323)) - Starting Socket Reader #1 for port 9863
2023-08-23 22:09:58,698 [Time-limited test] INFO  ipc.CallQueueManager (CallQueueManager.java:<init>(90)) - Using callQueue: class java.util.concurrent.LinkedBlockingQueue, queueCapacity: 10000, scheduler: class org.apache.hadoop.ipc.DefaultRpcScheduler, ipcBackoff: false.
2023-08-23 22:09:58,698 [Time-limited test] INFO  ipc.Server (Server.java:<init>(1287)) - Listener at 0.0.0.0:9860
2023-08-23 22:09:58,698 [Socket Reader #1 for port 9860] INFO  ipc.Server (Server.java:run(1323)) - Starting Socket Reader #1 for port 9860
2023-08-23 22:09:58,704 [Time-limited test] INFO  ha.SCMServiceManager (SCMServiceManager.java:register(42)) - Registering service ContainerBalancer.
2023-08-23 22:09:58,704 [Time-limited test] INFO  server.StorageContainerManager (StorageContainerManager.java:<init>(438)) - 
Container Balancer status:
Key                            Value
Running                        false
Container Balancer Configuration values:
Key                                                Value
Threshold                                          10
Max Datanodes to Involve per Iteration(percent)    20
Max Size to Move per Iteration                     500GB
Max Size Entering Target per Iteration             26GB
Max Size Leaving Source per Iteration              26GB

2023-08-23 22:09:58,704 [Time-limited test] INFO  ha.SCMContext (SCMContext.java:updateSafeModeStatus(228)) - Update SafeModeStatus from SafeModeStatus{safeModeStatus=true, preCheckPassed=false} to SafeModeStatus{safeModeStatus=true, preCheckPassed=false}.
2023-08-23 22:09:58,705 [Time-limited test] WARN  server.ServerUtils (ServerUtils.java:getDBPath(311)) - ozone.om.db.dirs is not configured. We recommend adding this setting. Falling back to ozone.metadata.dirs instead.
2023-08-23 22:09:58,710 [Time-limited test] INFO  ha.OMHANodeDetails (OMHANodeDetails.java:loadOMHAConfig(115)) - ozone.om.internal.service.id is not defined, falling back to ozone.om.service.ids to find serviceID for OzoneManager if it is HA enabled cluster
2023-08-23 22:09:58,710 [Time-limited test] INFO  ha.OMHANodeDetails (OMHANodeDetails.java:loadOMHAConfig(226)) - Configuration does not have ozone.om.address set. Falling back to the default OM address fv-az621-511.fpnbra3ad0zu1hpqauu4rsdf4e.cx.internal.cloudapp.net/10.1.0.14:1202
2023-08-23 22:09:58,710 [Time-limited test] INFO  ha.OMHANodeDetails (OMHANodeDetails.java:getOMNodeDetailsForNonHA(254)) - OM Service ID is not set. Setting it to the default ID: omServiceIdDefault
2023-08-23 22:09:58,710 [Time-limited test] INFO  ha.OMHANodeDetails (OMHANodeDetails.java:getOMNodeDetailsForNonHA(261)) - OM Node ID is not set. Setting it to the default ID: om1
2023-08-23 22:09:58,710 [Time-limited test] WARN  server.ServerUtils (ServerUtils.java:getDBPath(311)) - ozone.om.db.dirs is not configured. We recommend adding this setting. Falling back to ozone.metadata.dirs instead.
2023-08-23 22:09:58,712 [Time-limited test] INFO  upgrade.AbstractLayoutVersionManager (AbstractLayoutVersionManager.java:init(83)) - Initializing Layout version manager with metadata layout = QUOTA (version = 6), software layout = QUOTA (version = 6)
2023-08-23 22:09:58,791 [Time-limited test] INFO  reflections.Reflections (Reflections.java:scan(232)) - Reflections took 78 ms to scan 2 urls, producing 188 keys and 512 values [using 2 cores]
2023-08-23 22:09:58,791 [Time-limited test] INFO  upgrade.OMLayoutVersionManager (OMLayoutVersionManager.java:lambda$0(115)) - Skipping Upgrade Action MockOmUpgradeAction since it has been finalized.
2023-08-23 22:09:58,791 [Time-limited test] INFO  upgrade.OMLayoutVersionManager (OMLayoutVersionManager.java:lambda$0(115)) - Skipping Upgrade Action QuotaRepairUpgradeAction since it has been finalized.
2023-08-23 22:09:58,797 [pool-267-thread-2] INFO  request.KdcRequest (KdcRequest.java:preauth(651)) - The preauth data is empty.
2023-08-23 22:09:58,797 [pool-267-thread-2] INFO  server.KdcHandler (KdcHandler.java:handleRecoverableException(177)) - KRB error occurred while processing request:Additional pre-authentication required
2023-08-23 22:09:58,804 [pool-267-thread-2] INFO  request.AsRequest (AsRequest.java:issueTicket(112)) - AS_REQ ISSUE: authtime 1692828598803,om/fv-az621-511.fpnbra3ad0zu1hpqauu4rsdf4e.cx.internal.cloudapp.net@EXAMPLE.COM for krbtgt/EXAMPLE.COM@EXAMPLE.COM
2023-08-23 22:09:58,805 [Time-limited test] INFO  security.UserGroupInformation (UserGroupInformation.java:loginUserFromKeytab(1132)) - Login successful for user om/fv-az621-511.fpnbra3ad0zu1hpqauu4rsdf4e.cx.internal.cloudapp.net@EXAMPLE.COM using keytab file om.keytab. Keytab auto renewal enabled : false
2023-08-23 22:09:58,805 [Time-limited test] INFO  om.OzoneManager (OzoneManager.java:loginOMUser(1161)) - Ozone Manager login successful.
2023-08-23 22:09:58,805 [Time-limited test] WARN  server.ServerUtils (ServerUtils.java:getDBPath(311)) - ozone.om.db.dirs is not configured. We recommend adding this setting. Falling back to ozone.metadata.dirs instead.
2023-08-23 22:09:58,807 [Time-limited test] INFO  proxy.SCMBlockLocationFailoverProxyProvider (SCMBlockLocationFailoverProxyProvider.java:<init>(114)) - Created block location fail-over proxy with 1 nodes: [nodeId=scmNodeId,nodeAddress=/0.0.0.0:9863]
2023-08-23 22:09:58,808 [Time-limited test] INFO  om.OzoneManager (OzoneManager.java:getOmDetailsProto(4552)) - OzoneManager ports added:[name: "RPC"
value: 1202
]
2023-08-23 22:09:58,810 [Time-limited test] INFO  security.OMCertificateClient (DefaultCertificateClient.java:updateCertSerialId(1244)) - Certificate serial ID set to 9879877970576
2023-08-23 22:09:58,810 [Time-limited test] WARN  security.OMCertificateClient (DefaultCertificateClient.java:loadAllCertificates(173)) - Certificates could not be loaded.
java.nio.file.NoSuchFileException: /tmp/junit8037201540830343538/junit1898799218324774325/scm-meta/om/certs
	at sun.nio.fs.UnixException.translateToIOException(UnixException.java:86)
	at sun.nio.fs.UnixException.rethrowAsIOException(UnixException.java:102)
	at sun.nio.fs.UnixException.rethrowAsIOException(UnixException.java:107)
	at sun.nio.fs.UnixFileSystemProvider.newDirectoryStream(UnixFileSystemProvider.java:427)
	at java.nio.file.Files.newDirectoryStream(Files.java:457)
	at java.nio.file.Files.list(Files.java:3451)
	at org.apache.hadoop.hdds.security.x509.certificate.client.DefaultCertificateClient.loadAllCertificates(DefaultCertificateClient.java:168)
	at org.apache.hadoop.hdds.security.x509.certificate.client.DefaultCertificateClient.updateCertSerialId(DefaultCertificateClient.java:1245)
	at org.apache.hadoop.hdds.security.x509.certificate.client.DefaultCertificateClient.<init>(DefaultCertificateClient.java:157)
	at org.apache.hadoop.hdds.security.x509.certificate.client.CommonCertificateClient.<init>(CommonCertificateClient.java:49)
	at org.apache.hadoop.ozone.security.OMCertificateClient.<init>(OMCertificateClient.java:68)
	at org.apache.hadoop.ozone.om.OzoneManager.<init>(OzoneManager.java:640)
	at org.apache.hadoop.ozone.om.OzoneManager.createOm(OzoneManager.java:754)
	at org.apache.hadoop.ozone.TestSecureOzoneCluster.setupOm(TestSecureOzoneCluster.java:701)
	at org.apache.hadoop.ozone.TestSecureOzoneCluster.testSecureOmInitializationSuccess(TestSecureOzoneCluster.java:544)
	at sun.reflect.NativeMethodAccessorImpl.invoke0(Native Method)
	at sun.reflect.NativeMethodAccessorImpl.invoke(NativeMethodAccessorImpl.java:62)
	at sun.reflect.DelegatingMethodAccessorImpl.invoke(DelegatingMethodAccessorImpl.java:43)
	at java.lang.reflect.Method.invoke(Method.java:498)
	at org.junit.runners.model.FrameworkMethod$1.runReflectiveCall(FrameworkMethod.java:59)
	at org.junit.internal.runners.model.ReflectiveCallable.run(ReflectiveCallable.java:12)
	at org.junit.runners.model.FrameworkMethod.invokeExplosively(FrameworkMethod.java:56)
	at org.junit.internal.runners.statements.InvokeMethod.evaluate(InvokeMethod.java:17)
	at org.junit.internal.runners.statements.RunBefores.evaluate(RunBefores.java:26)
	at org.junit.internal.runners.statements.RunAfters.evaluate(RunAfters.java:27)
	at org.junit.rules.ExternalResource$1.evaluate(ExternalResource.java:54)
	at org.junit.internal.runners.statements.FailOnTimeout$CallableStatement.call(FailOnTimeout.java:288)
	at org.junit.internal.runners.statements.FailOnTimeout$CallableStatement.call(FailOnTimeout.java:282)
	at java.util.concurrent.FutureTask.run(FutureTask.java:266)
	at java.lang.Thread.run(Thread.java:750)
2023-08-23 22:09:58,816 [Time-limited test] INFO  om.OzoneManager (OzoneManager.java:<init>(662)) - OM start with adminUsers: [om/fv-az621-511.fpnbra3ad0zu1hpqauu4rsdf4e.cx.internal.cloudapp.net@EXAMPLE.COM, om]
2023-08-23 22:09:58,817 [Time-limited test] WARN  server.ServerUtils (ServerUtils.java:getDBPath(311)) - ozone.om.db.dirs is not configured. We recommend adding this setting. Falling back to ozone.metadata.dirs instead.
2023-08-23 22:09:58,819 [Time-limited test] INFO  helpers.OmKeyInfo (OmKeyInfo.java:getCodec(71)) - OmKeyInfo.getCodec ignorePipeline = true
2023-08-23 22:09:58,993 [Time-limited test] INFO  om.OzoneManager (OzoneManager.java:instantiateServices(791)) - S3 Multi-Tenancy is disabled
2023-08-23 22:09:58,994 [Time-limited test] INFO  security.OzoneSecretStore (OzoneSecretStore.java:loadState(69)) - Loaded 0 tokens
2023-08-23 22:09:58,994 [Time-limited test] INFO  security.OzoneDelegationTokenSecretManager (OzoneDelegationTokenSecretManager.java:loadTokenSecretState(530)) - Loading token state into token manager.
2023-08-23 22:09:58,994 [Time-limited test] INFO  om.OmSnapshotManager (OmSnapshotManager.java:<init>(175)) - Ozone filesystem snapshot feature is enabled.
2023-08-23 22:09:58,994 [Time-limited test] WARN  server.ServerUtils (ServerUtils.java:getDBPath(311)) - ozone.om.snapshot.diff.db.dir is not configured. We recommend adding this setting. Falling back to ozone.metadata.dirs instead.
2023-08-23 22:09:59,012 [Time-limited test] INFO  snapshot.SnapshotDiffManager (SnapshotDiffManager.java:closeExecutorService(1720)) - Shutting down executorService: 'SstDumpToolExecutor'
2023-08-23 22:09:59,014 [Time-limited test] INFO  om.OzoneManager (OzoneManager.java:addS3GVolumeToDB(4284)) - Created Volume s3v With Owner om required for S3Gateway operations.
2023-08-23 22:09:59,014 [Time-limited test] WARN  server.ServerUtils (ServerUtils.java:getDefaultRatisDirectory(323)) - Storage directory for Ratis is not configured. It is a good idea to map this to an SSD disk. Falling back to ozone.metadata.dirs
2023-08-23 22:09:59,014 [Time-limited test] WARN  utils.OzoneManagerRatisUtils (OzoneManagerRatisUtils.java:getOMRatisSnapshotDirectory(461)) - ozone.om.ratis.snapshot.dir is not configured. Falling back to ozone.metadata.dirs config
2023-08-23 22:09:59,014 [Time-limited test] WARN  server.ServerUtils (ServerUtils.java:getDefaultRatisDirectory(323)) - Storage directory for Ratis is not configured. It is a good idea to map this to an SSD disk. Falling back to ozone.metadata.dirs
2023-08-23 22:09:59,015 [Time-limited test] INFO  ratis.OzoneManagerRatisServer (OzoneManagerRatisServer.java:<init>(163)) - Instantiating OM Ratis server with groupID: omServiceIdDefault and peers: fv-az621-511.fpnbra3ad0zu1hpqauu4rsdf4e.cx.internal.cloudapp.net:9872
2023-08-23 22:09:59,016 [Time-limited test] INFO  ratis.OzoneManagerStateMachine (OzoneManagerStateMachine.java:loadSnapshotInfoFromDB(687)) - LastAppliedIndex is set from TransactionInfo from OM DB as (t:0, i:~)
2023-08-23 22:09:59,016 [Time-limited test] INFO  server.RaftServer (ConfUtils.java:logGet(46)) - raft.rpc.type = GRPC (default)
2023-08-23 22:09:59,016 [Time-limited test] INFO  grpc.GrpcConfigKeys (ConfUtils.java:logFallback(53)) - raft.grpc.admin.host = null (fallback to raft.grpc.server.host)
2023-08-23 22:09:59,016 [Time-limited test] INFO  grpc.GrpcConfigKeys (ConfUtils.java:logFallback(53)) - raft.grpc.admin.port = 9872 (fallback to raft.grpc.server.port)
2023-08-23 22:09:59,016 [Time-limited test] INFO  grpc.GrpcConfigKeys (ConfUtils.java:logFallback(53)) - raft.grpc.client.host = null (fallback to raft.grpc.server.host)
2023-08-23 22:09:59,016 [Time-limited test] INFO  grpc.GrpcConfigKeys (ConfUtils.java:logFallback(53)) - raft.grpc.client.port = 9872 (fallback to raft.grpc.server.port)
2023-08-23 22:09:59,016 [Time-limited test] INFO  grpc.GrpcConfigKeys (ConfUtils.java:logGet(46)) - raft.grpc.server.host = null (default)
2023-08-23 22:09:59,016 [Time-limited test] INFO  grpc.GrpcConfigKeys (ConfUtils.java:logGet(46)) - raft.grpc.server.port = 9872 (custom)
2023-08-23 22:09:59,016 [Time-limited test] INFO  server.GrpcService (ConfUtils.java:logGet(46)) - raft.grpc.message.size.max = 33554432 (custom)
2023-08-23 22:09:59,017 [Time-limited test] INFO  server.RaftServerConfigKeys (ConfUtils.java:logGet(46)) - raft.server.log.appender.buffer.byte-limit = 33554432 (custom)
2023-08-23 22:09:59,017 [Time-limited test] INFO  server.GrpcService (ConfUtils.java:logGet(46)) - raft.grpc.flow.control.window = 1MB (=1048576) (default)
2023-08-23 22:09:59,017 [Time-limited test] INFO  server.RaftServerConfigKeys (ConfUtils.java:logGet(46)) - raft.server.rpc.request.timeout = 3000ms (default)
2023-08-23 22:09:59,017 [Time-limited test] INFO  grpc.GrpcConfigKeys (ConfUtils.java:logGet(46)) - raft.grpc.server.heartbeat.channel = true (default)
2023-08-23 22:09:59,017 [Time-limited test] INFO  grpc.GrpcConfigKeys (ConfUtils.java:logGet(46)) - raft.grpc.server.async.request.thread.pool.cached = true (default)
2023-08-23 22:09:59,017 [Time-limited test] INFO  grpc.GrpcConfigKeys (ConfUtils.java:logGet(46)) - raft.grpc.server.async.request.thread.pool.size = 32 (default)
2023-08-23 22:09:59,018 [Time-limited test] INFO  impl.DataStreamServerImpl (ConfUtils.java:logGet(46)) - raft.datastream.type = DISABLED (default)
2023-08-23 22:09:59,018 [Time-limited test] INFO  server.RaftServerConfigKeys (ConfUtils.java:logGet(46)) - raft.server.threadpool.proxy.cached = true (default)
2023-08-23 22:09:59,018 [Time-limited test] INFO  server.RaftServerConfigKeys (ConfUtils.java:logGet(46)) - raft.server.threadpool.proxy.size = 0 (default)
2023-08-23 22:09:59,018 [Time-limited test] INFO  server.RaftServerConfigKeys (ConfUtils.java:logGet(46)) - raft.server.rpc.slowness.timeout = 120s (custom)
2023-08-23 22:09:59,018 [Time-limited test] INFO  server.RaftServerConfigKeys (ConfUtils.java:logGet(46)) - raft.server.leaderelection.leader.step-down.wait-time = 10s (default)
2023-08-23 22:09:59,018 [Time-limited test] INFO  server.RaftServerConfigKeys (ConfUtils.java:logGet(46)) - raft.server.storage.dir = [/tmp/junit8037201540830343538/junit1898799218324774325/scm-meta/ratis] (custom)
2023-08-23 22:09:59,019 [Time-limited test] INFO  server.RaftServer (RaftServerProxy.java:addNew(98)) - om1: addNew group-C5BA1605619E:[om1|rpc:fv-az621-511.fpnbra3ad0zu1hpqauu4rsdf4e.cx.internal.cloudapp.net:9872|priority:0|startupRole:FOLLOWER] returns group-C5BA1605619E:java.util.concurrent.CompletableFuture@179e55c3[Not completed]
2023-08-23 22:09:59,019 [Time-limited test] INFO  om.OzoneManager (OzoneManager.java:initializeRatisServer(2128)) - OzoneManager Ratis server initialized at port 9872
RaftServerImpl.java:<init>(198)) - om1: new RaftServerImpl for group-C5BA1605619E:[om1|rpc:fv-az621-511.fpnbra3ad0zu1hpqauu4rsdf4e.cx.internal.cloudapp.net:9872|priority:0|startupRole:FOLLOWER] with OzoneManagerStateMachine:uninitialized
2023-08-23 22:09:59,019 [Time-limited test] INFO  om.OzoneManager (OzoneManager.java:initializeRatisServer(2128)) - OzoneManager Ratis server initialized at port 9872
2023-08-23 22:09:59,019 [om1-groupManagement] INFO  server.RaftServerConfigKeys (ConfUtils.java:logGet(46)) - raft.server.rpc.timeout.min = 5s (custom)
2023-08-23 22:09:59,019 [om1-groupManagement] INFO  server.RaftServerConfigKeys (ConfUtils.java:logGet(46)) - raft.server.rpc.timeout.max = 5200ms (custom)
2023-08-23 22:09:59,019 [om1-groupManagement] INFO  server.RaftServerConfigKeys (ConfUtils.java:logGet(46)) - raft.server.rpc.sleep.time = 25ms (default)
2023-08-23 22:09:59,020 [om1-groupManagement] INFO  server.RaftServerConfigKeys (ConfUtils.java:logGet(46)) - raft.server.rpc.slowness.timeout = 120s (custom)
2023-08-23 22:09:59,020 [om1-groupManagement] INFO  server.RaftServerConfigKeys (ConfUtils.java:logGet(46)) - raft.server.leaderelection.leader.step-down.wait-time = 10s (default)
2023-08-23 22:09:59,020 [om1-groupManagement] INFO  server.RaftServerConfigKeys (ConfUtils.java:logGet(46)) - raft.server.sleep.deviation.threshold = 300ms (default)
2023-08-23 22:09:59,020 [om1-groupManagement] INFO  server.RaftServer$Division (ServerState.java:<init>(120)) - om1@group-C5BA1605619E: ConfigurationManager, init=-1: peers:[om1|rpc:fv-az621-511.fpnbra3ad0zu1hpqauu4rsdf4e.cx.internal.cloudapp.net:9872|priority:0|startupRole:FOLLOWER]|listeners:[], old=null, confs=<EMPTY_MAP>
2023-08-23 22:09:59,020 [om1-groupManagement] INFO  server.RaftServerConfigKeys (ConfUtils.java:logGet(46)) - raft.server.storage.dir = [/tmp/junit8037201540830343538/junit1898799218324774325/scm-meta/ratis] (custom)
2023-08-23 22:09:59,020 [om1-groupManagement] INFO  server.RaftServerConfigKeys (ConfUtils.java:logGet(46)) - raft.server.log.corruption.policy = EXCEPTION (default)
2023-08-23 22:09:59,020 [om1-groupManagement] INFO  server.RaftServerConfigKeys (ConfUtils.java:logGet(46)) - raft.server.storage.free-space.min = 0MB (=0) (default)
2023-08-23 22:09:59,020 [om1-groupManagement] INFO  server.RaftServerConfigKeys (ConfUtils.java:logGet(46)) - raft.server.notification.no-leader.timeout = 120s (custom)
2023-08-23 22:09:59,020 [om1-groupManagement] INFO  server.RaftServerConfigKeys (ConfUtils.java:logGet(46)) - raft.server.read.timeout = 10s (default)
2023-08-23 22:09:59,020 [om1-groupManagement] INFO  server.RaftServerConfigKeys (ConfUtils.java:logGet(46)) - raft.server.retrycache.expirytime = 300s (custom)
2023-08-23 22:09:59,020 [om1-groupManagement] INFO  server.RaftServerConfigKeys (ConfUtils.java:logGet(46)) - raft.server.retrycache.statistics.expirytime = 100μs (default)
2023-08-23 22:09:59,020 [om1-groupManagement] INFO  server.RaftServerConfigKeys (ConfUtils.java:logGet(46)) - raft.server.read.option = DEFAULT (default)
2023-08-23 22:09:59,020 [Time-limited test] INFO  om.OzoneManager (OzoneManager.java:getRpcServer(1193)) - Creating RPC Server
2023-08-23 22:09:59,021 [om1-groupManagement] INFO  server.RaftServerConfigKeys (ConfUtils.java:logGet(46)) - raft.server.rpc.request.timeout = 3000ms (default)
2023-08-23 22:09:59,021 [om1-groupManagement] INFO  server.RaftServerConfigKeys (ConfUtils.java:logGet(46)) - raft.server.log.appender.install.snapshot.enabled = false (custom)
2023-08-23 22:09:59,021 [om1-groupManagement] INFO  server.RaftServerConfigKeys (ConfUtils.java:logGet(46)) - raft.server.threadpool.server.cached = true (default)
2023-08-23 22:09:59,021 [om1-groupManagement] INFO  server.RaftServerConfigKeys (ConfUtils.java:logGet(46)) - raft.server.threadpool.server.size = 0 (default)
2023-08-23 22:09:59,021 [om1-groupManagement] INFO  server.RaftServerConfigKeys (ConfUtils.java:logGet(46)) - raft.server.threadpool.client.cached = true (default)
2023-08-23 22:09:59,021 [om1-groupManagement] INFO  server.RaftServerConfigKeys (ConfUtils.java:logGet(46)) - raft.server.threadpool.client.size = 0 (default)
2023-08-23 22:09:59,441 [Time-limited test] INFO  reflections.Reflections (Reflections.java:scan(232)) - Reflections took 417 ms to scan 19 urls, producing 70 keys and 5645 values [using 2 cores]
2023-08-23 22:09:59,442 [Time-limited test] INFO  ipc.CallQueueManager (CallQueueManager.java:<init>(90)) - Using callQueue: class java.util.concurrent.LinkedBlockingQueue, queueCapacity: 10000, scheduler: class org.apache.hadoop.ipc.DefaultRpcScheduler, ipcBackoff: false.
2023-08-23 22:09:59,443 [Time-limited test] INFO  ipc.Server (Server.java:<init>(1287)) - Listener at fv-az621-511.fpnbra3ad0zu1hpqauu4rsdf4e.cx.internal.cloudapp.net:1202
2023-08-23 22:09:59,443 [Socket Reader #1 for port 1202] INFO  ipc.Server (Server.java:run(1323)) - Starting Socket Reader #1 for port 1202
2023-08-23 22:09:59,467 [Time-limited test] WARN  impl.MetricsConfig (MetricsConfig.java:loadFirst(136)) - Cannot locate configuration: tried hadoop-metrics2-ozonemanager.properties,hadoop-metrics2.properties
2023-08-23 22:09:59,468 [Time-limited test] INFO  impl.MetricsSystemImpl (MetricsSystemImpl.java:startTimer(378)) - Scheduled Metric snapshot period at 10 second(s).
2023-08-23 22:09:59,468 [Time-limited test] INFO  impl.MetricsSystemImpl (MetricsSystemImpl.java:start(191)) - OzoneManager metrics system started
2023-08-23 22:09:59,493 [Time-limited test] INFO  impl.MetricsSinkAdapter (MetricsSinkAdapter.java:start(204)) - Sink prometheus started
2023-08-23 22:09:59,493 [Time-limited test] INFO  impl.MetricsSystemImpl (MetricsSystemImpl.java:registerSink(305)) - Registered sink prometheus
2023-08-23 22:09:59,504 [Time-limited test] INFO  om.OzoneManager (OzoneManager.java:start(1613)) - OzoneManager RPC server is listening at fv-az621-511.fpnbra3ad0zu1hpqauu4rsdf4e.cx.internal.cloudapp.net/10.1.0.14:1202
2023-08-23 22:09:59,504 [Time-limited test] INFO  ratis.OzoneManagerRatisServer (OzoneManagerRatisServer.java:start(558)) - Starting OzoneManagerRatisServer om1 at port 9872
2023-08-23 22:09:59,504 [om1-impl-thread1] INFO  storage.RaftStorageDirectory (RaftStorageDirectoryImpl.java:analyzeStorage(137)) - The storage directory /tmp/junit8037201540830343538/junit1898799218324774325/scm-meta/ratis/bf265839-605b-3f16-9796-c5ba1605619e does not exist. Creating ...
2023-08-23 22:09:59,505 [om1-impl-thread1] INFO  storage.RaftStorageDirectory (RaftStorageDirectoryImpl.java:tryLock(231)) - Lock on /tmp/junit8037201540830343538/junit1898799218324774325/scm-meta/ratis/bf265839-605b-3f16-9796-c5ba1605619e/in_use.lock acquired by nodename 9432@fv-az621-511
2023-08-23 22:09:59,507 [om1-impl-thread1] INFO  storage.RaftStorage (RaftStorageImpl.java:format(96)) - Storage directory /tmp/junit8037201540830343538/junit1898799218324774325/scm-meta/ratis/bf265839-605b-3f16-9796-c5ba1605619e has been successfully formatted.
2023-08-23 22:09:59,507 [om1-impl-thread1] INFO  server.RaftServerConfigKeys (ConfUtils.java:logGet(46)) - raft.server.log.use.memory = false (default)
2023-08-23 22:09:59,507 [om1-impl-thread1] INFO  server.RaftServerConfigKeys (ConfUtils.java:logGet(46)) - raft.server.log.purge.gap = 1000000 (custom)
2023-08-23 22:09:59,508 [om1-impl-thread1] INFO  server.RaftServerConfigKeys (ConfUtils.java:logGet(46)) - raft.server.log.appender.buffer.byte-limit = 33554432 (custom)
2023-08-23 22:09:59,508 [om1-impl-thread1] INFO  server.RaftServerConfigKeys (ConfUtils.java:logGet(46)) - raft.server.log.statemachine.data.read.timeout = 1000ms (default)
2023-08-23 22:09:59,508 [om1-impl-thread1] INFO  server.RaftServerConfigKeys (ConfUtils.java:logGet(46)) - raft.server.log.purge.preservation.log.num = 0 (default)
2023-08-23 22:09:59,508 [om1-impl-thread1] INFO  server.RaftServerConfigKeys (ConfUtils.java:logGet(46)) - raft.server.log.segment.size.max = 4194304 (custom)
2023-08-23 22:09:59,508 [om1-impl-thread1] INFO  server.RaftServerConfigKeys (ConfUtils.java:logGet(46)) - raft.server.log.segment.cache.num.max = 2 (custom)
2023-08-23 22:09:59,508 [om1-impl-thread1] INFO  server.RaftServerConfigKeys (ConfUtils.java:logGet(46)) - raft.server.log.segment.cache.size.max = 200MB (=209715200) (default)
2023-08-23 22:09:59,508 [om1-impl-thread1] INFO  server.RaftServerConfigKeys (ConfUtils.java:logGet(46)) - raft.server.log.appender.buffer.byte-limit = 33554432 (custom)
2023-08-23 22:09:59,508 [om1-impl-thread1] INFO  segmented.SegmentedRaftLogWorker (SegmentedRaftLogWorker.java:<init>(188)) - new om1@group-C5BA1605619E-SegmentedRaftLogWorker for RaftStorageImpl:Storage Directory /tmp/junit8037201540830343538/junit1898799218324774325/scm-meta/ratis/bf265839-605b-3f16-9796-c5ba1605619e
2023-08-23 22:09:59,508 [om1-impl-thread1] INFO  server.RaftServerConfigKeys (ConfUtils.java:logGet(46)) - raft.server.log.queue.byte-limit = 64MB (=67108864) (default)
2023-08-23 22:09:59,508 [om1-impl-thread1] INFO  server.RaftServerConfigKeys (ConfUtils.java:logGet(46)) - raft.server.log.queue.element-limit = 4096 (default)
2023-08-23 22:09:59,508 [om1-impl-thread1] INFO  server.RaftServerConfigKeys (ConfUtils.java:logGet(46)) - raft.server.log.segment.size.max = 4194304 (custom)
2023-08-23 22:09:59,508 [om1-impl-thread1] INFO  server.RaftServerConfigKeys (ConfUtils.java:logGet(46)) - raft.server.log.preallocated.size = 4194304 (custom)
2023-08-23 22:09:59,508 [om1-impl-thread1] INFO  server.RaftServerConfigKeys (ConfUtils.java:logGet(46)) - raft.server.log.force.sync.num = 128 (default)
2023-08-23 22:09:59,509 [om1-impl-thread1] INFO  server.RaftServerConfigKeys (ConfUtils.java:logGet(46)) - raft.server.log.statemachine.data.sync = true (default)
2023-08-23 22:09:59,509 [om1-impl-thread1] INFO  server.RaftServerConfigKeys (ConfUtils.java:logGet(46)) - raft.server.log.statemachine.data.sync.timeout = 10s (default)
2023-08-23 22:09:59,509 [om1-impl-thread1] INFO  server.RaftServerConfigKeys (ConfUtils.java:logGet(46)) - raft.server.log.statemachine.data.sync.timeout.retry = -1 (default)
2023-08-23 22:09:59,509 [om1-impl-thread1] INFO  server.RaftServerConfigKeys (ConfUtils.java:logGet(46)) - raft.server.log.write.buffer.size = 64KB (=65536) (default)
2023-08-23 22:09:59,509 [om1-impl-thread1] INFO  server.RaftServerConfigKeys (ConfUtils.java:logGet(46)) - raft.server.log.appender.buffer.byte-limit = 33554432 (custom)
2023-08-23 22:09:59,512 [om1-impl-thread1] INFO  server.RaftServerConfigKeys (ConfUtils.java:logGet(46)) - raft.server.log.unsafe-flush.enabled = false (default)
2023-08-23 22:09:59,512 [om1-impl-thread1] INFO  server.RaftServerConfigKeys (ConfUtils.java:logGet(46)) - raft.server.log.async-flush.enabled = false (default)
2023-08-23 22:09:59,512 [om1-impl-thread1] INFO  server.RaftServerConfigKeys (ConfUtils.java:logGet(46)) - raft.server.log.statemachine.data.caching.enabled = false (default)
2023-08-23 22:09:59,512 [om1-impl-thread1] INFO  segmented.SegmentedRaftLogWorker (SegmentedRaftLogWorker.java:lambda$new$0(135)) - om1@group-C5BA1605619E-SegmentedRaftLogWorker: flushIndex: setUnconditionally 0 -> -1
2023-08-23 22:09:59,512 [om1-impl-thread1] INFO  segmented.SegmentedRaftLogWorker (SegmentedRaftLogWorker.java:lambda$new$0(135)) - om1@group-C5BA1605619E-SegmentedRaftLogWorker: safeCacheEvictIndex: setUnconditionally 0 -> -1
2023-08-23 22:09:59,513 [om1-impl-thread1] INFO  server.RaftServer$Division (RaftServerImpl.java:start(342)) - om1@group-C5BA1605619E: start as a follower, conf=-1: peers:[om1|rpc:fv-az621-511.fpnbra3ad0zu1hpqauu4rsdf4e.cx.internal.cloudapp.net:9872|priority:0|startupRole:FOLLOWER]|listeners:[], old=null
2023-08-23 22:09:59,513 [om1-impl-thread1] INFO  server.RaftServer$Division (RaftServerImpl.java:setRole(329)) - om1@group-C5BA1605619E: changes role from      null to FOLLOWER at term 0 for startAsFollower
2023-08-23 22:09:59,513 [om1-impl-thread1] INFO  impl.RoleInfo (RoleInfo.java:updateAndGet(139)) - om1: start om1@group-C5BA1605619E-FollowerState
2023-08-23 22:09:59,513 [om1@group-C5BA1605619E-FollowerState] INFO  server.RaftServerConfigKeys (ConfUtils.java:logFallback(53)) - raft.server.rpc.first-election.timeout.min = 5s (fallback to raft.server.rpc.timeout.min)
2023-08-23 22:09:59,513 [om1@group-C5BA1605619E-FollowerState] INFO  server.RaftServerConfigKeys (ConfUtils.java:logFallback(53)) - raft.server.rpc.first-election.timeout.max = 5200ms (fallback to raft.server.rpc.timeout.max)
2023-08-23 22:09:59,514 [om1-impl-thread1] INFO  util.JmxRegister (JmxRegister.java:tryRegister(44)) - Successfully registered JMX Bean with object name Ratis:service=RaftServer,group=group-C5BA1605619E,id=om1
2023-08-23 22:09:59,514 [om1-impl-thread1] INFO  server.RaftServerConfigKeys (ConfUtils.java:logGet(46)) - raft.server.snapshot.auto.trigger.enabled = true (custom)
2023-08-23 22:09:59,514 [om1-impl-thread1] INFO  server.RaftServerConfigKeys (ConfUtils.java:logGet(46)) - raft.server.snapshot.auto.trigger.threshold = 400000 (default)
2023-08-23 22:09:59,514 [om1-impl-thread1] INFO  server.RaftServerConfigKeys (ConfUtils.java:logGet(46)) - raft.server.snapshot.retention.file.num = -1 (default)
2023-08-23 22:09:59,514 [om1-impl-thread1] INFO  server.RaftServerConfigKeys (ConfUtils.java:logGet(46)) - raft.server.log.purge.upto.snapshot.index = true (custom)
2023-08-23 22:09:59,514 [Time-limited test] INFO  server.RaftServer (RaftServerProxy.java:startImpl(400)) - om1: start RPC server
2023-08-23 22:09:59,515 [Time-limited test] INFO  server.GrpcService (GrpcService.java:startImpl(302)) - om1: GrpcService started, listening on 9872
2023-08-23 22:09:59,517 [Time-limited test] ERROR om.OzoneManager (OzoneManager.java:startSecretManager(1087)) - Unable to read key pair for OM.
org.apache.hadoop.hdds.security.exception.OzoneSecurityException: Error reading keypair & certificate
	at org.apache.hadoop.hdds.security.x509.certificate.client.CertificateClient.assertValidKeysAndCertificate(CertificateClient.java:215)
	at org.apache.hadoop.ozone.om.OzoneManager.startSecretManager(OzoneManager.java:1085)
	at org.apache.hadoop.ozone.om.OzoneManager.startSecretManagerIfNecessary(OzoneManager.java:2279)
	at org.apache.hadoop.ozone.om.OzoneManager.start(OzoneManager.java:1623)
	at org.apache.hadoop.ozone.TestSecureOzoneCluster.testSecureOmInitializationSuccess(TestSecureOzoneCluster.java:546)
	at sun.reflect.NativeMethodAccessorImpl.invoke0(Native Method)
	at sun.reflect.NativeMethodAccessorImpl.invoke(NativeMethodAccessorImpl.java:62)
	at sun.reflect.DelegatingMethodAccessorImpl.invoke(DelegatingMethodAccessorImpl.java:43)
	at java.lang.reflect.Method.invoke(Method.java:498)
	at org.junit.runners.model.FrameworkMethod$1.runReflectiveCall(FrameworkMethod.java:59)
	at org.junit.internal.runners.model.ReflectiveCallable.run(ReflectiveCallable.java:12)
	at org.junit.runners.model.FrameworkMethod.invokeExplosively(FrameworkMethod.java:56)
	at org.junit.internal.runners.statements.InvokeMethod.evaluate(InvokeMethod.java:17)
	at org.junit.internal.runners.statements.RunBefores.evaluate(RunBefores.java:26)
	at org.junit.internal.runners.statements.RunAfters.evaluate(RunAfters.java:27)
	at org.junit.rules.ExternalResource$1.evaluate(ExternalResource.java:54)
	at org.junit.internal.runners.statements.FailOnTimeout$CallableStatement.call(FailOnTimeout.java:288)
	at org.junit.internal.runners.statements.FailOnTimeout$CallableStatement.call(FailOnTimeout.java:282)
	at java.util.concurrent.FutureTask.run(FutureTask.java:266)
	at java.lang.Thread.run(Thread.java:750)
Caused by: java.lang.NullPointerException
	at java.util.Objects.requireNonNull(Objects.java:203)
	at org.apache.hadoop.hdds.security.x509.certificate.client.CertificateClient.assertValidKeysAndCertificate(CertificateClient.java:211)
	... 19 more
2023-08-23 22:09:59,518 [Time-limited test] INFO  impl.DefaultInternalKdcServerImpl (DefaultInternalKdcServerImpl.java:doStop(102)) - Default Internal kdc server stopped.
2023-08-23 22:09:59,518 [JvmPauseMonitor4] INFO  util.JvmPauseMonitor (JvmPauseMonitor.java:run(103)) - JvmPauseMonitor-om1: Started
2023-08-23 22:10:00,518 [Time-limited test] INFO  minikdc.MiniKdc (MiniKdc.java:stop(359)) - MiniKdc stopped.
2023-08-23 22:10:00,518 [Time-limited test] INFO  server.StorageContainerManager (StorageContainerManager.java:stop(1591)) - Container Balancer is not running.
2023-08-23 22:10:00,518 [Time-limited test] INFO  server.StorageContainerManager (StorageContainerManager.java:stopReplicationManager(1724)) - Stopping Replication Manager Service.
2023-08-23 22:10:00,519 [Time-limited test] INFO  replication.ReplicationManager (ReplicationManager.java:stop(319)) - Stopping Replication Monitor Thread.
2023-08-23 22:10:00,519 [Time-limited test] INFO  server.StorageContainerManager (StorageContainerManager.java:stop(1600)) - Stopping the Datanode Admin Monitor.
2023-08-23 22:10:00,519 [ReplicationMonitor] INFO  replication.ReplicationManager (ReplicationManager.java:run(917)) - Replication Monitor Thread is stopped
2023-08-23 22:10:00,519 [Time-limited test] INFO  server.StorageContainerManager (StorageContainerManager.java:stop(1607)) - Stopping datanode service RPC server
2023-08-23 22:10:00,519 [Time-limited test] INFO  server.SCMDatanodeProtocolServer (SCMDatanodeProtocolServer.java:stop(424)) - Stopping the RPC server for DataNodes
2023-08-23 22:10:00,519 [Time-limited test] INFO  ipc.Server (Server.java:stop(3523)) - Stopping server on 9861
2023-08-23 22:10:00,519 [Under Replicated Processor] WARN  replication.UnhealthyReplicationProcessor (UnhealthyReplicationProcessor.java:run(180)) - Under Replicated Processor interrupted. Exiting...
2023-08-23 22:10:00,519 [Over Replicated Processor] WARN  replication.UnhealthyReplicationProcessor (UnhealthyReplicationProcessor.java:run(180)) - Over Replicated Processor interrupted. Exiting...
2023-08-23 22:10:01,671 [SCM Heartbeat Processing Thread - 0] WARN  node.NodeStateManager (NodeStateManager.java:scheduleNextHealthCheck(874)) - Current Thread is interrupted, shutting down HB processing thread for Node Manager.
2023-08-23 22:10:01,671 [Time-limited test] INFO  server.StorageContainerManager (StorageContainerManager.java:stop(1615)) - Stopping block service RPC server
2023-08-23 22:10:01,671 [Time-limited test] INFO  server.SCMBlockProtocolServer (SCMBlockProtocolServer.java:stop(161)) - Stopping the RPC server for Block Protocol
2023-08-23 22:10:01,671 [Time-limited test] INFO  ipc.Server (Server.java:stop(3523)) - Stopping server on 9863
2023-08-23 22:10:01,671 [Time-limited test] INFO  server.StorageContainerManager (StorageContainerManager.java:stop(1622)) - Stopping the StorageContainerLocationProtocol RPC server
2023-08-23 22:10:01,672 [Time-limited test] INFO  server.SCMClientProtocolServer (SCMClientProtocolServer.java:stop(210)) - Stopping the RPC server for Client Protocol
2023-08-23 22:10:01,672 [Time-limited test] INFO  ipc.Server (Server.java:stop(3523)) - Stopping server on 9860
2023-08-23 22:10:01,672 [Time-limited test] INFO  server.StorageContainerManager (StorageContainerManager.java:stop(1629)) - Stopping Storage Container Manager HTTP server.
2023-08-23 22:10:01,672 [Time-limited test] INFO  server.StorageContainerManager (StorageContainerManager.java:stop(1637)) - Stopping SCM LayoutVersionManager Service.
2023-08-23 22:10:01,672 [Time-limited test] INFO  server.SCMSecurityProtocolServer (SCMSecurityProtocolServer.java:stop(550)) - Stopping the SCMSecurityProtocolServer.
2023-08-23 22:10:01,672 [Time-limited test] INFO  ipc.Server (Server.java:stop(3523)) - Stopping server on 9961
2023-08-23 22:10:01,673 [Time-limited test] INFO  server.SCMUpdateServiceGrpcServer (SCMUpdateServiceGrpcServer.java:stop(73)) - SCMUpdateService stopping
2023-08-23 22:10:01,673 [Time-limited test] INFO  server.StorageContainerManager (StorageContainerManager.java:stop(1649)) - Stopping Block Manager Service.
2023-08-23 22:10:01,673 [Time-limited test] INFO  utils.BackgroundService (BackgroundService.java:shutdown(141)) - Shutting down service SCMBlockDeletingService
2023-08-23 22:10:01,673 [Time-limited test] INFO  utils.BackgroundService (BackgroundService.java:shutdown(141)) - Shutting down service SCMBlockDeletingService
2023-08-23 22:10:01,675 [Time-limited test] INFO  server.StorageContainerManager (StorageContainerManager.java:stop(1669)) - Stopping SCM Event Queue.
2023-08-23 22:10:01,675 [Time-limited test] INFO  server.StorageContainerManager (StorageContainerManager.java:stop(1680)) - Stopping SCM HA services.
2023-08-23 22:10:01,675 [Time-limited test] INFO  pipeline.BackgroundPipelineCreator (BackgroundPipelineCreator.java:stop(149)) - Stopping RatisPipelineUtilsThread.
2023-08-23 22:10:01,675 [RatisPipelineUtilsThread - 0] WARN  pipeline.BackgroundPipelineCreator (BackgroundPipelineCreator.java:run(180)) - RatisPipelineUtilsThread is interrupted.
2023-08-23 22:10:01,675 [Time-limited test] INFO  BackgroundPipelineScrubber (BackgroundSCMService.java:stop(131)) - Stopping BackgroundPipelineScrubber Service.
2023-08-23 22:10:01,675 [Time-limited test] WARN  pipeline.BackgroundPipelineCreator (BackgroundPipelineCreator.java:stop(145)) - RatisPipelineUtilsThread is not running, just ignore.
2023-08-23 22:10:01,675 [Time-limited test] INFO  BackgroundPipelineScrubber (BackgroundSCMService.java:stop(126)) - BackgroundPipelineScrubber Service is not running, skip stop.
2023-08-23 22:10:01,675 [Time-limited test] INFO  ExpiredContainerReplicaOpScrubber (BackgroundSCMService.java:stop(131)) - Stopping ExpiredContainerReplicaOpScrubber Service.
2023-08-23 22:10:01,676 [Time-limited test] INFO  utils.BackgroundService (BackgroundService.java:shutdown(141)) - Shutting down service SCMBlockDeletingService
2023-08-23 22:10:01,676 [BackgroundPipelineScrubberThread] WARN  BackgroundPipelineScrubber (BackgroundSCMService.java:run(115)) - BackgroundPipelineScrubber is interrupted, exit
2023-08-23 22:10:01,676 [ExpiredContainerReplicaOpScrubberThread] WARN  ExpiredContainerReplicaOpScrubber (BackgroundSCMService.java:run(115)) - ExpiredContainerReplicaOpScrubber is interrupted, exit
2023-08-23 22:10:01,676 [Time-limited test] INFO  replication.ReplicationManager (ReplicationManager.java:stop(329)) - Replication Monitor Thread is not running.
2023-08-23 22:10:01,676 [Time-limited test] WARN  balancer.ContainerBalancer (ContainerBalancer.java:stop(326)) - Cannot stop Container Balancer because it's not running or stopping
2023-08-23 22:10:01,676 [Time-limited test] INFO  server.StorageContainerManager (StorageContainerManager.java:stop(1715)) - Stopping SCM MetadataStore.
2023-08-23 22:10:01,677 [Time-limited test] INFO  server.SCMSecurityProtocolServer (SCMSecurityProtocolServer.java:join(560)) - Join RPC server for SCMSecurityProtocolServer.
2023-08-23 22:10:01,677 [Time-limited test] INFO  server.SCMSecurityProtocolServer (SCMSecurityProtocolServer.java:join(562)) - Join gRPC server for SCMSecurityProtocolServer.
2023-08-23 22:10:01,677 [Time-limited test] INFO  om.OzoneManager (OzoneManager.java:stop(2187)) - om1[fv-az621-511.fpnbra3ad0zu1hpqauu4rsdf4e.cx.internal.cloudapp.net:1202]: Stopping Ozone Manager
2023-08-23 22:10:01,677 [Time-limited test] INFO  ipc.Server (Server.java:stop(3523)) - Stopping server on 1202
2023-08-23 22:10:01,678 [Time-limited test] INFO  server.RaftServer (RaftServerProxy.java:lambda$close$6(416)) - om1: close
2023-08-23 22:10:01,678 [om1-impl-thread1] INFO  server.RaftServer$Division (RaftServerImpl.java:lambda$close$4(466)) - om1@group-C5BA1605619E: shutdown
2023-08-23 22:10:01,678 [om1-impl-thread1] INFO  util.JmxRegister (JmxRegister.java:unregister(73)) - Successfully un-registered JMX Bean with object name Ratis:service=RaftServer,group=group-C5BA1605619E,id=om1
2023-08-23 22:10:01,678 [om1-impl-thread1] INFO  impl.RoleInfo (RoleInfo.java:shutdownFollowerState(110)) - om1: shutdown om1@group-C5BA1605619E-FollowerState
2023-08-23 22:10:01,678 [om1@group-C5BA1605619E-FollowerState] INFO  impl.FollowerState (FollowerState.java:run(152)) - om1@group-C5BA1605619E-FollowerState was interrupted
2023-08-23 22:10:01,678 [om1-impl-thread1] INFO  impl.StateMachineUpdater (StateMachineUpdater.java:stopAndJoin(155)) - om1@group-C5BA1605619E-StateMachineUpdater: set stopIndex = -1
2023-08-23 22:10:01,678 [om1@group-C5BA1605619E-StateMachineUpdater] INFO  ratis.OzoneManagerStateMachine (OzoneManagerStateMachine.java:close(534)) - StateMachine has shutdown. Shutdown OzoneManager if not already shutdown.
2023-08-23 22:10:01,678 [om1@group-C5BA1605619E-StateMachineUpdater] INFO  ratis.OzoneManagerDoubleBuffer (OzoneManagerDoubleBuffer.java:stopDaemon(551)) - Stopping OMDoubleBuffer flush thread
2023-08-23 22:10:01,678 [OMDoubleBufferFlushThread] INFO  ratis.OzoneManagerDoubleBuffer (OzoneManagerDoubleBuffer.java:canFlush(638)) - OMDoubleBuffer flush thread OMDoubleBufferFlushThread is interrupted and will exit.
2023-08-23 22:10:01,680 [Time-limited test] INFO  server.GrpcService (GrpcService.java:closeImpl(311)) - om1: shutdown server GrpcServerProtocolService now
2023-08-23 22:10:01,680 [om1-impl-thread1] INFO  server.RaftServer$Division (ServerState.java:close(472)) - om1@group-C5BA1605619E: closes. applyIndex: -1
2023-08-23 22:10:01,681 [Time-limited test] INFO  server.GrpcService (GrpcService.java:closeImpl(320)) - om1: shutdown server GrpcServerProtocolService successfully
2023-08-23 22:10:02,515 [om1-impl-thread1] INFO  segmented.SegmentedRaftLogWorker (SegmentedRaftLogWorker.java:close(252)) - om1@group-C5BA1605619E-SegmentedRaftLogWorker close()
2023-08-23 22:10:02,515 [JvmPauseMonitor4] INFO  util.JvmPauseMonitor (JvmPauseMonitor.java:run(109)) - JvmPauseMonitor-om1: Stopped
2023-08-23 22:10:02,516 [Time-limited test] INFO  ratis.OzoneManagerStateMachine (OzoneManagerStateMachine.java:close(534)) - StateMachine has shutdown. Shutdown OzoneManager if not already shutdown.
2023-08-23 22:10:02,516 [Time-limited test] INFO  ratis.OzoneManagerDoubleBuffer (OzoneManagerDoubleBuffer.java:stopDaemon(560)) - OMDoubleBuffer flush thread is not running.
2023-08-23 22:10:02,516 [Time-limited test] INFO  om.OzoneManager (OzoneManager.java:stopSecretManager(1063)) - Stopping secret key client.
2023-08-23 22:10:02,516 [Time-limited test] INFO  om.OzoneManager (OzoneManager.java:stopSecretManager(1068)) - Stopping OM delegation token secret manager.
2023-08-23 22:10:02,516 [Time-limited test] INFO  rocksdiff.RocksDBCheckpointDiffer (RocksDBCheckpointDiffer.java:close(340)) - Shutting down CompactionDagPruningService.
2023-08-23 22:10:02,518 [Time-limited test] INFO  snapshot.SnapshotDiffManager (SnapshotDiffManager.java:closeExecutorService(1720)) - Shutting down executorService: 'SnapDiffExecutor'
2023-08-23 22:10:02,518 [Time-limited test] INFO  snapshot.SnapshotDiffManager (SnapshotDiffManager.java:closeExecutorService(1720)) - Shutting down executorService: 'SstDumpToolExecutor'
2023-08-23 22:10:02,518 [Time-limited test] INFO  utils.BackgroundService (BackgroundService.java:shutdown(141)) - Shutting down service SnapshotDiffCleanupService
]]></system-out>
  </testcase>
  <testcase name="testAccessControlExceptionOnClient" classname="org.apache.hadoop.ozone.TestSecureOzoneCluster" time="10.172">
    <system-out><![CDATA[2023-08-23 22:10:02,544 [Time-limited test] INFO  net.ServerSocketUtil (ServerSocketUtil.java:getPort(55)) - Using port 9860
2023-08-23 22:10:02,544 [Time-limited test] INFO  net.ServerSocketUtil (ServerSocketUtil.java:getPort(55)) - Using port 9861
2023-08-23 22:10:02,544 [Time-limited test] INFO  net.ServerSocketUtil (ServerSocketUtil.java:getPort(55)) - Using port 9863
2023-08-23 22:10:02,544 [Time-limited test] INFO  net.ServerSocketUtil (ServerSocketUtil.java:getPort(55)) - Using port 9961
2023-08-23 22:10:02,544 [Time-limited test] INFO  net.ServerSocketUtil (ServerSocketUtil.java:getPort(55)) - Using port 1200
2023-08-23 22:10:02,544 [Time-limited test] INFO  net.ServerSocketUtil (ServerSocketUtil.java:getPort(55)) - Using port 1201
2023-08-23 22:10:02,545 [Time-limited test] INFO  minikdc.MiniKdc (MiniKdc.java:<init>(225)) - Configuration:
2023-08-23 22:10:02,545 [Time-limited test] INFO  minikdc.MiniKdc (MiniKdc.java:<init>(226)) - ---------------------------------------------------------------
2023-08-23 22:10:02,545 [Time-limited test] INFO  minikdc.MiniKdc (MiniKdc.java:<init>(228)) -   debug: false
2023-08-23 22:10:02,545 [Time-limited test] INFO  minikdc.MiniKdc (MiniKdc.java:<init>(228)) -   transport: TCP
2023-08-23 22:10:02,545 [Time-limited test] INFO  minikdc.MiniKdc (MiniKdc.java:<init>(228)) -   max.ticket.lifetime: 86400000
2023-08-23 22:10:02,545 [Time-limited test] INFO  minikdc.MiniKdc (MiniKdc.java:<init>(228)) -   org.name: EXAMPLE
2023-08-23 22:10:02,545 [Time-limited test] INFO  minikdc.MiniKdc (MiniKdc.java:<init>(228)) -   kdc.port: 0
2023-08-23 22:10:02,545 [Time-limited test] INFO  minikdc.MiniKdc (MiniKdc.java:<init>(228)) -   org.domain: COM
2023-08-23 22:10:02,545 [Time-limited test] INFO  minikdc.MiniKdc (MiniKdc.java:<init>(228)) -   max.renewable.lifetime: 604800000
2023-08-23 22:10:02,545 [Time-limited test] INFO  minikdc.MiniKdc (MiniKdc.java:<init>(228)) -   instance: DefaultKrbServer
2023-08-23 22:10:02,545 [Time-limited test] INFO  minikdc.MiniKdc (MiniKdc.java:<init>(228)) -   kdc.bind.address: localhost
2023-08-23 22:10:02,545 [Time-limited test] INFO  minikdc.MiniKdc (MiniKdc.java:<init>(230)) - ---------------------------------------------------------------
2023-08-23 22:10:02,548 [Time-limited test] INFO  minikdc.MiniKdc (MiniKdc.java:start(285)) - MiniKdc started.
2023-08-23 22:10:02,767 [Time-limited test] INFO  om.OzoneManager (OzoneManager.java:getOmDetailsProto(4552)) - OzoneManager ports added:[name: "RPC"
value: 1202
]
2023-08-23 22:10:02,767 [Time-limited test] WARN  server.ServerUtils (ServerUtils.java:getScmDbDir(155)) - ozone.scm.db.dirs is not configured. We recommend adding this setting. Falling back to ozone.metadata.dirs instead.
2023-08-23 22:10:02,768 [Time-limited test] INFO  ha.HASecurityUtils (HASecurityUtils.java:initializeSecurity(98)) - Initializing secure StorageContainerManager.
2023-08-23 22:10:02,771 [Time-limited test] INFO  client.SCMCertificateClient (DefaultCertificateClient.java:updateCertSerialId(1244)) - Certificate serial ID set to null
2023-08-23 22:10:02,771 [Time-limited test] ERROR client.SCMCertificateClient (DefaultCertificateClient.java:getCertPath(362)) - Default certificate serial id is not set. Can't locate the default certificate for this client.
2023-08-23 22:10:02,771 [Time-limited test] INFO  client.SCMCertificateClient (DefaultCertificateClient.java:init(715)) - Certificate client init case: 0
2023-08-23 22:10:02,771 [Time-limited test] INFO  client.SCMCertificateClient (SCMCertificateClient.java:handleCase(103)) - Creating keypair for client as keypair and certificate not found.
2023-08-23 22:10:02,866 [Time-limited test] INFO  ha.HASecurityUtils (HASecurityUtils.java:initializeSecurity(108)) - Init response: GETCERT
2023-08-23 22:10:03,114 [Time-limited test] INFO  ozone.OzoneSecurityUtil (OzoneSecurityUtil.java:getValidInetsForCurrentHost(119)) - ip:fe80:0:0:0:20d:3aff:fed9:fc2e%eth0 not returned.
2023-08-23 22:10:03,114 [Time-limited test] INFO  ozone.OzoneSecurityUtil (OzoneSecurityUtil.java:getValidInetsForCurrentHost(116)) - Adding ip:10.1.0.14,host:fv-az621-511.fpnbra3ad0zu1hpqauu4rsdf4e.cx.internal.cloudapp.net
2023-08-23 22:10:03,114 [Time-limited test] INFO  ozone.OzoneSecurityUtil (OzoneSecurityUtil.java:getValidInetsForCurrentHost(119)) - ip:0:0:0:0:0:0:0:1%lo not returned.
2023-08-23 22:10:03,114 [Time-limited test] INFO  ozone.OzoneSecurityUtil (OzoneSecurityUtil.java:getValidInetsForCurrentHost(119)) - ip:127.0.0.1 not returned.
2023-08-23 22:10:03,118 [Time-limited test] INFO  utils.SelfSignedCertificate (SelfSignedCertificate.java:generateCertificate(157)) - Certificate 1 is issued by CN=scm-1@fv-az621-511,OU=abbb130a-3600-4e09-af5c-d0ce5f276673,O=2bb4e161-9fb2-45e9-952d-bcf1ded6b53a to CN=scm-1@fv-az621-511,OU=abbb130a-3600-4e09-af5c-d0ce5f276673,O=2bb4e161-9fb2-45e9-952d-bcf1ded6b53a, valid from Wed Aug 23 22:10:03 UTC 2023 to Sat Sep 30 22:10:03 UTC 2028
2023-08-23 22:10:03,118 [Time-limited test] INFO  utils.CertificateCodec (CertificateCodec.java:writeCertificate(299)) - Save certificate to /tmp/junit2867952370443596085/junit6668278853723279233/scm-meta/scm/ca/certs/certificate.crt
2023-08-23 22:10:03,118 [Time-limited test] INFO  utils.CertificateCodec (CertificateCodec.java:writeCertificate(300)) - Certificate -----BEGIN CERTIFICATE-----
MIID5zCCAs+gAwIBAgIBATANBgkqhkiG9w0BAQsFADB7MRswGQYDVQQDDBJzY20t
MUBmdi1hejYyMS01MTExLTArBgNVBAsMJGFiYmIxMzBhLTM2MDAtNGUwOS1hZjVj
LWQwY2U1ZjI3NjY3MzEtMCsGA1UECgwkMmJiNGUxNjEtOWZiMi00NWU5LTk1MmQt
YmNmMWRlZDZiNTNhMB4XDTIzMDgyMzIyMTAwM1oXDTI4MDkzMDIyMTAwM1owezEb
MBkGA1UEAwwSc2NtLTFAZnYtYXo2MjEtNTExMS0wKwYDVQQLDCRhYmJiMTMwYS0z
NjAwLTRlMDktYWY1Yy1kMGNlNWYyNzY2NzMxLTArBgNVBAoMJDJiYjRlMTYxLTlm
YjItNDVlOS05NTJkLWJjZjFkZWQ2YjUzYTCCASIwDQYJKoZIhvcNAQEBBQADggEP
ADCCAQoCggEBALR/hzfenSC0jJrozb0BtiHrQ2+Myzj8xnUx7y0RTK9kNyT9spZ1
j2pfQHNVh5LDEw/an5eq2ajNVCcTVzn3de37+EsQeEakcc/fS4RbhGPY3f/Ll9wF
wEfQ3LyCPx6/vNYuN796/3XuszgalFuDzdLUsAzX25rrlevLGPeNhMmIUrkGPyDp
f+OxdZFJwMesGVD8xIX/2ABlQtuNhWhUaeIPfocp3aT6XLvP3X5cQGiRW+Fz5YvD
OM4pOZXoF9Wz79NlJQGzFTMuZawEGRKk9nfkkySOKYqHbngYH5mWAWn/TCIq8J9Y
QzcTpgoZ6CQWnWY9Vv7uVdDSxvDDOUM6/gsCAwEAAaN2MHQwDwYDVR0TAQH/BAUw
AwEB/zAOBgNVHQ8BAf8EBAMCAQYwUQYDVR0RBEowSIcECgEADoJAZnYtYXo2MjEt
NTExLmZwbmJyYTNhZDB6dTFocHFhdXU0cnNkZjRlLmN4LmludGVybmFsLmNsb3Vk
YXBwLm5ldDANBgkqhkiG9w0BAQsFAAOCAQEAb5iPiVMgZNFEHM6WcHy+V6R5AYlp
7Vs/imqshkgC8DgjdyiFKIs0dFS4GFthKB2HvtIiwznAw1Yb2qwuTRYTTpIkiToG
lpmAaATqAhIb3nBHoH4oW2INIzFc01UAgZulqWsnH6wMEfg6Wd+0yMwwlrUj4TMr
bTcNczn5u+oMIzPeBkXLcCO7x13XNhWYVehXYq11Ya94Fhg2Ke7I4iO6KvLeicEi
zyd77oKeMieUKTc1vU8WgY5DdGZOcD+5KPFdkuEzyIZ62TtSlSdYQKfhCCQnYj9P
LA+GXde81+XSyexsjQoLh+RzgMdgWN3v4RSPbat7avrl5nggWAUXMuLYJw==
-----END CERTIFICATE-----

2023-08-23 22:10:03,119 [Time-limited test] INFO  client.SCMCertificateClient (SCMCertificateClient.java:getCSRBuilder(165)) - Creating csr for SCM->hostName:fv-az621-511,scmId:abbb130a-3600-4e09-af5c-d0ce5f276673,clusterId:2bb4e161-9fb2-45e9-952d-bcf1ded6b53a,subject:scm-sub-1474288129249@fv-az621-511
2023-08-23 22:10:03,119 [Time-limited test] INFO  ozone.OzoneSecurityUtil (OzoneSecurityUtil.java:getValidInetsForCurrentHost(119)) - ip:fe80:0:0:0:20d:3aff:fed9:fc2e%eth0 not returned.
2023-08-23 22:10:03,119 [Time-limited test] INFO  ozone.OzoneSecurityUtil (OzoneSecurityUtil.java:getValidInetsForCurrentHost(116)) - Adding ip:10.1.0.14,host:fv-az621-511.fpnbra3ad0zu1hpqauu4rsdf4e.cx.internal.cloudapp.net
2023-08-23 22:10:03,119 [Time-limited test] INFO  ozone.OzoneSecurityUtil (OzoneSecurityUtil.java:getValidInetsForCurrentHost(119)) - ip:0:0:0:0:0:0:0:1%lo not returned.
2023-08-23 22:10:03,119 [Time-limited test] INFO  ozone.OzoneSecurityUtil (OzoneSecurityUtil.java:getValidInetsForCurrentHost(119)) - ip:127.0.0.1 not returned.
2023-08-23 22:10:03,119 [Time-limited test] INFO  ha.HASecurityUtils (HASecurityUtils.java:generateCSR(308)) - Creating csr for SCM->hostName:fv-az621-511,scmId:abbb130a-3600-4e09-af5c-d0ce5f276673,clusterId:2bb4e161-9fb2-45e9-952d-bcf1ded6b53a,subject:scm-sub-1474288689047@fv-az621-511
2023-08-23 22:10:03,123 [Time-limited test] INFO  authority.DefaultApprover (DefaultApprover.java:sign(154)) - Extensions in CSR: 2.5.29.19, 2.5.29.15, 2.5.29.17
2023-08-23 22:10:03,123 [Time-limited test] INFO  authority.DefaultApprover (DefaultApprover.java:sign(158)) - Extensions to add to the certificate if they present in CSR: 2.5.29.17, 2.5.29.19, 1.3.6.1.5.5.7.1.12, 2.5.29.35, 2.5.29.37, 2.5.29.15
2023-08-23 22:10:03,129 [Time-limited test] INFO  utils.CertificateCodec (CertificateCodec.java:writeCertificate(299)) - Save certificate to /tmp/junit2867952370443596085/junit6668278853723279233/scm-meta/scm/sub-ca/certs/CA-1.crt
2023-08-23 22:10:03,129 [Time-limited test] INFO  utils.CertificateCodec (CertificateCodec.java:writeCertificate(300)) - Certificate -----BEGIN CERTIFICATE-----
MIID5zCCAs+gAwIBAgIBATANBgkqhkiG9w0BAQsFADB7MRswGQYDVQQDDBJzY20t
MUBmdi1hejYyMS01MTExLTArBgNVBAsMJGFiYmIxMzBhLTM2MDAtNGUwOS1hZjVj
LWQwY2U1ZjI3NjY3MzEtMCsGA1UECgwkMmJiNGUxNjEtOWZiMi00NWU5LTk1MmQt
YmNmMWRlZDZiNTNhMB4XDTIzMDgyMzIyMTAwM1oXDTI4MDkzMDIyMTAwM1owezEb
MBkGA1UEAwwSc2NtLTFAZnYtYXo2MjEtNTExMS0wKwYDVQQLDCRhYmJiMTMwYS0z
NjAwLTRlMDktYWY1Yy1kMGNlNWYyNzY2NzMxLTArBgNVBAoMJDJiYjRlMTYxLTlm
YjItNDVlOS05NTJkLWJjZjFkZWQ2YjUzYTCCASIwDQYJKoZIhvcNAQEBBQADggEP
ADCCAQoCggEBALR/hzfenSC0jJrozb0BtiHrQ2+Myzj8xnUx7y0RTK9kNyT9spZ1
j2pfQHNVh5LDEw/an5eq2ajNVCcTVzn3de37+EsQeEakcc/fS4RbhGPY3f/Ll9wF
wEfQ3LyCPx6/vNYuN796/3XuszgalFuDzdLUsAzX25rrlevLGPeNhMmIUrkGPyDp
f+OxdZFJwMesGVD8xIX/2ABlQtuNhWhUaeIPfocp3aT6XLvP3X5cQGiRW+Fz5YvD
OM4pOZXoF9Wz79NlJQGzFTMuZawEGRKk9nfkkySOKYqHbngYH5mWAWn/TCIq8J9Y
QzcTpgoZ6CQWnWY9Vv7uVdDSxvDDOUM6/gsCAwEAAaN2MHQwDwYDVR0TAQH/BAUw
AwEB/zAOBgNVHQ8BAf8EBAMCAQYwUQYDVR0RBEowSIcECgEADoJAZnYtYXo2MjEt
NTExLmZwbmJyYTNhZDB6dTFocHFhdXU0cnNkZjRlLmN4LmludGVybmFsLmNsb3Vk
YXBwLm5ldDANBgkqhkiG9w0BAQsFAAOCAQEAb5iPiVMgZNFEHM6WcHy+V6R5AYlp
7Vs/imqshkgC8DgjdyiFKIs0dFS4GFthKB2HvtIiwznAw1Yb2qwuTRYTTpIkiToG
lpmAaATqAhIb3nBHoH4oW2INIzFc01UAgZulqWsnH6wMEfg6Wd+0yMwwlrUj4TMr
bTcNczn5u+oMIzPeBkXLcCO7x13XNhWYVehXYq11Ya94Fhg2Ke7I4iO6KvLeicEi
zyd77oKeMieUKTc1vU8WgY5DdGZOcD+5KPFdkuEzyIZ62TtSlSdYQKfhCCQnYj9P
LA+GXde81+XSyexsjQoLh+RzgMdgWN3v4RSPbat7avrl5nggWAUXMuLYJw==
-----END CERTIFICATE-----

2023-08-23 22:10:03,129 [Time-limited test] INFO  utils.CertificateCodec (CertificateCodec.java:writeCertificate(299)) - Save certificate to /tmp/junit2867952370443596085/junit6668278853723279233/scm-meta/scm/sub-ca/certs/1474292218037.crt
2023-08-23 22:10:03,130 [Time-limited test] INFO  utils.CertificateCodec (CertificateCodec.java:writeCertificate(300)) - Certificate -----BEGIN CERTIFICATE-----
MIID/TCCAuWgAwIBAgIGAVdCqfi1MA0GCSqGSIb3DQEBCwUAMHsxGzAZBgNVBAMM
EnNjbS0xQGZ2LWF6NjIxLTUxMTEtMCsGA1UECwwkYWJiYjEzMGEtMzYwMC00ZTA5
LWFmNWMtZDBjZTVmMjc2NjczMS0wKwYDVQQKDCQyYmI0ZTE2MS05ZmIyLTQ1ZTkt
OTUyZC1iY2YxZGVkNmI1M2EwHhcNMjMwODIzMjIxMDAzWhcNMjgwOTMwMjIxMDAz
WjCBizErMCkGA1UEAwwic2NtLXN1Yi0xNDc0Mjg4Njg5MDQ3QGZ2LWF6NjIxLTUx
MTEtMCsGA1UECwwkYWJiYjEzMGEtMzYwMC00ZTA5LWFmNWMtZDBjZTVmMjc2Njcz
MS0wKwYDVQQKDCQyYmI0ZTE2MS05ZmIyLTQ1ZTktOTUyZC1iY2YxZGVkNmI1M2Ew
ggEiMA0GCSqGSIb3DQEBAQUAA4IBDwAwggEKAoIBAQCKcAvrOE8KG3yHWQNZsWJx
nV3GbK6JsuBghjNibYs7zAjAmkWedDx9BycPU7qH1h/Yc+wsViJ8RBqu8IgWCVf+
YS4kfGuPtZyDwJW77eSdpcIkjSkOLUNy7NR/2RoOfuomYTrsX/WarMvMdepV/Jay
5ih/yAhUzv2dM5/jKDisesgNESOXwTzwxixzoykkq6C/ZlFYtYRPUFQqXMad27+i
Pu3RFkX/VGGC8vZr3O3N51lWDqBdYKb7Z85NirwEOMuKfqZC4Jkcn4lRjrm43U49
aKbrjAzsoa+GfBFRZp6mbXLPLZOCYIzZ7zNTREY2ILF2etDPWRgPurrxT0tWCHzv
AgMBAAGjdjB0MFEGA1UdEQRKMEiHBAoBAA6CQGZ2LWF6NjIxLTUxMS5mcG5icmEz
YWQwenUxaHBxYXV1NHJzZGY0ZS5jeC5pbnRlcm5hbC5jbG91ZGFwcC5uZXQwDwYD
VR0TAQH/BAUwAwEB/zAOBgNVHQ8BAf8EBAMCAb4wDQYJKoZIhvcNAQELBQADggEB
AJcuxufNArPpW/tvbY1HCCXbKr/ADAr/QtLc04LzvMDEwyqjqqPIig4QIf0NvsnB
pr8XpmkIF6YhDQK5X7v99FesNH1FHBPPIkO5srdndLHriXEvwyJp52/Pdhkaq07b
27pmx2FfzJ/XhWC9NXs9V7Wx9Eb7rDj/IJ0qKEtgXhO4oo7v9O7ATaD/0BeUSTt1
NwDYcBiK68aTi4naARbF1HvHeMwUDLzxnjj2STNvR/b4EVnCkw+xABWJx3N8UZfK
ZImOtbbV3vAwYpvDcOo8g58SQ9+B5s76tWVbor7t2XCFsPCSeWfxfvN8860iDAz6
y9s82mqbjwuNbxszetfoEG4=
-----END CERTIFICATE-----

-----BEGIN CERTIFICATE-----
MIID5zCCAs+gAwIBAgIBATANBgkqhkiG9w0BAQsFADB7MRswGQYDVQQDDBJzY20t
MUBmdi1hejYyMS01MTExLTArBgNVBAsMJGFiYmIxMzBhLTM2MDAtNGUwOS1hZjVj
LWQwY2U1ZjI3NjY3MzEtMCsGA1UECgwkMmJiNGUxNjEtOWZiMi00NWU5LTk1MmQt
YmNmMWRlZDZiNTNhMB4XDTIzMDgyMzIyMTAwM1oXDTI4MDkzMDIyMTAwM1owezEb
MBkGA1UEAwwSc2NtLTFAZnYtYXo2MjEtNTExMS0wKwYDVQQLDCRhYmJiMTMwYS0z
NjAwLTRlMDktYWY1Yy1kMGNlNWYyNzY2NzMxLTArBgNVBAoMJDJiYjRlMTYxLTlm
YjItNDVlOS05NTJkLWJjZjFkZWQ2YjUzYTCCASIwDQYJKoZIhvcNAQEBBQADggEP
ADCCAQoCggEBALR/hzfenSC0jJrozb0BtiHrQ2+Myzj8xnUx7y0RTK9kNyT9spZ1
j2pfQHNVh5LDEw/an5eq2ajNVCcTVzn3de37+EsQeEakcc/fS4RbhGPY3f/Ll9wF
wEfQ3LyCPx6/vNYuN796/3XuszgalFuDzdLUsAzX25rrlevLGPeNhMmIUrkGPyDp
f+OxdZFJwMesGVD8xIX/2ABlQtuNhWhUaeIPfocp3aT6XLvP3X5cQGiRW+Fz5YvD
OM4pOZXoF9Wz79NlJQGzFTMuZawEGRKk9nfkkySOKYqHbngYH5mWAWn/TCIq8J9Y
QzcTpgoZ6CQWnWY9Vv7uVdDSxvDDOUM6/gsCAwEAAaN2MHQwDwYDVR0TAQH/BAUw
AwEB/zAOBgNVHQ8BAf8EBAMCAQYwUQYDVR0RBEowSIcECgEADoJAZnYtYXo2MjEt
NTExLmZwbmJyYTNhZDB6dTFocHFhdXU0cnNkZjRlLmN4LmludGVybmFsLmNsb3Vk
YXBwLm5ldDANBgkqhkiG9w0BAQsFAAOCAQEAb5iPiVMgZNFEHM6WcHy+V6R5AYlp
7Vs/imqshkgC8DgjdyiFKIs0dFS4GFthKB2HvtIiwznAw1Yb2qwuTRYTTpIkiToG
lpmAaATqAhIb3nBHoH4oW2INIzFc01UAgZulqWsnH6wMEfg6Wd+0yMwwlrUj4TMr
bTcNczn5u+oMIzPeBkXLcCO7x13XNhWYVehXYq11Ya94Fhg2Ke7I4iO6KvLeicEi
zyd77oKeMieUKTc1vU8WgY5DdGZOcD+5KPFdkuEzyIZ62TtSlSdYQKfhCCQnYj9P
LA+GXde81+XSyexsjQoLh+RzgMdgWN3v4RSPbat7avrl5nggWAUXMuLYJw==
-----END CERTIFICATE-----

2023-08-23 22:10:03,130 [Time-limited test] INFO  utils.CertificateCodec (CertificateCodec.java:writeCertificate(299)) - Save certificate to /tmp/junit2867952370443596085/junit6668278853723279233/scm-meta/scm/sub-ca/certs/certificate.crt
2023-08-23 22:10:03,130 [Time-limited test] INFO  utils.CertificateCodec (CertificateCodec.java:writeCertificate(300)) - Certificate -----BEGIN CERTIFICATE-----
MIID/TCCAuWgAwIBAgIGAVdCqfi1MA0GCSqGSIb3DQEBCwUAMHsxGzAZBgNVBAMM
EnNjbS0xQGZ2LWF6NjIxLTUxMTEtMCsGA1UECwwkYWJiYjEzMGEtMzYwMC00ZTA5
LWFmNWMtZDBjZTVmMjc2NjczMS0wKwYDVQQKDCQyYmI0ZTE2MS05ZmIyLTQ1ZTkt
OTUyZC1iY2YxZGVkNmI1M2EwHhcNMjMwODIzMjIxMDAzWhcNMjgwOTMwMjIxMDAz
WjCBizErMCkGA1UEAwwic2NtLXN1Yi0xNDc0Mjg4Njg5MDQ3QGZ2LWF6NjIxLTUx
MTEtMCsGA1UECwwkYWJiYjEzMGEtMzYwMC00ZTA5LWFmNWMtZDBjZTVmMjc2Njcz
MS0wKwYDVQQKDCQyYmI0ZTE2MS05ZmIyLTQ1ZTktOTUyZC1iY2YxZGVkNmI1M2Ew
ggEiMA0GCSqGSIb3DQEBAQUAA4IBDwAwggEKAoIBAQCKcAvrOE8KG3yHWQNZsWJx
nV3GbK6JsuBghjNibYs7zAjAmkWedDx9BycPU7qH1h/Yc+wsViJ8RBqu8IgWCVf+
YS4kfGuPtZyDwJW77eSdpcIkjSkOLUNy7NR/2RoOfuomYTrsX/WarMvMdepV/Jay
5ih/yAhUzv2dM5/jKDisesgNESOXwTzwxixzoykkq6C/ZlFYtYRPUFQqXMad27+i
Pu3RFkX/VGGC8vZr3O3N51lWDqBdYKb7Z85NirwEOMuKfqZC4Jkcn4lRjrm43U49
aKbrjAzsoa+GfBFRZp6mbXLPLZOCYIzZ7zNTREY2ILF2etDPWRgPurrxT0tWCHzv
AgMBAAGjdjB0MFEGA1UdEQRKMEiHBAoBAA6CQGZ2LWF6NjIxLTUxMS5mcG5icmEz
YWQwenUxaHBxYXV1NHJzZGY0ZS5jeC5pbnRlcm5hbC5jbG91ZGFwcC5uZXQwDwYD
VR0TAQH/BAUwAwEB/zAOBgNVHQ8BAf8EBAMCAb4wDQYJKoZIhvcNAQELBQADggEB
AJcuxufNArPpW/tvbY1HCCXbKr/ADAr/QtLc04LzvMDEwyqjqqPIig4QIf0NvsnB
pr8XpmkIF6YhDQK5X7v99FesNH1FHBPPIkO5srdndLHriXEvwyJp52/Pdhkaq07b
27pmx2FfzJ/XhWC9NXs9V7Wx9Eb7rDj/IJ0qKEtgXhO4oo7v9O7ATaD/0BeUSTt1
NwDYcBiK68aTi4naARbF1HvHeMwUDLzxnjj2STNvR/b4EVnCkw+xABWJx3N8UZfK
ZImOtbbV3vAwYpvDcOo8g58SQ9+B5s76tWVbor7t2XCFsPCSeWfxfvN8860iDAz6
y9s82mqbjwuNbxszetfoEG4=
-----END CERTIFICATE-----

-----BEGIN CERTIFICATE-----
MIID5zCCAs+gAwIBAgIBATANBgkqhkiG9w0BAQsFADB7MRswGQYDVQQDDBJzY20t
MUBmdi1hejYyMS01MTExLTArBgNVBAsMJGFiYmIxMzBhLTM2MDAtNGUwOS1hZjVj
LWQwY2U1ZjI3NjY3MzEtMCsGA1UECgwkMmJiNGUxNjEtOWZiMi00NWU5LTk1MmQt
YmNmMWRlZDZiNTNhMB4XDTIzMDgyMzIyMTAwM1oXDTI4MDkzMDIyMTAwM1owezEb
MBkGA1UEAwwSc2NtLTFAZnYtYXo2MjEtNTExMS0wKwYDVQQLDCRhYmJiMTMwYS0z
NjAwLTRlMDktYWY1Yy1kMGNlNWYyNzY2NzMxLTArBgNVBAoMJDJiYjRlMTYxLTlm
YjItNDVlOS05NTJkLWJjZjFkZWQ2YjUzYTCCASIwDQYJKoZIhvcNAQEBBQADggEP
ADCCAQoCggEBALR/hzfenSC0jJrozb0BtiHrQ2+Myzj8xnUx7y0RTK9kNyT9spZ1
j2pfQHNVh5LDEw/an5eq2ajNVCcTVzn3de37+EsQeEakcc/fS4RbhGPY3f/Ll9wF
wEfQ3LyCPx6/vNYuN796/3XuszgalFuDzdLUsAzX25rrlevLGPeNhMmIUrkGPyDp
f+OxdZFJwMesGVD8xIX/2ABlQtuNhWhUaeIPfocp3aT6XLvP3X5cQGiRW+Fz5YvD
OM4pOZXoF9Wz79NlJQGzFTMuZawEGRKk9nfkkySOKYqHbngYH5mWAWn/TCIq8J9Y
QzcTpgoZ6CQWnWY9Vv7uVdDSxvDDOUM6/gsCAwEAAaN2MHQwDwYDVR0TAQH/BAUw
AwEB/zAOBgNVHQ8BAf8EBAMCAQYwUQYDVR0RBEowSIcECgEADoJAZnYtYXo2MjEt
NTExLmZwbmJyYTNhZDB6dTFocHFhdXU0cnNkZjRlLmN4LmludGVybmFsLmNsb3Vk
YXBwLm5ldDANBgkqhkiG9w0BAQsFAAOCAQEAb5iPiVMgZNFEHM6WcHy+V6R5AYlp
7Vs/imqshkgC8DgjdyiFKIs0dFS4GFthKB2HvtIiwznAw1Yb2qwuTRYTTpIkiToG
lpmAaATqAhIb3nBHoH4oW2INIzFc01UAgZulqWsnH6wMEfg6Wd+0yMwwlrUj4TMr
bTcNczn5u+oMIzPeBkXLcCO7x13XNhWYVehXYq11Ya94Fhg2Ke7I4iO6KvLeicEi
zyd77oKeMieUKTc1vU8WgY5DdGZOcD+5KPFdkuEzyIZ62TtSlSdYQKfhCCQnYj9P
LA+GXde81+XSyexsjQoLh+RzgMdgWN3v4RSPbat7avrl5nggWAUXMuLYJw==
-----END CERTIFICATE-----

2023-08-23 22:10:03,130 [Time-limited test] INFO  ha.HASecurityUtils (HASecurityUtils.java:initializeSecurity(121)) - Successfully stored SCM signed certificate.
2023-08-23 22:10:03,132 [Time-limited test] WARN  server.ServerUtils (ServerUtils.java:getScmDbDir(155)) - ozone.scm.db.dirs is not configured. We recommend adding this setting. Falling back to ozone.metadata.dirs instead.
2023-08-23 22:10:03,132 [Time-limited test] INFO  ha.SCMHANodeDetails (SCMHANodeDetails.java:loadSCMHAConfig(210)) - ServiceID for StorageContainerManager is null
2023-08-23 22:10:03,132 [Time-limited test] INFO  ha.SCMHANodeDetails (SCMHANodeDetails.java:loadSCMHAConfig(215)) - ozone.scm.default.service.id is not defined, falling back to ozone.scm.service.ids to find serviceID for StorageContainerManager if it is HA enabled cluster
2023-08-23 22:10:03,138 [pool-328-thread-1] INFO  request.KdcRequest (KdcRequest.java:preauth(651)) - The preauth data is empty.
2023-08-23 22:10:03,139 [pool-328-thread-1] INFO  server.KdcHandler (KdcHandler.java:handleRecoverableException(177)) - KRB error occurred while processing request:Additional pre-authentication required
2023-08-23 22:10:03,147 [pool-328-thread-2] INFO  request.AsRequest (AsRequest.java:issueTicket(112)) - AS_REQ ISSUE: authtime 1692828603146,scm/fv-az621-511.fpnbra3ad0zu1hpqauu4rsdf4e.cx.internal.cloudapp.net@EXAMPLE.COM for krbtgt/EXAMPLE.COM@EXAMPLE.COM
2023-08-23 22:10:03,148 [Time-limited test] INFO  security.UserGroupInformation (UserGroupInformation.java:loginUserFromKeytab(1132)) - Login successful for user scm/fv-az621-511.fpnbra3ad0zu1hpqauu4rsdf4e.cx.internal.cloudapp.net@EXAMPLE.COM using keytab file scm.keytab. Keytab auto renewal enabled : false
2023-08-23 22:10:03,148 [Time-limited test] INFO  server.StorageContainerManager (StorageContainerManager.java:loginAsSCMUserIfSecurityEnabled(1042)) - SCM login successful.
2023-08-23 22:10:03,149 [Time-limited test] INFO  client.SCMCertificateClient (DefaultCertificateClient.java:updateCertSerialId(1244)) - Certificate serial ID set to 1474292218037
2023-08-23 22:10:03,150 [Time-limited test] INFO  client.SCMCertificateClient (DefaultCertificateClient.java:readCertificateFile(237)) - Added certificate   [0]         Version: 3
         SerialNumber: 1
             IssuerDN: CN=scm-1@fv-az621-511,OU=abbb130a-3600-4e09-af5c-d0ce5f276673,O=2bb4e161-9fb2-45e9-952d-bcf1ded6b53a
           Start Date: Wed Aug 23 22:10:03 UTC 2023
           Final Date: Sat Sep 30 22:10:03 UTC 2028
            SubjectDN: CN=scm-1@fv-az621-511,OU=abbb130a-3600-4e09-af5c-d0ce5f276673,O=2bb4e161-9fb2-45e9-952d-bcf1ded6b53a
           Public Key: RSA Public Key [6d:47:63:db:18:60:4a:86:4e:5c:aa:db:23:20:55:e3:df:e4:06:11],[56:66:d1:a4]
        modulus: b47f8737de9d20b48c9ae8cdbd01b621eb436f8ccb38fcc67531ef2d114caf643724fdb296758f6a5f4073558792c3130fda9f97aad9a8cd5427135739f775edfbf84b107846a471cfdf4b845b8463d8ddffcb97dc05c047d0dcbc823f1ebfbcd62e37bf7aff75eeb3381a945b83cdd2d4b00cd7db9aeb95ebcb18f78d84c98852b9063f20e97fe3b1759149c0c7ac1950fcc485ffd8006542db8d85685469e20f7e8729dda4fa5cbbcfdd7e5c4068915be173e58bc338ce293995e817d5b3efd3652501b315332e65ac041912a4f677e493248e298a876e78181f99960169ff4c222af09f58433713a60a19e824169d663d56feee55d0d2c6f0c339433afe0b
public exponent: 10001

  Signature Algorithm: SHA256WITHRSA
            Signature: 6f988f89532064d1441cce96707cbe57a4790189
                       69ed5b3f8a6aac864802f03823772885288b3474
                       54b8185b61281d87bed222c339c0c3561bdaac2e
                       4d16134e9224893a069699806804ea02121bde70
                       47a07e285b620d23315cd35500819ba5a96b271f
                       ac0c11f83a59dfb4c8cc3096b523e1332b6d370d
                       7339f9bbea0c2333de0645cb7023bbc75dd73615
                       9855e85762ad7561af7816183629eec8e223ba2a
                       f2de89c122cf277bee829e322794293735bd4f16
                       818e4374664e703fb928f15d92e133c8867ad93b
                       5295275840a7e1082427623f4f2c0f865dd7bcd7
                       e5d2c9ec6c8d0a0b87e47380c76058ddefe1148f
                       6dab7b6afae5e6782058051732e2d827
       Extensions: 
                       critical(true) BasicConstraints: isCa(true)
                       critical(true) KeyUsage: 0x6
                       critical(false) 2.5.29.17 value = Sequence
    Tagged [7] IMPLICIT 
        DER Octet String[4] 
    Tagged [2] IMPLICIT 
        DER Octet String[64] 

 from file: /tmp/junit2867952370443596085/junit6668278853723279233/scm-meta/scm/sub-ca/certs/CA-1.crt.
2023-08-23 22:10:03,152 [Time-limited test] INFO  client.SCMCertificateClient (DefaultCertificateClient.java:readCertificateFile(237)) - Added certificate   [0]         Version: 3
         SerialNumber: 1474292218037
             IssuerDN: CN=scm-1@fv-az621-511,OU=abbb130a-3600-4e09-af5c-d0ce5f276673,O=2bb4e161-9fb2-45e9-952d-bcf1ded6b53a
           Start Date: Wed Aug 23 22:10:03 UTC 2023
           Final Date: Sat Sep 30 22:10:03 UTC 2028
            SubjectDN: CN=scm-sub-1474288689047@fv-az621-511,OU=abbb130a-3600-4e09-af5c-d0ce5f276673,O=2bb4e161-9fb2-45e9-952d-bcf1ded6b53a
           Public Key: RSA Public Key [48:b5:fc:3b:84:ce:8a:0e:d3:c4:6b:f9:ef:ed:9f:64:1b:ca:9f:9d],[56:66:d1:a4]
        modulus: 8a700beb384f0a1b7c87590359b162719d5dc66cae89b2e0608633626d8b3bcc08c09a459e743c7d07270f53ba87d61fd873ec2c56227c441aaef088160957fe612e247c6b8fb59c83c095bbede49da5c2248d290e2d4372ecd47fd91a0e7eea26613aec5ff59aaccbcc75ea55fc96b2e6287fc80854cefd9d339fe32838ac7ac80d112397c13cf0c62c73a32924aba0bf665158b5844f50542a5cc69ddbbfa23eedd11645ff546182f2f66bdcedcde759560ea05d60a6fb67ce4d8abc0438cb8a7ea642e0991c9f89518eb9b8dd4e3d68a6eb8c0ceca1af867c1151669ea66d72cf2d9382608cd9ef335344463620b1767ad0cf59180fbabaf14f4b56087cef
public exponent: 10001

  Signature Algorithm: SHA256WITHRSA
            Signature: 972ec6e7cd02b3e95bfb6f6d8d470825db2abfc0
                       0c0aff42d2dcd382f3bcc0c4c32aa3aaa3c88a0e
                       1021fd0dbec9c1a6bf17a6690817a6210d02b95f
                       bbfdf457ac347d451c13cf2243b9b2b76774b1eb
                       89712fc32269e76fcf76191aab4edbdbba66c761
                       5fcc9fd78560bd357b3d57b5b1f446fbac38ff20
                       9d2a284b605e13b8a28eeff4eec04da0ffd01794
                       493b753700d870188aebc6938b89da0116c5d47b
                       c778cc140cbcf19e38f649336f47f6f81159c293
                       0fb1001589c7737c5197ca64898eb5b6d5def030
                       629bc370ea3c839f1243df81e6cefab5655ba2be
                       edd97085b0f0927967f17ef37cf3ad220c0cfacb
                       db3cda6a9b8f0b8d6f1b337ad7e8106e
       Extensions: 
                       critical(false) 2.5.29.17 value = Sequence
    Tagged [7] IMPLICIT 
        DER Octet String[4] 
    Tagged [2] IMPLICIT 
        DER Octet String[64] 

                       critical(true) BasicConstraints: isCa(true)
                       critical(true) KeyUsage: 0xbe
 from file: /tmp/junit2867952370443596085/junit6668278853723279233/scm-meta/scm/sub-ca/certs/1474292218037.crt.
2023-08-23 22:10:03,152 [Time-limited test] INFO  client.SCMCertificateClient (DefaultCertificateClient.java:readCertificateFile(237)) - Added certificate   [0]         Version: 3
         SerialNumber: 1474292218037
             IssuerDN: CN=scm-1@fv-az621-511,OU=abbb130a-3600-4e09-af5c-d0ce5f276673,O=2bb4e161-9fb2-45e9-952d-bcf1ded6b53a
           Start Date: Wed Aug 23 22:10:03 UTC 2023
           Final Date: Sat Sep 30 22:10:03 UTC 2028
            SubjectDN: CN=scm-sub-1474288689047@fv-az621-511,OU=abbb130a-3600-4e09-af5c-d0ce5f276673,O=2bb4e161-9fb2-45e9-952d-bcf1ded6b53a
           Public Key: RSA Public Key [48:b5:fc:3b:84:ce:8a:0e:d3:c4:6b:f9:ef:ed:9f:64:1b:ca:9f:9d],[56:66:d1:a4]
        modulus: 8a700beb384f0a1b7c87590359b162719d5dc66cae89b2e0608633626d8b3bcc08c09a459e743c7d07270f53ba87d61fd873ec2c56227c441aaef088160957fe612e247c6b8fb59c83c095bbede49da5c2248d290e2d4372ecd47fd91a0e7eea26613aec5ff59aaccbcc75ea55fc96b2e6287fc80854cefd9d339fe32838ac7ac80d112397c13cf0c62c73a32924aba0bf665158b5844f50542a5cc69ddbbfa23eedd11645ff546182f2f66bdcedcde759560ea05d60a6fb67ce4d8abc0438cb8a7ea642e0991c9f89518eb9b8dd4e3d68a6eb8c0ceca1af867c1151669ea66d72cf2d9382608cd9ef335344463620b1767ad0cf59180fbabaf14f4b56087cef
public exponent: 10001

  Signature Algorithm: SHA256WITHRSA
            Signature: 972ec6e7cd02b3e95bfb6f6d8d470825db2abfc0
                       0c0aff42d2dcd382f3bcc0c4c32aa3aaa3c88a0e
                       1021fd0dbec9c1a6bf17a6690817a6210d02b95f
                       bbfdf457ac347d451c13cf2243b9b2b76774b1eb
                       89712fc32269e76fcf76191aab4edbdbba66c761
                       5fcc9fd78560bd357b3d57b5b1f446fbac38ff20
                       9d2a284b605e13b8a28eeff4eec04da0ffd01794
                       493b753700d870188aebc6938b89da0116c5d47b
                       c778cc140cbcf19e38f649336f47f6f81159c293
                       0fb1001589c7737c5197ca64898eb5b6d5def030
                       629bc370ea3c839f1243df81e6cefab5655ba2be
                       edd97085b0f0927967f17ef37cf3ad220c0cfacb
                       db3cda6a9b8f0b8d6f1b337ad7e8106e
       Extensions: 
                       critical(false) 2.5.29.17 value = Sequence
    Tagged [7] IMPLICIT 
        DER Octet String[4] 
    Tagged [2] IMPLICIT 
        DER Octet String[64] 

                       critical(true) BasicConstraints: isCa(true)
                       critical(true) KeyUsage: 0xbe
 from file: /tmp/junit2867952370443596085/junit6668278853723279233/scm-meta/scm/sub-ca/certs/certificate.crt.
2023-08-23 22:10:03,153 [Time-limited test] INFO  client.SCMCertificateClient (DefaultCertificateClient.java:loadAllCertificates(191)) - CertificateRenewerService and root ca rotation polling is disabled for scm/sub-ca
2023-08-23 22:10:03,153 [Time-limited test] WARN  utils.HAUtils (HAUtils.java:getMetaDir(339)) - ozone.scm.db.dirs is not configured. We recommend adding this setting. Falling back to ozone.metadata.dirs instead.
2023-08-23 22:10:03,153 [Time-limited test] WARN  db.DBStoreBuilder (DBStoreBuilder.java:applyDBDefinition(166)) - ozone.scm.db.dirs is not configured. We recommend adding this setting. Falling back to ozone.metadata.dirs instead.
2023-08-23 22:10:03,240 [Time-limited test] INFO  net.NodeSchemaLoader (NodeSchemaLoader.java:loadSchemaFromFile(129)) - Loading schema from [jar:file:/home/runner/.m2/repository/org/apache/ozone/hdds-common/1.4.0-SNAPSHOT/hdds-common-1.4.0-SNAPSHOT.jar!/network-topology-default.xml]
2023-08-23 22:10:03,240 [Time-limited test] INFO  net.NodeSchemaLoader (NodeSchemaLoader.java:loadSchema(176)) - Loading network topology layer schema file
2023-08-23 22:10:03,243 [Time-limited test] INFO  upgrade.AbstractLayoutVersionManager (AbstractLayoutVersionManager.java:init(83)) - Initializing Layout version manager with metadata layout = HADOOP_PRC_PORTS_IN_DATANODEDETAILS (version = 7), software layout = HADOOP_PRC_PORTS_IN_DATANODEDETAILS (version = 7)
2023-08-23 22:10:03,244 [Time-limited test] INFO  ha.SequenceIdGenerator (SequenceIdGenerator.java:upgradeToSequenceId(365)) - upgrade localId to 111677748019200000
2023-08-23 22:10:03,245 [Time-limited test] INFO  ha.SequenceIdGenerator (SequenceIdGenerator.java:upgradeToSequenceId(375)) - upgrade delTxnId to 0
2023-08-23 22:10:03,246 [Time-limited test] INFO  ha.SequenceIdGenerator (SequenceIdGenerator.java:upgradeToSequenceId(392)) - upgrade containerId to 0
2023-08-23 22:10:03,246 [Time-limited test] INFO  ha.SequenceIdGenerator (SequenceIdGenerator.java:upgradeToSequenceId(428)) - upgrade rootCertificateId to 1
2023-08-23 22:10:03,246 [Time-limited test] INFO  ha.SequenceIdGenerator (SequenceIdGenerator.java:<init>(236)) - Init the HA SequenceIdGenerator.
2023-08-23 22:10:03,247 [Time-limited test] INFO  node.SCMNodeManager (SCMNodeManager.java:<init>(157)) - Entering startup safe mode.
2023-08-23 22:10:03,248 [Time-limited test] INFO  algorithms.ContainerPlacementPolicyFactory (ContainerPlacementPolicyFactory.java:getPolicyInternal(86)) - Create container placement policy of type org.apache.hadoop.hdds.scm.container.placement.algorithms.SCMContainerPlacementRackAware
2023-08-23 22:10:03,248 [Time-limited test] INFO  algorithms.ContainerPlacementPolicyFactory (ContainerPlacementPolicyFactory.java:getPolicyInternal(86)) - Create container placement policy of type org.apache.hadoop.hdds.scm.container.placement.algorithms.SCMContainerPlacementRackScatter
2023-08-23 22:10:03,249 [Time-limited test] INFO  pipeline.PipelineStateManagerImpl (PipelineStateManagerImpl.java:initialize(78)) - No pipeline exists in current db
2023-08-23 22:10:03,249 [Time-limited test] INFO  algorithms.LeaderChoosePolicyFactory (LeaderChoosePolicyFactory.java:getPolicy(57)) - Create leader choose policy of type org.apache.hadoop.hdds.scm.pipeline.leader.choose.algorithms.MinLeaderCountChoosePolicy
2023-08-23 22:10:03,249 [Time-limited test] INFO  algorithms.ContainerPlacementPolicyFactory (ContainerPlacementPolicyFactory.java:getPolicyInternal(86)) - Create container placement policy of type org.apache.hadoop.hdds.scm.container.placement.algorithms.SCMContainerPlacementRackScatter
2023-08-23 22:10:03,249 [Time-limited test] INFO  ha.SCMServiceManager (SCMServiceManager.java:register(42)) - Registering service BackgroundPipelineCreator.
2023-08-23 22:10:03,249 [Time-limited test] INFO  pipeline.BackgroundPipelineCreator (BackgroundPipelineCreator.java:start(124)) - Starting RatisPipelineUtilsThread.
2023-08-23 22:10:03,251 [Time-limited test] INFO  BackgroundPipelineScrubber (BackgroundSCMService.java:start(68)) - Starting BackgroundPipelineScrubber Service.
2023-08-23 22:10:03,255 [Time-limited test] INFO  ha.SCMServiceManager (SCMServiceManager.java:register(42)) - Registering service BackgroundPipelineScrubber.
2023-08-23 22:10:03,255 [Time-limited test] INFO  ExpiredContainerReplicaOpScrubber (BackgroundSCMService.java:start(68)) - Starting ExpiredContainerReplicaOpScrubber Service.
2023-08-23 22:10:03,255 [Time-limited test] INFO  ha.SCMServiceManager (SCMServiceManager.java:register(42)) - Registering service ExpiredContainerReplicaOpScrubber.
2023-08-23 22:10:03,256 [Time-limited test] INFO  algorithms.PipelineChoosePolicyFactory (PipelineChoosePolicyFactory.java:createPipelineChoosePolicyFromClass(78)) - Create pipeline choose policy of type org.apache.hadoop.hdds.scm.pipeline.choose.algorithms.RandomPipelineChoosePolicy
2023-08-23 22:10:03,256 [Time-limited test] INFO  algorithms.PipelineChoosePolicyFactory (PipelineChoosePolicyFactory.java:createPipelineChoosePolicyFromClass(78)) - Create pipeline choose policy of type org.apache.hadoop.hdds.scm.pipeline.choose.algorithms.RandomPipelineChoosePolicy
2023-08-23 22:10:03,256 [Time-limited test] INFO  ha.SCMServiceManager (SCMServiceManager.java:register(42)) - Registering service SCMBlockDeletingService.
2023-08-23 22:10:03,257 [Time-limited test] INFO  replication.ReplicationManager (ReplicationManager.java:start(287)) - Starting Replication Monitor Thread.
2023-08-23 22:10:03,258 [Time-limited test] INFO  ha.SCMServiceManager (SCMServiceManager.java:register(42)) - Registering service ReplicationManager.
2023-08-23 22:10:03,258 [Time-limited test] INFO  safemode.ContainerSafeModeRule (ContainerSafeModeRule.java:<init>(90)) - containers with one replica threshold count 0
2023-08-23 22:10:03,259 [Time-limited test] INFO  safemode.HealthyPipelineSafeModeRule (HealthyPipelineSafeModeRule.java:initializeRule(169)) - Total pipeline count is 0, healthy pipeline threshold count is 0
2023-08-23 22:10:03,259 [Time-limited test] INFO  safemode.OneReplicaPipelineSafeModeRule (OneReplicaPipelineSafeModeRule.java:initializeRule(180)) - Total pipeline count is 0, pipeline's with at least one datanode reported threshold count is 0
2023-08-23 22:10:03,262 [ReplicationMonitor] INFO  replication.ReplicationManager (ReplicationManager.java:processAll(361)) - Replication Manager is not ready to run until 300000ms after safemode exit
2023-08-23 22:10:03,262 [Time-limited test] INFO  authority.DefaultCAServer (DefaultCAServer.java:lambda$processVerificationStatus$0(472)) - CertificateServer validation is successful
2023-08-23 22:10:03,263 [Time-limited test] INFO  authority.DefaultCAServer (DefaultCAServer.java:lambda$processVerificationStatus$0(472)) - CertificateServer validation is successful
2023-08-23 22:10:03,263 [Time-limited test] INFO  server.StorageContainerManager (StorageContainerManager.java:persistPrimarySCMCerts(932)) - Storing sub-ca certificate serialId 1474292218037 on primary SCM
2023-08-23 22:10:03,265 [Time-limited test] INFO  server.SCMCertStore (SCMCertStore.java:storeValidScmCertificate(122)) - Scm certificate 1474292218037 for CN=scm-sub-1474288689047@fv-az621-511,OU=abbb130a-3600-4e09-af5c-d0ce5f276673,O=2bb4e161-9fb2-45e9-952d-bcf1ded6b53a is stored
2023-08-23 22:10:03,265 [Time-limited test] INFO  server.StorageContainerManager (StorageContainerManager.java:persistPrimarySCMCerts(940)) - Storing root certificate serialId 1
2023-08-23 22:10:03,265 [Time-limited test] INFO  server.SCMCertStore (SCMCertStore.java:storeValidScmCertificate(122)) - Scm certificate 1 for CN=scm-1@fv-az621-511,OU=abbb130a-3600-4e09-af5c-d0ce5f276673,O=2bb4e161-9fb2-45e9-952d-bcf1ded6b53a is stored
2023-08-23 22:10:03,265 [Time-limited test] INFO  ipc.CallQueueManager (CallQueueManager.java:<init>(90)) - Using callQueue: class java.util.concurrent.LinkedBlockingQueue, queueCapacity: 200, scheduler: class org.apache.hadoop.ipc.DefaultRpcScheduler, ipcBackoff: false.
2023-08-23 22:10:03,266 [Time-limited test] INFO  ipc.Server (Server.java:<init>(1287)) - Listener at 0.0.0.0:9961
2023-08-23 22:10:03,267 [Socket Reader #1 for port 9961] INFO  ipc.Server (Server.java:run(1323)) - Starting Socket Reader #1 for port 9961
2023-08-23 22:10:03,269 [Time-limited test] INFO  server.StorageContainerManager (StorageContainerManager.java:<init>(425)) - SCM start with adminUsers: [om/fv-az621-511.fpnbra3ad0zu1hpqauu4rsdf4e.cx.internal.cloudapp.net@EXAMPLE.COM, scm]
2023-08-23 22:10:03,269 [Time-limited test] INFO  ipc.CallQueueManager (CallQueueManager.java:<init>(90)) - Using callQueue: class java.util.concurrent.LinkedBlockingQueue, queueCapacity: 10000, scheduler: class org.apache.hadoop.ipc.DefaultRpcScheduler, ipcBackoff: false.
2023-08-23 22:10:03,269 [Time-limited test] INFO  ipc.Server (Server.java:<init>(1287)) - Listener at 0.0.0.0:9861
2023-08-23 22:10:03,270 [Socket Reader #1 for port 9861] INFO  ipc.Server (Server.java:run(1323)) - Starting Socket Reader #1 for port 9861
2023-08-23 22:10:03,275 [Time-limited test] INFO  ipc.CallQueueManager (CallQueueManager.java:<init>(90)) - Using callQueue: class java.util.concurrent.LinkedBlockingQueue, queueCapacity: 10000, scheduler: class org.apache.hadoop.ipc.DefaultRpcScheduler, ipcBackoff: false.
2023-08-23 22:10:03,275 [Time-limited test] INFO  ipc.Server (Server.java:<init>(1287)) - Listener at 0.0.0.0:9863
2023-08-23 22:10:03,276 [Socket Reader #1 for port 9863] INFO  ipc.Server (Server.java:run(1323)) - Starting Socket Reader #1 for port 9863
2023-08-23 22:10:03,278 [Time-limited test] INFO  ipc.CallQueueManager (CallQueueManager.java:<init>(90)) - Using callQueue: class java.util.concurrent.LinkedBlockingQueue, queueCapacity: 10000, scheduler: class org.apache.hadoop.ipc.DefaultRpcScheduler, ipcBackoff: false.
2023-08-23 22:10:03,278 [Time-limited test] INFO  ipc.Server (Server.java:<init>(1287)) - Listener at 0.0.0.0:9860
2023-08-23 22:10:03,279 [Socket Reader #1 for port 9860] INFO  ipc.Server (Server.java:run(1323)) - Starting Socket Reader #1 for port 9860
2023-08-23 22:10:03,288 [Time-limited test] INFO  ha.SCMServiceManager (SCMServiceManager.java:register(42)) - Registering service ContainerBalancer.
2023-08-23 22:10:03,288 [Time-limited test] INFO  server.StorageContainerManager (StorageContainerManager.java:<init>(438)) - 
Container Balancer status:
Key                            Value
Running                        false
Container Balancer Configuration values:
Key                                                Value
Threshold                                          10
Max Datanodes to Involve per Iteration(percent)    20
Max Size to Move per Iteration                     500GB
Max Size Entering Target per Iteration             26GB
Max Size Leaving Source per Iteration              26GB

2023-08-23 22:10:03,288 [Time-limited test] INFO  ha.SCMContext (SCMContext.java:updateSafeModeStatus(228)) - Update SafeModeStatus from SafeModeStatus{safeModeStatus=true, preCheckPassed=false} to SafeModeStatus{safeModeStatus=true, preCheckPassed=false}.
2023-08-23 22:10:03,288 [Time-limited test] WARN  server.ServerUtils (ServerUtils.java:getDBPath(311)) - ozone.om.db.dirs is not configured. We recommend adding this setting. Falling back to ozone.metadata.dirs instead.
2023-08-23 22:10:03,292 [Time-limited test] INFO  ha.OMHANodeDetails (OMHANodeDetails.java:loadOMHAConfig(115)) - ozone.om.internal.service.id is not defined, falling back to ozone.om.service.ids to find serviceID for OzoneManager if it is HA enabled cluster
2023-08-23 22:10:03,293 [Time-limited test] INFO  ha.OMHANodeDetails (OMHANodeDetails.java:loadOMHAConfig(226)) - Configuration does not have ozone.om.address set. Falling back to the default OM address fv-az621-511.fpnbra3ad0zu1hpqauu4rsdf4e.cx.internal.cloudapp.net/10.1.0.14:1202
2023-08-23 22:10:03,293 [Time-limited test] INFO  ha.OMHANodeDetails (OMHANodeDetails.java:getOMNodeDetailsForNonHA(254)) - OM Service ID is not set. Setting it to the default ID: omServiceIdDefault
2023-08-23 22:10:03,293 [Time-limited test] INFO  ha.OMHANodeDetails (OMHANodeDetails.java:getOMNodeDetailsForNonHA(261)) - OM Node ID is not set. Setting it to the default ID: om1
2023-08-23 22:10:03,293 [Time-limited test] WARN  server.ServerUtils (ServerUtils.java:getDBPath(311)) - ozone.om.db.dirs is not configured. We recommend adding this setting. Falling back to ozone.metadata.dirs instead.
2023-08-23 22:10:03,294 [Time-limited test] INFO  upgrade.AbstractLayoutVersionManager (AbstractLayoutVersionManager.java:init(83)) - Initializing Layout version manager with metadata layout = QUOTA (version = 6), software layout = QUOTA (version = 6)
2023-08-23 22:10:03,362 [Time-limited test] INFO  reflections.Reflections (Reflections.java:scan(232)) - Reflections took 67 ms to scan 2 urls, producing 188 keys and 512 values [using 2 cores]
2023-08-23 22:10:03,362 [Time-limited test] INFO  upgrade.OMLayoutVersionManager (OMLayoutVersionManager.java:lambda$0(115)) - Skipping Upgrade Action MockOmUpgradeAction since it has been finalized.
2023-08-23 22:10:03,362 [Time-limited test] INFO  upgrade.OMLayoutVersionManager (OMLayoutVersionManager.java:lambda$0(115)) - Skipping Upgrade Action QuotaRepairUpgradeAction since it has been finalized.
2023-08-23 22:10:03,364 [pool-328-thread-2] INFO  request.KdcRequest (KdcRequest.java:preauth(651)) - The preauth data is empty.
2023-08-23 22:10:03,365 [pool-328-thread-2] INFO  server.KdcHandler (KdcHandler.java:handleRecoverableException(177)) - KRB error occurred while processing request:Additional pre-authentication required
2023-08-23 22:10:03,372 [pool-328-thread-2] INFO  request.AsRequest (AsRequest.java:issueTicket(112)) - AS_REQ ISSUE: authtime 1692828603372,om/fv-az621-511.fpnbra3ad0zu1hpqauu4rsdf4e.cx.internal.cloudapp.net@EXAMPLE.COM for krbtgt/EXAMPLE.COM@EXAMPLE.COM
2023-08-23 22:10:03,374 [Time-limited test] INFO  security.UserGroupInformation (UserGroupInformation.java:loginUserFromKeytab(1132)) - Login successful for user om/fv-az621-511.fpnbra3ad0zu1hpqauu4rsdf4e.cx.internal.cloudapp.net@EXAMPLE.COM using keytab file om.keytab. Keytab auto renewal enabled : false
2023-08-23 22:10:03,374 [Time-limited test] INFO  om.OzoneManager (OzoneManager.java:loginOMUser(1161)) - Ozone Manager login successful.
2023-08-23 22:10:03,374 [Time-limited test] WARN  server.ServerUtils (ServerUtils.java:getDBPath(311)) - ozone.om.db.dirs is not configured. We recommend adding this setting. Falling back to ozone.metadata.dirs instead.
2023-08-23 22:10:03,374 [Time-limited test] INFO  proxy.SCMBlockLocationFailoverProxyProvider (SCMBlockLocationFailoverProxyProvider.java:<init>(114)) - Created block location fail-over proxy with 1 nodes: [nodeId=scmNodeId,nodeAddress=/0.0.0.0:9863]
2023-08-23 22:10:03,375 [Time-limited test] INFO  om.OzoneManager (OzoneManager.java:getOmDetailsProto(4552)) - OzoneManager ports added:[name: "RPC"
value: 1202
]
2023-08-23 22:10:03,376 [Time-limited test] INFO  security.OMCertificateClient (DefaultCertificateClient.java:updateCertSerialId(1244)) - Certificate serial ID set to 9879877970576
2023-08-23 22:10:03,376 [Time-limited test] WARN  security.OMCertificateClient (DefaultCertificateClient.java:loadAllCertificates(173)) - Certificates could not be loaded.
java.nio.file.NoSuchFileException: /tmp/junit2867952370443596085/junit6668278853723279233/scm-meta/om/certs
	at sun.nio.fs.UnixException.translateToIOException(UnixException.java:86)
	at sun.nio.fs.UnixException.rethrowAsIOException(UnixException.java:102)
	at sun.nio.fs.UnixException.rethrowAsIOException(UnixException.java:107)
	at sun.nio.fs.UnixFileSystemProvider.newDirectoryStream(UnixFileSystemProvider.java:427)
	at java.nio.file.Files.newDirectoryStream(Files.java:457)
	at java.nio.file.Files.list(Files.java:3451)
	at org.apache.hadoop.hdds.security.x509.certificate.client.DefaultCertificateClient.loadAllCertificates(DefaultCertificateClient.java:168)
	at org.apache.hadoop.hdds.security.x509.certificate.client.DefaultCertificateClient.updateCertSerialId(DefaultCertificateClient.java:1245)
	at org.apache.hadoop.hdds.security.x509.certificate.client.DefaultCertificateClient.<init>(DefaultCertificateClient.java:157)
	at org.apache.hadoop.hdds.security.x509.certificate.client.CommonCertificateClient.<init>(CommonCertificateClient.java:49)
	at org.apache.hadoop.ozone.security.OMCertificateClient.<init>(OMCertificateClient.java:68)
	at org.apache.hadoop.ozone.om.OzoneManager.<init>(OzoneManager.java:640)
	at org.apache.hadoop.ozone.om.OzoneManager.createOm(OzoneManager.java:754)
	at org.apache.hadoop.ozone.TestSecureOzoneCluster.setupOm(TestSecureOzoneCluster.java:701)
	at org.apache.hadoop.ozone.TestSecureOzoneCluster.testAccessControlExceptionOnClient(TestSecureOzoneCluster.java:561)
	at sun.reflect.NativeMethodAccessorImpl.invoke0(Native Method)
	at sun.reflect.NativeMethodAccessorImpl.invoke(NativeMethodAccessorImpl.java:62)
	at sun.reflect.DelegatingMethodAccessorImpl.invoke(DelegatingMethodAccessorImpl.java:43)
	at java.lang.reflect.Method.invoke(Method.java:498)
	at org.junit.runners.model.FrameworkMethod$1.runReflectiveCall(FrameworkMethod.java:59)
	at org.junit.internal.runners.model.ReflectiveCallable.run(ReflectiveCallable.java:12)
	at org.junit.runners.model.FrameworkMethod.invokeExplosively(FrameworkMethod.java:56)
	at org.junit.internal.runners.statements.InvokeMethod.evaluate(InvokeMethod.java:17)
	at org.junit.internal.runners.statements.RunBefores.evaluate(RunBefores.java:26)
	at org.junit.internal.runners.statements.RunAfters.evaluate(RunAfters.java:27)
	at org.junit.rules.ExternalResource$1.evaluate(ExternalResource.java:54)
	at org.junit.internal.runners.statements.FailOnTimeout$CallableStatement.call(FailOnTimeout.java:288)
	at org.junit.internal.runners.statements.FailOnTimeout$CallableStatement.call(FailOnTimeout.java:282)
	at java.util.concurrent.FutureTask.run(FutureTask.java:266)
	at java.lang.Thread.run(Thread.java:750)
2023-08-23 22:10:03,380 [Time-limited test] INFO  om.OzoneManager (OzoneManager.java:<init>(662)) - OM start with adminUsers: [om/fv-az621-511.fpnbra3ad0zu1hpqauu4rsdf4e.cx.internal.cloudapp.net@EXAMPLE.COM, om]
2023-08-23 22:10:03,381 [Time-limited test] WARN  server.ServerUtils (ServerUtils.java:getDBPath(311)) - ozone.om.db.dirs is not configured. We recommend adding this setting. Falling back to ozone.metadata.dirs instead.
2023-08-23 22:10:03,382 [Time-limited test] INFO  helpers.OmKeyInfo (OmKeyInfo.java:getCodec(71)) - OmKeyInfo.getCodec ignorePipeline = true
2023-08-23 22:10:03,547 [Time-limited test] INFO  om.OzoneManager (OzoneManager.java:instantiateServices(791)) - S3 Multi-Tenancy is disabled
2023-08-23 22:10:03,548 [Time-limited test] INFO  security.OzoneSecretStore (OzoneSecretStore.java:loadState(69)) - Loaded 0 tokens
2023-08-23 22:10:03,548 [Time-limited test] INFO  security.OzoneDelegationTokenSecretManager (OzoneDelegationTokenSecretManager.java:loadTokenSecretState(530)) - Loading token state into token manager.
2023-08-23 22:10:03,548 [Time-limited test] INFO  om.OmSnapshotManager (OmSnapshotManager.java:<init>(175)) - Ozone filesystem snapshot feature is enabled.
2023-08-23 22:10:03,548 [Time-limited test] WARN  server.ServerUtils (ServerUtils.java:getDBPath(311)) - ozone.om.snapshot.diff.db.dir is not configured. We recommend adding this setting. Falling back to ozone.metadata.dirs instead.
2023-08-23 22:10:03,569 [Time-limited test] INFO  snapshot.SnapshotDiffManager (SnapshotDiffManager.java:closeExecutorService(1720)) - Shutting down executorService: 'SstDumpToolExecutor'
2023-08-23 22:10:03,571 [Time-limited test] INFO  om.OzoneManager (OzoneManager.java:addS3GVolumeToDB(4284)) - Created Volume s3v With Owner om required for S3Gateway operations.
2023-08-23 22:10:03,571 [Time-limited test] WARN  server.ServerUtils (ServerUtils.java:getDefaultRatisDirectory(323)) - Storage directory for Ratis is not configured. It is a good idea to map this to an SSD disk. Falling back to ozone.metadata.dirs
2023-08-23 22:10:03,571 [Time-limited test] WARN  utils.OzoneManagerRatisUtils (OzoneManagerRatisUtils.java:getOMRatisSnapshotDirectory(461)) - ozone.om.ratis.snapshot.dir is not configured. Falling back to ozone.metadata.dirs config
2023-08-23 22:10:03,571 [Time-limited test] WARN  server.ServerUtils (ServerUtils.java:getDefaultRatisDirectory(323)) - Storage directory for Ratis is not configured. It is a good idea to map this to an SSD disk. Falling back to ozone.metadata.dirs
2023-08-23 22:10:03,573 [Time-limited test] INFO  ratis.OzoneManagerRatisServer (OzoneManagerRatisServer.java:<init>(163)) - Instantiating OM Ratis server with groupID: omServiceIdDefault and peers: fv-az621-511.fpnbra3ad0zu1hpqauu4rsdf4e.cx.internal.cloudapp.net:9872
2023-08-23 22:10:03,573 [Time-limited test] INFO  ratis.OzoneManagerStateMachine (OzoneManagerStateMachine.java:loadSnapshotInfoFromDB(687)) - LastAppliedIndex is set from TransactionInfo from OM DB as (t:0, i:~)
2023-08-23 22:10:03,574 [Time-limited test] INFO  server.RaftServer (ConfUtils.java:logGet(46)) - raft.rpc.type = GRPC (default)
2023-08-23 22:10:03,574 [Time-limited test] INFO  grpc.GrpcConfigKeys (ConfUtils.java:logFallback(53)) - raft.grpc.admin.host = null (fallback to raft.grpc.server.host)
2023-08-23 22:10:03,574 [Time-limited test] INFO  grpc.GrpcConfigKeys (ConfUtils.java:logFallback(53)) - raft.grpc.admin.port = 9872 (fallback to raft.grpc.server.port)
2023-08-23 22:10:03,575 [Time-limited test] INFO  grpc.GrpcConfigKeys (ConfUtils.java:logFallback(53)) - raft.grpc.client.host = null (fallback to raft.grpc.server.host)
2023-08-23 22:10:03,575 [Time-limited test] INFO  grpc.GrpcConfigKeys (ConfUtils.java:logFallback(53)) - raft.grpc.client.port = 9872 (fallback to raft.grpc.server.port)
2023-08-23 22:10:03,575 [Time-limited test] INFO  grpc.GrpcConfigKeys (ConfUtils.java:logGet(46)) - raft.grpc.server.host = null (default)
2023-08-23 22:10:03,575 [Time-limited test] INFO  grpc.GrpcConfigKeys (ConfUtils.java:logGet(46)) - raft.grpc.server.port = 9872 (custom)
2023-08-23 22:10:03,575 [Time-limited test] INFO  server.GrpcService (ConfUtils.java:logGet(46)) - raft.grpc.message.size.max = 33554432 (custom)
2023-08-23 22:10:03,575 [Time-limited test] INFO  server.RaftServerConfigKeys (ConfUtils.java:logGet(46)) - raft.server.log.appender.buffer.byte-limit = 33554432 (custom)
2023-08-23 22:10:03,575 [Time-limited test] INFO  server.GrpcService (ConfUtils.java:logGet(46)) - raft.grpc.flow.control.window = 1MB (=1048576) (default)
2023-08-23 22:10:03,575 [Time-limited test] INFO  server.RaftServerConfigKeys (ConfUtils.java:logGet(46)) - raft.server.rpc.request.timeout = 3000ms (default)
2023-08-23 22:10:03,575 [Time-limited test] INFO  grpc.GrpcConfigKeys (ConfUtils.java:logGet(46)) - raft.grpc.server.heartbeat.channel = true (default)
2023-08-23 22:10:03,575 [Time-limited test] INFO  grpc.GrpcConfigKeys (ConfUtils.java:logGet(46)) - raft.grpc.server.async.request.thread.pool.cached = true (default)
2023-08-23 22:10:03,575 [Time-limited test] INFO  grpc.GrpcConfigKeys (ConfUtils.java:logGet(46)) - raft.grpc.server.async.request.thread.pool.size = 32 (default)
2023-08-23 22:10:03,576 [Time-limited test] INFO  impl.DataStreamServerImpl (ConfUtils.java:logGet(46)) - raft.datastream.type = DISABLED (default)
2023-08-23 22:10:03,576 [Time-limited test] INFO  server.RaftServerConfigKeys (ConfUtils.java:logGet(46)) - raft.server.threadpool.proxy.cached = true (default)
2023-08-23 22:10:03,576 [Time-limited test] INFO  server.RaftServerConfigKeys (ConfUtils.java:logGet(46)) - raft.server.threadpool.proxy.size = 0 (default)
2023-08-23 22:10:03,577 [Time-limited test] INFO  server.RaftServerConfigKeys (ConfUtils.java:logGet(46)) - raft.server.rpc.slowness.timeout = 120s (custom)
2023-08-23 22:10:03,577 [Time-limited test] INFO  server.RaftServerConfigKeys (ConfUtils.java:logGet(46)) - raft.server.leaderelection.leader.step-down.wait-time = 10s (default)
2023-08-23 22:10:03,577 [Time-limited test] INFO  server.RaftServerConfigKeys (ConfUtils.java:logGet(46)) - raft.server.storage.dir = [/tmp/junit2867952370443596085/junit6668278853723279233/scm-meta/ratis] (custom)
2023-08-23 22:10:03,579 [Time-limited test] INFO  server.RaftServer (RaftServerProxy.java:addNew(98)) - om1: addNew group-C5BA1605619E:[om1|rpc:fv-az621-511.fpnbra3ad0zu1hpqauu4rsdf4e.cx.internal.cloudapp.net:9872|priority:0|startupRole:FOLLOWER] returns group-C5BA1605619E:java.util.concurrent.CompletableFuture@28e7448f[Not completed]
2023-08-23 22:10:03,579 [Time-limited test] INFO  om.OzoneManager (OzoneManager.java:initializeRatisServer(2128)) - OzoneManager Ratis server initialized at port 9872
RaftServerImpl.java:<init>(198)) - om1: new RaftServerImpl for group-C5BA1605619E:[om1|rpc:fv-az621-511.fpnbra3ad0zu1hpqauu4rsdf4e.cx.internal.cloudapp.net:9872|priority:0|startupRole:FOLLOWER] with OzoneManagerStateMachine:uninitialized
2023-08-23 22:10:03,579 [Time-limited test] INFO  om.OzoneManager (OzoneManager.java:initializeRatisServer(2128)) - OzoneManager Ratis server initialized at port 9872
2023-08-23 22:10:03,580 [Time-limited test] INFO  om.OzoneManager (OzoneManager.java:getRpcServer(1193)) - Creating RPC Server
ConfUtils.java:logGet(46)) - raft.server.rpc.timeout.min = 5s (custom)
2023-08-23 22:10:03,580 [Time-limited test] INFO  om.OzoneManager (OzoneManager.java:getRpcServer(1193)) - Creating RPC Server
2023-08-23 22:10:03,580 [om1-groupManagement] INFO  server.RaftServerConfigKeys (ConfUtils.java:logGet(46)) - raft.server.rpc.timeout.max = 5200ms (custom)
2023-08-23 22:10:03,580 [om1-groupManagement] INFO  server.RaftServerConfigKeys (ConfUtils.java:logGet(46)) - raft.server.rpc.sleep.time = 25ms (default)
2023-08-23 22:10:03,583 [om1-groupManagement] INFO  server.RaftServerConfigKeys (ConfUtils.java:logGet(46)) - raft.server.rpc.slowness.timeout = 120s (custom)
2023-08-23 22:10:03,583 [om1-groupManagement] INFO  server.RaftServerConfigKeys (ConfUtils.java:logGet(46)) - raft.server.leaderelection.leader.step-down.wait-time = 10s (default)
2023-08-23 22:10:03,583 [om1-groupManagement] INFO  server.RaftServerConfigKeys (ConfUtils.java:logGet(46)) - raft.server.sleep.deviation.threshold = 300ms (default)
2023-08-23 22:10:03,583 [om1-groupManagement] INFO  server.RaftServer$Division (ServerState.java:<init>(120)) - om1@group-C5BA1605619E: ConfigurationManager, init=-1: peers:[om1|rpc:fv-az621-511.fpnbra3ad0zu1hpqauu4rsdf4e.cx.internal.cloudapp.net:9872|priority:0|startupRole:FOLLOWER]|listeners:[], old=null, confs=<EMPTY_MAP>
2023-08-23 22:10:03,583 [om1-groupManagement] INFO  server.RaftServerConfigKeys (ConfUtils.java:logGet(46)) - raft.server.storage.dir = [/tmp/junit2867952370443596085/junit6668278853723279233/scm-meta/ratis] (custom)
2023-08-23 22:10:03,583 [om1-groupManagement] INFO  server.RaftServerConfigKeys (ConfUtils.java:logGet(46)) - raft.server.log.corruption.policy = EXCEPTION (default)
2023-08-23 22:10:03,584 [om1-groupManagement] INFO  server.RaftServerConfigKeys (ConfUtils.java:logGet(46)) - raft.server.storage.free-space.min = 0MB (=0) (default)
2023-08-23 22:10:03,584 [om1-groupManagement] INFO  server.RaftServerConfigKeys (ConfUtils.java:logGet(46)) - raft.server.notification.no-leader.timeout = 120s (custom)
2023-08-23 22:10:03,584 [om1-groupManagement] INFO  server.RaftServerConfigKeys (ConfUtils.java:logGet(46)) - raft.server.read.timeout = 10s (default)
2023-08-23 22:10:03,584 [om1-groupManagement] INFO  server.RaftServerConfigKeys (ConfUtils.java:logGet(46)) - raft.server.retrycache.expirytime = 300s (custom)
2023-08-23 22:10:03,584 [om1-groupManagement] INFO  server.RaftServerConfigKeys (ConfUtils.java:logGet(46)) - raft.server.retrycache.statistics.expirytime = 100μs (default)
2023-08-23 22:10:03,584 [om1-groupManagement] INFO  server.RaftServerConfigKeys (ConfUtils.java:logGet(46)) - raft.server.read.option = DEFAULT (default)
2023-08-23 22:10:03,585 [om1-groupManagement] INFO  server.RaftServerConfigKeys (ConfUtils.java:logGet(46)) - raft.server.rpc.request.timeout = 3000ms (default)
2023-08-23 22:10:03,585 [om1-groupManagement] INFO  server.RaftServerConfigKeys (ConfUtils.java:logGet(46)) - raft.server.log.appender.install.snapshot.enabled = false (custom)
2023-08-23 22:10:03,585 [om1-groupManagement] INFO  server.RaftServerConfigKeys (ConfUtils.java:logGet(46)) - raft.server.threadpool.server.cached = true (default)
2023-08-23 22:10:03,585 [om1-groupManagement] INFO  server.RaftServerConfigKeys (ConfUtils.java:logGet(46)) - raft.server.threadpool.server.size = 0 (default)
2023-08-23 22:10:03,585 [om1-groupManagement] INFO  server.RaftServerConfigKeys (ConfUtils.java:logGet(46)) - raft.server.threadpool.client.cached = true (default)
2023-08-23 22:10:03,586 [om1-groupManagement] INFO  server.RaftServerConfigKeys (ConfUtils.java:logGet(46)) - raft.server.threadpool.client.size = 0 (default)
2023-08-23 22:10:04,030 [Time-limited test] INFO  reflections.Reflections (Reflections.java:scan(232)) - Reflections took 449 ms to scan 19 urls, producing 70 keys and 5645 values [using 2 cores]
2023-08-23 22:10:04,032 [Time-limited test] INFO  ipc.CallQueueManager (CallQueueManager.java:<init>(90)) - Using callQueue: class java.util.concurrent.LinkedBlockingQueue, queueCapacity: 10000, scheduler: class org.apache.hadoop.ipc.DefaultRpcScheduler, ipcBackoff: false.
2023-08-23 22:10:04,032 [Time-limited test] INFO  ipc.Server (Server.java:<init>(1287)) - Listener at fv-az621-511.fpnbra3ad0zu1hpqauu4rsdf4e.cx.internal.cloudapp.net:1202
2023-08-23 22:10:04,033 [Socket Reader #1 for port 1202] INFO  ipc.Server (Server.java:run(1323)) - Starting Socket Reader #1 for port 1202
2023-08-23 22:10:04,522 [Time-limited test] INFO  utils.SelfSignedCertificate (SelfSignedCertificate.java:generateCertificate(157)) - Certificate 1 is issued by CN=rootCA@localhost,OU=scm1,O=cluster1 to CN=rootCA@localhost,OU=scm1,O=cluster1, valid from Wed Aug 23 22:10:04 UTC 2023 to Sat Sep 30 22:10:04 UTC 2028
2023-08-23 22:10:04,525 [Time-limited test] INFO  authority.DefaultApprover (DefaultApprover.java:sign(154)) - Extensions in CSR: 2.5.29.15
2023-08-23 22:10:04,525 [Time-limited test] INFO  authority.DefaultApprover (DefaultApprover.java:sign(158)) - Extensions to add to the certificate if they present in CSR: 2.5.29.17, 2.5.29.19, 1.3.6.1.5.5.7.1.12, 2.5.29.35, 2.5.29.37, 2.5.29.15
2023-08-23 22:10:04,528 [Time-limited test] INFO  ssl.ReloadingX509KeyManager (ReloadingX509KeyManager.java:loadKeyManager(222)) - Key manager is loaded with certificate chain
2023-08-23 22:10:04,529 [Time-limited test] INFO  ssl.ReloadingX509KeyManager (ReloadingX509KeyManager.java:loadKeyManager(224)) - [
[
  Version: V3
  Subject: O=cluster1, OU=scm1, CN=localhost
  Signature Algorithm: SHA256withRSA, OID = 1.2.840.113549.1.1.11

  Key:  Sun RSA public key, 2048 bits
  params: null
  modulus: 22888382723141019034195907971117252792731342887922581991974935602058010123979436587073761639290806588806349335684111928571616553092384347685740726188669125833807577968765524305783443808665878536890290045663304623482211131545084395021098099770329127390528901466691494948900250597651735788294987912448860986341187780095755019594111014665987260154992364143374813657068893999461463816512975620033958838172743886169029495262746683089696017487710517579435656891388304718933241845539842294794636101182144714581285865949972590097390861301368971215282675872547810805066343693232617688077333949113667070183568535734941444018811
  public exponent: 65537
  Validity: [From: Wed Aug 23 22:10:04 UTC 2023,
               To: Thu Aug 22 22:10:04 UTC 2024]
  Issuer: O=cluster1, OU=scm1, CN=rootCA@localhost
  SerialNumber: [    01579635 cf8b]

Certificate Extensions: 1
[1]: ObjectId: 2.5.29.15 Criticality=true
KeyUsage [
  DigitalSignature
  Key_Encipherment
  Data_Encipherment
  Key_Agreement
]

]
  Algorithm: [SHA256withRSA]
  Signature:
0000: 2A 4D 4B 62 D8 9E 95 76   D8 22 D6 DC FE EC 06 19  *MKb...v."......
0010: DE F1 71 BF 46 C8 39 78   07 8A 7A D2 2A AD 8F 1D  ..q.F.9x..z.*...
0020: 33 7F 9D A7 98 58 88 62   A6 04 B7 17 81 84 DD D5  3....X.b........
0030: 58 75 C5 A6 94 AF 34 EE   50 2A 2B DA 41 95 39 D4  Xu....4.P*+.A.9.
0040: 84 60 D9 AF A3 48 CF EC   DF EA D6 43 7F 62 17 5B  .`...H.....C.b.[
0050: C8 75 74 B3 1D 5E 6B 92   69 E3 7A 29 5B C0 29 79  .ut..^k.i.z)[.)y
0060: 52 86 0A EF 3E FA 83 C1   0A C3 B9 00 8A 6A 6E 46  R...>........jnF
0070: EE 8F 31 1F 74 1B C0 E2   6C EB F9 6F F0 AA 9D 94  ..1.t...l..o....
0080: F5 D9 37 7E 04 0D 6C B8   D0 9E 0A CA D9 2D D9 47  ..7...l......-.G
0090: B5 9E C8 AA 4B 66 BC 66   E7 19 D2 94 A9 AE B7 10  ....Kf.f........
00A0: 80 67 87 70 B5 02 67 AD   5F FF 3A DD FE 32 A4 98  .g.p..g._.:..2..
00B0: C3 7B 62 C4 EA 3F D8 60   79 3E 74 EB 5D B4 09 C1  ..b..?.`y>t.]...
00C0: A5 5C 42 7E D7 29 72 8F   1E 2B 04 70 09 0B 36 03  .\B..)r..+.p..6.
00D0: 87 22 DD 56 6E 66 C9 D6   FA 81 5B B8 37 D3 EF 6D  .".Vnf....[.7..m
00E0: D2 EC 7C F0 BA BA 91 99   1A F5 9C D4 7F 4E C2 33  .............N.3
00F0: 61 73 9F 35 4D DA BC 60   22 1B DC 33 9C C2 74 43  as.5M..`"..3..tC

]
2023-08-23 22:10:04,530 [Time-limited test] INFO  ssl.ReloadingX509KeyManager (ReloadingX509KeyManager.java:loadKeyManager(224)) - [
[
  Version: V3
  Subject: O=cluster1, OU=scm1, CN=rootCA@localhost
  Signature Algorithm: SHA256withRSA, OID = 1.2.840.113549.1.1.11

  Key:  Sun RSA public key, 2048 bits
  params: null
  modulus: 24791792699208176089051006258777604287830045408545275831800388647457658295464917796047934301353179122712509093783488733238046893639659141600675500399174992288306799094611224690849192095814519217121584621526335547311347621159634316000709507235053726014426637612784272769138138209053153464206297510672525075084524096472688350984158446491620628093889464378167374215320707464712598026551209515789741162417963284284999191582217282938199220905634165634328825347761146499684505290831070760579058371211019312172290938634029881745820052417828086622346308878177072122146194368701989225481449196946697986539212339227596006573263
  public exponent: 65537
  Validity: [From: Wed Aug 23 22:10:04 UTC 2023,
               To: Sat Sep 30 22:10:04 UTC 2028]
  Issuer: O=cluster1, OU=scm1, CN=rootCA@localhost
  SerialNumber: [    01]

Certificate Extensions: 2
[1]: ObjectId: 2.5.29.19 Criticality=true
BasicConstraints:[
  CA:true
  PathLen:2147483647
]

[2]: ObjectId: 2.5.29.15 Criticality=true
KeyUsage [
  Key_CertSign
  Crl_Sign
]

]
  Algorithm: [SHA256withRSA]
  Signature:
0000: A6 4F B3 8C A2 69 C1 33   3C 9C E9 5C B6 1B AA 08  .O...i.3<..\....
0010: 27 9E 1F 33 66 EC 42 07   F7 E8 C1 26 92 C6 F0 1A  '..3f.B....&....
0020: 1F F0 B2 3E D4 7D D5 47   2A 96 E6 66 F1 1D EC C9  ...>...G*..f....
0030: 05 C0 C0 20 1E 1D 7D F5   11 CB C5 21 75 92 49 73  ... .......!u.Is
0040: 40 1A 52 37 CC 47 C2 F4   AA 40 D3 47 5C 31 0C EC  @.R7.G...@.G\1..
0050: A6 32 3B 7F 80 1D 5C 5C   0A 9D 3D 61 3D 20 CE E7  .2;...\\..=a= ..
0060: 81 4E 0C 3C 0B 73 F6 F0   C7 0F C7 F5 53 CE 44 C5  .N.<.s......S.D.
0070: 6C 83 FC 25 7A D7 63 D3   84 64 AC A4 9B 27 A0 94  l..%z.c..d...'..
0080: 55 B9 29 23 DA 91 6F 26   46 90 AB C2 1B 9F C2 92  U.)#..o&F.......
0090: 81 93 1A 59 78 6E 2D 7D   AE 50 B8 38 D8 E0 6D 43  ...Yxn-..P.8..mC
00A0: 4B 10 3D EA 65 44 54 37   DA F6 CE 13 79 84 9E BF  K.=.eDT7....y...
00B0: 03 E9 86 D3 80 85 19 87   F1 9C 05 96 3D 93 BF DB  ............=...
00C0: 1F 9C 02 78 27 FB 31 6F   F2 80 26 A7 9E 1E 0A B8  ...x'.1o..&.....
00D0: 61 9F 0B 4B 8E DE 47 A8   67 54 28 45 3F C4 09 27  a..K..G.gT(E?..'
00E0: 17 19 BA 65 4A AA 96 0A   D5 92 BE 50 21 D8 F7 86  ...eJ......P!...
00F0: C5 F1 71 24 2A 65 46 36   10 CD B0 CF 40 FC CA F8  ..q$*eF6....@...

]
2023-08-23 22:10:04,530 [Time-limited test] INFO  ssl.ReloadingX509TrustManager (ReloadingX509TrustManager.java:insertCertsToKeystore(188)) - Trust manager is loaded with certificates
2023-08-23 22:10:04,531 [Time-limited test] INFO  ssl.ReloadingX509TrustManager (ReloadingX509TrustManager.java:insertCertsToKeystore(192)) - [
[
  Version: V3
  Subject: O=cluster1, OU=scm1, CN=rootCA@localhost
  Signature Algorithm: SHA256withRSA, OID = 1.2.840.113549.1.1.11

  Key:  Sun RSA public key, 2048 bits
  params: null
  modulus: 24791792699208176089051006258777604287830045408545275831800388647457658295464917796047934301353179122712509093783488733238046893639659141600675500399174992288306799094611224690849192095814519217121584621526335547311347621159634316000709507235053726014426637612784272769138138209053153464206297510672525075084524096472688350984158446491620628093889464378167374215320707464712598026551209515789741162417963284284999191582217282938199220905634165634328825347761146499684505290831070760579058371211019312172290938634029881745820052417828086622346308878177072122146194368701989225481449196946697986539212339227596006573263
  public exponent: 65537
  Validity: [From: Wed Aug 23 22:10:04 UTC 2023,
               To: Sat Sep 30 22:10:04 UTC 2028]
  Issuer: O=cluster1, OU=scm1, CN=rootCA@localhost
  SerialNumber: [    01]

Certificate Extensions: 2
[1]: ObjectId: 2.5.29.19 Criticality=true
BasicConstraints:[
  CA:true
  PathLen:2147483647
]

[2]: ObjectId: 2.5.29.15 Criticality=true
KeyUsage [
  Key_CertSign
  Crl_Sign
]

]
  Algorithm: [SHA256withRSA]
  Signature:
0000: A6 4F B3 8C A2 69 C1 33   3C 9C E9 5C B6 1B AA 08  .O...i.3<..\....
0010: 27 9E 1F 33 66 EC 42 07   F7 E8 C1 26 92 C6 F0 1A  '..3f.B....&....
0020: 1F F0 B2 3E D4 7D D5 47   2A 96 E6 66 F1 1D EC C9  ...>...G*..f....
0030: 05 C0 C0 20 1E 1D 7D F5   11 CB C5 21 75 92 49 73  ... .......!u.Is
0040: 40 1A 52 37 CC 47 C2 F4   AA 40 D3 47 5C 31 0C EC  @.R7.G...@.G\1..
0050: A6 32 3B 7F 80 1D 5C 5C   0A 9D 3D 61 3D 20 CE E7  .2;...\\..=a= ..
0060: 81 4E 0C 3C 0B 73 F6 F0   C7 0F C7 F5 53 CE 44 C5  .N.<.s......S.D.
0070: 6C 83 FC 25 7A D7 63 D3   84 64 AC A4 9B 27 A0 94  l..%z.c..d...'..
0080: 55 B9 29 23 DA 91 6F 26   46 90 AB C2 1B 9F C2 92  U.)#..o&F.......
0090: 81 93 1A 59 78 6E 2D 7D   AE 50 B8 38 D8 E0 6D 43  ...Yxn-..P.8..mC
00A0: 4B 10 3D EA 65 44 54 37   DA F6 CE 13 79 84 9E BF  K.=.eDT7....y...
00B0: 03 E9 86 D3 80 85 19 87   F1 9C 05 96 3D 93 BF DB  ............=...
00C0: 1F 9C 02 78 27 FB 31 6F   F2 80 26 A7 9E 1E 0A B8  ...x'.1o..&.....
00D0: 61 9F 0B 4B 8E DE 47 A8   67 54 28 45 3F C4 09 27  a..K..G.gT(E?..'
00E0: 17 19 BA 65 4A AA 96 0A   D5 92 BE 50 21 D8 F7 86  ...eJ......P!...
00F0: C5 F1 71 24 2A 65 46 36   10 CD B0 CF 40 FC CA F8  ..q$*eF6....@...

]
2023-08-23 22:10:04,531 [Time-limited test] INFO  ssl.ReloadingX509KeyManager (ReloadingX509KeyManager.java:loadKeyManager(222)) - Key manager is loaded with certificate chain
2023-08-23 22:10:04,532 [Time-limited test] INFO  ssl.ReloadingX509KeyManager (ReloadingX509KeyManager.java:loadKeyManager(224)) - [
[
  Version: V3
  Subject: O=cluster1, OU=scm1, CN=localhost
  Signature Algorithm: SHA256withRSA, OID = 1.2.840.113549.1.1.11

  Key:  Sun RSA public key, 2048 bits
  params: null
  modulus: 22888382723141019034195907971117252792731342887922581991974935602058010123979436587073761639290806588806349335684111928571616553092384347685740726188669125833807577968765524305783443808665878536890290045663304623482211131545084395021098099770329127390528901466691494948900250597651735788294987912448860986341187780095755019594111014665987260154992364143374813657068893999461463816512975620033958838172743886169029495262746683089696017487710517579435656891388304718933241845539842294794636101182144714581285865949972590097390861301368971215282675872547810805066343693232617688077333949113667070183568535734941444018811
  public exponent: 65537
  Validity: [From: Wed Aug 23 22:10:04 UTC 2023,
               To: Thu Aug 22 22:10:04 UTC 2024]
  Issuer: O=cluster1, OU=scm1, CN=rootCA@localhost
  SerialNumber: [    01579635 cf8b]

Certificate Extensions: 1
[1]: ObjectId: 2.5.29.15 Criticality=true
KeyUsage [
  DigitalSignature
  Key_Encipherment
  Data_Encipherment
  Key_Agreement
]

]
  Algorithm: [SHA256withRSA]
  Signature:
0000: 2A 4D 4B 62 D8 9E 95 76   D8 22 D6 DC FE EC 06 19  *MKb...v."......
0010: DE F1 71 BF 46 C8 39 78   07 8A 7A D2 2A AD 8F 1D  ..q.F.9x..z.*...
0020: 33 7F 9D A7 98 58 88 62   A6 04 B7 17 81 84 DD D5  3....X.b........
0030: 58 75 C5 A6 94 AF 34 EE   50 2A 2B DA 41 95 39 D4  Xu....4.P*+.A.9.
0040: 84 60 D9 AF A3 48 CF EC   DF EA D6 43 7F 62 17 5B  .`...H.....C.b.[
0050: C8 75 74 B3 1D 5E 6B 92   69 E3 7A 29 5B C0 29 79  .ut..^k.i.z)[.)y
0060: 52 86 0A EF 3E FA 83 C1   0A C3 B9 00 8A 6A 6E 46  R...>........jnF
0070: EE 8F 31 1F 74 1B C0 E2   6C EB F9 6F F0 AA 9D 94  ..1.t...l..o....
0080: F5 D9 37 7E 04 0D 6C B8   D0 9E 0A CA D9 2D D9 47  ..7...l......-.G
0090: B5 9E C8 AA 4B 66 BC 66   E7 19 D2 94 A9 AE B7 10  ....Kf.f........
00A0: 80 67 87 70 B5 02 67 AD   5F FF 3A DD FE 32 A4 98  .g.p..g._.:..2..
00B0: C3 7B 62 C4 EA 3F D8 60   79 3E 74 EB 5D B4 09 C1  ..b..?.`y>t.]...
00C0: A5 5C 42 7E D7 29 72 8F   1E 2B 04 70 09 0B 36 03  .\B..)r..+.p..6.
00D0: 87 22 DD 56 6E 66 C9 D6   FA 81 5B B8 37 D3 EF 6D  .".Vnf....[.7..m
00E0: D2 EC 7C F0 BA BA 91 99   1A F5 9C D4 7F 4E C2 33  .............N.3
00F0: 61 73 9F 35 4D DA BC 60   22 1B DC 33 9C C2 74 43  as.5M..`"..3..tC

]
2023-08-23 22:10:04,533 [Time-limited test] INFO  ssl.ReloadingX509KeyManager (ReloadingX509KeyManager.java:loadKeyManager(224)) - [
[
  Version: V3
  Subject: O=cluster1, OU=scm1, CN=rootCA@localhost
  Signature Algorithm: SHA256withRSA, OID = 1.2.840.113549.1.1.11

  Key:  Sun RSA public key, 2048 bits
  params: null
  modulus: 24791792699208176089051006258777604287830045408545275831800388647457658295464917796047934301353179122712509093783488733238046893639659141600675500399174992288306799094611224690849192095814519217121584621526335547311347621159634316000709507235053726014426637612784272769138138209053153464206297510672525075084524096472688350984158446491620628093889464378167374215320707464712598026551209515789741162417963284284999191582217282938199220905634165634328825347761146499684505290831070760579058371211019312172290938634029881745820052417828086622346308878177072122146194368701989225481449196946697986539212339227596006573263
  public exponent: 65537
  Validity: [From: Wed Aug 23 22:10:04 UTC 2023,
               To: Sat Sep 30 22:10:04 UTC 2028]
  Issuer: O=cluster1, OU=scm1, CN=rootCA@localhost
  SerialNumber: [    01]

Certificate Extensions: 2
[1]: ObjectId: 2.5.29.19 Criticality=true
BasicConstraints:[
  CA:true
  PathLen:2147483647
]

[2]: ObjectId: 2.5.29.15 Criticality=true
KeyUsage [
  Key_CertSign
  Crl_Sign
]

]
  Algorithm: [SHA256withRSA]
  Signature:
0000: A6 4F B3 8C A2 69 C1 33   3C 9C E9 5C B6 1B AA 08  .O...i.3<..\....
0010: 27 9E 1F 33 66 EC 42 07   F7 E8 C1 26 92 C6 F0 1A  '..3f.B....&....
0020: 1F F0 B2 3E D4 7D D5 47   2A 96 E6 66 F1 1D EC C9  ...>...G*..f....
0030: 05 C0 C0 20 1E 1D 7D F5   11 CB C5 21 75 92 49 73  ... .......!u.Is
0040: 40 1A 52 37 CC 47 C2 F4   AA 40 D3 47 5C 31 0C EC  @.R7.G...@.G\1..
0050: A6 32 3B 7F 80 1D 5C 5C   0A 9D 3D 61 3D 20 CE E7  .2;...\\..=a= ..
0060: 81 4E 0C 3C 0B 73 F6 F0   C7 0F C7 F5 53 CE 44 C5  .N.<.s......S.D.
0070: 6C 83 FC 25 7A D7 63 D3   84 64 AC A4 9B 27 A0 94  l..%z.c..d...'..
0080: 55 B9 29 23 DA 91 6F 26   46 90 AB C2 1B 9F C2 92  U.)#..o&F.......
0090: 81 93 1A 59 78 6E 2D 7D   AE 50 B8 38 D8 E0 6D 43  ...Yxn-..P.8..mC
00A0: 4B 10 3D EA 65 44 54 37   DA F6 CE 13 79 84 9E BF  K.=.eDT7....y...
00B0: 03 E9 86 D3 80 85 19 87   F1 9C 05 96 3D 93 BF DB  ............=...
00C0: 1F 9C 02 78 27 FB 31 6F   F2 80 26 A7 9E 1E 0A B8  ...x'.1o..&.....
00D0: 61 9F 0B 4B 8E DE 47 A8   67 54 28 45 3F C4 09 27  a..K..G.gT(E?..'
00E0: 17 19 BA 65 4A AA 96 0A   D5 92 BE 50 21 D8 F7 86  ...eJ......P!...
00F0: C5 F1 71 24 2A 65 46 36   10 CD B0 CF 40 FC CA F8  ..q$*eF6....@...

]
2023-08-23 22:10:04,533 [Time-limited test] INFO  ssl.ReloadingX509TrustManager (ReloadingX509TrustManager.java:insertCertsToKeystore(188)) - Trust manager is loaded with certificates
2023-08-23 22:10:04,534 [Time-limited test] INFO  ssl.ReloadingX509TrustManager (ReloadingX509TrustManager.java:insertCertsToKeystore(192)) - [
[
  Version: V3
  Subject: O=cluster1, OU=scm1, CN=rootCA@localhost
  Signature Algorithm: SHA256withRSA, OID = 1.2.840.113549.1.1.11

  Key:  Sun RSA public key, 2048 bits
  params: null
  modulus: 24791792699208176089051006258777604287830045408545275831800388647457658295464917796047934301353179122712509093783488733238046893639659141600675500399174992288306799094611224690849192095814519217121584621526335547311347621159634316000709507235053726014426637612784272769138138209053153464206297510672525075084524096472688350984158446491620628093889464378167374215320707464712598026551209515789741162417963284284999191582217282938199220905634165634328825347761146499684505290831070760579058371211019312172290938634029881745820052417828086622346308878177072122146194368701989225481449196946697986539212339227596006573263
  public exponent: 65537
  Validity: [From: Wed Aug 23 22:10:04 UTC 2023,
               To: Sat Sep 30 22:10:04 UTC 2028]
  Issuer: O=cluster1, OU=scm1, CN=rootCA@localhost
  SerialNumber: [    01]

Certificate Extensions: 2
[1]: ObjectId: 2.5.29.19 Criticality=true
BasicConstraints:[
  CA:true
  PathLen:2147483647
]

[2]: ObjectId: 2.5.29.15 Criticality=true
KeyUsage [
  Key_CertSign
  Crl_Sign
]

]
  Algorithm: [SHA256withRSA]
  Signature:
0000: A6 4F B3 8C A2 69 C1 33   3C 9C E9 5C B6 1B AA 08  .O...i.3<..\....
0010: 27 9E 1F 33 66 EC 42 07   F7 E8 C1 26 92 C6 F0 1A  '..3f.B....&....
0020: 1F F0 B2 3E D4 7D D5 47   2A 96 E6 66 F1 1D EC C9  ...>...G*..f....
0030: 05 C0 C0 20 1E 1D 7D F5   11 CB C5 21 75 92 49 73  ... .......!u.Is
0040: 40 1A 52 37 CC 47 C2 F4   AA 40 D3 47 5C 31 0C EC  @.R7.G...@.G\1..
0050: A6 32 3B 7F 80 1D 5C 5C   0A 9D 3D 61 3D 20 CE E7  .2;...\\..=a= ..
0060: 81 4E 0C 3C 0B 73 F6 F0   C7 0F C7 F5 53 CE 44 C5  .N.<.s......S.D.
0070: 6C 83 FC 25 7A D7 63 D3   84 64 AC A4 9B 27 A0 94  l..%z.c..d...'..
0080: 55 B9 29 23 DA 91 6F 26   46 90 AB C2 1B 9F C2 92  U.)#..o&F.......
0090: 81 93 1A 59 78 6E 2D 7D   AE 50 B8 38 D8 E0 6D 43  ...Yxn-..P.8..mC
00A0: 4B 10 3D EA 65 44 54 37   DA F6 CE 13 79 84 9E BF  K.=.eDT7....y...
00B0: 03 E9 86 D3 80 85 19 87   F1 9C 05 96 3D 93 BF DB  ............=...
00C0: 1F 9C 02 78 27 FB 31 6F   F2 80 26 A7 9E 1E 0A B8  ...x'.1o..&.....
00D0: 61 9F 0B 4B 8E DE 47 A8   67 54 28 45 3F C4 09 27  a..K..G.gT(E?..'
00E0: 17 19 BA 65 4A AA 96 0A   D5 92 BE 50 21 D8 F7 86  ...eJ......P!...
00F0: C5 F1 71 24 2A 65 46 36   10 CD B0 CF 40 FC CA F8  ..q$*eF6....@...

]
2023-08-23 22:10:04,535 [Time-limited test] INFO  impl.MetricsSystemImpl (MetricsSystemImpl.java:init(158)) - OzoneManager metrics system started (again)
2023-08-23 22:10:04,546 [Time-limited test] INFO  om.OzoneManager (OzoneManager.java:start(1613)) - OzoneManager RPC server is listening at fv-az621-511.fpnbra3ad0zu1hpqauu4rsdf4e.cx.internal.cloudapp.net/10.1.0.14:1202
2023-08-23 22:10:04,547 [Time-limited test] INFO  ratis.OzoneManagerRatisServer (OzoneManagerRatisServer.java:start(558)) - Starting OzoneManagerRatisServer om1 at port 9872
2023-08-23 22:10:04,547 [om1-impl-thread1] INFO  storage.RaftStorageDirectory (RaftStorageDirectoryImpl.java:analyzeStorage(137)) - The storage directory /tmp/junit2867952370443596085/junit6668278853723279233/scm-meta/ratis/bf265839-605b-3f16-9796-c5ba1605619e does not exist. Creating ...
2023-08-23 22:10:04,549 [om1-impl-thread1] INFO  storage.RaftStorageDirectory (RaftStorageDirectoryImpl.java:tryLock(231)) - Lock on /tmp/junit2867952370443596085/junit6668278853723279233/scm-meta/ratis/bf265839-605b-3f16-9796-c5ba1605619e/in_use.lock acquired by nodename 9432@fv-az621-511
2023-08-23 22:10:04,550 [om1-impl-thread1] INFO  storage.RaftStorage (RaftStorageImpl.java:format(96)) - Storage directory /tmp/junit2867952370443596085/junit6668278853723279233/scm-meta/ratis/bf265839-605b-3f16-9796-c5ba1605619e has been successfully formatted.
2023-08-23 22:10:04,551 [om1-impl-thread1] INFO  server.RaftServerConfigKeys (ConfUtils.java:logGet(46)) - raft.server.log.use.memory = false (default)
2023-08-23 22:10:04,551 [om1-impl-thread1] INFO  server.RaftServerConfigKeys (ConfUtils.java:logGet(46)) - raft.server.log.purge.gap = 1000000 (custom)
2023-08-23 22:10:04,551 [om1-impl-thread1] INFO  server.RaftServerConfigKeys (ConfUtils.java:logGet(46)) - raft.server.log.appender.buffer.byte-limit = 33554432 (custom)
2023-08-23 22:10:04,551 [om1-impl-thread1] INFO  server.RaftServerConfigKeys (ConfUtils.java:logGet(46)) - raft.server.log.statemachine.data.read.timeout = 1000ms (default)
2023-08-23 22:10:04,551 [om1-impl-thread1] INFO  server.RaftServerConfigKeys (ConfUtils.java:logGet(46)) - raft.server.log.purge.preservation.log.num = 0 (default)
2023-08-23 22:10:04,551 [om1-impl-thread1] INFO  server.RaftServerConfigKeys (ConfUtils.java:logGet(46)) - raft.server.log.segment.size.max = 4194304 (custom)
2023-08-23 22:10:04,551 [om1-impl-thread1] INFO  server.RaftServerConfigKeys (ConfUtils.java:logGet(46)) - raft.server.log.segment.cache.num.max = 2 (custom)
2023-08-23 22:10:04,551 [om1-impl-thread1] INFO  server.RaftServerConfigKeys (ConfUtils.java:logGet(46)) - raft.server.log.segment.cache.size.max = 200MB (=209715200) (default)
2023-08-23 22:10:04,551 [om1-impl-thread1] INFO  server.RaftServerConfigKeys (ConfUtils.java:logGet(46)) - raft.server.log.appender.buffer.byte-limit = 33554432 (custom)
2023-08-23 22:10:04,551 [om1-impl-thread1] INFO  segmented.SegmentedRaftLogWorker (SegmentedRaftLogWorker.java:<init>(188)) - new om1@group-C5BA1605619E-SegmentedRaftLogWorker for RaftStorageImpl:Storage Directory /tmp/junit2867952370443596085/junit6668278853723279233/scm-meta/ratis/bf265839-605b-3f16-9796-c5ba1605619e
2023-08-23 22:10:04,551 [om1-impl-thread1] INFO  server.RaftServerConfigKeys (ConfUtils.java:logGet(46)) - raft.server.log.queue.byte-limit = 64MB (=67108864) (default)
2023-08-23 22:10:04,552 [om1-impl-thread1] INFO  server.RaftServerConfigKeys (ConfUtils.java:logGet(46)) - raft.server.log.queue.element-limit = 4096 (default)
2023-08-23 22:10:04,552 [om1-impl-thread1] INFO  server.RaftServerConfigKeys (ConfUtils.java:logGet(46)) - raft.server.log.segment.size.max = 4194304 (custom)
2023-08-23 22:10:04,552 [om1-impl-thread1] INFO  server.RaftServerConfigKeys (ConfUtils.java:logGet(46)) - raft.server.log.preallocated.size = 4194304 (custom)
2023-08-23 22:10:04,552 [om1-impl-thread1] INFO  server.RaftServerConfigKeys (ConfUtils.java:logGet(46)) - raft.server.log.force.sync.num = 128 (default)
2023-08-23 22:10:04,552 [om1-impl-thread1] INFO  server.RaftServerConfigKeys (ConfUtils.java:logGet(46)) - raft.server.log.statemachine.data.sync = true (default)
2023-08-23 22:10:04,552 [om1-impl-thread1] INFO  server.RaftServerConfigKeys (ConfUtils.java:logGet(46)) - raft.server.log.statemachine.data.sync.timeout = 10s (default)
2023-08-23 22:10:04,552 [om1-impl-thread1] INFO  server.RaftServerConfigKeys (ConfUtils.java:logGet(46)) - raft.server.log.statemachine.data.sync.timeout.retry = -1 (default)
2023-08-23 22:10:04,552 [om1-impl-thread1] INFO  server.RaftServerConfigKeys (ConfUtils.java:logGet(46)) - raft.server.log.write.buffer.size = 64KB (=65536) (default)
2023-08-23 22:10:04,552 [om1-impl-thread1] INFO  server.RaftServerConfigKeys (ConfUtils.java:logGet(46)) - raft.server.log.appender.buffer.byte-limit = 33554432 (custom)
2023-08-23 22:10:04,555 [om1-impl-thread1] INFO  server.RaftServerConfigKeys (ConfUtils.java:logGet(46)) - raft.server.log.unsafe-flush.enabled = false (default)
2023-08-23 22:10:04,556 [om1-impl-thread1] INFO  server.RaftServerConfigKeys (ConfUtils.java:logGet(46)) - raft.server.log.async-flush.enabled = false (default)
2023-08-23 22:10:04,556 [om1-impl-thread1] INFO  server.RaftServerConfigKeys (ConfUtils.java:logGet(46)) - raft.server.log.statemachine.data.caching.enabled = false (default)
2023-08-23 22:10:04,556 [om1-impl-thread1] INFO  segmented.SegmentedRaftLogWorker (SegmentedRaftLogWorker.java:lambda$new$0(135)) - om1@group-C5BA1605619E-SegmentedRaftLogWorker: flushIndex: setUnconditionally 0 -> -1
2023-08-23 22:10:04,556 [om1-impl-thread1] INFO  segmented.SegmentedRaftLogWorker (SegmentedRaftLogWorker.java:lambda$new$0(135)) - om1@group-C5BA1605619E-SegmentedRaftLogWorker: safeCacheEvictIndex: setUnconditionally 0 -> -1
2023-08-23 22:10:04,561 [om1-impl-thread1] INFO  server.RaftServer$Division (RaftServerImpl.java:start(342)) - om1@group-C5BA1605619E: start as a follower, conf=-1: peers:[om1|rpc:fv-az621-511.fpnbra3ad0zu1hpqauu4rsdf4e.cx.internal.cloudapp.net:9872|priority:0|startupRole:FOLLOWER]|listeners:[], old=null
2023-08-23 22:10:04,561 [om1-impl-thread1] INFO  server.RaftServer$Division (RaftServerImpl.java:setRole(329)) - om1@group-C5BA1605619E: changes role from      null to FOLLOWER at term 0 for startAsFollower
2023-08-23 22:10:04,561 [om1-impl-thread1] INFO  impl.RoleInfo (RoleInfo.java:updateAndGet(139)) - om1: start om1@group-C5BA1605619E-FollowerState
2023-08-23 22:10:04,561 [om1@group-C5BA1605619E-FollowerState] INFO  server.RaftServerConfigKeys (ConfUtils.java:logFallback(53)) - raft.server.rpc.first-election.timeout.min = 5s (fallback to raft.server.rpc.timeout.min)
2023-08-23 22:10:04,562 [om1@group-C5BA1605619E-FollowerState] INFO  server.RaftServerConfigKeys (ConfUtils.java:logFallback(53)) - raft.server.rpc.first-election.timeout.max = 5200ms (fallback to raft.server.rpc.timeout.max)
2023-08-23 22:10:04,562 [om1-impl-thread1] INFO  util.JmxRegister (JmxRegister.java:tryRegister(44)) - Successfully registered JMX Bean with object name Ratis:service=RaftServer,group=group-C5BA1605619E,id=om1
2023-08-23 22:10:04,562 [om1-impl-thread1] INFO  server.RaftServerConfigKeys (ConfUtils.java:logGet(46)) - raft.server.snapshot.auto.trigger.enabled = true (custom)
2023-08-23 22:10:04,562 [om1-impl-thread1] INFO  server.RaftServerConfigKeys (ConfUtils.java:logGet(46)) - raft.server.snapshot.auto.trigger.threshold = 400000 (default)
2023-08-23 22:10:04,562 [om1-impl-thread1] INFO  server.RaftServerConfigKeys (ConfUtils.java:logGet(46)) - raft.server.snapshot.retention.file.num = -1 (default)
2023-08-23 22:10:04,563 [om1-impl-thread1] INFO  server.RaftServerConfigKeys (ConfUtils.java:logGet(46)) - raft.server.log.purge.upto.snapshot.index = true (custom)
2023-08-23 22:10:04,567 [Time-limited test] INFO  server.RaftServer (RaftServerProxy.java:startImpl(400)) - om1: start RPC server
2023-08-23 22:10:04,568 [Time-limited test] INFO  server.GrpcService (GrpcService.java:startImpl(302)) - om1: GrpcService started, listening on 9872
2023-08-23 22:10:04,568 [Time-limited test] INFO  om.OzoneManager (OzoneManager.java:startSecretManager(1103)) - Starting OM delegation token secret manager
2023-08-23 22:10:04,568 [JvmPauseMonitor5] INFO  util.JvmPauseMonitor (JvmPauseMonitor.java:run(103)) - JvmPauseMonitor-om1: Started
2023-08-23 22:10:04,568 [Time-limited test] INFO  security.OzoneDelegationTokenSecretManager (OzoneSecretManager.java:updateCurrentKey(175)) - Updating current master key for generating tokens. Cert id 1475693891467
2023-08-23 22:10:04,569 [Thread[Thread-1295,5,FailOnTimeoutGroup]] INFO  security.OzoneDelegationTokenSecretManager (OzoneDelegationTokenSecretManager.java:run(636)) - Starting expired delegation token remover thread, tokenRemoverScanInterval=60 min(s)
2023-08-23 22:10:04,569 [Time-limited test] INFO  om.OzoneManager (OzoneManager.java:start(1629)) - Version File has different layout version (6) than OM DB (null). That is expected if this OM has never been finalized to a newer layout version.
2023-08-23 22:10:04,573 [Time-limited test] INFO  http.BaseHttpServer (BaseHttpServer.java:newHttpServer2BuilderForOzone(224)) - Starting Web-server for ozoneManager at: http://0.0.0.0:9874
2023-08-23 22:10:04,573 [Time-limited test] INFO  http.BaseHttpServer (BaseHttpServer.java:<init>(111)) - Hadoop Security Enabled: true Ozone Security Enabled: true Ozone HTTP Security Enabled: false 
2023-08-23 22:10:04,574 [Time-limited test] WARN  server.AuthenticationFilter (AuthenticationFilter.java:constructSecretProvider(240)) - Unable to initialize FileSignerSecretProvider, falling back to use random secrets. Reason: Could not read signature secret file: /home/runner/hadoop-http-auth-signature-secret
2023-08-23 22:10:04,575 [Time-limited test] INFO  http.HttpRequestLog (HttpRequestLog.java:getRequestLog(86)) - Http request log for http.requests.ozoneManager is not defined
2023-08-23 22:10:04,576 [Time-limited test] INFO  http.HttpServer2 (HttpServer2.java:addGlobalFilter(1031)) - Added global filter 'safety' (class=org.apache.hadoop.hdds.server.http.HttpServer2$QuotingInputFilter)
2023-08-23 22:10:04,577 [Time-limited test] INFO  http.HttpServer2 (HttpServer2.java:addFilter(1007)) - Added filter static_user_filter (class=org.apache.hadoop.http.lib.StaticUserWebFilter$StaticUserFilter) to context ozoneManager
2023-08-23 22:10:04,577 [Time-limited test] INFO  http.HttpServer2 (HttpServer2.java:addFilter(1015)) - Added filter static_user_filter (class=org.apache.hadoop.http.lib.StaticUserWebFilter$StaticUserFilter) to context static
2023-08-23 22:10:04,577 [Time-limited test] INFO  http.HttpServer2 (HttpServer2.java:addFilter(1015)) - Added filter static_user_filter (class=org.apache.hadoop.http.lib.StaticUserWebFilter$StaticUserFilter) to context logs
2023-08-23 22:10:04,578 [Time-limited test] INFO  http.BaseHttpServer (BaseHttpServer.java:<init>(190)) - HTTP server of ozoneManager uses base directory /tmp/junit2867952370443596085/junit6668278853723279233/scm-meta/webserver
2023-08-23 22:10:04,578 [Time-limited test] INFO  http.HttpServer2 (HttpServer2.java:bindListener(1250)) - Jetty bound to port 9874
2023-08-23 22:10:04,578 [Time-limited test] INFO  server.Server (Server.java:doStart(375)) - jetty-9.4.51.v20230217; built: 2023-02-17T08:19:37.309Z; git: b45c405e4544384de066f814ed42ae3dceacdd49; jvm 1.8.0_382-b05
2023-08-23 22:10:04,584 [Time-limited test] INFO  server.session (DefaultSessionIdManager.java:doStart(334)) - DefaultSessionIdManager workerName=node0
2023-08-23 22:10:04,584 [Time-limited test] INFO  server.session (DefaultSessionIdManager.java:doStart(339)) - No SessionScavenger set, using defaults
2023-08-23 22:10:04,584 [Time-limited test] INFO  server.session (HouseKeeper.java:startScavenging(132)) - node0 Scavenging every 660000ms
2023-08-23 22:10:04,587 [Time-limited test] INFO  handler.ContextHandler (ContextHandler.java:doStart(921)) - Started o.e.j.s.ServletContextHandler@6ad25c9e{logs,/logs,file:///home/runner/work/ozone/ozone/hadoop-ozone/integration-test/target/log,AVAILABLE}
2023-08-23 22:10:04,588 [Time-limited test] INFO  handler.ContextHandler (ContextHandler.java:doStart(921)) - Started o.e.j.s.ServletContextHandler@2c0240d9{static,/static,file:///home/runner/work/ozone/ozone/hadoop-ozone/integration-test/target/test-classes/webapps/static,AVAILABLE}
2023-08-23 22:10:04,590 [Time-limited test] INFO  handler.ContextHandler (ContextHandler.java:doStart(921)) - Started o.e.j.w.WebAppContext@18fde200{ozoneManager,/,file:///home/runner/work/ozone/ozone/hadoop-ozone/integration-test/target/test-classes/webapps/ozoneManager/,AVAILABLE}{file:/home/runner/work/ozone/ozone/hadoop-ozone/integration-test/target/test-classes/webapps/ozoneManager}
2023-08-23 22:10:04,595 [Time-limited test] INFO  server.AbstractConnector (AbstractConnector.java:doStart(333)) - Started ServerConnector@4afe8082{HTTP/1.1, (http/1.1)}{0.0.0.0:9874}
2023-08-23 22:10:04,595 [Time-limited test] INFO  server.Server (Server.java:doStart(415)) - Started @69171ms
2023-08-23 22:10:04,595 [Time-limited test] WARN  impl.MetricsSystemImpl (MetricsSystemImpl.java:register(279)) - Sink prometheus already exists!
2023-08-23 22:10:04,596 [Time-limited test] INFO  http.BaseHttpServer (BaseHttpServer.java:updateConnectorAddress(344)) - HTTP server of ozoneManager listening at http://0.0.0.0:9874
2023-08-23 22:10:04,596 [IPC Server Responder] INFO  ipc.Server (Server.java:run(1562)) - IPC Server Responder: starting
2023-08-23 22:10:04,598 [IPC Server listener on 1202] INFO  ipc.Server (Server.java:run(1402)) - IPC Server listener on 1202: starting
2023-08-23 22:10:04,604 [Time-limited test] INFO  om.OzoneManager (OzoneManager.java:startTrashEmptier(2081)) - Trash Interval set to 0. Files deleted won't move to trash
2023-08-23 22:10:04,610 [pool-328-thread-2] INFO  request.KdcRequest (KdcRequest.java:preauth(651)) - The preauth data is empty.
2023-08-23 22:10:04,610 [pool-328-thread-2] INFO  server.KdcHandler (KdcHandler.java:handleRecoverableException(177)) - KRB error occurred while processing request:Additional pre-authentication required
2023-08-23 22:10:04,613 [pool-328-thread-2] INFO  request.AsRequest (AsRequest.java:issueTicket(112)) - AS_REQ ISSUE: authtime 1692828604613,test@EXAMPLE.COM for krbtgt/EXAMPLE.COM@EXAMPLE.COM
2023-08-23 22:10:04,635 [pool-328-thread-2] INFO  request.TgsRequest (TgsRequest.java:issueTicket(115)) - TGS_REQ ISSUE: authtime 1692828604635,test for om/fv-az621-511.fpnbra3ad0zu1hpqauu4rsdf4e.cx.internal.cloudapp.net@EXAMPLE.COM
2023-08-23 22:10:04,649 [Socket Reader #1 for port 1202] INFO  ipc.Server (Server.java:saslProcess(2139)) - Auth successful for test@EXAMPLE.COM (auth:KERBEROS) from fv-az621-511.fpnbra3ad0zu1hpqauu4rsdf4e.cx.internal.cloudapp.net:39176 / 10.1.0.14:39176
2023-08-23 22:10:06,671 [Time-limited test] INFO  retry.RetryInvocationHandler (RetryInvocationHandler.java:log(422)) - com.google.protobuf.ServiceException: org.apache.hadoop.ipc.RemoteException(org.apache.hadoop.ozone.om.exceptions.OMNotLeaderException): OM:om1 is not the leader. Could not determine the leader node.
	at org.apache.hadoop.ozone.om.OzoneManager.checkLeaderStatus(OzoneManager.java:3996)
	at org.apache.hadoop.ozone.om.ratis.utils.OzoneManagerRatisUtils.checkLeaderStatus(OzoneManagerRatisUtils.java:473)
	at org.apache.hadoop.ozone.protocolPB.OzoneManagerProtocolServerSideTranslatorPB.processRequest(OzoneManagerProtocolServerSideTranslatorPB.java:185)
	at org.apache.hadoop.hdds.server.OzoneProtocolMessageDispatcher.processRequest(OzoneProtocolMessageDispatcher.java:87)
	at org.apache.hadoop.ozone.protocolPB.OzoneManagerProtocolServerSideTranslatorPB.submitRequest(OzoneManagerProtocolServerSideTranslatorPB.java:148)
	at org.apache.hadoop.ozone.protocol.proto.OzoneManagerProtocolProtos$OzoneManagerService$2.callBlockingMethod(OzoneManagerProtocolProtos.java)
	at org.apache.hadoop.ipc.ProtobufRpcEngine$Server.processCall(ProtobufRpcEngine.java:484)
	at org.apache.hadoop.ipc.ProtobufRpcEngine2$Server$ProtoBufRpcInvoker.call(ProtobufRpcEngine2.java:595)
	at org.apache.hadoop.ipc.ProtobufRpcEngine2$Server$ProtoBufRpcInvoker.call(ProtobufRpcEngine2.java:573)
	at org.apache.hadoop.ipc.RPC$Server.call(RPC.java:1227)
	at org.apache.hadoop.ipc.Server$RpcCall.run(Server.java:1094)
	at org.apache.hadoop.ipc.Server$RpcCall.run(Server.java:1017)
	at java.security.AccessController.doPrivileged(Native Method)
	at javax.security.auth.Subject.doAs(Subject.java:422)
	at org.apache.hadoop.security.UserGroupInformation.doAs(UserGroupInformation.java:1899)
	at org.apache.hadoop.ipc.Server$Handler.run(Server.java:3048)
, while invoking $Proxy53.submitRequest over nodeId=null,nodeAddress=fv-az621-511.fpnbra3ad0zu1hpqauu4rsdf4e.cx.internal.cloudapp.net:1202 after 1 failover attempts. Trying to failover after sleeping for 4000ms. Current retry count: 1.
2023-08-23 22:10:09,753 [om1@group-C5BA1605619E-FollowerState] INFO  impl.FollowerState (FollowerState.java:run(143)) - om1@group-C5BA1605619E-FollowerState: change to CANDIDATE, lastRpcElapsedTime:5191551092ns, electionTimeout:5191ms
2023-08-23 22:10:09,753 [om1@group-C5BA1605619E-FollowerState] INFO  impl.RoleInfo (RoleInfo.java:shutdownFollowerState(110)) - om1: shutdown om1@group-C5BA1605619E-FollowerState
2023-08-23 22:10:09,753 [om1@group-C5BA1605619E-FollowerState] INFO  server.RaftServer$Division (RaftServerImpl.java:setRole(329)) - om1@group-C5BA1605619E: changes role from  FOLLOWER to CANDIDATE at term 0 for changeToCandidate
2023-08-23 22:10:09,753 [om1@group-C5BA1605619E-FollowerState] INFO  server.RaftServerConfigKeys (ConfUtils.java:logGet(46)) - raft.server.leaderelection.pre-vote = true (default)
2023-08-23 22:10:09,753 [om1@group-C5BA1605619E-FollowerState] INFO  impl.RoleInfo (RoleInfo.java:updateAndGet(139)) - om1: start om1@group-C5BA1605619E-LeaderElection2
2023-08-23 22:10:09,755 [om1@group-C5BA1605619E-LeaderElection2] INFO  impl.LeaderElection (LeaderElection.java:askForVotes(321)) - om1@group-C5BA1605619E-LeaderElection2 PRE_VOTE round 0: submit vote requests at term 0 for -1: peers:[om1|rpc:fv-az621-511.fpnbra3ad0zu1hpqauu4rsdf4e.cx.internal.cloudapp.net:9872|priority:0|startupRole:FOLLOWER]|listeners:[], old=null
2023-08-23 22:10:09,755 [om1@group-C5BA1605619E-LeaderElection2] INFO  impl.LeaderElection (LeaderElection.java:askForVotes(323)) - om1@group-C5BA1605619E-LeaderElection2 PRE_VOTE round 0: result PASSED (term=0)
2023-08-23 22:10:09,756 [om1@group-C5BA1605619E-LeaderElection2] INFO  impl.LeaderElection (LeaderElection.java:askForVotes(321)) - om1@group-C5BA1605619E-LeaderElection2 ELECTION round 0: submit vote requests at term 1 for -1: peers:[om1|rpc:fv-az621-511.fpnbra3ad0zu1hpqauu4rsdf4e.cx.internal.cloudapp.net:9872|priority:0|startupRole:FOLLOWER]|listeners:[], old=null
2023-08-23 22:10:09,756 [om1@group-C5BA1605619E-LeaderElection2] INFO  impl.LeaderElection (LeaderElection.java:askForVotes(323)) - om1@group-C5BA1605619E-LeaderElection2 ELECTION round 0: result PASSED (term=1)
2023-08-23 22:10:09,756 [om1@group-C5BA1605619E-LeaderElection2] INFO  impl.RoleInfo (RoleInfo.java:shutdownLeaderElection(130)) - om1: shutdown om1@group-C5BA1605619E-LeaderElection2
2023-08-23 22:10:09,756 [om1@group-C5BA1605619E-LeaderElection2] INFO  server.RaftServer$Division (RaftServerImpl.java:setRole(329)) - om1@group-C5BA1605619E: changes role from CANDIDATE to LEADER at term 1 for changeToLeader
2023-08-23 22:10:09,757 [om1@group-C5BA1605619E-LeaderElection2] INFO  server.RaftServer$Division (ServerState.java:setLeader(317)) - om1@group-C5BA1605619E: change Leader from null to om1 at term 1 for becomeLeader, leader elected after 6172ms
2023-08-23 22:10:09,757 [om1@group-C5BA1605619E-LeaderElection2] INFO  server.RaftServerConfigKeys (ConfUtils.java:logGet(46)) - raft.server.staging.catchup.gap = 1000 (default)
2023-08-23 22:10:09,757 [om1@group-C5BA1605619E-LeaderElection2] INFO  server.RaftServerConfigKeys (ConfUtils.java:logGet(46)) - raft.server.write.element-limit = 4096 (default)
2023-08-23 22:10:09,757 [om1@group-C5BA1605619E-LeaderElection2] INFO  server.RaftServerConfigKeys (ConfUtils.java:logGet(46)) - raft.server.write.byte-limit = 64MB (=67108864) (default)
2023-08-23 22:10:09,757 [om1@group-C5BA1605619E-LeaderElection2] INFO  server.RaftServerConfigKeys (ConfUtils.java:logGet(46)) - raft.server.watch.timeout = 10s (default)
2023-08-23 22:10:09,757 [om1@group-C5BA1605619E-LeaderElection2] INFO  server.RaftServerConfigKeys (ConfUtils.java:logGet(46)) - raft.server.watch.timeout.denomination = 1s (default)
2023-08-23 22:10:09,757 [om1@group-C5BA1605619E-LeaderElection2] INFO  server.RaftServerConfigKeys (ConfUtils.java:logGet(46)) - raft.server.watch.element-limit = 65536 (default)
2023-08-23 22:10:09,758 [om1@group-C5BA1605619E-LeaderElection2] INFO  server.RaftServerConfigKeys (ConfUtils.java:logGet(46)) - raft.server.write.element-limit = 4096 (default)
2023-08-23 22:10:09,758 [om1@group-C5BA1605619E-LeaderElection2] INFO  server.RaftServerConfigKeys (ConfUtils.java:logGet(46)) - raft.server.write.follower.gap.ratio.max = -1.0 (default)
2023-08-23 22:10:09,758 [om1@group-C5BA1605619E-LeaderElection2] INFO  impl.RoleInfo (RoleInfo.java:updateAndGet(139)) - om1: start om1@group-C5BA1605619E-LeaderStateImpl
2023-08-23 22:10:09,758 [om1@group-C5BA1605619E-LeaderElection2] INFO  segmented.SegmentedRaftLogWorker (SegmentedRaftLogWorker.java:startLogSegment(447)) - om1@group-C5BA1605619E-SegmentedRaftLogWorker: Starting segment from index:0
2023-08-23 22:10:09,763 [om1@group-C5BA1605619E-LeaderElection2] INFO  server.RaftServer$Division (ServerState.java:setRaftConf(434)) - om1@group-C5BA1605619E: set configuration 0: peers:[om1|rpc:fv-az621-511.fpnbra3ad0zu1hpqauu4rsdf4e.cx.internal.cloudapp.net:9872|admin:|client:|dataStream:|priority:0|startupRole:FOLLOWER]|listeners:[], old=null
2023-08-23 22:10:09,766 [om1@group-C5BA1605619E-SegmentedRaftLogWorker] INFO  segmented.SegmentedRaftLogWorker (SegmentedRaftLogWorker.java:execute(651)) - om1@group-C5BA1605619E-SegmentedRaftLogWorker: created new log segment /tmp/junit2867952370443596085/junit6668278853723279233/scm-meta/ratis/bf265839-605b-3f16-9796-c5ba1605619e/current/log_inprogress_0
2023-08-23 22:10:09,768 [om1@group-C5BA1605619E-StateMachineUpdater] INFO  ratis.OzoneManagerStateMachine (OzoneManagerStateMachine.java:notifyConfigurationChanged(202)) - Received Configuration change notification from Ratis. New Peer list:
[id: "om1"
address: "fv-az621-511.fpnbra3ad0zu1hpqauu4rsdf4e.cx.internal.cloudapp.net:9872"
startupRole: FOLLOWER
]
2023-08-23 22:10:10,682 [OM StateMachine ApplyTransaction Thread - 0] INFO  volume.OMVolumeCreateRequest (OMVolumeCreateRequest.java:validateAndUpdateCache(196)) - created volume:vol1 for user:owner1
2023-08-23 22:10:10,702 [Time-limited test] WARN  ipc.Client (Client.java:run(733)) - Exception encountered while connecting to the server fv-az621-511.fpnbra3ad0zu1hpqauu4rsdf4e.cx.internal.cloudapp.net/10.1.0.14:1202
org.apache.hadoop.security.AccessControlException: Client cannot authenticate via:[TOKEN, KERBEROS]
	at org.apache.hadoop.security.SaslRpcClient.selectSaslClient(SaslRpcClient.java:179)
	at org.apache.hadoop.security.SaslRpcClient.saslConnect(SaslRpcClient.java:392)
	at org.apache.hadoop.ipc.Client$Connection.setupSaslConnection(Client.java:561)
	at org.apache.hadoop.ipc.Client$Connection.access$2100(Client.java:347)
	at org.apache.hadoop.ipc.Client$Connection$2.run(Client.java:783)
	at org.apache.hadoop.ipc.Client$Connection$2.run(Client.java:779)
	at java.security.AccessController.doPrivileged(Native Method)
	at javax.security.auth.Subject.doAs(Subject.java:422)
	at org.apache.hadoop.security.UserGroupInformation.doAs(UserGroupInformation.java:1899)
	at org.apache.hadoop.ipc.Client$Connection.setupIOstreams(Client.java:779)
	at org.apache.hadoop.ipc.Client$Connection.access$3800(Client.java:347)
	at org.apache.hadoop.ipc.Client.getConnection(Client.java:1632)
	at org.apache.hadoop.ipc.Client.call(Client.java:1457)
	at org.apache.hadoop.ipc.Client.call(Client.java:1410)
	at org.apache.hadoop.ipc.ProtobufRpcEngine$Invoker.invoke(ProtobufRpcEngine.java:250)
	at org.apache.hadoop.ipc.ProtobufRpcEngine$Invoker.invoke(ProtobufRpcEngine.java:132)
	at com.sun.proxy.$Proxy53.submitRequest(Unknown Source)
	at sun.reflect.GeneratedMethodAccessor22.invoke(Unknown Source)
	at sun.reflect.DelegatingMethodAccessorImpl.invoke(DelegatingMethodAccessorImpl.java:43)
	at java.lang.reflect.Method.invoke(Method.java:498)
	at org.apache.hadoop.io.retry.RetryInvocationHandler.invokeMethod(RetryInvocationHandler.java:433)
	at org.apache.hadoop.io.retry.RetryInvocationHandler$Call.invokeMethod(RetryInvocationHandler.java:166)
	at org.apache.hadoop.io.retry.RetryInvocationHandler$Call.invoke(RetryInvocationHandler.java:158)
	at org.apache.hadoop.io.retry.RetryInvocationHandler$Call.invokeOnce(RetryInvocationHandler.java:96)
	at org.apache.hadoop.io.retry.RetryInvocationHandler.invoke(RetryInvocationHandler.java:362)
	at com.sun.proxy.$Proxy53.submitRequest(Unknown Source)
	at org.apache.hadoop.ozone.om.protocolPB.Hadoop3OmTransport.submitRequest(Hadoop3OmTransport.java:80)
	at org.apache.hadoop.ozone.om.protocolPB.OzoneManagerProtocolClientSideTranslatorPB.submitRequest(OzoneManagerProtocolClientSideTranslatorPB.java:321)
	at org.apache.hadoop.ozone.om.protocolPB.OzoneManagerProtocolClientSideTranslatorPB.listVolume(OzoneManagerProtocolClientSideTranslatorPB.java:527)
	at org.apache.hadoop.ozone.om.protocolPB.OzoneManagerProtocolClientSideTranslatorPB.listAllVolumes(OzoneManagerProtocolClientSideTranslatorPB.java:516)
	at org.apache.hadoop.ozone.TestSecureOzoneCluster.lambda$testAccessControlExceptionOnClient$5(TestSecureOzoneCluster.java:599)
	at org.junit.Assert.assertThrows(Assert.java:1001)
	at org.junit.Assert.assertThrows(Assert.java:981)
	at org.apache.hadoop.ozone.TestSecureOzoneCluster.testAccessControlExceptionOnClient(TestSecureOzoneCluster.java:598)
	at sun.reflect.NativeMethodAccessorImpl.invoke0(Native Method)
	at sun.reflect.NativeMethodAccessorImpl.invoke(NativeMethodAccessorImpl.java:62)
	at sun.reflect.DelegatingMethodAccessorImpl.invoke(DelegatingMethodAccessorImpl.java:43)
	at java.lang.reflect.Method.invoke(Method.java:498)
	at org.junit.runners.model.FrameworkMethod$1.runReflectiveCall(FrameworkMethod.java:59)
	at org.junit.internal.runners.model.ReflectiveCallable.run(ReflectiveCallable.java:12)
	at org.junit.runners.model.FrameworkMethod.invokeExplosively(FrameworkMethod.java:56)
	at org.junit.internal.runners.statements.InvokeMethod.evaluate(InvokeMethod.java:17)
	at org.junit.internal.runners.statements.RunBefores.evaluate(RunBefores.java:26)
	at org.junit.internal.runners.statements.RunAfters.evaluate(RunAfters.java:27)
	at org.junit.rules.ExternalResource$1.evaluate(ExternalResource.java:54)
	at org.junit.internal.runners.statements.FailOnTimeout$CallableStatement.call(FailOnTimeout.java:288)
	at org.junit.internal.runners.statements.FailOnTimeout$CallableStatement.call(FailOnTimeout.java:282)
	at java.util.concurrent.FutureTask.run(FutureTask.java:266)
	at java.lang.Thread.run(Thread.java:750)
2023-08-23 22:10:10,704 [Time-limited test] INFO  impl.DefaultInternalKdcServerImpl (DefaultInternalKdcServerImpl.java:doStop(102)) - Default Internal kdc server stopped.
2023-08-23 22:10:11,704 [Time-limited test] INFO  minikdc.MiniKdc (MiniKdc.java:stop(359)) - MiniKdc stopped.
2023-08-23 22:10:11,704 [Time-limited test] INFO  server.StorageContainerManager (StorageContainerManager.java:stop(1591)) - Container Balancer is not running.
2023-08-23 22:10:11,704 [Time-limited test] INFO  server.StorageContainerManager (StorageContainerManager.java:stopReplicationManager(1724)) - Stopping Replication Manager Service.
2023-08-23 22:10:11,704 [Time-limited test] INFO  replication.ReplicationManager (ReplicationManager.java:stop(319)) - Stopping Replication Monitor Thread.
2023-08-23 22:10:11,704 [Time-limited test] INFO  server.StorageContainerManager (StorageContainerManager.java:stop(1600)) - Stopping the Datanode Admin Monitor.
2023-08-23 22:10:11,704 [Under Replicated Processor] WARN  replication.UnhealthyReplicationProcessor (UnhealthyReplicationProcessor.java:run(180)) - Under Replicated Processor interrupted. Exiting...
2023-08-23 22:10:11,704 [ReplicationMonitor] INFO  replication.ReplicationManager (ReplicationManager.java:run(917)) - Replication Monitor Thread is stopped
2023-08-23 22:10:11,705 [Over Replicated Processor] WARN  replication.UnhealthyReplicationProcessor (UnhealthyReplicationProcessor.java:run(180)) - Over Replicated Processor interrupted. Exiting...
2023-08-23 22:10:11,704 [Time-limited test] INFO  server.StorageContainerManager (StorageContainerManager.java:stop(1607)) - Stopping datanode service RPC server
2023-08-23 22:10:11,705 [Time-limited test] INFO  server.SCMDatanodeProtocolServer (SCMDatanodeProtocolServer.java:stop(424)) - Stopping the RPC server for DataNodes
2023-08-23 22:10:11,705 [Time-limited test] INFO  ipc.Server (Server.java:stop(3523)) - Stopping server on 9861
2023-08-23 22:10:12,247 [SCM Heartbeat Processing Thread - 0] WARN  node.NodeStateManager (NodeStateManager.java:scheduleNextHealthCheck(874)) - Current Thread is interrupted, shutting down HB processing thread for Node Manager.
2023-08-23 22:10:12,248 [Time-limited test] INFO  server.StorageContainerManager (StorageContainerManager.java:stop(1615)) - Stopping block service RPC server
2023-08-23 22:10:12,248 [Time-limited test] INFO  server.SCMBlockProtocolServer (SCMBlockProtocolServer.java:stop(161)) - Stopping the RPC server for Block Protocol
2023-08-23 22:10:12,248 [Time-limited test] INFO  ipc.Server (Server.java:stop(3523)) - Stopping server on 9863
2023-08-23 22:10:12,248 [Time-limited test] INFO  server.StorageContainerManager (StorageContainerManager.java:stop(1622)) - Stopping the StorageContainerLocationProtocol RPC server
2023-08-23 22:10:12,248 [Time-limited test] INFO  server.SCMClientProtocolServer (SCMClientProtocolServer.java:stop(210)) - Stopping the RPC server for Client Protocol
2023-08-23 22:10:12,248 [Time-limited test] INFO  ipc.Server (Server.java:stop(3523)) - Stopping server on 9860
2023-08-23 22:10:12,249 [Time-limited test] INFO  server.StorageContainerManager (StorageContainerManager.java:stop(1629)) - Stopping Storage Container Manager HTTP server.
2023-08-23 22:10:12,249 [Time-limited test] INFO  server.StorageContainerManager (StorageContainerManager.java:stop(1637)) - Stopping SCM LayoutVersionManager Service.
2023-08-23 22:10:12,249 [Time-limited test] INFO  server.SCMSecurityProtocolServer (SCMSecurityProtocolServer.java:stop(550)) - Stopping the SCMSecurityProtocolServer.
2023-08-23 22:10:12,249 [Time-limited test] INFO  ipc.Server (Server.java:stop(3523)) - Stopping server on 9961
2023-08-23 22:10:12,249 [Time-limited test] INFO  server.SCMUpdateServiceGrpcServer (SCMUpdateServiceGrpcServer.java:stop(73)) - SCMUpdateService stopping
2023-08-23 22:10:12,249 [Time-limited test] INFO  server.StorageContainerManager (StorageContainerManager.java:stop(1649)) - Stopping Block Manager Service.
2023-08-23 22:10:12,249 [Time-limited test] INFO  utils.BackgroundService (BackgroundService.java:shutdown(141)) - Shutting down service SCMBlockDeletingService
2023-08-23 22:10:12,249 [Time-limited test] INFO  utils.BackgroundService (BackgroundService.java:shutdown(141)) - Shutting down service SCMBlockDeletingService
2023-08-23 22:10:12,250 [Time-limited test] INFO  server.StorageContainerManager (StorageContainerManager.java:stop(1669)) - Stopping SCM Event Queue.
2023-08-23 22:10:12,250 [Time-limited test] INFO  server.StorageContainerManager (StorageContainerManager.java:stop(1680)) - Stopping SCM HA services.
2023-08-23 22:10:12,250 [Time-limited test] INFO  pipeline.BackgroundPipelineCreator (BackgroundPipelineCreator.java:stop(149)) - Stopping RatisPipelineUtilsThread.
2023-08-23 22:10:12,250 [RatisPipelineUtilsThread - 0] WARN  pipeline.BackgroundPipelineCreator (BackgroundPipelineCreator.java:run(180)) - RatisPipelineUtilsThread is interrupted.
2023-08-23 22:10:12,250 [Time-limited test] INFO  BackgroundPipelineScrubber (BackgroundSCMService.java:stop(131)) - Stopping BackgroundPipelineScrubber Service.
2023-08-23 22:10:12,250 [BackgroundPipelineScrubberThread] WARN  BackgroundPipelineScrubber (BackgroundSCMService.java:run(115)) - BackgroundPipelineScrubber is interrupted, exit
2023-08-23 22:10:12,250 [Time-limited test] WARN  pipeline.BackgroundPipelineCreator (BackgroundPipelineCreator.java:stop(145)) - RatisPipelineUtilsThread is not running, just ignore.
2023-08-23 22:10:12,250 [Time-limited test] INFO  BackgroundPipelineScrubber (BackgroundSCMService.java:stop(126)) - BackgroundPipelineScrubber Service is not running, skip stop.
2023-08-23 22:10:12,250 [Time-limited test] INFO  ExpiredContainerReplicaOpScrubber (BackgroundSCMService.java:stop(131)) - Stopping ExpiredContainerReplicaOpScrubber Service.
2023-08-23 22:10:12,250 [ExpiredContainerReplicaOpScrubberThread] WARN  ExpiredContainerReplicaOpScrubber (BackgroundSCMService.java:run(115)) - ExpiredContainerReplicaOpScrubber is interrupted, exit
2023-08-23 22:10:12,250 [Time-limited test] INFO  utils.BackgroundService (BackgroundService.java:shutdown(141)) - Shutting down service SCMBlockDeletingService
2023-08-23 22:10:12,250 [Time-limited test] INFO  replication.ReplicationManager (ReplicationManager.java:stop(329)) - Replication Monitor Thread is not running.
2023-08-23 22:10:12,251 [Time-limited test] WARN  balancer.ContainerBalancer (ContainerBalancer.java:stop(326)) - Cannot stop Container Balancer because it's not running or stopping
2023-08-23 22:10:12,251 [Time-limited test] INFO  server.StorageContainerManager (StorageContainerManager.java:stop(1715)) - Stopping SCM MetadataStore.
2023-08-23 22:10:12,252 [Time-limited test] INFO  server.SCMSecurityProtocolServer (SCMSecurityProtocolServer.java:join(560)) - Join RPC server for SCMSecurityProtocolServer.
2023-08-23 22:10:12,252 [Time-limited test] INFO  server.SCMSecurityProtocolServer (SCMSecurityProtocolServer.java:join(562)) - Join gRPC server for SCMSecurityProtocolServer.
2023-08-23 22:10:12,252 [Time-limited test] INFO  om.OzoneManager (OzoneManager.java:stop(2187)) - om1[fv-az621-511.fpnbra3ad0zu1hpqauu4rsdf4e.cx.internal.cloudapp.net:1202]: Stopping Ozone Manager
2023-08-23 22:10:12,252 [Time-limited test] INFO  ipc.Server (Server.java:stop(3523)) - Stopping server on 1202
2023-08-23 22:10:12,256 [IPC Server listener on 1202] INFO  ipc.Server (Server.java:run(1434)) - Stopping IPC Server listener on 1202
2023-08-23 22:10:12,256 [IPC Server Responder] INFO  ipc.Server (Server.java:run(1567)) - Stopping IPC Server Responder
2023-08-23 22:10:12,257 [Time-limited test] INFO  server.RaftServer (RaftServerProxy.java:lambda$close$6(416)) - om1: close
2023-08-23 22:10:12,257 [Time-limited test] INFO  server.GrpcService (GrpcService.java:closeImpl(311)) - om1: shutdown server GrpcServerProtocolService now
2023-08-23 22:10:12,257 [om1-impl-thread1] INFO  server.RaftServer$Division (RaftServerImpl.java:lambda$close$4(466)) - om1@group-C5BA1605619E: shutdown
2023-08-23 22:10:12,257 [om1-impl-thread1] INFO  util.JmxRegister (JmxRegister.java:unregister(73)) - Successfully un-registered JMX Bean with object name Ratis:service=RaftServer,group=group-C5BA1605619E,id=om1
2023-08-23 22:10:12,257 [om1-impl-thread1] INFO  impl.RoleInfo (RoleInfo.java:shutdownLeaderState(93)) - om1: shutdown om1@group-C5BA1605619E-LeaderStateImpl
2023-08-23 22:10:12,257 [om1-impl-thread1] INFO  impl.PendingRequests (PendingRequests.java:sendNotLeaderResponses(289)) - om1@group-C5BA1605619E-PendingRequests: sendNotLeaderResponses
2023-08-23 22:10:12,261 [om1-impl-thread1] INFO  impl.StateMachineUpdater (StateMachineUpdater.java:stopAndJoin(155)) - om1@group-C5BA1605619E-StateMachineUpdater: set stopIndex = 2
2023-08-23 22:10:12,261 [om1@group-C5BA1605619E-StateMachineUpdater] INFO  ratis.OzoneManagerStateMachine (OzoneManagerStateMachine.java:takeSnapshot(480)) - Current Snapshot Index (t:1, i:2)
2023-08-23 22:10:12,262 [Time-limited test] INFO  server.GrpcService (GrpcService.java:closeImpl(320)) - om1: shutdown server GrpcServerProtocolService successfully
2023-08-23 22:10:12,269 [om1@group-C5BA1605619E-StateMachineUpdater] INFO  impl.StateMachineUpdater (StateMachineUpdater.java:takeSnapshot(291)) - om1@group-C5BA1605619E-StateMachineUpdater: Took a snapshot at index 2
2023-08-23 22:10:12,269 [om1@group-C5BA1605619E-StateMachineUpdater] INFO  impl.StateMachineUpdater (StateMachineUpdater.java:lambda$new$0(97)) - om1@group-C5BA1605619E-StateMachineUpdater: snapshotIndex: updateIncreasingly -1 -> 2
2023-08-23 22:10:12,269 [om1@group-C5BA1605619E-StateMachineUpdater] INFO  ratis.OzoneManagerStateMachine (OzoneManagerStateMachine.java:close(534)) - StateMachine has shutdown. Shutdown OzoneManager if not already shutdown.
2023-08-23 22:10:12,270 [om1@group-C5BA1605619E-StateMachineUpdater] INFO  ratis.OzoneManagerDoubleBuffer (OzoneManagerDoubleBuffer.java:stopDaemon(551)) - Stopping OMDoubleBuffer flush thread
2023-08-23 22:10:12,270 [OMDoubleBufferFlushThread] INFO  ratis.OzoneManagerDoubleBuffer (OzoneManagerDoubleBuffer.java:canFlush(638)) - OMDoubleBuffer flush thread OMDoubleBufferFlushThread is interrupted and will exit.
2023-08-23 22:10:12,270 [om1-impl-thread1] INFO  server.RaftServer$Division (ServerState.java:close(472)) - om1@group-C5BA1605619E: closes. applyIndex: 2
2023-08-23 22:10:12,681 [om1-impl-thread1] INFO  segmented.SegmentedRaftLogWorker (SegmentedRaftLogWorker.java:close(252)) - om1@group-C5BA1605619E-SegmentedRaftLogWorker close()
2023-08-23 22:10:12,682 [JvmPauseMonitor5] INFO  util.JvmPauseMonitor (JvmPauseMonitor.java:run(109)) - JvmPauseMonitor-om1: Stopped
2023-08-23 22:10:12,682 [Time-limited test] INFO  ratis.OzoneManagerStateMachine (OzoneManagerStateMachine.java:close(534)) - StateMachine has shutdown. Shutdown OzoneManager if not already shutdown.
2023-08-23 22:10:12,682 [Time-limited test] INFO  ratis.OzoneManagerDoubleBuffer (OzoneManagerDoubleBuffer.java:stopDaemon(560)) - OMDoubleBuffer flush thread is not running.
2023-08-23 22:10:12,682 [Time-limited test] INFO  utils.BackgroundService (BackgroundService.java:shutdown(141)) - Shutting down service KeyDeletingService
2023-08-23 22:10:12,682 [Time-limited test] INFO  utils.BackgroundService (BackgroundService.java:shutdown(141)) - Shutting down service KeyDeletingService
2023-08-23 22:10:12,682 [Time-limited test] INFO  utils.BackgroundService (BackgroundService.java:shutdown(141)) - Shutting down service OpenKeyCleanupService
2023-08-23 22:10:12,683 [Time-limited test] INFO  utils.BackgroundService (BackgroundService.java:shutdown(141)) - Shutting down service SstFilteringService
2023-08-23 22:10:12,683 [Time-limited test] INFO  utils.BackgroundService (BackgroundService.java:shutdown(141)) - Shutting down service SnapshotDeletingService
2023-08-23 22:10:12,683 [Time-limited test] INFO  om.OzoneManager (OzoneManager.java:stopSecretManager(1063)) - Stopping secret key client.
2023-08-23 22:10:12,683 [Time-limited test] INFO  om.OzoneManager (OzoneManager.java:stopSecretManager(1068)) - Stopping OM delegation token secret manager.
2023-08-23 22:10:12,683 [Thread[Thread-1295,5,FailOnTimeoutGroup]] INFO  security.OzoneDelegationTokenSecretManager (OzoneDelegationTokenSecretManager.java:run(653)) - ExpiredTokenRemover was interrupted.
java.lang.InterruptedException: sleep interrupted
	at java.lang.Thread.sleep(Native Method)
	at org.apache.hadoop.ozone.security.OzoneDelegationTokenSecretManager$ExpiredTokenRemover.run(OzoneDelegationTokenSecretManager.java:649)
	at java.lang.Thread.run(Thread.java:750)
2023-08-23 22:10:12,684 [Time-limited test] INFO  handler.ContextHandler (ContextHandler.java:doStop(1159)) - Stopped o.e.j.w.WebAppContext@18fde200{ozoneManager,/,null,STOPPED}{file:/home/runner/work/ozone/ozone/hadoop-ozone/integration-test/target/test-classes/webapps/ozoneManager}
2023-08-23 22:10:12,687 [Time-limited test] INFO  server.AbstractConnector (AbstractConnector.java:doStop(383)) - Stopped ServerConnector@4afe8082{HTTP/1.1, (http/1.1)}{0.0.0.0:9874}
2023-08-23 22:10:12,687 [Time-limited test] INFO  server.session (HouseKeeper.java:stopScavenging(149)) - node0 Stopped scavenging
2023-08-23 22:10:12,687 [Time-limited test] INFO  handler.ContextHandler (ContextHandler.java:doStop(1159)) - Stopped o.e.j.s.ServletContextHandler@2c0240d9{static,/static,file:///home/runner/work/ozone/ozone/hadoop-ozone/integration-test/target/test-classes/webapps/static,STOPPED}
2023-08-23 22:10:12,687 [Time-limited test] INFO  handler.ContextHandler (ContextHandler.java:doStop(1159)) - Stopped o.e.j.s.ServletContextHandler@6ad25c9e{logs,/logs,file:///home/runner/work/ozone/ozone/hadoop-ozone/integration-test/target/log,STOPPED}
2023-08-23 22:10:12,688 [Time-limited test] INFO  rocksdiff.RocksDBCheckpointDiffer (RocksDBCheckpointDiffer.java:close(340)) - Shutting down CompactionDagPruningService.
2023-08-23 22:10:12,689 [Time-limited test] INFO  snapshot.SnapshotDiffManager (SnapshotDiffManager.java:closeExecutorService(1720)) - Shutting down executorService: 'SnapDiffExecutor'
2023-08-23 22:10:12,689 [Time-limited test] INFO  snapshot.SnapshotDiffManager (SnapshotDiffManager.java:closeExecutorService(1720)) - Shutting down executorService: 'SstDumpToolExecutor'
2023-08-23 22:10:12,690 [Time-limited test] INFO  utils.BackgroundService (BackgroundService.java:shutdown(141)) - Shutting down service SnapshotDiffCleanupService
]]></system-out>
  </testcase>
  <testcase name="testDelegationTokenRenewCrossCertificateRenew" classname="org.apache.hadoop.ozone.TestSecureOzoneCluster" time="18.656">
    <failure type="org.junit.ComparisonFailure"><![CDATA[org.junit.ComparisonFailure: expected:<1[500483408914]> but was:<1[485393187287]>
	at org.junit.Assert.assertEquals(Assert.java:117)
	at org.junit.Assert.assertEquals(Assert.java:146)
	at org.apache.hadoop.ozone.TestSecureOzoneCluster.testDelegationTokenRenewCrossCertificateRenew(TestSecureOzoneCluster.java:1210)
	at sun.reflect.NativeMethodAccessorImpl.invoke0(Native Method)
	at sun.reflect.NativeMethodAccessorImpl.invoke(NativeMethodAccessorImpl.java:62)
	at sun.reflect.DelegatingMethodAccessorImpl.invoke(DelegatingMethodAccessorImpl.java:43)
	at java.lang.reflect.Method.invoke(Method.java:498)
	at org.junit.runners.model.FrameworkMethod$1.runReflectiveCall(FrameworkMethod.java:59)
	at org.junit.internal.runners.model.ReflectiveCallable.run(ReflectiveCallable.java:12)
	at org.junit.runners.model.FrameworkMethod.invokeExplosively(FrameworkMethod.java:56)
	at org.junit.internal.runners.statements.InvokeMethod.evaluate(InvokeMethod.java:17)
	at org.junit.internal.runners.statements.RunBefores.evaluate(RunBefores.java:26)
	at org.junit.internal.runners.statements.RunAfters.evaluate(RunAfters.java:27)
	at org.junit.rules.ExternalResource$1.evaluate(ExternalResource.java:54)
	at org.junit.internal.runners.statements.FailOnTimeout$CallableStatement.call(FailOnTimeout.java:288)
	at org.junit.internal.runners.statements.FailOnTimeout$CallableStatement.call(FailOnTimeout.java:282)
	at java.util.concurrent.FutureTask.run(FutureTask.java:266)
	at java.lang.Thread.run(Thread.java:750)
]]></failure>
    <system-out><![CDATA[2023-08-23 22:10:12,720 [Time-limited test] INFO  net.ServerSocketUtil (ServerSocketUtil.java:getPort(55)) - Using port 9860
2023-08-23 22:10:12,721 [Time-limited test] INFO  net.ServerSocketUtil (ServerSocketUtil.java:getPort(55)) - Using port 9861
2023-08-23 22:10:12,721 [Time-limited test] INFO  net.ServerSocketUtil (ServerSocketUtil.java:getPort(55)) - Using port 9863
2023-08-23 22:10:12,721 [Time-limited test] INFO  net.ServerSocketUtil (ServerSocketUtil.java:getPort(55)) - Using port 9961
2023-08-23 22:10:12,721 [Time-limited test] INFO  net.ServerSocketUtil (ServerSocketUtil.java:getPort(55)) - Using port 1200
2023-08-23 22:10:12,721 [Time-limited test] INFO  net.ServerSocketUtil (ServerSocketUtil.java:getPort(55)) - Using port 1201
2023-08-23 22:10:12,721 [Time-limited test] INFO  minikdc.MiniKdc (MiniKdc.java:<init>(225)) - Configuration:
2023-08-23 22:10:12,721 [Time-limited test] INFO  minikdc.MiniKdc (MiniKdc.java:<init>(226)) - ---------------------------------------------------------------
2023-08-23 22:10:12,721 [Time-limited test] INFO  minikdc.MiniKdc (MiniKdc.java:<init>(228)) -   debug: false
2023-08-23 22:10:12,721 [Time-limited test] INFO  minikdc.MiniKdc (MiniKdc.java:<init>(228)) -   transport: TCP
2023-08-23 22:10:12,721 [Time-limited test] INFO  minikdc.MiniKdc (MiniKdc.java:<init>(228)) -   max.ticket.lifetime: 86400000
2023-08-23 22:10:12,721 [Time-limited test] INFO  minikdc.MiniKdc (MiniKdc.java:<init>(228)) -   org.name: EXAMPLE
2023-08-23 22:10:12,723 [Time-limited test] INFO  minikdc.MiniKdc (MiniKdc.java:<init>(228)) -   kdc.port: 0
2023-08-23 22:10:12,723 [Time-limited test] INFO  minikdc.MiniKdc (MiniKdc.java:<init>(228)) -   org.domain: COM
2023-08-23 22:10:12,724 [Time-limited test] INFO  minikdc.MiniKdc (MiniKdc.java:<init>(228)) -   max.renewable.lifetime: 604800000
2023-08-23 22:10:12,724 [Time-limited test] INFO  minikdc.MiniKdc (MiniKdc.java:<init>(228)) -   instance: DefaultKrbServer
2023-08-23 22:10:12,724 [Time-limited test] INFO  minikdc.MiniKdc (MiniKdc.java:<init>(228)) -   kdc.bind.address: localhost
2023-08-23 22:10:12,724 [Time-limited test] INFO  minikdc.MiniKdc (MiniKdc.java:<init>(230)) - ---------------------------------------------------------------
2023-08-23 22:10:12,726 [Time-limited test] INFO  minikdc.MiniKdc (MiniKdc.java:start(285)) - MiniKdc started.
2023-08-23 22:10:13,178 [Time-limited test] INFO  om.OzoneManager (OzoneManager.java:getOmDetailsProto(4552)) - OzoneManager ports added:[name: "RPC"
value: 1202
]
2023-08-23 22:10:13,179 [Time-limited test] WARN  server.ServerUtils (ServerUtils.java:getDBPath(311)) - ozone.om.db.dirs is not configured. We recommend adding this setting. Falling back to ozone.metadata.dirs instead.
2023-08-23 22:10:13,181 [Time-limited test] INFO  ha.OMHANodeDetails (OMHANodeDetails.java:loadOMHAConfig(115)) - ozone.om.internal.service.id is not defined, falling back to ozone.om.service.ids to find serviceID for OzoneManager if it is HA enabled cluster
2023-08-23 22:10:13,181 [Time-limited test] INFO  ha.OMHANodeDetails (OMHANodeDetails.java:loadOMHAConfig(226)) - Configuration does not have ozone.om.address set. Falling back to the default OM address fv-az621-511.fpnbra3ad0zu1hpqauu4rsdf4e.cx.internal.cloudapp.net/10.1.0.14:1202
2023-08-23 22:10:13,181 [Time-limited test] INFO  ha.OMHANodeDetails (OMHANodeDetails.java:getOMNodeDetailsForNonHA(254)) - OM Service ID is not set. Setting it to the default ID: omServiceIdDefault
2023-08-23 22:10:13,181 [Time-limited test] INFO  ha.OMHANodeDetails (OMHANodeDetails.java:getOMNodeDetailsForNonHA(261)) - OM Node ID is not set. Setting it to the default ID: om1
2023-08-23 22:10:13,181 [Time-limited test] WARN  server.ServerUtils (ServerUtils.java:getDBPath(311)) - ozone.om.db.dirs is not configured. We recommend adding this setting. Falling back to ozone.metadata.dirs instead.
2023-08-23 22:10:13,182 [Time-limited test] INFO  upgrade.AbstractLayoutVersionManager (AbstractLayoutVersionManager.java:init(83)) - Initializing Layout version manager with metadata layout = QUOTA (version = 6), software layout = QUOTA (version = 6)
2023-08-23 22:10:13,251 [Time-limited test] INFO  reflections.Reflections (Reflections.java:scan(232)) - Reflections took 68 ms to scan 2 urls, producing 188 keys and 512 values [using 2 cores]
2023-08-23 22:10:13,252 [Time-limited test] INFO  upgrade.OMLayoutVersionManager (OMLayoutVersionManager.java:lambda$0(115)) - Skipping Upgrade Action MockOmUpgradeAction since it has been finalized.
2023-08-23 22:10:13,252 [Time-limited test] INFO  upgrade.OMLayoutVersionManager (OMLayoutVersionManager.java:lambda$0(115)) - Skipping Upgrade Action QuotaRepairUpgradeAction since it has been finalized.
2023-08-23 22:10:13,254 [pool-390-thread-1] INFO  request.KdcRequest (KdcRequest.java:preauth(651)) - The preauth data is empty.
2023-08-23 22:10:13,254 [pool-390-thread-1] INFO  server.KdcHandler (KdcHandler.java:handleRecoverableException(177)) - KRB error occurred while processing request:Additional pre-authentication required
2023-08-23 22:10:13,257 [pool-390-thread-2] INFO  request.AsRequest (AsRequest.java:issueTicket(112)) - AS_REQ ISSUE: authtime 1692828613257,om/fv-az621-511.fpnbra3ad0zu1hpqauu4rsdf4e.cx.internal.cloudapp.net@EXAMPLE.COM for krbtgt/EXAMPLE.COM@EXAMPLE.COM
2023-08-23 22:10:13,258 [Time-limited test] INFO  security.UserGroupInformation (UserGroupInformation.java:loginUserFromKeytab(1132)) - Login successful for user om/fv-az621-511.fpnbra3ad0zu1hpqauu4rsdf4e.cx.internal.cloudapp.net@EXAMPLE.COM using keytab file om.keytab. Keytab auto renewal enabled : false
2023-08-23 22:10:13,258 [Time-limited test] INFO  om.OzoneManager (OzoneManager.java:loginOMUser(1161)) - Ozone Manager login successful.
2023-08-23 22:10:13,258 [Time-limited test] WARN  server.ServerUtils (ServerUtils.java:getDBPath(311)) - ozone.om.db.dirs is not configured. We recommend adding this setting. Falling back to ozone.metadata.dirs instead.
2023-08-23 22:10:13,259 [Time-limited test] INFO  proxy.SCMBlockLocationFailoverProxyProvider (SCMBlockLocationFailoverProxyProvider.java:<init>(114)) - Created block location fail-over proxy with 1 nodes: [nodeId=scmNodeId,nodeAddress=localhost/127.0.0.1:9863]
2023-08-23 22:10:13,260 [Time-limited test] INFO  om.OzoneManager (OzoneManager.java:getOmDetailsProto(4552)) - OzoneManager ports added:[name: "RPC"
value: 1202
]
2023-08-23 22:10:13,261 [Time-limited test] INFO  security.OMCertificateClient (DefaultCertificateClient.java:updateCertSerialId(1244)) - Certificate serial ID set to 9879877970576
2023-08-23 22:10:13,261 [Time-limited test] WARN  security.OMCertificateClient (DefaultCertificateClient.java:loadAllCertificates(173)) - Certificates could not be loaded.
java.nio.file.NoSuchFileException: /tmp/junit5991889454203888074/junit2810388331867854122/om-meta/om/certs
	at sun.nio.fs.UnixException.translateToIOException(UnixException.java:86)
	at sun.nio.fs.UnixException.rethrowAsIOException(UnixException.java:102)
	at sun.nio.fs.UnixException.rethrowAsIOException(UnixException.java:107)
	at sun.nio.fs.UnixFileSystemProvider.newDirectoryStream(UnixFileSystemProvider.java:427)
	at java.nio.file.Files.newDirectoryStream(Files.java:457)
	at java.nio.file.Files.list(Files.java:3451)
	at org.apache.hadoop.hdds.security.x509.certificate.client.DefaultCertificateClient.loadAllCertificates(DefaultCertificateClient.java:168)
	at org.apache.hadoop.hdds.security.x509.certificate.client.DefaultCertificateClient.updateCertSerialId(DefaultCertificateClient.java:1245)
	at org.apache.hadoop.hdds.security.x509.certificate.client.DefaultCertificateClient.<init>(DefaultCertificateClient.java:157)
	at org.apache.hadoop.hdds.security.x509.certificate.client.CommonCertificateClient.<init>(CommonCertificateClient.java:49)
	at org.apache.hadoop.ozone.security.OMCertificateClient.<init>(OMCertificateClient.java:68)
	at org.apache.hadoop.ozone.om.OzoneManager.<init>(OzoneManager.java:640)
	at org.apache.hadoop.ozone.om.OzoneManager.createOm(OzoneManager.java:754)
	at org.apache.hadoop.ozone.TestSecureOzoneCluster.setupOm(TestSecureOzoneCluster.java:701)
	at org.apache.hadoop.ozone.TestSecureOzoneCluster.testDelegationTokenRenewCrossCertificateRenew(TestSecureOzoneCluster.java:1158)
	at sun.reflect.NativeMethodAccessorImpl.invoke0(Native Method)
	at sun.reflect.NativeMethodAccessorImpl.invoke(NativeMethodAccessorImpl.java:62)
	at sun.reflect.DelegatingMethodAccessorImpl.invoke(DelegatingMethodAccessorImpl.java:43)
	at java.lang.reflect.Method.invoke(Method.java:498)
	at org.junit.runners.model.FrameworkMethod$1.runReflectiveCall(FrameworkMethod.java:59)
	at org.junit.internal.runners.model.ReflectiveCallable.run(ReflectiveCallable.java:12)
	at org.junit.runners.model.FrameworkMethod.invokeExplosively(FrameworkMethod.java:56)
	at org.junit.internal.runners.statements.InvokeMethod.evaluate(InvokeMethod.java:17)
	at org.junit.internal.runners.statements.RunBefores.evaluate(RunBefores.java:26)
	at org.junit.internal.runners.statements.RunAfters.evaluate(RunAfters.java:27)
	at org.junit.rules.ExternalResource$1.evaluate(ExternalResource.java:54)
	at org.junit.internal.runners.statements.FailOnTimeout$CallableStatement.call(FailOnTimeout.java:288)
	at org.junit.internal.runners.statements.FailOnTimeout$CallableStatement.call(FailOnTimeout.java:282)
	at java.util.concurrent.FutureTask.run(FutureTask.java:266)
	at java.lang.Thread.run(Thread.java:750)
2023-08-23 22:10:13,263 [Time-limited test] INFO  om.OzoneManager (OzoneManager.java:<init>(662)) - OM start with adminUsers: [om/fv-az621-511.fpnbra3ad0zu1hpqauu4rsdf4e.cx.internal.cloudapp.net@EXAMPLE.COM, om]
2023-08-23 22:10:13,263 [Time-limited test] WARN  server.ServerUtils (ServerUtils.java:getDBPath(311)) - ozone.om.db.dirs is not configured. We recommend adding this setting. Falling back to ozone.metadata.dirs instead.
2023-08-23 22:10:13,264 [Time-limited test] INFO  helpers.OmKeyInfo (OmKeyInfo.java:getCodec(71)) - OmKeyInfo.getCodec ignorePipeline = true
2023-08-23 22:10:13,431 [Time-limited test] INFO  om.OzoneManager (OzoneManager.java:instantiateServices(791)) - S3 Multi-Tenancy is disabled
2023-08-23 22:10:13,431 [Time-limited test] INFO  security.OzoneSecretStore (OzoneSecretStore.java:loadState(69)) - Loaded 0 tokens
2023-08-23 22:10:13,431 [Time-limited test] INFO  security.OzoneDelegationTokenSecretManager (OzoneDelegationTokenSecretManager.java:loadTokenSecretState(530)) - Loading token state into token manager.
2023-08-23 22:10:13,431 [Time-limited test] INFO  om.OmSnapshotManager (OmSnapshotManager.java:<init>(175)) - Ozone filesystem snapshot feature is enabled.
2023-08-23 22:10:13,432 [Time-limited test] WARN  server.ServerUtils (ServerUtils.java:getDBPath(311)) - ozone.om.snapshot.diff.db.dir is not configured. We recommend adding this setting. Falling back to ozone.metadata.dirs instead.
2023-08-23 22:10:13,450 [Time-limited test] INFO  snapshot.SnapshotDiffManager (SnapshotDiffManager.java:closeExecutorService(1720)) - Shutting down executorService: 'SstDumpToolExecutor'
2023-08-23 22:10:13,452 [Time-limited test] INFO  om.OzoneManager (OzoneManager.java:addS3GVolumeToDB(4284)) - Created Volume s3v With Owner om required for S3Gateway operations.
2023-08-23 22:10:13,452 [Time-limited test] WARN  server.ServerUtils (ServerUtils.java:getDefaultRatisDirectory(323)) - Storage directory for Ratis is not configured. It is a good idea to map this to an SSD disk. Falling back to ozone.metadata.dirs
2023-08-23 22:10:13,452 [Time-limited test] WARN  utils.OzoneManagerRatisUtils (OzoneManagerRatisUtils.java:getOMRatisSnapshotDirectory(461)) - ozone.om.ratis.snapshot.dir is not configured. Falling back to ozone.metadata.dirs config
2023-08-23 22:10:13,453 [Time-limited test] WARN  server.ServerUtils (ServerUtils.java:getDefaultRatisDirectory(323)) - Storage directory for Ratis is not configured. It is a good idea to map this to an SSD disk. Falling back to ozone.metadata.dirs
2023-08-23 22:10:13,454 [Time-limited test] INFO  ratis.OzoneManagerRatisServer (OzoneManagerRatisServer.java:<init>(163)) - Instantiating OM Ratis server with groupID: omServiceIdDefault and peers: fv-az621-511.fpnbra3ad0zu1hpqauu4rsdf4e.cx.internal.cloudapp.net:9872
2023-08-23 22:10:13,454 [Time-limited test] INFO  ratis.OzoneManagerStateMachine (OzoneManagerStateMachine.java:loadSnapshotInfoFromDB(687)) - LastAppliedIndex is set from TransactionInfo from OM DB as (t:0, i:~)
2023-08-23 22:10:13,454 [Time-limited test] INFO  server.RaftServer (ConfUtils.java:logGet(46)) - raft.rpc.type = GRPC (default)
2023-08-23 22:10:13,454 [Time-limited test] INFO  grpc.GrpcConfigKeys (ConfUtils.java:logFallback(53)) - raft.grpc.admin.host = null (fallback to raft.grpc.server.host)
2023-08-23 22:10:13,455 [Time-limited test] INFO  grpc.GrpcConfigKeys (ConfUtils.java:logFallback(53)) - raft.grpc.admin.port = 9872 (fallback to raft.grpc.server.port)
2023-08-23 22:10:13,455 [Time-limited test] INFO  grpc.GrpcConfigKeys (ConfUtils.java:logFallback(53)) - raft.grpc.client.host = null (fallback to raft.grpc.server.host)
2023-08-23 22:10:13,455 [Time-limited test] INFO  grpc.GrpcConfigKeys (ConfUtils.java:logFallback(53)) - raft.grpc.client.port = 9872 (fallback to raft.grpc.server.port)
2023-08-23 22:10:13,455 [Time-limited test] INFO  grpc.GrpcConfigKeys (ConfUtils.java:logGet(46)) - raft.grpc.server.host = null (default)
2023-08-23 22:10:13,455 [Time-limited test] INFO  grpc.GrpcConfigKeys (ConfUtils.java:logGet(46)) - raft.grpc.server.port = 9872 (custom)
2023-08-23 22:10:13,455 [Time-limited test] INFO  server.GrpcService (ConfUtils.java:logGet(46)) - raft.grpc.message.size.max = 33554432 (custom)
2023-08-23 22:10:13,455 [Time-limited test] INFO  server.RaftServerConfigKeys (ConfUtils.java:logGet(46)) - raft.server.log.appender.buffer.byte-limit = 33554432 (custom)
2023-08-23 22:10:13,455 [Time-limited test] INFO  server.GrpcService (ConfUtils.java:logGet(46)) - raft.grpc.flow.control.window = 1MB (=1048576) (default)
2023-08-23 22:10:13,455 [Time-limited test] INFO  server.RaftServerConfigKeys (ConfUtils.java:logGet(46)) - raft.server.rpc.request.timeout = 3000ms (default)
2023-08-23 22:10:13,455 [Time-limited test] INFO  grpc.GrpcConfigKeys (ConfUtils.java:logGet(46)) - raft.grpc.server.heartbeat.channel = true (default)
2023-08-23 22:10:13,455 [Time-limited test] INFO  grpc.GrpcConfigKeys (ConfUtils.java:logGet(46)) - raft.grpc.server.async.request.thread.pool.cached = true (default)
2023-08-23 22:10:13,455 [Time-limited test] INFO  grpc.GrpcConfigKeys (ConfUtils.java:logGet(46)) - raft.grpc.server.async.request.thread.pool.size = 32 (default)
2023-08-23 22:10:13,456 [Time-limited test] INFO  impl.DataStreamServerImpl (ConfUtils.java:logGet(46)) - raft.datastream.type = DISABLED (default)
2023-08-23 22:10:13,456 [Time-limited test] INFO  server.RaftServerConfigKeys (ConfUtils.java:logGet(46)) - raft.server.threadpool.proxy.cached = true (default)
2023-08-23 22:10:13,457 [Time-limited test] INFO  server.RaftServerConfigKeys (ConfUtils.java:logGet(46)) - raft.server.threadpool.proxy.size = 0 (default)
2023-08-23 22:10:13,457 [Time-limited test] INFO  server.RaftServerConfigKeys (ConfUtils.java:logGet(46)) - raft.server.rpc.slowness.timeout = 120s (custom)
2023-08-23 22:10:13,457 [Time-limited test] INFO  server.RaftServerConfigKeys (ConfUtils.java:logGet(46)) - raft.server.leaderelection.leader.step-down.wait-time = 10s (default)
2023-08-23 22:10:13,457 [Time-limited test] INFO  server.RaftServerConfigKeys (ConfUtils.java:logGet(46)) - raft.server.storage.dir = [/tmp/junit5991889454203888074/junit2810388331867854122/om-meta/ratis] (custom)
2023-08-23 22:10:13,459 [Time-limited test] INFO  server.RaftServer (RaftServerProxy.java:addNew(98)) - om1: addNew group-C5BA1605619E:[om1|rpc:fv-az621-511.fpnbra3ad0zu1hpqauu4rsdf4e.cx.internal.cloudapp.net:9872|priority:0|startupRole:FOLLOWER] returns group-C5BA1605619E:java.util.concurrent.CompletableFuture@3bb3c380[Not completed]
2023-08-23 22:10:13,459 [Time-limited test] INFO  om.OzoneManager (OzoneManager.java:initializeRatisServer(2128)) - OzoneManager Ratis server initialized at port 9872
RaftServerImpl.java:<init>(198)) - om1: new RaftServerImpl for group-C5BA1605619E:[om1|rpc:fv-az621-511.fpnbra3ad0zu1hpqauu4rsdf4e.cx.internal.cloudapp.net:9872|priority:0|startupRole:FOLLOWER] with OzoneManagerStateMachine:uninitialized
2023-08-23 22:10:13,459 [Time-limited test] INFO  om.OzoneManager (OzoneManager.java:initializeRatisServer(2128)) - OzoneManager Ratis server initialized at port 9872
2023-08-23 22:10:13,459 [Time-limited test] INFO  om.OzoneManager (OzoneManager.java:getRpcServer(1193)) - Creating RPC Server
2023-08-23 22:10:13,459 [om1-groupManagement] INFO  server.RaftServerConfigKeys (ConfUtils.java:logGet(46)) - raft.server.rpc.timeout.min = 5s (custom)
2023-08-23 22:10:13,459 [om1-groupManagement] INFO  server.RaftServerConfigKeys (ConfUtils.java:logGet(46)) - raft.server.rpc.timeout.max = 5200ms (custom)
2023-08-23 22:10:13,459 [om1-groupManagement] INFO  server.RaftServerConfigKeys (ConfUtils.java:logGet(46)) - raft.server.rpc.sleep.time = 25ms (default)
2023-08-23 22:10:13,459 [om1-groupManagement] INFO  server.RaftServerConfigKeys (ConfUtils.java:logGet(46)) - raft.server.rpc.slowness.timeout = 120s (custom)
2023-08-23 22:10:13,459 [om1-groupManagement] INFO  server.RaftServerConfigKeys (ConfUtils.java:logGet(46)) - raft.server.leaderelection.leader.step-down.wait-time = 10s (default)
2023-08-23 22:10:13,459 [om1-groupManagement] INFO  server.RaftServerConfigKeys (ConfUtils.java:logGet(46)) - raft.server.sleep.deviation.threshold = 300ms (default)
2023-08-23 22:10:13,459 [om1-groupManagement] INFO  server.RaftServer$Division (ServerState.java:<init>(120)) - om1@group-C5BA1605619E: ConfigurationManager, init=-1: peers:[om1|rpc:fv-az621-511.fpnbra3ad0zu1hpqauu4rsdf4e.cx.internal.cloudapp.net:9872|priority:0|startupRole:FOLLOWER]|listeners:[], old=null, confs=<EMPTY_MAP>
2023-08-23 22:10:13,459 [om1-groupManagement] INFO  server.RaftServerConfigKeys (ConfUtils.java:logGet(46)) - raft.server.storage.dir = [/tmp/junit5991889454203888074/junit2810388331867854122/om-meta/ratis] (custom)
2023-08-23 22:10:13,460 [om1-groupManagement] INFO  server.RaftServerConfigKeys (ConfUtils.java:logGet(46)) - raft.server.log.corruption.policy = EXCEPTION (default)
2023-08-23 22:10:13,460 [om1-groupManagement] INFO  server.RaftServerConfigKeys (ConfUtils.java:logGet(46)) - raft.server.storage.free-space.min = 0MB (=0) (default)
2023-08-23 22:10:13,460 [om1-groupManagement] INFO  server.RaftServerConfigKeys (ConfUtils.java:logGet(46)) - raft.server.notification.no-leader.timeout = 120s (custom)
2023-08-23 22:10:13,460 [om1-groupManagement] INFO  server.RaftServerConfigKeys (ConfUtils.java:logGet(46)) - raft.server.read.timeout = 10s (default)
2023-08-23 22:10:13,460 [om1-groupManagement] INFO  server.RaftServerConfigKeys (ConfUtils.java:logGet(46)) - raft.server.retrycache.expirytime = 300s (custom)
2023-08-23 22:10:13,460 [om1-groupManagement] INFO  server.RaftServerConfigKeys (ConfUtils.java:logGet(46)) - raft.server.retrycache.statistics.expirytime = 100μs (default)
2023-08-23 22:10:13,460 [om1-groupManagement] INFO  server.RaftServerConfigKeys (ConfUtils.java:logGet(46)) - raft.server.read.option = DEFAULT (default)
2023-08-23 22:10:13,460 [om1-groupManagement] INFO  server.RaftServerConfigKeys (ConfUtils.java:logGet(46)) - raft.server.rpc.request.timeout = 3000ms (default)
2023-08-23 22:10:13,460 [om1-groupManagement] INFO  server.RaftServerConfigKeys (ConfUtils.java:logGet(46)) - raft.server.log.appender.install.snapshot.enabled = false (custom)
2023-08-23 22:10:13,460 [om1-groupManagement] INFO  server.RaftServerConfigKeys (ConfUtils.java:logGet(46)) - raft.server.threadpool.server.cached = true (default)
2023-08-23 22:10:13,460 [om1-groupManagement] INFO  server.RaftServerConfigKeys (ConfUtils.java:logGet(46)) - raft.server.threadpool.server.size = 0 (default)
2023-08-23 22:10:13,461 [om1-groupManagement] INFO  server.RaftServerConfigKeys (ConfUtils.java:logGet(46)) - raft.server.threadpool.client.cached = true (default)
2023-08-23 22:10:13,461 [om1-groupManagement] INFO  server.RaftServerConfigKeys (ConfUtils.java:logGet(46)) - raft.server.threadpool.client.size = 0 (default)
2023-08-23 22:10:13,769 [Time-limited test] INFO  reflections.Reflections (Reflections.java:scan(232)) - Reflections took 308 ms to scan 19 urls, producing 70 keys and 5645 values [using 2 cores]
2023-08-23 22:10:13,770 [Time-limited test] INFO  ipc.CallQueueManager (CallQueueManager.java:<init>(90)) - Using callQueue: class java.util.concurrent.LinkedBlockingQueue, queueCapacity: 10000, scheduler: class org.apache.hadoop.ipc.DefaultRpcScheduler, ipcBackoff: false.
2023-08-23 22:10:13,770 [Time-limited test] INFO  ipc.Server (Server.java:<init>(1287)) - Listener at fv-az621-511.fpnbra3ad0zu1hpqauu4rsdf4e.cx.internal.cloudapp.net:1202
2023-08-23 22:10:13,773 [Socket Reader #1 for port 1202] INFO  ipc.Server (Server.java:run(1323)) - Starting Socket Reader #1 for port 1202
2023-08-23 22:10:14,221 [Time-limited test] INFO  utils.SelfSignedCertificate (SelfSignedCertificate.java:generateCertificate(157)) - Certificate 1 is issued by CN=rootCA@localhost,OU=scm1,O=cluster1 to CN=rootCA@localhost,OU=scm1,O=cluster1, valid from Wed Aug 23 22:10:14 UTC 2023 to Sat Sep 30 22:10:14 UTC 2028
2023-08-23 22:10:14,224 [Time-limited test] INFO  authority.DefaultApprover (DefaultApprover.java:sign(154)) - Extensions in CSR: 2.5.29.15
2023-08-23 22:10:14,224 [Time-limited test] INFO  authority.DefaultApprover (DefaultApprover.java:sign(158)) - Extensions to add to the certificate if they present in CSR: 2.5.29.17, 2.5.29.19, 1.3.6.1.5.5.7.1.12, 2.5.29.35, 2.5.29.37, 2.5.29.15
2023-08-23 22:10:14,227 [Time-limited test] INFO  ssl.ReloadingX509KeyManager (ReloadingX509KeyManager.java:loadKeyManager(222)) - Key manager is loaded with certificate chain
2023-08-23 22:10:14,227 [Time-limited test] INFO  ssl.ReloadingX509KeyManager (ReloadingX509KeyManager.java:loadKeyManager(224)) - [
[
  Version: V3
  Subject: O=cluster1, OU=scm1, CN=localhost
  Signature Algorithm: SHA256withRSA, OID = 1.2.840.113549.1.1.11

  Key:  Sun RSA public key, 2048 bits
  params: null
  modulus: 23656431907871968478346978526723582326855577835461340219189275086141181701203286681647819717119892883348918346242748000200134119716787161563979125554795913621694292993513250979390240774062048532827742973439209586892564265978391430657420795990306383636689601002641792659662269301619128244039831779233981405913444601560570447547074985533273203729926058602326094451559825377279886362867057791447275462137686591673227272283175303474754813227558727067144998726533520991921612430532492727950698984480394293578987134750908825189579014345625455383145098597122077111107635748135005400266793791271799977734989651659851657292487
  public exponent: 65537
  Validity: [From: Wed Aug 23 22:10:14 UTC 2023,
               To: Wed Aug 23 22:10:54 UTC 2023]
  Issuer: O=cluster1, OU=scm1, CN=rootCA@localhost
  SerialNumber: [    0159d855 51d7]

Certificate Extensions: 1
[1]: ObjectId: 2.5.29.15 Criticality=true
KeyUsage [
  DigitalSignature
  Key_Encipherment
  Data_Encipherment
  Key_Agreement
]

]
  Algorithm: [SHA256withRSA]
  Signature:
0000: 47 88 A0 27 7C 60 DD BF   DF E2 D0 38 1D 38 92 49  G..'.`.....8.8.I
0010: 91 8D 7F B0 0C 3F F7 94   16 68 9A 7E 63 95 22 80  .....?...h..c.".
0020: 1E 49 5C F9 A2 25 0A 64   4D C4 D7 FE 30 41 7C DC  .I\..%.dM...0A..
0030: 17 1B 0A 1B 6F 57 3E 11   EE EE 36 45 3F 15 36 14  ....oW>...6E?.6.
0040: 3A FB 9C AD B0 EF 3B 9C   29 6B 18 56 F1 23 B6 63  :.....;.)k.V.#.c
0050: B9 FD 44 DC 24 C2 6C 84   E3 6D CE 34 23 81 03 5D  ..D.$.l..m.4#..]
0060: 10 D3 CF DD F1 90 69 A4   95 B5 C0 90 3A 02 48 FF  ......i.....:.H.
0070: B0 AF 13 5D ED 7F F9 C1   D7 C2 0C 5D EF 66 93 7E  ...].......].f..
0080: CF E1 DE 31 03 55 D8 00   60 C6 83 0F 54 55 3D 27  ...1.U..`...TU='
0090: E1 67 32 19 1B 97 82 94   C7 DE FF 26 08 C9 93 5B  .g2........&...[
00A0: 4E 1C EC D5 E0 5B 9F 42   8E 9E F9 0A 43 20 7C 2B  N....[.B....C .+
00B0: 30 0F A7 3E 88 FA 1A F8   2D DB 89 26 A1 6E D0 48  0..>....-..&.n.H
00C0: 75 9E 8D 33 40 B4 38 1F   8F 7C FC 99 1C 40 1C F0  u..3@.8......@..
00D0: F5 0D 00 BA 7F 4A 32 16   EF 96 7B 1F 26 55 60 1F  .....J2.....&U`.
00E0: 6C 96 24 9E A2 11 3B 08   F6 E5 02 46 B1 29 50 30  l.$...;....F.)P0
00F0: DA 5A 8D E1 90 F1 B1 95   0D 15 CC 75 18 53 64 3E  .Z.........u.Sd>

]
2023-08-23 22:10:14,228 [Time-limited test] INFO  ssl.ReloadingX509KeyManager (ReloadingX509KeyManager.java:loadKeyManager(224)) - [
[
  Version: V3
  Subject: O=cluster1, OU=scm1, CN=rootCA@localhost
  Signature Algorithm: SHA256withRSA, OID = 1.2.840.113549.1.1.11

  Key:  Sun RSA public key, 2048 bits
  params: null
  modulus: 30246912606485705093789954406687502721669753217466497364282454489770977205258522229584067783604258452527982226408815612061006465937077037806200733137027245331757624128509066514729347647444692053153723880855510339210361589038352200250014412882277873931368530700397738990725473471919280579337900425539331915972237980964923799509642124474636163271309352025796751273960806171069549956324324057337659328955633405957778993003399844984175460446353845163226241997877767944754091650741459447696838100578502381871725889602345826229509842690857904947711564439489729155024215165627356807963430173511013194950327822958058937071277
  public exponent: 65537
  Validity: [From: Wed Aug 23 22:10:14 UTC 2023,
               To: Sat Sep 30 22:10:14 UTC 2028]
  Issuer: O=cluster1, OU=scm1, CN=rootCA@localhost
  SerialNumber: [    01]

Certificate Extensions: 2
[1]: ObjectId: 2.5.29.19 Criticality=true
BasicConstraints:[
  CA:true
  PathLen:2147483647
]

[2]: ObjectId: 2.5.29.15 Criticality=true
KeyUsage [
  Key_CertSign
  Crl_Sign
]

]
  Algorithm: [SHA256withRSA]
  Signature:
0000: 40 40 97 55 72 16 DD D8   0E 0C 99 50 4C 50 33 BC  @@.Ur......PLP3.
0010: 41 52 A8 F6 61 90 04 FB   8F 25 E2 3C 17 EA E8 14  AR..a....%.<....
0020: 69 53 05 29 8B 20 9D 73   93 82 96 06 57 32 46 34  iS.). .s....W2F4
0030: 69 B4 38 67 6F 91 A4 90   40 03 12 69 CD 85 70 CD  i.8go...@..i..p.
0040: 51 1C 8B 82 56 4F 64 52   D4 62 36 77 AD 37 C1 9C  Q...VOdR.b6w.7..
0050: EE 45 DD F6 18 87 3A 46   A4 5D E6 32 2F D2 69 F2  .E....:F.].2/.i.
0060: 8E FD 0C 8E 7F CF B6 17   34 23 E0 7F 7E CC A3 A2  ........4#......
0070: 51 67 8F 9E 1D 10 84 0C   BB F9 4E 24 8B 28 3F 16  Qg........N$.(?.
0080: D6 42 92 8E 44 B1 89 18   21 40 A9 33 BF 43 EC 93  .B..D...!@.3.C..
0090: 89 5D 32 2B 90 6A 74 57   BB 95 38 1C F3 BC 36 6E  .]2+.jtW..8...6n
00A0: AE 77 58 62 9F 70 28 12   F5 56 6B B2 56 74 80 E4  .wXb.p(..Vk.Vt..
00B0: 32 C5 F2 74 73 06 63 A5   8A EB 4A CA C0 CD 8E DA  2..ts.c...J.....
00C0: 08 6F 1C 34 C1 85 6F 6D   DC 9E 91 5D 3F 69 19 1C  .o.4..om...]?i..
00D0: 22 9B AA 68 94 19 83 F5   B5 9B 0F D1 46 6E B8 3E  "..h........Fn.>
00E0: B7 F5 82 A0 99 9F FF EC   08 DD 6D 54 C6 25 21 67  ..........mT.%!g
00F0: E1 4B 8C AA 8D B3 13 FE   42 70 44 FD 28 36 F3 D7  .K......BpD.(6..

]
2023-08-23 22:10:14,228 [Time-limited test] INFO  ssl.ReloadingX509TrustManager (ReloadingX509TrustManager.java:insertCertsToKeystore(188)) - Trust manager is loaded with certificates
2023-08-23 22:10:14,229 [Time-limited test] INFO  ssl.ReloadingX509TrustManager (ReloadingX509TrustManager.java:insertCertsToKeystore(192)) - [
[
  Version: V3
  Subject: O=cluster1, OU=scm1, CN=rootCA@localhost
  Signature Algorithm: SHA256withRSA, OID = 1.2.840.113549.1.1.11

  Key:  Sun RSA public key, 2048 bits
  params: null
  modulus: 30246912606485705093789954406687502721669753217466497364282454489770977205258522229584067783604258452527982226408815612061006465937077037806200733137027245331757624128509066514729347647444692053153723880855510339210361589038352200250014412882277873931368530700397738990725473471919280579337900425539331915972237980964923799509642124474636163271309352025796751273960806171069549956324324057337659328955633405957778993003399844984175460446353845163226241997877767944754091650741459447696838100578502381871725889602345826229509842690857904947711564439489729155024215165627356807963430173511013194950327822958058937071277
  public exponent: 65537
  Validity: [From: Wed Aug 23 22:10:14 UTC 2023,
               To: Sat Sep 30 22:10:14 UTC 2028]
  Issuer: O=cluster1, OU=scm1, CN=rootCA@localhost
  SerialNumber: [    01]

Certificate Extensions: 2
[1]: ObjectId: 2.5.29.19 Criticality=true
BasicConstraints:[
  CA:true
  PathLen:2147483647
]

[2]: ObjectId: 2.5.29.15 Criticality=true
KeyUsage [
  Key_CertSign
  Crl_Sign
]

]
  Algorithm: [SHA256withRSA]
  Signature:
0000: 40 40 97 55 72 16 DD D8   0E 0C 99 50 4C 50 33 BC  @@.Ur......PLP3.
0010: 41 52 A8 F6 61 90 04 FB   8F 25 E2 3C 17 EA E8 14  AR..a....%.<....
0020: 69 53 05 29 8B 20 9D 73   93 82 96 06 57 32 46 34  iS.). .s....W2F4
0030: 69 B4 38 67 6F 91 A4 90   40 03 12 69 CD 85 70 CD  i.8go...@..i..p.
0040: 51 1C 8B 82 56 4F 64 52   D4 62 36 77 AD 37 C1 9C  Q...VOdR.b6w.7..
0050: EE 45 DD F6 18 87 3A 46   A4 5D E6 32 2F D2 69 F2  .E....:F.].2/.i.
0060: 8E FD 0C 8E 7F CF B6 17   34 23 E0 7F 7E CC A3 A2  ........4#......
0070: 51 67 8F 9E 1D 10 84 0C   BB F9 4E 24 8B 28 3F 16  Qg........N$.(?.
0080: D6 42 92 8E 44 B1 89 18   21 40 A9 33 BF 43 EC 93  .B..D...!@.3.C..
0090: 89 5D 32 2B 90 6A 74 57   BB 95 38 1C F3 BC 36 6E  .]2+.jtW..8...6n
00A0: AE 77 58 62 9F 70 28 12   F5 56 6B B2 56 74 80 E4  .wXb.p(..Vk.Vt..
00B0: 32 C5 F2 74 73 06 63 A5   8A EB 4A CA C0 CD 8E DA  2..ts.c...J.....
00C0: 08 6F 1C 34 C1 85 6F 6D   DC 9E 91 5D 3F 69 19 1C  .o.4..om...]?i..
00D0: 22 9B AA 68 94 19 83 F5   B5 9B 0F D1 46 6E B8 3E  "..h........Fn.>
00E0: B7 F5 82 A0 99 9F FF EC   08 DD 6D 54 C6 25 21 67  ..........mT.%!g
00F0: E1 4B 8C AA 8D B3 13 FE   42 70 44 FD 28 36 F3 D7  .K......BpD.(6..

]
2023-08-23 22:10:14,229 [Time-limited test] INFO  ssl.ReloadingX509KeyManager (ReloadingX509KeyManager.java:loadKeyManager(222)) - Key manager is loaded with certificate chain
2023-08-23 22:10:14,231 [Time-limited test] INFO  ssl.ReloadingX509KeyManager (ReloadingX509KeyManager.java:loadKeyManager(224)) - [
[
  Version: V3
  Subject: O=cluster1, OU=scm1, CN=localhost
  Signature Algorithm: SHA256withRSA, OID = 1.2.840.113549.1.1.11

  Key:  Sun RSA public key, 2048 bits
  params: null
  modulus: 23656431907871968478346978526723582326855577835461340219189275086141181701203286681647819717119892883348918346242748000200134119716787161563979125554795913621694292993513250979390240774062048532827742973439209586892564265978391430657420795990306383636689601002641792659662269301619128244039831779233981405913444601560570447547074985533273203729926058602326094451559825377279886362867057791447275462137686591673227272283175303474754813227558727067144998726533520991921612430532492727950698984480394293578987134750908825189579014345625455383145098597122077111107635748135005400266793791271799977734989651659851657292487
  public exponent: 65537
  Validity: [From: Wed Aug 23 22:10:14 UTC 2023,
               To: Wed Aug 23 22:10:54 UTC 2023]
  Issuer: O=cluster1, OU=scm1, CN=rootCA@localhost
  SerialNumber: [    0159d855 51d7]

Certificate Extensions: 1
[1]: ObjectId: 2.5.29.15 Criticality=true
KeyUsage [
  DigitalSignature
  Key_Encipherment
  Data_Encipherment
  Key_Agreement
]

]
  Algorithm: [SHA256withRSA]
  Signature:
0000: 47 88 A0 27 7C 60 DD BF   DF E2 D0 38 1D 38 92 49  G..'.`.....8.8.I
0010: 91 8D 7F B0 0C 3F F7 94   16 68 9A 7E 63 95 22 80  .....?...h..c.".
0020: 1E 49 5C F9 A2 25 0A 64   4D C4 D7 FE 30 41 7C DC  .I\..%.dM...0A..
0030: 17 1B 0A 1B 6F 57 3E 11   EE EE 36 45 3F 15 36 14  ....oW>...6E?.6.
0040: 3A FB 9C AD B0 EF 3B 9C   29 6B 18 56 F1 23 B6 63  :.....;.)k.V.#.c
0050: B9 FD 44 DC 24 C2 6C 84   E3 6D CE 34 23 81 03 5D  ..D.$.l..m.4#..]
0060: 10 D3 CF DD F1 90 69 A4   95 B5 C0 90 3A 02 48 FF  ......i.....:.H.
0070: B0 AF 13 5D ED 7F F9 C1   D7 C2 0C 5D EF 66 93 7E  ...].......].f..
0080: CF E1 DE 31 03 55 D8 00   60 C6 83 0F 54 55 3D 27  ...1.U..`...TU='
0090: E1 67 32 19 1B 97 82 94   C7 DE FF 26 08 C9 93 5B  .g2........&...[
00A0: 4E 1C EC D5 E0 5B 9F 42   8E 9E F9 0A 43 20 7C 2B  N....[.B....C .+
00B0: 30 0F A7 3E 88 FA 1A F8   2D DB 89 26 A1 6E D0 48  0..>....-..&.n.H
00C0: 75 9E 8D 33 40 B4 38 1F   8F 7C FC 99 1C 40 1C F0  u..3@.8......@..
00D0: F5 0D 00 BA 7F 4A 32 16   EF 96 7B 1F 26 55 60 1F  .....J2.....&U`.
00E0: 6C 96 24 9E A2 11 3B 08   F6 E5 02 46 B1 29 50 30  l.$...;....F.)P0
00F0: DA 5A 8D E1 90 F1 B1 95   0D 15 CC 75 18 53 64 3E  .Z.........u.Sd>

]
2023-08-23 22:10:14,231 [Time-limited test] INFO  ssl.ReloadingX509KeyManager (ReloadingX509KeyManager.java:loadKeyManager(224)) - [
[
  Version: V3
  Subject: O=cluster1, OU=scm1, CN=rootCA@localhost
  Signature Algorithm: SHA256withRSA, OID = 1.2.840.113549.1.1.11

  Key:  Sun RSA public key, 2048 bits
  params: null
  modulus: 30246912606485705093789954406687502721669753217466497364282454489770977205258522229584067783604258452527982226408815612061006465937077037806200733137027245331757624128509066514729347647444692053153723880855510339210361589038352200250014412882277873931368530700397738990725473471919280579337900425539331915972237980964923799509642124474636163271309352025796751273960806171069549956324324057337659328955633405957778993003399844984175460446353845163226241997877767944754091650741459447696838100578502381871725889602345826229509842690857904947711564439489729155024215165627356807963430173511013194950327822958058937071277
  public exponent: 65537
  Validity: [From: Wed Aug 23 22:10:14 UTC 2023,
               To: Sat Sep 30 22:10:14 UTC 2028]
  Issuer: O=cluster1, OU=scm1, CN=rootCA@localhost
  SerialNumber: [    01]

Certificate Extensions: 2
[1]: ObjectId: 2.5.29.19 Criticality=true
BasicConstraints:[
  CA:true
  PathLen:2147483647
]

[2]: ObjectId: 2.5.29.15 Criticality=true
KeyUsage [
  Key_CertSign
  Crl_Sign
]

]
  Algorithm: [SHA256withRSA]
  Signature:
0000: 40 40 97 55 72 16 DD D8   0E 0C 99 50 4C 50 33 BC  @@.Ur......PLP3.
0010: 41 52 A8 F6 61 90 04 FB   8F 25 E2 3C 17 EA E8 14  AR..a....%.<....
0020: 69 53 05 29 8B 20 9D 73   93 82 96 06 57 32 46 34  iS.). .s....W2F4
0030: 69 B4 38 67 6F 91 A4 90   40 03 12 69 CD 85 70 CD  i.8go...@..i..p.
0040: 51 1C 8B 82 56 4F 64 52   D4 62 36 77 AD 37 C1 9C  Q...VOdR.b6w.7..
0050: EE 45 DD F6 18 87 3A 46   A4 5D E6 32 2F D2 69 F2  .E....:F.].2/.i.
0060: 8E FD 0C 8E 7F CF B6 17   34 23 E0 7F 7E CC A3 A2  ........4#......
0070: 51 67 8F 9E 1D 10 84 0C   BB F9 4E 24 8B 28 3F 16  Qg........N$.(?.
0080: D6 42 92 8E 44 B1 89 18   21 40 A9 33 BF 43 EC 93  .B..D...!@.3.C..
0090: 89 5D 32 2B 90 6A 74 57   BB 95 38 1C F3 BC 36 6E  .]2+.jtW..8...6n
00A0: AE 77 58 62 9F 70 28 12   F5 56 6B B2 56 74 80 E4  .wXb.p(..Vk.Vt..
00B0: 32 C5 F2 74 73 06 63 A5   8A EB 4A CA C0 CD 8E DA  2..ts.c...J.....
00C0: 08 6F 1C 34 C1 85 6F 6D   DC 9E 91 5D 3F 69 19 1C  .o.4..om...]?i..
00D0: 22 9B AA 68 94 19 83 F5   B5 9B 0F D1 46 6E B8 3E  "..h........Fn.>
00E0: B7 F5 82 A0 99 9F FF EC   08 DD 6D 54 C6 25 21 67  ..........mT.%!g
00F0: E1 4B 8C AA 8D B3 13 FE   42 70 44 FD 28 36 F3 D7  .K......BpD.(6..

]
2023-08-23 22:10:14,232 [Time-limited test] INFO  ssl.ReloadingX509TrustManager (ReloadingX509TrustManager.java:insertCertsToKeystore(188)) - Trust manager is loaded with certificates
2023-08-23 22:10:14,232 [Time-limited test] INFO  ssl.ReloadingX509TrustManager (ReloadingX509TrustManager.java:insertCertsToKeystore(192)) - [
[
  Version: V3
  Subject: O=cluster1, OU=scm1, CN=rootCA@localhost
  Signature Algorithm: SHA256withRSA, OID = 1.2.840.113549.1.1.11

  Key:  Sun RSA public key, 2048 bits
  params: null
  modulus: 30246912606485705093789954406687502721669753217466497364282454489770977205258522229584067783604258452527982226408815612061006465937077037806200733137027245331757624128509066514729347647444692053153723880855510339210361589038352200250014412882277873931368530700397738990725473471919280579337900425539331915972237980964923799509642124474636163271309352025796751273960806171069549956324324057337659328955633405957778993003399844984175460446353845163226241997877767944754091650741459447696838100578502381871725889602345826229509842690857904947711564439489729155024215165627356807963430173511013194950327822958058937071277
  public exponent: 65537
  Validity: [From: Wed Aug 23 22:10:14 UTC 2023,
               To: Sat Sep 30 22:10:14 UTC 2028]
  Issuer: O=cluster1, OU=scm1, CN=rootCA@localhost
  SerialNumber: [    01]

Certificate Extensions: 2
[1]: ObjectId: 2.5.29.19 Criticality=true
BasicConstraints:[
  CA:true
  PathLen:2147483647
]

[2]: ObjectId: 2.5.29.15 Criticality=true
KeyUsage [
  Key_CertSign
  Crl_Sign
]

]
  Algorithm: [SHA256withRSA]
  Signature:
0000: 40 40 97 55 72 16 DD D8   0E 0C 99 50 4C 50 33 BC  @@.Ur......PLP3.
0010: 41 52 A8 F6 61 90 04 FB   8F 25 E2 3C 17 EA E8 14  AR..a....%.<....
0020: 69 53 05 29 8B 20 9D 73   93 82 96 06 57 32 46 34  iS.). .s....W2F4
0030: 69 B4 38 67 6F 91 A4 90   40 03 12 69 CD 85 70 CD  i.8go...@..i..p.
0040: 51 1C 8B 82 56 4F 64 52   D4 62 36 77 AD 37 C1 9C  Q...VOdR.b6w.7..
0050: EE 45 DD F6 18 87 3A 46   A4 5D E6 32 2F D2 69 F2  .E....:F.].2/.i.
0060: 8E FD 0C 8E 7F CF B6 17   34 23 E0 7F 7E CC A3 A2  ........4#......
0070: 51 67 8F 9E 1D 10 84 0C   BB F9 4E 24 8B 28 3F 16  Qg........N$.(?.
0080: D6 42 92 8E 44 B1 89 18   21 40 A9 33 BF 43 EC 93  .B..D...!@.3.C..
0090: 89 5D 32 2B 90 6A 74 57   BB 95 38 1C F3 BC 36 6E  .]2+.jtW..8...6n
00A0: AE 77 58 62 9F 70 28 12   F5 56 6B B2 56 74 80 E4  .wXb.p(..Vk.Vt..
00B0: 32 C5 F2 74 73 06 63 A5   8A EB 4A CA C0 CD 8E DA  2..ts.c...J.....
00C0: 08 6F 1C 34 C1 85 6F 6D   DC 9E 91 5D 3F 69 19 1C  .o.4..om...]?i..
00D0: 22 9B AA 68 94 19 83 F5   B5 9B 0F D1 46 6E B8 3E  "..h........Fn.>
00E0: B7 F5 82 A0 99 9F FF EC   08 DD 6D 54 C6 25 21 67  ..........mT.%!g
00F0: E1 4B 8C AA 8D B3 13 FE   42 70 44 FD 28 36 F3 D7  .K......BpD.(6..

]
2023-08-23 22:10:14,235 [Time-limited test] INFO  impl.MetricsSystemImpl (MetricsSystemImpl.java:init(158)) - OzoneManager metrics system started (again)
2023-08-23 22:10:14,246 [Time-limited test] INFO  om.OzoneManager (OzoneManager.java:start(1613)) - OzoneManager RPC server is listening at fv-az621-511.fpnbra3ad0zu1hpqauu4rsdf4e.cx.internal.cloudapp.net/10.1.0.14:1202
2023-08-23 22:10:14,246 [Time-limited test] INFO  ratis.OzoneManagerRatisServer (OzoneManagerRatisServer.java:start(558)) - Starting OzoneManagerRatisServer om1 at port 9872
2023-08-23 22:10:14,246 [om1-impl-thread1] INFO  storage.RaftStorageDirectory (RaftStorageDirectoryImpl.java:analyzeStorage(137)) - The storage directory /tmp/junit5991889454203888074/junit2810388331867854122/om-meta/ratis/bf265839-605b-3f16-9796-c5ba1605619e does not exist. Creating ...
2023-08-23 22:10:14,248 [om1-impl-thread1] INFO  storage.RaftStorageDirectory (RaftStorageDirectoryImpl.java:tryLock(231)) - Lock on /tmp/junit5991889454203888074/junit2810388331867854122/om-meta/ratis/bf265839-605b-3f16-9796-c5ba1605619e/in_use.lock acquired by nodename 9432@fv-az621-511
2023-08-23 22:10:14,250 [om1-impl-thread1] INFO  storage.RaftStorage (RaftStorageImpl.java:format(96)) - Storage directory /tmp/junit5991889454203888074/junit2810388331867854122/om-meta/ratis/bf265839-605b-3f16-9796-c5ba1605619e has been successfully formatted.
2023-08-23 22:10:14,251 [om1-impl-thread1] INFO  server.RaftServerConfigKeys (ConfUtils.java:logGet(46)) - raft.server.log.use.memory = false (default)
2023-08-23 22:10:14,251 [om1-impl-thread1] INFO  server.RaftServerConfigKeys (ConfUtils.java:logGet(46)) - raft.server.log.purge.gap = 1000000 (custom)
2023-08-23 22:10:14,251 [om1-impl-thread1] INFO  server.RaftServerConfigKeys (ConfUtils.java:logGet(46)) - raft.server.log.appender.buffer.byte-limit = 33554432 (custom)
2023-08-23 22:10:14,251 [om1-impl-thread1] INFO  server.RaftServerConfigKeys (ConfUtils.java:logGet(46)) - raft.server.log.statemachine.data.read.timeout = 1000ms (default)
2023-08-23 22:10:14,251 [om1-impl-thread1] INFO  server.RaftServerConfigKeys (ConfUtils.java:logGet(46)) - raft.server.log.purge.preservation.log.num = 0 (default)
2023-08-23 22:10:14,251 [om1-impl-thread1] INFO  server.RaftServerConfigKeys (ConfUtils.java:logGet(46)) - raft.server.log.segment.size.max = 4194304 (custom)
2023-08-23 22:10:14,251 [om1-impl-thread1] INFO  server.RaftServerConfigKeys (ConfUtils.java:logGet(46)) - raft.server.log.segment.cache.num.max = 2 (custom)
2023-08-23 22:10:14,251 [om1-impl-thread1] INFO  server.RaftServerConfigKeys (ConfUtils.java:logGet(46)) - raft.server.log.segment.cache.size.max = 200MB (=209715200) (default)
2023-08-23 22:10:14,251 [om1-impl-thread1] INFO  server.RaftServerConfigKeys (ConfUtils.java:logGet(46)) - raft.server.log.appender.buffer.byte-limit = 33554432 (custom)
2023-08-23 22:10:14,251 [om1-impl-thread1] INFO  segmented.SegmentedRaftLogWorker (SegmentedRaftLogWorker.java:<init>(188)) - new om1@group-C5BA1605619E-SegmentedRaftLogWorker for RaftStorageImpl:Storage Directory /tmp/junit5991889454203888074/junit2810388331867854122/om-meta/ratis/bf265839-605b-3f16-9796-c5ba1605619e
2023-08-23 22:10:14,251 [om1-impl-thread1] INFO  server.RaftServerConfigKeys (ConfUtils.java:logGet(46)) - raft.server.log.queue.byte-limit = 64MB (=67108864) (default)
2023-08-23 22:10:14,251 [om1-impl-thread1] INFO  server.RaftServerConfigKeys (ConfUtils.java:logGet(46)) - raft.server.log.queue.element-limit = 4096 (default)
2023-08-23 22:10:14,251 [om1-impl-thread1] INFO  server.RaftServerConfigKeys (ConfUtils.java:logGet(46)) - raft.server.log.segment.size.max = 4194304 (custom)
2023-08-23 22:10:14,251 [om1-impl-thread1] INFO  server.RaftServerConfigKeys (ConfUtils.java:logGet(46)) - raft.server.log.preallocated.size = 4194304 (custom)
2023-08-23 22:10:14,252 [om1-impl-thread1] INFO  server.RaftServerConfigKeys (ConfUtils.java:logGet(46)) - raft.server.log.force.sync.num = 128 (default)
2023-08-23 22:10:14,252 [om1-impl-thread1] INFO  server.RaftServerConfigKeys (ConfUtils.java:logGet(46)) - raft.server.log.statemachine.data.sync = true (default)
2023-08-23 22:10:14,252 [om1-impl-thread1] INFO  server.RaftServerConfigKeys (ConfUtils.java:logGet(46)) - raft.server.log.statemachine.data.sync.timeout = 10s (default)
2023-08-23 22:10:14,252 [om1-impl-thread1] INFO  server.RaftServerConfigKeys (ConfUtils.java:logGet(46)) - raft.server.log.statemachine.data.sync.timeout.retry = -1 (default)
2023-08-23 22:10:14,252 [om1-impl-thread1] INFO  server.RaftServerConfigKeys (ConfUtils.java:logGet(46)) - raft.server.log.write.buffer.size = 64KB (=65536) (default)
2023-08-23 22:10:14,252 [om1-impl-thread1] INFO  server.RaftServerConfigKeys (ConfUtils.java:logGet(46)) - raft.server.log.appender.buffer.byte-limit = 33554432 (custom)
2023-08-23 22:10:14,255 [om1-impl-thread1] INFO  server.RaftServerConfigKeys (ConfUtils.java:logGet(46)) - raft.server.log.unsafe-flush.enabled = false (default)
2023-08-23 22:10:14,258 [om1-impl-thread1] INFO  server.RaftServerConfigKeys (ConfUtils.java:logGet(46)) - raft.server.log.async-flush.enabled = false (default)
2023-08-23 22:10:14,258 [om1-impl-thread1] INFO  server.RaftServerConfigKeys (ConfUtils.java:logGet(46)) - raft.server.log.statemachine.data.caching.enabled = false (default)
2023-08-23 22:10:14,259 [om1-impl-thread1] INFO  segmented.SegmentedRaftLogWorker (SegmentedRaftLogWorker.java:lambda$new$0(135)) - om1@group-C5BA1605619E-SegmentedRaftLogWorker: flushIndex: setUnconditionally 0 -> -1
2023-08-23 22:10:14,259 [om1-impl-thread1] INFO  segmented.SegmentedRaftLogWorker (SegmentedRaftLogWorker.java:lambda$new$0(135)) - om1@group-C5BA1605619E-SegmentedRaftLogWorker: safeCacheEvictIndex: setUnconditionally 0 -> -1
2023-08-23 22:10:14,259 [om1-impl-thread1] INFO  server.RaftServer$Division (RaftServerImpl.java:start(342)) - om1@group-C5BA1605619E: start as a follower, conf=-1: peers:[om1|rpc:fv-az621-511.fpnbra3ad0zu1hpqauu4rsdf4e.cx.internal.cloudapp.net:9872|priority:0|startupRole:FOLLOWER]|listeners:[], old=null
2023-08-23 22:10:14,259 [om1-impl-thread1] INFO  server.RaftServer$Division (RaftServerImpl.java:setRole(329)) - om1@group-C5BA1605619E: changes role from      null to FOLLOWER at term 0 for startAsFollower
2023-08-23 22:10:14,263 [om1-impl-thread1] INFO  impl.RoleInfo (RoleInfo.java:updateAndGet(139)) - om1: start om1@group-C5BA1605619E-FollowerState
2023-08-23 22:10:14,265 [om1-impl-thread1] INFO  util.JmxRegister (JmxRegister.java:tryRegister(44)) - Successfully registered JMX Bean with object name Ratis:service=RaftServer,group=group-C5BA1605619E,id=om1
2023-08-23 22:10:14,269 [om1-impl-thread1] INFO  server.RaftServerConfigKeys (ConfUtils.java:logGet(46)) - raft.server.snapshot.auto.trigger.enabled = true (custom)
2023-08-23 22:10:14,269 [om1-impl-thread1] INFO  server.RaftServerConfigKeys (ConfUtils.java:logGet(46)) - raft.server.snapshot.auto.trigger.threshold = 400000 (default)
2023-08-23 22:10:14,269 [om1-impl-thread1] INFO  server.RaftServerConfigKeys (ConfUtils.java:logGet(46)) - raft.server.snapshot.retention.file.num = -1 (default)
2023-08-23 22:10:14,269 [om1-impl-thread1] INFO  server.RaftServerConfigKeys (ConfUtils.java:logGet(46)) - raft.server.log.purge.upto.snapshot.index = true (custom)
2023-08-23 22:10:14,270 [Time-limited test] INFO  server.RaftServer (RaftServerProxy.java:startImpl(400)) - om1: start RPC server
2023-08-23 22:10:14,274 [Time-limited test] INFO  server.GrpcService (GrpcService.java:startImpl(302)) - om1: GrpcService started, listening on 9872
2023-08-23 22:10:14,275 [Time-limited test] INFO  om.OzoneManager (OzoneManager.java:startSecretManager(1103)) - Starting OM delegation token secret manager
2023-08-23 22:10:14,275 [Time-limited test] INFO  security.OzoneDelegationTokenSecretManager (OzoneSecretManager.java:updateCurrentKey(175)) - Updating current master key for generating tokens. Cert id 1485393187287
2023-08-23 22:10:14,275 [JvmPauseMonitor6] INFO  util.JvmPauseMonitor (JvmPauseMonitor.java:run(103)) - JvmPauseMonitor-om1: Started
2023-08-23 22:10:14,275 [Time-limited test] INFO  om.OzoneManager (OzoneManager.java:start(1629)) - Version File has different layout version (6) than OM DB (null). That is expected if this OM has never been finalized to a newer layout version.
2023-08-23 22:10:14,277 [Thread[Thread-1466,5,FailOnTimeoutGroup]] INFO  security.OzoneDelegationTokenSecretManager (OzoneDelegationTokenSecretManager.java:run(636)) - Starting expired delegation token remover thread, tokenRemoverScanInterval=60 min(s)
2023-08-23 22:10:14,280 [om1@group-C5BA1605619E-FollowerState] INFO  server.RaftServerConfigKeys (ConfUtils.java:logFallback(53)) - raft.server.rpc.first-election.timeout.min = 5s (fallback to raft.server.rpc.timeout.min)
2023-08-23 22:10:14,280 [om1@group-C5BA1605619E-FollowerState] INFO  server.RaftServerConfigKeys (ConfUtils.java:logFallback(53)) - raft.server.rpc.first-election.timeout.max = 5200ms (fallback to raft.server.rpc.timeout.max)
2023-08-23 22:10:14,285 [Time-limited test] INFO  http.BaseHttpServer (BaseHttpServer.java:newHttpServer2BuilderForOzone(224)) - Starting Web-server for ozoneManager at: http://0.0.0.0:9874
2023-08-23 22:10:14,285 [Time-limited test] INFO  http.BaseHttpServer (BaseHttpServer.java:<init>(111)) - Hadoop Security Enabled: true Ozone Security Enabled: true Ozone HTTP Security Enabled: false 
2023-08-23 22:10:14,286 [Time-limited test] WARN  server.AuthenticationFilter (AuthenticationFilter.java:constructSecretProvider(240)) - Unable to initialize FileSignerSecretProvider, falling back to use random secrets. Reason: Could not read signature secret file: /home/runner/hadoop-http-auth-signature-secret
2023-08-23 22:10:14,287 [Time-limited test] INFO  http.HttpRequestLog (HttpRequestLog.java:getRequestLog(86)) - Http request log for http.requests.ozoneManager is not defined
2023-08-23 22:10:14,288 [Time-limited test] INFO  http.HttpServer2 (HttpServer2.java:addGlobalFilter(1031)) - Added global filter 'safety' (class=org.apache.hadoop.hdds.server.http.HttpServer2$QuotingInputFilter)
2023-08-23 22:10:14,289 [Time-limited test] INFO  http.HttpServer2 (HttpServer2.java:addFilter(1007)) - Added filter static_user_filter (class=org.apache.hadoop.http.lib.StaticUserWebFilter$StaticUserFilter) to context ozoneManager
2023-08-23 22:10:14,289 [Time-limited test] INFO  http.HttpServer2 (HttpServer2.java:addFilter(1015)) - Added filter static_user_filter (class=org.apache.hadoop.http.lib.StaticUserWebFilter$StaticUserFilter) to context static
2023-08-23 22:10:14,289 [Time-limited test] INFO  http.HttpServer2 (HttpServer2.java:addFilter(1015)) - Added filter static_user_filter (class=org.apache.hadoop.http.lib.StaticUserWebFilter$StaticUserFilter) to context logs
2023-08-23 22:10:14,289 [Time-limited test] INFO  http.BaseHttpServer (BaseHttpServer.java:<init>(190)) - HTTP server of ozoneManager uses base directory /tmp/junit5991889454203888074/junit2810388331867854122/om-meta/webserver
2023-08-23 22:10:14,290 [Time-limited test] INFO  http.HttpServer2 (HttpServer2.java:bindListener(1250)) - Jetty bound to port 9874
2023-08-23 22:10:14,290 [Time-limited test] INFO  server.Server (Server.java:doStart(375)) - jetty-9.4.51.v20230217; built: 2023-02-17T08:19:37.309Z; git: b45c405e4544384de066f814ed42ae3dceacdd49; jvm 1.8.0_382-b05
2023-08-23 22:10:14,291 [Time-limited test] INFO  server.session (DefaultSessionIdManager.java:doStart(334)) - DefaultSessionIdManager workerName=node0
2023-08-23 22:10:14,291 [Time-limited test] INFO  server.session (DefaultSessionIdManager.java:doStart(339)) - No SessionScavenger set, using defaults
2023-08-23 22:10:14,291 [Time-limited test] INFO  server.session (HouseKeeper.java:startScavenging(132)) - node0 Scavenging every 600000ms
2023-08-23 22:10:14,292 [Time-limited test] INFO  handler.ContextHandler (ContextHandler.java:doStart(921)) - Started o.e.j.s.ServletContextHandler@42f017bc{logs,/logs,file:///home/runner/work/ozone/ozone/hadoop-ozone/integration-test/target/log,AVAILABLE}
2023-08-23 22:10:14,292 [Time-limited test] INFO  handler.ContextHandler (ContextHandler.java:doStart(921)) - Started o.e.j.s.ServletContextHandler@7f95408d{static,/static,file:///home/runner/work/ozone/ozone/hadoop-ozone/integration-test/target/test-classes/webapps/static,AVAILABLE}
2023-08-23 22:10:14,295 [Time-limited test] INFO  handler.ContextHandler (ContextHandler.java:doStart(921)) - Started o.e.j.w.WebAppContext@4cb2309f{ozoneManager,/,file:///home/runner/work/ozone/ozone/hadoop-ozone/integration-test/target/test-classes/webapps/ozoneManager/,AVAILABLE}{file:/home/runner/work/ozone/ozone/hadoop-ozone/integration-test/target/test-classes/webapps/ozoneManager}
2023-08-23 22:10:14,299 [Time-limited test] INFO  server.AbstractConnector (AbstractConnector.java:doStart(333)) - Started ServerConnector@d4b4abc{HTTP/1.1, (http/1.1)}{0.0.0.0:9874}
2023-08-23 22:10:14,299 [Time-limited test] INFO  server.Server (Server.java:doStart(415)) - Started @78874ms
2023-08-23 22:10:14,299 [Time-limited test] WARN  impl.MetricsSystemImpl (MetricsSystemImpl.java:register(279)) - Sink prometheus already exists!
2023-08-23 22:10:14,299 [Time-limited test] INFO  http.BaseHttpServer (BaseHttpServer.java:updateConnectorAddress(344)) - HTTP server of ozoneManager listening at http://0.0.0.0:9874
2023-08-23 22:10:14,300 [IPC Server Responder] INFO  ipc.Server (Server.java:run(1562)) - IPC Server Responder: starting
2023-08-23 22:10:14,300 [IPC Server listener on 1202] INFO  ipc.Server (Server.java:run(1402)) - IPC Server listener on 1202: starting
2023-08-23 22:10:14,306 [Time-limited test] INFO  om.OzoneManager (OzoneManager.java:startTrashEmptier(2081)) - Trash Interval set to 0. Files deleted won't move to trash
2023-08-23 22:10:19,456 [om1@group-C5BA1605619E-FollowerState] INFO  impl.FollowerState (FollowerState.java:run(143)) - om1@group-C5BA1605619E-FollowerState: change to CANDIDATE, lastRpcElapsedTime:5192228990ns, electionTimeout:5175ms
2023-08-23 22:10:19,456 [om1@group-C5BA1605619E-FollowerState] INFO  impl.RoleInfo (RoleInfo.java:shutdownFollowerState(110)) - om1: shutdown om1@group-C5BA1605619E-FollowerState
2023-08-23 22:10:19,457 [om1@group-C5BA1605619E-FollowerState] INFO  server.RaftServer$Division (RaftServerImpl.java:setRole(329)) - om1@group-C5BA1605619E: changes role from  FOLLOWER to CANDIDATE at term 0 for changeToCandidate
2023-08-23 22:10:19,457 [om1@group-C5BA1605619E-FollowerState] INFO  server.RaftServerConfigKeys (ConfUtils.java:logGet(46)) - raft.server.leaderelection.pre-vote = true (default)
2023-08-23 22:10:19,457 [om1@group-C5BA1605619E-FollowerState] INFO  impl.RoleInfo (RoleInfo.java:updateAndGet(139)) - om1: start om1@group-C5BA1605619E-LeaderElection3
2023-08-23 22:10:19,459 [om1@group-C5BA1605619E-LeaderElection3] INFO  impl.LeaderElection (LeaderElection.java:askForVotes(321)) - om1@group-C5BA1605619E-LeaderElection3 PRE_VOTE round 0: submit vote requests at term 0 for -1: peers:[om1|rpc:fv-az621-511.fpnbra3ad0zu1hpqauu4rsdf4e.cx.internal.cloudapp.net:9872|priority:0|startupRole:FOLLOWER]|listeners:[], old=null
2023-08-23 22:10:19,459 [om1@group-C5BA1605619E-LeaderElection3] INFO  impl.LeaderElection (LeaderElection.java:askForVotes(323)) - om1@group-C5BA1605619E-LeaderElection3 PRE_VOTE round 0: result PASSED (term=0)
2023-08-23 22:10:19,461 [om1@group-C5BA1605619E-LeaderElection3] INFO  impl.LeaderElection (LeaderElection.java:askForVotes(321)) - om1@group-C5BA1605619E-LeaderElection3 ELECTION round 0: submit vote requests at term 1 for -1: peers:[om1|rpc:fv-az621-511.fpnbra3ad0zu1hpqauu4rsdf4e.cx.internal.cloudapp.net:9872|priority:0|startupRole:FOLLOWER]|listeners:[], old=null
2023-08-23 22:10:19,461 [om1@group-C5BA1605619E-LeaderElection3] INFO  impl.LeaderElection (LeaderElection.java:askForVotes(323)) - om1@group-C5BA1605619E-LeaderElection3 ELECTION round 0: result PASSED (term=1)
2023-08-23 22:10:19,461 [om1@group-C5BA1605619E-LeaderElection3] INFO  impl.RoleInfo (RoleInfo.java:shutdownLeaderElection(130)) - om1: shutdown om1@group-C5BA1605619E-LeaderElection3
2023-08-23 22:10:19,461 [om1@group-C5BA1605619E-LeaderElection3] INFO  server.RaftServer$Division (RaftServerImpl.java:setRole(329)) - om1@group-C5BA1605619E: changes role from CANDIDATE to LEADER at term 1 for changeToLeader
2023-08-23 22:10:19,461 [om1@group-C5BA1605619E-LeaderElection3] INFO  server.RaftServer$Division (ServerState.java:setLeader(317)) - om1@group-C5BA1605619E: change Leader from null to om1 at term 1 for becomeLeader, leader elected after 6001ms
2023-08-23 22:10:19,462 [om1@group-C5BA1605619E-LeaderElection3] INFO  server.RaftServerConfigKeys (ConfUtils.java:logGet(46)) - raft.server.staging.catchup.gap = 1000 (default)
2023-08-23 22:10:19,462 [om1@group-C5BA1605619E-LeaderElection3] INFO  server.RaftServerConfigKeys (ConfUtils.java:logGet(46)) - raft.server.write.element-limit = 4096 (default)
2023-08-23 22:10:19,462 [om1@group-C5BA1605619E-LeaderElection3] INFO  server.RaftServerConfigKeys (ConfUtils.java:logGet(46)) - raft.server.write.byte-limit = 64MB (=67108864) (default)
2023-08-23 22:10:19,462 [om1@group-C5BA1605619E-LeaderElection3] INFO  server.RaftServerConfigKeys (ConfUtils.java:logGet(46)) - raft.server.watch.timeout = 10s (default)
2023-08-23 22:10:19,462 [om1@group-C5BA1605619E-LeaderElection3] INFO  server.RaftServerConfigKeys (ConfUtils.java:logGet(46)) - raft.server.watch.timeout.denomination = 1s (default)
2023-08-23 22:10:19,462 [om1@group-C5BA1605619E-LeaderElection3] INFO  server.RaftServerConfigKeys (ConfUtils.java:logGet(46)) - raft.server.watch.element-limit = 65536 (default)
2023-08-23 22:10:19,462 [om1@group-C5BA1605619E-LeaderElection3] INFO  server.RaftServerConfigKeys (ConfUtils.java:logGet(46)) - raft.server.write.element-limit = 4096 (default)
2023-08-23 22:10:19,462 [om1@group-C5BA1605619E-LeaderElection3] INFO  server.RaftServerConfigKeys (ConfUtils.java:logGet(46)) - raft.server.write.follower.gap.ratio.max = -1.0 (default)
2023-08-23 22:10:19,462 [om1@group-C5BA1605619E-LeaderElection3] INFO  impl.RoleInfo (RoleInfo.java:updateAndGet(139)) - om1: start om1@group-C5BA1605619E-LeaderStateImpl
2023-08-23 22:10:19,462 [om1@group-C5BA1605619E-LeaderElection3] INFO  segmented.SegmentedRaftLogWorker (SegmentedRaftLogWorker.java:startLogSegment(447)) - om1@group-C5BA1605619E-SegmentedRaftLogWorker: Starting segment from index:0
2023-08-23 22:10:19,467 [om1@group-C5BA1605619E-LeaderElection3] INFO  server.RaftServer$Division (ServerState.java:setRaftConf(434)) - om1@group-C5BA1605619E: set configuration 0: peers:[om1|rpc:fv-az621-511.fpnbra3ad0zu1hpqauu4rsdf4e.cx.internal.cloudapp.net:9872|admin:|client:|dataStream:|priority:0|startupRole:FOLLOWER]|listeners:[], old=null
2023-08-23 22:10:19,485 [om1@group-C5BA1605619E-SegmentedRaftLogWorker] INFO  segmented.SegmentedRaftLogWorker (SegmentedRaftLogWorker.java:execute(651)) - om1@group-C5BA1605619E-SegmentedRaftLogWorker: created new log segment /tmp/junit5991889454203888074/junit2810388331867854122/om-meta/ratis/bf265839-605b-3f16-9796-c5ba1605619e/current/log_inprogress_0
2023-08-23 22:10:19,486 [om1@group-C5BA1605619E-StateMachineUpdater] INFO  ratis.OzoneManagerStateMachine (OzoneManagerStateMachine.java:notifyConfigurationChanged(202)) - Received Configuration change notification from Ratis. New Peer list:
[id: "om1"
address: "fv-az621-511.fpnbra3ad0zu1hpqauu4rsdf4e.cx.internal.cloudapp.net:9872"
startupRole: FOLLOWER
]
2023-08-23 22:10:19,522 [pool-390-thread-2] INFO  request.TgsRequest (TgsRequest.java:issueTicket(115)) - TGS_REQ ISSUE: authtime 1692828619522,om/fv-az621-511.fpnbra3ad0zu1hpqauu4rsdf4e.cx.internal.cloudapp.net for om/fv-az621-511.fpnbra3ad0zu1hpqauu4rsdf4e.cx.internal.cloudapp.net@EXAMPLE.COM
2023-08-23 22:10:19,531 [Socket Reader #1 for port 1202] INFO  ipc.Server (Server.java:saslProcess(2139)) - Auth successful for om/fv-az621-511.fpnbra3ad0zu1hpqauu4rsdf4e.cx.internal.cloudapp.net@EXAMPLE.COM (auth:KERBEROS) from fv-az621-511.fpnbra3ad0zu1hpqauu4rsdf4e.cx.internal.cloudapp.net:45953 / 10.1.0.14:45953
2023-08-23 22:10:29,189 [CertificateRenewerService] INFO  utils.SelfSignedCertificate (SelfSignedCertificate.java:generateCertificate(157)) - Certificate 2 is issued by CN=rootCA-new@localhost,OU=scm1,O=cluster1 to CN=rootCA-new@localhost,OU=scm1,O=cluster1, valid from Wed Aug 23 22:10:29 UTC 2023 to Sat Sep 30 22:10:29 UTC 2028
2023-08-23 22:10:29,314 [CertificateRenewerService] INFO  authority.DefaultApprover (DefaultApprover.java:sign(154)) - Extensions in CSR: 2.5.29.15
2023-08-23 22:10:29,315 [CertificateRenewerService] INFO  authority.DefaultApprover (DefaultApprover.java:sign(158)) - Extensions to add to the certificate if they present in CSR: 2.5.29.17, 2.5.29.19, 1.3.6.1.5.5.7.1.12, 2.5.29.35, 2.5.29.37, 2.5.29.15
Wed Aug 23 22:10:29 UTC 2023 certificated is renewed
2023-08-23 22:10:29,318 [CertificateRenewerService] INFO  ssl.PemFileBasedKeyStoresFactory (PemFileBasedKeyStoresFactory.java:notifyCertificateRenewed(157)) - CertificateClientTestImpl notify certificate renewed
2023-08-23 22:10:29,318 [CertificateRenewerService] INFO  ssl.ReloadingX509KeyManager (ReloadingX509KeyManager.java:loadKeyManager(222)) - Key manager is loaded with certificate chain
2023-08-23 22:10:29,319 [CertificateRenewerService] INFO  ssl.ReloadingX509KeyManager (ReloadingX509KeyManager.java:loadKeyManager(224)) - [
[
  Version: V3
  Subject: O=cluster1, OU=scm1, CN=localhost
  Signature Algorithm: SHA256withRSA, OID = 1.2.840.113549.1.1.11

  Key:  Sun RSA public key, 2048 bits
  params: null
  modulus: 19226260089241477851661120398972347731023319960127051701665687424925344149857322134951376003301823795067551016961895231595732388580920955484924935683482151684403304600993858934667826406392979468850290594231260002736910236591183694717327114647059224254118529090762858003983646671139229303188401331872249921282651838477100179482450315550817825408114862015090900744063552306954302276999997528139373906095031949654288141704515670370275424485787025258637724758826693427334805793091410135446782955798779165301448645143759145649389190282667895788556948468796111559873965206134858924099569871963261686011986087165637911901963
  public exponent: 65537
  Validity: [From: Wed Aug 23 22:10:29 UTC 2023,
               To: Wed Aug 23 22:11:09 UTC 2023]
  Issuer: O=cluster1, OU=scm1, CN=rootCA-new@localhost
  SerialNumber: [    015d5bc7 d412]

Certificate Extensions: 1
[1]: ObjectId: 2.5.29.15 Criticality=true
KeyUsage [
  DigitalSignature
  Key_Agreement
]

]
  Algorithm: [SHA256withRSA]
  Signature:
0000: A0 E7 81 8E D0 A9 EF 87   95 4C CE 16 BB CD 0A F4  .........L......
0010: 27 6B 58 1D C2 B2 47 D2   1E 36 96 1F 0D 6C A0 66  'kX...G..6...l.f
0020: 46 61 3E AB 3A F1 32 FA   9F D1 6C EC 00 9B B4 DD  Fa>.:.2...l.....
0030: 04 ED F0 42 1A 1C 30 F6   59 40 F3 BA E0 EB C2 53  ...B..0.Y@.....S
0040: F6 E5 0F 4B B3 DD 1D 61   E6 DF 98 99 0D D1 D9 B8  ...K...a........
0050: 7D 5C B5 A4 C3 35 28 B5   43 99 57 05 B7 EA 6A AC  .\...5(.C.W...j.
0060: 69 71 3D E3 9A 1A 61 B4   52 F0 D3 E1 97 C6 FE BD  iq=...a.R.......
0070: 0E E5 15 65 6C 7A 20 49   BC 32 34 33 92 2E 64 98  ...elz I.243..d.
0080: 9E EE 1A 14 87 55 4B F2   8A C8 12 55 BA 5E 38 FE  .....UK....U.^8.
0090: B9 F0 D5 2D 44 5E 7D 32   B2 63 0B C3 92 07 FC C0  ...-D^.2.c......
00A0: 5C 7F 30 48 72 B7 35 27   A4 E9 FA 0C D4 B0 71 FE  \.0Hr.5'......q.
00B0: FF 43 44 C0 69 DF DA C4   27 BB 38 65 1C 9D B0 9E  .CD.i...'.8e....
00C0: 52 48 DF 37 0C 83 F4 1C   20 CD DA FB 77 FB F6 DE  RH.7.... ...w...
00D0: 05 26 36 5D 2B 40 9B C3   68 4C 70 80 57 59 40 D2  .&6]+@..hLp.WY@.
00E0: 4A 12 15 C4 85 6A 22 34   9D 91 F5 FE 9E B3 94 A9  J....j"4........
00F0: 8E DA 3F 2C DB 4E 90 E4   A6 53 8D 11 5E 4D BB 40  ..?,.N...S..^M.@

]
2023-08-23 22:10:29,320 [CertificateRenewerService] INFO  ssl.ReloadingX509KeyManager (ReloadingX509KeyManager.java:loadKeyManager(224)) - [
[
  Version: V3
  Subject: O=cluster1, OU=scm1, CN=rootCA-new@localhost
  Signature Algorithm: SHA256withRSA, OID = 1.2.840.113549.1.1.11

  Key:  Sun RSA public key, 2048 bits
  params: null
  modulus: 23958487651795571172254309330098976148061665369911950467502698925144260454740242737047493506604588959615267709960672574285797546695266642769482588703503753357616660305760411198724095472871148751062312646410268520280221970376360447028856052249483322290657122325761968357538229661178746719885588491987968300311429122428338889344704891149578774573729620998162781578904577932393238669769669381746066005316991470560278827459910871531336164592582112395969306509965114306355432604829138306311500855616427351106787715701255719572946260666945337310844726169073458845818520958642871704027641588557493041369950840475538238078383
  public exponent: 65537
  Validity: [From: Wed Aug 23 22:10:29 UTC 2023,
               To: Sat Sep 30 22:10:29 UTC 2028]
  Issuer: O=cluster1, OU=scm1, CN=rootCA-new@localhost
  SerialNumber: [    02]

Certificate Extensions: 2
[1]: ObjectId: 2.5.29.19 Criticality=true
BasicConstraints:[
  CA:true
  PathLen:2147483647
]

[2]: ObjectId: 2.5.29.15 Criticality=true
KeyUsage [
  Key_CertSign
  Crl_Sign
]

]
  Algorithm: [SHA256withRSA]
  Signature:
0000: 9B EF 9C BC BE 0C 9B A2   0D CC E4 F2 F0 60 60 80  .............``.
0010: 43 24 51 A5 44 B7 A3 09   6D BE 60 17 CE AB 5C EE  C$Q.D...m.`...\.
0020: 08 F5 D5 F3 A1 56 94 71   C2 31 B8 E8 F6 E1 D8 0C  .....V.q.1......
0030: 65 D4 EA 28 97 81 BC 71   9A 52 51 AA C6 64 3E 73  e..(...q.RQ..d>s
0040: B6 CB E6 E5 EB B8 9D 32   C0 B0 64 F1 2E 6A 3F 13  .......2..d..j?.
0050: 06 F0 DD 06 D0 3C 8B AF   87 C2 37 C8 36 D2 5D 55  .....<....7.6.]U
0060: F7 8A D4 F0 3B A0 2B 83   2D 48 98 2C 05 1A E8 21  ....;.+.-H.,...!
0070: E6 4E 6D 83 43 D0 4F A1   48 AB AC 15 67 D6 97 8C  .Nm.C.O.H...g...
0080: 92 A5 9A 3E 42 A7 97 03   02 1D E7 C0 0B 45 EE 7C  ...>B........E..
0090: 50 65 71 2D ED FF 97 91   66 81 DB 95 34 2E 10 D5  Peq-....f...4...
00A0: 2B 7D 22 BD 48 C3 F2 C3   32 1F 8F 31 1D 04 E7 08  +.".H...2..1....
00B0: BE 30 A9 FE BC C2 88 84   8A FA 36 E0 CF 0F 38 0C  .0........6...8.
00C0: 26 F6 73 B3 A0 8A 2B 6C   F3 A1 10 38 4F 21 E8 CA  &.s...+l...8O!..
00D0: 2B E8 EF 7E 2A C2 6D 64   08 D1 4C B2 C3 AC A5 8C  +...*.md..L.....
00E0: 34 85 E0 D2 2D BD 4A EA   37 5A 01 2E 49 88 7F E0  4...-.J.7Z..I...
00F0: 15 B8 BA DA 31 6F F9 83   D3 AF ED 3C 6E 3F 7B A0  ....1o.....<n?..

]
2023-08-23 22:10:29,323 [CertificateRenewerService] INFO  ssl.ReloadingX509KeyManager (ReloadingX509KeyManager.java:loadFrom(192)) - ReloadingX509KeyManager is reloaded
2023-08-23 22:10:29,323 [CertificateRenewerService] INFO  ssl.ReloadingX509TrustManager (ReloadingX509TrustManager.java:insertCertsToKeystore(188)) - Trust manager is loaded with certificates
2023-08-23 22:10:29,327 [CertificateRenewerService] INFO  ssl.ReloadingX509TrustManager (ReloadingX509TrustManager.java:insertCertsToKeystore(192)) - [
[
  Version: V3
  Subject: O=cluster1, OU=scm1, CN=rootCA@localhost
  Signature Algorithm: SHA256withRSA, OID = 1.2.840.113549.1.1.11

  Key:  Sun RSA public key, 2048 bits
  params: null
  modulus: 30246912606485705093789954406687502721669753217466497364282454489770977205258522229584067783604258452527982226408815612061006465937077037806200733137027245331757624128509066514729347647444692053153723880855510339210361589038352200250014412882277873931368530700397738990725473471919280579337900425539331915972237980964923799509642124474636163271309352025796751273960806171069549956324324057337659328955633405957778993003399844984175460446353845163226241997877767944754091650741459447696838100578502381871725889602345826229509842690857904947711564439489729155024215165627356807963430173511013194950327822958058937071277
  public exponent: 65537
  Validity: [From: Wed Aug 23 22:10:14 UTC 2023,
               To: Sat Sep 30 22:10:14 UTC 2028]
  Issuer: O=cluster1, OU=scm1, CN=rootCA@localhost
  SerialNumber: [    01]

Certificate Extensions: 2
[1]: ObjectId: 2.5.29.19 Criticality=true
BasicConstraints:[
  CA:true
  PathLen:2147483647
]

[2]: ObjectId: 2.5.29.15 Criticality=true
KeyUsage [
  Key_CertSign
  Crl_Sign
]

]
  Algorithm: [SHA256withRSA]
  Signature:
0000: 40 40 97 55 72 16 DD D8   0E 0C 99 50 4C 50 33 BC  @@.Ur......PLP3.
0010: 41 52 A8 F6 61 90 04 FB   8F 25 E2 3C 17 EA E8 14  AR..a....%.<....
0020: 69 53 05 29 8B 20 9D 73   93 82 96 06 57 32 46 34  iS.). .s....W2F4
0030: 69 B4 38 67 6F 91 A4 90   40 03 12 69 CD 85 70 CD  i.8go...@..i..p.
0040: 51 1C 8B 82 56 4F 64 52   D4 62 36 77 AD 37 C1 9C  Q...VOdR.b6w.7..
0050: EE 45 DD F6 18 87 3A 46   A4 5D E6 32 2F D2 69 F2  .E....:F.].2/.i.
0060: 8E FD 0C 8E 7F CF B6 17   34 23 E0 7F 7E CC A3 A2  ........4#......
0070: 51 67 8F 9E 1D 10 84 0C   BB F9 4E 24 8B 28 3F 16  Qg........N$.(?.
0080: D6 42 92 8E 44 B1 89 18   21 40 A9 33 BF 43 EC 93  .B..D...!@.3.C..
0090: 89 5D 32 2B 90 6A 74 57   BB 95 38 1C F3 BC 36 6E  .]2+.jtW..8...6n
00A0: AE 77 58 62 9F 70 28 12   F5 56 6B B2 56 74 80 E4  .wXb.p(..Vk.Vt..
00B0: 32 C5 F2 74 73 06 63 A5   8A EB 4A CA C0 CD 8E DA  2..ts.c...J.....
00C0: 08 6F 1C 34 C1 85 6F 6D   DC 9E 91 5D 3F 69 19 1C  .o.4..om...]?i..
00D0: 22 9B AA 68 94 19 83 F5   B5 9B 0F D1 46 6E B8 3E  "..h........Fn.>
00E0: B7 F5 82 A0 99 9F FF EC   08 DD 6D 54 C6 25 21 67  ..........mT.%!g
00F0: E1 4B 8C AA 8D B3 13 FE   42 70 44 FD 28 36 F3 D7  .K......BpD.(6..

]
2023-08-23 22:10:29,328 [CertificateRenewerService] INFO  ssl.ReloadingX509TrustManager (ReloadingX509TrustManager.java:insertCertsToKeystore(192)) - [
[
  Version: V3
  Subject: O=cluster1, OU=scm1, CN=rootCA-new@localhost
  Signature Algorithm: SHA256withRSA, OID = 1.2.840.113549.1.1.11

  Key:  Sun RSA public key, 2048 bits
  params: null
  modulus: 23958487651795571172254309330098976148061665369911950467502698925144260454740242737047493506604588959615267709960672574285797546695266642769482588703503753357616660305760411198724095472871148751062312646410268520280221970376360447028856052249483322290657122325761968357538229661178746719885588491987968300311429122428338889344704891149578774573729620998162781578904577932393238669769669381746066005316991470560278827459910871531336164592582112395969306509965114306355432604829138306311500855616427351106787715701255719572946260666945337310844726169073458845818520958642871704027641588557493041369950840475538238078383
  public exponent: 65537
  Validity: [From: Wed Aug 23 22:10:29 UTC 2023,
               To: Sat Sep 30 22:10:29 UTC 2028]
  Issuer: O=cluster1, OU=scm1, CN=rootCA-new@localhost
  SerialNumber: [    02]

Certificate Extensions: 2
[1]: ObjectId: 2.5.29.19 Criticality=true
BasicConstraints:[
  CA:true
  PathLen:2147483647
]

[2]: ObjectId: 2.5.29.15 Criticality=true
KeyUsage [
  Key_CertSign
  Crl_Sign
]

]
  Algorithm: [SHA256withRSA]
  Signature:
0000: 9B EF 9C BC BE 0C 9B A2   0D CC E4 F2 F0 60 60 80  .............``.
0010: 43 24 51 A5 44 B7 A3 09   6D BE 60 17 CE AB 5C EE  C$Q.D...m.`...\.
0020: 08 F5 D5 F3 A1 56 94 71   C2 31 B8 E8 F6 E1 D8 0C  .....V.q.1......
0030: 65 D4 EA 28 97 81 BC 71   9A 52 51 AA C6 64 3E 73  e..(...q.RQ..d>s
0040: B6 CB E6 E5 EB B8 9D 32   C0 B0 64 F1 2E 6A 3F 13  .......2..d..j?.
0050: 06 F0 DD 06 D0 3C 8B AF   87 C2 37 C8 36 D2 5D 55  .....<....7.6.]U
0060: F7 8A D4 F0 3B A0 2B 83   2D 48 98 2C 05 1A E8 21  ....;.+.-H.,...!
0070: E6 4E 6D 83 43 D0 4F A1   48 AB AC 15 67 D6 97 8C  .Nm.C.O.H...g...
0080: 92 A5 9A 3E 42 A7 97 03   02 1D E7 C0 0B 45 EE 7C  ...>B........E..
0090: 50 65 71 2D ED FF 97 91   66 81 DB 95 34 2E 10 D5  Peq-....f...4...
00A0: 2B 7D 22 BD 48 C3 F2 C3   32 1F 8F 31 1D 04 E7 08  +.".H...2..1....
00B0: BE 30 A9 FE BC C2 88 84   8A FA 36 E0 CF 0F 38 0C  .0........6...8.
00C0: 26 F6 73 B3 A0 8A 2B 6C   F3 A1 10 38 4F 21 E8 CA  &.s...+l...8O!..
00D0: 2B E8 EF 7E 2A C2 6D 64   08 D1 4C B2 C3 AC A5 8C  +...*.md..L.....
00E0: 34 85 E0 D2 2D BD 4A EA   37 5A 01 2E 49 88 7F E0  4...-.J.7Z..I...
00F0: 15 B8 BA DA 31 6F F9 83   D3 AF ED 3C 6E 3F 7B A0  ....1o.....<n?..

]
2023-08-23 22:10:29,328 [CertificateRenewerService] INFO  ssl.ReloadingX509TrustManager (ReloadingX509TrustManager.java:loadFrom(141)) - ReloadingX509TrustManager is reloaded.
2023-08-23 22:10:29,328 [CertificateRenewerService] INFO  ssl.PemFileBasedKeyStoresFactory (PemFileBasedKeyStoresFactory.java:notifyCertificateRenewed(157)) - CertificateClientTestImpl notify certificate renewed
2023-08-23 22:10:29,329 [CertificateRenewerService] INFO  ssl.ReloadingX509KeyManager (ReloadingX509KeyManager.java:loadKeyManager(222)) - Key manager is loaded with certificate chain
2023-08-23 22:10:29,330 [CertificateRenewerService] INFO  ssl.ReloadingX509KeyManager (ReloadingX509KeyManager.java:loadKeyManager(224)) - [
[
  Version: V3
  Subject: O=cluster1, OU=scm1, CN=localhost
  Signature Algorithm: SHA256withRSA, OID = 1.2.840.113549.1.1.11

  Key:  Sun RSA public key, 2048 bits
  params: null
  modulus: 19226260089241477851661120398972347731023319960127051701665687424925344149857322134951376003301823795067551016961895231595732388580920955484924935683482151684403304600993858934667826406392979468850290594231260002736910236591183694717327114647059224254118529090762858003983646671139229303188401331872249921282651838477100179482450315550817825408114862015090900744063552306954302276999997528139373906095031949654288141704515670370275424485787025258637724758826693427334805793091410135446782955798779165301448645143759145649389190282667895788556948468796111559873965206134858924099569871963261686011986087165637911901963
  public exponent: 65537
  Validity: [From: Wed Aug 23 22:10:29 UTC 2023,
               To: Wed Aug 23 22:11:09 UTC 2023]
  Issuer: O=cluster1, OU=scm1, CN=rootCA-new@localhost
  SerialNumber: [    015d5bc7 d412]

Certificate Extensions: 1
[1]: ObjectId: 2.5.29.15 Criticality=true
KeyUsage [
  DigitalSignature
  Key_Agreement
]

]
  Algorithm: [SHA256withRSA]
  Signature:
0000: A0 E7 81 8E D0 A9 EF 87   95 4C CE 16 BB CD 0A F4  .........L......
0010: 27 6B 58 1D C2 B2 47 D2   1E 36 96 1F 0D 6C A0 66  'kX...G..6...l.f
0020: 46 61 3E AB 3A F1 32 FA   9F D1 6C EC 00 9B B4 DD  Fa>.:.2...l.....
0030: 04 ED F0 42 1A 1C 30 F6   59 40 F3 BA E0 EB C2 53  ...B..0.Y@.....S
0040: F6 E5 0F 4B B3 DD 1D 61   E6 DF 98 99 0D D1 D9 B8  ...K...a........
0050: 7D 5C B5 A4 C3 35 28 B5   43 99 57 05 B7 EA 6A AC  .\...5(.C.W...j.
0060: 69 71 3D E3 9A 1A 61 B4   52 F0 D3 E1 97 C6 FE BD  iq=...a.R.......
0070: 0E E5 15 65 6C 7A 20 49   BC 32 34 33 92 2E 64 98  ...elz I.243..d.
0080: 9E EE 1A 14 87 55 4B F2   8A C8 12 55 BA 5E 38 FE  .....UK....U.^8.
0090: B9 F0 D5 2D 44 5E 7D 32   B2 63 0B C3 92 07 FC C0  ...-D^.2.c......
00A0: 5C 7F 30 48 72 B7 35 27   A4 E9 FA 0C D4 B0 71 FE  \.0Hr.5'......q.
00B0: FF 43 44 C0 69 DF DA C4   27 BB 38 65 1C 9D B0 9E  .CD.i...'.8e....
00C0: 52 48 DF 37 0C 83 F4 1C   20 CD DA FB 77 FB F6 DE  RH.7.... ...w...
00D0: 05 26 36 5D 2B 40 9B C3   68 4C 70 80 57 59 40 D2  .&6]+@..hLp.WY@.
00E0: 4A 12 15 C4 85 6A 22 34   9D 91 F5 FE 9E B3 94 A9  J....j"4........
00F0: 8E DA 3F 2C DB 4E 90 E4   A6 53 8D 11 5E 4D BB 40  ..?,.N...S..^M.@

]
2023-08-23 22:10:29,330 [CertificateRenewerService] INFO  ssl.ReloadingX509KeyManager (ReloadingX509KeyManager.java:loadKeyManager(224)) - [
[
  Version: V3
  Subject: O=cluster1, OU=scm1, CN=rootCA-new@localhost
  Signature Algorithm: SHA256withRSA, OID = 1.2.840.113549.1.1.11

  Key:  Sun RSA public key, 2048 bits
  params: null
  modulus: 23958487651795571172254309330098976148061665369911950467502698925144260454740242737047493506604588959615267709960672574285797546695266642769482588703503753357616660305760411198724095472871148751062312646410268520280221970376360447028856052249483322290657122325761968357538229661178746719885588491987968300311429122428338889344704891149578774573729620998162781578904577932393238669769669381746066005316991470560278827459910871531336164592582112395969306509965114306355432604829138306311500855616427351106787715701255719572946260666945337310844726169073458845818520958642871704027641588557493041369950840475538238078383
  public exponent: 65537
  Validity: [From: Wed Aug 23 22:10:29 UTC 2023,
               To: Sat Sep 30 22:10:29 UTC 2028]
  Issuer: O=cluster1, OU=scm1, CN=rootCA-new@localhost
  SerialNumber: [    02]

Certificate Extensions: 2
[1]: ObjectId: 2.5.29.19 Criticality=true
BasicConstraints:[
  CA:true
  PathLen:2147483647
]

[2]: ObjectId: 2.5.29.15 Criticality=true
KeyUsage [
  Key_CertSign
  Crl_Sign
]

]
  Algorithm: [SHA256withRSA]
  Signature:
0000: 9B EF 9C BC BE 0C 9B A2   0D CC E4 F2 F0 60 60 80  .............``.
0010: 43 24 51 A5 44 B7 A3 09   6D BE 60 17 CE AB 5C EE  C$Q.D...m.`...\.
0020: 08 F5 D5 F3 A1 56 94 71   C2 31 B8 E8 F6 E1 D8 0C  .....V.q.1......
0030: 65 D4 EA 28 97 81 BC 71   9A 52 51 AA C6 64 3E 73  e..(...q.RQ..d>s
0040: B6 CB E6 E5 EB B8 9D 32   C0 B0 64 F1 2E 6A 3F 13  .......2..d..j?.
0050: 06 F0 DD 06 D0 3C 8B AF   87 C2 37 C8 36 D2 5D 55  .....<....7.6.]U
0060: F7 8A D4 F0 3B A0 2B 83   2D 48 98 2C 05 1A E8 21  ....;.+.-H.,...!
0070: E6 4E 6D 83 43 D0 4F A1   48 AB AC 15 67 D6 97 8C  .Nm.C.O.H...g...
0080: 92 A5 9A 3E 42 A7 97 03   02 1D E7 C0 0B 45 EE 7C  ...>B........E..
0090: 50 65 71 2D ED FF 97 91   66 81 DB 95 34 2E 10 D5  Peq-....f...4...
00A0: 2B 7D 22 BD 48 C3 F2 C3   32 1F 8F 31 1D 04 E7 08  +.".H...2..1....
00B0: BE 30 A9 FE BC C2 88 84   8A FA 36 E0 CF 0F 38 0C  .0........6...8.
00C0: 26 F6 73 B3 A0 8A 2B 6C   F3 A1 10 38 4F 21 E8 CA  &.s...+l...8O!..
00D0: 2B E8 EF 7E 2A C2 6D 64   08 D1 4C B2 C3 AC A5 8C  +...*.md..L.....
00E0: 34 85 E0 D2 2D BD 4A EA   37 5A 01 2E 49 88 7F E0  4...-.J.7Z..I...
00F0: 15 B8 BA DA 31 6F F9 83   D3 AF ED 3C 6E 3F 7B A0  ....1o.....<n?..

]
2023-08-23 22:10:29,330 [CertificateRenewerService] INFO  ssl.ReloadingX509KeyManager (ReloadingX509KeyManager.java:loadFrom(192)) - ReloadingX509KeyManager is reloaded
2023-08-23 22:10:29,330 [CertificateRenewerService] INFO  ssl.ReloadingX509TrustManager (ReloadingX509TrustManager.java:insertCertsToKeystore(188)) - Trust manager is loaded with certificates
2023-08-23 22:10:29,331 [CertificateRenewerService] INFO  ssl.ReloadingX509TrustManager (ReloadingX509TrustManager.java:insertCertsToKeystore(192)) - [
[
  Version: V3
  Subject: O=cluster1, OU=scm1, CN=rootCA@localhost
  Signature Algorithm: SHA256withRSA, OID = 1.2.840.113549.1.1.11

  Key:  Sun RSA public key, 2048 bits
  params: null
  modulus: 30246912606485705093789954406687502721669753217466497364282454489770977205258522229584067783604258452527982226408815612061006465937077037806200733137027245331757624128509066514729347647444692053153723880855510339210361589038352200250014412882277873931368530700397738990725473471919280579337900425539331915972237980964923799509642124474636163271309352025796751273960806171069549956324324057337659328955633405957778993003399844984175460446353845163226241997877767944754091650741459447696838100578502381871725889602345826229509842690857904947711564439489729155024215165627356807963430173511013194950327822958058937071277
  public exponent: 65537
  Validity: [From: Wed Aug 23 22:10:14 UTC 2023,
               To: Sat Sep 30 22:10:14 UTC 2028]
  Issuer: O=cluster1, OU=scm1, CN=rootCA@localhost
  SerialNumber: [    01]

Certificate Extensions: 2
[1]: ObjectId: 2.5.29.19 Criticality=true
BasicConstraints:[
  CA:true
  PathLen:2147483647
]

[2]: ObjectId: 2.5.29.15 Criticality=true
KeyUsage [
  Key_CertSign
  Crl_Sign
]

]
  Algorithm: [SHA256withRSA]
  Signature:
0000: 40 40 97 55 72 16 DD D8   0E 0C 99 50 4C 50 33 BC  @@.Ur......PLP3.
0010: 41 52 A8 F6 61 90 04 FB   8F 25 E2 3C 17 EA E8 14  AR..a....%.<....
0020: 69 53 05 29 8B 20 9D 73   93 82 96 06 57 32 46 34  iS.). .s....W2F4
0030: 69 B4 38 67 6F 91 A4 90   40 03 12 69 CD 85 70 CD  i.8go...@..i..p.
0040: 51 1C 8B 82 56 4F 64 52   D4 62 36 77 AD 37 C1 9C  Q...VOdR.b6w.7..
0050: EE 45 DD F6 18 87 3A 46   A4 5D E6 32 2F D2 69 F2  .E....:F.].2/.i.
0060: 8E FD 0C 8E 7F CF B6 17   34 23 E0 7F 7E CC A3 A2  ........4#......
0070: 51 67 8F 9E 1D 10 84 0C   BB F9 4E 24 8B 28 3F 16  Qg........N$.(?.
0080: D6 42 92 8E 44 B1 89 18   21 40 A9 33 BF 43 EC 93  .B..D...!@.3.C..
0090: 89 5D 32 2B 90 6A 74 57   BB 95 38 1C F3 BC 36 6E  .]2+.jtW..8...6n
00A0: AE 77 58 62 9F 70 28 12   F5 56 6B B2 56 74 80 E4  .wXb.p(..Vk.Vt..
00B0: 32 C5 F2 74 73 06 63 A5   8A EB 4A CA C0 CD 8E DA  2..ts.c...J.....
00C0: 08 6F 1C 34 C1 85 6F 6D   DC 9E 91 5D 3F 69 19 1C  .o.4..om...]?i..
00D0: 22 9B AA 68 94 19 83 F5   B5 9B 0F D1 46 6E B8 3E  "..h........Fn.>
00E0: B7 F5 82 A0 99 9F FF EC   08 DD 6D 54 C6 25 21 67  ..........mT.%!g
00F0: E1 4B 8C AA 8D B3 13 FE   42 70 44 FD 28 36 F3 D7  .K......BpD.(6..

]
2023-08-23 22:10:29,331 [CertificateRenewerService] INFO  ssl.ReloadingX509TrustManager (ReloadingX509TrustManager.java:insertCertsToKeystore(192)) - [
[
  Version: V3
  Subject: O=cluster1, OU=scm1, CN=rootCA-new@localhost
  Signature Algorithm: SHA256withRSA, OID = 1.2.840.113549.1.1.11

  Key:  Sun RSA public key, 2048 bits
  params: null
  modulus: 23958487651795571172254309330098976148061665369911950467502698925144260454740242737047493506604588959615267709960672574285797546695266642769482588703503753357616660305760411198724095472871148751062312646410268520280221970376360447028856052249483322290657122325761968357538229661178746719885588491987968300311429122428338889344704891149578774573729620998162781578904577932393238669769669381746066005316991470560278827459910871531336164592582112395969306509965114306355432604829138306311500855616427351106787715701255719572946260666945337310844726169073458845818520958642871704027641588557493041369950840475538238078383
  public exponent: 65537
  Validity: [From: Wed Aug 23 22:10:29 UTC 2023,
               To: Sat Sep 30 22:10:29 UTC 2028]
  Issuer: O=cluster1, OU=scm1, CN=rootCA-new@localhost
  SerialNumber: [    02]

Certificate Extensions: 2
[1]: ObjectId: 2.5.29.19 Criticality=true
BasicConstraints:[
  CA:true
  PathLen:2147483647
]

[2]: ObjectId: 2.5.29.15 Criticality=true
KeyUsage [
  Key_CertSign
  Crl_Sign
]

]
  Algorithm: [SHA256withRSA]
  Signature:
0000: 9B EF 9C BC BE 0C 9B A2   0D CC E4 F2 F0 60 60 80  .............``.
0010: 43 24 51 A5 44 B7 A3 09   6D BE 60 17 CE AB 5C EE  C$Q.D...m.`...\.
0020: 08 F5 D5 F3 A1 56 94 71   C2 31 B8 E8 F6 E1 D8 0C  .....V.q.1......
0030: 65 D4 EA 28 97 81 BC 71   9A 52 51 AA C6 64 3E 73  e..(...q.RQ..d>s
0040: B6 CB E6 E5 EB B8 9D 32   C0 B0 64 F1 2E 6A 3F 13  .......2..d..j?.
0050: 06 F0 DD 06 D0 3C 8B AF   87 C2 37 C8 36 D2 5D 55  .....<....7.6.]U
0060: F7 8A D4 F0 3B A0 2B 83   2D 48 98 2C 05 1A E8 21  ....;.+.-H.,...!
0070: E6 4E 6D 83 43 D0 4F A1   48 AB AC 15 67 D6 97 8C  .Nm.C.O.H...g...
0080: 92 A5 9A 3E 42 A7 97 03   02 1D E7 C0 0B 45 EE 7C  ...>B........E..
0090: 50 65 71 2D ED FF 97 91   66 81 DB 95 34 2E 10 D5  Peq-....f...4...
00A0: 2B 7D 22 BD 48 C3 F2 C3   32 1F 8F 31 1D 04 E7 08  +.".H...2..1....
00B0: BE 30 A9 FE BC C2 88 84   8A FA 36 E0 CF 0F 38 0C  .0........6...8.
00C0: 26 F6 73 B3 A0 8A 2B 6C   F3 A1 10 38 4F 21 E8 CA  &.s...+l...8O!..
00D0: 2B E8 EF 7E 2A C2 6D 64   08 D1 4C B2 C3 AC A5 8C  +...*.md..L.....
00E0: 34 85 E0 D2 2D BD 4A EA   37 5A 01 2E 49 88 7F E0  4...-.J.7Z..I...
00F0: 15 B8 BA DA 31 6F F9 83   D3 AF ED 3C 6E 3F 7B A0  ....1o.....<n?..

]
2023-08-23 22:10:29,331 [CertificateRenewerService] INFO  ssl.ReloadingX509TrustManager (ReloadingX509TrustManager.java:loadFrom(141)) - ReloadingX509TrustManager is reloaded.
2023-08-23 22:10:29,331 [CertificateRenewerService] INFO  security.OzoneDelegationTokenSecretManager (OzoneSecretManager.java:notifyCertificateRenewed(198)) - Certificate is changed from 1485393187287 to 1500483408914
2023-08-23 22:10:29,331 [CertificateRenewerService] INFO  security.OzoneDelegationTokenSecretManager (OzoneSecretManager.java:updateCurrentKey(175)) - Updating current master key for generating tokens. Cert id 1500483408914
2023-08-23 22:10:29,332 [Time-limited test] INFO  om.OzoneManager (OzoneManager.java:stop(2187)) - om1[fv-az621-511.fpnbra3ad0zu1hpqauu4rsdf4e.cx.internal.cloudapp.net:1202]: Stopping Ozone Manager
2023-08-23 22:10:29,332 [Time-limited test] INFO  ipc.Server (Server.java:stop(3523)) - Stopping server on 1202
2023-08-23 22:10:29,341 [IPC Server Responder] INFO  ipc.Server (Server.java:run(1567)) - Stopping IPC Server Responder
2023-08-23 22:10:29,341 [IPC Server listener on 1202] INFO  ipc.Server (Server.java:run(1434)) - Stopping IPC Server listener on 1202
2023-08-23 22:10:29,341 [Time-limited test] INFO  server.RaftServer (RaftServerProxy.java:lambda$close$6(416)) - om1: close
2023-08-23 22:10:29,342 [Time-limited test] INFO  server.GrpcService (GrpcService.java:closeImpl(311)) - om1: shutdown server GrpcServerProtocolService now
2023-08-23 22:10:29,342 [om1-impl-thread1] INFO  server.RaftServer$Division (RaftServerImpl.java:lambda$close$4(466)) - om1@group-C5BA1605619E: shutdown
2023-08-23 22:10:29,342 [om1-impl-thread1] INFO  util.JmxRegister (JmxRegister.java:unregister(73)) - Successfully un-registered JMX Bean with object name Ratis:service=RaftServer,group=group-C5BA1605619E,id=om1
2023-08-23 22:10:29,342 [om1-impl-thread1] INFO  impl.RoleInfo (RoleInfo.java:shutdownLeaderState(93)) - om1: shutdown om1@group-C5BA1605619E-LeaderStateImpl
2023-08-23 22:10:29,342 [om1-impl-thread1] INFO  impl.PendingRequests (PendingRequests.java:sendNotLeaderResponses(289)) - om1@group-C5BA1605619E-PendingRequests: sendNotLeaderResponses
2023-08-23 22:10:29,343 [om1-impl-thread1] INFO  impl.StateMachineUpdater (StateMachineUpdater.java:stopAndJoin(155)) - om1@group-C5BA1605619E-StateMachineUpdater: set stopIndex = 6
2023-08-23 22:10:29,343 [om1@group-C5BA1605619E-StateMachineUpdater] INFO  ratis.OzoneManagerStateMachine (OzoneManagerStateMachine.java:takeSnapshot(480)) - Current Snapshot Index (t:1, i:6)
2023-08-23 22:10:29,344 [Time-limited test] INFO  server.GrpcService (GrpcService.java:closeImpl(320)) - om1: shutdown server GrpcServerProtocolService successfully
2023-08-23 22:10:29,352 [om1@group-C5BA1605619E-StateMachineUpdater] INFO  impl.StateMachineUpdater (StateMachineUpdater.java:takeSnapshot(291)) - om1@group-C5BA1605619E-StateMachineUpdater: Took a snapshot at index 6
2023-08-23 22:10:29,352 [om1@group-C5BA1605619E-StateMachineUpdater] INFO  impl.StateMachineUpdater (StateMachineUpdater.java:lambda$new$0(97)) - om1@group-C5BA1605619E-StateMachineUpdater: snapshotIndex: updateIncreasingly -1 -> 6
2023-08-23 22:10:29,352 [om1@group-C5BA1605619E-StateMachineUpdater] INFO  ratis.OzoneManagerStateMachine (OzoneManagerStateMachine.java:close(534)) - StateMachine has shutdown. Shutdown OzoneManager if not already shutdown.
2023-08-23 22:10:29,353 [om1@group-C5BA1605619E-StateMachineUpdater] INFO  ratis.OzoneManagerDoubleBuffer (OzoneManagerDoubleBuffer.java:stopDaemon(551)) - Stopping OMDoubleBuffer flush thread
2023-08-23 22:10:29,353 [OMDoubleBufferFlushThread] INFO  ratis.OzoneManagerDoubleBuffer (OzoneManagerDoubleBuffer.java:canFlush(638)) - OMDoubleBuffer flush thread OMDoubleBufferFlushThread is interrupted and will exit.
2023-08-23 22:10:29,353 [om1-impl-thread1] INFO  server.RaftServer$Division (ServerState.java:close(472)) - om1@group-C5BA1605619E: closes. applyIndex: 6
2023-08-23 22:10:30,330 [om1-impl-thread1] INFO  segmented.SegmentedRaftLogWorker (SegmentedRaftLogWorker.java:close(252)) - om1@group-C5BA1605619E-SegmentedRaftLogWorker close()
2023-08-23 22:10:30,331 [JvmPauseMonitor6] INFO  util.JvmPauseMonitor (JvmPauseMonitor.java:run(109)) - JvmPauseMonitor-om1: Stopped
2023-08-23 22:10:30,331 [Time-limited test] INFO  ratis.OzoneManagerStateMachine (OzoneManagerStateMachine.java:close(534)) - StateMachine has shutdown. Shutdown OzoneManager if not already shutdown.
2023-08-23 22:10:30,331 [Time-limited test] INFO  ratis.OzoneManagerDoubleBuffer (OzoneManagerDoubleBuffer.java:stopDaemon(560)) - OMDoubleBuffer flush thread is not running.
2023-08-23 22:10:30,331 [Time-limited test] INFO  utils.BackgroundService (BackgroundService.java:shutdown(141)) - Shutting down service KeyDeletingService
2023-08-23 22:10:30,331 [Time-limited test] INFO  utils.BackgroundService (BackgroundService.java:shutdown(141)) - Shutting down service KeyDeletingService
2023-08-23 22:10:30,331 [Time-limited test] INFO  utils.BackgroundService (BackgroundService.java:shutdown(141)) - Shutting down service OpenKeyCleanupService
2023-08-23 22:10:30,332 [Time-limited test] INFO  utils.BackgroundService (BackgroundService.java:shutdown(141)) - Shutting down service SstFilteringService
2023-08-23 22:10:30,332 [Time-limited test] INFO  utils.BackgroundService (BackgroundService.java:shutdown(141)) - Shutting down service SnapshotDeletingService
2023-08-23 22:10:30,335 [Time-limited test] INFO  om.OzoneManager (OzoneManager.java:stopSecretManager(1063)) - Stopping secret key client.
2023-08-23 22:10:30,335 [Time-limited test] INFO  om.OzoneManager (OzoneManager.java:stopSecretManager(1068)) - Stopping OM delegation token secret manager.
2023-08-23 22:10:30,335 [Thread[Thread-1466,5,FailOnTimeoutGroup]] INFO  security.OzoneDelegationTokenSecretManager (OzoneDelegationTokenSecretManager.java:run(653)) - ExpiredTokenRemover was interrupted.
java.lang.InterruptedException: sleep interrupted
	at java.lang.Thread.sleep(Native Method)
	at org.apache.hadoop.ozone.security.OzoneDelegationTokenSecretManager$ExpiredTokenRemover.run(OzoneDelegationTokenSecretManager.java:649)
	at java.lang.Thread.run(Thread.java:750)
2023-08-23 22:10:30,336 [Time-limited test] INFO  handler.ContextHandler (ContextHandler.java:doStop(1159)) - Stopped o.e.j.w.WebAppContext@4cb2309f{ozoneManager,/,null,STOPPED}{file:/home/runner/work/ozone/ozone/hadoop-ozone/integration-test/target/test-classes/webapps/ozoneManager}
2023-08-23 22:10:30,336 [Time-limited test] INFO  server.AbstractConnector (AbstractConnector.java:doStop(383)) - Stopped ServerConnector@d4b4abc{HTTP/1.1, (http/1.1)}{0.0.0.0:9874}
2023-08-23 22:10:30,336 [Time-limited test] INFO  server.session (HouseKeeper.java:stopScavenging(149)) - node0 Stopped scavenging
2023-08-23 22:10:30,336 [Time-limited test] INFO  handler.ContextHandler (ContextHandler.java:doStop(1159)) - Stopped o.e.j.s.ServletContextHandler@7f95408d{static,/static,file:///home/runner/work/ozone/ozone/hadoop-ozone/integration-test/target/test-classes/webapps/static,STOPPED}
2023-08-23 22:10:30,337 [Time-limited test] INFO  handler.ContextHandler (ContextHandler.java:doStop(1159)) - Stopped o.e.j.s.ServletContextHandler@42f017bc{logs,/logs,file:///home/runner/work/ozone/ozone/hadoop-ozone/integration-test/target/log,STOPPED}
2023-08-23 22:10:30,337 [Time-limited test] INFO  rocksdiff.RocksDBCheckpointDiffer (RocksDBCheckpointDiffer.java:close(340)) - Shutting down CompactionDagPruningService.
2023-08-23 22:10:30,339 [Time-limited test] INFO  snapshot.SnapshotDiffManager (SnapshotDiffManager.java:closeExecutorService(1720)) - Shutting down executorService: 'SnapDiffExecutor'
2023-08-23 22:10:30,339 [Time-limited test] INFO  snapshot.SnapshotDiffManager (SnapshotDiffManager.java:closeExecutorService(1720)) - Shutting down executorService: 'SstDumpToolExecutor'
2023-08-23 22:10:30,339 [Time-limited test] INFO  utils.BackgroundService (BackgroundService.java:shutdown(141)) - Shutting down service SnapshotDiffCleanupService
2023-08-23 22:10:30,343 [Time-limited test] INFO  impl.DefaultInternalKdcServerImpl (DefaultInternalKdcServerImpl.java:doStop(102)) - Default Internal kdc server stopped.
2023-08-23 22:10:31,343 [Time-limited test] INFO  minikdc.MiniKdc (MiniKdc.java:stop(359)) - MiniKdc stopped.
2023-08-23 22:10:31,343 [Time-limited test] INFO  om.OzoneManager (OzoneManager.java:stop(2187)) - om1[fv-az621-511.fpnbra3ad0zu1hpqauu4rsdf4e.cx.internal.cloudapp.net:1202]: Stopping Ozone Manager
]]></system-out>
  </testcase>
  <testcase name="testSecureScmStartupSuccess" classname="org.apache.hadoop.ozone.TestSecureOzoneCluster" time="3.608">
    <system-out><![CDATA[2023-08-23 22:10:31,380 [Time-limited test] INFO  net.ServerSocketUtil (ServerSocketUtil.java:getPort(55)) - Using port 9860
2023-08-23 22:10:31,380 [Time-limited test] INFO  net.ServerSocketUtil (ServerSocketUtil.java:getPort(55)) - Using port 9861
2023-08-23 22:10:31,381 [Time-limited test] INFO  net.ServerSocketUtil (ServerSocketUtil.java:getPort(55)) - Using port 9863
2023-08-23 22:10:31,381 [Time-limited test] INFO  net.ServerSocketUtil (ServerSocketUtil.java:getPort(55)) - Using port 9961
2023-08-23 22:10:31,381 [Time-limited test] INFO  net.ServerSocketUtil (ServerSocketUtil.java:getPort(55)) - Using port 1200
2023-08-23 22:10:31,384 [Time-limited test] INFO  net.ServerSocketUtil (ServerSocketUtil.java:getPort(55)) - Using port 1201
2023-08-23 22:10:31,384 [Time-limited test] INFO  minikdc.MiniKdc (MiniKdc.java:<init>(225)) - Configuration:
2023-08-23 22:10:31,384 [Time-limited test] INFO  minikdc.MiniKdc (MiniKdc.java:<init>(226)) - ---------------------------------------------------------------
2023-08-23 22:10:31,384 [Time-limited test] INFO  minikdc.MiniKdc (MiniKdc.java:<init>(228)) -   debug: false
2023-08-23 22:10:31,384 [Time-limited test] INFO  minikdc.MiniKdc (MiniKdc.java:<init>(228)) -   transport: TCP
2023-08-23 22:10:31,384 [Time-limited test] INFO  minikdc.MiniKdc (MiniKdc.java:<init>(228)) -   max.ticket.lifetime: 86400000
2023-08-23 22:10:31,384 [Time-limited test] INFO  minikdc.MiniKdc (MiniKdc.java:<init>(228)) -   org.name: EXAMPLE
2023-08-23 22:10:31,384 [Time-limited test] INFO  minikdc.MiniKdc (MiniKdc.java:<init>(228)) -   kdc.port: 0
2023-08-23 22:10:31,385 [Time-limited test] INFO  minikdc.MiniKdc (MiniKdc.java:<init>(228)) -   org.domain: COM
2023-08-23 22:10:31,385 [Time-limited test] INFO  minikdc.MiniKdc (MiniKdc.java:<init>(228)) -   max.renewable.lifetime: 604800000
2023-08-23 22:10:31,385 [Time-limited test] INFO  minikdc.MiniKdc (MiniKdc.java:<init>(228)) -   instance: DefaultKrbServer
2023-08-23 22:10:31,385 [Time-limited test] INFO  minikdc.MiniKdc (MiniKdc.java:<init>(228)) -   kdc.bind.address: localhost
2023-08-23 22:10:31,385 [Time-limited test] INFO  minikdc.MiniKdc (MiniKdc.java:<init>(230)) - ---------------------------------------------------------------
2023-08-23 22:10:31,403 [Time-limited test] INFO  minikdc.MiniKdc (MiniKdc.java:start(285)) - MiniKdc started.
2023-08-23 22:10:31,504 [Time-limited test] INFO  om.OzoneManager (OzoneManager.java:getOmDetailsProto(4552)) - OzoneManager ports added:[name: "RPC"
value: 1202
]
2023-08-23 22:10:31,504 [Time-limited test] WARN  server.ServerUtils (ServerUtils.java:getScmDbDir(155)) - ozone.scm.db.dirs is not configured. We recommend adding this setting. Falling back to ozone.metadata.dirs instead.
2023-08-23 22:10:31,504 [Time-limited test] INFO  ha.HASecurityUtils (HASecurityUtils.java:initializeSecurity(98)) - Initializing secure StorageContainerManager.
2023-08-23 22:10:31,505 [Time-limited test] INFO  client.SCMCertificateClient (DefaultCertificateClient.java:updateCertSerialId(1244)) - Certificate serial ID set to null
2023-08-23 22:10:31,505 [Time-limited test] ERROR client.SCMCertificateClient (DefaultCertificateClient.java:getCertPath(362)) - Default certificate serial id is not set. Can't locate the default certificate for this client.
2023-08-23 22:10:31,505 [Time-limited test] INFO  client.SCMCertificateClient (DefaultCertificateClient.java:init(715)) - Certificate client init case: 0
2023-08-23 22:10:31,506 [Time-limited test] INFO  client.SCMCertificateClient (SCMCertificateClient.java:handleCase(103)) - Creating keypair for client as keypair and certificate not found.
2023-08-23 22:10:31,664 [Time-limited test] INFO  ha.HASecurityUtils (HASecurityUtils.java:initializeSecurity(108)) - Init response: GETCERT
2023-08-23 22:10:31,814 [Time-limited test] INFO  ozone.OzoneSecurityUtil (OzoneSecurityUtil.java:getValidInetsForCurrentHost(119)) - ip:fe80:0:0:0:20d:3aff:fed9:fc2e%eth0 not returned.
2023-08-23 22:10:31,814 [Time-limited test] INFO  ozone.OzoneSecurityUtil (OzoneSecurityUtil.java:getValidInetsForCurrentHost(116)) - Adding ip:10.1.0.14,host:fv-az621-511.fpnbra3ad0zu1hpqauu4rsdf4e.cx.internal.cloudapp.net
2023-08-23 22:10:31,815 [Time-limited test] INFO  ozone.OzoneSecurityUtil (OzoneSecurityUtil.java:getValidInetsForCurrentHost(119)) - ip:0:0:0:0:0:0:0:1%lo not returned.
2023-08-23 22:10:31,815 [Time-limited test] INFO  ozone.OzoneSecurityUtil (OzoneSecurityUtil.java:getValidInetsForCurrentHost(119)) - ip:127.0.0.1 not returned.
2023-08-23 22:10:31,817 [Time-limited test] INFO  utils.SelfSignedCertificate (SelfSignedCertificate.java:generateCertificate(157)) - Certificate 1 is issued by CN=scm-1@fv-az621-511,OU=fcae40be-e223-4144-aa68-56ca91073067,O=88400cc7-2f10-48cd-afeb-386a0a12c7b7 to CN=scm-1@fv-az621-511,OU=fcae40be-e223-4144-aa68-56ca91073067,O=88400cc7-2f10-48cd-afeb-386a0a12c7b7, valid from Wed Aug 23 22:10:31 UTC 2023 to Sat Sep 30 22:10:31 UTC 2028
2023-08-23 22:10:31,818 [Time-limited test] INFO  utils.CertificateCodec (CertificateCodec.java:writeCertificate(299)) - Save certificate to /tmp/junit4490578081482717157/junit5789803635395640193/scm-meta/scm/ca/certs/certificate.crt
2023-08-23 22:10:31,818 [Time-limited test] INFO  utils.CertificateCodec (CertificateCodec.java:writeCertificate(300)) - Certificate -----BEGIN CERTIFICATE-----
MIID5zCCAs+gAwIBAgIBATANBgkqhkiG9w0BAQsFADB7MRswGQYDVQQDDBJzY20t
MUBmdi1hejYyMS01MTExLTArBgNVBAsMJGZjYWU0MGJlLWUyMjMtNDE0NC1hYTY4
LTU2Y2E5MTA3MzA2NzEtMCsGA1UECgwkODg0MDBjYzctMmYxMC00OGNkLWFmZWIt
Mzg2YTBhMTJjN2I3MB4XDTIzMDgyMzIyMTAzMVoXDTI4MDkzMDIyMTAzMVowezEb
MBkGA1UEAwwSc2NtLTFAZnYtYXo2MjEtNTExMS0wKwYDVQQLDCRmY2FlNDBiZS1l
MjIzLTQxNDQtYWE2OC01NmNhOTEwNzMwNjcxLTArBgNVBAoMJDg4NDAwY2M3LTJm
MTAtNDhjZC1hZmViLTM4NmEwYTEyYzdiNzCCASIwDQYJKoZIhvcNAQEBBQADggEP
ADCCAQoCggEBALAuUKAYXyxntuVA87htR5wcqK9YnULYptDfmTOY9F2JRmgmE/T3
OW7HOTZ5d1kUtataKCZi6+S/MNDxIU9lDzNK3qL12CZM4IZ3iBvyb4q03YQBso2b
MDY4nA5M/iu7e03XHbMgyNer7BQLUyENHbr7A54P6sqskJ5Giwtrd7nZ1i9lRSei
EwxZkot3H7QVXUOFSzd0l1ApLwKZSPHIBSxdH7QtfvtGUVyH/ygyy0QoruddhP9P
gyXNQM4SfgjcWAQ8rsJ0AnrlYVBEDpstrmKMAK3ZmAFw0/qp8jnJfsylKgidnh7k
nJIPIhm8WId66axhgRSDT0d0ChxHObQfwL8CAwEAAaN2MHQwDwYDVR0TAQH/BAUw
AwEB/zAOBgNVHQ8BAf8EBAMCAQYwUQYDVR0RBEowSIcECgEADoJAZnYtYXo2MjEt
NTExLmZwbmJyYTNhZDB6dTFocHFhdXU0cnNkZjRlLmN4LmludGVybmFsLmNsb3Vk
YXBwLm5ldDANBgkqhkiG9w0BAQsFAAOCAQEAnH5IWytuotOgYM8v9CSHfC67PyqJ
IZwRSCYBJeHBRHo6uSNnfrcZml9v8xbzH9fU5msNCRckTUe58D6Ngp2gI1CH1UfU
vKdyJdj0zSm+w3DOt2PDny7Dv7HmFoWpvtwe7UxDOaqi2vElK3v1CcF3fMKmKaA+
Lq+4w3PMGLERqgw0o+sCXak+lL4cZYxsukHQLiSG4ZDh4Iet8cbUY5a5JNB4zuCf
Qnj/KEI4rLHG24K1tP8T1ArRRPo8TbZoJ9A42to+RmVA7lg4Meb7iGzEooxP09ta
AriLrZ43asv6BDUaGiiFvrhwSCxyuH8DEs1+XH2wGKRsgeVQXigqowySFA==
-----END CERTIFICATE-----

2023-08-23 22:10:31,818 [Time-limited test] INFO  client.SCMCertificateClient (SCMCertificateClient.java:getCSRBuilder(165)) - Creating csr for SCM->hostName:fv-az621-511,scmId:fcae40be-e223-4144-aa68-56ca91073067,clusterId:88400cc7-2f10-48cd-afeb-386a0a12c7b7,subject:scm-sub-1502987633292@fv-az621-511
2023-08-23 22:10:31,819 [Time-limited test] INFO  ozone.OzoneSecurityUtil (OzoneSecurityUtil.java:getValidInetsForCurrentHost(119)) - ip:fe80:0:0:0:20d:3aff:fed9:fc2e%eth0 not returned.
2023-08-23 22:10:31,819 [Time-limited test] INFO  ozone.OzoneSecurityUtil (OzoneSecurityUtil.java:getValidInetsForCurrentHost(116)) - Adding ip:10.1.0.14,host:fv-az621-511.fpnbra3ad0zu1hpqauu4rsdf4e.cx.internal.cloudapp.net
2023-08-23 22:10:31,819 [Time-limited test] INFO  ozone.OzoneSecurityUtil (OzoneSecurityUtil.java:getValidInetsForCurrentHost(119)) - ip:0:0:0:0:0:0:0:1%lo not returned.
2023-08-23 22:10:31,819 [Time-limited test] INFO  ozone.OzoneSecurityUtil (OzoneSecurityUtil.java:getValidInetsForCurrentHost(119)) - ip:127.0.0.1 not returned.
2023-08-23 22:10:31,819 [Time-limited test] INFO  ha.HASecurityUtils (HASecurityUtils.java:generateCSR(308)) - Creating csr for SCM->hostName:fv-az621-511,scmId:fcae40be-e223-4144-aa68-56ca91073067,clusterId:88400cc7-2f10-48cd-afeb-386a0a12c7b7,subject:scm-sub-1502988179390@fv-az621-511
2023-08-23 22:10:31,823 [Time-limited test] INFO  authority.DefaultApprover (DefaultApprover.java:sign(154)) - Extensions in CSR: 2.5.29.19, 2.5.29.15, 2.5.29.17
2023-08-23 22:10:31,823 [Time-limited test] INFO  authority.DefaultApprover (DefaultApprover.java:sign(158)) - Extensions to add to the certificate if they present in CSR: 2.5.29.17, 2.5.29.19, 1.3.6.1.5.5.7.1.12, 2.5.29.35, 2.5.29.37, 2.5.29.15
2023-08-23 22:10:31,826 [Time-limited test] INFO  utils.CertificateCodec (CertificateCodec.java:writeCertificate(299)) - Save certificate to /tmp/junit4490578081482717157/junit5789803635395640193/scm-meta/scm/sub-ca/certs/CA-1.crt
2023-08-23 22:10:31,826 [Time-limited test] INFO  utils.CertificateCodec (CertificateCodec.java:writeCertificate(300)) - Certificate -----BEGIN CERTIFICATE-----
MIID5zCCAs+gAwIBAgIBATANBgkqhkiG9w0BAQsFADB7MRswGQYDVQQDDBJzY20t
MUBmdi1hejYyMS01MTExLTArBgNVBAsMJGZjYWU0MGJlLWUyMjMtNDE0NC1hYTY4
LTU2Y2E5MTA3MzA2NzEtMCsGA1UECgwkODg0MDBjYzctMmYxMC00OGNkLWFmZWIt
Mzg2YTBhMTJjN2I3MB4XDTIzMDgyMzIyMTAzMVoXDTI4MDkzMDIyMTAzMVowezEb
MBkGA1UEAwwSc2NtLTFAZnYtYXo2MjEtNTExMS0wKwYDVQQLDCRmY2FlNDBiZS1l
MjIzLTQxNDQtYWE2OC01NmNhOTEwNzMwNjcxLTArBgNVBAoMJDg4NDAwY2M3LTJm
MTAtNDhjZC1hZmViLTM4NmEwYTEyYzdiNzCCASIwDQYJKoZIhvcNAQEBBQADggEP
ADCCAQoCggEBALAuUKAYXyxntuVA87htR5wcqK9YnULYptDfmTOY9F2JRmgmE/T3
OW7HOTZ5d1kUtataKCZi6+S/MNDxIU9lDzNK3qL12CZM4IZ3iBvyb4q03YQBso2b
MDY4nA5M/iu7e03XHbMgyNer7BQLUyENHbr7A54P6sqskJ5Giwtrd7nZ1i9lRSei
EwxZkot3H7QVXUOFSzd0l1ApLwKZSPHIBSxdH7QtfvtGUVyH/ygyy0QoruddhP9P
gyXNQM4SfgjcWAQ8rsJ0AnrlYVBEDpstrmKMAK3ZmAFw0/qp8jnJfsylKgidnh7k
nJIPIhm8WId66axhgRSDT0d0ChxHObQfwL8CAwEAAaN2MHQwDwYDVR0TAQH/BAUw
AwEB/zAOBgNVHQ8BAf8EBAMCAQYwUQYDVR0RBEowSIcECgEADoJAZnYtYXo2MjEt
NTExLmZwbmJyYTNhZDB6dTFocHFhdXU0cnNkZjRlLmN4LmludGVybmFsLmNsb3Vk
YXBwLm5ldDANBgkqhkiG9w0BAQsFAAOCAQEAnH5IWytuotOgYM8v9CSHfC67PyqJ
IZwRSCYBJeHBRHo6uSNnfrcZml9v8xbzH9fU5msNCRckTUe58D6Ngp2gI1CH1UfU
vKdyJdj0zSm+w3DOt2PDny7Dv7HmFoWpvtwe7UxDOaqi2vElK3v1CcF3fMKmKaA+
Lq+4w3PMGLERqgw0o+sCXak+lL4cZYxsukHQLiSG4ZDh4Iet8cbUY5a5JNB4zuCf
Qnj/KEI4rLHG24K1tP8T1ArRRPo8TbZoJ9A42to+RmVA7lg4Meb7iGzEooxP09ta
AriLrZ43asv6BDUaGiiFvrhwSCxyuH8DEs1+XH2wGKRsgeVQXigqowySFA==
-----END CERTIFICATE-----

2023-08-23 22:10:31,827 [Time-limited test] INFO  utils.CertificateCodec (CertificateCodec.java:writeCertificate(299)) - Save certificate to /tmp/junit4490578081482717157/junit5789803635395640193/scm-meta/scm/sub-ca/certs/1502991684280.crt
2023-08-23 22:10:31,827 [Time-limited test] INFO  utils.CertificateCodec (CertificateCodec.java:writeCertificate(300)) - Certificate -----BEGIN CERTIFICATE-----
MIID/TCCAuWgAwIBAgIGAV3xSRK4MA0GCSqGSIb3DQEBCwUAMHsxGzAZBgNVBAMM
EnNjbS0xQGZ2LWF6NjIxLTUxMTEtMCsGA1UECwwkZmNhZTQwYmUtZTIyMy00MTQ0
LWFhNjgtNTZjYTkxMDczMDY3MS0wKwYDVQQKDCQ4ODQwMGNjNy0yZjEwLTQ4Y2Qt
YWZlYi0zODZhMGExMmM3YjcwHhcNMjMwODIzMjIxMDMxWhcNMjgwOTMwMjIxMDMx
WjCBizErMCkGA1UEAwwic2NtLXN1Yi0xNTAyOTg4MTc5MzkwQGZ2LWF6NjIxLTUx
MTEtMCsGA1UECwwkZmNhZTQwYmUtZTIyMy00MTQ0LWFhNjgtNTZjYTkxMDczMDY3
MS0wKwYDVQQKDCQ4ODQwMGNjNy0yZjEwLTQ4Y2QtYWZlYi0zODZhMGExMmM3Yjcw
ggEiMA0GCSqGSIb3DQEBAQUAA4IBDwAwggEKAoIBAQDS5dkxdT6m24WG0DXI5mHU
zIVYNVGuMiVZTTIzJsVgOiDcLqA3WatOW3YLcgTxYMK8ffi1hsgNuqNrRx6R9S2h
a+QMJohdL3z1+fhVj/ssZcMQTEqVT7zDd74KBGAJFr9MipapGJsepEHBeQSW7Ruc
/gP8nyVPzSZo03RsqvBkdJ7rQNrYBxCF3yvBwZ4zIT/rEopeV9QJnx7LqNuQNsJ+
q6VoZN+RlCmo7yrUyUjU0ur/ovjjP9klensP5v2ioDNFtPI7luuBa4VqqpdRr91d
jfDwanAQ/OeWZDlXfPsAhGn43UHM3WOWmJFpGdHhXMwmYSj5j2QTDPmNB6+MRUCr
AgMBAAGjdjB0MFEGA1UdEQRKMEiHBAoBAA6CQGZ2LWF6NjIxLTUxMS5mcG5icmEz
YWQwenUxaHBxYXV1NHJzZGY0ZS5jeC5pbnRlcm5hbC5jbG91ZGFwcC5uZXQwDwYD
VR0TAQH/BAUwAwEB/zAOBgNVHQ8BAf8EBAMCAb4wDQYJKoZIhvcNAQELBQADggEB
ADD8DDqRE1TNwT5M7OuKgyo3OgstH/los1SoU5l+Q5Oz2g+Kd7eLt3QYB2r+XgHL
1L3YzVbJTL0bFV6D6fbjvyQi9tDKxj0peHwUBP9muTvsywtZK1SR+4syf+JmCqx9
l4jmqb29T26sxU/ROy1+/wG1Lgq5uLHuJvwKrcGyrr3HdnKhoVPhXJNWvuzglyv6
wCPEA85ReQNU9cdpH7IWUDwrC7kcysG2vhC6OeepEeC5YCGxvwPZn2xJQ8ncQuyP
WYBVBlCp7UnMH2SodLSYKWWI4P+gfjQNeYZSQpXR9ymCDVdEH1YU2dqdni9aP2PZ
036y1wNQmDKv17dejS+joTM=
-----END CERTIFICATE-----

-----BEGIN CERTIFICATE-----
MIID5zCCAs+gAwIBAgIBATANBgkqhkiG9w0BAQsFADB7MRswGQYDVQQDDBJzY20t
MUBmdi1hejYyMS01MTExLTArBgNVBAsMJGZjYWU0MGJlLWUyMjMtNDE0NC1hYTY4
LTU2Y2E5MTA3MzA2NzEtMCsGA1UECgwkODg0MDBjYzctMmYxMC00OGNkLWFmZWIt
Mzg2YTBhMTJjN2I3MB4XDTIzMDgyMzIyMTAzMVoXDTI4MDkzMDIyMTAzMVowezEb
MBkGA1UEAwwSc2NtLTFAZnYtYXo2MjEtNTExMS0wKwYDVQQLDCRmY2FlNDBiZS1l
MjIzLTQxNDQtYWE2OC01NmNhOTEwNzMwNjcxLTArBgNVBAoMJDg4NDAwY2M3LTJm
MTAtNDhjZC1hZmViLTM4NmEwYTEyYzdiNzCCASIwDQYJKoZIhvcNAQEBBQADggEP
ADCCAQoCggEBALAuUKAYXyxntuVA87htR5wcqK9YnULYptDfmTOY9F2JRmgmE/T3
OW7HOTZ5d1kUtataKCZi6+S/MNDxIU9lDzNK3qL12CZM4IZ3iBvyb4q03YQBso2b
MDY4nA5M/iu7e03XHbMgyNer7BQLUyENHbr7A54P6sqskJ5Giwtrd7nZ1i9lRSei
EwxZkot3H7QVXUOFSzd0l1ApLwKZSPHIBSxdH7QtfvtGUVyH/ygyy0QoruddhP9P
gyXNQM4SfgjcWAQ8rsJ0AnrlYVBEDpstrmKMAK3ZmAFw0/qp8jnJfsylKgidnh7k
nJIPIhm8WId66axhgRSDT0d0ChxHObQfwL8CAwEAAaN2MHQwDwYDVR0TAQH/BAUw
AwEB/zAOBgNVHQ8BAf8EBAMCAQYwUQYDVR0RBEowSIcECgEADoJAZnYtYXo2MjEt
NTExLmZwbmJyYTNhZDB6dTFocHFhdXU0cnNkZjRlLmN4LmludGVybmFsLmNsb3Vk
YXBwLm5ldDANBgkqhkiG9w0BAQsFAAOCAQEAnH5IWytuotOgYM8v9CSHfC67PyqJ
IZwRSCYBJeHBRHo6uSNnfrcZml9v8xbzH9fU5msNCRckTUe58D6Ngp2gI1CH1UfU
vKdyJdj0zSm+w3DOt2PDny7Dv7HmFoWpvtwe7UxDOaqi2vElK3v1CcF3fMKmKaA+
Lq+4w3PMGLERqgw0o+sCXak+lL4cZYxsukHQLiSG4ZDh4Iet8cbUY5a5JNB4zuCf
Qnj/KEI4rLHG24K1tP8T1ArRRPo8TbZoJ9A42to+RmVA7lg4Meb7iGzEooxP09ta
AriLrZ43asv6BDUaGiiFvrhwSCxyuH8DEs1+XH2wGKRsgeVQXigqowySFA==
-----END CERTIFICATE-----

2023-08-23 22:10:31,828 [Time-limited test] INFO  utils.CertificateCodec (CertificateCodec.java:writeCertificate(299)) - Save certificate to /tmp/junit4490578081482717157/junit5789803635395640193/scm-meta/scm/sub-ca/certs/certificate.crt
2023-08-23 22:10:31,828 [Time-limited test] INFO  utils.CertificateCodec (CertificateCodec.java:writeCertificate(300)) - Certificate -----BEGIN CERTIFICATE-----
MIID/TCCAuWgAwIBAgIGAV3xSRK4MA0GCSqGSIb3DQEBCwUAMHsxGzAZBgNVBAMM
EnNjbS0xQGZ2LWF6NjIxLTUxMTEtMCsGA1UECwwkZmNhZTQwYmUtZTIyMy00MTQ0
LWFhNjgtNTZjYTkxMDczMDY3MS0wKwYDVQQKDCQ4ODQwMGNjNy0yZjEwLTQ4Y2Qt
YWZlYi0zODZhMGExMmM3YjcwHhcNMjMwODIzMjIxMDMxWhcNMjgwOTMwMjIxMDMx
WjCBizErMCkGA1UEAwwic2NtLXN1Yi0xNTAyOTg4MTc5MzkwQGZ2LWF6NjIxLTUx
MTEtMCsGA1UECwwkZmNhZTQwYmUtZTIyMy00MTQ0LWFhNjgtNTZjYTkxMDczMDY3
MS0wKwYDVQQKDCQ4ODQwMGNjNy0yZjEwLTQ4Y2QtYWZlYi0zODZhMGExMmM3Yjcw
ggEiMA0GCSqGSIb3DQEBAQUAA4IBDwAwggEKAoIBAQDS5dkxdT6m24WG0DXI5mHU
zIVYNVGuMiVZTTIzJsVgOiDcLqA3WatOW3YLcgTxYMK8ffi1hsgNuqNrRx6R9S2h
a+QMJohdL3z1+fhVj/ssZcMQTEqVT7zDd74KBGAJFr9MipapGJsepEHBeQSW7Ruc
/gP8nyVPzSZo03RsqvBkdJ7rQNrYBxCF3yvBwZ4zIT/rEopeV9QJnx7LqNuQNsJ+
q6VoZN+RlCmo7yrUyUjU0ur/ovjjP9klensP5v2ioDNFtPI7luuBa4VqqpdRr91d
jfDwanAQ/OeWZDlXfPsAhGn43UHM3WOWmJFpGdHhXMwmYSj5j2QTDPmNB6+MRUCr
AgMBAAGjdjB0MFEGA1UdEQRKMEiHBAoBAA6CQGZ2LWF6NjIxLTUxMS5mcG5icmEz
YWQwenUxaHBxYXV1NHJzZGY0ZS5jeC5pbnRlcm5hbC5jbG91ZGFwcC5uZXQwDwYD
VR0TAQH/BAUwAwEB/zAOBgNVHQ8BAf8EBAMCAb4wDQYJKoZIhvcNAQELBQADggEB
ADD8DDqRE1TNwT5M7OuKgyo3OgstH/los1SoU5l+Q5Oz2g+Kd7eLt3QYB2r+XgHL
1L3YzVbJTL0bFV6D6fbjvyQi9tDKxj0peHwUBP9muTvsywtZK1SR+4syf+JmCqx9
l4jmqb29T26sxU/ROy1+/wG1Lgq5uLHuJvwKrcGyrr3HdnKhoVPhXJNWvuzglyv6
wCPEA85ReQNU9cdpH7IWUDwrC7kcysG2vhC6OeepEeC5YCGxvwPZn2xJQ8ncQuyP
WYBVBlCp7UnMH2SodLSYKWWI4P+gfjQNeYZSQpXR9ymCDVdEH1YU2dqdni9aP2PZ
036y1wNQmDKv17dejS+joTM=
-----END CERTIFICATE-----

-----BEGIN CERTIFICATE-----
MIID5zCCAs+gAwIBAgIBATANBgkqhkiG9w0BAQsFADB7MRswGQYDVQQDDBJzY20t
MUBmdi1hejYyMS01MTExLTArBgNVBAsMJGZjYWU0MGJlLWUyMjMtNDE0NC1hYTY4
LTU2Y2E5MTA3MzA2NzEtMCsGA1UECgwkODg0MDBjYzctMmYxMC00OGNkLWFmZWIt
Mzg2YTBhMTJjN2I3MB4XDTIzMDgyMzIyMTAzMVoXDTI4MDkzMDIyMTAzMVowezEb
MBkGA1UEAwwSc2NtLTFAZnYtYXo2MjEtNTExMS0wKwYDVQQLDCRmY2FlNDBiZS1l
MjIzLTQxNDQtYWE2OC01NmNhOTEwNzMwNjcxLTArBgNVBAoMJDg4NDAwY2M3LTJm
MTAtNDhjZC1hZmViLTM4NmEwYTEyYzdiNzCCASIwDQYJKoZIhvcNAQEBBQADggEP
ADCCAQoCggEBALAuUKAYXyxntuVA87htR5wcqK9YnULYptDfmTOY9F2JRmgmE/T3
OW7HOTZ5d1kUtataKCZi6+S/MNDxIU9lDzNK3qL12CZM4IZ3iBvyb4q03YQBso2b
MDY4nA5M/iu7e03XHbMgyNer7BQLUyENHbr7A54P6sqskJ5Giwtrd7nZ1i9lRSei
EwxZkot3H7QVXUOFSzd0l1ApLwKZSPHIBSxdH7QtfvtGUVyH/ygyy0QoruddhP9P
gyXNQM4SfgjcWAQ8rsJ0AnrlYVBEDpstrmKMAK3ZmAFw0/qp8jnJfsylKgidnh7k
nJIPIhm8WId66axhgRSDT0d0ChxHObQfwL8CAwEAAaN2MHQwDwYDVR0TAQH/BAUw
AwEB/zAOBgNVHQ8BAf8EBAMCAQYwUQYDVR0RBEowSIcECgEADoJAZnYtYXo2MjEt
NTExLmZwbmJyYTNhZDB6dTFocHFhdXU0cnNkZjRlLmN4LmludGVybmFsLmNsb3Vk
YXBwLm5ldDANBgkqhkiG9w0BAQsFAAOCAQEAnH5IWytuotOgYM8v9CSHfC67PyqJ
IZwRSCYBJeHBRHo6uSNnfrcZml9v8xbzH9fU5msNCRckTUe58D6Ngp2gI1CH1UfU
vKdyJdj0zSm+w3DOt2PDny7Dv7HmFoWpvtwe7UxDOaqi2vElK3v1CcF3fMKmKaA+
Lq+4w3PMGLERqgw0o+sCXak+lL4cZYxsukHQLiSG4ZDh4Iet8cbUY5a5JNB4zuCf
Qnj/KEI4rLHG24K1tP8T1ArRRPo8TbZoJ9A42to+RmVA7lg4Meb7iGzEooxP09ta
AriLrZ43asv6BDUaGiiFvrhwSCxyuH8DEs1+XH2wGKRsgeVQXigqowySFA==
-----END CERTIFICATE-----

2023-08-23 22:10:31,828 [Time-limited test] INFO  ha.HASecurityUtils (HASecurityUtils.java:initializeSecurity(121)) - Successfully stored SCM signed certificate.
2023-08-23 22:10:31,829 [Time-limited test] WARN  server.ServerUtils (ServerUtils.java:getScmDbDir(155)) - ozone.scm.db.dirs is not configured. We recommend adding this setting. Falling back to ozone.metadata.dirs instead.
2023-08-23 22:10:31,830 [Time-limited test] INFO  ha.SCMHANodeDetails (SCMHANodeDetails.java:loadSCMHAConfig(210)) - ServiceID for StorageContainerManager is null
2023-08-23 22:10:31,830 [Time-limited test] INFO  ha.SCMHANodeDetails (SCMHANodeDetails.java:loadSCMHAConfig(215)) - ozone.scm.default.service.id is not defined, falling back to ozone.scm.service.ids to find serviceID for StorageContainerManager if it is HA enabled cluster
2023-08-23 22:10:31,835 [pool-422-thread-1] INFO  request.KdcRequest (KdcRequest.java:preauth(651)) - The preauth data is empty.
2023-08-23 22:10:31,835 [pool-422-thread-1] INFO  server.KdcHandler (KdcHandler.java:handleRecoverableException(177)) - KRB error occurred while processing request:Additional pre-authentication required
2023-08-23 22:10:31,848 [pool-422-thread-2] INFO  request.AsRequest (AsRequest.java:issueTicket(112)) - AS_REQ ISSUE: authtime 1692828631848,scm/fv-az621-511.fpnbra3ad0zu1hpqauu4rsdf4e.cx.internal.cloudapp.net@EXAMPLE.COM for krbtgt/EXAMPLE.COM@EXAMPLE.COM
2023-08-23 22:10:31,849 [Time-limited test] INFO  security.UserGroupInformation (UserGroupInformation.java:loginUserFromKeytab(1132)) - Login successful for user scm/fv-az621-511.fpnbra3ad0zu1hpqauu4rsdf4e.cx.internal.cloudapp.net@EXAMPLE.COM using keytab file scm.keytab. Keytab auto renewal enabled : false
2023-08-23 22:10:31,849 [Time-limited test] INFO  server.StorageContainerManager (StorageContainerManager.java:loginAsSCMUserIfSecurityEnabled(1042)) - SCM login successful.
2023-08-23 22:10:31,850 [Time-limited test] INFO  client.SCMCertificateClient (DefaultCertificateClient.java:updateCertSerialId(1244)) - Certificate serial ID set to 1502991684280
2023-08-23 22:10:31,852 [Time-limited test] INFO  client.SCMCertificateClient (DefaultCertificateClient.java:readCertificateFile(237)) - Added certificate   [0]         Version: 3
         SerialNumber: 1502991684280
             IssuerDN: CN=scm-1@fv-az621-511,OU=fcae40be-e223-4144-aa68-56ca91073067,O=88400cc7-2f10-48cd-afeb-386a0a12c7b7
           Start Date: Wed Aug 23 22:10:31 UTC 2023
           Final Date: Sat Sep 30 22:10:31 UTC 2028
            SubjectDN: CN=scm-sub-1502988179390@fv-az621-511,OU=fcae40be-e223-4144-aa68-56ca91073067,O=88400cc7-2f10-48cd-afeb-386a0a12c7b7
           Public Key: RSA Public Key [4f:dc:0c:b2:0e:1d:56:6a:a3:9a:32:f7:d0:50:9f:8f:cd:a1:d8:97],[56:66:d1:a4]
        modulus: d2e5d931753ea6db8586d035c8e661d4cc85583551ae3225594d323326c5603a20dc2ea03759ab4e5b760b7204f160c2bc7df8b586c80dbaa36b471e91f52da16be40c26885d2f7cf5f9f8558ffb2c65c3104c4a954fbcc377be0a04600916bf4c8a96a9189b1ea441c1790496ed1b9cfe03fc9f254fcd2668d3746caaf064749eeb40dad8071085df2bc1c19e33213feb128a5e57d4099f1ecba8db9036c27eaba56864df919429a8ef2ad4c948d4d2eaffa2f8e33fd9257a7b0fe6fda2a03345b4f23b96eb816b856aaa9751afdd5d8df0f06a7010fce7966439577cfb008469f8dd41ccdd639698916919d1e15ccc266128f98f64130cf98d07af8c4540ab
public exponent: 10001

  Signature Algorithm: SHA256WITHRSA
            Signature: 30fc0c3a911354cdc13e4ceceb8a832a373a0b2d
                       1ff968b354a853997e4393b3da0f8a77b78bb774
                       18076afe5e01cbd4bdd8cd56c94cbd1b155e83e9
                       f6e3bf2422f6d0cac63d29787c1404ff66b93bec
                       cb0b592b5491fb8b327fe2660aac7d9788e6a9bd
                       bd4f6eacc54fd13b2d7eff01b52e0ab9b8b1ee26
                       fc0aadc1b2aebdc77672a1a153e15c9356beece0
                       972bfac023c403ce51790354f5c7691fb216503c
                       2b0bb91ccac1b6be10ba39e7a911e0b96021b1bf
                       03d99f6c4943c9dc42ec8f5980550650a9ed49cc
                       1f64a874b498296588e0ffa07e340d7986524295
                       d1f729820d57441f5614d9da9d9e2f5a3f63d9d3
                       7eb2d703509832afd7b75e8d2fa3a133
       Extensions: 
                       critical(false) 2.5.29.17 value = Sequence
    Tagged [7] IMPLICIT 
        DER Octet String[4] 
    Tagged [2] IMPLICIT 
        DER Octet String[64] 

                       critical(true) BasicConstraints: isCa(true)
                       critical(true) KeyUsage: 0xbe
 from file: /tmp/junit4490578081482717157/junit5789803635395640193/scm-meta/scm/sub-ca/certs/1502991684280.crt.
2023-08-23 22:10:31,853 [Time-limited test] INFO  client.SCMCertificateClient (DefaultCertificateClient.java:readCertificateFile(237)) - Added certificate   [0]         Version: 3
         SerialNumber: 1
             IssuerDN: CN=scm-1@fv-az621-511,OU=fcae40be-e223-4144-aa68-56ca91073067,O=88400cc7-2f10-48cd-afeb-386a0a12c7b7
           Start Date: Wed Aug 23 22:10:31 UTC 2023
           Final Date: Sat Sep 30 22:10:31 UTC 2028
            SubjectDN: CN=scm-1@fv-az621-511,OU=fcae40be-e223-4144-aa68-56ca91073067,O=88400cc7-2f10-48cd-afeb-386a0a12c7b7
           Public Key: RSA Public Key [20:65:e8:16:b3:2d:f7:d8:c4:33:c4:b4:e5:9f:b4:d9:ea:95:1c:a7],[56:66:d1:a4]
        modulus: b02e50a0185f2c67b6e540f3b86d479c1ca8af589d42d8a6d0df993398f45d8946682613f4f7396ec7393679775914b5ab5a282662ebe4bf30d0f1214f650f334adea2f5d8264ce08677881bf26f8ab4dd8401b28d9b3036389c0e4cfe2bbb7b4dd71db320c8d7abec140b53210d1dbafb039e0feacaac909e468b0b6b77b9d9d62f654527a2130c59928b771fb4155d43854b37749750292f029948f1c8052c5d1fb42d7efb46515c87ff2832cb4428aee75d84ff4f8325cd40ce127e08dc58043caec274027ae56150440e9b2dae628c00add9980170d3faa9f239c97ecca52a089d9e1ee49c920f2219bc58877ae9ac618114834f47740a1c4739b41fc0bf
public exponent: 10001

  Signature Algorithm: SHA256WITHRSA
            Signature: 9c7e485b2b6ea2d3a060cf2ff424877c2ebb3f2a
                       89219c1148260125e1c1447a3ab923677eb7199a
                       5f6ff316f31fd7d4e66b0d0917244d47b9f03e8d
                       829da0235087d547d4bca77225d8f4cd29bec370
                       ceb763c39f2ec3bfb1e61685a9bedc1eed4c4339
                       aaa2daf1252b7bf509c1777cc2a629a03e2eafb8
                       c373cc18b111aa0c34a3eb025da93e94be1c658c
                       6cba41d02e2486e190e1e087adf1c6d46396b924
                       d078cee09f4278ff284238acb1c6db82b5b4ff13
                       d40ad144fa3c4db66827d038dada3e466540ee58
                       3831e6fb886cc4a28c4fd3db5a02b88bad9e376a
                       cbfa04351a1a2885beb870482c72b87f0312cd7e
                       5c7db018a46c81e5505e282aa30c9214
       Extensions: 
                       critical(true) BasicConstraints: isCa(true)
                       critical(true) KeyUsage: 0x6
                       critical(false) 2.5.29.17 value = Sequence
    Tagged [7] IMPLICIT 
        DER Octet String[4] 
    Tagged [2] IMPLICIT 
        DER Octet String[64] 

 from file: /tmp/junit4490578081482717157/junit5789803635395640193/scm-meta/scm/sub-ca/certs/CA-1.crt.
2023-08-23 22:10:31,854 [Time-limited test] INFO  client.SCMCertificateClient (DefaultCertificateClient.java:readCertificateFile(237)) - Added certificate   [0]         Version: 3
         SerialNumber: 1502991684280
             IssuerDN: CN=scm-1@fv-az621-511,OU=fcae40be-e223-4144-aa68-56ca91073067,O=88400cc7-2f10-48cd-afeb-386a0a12c7b7
           Start Date: Wed Aug 23 22:10:31 UTC 2023
           Final Date: Sat Sep 30 22:10:31 UTC 2028
            SubjectDN: CN=scm-sub-1502988179390@fv-az621-511,OU=fcae40be-e223-4144-aa68-56ca91073067,O=88400cc7-2f10-48cd-afeb-386a0a12c7b7
           Public Key: RSA Public Key [4f:dc:0c:b2:0e:1d:56:6a:a3:9a:32:f7:d0:50:9f:8f:cd:a1:d8:97],[56:66:d1:a4]
        modulus: d2e5d931753ea6db8586d035c8e661d4cc85583551ae3225594d323326c5603a20dc2ea03759ab4e5b760b7204f160c2bc7df8b586c80dbaa36b471e91f52da16be40c26885d2f7cf5f9f8558ffb2c65c3104c4a954fbcc377be0a04600916bf4c8a96a9189b1ea441c1790496ed1b9cfe03fc9f254fcd2668d3746caaf064749eeb40dad8071085df2bc1c19e33213feb128a5e57d4099f1ecba8db9036c27eaba56864df919429a8ef2ad4c948d4d2eaffa2f8e33fd9257a7b0fe6fda2a03345b4f23b96eb816b856aaa9751afdd5d8df0f06a7010fce7966439577cfb008469f8dd41ccdd639698916919d1e15ccc266128f98f64130cf98d07af8c4540ab
public exponent: 10001

  Signature Algorithm: SHA256WITHRSA
            Signature: 30fc0c3a911354cdc13e4ceceb8a832a373a0b2d
                       1ff968b354a853997e4393b3da0f8a77b78bb774
                       18076afe5e01cbd4bdd8cd56c94cbd1b155e83e9
                       f6e3bf2422f6d0cac63d29787c1404ff66b93bec
                       cb0b592b5491fb8b327fe2660aac7d9788e6a9bd
                       bd4f6eacc54fd13b2d7eff01b52e0ab9b8b1ee26
                       fc0aadc1b2aebdc77672a1a153e15c9356beece0
                       972bfac023c403ce51790354f5c7691fb216503c
                       2b0bb91ccac1b6be10ba39e7a911e0b96021b1bf
                       03d99f6c4943c9dc42ec8f5980550650a9ed49cc
                       1f64a874b498296588e0ffa07e340d7986524295
                       d1f729820d57441f5614d9da9d9e2f5a3f63d9d3
                       7eb2d703509832afd7b75e8d2fa3a133
       Extensions: 
                       critical(false) 2.5.29.17 value = Sequence
    Tagged [7] IMPLICIT 
        DER Octet String[4] 
    Tagged [2] IMPLICIT 
        DER Octet String[64] 

                       critical(true) BasicConstraints: isCa(true)
                       critical(true) KeyUsage: 0xbe
 from file: /tmp/junit4490578081482717157/junit5789803635395640193/scm-meta/scm/sub-ca/certs/certificate.crt.
2023-08-23 22:10:31,854 [Time-limited test] INFO  client.SCMCertificateClient (DefaultCertificateClient.java:loadAllCertificates(191)) - CertificateRenewerService and root ca rotation polling is disabled for scm/sub-ca
2023-08-23 22:10:31,854 [Time-limited test] WARN  utils.HAUtils (HAUtils.java:getMetaDir(339)) - ozone.scm.db.dirs is not configured. We recommend adding this setting. Falling back to ozone.metadata.dirs instead.
2023-08-23 22:10:31,854 [Time-limited test] WARN  db.DBStoreBuilder (DBStoreBuilder.java:applyDBDefinition(166)) - ozone.scm.db.dirs is not configured. We recommend adding this setting. Falling back to ozone.metadata.dirs instead.
2023-08-23 22:10:31,945 [Time-limited test] INFO  net.NodeSchemaLoader (NodeSchemaLoader.java:loadSchemaFromFile(129)) - Loading schema from [jar:file:/home/runner/.m2/repository/org/apache/ozone/hdds-common/1.4.0-SNAPSHOT/hdds-common-1.4.0-SNAPSHOT.jar!/network-topology-default.xml]
2023-08-23 22:10:31,945 [Time-limited test] INFO  net.NodeSchemaLoader (NodeSchemaLoader.java:loadSchema(176)) - Loading network topology layer schema file
2023-08-23 22:10:31,948 [Time-limited test] INFO  upgrade.AbstractLayoutVersionManager (AbstractLayoutVersionManager.java:init(83)) - Initializing Layout version manager with metadata layout = HADOOP_PRC_PORTS_IN_DATANODEDETAILS (version = 7), software layout = HADOOP_PRC_PORTS_IN_DATANODEDETAILS (version = 7)
2023-08-23 22:10:31,949 [Time-limited test] INFO  ha.SequenceIdGenerator (SequenceIdGenerator.java:upgradeToSequenceId(365)) - upgrade localId to 111677748019200000
2023-08-23 22:10:31,949 [Time-limited test] INFO  ha.SequenceIdGenerator (SequenceIdGenerator.java:upgradeToSequenceId(375)) - upgrade delTxnId to 0
2023-08-23 22:10:31,950 [Time-limited test] INFO  ha.SequenceIdGenerator (SequenceIdGenerator.java:upgradeToSequenceId(392)) - upgrade containerId to 0
2023-08-23 22:10:31,950 [Time-limited test] INFO  ha.SequenceIdGenerator (SequenceIdGenerator.java:upgradeToSequenceId(428)) - upgrade rootCertificateId to 1
2023-08-23 22:10:31,950 [Time-limited test] INFO  ha.SequenceIdGenerator (SequenceIdGenerator.java:<init>(236)) - Init the HA SequenceIdGenerator.
2023-08-23 22:10:31,951 [Time-limited test] INFO  node.SCMNodeManager (SCMNodeManager.java:<init>(157)) - Entering startup safe mode.
2023-08-23 22:10:31,951 [Time-limited test] INFO  algorithms.ContainerPlacementPolicyFactory (ContainerPlacementPolicyFactory.java:getPolicyInternal(86)) - Create container placement policy of type org.apache.hadoop.hdds.scm.container.placement.algorithms.SCMContainerPlacementRackAware
2023-08-23 22:10:31,952 [Time-limited test] INFO  algorithms.ContainerPlacementPolicyFactory (ContainerPlacementPolicyFactory.java:getPolicyInternal(86)) - Create container placement policy of type org.apache.hadoop.hdds.scm.container.placement.algorithms.SCMContainerPlacementRackScatter
2023-08-23 22:10:31,952 [Time-limited test] INFO  pipeline.PipelineStateManagerImpl (PipelineStateManagerImpl.java:initialize(78)) - No pipeline exists in current db
2023-08-23 22:10:31,952 [Time-limited test] INFO  algorithms.LeaderChoosePolicyFactory (LeaderChoosePolicyFactory.java:getPolicy(57)) - Create leader choose policy of type org.apache.hadoop.hdds.scm.pipeline.leader.choose.algorithms.MinLeaderCountChoosePolicy
2023-08-23 22:10:31,952 [Time-limited test] INFO  algorithms.ContainerPlacementPolicyFactory (ContainerPlacementPolicyFactory.java:getPolicyInternal(86)) - Create container placement policy of type org.apache.hadoop.hdds.scm.container.placement.algorithms.SCMContainerPlacementRackScatter
2023-08-23 22:10:31,952 [Time-limited test] INFO  ha.SCMServiceManager (SCMServiceManager.java:register(42)) - Registering service BackgroundPipelineCreator.
2023-08-23 22:10:31,952 [Time-limited test] INFO  pipeline.BackgroundPipelineCreator (BackgroundPipelineCreator.java:start(124)) - Starting RatisPipelineUtilsThread.
2023-08-23 22:10:31,952 [Time-limited test] INFO  BackgroundPipelineScrubber (BackgroundSCMService.java:start(68)) - Starting BackgroundPipelineScrubber Service.
2023-08-23 22:10:31,953 [Time-limited test] INFO  ha.SCMServiceManager (SCMServiceManager.java:register(42)) - Registering service BackgroundPipelineScrubber.
2023-08-23 22:10:31,953 [Time-limited test] INFO  ExpiredContainerReplicaOpScrubber (BackgroundSCMService.java:start(68)) - Starting ExpiredContainerReplicaOpScrubber Service.
2023-08-23 22:10:31,953 [Time-limited test] INFO  ha.SCMServiceManager (SCMServiceManager.java:register(42)) - Registering service ExpiredContainerReplicaOpScrubber.
2023-08-23 22:10:31,954 [Time-limited test] INFO  algorithms.PipelineChoosePolicyFactory (PipelineChoosePolicyFactory.java:createPipelineChoosePolicyFromClass(78)) - Create pipeline choose policy of type org.apache.hadoop.hdds.scm.pipeline.choose.algorithms.RandomPipelineChoosePolicy
2023-08-23 22:10:31,954 [Time-limited test] INFO  algorithms.PipelineChoosePolicyFactory (PipelineChoosePolicyFactory.java:createPipelineChoosePolicyFromClass(78)) - Create pipeline choose policy of type org.apache.hadoop.hdds.scm.pipeline.choose.algorithms.RandomPipelineChoosePolicy
2023-08-23 22:10:31,954 [Time-limited test] INFO  ha.SCMServiceManager (SCMServiceManager.java:register(42)) - Registering service SCMBlockDeletingService.
2023-08-23 22:10:31,955 [Time-limited test] INFO  replication.ReplicationManager (ReplicationManager.java:start(287)) - Starting Replication Monitor Thread.
2023-08-23 22:10:31,959 [Time-limited test] INFO  ha.SCMServiceManager (SCMServiceManager.java:register(42)) - Registering service ReplicationManager.
2023-08-23 22:10:31,959 [Time-limited test] INFO  safemode.ContainerSafeModeRule (ContainerSafeModeRule.java:<init>(90)) - containers with one replica threshold count 0
2023-08-23 22:10:31,960 [Time-limited test] INFO  safemode.HealthyPipelineSafeModeRule (HealthyPipelineSafeModeRule.java:initializeRule(169)) - Total pipeline count is 0, healthy pipeline threshold count is 0
2023-08-23 22:10:31,960 [Time-limited test] INFO  safemode.OneReplicaPipelineSafeModeRule (OneReplicaPipelineSafeModeRule.java:initializeRule(180)) - Total pipeline count is 0, pipeline's with at least one datanode reported threshold count is 0
2023-08-23 22:10:31,960 [ReplicationMonitor] INFO  replication.ReplicationManager (ReplicationManager.java:processAll(361)) - Replication Manager is not ready to run until 300000ms after safemode exit
2023-08-23 22:10:31,961 [Time-limited test] INFO  authority.DefaultCAServer (DefaultCAServer.java:lambda$processVerificationStatus$0(472)) - CertificateServer validation is successful
2023-08-23 22:10:31,961 [Time-limited test] INFO  authority.DefaultCAServer (DefaultCAServer.java:lambda$processVerificationStatus$0(472)) - CertificateServer validation is successful
2023-08-23 22:10:31,962 [Time-limited test] INFO  server.StorageContainerManager (StorageContainerManager.java:persistPrimarySCMCerts(932)) - Storing sub-ca certificate serialId 1502991684280 on primary SCM
2023-08-23 22:10:31,963 [Time-limited test] INFO  server.SCMCertStore (SCMCertStore.java:storeValidScmCertificate(122)) - Scm certificate 1502991684280 for CN=scm-sub-1502988179390@fv-az621-511,OU=fcae40be-e223-4144-aa68-56ca91073067,O=88400cc7-2f10-48cd-afeb-386a0a12c7b7 is stored
2023-08-23 22:10:31,963 [Time-limited test] INFO  server.StorageContainerManager (StorageContainerManager.java:persistPrimarySCMCerts(940)) - Storing root certificate serialId 1
2023-08-23 22:10:31,963 [Time-limited test] INFO  server.SCMCertStore (SCMCertStore.java:storeValidScmCertificate(122)) - Scm certificate 1 for CN=scm-1@fv-az621-511,OU=fcae40be-e223-4144-aa68-56ca91073067,O=88400cc7-2f10-48cd-afeb-386a0a12c7b7 is stored
2023-08-23 22:10:31,963 [Time-limited test] INFO  ipc.CallQueueManager (CallQueueManager.java:<init>(90)) - Using callQueue: class java.util.concurrent.LinkedBlockingQueue, queueCapacity: 200, scheduler: class org.apache.hadoop.ipc.DefaultRpcScheduler, ipcBackoff: false.
2023-08-23 22:10:31,964 [Time-limited test] INFO  ipc.Server (Server.java:<init>(1287)) - Listener at 0.0.0.0:9961
2023-08-23 22:10:31,964 [Socket Reader #1 for port 9961] INFO  ipc.Server (Server.java:run(1323)) - Starting Socket Reader #1 for port 9961
2023-08-23 22:10:31,965 [Time-limited test] INFO  server.StorageContainerManager (StorageContainerManager.java:<init>(425)) - SCM start with adminUsers: [om/fv-az621-511.fpnbra3ad0zu1hpqauu4rsdf4e.cx.internal.cloudapp.net@EXAMPLE.COM, scm]
2023-08-23 22:10:31,965 [Time-limited test] INFO  ipc.CallQueueManager (CallQueueManager.java:<init>(90)) - Using callQueue: class java.util.concurrent.LinkedBlockingQueue, queueCapacity: 10000, scheduler: class org.apache.hadoop.ipc.DefaultRpcScheduler, ipcBackoff: false.
2023-08-23 22:10:31,966 [Time-limited test] INFO  ipc.Server (Server.java:<init>(1287)) - Listener at 0.0.0.0:9861
2023-08-23 22:10:31,966 [Socket Reader #1 for port 9861] INFO  ipc.Server (Server.java:run(1323)) - Starting Socket Reader #1 for port 9861
2023-08-23 22:10:31,970 [Time-limited test] INFO  ipc.CallQueueManager (CallQueueManager.java:<init>(90)) - Using callQueue: class java.util.concurrent.LinkedBlockingQueue, queueCapacity: 10000, scheduler: class org.apache.hadoop.ipc.DefaultRpcScheduler, ipcBackoff: false.
2023-08-23 22:10:31,971 [Time-limited test] INFO  ipc.Server (Server.java:<init>(1287)) - Listener at 0.0.0.0:9863
2023-08-23 22:10:31,975 [Socket Reader #1 for port 9863] INFO  ipc.Server (Server.java:run(1323)) - Starting Socket Reader #1 for port 9863
2023-08-23 22:10:31,976 [Time-limited test] INFO  ipc.CallQueueManager (CallQueueManager.java:<init>(90)) - Using callQueue: class java.util.concurrent.LinkedBlockingQueue, queueCapacity: 10000, scheduler: class org.apache.hadoop.ipc.DefaultRpcScheduler, ipcBackoff: false.
2023-08-23 22:10:31,976 [Time-limited test] INFO  ipc.Server (Server.java:<init>(1287)) - Listener at 0.0.0.0:9860
2023-08-23 22:10:31,977 [Socket Reader #1 for port 9860] INFO  ipc.Server (Server.java:run(1323)) - Starting Socket Reader #1 for port 9860
2023-08-23 22:10:31,982 [Time-limited test] INFO  ha.SCMServiceManager (SCMServiceManager.java:register(42)) - Registering service ContainerBalancer.
2023-08-23 22:10:31,982 [Time-limited test] INFO  server.StorageContainerManager (StorageContainerManager.java:<init>(438)) - 
Container Balancer status:
Key                            Value
Running                        false
Container Balancer Configuration values:
Key                                                Value
Threshold                                          10
Max Datanodes to Involve per Iteration(percent)    20
Max Size to Move per Iteration                     500GB
Max Size Entering Target per Iteration             26GB
Max Size Leaving Source per Iteration              26GB

2023-08-23 22:10:31,982 [Time-limited test] INFO  ha.SCMContext (SCMContext.java:updateSafeModeStatus(228)) - Update SafeModeStatus from SafeModeStatus{safeModeStatus=true, preCheckPassed=false} to SafeModeStatus{safeModeStatus=true, preCheckPassed=false}.
2023-08-23 22:10:31,988 [Time-limited test] INFO  impl.DefaultInternalKdcServerImpl (DefaultInternalKdcServerImpl.java:doStop(102)) - Default Internal kdc server stopped.
2023-08-23 22:10:32,988 [Time-limited test] INFO  minikdc.MiniKdc (MiniKdc.java:stop(359)) - MiniKdc stopped.
2023-08-23 22:10:32,988 [Time-limited test] INFO  server.StorageContainerManager (StorageContainerManager.java:stop(1591)) - Container Balancer is not running.
2023-08-23 22:10:32,988 [Time-limited test] INFO  server.StorageContainerManager (StorageContainerManager.java:stopReplicationManager(1724)) - Stopping Replication Manager Service.
2023-08-23 22:10:32,988 [Time-limited test] INFO  replication.ReplicationManager (ReplicationManager.java:stop(319)) - Stopping Replication Monitor Thread.
2023-08-23 22:10:32,988 [Time-limited test] INFO  server.StorageContainerManager (StorageContainerManager.java:stop(1600)) - Stopping the Datanode Admin Monitor.
2023-08-23 22:10:32,988 [Under Replicated Processor] WARN  replication.UnhealthyReplicationProcessor (UnhealthyReplicationProcessor.java:run(180)) - Under Replicated Processor interrupted. Exiting...
2023-08-23 22:10:32,988 [ReplicationMonitor] INFO  replication.ReplicationManager (ReplicationManager.java:run(917)) - Replication Monitor Thread is stopped
2023-08-23 22:10:32,989 [Over Replicated Processor] WARN  replication.UnhealthyReplicationProcessor (UnhealthyReplicationProcessor.java:run(180)) - Over Replicated Processor interrupted. Exiting...
2023-08-23 22:10:32,989 [Time-limited test] INFO  server.StorageContainerManager (StorageContainerManager.java:stop(1607)) - Stopping datanode service RPC server
2023-08-23 22:10:32,989 [Time-limited test] INFO  server.SCMDatanodeProtocolServer (SCMDatanodeProtocolServer.java:stop(424)) - Stopping the RPC server for DataNodes
2023-08-23 22:10:32,989 [Time-limited test] INFO  ipc.Server (Server.java:stop(3523)) - Stopping server on 9861
2023-08-23 22:10:34,951 [SCM Heartbeat Processing Thread - 0] WARN  node.NodeStateManager (NodeStateManager.java:scheduleNextHealthCheck(874)) - Current Thread is interrupted, shutting down HB processing thread for Node Manager.
2023-08-23 22:10:34,951 [Time-limited test] INFO  server.StorageContainerManager (StorageContainerManager.java:stop(1615)) - Stopping block service RPC server
2023-08-23 22:10:34,951 [Time-limited test] INFO  server.SCMBlockProtocolServer (SCMBlockProtocolServer.java:stop(161)) - Stopping the RPC server for Block Protocol
2023-08-23 22:10:34,951 [Time-limited test] INFO  ipc.Server (Server.java:stop(3523)) - Stopping server on 9863
2023-08-23 22:10:34,952 [Time-limited test] INFO  server.StorageContainerManager (StorageContainerManager.java:stop(1622)) - Stopping the StorageContainerLocationProtocol RPC server
2023-08-23 22:10:34,952 [Time-limited test] INFO  server.SCMClientProtocolServer (SCMClientProtocolServer.java:stop(210)) - Stopping the RPC server for Client Protocol
2023-08-23 22:10:34,952 [Time-limited test] INFO  ipc.Server (Server.java:stop(3523)) - Stopping server on 9860
2023-08-23 22:10:34,952 [Time-limited test] INFO  server.StorageContainerManager (StorageContainerManager.java:stop(1629)) - Stopping Storage Container Manager HTTP server.
2023-08-23 22:10:34,952 [Time-limited test] INFO  server.StorageContainerManager (StorageContainerManager.java:stop(1637)) - Stopping SCM LayoutVersionManager Service.
2023-08-23 22:10:34,952 [Time-limited test] INFO  server.SCMSecurityProtocolServer (SCMSecurityProtocolServer.java:stop(550)) - Stopping the SCMSecurityProtocolServer.
2023-08-23 22:10:34,952 [Time-limited test] INFO  ipc.Server (Server.java:stop(3523)) - Stopping server on 9961
2023-08-23 22:10:34,953 [Time-limited test] INFO  server.SCMUpdateServiceGrpcServer (SCMUpdateServiceGrpcServer.java:stop(73)) - SCMUpdateService stopping
2023-08-23 22:10:34,953 [Time-limited test] INFO  server.StorageContainerManager (StorageContainerManager.java:stop(1649)) - Stopping Block Manager Service.
2023-08-23 22:10:34,953 [Time-limited test] INFO  utils.BackgroundService (BackgroundService.java:shutdown(141)) - Shutting down service SCMBlockDeletingService
2023-08-23 22:10:34,953 [Time-limited test] INFO  utils.BackgroundService (BackgroundService.java:shutdown(141)) - Shutting down service SCMBlockDeletingService
2023-08-23 22:10:34,953 [Time-limited test] INFO  server.StorageContainerManager (StorageContainerManager.java:stop(1669)) - Stopping SCM Event Queue.
2023-08-23 22:10:34,953 [Time-limited test] INFO  server.StorageContainerManager (StorageContainerManager.java:stop(1680)) - Stopping SCM HA services.
2023-08-23 22:10:34,953 [Time-limited test] INFO  pipeline.BackgroundPipelineCreator (BackgroundPipelineCreator.java:stop(149)) - Stopping RatisPipelineUtilsThread.
2023-08-23 22:10:34,953 [RatisPipelineUtilsThread - 0] WARN  pipeline.BackgroundPipelineCreator (BackgroundPipelineCreator.java:run(180)) - RatisPipelineUtilsThread is interrupted.
2023-08-23 22:10:34,953 [Time-limited test] INFO  BackgroundPipelineScrubber (BackgroundSCMService.java:stop(131)) - Stopping BackgroundPipelineScrubber Service.
2023-08-23 22:10:34,953 [Time-limited test] WARN  pipeline.BackgroundPipelineCreator (BackgroundPipelineCreator.java:stop(145)) - RatisPipelineUtilsThread is not running, just ignore.
2023-08-23 22:10:34,954 [Time-limited test] INFO  BackgroundPipelineScrubber (BackgroundSCMService.java:stop(126)) - BackgroundPipelineScrubber Service is not running, skip stop.
2023-08-23 22:10:34,954 [Time-limited test] INFO  ExpiredContainerReplicaOpScrubber (BackgroundSCMService.java:stop(131)) - Stopping ExpiredContainerReplicaOpScrubber Service.
2023-08-23 22:10:34,954 [Time-limited test] INFO  utils.BackgroundService (BackgroundService.java:shutdown(141)) - Shutting down service SCMBlockDeletingService
2023-08-23 22:10:34,954 [Time-limited test] INFO  replication.ReplicationManager (ReplicationManager.java:stop(329)) - Replication Monitor Thread is not running.
2023-08-23 22:10:34,954 [Time-limited test] WARN  balancer.ContainerBalancer (ContainerBalancer.java:stop(326)) - Cannot stop Container Balancer because it's not running or stopping
2023-08-23 22:10:34,954 [Time-limited test] INFO  server.StorageContainerManager (StorageContainerManager.java:stop(1715)) - Stopping SCM MetadataStore.
2023-08-23 22:10:34,954 [BackgroundPipelineScrubberThread] WARN  BackgroundPipelineScrubber (BackgroundSCMService.java:run(115)) - BackgroundPipelineScrubber is interrupted, exit
2023-08-23 22:10:34,954 [ExpiredContainerReplicaOpScrubberThread] WARN  ExpiredContainerReplicaOpScrubber (BackgroundSCMService.java:run(115)) - ExpiredContainerReplicaOpScrubber is interrupted, exit
2023-08-23 22:10:34,960 [Time-limited test] INFO  server.SCMSecurityProtocolServer (SCMSecurityProtocolServer.java:join(560)) - Join RPC server for SCMSecurityProtocolServer.
2023-08-23 22:10:34,960 [Time-limited test] INFO  server.SCMSecurityProtocolServer (SCMSecurityProtocolServer.java:join(562)) - Join gRPC server for SCMSecurityProtocolServer.
]]></system-out>
  </testcase>
  <testcase name="testCertificateRotationRecoverableFailure" classname="org.apache.hadoop.ozone.TestSecureOzoneCluster" time="22.213">
    <system-out><![CDATA[2023-08-23 22:10:34,977 [Time-limited test] INFO  net.ServerSocketUtil (ServerSocketUtil.java:getPort(55)) - Using port 9860
2023-08-23 22:10:34,977 [Time-limited test] INFO  net.ServerSocketUtil (ServerSocketUtil.java:getPort(55)) - Using port 9861
2023-08-23 22:10:34,978 [Time-limited test] INFO  net.ServerSocketUtil (ServerSocketUtil.java:getPort(55)) - Using port 9863
2023-08-23 22:10:34,978 [Time-limited test] INFO  net.ServerSocketUtil (ServerSocketUtil.java:getPort(55)) - Using port 9961
2023-08-23 22:10:34,978 [Time-limited test] INFO  net.ServerSocketUtil (ServerSocketUtil.java:getPort(55)) - Using port 1200
2023-08-23 22:10:34,978 [Time-limited test] INFO  net.ServerSocketUtil (ServerSocketUtil.java:getPort(55)) - Using port 1201
2023-08-23 22:10:34,978 [Time-limited test] INFO  minikdc.MiniKdc (MiniKdc.java:<init>(225)) - Configuration:
2023-08-23 22:10:34,978 [Time-limited test] INFO  minikdc.MiniKdc (MiniKdc.java:<init>(226)) - ---------------------------------------------------------------
2023-08-23 22:10:34,978 [Time-limited test] INFO  minikdc.MiniKdc (MiniKdc.java:<init>(228)) -   debug: false
2023-08-23 22:10:34,978 [Time-limited test] INFO  minikdc.MiniKdc (MiniKdc.java:<init>(228)) -   transport: TCP
2023-08-23 22:10:34,978 [Time-limited test] INFO  minikdc.MiniKdc (MiniKdc.java:<init>(228)) -   max.ticket.lifetime: 86400000
2023-08-23 22:10:34,978 [Time-limited test] INFO  minikdc.MiniKdc (MiniKdc.java:<init>(228)) -   org.name: EXAMPLE
2023-08-23 22:10:34,978 [Time-limited test] INFO  minikdc.MiniKdc (MiniKdc.java:<init>(228)) -   kdc.port: 0
2023-08-23 22:10:34,979 [Time-limited test] INFO  minikdc.MiniKdc (MiniKdc.java:<init>(228)) -   org.domain: COM
2023-08-23 22:10:34,979 [Time-limited test] INFO  minikdc.MiniKdc (MiniKdc.java:<init>(228)) -   max.renewable.lifetime: 604800000
2023-08-23 22:10:34,979 [Time-limited test] INFO  minikdc.MiniKdc (MiniKdc.java:<init>(228)) -   instance: DefaultKrbServer
2023-08-23 22:10:34,979 [Time-limited test] INFO  minikdc.MiniKdc (MiniKdc.java:<init>(228)) -   kdc.bind.address: localhost
2023-08-23 22:10:34,979 [Time-limited test] INFO  minikdc.MiniKdc (MiniKdc.java:<init>(230)) - ---------------------------------------------------------------
2023-08-23 22:10:34,980 [Time-limited test] INFO  minikdc.MiniKdc (MiniKdc.java:start(285)) - MiniKdc started.
2023-08-23 22:10:35,113 [Time-limited test] INFO  om.OzoneManager (OzoneManager.java:getOmDetailsProto(4552)) - OzoneManager ports added:[name: "RPC"
value: 1202
]
2023-08-23 22:10:35,113 [Time-limited test] WARN  server.ServerUtils (ServerUtils.java:getDBPath(311)) - ozone.om.db.dirs is not configured. We recommend adding this setting. Falling back to ozone.metadata.dirs instead.
2023-08-23 22:10:35,117 [Time-limited test] INFO  utils.SelfSignedCertificate (SelfSignedCertificate.java:generateCertificate(157)) - Certificate 1506283 is issued by CN=localhost,OU=test,O=cluster to CN=localhost,OU=test,O=cluster, valid from Wed Aug 23 22:10:35 UTC 2023 to Wed Aug 23 22:10:55 UTC 2023
2023-08-23 22:10:35,117 [Time-limited test] INFO  utils.CertificateCodec (CertificateCodec.java:writeCertificate(299)) - Save certificate to /tmp/junit6189763795173175314/junit3139250813497041268/om-meta/om/certs/certificate.crt
2023-08-23 22:10:35,117 [Time-limited test] INFO  utils.CertificateCodec (CertificateCodec.java:writeCertificate(300)) - Certificate -----BEGIN CERTIFICATE-----
MIIC5TCCAc2gAwIBAgIDFvvrMA0GCSqGSIb3DQEBCwUAMDUxEjAQBgNVBAMMCWxv
Y2FsaG9zdDENMAsGA1UECwwEdGVzdDEQMA4GA1UECgwHY2x1c3RlcjAeFw0yMzA4
MjMyMjEwMzVaFw0yMzA4MjMyMjEwNTVaMDUxEjAQBgNVBAMMCWxvY2FsaG9zdDEN
MAsGA1UECwwEdGVzdDEQMA4GA1UECgwHY2x1c3RlcjCCASIwDQYJKoZIhvcNAQEB
BQADggEPADCCAQoCggEBAK8qErd3lwElHM1TuAUkP9H6T73pUBMOyiZpBB8ITXGC
JFQqdLdZzSpnRzir/KgaDm6AgAUqgKbamTBmsTvHJF1nVQAcHKGzayEZm9K67jGr
xmzqrCMaCLVWVl7cc/O3vp6VLUNB8wt2EM1UJPNeRdNffiOKAvpdwyZqDkzqV6RA
2YFOqxYR3DicLkj7ildLTevXlNvhYvtETqvnThFGGIB3UIfyw82udpLzfXKliKCc
HDl5Enzo64OJ1Q/Lvbz5By+hNXnIslLL/ZbCJgYP8e3EaE+jUGdEQpbn703lBo6q
jhJ6Nq/Wtjtzd/KiOBMeBhiQMhqRfMPMqwp+0TrcpLMCAwEAATANBgkqhkiG9w0B
AQsFAAOCAQEAJaN67swwR991/NjVvlBmYFKu9yeGLlGzicJkaRp5t7ET6fY4Y/TX
CUowI7wtTZzAekC0Cd2V5cMxweqtyq0IwzjRqr6jaUpsCVQs4JkKLBJD5KCfF+KV
4L/JLjjmuK5NGNzjs+L3g2uahPuv66FG1qMfLpk+FYCPfJZf1cTBV7HONGuZWX0V
MLcIjvzP8lTgCXPJ1/iuffFZ1sfZVdNnh76hjMa6/0AIxmZfRfHsw8lMmzwG3NHQ
UQOLSzuMzWYyVVEVzmPL7NZMFCJ7WV3QtaET8WQa7R1X1/uaaWOtp7HNAp5ox6PL
1OFdPRXRI9TveXcI8h7+52MyNVYFNh20JQ==
-----END CERTIFICATE-----

2023-08-23 22:10:35,136 [Time-limited test] INFO  utils.SelfSignedCertificate (SelfSignedCertificate.java:generateCertificate(157)) - Certificate 1506304 is issued by CN=localhost,OU=test,O=cluster to CN=localhost,OU=test,O=cluster, valid from Wed Aug 23 22:10:45 UTC 2023 to Wed Aug 23 22:11:05 UTC 2023
2023-08-23 22:10:35,136 [Time-limited test] INFO  security.OMCertificateClient (DefaultCertificateClient.java:updateCertSerialId(1244)) - Certificate serial ID set to 1506283
2023-08-23 22:10:35,137 [Time-limited test] INFO  security.OMCertificateClient (DefaultCertificateClient.java:readCertificateFile(237)) - Added certificate   [0]         Version: 3
         SerialNumber: 1506283
             IssuerDN: CN=localhost,OU=test,O=cluster
           Start Date: Wed Aug 23 22:10:35 UTC 2023
           Final Date: Wed Aug 23 22:10:55 UTC 2023
            SubjectDN: CN=localhost,OU=test,O=cluster
           Public Key: RSA Public Key [4f:0d:95:0e:64:63:c3:14:50:4c:60:6f:6d:6a:69:42:a3:f9:53:da],[56:66:d1:a4]
        modulus: af2a12b7779701251ccd53b805243fd1fa4fbde950130eca2669041f084d718224542a74b759cd2a674738abfca81a0e6e8080052a80a6da993066b13bc7245d6755001c1ca1b36b21199bd2baee31abc66ceaac231a08b556565edc73f3b7be9e952d4341f30b7610cd5424f35e45d35f7e238a02fa5dc3266a0e4cea57a440d9814eab1611dc389c2e48fb8a574b4debd794dbe162fb444eabe74e11461880775087f2c3cdae7692f37d72a588a09c1c3979127ce8eb8389d50fcbbdbcf9072fa13579c8b252cbfd96c226060ff1edc4684fa35067444296e7ef4de5068eaa8e127a36afd6b63b7377f2a238131e061890321a917cc3ccab0a7ed13adca4b3
public exponent: 10001

  Signature Algorithm: SHA256WITHRSA
            Signature: 25a37aeecc3047df75fcd8d5be50666052aef727
                       862e51b389c264691a79b7b113e9f63863f4d709
                       4a3023bc2d4d9cc07a40b409dd95e5c331c1eaad
                       caad08c338d1aabea3694a6c09542ce0990a2c12
                       43e4a09f17e295e0bfc92e38e6b8ae4d18dce3b3
                       e2f7836b9a84fbafeba146d6a31f2e993e15808f
                       7c965fd5c4c157b1ce346b99597d1530b7088efc
                       cff254e00973c9d7f8ae7df159d6c7d955d36787
                       bea18cc6baff4008c6665f45f1ecc3c94c9b3c06
                       dcd1d051038b4b3b8ccd6632555115ce63cbecd6
                       4c14227b595dd0b5a113f1641aed1d57d7fb9a69
                       63ada7b1cd029e68c7a3cbd4e15d3d15d123d4ef
                       797708f21efee76332355605361db425
 from file: /tmp/junit6189763795173175314/junit3139250813497041268/om-meta/om/certs/certificate.crt.
2023-08-23 22:10:35,137 [Time-limited test] INFO  security.OMCertificateClient (DefaultCertificateClient.java:startCertificateRenewerService(1347)) - CertificateRenewerService for om is started with first delay 9863 ms and interval 3333 ms.
2023-08-23 22:10:35,138 [Time-limited test] INFO  security.OMCertificateClient (DefaultCertificateClient.java:init(715)) - Certificate client init case: 7
2023-08-23 22:10:35,138 [Time-limited test] INFO  security.OMCertificateClient (CommonCertificateClient.java:handleCase(110)) - Found certificate file along with KeyPair.
2023-08-23 22:10:35,142 [Time-limited test] INFO  security.OMCertificateClient (DefaultCertificateClient.java:validateKeyPairAndCertificate(794)) - Keypair validated.
2023-08-23 22:10:35,146 [Time-limited test] INFO  security.OMCertificateClient (DefaultCertificateClient.java:validateKeyPairAndCertificate(797)) - Keypair validated with certificate.
2023-08-23 22:10:45,001 [om-CertificateRenewerService] INFO  security.OMCertificateClient (DefaultCertificateClient.java:run(1383)) - Current certificate 1506283 needs to be renewed remaining grace period PT0S. Forced renewal due to root ca rotation: false.
2023-08-23 22:10:45,152 [om-CertificateRenewerService] INFO  ozone.OzoneSecurityUtil (OzoneSecurityUtil.java:getValidInetsForCurrentHost(119)) - ip:fe80:0:0:0:20d:3aff:fed9:fc2e%eth0 not returned.
2023-08-23 22:10:45,152 [om-CertificateRenewerService] INFO  ozone.OzoneSecurityUtil (OzoneSecurityUtil.java:getValidInetsForCurrentHost(116)) - Adding ip:10.1.0.14,host:fv-az621-511.fpnbra3ad0zu1hpqauu4rsdf4e.cx.internal.cloudapp.net
2023-08-23 22:10:45,152 [om-CertificateRenewerService] INFO  ozone.OzoneSecurityUtil (OzoneSecurityUtil.java:getValidInetsForCurrentHost(119)) - ip:0:0:0:0:0:0:0:1%lo not returned.
2023-08-23 22:10:45,152 [om-CertificateRenewerService] INFO  ozone.OzoneSecurityUtil (OzoneSecurityUtil.java:getValidInetsForCurrentHost(119)) - ip:127.0.0.1 not returned.
2023-08-23 22:10:45,152 [om-CertificateRenewerService] INFO  security.OMCertificateClient (OMCertificateClient.java:getCSRBuilder(114)) - Creating csr for OM->dns:fv-az621-511.fpnbra3ad0zu1hpqauu4rsdf4e.cx.internal.cloudapp.net,ip:10.1.0.14,scmId:3b28b7b3-1f2c-4032-8ca8-9b427a0239ed,clusterId:3ee6a6d6-9bf4-4314-b2e6-0d39b6510d53,subject:scm@fv-az621-511.fpnbra3ad0zu1hpqauu4rsdf4e.cx.internal.cloudapp.net
2023-08-23 22:10:45,156 [om-CertificateRenewerService] ERROR security.OMCertificateClient (DefaultCertificateClient.java:signAndStoreCertificate(1284)) - Error while signing and storing SCM signed certificate.
org.apache.hadoop.hdds.security.x509.exception.CertificateException: Unable to retrieve certificate chain.
	at org.apache.hadoop.hdds.security.x509.certificate.client.DefaultCertificateClient.signAndStoreCertificate(DefaultCertificateClient.java:1280)
	at org.apache.hadoop.hdds.security.x509.certificate.client.DefaultCertificateClient.renewAndStoreKeyAndCertificate(DefaultCertificateClient.java:1083)
	at org.apache.hadoop.hdds.security.x509.certificate.client.DefaultCertificateClient$CertificateRenewerService.run(DefaultCertificateClient.java:1388)
	at java.util.concurrent.Executors$RunnableAdapter.call(Executors.java:511)
	at java.util.concurrent.FutureTask.runAndReset(FutureTask.java:308)
	at java.util.concurrent.ScheduledThreadPoolExecutor$ScheduledFutureTask.access$301(ScheduledThreadPoolExecutor.java:180)
	at java.util.concurrent.ScheduledThreadPoolExecutor$ScheduledFutureTask.run(ScheduledThreadPoolExecutor.java:294)
	at java.util.concurrent.ThreadPoolExecutor.runWorker(ThreadPoolExecutor.java:1149)
	at java.util.concurrent.ThreadPoolExecutor$Worker.run(ThreadPoolExecutor.java:624)
	at java.lang.Thread.run(Thread.java:750)
2023-08-23 22:10:45,157 [om-CertificateRenewerService] ERROR security.OMCertificateClient (DefaultCertificateClient.java:run(1399)) - Failed to renew and store key and cert. Keep using existing certificates.
org.apache.hadoop.hdds.security.x509.exception.CertificateException: Error while signing and storing new certificates.
	at org.apache.hadoop.hdds.security.x509.certificate.client.DefaultCertificateClient.renewAndStoreKeyAndCertificate(DefaultCertificateClient.java:1086)
	at org.apache.hadoop.hdds.security.x509.certificate.client.DefaultCertificateClient$CertificateRenewerService.run(DefaultCertificateClient.java:1388)
	at java.util.concurrent.Executors$RunnableAdapter.call(Executors.java:511)
	at java.util.concurrent.FutureTask.runAndReset(FutureTask.java:308)
	at java.util.concurrent.ScheduledThreadPoolExecutor$ScheduledFutureTask.access$301(ScheduledThreadPoolExecutor.java:180)
	at java.util.concurrent.ScheduledThreadPoolExecutor$ScheduledFutureTask.run(ScheduledThreadPoolExecutor.java:294)
	at java.util.concurrent.ThreadPoolExecutor.runWorker(ThreadPoolExecutor.java:1149)
	at java.util.concurrent.ThreadPoolExecutor$Worker.run(ThreadPoolExecutor.java:624)
	at java.lang.Thread.run(Thread.java:750)
Caused by: org.apache.hadoop.hdds.security.x509.exception.CertificateException: Error while signing and storing SCM signed certificate.
	at org.apache.hadoop.hdds.security.x509.certificate.client.DefaultCertificateClient.signAndStoreCertificate(DefaultCertificateClient.java:1286)
	at org.apache.hadoop.hdds.security.x509.certificate.client.DefaultCertificateClient.renewAndStoreKeyAndCertificate(DefaultCertificateClient.java:1083)
	... 8 more
Caused by: org.apache.hadoop.hdds.security.x509.exception.CertificateException: Unable to retrieve certificate chain.
	at org.apache.hadoop.hdds.security.x509.certificate.client.DefaultCertificateClient.signAndStoreCertificate(DefaultCertificateClient.java:1280)
	... 9 more
2023-08-23 22:10:48,334 [om-CertificateRenewerService] INFO  security.OMCertificateClient (DefaultCertificateClient.java:run(1383)) - Current certificate 1506283 needs to be renewed remaining grace period PT0S. Forced renewal due to root ca rotation: false.
2023-08-23 22:10:48,444 [om-CertificateRenewerService] INFO  ozone.OzoneSecurityUtil (OzoneSecurityUtil.java:getValidInetsForCurrentHost(119)) - ip:fe80:0:0:0:20d:3aff:fed9:fc2e%eth0 not returned.
2023-08-23 22:10:48,445 [om-CertificateRenewerService] INFO  ozone.OzoneSecurityUtil (OzoneSecurityUtil.java:getValidInetsForCurrentHost(116)) - Adding ip:10.1.0.14,host:fv-az621-511.fpnbra3ad0zu1hpqauu4rsdf4e.cx.internal.cloudapp.net
2023-08-23 22:10:48,445 [om-CertificateRenewerService] INFO  ozone.OzoneSecurityUtil (OzoneSecurityUtil.java:getValidInetsForCurrentHost(119)) - ip:0:0:0:0:0:0:0:1%lo not returned.
2023-08-23 22:10:48,445 [om-CertificateRenewerService] INFO  ozone.OzoneSecurityUtil (OzoneSecurityUtil.java:getValidInetsForCurrentHost(119)) - ip:127.0.0.1 not returned.
2023-08-23 22:10:48,445 [om-CertificateRenewerService] INFO  security.OMCertificateClient (OMCertificateClient.java:getCSRBuilder(114)) - Creating csr for OM->dns:fv-az621-511.fpnbra3ad0zu1hpqauu4rsdf4e.cx.internal.cloudapp.net,ip:10.1.0.14,scmId:3b28b7b3-1f2c-4032-8ca8-9b427a0239ed,clusterId:3ee6a6d6-9bf4-4314-b2e6-0d39b6510d53,subject:scm@fv-az621-511.fpnbra3ad0zu1hpqauu4rsdf4e.cx.internal.cloudapp.net
2023-08-23 22:10:48,447 [om-CertificateRenewerService] ERROR security.OMCertificateClient (DefaultCertificateClient.java:signAndStoreCertificate(1284)) - Error while signing and storing SCM signed certificate.
org.apache.hadoop.hdds.security.x509.exception.CertificateException: Unable to retrieve certificate chain.
	at org.apache.hadoop.hdds.security.x509.certificate.client.DefaultCertificateClient.signAndStoreCertificate(DefaultCertificateClient.java:1280)
	at org.apache.hadoop.hdds.security.x509.certificate.client.DefaultCertificateClient.renewAndStoreKeyAndCertificate(DefaultCertificateClient.java:1083)
	at org.apache.hadoop.hdds.security.x509.certificate.client.DefaultCertificateClient$CertificateRenewerService.run(DefaultCertificateClient.java:1388)
	at java.util.concurrent.Executors$RunnableAdapter.call(Executors.java:511)
	at java.util.concurrent.FutureTask.runAndReset(FutureTask.java:308)
	at java.util.concurrent.ScheduledThreadPoolExecutor$ScheduledFutureTask.access$301(ScheduledThreadPoolExecutor.java:180)
	at java.util.concurrent.ScheduledThreadPoolExecutor$ScheduledFutureTask.run(ScheduledThreadPoolExecutor.java:294)
	at java.util.concurrent.ThreadPoolExecutor.runWorker(ThreadPoolExecutor.java:1149)
	at java.util.concurrent.ThreadPoolExecutor$Worker.run(ThreadPoolExecutor.java:624)
	at java.lang.Thread.run(Thread.java:750)
2023-08-23 22:10:48,448 [om-CertificateRenewerService] ERROR security.OMCertificateClient (DefaultCertificateClient.java:run(1399)) - Failed to renew and store key and cert. Keep using existing certificates.
org.apache.hadoop.hdds.security.x509.exception.CertificateException: Error while signing and storing new certificates.
	at org.apache.hadoop.hdds.security.x509.certificate.client.DefaultCertificateClient.renewAndStoreKeyAndCertificate(DefaultCertificateClient.java:1086)
	at org.apache.hadoop.hdds.security.x509.certificate.client.DefaultCertificateClient$CertificateRenewerService.run(DefaultCertificateClient.java:1388)
	at java.util.concurrent.Executors$RunnableAdapter.call(Executors.java:511)
	at java.util.concurrent.FutureTask.runAndReset(FutureTask.java:308)
	at java.util.concurrent.ScheduledThreadPoolExecutor$ScheduledFutureTask.access$301(ScheduledThreadPoolExecutor.java:180)
	at java.util.concurrent.ScheduledThreadPoolExecutor$ScheduledFutureTask.run(ScheduledThreadPoolExecutor.java:294)
	at java.util.concurrent.ThreadPoolExecutor.runWorker(ThreadPoolExecutor.java:1149)
	at java.util.concurrent.ThreadPoolExecutor$Worker.run(ThreadPoolExecutor.java:624)
	at java.lang.Thread.run(Thread.java:750)
Caused by: org.apache.hadoop.hdds.security.x509.exception.CertificateException: Error while signing and storing SCM signed certificate.
	at org.apache.hadoop.hdds.security.x509.certificate.client.DefaultCertificateClient.signAndStoreCertificate(DefaultCertificateClient.java:1286)
	at org.apache.hadoop.hdds.security.x509.certificate.client.DefaultCertificateClient.renewAndStoreKeyAndCertificate(DefaultCertificateClient.java:1083)
	... 8 more
Caused by: org.apache.hadoop.hdds.security.x509.exception.CertificateException: Unable to retrieve certificate chain.
	at org.apache.hadoop.hdds.security.x509.certificate.client.DefaultCertificateClient.signAndStoreCertificate(DefaultCertificateClient.java:1280)
	... 9 more
2023-08-23 22:10:51,667 [om-CertificateRenewerService] INFO  security.OMCertificateClient (DefaultCertificateClient.java:run(1383)) - Current certificate 1506283 needs to be renewed remaining grace period PT0S. Forced renewal due to root ca rotation: false.
2023-08-23 22:10:51,719 [om-CertificateRenewerService] INFO  ozone.OzoneSecurityUtil (OzoneSecurityUtil.java:getValidInetsForCurrentHost(119)) - ip:fe80:0:0:0:20d:3aff:fed9:fc2e%eth0 not returned.
2023-08-23 22:10:51,719 [om-CertificateRenewerService] INFO  ozone.OzoneSecurityUtil (OzoneSecurityUtil.java:getValidInetsForCurrentHost(116)) - Adding ip:10.1.0.14,host:fv-az621-511.fpnbra3ad0zu1hpqauu4rsdf4e.cx.internal.cloudapp.net
2023-08-23 22:10:51,720 [om-CertificateRenewerService] INFO  ozone.OzoneSecurityUtil (OzoneSecurityUtil.java:getValidInetsForCurrentHost(119)) - ip:0:0:0:0:0:0:0:1%lo not returned.
2023-08-23 22:10:51,720 [om-CertificateRenewerService] INFO  ozone.OzoneSecurityUtil (OzoneSecurityUtil.java:getValidInetsForCurrentHost(119)) - ip:127.0.0.1 not returned.
2023-08-23 22:10:51,720 [om-CertificateRenewerService] INFO  security.OMCertificateClient (OMCertificateClient.java:getCSRBuilder(114)) - Creating csr for OM->dns:fv-az621-511.fpnbra3ad0zu1hpqauu4rsdf4e.cx.internal.cloudapp.net,ip:10.1.0.14,scmId:3b28b7b3-1f2c-4032-8ca8-9b427a0239ed,clusterId:3ee6a6d6-9bf4-4314-b2e6-0d39b6510d53,subject:scm@fv-az621-511.fpnbra3ad0zu1hpqauu4rsdf4e.cx.internal.cloudapp.net
2023-08-23 22:10:51,722 [om-CertificateRenewerService] ERROR security.OMCertificateClient (DefaultCertificateClient.java:signAndStoreCertificate(1284)) - Error while signing and storing SCM signed certificate.
org.apache.hadoop.hdds.security.x509.exception.CertificateException: Unable to retrieve certificate chain.
	at org.apache.hadoop.hdds.security.x509.certificate.client.DefaultCertificateClient.signAndStoreCertificate(DefaultCertificateClient.java:1280)
	at org.apache.hadoop.hdds.security.x509.certificate.client.DefaultCertificateClient.renewAndStoreKeyAndCertificate(DefaultCertificateClient.java:1083)
	at org.apache.hadoop.hdds.security.x509.certificate.client.DefaultCertificateClient$CertificateRenewerService.run(DefaultCertificateClient.java:1388)
	at java.util.concurrent.Executors$RunnableAdapter.call(Executors.java:511)
	at java.util.concurrent.FutureTask.runAndReset(FutureTask.java:308)
	at java.util.concurrent.ScheduledThreadPoolExecutor$ScheduledFutureTask.access$301(ScheduledThreadPoolExecutor.java:180)
	at java.util.concurrent.ScheduledThreadPoolExecutor$ScheduledFutureTask.run(ScheduledThreadPoolExecutor.java:294)
	at java.util.concurrent.ThreadPoolExecutor.runWorker(ThreadPoolExecutor.java:1149)
	at java.util.concurrent.ThreadPoolExecutor$Worker.run(ThreadPoolExecutor.java:624)
	at java.lang.Thread.run(Thread.java:750)
2023-08-23 22:10:51,722 [om-CertificateRenewerService] ERROR security.OMCertificateClient (DefaultCertificateClient.java:run(1399)) - Failed to renew and store key and cert. Keep using existing certificates.
org.apache.hadoop.hdds.security.x509.exception.CertificateException: Error while signing and storing new certificates.
	at org.apache.hadoop.hdds.security.x509.certificate.client.DefaultCertificateClient.renewAndStoreKeyAndCertificate(DefaultCertificateClient.java:1086)
	at org.apache.hadoop.hdds.security.x509.certificate.client.DefaultCertificateClient$CertificateRenewerService.run(DefaultCertificateClient.java:1388)
	at java.util.concurrent.Executors$RunnableAdapter.call(Executors.java:511)
	at java.util.concurrent.FutureTask.runAndReset(FutureTask.java:308)
	at java.util.concurrent.ScheduledThreadPoolExecutor$ScheduledFutureTask.access$301(ScheduledThreadPoolExecutor.java:180)
	at java.util.concurrent.ScheduledThreadPoolExecutor$ScheduledFutureTask.run(ScheduledThreadPoolExecutor.java:294)
	at java.util.concurrent.ThreadPoolExecutor.runWorker(ThreadPoolExecutor.java:1149)
	at java.util.concurrent.ThreadPoolExecutor$Worker.run(ThreadPoolExecutor.java:624)
	at java.lang.Thread.run(Thread.java:750)
Caused by: org.apache.hadoop.hdds.security.x509.exception.CertificateException: Error while signing and storing SCM signed certificate.
	at org.apache.hadoop.hdds.security.x509.certificate.client.DefaultCertificateClient.signAndStoreCertificate(DefaultCertificateClient.java:1286)
	at org.apache.hadoop.hdds.security.x509.certificate.client.DefaultCertificateClient.renewAndStoreKeyAndCertificate(DefaultCertificateClient.java:1083)
	... 8 more
Caused by: org.apache.hadoop.hdds.security.x509.exception.CertificateException: Unable to retrieve certificate chain.
	at org.apache.hadoop.hdds.security.x509.certificate.client.DefaultCertificateClient.signAndStoreCertificate(DefaultCertificateClient.java:1280)
	... 9 more
2023-08-23 22:10:55,000 [om-CertificateRenewerService] INFO  security.OMCertificateClient (DefaultCertificateClient.java:run(1383)) - Current certificate 1506283 needs to be renewed remaining grace period PT0S. Forced renewal due to root ca rotation: false.
2023-08-23 22:10:55,168 [Time-limited test] INFO  utils.SelfSignedCertificate (SelfSignedCertificate.java:generateCertificate(157)) - Certificate 1526335 is issued by CN=localhost,OU=test,O=cluster to CN=localhost,OU=test,O=cluster, valid from Wed Aug 23 22:10:55 UTC 2023 to Wed Aug 23 22:11:15 UTC 2023
2023-08-23 22:10:55,289 [om-CertificateRenewerService] INFO  ozone.OzoneSecurityUtil (OzoneSecurityUtil.java:getValidInetsForCurrentHost(119)) - ip:fe80:0:0:0:20d:3aff:fed9:fc2e%eth0 not returned.
2023-08-23 22:10:55,289 [om-CertificateRenewerService] INFO  ozone.OzoneSecurityUtil (OzoneSecurityUtil.java:getValidInetsForCurrentHost(116)) - Adding ip:10.1.0.14,host:fv-az621-511.fpnbra3ad0zu1hpqauu4rsdf4e.cx.internal.cloudapp.net
2023-08-23 22:10:55,290 [om-CertificateRenewerService] INFO  ozone.OzoneSecurityUtil (OzoneSecurityUtil.java:getValidInetsForCurrentHost(119)) - ip:0:0:0:0:0:0:0:1%lo not returned.
2023-08-23 22:10:55,290 [om-CertificateRenewerService] INFO  ozone.OzoneSecurityUtil (OzoneSecurityUtil.java:getValidInetsForCurrentHost(119)) - ip:127.0.0.1 not returned.
2023-08-23 22:10:55,290 [om-CertificateRenewerService] INFO  security.OMCertificateClient (OMCertificateClient.java:getCSRBuilder(114)) - Creating csr for OM->dns:fv-az621-511.fpnbra3ad0zu1hpqauu4rsdf4e.cx.internal.cloudapp.net,ip:10.1.0.14,scmId:3b28b7b3-1f2c-4032-8ca8-9b427a0239ed,clusterId:3ee6a6d6-9bf4-4314-b2e6-0d39b6510d53,subject:scm@fv-az621-511.fpnbra3ad0zu1hpqauu4rsdf4e.cx.internal.cloudapp.net
2023-08-23 22:10:55,292 [om-CertificateRenewerService] INFO  utils.CertificateCodec (CertificateCodec.java:writeCertificate(299)) - Save certificate to /tmp/junit6189763795173175314/junit3139250813497041268/om-meta/om/certs-next/1526335.crt
2023-08-23 22:10:55,293 [om-CertificateRenewerService] INFO  utils.CertificateCodec (CertificateCodec.java:writeCertificate(300)) - Certificate -----BEGIN CERTIFICATE-----
MIIB4DCCAUmgAwIBAgIDF0o/MA0GCSqGSIb3DQEBCwUAMDUxEjAQBgNVBAMMCWxv
Y2FsaG9zdDENMAsGA1UECwwEdGVzdDEQMA4GA1UECgwHY2x1c3RlcjAeFw0yMzA4
MjMyMjEwNTVaFw0yMzA4MjMyMjExMTVaMDUxEjAQBgNVBAMMCWxvY2FsaG9zdDEN
MAsGA1UECwwEdGVzdDEQMA4GA1UECgwHY2x1c3RlcjCBnzANBgkqhkiG9w0BAQEF
AAOBjQAwgYkCgYEAt4uUNnBwhsbBHelfvu04y3Sc1vb+bVA4qaR3XUJFjNyOY0Mu
Fg1Z30aFBC7OPRF/n5yOQqxD400VlR8qeboph7En758Dgg0KU9pp9tnCEeaBFnNn
BPGAAJHae2oKIPoqkCmWARQzN3mEA5vB1QCq5us3mVPlvuXU+1LBSRsE6jcCAwEA
ATANBgkqhkiG9w0BAQsFAAOBgQAXfGMuqnUReS02Pt+Sg7135sZX+euuc9OfMxNS
EZabzkCtm3AIcL6LrJrY9fcAxklpdhgaPgb6LMxLuBMVBBUJfxAKlMbQIswOVNCl
4+MvC1zPBfzsiv5qWxIuJTZkzRaqdYxAn1xj2qLTX3BeeLKERKick3nX2h4KlMe8
pUMJjg==
-----END CERTIFICATE-----

2023-08-23 22:10:55,293 [om-CertificateRenewerService] INFO  utils.CertificateCodec (CertificateCodec.java:writeCertificate(299)) - Save certificate to /tmp/junit6189763795173175314/junit3139250813497041268/om-meta/om/certs-next/CA-1526335.crt
2023-08-23 22:10:55,293 [om-CertificateRenewerService] INFO  utils.CertificateCodec (CertificateCodec.java:writeCertificate(300)) - Certificate -----BEGIN CERTIFICATE-----
MIIB4DCCAUmgAwIBAgIDF0o/MA0GCSqGSIb3DQEBCwUAMDUxEjAQBgNVBAMMCWxv
Y2FsaG9zdDENMAsGA1UECwwEdGVzdDEQMA4GA1UECgwHY2x1c3RlcjAeFw0yMzA4
MjMyMjEwNTVaFw0yMzA4MjMyMjExMTVaMDUxEjAQBgNVBAMMCWxvY2FsaG9zdDEN
MAsGA1UECwwEdGVzdDEQMA4GA1UECgwHY2x1c3RlcjCBnzANBgkqhkiG9w0BAQEF
AAOBjQAwgYkCgYEAt4uUNnBwhsbBHelfvu04y3Sc1vb+bVA4qaR3XUJFjNyOY0Mu
Fg1Z30aFBC7OPRF/n5yOQqxD400VlR8qeboph7En758Dgg0KU9pp9tnCEeaBFnNn
BPGAAJHae2oKIPoqkCmWARQzN3mEA5vB1QCq5us3mVPlvuXU+1LBSRsE6jcCAwEA
ATANBgkqhkiG9w0BAQsFAAOBgQAXfGMuqnUReS02Pt+Sg7135sZX+euuc9OfMxNS
EZabzkCtm3AIcL6LrJrY9fcAxklpdhgaPgb6LMxLuBMVBBUJfxAKlMbQIswOVNCl
4+MvC1zPBfzsiv5qWxIuJTZkzRaqdYxAn1xj2qLTX3BeeLKERKick3nX2h4KlMe8
pUMJjg==
-----END CERTIFICATE-----

2023-08-23 22:10:55,293 [om-CertificateRenewerService] INFO  security.OMCertificateClient (DefaultCertificateClient.java:updateCertSerialId(1244)) - Certificate serial ID set to 1526335
2023-08-23 22:10:55,294 [om-CertificateRenewerService] INFO  security.OMCertificateClient (DefaultCertificateClient.java:readCertificateFile(237)) - Added certificate   [0]         Version: 3
         SerialNumber: 1506283
             IssuerDN: CN=localhost,OU=test,O=cluster
           Start Date: Wed Aug 23 22:10:35 UTC 2023
           Final Date: Wed Aug 23 22:10:55 UTC 2023
            SubjectDN: CN=localhost,OU=test,O=cluster
           Public Key: RSA Public Key [4f:0d:95:0e:64:63:c3:14:50:4c:60:6f:6d:6a:69:42:a3:f9:53:da],[56:66:d1:a4]
        modulus: af2a12b7779701251ccd53b805243fd1fa4fbde950130eca2669041f084d718224542a74b759cd2a674738abfca81a0e6e8080052a80a6da993066b13bc7245d6755001c1ca1b36b21199bd2baee31abc66ceaac231a08b556565edc73f3b7be9e952d4341f30b7610cd5424f35e45d35f7e238a02fa5dc3266a0e4cea57a440d9814eab1611dc389c2e48fb8a574b4debd794dbe162fb444eabe74e11461880775087f2c3cdae7692f37d72a588a09c1c3979127ce8eb8389d50fcbbdbcf9072fa13579c8b252cbfd96c226060ff1edc4684fa35067444296e7ef4de5068eaa8e127a36afd6b63b7377f2a238131e061890321a917cc3ccab0a7ed13adca4b3
public exponent: 10001

  Signature Algorithm: SHA256WITHRSA
            Signature: 25a37aeecc3047df75fcd8d5be50666052aef727
                       862e51b389c264691a79b7b113e9f63863f4d709
                       4a3023bc2d4d9cc07a40b409dd95e5c331c1eaad
                       caad08c338d1aabea3694a6c09542ce0990a2c12
                       43e4a09f17e295e0bfc92e38e6b8ae4d18dce3b3
                       e2f7836b9a84fbafeba146d6a31f2e993e15808f
                       7c965fd5c4c157b1ce346b99597d1530b7088efc
                       cff254e00973c9d7f8ae7df159d6c7d955d36787
                       bea18cc6baff4008c6665f45f1ecc3c94c9b3c06
                       dcd1d051038b4b3b8ccd6632555115ce63cbecd6
                       4c14227b595dd0b5a113f1641aed1d57d7fb9a69
                       63ada7b1cd029e68c7a3cbd4e15d3d15d123d4ef
                       797708f21efee76332355605361db425
 from file: /tmp/junit6189763795173175314/junit3139250813497041268/om-meta/om/certs/certificate.crt.
2023-08-23 22:10:55,294 [om-CertificateRenewerService] INFO  security.OMCertificateClient (DefaultCertificateClient.java:renewAndStoreKeyAndCertificate(1162)) - Successful renew key and certificate. New certificate 1526335.
2023-08-23 22:10:55,294 [om-CertificateRenewerService] INFO  security.OMCertificateClient (DefaultCertificateClient.java:updateCertSerialId(1244)) - Certificate serial ID set to 1526335
2023-08-23 22:10:55,295 [om-CertificateRenewerService] INFO  security.OMCertificateClient (DefaultCertificateClient.java:readCertificateFile(237)) - Added certificate   [0]         Version: 3
         SerialNumber: 1526335
             IssuerDN: CN=localhost,OU=test,O=cluster
           Start Date: Wed Aug 23 22:10:55 UTC 2023
           Final Date: Wed Aug 23 22:11:15 UTC 2023
            SubjectDN: CN=localhost,OU=test,O=cluster
           Public Key: RSA Public Key [ea:13:78:5b:0f:7f:51:0d:9d:70:83:2d:00:41:d1:d5:47:49:7d:84],[56:66:d1:a4]
        modulus: b78b9436707086c6c11de95fbeed38cb749cd6f6fe6d5038a9a4775d42458cdc8e63432e160d59df4685042ece3d117f9f9c8e42ac43e34d15951f2a79ba2987b127ef9f03820d0a53da69f6d9c211e68116736704f1800091da7b6a0a20fa2a902996011433377984039bc1d500aae6eb379953e5bee5d4fb52c1491b04ea37
public exponent: 10001

  Signature Algorithm: SHA256WITHRSA
            Signature: 177c632eaa7511792d363edf9283bd77e6c657f9
                       ebae73d39f33135211969bce40ad9b700870be8b
                       ac9ad8f5f700c6496976181a3e06fa2ccc4bb813
                       150415097f100a94c6d022cc0e54d0a5e3e32f0b
                       5ccf05fcec8afe6a5b122e253664cd16aa758c40
                       9f5c63daa2d35f705e78b28444a89c9379d7da1e
                       0a94c7bca543098e
 from file: /tmp/junit6189763795173175314/junit3139250813497041268/om-meta/om/certs/CA-1526335.crt.
2023-08-23 22:10:55,295 [om-CertificateRenewerService] INFO  security.OMCertificateClient (DefaultCertificateClient.java:readCertificateFile(237)) - Added certificate   [0]         Version: 3
         SerialNumber: 1526335
             IssuerDN: CN=localhost,OU=test,O=cluster
           Start Date: Wed Aug 23 22:10:55 UTC 2023
           Final Date: Wed Aug 23 22:11:15 UTC 2023
            SubjectDN: CN=localhost,OU=test,O=cluster
           Public Key: RSA Public Key [ea:13:78:5b:0f:7f:51:0d:9d:70:83:2d:00:41:d1:d5:47:49:7d:84],[56:66:d1:a4]
        modulus: b78b9436707086c6c11de95fbeed38cb749cd6f6fe6d5038a9a4775d42458cdc8e63432e160d59df4685042ece3d117f9f9c8e42ac43e34d15951f2a79ba2987b127ef9f03820d0a53da69f6d9c211e68116736704f1800091da7b6a0a20fa2a902996011433377984039bc1d500aae6eb379953e5bee5d4fb52c1491b04ea37
public exponent: 10001

  Signature Algorithm: SHA256WITHRSA
            Signature: 177c632eaa7511792d363edf9283bd77e6c657f9
                       ebae73d39f33135211969bce40ad9b700870be8b
                       ac9ad8f5f700c6496976181a3e06fa2ccc4bb813
                       150415097f100a94c6d022cc0e54d0a5e3e32f0b
                       5ccf05fcec8afe6a5b122e253664cd16aa758c40
                       9f5c63daa2d35f705e78b28444a89c9379d7da1e
                       0a94c7bca543098e
 from file: /tmp/junit6189763795173175314/junit3139250813497041268/om-meta/om/certs/1526335.crt.
2023-08-23 22:10:55,296 [om-CertificateRenewerService] INFO  security.OMCertificateClient (DefaultCertificateClient.java:reloadKeyAndCertificate(1232)) - Reset and reloaded key and all certificates for new certificate 1526335.
2023-08-23 22:10:56,172 [Time-limited test] INFO  impl.DefaultInternalKdcServerImpl (DefaultInternalKdcServerImpl.java:doStop(102)) - Default Internal kdc server stopped.
2023-08-23 22:10:57,173 [Time-limited test] INFO  minikdc.MiniKdc (MiniKdc.java:stop(359)) - MiniKdc stopped.
]]></system-out>
  </testcase>
  <testcase name="testSecureOMInitializationFailure" classname="org.apache.hadoop.ozone.TestSecureOzoneCluster" time="3.901">
    <system-out><![CDATA[2023-08-23 22:10:57,190 [Time-limited test] INFO  net.ServerSocketUtil (ServerSocketUtil.java:getPort(55)) - Using port 9860
2023-08-23 22:10:57,190 [Time-limited test] INFO  net.ServerSocketUtil (ServerSocketUtil.java:getPort(55)) - Using port 9861
2023-08-23 22:10:57,190 [Time-limited test] INFO  net.ServerSocketUtil (ServerSocketUtil.java:getPort(55)) - Using port 9863
2023-08-23 22:10:57,190 [Time-limited test] INFO  net.ServerSocketUtil (ServerSocketUtil.java:getPort(55)) - Using port 9961
2023-08-23 22:10:57,190 [Time-limited test] INFO  net.ServerSocketUtil (ServerSocketUtil.java:getPort(55)) - Using port 1200
2023-08-23 22:10:57,190 [Time-limited test] INFO  net.ServerSocketUtil (ServerSocketUtil.java:getPort(55)) - Using port 1201
2023-08-23 22:10:57,190 [Time-limited test] INFO  minikdc.MiniKdc (MiniKdc.java:<init>(225)) - Configuration:
2023-08-23 22:10:57,190 [Time-limited test] INFO  minikdc.MiniKdc (MiniKdc.java:<init>(226)) - ---------------------------------------------------------------
2023-08-23 22:10:57,191 [Time-limited test] INFO  minikdc.MiniKdc (MiniKdc.java:<init>(228)) -   debug: false
2023-08-23 22:10:57,191 [Time-limited test] INFO  minikdc.MiniKdc (MiniKdc.java:<init>(228)) -   transport: TCP
2023-08-23 22:10:57,191 [Time-limited test] INFO  minikdc.MiniKdc (MiniKdc.java:<init>(228)) -   max.ticket.lifetime: 86400000
2023-08-23 22:10:57,191 [Time-limited test] INFO  minikdc.MiniKdc (MiniKdc.java:<init>(228)) -   org.name: EXAMPLE
2023-08-23 22:10:57,191 [Time-limited test] INFO  minikdc.MiniKdc (MiniKdc.java:<init>(228)) -   kdc.port: 0
2023-08-23 22:10:57,191 [Time-limited test] INFO  minikdc.MiniKdc (MiniKdc.java:<init>(228)) -   org.domain: COM
2023-08-23 22:10:57,191 [Time-limited test] INFO  minikdc.MiniKdc (MiniKdc.java:<init>(228)) -   max.renewable.lifetime: 604800000
2023-08-23 22:10:57,191 [Time-limited test] INFO  minikdc.MiniKdc (MiniKdc.java:<init>(228)) -   instance: DefaultKrbServer
2023-08-23 22:10:57,191 [Time-limited test] INFO  minikdc.MiniKdc (MiniKdc.java:<init>(228)) -   kdc.bind.address: localhost
2023-08-23 22:10:57,191 [Time-limited test] INFO  minikdc.MiniKdc (MiniKdc.java:<init>(230)) - ---------------------------------------------------------------
2023-08-23 22:10:57,192 [Time-limited test] INFO  minikdc.MiniKdc (MiniKdc.java:start(285)) - MiniKdc started.
2023-08-23 22:10:57,580 [Time-limited test] INFO  om.OzoneManager (OzoneManager.java:getOmDetailsProto(4552)) - OzoneManager ports added:[name: "RPC"
value: 1202
]
2023-08-23 22:10:57,580 [Time-limited test] WARN  server.ServerUtils (ServerUtils.java:getScmDbDir(155)) - ozone.scm.db.dirs is not configured. We recommend adding this setting. Falling back to ozone.metadata.dirs instead.
2023-08-23 22:10:57,580 [Time-limited test] INFO  ha.HASecurityUtils (HASecurityUtils.java:initializeSecurity(98)) - Initializing secure StorageContainerManager.
2023-08-23 22:10:57,581 [Time-limited test] INFO  client.SCMCertificateClient (DefaultCertificateClient.java:updateCertSerialId(1244)) - Certificate serial ID set to null
2023-08-23 22:10:57,582 [Time-limited test] ERROR client.SCMCertificateClient (DefaultCertificateClient.java:getCertPath(362)) - Default certificate serial id is not set. Can't locate the default certificate for this client.
2023-08-23 22:10:57,582 [Time-limited test] INFO  client.SCMCertificateClient (DefaultCertificateClient.java:init(715)) - Certificate client init case: 0
2023-08-23 22:10:57,582 [Time-limited test] INFO  client.SCMCertificateClient (SCMCertificateClient.java:handleCase(103)) - Creating keypair for client as keypair and certificate not found.
2023-08-23 22:10:57,849 [Time-limited test] INFO  ha.HASecurityUtils (HASecurityUtils.java:initializeSecurity(108)) - Init response: GETCERT
2023-08-23 22:10:57,933 [Time-limited test] INFO  ozone.OzoneSecurityUtil (OzoneSecurityUtil.java:getValidInetsForCurrentHost(119)) - ip:fe80:0:0:0:20d:3aff:fed9:fc2e%eth0 not returned.
2023-08-23 22:10:57,933 [Time-limited test] INFO  ozone.OzoneSecurityUtil (OzoneSecurityUtil.java:getValidInetsForCurrentHost(116)) - Adding ip:10.1.0.14,host:fv-az621-511.fpnbra3ad0zu1hpqauu4rsdf4e.cx.internal.cloudapp.net
2023-08-23 22:10:57,933 [Time-limited test] INFO  ozone.OzoneSecurityUtil (OzoneSecurityUtil.java:getValidInetsForCurrentHost(119)) - ip:0:0:0:0:0:0:0:1%lo not returned.
2023-08-23 22:10:57,933 [Time-limited test] INFO  ozone.OzoneSecurityUtil (OzoneSecurityUtil.java:getValidInetsForCurrentHost(119)) - ip:127.0.0.1 not returned.
2023-08-23 22:10:57,936 [Time-limited test] INFO  utils.SelfSignedCertificate (SelfSignedCertificate.java:generateCertificate(157)) - Certificate 1 is issued by CN=scm-1@fv-az621-511,OU=3b620d1a-4a3d-4e41-a968-a66f4083e251,O=81069439-80b2-4214-97fd-e1b37b89e85d to CN=scm-1@fv-az621-511,OU=3b620d1a-4a3d-4e41-a968-a66f4083e251,O=81069439-80b2-4214-97fd-e1b37b89e85d, valid from Wed Aug 23 22:10:57 UTC 2023 to Sat Sep 30 22:10:57 UTC 2028
2023-08-23 22:10:57,937 [Time-limited test] INFO  utils.CertificateCodec (CertificateCodec.java:writeCertificate(299)) - Save certificate to /tmp/junit5478192661250044512/junit5291822259201185346/scm-meta/scm/ca/certs/certificate.crt
2023-08-23 22:10:57,937 [Time-limited test] INFO  utils.CertificateCodec (CertificateCodec.java:writeCertificate(300)) - Certificate -----BEGIN CERTIFICATE-----
MIID5zCCAs+gAwIBAgIBATANBgkqhkiG9w0BAQsFADB7MRswGQYDVQQDDBJzY20t
MUBmdi1hejYyMS01MTExLTArBgNVBAsMJDNiNjIwZDFhLTRhM2QtNGU0MS1hOTY4
LWE2NmY0MDgzZTI1MTEtMCsGA1UECgwkODEwNjk0MzktODBiMi00MjE0LTk3ZmQt
ZTFiMzdiODllODVkMB4XDTIzMDgyMzIyMTA1N1oXDTI4MDkzMDIyMTA1N1owezEb
MBkGA1UEAwwSc2NtLTFAZnYtYXo2MjEtNTExMS0wKwYDVQQLDCQzYjYyMGQxYS00
YTNkLTRlNDEtYTk2OC1hNjZmNDA4M2UyNTExLTArBgNVBAoMJDgxMDY5NDM5LTgw
YjItNDIxNC05N2ZkLWUxYjM3Yjg5ZTg1ZDCCASIwDQYJKoZIhvcNAQEBBQADggEP
ADCCAQoCggEBAM94nvkyGVoJGHNxPez/LWqE9V8p0Ugmm4A9eWCLJ0VCA12e+8PI
Yq1SKmVfyH5WhT/07L3+CAL+BVoNKlF09ynrZzqEsy3grinQAA8v/ld/U7T/k+S8
UdT+nP4US4qSf8S86kQ5KyJ9DnshnnbKLOrZM6su2i8HUuON++X3eK6NB2nWUNAV
/jKk09/6cOUBX5P6n/OW94GayAc/aSfBPIifs14aSDRPUXLxanGNojnUR8QWEnWM
UpKz0lvVYbYXYhpugEEMXoYiQ8TEkEnddnD6TSzMtszB9i9HXJJF3RzU9bYLJIKg
BV3RryRl9cwrAf+VHeMnI+ksYdyII2QHoB8CAwEAAaN2MHQwDwYDVR0TAQH/BAUw
AwEB/zAOBgNVHQ8BAf8EBAMCAQYwUQYDVR0RBEowSIcECgEADoJAZnYtYXo2MjEt
NTExLmZwbmJyYTNhZDB6dTFocHFhdXU0cnNkZjRlLmN4LmludGVybmFsLmNsb3Vk
YXBwLm5ldDANBgkqhkiG9w0BAQsFAAOCAQEAECSlejpriv61zh2Vlzyyoo3sVs2t
h06tk/w5/dG+EHPZqbfXA/WUCX3u+mPEmGRkQResIuTKppMaErXurWoiB5FGEvPX
HS4qEvp+sjJTgIQGFWJgYCc22JBDm20dbCPB1zE1TY4o56Bb/q/yXVT9am5tkkKB
llcsYYSWCdmO5d+qTc6z1ng/e0/lqVcvAzLkDIycu6s0ONEPCD/EPi0BoKli6zWY
Yopjv02+dtirH82cQ34nQ7If1IjldukPARKbrcNgKrWShBWnOSBqc7bxUNrNnY7t
Lv412hv2S7SYuUMpDymH+BkrgACiRULv/EXxLW9F3FeBZkllviyNLp7PiQ==
-----END CERTIFICATE-----

2023-08-23 22:10:57,937 [Time-limited test] INFO  client.SCMCertificateClient (SCMCertificateClient.java:getCSRBuilder(165)) - Creating csr for SCM->hostName:fv-az621-511,scmId:3b620d1a-4a3d-4e41-a968-a66f4083e251,clusterId:81069439-80b2-4214-97fd-e1b37b89e85d,subject:scm-sub-1529106400782@fv-az621-511
2023-08-23 22:10:57,937 [Time-limited test] INFO  ozone.OzoneSecurityUtil (OzoneSecurityUtil.java:getValidInetsForCurrentHost(119)) - ip:fe80:0:0:0:20d:3aff:fed9:fc2e%eth0 not returned.
2023-08-23 22:10:57,937 [Time-limited test] INFO  ozone.OzoneSecurityUtil (OzoneSecurityUtil.java:getValidInetsForCurrentHost(116)) - Adding ip:10.1.0.14,host:fv-az621-511.fpnbra3ad0zu1hpqauu4rsdf4e.cx.internal.cloudapp.net
2023-08-23 22:10:57,938 [Time-limited test] INFO  ozone.OzoneSecurityUtil (OzoneSecurityUtil.java:getValidInetsForCurrentHost(119)) - ip:0:0:0:0:0:0:0:1%lo not returned.
2023-08-23 22:10:57,938 [Time-limited test] INFO  ozone.OzoneSecurityUtil (OzoneSecurityUtil.java:getValidInetsForCurrentHost(119)) - ip:127.0.0.1 not returned.
2023-08-23 22:10:57,938 [Time-limited test] INFO  ha.HASecurityUtils (HASecurityUtils.java:generateCSR(308)) - Creating csr for SCM->hostName:fv-az621-511,scmId:3b620d1a-4a3d-4e41-a968-a66f4083e251,clusterId:81069439-80b2-4214-97fd-e1b37b89e85d,subject:scm-sub-1529106914281@fv-az621-511
2023-08-23 22:10:57,941 [Time-limited test] INFO  authority.DefaultApprover (DefaultApprover.java:sign(154)) - Extensions in CSR: 2.5.29.19, 2.5.29.15, 2.5.29.17
2023-08-23 22:10:57,941 [Time-limited test] INFO  authority.DefaultApprover (DefaultApprover.java:sign(158)) - Extensions to add to the certificate if they present in CSR: 2.5.29.17, 2.5.29.19, 1.3.6.1.5.5.7.1.12, 2.5.29.35, 2.5.29.37, 2.5.29.15
2023-08-23 22:10:57,944 [Time-limited test] INFO  utils.CertificateCodec (CertificateCodec.java:writeCertificate(299)) - Save certificate to /tmp/junit5478192661250044512/junit5291822259201185346/scm-meta/scm/sub-ca/certs/CA-1.crt
2023-08-23 22:10:57,944 [Time-limited test] INFO  utils.CertificateCodec (CertificateCodec.java:writeCertificate(300)) - Certificate -----BEGIN CERTIFICATE-----
MIID5zCCAs+gAwIBAgIBATANBgkqhkiG9w0BAQsFADB7MRswGQYDVQQDDBJzY20t
MUBmdi1hejYyMS01MTExLTArBgNVBAsMJDNiNjIwZDFhLTRhM2QtNGU0MS1hOTY4
LWE2NmY0MDgzZTI1MTEtMCsGA1UECgwkODEwNjk0MzktODBiMi00MjE0LTk3ZmQt
ZTFiMzdiODllODVkMB4XDTIzMDgyMzIyMTA1N1oXDTI4MDkzMDIyMTA1N1owezEb
MBkGA1UEAwwSc2NtLTFAZnYtYXo2MjEtNTExMS0wKwYDVQQLDCQzYjYyMGQxYS00
YTNkLTRlNDEtYTk2OC1hNjZmNDA4M2UyNTExLTArBgNVBAoMJDgxMDY5NDM5LTgw
YjItNDIxNC05N2ZkLWUxYjM3Yjg5ZTg1ZDCCASIwDQYJKoZIhvcNAQEBBQADggEP
ADCCAQoCggEBAM94nvkyGVoJGHNxPez/LWqE9V8p0Ugmm4A9eWCLJ0VCA12e+8PI
Yq1SKmVfyH5WhT/07L3+CAL+BVoNKlF09ynrZzqEsy3grinQAA8v/ld/U7T/k+S8
UdT+nP4US4qSf8S86kQ5KyJ9DnshnnbKLOrZM6su2i8HUuON++X3eK6NB2nWUNAV
/jKk09/6cOUBX5P6n/OW94GayAc/aSfBPIifs14aSDRPUXLxanGNojnUR8QWEnWM
UpKz0lvVYbYXYhpugEEMXoYiQ8TEkEnddnD6TSzMtszB9i9HXJJF3RzU9bYLJIKg
BV3RryRl9cwrAf+VHeMnI+ksYdyII2QHoB8CAwEAAaN2MHQwDwYDVR0TAQH/BAUw
AwEB/zAOBgNVHQ8BAf8EBAMCAQYwUQYDVR0RBEowSIcECgEADoJAZnYtYXo2MjEt
NTExLmZwbmJyYTNhZDB6dTFocHFhdXU0cnNkZjRlLmN4LmludGVybmFsLmNsb3Vk
YXBwLm5ldDANBgkqhkiG9w0BAQsFAAOCAQEAECSlejpriv61zh2Vlzyyoo3sVs2t
h06tk/w5/dG+EHPZqbfXA/WUCX3u+mPEmGRkQResIuTKppMaErXurWoiB5FGEvPX
HS4qEvp+sjJTgIQGFWJgYCc22JBDm20dbCPB1zE1TY4o56Bb/q/yXVT9am5tkkKB
llcsYYSWCdmO5d+qTc6z1ng/e0/lqVcvAzLkDIycu6s0ONEPCD/EPi0BoKli6zWY
Yopjv02+dtirH82cQ34nQ7If1IjldukPARKbrcNgKrWShBWnOSBqc7bxUNrNnY7t
Lv412hv2S7SYuUMpDymH+BkrgACiRULv/EXxLW9F3FeBZkllviyNLp7PiQ==
-----END CERTIFICATE-----

2023-08-23 22:10:57,945 [Time-limited test] INFO  utils.CertificateCodec (CertificateCodec.java:writeCertificate(299)) - Save certificate to /tmp/junit5478192661250044512/junit5291822259201185346/scm-meta/scm/sub-ca/certs/1529110205871.crt
2023-08-23 22:10:57,945 [Time-limited test] INFO  utils.CertificateCodec (CertificateCodec.java:writeCertificate(300)) - Certificate -----BEGIN CERTIFICATE-----
MIID/TCCAuWgAwIBAgIGAWQGEhWvMA0GCSqGSIb3DQEBCwUAMHsxGzAZBgNVBAMM
EnNjbS0xQGZ2LWF6NjIxLTUxMTEtMCsGA1UECwwkM2I2MjBkMWEtNGEzZC00ZTQx
LWE5NjgtYTY2ZjQwODNlMjUxMS0wKwYDVQQKDCQ4MTA2OTQzOS04MGIyLTQyMTQt
OTdmZC1lMWIzN2I4OWU4NWQwHhcNMjMwODIzMjIxMDU3WhcNMjgwOTMwMjIxMDU3
WjCBizErMCkGA1UEAwwic2NtLXN1Yi0xNTI5MTA2OTE0MjgxQGZ2LWF6NjIxLTUx
MTEtMCsGA1UECwwkM2I2MjBkMWEtNGEzZC00ZTQxLWE5NjgtYTY2ZjQwODNlMjUx
MS0wKwYDVQQKDCQ4MTA2OTQzOS04MGIyLTQyMTQtOTdmZC1lMWIzN2I4OWU4NWQw
ggEiMA0GCSqGSIb3DQEBAQUAA4IBDwAwggEKAoIBAQCY/BKZB3qqTcwQm/HYQ1D8
GVAX5AkbMVTH6NvBW3anZrCHoslt73ca+Ufd6iJw6nAhXu7S5UiBbuhTE9zn/ge9
sVvRh2mclq6o9/1QwlTxD0IJ9AqRhwfss38f3vN09KYocgTmeX9oyb9fxqeGt//3
bqoFjulPv5dUMN0K/8FRsby1mc2nk4yIrV6oRhQldzzxrRKx+cTVxwqB37cIve3g
R/RT8RZBmpSpP9heDYl9FIUSE53zin+XHB+Ru0q8SyfP3tXlnHKfKSFmy3h1DZDZ
ujgNg2jG4R9YQcnRsWFz46ymPKvEFJqrgRWhU4cQzhYHJxGvpAfibNWsnlGxv50h
AgMBAAGjdjB0MFEGA1UdEQRKMEiHBAoBAA6CQGZ2LWF6NjIxLTUxMS5mcG5icmEz
YWQwenUxaHBxYXV1NHJzZGY0ZS5jeC5pbnRlcm5hbC5jbG91ZGFwcC5uZXQwDwYD
VR0TAQH/BAUwAwEB/zAOBgNVHQ8BAf8EBAMCAb4wDQYJKoZIhvcNAQELBQADggEB
AM3PxlaBtqzHIhYBVoIsrCa2aKRyEyQKzE5QJjbQ/69aUyRpc0Hw8suPQFvUevyR
Pie95cQ9AeiC63cLRDHVSxi72N1P8k9Ui0u/cZtcHj4ILfnPuq5pc+aQvRJNA+Y/
HS+9xpmUjFke8amZSGgDsXWkzGAJUfd8OWk4/MPGfOBNP70/X9Cc3uSoJAnkLSh7
wakbn8CkxZmBl0ktWjARQPpIAsTrnzBUF/wf/R4uI9w6ybVNEQ7X/V1i2gF5Do9R
GcXmkPAWR3IPErVO5QZdG75JhH5O/qLluyYFNU/kTmjpsuK5AW5IidYYAUW4xuzM
0iyT+yA6nXm/5oYsTae4zjs=
-----END CERTIFICATE-----

-----BEGIN CERTIFICATE-----
MIID5zCCAs+gAwIBAgIBATANBgkqhkiG9w0BAQsFADB7MRswGQYDVQQDDBJzY20t
MUBmdi1hejYyMS01MTExLTArBgNVBAsMJDNiNjIwZDFhLTRhM2QtNGU0MS1hOTY4
LWE2NmY0MDgzZTI1MTEtMCsGA1UECgwkODEwNjk0MzktODBiMi00MjE0LTk3ZmQt
ZTFiMzdiODllODVkMB4XDTIzMDgyMzIyMTA1N1oXDTI4MDkzMDIyMTA1N1owezEb
MBkGA1UEAwwSc2NtLTFAZnYtYXo2MjEtNTExMS0wKwYDVQQLDCQzYjYyMGQxYS00
YTNkLTRlNDEtYTk2OC1hNjZmNDA4M2UyNTExLTArBgNVBAoMJDgxMDY5NDM5LTgw
YjItNDIxNC05N2ZkLWUxYjM3Yjg5ZTg1ZDCCASIwDQYJKoZIhvcNAQEBBQADggEP
ADCCAQoCggEBAM94nvkyGVoJGHNxPez/LWqE9V8p0Ugmm4A9eWCLJ0VCA12e+8PI
Yq1SKmVfyH5WhT/07L3+CAL+BVoNKlF09ynrZzqEsy3grinQAA8v/ld/U7T/k+S8
UdT+nP4US4qSf8S86kQ5KyJ9DnshnnbKLOrZM6su2i8HUuON++X3eK6NB2nWUNAV
/jKk09/6cOUBX5P6n/OW94GayAc/aSfBPIifs14aSDRPUXLxanGNojnUR8QWEnWM
UpKz0lvVYbYXYhpugEEMXoYiQ8TEkEnddnD6TSzMtszB9i9HXJJF3RzU9bYLJIKg
BV3RryRl9cwrAf+VHeMnI+ksYdyII2QHoB8CAwEAAaN2MHQwDwYDVR0TAQH/BAUw
AwEB/zAOBgNVHQ8BAf8EBAMCAQYwUQYDVR0RBEowSIcECgEADoJAZnYtYXo2MjEt
NTExLmZwbmJyYTNhZDB6dTFocHFhdXU0cnNkZjRlLmN4LmludGVybmFsLmNsb3Vk
YXBwLm5ldDANBgkqhkiG9w0BAQsFAAOCAQEAECSlejpriv61zh2Vlzyyoo3sVs2t
h06tk/w5/dG+EHPZqbfXA/WUCX3u+mPEmGRkQResIuTKppMaErXurWoiB5FGEvPX
HS4qEvp+sjJTgIQGFWJgYCc22JBDm20dbCPB1zE1TY4o56Bb/q/yXVT9am5tkkKB
llcsYYSWCdmO5d+qTc6z1ng/e0/lqVcvAzLkDIycu6s0ONEPCD/EPi0BoKli6zWY
Yopjv02+dtirH82cQ34nQ7If1IjldukPARKbrcNgKrWShBWnOSBqc7bxUNrNnY7t
Lv412hv2S7SYuUMpDymH+BkrgACiRULv/EXxLW9F3FeBZkllviyNLp7PiQ==
-----END CERTIFICATE-----

2023-08-23 22:10:57,945 [Time-limited test] INFO  utils.CertificateCodec (CertificateCodec.java:writeCertificate(299)) - Save certificate to /tmp/junit5478192661250044512/junit5291822259201185346/scm-meta/scm/sub-ca/certs/certificate.crt
2023-08-23 22:10:57,945 [Time-limited test] INFO  utils.CertificateCodec (CertificateCodec.java:writeCertificate(300)) - Certificate -----BEGIN CERTIFICATE-----
MIID/TCCAuWgAwIBAgIGAWQGEhWvMA0GCSqGSIb3DQEBCwUAMHsxGzAZBgNVBAMM
EnNjbS0xQGZ2LWF6NjIxLTUxMTEtMCsGA1UECwwkM2I2MjBkMWEtNGEzZC00ZTQx
LWE5NjgtYTY2ZjQwODNlMjUxMS0wKwYDVQQKDCQ4MTA2OTQzOS04MGIyLTQyMTQt
OTdmZC1lMWIzN2I4OWU4NWQwHhcNMjMwODIzMjIxMDU3WhcNMjgwOTMwMjIxMDU3
WjCBizErMCkGA1UEAwwic2NtLXN1Yi0xNTI5MTA2OTE0MjgxQGZ2LWF6NjIxLTUx
MTEtMCsGA1UECwwkM2I2MjBkMWEtNGEzZC00ZTQxLWE5NjgtYTY2ZjQwODNlMjUx
MS0wKwYDVQQKDCQ4MTA2OTQzOS04MGIyLTQyMTQtOTdmZC1lMWIzN2I4OWU4NWQw
ggEiMA0GCSqGSIb3DQEBAQUAA4IBDwAwggEKAoIBAQCY/BKZB3qqTcwQm/HYQ1D8
GVAX5AkbMVTH6NvBW3anZrCHoslt73ca+Ufd6iJw6nAhXu7S5UiBbuhTE9zn/ge9
sVvRh2mclq6o9/1QwlTxD0IJ9AqRhwfss38f3vN09KYocgTmeX9oyb9fxqeGt//3
bqoFjulPv5dUMN0K/8FRsby1mc2nk4yIrV6oRhQldzzxrRKx+cTVxwqB37cIve3g
R/RT8RZBmpSpP9heDYl9FIUSE53zin+XHB+Ru0q8SyfP3tXlnHKfKSFmy3h1DZDZ
ujgNg2jG4R9YQcnRsWFz46ymPKvEFJqrgRWhU4cQzhYHJxGvpAfibNWsnlGxv50h
AgMBAAGjdjB0MFEGA1UdEQRKMEiHBAoBAA6CQGZ2LWF6NjIxLTUxMS5mcG5icmEz
YWQwenUxaHBxYXV1NHJzZGY0ZS5jeC5pbnRlcm5hbC5jbG91ZGFwcC5uZXQwDwYD
VR0TAQH/BAUwAwEB/zAOBgNVHQ8BAf8EBAMCAb4wDQYJKoZIhvcNAQELBQADggEB
AM3PxlaBtqzHIhYBVoIsrCa2aKRyEyQKzE5QJjbQ/69aUyRpc0Hw8suPQFvUevyR
Pie95cQ9AeiC63cLRDHVSxi72N1P8k9Ui0u/cZtcHj4ILfnPuq5pc+aQvRJNA+Y/
HS+9xpmUjFke8amZSGgDsXWkzGAJUfd8OWk4/MPGfOBNP70/X9Cc3uSoJAnkLSh7
wakbn8CkxZmBl0ktWjARQPpIAsTrnzBUF/wf/R4uI9w6ybVNEQ7X/V1i2gF5Do9R
GcXmkPAWR3IPErVO5QZdG75JhH5O/qLluyYFNU/kTmjpsuK5AW5IidYYAUW4xuzM
0iyT+yA6nXm/5oYsTae4zjs=
-----END CERTIFICATE-----

-----BEGIN CERTIFICATE-----
MIID5zCCAs+gAwIBAgIBATANBgkqhkiG9w0BAQsFADB7MRswGQYDVQQDDBJzY20t
MUBmdi1hejYyMS01MTExLTArBgNVBAsMJDNiNjIwZDFhLTRhM2QtNGU0MS1hOTY4
LWE2NmY0MDgzZTI1MTEtMCsGA1UECgwkODEwNjk0MzktODBiMi00MjE0LTk3ZmQt
ZTFiMzdiODllODVkMB4XDTIzMDgyMzIyMTA1N1oXDTI4MDkzMDIyMTA1N1owezEb
MBkGA1UEAwwSc2NtLTFAZnYtYXo2MjEtNTExMS0wKwYDVQQLDCQzYjYyMGQxYS00
YTNkLTRlNDEtYTk2OC1hNjZmNDA4M2UyNTExLTArBgNVBAoMJDgxMDY5NDM5LTgw
YjItNDIxNC05N2ZkLWUxYjM3Yjg5ZTg1ZDCCASIwDQYJKoZIhvcNAQEBBQADggEP
ADCCAQoCggEBAM94nvkyGVoJGHNxPez/LWqE9V8p0Ugmm4A9eWCLJ0VCA12e+8PI
Yq1SKmVfyH5WhT/07L3+CAL+BVoNKlF09ynrZzqEsy3grinQAA8v/ld/U7T/k+S8
UdT+nP4US4qSf8S86kQ5KyJ9DnshnnbKLOrZM6su2i8HUuON++X3eK6NB2nWUNAV
/jKk09/6cOUBX5P6n/OW94GayAc/aSfBPIifs14aSDRPUXLxanGNojnUR8QWEnWM
UpKz0lvVYbYXYhpugEEMXoYiQ8TEkEnddnD6TSzMtszB9i9HXJJF3RzU9bYLJIKg
BV3RryRl9cwrAf+VHeMnI+ksYdyII2QHoB8CAwEAAaN2MHQwDwYDVR0TAQH/BAUw
AwEB/zAOBgNVHQ8BAf8EBAMCAQYwUQYDVR0RBEowSIcECgEADoJAZnYtYXo2MjEt
NTExLmZwbmJyYTNhZDB6dTFocHFhdXU0cnNkZjRlLmN4LmludGVybmFsLmNsb3Vk
YXBwLm5ldDANBgkqhkiG9w0BAQsFAAOCAQEAECSlejpriv61zh2Vlzyyoo3sVs2t
h06tk/w5/dG+EHPZqbfXA/WUCX3u+mPEmGRkQResIuTKppMaErXurWoiB5FGEvPX
HS4qEvp+sjJTgIQGFWJgYCc22JBDm20dbCPB1zE1TY4o56Bb/q/yXVT9am5tkkKB
llcsYYSWCdmO5d+qTc6z1ng/e0/lqVcvAzLkDIycu6s0ONEPCD/EPi0BoKli6zWY
Yopjv02+dtirH82cQ34nQ7If1IjldukPARKbrcNgKrWShBWnOSBqc7bxUNrNnY7t
Lv412hv2S7SYuUMpDymH+BkrgACiRULv/EXxLW9F3FeBZkllviyNLp7PiQ==
-----END CERTIFICATE-----

2023-08-23 22:10:57,945 [Time-limited test] INFO  ha.HASecurityUtils (HASecurityUtils.java:initializeSecurity(121)) - Successfully stored SCM signed certificate.
2023-08-23 22:10:57,947 [Time-limited test] WARN  server.ServerUtils (ServerUtils.java:getScmDbDir(155)) - ozone.scm.db.dirs is not configured. We recommend adding this setting. Falling back to ozone.metadata.dirs instead.
2023-08-23 22:10:57,947 [Time-limited test] INFO  ha.SCMHANodeDetails (SCMHANodeDetails.java:loadSCMHAConfig(210)) - ServiceID for StorageContainerManager is null
2023-08-23 22:10:57,947 [Time-limited test] INFO  ha.SCMHANodeDetails (SCMHANodeDetails.java:loadSCMHAConfig(215)) - ozone.scm.default.service.id is not defined, falling back to ozone.scm.service.ids to find serviceID for StorageContainerManager if it is HA enabled cluster
2023-08-23 22:10:57,950 [pool-456-thread-1] INFO  request.KdcRequest (KdcRequest.java:preauth(651)) - The preauth data is empty.
2023-08-23 22:10:57,950 [pool-456-thread-1] INFO  server.KdcHandler (KdcHandler.java:handleRecoverableException(177)) - KRB error occurred while processing request:Additional pre-authentication required
2023-08-23 22:10:57,953 [pool-456-thread-2] INFO  request.AsRequest (AsRequest.java:issueTicket(112)) - AS_REQ ISSUE: authtime 1692828657953,scm/fv-az621-511.fpnbra3ad0zu1hpqauu4rsdf4e.cx.internal.cloudapp.net@EXAMPLE.COM for krbtgt/EXAMPLE.COM@EXAMPLE.COM
2023-08-23 22:10:57,954 [Time-limited test] INFO  security.UserGroupInformation (UserGroupInformation.java:loginUserFromKeytab(1132)) - Login successful for user scm/fv-az621-511.fpnbra3ad0zu1hpqauu4rsdf4e.cx.internal.cloudapp.net@EXAMPLE.COM using keytab file scm.keytab. Keytab auto renewal enabled : false
2023-08-23 22:10:57,954 [Time-limited test] INFO  server.StorageContainerManager (StorageContainerManager.java:loginAsSCMUserIfSecurityEnabled(1042)) - SCM login successful.
2023-08-23 22:10:57,955 [Time-limited test] INFO  client.SCMCertificateClient (DefaultCertificateClient.java:updateCertSerialId(1244)) - Certificate serial ID set to 1529110205871
2023-08-23 22:10:57,956 [Time-limited test] INFO  client.SCMCertificateClient (DefaultCertificateClient.java:readCertificateFile(237)) - Added certificate   [0]         Version: 3
         SerialNumber: 1
             IssuerDN: CN=scm-1@fv-az621-511,OU=3b620d1a-4a3d-4e41-a968-a66f4083e251,O=81069439-80b2-4214-97fd-e1b37b89e85d
           Start Date: Wed Aug 23 22:10:57 UTC 2023
           Final Date: Sat Sep 30 22:10:57 UTC 2028
            SubjectDN: CN=scm-1@fv-az621-511,OU=3b620d1a-4a3d-4e41-a968-a66f4083e251,O=81069439-80b2-4214-97fd-e1b37b89e85d
           Public Key: RSA Public Key [53:13:ef:ee:ca:c1:e5:f6:8a:64:84:fe:a0:b3:7a:e0:41:13:a4:2b],[56:66:d1:a4]
        modulus: cf789ef932195a091873713decff2d6a84f55f29d148269b803d79608b274542035d9efbc3c862ad522a655fc87e56853ff4ecbdfe0802fe055a0d2a5174f729eb673a84b32de0ae29d0000f2ffe577f53b4ff93e4bc51d4fe9cfe144b8a927fc4bcea44392b227d0e7b219e76ca2cead933ab2eda2f0752e38dfbe5f778ae8d0769d650d015fe32a4d3dffa70e5015f93fa9ff396f7819ac8073f6927c13c889fb35e1a48344f5172f16a718da239d447c41612758c5292b3d25bd561b617621a6e80410c5e862243c4c49049dd7670fa4d2cccb6ccc1f62f475c9245dd1cd4f5b60b2482a0055dd1af2465f5cc2b01ff951de32723e92c61dc88236407a01f
public exponent: 10001

  Signature Algorithm: SHA256WITHRSA
            Signature: 1024a57a3a6b8afeb5ce1d95973cb2a28dec56cd
                       ad874ead93fc39fdd1be1073d9a9b7d703f59409
                       7deefa63c49864644117ac22e4caa6931a12b5ee
                       ad6a2207914612f3d71d2e2a12fa7eb232538084
                       06156260602736d890439b6d1d6c23c1d731354d
                       8e28e7a05bfeaff25d54fd6a6e6d92428196572c
                       61849609d98ee5dfaa4dceb3d6783f7b4fe5a957
                       2f0332e40c8c9cbbab3438d10f083fc43e2d01a0
                       a962eb3598628a63bf4dbe76d8ab1fcd9c437e27
                       43b21fd488e576e90f01129badc3602ab5928415
                       a739206a73b6f150dacd9d8eed2efe35da1bf64b
                       b498b943290f2987f8192b8000a24542effc45f1
                       2d6f45dc5781664965be2c8d2e9ecf89
       Extensions: 
                       critical(true) BasicConstraints: isCa(true)
                       critical(true) KeyUsage: 0x6
                       critical(false) 2.5.29.17 value = Sequence
    Tagged [7] IMPLICIT 
        DER Octet String[4] 
    Tagged [2] IMPLICIT 
        DER Octet String[64] 

 from file: /tmp/junit5478192661250044512/junit5291822259201185346/scm-meta/scm/sub-ca/certs/CA-1.crt.
2023-08-23 22:10:57,957 [Time-limited test] INFO  client.SCMCertificateClient (DefaultCertificateClient.java:readCertificateFile(237)) - Added certificate   [0]         Version: 3
         SerialNumber: 1529110205871
             IssuerDN: CN=scm-1@fv-az621-511,OU=3b620d1a-4a3d-4e41-a968-a66f4083e251,O=81069439-80b2-4214-97fd-e1b37b89e85d
           Start Date: Wed Aug 23 22:10:57 UTC 2023
           Final Date: Sat Sep 30 22:10:57 UTC 2028
            SubjectDN: CN=scm-sub-1529106914281@fv-az621-511,OU=3b620d1a-4a3d-4e41-a968-a66f4083e251,O=81069439-80b2-4214-97fd-e1b37b89e85d
           Public Key: RSA Public Key [cf:37:cc:4f:f1:f3:d3:bc:db:d2:22:93:c5:7b:06:a6:4d:4a:74:f2],[56:66:d1:a4]
        modulus: 98fc1299077aaa4dcc109bf1d84350fc195017e4091b3154c7e8dbc15b76a766b087a2c96def771af947ddea2270ea70215eeed2e548816ee85313dce7fe07bdb15bd187699c96aea8f7fd50c254f10f4209f40a918707ecb37f1fdef374f4a6287204e6797f68c9bf5fc6a786b7fff76eaa058ee94fbf975430dd0affc151b1bcb599cda7938c88ad5ea8461425773cf1ad12b1f9c4d5c70a81dfb708bdede047f453f116419a94a93fd85e0d897d148512139df38a7f971c1f91bb4abc4b27cfded5e59c729f292166cb78750d90d9ba380d8368c6e11f5841c9d1b16173e3aca63cabc4149aab8115a1538710ce16072711afa407e26cd5ac9e51b1bf9d21
public exponent: 10001

  Signature Algorithm: SHA256WITHRSA
            Signature: cdcfc65681b6acc722160156822cac26b668a472
                       13240acc4e502636d0ffaf5a5324697341f0f2cb
                       8f405bd47afc913e27bde5c43d01e882eb770b44
                       31d54b18bbd8dd4ff24f548b4bbf719b5c1e3e08
                       2df9cfbaae6973e690bd124d03e63f1d2fbdc699
                       948c591ef1a999486803b175a4cc600951f77c39
                       6938fcc3c67ce04d3fbd3f5fd09cdee4a82409e4
                       2d287bc1a91b9fc0a4c5998197492d5a301140fa
                       4802c4eb9f305417fc1ffd1e2e23dc3ac9b54d11
                       0ed7fd5d62da01790e8f5119c5e690f01647720f
                       12b54ee5065d1bbe49847e4efea2e5bb2605354f
                       e44e68e9b2e2b9016e4889d6180145b8c6ecccd2
                       2c93fb203a9d79bfe6862c4da7b8ce3b
       Extensions: 
                       critical(false) 2.5.29.17 value = Sequence
    Tagged [7] IMPLICIT 
        DER Octet String[4] 
    Tagged [2] IMPLICIT 
        DER Octet String[64] 

                       critical(true) BasicConstraints: isCa(true)
                       critical(true) KeyUsage: 0xbe
 from file: /tmp/junit5478192661250044512/junit5291822259201185346/scm-meta/scm/sub-ca/certs/1529110205871.crt.
2023-08-23 22:10:57,958 [Time-limited test] INFO  client.SCMCertificateClient (DefaultCertificateClient.java:readCertificateFile(237)) - Added certificate   [0]         Version: 3
         SerialNumber: 1529110205871
             IssuerDN: CN=scm-1@fv-az621-511,OU=3b620d1a-4a3d-4e41-a968-a66f4083e251,O=81069439-80b2-4214-97fd-e1b37b89e85d
           Start Date: Wed Aug 23 22:10:57 UTC 2023
           Final Date: Sat Sep 30 22:10:57 UTC 2028
            SubjectDN: CN=scm-sub-1529106914281@fv-az621-511,OU=3b620d1a-4a3d-4e41-a968-a66f4083e251,O=81069439-80b2-4214-97fd-e1b37b89e85d
           Public Key: RSA Public Key [cf:37:cc:4f:f1:f3:d3:bc:db:d2:22:93:c5:7b:06:a6:4d:4a:74:f2],[56:66:d1:a4]
        modulus: 98fc1299077aaa4dcc109bf1d84350fc195017e4091b3154c7e8dbc15b76a766b087a2c96def771af947ddea2270ea70215eeed2e548816ee85313dce7fe07bdb15bd187699c96aea8f7fd50c254f10f4209f40a918707ecb37f1fdef374f4a6287204e6797f68c9bf5fc6a786b7fff76eaa058ee94fbf975430dd0affc151b1bcb599cda7938c88ad5ea8461425773cf1ad12b1f9c4d5c70a81dfb708bdede047f453f116419a94a93fd85e0d897d148512139df38a7f971c1f91bb4abc4b27cfded5e59c729f292166cb78750d90d9ba380d8368c6e11f5841c9d1b16173e3aca63cabc4149aab8115a1538710ce16072711afa407e26cd5ac9e51b1bf9d21
public exponent: 10001

  Signature Algorithm: SHA256WITHRSA
            Signature: cdcfc65681b6acc722160156822cac26b668a472
                       13240acc4e502636d0ffaf5a5324697341f0f2cb
                       8f405bd47afc913e27bde5c43d01e882eb770b44
                       31d54b18bbd8dd4ff24f548b4bbf719b5c1e3e08
                       2df9cfbaae6973e690bd124d03e63f1d2fbdc699
                       948c591ef1a999486803b175a4cc600951f77c39
                       6938fcc3c67ce04d3fbd3f5fd09cdee4a82409e4
                       2d287bc1a91b9fc0a4c5998197492d5a301140fa
                       4802c4eb9f305417fc1ffd1e2e23dc3ac9b54d11
                       0ed7fd5d62da01790e8f5119c5e690f01647720f
                       12b54ee5065d1bbe49847e4efea2e5bb2605354f
                       e44e68e9b2e2b9016e4889d6180145b8c6ecccd2
                       2c93fb203a9d79bfe6862c4da7b8ce3b
       Extensions: 
                       critical(false) 2.5.29.17 value = Sequence
    Tagged [7] IMPLICIT 
        DER Octet String[4] 
    Tagged [2] IMPLICIT 
        DER Octet String[64] 

                       critical(true) BasicConstraints: isCa(true)
                       critical(true) KeyUsage: 0xbe
 from file: /tmp/junit5478192661250044512/junit5291822259201185346/scm-meta/scm/sub-ca/certs/certificate.crt.
2023-08-23 22:10:57,958 [Time-limited test] INFO  client.SCMCertificateClient (DefaultCertificateClient.java:loadAllCertificates(191)) - CertificateRenewerService and root ca rotation polling is disabled for scm/sub-ca
2023-08-23 22:10:57,958 [Time-limited test] WARN  utils.HAUtils (HAUtils.java:getMetaDir(339)) - ozone.scm.db.dirs is not configured. We recommend adding this setting. Falling back to ozone.metadata.dirs instead.
2023-08-23 22:10:57,959 [Time-limited test] WARN  db.DBStoreBuilder (DBStoreBuilder.java:applyDBDefinition(166)) - ozone.scm.db.dirs is not configured. We recommend adding this setting. Falling back to ozone.metadata.dirs instead.
2023-08-23 22:10:58,051 [Time-limited test] INFO  net.NodeSchemaLoader (NodeSchemaLoader.java:loadSchemaFromFile(129)) - Loading schema from [jar:file:/home/runner/.m2/repository/org/apache/ozone/hdds-common/1.4.0-SNAPSHOT/hdds-common-1.4.0-SNAPSHOT.jar!/network-topology-default.xml]
2023-08-23 22:10:58,052 [Time-limited test] INFO  net.NodeSchemaLoader (NodeSchemaLoader.java:loadSchema(176)) - Loading network topology layer schema file
2023-08-23 22:10:58,057 [Time-limited test] INFO  upgrade.AbstractLayoutVersionManager (AbstractLayoutVersionManager.java:init(83)) - Initializing Layout version manager with metadata layout = HADOOP_PRC_PORTS_IN_DATANODEDETAILS (version = 7), software layout = HADOOP_PRC_PORTS_IN_DATANODEDETAILS (version = 7)
2023-08-23 22:10:58,058 [Time-limited test] INFO  ha.SequenceIdGenerator (SequenceIdGenerator.java:upgradeToSequenceId(365)) - upgrade localId to 111677748019200000
2023-08-23 22:10:58,062 [Time-limited test] INFO  ha.SequenceIdGenerator (SequenceIdGenerator.java:upgradeToSequenceId(375)) - upgrade delTxnId to 0
2023-08-23 22:10:58,062 [Time-limited test] INFO  ha.SequenceIdGenerator (SequenceIdGenerator.java:upgradeToSequenceId(392)) - upgrade containerId to 0
2023-08-23 22:10:58,063 [Time-limited test] INFO  ha.SequenceIdGenerator (SequenceIdGenerator.java:upgradeToSequenceId(428)) - upgrade rootCertificateId to 1
2023-08-23 22:10:58,063 [Time-limited test] INFO  ha.SequenceIdGenerator (SequenceIdGenerator.java:<init>(236)) - Init the HA SequenceIdGenerator.
2023-08-23 22:10:58,064 [Time-limited test] INFO  node.SCMNodeManager (SCMNodeManager.java:<init>(157)) - Entering startup safe mode.
2023-08-23 22:10:58,065 [Time-limited test] INFO  algorithms.ContainerPlacementPolicyFactory (ContainerPlacementPolicyFactory.java:getPolicyInternal(86)) - Create container placement policy of type org.apache.hadoop.hdds.scm.container.placement.algorithms.SCMContainerPlacementRackAware
2023-08-23 22:10:58,065 [Time-limited test] INFO  algorithms.ContainerPlacementPolicyFactory (ContainerPlacementPolicyFactory.java:getPolicyInternal(86)) - Create container placement policy of type org.apache.hadoop.hdds.scm.container.placement.algorithms.SCMContainerPlacementRackScatter
2023-08-23 22:10:58,065 [Time-limited test] INFO  pipeline.PipelineStateManagerImpl (PipelineStateManagerImpl.java:initialize(78)) - No pipeline exists in current db
2023-08-23 22:10:58,065 [Time-limited test] INFO  algorithms.LeaderChoosePolicyFactory (LeaderChoosePolicyFactory.java:getPolicy(57)) - Create leader choose policy of type org.apache.hadoop.hdds.scm.pipeline.leader.choose.algorithms.MinLeaderCountChoosePolicy
2023-08-23 22:10:58,065 [Time-limited test] INFO  algorithms.ContainerPlacementPolicyFactory (ContainerPlacementPolicyFactory.java:getPolicyInternal(86)) - Create container placement policy of type org.apache.hadoop.hdds.scm.container.placement.algorithms.SCMContainerPlacementRackScatter
2023-08-23 22:10:58,066 [Time-limited test] INFO  ha.SCMServiceManager (SCMServiceManager.java:register(42)) - Registering service BackgroundPipelineCreator.
2023-08-23 22:10:58,066 [Time-limited test] INFO  pipeline.BackgroundPipelineCreator (BackgroundPipelineCreator.java:start(124)) - Starting RatisPipelineUtilsThread.
2023-08-23 22:10:58,066 [Time-limited test] INFO  BackgroundPipelineScrubber (BackgroundSCMService.java:start(68)) - Starting BackgroundPipelineScrubber Service.
2023-08-23 22:10:58,066 [Time-limited test] INFO  ha.SCMServiceManager (SCMServiceManager.java:register(42)) - Registering service BackgroundPipelineScrubber.
2023-08-23 22:10:58,071 [Time-limited test] INFO  ExpiredContainerReplicaOpScrubber (BackgroundSCMService.java:start(68)) - Starting ExpiredContainerReplicaOpScrubber Service.
2023-08-23 22:10:58,071 [Time-limited test] INFO  ha.SCMServiceManager (SCMServiceManager.java:register(42)) - Registering service ExpiredContainerReplicaOpScrubber.
2023-08-23 22:10:58,072 [Time-limited test] INFO  algorithms.PipelineChoosePolicyFactory (PipelineChoosePolicyFactory.java:createPipelineChoosePolicyFromClass(78)) - Create pipeline choose policy of type org.apache.hadoop.hdds.scm.pipeline.choose.algorithms.RandomPipelineChoosePolicy
2023-08-23 22:10:58,072 [Time-limited test] INFO  algorithms.PipelineChoosePolicyFactory (PipelineChoosePolicyFactory.java:createPipelineChoosePolicyFromClass(78)) - Create pipeline choose policy of type org.apache.hadoop.hdds.scm.pipeline.choose.algorithms.RandomPipelineChoosePolicy
2023-08-23 22:10:58,072 [Time-limited test] INFO  ha.SCMServiceManager (SCMServiceManager.java:register(42)) - Registering service SCMBlockDeletingService.
2023-08-23 22:10:58,073 [Time-limited test] INFO  replication.ReplicationManager (ReplicationManager.java:start(287)) - Starting Replication Monitor Thread.
2023-08-23 22:10:58,075 [Time-limited test] INFO  ha.SCMServiceManager (SCMServiceManager.java:register(42)) - Registering service ReplicationManager.
2023-08-23 22:10:58,077 [ReplicationMonitor] INFO  replication.ReplicationManager (ReplicationManager.java:processAll(361)) - Replication Manager is not ready to run until 300000ms after safemode exit
2023-08-23 22:10:58,076 [Time-limited test] INFO  safemode.ContainerSafeModeRule (ContainerSafeModeRule.java:<init>(90)) - containers with one replica threshold count 0
2023-08-23 22:10:58,077 [Time-limited test] INFO  safemode.HealthyPipelineSafeModeRule (HealthyPipelineSafeModeRule.java:initializeRule(169)) - Total pipeline count is 0, healthy pipeline threshold count is 0
2023-08-23 22:10:58,077 [Time-limited test] INFO  safemode.OneReplicaPipelineSafeModeRule (OneReplicaPipelineSafeModeRule.java:initializeRule(180)) - Total pipeline count is 0, pipeline's with at least one datanode reported threshold count is 0
2023-08-23 22:10:58,080 [Time-limited test] INFO  authority.DefaultCAServer (DefaultCAServer.java:lambda$processVerificationStatus$0(472)) - CertificateServer validation is successful
2023-08-23 22:10:58,081 [Time-limited test] INFO  authority.DefaultCAServer (DefaultCAServer.java:lambda$processVerificationStatus$0(472)) - CertificateServer validation is successful
2023-08-23 22:10:58,081 [Time-limited test] INFO  server.StorageContainerManager (StorageContainerManager.java:persistPrimarySCMCerts(932)) - Storing sub-ca certificate serialId 1529110205871 on primary SCM
2023-08-23 22:10:58,082 [Time-limited test] INFO  server.SCMCertStore (SCMCertStore.java:storeValidScmCertificate(122)) - Scm certificate 1529110205871 for CN=scm-sub-1529106914281@fv-az621-511,OU=3b620d1a-4a3d-4e41-a968-a66f4083e251,O=81069439-80b2-4214-97fd-e1b37b89e85d is stored
2023-08-23 22:10:58,087 [Time-limited test] INFO  server.StorageContainerManager (StorageContainerManager.java:persistPrimarySCMCerts(940)) - Storing root certificate serialId 1
2023-08-23 22:10:58,088 [Time-limited test] INFO  server.SCMCertStore (SCMCertStore.java:storeValidScmCertificate(122)) - Scm certificate 1 for CN=scm-1@fv-az621-511,OU=3b620d1a-4a3d-4e41-a968-a66f4083e251,O=81069439-80b2-4214-97fd-e1b37b89e85d is stored
2023-08-23 22:10:58,088 [Time-limited test] INFO  ipc.CallQueueManager (CallQueueManager.java:<init>(90)) - Using callQueue: class java.util.concurrent.LinkedBlockingQueue, queueCapacity: 200, scheduler: class org.apache.hadoop.ipc.DefaultRpcScheduler, ipcBackoff: false.
2023-08-23 22:10:58,088 [Time-limited test] INFO  ipc.Server (Server.java:<init>(1287)) - Listener at 0.0.0.0:9961
2023-08-23 22:10:58,093 [Socket Reader #1 for port 9961] INFO  ipc.Server (Server.java:run(1323)) - Starting Socket Reader #1 for port 9961
2023-08-23 22:10:58,096 [Time-limited test] INFO  server.StorageContainerManager (StorageContainerManager.java:<init>(425)) - SCM start with adminUsers: [scm/fv-az621-511.fpnbra3ad0zu1hpqauu4rsdf4e.cx.internal.cloudapp.net@EXAMPLE.COM, scm]
2023-08-23 22:10:58,096 [Time-limited test] INFO  ipc.CallQueueManager (CallQueueManager.java:<init>(90)) - Using callQueue: class java.util.concurrent.LinkedBlockingQueue, queueCapacity: 10000, scheduler: class org.apache.hadoop.ipc.DefaultRpcScheduler, ipcBackoff: false.
2023-08-23 22:10:58,096 [Time-limited test] INFO  ipc.Server (Server.java:<init>(1287)) - Listener at 0.0.0.0:9861
2023-08-23 22:10:58,097 [Socket Reader #1 for port 9861] INFO  ipc.Server (Server.java:run(1323)) - Starting Socket Reader #1 for port 9861
2023-08-23 22:10:58,099 [Time-limited test] INFO  ipc.CallQueueManager (CallQueueManager.java:<init>(90)) - Using callQueue: class java.util.concurrent.LinkedBlockingQueue, queueCapacity: 10000, scheduler: class org.apache.hadoop.ipc.DefaultRpcScheduler, ipcBackoff: false.
2023-08-23 22:10:58,099 [Time-limited test] INFO  ipc.Server (Server.java:<init>(1287)) - Listener at 0.0.0.0:9863
2023-08-23 22:10:58,099 [Socket Reader #1 for port 9863] INFO  ipc.Server (Server.java:run(1323)) - Starting Socket Reader #1 for port 9863
2023-08-23 22:10:58,101 [Time-limited test] INFO  ipc.CallQueueManager (CallQueueManager.java:<init>(90)) - Using callQueue: class java.util.concurrent.LinkedBlockingQueue, queueCapacity: 10000, scheduler: class org.apache.hadoop.ipc.DefaultRpcScheduler, ipcBackoff: false.
2023-08-23 22:10:58,101 [Time-limited test] INFO  ipc.Server (Server.java:<init>(1287)) - Listener at 0.0.0.0:9860
2023-08-23 22:10:58,102 [Socket Reader #1 for port 9860] INFO  ipc.Server (Server.java:run(1323)) - Starting Socket Reader #1 for port 9860
2023-08-23 22:10:58,112 [Time-limited test] INFO  ha.SCMServiceManager (SCMServiceManager.java:register(42)) - Registering service ContainerBalancer.
2023-08-23 22:10:58,112 [Time-limited test] INFO  server.StorageContainerManager (StorageContainerManager.java:<init>(438)) - 
Container Balancer status:
Key                            Value
Running                        false
Container Balancer Configuration values:
Key                                                Value
Threshold                                          10
Max Datanodes to Involve per Iteration(percent)    20
Max Size to Move per Iteration                     500GB
Max Size Entering Target per Iteration             26GB
Max Size Leaving Source per Iteration              26GB

2023-08-23 22:10:58,112 [Time-limited test] INFO  ha.SCMContext (SCMContext.java:updateSafeModeStatus(228)) - Update SafeModeStatus from SafeModeStatus{safeModeStatus=true, preCheckPassed=false} to SafeModeStatus{safeModeStatus=true, preCheckPassed=false}.
2023-08-23 22:10:58,117 [Time-limited test] WARN  server.ServerUtils (ServerUtils.java:getDBPath(311)) - ozone.om.db.dirs is not configured. We recommend adding this setting. Falling back to ozone.metadata.dirs instead.
2023-08-23 22:10:58,119 [Time-limited test] INFO  ha.OMHANodeDetails (OMHANodeDetails.java:loadOMHAConfig(115)) - ozone.om.internal.service.id is not defined, falling back to ozone.om.service.ids to find serviceID for OzoneManager if it is HA enabled cluster
2023-08-23 22:10:58,120 [Time-limited test] INFO  ha.OMHANodeDetails (OMHANodeDetails.java:loadOMHAConfig(226)) - Configuration does not have ozone.om.address set. Falling back to the default OM address fv-az621-511.fpnbra3ad0zu1hpqauu4rsdf4e.cx.internal.cloudapp.net/10.1.0.14:1202
2023-08-23 22:10:58,120 [Time-limited test] INFO  ha.OMHANodeDetails (OMHANodeDetails.java:getOMNodeDetailsForNonHA(254)) - OM Service ID is not set. Setting it to the default ID: omServiceIdDefault
2023-08-23 22:10:58,120 [Time-limited test] INFO  ha.OMHANodeDetails (OMHANodeDetails.java:getOMNodeDetailsForNonHA(261)) - OM Node ID is not set. Setting it to the default ID: om1
2023-08-23 22:10:58,120 [Time-limited test] WARN  server.ServerUtils (ServerUtils.java:getDBPath(311)) - ozone.om.db.dirs is not configured. We recommend adding this setting. Falling back to ozone.metadata.dirs instead.
2023-08-23 22:10:58,121 [Time-limited test] INFO  upgrade.AbstractLayoutVersionManager (AbstractLayoutVersionManager.java:init(83)) - Initializing Layout version manager with metadata layout = QUOTA (version = 6), software layout = QUOTA (version = 6)
2023-08-23 22:10:58,194 [Time-limited test] INFO  reflections.Reflections (Reflections.java:scan(232)) - Reflections took 72 ms to scan 2 urls, producing 188 keys and 512 values [using 2 cores]
2023-08-23 22:10:58,194 [Time-limited test] INFO  upgrade.OMLayoutVersionManager (OMLayoutVersionManager.java:lambda$0(115)) - Skipping Upgrade Action MockOmUpgradeAction since it has been finalized.
2023-08-23 22:10:58,194 [Time-limited test] INFO  upgrade.OMLayoutVersionManager (OMLayoutVersionManager.java:lambda$0(115)) - Skipping Upgrade Action QuotaRepairUpgradeAction since it has been finalized.
2023-08-23 22:10:58,196 [pool-456-thread-2] INFO  request.KdcRequest (KdcRequest.java:preauth(651)) - The preauth data is empty.
2023-08-23 22:10:58,196 [pool-456-thread-2] INFO  server.KdcHandler (KdcHandler.java:handleRecoverableException(177)) - KRB error occurred while processing request:Additional pre-authentication required
2023-08-23 22:10:58,199 [pool-456-thread-2] INFO  request.AsRequest (AsRequest.java:issueTicket(112)) - AS_REQ ISSUE: authtime 1692828658198,om/fv-az621-511.fpnbra3ad0zu1hpqauu4rsdf4e.cx.internal.cloudapp.net@EXAMPLE.COM for krbtgt/EXAMPLE.COM@EXAMPLE.COM
2023-08-23 22:10:58,201 [Time-limited test] INFO  security.UserGroupInformation (UserGroupInformation.java:loginUserFromKeytab(1132)) - Login successful for user om/fv-az621-511.fpnbra3ad0zu1hpqauu4rsdf4e.cx.internal.cloudapp.net@EXAMPLE.COM using keytab file om.keytab. Keytab auto renewal enabled : false
2023-08-23 22:10:58,201 [Time-limited test] INFO  om.OzoneManager (OzoneManager.java:loginOMUser(1161)) - Ozone Manager login successful.
2023-08-23 22:10:58,201 [Time-limited test] WARN  server.ServerUtils (ServerUtils.java:getDBPath(311)) - ozone.om.db.dirs is not configured. We recommend adding this setting. Falling back to ozone.metadata.dirs instead.
2023-08-23 22:10:58,202 [Time-limited test] INFO  proxy.SCMBlockLocationFailoverProxyProvider (SCMBlockLocationFailoverProxyProvider.java:<init>(114)) - Created block location fail-over proxy with 1 nodes: [nodeId=scmNodeId,nodeAddress=/0.0.0.0:9863]
2023-08-23 22:10:58,203 [Time-limited test] INFO  om.OzoneManager (OzoneManager.java:getOmDetailsProto(4552)) - OzoneManager ports added:[name: "RPC"
value: 1202
]
2023-08-23 22:10:58,204 [Time-limited test] INFO  security.OMCertificateClient (DefaultCertificateClient.java:updateCertSerialId(1244)) - Certificate serial ID set to 9879877970576
2023-08-23 22:10:58,204 [Time-limited test] WARN  security.OMCertificateClient (DefaultCertificateClient.java:loadAllCertificates(173)) - Certificates could not be loaded.
java.nio.file.NoSuchFileException: /tmp/junit5478192661250044512/junit5291822259201185346/scm-meta/om/certs
	at sun.nio.fs.UnixException.translateToIOException(UnixException.java:86)
	at sun.nio.fs.UnixException.rethrowAsIOException(UnixException.java:102)
	at sun.nio.fs.UnixException.rethrowAsIOException(UnixException.java:107)
	at sun.nio.fs.UnixFileSystemProvider.newDirectoryStream(UnixFileSystemProvider.java:427)
	at java.nio.file.Files.newDirectoryStream(Files.java:457)
	at java.nio.file.Files.list(Files.java:3451)
	at org.apache.hadoop.hdds.security.x509.certificate.client.DefaultCertificateClient.loadAllCertificates(DefaultCertificateClient.java:168)
	at org.apache.hadoop.hdds.security.x509.certificate.client.DefaultCertificateClient.updateCertSerialId(DefaultCertificateClient.java:1245)
	at org.apache.hadoop.hdds.security.x509.certificate.client.DefaultCertificateClient.<init>(DefaultCertificateClient.java:157)
	at org.apache.hadoop.hdds.security.x509.certificate.client.CommonCertificateClient.<init>(CommonCertificateClient.java:49)
	at org.apache.hadoop.ozone.security.OMCertificateClient.<init>(OMCertificateClient.java:68)
	at org.apache.hadoop.ozone.om.OzoneManager.<init>(OzoneManager.java:640)
	at org.apache.hadoop.ozone.om.OzoneManager.createOm(OzoneManager.java:754)
	at org.apache.hadoop.ozone.TestSecureOzoneCluster.setupOm(TestSecureOzoneCluster.java:701)
	at org.apache.hadoop.ozone.TestSecureOzoneCluster.testSecureOMInitializationFailure(TestSecureOzoneCluster.java:527)
	at sun.reflect.NativeMethodAccessorImpl.invoke0(Native Method)
	at sun.reflect.NativeMethodAccessorImpl.invoke(NativeMethodAccessorImpl.java:62)
	at sun.reflect.DelegatingMethodAccessorImpl.invoke(DelegatingMethodAccessorImpl.java:43)
	at java.lang.reflect.Method.invoke(Method.java:498)
	at org.junit.runners.model.FrameworkMethod$1.runReflectiveCall(FrameworkMethod.java:59)
	at org.junit.internal.runners.model.ReflectiveCallable.run(ReflectiveCallable.java:12)
	at org.junit.runners.model.FrameworkMethod.invokeExplosively(FrameworkMethod.java:56)
	at org.junit.internal.runners.statements.InvokeMethod.evaluate(InvokeMethod.java:17)
	at org.junit.internal.runners.statements.RunBefores.evaluate(RunBefores.java:26)
	at org.junit.internal.runners.statements.RunAfters.evaluate(RunAfters.java:27)
	at org.junit.rules.ExternalResource$1.evaluate(ExternalResource.java:54)
	at org.junit.internal.runners.statements.FailOnTimeout$CallableStatement.call(FailOnTimeout.java:288)
	at org.junit.internal.runners.statements.FailOnTimeout$CallableStatement.call(FailOnTimeout.java:282)
	at java.util.concurrent.FutureTask.run(FutureTask.java:266)
	at java.lang.Thread.run(Thread.java:750)
2023-08-23 22:10:58,205 [Time-limited test] INFO  om.OzoneManager (OzoneManager.java:<init>(662)) - OM start with adminUsers: [scm/fv-az621-511.fpnbra3ad0zu1hpqauu4rsdf4e.cx.internal.cloudapp.net@EXAMPLE.COM, om]
2023-08-23 22:10:58,206 [Time-limited test] WARN  server.ServerUtils (ServerUtils.java:getDBPath(311)) - ozone.om.db.dirs is not configured. We recommend adding this setting. Falling back to ozone.metadata.dirs instead.
2023-08-23 22:10:58,206 [Time-limited test] INFO  helpers.OmKeyInfo (OmKeyInfo.java:getCodec(71)) - OmKeyInfo.getCodec ignorePipeline = true
2023-08-23 22:10:58,370 [Time-limited test] INFO  om.OzoneManager (OzoneManager.java:instantiateServices(791)) - S3 Multi-Tenancy is disabled
2023-08-23 22:10:58,370 [Time-limited test] INFO  security.OzoneSecretStore (OzoneSecretStore.java:loadState(69)) - Loaded 0 tokens
2023-08-23 22:10:58,370 [Time-limited test] INFO  security.OzoneDelegationTokenSecretManager (OzoneDelegationTokenSecretManager.java:loadTokenSecretState(530)) - Loading token state into token manager.
2023-08-23 22:10:58,370 [Time-limited test] INFO  om.OmSnapshotManager (OmSnapshotManager.java:<init>(175)) - Ozone filesystem snapshot feature is enabled.
2023-08-23 22:10:58,370 [Time-limited test] WARN  server.ServerUtils (ServerUtils.java:getDBPath(311)) - ozone.om.snapshot.diff.db.dir is not configured. We recommend adding this setting. Falling back to ozone.metadata.dirs instead.
2023-08-23 22:10:58,390 [Time-limited test] INFO  snapshot.SnapshotDiffManager (SnapshotDiffManager.java:closeExecutorService(1720)) - Shutting down executorService: 'SstDumpToolExecutor'
2023-08-23 22:10:58,400 [Time-limited test] INFO  om.OzoneManager (OzoneManager.java:addS3GVolumeToDB(4284)) - Created Volume s3v With Owner om required for S3Gateway operations.
2023-08-23 22:10:58,400 [Time-limited test] WARN  server.ServerUtils (ServerUtils.java:getDefaultRatisDirectory(323)) - Storage directory for Ratis is not configured. It is a good idea to map this to an SSD disk. Falling back to ozone.metadata.dirs
2023-08-23 22:10:58,401 [Time-limited test] WARN  utils.OzoneManagerRatisUtils (OzoneManagerRatisUtils.java:getOMRatisSnapshotDirectory(461)) - ozone.om.ratis.snapshot.dir is not configured. Falling back to ozone.metadata.dirs config
2023-08-23 22:10:58,401 [Time-limited test] WARN  server.ServerUtils (ServerUtils.java:getDefaultRatisDirectory(323)) - Storage directory for Ratis is not configured. It is a good idea to map this to an SSD disk. Falling back to ozone.metadata.dirs
2023-08-23 22:10:58,402 [Time-limited test] INFO  ratis.OzoneManagerRatisServer (OzoneManagerRatisServer.java:<init>(163)) - Instantiating OM Ratis server with groupID: omServiceIdDefault and peers: fv-az621-511.fpnbra3ad0zu1hpqauu4rsdf4e.cx.internal.cloudapp.net:9872
2023-08-23 22:10:58,402 [Time-limited test] INFO  ratis.OzoneManagerStateMachine (OzoneManagerStateMachine.java:loadSnapshotInfoFromDB(687)) - LastAppliedIndex is set from TransactionInfo from OM DB as (t:0, i:~)
2023-08-23 22:10:58,404 [Time-limited test] INFO  server.RaftServer (ConfUtils.java:logGet(46)) - raft.rpc.type = GRPC (default)
2023-08-23 22:10:58,404 [Time-limited test] INFO  grpc.GrpcConfigKeys (ConfUtils.java:logFallback(53)) - raft.grpc.admin.host = null (fallback to raft.grpc.server.host)
2023-08-23 22:10:58,404 [Time-limited test] INFO  grpc.GrpcConfigKeys (ConfUtils.java:logFallback(53)) - raft.grpc.admin.port = 9872 (fallback to raft.grpc.server.port)
2023-08-23 22:10:58,404 [Time-limited test] INFO  grpc.GrpcConfigKeys (ConfUtils.java:logFallback(53)) - raft.grpc.client.host = null (fallback to raft.grpc.server.host)
2023-08-23 22:10:58,404 [Time-limited test] INFO  grpc.GrpcConfigKeys (ConfUtils.java:logFallback(53)) - raft.grpc.client.port = 9872 (fallback to raft.grpc.server.port)
2023-08-23 22:10:58,404 [Time-limited test] INFO  grpc.GrpcConfigKeys (ConfUtils.java:logGet(46)) - raft.grpc.server.host = null (default)
2023-08-23 22:10:58,404 [Time-limited test] INFO  grpc.GrpcConfigKeys (ConfUtils.java:logGet(46)) - raft.grpc.server.port = 9872 (custom)
2023-08-23 22:10:58,405 [Time-limited test] INFO  server.GrpcService (ConfUtils.java:logGet(46)) - raft.grpc.message.size.max = 33554432 (custom)
2023-08-23 22:10:58,405 [Time-limited test] INFO  server.RaftServerConfigKeys (ConfUtils.java:logGet(46)) - raft.server.log.appender.buffer.byte-limit = 33554432 (custom)
2023-08-23 22:10:58,405 [Time-limited test] INFO  server.GrpcService (ConfUtils.java:logGet(46)) - raft.grpc.flow.control.window = 1MB (=1048576) (default)
2023-08-23 22:10:58,405 [Time-limited test] INFO  server.RaftServerConfigKeys (ConfUtils.java:logGet(46)) - raft.server.rpc.request.timeout = 3000ms (default)
2023-08-23 22:10:58,405 [Time-limited test] INFO  grpc.GrpcConfigKeys (ConfUtils.java:logGet(46)) - raft.grpc.server.heartbeat.channel = true (default)
2023-08-23 22:10:58,405 [Time-limited test] INFO  grpc.GrpcConfigKeys (ConfUtils.java:logGet(46)) - raft.grpc.server.async.request.thread.pool.cached = true (default)
2023-08-23 22:10:58,405 [Time-limited test] INFO  grpc.GrpcConfigKeys (ConfUtils.java:logGet(46)) - raft.grpc.server.async.request.thread.pool.size = 32 (default)
2023-08-23 22:10:58,406 [Time-limited test] INFO  impl.DataStreamServerImpl (ConfUtils.java:logGet(46)) - raft.datastream.type = DISABLED (default)
2023-08-23 22:10:58,406 [Time-limited test] INFO  server.RaftServerConfigKeys (ConfUtils.java:logGet(46)) - raft.server.threadpool.proxy.cached = true (default)
2023-08-23 22:10:58,406 [Time-limited test] INFO  server.RaftServerConfigKeys (ConfUtils.java:logGet(46)) - raft.server.threadpool.proxy.size = 0 (default)
2023-08-23 22:10:58,406 [Time-limited test] INFO  server.RaftServerConfigKeys (ConfUtils.java:logGet(46)) - raft.server.rpc.slowness.timeout = 120s (custom)
2023-08-23 22:10:58,406 [Time-limited test] INFO  server.RaftServerConfigKeys (ConfUtils.java:logGet(46)) - raft.server.leaderelection.leader.step-down.wait-time = 10s (default)
2023-08-23 22:10:58,406 [Time-limited test] INFO  server.RaftServerConfigKeys (ConfUtils.java:logGet(46)) - raft.server.storage.dir = [/tmp/junit5478192661250044512/junit5291822259201185346/scm-meta/ratis] (custom)
2023-08-23 22:10:58,407 [Time-limited test] INFO  server.RaftServer (RaftServerProxy.java:addNew(98)) - om1: addNew group-C5BA1605619E:[om1|rpc:fv-az621-511.fpnbra3ad0zu1hpqauu4rsdf4e.cx.internal.cloudapp.net:9872|priority:0|startupRole:FOLLOWER] returns group-C5BA1605619E:java.util.concurrent.CompletableFuture@6b3379f7[Not completed]
2023-08-23 22:10:58,407 [Time-limited test] INFO  om.OzoneManager (OzoneManager.java:initializeRatisServer(2128)) - OzoneManager Ratis server initialized at port 9872
RaftServerImpl.java:<init>(198)) - om1: new RaftServerImpl for group-C5BA1605619E:[om1|rpc:fv-az621-511.fpnbra3ad0zu1hpqauu4rsdf4e.cx.internal.cloudapp.net:9872|priority:0|startupRole:FOLLOWER] with OzoneManagerStateMachine:uninitialized
2023-08-23 22:10:58,407 [Time-limited test] INFO  om.OzoneManager (OzoneManager.java:initializeRatisServer(2128)) - OzoneManager Ratis server initialized at port 9872
2023-08-23 22:10:58,408 [Time-limited test] INFO  om.OzoneManager (OzoneManager.java:getRpcServer(1193)) - Creating RPC Server
ConfUtils.java:logGet(46)) - raft.server.rpc.timeout.min = 5s (custom)
2023-08-23 22:10:58,408 [Time-limited test] INFO  om.OzoneManager (OzoneManager.java:getRpcServer(1193)) - Creating RPC Server
2023-08-23 22:10:58,408 [om1-groupManagement] INFO  server.RaftServerConfigKeys (ConfUtils.java:logGet(46)) - raft.server.rpc.timeout.max = 5200ms (custom)
2023-08-23 22:10:58,415 [om1-groupManagement] INFO  server.RaftServerConfigKeys (ConfUtils.java:logGet(46)) - raft.server.rpc.sleep.time = 25ms (default)
2023-08-23 22:10:58,415 [om1-groupManagement] INFO  server.RaftServerConfigKeys (ConfUtils.java:logGet(46)) - raft.server.rpc.slowness.timeout = 120s (custom)
2023-08-23 22:10:58,415 [om1-groupManagement] INFO  server.RaftServerConfigKeys (ConfUtils.java:logGet(46)) - raft.server.leaderelection.leader.step-down.wait-time = 10s (default)
2023-08-23 22:10:58,415 [om1-groupManagement] INFO  server.RaftServerConfigKeys (ConfUtils.java:logGet(46)) - raft.server.sleep.deviation.threshold = 300ms (default)
2023-08-23 22:10:58,416 [om1-groupManagement] INFO  server.RaftServer$Division (ServerState.java:<init>(120)) - om1@group-C5BA1605619E: ConfigurationManager, init=-1: peers:[om1|rpc:fv-az621-511.fpnbra3ad0zu1hpqauu4rsdf4e.cx.internal.cloudapp.net:9872|priority:0|startupRole:FOLLOWER]|listeners:[], old=null, confs=<EMPTY_MAP>
2023-08-23 22:10:58,416 [om1-groupManagement] INFO  server.RaftServerConfigKeys (ConfUtils.java:logGet(46)) - raft.server.storage.dir = [/tmp/junit5478192661250044512/junit5291822259201185346/scm-meta/ratis] (custom)
2023-08-23 22:10:58,416 [om1-groupManagement] INFO  server.RaftServerConfigKeys (ConfUtils.java:logGet(46)) - raft.server.log.corruption.policy = EXCEPTION (default)
2023-08-23 22:10:58,416 [om1-groupManagement] INFO  server.RaftServerConfigKeys (ConfUtils.java:logGet(46)) - raft.server.storage.free-space.min = 0MB (=0) (default)
2023-08-23 22:10:58,416 [om1-groupManagement] INFO  server.RaftServerConfigKeys (ConfUtils.java:logGet(46)) - raft.server.notification.no-leader.timeout = 120s (custom)
2023-08-23 22:10:58,416 [om1-groupManagement] INFO  server.RaftServerConfigKeys (ConfUtils.java:logGet(46)) - raft.server.read.timeout = 10s (default)
2023-08-23 22:10:58,416 [om1-groupManagement] INFO  server.RaftServerConfigKeys (ConfUtils.java:logGet(46)) - raft.server.retrycache.expirytime = 300s (custom)
2023-08-23 22:10:58,416 [om1-groupManagement] INFO  server.RaftServerConfigKeys (ConfUtils.java:logGet(46)) - raft.server.retrycache.statistics.expirytime = 100μs (default)
2023-08-23 22:10:58,416 [om1-groupManagement] INFO  server.RaftServerConfigKeys (ConfUtils.java:logGet(46)) - raft.server.read.option = DEFAULT (default)
2023-08-23 22:10:58,423 [om1-groupManagement] INFO  server.RaftServerConfigKeys (ConfUtils.java:logGet(46)) - raft.server.rpc.request.timeout = 3000ms (default)
2023-08-23 22:10:58,423 [om1-groupManagement] INFO  server.RaftServerConfigKeys (ConfUtils.java:logGet(46)) - raft.server.log.appender.install.snapshot.enabled = false (custom)
2023-08-23 22:10:58,423 [om1-groupManagement] INFO  server.RaftServerConfigKeys (ConfUtils.java:logGet(46)) - raft.server.threadpool.server.cached = true (default)
2023-08-23 22:10:58,423 [om1-groupManagement] INFO  server.RaftServerConfigKeys (ConfUtils.java:logGet(46)) - raft.server.threadpool.server.size = 0 (default)
2023-08-23 22:10:58,423 [om1-groupManagement] INFO  server.RaftServerConfigKeys (ConfUtils.java:logGet(46)) - raft.server.threadpool.client.cached = true (default)
2023-08-23 22:10:58,423 [om1-groupManagement] INFO  server.RaftServerConfigKeys (ConfUtils.java:logGet(46)) - raft.server.threadpool.client.size = 0 (default)
2023-08-23 22:10:58,785 [Time-limited test] INFO  reflections.Reflections (Reflections.java:scan(232)) - Reflections took 376 ms to scan 19 urls, producing 70 keys and 5645 values [using 2 cores]
2023-08-23 22:10:58,786 [Time-limited test] INFO  ipc.CallQueueManager (CallQueueManager.java:<init>(90)) - Using callQueue: class java.util.concurrent.LinkedBlockingQueue, queueCapacity: 10000, scheduler: class org.apache.hadoop.ipc.DefaultRpcScheduler, ipcBackoff: false.
2023-08-23 22:10:58,786 [Time-limited test] INFO  ipc.Server (Server.java:<init>(1287)) - Listener at fv-az621-511.fpnbra3ad0zu1hpqauu4rsdf4e.cx.internal.cloudapp.net:1202
2023-08-23 22:10:58,787 [Socket Reader #1 for port 1202] INFO  ipc.Server (Server.java:run(1323)) - Starting Socket Reader #1 for port 1202
2023-08-23 22:10:58,809 [Time-limited test] INFO  ha.OMHANodeDetails (OMHANodeDetails.java:loadOMHAConfig(115)) - ozone.om.internal.service.id is not defined, falling back to ozone.om.service.ids to find serviceID for OzoneManager if it is HA enabled cluster
2023-08-23 22:10:58,809 [Time-limited test] INFO  ha.OMHANodeDetails (OMHANodeDetails.java:loadOMHAConfig(226)) - Configuration does not have ozone.om.address set. Falling back to the default OM address fv-az621-511.fpnbra3ad0zu1hpqauu4rsdf4e.cx.internal.cloudapp.net/10.1.0.14:1202
2023-08-23 22:10:58,809 [Time-limited test] INFO  ha.OMHANodeDetails (OMHANodeDetails.java:getOMNodeDetailsForNonHA(254)) - OM Service ID is not set. Setting it to the default ID: omServiceIdDefault
2023-08-23 22:10:58,809 [Time-limited test] INFO  ha.OMHANodeDetails (OMHANodeDetails.java:getOMNodeDetailsForNonHA(261)) - OM Node ID is not set. Setting it to the default ID: om1
2023-08-23 22:10:58,810 [Time-limited test] WARN  server.ServerUtils (ServerUtils.java:getDBPath(311)) - ozone.om.db.dirs is not configured. We recommend adding this setting. Falling back to ozone.metadata.dirs instead.
2023-08-23 22:10:58,811 [Time-limited test] INFO  upgrade.AbstractLayoutVersionManager (AbstractLayoutVersionManager.java:init(83)) - Initializing Layout version manager with metadata layout = QUOTA (version = 6), software layout = QUOTA (version = 6)
2023-08-23 22:10:58,885 [Time-limited test] INFO  reflections.Reflections (Reflections.java:scan(232)) - Reflections took 73 ms to scan 2 urls, producing 188 keys and 512 values [using 2 cores]
2023-08-23 22:10:58,886 [Time-limited test] INFO  upgrade.OMLayoutVersionManager (OMLayoutVersionManager.java:lambda$0(115)) - Skipping Upgrade Action MockOmUpgradeAction since it has been finalized.
2023-08-23 22:10:58,886 [Time-limited test] INFO  upgrade.OMLayoutVersionManager (OMLayoutVersionManager.java:lambda$0(115)) - Skipping Upgrade Action QuotaRepairUpgradeAction since it has been finalized.
2023-08-23 22:10:58,887 [Time-limited test] INFO  ha.OMHANodeDetails (OMHANodeDetails.java:loadOMHAConfig(115)) - ozone.om.internal.service.id is not defined, falling back to ozone.om.service.ids to find serviceID for OzoneManager if it is HA enabled cluster
2023-08-23 22:10:58,888 [Time-limited test] INFO  ha.OMHANodeDetails (OMHANodeDetails.java:loadOMHAConfig(226)) - Configuration does not have ozone.om.address set. Falling back to the default OM address fv-az621-511.fpnbra3ad0zu1hpqauu4rsdf4e.cx.internal.cloudapp.net/10.1.0.14:1202
2023-08-23 22:10:58,888 [Time-limited test] INFO  ha.OMHANodeDetails (OMHANodeDetails.java:getOMNodeDetailsForNonHA(254)) - OM Service ID is not set. Setting it to the default ID: omServiceIdDefault
2023-08-23 22:10:58,888 [Time-limited test] INFO  ha.OMHANodeDetails (OMHANodeDetails.java:getOMNodeDetailsForNonHA(261)) - OM Node ID is not set. Setting it to the default ID: om1
2023-08-23 22:10:58,888 [Time-limited test] WARN  server.ServerUtils (ServerUtils.java:getDBPath(311)) - ozone.om.db.dirs is not configured. We recommend adding this setting. Falling back to ozone.metadata.dirs instead.
2023-08-23 22:10:58,890 [Time-limited test] INFO  upgrade.AbstractLayoutVersionManager (AbstractLayoutVersionManager.java:init(83)) - Initializing Layout version manager with metadata layout = QUOTA (version = 6), software layout = QUOTA (version = 6)
2023-08-23 22:10:58,954 [Time-limited test] INFO  reflections.Reflections (Reflections.java:scan(232)) - Reflections took 64 ms to scan 2 urls, producing 188 keys and 512 values [using 2 cores]
2023-08-23 22:10:58,954 [Time-limited test] INFO  upgrade.OMLayoutVersionManager (OMLayoutVersionManager.java:lambda$0(115)) - Skipping Upgrade Action MockOmUpgradeAction since it has been finalized.
2023-08-23 22:10:58,955 [Time-limited test] INFO  upgrade.OMLayoutVersionManager (OMLayoutVersionManager.java:lambda$0(115)) - Skipping Upgrade Action QuotaRepairUpgradeAction since it has been finalized.
2023-08-23 22:10:58,955 [Time-limited test] INFO  ha.OMHANodeDetails (OMHANodeDetails.java:loadOMHAConfig(115)) - ozone.om.internal.service.id is not defined, falling back to ozone.om.service.ids to find serviceID for OzoneManager if it is HA enabled cluster
2023-08-23 22:10:58,955 [Time-limited test] INFO  ha.OMHANodeDetails (OMHANodeDetails.java:loadOMHAConfig(226)) - Configuration does not have ozone.om.address set. Falling back to the default OM address fv-az621-511.fpnbra3ad0zu1hpqauu4rsdf4e.cx.internal.cloudapp.net/10.1.0.14:1202
2023-08-23 22:10:58,956 [Time-limited test] INFO  ha.OMHANodeDetails (OMHANodeDetails.java:getOMNodeDetailsForNonHA(254)) - OM Service ID is not set. Setting it to the default ID: omServiceIdDefault
2023-08-23 22:10:58,956 [Time-limited test] INFO  ha.OMHANodeDetails (OMHANodeDetails.java:getOMNodeDetailsForNonHA(261)) - OM Node ID is not set. Setting it to the default ID: om1
2023-08-23 22:10:58,956 [Time-limited test] WARN  server.ServerUtils (ServerUtils.java:getDBPath(311)) - ozone.om.db.dirs is not configured. We recommend adding this setting. Falling back to ozone.metadata.dirs instead.
2023-08-23 22:10:58,957 [Time-limited test] INFO  upgrade.AbstractLayoutVersionManager (AbstractLayoutVersionManager.java:init(83)) - Initializing Layout version manager with metadata layout = QUOTA (version = 6), software layout = QUOTA (version = 6)
2023-08-23 22:10:59,020 [Time-limited test] INFO  reflections.Reflections (Reflections.java:scan(232)) - Reflections took 62 ms to scan 2 urls, producing 188 keys and 512 values [using 2 cores]
2023-08-23 22:10:59,021 [Time-limited test] INFO  upgrade.OMLayoutVersionManager (OMLayoutVersionManager.java:lambda$0(115)) - Skipping Upgrade Action MockOmUpgradeAction since it has been finalized.
2023-08-23 22:10:59,021 [Time-limited test] INFO  upgrade.OMLayoutVersionManager (OMLayoutVersionManager.java:lambda$0(115)) - Skipping Upgrade Action QuotaRepairUpgradeAction since it has been finalized.
2023-08-23 22:10:59,023 [Time-limited test] INFO  impl.DefaultInternalKdcServerImpl (DefaultInternalKdcServerImpl.java:doStop(102)) - Default Internal kdc server stopped.
2023-08-23 22:11:00,023 [Time-limited test] INFO  minikdc.MiniKdc (MiniKdc.java:stop(359)) - MiniKdc stopped.
2023-08-23 22:11:00,023 [Time-limited test] INFO  server.StorageContainerManager (StorageContainerManager.java:stop(1591)) - Container Balancer is not running.
2023-08-23 22:11:00,023 [Time-limited test] INFO  server.StorageContainerManager (StorageContainerManager.java:stopReplicationManager(1724)) - Stopping Replication Manager Service.
2023-08-23 22:11:00,023 [Time-limited test] INFO  replication.ReplicationManager (ReplicationManager.java:stop(319)) - Stopping Replication Monitor Thread.
2023-08-23 22:11:00,023 [Time-limited test] INFO  server.StorageContainerManager (StorageContainerManager.java:stop(1600)) - Stopping the Datanode Admin Monitor.
2023-08-23 22:11:00,023 [Under Replicated Processor] WARN  replication.UnhealthyReplicationProcessor (UnhealthyReplicationProcessor.java:run(180)) - Under Replicated Processor interrupted. Exiting...
2023-08-23 22:11:00,024 [Over Replicated Processor] WARN  replication.UnhealthyReplicationProcessor (UnhealthyReplicationProcessor.java:run(180)) - Over Replicated Processor interrupted. Exiting...
2023-08-23 22:11:00,023 [Time-limited test] INFO  server.StorageContainerManager (StorageContainerManager.java:stop(1607)) - Stopping datanode service RPC server
2023-08-23 22:11:00,024 [ReplicationMonitor] INFO  replication.ReplicationManager (ReplicationManager.java:run(917)) - Replication Monitor Thread is stopped
2023-08-23 22:11:00,024 [Time-limited test] INFO  server.SCMDatanodeProtocolServer (SCMDatanodeProtocolServer.java:stop(424)) - Stopping the RPC server for DataNodes
2023-08-23 22:11:00,024 [Time-limited test] INFO  ipc.Server (Server.java:stop(3523)) - Stopping server on 9861
2023-08-23 22:11:01,064 [SCM Heartbeat Processing Thread - 0] WARN  node.NodeStateManager (NodeStateManager.java:scheduleNextHealthCheck(874)) - Current Thread is interrupted, shutting down HB processing thread for Node Manager.
2023-08-23 22:11:01,064 [Time-limited test] INFO  server.StorageContainerManager (StorageContainerManager.java:stop(1615)) - Stopping block service RPC server
2023-08-23 22:11:01,064 [Time-limited test] INFO  server.SCMBlockProtocolServer (SCMBlockProtocolServer.java:stop(161)) - Stopping the RPC server for Block Protocol
2023-08-23 22:11:01,064 [Time-limited test] INFO  ipc.Server (Server.java:stop(3523)) - Stopping server on 9863
2023-08-23 22:11:01,065 [Time-limited test] INFO  server.StorageContainerManager (StorageContainerManager.java:stop(1622)) - Stopping the StorageContainerLocationProtocol RPC server
2023-08-23 22:11:01,065 [Time-limited test] INFO  server.SCMClientProtocolServer (SCMClientProtocolServer.java:stop(210)) - Stopping the RPC server for Client Protocol
2023-08-23 22:11:01,065 [Time-limited test] INFO  ipc.Server (Server.java:stop(3523)) - Stopping server on 9860
2023-08-23 22:11:01,065 [Time-limited test] INFO  server.StorageContainerManager (StorageContainerManager.java:stop(1629)) - Stopping Storage Container Manager HTTP server.
2023-08-23 22:11:01,065 [Time-limited test] INFO  server.StorageContainerManager (StorageContainerManager.java:stop(1637)) - Stopping SCM LayoutVersionManager Service.
2023-08-23 22:11:01,065 [Time-limited test] INFO  server.SCMSecurityProtocolServer (SCMSecurityProtocolServer.java:stop(550)) - Stopping the SCMSecurityProtocolServer.
2023-08-23 22:11:01,065 [Time-limited test] INFO  ipc.Server (Server.java:stop(3523)) - Stopping server on 9961
2023-08-23 22:11:01,066 [Time-limited test] INFO  server.SCMUpdateServiceGrpcServer (SCMUpdateServiceGrpcServer.java:stop(73)) - SCMUpdateService stopping
2023-08-23 22:11:01,066 [Time-limited test] INFO  server.StorageContainerManager (StorageContainerManager.java:stop(1649)) - Stopping Block Manager Service.
2023-08-23 22:11:01,066 [Time-limited test] INFO  utils.BackgroundService (BackgroundService.java:shutdown(141)) - Shutting down service SCMBlockDeletingService
2023-08-23 22:11:01,066 [Time-limited test] INFO  utils.BackgroundService (BackgroundService.java:shutdown(141)) - Shutting down service SCMBlockDeletingService
2023-08-23 22:11:01,066 [Time-limited test] INFO  server.StorageContainerManager (StorageContainerManager.java:stop(1669)) - Stopping SCM Event Queue.
2023-08-23 22:11:01,066 [Time-limited test] INFO  server.StorageContainerManager (StorageContainerManager.java:stop(1680)) - Stopping SCM HA services.
2023-08-23 22:11:01,066 [Time-limited test] INFO  pipeline.BackgroundPipelineCreator (BackgroundPipelineCreator.java:stop(149)) - Stopping RatisPipelineUtilsThread.
2023-08-23 22:11:01,067 [RatisPipelineUtilsThread - 0] WARN  pipeline.BackgroundPipelineCreator (BackgroundPipelineCreator.java:run(180)) - RatisPipelineUtilsThread is interrupted.
2023-08-23 22:11:01,067 [Time-limited test] INFO  BackgroundPipelineScrubber (BackgroundSCMService.java:stop(131)) - Stopping BackgroundPipelineScrubber Service.
2023-08-23 22:11:01,067 [BackgroundPipelineScrubberThread] WARN  BackgroundPipelineScrubber (BackgroundSCMService.java:run(115)) - BackgroundPipelineScrubber is interrupted, exit
2023-08-23 22:11:01,067 [Time-limited test] WARN  pipeline.BackgroundPipelineCreator (BackgroundPipelineCreator.java:stop(145)) - RatisPipelineUtilsThread is not running, just ignore.
2023-08-23 22:11:01,067 [Time-limited test] INFO  BackgroundPipelineScrubber (BackgroundSCMService.java:stop(126)) - BackgroundPipelineScrubber Service is not running, skip stop.
2023-08-23 22:11:01,067 [Time-limited test] INFO  ExpiredContainerReplicaOpScrubber (BackgroundSCMService.java:stop(131)) - Stopping ExpiredContainerReplicaOpScrubber Service.
2023-08-23 22:11:01,067 [Time-limited test] INFO  utils.BackgroundService (BackgroundService.java:shutdown(141)) - Shutting down service SCMBlockDeletingService
2023-08-23 22:11:01,067 [Time-limited test] INFO  replication.ReplicationManager (ReplicationManager.java:stop(329)) - Replication Monitor Thread is not running.
2023-08-23 22:11:01,067 [ExpiredContainerReplicaOpScrubberThread] WARN  ExpiredContainerReplicaOpScrubber (BackgroundSCMService.java:run(115)) - ExpiredContainerReplicaOpScrubber is interrupted, exit
2023-08-23 22:11:01,067 [Time-limited test] WARN  balancer.ContainerBalancer (ContainerBalancer.java:stop(326)) - Cannot stop Container Balancer because it's not running or stopping
2023-08-23 22:11:01,068 [Time-limited test] INFO  server.StorageContainerManager (StorageContainerManager.java:stop(1715)) - Stopping SCM MetadataStore.
2023-08-23 22:11:01,068 [Time-limited test] INFO  server.SCMSecurityProtocolServer (SCMSecurityProtocolServer.java:join(560)) - Join RPC server for SCMSecurityProtocolServer.
2023-08-23 22:11:01,069 [Time-limited test] INFO  server.SCMSecurityProtocolServer (SCMSecurityProtocolServer.java:join(562)) - Join gRPC server for SCMSecurityProtocolServer.
2023-08-23 22:11:01,069 [Time-limited test] INFO  om.OzoneManager (OzoneManager.java:stop(2187)) - om1[fv-az621-511.fpnbra3ad0zu1hpqauu4rsdf4e.cx.internal.cloudapp.net:1202]: Stopping Ozone Manager
2023-08-23 22:11:01,069 [Time-limited test] INFO  ipc.Server (Server.java:stop(3523)) - Stopping server on 1202
2023-08-23 22:11:01,070 [Time-limited test] INFO  ratis.OzoneManagerStateMachine (OzoneManagerStateMachine.java:close(534)) - StateMachine has shutdown. Shutdown OzoneManager if not already shutdown.
2023-08-23 22:11:01,070 [Time-limited test] INFO  ratis.OzoneManagerDoubleBuffer (OzoneManagerDoubleBuffer.java:stopDaemon(551)) - Stopping OMDoubleBuffer flush thread
2023-08-23 22:11:01,070 [OMDoubleBufferFlushThread] INFO  ratis.OzoneManagerDoubleBuffer (OzoneManagerDoubleBuffer.java:canFlush(638)) - OMDoubleBuffer flush thread OMDoubleBufferFlushThread is interrupted and will exit.
2023-08-23 22:11:01,071 [Time-limited test] INFO  om.OzoneManager (OzoneManager.java:stopSecretManager(1063)) - Stopping secret key client.
2023-08-23 22:11:01,071 [Time-limited test] INFO  om.OzoneManager (OzoneManager.java:stopSecretManager(1068)) - Stopping OM delegation token secret manager.
2023-08-23 22:11:01,071 [Time-limited test] INFO  rocksdiff.RocksDBCheckpointDiffer (RocksDBCheckpointDiffer.java:close(340)) - Shutting down CompactionDagPruningService.
2023-08-23 22:11:01,073 [Time-limited test] INFO  snapshot.SnapshotDiffManager (SnapshotDiffManager.java:closeExecutorService(1720)) - Shutting down executorService: 'SnapDiffExecutor'
2023-08-23 22:11:01,073 [Time-limited test] INFO  snapshot.SnapshotDiffManager (SnapshotDiffManager.java:closeExecutorService(1720)) - Shutting down executorService: 'SstDumpToolExecutor'
2023-08-23 22:11:01,073 [Time-limited test] INFO  utils.BackgroundService (BackgroundService.java:shutdown(141)) - Shutting down service SnapshotDiffCleanupService
]]></system-out>
  </testcase>
  <testcase name="testDelegationTokenRenewal" classname="org.apache.hadoop.ozone.TestSecureOzoneCluster" time="10.146">
    <system-out><![CDATA[2023-08-23 22:11:01,103 [Time-limited test] INFO  net.ServerSocketUtil (ServerSocketUtil.java:getPort(55)) - Using port 9860
2023-08-23 22:11:01,104 [Time-limited test] INFO  net.ServerSocketUtil (ServerSocketUtil.java:getPort(55)) - Using port 9861
2023-08-23 22:11:01,104 [Time-limited test] INFO  net.ServerSocketUtil (ServerSocketUtil.java:getPort(55)) - Using port 9863
2023-08-23 22:11:01,104 [Time-limited test] INFO  net.ServerSocketUtil (ServerSocketUtil.java:getPort(55)) - Using port 9961
2023-08-23 22:11:01,104 [Time-limited test] INFO  net.ServerSocketUtil (ServerSocketUtil.java:getPort(55)) - Using port 1200
2023-08-23 22:11:01,104 [Time-limited test] INFO  net.ServerSocketUtil (ServerSocketUtil.java:getPort(55)) - Using port 1201
2023-08-23 22:11:01,104 [Time-limited test] INFO  minikdc.MiniKdc (MiniKdc.java:<init>(225)) - Configuration:
2023-08-23 22:11:01,104 [Time-limited test] INFO  minikdc.MiniKdc (MiniKdc.java:<init>(226)) - ---------------------------------------------------------------
2023-08-23 22:11:01,104 [Time-limited test] INFO  minikdc.MiniKdc (MiniKdc.java:<init>(228)) -   debug: false
2023-08-23 22:11:01,104 [Time-limited test] INFO  minikdc.MiniKdc (MiniKdc.java:<init>(228)) -   transport: TCP
2023-08-23 22:11:01,104 [Time-limited test] INFO  minikdc.MiniKdc (MiniKdc.java:<init>(228)) -   max.ticket.lifetime: 86400000
2023-08-23 22:11:01,104 [Time-limited test] INFO  minikdc.MiniKdc (MiniKdc.java:<init>(228)) -   org.name: EXAMPLE
2023-08-23 22:11:01,104 [Time-limited test] INFO  minikdc.MiniKdc (MiniKdc.java:<init>(228)) -   kdc.port: 0
2023-08-23 22:11:01,104 [Time-limited test] INFO  minikdc.MiniKdc (MiniKdc.java:<init>(228)) -   org.domain: COM
2023-08-23 22:11:01,105 [Time-limited test] INFO  minikdc.MiniKdc (MiniKdc.java:<init>(228)) -   max.renewable.lifetime: 604800000
2023-08-23 22:11:01,106 [Time-limited test] INFO  minikdc.MiniKdc (MiniKdc.java:<init>(228)) -   instance: DefaultKrbServer
2023-08-23 22:11:01,106 [Time-limited test] INFO  minikdc.MiniKdc (MiniKdc.java:<init>(228)) -   kdc.bind.address: localhost
2023-08-23 22:11:01,106 [Time-limited test] INFO  minikdc.MiniKdc (MiniKdc.java:<init>(230)) - ---------------------------------------------------------------
2023-08-23 22:11:01,107 [Time-limited test] INFO  minikdc.MiniKdc (MiniKdc.java:start(285)) - MiniKdc started.
2023-08-23 22:11:01,181 [Time-limited test] INFO  om.OzoneManager (OzoneManager.java:getOmDetailsProto(4552)) - OzoneManager ports added:[name: "RPC"
value: 1202
]
2023-08-23 22:11:01,182 [Time-limited test] WARN  server.ServerUtils (ServerUtils.java:getDBPath(311)) - ozone.om.db.dirs is not configured. We recommend adding this setting. Falling back to ozone.metadata.dirs instead.
2023-08-23 22:11:01,183 [Time-limited test] INFO  ha.OMHANodeDetails (OMHANodeDetails.java:loadOMHAConfig(115)) - ozone.om.internal.service.id is not defined, falling back to ozone.om.service.ids to find serviceID for OzoneManager if it is HA enabled cluster
2023-08-23 22:11:01,184 [Time-limited test] INFO  ha.OMHANodeDetails (OMHANodeDetails.java:loadOMHAConfig(226)) - Configuration does not have ozone.om.address set. Falling back to the default OM address fv-az621-511.fpnbra3ad0zu1hpqauu4rsdf4e.cx.internal.cloudapp.net/10.1.0.14:1202
2023-08-23 22:11:01,184 [Time-limited test] INFO  ha.OMHANodeDetails (OMHANodeDetails.java:getOMNodeDetailsForNonHA(254)) - OM Service ID is not set. Setting it to the default ID: omServiceIdDefault
2023-08-23 22:11:01,184 [Time-limited test] INFO  ha.OMHANodeDetails (OMHANodeDetails.java:getOMNodeDetailsForNonHA(261)) - OM Node ID is not set. Setting it to the default ID: om1
2023-08-23 22:11:01,184 [Time-limited test] WARN  server.ServerUtils (ServerUtils.java:getDBPath(311)) - ozone.om.db.dirs is not configured. We recommend adding this setting. Falling back to ozone.metadata.dirs instead.
2023-08-23 22:11:01,185 [Time-limited test] INFO  upgrade.AbstractLayoutVersionManager (AbstractLayoutVersionManager.java:init(83)) - Initializing Layout version manager with metadata layout = QUOTA (version = 6), software layout = QUOTA (version = 6)
2023-08-23 22:11:01,248 [Time-limited test] INFO  reflections.Reflections (Reflections.java:scan(232)) - Reflections took 62 ms to scan 2 urls, producing 188 keys and 512 values [using 2 cores]
2023-08-23 22:11:01,248 [Time-limited test] INFO  upgrade.OMLayoutVersionManager (OMLayoutVersionManager.java:lambda$0(115)) - Skipping Upgrade Action MockOmUpgradeAction since it has been finalized.
2023-08-23 22:11:01,249 [Time-limited test] INFO  upgrade.OMLayoutVersionManager (OMLayoutVersionManager.java:lambda$0(115)) - Skipping Upgrade Action QuotaRepairUpgradeAction since it has been finalized.
2023-08-23 22:11:01,251 [pool-519-thread-1] INFO  request.KdcRequest (KdcRequest.java:preauth(651)) - The preauth data is empty.
2023-08-23 22:11:01,251 [pool-519-thread-1] INFO  server.KdcHandler (KdcHandler.java:handleRecoverableException(177)) - KRB error occurred while processing request:Additional pre-authentication required
2023-08-23 22:11:01,254 [pool-519-thread-2] INFO  request.AsRequest (AsRequest.java:issueTicket(112)) - AS_REQ ISSUE: authtime 1692828661254,om/fv-az621-511.fpnbra3ad0zu1hpqauu4rsdf4e.cx.internal.cloudapp.net@EXAMPLE.COM for krbtgt/EXAMPLE.COM@EXAMPLE.COM
2023-08-23 22:11:01,255 [Time-limited test] INFO  security.UserGroupInformation (UserGroupInformation.java:loginUserFromKeytab(1132)) - Login successful for user om/fv-az621-511.fpnbra3ad0zu1hpqauu4rsdf4e.cx.internal.cloudapp.net@EXAMPLE.COM using keytab file om.keytab. Keytab auto renewal enabled : false
2023-08-23 22:11:01,255 [Time-limited test] INFO  om.OzoneManager (OzoneManager.java:loginOMUser(1161)) - Ozone Manager login successful.
2023-08-23 22:11:01,255 [Time-limited test] WARN  server.ServerUtils (ServerUtils.java:getDBPath(311)) - ozone.om.db.dirs is not configured. We recommend adding this setting. Falling back to ozone.metadata.dirs instead.
2023-08-23 22:11:01,256 [Time-limited test] INFO  proxy.SCMBlockLocationFailoverProxyProvider (SCMBlockLocationFailoverProxyProvider.java:<init>(114)) - Created block location fail-over proxy with 1 nodes: [nodeId=scmNodeId,nodeAddress=localhost/127.0.0.1:9863]
2023-08-23 22:11:01,257 [Time-limited test] INFO  om.OzoneManager (OzoneManager.java:getOmDetailsProto(4552)) - OzoneManager ports added:[name: "RPC"
value: 1202
]
2023-08-23 22:11:01,257 [Time-limited test] INFO  security.OMCertificateClient (DefaultCertificateClient.java:updateCertSerialId(1244)) - Certificate serial ID set to 9879877970576
2023-08-23 22:11:01,258 [Time-limited test] WARN  security.OMCertificateClient (DefaultCertificateClient.java:loadAllCertificates(173)) - Certificates could not be loaded.
java.nio.file.NoSuchFileException: /tmp/junit8445351575491426099/junit3035787464762649820/om-meta/om/certs
	at sun.nio.fs.UnixException.translateToIOException(UnixException.java:86)
	at sun.nio.fs.UnixException.rethrowAsIOException(UnixException.java:102)
	at sun.nio.fs.UnixException.rethrowAsIOException(UnixException.java:107)
	at sun.nio.fs.UnixFileSystemProvider.newDirectoryStream(UnixFileSystemProvider.java:427)
	at java.nio.file.Files.newDirectoryStream(Files.java:457)
	at java.nio.file.Files.list(Files.java:3451)
	at org.apache.hadoop.hdds.security.x509.certificate.client.DefaultCertificateClient.loadAllCertificates(DefaultCertificateClient.java:168)
	at org.apache.hadoop.hdds.security.x509.certificate.client.DefaultCertificateClient.updateCertSerialId(DefaultCertificateClient.java:1245)
	at org.apache.hadoop.hdds.security.x509.certificate.client.DefaultCertificateClient.<init>(DefaultCertificateClient.java:157)
	at org.apache.hadoop.hdds.security.x509.certificate.client.CommonCertificateClient.<init>(CommonCertificateClient.java:49)
	at org.apache.hadoop.ozone.security.OMCertificateClient.<init>(OMCertificateClient.java:68)
	at org.apache.hadoop.ozone.om.OzoneManager.<init>(OzoneManager.java:640)
	at org.apache.hadoop.ozone.om.OzoneManager.createOm(OzoneManager.java:754)
	at org.apache.hadoop.ozone.TestSecureOzoneCluster.setupOm(TestSecureOzoneCluster.java:701)
	at org.apache.hadoop.ozone.TestSecureOzoneCluster.testDelegationTokenRenewal(TestSecureOzoneCluster.java:626)
	at sun.reflect.NativeMethodAccessorImpl.invoke0(Native Method)
	at sun.reflect.NativeMethodAccessorImpl.invoke(NativeMethodAccessorImpl.java:62)
	at sun.reflect.DelegatingMethodAccessorImpl.invoke(DelegatingMethodAccessorImpl.java:43)
	at java.lang.reflect.Method.invoke(Method.java:498)
	at org.junit.runners.model.FrameworkMethod$1.runReflectiveCall(FrameworkMethod.java:59)
	at org.junit.internal.runners.model.ReflectiveCallable.run(ReflectiveCallable.java:12)
	at org.junit.runners.model.FrameworkMethod.invokeExplosively(FrameworkMethod.java:56)
	at org.junit.internal.runners.statements.InvokeMethod.evaluate(InvokeMethod.java:17)
	at org.junit.internal.runners.statements.RunBefores.evaluate(RunBefores.java:26)
	at org.junit.internal.runners.statements.RunAfters.evaluate(RunAfters.java:27)
	at org.junit.rules.ExternalResource$1.evaluate(ExternalResource.java:54)
	at org.junit.internal.runners.statements.FailOnTimeout$CallableStatement.call(FailOnTimeout.java:288)
	at org.junit.internal.runners.statements.FailOnTimeout$CallableStatement.call(FailOnTimeout.java:282)
	at java.util.concurrent.FutureTask.run(FutureTask.java:266)
	at java.lang.Thread.run(Thread.java:750)
2023-08-23 22:11:01,259 [Time-limited test] INFO  om.OzoneManager (OzoneManager.java:<init>(662)) - OM start with adminUsers: [om/fv-az621-511.fpnbra3ad0zu1hpqauu4rsdf4e.cx.internal.cloudapp.net@EXAMPLE.COM, om]
2023-08-23 22:11:01,260 [Time-limited test] WARN  server.ServerUtils (ServerUtils.java:getDBPath(311)) - ozone.om.db.dirs is not configured. We recommend adding this setting. Falling back to ozone.metadata.dirs instead.
2023-08-23 22:11:01,260 [Time-limited test] INFO  helpers.OmKeyInfo (OmKeyInfo.java:getCodec(71)) - OmKeyInfo.getCodec ignorePipeline = true
2023-08-23 22:11:01,426 [Time-limited test] INFO  om.OzoneManager (OzoneManager.java:instantiateServices(791)) - S3 Multi-Tenancy is disabled
2023-08-23 22:11:01,427 [Time-limited test] INFO  security.OzoneSecretStore (OzoneSecretStore.java:loadState(69)) - Loaded 0 tokens
2023-08-23 22:11:01,427 [Time-limited test] INFO  security.OzoneDelegationTokenSecretManager (OzoneDelegationTokenSecretManager.java:loadTokenSecretState(530)) - Loading token state into token manager.
2023-08-23 22:11:01,427 [Time-limited test] INFO  om.OmSnapshotManager (OmSnapshotManager.java:<init>(175)) - Ozone filesystem snapshot feature is enabled.
2023-08-23 22:11:01,427 [Time-limited test] WARN  server.ServerUtils (ServerUtils.java:getDBPath(311)) - ozone.om.snapshot.diff.db.dir is not configured. We recommend adding this setting. Falling back to ozone.metadata.dirs instead.
2023-08-23 22:11:01,447 [Time-limited test] INFO  snapshot.SnapshotDiffManager (SnapshotDiffManager.java:closeExecutorService(1720)) - Shutting down executorService: 'SstDumpToolExecutor'
2023-08-23 22:11:01,449 [Time-limited test] INFO  om.OzoneManager (OzoneManager.java:addS3GVolumeToDB(4284)) - Created Volume s3v With Owner om required for S3Gateway operations.
2023-08-23 22:11:01,449 [Time-limited test] WARN  server.ServerUtils (ServerUtils.java:getDefaultRatisDirectory(323)) - Storage directory for Ratis is not configured. It is a good idea to map this to an SSD disk. Falling back to ozone.metadata.dirs
2023-08-23 22:11:01,449 [Time-limited test] WARN  utils.OzoneManagerRatisUtils (OzoneManagerRatisUtils.java:getOMRatisSnapshotDirectory(461)) - ozone.om.ratis.snapshot.dir is not configured. Falling back to ozone.metadata.dirs config
2023-08-23 22:11:01,450 [Time-limited test] WARN  server.ServerUtils (ServerUtils.java:getDefaultRatisDirectory(323)) - Storage directory for Ratis is not configured. It is a good idea to map this to an SSD disk. Falling back to ozone.metadata.dirs
2023-08-23 22:11:01,451 [Time-limited test] INFO  ratis.OzoneManagerRatisServer (OzoneManagerRatisServer.java:<init>(163)) - Instantiating OM Ratis server with groupID: omServiceIdDefault and peers: fv-az621-511.fpnbra3ad0zu1hpqauu4rsdf4e.cx.internal.cloudapp.net:9872
2023-08-23 22:11:01,451 [Time-limited test] INFO  ratis.OzoneManagerStateMachine (OzoneManagerStateMachine.java:loadSnapshotInfoFromDB(687)) - LastAppliedIndex is set from TransactionInfo from OM DB as (t:0, i:~)
2023-08-23 22:11:01,451 [Time-limited test] INFO  server.RaftServer (ConfUtils.java:logGet(46)) - raft.rpc.type = GRPC (default)
2023-08-23 22:11:01,452 [Time-limited test] INFO  grpc.GrpcConfigKeys (ConfUtils.java:logFallback(53)) - raft.grpc.admin.host = null (fallback to raft.grpc.server.host)
2023-08-23 22:11:01,452 [Time-limited test] INFO  grpc.GrpcConfigKeys (ConfUtils.java:logFallback(53)) - raft.grpc.admin.port = 9872 (fallback to raft.grpc.server.port)
2023-08-23 22:11:01,452 [Time-limited test] INFO  grpc.GrpcConfigKeys (ConfUtils.java:logFallback(53)) - raft.grpc.client.host = null (fallback to raft.grpc.server.host)
2023-08-23 22:11:01,452 [Time-limited test] INFO  grpc.GrpcConfigKeys (ConfUtils.java:logFallback(53)) - raft.grpc.client.port = 9872 (fallback to raft.grpc.server.port)
2023-08-23 22:11:01,453 [Time-limited test] INFO  grpc.GrpcConfigKeys (ConfUtils.java:logGet(46)) - raft.grpc.server.host = null (default)
2023-08-23 22:11:01,453 [Time-limited test] INFO  grpc.GrpcConfigKeys (ConfUtils.java:logGet(46)) - raft.grpc.server.port = 9872 (custom)
2023-08-23 22:11:01,453 [Time-limited test] INFO  server.GrpcService (ConfUtils.java:logGet(46)) - raft.grpc.message.size.max = 33554432 (custom)
2023-08-23 22:11:01,454 [Time-limited test] INFO  server.RaftServerConfigKeys (ConfUtils.java:logGet(46)) - raft.server.log.appender.buffer.byte-limit = 33554432 (custom)
2023-08-23 22:11:01,454 [Time-limited test] INFO  server.GrpcService (ConfUtils.java:logGet(46)) - raft.grpc.flow.control.window = 1MB (=1048576) (default)
2023-08-23 22:11:01,454 [Time-limited test] INFO  server.RaftServerConfigKeys (ConfUtils.java:logGet(46)) - raft.server.rpc.request.timeout = 3000ms (default)
2023-08-23 22:11:01,454 [Time-limited test] INFO  grpc.GrpcConfigKeys (ConfUtils.java:logGet(46)) - raft.grpc.server.heartbeat.channel = true (default)
2023-08-23 22:11:01,454 [Time-limited test] INFO  grpc.GrpcConfigKeys (ConfUtils.java:logGet(46)) - raft.grpc.server.async.request.thread.pool.cached = true (default)
2023-08-23 22:11:01,454 [Time-limited test] INFO  grpc.GrpcConfigKeys (ConfUtils.java:logGet(46)) - raft.grpc.server.async.request.thread.pool.size = 32 (default)
2023-08-23 22:11:01,456 [Time-limited test] INFO  impl.DataStreamServerImpl (ConfUtils.java:logGet(46)) - raft.datastream.type = DISABLED (default)
2023-08-23 22:11:01,456 [Time-limited test] INFO  server.RaftServerConfigKeys (ConfUtils.java:logGet(46)) - raft.server.threadpool.proxy.cached = true (default)
2023-08-23 22:11:01,456 [Time-limited test] INFO  server.RaftServerConfigKeys (ConfUtils.java:logGet(46)) - raft.server.threadpool.proxy.size = 0 (default)
2023-08-23 22:11:01,456 [Time-limited test] INFO  server.RaftServerConfigKeys (ConfUtils.java:logGet(46)) - raft.server.rpc.slowness.timeout = 120s (custom)
2023-08-23 22:11:01,456 [Time-limited test] INFO  server.RaftServerConfigKeys (ConfUtils.java:logGet(46)) - raft.server.leaderelection.leader.step-down.wait-time = 10s (default)
2023-08-23 22:11:01,456 [Time-limited test] INFO  server.RaftServerConfigKeys (ConfUtils.java:logGet(46)) - raft.server.storage.dir = [/tmp/junit8445351575491426099/junit3035787464762649820/om-meta/ratis] (custom)
2023-08-23 22:11:01,457 [Time-limited test] INFO  server.RaftServer (RaftServerProxy.java:addNew(98)) - om1: addNew group-C5BA1605619E:[om1|rpc:fv-az621-511.fpnbra3ad0zu1hpqauu4rsdf4e.cx.internal.cloudapp.net:9872|priority:0|startupRole:FOLLOWER] returns group-C5BA1605619E:java.util.concurrent.CompletableFuture@48dddff4[Not completed]
2023-08-23 22:11:01,457 [Time-limited test] INFO  om.OzoneManager (OzoneManager.java:initializeRatisServer(2128)) - OzoneManager Ratis server initialized at port 9872
RaftServerImpl.java:<init>(198)) - om1: new RaftServerImpl for group-C5BA1605619E:[om1|rpc:fv-az621-511.fpnbra3ad0zu1hpqauu4rsdf4e.cx.internal.cloudapp.net:9872|priority:0|startupRole:FOLLOWER] with OzoneManagerStateMachine:uninitialized
2023-08-23 22:11:01,457 [Time-limited test] INFO  om.OzoneManager (OzoneManager.java:initializeRatisServer(2128)) - OzoneManager Ratis server initialized at port 9872
2023-08-23 22:11:01,457 [Time-limited test] INFO  om.OzoneManager (ConfUtils.java:logGet(46)) - raft.server.rpc.timeout.min = 5s (custom)
2023-08-23 22:11:01,457 [Time-limited test] INFO  om.OzoneManager (OzoneManager.java:getRpcServer(1193)) - Creating RPC Server
2023-08-23 22:11:01,457 [om1-groupManagement] INFO  server.RaftServerConfigKeys (ConfUtils.java:logGet(46)) - raft.server.rpc.timeout.max = 5200ms (custom)
2023-08-23 22:11:01,457 [om1-groupManagement] INFO  server.RaftServerConfigKeys (ConfUtils.java:logGet(46)) - raft.server.rpc.sleep.time = 25ms (default)
2023-08-23 22:11:01,457 [om1-groupManagement] INFO  server.RaftServerConfigKeys (ConfUtils.java:logGet(46)) - raft.server.rpc.slowness.timeout = 120s (custom)
2023-08-23 22:11:01,457 [om1-groupManagement] INFO  server.RaftServerConfigKeys (ConfUtils.java:logGet(46)) - raft.server.leaderelection.leader.step-down.wait-time = 10s (default)
2023-08-23 22:11:01,457 [om1-groupManagement] INFO  server.RaftServerConfigKeys (ConfUtils.java:logGet(46)) - raft.server.sleep.deviation.threshold = 300ms (default)
2023-08-23 22:11:01,457 [om1-groupManagement] INFO  server.RaftServer$Division (ServerState.java:<init>(120)) - om1@group-C5BA1605619E: ConfigurationManager, init=-1: peers:[om1|rpc:fv-az621-511.fpnbra3ad0zu1hpqauu4rsdf4e.cx.internal.cloudapp.net:9872|priority:0|startupRole:FOLLOWER]|listeners:[], old=null, confs=<EMPTY_MAP>
2023-08-23 22:11:01,457 [om1-groupManagement] INFO  server.RaftServerConfigKeys (ConfUtils.java:logGet(46)) - raft.server.storage.dir = [/tmp/junit8445351575491426099/junit3035787464762649820/om-meta/ratis] (custom)
2023-08-23 22:11:01,457 [om1-groupManagement] INFO  server.RaftServerConfigKeys (ConfUtils.java:logGet(46)) - raft.server.log.corruption.policy = EXCEPTION (default)
2023-08-23 22:11:01,457 [om1-groupManagement] INFO  server.RaftServerConfigKeys (ConfUtils.java:logGet(46)) - raft.server.storage.free-space.min = 0MB (=0) (default)
2023-08-23 22:11:01,458 [om1-groupManagement] INFO  server.RaftServerConfigKeys (ConfUtils.java:logGet(46)) - raft.server.notification.no-leader.timeout = 120s (custom)
2023-08-23 22:11:01,458 [om1-groupManagement] INFO  server.RaftServerConfigKeys (ConfUtils.java:logGet(46)) - raft.server.read.timeout = 10s (default)
2023-08-23 22:11:01,458 [om1-groupManagement] INFO  server.RaftServerConfigKeys (ConfUtils.java:logGet(46)) - raft.server.retrycache.expirytime = 300s (custom)
2023-08-23 22:11:01,458 [om1-groupManagement] INFO  server.RaftServerConfigKeys (ConfUtils.java:logGet(46)) - raft.server.retrycache.statistics.expirytime = 100μs (default)
2023-08-23 22:11:01,458 [om1-groupManagement] INFO  server.RaftServerConfigKeys (ConfUtils.java:logGet(46)) - raft.server.read.option = DEFAULT (default)
2023-08-23 22:11:01,458 [om1-groupManagement] INFO  server.RaftServerConfigKeys (ConfUtils.java:logGet(46)) - raft.server.rpc.request.timeout = 3000ms (default)
2023-08-23 22:11:01,458 [om1-groupManagement] INFO  server.RaftServerConfigKeys (ConfUtils.java:logGet(46)) - raft.server.log.appender.install.snapshot.enabled = false (custom)
2023-08-23 22:11:01,458 [om1-groupManagement] INFO  server.RaftServerConfigKeys (ConfUtils.java:logGet(46)) - raft.server.threadpool.server.cached = true (default)
2023-08-23 22:11:01,458 [om1-groupManagement] INFO  server.RaftServerConfigKeys (ConfUtils.java:logGet(46)) - raft.server.threadpool.server.size = 0 (default)
2023-08-23 22:11:01,458 [om1-groupManagement] INFO  server.RaftServerConfigKeys (ConfUtils.java:logGet(46)) - raft.server.threadpool.client.cached = true (default)
2023-08-23 22:11:01,458 [om1-groupManagement] INFO  server.RaftServerConfigKeys (ConfUtils.java:logGet(46)) - raft.server.threadpool.client.size = 0 (default)
2023-08-23 22:11:01,782 [Time-limited test] INFO  reflections.Reflections (Reflections.java:scan(232)) - Reflections took 323 ms to scan 19 urls, producing 70 keys and 5645 values [using 2 cores]
2023-08-23 22:11:01,783 [Time-limited test] INFO  ipc.CallQueueManager (CallQueueManager.java:<init>(90)) - Using callQueue: class java.util.concurrent.LinkedBlockingQueue, queueCapacity: 10000, scheduler: class org.apache.hadoop.ipc.DefaultRpcScheduler, ipcBackoff: false.
2023-08-23 22:11:01,783 [Time-limited test] INFO  ipc.Server (Server.java:<init>(1287)) - Listener at fv-az621-511.fpnbra3ad0zu1hpqauu4rsdf4e.cx.internal.cloudapp.net:1202
2023-08-23 22:11:01,784 [Socket Reader #1 for port 1202] INFO  ipc.Server (Server.java:run(1323)) - Starting Socket Reader #1 for port 1202
2023-08-23 22:11:02,064 [Time-limited test] INFO  utils.SelfSignedCertificate (SelfSignedCertificate.java:generateCertificate(157)) - Certificate 1 is issued by CN=rootCA@localhost,OU=scm1,O=cluster1 to CN=rootCA@localhost,OU=scm1,O=cluster1, valid from Wed Aug 23 22:11:02 UTC 2023 to Sat Sep 30 22:11:02 UTC 2028
2023-08-23 22:11:02,067 [Time-limited test] INFO  authority.DefaultApprover (DefaultApprover.java:sign(154)) - Extensions in CSR: 2.5.29.15
2023-08-23 22:11:02,067 [Time-limited test] INFO  authority.DefaultApprover (DefaultApprover.java:sign(158)) - Extensions to add to the certificate if they present in CSR: 2.5.29.17, 2.5.29.19, 1.3.6.1.5.5.7.1.12, 2.5.29.35, 2.5.29.37, 2.5.29.15
2023-08-23 22:11:02,070 [Time-limited test] INFO  ssl.ReloadingX509KeyManager (ReloadingX509KeyManager.java:loadKeyManager(222)) - Key manager is loaded with certificate chain
2023-08-23 22:11:02,070 [Time-limited test] INFO  ssl.ReloadingX509KeyManager (ReloadingX509KeyManager.java:loadKeyManager(224)) - [
[
  Version: V3
  Subject: O=cluster1, OU=scm1, CN=localhost
  Signature Algorithm: SHA256withRSA, OID = 1.2.840.113549.1.1.11

  Key:  Sun RSA public key, 2048 bits
  params: null
  modulus: 22232890267984069979155031167066169436081911026381082008408498793839767446719842510364311249586589045577109249868059840343158431575771690001055361867067158905950154590654487270113589107715715462169891589509148823759709499904190556609809328732237437591443806477320976735590027350681256581898006251849839402931238349661195823973010547433558028010782952150422967944274703727485313519396807926659640729187487115702528446223632938748884549721622317711974791378335038002836893491290925422521373572949688035164552788213491723775839025398051158740865239114764997143572131766919764584817132271190542185138663497705270280685661
  public exponent: 65537
  Validity: [From: Wed Aug 23 22:11:02 UTC 2023,
               To: Thu Aug 22 22:11:02 UTC 2024]
  Issuer: O=cluster1, OU=scm1, CN=rootCA@localhost
  SerialNumber: [    0164fc01 f880]

Certificate Extensions: 1
[1]: ObjectId: 2.5.29.15 Criticality=true
KeyUsage [
  DigitalSignature
  Key_Encipherment
  Data_Encipherment
  Key_Agreement
]

]
  Algorithm: [SHA256withRSA]
  Signature:
0000: 44 41 2A D4 0E 62 06 22   0B 95 1F D2 EA EB 97 A6  DA*..b."........
0010: AA 2E 79 E1 47 56 9B F8   AA 56 7B F6 40 64 A1 98  ..y.GV...V..@d..
0020: 4D B4 17 D1 28 0B 83 37   41 D6 4E F6 86 46 C0 30  M...(..7A.N..F.0
0030: AA 8D 18 5C 56 9A D2 CD   16 71 D5 E5 60 75 7A 2A  ...\V....q..`uz*
0040: F5 F6 AC 11 29 7C 07 A6   D4 0B EE 18 25 C8 01 B1  ....).......%...
0050: 1C A9 F9 94 C9 42 76 2C   8C 65 F8 BB 80 28 DD A2  .....Bv,.e...(..
0060: 7C EE 06 8B 07 5A E0 0F   25 AB 93 EB 95 2B 3F B4  .....Z..%....+?.
0070: 9B E9 AD 55 E0 B3 EC 54   04 30 A1 66 C0 EB 25 74  ...U...T.0.f..%t
0080: ED A2 E7 A3 8E 80 8D 5D   F0 71 4C D5 24 6B 93 0E  .......].qL.$k..
0090: 68 7E 54 C6 07 8C 7F 45   35 2E 69 B5 24 0E 00 6B  h.T....E5.i.$..k
00A0: 5B 0F 94 64 BE 45 58 87   98 E5 96 E7 45 BC F0 A4  [..d.EX.....E...
00B0: 77 4D C5 99 76 B5 61 CE   67 CD 86 A1 74 BE 26 F7  wM..v.a.g...t.&.
00C0: B7 75 D7 BC BF EF A7 8F   33 B4 20 94 D3 78 22 E0  .u......3. ..x".
00D0: 56 1E 3E C8 52 CD 1D 4E   10 AB F0 1B B6 AC BB 91  V.>.R..N........
00E0: 61 95 CB F8 4D A2 10 DE   BA 3B D5 F8 AE 4E 7E 05  a...M....;...N..
00F0: F9 72 94 B8 CA FE 6F 8E   32 E9 47 A4 83 FF 33 C7  .r....o.2.G...3.

]
2023-08-23 22:11:02,071 [Time-limited test] INFO  ssl.ReloadingX509KeyManager (ReloadingX509KeyManager.java:loadKeyManager(224)) - [
[
  Version: V3
  Subject: O=cluster1, OU=scm1, CN=rootCA@localhost
  Signature Algorithm: SHA256withRSA, OID = 1.2.840.113549.1.1.11

  Key:  Sun RSA public key, 2048 bits
  params: null
  modulus: 19779254695217150296530634115219726980689300793421766080805954298893138793975436366156054210612741914356222102832624454857616523662023649804023504764444985662753669873147150181648452654634343354347990968440391459180139343089053987260933180524970023642773545540585114552931619537012152077725145008311249378078124720104554600294881157782470515056038042012103284666996208004714110732801789463477029972751166298802734290262830331232410349371308045540959668738657190604144831946109816899728352643893156189613275705485725772066526446406877553008466081962228740068087296137145769687053025431991872197671684929535007528853173
  public exponent: 65537
  Validity: [From: Wed Aug 23 22:11:02 UTC 2023,
               To: Sat Sep 30 22:11:02 UTC 2028]
  Issuer: O=cluster1, OU=scm1, CN=rootCA@localhost
  SerialNumber: [    01]

Certificate Extensions: 2
[1]: ObjectId: 2.5.29.19 Criticality=true
BasicConstraints:[
  CA:true
  PathLen:2147483647
]

[2]: ObjectId: 2.5.29.15 Criticality=true
KeyUsage [
  Key_CertSign
  Crl_Sign
]

]
  Algorithm: [SHA256withRSA]
  Signature:
0000: 3D D4 53 2A BB A4 D9 15   ED 0B AB FE 31 4E 89 DC  =.S*........1N..
0010: 2B A7 0D DE 86 A7 05 8D   61 9C EE D9 24 DE 7E 0C  +.......a...$...
0020: 07 68 DD 61 09 D5 E9 91   E5 DA 73 2A F6 9C E0 72  .h.a......s*...r
0030: 45 A4 ED FE 8D F0 09 50   2B 0E 75 60 3F B2 26 0A  E......P+.u`?.&.
0040: 4A 0C C5 FE CB C7 B5 E7   59 9D 45 51 4A 9E C8 BB  J.......Y.EQJ...
0050: 69 0F 9E 42 8A 3F 06 7F   11 D5 56 7D 94 8A 96 66  i..B.?....V....f
0060: 63 F7 F5 BD B5 28 5B 77   F7 98 15 EA 12 D2 61 10  c....([w......a.
0070: 78 73 1D 9A 02 BC FE 7B   76 AB E8 F2 8E 53 71 F0  xs......v....Sq.
0080: 41 0E AD 6A C0 0F E7 41   4B 42 27 47 D1 39 4E 7F  A..j...AKB'G.9N.
0090: E8 EF 9E 30 9D D9 88 96   BA 2A 87 A5 39 65 BB 6A  ...0.....*..9e.j
00A0: CE 6D 43 59 AC 3B 00 96   BE E5 92 10 C0 2F 93 6D  .mCY.;......./.m
00B0: E6 9B BD 07 90 B3 D7 C5   0A 20 7E 33 50 E6 59 AD  ......... .3P.Y.
00C0: 6D A7 7B AE C9 D1 5B BE   E6 92 6F 82 DE 5D 75 22  m.....[...o..]u"
00D0: 6E 59 87 FC 70 07 3F 43   7E 9C 2F 26 A4 72 CB 51  nY..p.?C../&.r.Q
00E0: D5 9D 17 25 08 95 3C 75   F1 F4 AD B2 A0 B3 7D ED  ...%..<u........
00F0: 4F CD 58 76 E0 CC EE 03   F4 3A A7 1A 36 55 16 B3  O.Xv.....:..6U..

]
2023-08-23 22:11:02,071 [Time-limited test] INFO  ssl.ReloadingX509TrustManager (ReloadingX509TrustManager.java:insertCertsToKeystore(188)) - Trust manager is loaded with certificates
2023-08-23 22:11:02,071 [Time-limited test] INFO  ssl.ReloadingX509TrustManager (ReloadingX509TrustManager.java:insertCertsToKeystore(192)) - [
[
  Version: V3
  Subject: O=cluster1, OU=scm1, CN=rootCA@localhost
  Signature Algorithm: SHA256withRSA, OID = 1.2.840.113549.1.1.11

  Key:  Sun RSA public key, 2048 bits
  params: null
  modulus: 19779254695217150296530634115219726980689300793421766080805954298893138793975436366156054210612741914356222102832624454857616523662023649804023504764444985662753669873147150181648452654634343354347990968440391459180139343089053987260933180524970023642773545540585114552931619537012152077725145008311249378078124720104554600294881157782470515056038042012103284666996208004714110732801789463477029972751166298802734290262830331232410349371308045540959668738657190604144831946109816899728352643893156189613275705485725772066526446406877553008466081962228740068087296137145769687053025431991872197671684929535007528853173
  public exponent: 65537
  Validity: [From: Wed Aug 23 22:11:02 UTC 2023,
               To: Sat Sep 30 22:11:02 UTC 2028]
  Issuer: O=cluster1, OU=scm1, CN=rootCA@localhost
  SerialNumber: [    01]

Certificate Extensions: 2
[1]: ObjectId: 2.5.29.19 Criticality=true
BasicConstraints:[
  CA:true
  PathLen:2147483647
]

[2]: ObjectId: 2.5.29.15 Criticality=true
KeyUsage [
  Key_CertSign
  Crl_Sign
]

]
  Algorithm: [SHA256withRSA]
  Signature:
0000: 3D D4 53 2A BB A4 D9 15   ED 0B AB FE 31 4E 89 DC  =.S*........1N..
0010: 2B A7 0D DE 86 A7 05 8D   61 9C EE D9 24 DE 7E 0C  +.......a...$...
0020: 07 68 DD 61 09 D5 E9 91   E5 DA 73 2A F6 9C E0 72  .h.a......s*...r
0030: 45 A4 ED FE 8D F0 09 50   2B 0E 75 60 3F B2 26 0A  E......P+.u`?.&.
0040: 4A 0C C5 FE CB C7 B5 E7   59 9D 45 51 4A 9E C8 BB  J.......Y.EQJ...
0050: 69 0F 9E 42 8A 3F 06 7F   11 D5 56 7D 94 8A 96 66  i..B.?....V....f
0060: 63 F7 F5 BD B5 28 5B 77   F7 98 15 EA 12 D2 61 10  c....([w......a.
0070: 78 73 1D 9A 02 BC FE 7B   76 AB E8 F2 8E 53 71 F0  xs......v....Sq.
0080: 41 0E AD 6A C0 0F E7 41   4B 42 27 47 D1 39 4E 7F  A..j...AKB'G.9N.
0090: E8 EF 9E 30 9D D9 88 96   BA 2A 87 A5 39 65 BB 6A  ...0.....*..9e.j
00A0: CE 6D 43 59 AC 3B 00 96   BE E5 92 10 C0 2F 93 6D  .mCY.;......./.m
00B0: E6 9B BD 07 90 B3 D7 C5   0A 20 7E 33 50 E6 59 AD  ......... .3P.Y.
00C0: 6D A7 7B AE C9 D1 5B BE   E6 92 6F 82 DE 5D 75 22  m.....[...o..]u"
00D0: 6E 59 87 FC 70 07 3F 43   7E 9C 2F 26 A4 72 CB 51  nY..p.?C../&.r.Q
00E0: D5 9D 17 25 08 95 3C 75   F1 F4 AD B2 A0 B3 7D ED  ...%..<u........
00F0: 4F CD 58 76 E0 CC EE 03   F4 3A A7 1A 36 55 16 B3  O.Xv.....:..6U..

]
2023-08-23 22:11:02,071 [Time-limited test] INFO  ssl.ReloadingX509KeyManager (ReloadingX509KeyManager.java:loadKeyManager(222)) - Key manager is loaded with certificate chain
2023-08-23 22:11:02,072 [Time-limited test] INFO  ssl.ReloadingX509KeyManager (ReloadingX509KeyManager.java:loadKeyManager(224)) - [
[
  Version: V3
  Subject: O=cluster1, OU=scm1, CN=localhost
  Signature Algorithm: SHA256withRSA, OID = 1.2.840.113549.1.1.11

  Key:  Sun RSA public key, 2048 bits
  params: null
  modulus: 22232890267984069979155031167066169436081911026381082008408498793839767446719842510364311249586589045577109249868059840343158431575771690001055361867067158905950154590654487270113589107715715462169891589509148823759709499904190556609809328732237437591443806477320976735590027350681256581898006251849839402931238349661195823973010547433558028010782952150422967944274703727485313519396807926659640729187487115702528446223632938748884549721622317711974791378335038002836893491290925422521373572949688035164552788213491723775839025398051158740865239114764997143572131766919764584817132271190542185138663497705270280685661
  public exponent: 65537
  Validity: [From: Wed Aug 23 22:11:02 UTC 2023,
               To: Thu Aug 22 22:11:02 UTC 2024]
  Issuer: O=cluster1, OU=scm1, CN=rootCA@localhost
  SerialNumber: [    0164fc01 f880]

Certificate Extensions: 1
[1]: ObjectId: 2.5.29.15 Criticality=true
KeyUsage [
  DigitalSignature
  Key_Encipherment
  Data_Encipherment
  Key_Agreement
]

]
  Algorithm: [SHA256withRSA]
  Signature:
0000: 44 41 2A D4 0E 62 06 22   0B 95 1F D2 EA EB 97 A6  DA*..b."........
0010: AA 2E 79 E1 47 56 9B F8   AA 56 7B F6 40 64 A1 98  ..y.GV...V..@d..
0020: 4D B4 17 D1 28 0B 83 37   41 D6 4E F6 86 46 C0 30  M...(..7A.N..F.0
0030: AA 8D 18 5C 56 9A D2 CD   16 71 D5 E5 60 75 7A 2A  ...\V....q..`uz*
0040: F5 F6 AC 11 29 7C 07 A6   D4 0B EE 18 25 C8 01 B1  ....).......%...
0050: 1C A9 F9 94 C9 42 76 2C   8C 65 F8 BB 80 28 DD A2  .....Bv,.e...(..
0060: 7C EE 06 8B 07 5A E0 0F   25 AB 93 EB 95 2B 3F B4  .....Z..%....+?.
0070: 9B E9 AD 55 E0 B3 EC 54   04 30 A1 66 C0 EB 25 74  ...U...T.0.f..%t
0080: ED A2 E7 A3 8E 80 8D 5D   F0 71 4C D5 24 6B 93 0E  .......].qL.$k..
0090: 68 7E 54 C6 07 8C 7F 45   35 2E 69 B5 24 0E 00 6B  h.T....E5.i.$..k
00A0: 5B 0F 94 64 BE 45 58 87   98 E5 96 E7 45 BC F0 A4  [..d.EX.....E...
00B0: 77 4D C5 99 76 B5 61 CE   67 CD 86 A1 74 BE 26 F7  wM..v.a.g...t.&.
00C0: B7 75 D7 BC BF EF A7 8F   33 B4 20 94 D3 78 22 E0  .u......3. ..x".
00D0: 56 1E 3E C8 52 CD 1D 4E   10 AB F0 1B B6 AC BB 91  V.>.R..N........
00E0: 61 95 CB F8 4D A2 10 DE   BA 3B D5 F8 AE 4E 7E 05  a...M....;...N..
00F0: F9 72 94 B8 CA FE 6F 8E   32 E9 47 A4 83 FF 33 C7  .r....o.2.G...3.

]
2023-08-23 22:11:02,072 [Time-limited test] INFO  ssl.ReloadingX509KeyManager (ReloadingX509KeyManager.java:loadKeyManager(224)) - [
[
  Version: V3
  Subject: O=cluster1, OU=scm1, CN=rootCA@localhost
  Signature Algorithm: SHA256withRSA, OID = 1.2.840.113549.1.1.11

  Key:  Sun RSA public key, 2048 bits
  params: null
  modulus: 19779254695217150296530634115219726980689300793421766080805954298893138793975436366156054210612741914356222102832624454857616523662023649804023504764444985662753669873147150181648452654634343354347990968440391459180139343089053987260933180524970023642773545540585114552931619537012152077725145008311249378078124720104554600294881157782470515056038042012103284666996208004714110732801789463477029972751166298802734290262830331232410349371308045540959668738657190604144831946109816899728352643893156189613275705485725772066526446406877553008466081962228740068087296137145769687053025431991872197671684929535007528853173
  public exponent: 65537
  Validity: [From: Wed Aug 23 22:11:02 UTC 2023,
               To: Sat Sep 30 22:11:02 UTC 2028]
  Issuer: O=cluster1, OU=scm1, CN=rootCA@localhost
  SerialNumber: [    01]

Certificate Extensions: 2
[1]: ObjectId: 2.5.29.19 Criticality=true
BasicConstraints:[
  CA:true
  PathLen:2147483647
]

[2]: ObjectId: 2.5.29.15 Criticality=true
KeyUsage [
  Key_CertSign
  Crl_Sign
]

]
  Algorithm: [SHA256withRSA]
  Signature:
0000: 3D D4 53 2A BB A4 D9 15   ED 0B AB FE 31 4E 89 DC  =.S*........1N..
0010: 2B A7 0D DE 86 A7 05 8D   61 9C EE D9 24 DE 7E 0C  +.......a...$...
0020: 07 68 DD 61 09 D5 E9 91   E5 DA 73 2A F6 9C E0 72  .h.a......s*...r
0030: 45 A4 ED FE 8D F0 09 50   2B 0E 75 60 3F B2 26 0A  E......P+.u`?.&.
0040: 4A 0C C5 FE CB C7 B5 E7   59 9D 45 51 4A 9E C8 BB  J.......Y.EQJ...
0050: 69 0F 9E 42 8A 3F 06 7F   11 D5 56 7D 94 8A 96 66  i..B.?....V....f
0060: 63 F7 F5 BD B5 28 5B 77   F7 98 15 EA 12 D2 61 10  c....([w......a.
0070: 78 73 1D 9A 02 BC FE 7B   76 AB E8 F2 8E 53 71 F0  xs......v....Sq.
0080: 41 0E AD 6A C0 0F E7 41   4B 42 27 47 D1 39 4E 7F  A..j...AKB'G.9N.
0090: E8 EF 9E 30 9D D9 88 96   BA 2A 87 A5 39 65 BB 6A  ...0.....*..9e.j
00A0: CE 6D 43 59 AC 3B 00 96   BE E5 92 10 C0 2F 93 6D  .mCY.;......./.m
00B0: E6 9B BD 07 90 B3 D7 C5   0A 20 7E 33 50 E6 59 AD  ......... .3P.Y.
00C0: 6D A7 7B AE C9 D1 5B BE   E6 92 6F 82 DE 5D 75 22  m.....[...o..]u"
00D0: 6E 59 87 FC 70 07 3F 43   7E 9C 2F 26 A4 72 CB 51  nY..p.?C../&.r.Q
00E0: D5 9D 17 25 08 95 3C 75   F1 F4 AD B2 A0 B3 7D ED  ...%..<u........
00F0: 4F CD 58 76 E0 CC EE 03   F4 3A A7 1A 36 55 16 B3  O.Xv.....:..6U..

]
2023-08-23 22:11:02,072 [Time-limited test] INFO  ssl.ReloadingX509TrustManager (ReloadingX509TrustManager.java:insertCertsToKeystore(188)) - Trust manager is loaded with certificates
2023-08-23 22:11:02,073 [Time-limited test] INFO  ssl.ReloadingX509TrustManager (ReloadingX509TrustManager.java:insertCertsToKeystore(192)) - [
[
  Version: V3
  Subject: O=cluster1, OU=scm1, CN=rootCA@localhost
  Signature Algorithm: SHA256withRSA, OID = 1.2.840.113549.1.1.11

  Key:  Sun RSA public key, 2048 bits
  params: null
  modulus: 19779254695217150296530634115219726980689300793421766080805954298893138793975436366156054210612741914356222102832624454857616523662023649804023504764444985662753669873147150181648452654634343354347990968440391459180139343089053987260933180524970023642773545540585114552931619537012152077725145008311249378078124720104554600294881157782470515056038042012103284666996208004714110732801789463477029972751166298802734290262830331232410349371308045540959668738657190604144831946109816899728352643893156189613275705485725772066526446406877553008466081962228740068087296137145769687053025431991872197671684929535007528853173
  public exponent: 65537
  Validity: [From: Wed Aug 23 22:11:02 UTC 2023,
               To: Sat Sep 30 22:11:02 UTC 2028]
  Issuer: O=cluster1, OU=scm1, CN=rootCA@localhost
  SerialNumber: [    01]

Certificate Extensions: 2
[1]: ObjectId: 2.5.29.19 Criticality=true
BasicConstraints:[
  CA:true
  PathLen:2147483647
]

[2]: ObjectId: 2.5.29.15 Criticality=true
KeyUsage [
  Key_CertSign
  Crl_Sign
]

]
  Algorithm: [SHA256withRSA]
  Signature:
0000: 3D D4 53 2A BB A4 D9 15   ED 0B AB FE 31 4E 89 DC  =.S*........1N..
0010: 2B A7 0D DE 86 A7 05 8D   61 9C EE D9 24 DE 7E 0C  +.......a...$...
0020: 07 68 DD 61 09 D5 E9 91   E5 DA 73 2A F6 9C E0 72  .h.a......s*...r
0030: 45 A4 ED FE 8D F0 09 50   2B 0E 75 60 3F B2 26 0A  E......P+.u`?.&.
0040: 4A 0C C5 FE CB C7 B5 E7   59 9D 45 51 4A 9E C8 BB  J.......Y.EQJ...
0050: 69 0F 9E 42 8A 3F 06 7F   11 D5 56 7D 94 8A 96 66  i..B.?....V....f
0060: 63 F7 F5 BD B5 28 5B 77   F7 98 15 EA 12 D2 61 10  c....([w......a.
0070: 78 73 1D 9A 02 BC FE 7B   76 AB E8 F2 8E 53 71 F0  xs......v....Sq.
0080: 41 0E AD 6A C0 0F E7 41   4B 42 27 47 D1 39 4E 7F  A..j...AKB'G.9N.
0090: E8 EF 9E 30 9D D9 88 96   BA 2A 87 A5 39 65 BB 6A  ...0.....*..9e.j
00A0: CE 6D 43 59 AC 3B 00 96   BE E5 92 10 C0 2F 93 6D  .mCY.;......./.m
00B0: E6 9B BD 07 90 B3 D7 C5   0A 20 7E 33 50 E6 59 AD  ......... .3P.Y.
00C0: 6D A7 7B AE C9 D1 5B BE   E6 92 6F 82 DE 5D 75 22  m.....[...o..]u"
00D0: 6E 59 87 FC 70 07 3F 43   7E 9C 2F 26 A4 72 CB 51  nY..p.?C../&.r.Q
00E0: D5 9D 17 25 08 95 3C 75   F1 F4 AD B2 A0 B3 7D ED  ...%..<u........
00F0: 4F CD 58 76 E0 CC EE 03   F4 3A A7 1A 36 55 16 B3  O.Xv.....:..6U..

]
2023-08-23 22:11:02,073 [Time-limited test] INFO  impl.MetricsSystemImpl (MetricsSystemImpl.java:init(158)) - OzoneManager metrics system started (again)
2023-08-23 22:11:02,084 [Time-limited test] INFO  om.OzoneManager (OzoneManager.java:start(1613)) - OzoneManager RPC server is listening at fv-az621-511.fpnbra3ad0zu1hpqauu4rsdf4e.cx.internal.cloudapp.net/10.1.0.14:1202
2023-08-23 22:11:02,084 [Time-limited test] INFO  ratis.OzoneManagerRatisServer (OzoneManagerRatisServer.java:start(558)) - Starting OzoneManagerRatisServer om1 at port 9872
2023-08-23 22:11:02,084 [om1-impl-thread1] INFO  storage.RaftStorageDirectory (RaftStorageDirectoryImpl.java:analyzeStorage(137)) - The storage directory /tmp/junit8445351575491426099/junit3035787464762649820/om-meta/ratis/bf265839-605b-3f16-9796-c5ba1605619e does not exist. Creating ...
2023-08-23 22:11:02,086 [om1-impl-thread1] INFO  storage.RaftStorageDirectory (RaftStorageDirectoryImpl.java:tryLock(231)) - Lock on /tmp/junit8445351575491426099/junit3035787464762649820/om-meta/ratis/bf265839-605b-3f16-9796-c5ba1605619e/in_use.lock acquired by nodename 9432@fv-az621-511
2023-08-23 22:11:02,087 [om1-impl-thread1] INFO  storage.RaftStorage (RaftStorageImpl.java:format(96)) - Storage directory /tmp/junit8445351575491426099/junit3035787464762649820/om-meta/ratis/bf265839-605b-3f16-9796-c5ba1605619e has been successfully formatted.
2023-08-23 22:11:02,087 [om1-impl-thread1] INFO  server.RaftServerConfigKeys (ConfUtils.java:logGet(46)) - raft.server.log.use.memory = false (default)
2023-08-23 22:11:02,087 [om1-impl-thread1] INFO  server.RaftServerConfigKeys (ConfUtils.java:logGet(46)) - raft.server.log.purge.gap = 1000000 (custom)
2023-08-23 22:11:02,087 [om1-impl-thread1] INFO  server.RaftServerConfigKeys (ConfUtils.java:logGet(46)) - raft.server.log.appender.buffer.byte-limit = 33554432 (custom)
2023-08-23 22:11:02,088 [om1-impl-thread1] INFO  server.RaftServerConfigKeys (ConfUtils.java:logGet(46)) - raft.server.log.statemachine.data.read.timeout = 1000ms (default)
2023-08-23 22:11:02,088 [om1-impl-thread1] INFO  server.RaftServerConfigKeys (ConfUtils.java:logGet(46)) - raft.server.log.purge.preservation.log.num = 0 (default)
2023-08-23 22:11:02,088 [om1-impl-thread1] INFO  server.RaftServerConfigKeys (ConfUtils.java:logGet(46)) - raft.server.log.segment.size.max = 4194304 (custom)
2023-08-23 22:11:02,088 [om1-impl-thread1] INFO  server.RaftServerConfigKeys (ConfUtils.java:logGet(46)) - raft.server.log.segment.cache.num.max = 2 (custom)
2023-08-23 22:11:02,088 [om1-impl-thread1] INFO  server.RaftServerConfigKeys (ConfUtils.java:logGet(46)) - raft.server.log.segment.cache.size.max = 200MB (=209715200) (default)
2023-08-23 22:11:02,088 [om1-impl-thread1] INFO  server.RaftServerConfigKeys (ConfUtils.java:logGet(46)) - raft.server.log.appender.buffer.byte-limit = 33554432 (custom)
2023-08-23 22:11:02,088 [om1-impl-thread1] INFO  segmented.SegmentedRaftLogWorker (SegmentedRaftLogWorker.java:<init>(188)) - new om1@group-C5BA1605619E-SegmentedRaftLogWorker for RaftStorageImpl:Storage Directory /tmp/junit8445351575491426099/junit3035787464762649820/om-meta/ratis/bf265839-605b-3f16-9796-c5ba1605619e
2023-08-23 22:11:02,088 [om1-impl-thread1] INFO  server.RaftServerConfigKeys (ConfUtils.java:logGet(46)) - raft.server.log.queue.byte-limit = 64MB (=67108864) (default)
2023-08-23 22:11:02,088 [om1-impl-thread1] INFO  server.RaftServerConfigKeys (ConfUtils.java:logGet(46)) - raft.server.log.queue.element-limit = 4096 (default)
2023-08-23 22:11:02,088 [om1-impl-thread1] INFO  server.RaftServerConfigKeys (ConfUtils.java:logGet(46)) - raft.server.log.segment.size.max = 4194304 (custom)
2023-08-23 22:11:02,088 [om1-impl-thread1] INFO  server.RaftServerConfigKeys (ConfUtils.java:logGet(46)) - raft.server.log.preallocated.size = 4194304 (custom)
2023-08-23 22:11:02,088 [om1-impl-thread1] INFO  server.RaftServerConfigKeys (ConfUtils.java:logGet(46)) - raft.server.log.force.sync.num = 128 (default)
2023-08-23 22:11:02,088 [om1-impl-thread1] INFO  server.RaftServerConfigKeys (ConfUtils.java:logGet(46)) - raft.server.log.statemachine.data.sync = true (default)
2023-08-23 22:11:02,088 [om1-impl-thread1] INFO  server.RaftServerConfigKeys (ConfUtils.java:logGet(46)) - raft.server.log.statemachine.data.sync.timeout = 10s (default)
2023-08-23 22:11:02,088 [om1-impl-thread1] INFO  server.RaftServerConfigKeys (ConfUtils.java:logGet(46)) - raft.server.log.statemachine.data.sync.timeout.retry = -1 (default)
2023-08-23 22:11:02,089 [om1-impl-thread1] INFO  server.RaftServerConfigKeys (ConfUtils.java:logGet(46)) - raft.server.log.write.buffer.size = 64KB (=65536) (default)
2023-08-23 22:11:02,089 [om1-impl-thread1] INFO  server.RaftServerConfigKeys (ConfUtils.java:logGet(46)) - raft.server.log.appender.buffer.byte-limit = 33554432 (custom)
2023-08-23 22:11:02,092 [om1-impl-thread1] INFO  server.RaftServerConfigKeys (ConfUtils.java:logGet(46)) - raft.server.log.unsafe-flush.enabled = false (default)
2023-08-23 22:11:02,092 [om1-impl-thread1] INFO  server.RaftServerConfigKeys (ConfUtils.java:logGet(46)) - raft.server.log.async-flush.enabled = false (default)
2023-08-23 22:11:02,092 [om1-impl-thread1] INFO  server.RaftServerConfigKeys (ConfUtils.java:logGet(46)) - raft.server.log.statemachine.data.caching.enabled = false (default)
2023-08-23 22:11:02,092 [om1-impl-thread1] INFO  segmented.SegmentedRaftLogWorker (SegmentedRaftLogWorker.java:lambda$new$0(135)) - om1@group-C5BA1605619E-SegmentedRaftLogWorker: flushIndex: setUnconditionally 0 -> -1
2023-08-23 22:11:02,092 [om1-impl-thread1] INFO  segmented.SegmentedRaftLogWorker (SegmentedRaftLogWorker.java:lambda$new$0(135)) - om1@group-C5BA1605619E-SegmentedRaftLogWorker: safeCacheEvictIndex: setUnconditionally 0 -> -1
2023-08-23 22:11:02,094 [om1-impl-thread1] INFO  server.RaftServer$Division (RaftServerImpl.java:start(342)) - om1@group-C5BA1605619E: start as a follower, conf=-1: peers:[om1|rpc:fv-az621-511.fpnbra3ad0zu1hpqauu4rsdf4e.cx.internal.cloudapp.net:9872|priority:0|startupRole:FOLLOWER]|listeners:[], old=null
2023-08-23 22:11:02,094 [om1-impl-thread1] INFO  server.RaftServer$Division (RaftServerImpl.java:setRole(329)) - om1@group-C5BA1605619E: changes role from      null to FOLLOWER at term 0 for startAsFollower
2023-08-23 22:11:02,095 [om1-impl-thread1] INFO  impl.RoleInfo (RoleInfo.java:updateAndGet(139)) - om1: start om1@group-C5BA1605619E-FollowerState
2023-08-23 22:11:02,095 [om1-impl-thread1] INFO  util.JmxRegister (JmxRegister.java:tryRegister(44)) - Successfully registered JMX Bean with object name Ratis:service=RaftServer,group=group-C5BA1605619E,id=om1
2023-08-23 22:11:02,095 [om1-impl-thread1] INFO  server.RaftServerConfigKeys (ConfUtils.java:logGet(46)) - raft.server.snapshot.auto.trigger.enabled = true (custom)
2023-08-23 22:11:02,095 [om1-impl-thread1] INFO  server.RaftServerConfigKeys (ConfUtils.java:logGet(46)) - raft.server.snapshot.auto.trigger.threshold = 400000 (default)
2023-08-23 22:11:02,095 [om1-impl-thread1] INFO  server.RaftServerConfigKeys (ConfUtils.java:logGet(46)) - raft.server.snapshot.retention.file.num = -1 (default)
2023-08-23 22:11:02,095 [om1-impl-thread1] INFO  server.RaftServerConfigKeys (ConfUtils.java:logGet(46)) - raft.server.log.purge.upto.snapshot.index = true (custom)
2023-08-23 22:11:02,096 [om1@group-C5BA1605619E-FollowerState] INFO  server.RaftServerConfigKeys (ConfUtils.java:logFallback(53)) - raft.server.rpc.first-election.timeout.min = 5s (fallback to raft.server.rpc.timeout.min)
2023-08-23 22:11:02,096 [om1@group-C5BA1605619E-FollowerState] INFO  server.RaftServerConfigKeys (ConfUtils.java:logFallback(53)) - raft.server.rpc.first-election.timeout.max = 5200ms (fallback to raft.server.rpc.timeout.max)
2023-08-23 22:11:02,096 [Time-limited test] INFO  server.RaftServer (RaftServerProxy.java:startImpl(400)) - om1: start RPC server
2023-08-23 22:11:02,099 [Time-limited test] INFO  server.GrpcService (GrpcService.java:startImpl(302)) - om1: GrpcService started, listening on 9872
2023-08-23 22:11:02,100 [Time-limited test] INFO  om.OzoneManager (OzoneManager.java:startSecretManager(1103)) - Starting OM delegation token secret manager
2023-08-23 22:11:02,100 [Time-limited test] INFO  security.OzoneDelegationTokenSecretManager (OzoneSecretManager.java:updateCurrentKey(175)) - Updating current master key for generating tokens. Cert id 1533236344960
2023-08-23 22:11:02,100 [JvmPauseMonitor7] INFO  util.JvmPauseMonitor (JvmPauseMonitor.java:run(103)) - JvmPauseMonitor-om1: Started
2023-08-23 22:11:02,101 [Time-limited test] INFO  om.OzoneManager (OzoneManager.java:start(1629)) - Version File has different layout version (6) than OM DB (null). That is expected if this OM has never been finalized to a newer layout version.
2023-08-23 22:11:02,101 [Thread[Thread-1694,5,FailOnTimeoutGroup]] INFO  security.OzoneDelegationTokenSecretManager (OzoneDelegationTokenSecretManager.java:run(636)) - Starting expired delegation token remover thread, tokenRemoverScanInterval=60 min(s)
2023-08-23 22:11:02,105 [Time-limited test] INFO  http.BaseHttpServer (BaseHttpServer.java:newHttpServer2BuilderForOzone(224)) - Starting Web-server for ozoneManager at: http://0.0.0.0:9874
2023-08-23 22:11:02,106 [Time-limited test] INFO  http.BaseHttpServer (BaseHttpServer.java:<init>(111)) - Hadoop Security Enabled: true Ozone Security Enabled: true Ozone HTTP Security Enabled: false 
2023-08-23 22:11:02,107 [Time-limited test] WARN  server.AuthenticationFilter (AuthenticationFilter.java:constructSecretProvider(240)) - Unable to initialize FileSignerSecretProvider, falling back to use random secrets. Reason: Could not read signature secret file: /home/runner/hadoop-http-auth-signature-secret
2023-08-23 22:11:02,108 [Time-limited test] INFO  http.HttpRequestLog (HttpRequestLog.java:getRequestLog(86)) - Http request log for http.requests.ozoneManager is not defined
2023-08-23 22:11:02,111 [Time-limited test] INFO  http.HttpServer2 (HttpServer2.java:addGlobalFilter(1031)) - Added global filter 'safety' (class=org.apache.hadoop.hdds.server.http.HttpServer2$QuotingInputFilter)
2023-08-23 22:11:02,112 [Time-limited test] INFO  http.HttpServer2 (HttpServer2.java:addFilter(1007)) - Added filter static_user_filter (class=org.apache.hadoop.http.lib.StaticUserWebFilter$StaticUserFilter) to context ozoneManager
2023-08-23 22:11:02,112 [Time-limited test] INFO  http.HttpServer2 (HttpServer2.java:addFilter(1015)) - Added filter static_user_filter (class=org.apache.hadoop.http.lib.StaticUserWebFilter$StaticUserFilter) to context logs
2023-08-23 22:11:02,112 [Time-limited test] INFO  http.HttpServer2 (HttpServer2.java:addFilter(1015)) - Added filter static_user_filter (class=org.apache.hadoop.http.lib.StaticUserWebFilter$StaticUserFilter) to context static
2023-08-23 22:11:02,113 [Time-limited test] INFO  http.BaseHttpServer (BaseHttpServer.java:<init>(190)) - HTTP server of ozoneManager uses base directory /tmp/junit8445351575491426099/junit3035787464762649820/om-meta/webserver
2023-08-23 22:11:02,113 [Time-limited test] INFO  http.HttpServer2 (HttpServer2.java:bindListener(1250)) - Jetty bound to port 9874
2023-08-23 22:11:02,114 [Time-limited test] INFO  server.Server (Server.java:doStart(375)) - jetty-9.4.51.v20230217; built: 2023-02-17T08:19:37.309Z; git: b45c405e4544384de066f814ed42ae3dceacdd49; jvm 1.8.0_382-b05
2023-08-23 22:11:02,115 [Time-limited test] INFO  server.session (DefaultSessionIdManager.java:doStart(334)) - DefaultSessionIdManager workerName=node0
2023-08-23 22:11:02,115 [Time-limited test] INFO  server.session (DefaultSessionIdManager.java:doStart(339)) - No SessionScavenger set, using defaults
2023-08-23 22:11:02,115 [Time-limited test] INFO  server.session (HouseKeeper.java:startScavenging(132)) - node0 Scavenging every 600000ms
2023-08-23 22:11:02,115 [Time-limited test] INFO  handler.ContextHandler (ContextHandler.java:doStart(921)) - Started o.e.j.s.ServletContextHandler@7b48b1ac{logs,/logs,file:///home/runner/work/ozone/ozone/hadoop-ozone/integration-test/target/log,AVAILABLE}
2023-08-23 22:11:02,116 [Time-limited test] INFO  handler.ContextHandler (ContextHandler.java:doStart(921)) - Started o.e.j.s.ServletContextHandler@4c067de2{static,/static,file:///home/runner/work/ozone/ozone/hadoop-ozone/integration-test/target/test-classes/webapps/static,AVAILABLE}
2023-08-23 22:11:02,122 [Time-limited test] INFO  handler.ContextHandler (ContextHandler.java:doStart(921)) - Started o.e.j.w.WebAppContext@44acb826{ozoneManager,/,file:///home/runner/work/ozone/ozone/hadoop-ozone/integration-test/target/test-classes/webapps/ozoneManager/,AVAILABLE}{file:/home/runner/work/ozone/ozone/hadoop-ozone/integration-test/target/test-classes/webapps/ozoneManager}
2023-08-23 22:11:02,124 [Time-limited test] INFO  server.AbstractConnector (AbstractConnector.java:doStart(333)) - Started ServerConnector@530f2e92{HTTP/1.1, (http/1.1)}{0.0.0.0:9874}
2023-08-23 22:11:02,124 [Time-limited test] INFO  server.Server (Server.java:doStart(415)) - Started @126700ms
2023-08-23 22:11:02,124 [Time-limited test] WARN  impl.MetricsSystemImpl (MetricsSystemImpl.java:register(279)) - Sink prometheus already exists!
2023-08-23 22:11:02,125 [Time-limited test] INFO  http.BaseHttpServer (BaseHttpServer.java:updateConnectorAddress(344)) - HTTP server of ozoneManager listening at http://0.0.0.0:9874
2023-08-23 22:11:02,125 [IPC Server Responder] INFO  ipc.Server (Server.java:run(1562)) - IPC Server Responder: starting
2023-08-23 22:11:02,125 [IPC Server listener on 1202] INFO  ipc.Server (Server.java:run(1402)) - IPC Server listener on 1202: starting
2023-08-23 22:11:02,137 [Time-limited test] INFO  om.OzoneManager (OzoneManager.java:startTrashEmptier(2081)) - Trash Interval set to 0. Files deleted won't move to trash
2023-08-23 22:11:02,144 [pool-519-thread-2] INFO  request.TgsRequest (TgsRequest.java:issueTicket(115)) - TGS_REQ ISSUE: authtime 1692828662143,om/fv-az621-511.fpnbra3ad0zu1hpqauu4rsdf4e.cx.internal.cloudapp.net for om/fv-az621-511.fpnbra3ad0zu1hpqauu4rsdf4e.cx.internal.cloudapp.net@EXAMPLE.COM
2023-08-23 22:11:02,154 [Socket Reader #1 for port 1202] INFO  ipc.Server (Server.java:saslProcess(2139)) - Auth successful for om/fv-az621-511.fpnbra3ad0zu1hpqauu4rsdf4e.cx.internal.cloudapp.net@EXAMPLE.COM (auth:KERBEROS) from fv-az621-511.fpnbra3ad0zu1hpqauu4rsdf4e.cx.internal.cloudapp.net:41607 / 10.1.0.14:41607
2023-08-23 22:11:04,166 [Time-limited test] INFO  retry.RetryInvocationHandler (RetryInvocationHandler.java:log(422)) - com.google.protobuf.ServiceException: org.apache.hadoop.ipc.RemoteException(org.apache.hadoop.ozone.om.exceptions.OMNotLeaderException): OM:om1 is not the leader. Could not determine the leader node.
	at org.apache.hadoop.ozone.om.OzoneManager.checkLeaderStatus(OzoneManager.java:3996)
	at org.apache.hadoop.ozone.om.ratis.utils.OzoneManagerRatisUtils.checkLeaderStatus(OzoneManagerRatisUtils.java:473)
	at org.apache.hadoop.ozone.protocolPB.OzoneManagerProtocolServerSideTranslatorPB.processRequest(OzoneManagerProtocolServerSideTranslatorPB.java:185)
	at org.apache.hadoop.hdds.server.OzoneProtocolMessageDispatcher.processRequest(OzoneProtocolMessageDispatcher.java:87)
	at org.apache.hadoop.ozone.protocolPB.OzoneManagerProtocolServerSideTranslatorPB.submitRequest(OzoneManagerProtocolServerSideTranslatorPB.java:148)
	at org.apache.hadoop.ozone.protocol.proto.OzoneManagerProtocolProtos$OzoneManagerService$2.callBlockingMethod(OzoneManagerProtocolProtos.java)
	at org.apache.hadoop.ipc.ProtobufRpcEngine$Server.processCall(ProtobufRpcEngine.java:484)
	at org.apache.hadoop.ipc.ProtobufRpcEngine2$Server$ProtoBufRpcInvoker.call(ProtobufRpcEngine2.java:595)
	at org.apache.hadoop.ipc.ProtobufRpcEngine2$Server$ProtoBufRpcInvoker.call(ProtobufRpcEngine2.java:573)
	at org.apache.hadoop.ipc.RPC$Server.call(RPC.java:1227)
	at org.apache.hadoop.ipc.Server$RpcCall.run(Server.java:1094)
	at org.apache.hadoop.ipc.Server$RpcCall.run(Server.java:1017)
	at java.security.AccessController.doPrivileged(Native Method)
	at javax.security.auth.Subject.doAs(Subject.java:422)
	at org.apache.hadoop.security.UserGroupInformation.doAs(UserGroupInformation.java:1899)
	at org.apache.hadoop.ipc.Server$Handler.run(Server.java:3048)
, while invoking $Proxy53.submitRequest over nodeId=null,nodeAddress=fv-az621-511.fpnbra3ad0zu1hpqauu4rsdf4e.cx.internal.cloudapp.net:1202 after 1 failover attempts. Trying to failover after sleeping for 4000ms. Current retry count: 1.
2023-08-23 22:11:07,214 [om1@group-C5BA1605619E-FollowerState] INFO  impl.FollowerState (FollowerState.java:run(143)) - om1@group-C5BA1605619E-FollowerState: change to CANDIDATE, lastRpcElapsedTime:5119396872ns, electionTimeout:5118ms
2023-08-23 22:11:07,214 [om1@group-C5BA1605619E-FollowerState] INFO  impl.RoleInfo (RoleInfo.java:shutdownFollowerState(110)) - om1: shutdown om1@group-C5BA1605619E-FollowerState
2023-08-23 22:11:07,214 [om1@group-C5BA1605619E-FollowerState] INFO  server.RaftServer$Division (RaftServerImpl.java:setRole(329)) - om1@group-C5BA1605619E: changes role from  FOLLOWER to CANDIDATE at term 0 for changeToCandidate
2023-08-23 22:11:07,214 [om1@group-C5BA1605619E-FollowerState] INFO  server.RaftServerConfigKeys (ConfUtils.java:logGet(46)) - raft.server.leaderelection.pre-vote = true (default)
2023-08-23 22:11:07,215 [om1@group-C5BA1605619E-FollowerState] INFO  impl.RoleInfo (RoleInfo.java:updateAndGet(139)) - om1: start om1@group-C5BA1605619E-LeaderElection4
2023-08-23 22:11:07,218 [om1@group-C5BA1605619E-LeaderElection4] INFO  impl.LeaderElection (LeaderElection.java:askForVotes(321)) - om1@group-C5BA1605619E-LeaderElection4 PRE_VOTE round 0: submit vote requests at term 0 for -1: peers:[om1|rpc:fv-az621-511.fpnbra3ad0zu1hpqauu4rsdf4e.cx.internal.cloudapp.net:9872|priority:0|startupRole:FOLLOWER]|listeners:[], old=null
2023-08-23 22:11:07,218 [om1@group-C5BA1605619E-LeaderElection4] INFO  impl.LeaderElection (LeaderElection.java:askForVotes(323)) - om1@group-C5BA1605619E-LeaderElection4 PRE_VOTE round 0: result PASSED (term=0)
2023-08-23 22:11:07,220 [om1@group-C5BA1605619E-LeaderElection4] INFO  impl.LeaderElection (LeaderElection.java:askForVotes(321)) - om1@group-C5BA1605619E-LeaderElection4 ELECTION round 0: submit vote requests at term 1 for -1: peers:[om1|rpc:fv-az621-511.fpnbra3ad0zu1hpqauu4rsdf4e.cx.internal.cloudapp.net:9872|priority:0|startupRole:FOLLOWER]|listeners:[], old=null
2023-08-23 22:11:07,220 [om1@group-C5BA1605619E-LeaderElection4] INFO  impl.LeaderElection (LeaderElection.java:askForVotes(323)) - om1@group-C5BA1605619E-LeaderElection4 ELECTION round 0: result PASSED (term=1)
2023-08-23 22:11:07,220 [om1@group-C5BA1605619E-LeaderElection4] INFO  impl.RoleInfo (RoleInfo.java:shutdownLeaderElection(130)) - om1: shutdown om1@group-C5BA1605619E-LeaderElection4
2023-08-23 22:11:07,220 [om1@group-C5BA1605619E-LeaderElection4] INFO  server.RaftServer$Division (RaftServerImpl.java:setRole(329)) - om1@group-C5BA1605619E: changes role from CANDIDATE to LEADER at term 1 for changeToLeader
2023-08-23 22:11:07,220 [om1@group-C5BA1605619E-LeaderElection4] INFO  server.RaftServer$Division (ServerState.java:setLeader(317)) - om1@group-C5BA1605619E: change Leader from null to om1 at term 1 for becomeLeader, leader elected after 5762ms
2023-08-23 22:11:07,220 [om1@group-C5BA1605619E-LeaderElection4] INFO  server.RaftServerConfigKeys (ConfUtils.java:logGet(46)) - raft.server.staging.catchup.gap = 1000 (default)
2023-08-23 22:11:07,220 [om1@group-C5BA1605619E-LeaderElection4] INFO  server.RaftServerConfigKeys (ConfUtils.java:logGet(46)) - raft.server.write.element-limit = 4096 (default)
2023-08-23 22:11:07,220 [om1@group-C5BA1605619E-LeaderElection4] INFO  server.RaftServerConfigKeys (ConfUtils.java:logGet(46)) - raft.server.write.byte-limit = 64MB (=67108864) (default)
2023-08-23 22:11:07,221 [om1@group-C5BA1605619E-LeaderElection4] INFO  server.RaftServerConfigKeys (ConfUtils.java:logGet(46)) - raft.server.watch.timeout = 10s (default)
2023-08-23 22:11:07,221 [om1@group-C5BA1605619E-LeaderElection4] INFO  server.RaftServerConfigKeys (ConfUtils.java:logGet(46)) - raft.server.watch.timeout.denomination = 1s (default)
2023-08-23 22:11:07,221 [om1@group-C5BA1605619E-LeaderElection4] INFO  server.RaftServerConfigKeys (ConfUtils.java:logGet(46)) - raft.server.watch.element-limit = 65536 (default)
2023-08-23 22:11:07,221 [om1@group-C5BA1605619E-LeaderElection4] INFO  server.RaftServerConfigKeys (ConfUtils.java:logGet(46)) - raft.server.write.element-limit = 4096 (default)
2023-08-23 22:11:07,221 [om1@group-C5BA1605619E-LeaderElection4] INFO  server.RaftServerConfigKeys (ConfUtils.java:logGet(46)) - raft.server.write.follower.gap.ratio.max = -1.0 (default)
2023-08-23 22:11:07,221 [om1@group-C5BA1605619E-LeaderElection4] INFO  impl.RoleInfo (RoleInfo.java:updateAndGet(139)) - om1: start om1@group-C5BA1605619E-LeaderStateImpl
2023-08-23 22:11:07,221 [om1@group-C5BA1605619E-LeaderElection4] INFO  segmented.SegmentedRaftLogWorker (SegmentedRaftLogWorker.java:startLogSegment(447)) - om1@group-C5BA1605619E-SegmentedRaftLogWorker: Starting segment from index:0
2023-08-23 22:11:07,223 [om1@group-C5BA1605619E-LeaderElection4] INFO  server.RaftServer$Division (ServerState.java:setRaftConf(434)) - om1@group-C5BA1605619E: set configuration 0: peers:[om1|rpc:fv-az621-511.fpnbra3ad0zu1hpqauu4rsdf4e.cx.internal.cloudapp.net:9872|admin:|client:|dataStream:|priority:0|startupRole:FOLLOWER]|listeners:[], old=null
2023-08-23 22:11:07,231 [om1@group-C5BA1605619E-SegmentedRaftLogWorker] INFO  segmented.SegmentedRaftLogWorker (SegmentedRaftLogWorker.java:execute(651)) - om1@group-C5BA1605619E-SegmentedRaftLogWorker: created new log segment /tmp/junit8445351575491426099/junit3035787464762649820/om-meta/ratis/bf265839-605b-3f16-9796-c5ba1605619e/current/log_inprogress_0
2023-08-23 22:11:07,233 [om1@group-C5BA1605619E-StateMachineUpdater] INFO  ratis.OzoneManagerStateMachine (OzoneManagerStateMachine.java:notifyConfigurationChanged(202)) - Received Configuration change notification from Ratis. New Peer list:
[id: "om1"
address: "fv-az621-511.fpnbra3ad0zu1hpqauu4rsdf4e.cx.internal.cloudapp.net:9872"
startupRole: FOLLOWER
]
22:11:09.191 [IPC Server handler 8 on default port 1202] ERROR OMAudit - user=om/fv-az621-511.fpnbra3ad0zu1hpqauu4rsdf4e.cx.internal.cloudapp.net@EXAMPLE.COM | ip=10.1.0.14 | op=RENEW_DELEGATION_TOKEN {kind=OzoneToken, service=fv-az621-511.fpnbra3ad0zu1hpqauu4rsdf4e.cx.internal.cloudapp.net:1202, renewer=om} | ret=FAILURE
org.apache.hadoop.ozone.om.exceptions.OMException: om tried to renew an expired token (OzoneToken owner=om/fv-az621-511.fpnbra3ad0zu1hpqauu4rsdf4e.cx.internal.cloudapp.net@EXAMPLE.COM, renewer=om, realUser=, issueDate=2023-08-23T22:11:08.169Z, maxDate=2023-08-23T22:11:09.169Z, sequenceNumber=1, masterKeyId=1, strToSign=null, signature=null, awsAccessKeyId=null, omServiceId=omServiceIdDefault, omCertSerialId=1533236344960) max expiration date: 2023-08-23 22:11:09,169+0000 currentTime: 2023-08-23 22:11:09,187+0000
	at org.apache.hadoop.ozone.security.OzoneDelegationTokenSecretManager.renewToken(OzoneDelegationTokenSecretManager.java:296) ~[ozone-manager-1.4.0-SNAPSHOT.jar:?]
	at org.apache.hadoop.ozone.om.OzoneManager.renewDelegationToken(OzoneManager.java:2367) ~[ozone-manager-1.4.0-SNAPSHOT.jar:?]
	at org.apache.hadoop.ozone.om.request.security.OMRenewDelegationTokenRequest.preExecute(OMRenewDelegationTokenRequest.java:85) ~[ozone-manager-1.4.0-SNAPSHOT.jar:?]
	at org.apache.hadoop.ozone.protocolPB.OzoneManagerProtocolServerSideTranslatorPB.processRequest(OzoneManagerProtocolServerSideTranslatorPB.java:193) ~[ozone-manager-1.4.0-SNAPSHOT.jar:?]
	at org.apache.hadoop.hdds.server.OzoneProtocolMessageDispatcher.processRequest(OzoneProtocolMessageDispatcher.java:87) [hdds-server-framework-1.4.0-SNAPSHOT.jar:?]
	at org.apache.hadoop.ozone.protocolPB.OzoneManagerProtocolServerSideTranslatorPB.submitRequest(OzoneManagerProtocolServerSideTranslatorPB.java:148) [ozone-manager-1.4.0-SNAPSHOT.jar:?]
	at org.apache.hadoop.ozone.protocol.proto.OzoneManagerProtocolProtos$OzoneManagerService$2.callBlockingMethod(OzoneManagerProtocolProtos.java) [ozone-interface-client-1.4.0-SNAPSHOT.jar:?]
	at org.apache.hadoop.ipc.ProtobufRpcEngine$Server.processCall(ProtobufRpcEngine.java:484) [hadoop-common-3.3.6.jar:?]
	at org.apache.hadoop.ipc.ProtobufRpcEngine2$Server$ProtoBufRpcInvoker.call(ProtobufRpcEngine2.java:595) [hadoop-common-3.3.6.jar:?]
	at org.apache.hadoop.ipc.ProtobufRpcEngine2$Server$ProtoBufRpcInvoker.call(ProtobufRpcEngine2.java:573) [hadoop-common-3.3.6.jar:?]
	at org.apache.hadoop.ipc.RPC$Server.call(RPC.java:1227) [hadoop-common-3.3.6.jar:?]
	at org.apache.hadoop.ipc.Server$RpcCall.run(Server.java:1094) [hadoop-common-3.3.6.jar:?]
	at org.apache.hadoop.ipc.Server$RpcCall.run(Server.java:1017) [hadoop-common-3.3.6.jar:?]
	at java.security.AccessController.doPrivileged(Native Method) ~[?:1.8.0_382]
	at javax.security.auth.Subject.doAs(Subject.java:422) [?:1.8.0_382]
	at org.apache.hadoop.security.UserGroupInformation.doAs(UserGroupInformation.java:1899) [hadoop-common-3.3.6.jar:?]
	at org.apache.hadoop.ipc.Server$Handler.run(Server.java:3048) [hadoop-common-3.3.6.jar:?]
2023-08-23 22:11:09,211 [IPC Server handler 11 on default port 1202] ERROR om.OzoneManager (OzoneManager.java:renewDelegationToken(2377)) - Delegation token renewal failed for dt id: OzoneToken owner=om/fv-az621-511.fpnbra3ad0zu1hpqauu4rsdf4e.cx.internal.cloudapp.net@EXAMPLE.COM, renewer=randomService, realUser=, issueDate=2023-08-23T22:11:09.203Z, maxDate=2023-08-23T22:11:10.203Z, sequenceNumber=2, masterKeyId=1, strToSign=null, signature=null, awsAccessKeyId=null, omServiceId=omServiceIdDefault, omCertSerialId=1533236344960, cause: om tries to renew a token (OzoneToken owner=om/fv-az621-511.fpnbra3ad0zu1hpqauu4rsdf4e.cx.internal.cloudapp.net@EXAMPLE.COM, renewer=randomService, realUser=, issueDate=2023-08-23T22:11:09.203Z, maxDate=2023-08-23T22:11:10.203Z, sequenceNumber=2, masterKeyId=1, strToSign=null, signature=null, awsAccessKeyId=null, omServiceId=omServiceIdDefault, omCertSerialId=1533236344960) with non-matching renewer randomService
22:11:09.253 [IPC Server handler 11 on default port 1202] ERROR OMAudit - user=om/fv-az621-511.fpnbra3ad0zu1hpqauu4rsdf4e.cx.internal.cloudapp.net@EXAMPLE.COM | ip=10.1.0.14 | op=RENEW_DELEGATION_TOKEN {kind=OzoneToken, service=fv-az621-511.fpnbra3ad0zu1hpqauu4rsdf4e.cx.internal.cloudapp.net:1202, renewer=randomService} | ret=FAILURE
org.apache.hadoop.ozone.om.exceptions.OMException: Delegation token renewal failed for dt: Kind: OzoneToken, Service: fv-az621-511.fpnbra3ad0zu1hpqauu4rsdf4e.cx.internal.cloudapp.net:1202, Ident: (OzoneToken owner=om/fv-az621-511.fpnbra3ad0zu1hpqauu4rsdf4e.cx.internal.cloudapp.net@EXAMPLE.COM, renewer=randomService, realUser=, issueDate=2023-08-23T22:11:09.203Z, maxDate=2023-08-23T22:11:10.203Z, sequenceNumber=2, masterKeyId=1, strToSign=null, signature=null, awsAccessKeyId=null, omServiceId=omServiceIdDefault, omCertSerialId=1533236344960)
	at org.apache.hadoop.ozone.om.OzoneManager.renewDelegationToken(OzoneManager.java:2379) ~[ozone-manager-1.4.0-SNAPSHOT.jar:?]
	at org.apache.hadoop.ozone.om.request.security.OMRenewDelegationTokenRequest.preExecute(OMRenewDelegationTokenRequest.java:85) ~[ozone-manager-1.4.0-SNAPSHOT.jar:?]
	at org.apache.hadoop.ozone.protocolPB.OzoneManagerProtocolServerSideTranslatorPB.processRequest(OzoneManagerProtocolServerSideTranslatorPB.java:193) ~[ozone-manager-1.4.0-SNAPSHOT.jar:?]
	at org.apache.hadoop.hdds.server.OzoneProtocolMessageDispatcher.processRequest(OzoneProtocolMessageDispatcher.java:87) [hdds-server-framework-1.4.0-SNAPSHOT.jar:?]
	at org.apache.hadoop.ozone.protocolPB.OzoneManagerProtocolServerSideTranslatorPB.submitRequest(OzoneManagerProtocolServerSideTranslatorPB.java:148) [ozone-manager-1.4.0-SNAPSHOT.jar:?]
	at org.apache.hadoop.ozone.protocol.proto.OzoneManagerProtocolProtos$OzoneManagerService$2.callBlockingMethod(OzoneManagerProtocolProtos.java) [ozone-interface-client-1.4.0-SNAPSHOT.jar:?]
	at org.apache.hadoop.ipc.ProtobufRpcEngine$Server.processCall(ProtobufRpcEngine.java:484) [hadoop-common-3.3.6.jar:?]
	at org.apache.hadoop.ipc.ProtobufRpcEngine2$Server$ProtoBufRpcInvoker.call(ProtobufRpcEngine2.java:595) [hadoop-common-3.3.6.jar:?]
	at org.apache.hadoop.ipc.ProtobufRpcEngine2$Server$ProtoBufRpcInvoker.call(ProtobufRpcEngine2.java:573) [hadoop-common-3.3.6.jar:?]
	at org.apache.hadoop.ipc.RPC$Server.call(RPC.java:1227) [hadoop-common-3.3.6.jar:?]
	at org.apache.hadoop.ipc.Server$RpcCall.run(Server.java:1094) [hadoop-common-3.3.6.jar:?]
	at org.apache.hadoop.ipc.Server$RpcCall.run(Server.java:1017) [hadoop-common-3.3.6.jar:?]
	at java.security.AccessController.doPrivileged(Native Method) ~[?:1.8.0_382]
	at javax.security.auth.Subject.doAs(Subject.java:422) [?:1.8.0_382]
	at org.apache.hadoop.security.UserGroupInformation.doAs(UserGroupInformation.java:1899) [hadoop-common-3.3.6.jar:?]
	at org.apache.hadoop.ipc.Server$Handler.run(Server.java:3048) [hadoop-common-3.3.6.jar:?]
Caused by: org.apache.hadoop.security.AccessControlException: om tries to renew a token (OzoneToken owner=om/fv-az621-511.fpnbra3ad0zu1hpqauu4rsdf4e.cx.internal.cloudapp.net@EXAMPLE.COM, renewer=randomService, realUser=, issueDate=2023-08-23T22:11:09.203Z, maxDate=2023-08-23T22:11:10.203Z, sequenceNumber=2, masterKeyId=1, strToSign=null, signature=null, awsAccessKeyId=null, omServiceId=omServiceIdDefault, omCertSerialId=1533236344960) with non-matching renewer randomService
	at org.apache.hadoop.ozone.security.OzoneDelegationTokenSecretManager.renewToken(OzoneDelegationTokenSecretManager.java:308) ~[ozone-manager-1.4.0-SNAPSHOT.jar:?]
	at org.apache.hadoop.ozone.om.OzoneManager.renewDelegationToken(OzoneManager.java:2367) ~[ozone-manager-1.4.0-SNAPSHOT.jar:?]
	... 15 more
2023-08-23 22:11:09,257 [IPC Server handler 10 on default port 1202] ERROR om.OzoneManager (OzoneManager.java:renewDelegationToken(2377)) - Delegation token renewal failed for dt id: OzoneToken owner=om/fv-az621-511.fpnbra3ad0zu1hpqauu4rsdf4e.cx.internal.cloudapp.net@EXAMPLE.COM, renewer=om, realUser=, issueDate=2023-08-23T22:11:08.169Z, maxDate=2077-04-14T20:22:18.510Z, sequenceNumber=1, masterKeyId=1, strToSign=null, signature=null, awsAccessKeyId=null, omServiceId=omServiceIdDefault, omCertSerialId=1533236344960, cause: token (OzoneToken owner=om/fv-az621-511.fpnbra3ad0zu1hpqauu4rsdf4e.cx.internal.cloudapp.net@EXAMPLE.COM, renewer=om, realUser=, issueDate=2023-08-23T22:11:08.169Z, maxDate=2077-04-14T20:22:18.510Z, sequenceNumber=1, masterKeyId=1, strToSign=null, signature=null, awsAccessKeyId=null, omServiceId=omServiceIdDefault, omCertSerialId=1533236344960) can't be found in cache
22:11:09.257 [IPC Server handler 10 on default port 1202] ERROR OMAudit - user=om/fv-az621-511.fpnbra3ad0zu1hpqauu4rsdf4e.cx.internal.cloudapp.net@EXAMPLE.COM | ip=10.1.0.14 | op=RENEW_DELEGATION_TOKEN {kind=OzoneToken, service=fv-az621-511.fpnbra3ad0zu1hpqauu4rsdf4e.cx.internal.cloudapp.net:1202, renewer=om} | ret=FAILURE
org.apache.hadoop.ozone.om.exceptions.OMException: Delegation token renewal failed for dt: Kind: OzoneToken, Service: fv-az621-511.fpnbra3ad0zu1hpqauu4rsdf4e.cx.internal.cloudapp.net:1202, Ident: (OzoneToken owner=om/fv-az621-511.fpnbra3ad0zu1hpqauu4rsdf4e.cx.internal.cloudapp.net@EXAMPLE.COM, renewer=om, realUser=, issueDate=2023-08-23T22:11:08.169Z, maxDate=2077-04-14T20:22:18.510Z, sequenceNumber=1, masterKeyId=1, strToSign=null, signature=null, awsAccessKeyId=null, omServiceId=omServiceIdDefault, omCertSerialId=1533236344960)
	at org.apache.hadoop.ozone.om.OzoneManager.renewDelegationToken(OzoneManager.java:2379) ~[ozone-manager-1.4.0-SNAPSHOT.jar:?]
	at org.apache.hadoop.ozone.om.request.security.OMRenewDelegationTokenRequest.preExecute(OMRenewDelegationTokenRequest.java:85) ~[ozone-manager-1.4.0-SNAPSHOT.jar:?]
	at org.apache.hadoop.ozone.protocolPB.OzoneManagerProtocolServerSideTranslatorPB.processRequest(OzoneManagerProtocolServerSideTranslatorPB.java:193) ~[ozone-manager-1.4.0-SNAPSHOT.jar:?]
	at org.apache.hadoop.hdds.server.OzoneProtocolMessageDispatcher.processRequest(OzoneProtocolMessageDispatcher.java:87) [hdds-server-framework-1.4.0-SNAPSHOT.jar:?]
	at org.apache.hadoop.ozone.protocolPB.OzoneManagerProtocolServerSideTranslatorPB.submitRequest(OzoneManagerProtocolServerSideTranslatorPB.java:148) [ozone-manager-1.4.0-SNAPSHOT.jar:?]
	at org.apache.hadoop.ozone.protocol.proto.OzoneManagerProtocolProtos$OzoneManagerService$2.callBlockingMethod(OzoneManagerProtocolProtos.java) [ozone-interface-client-1.4.0-SNAPSHOT.jar:?]
	at org.apache.hadoop.ipc.ProtobufRpcEngine$Server.processCall(ProtobufRpcEngine.java:484) [hadoop-common-3.3.6.jar:?]
	at org.apache.hadoop.ipc.ProtobufRpcEngine2$Server$ProtoBufRpcInvoker.call(ProtobufRpcEngine2.java:595) [hadoop-common-3.3.6.jar:?]
	at org.apache.hadoop.ipc.ProtobufRpcEngine2$Server$ProtoBufRpcInvoker.call(ProtobufRpcEngine2.java:573) [hadoop-common-3.3.6.jar:?]
	at org.apache.hadoop.ipc.RPC$Server.call(RPC.java:1227) [hadoop-common-3.3.6.jar:?]
	at org.apache.hadoop.ipc.Server$RpcCall.run(Server.java:1094) [hadoop-common-3.3.6.jar:?]
	at org.apache.hadoop.ipc.Server$RpcCall.run(Server.java:1017) [hadoop-common-3.3.6.jar:?]
	at java.security.AccessController.doPrivileged(Native Method) ~[?:1.8.0_382]
	at javax.security.auth.Subject.doAs(Subject.java:422) [?:1.8.0_382]
	at org.apache.hadoop.security.UserGroupInformation.doAs(UserGroupInformation.java:1899) [hadoop-common-3.3.6.jar:?]
	at org.apache.hadoop.ipc.Server$Handler.run(Server.java:3048) [hadoop-common-3.3.6.jar:?]
Caused by: org.apache.hadoop.security.token.SecretManager$InvalidToken: token (OzoneToken owner=om/fv-az621-511.fpnbra3ad0zu1hpqauu4rsdf4e.cx.internal.cloudapp.net@EXAMPLE.COM, renewer=om, realUser=, issueDate=2023-08-23T22:11:08.169Z, maxDate=2077-04-14T20:22:18.510Z, sequenceNumber=1, masterKeyId=1, strToSign=null, signature=null, awsAccessKeyId=null, omServiceId=omServiceIdDefault, omCertSerialId=1533236344960) can't be found in cache
	at org.apache.hadoop.ozone.security.OzoneDelegationTokenSecretManager.validateToken(OzoneDelegationTokenSecretManager.java:432) ~[ozone-manager-1.4.0-SNAPSHOT.jar:?]
	at org.apache.hadoop.ozone.security.OzoneDelegationTokenSecretManager.renewToken(OzoneDelegationTokenSecretManager.java:301) ~[ozone-manager-1.4.0-SNAPSHOT.jar:?]
	at org.apache.hadoop.ozone.om.OzoneManager.renewDelegationToken(OzoneManager.java:2367) ~[ozone-manager-1.4.0-SNAPSHOT.jar:?]
	... 15 more
2023-08-23 22:11:09,258 [Time-limited test] INFO  om.OzoneManager (OzoneManager.java:stop(2187)) - om1[fv-az621-511.fpnbra3ad0zu1hpqauu4rsdf4e.cx.internal.cloudapp.net:1202]: Stopping Ozone Manager
2023-08-23 22:11:09,259 [Time-limited test] INFO  ipc.Server (Server.java:stop(3523)) - Stopping server on 1202
2023-08-23 22:11:09,264 [IPC Server Responder] INFO  ipc.Server (Server.java:run(1567)) - Stopping IPC Server Responder
2023-08-23 22:11:09,264 [IPC Server listener on 1202] INFO  ipc.Server (Server.java:run(1434)) - Stopping IPC Server listener on 1202
2023-08-23 22:11:09,266 [Time-limited test] INFO  server.RaftServer (RaftServerProxy.java:lambda$close$6(416)) - om1: close
2023-08-23 22:11:09,266 [Time-limited test] INFO  server.GrpcService (GrpcService.java:closeImpl(311)) - om1: shutdown server GrpcServerProtocolService now
2023-08-23 22:11:09,266 [om1-impl-thread1] INFO  server.RaftServer$Division (RaftServerImpl.java:lambda$close$4(466)) - om1@group-C5BA1605619E: shutdown
2023-08-23 22:11:09,267 [om1-impl-thread1] INFO  util.JmxRegister (JmxRegister.java:unregister(73)) - Successfully un-registered JMX Bean with object name Ratis:service=RaftServer,group=group-C5BA1605619E,id=om1
2023-08-23 22:11:09,267 [om1-impl-thread1] INFO  impl.RoleInfo (RoleInfo.java:shutdownLeaderState(93)) - om1: shutdown om1@group-C5BA1605619E-LeaderStateImpl
2023-08-23 22:11:09,267 [om1-impl-thread1] INFO  impl.PendingRequests (PendingRequests.java:sendNotLeaderResponses(289)) - om1@group-C5BA1605619E-PendingRequests: sendNotLeaderResponses
2023-08-23 22:11:09,269 [om1-impl-thread1] INFO  impl.StateMachineUpdater (StateMachineUpdater.java:stopAndJoin(155)) - om1@group-C5BA1605619E-StateMachineUpdater: set stopIndex = 6
2023-08-23 22:11:09,269 [om1@group-C5BA1605619E-StateMachineUpdater] INFO  ratis.OzoneManagerStateMachine (OzoneManagerStateMachine.java:takeSnapshot(480)) - Current Snapshot Index (t:1, i:6)
2023-08-23 22:11:09,269 [Time-limited test] INFO  server.GrpcService (GrpcService.java:closeImpl(320)) - om1: shutdown server GrpcServerProtocolService successfully
2023-08-23 22:11:09,281 [om1@group-C5BA1605619E-StateMachineUpdater] INFO  impl.StateMachineUpdater (StateMachineUpdater.java:takeSnapshot(291)) - om1@group-C5BA1605619E-StateMachineUpdater: Took a snapshot at index 6
2023-08-23 22:11:09,281 [om1@group-C5BA1605619E-StateMachineUpdater] INFO  impl.StateMachineUpdater (StateMachineUpdater.java:lambda$new$0(97)) - om1@group-C5BA1605619E-StateMachineUpdater: snapshotIndex: updateIncreasingly -1 -> 6
2023-08-23 22:11:09,281 [om1@group-C5BA1605619E-StateMachineUpdater] INFO  ratis.OzoneManagerStateMachine (OzoneManagerStateMachine.java:close(534)) - StateMachine has shutdown. Shutdown OzoneManager if not already shutdown.
2023-08-23 22:11:09,281 [om1@group-C5BA1605619E-StateMachineUpdater] INFO  ratis.OzoneManagerDoubleBuffer (OzoneManagerDoubleBuffer.java:stopDaemon(551)) - Stopping OMDoubleBuffer flush thread
2023-08-23 22:11:09,281 [OMDoubleBufferFlushThread] INFO  ratis.OzoneManagerDoubleBuffer (OzoneManagerDoubleBuffer.java:canFlush(638)) - OMDoubleBuffer flush thread OMDoubleBufferFlushThread is interrupted and will exit.
2023-08-23 22:11:09,281 [om1-impl-thread1] INFO  server.RaftServer$Division (ServerState.java:close(472)) - om1@group-C5BA1605619E: closes. applyIndex: 6
2023-08-23 22:11:10,210 [om1-impl-thread1] INFO  segmented.SegmentedRaftLogWorker (SegmentedRaftLogWorker.java:close(252)) - om1@group-C5BA1605619E-SegmentedRaftLogWorker close()
2023-08-23 22:11:10,210 [JvmPauseMonitor7] INFO  util.JvmPauseMonitor (JvmPauseMonitor.java:run(109)) - JvmPauseMonitor-om1: Stopped
2023-08-23 22:11:10,211 [Time-limited test] INFO  ratis.OzoneManagerStateMachine (OzoneManagerStateMachine.java:close(534)) - StateMachine has shutdown. Shutdown OzoneManager if not already shutdown.
2023-08-23 22:11:10,211 [Time-limited test] INFO  ratis.OzoneManagerDoubleBuffer (OzoneManagerDoubleBuffer.java:stopDaemon(560)) - OMDoubleBuffer flush thread is not running.
2023-08-23 22:11:10,211 [Time-limited test] INFO  utils.BackgroundService (BackgroundService.java:shutdown(141)) - Shutting down service KeyDeletingService
2023-08-23 22:11:10,211 [Time-limited test] INFO  utils.BackgroundService (BackgroundService.java:shutdown(141)) - Shutting down service KeyDeletingService
2023-08-23 22:11:10,213 [Time-limited test] INFO  utils.BackgroundService (BackgroundService.java:shutdown(141)) - Shutting down service OpenKeyCleanupService
2023-08-23 22:11:10,214 [Time-limited test] INFO  utils.BackgroundService (BackgroundService.java:shutdown(141)) - Shutting down service SstFilteringService
2023-08-23 22:11:10,214 [Time-limited test] INFO  utils.BackgroundService (BackgroundService.java:shutdown(141)) - Shutting down service SnapshotDeletingService
2023-08-23 22:11:10,214 [Time-limited test] INFO  om.OzoneManager (OzoneManager.java:stopSecretManager(1063)) - Stopping secret key client.
2023-08-23 22:11:10,214 [Time-limited test] INFO  om.OzoneManager (OzoneManager.java:stopSecretManager(1068)) - Stopping OM delegation token secret manager.
2023-08-23 22:11:10,215 [Thread[Thread-1694,5,FailOnTimeoutGroup]] INFO  security.OzoneDelegationTokenSecretManager (OzoneDelegationTokenSecretManager.java:run(653)) - ExpiredTokenRemover was interrupted.
java.lang.InterruptedException: sleep interrupted
	at java.lang.Thread.sleep(Native Method)
	at org.apache.hadoop.ozone.security.OzoneDelegationTokenSecretManager$ExpiredTokenRemover.run(OzoneDelegationTokenSecretManager.java:649)
	at java.lang.Thread.run(Thread.java:750)
2023-08-23 22:11:10,215 [Time-limited test] INFO  handler.ContextHandler (ContextHandler.java:doStop(1159)) - Stopped o.e.j.w.WebAppContext@44acb826{ozoneManager,/,null,STOPPED}{file:/home/runner/work/ozone/ozone/hadoop-ozone/integration-test/target/test-classes/webapps/ozoneManager}
2023-08-23 22:11:10,216 [Time-limited test] INFO  server.AbstractConnector (AbstractConnector.java:doStop(383)) - Stopped ServerConnector@530f2e92{HTTP/1.1, (http/1.1)}{0.0.0.0:9874}
2023-08-23 22:11:10,216 [Time-limited test] INFO  server.session (HouseKeeper.java:stopScavenging(149)) - node0 Stopped scavenging
2023-08-23 22:11:10,216 [Time-limited test] INFO  handler.ContextHandler (ContextHandler.java:doStop(1159)) - Stopped o.e.j.s.ServletContextHandler@4c067de2{static,/static,file:///home/runner/work/ozone/ozone/hadoop-ozone/integration-test/target/test-classes/webapps/static,STOPPED}
2023-08-23 22:11:10,216 [Time-limited test] INFO  handler.ContextHandler (ContextHandler.java:doStop(1159)) - Stopped o.e.j.s.ServletContextHandler@7b48b1ac{logs,/logs,file:///home/runner/work/ozone/ozone/hadoop-ozone/integration-test/target/log,STOPPED}
2023-08-23 22:11:10,217 [Time-limited test] INFO  rocksdiff.RocksDBCheckpointDiffer (RocksDBCheckpointDiffer.java:close(340)) - Shutting down CompactionDagPruningService.
2023-08-23 22:11:10,218 [Time-limited test] INFO  snapshot.SnapshotDiffManager (SnapshotDiffManager.java:closeExecutorService(1720)) - Shutting down executorService: 'SnapDiffExecutor'
2023-08-23 22:11:10,218 [Time-limited test] INFO  snapshot.SnapshotDiffManager (SnapshotDiffManager.java:closeExecutorService(1720)) - Shutting down executorService: 'SstDumpToolExecutor'
2023-08-23 22:11:10,218 [Time-limited test] INFO  utils.BackgroundService (BackgroundService.java:shutdown(141)) - Shutting down service SnapshotDiffCleanupService
2023-08-23 22:11:10,219 [Time-limited test] INFO  impl.DefaultInternalKdcServerImpl (DefaultInternalKdcServerImpl.java:doStop(102)) - Default Internal kdc server stopped.
2023-08-23 22:11:11,220 [Time-limited test] INFO  minikdc.MiniKdc (MiniKdc.java:stop(359)) - MiniKdc stopped.
2023-08-23 22:11:11,220 [Time-limited test] INFO  om.OzoneManager (OzoneManager.java:stop(2187)) - om1[fv-az621-511.fpnbra3ad0zu1hpqauu4rsdf4e.cx.internal.cloudapp.net:1202]: Stopping Ozone Manager
]]></system-out>
  </testcase>
  <testcase name="testSecureScmStartupFailure" classname="org.apache.hadoop.ozone.TestSecureOzoneCluster" time="1.882">
    <system-out><![CDATA[2023-08-23 22:11:11,238 [Time-limited test] INFO  net.ServerSocketUtil (ServerSocketUtil.java:getPort(55)) - Using port 9860
2023-08-23 22:11:11,238 [Time-limited test] INFO  net.ServerSocketUtil (ServerSocketUtil.java:getPort(55)) - Using port 9861
2023-08-23 22:11:11,238 [Time-limited test] INFO  net.ServerSocketUtil (ServerSocketUtil.java:getPort(55)) - Using port 9863
2023-08-23 22:11:11,238 [Time-limited test] INFO  net.ServerSocketUtil (ServerSocketUtil.java:getPort(55)) - Using port 9961
2023-08-23 22:11:11,238 [Time-limited test] INFO  net.ServerSocketUtil (ServerSocketUtil.java:getPort(55)) - Using port 1200
2023-08-23 22:11:11,238 [Time-limited test] INFO  net.ServerSocketUtil (ServerSocketUtil.java:getPort(55)) - Using port 1201
2023-08-23 22:11:11,238 [Time-limited test] INFO  minikdc.MiniKdc (MiniKdc.java:<init>(225)) - Configuration:
2023-08-23 22:11:11,238 [Time-limited test] INFO  minikdc.MiniKdc (MiniKdc.java:<init>(226)) - ---------------------------------------------------------------
2023-08-23 22:11:11,238 [Time-limited test] INFO  minikdc.MiniKdc (MiniKdc.java:<init>(228)) -   debug: false
2023-08-23 22:11:11,238 [Time-limited test] INFO  minikdc.MiniKdc (MiniKdc.java:<init>(228)) -   transport: TCP
2023-08-23 22:11:11,238 [Time-limited test] INFO  minikdc.MiniKdc (MiniKdc.java:<init>(228)) -   max.ticket.lifetime: 86400000
2023-08-23 22:11:11,239 [Time-limited test] INFO  minikdc.MiniKdc (MiniKdc.java:<init>(228)) -   org.name: EXAMPLE
2023-08-23 22:11:11,239 [Time-limited test] INFO  minikdc.MiniKdc (MiniKdc.java:<init>(228)) -   kdc.port: 0
2023-08-23 22:11:11,239 [Time-limited test] INFO  minikdc.MiniKdc (MiniKdc.java:<init>(228)) -   org.domain: COM
2023-08-23 22:11:11,239 [Time-limited test] INFO  minikdc.MiniKdc (MiniKdc.java:<init>(228)) -   max.renewable.lifetime: 604800000
2023-08-23 22:11:11,239 [Time-limited test] INFO  minikdc.MiniKdc (MiniKdc.java:<init>(228)) -   instance: DefaultKrbServer
2023-08-23 22:11:11,239 [Time-limited test] INFO  minikdc.MiniKdc (MiniKdc.java:<init>(228)) -   kdc.bind.address: localhost
2023-08-23 22:11:11,239 [Time-limited test] INFO  minikdc.MiniKdc (MiniKdc.java:<init>(230)) - ---------------------------------------------------------------
2023-08-23 22:11:11,240 [Time-limited test] INFO  minikdc.MiniKdc (MiniKdc.java:start(285)) - MiniKdc started.
2023-08-23 22:11:11,450 [Time-limited test] INFO  om.OzoneManager (OzoneManager.java:getOmDetailsProto(4552)) - OzoneManager ports added:[name: "RPC"
value: 1202
]
2023-08-23 22:11:11,451 [Time-limited test] WARN  server.ServerUtils (ServerUtils.java:getScmDbDir(155)) - ozone.scm.db.dirs is not configured. We recommend adding this setting. Falling back to ozone.metadata.dirs instead.
2023-08-23 22:11:11,451 [Time-limited test] INFO  ha.HASecurityUtils (HASecurityUtils.java:initializeSecurity(98)) - Initializing secure StorageContainerManager.
2023-08-23 22:11:11,452 [Time-limited test] INFO  client.SCMCertificateClient (DefaultCertificateClient.java:updateCertSerialId(1244)) - Certificate serial ID set to null
2023-08-23 22:11:11,452 [Time-limited test] ERROR client.SCMCertificateClient (DefaultCertificateClient.java:getCertPath(362)) - Default certificate serial id is not set. Can't locate the default certificate for this client.
2023-08-23 22:11:11,452 [Time-limited test] INFO  client.SCMCertificateClient (DefaultCertificateClient.java:init(715)) - Certificate client init case: 0
2023-08-23 22:11:11,452 [Time-limited test] INFO  client.SCMCertificateClient (SCMCertificateClient.java:handleCase(103)) - Creating keypair for client as keypair and certificate not found.
2023-08-23 22:11:11,548 [Time-limited test] INFO  ha.HASecurityUtils (HASecurityUtils.java:initializeSecurity(108)) - Init response: GETCERT
2023-08-23 22:11:12,081 [Time-limited test] INFO  ozone.OzoneSecurityUtil (OzoneSecurityUtil.java:getValidInetsForCurrentHost(119)) - ip:fe80:0:0:0:20d:3aff:fed9:fc2e%eth0 not returned.
2023-08-23 22:11:12,082 [Time-limited test] INFO  ozone.OzoneSecurityUtil (OzoneSecurityUtil.java:getValidInetsForCurrentHost(116)) - Adding ip:10.1.0.14,host:fv-az621-511.fpnbra3ad0zu1hpqauu4rsdf4e.cx.internal.cloudapp.net
2023-08-23 22:11:12,082 [Time-limited test] INFO  ozone.OzoneSecurityUtil (OzoneSecurityUtil.java:getValidInetsForCurrentHost(119)) - ip:0:0:0:0:0:0:0:1%lo not returned.
2023-08-23 22:11:12,082 [Time-limited test] INFO  ozone.OzoneSecurityUtil (OzoneSecurityUtil.java:getValidInetsForCurrentHost(119)) - ip:127.0.0.1 not returned.
2023-08-23 22:11:12,084 [Time-limited test] INFO  utils.SelfSignedCertificate (SelfSignedCertificate.java:generateCertificate(157)) - Certificate 1 is issued by CN=scm-1@fv-az621-511,OU=6c2638bd-51ec-4090-be0e-0a84b2ae3c72,O=391c3335-44bd-409a-a1de-ac6464b120fd to CN=scm-1@fv-az621-511,OU=6c2638bd-51ec-4090-be0e-0a84b2ae3c72,O=391c3335-44bd-409a-a1de-ac6464b120fd, valid from Wed Aug 23 22:11:12 UTC 2023 to Sat Sep 30 22:11:12 UTC 2028
2023-08-23 22:11:12,085 [Time-limited test] INFO  utils.CertificateCodec (CertificateCodec.java:writeCertificate(299)) - Save certificate to /tmp/junit709574812444518804/junit6080887125352399767/scm-meta/scm/ca/certs/certificate.crt
2023-08-23 22:11:12,085 [Time-limited test] INFO  utils.CertificateCodec (CertificateCodec.java:writeCertificate(300)) - Certificate -----BEGIN CERTIFICATE-----
MIID5zCCAs+gAwIBAgIBATANBgkqhkiG9w0BAQsFADB7MRswGQYDVQQDDBJzY20t
MUBmdi1hejYyMS01MTExLTArBgNVBAsMJDZjMjYzOGJkLTUxZWMtNDA5MC1iZTBl
LTBhODRiMmFlM2M3MjEtMCsGA1UECgwkMzkxYzMzMzUtNDRiZC00MDlhLWExZGUt
YWM2NDY0YjEyMGZkMB4XDTIzMDgyMzIyMTExMloXDTI4MDkzMDIyMTExMlowezEb
MBkGA1UEAwwSc2NtLTFAZnYtYXo2MjEtNTExMS0wKwYDVQQLDCQ2YzI2MzhiZC01
MWVjLTQwOTAtYmUwZS0wYTg0YjJhZTNjNzIxLTArBgNVBAoMJDM5MWMzMzM1LTQ0
YmQtNDA5YS1hMWRlLWFjNjQ2NGIxMjBmZDCCASIwDQYJKoZIhvcNAQEBBQADggEP
ADCCAQoCggEBAJkCMtLRJgXf2CATD/yVKJXoj6GgeCAAR7sFks9RyJhdeHKUVKMw
RzOUfaefn0CpJ0OwQcgfBlWSsgFGOFnXTAVaLbSnc10VdPxExJsyPyO98UcYqmOB
+ZYAF6Wz2LB4ESVWffeCPTtV8EJeK70u4QxyQWh/9jN+7iv9EkCtB54fXu03HHcW
mJqZh0Iioli2pTgTGBXyFLvV9Mwpey/N+KJi0SiFNSauPY9jD4T2mI3cv5FOdSs8
hTx6L6LKjLjf5zUAKPvrYS95ei/jE2eVhx/BpFhgM03tWcS81mX8K1zwjEGUMP15
9ZugLBs91ZG9dVBU5EH2Uu3lP7a68ko2E8sCAwEAAaN2MHQwDwYDVR0TAQH/BAUw
AwEB/zAOBgNVHQ8BAf8EBAMCAQYwUQYDVR0RBEowSIcECgEADoJAZnYtYXo2MjEt
NTExLmZwbmJyYTNhZDB6dTFocHFhdXU0cnNkZjRlLmN4LmludGVybmFsLmNsb3Vk
YXBwLm5ldDANBgkqhkiG9w0BAQsFAAOCAQEAOGEhmpXBU5QFY5uXPLgewzjC72Li
Z/o7326hhszRA15D1tRAC3yFkwK9qljHkTquIbxtnLmRX3NAJdQGkpZb68/zWD4F
qHPveWxP0UVcdTy/yYdpoEBedyEcl+RQrhYc9DpzThKm0HmlujlfK/QKeCZUyZBD
gXyukKfp4A9Q7p30RHDvv3mx2EOs1EVzKZO0aoFo9eponMZiDQSwknbrrAvxxtZK
99kN/H+vBYBlpYb2hPHjCuQ/EphCA3lkFsft0RFyTNIg7Bjzg7kKjwVODpWOhvBI
VaOvFDFQWv5Q4ZraAzMJihMRoqZ7XDqFLxeihaN3r06OyqnuLxQ3MzYJig==
-----END CERTIFICATE-----

2023-08-23 22:11:12,086 [Time-limited test] INFO  client.SCMCertificateClient (SCMCertificateClient.java:getCSRBuilder(165)) - Creating csr for SCM->hostName:fv-az621-511,scmId:6c2638bd-51ec-4090-be0e-0a84b2ae3c72,clusterId:391c3335-44bd-409a-a1de-ac6464b120fd,subject:scm-sub-1543254729754@fv-az621-511
2023-08-23 22:11:12,086 [Time-limited test] INFO  ozone.OzoneSecurityUtil (OzoneSecurityUtil.java:getValidInetsForCurrentHost(119)) - ip:fe80:0:0:0:20d:3aff:fed9:fc2e%eth0 not returned.
2023-08-23 22:11:12,086 [Time-limited test] INFO  ozone.OzoneSecurityUtil (OzoneSecurityUtil.java:getValidInetsForCurrentHost(116)) - Adding ip:10.1.0.14,host:fv-az621-511.fpnbra3ad0zu1hpqauu4rsdf4e.cx.internal.cloudapp.net
2023-08-23 22:11:12,086 [Time-limited test] INFO  ozone.OzoneSecurityUtil (OzoneSecurityUtil.java:getValidInetsForCurrentHost(119)) - ip:0:0:0:0:0:0:0:1%lo not returned.
2023-08-23 22:11:12,086 [Time-limited test] INFO  ozone.OzoneSecurityUtil (OzoneSecurityUtil.java:getValidInetsForCurrentHost(119)) - ip:127.0.0.1 not returned.
2023-08-23 22:11:12,086 [Time-limited test] INFO  ha.HASecurityUtils (HASecurityUtils.java:generateCSR(308)) - Creating csr for SCM->hostName:fv-az621-511,scmId:6c2638bd-51ec-4090-be0e-0a84b2ae3c72,clusterId:391c3335-44bd-409a-a1de-ac6464b120fd,subject:scm-sub-1543255236253@fv-az621-511
2023-08-23 22:11:12,089 [Time-limited test] INFO  authority.DefaultApprover (DefaultApprover.java:sign(154)) - Extensions in CSR: 2.5.29.19, 2.5.29.15, 2.5.29.17
2023-08-23 22:11:12,089 [Time-limited test] INFO  authority.DefaultApprover (DefaultApprover.java:sign(158)) - Extensions to add to the certificate if they present in CSR: 2.5.29.17, 2.5.29.19, 1.3.6.1.5.5.7.1.12, 2.5.29.35, 2.5.29.37, 2.5.29.15
2023-08-23 22:11:12,093 [Time-limited test] INFO  utils.CertificateCodec (CertificateCodec.java:writeCertificate(299)) - Save certificate to /tmp/junit709574812444518804/junit6080887125352399767/scm-meta/scm/sub-ca/certs/CA-1.crt
2023-08-23 22:11:12,093 [Time-limited test] INFO  utils.CertificateCodec (CertificateCodec.java:writeCertificate(300)) - Certificate -----BEGIN CERTIFICATE-----
MIID5zCCAs+gAwIBAgIBATANBgkqhkiG9w0BAQsFADB7MRswGQYDVQQDDBJzY20t
MUBmdi1hejYyMS01MTExLTArBgNVBAsMJDZjMjYzOGJkLTUxZWMtNDA5MC1iZTBl
LTBhODRiMmFlM2M3MjEtMCsGA1UECgwkMzkxYzMzMzUtNDRiZC00MDlhLWExZGUt
YWM2NDY0YjEyMGZkMB4XDTIzMDgyMzIyMTExMloXDTI4MDkzMDIyMTExMlowezEb
MBkGA1UEAwwSc2NtLTFAZnYtYXo2MjEtNTExMS0wKwYDVQQLDCQ2YzI2MzhiZC01
MWVjLTQwOTAtYmUwZS0wYTg0YjJhZTNjNzIxLTArBgNVBAoMJDM5MWMzMzM1LTQ0
YmQtNDA5YS1hMWRlLWFjNjQ2NGIxMjBmZDCCASIwDQYJKoZIhvcNAQEBBQADggEP
ADCCAQoCggEBAJkCMtLRJgXf2CATD/yVKJXoj6GgeCAAR7sFks9RyJhdeHKUVKMw
RzOUfaefn0CpJ0OwQcgfBlWSsgFGOFnXTAVaLbSnc10VdPxExJsyPyO98UcYqmOB
+ZYAF6Wz2LB4ESVWffeCPTtV8EJeK70u4QxyQWh/9jN+7iv9EkCtB54fXu03HHcW
mJqZh0Iioli2pTgTGBXyFLvV9Mwpey/N+KJi0SiFNSauPY9jD4T2mI3cv5FOdSs8
hTx6L6LKjLjf5zUAKPvrYS95ei/jE2eVhx/BpFhgM03tWcS81mX8K1zwjEGUMP15
9ZugLBs91ZG9dVBU5EH2Uu3lP7a68ko2E8sCAwEAAaN2MHQwDwYDVR0TAQH/BAUw
AwEB/zAOBgNVHQ8BAf8EBAMCAQYwUQYDVR0RBEowSIcECgEADoJAZnYtYXo2MjEt
NTExLmZwbmJyYTNhZDB6dTFocHFhdXU0cnNkZjRlLmN4LmludGVybmFsLmNsb3Vk
YXBwLm5ldDANBgkqhkiG9w0BAQsFAAOCAQEAOGEhmpXBU5QFY5uXPLgewzjC72Li
Z/o7326hhszRA15D1tRAC3yFkwK9qljHkTquIbxtnLmRX3NAJdQGkpZb68/zWD4F
qHPveWxP0UVcdTy/yYdpoEBedyEcl+RQrhYc9DpzThKm0HmlujlfK/QKeCZUyZBD
gXyukKfp4A9Q7p30RHDvv3mx2EOs1EVzKZO0aoFo9eponMZiDQSwknbrrAvxxtZK
99kN/H+vBYBlpYb2hPHjCuQ/EphCA3lkFsft0RFyTNIg7Bjzg7kKjwVODpWOhvBI
VaOvFDFQWv5Q4ZraAzMJihMRoqZ7XDqFLxeihaN3r06OyqnuLxQ3MzYJig==
-----END CERTIFICATE-----

2023-08-23 22:11:12,093 [Time-limited test] INFO  utils.CertificateCodec (CertificateCodec.java:writeCertificate(299)) - Save certificate to /tmp/junit709574812444518804/junit6080887125352399767/scm-meta/scm/sub-ca/certs/1543258479943.crt
2023-08-23 22:11:12,093 [Time-limited test] INFO  utils.CertificateCodec (CertificateCodec.java:writeCertificate(300)) - Certificate -----BEGIN CERTIFICATE-----
MIID/TCCAuWgAwIBAgIGAWdRX51HMA0GCSqGSIb3DQEBCwUAMHsxGzAZBgNVBAMM
EnNjbS0xQGZ2LWF6NjIxLTUxMTEtMCsGA1UECwwkNmMyNjM4YmQtNTFlYy00MDkw
LWJlMGUtMGE4NGIyYWUzYzcyMS0wKwYDVQQKDCQzOTFjMzMzNS00NGJkLTQwOWEt
YTFkZS1hYzY0NjRiMTIwZmQwHhcNMjMwODIzMjIxMTEyWhcNMjgwOTMwMjIxMTEy
WjCBizErMCkGA1UEAwwic2NtLXN1Yi0xNTQzMjU1MjM2MjUzQGZ2LWF6NjIxLTUx
MTEtMCsGA1UECwwkNmMyNjM4YmQtNTFlYy00MDkwLWJlMGUtMGE4NGIyYWUzYzcy
MS0wKwYDVQQKDCQzOTFjMzMzNS00NGJkLTQwOWEtYTFkZS1hYzY0NjRiMTIwZmQw
ggEiMA0GCSqGSIb3DQEBAQUAA4IBDwAwggEKAoIBAQCl4hYULt6Xr5gX3UqIBvbS
M7W1jmSh21VUTICam6VeSQzCJbttxGOJbZ37x7gvu8p0D0Sh5qvKPjV8zwMbe2qb
Bb1cMQJr38PJSuHwIULzXz25/SH7g3tGn3V8MV618CNpEMEiR4+ptmqKG2VNsPLJ
vlJdsTM1xxWMAYuCFPi0DYo9FnKqHxPnBK8PZflFqtIuRW2mmkz3UAW7XVmj5SKc
FRHK0OKBbKeDeMrMk8iqHQjj+Og56CHF4m9Ag4KYgyzoQfSyKPeeGAealyaLuaGZ
6yyN6JvcN2DXEVhRALKH1SgZ4RZg99yMUWpCLwO/8gLDQMN5ywyoLGIV0V3xP68R
AgMBAAGjdjB0MFEGA1UdEQRKMEiHBAoBAA6CQGZ2LWF6NjIxLTUxMS5mcG5icmEz
YWQwenUxaHBxYXV1NHJzZGY0ZS5jeC5pbnRlcm5hbC5jbG91ZGFwcC5uZXQwDwYD
VR0TAQH/BAUwAwEB/zAOBgNVHQ8BAf8EBAMCAb4wDQYJKoZIhvcNAQELBQADggEB
AGxSieru8n95nNqNZdi1Kjvw91a7awfOJlxQ+brdP+0G1iMZPtmu8WmmyvA2NDuE
pqqGEnJsLRJJbBsL7y/NyZub5HXi4rxrE8+/5RW9f2ke5+whsst2gBL5lB8rWDzz
l6LTqzxWh9KYsIMjiunvGE7jRG221kUBrN6Ex+e3tlJW0Ds2Nwtl4Vr9mMQqcyL9
B2bg06sKIIEsLXmT34mEyya/L5EqEDr8ftdCG8+99lhK7+in4u9xgoLheYJKMCmL
ZprNEecb3ihpXt+U/Aee3UP04QhLV2xuoxdnkEe1bxMKK3EC43HHCzSUN3PJHoqr
Yw2JsHKAVUE9AHLfy8fmjxA=
-----END CERTIFICATE-----

-----BEGIN CERTIFICATE-----
MIID5zCCAs+gAwIBAgIBATANBgkqhkiG9w0BAQsFADB7MRswGQYDVQQDDBJzY20t
MUBmdi1hejYyMS01MTExLTArBgNVBAsMJDZjMjYzOGJkLTUxZWMtNDA5MC1iZTBl
LTBhODRiMmFlM2M3MjEtMCsGA1UECgwkMzkxYzMzMzUtNDRiZC00MDlhLWExZGUt
YWM2NDY0YjEyMGZkMB4XDTIzMDgyMzIyMTExMloXDTI4MDkzMDIyMTExMlowezEb
MBkGA1UEAwwSc2NtLTFAZnYtYXo2MjEtNTExMS0wKwYDVQQLDCQ2YzI2MzhiZC01
MWVjLTQwOTAtYmUwZS0wYTg0YjJhZTNjNzIxLTArBgNVBAoMJDM5MWMzMzM1LTQ0
YmQtNDA5YS1hMWRlLWFjNjQ2NGIxMjBmZDCCASIwDQYJKoZIhvcNAQEBBQADggEP
ADCCAQoCggEBAJkCMtLRJgXf2CATD/yVKJXoj6GgeCAAR7sFks9RyJhdeHKUVKMw
RzOUfaefn0CpJ0OwQcgfBlWSsgFGOFnXTAVaLbSnc10VdPxExJsyPyO98UcYqmOB
+ZYAF6Wz2LB4ESVWffeCPTtV8EJeK70u4QxyQWh/9jN+7iv9EkCtB54fXu03HHcW
mJqZh0Iioli2pTgTGBXyFLvV9Mwpey/N+KJi0SiFNSauPY9jD4T2mI3cv5FOdSs8
hTx6L6LKjLjf5zUAKPvrYS95ei/jE2eVhx/BpFhgM03tWcS81mX8K1zwjEGUMP15
9ZugLBs91ZG9dVBU5EH2Uu3lP7a68ko2E8sCAwEAAaN2MHQwDwYDVR0TAQH/BAUw
AwEB/zAOBgNVHQ8BAf8EBAMCAQYwUQYDVR0RBEowSIcECgEADoJAZnYtYXo2MjEt
NTExLmZwbmJyYTNhZDB6dTFocHFhdXU0cnNkZjRlLmN4LmludGVybmFsLmNsb3Vk
YXBwLm5ldDANBgkqhkiG9w0BAQsFAAOCAQEAOGEhmpXBU5QFY5uXPLgewzjC72Li
Z/o7326hhszRA15D1tRAC3yFkwK9qljHkTquIbxtnLmRX3NAJdQGkpZb68/zWD4F
qHPveWxP0UVcdTy/yYdpoEBedyEcl+RQrhYc9DpzThKm0HmlujlfK/QKeCZUyZBD
gXyukKfp4A9Q7p30RHDvv3mx2EOs1EVzKZO0aoFo9eponMZiDQSwknbrrAvxxtZK
99kN/H+vBYBlpYb2hPHjCuQ/EphCA3lkFsft0RFyTNIg7Bjzg7kKjwVODpWOhvBI
VaOvFDFQWv5Q4ZraAzMJihMRoqZ7XDqFLxeihaN3r06OyqnuLxQ3MzYJig==
-----END CERTIFICATE-----

2023-08-23 22:11:12,094 [Time-limited test] INFO  utils.CertificateCodec (CertificateCodec.java:writeCertificate(299)) - Save certificate to /tmp/junit709574812444518804/junit6080887125352399767/scm-meta/scm/sub-ca/certs/certificate.crt
2023-08-23 22:11:12,094 [Time-limited test] INFO  utils.CertificateCodec (CertificateCodec.java:writeCertificate(300)) - Certificate -----BEGIN CERTIFICATE-----
MIID/TCCAuWgAwIBAgIGAWdRX51HMA0GCSqGSIb3DQEBCwUAMHsxGzAZBgNVBAMM
EnNjbS0xQGZ2LWF6NjIxLTUxMTEtMCsGA1UECwwkNmMyNjM4YmQtNTFlYy00MDkw
LWJlMGUtMGE4NGIyYWUzYzcyMS0wKwYDVQQKDCQzOTFjMzMzNS00NGJkLTQwOWEt
YTFkZS1hYzY0NjRiMTIwZmQwHhcNMjMwODIzMjIxMTEyWhcNMjgwOTMwMjIxMTEy
WjCBizErMCkGA1UEAwwic2NtLXN1Yi0xNTQzMjU1MjM2MjUzQGZ2LWF6NjIxLTUx
MTEtMCsGA1UECwwkNmMyNjM4YmQtNTFlYy00MDkwLWJlMGUtMGE4NGIyYWUzYzcy
MS0wKwYDVQQKDCQzOTFjMzMzNS00NGJkLTQwOWEtYTFkZS1hYzY0NjRiMTIwZmQw
ggEiMA0GCSqGSIb3DQEBAQUAA4IBDwAwggEKAoIBAQCl4hYULt6Xr5gX3UqIBvbS
M7W1jmSh21VUTICam6VeSQzCJbttxGOJbZ37x7gvu8p0D0Sh5qvKPjV8zwMbe2qb
Bb1cMQJr38PJSuHwIULzXz25/SH7g3tGn3V8MV618CNpEMEiR4+ptmqKG2VNsPLJ
vlJdsTM1xxWMAYuCFPi0DYo9FnKqHxPnBK8PZflFqtIuRW2mmkz3UAW7XVmj5SKc
FRHK0OKBbKeDeMrMk8iqHQjj+Og56CHF4m9Ag4KYgyzoQfSyKPeeGAealyaLuaGZ
6yyN6JvcN2DXEVhRALKH1SgZ4RZg99yMUWpCLwO/8gLDQMN5ywyoLGIV0V3xP68R
AgMBAAGjdjB0MFEGA1UdEQRKMEiHBAoBAA6CQGZ2LWF6NjIxLTUxMS5mcG5icmEz
YWQwenUxaHBxYXV1NHJzZGY0ZS5jeC5pbnRlcm5hbC5jbG91ZGFwcC5uZXQwDwYD
VR0TAQH/BAUwAwEB/zAOBgNVHQ8BAf8EBAMCAb4wDQYJKoZIhvcNAQELBQADggEB
AGxSieru8n95nNqNZdi1Kjvw91a7awfOJlxQ+brdP+0G1iMZPtmu8WmmyvA2NDuE
pqqGEnJsLRJJbBsL7y/NyZub5HXi4rxrE8+/5RW9f2ke5+whsst2gBL5lB8rWDzz
l6LTqzxWh9KYsIMjiunvGE7jRG221kUBrN6Ex+e3tlJW0Ds2Nwtl4Vr9mMQqcyL9
B2bg06sKIIEsLXmT34mEyya/L5EqEDr8ftdCG8+99lhK7+in4u9xgoLheYJKMCmL
ZprNEecb3ihpXt+U/Aee3UP04QhLV2xuoxdnkEe1bxMKK3EC43HHCzSUN3PJHoqr
Yw2JsHKAVUE9AHLfy8fmjxA=
-----END CERTIFICATE-----

-----BEGIN CERTIFICATE-----
MIID5zCCAs+gAwIBAgIBATANBgkqhkiG9w0BAQsFADB7MRswGQYDVQQDDBJzY20t
MUBmdi1hejYyMS01MTExLTArBgNVBAsMJDZjMjYzOGJkLTUxZWMtNDA5MC1iZTBl
LTBhODRiMmFlM2M3MjEtMCsGA1UECgwkMzkxYzMzMzUtNDRiZC00MDlhLWExZGUt
YWM2NDY0YjEyMGZkMB4XDTIzMDgyMzIyMTExMloXDTI4MDkzMDIyMTExMlowezEb
MBkGA1UEAwwSc2NtLTFAZnYtYXo2MjEtNTExMS0wKwYDVQQLDCQ2YzI2MzhiZC01
MWVjLTQwOTAtYmUwZS0wYTg0YjJhZTNjNzIxLTArBgNVBAoMJDM5MWMzMzM1LTQ0
YmQtNDA5YS1hMWRlLWFjNjQ2NGIxMjBmZDCCASIwDQYJKoZIhvcNAQEBBQADggEP
ADCCAQoCggEBAJkCMtLRJgXf2CATD/yVKJXoj6GgeCAAR7sFks9RyJhdeHKUVKMw
RzOUfaefn0CpJ0OwQcgfBlWSsgFGOFnXTAVaLbSnc10VdPxExJsyPyO98UcYqmOB
+ZYAF6Wz2LB4ESVWffeCPTtV8EJeK70u4QxyQWh/9jN+7iv9EkCtB54fXu03HHcW
mJqZh0Iioli2pTgTGBXyFLvV9Mwpey/N+KJi0SiFNSauPY9jD4T2mI3cv5FOdSs8
hTx6L6LKjLjf5zUAKPvrYS95ei/jE2eVhx/BpFhgM03tWcS81mX8K1zwjEGUMP15
9ZugLBs91ZG9dVBU5EH2Uu3lP7a68ko2E8sCAwEAAaN2MHQwDwYDVR0TAQH/BAUw
AwEB/zAOBgNVHQ8BAf8EBAMCAQYwUQYDVR0RBEowSIcECgEADoJAZnYtYXo2MjEt
NTExLmZwbmJyYTNhZDB6dTFocHFhdXU0cnNkZjRlLmN4LmludGVybmFsLmNsb3Vk
YXBwLm5ldDANBgkqhkiG9w0BAQsFAAOCAQEAOGEhmpXBU5QFY5uXPLgewzjC72Li
Z/o7326hhszRA15D1tRAC3yFkwK9qljHkTquIbxtnLmRX3NAJdQGkpZb68/zWD4F
qHPveWxP0UVcdTy/yYdpoEBedyEcl+RQrhYc9DpzThKm0HmlujlfK/QKeCZUyZBD
gXyukKfp4A9Q7p30RHDvv3mx2EOs1EVzKZO0aoFo9eponMZiDQSwknbrrAvxxtZK
99kN/H+vBYBlpYb2hPHjCuQ/EphCA3lkFsft0RFyTNIg7Bjzg7kKjwVODpWOhvBI
VaOvFDFQWv5Q4ZraAzMJihMRoqZ7XDqFLxeihaN3r06OyqnuLxQ3MzYJig==
-----END CERTIFICATE-----

2023-08-23 22:11:12,094 [Time-limited test] INFO  ha.HASecurityUtils (HASecurityUtils.java:initializeSecurity(121)) - Successfully stored SCM signed certificate.
2023-08-23 22:11:12,096 [Time-limited test] WARN  server.ServerUtils (ServerUtils.java:getScmDbDir(155)) - ozone.scm.db.dirs is not configured. We recommend adding this setting. Falling back to ozone.metadata.dirs instead.
2023-08-23 22:11:12,096 [Time-limited test] INFO  ha.SCMHANodeDetails (SCMHANodeDetails.java:loadSCMHAConfig(210)) - ServiceID for StorageContainerManager is null
2023-08-23 22:11:12,096 [Time-limited test] INFO  ha.SCMHANodeDetails (SCMHANodeDetails.java:loadSCMHAConfig(215)) - ozone.scm.default.service.id is not defined, falling back to ozone.scm.service.ids to find serviceID for StorageContainerManager if it is HA enabled cluster
2023-08-23 22:11:12,099 [Time-limited test] WARN  server.ServerUtils (ServerUtils.java:getScmDbDir(155)) - ozone.scm.db.dirs is not configured. We recommend adding this setting. Falling back to ozone.metadata.dirs instead.
2023-08-23 22:11:12,099 [Time-limited test] INFO  ha.SCMHANodeDetails (SCMHANodeDetails.java:loadSCMHAConfig(210)) - ServiceID for StorageContainerManager is null
2023-08-23 22:11:12,099 [Time-limited test] INFO  ha.SCMHANodeDetails (SCMHANodeDetails.java:loadSCMHAConfig(215)) - ozone.scm.default.service.id is not defined, falling back to ozone.scm.service.ids to find serviceID for StorageContainerManager if it is HA enabled cluster
2023-08-23 22:11:12,100 [Time-limited test] WARN  server.ServerUtils (ServerUtils.java:getScmDbDir(155)) - ozone.scm.db.dirs is not configured. We recommend adding this setting. Falling back to ozone.metadata.dirs instead.
2023-08-23 22:11:12,100 [Time-limited test] INFO  ha.SCMHANodeDetails (SCMHANodeDetails.java:loadSCMHAConfig(210)) - ServiceID for StorageContainerManager is null
2023-08-23 22:11:12,101 [Time-limited test] INFO  ha.SCMHANodeDetails (SCMHANodeDetails.java:loadSCMHAConfig(215)) - ozone.scm.default.service.id is not defined, falling back to ozone.scm.service.ids to find serviceID for StorageContainerManager if it is HA enabled cluster
2023-08-23 22:11:12,101 [Time-limited test] WARN  server.ServerUtils (ServerUtils.java:getScmDbDir(155)) - ozone.scm.db.dirs is not configured. We recommend adding this setting. Falling back to ozone.metadata.dirs instead.
2023-08-23 22:11:12,101 [Time-limited test] INFO  ha.SCMHANodeDetails (SCMHANodeDetails.java:loadSCMHAConfig(210)) - ServiceID for StorageContainerManager is null
2023-08-23 22:11:12,102 [Time-limited test] INFO  ha.SCMHANodeDetails (SCMHANodeDetails.java:loadSCMHAConfig(215)) - ozone.scm.default.service.id is not defined, falling back to ozone.scm.service.ids to find serviceID for StorageContainerManager if it is HA enabled cluster
2023-08-23 22:11:12,102 [Time-limited test] INFO  impl.DefaultInternalKdcServerImpl (DefaultInternalKdcServerImpl.java:doStop(102)) - Default Internal kdc server stopped.
2023-08-23 22:11:13,103 [Time-limited test] INFO  minikdc.MiniKdc (MiniKdc.java:stop(359)) - MiniKdc stopped.
]]></system-out>
  </testcase>
  <testcase name="testAdminAccessControlException" classname="org.apache.hadoop.ozone.TestSecureOzoneCluster" time="4.877">
    <system-out><![CDATA[2023-08-23 22:11:13,119 [Time-limited test] INFO  net.ServerSocketUtil (ServerSocketUtil.java:getPort(55)) - Using port 9860
2023-08-23 22:11:13,119 [Time-limited test] INFO  net.ServerSocketUtil (ServerSocketUtil.java:getPort(55)) - Using port 9861
2023-08-23 22:11:13,119 [Time-limited test] INFO  net.ServerSocketUtil (ServerSocketUtil.java:getPort(55)) - Using port 9863
2023-08-23 22:11:13,119 [Time-limited test] INFO  net.ServerSocketUtil (ServerSocketUtil.java:getPort(55)) - Using port 9961
2023-08-23 22:11:13,119 [Time-limited test] INFO  net.ServerSocketUtil (ServerSocketUtil.java:getPort(55)) - Using port 1200
2023-08-23 22:11:13,119 [Time-limited test] INFO  net.ServerSocketUtil (ServerSocketUtil.java:getPort(55)) - Using port 1201
2023-08-23 22:11:13,120 [Time-limited test] INFO  minikdc.MiniKdc (MiniKdc.java:<init>(225)) - Configuration:
2023-08-23 22:11:13,120 [Time-limited test] INFO  minikdc.MiniKdc (MiniKdc.java:<init>(226)) - ---------------------------------------------------------------
2023-08-23 22:11:13,120 [Time-limited test] INFO  minikdc.MiniKdc (MiniKdc.java:<init>(228)) -   debug: false
2023-08-23 22:11:13,120 [Time-limited test] INFO  minikdc.MiniKdc (MiniKdc.java:<init>(228)) -   transport: TCP
2023-08-23 22:11:13,120 [Time-limited test] INFO  minikdc.MiniKdc (MiniKdc.java:<init>(228)) -   max.ticket.lifetime: 86400000
2023-08-23 22:11:13,120 [Time-limited test] INFO  minikdc.MiniKdc (MiniKdc.java:<init>(228)) -   org.name: EXAMPLE
2023-08-23 22:11:13,120 [Time-limited test] INFO  minikdc.MiniKdc (MiniKdc.java:<init>(228)) -   kdc.port: 0
2023-08-23 22:11:13,120 [Time-limited test] INFO  minikdc.MiniKdc (MiniKdc.java:<init>(228)) -   org.domain: COM
2023-08-23 22:11:13,120 [Time-limited test] INFO  minikdc.MiniKdc (MiniKdc.java:<init>(228)) -   max.renewable.lifetime: 604800000
2023-08-23 22:11:13,120 [Time-limited test] INFO  minikdc.MiniKdc (MiniKdc.java:<init>(228)) -   instance: DefaultKrbServer
2023-08-23 22:11:13,120 [Time-limited test] INFO  minikdc.MiniKdc (MiniKdc.java:<init>(228)) -   kdc.bind.address: localhost
2023-08-23 22:11:13,121 [Time-limited test] INFO  minikdc.MiniKdc (MiniKdc.java:<init>(230)) - ---------------------------------------------------------------
2023-08-23 22:11:13,122 [Time-limited test] INFO  minikdc.MiniKdc (MiniKdc.java:start(285)) - MiniKdc started.
2023-08-23 22:11:13,382 [Time-limited test] INFO  om.OzoneManager (OzoneManager.java:getOmDetailsProto(4552)) - OzoneManager ports added:[name: "RPC"
value: 1202
]
2023-08-23 22:11:13,382 [Time-limited test] WARN  server.ServerUtils (ServerUtils.java:getScmDbDir(155)) - ozone.scm.db.dirs is not configured. We recommend adding this setting. Falling back to ozone.metadata.dirs instead.
2023-08-23 22:11:13,382 [Time-limited test] INFO  ha.HASecurityUtils (HASecurityUtils.java:initializeSecurity(98)) - Initializing secure StorageContainerManager.
2023-08-23 22:11:13,383 [Time-limited test] INFO  client.SCMCertificateClient (DefaultCertificateClient.java:updateCertSerialId(1244)) - Certificate serial ID set to null
2023-08-23 22:11:13,383 [Time-limited test] ERROR client.SCMCertificateClient (DefaultCertificateClient.java:getCertPath(362)) - Default certificate serial id is not set. Can't locate the default certificate for this client.
2023-08-23 22:11:13,383 [Time-limited test] INFO  client.SCMCertificateClient (DefaultCertificateClient.java:init(715)) - Certificate client init case: 0
2023-08-23 22:11:13,383 [Time-limited test] INFO  client.SCMCertificateClient (SCMCertificateClient.java:handleCase(103)) - Creating keypair for client as keypair and certificate not found.
2023-08-23 22:11:13,736 [Time-limited test] INFO  ha.HASecurityUtils (HASecurityUtils.java:initializeSecurity(108)) - Init response: GETCERT
2023-08-23 22:11:13,818 [Time-limited test] INFO  ozone.OzoneSecurityUtil (OzoneSecurityUtil.java:getValidInetsForCurrentHost(119)) - ip:fe80:0:0:0:20d:3aff:fed9:fc2e%eth0 not returned.
2023-08-23 22:11:13,818 [Time-limited test] INFO  ozone.OzoneSecurityUtil (OzoneSecurityUtil.java:getValidInetsForCurrentHost(116)) - Adding ip:10.1.0.14,host:fv-az621-511.fpnbra3ad0zu1hpqauu4rsdf4e.cx.internal.cloudapp.net
2023-08-23 22:11:13,818 [Time-limited test] INFO  ozone.OzoneSecurityUtil (OzoneSecurityUtil.java:getValidInetsForCurrentHost(119)) - ip:0:0:0:0:0:0:0:1%lo not returned.
2023-08-23 22:11:13,818 [Time-limited test] INFO  ozone.OzoneSecurityUtil (OzoneSecurityUtil.java:getValidInetsForCurrentHost(119)) - ip:127.0.0.1 not returned.
2023-08-23 22:11:13,821 [Time-limited test] INFO  utils.SelfSignedCertificate (SelfSignedCertificate.java:generateCertificate(157)) - Certificate 1 is issued by CN=scm-1@fv-az621-511,OU=ad2dc917-62c1-456a-ae6e-208d3a8f80b8,O=8b6ab10d-1820-4b15-b97d-1e15717b3557 to CN=scm-1@fv-az621-511,OU=ad2dc917-62c1-456a-ae6e-208d3a8f80b8,O=8b6ab10d-1820-4b15-b97d-1e15717b3557, valid from Wed Aug 23 22:11:13 UTC 2023 to Sat Sep 30 22:11:13 UTC 2028
2023-08-23 22:11:13,822 [Time-limited test] INFO  utils.CertificateCodec (CertificateCodec.java:writeCertificate(299)) - Save certificate to /tmp/junit3803010773846728704/junit6371287066368870991/scm-meta/scm/ca/certs/certificate.crt
2023-08-23 22:11:13,822 [Time-limited test] INFO  utils.CertificateCodec (CertificateCodec.java:writeCertificate(300)) - Certificate -----BEGIN CERTIFICATE-----
MIID5zCCAs+gAwIBAgIBATANBgkqhkiG9w0BAQsFADB7MRswGQYDVQQDDBJzY20t
MUBmdi1hejYyMS01MTExLTArBgNVBAsMJGFkMmRjOTE3LTYyYzEtNDU2YS1hZTZl
LTIwOGQzYThmODBiODEtMCsGA1UECgwkOGI2YWIxMGQtMTgyMC00YjE1LWI5N2Qt
MWUxNTcxN2IzNTU3MB4XDTIzMDgyMzIyMTExM1oXDTI4MDkzMDIyMTExM1owezEb
MBkGA1UEAwwSc2NtLTFAZnYtYXo2MjEtNTExMS0wKwYDVQQLDCRhZDJkYzkxNy02
MmMxLTQ1NmEtYWU2ZS0yMDhkM2E4ZjgwYjgxLTArBgNVBAoMJDhiNmFiMTBkLTE4
MjAtNGIxNS1iOTdkLTFlMTU3MTdiMzU1NzCCASIwDQYJKoZIhvcNAQEBBQADggEP
ADCCAQoCggEBAMiBykPBK7VsGM0yHJbCNz7d3aX9Fr/jfMB3ypF2MuM215P5yZw5
9dZeKQwWKE5C8yoXusEAInaRFkzczZlBJSVE1f1hrJ+yWCHBV2N8qhE0Ijw5kGCy
mNxxuN1lBiEd5CamakqOIGxQPz1fsmBuPXvI9qW08/QoZ8cHhu2TD6CjwBQxiQ7e
fpSMxdLDvvOTyJCcLeRGfWL5x4MGDK7klsAoMINQEsceEWhevzL3vZVKXMGcUN8O
2C+d8ZDHxChROPe+IuU4+LrygNArL4Y5Jux/Ap0s2y0HQOyhjLb4J4KHDXGQKPoN
aL3pgC1/sSiR1IvwL1MXkp2uFAC+kzDtHwECAwEAAaN2MHQwDwYDVR0TAQH/BAUw
AwEB/zAOBgNVHQ8BAf8EBAMCAQYwUQYDVR0RBEowSIcECgEADoJAZnYtYXo2MjEt
NTExLmZwbmJyYTNhZDB6dTFocHFhdXU0cnNkZjRlLmN4LmludGVybmFsLmNsb3Vk
YXBwLm5ldDANBgkqhkiG9w0BAQsFAAOCAQEAxfo46Sv4dNzKevw+w3M1HwenPOWq
JNBOyb1fD9sGx50oqrYCowXfcjkGbkbeMHjHUtwyji11KMZEFAvV7u7rmslr75hx
smpB0+lhjzjmeYx2jnt8cs0dQP417Jp6SUju7FBx4hKoPrVY5jhh2ZZsDiWxnOLG
wHce12MihyDh7YNHi7CgIDs5juyQnn8RJ4MBZEgIkZS7Owv1w+WT4szNzXfjDUlb
V3vX1UeaPp/IM2SV7Yy5S46Yhc4CNcL+wpczjffIwBfulwsOKV2bHNrO7UliJPjn
2gOCT2oEPrn2b6Wz0zfqQ78aTae9ETHyeOq24MhLfbuTWGzIOQiUDuwM/w==
-----END CERTIFICATE-----

2023-08-23 22:11:13,822 [Time-limited test] INFO  client.SCMCertificateClient (SCMCertificateClient.java:getCSRBuilder(165)) - Creating csr for SCM->hostName:fv-az621-511,scmId:ad2dc917-62c1-456a-ae6e-208d3a8f80b8,clusterId:8b6ab10d-1820-4b15-b97d-1e15717b3557,subject:scm-sub-1544991387435@fv-az621-511
2023-08-23 22:11:13,822 [Time-limited test] INFO  ozone.OzoneSecurityUtil (OzoneSecurityUtil.java:getValidInetsForCurrentHost(119)) - ip:fe80:0:0:0:20d:3aff:fed9:fc2e%eth0 not returned.
2023-08-23 22:11:13,822 [Time-limited test] INFO  ozone.OzoneSecurityUtil (OzoneSecurityUtil.java:getValidInetsForCurrentHost(116)) - Adding ip:10.1.0.14,host:fv-az621-511.fpnbra3ad0zu1hpqauu4rsdf4e.cx.internal.cloudapp.net
2023-08-23 22:11:13,823 [Time-limited test] INFO  ozone.OzoneSecurityUtil (OzoneSecurityUtil.java:getValidInetsForCurrentHost(119)) - ip:0:0:0:0:0:0:0:1%lo not returned.
2023-08-23 22:11:13,823 [Time-limited test] INFO  ozone.OzoneSecurityUtil (OzoneSecurityUtil.java:getValidInetsForCurrentHost(119)) - ip:127.0.0.1 not returned.
2023-08-23 22:11:13,823 [Time-limited test] INFO  ha.HASecurityUtils (HASecurityUtils.java:generateCSR(308)) - Creating csr for SCM->hostName:fv-az621-511,scmId:ad2dc917-62c1-456a-ae6e-208d3a8f80b8,clusterId:8b6ab10d-1820-4b15-b97d-1e15717b3557,subject:scm-sub-1544991940433@fv-az621-511
2023-08-23 22:11:13,826 [Time-limited test] INFO  authority.DefaultApprover (DefaultApprover.java:sign(154)) - Extensions in CSR: 2.5.29.19, 2.5.29.15, 2.5.29.17
2023-08-23 22:11:13,826 [Time-limited test] INFO  authority.DefaultApprover (DefaultApprover.java:sign(158)) - Extensions to add to the certificate if they present in CSR: 2.5.29.17, 2.5.29.19, 1.3.6.1.5.5.7.1.12, 2.5.29.35, 2.5.29.37, 2.5.29.15
2023-08-23 22:11:13,829 [Time-limited test] INFO  utils.CertificateCodec (CertificateCodec.java:writeCertificate(299)) - Save certificate to /tmp/junit3803010773846728704/junit6371287066368870991/scm-meta/scm/sub-ca/certs/CA-1.crt
2023-08-23 22:11:13,829 [Time-limited test] INFO  utils.CertificateCodec (CertificateCodec.java:writeCertificate(300)) - Certificate -----BEGIN CERTIFICATE-----
MIID5zCCAs+gAwIBAgIBATANBgkqhkiG9w0BAQsFADB7MRswGQYDVQQDDBJzY20t
MUBmdi1hejYyMS01MTExLTArBgNVBAsMJGFkMmRjOTE3LTYyYzEtNDU2YS1hZTZl
LTIwOGQzYThmODBiODEtMCsGA1UECgwkOGI2YWIxMGQtMTgyMC00YjE1LWI5N2Qt
MWUxNTcxN2IzNTU3MB4XDTIzMDgyMzIyMTExM1oXDTI4MDkzMDIyMTExM1owezEb
MBkGA1UEAwwSc2NtLTFAZnYtYXo2MjEtNTExMS0wKwYDVQQLDCRhZDJkYzkxNy02
MmMxLTQ1NmEtYWU2ZS0yMDhkM2E4ZjgwYjgxLTArBgNVBAoMJDhiNmFiMTBkLTE4
MjAtNGIxNS1iOTdkLTFlMTU3MTdiMzU1NzCCASIwDQYJKoZIhvcNAQEBBQADggEP
ADCCAQoCggEBAMiBykPBK7VsGM0yHJbCNz7d3aX9Fr/jfMB3ypF2MuM215P5yZw5
9dZeKQwWKE5C8yoXusEAInaRFkzczZlBJSVE1f1hrJ+yWCHBV2N8qhE0Ijw5kGCy
mNxxuN1lBiEd5CamakqOIGxQPz1fsmBuPXvI9qW08/QoZ8cHhu2TD6CjwBQxiQ7e
fpSMxdLDvvOTyJCcLeRGfWL5x4MGDK7klsAoMINQEsceEWhevzL3vZVKXMGcUN8O
2C+d8ZDHxChROPe+IuU4+LrygNArL4Y5Jux/Ap0s2y0HQOyhjLb4J4KHDXGQKPoN
aL3pgC1/sSiR1IvwL1MXkp2uFAC+kzDtHwECAwEAAaN2MHQwDwYDVR0TAQH/BAUw
AwEB/zAOBgNVHQ8BAf8EBAMCAQYwUQYDVR0RBEowSIcECgEADoJAZnYtYXo2MjEt
NTExLmZwbmJyYTNhZDB6dTFocHFhdXU0cnNkZjRlLmN4LmludGVybmFsLmNsb3Vk
YXBwLm5ldDANBgkqhkiG9w0BAQsFAAOCAQEAxfo46Sv4dNzKevw+w3M1HwenPOWq
JNBOyb1fD9sGx50oqrYCowXfcjkGbkbeMHjHUtwyji11KMZEFAvV7u7rmslr75hx
smpB0+lhjzjmeYx2jnt8cs0dQP417Jp6SUju7FBx4hKoPrVY5jhh2ZZsDiWxnOLG
wHce12MihyDh7YNHi7CgIDs5juyQnn8RJ4MBZEgIkZS7Owv1w+WT4szNzXfjDUlb
V3vX1UeaPp/IM2SV7Yy5S46Yhc4CNcL+wpczjffIwBfulwsOKV2bHNrO7UliJPjn
2gOCT2oEPrn2b6Wz0zfqQ78aTae9ETHyeOq24MhLfbuTWGzIOQiUDuwM/w==
-----END CERTIFICATE-----

2023-08-23 22:11:13,830 [Time-limited test] INFO  utils.CertificateCodec (CertificateCodec.java:writeCertificate(299)) - Save certificate to /tmp/junit3803010773846728704/junit6371287066368870991/scm-meta/scm/sub-ca/certs/1544995140124.crt
2023-08-23 22:11:13,830 [Time-limited test] INFO  utils.CertificateCodec (CertificateCodec.java:writeCertificate(300)) - Certificate -----BEGIN CERTIFICATE-----
MIID/TCCAuWgAwIBAgIGAWe44vIcMA0GCSqGSIb3DQEBCwUAMHsxGzAZBgNVBAMM
EnNjbS0xQGZ2LWF6NjIxLTUxMTEtMCsGA1UECwwkYWQyZGM5MTctNjJjMS00NTZh
LWFlNmUtMjA4ZDNhOGY4MGI4MS0wKwYDVQQKDCQ4YjZhYjEwZC0xODIwLTRiMTUt
Yjk3ZC0xZTE1NzE3YjM1NTcwHhcNMjMwODIzMjIxMTEzWhcNMjgwOTMwMjIxMTEz
WjCBizErMCkGA1UEAwwic2NtLXN1Yi0xNTQ0OTkxOTQwNDMzQGZ2LWF6NjIxLTUx
MTEtMCsGA1UECwwkYWQyZGM5MTctNjJjMS00NTZhLWFlNmUtMjA4ZDNhOGY4MGI4
MS0wKwYDVQQKDCQ4YjZhYjEwZC0xODIwLTRiMTUtYjk3ZC0xZTE1NzE3YjM1NTcw
ggEiMA0GCSqGSIb3DQEBAQUAA4IBDwAwggEKAoIBAQCYFj/6uNZiUVbMeQleR1Eb
noTsZK/PWVsc4d8MoVP064W646KeEF2IOfAFE/FQG2CC8qReEitZKokBxMbY8owy
sk+CWyZil7Q457hlDofkxIrTqyehufWuUrkqewEMKpdq1579B4/epK1TXzDNaMJF
4ZMirN2G3SqpkfLgMFCkp2X3DttJjUzFhWh54bfwJvMrCyGeOeC4PgYm0RnCRHKw
9Q/q2qWBheAd1DvnrCRkUqtbJpGWOf6QVZAPIukRVIVtl2zAJPw+RVIj846YRNyu
weyAMgUd84QtKm8TlMAvQ79XmQr4MJ89rbGUVIA8KG9YjEaNXTZzzGZVIgIUM/Wp
AgMBAAGjdjB0MFEGA1UdEQRKMEiHBAoBAA6CQGZ2LWF6NjIxLTUxMS5mcG5icmEz
YWQwenUxaHBxYXV1NHJzZGY0ZS5jeC5pbnRlcm5hbC5jbG91ZGFwcC5uZXQwDwYD
VR0TAQH/BAUwAwEB/zAOBgNVHQ8BAf8EBAMCAb4wDQYJKoZIhvcNAQELBQADggEB
ALTKnhbnbreFDBAezCt7bAS4g8s3/DvIM21zo6H5kitATwc/oFxT9E4CNeMcwAm/
NP82foJSVTStR9A43URqE0XaxjU587KMvZgstwCAlDxXuS67qE+31/3dGq+p5fJY
ETjlIWd2N8L0lOJk99quj8lkmLWhXDsxW3PzIaOtNZuTyRIthYDGQHR3KN1SaEYp
4gSNmINbN2QUFrnrolqhtAcpYvIB+0o1/FCDR4u0WMXDbmnrdACmc5X2pS1inVH3
yHw2uC1nLesmQhinhsqm/2qmUfb/1C41MSTVoWZ+R2lQ9wusbTsJ6MIit360Zrmm
Wefk0hYvg/6oco7Hm5PMrig=
-----END CERTIFICATE-----

-----BEGIN CERTIFICATE-----
MIID5zCCAs+gAwIBAgIBATANBgkqhkiG9w0BAQsFADB7MRswGQYDVQQDDBJzY20t
MUBmdi1hejYyMS01MTExLTArBgNVBAsMJGFkMmRjOTE3LTYyYzEtNDU2YS1hZTZl
LTIwOGQzYThmODBiODEtMCsGA1UECgwkOGI2YWIxMGQtMTgyMC00YjE1LWI5N2Qt
MWUxNTcxN2IzNTU3MB4XDTIzMDgyMzIyMTExM1oXDTI4MDkzMDIyMTExM1owezEb
MBkGA1UEAwwSc2NtLTFAZnYtYXo2MjEtNTExMS0wKwYDVQQLDCRhZDJkYzkxNy02
MmMxLTQ1NmEtYWU2ZS0yMDhkM2E4ZjgwYjgxLTArBgNVBAoMJDhiNmFiMTBkLTE4
MjAtNGIxNS1iOTdkLTFlMTU3MTdiMzU1NzCCASIwDQYJKoZIhvcNAQEBBQADggEP
ADCCAQoCggEBAMiBykPBK7VsGM0yHJbCNz7d3aX9Fr/jfMB3ypF2MuM215P5yZw5
9dZeKQwWKE5C8yoXusEAInaRFkzczZlBJSVE1f1hrJ+yWCHBV2N8qhE0Ijw5kGCy
mNxxuN1lBiEd5CamakqOIGxQPz1fsmBuPXvI9qW08/QoZ8cHhu2TD6CjwBQxiQ7e
fpSMxdLDvvOTyJCcLeRGfWL5x4MGDK7klsAoMINQEsceEWhevzL3vZVKXMGcUN8O
2C+d8ZDHxChROPe+IuU4+LrygNArL4Y5Jux/Ap0s2y0HQOyhjLb4J4KHDXGQKPoN
aL3pgC1/sSiR1IvwL1MXkp2uFAC+kzDtHwECAwEAAaN2MHQwDwYDVR0TAQH/BAUw
AwEB/zAOBgNVHQ8BAf8EBAMCAQYwUQYDVR0RBEowSIcECgEADoJAZnYtYXo2MjEt
NTExLmZwbmJyYTNhZDB6dTFocHFhdXU0cnNkZjRlLmN4LmludGVybmFsLmNsb3Vk
YXBwLm5ldDANBgkqhkiG9w0BAQsFAAOCAQEAxfo46Sv4dNzKevw+w3M1HwenPOWq
JNBOyb1fD9sGx50oqrYCowXfcjkGbkbeMHjHUtwyji11KMZEFAvV7u7rmslr75hx
smpB0+lhjzjmeYx2jnt8cs0dQP417Jp6SUju7FBx4hKoPrVY5jhh2ZZsDiWxnOLG
wHce12MihyDh7YNHi7CgIDs5juyQnn8RJ4MBZEgIkZS7Owv1w+WT4szNzXfjDUlb
V3vX1UeaPp/IM2SV7Yy5S46Yhc4CNcL+wpczjffIwBfulwsOKV2bHNrO7UliJPjn
2gOCT2oEPrn2b6Wz0zfqQ78aTae9ETHyeOq24MhLfbuTWGzIOQiUDuwM/w==
-----END CERTIFICATE-----

2023-08-23 22:11:13,830 [Time-limited test] INFO  utils.CertificateCodec (CertificateCodec.java:writeCertificate(299)) - Save certificate to /tmp/junit3803010773846728704/junit6371287066368870991/scm-meta/scm/sub-ca/certs/certificate.crt
2023-08-23 22:11:13,830 [Time-limited test] INFO  utils.CertificateCodec (CertificateCodec.java:writeCertificate(300)) - Certificate -----BEGIN CERTIFICATE-----
MIID/TCCAuWgAwIBAgIGAWe44vIcMA0GCSqGSIb3DQEBCwUAMHsxGzAZBgNVBAMM
EnNjbS0xQGZ2LWF6NjIxLTUxMTEtMCsGA1UECwwkYWQyZGM5MTctNjJjMS00NTZh
LWFlNmUtMjA4ZDNhOGY4MGI4MS0wKwYDVQQKDCQ4YjZhYjEwZC0xODIwLTRiMTUt
Yjk3ZC0xZTE1NzE3YjM1NTcwHhcNMjMwODIzMjIxMTEzWhcNMjgwOTMwMjIxMTEz
WjCBizErMCkGA1UEAwwic2NtLXN1Yi0xNTQ0OTkxOTQwNDMzQGZ2LWF6NjIxLTUx
MTEtMCsGA1UECwwkYWQyZGM5MTctNjJjMS00NTZhLWFlNmUtMjA4ZDNhOGY4MGI4
MS0wKwYDVQQKDCQ4YjZhYjEwZC0xODIwLTRiMTUtYjk3ZC0xZTE1NzE3YjM1NTcw
ggEiMA0GCSqGSIb3DQEBAQUAA4IBDwAwggEKAoIBAQCYFj/6uNZiUVbMeQleR1Eb
noTsZK/PWVsc4d8MoVP064W646KeEF2IOfAFE/FQG2CC8qReEitZKokBxMbY8owy
sk+CWyZil7Q457hlDofkxIrTqyehufWuUrkqewEMKpdq1579B4/epK1TXzDNaMJF
4ZMirN2G3SqpkfLgMFCkp2X3DttJjUzFhWh54bfwJvMrCyGeOeC4PgYm0RnCRHKw
9Q/q2qWBheAd1DvnrCRkUqtbJpGWOf6QVZAPIukRVIVtl2zAJPw+RVIj846YRNyu
weyAMgUd84QtKm8TlMAvQ79XmQr4MJ89rbGUVIA8KG9YjEaNXTZzzGZVIgIUM/Wp
AgMBAAGjdjB0MFEGA1UdEQRKMEiHBAoBAA6CQGZ2LWF6NjIxLTUxMS5mcG5icmEz
YWQwenUxaHBxYXV1NHJzZGY0ZS5jeC5pbnRlcm5hbC5jbG91ZGFwcC5uZXQwDwYD
VR0TAQH/BAUwAwEB/zAOBgNVHQ8BAf8EBAMCAb4wDQYJKoZIhvcNAQELBQADggEB
ALTKnhbnbreFDBAezCt7bAS4g8s3/DvIM21zo6H5kitATwc/oFxT9E4CNeMcwAm/
NP82foJSVTStR9A43URqE0XaxjU587KMvZgstwCAlDxXuS67qE+31/3dGq+p5fJY
ETjlIWd2N8L0lOJk99quj8lkmLWhXDsxW3PzIaOtNZuTyRIthYDGQHR3KN1SaEYp
4gSNmINbN2QUFrnrolqhtAcpYvIB+0o1/FCDR4u0WMXDbmnrdACmc5X2pS1inVH3
yHw2uC1nLesmQhinhsqm/2qmUfb/1C41MSTVoWZ+R2lQ9wusbTsJ6MIit360Zrmm
Wefk0hYvg/6oco7Hm5PMrig=
-----END CERTIFICATE-----

-----BEGIN CERTIFICATE-----
MIID5zCCAs+gAwIBAgIBATANBgkqhkiG9w0BAQsFADB7MRswGQYDVQQDDBJzY20t
MUBmdi1hejYyMS01MTExLTArBgNVBAsMJGFkMmRjOTE3LTYyYzEtNDU2YS1hZTZl
LTIwOGQzYThmODBiODEtMCsGA1UECgwkOGI2YWIxMGQtMTgyMC00YjE1LWI5N2Qt
MWUxNTcxN2IzNTU3MB4XDTIzMDgyMzIyMTExM1oXDTI4MDkzMDIyMTExM1owezEb
MBkGA1UEAwwSc2NtLTFAZnYtYXo2MjEtNTExMS0wKwYDVQQLDCRhZDJkYzkxNy02
MmMxLTQ1NmEtYWU2ZS0yMDhkM2E4ZjgwYjgxLTArBgNVBAoMJDhiNmFiMTBkLTE4
MjAtNGIxNS1iOTdkLTFlMTU3MTdiMzU1NzCCASIwDQYJKoZIhvcNAQEBBQADggEP
ADCCAQoCggEBAMiBykPBK7VsGM0yHJbCNz7d3aX9Fr/jfMB3ypF2MuM215P5yZw5
9dZeKQwWKE5C8yoXusEAInaRFkzczZlBJSVE1f1hrJ+yWCHBV2N8qhE0Ijw5kGCy
mNxxuN1lBiEd5CamakqOIGxQPz1fsmBuPXvI9qW08/QoZ8cHhu2TD6CjwBQxiQ7e
fpSMxdLDvvOTyJCcLeRGfWL5x4MGDK7klsAoMINQEsceEWhevzL3vZVKXMGcUN8O
2C+d8ZDHxChROPe+IuU4+LrygNArL4Y5Jux/Ap0s2y0HQOyhjLb4J4KHDXGQKPoN
aL3pgC1/sSiR1IvwL1MXkp2uFAC+kzDtHwECAwEAAaN2MHQwDwYDVR0TAQH/BAUw
AwEB/zAOBgNVHQ8BAf8EBAMCAQYwUQYDVR0RBEowSIcECgEADoJAZnYtYXo2MjEt
NTExLmZwbmJyYTNhZDB6dTFocHFhdXU0cnNkZjRlLmN4LmludGVybmFsLmNsb3Vk
YXBwLm5ldDANBgkqhkiG9w0BAQsFAAOCAQEAxfo46Sv4dNzKevw+w3M1HwenPOWq
JNBOyb1fD9sGx50oqrYCowXfcjkGbkbeMHjHUtwyji11KMZEFAvV7u7rmslr75hx
smpB0+lhjzjmeYx2jnt8cs0dQP417Jp6SUju7FBx4hKoPrVY5jhh2ZZsDiWxnOLG
wHce12MihyDh7YNHi7CgIDs5juyQnn8RJ4MBZEgIkZS7Owv1w+WT4szNzXfjDUlb
V3vX1UeaPp/IM2SV7Yy5S46Yhc4CNcL+wpczjffIwBfulwsOKV2bHNrO7UliJPjn
2gOCT2oEPrn2b6Wz0zfqQ78aTae9ETHyeOq24MhLfbuTWGzIOQiUDuwM/w==
-----END CERTIFICATE-----

2023-08-23 22:11:13,830 [Time-limited test] INFO  ha.HASecurityUtils (HASecurityUtils.java:initializeSecurity(121)) - Successfully stored SCM signed certificate.
2023-08-23 22:11:13,832 [Time-limited test] WARN  server.ServerUtils (ServerUtils.java:getScmDbDir(155)) - ozone.scm.db.dirs is not configured. We recommend adding this setting. Falling back to ozone.metadata.dirs instead.
2023-08-23 22:11:13,832 [Time-limited test] INFO  ha.SCMHANodeDetails (SCMHANodeDetails.java:loadSCMHAConfig(210)) - ServiceID for StorageContainerManager is null
2023-08-23 22:11:13,832 [Time-limited test] INFO  ha.SCMHANodeDetails (SCMHANodeDetails.java:loadSCMHAConfig(215)) - ozone.scm.default.service.id is not defined, falling back to ozone.scm.service.ids to find serviceID for StorageContainerManager if it is HA enabled cluster
2023-08-23 22:11:13,839 [pool-551-thread-1] INFO  request.KdcRequest (KdcRequest.java:preauth(651)) - The preauth data is empty.
2023-08-23 22:11:13,839 [pool-551-thread-1] INFO  server.KdcHandler (KdcHandler.java:handleRecoverableException(177)) - KRB error occurred while processing request:Additional pre-authentication required
2023-08-23 22:11:13,841 [pool-551-thread-2] INFO  request.AsRequest (AsRequest.java:issueTicket(112)) - AS_REQ ISSUE: authtime 1692828673841,scm/fv-az621-511.fpnbra3ad0zu1hpqauu4rsdf4e.cx.internal.cloudapp.net@EXAMPLE.COM for krbtgt/EXAMPLE.COM@EXAMPLE.COM
2023-08-23 22:11:13,842 [Time-limited test] INFO  security.UserGroupInformation (UserGroupInformation.java:loginUserFromKeytab(1132)) - Login successful for user scm/fv-az621-511.fpnbra3ad0zu1hpqauu4rsdf4e.cx.internal.cloudapp.net@EXAMPLE.COM using keytab file scm.keytab. Keytab auto renewal enabled : false
2023-08-23 22:11:13,843 [Time-limited test] INFO  server.StorageContainerManager (StorageContainerManager.java:loginAsSCMUserIfSecurityEnabled(1042)) - SCM login successful.
2023-08-23 22:11:13,843 [Time-limited test] INFO  client.SCMCertificateClient (DefaultCertificateClient.java:updateCertSerialId(1244)) - Certificate serial ID set to 1544995140124
2023-08-23 22:11:13,844 [Time-limited test] INFO  client.SCMCertificateClient (DefaultCertificateClient.java:readCertificateFile(237)) - Added certificate   [0]         Version: 3
         SerialNumber: 1
             IssuerDN: CN=scm-1@fv-az621-511,OU=ad2dc917-62c1-456a-ae6e-208d3a8f80b8,O=8b6ab10d-1820-4b15-b97d-1e15717b3557
           Start Date: Wed Aug 23 22:11:13 UTC 2023
           Final Date: Sat Sep 30 22:11:13 UTC 2028
            SubjectDN: CN=scm-1@fv-az621-511,OU=ad2dc917-62c1-456a-ae6e-208d3a8f80b8,O=8b6ab10d-1820-4b15-b97d-1e15717b3557
           Public Key: RSA Public Key [0b:8d:e7:3c:64:92:eb:89:98:ed:4a:46:b7:8f:ad:5d:09:8b:b1:f0],[56:66:d1:a4]
        modulus: c881ca43c12bb56c18cd321c96c2373edddda5fd16bfe37cc077ca917632e336d793f9c99c39f5d65e290c16284e42f32a17bac100227691164cdccd9941252544d5fd61ac9fb25821c157637caa1134223c399060b298dc71b8dd6506211de426a66a4a8e206c503f3d5fb2606e3d7bc8f6a5b4f3f42867c70786ed930fa0a3c01431890ede7e948cc5d2c3bef393c8909c2de4467d62f9c783060caee496c02830835012c71e11685ebf32f7bd954a5cc19c50df0ed82f9df190c7c4285138f7be22e538f8baf280d02b2f863926ec7f029d2cdb2d0740eca18cb6f82782870d719028fa0d68bde9802d7fb12891d48bf02f5317929dae1400be9330ed1f01
public exponent: 10001

  Signature Algorithm: SHA256WITHRSA
            Signature: c5fa38e92bf874dcca7afc3ec373351f07a73ce5
                       aa24d04ec9bd5f0fdb06c79d28aab602a305df72
                       39066e46de3078c752dc328e2d7528c644140bd5
                       eeeeeb9ac96bef9871b26a41d3e9618f38e6798c
                       768e7b7c72cd1d40fe35ec9a7a4948eeec5071e2
                       12a83eb558e63861d9966c0e25b19ce2c6c0771e
                       d763228720e1ed83478bb0a0203b398eec909e7f
                       112783016448089194bb3b0bf5c3e593e2cccdcd
                       77e30d495b577bd7d5479a3e9fc8336495ed8cb9
                       4b8e9885ce0235c2fec297338df7c8c017ee970b
                       0e295d9b1cdaceed496224f8e7da03824f6a043e
                       b9f66fa5b3d337ea43bf1a4da7bd1131f278eab6
                       e0c84b7dbb93586cc83908940eec0cff
       Extensions: 
                       critical(true) BasicConstraints: isCa(true)
                       critical(true) KeyUsage: 0x6
                       critical(false) 2.5.29.17 value = Sequence
    Tagged [7] IMPLICIT 
        DER Octet String[4] 
    Tagged [2] IMPLICIT 
        DER Octet String[64] 

 from file: /tmp/junit3803010773846728704/junit6371287066368870991/scm-meta/scm/sub-ca/certs/CA-1.crt.
2023-08-23 22:11:13,845 [Time-limited test] INFO  client.SCMCertificateClient (DefaultCertificateClient.java:readCertificateFile(237)) - Added certificate   [0]         Version: 3
         SerialNumber: 1544995140124
             IssuerDN: CN=scm-1@fv-az621-511,OU=ad2dc917-62c1-456a-ae6e-208d3a8f80b8,O=8b6ab10d-1820-4b15-b97d-1e15717b3557
           Start Date: Wed Aug 23 22:11:13 UTC 2023
           Final Date: Sat Sep 30 22:11:13 UTC 2028
            SubjectDN: CN=scm-sub-1544991940433@fv-az621-511,OU=ad2dc917-62c1-456a-ae6e-208d3a8f80b8,O=8b6ab10d-1820-4b15-b97d-1e15717b3557
           Public Key: RSA Public Key [d5:9d:72:ea:5f:15:30:7f:a9:88:31:aa:4f:bc:dc:4e:dc:cd:2d:90],[56:66:d1:a4]
        modulus: 98163ffab8d6625156cc79095e47511b9e84ec64afcf595b1ce1df0ca153f4eb85bae3a29e105d8839f00513f1501b6082f2a45e122b592a8901c4c6d8f28c32b24f825b266297b438e7b8650e87e4c48ad3ab27a1b9f5ae52b92a7b010c2a976ad79efd078fdea4ad535f30cd68c245e19322acdd86dd2aa991f2e03050a4a765f70edb498d4cc5856879e1b7f026f32b0b219e39e0b83e0626d119c24472b0f50feadaa58185e01dd43be7ac246452ab5b26919639fe9055900f22e91154856d976cc024fc3e455223f38e9844dcaec1ec8032051df3842d2a6f1394c02f43bf57990af8309f3dadb19454803c286f588c468d5d3673cc665522021433f5a9
public exponent: 10001

  Signature Algorithm: SHA256WITHRSA
            Signature: b4ca9e16e76eb7850c101ecc2b7b6c04b883cb37
                       fc3bc8336d73a3a1f9922b404f073fa05c53f44e
                       0235e31cc009bf34ff367e82525534ad47d038dd
                       446a1345dac63539f3b28cbd982cb70080943c57
                       b92ebba84fb7d7fddd1aafa9e5f2581138e52167
                       7637c2f494e264f7daae8fc96498b5a15c3b315b
                       73f321a3ad359b93c9122d8580c640747728dd52
                       684629e2048d98835b37641416b9eba25aa1b407
                       2962f201fb4a35fc5083478bb458c5c36e69eb74
                       00a67395f6a52d629d51f7c87c36b82d672deb26
                       4218a786caa6ff6aa651f6ffd42e353124d5a166
                       7e476950f70bac6d3b09e8c222b77eb466b9a659
                       e7e4d2162f83fea8728ec79b93ccae28
       Extensions: 
                       critical(false) 2.5.29.17 value = Sequence
    Tagged [7] IMPLICIT 
        DER Octet String[4] 
    Tagged [2] IMPLICIT 
        DER Octet String[64] 

                       critical(true) BasicConstraints: isCa(true)
                       critical(true) KeyUsage: 0xbe
 from file: /tmp/junit3803010773846728704/junit6371287066368870991/scm-meta/scm/sub-ca/certs/1544995140124.crt.
2023-08-23 22:11:13,846 [Time-limited test] INFO  client.SCMCertificateClient (DefaultCertificateClient.java:readCertificateFile(237)) - Added certificate   [0]         Version: 3
         SerialNumber: 1544995140124
             IssuerDN: CN=scm-1@fv-az621-511,OU=ad2dc917-62c1-456a-ae6e-208d3a8f80b8,O=8b6ab10d-1820-4b15-b97d-1e15717b3557
           Start Date: Wed Aug 23 22:11:13 UTC 2023
           Final Date: Sat Sep 30 22:11:13 UTC 2028
            SubjectDN: CN=scm-sub-1544991940433@fv-az621-511,OU=ad2dc917-62c1-456a-ae6e-208d3a8f80b8,O=8b6ab10d-1820-4b15-b97d-1e15717b3557
           Public Key: RSA Public Key [d5:9d:72:ea:5f:15:30:7f:a9:88:31:aa:4f:bc:dc:4e:dc:cd:2d:90],[56:66:d1:a4]
        modulus: 98163ffab8d6625156cc79095e47511b9e84ec64afcf595b1ce1df0ca153f4eb85bae3a29e105d8839f00513f1501b6082f2a45e122b592a8901c4c6d8f28c32b24f825b266297b438e7b8650e87e4c48ad3ab27a1b9f5ae52b92a7b010c2a976ad79efd078fdea4ad535f30cd68c245e19322acdd86dd2aa991f2e03050a4a765f70edb498d4cc5856879e1b7f026f32b0b219e39e0b83e0626d119c24472b0f50feadaa58185e01dd43be7ac246452ab5b26919639fe9055900f22e91154856d976cc024fc3e455223f38e9844dcaec1ec8032051df3842d2a6f1394c02f43bf57990af8309f3dadb19454803c286f588c468d5d3673cc665522021433f5a9
public exponent: 10001

  Signature Algorithm: SHA256WITHRSA
            Signature: b4ca9e16e76eb7850c101ecc2b7b6c04b883cb37
                       fc3bc8336d73a3a1f9922b404f073fa05c53f44e
                       0235e31cc009bf34ff367e82525534ad47d038dd
                       446a1345dac63539f3b28cbd982cb70080943c57
                       b92ebba84fb7d7fddd1aafa9e5f2581138e52167
                       7637c2f494e264f7daae8fc96498b5a15c3b315b
                       73f321a3ad359b93c9122d8580c640747728dd52
                       684629e2048d98835b37641416b9eba25aa1b407
                       2962f201fb4a35fc5083478bb458c5c36e69eb74
                       00a67395f6a52d629d51f7c87c36b82d672deb26
                       4218a786caa6ff6aa651f6ffd42e353124d5a166
                       7e476950f70bac6d3b09e8c222b77eb466b9a659
                       e7e4d2162f83fea8728ec79b93ccae28
       Extensions: 
                       critical(false) 2.5.29.17 value = Sequence
    Tagged [7] IMPLICIT 
        DER Octet String[4] 
    Tagged [2] IMPLICIT 
        DER Octet String[64] 

                       critical(true) BasicConstraints: isCa(true)
                       critical(true) KeyUsage: 0xbe
 from file: /tmp/junit3803010773846728704/junit6371287066368870991/scm-meta/scm/sub-ca/certs/certificate.crt.
2023-08-23 22:11:13,846 [Time-limited test] INFO  client.SCMCertificateClient (DefaultCertificateClient.java:loadAllCertificates(191)) - CertificateRenewerService and root ca rotation polling is disabled for scm/sub-ca
2023-08-23 22:11:13,846 [Time-limited test] WARN  utils.HAUtils (HAUtils.java:getMetaDir(339)) - ozone.scm.db.dirs is not configured. We recommend adding this setting. Falling back to ozone.metadata.dirs instead.
2023-08-23 22:11:13,847 [Time-limited test] WARN  db.DBStoreBuilder (DBStoreBuilder.java:applyDBDefinition(166)) - ozone.scm.db.dirs is not configured. We recommend adding this setting. Falling back to ozone.metadata.dirs instead.
2023-08-23 22:11:13,948 [Time-limited test] INFO  net.NodeSchemaLoader (NodeSchemaLoader.java:loadSchemaFromFile(129)) - Loading schema from [jar:file:/home/runner/.m2/repository/org/apache/ozone/hdds-common/1.4.0-SNAPSHOT/hdds-common-1.4.0-SNAPSHOT.jar!/network-topology-default.xml]
2023-08-23 22:11:13,948 [Time-limited test] INFO  net.NodeSchemaLoader (NodeSchemaLoader.java:loadSchema(176)) - Loading network topology layer schema file
2023-08-23 22:11:13,951 [Time-limited test] INFO  upgrade.AbstractLayoutVersionManager (AbstractLayoutVersionManager.java:init(83)) - Initializing Layout version manager with metadata layout = HADOOP_PRC_PORTS_IN_DATANODEDETAILS (version = 7), software layout = HADOOP_PRC_PORTS_IN_DATANODEDETAILS (version = 7)
2023-08-23 22:11:13,952 [Time-limited test] INFO  ha.SequenceIdGenerator (SequenceIdGenerator.java:upgradeToSequenceId(365)) - upgrade localId to 111677748019200000
2023-08-23 22:11:13,953 [Time-limited test] INFO  ha.SequenceIdGenerator (SequenceIdGenerator.java:upgradeToSequenceId(375)) - upgrade delTxnId to 0
2023-08-23 22:11:13,953 [Time-limited test] INFO  ha.SequenceIdGenerator (SequenceIdGenerator.java:upgradeToSequenceId(392)) - upgrade containerId to 0
2023-08-23 22:11:13,954 [Time-limited test] INFO  ha.SequenceIdGenerator (SequenceIdGenerator.java:upgradeToSequenceId(428)) - upgrade rootCertificateId to 1
2023-08-23 22:11:13,954 [Time-limited test] INFO  ha.SequenceIdGenerator (SequenceIdGenerator.java:<init>(236)) - Init the HA SequenceIdGenerator.
2023-08-23 22:11:13,954 [Time-limited test] INFO  node.SCMNodeManager (SCMNodeManager.java:<init>(157)) - Entering startup safe mode.
2023-08-23 22:11:13,955 [Time-limited test] INFO  algorithms.ContainerPlacementPolicyFactory (ContainerPlacementPolicyFactory.java:getPolicyInternal(86)) - Create container placement policy of type org.apache.hadoop.hdds.scm.container.placement.algorithms.SCMContainerPlacementRackAware
2023-08-23 22:11:13,955 [Time-limited test] INFO  algorithms.ContainerPlacementPolicyFactory (ContainerPlacementPolicyFactory.java:getPolicyInternal(86)) - Create container placement policy of type org.apache.hadoop.hdds.scm.container.placement.algorithms.SCMContainerPlacementRackScatter
2023-08-23 22:11:13,955 [Time-limited test] INFO  pipeline.PipelineStateManagerImpl (PipelineStateManagerImpl.java:initialize(78)) - No pipeline exists in current db
2023-08-23 22:11:13,955 [Time-limited test] INFO  algorithms.LeaderChoosePolicyFactory (LeaderChoosePolicyFactory.java:getPolicy(57)) - Create leader choose policy of type org.apache.hadoop.hdds.scm.pipeline.leader.choose.algorithms.MinLeaderCountChoosePolicy
2023-08-23 22:11:13,955 [Time-limited test] INFO  algorithms.ContainerPlacementPolicyFactory (ContainerPlacementPolicyFactory.java:getPolicyInternal(86)) - Create container placement policy of type org.apache.hadoop.hdds.scm.container.placement.algorithms.SCMContainerPlacementRackScatter
2023-08-23 22:11:13,955 [Time-limited test] INFO  ha.SCMServiceManager (SCMServiceManager.java:register(42)) - Registering service BackgroundPipelineCreator.
2023-08-23 22:11:13,955 [Time-limited test] INFO  pipeline.BackgroundPipelineCreator (BackgroundPipelineCreator.java:start(124)) - Starting RatisPipelineUtilsThread.
2023-08-23 22:11:13,957 [Time-limited test] INFO  BackgroundPipelineScrubber (BackgroundSCMService.java:start(68)) - Starting BackgroundPipelineScrubber Service.
2023-08-23 22:11:13,957 [Time-limited test] INFO  ha.SCMServiceManager (SCMServiceManager.java:register(42)) - Registering service BackgroundPipelineScrubber.
2023-08-23 22:11:13,957 [Time-limited test] INFO  ExpiredContainerReplicaOpScrubber (BackgroundSCMService.java:start(68)) - Starting ExpiredContainerReplicaOpScrubber Service.
2023-08-23 22:11:13,957 [Time-limited test] INFO  ha.SCMServiceManager (SCMServiceManager.java:register(42)) - Registering service ExpiredContainerReplicaOpScrubber.
2023-08-23 22:11:13,958 [Time-limited test] INFO  algorithms.PipelineChoosePolicyFactory (PipelineChoosePolicyFactory.java:createPipelineChoosePolicyFromClass(78)) - Create pipeline choose policy of type org.apache.hadoop.hdds.scm.pipeline.choose.algorithms.RandomPipelineChoosePolicy
2023-08-23 22:11:13,958 [Time-limited test] INFO  algorithms.PipelineChoosePolicyFactory (PipelineChoosePolicyFactory.java:createPipelineChoosePolicyFromClass(78)) - Create pipeline choose policy of type org.apache.hadoop.hdds.scm.pipeline.choose.algorithms.RandomPipelineChoosePolicy
2023-08-23 22:11:13,959 [Time-limited test] INFO  ha.SCMServiceManager (SCMServiceManager.java:register(42)) - Registering service SCMBlockDeletingService.
2023-08-23 22:11:13,963 [Time-limited test] INFO  replication.ReplicationManager (ReplicationManager.java:start(287)) - Starting Replication Monitor Thread.
2023-08-23 22:11:13,967 [Time-limited test] INFO  ha.SCMServiceManager (SCMServiceManager.java:register(42)) - Registering service ReplicationManager.
2023-08-23 22:11:13,967 [ReplicationMonitor] INFO  replication.ReplicationManager (ReplicationManager.java:processAll(361)) - Replication Manager is not ready to run until 300000ms after safemode exit
2023-08-23 22:11:13,967 [Time-limited test] INFO  safemode.ContainerSafeModeRule (ContainerSafeModeRule.java:<init>(90)) - containers with one replica threshold count 0
2023-08-23 22:11:13,968 [Time-limited test] INFO  safemode.HealthyPipelineSafeModeRule (HealthyPipelineSafeModeRule.java:initializeRule(169)) - Total pipeline count is 0, healthy pipeline threshold count is 0
2023-08-23 22:11:13,968 [Time-limited test] INFO  safemode.OneReplicaPipelineSafeModeRule (OneReplicaPipelineSafeModeRule.java:initializeRule(180)) - Total pipeline count is 0, pipeline's with at least one datanode reported threshold count is 0
2023-08-23 22:11:13,970 [Time-limited test] INFO  authority.DefaultCAServer (DefaultCAServer.java:lambda$processVerificationStatus$0(472)) - CertificateServer validation is successful
2023-08-23 22:11:13,971 [Time-limited test] INFO  authority.DefaultCAServer (DefaultCAServer.java:lambda$processVerificationStatus$0(472)) - CertificateServer validation is successful
2023-08-23 22:11:13,971 [Time-limited test] INFO  server.StorageContainerManager (StorageContainerManager.java:persistPrimarySCMCerts(932)) - Storing sub-ca certificate serialId 1544995140124 on primary SCM
2023-08-23 22:11:13,972 [Time-limited test] INFO  server.SCMCertStore (SCMCertStore.java:storeValidScmCertificate(122)) - Scm certificate 1544995140124 for CN=scm-sub-1544991940433@fv-az621-511,OU=ad2dc917-62c1-456a-ae6e-208d3a8f80b8,O=8b6ab10d-1820-4b15-b97d-1e15717b3557 is stored
2023-08-23 22:11:13,972 [Time-limited test] INFO  server.StorageContainerManager (StorageContainerManager.java:persistPrimarySCMCerts(940)) - Storing root certificate serialId 1
2023-08-23 22:11:13,973 [Time-limited test] INFO  server.SCMCertStore (SCMCertStore.java:storeValidScmCertificate(122)) - Scm certificate 1 for CN=scm-1@fv-az621-511,OU=ad2dc917-62c1-456a-ae6e-208d3a8f80b8,O=8b6ab10d-1820-4b15-b97d-1e15717b3557 is stored
2023-08-23 22:11:13,973 [Time-limited test] INFO  ipc.CallQueueManager (CallQueueManager.java:<init>(90)) - Using callQueue: class java.util.concurrent.LinkedBlockingQueue, queueCapacity: 200, scheduler: class org.apache.hadoop.ipc.DefaultRpcScheduler, ipcBackoff: false.
2023-08-23 22:11:13,973 [Time-limited test] INFO  ipc.Server (Server.java:<init>(1287)) - Listener at 0.0.0.0:9961
2023-08-23 22:11:13,974 [Socket Reader #1 for port 9961] INFO  ipc.Server (Server.java:run(1323)) - Starting Socket Reader #1 for port 9961
2023-08-23 22:11:13,977 [Time-limited test] INFO  server.StorageContainerManager (StorageContainerManager.java:<init>(425)) - SCM start with adminUsers: [om/fv-az621-511.fpnbra3ad0zu1hpqauu4rsdf4e.cx.internal.cloudapp.net@EXAMPLE.COM, scm]
2023-08-23 22:11:13,977 [Time-limited test] INFO  ipc.CallQueueManager (CallQueueManager.java:<init>(90)) - Using callQueue: class java.util.concurrent.LinkedBlockingQueue, queueCapacity: 10000, scheduler: class org.apache.hadoop.ipc.DefaultRpcScheduler, ipcBackoff: false.
2023-08-23 22:11:13,978 [Time-limited test] INFO  ipc.Server (Server.java:<init>(1287)) - Listener at 0.0.0.0:9861
2023-08-23 22:11:13,979 [Socket Reader #1 for port 9861] INFO  ipc.Server (Server.java:run(1323)) - Starting Socket Reader #1 for port 9861
2023-08-23 22:11:13,981 [Time-limited test] INFO  ipc.CallQueueManager (CallQueueManager.java:<init>(90)) - Using callQueue: class java.util.concurrent.LinkedBlockingQueue, queueCapacity: 10000, scheduler: class org.apache.hadoop.ipc.DefaultRpcScheduler, ipcBackoff: false.
2023-08-23 22:11:13,981 [Time-limited test] INFO  ipc.Server (Server.java:<init>(1287)) - Listener at 0.0.0.0:9863
2023-08-23 22:11:13,981 [Socket Reader #1 for port 9863] INFO  ipc.Server (Server.java:run(1323)) - Starting Socket Reader #1 for port 9863
2023-08-23 22:11:13,983 [Time-limited test] INFO  ipc.CallQueueManager (CallQueueManager.java:<init>(90)) - Using callQueue: class java.util.concurrent.LinkedBlockingQueue, queueCapacity: 10000, scheduler: class org.apache.hadoop.ipc.DefaultRpcScheduler, ipcBackoff: false.
2023-08-23 22:11:13,983 [Time-limited test] INFO  ipc.Server (Server.java:<init>(1287)) - Listener at 0.0.0.0:9860
2023-08-23 22:11:13,983 [Socket Reader #1 for port 9860] INFO  ipc.Server (Server.java:run(1323)) - Starting Socket Reader #1 for port 9860
2023-08-23 22:11:13,996 [Time-limited test] INFO  ha.SCMServiceManager (SCMServiceManager.java:register(42)) - Registering service ContainerBalancer.
2023-08-23 22:11:13,996 [Time-limited test] INFO  server.StorageContainerManager (StorageContainerManager.java:<init>(438)) - 
Container Balancer status:
Key                            Value
Running                        false
Container Balancer Configuration values:
Key                                                Value
Threshold                                          10
Max Datanodes to Involve per Iteration(percent)    20
Max Size to Move per Iteration                     500GB
Max Size Entering Target per Iteration             26GB
Max Size Leaving Source per Iteration              26GB

2023-08-23 22:11:13,996 [Time-limited test] INFO  ha.SCMContext (SCMContext.java:updateSafeModeStatus(228)) - Update SafeModeStatus from SafeModeStatus{safeModeStatus=true, preCheckPassed=false} to SafeModeStatus{safeModeStatus=true, preCheckPassed=false}.
2023-08-23 22:11:13,996 [Time-limited test] INFO  server.StorageContainerManager (StorageContainerManager.java:start(1483)) - StorageContainerLocationProtocol RPC server is listening at /0.0.0.0:9860
2023-08-23 22:11:13,996 [Time-limited test] INFO  impl.MetricsSystemImpl (MetricsSystemImpl.java:init(158)) - StorageContainerManager metrics system started (again)
2023-08-23 22:11:14,019 [Time-limited test] INFO  server.SCMClientProtocolServer (SCMClientProtocolServer.java:start(201)) - RPC server for Client  is listening at /0.0.0.0:9860
2023-08-23 22:11:14,022 [IPC Server Responder] INFO  ipc.Server (Server.java:run(1562)) - IPC Server Responder: starting
2023-08-23 22:11:14,032 [Time-limited test] INFO  server.StorageContainerManager (StorageContainerManager.java:start(1496)) - ScmBlockLocationProtocol RPC server is listening at /0.0.0.0:9863
2023-08-23 22:11:14,033 [Time-limited test] INFO  server.SCMBlockProtocolServer (SCMBlockProtocolServer.java:start(152)) - RPC server for Block Protocol is listening at /0.0.0.0:9863
2023-08-23 22:11:14,033 [IPC Server Responder] INFO  ipc.Server (Server.java:run(1562)) - IPC Server Responder: starting
2023-08-23 22:11:14,033 [IPC Server listener on 9863] INFO  ipc.Server (Server.java:run(1402)) - IPC Server listener on 9863: starting
2023-08-23 22:11:14,043 [Time-limited test] INFO  server.SCMDatanodeProtocolServer (SCMDatanodeProtocolServer.java:start(193)) - ScmDatanodeProtocol RPC server for DataNodes is listening at /0.0.0.0:9861
2023-08-23 22:11:14,044 [IPC Server Responder] INFO  ipc.Server (Server.java:run(1562)) - IPC Server Responder: starting
2023-08-23 22:11:14,044 [IPC Server listener on 9861] INFO  ipc.Server (Server.java:run(1402)) - IPC Server listener on 9861: starting
2023-08-23 22:11:14,053 [Time-limited test] INFO  server.SCMSecurityProtocolServer (SCMSecurityProtocolServer.java:start(542)) - Starting RPC server for SCMSecurityProtocolServer. is listening at /0.0.0.0:9961
2023-08-23 22:11:14,054 [IPC Server Responder] INFO  ipc.Server (Server.java:run(1562)) - IPC Server Responder: starting
2023-08-23 22:11:14,054 [IPC Server listener on 9961] INFO  ipc.Server (Server.java:run(1402)) - IPC Server listener on 9961: starting
2023-08-23 22:11:14,054 [Time-limited test] INFO  server.SCMUpdateServiceGrpcServer (SCMUpdateServiceGrpcServer.java:start(58)) - SCMUpdateService starting
2023-08-23 22:11:14,055 [IPC Server listener on 9860] INFO  ipc.Server (Server.java:run(1402)) - IPC Server listener on 9860: starting
2023-08-23 22:11:14,071 [JvmPauseMonitor8] INFO  util.JvmPauseMonitor (JvmPauseMonitor.java:run(103)) - JvmPauseMonitor-ad2dc917-62c1-456a-ae6e-208d3a8f80b8: Started
2023-08-23 22:11:14,072 [Time-limited test] INFO  http.BaseHttpServer (BaseHttpServer.java:newHttpServer2BuilderForOzone(224)) - Starting Web-server for scm at: http://0.0.0.0:9876
2023-08-23 22:11:14,073 [Time-limited test] INFO  http.BaseHttpServer (BaseHttpServer.java:<init>(111)) - Hadoop Security Enabled: true Ozone Security Enabled: true Ozone HTTP Security Enabled: false 
2023-08-23 22:11:14,074 [Time-limited test] WARN  server.AuthenticationFilter (AuthenticationFilter.java:constructSecretProvider(240)) - Unable to initialize FileSignerSecretProvider, falling back to use random secrets. Reason: Could not read signature secret file: /home/runner/hadoop-http-auth-signature-secret
2023-08-23 22:11:14,075 [Time-limited test] INFO  http.HttpRequestLog (HttpRequestLog.java:getRequestLog(86)) - Http request log for http.requests.scm is not defined
2023-08-23 22:11:14,077 [Time-limited test] INFO  http.HttpServer2 (HttpServer2.java:addGlobalFilter(1031)) - Added global filter 'safety' (class=org.apache.hadoop.hdds.server.http.HttpServer2$QuotingInputFilter)
2023-08-23 22:11:14,079 [Time-limited test] INFO  http.HttpServer2 (HttpServer2.java:addFilter(1007)) - Added filter static_user_filter (class=org.apache.hadoop.http.lib.StaticUserWebFilter$StaticUserFilter) to context scm
2023-08-23 22:11:14,079 [Time-limited test] INFO  http.HttpServer2 (HttpServer2.java:addFilter(1015)) - Added filter static_user_filter (class=org.apache.hadoop.http.lib.StaticUserWebFilter$StaticUserFilter) to context logs
2023-08-23 22:11:14,079 [Time-limited test] INFO  http.HttpServer2 (HttpServer2.java:addFilter(1015)) - Added filter static_user_filter (class=org.apache.hadoop.http.lib.StaticUserWebFilter$StaticUserFilter) to context static
2023-08-23 22:11:14,080 [Time-limited test] INFO  http.BaseHttpServer (BaseHttpServer.java:<init>(190)) - HTTP server of scm uses base directory /tmp/junit3803010773846728704/junit6371287066368870991/scm-meta/webserver
2023-08-23 22:11:14,080 [Time-limited test] INFO  http.HttpServer2 (HttpServer2.java:bindListener(1250)) - Jetty bound to port 9876
2023-08-23 22:11:14,080 [Time-limited test] INFO  server.Server (Server.java:doStart(375)) - jetty-9.4.51.v20230217; built: 2023-02-17T08:19:37.309Z; git: b45c405e4544384de066f814ed42ae3dceacdd49; jvm 1.8.0_382-b05
2023-08-23 22:11:14,083 [Time-limited test] INFO  server.session (DefaultSessionIdManager.java:doStart(334)) - DefaultSessionIdManager workerName=node0
2023-08-23 22:11:14,083 [Time-limited test] INFO  server.session (DefaultSessionIdManager.java:doStart(339)) - No SessionScavenger set, using defaults
2023-08-23 22:11:14,083 [Time-limited test] INFO  server.session (HouseKeeper.java:startScavenging(132)) - node0 Scavenging every 600000ms
2023-08-23 22:11:14,084 [Time-limited test] INFO  handler.ContextHandler (ContextHandler.java:doStart(921)) - Started o.e.j.s.ServletContextHandler@4e8f5868{logs,/logs,file:///home/runner/work/ozone/ozone/hadoop-ozone/integration-test/target/log,AVAILABLE}
2023-08-23 22:11:14,085 [Time-limited test] INFO  handler.ContextHandler (ContextHandler.java:doStart(921)) - Started o.e.j.s.ServletContextHandler@edbc36c{static,/static,file:///home/runner/work/ozone/ozone/hadoop-ozone/integration-test/target/test-classes/webapps/static,AVAILABLE}
2023-08-23 22:11:14,087 [Time-limited test] INFO  handler.ContextHandler (ContextHandler.java:doStart(921)) - Started o.e.j.w.WebAppContext@3b5a2f12{scm,/,file:///home/runner/work/ozone/ozone/hadoop-ozone/integration-test/target/test-classes/webapps/scm/,AVAILABLE}{file:/home/runner/work/ozone/ozone/hadoop-ozone/integration-test/target/test-classes/webapps/scm}
2023-08-23 22:11:14,091 [Time-limited test] INFO  server.AbstractConnector (AbstractConnector.java:doStart(333)) - Started ServerConnector@5146dfa{HTTP/1.1, (http/1.1)}{0.0.0.0:9876}
2023-08-23 22:11:14,092 [Time-limited test] INFO  server.Server (Server.java:doStart(415)) - Started @138667ms
2023-08-23 22:11:14,092 [Time-limited test] WARN  impl.MetricsSystemImpl (MetricsSystemImpl.java:register(279)) - Sink prometheus already exists!
2023-08-23 22:11:14,092 [Time-limited test] INFO  http.BaseHttpServer (BaseHttpServer.java:updateConnectorAddress(344)) - HTTP server of scm listening at http://0.0.0.0:9876
2023-08-23 22:11:14,096 [pool-551-thread-2] INFO  request.KdcRequest (KdcRequest.java:preauth(651)) - The preauth data is empty.
2023-08-23 22:11:14,096 [pool-551-thread-2] INFO  server.KdcHandler (KdcHandler.java:handleRecoverableException(177)) - KRB error occurred while processing request:Additional pre-authentication required
2023-08-23 22:11:14,102 [pool-551-thread-2] INFO  request.AsRequest (AsRequest.java:issueTicket(112)) - AS_REQ ISSUE: authtime 1692828674102,test@EXAMPLE.COM for krbtgt/EXAMPLE.COM@EXAMPLE.COM
2023-08-23 22:11:14,120 [pool-551-thread-2] INFO  request.TgsRequest (TgsRequest.java:issueTicket(115)) - TGS_REQ ISSUE: authtime 1692828674120,scm/fv-az621-511.fpnbra3ad0zu1hpqauu4rsdf4e.cx.internal.cloudapp.net for scm/fv-az621-511.fpnbra3ad0zu1hpqauu4rsdf4e.cx.internal.cloudapp.net@EXAMPLE.COM
2023-08-23 22:11:14,126 [Socket Reader #1 for port 9961] INFO  ipc.Server (Server.java:saslProcess(2139)) - Auth successful for scm/fv-az621-511.fpnbra3ad0zu1hpqauu4rsdf4e.cx.internal.cloudapp.net@EXAMPLE.COM (auth:KERBEROS) from fv-az621-511.fpnbra3ad0zu1hpqauu4rsdf4e.cx.internal.cloudapp.net:35759 / 10.1.0.14:35759
2023-08-23 22:11:14,145 [IPC Server handler 0 on default port 9961] INFO  client.SCMCertificateClient (DefaultCertificateClient.java:getAllRootCaCerts(901)) - scm/sub-ca has 0 Root CA certificates
2023-08-23 22:11:14,145 [IPC Server handler 0 on default port 9961] INFO  client.SCMCertificateClient (DefaultCertificateClient.java:getAllCaCerts(909)) - scm/sub-ca has 1 CA certificates
2023-08-23 22:11:14,148 [scm/sub-ca-refreshCACertificates] INFO  client.SCMCertificateClient (DefaultCertificateClient.java:getAllRootCaCerts(901)) - scm/sub-ca has 0 Root CA certificates
2023-08-23 22:11:14,148 [scm/sub-ca-refreshCACertificates] INFO  client.SCMCertificateClient (DefaultCertificateClient.java:getAllCaCerts(909)) - scm/sub-ca has 1 CA certificates
2023-08-23 22:11:14,148 [scm/sub-ca-refreshCACertificates] INFO  client.SCMCertificateClient (SCMCertificateClient.java:run(277)) - CA certificates are not changed.
2023-08-23 22:11:14,179 [pool-551-thread-2] INFO  request.TgsRequest (TgsRequest.java:issueTicket(115)) - TGS_REQ ISSUE: authtime 1692828674179,test for scm/fv-az621-511.fpnbra3ad0zu1hpqauu4rsdf4e.cx.internal.cloudapp.net@EXAMPLE.COM
2023-08-23 22:11:14,185 [Socket Reader #1 for port 9860] INFO  ipc.Server (Server.java:saslProcess(2139)) - Auth successful for test@EXAMPLE.COM (auth:KERBEROS) from fv-az621-511.fpnbra3ad0zu1hpqauu4rsdf4e.cx.internal.cloudapp.net:47490 / 10.1.0.14:47490
2023-08-23 22:11:14,327 [IPC Server handler 0 on default port 9860] INFO  ipc.Server (Server.java:logException(3109)) - IPC Server handler 0 on default port 9860, call Call#36 Retry#0 org.apache.hadoop.hdds.scm.protocol.StorageContainerLocationProtocol.submitRequest from fv-az621-511.fpnbra3ad0zu1hpqauu4rsdf4e.cx.internal.cloudapp.net:47490 / 10.1.0.14:47490
org.apache.hadoop.security.AccessControlException: Access denied for user test@EXAMPLE.COM. SCM superuser privilege is required.
	at org.apache.hadoop.hdds.scm.server.StorageContainerManager.checkAdminAccess(StorageContainerManager.java:1895)
	at org.apache.hadoop.hdds.scm.server.SCMClientProtocolServer.forceExitSafeMode(SCMClientProtocolServer.java:935)
	at org.apache.hadoop.hdds.scm.protocol.StorageContainerLocationProtocolServerSideTranslatorPB.forceExitSafeMode(StorageContainerLocationProtocolServerSideTranslatorPB.java:1013)
	at org.apache.hadoop.hdds.scm.protocol.StorageContainerLocationProtocolServerSideTranslatorPB.processRequest(StorageContainerLocationProtocolServerSideTranslatorPB.java:533)
	at org.apache.hadoop.hdds.server.OzoneProtocolMessageDispatcher.processRequest(OzoneProtocolMessageDispatcher.java:87)
	at org.apache.hadoop.hdds.scm.protocol.StorageContainerLocationProtocolServerSideTranslatorPB.submitRequest(StorageContainerLocationProtocolServerSideTranslatorPB.java:221)
	at org.apache.hadoop.hdds.protocol.proto.StorageContainerLocationProtocolProtos$StorageContainerLocationProtocolService$2.callBlockingMethod(StorageContainerLocationProtocolProtos.java)
	at org.apache.hadoop.ipc.ProtobufRpcEngine$Server.processCall(ProtobufRpcEngine.java:484)
	at org.apache.hadoop.ipc.ProtobufRpcEngine2$Server$ProtoBufRpcInvoker.call(ProtobufRpcEngine2.java:595)
	at org.apache.hadoop.ipc.ProtobufRpcEngine2$Server$ProtoBufRpcInvoker.call(ProtobufRpcEngine2.java:573)
	at org.apache.hadoop.ipc.RPC$Server.call(RPC.java:1227)
	at org.apache.hadoop.ipc.Server$RpcCall.run(Server.java:1094)
	at org.apache.hadoop.ipc.Server$RpcCall.run(Server.java:1017)
	at java.security.AccessController.doPrivileged(Native Method)
	at javax.security.auth.Subject.doAs(Subject.java:422)
	at org.apache.hadoop.security.UserGroupInformation.doAs(UserGroupInformation.java:1899)
	at org.apache.hadoop.ipc.Server$Handler.run(Server.java:3048)
2023-08-23 22:11:14,331 [Time-limited test] WARN  ipc.Client (Client.java:run(733)) - Exception encountered while connecting to the server 0.0.0.0/0.0.0.0:9860
org.apache.hadoop.security.AccessControlException: Client cannot authenticate via:[KERBEROS]
	at org.apache.hadoop.security.SaslRpcClient.selectSaslClient(SaslRpcClient.java:179)
	at org.apache.hadoop.security.SaslRpcClient.saslConnect(SaslRpcClient.java:392)
	at org.apache.hadoop.ipc.Client$Connection.setupSaslConnection(Client.java:561)
	at org.apache.hadoop.ipc.Client$Connection.access$2100(Client.java:347)
	at org.apache.hadoop.ipc.Client$Connection$2.run(Client.java:783)
	at org.apache.hadoop.ipc.Client$Connection$2.run(Client.java:779)
	at java.security.AccessController.doPrivileged(Native Method)
	at javax.security.auth.Subject.doAs(Subject.java:422)
	at org.apache.hadoop.security.UserGroupInformation.doAs(UserGroupInformation.java:1899)
	at org.apache.hadoop.ipc.Client$Connection.setupIOstreams(Client.java:779)
	at org.apache.hadoop.ipc.Client$Connection.access$3800(Client.java:347)
	at org.apache.hadoop.ipc.Client.getConnection(Client.java:1632)
	at org.apache.hadoop.ipc.Client.call(Client.java:1457)
	at org.apache.hadoop.ipc.Client.call(Client.java:1410)
	at org.apache.hadoop.ipc.ProtobufRpcEngine$Invoker.invoke(ProtobufRpcEngine.java:250)
	at org.apache.hadoop.ipc.ProtobufRpcEngine$Invoker.invoke(ProtobufRpcEngine.java:132)
	at com.sun.proxy.$Proxy48.submitRequest(Unknown Source)
	at org.apache.hadoop.hdds.scm.protocolPB.StorageContainerLocationProtocolClientSideTranslatorPB.submitRpcRequest(StorageContainerLocationProtocolClientSideTranslatorPB.java:191)
	at org.apache.hadoop.hdds.scm.protocolPB.StorageContainerLocationProtocolClientSideTranslatorPB.submitRequest(StorageContainerLocationProtocolClientSideTranslatorPB.java:175)
	at org.apache.hadoop.hdds.scm.protocolPB.StorageContainerLocationProtocolClientSideTranslatorPB.forceExitSafeMode(StorageContainerLocationProtocolClientSideTranslatorPB.java:792)
	at org.junit.Assert.assertThrows(Assert.java:1001)
	at org.junit.Assert.assertThrows(Assert.java:981)
	at org.apache.hadoop.ozone.TestSecureOzoneCluster.testAdminAccessControlException(TestSecureOzoneCluster.java:444)
	at sun.reflect.NativeMethodAccessorImpl.invoke0(Native Method)
	at sun.reflect.NativeMethodAccessorImpl.invoke(NativeMethodAccessorImpl.java:62)
	at sun.reflect.DelegatingMethodAccessorImpl.invoke(DelegatingMethodAccessorImpl.java:43)
	at java.lang.reflect.Method.invoke(Method.java:498)
	at org.junit.runners.model.FrameworkMethod$1.runReflectiveCall(FrameworkMethod.java:59)
	at org.junit.internal.runners.model.ReflectiveCallable.run(ReflectiveCallable.java:12)
	at org.junit.runners.model.FrameworkMethod.invokeExplosively(FrameworkMethod.java:56)
	at org.junit.internal.runners.statements.InvokeMethod.evaluate(InvokeMethod.java:17)
	at org.junit.internal.runners.statements.RunBefores.evaluate(RunBefores.java:26)
	at org.junit.internal.runners.statements.RunAfters.evaluate(RunAfters.java:27)
	at org.junit.rules.ExternalResource$1.evaluate(ExternalResource.java:54)
	at org.junit.internal.runners.statements.FailOnTimeout$CallableStatement.call(FailOnTimeout.java:288)
	at org.junit.internal.runners.statements.FailOnTimeout$CallableStatement.call(FailOnTimeout.java:282)
	at java.util.concurrent.FutureTask.run(FutureTask.java:266)
	at java.lang.Thread.run(Thread.java:750)
2023-08-23 22:11:14,332 [Time-limited test] INFO  server.StorageContainerManager (StorageContainerManager.java:stop(1591)) - Container Balancer is not running.
2023-08-23 22:11:14,332 [Time-limited test] INFO  server.StorageContainerManager (StorageContainerManager.java:stopReplicationManager(1724)) - Stopping Replication Manager Service.
2023-08-23 22:11:14,332 [Time-limited test] INFO  replication.ReplicationManager (ReplicationManager.java:stop(319)) - Stopping Replication Monitor Thread.
2023-08-23 22:11:14,332 [Under Replicated Processor] WARN  replication.UnhealthyReplicationProcessor (UnhealthyReplicationProcessor.java:run(180)) - Under Replicated Processor interrupted. Exiting...
2023-08-23 22:11:14,332 [Over Replicated Processor] WARN  replication.UnhealthyReplicationProcessor (UnhealthyReplicationProcessor.java:run(180)) - Over Replicated Processor interrupted. Exiting...
2023-08-23 22:11:14,332 [Time-limited test] INFO  server.StorageContainerManager (StorageContainerManager.java:stop(1600)) - Stopping the Datanode Admin Monitor.
2023-08-23 22:11:14,333 [ReplicationMonitor] INFO  replication.ReplicationManager (ReplicationManager.java:run(917)) - Replication Monitor Thread is stopped
2023-08-23 22:11:14,333 [Time-limited test] INFO  server.StorageContainerManager (StorageContainerManager.java:stop(1607)) - Stopping datanode service RPC server
2023-08-23 22:11:14,333 [Time-limited test] INFO  server.SCMDatanodeProtocolServer (SCMDatanodeProtocolServer.java:stop(424)) - Stopping the RPC server for DataNodes
2023-08-23 22:11:14,333 [Time-limited test] INFO  ipc.Server (Server.java:stop(3523)) - Stopping server on 9861
2023-08-23 22:11:14,343 [IPC Server listener on 9861] INFO  ipc.Server (Server.java:run(1434)) - Stopping IPC Server listener on 9861
2023-08-23 22:11:14,343 [IPC Server Responder] INFO  ipc.Server (Server.java:run(1567)) - Stopping IPC Server Responder
2023-08-23 22:11:16,954 [SCM Heartbeat Processing Thread - 0] WARN  node.NodeStateManager (NodeStateManager.java:scheduleNextHealthCheck(874)) - Current Thread is interrupted, shutting down HB processing thread for Node Manager.
2023-08-23 22:11:16,954 [Time-limited test] INFO  server.StorageContainerManager (StorageContainerManager.java:stop(1615)) - Stopping block service RPC server
2023-08-23 22:11:16,955 [Time-limited test] INFO  server.SCMBlockProtocolServer (SCMBlockProtocolServer.java:stop(161)) - Stopping the RPC server for Block Protocol
2023-08-23 22:11:16,955 [Time-limited test] INFO  ipc.Server (Server.java:stop(3523)) - Stopping server on 9863
2023-08-23 22:11:16,956 [IPC Server listener on 9863] INFO  ipc.Server (Server.java:run(1434)) - Stopping IPC Server listener on 9863
2023-08-23 22:11:16,956 [Time-limited test] INFO  server.StorageContainerManager (StorageContainerManager.java:stop(1622)) - Stopping the StorageContainerLocationProtocol RPC server
2023-08-23 22:11:16,956 [Time-limited test] INFO  server.SCMClientProtocolServer (SCMClientProtocolServer.java:stop(210)) - Stopping the RPC server for Client Protocol
2023-08-23 22:11:16,956 [Time-limited test] INFO  ipc.Server (Server.java:stop(3523)) - Stopping server on 9860
2023-08-23 22:11:16,956 [IPC Server Responder] INFO  ipc.Server (Server.java:run(1567)) - Stopping IPC Server Responder
2023-08-23 22:11:16,960 [IPC Server listener on 9860] INFO  ipc.Server (Server.java:run(1434)) - Stopping IPC Server listener on 9860
2023-08-23 22:11:16,961 [IPC Server Responder] INFO  ipc.Server (Server.java:run(1567)) - Stopping IPC Server Responder
2023-08-23 22:11:16,961 [Time-limited test] INFO  server.StorageContainerManager (StorageContainerManager.java:stop(1629)) - Stopping Storage Container Manager HTTP server.
2023-08-23 22:11:16,962 [Time-limited test] INFO  handler.ContextHandler (ContextHandler.java:doStop(1159)) - Stopped o.e.j.w.WebAppContext@3b5a2f12{scm,/,null,STOPPED}{file:/home/runner/work/ozone/ozone/hadoop-ozone/integration-test/target/test-classes/webapps/scm}
2023-08-23 22:11:16,963 [Time-limited test] INFO  server.AbstractConnector (AbstractConnector.java:doStop(383)) - Stopped ServerConnector@5146dfa{HTTP/1.1, (http/1.1)}{0.0.0.0:9876}
2023-08-23 22:11:16,963 [Time-limited test] INFO  server.session (HouseKeeper.java:stopScavenging(149)) - node0 Stopped scavenging
2023-08-23 22:11:16,963 [Time-limited test] INFO  handler.ContextHandler (ContextHandler.java:doStop(1159)) - Stopped o.e.j.s.ServletContextHandler@edbc36c{static,/static,file:///home/runner/work/ozone/ozone/hadoop-ozone/integration-test/target/test-classes/webapps/static,STOPPED}
2023-08-23 22:11:16,963 [Time-limited test] INFO  handler.ContextHandler (ContextHandler.java:doStop(1159)) - Stopped o.e.j.s.ServletContextHandler@4e8f5868{logs,/logs,file:///home/runner/work/ozone/ozone/hadoop-ozone/integration-test/target/log,STOPPED}
2023-08-23 22:11:16,964 [Time-limited test] INFO  server.StorageContainerManager (StorageContainerManager.java:stop(1637)) - Stopping SCM LayoutVersionManager Service.
2023-08-23 22:11:16,965 [Time-limited test] INFO  server.SCMSecurityProtocolServer (SCMSecurityProtocolServer.java:stop(550)) - Stopping the SCMSecurityProtocolServer.
2023-08-23 22:11:16,965 [Time-limited test] INFO  ipc.Server (Server.java:stop(3523)) - Stopping server on 9961
2023-08-23 22:11:16,967 [IPC Server Responder] INFO  ipc.Server (Server.java:run(1567)) - Stopping IPC Server Responder
2023-08-23 22:11:16,967 [IPC Server listener on 9961] INFO  ipc.Server (Server.java:run(1434)) - Stopping IPC Server listener on 9961
2023-08-23 22:11:16,967 [Time-limited test] INFO  server.SCMUpdateServiceGrpcServer (SCMUpdateServiceGrpcServer.java:stop(73)) - SCMUpdateService stopping
2023-08-23 22:11:16,969 [Time-limited test] INFO  server.SCMUpdateServiceGrpcServer (SCMUpdateServiceGrpcServer.java:stop(85)) - SCMUpdateService stopped!
2023-08-23 22:11:16,969 [Time-limited test] INFO  server.StorageContainerManager (StorageContainerManager.java:stop(1649)) - Stopping Block Manager Service.
2023-08-23 22:11:16,969 [Time-limited test] INFO  utils.BackgroundService (BackgroundService.java:shutdown(141)) - Shutting down service SCMBlockDeletingService
2023-08-23 22:11:16,969 [Time-limited test] INFO  utils.BackgroundService (BackgroundService.java:shutdown(141)) - Shutting down service SCMBlockDeletingService
2023-08-23 22:11:16,969 [Time-limited test] INFO  server.StorageContainerManager (StorageContainerManager.java:stop(1669)) - Stopping SCM Event Queue.
2023-08-23 22:11:16,969 [JvmPauseMonitor8] INFO  util.JvmPauseMonitor (JvmPauseMonitor.java:run(109)) - JvmPauseMonitor-ad2dc917-62c1-456a-ae6e-208d3a8f80b8: Stopped
2023-08-23 22:11:16,969 [Time-limited test] INFO  server.StorageContainerManager (StorageContainerManager.java:stop(1680)) - Stopping SCM HA services.
2023-08-23 22:11:16,969 [Time-limited test] INFO  pipeline.BackgroundPipelineCreator (BackgroundPipelineCreator.java:stop(149)) - Stopping RatisPipelineUtilsThread.
2023-08-23 22:11:16,970 [RatisPipelineUtilsThread - 0] WARN  pipeline.BackgroundPipelineCreator (BackgroundPipelineCreator.java:run(180)) - RatisPipelineUtilsThread is interrupted.
2023-08-23 22:11:16,970 [BackgroundPipelineScrubberThread] WARN  BackgroundPipelineScrubber (BackgroundSCMService.java:run(115)) - BackgroundPipelineScrubber is interrupted, exit
2023-08-23 22:11:16,970 [Time-limited test] INFO  BackgroundPipelineScrubber (BackgroundSCMService.java:stop(131)) - Stopping BackgroundPipelineScrubber Service.
2023-08-23 22:11:16,970 [Time-limited test] INFO  impl.MetricsSystemImpl (MetricsSystemImpl.java:stop(210)) - Stopping StorageContainerManager metrics system...
2023-08-23 22:11:16,977 [prometheus] INFO  impl.MetricsSinkAdapter (MetricsSinkAdapter.java:publishMetricsFromQueue(141)) - prometheus thread interrupted.
2023-08-23 22:11:16,977 [Time-limited test] INFO  impl.MetricsSystemImpl (MetricsSystemImpl.java:stop(216)) - StorageContainerManager metrics system stopped.
2023-08-23 22:11:16,977 [Time-limited test] WARN  pipeline.BackgroundPipelineCreator (BackgroundPipelineCreator.java:stop(145)) - RatisPipelineUtilsThread is not running, just ignore.
2023-08-23 22:11:16,977 [Time-limited test] INFO  BackgroundPipelineScrubber (BackgroundSCMService.java:stop(126)) - BackgroundPipelineScrubber Service is not running, skip stop.
2023-08-23 22:11:16,977 [ExpiredContainerReplicaOpScrubberThread] WARN  ExpiredContainerReplicaOpScrubber (BackgroundSCMService.java:run(115)) - ExpiredContainerReplicaOpScrubber is interrupted, exit
2023-08-23 22:11:16,977 [Time-limited test] INFO  ExpiredContainerReplicaOpScrubber (BackgroundSCMService.java:stop(131)) - Stopping ExpiredContainerReplicaOpScrubber Service.
2023-08-23 22:11:16,977 [Time-limited test] INFO  utils.BackgroundService (BackgroundService.java:shutdown(141)) - Shutting down service SCMBlockDeletingService
2023-08-23 22:11:16,977 [Time-limited test] INFO  replication.ReplicationManager (ReplicationManager.java:stop(329)) - Replication Monitor Thread is not running.
2023-08-23 22:11:16,977 [Time-limited test] WARN  balancer.ContainerBalancer (ContainerBalancer.java:stop(326)) - Cannot stop Container Balancer because it's not running or stopping
2023-08-23 22:11:16,978 [Time-limited test] INFO  server.StorageContainerManager (StorageContainerManager.java:stop(1715)) - Stopping SCM MetadataStore.
2023-08-23 22:11:16,979 [Time-limited test] INFO  impl.DefaultInternalKdcServerImpl (DefaultInternalKdcServerImpl.java:doStop(102)) - Default Internal kdc server stopped.
2023-08-23 22:11:17,980 [Time-limited test] INFO  minikdc.MiniKdc (MiniKdc.java:stop(359)) - MiniKdc stopped.
2023-08-23 22:11:17,980 [Time-limited test] INFO  server.StorageContainerManager (StorageContainerManager.java:stop(1580)) - Storage Container Manager is not running.
2023-08-23 22:11:17,980 [Time-limited test] INFO  server.StorageContainerManager (StorageContainerManager.java:stopReplicationManager(1724)) - Stopping Replication Manager Service.
2023-08-23 22:11:17,980 [Time-limited test] INFO  replication.ReplicationManager (ReplicationManager.java:stop(329)) - Replication Monitor Thread is not running.
2023-08-23 22:11:17,980 [Time-limited test] INFO  server.SCMSecurityProtocolServer (SCMSecurityProtocolServer.java:join(560)) - Join RPC server for SCMSecurityProtocolServer.
2023-08-23 22:11:17,980 [Time-limited test] INFO  server.SCMSecurityProtocolServer (SCMSecurityProtocolServer.java:join(562)) - Join gRPC server for SCMSecurityProtocolServer.
]]></system-out>
  </testcase>
</testsuite>