<?xml version="1.0" encoding="UTF-8"?>
<testsuite xmlns:xsi="http://www.w3.org/2001/XMLSchema-instance" xsi:noNamespaceSchemaLocation="https://maven.apache.org/surefire/maven-surefire-plugin/xsd/surefire-test-report.xsd" name="org.apache.hadoop.ozone.client.rpc.TestWatchForCommit" time="322.387" tests="4" errors="1" skipped="0" failures="0">
  <properties>
    <property name="awt.toolkit" value="sun.awt.X11.XToolkit"/>
    <property name="file.encoding.pkg" value="sun.io"/>
    <property name="java.specification.version" value="1.8"/>
    <property name="sun.cpu.isalist" value=""/>
    <property name="sun.jnu.encoding" value="UTF-8"/>
    <property name="java.class.path" value="/home/runner/work/ozone/ozone/hadoop-ozone/integration-test/target/test-classes:/home/runner/work/ozone/ozone/hadoop-ozone/integration-test/target/classes:/home/runner/.m2/repository/org/apache/ozone/ozone-common/1.2.0-SNAPSHOT/ozone-common-1.2.0-SNAPSHOT.jar:/home/runner/.m2/repository/org/apache/commons/commons-compress/1.21/commons-compress-1.21.jar:/home/runner/.m2/repository/org/apache/ozone/hdds-common/1.2.0-SNAPSHOT/hdds-common-1.2.0-SNAPSHOT.jar:/home/runner/.m2/repository/org/apache/ozone/hdds-client/1.2.0-SNAPSHOT/hdds-client-1.2.0-SNAPSHOT.jar:/home/runner/.m2/repository/org/apache/ozone/ozone-interface-client/1.2.0-SNAPSHOT/ozone-interface-client-1.2.0-SNAPSHOT.jar:/home/runner/.m2/repository/org/apache/ozone/hdds-server-framework/1.2.0-SNAPSHOT/hdds-server-framework-1.2.0-SNAPSHOT.jar:/home/runner/.m2/repository/org/apache/ozone/hdds-interface-server/1.2.0-SNAPSHOT/hdds-interface-server-1.2.0-SNAPSHOT.jar:/home/runner/.m2/repository/org/eclipse/jetty/jetty-servlet/9.4.43.v20210629/jetty-servlet-9.4.43.v20210629.jar:/home/runner/.m2/repository/org/eclipse/jetty/jetty-security/9.4.43.v20210629/jetty-security-9.4.43.v20210629.jar:/home/runner/.m2/repository/org/rocksdb/rocksdbjni/6.20.3/rocksdbjni-6.20.3.jar:/home/runner/.m2/repository/io/prometheus/simpleclient_dropwizard/0.7.0/simpleclient_dropwizard-0.7.0.jar:/home/runner/.m2/repository/io/prometheus/simpleclient/0.7.0/simpleclient-0.7.0.jar:/home/runner/.m2/repository/io/prometheus/simpleclient_common/0.7.0/simpleclient_common-0.7.0.jar:/home/runner/.m2/repository/com/fasterxml/jackson/datatype/jackson-datatype-jsr310/2.12.1/jackson-datatype-jsr310-2.12.1.jar:/home/runner/.m2/repository/org/apache/ozone/hdds-test-utils/1.2.0-SNAPSHOT/hdds-test-utils-1.2.0-SNAPSHOT.jar:/home/runner/.m2/repository/com/google/guava/guava/30.1.1-jre/guava-30.1.1-jre.jar:/home/runner/.m2/repository/com/google/guava/failureaccess/1.0.1/failureaccess-1.0.1.jar:/home/runner/.m2/repository/com/google/guava/listenablefuture/9999.0-empty-to-avoid-conflict-with-guava/listenablefuture-9999.0-empty-to-avoid-conflict-with-guava.jar:/home/runner/.m2/repository/com/google/code/findbugs/jsr305/3.0.0/jsr305-3.0.0.jar:/home/runner/.m2/repository/org/checkerframework/checker-qual/3.8.0/checker-qual-3.8.0.jar:/home/runner/.m2/repository/com/google/errorprone/error_prone_annotations/2.2.0/error_prone_annotations-2.2.0.jar:/home/runner/.m2/repository/com/google/j2objc/j2objc-annotations/1.3/j2objc-annotations-1.3.jar:/home/runner/.m2/repository/commons-io/commons-io/2.11.0/commons-io-2.11.0.jar:/home/runner/.m2/repository/commons-logging/commons-logging/1.2/commons-logging-1.2.jar:/home/runner/.m2/repository/log4j/log4j/1.2.17/log4j-1.2.17.jar:/home/runner/.m2/repository/org/slf4j/slf4j-api/1.7.30/slf4j-api-1.7.30.jar:/home/runner/.m2/repository/org/apache/ozone/hdds-server-scm/1.2.0-SNAPSHOT/hdds-server-scm-1.2.0-SNAPSHOT.jar:/home/runner/.m2/repository/org/apache/ozone/hdds-container-service/1.2.0-SNAPSHOT/hdds-container-service-1.2.0-SNAPSHOT.jar:/home/runner/.m2/repository/org/apache/ozone/hdds-hadoop-dependency-server/1.2.0-SNAPSHOT/hdds-hadoop-dependency-server-1.2.0-SNAPSHOT.jar:/home/runner/.m2/repository/org/apache/hadoop/hadoop-hdfs/3.3.1/hadoop-hdfs-3.3.1.jar:/home/runner/.m2/repository/io/dropwizard/metrics/metrics-core/3.2.4/metrics-core-3.2.4.jar:/home/runner/.m2/repository/org/apache/hadoop/hadoop-hdfs-client/3.3.1/hadoop-hdfs-client-3.3.1.jar:/home/runner/.m2/repository/org/bouncycastle/bcprov-jdk15on/1.67/bcprov-jdk15on-1.67.jar:/home/runner/.m2/repository/com/google/protobuf/protobuf-java/2.5.0/protobuf-java-2.5.0.jar:/home/runner/.m2/repository/org/apache/ozone/ozone-manager/1.2.0-SNAPSHOT/ozone-manager-1.2.0-SNAPSHOT.jar:/home/runner/.m2/repository/org/aspectj/aspectjrt/1.9.7/aspectjrt-1.9.7.jar:/home/runner/.m2/repository/org/aspectj/aspectjweaver/1.9.7/aspectjweaver-1.9.7.jar:/home/runner/.m2/repository/org/apache/ozone/hdds-interface-client/1.2.0-SNAPSHOT/hdds-interface-client-1.2.0-SNAPSHOT.jar:/home/runner/.m2/repository/org/apache/hadoop/thirdparty/hadoop-shaded-protobuf_3_7/1.1.1/hadoop-shaded-protobuf_3_7-1.1.1.jar:/home/runner/.m2/repository/org/apache/ozone/ozone-interface-storage/1.2.0-SNAPSHOT/ozone-interface-storage-1.2.0-SNAPSHOT.jar:/home/runner/.m2/repository/org/reflections/reflections/0.9.11/reflections-0.9.11.jar:/home/runner/.m2/repository/org/apache/hadoop/hadoop-minikdc/3.3.1/hadoop-minikdc-3.3.1.jar:/home/runner/.m2/repository/org/apache/kerby/kerb-simplekdc/1.0.1/kerb-simplekdc-1.0.1.jar:/home/runner/.m2/repository/org/apache/kerby/kerb-client/1.0.1/kerb-client-1.0.1.jar:/home/runner/.m2/repository/org/apache/kerby/kerby-config/1.0.1/kerby-config-1.0.1.jar:/home/runner/.m2/repository/org/apache/kerby/kerb-common/1.0.1/kerb-common-1.0.1.jar:/home/runner/.m2/repository/org/apache/kerby/kerb-crypto/1.0.1/kerb-crypto-1.0.1.jar:/home/runner/.m2/repository/org/apache/kerby/kerb-util/1.0.1/kerb-util-1.0.1.jar:/home/runner/.m2/repository/org/apache/kerby/token-provider/1.0.1/token-provider-1.0.1.jar:/home/runner/.m2/repository/org/apache/kerby/kerb-admin/1.0.1/kerb-admin-1.0.1.jar:/home/runner/.m2/repository/org/apache/kerby/kerb-server/1.0.1/kerb-server-1.0.1.jar:/home/runner/.m2/repository/org/apache/kerby/kerb-identity/1.0.1/kerb-identity-1.0.1.jar:/home/runner/.m2/repository/org/apache/kerby/kerby-xdr/1.0.1/kerby-xdr-1.0.1.jar:/home/runner/.m2/repository/org/slf4j/slf4j-log4j12/1.7.30/slf4j-log4j12-1.7.30.jar:/home/runner/.m2/repository/org/apache/ozone/ozone-s3gateway/1.2.0-SNAPSHOT/ozone-s3gateway-1.2.0-SNAPSHOT.jar:/home/runner/.m2/repository/org/javassist/javassist/3.21.0-GA/javassist-3.21.0-GA.jar:/home/runner/.m2/repository/org/jboss/weld/servlet/weld-servlet/2.4.7.Final/weld-servlet-2.4.7.Final.jar:/home/runner/.m2/repository/org/glassfish/jersey/containers/jersey-container-servlet-core/2.33/jersey-container-servlet-core-2.33.jar:/home/runner/.m2/repository/org/glassfish/hk2/external/jakarta.inject/2.6.1/jakarta.inject-2.6.1.jar:/home/runner/.m2/repository/org/glassfish/jersey/core/jersey-common/2.33/jersey-common-2.33.jar:/home/runner/.m2/repository/jakarta/ws/rs/jakarta.ws.rs-api/2.1.6/jakarta.ws.rs-api-2.1.6.jar:/home/runner/.m2/repository/org/glassfish/jersey/ext/cdi/jersey-cdi1x/2.33/jersey-cdi1x-2.33.jar:/home/runner/.m2/repository/org/glassfish/jersey/inject/jersey-hk2/2.33/jersey-hk2-2.33.jar:/home/runner/.m2/repository/org/glassfish/hk2/hk2-locator/2.6.1/hk2-locator-2.6.1.jar:/home/runner/.m2/repository/org/glassfish/jersey/media/jersey-media-jaxb/2.33/jersey-media-jaxb-2.33.jar:/home/runner/.m2/repository/org/glassfish/hk2/osgi-resource-locator/1.0.3/osgi-resource-locator-1.0.3.jar:/home/runner/.m2/repository/org/glassfish/hk2/hk2-api/2.5.0/hk2-api-2.5.0.jar:/home/runner/.m2/repository/org/glassfish/hk2/hk2-utils/2.5.0/hk2-utils-2.5.0.jar:/home/runner/.m2/repository/org/glassfish/hk2/external/aopalliance-repackaged/2.5.0/aopalliance-repackaged-2.5.0.jar:/home/runner/.m2/repository/com/fasterxml/jackson/dataformat/jackson-dataformat-xml/2.12.1/jackson-dataformat-xml-2.12.1.jar:/home/runner/.m2/repository/com/fasterxml/jackson/core/jackson-core/2.12.1/jackson-core-2.12.1.jar:/home/runner/.m2/repository/com/fasterxml/jackson/module/jackson-module-jaxb-annotations/2.12.1/jackson-module-jaxb-annotations-2.12.1.jar:/home/runner/.m2/repository/jakarta/xml/bind/jakarta.xml.bind-api/2.3.2/jakarta.xml.bind-api-2.3.2.jar:/home/runner/.m2/repository/org/codehaus/woodstox/stax2-api/3.1.4/stax2-api-3.1.4.jar:/home/runner/.m2/repository/com/fasterxml/woodstox/woodstox-core/5.0.3/woodstox-core-5.0.3.jar:/home/runner/.m2/repository/javax/enterprise/cdi-api/1.2/cdi-api-1.2.jar:/home/runner/.m2/repository/javax/el/javax.el-api/3.0.0/javax.el-api-3.0.0.jar:/home/runner/.m2/repository/javax/interceptor/javax.interceptor-api/1.2/javax.interceptor-api-1.2.jar:/home/runner/.m2/repository/javax/inject/javax.inject/1/javax.inject-1.jar:/home/runner/.m2/repository/javax/xml/bind/jaxb-api/2.3.0/jaxb-api-2.3.0.jar:/home/runner/.m2/repository/org/glassfish/jaxb/jaxb-runtime/2.3.0.1/jaxb-runtime-2.3.0.1.jar:/home/runner/.m2/repository/org/glassfish/jaxb/jaxb-core/2.3.0.1/jaxb-core-2.3.0.1.jar:/home/runner/.m2/repository/org/glassfish/jaxb/txw2/2.3.0.1/txw2-2.3.0.1.jar:/home/runner/.m2/repository/com/sun/istack/istack-commons-runtime/3.0.5/istack-commons-runtime-3.0.5.jar:/home/runner/.m2/repository/org/jvnet/staxex/stax-ex/1.7.8/stax-ex-1.7.8.jar:/home/runner/.m2/repository/com/sun/xml/fastinfoset/FastInfoset/1.2.13/FastInfoset-1.2.13.jar:/home/runner/.m2/repository/javax/activation/activation/1.1.1/activation-1.1.1.jar:/home/runner/.m2/repository/org/apache/ozone/ozone-csi/1.2.0-SNAPSHOT/ozone-csi-1.2.0-SNAPSHOT.jar:/home/runner/.m2/repository/com/google/protobuf/protobuf-java-util/3.12.0/protobuf-java-util-3.12.0.jar:/home/runner/.m2/repository/com/google/code/gson/gson/2.2.4/gson-2.2.4.jar:/home/runner/.m2/repository/org/apache/ozone/hdds-config/1.2.0-SNAPSHOT/hdds-config-1.2.0-SNAPSHOT.jar:/home/runner/.m2/repository/io/grpc/grpc-netty/1.33.0/grpc-netty-1.33.0.jar:/home/runner/.m2/repository/io/grpc/grpc-core/1.33.0/grpc-core-1.33.0.jar:/home/runner/.m2/repository/com/google/android/annotations/4.1.1.4/annotations-4.1.1.4.jar:/home/runner/.m2/repository/io/netty/netty-codec-http2/4.1.63.Final/netty-codec-http2-4.1.63.Final.jar:/home/runner/.m2/repository/io/netty/netty-codec-http/4.1.63.Final/netty-codec-http-4.1.63.Final.jar:/home/runner/.m2/repository/io/netty/netty-handler-proxy/4.1.63.Final/netty-handler-proxy-4.1.63.Final.jar:/home/runner/.m2/repository/io/netty/netty-codec-socks/4.1.63.Final/netty-codec-socks-4.1.63.Final.jar:/home/runner/.m2/repository/io/perfmark/perfmark-api/0.19.0/perfmark-api-0.19.0.jar:/home/runner/.m2/repository/org/codehaus/mojo/animal-sniffer-annotations/1.18/animal-sniffer-annotations-1.18.jar:/home/runner/.m2/repository/io/netty/netty-transport-native-epoll/4.1.63.Final/netty-transport-native-epoll-4.1.63.Final.jar:/home/runner/.m2/repository/io/netty/netty-common/4.1.63.Final/netty-common-4.1.63.Final.jar:/home/runner/.m2/repository/io/netty/netty-buffer/4.1.63.Final/netty-buffer-4.1.63.Final.jar:/home/runner/.m2/repository/io/netty/netty-transport-native-unix-common/4.1.63.Final/netty-transport-native-unix-common-4.1.63.Final.jar:/home/runner/.m2/repository/io/grpc/grpc-protobuf/1.33.0/grpc-protobuf-1.33.0.jar:/home/runner/.m2/repository/io/grpc/grpc-api/1.33.0/grpc-api-1.33.0.jar:/home/runner/.m2/repository/io/grpc/grpc-context/1.33.0/grpc-context-1.33.0.jar:/home/runner/.m2/repository/com/google/api/grpc/proto-google-common-protos/1.17.0/proto-google-common-protos-1.17.0.jar:/home/runner/.m2/repository/io/grpc/grpc-protobuf-lite/1.33.0/grpc-protobuf-lite-1.33.0.jar:/home/runner/.m2/repository/io/grpc/grpc-stub/1.33.0/grpc-stub-1.33.0.jar:/home/runner/.m2/repository/org/apache/ozone/ozone-recon/1.2.0-SNAPSHOT/ozone-recon-1.2.0-SNAPSHOT.jar:/home/runner/.m2/repository/org/apache/ozone/ozone-reconcodegen/1.2.0-SNAPSHOT/ozone-reconcodegen-1.2.0-SNAPSHOT.jar:/home/runner/.m2/repository/com/google/inject/extensions/guice-multibindings/4.0/guice-multibindings-4.0.jar:/home/runner/.m2/repository/com/google/inject/guice/4.0/guice-4.0.jar:/home/runner/.m2/repository/aopalliance/aopalliance/1.0/aopalliance-1.0.jar:/home/runner/.m2/repository/com/google/inject/extensions/guice-assistedinject/4.0/guice-assistedinject-4.0.jar:/home/runner/.m2/repository/com/google/inject/extensions/guice-servlet/4.0/guice-servlet-4.0.jar:/home/runner/.m2/repository/org/glassfish/jersey/containers/jersey-container-servlet/2.33/jersey-container-servlet-2.33.jar:/home/runner/.m2/repository/org/glassfish/hk2/guice-bridge/2.5.0/guice-bridge-2.5.0.jar:/home/runner/.m2/repository/org/glassfish/jersey/core/jersey-server/2.33/jersey-server-2.33.jar:/home/runner/.m2/repository/org/glassfish/jersey/core/jersey-client/2.33/jersey-client-2.33.jar:/home/runner/.m2/repository/jakarta/annotation/jakarta.annotation-api/1.3.5/jakarta.annotation-api-1.3.5.jar:/home/runner/.m2/repository/jakarta/validation/jakarta.validation-api/2.0.2/jakarta.validation-api-2.0.2.jar:/home/runner/.m2/repository/org/glassfish/jersey/media/jersey-media-json-jackson/2.33/jersey-media-json-jackson-2.33.jar:/home/runner/.m2/repository/org/glassfish/jersey/ext/jersey-entity-filtering/2.33/jersey-entity-filtering-2.33.jar:/home/runner/.m2/repository/org/jooq/jooq/3.11.10/jooq-3.11.10.jar:/home/runner/.m2/repository/org/jooq/jooq-meta/3.11.10/jooq-meta-3.11.10.jar:/home/runner/.m2/repository/org/jooq/jooq-codegen/3.11.10/jooq-codegen-3.11.10.jar:/home/runner/.m2/repository/com/jolbox/bonecp/0.8.0.RELEASE/bonecp-0.8.0.RELEASE.jar:/home/runner/.m2/repository/org/apache/derby/derby/10.14.2.0/derby-10.14.2.0.jar:/home/runner/.m2/repository/org/xerial/sqlite-jdbc/3.25.2/sqlite-jdbc-3.25.2.jar:/home/runner/.m2/repository/org/springframework/spring-jdbc/5.2.17.RELEASE/spring-jdbc-5.2.17.RELEASE.jar:/home/runner/.m2/repository/org/springframework/spring-beans/5.2.17.RELEASE/spring-beans-5.2.17.RELEASE.jar:/home/runner/.m2/repository/org/springframework/spring-core/5.2.17.RELEASE/spring-core-5.2.17.RELEASE.jar:/home/runner/.m2/repository/org/springframework/spring-jcl/5.2.17.RELEASE/spring-jcl-5.2.17.RELEASE.jar:/home/runner/.m2/repository/org/springframework/spring-tx/5.2.17.RELEASE/spring-tx-5.2.17.RELEASE.jar:/home/runner/.m2/repository/org/apache/ozone/ozone-client/1.2.0-SNAPSHOT/ozone-client-1.2.0-SNAPSHOT.jar:/home/runner/.m2/repository/org/apache/ozone/ozone-filesystem/1.2.0-SNAPSHOT/ozone-filesystem-1.2.0-SNAPSHOT.jar:/home/runner/.m2/repository/org/apache/ozone/ozone-filesystem-common/1.2.0-SNAPSHOT/ozone-filesystem-common-1.2.0-SNAPSHOT.jar:/home/runner/.m2/repository/org/apache/ozone/ozone-tools/1.2.0-SNAPSHOT/ozone-tools-1.2.0-SNAPSHOT.jar:/home/runner/.m2/repository/org/apache/ratis/ratis-tools/2.2.0/ratis-tools-2.2.0.jar:/home/runner/.m2/repository/com/amazonaws/aws-java-sdk-core/1.11.1034/aws-java-sdk-core-1.11.1034.jar:/home/runner/.m2/repository/org/apache/httpcomponents/httpclient/4.5.13/httpclient-4.5.13.jar:/home/runner/.m2/repository/org/apache/httpcomponents/httpcore/4.4.13/httpcore-4.4.13.jar:/home/runner/.m2/repository/software/amazon/ion/ion-java/1.0.2/ion-java-1.0.2.jar:/home/runner/.m2/repository/com/fasterxml/jackson/dataformat/jackson-dataformat-cbor/2.12.1/jackson-dataformat-cbor-2.12.1.jar:/home/runner/.m2/repository/joda-time/joda-time/2.8.1/joda-time-2.8.1.jar:/home/runner/.m2/repository/com/amazonaws/aws-java-sdk-s3/1.11.1034/aws-java-sdk-s3-1.11.1034.jar:/home/runner/.m2/repository/com/amazonaws/aws-java-sdk-kms/1.11.1034/aws-java-sdk-kms-1.11.1034.jar:/home/runner/.m2/repository/com/amazonaws/jmespath-java/1.11.1034/jmespath-java-1.11.1034.jar:/home/runner/.m2/repository/org/kohsuke/metainf-services/metainf-services/1.8/metainf-services-1.8.jar:/home/runner/.m2/repository/org/apache/ozone/hdds-tools/1.2.0-SNAPSHOT/hdds-tools-1.2.0-SNAPSHOT.jar:/home/runner/.m2/repository/commons-cli/commons-cli/1.2/commons-cli-1.2.jar:/home/runner/.m2/repository/org/apache/commons/commons-lang3/3.7/commons-lang3-3.7.jar:/home/runner/.m2/repository/org/apache/ozone/ozone-manager/1.2.0-SNAPSHOT/ozone-manager-1.2.0-SNAPSHOT-tests.jar:/home/runner/.m2/repository/org/apache/ozone/hdds-common/1.2.0-SNAPSHOT/hdds-common-1.2.0-SNAPSHOT-tests.jar:/home/runner/.m2/repository/org/apache/ozone/hdds-hadoop-dependency-client/1.2.0-SNAPSHOT/hdds-hadoop-dependency-client-1.2.0-SNAPSHOT.jar:/home/runner/.m2/repository/info/picocli/picocli/4.6.1/picocli-4.6.1.jar:/home/runner/.m2/repository/com/fasterxml/jackson/core/jackson-annotations/2.12.1/jackson-annotations-2.12.1.jar:/home/runner/.m2/repository/javax/annotation/javax.annotation-api/1.2/javax.annotation-api-1.2.jar:/home/runner/.m2/repository/org/apache/ratis/ratis-server/2.2.0/ratis-server-2.2.0.jar:/home/runner/.m2/repository/org/apache/ratis/ratis-client/2.2.0/ratis-client-2.2.0.jar:/home/runner/.m2/repository/org/apache/ratis/ratis-server-api/2.2.0/ratis-server-api-2.2.0.jar:/home/runner/.m2/repository/org/apache/ratis/ratis-metrics/2.2.0/ratis-metrics-2.2.0.jar:/home/runner/.m2/repository/org/apache/ratis/ratis-netty/2.2.0/ratis-netty-2.2.0.jar:/home/runner/.m2/repository/org/apache/ratis/ratis-grpc/2.2.0/ratis-grpc-2.2.0.jar:/home/runner/.m2/repository/org/apache/logging/log4j/log4j-api/2.13.3/log4j-api-2.13.3.jar:/home/runner/.m2/repository/org/apache/logging/log4j/log4j-core/2.13.3/log4j-core-2.13.3.jar:/home/runner/.m2/repository/com/lmax/disruptor/3.4.2/disruptor-3.4.2.jar:/home/runner/.m2/repository/org/apache/commons/commons-pool2/2.6.0/commons-pool2-2.6.0.jar:/home/runner/.m2/repository/org/bouncycastle/bcpkix-jdk15on/1.67/bcpkix-jdk15on-1.67.jar:/home/runner/.m2/repository/commons-validator/commons-validator/1.6/commons-validator-1.6.jar:/home/runner/.m2/repository/commons-beanutils/commons-beanutils/1.9.4/commons-beanutils-1.9.4.jar:/home/runner/.m2/repository/commons-digester/commons-digester/1.8.1/commons-digester-1.8.1.jar:/home/runner/.m2/repository/commons-collections/commons-collections/3.2.2/commons-collections-3.2.2.jar:/home/runner/.m2/repository/io/jaegertracing/jaeger-client/1.6.0/jaeger-client-1.6.0.jar:/home/runner/.m2/repository/io/jaegertracing/jaeger-thrift/1.6.0/jaeger-thrift-1.6.0.jar:/home/runner/.m2/repository/org/apache/thrift/libthrift/0.14.1/libthrift-0.14.1.jar:/home/runner/.m2/repository/com/squareup/okhttp3/okhttp/4.9.0/okhttp-4.9.0.jar:/home/runner/.m2/repository/com/squareup/okio/okio/2.8.0/okio-2.8.0.jar:/home/runner/.m2/repository/io/jaegertracing/jaeger-core/1.6.0/jaeger-core-1.6.0.jar:/home/runner/.m2/repository/io/jaegertracing/jaeger-tracerresolver/1.6.0/jaeger-tracerresolver-1.6.0.jar:/home/runner/.m2/repository/io/opentracing/contrib/opentracing-tracerresolver/0.1.8/opentracing-tracerresolver-0.1.8.jar:/home/runner/.m2/repository/org/jetbrains/kotlin/kotlin-stdlib/1.4.31/kotlin-stdlib-1.4.31.jar:/home/runner/.m2/repository/org/jetbrains/kotlin/kotlin-stdlib-common/1.4.31/kotlin-stdlib-common-1.4.31.jar:/home/runner/.m2/repository/org/jetbrains/annotations/13.0/annotations-13.0.jar:/home/runner/.m2/repository/io/opentracing/opentracing-util/0.33.0/opentracing-util-0.33.0.jar:/home/runner/.m2/repository/io/opentracing/opentracing-api/0.33.0/opentracing-api-0.33.0.jar:/home/runner/.m2/repository/io/opentracing/opentracing-noop/0.33.0/opentracing-noop-0.33.0.jar:/home/runner/.m2/repository/org/yaml/snakeyaml/1.26/snakeyaml-1.26.jar:/home/runner/.m2/repository/org/apache/ozone/hdds-interface-admin/1.2.0-SNAPSHOT/hdds-interface-admin-1.2.0-SNAPSHOT.jar:/home/runner/.m2/repository/junit/junit/4.13.1/junit-4.13.1.jar:/home/runner/.m2/repository/org/hamcrest/hamcrest-core/1.3/hamcrest-core-1.3.jar:/home/runner/.m2/repository/org/junit/jupiter/junit-jupiter-api/5.7.0/junit-jupiter-api-5.7.0.jar:/home/runner/.m2/repository/org/apiguardian/apiguardian-api/1.1.0/apiguardian-api-1.1.0.jar:/home/runner/.m2/repository/org/opentest4j/opentest4j/1.2.0/opentest4j-1.2.0.jar:/home/runner/.m2/repository/org/junit/platform/junit-platform-commons/1.7.0/junit-platform-commons-1.7.0.jar:/home/runner/.m2/repository/org/junit/jupiter/junit-jupiter-engine/5.7.0/junit-jupiter-engine-5.7.0.jar:/home/runner/.m2/repository/org/junit/platform/junit-platform-engine/1.7.0/junit-platform-engine-1.7.0.jar:/home/runner/.m2/repository/org/junit/vintage/junit-vintage-engine/5.7.0/junit-vintage-engine-5.7.0.jar:/home/runner/.m2/repository/org/junit/platform/junit-platform-launcher/1.7.0/junit-platform-launcher-1.7.0.jar:/home/runner/.m2/repository/org/openjdk/jmh/jmh-core/1.19/jmh-core-1.19.jar:/home/runner/.m2/repository/net/sf/jopt-simple/jopt-simple/4.6/jopt-simple-4.6.jar:/home/runner/.m2/repository/org/apache/commons/commons-math3/3.1.1/commons-math3-3.1.1.jar:/home/runner/.m2/repository/org/openjdk/jmh/jmh-generator-annprocess/1.19/jmh-generator-annprocess-1.19.jar:/home/runner/.m2/repository/org/mockito/mockito-core/2.28.2/mockito-core-2.28.2.jar:/home/runner/.m2/repository/net/bytebuddy/byte-buddy/1.9.10/byte-buddy-1.9.10.jar:/home/runner/.m2/repository/net/bytebuddy/byte-buddy-agent/1.9.10/byte-buddy-agent-1.9.10.jar:/home/runner/.m2/repository/org/objenesis/objenesis/1.0/objenesis-1.0.jar:/home/runner/.m2/repository/org/apache/hadoop/hadoop-kms/3.3.1/hadoop-kms-3.3.1.jar:/home/runner/.m2/repository/org/apache/hadoop/hadoop-auth/3.3.1/hadoop-auth-3.3.1.jar:/home/runner/.m2/repository/com/nimbusds/nimbus-jose-jwt/7.9/nimbus-jose-jwt-7.9.jar:/home/runner/.m2/repository/com/github/stephenc/jcip/jcip-annotations/1.0-1/jcip-annotations-1.0-1.jar:/home/runner/.m2/repository/net/minidev/json-smart/2.3.1/json-smart-2.3.1.jar:/home/runner/.m2/repository/net/minidev/accessors-smart/2.3.1/accessors-smart-2.3.1.jar:/home/runner/.m2/repository/org/ow2/asm/asm/5.0.4/asm-5.0.4.jar:/home/runner/.m2/repository/org/apache/zookeeper/zookeeper/3.5.6/zookeeper-3.5.6.jar:/home/runner/.m2/repository/org/apache/zookeeper/zookeeper-jute/3.5.6/zookeeper-jute-3.5.6.jar:/home/runner/.m2/repository/org/apache/yetus/audience-annotations/0.5.0/audience-annotations-0.5.0.jar:/home/runner/.m2/repository/org/apache/curator/curator-framework/4.2.0/curator-framework-4.2.0.jar:/home/runner/.m2/repository/org/apache/hadoop/thirdparty/hadoop-shaded-guava/1.1.1/hadoop-shaded-guava-1.1.1.jar:/home/runner/.m2/repository/com/sun/jersey/jersey-core/1.19/jersey-core-1.19.jar:/home/runner/.m2/repository/javax/ws/rs/jsr311-api/1.1.1/jsr311-api-1.1.1.jar:/home/runner/.m2/repository/com/sun/jersey/jersey-server/1.19/jersey-server-1.19.jar:/home/runner/.m2/repository/javax/servlet/javax.servlet-api/3.1.0/javax.servlet-api-3.1.0.jar:/home/runner/.m2/repository/org/eclipse/jetty/jetty-server/9.4.43.v20210629/jetty-server-9.4.43.v20210629.jar:/home/runner/.m2/repository/org/eclipse/jetty/jetty-http/9.4.43.v20210629/jetty-http-9.4.43.v20210629.jar:/home/runner/.m2/repository/org/eclipse/jetty/jetty-io/9.4.43.v20210629/jetty-io-9.4.43.v20210629.jar:/home/runner/.m2/repository/org/eclipse/jetty/jetty-webapp/9.4.43.v20210629/jetty-webapp-9.4.43.v20210629.jar:/home/runner/.m2/repository/org/eclipse/jetty/jetty-xml/9.4.43.v20210629/jetty-xml-9.4.43.v20210629.jar:/home/runner/.m2/repository/org/apache/hadoop/hadoop-common/3.3.1/hadoop-common-3.3.1.jar:/home/runner/.m2/repository/commons-net/commons-net/3.6/commons-net-3.6.jar:/home/runner/.m2/repository/jakarta/activation/jakarta.activation-api/1.2.1/jakarta.activation-api-1.2.1.jar:/home/runner/.m2/repository/com/sun/jersey/jersey-servlet/1.19/jersey-servlet-1.19.jar:/home/runner/.m2/repository/com/sun/jersey/jersey-json/1.19/jersey-json-1.19.jar:/home/runner/.m2/repository/org/codehaus/jettison/jettison/1.1/jettison-1.1.jar:/home/runner/.m2/repository/com/sun/xml/bind/jaxb-impl/2.2.3-1/jaxb-impl-2.2.3-1.jar:/home/runner/.m2/repository/org/codehaus/jackson/jackson-jaxrs/1.9.2/jackson-jaxrs-1.9.2.jar:/home/runner/.m2/repository/org/codehaus/jackson/jackson-xc/1.9.2/jackson-xc-1.9.2.jar:/home/runner/.m2/repository/org/apache/commons/commons-configuration2/2.1.1/commons-configuration2-2.1.1.jar:/home/runner/.m2/repository/org/apache/commons/commons-text/1.4/commons-text-1.4.jar:/home/runner/.m2/repository/com/google/re2j/re2j/1.1/re2j-1.1.jar:/home/runner/.m2/repository/com/jcraft/jsch/0.1.54/jsch-0.1.54.jar:/home/runner/.m2/repository/org/apache/curator/curator-client/4.2.0/curator-client-4.2.0.jar:/home/runner/.m2/repository/org/apache/curator/curator-recipes/4.2.0/curator-recipes-4.2.0.jar:/home/runner/.m2/repository/org/apache/kerby/kerb-core/1.0.1/kerb-core-1.0.1.jar:/home/runner/.m2/repository/org/apache/kerby/kerby-pkix/1.0.1/kerby-pkix-1.0.1.jar:/home/runner/.m2/repository/org/apache/kerby/kerby-asn1/1.0.1/kerby-asn1-1.0.1.jar:/home/runner/.m2/repository/org/apache/kerby/kerby-util/1.0.1/kerby-util-1.0.1.jar:/home/runner/.m2/repository/dnsjava/dnsjava/2.1.7/dnsjava-2.1.7.jar:/home/runner/.m2/repository/org/xerial/snappy/snappy-java/1.1.8.2/snappy-java-1.1.8.2.jar:/home/runner/.m2/repository/org/slf4j/jul-to-slf4j/1.7.30/jul-to-slf4j-1.7.30.jar:/home/runner/.m2/repository/org/eclipse/jetty/jetty-util/9.4.43.v20210629/jetty-util-9.4.43.v20210629.jar:/home/runner/.m2/repository/com/fasterxml/jackson/core/jackson-databind/2.12.1/jackson-databind-2.12.1.jar:/home/runner/.m2/repository/org/apache/hadoop/hadoop-kms/3.3.1/hadoop-kms-3.3.1-tests.jar:/home/runner/.m2/repository/org/apache/ozone/hdds-server-scm/1.2.0-SNAPSHOT/hdds-server-scm-1.2.0-SNAPSHOT-tests.jar:/home/runner/.m2/repository/org/apache/ozone/hdds-container-service/1.2.0-SNAPSHOT/hdds-container-service-1.2.0-SNAPSHOT-tests.jar:/home/runner/.m2/repository/commons-codec/commons-codec/1.11/commons-codec-1.11.jar:/home/runner/.m2/repository/io/netty/netty-transport/4.1.63.Final/netty-transport-4.1.63.Final.jar:/home/runner/.m2/repository/io/netty/netty-resolver/4.1.63.Final/netty-resolver-4.1.63.Final.jar:/home/runner/.m2/repository/io/netty/netty-codec/4.1.63.Final/netty-codec-4.1.63.Final.jar:/home/runner/.m2/repository/io/netty/netty-handler/4.1.63.Final/netty-handler-4.1.63.Final.jar:/home/runner/.m2/repository/org/apache/ozone/hdds-hadoop-dependency-test/1.2.0-SNAPSHOT/hdds-hadoop-dependency-test-1.2.0-SNAPSHOT.jar:/home/runner/.m2/repository/org/apache/hadoop/hadoop-common/3.3.1/hadoop-common-3.3.1-tests.jar:/home/runner/.m2/repository/org/assertj/assertj-core/3.12.2/assertj-core-3.12.2.jar:/home/runner/.m2/repository/org/apache/hadoop/hadoop-hdfs/3.3.1/hadoop-hdfs-3.3.1-tests.jar:/home/runner/.m2/repository/org/eclipse/jetty/jetty-util-ajax/9.4.43.v20210629/jetty-util-ajax-9.4.43.v20210629.jar:/home/runner/.m2/repository/commons-daemon/commons-daemon/1.0.13/commons-daemon-1.0.13.jar:/home/runner/.m2/repository/io/netty/netty/3.10.6.Final/netty-3.10.6.Final.jar:/home/runner/.m2/repository/io/netty/netty-all/4.1.63.Final/netty-all-4.1.63.Final.jar:/home/runner/.m2/repository/org/apache/htrace/htrace-core4/4.1.0-incubating/htrace-core4-4.1.0-incubating.jar:/home/runner/.m2/repository/org/fusesource/leveldbjni/leveldbjni-all/1.8/leveldbjni-all-1.8.jar:/home/runner/.m2/repository/org/apache/hadoop/hadoop-distcp/3.3.1/hadoop-distcp-3.3.1.jar:/home/runner/.m2/repository/org/apache/hadoop/hadoop-mapreduce-client-jobclient/3.3.1/hadoop-mapreduce-client-jobclient-3.3.1.jar:/home/runner/.m2/repository/org/apache/hadoop/hadoop-mapreduce-client-common/3.3.1/hadoop-mapreduce-client-common-3.3.1.jar:/home/runner/.m2/repository/org/apache/hadoop/hadoop-yarn-common/3.3.1/hadoop-yarn-common-3.3.1.jar:/home/runner/.m2/repository/org/apache/hadoop/hadoop-yarn-api/3.3.1/hadoop-yarn-api-3.3.1.jar:/home/runner/.m2/repository/com/sun/jersey/jersey-client/1.19/jersey-client-1.19.jar:/home/runner/.m2/repository/com/sun/jersey/contribs/jersey-guice/1.19/jersey-guice-1.19.jar:/home/runner/.m2/repository/com/fasterxml/jackson/jaxrs/jackson-jaxrs-json-provider/2.12.1/jackson-jaxrs-json-provider-2.12.1.jar:/home/runner/.m2/repository/com/fasterxml/jackson/jaxrs/jackson-jaxrs-base/2.12.1/jackson-jaxrs-base-2.12.1.jar:/home/runner/.m2/repository/org/apache/hadoop/hadoop-yarn-client/3.3.1/hadoop-yarn-client-3.3.1.jar:/home/runner/.m2/repository/org/eclipse/jetty/websocket/websocket-client/9.4.40.v20210413/websocket-client-9.4.40.v20210413.jar:/home/runner/.m2/repository/org/eclipse/jetty/jetty-client/9.4.40.v20210413/jetty-client-9.4.40.v20210413.jar:/home/runner/.m2/repository/org/eclipse/jetty/websocket/websocket-common/9.4.40.v20210413/websocket-common-9.4.40.v20210413.jar:/home/runner/.m2/repository/org/eclipse/jetty/websocket/websocket-api/9.4.40.v20210413/websocket-api-9.4.40.v20210413.jar:/home/runner/.m2/repository/org/jline/jline/3.9.0/jline-3.9.0.jar:/home/runner/.m2/repository/org/apache/hadoop/hadoop-mapreduce-client-core/3.3.1/hadoop-mapreduce-client-core-3.3.1.jar:/home/runner/.m2/repository/org/apache/avro/avro/1.7.7/avro-1.7.7.jar:/home/runner/.m2/repository/org/codehaus/jackson/jackson-core-asl/1.9.13/jackson-core-asl-1.9.13.jar:/home/runner/.m2/repository/org/codehaus/jackson/jackson-mapper-asl/1.9.13/jackson-mapper-asl-1.9.13.jar:/home/runner/.m2/repository/com/thoughtworks/paranamer/paranamer/2.3/paranamer-2.3.jar:/home/runner/.m2/repository/org/apache/hadoop/hadoop-annotations/3.3.1/hadoop-annotations-3.3.1.jar:/usr/lib/jvm/adoptopenjdk-8-hotspot-amd64/jre/../lib/tools.jar:/home/runner/.m2/repository/org/apache/hadoop/hadoop-distcp/3.3.1/hadoop-distcp-3.3.1-tests.jar:/home/runner/.m2/repository/org/apache/ratis/ratis-common/2.2.0/ratis-common-2.2.0.jar:/home/runner/.m2/repository/org/apache/ratis/ratis-thirdparty-misc/0.7.0/ratis-thirdparty-misc-0.7.0.jar:/home/runner/.m2/repository/org/apache/ratis/ratis-proto/2.2.0/ratis-proto-2.2.0.jar:"/>
    <property name="java.vm.vendor" value="AdoptOpenJDK"/>
    <property name="sun.arch.data.model" value="64"/>
    <property name="test.build.dir" value="/home/runner/work/ozone/ozone/hadoop-ozone/integration-test/target/test-dir"/>
    <property name="test.cache.data" value=""/>
    <property name="java.vendor.url" value="https://adoptopenjdk.net/"/>
    <property name="user.timezone" value=""/>
    <property name="java.vm.specification.version" value="1.8"/>
    <property name="os.name" value="Linux"/>
    <property name="test.build.data" value="/home/runner/work/ozone/ozone/hadoop-ozone/integration-test/target/test-dir"/>
    <property name="sun.java.launcher" value="SUN_STANDARD"/>
    <property name="sun.boot.library.path" value="/usr/lib/jvm/adoptopenjdk-8-hotspot-amd64/jre/lib/amd64"/>
    <property name="sun.java.command" value="/home/runner/work/ozone/ozone/hadoop-ozone/integration-test/target/surefire/surefirebooter7246645404411666141.jar /home/runner/work/ozone/ozone/hadoop-ozone/integration-test/target/surefire 2021-10-20T23-40-21_820-jvmRun1 surefire4287921364263563211tmp surefire_161285193846659722890tmp"/>
    <property name="surefire.test.class.path" value="/home/runner/work/ozone/ozone/hadoop-ozone/integration-test/target/test-classes:/home/runner/work/ozone/ozone/hadoop-ozone/integration-test/target/classes:/home/runner/.m2/repository/org/apache/ozone/ozone-common/1.2.0-SNAPSHOT/ozone-common-1.2.0-SNAPSHOT.jar:/home/runner/.m2/repository/org/apache/commons/commons-compress/1.21/commons-compress-1.21.jar:/home/runner/.m2/repository/org/apache/ozone/hdds-common/1.2.0-SNAPSHOT/hdds-common-1.2.0-SNAPSHOT.jar:/home/runner/.m2/repository/org/apache/ozone/hdds-client/1.2.0-SNAPSHOT/hdds-client-1.2.0-SNAPSHOT.jar:/home/runner/.m2/repository/org/apache/ozone/ozone-interface-client/1.2.0-SNAPSHOT/ozone-interface-client-1.2.0-SNAPSHOT.jar:/home/runner/.m2/repository/org/apache/ozone/hdds-server-framework/1.2.0-SNAPSHOT/hdds-server-framework-1.2.0-SNAPSHOT.jar:/home/runner/.m2/repository/org/apache/ozone/hdds-interface-server/1.2.0-SNAPSHOT/hdds-interface-server-1.2.0-SNAPSHOT.jar:/home/runner/.m2/repository/org/eclipse/jetty/jetty-servlet/9.4.43.v20210629/jetty-servlet-9.4.43.v20210629.jar:/home/runner/.m2/repository/org/eclipse/jetty/jetty-security/9.4.43.v20210629/jetty-security-9.4.43.v20210629.jar:/home/runner/.m2/repository/org/rocksdb/rocksdbjni/6.20.3/rocksdbjni-6.20.3.jar:/home/runner/.m2/repository/io/prometheus/simpleclient_dropwizard/0.7.0/simpleclient_dropwizard-0.7.0.jar:/home/runner/.m2/repository/io/prometheus/simpleclient/0.7.0/simpleclient-0.7.0.jar:/home/runner/.m2/repository/io/prometheus/simpleclient_common/0.7.0/simpleclient_common-0.7.0.jar:/home/runner/.m2/repository/com/fasterxml/jackson/datatype/jackson-datatype-jsr310/2.12.1/jackson-datatype-jsr310-2.12.1.jar:/home/runner/.m2/repository/org/apache/ozone/hdds-test-utils/1.2.0-SNAPSHOT/hdds-test-utils-1.2.0-SNAPSHOT.jar:/home/runner/.m2/repository/com/google/guava/guava/30.1.1-jre/guava-30.1.1-jre.jar:/home/runner/.m2/repository/com/google/guava/failureaccess/1.0.1/failureaccess-1.0.1.jar:/home/runner/.m2/repository/com/google/guava/listenablefuture/9999.0-empty-to-avoid-conflict-with-guava/listenablefuture-9999.0-empty-to-avoid-conflict-with-guava.jar:/home/runner/.m2/repository/com/google/code/findbugs/jsr305/3.0.0/jsr305-3.0.0.jar:/home/runner/.m2/repository/org/checkerframework/checker-qual/3.8.0/checker-qual-3.8.0.jar:/home/runner/.m2/repository/com/google/errorprone/error_prone_annotations/2.2.0/error_prone_annotations-2.2.0.jar:/home/runner/.m2/repository/com/google/j2objc/j2objc-annotations/1.3/j2objc-annotations-1.3.jar:/home/runner/.m2/repository/commons-io/commons-io/2.11.0/commons-io-2.11.0.jar:/home/runner/.m2/repository/commons-logging/commons-logging/1.2/commons-logging-1.2.jar:/home/runner/.m2/repository/log4j/log4j/1.2.17/log4j-1.2.17.jar:/home/runner/.m2/repository/org/slf4j/slf4j-api/1.7.30/slf4j-api-1.7.30.jar:/home/runner/.m2/repository/org/apache/ozone/hdds-server-scm/1.2.0-SNAPSHOT/hdds-server-scm-1.2.0-SNAPSHOT.jar:/home/runner/.m2/repository/org/apache/ozone/hdds-container-service/1.2.0-SNAPSHOT/hdds-container-service-1.2.0-SNAPSHOT.jar:/home/runner/.m2/repository/org/apache/ozone/hdds-hadoop-dependency-server/1.2.0-SNAPSHOT/hdds-hadoop-dependency-server-1.2.0-SNAPSHOT.jar:/home/runner/.m2/repository/org/apache/hadoop/hadoop-hdfs/3.3.1/hadoop-hdfs-3.3.1.jar:/home/runner/.m2/repository/io/dropwizard/metrics/metrics-core/3.2.4/metrics-core-3.2.4.jar:/home/runner/.m2/repository/org/apache/hadoop/hadoop-hdfs-client/3.3.1/hadoop-hdfs-client-3.3.1.jar:/home/runner/.m2/repository/org/bouncycastle/bcprov-jdk15on/1.67/bcprov-jdk15on-1.67.jar:/home/runner/.m2/repository/com/google/protobuf/protobuf-java/2.5.0/protobuf-java-2.5.0.jar:/home/runner/.m2/repository/org/apache/ozone/ozone-manager/1.2.0-SNAPSHOT/ozone-manager-1.2.0-SNAPSHOT.jar:/home/runner/.m2/repository/org/aspectj/aspectjrt/1.9.7/aspectjrt-1.9.7.jar:/home/runner/.m2/repository/org/aspectj/aspectjweaver/1.9.7/aspectjweaver-1.9.7.jar:/home/runner/.m2/repository/org/apache/ozone/hdds-interface-client/1.2.0-SNAPSHOT/hdds-interface-client-1.2.0-SNAPSHOT.jar:/home/runner/.m2/repository/org/apache/hadoop/thirdparty/hadoop-shaded-protobuf_3_7/1.1.1/hadoop-shaded-protobuf_3_7-1.1.1.jar:/home/runner/.m2/repository/org/apache/ozone/ozone-interface-storage/1.2.0-SNAPSHOT/ozone-interface-storage-1.2.0-SNAPSHOT.jar:/home/runner/.m2/repository/org/reflections/reflections/0.9.11/reflections-0.9.11.jar:/home/runner/.m2/repository/org/apache/hadoop/hadoop-minikdc/3.3.1/hadoop-minikdc-3.3.1.jar:/home/runner/.m2/repository/org/apache/kerby/kerb-simplekdc/1.0.1/kerb-simplekdc-1.0.1.jar:/home/runner/.m2/repository/org/apache/kerby/kerb-client/1.0.1/kerb-client-1.0.1.jar:/home/runner/.m2/repository/org/apache/kerby/kerby-config/1.0.1/kerby-config-1.0.1.jar:/home/runner/.m2/repository/org/apache/kerby/kerb-common/1.0.1/kerb-common-1.0.1.jar:/home/runner/.m2/repository/org/apache/kerby/kerb-crypto/1.0.1/kerb-crypto-1.0.1.jar:/home/runner/.m2/repository/org/apache/kerby/kerb-util/1.0.1/kerb-util-1.0.1.jar:/home/runner/.m2/repository/org/apache/kerby/token-provider/1.0.1/token-provider-1.0.1.jar:/home/runner/.m2/repository/org/apache/kerby/kerb-admin/1.0.1/kerb-admin-1.0.1.jar:/home/runner/.m2/repository/org/apache/kerby/kerb-server/1.0.1/kerb-server-1.0.1.jar:/home/runner/.m2/repository/org/apache/kerby/kerb-identity/1.0.1/kerb-identity-1.0.1.jar:/home/runner/.m2/repository/org/apache/kerby/kerby-xdr/1.0.1/kerby-xdr-1.0.1.jar:/home/runner/.m2/repository/org/slf4j/slf4j-log4j12/1.7.30/slf4j-log4j12-1.7.30.jar:/home/runner/.m2/repository/org/apache/ozone/ozone-s3gateway/1.2.0-SNAPSHOT/ozone-s3gateway-1.2.0-SNAPSHOT.jar:/home/runner/.m2/repository/org/javassist/javassist/3.21.0-GA/javassist-3.21.0-GA.jar:/home/runner/.m2/repository/org/jboss/weld/servlet/weld-servlet/2.4.7.Final/weld-servlet-2.4.7.Final.jar:/home/runner/.m2/repository/org/glassfish/jersey/containers/jersey-container-servlet-core/2.33/jersey-container-servlet-core-2.33.jar:/home/runner/.m2/repository/org/glassfish/hk2/external/jakarta.inject/2.6.1/jakarta.inject-2.6.1.jar:/home/runner/.m2/repository/org/glassfish/jersey/core/jersey-common/2.33/jersey-common-2.33.jar:/home/runner/.m2/repository/jakarta/ws/rs/jakarta.ws.rs-api/2.1.6/jakarta.ws.rs-api-2.1.6.jar:/home/runner/.m2/repository/org/glassfish/jersey/ext/cdi/jersey-cdi1x/2.33/jersey-cdi1x-2.33.jar:/home/runner/.m2/repository/org/glassfish/jersey/inject/jersey-hk2/2.33/jersey-hk2-2.33.jar:/home/runner/.m2/repository/org/glassfish/hk2/hk2-locator/2.6.1/hk2-locator-2.6.1.jar:/home/runner/.m2/repository/org/glassfish/jersey/media/jersey-media-jaxb/2.33/jersey-media-jaxb-2.33.jar:/home/runner/.m2/repository/org/glassfish/hk2/osgi-resource-locator/1.0.3/osgi-resource-locator-1.0.3.jar:/home/runner/.m2/repository/org/glassfish/hk2/hk2-api/2.5.0/hk2-api-2.5.0.jar:/home/runner/.m2/repository/org/glassfish/hk2/hk2-utils/2.5.0/hk2-utils-2.5.0.jar:/home/runner/.m2/repository/org/glassfish/hk2/external/aopalliance-repackaged/2.5.0/aopalliance-repackaged-2.5.0.jar:/home/runner/.m2/repository/com/fasterxml/jackson/dataformat/jackson-dataformat-xml/2.12.1/jackson-dataformat-xml-2.12.1.jar:/home/runner/.m2/repository/com/fasterxml/jackson/core/jackson-core/2.12.1/jackson-core-2.12.1.jar:/home/runner/.m2/repository/com/fasterxml/jackson/module/jackson-module-jaxb-annotations/2.12.1/jackson-module-jaxb-annotations-2.12.1.jar:/home/runner/.m2/repository/jakarta/xml/bind/jakarta.xml.bind-api/2.3.2/jakarta.xml.bind-api-2.3.2.jar:/home/runner/.m2/repository/org/codehaus/woodstox/stax2-api/3.1.4/stax2-api-3.1.4.jar:/home/runner/.m2/repository/com/fasterxml/woodstox/woodstox-core/5.0.3/woodstox-core-5.0.3.jar:/home/runner/.m2/repository/javax/enterprise/cdi-api/1.2/cdi-api-1.2.jar:/home/runner/.m2/repository/javax/el/javax.el-api/3.0.0/javax.el-api-3.0.0.jar:/home/runner/.m2/repository/javax/interceptor/javax.interceptor-api/1.2/javax.interceptor-api-1.2.jar:/home/runner/.m2/repository/javax/inject/javax.inject/1/javax.inject-1.jar:/home/runner/.m2/repository/javax/xml/bind/jaxb-api/2.3.0/jaxb-api-2.3.0.jar:/home/runner/.m2/repository/org/glassfish/jaxb/jaxb-runtime/2.3.0.1/jaxb-runtime-2.3.0.1.jar:/home/runner/.m2/repository/org/glassfish/jaxb/jaxb-core/2.3.0.1/jaxb-core-2.3.0.1.jar:/home/runner/.m2/repository/org/glassfish/jaxb/txw2/2.3.0.1/txw2-2.3.0.1.jar:/home/runner/.m2/repository/com/sun/istack/istack-commons-runtime/3.0.5/istack-commons-runtime-3.0.5.jar:/home/runner/.m2/repository/org/jvnet/staxex/stax-ex/1.7.8/stax-ex-1.7.8.jar:/home/runner/.m2/repository/com/sun/xml/fastinfoset/FastInfoset/1.2.13/FastInfoset-1.2.13.jar:/home/runner/.m2/repository/javax/activation/activation/1.1.1/activation-1.1.1.jar:/home/runner/.m2/repository/org/apache/ozone/ozone-csi/1.2.0-SNAPSHOT/ozone-csi-1.2.0-SNAPSHOT.jar:/home/runner/.m2/repository/com/google/protobuf/protobuf-java-util/3.12.0/protobuf-java-util-3.12.0.jar:/home/runner/.m2/repository/com/google/code/gson/gson/2.2.4/gson-2.2.4.jar:/home/runner/.m2/repository/org/apache/ozone/hdds-config/1.2.0-SNAPSHOT/hdds-config-1.2.0-SNAPSHOT.jar:/home/runner/.m2/repository/io/grpc/grpc-netty/1.33.0/grpc-netty-1.33.0.jar:/home/runner/.m2/repository/io/grpc/grpc-core/1.33.0/grpc-core-1.33.0.jar:/home/runner/.m2/repository/com/google/android/annotations/4.1.1.4/annotations-4.1.1.4.jar:/home/runner/.m2/repository/io/netty/netty-codec-http2/4.1.63.Final/netty-codec-http2-4.1.63.Final.jar:/home/runner/.m2/repository/io/netty/netty-codec-http/4.1.63.Final/netty-codec-http-4.1.63.Final.jar:/home/runner/.m2/repository/io/netty/netty-handler-proxy/4.1.63.Final/netty-handler-proxy-4.1.63.Final.jar:/home/runner/.m2/repository/io/netty/netty-codec-socks/4.1.63.Final/netty-codec-socks-4.1.63.Final.jar:/home/runner/.m2/repository/io/perfmark/perfmark-api/0.19.0/perfmark-api-0.19.0.jar:/home/runner/.m2/repository/org/codehaus/mojo/animal-sniffer-annotations/1.18/animal-sniffer-annotations-1.18.jar:/home/runner/.m2/repository/io/netty/netty-transport-native-epoll/4.1.63.Final/netty-transport-native-epoll-4.1.63.Final.jar:/home/runner/.m2/repository/io/netty/netty-common/4.1.63.Final/netty-common-4.1.63.Final.jar:/home/runner/.m2/repository/io/netty/netty-buffer/4.1.63.Final/netty-buffer-4.1.63.Final.jar:/home/runner/.m2/repository/io/netty/netty-transport-native-unix-common/4.1.63.Final/netty-transport-native-unix-common-4.1.63.Final.jar:/home/runner/.m2/repository/io/grpc/grpc-protobuf/1.33.0/grpc-protobuf-1.33.0.jar:/home/runner/.m2/repository/io/grpc/grpc-api/1.33.0/grpc-api-1.33.0.jar:/home/runner/.m2/repository/io/grpc/grpc-context/1.33.0/grpc-context-1.33.0.jar:/home/runner/.m2/repository/com/google/api/grpc/proto-google-common-protos/1.17.0/proto-google-common-protos-1.17.0.jar:/home/runner/.m2/repository/io/grpc/grpc-protobuf-lite/1.33.0/grpc-protobuf-lite-1.33.0.jar:/home/runner/.m2/repository/io/grpc/grpc-stub/1.33.0/grpc-stub-1.33.0.jar:/home/runner/.m2/repository/org/apache/ozone/ozone-recon/1.2.0-SNAPSHOT/ozone-recon-1.2.0-SNAPSHOT.jar:/home/runner/.m2/repository/org/apache/ozone/ozone-reconcodegen/1.2.0-SNAPSHOT/ozone-reconcodegen-1.2.0-SNAPSHOT.jar:/home/runner/.m2/repository/com/google/inject/extensions/guice-multibindings/4.0/guice-multibindings-4.0.jar:/home/runner/.m2/repository/com/google/inject/guice/4.0/guice-4.0.jar:/home/runner/.m2/repository/aopalliance/aopalliance/1.0/aopalliance-1.0.jar:/home/runner/.m2/repository/com/google/inject/extensions/guice-assistedinject/4.0/guice-assistedinject-4.0.jar:/home/runner/.m2/repository/com/google/inject/extensions/guice-servlet/4.0/guice-servlet-4.0.jar:/home/runner/.m2/repository/org/glassfish/jersey/containers/jersey-container-servlet/2.33/jersey-container-servlet-2.33.jar:/home/runner/.m2/repository/org/glassfish/hk2/guice-bridge/2.5.0/guice-bridge-2.5.0.jar:/home/runner/.m2/repository/org/glassfish/jersey/core/jersey-server/2.33/jersey-server-2.33.jar:/home/runner/.m2/repository/org/glassfish/jersey/core/jersey-client/2.33/jersey-client-2.33.jar:/home/runner/.m2/repository/jakarta/annotation/jakarta.annotation-api/1.3.5/jakarta.annotation-api-1.3.5.jar:/home/runner/.m2/repository/jakarta/validation/jakarta.validation-api/2.0.2/jakarta.validation-api-2.0.2.jar:/home/runner/.m2/repository/org/glassfish/jersey/media/jersey-media-json-jackson/2.33/jersey-media-json-jackson-2.33.jar:/home/runner/.m2/repository/org/glassfish/jersey/ext/jersey-entity-filtering/2.33/jersey-entity-filtering-2.33.jar:/home/runner/.m2/repository/org/jooq/jooq/3.11.10/jooq-3.11.10.jar:/home/runner/.m2/repository/org/jooq/jooq-meta/3.11.10/jooq-meta-3.11.10.jar:/home/runner/.m2/repository/org/jooq/jooq-codegen/3.11.10/jooq-codegen-3.11.10.jar:/home/runner/.m2/repository/com/jolbox/bonecp/0.8.0.RELEASE/bonecp-0.8.0.RELEASE.jar:/home/runner/.m2/repository/org/apache/derby/derby/10.14.2.0/derby-10.14.2.0.jar:/home/runner/.m2/repository/org/xerial/sqlite-jdbc/3.25.2/sqlite-jdbc-3.25.2.jar:/home/runner/.m2/repository/org/springframework/spring-jdbc/5.2.17.RELEASE/spring-jdbc-5.2.17.RELEASE.jar:/home/runner/.m2/repository/org/springframework/spring-beans/5.2.17.RELEASE/spring-beans-5.2.17.RELEASE.jar:/home/runner/.m2/repository/org/springframework/spring-core/5.2.17.RELEASE/spring-core-5.2.17.RELEASE.jar:/home/runner/.m2/repository/org/springframework/spring-jcl/5.2.17.RELEASE/spring-jcl-5.2.17.RELEASE.jar:/home/runner/.m2/repository/org/springframework/spring-tx/5.2.17.RELEASE/spring-tx-5.2.17.RELEASE.jar:/home/runner/.m2/repository/org/apache/ozone/ozone-client/1.2.0-SNAPSHOT/ozone-client-1.2.0-SNAPSHOT.jar:/home/runner/.m2/repository/org/apache/ozone/ozone-filesystem/1.2.0-SNAPSHOT/ozone-filesystem-1.2.0-SNAPSHOT.jar:/home/runner/.m2/repository/org/apache/ozone/ozone-filesystem-common/1.2.0-SNAPSHOT/ozone-filesystem-common-1.2.0-SNAPSHOT.jar:/home/runner/.m2/repository/org/apache/ozone/ozone-tools/1.2.0-SNAPSHOT/ozone-tools-1.2.0-SNAPSHOT.jar:/home/runner/.m2/repository/org/apache/ratis/ratis-tools/2.2.0/ratis-tools-2.2.0.jar:/home/runner/.m2/repository/com/amazonaws/aws-java-sdk-core/1.11.1034/aws-java-sdk-core-1.11.1034.jar:/home/runner/.m2/repository/org/apache/httpcomponents/httpclient/4.5.13/httpclient-4.5.13.jar:/home/runner/.m2/repository/org/apache/httpcomponents/httpcore/4.4.13/httpcore-4.4.13.jar:/home/runner/.m2/repository/software/amazon/ion/ion-java/1.0.2/ion-java-1.0.2.jar:/home/runner/.m2/repository/com/fasterxml/jackson/dataformat/jackson-dataformat-cbor/2.12.1/jackson-dataformat-cbor-2.12.1.jar:/home/runner/.m2/repository/joda-time/joda-time/2.8.1/joda-time-2.8.1.jar:/home/runner/.m2/repository/com/amazonaws/aws-java-sdk-s3/1.11.1034/aws-java-sdk-s3-1.11.1034.jar:/home/runner/.m2/repository/com/amazonaws/aws-java-sdk-kms/1.11.1034/aws-java-sdk-kms-1.11.1034.jar:/home/runner/.m2/repository/com/amazonaws/jmespath-java/1.11.1034/jmespath-java-1.11.1034.jar:/home/runner/.m2/repository/org/kohsuke/metainf-services/metainf-services/1.8/metainf-services-1.8.jar:/home/runner/.m2/repository/org/apache/ozone/hdds-tools/1.2.0-SNAPSHOT/hdds-tools-1.2.0-SNAPSHOT.jar:/home/runner/.m2/repository/commons-cli/commons-cli/1.2/commons-cli-1.2.jar:/home/runner/.m2/repository/org/apache/commons/commons-lang3/3.7/commons-lang3-3.7.jar:/home/runner/.m2/repository/org/apache/ozone/ozone-manager/1.2.0-SNAPSHOT/ozone-manager-1.2.0-SNAPSHOT-tests.jar:/home/runner/.m2/repository/org/apache/ozone/hdds-common/1.2.0-SNAPSHOT/hdds-common-1.2.0-SNAPSHOT-tests.jar:/home/runner/.m2/repository/org/apache/ozone/hdds-hadoop-dependency-client/1.2.0-SNAPSHOT/hdds-hadoop-dependency-client-1.2.0-SNAPSHOT.jar:/home/runner/.m2/repository/info/picocli/picocli/4.6.1/picocli-4.6.1.jar:/home/runner/.m2/repository/com/fasterxml/jackson/core/jackson-annotations/2.12.1/jackson-annotations-2.12.1.jar:/home/runner/.m2/repository/javax/annotation/javax.annotation-api/1.2/javax.annotation-api-1.2.jar:/home/runner/.m2/repository/org/apache/ratis/ratis-server/2.2.0/ratis-server-2.2.0.jar:/home/runner/.m2/repository/org/apache/ratis/ratis-client/2.2.0/ratis-client-2.2.0.jar:/home/runner/.m2/repository/org/apache/ratis/ratis-server-api/2.2.0/ratis-server-api-2.2.0.jar:/home/runner/.m2/repository/org/apache/ratis/ratis-metrics/2.2.0/ratis-metrics-2.2.0.jar:/home/runner/.m2/repository/org/apache/ratis/ratis-netty/2.2.0/ratis-netty-2.2.0.jar:/home/runner/.m2/repository/org/apache/ratis/ratis-grpc/2.2.0/ratis-grpc-2.2.0.jar:/home/runner/.m2/repository/org/apache/logging/log4j/log4j-api/2.13.3/log4j-api-2.13.3.jar:/home/runner/.m2/repository/org/apache/logging/log4j/log4j-core/2.13.3/log4j-core-2.13.3.jar:/home/runner/.m2/repository/com/lmax/disruptor/3.4.2/disruptor-3.4.2.jar:/home/runner/.m2/repository/org/apache/commons/commons-pool2/2.6.0/commons-pool2-2.6.0.jar:/home/runner/.m2/repository/org/bouncycastle/bcpkix-jdk15on/1.67/bcpkix-jdk15on-1.67.jar:/home/runner/.m2/repository/commons-validator/commons-validator/1.6/commons-validator-1.6.jar:/home/runner/.m2/repository/commons-beanutils/commons-beanutils/1.9.4/commons-beanutils-1.9.4.jar:/home/runner/.m2/repository/commons-digester/commons-digester/1.8.1/commons-digester-1.8.1.jar:/home/runner/.m2/repository/commons-collections/commons-collections/3.2.2/commons-collections-3.2.2.jar:/home/runner/.m2/repository/io/jaegertracing/jaeger-client/1.6.0/jaeger-client-1.6.0.jar:/home/runner/.m2/repository/io/jaegertracing/jaeger-thrift/1.6.0/jaeger-thrift-1.6.0.jar:/home/runner/.m2/repository/org/apache/thrift/libthrift/0.14.1/libthrift-0.14.1.jar:/home/runner/.m2/repository/com/squareup/okhttp3/okhttp/4.9.0/okhttp-4.9.0.jar:/home/runner/.m2/repository/com/squareup/okio/okio/2.8.0/okio-2.8.0.jar:/home/runner/.m2/repository/io/jaegertracing/jaeger-core/1.6.0/jaeger-core-1.6.0.jar:/home/runner/.m2/repository/io/jaegertracing/jaeger-tracerresolver/1.6.0/jaeger-tracerresolver-1.6.0.jar:/home/runner/.m2/repository/io/opentracing/contrib/opentracing-tracerresolver/0.1.8/opentracing-tracerresolver-0.1.8.jar:/home/runner/.m2/repository/org/jetbrains/kotlin/kotlin-stdlib/1.4.31/kotlin-stdlib-1.4.31.jar:/home/runner/.m2/repository/org/jetbrains/kotlin/kotlin-stdlib-common/1.4.31/kotlin-stdlib-common-1.4.31.jar:/home/runner/.m2/repository/org/jetbrains/annotations/13.0/annotations-13.0.jar:/home/runner/.m2/repository/io/opentracing/opentracing-util/0.33.0/opentracing-util-0.33.0.jar:/home/runner/.m2/repository/io/opentracing/opentracing-api/0.33.0/opentracing-api-0.33.0.jar:/home/runner/.m2/repository/io/opentracing/opentracing-noop/0.33.0/opentracing-noop-0.33.0.jar:/home/runner/.m2/repository/org/yaml/snakeyaml/1.26/snakeyaml-1.26.jar:/home/runner/.m2/repository/org/apache/ozone/hdds-interface-admin/1.2.0-SNAPSHOT/hdds-interface-admin-1.2.0-SNAPSHOT.jar:/home/runner/.m2/repository/junit/junit/4.13.1/junit-4.13.1.jar:/home/runner/.m2/repository/org/hamcrest/hamcrest-core/1.3/hamcrest-core-1.3.jar:/home/runner/.m2/repository/org/junit/jupiter/junit-jupiter-api/5.7.0/junit-jupiter-api-5.7.0.jar:/home/runner/.m2/repository/org/apiguardian/apiguardian-api/1.1.0/apiguardian-api-1.1.0.jar:/home/runner/.m2/repository/org/opentest4j/opentest4j/1.2.0/opentest4j-1.2.0.jar:/home/runner/.m2/repository/org/junit/platform/junit-platform-commons/1.7.0/junit-platform-commons-1.7.0.jar:/home/runner/.m2/repository/org/junit/jupiter/junit-jupiter-engine/5.7.0/junit-jupiter-engine-5.7.0.jar:/home/runner/.m2/repository/org/junit/platform/junit-platform-engine/1.7.0/junit-platform-engine-1.7.0.jar:/home/runner/.m2/repository/org/junit/vintage/junit-vintage-engine/5.7.0/junit-vintage-engine-5.7.0.jar:/home/runner/.m2/repository/org/junit/platform/junit-platform-launcher/1.7.0/junit-platform-launcher-1.7.0.jar:/home/runner/.m2/repository/org/openjdk/jmh/jmh-core/1.19/jmh-core-1.19.jar:/home/runner/.m2/repository/net/sf/jopt-simple/jopt-simple/4.6/jopt-simple-4.6.jar:/home/runner/.m2/repository/org/apache/commons/commons-math3/3.1.1/commons-math3-3.1.1.jar:/home/runner/.m2/repository/org/openjdk/jmh/jmh-generator-annprocess/1.19/jmh-generator-annprocess-1.19.jar:/home/runner/.m2/repository/org/mockito/mockito-core/2.28.2/mockito-core-2.28.2.jar:/home/runner/.m2/repository/net/bytebuddy/byte-buddy/1.9.10/byte-buddy-1.9.10.jar:/home/runner/.m2/repository/net/bytebuddy/byte-buddy-agent/1.9.10/byte-buddy-agent-1.9.10.jar:/home/runner/.m2/repository/org/objenesis/objenesis/1.0/objenesis-1.0.jar:/home/runner/.m2/repository/org/apache/hadoop/hadoop-kms/3.3.1/hadoop-kms-3.3.1.jar:/home/runner/.m2/repository/org/apache/hadoop/hadoop-auth/3.3.1/hadoop-auth-3.3.1.jar:/home/runner/.m2/repository/com/nimbusds/nimbus-jose-jwt/7.9/nimbus-jose-jwt-7.9.jar:/home/runner/.m2/repository/com/github/stephenc/jcip/jcip-annotations/1.0-1/jcip-annotations-1.0-1.jar:/home/runner/.m2/repository/net/minidev/json-smart/2.3.1/json-smart-2.3.1.jar:/home/runner/.m2/repository/net/minidev/accessors-smart/2.3.1/accessors-smart-2.3.1.jar:/home/runner/.m2/repository/org/ow2/asm/asm/5.0.4/asm-5.0.4.jar:/home/runner/.m2/repository/org/apache/zookeeper/zookeeper/3.5.6/zookeeper-3.5.6.jar:/home/runner/.m2/repository/org/apache/zookeeper/zookeeper-jute/3.5.6/zookeeper-jute-3.5.6.jar:/home/runner/.m2/repository/org/apache/yetus/audience-annotations/0.5.0/audience-annotations-0.5.0.jar:/home/runner/.m2/repository/org/apache/curator/curator-framework/4.2.0/curator-framework-4.2.0.jar:/home/runner/.m2/repository/org/apache/hadoop/thirdparty/hadoop-shaded-guava/1.1.1/hadoop-shaded-guava-1.1.1.jar:/home/runner/.m2/repository/com/sun/jersey/jersey-core/1.19/jersey-core-1.19.jar:/home/runner/.m2/repository/javax/ws/rs/jsr311-api/1.1.1/jsr311-api-1.1.1.jar:/home/runner/.m2/repository/com/sun/jersey/jersey-server/1.19/jersey-server-1.19.jar:/home/runner/.m2/repository/javax/servlet/javax.servlet-api/3.1.0/javax.servlet-api-3.1.0.jar:/home/runner/.m2/repository/org/eclipse/jetty/jetty-server/9.4.43.v20210629/jetty-server-9.4.43.v20210629.jar:/home/runner/.m2/repository/org/eclipse/jetty/jetty-http/9.4.43.v20210629/jetty-http-9.4.43.v20210629.jar:/home/runner/.m2/repository/org/eclipse/jetty/jetty-io/9.4.43.v20210629/jetty-io-9.4.43.v20210629.jar:/home/runner/.m2/repository/org/eclipse/jetty/jetty-webapp/9.4.43.v20210629/jetty-webapp-9.4.43.v20210629.jar:/home/runner/.m2/repository/org/eclipse/jetty/jetty-xml/9.4.43.v20210629/jetty-xml-9.4.43.v20210629.jar:/home/runner/.m2/repository/org/apache/hadoop/hadoop-common/3.3.1/hadoop-common-3.3.1.jar:/home/runner/.m2/repository/commons-net/commons-net/3.6/commons-net-3.6.jar:/home/runner/.m2/repository/jakarta/activation/jakarta.activation-api/1.2.1/jakarta.activation-api-1.2.1.jar:/home/runner/.m2/repository/com/sun/jersey/jersey-servlet/1.19/jersey-servlet-1.19.jar:/home/runner/.m2/repository/com/sun/jersey/jersey-json/1.19/jersey-json-1.19.jar:/home/runner/.m2/repository/org/codehaus/jettison/jettison/1.1/jettison-1.1.jar:/home/runner/.m2/repository/com/sun/xml/bind/jaxb-impl/2.2.3-1/jaxb-impl-2.2.3-1.jar:/home/runner/.m2/repository/org/codehaus/jackson/jackson-jaxrs/1.9.2/jackson-jaxrs-1.9.2.jar:/home/runner/.m2/repository/org/codehaus/jackson/jackson-xc/1.9.2/jackson-xc-1.9.2.jar:/home/runner/.m2/repository/org/apache/commons/commons-configuration2/2.1.1/commons-configuration2-2.1.1.jar:/home/runner/.m2/repository/org/apache/commons/commons-text/1.4/commons-text-1.4.jar:/home/runner/.m2/repository/com/google/re2j/re2j/1.1/re2j-1.1.jar:/home/runner/.m2/repository/com/jcraft/jsch/0.1.54/jsch-0.1.54.jar:/home/runner/.m2/repository/org/apache/curator/curator-client/4.2.0/curator-client-4.2.0.jar:/home/runner/.m2/repository/org/apache/curator/curator-recipes/4.2.0/curator-recipes-4.2.0.jar:/home/runner/.m2/repository/org/apache/kerby/kerb-core/1.0.1/kerb-core-1.0.1.jar:/home/runner/.m2/repository/org/apache/kerby/kerby-pkix/1.0.1/kerby-pkix-1.0.1.jar:/home/runner/.m2/repository/org/apache/kerby/kerby-asn1/1.0.1/kerby-asn1-1.0.1.jar:/home/runner/.m2/repository/org/apache/kerby/kerby-util/1.0.1/kerby-util-1.0.1.jar:/home/runner/.m2/repository/dnsjava/dnsjava/2.1.7/dnsjava-2.1.7.jar:/home/runner/.m2/repository/org/xerial/snappy/snappy-java/1.1.8.2/snappy-java-1.1.8.2.jar:/home/runner/.m2/repository/org/slf4j/jul-to-slf4j/1.7.30/jul-to-slf4j-1.7.30.jar:/home/runner/.m2/repository/org/eclipse/jetty/jetty-util/9.4.43.v20210629/jetty-util-9.4.43.v20210629.jar:/home/runner/.m2/repository/com/fasterxml/jackson/core/jackson-databind/2.12.1/jackson-databind-2.12.1.jar:/home/runner/.m2/repository/org/apache/hadoop/hadoop-kms/3.3.1/hadoop-kms-3.3.1-tests.jar:/home/runner/.m2/repository/org/apache/ozone/hdds-server-scm/1.2.0-SNAPSHOT/hdds-server-scm-1.2.0-SNAPSHOT-tests.jar:/home/runner/.m2/repository/org/apache/ozone/hdds-container-service/1.2.0-SNAPSHOT/hdds-container-service-1.2.0-SNAPSHOT-tests.jar:/home/runner/.m2/repository/commons-codec/commons-codec/1.11/commons-codec-1.11.jar:/home/runner/.m2/repository/io/netty/netty-transport/4.1.63.Final/netty-transport-4.1.63.Final.jar:/home/runner/.m2/repository/io/netty/netty-resolver/4.1.63.Final/netty-resolver-4.1.63.Final.jar:/home/runner/.m2/repository/io/netty/netty-codec/4.1.63.Final/netty-codec-4.1.63.Final.jar:/home/runner/.m2/repository/io/netty/netty-handler/4.1.63.Final/netty-handler-4.1.63.Final.jar:/home/runner/.m2/repository/org/apache/ozone/hdds-hadoop-dependency-test/1.2.0-SNAPSHOT/hdds-hadoop-dependency-test-1.2.0-SNAPSHOT.jar:/home/runner/.m2/repository/org/apache/hadoop/hadoop-common/3.3.1/hadoop-common-3.3.1-tests.jar:/home/runner/.m2/repository/org/assertj/assertj-core/3.12.2/assertj-core-3.12.2.jar:/home/runner/.m2/repository/org/apache/hadoop/hadoop-hdfs/3.3.1/hadoop-hdfs-3.3.1-tests.jar:/home/runner/.m2/repository/org/eclipse/jetty/jetty-util-ajax/9.4.43.v20210629/jetty-util-ajax-9.4.43.v20210629.jar:/home/runner/.m2/repository/commons-daemon/commons-daemon/1.0.13/commons-daemon-1.0.13.jar:/home/runner/.m2/repository/io/netty/netty/3.10.6.Final/netty-3.10.6.Final.jar:/home/runner/.m2/repository/io/netty/netty-all/4.1.63.Final/netty-all-4.1.63.Final.jar:/home/runner/.m2/repository/org/apache/htrace/htrace-core4/4.1.0-incubating/htrace-core4-4.1.0-incubating.jar:/home/runner/.m2/repository/org/fusesource/leveldbjni/leveldbjni-all/1.8/leveldbjni-all-1.8.jar:/home/runner/.m2/repository/org/apache/hadoop/hadoop-distcp/3.3.1/hadoop-distcp-3.3.1.jar:/home/runner/.m2/repository/org/apache/hadoop/hadoop-mapreduce-client-jobclient/3.3.1/hadoop-mapreduce-client-jobclient-3.3.1.jar:/home/runner/.m2/repository/org/apache/hadoop/hadoop-mapreduce-client-common/3.3.1/hadoop-mapreduce-client-common-3.3.1.jar:/home/runner/.m2/repository/org/apache/hadoop/hadoop-yarn-common/3.3.1/hadoop-yarn-common-3.3.1.jar:/home/runner/.m2/repository/org/apache/hadoop/hadoop-yarn-api/3.3.1/hadoop-yarn-api-3.3.1.jar:/home/runner/.m2/repository/com/sun/jersey/jersey-client/1.19/jersey-client-1.19.jar:/home/runner/.m2/repository/com/sun/jersey/contribs/jersey-guice/1.19/jersey-guice-1.19.jar:/home/runner/.m2/repository/com/fasterxml/jackson/jaxrs/jackson-jaxrs-json-provider/2.12.1/jackson-jaxrs-json-provider-2.12.1.jar:/home/runner/.m2/repository/com/fasterxml/jackson/jaxrs/jackson-jaxrs-base/2.12.1/jackson-jaxrs-base-2.12.1.jar:/home/runner/.m2/repository/org/apache/hadoop/hadoop-yarn-client/3.3.1/hadoop-yarn-client-3.3.1.jar:/home/runner/.m2/repository/org/eclipse/jetty/websocket/websocket-client/9.4.40.v20210413/websocket-client-9.4.40.v20210413.jar:/home/runner/.m2/repository/org/eclipse/jetty/jetty-client/9.4.40.v20210413/jetty-client-9.4.40.v20210413.jar:/home/runner/.m2/repository/org/eclipse/jetty/websocket/websocket-common/9.4.40.v20210413/websocket-common-9.4.40.v20210413.jar:/home/runner/.m2/repository/org/eclipse/jetty/websocket/websocket-api/9.4.40.v20210413/websocket-api-9.4.40.v20210413.jar:/home/runner/.m2/repository/org/jline/jline/3.9.0/jline-3.9.0.jar:/home/runner/.m2/repository/org/apache/hadoop/hadoop-mapreduce-client-core/3.3.1/hadoop-mapreduce-client-core-3.3.1.jar:/home/runner/.m2/repository/org/apache/avro/avro/1.7.7/avro-1.7.7.jar:/home/runner/.m2/repository/org/codehaus/jackson/jackson-core-asl/1.9.13/jackson-core-asl-1.9.13.jar:/home/runner/.m2/repository/org/codehaus/jackson/jackson-mapper-asl/1.9.13/jackson-mapper-asl-1.9.13.jar:/home/runner/.m2/repository/com/thoughtworks/paranamer/paranamer/2.3/paranamer-2.3.jar:/home/runner/.m2/repository/org/apache/hadoop/hadoop-annotations/3.3.1/hadoop-annotations-3.3.1.jar:/usr/lib/jvm/adoptopenjdk-8-hotspot-amd64/jre/../lib/tools.jar:/home/runner/.m2/repository/org/apache/hadoop/hadoop-distcp/3.3.1/hadoop-distcp-3.3.1-tests.jar:/home/runner/.m2/repository/org/apache/ratis/ratis-common/2.2.0/ratis-common-2.2.0.jar:/home/runner/.m2/repository/org/apache/ratis/ratis-thirdparty-misc/0.7.0/ratis-thirdparty-misc-0.7.0.jar:/home/runner/.m2/repository/org/apache/ratis/ratis-proto/2.2.0/ratis-proto-2.2.0.jar:"/>
    <property name="sun.cpu.endian" value="little"/>
    <property name="user.home" value="/home/runner"/>
    <property name="user.language" value="en"/>
    <property name="java.specification.vendor" value="Oracle Corporation"/>
    <property name="java.home" value="/usr/lib/jvm/adoptopenjdk-8-hotspot-amd64/jre"/>
    <property name="java.security.krb5.conf" value="/home/runner/work/ozone/ozone/hadoop-ozone/integration-test/target/test-classes/krb5.conf"/>
    <property name="basedir" value="/home/runner/work/ozone/ozone/hadoop-ozone/integration-test"/>
    <property name="file.separator" value="/"/>
    <property name="line.separator" value="&#10;"/>
    <property name="java.vm.specification.vendor" value="Oracle Corporation"/>
    <property name="java.specification.name" value="Java Platform API Specification"/>
    <property name="java.awt.graphicsenv" value="sun.awt.X11GraphicsEnvironment"/>
    <property name="skip.installnpx" value="true"/>
    <property name="surefire.real.class.path" value="/home/runner/work/ozone/ozone/hadoop-ozone/integration-test/target/surefire/surefirebooter7246645404411666141.jar:/home/runner/.m2/repository/org/jacoco/org.jacoco.agent/0.8.5/org.jacoco.agent-0.8.5-runtime.jar"/>
    <property name="hadoop.log.dir" value="/home/runner/work/ozone/ozone/hadoop-ozone/integration-test/target/log"/>
    <property name="sun.boot.class.path" value="/usr/lib/jvm/adoptopenjdk-8-hotspot-amd64/jre/lib/resources.jar:/usr/lib/jvm/adoptopenjdk-8-hotspot-amd64/jre/lib/rt.jar:/usr/lib/jvm/adoptopenjdk-8-hotspot-amd64/jre/lib/sunrsasign.jar:/usr/lib/jvm/adoptopenjdk-8-hotspot-amd64/jre/lib/jsse.jar:/usr/lib/jvm/adoptopenjdk-8-hotspot-amd64/jre/lib/jce.jar:/usr/lib/jvm/adoptopenjdk-8-hotspot-amd64/jre/lib/charsets.jar:/usr/lib/jvm/adoptopenjdk-8-hotspot-amd64/jre/lib/jfr.jar:/usr/lib/jvm/adoptopenjdk-8-hotspot-amd64/jre/classes"/>
    <property name="sun.management.compiler" value="HotSpot 64-Bit Tiered Compilers"/>
    <property name="skip.npx" value="true"/>
    <property name="java.runtime.version" value="1.8.0_292-b10"/>
    <property name="java.net.preferIPv4Stack" value="true"/>
    <property name="user.name" value="runner"/>
    <property name="path.separator" value=":"/>
    <property name="java.security.egd" value="file:///dev/urandom"/>
    <property name="os.version" value="5.4.0-1059-azure"/>
    <property name="java.endorsed.dirs" value="/usr/lib/jvm/adoptopenjdk-8-hotspot-amd64/jre/lib/endorsed"/>
    <property name="java.runtime.name" value="OpenJDK Runtime Environment"/>
    <property name="file.encoding" value="UTF-8"/>
    <property name="java.vm.name" value="OpenJDK 64-Bit Server VM"/>
    <property name="test.build.webapps" value=""/>
    <property name="localRepository" value="/home/runner/.m2/repository"/>
    <property name="java.vendor.url.bug" value="https://github.com/AdoptOpenJDK/openjdk-support/issues"/>
    <property name="java.io.tmpdir" value="/tmp"/>
    <property name="require.test.libhadoop" value=""/>
    <property name="java.version" value="1.8.0_292"/>
    <property name="user.dir" value="/home/runner/work/ozone/ozone/hadoop-ozone/integration-test"/>
    <property name="os.arch" value="amd64"/>
    <property name="java.vm.specification.name" value="Java Virtual Machine Specification"/>
    <property name="test.build.classes" value="/home/runner/work/ozone/ozone/hadoop-ozone/integration-test/target/test-classes"/>
    <property name="java.awt.printerjob" value="sun.print.PSPrinterJob"/>
    <property name="sun.os.patch.level" value="unknown"/>
    <property name="hadoop.tmp.dir" value="/home/runner/work/ozone/ozone/hadoop-ozone/integration-test/target/tmp"/>
    <property name="java.library.path" value="/usr/java/packages/lib/amd64:/usr/lib64:/lib64:/lib:/usr/lib"/>
    <property name="java.vm.info" value="mixed mode"/>
    <property name="java.vendor" value="AdoptOpenJDK"/>
    <property name="java.vm.version" value="25.292-b10"/>
    <property name="java.ext.dirs" value="/usr/lib/jvm/adoptopenjdk-8-hotspot-amd64/jre/lib/ext:/usr/java/packages/lib/ext"/>
    <property name="sun.io.unicode.encoding" value="UnicodeLittle"/>
    <property name="java.class.version" value="52.0"/>
  </properties>
  <testcase name="testWatchForCommitWithKeyWrite" classname="org.apache.hadoop.ozone.client.rpc.TestWatchForCommit" time="83.209"/>
  <testcase name="testWatchForCommitForRetryfailure" classname="org.apache.hadoop.ozone.client.rpc.TestWatchForCommit" time="97.065"/>
  <testcase name="testWatchForCommitForGroupMismatchException" classname="org.apache.hadoop.ozone.client.rpc.TestWatchForCommit" time="62.037"/>
  <testcase name="test2WayCommitForTimeoutException" classname="org.apache.hadoop.ozone.client.rpc.TestWatchForCommit" time="80.067">
    <error message="org.apache.ratis.protocol.exceptions.AlreadyClosedException: SlidingWindow$Client:client-667D89FBD4B7-&gt;RAFT is closed." type="java.util.concurrent.ExecutionException">java.util.concurrent.ExecutionException: org.apache.ratis.protocol.exceptions.AlreadyClosedException: SlidingWindow$Client:client-667D89FBD4B7->RAFT is closed.
	at java.util.concurrent.CompletableFuture.reportGet(CompletableFuture.java:357)
	at java.util.concurrent.CompletableFuture.get(CompletableFuture.java:1908)
	at org.apache.hadoop.ozone.client.rpc.TestWatchForCommit.test2WayCommitForTimeoutException(TestWatchForCommit.java:310)
	at sun.reflect.NativeMethodAccessorImpl.invoke0(Native Method)
	at sun.reflect.NativeMethodAccessorImpl.invoke(NativeMethodAccessorImpl.java:62)
	at sun.reflect.DelegatingMethodAccessorImpl.invoke(DelegatingMethodAccessorImpl.java:43)
	at java.lang.reflect.Method.invoke(Method.java:498)
	at org.junit.runners.model.FrameworkMethod$1.runReflectiveCall(FrameworkMethod.java:59)
	at org.junit.internal.runners.model.ReflectiveCallable.run(ReflectiveCallable.java:12)
	at org.junit.runners.model.FrameworkMethod.invokeExplosively(FrameworkMethod.java:56)
	at org.junit.internal.runners.statements.InvokeMethod.evaluate(InvokeMethod.java:17)
	at org.junit.internal.runners.statements.RunBefores.evaluate(RunBefores.java:26)
	at org.junit.internal.runners.statements.RunAfters.evaluate(RunAfters.java:27)
	at org.junit.runners.ParentRunner$3.evaluate(ParentRunner.java:306)
	at org.junit.runners.BlockJUnit4ClassRunner$1.evaluate(BlockJUnit4ClassRunner.java:100)
	at org.junit.runners.ParentRunner.runLeaf(ParentRunner.java:366)
	at org.junit.runners.BlockJUnit4ClassRunner.runChild(BlockJUnit4ClassRunner.java:103)
	at org.junit.runners.BlockJUnit4ClassRunner.runChild(BlockJUnit4ClassRunner.java:63)
	at org.junit.runners.ParentRunner$4.run(ParentRunner.java:331)
	at org.junit.runners.ParentRunner$1.schedule(ParentRunner.java:79)
	at org.junit.runners.ParentRunner.runChildren(ParentRunner.java:329)
	at org.junit.runners.ParentRunner.access$100(ParentRunner.java:66)
	at org.junit.runners.ParentRunner$2.evaluate(ParentRunner.java:293)
	at org.junit.runners.ParentRunner$3.evaluate(ParentRunner.java:306)
	at org.junit.runners.ParentRunner.run(ParentRunner.java:413)
	at org.junit.runner.JUnitCore.run(JUnitCore.java:137)
	at org.junit.runner.JUnitCore.run(JUnitCore.java:115)
	at org.junit.vintage.engine.execution.RunnerExecutor.execute(RunnerExecutor.java:43)
	at java.util.stream.ForEachOps$ForEachOp$OfRef.accept(ForEachOps.java:183)
	at java.util.stream.ReferencePipeline$3$1.accept(ReferencePipeline.java:193)
	at java.util.Iterator.forEachRemaining(Iterator.java:116)
	at java.util.Spliterators$IteratorSpliterator.forEachRemaining(Spliterators.java:1801)
	at java.util.stream.AbstractPipeline.copyInto(AbstractPipeline.java:482)
	at java.util.stream.AbstractPipeline.wrapAndCopyInto(AbstractPipeline.java:472)
	at java.util.stream.ForEachOps$ForEachOp.evaluateSequential(ForEachOps.java:150)
	at java.util.stream.ForEachOps$ForEachOp$OfRef.evaluateSequential(ForEachOps.java:173)
	at java.util.stream.AbstractPipeline.evaluate(AbstractPipeline.java:234)
	at java.util.stream.ReferencePipeline.forEach(ReferencePipeline.java:485)
	at org.junit.vintage.engine.VintageTestEngine.executeAllChildren(VintageTestEngine.java:82)
	at org.junit.vintage.engine.VintageTestEngine.execute(VintageTestEngine.java:73)
	at org.junit.platform.launcher.core.EngineExecutionOrchestrator.execute(EngineExecutionOrchestrator.java:108)
	at org.junit.platform.launcher.core.EngineExecutionOrchestrator.execute(EngineExecutionOrchestrator.java:88)
	at org.junit.platform.launcher.core.EngineExecutionOrchestrator.lambda$execute$0(EngineExecutionOrchestrator.java:54)
	at org.junit.platform.launcher.core.EngineExecutionOrchestrator.withInterceptedStreams(EngineExecutionOrchestrator.java:67)
	at org.junit.platform.launcher.core.EngineExecutionOrchestrator.execute(EngineExecutionOrchestrator.java:52)
	at org.junit.platform.launcher.core.DefaultLauncher.execute(DefaultLauncher.java:96)
	at org.junit.platform.launcher.core.DefaultLauncher.execute(DefaultLauncher.java:75)
	at org.apache.maven.surefire.junitplatform.JUnitPlatformProvider.invokeAllTests(JUnitPlatformProvider.java:142)
	at org.apache.maven.surefire.junitplatform.JUnitPlatformProvider.invoke(JUnitPlatformProvider.java:113)
	at org.apache.maven.surefire.booter.ForkedBooter.invokeProviderInSameClassLoader(ForkedBooter.java:384)
	at org.apache.maven.surefire.booter.ForkedBooter.runSuitesInProcess(ForkedBooter.java:345)
	at org.apache.maven.surefire.booter.ForkedBooter.execute(ForkedBooter.java:126)
	at org.apache.maven.surefire.booter.ForkedBooter.main(ForkedBooter.java:418)
Caused by: org.apache.ratis.protocol.exceptions.AlreadyClosedException: SlidingWindow$Client:client-667D89FBD4B7->RAFT is closed.
	at org.apache.ratis.util.SlidingWindow$Client.alreadyClosed(SlidingWindow.java:378)
	at org.apache.ratis.util.SlidingWindow$Client.fail(SlidingWindow.java:366)
	at org.apache.ratis.client.impl.OrderedAsync.failAllAsyncRequests(OrderedAsync.java:148)
	at org.apache.ratis.client.impl.OrderedAsync.handleAsyncRetryFailure(OrderedAsync.java:152)
	at org.apache.ratis.client.impl.OrderedAsync.lambda$sendRequest$10(OrderedAsync.java:253)
	at java.util.concurrent.CompletableFuture.uniExceptionally(CompletableFuture.java:884)
	at java.util.concurrent.CompletableFuture$UniExceptionally.tryFire(CompletableFuture.java:866)
	at java.util.concurrent.CompletableFuture.postComplete(CompletableFuture.java:488)
	at java.util.concurrent.CompletableFuture.completeExceptionally(CompletableFuture.java:1990)
	at org.apache.ratis.grpc.client.GrpcClientProtocolClient$AsyncStreamObservers.completeReplyExceptionally(GrpcClientProtocolClient.java:389)
	at org.apache.ratis.grpc.client.GrpcClientProtocolClient$AsyncStreamObservers.access$000(GrpcClientProtocolClient.java:295)
	at org.apache.ratis.grpc.client.GrpcClientProtocolClient$AsyncStreamObservers$1.onNext(GrpcClientProtocolClient.java:309)
	at org.apache.ratis.grpc.client.GrpcClientProtocolClient$AsyncStreamObservers$1.onNext(GrpcClientProtocolClient.java:300)
	at org.apache.ratis.thirdparty.io.grpc.stub.ClientCalls$StreamObserverToCallListenerAdapter.onMessage(ClientCalls.java:465)
	at org.apache.ratis.thirdparty.io.grpc.ForwardingClientCallListener.onMessage(ForwardingClientCallListener.java:33)
	at org.apache.ratis.thirdparty.io.grpc.internal.DelayedClientCall$DelayedListener.onMessage(DelayedClientCall.java:447)
	at org.apache.ratis.thirdparty.io.grpc.internal.ClientCallImpl$ClientStreamListenerImpl$1MessagesAvailable.runInternal(ClientCallImpl.java:715)
	at org.apache.ratis.thirdparty.io.grpc.internal.ClientCallImpl$ClientStreamListenerImpl$1MessagesAvailable.runInContext(ClientCallImpl.java:700)
	at org.apache.ratis.thirdparty.io.grpc.internal.ContextRunnable.run(ContextRunnable.java:37)
	at org.apache.ratis.thirdparty.io.grpc.internal.SerializingExecutor.run(SerializingExecutor.java:123)
	at java.util.concurrent.ThreadPoolExecutor.runWorker(ThreadPoolExecutor.java:1149)
	at java.util.concurrent.ThreadPoolExecutor$Worker.run(ThreadPoolExecutor.java:624)
	at java.lang.Thread.run(Thread.java:748)
Caused by: org.apache.ratis.protocol.exceptions.RaftRetryFailureException: Failed RaftClientRequest:client-667D89FBD4B7->5ad7e042-c272-4503-bb68-cca0083e8bfb@group-0C185B61CB60, cid=63, seq=1*, Watch(0), null for 3 attempts with RequestTypeDependentRetryPolicy{WRITE->org.apache.ratis.retry.ExceptionDependentRetry@26b06c2b, WATCH->org.apache.ratis.retry.ExceptionDependentRetry@1400605a}
	at org.apache.ratis.client.impl.RaftClientImpl.noMoreRetries(RaftClientImpl.java:272)
	... 20 more
Caused by: org.apache.ratis.protocol.exceptions.NotLeaderException: Server 5ad7e042-c272-4503-bb68-cca0083e8bfb@group-0C185B61CB60 is not the leader
	at org.apache.ratis.client.impl.ClientProtoUtils.toRaftClientReply(ClientProtoUtils.java:378)
	at org.apache.ratis.grpc.client.GrpcClientProtocolClient$AsyncStreamObservers$1.onNext(GrpcClientProtocolClient.java:305)
	... 11 more
</error>
    <system-out><![CDATA[2021-10-21 00:13:31,406 [Listener at 127.0.0.1/41741] WARN  server.ServerUtils (ServerUtils.java:getScmDbDir(148)) - ozone.scm.db.dirs is not configured. We recommend adding this setting. Falling back to ozone.metadata.dirs instead.
2021-10-21 00:13:31,417 [Listener at 127.0.0.1/41741] INFO  ha.SCMHANodeDetails (SCMHANodeDetails.java:loadSCMHAConfig(157)) - ServiceID for StorageContainerManager is null
2021-10-21 00:13:31,417 [Listener at 127.0.0.1/41741] INFO  ha.SCMHANodeDetails (SCMHANodeDetails.java:loadSCMHAConfig(162)) - ozone.scm.default.service.id is not defined, falling back to ozone.scm.service.ids to find serviceID for StorageContainerManager if it is HA enabled cluster
2021-10-21 00:13:31,452 [Listener at 127.0.0.1/41741] WARN  server.ServerUtils (ServerUtils.java:getScmDbDir(148)) - ozone.scm.db.dirs is not configured. We recommend adding this setting. Falling back to ozone.metadata.dirs instead.
2021-10-21 00:13:31,452 [Listener at 127.0.0.1/41741] INFO  upgrade.AbstractLayoutVersionManager (AbstractLayoutVersionManager.java:init(79)) - Initializing Layout version manager with metadata layout = SCM_HA (version = 2), software layout = SCM_HA (version = 2)
2021-10-21 00:13:31,818 [Listener at 127.0.0.1/41741] INFO  reflections.Reflections (Reflections.java:scan(232)) - Reflections took 364 ms to scan 7 urls, producing 119 keys and 279 values 
2021-10-21 00:13:31,870 [Listener at 127.0.0.1/41741] WARN  utils.HAUtils (HAUtils.java:getMetaDir(342)) - ozone.scm.db.dirs is not configured. We recommend adding this setting. Falling back to ozone.metadata.dirs instead.
2021-10-21 00:13:31,872 [Listener at 127.0.0.1/41741] WARN  db.DBStoreBuilder (DBStoreBuilder.java:applyDBDefinition(145)) - ozone.scm.db.dirs is not configured. We recommend adding this setting. Falling back to ozone.metadata.dirs instead.
2021-10-21 00:13:32,290 [Listener at 127.0.0.1/41741] INFO  net.NodeSchemaLoader (NodeSchemaLoader.java:loadSchemaFromFile(129)) - Loading schema from [jar:file:/home/runner/.m2/repository/org/apache/ozone/hdds-common/1.2.0-SNAPSHOT/hdds-common-1.2.0-SNAPSHOT.jar!/network-topology-default.xml]
2021-10-21 00:13:32,290 [Listener at 127.0.0.1/41741] INFO  net.NodeSchemaLoader (NodeSchemaLoader.java:loadSchema(176)) - Loading network topology layer schema file
2021-10-21 00:13:32,304 [Listener at 127.0.0.1/41741] WARN  impl.MetricRegistriesImpl (MetricRegistriesImpl.java:addReporterRegistration(111)) - New reporters are added after registries were created. Some metrics will be missing from the reporter. Please add reporter before adding any new registry.
2021-10-21 00:13:32,305 [Listener at 127.0.0.1/41741] WARN  impl.MetricRegistriesImpl (MetricRegistriesImpl.java:addReporterRegistration(111)) - New reporters are added after registries were created. Some metrics will be missing from the reporter. Please add reporter before adding any new registry.
2021-10-21 00:13:32,305 [Listener at 127.0.0.1/41741] INFO  ha.SequenceIdGenerator (SequenceIdGenerator.java:upgradeToSequenceId(347)) - upgrade localId to 107544261427200000
2021-10-21 00:13:32,305 [Listener at 127.0.0.1/41741] INFO  ha.SequenceIdGenerator (SequenceIdGenerator.java:upgradeToSequenceId(357)) - upgrade delTxnId to 0
2021-10-21 00:13:32,305 [Listener at 127.0.0.1/41741] INFO  ha.SequenceIdGenerator (SequenceIdGenerator.java:upgradeToSequenceId(371)) - upgrade containerId to 0
2021-10-21 00:13:32,306 [Listener at 127.0.0.1/41741] INFO  ha.SequenceIdGenerator (SequenceIdGenerator.java:<init>(218)) - Init the HA SequenceIdGenerator.
2021-10-21 00:13:32,354 [Listener at 127.0.0.1/41741] INFO  node.SCMNodeManager (SCMNodeManager.java:<init>(144)) - Entering startup safe mode.
2021-10-21 00:13:32,354 [Listener at 127.0.0.1/41741] INFO  algorithms.ContainerPlacementPolicyFactory (ContainerPlacementPolicyFactory.java:getPolicy(60)) - Create container placement policy of type org.apache.hadoop.hdds.scm.container.placement.algorithms.SCMContainerPlacementRandom
2021-10-21 00:13:32,354 [Listener at 127.0.0.1/41741] INFO  pipeline.PipelineStateManagerImpl (PipelineStateManagerImpl.java:initialize(78)) - No pipeline exists in current db
2021-10-21 00:13:32,355 [Listener at 127.0.0.1/41741] INFO  algorithms.LeaderChoosePolicyFactory (LeaderChoosePolicyFactory.java:getPolicy(57)) - Create leader choose policy of type org.apache.hadoop.hdds.scm.pipeline.leader.choose.algorithms.MinLeaderCountChoosePolicy
2021-10-21 00:13:32,355 [Listener at 127.0.0.1/41741] INFO  ha.SCMServiceManager (SCMServiceManager.java:register(43)) - Registering service BackgroundPipelineCreator.
2021-10-21 00:13:32,355 [Listener at 127.0.0.1/41741] INFO  pipeline.BackgroundPipelineCreator (BackgroundPipelineCreator.java:start(130)) - Starting RatisPipelineUtilsThread.
2021-10-21 00:13:32,379 [Listener at 127.0.0.1/41741] INFO  algorithms.PipelineChoosePolicyFactory (PipelineChoosePolicyFactory.java:createPipelineChoosePolicyFromClass(73)) - Create pipeline choose policy of type org.apache.hadoop.hdds.scm.pipeline.choose.algorithms.RandomPipelineChoosePolicy
2021-10-21 00:13:32,380 [Listener at 127.0.0.1/41741] INFO  ha.SCMServiceManager (SCMServiceManager.java:register(43)) - Registering service SCMBlockDeletingService.
2021-10-21 00:13:32,380 [Listener at 127.0.0.1/41741] INFO  ha.SCMServiceManager (SCMServiceManager.java:register(43)) - Registering service ReplicationManager.
2021-10-21 00:13:32,380 [Listener at 127.0.0.1/41741] INFO  container.ReplicationManager (ReplicationManager.java:start(319)) - Starting Replication Monitor Thread.
2021-10-21 00:13:32,381 [Listener at 127.0.0.1/41741] INFO  safemode.ContainerSafeModeRule (ContainerSafeModeRule.java:<init>(89)) - containers with one replica threshold count 0
2021-10-21 00:13:32,381 [Listener at 127.0.0.1/41741] INFO  safemode.HealthyPipelineSafeModeRule (HealthyPipelineSafeModeRule.java:initializeRule(156)) - Total pipeline count is 0, healthy pipeline threshold count is 1
2021-10-21 00:13:32,381 [Listener at 127.0.0.1/41741] INFO  safemode.OneReplicaPipelineSafeModeRule (OneReplicaPipelineSafeModeRule.java:initializeRule(180)) - Total pipeline count is 0, pipeline's with at least one datanode reported threshold count is 0
2021-10-21 00:13:32,382 [Listener at 127.0.0.1/41741] INFO  ipc.CallQueueManager (CallQueueManager.java:<init>(90)) - Using callQueue: class java.util.concurrent.LinkedBlockingQueue, queueCapacity: 2000, scheduler: class org.apache.hadoop.ipc.DefaultRpcScheduler, ipcBackoff: false.
2021-10-21 00:13:32,382 [Socket Reader #1 for port 0] INFO  ipc.Server (Server.java:run(1265)) - Starting Socket Reader #1 for port 0
2021-10-21 00:13:32,383 [Listener at 0.0.0.0/35879] INFO  ipc.CallQueueManager (CallQueueManager.java:<init>(90)) - Using callQueue: class java.util.concurrent.LinkedBlockingQueue, queueCapacity: 2000, scheduler: class org.apache.hadoop.ipc.DefaultRpcScheduler, ipcBackoff: false.
2021-10-21 00:13:32,392 [Socket Reader #1 for port 0] INFO  ipc.Server (Server.java:run(1265)) - Starting Socket Reader #1 for port 0
2021-10-21 00:13:32,396 [Listener at 0.0.0.0/43069] INFO  ipc.CallQueueManager (CallQueueManager.java:<init>(90)) - Using callQueue: class java.util.concurrent.LinkedBlockingQueue, queueCapacity: 2000, scheduler: class org.apache.hadoop.ipc.DefaultRpcScheduler, ipcBackoff: false.
2021-10-21 00:13:32,399 [Socket Reader #1 for port 0] INFO  ipc.Server (Server.java:run(1265)) - Starting Socket Reader #1 for port 0
2021-10-21 00:13:32,412 [ReplicationMonitor] INFO  container.ReplicationManager (ReplicationManager.java:processAll(371)) - Replication Monitor Thread took 0 milliseconds for processing 0 containers.
2021-10-21 00:13:32,473 [Listener at 0.0.0.0/37585] INFO  algorithms.ContainerPlacementPolicyFactory (ContainerPlacementPolicyFactory.java:getPolicy(60)) - Create container placement policy of type org.apache.hadoop.hdds.scm.container.placement.algorithms.SCMContainerPlacementRandom
2021-10-21 00:13:32,474 [Listener at 0.0.0.0/37585] INFO  server.StorageContainerManager (StorageContainerManager.java:<init>(388)) - 
Container Balancer status:
Key                            Value
Running                        false
Container Balancer Configuration values:
Key                                                Value
Threshold                                          0.1
Max Datanodes to Involve per Iteration(ratio)      0.2
Max Size to Move per Iteration                     32212254720B

2021-10-21 00:13:32,474 [Listener at 0.0.0.0/37585] WARN  events.EventQueue (EventQueue.java:fireEvent(194)) - No event handler registered for event TypedEvent{payloadType=SafeModeStatus, name='Safe mode status'}
2021-10-21 00:13:32,475 [Listener at 0.0.0.0/37585] INFO  ha.SCMContext (SCMContext.java:updateSafeModeStatus(205)) - Update SafeModeStatus from SafeModeStatus{safeModeStatus=true, preCheckPassed=false} to SafeModeStatus{safeModeStatus=true, preCheckPassed=false}.
2021-10-21 00:13:32,475 [Listener at 0.0.0.0/37585] INFO  server.StorageContainerManager (StorageContainerManager.java:start(1303)) - StorageContainerLocationProtocol RPC server is listening at /0.0.0.0:37585
2021-10-21 00:13:32,477 [Listener at 0.0.0.0/37585] WARN  impl.MetricsConfig (MetricsConfig.java:loadFirst(136)) - Cannot locate configuration: tried hadoop-metrics2-storagecontainermanager.properties,hadoop-metrics2.properties
2021-10-21 00:13:32,479 [Listener at 0.0.0.0/37585] INFO  impl.MetricsSystemImpl (MetricsSystemImpl.java:startTimer(378)) - Scheduled Metric snapshot period at 10 second(s).
2021-10-21 00:13:32,479 [Listener at 0.0.0.0/37585] INFO  impl.MetricsSystemImpl (MetricsSystemImpl.java:start(191)) - StorageContainerManager metrics system started
2021-10-21 00:13:32,495 [Listener at 0.0.0.0/37585] INFO  impl.MetricsSinkAdapter (MetricsSinkAdapter.java:start(204)) - Sink prometheus started
2021-10-21 00:13:32,495 [Listener at 0.0.0.0/37585] INFO  impl.MetricsSystemImpl (MetricsSystemImpl.java:registerSink(305)) - Registered sink prometheus
2021-10-21 00:13:32,549 [Listener at 0.0.0.0/37585] INFO  server.SCMClientProtocolServer (SCMClientProtocolServer.java:start(164)) - RPC server for Client  is listening at /0.0.0.0:37585
2021-10-21 00:13:32,551 [IPC Server Responder] INFO  ipc.Server (Server.java:run(1507)) - IPC Server Responder: starting
2021-10-21 00:13:32,551 [IPC Server listener on 0] INFO  ipc.Server (Server.java:run(1344)) - IPC Server listener on 0: starting
2021-10-21 00:13:32,554 [Listener at 0.0.0.0/37585] INFO  server.StorageContainerManager (StorageContainerManager.java:start(1318)) - ScmBlockLocationProtocol RPC server is listening at /0.0.0.0:43069
2021-10-21 00:13:32,554 [Listener at 0.0.0.0/37585] INFO  server.SCMBlockProtocolServer (SCMBlockProtocolServer.java:start(151)) - RPC server for Block Protocol is listening at /0.0.0.0:43069
2021-10-21 00:13:32,555 [IPC Server Responder] INFO  ipc.Server (Server.java:run(1507)) - IPC Server Responder: starting
2021-10-21 00:13:32,555 [IPC Server listener on 0] INFO  ipc.Server (Server.java:run(1344)) - IPC Server listener on 0: starting
2021-10-21 00:13:32,557 [Listener at 0.0.0.0/37585] INFO  server.StorageContainerManager (StorageContainerManager.java:start(1324)) - ScmDatanodeProtocl RPC server is listening at /0.0.0.0:35879
2021-10-21 00:13:32,558 [Listener at 0.0.0.0/37585] INFO  server.SCMDatanodeProtocolServer (SCMDatanodeProtocolServer.java:start(181)) - RPC server for DataNodes is listening at /0.0.0.0:35879
2021-10-21 00:13:32,558 [IPC Server Responder] INFO  ipc.Server (Server.java:run(1507)) - IPC Server Responder: starting
2021-10-21 00:13:32,558 [IPC Server listener on 0] INFO  ipc.Server (Server.java:run(1344)) - IPC Server listener on 0: starting
2021-10-21 00:13:32,562 [Listener at 0.0.0.0/37585] INFO  http.BaseHttpServer (BaseHttpServer.java:newHttpServer2BuilderForOzone(209)) - Starting Web-server for scm at: http://0.0.0.0:0
2021-10-21 00:13:32,562 [Listener at 0.0.0.0/37585] INFO  http.BaseHttpServer (BaseHttpServer.java:<init>(107)) - Hadoop Security Enabled: false Ozone Security Enabled: false Ozone HTTP Security Enabled: false 
2021-10-21 00:13:32,563 [Listener at 0.0.0.0/37585] INFO  server.AuthenticationFilter (AuthenticationFilter.java:constructSecretProvider(240)) - Unable to initialize FileSignerSecretProvider, falling back to use random secrets.
2021-10-21 00:13:32,564 [org.apache.hadoop.util.JvmPauseMonitor$Monitor@63a6d6cc] INFO  util.JvmPauseMonitor (JvmPauseMonitor.java:run(188)) - Starting JVM pause monitor
2021-10-21 00:13:32,564 [Listener at 0.0.0.0/37585] WARN  http.HttpRequestLog (HttpRequestLog.java:getRequestLog(103)) - Jetty request log can only be enabled using Log4j
2021-10-21 00:13:32,655 [Listener at 0.0.0.0/37585] INFO  http.HttpServer2 (HttpServer2.java:addGlobalFilter(1030)) - Added global filter 'safety' (class=org.apache.hadoop.hdds.server.http.HttpServer2$QuotingInputFilter)
2021-10-21 00:13:32,656 [Listener at 0.0.0.0/37585] INFO  http.HttpServer2 (HttpServer2.java:addFilter(1006)) - Added filter static_user_filter (class=org.apache.hadoop.http.lib.StaticUserWebFilter$StaticUserFilter) to context scm
2021-10-21 00:13:32,656 [Listener at 0.0.0.0/37585] INFO  http.HttpServer2 (HttpServer2.java:addFilter(1014)) - Added filter static_user_filter (class=org.apache.hadoop.http.lib.StaticUserWebFilter$StaticUserFilter) to context logs
2021-10-21 00:13:32,656 [Listener at 0.0.0.0/37585] INFO  http.HttpServer2 (HttpServer2.java:addFilter(1014)) - Added filter static_user_filter (class=org.apache.hadoop.http.lib.StaticUserWebFilter$StaticUserFilter) to context static
2021-10-21 00:13:32,656 [Listener at 0.0.0.0/37585] INFO  http.HttpServer2 (HttpServer2.java:bindListener(1249)) - Jetty bound to port 39125
2021-10-21 00:13:32,657 [Listener at 0.0.0.0/37585] INFO  server.Server (Server.java:doStart(375)) - jetty-9.4.43.v20210629; built: 2021-06-30T11:07:22.254Z; git: 526006ecfa3af7f1a27ef3a288e2bef7ea9dd7e8; jvm 1.8.0_292-b10
2021-10-21 00:13:32,658 [Listener at 0.0.0.0/37585] INFO  server.session (DefaultSessionIdManager.java:doStart(334)) - DefaultSessionIdManager workerName=node0
2021-10-21 00:13:32,658 [Listener at 0.0.0.0/37585] INFO  server.session (DefaultSessionIdManager.java:doStart(339)) - No SessionScavenger set, using defaults
2021-10-21 00:13:32,658 [Listener at 0.0.0.0/37585] INFO  server.session (HouseKeeper.java:startScavenging(132)) - node0 Scavenging every 660000ms
2021-10-21 00:13:32,659 [Listener at 0.0.0.0/37585] INFO  handler.ContextHandler (ContextHandler.java:doStart(915)) - Started o.e.j.s.ServletContextHandler@34332fc0{logs,/logs,file:///home/runner/work/ozone/ozone/hadoop-ozone/integration-test/target/log,AVAILABLE}
2021-10-21 00:13:32,659 [Listener at 0.0.0.0/37585] INFO  handler.ContextHandler (ContextHandler.java:doStart(915)) - Started o.e.j.s.ServletContextHandler@14c38e4f{static,/static,file:///home/runner/work/ozone/ozone/hadoop-ozone/integration-test/target/test-classes/webapps/static,AVAILABLE}
2021-10-21 00:13:32,662 [Listener at 0.0.0.0/37585] INFO  handler.ContextHandler (ContextHandler.java:doStart(915)) - Started o.e.j.w.WebAppContext@1aab34a5{scm,/,file:///home/runner/work/ozone/ozone/hadoop-ozone/integration-test/target/test-classes/webapps/scm/,AVAILABLE}{file:/home/runner/work/ozone/ozone/hadoop-ozone/integration-test/target/test-classes/webapps/scm}
2021-10-21 00:13:32,699 [Listener at 0.0.0.0/37585] INFO  server.AbstractConnector (AbstractConnector.java:doStart(331)) - Started ServerConnector@5e3feaa1{HTTP/1.1, (http/1.1)}{0.0.0.0:39125}
2021-10-21 00:13:32,699 [Listener at 0.0.0.0/37585] INFO  server.Server (Server.java:doStart(415)) - Started @244693ms
2021-10-21 00:13:32,699 [Listener at 0.0.0.0/37585] WARN  impl.MetricsSystemImpl (MetricsSystemImpl.java:register(279)) - Sink prometheus already exists!
2021-10-21 00:13:32,704 [Listener at 0.0.0.0/37585] INFO  http.BaseHttpServer (BaseHttpServer.java:updateConnectorAddress(329)) - HTTP server of scm listening at http://0.0.0.0:39125
2021-10-21 00:13:32,704 [Listener at 0.0.0.0/37585] WARN  server.ServerUtils (ServerUtils.java:getDBPath(225)) - ozone.om.db.dirs is not configured. We recommend adding this setting. Falling back to ozone.metadata.dirs instead.
2021-10-21 00:13:32,712 [Listener at 0.0.0.0/37585] INFO  ha.OMHANodeDetails (OMHANodeDetails.java:loadOMHAConfig(112)) - ozone.om.internal.service.id is not defined, falling back to ozone.om.service.ids to find serviceID for OzoneManager if it is HA enabled cluster
2021-10-21 00:13:32,712 [Listener at 0.0.0.0/37585] INFO  ha.OMHANodeDetails (OMHANodeDetails.java:loadOMHAConfig(219)) - Configuration does not have ozone.om.address set. Falling back to the default OM address /127.0.0.1:0
2021-10-21 00:13:32,712 [Listener at 0.0.0.0/37585] INFO  ha.OMHANodeDetails (OMHANodeDetails.java:getOMNodeDetails(247)) - OM Service ID is not set. Setting it to the default ID: omServiceIdDefault
2021-10-21 00:13:32,712 [Listener at 0.0.0.0/37585] INFO  ha.OMHANodeDetails (OMHANodeDetails.java:getOMNodeDetails(254)) - OM Node ID is not set. Setting it to the default ID: om1
2021-10-21 00:13:32,712 [Listener at 0.0.0.0/37585] WARN  server.ServerUtils (ServerUtils.java:getDBPath(225)) - ozone.om.db.dirs is not configured. We recommend adding this setting. Falling back to ozone.metadata.dirs instead.
2021-10-21 00:13:32,713 [Listener at 0.0.0.0/37585] INFO  upgrade.AbstractLayoutVersionManager (AbstractLayoutVersionManager.java:init(79)) - Initializing Layout version manager with metadata layout = INITIAL_VERSION (version = 0), software layout = INITIAL_VERSION (version = 0)
2021-10-21 00:13:32,906 [Listener at 0.0.0.0/37585] INFO  reflections.Reflections (Reflections.java:scan(232)) - Reflections took 192 ms to scan 2 urls, producing 131 keys and 342 values [using 2 cores]
2021-10-21 00:13:32,906 [Listener at 0.0.0.0/37585] INFO  upgrade.OMLayoutVersionManager (OMLayoutVersionManager.java:lambda$0(115)) - Skipping Upgrade Action MockOmUpgradeAction since it has been finalized.
2021-10-21 00:13:32,907 [Listener at 0.0.0.0/37585] WARN  server.ServerUtils (ServerUtils.java:getDBPath(225)) - ozone.om.db.dirs is not configured. We recommend adding this setting. Falling back to ozone.metadata.dirs instead.
2021-10-21 00:13:33,076 [Listener at 0.0.0.0/37585] WARN  server.ServerUtils (ServerUtils.java:getDBPath(225)) - ozone.om.db.dirs is not configured. We recommend adding this setting. Falling back to ozone.metadata.dirs instead.
2021-10-21 00:13:33,077 [Listener at 0.0.0.0/37585] INFO  codec.OmKeyInfoCodec (OmKeyInfoCodec.java:<init>(51)) - OmKeyInfoCodec ignorePipeline = true
2021-10-21 00:13:33,077 [Listener at 0.0.0.0/37585] INFO  codec.RepeatedOmKeyInfoCodec (RepeatedOmKeyInfoCodec.java:<init>(42)) - RepeatedOmKeyInfoCodec ignorePipeline = true
2021-10-21 00:13:33,642 [Listener at 0.0.0.0/37585] INFO  om.OzoneManager (OzoneManager.java:addS3GVolumeToDB(4151)) - Created Volume s3v With Owner runner required for S3Gateway operations.
2021-10-21 00:13:33,657 [Listener at 0.0.0.0/37585] WARN  server.ServerUtils (ServerUtils.java:getDefaultRatisDirectory(237)) - Storage directory for Ratis is not configured. It is a good idea to map this to an SSD disk. Falling back to ozone.metadata.dirs
2021-10-21 00:13:33,658 [Listener at 0.0.0.0/37585] WARN  utils.OzoneManagerRatisUtils (OzoneManagerRatisUtils.java:getOMRatisSnapshotDirectory(435)) - ozone.om.ratis.snapshot.dir is not configured. Falling back to ozone.metadata.dirs config
2021-10-21 00:13:33,659 [Listener at 0.0.0.0/37585] WARN  impl.MetricRegistriesImpl (MetricRegistriesImpl.java:addReporterRegistration(111)) - New reporters are added after registries were created. Some metrics will be missing from the reporter. Please add reporter before adding any new registry.
2021-10-21 00:13:33,660 [Listener at 0.0.0.0/37585] WARN  impl.MetricRegistriesImpl (MetricRegistriesImpl.java:addReporterRegistration(111)) - New reporters are added after registries were created. Some metrics will be missing from the reporter. Please add reporter before adding any new registry.
2021-10-21 00:13:33,661 [Listener at 0.0.0.0/37585] WARN  server.ServerUtils (ServerUtils.java:getDefaultRatisDirectory(237)) - Storage directory for Ratis is not configured. It is a good idea to map this to an SSD disk. Falling back to ozone.metadata.dirs
2021-10-21 00:13:33,662 [Listener at 0.0.0.0/37585] INFO  ratis.OzoneManagerRatisServer (OzoneManagerRatisServer.java:<init>(159)) - Instantiating OM Ratis server with groupID: omServiceIdDefault and peers: localhost:9872
2021-10-21 00:13:33,662 [Listener at 0.0.0.0/37585] INFO  ratis.OzoneManagerStateMachine (OzoneManagerStateMachine.java:loadSnapshotInfoFromDB(605)) - LastAppliedIndex is set from TransactionInfo from OM DB as (t:0, i:~)
2021-10-21 00:13:33,675 [Listener at 0.0.0.0/37585] INFO  server.RaftServer (ConfUtils.java:logGet(44)) - raft.rpc.type = GRPC (default)
2021-10-21 00:13:33,675 [Listener at 0.0.0.0/37585] INFO  grpc.GrpcFactory (GrpcFactory.java:checkPooledByteBufAllocatorUseCacheForAllThreads(48)) - PERFORMANCE WARNING: useCacheForAllThreads is true that may cause Netty to create a lot garbage objects and, as a result, trigger GC.
	It is recommended to disable useCacheForAllThreads by setting -Dorg.apache.ratis.thirdparty.io.netty.allocator.useCacheForAllThreads=false in command line.
2021-10-21 00:13:33,675 [Listener at 0.0.0.0/37585] INFO  grpc.GrpcConfigKeys (ConfUtils.java:logGet(44)) - raft.grpc.admin.port = -1 (default)
2021-10-21 00:13:33,675 [Listener at 0.0.0.0/37585] INFO  grpc.GrpcConfigKeys (ConfUtils.java:logGet(44)) - raft.grpc.server.port = 9872 (custom)
2021-10-21 00:13:33,676 [Listener at 0.0.0.0/37585] INFO  grpc.GrpcConfigKeys (ConfUtils.java:logGet(44)) - raft.grpc.client.port = -1 (default)
2021-10-21 00:13:33,676 [Listener at 0.0.0.0/37585] INFO  grpc.GrpcConfigKeys (ConfUtils.java:logGet(44)) - raft.grpc.server.port = 9872 (custom)
2021-10-21 00:13:33,676 [Listener at 0.0.0.0/37585] INFO  grpc.GrpcConfigKeys (ConfUtils.java:logGet(44)) - raft.grpc.server.port = 9872 (custom)
2021-10-21 00:13:33,676 [Listener at 0.0.0.0/37585] INFO  server.GrpcService (ConfUtils.java:logGet(44)) - raft.grpc.message.size.max = 33554432 (custom)
2021-10-21 00:13:33,676 [Listener at 0.0.0.0/37585] INFO  server.RaftServerConfigKeys (ConfUtils.java:logGet(44)) - raft.server.log.appender.buffer.byte-limit = 33554432 (custom)
2021-10-21 00:13:33,676 [Listener at 0.0.0.0/37585] INFO  server.GrpcService (ConfUtils.java:logGet(44)) - raft.grpc.flow.control.window = 1MB (=1048576) (default)
2021-10-21 00:13:33,676 [Listener at 0.0.0.0/37585] INFO  server.RaftServerConfigKeys (ConfUtils.java:logGet(44)) - raft.server.rpc.request.timeout = 3000ms (default)
2021-10-21 00:13:33,678 [Listener at 0.0.0.0/37585] INFO  impl.DataStreamServerImpl (ConfUtils.java:logGet(44)) - raft.datastream.type = DISABLED (default)
2021-10-21 00:13:33,678 [Listener at 0.0.0.0/37585] INFO  server.RaftServerConfigKeys (ConfUtils.java:logGet(44)) - raft.server.rpc.slowness.timeout = 120s (custom)
2021-10-21 00:13:33,678 [Listener at 0.0.0.0/37585] INFO  server.RaftServerConfigKeys (ConfUtils.java:logGet(44)) - raft.server.leaderelection.leader.step-down.wait-time = 10s (default)
2021-10-21 00:13:33,678 [Listener at 0.0.0.0/37585] INFO  server.RaftServerConfigKeys (ConfUtils.java:logGet(44)) - raft.server.storage.dir = [/home/runner/work/ozone/ozone/hadoop-ozone/integration-test/target/test-dir/MiniOzoneClusterImpl-0ff56402-746c-4b46-aacb-40edab3b56db/ozone-meta/ratis] (custom)
2021-10-21 00:13:33,679 [Listener at 0.0.0.0/37585] INFO  server.RaftServer (RaftServerProxy.java:addNew(95)) - om1: addNew group-C5BA1605619E:[om1|rpc:localhost:9872|priority:0] returns group-C5BA1605619E:java.util.concurrent.CompletableFuture@3e32f0b2[Not completed]
2021-10-21 00:13:33,679 [Listener at 0.0.0.0/37585] INFO  om.OzoneManager (OzoneManager.java:initializeRatisServer(1605)) - OzoneManager Ratis server initialized at port 9872
2021-10-21 00:13:33,681 [Listener at 0.0.0.0/37585] INFO  ipc.CallQueueManager (CallQueueManager.java:<init>(90)) - Using callQueue: class java.util.concurrent.LinkedBlockingQueue, queueCapacity: 2000, scheduler: class org.apache.hadoop.ipc.DefaultRpcScheduler, ipcBackoff: false.
2021-10-21 00:13:33,681 [pool-774-thread-1] INFO  server.RaftServer$Division (RaftServerImpl.java:<init>(184)) - om1: new RaftServerImpl for group-C5BA1605619E:[om1|rpc:localhost:9872|priority:0] with OzoneManagerStateMachine:uninitialized
2021-10-21 00:13:33,681 [Socket Reader #1 for port 0] INFO  ipc.Server (Server.java:run(1265)) - Starting Socket Reader #1 for port 0
2021-10-21 00:13:33,707 [pool-774-thread-1] INFO  server.RaftServerConfigKeys (ConfUtils.java:logGet(44)) - raft.server.rpc.timeout.min = 1s (custom)
2021-10-21 00:13:33,707 [pool-774-thread-1] INFO  server.RaftServerConfigKeys (ConfUtils.java:logGet(44)) - raft.server.rpc.timeout.max = 1200ms (custom)
2021-10-21 00:13:33,707 [pool-774-thread-1] INFO  server.RaftServerConfigKeys (ConfUtils.java:logGet(44)) - raft.server.rpc.sleep.time = 25ms (default)
2021-10-21 00:13:33,707 [pool-774-thread-1] INFO  server.RaftServerConfigKeys (ConfUtils.java:logGet(44)) - raft.server.rpc.slowness.timeout = 120s (custom)
2021-10-21 00:13:33,707 [pool-774-thread-1] INFO  server.RaftServerConfigKeys (ConfUtils.java:logGet(44)) - raft.server.leaderelection.leader.step-down.wait-time = 10s (default)
2021-10-21 00:13:33,707 [pool-774-thread-1] INFO  server.RaftServerConfigKeys (ConfUtils.java:logGet(44)) - raft.server.sleep.deviation.threshold = 300ms (default)
2021-10-21 00:13:33,707 [pool-774-thread-1] INFO  server.RaftServerConfigKeys (ConfUtils.java:logGet(44)) - raft.server.log.appender.install.snapshot.enabled = false (custom)
2021-10-21 00:13:33,707 [pool-774-thread-1] INFO  server.RaftServer$Division (ServerState.java:<init>(105)) - om1@group-C5BA1605619E: ConfigurationManager, init=-1: [om1|rpc:localhost:9872|priority:0], old=null, confs=<EMPTY_MAP>
2021-10-21 00:13:33,707 [pool-774-thread-1] INFO  server.RaftServerConfigKeys (ConfUtils.java:logGet(44)) - raft.server.storage.dir = [/home/runner/work/ozone/ozone/hadoop-ozone/integration-test/target/test-dir/MiniOzoneClusterImpl-0ff56402-746c-4b46-aacb-40edab3b56db/ozone-meta/ratis] (custom)
2021-10-21 00:13:33,707 [pool-774-thread-1] INFO  server.RaftServerConfigKeys (ConfUtils.java:logGet(44)) - raft.server.log.corruption.policy = EXCEPTION (default)
2021-10-21 00:13:33,708 [pool-774-thread-1] INFO  server.RaftServerConfigKeys (ConfUtils.java:logGet(44)) - raft.server.storage.free-space.min = 0MB (=0) (default)
2021-10-21 00:13:33,708 [pool-774-thread-1] INFO  storage.RaftStorageDirectory (RaftStorageDirectoryImpl.java:analyzeStorage(135)) - The storage directory /home/runner/work/ozone/ozone/hadoop-ozone/integration-test/target/test-dir/MiniOzoneClusterImpl-0ff56402-746c-4b46-aacb-40edab3b56db/ozone-meta/ratis/bf265839-605b-3f16-9796-c5ba1605619e does not exist. Creating ...
2021-10-21 00:13:33,712 [pool-774-thread-1] INFO  storage.RaftStorageDirectory (RaftStorageDirectoryImpl.java:tryLock(230)) - Lock on /home/runner/work/ozone/ozone/hadoop-ozone/integration-test/target/test-dir/MiniOzoneClusterImpl-0ff56402-746c-4b46-aacb-40edab3b56db/ozone-meta/ratis/bf265839-605b-3f16-9796-c5ba1605619e/in_use.lock acquired by nodename 6507@fv-az395-87
2021-10-21 00:13:33,719 [pool-774-thread-1] INFO  storage.RaftStorage (RaftStorageImpl.java:format(89)) - Storage directory /home/runner/work/ozone/ozone/hadoop-ozone/integration-test/target/test-dir/MiniOzoneClusterImpl-0ff56402-746c-4b46-aacb-40edab3b56db/ozone-meta/ratis/bf265839-605b-3f16-9796-c5ba1605619e has been successfully formatted.
2021-10-21 00:13:33,723 [pool-774-thread-1] INFO  server.RaftServerConfigKeys (ConfUtils.java:logGet(44)) - raft.server.notification.no-leader.timeout = 120s (custom)
2021-10-21 00:13:33,723 [pool-774-thread-1] INFO  server.RaftServerConfigKeys (ConfUtils.java:logGet(44)) - raft.server.log.use.memory = false (default)
2021-10-21 00:13:33,723 [pool-774-thread-1] INFO  server.RaftServerConfigKeys (ConfUtils.java:logGet(44)) - raft.server.log.purge.gap = 1000000 (custom)
2021-10-21 00:13:33,723 [pool-774-thread-1] INFO  server.RaftServerConfigKeys (ConfUtils.java:logGet(44)) - raft.server.log.appender.buffer.byte-limit = 33554432 (custom)
2021-10-21 00:13:33,723 [pool-774-thread-1] INFO  server.RaftServerConfigKeys (ConfUtils.java:logGet(44)) - raft.server.log.segment.size.max = 4194304 (custom)
2021-10-21 00:13:33,724 [pool-774-thread-1] INFO  server.RaftServerConfigKeys (ConfUtils.java:logGet(44)) - raft.server.log.segment.cache.num.max = 2 (custom)
2021-10-21 00:13:33,724 [pool-774-thread-1] INFO  server.RaftServerConfigKeys (ConfUtils.java:logGet(44)) - raft.server.log.segment.cache.size.max = 200MB (=209715200) (default)
2021-10-21 00:13:33,724 [pool-774-thread-1] INFO  segmented.SegmentedRaftLogWorker (SegmentedRaftLogWorker.java:<init>(182)) - new om1@group-C5BA1605619E-SegmentedRaftLogWorker for RaftStorageImpl:Storage Directory /home/runner/work/ozone/ozone/hadoop-ozone/integration-test/target/test-dir/MiniOzoneClusterImpl-0ff56402-746c-4b46-aacb-40edab3b56db/ozone-meta/ratis/bf265839-605b-3f16-9796-c5ba1605619e
2021-10-21 00:13:33,725 [pool-774-thread-1] INFO  server.RaftServerConfigKeys (ConfUtils.java:logGet(44)) - raft.server.log.queue.byte-limit = 64MB (=67108864) (default)
2021-10-21 00:13:33,725 [pool-774-thread-1] INFO  server.RaftServerConfigKeys (ConfUtils.java:logGet(44)) - raft.server.log.queue.element-limit = 4096 (default)
2021-10-21 00:13:33,725 [pool-774-thread-1] INFO  server.RaftServerConfigKeys (ConfUtils.java:logGet(44)) - raft.server.log.segment.size.max = 4194304 (custom)
2021-10-21 00:13:33,725 [pool-774-thread-1] INFO  server.RaftServerConfigKeys (ConfUtils.java:logGet(44)) - raft.server.log.preallocated.size = 4194304 (custom)
2021-10-21 00:13:33,725 [pool-774-thread-1] INFO  server.RaftServerConfigKeys (ConfUtils.java:logGet(44)) - raft.server.log.force.sync.num = 128 (default)
2021-10-21 00:13:33,725 [pool-774-thread-1] INFO  server.RaftServerConfigKeys (ConfUtils.java:logGet(44)) - raft.server.log.statemachine.data.sync = true (default)
2021-10-21 00:13:33,725 [pool-774-thread-1] INFO  server.RaftServerConfigKeys (ConfUtils.java:logGet(44)) - raft.server.log.statemachine.data.sync.timeout = 10s (default)
2021-10-21 00:13:33,725 [pool-774-thread-1] INFO  server.RaftServerConfigKeys (ConfUtils.java:logGet(44)) - raft.server.log.statemachine.data.sync.timeout.retry = -1 (default)
2021-10-21 00:13:33,727 [pool-774-thread-1] INFO  server.RaftServerConfigKeys (ConfUtils.java:logGet(44)) - raft.server.log.write.buffer.size = 64KB (=65536) (default)
2021-10-21 00:13:33,735 [pool-774-thread-1] INFO  server.RaftServerConfigKeys (ConfUtils.java:logGet(44)) - raft.server.log.statemachine.data.caching.enabled = false (default)
2021-10-21 00:13:33,735 [pool-774-thread-1] INFO  segmented.SegmentedRaftLogWorker (SegmentedRaftLogWorker.java:lambda$new$0(133)) - om1@group-C5BA1605619E-SegmentedRaftLogWorker: flushIndex: setUnconditionally 0 -> -1
2021-10-21 00:13:33,747 [pool-774-thread-1] INFO  segmented.SegmentedRaftLogWorker (SegmentedRaftLogWorker.java:lambda$new$0(133)) - om1@group-C5BA1605619E-SegmentedRaftLogWorker: safeCacheEvictIndex: setUnconditionally 0 -> -1
2021-10-21 00:13:33,780 [pool-774-thread-1] INFO  server.RaftServerConfigKeys (ConfUtils.java:logGet(44)) - raft.server.snapshot.auto.trigger.enabled = true (custom)
2021-10-21 00:13:33,780 [pool-774-thread-1] INFO  server.RaftServerConfigKeys (ConfUtils.java:logGet(44)) - raft.server.snapshot.auto.trigger.threshold = 400000 (default)
2021-10-21 00:13:33,780 [pool-774-thread-1] INFO  server.RaftServerConfigKeys (ConfUtils.java:logGet(44)) - raft.server.snapshot.retention.file.num = -1 (default)
2021-10-21 00:13:33,780 [pool-774-thread-1] INFO  server.RaftServerConfigKeys (ConfUtils.java:logGet(44)) - raft.server.log.purge.upto.snapshot.index = true (custom)
2021-10-21 00:13:33,780 [pool-774-thread-1] INFO  server.RaftServerConfigKeys (ConfUtils.java:logGet(44)) - raft.server.retrycache.expirytime = 300s (custom)
2021-10-21 00:13:33,780 [pool-774-thread-1] INFO  server.RaftServerConfigKeys (ConfUtils.java:logGet(44)) - raft.server.retrycache.statistics.expirytime = 100μs (default)
2021-10-21 00:13:33,835 [Listener at 127.0.0.1/34193] INFO  om.OzoneManager (OzoneManager.java:initFSOLayout(4357)) - Configured ozone.om.metadata.layout=SIMPLE and disabled optimized OM FS operations
2021-10-21 00:13:33,844 [Listener at 127.0.0.1/34193] INFO  impl.MetricsSystemImpl (MetricsSystemImpl.java:init(158)) - OzoneManager metrics system started (again)
2021-10-21 00:13:33,858 [Listener at 127.0.0.1/34193] INFO  om.OzoneManager (OzoneManager.java:start(1301)) - OzoneManager RPC server is listening at localhost/127.0.0.1:34193
2021-10-21 00:13:33,858 [Listener at 127.0.0.1/34193] INFO  ratis.OzoneManagerRatisServer (OzoneManagerRatisServer.java:start(520)) - Starting OzoneManagerRatisServer om1 at port 9872
2021-10-21 00:13:33,859 [Listener at 127.0.0.1/34193] INFO  server.RaftServer$Division (RaftServerImpl.java:start(301)) - om1@group-C5BA1605619E: start as a follower, conf=-1: [om1|rpc:localhost:9872|priority:0], old=null
2021-10-21 00:13:33,859 [Listener at 127.0.0.1/34193] INFO  server.RaftServer$Division (RaftServerImpl.java:setRole(290)) - om1@group-C5BA1605619E: changes role from      null to FOLLOWER at term 0 for startAsFollower
2021-10-21 00:13:33,859 [Listener at 127.0.0.1/34193] INFO  impl.RoleInfo (RoleInfo.java:updateAndGet(130)) - om1: start om1@group-C5BA1605619E-FollowerState
2021-10-21 00:13:33,865 [Listener at 127.0.0.1/34193] INFO  util.JmxRegister (JmxRegister.java:tryRegister(44)) - Successfully registered JMX Bean with object name Ratis:service=RaftServer,group=group-C5BA1605619E,id=om1
2021-10-21 00:13:33,867 [Listener at 127.0.0.1/34193] INFO  server.RaftServer (RaftServerProxy.java:lambda$start$5(374)) - om1: start RPC server
2021-10-21 00:13:33,885 [Listener at 127.0.0.1/34193] INFO  server.GrpcService (GrpcService.java:startImpl(253)) - om1: GrpcService started, listening on 9872
2021-10-21 00:13:33,914 [Listener at 127.0.0.1/34193] INFO  om.OzoneManager (OzoneManager.java:start(1319)) - Version File has different layout version (0) than OM DB (null). That is expected if this OM has never been finalized to a newer layout version.
2021-10-21 00:13:33,914 [org.apache.ratis.util.JvmPauseMonitor$$Lambda$531/1336496959@190ea71] INFO  util.JvmPauseMonitor (JvmPauseMonitor.java:run(103)) - JvmPauseMonitor-om1: Started
2021-10-21 00:13:33,961 [Listener at 127.0.0.1/34193] INFO  http.BaseHttpServer (BaseHttpServer.java:newHttpServer2BuilderForOzone(209)) - Starting Web-server for ozoneManager at: http://0.0.0.0:0
2021-10-21 00:13:33,961 [Listener at 127.0.0.1/34193] INFO  http.BaseHttpServer (BaseHttpServer.java:<init>(107)) - Hadoop Security Enabled: false Ozone Security Enabled: false Ozone HTTP Security Enabled: false 
2021-10-21 00:13:33,962 [Listener at 127.0.0.1/34193] INFO  server.AuthenticationFilter (AuthenticationFilter.java:constructSecretProvider(240)) - Unable to initialize FileSignerSecretProvider, falling back to use random secrets.
2021-10-21 00:13:33,962 [Listener at 127.0.0.1/34193] WARN  http.HttpRequestLog (HttpRequestLog.java:getRequestLog(103)) - Jetty request log can only be enabled using Log4j
2021-10-21 00:13:33,964 [Listener at 127.0.0.1/34193] INFO  http.HttpServer2 (HttpServer2.java:addGlobalFilter(1030)) - Added global filter 'safety' (class=org.apache.hadoop.hdds.server.http.HttpServer2$QuotingInputFilter)
2021-10-21 00:13:33,964 [Listener at 127.0.0.1/34193] INFO  http.HttpServer2 (HttpServer2.java:addFilter(1006)) - Added filter static_user_filter (class=org.apache.hadoop.http.lib.StaticUserWebFilter$StaticUserFilter) to context ozoneManager
2021-10-21 00:13:33,964 [Listener at 127.0.0.1/34193] INFO  http.HttpServer2 (HttpServer2.java:addFilter(1014)) - Added filter static_user_filter (class=org.apache.hadoop.http.lib.StaticUserWebFilter$StaticUserFilter) to context static
2021-10-21 00:13:33,964 [Listener at 127.0.0.1/34193] INFO  http.HttpServer2 (HttpServer2.java:addFilter(1014)) - Added filter static_user_filter (class=org.apache.hadoop.http.lib.StaticUserWebFilter$StaticUserFilter) to context logs
2021-10-21 00:13:33,965 [Listener at 127.0.0.1/34193] INFO  http.HttpServer2 (HttpServer2.java:bindListener(1249)) - Jetty bound to port 41425
2021-10-21 00:13:33,965 [Listener at 127.0.0.1/34193] INFO  server.Server (Server.java:doStart(375)) - jetty-9.4.43.v20210629; built: 2021-06-30T11:07:22.254Z; git: 526006ecfa3af7f1a27ef3a288e2bef7ea9dd7e8; jvm 1.8.0_292-b10
2021-10-21 00:13:33,970 [Listener at 127.0.0.1/34193] INFO  server.session (DefaultSessionIdManager.java:doStart(334)) - DefaultSessionIdManager workerName=node0
2021-10-21 00:13:33,970 [Listener at 127.0.0.1/34193] INFO  server.session (DefaultSessionIdManager.java:doStart(339)) - No SessionScavenger set, using defaults
2021-10-21 00:13:33,970 [Listener at 127.0.0.1/34193] INFO  server.session (HouseKeeper.java:startScavenging(132)) - node0 Scavenging every 660000ms
2021-10-21 00:13:33,979 [Listener at 127.0.0.1/34193] INFO  handler.ContextHandler (ContextHandler.java:doStart(915)) - Started o.e.j.s.ServletContextHandler@35cc54a7{logs,/logs,file:///home/runner/work/ozone/ozone/hadoop-ozone/integration-test/target/log,AVAILABLE}
2021-10-21 00:13:33,979 [Listener at 127.0.0.1/34193] INFO  handler.ContextHandler (ContextHandler.java:doStart(915)) - Started o.e.j.s.ServletContextHandler@620ec9c7{static,/static,file:///home/runner/work/ozone/ozone/hadoop-ozone/integration-test/target/test-classes/webapps/static,AVAILABLE}
2021-10-21 00:13:33,988 [Listener at 127.0.0.1/34193] INFO  handler.ContextHandler (ContextHandler.java:doStart(915)) - Started o.e.j.w.WebAppContext@23053fff{ozoneManager,/,file:///home/runner/work/ozone/ozone/hadoop-ozone/integration-test/target/test-classes/webapps/ozoneManager/,AVAILABLE}{file:/home/runner/work/ozone/ozone/hadoop-ozone/integration-test/target/test-classes/webapps/ozoneManager}
2021-10-21 00:13:34,000 [Listener at 127.0.0.1/34193] INFO  server.AbstractConnector (AbstractConnector.java:doStart(331)) - Started ServerConnector@7423dd2b{HTTP/1.1, (http/1.1)}{0.0.0.0:41425}
2021-10-21 00:13:34,001 [Listener at 127.0.0.1/34193] INFO  server.Server (Server.java:doStart(415)) - Started @245994ms
2021-10-21 00:13:34,001 [Listener at 127.0.0.1/34193] WARN  impl.MetricsSystemImpl (MetricsSystemImpl.java:register(279)) - Sink prometheus already exists!
2021-10-21 00:13:34,001 [Listener at 127.0.0.1/34193] INFO  http.BaseHttpServer (BaseHttpServer.java:updateConnectorAddress(329)) - HTTP server of ozoneManager listening at http://0.0.0.0:41425
2021-10-21 00:13:34,006 [IPC Server Responder] INFO  ipc.Server (Server.java:run(1507)) - IPC Server Responder: starting
2021-10-21 00:13:34,007 [IPC Server listener on 0] INFO  ipc.Server (Server.java:run(1344)) - IPC Server listener on 0: starting
2021-10-21 00:13:34,077 [Listener at 127.0.0.1/34193] INFO  om.OzoneManager (OzoneManager.java:startTrashEmptier(1563)) - Trash Interval set to 0. Files deleted will not move to trash
2021-10-21 00:13:34,100 [org.apache.hadoop.util.JvmPauseMonitor$Monitor@5b5bd732] INFO  util.JvmPauseMonitor (JvmPauseMonitor.java:run(188)) - Starting JVM pause monitor
2021-10-21 00:13:34,217 [Listener at 127.0.0.1/34193] WARN  impl.MetricRegistriesImpl (MetricRegistriesImpl.java:addReporterRegistration(111)) - New reporters are added after registries were created. Some metrics will be missing from the reporter. Please add reporter before adding any new registry.
2021-10-21 00:13:34,227 [Listener at 127.0.0.1/34193] WARN  impl.MetricRegistriesImpl (MetricRegistriesImpl.java:addReporterRegistration(111)) - New reporters are added after registries were created. Some metrics will be missing from the reporter. Please add reporter before adding any new registry.
2021-10-21 00:13:34,227 [Listener at 127.0.0.1/34193] INFO  impl.MetricsSystemImpl (MetricsSystemImpl.java:init(158)) - HddsDatanode metrics system started (again)
2021-10-21 00:13:34,315 [Listener at 127.0.0.1/34193] INFO  ozone.HddsDatanodeService (HddsDatanodeService.java:start(234)) - HddsDatanodeService host:fv-az395-87.zfmzfyrfkyou3ow0tsr0jxwq1e.bx.internal.cloudapp.net ip:10.1.0.21
2021-10-21 00:13:34,423 [Listener at 127.0.0.1/34193] INFO  upgrade.AbstractLayoutVersionManager (AbstractLayoutVersionManager.java:init(79)) - Initializing Layout version manager with metadata layout = SCM_HA (version = 2), software layout = SCM_HA (version = 2)
2021-10-21 00:13:34,618 [Listener at 127.0.0.1/34193] INFO  reflections.Reflections (Reflections.java:scan(232)) - Reflections took 172 ms to scan 7 urls, producing 119 keys and 279 values 
2021-10-21 00:13:34,641 [Listener at 127.0.0.1/34193] INFO  volume.HddsVolume (HddsVolume.java:<init>(120)) - Creating HddsVolume: /home/runner/work/ozone/ozone/hadoop-ozone/integration-test/target/test-dir/MiniOzoneClusterImpl-0ff56402-746c-4b46-aacb-40edab3b56db/datanode-0/data-0/containers/hdds of storage type : DISK capacity : 9223372036854775807
2021-10-21 00:13:34,642 [Listener at 127.0.0.1/34193] INFO  volume.MutableVolumeSet (MutableVolumeSet.java:initializeVolumeSet(168)) - Added Volume : /home/runner/work/ozone/ozone/hadoop-ozone/integration-test/target/test-dir/MiniOzoneClusterImpl-0ff56402-746c-4b46-aacb-40edab3b56db/datanode-0/data-0/containers/hdds to VolumeSet
2021-10-21 00:13:34,642 [Listener at 127.0.0.1/34193] INFO  volume.ThrottledAsyncChecker (ThrottledAsyncChecker.java:schedule(141)) - Scheduling a check for /home/runner/work/ozone/ozone/hadoop-ozone/integration-test/target/test-dir/MiniOzoneClusterImpl-0ff56402-746c-4b46-aacb-40edab3b56db/datanode-0/data-0/containers/hdds
2021-10-21 00:13:34,667 [Listener at 127.0.0.1/34193] INFO  volume.StorageVolumeChecker (StorageVolumeChecker.java:checkAllVolumes(202)) - Scheduled health check for volume /home/runner/work/ozone/ozone/hadoop-ozone/integration-test/target/test-dir/MiniOzoneClusterImpl-0ff56402-746c-4b46-aacb-40edab3b56db/datanode-0/data-0/containers/hdds
2021-10-21 00:13:34,684 [Listener at 127.0.0.1/34193] INFO  volume.MutableVolumeSet (MutableVolumeSet.java:initializeVolumeSet(168)) - Added Volume : /home/runner/work/ozone/ozone/hadoop-ozone/integration-test/target/test-dir/MiniOzoneClusterImpl-0ff56402-746c-4b46-aacb-40edab3b56db/datanode-0/data/ratis to VolumeSet
2021-10-21 00:13:34,685 [Listener at 127.0.0.1/34193] INFO  volume.ThrottledAsyncChecker (ThrottledAsyncChecker.java:schedule(141)) - Scheduling a check for /home/runner/work/ozone/ozone/hadoop-ozone/integration-test/target/test-dir/MiniOzoneClusterImpl-0ff56402-746c-4b46-aacb-40edab3b56db/datanode-0/data/ratis
2021-10-21 00:13:34,686 [Listener at 127.0.0.1/34193] INFO  volume.StorageVolumeChecker (StorageVolumeChecker.java:checkAllVolumes(202)) - Scheduled health check for volume /home/runner/work/ozone/ozone/hadoop-ozone/integration-test/target/test-dir/MiniOzoneClusterImpl-0ff56402-746c-4b46-aacb-40edab3b56db/datanode-0/data/ratis
2021-10-21 00:13:34,719 [Thread-1740] INFO  ozoneimpl.ContainerReader (ContainerReader.java:readVolume(172)) - Finish verifying containers on volume /home/runner/work/ozone/ozone/hadoop-ozone/integration-test/target/test-dir/MiniOzoneClusterImpl-0ff56402-746c-4b46-aacb-40edab3b56db/datanode-0/data-0/containers/hdds
2021-10-21 00:13:34,719 [Listener at 127.0.0.1/34193] INFO  ozoneimpl.OzoneContainer (OzoneContainer.java:buildContainerSet(236)) - Build ContainerSet costs 0s
2021-10-21 00:13:34,721 [Listener at 127.0.0.1/34193] INFO  server.RaftServer (ConfUtils.java:logGet(44)) - raft.rpc.type = GRPC (default)
2021-10-21 00:13:34,721 [Listener at 127.0.0.1/34193] INFO  grpc.GrpcFactory (GrpcFactory.java:checkPooledByteBufAllocatorUseCacheForAllThreads(48)) - PERFORMANCE WARNING: useCacheForAllThreads is true that may cause Netty to create a lot garbage objects and, as a result, trigger GC.
	It is recommended to disable useCacheForAllThreads by setting -Dorg.apache.ratis.thirdparty.io.netty.allocator.useCacheForAllThreads=false in command line.
2021-10-21 00:13:34,721 [Listener at 127.0.0.1/34193] INFO  grpc.GrpcConfigKeys (ConfUtils.java:logGet(44)) - raft.grpc.admin.port = 0 (custom)
2021-10-21 00:13:34,721 [Listener at 127.0.0.1/34193] INFO  grpc.GrpcConfigKeys (ConfUtils.java:logGet(44)) - raft.grpc.client.port = 0 (custom)
2021-10-21 00:13:34,721 [Listener at 127.0.0.1/34193] INFO  grpc.GrpcConfigKeys (ConfUtils.java:logGet(44)) - raft.grpc.server.port = 0 (default)
2021-10-21 00:13:34,722 [Listener at 127.0.0.1/34193] INFO  server.GrpcService (ConfUtils.java:logGet(44)) - raft.grpc.message.size.max = 32MB (=33554432) (custom)
2021-10-21 00:13:34,722 [Listener at 127.0.0.1/34193] INFO  server.RaftServerConfigKeys (ConfUtils.java:logGet(44)) - raft.server.log.appender.buffer.byte-limit = 33554432 (custom)
2021-10-21 00:13:34,722 [Listener at 127.0.0.1/34193] INFO  server.GrpcService (ConfUtils.java:logGet(44)) - raft.grpc.flow.control.window = 5MB (=5242880) (custom)
2021-10-21 00:13:34,722 [Listener at 127.0.0.1/34193] INFO  server.RaftServerConfigKeys (ConfUtils.java:logGet(44)) - raft.server.rpc.request.timeout = 3000ms (default)
2021-10-21 00:13:34,723 [Listener at 127.0.0.1/34193] INFO  impl.DataStreamServerImpl (ConfUtils.java:logGet(44)) - raft.datastream.type = DISABLED (default)
2021-10-21 00:13:34,723 [Listener at 127.0.0.1/34193] INFO  server.RaftServerConfigKeys (ConfUtils.java:logGet(44)) - raft.server.rpc.slowness.timeout = 300000ms (custom)
2021-10-21 00:13:34,723 [Listener at 127.0.0.1/34193] INFO  server.RaftServerConfigKeys (ConfUtils.java:logGet(44)) - raft.server.leaderelection.leader.step-down.wait-time = 10s (default)
2021-10-21 00:13:34,723 [Listener at 127.0.0.1/34193] INFO  server.RaftServerConfigKeys (ConfUtils.java:logGet(44)) - raft.server.storage.dir = [/home/runner/work/ozone/ozone/hadoop-ozone/integration-test/target/test-dir/MiniOzoneClusterImpl-0ff56402-746c-4b46-aacb-40edab3b56db/datanode-0/data/ratis] (custom)
2021-10-21 00:13:34,755 [Listener at 127.0.0.1/34193] INFO  http.BaseHttpServer (BaseHttpServer.java:newHttpServer2BuilderForOzone(209)) - Starting Web-server for hddsDatanode at: http://0.0.0.0:0
2021-10-21 00:13:34,755 [Listener at 127.0.0.1/34193] INFO  http.BaseHttpServer (BaseHttpServer.java:<init>(107)) - Hadoop Security Enabled: false Ozone Security Enabled: false Ozone HTTP Security Enabled: false 
2021-10-21 00:13:34,756 [Listener at 127.0.0.1/34193] INFO  server.AuthenticationFilter (AuthenticationFilter.java:constructSecretProvider(240)) - Unable to initialize FileSignerSecretProvider, falling back to use random secrets.
2021-10-21 00:13:34,795 [Listener at 127.0.0.1/34193] WARN  http.HttpRequestLog (HttpRequestLog.java:getRequestLog(103)) - Jetty request log can only be enabled using Log4j
2021-10-21 00:13:34,795 [Listener at 127.0.0.1/34193] INFO  http.HttpServer2 (HttpServer2.java:addGlobalFilter(1030)) - Added global filter 'safety' (class=org.apache.hadoop.hdds.server.http.HttpServer2$QuotingInputFilter)
2021-10-21 00:13:34,796 [Listener at 127.0.0.1/34193] INFO  http.HttpServer2 (HttpServer2.java:addFilter(1006)) - Added filter static_user_filter (class=org.apache.hadoop.http.lib.StaticUserWebFilter$StaticUserFilter) to context hddsDatanode
2021-10-21 00:13:34,796 [Listener at 127.0.0.1/34193] INFO  http.HttpServer2 (HttpServer2.java:addFilter(1014)) - Added filter static_user_filter (class=org.apache.hadoop.http.lib.StaticUserWebFilter$StaticUserFilter) to context logs
2021-10-21 00:13:34,796 [Listener at 127.0.0.1/34193] INFO  http.HttpServer2 (HttpServer2.java:addFilter(1014)) - Added filter static_user_filter (class=org.apache.hadoop.http.lib.StaticUserWebFilter$StaticUserFilter) to context static
2021-10-21 00:13:34,797 [Listener at 127.0.0.1/34193] INFO  http.HttpServer2 (HttpServer2.java:bindListener(1249)) - Jetty bound to port 34709
2021-10-21 00:13:34,797 [Listener at 127.0.0.1/34193] INFO  server.Server (Server.java:doStart(375)) - jetty-9.4.43.v20210629; built: 2021-06-30T11:07:22.254Z; git: 526006ecfa3af7f1a27ef3a288e2bef7ea9dd7e8; jvm 1.8.0_292-b10
2021-10-21 00:13:34,803 [Listener at 127.0.0.1/34193] INFO  server.session (DefaultSessionIdManager.java:doStart(334)) - DefaultSessionIdManager workerName=node0
2021-10-21 00:13:34,803 [Listener at 127.0.0.1/34193] INFO  server.session (DefaultSessionIdManager.java:doStart(339)) - No SessionScavenger set, using defaults
2021-10-21 00:13:34,804 [Listener at 127.0.0.1/34193] INFO  server.session (HouseKeeper.java:startScavenging(132)) - node0 Scavenging every 600000ms
2021-10-21 00:13:34,804 [Listener at 127.0.0.1/34193] INFO  handler.ContextHandler (ContextHandler.java:doStart(915)) - Started o.e.j.s.ServletContextHandler@6d1de21e{logs,/logs,file:///home/runner/work/ozone/ozone/hadoop-ozone/integration-test/target/log,AVAILABLE}
2021-10-21 00:13:34,804 [Listener at 127.0.0.1/34193] INFO  handler.ContextHandler (ContextHandler.java:doStart(915)) - Started o.e.j.s.ServletContextHandler@110dd705{static,/static,jar:file:/home/runner/.m2/repository/org/apache/ozone/hdds-container-service/1.2.0-SNAPSHOT/hdds-container-service-1.2.0-SNAPSHOT.jar!/webapps/static,AVAILABLE}
2021-10-21 00:13:34,945 [Listener at 127.0.0.1/34193] INFO  handler.ContextHandler (ContextHandler.java:doStart(915)) - Started o.e.j.w.WebAppContext@6b38166f{hddsDatanode,/,file:///tmp/jetty-0_0_0_0-34709-hdds-container-service-1_2_0-SNAPSHOT_jar-_-any-1337119626186386889/webapp/,AVAILABLE}{jar:file:/home/runner/.m2/repository/org/apache/ozone/hdds-container-service/1.2.0-SNAPSHOT/hdds-container-service-1.2.0-SNAPSHOT.jar!/webapps/hddsDatanode}
2021-10-21 00:13:34,994 [Listener at 127.0.0.1/34193] INFO  server.AbstractConnector (AbstractConnector.java:doStart(331)) - Started ServerConnector@4007b86e{HTTP/1.1, (http/1.1)}{0.0.0.0:34709}
2021-10-21 00:13:34,995 [Listener at 127.0.0.1/34193] INFO  server.Server (Server.java:doStart(415)) - Started @246988ms
2021-10-21 00:13:34,995 [Listener at 127.0.0.1/34193] WARN  impl.MetricsSystemImpl (MetricsSystemImpl.java:register(279)) - Sink prometheus already exists!
2021-10-21 00:13:34,998 [Listener at 127.0.0.1/34193] INFO  http.BaseHttpServer (BaseHttpServer.java:updateConnectorAddress(329)) - HTTP server of hddsDatanode listening at http://0.0.0.0:34709
2021-10-21 00:13:34,999 [Listener at 127.0.0.1/34193] WARN  impl.MetricRegistriesImpl (MetricRegistriesImpl.java:addReporterRegistration(111)) - New reporters are added after registries were created. Some metrics will be missing from the reporter. Please add reporter before adding any new registry.
2021-10-21 00:13:34,999 [Listener at 127.0.0.1/34193] WARN  impl.MetricRegistriesImpl (MetricRegistriesImpl.java:addReporterRegistration(111)) - New reporters are added after registries were created. Some metrics will be missing from the reporter. Please add reporter before adding any new registry.
2021-10-21 00:13:34,999 [Listener at 127.0.0.1/34193] INFO  impl.MetricsSystemImpl (MetricsSystemImpl.java:init(158)) - HddsDatanode metrics system started (again)
2021-10-21 00:13:35,034 [Datanode State Machine Thread - 0] INFO  statemachine.DatanodeStateMachine (DatanodeStateMachine.java:lambda$startDaemon$0(465)) - Ozone container server started.
2021-10-21 00:13:35,091 [org.apache.hadoop.util.JvmPauseMonitor$Monitor@69be654] INFO  util.JvmPauseMonitor (JvmPauseMonitor.java:run(188)) - Starting JVM pause monitor
2021-10-21 00:13:35,148 [om1@group-C5BA1605619E-FollowerState] INFO  impl.FollowerState (FollowerState.java:run(134)) - om1@group-C5BA1605619E-FollowerState: change to CANDIDATE, lastRpcElapsedTime:1289126676ns, electionTimeout:1192ms
2021-10-21 00:13:35,148 [om1@group-C5BA1605619E-FollowerState] INFO  impl.RoleInfo (RoleInfo.java:shutdownFollowerState(108)) - om1: shutdown om1@group-C5BA1605619E-FollowerState
2021-10-21 00:13:35,148 [om1@group-C5BA1605619E-FollowerState] INFO  server.RaftServer$Division (RaftServerImpl.java:setRole(290)) - om1@group-C5BA1605619E: changes role from  FOLLOWER to CANDIDATE at term 0 for changeToCandidate
2021-10-21 00:13:35,148 [om1@group-C5BA1605619E-FollowerState] INFO  server.RaftServerConfigKeys (ConfUtils.java:logGet(44)) - raft.server.leaderelection.pre-vote = false (custom)
2021-10-21 00:13:35,149 [om1@group-C5BA1605619E-FollowerState] INFO  impl.RoleInfo (RoleInfo.java:updateAndGet(130)) - om1: start om1@group-C5BA1605619E-LeaderElection88
2021-10-21 00:13:35,148 [Listener at 127.0.0.1/34193] INFO  ozone.HddsDatanodeService (HddsDatanodeService.java:start(234)) - HddsDatanodeService host:fv-az395-87.zfmzfyrfkyou3ow0tsr0jxwq1e.bx.internal.cloudapp.net ip:10.1.0.21
2021-10-21 00:13:35,163 [Datanode State Machine Task Thread - 0] INFO  datanode.InitDatanodeState (InitDatanodeState.java:persistContainerDatanodeDetails(145)) - DatanodeDetails is persisted to /home/runner/work/ozone/ozone/hadoop-ozone/integration-test/target/test-dir/MiniOzoneClusterImpl-0ff56402-746c-4b46-aacb-40edab3b56db/datanode-0/meta/datanode.id
2021-10-21 00:13:35,219 [Listener at 127.0.0.1/34193] INFO  upgrade.AbstractLayoutVersionManager (AbstractLayoutVersionManager.java:init(79)) - Initializing Layout version manager with metadata layout = SCM_HA (version = 2), software layout = SCM_HA (version = 2)
2021-10-21 00:13:35,234 [om1@group-C5BA1605619E-LeaderElection88] INFO  impl.LeaderElection (LeaderElection.java:askForVotes(306)) - om1@group-C5BA1605619E-LeaderElection88 ELECTION round 0: submit vote requests at term 1 for -1: [om1|rpc:localhost:9872|priority:0], old=null
2021-10-21 00:13:35,234 [om1@group-C5BA1605619E-LeaderElection88] INFO  impl.LeaderElection (LeaderElection.java:askForVotes(308)) - om1@group-C5BA1605619E-LeaderElection88 ELECTION round 0: result PASSED (term=1)
2021-10-21 00:13:35,234 [om1@group-C5BA1605619E-LeaderElection88] INFO  impl.RoleInfo (RoleInfo.java:shutdownLeaderElection(121)) - om1: shutdown om1@group-C5BA1605619E-LeaderElection88
2021-10-21 00:13:35,234 [om1@group-C5BA1605619E-LeaderElection88] INFO  server.RaftServer$Division (RaftServerImpl.java:setRole(290)) - om1@group-C5BA1605619E: changes role from CANDIDATE to LEADER at term 1 for changeToLeader
2021-10-21 00:13:35,234 [om1@group-C5BA1605619E-LeaderElection88] INFO  server.RaftServer$Division (ServerState.java:setLeader(285)) - om1@group-C5BA1605619E: change Leader from null to om1 at term 1 for becomeLeader, leader elected after 1514ms
2021-10-21 00:13:35,234 [om1@group-C5BA1605619E-LeaderElection88] INFO  server.RaftServerConfigKeys (ConfUtils.java:logGet(44)) - raft.server.staging.catchup.gap = 1000 (default)
2021-10-21 00:13:35,234 [om1@group-C5BA1605619E-LeaderElection88] INFO  server.RaftServerConfigKeys (ConfUtils.java:logGet(44)) - raft.server.write.element-limit = 4096 (default)
2021-10-21 00:13:35,234 [om1@group-C5BA1605619E-LeaderElection88] INFO  server.RaftServerConfigKeys (ConfUtils.java:logGet(44)) - raft.server.write.byte-limit = 64MB (=67108864) (default)
2021-10-21 00:13:35,235 [om1@group-C5BA1605619E-LeaderElection88] INFO  server.RaftServerConfigKeys (ConfUtils.java:logGet(44)) - raft.server.watch.timeout = 10s (default)
2021-10-21 00:13:35,235 [om1@group-C5BA1605619E-LeaderElection88] INFO  server.RaftServerConfigKeys (ConfUtils.java:logGet(44)) - raft.server.watch.timeout.denomination = 1s (default)
2021-10-21 00:13:35,235 [om1@group-C5BA1605619E-LeaderElection88] INFO  server.RaftServerConfigKeys (ConfUtils.java:logGet(44)) - raft.server.watch.element-limit = 65536 (default)
2021-10-21 00:13:35,235 [om1@group-C5BA1605619E-LeaderElection88] INFO  server.RaftServerConfigKeys (ConfUtils.java:logGet(44)) - raft.server.write.element-limit = 4096 (default)
2021-10-21 00:13:35,235 [om1@group-C5BA1605619E-LeaderElection88] INFO  server.RaftServerConfigKeys (ConfUtils.java:logGet(44)) - raft.server.write.follower.gap.ratio.max = -1.0 (default)
2021-10-21 00:13:35,235 [om1@group-C5BA1605619E-LeaderElection88] INFO  impl.RoleInfo (RoleInfo.java:updateAndGet(130)) - om1: start om1@group-C5BA1605619E-LeaderStateImpl
2021-10-21 00:13:35,236 [om1@group-C5BA1605619E-LeaderElection88] INFO  segmented.SegmentedRaftLogWorker (SegmentedRaftLogWorker.java:startLogSegment(394)) - om1@group-C5BA1605619E-SegmentedRaftLogWorker: Starting segment from index:0
2021-10-21 00:13:35,242 [om1@group-C5BA1605619E-LeaderElection88] INFO  server.RaftServer$Division (ServerState.java:setRaftConf(387)) - om1@group-C5BA1605619E: set configuration 0: [om1|rpc:localhost:9872|admin:|client:|dataStream:|priority:0], old=null
2021-10-21 00:13:35,255 [om1@group-C5BA1605619E-SegmentedRaftLogWorker] INFO  segmented.SegmentedRaftLogWorker (SegmentedRaftLogWorker.java:execute(601)) - om1@group-C5BA1605619E-SegmentedRaftLogWorker: created new log segment /home/runner/work/ozone/ozone/hadoop-ozone/integration-test/target/test-dir/MiniOzoneClusterImpl-0ff56402-746c-4b46-aacb-40edab3b56db/ozone-meta/ratis/bf265839-605b-3f16-9796-c5ba1605619e/current/log_inprogress_0
2021-10-21 00:13:35,312 [om1@group-C5BA1605619E-StateMachineUpdater] INFO  ratis.OzoneManagerStateMachine (OzoneManagerStateMachine.java:notifyConfigurationChanged(188)) - Received Configuration change notification from Ratis. New Peer list:
[id: "om1"
address: "localhost:9872"
]
2021-10-21 00:13:35,417 [Listener at 127.0.0.1/34193] INFO  reflections.Reflections (Reflections.java:scan(232)) - Reflections took 196 ms to scan 7 urls, producing 119 keys and 279 values 
2021-10-21 00:13:35,419 [Listener at 127.0.0.1/34193] INFO  volume.HddsVolume (HddsVolume.java:<init>(120)) - Creating HddsVolume: /home/runner/work/ozone/ozone/hadoop-ozone/integration-test/target/test-dir/MiniOzoneClusterImpl-0ff56402-746c-4b46-aacb-40edab3b56db/datanode-1/data-0/containers/hdds of storage type : DISK capacity : 9223372036854775807
2021-10-21 00:13:35,419 [Listener at 127.0.0.1/34193] INFO  volume.MutableVolumeSet (MutableVolumeSet.java:initializeVolumeSet(168)) - Added Volume : /home/runner/work/ozone/ozone/hadoop-ozone/integration-test/target/test-dir/MiniOzoneClusterImpl-0ff56402-746c-4b46-aacb-40edab3b56db/datanode-1/data-0/containers/hdds to VolumeSet
2021-10-21 00:13:35,420 [Listener at 127.0.0.1/34193] INFO  volume.ThrottledAsyncChecker (ThrottledAsyncChecker.java:schedule(141)) - Scheduling a check for /home/runner/work/ozone/ozone/hadoop-ozone/integration-test/target/test-dir/MiniOzoneClusterImpl-0ff56402-746c-4b46-aacb-40edab3b56db/datanode-1/data-0/containers/hdds
2021-10-21 00:13:35,461 [Listener at 127.0.0.1/34193] INFO  volume.StorageVolumeChecker (StorageVolumeChecker.java:checkAllVolumes(202)) - Scheduled health check for volume /home/runner/work/ozone/ozone/hadoop-ozone/integration-test/target/test-dir/MiniOzoneClusterImpl-0ff56402-746c-4b46-aacb-40edab3b56db/datanode-1/data-0/containers/hdds
2021-10-21 00:13:35,514 [Listener at 127.0.0.1/34193] INFO  volume.MutableVolumeSet (MutableVolumeSet.java:initializeVolumeSet(168)) - Added Volume : /home/runner/work/ozone/ozone/hadoop-ozone/integration-test/target/test-dir/MiniOzoneClusterImpl-0ff56402-746c-4b46-aacb-40edab3b56db/datanode-1/data/ratis to VolumeSet
2021-10-21 00:13:35,515 [Listener at 127.0.0.1/34193] INFO  volume.ThrottledAsyncChecker (ThrottledAsyncChecker.java:schedule(141)) - Scheduling a check for /home/runner/work/ozone/ozone/hadoop-ozone/integration-test/target/test-dir/MiniOzoneClusterImpl-0ff56402-746c-4b46-aacb-40edab3b56db/datanode-1/data/ratis
2021-10-21 00:13:35,515 [Listener at 127.0.0.1/34193] INFO  volume.StorageVolumeChecker (StorageVolumeChecker.java:checkAllVolumes(202)) - Scheduled health check for volume /home/runner/work/ozone/ozone/hadoop-ozone/integration-test/target/test-dir/MiniOzoneClusterImpl-0ff56402-746c-4b46-aacb-40edab3b56db/datanode-1/data/ratis
2021-10-21 00:13:35,566 [Thread-1754] INFO  ozoneimpl.ContainerReader (ContainerReader.java:readVolume(172)) - Finish verifying containers on volume /home/runner/work/ozone/ozone/hadoop-ozone/integration-test/target/test-dir/MiniOzoneClusterImpl-0ff56402-746c-4b46-aacb-40edab3b56db/datanode-1/data-0/containers/hdds
2021-10-21 00:13:35,566 [Listener at 127.0.0.1/34193] INFO  ozoneimpl.OzoneContainer (OzoneContainer.java:buildContainerSet(236)) - Build ContainerSet costs 0s
2021-10-21 00:13:35,568 [Listener at 127.0.0.1/34193] INFO  server.RaftServer (ConfUtils.java:logGet(44)) - raft.rpc.type = GRPC (default)
2021-10-21 00:13:35,569 [Listener at 127.0.0.1/34193] INFO  grpc.GrpcFactory (GrpcFactory.java:checkPooledByteBufAllocatorUseCacheForAllThreads(48)) - PERFORMANCE WARNING: useCacheForAllThreads is true that may cause Netty to create a lot garbage objects and, as a result, trigger GC.
	It is recommended to disable useCacheForAllThreads by setting -Dorg.apache.ratis.thirdparty.io.netty.allocator.useCacheForAllThreads=false in command line.
2021-10-21 00:13:35,569 [Listener at 127.0.0.1/34193] INFO  grpc.GrpcConfigKeys (ConfUtils.java:logGet(44)) - raft.grpc.admin.port = 0 (custom)
2021-10-21 00:13:35,569 [Listener at 127.0.0.1/34193] INFO  grpc.GrpcConfigKeys (ConfUtils.java:logGet(44)) - raft.grpc.client.port = 0 (custom)
2021-10-21 00:13:35,569 [Listener at 127.0.0.1/34193] INFO  grpc.GrpcConfigKeys (ConfUtils.java:logGet(44)) - raft.grpc.server.port = 0 (default)
2021-10-21 00:13:35,569 [Listener at 127.0.0.1/34193] INFO  server.GrpcService (ConfUtils.java:logGet(44)) - raft.grpc.message.size.max = 32MB (=33554432) (custom)
2021-10-21 00:13:35,569 [Listener at 127.0.0.1/34193] INFO  server.RaftServerConfigKeys (ConfUtils.java:logGet(44)) - raft.server.log.appender.buffer.byte-limit = 33554432 (custom)
2021-10-21 00:13:35,570 [Listener at 127.0.0.1/34193] INFO  server.GrpcService (ConfUtils.java:logGet(44)) - raft.grpc.flow.control.window = 5MB (=5242880) (custom)
2021-10-21 00:13:35,570 [Listener at 127.0.0.1/34193] INFO  server.RaftServerConfigKeys (ConfUtils.java:logGet(44)) - raft.server.rpc.request.timeout = 3000ms (default)
2021-10-21 00:13:35,571 [Listener at 127.0.0.1/34193] INFO  impl.DataStreamServerImpl (ConfUtils.java:logGet(44)) - raft.datastream.type = DISABLED (default)
2021-10-21 00:13:35,572 [Listener at 127.0.0.1/34193] INFO  server.RaftServerConfigKeys (ConfUtils.java:logGet(44)) - raft.server.rpc.slowness.timeout = 300000ms (custom)
2021-10-21 00:13:35,572 [Listener at 127.0.0.1/34193] INFO  server.RaftServerConfigKeys (ConfUtils.java:logGet(44)) - raft.server.leaderelection.leader.step-down.wait-time = 10s (default)
2021-10-21 00:13:35,572 [Listener at 127.0.0.1/34193] INFO  server.RaftServerConfigKeys (ConfUtils.java:logGet(44)) - raft.server.storage.dir = [/home/runner/work/ozone/ozone/hadoop-ozone/integration-test/target/test-dir/MiniOzoneClusterImpl-0ff56402-746c-4b46-aacb-40edab3b56db/datanode-1/data/ratis] (custom)
2021-10-21 00:13:35,575 [Listener at 127.0.0.1/34193] INFO  http.BaseHttpServer (BaseHttpServer.java:newHttpServer2BuilderForOzone(209)) - Starting Web-server for hddsDatanode at: http://0.0.0.0:0
2021-10-21 00:13:35,575 [Listener at 127.0.0.1/34193] INFO  http.BaseHttpServer (BaseHttpServer.java:<init>(107)) - Hadoop Security Enabled: false Ozone Security Enabled: false Ozone HTTP Security Enabled: false 
2021-10-21 00:13:35,576 [Listener at 127.0.0.1/34193] INFO  server.AuthenticationFilter (AuthenticationFilter.java:constructSecretProvider(240)) - Unable to initialize FileSignerSecretProvider, falling back to use random secrets.
2021-10-21 00:13:35,577 [Listener at 127.0.0.1/34193] WARN  http.HttpRequestLog (HttpRequestLog.java:getRequestLog(103)) - Jetty request log can only be enabled using Log4j
2021-10-21 00:13:35,577 [Listener at 127.0.0.1/34193] INFO  http.HttpServer2 (HttpServer2.java:addGlobalFilter(1030)) - Added global filter 'safety' (class=org.apache.hadoop.hdds.server.http.HttpServer2$QuotingInputFilter)
2021-10-21 00:13:35,578 [Listener at 127.0.0.1/34193] INFO  http.HttpServer2 (HttpServer2.java:addFilter(1006)) - Added filter static_user_filter (class=org.apache.hadoop.http.lib.StaticUserWebFilter$StaticUserFilter) to context hddsDatanode
2021-10-21 00:13:35,578 [Listener at 127.0.0.1/34193] INFO  http.HttpServer2 (HttpServer2.java:addFilter(1014)) - Added filter static_user_filter (class=org.apache.hadoop.http.lib.StaticUserWebFilter$StaticUserFilter) to context static
2021-10-21 00:13:35,578 [Listener at 127.0.0.1/34193] INFO  http.HttpServer2 (HttpServer2.java:addFilter(1014)) - Added filter static_user_filter (class=org.apache.hadoop.http.lib.StaticUserWebFilter$StaticUserFilter) to context logs
2021-10-21 00:13:35,578 [Listener at 127.0.0.1/34193] INFO  http.HttpServer2 (HttpServer2.java:bindListener(1249)) - Jetty bound to port 36937
2021-10-21 00:13:35,579 [Listener at 127.0.0.1/34193] INFO  server.Server (Server.java:doStart(375)) - jetty-9.4.43.v20210629; built: 2021-06-30T11:07:22.254Z; git: 526006ecfa3af7f1a27ef3a288e2bef7ea9dd7e8; jvm 1.8.0_292-b10
2021-10-21 00:13:35,580 [Listener at 127.0.0.1/34193] INFO  server.session (DefaultSessionIdManager.java:doStart(334)) - DefaultSessionIdManager workerName=node0
2021-10-21 00:13:35,580 [Listener at 127.0.0.1/34193] INFO  server.session (DefaultSessionIdManager.java:doStart(339)) - No SessionScavenger set, using defaults
2021-10-21 00:13:35,580 [Listener at 127.0.0.1/34193] INFO  server.session (HouseKeeper.java:startScavenging(132)) - node0 Scavenging every 660000ms
2021-10-21 00:13:35,581 [Listener at 127.0.0.1/34193] INFO  handler.ContextHandler (ContextHandler.java:doStart(915)) - Started o.e.j.s.ServletContextHandler@59c46e5e{logs,/logs,file:///home/runner/work/ozone/ozone/hadoop-ozone/integration-test/target/log,AVAILABLE}
2021-10-21 00:13:35,581 [Listener at 127.0.0.1/34193] INFO  handler.ContextHandler (ContextHandler.java:doStart(915)) - Started o.e.j.s.ServletContextHandler@5c4de465{static,/static,jar:file:/home/runner/.m2/repository/org/apache/ozone/hdds-container-service/1.2.0-SNAPSHOT/hdds-container-service-1.2.0-SNAPSHOT.jar!/webapps/static,AVAILABLE}
2021-10-21 00:13:35,744 [Listener at 127.0.0.1/34193] INFO  handler.ContextHandler (ContextHandler.java:doStart(915)) - Started o.e.j.w.WebAppContext@1fa9583e{hddsDatanode,/,file:///tmp/jetty-0_0_0_0-36937-hdds-container-service-1_2_0-SNAPSHOT_jar-_-any-8693756547730784588/webapp/,AVAILABLE}{jar:file:/home/runner/.m2/repository/org/apache/ozone/hdds-container-service/1.2.0-SNAPSHOT/hdds-container-service-1.2.0-SNAPSHOT.jar!/webapps/hddsDatanode}
2021-10-21 00:13:35,768 [Listener at 127.0.0.1/34193] INFO  server.AbstractConnector (AbstractConnector.java:doStart(331)) - Started ServerConnector@71fee35c{HTTP/1.1, (http/1.1)}{0.0.0.0:36937}
2021-10-21 00:13:35,769 [Listener at 127.0.0.1/34193] INFO  server.Server (Server.java:doStart(415)) - Started @247762ms
2021-10-21 00:13:35,769 [Listener at 127.0.0.1/34193] WARN  impl.MetricsSystemImpl (MetricsSystemImpl.java:register(279)) - Sink prometheus already exists!
2021-10-21 00:13:35,770 [Listener at 127.0.0.1/34193] INFO  http.BaseHttpServer (BaseHttpServer.java:updateConnectorAddress(329)) - HTTP server of hddsDatanode listening at http://0.0.0.0:36937
2021-10-21 00:13:35,771 [Listener at 127.0.0.1/34193] WARN  impl.MetricRegistriesImpl (MetricRegistriesImpl.java:addReporterRegistration(111)) - New reporters are added after registries were created. Some metrics will be missing from the reporter. Please add reporter before adding any new registry.
2021-10-21 00:13:35,771 [Listener at 127.0.0.1/34193] WARN  impl.MetricRegistriesImpl (MetricRegistriesImpl.java:addReporterRegistration(111)) - New reporters are added after registries were created. Some metrics will be missing from the reporter. Please add reporter before adding any new registry.
2021-10-21 00:13:35,771 [Listener at 127.0.0.1/34193] INFO  impl.MetricsSystemImpl (MetricsSystemImpl.java:init(158)) - HddsDatanode metrics system started (again)
2021-10-21 00:13:35,828 [Listener at 127.0.0.1/34193] INFO  ozone.HddsDatanodeService (HddsDatanodeService.java:start(234)) - HddsDatanodeService host:fv-az395-87.zfmzfyrfkyou3ow0tsr0jxwq1e.bx.internal.cloudapp.net ip:10.1.0.21
2021-10-21 00:13:35,865 [Datanode State Machine Thread - 0] INFO  statemachine.DatanodeStateMachine (DatanodeStateMachine.java:lambda$startDaemon$0(465)) - Ozone container server started.
2021-10-21 00:13:35,883 [Listener at 127.0.0.1/34193] INFO  upgrade.AbstractLayoutVersionManager (AbstractLayoutVersionManager.java:init(79)) - Initializing Layout version manager with metadata layout = SCM_HA (version = 2), software layout = SCM_HA (version = 2)
2021-10-21 00:13:35,895 [org.apache.hadoop.util.JvmPauseMonitor$Monitor@68f60155] INFO  util.JvmPauseMonitor (JvmPauseMonitor.java:run(188)) - Starting JVM pause monitor
2021-10-21 00:13:35,922 [Datanode State Machine Task Thread - 0] INFO  datanode.InitDatanodeState (InitDatanodeState.java:persistContainerDatanodeDetails(145)) - DatanodeDetails is persisted to /home/runner/work/ozone/ozone/hadoop-ozone/integration-test/target/test-dir/MiniOzoneClusterImpl-0ff56402-746c-4b46-aacb-40edab3b56db/datanode-1/meta/datanode.id
2021-10-21 00:13:35,996 [Listener at 127.0.0.1/34193] INFO  reflections.Reflections (Reflections.java:scan(232)) - Reflections took 111 ms to scan 7 urls, producing 119 keys and 279 values 
2021-10-21 00:13:36,066 [Listener at 127.0.0.1/34193] INFO  volume.HddsVolume (HddsVolume.java:<init>(120)) - Creating HddsVolume: /home/runner/work/ozone/ozone/hadoop-ozone/integration-test/target/test-dir/MiniOzoneClusterImpl-0ff56402-746c-4b46-aacb-40edab3b56db/datanode-2/data-0/containers/hdds of storage type : DISK capacity : 9223372036854775807
2021-10-21 00:13:36,067 [Listener at 127.0.0.1/34193] INFO  volume.MutableVolumeSet (MutableVolumeSet.java:initializeVolumeSet(168)) - Added Volume : /home/runner/work/ozone/ozone/hadoop-ozone/integration-test/target/test-dir/MiniOzoneClusterImpl-0ff56402-746c-4b46-aacb-40edab3b56db/datanode-2/data-0/containers/hdds to VolumeSet
2021-10-21 00:13:36,067 [Listener at 127.0.0.1/34193] INFO  volume.ThrottledAsyncChecker (ThrottledAsyncChecker.java:schedule(141)) - Scheduling a check for /home/runner/work/ozone/ozone/hadoop-ozone/integration-test/target/test-dir/MiniOzoneClusterImpl-0ff56402-746c-4b46-aacb-40edab3b56db/datanode-2/data-0/containers/hdds
2021-10-21 00:13:36,067 [Listener at 127.0.0.1/34193] INFO  volume.StorageVolumeChecker (StorageVolumeChecker.java:checkAllVolumes(202)) - Scheduled health check for volume /home/runner/work/ozone/ozone/hadoop-ozone/integration-test/target/test-dir/MiniOzoneClusterImpl-0ff56402-746c-4b46-aacb-40edab3b56db/datanode-2/data-0/containers/hdds
2021-10-21 00:13:36,087 [Listener at 127.0.0.1/34193] INFO  volume.MutableVolumeSet (MutableVolumeSet.java:initializeVolumeSet(168)) - Added Volume : /home/runner/work/ozone/ozone/hadoop-ozone/integration-test/target/test-dir/MiniOzoneClusterImpl-0ff56402-746c-4b46-aacb-40edab3b56db/datanode-2/data/ratis to VolumeSet
2021-10-21 00:13:36,107 [Listener at 127.0.0.1/34193] INFO  volume.ThrottledAsyncChecker (ThrottledAsyncChecker.java:schedule(141)) - Scheduling a check for /home/runner/work/ozone/ozone/hadoop-ozone/integration-test/target/test-dir/MiniOzoneClusterImpl-0ff56402-746c-4b46-aacb-40edab3b56db/datanode-2/data/ratis
2021-10-21 00:13:36,107 [Listener at 127.0.0.1/34193] INFO  volume.StorageVolumeChecker (StorageVolumeChecker.java:checkAllVolumes(202)) - Scheduled health check for volume /home/runner/work/ozone/ozone/hadoop-ozone/integration-test/target/test-dir/MiniOzoneClusterImpl-0ff56402-746c-4b46-aacb-40edab3b56db/datanode-2/data/ratis
2021-10-21 00:13:36,195 [Thread-1766] INFO  ozoneimpl.ContainerReader (ContainerReader.java:readVolume(172)) - Finish verifying containers on volume /home/runner/work/ozone/ozone/hadoop-ozone/integration-test/target/test-dir/MiniOzoneClusterImpl-0ff56402-746c-4b46-aacb-40edab3b56db/datanode-2/data-0/containers/hdds
2021-10-21 00:13:36,195 [Listener at 127.0.0.1/34193] INFO  ozoneimpl.OzoneContainer (OzoneContainer.java:buildContainerSet(236)) - Build ContainerSet costs 0s
2021-10-21 00:13:36,197 [Listener at 127.0.0.1/34193] INFO  server.RaftServer (ConfUtils.java:logGet(44)) - raft.rpc.type = GRPC (default)
2021-10-21 00:13:36,197 [Listener at 127.0.0.1/34193] INFO  grpc.GrpcFactory (GrpcFactory.java:checkPooledByteBufAllocatorUseCacheForAllThreads(48)) - PERFORMANCE WARNING: useCacheForAllThreads is true that may cause Netty to create a lot garbage objects and, as a result, trigger GC.
	It is recommended to disable useCacheForAllThreads by setting -Dorg.apache.ratis.thirdparty.io.netty.allocator.useCacheForAllThreads=false in command line.
2021-10-21 00:13:36,197 [Listener at 127.0.0.1/34193] INFO  grpc.GrpcConfigKeys (ConfUtils.java:logGet(44)) - raft.grpc.admin.port = 0 (custom)
2021-10-21 00:13:36,198 [Listener at 127.0.0.1/34193] INFO  grpc.GrpcConfigKeys (ConfUtils.java:logGet(44)) - raft.grpc.client.port = 0 (custom)
2021-10-21 00:13:36,198 [Listener at 127.0.0.1/34193] INFO  grpc.GrpcConfigKeys (ConfUtils.java:logGet(44)) - raft.grpc.server.port = 0 (default)
2021-10-21 00:13:36,198 [Listener at 127.0.0.1/34193] INFO  server.GrpcService (ConfUtils.java:logGet(44)) - raft.grpc.message.size.max = 32MB (=33554432) (custom)
2021-10-21 00:13:36,198 [Listener at 127.0.0.1/34193] INFO  server.RaftServerConfigKeys (ConfUtils.java:logGet(44)) - raft.server.log.appender.buffer.byte-limit = 33554432 (custom)
2021-10-21 00:13:36,198 [Listener at 127.0.0.1/34193] INFO  server.GrpcService (ConfUtils.java:logGet(44)) - raft.grpc.flow.control.window = 5MB (=5242880) (custom)
2021-10-21 00:13:36,198 [Listener at 127.0.0.1/34193] INFO  server.RaftServerConfigKeys (ConfUtils.java:logGet(44)) - raft.server.rpc.request.timeout = 3000ms (default)
2021-10-21 00:13:36,200 [Listener at 127.0.0.1/34193] INFO  impl.DataStreamServerImpl (ConfUtils.java:logGet(44)) - raft.datastream.type = DISABLED (default)
2021-10-21 00:13:36,200 [Listener at 127.0.0.1/34193] INFO  server.RaftServerConfigKeys (ConfUtils.java:logGet(44)) - raft.server.rpc.slowness.timeout = 300000ms (custom)
2021-10-21 00:13:36,200 [Listener at 127.0.0.1/34193] INFO  server.RaftServerConfigKeys (ConfUtils.java:logGet(44)) - raft.server.leaderelection.leader.step-down.wait-time = 10s (default)
2021-10-21 00:13:36,201 [Listener at 127.0.0.1/34193] INFO  server.RaftServerConfigKeys (ConfUtils.java:logGet(44)) - raft.server.storage.dir = [/home/runner/work/ozone/ozone/hadoop-ozone/integration-test/target/test-dir/MiniOzoneClusterImpl-0ff56402-746c-4b46-aacb-40edab3b56db/datanode-2/data/ratis] (custom)
2021-10-21 00:13:36,209 [Listener at 127.0.0.1/34193] INFO  http.BaseHttpServer (BaseHttpServer.java:newHttpServer2BuilderForOzone(209)) - Starting Web-server for hddsDatanode at: http://0.0.0.0:0
2021-10-21 00:13:36,209 [Listener at 127.0.0.1/34193] INFO  http.BaseHttpServer (BaseHttpServer.java:<init>(107)) - Hadoop Security Enabled: false Ozone Security Enabled: false Ozone HTTP Security Enabled: false 
2021-10-21 00:13:36,210 [Listener at 127.0.0.1/34193] INFO  server.AuthenticationFilter (AuthenticationFilter.java:constructSecretProvider(240)) - Unable to initialize FileSignerSecretProvider, falling back to use random secrets.
2021-10-21 00:13:36,237 [Listener at 127.0.0.1/34193] WARN  http.HttpRequestLog (HttpRequestLog.java:getRequestLog(103)) - Jetty request log can only be enabled using Log4j
2021-10-21 00:13:36,238 [Listener at 127.0.0.1/34193] INFO  http.HttpServer2 (HttpServer2.java:addGlobalFilter(1030)) - Added global filter 'safety' (class=org.apache.hadoop.hdds.server.http.HttpServer2$QuotingInputFilter)
2021-10-21 00:13:36,238 [Listener at 127.0.0.1/34193] INFO  http.HttpServer2 (HttpServer2.java:addFilter(1006)) - Added filter static_user_filter (class=org.apache.hadoop.http.lib.StaticUserWebFilter$StaticUserFilter) to context hddsDatanode
2021-10-21 00:13:36,239 [Listener at 127.0.0.1/34193] INFO  http.HttpServer2 (HttpServer2.java:addFilter(1014)) - Added filter static_user_filter (class=org.apache.hadoop.http.lib.StaticUserWebFilter$StaticUserFilter) to context static
2021-10-21 00:13:36,239 [Listener at 127.0.0.1/34193] INFO  http.HttpServer2 (HttpServer2.java:addFilter(1014)) - Added filter static_user_filter (class=org.apache.hadoop.http.lib.StaticUserWebFilter$StaticUserFilter) to context logs
2021-10-21 00:13:36,239 [Listener at 127.0.0.1/34193] INFO  http.HttpServer2 (HttpServer2.java:bindListener(1249)) - Jetty bound to port 40985
2021-10-21 00:13:36,239 [Listener at 127.0.0.1/34193] INFO  server.Server (Server.java:doStart(375)) - jetty-9.4.43.v20210629; built: 2021-06-30T11:07:22.254Z; git: 526006ecfa3af7f1a27ef3a288e2bef7ea9dd7e8; jvm 1.8.0_292-b10
2021-10-21 00:13:36,335 [Listener at 127.0.0.1/34193] INFO  server.session (DefaultSessionIdManager.java:doStart(334)) - DefaultSessionIdManager workerName=node0
2021-10-21 00:13:36,335 [Listener at 127.0.0.1/34193] INFO  server.session (DefaultSessionIdManager.java:doStart(339)) - No SessionScavenger set, using defaults
2021-10-21 00:13:36,336 [Listener at 127.0.0.1/34193] INFO  server.session (HouseKeeper.java:startScavenging(132)) - node0 Scavenging every 600000ms
2021-10-21 00:13:36,345 [Listener at 127.0.0.1/34193] INFO  handler.ContextHandler (ContextHandler.java:doStart(915)) - Started o.e.j.s.ServletContextHandler@5b01cacd{logs,/logs,file:///home/runner/work/ozone/ozone/hadoop-ozone/integration-test/target/log,AVAILABLE}
2021-10-21 00:13:36,346 [Listener at 127.0.0.1/34193] INFO  handler.ContextHandler (ContextHandler.java:doStart(915)) - Started o.e.j.s.ServletContextHandler@6c74e7a1{static,/static,jar:file:/home/runner/.m2/repository/org/apache/ozone/hdds-container-service/1.2.0-SNAPSHOT/hdds-container-service-1.2.0-SNAPSHOT.jar!/webapps/static,AVAILABLE}
2021-10-21 00:13:36,465 [Listener at 127.0.0.1/34193] INFO  handler.ContextHandler (ContextHandler.java:doStart(915)) - Started o.e.j.w.WebAppContext@1d646e4c{hddsDatanode,/,file:///tmp/jetty-0_0_0_0-40985-hdds-container-service-1_2_0-SNAPSHOT_jar-_-any-1545557566989133240/webapp/,AVAILABLE}{jar:file:/home/runner/.m2/repository/org/apache/ozone/hdds-container-service/1.2.0-SNAPSHOT/hdds-container-service-1.2.0-SNAPSHOT.jar!/webapps/hddsDatanode}
2021-10-21 00:13:36,527 [Listener at 127.0.0.1/34193] INFO  server.AbstractConnector (AbstractConnector.java:doStart(331)) - Started ServerConnector@30c07ead{HTTP/1.1, (http/1.1)}{0.0.0.0:40985}
2021-10-21 00:13:36,527 [Listener at 127.0.0.1/34193] INFO  server.Server (Server.java:doStart(415)) - Started @248521ms
2021-10-21 00:13:36,528 [Listener at 127.0.0.1/34193] WARN  impl.MetricsSystemImpl (MetricsSystemImpl.java:register(279)) - Sink prometheus already exists!
2021-10-21 00:13:36,528 [Listener at 127.0.0.1/34193] INFO  http.BaseHttpServer (BaseHttpServer.java:updateConnectorAddress(329)) - HTTP server of hddsDatanode listening at http://0.0.0.0:40985
2021-10-21 00:13:36,544 [Listener at 127.0.0.1/34193] WARN  impl.MetricRegistriesImpl (MetricRegistriesImpl.java:addReporterRegistration(111)) - New reporters are added after registries were created. Some metrics will be missing from the reporter. Please add reporter before adding any new registry.
2021-10-21 00:13:36,545 [Listener at 127.0.0.1/34193] WARN  impl.MetricRegistriesImpl (MetricRegistriesImpl.java:addReporterRegistration(111)) - New reporters are added after registries were created. Some metrics will be missing from the reporter. Please add reporter before adding any new registry.
2021-10-21 00:13:36,545 [Listener at 127.0.0.1/34193] INFO  impl.MetricsSystemImpl (MetricsSystemImpl.java:init(158)) - HddsDatanode metrics system started (again)
2021-10-21 00:13:36,567 [Datanode State Machine Thread - 0] INFO  statemachine.DatanodeStateMachine (DatanodeStateMachine.java:lambda$startDaemon$0(465)) - Ozone container server started.
2021-10-21 00:13:36,639 [org.apache.hadoop.util.JvmPauseMonitor$Monitor@3b6ed298] INFO  util.JvmPauseMonitor (JvmPauseMonitor.java:run(188)) - Starting JVM pause monitor
2021-10-21 00:13:36,652 [Datanode State Machine Task Thread - 0] INFO  datanode.InitDatanodeState (InitDatanodeState.java:persistContainerDatanodeDetails(145)) - DatanodeDetails is persisted to /home/runner/work/ozone/ozone/hadoop-ozone/integration-test/target/test-dir/MiniOzoneClusterImpl-0ff56402-746c-4b46-aacb-40edab3b56db/datanode-2/meta/datanode.id
2021-10-21 00:13:36,652 [Listener at 127.0.0.1/34193] INFO  ozone.HddsDatanodeService (HddsDatanodeService.java:start(234)) - HddsDatanodeService host:fv-az395-87.zfmzfyrfkyou3ow0tsr0jxwq1e.bx.internal.cloudapp.net ip:10.1.0.21
2021-10-21 00:13:36,771 [Listener at 127.0.0.1/34193] INFO  upgrade.AbstractLayoutVersionManager (AbstractLayoutVersionManager.java:init(79)) - Initializing Layout version manager with metadata layout = SCM_HA (version = 2), software layout = SCM_HA (version = 2)
2021-10-21 00:13:36,943 [Listener at 127.0.0.1/34193] INFO  reflections.Reflections (Reflections.java:scan(232)) - Reflections took 167 ms to scan 7 urls, producing 119 keys and 279 values 
2021-10-21 00:13:36,958 [Listener at 127.0.0.1/34193] INFO  volume.HddsVolume (HddsVolume.java:<init>(120)) - Creating HddsVolume: /home/runner/work/ozone/ozone/hadoop-ozone/integration-test/target/test-dir/MiniOzoneClusterImpl-0ff56402-746c-4b46-aacb-40edab3b56db/datanode-3/data-0/containers/hdds of storage type : DISK capacity : 9223372036854775807
2021-10-21 00:13:36,958 [Listener at 127.0.0.1/34193] INFO  volume.MutableVolumeSet (MutableVolumeSet.java:initializeVolumeSet(168)) - Added Volume : /home/runner/work/ozone/ozone/hadoop-ozone/integration-test/target/test-dir/MiniOzoneClusterImpl-0ff56402-746c-4b46-aacb-40edab3b56db/datanode-3/data-0/containers/hdds to VolumeSet
2021-10-21 00:13:36,959 [Listener at 127.0.0.1/34193] INFO  volume.ThrottledAsyncChecker (ThrottledAsyncChecker.java:schedule(141)) - Scheduling a check for /home/runner/work/ozone/ozone/hadoop-ozone/integration-test/target/test-dir/MiniOzoneClusterImpl-0ff56402-746c-4b46-aacb-40edab3b56db/datanode-3/data-0/containers/hdds
2021-10-21 00:13:36,967 [Listener at 127.0.0.1/34193] INFO  volume.StorageVolumeChecker (StorageVolumeChecker.java:checkAllVolumes(202)) - Scheduled health check for volume /home/runner/work/ozone/ozone/hadoop-ozone/integration-test/target/test-dir/MiniOzoneClusterImpl-0ff56402-746c-4b46-aacb-40edab3b56db/datanode-3/data-0/containers/hdds
2021-10-21 00:13:37,001 [Listener at 127.0.0.1/34193] INFO  volume.MutableVolumeSet (MutableVolumeSet.java:initializeVolumeSet(168)) - Added Volume : /home/runner/work/ozone/ozone/hadoop-ozone/integration-test/target/test-dir/MiniOzoneClusterImpl-0ff56402-746c-4b46-aacb-40edab3b56db/datanode-3/data/ratis to VolumeSet
2021-10-21 00:13:37,002 [Listener at 127.0.0.1/34193] INFO  volume.ThrottledAsyncChecker (ThrottledAsyncChecker.java:schedule(141)) - Scheduling a check for /home/runner/work/ozone/ozone/hadoop-ozone/integration-test/target/test-dir/MiniOzoneClusterImpl-0ff56402-746c-4b46-aacb-40edab3b56db/datanode-3/data/ratis
2021-10-21 00:13:37,002 [Listener at 127.0.0.1/34193] INFO  volume.StorageVolumeChecker (StorageVolumeChecker.java:checkAllVolumes(202)) - Scheduled health check for volume /home/runner/work/ozone/ozone/hadoop-ozone/integration-test/target/test-dir/MiniOzoneClusterImpl-0ff56402-746c-4b46-aacb-40edab3b56db/datanode-3/data/ratis
2021-10-21 00:13:37,107 [Thread-1779] INFO  ozoneimpl.ContainerReader (ContainerReader.java:readVolume(172)) - Finish verifying containers on volume /home/runner/work/ozone/ozone/hadoop-ozone/integration-test/target/test-dir/MiniOzoneClusterImpl-0ff56402-746c-4b46-aacb-40edab3b56db/datanode-3/data-0/containers/hdds
2021-10-21 00:13:37,107 [Listener at 127.0.0.1/34193] INFO  ozoneimpl.OzoneContainer (OzoneContainer.java:buildContainerSet(236)) - Build ContainerSet costs 0s
2021-10-21 00:13:37,109 [Listener at 127.0.0.1/34193] INFO  server.RaftServer (ConfUtils.java:logGet(44)) - raft.rpc.type = GRPC (default)
2021-10-21 00:13:37,109 [Listener at 127.0.0.1/34193] INFO  grpc.GrpcFactory (GrpcFactory.java:checkPooledByteBufAllocatorUseCacheForAllThreads(48)) - PERFORMANCE WARNING: useCacheForAllThreads is true that may cause Netty to create a lot garbage objects and, as a result, trigger GC.
	It is recommended to disable useCacheForAllThreads by setting -Dorg.apache.ratis.thirdparty.io.netty.allocator.useCacheForAllThreads=false in command line.
2021-10-21 00:13:37,110 [Listener at 127.0.0.1/34193] INFO  grpc.GrpcConfigKeys (ConfUtils.java:logGet(44)) - raft.grpc.admin.port = 0 (custom)
2021-10-21 00:13:37,110 [Listener at 127.0.0.1/34193] INFO  grpc.GrpcConfigKeys (ConfUtils.java:logGet(44)) - raft.grpc.client.port = 0 (custom)
2021-10-21 00:13:37,110 [Listener at 127.0.0.1/34193] INFO  grpc.GrpcConfigKeys (ConfUtils.java:logGet(44)) - raft.grpc.server.port = 0 (default)
2021-10-21 00:13:37,110 [Listener at 127.0.0.1/34193] INFO  server.GrpcService (ConfUtils.java:logGet(44)) - raft.grpc.message.size.max = 32MB (=33554432) (custom)
2021-10-21 00:13:37,110 [Listener at 127.0.0.1/34193] INFO  server.RaftServerConfigKeys (ConfUtils.java:logGet(44)) - raft.server.log.appender.buffer.byte-limit = 33554432 (custom)
2021-10-21 00:13:37,110 [Listener at 127.0.0.1/34193] INFO  server.GrpcService (ConfUtils.java:logGet(44)) - raft.grpc.flow.control.window = 5MB (=5242880) (custom)
2021-10-21 00:13:37,110 [Listener at 127.0.0.1/34193] INFO  server.RaftServerConfigKeys (ConfUtils.java:logGet(44)) - raft.server.rpc.request.timeout = 3000ms (default)
2021-10-21 00:13:37,120 [Listener at 127.0.0.1/34193] INFO  impl.DataStreamServerImpl (ConfUtils.java:logGet(44)) - raft.datastream.type = DISABLED (default)
2021-10-21 00:13:37,133 [Listener at 127.0.0.1/34193] INFO  server.RaftServerConfigKeys (ConfUtils.java:logGet(44)) - raft.server.rpc.slowness.timeout = 300000ms (custom)
2021-10-21 00:13:37,139 [Listener at 127.0.0.1/34193] INFO  server.RaftServerConfigKeys (ConfUtils.java:logGet(44)) - raft.server.leaderelection.leader.step-down.wait-time = 10s (default)
2021-10-21 00:13:37,139 [Listener at 127.0.0.1/34193] INFO  server.RaftServerConfigKeys (ConfUtils.java:logGet(44)) - raft.server.storage.dir = [/home/runner/work/ozone/ozone/hadoop-ozone/integration-test/target/test-dir/MiniOzoneClusterImpl-0ff56402-746c-4b46-aacb-40edab3b56db/datanode-3/data/ratis] (custom)
2021-10-21 00:13:37,199 [Listener at 127.0.0.1/34193] INFO  http.BaseHttpServer (BaseHttpServer.java:newHttpServer2BuilderForOzone(209)) - Starting Web-server for hddsDatanode at: http://0.0.0.0:0
2021-10-21 00:13:37,199 [Listener at 127.0.0.1/34193] INFO  http.BaseHttpServer (BaseHttpServer.java:<init>(107)) - Hadoop Security Enabled: false Ozone Security Enabled: false Ozone HTTP Security Enabled: false 
2021-10-21 00:13:37,200 [Listener at 127.0.0.1/34193] INFO  server.AuthenticationFilter (AuthenticationFilter.java:constructSecretProvider(240)) - Unable to initialize FileSignerSecretProvider, falling back to use random secrets.
2021-10-21 00:13:37,207 [Listener at 127.0.0.1/34193] WARN  http.HttpRequestLog (HttpRequestLog.java:getRequestLog(103)) - Jetty request log can only be enabled using Log4j
2021-10-21 00:13:37,208 [Listener at 127.0.0.1/34193] INFO  http.HttpServer2 (HttpServer2.java:addGlobalFilter(1030)) - Added global filter 'safety' (class=org.apache.hadoop.hdds.server.http.HttpServer2$QuotingInputFilter)
2021-10-21 00:13:37,208 [Listener at 127.0.0.1/34193] INFO  http.HttpServer2 (HttpServer2.java:addFilter(1006)) - Added filter static_user_filter (class=org.apache.hadoop.http.lib.StaticUserWebFilter$StaticUserFilter) to context hddsDatanode
2021-10-21 00:13:37,208 [Listener at 127.0.0.1/34193] INFO  http.HttpServer2 (HttpServer2.java:addFilter(1014)) - Added filter static_user_filter (class=org.apache.hadoop.http.lib.StaticUserWebFilter$StaticUserFilter) to context logs
2021-10-21 00:13:37,208 [Listener at 127.0.0.1/34193] INFO  http.HttpServer2 (HttpServer2.java:addFilter(1014)) - Added filter static_user_filter (class=org.apache.hadoop.http.lib.StaticUserWebFilter$StaticUserFilter) to context static
2021-10-21 00:13:37,209 [Listener at 127.0.0.1/34193] INFO  http.HttpServer2 (HttpServer2.java:bindListener(1249)) - Jetty bound to port 43293
2021-10-21 00:13:37,209 [Listener at 127.0.0.1/34193] INFO  server.Server (Server.java:doStart(375)) - jetty-9.4.43.v20210629; built: 2021-06-30T11:07:22.254Z; git: 526006ecfa3af7f1a27ef3a288e2bef7ea9dd7e8; jvm 1.8.0_292-b10
2021-10-21 00:13:37,311 [Listener at 127.0.0.1/34193] INFO  server.session (DefaultSessionIdManager.java:doStart(334)) - DefaultSessionIdManager workerName=node0
2021-10-21 00:13:37,311 [Listener at 127.0.0.1/34193] INFO  server.session (DefaultSessionIdManager.java:doStart(339)) - No SessionScavenger set, using defaults
2021-10-21 00:13:37,312 [Listener at 127.0.0.1/34193] INFO  server.session (HouseKeeper.java:startScavenging(132)) - node0 Scavenging every 600000ms
2021-10-21 00:13:37,354 [Listener at 127.0.0.1/34193] INFO  handler.ContextHandler (ContextHandler.java:doStart(915)) - Started o.e.j.s.ServletContextHandler@7ebbecaf{logs,/logs,file:///home/runner/work/ozone/ozone/hadoop-ozone/integration-test/target/log,AVAILABLE}
2021-10-21 00:13:37,355 [Listener at 127.0.0.1/34193] INFO  handler.ContextHandler (ContextHandler.java:doStart(915)) - Started o.e.j.s.ServletContextHandler@77b5aa9d{static,/static,jar:file:/home/runner/.m2/repository/org/apache/ozone/hdds-container-service/1.2.0-SNAPSHOT/hdds-container-service-1.2.0-SNAPSHOT.jar!/webapps/static,AVAILABLE}
2021-10-21 00:13:37,366 [EndpointStateMachine task thread for /0.0.0.0:35879 - 0 ] INFO  ozoneimpl.OzoneContainer (OzoneContainer.java:start(304)) - Attempting to start container services.
2021-10-21 00:13:37,367 [EndpointStateMachine task thread for /0.0.0.0:35879 - 0 ] INFO  ozoneimpl.OzoneContainer (OzoneContainer.java:startContainerScrub(249)) - Background container scanner has been disabled.
2021-10-21 00:13:37,375 [EndpointStateMachine task thread for /0.0.0.0:35879 - 0 ] INFO  replication.ReplicationServer (ReplicationServer.java:start(107)) - ReplicationServer is started using port 33539
2021-10-21 00:13:37,377 [EndpointStateMachine task thread for /0.0.0.0:35879 - 0 ] INFO  ratis.XceiverServerRatis (XceiverServerRatis.java:start(484)) - Starting XceiverServerRatis 385ed75d-b5f2-4976-82ca-03b327f31da0
2021-10-21 00:13:37,443 [EndpointStateMachine task thread for /0.0.0.0:35879 - 0 ] INFO  server.RaftServer (RaftServerProxy.java:lambda$start$5(374)) - 385ed75d-b5f2-4976-82ca-03b327f31da0: start RPC server
2021-10-21 00:13:37,463 [EndpointStateMachine task thread for /0.0.0.0:35879 - 0 ] INFO  server.GrpcService (GrpcService.java:startImpl(253)) - 385ed75d-b5f2-4976-82ca-03b327f31da0: GrpcService started, listening on 43801
2021-10-21 00:13:37,470 [EndpointStateMachine task thread for /0.0.0.0:35879 - 0 ] INFO  ratis.XceiverServerRatis (XceiverServerRatis.java:getRealPort(505)) - XceiverServerRatis 385ed75d-b5f2-4976-82ca-03b327f31da0 is started using port 43801 for RATIS
2021-10-21 00:13:37,470 [EndpointStateMachine task thread for /0.0.0.0:35879 - 0 ] INFO  ratis.XceiverServerRatis (XceiverServerRatis.java:getRealPort(505)) - XceiverServerRatis 385ed75d-b5f2-4976-82ca-03b327f31da0 is started using port 43801 for RATIS_ADMIN
2021-10-21 00:13:37,470 [EndpointStateMachine task thread for /0.0.0.0:35879 - 0 ] INFO  ratis.XceiverServerRatis (XceiverServerRatis.java:getRealPort(505)) - XceiverServerRatis 385ed75d-b5f2-4976-82ca-03b327f31da0 is started using port 43801 for RATIS_SERVER
2021-10-21 00:13:37,483 [EndpointStateMachine task thread for /0.0.0.0:35879 - 0 ] INFO  server.XceiverServerGrpc (XceiverServerGrpc.java:start(135)) - XceiverServerGrpc 385ed75d-b5f2-4976-82ca-03b327f31da0 is started using port 46065
2021-10-21 00:13:37,496 [org.apache.ratis.util.JvmPauseMonitor$$Lambda$531/1336496959@32a1ee6f] INFO  util.JvmPauseMonitor (JvmPauseMonitor.java:run(103)) - JvmPauseMonitor-385ed75d-b5f2-4976-82ca-03b327f31da0: Started
2021-10-21 00:13:37,542 [Listener at 127.0.0.1/34193] INFO  handler.ContextHandler (ContextHandler.java:doStart(915)) - Started o.e.j.w.WebAppContext@39afea83{hddsDatanode,/,file:///tmp/jetty-0_0_0_0-43293-hdds-container-service-1_2_0-SNAPSHOT_jar-_-any-1545796199815417176/webapp/,AVAILABLE}{jar:file:/home/runner/.m2/repository/org/apache/ozone/hdds-container-service/1.2.0-SNAPSHOT/hdds-container-service-1.2.0-SNAPSHOT.jar!/webapps/hddsDatanode}
2021-10-21 00:13:37,577 [Listener at 127.0.0.1/34193] INFO  server.AbstractConnector (AbstractConnector.java:doStart(331)) - Started ServerConnector@5b1c1442{HTTP/1.1, (http/1.1)}{0.0.0.0:43293}
2021-10-21 00:13:37,577 [Listener at 127.0.0.1/34193] INFO  server.Server (Server.java:doStart(415)) - Started @249571ms
2021-10-21 00:13:37,578 [Listener at 127.0.0.1/34193] WARN  impl.MetricsSystemImpl (MetricsSystemImpl.java:register(279)) - Sink prometheus already exists!
2021-10-21 00:13:37,585 [Listener at 127.0.0.1/34193] INFO  http.BaseHttpServer (BaseHttpServer.java:updateConnectorAddress(329)) - HTTP server of hddsDatanode listening at http://0.0.0.0:43293
2021-10-21 00:13:37,602 [Listener at 127.0.0.1/34193] WARN  impl.MetricRegistriesImpl (MetricRegistriesImpl.java:addReporterRegistration(111)) - New reporters are added after registries were created. Some metrics will be missing from the reporter. Please add reporter before adding any new registry.
2021-10-21 00:13:37,602 [Listener at 127.0.0.1/34193] WARN  impl.MetricRegistriesImpl (MetricRegistriesImpl.java:addReporterRegistration(111)) - New reporters are added after registries were created. Some metrics will be missing from the reporter. Please add reporter before adding any new registry.
2021-10-21 00:13:37,602 [Listener at 127.0.0.1/34193] INFO  impl.MetricsSystemImpl (MetricsSystemImpl.java:init(158)) - HddsDatanode metrics system started (again)
2021-10-21 00:13:37,615 [Datanode State Machine Thread - 0] INFO  statemachine.DatanodeStateMachine (DatanodeStateMachine.java:lambda$startDaemon$0(465)) - Ozone container server started.
2021-10-21 00:13:37,715 [org.apache.hadoop.util.JvmPauseMonitor$Monitor@2923a8b3] INFO  util.JvmPauseMonitor (JvmPauseMonitor.java:run(188)) - Starting JVM pause monitor
2021-10-21 00:13:37,735 [Listener at 127.0.0.1/34193] INFO  ozone.HddsDatanodeService (HddsDatanodeService.java:start(234)) - HddsDatanodeService host:fv-az395-87.zfmzfyrfkyou3ow0tsr0jxwq1e.bx.internal.cloudapp.net ip:10.1.0.21
2021-10-21 00:13:37,799 [Datanode State Machine Task Thread - 0] INFO  datanode.InitDatanodeState (InitDatanodeState.java:persistContainerDatanodeDetails(145)) - DatanodeDetails is persisted to /home/runner/work/ozone/ozone/hadoop-ozone/integration-test/target/test-dir/MiniOzoneClusterImpl-0ff56402-746c-4b46-aacb-40edab3b56db/datanode-3/meta/datanode.id
2021-10-21 00:13:37,857 [Listener at 127.0.0.1/34193] INFO  upgrade.AbstractLayoutVersionManager (AbstractLayoutVersionManager.java:init(79)) - Initializing Layout version manager with metadata layout = SCM_HA (version = 2), software layout = SCM_HA (version = 2)
2021-10-21 00:13:37,912 [EndpointStateMachine task thread for /0.0.0.0:35879 - 0 ] INFO  ozoneimpl.OzoneContainer (OzoneContainer.java:start(304)) - Attempting to start container services.
2021-10-21 00:13:37,913 [EndpointStateMachine task thread for /0.0.0.0:35879 - 0 ] INFO  ozoneimpl.OzoneContainer (OzoneContainer.java:startContainerScrub(249)) - Background container scanner has been disabled.
2021-10-21 00:13:37,923 [EndpointStateMachine task thread for /0.0.0.0:35879 - 0 ] INFO  replication.ReplicationServer (ReplicationServer.java:start(107)) - ReplicationServer is started using port 44429
2021-10-21 00:13:37,933 [EndpointStateMachine task thread for /0.0.0.0:35879 - 0 ] INFO  ratis.XceiverServerRatis (XceiverServerRatis.java:start(484)) - Starting XceiverServerRatis b064551b-1fe0-41a9-91d7-ea536b2590c0
2021-10-21 00:13:37,951 [EndpointStateMachine task thread for /0.0.0.0:35879 - 0 ] INFO  server.RaftServer (RaftServerProxy.java:lambda$start$5(374)) - b064551b-1fe0-41a9-91d7-ea536b2590c0: start RPC server
2021-10-21 00:13:37,955 [EndpointStateMachine task thread for /0.0.0.0:35879 - 0 ] INFO  server.GrpcService (GrpcService.java:startImpl(253)) - b064551b-1fe0-41a9-91d7-ea536b2590c0: GrpcService started, listening on 37069
2021-10-21 00:13:37,963 [EndpointStateMachine task thread for /0.0.0.0:35879 - 0 ] INFO  ratis.XceiverServerRatis (XceiverServerRatis.java:getRealPort(505)) - XceiverServerRatis b064551b-1fe0-41a9-91d7-ea536b2590c0 is started using port 37069 for RATIS
2021-10-21 00:13:37,963 [EndpointStateMachine task thread for /0.0.0.0:35879 - 0 ] INFO  ratis.XceiverServerRatis (XceiverServerRatis.java:getRealPort(505)) - XceiverServerRatis b064551b-1fe0-41a9-91d7-ea536b2590c0 is started using port 37069 for RATIS_ADMIN
2021-10-21 00:13:37,963 [EndpointStateMachine task thread for /0.0.0.0:35879 - 0 ] INFO  ratis.XceiverServerRatis (XceiverServerRatis.java:getRealPort(505)) - XceiverServerRatis b064551b-1fe0-41a9-91d7-ea536b2590c0 is started using port 37069 for RATIS_SERVER
2021-10-21 00:13:37,990 [EndpointStateMachine task thread for /0.0.0.0:35879 - 0 ] INFO  server.XceiverServerGrpc (XceiverServerGrpc.java:start(135)) - XceiverServerGrpc b064551b-1fe0-41a9-91d7-ea536b2590c0 is started using port 39421
2021-10-21 00:13:38,033 [org.apache.ratis.util.JvmPauseMonitor$$Lambda$531/1336496959@39c891f8] INFO  util.JvmPauseMonitor (JvmPauseMonitor.java:run(103)) - JvmPauseMonitor-b064551b-1fe0-41a9-91d7-ea536b2590c0: Started
2021-10-21 00:13:38,058 [Listener at 127.0.0.1/34193] INFO  reflections.Reflections (Reflections.java:scan(232)) - Reflections took 199 ms to scan 7 urls, producing 119 keys and 279 values 
2021-10-21 00:13:38,072 [Listener at 127.0.0.1/34193] INFO  volume.HddsVolume (HddsVolume.java:<init>(120)) - Creating HddsVolume: /home/runner/work/ozone/ozone/hadoop-ozone/integration-test/target/test-dir/MiniOzoneClusterImpl-0ff56402-746c-4b46-aacb-40edab3b56db/datanode-4/data-0/containers/hdds of storage type : DISK capacity : 9223372036854775807
2021-10-21 00:13:38,073 [Listener at 127.0.0.1/34193] INFO  volume.MutableVolumeSet (MutableVolumeSet.java:initializeVolumeSet(168)) - Added Volume : /home/runner/work/ozone/ozone/hadoop-ozone/integration-test/target/test-dir/MiniOzoneClusterImpl-0ff56402-746c-4b46-aacb-40edab3b56db/datanode-4/data-0/containers/hdds to VolumeSet
2021-10-21 00:13:38,073 [Listener at 127.0.0.1/34193] INFO  volume.ThrottledAsyncChecker (ThrottledAsyncChecker.java:schedule(141)) - Scheduling a check for /home/runner/work/ozone/ozone/hadoop-ozone/integration-test/target/test-dir/MiniOzoneClusterImpl-0ff56402-746c-4b46-aacb-40edab3b56db/datanode-4/data-0/containers/hdds
2021-10-21 00:13:38,081 [Listener at 127.0.0.1/34193] INFO  volume.StorageVolumeChecker (StorageVolumeChecker.java:checkAllVolumes(202)) - Scheduled health check for volume /home/runner/work/ozone/ozone/hadoop-ozone/integration-test/target/test-dir/MiniOzoneClusterImpl-0ff56402-746c-4b46-aacb-40edab3b56db/datanode-4/data-0/containers/hdds
2021-10-21 00:13:38,256 [Listener at 127.0.0.1/34193] INFO  volume.MutableVolumeSet (MutableVolumeSet.java:initializeVolumeSet(168)) - Added Volume : /home/runner/work/ozone/ozone/hadoop-ozone/integration-test/target/test-dir/MiniOzoneClusterImpl-0ff56402-746c-4b46-aacb-40edab3b56db/datanode-4/data/ratis to VolumeSet
2021-10-21 00:13:38,262 [Listener at 127.0.0.1/34193] INFO  volume.ThrottledAsyncChecker (ThrottledAsyncChecker.java:schedule(141)) - Scheduling a check for /home/runner/work/ozone/ozone/hadoop-ozone/integration-test/target/test-dir/MiniOzoneClusterImpl-0ff56402-746c-4b46-aacb-40edab3b56db/datanode-4/data/ratis
2021-10-21 00:13:38,287 [Listener at 127.0.0.1/34193] INFO  volume.StorageVolumeChecker (StorageVolumeChecker.java:checkAllVolumes(202)) - Scheduled health check for volume /home/runner/work/ozone/ozone/hadoop-ozone/integration-test/target/test-dir/MiniOzoneClusterImpl-0ff56402-746c-4b46-aacb-40edab3b56db/datanode-4/data/ratis
2021-10-21 00:13:38,362 [Thread-1797] INFO  ozoneimpl.ContainerReader (ContainerReader.java:readVolume(172)) - Finish verifying containers on volume /home/runner/work/ozone/ozone/hadoop-ozone/integration-test/target/test-dir/MiniOzoneClusterImpl-0ff56402-746c-4b46-aacb-40edab3b56db/datanode-4/data-0/containers/hdds
2021-10-21 00:13:38,362 [Listener at 127.0.0.1/34193] INFO  ozoneimpl.OzoneContainer (OzoneContainer.java:buildContainerSet(236)) - Build ContainerSet costs 0s
2021-10-21 00:13:38,364 [Listener at 127.0.0.1/34193] INFO  server.RaftServer (ConfUtils.java:logGet(44)) - raft.rpc.type = GRPC (default)
2021-10-21 00:13:38,364 [Listener at 127.0.0.1/34193] INFO  grpc.GrpcFactory (GrpcFactory.java:checkPooledByteBufAllocatorUseCacheForAllThreads(48)) - PERFORMANCE WARNING: useCacheForAllThreads is true that may cause Netty to create a lot garbage objects and, as a result, trigger GC.
	It is recommended to disable useCacheForAllThreads by setting -Dorg.apache.ratis.thirdparty.io.netty.allocator.useCacheForAllThreads=false in command line.
2021-10-21 00:13:38,364 [Listener at 127.0.0.1/34193] INFO  grpc.GrpcConfigKeys (ConfUtils.java:logGet(44)) - raft.grpc.admin.port = 0 (custom)
2021-10-21 00:13:38,364 [Listener at 127.0.0.1/34193] INFO  grpc.GrpcConfigKeys (ConfUtils.java:logGet(44)) - raft.grpc.client.port = 0 (custom)
2021-10-21 00:13:38,365 [Listener at 127.0.0.1/34193] INFO  grpc.GrpcConfigKeys (ConfUtils.java:logGet(44)) - raft.grpc.server.port = 0 (default)
2021-10-21 00:13:38,365 [Listener at 127.0.0.1/34193] INFO  server.GrpcService (ConfUtils.java:logGet(44)) - raft.grpc.message.size.max = 32MB (=33554432) (custom)
2021-10-21 00:13:38,365 [Listener at 127.0.0.1/34193] INFO  server.RaftServerConfigKeys (ConfUtils.java:logGet(44)) - raft.server.log.appender.buffer.byte-limit = 33554432 (custom)
2021-10-21 00:13:38,365 [Listener at 127.0.0.1/34193] INFO  server.GrpcService (ConfUtils.java:logGet(44)) - raft.grpc.flow.control.window = 5MB (=5242880) (custom)
2021-10-21 00:13:38,365 [Listener at 127.0.0.1/34193] INFO  server.RaftServerConfigKeys (ConfUtils.java:logGet(44)) - raft.server.rpc.request.timeout = 3000ms (default)
2021-10-21 00:13:38,366 [Listener at 127.0.0.1/34193] INFO  impl.DataStreamServerImpl (ConfUtils.java:logGet(44)) - raft.datastream.type = DISABLED (default)
2021-10-21 00:13:38,366 [Listener at 127.0.0.1/34193] INFO  server.RaftServerConfigKeys (ConfUtils.java:logGet(44)) - raft.server.rpc.slowness.timeout = 300000ms (custom)
2021-10-21 00:13:38,367 [Listener at 127.0.0.1/34193] INFO  server.RaftServerConfigKeys (ConfUtils.java:logGet(44)) - raft.server.leaderelection.leader.step-down.wait-time = 10s (default)
2021-10-21 00:13:38,367 [Listener at 127.0.0.1/34193] INFO  server.RaftServerConfigKeys (ConfUtils.java:logGet(44)) - raft.server.storage.dir = [/home/runner/work/ozone/ozone/hadoop-ozone/integration-test/target/test-dir/MiniOzoneClusterImpl-0ff56402-746c-4b46-aacb-40edab3b56db/datanode-4/data/ratis] (custom)
2021-10-21 00:13:38,370 [Listener at 127.0.0.1/34193] INFO  http.BaseHttpServer (BaseHttpServer.java:newHttpServer2BuilderForOzone(209)) - Starting Web-server for hddsDatanode at: http://0.0.0.0:0
2021-10-21 00:13:38,370 [Listener at 127.0.0.1/34193] INFO  http.BaseHttpServer (BaseHttpServer.java:<init>(107)) - Hadoop Security Enabled: false Ozone Security Enabled: false Ozone HTTP Security Enabled: false 
2021-10-21 00:13:38,371 [Listener at 127.0.0.1/34193] INFO  server.AuthenticationFilter (AuthenticationFilter.java:constructSecretProvider(240)) - Unable to initialize FileSignerSecretProvider, falling back to use random secrets.
2021-10-21 00:13:38,371 [Listener at 127.0.0.1/34193] WARN  http.HttpRequestLog (HttpRequestLog.java:getRequestLog(103)) - Jetty request log can only be enabled using Log4j
2021-10-21 00:13:38,372 [Listener at 127.0.0.1/34193] INFO  http.HttpServer2 (HttpServer2.java:addGlobalFilter(1030)) - Added global filter 'safety' (class=org.apache.hadoop.hdds.server.http.HttpServer2$QuotingInputFilter)
2021-10-21 00:13:38,372 [Listener at 127.0.0.1/34193] INFO  http.HttpServer2 (HttpServer2.java:addFilter(1006)) - Added filter static_user_filter (class=org.apache.hadoop.http.lib.StaticUserWebFilter$StaticUserFilter) to context hddsDatanode
2021-10-21 00:13:38,372 [Listener at 127.0.0.1/34193] INFO  http.HttpServer2 (HttpServer2.java:addFilter(1014)) - Added filter static_user_filter (class=org.apache.hadoop.http.lib.StaticUserWebFilter$StaticUserFilter) to context static
2021-10-21 00:13:38,373 [Listener at 127.0.0.1/34193] INFO  http.HttpServer2 (HttpServer2.java:addFilter(1014)) - Added filter static_user_filter (class=org.apache.hadoop.http.lib.StaticUserWebFilter$StaticUserFilter) to context logs
2021-10-21 00:13:38,373 [Listener at 127.0.0.1/34193] INFO  http.HttpServer2 (HttpServer2.java:bindListener(1249)) - Jetty bound to port 40847
2021-10-21 00:13:38,373 [Listener at 127.0.0.1/34193] INFO  server.Server (Server.java:doStart(375)) - jetty-9.4.43.v20210629; built: 2021-06-30T11:07:22.254Z; git: 526006ecfa3af7f1a27ef3a288e2bef7ea9dd7e8; jvm 1.8.0_292-b10
2021-10-21 00:13:38,374 [Listener at 127.0.0.1/34193] INFO  server.session (DefaultSessionIdManager.java:doStart(334)) - DefaultSessionIdManager workerName=node0
2021-10-21 00:13:38,374 [Listener at 127.0.0.1/34193] INFO  server.session (DefaultSessionIdManager.java:doStart(339)) - No SessionScavenger set, using defaults
2021-10-21 00:13:38,374 [Listener at 127.0.0.1/34193] INFO  server.session (HouseKeeper.java:startScavenging(132)) - node0 Scavenging every 660000ms
2021-10-21 00:13:38,390 [Listener at 127.0.0.1/34193] INFO  handler.ContextHandler (ContextHandler.java:doStart(915)) - Started o.e.j.s.ServletContextHandler@61868078{logs,/logs,file:///home/runner/work/ozone/ozone/hadoop-ozone/integration-test/target/log,AVAILABLE}
2021-10-21 00:13:38,390 [Listener at 127.0.0.1/34193] INFO  handler.ContextHandler (ContextHandler.java:doStart(915)) - Started o.e.j.s.ServletContextHandler@324bd8b6{static,/static,jar:file:/home/runner/.m2/repository/org/apache/ozone/hdds-container-service/1.2.0-SNAPSHOT/hdds-container-service-1.2.0-SNAPSHOT.jar!/webapps/static,AVAILABLE}
2021-10-21 00:13:38,484 [Listener at 127.0.0.1/34193] INFO  handler.ContextHandler (ContextHandler.java:doStart(915)) - Started o.e.j.w.WebAppContext@34b666f3{hddsDatanode,/,file:///tmp/jetty-0_0_0_0-40847-hdds-container-service-1_2_0-SNAPSHOT_jar-_-any-912941567784447692/webapp/,AVAILABLE}{jar:file:/home/runner/.m2/repository/org/apache/ozone/hdds-container-service/1.2.0-SNAPSHOT/hdds-container-service-1.2.0-SNAPSHOT.jar!/webapps/hddsDatanode}
2021-10-21 00:13:38,523 [Listener at 127.0.0.1/34193] INFO  server.AbstractConnector (AbstractConnector.java:doStart(331)) - Started ServerConnector@59c57449{HTTP/1.1, (http/1.1)}{0.0.0.0:40847}
2021-10-21 00:13:38,523 [Listener at 127.0.0.1/34193] INFO  server.Server (Server.java:doStart(415)) - Started @250517ms
2021-10-21 00:13:38,527 [Listener at 127.0.0.1/34193] WARN  impl.MetricsSystemImpl (MetricsSystemImpl.java:register(279)) - Sink prometheus already exists!
2021-10-21 00:13:38,529 [Listener at 127.0.0.1/34193] INFO  http.BaseHttpServer (BaseHttpServer.java:updateConnectorAddress(329)) - HTTP server of hddsDatanode listening at http://0.0.0.0:40847
2021-10-21 00:13:38,534 [Listener at 127.0.0.1/34193] WARN  impl.MetricRegistriesImpl (MetricRegistriesImpl.java:addReporterRegistration(111)) - New reporters are added after registries were created. Some metrics will be missing from the reporter. Please add reporter before adding any new registry.
2021-10-21 00:13:38,537 [Listener at 127.0.0.1/34193] WARN  impl.MetricRegistriesImpl (MetricRegistriesImpl.java:addReporterRegistration(111)) - New reporters are added after registries were created. Some metrics will be missing from the reporter. Please add reporter before adding any new registry.
2021-10-21 00:13:38,537 [Listener at 127.0.0.1/34193] INFO  impl.MetricsSystemImpl (MetricsSystemImpl.java:init(158)) - HddsDatanode metrics system started (again)
2021-10-21 00:13:38,558 [Datanode State Machine Thread - 0] INFO  statemachine.DatanodeStateMachine (DatanodeStateMachine.java:lambda$startDaemon$0(465)) - Ozone container server started.
2021-10-21 00:13:38,583 [org.apache.hadoop.util.JvmPauseMonitor$Monitor@6d00bd6a] INFO  util.JvmPauseMonitor (JvmPauseMonitor.java:run(188)) - Starting JVM pause monitor
2021-10-21 00:13:38,635 [Datanode State Machine Task Thread - 0] INFO  datanode.InitDatanodeState (InitDatanodeState.java:persistContainerDatanodeDetails(145)) - DatanodeDetails is persisted to /home/runner/work/ozone/ozone/hadoop-ozone/integration-test/target/test-dir/MiniOzoneClusterImpl-0ff56402-746c-4b46-aacb-40edab3b56db/datanode-4/meta/datanode.id
2021-10-21 00:13:38,650 [Listener at 127.0.0.1/34193] INFO  ozone.HddsDatanodeService (HddsDatanodeService.java:start(234)) - HddsDatanodeService host:fv-az395-87.zfmzfyrfkyou3ow0tsr0jxwq1e.bx.internal.cloudapp.net ip:10.1.0.21
2021-10-21 00:13:38,675 [EndpointStateMachine task thread for /0.0.0.0:35879 - 0 ] INFO  ozoneimpl.OzoneContainer (OzoneContainer.java:start(304)) - Attempting to start container services.
2021-10-21 00:13:38,675 [EndpointStateMachine task thread for /0.0.0.0:35879 - 0 ] INFO  ozoneimpl.OzoneContainer (OzoneContainer.java:startContainerScrub(249)) - Background container scanner has been disabled.
2021-10-21 00:13:38,676 [EndpointStateMachine task thread for /0.0.0.0:35879 - 0 ] INFO  replication.ReplicationServer (ReplicationServer.java:start(107)) - ReplicationServer is started using port 43167
2021-10-21 00:13:38,711 [EndpointStateMachine task thread for /0.0.0.0:35879 - 0 ] INFO  ratis.XceiverServerRatis (XceiverServerRatis.java:start(484)) - Starting XceiverServerRatis 43a8bf6a-c132-4b01-9df6-8da121d8da0e
2021-10-21 00:13:38,715 [EndpointStateMachine task thread for /0.0.0.0:35879 - 0 ] INFO  server.RaftServer (RaftServerProxy.java:lambda$start$5(374)) - 43a8bf6a-c132-4b01-9df6-8da121d8da0e: start RPC server
2021-10-21 00:13:38,716 [EndpointStateMachine task thread for /0.0.0.0:35879 - 0 ] INFO  server.GrpcService (GrpcService.java:startImpl(253)) - 43a8bf6a-c132-4b01-9df6-8da121d8da0e: GrpcService started, listening on 44683
2021-10-21 00:13:38,719 [Listener at 127.0.0.1/34193] INFO  upgrade.AbstractLayoutVersionManager (AbstractLayoutVersionManager.java:init(79)) - Initializing Layout version manager with metadata layout = SCM_HA (version = 2), software layout = SCM_HA (version = 2)
2021-10-21 00:13:38,762 [EndpointStateMachine task thread for /0.0.0.0:35879 - 0 ] INFO  ratis.XceiverServerRatis (XceiverServerRatis.java:getRealPort(505)) - XceiverServerRatis 43a8bf6a-c132-4b01-9df6-8da121d8da0e is started using port 44683 for RATIS
2021-10-21 00:13:38,762 [EndpointStateMachine task thread for /0.0.0.0:35879 - 0 ] INFO  ratis.XceiverServerRatis (XceiverServerRatis.java:getRealPort(505)) - XceiverServerRatis 43a8bf6a-c132-4b01-9df6-8da121d8da0e is started using port 44683 for RATIS_ADMIN
2021-10-21 00:13:38,762 [EndpointStateMachine task thread for /0.0.0.0:35879 - 0 ] INFO  ratis.XceiverServerRatis (XceiverServerRatis.java:getRealPort(505)) - XceiverServerRatis 43a8bf6a-c132-4b01-9df6-8da121d8da0e is started using port 44683 for RATIS_SERVER
2021-10-21 00:13:38,763 [EndpointStateMachine task thread for /0.0.0.0:35879 - 0 ] INFO  server.XceiverServerGrpc (XceiverServerGrpc.java:start(135)) - XceiverServerGrpc 43a8bf6a-c132-4b01-9df6-8da121d8da0e is started using port 44545
2021-10-21 00:13:38,802 [org.apache.ratis.util.JvmPauseMonitor$$Lambda$531/1336496959@2b93a648] INFO  util.JvmPauseMonitor (JvmPauseMonitor.java:run(103)) - JvmPauseMonitor-43a8bf6a-c132-4b01-9df6-8da121d8da0e: Started
2021-10-21 00:13:38,934 [Listener at 127.0.0.1/34193] INFO  reflections.Reflections (Reflections.java:scan(232)) - Reflections took 214 ms to scan 7 urls, producing 119 keys and 279 values 
2021-10-21 00:13:38,960 [Listener at 127.0.0.1/34193] INFO  volume.HddsVolume (HddsVolume.java:<init>(120)) - Creating HddsVolume: /home/runner/work/ozone/ozone/hadoop-ozone/integration-test/target/test-dir/MiniOzoneClusterImpl-0ff56402-746c-4b46-aacb-40edab3b56db/datanode-5/data-0/containers/hdds of storage type : DISK capacity : 9223372036854775807
2021-10-21 00:13:38,961 [Listener at 127.0.0.1/34193] INFO  volume.MutableVolumeSet (MutableVolumeSet.java:initializeVolumeSet(168)) - Added Volume : /home/runner/work/ozone/ozone/hadoop-ozone/integration-test/target/test-dir/MiniOzoneClusterImpl-0ff56402-746c-4b46-aacb-40edab3b56db/datanode-5/data-0/containers/hdds to VolumeSet
2021-10-21 00:13:38,961 [Listener at 127.0.0.1/34193] INFO  volume.ThrottledAsyncChecker (ThrottledAsyncChecker.java:schedule(141)) - Scheduling a check for /home/runner/work/ozone/ozone/hadoop-ozone/integration-test/target/test-dir/MiniOzoneClusterImpl-0ff56402-746c-4b46-aacb-40edab3b56db/datanode-5/data-0/containers/hdds
2021-10-21 00:13:38,977 [Listener at 127.0.0.1/34193] INFO  volume.StorageVolumeChecker (StorageVolumeChecker.java:checkAllVolumes(202)) - Scheduled health check for volume /home/runner/work/ozone/ozone/hadoop-ozone/integration-test/target/test-dir/MiniOzoneClusterImpl-0ff56402-746c-4b46-aacb-40edab3b56db/datanode-5/data-0/containers/hdds
2021-10-21 00:13:39,037 [Listener at 127.0.0.1/34193] INFO  volume.MutableVolumeSet (MutableVolumeSet.java:initializeVolumeSet(168)) - Added Volume : /home/runner/work/ozone/ozone/hadoop-ozone/integration-test/target/test-dir/MiniOzoneClusterImpl-0ff56402-746c-4b46-aacb-40edab3b56db/datanode-5/data/ratis to VolumeSet
2021-10-21 00:13:39,038 [Listener at 127.0.0.1/34193] INFO  volume.ThrottledAsyncChecker (ThrottledAsyncChecker.java:schedule(141)) - Scheduling a check for /home/runner/work/ozone/ozone/hadoop-ozone/integration-test/target/test-dir/MiniOzoneClusterImpl-0ff56402-746c-4b46-aacb-40edab3b56db/datanode-5/data/ratis
2021-10-21 00:13:39,038 [Listener at 127.0.0.1/34193] INFO  volume.StorageVolumeChecker (StorageVolumeChecker.java:checkAllVolumes(202)) - Scheduled health check for volume /home/runner/work/ozone/ozone/hadoop-ozone/integration-test/target/test-dir/MiniOzoneClusterImpl-0ff56402-746c-4b46-aacb-40edab3b56db/datanode-5/data/ratis
2021-10-21 00:13:39,081 [Thread-1812] INFO  ozoneimpl.ContainerReader (ContainerReader.java:readVolume(172)) - Finish verifying containers on volume /home/runner/work/ozone/ozone/hadoop-ozone/integration-test/target/test-dir/MiniOzoneClusterImpl-0ff56402-746c-4b46-aacb-40edab3b56db/datanode-5/data-0/containers/hdds
2021-10-21 00:13:39,081 [Listener at 127.0.0.1/34193] INFO  ozoneimpl.OzoneContainer (OzoneContainer.java:buildContainerSet(236)) - Build ContainerSet costs 0s
2021-10-21 00:13:39,083 [Listener at 127.0.0.1/34193] INFO  server.RaftServer (ConfUtils.java:logGet(44)) - raft.rpc.type = GRPC (default)
2021-10-21 00:13:39,084 [Listener at 127.0.0.1/34193] INFO  grpc.GrpcFactory (GrpcFactory.java:checkPooledByteBufAllocatorUseCacheForAllThreads(48)) - PERFORMANCE WARNING: useCacheForAllThreads is true that may cause Netty to create a lot garbage objects and, as a result, trigger GC.
	It is recommended to disable useCacheForAllThreads by setting -Dorg.apache.ratis.thirdparty.io.netty.allocator.useCacheForAllThreads=false in command line.
2021-10-21 00:13:39,084 [Listener at 127.0.0.1/34193] INFO  grpc.GrpcConfigKeys (ConfUtils.java:logGet(44)) - raft.grpc.admin.port = 0 (custom)
2021-10-21 00:13:39,084 [Listener at 127.0.0.1/34193] INFO  grpc.GrpcConfigKeys (ConfUtils.java:logGet(44)) - raft.grpc.client.port = 0 (custom)
2021-10-21 00:13:39,085 [Listener at 127.0.0.1/34193] INFO  grpc.GrpcConfigKeys (ConfUtils.java:logGet(44)) - raft.grpc.server.port = 0 (default)
2021-10-21 00:13:39,085 [Listener at 127.0.0.1/34193] INFO  server.GrpcService (ConfUtils.java:logGet(44)) - raft.grpc.message.size.max = 32MB (=33554432) (custom)
2021-10-21 00:13:39,085 [Listener at 127.0.0.1/34193] INFO  server.RaftServerConfigKeys (ConfUtils.java:logGet(44)) - raft.server.log.appender.buffer.byte-limit = 33554432 (custom)
2021-10-21 00:13:39,085 [Listener at 127.0.0.1/34193] INFO  server.GrpcService (ConfUtils.java:logGet(44)) - raft.grpc.flow.control.window = 5MB (=5242880) (custom)
2021-10-21 00:13:39,085 [Listener at 127.0.0.1/34193] INFO  server.RaftServerConfigKeys (ConfUtils.java:logGet(44)) - raft.server.rpc.request.timeout = 3000ms (default)
2021-10-21 00:13:39,088 [Listener at 127.0.0.1/34193] INFO  impl.DataStreamServerImpl (ConfUtils.java:logGet(44)) - raft.datastream.type = DISABLED (default)
2021-10-21 00:13:39,088 [Listener at 127.0.0.1/34193] INFO  server.RaftServerConfigKeys (ConfUtils.java:logGet(44)) - raft.server.rpc.slowness.timeout = 300000ms (custom)
2021-10-21 00:13:39,088 [Listener at 127.0.0.1/34193] INFO  server.RaftServerConfigKeys (ConfUtils.java:logGet(44)) - raft.server.leaderelection.leader.step-down.wait-time = 10s (default)
2021-10-21 00:13:39,088 [Listener at 127.0.0.1/34193] INFO  server.RaftServerConfigKeys (ConfUtils.java:logGet(44)) - raft.server.storage.dir = [/home/runner/work/ozone/ozone/hadoop-ozone/integration-test/target/test-dir/MiniOzoneClusterImpl-0ff56402-746c-4b46-aacb-40edab3b56db/datanode-5/data/ratis] (custom)
2021-10-21 00:13:39,099 [IPC Server handler 1 on default port 35879] INFO  net.NetworkTopologyImpl (NetworkTopologyImpl.java:add(112)) - Added a new node: /default-rack/385ed75d-b5f2-4976-82ca-03b327f31da0
2021-10-21 00:13:39,099 [IPC Server handler 1 on default port 35879] INFO  node.SCMNodeManager (SCMNodeManager.java:register(389)) - Registered Data node : 385ed75d-b5f2-4976-82ca-03b327f31da0{ip: 10.1.0.21, host: fv-az395-87.zfmzfyrfkyou3ow0tsr0jxwq1e.bx.internal.cloudapp.net, ports: [REPLICATION=33539, RATIS=43801, RATIS_ADMIN=43801, RATIS_SERVER=43801, STANDALONE=46065], networkLocation: /default-rack, certSerialId: null, persistedOpState: null, persistedOpStateExpiryEpochSec: 0}
2021-10-21 00:13:39,102 [EventQueue-NodeRegistrationContainerReportForDataNodeSafeModeRule] INFO  safemode.SCMSafeModeManager (DataNodeSafeModeRule.java:process(71)) - SCM in safe mode. 1 DataNodes registered, 3 required.
2021-10-21 00:13:39,103 [EventQueue-NodeRegistrationContainerReportForContainerSafeModeRule] INFO  safemode.SCMSafeModeManager (SCMSafeModeManager.java:validateSafeModeExitRules(204)) - ContainerSafeModeRule rule is successfully validated
2021-10-21 00:13:39,177 [EventQueue-NewNodeForNewNodeHandler] INFO  pipeline.BackgroundPipelineCreator (BackgroundPipelineCreator.java:notifyEventTriggered(285)) - trigger a one-shot run on RatisPipelineUtilsThread.
2021-10-21 00:13:39,177 [EventQueue-PipelineReportForOneReplicaPipelineSafeModeRule] INFO  safemode.SCMSafeModeManager (SCMSafeModeManager.java:validateSafeModeExitRules(204)) - AtleastOneDatanodeReportedRule rule is successfully validated
2021-10-21 00:13:39,179 [Listener at 127.0.0.1/34193] INFO  http.BaseHttpServer (BaseHttpServer.java:newHttpServer2BuilderForOzone(209)) - Starting Web-server for hddsDatanode at: http://0.0.0.0:0
2021-10-21 00:13:39,179 [Listener at 127.0.0.1/34193] INFO  http.BaseHttpServer (BaseHttpServer.java:<init>(107)) - Hadoop Security Enabled: false Ozone Security Enabled: false Ozone HTTP Security Enabled: false 
2021-10-21 00:13:39,222 [Listener at 127.0.0.1/34193] INFO  server.AuthenticationFilter (AuthenticationFilter.java:constructSecretProvider(240)) - Unable to initialize FileSignerSecretProvider, falling back to use random secrets.
2021-10-21 00:13:39,222 [RatisPipelineUtilsThread - 0] INFO  pipeline.RatisPipelineProvider (RatisPipelineProvider.java:lambda$create$0(183)) - Sending CreatePipelineCommand for pipeline:PipelineID=a9903480-2b87-4623-a617-341cd129dceb to datanode:385ed75d-b5f2-4976-82ca-03b327f31da0
2021-10-21 00:13:39,226 [Listener at 127.0.0.1/34193] WARN  http.HttpRequestLog (HttpRequestLog.java:getRequestLog(103)) - Jetty request log can only be enabled using Log4j
2021-10-21 00:13:39,227 [Listener at 127.0.0.1/34193] INFO  http.HttpServer2 (HttpServer2.java:addGlobalFilter(1030)) - Added global filter 'safety' (class=org.apache.hadoop.hdds.server.http.HttpServer2$QuotingInputFilter)
2021-10-21 00:13:39,227 [Listener at 127.0.0.1/34193] INFO  http.HttpServer2 (HttpServer2.java:addFilter(1006)) - Added filter static_user_filter (class=org.apache.hadoop.http.lib.StaticUserWebFilter$StaticUserFilter) to context hddsDatanode
2021-10-21 00:13:39,227 [Listener at 127.0.0.1/34193] INFO  http.HttpServer2 (HttpServer2.java:addFilter(1014)) - Added filter static_user_filter (class=org.apache.hadoop.http.lib.StaticUserWebFilter$StaticUserFilter) to context static
2021-10-21 00:13:39,228 [Listener at 127.0.0.1/34193] INFO  http.HttpServer2 (HttpServer2.java:addFilter(1014)) - Added filter static_user_filter (class=org.apache.hadoop.http.lib.StaticUserWebFilter$StaticUserFilter) to context logs
2021-10-21 00:13:39,228 [Listener at 127.0.0.1/34193] INFO  http.HttpServer2 (HttpServer2.java:bindListener(1249)) - Jetty bound to port 36099
2021-10-21 00:13:39,228 [Listener at 127.0.0.1/34193] INFO  server.Server (Server.java:doStart(375)) - jetty-9.4.43.v20210629; built: 2021-06-30T11:07:22.254Z; git: 526006ecfa3af7f1a27ef3a288e2bef7ea9dd7e8; jvm 1.8.0_292-b10
2021-10-21 00:13:39,247 [RatisPipelineUtilsThread - 0] INFO  pipeline.PipelineStateManagerImpl (PipelineStateManagerImpl.java:addPipeline(101)) - Created pipeline Pipeline[ Id: a9903480-2b87-4623-a617-341cd129dceb, Nodes: 385ed75d-b5f2-4976-82ca-03b327f31da0{ip: 10.1.0.21, host: fv-az395-87.zfmzfyrfkyou3ow0tsr0jxwq1e.bx.internal.cloudapp.net, ports: [REPLICATION=33539, RATIS=43801, RATIS_ADMIN=43801, RATIS_SERVER=43801, STANDALONE=46065], networkLocation: /default-rack, certSerialId: null, persistedOpState: IN_SERVICE, persistedOpStateExpiryEpochSec: 0}, ReplicationConfig: RATIS/ONE, State:ALLOCATED, leaderId:, CreationTimestamp2021-10-21T00:13:39.222Z[Etc/UTC]].
2021-10-21 00:13:39,248 [Listener at 127.0.0.1/34193] INFO  server.session (DefaultSessionIdManager.java:doStart(334)) - DefaultSessionIdManager workerName=node0
2021-10-21 00:13:39,249 [Listener at 127.0.0.1/34193] INFO  server.session (DefaultSessionIdManager.java:doStart(339)) - No SessionScavenger set, using defaults
2021-10-21 00:13:39,249 [Listener at 127.0.0.1/34193] INFO  server.session (HouseKeeper.java:startScavenging(132)) - node0 Scavenging every 600000ms
2021-10-21 00:13:39,249 [Listener at 127.0.0.1/34193] INFO  handler.ContextHandler (ContextHandler.java:doStart(915)) - Started o.e.j.s.ServletContextHandler@6ff3e32c{logs,/logs,file:///home/runner/work/ozone/ozone/hadoop-ozone/integration-test/target/log,AVAILABLE}
2021-10-21 00:13:39,250 [Listener at 127.0.0.1/34193] INFO  handler.ContextHandler (ContextHandler.java:doStart(915)) - Started o.e.j.s.ServletContextHandler@49b207e9{static,/static,jar:file:/home/runner/.m2/repository/org/apache/ozone/hdds-container-service/1.2.0-SNAPSHOT/hdds-container-service-1.2.0-SNAPSHOT.jar!/webapps/static,AVAILABLE}
2021-10-21 00:13:39,407 [Listener at 127.0.0.1/34193] INFO  handler.ContextHandler (ContextHandler.java:doStart(915)) - Started o.e.j.w.WebAppContext@24fa96f5{hddsDatanode,/,file:///tmp/jetty-0_0_0_0-36099-hdds-container-service-1_2_0-SNAPSHOT_jar-_-any-1625807762362972075/webapp/,AVAILABLE}{jar:file:/home/runner/.m2/repository/org/apache/ozone/hdds-container-service/1.2.0-SNAPSHOT/hdds-container-service-1.2.0-SNAPSHOT.jar!/webapps/hddsDatanode}
2021-10-21 00:13:39,431 [Listener at 127.0.0.1/34193] INFO  server.AbstractConnector (AbstractConnector.java:doStart(331)) - Started ServerConnector@77f12973{HTTP/1.1, (http/1.1)}{0.0.0.0:36099}
2021-10-21 00:13:39,435 [Listener at 127.0.0.1/34193] INFO  server.Server (Server.java:doStart(415)) - Started @251429ms
2021-10-21 00:13:39,435 [Listener at 127.0.0.1/34193] WARN  impl.MetricsSystemImpl (MetricsSystemImpl.java:register(279)) - Sink prometheus already exists!
2021-10-21 00:13:39,436 [Listener at 127.0.0.1/34193] INFO  http.BaseHttpServer (BaseHttpServer.java:updateConnectorAddress(329)) - HTTP server of hddsDatanode listening at http://0.0.0.0:36099
2021-10-21 00:13:39,439 [Listener at 127.0.0.1/34193] WARN  impl.MetricRegistriesImpl (MetricRegistriesImpl.java:addReporterRegistration(111)) - New reporters are added after registries were created. Some metrics will be missing from the reporter. Please add reporter before adding any new registry.
2021-10-21 00:13:39,439 [Listener at 127.0.0.1/34193] WARN  impl.MetricRegistriesImpl (MetricRegistriesImpl.java:addReporterRegistration(111)) - New reporters are added after registries were created. Some metrics will be missing from the reporter. Please add reporter before adding any new registry.
2021-10-21 00:13:39,439 [Listener at 127.0.0.1/34193] INFO  impl.MetricsSystemImpl (MetricsSystemImpl.java:init(158)) - HddsDatanode metrics system started (again)
2021-10-21 00:13:39,467 [Datanode State Machine Thread - 0] INFO  statemachine.DatanodeStateMachine (DatanodeStateMachine.java:lambda$startDaemon$0(465)) - Ozone container server started.
2021-10-21 00:13:39,513 [Listener at 127.0.0.1/34193] INFO  ozone.HddsDatanodeService (HddsDatanodeService.java:start(234)) - HddsDatanodeService host:fv-az395-87.zfmzfyrfkyou3ow0tsr0jxwq1e.bx.internal.cloudapp.net ip:10.1.0.21
2021-10-21 00:13:39,615 [org.apache.hadoop.util.JvmPauseMonitor$Monitor@400e0651] INFO  util.JvmPauseMonitor (JvmPauseMonitor.java:run(188)) - Starting JVM pause monitor
2021-10-21 00:13:39,634 [Datanode State Machine Task Thread - 0] INFO  datanode.InitDatanodeState (InitDatanodeState.java:persistContainerDatanodeDetails(145)) - DatanodeDetails is persisted to /home/runner/work/ozone/ozone/hadoop-ozone/integration-test/target/test-dir/MiniOzoneClusterImpl-0ff56402-746c-4b46-aacb-40edab3b56db/datanode-5/meta/datanode.id
2021-10-21 00:13:39,692 [Listener at 127.0.0.1/34193] INFO  upgrade.AbstractLayoutVersionManager (AbstractLayoutVersionManager.java:init(79)) - Initializing Layout version manager with metadata layout = SCM_HA (version = 2), software layout = SCM_HA (version = 2)
2021-10-21 00:13:39,795 [EndpointStateMachine task thread for /0.0.0.0:35879 - 0 ] INFO  ozoneimpl.OzoneContainer (OzoneContainer.java:start(304)) - Attempting to start container services.
2021-10-21 00:13:39,795 [EndpointStateMachine task thread for /0.0.0.0:35879 - 0 ] INFO  ozoneimpl.OzoneContainer (OzoneContainer.java:startContainerScrub(249)) - Background container scanner has been disabled.
2021-10-21 00:13:39,795 [EndpointStateMachine task thread for /0.0.0.0:35879 - 0 ] INFO  replication.ReplicationServer (ReplicationServer.java:start(107)) - ReplicationServer is started using port 33729
2021-10-21 00:13:39,800 [EndpointStateMachine task thread for /0.0.0.0:35879 - 0 ] INFO  ratis.XceiverServerRatis (XceiverServerRatis.java:start(484)) - Starting XceiverServerRatis b1aa2fe7-eb40-4f9f-bfee-6ed7c04c202c
2021-10-21 00:13:39,819 [EndpointStateMachine task thread for /0.0.0.0:35879 - 0 ] INFO  server.RaftServer (RaftServerProxy.java:lambda$start$5(374)) - b1aa2fe7-eb40-4f9f-bfee-6ed7c04c202c: start RPC server
2021-10-21 00:13:39,827 [EndpointStateMachine task thread for /0.0.0.0:35879 - 0 ] INFO  server.GrpcService (GrpcService.java:startImpl(253)) - b1aa2fe7-eb40-4f9f-bfee-6ed7c04c202c: GrpcService started, listening on 36605
2021-10-21 00:13:39,832 [EndpointStateMachine task thread for /0.0.0.0:35879 - 0 ] INFO  ratis.XceiverServerRatis (XceiverServerRatis.java:getRealPort(505)) - XceiverServerRatis b1aa2fe7-eb40-4f9f-bfee-6ed7c04c202c is started using port 36605 for RATIS
2021-10-21 00:13:39,832 [EndpointStateMachine task thread for /0.0.0.0:35879 - 0 ] INFO  ratis.XceiverServerRatis (XceiverServerRatis.java:getRealPort(505)) - XceiverServerRatis b1aa2fe7-eb40-4f9f-bfee-6ed7c04c202c is started using port 36605 for RATIS_ADMIN
2021-10-21 00:13:39,832 [EndpointStateMachine task thread for /0.0.0.0:35879 - 0 ] INFO  ratis.XceiverServerRatis (XceiverServerRatis.java:getRealPort(505)) - XceiverServerRatis b1aa2fe7-eb40-4f9f-bfee-6ed7c04c202c is started using port 36605 for RATIS_SERVER
2021-10-21 00:13:39,850 [EndpointStateMachine task thread for /0.0.0.0:35879 - 0 ] INFO  server.XceiverServerGrpc (XceiverServerGrpc.java:start(135)) - XceiverServerGrpc b1aa2fe7-eb40-4f9f-bfee-6ed7c04c202c is started using port 33747
2021-10-21 00:13:39,897 [IPC Server handler 19 on default port 35879] INFO  net.NetworkTopologyImpl (NetworkTopologyImpl.java:add(112)) - Added a new node: /default-rack/b064551b-1fe0-41a9-91d7-ea536b2590c0
2021-10-21 00:13:39,897 [IPC Server handler 19 on default port 35879] INFO  node.SCMNodeManager (SCMNodeManager.java:register(389)) - Registered Data node : b064551b-1fe0-41a9-91d7-ea536b2590c0{ip: 10.1.0.21, host: fv-az395-87.zfmzfyrfkyou3ow0tsr0jxwq1e.bx.internal.cloudapp.net, ports: [REPLICATION=44429, RATIS=37069, RATIS_ADMIN=37069, RATIS_SERVER=37069, STANDALONE=39421], networkLocation: /default-rack, certSerialId: null, persistedOpState: null, persistedOpStateExpiryEpochSec: 0}
2021-10-21 00:13:39,897 [EventQueue-NewNodeForNewNodeHandler] INFO  pipeline.BackgroundPipelineCreator (BackgroundPipelineCreator.java:notifyEventTriggered(285)) - trigger a one-shot run on RatisPipelineUtilsThread.
2021-10-21 00:13:39,910 [EventQueue-NodeRegistrationContainerReportForDataNodeSafeModeRule] INFO  safemode.SCMSafeModeManager (DataNodeSafeModeRule.java:process(71)) - SCM in safe mode. 2 DataNodes registered, 3 required.
2021-10-21 00:13:39,914 [org.apache.ratis.util.JvmPauseMonitor$$Lambda$531/1336496959@410e37b0] INFO  util.JvmPauseMonitor (JvmPauseMonitor.java:run(103)) - JvmPauseMonitor-b1aa2fe7-eb40-4f9f-bfee-6ed7c04c202c: Started
2021-10-21 00:13:39,919 [RatisPipelineUtilsThread - 0] INFO  pipeline.RatisPipelineProvider (RatisPipelineProvider.java:lambda$create$0(183)) - Sending CreatePipelineCommand for pipeline:PipelineID=0bc6fe2c-6b91-4a9b-88e8-0ef0ee8e8444 to datanode:b064551b-1fe0-41a9-91d7-ea536b2590c0
2021-10-21 00:13:39,920 [RatisPipelineUtilsThread - 0] INFO  pipeline.PipelineStateManagerImpl (PipelineStateManagerImpl.java:addPipeline(101)) - Created pipeline Pipeline[ Id: 0bc6fe2c-6b91-4a9b-88e8-0ef0ee8e8444, Nodes: b064551b-1fe0-41a9-91d7-ea536b2590c0{ip: 10.1.0.21, host: fv-az395-87.zfmzfyrfkyou3ow0tsr0jxwq1e.bx.internal.cloudapp.net, ports: [REPLICATION=44429, RATIS=37069, RATIS_ADMIN=37069, RATIS_SERVER=37069, STANDALONE=39421], networkLocation: /default-rack, certSerialId: null, persistedOpState: IN_SERVICE, persistedOpStateExpiryEpochSec: 0}, ReplicationConfig: RATIS/ONE, State:ALLOCATED, leaderId:, CreationTimestamp2021-10-21T00:13:39.919Z[Etc/UTC]].
2021-10-21 00:13:39,964 [Listener at 127.0.0.1/34193] INFO  reflections.Reflections (Reflections.java:scan(232)) - Reflections took 271 ms to scan 7 urls, producing 119 keys and 279 values 
2021-10-21 00:13:40,012 [Listener at 127.0.0.1/34193] INFO  volume.HddsVolume (HddsVolume.java:<init>(120)) - Creating HddsVolume: /home/runner/work/ozone/ozone/hadoop-ozone/integration-test/target/test-dir/MiniOzoneClusterImpl-0ff56402-746c-4b46-aacb-40edab3b56db/datanode-6/data-0/containers/hdds of storage type : DISK capacity : 9223372036854775807
2021-10-21 00:13:40,012 [Listener at 127.0.0.1/34193] INFO  volume.MutableVolumeSet (MutableVolumeSet.java:initializeVolumeSet(168)) - Added Volume : /home/runner/work/ozone/ozone/hadoop-ozone/integration-test/target/test-dir/MiniOzoneClusterImpl-0ff56402-746c-4b46-aacb-40edab3b56db/datanode-6/data-0/containers/hdds to VolumeSet
2021-10-21 00:13:40,012 [Listener at 127.0.0.1/34193] INFO  volume.ThrottledAsyncChecker (ThrottledAsyncChecker.java:schedule(141)) - Scheduling a check for /home/runner/work/ozone/ozone/hadoop-ozone/integration-test/target/test-dir/MiniOzoneClusterImpl-0ff56402-746c-4b46-aacb-40edab3b56db/datanode-6/data-0/containers/hdds
2021-10-21 00:13:40,017 [Listener at 127.0.0.1/34193] INFO  volume.StorageVolumeChecker (StorageVolumeChecker.java:checkAllVolumes(202)) - Scheduled health check for volume /home/runner/work/ozone/ozone/hadoop-ozone/integration-test/target/test-dir/MiniOzoneClusterImpl-0ff56402-746c-4b46-aacb-40edab3b56db/datanode-6/data-0/containers/hdds
2021-10-21 00:13:40,034 [Listener at 127.0.0.1/34193] INFO  volume.MutableVolumeSet (MutableVolumeSet.java:initializeVolumeSet(168)) - Added Volume : /home/runner/work/ozone/ozone/hadoop-ozone/integration-test/target/test-dir/MiniOzoneClusterImpl-0ff56402-746c-4b46-aacb-40edab3b56db/datanode-6/data/ratis to VolumeSet
2021-10-21 00:13:40,035 [Listener at 127.0.0.1/34193] INFO  volume.ThrottledAsyncChecker (ThrottledAsyncChecker.java:schedule(141)) - Scheduling a check for /home/runner/work/ozone/ozone/hadoop-ozone/integration-test/target/test-dir/MiniOzoneClusterImpl-0ff56402-746c-4b46-aacb-40edab3b56db/datanode-6/data/ratis
2021-10-21 00:13:40,035 [Listener at 127.0.0.1/34193] INFO  volume.StorageVolumeChecker (StorageVolumeChecker.java:checkAllVolumes(202)) - Scheduled health check for volume /home/runner/work/ozone/ozone/hadoop-ozone/integration-test/target/test-dir/MiniOzoneClusterImpl-0ff56402-746c-4b46-aacb-40edab3b56db/datanode-6/data/ratis
2021-10-21 00:13:40,049 [Thread-1835] INFO  ozoneimpl.ContainerReader (ContainerReader.java:readVolume(172)) - Finish verifying containers on volume /home/runner/work/ozone/ozone/hadoop-ozone/integration-test/target/test-dir/MiniOzoneClusterImpl-0ff56402-746c-4b46-aacb-40edab3b56db/datanode-6/data-0/containers/hdds
2021-10-21 00:13:40,049 [Listener at 127.0.0.1/34193] INFO  ozoneimpl.OzoneContainer (OzoneContainer.java:buildContainerSet(236)) - Build ContainerSet costs 0s
2021-10-21 00:13:40,050 [Listener at 127.0.0.1/34193] INFO  server.RaftServer (ConfUtils.java:logGet(44)) - raft.rpc.type = GRPC (default)
2021-10-21 00:13:40,051 [Listener at 127.0.0.1/34193] INFO  grpc.GrpcFactory (GrpcFactory.java:checkPooledByteBufAllocatorUseCacheForAllThreads(48)) - PERFORMANCE WARNING: useCacheForAllThreads is true that may cause Netty to create a lot garbage objects and, as a result, trigger GC.
	It is recommended to disable useCacheForAllThreads by setting -Dorg.apache.ratis.thirdparty.io.netty.allocator.useCacheForAllThreads=false in command line.
2021-10-21 00:13:40,051 [Listener at 127.0.0.1/34193] INFO  grpc.GrpcConfigKeys (ConfUtils.java:logGet(44)) - raft.grpc.admin.port = 0 (custom)
2021-10-21 00:13:40,051 [Listener at 127.0.0.1/34193] INFO  grpc.GrpcConfigKeys (ConfUtils.java:logGet(44)) - raft.grpc.client.port = 0 (custom)
2021-10-21 00:13:40,051 [Listener at 127.0.0.1/34193] INFO  grpc.GrpcConfigKeys (ConfUtils.java:logGet(44)) - raft.grpc.server.port = 0 (default)
2021-10-21 00:13:40,051 [Listener at 127.0.0.1/34193] INFO  server.GrpcService (ConfUtils.java:logGet(44)) - raft.grpc.message.size.max = 32MB (=33554432) (custom)
2021-10-21 00:13:40,051 [Listener at 127.0.0.1/34193] INFO  server.RaftServerConfigKeys (ConfUtils.java:logGet(44)) - raft.server.log.appender.buffer.byte-limit = 33554432 (custom)
2021-10-21 00:13:40,051 [Listener at 127.0.0.1/34193] INFO  server.GrpcService (ConfUtils.java:logGet(44)) - raft.grpc.flow.control.window = 5MB (=5242880) (custom)
2021-10-21 00:13:40,051 [Listener at 127.0.0.1/34193] INFO  server.RaftServerConfigKeys (ConfUtils.java:logGet(44)) - raft.server.rpc.request.timeout = 3000ms (default)
2021-10-21 00:13:40,052 [Listener at 127.0.0.1/34193] INFO  impl.DataStreamServerImpl (ConfUtils.java:logGet(44)) - raft.datastream.type = DISABLED (default)
2021-10-21 00:13:40,053 [Listener at 127.0.0.1/34193] INFO  server.RaftServerConfigKeys (ConfUtils.java:logGet(44)) - raft.server.rpc.slowness.timeout = 300000ms (custom)
2021-10-21 00:13:40,053 [Listener at 127.0.0.1/34193] INFO  server.RaftServerConfigKeys (ConfUtils.java:logGet(44)) - raft.server.leaderelection.leader.step-down.wait-time = 10s (default)
2021-10-21 00:13:40,053 [Listener at 127.0.0.1/34193] INFO  server.RaftServerConfigKeys (ConfUtils.java:logGet(44)) - raft.server.storage.dir = [/home/runner/work/ozone/ozone/hadoop-ozone/integration-test/target/test-dir/MiniOzoneClusterImpl-0ff56402-746c-4b46-aacb-40edab3b56db/datanode-6/data/ratis] (custom)
2021-10-21 00:13:40,101 [Listener at 127.0.0.1/34193] INFO  http.BaseHttpServer (BaseHttpServer.java:newHttpServer2BuilderForOzone(209)) - Starting Web-server for hddsDatanode at: http://0.0.0.0:0
2021-10-21 00:13:40,101 [Listener at 127.0.0.1/34193] INFO  http.BaseHttpServer (BaseHttpServer.java:<init>(107)) - Hadoop Security Enabled: false Ozone Security Enabled: false Ozone HTTP Security Enabled: false 
2021-10-21 00:13:40,151 [Listener at 127.0.0.1/34193] INFO  server.AuthenticationFilter (AuthenticationFilter.java:constructSecretProvider(240)) - Unable to initialize FileSignerSecretProvider, falling back to use random secrets.
2021-10-21 00:13:40,184 [Listener at 127.0.0.1/34193] WARN  http.HttpRequestLog (HttpRequestLog.java:getRequestLog(103)) - Jetty request log can only be enabled using Log4j
2021-10-21 00:13:40,185 [Listener at 127.0.0.1/34193] INFO  http.HttpServer2 (HttpServer2.java:addGlobalFilter(1030)) - Added global filter 'safety' (class=org.apache.hadoop.hdds.server.http.HttpServer2$QuotingInputFilter)
2021-10-21 00:13:40,186 [Listener at 127.0.0.1/34193] INFO  http.HttpServer2 (HttpServer2.java:addFilter(1006)) - Added filter static_user_filter (class=org.apache.hadoop.http.lib.StaticUserWebFilter$StaticUserFilter) to context hddsDatanode
2021-10-21 00:13:40,186 [Listener at 127.0.0.1/34193] INFO  http.HttpServer2 (HttpServer2.java:addFilter(1014)) - Added filter static_user_filter (class=org.apache.hadoop.http.lib.StaticUserWebFilter$StaticUserFilter) to context static
2021-10-21 00:13:40,186 [Listener at 127.0.0.1/34193] INFO  http.HttpServer2 (HttpServer2.java:addFilter(1014)) - Added filter static_user_filter (class=org.apache.hadoop.http.lib.StaticUserWebFilter$StaticUserFilter) to context logs
2021-10-21 00:13:40,186 [Listener at 127.0.0.1/34193] INFO  http.HttpServer2 (HttpServer2.java:bindListener(1249)) - Jetty bound to port 45113
2021-10-21 00:13:40,186 [Listener at 127.0.0.1/34193] INFO  server.Server (Server.java:doStart(375)) - jetty-9.4.43.v20210629; built: 2021-06-30T11:07:22.254Z; git: 526006ecfa3af7f1a27ef3a288e2bef7ea9dd7e8; jvm 1.8.0_292-b10
2021-10-21 00:13:40,255 [Listener at 127.0.0.1/34193] INFO  server.session (DefaultSessionIdManager.java:doStart(334)) - DefaultSessionIdManager workerName=node0
2021-10-21 00:13:40,255 [Listener at 127.0.0.1/34193] INFO  server.session (DefaultSessionIdManager.java:doStart(339)) - No SessionScavenger set, using defaults
2021-10-21 00:13:40,263 [Listener at 127.0.0.1/34193] INFO  server.session (HouseKeeper.java:startScavenging(132)) - node0 Scavenging every 600000ms
2021-10-21 00:13:40,275 [Listener at 127.0.0.1/34193] INFO  handler.ContextHandler (ContextHandler.java:doStart(915)) - Started o.e.j.s.ServletContextHandler@9c98bf6{logs,/logs,file:///home/runner/work/ozone/ozone/hadoop-ozone/integration-test/target/log,AVAILABLE}
2021-10-21 00:13:40,276 [Listener at 127.0.0.1/34193] INFO  handler.ContextHandler (ContextHandler.java:doStart(915)) - Started o.e.j.s.ServletContextHandler@599eb43b{static,/static,jar:file:/home/runner/.m2/repository/org/apache/ozone/hdds-container-service/1.2.0-SNAPSHOT/hdds-container-service-1.2.0-SNAPSHOT.jar!/webapps/static,AVAILABLE}
2021-10-21 00:13:40,640 [IPC Server handler 1 on default port 35879] INFO  net.NetworkTopologyImpl (NetworkTopologyImpl.java:add(112)) - Added a new node: /default-rack/43a8bf6a-c132-4b01-9df6-8da121d8da0e
2021-10-21 00:13:40,640 [IPC Server handler 1 on default port 35879] INFO  node.SCMNodeManager (SCMNodeManager.java:register(389)) - Registered Data node : 43a8bf6a-c132-4b01-9df6-8da121d8da0e{ip: 10.1.0.21, host: fv-az395-87.zfmzfyrfkyou3ow0tsr0jxwq1e.bx.internal.cloudapp.net, ports: [REPLICATION=43167, RATIS=44683, RATIS_ADMIN=44683, RATIS_SERVER=44683, STANDALONE=44545], networkLocation: /default-rack, certSerialId: null, persistedOpState: null, persistedOpStateExpiryEpochSec: 0}
2021-10-21 00:13:40,640 [EventQueue-NewNodeForNewNodeHandler] INFO  pipeline.BackgroundPipelineCreator (BackgroundPipelineCreator.java:notifyEventTriggered(285)) - trigger a one-shot run on RatisPipelineUtilsThread.
2021-10-21 00:13:40,644 [Listener at 127.0.0.1/34193] INFO  handler.ContextHandler (ContextHandler.java:doStart(915)) - Started o.e.j.w.WebAppContext@39c8c277{hddsDatanode,/,file:///tmp/jetty-0_0_0_0-45113-hdds-container-service-1_2_0-SNAPSHOT_jar-_-any-668699554984866531/webapp/,AVAILABLE}{jar:file:/home/runner/.m2/repository/org/apache/ozone/hdds-container-service/1.2.0-SNAPSHOT/hdds-container-service-1.2.0-SNAPSHOT.jar!/webapps/hddsDatanode}
2021-10-21 00:13:40,647 [EndpointStateMachine task thread for /0.0.0.0:35879 - 0 ] INFO  ozoneimpl.OzoneContainer (OzoneContainer.java:start(304)) - Attempting to start container services.
2021-10-21 00:13:40,655 [EndpointStateMachine task thread for /0.0.0.0:35879 - 0 ] INFO  ozoneimpl.OzoneContainer (OzoneContainer.java:startContainerScrub(249)) - Background container scanner has been disabled.
2021-10-21 00:13:40,655 [RatisPipelineUtilsThread - 0] INFO  pipeline.RatisPipelineProvider (RatisPipelineProvider.java:lambda$create$0(183)) - Sending CreatePipelineCommand for pipeline:PipelineID=6cbfd236-6fcc-48ae-966f-86c50b6ac0f0 to datanode:43a8bf6a-c132-4b01-9df6-8da121d8da0e
2021-10-21 00:13:40,656 [RatisPipelineUtilsThread - 0] INFO  pipeline.PipelineStateManagerImpl (PipelineStateManagerImpl.java:addPipeline(101)) - Created pipeline Pipeline[ Id: 6cbfd236-6fcc-48ae-966f-86c50b6ac0f0, Nodes: 43a8bf6a-c132-4b01-9df6-8da121d8da0e{ip: 10.1.0.21, host: fv-az395-87.zfmzfyrfkyou3ow0tsr0jxwq1e.bx.internal.cloudapp.net, ports: [REPLICATION=43167, RATIS=44683, RATIS_ADMIN=44683, RATIS_SERVER=44683, STANDALONE=44545], networkLocation: /default-rack, certSerialId: null, persistedOpState: IN_SERVICE, persistedOpStateExpiryEpochSec: 0}, ReplicationConfig: RATIS/ONE, State:ALLOCATED, leaderId:, CreationTimestamp2021-10-21T00:13:40.655Z[Etc/UTC]].
2021-10-21 00:13:40,656 [EventQueue-NodeRegistrationContainerReportForDataNodeSafeModeRule] INFO  safemode.SCMSafeModeManager (DataNodeSafeModeRule.java:process(71)) - SCM in safe mode. 3 DataNodes registered, 3 required.
2021-10-21 00:13:40,656 [EventQueue-NodeRegistrationContainerReportForDataNodeSafeModeRule] INFO  safemode.SCMSafeModeManager (SCMSafeModeManager.java:validateSafeModeExitRules(204)) - DataNodeSafeModeRule rule is successfully validated
2021-10-21 00:13:40,656 [EventQueue-NodeRegistrationContainerReportForDataNodeSafeModeRule] INFO  safemode.SCMSafeModeManager (SCMSafeModeManager.java:completePreCheck(233)) - All SCM safe mode pre check rules have passed
2021-10-21 00:13:40,656 [EventQueue-NodeRegistrationContainerReportForDataNodeSafeModeRule] WARN  events.EventQueue (EventQueue.java:fireEvent(194)) - No event handler registered for event TypedEvent{payloadType=SafeModeStatus, name='Safe mode status'}
2021-10-21 00:13:40,656 [EventQueue-NodeRegistrationContainerReportForDataNodeSafeModeRule] INFO  ha.SCMContext (SCMContext.java:updateSafeModeStatus(205)) - Update SafeModeStatus from SafeModeStatus{safeModeStatus=true, preCheckPassed=false} to SafeModeStatus{safeModeStatus=true, preCheckPassed=true}.
2021-10-21 00:13:40,656 [EventQueue-NodeRegistrationContainerReportForDataNodeSafeModeRule] INFO  pipeline.BackgroundPipelineCreator (BackgroundPipelineCreator.java:notifyEventTriggered(285)) - trigger a one-shot run on RatisPipelineUtilsThread.
2021-10-21 00:13:40,657 [EndpointStateMachine task thread for /0.0.0.0:35879 - 0 ] INFO  replication.ReplicationServer (ReplicationServer.java:start(107)) - ReplicationServer is started using port 33129
2021-10-21 00:13:40,659 [EndpointStateMachine task thread for /0.0.0.0:35879 - 0 ] INFO  ratis.XceiverServerRatis (XceiverServerRatis.java:start(484)) - Starting XceiverServerRatis 5ad7e042-c272-4503-bb68-cca0083e8bfb
2021-10-21 00:13:40,659 [EndpointStateMachine task thread for /0.0.0.0:35879 - 0 ] INFO  server.RaftServer (RaftServerProxy.java:lambda$start$5(374)) - 5ad7e042-c272-4503-bb68-cca0083e8bfb: start RPC server
2021-10-21 00:13:40,687 [Listener at 127.0.0.1/34193] INFO  server.AbstractConnector (AbstractConnector.java:doStart(331)) - Started ServerConnector@1f5b4124{HTTP/1.1, (http/1.1)}{0.0.0.0:45113}
2021-10-21 00:13:40,687 [Listener at 127.0.0.1/34193] INFO  server.Server (Server.java:doStart(415)) - Started @252681ms
2021-10-21 00:13:40,687 [Listener at 127.0.0.1/34193] WARN  impl.MetricsSystemImpl (MetricsSystemImpl.java:register(279)) - Sink prometheus already exists!
2021-10-21 00:13:40,696 [Listener at 127.0.0.1/34193] INFO  http.BaseHttpServer (BaseHttpServer.java:updateConnectorAddress(329)) - HTTP server of hddsDatanode listening at http://0.0.0.0:45113
2021-10-21 00:13:40,704 [Listener at 127.0.0.1/34193] WARN  impl.MetricRegistriesImpl (MetricRegistriesImpl.java:addReporterRegistration(111)) - New reporters are added after registries were created. Some metrics will be missing from the reporter. Please add reporter before adding any new registry.
2021-10-21 00:13:40,716 [Listener at 127.0.0.1/34193] WARN  impl.MetricRegistriesImpl (MetricRegistriesImpl.java:addReporterRegistration(111)) - New reporters are added after registries were created. Some metrics will be missing from the reporter. Please add reporter before adding any new registry.
2021-10-21 00:13:40,716 [Listener at 127.0.0.1/34193] INFO  impl.MetricsSystemImpl (MetricsSystemImpl.java:init(158)) - HddsDatanode metrics system started (again)
2021-10-21 00:13:40,715 [EndpointStateMachine task thread for /0.0.0.0:35879 - 0 ] INFO  server.GrpcService (GrpcService.java:startImpl(253)) - 5ad7e042-c272-4503-bb68-cca0083e8bfb: GrpcService started, listening on 44457
2021-10-21 00:13:40,715 [RatisPipelineUtilsThread - 0] INFO  pipeline.RatisPipelineProvider (RatisPipelineProvider.java:lambda$create$0(183)) - Sending CreatePipelineCommand for pipeline:PipelineID=d739659e-f08f-42ab-8521-1abe1f802d80 to datanode:385ed75d-b5f2-4976-82ca-03b327f31da0
2021-10-21 00:13:40,719 [RatisPipelineUtilsThread - 0] INFO  pipeline.RatisPipelineProvider (RatisPipelineProvider.java:lambda$create$0(183)) - Sending CreatePipelineCommand for pipeline:PipelineID=d739659e-f08f-42ab-8521-1abe1f802d80 to datanode:43a8bf6a-c132-4b01-9df6-8da121d8da0e
2021-10-21 00:13:40,719 [RatisPipelineUtilsThread - 0] INFO  pipeline.RatisPipelineProvider (RatisPipelineProvider.java:lambda$create$0(183)) - Sending CreatePipelineCommand for pipeline:PipelineID=d739659e-f08f-42ab-8521-1abe1f802d80 to datanode:b064551b-1fe0-41a9-91d7-ea536b2590c0
2021-10-21 00:13:40,719 [RatisPipelineUtilsThread - 0] INFO  pipeline.PipelineStateManagerImpl (PipelineStateManagerImpl.java:addPipeline(101)) - Created pipeline Pipeline[ Id: d739659e-f08f-42ab-8521-1abe1f802d80, Nodes: 385ed75d-b5f2-4976-82ca-03b327f31da0{ip: 10.1.0.21, host: fv-az395-87.zfmzfyrfkyou3ow0tsr0jxwq1e.bx.internal.cloudapp.net, ports: [REPLICATION=33539, RATIS=43801, RATIS_ADMIN=43801, RATIS_SERVER=43801, STANDALONE=46065], networkLocation: /default-rack, certSerialId: null, persistedOpState: IN_SERVICE, persistedOpStateExpiryEpochSec: 0}43a8bf6a-c132-4b01-9df6-8da121d8da0e{ip: 10.1.0.21, host: fv-az395-87.zfmzfyrfkyou3ow0tsr0jxwq1e.bx.internal.cloudapp.net, ports: [REPLICATION=43167, RATIS=44683, RATIS_ADMIN=44683, RATIS_SERVER=44683, STANDALONE=44545], networkLocation: /default-rack, certSerialId: null, persistedOpState: IN_SERVICE, persistedOpStateExpiryEpochSec: 0}b064551b-1fe0-41a9-91d7-ea536b2590c0{ip: 10.1.0.21, host: fv-az395-87.zfmzfyrfkyou3ow0tsr0jxwq1e.bx.internal.cloudapp.net, ports: [REPLICATION=44429, RATIS=37069, RATIS_ADMIN=37069, RATIS_SERVER=37069, STANDALONE=39421], networkLocation: /default-rack, certSerialId: null, persistedOpState: IN_SERVICE, persistedOpStateExpiryEpochSec: 0}, ReplicationConfig: RATIS/THREE, State:ALLOCATED, leaderId:, CreationTimestamp2021-10-21T00:13:40.715Z[Etc/UTC]].
2021-10-21 00:13:40,735 [Datanode State Machine Thread - 0] INFO  statemachine.DatanodeStateMachine (DatanodeStateMachine.java:lambda$startDaemon$0(465)) - Ozone container server started.
2021-10-21 00:13:40,735 [EndpointStateMachine task thread for /0.0.0.0:35879 - 0 ] INFO  ratis.XceiverServerRatis (XceiverServerRatis.java:getRealPort(505)) - XceiverServerRatis 5ad7e042-c272-4503-bb68-cca0083e8bfb is started using port 44457 for RATIS
2021-10-21 00:13:40,735 [EndpointStateMachine task thread for /0.0.0.0:35879 - 0 ] INFO  ratis.XceiverServerRatis (XceiverServerRatis.java:getRealPort(505)) - XceiverServerRatis 5ad7e042-c272-4503-bb68-cca0083e8bfb is started using port 44457 for RATIS_ADMIN
2021-10-21 00:13:40,735 [EndpointStateMachine task thread for /0.0.0.0:35879 - 0 ] INFO  ratis.XceiverServerRatis (XceiverServerRatis.java:getRealPort(505)) - XceiverServerRatis 5ad7e042-c272-4503-bb68-cca0083e8bfb is started using port 44457 for RATIS_SERVER
2021-10-21 00:13:40,743 [EndpointStateMachine task thread for /0.0.0.0:35879 - 0 ] INFO  server.XceiverServerGrpc (XceiverServerGrpc.java:start(135)) - XceiverServerGrpc 5ad7e042-c272-4503-bb68-cca0083e8bfb is started using port 33953
2021-10-21 00:13:40,811 [org.apache.ratis.util.JvmPauseMonitor$$Lambda$531/1336496959@7a53c6c9] INFO  util.JvmPauseMonitor (JvmPauseMonitor.java:run(103)) - JvmPauseMonitor-5ad7e042-c272-4503-bb68-cca0083e8bfb: Started
2021-10-21 00:13:40,818 [Listener at 127.0.0.1/34193] INFO  ozone.HddsDatanodeService (HddsDatanodeService.java:start(234)) - HddsDatanodeService host:fv-az395-87.zfmzfyrfkyou3ow0tsr0jxwq1e.bx.internal.cloudapp.net ip:10.1.0.21
2021-10-21 00:13:40,890 [Listener at 127.0.0.1/34193] INFO  upgrade.AbstractLayoutVersionManager (AbstractLayoutVersionManager.java:init(79)) - Initializing Layout version manager with metadata layout = SCM_HA (version = 2), software layout = SCM_HA (version = 2)
2021-10-21 00:13:40,903 [org.apache.hadoop.util.JvmPauseMonitor$Monitor@212b9537] INFO  util.JvmPauseMonitor (JvmPauseMonitor.java:run(188)) - Starting JVM pause monitor
2021-10-21 00:13:40,911 [Datanode State Machine Task Thread - 0] INFO  datanode.InitDatanodeState (InitDatanodeState.java:persistContainerDatanodeDetails(145)) - DatanodeDetails is persisted to /home/runner/work/ozone/ozone/hadoop-ozone/integration-test/target/test-dir/MiniOzoneClusterImpl-0ff56402-746c-4b46-aacb-40edab3b56db/datanode-6/meta/datanode.id
2021-10-21 00:13:41,008 [Listener at 127.0.0.1/34193] INFO  reflections.Reflections (Reflections.java:scan(232)) - Reflections took 116 ms to scan 7 urls, producing 119 keys and 279 values 
2021-10-21 00:13:41,065 [Listener at 127.0.0.1/34193] INFO  volume.HddsVolume (HddsVolume.java:<init>(120)) - Creating HddsVolume: /home/runner/work/ozone/ozone/hadoop-ozone/integration-test/target/test-dir/MiniOzoneClusterImpl-0ff56402-746c-4b46-aacb-40edab3b56db/datanode-7/data-0/containers/hdds of storage type : DISK capacity : 9223372036854775807
2021-10-21 00:13:41,065 [Listener at 127.0.0.1/34193] INFO  volume.MutableVolumeSet (MutableVolumeSet.java:initializeVolumeSet(168)) - Added Volume : /home/runner/work/ozone/ozone/hadoop-ozone/integration-test/target/test-dir/MiniOzoneClusterImpl-0ff56402-746c-4b46-aacb-40edab3b56db/datanode-7/data-0/containers/hdds to VolumeSet
2021-10-21 00:13:41,066 [Listener at 127.0.0.1/34193] INFO  volume.ThrottledAsyncChecker (ThrottledAsyncChecker.java:schedule(141)) - Scheduling a check for /home/runner/work/ozone/ozone/hadoop-ozone/integration-test/target/test-dir/MiniOzoneClusterImpl-0ff56402-746c-4b46-aacb-40edab3b56db/datanode-7/data-0/containers/hdds
2021-10-21 00:13:41,135 [Listener at 127.0.0.1/34193] INFO  volume.StorageVolumeChecker (StorageVolumeChecker.java:checkAllVolumes(202)) - Scheduled health check for volume /home/runner/work/ozone/ozone/hadoop-ozone/integration-test/target/test-dir/MiniOzoneClusterImpl-0ff56402-746c-4b46-aacb-40edab3b56db/datanode-7/data-0/containers/hdds
2021-10-21 00:13:41,270 [Listener at 127.0.0.1/34193] INFO  volume.MutableVolumeSet (MutableVolumeSet.java:initializeVolumeSet(168)) - Added Volume : /home/runner/work/ozone/ozone/hadoop-ozone/integration-test/target/test-dir/MiniOzoneClusterImpl-0ff56402-746c-4b46-aacb-40edab3b56db/datanode-7/data/ratis to VolumeSet
2021-10-21 00:13:41,271 [Listener at 127.0.0.1/34193] INFO  volume.ThrottledAsyncChecker (ThrottledAsyncChecker.java:schedule(141)) - Scheduling a check for /home/runner/work/ozone/ozone/hadoop-ozone/integration-test/target/test-dir/MiniOzoneClusterImpl-0ff56402-746c-4b46-aacb-40edab3b56db/datanode-7/data/ratis
2021-10-21 00:13:41,271 [Listener at 127.0.0.1/34193] INFO  volume.StorageVolumeChecker (StorageVolumeChecker.java:checkAllVolumes(202)) - Scheduled health check for volume /home/runner/work/ozone/ozone/hadoop-ozone/integration-test/target/test-dir/MiniOzoneClusterImpl-0ff56402-746c-4b46-aacb-40edab3b56db/datanode-7/data/ratis
2021-10-21 00:13:41,308 [Thread-1851] INFO  ozoneimpl.ContainerReader (ContainerReader.java:readVolume(172)) - Finish verifying containers on volume /home/runner/work/ozone/ozone/hadoop-ozone/integration-test/target/test-dir/MiniOzoneClusterImpl-0ff56402-746c-4b46-aacb-40edab3b56db/datanode-7/data-0/containers/hdds
2021-10-21 00:13:41,308 [Listener at 127.0.0.1/34193] INFO  ozoneimpl.OzoneContainer (OzoneContainer.java:buildContainerSet(236)) - Build ContainerSet costs 0s
2021-10-21 00:13:41,310 [Listener at 127.0.0.1/34193] INFO  server.RaftServer (ConfUtils.java:logGet(44)) - raft.rpc.type = GRPC (default)
2021-10-21 00:13:41,311 [Listener at 127.0.0.1/34193] INFO  grpc.GrpcFactory (GrpcFactory.java:checkPooledByteBufAllocatorUseCacheForAllThreads(48)) - PERFORMANCE WARNING: useCacheForAllThreads is true that may cause Netty to create a lot garbage objects and, as a result, trigger GC.
	It is recommended to disable useCacheForAllThreads by setting -Dorg.apache.ratis.thirdparty.io.netty.allocator.useCacheForAllThreads=false in command line.
2021-10-21 00:13:41,311 [Listener at 127.0.0.1/34193] INFO  grpc.GrpcConfigKeys (ConfUtils.java:logGet(44)) - raft.grpc.admin.port = 0 (custom)
2021-10-21 00:13:41,313 [Listener at 127.0.0.1/34193] INFO  grpc.GrpcConfigKeys (ConfUtils.java:logGet(44)) - raft.grpc.client.port = 0 (custom)
2021-10-21 00:13:41,313 [Listener at 127.0.0.1/34193] INFO  grpc.GrpcConfigKeys (ConfUtils.java:logGet(44)) - raft.grpc.server.port = 0 (default)
2021-10-21 00:13:41,313 [Listener at 127.0.0.1/34193] INFO  server.GrpcService (ConfUtils.java:logGet(44)) - raft.grpc.message.size.max = 32MB (=33554432) (custom)
2021-10-21 00:13:41,314 [Listener at 127.0.0.1/34193] INFO  server.RaftServerConfigKeys (ConfUtils.java:logGet(44)) - raft.server.log.appender.buffer.byte-limit = 33554432 (custom)
2021-10-21 00:13:41,314 [Listener at 127.0.0.1/34193] INFO  server.GrpcService (ConfUtils.java:logGet(44)) - raft.grpc.flow.control.window = 5MB (=5242880) (custom)
2021-10-21 00:13:41,314 [Listener at 127.0.0.1/34193] INFO  server.RaftServerConfigKeys (ConfUtils.java:logGet(44)) - raft.server.rpc.request.timeout = 3000ms (default)
2021-10-21 00:13:41,315 [Listener at 127.0.0.1/34193] INFO  impl.DataStreamServerImpl (ConfUtils.java:logGet(44)) - raft.datastream.type = DISABLED (default)
2021-10-21 00:13:41,315 [Listener at 127.0.0.1/34193] INFO  server.RaftServerConfigKeys (ConfUtils.java:logGet(44)) - raft.server.rpc.slowness.timeout = 300000ms (custom)
2021-10-21 00:13:41,315 [Listener at 127.0.0.1/34193] INFO  server.RaftServerConfigKeys (ConfUtils.java:logGet(44)) - raft.server.leaderelection.leader.step-down.wait-time = 10s (default)
2021-10-21 00:13:41,316 [Listener at 127.0.0.1/34193] INFO  server.RaftServerConfigKeys (ConfUtils.java:logGet(44)) - raft.server.storage.dir = [/home/runner/work/ozone/ozone/hadoop-ozone/integration-test/target/test-dir/MiniOzoneClusterImpl-0ff56402-746c-4b46-aacb-40edab3b56db/datanode-7/data/ratis] (custom)
2021-10-21 00:13:41,331 [Listener at 127.0.0.1/34193] INFO  http.BaseHttpServer (BaseHttpServer.java:newHttpServer2BuilderForOzone(209)) - Starting Web-server for hddsDatanode at: http://0.0.0.0:0
2021-10-21 00:13:41,332 [Listener at 127.0.0.1/34193] INFO  http.BaseHttpServer (BaseHttpServer.java:<init>(107)) - Hadoop Security Enabled: false Ozone Security Enabled: false Ozone HTTP Security Enabled: false 
2021-10-21 00:13:41,343 [Listener at 127.0.0.1/34193] INFO  server.AuthenticationFilter (AuthenticationFilter.java:constructSecretProvider(240)) - Unable to initialize FileSignerSecretProvider, falling back to use random secrets.
2021-10-21 00:13:41,351 [Listener at 127.0.0.1/34193] WARN  http.HttpRequestLog (HttpRequestLog.java:getRequestLog(103)) - Jetty request log can only be enabled using Log4j
2021-10-21 00:13:41,355 [Listener at 127.0.0.1/34193] INFO  http.HttpServer2 (HttpServer2.java:addGlobalFilter(1030)) - Added global filter 'safety' (class=org.apache.hadoop.hdds.server.http.HttpServer2$QuotingInputFilter)
2021-10-21 00:13:41,356 [Listener at 127.0.0.1/34193] INFO  http.HttpServer2 (HttpServer2.java:addFilter(1006)) - Added filter static_user_filter (class=org.apache.hadoop.http.lib.StaticUserWebFilter$StaticUserFilter) to context hddsDatanode
2021-10-21 00:13:41,356 [Listener at 127.0.0.1/34193] INFO  http.HttpServer2 (HttpServer2.java:addFilter(1014)) - Added filter static_user_filter (class=org.apache.hadoop.http.lib.StaticUserWebFilter$StaticUserFilter) to context logs
2021-10-21 00:13:41,356 [Listener at 127.0.0.1/34193] INFO  http.HttpServer2 (HttpServer2.java:addFilter(1014)) - Added filter static_user_filter (class=org.apache.hadoop.http.lib.StaticUserWebFilter$StaticUserFilter) to context static
2021-10-21 00:13:41,357 [Listener at 127.0.0.1/34193] INFO  http.HttpServer2 (HttpServer2.java:bindListener(1249)) - Jetty bound to port 37739
2021-10-21 00:13:41,357 [Listener at 127.0.0.1/34193] INFO  server.Server (Server.java:doStart(375)) - jetty-9.4.43.v20210629; built: 2021-06-30T11:07:22.254Z; git: 526006ecfa3af7f1a27ef3a288e2bef7ea9dd7e8; jvm 1.8.0_292-b10
2021-10-21 00:13:41,360 [Listener at 127.0.0.1/34193] INFO  server.session (DefaultSessionIdManager.java:doStart(334)) - DefaultSessionIdManager workerName=node0
2021-10-21 00:13:41,360 [Listener at 127.0.0.1/34193] INFO  server.session (DefaultSessionIdManager.java:doStart(339)) - No SessionScavenger set, using defaults
2021-10-21 00:13:41,360 [Listener at 127.0.0.1/34193] INFO  server.session (HouseKeeper.java:startScavenging(132)) - node0 Scavenging every 660000ms
2021-10-21 00:13:41,395 [Listener at 127.0.0.1/34193] INFO  handler.ContextHandler (ContextHandler.java:doStart(915)) - Started o.e.j.s.ServletContextHandler@44cc5ecf{logs,/logs,file:///home/runner/work/ozone/ozone/hadoop-ozone/integration-test/target/log,AVAILABLE}
2021-10-21 00:13:41,395 [Listener at 127.0.0.1/34193] INFO  handler.ContextHandler (ContextHandler.java:doStart(915)) - Started o.e.j.s.ServletContextHandler@674b5cbc{static,/static,jar:file:/home/runner/.m2/repository/org/apache/ozone/hdds-container-service/1.2.0-SNAPSHOT/hdds-container-service-1.2.0-SNAPSHOT.jar!/webapps/static,AVAILABLE}
2021-10-21 00:13:41,621 [Listener at 127.0.0.1/34193] INFO  handler.ContextHandler (ContextHandler.java:doStart(915)) - Started o.e.j.w.WebAppContext@3a7cc34c{hddsDatanode,/,file:///tmp/jetty-0_0_0_0-37739-hdds-container-service-1_2_0-SNAPSHOT_jar-_-any-8935269953388703940/webapp/,AVAILABLE}{jar:file:/home/runner/.m2/repository/org/apache/ozone/hdds-container-service/1.2.0-SNAPSHOT/hdds-container-service-1.2.0-SNAPSHOT.jar!/webapps/hddsDatanode}
2021-10-21 00:13:41,625 [Listener at 127.0.0.1/34193] INFO  server.AbstractConnector (AbstractConnector.java:doStart(331)) - Started ServerConnector@67035094{HTTP/1.1, (http/1.1)}{0.0.0.0:37739}
2021-10-21 00:13:41,625 [Listener at 127.0.0.1/34193] INFO  server.Server (Server.java:doStart(415)) - Started @253619ms
2021-10-21 00:13:41,625 [Listener at 127.0.0.1/34193] WARN  impl.MetricsSystemImpl (MetricsSystemImpl.java:register(279)) - Sink prometheus already exists!
2021-10-21 00:13:41,626 [Listener at 127.0.0.1/34193] INFO  http.BaseHttpServer (BaseHttpServer.java:updateConnectorAddress(329)) - HTTP server of hddsDatanode listening at http://0.0.0.0:37739
2021-10-21 00:13:41,627 [Listener at 127.0.0.1/34193] WARN  impl.MetricRegistriesImpl (MetricRegistriesImpl.java:addReporterRegistration(111)) - New reporters are added after registries were created. Some metrics will be missing from the reporter. Please add reporter before adding any new registry.
2021-10-21 00:13:41,627 [Listener at 127.0.0.1/34193] WARN  impl.MetricRegistriesImpl (MetricRegistriesImpl.java:addReporterRegistration(111)) - New reporters are added after registries were created. Some metrics will be missing from the reporter. Please add reporter before adding any new registry.
2021-10-21 00:13:41,627 [Listener at 127.0.0.1/34193] INFO  impl.MetricsSystemImpl (MetricsSystemImpl.java:init(158)) - HddsDatanode metrics system started (again)
2021-10-21 00:13:41,649 [EndpointStateMachine task thread for /0.0.0.0:35879 - 0 ] INFO  ozoneimpl.OzoneContainer (OzoneContainer.java:start(304)) - Attempting to start container services.
2021-10-21 00:13:41,649 [EndpointStateMachine task thread for /0.0.0.0:35879 - 0 ] INFO  ozoneimpl.OzoneContainer (OzoneContainer.java:startContainerScrub(249)) - Background container scanner has been disabled.
2021-10-21 00:13:41,650 [EndpointStateMachine task thread for /0.0.0.0:35879 - 0 ] INFO  replication.ReplicationServer (ReplicationServer.java:start(107)) - ReplicationServer is started using port 33993
2021-10-21 00:13:41,656 [EndpointStateMachine task thread for /0.0.0.0:35879 - 0 ] INFO  ratis.XceiverServerRatis (XceiverServerRatis.java:start(484)) - Starting XceiverServerRatis 6c4bf312-847f-4261-b1bf-aef11305f2d7
2021-10-21 00:13:41,663 [EndpointStateMachine task thread for /0.0.0.0:35879 - 0 ] INFO  server.RaftServer (RaftServerProxy.java:lambda$start$5(374)) - 6c4bf312-847f-4261-b1bf-aef11305f2d7: start RPC server
2021-10-21 00:13:41,707 [Datanode State Machine Thread - 0] INFO  statemachine.DatanodeStateMachine (DatanodeStateMachine.java:lambda$startDaemon$0(465)) - Ozone container server started.
2021-10-21 00:13:41,717 [EndpointStateMachine task thread for /0.0.0.0:35879 - 0 ] INFO  server.GrpcService (GrpcService.java:startImpl(253)) - 6c4bf312-847f-4261-b1bf-aef11305f2d7: GrpcService started, listening on 45071
2021-10-21 00:13:41,717 [EndpointStateMachine task thread for /0.0.0.0:35879 - 0 ] INFO  ratis.XceiverServerRatis (XceiverServerRatis.java:getRealPort(505)) - XceiverServerRatis 6c4bf312-847f-4261-b1bf-aef11305f2d7 is started using port 45071 for RATIS
2021-10-21 00:13:41,717 [EndpointStateMachine task thread for /0.0.0.0:35879 - 0 ] INFO  ratis.XceiverServerRatis (XceiverServerRatis.java:getRealPort(505)) - XceiverServerRatis 6c4bf312-847f-4261-b1bf-aef11305f2d7 is started using port 45071 for RATIS_ADMIN
2021-10-21 00:13:41,717 [EndpointStateMachine task thread for /0.0.0.0:35879 - 0 ] INFO  ratis.XceiverServerRatis (XceiverServerRatis.java:getRealPort(505)) - XceiverServerRatis 6c4bf312-847f-4261-b1bf-aef11305f2d7 is started using port 45071 for RATIS_SERVER
2021-10-21 00:13:41,718 [EndpointStateMachine task thread for /0.0.0.0:35879 - 0 ] INFO  server.XceiverServerGrpc (XceiverServerGrpc.java:start(135)) - XceiverServerGrpc 6c4bf312-847f-4261-b1bf-aef11305f2d7 is started using port 38819
2021-10-21 00:13:41,739 [org.apache.ratis.util.JvmPauseMonitor$$Lambda$531/1336496959@1b4887aa] INFO  util.JvmPauseMonitor (JvmPauseMonitor.java:run(103)) - JvmPauseMonitor-6c4bf312-847f-4261-b1bf-aef11305f2d7: Started
2021-10-21 00:13:41,740 [IPC Server handler 19 on default port 35879] INFO  net.NetworkTopologyImpl (NetworkTopologyImpl.java:add(112)) - Added a new node: /default-rack/b1aa2fe7-eb40-4f9f-bfee-6ed7c04c202c
2021-10-21 00:13:41,740 [IPC Server handler 19 on default port 35879] INFO  node.SCMNodeManager (SCMNodeManager.java:register(389)) - Registered Data node : b1aa2fe7-eb40-4f9f-bfee-6ed7c04c202c{ip: 10.1.0.21, host: fv-az395-87.zfmzfyrfkyou3ow0tsr0jxwq1e.bx.internal.cloudapp.net, ports: [REPLICATION=33729, RATIS=36605, RATIS_ADMIN=36605, RATIS_SERVER=36605, STANDALONE=33747], networkLocation: /default-rack, certSerialId: null, persistedOpState: null, persistedOpStateExpiryEpochSec: 0}
2021-10-21 00:13:41,741 [EventQueue-NewNodeForNewNodeHandler] INFO  pipeline.BackgroundPipelineCreator (BackgroundPipelineCreator.java:notifyEventTriggered(285)) - trigger a one-shot run on RatisPipelineUtilsThread.
2021-10-21 00:13:41,741 [RatisPipelineUtilsThread - 0] INFO  pipeline.RatisPipelineProvider (RatisPipelineProvider.java:lambda$create$0(183)) - Sending CreatePipelineCommand for pipeline:PipelineID=90eb6df1-f670-4912-ae0e-ae50f5e5aa8c to datanode:b1aa2fe7-eb40-4f9f-bfee-6ed7c04c202c
2021-10-21 00:13:41,742 [RatisPipelineUtilsThread - 0] INFO  pipeline.PipelineStateManagerImpl (PipelineStateManagerImpl.java:addPipeline(101)) - Created pipeline Pipeline[ Id: 90eb6df1-f670-4912-ae0e-ae50f5e5aa8c, Nodes: b1aa2fe7-eb40-4f9f-bfee-6ed7c04c202c{ip: 10.1.0.21, host: fv-az395-87.zfmzfyrfkyou3ow0tsr0jxwq1e.bx.internal.cloudapp.net, ports: [REPLICATION=33729, RATIS=36605, RATIS_ADMIN=36605, RATIS_SERVER=36605, STANDALONE=33747], networkLocation: /default-rack, certSerialId: null, persistedOpState: IN_SERVICE, persistedOpStateExpiryEpochSec: 0}, ReplicationConfig: RATIS/ONE, State:ALLOCATED, leaderId:, CreationTimestamp2021-10-21T00:13:41.741Z[Etc/UTC]].
2021-10-21 00:13:41,749 [Listener at 127.0.0.1/34193] INFO  ozone.HddsDatanodeService (HddsDatanodeService.java:start(234)) - HddsDatanodeService host:fv-az395-87.zfmzfyrfkyou3ow0tsr0jxwq1e.bx.internal.cloudapp.net ip:10.1.0.21
2021-10-21 00:13:41,796 [Datanode State Machine Task Thread - 0] INFO  datanode.InitDatanodeState (InitDatanodeState.java:persistContainerDatanodeDetails(145)) - DatanodeDetails is persisted to /home/runner/work/ozone/ozone/hadoop-ozone/integration-test/target/test-dir/MiniOzoneClusterImpl-0ff56402-746c-4b46-aacb-40edab3b56db/datanode-7/meta/datanode.id
2021-10-21 00:13:41,771 [org.apache.hadoop.util.JvmPauseMonitor$Monitor@1a099bfc] INFO  util.JvmPauseMonitor (JvmPauseMonitor.java:run(188)) - Starting JVM pause monitor
2021-10-21 00:13:41,883 [Listener at 127.0.0.1/34193] INFO  upgrade.AbstractLayoutVersionManager (AbstractLayoutVersionManager.java:init(79)) - Initializing Layout version manager with metadata layout = SCM_HA (version = 2), software layout = SCM_HA (version = 2)
2021-10-21 00:13:42,011 [Listener at 127.0.0.1/34193] INFO  reflections.Reflections (Reflections.java:scan(232)) - Reflections took 126 ms to scan 7 urls, producing 119 keys and 279 values 
2021-10-21 00:13:42,015 [Listener at 127.0.0.1/34193] INFO  volume.HddsVolume (HddsVolume.java:<init>(120)) - Creating HddsVolume: /home/runner/work/ozone/ozone/hadoop-ozone/integration-test/target/test-dir/MiniOzoneClusterImpl-0ff56402-746c-4b46-aacb-40edab3b56db/datanode-8/data-0/containers/hdds of storage type : DISK capacity : 9223372036854775807
2021-10-21 00:13:42,015 [Listener at 127.0.0.1/34193] INFO  volume.MutableVolumeSet (MutableVolumeSet.java:initializeVolumeSet(168)) - Added Volume : /home/runner/work/ozone/ozone/hadoop-ozone/integration-test/target/test-dir/MiniOzoneClusterImpl-0ff56402-746c-4b46-aacb-40edab3b56db/datanode-8/data-0/containers/hdds to VolumeSet
2021-10-21 00:13:42,015 [Listener at 127.0.0.1/34193] INFO  volume.ThrottledAsyncChecker (ThrottledAsyncChecker.java:schedule(141)) - Scheduling a check for /home/runner/work/ozone/ozone/hadoop-ozone/integration-test/target/test-dir/MiniOzoneClusterImpl-0ff56402-746c-4b46-aacb-40edab3b56db/datanode-8/data-0/containers/hdds
2021-10-21 00:13:42,084 [Listener at 127.0.0.1/34193] INFO  volume.StorageVolumeChecker (StorageVolumeChecker.java:checkAllVolumes(202)) - Scheduled health check for volume /home/runner/work/ozone/ozone/hadoop-ozone/integration-test/target/test-dir/MiniOzoneClusterImpl-0ff56402-746c-4b46-aacb-40edab3b56db/datanode-8/data-0/containers/hdds
2021-10-21 00:13:42,101 [Command processor thread] INFO  server.RaftServer (RaftServerProxy.java:addNew(95)) - 385ed75d-b5f2-4976-82ca-03b327f31da0: addNew group-341CD129DCEB:[385ed75d-b5f2-4976-82ca-03b327f31da0|rpc:10.1.0.21:43801|priority:1] returns group-341CD129DCEB:java.util.concurrent.CompletableFuture@72bd99a[Not completed]
2021-10-21 00:13:42,101 [pool-787-thread-1] INFO  server.RaftServer$Division (RaftServerImpl.java:<init>(184)) - 385ed75d-b5f2-4976-82ca-03b327f31da0: new RaftServerImpl for group-341CD129DCEB:[385ed75d-b5f2-4976-82ca-03b327f31da0|rpc:10.1.0.21:43801|priority:1] with ContainerStateMachine:uninitialized
2021-10-21 00:13:42,102 [pool-787-thread-1] INFO  server.RaftServerConfigKeys (ConfUtils.java:logGet(44)) - raft.server.rpc.timeout.min = 5s (custom)
2021-10-21 00:13:42,102 [pool-787-thread-1] INFO  server.RaftServerConfigKeys (ConfUtils.java:logGet(44)) - raft.server.rpc.timeout.max = 5200ms (custom)
2021-10-21 00:13:42,102 [pool-787-thread-1] INFO  server.RaftServerConfigKeys (ConfUtils.java:logGet(44)) - raft.server.rpc.sleep.time = 25ms (default)
2021-10-21 00:13:42,102 [pool-787-thread-1] INFO  server.RaftServerConfigKeys (ConfUtils.java:logGet(44)) - raft.server.rpc.slowness.timeout = 300000ms (custom)
2021-10-21 00:13:42,102 [pool-787-thread-1] INFO  server.RaftServerConfigKeys (ConfUtils.java:logGet(44)) - raft.server.leaderelection.leader.step-down.wait-time = 10s (default)
2021-10-21 00:13:42,102 [pool-787-thread-1] INFO  server.RaftServerConfigKeys (ConfUtils.java:logGet(44)) - raft.server.sleep.deviation.threshold = 300ms (default)
2021-10-21 00:13:42,102 [pool-787-thread-1] INFO  server.RaftServerConfigKeys (ConfUtils.java:logGet(44)) - raft.server.log.appender.install.snapshot.enabled = false (custom)
2021-10-21 00:13:42,102 [pool-787-thread-1] INFO  server.RaftServer$Division (ServerState.java:<init>(105)) - 385ed75d-b5f2-4976-82ca-03b327f31da0@group-341CD129DCEB: ConfigurationManager, init=-1: [385ed75d-b5f2-4976-82ca-03b327f31da0|rpc:10.1.0.21:43801|priority:1], old=null, confs=<EMPTY_MAP>
2021-10-21 00:13:42,102 [pool-787-thread-1] INFO  server.RaftServerConfigKeys (ConfUtils.java:logGet(44)) - raft.server.storage.dir = [/home/runner/work/ozone/ozone/hadoop-ozone/integration-test/target/test-dir/MiniOzoneClusterImpl-0ff56402-746c-4b46-aacb-40edab3b56db/datanode-0/data/ratis] (custom)
2021-10-21 00:13:42,102 [pool-787-thread-1] INFO  server.RaftServerConfigKeys (ConfUtils.java:logGet(44)) - raft.server.log.corruption.policy = EXCEPTION (default)
2021-10-21 00:13:42,102 [pool-787-thread-1] INFO  server.RaftServerConfigKeys (ConfUtils.java:logGet(44)) - raft.server.storage.free-space.min = 0MB (=0) (default)
2021-10-21 00:13:42,102 [pool-787-thread-1] INFO  storage.RaftStorageDirectory (RaftStorageDirectoryImpl.java:analyzeStorage(135)) - The storage directory /home/runner/work/ozone/ozone/hadoop-ozone/integration-test/target/test-dir/MiniOzoneClusterImpl-0ff56402-746c-4b46-aacb-40edab3b56db/datanode-0/data/ratis/a9903480-2b87-4623-a617-341cd129dceb does not exist. Creating ...
2021-10-21 00:13:42,147 [pool-787-thread-1] INFO  storage.RaftStorageDirectory (RaftStorageDirectoryImpl.java:tryLock(230)) - Lock on /home/runner/work/ozone/ozone/hadoop-ozone/integration-test/target/test-dir/MiniOzoneClusterImpl-0ff56402-746c-4b46-aacb-40edab3b56db/datanode-0/data/ratis/a9903480-2b87-4623-a617-341cd129dceb/in_use.lock acquired by nodename 6507@fv-az395-87
2021-10-21 00:13:42,190 [Listener at 127.0.0.1/34193] INFO  volume.MutableVolumeSet (MutableVolumeSet.java:initializeVolumeSet(168)) - Added Volume : /home/runner/work/ozone/ozone/hadoop-ozone/integration-test/target/test-dir/MiniOzoneClusterImpl-0ff56402-746c-4b46-aacb-40edab3b56db/datanode-8/data/ratis to VolumeSet
2021-10-21 00:13:42,190 [Listener at 127.0.0.1/34193] INFO  volume.ThrottledAsyncChecker (ThrottledAsyncChecker.java:schedule(141)) - Scheduling a check for /home/runner/work/ozone/ozone/hadoop-ozone/integration-test/target/test-dir/MiniOzoneClusterImpl-0ff56402-746c-4b46-aacb-40edab3b56db/datanode-8/data/ratis
2021-10-21 00:13:42,190 [Listener at 127.0.0.1/34193] INFO  volume.StorageVolumeChecker (StorageVolumeChecker.java:checkAllVolumes(202)) - Scheduled health check for volume /home/runner/work/ozone/ozone/hadoop-ozone/integration-test/target/test-dir/MiniOzoneClusterImpl-0ff56402-746c-4b46-aacb-40edab3b56db/datanode-8/data/ratis
2021-10-21 00:13:42,256 [pool-787-thread-1] INFO  storage.RaftStorage (RaftStorageImpl.java:format(89)) - Storage directory /home/runner/work/ozone/ozone/hadoop-ozone/integration-test/target/test-dir/MiniOzoneClusterImpl-0ff56402-746c-4b46-aacb-40edab3b56db/datanode-0/data/ratis/a9903480-2b87-4623-a617-341cd129dceb has been successfully formatted.
2021-10-21 00:13:42,257 [Thread-1867] INFO  ozoneimpl.ContainerReader (ContainerReader.java:readVolume(172)) - Finish verifying containers on volume /home/runner/work/ozone/ozone/hadoop-ozone/integration-test/target/test-dir/MiniOzoneClusterImpl-0ff56402-746c-4b46-aacb-40edab3b56db/datanode-8/data-0/containers/hdds
2021-10-21 00:13:42,257 [Listener at 127.0.0.1/34193] INFO  ozoneimpl.OzoneContainer (OzoneContainer.java:buildContainerSet(236)) - Build ContainerSet costs 0s
2021-10-21 00:13:42,258 [pool-787-thread-1] INFO  ratis.ContainerStateMachine (ContainerStateMachine.java:loadSnapshot(224)) - group-341CD129DCEB: The snapshot info is null. Setting the last applied indexto:(t:0, i:~)
2021-10-21 00:13:42,259 [pool-787-thread-1] INFO  server.RaftServerConfigKeys (ConfUtils.java:logGet(44)) - raft.server.notification.no-leader.timeout = 300000ms (custom)
2021-10-21 00:13:42,259 [pool-787-thread-1] INFO  server.RaftServerConfigKeys (ConfUtils.java:logGet(44)) - raft.server.log.use.memory = false (default)
2021-10-21 00:13:42,259 [pool-787-thread-1] INFO  server.RaftServerConfigKeys (ConfUtils.java:logGet(44)) - raft.server.log.purge.gap = 1000000 (custom)
2021-10-21 00:13:42,259 [pool-787-thread-1] INFO  server.RaftServerConfigKeys (ConfUtils.java:logGet(44)) - raft.server.log.appender.buffer.byte-limit = 33554432 (custom)
2021-10-21 00:13:42,259 [Datanode State Machine Thread - 0] WARN  statemachine.StateContext (StateContext.java:execute(621)) - No available thread in pool for past 1 seconds.
2021-10-21 00:13:42,259 [pool-787-thread-1] INFO  server.RaftServerConfigKeys (ConfUtils.java:logGet(44)) - raft.server.log.segment.size.max = 1048576 (custom)
2021-10-21 00:13:42,260 [pool-787-thread-1] INFO  server.RaftServerConfigKeys (ConfUtils.java:logGet(44)) - raft.server.log.segment.cache.num.max = 2 (custom)
2021-10-21 00:13:42,260 [pool-787-thread-1] INFO  server.RaftServerConfigKeys (ConfUtils.java:logGet(44)) - raft.server.log.segment.cache.size.max = 200MB (=209715200) (default)
2021-10-21 00:13:42,260 [pool-787-thread-1] INFO  segmented.SegmentedRaftLogWorker (SegmentedRaftLogWorker.java:<init>(182)) - new 385ed75d-b5f2-4976-82ca-03b327f31da0@group-341CD129DCEB-SegmentedRaftLogWorker for RaftStorageImpl:Storage Directory /home/runner/work/ozone/ozone/hadoop-ozone/integration-test/target/test-dir/MiniOzoneClusterImpl-0ff56402-746c-4b46-aacb-40edab3b56db/datanode-0/data/ratis/a9903480-2b87-4623-a617-341cd129dceb
2021-10-21 00:13:42,260 [pool-787-thread-1] INFO  server.RaftServerConfigKeys (ConfUtils.java:logGet(44)) - raft.server.log.queue.byte-limit = 2147483647 (custom)
2021-10-21 00:13:42,260 [pool-787-thread-1] INFO  server.RaftServerConfigKeys (ConfUtils.java:logGet(44)) - raft.server.log.queue.element-limit = 1024 (custom)
2021-10-21 00:13:42,260 [pool-787-thread-1] INFO  server.RaftServerConfigKeys (ConfUtils.java:logGet(44)) - raft.server.log.segment.size.max = 1048576 (custom)
2021-10-21 00:13:42,260 [pool-787-thread-1] INFO  server.RaftServerConfigKeys (ConfUtils.java:logGet(44)) - raft.server.log.preallocated.size = 16384 (custom)
2021-10-21 00:13:42,260 [pool-787-thread-1] INFO  server.RaftServerConfigKeys (ConfUtils.java:logGet(44)) - raft.server.log.force.sync.num = 128 (default)
2021-10-21 00:13:42,260 [pool-787-thread-1] INFO  server.RaftServerConfigKeys (ConfUtils.java:logGet(44)) - raft.server.log.statemachine.data.sync = true (default)
2021-10-21 00:13:42,260 [pool-787-thread-1] INFO  server.RaftServerConfigKeys (ConfUtils.java:logGet(44)) - raft.server.log.statemachine.data.sync.timeout = 10s (default)
2021-10-21 00:13:42,260 [pool-787-thread-1] INFO  server.RaftServerConfigKeys (ConfUtils.java:logGet(44)) - raft.server.log.statemachine.data.sync.timeout.retry = -1 (default)
2021-10-21 00:13:42,261 [Listener at 127.0.0.1/34193] INFO  server.RaftServer (ConfUtils.java:logGet(44)) - raft.rpc.type = GRPC (default)
2021-10-21 00:13:42,261 [Listener at 127.0.0.1/34193] INFO  grpc.GrpcFactory (GrpcFactory.java:checkPooledByteBufAllocatorUseCacheForAllThreads(48)) - PERFORMANCE WARNING: useCacheForAllThreads is true that may cause Netty to create a lot garbage objects and, as a result, trigger GC.
	It is recommended to disable useCacheForAllThreads by setting -Dorg.apache.ratis.thirdparty.io.netty.allocator.useCacheForAllThreads=false in command line.
2021-10-21 00:13:42,261 [Listener at 127.0.0.1/34193] INFO  grpc.GrpcConfigKeys (ConfUtils.java:logGet(44)) - raft.grpc.admin.port = 0 (custom)
2021-10-21 00:13:42,261 [Listener at 127.0.0.1/34193] INFO  grpc.GrpcConfigKeys (ConfUtils.java:logGet(44)) - raft.grpc.client.port = 0 (custom)
2021-10-21 00:13:42,261 [Listener at 127.0.0.1/34193] INFO  grpc.GrpcConfigKeys (ConfUtils.java:logGet(44)) - raft.grpc.server.port = 0 (default)
2021-10-21 00:13:42,261 [Listener at 127.0.0.1/34193] INFO  server.GrpcService (ConfUtils.java:logGet(44)) - raft.grpc.message.size.max = 32MB (=33554432) (custom)
2021-10-21 00:13:42,262 [Listener at 127.0.0.1/34193] INFO  server.RaftServerConfigKeys (ConfUtils.java:logGet(44)) - raft.server.log.appender.buffer.byte-limit = 33554432 (custom)
2021-10-21 00:13:42,262 [Listener at 127.0.0.1/34193] INFO  server.GrpcService (ConfUtils.java:logGet(44)) - raft.grpc.flow.control.window = 5MB (=5242880) (custom)
2021-10-21 00:13:42,262 [Listener at 127.0.0.1/34193] INFO  server.RaftServerConfigKeys (ConfUtils.java:logGet(44)) - raft.server.rpc.request.timeout = 3000ms (default)
2021-10-21 00:13:42,262 [pool-787-thread-1] INFO  server.RaftServerConfigKeys (ConfUtils.java:logGet(44)) - raft.server.log.write.buffer.size = 1048576 (custom)
2021-10-21 00:13:42,263 [Listener at 127.0.0.1/34193] INFO  impl.DataStreamServerImpl (ConfUtils.java:logGet(44)) - raft.datastream.type = DISABLED (default)
2021-10-21 00:13:42,263 [Listener at 127.0.0.1/34193] INFO  server.RaftServerConfigKeys (ConfUtils.java:logGet(44)) - raft.server.rpc.slowness.timeout = 300000ms (custom)
2021-10-21 00:13:42,263 [Listener at 127.0.0.1/34193] INFO  server.RaftServerConfigKeys (ConfUtils.java:logGet(44)) - raft.server.leaderelection.leader.step-down.wait-time = 10s (default)
2021-10-21 00:13:42,263 [Listener at 127.0.0.1/34193] INFO  server.RaftServerConfigKeys (ConfUtils.java:logGet(44)) - raft.server.storage.dir = [/home/runner/work/ozone/ozone/hadoop-ozone/integration-test/target/test-dir/MiniOzoneClusterImpl-0ff56402-746c-4b46-aacb-40edab3b56db/datanode-8/data/ratis] (custom)
2021-10-21 00:13:42,265 [EventQueue-PipelineReportForPipelineReportHandler] INFO  pipeline.PipelineManagerImpl (PipelineManagerImpl.java:openPipeline(282)) - Pipeline Pipeline[ Id: a9903480-2b87-4623-a617-341cd129dceb, Nodes: 385ed75d-b5f2-4976-82ca-03b327f31da0{ip: 10.1.0.21, host: fv-az395-87.zfmzfyrfkyou3ow0tsr0jxwq1e.bx.internal.cloudapp.net, ports: [REPLICATION=33539, RATIS=43801, RATIS_ADMIN=43801, RATIS_SERVER=43801, STANDALONE=46065], networkLocation: /default-rack, certSerialId: null, persistedOpState: IN_SERVICE, persistedOpStateExpiryEpochSec: 0}, ReplicationConfig: RATIS/ONE, State:ALLOCATED, leaderId:385ed75d-b5f2-4976-82ca-03b327f31da0, CreationTimestamp2021-10-21T00:13:39.222Z[Etc/UTC]] moved to OPEN state
2021-10-21 00:13:42,358 [pool-787-thread-1] INFO  server.RaftServerConfigKeys (ConfUtils.java:logGet(44)) - raft.server.log.statemachine.data.caching.enabled = true (custom)
2021-10-21 00:13:42,358 [pool-787-thread-1] INFO  segmented.SegmentedRaftLogWorker (SegmentedRaftLogWorker.java:lambda$new$0(133)) - 385ed75d-b5f2-4976-82ca-03b327f31da0@group-341CD129DCEB-SegmentedRaftLogWorker: flushIndex: setUnconditionally 0 -> -1
2021-10-21 00:13:42,358 [pool-787-thread-1] INFO  segmented.SegmentedRaftLogWorker (SegmentedRaftLogWorker.java:lambda$new$0(133)) - 385ed75d-b5f2-4976-82ca-03b327f31da0@group-341CD129DCEB-SegmentedRaftLogWorker: safeCacheEvictIndex: setUnconditionally 0 -> -1
2021-10-21 00:13:42,359 [EventQueue-OpenPipelineForHealthyPipelineSafeModeRule] INFO  safemode.SCMSafeModeManager (HealthyPipelineSafeModeRule.java:process(124)) - SCM in safe mode. Healthy pipelines reported count is 0, required healthy pipeline reported count is 1
2021-10-21 00:13:42,372 [Listener at 127.0.0.1/34193] INFO  http.BaseHttpServer (BaseHttpServer.java:newHttpServer2BuilderForOzone(209)) - Starting Web-server for hddsDatanode at: http://0.0.0.0:0
2021-10-21 00:13:42,372 [Listener at 127.0.0.1/34193] INFO  http.BaseHttpServer (BaseHttpServer.java:<init>(107)) - Hadoop Security Enabled: false Ozone Security Enabled: false Ozone HTTP Security Enabled: false 
2021-10-21 00:13:42,373 [Listener at 127.0.0.1/34193] INFO  server.AuthenticationFilter (AuthenticationFilter.java:constructSecretProvider(240)) - Unable to initialize FileSignerSecretProvider, falling back to use random secrets.
2021-10-21 00:13:42,383 [pool-787-thread-1] INFO  server.RaftServerConfigKeys (ConfUtils.java:logGet(44)) - raft.server.snapshot.auto.trigger.enabled = true (custom)
2021-10-21 00:13:42,383 [pool-787-thread-1] INFO  server.RaftServerConfigKeys (ConfUtils.java:logGet(44)) - raft.server.snapshot.auto.trigger.threshold = 10000 (custom)
2021-10-21 00:13:42,383 [pool-787-thread-1] INFO  server.RaftServerConfigKeys (ConfUtils.java:logGet(44)) - raft.server.snapshot.retention.file.num = 5 (custom)
2021-10-21 00:13:42,383 [pool-787-thread-1] INFO  server.RaftServerConfigKeys (ConfUtils.java:logGet(44)) - raft.server.log.purge.upto.snapshot.index = false (default)
2021-10-21 00:13:42,383 [pool-787-thread-1] INFO  server.RaftServerConfigKeys (ConfUtils.java:logGet(44)) - raft.server.retrycache.expirytime = 600000ms (custom)
2021-10-21 00:13:42,383 [pool-787-thread-1] INFO  server.RaftServerConfigKeys (ConfUtils.java:logGet(44)) - raft.server.retrycache.statistics.expirytime = 100μs (default)
2021-10-21 00:13:42,386 [pool-787-thread-1] INFO  server.RaftServer$Division (RaftServerImpl.java:start(301)) - 385ed75d-b5f2-4976-82ca-03b327f31da0@group-341CD129DCEB: start as a follower, conf=-1: [385ed75d-b5f2-4976-82ca-03b327f31da0|rpc:10.1.0.21:43801|priority:1], old=null
2021-10-21 00:13:42,386 [pool-787-thread-1] INFO  server.RaftServer$Division (RaftServerImpl.java:setRole(290)) - 385ed75d-b5f2-4976-82ca-03b327f31da0@group-341CD129DCEB: changes role from      null to FOLLOWER at term 0 for startAsFollower
2021-10-21 00:13:42,386 [pool-787-thread-1] INFO  impl.RoleInfo (RoleInfo.java:updateAndGet(130)) - 385ed75d-b5f2-4976-82ca-03b327f31da0: start 385ed75d-b5f2-4976-82ca-03b327f31da0@group-341CD129DCEB-FollowerState
2021-10-21 00:13:42,411 [pool-787-thread-1] INFO  util.JmxRegister (JmxRegister.java:tryRegister(44)) - Successfully registered JMX Bean with object name Ratis:service=RaftServer,group=group-341CD129DCEB,id=385ed75d-b5f2-4976-82ca-03b327f31da0
2021-10-21 00:13:42,412 [Listener at 127.0.0.1/34193] WARN  http.HttpRequestLog (HttpRequestLog.java:getRequestLog(103)) - Jetty request log can only be enabled using Log4j
2021-10-21 00:13:42,413 [Command processor thread] INFO  ratis.XceiverServerRatis (XceiverServerRatis.java:addGroup(768)) - Created group PipelineID=a9903480-2b87-4623-a617-341cd129dceb
2021-10-21 00:13:42,413 [Command processor thread] INFO  commandhandler.CreatePipelineCommandHandler (CreatePipelineCommandHandler.java:handle(106)) - Created Pipeline RATIS ONE PipelineID=a9903480-2b87-4623-a617-341cd129dceb.
2021-10-21 00:13:42,413 [Command processor thread] INFO  server.RaftServer (RaftServerProxy.java:addNew(95)) - 385ed75d-b5f2-4976-82ca-03b327f31da0: addNew group-1ABE1F802D80:[43a8bf6a-c132-4b01-9df6-8da121d8da0e|rpc:10.1.0.21:44683|priority:1, b064551b-1fe0-41a9-91d7-ea536b2590c0|rpc:10.1.0.21:37069|priority:0, 385ed75d-b5f2-4976-82ca-03b327f31da0|rpc:10.1.0.21:43801|priority:0] returns group-1ABE1F802D80:java.util.concurrent.CompletableFuture@3144da7[Not completed]
2021-10-21 00:13:42,414 [pool-787-thread-1] INFO  server.RaftServer$Division (RaftServerImpl.java:<init>(184)) - 385ed75d-b5f2-4976-82ca-03b327f31da0: new RaftServerImpl for group-1ABE1F802D80:[43a8bf6a-c132-4b01-9df6-8da121d8da0e|rpc:10.1.0.21:44683|priority:1, b064551b-1fe0-41a9-91d7-ea536b2590c0|rpc:10.1.0.21:37069|priority:0, 385ed75d-b5f2-4976-82ca-03b327f31da0|rpc:10.1.0.21:43801|priority:0] with ContainerStateMachine:uninitialized
2021-10-21 00:13:42,414 [pool-787-thread-1] INFO  server.RaftServerConfigKeys (ConfUtils.java:logGet(44)) - raft.server.rpc.timeout.min = 5s (custom)
2021-10-21 00:13:42,414 [pool-787-thread-1] INFO  server.RaftServerConfigKeys (ConfUtils.java:logGet(44)) - raft.server.rpc.timeout.max = 5200ms (custom)
2021-10-21 00:13:42,414 [pool-787-thread-1] INFO  server.RaftServerConfigKeys (ConfUtils.java:logGet(44)) - raft.server.rpc.sleep.time = 25ms (default)
2021-10-21 00:13:42,414 [pool-787-thread-1] INFO  server.RaftServerConfigKeys (ConfUtils.java:logGet(44)) - raft.server.rpc.slowness.timeout = 300000ms (custom)
2021-10-21 00:13:42,414 [pool-787-thread-1] INFO  server.RaftServerConfigKeys (ConfUtils.java:logGet(44)) - raft.server.leaderelection.leader.step-down.wait-time = 10s (default)
2021-10-21 00:13:42,414 [pool-787-thread-1] INFO  server.RaftServerConfigKeys (ConfUtils.java:logGet(44)) - raft.server.sleep.deviation.threshold = 300ms (default)
2021-10-21 00:13:42,414 [pool-787-thread-1] INFO  server.RaftServerConfigKeys (ConfUtils.java:logGet(44)) - raft.server.log.appender.install.snapshot.enabled = false (custom)
2021-10-21 00:13:42,414 [pool-787-thread-1] INFO  server.RaftServer$Division (ServerState.java:<init>(105)) - 385ed75d-b5f2-4976-82ca-03b327f31da0@group-1ABE1F802D80: ConfigurationManager, init=-1: [43a8bf6a-c132-4b01-9df6-8da121d8da0e|rpc:10.1.0.21:44683|priority:1, b064551b-1fe0-41a9-91d7-ea536b2590c0|rpc:10.1.0.21:37069|priority:0, 385ed75d-b5f2-4976-82ca-03b327f31da0|rpc:10.1.0.21:43801|priority:0], old=null, confs=<EMPTY_MAP>
2021-10-21 00:13:42,414 [pool-787-thread-1] INFO  server.RaftServerConfigKeys (ConfUtils.java:logGet(44)) - raft.server.storage.dir = [/home/runner/work/ozone/ozone/hadoop-ozone/integration-test/target/test-dir/MiniOzoneClusterImpl-0ff56402-746c-4b46-aacb-40edab3b56db/datanode-0/data/ratis] (custom)
2021-10-21 00:13:42,415 [pool-787-thread-1] INFO  server.RaftServerConfigKeys (ConfUtils.java:logGet(44)) - raft.server.log.corruption.policy = EXCEPTION (default)
2021-10-21 00:13:42,415 [pool-787-thread-1] INFO  server.RaftServerConfigKeys (ConfUtils.java:logGet(44)) - raft.server.storage.free-space.min = 0MB (=0) (default)
2021-10-21 00:13:42,415 [pool-787-thread-1] INFO  storage.RaftStorageDirectory (RaftStorageDirectoryImpl.java:analyzeStorage(135)) - The storage directory /home/runner/work/ozone/ozone/hadoop-ozone/integration-test/target/test-dir/MiniOzoneClusterImpl-0ff56402-746c-4b46-aacb-40edab3b56db/datanode-0/data/ratis/d739659e-f08f-42ab-8521-1abe1f802d80 does not exist. Creating ...
2021-10-21 00:13:42,427 [pool-787-thread-1] INFO  storage.RaftStorageDirectory (RaftStorageDirectoryImpl.java:tryLock(230)) - Lock on /home/runner/work/ozone/ozone/hadoop-ozone/integration-test/target/test-dir/MiniOzoneClusterImpl-0ff56402-746c-4b46-aacb-40edab3b56db/datanode-0/data/ratis/d739659e-f08f-42ab-8521-1abe1f802d80/in_use.lock acquired by nodename 6507@fv-az395-87
2021-10-21 00:13:42,431 [pool-787-thread-1] INFO  storage.RaftStorage (RaftStorageImpl.java:format(89)) - Storage directory /home/runner/work/ozone/ozone/hadoop-ozone/integration-test/target/test-dir/MiniOzoneClusterImpl-0ff56402-746c-4b46-aacb-40edab3b56db/datanode-0/data/ratis/d739659e-f08f-42ab-8521-1abe1f802d80 has been successfully formatted.
2021-10-21 00:13:42,432 [pool-787-thread-1] INFO  ratis.ContainerStateMachine (ContainerStateMachine.java:loadSnapshot(224)) - group-1ABE1F802D80: The snapshot info is null. Setting the last applied indexto:(t:0, i:~)
2021-10-21 00:13:42,432 [pool-787-thread-1] INFO  server.RaftServerConfigKeys (ConfUtils.java:logGet(44)) - raft.server.notification.no-leader.timeout = 300000ms (custom)
2021-10-21 00:13:42,432 [pool-787-thread-1] INFO  server.RaftServerConfigKeys (ConfUtils.java:logGet(44)) - raft.server.log.use.memory = false (default)
2021-10-21 00:13:42,432 [pool-787-thread-1] INFO  server.RaftServerConfigKeys (ConfUtils.java:logGet(44)) - raft.server.log.purge.gap = 1000000 (custom)
2021-10-21 00:13:42,432 [pool-787-thread-1] INFO  server.RaftServerConfigKeys (ConfUtils.java:logGet(44)) - raft.server.log.appender.buffer.byte-limit = 33554432 (custom)
2021-10-21 00:13:42,432 [pool-787-thread-1] INFO  server.RaftServerConfigKeys (ConfUtils.java:logGet(44)) - raft.server.log.segment.size.max = 1048576 (custom)
2021-10-21 00:13:42,433 [pool-787-thread-1] INFO  server.RaftServerConfigKeys (ConfUtils.java:logGet(44)) - raft.server.log.segment.cache.num.max = 2 (custom)
2021-10-21 00:13:42,433 [pool-787-thread-1] INFO  server.RaftServerConfigKeys (ConfUtils.java:logGet(44)) - raft.server.log.segment.cache.size.max = 200MB (=209715200) (default)
2021-10-21 00:13:42,439 [pool-787-thread-1] INFO  segmented.SegmentedRaftLogWorker (SegmentedRaftLogWorker.java:<init>(182)) - new 385ed75d-b5f2-4976-82ca-03b327f31da0@group-1ABE1F802D80-SegmentedRaftLogWorker for RaftStorageImpl:Storage Directory /home/runner/work/ozone/ozone/hadoop-ozone/integration-test/target/test-dir/MiniOzoneClusterImpl-0ff56402-746c-4b46-aacb-40edab3b56db/datanode-0/data/ratis/d739659e-f08f-42ab-8521-1abe1f802d80
2021-10-21 00:13:42,439 [pool-787-thread-1] INFO  server.RaftServerConfigKeys (ConfUtils.java:logGet(44)) - raft.server.log.queue.byte-limit = 2147483647 (custom)
2021-10-21 00:13:42,439 [pool-787-thread-1] INFO  server.RaftServerConfigKeys (ConfUtils.java:logGet(44)) - raft.server.log.queue.element-limit = 1024 (custom)
2021-10-21 00:13:42,439 [pool-787-thread-1] INFO  server.RaftServerConfigKeys (ConfUtils.java:logGet(44)) - raft.server.log.segment.size.max = 1048576 (custom)
2021-10-21 00:13:42,439 [pool-787-thread-1] INFO  server.RaftServerConfigKeys (ConfUtils.java:logGet(44)) - raft.server.log.preallocated.size = 16384 (custom)
2021-10-21 00:13:42,439 [pool-787-thread-1] INFO  server.RaftServerConfigKeys (ConfUtils.java:logGet(44)) - raft.server.log.force.sync.num = 128 (default)
2021-10-21 00:13:42,439 [pool-787-thread-1] INFO  server.RaftServerConfigKeys (ConfUtils.java:logGet(44)) - raft.server.log.statemachine.data.sync = true (default)
2021-10-21 00:13:42,439 [pool-787-thread-1] INFO  server.RaftServerConfigKeys (ConfUtils.java:logGet(44)) - raft.server.log.statemachine.data.sync.timeout = 10s (default)
2021-10-21 00:13:42,439 [pool-787-thread-1] INFO  server.RaftServerConfigKeys (ConfUtils.java:logGet(44)) - raft.server.log.statemachine.data.sync.timeout.retry = -1 (default)
2021-10-21 00:13:42,441 [pool-787-thread-1] INFO  server.RaftServerConfigKeys (ConfUtils.java:logGet(44)) - raft.server.log.write.buffer.size = 1048576 (custom)
2021-10-21 00:13:42,442 [pool-787-thread-1] INFO  server.RaftServerConfigKeys (ConfUtils.java:logGet(44)) - raft.server.log.statemachine.data.caching.enabled = true (custom)
2021-10-21 00:13:42,442 [pool-787-thread-1] INFO  segmented.SegmentedRaftLogWorker (SegmentedRaftLogWorker.java:lambda$new$0(133)) - 385ed75d-b5f2-4976-82ca-03b327f31da0@group-1ABE1F802D80-SegmentedRaftLogWorker: flushIndex: setUnconditionally 0 -> -1
2021-10-21 00:13:42,445 [pool-787-thread-1] INFO  segmented.SegmentedRaftLogWorker (SegmentedRaftLogWorker.java:lambda$new$0(133)) - 385ed75d-b5f2-4976-82ca-03b327f31da0@group-1ABE1F802D80-SegmentedRaftLogWorker: safeCacheEvictIndex: setUnconditionally 0 -> -1
2021-10-21 00:13:42,435 [Datanode State Machine Thread - 0] WARN  statemachine.StateContext (StateContext.java:execute(621)) - No available thread in pool for past 1 seconds.
2021-10-21 00:13:42,463 [Listener at 127.0.0.1/34193] INFO  http.HttpServer2 (HttpServer2.java:addGlobalFilter(1030)) - Added global filter 'safety' (class=org.apache.hadoop.hdds.server.http.HttpServer2$QuotingInputFilter)
2021-10-21 00:13:42,464 [Listener at 127.0.0.1/34193] INFO  http.HttpServer2 (HttpServer2.java:addFilter(1006)) - Added filter static_user_filter (class=org.apache.hadoop.http.lib.StaticUserWebFilter$StaticUserFilter) to context hddsDatanode
2021-10-21 00:13:42,464 [Listener at 127.0.0.1/34193] INFO  http.HttpServer2 (HttpServer2.java:addFilter(1014)) - Added filter static_user_filter (class=org.apache.hadoop.http.lib.StaticUserWebFilter$StaticUserFilter) to context static
2021-10-21 00:13:42,464 [Listener at 127.0.0.1/34193] INFO  http.HttpServer2 (HttpServer2.java:addFilter(1014)) - Added filter static_user_filter (class=org.apache.hadoop.http.lib.StaticUserWebFilter$StaticUserFilter) to context logs
2021-10-21 00:13:42,499 [Listener at 127.0.0.1/34193] INFO  http.HttpServer2 (HttpServer2.java:bindListener(1249)) - Jetty bound to port 46251
2021-10-21 00:13:42,499 [Listener at 127.0.0.1/34193] INFO  server.Server (Server.java:doStart(375)) - jetty-9.4.43.v20210629; built: 2021-06-30T11:07:22.254Z; git: 526006ecfa3af7f1a27ef3a288e2bef7ea9dd7e8; jvm 1.8.0_292-b10
2021-10-21 00:13:42,505 [pool-787-thread-1] INFO  server.RaftServerConfigKeys (ConfUtils.java:logGet(44)) - raft.server.snapshot.auto.trigger.enabled = true (custom)
2021-10-21 00:13:42,505 [pool-787-thread-1] INFO  server.RaftServerConfigKeys (ConfUtils.java:logGet(44)) - raft.server.snapshot.auto.trigger.threshold = 10000 (custom)
2021-10-21 00:13:42,505 [pool-787-thread-1] INFO  server.RaftServerConfigKeys (ConfUtils.java:logGet(44)) - raft.server.snapshot.retention.file.num = 5 (custom)
2021-10-21 00:13:42,505 [pool-787-thread-1] INFO  server.RaftServerConfigKeys (ConfUtils.java:logGet(44)) - raft.server.log.purge.upto.snapshot.index = false (default)
2021-10-21 00:13:42,655 [Listener at 127.0.0.1/34193] INFO  server.session (DefaultSessionIdManager.java:doStart(334)) - DefaultSessionIdManager workerName=node0
2021-10-21 00:13:42,655 [Listener at 127.0.0.1/34193] INFO  server.session (DefaultSessionIdManager.java:doStart(339)) - No SessionScavenger set, using defaults
2021-10-21 00:13:42,656 [Listener at 127.0.0.1/34193] INFO  server.session (HouseKeeper.java:startScavenging(132)) - node0 Scavenging every 600000ms
2021-10-21 00:13:42,695 [Listener at 127.0.0.1/34193] INFO  handler.ContextHandler (ContextHandler.java:doStart(915)) - Started o.e.j.s.ServletContextHandler@74ea19b1{logs,/logs,file:///home/runner/work/ozone/ozone/hadoop-ozone/integration-test/target/log,AVAILABLE}
2021-10-21 00:13:42,696 [Listener at 127.0.0.1/34193] INFO  handler.ContextHandler (ContextHandler.java:doStart(915)) - Started o.e.j.s.ServletContextHandler@180caedb{static,/static,jar:file:/home/runner/.m2/repository/org/apache/ozone/hdds-container-service/1.2.0-SNAPSHOT/hdds-container-service-1.2.0-SNAPSHOT.jar!/webapps/static,AVAILABLE}
2021-10-21 00:13:42,772 [EventQueue-OpenPipelineForHealthyPipelineSafeModeRule] INFO  safemode.SCMSafeModeManager (HealthyPipelineSafeModeRule.java:process(124)) - SCM in safe mode. Healthy pipelines reported count is 0, required healthy pipeline reported count is 1
2021-10-21 00:13:42,772 [pool-787-thread-1] INFO  server.RaftServerConfigKeys (ConfUtils.java:logGet(44)) - raft.server.retrycache.expirytime = 600000ms (custom)
2021-10-21 00:13:42,775 [pool-787-thread-1] INFO  server.RaftServerConfigKeys (ConfUtils.java:logGet(44)) - raft.server.retrycache.statistics.expirytime = 100μs (default)
2021-10-21 00:13:42,777 [pool-787-thread-1] INFO  server.RaftServer$Division (RaftServerImpl.java:start(301)) - 385ed75d-b5f2-4976-82ca-03b327f31da0@group-1ABE1F802D80: start as a follower, conf=-1: [43a8bf6a-c132-4b01-9df6-8da121d8da0e|rpc:10.1.0.21:44683|priority:1, b064551b-1fe0-41a9-91d7-ea536b2590c0|rpc:10.1.0.21:37069|priority:0, 385ed75d-b5f2-4976-82ca-03b327f31da0|rpc:10.1.0.21:43801|priority:0], old=null
2021-10-21 00:13:42,777 [pool-787-thread-1] INFO  server.RaftServer$Division (RaftServerImpl.java:setRole(290)) - 385ed75d-b5f2-4976-82ca-03b327f31da0@group-1ABE1F802D80: changes role from      null to FOLLOWER at term 0 for startAsFollower
2021-10-21 00:13:42,778 [pool-787-thread-1] INFO  impl.RoleInfo (RoleInfo.java:updateAndGet(130)) - 385ed75d-b5f2-4976-82ca-03b327f31da0: start 385ed75d-b5f2-4976-82ca-03b327f31da0@group-1ABE1F802D80-FollowerState
2021-10-21 00:13:42,803 [pool-787-thread-1] INFO  util.JmxRegister (JmxRegister.java:tryRegister(44)) - Successfully registered JMX Bean with object name Ratis:service=RaftServer,group=group-1ABE1F802D80,id=385ed75d-b5f2-4976-82ca-03b327f31da0
2021-10-21 00:13:42,811 [Command processor thread] INFO  ratis.XceiverServerRatis (XceiverServerRatis.java:addGroup(768)) - Created group PipelineID=d739659e-f08f-42ab-8521-1abe1f802d80
2021-10-21 00:13:42,821 [IPC Server handler 18 on default port 35879] INFO  net.NetworkTopologyImpl (NetworkTopologyImpl.java:add(112)) - Added a new node: /default-rack/5ad7e042-c272-4503-bb68-cca0083e8bfb
2021-10-21 00:13:42,821 [IPC Server handler 18 on default port 35879] INFO  node.SCMNodeManager (SCMNodeManager.java:register(389)) - Registered Data node : 5ad7e042-c272-4503-bb68-cca0083e8bfb{ip: 10.1.0.21, host: fv-az395-87.zfmzfyrfkyou3ow0tsr0jxwq1e.bx.internal.cloudapp.net, ports: [REPLICATION=33129, RATIS=44457, RATIS_ADMIN=44457, RATIS_SERVER=44457, STANDALONE=33953], networkLocation: /default-rack, certSerialId: null, persistedOpState: null, persistedOpStateExpiryEpochSec: 0}
2021-10-21 00:13:42,822 [EventQueue-NewNodeForNewNodeHandler] INFO  pipeline.BackgroundPipelineCreator (BackgroundPipelineCreator.java:notifyEventTriggered(285)) - trigger a one-shot run on RatisPipelineUtilsThread.
2021-10-21 00:13:42,822 [RatisPipelineUtilsThread - 0] INFO  pipeline.RatisPipelineProvider (RatisPipelineProvider.java:lambda$create$0(183)) - Sending CreatePipelineCommand for pipeline:PipelineID=9d13e69d-5ca4-4e6e-b123-e5da313f72de to datanode:5ad7e042-c272-4503-bb68-cca0083e8bfb
2021-10-21 00:13:42,823 [RatisPipelineUtilsThread - 0] INFO  pipeline.PipelineStateManagerImpl (PipelineStateManagerImpl.java:addPipeline(101)) - Created pipeline Pipeline[ Id: 9d13e69d-5ca4-4e6e-b123-e5da313f72de, Nodes: 5ad7e042-c272-4503-bb68-cca0083e8bfb{ip: 10.1.0.21, host: fv-az395-87.zfmzfyrfkyou3ow0tsr0jxwq1e.bx.internal.cloudapp.net, ports: [REPLICATION=33129, RATIS=44457, RATIS_ADMIN=44457, RATIS_SERVER=44457, STANDALONE=33953], networkLocation: /default-rack, certSerialId: null, persistedOpState: IN_SERVICE, persistedOpStateExpiryEpochSec: 0}, ReplicationConfig: RATIS/ONE, State:ALLOCATED, leaderId:, CreationTimestamp2021-10-21T00:13:42.822Z[Etc/UTC]].
2021-10-21 00:13:42,920 [grpc-default-executor-2] INFO  server.RaftServer (RaftServerProxy.java:addNew(95)) - 43a8bf6a-c132-4b01-9df6-8da121d8da0e: addNew group-1ABE1F802D80:[43a8bf6a-c132-4b01-9df6-8da121d8da0e|rpc:10.1.0.21:44683|dataStream:|priority:1, b064551b-1fe0-41a9-91d7-ea536b2590c0|rpc:10.1.0.21:37069|dataStream:|priority:0, 385ed75d-b5f2-4976-82ca-03b327f31da0|rpc:10.1.0.21:43801|dataStream:|priority:0] returns group-1ABE1F802D80:java.util.concurrent.CompletableFuture@4eddffe2[Not completed]
2021-10-21 00:13:43,007 [Command processor thread] INFO  server.RaftServer (RaftServerProxy.java:addNew(95)) - b064551b-1fe0-41a9-91d7-ea536b2590c0: addNew group-0EF0EE8E8444:[b064551b-1fe0-41a9-91d7-ea536b2590c0|rpc:10.1.0.21:37069|priority:1] returns group-0EF0EE8E8444:java.util.concurrent.CompletableFuture@206e27b0[Not completed]
2021-10-21 00:13:43,135 [pool-806-thread-1] INFO  server.RaftServer$Division (RaftServerImpl.java:<init>(184)) - b064551b-1fe0-41a9-91d7-ea536b2590c0: new RaftServerImpl for group-0EF0EE8E8444:[b064551b-1fe0-41a9-91d7-ea536b2590c0|rpc:10.1.0.21:37069|priority:1] with ContainerStateMachine:uninitialized
2021-10-21 00:13:43,136 [pool-806-thread-1] INFO  server.RaftServerConfigKeys (ConfUtils.java:logGet(44)) - raft.server.rpc.timeout.min = 5s (custom)
2021-10-21 00:13:43,136 [pool-806-thread-1] INFO  server.RaftServerConfigKeys (ConfUtils.java:logGet(44)) - raft.server.rpc.timeout.max = 5200ms (custom)
2021-10-21 00:13:43,136 [pool-825-thread-1] INFO  server.RaftServer$Division (RaftServerImpl.java:<init>(184)) - 43a8bf6a-c132-4b01-9df6-8da121d8da0e: new RaftServerImpl for group-1ABE1F802D80:[43a8bf6a-c132-4b01-9df6-8da121d8da0e|rpc:10.1.0.21:44683|dataStream:|priority:1, b064551b-1fe0-41a9-91d7-ea536b2590c0|rpc:10.1.0.21:37069|dataStream:|priority:0, 385ed75d-b5f2-4976-82ca-03b327f31da0|rpc:10.1.0.21:43801|dataStream:|priority:0] with ContainerStateMachine:uninitialized
2021-10-21 00:13:43,136 [pool-825-thread-1] INFO  server.RaftServerConfigKeys (ConfUtils.java:logGet(44)) - raft.server.rpc.timeout.min = 5s (custom)
2021-10-21 00:13:43,136 [pool-825-thread-1] INFO  server.RaftServerConfigKeys (ConfUtils.java:logGet(44)) - raft.server.rpc.timeout.max = 5200ms (custom)
2021-10-21 00:13:43,136 [pool-825-thread-1] INFO  server.RaftServerConfigKeys (ConfUtils.java:logGet(44)) - raft.server.rpc.sleep.time = 25ms (default)
2021-10-21 00:13:43,136 [pool-825-thread-1] INFO  server.RaftServerConfigKeys (ConfUtils.java:logGet(44)) - raft.server.rpc.slowness.timeout = 300000ms (custom)
2021-10-21 00:13:43,136 [pool-825-thread-1] INFO  server.RaftServerConfigKeys (ConfUtils.java:logGet(44)) - raft.server.leaderelection.leader.step-down.wait-time = 10s (default)
2021-10-21 00:13:43,136 [pool-825-thread-1] INFO  server.RaftServerConfigKeys (ConfUtils.java:logGet(44)) - raft.server.sleep.deviation.threshold = 300ms (default)
2021-10-21 00:13:43,136 [pool-825-thread-1] INFO  server.RaftServerConfigKeys (ConfUtils.java:logGet(44)) - raft.server.log.appender.install.snapshot.enabled = false (custom)
2021-10-21 00:13:43,136 [pool-825-thread-1] INFO  server.RaftServer$Division (ServerState.java:<init>(105)) - 43a8bf6a-c132-4b01-9df6-8da121d8da0e@group-1ABE1F802D80: ConfigurationManager, init=-1: [43a8bf6a-c132-4b01-9df6-8da121d8da0e|rpc:10.1.0.21:44683|dataStream:|priority:1, b064551b-1fe0-41a9-91d7-ea536b2590c0|rpc:10.1.0.21:37069|dataStream:|priority:0, 385ed75d-b5f2-4976-82ca-03b327f31da0|rpc:10.1.0.21:43801|dataStream:|priority:0], old=null, confs=<EMPTY_MAP>
2021-10-21 00:13:43,136 [pool-825-thread-1] INFO  server.RaftServerConfigKeys (ConfUtils.java:logGet(44)) - raft.server.storage.dir = [/home/runner/work/ozone/ozone/hadoop-ozone/integration-test/target/test-dir/MiniOzoneClusterImpl-0ff56402-746c-4b46-aacb-40edab3b56db/datanode-2/data/ratis] (custom)
2021-10-21 00:13:43,136 [pool-825-thread-1] INFO  server.RaftServerConfigKeys (ConfUtils.java:logGet(44)) - raft.server.log.corruption.policy = EXCEPTION (default)
2021-10-21 00:13:43,136 [pool-825-thread-1] INFO  server.RaftServerConfigKeys (ConfUtils.java:logGet(44)) - raft.server.storage.free-space.min = 0MB (=0) (default)
2021-10-21 00:13:43,136 [pool-825-thread-1] INFO  storage.RaftStorageDirectory (RaftStorageDirectoryImpl.java:analyzeStorage(135)) - The storage directory /home/runner/work/ozone/ozone/hadoop-ozone/integration-test/target/test-dir/MiniOzoneClusterImpl-0ff56402-746c-4b46-aacb-40edab3b56db/datanode-2/data/ratis/d739659e-f08f-42ab-8521-1abe1f802d80 does not exist. Creating ...
2021-10-21 00:13:43,136 [pool-806-thread-1] INFO  server.RaftServerConfigKeys (ConfUtils.java:logGet(44)) - raft.server.rpc.sleep.time = 25ms (default)
2021-10-21 00:13:43,138 [pool-806-thread-1] INFO  server.RaftServerConfigKeys (ConfUtils.java:logGet(44)) - raft.server.rpc.slowness.timeout = 300000ms (custom)
2021-10-21 00:13:43,138 [pool-806-thread-1] INFO  server.RaftServerConfigKeys (ConfUtils.java:logGet(44)) - raft.server.leaderelection.leader.step-down.wait-time = 10s (default)
2021-10-21 00:13:43,138 [pool-806-thread-1] INFO  server.RaftServerConfigKeys (ConfUtils.java:logGet(44)) - raft.server.sleep.deviation.threshold = 300ms (default)
2021-10-21 00:13:43,138 [pool-806-thread-1] INFO  server.RaftServerConfigKeys (ConfUtils.java:logGet(44)) - raft.server.log.appender.install.snapshot.enabled = false (custom)
2021-10-21 00:13:43,138 [pool-806-thread-1] INFO  server.RaftServer$Division (ServerState.java:<init>(105)) - b064551b-1fe0-41a9-91d7-ea536b2590c0@group-0EF0EE8E8444: ConfigurationManager, init=-1: [b064551b-1fe0-41a9-91d7-ea536b2590c0|rpc:10.1.0.21:37069|priority:1], old=null, confs=<EMPTY_MAP>
2021-10-21 00:13:43,138 [pool-806-thread-1] INFO  server.RaftServerConfigKeys (ConfUtils.java:logGet(44)) - raft.server.storage.dir = [/home/runner/work/ozone/ozone/hadoop-ozone/integration-test/target/test-dir/MiniOzoneClusterImpl-0ff56402-746c-4b46-aacb-40edab3b56db/datanode-1/data/ratis] (custom)
2021-10-21 00:13:43,138 [pool-806-thread-1] INFO  server.RaftServerConfigKeys (ConfUtils.java:logGet(44)) - raft.server.log.corruption.policy = EXCEPTION (default)
2021-10-21 00:13:43,138 [pool-806-thread-1] INFO  server.RaftServerConfigKeys (ConfUtils.java:logGet(44)) - raft.server.storage.free-space.min = 0MB (=0) (default)
2021-10-21 00:13:43,138 [pool-806-thread-1] INFO  storage.RaftStorageDirectory (RaftStorageDirectoryImpl.java:analyzeStorage(135)) - The storage directory /home/runner/work/ozone/ozone/hadoop-ozone/integration-test/target/test-dir/MiniOzoneClusterImpl-0ff56402-746c-4b46-aacb-40edab3b56db/datanode-1/data/ratis/0bc6fe2c-6b91-4a9b-88e8-0ef0ee8e8444 does not exist. Creating ...
2021-10-21 00:13:43,185 [pool-806-thread-1] INFO  storage.RaftStorageDirectory (RaftStorageDirectoryImpl.java:tryLock(230)) - Lock on /home/runner/work/ozone/ozone/hadoop-ozone/integration-test/target/test-dir/MiniOzoneClusterImpl-0ff56402-746c-4b46-aacb-40edab3b56db/datanode-1/data/ratis/0bc6fe2c-6b91-4a9b-88e8-0ef0ee8e8444/in_use.lock acquired by nodename 6507@fv-az395-87
2021-10-21 00:13:43,186 [pool-825-thread-1] INFO  storage.RaftStorageDirectory (RaftStorageDirectoryImpl.java:tryLock(230)) - Lock on /home/runner/work/ozone/ozone/hadoop-ozone/integration-test/target/test-dir/MiniOzoneClusterImpl-0ff56402-746c-4b46-aacb-40edab3b56db/datanode-2/data/ratis/d739659e-f08f-42ab-8521-1abe1f802d80/in_use.lock acquired by nodename 6507@fv-az395-87
2021-10-21 00:13:43,187 [pool-825-thread-1] INFO  storage.RaftStorage (RaftStorageImpl.java:format(89)) - Storage directory /home/runner/work/ozone/ozone/hadoop-ozone/integration-test/target/test-dir/MiniOzoneClusterImpl-0ff56402-746c-4b46-aacb-40edab3b56db/datanode-2/data/ratis/d739659e-f08f-42ab-8521-1abe1f802d80 has been successfully formatted.
2021-10-21 00:13:43,198 [pool-806-thread-1] INFO  storage.RaftStorage (RaftStorageImpl.java:format(89)) - Storage directory /home/runner/work/ozone/ozone/hadoop-ozone/integration-test/target/test-dir/MiniOzoneClusterImpl-0ff56402-746c-4b46-aacb-40edab3b56db/datanode-1/data/ratis/0bc6fe2c-6b91-4a9b-88e8-0ef0ee8e8444 has been successfully formatted.
2021-10-21 00:13:43,198 [EndpointStateMachine task thread for /0.0.0.0:35879 - 0 ] INFO  ozoneimpl.OzoneContainer (OzoneContainer.java:start(304)) - Attempting to start container services.
2021-10-21 00:13:43,198 [EndpointStateMachine task thread for /0.0.0.0:35879 - 0 ] INFO  ozoneimpl.OzoneContainer (OzoneContainer.java:startContainerScrub(249)) - Background container scanner has been disabled.
2021-10-21 00:13:43,203 [EndpointStateMachine task thread for /0.0.0.0:35879 - 0 ] INFO  replication.ReplicationServer (ReplicationServer.java:start(107)) - ReplicationServer is started using port 38151
2021-10-21 00:13:43,213 [Listener at 127.0.0.1/34193] INFO  handler.ContextHandler (ContextHandler.java:doStart(915)) - Started o.e.j.w.WebAppContext@3321649f{hddsDatanode,/,file:///tmp/jetty-0_0_0_0-46251-hdds-container-service-1_2_0-SNAPSHOT_jar-_-any-2901947576139870961/webapp/,AVAILABLE}{jar:file:/home/runner/.m2/repository/org/apache/ozone/hdds-container-service/1.2.0-SNAPSHOT/hdds-container-service-1.2.0-SNAPSHOT.jar!/webapps/hddsDatanode}
2021-10-21 00:13:43,247 [pool-825-thread-1] INFO  ratis.ContainerStateMachine (ContainerStateMachine.java:loadSnapshot(224)) - group-1ABE1F802D80: The snapshot info is null. Setting the last applied indexto:(t:0, i:~)
2021-10-21 00:13:43,247 [pool-825-thread-1] INFO  server.RaftServerConfigKeys (ConfUtils.java:logGet(44)) - raft.server.notification.no-leader.timeout = 300000ms (custom)
2021-10-21 00:13:43,247 [pool-825-thread-1] INFO  server.RaftServerConfigKeys (ConfUtils.java:logGet(44)) - raft.server.log.use.memory = false (default)
2021-10-21 00:13:43,247 [pool-825-thread-1] INFO  server.RaftServerConfigKeys (ConfUtils.java:logGet(44)) - raft.server.log.purge.gap = 1000000 (custom)
2021-10-21 00:13:43,247 [pool-825-thread-1] INFO  server.RaftServerConfigKeys (ConfUtils.java:logGet(44)) - raft.server.log.appender.buffer.byte-limit = 33554432 (custom)
2021-10-21 00:13:43,248 [pool-825-thread-1] INFO  server.RaftServerConfigKeys (ConfUtils.java:logGet(44)) - raft.server.log.segment.size.max = 1048576 (custom)
2021-10-21 00:13:43,248 [pool-825-thread-1] INFO  server.RaftServerConfigKeys (ConfUtils.java:logGet(44)) - raft.server.log.segment.cache.num.max = 2 (custom)
2021-10-21 00:13:43,248 [pool-825-thread-1] INFO  server.RaftServerConfigKeys (ConfUtils.java:logGet(44)) - raft.server.log.segment.cache.size.max = 200MB (=209715200) (default)
2021-10-21 00:13:43,249 [pool-825-thread-1] INFO  segmented.SegmentedRaftLogWorker (SegmentedRaftLogWorker.java:<init>(182)) - new 43a8bf6a-c132-4b01-9df6-8da121d8da0e@group-1ABE1F802D80-SegmentedRaftLogWorker for RaftStorageImpl:Storage Directory /home/runner/work/ozone/ozone/hadoop-ozone/integration-test/target/test-dir/MiniOzoneClusterImpl-0ff56402-746c-4b46-aacb-40edab3b56db/datanode-2/data/ratis/d739659e-f08f-42ab-8521-1abe1f802d80
2021-10-21 00:13:43,249 [pool-825-thread-1] INFO  server.RaftServerConfigKeys (ConfUtils.java:logGet(44)) - raft.server.log.queue.byte-limit = 2147483647 (custom)
2021-10-21 00:13:43,249 [pool-825-thread-1] INFO  server.RaftServerConfigKeys (ConfUtils.java:logGet(44)) - raft.server.log.queue.element-limit = 1024 (custom)
2021-10-21 00:13:43,249 [pool-825-thread-1] INFO  server.RaftServerConfigKeys (ConfUtils.java:logGet(44)) - raft.server.log.segment.size.max = 1048576 (custom)
2021-10-21 00:13:43,249 [pool-825-thread-1] INFO  server.RaftServerConfigKeys (ConfUtils.java:logGet(44)) - raft.server.log.preallocated.size = 16384 (custom)
2021-10-21 00:13:43,249 [pool-825-thread-1] INFO  server.RaftServerConfigKeys (ConfUtils.java:logGet(44)) - raft.server.log.force.sync.num = 128 (default)
2021-10-21 00:13:43,249 [pool-825-thread-1] INFO  server.RaftServerConfigKeys (ConfUtils.java:logGet(44)) - raft.server.log.statemachine.data.sync = true (default)
2021-10-21 00:13:43,249 [pool-825-thread-1] INFO  server.RaftServerConfigKeys (ConfUtils.java:logGet(44)) - raft.server.log.statemachine.data.sync.timeout = 10s (default)
2021-10-21 00:13:43,249 [pool-825-thread-1] INFO  server.RaftServerConfigKeys (ConfUtils.java:logGet(44)) - raft.server.log.statemachine.data.sync.timeout.retry = -1 (default)
2021-10-21 00:13:43,251 [pool-825-thread-1] INFO  server.RaftServerConfigKeys (ConfUtils.java:logGet(44)) - raft.server.log.write.buffer.size = 1048576 (custom)
2021-10-21 00:13:43,251 [pool-825-thread-1] INFO  server.RaftServerConfigKeys (ConfUtils.java:logGet(44)) - raft.server.log.statemachine.data.caching.enabled = true (custom)
2021-10-21 00:13:43,251 [Datanode State Machine Thread - 0] WARN  statemachine.StateContext (StateContext.java:execute(621)) - No available thread in pool for past 1 seconds.
2021-10-21 00:13:43,251 [Datanode State Machine Thread - 0] WARN  statemachine.StateContext (StateContext.java:execute(621)) - No available thread in pool for past 1 seconds.
2021-10-21 00:13:43,254 [pool-825-thread-1] INFO  segmented.SegmentedRaftLogWorker (SegmentedRaftLogWorker.java:lambda$new$0(133)) - 43a8bf6a-c132-4b01-9df6-8da121d8da0e@group-1ABE1F802D80-SegmentedRaftLogWorker: flushIndex: setUnconditionally 0 -> -1
2021-10-21 00:13:43,254 [pool-825-thread-1] INFO  segmented.SegmentedRaftLogWorker (SegmentedRaftLogWorker.java:lambda$new$0(133)) - 43a8bf6a-c132-4b01-9df6-8da121d8da0e@group-1ABE1F802D80-SegmentedRaftLogWorker: safeCacheEvictIndex: setUnconditionally 0 -> -1
2021-10-21 00:13:43,254 [EndpointStateMachine task thread for /0.0.0.0:35879 - 0 ] INFO  ratis.XceiverServerRatis (XceiverServerRatis.java:start(484)) - Starting XceiverServerRatis fe031be3-9947-46ae-8b09-98e602d9361b
2021-10-21 00:13:43,251 [pool-806-thread-1] INFO  ratis.ContainerStateMachine (ContainerStateMachine.java:loadSnapshot(224)) - group-0EF0EE8E8444: The snapshot info is null. Setting the last applied indexto:(t:0, i:~)
2021-10-21 00:13:43,271 [pool-806-thread-1] INFO  server.RaftServerConfigKeys (ConfUtils.java:logGet(44)) - raft.server.notification.no-leader.timeout = 300000ms (custom)
2021-10-21 00:13:43,271 [pool-806-thread-1] INFO  server.RaftServerConfigKeys (ConfUtils.java:logGet(44)) - raft.server.log.use.memory = false (default)
2021-10-21 00:13:43,271 [pool-806-thread-1] INFO  server.RaftServerConfigKeys (ConfUtils.java:logGet(44)) - raft.server.log.purge.gap = 1000000 (custom)
2021-10-21 00:13:43,271 [pool-806-thread-1] INFO  server.RaftServerConfigKeys (ConfUtils.java:logGet(44)) - raft.server.log.appender.buffer.byte-limit = 33554432 (custom)
2021-10-21 00:13:43,272 [pool-806-thread-1] INFO  server.RaftServerConfigKeys (ConfUtils.java:logGet(44)) - raft.server.log.segment.size.max = 1048576 (custom)
2021-10-21 00:13:43,272 [pool-806-thread-1] INFO  server.RaftServerConfigKeys (ConfUtils.java:logGet(44)) - raft.server.log.segment.cache.num.max = 2 (custom)
2021-10-21 00:13:43,272 [pool-806-thread-1] INFO  server.RaftServerConfigKeys (ConfUtils.java:logGet(44)) - raft.server.log.segment.cache.size.max = 200MB (=209715200) (default)
2021-10-21 00:13:43,272 [pool-806-thread-1] INFO  segmented.SegmentedRaftLogWorker (SegmentedRaftLogWorker.java:<init>(182)) - new b064551b-1fe0-41a9-91d7-ea536b2590c0@group-0EF0EE8E8444-SegmentedRaftLogWorker for RaftStorageImpl:Storage Directory /home/runner/work/ozone/ozone/hadoop-ozone/integration-test/target/test-dir/MiniOzoneClusterImpl-0ff56402-746c-4b46-aacb-40edab3b56db/datanode-1/data/ratis/0bc6fe2c-6b91-4a9b-88e8-0ef0ee8e8444
2021-10-21 00:13:43,272 [pool-806-thread-1] INFO  server.RaftServerConfigKeys (ConfUtils.java:logGet(44)) - raft.server.log.queue.byte-limit = 2147483647 (custom)
2021-10-21 00:13:43,272 [pool-806-thread-1] INFO  server.RaftServerConfigKeys (ConfUtils.java:logGet(44)) - raft.server.log.queue.element-limit = 1024 (custom)
2021-10-21 00:13:43,272 [pool-806-thread-1] INFO  server.RaftServerConfigKeys (ConfUtils.java:logGet(44)) - raft.server.log.segment.size.max = 1048576 (custom)
2021-10-21 00:13:43,273 [pool-806-thread-1] INFO  server.RaftServerConfigKeys (ConfUtils.java:logGet(44)) - raft.server.log.preallocated.size = 16384 (custom)
2021-10-21 00:13:43,273 [pool-806-thread-1] INFO  server.RaftServerConfigKeys (ConfUtils.java:logGet(44)) - raft.server.log.force.sync.num = 128 (default)
2021-10-21 00:13:43,273 [pool-806-thread-1] INFO  server.RaftServerConfigKeys (ConfUtils.java:logGet(44)) - raft.server.log.statemachine.data.sync = true (default)
2021-10-21 00:13:43,273 [pool-806-thread-1] INFO  server.RaftServerConfigKeys (ConfUtils.java:logGet(44)) - raft.server.log.statemachine.data.sync.timeout = 10s (default)
2021-10-21 00:13:43,273 [pool-806-thread-1] INFO  server.RaftServerConfigKeys (ConfUtils.java:logGet(44)) - raft.server.log.statemachine.data.sync.timeout.retry = -1 (default)
2021-10-21 00:13:43,279 [pool-825-thread-1] INFO  server.RaftServerConfigKeys (ConfUtils.java:logGet(44)) - raft.server.snapshot.auto.trigger.enabled = true (custom)
2021-10-21 00:13:43,279 [pool-825-thread-1] INFO  server.RaftServerConfigKeys (ConfUtils.java:logGet(44)) - raft.server.snapshot.auto.trigger.threshold = 10000 (custom)
2021-10-21 00:13:43,279 [pool-825-thread-1] INFO  server.RaftServerConfigKeys (ConfUtils.java:logGet(44)) - raft.server.snapshot.retention.file.num = 5 (custom)
2021-10-21 00:13:43,279 [pool-825-thread-1] INFO  server.RaftServerConfigKeys (ConfUtils.java:logGet(44)) - raft.server.log.purge.upto.snapshot.index = false (default)
2021-10-21 00:13:43,281 [Listener at 127.0.0.1/34193] INFO  server.AbstractConnector (AbstractConnector.java:doStart(331)) - Started ServerConnector@54271f95{HTTP/1.1, (http/1.1)}{0.0.0.0:46251}
2021-10-21 00:13:43,282 [Listener at 127.0.0.1/34193] INFO  server.Server (Server.java:doStart(415)) - Started @255275ms
2021-10-21 00:13:43,282 [Listener at 127.0.0.1/34193] WARN  impl.MetricsSystemImpl (MetricsSystemImpl.java:register(279)) - Sink prometheus already exists!
2021-10-21 00:13:43,322 [pool-806-thread-1] INFO  server.RaftServerConfigKeys (ConfUtils.java:logGet(44)) - raft.server.log.write.buffer.size = 1048576 (custom)
2021-10-21 00:13:43,323 [pool-806-thread-1] INFO  server.RaftServerConfigKeys (ConfUtils.java:logGet(44)) - raft.server.log.statemachine.data.caching.enabled = true (custom)
2021-10-21 00:13:43,330 [pool-806-thread-1] INFO  segmented.SegmentedRaftLogWorker (SegmentedRaftLogWorker.java:lambda$new$0(133)) - b064551b-1fe0-41a9-91d7-ea536b2590c0@group-0EF0EE8E8444-SegmentedRaftLogWorker: flushIndex: setUnconditionally 0 -> -1
2021-10-21 00:13:43,330 [pool-806-thread-1] INFO  segmented.SegmentedRaftLogWorker (SegmentedRaftLogWorker.java:lambda$new$0(133)) - b064551b-1fe0-41a9-91d7-ea536b2590c0@group-0EF0EE8E8444-SegmentedRaftLogWorker: safeCacheEvictIndex: setUnconditionally 0 -> -1
2021-10-21 00:13:43,352 [EventQueue-PipelineReportForPipelineReportHandler] INFO  pipeline.PipelineManagerImpl (PipelineManagerImpl.java:openPipeline(282)) - Pipeline Pipeline[ Id: 0bc6fe2c-6b91-4a9b-88e8-0ef0ee8e8444, Nodes: b064551b-1fe0-41a9-91d7-ea536b2590c0{ip: 10.1.0.21, host: fv-az395-87.zfmzfyrfkyou3ow0tsr0jxwq1e.bx.internal.cloudapp.net, ports: [REPLICATION=44429, RATIS=37069, RATIS_ADMIN=37069, RATIS_SERVER=37069, STANDALONE=39421], networkLocation: /default-rack, certSerialId: null, persistedOpState: IN_SERVICE, persistedOpStateExpiryEpochSec: 0}, ReplicationConfig: RATIS/ONE, State:ALLOCATED, leaderId:b064551b-1fe0-41a9-91d7-ea536b2590c0, CreationTimestamp2021-10-21T00:13:39.919Z[Etc/UTC]] moved to OPEN state
2021-10-21 00:13:43,354 [EventQueue-OpenPipelineForHealthyPipelineSafeModeRule] INFO  safemode.SCMSafeModeManager (HealthyPipelineSafeModeRule.java:process(124)) - SCM in safe mode. Healthy pipelines reported count is 0, required healthy pipeline reported count is 1
2021-10-21 00:13:43,363 [pool-825-thread-1] INFO  server.RaftServerConfigKeys (ConfUtils.java:logGet(44)) - raft.server.retrycache.expirytime = 600000ms (custom)
2021-10-21 00:13:43,363 [pool-825-thread-1] INFO  server.RaftServerConfigKeys (ConfUtils.java:logGet(44)) - raft.server.retrycache.statistics.expirytime = 100μs (default)
2021-10-21 00:13:43,365 [pool-825-thread-1] INFO  server.RaftServer$Division (RaftServerImpl.java:start(301)) - 43a8bf6a-c132-4b01-9df6-8da121d8da0e@group-1ABE1F802D80: start as a follower, conf=-1: [43a8bf6a-c132-4b01-9df6-8da121d8da0e|rpc:10.1.0.21:44683|dataStream:|priority:1, b064551b-1fe0-41a9-91d7-ea536b2590c0|rpc:10.1.0.21:37069|dataStream:|priority:0, 385ed75d-b5f2-4976-82ca-03b327f31da0|rpc:10.1.0.21:43801|dataStream:|priority:0], old=null
2021-10-21 00:13:43,365 [pool-825-thread-1] INFO  server.RaftServer$Division (RaftServerImpl.java:setRole(290)) - 43a8bf6a-c132-4b01-9df6-8da121d8da0e@group-1ABE1F802D80: changes role from      null to FOLLOWER at term 0 for startAsFollower
2021-10-21 00:13:43,383 [pool-806-thread-1] INFO  server.RaftServerConfigKeys (ConfUtils.java:logGet(44)) - raft.server.snapshot.auto.trigger.enabled = true (custom)
2021-10-21 00:13:43,383 [pool-806-thread-1] INFO  server.RaftServerConfigKeys (ConfUtils.java:logGet(44)) - raft.server.snapshot.auto.trigger.threshold = 10000 (custom)
2021-10-21 00:13:43,383 [pool-806-thread-1] INFO  server.RaftServerConfigKeys (ConfUtils.java:logGet(44)) - raft.server.snapshot.retention.file.num = 5 (custom)
2021-10-21 00:13:43,383 [pool-806-thread-1] INFO  server.RaftServerConfigKeys (ConfUtils.java:logGet(44)) - raft.server.log.purge.upto.snapshot.index = false (default)
2021-10-21 00:13:43,383 [pool-806-thread-1] INFO  server.RaftServerConfigKeys (ConfUtils.java:logGet(44)) - raft.server.retrycache.expirytime = 600000ms (custom)
2021-10-21 00:13:43,383 [pool-806-thread-1] INFO  server.RaftServerConfigKeys (ConfUtils.java:logGet(44)) - raft.server.retrycache.statistics.expirytime = 100μs (default)
2021-10-21 00:13:43,385 [pool-806-thread-1] INFO  server.RaftServer$Division (RaftServerImpl.java:start(301)) - b064551b-1fe0-41a9-91d7-ea536b2590c0@group-0EF0EE8E8444: start as a follower, conf=-1: [b064551b-1fe0-41a9-91d7-ea536b2590c0|rpc:10.1.0.21:37069|priority:1], old=null
2021-10-21 00:13:43,386 [pool-806-thread-1] INFO  server.RaftServer$Division (RaftServerImpl.java:setRole(290)) - b064551b-1fe0-41a9-91d7-ea536b2590c0@group-0EF0EE8E8444: changes role from      null to FOLLOWER at term 0 for startAsFollower
2021-10-21 00:13:43,386 [pool-806-thread-1] INFO  impl.RoleInfo (RoleInfo.java:updateAndGet(130)) - b064551b-1fe0-41a9-91d7-ea536b2590c0: start b064551b-1fe0-41a9-91d7-ea536b2590c0@group-0EF0EE8E8444-FollowerState
2021-10-21 00:13:43,391 [pool-806-thread-1] INFO  util.JmxRegister (JmxRegister.java:tryRegister(44)) - Successfully registered JMX Bean with object name Ratis:service=RaftServer,group=group-0EF0EE8E8444,id=b064551b-1fe0-41a9-91d7-ea536b2590c0
2021-10-21 00:13:43,399 [Command processor thread] INFO  ratis.XceiverServerRatis (XceiverServerRatis.java:addGroup(768)) - Created group PipelineID=0bc6fe2c-6b91-4a9b-88e8-0ef0ee8e8444
2021-10-21 00:13:43,399 [Command processor thread] INFO  commandhandler.CreatePipelineCommandHandler (CreatePipelineCommandHandler.java:handle(106)) - Created Pipeline RATIS ONE PipelineID=0bc6fe2c-6b91-4a9b-88e8-0ef0ee8e8444.
2021-10-21 00:13:43,399 [Command processor thread] INFO  server.RaftServer (RaftServerProxy.java:addNew(95)) - b064551b-1fe0-41a9-91d7-ea536b2590c0: addNew group-1ABE1F802D80:[43a8bf6a-c132-4b01-9df6-8da121d8da0e|rpc:10.1.0.21:44683|priority:1, b064551b-1fe0-41a9-91d7-ea536b2590c0|rpc:10.1.0.21:37069|priority:0, 385ed75d-b5f2-4976-82ca-03b327f31da0|rpc:10.1.0.21:43801|priority:0] returns group-1ABE1F802D80:java.util.concurrent.CompletableFuture@2451b765[Not completed]
2021-10-21 00:13:43,403 [pool-806-thread-1] INFO  server.RaftServer$Division (RaftServerImpl.java:<init>(184)) - b064551b-1fe0-41a9-91d7-ea536b2590c0: new RaftServerImpl for group-1ABE1F802D80:[43a8bf6a-c132-4b01-9df6-8da121d8da0e|rpc:10.1.0.21:44683|priority:1, b064551b-1fe0-41a9-91d7-ea536b2590c0|rpc:10.1.0.21:37069|priority:0, 385ed75d-b5f2-4976-82ca-03b327f31da0|rpc:10.1.0.21:43801|priority:0] with ContainerStateMachine:uninitialized
2021-10-21 00:13:43,404 [pool-806-thread-1] INFO  server.RaftServerConfigKeys (ConfUtils.java:logGet(44)) - raft.server.rpc.timeout.min = 5s (custom)
2021-10-21 00:13:43,404 [pool-806-thread-1] INFO  server.RaftServerConfigKeys (ConfUtils.java:logGet(44)) - raft.server.rpc.timeout.max = 5200ms (custom)
2021-10-21 00:13:43,404 [pool-806-thread-1] INFO  server.RaftServerConfigKeys (ConfUtils.java:logGet(44)) - raft.server.rpc.sleep.time = 25ms (default)
2021-10-21 00:13:43,404 [pool-806-thread-1] INFO  server.RaftServerConfigKeys (ConfUtils.java:logGet(44)) - raft.server.rpc.slowness.timeout = 300000ms (custom)
2021-10-21 00:13:43,404 [pool-806-thread-1] INFO  server.RaftServerConfigKeys (ConfUtils.java:logGet(44)) - raft.server.leaderelection.leader.step-down.wait-time = 10s (default)
2021-10-21 00:13:43,404 [pool-806-thread-1] INFO  server.RaftServerConfigKeys (ConfUtils.java:logGet(44)) - raft.server.sleep.deviation.threshold = 300ms (default)
2021-10-21 00:13:43,404 [pool-806-thread-1] INFO  server.RaftServerConfigKeys (ConfUtils.java:logGet(44)) - raft.server.log.appender.install.snapshot.enabled = false (custom)
2021-10-21 00:13:43,404 [pool-806-thread-1] INFO  server.RaftServer$Division (ServerState.java:<init>(105)) - b064551b-1fe0-41a9-91d7-ea536b2590c0@group-1ABE1F802D80: ConfigurationManager, init=-1: [43a8bf6a-c132-4b01-9df6-8da121d8da0e|rpc:10.1.0.21:44683|priority:1, b064551b-1fe0-41a9-91d7-ea536b2590c0|rpc:10.1.0.21:37069|priority:0, 385ed75d-b5f2-4976-82ca-03b327f31da0|rpc:10.1.0.21:43801|priority:0], old=null, confs=<EMPTY_MAP>
2021-10-21 00:13:43,404 [pool-806-thread-1] INFO  server.RaftServerConfigKeys (ConfUtils.java:logGet(44)) - raft.server.storage.dir = [/home/runner/work/ozone/ozone/hadoop-ozone/integration-test/target/test-dir/MiniOzoneClusterImpl-0ff56402-746c-4b46-aacb-40edab3b56db/datanode-1/data/ratis] (custom)
2021-10-21 00:13:43,404 [pool-806-thread-1] INFO  server.RaftServerConfigKeys (ConfUtils.java:logGet(44)) - raft.server.log.corruption.policy = EXCEPTION (default)
2021-10-21 00:13:43,404 [pool-806-thread-1] INFO  server.RaftServerConfigKeys (ConfUtils.java:logGet(44)) - raft.server.storage.free-space.min = 0MB (=0) (default)
2021-10-21 00:13:43,404 [pool-806-thread-1] INFO  storage.RaftStorageDirectory (RaftStorageDirectoryImpl.java:analyzeStorage(135)) - The storage directory /home/runner/work/ozone/ozone/hadoop-ozone/integration-test/target/test-dir/MiniOzoneClusterImpl-0ff56402-746c-4b46-aacb-40edab3b56db/datanode-1/data/ratis/d739659e-f08f-42ab-8521-1abe1f802d80 does not exist. Creating ...
2021-10-21 00:13:43,407 [pool-806-thread-1] INFO  storage.RaftStorageDirectory (RaftStorageDirectoryImpl.java:tryLock(230)) - Lock on /home/runner/work/ozone/ozone/hadoop-ozone/integration-test/target/test-dir/MiniOzoneClusterImpl-0ff56402-746c-4b46-aacb-40edab3b56db/datanode-1/data/ratis/d739659e-f08f-42ab-8521-1abe1f802d80/in_use.lock acquired by nodename 6507@fv-az395-87
2021-10-21 00:13:43,411 [pool-806-thread-1] INFO  storage.RaftStorage (RaftStorageImpl.java:format(89)) - Storage directory /home/runner/work/ozone/ozone/hadoop-ozone/integration-test/target/test-dir/MiniOzoneClusterImpl-0ff56402-746c-4b46-aacb-40edab3b56db/datanode-1/data/ratis/d739659e-f08f-42ab-8521-1abe1f802d80 has been successfully formatted.
2021-10-21 00:13:43,412 [pool-806-thread-1] INFO  ratis.ContainerStateMachine (ContainerStateMachine.java:loadSnapshot(224)) - group-1ABE1F802D80: The snapshot info is null. Setting the last applied indexto:(t:0, i:~)
2021-10-21 00:13:43,412 [pool-806-thread-1] INFO  server.RaftServerConfigKeys (ConfUtils.java:logGet(44)) - raft.server.notification.no-leader.timeout = 300000ms (custom)
2021-10-21 00:13:43,412 [pool-806-thread-1] INFO  server.RaftServerConfigKeys (ConfUtils.java:logGet(44)) - raft.server.log.use.memory = false (default)
2021-10-21 00:13:43,412 [pool-806-thread-1] INFO  server.RaftServerConfigKeys (ConfUtils.java:logGet(44)) - raft.server.log.purge.gap = 1000000 (custom)
2021-10-21 00:13:43,412 [pool-806-thread-1] INFO  server.RaftServerConfigKeys (ConfUtils.java:logGet(44)) - raft.server.log.appender.buffer.byte-limit = 33554432 (custom)
2021-10-21 00:13:43,412 [pool-806-thread-1] INFO  server.RaftServerConfigKeys (ConfUtils.java:logGet(44)) - raft.server.log.segment.size.max = 1048576 (custom)
2021-10-21 00:13:43,413 [pool-806-thread-1] INFO  server.RaftServerConfigKeys (ConfUtils.java:logGet(44)) - raft.server.log.segment.cache.num.max = 2 (custom)
2021-10-21 00:13:43,413 [pool-806-thread-1] INFO  server.RaftServerConfigKeys (ConfUtils.java:logGet(44)) - raft.server.log.segment.cache.size.max = 200MB (=209715200) (default)
2021-10-21 00:13:43,413 [pool-806-thread-1] INFO  segmented.SegmentedRaftLogWorker (SegmentedRaftLogWorker.java:<init>(182)) - new b064551b-1fe0-41a9-91d7-ea536b2590c0@group-1ABE1F802D80-SegmentedRaftLogWorker for RaftStorageImpl:Storage Directory /home/runner/work/ozone/ozone/hadoop-ozone/integration-test/target/test-dir/MiniOzoneClusterImpl-0ff56402-746c-4b46-aacb-40edab3b56db/datanode-1/data/ratis/d739659e-f08f-42ab-8521-1abe1f802d80
2021-10-21 00:13:43,413 [pool-806-thread-1] INFO  server.RaftServerConfigKeys (ConfUtils.java:logGet(44)) - raft.server.log.queue.byte-limit = 2147483647 (custom)
2021-10-21 00:13:43,413 [pool-806-thread-1] INFO  server.RaftServerConfigKeys (ConfUtils.java:logGet(44)) - raft.server.log.queue.element-limit = 1024 (custom)
2021-10-21 00:13:43,413 [pool-806-thread-1] INFO  server.RaftServerConfigKeys (ConfUtils.java:logGet(44)) - raft.server.log.segment.size.max = 1048576 (custom)
2021-10-21 00:13:43,413 [pool-806-thread-1] INFO  server.RaftServerConfigKeys (ConfUtils.java:logGet(44)) - raft.server.log.preallocated.size = 16384 (custom)
2021-10-21 00:13:43,413 [pool-806-thread-1] INFO  server.RaftServerConfigKeys (ConfUtils.java:logGet(44)) - raft.server.log.force.sync.num = 128 (default)
2021-10-21 00:13:43,413 [pool-806-thread-1] INFO  server.RaftServerConfigKeys (ConfUtils.java:logGet(44)) - raft.server.log.statemachine.data.sync = true (default)
2021-10-21 00:13:43,413 [pool-806-thread-1] INFO  server.RaftServerConfigKeys (ConfUtils.java:logGet(44)) - raft.server.log.statemachine.data.sync.timeout = 10s (default)
2021-10-21 00:13:43,413 [pool-806-thread-1] INFO  server.RaftServerConfigKeys (ConfUtils.java:logGet(44)) - raft.server.log.statemachine.data.sync.timeout.retry = -1 (default)
2021-10-21 00:13:43,415 [Listener at 127.0.0.1/34193] INFO  http.BaseHttpServer (BaseHttpServer.java:updateConnectorAddress(329)) - HTTP server of hddsDatanode listening at http://0.0.0.0:46251
2021-10-21 00:13:43,415 [pool-806-thread-1] INFO  server.RaftServerConfigKeys (ConfUtils.java:logGet(44)) - raft.server.log.write.buffer.size = 1048576 (custom)
2021-10-21 00:13:43,415 [Datanode State Machine Thread - 0] WARN  statemachine.StateContext (StateContext.java:execute(621)) - No available thread in pool for past 1 seconds.
2021-10-21 00:13:43,416 [pool-806-thread-1] INFO  server.RaftServerConfigKeys (ConfUtils.java:logGet(44)) - raft.server.log.statemachine.data.caching.enabled = true (custom)
2021-10-21 00:13:43,416 [pool-806-thread-1] INFO  segmented.SegmentedRaftLogWorker (SegmentedRaftLogWorker.java:lambda$new$0(133)) - b064551b-1fe0-41a9-91d7-ea536b2590c0@group-1ABE1F802D80-SegmentedRaftLogWorker: flushIndex: setUnconditionally 0 -> -1
2021-10-21 00:13:43,416 [pool-806-thread-1] INFO  segmented.SegmentedRaftLogWorker (SegmentedRaftLogWorker.java:lambda$new$0(133)) - b064551b-1fe0-41a9-91d7-ea536b2590c0@group-1ABE1F802D80-SegmentedRaftLogWorker: safeCacheEvictIndex: setUnconditionally 0 -> -1
2021-10-21 00:13:43,463 [Listener at 127.0.0.1/34193] INFO  ozone.MiniOzoneClusterImpl (MiniOzoneClusterImpl.java:lambda$waitForClusterToBeReady$0(235)) - Waiting for nodes to be ready. Got 5 of 9 DN Heartbeats.
2021-10-21 00:13:43,463 [Listener at 127.0.0.1/34193] INFO  ozone.MiniOzoneClusterImpl (MiniOzoneClusterImpl.java:lambda$waitForClusterToBeReady$0(238)) - Waiting for cluster to exit safe mode
2021-10-21 00:13:43,463 [Listener at 127.0.0.1/34193] INFO  ozone.MiniOzoneClusterImpl (MiniOzoneClusterImpl.java:lambda$waitForClusterToBeReady$0(240)) - SCM became leader
2021-10-21 00:13:43,467 [Datanode State Machine Thread - 0] INFO  statemachine.DatanodeStateMachine (DatanodeStateMachine.java:lambda$startDaemon$0(465)) - Ozone container server started.
2021-10-21 00:13:43,471 [pool-806-thread-1] INFO  server.RaftServerConfigKeys (ConfUtils.java:logGet(44)) - raft.server.snapshot.auto.trigger.enabled = true (custom)
2021-10-21 00:13:43,471 [pool-806-thread-1] INFO  server.RaftServerConfigKeys (ConfUtils.java:logGet(44)) - raft.server.snapshot.auto.trigger.threshold = 10000 (custom)
2021-10-21 00:13:43,471 [pool-806-thread-1] INFO  server.RaftServerConfigKeys (ConfUtils.java:logGet(44)) - raft.server.snapshot.retention.file.num = 5 (custom)
2021-10-21 00:13:43,471 [pool-806-thread-1] INFO  server.RaftServerConfigKeys (ConfUtils.java:logGet(44)) - raft.server.log.purge.upto.snapshot.index = false (default)
2021-10-21 00:13:43,471 [pool-806-thread-1] INFO  server.RaftServerConfigKeys (ConfUtils.java:logGet(44)) - raft.server.retrycache.expirytime = 600000ms (custom)
2021-10-21 00:13:43,471 [pool-806-thread-1] INFO  server.RaftServerConfigKeys (ConfUtils.java:logGet(44)) - raft.server.retrycache.statistics.expirytime = 100μs (default)
2021-10-21 00:13:43,501 [org.apache.hadoop.util.JvmPauseMonitor$Monitor@3a74615d] INFO  util.JvmPauseMonitor (JvmPauseMonitor.java:run(188)) - Starting JVM pause monitor
2021-10-21 00:13:43,501 [EndpointStateMachine task thread for /0.0.0.0:35879 - 0 ] INFO  server.RaftServer (RaftServerProxy.java:lambda$start$5(374)) - fe031be3-9947-46ae-8b09-98e602d9361b: start RPC server
2021-10-21 00:13:43,506 [pool-825-thread-1] INFO  impl.RoleInfo (RoleInfo.java:updateAndGet(130)) - 43a8bf6a-c132-4b01-9df6-8da121d8da0e: start 43a8bf6a-c132-4b01-9df6-8da121d8da0e@group-1ABE1F802D80-FollowerState
2021-10-21 00:13:43,506 [EndpointStateMachine task thread for /0.0.0.0:35879 - 0 ] INFO  server.GrpcService (GrpcService.java:startImpl(253)) - fe031be3-9947-46ae-8b09-98e602d9361b: GrpcService started, listening on 44461
2021-10-21 00:13:43,555 [pool-825-thread-1] INFO  util.JmxRegister (JmxRegister.java:tryRegister(44)) - Successfully registered JMX Bean with object name Ratis:service=RaftServer,group=group-1ABE1F802D80,id=43a8bf6a-c132-4b01-9df6-8da121d8da0e
2021-10-21 00:13:43,559 [EventQueue-OpenPipelineForHealthyPipelineSafeModeRule] INFO  safemode.SCMSafeModeManager (HealthyPipelineSafeModeRule.java:process(124)) - SCM in safe mode. Healthy pipelines reported count is 0, required healthy pipeline reported count is 1
2021-10-21 00:13:43,562 [Datanode State Machine Task Thread - 0] INFO  datanode.InitDatanodeState (InitDatanodeState.java:persistContainerDatanodeDetails(145)) - DatanodeDetails is persisted to /home/runner/work/ozone/ozone/hadoop-ozone/integration-test/target/test-dir/MiniOzoneClusterImpl-0ff56402-746c-4b46-aacb-40edab3b56db/datanode-8/meta/datanode.id
2021-10-21 00:13:43,591 [pool-806-thread-1] INFO  server.RaftServer$Division (RaftServerImpl.java:start(301)) - b064551b-1fe0-41a9-91d7-ea536b2590c0@group-1ABE1F802D80: start as a follower, conf=-1: [43a8bf6a-c132-4b01-9df6-8da121d8da0e|rpc:10.1.0.21:44683|priority:1, b064551b-1fe0-41a9-91d7-ea536b2590c0|rpc:10.1.0.21:37069|priority:0, 385ed75d-b5f2-4976-82ca-03b327f31da0|rpc:10.1.0.21:43801|priority:0], old=null
2021-10-21 00:13:43,591 [pool-806-thread-1] INFO  server.RaftServer$Division (RaftServerImpl.java:setRole(290)) - b064551b-1fe0-41a9-91d7-ea536b2590c0@group-1ABE1F802D80: changes role from      null to FOLLOWER at term 0 for startAsFollower
2021-10-21 00:13:43,615 [IPC Server handler 8 on default port 35879] INFO  net.NetworkTopologyImpl (NetworkTopologyImpl.java:add(112)) - Added a new node: /default-rack/6c4bf312-847f-4261-b1bf-aef11305f2d7
2021-10-21 00:13:43,615 [IPC Server handler 8 on default port 35879] INFO  node.SCMNodeManager (SCMNodeManager.java:register(389)) - Registered Data node : 6c4bf312-847f-4261-b1bf-aef11305f2d7{ip: 10.1.0.21, host: fv-az395-87.zfmzfyrfkyou3ow0tsr0jxwq1e.bx.internal.cloudapp.net, ports: [REPLICATION=33993, RATIS=45071, RATIS_ADMIN=45071, RATIS_SERVER=45071, STANDALONE=38819], networkLocation: /default-rack, certSerialId: null, persistedOpState: null, persistedOpStateExpiryEpochSec: 0}
2021-10-21 00:13:43,616 [EventQueue-NewNodeForNewNodeHandler] INFO  pipeline.BackgroundPipelineCreator (BackgroundPipelineCreator.java:notifyEventTriggered(285)) - trigger a one-shot run on RatisPipelineUtilsThread.
2021-10-21 00:13:43,616 [RatisPipelineUtilsThread - 0] INFO  pipeline.RatisPipelineProvider (RatisPipelineProvider.java:lambda$create$0(183)) - Sending CreatePipelineCommand for pipeline:PipelineID=e2b4fbdb-9ba0-47cc-9ea4-d3d63b047129 to datanode:6c4bf312-847f-4261-b1bf-aef11305f2d7
2021-10-21 00:13:43,617 [RatisPipelineUtilsThread - 0] INFO  pipeline.PipelineStateManagerImpl (PipelineStateManagerImpl.java:addPipeline(101)) - Created pipeline Pipeline[ Id: e2b4fbdb-9ba0-47cc-9ea4-d3d63b047129, Nodes: 6c4bf312-847f-4261-b1bf-aef11305f2d7{ip: 10.1.0.21, host: fv-az395-87.zfmzfyrfkyou3ow0tsr0jxwq1e.bx.internal.cloudapp.net, ports: [REPLICATION=33993, RATIS=45071, RATIS_ADMIN=45071, RATIS_SERVER=45071, STANDALONE=38819], networkLocation: /default-rack, certSerialId: null, persistedOpState: IN_SERVICE, persistedOpStateExpiryEpochSec: 0}, ReplicationConfig: RATIS/ONE, State:ALLOCATED, leaderId:, CreationTimestamp2021-10-21T00:13:43.616Z[Etc/UTC]].
2021-10-21 00:13:43,617 [RatisPipelineUtilsThread - 0] INFO  pipeline.RatisPipelineProvider (RatisPipelineProvider.java:lambda$create$0(183)) - Sending CreatePipelineCommand for pipeline:PipelineID=1b019f85-e068-433d-8e86-0c185b61cb60 to datanode:5ad7e042-c272-4503-bb68-cca0083e8bfb
2021-10-21 00:13:43,617 [RatisPipelineUtilsThread - 0] INFO  pipeline.RatisPipelineProvider (RatisPipelineProvider.java:lambda$create$0(183)) - Sending CreatePipelineCommand for pipeline:PipelineID=1b019f85-e068-433d-8e86-0c185b61cb60 to datanode:6c4bf312-847f-4261-b1bf-aef11305f2d7
2021-10-21 00:13:43,617 [RatisPipelineUtilsThread - 0] INFO  pipeline.RatisPipelineProvider (RatisPipelineProvider.java:lambda$create$0(183)) - Sending CreatePipelineCommand for pipeline:PipelineID=1b019f85-e068-433d-8e86-0c185b61cb60 to datanode:b1aa2fe7-eb40-4f9f-bfee-6ed7c04c202c
2021-10-21 00:13:43,617 [RatisPipelineUtilsThread - 0] INFO  pipeline.PipelineStateManagerImpl (PipelineStateManagerImpl.java:addPipeline(101)) - Created pipeline Pipeline[ Id: 1b019f85-e068-433d-8e86-0c185b61cb60, Nodes: 5ad7e042-c272-4503-bb68-cca0083e8bfb{ip: 10.1.0.21, host: fv-az395-87.zfmzfyrfkyou3ow0tsr0jxwq1e.bx.internal.cloudapp.net, ports: [REPLICATION=33129, RATIS=44457, RATIS_ADMIN=44457, RATIS_SERVER=44457, STANDALONE=33953], networkLocation: /default-rack, certSerialId: null, persistedOpState: IN_SERVICE, persistedOpStateExpiryEpochSec: 0}6c4bf312-847f-4261-b1bf-aef11305f2d7{ip: 10.1.0.21, host: fv-az395-87.zfmzfyrfkyou3ow0tsr0jxwq1e.bx.internal.cloudapp.net, ports: [REPLICATION=33993, RATIS=45071, RATIS_ADMIN=45071, RATIS_SERVER=45071, STANDALONE=38819], networkLocation: /default-rack, certSerialId: null, persistedOpState: IN_SERVICE, persistedOpStateExpiryEpochSec: 0}b1aa2fe7-eb40-4f9f-bfee-6ed7c04c202c{ip: 10.1.0.21, host: fv-az395-87.zfmzfyrfkyou3ow0tsr0jxwq1e.bx.internal.cloudapp.net, ports: [REPLICATION=33729, RATIS=36605, RATIS_ADMIN=36605, RATIS_SERVER=36605, STANDALONE=33747], networkLocation: /default-rack, certSerialId: null, persistedOpState: IN_SERVICE, persistedOpStateExpiryEpochSec: 0}, ReplicationConfig: RATIS/THREE, State:ALLOCATED, leaderId:, CreationTimestamp2021-10-21T00:13:43.617Z[Etc/UTC]].
2021-10-21 00:13:43,639 [Command processor thread] INFO  server.RaftServer (RaftServerProxy.java:addNew(95)) - 43a8bf6a-c132-4b01-9df6-8da121d8da0e: addNew group-86C50B6AC0F0:[43a8bf6a-c132-4b01-9df6-8da121d8da0e|rpc:10.1.0.21:44683|priority:1] returns group-86C50B6AC0F0:java.util.concurrent.CompletableFuture@4189d723[Not completed]
2021-10-21 00:13:43,640 [pool-825-thread-1] INFO  server.RaftServer$Division (RaftServerImpl.java:<init>(184)) - 43a8bf6a-c132-4b01-9df6-8da121d8da0e: new RaftServerImpl for group-86C50B6AC0F0:[43a8bf6a-c132-4b01-9df6-8da121d8da0e|rpc:10.1.0.21:44683|priority:1] with ContainerStateMachine:uninitialized
2021-10-21 00:13:43,640 [pool-825-thread-1] INFO  server.RaftServerConfigKeys (ConfUtils.java:logGet(44)) - raft.server.rpc.timeout.min = 5s (custom)
2021-10-21 00:13:43,640 [pool-825-thread-1] INFO  server.RaftServerConfigKeys (ConfUtils.java:logGet(44)) - raft.server.rpc.timeout.max = 5200ms (custom)
2021-10-21 00:13:43,640 [pool-825-thread-1] INFO  server.RaftServerConfigKeys (ConfUtils.java:logGet(44)) - raft.server.rpc.sleep.time = 25ms (default)
2021-10-21 00:13:43,640 [pool-825-thread-1] INFO  server.RaftServerConfigKeys (ConfUtils.java:logGet(44)) - raft.server.rpc.slowness.timeout = 300000ms (custom)
2021-10-21 00:13:43,640 [pool-825-thread-1] INFO  server.RaftServerConfigKeys (ConfUtils.java:logGet(44)) - raft.server.leaderelection.leader.step-down.wait-time = 10s (default)
2021-10-21 00:13:43,640 [pool-825-thread-1] INFO  server.RaftServerConfigKeys (ConfUtils.java:logGet(44)) - raft.server.sleep.deviation.threshold = 300ms (default)
2021-10-21 00:13:43,640 [pool-825-thread-1] INFO  server.RaftServerConfigKeys (ConfUtils.java:logGet(44)) - raft.server.log.appender.install.snapshot.enabled = false (custom)
2021-10-21 00:13:43,640 [pool-825-thread-1] INFO  server.RaftServer$Division (ServerState.java:<init>(105)) - 43a8bf6a-c132-4b01-9df6-8da121d8da0e@group-86C50B6AC0F0: ConfigurationManager, init=-1: [43a8bf6a-c132-4b01-9df6-8da121d8da0e|rpc:10.1.0.21:44683|priority:1], old=null, confs=<EMPTY_MAP>
2021-10-21 00:13:43,640 [pool-825-thread-1] INFO  server.RaftServerConfigKeys (ConfUtils.java:logGet(44)) - raft.server.storage.dir = [/home/runner/work/ozone/ozone/hadoop-ozone/integration-test/target/test-dir/MiniOzoneClusterImpl-0ff56402-746c-4b46-aacb-40edab3b56db/datanode-2/data/ratis] (custom)
2021-10-21 00:13:43,641 [pool-825-thread-1] INFO  server.RaftServerConfigKeys (ConfUtils.java:logGet(44)) - raft.server.log.corruption.policy = EXCEPTION (default)
2021-10-21 00:13:43,641 [pool-825-thread-1] INFO  server.RaftServerConfigKeys (ConfUtils.java:logGet(44)) - raft.server.storage.free-space.min = 0MB (=0) (default)
2021-10-21 00:13:43,641 [pool-825-thread-1] INFO  storage.RaftStorageDirectory (RaftStorageDirectoryImpl.java:analyzeStorage(135)) - The storage directory /home/runner/work/ozone/ozone/hadoop-ozone/integration-test/target/test-dir/MiniOzoneClusterImpl-0ff56402-746c-4b46-aacb-40edab3b56db/datanode-2/data/ratis/6cbfd236-6fcc-48ae-966f-86c50b6ac0f0 does not exist. Creating ...
2021-10-21 00:13:43,642 [pool-825-thread-1] INFO  storage.RaftStorageDirectory (RaftStorageDirectoryImpl.java:tryLock(230)) - Lock on /home/runner/work/ozone/ozone/hadoop-ozone/integration-test/target/test-dir/MiniOzoneClusterImpl-0ff56402-746c-4b46-aacb-40edab3b56db/datanode-2/data/ratis/6cbfd236-6fcc-48ae-966f-86c50b6ac0f0/in_use.lock acquired by nodename 6507@fv-az395-87
2021-10-21 00:13:43,644 [pool-825-thread-1] INFO  storage.RaftStorage (RaftStorageImpl.java:format(89)) - Storage directory /home/runner/work/ozone/ozone/hadoop-ozone/integration-test/target/test-dir/MiniOzoneClusterImpl-0ff56402-746c-4b46-aacb-40edab3b56db/datanode-2/data/ratis/6cbfd236-6fcc-48ae-966f-86c50b6ac0f0 has been successfully formatted.
2021-10-21 00:13:43,644 [Datanode State Machine Thread - 0] WARN  statemachine.StateContext (StateContext.java:execute(621)) - No available thread in pool for past 1 seconds.
2021-10-21 00:13:43,645 [EventQueue-PipelineReportForPipelineReportHandler] INFO  pipeline.PipelineManagerImpl (PipelineManagerImpl.java:openPipeline(282)) - Pipeline Pipeline[ Id: 6cbfd236-6fcc-48ae-966f-86c50b6ac0f0, Nodes: 43a8bf6a-c132-4b01-9df6-8da121d8da0e{ip: 10.1.0.21, host: fv-az395-87.zfmzfyrfkyou3ow0tsr0jxwq1e.bx.internal.cloudapp.net, ports: [REPLICATION=43167, RATIS=44683, RATIS_ADMIN=44683, RATIS_SERVER=44683, STANDALONE=44545], networkLocation: /default-rack, certSerialId: null, persistedOpState: IN_SERVICE, persistedOpStateExpiryEpochSec: 0}, ReplicationConfig: RATIS/ONE, State:ALLOCATED, leaderId:43a8bf6a-c132-4b01-9df6-8da121d8da0e, CreationTimestamp2021-10-21T00:13:40.655Z[Etc/UTC]] moved to OPEN state
2021-10-21 00:13:43,645 [EventQueue-OpenPipelineForHealthyPipelineSafeModeRule] INFO  safemode.SCMSafeModeManager (HealthyPipelineSafeModeRule.java:process(124)) - SCM in safe mode. Healthy pipelines reported count is 0, required healthy pipeline reported count is 1
2021-10-21 00:13:43,651 [pool-825-thread-1] INFO  ratis.ContainerStateMachine (ContainerStateMachine.java:loadSnapshot(224)) - group-86C50B6AC0F0: The snapshot info is null. Setting the last applied indexto:(t:0, i:~)
2021-10-21 00:13:43,651 [EndpointStateMachine task thread for /0.0.0.0:35879 - 0 ] INFO  ratis.XceiverServerRatis (XceiverServerRatis.java:getRealPort(505)) - XceiverServerRatis fe031be3-9947-46ae-8b09-98e602d9361b is started using port 44461 for RATIS
2021-10-21 00:13:43,651 [EndpointStateMachine task thread for /0.0.0.0:35879 - 0 ] INFO  ratis.XceiverServerRatis (XceiverServerRatis.java:getRealPort(505)) - XceiverServerRatis fe031be3-9947-46ae-8b09-98e602d9361b is started using port 44461 for RATIS_ADMIN
2021-10-21 00:13:43,651 [EndpointStateMachine task thread for /0.0.0.0:35879 - 0 ] INFO  ratis.XceiverServerRatis (XceiverServerRatis.java:getRealPort(505)) - XceiverServerRatis fe031be3-9947-46ae-8b09-98e602d9361b is started using port 44461 for RATIS_SERVER
2021-10-21 00:13:43,667 [pool-806-thread-1] INFO  impl.RoleInfo (RoleInfo.java:updateAndGet(130)) - b064551b-1fe0-41a9-91d7-ea536b2590c0: start b064551b-1fe0-41a9-91d7-ea536b2590c0@group-1ABE1F802D80-FollowerState
2021-10-21 00:13:43,667 [pool-806-thread-1] INFO  util.JmxRegister (JmxRegister.java:tryRegister(44)) - Successfully registered JMX Bean with object name Ratis:service=RaftServer,group=group-1ABE1F802D80,id=b064551b-1fe0-41a9-91d7-ea536b2590c0
2021-10-21 00:13:43,668 [EndpointStateMachine task thread for /0.0.0.0:35879 - 0 ] INFO  server.XceiverServerGrpc (XceiverServerGrpc.java:start(135)) - XceiverServerGrpc fe031be3-9947-46ae-8b09-98e602d9361b is started using port 37965
2021-10-21 00:13:43,671 [Command processor thread] INFO  ratis.XceiverServerRatis (XceiverServerRatis.java:addGroup(768)) - Created group PipelineID=d739659e-f08f-42ab-8521-1abe1f802d80
2021-10-21 00:13:43,687 [pool-825-thread-1] INFO  server.RaftServerConfigKeys (ConfUtils.java:logGet(44)) - raft.server.notification.no-leader.timeout = 300000ms (custom)
2021-10-21 00:13:43,687 [pool-825-thread-1] INFO  server.RaftServerConfigKeys (ConfUtils.java:logGet(44)) - raft.server.log.use.memory = false (default)
2021-10-21 00:13:43,687 [pool-825-thread-1] INFO  server.RaftServerConfigKeys (ConfUtils.java:logGet(44)) - raft.server.log.purge.gap = 1000000 (custom)
2021-10-21 00:13:43,687 [pool-825-thread-1] INFO  server.RaftServerConfigKeys (ConfUtils.java:logGet(44)) - raft.server.log.appender.buffer.byte-limit = 33554432 (custom)
2021-10-21 00:13:43,687 [pool-825-thread-1] INFO  server.RaftServerConfigKeys (ConfUtils.java:logGet(44)) - raft.server.log.segment.size.max = 1048576 (custom)
2021-10-21 00:13:43,688 [pool-825-thread-1] INFO  server.RaftServerConfigKeys (ConfUtils.java:logGet(44)) - raft.server.log.segment.cache.num.max = 2 (custom)
2021-10-21 00:13:43,688 [pool-825-thread-1] INFO  server.RaftServerConfigKeys (ConfUtils.java:logGet(44)) - raft.server.log.segment.cache.size.max = 200MB (=209715200) (default)
2021-10-21 00:13:43,688 [pool-825-thread-1] INFO  segmented.SegmentedRaftLogWorker (SegmentedRaftLogWorker.java:<init>(182)) - new 43a8bf6a-c132-4b01-9df6-8da121d8da0e@group-86C50B6AC0F0-SegmentedRaftLogWorker for RaftStorageImpl:Storage Directory /home/runner/work/ozone/ozone/hadoop-ozone/integration-test/target/test-dir/MiniOzoneClusterImpl-0ff56402-746c-4b46-aacb-40edab3b56db/datanode-2/data/ratis/6cbfd236-6fcc-48ae-966f-86c50b6ac0f0
2021-10-21 00:13:43,688 [pool-825-thread-1] INFO  server.RaftServerConfigKeys (ConfUtils.java:logGet(44)) - raft.server.log.queue.byte-limit = 2147483647 (custom)
2021-10-21 00:13:43,688 [pool-825-thread-1] INFO  server.RaftServerConfigKeys (ConfUtils.java:logGet(44)) - raft.server.log.queue.element-limit = 1024 (custom)
2021-10-21 00:13:43,688 [pool-825-thread-1] INFO  server.RaftServerConfigKeys (ConfUtils.java:logGet(44)) - raft.server.log.segment.size.max = 1048576 (custom)
2021-10-21 00:13:43,688 [pool-825-thread-1] INFO  server.RaftServerConfigKeys (ConfUtils.java:logGet(44)) - raft.server.log.preallocated.size = 16384 (custom)
2021-10-21 00:13:43,688 [pool-825-thread-1] INFO  server.RaftServerConfigKeys (ConfUtils.java:logGet(44)) - raft.server.log.force.sync.num = 128 (default)
2021-10-21 00:13:43,688 [pool-825-thread-1] INFO  server.RaftServerConfigKeys (ConfUtils.java:logGet(44)) - raft.server.log.statemachine.data.sync = true (default)
2021-10-21 00:13:43,688 [pool-825-thread-1] INFO  server.RaftServerConfigKeys (ConfUtils.java:logGet(44)) - raft.server.log.statemachine.data.sync.timeout = 10s (default)
2021-10-21 00:13:43,688 [pool-825-thread-1] INFO  server.RaftServerConfigKeys (ConfUtils.java:logGet(44)) - raft.server.log.statemachine.data.sync.timeout.retry = -1 (default)
2021-10-21 00:13:43,690 [pool-825-thread-1] INFO  server.RaftServerConfigKeys (ConfUtils.java:logGet(44)) - raft.server.log.write.buffer.size = 1048576 (custom)
2021-10-21 00:13:43,690 [pool-825-thread-1] INFO  server.RaftServerConfigKeys (ConfUtils.java:logGet(44)) - raft.server.log.statemachine.data.caching.enabled = true (custom)
2021-10-21 00:13:43,690 [pool-825-thread-1] INFO  segmented.SegmentedRaftLogWorker (SegmentedRaftLogWorker.java:lambda$new$0(133)) - 43a8bf6a-c132-4b01-9df6-8da121d8da0e@group-86C50B6AC0F0-SegmentedRaftLogWorker: flushIndex: setUnconditionally 0 -> -1
2021-10-21 00:13:43,705 [org.apache.ratis.util.JvmPauseMonitor$$Lambda$531/1336496959@1734db99] INFO  util.JvmPauseMonitor (JvmPauseMonitor.java:run(103)) - JvmPauseMonitor-fe031be3-9947-46ae-8b09-98e602d9361b: Started
2021-10-21 00:13:43,711 [pool-825-thread-1] INFO  segmented.SegmentedRaftLogWorker (SegmentedRaftLogWorker.java:lambda$new$0(133)) - 43a8bf6a-c132-4b01-9df6-8da121d8da0e@group-86C50B6AC0F0-SegmentedRaftLogWorker: safeCacheEvictIndex: setUnconditionally 0 -> -1
2021-10-21 00:13:43,755 [pool-825-thread-1] INFO  server.RaftServerConfigKeys (ConfUtils.java:logGet(44)) - raft.server.snapshot.auto.trigger.enabled = true (custom)
2021-10-21 00:13:43,755 [pool-825-thread-1] INFO  server.RaftServerConfigKeys (ConfUtils.java:logGet(44)) - raft.server.snapshot.auto.trigger.threshold = 10000 (custom)
2021-10-21 00:13:43,755 [pool-825-thread-1] INFO  server.RaftServerConfigKeys (ConfUtils.java:logGet(44)) - raft.server.snapshot.retention.file.num = 5 (custom)
2021-10-21 00:13:43,755 [pool-825-thread-1] INFO  server.RaftServerConfigKeys (ConfUtils.java:logGet(44)) - raft.server.log.purge.upto.snapshot.index = false (default)
2021-10-21 00:13:43,755 [pool-825-thread-1] INFO  server.RaftServerConfigKeys (ConfUtils.java:logGet(44)) - raft.server.retrycache.expirytime = 600000ms (custom)
2021-10-21 00:13:43,755 [pool-825-thread-1] INFO  server.RaftServerConfigKeys (ConfUtils.java:logGet(44)) - raft.server.retrycache.statistics.expirytime = 100μs (default)
2021-10-21 00:13:43,841 [pool-825-thread-1] INFO  server.RaftServer$Division (RaftServerImpl.java:start(301)) - 43a8bf6a-c132-4b01-9df6-8da121d8da0e@group-86C50B6AC0F0: start as a follower, conf=-1: [43a8bf6a-c132-4b01-9df6-8da121d8da0e|rpc:10.1.0.21:44683|priority:1], old=null
2021-10-21 00:13:43,843 [pool-825-thread-1] INFO  server.RaftServer$Division (RaftServerImpl.java:setRole(290)) - 43a8bf6a-c132-4b01-9df6-8da121d8da0e@group-86C50B6AC0F0: changes role from      null to FOLLOWER at term 0 for startAsFollower
2021-10-21 00:13:43,877 [pool-825-thread-1] INFO  impl.RoleInfo (RoleInfo.java:updateAndGet(130)) - 43a8bf6a-c132-4b01-9df6-8da121d8da0e: start 43a8bf6a-c132-4b01-9df6-8da121d8da0e@group-86C50B6AC0F0-FollowerState
2021-10-21 00:13:43,877 [pool-825-thread-1] INFO  util.JmxRegister (JmxRegister.java:tryRegister(44)) - Successfully registered JMX Bean with object name Ratis:service=RaftServer,group=group-86C50B6AC0F0,id=43a8bf6a-c132-4b01-9df6-8da121d8da0e
2021-10-21 00:13:43,952 [EndpointStateMachine task thread for /0.0.0.0:35879 - 0 ] INFO  ozoneimpl.OzoneContainer (OzoneContainer.java:start(304)) - Attempting to start container services.
2021-10-21 00:13:43,952 [EndpointStateMachine task thread for /0.0.0.0:35879 - 0 ] INFO  ozoneimpl.OzoneContainer (OzoneContainer.java:startContainerScrub(249)) - Background container scanner has been disabled.
2021-10-21 00:13:43,954 [EndpointStateMachine task thread for /0.0.0.0:35879 - 0 ] INFO  replication.ReplicationServer (ReplicationServer.java:start(107)) - ReplicationServer is started using port 33843
2021-10-21 00:13:43,955 [EndpointStateMachine task thread for /0.0.0.0:35879 - 0 ] INFO  ratis.XceiverServerRatis (XceiverServerRatis.java:start(484)) - Starting XceiverServerRatis 87f4cda0-ffb5-4aa3-ac3a-463d681607fa
2021-10-21 00:13:43,959 [EndpointStateMachine task thread for /0.0.0.0:35879 - 0 ] INFO  server.RaftServer (RaftServerProxy.java:lambda$start$5(374)) - 87f4cda0-ffb5-4aa3-ac3a-463d681607fa: start RPC server
2021-10-21 00:13:43,963 [EndpointStateMachine task thread for /0.0.0.0:35879 - 0 ] INFO  server.GrpcService (GrpcService.java:startImpl(253)) - 87f4cda0-ffb5-4aa3-ac3a-463d681607fa: GrpcService started, listening on 43449
2021-10-21 00:13:43,978 [EndpointStateMachine task thread for /0.0.0.0:35879 - 0 ] INFO  ratis.XceiverServerRatis (XceiverServerRatis.java:getRealPort(505)) - XceiverServerRatis 87f4cda0-ffb5-4aa3-ac3a-463d681607fa is started using port 43449 for RATIS
2021-10-21 00:13:43,978 [EndpointStateMachine task thread for /0.0.0.0:35879 - 0 ] INFO  ratis.XceiverServerRatis (XceiverServerRatis.java:getRealPort(505)) - XceiverServerRatis 87f4cda0-ffb5-4aa3-ac3a-463d681607fa is started using port 43449 for RATIS_ADMIN
2021-10-21 00:13:43,978 [EndpointStateMachine task thread for /0.0.0.0:35879 - 0 ] INFO  ratis.XceiverServerRatis (XceiverServerRatis.java:getRealPort(505)) - XceiverServerRatis 87f4cda0-ffb5-4aa3-ac3a-463d681607fa is started using port 43449 for RATIS_SERVER
2021-10-21 00:13:43,978 [EndpointStateMachine task thread for /0.0.0.0:35879 - 0 ] INFO  server.XceiverServerGrpc (XceiverServerGrpc.java:start(135)) - XceiverServerGrpc 87f4cda0-ffb5-4aa3-ac3a-463d681607fa is started using port 46315
2021-10-21 00:13:43,985 [org.apache.ratis.util.JvmPauseMonitor$$Lambda$531/1336496959@4cc6babf] INFO  util.JvmPauseMonitor (JvmPauseMonitor.java:run(103)) - JvmPauseMonitor-87f4cda0-ffb5-4aa3-ac3a-463d681607fa: Started
2021-10-21 00:13:44,007 [Command processor thread] INFO  commandhandler.CreatePipelineCommandHandler (CreatePipelineCommandHandler.java:handle(106)) - Created Pipeline RATIS THREE PipelineID=d739659e-f08f-42ab-8521-1abe1f802d80.
2021-10-21 00:13:44,023 [Command processor thread] INFO  ratis.XceiverServerRatis (XceiverServerRatis.java:addGroup(768)) - Created group PipelineID=6cbfd236-6fcc-48ae-966f-86c50b6ac0f0
2021-10-21 00:13:44,023 [Command processor thread] INFO  commandhandler.CreatePipelineCommandHandler (CreatePipelineCommandHandler.java:handle(106)) - Created Pipeline RATIS ONE PipelineID=6cbfd236-6fcc-48ae-966f-86c50b6ac0f0.
2021-10-21 00:13:44,350 [Command processor thread] INFO  commandhandler.CreatePipelineCommandHandler (CreatePipelineCommandHandler.java:handle(106)) - Created Pipeline RATIS THREE PipelineID=d739659e-f08f-42ab-8521-1abe1f802d80.
2021-10-21 00:13:44,464 [Listener at 127.0.0.1/34193] INFO  ozone.MiniOzoneClusterImpl (MiniOzoneClusterImpl.java:lambda$waitForClusterToBeReady$0(235)) - Waiting for nodes to be ready. Got 6 of 9 DN Heartbeats.
2021-10-21 00:13:44,464 [Listener at 127.0.0.1/34193] INFO  ozone.MiniOzoneClusterImpl (MiniOzoneClusterImpl.java:lambda$waitForClusterToBeReady$0(238)) - Waiting for cluster to exit safe mode
2021-10-21 00:13:44,464 [Listener at 127.0.0.1/34193] INFO  ozone.MiniOzoneClusterImpl (MiniOzoneClusterImpl.java:lambda$waitForClusterToBeReady$0(240)) - SCM became leader
2021-10-21 00:13:44,751 [Command processor thread] INFO  server.RaftServer (RaftServerProxy.java:addNew(95)) - b1aa2fe7-eb40-4f9f-bfee-6ed7c04c202c: addNew group-AE50F5E5AA8C:[b1aa2fe7-eb40-4f9f-bfee-6ed7c04c202c|rpc:10.1.0.21:36605|priority:1] returns group-AE50F5E5AA8C:java.util.concurrent.CompletableFuture@3023bdd1[Not completed]
2021-10-21 00:13:44,764 [pool-844-thread-1] INFO  server.RaftServer$Division (RaftServerImpl.java:<init>(184)) - b1aa2fe7-eb40-4f9f-bfee-6ed7c04c202c: new RaftServerImpl for group-AE50F5E5AA8C:[b1aa2fe7-eb40-4f9f-bfee-6ed7c04c202c|rpc:10.1.0.21:36605|priority:1] with ContainerStateMachine:uninitialized
2021-10-21 00:13:44,765 [pool-844-thread-1] INFO  server.RaftServerConfigKeys (ConfUtils.java:logGet(44)) - raft.server.rpc.timeout.min = 5s (custom)
2021-10-21 00:13:44,765 [pool-844-thread-1] INFO  server.RaftServerConfigKeys (ConfUtils.java:logGet(44)) - raft.server.rpc.timeout.max = 5200ms (custom)
2021-10-21 00:13:44,765 [pool-844-thread-1] INFO  server.RaftServerConfigKeys (ConfUtils.java:logGet(44)) - raft.server.rpc.sleep.time = 25ms (default)
2021-10-21 00:13:44,765 [pool-844-thread-1] INFO  server.RaftServerConfigKeys (ConfUtils.java:logGet(44)) - raft.server.rpc.slowness.timeout = 300000ms (custom)
2021-10-21 00:13:44,765 [pool-844-thread-1] INFO  server.RaftServerConfigKeys (ConfUtils.java:logGet(44)) - raft.server.leaderelection.leader.step-down.wait-time = 10s (default)
2021-10-21 00:13:44,765 [pool-844-thread-1] INFO  server.RaftServerConfigKeys (ConfUtils.java:logGet(44)) - raft.server.sleep.deviation.threshold = 300ms (default)
2021-10-21 00:13:44,765 [pool-844-thread-1] INFO  server.RaftServerConfigKeys (ConfUtils.java:logGet(44)) - raft.server.log.appender.install.snapshot.enabled = false (custom)
2021-10-21 00:13:44,765 [pool-844-thread-1] INFO  server.RaftServer$Division (ServerState.java:<init>(105)) - b1aa2fe7-eb40-4f9f-bfee-6ed7c04c202c@group-AE50F5E5AA8C: ConfigurationManager, init=-1: [b1aa2fe7-eb40-4f9f-bfee-6ed7c04c202c|rpc:10.1.0.21:36605|priority:1], old=null, confs=<EMPTY_MAP>
2021-10-21 00:13:44,765 [pool-844-thread-1] INFO  server.RaftServerConfigKeys (ConfUtils.java:logGet(44)) - raft.server.storage.dir = [/home/runner/work/ozone/ozone/hadoop-ozone/integration-test/target/test-dir/MiniOzoneClusterImpl-0ff56402-746c-4b46-aacb-40edab3b56db/datanode-3/data/ratis] (custom)
2021-10-21 00:13:44,765 [pool-844-thread-1] INFO  server.RaftServerConfigKeys (ConfUtils.java:logGet(44)) - raft.server.log.corruption.policy = EXCEPTION (default)
2021-10-21 00:13:44,766 [pool-844-thread-1] INFO  server.RaftServerConfigKeys (ConfUtils.java:logGet(44)) - raft.server.storage.free-space.min = 0MB (=0) (default)
2021-10-21 00:13:44,766 [pool-844-thread-1] INFO  storage.RaftStorageDirectory (RaftStorageDirectoryImpl.java:analyzeStorage(135)) - The storage directory /home/runner/work/ozone/ozone/hadoop-ozone/integration-test/target/test-dir/MiniOzoneClusterImpl-0ff56402-746c-4b46-aacb-40edab3b56db/datanode-3/data/ratis/90eb6df1-f670-4912-ae0e-ae50f5e5aa8c does not exist. Creating ...
2021-10-21 00:13:44,773 [pool-844-thread-1] INFO  storage.RaftStorageDirectory (RaftStorageDirectoryImpl.java:tryLock(230)) - Lock on /home/runner/work/ozone/ozone/hadoop-ozone/integration-test/target/test-dir/MiniOzoneClusterImpl-0ff56402-746c-4b46-aacb-40edab3b56db/datanode-3/data/ratis/90eb6df1-f670-4912-ae0e-ae50f5e5aa8c/in_use.lock acquired by nodename 6507@fv-az395-87
2021-10-21 00:13:44,820 [pool-844-thread-1] INFO  storage.RaftStorage (RaftStorageImpl.java:format(89)) - Storage directory /home/runner/work/ozone/ozone/hadoop-ozone/integration-test/target/test-dir/MiniOzoneClusterImpl-0ff56402-746c-4b46-aacb-40edab3b56db/datanode-3/data/ratis/90eb6df1-f670-4912-ae0e-ae50f5e5aa8c has been successfully formatted.
2021-10-21 00:13:44,829 [pool-844-thread-1] INFO  ratis.ContainerStateMachine (ContainerStateMachine.java:loadSnapshot(224)) - group-AE50F5E5AA8C: The snapshot info is null. Setting the last applied indexto:(t:0, i:~)
2021-10-21 00:13:44,830 [pool-844-thread-1] INFO  server.RaftServerConfigKeys (ConfUtils.java:logGet(44)) - raft.server.notification.no-leader.timeout = 300000ms (custom)
2021-10-21 00:13:44,830 [pool-844-thread-1] INFO  server.RaftServerConfigKeys (ConfUtils.java:logGet(44)) - raft.server.log.use.memory = false (default)
2021-10-21 00:13:44,830 [pool-844-thread-1] INFO  server.RaftServerConfigKeys (ConfUtils.java:logGet(44)) - raft.server.log.purge.gap = 1000000 (custom)
2021-10-21 00:13:44,830 [pool-844-thread-1] INFO  server.RaftServerConfigKeys (ConfUtils.java:logGet(44)) - raft.server.log.appender.buffer.byte-limit = 33554432 (custom)
2021-10-21 00:13:44,830 [pool-844-thread-1] INFO  server.RaftServerConfigKeys (ConfUtils.java:logGet(44)) - raft.server.log.segment.size.max = 1048576 (custom)
2021-10-21 00:13:44,835 [EventQueue-PipelineReportForPipelineReportHandler] INFO  pipeline.PipelineManagerImpl (PipelineManagerImpl.java:openPipeline(282)) - Pipeline Pipeline[ Id: 90eb6df1-f670-4912-ae0e-ae50f5e5aa8c, Nodes: b1aa2fe7-eb40-4f9f-bfee-6ed7c04c202c{ip: 10.1.0.21, host: fv-az395-87.zfmzfyrfkyou3ow0tsr0jxwq1e.bx.internal.cloudapp.net, ports: [REPLICATION=33729, RATIS=36605, RATIS_ADMIN=36605, RATIS_SERVER=36605, STANDALONE=33747], networkLocation: /default-rack, certSerialId: null, persistedOpState: IN_SERVICE, persistedOpStateExpiryEpochSec: 0}, ReplicationConfig: RATIS/ONE, State:ALLOCATED, leaderId:b1aa2fe7-eb40-4f9f-bfee-6ed7c04c202c, CreationTimestamp2021-10-21T00:13:41.741Z[Etc/UTC]] moved to OPEN state
2021-10-21 00:13:44,836 [EventQueue-OpenPipelineForHealthyPipelineSafeModeRule] INFO  safemode.SCMSafeModeManager (HealthyPipelineSafeModeRule.java:process(124)) - SCM in safe mode. Healthy pipelines reported count is 0, required healthy pipeline reported count is 1
2021-10-21 00:13:44,840 [pool-844-thread-1] INFO  server.RaftServerConfigKeys (ConfUtils.java:logGet(44)) - raft.server.log.segment.cache.num.max = 2 (custom)
2021-10-21 00:13:44,840 [pool-844-thread-1] INFO  server.RaftServerConfigKeys (ConfUtils.java:logGet(44)) - raft.server.log.segment.cache.size.max = 200MB (=209715200) (default)
2021-10-21 00:13:44,840 [pool-844-thread-1] INFO  segmented.SegmentedRaftLogWorker (SegmentedRaftLogWorker.java:<init>(182)) - new b1aa2fe7-eb40-4f9f-bfee-6ed7c04c202c@group-AE50F5E5AA8C-SegmentedRaftLogWorker for RaftStorageImpl:Storage Directory /home/runner/work/ozone/ozone/hadoop-ozone/integration-test/target/test-dir/MiniOzoneClusterImpl-0ff56402-746c-4b46-aacb-40edab3b56db/datanode-3/data/ratis/90eb6df1-f670-4912-ae0e-ae50f5e5aa8c
2021-10-21 00:13:44,840 [pool-844-thread-1] INFO  server.RaftServerConfigKeys (ConfUtils.java:logGet(44)) - raft.server.log.queue.byte-limit = 2147483647 (custom)
2021-10-21 00:13:44,840 [pool-844-thread-1] INFO  server.RaftServerConfigKeys (ConfUtils.java:logGet(44)) - raft.server.log.queue.element-limit = 1024 (custom)
2021-10-21 00:13:44,841 [pool-844-thread-1] INFO  server.RaftServerConfigKeys (ConfUtils.java:logGet(44)) - raft.server.log.segment.size.max = 1048576 (custom)
2021-10-21 00:13:44,841 [pool-844-thread-1] INFO  server.RaftServerConfigKeys (ConfUtils.java:logGet(44)) - raft.server.log.preallocated.size = 16384 (custom)
2021-10-21 00:13:44,841 [pool-844-thread-1] INFO  server.RaftServerConfigKeys (ConfUtils.java:logGet(44)) - raft.server.log.force.sync.num = 128 (default)
2021-10-21 00:13:44,841 [pool-844-thread-1] INFO  server.RaftServerConfigKeys (ConfUtils.java:logGet(44)) - raft.server.log.statemachine.data.sync = true (default)
2021-10-21 00:13:44,841 [pool-844-thread-1] INFO  server.RaftServerConfigKeys (ConfUtils.java:logGet(44)) - raft.server.log.statemachine.data.sync.timeout = 10s (default)
2021-10-21 00:13:44,841 [pool-844-thread-1] INFO  server.RaftServerConfigKeys (ConfUtils.java:logGet(44)) - raft.server.log.statemachine.data.sync.timeout.retry = -1 (default)
2021-10-21 00:13:44,843 [pool-844-thread-1] INFO  server.RaftServerConfigKeys (ConfUtils.java:logGet(44)) - raft.server.log.write.buffer.size = 1048576 (custom)
2021-10-21 00:13:44,847 [pool-844-thread-1] INFO  server.RaftServerConfigKeys (ConfUtils.java:logGet(44)) - raft.server.log.statemachine.data.caching.enabled = true (custom)
2021-10-21 00:13:44,862 [pool-844-thread-1] INFO  segmented.SegmentedRaftLogWorker (SegmentedRaftLogWorker.java:lambda$new$0(133)) - b1aa2fe7-eb40-4f9f-bfee-6ed7c04c202c@group-AE50F5E5AA8C-SegmentedRaftLogWorker: flushIndex: setUnconditionally 0 -> -1
2021-10-21 00:13:44,862 [pool-844-thread-1] INFO  segmented.SegmentedRaftLogWorker (SegmentedRaftLogWorker.java:lambda$new$0(133)) - b1aa2fe7-eb40-4f9f-bfee-6ed7c04c202c@group-AE50F5E5AA8C-SegmentedRaftLogWorker: safeCacheEvictIndex: setUnconditionally 0 -> -1
2021-10-21 00:13:44,875 [pool-844-thread-1] INFO  server.RaftServerConfigKeys (ConfUtils.java:logGet(44)) - raft.server.snapshot.auto.trigger.enabled = true (custom)
2021-10-21 00:13:44,875 [pool-844-thread-1] INFO  server.RaftServerConfigKeys (ConfUtils.java:logGet(44)) - raft.server.snapshot.auto.trigger.threshold = 10000 (custom)
2021-10-21 00:13:44,875 [pool-844-thread-1] INFO  server.RaftServerConfigKeys (ConfUtils.java:logGet(44)) - raft.server.snapshot.retention.file.num = 5 (custom)
2021-10-21 00:13:44,875 [pool-844-thread-1] INFO  server.RaftServerConfigKeys (ConfUtils.java:logGet(44)) - raft.server.log.purge.upto.snapshot.index = false (default)
2021-10-21 00:13:44,875 [pool-844-thread-1] INFO  server.RaftServerConfigKeys (ConfUtils.java:logGet(44)) - raft.server.retrycache.expirytime = 600000ms (custom)
2021-10-21 00:13:44,875 [pool-844-thread-1] INFO  server.RaftServerConfigKeys (ConfUtils.java:logGet(44)) - raft.server.retrycache.statistics.expirytime = 100μs (default)
2021-10-21 00:13:44,878 [pool-844-thread-1] INFO  server.RaftServer$Division (RaftServerImpl.java:start(301)) - b1aa2fe7-eb40-4f9f-bfee-6ed7c04c202c@group-AE50F5E5AA8C: start as a follower, conf=-1: [b1aa2fe7-eb40-4f9f-bfee-6ed7c04c202c|rpc:10.1.0.21:36605|priority:1], old=null
2021-10-21 00:13:44,878 [pool-844-thread-1] INFO  server.RaftServer$Division (RaftServerImpl.java:setRole(290)) - b1aa2fe7-eb40-4f9f-bfee-6ed7c04c202c@group-AE50F5E5AA8C: changes role from      null to FOLLOWER at term 0 for startAsFollower
2021-10-21 00:13:44,878 [pool-844-thread-1] INFO  impl.RoleInfo (RoleInfo.java:updateAndGet(130)) - b1aa2fe7-eb40-4f9f-bfee-6ed7c04c202c: start b1aa2fe7-eb40-4f9f-bfee-6ed7c04c202c@group-AE50F5E5AA8C-FollowerState
2021-10-21 00:13:44,911 [pool-844-thread-1] INFO  util.JmxRegister (JmxRegister.java:tryRegister(44)) - Successfully registered JMX Bean with object name Ratis:service=RaftServer,group=group-AE50F5E5AA8C,id=b1aa2fe7-eb40-4f9f-bfee-6ed7c04c202c
2021-10-21 00:13:44,914 [Command processor thread] INFO  ratis.XceiverServerRatis (XceiverServerRatis.java:addGroup(768)) - Created group PipelineID=90eb6df1-f670-4912-ae0e-ae50f5e5aa8c
2021-10-21 00:13:44,915 [Command processor thread] INFO  commandhandler.CreatePipelineCommandHandler (CreatePipelineCommandHandler.java:handle(106)) - Created Pipeline RATIS ONE PipelineID=90eb6df1-f670-4912-ae0e-ae50f5e5aa8c.
2021-10-21 00:13:44,915 [Command processor thread] INFO  server.RaftServer (RaftServerProxy.java:addNew(95)) - b1aa2fe7-eb40-4f9f-bfee-6ed7c04c202c: addNew group-0C185B61CB60:[5ad7e042-c272-4503-bb68-cca0083e8bfb|rpc:10.1.0.21:44457|priority:1, b1aa2fe7-eb40-4f9f-bfee-6ed7c04c202c|rpc:10.1.0.21:36605|priority:0, 6c4bf312-847f-4261-b1bf-aef11305f2d7|rpc:10.1.0.21:45071|priority:0] returns group-0C185B61CB60:java.util.concurrent.CompletableFuture@341c3f0d[Not completed]
2021-10-21 00:13:44,916 [pool-844-thread-1] INFO  server.RaftServer$Division (RaftServerImpl.java:<init>(184)) - b1aa2fe7-eb40-4f9f-bfee-6ed7c04c202c: new RaftServerImpl for group-0C185B61CB60:[5ad7e042-c272-4503-bb68-cca0083e8bfb|rpc:10.1.0.21:44457|priority:1, b1aa2fe7-eb40-4f9f-bfee-6ed7c04c202c|rpc:10.1.0.21:36605|priority:0, 6c4bf312-847f-4261-b1bf-aef11305f2d7|rpc:10.1.0.21:45071|priority:0] with ContainerStateMachine:uninitialized
2021-10-21 00:13:44,916 [pool-844-thread-1] INFO  server.RaftServerConfigKeys (ConfUtils.java:logGet(44)) - raft.server.rpc.timeout.min = 5s (custom)
2021-10-21 00:13:44,916 [pool-844-thread-1] INFO  server.RaftServerConfigKeys (ConfUtils.java:logGet(44)) - raft.server.rpc.timeout.max = 5200ms (custom)
2021-10-21 00:13:44,916 [pool-844-thread-1] INFO  server.RaftServerConfigKeys (ConfUtils.java:logGet(44)) - raft.server.rpc.sleep.time = 25ms (default)
2021-10-21 00:13:44,916 [pool-844-thread-1] INFO  server.RaftServerConfigKeys (ConfUtils.java:logGet(44)) - raft.server.rpc.slowness.timeout = 300000ms (custom)
2021-10-21 00:13:44,916 [pool-844-thread-1] INFO  server.RaftServerConfigKeys (ConfUtils.java:logGet(44)) - raft.server.leaderelection.leader.step-down.wait-time = 10s (default)
2021-10-21 00:13:44,916 [pool-844-thread-1] INFO  server.RaftServerConfigKeys (ConfUtils.java:logGet(44)) - raft.server.sleep.deviation.threshold = 300ms (default)
2021-10-21 00:13:44,916 [pool-844-thread-1] INFO  server.RaftServerConfigKeys (ConfUtils.java:logGet(44)) - raft.server.log.appender.install.snapshot.enabled = false (custom)
2021-10-21 00:13:44,916 [pool-844-thread-1] INFO  server.RaftServer$Division (ServerState.java:<init>(105)) - b1aa2fe7-eb40-4f9f-bfee-6ed7c04c202c@group-0C185B61CB60: ConfigurationManager, init=-1: [5ad7e042-c272-4503-bb68-cca0083e8bfb|rpc:10.1.0.21:44457|priority:1, b1aa2fe7-eb40-4f9f-bfee-6ed7c04c202c|rpc:10.1.0.21:36605|priority:0, 6c4bf312-847f-4261-b1bf-aef11305f2d7|rpc:10.1.0.21:45071|priority:0], old=null, confs=<EMPTY_MAP>
2021-10-21 00:13:44,916 [pool-844-thread-1] INFO  server.RaftServerConfigKeys (ConfUtils.java:logGet(44)) - raft.server.storage.dir = [/home/runner/work/ozone/ozone/hadoop-ozone/integration-test/target/test-dir/MiniOzoneClusterImpl-0ff56402-746c-4b46-aacb-40edab3b56db/datanode-3/data/ratis] (custom)
2021-10-21 00:13:44,916 [pool-844-thread-1] INFO  server.RaftServerConfigKeys (ConfUtils.java:logGet(44)) - raft.server.log.corruption.policy = EXCEPTION (default)
2021-10-21 00:13:44,916 [pool-844-thread-1] INFO  server.RaftServerConfigKeys (ConfUtils.java:logGet(44)) - raft.server.storage.free-space.min = 0MB (=0) (default)
2021-10-21 00:13:44,916 [pool-844-thread-1] INFO  storage.RaftStorageDirectory (RaftStorageDirectoryImpl.java:analyzeStorage(135)) - The storage directory /home/runner/work/ozone/ozone/hadoop-ozone/integration-test/target/test-dir/MiniOzoneClusterImpl-0ff56402-746c-4b46-aacb-40edab3b56db/datanode-3/data/ratis/1b019f85-e068-433d-8e86-0c185b61cb60 does not exist. Creating ...
2021-10-21 00:13:44,927 [pool-844-thread-1] INFO  storage.RaftStorageDirectory (RaftStorageDirectoryImpl.java:tryLock(230)) - Lock on /home/runner/work/ozone/ozone/hadoop-ozone/integration-test/target/test-dir/MiniOzoneClusterImpl-0ff56402-746c-4b46-aacb-40edab3b56db/datanode-3/data/ratis/1b019f85-e068-433d-8e86-0c185b61cb60/in_use.lock acquired by nodename 6507@fv-az395-87
2021-10-21 00:13:44,930 [IPC Server handler 14 on default port 35879] INFO  net.NetworkTopologyImpl (NetworkTopologyImpl.java:add(112)) - Added a new node: /default-rack/fe031be3-9947-46ae-8b09-98e602d9361b
2021-10-21 00:13:44,930 [IPC Server handler 14 on default port 35879] INFO  node.SCMNodeManager (SCMNodeManager.java:register(389)) - Registered Data node : fe031be3-9947-46ae-8b09-98e602d9361b{ip: 10.1.0.21, host: fv-az395-87.zfmzfyrfkyou3ow0tsr0jxwq1e.bx.internal.cloudapp.net, ports: [REPLICATION=38151, RATIS=44461, RATIS_ADMIN=44461, RATIS_SERVER=44461, STANDALONE=37965], networkLocation: /default-rack, certSerialId: null, persistedOpState: null, persistedOpStateExpiryEpochSec: 0}
2021-10-21 00:13:44,930 [EventQueue-NewNodeForNewNodeHandler] INFO  pipeline.BackgroundPipelineCreator (BackgroundPipelineCreator.java:notifyEventTriggered(285)) - trigger a one-shot run on RatisPipelineUtilsThread.
2021-10-21 00:13:44,931 [RatisPipelineUtilsThread - 0] INFO  pipeline.RatisPipelineProvider (RatisPipelineProvider.java:lambda$create$0(183)) - Sending CreatePipelineCommand for pipeline:PipelineID=26c74c92-a0df-4910-bbcb-c7ceafb8caa2 to datanode:fe031be3-9947-46ae-8b09-98e602d9361b
2021-10-21 00:13:44,931 [RatisPipelineUtilsThread - 0] INFO  pipeline.PipelineStateManagerImpl (PipelineStateManagerImpl.java:addPipeline(101)) - Created pipeline Pipeline[ Id: 26c74c92-a0df-4910-bbcb-c7ceafb8caa2, Nodes: fe031be3-9947-46ae-8b09-98e602d9361b{ip: 10.1.0.21, host: fv-az395-87.zfmzfyrfkyou3ow0tsr0jxwq1e.bx.internal.cloudapp.net, ports: [REPLICATION=38151, RATIS=44461, RATIS_ADMIN=44461, RATIS_SERVER=44461, STANDALONE=37965], networkLocation: /default-rack, certSerialId: null, persistedOpState: IN_SERVICE, persistedOpStateExpiryEpochSec: 0}, ReplicationConfig: RATIS/ONE, State:ALLOCATED, leaderId:, CreationTimestamp2021-10-21T00:13:44.931Z[Etc/UTC]].
2021-10-21 00:13:44,932 [pool-844-thread-1] INFO  storage.RaftStorage (RaftStorageImpl.java:format(89)) - Storage directory /home/runner/work/ozone/ozone/hadoop-ozone/integration-test/target/test-dir/MiniOzoneClusterImpl-0ff56402-746c-4b46-aacb-40edab3b56db/datanode-3/data/ratis/1b019f85-e068-433d-8e86-0c185b61cb60 has been successfully formatted.
2021-10-21 00:13:44,976 [Datanode State Machine Thread - 0] WARN  statemachine.StateContext (StateContext.java:execute(621)) - No available thread in pool for past 1 seconds.
2021-10-21 00:13:44,977 [EventQueue-OpenPipelineForHealthyPipelineSafeModeRule] INFO  safemode.SCMSafeModeManager (HealthyPipelineSafeModeRule.java:process(124)) - SCM in safe mode. Healthy pipelines reported count is 0, required healthy pipeline reported count is 1
2021-10-21 00:13:44,978 [pool-844-thread-1] INFO  ratis.ContainerStateMachine (ContainerStateMachine.java:loadSnapshot(224)) - group-0C185B61CB60: The snapshot info is null. Setting the last applied indexto:(t:0, i:~)
2021-10-21 00:13:44,978 [pool-844-thread-1] INFO  server.RaftServerConfigKeys (ConfUtils.java:logGet(44)) - raft.server.notification.no-leader.timeout = 300000ms (custom)
2021-10-21 00:13:44,978 [pool-844-thread-1] INFO  server.RaftServerConfigKeys (ConfUtils.java:logGet(44)) - raft.server.log.use.memory = false (default)
2021-10-21 00:13:44,978 [pool-844-thread-1] INFO  server.RaftServerConfigKeys (ConfUtils.java:logGet(44)) - raft.server.log.purge.gap = 1000000 (custom)
2021-10-21 00:13:44,978 [pool-844-thread-1] INFO  server.RaftServerConfigKeys (ConfUtils.java:logGet(44)) - raft.server.log.appender.buffer.byte-limit = 33554432 (custom)
2021-10-21 00:13:44,979 [pool-844-thread-1] INFO  server.RaftServerConfigKeys (ConfUtils.java:logGet(44)) - raft.server.log.segment.size.max = 1048576 (custom)
2021-10-21 00:13:44,980 [pool-844-thread-1] INFO  server.RaftServerConfigKeys (ConfUtils.java:logGet(44)) - raft.server.log.segment.cache.num.max = 2 (custom)
2021-10-21 00:13:44,980 [pool-844-thread-1] INFO  server.RaftServerConfigKeys (ConfUtils.java:logGet(44)) - raft.server.log.segment.cache.size.max = 200MB (=209715200) (default)
2021-10-21 00:13:44,980 [pool-844-thread-1] INFO  segmented.SegmentedRaftLogWorker (SegmentedRaftLogWorker.java:<init>(182)) - new b1aa2fe7-eb40-4f9f-bfee-6ed7c04c202c@group-0C185B61CB60-SegmentedRaftLogWorker for RaftStorageImpl:Storage Directory /home/runner/work/ozone/ozone/hadoop-ozone/integration-test/target/test-dir/MiniOzoneClusterImpl-0ff56402-746c-4b46-aacb-40edab3b56db/datanode-3/data/ratis/1b019f85-e068-433d-8e86-0c185b61cb60
2021-10-21 00:13:44,980 [pool-844-thread-1] INFO  server.RaftServerConfigKeys (ConfUtils.java:logGet(44)) - raft.server.log.queue.byte-limit = 2147483647 (custom)
2021-10-21 00:13:44,980 [pool-844-thread-1] INFO  server.RaftServerConfigKeys (ConfUtils.java:logGet(44)) - raft.server.log.queue.element-limit = 1024 (custom)
2021-10-21 00:13:44,980 [pool-844-thread-1] INFO  server.RaftServerConfigKeys (ConfUtils.java:logGet(44)) - raft.server.log.segment.size.max = 1048576 (custom)
2021-10-21 00:13:44,980 [pool-844-thread-1] INFO  server.RaftServerConfigKeys (ConfUtils.java:logGet(44)) - raft.server.log.preallocated.size = 16384 (custom)
2021-10-21 00:13:44,980 [pool-844-thread-1] INFO  server.RaftServerConfigKeys (ConfUtils.java:logGet(44)) - raft.server.log.force.sync.num = 128 (default)
2021-10-21 00:13:44,980 [pool-844-thread-1] INFO  server.RaftServerConfigKeys (ConfUtils.java:logGet(44)) - raft.server.log.statemachine.data.sync = true (default)
2021-10-21 00:13:44,980 [pool-844-thread-1] INFO  server.RaftServerConfigKeys (ConfUtils.java:logGet(44)) - raft.server.log.statemachine.data.sync.timeout = 10s (default)
2021-10-21 00:13:44,980 [pool-844-thread-1] INFO  server.RaftServerConfigKeys (ConfUtils.java:logGet(44)) - raft.server.log.statemachine.data.sync.timeout.retry = -1 (default)
2021-10-21 00:13:44,982 [pool-844-thread-1] INFO  server.RaftServerConfigKeys (ConfUtils.java:logGet(44)) - raft.server.log.write.buffer.size = 1048576 (custom)
2021-10-21 00:13:44,995 [pool-844-thread-1] INFO  server.RaftServerConfigKeys (ConfUtils.java:logGet(44)) - raft.server.log.statemachine.data.caching.enabled = true (custom)
2021-10-21 00:13:44,995 [pool-844-thread-1] INFO  segmented.SegmentedRaftLogWorker (SegmentedRaftLogWorker.java:lambda$new$0(133)) - b1aa2fe7-eb40-4f9f-bfee-6ed7c04c202c@group-0C185B61CB60-SegmentedRaftLogWorker: flushIndex: setUnconditionally 0 -> -1
2021-10-21 00:13:44,995 [pool-844-thread-1] INFO  segmented.SegmentedRaftLogWorker (SegmentedRaftLogWorker.java:lambda$new$0(133)) - b1aa2fe7-eb40-4f9f-bfee-6ed7c04c202c@group-0C185B61CB60-SegmentedRaftLogWorker: safeCacheEvictIndex: setUnconditionally 0 -> -1
2021-10-21 00:13:45,022 [pool-844-thread-1] INFO  server.RaftServerConfigKeys (ConfUtils.java:logGet(44)) - raft.server.snapshot.auto.trigger.enabled = true (custom)
2021-10-21 00:13:45,022 [pool-844-thread-1] INFO  server.RaftServerConfigKeys (ConfUtils.java:logGet(44)) - raft.server.snapshot.auto.trigger.threshold = 10000 (custom)
2021-10-21 00:13:45,022 [pool-844-thread-1] INFO  server.RaftServerConfigKeys (ConfUtils.java:logGet(44)) - raft.server.snapshot.retention.file.num = 5 (custom)
2021-10-21 00:13:45,022 [pool-844-thread-1] INFO  server.RaftServerConfigKeys (ConfUtils.java:logGet(44)) - raft.server.log.purge.upto.snapshot.index = false (default)
2021-10-21 00:13:45,023 [pool-844-thread-1] INFO  server.RaftServerConfigKeys (ConfUtils.java:logGet(44)) - raft.server.retrycache.expirytime = 600000ms (custom)
2021-10-21 00:13:45,035 [pool-844-thread-1] INFO  server.RaftServerConfigKeys (ConfUtils.java:logGet(44)) - raft.server.retrycache.statistics.expirytime = 100μs (default)
2021-10-21 00:13:45,037 [pool-844-thread-1] INFO  server.RaftServer$Division (RaftServerImpl.java:start(301)) - b1aa2fe7-eb40-4f9f-bfee-6ed7c04c202c@group-0C185B61CB60: start as a follower, conf=-1: [5ad7e042-c272-4503-bb68-cca0083e8bfb|rpc:10.1.0.21:44457|priority:1, b1aa2fe7-eb40-4f9f-bfee-6ed7c04c202c|rpc:10.1.0.21:36605|priority:0, 6c4bf312-847f-4261-b1bf-aef11305f2d7|rpc:10.1.0.21:45071|priority:0], old=null
2021-10-21 00:13:45,043 [pool-844-thread-1] INFO  server.RaftServer$Division (RaftServerImpl.java:setRole(290)) - b1aa2fe7-eb40-4f9f-bfee-6ed7c04c202c@group-0C185B61CB60: changes role from      null to FOLLOWER at term 0 for startAsFollower
2021-10-21 00:13:45,043 [pool-844-thread-1] INFO  impl.RoleInfo (RoleInfo.java:updateAndGet(130)) - b1aa2fe7-eb40-4f9f-bfee-6ed7c04c202c: start b1aa2fe7-eb40-4f9f-bfee-6ed7c04c202c@group-0C185B61CB60-FollowerState
2021-10-21 00:13:45,055 [pool-844-thread-1] INFO  util.JmxRegister (JmxRegister.java:tryRegister(44)) - Successfully registered JMX Bean with object name Ratis:service=RaftServer,group=group-0C185B61CB60,id=b1aa2fe7-eb40-4f9f-bfee-6ed7c04c202c
2021-10-21 00:13:45,095 [Command processor thread] INFO  ratis.XceiverServerRatis (XceiverServerRatis.java:addGroup(768)) - Created group PipelineID=1b019f85-e068-433d-8e86-0c185b61cb60
2021-10-21 00:13:45,128 [grpc-default-executor-2] INFO  server.RaftServer (RaftServerProxy.java:addNew(95)) - 5ad7e042-c272-4503-bb68-cca0083e8bfb: addNew group-0C185B61CB60:[5ad7e042-c272-4503-bb68-cca0083e8bfb|rpc:10.1.0.21:44457|dataStream:|priority:1, b1aa2fe7-eb40-4f9f-bfee-6ed7c04c202c|rpc:10.1.0.21:36605|dataStream:|priority:0, 6c4bf312-847f-4261-b1bf-aef11305f2d7|rpc:10.1.0.21:45071|dataStream:|priority:0] returns group-0C185B61CB60:java.util.concurrent.CompletableFuture@4b6d9d5[Not completed]
2021-10-21 00:13:45,144 [pool-863-thread-1] INFO  server.RaftServer$Division (RaftServerImpl.java:<init>(184)) - 5ad7e042-c272-4503-bb68-cca0083e8bfb: new RaftServerImpl for group-0C185B61CB60:[5ad7e042-c272-4503-bb68-cca0083e8bfb|rpc:10.1.0.21:44457|dataStream:|priority:1, b1aa2fe7-eb40-4f9f-bfee-6ed7c04c202c|rpc:10.1.0.21:36605|dataStream:|priority:0, 6c4bf312-847f-4261-b1bf-aef11305f2d7|rpc:10.1.0.21:45071|dataStream:|priority:0] with ContainerStateMachine:uninitialized
2021-10-21 00:13:45,145 [pool-863-thread-1] INFO  server.RaftServerConfigKeys (ConfUtils.java:logGet(44)) - raft.server.rpc.timeout.min = 5s (custom)
2021-10-21 00:13:45,145 [pool-863-thread-1] INFO  server.RaftServerConfigKeys (ConfUtils.java:logGet(44)) - raft.server.rpc.timeout.max = 5200ms (custom)
2021-10-21 00:13:45,146 [pool-863-thread-1] INFO  server.RaftServerConfigKeys (ConfUtils.java:logGet(44)) - raft.server.rpc.sleep.time = 25ms (default)
2021-10-21 00:13:45,146 [pool-863-thread-1] INFO  server.RaftServerConfigKeys (ConfUtils.java:logGet(44)) - raft.server.rpc.slowness.timeout = 300000ms (custom)
2021-10-21 00:13:45,146 [pool-863-thread-1] INFO  server.RaftServerConfigKeys (ConfUtils.java:logGet(44)) - raft.server.leaderelection.leader.step-down.wait-time = 10s (default)
2021-10-21 00:13:45,146 [pool-863-thread-1] INFO  server.RaftServerConfigKeys (ConfUtils.java:logGet(44)) - raft.server.sleep.deviation.threshold = 300ms (default)
2021-10-21 00:13:45,146 [pool-863-thread-1] INFO  server.RaftServerConfigKeys (ConfUtils.java:logGet(44)) - raft.server.log.appender.install.snapshot.enabled = false (custom)
2021-10-21 00:13:45,146 [pool-863-thread-1] INFO  server.RaftServer$Division (ServerState.java:<init>(105)) - 5ad7e042-c272-4503-bb68-cca0083e8bfb@group-0C185B61CB60: ConfigurationManager, init=-1: [5ad7e042-c272-4503-bb68-cca0083e8bfb|rpc:10.1.0.21:44457|dataStream:|priority:1, b1aa2fe7-eb40-4f9f-bfee-6ed7c04c202c|rpc:10.1.0.21:36605|dataStream:|priority:0, 6c4bf312-847f-4261-b1bf-aef11305f2d7|rpc:10.1.0.21:45071|dataStream:|priority:0], old=null, confs=<EMPTY_MAP>
2021-10-21 00:13:45,146 [pool-863-thread-1] INFO  server.RaftServerConfigKeys (ConfUtils.java:logGet(44)) - raft.server.storage.dir = [/home/runner/work/ozone/ozone/hadoop-ozone/integration-test/target/test-dir/MiniOzoneClusterImpl-0ff56402-746c-4b46-aacb-40edab3b56db/datanode-4/data/ratis] (custom)
2021-10-21 00:13:45,146 [pool-863-thread-1] INFO  server.RaftServerConfigKeys (ConfUtils.java:logGet(44)) - raft.server.log.corruption.policy = EXCEPTION (default)
2021-10-21 00:13:45,146 [pool-863-thread-1] INFO  server.RaftServerConfigKeys (ConfUtils.java:logGet(44)) - raft.server.storage.free-space.min = 0MB (=0) (default)
2021-10-21 00:13:45,146 [pool-863-thread-1] INFO  storage.RaftStorageDirectory (RaftStorageDirectoryImpl.java:analyzeStorage(135)) - The storage directory /home/runner/work/ozone/ozone/hadoop-ozone/integration-test/target/test-dir/MiniOzoneClusterImpl-0ff56402-746c-4b46-aacb-40edab3b56db/datanode-4/data/ratis/1b019f85-e068-433d-8e86-0c185b61cb60 does not exist. Creating ...
2021-10-21 00:13:45,148 [pool-863-thread-1] INFO  storage.RaftStorageDirectory (RaftStorageDirectoryImpl.java:tryLock(230)) - Lock on /home/runner/work/ozone/ozone/hadoop-ozone/integration-test/target/test-dir/MiniOzoneClusterImpl-0ff56402-746c-4b46-aacb-40edab3b56db/datanode-4/data/ratis/1b019f85-e068-433d-8e86-0c185b61cb60/in_use.lock acquired by nodename 6507@fv-az395-87
2021-10-21 00:13:45,149 [pool-863-thread-1] INFO  storage.RaftStorage (RaftStorageImpl.java:format(89)) - Storage directory /home/runner/work/ozone/ozone/hadoop-ozone/integration-test/target/test-dir/MiniOzoneClusterImpl-0ff56402-746c-4b46-aacb-40edab3b56db/datanode-4/data/ratis/1b019f85-e068-433d-8e86-0c185b61cb60 has been successfully formatted.
2021-10-21 00:13:45,153 [pool-863-thread-1] INFO  ratis.ContainerStateMachine (ContainerStateMachine.java:loadSnapshot(224)) - group-0C185B61CB60: The snapshot info is null. Setting the last applied indexto:(t:0, i:~)
2021-10-21 00:13:45,153 [pool-863-thread-1] INFO  server.RaftServerConfigKeys (ConfUtils.java:logGet(44)) - raft.server.notification.no-leader.timeout = 300000ms (custom)
2021-10-21 00:13:45,153 [pool-863-thread-1] INFO  server.RaftServerConfigKeys (ConfUtils.java:logGet(44)) - raft.server.log.use.memory = false (default)
2021-10-21 00:13:45,153 [pool-863-thread-1] INFO  server.RaftServerConfigKeys (ConfUtils.java:logGet(44)) - raft.server.log.purge.gap = 1000000 (custom)
2021-10-21 00:13:45,153 [pool-863-thread-1] INFO  server.RaftServerConfigKeys (ConfUtils.java:logGet(44)) - raft.server.log.appender.buffer.byte-limit = 33554432 (custom)
2021-10-21 00:13:45,153 [pool-863-thread-1] INFO  server.RaftServerConfigKeys (ConfUtils.java:logGet(44)) - raft.server.log.segment.size.max = 1048576 (custom)
2021-10-21 00:13:45,154 [pool-863-thread-1] INFO  server.RaftServerConfigKeys (ConfUtils.java:logGet(44)) - raft.server.log.segment.cache.num.max = 2 (custom)
2021-10-21 00:13:45,154 [pool-863-thread-1] INFO  server.RaftServerConfigKeys (ConfUtils.java:logGet(44)) - raft.server.log.segment.cache.size.max = 200MB (=209715200) (default)
2021-10-21 00:13:45,154 [pool-863-thread-1] INFO  segmented.SegmentedRaftLogWorker (SegmentedRaftLogWorker.java:<init>(182)) - new 5ad7e042-c272-4503-bb68-cca0083e8bfb@group-0C185B61CB60-SegmentedRaftLogWorker for RaftStorageImpl:Storage Directory /home/runner/work/ozone/ozone/hadoop-ozone/integration-test/target/test-dir/MiniOzoneClusterImpl-0ff56402-746c-4b46-aacb-40edab3b56db/datanode-4/data/ratis/1b019f85-e068-433d-8e86-0c185b61cb60
2021-10-21 00:13:45,154 [pool-863-thread-1] INFO  server.RaftServerConfigKeys (ConfUtils.java:logGet(44)) - raft.server.log.queue.byte-limit = 2147483647 (custom)
2021-10-21 00:13:45,154 [pool-863-thread-1] INFO  server.RaftServerConfigKeys (ConfUtils.java:logGet(44)) - raft.server.log.queue.element-limit = 1024 (custom)
2021-10-21 00:13:45,154 [pool-863-thread-1] INFO  server.RaftServerConfigKeys (ConfUtils.java:logGet(44)) - raft.server.log.segment.size.max = 1048576 (custom)
2021-10-21 00:13:45,154 [pool-863-thread-1] INFO  server.RaftServerConfigKeys (ConfUtils.java:logGet(44)) - raft.server.log.preallocated.size = 16384 (custom)
2021-10-21 00:13:45,154 [pool-863-thread-1] INFO  server.RaftServerConfigKeys (ConfUtils.java:logGet(44)) - raft.server.log.force.sync.num = 128 (default)
2021-10-21 00:13:45,154 [pool-863-thread-1] INFO  server.RaftServerConfigKeys (ConfUtils.java:logGet(44)) - raft.server.log.statemachine.data.sync = true (default)
2021-10-21 00:13:45,154 [pool-863-thread-1] INFO  server.RaftServerConfigKeys (ConfUtils.java:logGet(44)) - raft.server.log.statemachine.data.sync.timeout = 10s (default)
2021-10-21 00:13:45,154 [pool-863-thread-1] INFO  server.RaftServerConfigKeys (ConfUtils.java:logGet(44)) - raft.server.log.statemachine.data.sync.timeout.retry = -1 (default)
2021-10-21 00:13:45,159 [Datanode State Machine Thread - 0] WARN  statemachine.StateContext (StateContext.java:execute(621)) - No available thread in pool for past 1 seconds.
2021-10-21 00:13:45,186 [pool-863-thread-1] INFO  server.RaftServerConfigKeys (ConfUtils.java:logGet(44)) - raft.server.log.write.buffer.size = 1048576 (custom)
2021-10-21 00:13:45,191 [pool-863-thread-1] INFO  server.RaftServerConfigKeys (ConfUtils.java:logGet(44)) - raft.server.log.statemachine.data.caching.enabled = true (custom)
2021-10-21 00:13:45,197 [pool-863-thread-1] INFO  segmented.SegmentedRaftLogWorker (SegmentedRaftLogWorker.java:lambda$new$0(133)) - 5ad7e042-c272-4503-bb68-cca0083e8bfb@group-0C185B61CB60-SegmentedRaftLogWorker: flushIndex: setUnconditionally 0 -> -1
2021-10-21 00:13:45,199 [pool-863-thread-1] INFO  segmented.SegmentedRaftLogWorker (SegmentedRaftLogWorker.java:lambda$new$0(133)) - 5ad7e042-c272-4503-bb68-cca0083e8bfb@group-0C185B61CB60-SegmentedRaftLogWorker: safeCacheEvictIndex: setUnconditionally 0 -> -1
2021-10-21 00:13:45,239 [pool-863-thread-1] INFO  server.RaftServerConfigKeys (ConfUtils.java:logGet(44)) - raft.server.snapshot.auto.trigger.enabled = true (custom)
2021-10-21 00:13:45,239 [pool-863-thread-1] INFO  server.RaftServerConfigKeys (ConfUtils.java:logGet(44)) - raft.server.snapshot.auto.trigger.threshold = 10000 (custom)
2021-10-21 00:13:45,239 [pool-863-thread-1] INFO  server.RaftServerConfigKeys (ConfUtils.java:logGet(44)) - raft.server.snapshot.retention.file.num = 5 (custom)
2021-10-21 00:13:45,239 [pool-863-thread-1] INFO  server.RaftServerConfigKeys (ConfUtils.java:logGet(44)) - raft.server.log.purge.upto.snapshot.index = false (default)
2021-10-21 00:13:45,239 [pool-863-thread-1] INFO  server.RaftServerConfigKeys (ConfUtils.java:logGet(44)) - raft.server.retrycache.expirytime = 600000ms (custom)
2021-10-21 00:13:45,239 [pool-863-thread-1] INFO  server.RaftServerConfigKeys (ConfUtils.java:logGet(44)) - raft.server.retrycache.statistics.expirytime = 100μs (default)
2021-10-21 00:13:45,243 [pool-863-thread-1] INFO  server.RaftServer$Division (RaftServerImpl.java:start(301)) - 5ad7e042-c272-4503-bb68-cca0083e8bfb@group-0C185B61CB60: start as a follower, conf=-1: [5ad7e042-c272-4503-bb68-cca0083e8bfb|rpc:10.1.0.21:44457|dataStream:|priority:1, b1aa2fe7-eb40-4f9f-bfee-6ed7c04c202c|rpc:10.1.0.21:36605|dataStream:|priority:0, 6c4bf312-847f-4261-b1bf-aef11305f2d7|rpc:10.1.0.21:45071|dataStream:|priority:0], old=null
2021-10-21 00:13:45,243 [pool-863-thread-1] INFO  server.RaftServer$Division (RaftServerImpl.java:setRole(290)) - 5ad7e042-c272-4503-bb68-cca0083e8bfb@group-0C185B61CB60: changes role from      null to FOLLOWER at term 0 for startAsFollower
2021-10-21 00:13:45,243 [pool-863-thread-1] INFO  impl.RoleInfo (RoleInfo.java:updateAndGet(130)) - 5ad7e042-c272-4503-bb68-cca0083e8bfb: start 5ad7e042-c272-4503-bb68-cca0083e8bfb@group-0C185B61CB60-FollowerState
2021-10-21 00:13:45,275 [pool-863-thread-1] INFO  util.JmxRegister (JmxRegister.java:tryRegister(44)) - Successfully registered JMX Bean with object name Ratis:service=RaftServer,group=group-0C185B61CB60,id=5ad7e042-c272-4503-bb68-cca0083e8bfb
2021-10-21 00:13:45,464 [Listener at 127.0.0.1/34193] INFO  ozone.MiniOzoneClusterImpl (MiniOzoneClusterImpl.java:lambda$waitForClusterToBeReady$0(235)) - Waiting for nodes to be ready. Got 7 of 9 DN Heartbeats.
2021-10-21 00:13:45,464 [Listener at 127.0.0.1/34193] INFO  ozone.MiniOzoneClusterImpl (MiniOzoneClusterImpl.java:lambda$waitForClusterToBeReady$0(238)) - Waiting for cluster to exit safe mode
2021-10-21 00:13:45,464 [Listener at 127.0.0.1/34193] INFO  ozone.MiniOzoneClusterImpl (MiniOzoneClusterImpl.java:lambda$waitForClusterToBeReady$0(240)) - SCM became leader
2021-10-21 00:13:45,475 [grpc-default-executor-2] INFO  server.RaftServer (RaftServerProxy.java:addNew(95)) - 6c4bf312-847f-4261-b1bf-aef11305f2d7: addNew group-0C185B61CB60:[5ad7e042-c272-4503-bb68-cca0083e8bfb|rpc:10.1.0.21:44457|dataStream:|priority:1, b1aa2fe7-eb40-4f9f-bfee-6ed7c04c202c|rpc:10.1.0.21:36605|dataStream:|priority:0, 6c4bf312-847f-4261-b1bf-aef11305f2d7|rpc:10.1.0.21:45071|dataStream:|priority:0] returns group-0C185B61CB60:java.util.concurrent.CompletableFuture@5b449c1b[Not completed]
2021-10-21 00:13:45,476 [pool-882-thread-1] INFO  server.RaftServer$Division (RaftServerImpl.java:<init>(184)) - 6c4bf312-847f-4261-b1bf-aef11305f2d7: new RaftServerImpl for group-0C185B61CB60:[5ad7e042-c272-4503-bb68-cca0083e8bfb|rpc:10.1.0.21:44457|dataStream:|priority:1, b1aa2fe7-eb40-4f9f-bfee-6ed7c04c202c|rpc:10.1.0.21:36605|dataStream:|priority:0, 6c4bf312-847f-4261-b1bf-aef11305f2d7|rpc:10.1.0.21:45071|dataStream:|priority:0] with ContainerStateMachine:uninitialized
2021-10-21 00:13:45,476 [pool-882-thread-1] INFO  server.RaftServerConfigKeys (ConfUtils.java:logGet(44)) - raft.server.rpc.timeout.min = 5s (custom)
2021-10-21 00:13:45,476 [pool-882-thread-1] INFO  server.RaftServerConfigKeys (ConfUtils.java:logGet(44)) - raft.server.rpc.timeout.max = 5200ms (custom)
2021-10-21 00:13:45,476 [pool-882-thread-1] INFO  server.RaftServerConfigKeys (ConfUtils.java:logGet(44)) - raft.server.rpc.sleep.time = 25ms (default)
2021-10-21 00:13:45,483 [pool-882-thread-1] INFO  server.RaftServerConfigKeys (ConfUtils.java:logGet(44)) - raft.server.rpc.slowness.timeout = 300000ms (custom)
2021-10-21 00:13:45,483 [pool-882-thread-1] INFO  server.RaftServerConfigKeys (ConfUtils.java:logGet(44)) - raft.server.leaderelection.leader.step-down.wait-time = 10s (default)
2021-10-21 00:13:45,483 [pool-882-thread-1] INFO  server.RaftServerConfigKeys (ConfUtils.java:logGet(44)) - raft.server.sleep.deviation.threshold = 300ms (default)
2021-10-21 00:13:45,483 [pool-882-thread-1] INFO  server.RaftServerConfigKeys (ConfUtils.java:logGet(44)) - raft.server.log.appender.install.snapshot.enabled = false (custom)
2021-10-21 00:13:45,483 [pool-882-thread-1] INFO  server.RaftServer$Division (ServerState.java:<init>(105)) - 6c4bf312-847f-4261-b1bf-aef11305f2d7@group-0C185B61CB60: ConfigurationManager, init=-1: [5ad7e042-c272-4503-bb68-cca0083e8bfb|rpc:10.1.0.21:44457|dataStream:|priority:1, b1aa2fe7-eb40-4f9f-bfee-6ed7c04c202c|rpc:10.1.0.21:36605|dataStream:|priority:0, 6c4bf312-847f-4261-b1bf-aef11305f2d7|rpc:10.1.0.21:45071|dataStream:|priority:0], old=null, confs=<EMPTY_MAP>
2021-10-21 00:13:45,483 [pool-882-thread-1] INFO  server.RaftServerConfigKeys (ConfUtils.java:logGet(44)) - raft.server.storage.dir = [/home/runner/work/ozone/ozone/hadoop-ozone/integration-test/target/test-dir/MiniOzoneClusterImpl-0ff56402-746c-4b46-aacb-40edab3b56db/datanode-5/data/ratis] (custom)
2021-10-21 00:13:45,484 [pool-882-thread-1] INFO  server.RaftServerConfigKeys (ConfUtils.java:logGet(44)) - raft.server.log.corruption.policy = EXCEPTION (default)
2021-10-21 00:13:45,484 [pool-882-thread-1] INFO  server.RaftServerConfigKeys (ConfUtils.java:logGet(44)) - raft.server.storage.free-space.min = 0MB (=0) (default)
2021-10-21 00:13:45,484 [pool-882-thread-1] INFO  storage.RaftStorageDirectory (RaftStorageDirectoryImpl.java:analyzeStorage(135)) - The storage directory /home/runner/work/ozone/ozone/hadoop-ozone/integration-test/target/test-dir/MiniOzoneClusterImpl-0ff56402-746c-4b46-aacb-40edab3b56db/datanode-5/data/ratis/1b019f85-e068-433d-8e86-0c185b61cb60 does not exist. Creating ...
2021-10-21 00:13:45,485 [pool-882-thread-1] INFO  storage.RaftStorageDirectory (RaftStorageDirectoryImpl.java:tryLock(230)) - Lock on /home/runner/work/ozone/ozone/hadoop-ozone/integration-test/target/test-dir/MiniOzoneClusterImpl-0ff56402-746c-4b46-aacb-40edab3b56db/datanode-5/data/ratis/1b019f85-e068-433d-8e86-0c185b61cb60/in_use.lock acquired by nodename 6507@fv-az395-87
2021-10-21 00:13:45,487 [pool-882-thread-1] INFO  storage.RaftStorage (RaftStorageImpl.java:format(89)) - Storage directory /home/runner/work/ozone/ozone/hadoop-ozone/integration-test/target/test-dir/MiniOzoneClusterImpl-0ff56402-746c-4b46-aacb-40edab3b56db/datanode-5/data/ratis/1b019f85-e068-433d-8e86-0c185b61cb60 has been successfully formatted.
2021-10-21 00:13:45,487 [pool-882-thread-1] INFO  ratis.ContainerStateMachine (ContainerStateMachine.java:loadSnapshot(224)) - group-0C185B61CB60: The snapshot info is null. Setting the last applied indexto:(t:0, i:~)
2021-10-21 00:13:45,515 [EndpointStateMachine task thread for /0.0.0.0:35879 - 0 ] INFO  ozoneimpl.OzoneContainer (OzoneContainer.java:start(304)) - Attempting to start container services.
2021-10-21 00:13:45,515 [EndpointStateMachine task thread for /0.0.0.0:35879 - 0 ] INFO  ozoneimpl.OzoneContainer (OzoneContainer.java:startContainerScrub(249)) - Background container scanner has been disabled.
2021-10-21 00:13:45,519 [EndpointStateMachine task thread for /0.0.0.0:35879 - 0 ] INFO  replication.ReplicationServer (ReplicationServer.java:start(107)) - ReplicationServer is started using port 42417
2021-10-21 00:13:45,531 [EndpointStateMachine task thread for /0.0.0.0:35879 - 0 ] INFO  ratis.XceiverServerRatis (XceiverServerRatis.java:start(484)) - Starting XceiverServerRatis f11f8ce1-e80f-4662-ac56-049e7a4c2ce6
2021-10-21 00:13:45,549 [EndpointStateMachine task thread for /0.0.0.0:35879 - 0 ] INFO  server.RaftServer (RaftServerProxy.java:lambda$start$5(374)) - f11f8ce1-e80f-4662-ac56-049e7a4c2ce6: start RPC server
2021-10-21 00:13:45,552 [EndpointStateMachine task thread for /0.0.0.0:35879 - 0 ] INFO  server.GrpcService (GrpcService.java:startImpl(253)) - f11f8ce1-e80f-4662-ac56-049e7a4c2ce6: GrpcService started, listening on 45621
2021-10-21 00:13:45,564 [EndpointStateMachine task thread for /0.0.0.0:35879 - 0 ] INFO  ratis.XceiverServerRatis (XceiverServerRatis.java:getRealPort(505)) - XceiverServerRatis f11f8ce1-e80f-4662-ac56-049e7a4c2ce6 is started using port 45621 for RATIS
2021-10-21 00:13:45,564 [EndpointStateMachine task thread for /0.0.0.0:35879 - 0 ] INFO  ratis.XceiverServerRatis (XceiverServerRatis.java:getRealPort(505)) - XceiverServerRatis f11f8ce1-e80f-4662-ac56-049e7a4c2ce6 is started using port 45621 for RATIS_ADMIN
2021-10-21 00:13:45,564 [EndpointStateMachine task thread for /0.0.0.0:35879 - 0 ] INFO  ratis.XceiverServerRatis (XceiverServerRatis.java:getRealPort(505)) - XceiverServerRatis f11f8ce1-e80f-4662-ac56-049e7a4c2ce6 is started using port 45621 for RATIS_SERVER
2021-10-21 00:13:45,567 [pool-882-thread-1] INFO  server.RaftServerConfigKeys (ConfUtils.java:logGet(44)) - raft.server.notification.no-leader.timeout = 300000ms (custom)
2021-10-21 00:13:45,567 [pool-882-thread-1] INFO  server.RaftServerConfigKeys (ConfUtils.java:logGet(44)) - raft.server.log.use.memory = false (default)
2021-10-21 00:13:45,567 [pool-882-thread-1] INFO  server.RaftServerConfigKeys (ConfUtils.java:logGet(44)) - raft.server.log.purge.gap = 1000000 (custom)
2021-10-21 00:13:45,567 [pool-882-thread-1] INFO  server.RaftServerConfigKeys (ConfUtils.java:logGet(44)) - raft.server.log.appender.buffer.byte-limit = 33554432 (custom)
2021-10-21 00:13:45,567 [pool-882-thread-1] INFO  server.RaftServerConfigKeys (ConfUtils.java:logGet(44)) - raft.server.log.segment.size.max = 1048576 (custom)
2021-10-21 00:13:45,568 [pool-882-thread-1] INFO  server.RaftServerConfigKeys (ConfUtils.java:logGet(44)) - raft.server.log.segment.cache.num.max = 2 (custom)
2021-10-21 00:13:45,568 [pool-882-thread-1] INFO  server.RaftServerConfigKeys (ConfUtils.java:logGet(44)) - raft.server.log.segment.cache.size.max = 200MB (=209715200) (default)
2021-10-21 00:13:45,568 [pool-882-thread-1] INFO  segmented.SegmentedRaftLogWorker (SegmentedRaftLogWorker.java:<init>(182)) - new 6c4bf312-847f-4261-b1bf-aef11305f2d7@group-0C185B61CB60-SegmentedRaftLogWorker for RaftStorageImpl:Storage Directory /home/runner/work/ozone/ozone/hadoop-ozone/integration-test/target/test-dir/MiniOzoneClusterImpl-0ff56402-746c-4b46-aacb-40edab3b56db/datanode-5/data/ratis/1b019f85-e068-433d-8e86-0c185b61cb60
2021-10-21 00:13:45,568 [pool-882-thread-1] INFO  server.RaftServerConfigKeys (ConfUtils.java:logGet(44)) - raft.server.log.queue.byte-limit = 2147483647 (custom)
2021-10-21 00:13:45,568 [pool-882-thread-1] INFO  server.RaftServerConfigKeys (ConfUtils.java:logGet(44)) - raft.server.log.queue.element-limit = 1024 (custom)
2021-10-21 00:13:45,568 [pool-882-thread-1] INFO  server.RaftServerConfigKeys (ConfUtils.java:logGet(44)) - raft.server.log.segment.size.max = 1048576 (custom)
2021-10-21 00:13:45,568 [pool-882-thread-1] INFO  server.RaftServerConfigKeys (ConfUtils.java:logGet(44)) - raft.server.log.preallocated.size = 16384 (custom)
2021-10-21 00:13:45,568 [pool-882-thread-1] INFO  server.RaftServerConfigKeys (ConfUtils.java:logGet(44)) - raft.server.log.force.sync.num = 128 (default)
2021-10-21 00:13:45,568 [pool-882-thread-1] INFO  server.RaftServerConfigKeys (ConfUtils.java:logGet(44)) - raft.server.log.statemachine.data.sync = true (default)
2021-10-21 00:13:45,568 [pool-882-thread-1] INFO  server.RaftServerConfigKeys (ConfUtils.java:logGet(44)) - raft.server.log.statemachine.data.sync.timeout = 10s (default)
2021-10-21 00:13:45,568 [pool-882-thread-1] INFO  server.RaftServerConfigKeys (ConfUtils.java:logGet(44)) - raft.server.log.statemachine.data.sync.timeout.retry = -1 (default)
2021-10-21 00:13:45,570 [pool-882-thread-1] INFO  server.RaftServerConfigKeys (ConfUtils.java:logGet(44)) - raft.server.log.write.buffer.size = 1048576 (custom)
2021-10-21 00:13:45,571 [Datanode State Machine Thread - 0] WARN  statemachine.StateContext (StateContext.java:execute(621)) - No available thread in pool for past 1 seconds.
2021-10-21 00:13:45,582 [Command processor thread] INFO  server.RaftServer (RaftServerProxy.java:addNew(95)) - 5ad7e042-c272-4503-bb68-cca0083e8bfb: addNew group-E5DA313F72DE:[5ad7e042-c272-4503-bb68-cca0083e8bfb|rpc:10.1.0.21:44457|priority:1] returns group-E5DA313F72DE:java.util.concurrent.CompletableFuture@7c316a08[Not completed]
2021-10-21 00:13:45,584 [pool-863-thread-1] INFO  server.RaftServer$Division (RaftServerImpl.java:<init>(184)) - 5ad7e042-c272-4503-bb68-cca0083e8bfb: new RaftServerImpl for group-E5DA313F72DE:[5ad7e042-c272-4503-bb68-cca0083e8bfb|rpc:10.1.0.21:44457|priority:1] with ContainerStateMachine:uninitialized
2021-10-21 00:13:45,584 [pool-863-thread-1] INFO  server.RaftServerConfigKeys (ConfUtils.java:logGet(44)) - raft.server.rpc.timeout.min = 5s (custom)
2021-10-21 00:13:45,584 [pool-863-thread-1] INFO  server.RaftServerConfigKeys (ConfUtils.java:logGet(44)) - raft.server.rpc.timeout.max = 5200ms (custom)
2021-10-21 00:13:45,584 [pool-863-thread-1] INFO  server.RaftServerConfigKeys (ConfUtils.java:logGet(44)) - raft.server.rpc.sleep.time = 25ms (default)
2021-10-21 00:13:45,584 [pool-863-thread-1] INFO  server.RaftServerConfigKeys (ConfUtils.java:logGet(44)) - raft.server.rpc.slowness.timeout = 300000ms (custom)
2021-10-21 00:13:45,584 [pool-863-thread-1] INFO  server.RaftServerConfigKeys (ConfUtils.java:logGet(44)) - raft.server.leaderelection.leader.step-down.wait-time = 10s (default)
2021-10-21 00:13:45,584 [pool-863-thread-1] INFO  server.RaftServerConfigKeys (ConfUtils.java:logGet(44)) - raft.server.sleep.deviation.threshold = 300ms (default)
2021-10-21 00:13:45,584 [pool-863-thread-1] INFO  server.RaftServerConfigKeys (ConfUtils.java:logGet(44)) - raft.server.log.appender.install.snapshot.enabled = false (custom)
2021-10-21 00:13:45,584 [pool-863-thread-1] INFO  server.RaftServer$Division (ServerState.java:<init>(105)) - 5ad7e042-c272-4503-bb68-cca0083e8bfb@group-E5DA313F72DE: ConfigurationManager, init=-1: [5ad7e042-c272-4503-bb68-cca0083e8bfb|rpc:10.1.0.21:44457|priority:1], old=null, confs=<EMPTY_MAP>
2021-10-21 00:13:45,584 [pool-863-thread-1] INFO  server.RaftServerConfigKeys (ConfUtils.java:logGet(44)) - raft.server.storage.dir = [/home/runner/work/ozone/ozone/hadoop-ozone/integration-test/target/test-dir/MiniOzoneClusterImpl-0ff56402-746c-4b46-aacb-40edab3b56db/datanode-4/data/ratis] (custom)
2021-10-21 00:13:45,585 [pool-863-thread-1] INFO  server.RaftServerConfigKeys (ConfUtils.java:logGet(44)) - raft.server.log.corruption.policy = EXCEPTION (default)
2021-10-21 00:13:45,585 [pool-863-thread-1] INFO  server.RaftServerConfigKeys (ConfUtils.java:logGet(44)) - raft.server.storage.free-space.min = 0MB (=0) (default)
2021-10-21 00:13:45,585 [pool-863-thread-1] INFO  storage.RaftStorageDirectory (RaftStorageDirectoryImpl.java:analyzeStorage(135)) - The storage directory /home/runner/work/ozone/ozone/hadoop-ozone/integration-test/target/test-dir/MiniOzoneClusterImpl-0ff56402-746c-4b46-aacb-40edab3b56db/datanode-4/data/ratis/9d13e69d-5ca4-4e6e-b123-e5da313f72de does not exist. Creating ...
2021-10-21 00:13:45,595 [pool-863-thread-1] INFO  storage.RaftStorageDirectory (RaftStorageDirectoryImpl.java:tryLock(230)) - Lock on /home/runner/work/ozone/ozone/hadoop-ozone/integration-test/target/test-dir/MiniOzoneClusterImpl-0ff56402-746c-4b46-aacb-40edab3b56db/datanode-4/data/ratis/9d13e69d-5ca4-4e6e-b123-e5da313f72de/in_use.lock acquired by nodename 6507@fv-az395-87
2021-10-21 00:13:45,595 [pool-882-thread-1] INFO  server.RaftServerConfigKeys (ConfUtils.java:logGet(44)) - raft.server.log.statemachine.data.caching.enabled = true (custom)
2021-10-21 00:13:45,595 [pool-882-thread-1] INFO  segmented.SegmentedRaftLogWorker (SegmentedRaftLogWorker.java:lambda$new$0(133)) - 6c4bf312-847f-4261-b1bf-aef11305f2d7@group-0C185B61CB60-SegmentedRaftLogWorker: flushIndex: setUnconditionally 0 -> -1
2021-10-21 00:13:45,595 [pool-882-thread-1] INFO  segmented.SegmentedRaftLogWorker (SegmentedRaftLogWorker.java:lambda$new$0(133)) - 6c4bf312-847f-4261-b1bf-aef11305f2d7@group-0C185B61CB60-SegmentedRaftLogWorker: safeCacheEvictIndex: setUnconditionally 0 -> -1
2021-10-21 00:13:45,596 [pool-882-thread-1] INFO  server.RaftServerConfigKeys (ConfUtils.java:logGet(44)) - raft.server.snapshot.auto.trigger.enabled = true (custom)
2021-10-21 00:13:45,596 [pool-882-thread-1] INFO  server.RaftServerConfigKeys (ConfUtils.java:logGet(44)) - raft.server.snapshot.auto.trigger.threshold = 10000 (custom)
2021-10-21 00:13:45,596 [pool-882-thread-1] INFO  server.RaftServerConfigKeys (ConfUtils.java:logGet(44)) - raft.server.snapshot.retention.file.num = 5 (custom)
2021-10-21 00:13:45,596 [pool-882-thread-1] INFO  server.RaftServerConfigKeys (ConfUtils.java:logGet(44)) - raft.server.log.purge.upto.snapshot.index = false (default)
2021-10-21 00:13:45,596 [pool-882-thread-1] INFO  server.RaftServerConfigKeys (ConfUtils.java:logGet(44)) - raft.server.retrycache.expirytime = 600000ms (custom)
2021-10-21 00:13:45,596 [pool-882-thread-1] INFO  server.RaftServerConfigKeys (ConfUtils.java:logGet(44)) - raft.server.retrycache.statistics.expirytime = 100μs (default)
2021-10-21 00:13:45,598 [pool-882-thread-1] INFO  server.RaftServer$Division (RaftServerImpl.java:start(301)) - 6c4bf312-847f-4261-b1bf-aef11305f2d7@group-0C185B61CB60: start as a follower, conf=-1: [5ad7e042-c272-4503-bb68-cca0083e8bfb|rpc:10.1.0.21:44457|dataStream:|priority:1, b1aa2fe7-eb40-4f9f-bfee-6ed7c04c202c|rpc:10.1.0.21:36605|dataStream:|priority:0, 6c4bf312-847f-4261-b1bf-aef11305f2d7|rpc:10.1.0.21:45071|dataStream:|priority:0], old=null
2021-10-21 00:13:45,598 [pool-882-thread-1] INFO  server.RaftServer$Division (RaftServerImpl.java:setRole(290)) - 6c4bf312-847f-4261-b1bf-aef11305f2d7@group-0C185B61CB60: changes role from      null to FOLLOWER at term 0 for startAsFollower
2021-10-21 00:13:45,599 [pool-882-thread-1] INFO  impl.RoleInfo (RoleInfo.java:updateAndGet(130)) - 6c4bf312-847f-4261-b1bf-aef11305f2d7: start 6c4bf312-847f-4261-b1bf-aef11305f2d7@group-0C185B61CB60-FollowerState
2021-10-21 00:13:45,599 [pool-882-thread-1] INFO  util.JmxRegister (JmxRegister.java:tryRegister(44)) - Successfully registered JMX Bean with object name Ratis:service=RaftServer,group=group-0C185B61CB60,id=6c4bf312-847f-4261-b1bf-aef11305f2d7
2021-10-21 00:13:45,611 [org.apache.ratis.util.JvmPauseMonitor$$Lambda$531/1336496959@7089f8a8] INFO  util.JvmPauseMonitor (JvmPauseMonitor.java:run(103)) - JvmPauseMonitor-f11f8ce1-e80f-4662-ac56-049e7a4c2ce6: Started
2021-10-21 00:13:45,611 [EndpointStateMachine task thread for /0.0.0.0:35879 - 0 ] INFO  server.XceiverServerGrpc (XceiverServerGrpc.java:start(135)) - XceiverServerGrpc f11f8ce1-e80f-4662-ac56-049e7a4c2ce6 is started using port 45893
2021-10-21 00:13:45,639 [pool-863-thread-1] INFO  storage.RaftStorage (RaftStorageImpl.java:format(89)) - Storage directory /home/runner/work/ozone/ozone/hadoop-ozone/integration-test/target/test-dir/MiniOzoneClusterImpl-0ff56402-746c-4b46-aacb-40edab3b56db/datanode-4/data/ratis/9d13e69d-5ca4-4e6e-b123-e5da313f72de has been successfully formatted.
2021-10-21 00:13:45,639 [pool-863-thread-1] INFO  ratis.ContainerStateMachine (ContainerStateMachine.java:loadSnapshot(224)) - group-E5DA313F72DE: The snapshot info is null. Setting the last applied indexto:(t:0, i:~)
2021-10-21 00:13:45,645 [Command processor thread] INFO  commandhandler.CreatePipelineCommandHandler (CreatePipelineCommandHandler.java:handle(106)) - Created Pipeline RATIS THREE PipelineID=1b019f85-e068-433d-8e86-0c185b61cb60.
2021-10-21 00:13:45,656 [Datanode State Machine Thread - 0] WARN  statemachine.StateContext (StateContext.java:execute(621)) - No available thread in pool for past 1 seconds.
2021-10-21 00:13:45,657 [EventQueue-PipelineReportForPipelineReportHandler] INFO  pipeline.PipelineManagerImpl (PipelineManagerImpl.java:openPipeline(282)) - Pipeline Pipeline[ Id: 9d13e69d-5ca4-4e6e-b123-e5da313f72de, Nodes: 5ad7e042-c272-4503-bb68-cca0083e8bfb{ip: 10.1.0.21, host: fv-az395-87.zfmzfyrfkyou3ow0tsr0jxwq1e.bx.internal.cloudapp.net, ports: [REPLICATION=33129, RATIS=44457, RATIS_ADMIN=44457, RATIS_SERVER=44457, STANDALONE=33953], networkLocation: /default-rack, certSerialId: null, persistedOpState: IN_SERVICE, persistedOpStateExpiryEpochSec: 0}, ReplicationConfig: RATIS/ONE, State:ALLOCATED, leaderId:5ad7e042-c272-4503-bb68-cca0083e8bfb, CreationTimestamp2021-10-21T00:13:42.822Z[Etc/UTC]] moved to OPEN state
2021-10-21 00:13:45,658 [EventQueue-OpenPipelineForHealthyPipelineSafeModeRule] INFO  safemode.SCMSafeModeManager (HealthyPipelineSafeModeRule.java:process(124)) - SCM in safe mode. Healthy pipelines reported count is 0, required healthy pipeline reported count is 1
2021-10-21 00:13:45,663 [pool-863-thread-1] INFO  server.RaftServerConfigKeys (ConfUtils.java:logGet(44)) - raft.server.notification.no-leader.timeout = 300000ms (custom)
2021-10-21 00:13:45,663 [pool-863-thread-1] INFO  server.RaftServerConfigKeys (ConfUtils.java:logGet(44)) - raft.server.log.use.memory = false (default)
2021-10-21 00:13:45,663 [pool-863-thread-1] INFO  server.RaftServerConfigKeys (ConfUtils.java:logGet(44)) - raft.server.log.purge.gap = 1000000 (custom)
2021-10-21 00:13:45,663 [pool-863-thread-1] INFO  server.RaftServerConfigKeys (ConfUtils.java:logGet(44)) - raft.server.log.appender.buffer.byte-limit = 33554432 (custom)
2021-10-21 00:13:45,663 [pool-863-thread-1] INFO  server.RaftServerConfigKeys (ConfUtils.java:logGet(44)) - raft.server.log.segment.size.max = 1048576 (custom)
2021-10-21 00:13:45,664 [pool-863-thread-1] INFO  server.RaftServerConfigKeys (ConfUtils.java:logGet(44)) - raft.server.log.segment.cache.num.max = 2 (custom)
2021-10-21 00:13:45,664 [pool-863-thread-1] INFO  server.RaftServerConfigKeys (ConfUtils.java:logGet(44)) - raft.server.log.segment.cache.size.max = 200MB (=209715200) (default)
2021-10-21 00:13:45,664 [pool-863-thread-1] INFO  segmented.SegmentedRaftLogWorker (SegmentedRaftLogWorker.java:<init>(182)) - new 5ad7e042-c272-4503-bb68-cca0083e8bfb@group-E5DA313F72DE-SegmentedRaftLogWorker for RaftStorageImpl:Storage Directory /home/runner/work/ozone/ozone/hadoop-ozone/integration-test/target/test-dir/MiniOzoneClusterImpl-0ff56402-746c-4b46-aacb-40edab3b56db/datanode-4/data/ratis/9d13e69d-5ca4-4e6e-b123-e5da313f72de
2021-10-21 00:13:45,664 [pool-863-thread-1] INFO  server.RaftServerConfigKeys (ConfUtils.java:logGet(44)) - raft.server.log.queue.byte-limit = 2147483647 (custom)
2021-10-21 00:13:45,664 [pool-863-thread-1] INFO  server.RaftServerConfigKeys (ConfUtils.java:logGet(44)) - raft.server.log.queue.element-limit = 1024 (custom)
2021-10-21 00:13:45,664 [pool-863-thread-1] INFO  server.RaftServerConfigKeys (ConfUtils.java:logGet(44)) - raft.server.log.segment.size.max = 1048576 (custom)
2021-10-21 00:13:45,664 [pool-863-thread-1] INFO  server.RaftServerConfigKeys (ConfUtils.java:logGet(44)) - raft.server.log.preallocated.size = 16384 (custom)
2021-10-21 00:13:45,664 [pool-863-thread-1] INFO  server.RaftServerConfigKeys (ConfUtils.java:logGet(44)) - raft.server.log.force.sync.num = 128 (default)
2021-10-21 00:13:45,664 [pool-863-thread-1] INFO  server.RaftServerConfigKeys (ConfUtils.java:logGet(44)) - raft.server.log.statemachine.data.sync = true (default)
2021-10-21 00:13:45,664 [pool-863-thread-1] INFO  server.RaftServerConfigKeys (ConfUtils.java:logGet(44)) - raft.server.log.statemachine.data.sync.timeout = 10s (default)
2021-10-21 00:13:45,664 [pool-863-thread-1] INFO  server.RaftServerConfigKeys (ConfUtils.java:logGet(44)) - raft.server.log.statemachine.data.sync.timeout.retry = -1 (default)
2021-10-21 00:13:45,666 [pool-863-thread-1] INFO  server.RaftServerConfigKeys (ConfUtils.java:logGet(44)) - raft.server.log.write.buffer.size = 1048576 (custom)
2021-10-21 00:13:45,667 [pool-863-thread-1] INFO  server.RaftServerConfigKeys (ConfUtils.java:logGet(44)) - raft.server.log.statemachine.data.caching.enabled = true (custom)
2021-10-21 00:13:45,667 [pool-863-thread-1] INFO  segmented.SegmentedRaftLogWorker (SegmentedRaftLogWorker.java:lambda$new$0(133)) - 5ad7e042-c272-4503-bb68-cca0083e8bfb@group-E5DA313F72DE-SegmentedRaftLogWorker: flushIndex: setUnconditionally 0 -> -1
2021-10-21 00:13:45,667 [pool-863-thread-1] INFO  segmented.SegmentedRaftLogWorker (SegmentedRaftLogWorker.java:lambda$new$0(133)) - 5ad7e042-c272-4503-bb68-cca0083e8bfb@group-E5DA313F72DE-SegmentedRaftLogWorker: safeCacheEvictIndex: setUnconditionally 0 -> -1
2021-10-21 00:13:45,682 [pool-863-thread-1] INFO  server.RaftServerConfigKeys (ConfUtils.java:logGet(44)) - raft.server.snapshot.auto.trigger.enabled = true (custom)
2021-10-21 00:13:45,682 [pool-863-thread-1] INFO  server.RaftServerConfigKeys (ConfUtils.java:logGet(44)) - raft.server.snapshot.auto.trigger.threshold = 10000 (custom)
2021-10-21 00:13:45,682 [pool-863-thread-1] INFO  server.RaftServerConfigKeys (ConfUtils.java:logGet(44)) - raft.server.snapshot.retention.file.num = 5 (custom)
2021-10-21 00:13:45,682 [pool-863-thread-1] INFO  server.RaftServerConfigKeys (ConfUtils.java:logGet(44)) - raft.server.log.purge.upto.snapshot.index = false (default)
2021-10-21 00:13:45,682 [pool-863-thread-1] INFO  server.RaftServerConfigKeys (ConfUtils.java:logGet(44)) - raft.server.retrycache.expirytime = 600000ms (custom)
2021-10-21 00:13:45,682 [pool-863-thread-1] INFO  server.RaftServerConfigKeys (ConfUtils.java:logGet(44)) - raft.server.retrycache.statistics.expirytime = 100μs (default)
2021-10-21 00:13:45,684 [pool-863-thread-1] INFO  server.RaftServer$Division (RaftServerImpl.java:start(301)) - 5ad7e042-c272-4503-bb68-cca0083e8bfb@group-E5DA313F72DE: start as a follower, conf=-1: [5ad7e042-c272-4503-bb68-cca0083e8bfb|rpc:10.1.0.21:44457|priority:1], old=null
2021-10-21 00:13:45,685 [pool-863-thread-1] INFO  server.RaftServer$Division (RaftServerImpl.java:setRole(290)) - 5ad7e042-c272-4503-bb68-cca0083e8bfb@group-E5DA313F72DE: changes role from      null to FOLLOWER at term 0 for startAsFollower
2021-10-21 00:13:45,685 [pool-863-thread-1] INFO  impl.RoleInfo (RoleInfo.java:updateAndGet(130)) - 5ad7e042-c272-4503-bb68-cca0083e8bfb: start 5ad7e042-c272-4503-bb68-cca0083e8bfb@group-E5DA313F72DE-FollowerState
2021-10-21 00:13:45,703 [pool-863-thread-1] INFO  util.JmxRegister (JmxRegister.java:tryRegister(44)) - Successfully registered JMX Bean with object name Ratis:service=RaftServer,group=group-E5DA313F72DE,id=5ad7e042-c272-4503-bb68-cca0083e8bfb
2021-10-21 00:13:45,708 [Command processor thread] INFO  ratis.XceiverServerRatis (XceiverServerRatis.java:addGroup(768)) - Created group PipelineID=9d13e69d-5ca4-4e6e-b123-e5da313f72de
2021-10-21 00:13:45,708 [Command processor thread] INFO  commandhandler.CreatePipelineCommandHandler (CreatePipelineCommandHandler.java:handle(106)) - Created Pipeline RATIS ONE PipelineID=9d13e69d-5ca4-4e6e-b123-e5da313f72de.
2021-10-21 00:13:45,776 [IPC Server handler 15 on default port 35879] INFO  net.NetworkTopologyImpl (NetworkTopologyImpl.java:add(112)) - Added a new node: /default-rack/87f4cda0-ffb5-4aa3-ac3a-463d681607fa
2021-10-21 00:13:45,776 [IPC Server handler 15 on default port 35879] INFO  node.SCMNodeManager (SCMNodeManager.java:register(389)) - Registered Data node : 87f4cda0-ffb5-4aa3-ac3a-463d681607fa{ip: 10.1.0.21, host: fv-az395-87.zfmzfyrfkyou3ow0tsr0jxwq1e.bx.internal.cloudapp.net, ports: [REPLICATION=33843, RATIS=43449, RATIS_ADMIN=43449, RATIS_SERVER=43449, STANDALONE=46315], networkLocation: /default-rack, certSerialId: null, persistedOpState: null, persistedOpStateExpiryEpochSec: 0}
2021-10-21 00:13:45,776 [EventQueue-NewNodeForNewNodeHandler] INFO  pipeline.BackgroundPipelineCreator (BackgroundPipelineCreator.java:notifyEventTriggered(285)) - trigger a one-shot run on RatisPipelineUtilsThread.
2021-10-21 00:13:45,777 [RatisPipelineUtilsThread - 0] INFO  pipeline.RatisPipelineProvider (RatisPipelineProvider.java:lambda$create$0(183)) - Sending CreatePipelineCommand for pipeline:PipelineID=a26ecf29-dbb0-49ad-a21e-08d0d54f0b95 to datanode:87f4cda0-ffb5-4aa3-ac3a-463d681607fa
2021-10-21 00:13:45,777 [RatisPipelineUtilsThread - 0] INFO  pipeline.PipelineStateManagerImpl (PipelineStateManagerImpl.java:addPipeline(101)) - Created pipeline Pipeline[ Id: a26ecf29-dbb0-49ad-a21e-08d0d54f0b95, Nodes: 87f4cda0-ffb5-4aa3-ac3a-463d681607fa{ip: 10.1.0.21, host: fv-az395-87.zfmzfyrfkyou3ow0tsr0jxwq1e.bx.internal.cloudapp.net, ports: [REPLICATION=33843, RATIS=43449, RATIS_ADMIN=43449, RATIS_SERVER=43449, STANDALONE=46315], networkLocation: /default-rack, certSerialId: null, persistedOpState: IN_SERVICE, persistedOpStateExpiryEpochSec: 0}, ReplicationConfig: RATIS/ONE, State:ALLOCATED, leaderId:, CreationTimestamp2021-10-21T00:13:45.777Z[Etc/UTC]].
2021-10-21 00:13:46,465 [Listener at 127.0.0.1/34193] INFO  ozone.MiniOzoneClusterImpl (MiniOzoneClusterImpl.java:lambda$waitForClusterToBeReady$0(235)) - Waiting for nodes to be ready. Got 8 of 9 DN Heartbeats.
2021-10-21 00:13:46,465 [Listener at 127.0.0.1/34193] INFO  ozone.MiniOzoneClusterImpl (MiniOzoneClusterImpl.java:lambda$waitForClusterToBeReady$0(238)) - Waiting for cluster to exit safe mode
2021-10-21 00:13:46,465 [Listener at 127.0.0.1/34193] INFO  ozone.MiniOzoneClusterImpl (MiniOzoneClusterImpl.java:lambda$waitForClusterToBeReady$0(240)) - SCM became leader
2021-10-21 00:13:46,618 [Command processor thread] INFO  server.RaftServer (RaftServerProxy.java:addNew(95)) - 6c4bf312-847f-4261-b1bf-aef11305f2d7: addNew group-D3D63B047129:[6c4bf312-847f-4261-b1bf-aef11305f2d7|rpc:10.1.0.21:45071|priority:1] returns group-D3D63B047129:java.util.concurrent.CompletableFuture@43cc9903[Not completed]
2021-10-21 00:13:46,619 [pool-882-thread-1] INFO  server.RaftServer$Division (RaftServerImpl.java:<init>(184)) - 6c4bf312-847f-4261-b1bf-aef11305f2d7: new RaftServerImpl for group-D3D63B047129:[6c4bf312-847f-4261-b1bf-aef11305f2d7|rpc:10.1.0.21:45071|priority:1] with ContainerStateMachine:uninitialized
2021-10-21 00:13:46,619 [pool-882-thread-1] INFO  server.RaftServerConfigKeys (ConfUtils.java:logGet(44)) - raft.server.rpc.timeout.min = 5s (custom)
2021-10-21 00:13:46,619 [pool-882-thread-1] INFO  server.RaftServerConfigKeys (ConfUtils.java:logGet(44)) - raft.server.rpc.timeout.max = 5200ms (custom)
2021-10-21 00:13:46,619 [pool-882-thread-1] INFO  server.RaftServerConfigKeys (ConfUtils.java:logGet(44)) - raft.server.rpc.sleep.time = 25ms (default)
2021-10-21 00:13:46,619 [pool-882-thread-1] INFO  server.RaftServerConfigKeys (ConfUtils.java:logGet(44)) - raft.server.rpc.slowness.timeout = 300000ms (custom)
2021-10-21 00:13:46,619 [pool-882-thread-1] INFO  server.RaftServerConfigKeys (ConfUtils.java:logGet(44)) - raft.server.leaderelection.leader.step-down.wait-time = 10s (default)
2021-10-21 00:13:46,619 [pool-882-thread-1] INFO  server.RaftServerConfigKeys (ConfUtils.java:logGet(44)) - raft.server.sleep.deviation.threshold = 300ms (default)
2021-10-21 00:13:46,619 [pool-882-thread-1] INFO  server.RaftServerConfigKeys (ConfUtils.java:logGet(44)) - raft.server.log.appender.install.snapshot.enabled = false (custom)
2021-10-21 00:13:46,619 [pool-882-thread-1] INFO  server.RaftServer$Division (ServerState.java:<init>(105)) - 6c4bf312-847f-4261-b1bf-aef11305f2d7@group-D3D63B047129: ConfigurationManager, init=-1: [6c4bf312-847f-4261-b1bf-aef11305f2d7|rpc:10.1.0.21:45071|priority:1], old=null, confs=<EMPTY_MAP>
2021-10-21 00:13:46,619 [pool-882-thread-1] INFO  server.RaftServerConfigKeys (ConfUtils.java:logGet(44)) - raft.server.storage.dir = [/home/runner/work/ozone/ozone/hadoop-ozone/integration-test/target/test-dir/MiniOzoneClusterImpl-0ff56402-746c-4b46-aacb-40edab3b56db/datanode-5/data/ratis] (custom)
2021-10-21 00:13:46,619 [pool-882-thread-1] INFO  server.RaftServerConfigKeys (ConfUtils.java:logGet(44)) - raft.server.log.corruption.policy = EXCEPTION (default)
2021-10-21 00:13:46,619 [pool-882-thread-1] INFO  server.RaftServerConfigKeys (ConfUtils.java:logGet(44)) - raft.server.storage.free-space.min = 0MB (=0) (default)
2021-10-21 00:13:46,619 [pool-882-thread-1] INFO  storage.RaftStorageDirectory (RaftStorageDirectoryImpl.java:analyzeStorage(135)) - The storage directory /home/runner/work/ozone/ozone/hadoop-ozone/integration-test/target/test-dir/MiniOzoneClusterImpl-0ff56402-746c-4b46-aacb-40edab3b56db/datanode-5/data/ratis/e2b4fbdb-9ba0-47cc-9ea4-d3d63b047129 does not exist. Creating ...
2021-10-21 00:13:46,629 [pool-882-thread-1] INFO  storage.RaftStorageDirectory (RaftStorageDirectoryImpl.java:tryLock(230)) - Lock on /home/runner/work/ozone/ozone/hadoop-ozone/integration-test/target/test-dir/MiniOzoneClusterImpl-0ff56402-746c-4b46-aacb-40edab3b56db/datanode-5/data/ratis/e2b4fbdb-9ba0-47cc-9ea4-d3d63b047129/in_use.lock acquired by nodename 6507@fv-az395-87
2021-10-21 00:13:46,631 [pool-882-thread-1] INFO  storage.RaftStorage (RaftStorageImpl.java:format(89)) - Storage directory /home/runner/work/ozone/ozone/hadoop-ozone/integration-test/target/test-dir/MiniOzoneClusterImpl-0ff56402-746c-4b46-aacb-40edab3b56db/datanode-5/data/ratis/e2b4fbdb-9ba0-47cc-9ea4-d3d63b047129 has been successfully formatted.
2021-10-21 00:13:46,699 [pool-882-thread-1] INFO  ratis.ContainerStateMachine (ContainerStateMachine.java:loadSnapshot(224)) - group-D3D63B047129: The snapshot info is null. Setting the last applied indexto:(t:0, i:~)
2021-10-21 00:13:46,700 [pool-882-thread-1] INFO  server.RaftServerConfigKeys (ConfUtils.java:logGet(44)) - raft.server.notification.no-leader.timeout = 300000ms (custom)
2021-10-21 00:13:46,700 [pool-882-thread-1] INFO  server.RaftServerConfigKeys (ConfUtils.java:logGet(44)) - raft.server.log.use.memory = false (default)
2021-10-21 00:13:46,700 [pool-882-thread-1] INFO  server.RaftServerConfigKeys (ConfUtils.java:logGet(44)) - raft.server.log.purge.gap = 1000000 (custom)
2021-10-21 00:13:46,700 [pool-882-thread-1] INFO  server.RaftServerConfigKeys (ConfUtils.java:logGet(44)) - raft.server.log.appender.buffer.byte-limit = 33554432 (custom)
2021-10-21 00:13:46,700 [pool-882-thread-1] INFO  server.RaftServerConfigKeys (ConfUtils.java:logGet(44)) - raft.server.log.segment.size.max = 1048576 (custom)
2021-10-21 00:13:46,701 [pool-882-thread-1] INFO  server.RaftServerConfigKeys (ConfUtils.java:logGet(44)) - raft.server.log.segment.cache.num.max = 2 (custom)
2021-10-21 00:13:46,701 [pool-882-thread-1] INFO  server.RaftServerConfigKeys (ConfUtils.java:logGet(44)) - raft.server.log.segment.cache.size.max = 200MB (=209715200) (default)
2021-10-21 00:13:46,701 [pool-882-thread-1] INFO  segmented.SegmentedRaftLogWorker (SegmentedRaftLogWorker.java:<init>(182)) - new 6c4bf312-847f-4261-b1bf-aef11305f2d7@group-D3D63B047129-SegmentedRaftLogWorker for RaftStorageImpl:Storage Directory /home/runner/work/ozone/ozone/hadoop-ozone/integration-test/target/test-dir/MiniOzoneClusterImpl-0ff56402-746c-4b46-aacb-40edab3b56db/datanode-5/data/ratis/e2b4fbdb-9ba0-47cc-9ea4-d3d63b047129
2021-10-21 00:13:46,701 [pool-882-thread-1] INFO  server.RaftServerConfigKeys (ConfUtils.java:logGet(44)) - raft.server.log.queue.byte-limit = 2147483647 (custom)
2021-10-21 00:13:46,701 [pool-882-thread-1] INFO  server.RaftServerConfigKeys (ConfUtils.java:logGet(44)) - raft.server.log.queue.element-limit = 1024 (custom)
2021-10-21 00:13:46,701 [pool-882-thread-1] INFO  server.RaftServerConfigKeys (ConfUtils.java:logGet(44)) - raft.server.log.segment.size.max = 1048576 (custom)
2021-10-21 00:13:46,701 [pool-882-thread-1] INFO  server.RaftServerConfigKeys (ConfUtils.java:logGet(44)) - raft.server.log.preallocated.size = 16384 (custom)
2021-10-21 00:13:46,701 [pool-882-thread-1] INFO  server.RaftServerConfigKeys (ConfUtils.java:logGet(44)) - raft.server.log.force.sync.num = 128 (default)
2021-10-21 00:13:46,701 [pool-882-thread-1] INFO  server.RaftServerConfigKeys (ConfUtils.java:logGet(44)) - raft.server.log.statemachine.data.sync = true (default)
2021-10-21 00:13:46,701 [pool-882-thread-1] INFO  server.RaftServerConfigKeys (ConfUtils.java:logGet(44)) - raft.server.log.statemachine.data.sync.timeout = 10s (default)
2021-10-21 00:13:46,701 [pool-882-thread-1] INFO  server.RaftServerConfigKeys (ConfUtils.java:logGet(44)) - raft.server.log.statemachine.data.sync.timeout.retry = -1 (default)
2021-10-21 00:13:46,703 [Datanode State Machine Thread - 0] WARN  statemachine.StateContext (StateContext.java:execute(621)) - No available thread in pool for past 1 seconds.
2021-10-21 00:13:46,704 [pool-882-thread-1] INFO  server.RaftServerConfigKeys (ConfUtils.java:logGet(44)) - raft.server.log.write.buffer.size = 1048576 (custom)
2021-10-21 00:13:46,704 [EventQueue-PipelineReportForPipelineReportHandler] INFO  pipeline.PipelineManagerImpl (PipelineManagerImpl.java:openPipeline(282)) - Pipeline Pipeline[ Id: e2b4fbdb-9ba0-47cc-9ea4-d3d63b047129, Nodes: 6c4bf312-847f-4261-b1bf-aef11305f2d7{ip: 10.1.0.21, host: fv-az395-87.zfmzfyrfkyou3ow0tsr0jxwq1e.bx.internal.cloudapp.net, ports: [REPLICATION=33993, RATIS=45071, RATIS_ADMIN=45071, RATIS_SERVER=45071, STANDALONE=38819], networkLocation: /default-rack, certSerialId: null, persistedOpState: IN_SERVICE, persistedOpStateExpiryEpochSec: 0}, ReplicationConfig: RATIS/ONE, State:ALLOCATED, leaderId:6c4bf312-847f-4261-b1bf-aef11305f2d7, CreationTimestamp2021-10-21T00:13:43.616Z[Etc/UTC]] moved to OPEN state
2021-10-21 00:13:46,719 [pool-882-thread-1] INFO  server.RaftServerConfigKeys (ConfUtils.java:logGet(44)) - raft.server.log.statemachine.data.caching.enabled = true (custom)
2021-10-21 00:13:46,720 [pool-882-thread-1] INFO  segmented.SegmentedRaftLogWorker (SegmentedRaftLogWorker.java:lambda$new$0(133)) - 6c4bf312-847f-4261-b1bf-aef11305f2d7@group-D3D63B047129-SegmentedRaftLogWorker: flushIndex: setUnconditionally 0 -> -1
2021-10-21 00:13:46,720 [pool-882-thread-1] INFO  segmented.SegmentedRaftLogWorker (SegmentedRaftLogWorker.java:lambda$new$0(133)) - 6c4bf312-847f-4261-b1bf-aef11305f2d7@group-D3D63B047129-SegmentedRaftLogWorker: safeCacheEvictIndex: setUnconditionally 0 -> -1
2021-10-21 00:13:46,720 [EventQueue-OpenPipelineForHealthyPipelineSafeModeRule] INFO  safemode.SCMSafeModeManager (HealthyPipelineSafeModeRule.java:process(124)) - SCM in safe mode. Healthy pipelines reported count is 0, required healthy pipeline reported count is 1
2021-10-21 00:13:46,751 [pool-882-thread-1] INFO  server.RaftServerConfigKeys (ConfUtils.java:logGet(44)) - raft.server.snapshot.auto.trigger.enabled = true (custom)
2021-10-21 00:13:46,751 [pool-882-thread-1] INFO  server.RaftServerConfigKeys (ConfUtils.java:logGet(44)) - raft.server.snapshot.auto.trigger.threshold = 10000 (custom)
2021-10-21 00:13:46,751 [pool-882-thread-1] INFO  server.RaftServerConfigKeys (ConfUtils.java:logGet(44)) - raft.server.snapshot.retention.file.num = 5 (custom)
2021-10-21 00:13:46,751 [pool-882-thread-1] INFO  server.RaftServerConfigKeys (ConfUtils.java:logGet(44)) - raft.server.log.purge.upto.snapshot.index = false (default)
2021-10-21 00:13:46,751 [pool-882-thread-1] INFO  server.RaftServerConfigKeys (ConfUtils.java:logGet(44)) - raft.server.retrycache.expirytime = 600000ms (custom)
2021-10-21 00:13:46,751 [pool-882-thread-1] INFO  server.RaftServerConfigKeys (ConfUtils.java:logGet(44)) - raft.server.retrycache.statistics.expirytime = 100μs (default)
2021-10-21 00:13:46,753 [pool-882-thread-1] INFO  server.RaftServer$Division (RaftServerImpl.java:start(301)) - 6c4bf312-847f-4261-b1bf-aef11305f2d7@group-D3D63B047129: start as a follower, conf=-1: [6c4bf312-847f-4261-b1bf-aef11305f2d7|rpc:10.1.0.21:45071|priority:1], old=null
2021-10-21 00:13:46,754 [pool-882-thread-1] INFO  server.RaftServer$Division (RaftServerImpl.java:setRole(290)) - 6c4bf312-847f-4261-b1bf-aef11305f2d7@group-D3D63B047129: changes role from      null to FOLLOWER at term 0 for startAsFollower
2021-10-21 00:13:46,754 [pool-882-thread-1] INFO  impl.RoleInfo (RoleInfo.java:updateAndGet(130)) - 6c4bf312-847f-4261-b1bf-aef11305f2d7: start 6c4bf312-847f-4261-b1bf-aef11305f2d7@group-D3D63B047129-FollowerState
2021-10-21 00:13:46,754 [pool-882-thread-1] INFO  util.JmxRegister (JmxRegister.java:tryRegister(44)) - Successfully registered JMX Bean with object name Ratis:service=RaftServer,group=group-D3D63B047129,id=6c4bf312-847f-4261-b1bf-aef11305f2d7
2021-10-21 00:13:46,762 [Command processor thread] INFO  ratis.XceiverServerRatis (XceiverServerRatis.java:addGroup(768)) - Created group PipelineID=e2b4fbdb-9ba0-47cc-9ea4-d3d63b047129
2021-10-21 00:13:46,762 [Command processor thread] INFO  commandhandler.CreatePipelineCommandHandler (CreatePipelineCommandHandler.java:handle(106)) - Created Pipeline RATIS ONE PipelineID=e2b4fbdb-9ba0-47cc-9ea4-d3d63b047129.
2021-10-21 00:13:47,463 [385ed75d-b5f2-4976-82ca-03b327f31da0@group-341CD129DCEB-FollowerState] INFO  impl.FollowerState (FollowerState.java:run(134)) - 385ed75d-b5f2-4976-82ca-03b327f31da0@group-341CD129DCEB-FollowerState: change to CANDIDATE, lastRpcElapsedTime:5077320997ns, electionTimeout:5051ms
2021-10-21 00:13:47,464 [385ed75d-b5f2-4976-82ca-03b327f31da0@group-341CD129DCEB-FollowerState] INFO  impl.RoleInfo (RoleInfo.java:shutdownFollowerState(108)) - 385ed75d-b5f2-4976-82ca-03b327f31da0: shutdown 385ed75d-b5f2-4976-82ca-03b327f31da0@group-341CD129DCEB-FollowerState
2021-10-21 00:13:47,464 [385ed75d-b5f2-4976-82ca-03b327f31da0@group-341CD129DCEB-FollowerState] INFO  server.RaftServer$Division (RaftServerImpl.java:setRole(290)) - 385ed75d-b5f2-4976-82ca-03b327f31da0@group-341CD129DCEB: changes role from  FOLLOWER to CANDIDATE at term 0 for changeToCandidate
2021-10-21 00:13:47,466 [Listener at 127.0.0.1/34193] INFO  ozone.MiniOzoneClusterImpl (MiniOzoneClusterImpl.java:lambda$waitForClusterToBeReady$0(235)) - Waiting for nodes to be ready. Got 8 of 9 DN Heartbeats.
2021-10-21 00:13:47,466 [Listener at 127.0.0.1/34193] INFO  ozone.MiniOzoneClusterImpl (MiniOzoneClusterImpl.java:lambda$waitForClusterToBeReady$0(238)) - Waiting for cluster to exit safe mode
2021-10-21 00:13:47,466 [Listener at 127.0.0.1/34193] INFO  ozone.MiniOzoneClusterImpl (MiniOzoneClusterImpl.java:lambda$waitForClusterToBeReady$0(240)) - SCM became leader
2021-10-21 00:13:47,466 [385ed75d-b5f2-4976-82ca-03b327f31da0@group-341CD129DCEB-FollowerState] INFO  server.RaftServerConfigKeys (ConfUtils.java:logGet(44)) - raft.server.leaderelection.pre-vote = false (custom)
2021-10-21 00:13:47,466 [385ed75d-b5f2-4976-82ca-03b327f31da0@group-341CD129DCEB-FollowerState] INFO  impl.RoleInfo (RoleInfo.java:updateAndGet(130)) - 385ed75d-b5f2-4976-82ca-03b327f31da0: start 385ed75d-b5f2-4976-82ca-03b327f31da0@group-341CD129DCEB-LeaderElection89
2021-10-21 00:13:47,487 [385ed75d-b5f2-4976-82ca-03b327f31da0@group-341CD129DCEB-LeaderElection89] INFO  impl.LeaderElection (LeaderElection.java:askForVotes(306)) - 385ed75d-b5f2-4976-82ca-03b327f31da0@group-341CD129DCEB-LeaderElection89 ELECTION round 0: submit vote requests at term 1 for -1: [385ed75d-b5f2-4976-82ca-03b327f31da0|rpc:10.1.0.21:43801|priority:1], old=null
2021-10-21 00:13:47,487 [385ed75d-b5f2-4976-82ca-03b327f31da0@group-341CD129DCEB-LeaderElection89] INFO  impl.LeaderElection (LeaderElection.java:askForVotes(308)) - 385ed75d-b5f2-4976-82ca-03b327f31da0@group-341CD129DCEB-LeaderElection89 ELECTION round 0: result PASSED (term=1)
2021-10-21 00:13:47,487 [385ed75d-b5f2-4976-82ca-03b327f31da0@group-341CD129DCEB-LeaderElection89] INFO  impl.RoleInfo (RoleInfo.java:shutdownLeaderElection(121)) - 385ed75d-b5f2-4976-82ca-03b327f31da0: shutdown 385ed75d-b5f2-4976-82ca-03b327f31da0@group-341CD129DCEB-LeaderElection89
2021-10-21 00:13:47,487 [385ed75d-b5f2-4976-82ca-03b327f31da0@group-341CD129DCEB-LeaderElection89] INFO  server.RaftServer$Division (RaftServerImpl.java:setRole(290)) - 385ed75d-b5f2-4976-82ca-03b327f31da0@group-341CD129DCEB: changes role from CANDIDATE to LEADER at term 1 for changeToLeader
2021-10-21 00:13:47,487 [385ed75d-b5f2-4976-82ca-03b327f31da0@group-341CD129DCEB-LeaderElection89] INFO  ratis.XceiverServerRatis (XceiverServerRatis.java:handleLeaderChangedNotification(866)) - Leader change notification received for group: group-341CD129DCEB with new leaderId: 385ed75d-b5f2-4976-82ca-03b327f31da0
2021-10-21 00:13:47,488 [385ed75d-b5f2-4976-82ca-03b327f31da0@group-341CD129DCEB-LeaderElection89] INFO  server.RaftServer$Division (ServerState.java:setLeader(285)) - 385ed75d-b5f2-4976-82ca-03b327f31da0@group-341CD129DCEB: change Leader from null to 385ed75d-b5f2-4976-82ca-03b327f31da0 at term 1 for becomeLeader, leader elected after 5228ms
2021-10-21 00:13:47,488 [385ed75d-b5f2-4976-82ca-03b327f31da0@group-341CD129DCEB-LeaderElection89] INFO  server.RaftServerConfigKeys (ConfUtils.java:logGet(44)) - raft.server.staging.catchup.gap = 1000 (default)
2021-10-21 00:13:47,488 [385ed75d-b5f2-4976-82ca-03b327f31da0@group-341CD129DCEB-LeaderElection89] INFO  server.RaftServerConfigKeys (ConfUtils.java:logGet(44)) - raft.server.write.element-limit = 1024 (custom)
2021-10-21 00:13:47,488 [385ed75d-b5f2-4976-82ca-03b327f31da0@group-341CD129DCEB-LeaderElection89] INFO  server.RaftServerConfigKeys (ConfUtils.java:logGet(44)) - raft.server.write.byte-limit = 1024 M (=1073741824) (custom)
2021-10-21 00:13:47,489 [385ed75d-b5f2-4976-82ca-03b327f31da0@group-341CD129DCEB-LeaderElection89] INFO  server.RaftServerConfigKeys (ConfUtils.java:logGet(44)) - raft.server.watch.timeout = 3000ms (custom)
2021-10-21 00:13:47,489 [385ed75d-b5f2-4976-82ca-03b327f31da0@group-341CD129DCEB-LeaderElection89] INFO  server.RaftServerConfigKeys (ConfUtils.java:logGet(44)) - raft.server.watch.timeout.denomination = 1s (default)
2021-10-21 00:13:47,489 [385ed75d-b5f2-4976-82ca-03b327f31da0@group-341CD129DCEB-LeaderElection89] INFO  server.RaftServerConfigKeys (ConfUtils.java:logGet(44)) - raft.server.watch.element-limit = 65536 (default)
2021-10-21 00:13:47,489 [385ed75d-b5f2-4976-82ca-03b327f31da0@group-341CD129DCEB-LeaderElection89] INFO  server.RaftServerConfigKeys (ConfUtils.java:logGet(44)) - raft.server.write.element-limit = 1024 (custom)
2021-10-21 00:13:47,489 [385ed75d-b5f2-4976-82ca-03b327f31da0@group-341CD129DCEB-LeaderElection89] INFO  server.RaftServerConfigKeys (ConfUtils.java:logGet(44)) - raft.server.write.follower.gap.ratio.max = -1.0 (default)
2021-10-21 00:13:47,489 [385ed75d-b5f2-4976-82ca-03b327f31da0@group-341CD129DCEB-LeaderElection89] INFO  impl.RoleInfo (RoleInfo.java:updateAndGet(130)) - 385ed75d-b5f2-4976-82ca-03b327f31da0: start 385ed75d-b5f2-4976-82ca-03b327f31da0@group-341CD129DCEB-LeaderStateImpl
2021-10-21 00:13:47,489 [385ed75d-b5f2-4976-82ca-03b327f31da0@group-341CD129DCEB-LeaderElection89] INFO  segmented.SegmentedRaftLogWorker (SegmentedRaftLogWorker.java:startLogSegment(394)) - 385ed75d-b5f2-4976-82ca-03b327f31da0@group-341CD129DCEB-SegmentedRaftLogWorker: Starting segment from index:0
2021-10-21 00:13:47,496 [385ed75d-b5f2-4976-82ca-03b327f31da0@group-341CD129DCEB-LeaderElection89] INFO  server.RaftServer$Division (ServerState.java:setRaftConf(387)) - 385ed75d-b5f2-4976-82ca-03b327f31da0@group-341CD129DCEB: set configuration 0: [385ed75d-b5f2-4976-82ca-03b327f31da0|rpc:10.1.0.21:43801|dataStream:|priority:1], old=null
2021-10-21 00:13:47,536 [385ed75d-b5f2-4976-82ca-03b327f31da0@group-341CD129DCEB-SegmentedRaftLogWorker] INFO  segmented.SegmentedRaftLogWorker (SegmentedRaftLogWorker.java:execute(601)) - 385ed75d-b5f2-4976-82ca-03b327f31da0@group-341CD129DCEB-SegmentedRaftLogWorker: created new log segment /home/runner/work/ozone/ozone/hadoop-ozone/integration-test/target/test-dir/MiniOzoneClusterImpl-0ff56402-746c-4b46-aacb-40edab3b56db/datanode-0/data/ratis/a9903480-2b87-4623-a617-341cd129dceb/current/log_inprogress_0
2021-10-21 00:13:47,540 [Datanode State Machine Thread - 0] WARN  statemachine.StateContext (StateContext.java:execute(621)) - No available thread in pool for past 1 seconds.
2021-10-21 00:13:47,542 [IPC Server handler 3 on default port 35879] INFO  net.NetworkTopologyImpl (NetworkTopologyImpl.java:add(112)) - Added a new node: /default-rack/f11f8ce1-e80f-4662-ac56-049e7a4c2ce6
2021-10-21 00:13:47,542 [IPC Server handler 3 on default port 35879] INFO  node.SCMNodeManager (SCMNodeManager.java:register(389)) - Registered Data node : f11f8ce1-e80f-4662-ac56-049e7a4c2ce6{ip: 10.1.0.21, host: fv-az395-87.zfmzfyrfkyou3ow0tsr0jxwq1e.bx.internal.cloudapp.net, ports: [REPLICATION=42417, RATIS=45621, RATIS_ADMIN=45621, RATIS_SERVER=45621, STANDALONE=45893], networkLocation: /default-rack, certSerialId: null, persistedOpState: null, persistedOpStateExpiryEpochSec: 0}
2021-10-21 00:13:47,542 [EventQueue-NewNodeForNewNodeHandler] INFO  pipeline.BackgroundPipelineCreator (BackgroundPipelineCreator.java:notifyEventTriggered(285)) - trigger a one-shot run on RatisPipelineUtilsThread.
2021-10-21 00:13:47,542 [RatisPipelineUtilsThread - 0] INFO  pipeline.RatisPipelineProvider (RatisPipelineProvider.java:lambda$create$0(183)) - Sending CreatePipelineCommand for pipeline:PipelineID=4c4d5025-b462-476c-9441-d6916fb3083e to datanode:f11f8ce1-e80f-4662-ac56-049e7a4c2ce6
2021-10-21 00:13:47,543 [RatisPipelineUtilsThread - 0] INFO  pipeline.PipelineStateManagerImpl (PipelineStateManagerImpl.java:addPipeline(101)) - Created pipeline Pipeline[ Id: 4c4d5025-b462-476c-9441-d6916fb3083e, Nodes: f11f8ce1-e80f-4662-ac56-049e7a4c2ce6{ip: 10.1.0.21, host: fv-az395-87.zfmzfyrfkyou3ow0tsr0jxwq1e.bx.internal.cloudapp.net, ports: [REPLICATION=42417, RATIS=45621, RATIS_ADMIN=45621, RATIS_SERVER=45621, STANDALONE=45893], networkLocation: /default-rack, certSerialId: null, persistedOpState: IN_SERVICE, persistedOpStateExpiryEpochSec: 0}, ReplicationConfig: RATIS/ONE, State:ALLOCATED, leaderId:, CreationTimestamp2021-10-21T00:13:47.542Z[Etc/UTC]].
2021-10-21 00:13:47,543 [RatisPipelineUtilsThread - 0] INFO  pipeline.RatisPipelineProvider (RatisPipelineProvider.java:lambda$create$0(183)) - Sending CreatePipelineCommand for pipeline:PipelineID=9bf4a531-6e52-4877-98e4-aa76da738849 to datanode:f11f8ce1-e80f-4662-ac56-049e7a4c2ce6
2021-10-21 00:13:47,543 [RatisPipelineUtilsThread - 0] INFO  pipeline.RatisPipelineProvider (RatisPipelineProvider.java:lambda$create$0(183)) - Sending CreatePipelineCommand for pipeline:PipelineID=9bf4a531-6e52-4877-98e4-aa76da738849 to datanode:fe031be3-9947-46ae-8b09-98e602d9361b
2021-10-21 00:13:47,543 [RatisPipelineUtilsThread - 0] INFO  pipeline.RatisPipelineProvider (RatisPipelineProvider.java:lambda$create$0(183)) - Sending CreatePipelineCommand for pipeline:PipelineID=9bf4a531-6e52-4877-98e4-aa76da738849 to datanode:87f4cda0-ffb5-4aa3-ac3a-463d681607fa
2021-10-21 00:13:47,544 [RatisPipelineUtilsThread - 0] INFO  pipeline.PipelineStateManagerImpl (PipelineStateManagerImpl.java:addPipeline(101)) - Created pipeline Pipeline[ Id: 9bf4a531-6e52-4877-98e4-aa76da738849, Nodes: f11f8ce1-e80f-4662-ac56-049e7a4c2ce6{ip: 10.1.0.21, host: fv-az395-87.zfmzfyrfkyou3ow0tsr0jxwq1e.bx.internal.cloudapp.net, ports: [REPLICATION=42417, RATIS=45621, RATIS_ADMIN=45621, RATIS_SERVER=45621, STANDALONE=45893], networkLocation: /default-rack, certSerialId: null, persistedOpState: IN_SERVICE, persistedOpStateExpiryEpochSec: 0}fe031be3-9947-46ae-8b09-98e602d9361b{ip: 10.1.0.21, host: fv-az395-87.zfmzfyrfkyou3ow0tsr0jxwq1e.bx.internal.cloudapp.net, ports: [REPLICATION=38151, RATIS=44461, RATIS_ADMIN=44461, RATIS_SERVER=44461, STANDALONE=37965], networkLocation: /default-rack, certSerialId: null, persistedOpState: IN_SERVICE, persistedOpStateExpiryEpochSec: 0}87f4cda0-ffb5-4aa3-ac3a-463d681607fa{ip: 10.1.0.21, host: fv-az395-87.zfmzfyrfkyou3ow0tsr0jxwq1e.bx.internal.cloudapp.net, ports: [REPLICATION=33843, RATIS=43449, RATIS_ADMIN=43449, RATIS_SERVER=43449, STANDALONE=46315], networkLocation: /default-rack, certSerialId: null, persistedOpState: IN_SERVICE, persistedOpStateExpiryEpochSec: 0}, ReplicationConfig: RATIS/THREE, State:ALLOCATED, leaderId:, CreationTimestamp2021-10-21T00:13:47.543Z[Etc/UTC]].
2021-10-21 00:13:47,557 [EventQueue-OpenPipelineForHealthyPipelineSafeModeRule] INFO  safemode.SCMSafeModeManager (HealthyPipelineSafeModeRule.java:process(124)) - SCM in safe mode. Healthy pipelines reported count is 0, required healthy pipeline reported count is 1
2021-10-21 00:13:47,893 [385ed75d-b5f2-4976-82ca-03b327f31da0@group-1ABE1F802D80-FollowerState] INFO  impl.FollowerState (FollowerState.java:run(134)) - 385ed75d-b5f2-4976-82ca-03b327f31da0@group-1ABE1F802D80-FollowerState: change to CANDIDATE, lastRpcElapsedTime:5115563468ns, electionTimeout:5089ms
2021-10-21 00:13:47,893 [385ed75d-b5f2-4976-82ca-03b327f31da0@group-1ABE1F802D80-FollowerState] INFO  impl.RoleInfo (RoleInfo.java:shutdownFollowerState(108)) - 385ed75d-b5f2-4976-82ca-03b327f31da0: shutdown 385ed75d-b5f2-4976-82ca-03b327f31da0@group-1ABE1F802D80-FollowerState
2021-10-21 00:13:47,894 [385ed75d-b5f2-4976-82ca-03b327f31da0@group-1ABE1F802D80-FollowerState] INFO  server.RaftServer$Division (RaftServerImpl.java:setRole(290)) - 385ed75d-b5f2-4976-82ca-03b327f31da0@group-1ABE1F802D80: changes role from  FOLLOWER to CANDIDATE at term 0 for changeToCandidate
2021-10-21 00:13:47,894 [385ed75d-b5f2-4976-82ca-03b327f31da0@group-1ABE1F802D80-FollowerState] INFO  server.RaftServerConfigKeys (ConfUtils.java:logGet(44)) - raft.server.leaderelection.pre-vote = false (custom)
2021-10-21 00:13:47,894 [385ed75d-b5f2-4976-82ca-03b327f31da0@group-1ABE1F802D80-FollowerState] INFO  impl.RoleInfo (RoleInfo.java:updateAndGet(130)) - 385ed75d-b5f2-4976-82ca-03b327f31da0: start 385ed75d-b5f2-4976-82ca-03b327f31da0@group-1ABE1F802D80-LeaderElection90
2021-10-21 00:13:47,993 [385ed75d-b5f2-4976-82ca-03b327f31da0@group-1ABE1F802D80-LeaderElection90] INFO  impl.LeaderElection (LeaderElection.java:askForVotes(306)) - 385ed75d-b5f2-4976-82ca-03b327f31da0@group-1ABE1F802D80-LeaderElection90 ELECTION round 0: submit vote requests at term 1 for -1: [43a8bf6a-c132-4b01-9df6-8da121d8da0e|rpc:10.1.0.21:44683|priority:1, b064551b-1fe0-41a9-91d7-ea536b2590c0|rpc:10.1.0.21:37069|priority:0, 385ed75d-b5f2-4976-82ca-03b327f31da0|rpc:10.1.0.21:43801|priority:0], old=null
2021-10-21 00:13:48,007 [Command processor thread] INFO  server.RaftServer (RaftServerProxy.java:addNew(95)) - fe031be3-9947-46ae-8b09-98e602d9361b: addNew group-C7CEAFB8CAA2:[fe031be3-9947-46ae-8b09-98e602d9361b|rpc:10.1.0.21:44461|priority:1] returns group-C7CEAFB8CAA2:java.util.concurrent.CompletableFuture@16df3ec6[Not completed]
2021-10-21 00:13:48,008 [pool-901-thread-1] INFO  server.RaftServer$Division (RaftServerImpl.java:<init>(184)) - fe031be3-9947-46ae-8b09-98e602d9361b: new RaftServerImpl for group-C7CEAFB8CAA2:[fe031be3-9947-46ae-8b09-98e602d9361b|rpc:10.1.0.21:44461|priority:1] with ContainerStateMachine:uninitialized
2021-10-21 00:13:48,008 [pool-901-thread-1] INFO  server.RaftServerConfigKeys (ConfUtils.java:logGet(44)) - raft.server.rpc.timeout.min = 5s (custom)
2021-10-21 00:13:48,008 [pool-901-thread-1] INFO  server.RaftServerConfigKeys (ConfUtils.java:logGet(44)) - raft.server.rpc.timeout.max = 5200ms (custom)
2021-10-21 00:13:48,008 [pool-901-thread-1] INFO  server.RaftServerConfigKeys (ConfUtils.java:logGet(44)) - raft.server.rpc.sleep.time = 25ms (default)
2021-10-21 00:13:48,008 [pool-901-thread-1] INFO  server.RaftServerConfigKeys (ConfUtils.java:logGet(44)) - raft.server.rpc.slowness.timeout = 300000ms (custom)
2021-10-21 00:13:48,008 [pool-901-thread-1] INFO  server.RaftServerConfigKeys (ConfUtils.java:logGet(44)) - raft.server.leaderelection.leader.step-down.wait-time = 10s (default)
2021-10-21 00:13:48,008 [pool-901-thread-1] INFO  server.RaftServerConfigKeys (ConfUtils.java:logGet(44)) - raft.server.sleep.deviation.threshold = 300ms (default)
2021-10-21 00:13:48,008 [pool-901-thread-1] INFO  server.RaftServerConfigKeys (ConfUtils.java:logGet(44)) - raft.server.log.appender.install.snapshot.enabled = false (custom)
2021-10-21 00:13:48,008 [pool-901-thread-1] INFO  server.RaftServer$Division (ServerState.java:<init>(105)) - fe031be3-9947-46ae-8b09-98e602d9361b@group-C7CEAFB8CAA2: ConfigurationManager, init=-1: [fe031be3-9947-46ae-8b09-98e602d9361b|rpc:10.1.0.21:44461|priority:1], old=null, confs=<EMPTY_MAP>
2021-10-21 00:13:48,008 [pool-901-thread-1] INFO  server.RaftServerConfigKeys (ConfUtils.java:logGet(44)) - raft.server.storage.dir = [/home/runner/work/ozone/ozone/hadoop-ozone/integration-test/target/test-dir/MiniOzoneClusterImpl-0ff56402-746c-4b46-aacb-40edab3b56db/datanode-6/data/ratis] (custom)
2021-10-21 00:13:48,009 [pool-901-thread-1] INFO  server.RaftServerConfigKeys (ConfUtils.java:logGet(44)) - raft.server.log.corruption.policy = EXCEPTION (default)
2021-10-21 00:13:48,009 [pool-901-thread-1] INFO  server.RaftServerConfigKeys (ConfUtils.java:logGet(44)) - raft.server.storage.free-space.min = 0MB (=0) (default)
2021-10-21 00:13:48,009 [pool-901-thread-1] INFO  storage.RaftStorageDirectory (RaftStorageDirectoryImpl.java:analyzeStorage(135)) - The storage directory /home/runner/work/ozone/ozone/hadoop-ozone/integration-test/target/test-dir/MiniOzoneClusterImpl-0ff56402-746c-4b46-aacb-40edab3b56db/datanode-6/data/ratis/26c74c92-a0df-4910-bbcb-c7ceafb8caa2 does not exist. Creating ...
2021-10-21 00:13:48,025 [grpc-default-executor-2] INFO  server.RaftServer$Division (RaftServerImpl.java:requestVote(1046)) - 43a8bf6a-c132-4b01-9df6-8da121d8da0e@group-1ABE1F802D80: receive requestVote(ELECTION, 385ed75d-b5f2-4976-82ca-03b327f31da0, group-1ABE1F802D80, 1, (t:0, i:0))
2021-10-21 00:13:48,025 [grpc-default-executor-2] INFO  impl.VoteContext (VoteContext.java:log(48)) - 43a8bf6a-c132-4b01-9df6-8da121d8da0e@group-1ABE1F802D80-FOLLOWER: reject ELECTION from 385ed75d-b5f2-4976-82ca-03b327f31da0: our priority 1 > candidate's priority 0
2021-10-21 00:13:48,025 [grpc-default-executor-2] INFO  server.RaftServer$Division (RaftServerImpl.java:setRole(290)) - 43a8bf6a-c132-4b01-9df6-8da121d8da0e@group-1ABE1F802D80: changes role from  FOLLOWER to FOLLOWER at term 1 for candidate:385ed75d-b5f2-4976-82ca-03b327f31da0
2021-10-21 00:13:48,025 [grpc-default-executor-2] INFO  impl.RoleInfo (RoleInfo.java:shutdownFollowerState(108)) - 43a8bf6a-c132-4b01-9df6-8da121d8da0e: shutdown 43a8bf6a-c132-4b01-9df6-8da121d8da0e@group-1ABE1F802D80-FollowerState
2021-10-21 00:13:48,025 [grpc-default-executor-2] INFO  impl.RoleInfo (RoleInfo.java:updateAndGet(130)) - 43a8bf6a-c132-4b01-9df6-8da121d8da0e: start 43a8bf6a-c132-4b01-9df6-8da121d8da0e@group-1ABE1F802D80-FollowerState
2021-10-21 00:13:48,025 [43a8bf6a-c132-4b01-9df6-8da121d8da0e@group-1ABE1F802D80-FollowerState] INFO  impl.FollowerState (FollowerState.java:run(143)) - 43a8bf6a-c132-4b01-9df6-8da121d8da0e@group-1ABE1F802D80-FollowerState was interrupted: {}
java.lang.InterruptedException: sleep interrupted
	at java.lang.Thread.sleep(Native Method)
	at java.lang.Thread.sleep(Thread.java:340)
	at java.util.concurrent.TimeUnit.sleep(TimeUnit.java:386)
	at org.apache.ratis.util.TimeDuration.sleep(TimeDuration.java:324)
	at org.apache.ratis.util.TimeDuration.sleep(TimeDuration.java:309)
	at org.apache.ratis.server.impl.FollowerState.run(FollowerState.java:118)
2021-10-21 00:13:48,026 [grpc-default-executor-2] INFO  server.RaftServer$Division (RaftServerImpl.java:requestVote(1078)) - 43a8bf6a-c132-4b01-9df6-8da121d8da0e@group-1ABE1F802D80 replies to ELECTION vote request: 385ed75d-b5f2-4976-82ca-03b327f31da0<-43a8bf6a-c132-4b01-9df6-8da121d8da0e#0:FAIL-t1. Peer's state: 43a8bf6a-c132-4b01-9df6-8da121d8da0e@group-1ABE1F802D80:t1, leader=null, voted=null, raftlog=43a8bf6a-c132-4b01-9df6-8da121d8da0e@group-1ABE1F802D80-SegmentedRaftLog:OPENED:c-1, conf=-1: [43a8bf6a-c132-4b01-9df6-8da121d8da0e|rpc:10.1.0.21:44683|dataStream:|priority:1, b064551b-1fe0-41a9-91d7-ea536b2590c0|rpc:10.1.0.21:37069|dataStream:|priority:0, 385ed75d-b5f2-4976-82ca-03b327f31da0|rpc:10.1.0.21:43801|dataStream:|priority:0], old=null
2021-10-21 00:13:48,033 [385ed75d-b5f2-4976-82ca-03b327f31da0@group-1ABE1F802D80-LeaderElection90] INFO  impl.LeaderElection (LeaderElection.java:logAndReturn(89)) - 385ed75d-b5f2-4976-82ca-03b327f31da0@group-1ABE1F802D80-LeaderElection90: ELECTION REJECTED received 1 response(s) and 0 exception(s):
2021-10-21 00:13:48,033 [385ed75d-b5f2-4976-82ca-03b327f31da0@group-1ABE1F802D80-LeaderElection90] INFO  impl.LeaderElection (LeaderElection.java:logAndReturn(93)) -   Response 0: 385ed75d-b5f2-4976-82ca-03b327f31da0<-43a8bf6a-c132-4b01-9df6-8da121d8da0e#0:FAIL-t1
2021-10-21 00:13:48,033 [385ed75d-b5f2-4976-82ca-03b327f31da0@group-1ABE1F802D80-LeaderElection90] INFO  impl.LeaderElection (LeaderElection.java:askForVotes(308)) - 385ed75d-b5f2-4976-82ca-03b327f31da0@group-1ABE1F802D80-LeaderElection90 ELECTION round 0: result REJECTED
2021-10-21 00:13:48,033 [385ed75d-b5f2-4976-82ca-03b327f31da0@group-1ABE1F802D80-LeaderElection90] INFO  server.RaftServer$Division (RaftServerImpl.java:setRole(290)) - 385ed75d-b5f2-4976-82ca-03b327f31da0@group-1ABE1F802D80: changes role from CANDIDATE to FOLLOWER at term 1 for REJECTED
2021-10-21 00:13:48,033 [385ed75d-b5f2-4976-82ca-03b327f31da0@group-1ABE1F802D80-LeaderElection90] INFO  impl.RoleInfo (RoleInfo.java:shutdownLeaderElection(121)) - 385ed75d-b5f2-4976-82ca-03b327f31da0: shutdown 385ed75d-b5f2-4976-82ca-03b327f31da0@group-1ABE1F802D80-LeaderElection90
2021-10-21 00:13:48,033 [385ed75d-b5f2-4976-82ca-03b327f31da0@group-1ABE1F802D80-LeaderElection90] INFO  impl.RoleInfo (RoleInfo.java:updateAndGet(130)) - 385ed75d-b5f2-4976-82ca-03b327f31da0: start 385ed75d-b5f2-4976-82ca-03b327f31da0@group-1ABE1F802D80-FollowerState
2021-10-21 00:13:48,068 [pool-901-thread-1] INFO  storage.RaftStorageDirectory (RaftStorageDirectoryImpl.java:tryLock(230)) - Lock on /home/runner/work/ozone/ozone/hadoop-ozone/integration-test/target/test-dir/MiniOzoneClusterImpl-0ff56402-746c-4b46-aacb-40edab3b56db/datanode-6/data/ratis/26c74c92-a0df-4910-bbcb-c7ceafb8caa2/in_use.lock acquired by nodename 6507@fv-az395-87
2021-10-21 00:13:48,074 [pool-901-thread-1] INFO  storage.RaftStorage (RaftStorageImpl.java:format(89)) - Storage directory /home/runner/work/ozone/ozone/hadoop-ozone/integration-test/target/test-dir/MiniOzoneClusterImpl-0ff56402-746c-4b46-aacb-40edab3b56db/datanode-6/data/ratis/26c74c92-a0df-4910-bbcb-c7ceafb8caa2 has been successfully formatted.
2021-10-21 00:13:48,112 [pool-901-thread-1] INFO  ratis.ContainerStateMachine (ContainerStateMachine.java:loadSnapshot(224)) - group-C7CEAFB8CAA2: The snapshot info is null. Setting the last applied indexto:(t:0, i:~)
2021-10-21 00:13:48,113 [pool-901-thread-1] INFO  server.RaftServerConfigKeys (ConfUtils.java:logGet(44)) - raft.server.notification.no-leader.timeout = 300000ms (custom)
2021-10-21 00:13:48,113 [pool-901-thread-1] INFO  server.RaftServerConfigKeys (ConfUtils.java:logGet(44)) - raft.server.log.use.memory = false (default)
2021-10-21 00:13:48,113 [Datanode State Machine Thread - 0] WARN  statemachine.StateContext (StateContext.java:execute(621)) - No available thread in pool for past 1 seconds.
2021-10-21 00:13:48,113 [pool-901-thread-1] INFO  server.RaftServerConfigKeys (ConfUtils.java:logGet(44)) - raft.server.log.purge.gap = 1000000 (custom)
2021-10-21 00:13:48,113 [pool-901-thread-1] INFO  server.RaftServerConfigKeys (ConfUtils.java:logGet(44)) - raft.server.log.appender.buffer.byte-limit = 33554432 (custom)
2021-10-21 00:13:48,113 [pool-901-thread-1] INFO  server.RaftServerConfigKeys (ConfUtils.java:logGet(44)) - raft.server.log.segment.size.max = 1048576 (custom)
2021-10-21 00:13:48,114 [EventQueue-PipelineReportForPipelineReportHandler] INFO  pipeline.PipelineManagerImpl (PipelineManagerImpl.java:openPipeline(282)) - Pipeline Pipeline[ Id: 26c74c92-a0df-4910-bbcb-c7ceafb8caa2, Nodes: fe031be3-9947-46ae-8b09-98e602d9361b{ip: 10.1.0.21, host: fv-az395-87.zfmzfyrfkyou3ow0tsr0jxwq1e.bx.internal.cloudapp.net, ports: [REPLICATION=38151, RATIS=44461, RATIS_ADMIN=44461, RATIS_SERVER=44461, STANDALONE=37965], networkLocation: /default-rack, certSerialId: null, persistedOpState: IN_SERVICE, persistedOpStateExpiryEpochSec: 0}, ReplicationConfig: RATIS/ONE, State:ALLOCATED, leaderId:fe031be3-9947-46ae-8b09-98e602d9361b, CreationTimestamp2021-10-21T00:13:44.931Z[Etc/UTC]] moved to OPEN state
2021-10-21 00:13:48,114 [EventQueue-OpenPipelineForHealthyPipelineSafeModeRule] INFO  safemode.SCMSafeModeManager (HealthyPipelineSafeModeRule.java:process(124)) - SCM in safe mode. Healthy pipelines reported count is 0, required healthy pipeline reported count is 1
2021-10-21 00:13:48,114 [pool-901-thread-1] INFO  server.RaftServerConfigKeys (ConfUtils.java:logGet(44)) - raft.server.log.segment.cache.num.max = 2 (custom)
2021-10-21 00:13:48,167 [pool-901-thread-1] INFO  server.RaftServerConfigKeys (ConfUtils.java:logGet(44)) - raft.server.log.segment.cache.size.max = 200MB (=209715200) (default)
2021-10-21 00:13:48,167 [pool-901-thread-1] INFO  segmented.SegmentedRaftLogWorker (SegmentedRaftLogWorker.java:<init>(182)) - new fe031be3-9947-46ae-8b09-98e602d9361b@group-C7CEAFB8CAA2-SegmentedRaftLogWorker for RaftStorageImpl:Storage Directory /home/runner/work/ozone/ozone/hadoop-ozone/integration-test/target/test-dir/MiniOzoneClusterImpl-0ff56402-746c-4b46-aacb-40edab3b56db/datanode-6/data/ratis/26c74c92-a0df-4910-bbcb-c7ceafb8caa2
2021-10-21 00:13:48,167 [pool-901-thread-1] INFO  server.RaftServerConfigKeys (ConfUtils.java:logGet(44)) - raft.server.log.queue.byte-limit = 2147483647 (custom)
2021-10-21 00:13:48,167 [pool-901-thread-1] INFO  server.RaftServerConfigKeys (ConfUtils.java:logGet(44)) - raft.server.log.queue.element-limit = 1024 (custom)
2021-10-21 00:13:48,167 [pool-901-thread-1] INFO  server.RaftServerConfigKeys (ConfUtils.java:logGet(44)) - raft.server.log.segment.size.max = 1048576 (custom)
2021-10-21 00:13:48,167 [pool-901-thread-1] INFO  server.RaftServerConfigKeys (ConfUtils.java:logGet(44)) - raft.server.log.preallocated.size = 16384 (custom)
2021-10-21 00:13:48,167 [pool-901-thread-1] INFO  server.RaftServerConfigKeys (ConfUtils.java:logGet(44)) - raft.server.log.force.sync.num = 128 (default)
2021-10-21 00:13:48,167 [pool-901-thread-1] INFO  server.RaftServerConfigKeys (ConfUtils.java:logGet(44)) - raft.server.log.statemachine.data.sync = true (default)
2021-10-21 00:13:48,167 [pool-901-thread-1] INFO  server.RaftServerConfigKeys (ConfUtils.java:logGet(44)) - raft.server.log.statemachine.data.sync.timeout = 10s (default)
2021-10-21 00:13:48,167 [pool-901-thread-1] INFO  server.RaftServerConfigKeys (ConfUtils.java:logGet(44)) - raft.server.log.statemachine.data.sync.timeout.retry = -1 (default)
2021-10-21 00:13:48,169 [pool-901-thread-1] INFO  server.RaftServerConfigKeys (ConfUtils.java:logGet(44)) - raft.server.log.write.buffer.size = 1048576 (custom)
2021-10-21 00:13:48,169 [pool-901-thread-1] INFO  server.RaftServerConfigKeys (ConfUtils.java:logGet(44)) - raft.server.log.statemachine.data.caching.enabled = true (custom)
2021-10-21 00:13:48,170 [pool-901-thread-1] INFO  segmented.SegmentedRaftLogWorker (SegmentedRaftLogWorker.java:lambda$new$0(133)) - fe031be3-9947-46ae-8b09-98e602d9361b@group-C7CEAFB8CAA2-SegmentedRaftLogWorker: flushIndex: setUnconditionally 0 -> -1
2021-10-21 00:13:48,170 [pool-901-thread-1] INFO  segmented.SegmentedRaftLogWorker (SegmentedRaftLogWorker.java:lambda$new$0(133)) - fe031be3-9947-46ae-8b09-98e602d9361b@group-C7CEAFB8CAA2-SegmentedRaftLogWorker: safeCacheEvictIndex: setUnconditionally 0 -> -1
2021-10-21 00:13:48,139 [grpc-default-executor-2] INFO  server.RaftServer$Division (RaftServerImpl.java:requestVote(1046)) - b064551b-1fe0-41a9-91d7-ea536b2590c0@group-1ABE1F802D80: receive requestVote(ELECTION, 385ed75d-b5f2-4976-82ca-03b327f31da0, group-1ABE1F802D80, 1, (t:0, i:0))
2021-10-21 00:13:48,170 [grpc-default-executor-2] INFO  impl.VoteContext (VoteContext.java:log(48)) - b064551b-1fe0-41a9-91d7-ea536b2590c0@group-1ABE1F802D80-FOLLOWER: accept ELECTION from 385ed75d-b5f2-4976-82ca-03b327f31da0: our priority 0 <= candidate's priority 0
2021-10-21 00:13:48,170 [grpc-default-executor-2] INFO  server.RaftServer$Division (RaftServerImpl.java:setRole(290)) - b064551b-1fe0-41a9-91d7-ea536b2590c0@group-1ABE1F802D80: changes role from  FOLLOWER to FOLLOWER at term 1 for candidate:385ed75d-b5f2-4976-82ca-03b327f31da0
2021-10-21 00:13:48,170 [grpc-default-executor-2] INFO  impl.RoleInfo (RoleInfo.java:shutdownFollowerState(108)) - b064551b-1fe0-41a9-91d7-ea536b2590c0: shutdown b064551b-1fe0-41a9-91d7-ea536b2590c0@group-1ABE1F802D80-FollowerState
2021-10-21 00:13:48,179 [pool-901-thread-1] INFO  server.RaftServerConfigKeys (ConfUtils.java:logGet(44)) - raft.server.snapshot.auto.trigger.enabled = true (custom)
2021-10-21 00:13:48,179 [pool-901-thread-1] INFO  server.RaftServerConfigKeys (ConfUtils.java:logGet(44)) - raft.server.snapshot.auto.trigger.threshold = 10000 (custom)
2021-10-21 00:13:48,179 [pool-901-thread-1] INFO  server.RaftServerConfigKeys (ConfUtils.java:logGet(44)) - raft.server.snapshot.retention.file.num = 5 (custom)
2021-10-21 00:13:48,179 [pool-901-thread-1] INFO  server.RaftServerConfigKeys (ConfUtils.java:logGet(44)) - raft.server.log.purge.upto.snapshot.index = false (default)
2021-10-21 00:13:48,179 [pool-901-thread-1] INFO  server.RaftServerConfigKeys (ConfUtils.java:logGet(44)) - raft.server.retrycache.expirytime = 600000ms (custom)
2021-10-21 00:13:48,179 [pool-901-thread-1] INFO  server.RaftServerConfigKeys (ConfUtils.java:logGet(44)) - raft.server.retrycache.statistics.expirytime = 100μs (default)
2021-10-21 00:13:48,182 [pool-901-thread-1] INFO  server.RaftServer$Division (RaftServerImpl.java:start(301)) - fe031be3-9947-46ae-8b09-98e602d9361b@group-C7CEAFB8CAA2: start as a follower, conf=-1: [fe031be3-9947-46ae-8b09-98e602d9361b|rpc:10.1.0.21:44461|priority:1], old=null
2021-10-21 00:13:48,182 [pool-901-thread-1] INFO  server.RaftServer$Division (RaftServerImpl.java:setRole(290)) - fe031be3-9947-46ae-8b09-98e602d9361b@group-C7CEAFB8CAA2: changes role from      null to FOLLOWER at term 0 for startAsFollower
2021-10-21 00:13:48,182 [pool-901-thread-1] INFO  impl.RoleInfo (RoleInfo.java:updateAndGet(130)) - fe031be3-9947-46ae-8b09-98e602d9361b: start fe031be3-9947-46ae-8b09-98e602d9361b@group-C7CEAFB8CAA2-FollowerState
2021-10-21 00:13:48,183 [pool-901-thread-1] INFO  util.JmxRegister (JmxRegister.java:tryRegister(44)) - Successfully registered JMX Bean with object name Ratis:service=RaftServer,group=group-C7CEAFB8CAA2,id=fe031be3-9947-46ae-8b09-98e602d9361b
2021-10-21 00:13:48,187 [Command processor thread] INFO  ratis.XceiverServerRatis (XceiverServerRatis.java:addGroup(768)) - Created group PipelineID=26c74c92-a0df-4910-bbcb-c7ceafb8caa2
2021-10-21 00:13:48,187 [Command processor thread] INFO  commandhandler.CreatePipelineCommandHandler (CreatePipelineCommandHandler.java:handle(106)) - Created Pipeline RATIS ONE PipelineID=26c74c92-a0df-4910-bbcb-c7ceafb8caa2.
2021-10-21 00:13:48,187 [Command processor thread] INFO  server.RaftServer (RaftServerProxy.java:addNew(95)) - fe031be3-9947-46ae-8b09-98e602d9361b: addNew group-AA76DA738849:[87f4cda0-ffb5-4aa3-ac3a-463d681607fa|rpc:10.1.0.21:43449|priority:0, fe031be3-9947-46ae-8b09-98e602d9361b|rpc:10.1.0.21:44461|priority:0, f11f8ce1-e80f-4662-ac56-049e7a4c2ce6|rpc:10.1.0.21:45621|priority:1] returns group-AA76DA738849:java.util.concurrent.CompletableFuture@12e0a8c5[Not completed]
2021-10-21 00:13:48,195 [grpc-default-executor-2] INFO  impl.RoleInfo (RoleInfo.java:updateAndGet(130)) - b064551b-1fe0-41a9-91d7-ea536b2590c0: start b064551b-1fe0-41a9-91d7-ea536b2590c0@group-1ABE1F802D80-FollowerState
2021-10-21 00:13:48,196 [pool-901-thread-1] INFO  server.RaftServer$Division (RaftServerImpl.java:<init>(184)) - fe031be3-9947-46ae-8b09-98e602d9361b: new RaftServerImpl for group-AA76DA738849:[87f4cda0-ffb5-4aa3-ac3a-463d681607fa|rpc:10.1.0.21:43449|priority:0, fe031be3-9947-46ae-8b09-98e602d9361b|rpc:10.1.0.21:44461|priority:0, f11f8ce1-e80f-4662-ac56-049e7a4c2ce6|rpc:10.1.0.21:45621|priority:1] with ContainerStateMachine:uninitialized
2021-10-21 00:13:48,196 [pool-901-thread-1] INFO  server.RaftServerConfigKeys (ConfUtils.java:logGet(44)) - raft.server.rpc.timeout.min = 5s (custom)
2021-10-21 00:13:48,196 [pool-901-thread-1] INFO  server.RaftServerConfigKeys (ConfUtils.java:logGet(44)) - raft.server.rpc.timeout.max = 5200ms (custom)
2021-10-21 00:13:48,196 [pool-901-thread-1] INFO  server.RaftServerConfigKeys (ConfUtils.java:logGet(44)) - raft.server.rpc.sleep.time = 25ms (default)
2021-10-21 00:13:48,196 [pool-901-thread-1] INFO  server.RaftServerConfigKeys (ConfUtils.java:logGet(44)) - raft.server.rpc.slowness.timeout = 300000ms (custom)
2021-10-21 00:13:48,196 [pool-901-thread-1] INFO  server.RaftServerConfigKeys (ConfUtils.java:logGet(44)) - raft.server.leaderelection.leader.step-down.wait-time = 10s (default)
2021-10-21 00:13:48,196 [pool-901-thread-1] INFO  server.RaftServerConfigKeys (ConfUtils.java:logGet(44)) - raft.server.sleep.deviation.threshold = 300ms (default)
2021-10-21 00:13:48,196 [pool-901-thread-1] INFO  server.RaftServerConfigKeys (ConfUtils.java:logGet(44)) - raft.server.log.appender.install.snapshot.enabled = false (custom)
2021-10-21 00:13:48,196 [pool-901-thread-1] INFO  server.RaftServer$Division (ServerState.java:<init>(105)) - fe031be3-9947-46ae-8b09-98e602d9361b@group-AA76DA738849: ConfigurationManager, init=-1: [87f4cda0-ffb5-4aa3-ac3a-463d681607fa|rpc:10.1.0.21:43449|priority:0, fe031be3-9947-46ae-8b09-98e602d9361b|rpc:10.1.0.21:44461|priority:0, f11f8ce1-e80f-4662-ac56-049e7a4c2ce6|rpc:10.1.0.21:45621|priority:1], old=null, confs=<EMPTY_MAP>
2021-10-21 00:13:48,196 [pool-901-thread-1] INFO  server.RaftServerConfigKeys (ConfUtils.java:logGet(44)) - raft.server.storage.dir = [/home/runner/work/ozone/ozone/hadoop-ozone/integration-test/target/test-dir/MiniOzoneClusterImpl-0ff56402-746c-4b46-aacb-40edab3b56db/datanode-6/data/ratis] (custom)
2021-10-21 00:13:48,196 [pool-901-thread-1] INFO  server.RaftServerConfigKeys (ConfUtils.java:logGet(44)) - raft.server.log.corruption.policy = EXCEPTION (default)
2021-10-21 00:13:48,196 [pool-901-thread-1] INFO  server.RaftServerConfigKeys (ConfUtils.java:logGet(44)) - raft.server.storage.free-space.min = 0MB (=0) (default)
2021-10-21 00:13:48,197 [pool-901-thread-1] INFO  storage.RaftStorageDirectory (RaftStorageDirectoryImpl.java:analyzeStorage(135)) - The storage directory /home/runner/work/ozone/ozone/hadoop-ozone/integration-test/target/test-dir/MiniOzoneClusterImpl-0ff56402-746c-4b46-aacb-40edab3b56db/datanode-6/data/ratis/9bf4a531-6e52-4877-98e4-aa76da738849 does not exist. Creating ...
2021-10-21 00:13:48,197 [grpc-default-executor-2] INFO  server.RaftServer$Division (RaftServerImpl.java:requestVote(1078)) - b064551b-1fe0-41a9-91d7-ea536b2590c0@group-1ABE1F802D80 replies to ELECTION vote request: 385ed75d-b5f2-4976-82ca-03b327f31da0<-b064551b-1fe0-41a9-91d7-ea536b2590c0#0:OK-t1. Peer's state: b064551b-1fe0-41a9-91d7-ea536b2590c0@group-1ABE1F802D80:t1, leader=null, voted=385ed75d-b5f2-4976-82ca-03b327f31da0, raftlog=b064551b-1fe0-41a9-91d7-ea536b2590c0@group-1ABE1F802D80-SegmentedRaftLog:OPENED:c-1, conf=-1: [43a8bf6a-c132-4b01-9df6-8da121d8da0e|rpc:10.1.0.21:44683|priority:1, b064551b-1fe0-41a9-91d7-ea536b2590c0|rpc:10.1.0.21:37069|priority:0, 385ed75d-b5f2-4976-82ca-03b327f31da0|rpc:10.1.0.21:43801|priority:0], old=null
2021-10-21 00:13:48,227 [b064551b-1fe0-41a9-91d7-ea536b2590c0@group-1ABE1F802D80-FollowerState] INFO  impl.FollowerState (FollowerState.java:run(143)) - b064551b-1fe0-41a9-91d7-ea536b2590c0@group-1ABE1F802D80-FollowerState was interrupted: {}
java.lang.InterruptedException: sleep interrupted
	at java.lang.Thread.sleep(Native Method)
	at java.lang.Thread.sleep(Thread.java:340)
	at java.util.concurrent.TimeUnit.sleep(TimeUnit.java:386)
	at org.apache.ratis.util.TimeDuration.sleep(TimeDuration.java:324)
	at org.apache.ratis.util.TimeDuration.sleep(TimeDuration.java:309)
	at org.apache.ratis.server.impl.FollowerState.run(FollowerState.java:118)
2021-10-21 00:13:48,227 [pool-901-thread-1] INFO  storage.RaftStorageDirectory (RaftStorageDirectoryImpl.java:tryLock(230)) - Lock on /home/runner/work/ozone/ozone/hadoop-ozone/integration-test/target/test-dir/MiniOzoneClusterImpl-0ff56402-746c-4b46-aacb-40edab3b56db/datanode-6/data/ratis/9bf4a531-6e52-4877-98e4-aa76da738849/in_use.lock acquired by nodename 6507@fv-az395-87
2021-10-21 00:13:48,229 [pool-901-thread-1] INFO  storage.RaftStorage (RaftStorageImpl.java:format(89)) - Storage directory /home/runner/work/ozone/ozone/hadoop-ozone/integration-test/target/test-dir/MiniOzoneClusterImpl-0ff56402-746c-4b46-aacb-40edab3b56db/datanode-6/data/ratis/9bf4a531-6e52-4877-98e4-aa76da738849 has been successfully formatted.
2021-10-21 00:13:48,229 [pool-901-thread-1] INFO  ratis.ContainerStateMachine (ContainerStateMachine.java:loadSnapshot(224)) - group-AA76DA738849: The snapshot info is null. Setting the last applied indexto:(t:0, i:~)
2021-10-21 00:13:48,229 [pool-901-thread-1] INFO  server.RaftServerConfigKeys (ConfUtils.java:logGet(44)) - raft.server.notification.no-leader.timeout = 300000ms (custom)
2021-10-21 00:13:48,229 [pool-901-thread-1] INFO  server.RaftServerConfigKeys (ConfUtils.java:logGet(44)) - raft.server.log.use.memory = false (default)
2021-10-21 00:13:48,229 [pool-901-thread-1] INFO  server.RaftServerConfigKeys (ConfUtils.java:logGet(44)) - raft.server.log.purge.gap = 1000000 (custom)
2021-10-21 00:13:48,230 [pool-901-thread-1] INFO  server.RaftServerConfigKeys (ConfUtils.java:logGet(44)) - raft.server.log.appender.buffer.byte-limit = 33554432 (custom)
2021-10-21 00:13:48,230 [pool-901-thread-1] INFO  server.RaftServerConfigKeys (ConfUtils.java:logGet(44)) - raft.server.log.segment.size.max = 1048576 (custom)
2021-10-21 00:13:48,230 [EventQueue-OpenPipelineForHealthyPipelineSafeModeRule] INFO  safemode.SCMSafeModeManager (HealthyPipelineSafeModeRule.java:process(124)) - SCM in safe mode. Healthy pipelines reported count is 0, required healthy pipeline reported count is 1
2021-10-21 00:13:48,229 [Datanode State Machine Thread - 0] WARN  statemachine.StateContext (StateContext.java:execute(621)) - No available thread in pool for past 1 seconds.
2021-10-21 00:13:48,231 [pool-901-thread-1] INFO  server.RaftServerConfigKeys (ConfUtils.java:logGet(44)) - raft.server.log.segment.cache.num.max = 2 (custom)
2021-10-21 00:13:48,231 [pool-901-thread-1] INFO  server.RaftServerConfigKeys (ConfUtils.java:logGet(44)) - raft.server.log.segment.cache.size.max = 200MB (=209715200) (default)
2021-10-21 00:13:48,231 [pool-901-thread-1] INFO  segmented.SegmentedRaftLogWorker (SegmentedRaftLogWorker.java:<init>(182)) - new fe031be3-9947-46ae-8b09-98e602d9361b@group-AA76DA738849-SegmentedRaftLogWorker for RaftStorageImpl:Storage Directory /home/runner/work/ozone/ozone/hadoop-ozone/integration-test/target/test-dir/MiniOzoneClusterImpl-0ff56402-746c-4b46-aacb-40edab3b56db/datanode-6/data/ratis/9bf4a531-6e52-4877-98e4-aa76da738849
2021-10-21 00:13:48,231 [pool-901-thread-1] INFO  server.RaftServerConfigKeys (ConfUtils.java:logGet(44)) - raft.server.log.queue.byte-limit = 2147483647 (custom)
2021-10-21 00:13:48,231 [pool-901-thread-1] INFO  server.RaftServerConfigKeys (ConfUtils.java:logGet(44)) - raft.server.log.queue.element-limit = 1024 (custom)
2021-10-21 00:13:48,231 [pool-901-thread-1] INFO  server.RaftServerConfigKeys (ConfUtils.java:logGet(44)) - raft.server.log.segment.size.max = 1048576 (custom)
2021-10-21 00:13:48,231 [pool-901-thread-1] INFO  server.RaftServerConfigKeys (ConfUtils.java:logGet(44)) - raft.server.log.preallocated.size = 16384 (custom)
2021-10-21 00:13:48,234 [pool-901-thread-1] INFO  server.RaftServerConfigKeys (ConfUtils.java:logGet(44)) - raft.server.log.force.sync.num = 128 (default)
2021-10-21 00:13:48,234 [pool-901-thread-1] INFO  server.RaftServerConfigKeys (ConfUtils.java:logGet(44)) - raft.server.log.statemachine.data.sync = true (default)
2021-10-21 00:13:48,234 [pool-901-thread-1] INFO  server.RaftServerConfigKeys (ConfUtils.java:logGet(44)) - raft.server.log.statemachine.data.sync.timeout = 10s (default)
2021-10-21 00:13:48,234 [pool-901-thread-1] INFO  server.RaftServerConfigKeys (ConfUtils.java:logGet(44)) - raft.server.log.statemachine.data.sync.timeout.retry = -1 (default)
2021-10-21 00:13:48,235 [pool-901-thread-1] INFO  server.RaftServerConfigKeys (ConfUtils.java:logGet(44)) - raft.server.log.write.buffer.size = 1048576 (custom)
2021-10-21 00:13:48,265 [pool-901-thread-1] INFO  server.RaftServerConfigKeys (ConfUtils.java:logGet(44)) - raft.server.log.statemachine.data.caching.enabled = true (custom)
2021-10-21 00:13:48,274 [pool-901-thread-1] INFO  segmented.SegmentedRaftLogWorker (SegmentedRaftLogWorker.java:lambda$new$0(133)) - fe031be3-9947-46ae-8b09-98e602d9361b@group-AA76DA738849-SegmentedRaftLogWorker: flushIndex: setUnconditionally 0 -> -1
2021-10-21 00:13:48,274 [pool-901-thread-1] INFO  segmented.SegmentedRaftLogWorker (SegmentedRaftLogWorker.java:lambda$new$0(133)) - fe031be3-9947-46ae-8b09-98e602d9361b@group-AA76DA738849-SegmentedRaftLogWorker: safeCacheEvictIndex: setUnconditionally 0 -> -1
2021-10-21 00:13:48,277 [pool-901-thread-1] INFO  server.RaftServerConfigKeys (ConfUtils.java:logGet(44)) - raft.server.snapshot.auto.trigger.enabled = true (custom)
2021-10-21 00:13:48,277 [pool-901-thread-1] INFO  server.RaftServerConfigKeys (ConfUtils.java:logGet(44)) - raft.server.snapshot.auto.trigger.threshold = 10000 (custom)
2021-10-21 00:13:48,278 [pool-901-thread-1] INFO  server.RaftServerConfigKeys (ConfUtils.java:logGet(44)) - raft.server.snapshot.retention.file.num = 5 (custom)
2021-10-21 00:13:48,278 [pool-901-thread-1] INFO  server.RaftServerConfigKeys (ConfUtils.java:logGet(44)) - raft.server.log.purge.upto.snapshot.index = false (default)
2021-10-21 00:13:48,278 [pool-901-thread-1] INFO  server.RaftServerConfigKeys (ConfUtils.java:logGet(44)) - raft.server.retrycache.expirytime = 600000ms (custom)
2021-10-21 00:13:48,278 [pool-901-thread-1] INFO  server.RaftServerConfigKeys (ConfUtils.java:logGet(44)) - raft.server.retrycache.statistics.expirytime = 100μs (default)
2021-10-21 00:13:48,282 [pool-901-thread-1] INFO  server.RaftServer$Division (RaftServerImpl.java:start(301)) - fe031be3-9947-46ae-8b09-98e602d9361b@group-AA76DA738849: start as a follower, conf=-1: [87f4cda0-ffb5-4aa3-ac3a-463d681607fa|rpc:10.1.0.21:43449|priority:0, fe031be3-9947-46ae-8b09-98e602d9361b|rpc:10.1.0.21:44461|priority:0, f11f8ce1-e80f-4662-ac56-049e7a4c2ce6|rpc:10.1.0.21:45621|priority:1], old=null
2021-10-21 00:13:48,287 [pool-901-thread-1] INFO  server.RaftServer$Division (RaftServerImpl.java:setRole(290)) - fe031be3-9947-46ae-8b09-98e602d9361b@group-AA76DA738849: changes role from      null to FOLLOWER at term 0 for startAsFollower
2021-10-21 00:13:48,287 [pool-901-thread-1] INFO  impl.RoleInfo (RoleInfo.java:updateAndGet(130)) - fe031be3-9947-46ae-8b09-98e602d9361b: start fe031be3-9947-46ae-8b09-98e602d9361b@group-AA76DA738849-FollowerState
2021-10-21 00:13:48,303 [pool-901-thread-1] INFO  util.JmxRegister (JmxRegister.java:tryRegister(44)) - Successfully registered JMX Bean with object name Ratis:service=RaftServer,group=group-AA76DA738849,id=fe031be3-9947-46ae-8b09-98e602d9361b
2021-10-21 00:13:48,304 [Command processor thread] INFO  ratis.XceiverServerRatis (XceiverServerRatis.java:addGroup(768)) - Created group PipelineID=9bf4a531-6e52-4877-98e4-aa76da738849
2021-10-21 00:13:48,377 [grpc-default-executor-2] INFO  server.RaftServer (RaftServerProxy.java:addNew(95)) - f11f8ce1-e80f-4662-ac56-049e7a4c2ce6: addNew group-AA76DA738849:[87f4cda0-ffb5-4aa3-ac3a-463d681607fa|rpc:10.1.0.21:43449|dataStream:|priority:0, fe031be3-9947-46ae-8b09-98e602d9361b|rpc:10.1.0.21:44461|dataStream:|priority:0, f11f8ce1-e80f-4662-ac56-049e7a4c2ce6|rpc:10.1.0.21:45621|dataStream:|priority:1] returns group-AA76DA738849:java.util.concurrent.CompletableFuture@4e2bac2c[Not completed]
2021-10-21 00:13:48,397 [pool-940-thread-1] INFO  server.RaftServer$Division (RaftServerImpl.java:<init>(184)) - f11f8ce1-e80f-4662-ac56-049e7a4c2ce6: new RaftServerImpl for group-AA76DA738849:[87f4cda0-ffb5-4aa3-ac3a-463d681607fa|rpc:10.1.0.21:43449|dataStream:|priority:0, fe031be3-9947-46ae-8b09-98e602d9361b|rpc:10.1.0.21:44461|dataStream:|priority:0, f11f8ce1-e80f-4662-ac56-049e7a4c2ce6|rpc:10.1.0.21:45621|dataStream:|priority:1] with ContainerStateMachine:uninitialized
2021-10-21 00:13:48,459 [pool-940-thread-1] INFO  server.RaftServerConfigKeys (ConfUtils.java:logGet(44)) - raft.server.rpc.timeout.min = 5s (custom)
2021-10-21 00:13:48,459 [pool-940-thread-1] INFO  server.RaftServerConfigKeys (ConfUtils.java:logGet(44)) - raft.server.rpc.timeout.max = 5200ms (custom)
2021-10-21 00:13:48,459 [pool-940-thread-1] INFO  server.RaftServerConfigKeys (ConfUtils.java:logGet(44)) - raft.server.rpc.sleep.time = 25ms (default)
2021-10-21 00:13:48,459 [pool-940-thread-1] INFO  server.RaftServerConfigKeys (ConfUtils.java:logGet(44)) - raft.server.rpc.slowness.timeout = 300000ms (custom)
2021-10-21 00:13:48,459 [pool-940-thread-1] INFO  server.RaftServerConfigKeys (ConfUtils.java:logGet(44)) - raft.server.leaderelection.leader.step-down.wait-time = 10s (default)
2021-10-21 00:13:48,459 [pool-940-thread-1] INFO  server.RaftServerConfigKeys (ConfUtils.java:logGet(44)) - raft.server.sleep.deviation.threshold = 300ms (default)
2021-10-21 00:13:48,460 [pool-940-thread-1] INFO  server.RaftServerConfigKeys (ConfUtils.java:logGet(44)) - raft.server.log.appender.install.snapshot.enabled = false (custom)
2021-10-21 00:13:48,460 [pool-940-thread-1] INFO  server.RaftServer$Division (ServerState.java:<init>(105)) - f11f8ce1-e80f-4662-ac56-049e7a4c2ce6@group-AA76DA738849: ConfigurationManager, init=-1: [87f4cda0-ffb5-4aa3-ac3a-463d681607fa|rpc:10.1.0.21:43449|dataStream:|priority:0, fe031be3-9947-46ae-8b09-98e602d9361b|rpc:10.1.0.21:44461|dataStream:|priority:0, f11f8ce1-e80f-4662-ac56-049e7a4c2ce6|rpc:10.1.0.21:45621|dataStream:|priority:1], old=null, confs=<EMPTY_MAP>
2021-10-21 00:13:48,460 [pool-940-thread-1] INFO  server.RaftServerConfigKeys (ConfUtils.java:logGet(44)) - raft.server.storage.dir = [/home/runner/work/ozone/ozone/hadoop-ozone/integration-test/target/test-dir/MiniOzoneClusterImpl-0ff56402-746c-4b46-aacb-40edab3b56db/datanode-8/data/ratis] (custom)
2021-10-21 00:13:48,460 [pool-940-thread-1] INFO  server.RaftServerConfigKeys (ConfUtils.java:logGet(44)) - raft.server.log.corruption.policy = EXCEPTION (default)
2021-10-21 00:13:48,460 [pool-940-thread-1] INFO  server.RaftServerConfigKeys (ConfUtils.java:logGet(44)) - raft.server.storage.free-space.min = 0MB (=0) (default)
2021-10-21 00:13:48,460 [pool-940-thread-1] INFO  storage.RaftStorageDirectory (RaftStorageDirectoryImpl.java:analyzeStorage(135)) - The storage directory /home/runner/work/ozone/ozone/hadoop-ozone/integration-test/target/test-dir/MiniOzoneClusterImpl-0ff56402-746c-4b46-aacb-40edab3b56db/datanode-8/data/ratis/9bf4a531-6e52-4877-98e4-aa76da738849 does not exist. Creating ...
2021-10-21 00:13:48,466 [Listener at 127.0.0.1/34193] INFO  ozone.MiniOzoneClusterImpl (MiniOzoneClusterImpl.java:lambda$waitForClusterToBeReady$0(235)) - Nodes are ready. Got 9 of 9 DN Heartbeats.
2021-10-21 00:13:48,466 [Listener at 127.0.0.1/34193] INFO  ozone.MiniOzoneClusterImpl (MiniOzoneClusterImpl.java:lambda$waitForClusterToBeReady$0(238)) - Waiting for cluster to exit safe mode
2021-10-21 00:13:48,466 [Listener at 127.0.0.1/34193] INFO  ozone.MiniOzoneClusterImpl (MiniOzoneClusterImpl.java:lambda$waitForClusterToBeReady$0(240)) - SCM became leader
2021-10-21 00:13:48,468 [pool-940-thread-1] INFO  storage.RaftStorageDirectory (RaftStorageDirectoryImpl.java:tryLock(230)) - Lock on /home/runner/work/ozone/ozone/hadoop-ozone/integration-test/target/test-dir/MiniOzoneClusterImpl-0ff56402-746c-4b46-aacb-40edab3b56db/datanode-8/data/ratis/9bf4a531-6e52-4877-98e4-aa76da738849/in_use.lock acquired by nodename 6507@fv-az395-87
2021-10-21 00:13:48,469 [pool-940-thread-1] INFO  storage.RaftStorage (RaftStorageImpl.java:format(89)) - Storage directory /home/runner/work/ozone/ozone/hadoop-ozone/integration-test/target/test-dir/MiniOzoneClusterImpl-0ff56402-746c-4b46-aacb-40edab3b56db/datanode-8/data/ratis/9bf4a531-6e52-4877-98e4-aa76da738849 has been successfully formatted.
2021-10-21 00:13:48,469 [Datanode State Machine Thread - 0] WARN  statemachine.StateContext (StateContext.java:execute(621)) - No available thread in pool for past 1 seconds.
2021-10-21 00:13:48,486 [Command processor thread] INFO  server.RaftServer (RaftServerProxy.java:addNew(95)) - f11f8ce1-e80f-4662-ac56-049e7a4c2ce6: addNew group-D6916FB3083E:[f11f8ce1-e80f-4662-ac56-049e7a4c2ce6|rpc:10.1.0.21:45621|priority:1] returns group-D6916FB3083E:java.util.concurrent.CompletableFuture@21a06c2b[Not completed]
2021-10-21 00:13:48,501 [pool-940-thread-1] INFO  ratis.ContainerStateMachine (ContainerStateMachine.java:loadSnapshot(224)) - group-AA76DA738849: The snapshot info is null. Setting the last applied indexto:(t:0, i:~)
2021-10-21 00:13:48,501 [pool-940-thread-1] INFO  server.RaftServerConfigKeys (ConfUtils.java:logGet(44)) - raft.server.notification.no-leader.timeout = 300000ms (custom)
2021-10-21 00:13:48,501 [pool-940-thread-1] INFO  server.RaftServerConfigKeys (ConfUtils.java:logGet(44)) - raft.server.log.use.memory = false (default)
2021-10-21 00:13:48,501 [pool-940-thread-1] INFO  server.RaftServerConfigKeys (ConfUtils.java:logGet(44)) - raft.server.log.purge.gap = 1000000 (custom)
2021-10-21 00:13:48,501 [pool-940-thread-1] INFO  server.RaftServerConfigKeys (ConfUtils.java:logGet(44)) - raft.server.log.appender.buffer.byte-limit = 33554432 (custom)
2021-10-21 00:13:48,501 [pool-940-thread-1] INFO  server.RaftServerConfigKeys (ConfUtils.java:logGet(44)) - raft.server.log.segment.size.max = 1048576 (custom)
2021-10-21 00:13:48,502 [pool-940-thread-1] INFO  server.RaftServerConfigKeys (ConfUtils.java:logGet(44)) - raft.server.log.segment.cache.num.max = 2 (custom)
2021-10-21 00:13:48,502 [pool-940-thread-1] INFO  server.RaftServerConfigKeys (ConfUtils.java:logGet(44)) - raft.server.log.segment.cache.size.max = 200MB (=209715200) (default)
2021-10-21 00:13:48,502 [pool-940-thread-1] INFO  segmented.SegmentedRaftLogWorker (SegmentedRaftLogWorker.java:<init>(182)) - new f11f8ce1-e80f-4662-ac56-049e7a4c2ce6@group-AA76DA738849-SegmentedRaftLogWorker for RaftStorageImpl:Storage Directory /home/runner/work/ozone/ozone/hadoop-ozone/integration-test/target/test-dir/MiniOzoneClusterImpl-0ff56402-746c-4b46-aacb-40edab3b56db/datanode-8/data/ratis/9bf4a531-6e52-4877-98e4-aa76da738849
2021-10-21 00:13:48,502 [pool-940-thread-1] INFO  server.RaftServerConfigKeys (ConfUtils.java:logGet(44)) - raft.server.log.queue.byte-limit = 2147483647 (custom)
2021-10-21 00:13:48,502 [pool-940-thread-1] INFO  server.RaftServerConfigKeys (ConfUtils.java:logGet(44)) - raft.server.log.queue.element-limit = 1024 (custom)
2021-10-21 00:13:48,502 [pool-940-thread-1] INFO  server.RaftServerConfigKeys (ConfUtils.java:logGet(44)) - raft.server.log.segment.size.max = 1048576 (custom)
2021-10-21 00:13:48,502 [pool-940-thread-1] INFO  server.RaftServerConfigKeys (ConfUtils.java:logGet(44)) - raft.server.log.preallocated.size = 16384 (custom)
2021-10-21 00:13:48,502 [pool-940-thread-1] INFO  server.RaftServerConfigKeys (ConfUtils.java:logGet(44)) - raft.server.log.force.sync.num = 128 (default)
2021-10-21 00:13:48,502 [pool-940-thread-1] INFO  server.RaftServerConfigKeys (ConfUtils.java:logGet(44)) - raft.server.log.statemachine.data.sync = true (default)
2021-10-21 00:13:48,503 [pool-940-thread-1] INFO  server.RaftServerConfigKeys (ConfUtils.java:logGet(44)) - raft.server.log.statemachine.data.sync.timeout = 10s (default)
2021-10-21 00:13:48,503 [pool-940-thread-1] INFO  server.RaftServerConfigKeys (ConfUtils.java:logGet(44)) - raft.server.log.statemachine.data.sync.timeout.retry = -1 (default)
2021-10-21 00:13:48,505 [pool-940-thread-1] INFO  server.RaftServerConfigKeys (ConfUtils.java:logGet(44)) - raft.server.log.write.buffer.size = 1048576 (custom)
2021-10-21 00:13:48,505 [pool-940-thread-1] INFO  server.RaftServerConfigKeys (ConfUtils.java:logGet(44)) - raft.server.log.statemachine.data.caching.enabled = true (custom)
2021-10-21 00:13:48,505 [pool-940-thread-1] INFO  segmented.SegmentedRaftLogWorker (SegmentedRaftLogWorker.java:lambda$new$0(133)) - f11f8ce1-e80f-4662-ac56-049e7a4c2ce6@group-AA76DA738849-SegmentedRaftLogWorker: flushIndex: setUnconditionally 0 -> -1
2021-10-21 00:13:48,506 [pool-940-thread-1] INFO  segmented.SegmentedRaftLogWorker (SegmentedRaftLogWorker.java:lambda$new$0(133)) - f11f8ce1-e80f-4662-ac56-049e7a4c2ce6@group-AA76DA738849-SegmentedRaftLogWorker: safeCacheEvictIndex: setUnconditionally 0 -> -1
2021-10-21 00:13:48,511 [pool-940-thread-1] INFO  server.RaftServerConfigKeys (ConfUtils.java:logGet(44)) - raft.server.snapshot.auto.trigger.enabled = true (custom)
2021-10-21 00:13:48,512 [pool-940-thread-1] INFO  server.RaftServerConfigKeys (ConfUtils.java:logGet(44)) - raft.server.snapshot.auto.trigger.threshold = 10000 (custom)
2021-10-21 00:13:48,512 [pool-940-thread-1] INFO  server.RaftServerConfigKeys (ConfUtils.java:logGet(44)) - raft.server.snapshot.retention.file.num = 5 (custom)
2021-10-21 00:13:48,512 [pool-940-thread-1] INFO  server.RaftServerConfigKeys (ConfUtils.java:logGet(44)) - raft.server.log.purge.upto.snapshot.index = false (default)
2021-10-21 00:13:48,513 [pool-940-thread-1] INFO  server.RaftServerConfigKeys (ConfUtils.java:logGet(44)) - raft.server.retrycache.expirytime = 600000ms (custom)
2021-10-21 00:13:48,513 [pool-940-thread-1] INFO  server.RaftServerConfigKeys (ConfUtils.java:logGet(44)) - raft.server.retrycache.statistics.expirytime = 100μs (default)
2021-10-21 00:13:48,516 [pool-940-thread-1] INFO  server.RaftServer$Division (RaftServerImpl.java:<init>(184)) - f11f8ce1-e80f-4662-ac56-049e7a4c2ce6: new RaftServerImpl for group-D6916FB3083E:[f11f8ce1-e80f-4662-ac56-049e7a4c2ce6|rpc:10.1.0.21:45621|priority:1] with ContainerStateMachine:uninitialized
2021-10-21 00:13:48,516 [pool-940-thread-1] INFO  server.RaftServerConfigKeys (ConfUtils.java:logGet(44)) - raft.server.rpc.timeout.min = 5s (custom)
2021-10-21 00:13:48,516 [pool-940-thread-1] INFO  server.RaftServerConfigKeys (ConfUtils.java:logGet(44)) - raft.server.rpc.timeout.max = 5200ms (custom)
2021-10-21 00:13:48,516 [pool-940-thread-1] INFO  server.RaftServerConfigKeys (ConfUtils.java:logGet(44)) - raft.server.rpc.sleep.time = 25ms (default)
2021-10-21 00:13:48,516 [pool-940-thread-1] INFO  server.RaftServerConfigKeys (ConfUtils.java:logGet(44)) - raft.server.rpc.slowness.timeout = 300000ms (custom)
2021-10-21 00:13:48,516 [pool-940-thread-1] INFO  server.RaftServerConfigKeys (ConfUtils.java:logGet(44)) - raft.server.leaderelection.leader.step-down.wait-time = 10s (default)
2021-10-21 00:13:48,516 [pool-940-thread-1] INFO  server.RaftServerConfigKeys (ConfUtils.java:logGet(44)) - raft.server.sleep.deviation.threshold = 300ms (default)
2021-10-21 00:13:48,516 [pool-940-thread-1] INFO  server.RaftServerConfigKeys (ConfUtils.java:logGet(44)) - raft.server.log.appender.install.snapshot.enabled = false (custom)
2021-10-21 00:13:48,516 [pool-940-thread-1] INFO  server.RaftServer$Division (ServerState.java:<init>(105)) - f11f8ce1-e80f-4662-ac56-049e7a4c2ce6@group-D6916FB3083E: ConfigurationManager, init=-1: [f11f8ce1-e80f-4662-ac56-049e7a4c2ce6|rpc:10.1.0.21:45621|priority:1], old=null, confs=<EMPTY_MAP>
2021-10-21 00:13:48,516 [pool-940-thread-1] INFO  server.RaftServerConfigKeys (ConfUtils.java:logGet(44)) - raft.server.storage.dir = [/home/runner/work/ozone/ozone/hadoop-ozone/integration-test/target/test-dir/MiniOzoneClusterImpl-0ff56402-746c-4b46-aacb-40edab3b56db/datanode-8/data/ratis] (custom)
2021-10-21 00:13:48,516 [pool-940-thread-1] INFO  server.RaftServerConfigKeys (ConfUtils.java:logGet(44)) - raft.server.log.corruption.policy = EXCEPTION (default)
2021-10-21 00:13:48,517 [pool-940-thread-1] INFO  server.RaftServerConfigKeys (ConfUtils.java:logGet(44)) - raft.server.storage.free-space.min = 0MB (=0) (default)
2021-10-21 00:13:48,517 [pool-940-thread-1] INFO  storage.RaftStorageDirectory (RaftStorageDirectoryImpl.java:analyzeStorage(135)) - The storage directory /home/runner/work/ozone/ozone/hadoop-ozone/integration-test/target/test-dir/MiniOzoneClusterImpl-0ff56402-746c-4b46-aacb-40edab3b56db/datanode-8/data/ratis/4c4d5025-b462-476c-9441-d6916fb3083e does not exist. Creating ...
2021-10-21 00:13:48,519 [pool-940-thread-1] INFO  storage.RaftStorageDirectory (RaftStorageDirectoryImpl.java:tryLock(230)) - Lock on /home/runner/work/ozone/ozone/hadoop-ozone/integration-test/target/test-dir/MiniOzoneClusterImpl-0ff56402-746c-4b46-aacb-40edab3b56db/datanode-8/data/ratis/4c4d5025-b462-476c-9441-d6916fb3083e/in_use.lock acquired by nodename 6507@fv-az395-87
2021-10-21 00:13:48,522 [pool-940-thread-1] INFO  storage.RaftStorage (RaftStorageImpl.java:format(89)) - Storage directory /home/runner/work/ozone/ozone/hadoop-ozone/integration-test/target/test-dir/MiniOzoneClusterImpl-0ff56402-746c-4b46-aacb-40edab3b56db/datanode-8/data/ratis/4c4d5025-b462-476c-9441-d6916fb3083e has been successfully formatted.
2021-10-21 00:13:48,522 [Datanode State Machine Thread - 0] WARN  statemachine.StateContext (StateContext.java:execute(621)) - No available thread in pool for past 1 seconds.
2021-10-21 00:13:48,523 [pool-940-thread-1] INFO  ratis.ContainerStateMachine (ContainerStateMachine.java:loadSnapshot(224)) - group-D6916FB3083E: The snapshot info is null. Setting the last applied indexto:(t:0, i:~)
2021-10-21 00:13:48,523 [EventQueue-PipelineReportForPipelineReportHandler] INFO  pipeline.PipelineManagerImpl (PipelineManagerImpl.java:openPipeline(282)) - Pipeline Pipeline[ Id: 4c4d5025-b462-476c-9441-d6916fb3083e, Nodes: f11f8ce1-e80f-4662-ac56-049e7a4c2ce6{ip: 10.1.0.21, host: fv-az395-87.zfmzfyrfkyou3ow0tsr0jxwq1e.bx.internal.cloudapp.net, ports: [REPLICATION=42417, RATIS=45621, RATIS_ADMIN=45621, RATIS_SERVER=45621, STANDALONE=45893], networkLocation: /default-rack, certSerialId: null, persistedOpState: IN_SERVICE, persistedOpStateExpiryEpochSec: 0}, ReplicationConfig: RATIS/ONE, State:ALLOCATED, leaderId:f11f8ce1-e80f-4662-ac56-049e7a4c2ce6, CreationTimestamp2021-10-21T00:13:47.542Z[Etc/UTC]] moved to OPEN state
2021-10-21 00:13:48,532 [EventQueue-OpenPipelineForHealthyPipelineSafeModeRule] INFO  safemode.SCMSafeModeManager (HealthyPipelineSafeModeRule.java:process(124)) - SCM in safe mode. Healthy pipelines reported count is 0, required healthy pipeline reported count is 1
2021-10-21 00:13:48,533 [pool-940-thread-1] INFO  server.RaftServerConfigKeys (ConfUtils.java:logGet(44)) - raft.server.notification.no-leader.timeout = 300000ms (custom)
2021-10-21 00:13:48,533 [pool-940-thread-1] INFO  server.RaftServerConfigKeys (ConfUtils.java:logGet(44)) - raft.server.log.use.memory = false (default)
2021-10-21 00:13:48,533 [pool-940-thread-1] INFO  server.RaftServerConfigKeys (ConfUtils.java:logGet(44)) - raft.server.log.purge.gap = 1000000 (custom)
2021-10-21 00:13:48,533 [pool-940-thread-1] INFO  server.RaftServerConfigKeys (ConfUtils.java:logGet(44)) - raft.server.log.appender.buffer.byte-limit = 33554432 (custom)
2021-10-21 00:13:48,533 [pool-940-thread-1] INFO  server.RaftServerConfigKeys (ConfUtils.java:logGet(44)) - raft.server.log.segment.size.max = 1048576 (custom)
2021-10-21 00:13:48,534 [pool-940-thread-1] INFO  server.RaftServerConfigKeys (ConfUtils.java:logGet(44)) - raft.server.log.segment.cache.num.max = 2 (custom)
2021-10-21 00:13:48,534 [pool-940-thread-1] INFO  server.RaftServerConfigKeys (ConfUtils.java:logGet(44)) - raft.server.log.segment.cache.size.max = 200MB (=209715200) (default)
2021-10-21 00:13:48,534 [pool-940-thread-1] INFO  segmented.SegmentedRaftLogWorker (SegmentedRaftLogWorker.java:<init>(182)) - new f11f8ce1-e80f-4662-ac56-049e7a4c2ce6@group-D6916FB3083E-SegmentedRaftLogWorker for RaftStorageImpl:Storage Directory /home/runner/work/ozone/ozone/hadoop-ozone/integration-test/target/test-dir/MiniOzoneClusterImpl-0ff56402-746c-4b46-aacb-40edab3b56db/datanode-8/data/ratis/4c4d5025-b462-476c-9441-d6916fb3083e
2021-10-21 00:13:48,544 [pool-940-thread-1] INFO  server.RaftServerConfigKeys (ConfUtils.java:logGet(44)) - raft.server.log.queue.byte-limit = 2147483647 (custom)
2021-10-21 00:13:48,544 [pool-940-thread-1] INFO  server.RaftServerConfigKeys (ConfUtils.java:logGet(44)) - raft.server.log.queue.element-limit = 1024 (custom)
2021-10-21 00:13:48,544 [pool-940-thread-1] INFO  server.RaftServerConfigKeys (ConfUtils.java:logGet(44)) - raft.server.log.segment.size.max = 1048576 (custom)
2021-10-21 00:13:48,544 [pool-940-thread-1] INFO  server.RaftServerConfigKeys (ConfUtils.java:logGet(44)) - raft.server.log.preallocated.size = 16384 (custom)
2021-10-21 00:13:48,547 [pool-940-thread-1] INFO  server.RaftServerConfigKeys (ConfUtils.java:logGet(44)) - raft.server.log.force.sync.num = 128 (default)
2021-10-21 00:13:48,547 [pool-940-thread-1] INFO  server.RaftServerConfigKeys (ConfUtils.java:logGet(44)) - raft.server.log.statemachine.data.sync = true (default)
2021-10-21 00:13:48,547 [pool-940-thread-1] INFO  server.RaftServerConfigKeys (ConfUtils.java:logGet(44)) - raft.server.log.statemachine.data.sync.timeout = 10s (default)
2021-10-21 00:13:48,547 [pool-940-thread-1] INFO  server.RaftServerConfigKeys (ConfUtils.java:logGet(44)) - raft.server.log.statemachine.data.sync.timeout.retry = -1 (default)
2021-10-21 00:13:48,548 [b064551b-1fe0-41a9-91d7-ea536b2590c0@group-0EF0EE8E8444-FollowerState] INFO  impl.FollowerState (FollowerState.java:run(134)) - b064551b-1fe0-41a9-91d7-ea536b2590c0@group-0EF0EE8E8444-FollowerState: change to CANDIDATE, lastRpcElapsedTime:5162337023ns, electionTimeout:5156ms
2021-10-21 00:13:48,548 [b064551b-1fe0-41a9-91d7-ea536b2590c0@group-0EF0EE8E8444-FollowerState] INFO  impl.RoleInfo (RoleInfo.java:shutdownFollowerState(108)) - b064551b-1fe0-41a9-91d7-ea536b2590c0: shutdown b064551b-1fe0-41a9-91d7-ea536b2590c0@group-0EF0EE8E8444-FollowerState
2021-10-21 00:13:48,548 [b064551b-1fe0-41a9-91d7-ea536b2590c0@group-0EF0EE8E8444-FollowerState] INFO  server.RaftServer$Division (RaftServerImpl.java:setRole(290)) - b064551b-1fe0-41a9-91d7-ea536b2590c0@group-0EF0EE8E8444: changes role from  FOLLOWER to CANDIDATE at term 0 for changeToCandidate
2021-10-21 00:13:48,551 [b064551b-1fe0-41a9-91d7-ea536b2590c0@group-0EF0EE8E8444-FollowerState] INFO  server.RaftServerConfigKeys (ConfUtils.java:logGet(44)) - raft.server.leaderelection.pre-vote = false (custom)
2021-10-21 00:13:48,551 [b064551b-1fe0-41a9-91d7-ea536b2590c0@group-0EF0EE8E8444-FollowerState] INFO  impl.RoleInfo (RoleInfo.java:updateAndGet(130)) - b064551b-1fe0-41a9-91d7-ea536b2590c0: start b064551b-1fe0-41a9-91d7-ea536b2590c0@group-0EF0EE8E8444-LeaderElection91
2021-10-21 00:13:48,586 [pool-940-thread-1] INFO  server.RaftServerConfigKeys (ConfUtils.java:logGet(44)) - raft.server.log.write.buffer.size = 1048576 (custom)
2021-10-21 00:13:48,587 [pool-940-thread-1] INFO  server.RaftServerConfigKeys (ConfUtils.java:logGet(44)) - raft.server.log.statemachine.data.caching.enabled = true (custom)
2021-10-21 00:13:48,587 [pool-940-thread-1] INFO  segmented.SegmentedRaftLogWorker (SegmentedRaftLogWorker.java:lambda$new$0(133)) - f11f8ce1-e80f-4662-ac56-049e7a4c2ce6@group-D6916FB3083E-SegmentedRaftLogWorker: flushIndex: setUnconditionally 0 -> -1
2021-10-21 00:13:48,588 [pool-940-thread-1] INFO  segmented.SegmentedRaftLogWorker (SegmentedRaftLogWorker.java:lambda$new$0(133)) - f11f8ce1-e80f-4662-ac56-049e7a4c2ce6@group-D6916FB3083E-SegmentedRaftLogWorker: safeCacheEvictIndex: setUnconditionally 0 -> -1
2021-10-21 00:13:48,588 [b064551b-1fe0-41a9-91d7-ea536b2590c0@group-0EF0EE8E8444-LeaderElection91] INFO  impl.LeaderElection (LeaderElection.java:askForVotes(306)) - b064551b-1fe0-41a9-91d7-ea536b2590c0@group-0EF0EE8E8444-LeaderElection91 ELECTION round 0: submit vote requests at term 1 for -1: [b064551b-1fe0-41a9-91d7-ea536b2590c0|rpc:10.1.0.21:37069|priority:1], old=null
2021-10-21 00:13:48,589 [b064551b-1fe0-41a9-91d7-ea536b2590c0@group-0EF0EE8E8444-LeaderElection91] INFO  impl.LeaderElection (LeaderElection.java:askForVotes(308)) - b064551b-1fe0-41a9-91d7-ea536b2590c0@group-0EF0EE8E8444-LeaderElection91 ELECTION round 0: result PASSED (term=1)
2021-10-21 00:13:48,589 [b064551b-1fe0-41a9-91d7-ea536b2590c0@group-0EF0EE8E8444-LeaderElection91] INFO  impl.RoleInfo (RoleInfo.java:shutdownLeaderElection(121)) - b064551b-1fe0-41a9-91d7-ea536b2590c0: shutdown b064551b-1fe0-41a9-91d7-ea536b2590c0@group-0EF0EE8E8444-LeaderElection91
2021-10-21 00:13:48,589 [b064551b-1fe0-41a9-91d7-ea536b2590c0@group-0EF0EE8E8444-LeaderElection91] INFO  server.RaftServer$Division (RaftServerImpl.java:setRole(290)) - b064551b-1fe0-41a9-91d7-ea536b2590c0@group-0EF0EE8E8444: changes role from CANDIDATE to LEADER at term 1 for changeToLeader
2021-10-21 00:13:48,589 [b064551b-1fe0-41a9-91d7-ea536b2590c0@group-0EF0EE8E8444-LeaderElection91] INFO  ratis.XceiverServerRatis (XceiverServerRatis.java:handleLeaderChangedNotification(866)) - Leader change notification received for group: group-0EF0EE8E8444 with new leaderId: b064551b-1fe0-41a9-91d7-ea536b2590c0
2021-10-21 00:13:48,589 [pool-940-thread-1] INFO  server.RaftServerConfigKeys (ConfUtils.java:logGet(44)) - raft.server.snapshot.auto.trigger.enabled = true (custom)
2021-10-21 00:13:48,589 [pool-940-thread-1] INFO  server.RaftServerConfigKeys (ConfUtils.java:logGet(44)) - raft.server.snapshot.auto.trigger.threshold = 10000 (custom)
2021-10-21 00:13:48,589 [pool-940-thread-1] INFO  server.RaftServerConfigKeys (ConfUtils.java:logGet(44)) - raft.server.snapshot.retention.file.num = 5 (custom)
2021-10-21 00:13:48,589 [pool-940-thread-1] INFO  server.RaftServerConfigKeys (ConfUtils.java:logGet(44)) - raft.server.log.purge.upto.snapshot.index = false (default)
2021-10-21 00:13:48,589 [pool-940-thread-1] INFO  server.RaftServerConfigKeys (ConfUtils.java:logGet(44)) - raft.server.retrycache.expirytime = 600000ms (custom)
2021-10-21 00:13:48,589 [pool-940-thread-1] INFO  server.RaftServerConfigKeys (ConfUtils.java:logGet(44)) - raft.server.retrycache.statistics.expirytime = 100μs (default)
2021-10-21 00:13:48,591 [b064551b-1fe0-41a9-91d7-ea536b2590c0@group-0EF0EE8E8444-LeaderElection91] INFO  server.RaftServer$Division (ServerState.java:setLeader(285)) - b064551b-1fe0-41a9-91d7-ea536b2590c0@group-0EF0EE8E8444: change Leader from null to b064551b-1fe0-41a9-91d7-ea536b2590c0 at term 1 for becomeLeader, leader elected after 5317ms
2021-10-21 00:13:48,591 [b064551b-1fe0-41a9-91d7-ea536b2590c0@group-0EF0EE8E8444-LeaderElection91] INFO  server.RaftServerConfigKeys (ConfUtils.java:logGet(44)) - raft.server.staging.catchup.gap = 1000 (default)
2021-10-21 00:13:48,591 [b064551b-1fe0-41a9-91d7-ea536b2590c0@group-0EF0EE8E8444-LeaderElection91] INFO  server.RaftServerConfigKeys (ConfUtils.java:logGet(44)) - raft.server.write.element-limit = 1024 (custom)
2021-10-21 00:13:48,591 [b064551b-1fe0-41a9-91d7-ea536b2590c0@group-0EF0EE8E8444-LeaderElection91] INFO  server.RaftServerConfigKeys (ConfUtils.java:logGet(44)) - raft.server.write.byte-limit = 1024 M (=1073741824) (custom)
2021-10-21 00:13:48,592 [b064551b-1fe0-41a9-91d7-ea536b2590c0@group-0EF0EE8E8444-LeaderElection91] INFO  server.RaftServerConfigKeys (ConfUtils.java:logGet(44)) - raft.server.watch.timeout = 3000ms (custom)
2021-10-21 00:13:48,592 [b064551b-1fe0-41a9-91d7-ea536b2590c0@group-0EF0EE8E8444-LeaderElection91] INFO  server.RaftServerConfigKeys (ConfUtils.java:logGet(44)) - raft.server.watch.timeout.denomination = 1s (default)
2021-10-21 00:13:48,592 [b064551b-1fe0-41a9-91d7-ea536b2590c0@group-0EF0EE8E8444-LeaderElection91] INFO  server.RaftServerConfigKeys (ConfUtils.java:logGet(44)) - raft.server.watch.element-limit = 65536 (default)
2021-10-21 00:13:48,592 [b064551b-1fe0-41a9-91d7-ea536b2590c0@group-0EF0EE8E8444-LeaderElection91] INFO  server.RaftServerConfigKeys (ConfUtils.java:logGet(44)) - raft.server.write.element-limit = 1024 (custom)
2021-10-21 00:13:48,592 [b064551b-1fe0-41a9-91d7-ea536b2590c0@group-0EF0EE8E8444-LeaderElection91] INFO  server.RaftServerConfigKeys (ConfUtils.java:logGet(44)) - raft.server.write.follower.gap.ratio.max = -1.0 (default)
2021-10-21 00:13:48,592 [b064551b-1fe0-41a9-91d7-ea536b2590c0@group-0EF0EE8E8444-LeaderElection91] INFO  impl.RoleInfo (RoleInfo.java:updateAndGet(130)) - b064551b-1fe0-41a9-91d7-ea536b2590c0: start b064551b-1fe0-41a9-91d7-ea536b2590c0@group-0EF0EE8E8444-LeaderStateImpl
2021-10-21 00:13:48,592 [b064551b-1fe0-41a9-91d7-ea536b2590c0@group-0EF0EE8E8444-LeaderElection91] INFO  segmented.SegmentedRaftLogWorker (SegmentedRaftLogWorker.java:startLogSegment(394)) - b064551b-1fe0-41a9-91d7-ea536b2590c0@group-0EF0EE8E8444-SegmentedRaftLogWorker: Starting segment from index:0
2021-10-21 00:13:48,593 [Datanode State Machine Thread - 0] WARN  statemachine.StateContext (StateContext.java:execute(621)) - No available thread in pool for past 1 seconds.
2021-10-21 00:13:48,594 [EventQueue-OpenPipelineForHealthyPipelineSafeModeRule] INFO  safemode.SCMSafeModeManager (HealthyPipelineSafeModeRule.java:process(124)) - SCM in safe mode. Healthy pipelines reported count is 0, required healthy pipeline reported count is 1
2021-10-21 00:13:48,595 [b064551b-1fe0-41a9-91d7-ea536b2590c0@group-0EF0EE8E8444-SegmentedRaftLogWorker] INFO  segmented.SegmentedRaftLogWorker (SegmentedRaftLogWorker.java:execute(601)) - b064551b-1fe0-41a9-91d7-ea536b2590c0@group-0EF0EE8E8444-SegmentedRaftLogWorker: created new log segment /home/runner/work/ozone/ozone/hadoop-ozone/integration-test/target/test-dir/MiniOzoneClusterImpl-0ff56402-746c-4b46-aacb-40edab3b56db/datanode-1/data/ratis/0bc6fe2c-6b91-4a9b-88e8-0ef0ee8e8444/current/log_inprogress_0
2021-10-21 00:13:48,596 [pool-940-thread-1] INFO  server.RaftServer$Division (RaftServerImpl.java:start(301)) - f11f8ce1-e80f-4662-ac56-049e7a4c2ce6@group-AA76DA738849: start as a follower, conf=-1: [87f4cda0-ffb5-4aa3-ac3a-463d681607fa|rpc:10.1.0.21:43449|dataStream:|priority:0, fe031be3-9947-46ae-8b09-98e602d9361b|rpc:10.1.0.21:44461|dataStream:|priority:0, f11f8ce1-e80f-4662-ac56-049e7a4c2ce6|rpc:10.1.0.21:45621|dataStream:|priority:1], old=null
2021-10-21 00:13:48,596 [pool-940-thread-1] INFO  server.RaftServer$Division (RaftServerImpl.java:setRole(290)) - f11f8ce1-e80f-4662-ac56-049e7a4c2ce6@group-AA76DA738849: changes role from      null to FOLLOWER at term 0 for startAsFollower
2021-10-21 00:13:48,600 [b064551b-1fe0-41a9-91d7-ea536b2590c0@group-0EF0EE8E8444-LeaderElection91] INFO  server.RaftServer$Division (ServerState.java:setRaftConf(387)) - b064551b-1fe0-41a9-91d7-ea536b2590c0@group-0EF0EE8E8444: set configuration 0: [b064551b-1fe0-41a9-91d7-ea536b2590c0|rpc:10.1.0.21:37069|dataStream:|priority:1], old=null
2021-10-21 00:13:48,659 [pool-940-thread-1] INFO  impl.RoleInfo (RoleInfo.java:updateAndGet(130)) - f11f8ce1-e80f-4662-ac56-049e7a4c2ce6: start f11f8ce1-e80f-4662-ac56-049e7a4c2ce6@group-AA76DA738849-FollowerState
2021-10-21 00:13:48,719 [pool-940-thread-1] INFO  util.JmxRegister (JmxRegister.java:tryRegister(44)) - Successfully registered JMX Bean with object name Ratis:service=RaftServer,group=group-AA76DA738849,id=f11f8ce1-e80f-4662-ac56-049e7a4c2ce6
2021-10-21 00:13:48,751 [pool-940-thread-1] INFO  server.RaftServer$Division (RaftServerImpl.java:start(301)) - f11f8ce1-e80f-4662-ac56-049e7a4c2ce6@group-D6916FB3083E: start as a follower, conf=-1: [f11f8ce1-e80f-4662-ac56-049e7a4c2ce6|rpc:10.1.0.21:45621|priority:1], old=null
2021-10-21 00:13:48,751 [pool-940-thread-1] INFO  server.RaftServer$Division (RaftServerImpl.java:setRole(290)) - f11f8ce1-e80f-4662-ac56-049e7a4c2ce6@group-D6916FB3083E: changes role from      null to FOLLOWER at term 0 for startAsFollower
2021-10-21 00:13:48,751 [pool-940-thread-1] INFO  impl.RoleInfo (RoleInfo.java:updateAndGet(130)) - f11f8ce1-e80f-4662-ac56-049e7a4c2ce6: start f11f8ce1-e80f-4662-ac56-049e7a4c2ce6@group-D6916FB3083E-FollowerState
2021-10-21 00:13:48,771 [pool-940-thread-1] INFO  util.JmxRegister (JmxRegister.java:tryRegister(44)) - Successfully registered JMX Bean with object name Ratis:service=RaftServer,group=group-D6916FB3083E,id=f11f8ce1-e80f-4662-ac56-049e7a4c2ce6
2021-10-21 00:13:48,813 [Command processor thread] INFO  ratis.XceiverServerRatis (XceiverServerRatis.java:addGroup(768)) - Created group PipelineID=4c4d5025-b462-476c-9441-d6916fb3083e
2021-10-21 00:13:48,814 [Command processor thread] INFO  commandhandler.CreatePipelineCommandHandler (CreatePipelineCommandHandler.java:handle(106)) - Created Pipeline RATIS ONE PipelineID=4c4d5025-b462-476c-9441-d6916fb3083e.
2021-10-21 00:13:48,839 [Command processor thread] INFO  server.RaftServer (RaftServerProxy.java:addNew(95)) - 87f4cda0-ffb5-4aa3-ac3a-463d681607fa: addNew group-08D0D54F0B95:[87f4cda0-ffb5-4aa3-ac3a-463d681607fa|rpc:10.1.0.21:43449|priority:1] returns group-08D0D54F0B95:java.util.concurrent.CompletableFuture@28f48529[Not completed]
2021-10-21 00:13:48,891 [grpc-default-executor-2] INFO  server.RaftServer (RaftServerProxy.java:addNew(95)) - 87f4cda0-ffb5-4aa3-ac3a-463d681607fa: addNew group-AA76DA738849:[87f4cda0-ffb5-4aa3-ac3a-463d681607fa|rpc:10.1.0.21:43449|dataStream:|priority:0, fe031be3-9947-46ae-8b09-98e602d9361b|rpc:10.1.0.21:44461|dataStream:|priority:0, f11f8ce1-e80f-4662-ac56-049e7a4c2ce6|rpc:10.1.0.21:45621|dataStream:|priority:1] returns group-AA76DA738849:java.util.concurrent.CompletableFuture@56018ccd[Not completed]
2021-10-21 00:13:48,906 [pool-920-thread-1] INFO  server.RaftServer$Division (RaftServerImpl.java:<init>(184)) - 87f4cda0-ffb5-4aa3-ac3a-463d681607fa: new RaftServerImpl for group-08D0D54F0B95:[87f4cda0-ffb5-4aa3-ac3a-463d681607fa|rpc:10.1.0.21:43449|priority:1] with ContainerStateMachine:uninitialized
2021-10-21 00:13:48,906 [pool-920-thread-1] INFO  server.RaftServerConfigKeys (ConfUtils.java:logGet(44)) - raft.server.rpc.timeout.min = 5s (custom)
2021-10-21 00:13:48,906 [pool-920-thread-1] INFO  server.RaftServerConfigKeys (ConfUtils.java:logGet(44)) - raft.server.rpc.timeout.max = 5200ms (custom)
2021-10-21 00:13:48,906 [pool-920-thread-1] INFO  server.RaftServerConfigKeys (ConfUtils.java:logGet(44)) - raft.server.rpc.sleep.time = 25ms (default)
2021-10-21 00:13:48,906 [pool-920-thread-1] INFO  server.RaftServerConfigKeys (ConfUtils.java:logGet(44)) - raft.server.rpc.slowness.timeout = 300000ms (custom)
2021-10-21 00:13:48,906 [pool-920-thread-1] INFO  server.RaftServerConfigKeys (ConfUtils.java:logGet(44)) - raft.server.leaderelection.leader.step-down.wait-time = 10s (default)
2021-10-21 00:13:48,906 [pool-920-thread-1] INFO  server.RaftServerConfigKeys (ConfUtils.java:logGet(44)) - raft.server.sleep.deviation.threshold = 300ms (default)
2021-10-21 00:13:48,906 [pool-920-thread-1] INFO  server.RaftServerConfigKeys (ConfUtils.java:logGet(44)) - raft.server.log.appender.install.snapshot.enabled = false (custom)
2021-10-21 00:13:48,906 [pool-920-thread-1] INFO  server.RaftServer$Division (ServerState.java:<init>(105)) - 87f4cda0-ffb5-4aa3-ac3a-463d681607fa@group-08D0D54F0B95: ConfigurationManager, init=-1: [87f4cda0-ffb5-4aa3-ac3a-463d681607fa|rpc:10.1.0.21:43449|priority:1], old=null, confs=<EMPTY_MAP>
2021-10-21 00:13:48,906 [pool-920-thread-1] INFO  server.RaftServerConfigKeys (ConfUtils.java:logGet(44)) - raft.server.storage.dir = [/home/runner/work/ozone/ozone/hadoop-ozone/integration-test/target/test-dir/MiniOzoneClusterImpl-0ff56402-746c-4b46-aacb-40edab3b56db/datanode-7/data/ratis] (custom)
2021-10-21 00:13:48,907 [pool-920-thread-1] INFO  server.RaftServerConfigKeys (ConfUtils.java:logGet(44)) - raft.server.log.corruption.policy = EXCEPTION (default)
2021-10-21 00:13:48,907 [pool-920-thread-1] INFO  server.RaftServerConfigKeys (ConfUtils.java:logGet(44)) - raft.server.storage.free-space.min = 0MB (=0) (default)
2021-10-21 00:13:48,907 [pool-920-thread-1] INFO  storage.RaftStorageDirectory (RaftStorageDirectoryImpl.java:analyzeStorage(135)) - The storage directory /home/runner/work/ozone/ozone/hadoop-ozone/integration-test/target/test-dir/MiniOzoneClusterImpl-0ff56402-746c-4b46-aacb-40edab3b56db/datanode-7/data/ratis/a26ecf29-dbb0-49ad-a21e-08d0d54f0b95 does not exist. Creating ...
2021-10-21 00:13:48,922 [pool-920-thread-1] INFO  storage.RaftStorageDirectory (RaftStorageDirectoryImpl.java:tryLock(230)) - Lock on /home/runner/work/ozone/ozone/hadoop-ozone/integration-test/target/test-dir/MiniOzoneClusterImpl-0ff56402-746c-4b46-aacb-40edab3b56db/datanode-7/data/ratis/a26ecf29-dbb0-49ad-a21e-08d0d54f0b95/in_use.lock acquired by nodename 6507@fv-az395-87
2021-10-21 00:13:48,926 [pool-920-thread-1] INFO  storage.RaftStorage (RaftStorageImpl.java:format(89)) - Storage directory /home/runner/work/ozone/ozone/hadoop-ozone/integration-test/target/test-dir/MiniOzoneClusterImpl-0ff56402-746c-4b46-aacb-40edab3b56db/datanode-7/data/ratis/a26ecf29-dbb0-49ad-a21e-08d0d54f0b95 has been successfully formatted.
2021-10-21 00:13:48,971 [EventQueue-PipelineReportForPipelineReportHandler] INFO  pipeline.PipelineManagerImpl (PipelineManagerImpl.java:openPipeline(282)) - Pipeline Pipeline[ Id: a26ecf29-dbb0-49ad-a21e-08d0d54f0b95, Nodes: 87f4cda0-ffb5-4aa3-ac3a-463d681607fa{ip: 10.1.0.21, host: fv-az395-87.zfmzfyrfkyou3ow0tsr0jxwq1e.bx.internal.cloudapp.net, ports: [REPLICATION=33843, RATIS=43449, RATIS_ADMIN=43449, RATIS_SERVER=43449, STANDALONE=46315], networkLocation: /default-rack, certSerialId: null, persistedOpState: IN_SERVICE, persistedOpStateExpiryEpochSec: 0}, ReplicationConfig: RATIS/ONE, State:ALLOCATED, leaderId:87f4cda0-ffb5-4aa3-ac3a-463d681607fa, CreationTimestamp2021-10-21T00:13:45.777Z[Etc/UTC]] moved to OPEN state
2021-10-21 00:13:48,971 [EventQueue-OpenPipelineForHealthyPipelineSafeModeRule] INFO  safemode.SCMSafeModeManager (HealthyPipelineSafeModeRule.java:process(124)) - SCM in safe mode. Healthy pipelines reported count is 0, required healthy pipeline reported count is 1
2021-10-21 00:13:48,973 [pool-920-thread-1] INFO  ratis.ContainerStateMachine (ContainerStateMachine.java:loadSnapshot(224)) - group-08D0D54F0B95: The snapshot info is null. Setting the last applied indexto:(t:0, i:~)
2021-10-21 00:13:48,973 [pool-920-thread-1] INFO  server.RaftServerConfigKeys (ConfUtils.java:logGet(44)) - raft.server.notification.no-leader.timeout = 300000ms (custom)
2021-10-21 00:13:48,973 [pool-920-thread-1] INFO  server.RaftServerConfigKeys (ConfUtils.java:logGet(44)) - raft.server.log.use.memory = false (default)
2021-10-21 00:13:48,973 [pool-920-thread-1] INFO  server.RaftServerConfigKeys (ConfUtils.java:logGet(44)) - raft.server.log.purge.gap = 1000000 (custom)
2021-10-21 00:13:48,974 [pool-920-thread-1] INFO  server.RaftServerConfigKeys (ConfUtils.java:logGet(44)) - raft.server.log.appender.buffer.byte-limit = 33554432 (custom)
2021-10-21 00:13:48,974 [pool-920-thread-1] INFO  server.RaftServerConfigKeys (ConfUtils.java:logGet(44)) - raft.server.log.segment.size.max = 1048576 (custom)
2021-10-21 00:13:48,975 [pool-920-thread-1] INFO  server.RaftServerConfigKeys (ConfUtils.java:logGet(44)) - raft.server.log.segment.cache.num.max = 2 (custom)
2021-10-21 00:13:48,977 [pool-920-thread-1] INFO  server.RaftServerConfigKeys (ConfUtils.java:logGet(44)) - raft.server.log.segment.cache.size.max = 200MB (=209715200) (default)
2021-10-21 00:13:48,977 [pool-920-thread-1] INFO  segmented.SegmentedRaftLogWorker (SegmentedRaftLogWorker.java:<init>(182)) - new 87f4cda0-ffb5-4aa3-ac3a-463d681607fa@group-08D0D54F0B95-SegmentedRaftLogWorker for RaftStorageImpl:Storage Directory /home/runner/work/ozone/ozone/hadoop-ozone/integration-test/target/test-dir/MiniOzoneClusterImpl-0ff56402-746c-4b46-aacb-40edab3b56db/datanode-7/data/ratis/a26ecf29-dbb0-49ad-a21e-08d0d54f0b95
2021-10-21 00:13:48,977 [pool-920-thread-1] INFO  server.RaftServerConfigKeys (ConfUtils.java:logGet(44)) - raft.server.log.queue.byte-limit = 2147483647 (custom)
2021-10-21 00:13:48,977 [pool-920-thread-1] INFO  server.RaftServerConfigKeys (ConfUtils.java:logGet(44)) - raft.server.log.queue.element-limit = 1024 (custom)
2021-10-21 00:13:48,977 [pool-920-thread-1] INFO  server.RaftServerConfigKeys (ConfUtils.java:logGet(44)) - raft.server.log.segment.size.max = 1048576 (custom)
2021-10-21 00:13:48,978 [pool-920-thread-1] INFO  server.RaftServerConfigKeys (ConfUtils.java:logGet(44)) - raft.server.log.preallocated.size = 16384 (custom)
2021-10-21 00:13:48,978 [pool-920-thread-1] INFO  server.RaftServerConfigKeys (ConfUtils.java:logGet(44)) - raft.server.log.force.sync.num = 128 (default)
2021-10-21 00:13:48,978 [pool-920-thread-1] INFO  server.RaftServerConfigKeys (ConfUtils.java:logGet(44)) - raft.server.log.statemachine.data.sync = true (default)
2021-10-21 00:13:48,978 [pool-920-thread-1] INFO  server.RaftServerConfigKeys (ConfUtils.java:logGet(44)) - raft.server.log.statemachine.data.sync.timeout = 10s (default)
2021-10-21 00:13:48,978 [pool-920-thread-1] INFO  server.RaftServerConfigKeys (ConfUtils.java:logGet(44)) - raft.server.log.statemachine.data.sync.timeout.retry = -1 (default)
2021-10-21 00:13:48,983 [pool-920-thread-1] INFO  server.RaftServerConfigKeys (ConfUtils.java:logGet(44)) - raft.server.log.write.buffer.size = 1048576 (custom)
2021-10-21 00:13:48,984 [pool-920-thread-1] INFO  server.RaftServerConfigKeys (ConfUtils.java:logGet(44)) - raft.server.log.statemachine.data.caching.enabled = true (custom)
2021-10-21 00:13:48,984 [pool-920-thread-1] INFO  segmented.SegmentedRaftLogWorker (SegmentedRaftLogWorker.java:lambda$new$0(133)) - 87f4cda0-ffb5-4aa3-ac3a-463d681607fa@group-08D0D54F0B95-SegmentedRaftLogWorker: flushIndex: setUnconditionally 0 -> -1
2021-10-21 00:13:48,984 [pool-920-thread-1] INFO  segmented.SegmentedRaftLogWorker (SegmentedRaftLogWorker.java:lambda$new$0(133)) - 87f4cda0-ffb5-4aa3-ac3a-463d681607fa@group-08D0D54F0B95-SegmentedRaftLogWorker: safeCacheEvictIndex: setUnconditionally 0 -> -1
2021-10-21 00:13:48,985 [pool-920-thread-1] INFO  server.RaftServerConfigKeys (ConfUtils.java:logGet(44)) - raft.server.snapshot.auto.trigger.enabled = true (custom)
2021-10-21 00:13:48,985 [pool-920-thread-1] INFO  server.RaftServerConfigKeys (ConfUtils.java:logGet(44)) - raft.server.snapshot.auto.trigger.threshold = 10000 (custom)
2021-10-21 00:13:48,985 [pool-920-thread-1] INFO  server.RaftServerConfigKeys (ConfUtils.java:logGet(44)) - raft.server.snapshot.retention.file.num = 5 (custom)
2021-10-21 00:13:48,985 [pool-920-thread-1] INFO  server.RaftServerConfigKeys (ConfUtils.java:logGet(44)) - raft.server.log.purge.upto.snapshot.index = false (default)
2021-10-21 00:13:48,985 [pool-920-thread-1] INFO  server.RaftServerConfigKeys (ConfUtils.java:logGet(44)) - raft.server.retrycache.expirytime = 600000ms (custom)
2021-10-21 00:13:48,985 [pool-920-thread-1] INFO  server.RaftServerConfigKeys (ConfUtils.java:logGet(44)) - raft.server.retrycache.statistics.expirytime = 100μs (default)
2021-10-21 00:13:49,020 [43a8bf6a-c132-4b01-9df6-8da121d8da0e@group-86C50B6AC0F0-FollowerState] INFO  impl.FollowerState (FollowerState.java:run(134)) - 43a8bf6a-c132-4b01-9df6-8da121d8da0e@group-86C50B6AC0F0-FollowerState: change to CANDIDATE, lastRpcElapsedTime:5143410137ns, electionTimeout:5142ms
2021-10-21 00:13:49,075 [43a8bf6a-c132-4b01-9df6-8da121d8da0e@group-86C50B6AC0F0-FollowerState] INFO  impl.RoleInfo (RoleInfo.java:shutdownFollowerState(108)) - 43a8bf6a-c132-4b01-9df6-8da121d8da0e: shutdown 43a8bf6a-c132-4b01-9df6-8da121d8da0e@group-86C50B6AC0F0-FollowerState
2021-10-21 00:13:49,076 [43a8bf6a-c132-4b01-9df6-8da121d8da0e@group-86C50B6AC0F0-FollowerState] INFO  server.RaftServer$Division (RaftServerImpl.java:setRole(290)) - 43a8bf6a-c132-4b01-9df6-8da121d8da0e@group-86C50B6AC0F0: changes role from  FOLLOWER to CANDIDATE at term 0 for changeToCandidate
2021-10-21 00:13:49,083 [43a8bf6a-c132-4b01-9df6-8da121d8da0e@group-86C50B6AC0F0-FollowerState] INFO  server.RaftServerConfigKeys (ConfUtils.java:logGet(44)) - raft.server.leaderelection.pre-vote = false (custom)
2021-10-21 00:13:49,083 [43a8bf6a-c132-4b01-9df6-8da121d8da0e@group-86C50B6AC0F0-FollowerState] INFO  impl.RoleInfo (RoleInfo.java:updateAndGet(130)) - 43a8bf6a-c132-4b01-9df6-8da121d8da0e: start 43a8bf6a-c132-4b01-9df6-8da121d8da0e@group-86C50B6AC0F0-LeaderElection92
2021-10-21 00:13:49,101 [43a8bf6a-c132-4b01-9df6-8da121d8da0e@group-86C50B6AC0F0-LeaderElection92] INFO  impl.LeaderElection (LeaderElection.java:askForVotes(306)) - 43a8bf6a-c132-4b01-9df6-8da121d8da0e@group-86C50B6AC0F0-LeaderElection92 ELECTION round 0: submit vote requests at term 1 for -1: [43a8bf6a-c132-4b01-9df6-8da121d8da0e|rpc:10.1.0.21:44683|priority:1], old=null
2021-10-21 00:13:49,102 [43a8bf6a-c132-4b01-9df6-8da121d8da0e@group-86C50B6AC0F0-LeaderElection92] INFO  impl.LeaderElection (LeaderElection.java:askForVotes(308)) - 43a8bf6a-c132-4b01-9df6-8da121d8da0e@group-86C50B6AC0F0-LeaderElection92 ELECTION round 0: result PASSED (term=1)
2021-10-21 00:13:49,102 [43a8bf6a-c132-4b01-9df6-8da121d8da0e@group-86C50B6AC0F0-LeaderElection92] INFO  impl.RoleInfo (RoleInfo.java:shutdownLeaderElection(121)) - 43a8bf6a-c132-4b01-9df6-8da121d8da0e: shutdown 43a8bf6a-c132-4b01-9df6-8da121d8da0e@group-86C50B6AC0F0-LeaderElection92
2021-10-21 00:13:49,102 [43a8bf6a-c132-4b01-9df6-8da121d8da0e@group-86C50B6AC0F0-LeaderElection92] INFO  server.RaftServer$Division (RaftServerImpl.java:setRole(290)) - 43a8bf6a-c132-4b01-9df6-8da121d8da0e@group-86C50B6AC0F0: changes role from CANDIDATE to LEADER at term 1 for changeToLeader
2021-10-21 00:13:49,102 [43a8bf6a-c132-4b01-9df6-8da121d8da0e@group-86C50B6AC0F0-LeaderElection92] INFO  ratis.XceiverServerRatis (XceiverServerRatis.java:handleLeaderChangedNotification(866)) - Leader change notification received for group: group-86C50B6AC0F0 with new leaderId: 43a8bf6a-c132-4b01-9df6-8da121d8da0e
2021-10-21 00:13:49,102 [Datanode State Machine Thread - 0] WARN  statemachine.StateContext (StateContext.java:execute(621)) - No available thread in pool for past 1 seconds.
2021-10-21 00:13:49,102 [43a8bf6a-c132-4b01-9df6-8da121d8da0e@group-86C50B6AC0F0-LeaderElection92] INFO  server.RaftServer$Division (ServerState.java:setLeader(285)) - 43a8bf6a-c132-4b01-9df6-8da121d8da0e@group-86C50B6AC0F0: change Leader from null to 43a8bf6a-c132-4b01-9df6-8da121d8da0e at term 1 for becomeLeader, leader elected after 5414ms
2021-10-21 00:13:49,102 [43a8bf6a-c132-4b01-9df6-8da121d8da0e@group-86C50B6AC0F0-LeaderElection92] INFO  server.RaftServerConfigKeys (ConfUtils.java:logGet(44)) - raft.server.staging.catchup.gap = 1000 (default)
2021-10-21 00:13:49,102 [43a8bf6a-c132-4b01-9df6-8da121d8da0e@group-86C50B6AC0F0-LeaderElection92] INFO  server.RaftServerConfigKeys (ConfUtils.java:logGet(44)) - raft.server.write.element-limit = 1024 (custom)
2021-10-21 00:13:49,103 [43a8bf6a-c132-4b01-9df6-8da121d8da0e@group-86C50B6AC0F0-LeaderElection92] INFO  server.RaftServerConfigKeys (ConfUtils.java:logGet(44)) - raft.server.write.byte-limit = 1024 M (=1073741824) (custom)
2021-10-21 00:13:49,103 [43a8bf6a-c132-4b01-9df6-8da121d8da0e@group-86C50B6AC0F0-LeaderElection92] INFO  server.RaftServerConfigKeys (ConfUtils.java:logGet(44)) - raft.server.watch.timeout = 3000ms (custom)
2021-10-21 00:13:49,103 [43a8bf6a-c132-4b01-9df6-8da121d8da0e@group-86C50B6AC0F0-LeaderElection92] INFO  server.RaftServerConfigKeys (ConfUtils.java:logGet(44)) - raft.server.watch.timeout.denomination = 1s (default)
2021-10-21 00:13:49,103 [43a8bf6a-c132-4b01-9df6-8da121d8da0e@group-86C50B6AC0F0-LeaderElection92] INFO  server.RaftServerConfigKeys (ConfUtils.java:logGet(44)) - raft.server.watch.element-limit = 65536 (default)
2021-10-21 00:13:49,103 [43a8bf6a-c132-4b01-9df6-8da121d8da0e@group-86C50B6AC0F0-LeaderElection92] INFO  server.RaftServerConfigKeys (ConfUtils.java:logGet(44)) - raft.server.write.element-limit = 1024 (custom)
2021-10-21 00:13:49,103 [43a8bf6a-c132-4b01-9df6-8da121d8da0e@group-86C50B6AC0F0-LeaderElection92] INFO  server.RaftServerConfigKeys (ConfUtils.java:logGet(44)) - raft.server.write.follower.gap.ratio.max = -1.0 (default)
2021-10-21 00:13:49,103 [43a8bf6a-c132-4b01-9df6-8da121d8da0e@group-86C50B6AC0F0-LeaderElection92] INFO  impl.RoleInfo (RoleInfo.java:updateAndGet(130)) - 43a8bf6a-c132-4b01-9df6-8da121d8da0e: start 43a8bf6a-c132-4b01-9df6-8da121d8da0e@group-86C50B6AC0F0-LeaderStateImpl
2021-10-21 00:13:49,104 [43a8bf6a-c132-4b01-9df6-8da121d8da0e@group-86C50B6AC0F0-LeaderElection92] INFO  segmented.SegmentedRaftLogWorker (SegmentedRaftLogWorker.java:startLogSegment(394)) - 43a8bf6a-c132-4b01-9df6-8da121d8da0e@group-86C50B6AC0F0-SegmentedRaftLogWorker: Starting segment from index:0
2021-10-21 00:13:49,108 [43a8bf6a-c132-4b01-9df6-8da121d8da0e@group-86C50B6AC0F0-LeaderElection92] INFO  server.RaftServer$Division (ServerState.java:setRaftConf(387)) - 43a8bf6a-c132-4b01-9df6-8da121d8da0e@group-86C50B6AC0F0: set configuration 0: [43a8bf6a-c132-4b01-9df6-8da121d8da0e|rpc:10.1.0.21:44683|dataStream:|priority:1], old=null
2021-10-21 00:13:49,124 [pool-920-thread-1] INFO  server.RaftServer$Division (RaftServerImpl.java:<init>(184)) - 87f4cda0-ffb5-4aa3-ac3a-463d681607fa: new RaftServerImpl for group-AA76DA738849:[87f4cda0-ffb5-4aa3-ac3a-463d681607fa|rpc:10.1.0.21:43449|dataStream:|priority:0, fe031be3-9947-46ae-8b09-98e602d9361b|rpc:10.1.0.21:44461|dataStream:|priority:0, f11f8ce1-e80f-4662-ac56-049e7a4c2ce6|rpc:10.1.0.21:45621|dataStream:|priority:1] with ContainerStateMachine:uninitialized
2021-10-21 00:13:49,124 [pool-920-thread-1] INFO  server.RaftServerConfigKeys (ConfUtils.java:logGet(44)) - raft.server.rpc.timeout.min = 5s (custom)
2021-10-21 00:13:49,124 [pool-920-thread-1] INFO  server.RaftServerConfigKeys (ConfUtils.java:logGet(44)) - raft.server.rpc.timeout.max = 5200ms (custom)
2021-10-21 00:13:49,124 [pool-920-thread-1] INFO  server.RaftServerConfigKeys (ConfUtils.java:logGet(44)) - raft.server.rpc.sleep.time = 25ms (default)
2021-10-21 00:13:49,124 [pool-920-thread-1] INFO  server.RaftServerConfigKeys (ConfUtils.java:logGet(44)) - raft.server.rpc.slowness.timeout = 300000ms (custom)
2021-10-21 00:13:49,124 [pool-920-thread-1] INFO  server.RaftServerConfigKeys (ConfUtils.java:logGet(44)) - raft.server.leaderelection.leader.step-down.wait-time = 10s (default)
2021-10-21 00:13:49,124 [pool-920-thread-1] INFO  server.RaftServerConfigKeys (ConfUtils.java:logGet(44)) - raft.server.sleep.deviation.threshold = 300ms (default)
2021-10-21 00:13:49,124 [pool-920-thread-1] INFO  server.RaftServerConfigKeys (ConfUtils.java:logGet(44)) - raft.server.log.appender.install.snapshot.enabled = false (custom)
2021-10-21 00:13:49,124 [pool-920-thread-1] INFO  server.RaftServer$Division (ServerState.java:<init>(105)) - 87f4cda0-ffb5-4aa3-ac3a-463d681607fa@group-AA76DA738849: ConfigurationManager, init=-1: [87f4cda0-ffb5-4aa3-ac3a-463d681607fa|rpc:10.1.0.21:43449|dataStream:|priority:0, fe031be3-9947-46ae-8b09-98e602d9361b|rpc:10.1.0.21:44461|dataStream:|priority:0, f11f8ce1-e80f-4662-ac56-049e7a4c2ce6|rpc:10.1.0.21:45621|dataStream:|priority:1], old=null, confs=<EMPTY_MAP>
2021-10-21 00:13:49,124 [pool-920-thread-1] INFO  server.RaftServerConfigKeys (ConfUtils.java:logGet(44)) - raft.server.storage.dir = [/home/runner/work/ozone/ozone/hadoop-ozone/integration-test/target/test-dir/MiniOzoneClusterImpl-0ff56402-746c-4b46-aacb-40edab3b56db/datanode-7/data/ratis] (custom)
2021-10-21 00:13:49,125 [pool-920-thread-1] INFO  server.RaftServerConfigKeys (ConfUtils.java:logGet(44)) - raft.server.log.corruption.policy = EXCEPTION (default)
2021-10-21 00:13:49,125 [pool-920-thread-1] INFO  server.RaftServerConfigKeys (ConfUtils.java:logGet(44)) - raft.server.storage.free-space.min = 0MB (=0) (default)
2021-10-21 00:13:49,125 [pool-920-thread-1] INFO  storage.RaftStorageDirectory (RaftStorageDirectoryImpl.java:analyzeStorage(135)) - The storage directory /home/runner/work/ozone/ozone/hadoop-ozone/integration-test/target/test-dir/MiniOzoneClusterImpl-0ff56402-746c-4b46-aacb-40edab3b56db/datanode-7/data/ratis/9bf4a531-6e52-4877-98e4-aa76da738849 does not exist. Creating ...
2021-10-21 00:13:49,126 [pool-920-thread-1] INFO  storage.RaftStorageDirectory (RaftStorageDirectoryImpl.java:tryLock(230)) - Lock on /home/runner/work/ozone/ozone/hadoop-ozone/integration-test/target/test-dir/MiniOzoneClusterImpl-0ff56402-746c-4b46-aacb-40edab3b56db/datanode-7/data/ratis/9bf4a531-6e52-4877-98e4-aa76da738849/in_use.lock acquired by nodename 6507@fv-az395-87
2021-10-21 00:13:49,131 [pool-920-thread-1] INFO  storage.RaftStorage (RaftStorageImpl.java:format(89)) - Storage directory /home/runner/work/ozone/ozone/hadoop-ozone/integration-test/target/test-dir/MiniOzoneClusterImpl-0ff56402-746c-4b46-aacb-40edab3b56db/datanode-7/data/ratis/9bf4a531-6e52-4877-98e4-aa76da738849 has been successfully formatted.
2021-10-21 00:13:49,132 [pool-920-thread-1] INFO  ratis.ContainerStateMachine (ContainerStateMachine.java:loadSnapshot(224)) - group-AA76DA738849: The snapshot info is null. Setting the last applied indexto:(t:0, i:~)
2021-10-21 00:13:49,132 [Datanode State Machine Thread - 0] WARN  statemachine.StateContext (StateContext.java:execute(621)) - No available thread in pool for past 1 seconds.
2021-10-21 00:13:49,132 [pool-920-thread-1] INFO  server.RaftServerConfigKeys (ConfUtils.java:logGet(44)) - raft.server.notification.no-leader.timeout = 300000ms (custom)
2021-10-21 00:13:49,132 [pool-920-thread-1] INFO  server.RaftServerConfigKeys (ConfUtils.java:logGet(44)) - raft.server.log.use.memory = false (default)
2021-10-21 00:13:49,133 [pool-920-thread-1] INFO  server.RaftServerConfigKeys (ConfUtils.java:logGet(44)) - raft.server.log.purge.gap = 1000000 (custom)
2021-10-21 00:13:49,133 [pool-920-thread-1] INFO  server.RaftServerConfigKeys (ConfUtils.java:logGet(44)) - raft.server.log.appender.buffer.byte-limit = 33554432 (custom)
2021-10-21 00:13:49,133 [pool-920-thread-1] INFO  server.RaftServerConfigKeys (ConfUtils.java:logGet(44)) - raft.server.log.segment.size.max = 1048576 (custom)
2021-10-21 00:13:49,134 [pool-920-thread-1] INFO  server.RaftServerConfigKeys (ConfUtils.java:logGet(44)) - raft.server.log.segment.cache.num.max = 2 (custom)
2021-10-21 00:13:49,136 [pool-920-thread-1] INFO  server.RaftServerConfigKeys (ConfUtils.java:logGet(44)) - raft.server.log.segment.cache.size.max = 200MB (=209715200) (default)
2021-10-21 00:13:49,135 [EventQueue-OpenPipelineForHealthyPipelineSafeModeRule] INFO  safemode.SCMSafeModeManager (HealthyPipelineSafeModeRule.java:process(124)) - SCM in safe mode. Healthy pipelines reported count is 0, required healthy pipeline reported count is 1
2021-10-21 00:13:49,146 [pool-920-thread-1] INFO  segmented.SegmentedRaftLogWorker (SegmentedRaftLogWorker.java:<init>(182)) - new 87f4cda0-ffb5-4aa3-ac3a-463d681607fa@group-AA76DA738849-SegmentedRaftLogWorker for RaftStorageImpl:Storage Directory /home/runner/work/ozone/ozone/hadoop-ozone/integration-test/target/test-dir/MiniOzoneClusterImpl-0ff56402-746c-4b46-aacb-40edab3b56db/datanode-7/data/ratis/9bf4a531-6e52-4877-98e4-aa76da738849
2021-10-21 00:13:49,146 [pool-920-thread-1] INFO  server.RaftServerConfigKeys (ConfUtils.java:logGet(44)) - raft.server.log.queue.byte-limit = 2147483647 (custom)
2021-10-21 00:13:49,146 [pool-920-thread-1] INFO  server.RaftServerConfigKeys (ConfUtils.java:logGet(44)) - raft.server.log.queue.element-limit = 1024 (custom)
2021-10-21 00:13:49,147 [pool-920-thread-1] INFO  server.RaftServerConfigKeys (ConfUtils.java:logGet(44)) - raft.server.log.segment.size.max = 1048576 (custom)
2021-10-21 00:13:49,147 [pool-920-thread-1] INFO  server.RaftServerConfigKeys (ConfUtils.java:logGet(44)) - raft.server.log.preallocated.size = 16384 (custom)
2021-10-21 00:13:49,147 [pool-920-thread-1] INFO  server.RaftServerConfigKeys (ConfUtils.java:logGet(44)) - raft.server.log.force.sync.num = 128 (default)
2021-10-21 00:13:49,147 [pool-920-thread-1] INFO  server.RaftServerConfigKeys (ConfUtils.java:logGet(44)) - raft.server.log.statemachine.data.sync = true (default)
2021-10-21 00:13:49,147 [pool-920-thread-1] INFO  server.RaftServerConfigKeys (ConfUtils.java:logGet(44)) - raft.server.log.statemachine.data.sync.timeout = 10s (default)
2021-10-21 00:13:49,147 [pool-920-thread-1] INFO  server.RaftServerConfigKeys (ConfUtils.java:logGet(44)) - raft.server.log.statemachine.data.sync.timeout.retry = -1 (default)
2021-10-21 00:13:49,149 [pool-920-thread-1] INFO  server.RaftServerConfigKeys (ConfUtils.java:logGet(44)) - raft.server.log.write.buffer.size = 1048576 (custom)
2021-10-21 00:13:49,166 [EventQueue-OpenPipelineForHealthyPipelineSafeModeRule] INFO  safemode.SCMSafeModeManager (HealthyPipelineSafeModeRule.java:process(124)) - SCM in safe mode. Healthy pipelines reported count is 0, required healthy pipeline reported count is 1
2021-10-21 00:13:49,163 [43a8bf6a-c132-4b01-9df6-8da121d8da0e@group-86C50B6AC0F0-SegmentedRaftLogWorker] INFO  segmented.SegmentedRaftLogWorker (SegmentedRaftLogWorker.java:execute(601)) - 43a8bf6a-c132-4b01-9df6-8da121d8da0e@group-86C50B6AC0F0-SegmentedRaftLogWorker: created new log segment /home/runner/work/ozone/ozone/hadoop-ozone/integration-test/target/test-dir/MiniOzoneClusterImpl-0ff56402-746c-4b46-aacb-40edab3b56db/datanode-2/data/ratis/6cbfd236-6fcc-48ae-966f-86c50b6ac0f0/current/log_inprogress_0
2021-10-21 00:13:49,179 [pool-920-thread-1] INFO  server.RaftServerConfigKeys (ConfUtils.java:logGet(44)) - raft.server.log.statemachine.data.caching.enabled = true (custom)
2021-10-21 00:13:49,179 [pool-920-thread-1] INFO  segmented.SegmentedRaftLogWorker (SegmentedRaftLogWorker.java:lambda$new$0(133)) - 87f4cda0-ffb5-4aa3-ac3a-463d681607fa@group-AA76DA738849-SegmentedRaftLogWorker: flushIndex: setUnconditionally 0 -> -1
2021-10-21 00:13:49,179 [pool-920-thread-1] INFO  segmented.SegmentedRaftLogWorker (SegmentedRaftLogWorker.java:lambda$new$0(133)) - 87f4cda0-ffb5-4aa3-ac3a-463d681607fa@group-AA76DA738849-SegmentedRaftLogWorker: safeCacheEvictIndex: setUnconditionally 0 -> -1
2021-10-21 00:13:49,187 [pool-920-thread-1] INFO  server.RaftServerConfigKeys (ConfUtils.java:logGet(44)) - raft.server.snapshot.auto.trigger.enabled = true (custom)
2021-10-21 00:13:49,187 [pool-920-thread-1] INFO  server.RaftServerConfigKeys (ConfUtils.java:logGet(44)) - raft.server.snapshot.auto.trigger.threshold = 10000 (custom)
2021-10-21 00:13:49,187 [pool-920-thread-1] INFO  server.RaftServerConfigKeys (ConfUtils.java:logGet(44)) - raft.server.snapshot.retention.file.num = 5 (custom)
2021-10-21 00:13:49,187 [pool-920-thread-1] INFO  server.RaftServerConfigKeys (ConfUtils.java:logGet(44)) - raft.server.log.purge.upto.snapshot.index = false (default)
2021-10-21 00:13:49,187 [pool-920-thread-1] INFO  server.RaftServerConfigKeys (ConfUtils.java:logGet(44)) - raft.server.retrycache.expirytime = 600000ms (custom)
2021-10-21 00:13:49,187 [pool-920-thread-1] INFO  server.RaftServerConfigKeys (ConfUtils.java:logGet(44)) - raft.server.retrycache.statistics.expirytime = 100μs (default)
2021-10-21 00:13:49,190 [pool-920-thread-1] INFO  server.RaftServer$Division (RaftServerImpl.java:start(301)) - 87f4cda0-ffb5-4aa3-ac3a-463d681607fa@group-08D0D54F0B95: start as a follower, conf=-1: [87f4cda0-ffb5-4aa3-ac3a-463d681607fa|rpc:10.1.0.21:43449|priority:1], old=null
2021-10-21 00:13:49,190 [pool-920-thread-1] INFO  server.RaftServer$Division (RaftServerImpl.java:setRole(290)) - 87f4cda0-ffb5-4aa3-ac3a-463d681607fa@group-08D0D54F0B95: changes role from      null to FOLLOWER at term 0 for startAsFollower
2021-10-21 00:13:49,190 [pool-920-thread-1] INFO  impl.RoleInfo (RoleInfo.java:updateAndGet(130)) - 87f4cda0-ffb5-4aa3-ac3a-463d681607fa: start 87f4cda0-ffb5-4aa3-ac3a-463d681607fa@group-08D0D54F0B95-FollowerState
2021-10-21 00:13:49,198 [pool-920-thread-1] INFO  util.JmxRegister (JmxRegister.java:tryRegister(44)) - Successfully registered JMX Bean with object name Ratis:service=RaftServer,group=group-08D0D54F0B95,id=87f4cda0-ffb5-4aa3-ac3a-463d681607fa
2021-10-21 00:13:49,259 [Command processor thread] INFO  ratis.XceiverServerRatis (XceiverServerRatis.java:addGroup(768)) - Created group PipelineID=a26ecf29-dbb0-49ad-a21e-08d0d54f0b95
2021-10-21 00:13:49,259 [Command processor thread] INFO  commandhandler.CreatePipelineCommandHandler (CreatePipelineCommandHandler.java:handle(106)) - Created Pipeline RATIS ONE PipelineID=a26ecf29-dbb0-49ad-a21e-08d0d54f0b95.
2021-10-21 00:13:49,259 [pool-920-thread-1] INFO  server.RaftServer$Division (RaftServerImpl.java:start(301)) - 87f4cda0-ffb5-4aa3-ac3a-463d681607fa@group-AA76DA738849: start as a follower, conf=-1: [87f4cda0-ffb5-4aa3-ac3a-463d681607fa|rpc:10.1.0.21:43449|dataStream:|priority:0, fe031be3-9947-46ae-8b09-98e602d9361b|rpc:10.1.0.21:44461|dataStream:|priority:0, f11f8ce1-e80f-4662-ac56-049e7a4c2ce6|rpc:10.1.0.21:45621|dataStream:|priority:1], old=null
2021-10-21 00:13:49,259 [pool-920-thread-1] INFO  server.RaftServer$Division (RaftServerImpl.java:setRole(290)) - 87f4cda0-ffb5-4aa3-ac3a-463d681607fa@group-AA76DA738849: changes role from      null to FOLLOWER at term 0 for startAsFollower
2021-10-21 00:13:49,259 [pool-920-thread-1] INFO  impl.RoleInfo (RoleInfo.java:updateAndGet(130)) - 87f4cda0-ffb5-4aa3-ac3a-463d681607fa: start 87f4cda0-ffb5-4aa3-ac3a-463d681607fa@group-AA76DA738849-FollowerState
2021-10-21 00:13:49,260 [pool-920-thread-1] INFO  util.JmxRegister (JmxRegister.java:tryRegister(44)) - Successfully registered JMX Bean with object name Ratis:service=RaftServer,group=group-AA76DA738849,id=87f4cda0-ffb5-4aa3-ac3a-463d681607fa
2021-10-21 00:13:49,274 [Command processor thread] INFO  commandhandler.CreatePipelineCommandHandler (CreatePipelineCommandHandler.java:handle(106)) - Created Pipeline RATIS THREE PipelineID=9bf4a531-6e52-4877-98e4-aa76da738849.
2021-10-21 00:13:49,467 [Listener at 127.0.0.1/34193] INFO  ozone.MiniOzoneClusterImpl (MiniOzoneClusterImpl.java:lambda$waitForClusterToBeReady$0(235)) - Nodes are ready. Got 9 of 9 DN Heartbeats.
2021-10-21 00:13:49,467 [Listener at 127.0.0.1/34193] INFO  ozone.MiniOzoneClusterImpl (MiniOzoneClusterImpl.java:lambda$waitForClusterToBeReady$0(238)) - Waiting for cluster to exit safe mode
2021-10-21 00:13:49,467 [Listener at 127.0.0.1/34193] INFO  ozone.MiniOzoneClusterImpl (MiniOzoneClusterImpl.java:lambda$waitForClusterToBeReady$0(240)) - SCM became leader
2021-10-21 00:13:49,967 [b1aa2fe7-eb40-4f9f-bfee-6ed7c04c202c@group-AE50F5E5AA8C-FollowerState] INFO  impl.FollowerState (FollowerState.java:run(134)) - b1aa2fe7-eb40-4f9f-bfee-6ed7c04c202c@group-AE50F5E5AA8C-FollowerState: change to CANDIDATE, lastRpcElapsedTime:5089275206ns, electionTimeout:5056ms
2021-10-21 00:13:49,967 [b1aa2fe7-eb40-4f9f-bfee-6ed7c04c202c@group-AE50F5E5AA8C-FollowerState] INFO  impl.RoleInfo (RoleInfo.java:shutdownFollowerState(108)) - b1aa2fe7-eb40-4f9f-bfee-6ed7c04c202c: shutdown b1aa2fe7-eb40-4f9f-bfee-6ed7c04c202c@group-AE50F5E5AA8C-FollowerState
2021-10-21 00:13:49,967 [b1aa2fe7-eb40-4f9f-bfee-6ed7c04c202c@group-AE50F5E5AA8C-FollowerState] INFO  server.RaftServer$Division (RaftServerImpl.java:setRole(290)) - b1aa2fe7-eb40-4f9f-bfee-6ed7c04c202c@group-AE50F5E5AA8C: changes role from  FOLLOWER to CANDIDATE at term 0 for changeToCandidate
2021-10-21 00:13:49,970 [b1aa2fe7-eb40-4f9f-bfee-6ed7c04c202c@group-AE50F5E5AA8C-FollowerState] INFO  server.RaftServerConfigKeys (ConfUtils.java:logGet(44)) - raft.server.leaderelection.pre-vote = false (custom)
2021-10-21 00:13:49,970 [b1aa2fe7-eb40-4f9f-bfee-6ed7c04c202c@group-AE50F5E5AA8C-FollowerState] INFO  impl.RoleInfo (RoleInfo.java:updateAndGet(130)) - b1aa2fe7-eb40-4f9f-bfee-6ed7c04c202c: start b1aa2fe7-eb40-4f9f-bfee-6ed7c04c202c@group-AE50F5E5AA8C-LeaderElection93
2021-10-21 00:13:50,038 [b1aa2fe7-eb40-4f9f-bfee-6ed7c04c202c@group-AE50F5E5AA8C-LeaderElection93] INFO  impl.LeaderElection (LeaderElection.java:askForVotes(306)) - b1aa2fe7-eb40-4f9f-bfee-6ed7c04c202c@group-AE50F5E5AA8C-LeaderElection93 ELECTION round 0: submit vote requests at term 1 for -1: [b1aa2fe7-eb40-4f9f-bfee-6ed7c04c202c|rpc:10.1.0.21:36605|priority:1], old=null
2021-10-21 00:13:50,039 [b1aa2fe7-eb40-4f9f-bfee-6ed7c04c202c@group-AE50F5E5AA8C-LeaderElection93] INFO  impl.LeaderElection (LeaderElection.java:askForVotes(308)) - b1aa2fe7-eb40-4f9f-bfee-6ed7c04c202c@group-AE50F5E5AA8C-LeaderElection93 ELECTION round 0: result PASSED (term=1)
2021-10-21 00:13:50,039 [b1aa2fe7-eb40-4f9f-bfee-6ed7c04c202c@group-AE50F5E5AA8C-LeaderElection93] INFO  impl.RoleInfo (RoleInfo.java:shutdownLeaderElection(121)) - b1aa2fe7-eb40-4f9f-bfee-6ed7c04c202c: shutdown b1aa2fe7-eb40-4f9f-bfee-6ed7c04c202c@group-AE50F5E5AA8C-LeaderElection93
2021-10-21 00:13:50,039 [b1aa2fe7-eb40-4f9f-bfee-6ed7c04c202c@group-AE50F5E5AA8C-LeaderElection93] INFO  server.RaftServer$Division (RaftServerImpl.java:setRole(290)) - b1aa2fe7-eb40-4f9f-bfee-6ed7c04c202c@group-AE50F5E5AA8C: changes role from CANDIDATE to LEADER at term 1 for changeToLeader
2021-10-21 00:13:50,039 [b1aa2fe7-eb40-4f9f-bfee-6ed7c04c202c@group-AE50F5E5AA8C-LeaderElection93] INFO  ratis.XceiverServerRatis (XceiverServerRatis.java:handleLeaderChangedNotification(866)) - Leader change notification received for group: group-AE50F5E5AA8C with new leaderId: b1aa2fe7-eb40-4f9f-bfee-6ed7c04c202c
2021-10-21 00:13:50,039 [b1aa2fe7-eb40-4f9f-bfee-6ed7c04c202c@group-AE50F5E5AA8C-LeaderElection93] INFO  server.RaftServer$Division (ServerState.java:setLeader(285)) - b1aa2fe7-eb40-4f9f-bfee-6ed7c04c202c@group-AE50F5E5AA8C: change Leader from null to b1aa2fe7-eb40-4f9f-bfee-6ed7c04c202c at term 1 for becomeLeader, leader elected after 5209ms
2021-10-21 00:13:50,039 [b1aa2fe7-eb40-4f9f-bfee-6ed7c04c202c@group-AE50F5E5AA8C-LeaderElection93] INFO  server.RaftServerConfigKeys (ConfUtils.java:logGet(44)) - raft.server.staging.catchup.gap = 1000 (default)
2021-10-21 00:13:50,039 [Datanode State Machine Thread - 0] WARN  statemachine.StateContext (StateContext.java:execute(621)) - No available thread in pool for past 1 seconds.
2021-10-21 00:13:50,042 [EventQueue-OpenPipelineForHealthyPipelineSafeModeRule] INFO  safemode.SCMSafeModeManager (HealthyPipelineSafeModeRule.java:process(124)) - SCM in safe mode. Healthy pipelines reported count is 0, required healthy pipeline reported count is 1
2021-10-21 00:13:50,042 [b1aa2fe7-eb40-4f9f-bfee-6ed7c04c202c@group-AE50F5E5AA8C-LeaderElection93] INFO  server.RaftServerConfigKeys (ConfUtils.java:logGet(44)) - raft.server.write.element-limit = 1024 (custom)
2021-10-21 00:13:50,042 [b1aa2fe7-eb40-4f9f-bfee-6ed7c04c202c@group-AE50F5E5AA8C-LeaderElection93] INFO  server.RaftServerConfigKeys (ConfUtils.java:logGet(44)) - raft.server.write.byte-limit = 1024 M (=1073741824) (custom)
2021-10-21 00:13:50,043 [b1aa2fe7-eb40-4f9f-bfee-6ed7c04c202c@group-AE50F5E5AA8C-LeaderElection93] INFO  server.RaftServerConfigKeys (ConfUtils.java:logGet(44)) - raft.server.watch.timeout = 3000ms (custom)
2021-10-21 00:13:50,043 [b1aa2fe7-eb40-4f9f-bfee-6ed7c04c202c@group-AE50F5E5AA8C-LeaderElection93] INFO  server.RaftServerConfigKeys (ConfUtils.java:logGet(44)) - raft.server.watch.timeout.denomination = 1s (default)
2021-10-21 00:13:50,043 [b1aa2fe7-eb40-4f9f-bfee-6ed7c04c202c@group-AE50F5E5AA8C-LeaderElection93] INFO  server.RaftServerConfigKeys (ConfUtils.java:logGet(44)) - raft.server.watch.element-limit = 65536 (default)
2021-10-21 00:13:50,043 [b1aa2fe7-eb40-4f9f-bfee-6ed7c04c202c@group-AE50F5E5AA8C-LeaderElection93] INFO  server.RaftServerConfigKeys (ConfUtils.java:logGet(44)) - raft.server.write.element-limit = 1024 (custom)
2021-10-21 00:13:50,043 [b1aa2fe7-eb40-4f9f-bfee-6ed7c04c202c@group-AE50F5E5AA8C-LeaderElection93] INFO  server.RaftServerConfigKeys (ConfUtils.java:logGet(44)) - raft.server.write.follower.gap.ratio.max = -1.0 (default)
2021-10-21 00:13:50,044 [b1aa2fe7-eb40-4f9f-bfee-6ed7c04c202c@group-AE50F5E5AA8C-LeaderElection93] INFO  impl.RoleInfo (RoleInfo.java:updateAndGet(130)) - b1aa2fe7-eb40-4f9f-bfee-6ed7c04c202c: start b1aa2fe7-eb40-4f9f-bfee-6ed7c04c202c@group-AE50F5E5AA8C-LeaderStateImpl
2021-10-21 00:13:50,044 [b1aa2fe7-eb40-4f9f-bfee-6ed7c04c202c@group-AE50F5E5AA8C-LeaderElection93] INFO  segmented.SegmentedRaftLogWorker (SegmentedRaftLogWorker.java:startLogSegment(394)) - b1aa2fe7-eb40-4f9f-bfee-6ed7c04c202c@group-AE50F5E5AA8C-SegmentedRaftLogWorker: Starting segment from index:0
2021-10-21 00:13:50,045 [b1aa2fe7-eb40-4f9f-bfee-6ed7c04c202c@group-AE50F5E5AA8C-SegmentedRaftLogWorker] INFO  segmented.SegmentedRaftLogWorker (SegmentedRaftLogWorker.java:execute(601)) - b1aa2fe7-eb40-4f9f-bfee-6ed7c04c202c@group-AE50F5E5AA8C-SegmentedRaftLogWorker: created new log segment /home/runner/work/ozone/ozone/hadoop-ozone/integration-test/target/test-dir/MiniOzoneClusterImpl-0ff56402-746c-4b46-aacb-40edab3b56db/datanode-3/data/ratis/90eb6df1-f670-4912-ae0e-ae50f5e5aa8c/current/log_inprogress_0
2021-10-21 00:13:50,115 [b1aa2fe7-eb40-4f9f-bfee-6ed7c04c202c@group-AE50F5E5AA8C-LeaderElection93] INFO  server.RaftServer$Division (ServerState.java:setRaftConf(387)) - b1aa2fe7-eb40-4f9f-bfee-6ed7c04c202c@group-AE50F5E5AA8C: set configuration 0: [b1aa2fe7-eb40-4f9f-bfee-6ed7c04c202c|rpc:10.1.0.21:36605|dataStream:|priority:1], old=null
2021-10-21 00:13:50,251 [b1aa2fe7-eb40-4f9f-bfee-6ed7c04c202c@group-0C185B61CB60-FollowerState] INFO  impl.FollowerState (FollowerState.java:run(134)) - b1aa2fe7-eb40-4f9f-bfee-6ed7c04c202c@group-0C185B61CB60-FollowerState: change to CANDIDATE, lastRpcElapsedTime:5208105663ns, electionTimeout:5195ms
2021-10-21 00:13:50,252 [b1aa2fe7-eb40-4f9f-bfee-6ed7c04c202c@group-0C185B61CB60-FollowerState] INFO  impl.RoleInfo (RoleInfo.java:shutdownFollowerState(108)) - b1aa2fe7-eb40-4f9f-bfee-6ed7c04c202c: shutdown b1aa2fe7-eb40-4f9f-bfee-6ed7c04c202c@group-0C185B61CB60-FollowerState
2021-10-21 00:13:50,252 [b1aa2fe7-eb40-4f9f-bfee-6ed7c04c202c@group-0C185B61CB60-FollowerState] INFO  server.RaftServer$Division (RaftServerImpl.java:setRole(290)) - b1aa2fe7-eb40-4f9f-bfee-6ed7c04c202c@group-0C185B61CB60: changes role from  FOLLOWER to CANDIDATE at term 0 for changeToCandidate
2021-10-21 00:13:50,252 [b1aa2fe7-eb40-4f9f-bfee-6ed7c04c202c@group-0C185B61CB60-FollowerState] INFO  server.RaftServerConfigKeys (ConfUtils.java:logGet(44)) - raft.server.leaderelection.pre-vote = false (custom)
2021-10-21 00:13:50,252 [b1aa2fe7-eb40-4f9f-bfee-6ed7c04c202c@group-0C185B61CB60-FollowerState] INFO  impl.RoleInfo (RoleInfo.java:updateAndGet(130)) - b1aa2fe7-eb40-4f9f-bfee-6ed7c04c202c: start b1aa2fe7-eb40-4f9f-bfee-6ed7c04c202c@group-0C185B61CB60-LeaderElection94
2021-10-21 00:13:50,293 [b1aa2fe7-eb40-4f9f-bfee-6ed7c04c202c@group-0C185B61CB60-LeaderElection94] INFO  impl.LeaderElection (LeaderElection.java:askForVotes(306)) - b1aa2fe7-eb40-4f9f-bfee-6ed7c04c202c@group-0C185B61CB60-LeaderElection94 ELECTION round 0: submit vote requests at term 1 for -1: [5ad7e042-c272-4503-bb68-cca0083e8bfb|rpc:10.1.0.21:44457|priority:1, b1aa2fe7-eb40-4f9f-bfee-6ed7c04c202c|rpc:10.1.0.21:36605|priority:0, 6c4bf312-847f-4261-b1bf-aef11305f2d7|rpc:10.1.0.21:45071|priority:0], old=null
2021-10-21 00:13:50,295 [5ad7e042-c272-4503-bb68-cca0083e8bfb@group-0C185B61CB60-FollowerState] INFO  impl.FollowerState (FollowerState.java:run(134)) - 5ad7e042-c272-4503-bb68-cca0083e8bfb@group-0C185B61CB60-FollowerState: change to CANDIDATE, lastRpcElapsedTime:5051575738ns, electionTimeout:5019ms
2021-10-21 00:13:50,295 [5ad7e042-c272-4503-bb68-cca0083e8bfb@group-0C185B61CB60-FollowerState] INFO  impl.RoleInfo (RoleInfo.java:shutdownFollowerState(108)) - 5ad7e042-c272-4503-bb68-cca0083e8bfb: shutdown 5ad7e042-c272-4503-bb68-cca0083e8bfb@group-0C185B61CB60-FollowerState
2021-10-21 00:13:50,295 [5ad7e042-c272-4503-bb68-cca0083e8bfb@group-0C185B61CB60-FollowerState] INFO  server.RaftServer$Division (RaftServerImpl.java:setRole(290)) - 5ad7e042-c272-4503-bb68-cca0083e8bfb@group-0C185B61CB60: changes role from  FOLLOWER to CANDIDATE at term 0 for changeToCandidate
2021-10-21 00:13:50,358 [5ad7e042-c272-4503-bb68-cca0083e8bfb@group-0C185B61CB60-FollowerState] INFO  server.RaftServerConfigKeys (ConfUtils.java:logGet(44)) - raft.server.leaderelection.pre-vote = false (custom)
2021-10-21 00:13:50,358 [grpc-default-executor-2] INFO  server.RaftServer$Division (RaftServerImpl.java:requestVote(1046)) - 5ad7e042-c272-4503-bb68-cca0083e8bfb@group-0C185B61CB60: receive requestVote(ELECTION, b1aa2fe7-eb40-4f9f-bfee-6ed7c04c202c, group-0C185B61CB60, 1, (t:0, i:0))
2021-10-21 00:13:50,358 [5ad7e042-c272-4503-bb68-cca0083e8bfb@group-0C185B61CB60-FollowerState] INFO  impl.RoleInfo (RoleInfo.java:updateAndGet(130)) - 5ad7e042-c272-4503-bb68-cca0083e8bfb: start 5ad7e042-c272-4503-bb68-cca0083e8bfb@group-0C185B61CB60-LeaderElection95
2021-10-21 00:13:50,431 [grpc-default-executor-2] INFO  impl.VoteContext (VoteContext.java:log(48)) - 5ad7e042-c272-4503-bb68-cca0083e8bfb@group-0C185B61CB60-CANDIDATE: reject ELECTION from b1aa2fe7-eb40-4f9f-bfee-6ed7c04c202c: our priority 1 > candidate's priority 0
2021-10-21 00:13:50,432 [grpc-default-executor-2] INFO  server.RaftServer$Division (RaftServerImpl.java:setRole(290)) - 5ad7e042-c272-4503-bb68-cca0083e8bfb@group-0C185B61CB60: changes role from CANDIDATE to FOLLOWER at term 1 for candidate:b1aa2fe7-eb40-4f9f-bfee-6ed7c04c202c
2021-10-21 00:13:50,432 [grpc-default-executor-2] INFO  impl.RoleInfo (RoleInfo.java:shutdownLeaderElection(121)) - 5ad7e042-c272-4503-bb68-cca0083e8bfb: shutdown 5ad7e042-c272-4503-bb68-cca0083e8bfb@group-0C185B61CB60-LeaderElection95
2021-10-21 00:13:50,432 [grpc-default-executor-2] INFO  impl.RoleInfo (RoleInfo.java:updateAndGet(130)) - 5ad7e042-c272-4503-bb68-cca0083e8bfb: start 5ad7e042-c272-4503-bb68-cca0083e8bfb@group-0C185B61CB60-FollowerState
2021-10-21 00:13:50,456 [5ad7e042-c272-4503-bb68-cca0083e8bfb@group-0C185B61CB60-LeaderElection95] INFO  impl.LeaderElection (LeaderElection.java:run(230)) - 5ad7e042-c272-4503-bb68-cca0083e8bfb@group-0C185B61CB60-LeaderElection95: skip running since this is already CLOSING
2021-10-21 00:13:50,469 [grpc-default-executor-4] INFO  server.RaftServer$Division (RaftServerImpl.java:requestVote(1046)) - 6c4bf312-847f-4261-b1bf-aef11305f2d7@group-0C185B61CB60: receive requestVote(ELECTION, b1aa2fe7-eb40-4f9f-bfee-6ed7c04c202c, group-0C185B61CB60, 1, (t:0, i:0))
2021-10-21 00:13:50,469 [grpc-default-executor-4] INFO  impl.VoteContext (VoteContext.java:log(48)) - 6c4bf312-847f-4261-b1bf-aef11305f2d7@group-0C185B61CB60-FOLLOWER: accept ELECTION from b1aa2fe7-eb40-4f9f-bfee-6ed7c04c202c: our priority 0 <= candidate's priority 0
2021-10-21 00:13:50,470 [grpc-default-executor-4] INFO  server.RaftServer$Division (RaftServerImpl.java:setRole(290)) - 6c4bf312-847f-4261-b1bf-aef11305f2d7@group-0C185B61CB60: changes role from  FOLLOWER to FOLLOWER at term 1 for candidate:b1aa2fe7-eb40-4f9f-bfee-6ed7c04c202c
2021-10-21 00:13:50,470 [grpc-default-executor-4] INFO  impl.RoleInfo (RoleInfo.java:shutdownFollowerState(108)) - 6c4bf312-847f-4261-b1bf-aef11305f2d7: shutdown 6c4bf312-847f-4261-b1bf-aef11305f2d7@group-0C185B61CB60-FollowerState
2021-10-21 00:13:50,470 [grpc-default-executor-4] INFO  impl.RoleInfo (RoleInfo.java:updateAndGet(130)) - 6c4bf312-847f-4261-b1bf-aef11305f2d7: start 6c4bf312-847f-4261-b1bf-aef11305f2d7@group-0C185B61CB60-FollowerState
2021-10-21 00:13:50,470 [6c4bf312-847f-4261-b1bf-aef11305f2d7@group-0C185B61CB60-FollowerState] INFO  impl.FollowerState (FollowerState.java:run(143)) - 6c4bf312-847f-4261-b1bf-aef11305f2d7@group-0C185B61CB60-FollowerState was interrupted: {}
java.lang.InterruptedException: sleep interrupted
	at java.lang.Thread.sleep(Native Method)
	at java.lang.Thread.sleep(Thread.java:340)
	at java.util.concurrent.TimeUnit.sleep(TimeUnit.java:386)
	at org.apache.ratis.util.TimeDuration.sleep(TimeDuration.java:324)
	at org.apache.ratis.util.TimeDuration.sleep(TimeDuration.java:309)
	at org.apache.ratis.server.impl.FollowerState.run(FollowerState.java:118)
2021-10-21 00:13:50,472 [grpc-default-executor-2] INFO  server.RaftServer$Division (RaftServerImpl.java:requestVote(1078)) - 5ad7e042-c272-4503-bb68-cca0083e8bfb@group-0C185B61CB60 replies to ELECTION vote request: b1aa2fe7-eb40-4f9f-bfee-6ed7c04c202c<-5ad7e042-c272-4503-bb68-cca0083e8bfb#0:FAIL-t1. Peer's state: 5ad7e042-c272-4503-bb68-cca0083e8bfb@group-0C185B61CB60:t1, leader=null, voted=null, raftlog=5ad7e042-c272-4503-bb68-cca0083e8bfb@group-0C185B61CB60-SegmentedRaftLog:OPENED:c-1, conf=-1: [5ad7e042-c272-4503-bb68-cca0083e8bfb|rpc:10.1.0.21:44457|dataStream:|priority:1, b1aa2fe7-eb40-4f9f-bfee-6ed7c04c202c|rpc:10.1.0.21:36605|dataStream:|priority:0, 6c4bf312-847f-4261-b1bf-aef11305f2d7|rpc:10.1.0.21:45071|dataStream:|priority:0], old=null
2021-10-21 00:13:50,475 [b1aa2fe7-eb40-4f9f-bfee-6ed7c04c202c@group-0C185B61CB60-LeaderElection94] INFO  impl.LeaderElection (LeaderElection.java:logAndReturn(89)) - b1aa2fe7-eb40-4f9f-bfee-6ed7c04c202c@group-0C185B61CB60-LeaderElection94: ELECTION REJECTED received 1 response(s) and 0 exception(s):
2021-10-21 00:13:50,475 [b1aa2fe7-eb40-4f9f-bfee-6ed7c04c202c@group-0C185B61CB60-LeaderElection94] INFO  impl.LeaderElection (LeaderElection.java:logAndReturn(93)) -   Response 0: b1aa2fe7-eb40-4f9f-bfee-6ed7c04c202c<-5ad7e042-c272-4503-bb68-cca0083e8bfb#0:FAIL-t1
2021-10-21 00:13:50,476 [b1aa2fe7-eb40-4f9f-bfee-6ed7c04c202c@group-0C185B61CB60-LeaderElection94] INFO  impl.LeaderElection (LeaderElection.java:askForVotes(308)) - b1aa2fe7-eb40-4f9f-bfee-6ed7c04c202c@group-0C185B61CB60-LeaderElection94 ELECTION round 0: result REJECTED
2021-10-21 00:13:50,476 [b1aa2fe7-eb40-4f9f-bfee-6ed7c04c202c@group-0C185B61CB60-LeaderElection94] INFO  server.RaftServer$Division (RaftServerImpl.java:setRole(290)) - b1aa2fe7-eb40-4f9f-bfee-6ed7c04c202c@group-0C185B61CB60: changes role from CANDIDATE to FOLLOWER at term 1 for REJECTED
2021-10-21 00:13:50,476 [b1aa2fe7-eb40-4f9f-bfee-6ed7c04c202c@group-0C185B61CB60-LeaderElection94] INFO  impl.RoleInfo (RoleInfo.java:shutdownLeaderElection(121)) - b1aa2fe7-eb40-4f9f-bfee-6ed7c04c202c: shutdown b1aa2fe7-eb40-4f9f-bfee-6ed7c04c202c@group-0C185B61CB60-LeaderElection94
2021-10-21 00:13:50,476 [grpc-default-executor-4] INFO  server.RaftServer$Division (RaftServerImpl.java:requestVote(1078)) - 6c4bf312-847f-4261-b1bf-aef11305f2d7@group-0C185B61CB60 replies to ELECTION vote request: b1aa2fe7-eb40-4f9f-bfee-6ed7c04c202c<-6c4bf312-847f-4261-b1bf-aef11305f2d7#0:OK-t1. Peer's state: 6c4bf312-847f-4261-b1bf-aef11305f2d7@group-0C185B61CB60:t1, leader=null, voted=b1aa2fe7-eb40-4f9f-bfee-6ed7c04c202c, raftlog=6c4bf312-847f-4261-b1bf-aef11305f2d7@group-0C185B61CB60-SegmentedRaftLog:OPENED:c-1, conf=-1: [5ad7e042-c272-4503-bb68-cca0083e8bfb|rpc:10.1.0.21:44457|dataStream:|priority:1, b1aa2fe7-eb40-4f9f-bfee-6ed7c04c202c|rpc:10.1.0.21:36605|dataStream:|priority:0, 6c4bf312-847f-4261-b1bf-aef11305f2d7|rpc:10.1.0.21:45071|dataStream:|priority:0], old=null
2021-10-21 00:13:50,478 [b1aa2fe7-eb40-4f9f-bfee-6ed7c04c202c@group-0C185B61CB60-LeaderElection94] INFO  impl.RoleInfo (RoleInfo.java:updateAndGet(130)) - b1aa2fe7-eb40-4f9f-bfee-6ed7c04c202c: start b1aa2fe7-eb40-4f9f-bfee-6ed7c04c202c@group-0C185B61CB60-FollowerState
2021-10-21 00:13:50,507 [Listener at 127.0.0.1/34193] INFO  ozone.MiniOzoneClusterImpl (MiniOzoneClusterImpl.java:lambda$waitForClusterToBeReady$0(235)) - Nodes are ready. Got 9 of 9 DN Heartbeats.
2021-10-21 00:13:50,507 [Listener at 127.0.0.1/34193] INFO  ozone.MiniOzoneClusterImpl (MiniOzoneClusterImpl.java:lambda$waitForClusterToBeReady$0(238)) - Waiting for cluster to exit safe mode
2021-10-21 00:13:50,507 [Listener at 127.0.0.1/34193] INFO  ozone.MiniOzoneClusterImpl (MiniOzoneClusterImpl.java:lambda$waitForClusterToBeReady$0(240)) - SCM became leader
2021-10-21 00:13:50,875 [5ad7e042-c272-4503-bb68-cca0083e8bfb@group-E5DA313F72DE-FollowerState] INFO  impl.FollowerState (FollowerState.java:run(134)) - 5ad7e042-c272-4503-bb68-cca0083e8bfb@group-E5DA313F72DE-FollowerState: change to CANDIDATE, lastRpcElapsedTime:5189961484ns, electionTimeout:5166ms
2021-10-21 00:13:50,875 [5ad7e042-c272-4503-bb68-cca0083e8bfb@group-E5DA313F72DE-FollowerState] INFO  impl.RoleInfo (RoleInfo.java:shutdownFollowerState(108)) - 5ad7e042-c272-4503-bb68-cca0083e8bfb: shutdown 5ad7e042-c272-4503-bb68-cca0083e8bfb@group-E5DA313F72DE-FollowerState
2021-10-21 00:13:50,875 [5ad7e042-c272-4503-bb68-cca0083e8bfb@group-E5DA313F72DE-FollowerState] INFO  server.RaftServer$Division (RaftServerImpl.java:setRole(290)) - 5ad7e042-c272-4503-bb68-cca0083e8bfb@group-E5DA313F72DE: changes role from  FOLLOWER to CANDIDATE at term 0 for changeToCandidate
2021-10-21 00:13:50,875 [5ad7e042-c272-4503-bb68-cca0083e8bfb@group-E5DA313F72DE-FollowerState] INFO  server.RaftServerConfigKeys (ConfUtils.java:logGet(44)) - raft.server.leaderelection.pre-vote = false (custom)
2021-10-21 00:13:50,875 [5ad7e042-c272-4503-bb68-cca0083e8bfb@group-E5DA313F72DE-FollowerState] INFO  impl.RoleInfo (RoleInfo.java:updateAndGet(130)) - 5ad7e042-c272-4503-bb68-cca0083e8bfb: start 5ad7e042-c272-4503-bb68-cca0083e8bfb@group-E5DA313F72DE-LeaderElection96
2021-10-21 00:13:50,963 [5ad7e042-c272-4503-bb68-cca0083e8bfb@group-E5DA313F72DE-LeaderElection96] INFO  impl.LeaderElection (LeaderElection.java:askForVotes(306)) - 5ad7e042-c272-4503-bb68-cca0083e8bfb@group-E5DA313F72DE-LeaderElection96 ELECTION round 0: submit vote requests at term 1 for -1: [5ad7e042-c272-4503-bb68-cca0083e8bfb|rpc:10.1.0.21:44457|priority:1], old=null
2021-10-21 00:13:50,963 [5ad7e042-c272-4503-bb68-cca0083e8bfb@group-E5DA313F72DE-LeaderElection96] INFO  impl.LeaderElection (LeaderElection.java:askForVotes(308)) - 5ad7e042-c272-4503-bb68-cca0083e8bfb@group-E5DA313F72DE-LeaderElection96 ELECTION round 0: result PASSED (term=1)
2021-10-21 00:13:50,963 [5ad7e042-c272-4503-bb68-cca0083e8bfb@group-E5DA313F72DE-LeaderElection96] INFO  impl.RoleInfo (RoleInfo.java:shutdownLeaderElection(121)) - 5ad7e042-c272-4503-bb68-cca0083e8bfb: shutdown 5ad7e042-c272-4503-bb68-cca0083e8bfb@group-E5DA313F72DE-LeaderElection96
2021-10-21 00:13:50,963 [5ad7e042-c272-4503-bb68-cca0083e8bfb@group-E5DA313F72DE-LeaderElection96] INFO  server.RaftServer$Division (RaftServerImpl.java:setRole(290)) - 5ad7e042-c272-4503-bb68-cca0083e8bfb@group-E5DA313F72DE: changes role from CANDIDATE to LEADER at term 1 for changeToLeader
2021-10-21 00:13:50,963 [5ad7e042-c272-4503-bb68-cca0083e8bfb@group-E5DA313F72DE-LeaderElection96] INFO  ratis.XceiverServerRatis (XceiverServerRatis.java:handleLeaderChangedNotification(866)) - Leader change notification received for group: group-E5DA313F72DE with new leaderId: 5ad7e042-c272-4503-bb68-cca0083e8bfb
2021-10-21 00:13:50,963 [5ad7e042-c272-4503-bb68-cca0083e8bfb@group-E5DA313F72DE-LeaderElection96] INFO  server.RaftServer$Division (ServerState.java:setLeader(285)) - 5ad7e042-c272-4503-bb68-cca0083e8bfb@group-E5DA313F72DE: change Leader from null to 5ad7e042-c272-4503-bb68-cca0083e8bfb at term 1 for becomeLeader, leader elected after 5300ms
2021-10-21 00:13:50,963 [5ad7e042-c272-4503-bb68-cca0083e8bfb@group-E5DA313F72DE-LeaderElection96] INFO  server.RaftServerConfigKeys (ConfUtils.java:logGet(44)) - raft.server.staging.catchup.gap = 1000 (default)
2021-10-21 00:13:50,964 [Datanode State Machine Thread - 0] WARN  statemachine.StateContext (StateContext.java:execute(621)) - No available thread in pool for past 1 seconds.
2021-10-21 00:13:50,964 [5ad7e042-c272-4503-bb68-cca0083e8bfb@group-E5DA313F72DE-LeaderElection96] INFO  server.RaftServerConfigKeys (ConfUtils.java:logGet(44)) - raft.server.write.element-limit = 1024 (custom)
2021-10-21 00:13:50,964 [5ad7e042-c272-4503-bb68-cca0083e8bfb@group-E5DA313F72DE-LeaderElection96] INFO  server.RaftServerConfigKeys (ConfUtils.java:logGet(44)) - raft.server.write.byte-limit = 1024 M (=1073741824) (custom)
2021-10-21 00:13:50,965 [EventQueue-OpenPipelineForHealthyPipelineSafeModeRule] INFO  safemode.SCMSafeModeManager (HealthyPipelineSafeModeRule.java:process(124)) - SCM in safe mode. Healthy pipelines reported count is 0, required healthy pipeline reported count is 1
2021-10-21 00:13:50,965 [5ad7e042-c272-4503-bb68-cca0083e8bfb@group-E5DA313F72DE-LeaderElection96] INFO  server.RaftServerConfigKeys (ConfUtils.java:logGet(44)) - raft.server.watch.timeout = 3000ms (custom)
2021-10-21 00:13:50,967 [5ad7e042-c272-4503-bb68-cca0083e8bfb@group-E5DA313F72DE-LeaderElection96] INFO  server.RaftServerConfigKeys (ConfUtils.java:logGet(44)) - raft.server.watch.timeout.denomination = 1s (default)
2021-10-21 00:13:50,967 [5ad7e042-c272-4503-bb68-cca0083e8bfb@group-E5DA313F72DE-LeaderElection96] INFO  server.RaftServerConfigKeys (ConfUtils.java:logGet(44)) - raft.server.watch.element-limit = 65536 (default)
2021-10-21 00:13:50,967 [5ad7e042-c272-4503-bb68-cca0083e8bfb@group-E5DA313F72DE-LeaderElection96] INFO  server.RaftServerConfigKeys (ConfUtils.java:logGet(44)) - raft.server.write.element-limit = 1024 (custom)
2021-10-21 00:13:50,967 [5ad7e042-c272-4503-bb68-cca0083e8bfb@group-E5DA313F72DE-LeaderElection96] INFO  server.RaftServerConfigKeys (ConfUtils.java:logGet(44)) - raft.server.write.follower.gap.ratio.max = -1.0 (default)
2021-10-21 00:13:50,967 [5ad7e042-c272-4503-bb68-cca0083e8bfb@group-E5DA313F72DE-LeaderElection96] INFO  impl.RoleInfo (RoleInfo.java:updateAndGet(130)) - 5ad7e042-c272-4503-bb68-cca0083e8bfb: start 5ad7e042-c272-4503-bb68-cca0083e8bfb@group-E5DA313F72DE-LeaderStateImpl
2021-10-21 00:13:50,968 [5ad7e042-c272-4503-bb68-cca0083e8bfb@group-E5DA313F72DE-LeaderElection96] INFO  segmented.SegmentedRaftLogWorker (SegmentedRaftLogWorker.java:startLogSegment(394)) - 5ad7e042-c272-4503-bb68-cca0083e8bfb@group-E5DA313F72DE-SegmentedRaftLogWorker: Starting segment from index:0
2021-10-21 00:13:50,971 [5ad7e042-c272-4503-bb68-cca0083e8bfb@group-E5DA313F72DE-SegmentedRaftLogWorker] INFO  segmented.SegmentedRaftLogWorker (SegmentedRaftLogWorker.java:execute(601)) - 5ad7e042-c272-4503-bb68-cca0083e8bfb@group-E5DA313F72DE-SegmentedRaftLogWorker: created new log segment /home/runner/work/ozone/ozone/hadoop-ozone/integration-test/target/test-dir/MiniOzoneClusterImpl-0ff56402-746c-4b46-aacb-40edab3b56db/datanode-4/data/ratis/9d13e69d-5ca4-4e6e-b123-e5da313f72de/current/log_inprogress_0
2021-10-21 00:13:50,972 [5ad7e042-c272-4503-bb68-cca0083e8bfb@group-E5DA313F72DE-LeaderElection96] INFO  server.RaftServer$Division (ServerState.java:setRaftConf(387)) - 5ad7e042-c272-4503-bb68-cca0083e8bfb@group-E5DA313F72DE: set configuration 0: [5ad7e042-c272-4503-bb68-cca0083e8bfb|rpc:10.1.0.21:44457|dataStream:|priority:1], old=null
2021-10-21 00:13:51,510 [Listener at 127.0.0.1/34193] INFO  ozone.MiniOzoneClusterImpl (MiniOzoneClusterImpl.java:lambda$waitForClusterToBeReady$0(235)) - Nodes are ready. Got 9 of 9 DN Heartbeats.
2021-10-21 00:13:51,511 [Listener at 127.0.0.1/34193] INFO  ozone.MiniOzoneClusterImpl (MiniOzoneClusterImpl.java:lambda$waitForClusterToBeReady$0(238)) - Waiting for cluster to exit safe mode
2021-10-21 00:13:51,511 [Listener at 127.0.0.1/34193] INFO  ozone.MiniOzoneClusterImpl (MiniOzoneClusterImpl.java:lambda$waitForClusterToBeReady$0(240)) - SCM became leader
2021-10-21 00:13:51,946 [6c4bf312-847f-4261-b1bf-aef11305f2d7@group-D3D63B047129-FollowerState] INFO  impl.FollowerState (FollowerState.java:run(134)) - 6c4bf312-847f-4261-b1bf-aef11305f2d7@group-D3D63B047129-FollowerState: change to CANDIDATE, lastRpcElapsedTime:5192347704ns, electionTimeout:5188ms
2021-10-21 00:13:51,946 [6c4bf312-847f-4261-b1bf-aef11305f2d7@group-D3D63B047129-FollowerState] INFO  impl.RoleInfo (RoleInfo.java:shutdownFollowerState(108)) - 6c4bf312-847f-4261-b1bf-aef11305f2d7: shutdown 6c4bf312-847f-4261-b1bf-aef11305f2d7@group-D3D63B047129-FollowerState
2021-10-21 00:13:51,946 [6c4bf312-847f-4261-b1bf-aef11305f2d7@group-D3D63B047129-FollowerState] INFO  server.RaftServer$Division (RaftServerImpl.java:setRole(290)) - 6c4bf312-847f-4261-b1bf-aef11305f2d7@group-D3D63B047129: changes role from  FOLLOWER to CANDIDATE at term 0 for changeToCandidate
2021-10-21 00:13:51,949 [6c4bf312-847f-4261-b1bf-aef11305f2d7@group-D3D63B047129-FollowerState] INFO  server.RaftServerConfigKeys (ConfUtils.java:logGet(44)) - raft.server.leaderelection.pre-vote = false (custom)
2021-10-21 00:13:51,949 [6c4bf312-847f-4261-b1bf-aef11305f2d7@group-D3D63B047129-FollowerState] INFO  impl.RoleInfo (RoleInfo.java:updateAndGet(130)) - 6c4bf312-847f-4261-b1bf-aef11305f2d7: start 6c4bf312-847f-4261-b1bf-aef11305f2d7@group-D3D63B047129-LeaderElection97
2021-10-21 00:13:52,031 [6c4bf312-847f-4261-b1bf-aef11305f2d7@group-D3D63B047129-LeaderElection97] INFO  impl.LeaderElection (LeaderElection.java:askForVotes(306)) - 6c4bf312-847f-4261-b1bf-aef11305f2d7@group-D3D63B047129-LeaderElection97 ELECTION round 0: submit vote requests at term 1 for -1: [6c4bf312-847f-4261-b1bf-aef11305f2d7|rpc:10.1.0.21:45071|priority:1], old=null
2021-10-21 00:13:52,031 [6c4bf312-847f-4261-b1bf-aef11305f2d7@group-D3D63B047129-LeaderElection97] INFO  impl.LeaderElection (LeaderElection.java:askForVotes(308)) - 6c4bf312-847f-4261-b1bf-aef11305f2d7@group-D3D63B047129-LeaderElection97 ELECTION round 0: result PASSED (term=1)
2021-10-21 00:13:52,031 [6c4bf312-847f-4261-b1bf-aef11305f2d7@group-D3D63B047129-LeaderElection97] INFO  impl.RoleInfo (RoleInfo.java:shutdownLeaderElection(121)) - 6c4bf312-847f-4261-b1bf-aef11305f2d7: shutdown 6c4bf312-847f-4261-b1bf-aef11305f2d7@group-D3D63B047129-LeaderElection97
2021-10-21 00:13:52,031 [6c4bf312-847f-4261-b1bf-aef11305f2d7@group-D3D63B047129-LeaderElection97] INFO  server.RaftServer$Division (RaftServerImpl.java:setRole(290)) - 6c4bf312-847f-4261-b1bf-aef11305f2d7@group-D3D63B047129: changes role from CANDIDATE to LEADER at term 1 for changeToLeader
2021-10-21 00:13:52,031 [6c4bf312-847f-4261-b1bf-aef11305f2d7@group-D3D63B047129-LeaderElection97] INFO  ratis.XceiverServerRatis (XceiverServerRatis.java:handleLeaderChangedNotification(866)) - Leader change notification received for group: group-D3D63B047129 with new leaderId: 6c4bf312-847f-4261-b1bf-aef11305f2d7
2021-10-21 00:13:52,031 [6c4bf312-847f-4261-b1bf-aef11305f2d7@group-D3D63B047129-LeaderElection97] INFO  server.RaftServer$Division (ServerState.java:setLeader(285)) - 6c4bf312-847f-4261-b1bf-aef11305f2d7@group-D3D63B047129: change Leader from null to 6c4bf312-847f-4261-b1bf-aef11305f2d7 at term 1 for becomeLeader, leader elected after 5331ms
2021-10-21 00:13:52,031 [6c4bf312-847f-4261-b1bf-aef11305f2d7@group-D3D63B047129-LeaderElection97] INFO  server.RaftServerConfigKeys (ConfUtils.java:logGet(44)) - raft.server.staging.catchup.gap = 1000 (default)
2021-10-21 00:13:52,032 [6c4bf312-847f-4261-b1bf-aef11305f2d7@group-D3D63B047129-LeaderElection97] INFO  server.RaftServerConfigKeys (ConfUtils.java:logGet(44)) - raft.server.write.element-limit = 1024 (custom)
2021-10-21 00:13:52,032 [6c4bf312-847f-4261-b1bf-aef11305f2d7@group-D3D63B047129-LeaderElection97] INFO  server.RaftServerConfigKeys (ConfUtils.java:logGet(44)) - raft.server.write.byte-limit = 1024 M (=1073741824) (custom)
2021-10-21 00:13:52,032 [6c4bf312-847f-4261-b1bf-aef11305f2d7@group-D3D63B047129-LeaderElection97] INFO  server.RaftServerConfigKeys (ConfUtils.java:logGet(44)) - raft.server.watch.timeout = 3000ms (custom)
2021-10-21 00:13:52,032 [6c4bf312-847f-4261-b1bf-aef11305f2d7@group-D3D63B047129-LeaderElection97] INFO  server.RaftServerConfigKeys (ConfUtils.java:logGet(44)) - raft.server.watch.timeout.denomination = 1s (default)
2021-10-21 00:13:52,032 [6c4bf312-847f-4261-b1bf-aef11305f2d7@group-D3D63B047129-LeaderElection97] INFO  server.RaftServerConfigKeys (ConfUtils.java:logGet(44)) - raft.server.watch.element-limit = 65536 (default)
2021-10-21 00:13:52,032 [6c4bf312-847f-4261-b1bf-aef11305f2d7@group-D3D63B047129-LeaderElection97] INFO  server.RaftServerConfigKeys (ConfUtils.java:logGet(44)) - raft.server.write.element-limit = 1024 (custom)
2021-10-21 00:13:52,032 [6c4bf312-847f-4261-b1bf-aef11305f2d7@group-D3D63B047129-LeaderElection97] INFO  server.RaftServerConfigKeys (ConfUtils.java:logGet(44)) - raft.server.write.follower.gap.ratio.max = -1.0 (default)
2021-10-21 00:13:52,033 [6c4bf312-847f-4261-b1bf-aef11305f2d7@group-D3D63B047129-LeaderElection97] INFO  impl.RoleInfo (RoleInfo.java:updateAndGet(130)) - 6c4bf312-847f-4261-b1bf-aef11305f2d7: start 6c4bf312-847f-4261-b1bf-aef11305f2d7@group-D3D63B047129-LeaderStateImpl
2021-10-21 00:13:52,033 [6c4bf312-847f-4261-b1bf-aef11305f2d7@group-D3D63B047129-LeaderElection97] INFO  segmented.SegmentedRaftLogWorker (SegmentedRaftLogWorker.java:startLogSegment(394)) - 6c4bf312-847f-4261-b1bf-aef11305f2d7@group-D3D63B047129-SegmentedRaftLogWorker: Starting segment from index:0
2021-10-21 00:13:52,033 [Datanode State Machine Thread - 0] WARN  statemachine.StateContext (StateContext.java:execute(621)) - No available thread in pool for past 1 seconds.
2021-10-21 00:13:52,035 [6c4bf312-847f-4261-b1bf-aef11305f2d7@group-D3D63B047129-SegmentedRaftLogWorker] INFO  segmented.SegmentedRaftLogWorker (SegmentedRaftLogWorker.java:execute(601)) - 6c4bf312-847f-4261-b1bf-aef11305f2d7@group-D3D63B047129-SegmentedRaftLogWorker: created new log segment /home/runner/work/ozone/ozone/hadoop-ozone/integration-test/target/test-dir/MiniOzoneClusterImpl-0ff56402-746c-4b46-aacb-40edab3b56db/datanode-5/data/ratis/e2b4fbdb-9ba0-47cc-9ea4-d3d63b047129/current/log_inprogress_0
2021-10-21 00:13:52,035 [EventQueue-OpenPipelineForHealthyPipelineSafeModeRule] INFO  safemode.SCMSafeModeManager (HealthyPipelineSafeModeRule.java:process(124)) - SCM in safe mode. Healthy pipelines reported count is 0, required healthy pipeline reported count is 1
2021-10-21 00:13:52,075 [6c4bf312-847f-4261-b1bf-aef11305f2d7@group-D3D63B047129-LeaderElection97] INFO  server.RaftServer$Division (ServerState.java:setRaftConf(387)) - 6c4bf312-847f-4261-b1bf-aef11305f2d7@group-D3D63B047129: set configuration 0: [6c4bf312-847f-4261-b1bf-aef11305f2d7|rpc:10.1.0.21:45071|dataStream:|priority:1], old=null
2021-10-21 00:13:52,515 [Listener at 127.0.0.1/34193] INFO  ozone.MiniOzoneClusterImpl (MiniOzoneClusterImpl.java:lambda$waitForClusterToBeReady$0(235)) - Nodes are ready. Got 9 of 9 DN Heartbeats.
2021-10-21 00:13:52,515 [Listener at 127.0.0.1/34193] INFO  ozone.MiniOzoneClusterImpl (MiniOzoneClusterImpl.java:lambda$waitForClusterToBeReady$0(238)) - Waiting for cluster to exit safe mode
2021-10-21 00:13:52,515 [Listener at 127.0.0.1/34193] INFO  ozone.MiniOzoneClusterImpl (MiniOzoneClusterImpl.java:lambda$waitForClusterToBeReady$0(240)) - SCM became leader
2021-10-21 00:13:53,154 [385ed75d-b5f2-4976-82ca-03b327f31da0@group-1ABE1F802D80-FollowerState] INFO  impl.FollowerState (FollowerState.java:run(134)) - 385ed75d-b5f2-4976-82ca-03b327f31da0@group-1ABE1F802D80-FollowerState: change to CANDIDATE, lastRpcElapsedTime:5120497600ns, electionTimeout:5104ms
2021-10-21 00:13:53,154 [385ed75d-b5f2-4976-82ca-03b327f31da0@group-1ABE1F802D80-FollowerState] INFO  impl.RoleInfo (RoleInfo.java:shutdownFollowerState(108)) - 385ed75d-b5f2-4976-82ca-03b327f31da0: shutdown 385ed75d-b5f2-4976-82ca-03b327f31da0@group-1ABE1F802D80-FollowerState
2021-10-21 00:13:53,154 [385ed75d-b5f2-4976-82ca-03b327f31da0@group-1ABE1F802D80-FollowerState] INFO  server.RaftServer$Division (RaftServerImpl.java:setRole(290)) - 385ed75d-b5f2-4976-82ca-03b327f31da0@group-1ABE1F802D80: changes role from  FOLLOWER to CANDIDATE at term 1 for changeToCandidate
2021-10-21 00:13:53,154 [385ed75d-b5f2-4976-82ca-03b327f31da0@group-1ABE1F802D80-FollowerState] INFO  server.RaftServerConfigKeys (ConfUtils.java:logGet(44)) - raft.server.leaderelection.pre-vote = false (custom)
2021-10-21 00:13:53,154 [385ed75d-b5f2-4976-82ca-03b327f31da0@group-1ABE1F802D80-FollowerState] INFO  impl.RoleInfo (RoleInfo.java:updateAndGet(130)) - 385ed75d-b5f2-4976-82ca-03b327f31da0: start 385ed75d-b5f2-4976-82ca-03b327f31da0@group-1ABE1F802D80-LeaderElection98
2021-10-21 00:13:53,186 [43a8bf6a-c132-4b01-9df6-8da121d8da0e@group-1ABE1F802D80-FollowerState] INFO  impl.FollowerState (FollowerState.java:run(134)) - 43a8bf6a-c132-4b01-9df6-8da121d8da0e@group-1ABE1F802D80-FollowerState: change to CANDIDATE, lastRpcElapsedTime:5160691991ns, electionTimeout:5158ms
2021-10-21 00:13:53,186 [43a8bf6a-c132-4b01-9df6-8da121d8da0e@group-1ABE1F802D80-FollowerState] INFO  impl.RoleInfo (RoleInfo.java:shutdownFollowerState(108)) - 43a8bf6a-c132-4b01-9df6-8da121d8da0e: shutdown 43a8bf6a-c132-4b01-9df6-8da121d8da0e@group-1ABE1F802D80-FollowerState
2021-10-21 00:13:53,186 [43a8bf6a-c132-4b01-9df6-8da121d8da0e@group-1ABE1F802D80-FollowerState] INFO  server.RaftServer$Division (RaftServerImpl.java:setRole(290)) - 43a8bf6a-c132-4b01-9df6-8da121d8da0e@group-1ABE1F802D80: changes role from  FOLLOWER to CANDIDATE at term 1 for changeToCandidate
2021-10-21 00:13:53,186 [43a8bf6a-c132-4b01-9df6-8da121d8da0e@group-1ABE1F802D80-FollowerState] INFO  server.RaftServerConfigKeys (ConfUtils.java:logGet(44)) - raft.server.leaderelection.pre-vote = false (custom)
2021-10-21 00:13:53,186 [43a8bf6a-c132-4b01-9df6-8da121d8da0e@group-1ABE1F802D80-FollowerState] INFO  impl.RoleInfo (RoleInfo.java:updateAndGet(130)) - 43a8bf6a-c132-4b01-9df6-8da121d8da0e: start 43a8bf6a-c132-4b01-9df6-8da121d8da0e@group-1ABE1F802D80-LeaderElection99
2021-10-21 00:13:53,199 [43a8bf6a-c132-4b01-9df6-8da121d8da0e@group-1ABE1F802D80-LeaderElection99] INFO  impl.LeaderElection (LeaderElection.java:askForVotes(306)) - 43a8bf6a-c132-4b01-9df6-8da121d8da0e@group-1ABE1F802D80-LeaderElection99 ELECTION round 0: submit vote requests at term 2 for -1: [43a8bf6a-c132-4b01-9df6-8da121d8da0e|rpc:10.1.0.21:44683|dataStream:|priority:1, b064551b-1fe0-41a9-91d7-ea536b2590c0|rpc:10.1.0.21:37069|dataStream:|priority:0, 385ed75d-b5f2-4976-82ca-03b327f31da0|rpc:10.1.0.21:43801|dataStream:|priority:0], old=null
2021-10-21 00:13:53,211 [fe031be3-9947-46ae-8b09-98e602d9361b@group-C7CEAFB8CAA2-FollowerState] INFO  impl.FollowerState (FollowerState.java:run(134)) - fe031be3-9947-46ae-8b09-98e602d9361b@group-C7CEAFB8CAA2-FollowerState: change to CANDIDATE, lastRpcElapsedTime:5029133809ns, electionTimeout:5024ms
2021-10-21 00:13:53,224 [fe031be3-9947-46ae-8b09-98e602d9361b@group-C7CEAFB8CAA2-FollowerState] INFO  impl.RoleInfo (RoleInfo.java:shutdownFollowerState(108)) - fe031be3-9947-46ae-8b09-98e602d9361b: shutdown fe031be3-9947-46ae-8b09-98e602d9361b@group-C7CEAFB8CAA2-FollowerState
2021-10-21 00:13:53,224 [fe031be3-9947-46ae-8b09-98e602d9361b@group-C7CEAFB8CAA2-FollowerState] INFO  server.RaftServer$Division (RaftServerImpl.java:setRole(290)) - fe031be3-9947-46ae-8b09-98e602d9361b@group-C7CEAFB8CAA2: changes role from  FOLLOWER to CANDIDATE at term 0 for changeToCandidate
2021-10-21 00:13:53,224 [385ed75d-b5f2-4976-82ca-03b327f31da0@group-1ABE1F802D80-LeaderElection98] INFO  impl.LeaderElection (LeaderElection.java:askForVotes(306)) - 385ed75d-b5f2-4976-82ca-03b327f31da0@group-1ABE1F802D80-LeaderElection98 ELECTION round 0: submit vote requests at term 2 for -1: [43a8bf6a-c132-4b01-9df6-8da121d8da0e|rpc:10.1.0.21:44683|priority:1, b064551b-1fe0-41a9-91d7-ea536b2590c0|rpc:10.1.0.21:37069|priority:0, 385ed75d-b5f2-4976-82ca-03b327f31da0|rpc:10.1.0.21:43801|priority:0], old=null
2021-10-21 00:13:53,319 [fe031be3-9947-46ae-8b09-98e602d9361b@group-C7CEAFB8CAA2-FollowerState] INFO  server.RaftServerConfigKeys (ConfUtils.java:logGet(44)) - raft.server.leaderelection.pre-vote = false (custom)
2021-10-21 00:13:53,319 [fe031be3-9947-46ae-8b09-98e602d9361b@group-C7CEAFB8CAA2-FollowerState] INFO  impl.RoleInfo (RoleInfo.java:updateAndGet(130)) - fe031be3-9947-46ae-8b09-98e602d9361b: start fe031be3-9947-46ae-8b09-98e602d9361b@group-C7CEAFB8CAA2-LeaderElection100
2021-10-21 00:13:53,319 [grpc-default-executor-4] INFO  server.RaftServer$Division (RaftServerImpl.java:requestVote(1046)) - 43a8bf6a-c132-4b01-9df6-8da121d8da0e@group-1ABE1F802D80: receive requestVote(ELECTION, 385ed75d-b5f2-4976-82ca-03b327f31da0, group-1ABE1F802D80, 2, (t:0, i:0))
2021-10-21 00:13:53,320 [grpc-default-executor-4] INFO  impl.VoteContext (VoteContext.java:log(48)) - 43a8bf6a-c132-4b01-9df6-8da121d8da0e@group-1ABE1F802D80-CANDIDATE: reject ELECTION from 385ed75d-b5f2-4976-82ca-03b327f31da0: already has voted for 43a8bf6a-c132-4b01-9df6-8da121d8da0e at current term 2
2021-10-21 00:13:53,320 [grpc-default-executor-4] INFO  server.RaftServer$Division (RaftServerImpl.java:requestVote(1078)) - 43a8bf6a-c132-4b01-9df6-8da121d8da0e@group-1ABE1F802D80 replies to ELECTION vote request: 385ed75d-b5f2-4976-82ca-03b327f31da0<-43a8bf6a-c132-4b01-9df6-8da121d8da0e#0:FAIL-t2. Peer's state: 43a8bf6a-c132-4b01-9df6-8da121d8da0e@group-1ABE1F802D80:t2, leader=null, voted=43a8bf6a-c132-4b01-9df6-8da121d8da0e, raftlog=43a8bf6a-c132-4b01-9df6-8da121d8da0e@group-1ABE1F802D80-SegmentedRaftLog:OPENED:c-1, conf=-1: [43a8bf6a-c132-4b01-9df6-8da121d8da0e|rpc:10.1.0.21:44683|dataStream:|priority:1, b064551b-1fe0-41a9-91d7-ea536b2590c0|rpc:10.1.0.21:37069|dataStream:|priority:0, 385ed75d-b5f2-4976-82ca-03b327f31da0|rpc:10.1.0.21:43801|dataStream:|priority:0], old=null
2021-10-21 00:13:53,380 [grpc-default-executor-2] INFO  server.RaftServer$Division (RaftServerImpl.java:requestVote(1046)) - b064551b-1fe0-41a9-91d7-ea536b2590c0@group-1ABE1F802D80: receive requestVote(ELECTION, 385ed75d-b5f2-4976-82ca-03b327f31da0, group-1ABE1F802D80, 2, (t:0, i:0))
2021-10-21 00:13:53,381 [grpc-default-executor-2] INFO  impl.VoteContext (VoteContext.java:log(48)) - b064551b-1fe0-41a9-91d7-ea536b2590c0@group-1ABE1F802D80-FOLLOWER: accept ELECTION from 385ed75d-b5f2-4976-82ca-03b327f31da0: our priority 0 <= candidate's priority 0
2021-10-21 00:13:53,381 [grpc-default-executor-2] INFO  server.RaftServer$Division (RaftServerImpl.java:setRole(290)) - b064551b-1fe0-41a9-91d7-ea536b2590c0@group-1ABE1F802D80: changes role from  FOLLOWER to FOLLOWER at term 2 for candidate:385ed75d-b5f2-4976-82ca-03b327f31da0
2021-10-21 00:13:53,381 [grpc-default-executor-2] INFO  impl.RoleInfo (RoleInfo.java:shutdownFollowerState(108)) - b064551b-1fe0-41a9-91d7-ea536b2590c0: shutdown b064551b-1fe0-41a9-91d7-ea536b2590c0@group-1ABE1F802D80-FollowerState
2021-10-21 00:13:53,381 [grpc-default-executor-2] INFO  impl.RoleInfo (RoleInfo.java:updateAndGet(130)) - b064551b-1fe0-41a9-91d7-ea536b2590c0: start b064551b-1fe0-41a9-91d7-ea536b2590c0@group-1ABE1F802D80-FollowerState
2021-10-21 00:13:53,381 [b064551b-1fe0-41a9-91d7-ea536b2590c0@group-1ABE1F802D80-FollowerState] INFO  impl.FollowerState (FollowerState.java:run(143)) - b064551b-1fe0-41a9-91d7-ea536b2590c0@group-1ABE1F802D80-FollowerState was interrupted: {}
java.lang.InterruptedException: sleep interrupted
	at java.lang.Thread.sleep(Native Method)
	at java.lang.Thread.sleep(Thread.java:340)
	at java.util.concurrent.TimeUnit.sleep(TimeUnit.java:386)
	at org.apache.ratis.util.TimeDuration.sleep(TimeDuration.java:324)
	at org.apache.ratis.util.TimeDuration.sleep(TimeDuration.java:309)
	at org.apache.ratis.server.impl.FollowerState.run(FollowerState.java:118)
2021-10-21 00:13:53,385 [fe031be3-9947-46ae-8b09-98e602d9361b@group-AA76DA738849-FollowerState] INFO  impl.FollowerState (FollowerState.java:run(134)) - fe031be3-9947-46ae-8b09-98e602d9361b@group-AA76DA738849-FollowerState: change to CANDIDATE, lastRpcElapsedTime:5098190282ns, electionTimeout:5066ms
2021-10-21 00:13:53,385 [fe031be3-9947-46ae-8b09-98e602d9361b@group-AA76DA738849-FollowerState] INFO  impl.RoleInfo (RoleInfo.java:shutdownFollowerState(108)) - fe031be3-9947-46ae-8b09-98e602d9361b: shutdown fe031be3-9947-46ae-8b09-98e602d9361b@group-AA76DA738849-FollowerState
2021-10-21 00:13:53,385 [fe031be3-9947-46ae-8b09-98e602d9361b@group-AA76DA738849-FollowerState] INFO  server.RaftServer$Division (RaftServerImpl.java:setRole(290)) - fe031be3-9947-46ae-8b09-98e602d9361b@group-AA76DA738849: changes role from  FOLLOWER to CANDIDATE at term 0 for changeToCandidate
2021-10-21 00:13:53,405 [fe031be3-9947-46ae-8b09-98e602d9361b@group-AA76DA738849-FollowerState] INFO  server.RaftServerConfigKeys (ConfUtils.java:logGet(44)) - raft.server.leaderelection.pre-vote = false (custom)
2021-10-21 00:13:53,405 [fe031be3-9947-46ae-8b09-98e602d9361b@group-AA76DA738849-FollowerState] INFO  impl.RoleInfo (RoleInfo.java:updateAndGet(130)) - fe031be3-9947-46ae-8b09-98e602d9361b: start fe031be3-9947-46ae-8b09-98e602d9361b@group-AA76DA738849-LeaderElection101
2021-10-21 00:13:53,468 [grpc-default-executor-2] INFO  server.RaftServer$Division (RaftServerImpl.java:requestVote(1078)) - b064551b-1fe0-41a9-91d7-ea536b2590c0@group-1ABE1F802D80 replies to ELECTION vote request: 385ed75d-b5f2-4976-82ca-03b327f31da0<-b064551b-1fe0-41a9-91d7-ea536b2590c0#0:OK-t2. Peer's state: b064551b-1fe0-41a9-91d7-ea536b2590c0@group-1ABE1F802D80:t2, leader=null, voted=385ed75d-b5f2-4976-82ca-03b327f31da0, raftlog=b064551b-1fe0-41a9-91d7-ea536b2590c0@group-1ABE1F802D80-SegmentedRaftLog:OPENED:c-1, conf=-1: [43a8bf6a-c132-4b01-9df6-8da121d8da0e|rpc:10.1.0.21:44683|priority:1, b064551b-1fe0-41a9-91d7-ea536b2590c0|rpc:10.1.0.21:37069|priority:0, 385ed75d-b5f2-4976-82ca-03b327f31da0|rpc:10.1.0.21:43801|priority:0], old=null
2021-10-21 00:13:53,469 [385ed75d-b5f2-4976-82ca-03b327f31da0@group-1ABE1F802D80-LeaderElection98] INFO  impl.LeaderElection (LeaderElection.java:logAndReturn(89)) - 385ed75d-b5f2-4976-82ca-03b327f31da0@group-1ABE1F802D80-LeaderElection98: ELECTION REJECTED received 1 response(s) and 0 exception(s):
2021-10-21 00:13:53,469 [385ed75d-b5f2-4976-82ca-03b327f31da0@group-1ABE1F802D80-LeaderElection98] INFO  impl.LeaderElection (LeaderElection.java:logAndReturn(93)) -   Response 0: 385ed75d-b5f2-4976-82ca-03b327f31da0<-43a8bf6a-c132-4b01-9df6-8da121d8da0e#0:FAIL-t2
2021-10-21 00:13:53,470 [385ed75d-b5f2-4976-82ca-03b327f31da0@group-1ABE1F802D80-LeaderElection98] INFO  impl.LeaderElection (LeaderElection.java:askForVotes(308)) - 385ed75d-b5f2-4976-82ca-03b327f31da0@group-1ABE1F802D80-LeaderElection98 ELECTION round 0: result REJECTED
2021-10-21 00:13:53,470 [385ed75d-b5f2-4976-82ca-03b327f31da0@group-1ABE1F802D80-LeaderElection98] INFO  server.RaftServer$Division (RaftServerImpl.java:setRole(290)) - 385ed75d-b5f2-4976-82ca-03b327f31da0@group-1ABE1F802D80: changes role from CANDIDATE to FOLLOWER at term 2 for REJECTED
2021-10-21 00:13:53,470 [385ed75d-b5f2-4976-82ca-03b327f31da0@group-1ABE1F802D80-LeaderElection98] INFO  impl.RoleInfo (RoleInfo.java:shutdownLeaderElection(121)) - 385ed75d-b5f2-4976-82ca-03b327f31da0: shutdown 385ed75d-b5f2-4976-82ca-03b327f31da0@group-1ABE1F802D80-LeaderElection98
2021-10-21 00:13:53,470 [385ed75d-b5f2-4976-82ca-03b327f31da0@group-1ABE1F802D80-LeaderElection98] INFO  impl.RoleInfo (RoleInfo.java:updateAndGet(130)) - 385ed75d-b5f2-4976-82ca-03b327f31da0: start 385ed75d-b5f2-4976-82ca-03b327f31da0@group-1ABE1F802D80-FollowerState
2021-10-21 00:13:53,469 [fe031be3-9947-46ae-8b09-98e602d9361b@group-C7CEAFB8CAA2-LeaderElection100] INFO  impl.LeaderElection (LeaderElection.java:askForVotes(306)) - fe031be3-9947-46ae-8b09-98e602d9361b@group-C7CEAFB8CAA2-LeaderElection100 ELECTION round 0: submit vote requests at term 1 for -1: [fe031be3-9947-46ae-8b09-98e602d9361b|rpc:10.1.0.21:44461|priority:1], old=null
2021-10-21 00:13:53,470 [fe031be3-9947-46ae-8b09-98e602d9361b@group-C7CEAFB8CAA2-LeaderElection100] INFO  impl.LeaderElection (LeaderElection.java:askForVotes(308)) - fe031be3-9947-46ae-8b09-98e602d9361b@group-C7CEAFB8CAA2-LeaderElection100 ELECTION round 0: result PASSED (term=1)
2021-10-21 00:13:53,470 [fe031be3-9947-46ae-8b09-98e602d9361b@group-C7CEAFB8CAA2-LeaderElection100] INFO  impl.RoleInfo (RoleInfo.java:shutdownLeaderElection(121)) - fe031be3-9947-46ae-8b09-98e602d9361b: shutdown fe031be3-9947-46ae-8b09-98e602d9361b@group-C7CEAFB8CAA2-LeaderElection100
2021-10-21 00:13:53,470 [fe031be3-9947-46ae-8b09-98e602d9361b@group-C7CEAFB8CAA2-LeaderElection100] INFO  server.RaftServer$Division (RaftServerImpl.java:setRole(290)) - fe031be3-9947-46ae-8b09-98e602d9361b@group-C7CEAFB8CAA2: changes role from CANDIDATE to LEADER at term 1 for changeToLeader
2021-10-21 00:13:53,470 [fe031be3-9947-46ae-8b09-98e602d9361b@group-C7CEAFB8CAA2-LeaderElection100] INFO  ratis.XceiverServerRatis (XceiverServerRatis.java:handleLeaderChangedNotification(866)) - Leader change notification received for group: group-C7CEAFB8CAA2 with new leaderId: fe031be3-9947-46ae-8b09-98e602d9361b
2021-10-21 00:13:53,469 [grpc-default-executor-4] INFO  server.RaftServer$Division (RaftServerImpl.java:requestVote(1046)) - b064551b-1fe0-41a9-91d7-ea536b2590c0@group-1ABE1F802D80: receive requestVote(ELECTION, 43a8bf6a-c132-4b01-9df6-8da121d8da0e, group-1ABE1F802D80, 2, (t:0, i:0))
2021-10-21 00:13:53,498 [fe031be3-9947-46ae-8b09-98e602d9361b@group-C7CEAFB8CAA2-LeaderElection100] INFO  server.RaftServer$Division (ServerState.java:setLeader(285)) - fe031be3-9947-46ae-8b09-98e602d9361b@group-C7CEAFB8CAA2: change Leader from null to fe031be3-9947-46ae-8b09-98e602d9361b at term 1 for becomeLeader, leader elected after 5357ms
2021-10-21 00:13:53,499 [fe031be3-9947-46ae-8b09-98e602d9361b@group-C7CEAFB8CAA2-LeaderElection100] INFO  server.RaftServerConfigKeys (ConfUtils.java:logGet(44)) - raft.server.staging.catchup.gap = 1000 (default)
2021-10-21 00:13:53,499 [Datanode State Machine Thread - 0] WARN  statemachine.StateContext (StateContext.java:execute(621)) - No available thread in pool for past 1 seconds.
2021-10-21 00:13:53,499 [fe031be3-9947-46ae-8b09-98e602d9361b@group-C7CEAFB8CAA2-LeaderElection100] INFO  server.RaftServerConfigKeys (ConfUtils.java:logGet(44)) - raft.server.write.element-limit = 1024 (custom)
2021-10-21 00:13:53,499 [fe031be3-9947-46ae-8b09-98e602d9361b@group-C7CEAFB8CAA2-LeaderElection100] INFO  server.RaftServerConfigKeys (ConfUtils.java:logGet(44)) - raft.server.write.byte-limit = 1024 M (=1073741824) (custom)
2021-10-21 00:13:53,499 [fe031be3-9947-46ae-8b09-98e602d9361b@group-C7CEAFB8CAA2-LeaderElection100] INFO  server.RaftServerConfigKeys (ConfUtils.java:logGet(44)) - raft.server.watch.timeout = 3000ms (custom)
2021-10-21 00:13:53,500 [fe031be3-9947-46ae-8b09-98e602d9361b@group-C7CEAFB8CAA2-LeaderElection100] INFO  server.RaftServerConfigKeys (ConfUtils.java:logGet(44)) - raft.server.watch.timeout.denomination = 1s (default)
2021-10-21 00:13:53,500 [fe031be3-9947-46ae-8b09-98e602d9361b@group-C7CEAFB8CAA2-LeaderElection100] INFO  server.RaftServerConfigKeys (ConfUtils.java:logGet(44)) - raft.server.watch.element-limit = 65536 (default)
2021-10-21 00:13:53,500 [fe031be3-9947-46ae-8b09-98e602d9361b@group-C7CEAFB8CAA2-LeaderElection100] INFO  server.RaftServerConfigKeys (ConfUtils.java:logGet(44)) - raft.server.write.element-limit = 1024 (custom)
2021-10-21 00:13:53,500 [fe031be3-9947-46ae-8b09-98e602d9361b@group-C7CEAFB8CAA2-LeaderElection100] INFO  server.RaftServerConfigKeys (ConfUtils.java:logGet(44)) - raft.server.write.follower.gap.ratio.max = -1.0 (default)
2021-10-21 00:13:53,500 [fe031be3-9947-46ae-8b09-98e602d9361b@group-C7CEAFB8CAA2-LeaderElection100] INFO  impl.RoleInfo (RoleInfo.java:updateAndGet(130)) - fe031be3-9947-46ae-8b09-98e602d9361b: start fe031be3-9947-46ae-8b09-98e602d9361b@group-C7CEAFB8CAA2-LeaderStateImpl
2021-10-21 00:13:53,500 [fe031be3-9947-46ae-8b09-98e602d9361b@group-C7CEAFB8CAA2-LeaderElection100] INFO  segmented.SegmentedRaftLogWorker (SegmentedRaftLogWorker.java:startLogSegment(394)) - fe031be3-9947-46ae-8b09-98e602d9361b@group-C7CEAFB8CAA2-SegmentedRaftLogWorker: Starting segment from index:0
2021-10-21 00:13:53,502 [EventQueue-OpenPipelineForHealthyPipelineSafeModeRule] INFO  safemode.SCMSafeModeManager (HealthyPipelineSafeModeRule.java:process(124)) - SCM in safe mode. Healthy pipelines reported count is 0, required healthy pipeline reported count is 1
2021-10-21 00:13:53,502 [fe031be3-9947-46ae-8b09-98e602d9361b@group-C7CEAFB8CAA2-SegmentedRaftLogWorker] INFO  segmented.SegmentedRaftLogWorker (SegmentedRaftLogWorker.java:execute(601)) - fe031be3-9947-46ae-8b09-98e602d9361b@group-C7CEAFB8CAA2-SegmentedRaftLogWorker: created new log segment /home/runner/work/ozone/ozone/hadoop-ozone/integration-test/target/test-dir/MiniOzoneClusterImpl-0ff56402-746c-4b46-aacb-40edab3b56db/datanode-6/data/ratis/26c74c92-a0df-4910-bbcb-c7ceafb8caa2/current/log_inprogress_0
2021-10-21 00:13:53,506 [grpc-default-executor-4] INFO  impl.VoteContext (VoteContext.java:log(48)) - b064551b-1fe0-41a9-91d7-ea536b2590c0@group-1ABE1F802D80-FOLLOWER: reject ELECTION from 43a8bf6a-c132-4b01-9df6-8da121d8da0e: already has voted for 385ed75d-b5f2-4976-82ca-03b327f31da0 at current term 2
2021-10-21 00:13:53,506 [grpc-default-executor-3] INFO  server.RaftServer$Division (RaftServerImpl.java:requestVote(1046)) - 385ed75d-b5f2-4976-82ca-03b327f31da0@group-1ABE1F802D80: receive requestVote(ELECTION, 43a8bf6a-c132-4b01-9df6-8da121d8da0e, group-1ABE1F802D80, 2, (t:0, i:0))
2021-10-21 00:13:53,506 [grpc-default-executor-4] INFO  server.RaftServer$Division (RaftServerImpl.java:requestVote(1078)) - b064551b-1fe0-41a9-91d7-ea536b2590c0@group-1ABE1F802D80 replies to ELECTION vote request: 43a8bf6a-c132-4b01-9df6-8da121d8da0e<-b064551b-1fe0-41a9-91d7-ea536b2590c0#0:FAIL-t2. Peer's state: b064551b-1fe0-41a9-91d7-ea536b2590c0@group-1ABE1F802D80:t2, leader=null, voted=385ed75d-b5f2-4976-82ca-03b327f31da0, raftlog=b064551b-1fe0-41a9-91d7-ea536b2590c0@group-1ABE1F802D80-SegmentedRaftLog:OPENED:c-1, conf=-1: [43a8bf6a-c132-4b01-9df6-8da121d8da0e|rpc:10.1.0.21:44683|priority:1, b064551b-1fe0-41a9-91d7-ea536b2590c0|rpc:10.1.0.21:37069|priority:0, 385ed75d-b5f2-4976-82ca-03b327f31da0|rpc:10.1.0.21:43801|priority:0], old=null
2021-10-21 00:13:53,507 [fe031be3-9947-46ae-8b09-98e602d9361b@group-C7CEAFB8CAA2-LeaderElection100] INFO  server.RaftServer$Division (ServerState.java:setRaftConf(387)) - fe031be3-9947-46ae-8b09-98e602d9361b@group-C7CEAFB8CAA2: set configuration 0: [fe031be3-9947-46ae-8b09-98e602d9361b|rpc:10.1.0.21:44461|dataStream:|priority:1], old=null
2021-10-21 00:13:53,507 [grpc-default-executor-3] INFO  impl.VoteContext (VoteContext.java:log(48)) - 385ed75d-b5f2-4976-82ca-03b327f31da0@group-1ABE1F802D80-FOLLOWER: reject ELECTION from 43a8bf6a-c132-4b01-9df6-8da121d8da0e: already has voted for 385ed75d-b5f2-4976-82ca-03b327f31da0 at current term 2
2021-10-21 00:13:53,511 [grpc-default-executor-3] INFO  server.RaftServer$Division (RaftServerImpl.java:requestVote(1078)) - 385ed75d-b5f2-4976-82ca-03b327f31da0@group-1ABE1F802D80 replies to ELECTION vote request: 43a8bf6a-c132-4b01-9df6-8da121d8da0e<-385ed75d-b5f2-4976-82ca-03b327f31da0#0:FAIL-t2. Peer's state: 385ed75d-b5f2-4976-82ca-03b327f31da0@group-1ABE1F802D80:t2, leader=null, voted=385ed75d-b5f2-4976-82ca-03b327f31da0, raftlog=385ed75d-b5f2-4976-82ca-03b327f31da0@group-1ABE1F802D80-SegmentedRaftLog:OPENED:c-1, conf=-1: [43a8bf6a-c132-4b01-9df6-8da121d8da0e|rpc:10.1.0.21:44683|priority:1, b064551b-1fe0-41a9-91d7-ea536b2590c0|rpc:10.1.0.21:37069|priority:0, 385ed75d-b5f2-4976-82ca-03b327f31da0|rpc:10.1.0.21:43801|priority:0], old=null
2021-10-21 00:13:53,512 [fe031be3-9947-46ae-8b09-98e602d9361b@group-AA76DA738849-LeaderElection101] INFO  impl.LeaderElection (LeaderElection.java:askForVotes(306)) - fe031be3-9947-46ae-8b09-98e602d9361b@group-AA76DA738849-LeaderElection101 ELECTION round 0: submit vote requests at term 1 for -1: [87f4cda0-ffb5-4aa3-ac3a-463d681607fa|rpc:10.1.0.21:43449|priority:0, fe031be3-9947-46ae-8b09-98e602d9361b|rpc:10.1.0.21:44461|priority:0, f11f8ce1-e80f-4662-ac56-049e7a4c2ce6|rpc:10.1.0.21:45621|priority:1], old=null
2021-10-21 00:13:53,515 [Listener at 127.0.0.1/34193] INFO  ozone.MiniOzoneClusterImpl (MiniOzoneClusterImpl.java:lambda$waitForClusterToBeReady$0(235)) - Nodes are ready. Got 9 of 9 DN Heartbeats.
2021-10-21 00:13:53,516 [Listener at 127.0.0.1/34193] INFO  ozone.MiniOzoneClusterImpl (MiniOzoneClusterImpl.java:lambda$waitForClusterToBeReady$0(238)) - Waiting for cluster to exit safe mode
2021-10-21 00:13:53,516 [Listener at 127.0.0.1/34193] INFO  ozone.MiniOzoneClusterImpl (MiniOzoneClusterImpl.java:lambda$waitForClusterToBeReady$0(240)) - SCM became leader
2021-10-21 00:13:53,539 [43a8bf6a-c132-4b01-9df6-8da121d8da0e@group-1ABE1F802D80-LeaderElection99] INFO  impl.LeaderElection (LeaderElection.java:logAndReturn(89)) - 43a8bf6a-c132-4b01-9df6-8da121d8da0e@group-1ABE1F802D80-LeaderElection99: ELECTION REJECTED received 2 response(s) and 0 exception(s):
2021-10-21 00:13:53,540 [43a8bf6a-c132-4b01-9df6-8da121d8da0e@group-1ABE1F802D80-LeaderElection99] INFO  impl.LeaderElection (LeaderElection.java:logAndReturn(93)) -   Response 0: 43a8bf6a-c132-4b01-9df6-8da121d8da0e<-b064551b-1fe0-41a9-91d7-ea536b2590c0#0:FAIL-t2
2021-10-21 00:13:53,540 [43a8bf6a-c132-4b01-9df6-8da121d8da0e@group-1ABE1F802D80-LeaderElection99] INFO  impl.LeaderElection (LeaderElection.java:logAndReturn(93)) -   Response 1: 43a8bf6a-c132-4b01-9df6-8da121d8da0e<-385ed75d-b5f2-4976-82ca-03b327f31da0#0:FAIL-t2
2021-10-21 00:13:53,540 [43a8bf6a-c132-4b01-9df6-8da121d8da0e@group-1ABE1F802D80-LeaderElection99] INFO  impl.LeaderElection (LeaderElection.java:askForVotes(308)) - 43a8bf6a-c132-4b01-9df6-8da121d8da0e@group-1ABE1F802D80-LeaderElection99 ELECTION round 0: result REJECTED
2021-10-21 00:13:53,540 [43a8bf6a-c132-4b01-9df6-8da121d8da0e@group-1ABE1F802D80-LeaderElection99] INFO  server.RaftServer$Division (RaftServerImpl.java:setRole(290)) - 43a8bf6a-c132-4b01-9df6-8da121d8da0e@group-1ABE1F802D80: changes role from CANDIDATE to FOLLOWER at term 2 for REJECTED
2021-10-21 00:13:53,540 [43a8bf6a-c132-4b01-9df6-8da121d8da0e@group-1ABE1F802D80-LeaderElection99] INFO  impl.RoleInfo (RoleInfo.java:shutdownLeaderElection(121)) - 43a8bf6a-c132-4b01-9df6-8da121d8da0e: shutdown 43a8bf6a-c132-4b01-9df6-8da121d8da0e@group-1ABE1F802D80-LeaderElection99
2021-10-21 00:13:53,540 [43a8bf6a-c132-4b01-9df6-8da121d8da0e@group-1ABE1F802D80-LeaderElection99] INFO  impl.RoleInfo (RoleInfo.java:updateAndGet(130)) - 43a8bf6a-c132-4b01-9df6-8da121d8da0e: start 43a8bf6a-c132-4b01-9df6-8da121d8da0e@group-1ABE1F802D80-FollowerState
2021-10-21 00:13:53,597 [grpc-default-executor-3] INFO  server.RaftServer$Division (RaftServerImpl.java:requestVote(1046)) - 87f4cda0-ffb5-4aa3-ac3a-463d681607fa@group-AA76DA738849: receive requestVote(ELECTION, fe031be3-9947-46ae-8b09-98e602d9361b, group-AA76DA738849, 1, (t:0, i:0))
2021-10-21 00:13:53,597 [grpc-default-executor-3] INFO  impl.VoteContext (VoteContext.java:log(48)) - 87f4cda0-ffb5-4aa3-ac3a-463d681607fa@group-AA76DA738849-FOLLOWER: accept ELECTION from fe031be3-9947-46ae-8b09-98e602d9361b: our priority 0 <= candidate's priority 0
2021-10-21 00:13:53,597 [grpc-default-executor-3] INFO  server.RaftServer$Division (RaftServerImpl.java:setRole(290)) - 87f4cda0-ffb5-4aa3-ac3a-463d681607fa@group-AA76DA738849: changes role from  FOLLOWER to FOLLOWER at term 1 for candidate:fe031be3-9947-46ae-8b09-98e602d9361b
2021-10-21 00:13:53,597 [grpc-default-executor-3] INFO  impl.RoleInfo (RoleInfo.java:shutdownFollowerState(108)) - 87f4cda0-ffb5-4aa3-ac3a-463d681607fa: shutdown 87f4cda0-ffb5-4aa3-ac3a-463d681607fa@group-AA76DA738849-FollowerState
2021-10-21 00:13:53,597 [grpc-default-executor-3] INFO  impl.RoleInfo (RoleInfo.java:updateAndGet(130)) - 87f4cda0-ffb5-4aa3-ac3a-463d681607fa: start 87f4cda0-ffb5-4aa3-ac3a-463d681607fa@group-AA76DA738849-FollowerState
2021-10-21 00:13:53,598 [87f4cda0-ffb5-4aa3-ac3a-463d681607fa@group-AA76DA738849-FollowerState] INFO  impl.FollowerState (FollowerState.java:run(143)) - 87f4cda0-ffb5-4aa3-ac3a-463d681607fa@group-AA76DA738849-FollowerState was interrupted: {}
java.lang.InterruptedException: sleep interrupted
	at java.lang.Thread.sleep(Native Method)
	at java.lang.Thread.sleep(Thread.java:340)
	at java.util.concurrent.TimeUnit.sleep(TimeUnit.java:386)
	at org.apache.ratis.util.TimeDuration.sleep(TimeDuration.java:324)
	at org.apache.ratis.util.TimeDuration.sleep(TimeDuration.java:309)
	at org.apache.ratis.server.impl.FollowerState.run(FollowerState.java:118)
2021-10-21 00:13:53,599 [grpc-default-executor-3] INFO  server.RaftServer$Division (RaftServerImpl.java:requestVote(1078)) - 87f4cda0-ffb5-4aa3-ac3a-463d681607fa@group-AA76DA738849 replies to ELECTION vote request: fe031be3-9947-46ae-8b09-98e602d9361b<-87f4cda0-ffb5-4aa3-ac3a-463d681607fa#0:OK-t1. Peer's state: 87f4cda0-ffb5-4aa3-ac3a-463d681607fa@group-AA76DA738849:t1, leader=null, voted=fe031be3-9947-46ae-8b09-98e602d9361b, raftlog=87f4cda0-ffb5-4aa3-ac3a-463d681607fa@group-AA76DA738849-SegmentedRaftLog:OPENED:c-1, conf=-1: [87f4cda0-ffb5-4aa3-ac3a-463d681607fa|rpc:10.1.0.21:43449|dataStream:|priority:0, fe031be3-9947-46ae-8b09-98e602d9361b|rpc:10.1.0.21:44461|dataStream:|priority:0, f11f8ce1-e80f-4662-ac56-049e7a4c2ce6|rpc:10.1.0.21:45621|dataStream:|priority:1], old=null
2021-10-21 00:13:53,690 [grpc-default-executor-3] INFO  server.RaftServer$Division (RaftServerImpl.java:requestVote(1046)) - f11f8ce1-e80f-4662-ac56-049e7a4c2ce6@group-AA76DA738849: receive requestVote(ELECTION, fe031be3-9947-46ae-8b09-98e602d9361b, group-AA76DA738849, 1, (t:0, i:0))
2021-10-21 00:13:53,690 [grpc-default-executor-3] INFO  impl.VoteContext (VoteContext.java:log(48)) - f11f8ce1-e80f-4662-ac56-049e7a4c2ce6@group-AA76DA738849-FOLLOWER: reject ELECTION from fe031be3-9947-46ae-8b09-98e602d9361b: our priority 1 > candidate's priority 0
2021-10-21 00:13:53,690 [grpc-default-executor-3] INFO  server.RaftServer$Division (RaftServerImpl.java:setRole(290)) - f11f8ce1-e80f-4662-ac56-049e7a4c2ce6@group-AA76DA738849: changes role from  FOLLOWER to FOLLOWER at term 1 for candidate:fe031be3-9947-46ae-8b09-98e602d9361b
2021-10-21 00:13:53,690 [grpc-default-executor-3] INFO  impl.RoleInfo (RoleInfo.java:shutdownFollowerState(108)) - f11f8ce1-e80f-4662-ac56-049e7a4c2ce6: shutdown f11f8ce1-e80f-4662-ac56-049e7a4c2ce6@group-AA76DA738849-FollowerState
2021-10-21 00:13:53,690 [grpc-default-executor-3] INFO  impl.RoleInfo (RoleInfo.java:updateAndGet(130)) - f11f8ce1-e80f-4662-ac56-049e7a4c2ce6: start f11f8ce1-e80f-4662-ac56-049e7a4c2ce6@group-AA76DA738849-FollowerState
2021-10-21 00:13:53,690 [f11f8ce1-e80f-4662-ac56-049e7a4c2ce6@group-AA76DA738849-FollowerState] INFO  impl.FollowerState (FollowerState.java:run(143)) - f11f8ce1-e80f-4662-ac56-049e7a4c2ce6@group-AA76DA738849-FollowerState was interrupted: {}
java.lang.InterruptedException: sleep interrupted
	at java.lang.Thread.sleep(Native Method)
	at java.lang.Thread.sleep(Thread.java:340)
	at java.util.concurrent.TimeUnit.sleep(TimeUnit.java:386)
	at org.apache.ratis.util.TimeDuration.sleep(TimeDuration.java:324)
	at org.apache.ratis.util.TimeDuration.sleep(TimeDuration.java:309)
	at org.apache.ratis.server.impl.FollowerState.run(FollowerState.java:118)
2021-10-21 00:13:53,712 [grpc-default-executor-3] INFO  server.RaftServer$Division (RaftServerImpl.java:requestVote(1078)) - f11f8ce1-e80f-4662-ac56-049e7a4c2ce6@group-AA76DA738849 replies to ELECTION vote request: fe031be3-9947-46ae-8b09-98e602d9361b<-f11f8ce1-e80f-4662-ac56-049e7a4c2ce6#0:FAIL-t1. Peer's state: f11f8ce1-e80f-4662-ac56-049e7a4c2ce6@group-AA76DA738849:t1, leader=null, voted=null, raftlog=f11f8ce1-e80f-4662-ac56-049e7a4c2ce6@group-AA76DA738849-SegmentedRaftLog:OPENED:c-1, conf=-1: [87f4cda0-ffb5-4aa3-ac3a-463d681607fa|rpc:10.1.0.21:43449|dataStream:|priority:0, fe031be3-9947-46ae-8b09-98e602d9361b|rpc:10.1.0.21:44461|dataStream:|priority:0, f11f8ce1-e80f-4662-ac56-049e7a4c2ce6|rpc:10.1.0.21:45621|dataStream:|priority:1], old=null
2021-10-21 00:13:53,717 [fe031be3-9947-46ae-8b09-98e602d9361b@group-AA76DA738849-LeaderElection101] INFO  impl.LeaderElection (LeaderElection.java:logAndReturn(89)) - fe031be3-9947-46ae-8b09-98e602d9361b@group-AA76DA738849-LeaderElection101: ELECTION REJECTED received 2 response(s) and 0 exception(s):
2021-10-21 00:13:53,717 [fe031be3-9947-46ae-8b09-98e602d9361b@group-AA76DA738849-LeaderElection101] INFO  impl.LeaderElection (LeaderElection.java:logAndReturn(93)) -   Response 0: fe031be3-9947-46ae-8b09-98e602d9361b<-87f4cda0-ffb5-4aa3-ac3a-463d681607fa#0:OK-t1
2021-10-21 00:13:53,717 [fe031be3-9947-46ae-8b09-98e602d9361b@group-AA76DA738849-LeaderElection101] INFO  impl.LeaderElection (LeaderElection.java:logAndReturn(93)) -   Response 1: fe031be3-9947-46ae-8b09-98e602d9361b<-f11f8ce1-e80f-4662-ac56-049e7a4c2ce6#0:FAIL-t1
2021-10-21 00:13:53,717 [fe031be3-9947-46ae-8b09-98e602d9361b@group-AA76DA738849-LeaderElection101] INFO  impl.LeaderElection (LeaderElection.java:askForVotes(308)) - fe031be3-9947-46ae-8b09-98e602d9361b@group-AA76DA738849-LeaderElection101 ELECTION round 0: result REJECTED
2021-10-21 00:13:53,717 [fe031be3-9947-46ae-8b09-98e602d9361b@group-AA76DA738849-LeaderElection101] INFO  server.RaftServer$Division (RaftServerImpl.java:setRole(290)) - fe031be3-9947-46ae-8b09-98e602d9361b@group-AA76DA738849: changes role from CANDIDATE to FOLLOWER at term 1 for REJECTED
2021-10-21 00:13:53,717 [fe031be3-9947-46ae-8b09-98e602d9361b@group-AA76DA738849-LeaderElection101] INFO  impl.RoleInfo (RoleInfo.java:shutdownLeaderElection(121)) - fe031be3-9947-46ae-8b09-98e602d9361b: shutdown fe031be3-9947-46ae-8b09-98e602d9361b@group-AA76DA738849-LeaderElection101
2021-10-21 00:13:53,717 [fe031be3-9947-46ae-8b09-98e602d9361b@group-AA76DA738849-LeaderElection101] INFO  impl.RoleInfo (RoleInfo.java:updateAndGet(130)) - fe031be3-9947-46ae-8b09-98e602d9361b: start fe031be3-9947-46ae-8b09-98e602d9361b@group-AA76DA738849-FollowerState
2021-10-21 00:13:53,872 [f11f8ce1-e80f-4662-ac56-049e7a4c2ce6@group-D6916FB3083E-FollowerState] INFO  impl.FollowerState (FollowerState.java:run(134)) - f11f8ce1-e80f-4662-ac56-049e7a4c2ce6@group-D6916FB3083E-FollowerState: change to CANDIDATE, lastRpcElapsedTime:5121100004ns, electionTimeout:5099ms
2021-10-21 00:13:53,873 [f11f8ce1-e80f-4662-ac56-049e7a4c2ce6@group-D6916FB3083E-FollowerState] INFO  impl.RoleInfo (RoleInfo.java:shutdownFollowerState(108)) - f11f8ce1-e80f-4662-ac56-049e7a4c2ce6: shutdown f11f8ce1-e80f-4662-ac56-049e7a4c2ce6@group-D6916FB3083E-FollowerState
2021-10-21 00:13:53,873 [f11f8ce1-e80f-4662-ac56-049e7a4c2ce6@group-D6916FB3083E-FollowerState] INFO  server.RaftServer$Division (RaftServerImpl.java:setRole(290)) - f11f8ce1-e80f-4662-ac56-049e7a4c2ce6@group-D6916FB3083E: changes role from  FOLLOWER to CANDIDATE at term 0 for changeToCandidate
2021-10-21 00:13:53,873 [f11f8ce1-e80f-4662-ac56-049e7a4c2ce6@group-D6916FB3083E-FollowerState] INFO  server.RaftServerConfigKeys (ConfUtils.java:logGet(44)) - raft.server.leaderelection.pre-vote = false (custom)
2021-10-21 00:13:53,873 [f11f8ce1-e80f-4662-ac56-049e7a4c2ce6@group-D6916FB3083E-FollowerState] INFO  impl.RoleInfo (RoleInfo.java:updateAndGet(130)) - f11f8ce1-e80f-4662-ac56-049e7a4c2ce6: start f11f8ce1-e80f-4662-ac56-049e7a4c2ce6@group-D6916FB3083E-LeaderElection102
2021-10-21 00:13:53,900 [f11f8ce1-e80f-4662-ac56-049e7a4c2ce6@group-D6916FB3083E-LeaderElection102] INFO  impl.LeaderElection (LeaderElection.java:askForVotes(306)) - f11f8ce1-e80f-4662-ac56-049e7a4c2ce6@group-D6916FB3083E-LeaderElection102 ELECTION round 0: submit vote requests at term 1 for -1: [f11f8ce1-e80f-4662-ac56-049e7a4c2ce6|rpc:10.1.0.21:45621|priority:1], old=null
2021-10-21 00:13:53,900 [f11f8ce1-e80f-4662-ac56-049e7a4c2ce6@group-D6916FB3083E-LeaderElection102] INFO  impl.LeaderElection (LeaderElection.java:askForVotes(308)) - f11f8ce1-e80f-4662-ac56-049e7a4c2ce6@group-D6916FB3083E-LeaderElection102 ELECTION round 0: result PASSED (term=1)
2021-10-21 00:13:53,901 [f11f8ce1-e80f-4662-ac56-049e7a4c2ce6@group-D6916FB3083E-LeaderElection102] INFO  impl.RoleInfo (RoleInfo.java:shutdownLeaderElection(121)) - f11f8ce1-e80f-4662-ac56-049e7a4c2ce6: shutdown f11f8ce1-e80f-4662-ac56-049e7a4c2ce6@group-D6916FB3083E-LeaderElection102
2021-10-21 00:13:53,901 [f11f8ce1-e80f-4662-ac56-049e7a4c2ce6@group-D6916FB3083E-LeaderElection102] INFO  server.RaftServer$Division (RaftServerImpl.java:setRole(290)) - f11f8ce1-e80f-4662-ac56-049e7a4c2ce6@group-D6916FB3083E: changes role from CANDIDATE to LEADER at term 1 for changeToLeader
2021-10-21 00:13:53,901 [f11f8ce1-e80f-4662-ac56-049e7a4c2ce6@group-D6916FB3083E-LeaderElection102] INFO  ratis.XceiverServerRatis (XceiverServerRatis.java:handleLeaderChangedNotification(866)) - Leader change notification received for group: group-D6916FB3083E with new leaderId: f11f8ce1-e80f-4662-ac56-049e7a4c2ce6
2021-10-21 00:13:53,901 [f11f8ce1-e80f-4662-ac56-049e7a4c2ce6@group-D6916FB3083E-LeaderElection102] INFO  server.RaftServer$Division (ServerState.java:setLeader(285)) - f11f8ce1-e80f-4662-ac56-049e7a4c2ce6@group-D6916FB3083E: change Leader from null to f11f8ce1-e80f-4662-ac56-049e7a4c2ce6 at term 1 for becomeLeader, leader elected after 5367ms
2021-10-21 00:13:53,901 [f11f8ce1-e80f-4662-ac56-049e7a4c2ce6@group-D6916FB3083E-LeaderElection102] INFO  server.RaftServerConfigKeys (ConfUtils.java:logGet(44)) - raft.server.staging.catchup.gap = 1000 (default)
2021-10-21 00:13:53,901 [f11f8ce1-e80f-4662-ac56-049e7a4c2ce6@group-D6916FB3083E-LeaderElection102] INFO  server.RaftServerConfigKeys (ConfUtils.java:logGet(44)) - raft.server.write.element-limit = 1024 (custom)
2021-10-21 00:13:53,901 [f11f8ce1-e80f-4662-ac56-049e7a4c2ce6@group-D6916FB3083E-LeaderElection102] INFO  server.RaftServerConfigKeys (ConfUtils.java:logGet(44)) - raft.server.write.byte-limit = 1024 M (=1073741824) (custom)
2021-10-21 00:13:53,902 [f11f8ce1-e80f-4662-ac56-049e7a4c2ce6@group-D6916FB3083E-LeaderElection102] INFO  server.RaftServerConfigKeys (ConfUtils.java:logGet(44)) - raft.server.watch.timeout = 3000ms (custom)
2021-10-21 00:13:53,902 [f11f8ce1-e80f-4662-ac56-049e7a4c2ce6@group-D6916FB3083E-LeaderElection102] INFO  server.RaftServerConfigKeys (ConfUtils.java:logGet(44)) - raft.server.watch.timeout.denomination = 1s (default)
2021-10-21 00:13:53,902 [f11f8ce1-e80f-4662-ac56-049e7a4c2ce6@group-D6916FB3083E-LeaderElection102] INFO  server.RaftServerConfigKeys (ConfUtils.java:logGet(44)) - raft.server.watch.element-limit = 65536 (default)
2021-10-21 00:13:53,902 [f11f8ce1-e80f-4662-ac56-049e7a4c2ce6@group-D6916FB3083E-LeaderElection102] INFO  server.RaftServerConfigKeys (ConfUtils.java:logGet(44)) - raft.server.write.element-limit = 1024 (custom)
2021-10-21 00:13:53,902 [f11f8ce1-e80f-4662-ac56-049e7a4c2ce6@group-D6916FB3083E-LeaderElection102] INFO  server.RaftServerConfigKeys (ConfUtils.java:logGet(44)) - raft.server.write.follower.gap.ratio.max = -1.0 (default)
2021-10-21 00:13:53,902 [f11f8ce1-e80f-4662-ac56-049e7a4c2ce6@group-D6916FB3083E-LeaderElection102] INFO  impl.RoleInfo (RoleInfo.java:updateAndGet(130)) - f11f8ce1-e80f-4662-ac56-049e7a4c2ce6: start f11f8ce1-e80f-4662-ac56-049e7a4c2ce6@group-D6916FB3083E-LeaderStateImpl
2021-10-21 00:13:53,902 [f11f8ce1-e80f-4662-ac56-049e7a4c2ce6@group-D6916FB3083E-LeaderElection102] INFO  segmented.SegmentedRaftLogWorker (SegmentedRaftLogWorker.java:startLogSegment(394)) - f11f8ce1-e80f-4662-ac56-049e7a4c2ce6@group-D6916FB3083E-SegmentedRaftLogWorker: Starting segment from index:0
2021-10-21 00:13:53,903 [Datanode State Machine Thread - 0] WARN  statemachine.StateContext (StateContext.java:execute(621)) - No available thread in pool for past 1 seconds.
2021-10-21 00:13:53,906 [EventQueue-OpenPipelineForHealthyPipelineSafeModeRule] INFO  safemode.SCMSafeModeManager (HealthyPipelineSafeModeRule.java:process(124)) - SCM in safe mode. Healthy pipelines reported count is 0, required healthy pipeline reported count is 1
2021-10-21 00:13:53,912 [f11f8ce1-e80f-4662-ac56-049e7a4c2ce6@group-D6916FB3083E-SegmentedRaftLogWorker] INFO  segmented.SegmentedRaftLogWorker (SegmentedRaftLogWorker.java:execute(601)) - f11f8ce1-e80f-4662-ac56-049e7a4c2ce6@group-D6916FB3083E-SegmentedRaftLogWorker: created new log segment /home/runner/work/ozone/ozone/hadoop-ozone/integration-test/target/test-dir/MiniOzoneClusterImpl-0ff56402-746c-4b46-aacb-40edab3b56db/datanode-8/data/ratis/4c4d5025-b462-476c-9441-d6916fb3083e/current/log_inprogress_0
2021-10-21 00:13:53,962 [f11f8ce1-e80f-4662-ac56-049e7a4c2ce6@group-D6916FB3083E-LeaderElection102] INFO  server.RaftServer$Division (ServerState.java:setRaftConf(387)) - f11f8ce1-e80f-4662-ac56-049e7a4c2ce6@group-D6916FB3083E: set configuration 0: [f11f8ce1-e80f-4662-ac56-049e7a4c2ce6|rpc:10.1.0.21:45621|dataStream:|priority:1], old=null
2021-10-21 00:13:54,365 [87f4cda0-ffb5-4aa3-ac3a-463d681607fa@group-08D0D54F0B95-FollowerState] INFO  impl.FollowerState (FollowerState.java:run(134)) - 87f4cda0-ffb5-4aa3-ac3a-463d681607fa@group-08D0D54F0B95-FollowerState: change to CANDIDATE, lastRpcElapsedTime:5175113129ns, electionTimeout:5126ms
2021-10-21 00:13:54,365 [87f4cda0-ffb5-4aa3-ac3a-463d681607fa@group-08D0D54F0B95-FollowerState] INFO  impl.RoleInfo (RoleInfo.java:shutdownFollowerState(108)) - 87f4cda0-ffb5-4aa3-ac3a-463d681607fa: shutdown 87f4cda0-ffb5-4aa3-ac3a-463d681607fa@group-08D0D54F0B95-FollowerState
2021-10-21 00:13:54,365 [87f4cda0-ffb5-4aa3-ac3a-463d681607fa@group-08D0D54F0B95-FollowerState] INFO  server.RaftServer$Division (RaftServerImpl.java:setRole(290)) - 87f4cda0-ffb5-4aa3-ac3a-463d681607fa@group-08D0D54F0B95: changes role from  FOLLOWER to CANDIDATE at term 0 for changeToCandidate
2021-10-21 00:13:54,368 [87f4cda0-ffb5-4aa3-ac3a-463d681607fa@group-08D0D54F0B95-FollowerState] INFO  server.RaftServerConfigKeys (ConfUtils.java:logGet(44)) - raft.server.leaderelection.pre-vote = false (custom)
2021-10-21 00:13:54,368 [87f4cda0-ffb5-4aa3-ac3a-463d681607fa@group-08D0D54F0B95-FollowerState] INFO  impl.RoleInfo (RoleInfo.java:updateAndGet(130)) - 87f4cda0-ffb5-4aa3-ac3a-463d681607fa: start 87f4cda0-ffb5-4aa3-ac3a-463d681607fa@group-08D0D54F0B95-LeaderElection103
2021-10-21 00:13:54,395 [87f4cda0-ffb5-4aa3-ac3a-463d681607fa@group-08D0D54F0B95-LeaderElection103] INFO  impl.LeaderElection (LeaderElection.java:askForVotes(306)) - 87f4cda0-ffb5-4aa3-ac3a-463d681607fa@group-08D0D54F0B95-LeaderElection103 ELECTION round 0: submit vote requests at term 1 for -1: [87f4cda0-ffb5-4aa3-ac3a-463d681607fa|rpc:10.1.0.21:43449|priority:1], old=null
2021-10-21 00:13:54,395 [87f4cda0-ffb5-4aa3-ac3a-463d681607fa@group-08D0D54F0B95-LeaderElection103] INFO  impl.LeaderElection (LeaderElection.java:askForVotes(308)) - 87f4cda0-ffb5-4aa3-ac3a-463d681607fa@group-08D0D54F0B95-LeaderElection103 ELECTION round 0: result PASSED (term=1)
2021-10-21 00:13:54,395 [87f4cda0-ffb5-4aa3-ac3a-463d681607fa@group-08D0D54F0B95-LeaderElection103] INFO  impl.RoleInfo (RoleInfo.java:shutdownLeaderElection(121)) - 87f4cda0-ffb5-4aa3-ac3a-463d681607fa: shutdown 87f4cda0-ffb5-4aa3-ac3a-463d681607fa@group-08D0D54F0B95-LeaderElection103
2021-10-21 00:13:54,396 [87f4cda0-ffb5-4aa3-ac3a-463d681607fa@group-08D0D54F0B95-LeaderElection103] INFO  server.RaftServer$Division (RaftServerImpl.java:setRole(290)) - 87f4cda0-ffb5-4aa3-ac3a-463d681607fa@group-08D0D54F0B95: changes role from CANDIDATE to LEADER at term 1 for changeToLeader
2021-10-21 00:13:54,396 [87f4cda0-ffb5-4aa3-ac3a-463d681607fa@group-08D0D54F0B95-LeaderElection103] INFO  ratis.XceiverServerRatis (XceiverServerRatis.java:handleLeaderChangedNotification(866)) - Leader change notification received for group: group-08D0D54F0B95 with new leaderId: 87f4cda0-ffb5-4aa3-ac3a-463d681607fa
2021-10-21 00:13:54,396 [87f4cda0-ffb5-4aa3-ac3a-463d681607fa@group-08D0D54F0B95-LeaderElection103] INFO  server.RaftServer$Division (ServerState.java:setLeader(285)) - 87f4cda0-ffb5-4aa3-ac3a-463d681607fa@group-08D0D54F0B95: change Leader from null to 87f4cda0-ffb5-4aa3-ac3a-463d681607fa at term 1 for becomeLeader, leader elected after 5422ms
2021-10-21 00:13:54,396 [87f4cda0-ffb5-4aa3-ac3a-463d681607fa@group-08D0D54F0B95-LeaderElection103] INFO  server.RaftServerConfigKeys (ConfUtils.java:logGet(44)) - raft.server.staging.catchup.gap = 1000 (default)
2021-10-21 00:13:54,396 [87f4cda0-ffb5-4aa3-ac3a-463d681607fa@group-08D0D54F0B95-LeaderElection103] INFO  server.RaftServerConfigKeys (ConfUtils.java:logGet(44)) - raft.server.write.element-limit = 1024 (custom)
2021-10-21 00:13:54,396 [87f4cda0-ffb5-4aa3-ac3a-463d681607fa@group-08D0D54F0B95-LeaderElection103] INFO  server.RaftServerConfigKeys (ConfUtils.java:logGet(44)) - raft.server.write.byte-limit = 1024 M (=1073741824) (custom)
2021-10-21 00:13:54,397 [87f4cda0-ffb5-4aa3-ac3a-463d681607fa@group-08D0D54F0B95-LeaderElection103] INFO  server.RaftServerConfigKeys (ConfUtils.java:logGet(44)) - raft.server.watch.timeout = 3000ms (custom)
2021-10-21 00:13:54,397 [87f4cda0-ffb5-4aa3-ac3a-463d681607fa@group-08D0D54F0B95-LeaderElection103] INFO  server.RaftServerConfigKeys (ConfUtils.java:logGet(44)) - raft.server.watch.timeout.denomination = 1s (default)
2021-10-21 00:13:54,397 [87f4cda0-ffb5-4aa3-ac3a-463d681607fa@group-08D0D54F0B95-LeaderElection103] INFO  server.RaftServerConfigKeys (ConfUtils.java:logGet(44)) - raft.server.watch.element-limit = 65536 (default)
2021-10-21 00:13:54,397 [87f4cda0-ffb5-4aa3-ac3a-463d681607fa@group-08D0D54F0B95-LeaderElection103] INFO  server.RaftServerConfigKeys (ConfUtils.java:logGet(44)) - raft.server.write.element-limit = 1024 (custom)
2021-10-21 00:13:54,397 [87f4cda0-ffb5-4aa3-ac3a-463d681607fa@group-08D0D54F0B95-LeaderElection103] INFO  server.RaftServerConfigKeys (ConfUtils.java:logGet(44)) - raft.server.write.follower.gap.ratio.max = -1.0 (default)
2021-10-21 00:13:54,397 [87f4cda0-ffb5-4aa3-ac3a-463d681607fa@group-08D0D54F0B95-LeaderElection103] INFO  impl.RoleInfo (RoleInfo.java:updateAndGet(130)) - 87f4cda0-ffb5-4aa3-ac3a-463d681607fa: start 87f4cda0-ffb5-4aa3-ac3a-463d681607fa@group-08D0D54F0B95-LeaderStateImpl
2021-10-21 00:13:54,397 [87f4cda0-ffb5-4aa3-ac3a-463d681607fa@group-08D0D54F0B95-LeaderElection103] INFO  segmented.SegmentedRaftLogWorker (SegmentedRaftLogWorker.java:startLogSegment(394)) - 87f4cda0-ffb5-4aa3-ac3a-463d681607fa@group-08D0D54F0B95-SegmentedRaftLogWorker: Starting segment from index:0
2021-10-21 00:13:54,398 [Datanode State Machine Thread - 0] WARN  statemachine.StateContext (StateContext.java:execute(621)) - No available thread in pool for past 1 seconds.
2021-10-21 00:13:54,402 [87f4cda0-ffb5-4aa3-ac3a-463d681607fa@group-08D0D54F0B95-SegmentedRaftLogWorker] INFO  segmented.SegmentedRaftLogWorker (SegmentedRaftLogWorker.java:execute(601)) - 87f4cda0-ffb5-4aa3-ac3a-463d681607fa@group-08D0D54F0B95-SegmentedRaftLogWorker: created new log segment /home/runner/work/ozone/ozone/hadoop-ozone/integration-test/target/test-dir/MiniOzoneClusterImpl-0ff56402-746c-4b46-aacb-40edab3b56db/datanode-7/data/ratis/a26ecf29-dbb0-49ad-a21e-08d0d54f0b95/current/log_inprogress_0
2021-10-21 00:13:54,405 [EventQueue-OpenPipelineForHealthyPipelineSafeModeRule] INFO  safemode.SCMSafeModeManager (HealthyPipelineSafeModeRule.java:process(124)) - SCM in safe mode. Healthy pipelines reported count is 0, required healthy pipeline reported count is 1
2021-10-21 00:13:54,462 [87f4cda0-ffb5-4aa3-ac3a-463d681607fa@group-08D0D54F0B95-LeaderElection103] INFO  server.RaftServer$Division (ServerState.java:setRaftConf(387)) - 87f4cda0-ffb5-4aa3-ac3a-463d681607fa@group-08D0D54F0B95: set configuration 0: [87f4cda0-ffb5-4aa3-ac3a-463d681607fa|rpc:10.1.0.21:43449|dataStream:|priority:1], old=null
2021-10-21 00:13:54,516 [Listener at 127.0.0.1/34193] INFO  ozone.MiniOzoneClusterImpl (MiniOzoneClusterImpl.java:lambda$waitForClusterToBeReady$0(235)) - Nodes are ready. Got 9 of 9 DN Heartbeats.
2021-10-21 00:13:54,516 [Listener at 127.0.0.1/34193] INFO  ozone.MiniOzoneClusterImpl (MiniOzoneClusterImpl.java:lambda$waitForClusterToBeReady$0(238)) - Waiting for cluster to exit safe mode
2021-10-21 00:13:54,516 [Listener at 127.0.0.1/34193] INFO  ozone.MiniOzoneClusterImpl (MiniOzoneClusterImpl.java:lambda$waitForClusterToBeReady$0(240)) - SCM became leader
2021-10-21 00:13:55,516 [5ad7e042-c272-4503-bb68-cca0083e8bfb@group-0C185B61CB60-FollowerState] INFO  impl.FollowerState (FollowerState.java:run(134)) - 5ad7e042-c272-4503-bb68-cca0083e8bfb@group-0C185B61CB60-FollowerState: change to CANDIDATE, lastRpcElapsedTime:5084155538ns, electionTimeout:5009ms
2021-10-21 00:13:55,516 [5ad7e042-c272-4503-bb68-cca0083e8bfb@group-0C185B61CB60-FollowerState] INFO  impl.RoleInfo (RoleInfo.java:shutdownFollowerState(108)) - 5ad7e042-c272-4503-bb68-cca0083e8bfb: shutdown 5ad7e042-c272-4503-bb68-cca0083e8bfb@group-0C185B61CB60-FollowerState
2021-10-21 00:13:55,516 [5ad7e042-c272-4503-bb68-cca0083e8bfb@group-0C185B61CB60-FollowerState] INFO  server.RaftServer$Division (RaftServerImpl.java:setRole(290)) - 5ad7e042-c272-4503-bb68-cca0083e8bfb@group-0C185B61CB60: changes role from  FOLLOWER to CANDIDATE at term 1 for changeToCandidate
2021-10-21 00:13:55,516 [5ad7e042-c272-4503-bb68-cca0083e8bfb@group-0C185B61CB60-FollowerState] INFO  server.RaftServerConfigKeys (ConfUtils.java:logGet(44)) - raft.server.leaderelection.pre-vote = false (custom)
2021-10-21 00:13:55,516 [5ad7e042-c272-4503-bb68-cca0083e8bfb@group-0C185B61CB60-FollowerState] INFO  impl.RoleInfo (RoleInfo.java:updateAndGet(130)) - 5ad7e042-c272-4503-bb68-cca0083e8bfb: start 5ad7e042-c272-4503-bb68-cca0083e8bfb@group-0C185B61CB60-LeaderElection104
2021-10-21 00:13:55,516 [Listener at 127.0.0.1/34193] INFO  ozone.MiniOzoneClusterImpl (MiniOzoneClusterImpl.java:lambda$waitForClusterToBeReady$0(235)) - Nodes are ready. Got 9 of 9 DN Heartbeats.
2021-10-21 00:13:55,517 [Listener at 127.0.0.1/34193] INFO  ozone.MiniOzoneClusterImpl (MiniOzoneClusterImpl.java:lambda$waitForClusterToBeReady$0(238)) - Waiting for cluster to exit safe mode
2021-10-21 00:13:55,517 [Listener at 127.0.0.1/34193] INFO  ozone.MiniOzoneClusterImpl (MiniOzoneClusterImpl.java:lambda$waitForClusterToBeReady$0(240)) - SCM became leader
2021-10-21 00:13:55,533 [b1aa2fe7-eb40-4f9f-bfee-6ed7c04c202c@group-0C185B61CB60-FollowerState] INFO  impl.FollowerState (FollowerState.java:run(134)) - b1aa2fe7-eb40-4f9f-bfee-6ed7c04c202c@group-0C185B61CB60-FollowerState: change to CANDIDATE, lastRpcElapsedTime:5057782682ns, electionTimeout:5036ms
2021-10-21 00:13:55,534 [b1aa2fe7-eb40-4f9f-bfee-6ed7c04c202c@group-0C185B61CB60-FollowerState] INFO  impl.RoleInfo (RoleInfo.java:shutdownFollowerState(108)) - b1aa2fe7-eb40-4f9f-bfee-6ed7c04c202c: shutdown b1aa2fe7-eb40-4f9f-bfee-6ed7c04c202c@group-0C185B61CB60-FollowerState
2021-10-21 00:13:55,534 [b1aa2fe7-eb40-4f9f-bfee-6ed7c04c202c@group-0C185B61CB60-FollowerState] INFO  server.RaftServer$Division (RaftServerImpl.java:setRole(290)) - b1aa2fe7-eb40-4f9f-bfee-6ed7c04c202c@group-0C185B61CB60: changes role from  FOLLOWER to CANDIDATE at term 1 for changeToCandidate
2021-10-21 00:13:55,534 [b1aa2fe7-eb40-4f9f-bfee-6ed7c04c202c@group-0C185B61CB60-FollowerState] INFO  server.RaftServerConfigKeys (ConfUtils.java:logGet(44)) - raft.server.leaderelection.pre-vote = false (custom)
2021-10-21 00:13:55,534 [b1aa2fe7-eb40-4f9f-bfee-6ed7c04c202c@group-0C185B61CB60-FollowerState] INFO  impl.RoleInfo (RoleInfo.java:updateAndGet(130)) - b1aa2fe7-eb40-4f9f-bfee-6ed7c04c202c: start b1aa2fe7-eb40-4f9f-bfee-6ed7c04c202c@group-0C185B61CB60-LeaderElection105
2021-10-21 00:13:55,542 [5ad7e042-c272-4503-bb68-cca0083e8bfb@group-0C185B61CB60-LeaderElection104] INFO  impl.LeaderElection (LeaderElection.java:askForVotes(306)) - 5ad7e042-c272-4503-bb68-cca0083e8bfb@group-0C185B61CB60-LeaderElection104 ELECTION round 0: submit vote requests at term 2 for -1: [5ad7e042-c272-4503-bb68-cca0083e8bfb|rpc:10.1.0.21:44457|dataStream:|priority:1, b1aa2fe7-eb40-4f9f-bfee-6ed7c04c202c|rpc:10.1.0.21:36605|dataStream:|priority:0, 6c4bf312-847f-4261-b1bf-aef11305f2d7|rpc:10.1.0.21:45071|dataStream:|priority:0], old=null
2021-10-21 00:13:55,568 [grpc-default-executor-3] INFO  server.RaftServer$Division (RaftServerImpl.java:requestVote(1046)) - b1aa2fe7-eb40-4f9f-bfee-6ed7c04c202c@group-0C185B61CB60: receive requestVote(ELECTION, 5ad7e042-c272-4503-bb68-cca0083e8bfb, group-0C185B61CB60, 2, (t:0, i:0))
2021-10-21 00:13:55,588 [b1aa2fe7-eb40-4f9f-bfee-6ed7c04c202c@group-0C185B61CB60-LeaderElection105] INFO  impl.LeaderElection (LeaderElection.java:askForVotes(306)) - b1aa2fe7-eb40-4f9f-bfee-6ed7c04c202c@group-0C185B61CB60-LeaderElection105 ELECTION round 0: submit vote requests at term 2 for -1: [5ad7e042-c272-4503-bb68-cca0083e8bfb|rpc:10.1.0.21:44457|priority:1, b1aa2fe7-eb40-4f9f-bfee-6ed7c04c202c|rpc:10.1.0.21:36605|priority:0, 6c4bf312-847f-4261-b1bf-aef11305f2d7|rpc:10.1.0.21:45071|priority:0], old=null
2021-10-21 00:13:55,588 [grpc-default-executor-3] INFO  impl.VoteContext (VoteContext.java:log(48)) - b1aa2fe7-eb40-4f9f-bfee-6ed7c04c202c@group-0C185B61CB60-CANDIDATE: reject ELECTION from 5ad7e042-c272-4503-bb68-cca0083e8bfb: already has voted for b1aa2fe7-eb40-4f9f-bfee-6ed7c04c202c at current term 2
2021-10-21 00:13:55,588 [grpc-default-executor-3] INFO  server.RaftServer$Division (RaftServerImpl.java:requestVote(1078)) - b1aa2fe7-eb40-4f9f-bfee-6ed7c04c202c@group-0C185B61CB60 replies to ELECTION vote request: 5ad7e042-c272-4503-bb68-cca0083e8bfb<-b1aa2fe7-eb40-4f9f-bfee-6ed7c04c202c#0:FAIL-t2. Peer's state: b1aa2fe7-eb40-4f9f-bfee-6ed7c04c202c@group-0C185B61CB60:t2, leader=null, voted=b1aa2fe7-eb40-4f9f-bfee-6ed7c04c202c, raftlog=b1aa2fe7-eb40-4f9f-bfee-6ed7c04c202c@group-0C185B61CB60-SegmentedRaftLog:OPENED:c-1, conf=-1: [5ad7e042-c272-4503-bb68-cca0083e8bfb|rpc:10.1.0.21:44457|priority:1, b1aa2fe7-eb40-4f9f-bfee-6ed7c04c202c|rpc:10.1.0.21:36605|priority:0, 6c4bf312-847f-4261-b1bf-aef11305f2d7|rpc:10.1.0.21:45071|priority:0], old=null
2021-10-21 00:13:55,651 [grpc-default-executor-4] INFO  server.RaftServer$Division (RaftServerImpl.java:requestVote(1046)) - 6c4bf312-847f-4261-b1bf-aef11305f2d7@group-0C185B61CB60: receive requestVote(ELECTION, 5ad7e042-c272-4503-bb68-cca0083e8bfb, group-0C185B61CB60, 2, (t:0, i:0))
2021-10-21 00:13:55,651 [grpc-default-executor-4] INFO  impl.VoteContext (VoteContext.java:log(48)) - 6c4bf312-847f-4261-b1bf-aef11305f2d7@group-0C185B61CB60-FOLLOWER: accept ELECTION from 5ad7e042-c272-4503-bb68-cca0083e8bfb: our priority 0 <= candidate's priority 1
2021-10-21 00:13:55,651 [grpc-default-executor-4] INFO  server.RaftServer$Division (RaftServerImpl.java:setRole(290)) - 6c4bf312-847f-4261-b1bf-aef11305f2d7@group-0C185B61CB60: changes role from  FOLLOWER to FOLLOWER at term 2 for candidate:5ad7e042-c272-4503-bb68-cca0083e8bfb
2021-10-21 00:13:55,651 [grpc-default-executor-4] INFO  impl.RoleInfo (RoleInfo.java:shutdownFollowerState(108)) - 6c4bf312-847f-4261-b1bf-aef11305f2d7: shutdown 6c4bf312-847f-4261-b1bf-aef11305f2d7@group-0C185B61CB60-FollowerState
2021-10-21 00:13:55,651 [grpc-default-executor-4] INFO  impl.RoleInfo (RoleInfo.java:updateAndGet(130)) - 6c4bf312-847f-4261-b1bf-aef11305f2d7: start 6c4bf312-847f-4261-b1bf-aef11305f2d7@group-0C185B61CB60-FollowerState
2021-10-21 00:13:55,677 [grpc-default-executor-3] INFO  server.RaftServer$Division (RaftServerImpl.java:requestVote(1046)) - 5ad7e042-c272-4503-bb68-cca0083e8bfb@group-0C185B61CB60: receive requestVote(ELECTION, b1aa2fe7-eb40-4f9f-bfee-6ed7c04c202c, group-0C185B61CB60, 2, (t:0, i:0))
2021-10-21 00:13:55,677 [grpc-default-executor-3] INFO  impl.VoteContext (VoteContext.java:log(48)) - 5ad7e042-c272-4503-bb68-cca0083e8bfb@group-0C185B61CB60-CANDIDATE: reject ELECTION from b1aa2fe7-eb40-4f9f-bfee-6ed7c04c202c: already has voted for 5ad7e042-c272-4503-bb68-cca0083e8bfb at current term 2
2021-10-21 00:13:55,677 [grpc-default-executor-3] INFO  server.RaftServer$Division (RaftServerImpl.java:requestVote(1078)) - 5ad7e042-c272-4503-bb68-cca0083e8bfb@group-0C185B61CB60 replies to ELECTION vote request: b1aa2fe7-eb40-4f9f-bfee-6ed7c04c202c<-5ad7e042-c272-4503-bb68-cca0083e8bfb#0:FAIL-t2. Peer's state: 5ad7e042-c272-4503-bb68-cca0083e8bfb@group-0C185B61CB60:t2, leader=null, voted=5ad7e042-c272-4503-bb68-cca0083e8bfb, raftlog=5ad7e042-c272-4503-bb68-cca0083e8bfb@group-0C185B61CB60-SegmentedRaftLog:OPENED:c-1, conf=-1: [5ad7e042-c272-4503-bb68-cca0083e8bfb|rpc:10.1.0.21:44457|dataStream:|priority:1, b1aa2fe7-eb40-4f9f-bfee-6ed7c04c202c|rpc:10.1.0.21:36605|dataStream:|priority:0, 6c4bf312-847f-4261-b1bf-aef11305f2d7|rpc:10.1.0.21:45071|dataStream:|priority:0], old=null
2021-10-21 00:13:55,678 [grpc-default-executor-2] INFO  server.RaftServer$Division (RaftServerImpl.java:requestVote(1046)) - 6c4bf312-847f-4261-b1bf-aef11305f2d7@group-0C185B61CB60: receive requestVote(ELECTION, b1aa2fe7-eb40-4f9f-bfee-6ed7c04c202c, group-0C185B61CB60, 2, (t:0, i:0))
2021-10-21 00:13:55,678 [b1aa2fe7-eb40-4f9f-bfee-6ed7c04c202c@group-0C185B61CB60-LeaderElection105] INFO  impl.LeaderElection (LeaderElection.java:logAndReturn(89)) - b1aa2fe7-eb40-4f9f-bfee-6ed7c04c202c@group-0C185B61CB60-LeaderElection105: ELECTION REJECTED received 1 response(s) and 0 exception(s):
2021-10-21 00:13:55,678 [b1aa2fe7-eb40-4f9f-bfee-6ed7c04c202c@group-0C185B61CB60-LeaderElection105] INFO  impl.LeaderElection (LeaderElection.java:logAndReturn(93)) -   Response 0: b1aa2fe7-eb40-4f9f-bfee-6ed7c04c202c<-5ad7e042-c272-4503-bb68-cca0083e8bfb#0:FAIL-t2
2021-10-21 00:13:55,679 [b1aa2fe7-eb40-4f9f-bfee-6ed7c04c202c@group-0C185B61CB60-LeaderElection105] INFO  impl.LeaderElection (LeaderElection.java:askForVotes(308)) - b1aa2fe7-eb40-4f9f-bfee-6ed7c04c202c@group-0C185B61CB60-LeaderElection105 ELECTION round 0: result REJECTED
2021-10-21 00:13:55,679 [b1aa2fe7-eb40-4f9f-bfee-6ed7c04c202c@group-0C185B61CB60-LeaderElection105] INFO  server.RaftServer$Division (RaftServerImpl.java:setRole(290)) - b1aa2fe7-eb40-4f9f-bfee-6ed7c04c202c@group-0C185B61CB60: changes role from CANDIDATE to FOLLOWER at term 2 for REJECTED
2021-10-21 00:13:55,679 [b1aa2fe7-eb40-4f9f-bfee-6ed7c04c202c@group-0C185B61CB60-LeaderElection105] INFO  impl.RoleInfo (RoleInfo.java:shutdownLeaderElection(121)) - b1aa2fe7-eb40-4f9f-bfee-6ed7c04c202c: shutdown b1aa2fe7-eb40-4f9f-bfee-6ed7c04c202c@group-0C185B61CB60-LeaderElection105
2021-10-21 00:13:55,679 [b1aa2fe7-eb40-4f9f-bfee-6ed7c04c202c@group-0C185B61CB60-LeaderElection105] INFO  impl.RoleInfo (RoleInfo.java:updateAndGet(130)) - b1aa2fe7-eb40-4f9f-bfee-6ed7c04c202c: start b1aa2fe7-eb40-4f9f-bfee-6ed7c04c202c@group-0C185B61CB60-FollowerState
2021-10-21 00:13:55,736 [grpc-default-executor-4] INFO  server.RaftServer$Division (RaftServerImpl.java:requestVote(1078)) - 6c4bf312-847f-4261-b1bf-aef11305f2d7@group-0C185B61CB60 replies to ELECTION vote request: 5ad7e042-c272-4503-bb68-cca0083e8bfb<-6c4bf312-847f-4261-b1bf-aef11305f2d7#0:OK-t2. Peer's state: 6c4bf312-847f-4261-b1bf-aef11305f2d7@group-0C185B61CB60:t2, leader=null, voted=5ad7e042-c272-4503-bb68-cca0083e8bfb, raftlog=6c4bf312-847f-4261-b1bf-aef11305f2d7@group-0C185B61CB60-SegmentedRaftLog:OPENED:c-1, conf=-1: [5ad7e042-c272-4503-bb68-cca0083e8bfb|rpc:10.1.0.21:44457|dataStream:|priority:1, b1aa2fe7-eb40-4f9f-bfee-6ed7c04c202c|rpc:10.1.0.21:36605|dataStream:|priority:0, 6c4bf312-847f-4261-b1bf-aef11305f2d7|rpc:10.1.0.21:45071|dataStream:|priority:0], old=null
2021-10-21 00:13:55,736 [grpc-default-executor-2] INFO  impl.VoteContext (VoteContext.java:log(48)) - 6c4bf312-847f-4261-b1bf-aef11305f2d7@group-0C185B61CB60-FOLLOWER: reject ELECTION from b1aa2fe7-eb40-4f9f-bfee-6ed7c04c202c: already has voted for 5ad7e042-c272-4503-bb68-cca0083e8bfb at current term 2
2021-10-21 00:13:55,736 [grpc-default-executor-2] INFO  server.RaftServer$Division (RaftServerImpl.java:requestVote(1078)) - 6c4bf312-847f-4261-b1bf-aef11305f2d7@group-0C185B61CB60 replies to ELECTION vote request: b1aa2fe7-eb40-4f9f-bfee-6ed7c04c202c<-6c4bf312-847f-4261-b1bf-aef11305f2d7#0:FAIL-t2. Peer's state: 6c4bf312-847f-4261-b1bf-aef11305f2d7@group-0C185B61CB60:t2, leader=null, voted=5ad7e042-c272-4503-bb68-cca0083e8bfb, raftlog=6c4bf312-847f-4261-b1bf-aef11305f2d7@group-0C185B61CB60-SegmentedRaftLog:OPENED:c-1, conf=-1: [5ad7e042-c272-4503-bb68-cca0083e8bfb|rpc:10.1.0.21:44457|dataStream:|priority:1, b1aa2fe7-eb40-4f9f-bfee-6ed7c04c202c|rpc:10.1.0.21:36605|dataStream:|priority:0, 6c4bf312-847f-4261-b1bf-aef11305f2d7|rpc:10.1.0.21:45071|dataStream:|priority:0], old=null
2021-10-21 00:13:55,736 [6c4bf312-847f-4261-b1bf-aef11305f2d7@group-0C185B61CB60-FollowerState] INFO  impl.FollowerState (FollowerState.java:run(134)) - 6c4bf312-847f-4261-b1bf-aef11305f2d7@group-0C185B61CB60-FollowerState: change to CANDIDATE, lastRpcElapsedTime:5260536157ns, electionTimeout:5162ms
2021-10-21 00:13:55,737 [6c4bf312-847f-4261-b1bf-aef11305f2d7@group-0C185B61CB60-FollowerState] INFO  impl.RoleInfo (RoleInfo.java:shutdownFollowerState(108)) - 6c4bf312-847f-4261-b1bf-aef11305f2d7: shutdown 6c4bf312-847f-4261-b1bf-aef11305f2d7@group-0C185B61CB60-FollowerState
2021-10-21 00:13:55,737 [6c4bf312-847f-4261-b1bf-aef11305f2d7@group-0C185B61CB60-FollowerState] INFO  server.RaftServer$Division (RaftServerImpl.java:setRole(290)) - 6c4bf312-847f-4261-b1bf-aef11305f2d7@group-0C185B61CB60: changes role from  FOLLOWER to CANDIDATE at term 2 for changeToCandidate
2021-10-21 00:13:55,737 [6c4bf312-847f-4261-b1bf-aef11305f2d7@group-0C185B61CB60-FollowerState] INFO  server.RaftServerConfigKeys (ConfUtils.java:logGet(44)) - raft.server.leaderelection.pre-vote = false (custom)
2021-10-21 00:13:55,737 [6c4bf312-847f-4261-b1bf-aef11305f2d7@group-0C185B61CB60-FollowerState] INFO  impl.RoleInfo (RoleInfo.java:updateAndGet(130)) - 6c4bf312-847f-4261-b1bf-aef11305f2d7: start 6c4bf312-847f-4261-b1bf-aef11305f2d7@group-0C185B61CB60-LeaderElection106
2021-10-21 00:13:55,737 [6c4bf312-847f-4261-b1bf-aef11305f2d7@group-0C185B61CB60-FollowerState] INFO  impl.FollowerState (FollowerState.java:run(143)) - 6c4bf312-847f-4261-b1bf-aef11305f2d7@group-0C185B61CB60-FollowerState was interrupted: {}
java.lang.InterruptedException: sleep interrupted
	at java.lang.Thread.sleep(Native Method)
	at java.lang.Thread.sleep(Thread.java:340)
	at java.util.concurrent.TimeUnit.sleep(TimeUnit.java:386)
	at org.apache.ratis.util.TimeDuration.sleep(TimeDuration.java:324)
	at org.apache.ratis.util.TimeDuration.sleep(TimeDuration.java:309)
	at org.apache.ratis.server.impl.FollowerState.run(FollowerState.java:118)
2021-10-21 00:13:55,738 [5ad7e042-c272-4503-bb68-cca0083e8bfb@group-0C185B61CB60-LeaderElection104] INFO  impl.LeaderElection (LeaderElection.java:logAndReturn(89)) - 5ad7e042-c272-4503-bb68-cca0083e8bfb@group-0C185B61CB60-LeaderElection104: ELECTION PASSED received 2 response(s) and 0 exception(s):
2021-10-21 00:13:55,738 [5ad7e042-c272-4503-bb68-cca0083e8bfb@group-0C185B61CB60-LeaderElection104] INFO  impl.LeaderElection (LeaderElection.java:logAndReturn(93)) -   Response 0: 5ad7e042-c272-4503-bb68-cca0083e8bfb<-b1aa2fe7-eb40-4f9f-bfee-6ed7c04c202c#0:FAIL-t2
2021-10-21 00:13:55,738 [5ad7e042-c272-4503-bb68-cca0083e8bfb@group-0C185B61CB60-LeaderElection104] INFO  impl.LeaderElection (LeaderElection.java:logAndReturn(93)) -   Response 1: 5ad7e042-c272-4503-bb68-cca0083e8bfb<-6c4bf312-847f-4261-b1bf-aef11305f2d7#0:OK-t2
2021-10-21 00:13:55,804 [5ad7e042-c272-4503-bb68-cca0083e8bfb@group-0C185B61CB60-LeaderElection104] INFO  impl.LeaderElection (LeaderElection.java:askForVotes(308)) - 5ad7e042-c272-4503-bb68-cca0083e8bfb@group-0C185B61CB60-LeaderElection104 ELECTION round 0: result PASSED
2021-10-21 00:13:55,804 [5ad7e042-c272-4503-bb68-cca0083e8bfb@group-0C185B61CB60-LeaderElection104] INFO  impl.RoleInfo (RoleInfo.java:shutdownLeaderElection(121)) - 5ad7e042-c272-4503-bb68-cca0083e8bfb: shutdown 5ad7e042-c272-4503-bb68-cca0083e8bfb@group-0C185B61CB60-LeaderElection104
2021-10-21 00:13:55,804 [5ad7e042-c272-4503-bb68-cca0083e8bfb@group-0C185B61CB60-LeaderElection104] INFO  server.RaftServer$Division (RaftServerImpl.java:setRole(290)) - 5ad7e042-c272-4503-bb68-cca0083e8bfb@group-0C185B61CB60: changes role from CANDIDATE to LEADER at term 2 for changeToLeader
2021-10-21 00:13:55,804 [5ad7e042-c272-4503-bb68-cca0083e8bfb@group-0C185B61CB60-LeaderElection104] INFO  ratis.XceiverServerRatis (XceiverServerRatis.java:handleLeaderChangedNotification(866)) - Leader change notification received for group: group-0C185B61CB60 with new leaderId: 5ad7e042-c272-4503-bb68-cca0083e8bfb
2021-10-21 00:13:55,805 [5ad7e042-c272-4503-bb68-cca0083e8bfb@group-0C185B61CB60-LeaderElection104] INFO  server.RaftServer$Division (ServerState.java:setLeader(285)) - 5ad7e042-c272-4503-bb68-cca0083e8bfb@group-0C185B61CB60: change Leader from null to 5ad7e042-c272-4503-bb68-cca0083e8bfb at term 2 for becomeLeader, leader elected after 10651ms
2021-10-21 00:13:55,805 [5ad7e042-c272-4503-bb68-cca0083e8bfb@group-0C185B61CB60-LeaderElection104] INFO  server.RaftServerConfigKeys (ConfUtils.java:logGet(44)) - raft.server.staging.catchup.gap = 1000 (default)
2021-10-21 00:13:55,805 [5ad7e042-c272-4503-bb68-cca0083e8bfb@group-0C185B61CB60-LeaderElection104] INFO  server.RaftServerConfigKeys (ConfUtils.java:logGet(44)) - raft.server.write.element-limit = 1024 (custom)
2021-10-21 00:13:55,805 [5ad7e042-c272-4503-bb68-cca0083e8bfb@group-0C185B61CB60-LeaderElection104] INFO  server.RaftServerConfigKeys (ConfUtils.java:logGet(44)) - raft.server.write.byte-limit = 1024 M (=1073741824) (custom)
2021-10-21 00:13:55,806 [5ad7e042-c272-4503-bb68-cca0083e8bfb@group-0C185B61CB60-LeaderElection104] INFO  server.RaftServerConfigKeys (ConfUtils.java:logGet(44)) - raft.server.watch.timeout = 3000ms (custom)
2021-10-21 00:13:55,806 [5ad7e042-c272-4503-bb68-cca0083e8bfb@group-0C185B61CB60-LeaderElection104] INFO  server.RaftServerConfigKeys (ConfUtils.java:logGet(44)) - raft.server.watch.timeout.denomination = 1s (default)
2021-10-21 00:13:55,806 [5ad7e042-c272-4503-bb68-cca0083e8bfb@group-0C185B61CB60-LeaderElection104] INFO  server.RaftServerConfigKeys (ConfUtils.java:logGet(44)) - raft.server.watch.element-limit = 65536 (default)
2021-10-21 00:13:55,806 [5ad7e042-c272-4503-bb68-cca0083e8bfb@group-0C185B61CB60-LeaderElection104] INFO  server.RaftServerConfigKeys (ConfUtils.java:logGet(44)) - raft.server.write.element-limit = 1024 (custom)
2021-10-21 00:13:55,806 [5ad7e042-c272-4503-bb68-cca0083e8bfb@group-0C185B61CB60-LeaderElection104] INFO  server.RaftServerConfigKeys (ConfUtils.java:logGet(44)) - raft.server.write.follower.gap.ratio.max = -1.0 (default)
2021-10-21 00:13:55,806 [5ad7e042-c272-4503-bb68-cca0083e8bfb@group-0C185B61CB60-LeaderElection104] INFO  server.RaftServerConfigKeys (ConfUtils.java:logGet(44)) - raft.server.log.appender.snapshot.chunk.size.max = 16MB (=16777216) (default)
2021-10-21 00:13:55,806 [5ad7e042-c272-4503-bb68-cca0083e8bfb@group-0C185B61CB60-LeaderElection104] INFO  server.RaftServerConfigKeys (ConfUtils.java:logGet(44)) - raft.server.log.appender.buffer.byte-limit = 33554432 (custom)
2021-10-21 00:13:55,806 [5ad7e042-c272-4503-bb68-cca0083e8bfb@group-0C185B61CB60-LeaderElection104] INFO  server.RaftServerConfigKeys (ConfUtils.java:logGet(44)) - raft.server.log.appender.buffer.element-limit = 1 (custom)
2021-10-21 00:13:55,806 [5ad7e042-c272-4503-bb68-cca0083e8bfb@group-0C185B61CB60-LeaderElection104] INFO  grpc.GrpcConfigKeys (ConfUtils.java:logGet(44)) - raft.grpc.server.leader.outstanding.appends.max = 128 (default)
2021-10-21 00:13:55,806 [5ad7e042-c272-4503-bb68-cca0083e8bfb@group-0C185B61CB60-LeaderElection104] INFO  server.RaftServerConfigKeys (ConfUtils.java:logGet(44)) - raft.server.rpc.request.timeout = 3000ms (default)
2021-10-21 00:13:55,806 [5ad7e042-c272-4503-bb68-cca0083e8bfb@group-0C185B61CB60-LeaderElection104] INFO  server.RaftServerConfigKeys (ConfUtils.java:logGet(44)) - raft.server.log.appender.install.snapshot.enabled = false (custom)
2021-10-21 00:13:55,807 [Datanode State Machine Thread - 0] WARN  statemachine.StateContext (StateContext.java:execute(621)) - No available thread in pool for past 1 seconds.
2021-10-21 00:13:55,808 [EventQueue-PipelineReportForPipelineReportHandler] INFO  pipeline.PipelineManagerImpl (PipelineManagerImpl.java:openPipeline(282)) - Pipeline Pipeline[ Id: 1b019f85-e068-433d-8e86-0c185b61cb60, Nodes: 5ad7e042-c272-4503-bb68-cca0083e8bfb{ip: 10.1.0.21, host: fv-az395-87.zfmzfyrfkyou3ow0tsr0jxwq1e.bx.internal.cloudapp.net, ports: [REPLICATION=33129, RATIS=44457, RATIS_ADMIN=44457, RATIS_SERVER=44457, STANDALONE=33953], networkLocation: /default-rack, certSerialId: null, persistedOpState: IN_SERVICE, persistedOpStateExpiryEpochSec: 0}6c4bf312-847f-4261-b1bf-aef11305f2d7{ip: 10.1.0.21, host: fv-az395-87.zfmzfyrfkyou3ow0tsr0jxwq1e.bx.internal.cloudapp.net, ports: [REPLICATION=33993, RATIS=45071, RATIS_ADMIN=45071, RATIS_SERVER=45071, STANDALONE=38819], networkLocation: /default-rack, certSerialId: null, persistedOpState: IN_SERVICE, persistedOpStateExpiryEpochSec: 0}b1aa2fe7-eb40-4f9f-bfee-6ed7c04c202c{ip: 10.1.0.21, host: fv-az395-87.zfmzfyrfkyou3ow0tsr0jxwq1e.bx.internal.cloudapp.net, ports: [REPLICATION=33729, RATIS=36605, RATIS_ADMIN=36605, RATIS_SERVER=36605, STANDALONE=33747], networkLocation: /default-rack, certSerialId: null, persistedOpState: IN_SERVICE, persistedOpStateExpiryEpochSec: 0}, ReplicationConfig: RATIS/THREE, State:ALLOCATED, leaderId:5ad7e042-c272-4503-bb68-cca0083e8bfb, CreationTimestamp2021-10-21T00:13:43.617Z[Etc/UTC]] moved to OPEN state
2021-10-21 00:13:55,808 [EventQueue-OpenPipelineForHealthyPipelineSafeModeRule] INFO  safemode.SCMSafeModeManager (HealthyPipelineSafeModeRule.java:process(124)) - SCM in safe mode. Healthy pipelines reported count is 0, required healthy pipeline reported count is 1
2021-10-21 00:13:55,809 [EventQueue-OpenPipelineForHealthyPipelineSafeModeRule] INFO  safemode.SCMSafeModeManager (HealthyPipelineSafeModeRule.java:process(124)) - SCM in safe mode. Healthy pipelines reported count is 1, required healthy pipeline reported count is 1
2021-10-21 00:13:55,809 [EventQueue-OpenPipelineForHealthyPipelineSafeModeRule] INFO  safemode.SCMSafeModeManager (SCMSafeModeManager.java:validateSafeModeExitRules(204)) - HealthyPipelineSafeModeRule rule is successfully validated
2021-10-21 00:13:55,809 [EventQueue-OpenPipelineForHealthyPipelineSafeModeRule] INFO  safemode.SCMSafeModeManager (SCMSafeModeManager.java:validateSafeModeExitRules(219)) - ScmSafeModeManager, all rules are successfully validated
2021-10-21 00:13:55,809 [EventQueue-OpenPipelineForHealthyPipelineSafeModeRule] INFO  safemode.SCMSafeModeManager (SCMSafeModeManager.java:exitSafeMode(248)) - SCM exiting safe mode.
2021-10-21 00:13:55,809 [EventQueue-OpenPipelineForHealthyPipelineSafeModeRule] WARN  events.EventQueue (EventQueue.java:fireEvent(194)) - No event handler registered for event TypedEvent{payloadType=SafeModeStatus, name='Safe mode status'}
2021-10-21 00:13:55,809 [EventQueue-OpenPipelineForHealthyPipelineSafeModeRule] INFO  ha.SCMContext (SCMContext.java:updateSafeModeStatus(205)) - Update SafeModeStatus from SafeModeStatus{safeModeStatus=true, preCheckPassed=true} to SafeModeStatus{safeModeStatus=false, preCheckPassed=true}.
2021-10-21 00:13:55,809 [EventQueue-OpenPipelineForHealthyPipelineSafeModeRule] INFO  pipeline.BackgroundPipelineCreator (BackgroundPipelineCreator.java:notifyStatusChanged(264)) - Service BackgroundPipelineCreator transitions to RUNNING.
2021-10-21 00:13:55,809 [EventQueue-OpenPipelineForHealthyPipelineSafeModeRule] INFO  container.ReplicationManager (ReplicationManager.java:notifyStatusChanged(1746)) - Service ReplicationManager transitions to RUNNING.
2021-10-21 00:13:55,812 [6c4bf312-847f-4261-b1bf-aef11305f2d7@group-0C185B61CB60-LeaderElection106] INFO  impl.LeaderElection (LeaderElection.java:askForVotes(306)) - 6c4bf312-847f-4261-b1bf-aef11305f2d7@group-0C185B61CB60-LeaderElection106 ELECTION round 0: submit vote requests at term 3 for -1: [5ad7e042-c272-4503-bb68-cca0083e8bfb|rpc:10.1.0.21:44457|dataStream:|priority:1, b1aa2fe7-eb40-4f9f-bfee-6ed7c04c202c|rpc:10.1.0.21:36605|dataStream:|priority:0, 6c4bf312-847f-4261-b1bf-aef11305f2d7|rpc:10.1.0.21:45071|dataStream:|priority:0], old=null
2021-10-21 00:13:55,813 [5ad7e042-c272-4503-bb68-cca0083e8bfb@group-0C185B61CB60-LeaderElection104] INFO  server.RaftServerConfigKeys (ConfUtils.java:logGet(44)) - raft.server.log.appender.snapshot.chunk.size.max = 16MB (=16777216) (default)
2021-10-21 00:13:55,817 [5ad7e042-c272-4503-bb68-cca0083e8bfb@group-0C185B61CB60-LeaderElection104] INFO  server.RaftServerConfigKeys (ConfUtils.java:logGet(44)) - raft.server.log.appender.buffer.byte-limit = 33554432 (custom)
2021-10-21 00:13:55,818 [5ad7e042-c272-4503-bb68-cca0083e8bfb@group-0C185B61CB60-LeaderElection104] INFO  server.RaftServerConfigKeys (ConfUtils.java:logGet(44)) - raft.server.log.appender.buffer.element-limit = 1 (custom)
2021-10-21 00:13:55,844 [grpc-default-executor-4] INFO  server.RaftServer$Division (RaftServerImpl.java:requestVote(1046)) - 5ad7e042-c272-4503-bb68-cca0083e8bfb@group-0C185B61CB60: receive requestVote(ELECTION, 6c4bf312-847f-4261-b1bf-aef11305f2d7, group-0C185B61CB60, 3, (t:0, i:0))
2021-10-21 00:13:55,888 [5ad7e042-c272-4503-bb68-cca0083e8bfb@group-0C185B61CB60-LeaderElection104] INFO  grpc.GrpcConfigKeys (ConfUtils.java:logGet(44)) - raft.grpc.server.leader.outstanding.appends.max = 128 (default)
2021-10-21 00:13:55,888 [5ad7e042-c272-4503-bb68-cca0083e8bfb@group-0C185B61CB60-LeaderElection104] INFO  server.RaftServerConfigKeys (ConfUtils.java:logGet(44)) - raft.server.rpc.request.timeout = 3000ms (default)
2021-10-21 00:13:55,890 [5ad7e042-c272-4503-bb68-cca0083e8bfb@group-0C185B61CB60-LeaderElection104] INFO  server.RaftServerConfigKeys (ConfUtils.java:logGet(44)) - raft.server.log.appender.install.snapshot.enabled = false (custom)
2021-10-21 00:13:55,892 [5ad7e042-c272-4503-bb68-cca0083e8bfb@group-0C185B61CB60-LeaderElection104] INFO  impl.RoleInfo (RoleInfo.java:updateAndGet(130)) - 5ad7e042-c272-4503-bb68-cca0083e8bfb: start 5ad7e042-c272-4503-bb68-cca0083e8bfb@group-0C185B61CB60-LeaderStateImpl
2021-10-21 00:13:55,892 [5ad7e042-c272-4503-bb68-cca0083e8bfb@group-0C185B61CB60-LeaderElection104] INFO  segmented.SegmentedRaftLogWorker (SegmentedRaftLogWorker.java:startLogSegment(394)) - 5ad7e042-c272-4503-bb68-cca0083e8bfb@group-0C185B61CB60-SegmentedRaftLogWorker: Starting segment from index:0
2021-10-21 00:13:55,898 [grpc-default-executor-2] INFO  server.RaftServer$Division (RaftServerImpl.java:requestVote(1046)) - b1aa2fe7-eb40-4f9f-bfee-6ed7c04c202c@group-0C185B61CB60: receive requestVote(ELECTION, 6c4bf312-847f-4261-b1bf-aef11305f2d7, group-0C185B61CB60, 3, (t:0, i:0))
2021-10-21 00:13:55,898 [grpc-default-executor-2] INFO  impl.VoteContext (VoteContext.java:log(48)) - b1aa2fe7-eb40-4f9f-bfee-6ed7c04c202c@group-0C185B61CB60-FOLLOWER: accept ELECTION from 6c4bf312-847f-4261-b1bf-aef11305f2d7: our priority 0 <= candidate's priority 0
2021-10-21 00:13:55,898 [grpc-default-executor-2] INFO  server.RaftServer$Division (RaftServerImpl.java:setRole(290)) - b1aa2fe7-eb40-4f9f-bfee-6ed7c04c202c@group-0C185B61CB60: changes role from  FOLLOWER to FOLLOWER at term 3 for candidate:6c4bf312-847f-4261-b1bf-aef11305f2d7
2021-10-21 00:13:55,898 [grpc-default-executor-2] INFO  impl.RoleInfo (RoleInfo.java:shutdownFollowerState(108)) - b1aa2fe7-eb40-4f9f-bfee-6ed7c04c202c: shutdown b1aa2fe7-eb40-4f9f-bfee-6ed7c04c202c@group-0C185B61CB60-FollowerState
2021-10-21 00:13:55,898 [grpc-default-executor-2] INFO  impl.RoleInfo (RoleInfo.java:updateAndGet(130)) - b1aa2fe7-eb40-4f9f-bfee-6ed7c04c202c: start b1aa2fe7-eb40-4f9f-bfee-6ed7c04c202c@group-0C185B61CB60-FollowerState
2021-10-21 00:13:55,898 [b1aa2fe7-eb40-4f9f-bfee-6ed7c04c202c@group-0C185B61CB60-FollowerState] INFO  impl.FollowerState (FollowerState.java:run(143)) - b1aa2fe7-eb40-4f9f-bfee-6ed7c04c202c@group-0C185B61CB60-FollowerState was interrupted: {}
java.lang.InterruptedException: sleep interrupted
	at java.lang.Thread.sleep(Native Method)
	at java.lang.Thread.sleep(Thread.java:340)
	at java.util.concurrent.TimeUnit.sleep(TimeUnit.java:386)
	at org.apache.ratis.util.TimeDuration.sleep(TimeDuration.java:324)
	at org.apache.ratis.util.TimeDuration.sleep(TimeDuration.java:309)
	at org.apache.ratis.server.impl.FollowerState.run(FollowerState.java:118)
2021-10-21 00:13:55,910 [grpc-default-executor-2] INFO  server.RaftServer$Division (RaftServerImpl.java:requestVote(1078)) - b1aa2fe7-eb40-4f9f-bfee-6ed7c04c202c@group-0C185B61CB60 replies to ELECTION vote request: 6c4bf312-847f-4261-b1bf-aef11305f2d7<-b1aa2fe7-eb40-4f9f-bfee-6ed7c04c202c#0:OK-t3. Peer's state: b1aa2fe7-eb40-4f9f-bfee-6ed7c04c202c@group-0C185B61CB60:t3, leader=null, voted=6c4bf312-847f-4261-b1bf-aef11305f2d7, raftlog=b1aa2fe7-eb40-4f9f-bfee-6ed7c04c202c@group-0C185B61CB60-SegmentedRaftLog:OPENED:c-1, conf=-1: [5ad7e042-c272-4503-bb68-cca0083e8bfb|rpc:10.1.0.21:44457|priority:1, b1aa2fe7-eb40-4f9f-bfee-6ed7c04c202c|rpc:10.1.0.21:36605|priority:0, 6c4bf312-847f-4261-b1bf-aef11305f2d7|rpc:10.1.0.21:45071|priority:0], old=null
2021-10-21 00:13:55,967 [5ad7e042-c272-4503-bb68-cca0083e8bfb@group-0C185B61CB60-SegmentedRaftLogWorker] INFO  segmented.SegmentedRaftLogWorker (SegmentedRaftLogWorker.java:execute(601)) - 5ad7e042-c272-4503-bb68-cca0083e8bfb@group-0C185B61CB60-SegmentedRaftLogWorker: created new log segment /home/runner/work/ozone/ozone/hadoop-ozone/integration-test/target/test-dir/MiniOzoneClusterImpl-0ff56402-746c-4b46-aacb-40edab3b56db/datanode-4/data/ratis/1b019f85-e068-433d-8e86-0c185b61cb60/current/log_inprogress_0
2021-10-21 00:13:56,005 [5ad7e042-c272-4503-bb68-cca0083e8bfb@group-0C185B61CB60-LeaderElection104] INFO  server.RaftServer$Division (ServerState.java:setRaftConf(387)) - 5ad7e042-c272-4503-bb68-cca0083e8bfb@group-0C185B61CB60: set configuration 0: [5ad7e042-c272-4503-bb68-cca0083e8bfb|rpc:10.1.0.21:44457|dataStream:|priority:1, b1aa2fe7-eb40-4f9f-bfee-6ed7c04c202c|rpc:10.1.0.21:36605|dataStream:|priority:0, 6c4bf312-847f-4261-b1bf-aef11305f2d7|rpc:10.1.0.21:45071|dataStream:|priority:0], old=null
2021-10-21 00:13:56,034 [5ad7e042-c272-4503-bb68-cca0083e8bfb@group-0C185B61CB60-LeaderStateImpl] INFO  server.RaftServer$Division (ServerState.java:setLeader(285)) - 5ad7e042-c272-4503-bb68-cca0083e8bfb@group-0C185B61CB60: change Leader from 5ad7e042-c272-4503-bb68-cca0083e8bfb to null at term 3 for updateCurrentTerm
2021-10-21 00:13:56,034 [5ad7e042-c272-4503-bb68-cca0083e8bfb@group-0C185B61CB60-LeaderStateImpl] INFO  server.RaftServer$Division (RaftServerImpl.java:setRole(290)) - 5ad7e042-c272-4503-bb68-cca0083e8bfb@group-0C185B61CB60: changes role from    LEADER to FOLLOWER at term 3 for StepDownReason:HIGHER_TERM
2021-10-21 00:13:56,034 [5ad7e042-c272-4503-bb68-cca0083e8bfb@group-0C185B61CB60-LeaderStateImpl] INFO  impl.RoleInfo (RoleInfo.java:shutdownLeaderState(91)) - 5ad7e042-c272-4503-bb68-cca0083e8bfb: shutdown 5ad7e042-c272-4503-bb68-cca0083e8bfb@group-0C185B61CB60-LeaderStateImpl
2021-10-21 00:13:56,034 [5ad7e042-c272-4503-bb68-cca0083e8bfb@group-0C185B61CB60-LeaderStateImpl] INFO  impl.PendingRequests (PendingRequests.java:sendNotLeaderResponses(282)) - 5ad7e042-c272-4503-bb68-cca0083e8bfb@group-0C185B61CB60-PendingRequests: sendNotLeaderResponses
2021-10-21 00:13:56,059 [5ad7e042-c272-4503-bb68-cca0083e8bfb@group-0C185B61CB60-LeaderStateImpl] INFO  impl.RoleInfo (RoleInfo.java:updateAndGet(130)) - 5ad7e042-c272-4503-bb68-cca0083e8bfb: start 5ad7e042-c272-4503-bb68-cca0083e8bfb@group-0C185B61CB60-FollowerState
2021-10-21 00:13:56,084 [grpc-default-executor-2] INFO  server.GrpcServerProtocolService (GrpcServerProtocolService.java:onCompleted(140)) - 6c4bf312-847f-4261-b1bf-aef11305f2d7: Completed APPEND_ENTRIES, lastRequest: 5ad7e042-c272-4503-bb68-cca0083e8bfb->6c4bf312-847f-4261-b1bf-aef11305f2d7#1-t2,previous=(t:0, i:0),leaderCommit=-1,initializing? true,entries: size=1, first=(t:2, i:0), CONFIGURATIONENTRY
2021-10-21 00:13:56,086 [grpc-default-executor-4] INFO  impl.VoteContext (VoteContext.java:log(48)) - 5ad7e042-c272-4503-bb68-cca0083e8bfb@group-0C185B61CB60-FOLLOWER: reject ELECTION from 6c4bf312-847f-4261-b1bf-aef11305f2d7: our last entry (t:2, i:0) > candidate's last entry (t:0, i:0)
2021-10-21 00:13:56,086 [grpc-default-executor-4] INFO  server.RaftServer$Division (RaftServerImpl.java:setRole(290)) - 5ad7e042-c272-4503-bb68-cca0083e8bfb@group-0C185B61CB60: changes role from  FOLLOWER to FOLLOWER at term 3 for candidate:6c4bf312-847f-4261-b1bf-aef11305f2d7
2021-10-21 00:13:56,086 [grpc-default-executor-4] INFO  impl.RoleInfo (RoleInfo.java:shutdownFollowerState(108)) - 5ad7e042-c272-4503-bb68-cca0083e8bfb: shutdown 5ad7e042-c272-4503-bb68-cca0083e8bfb@group-0C185B61CB60-FollowerState
2021-10-21 00:13:56,086 [grpc-default-executor-4] INFO  impl.RoleInfo (RoleInfo.java:updateAndGet(130)) - 5ad7e042-c272-4503-bb68-cca0083e8bfb: start 5ad7e042-c272-4503-bb68-cca0083e8bfb@group-0C185B61CB60-FollowerState
2021-10-21 00:13:56,089 [grpc-default-executor-4] INFO  server.RaftServer$Division (RaftServerImpl.java:requestVote(1078)) - 5ad7e042-c272-4503-bb68-cca0083e8bfb@group-0C185B61CB60 replies to ELECTION vote request: 6c4bf312-847f-4261-b1bf-aef11305f2d7<-5ad7e042-c272-4503-bb68-cca0083e8bfb#0:FAIL-t3. Peer's state: 5ad7e042-c272-4503-bb68-cca0083e8bfb@group-0C185B61CB60:t3, leader=null, voted=null, raftlog=5ad7e042-c272-4503-bb68-cca0083e8bfb@group-0C185B61CB60-SegmentedRaftLog:OPENED:c0, conf=0: [5ad7e042-c272-4503-bb68-cca0083e8bfb|rpc:10.1.0.21:44457|dataStream:|priority:1, b1aa2fe7-eb40-4f9f-bfee-6ed7c04c202c|rpc:10.1.0.21:36605|dataStream:|priority:0, 6c4bf312-847f-4261-b1bf-aef11305f2d7|rpc:10.1.0.21:45071|dataStream:|priority:0], old=null
2021-10-21 00:13:56,090 [grpc-default-executor-3] INFO  server.GrpcLogAppender (GrpcLogAppender.java:onCompleted(346)) - 5ad7e042-c272-4503-bb68-cca0083e8bfb@group-0C185B61CB60->6c4bf312-847f-4261-b1bf-aef11305f2d7-AppendLogResponseHandler: follower responses appendEntries COMPLETED
2021-10-21 00:13:56,090 [grpc-default-executor-3] INFO  leader.FollowerInfo (FollowerInfoImpl.java:lambda$new$0(47)) - 5ad7e042-c272-4503-bb68-cca0083e8bfb@group-0C185B61CB60->6c4bf312-847f-4261-b1bf-aef11305f2d7: nextIndex: updateUnconditionally 1 -> 0
2021-10-21 00:13:56,098 [6c4bf312-847f-4261-b1bf-aef11305f2d7@group-0C185B61CB60-LeaderElection106] INFO  impl.LeaderElection (LeaderElection.java:logAndReturn(89)) - 6c4bf312-847f-4261-b1bf-aef11305f2d7@group-0C185B61CB60-LeaderElection106: ELECTION REJECTED received 2 response(s) and 0 exception(s):
2021-10-21 00:13:56,099 [6c4bf312-847f-4261-b1bf-aef11305f2d7@group-0C185B61CB60-LeaderElection106] INFO  impl.LeaderElection (LeaderElection.java:logAndReturn(93)) -   Response 0: 6c4bf312-847f-4261-b1bf-aef11305f2d7<-b1aa2fe7-eb40-4f9f-bfee-6ed7c04c202c#0:OK-t3
2021-10-21 00:13:56,099 [6c4bf312-847f-4261-b1bf-aef11305f2d7@group-0C185B61CB60-LeaderElection106] INFO  impl.LeaderElection (LeaderElection.java:logAndReturn(93)) -   Response 1: 6c4bf312-847f-4261-b1bf-aef11305f2d7<-5ad7e042-c272-4503-bb68-cca0083e8bfb#0:FAIL-t3
2021-10-21 00:13:56,099 [6c4bf312-847f-4261-b1bf-aef11305f2d7@group-0C185B61CB60-LeaderElection106] INFO  impl.LeaderElection (LeaderElection.java:askForVotes(308)) - 6c4bf312-847f-4261-b1bf-aef11305f2d7@group-0C185B61CB60-LeaderElection106 ELECTION round 0: result REJECTED
2021-10-21 00:13:56,099 [6c4bf312-847f-4261-b1bf-aef11305f2d7@group-0C185B61CB60-LeaderElection106] INFO  server.RaftServer$Division (RaftServerImpl.java:setRole(290)) - 6c4bf312-847f-4261-b1bf-aef11305f2d7@group-0C185B61CB60: changes role from CANDIDATE to FOLLOWER at term 3 for REJECTED
2021-10-21 00:13:56,099 [6c4bf312-847f-4261-b1bf-aef11305f2d7@group-0C185B61CB60-LeaderElection106] INFO  impl.RoleInfo (RoleInfo.java:shutdownLeaderElection(121)) - 6c4bf312-847f-4261-b1bf-aef11305f2d7: shutdown 6c4bf312-847f-4261-b1bf-aef11305f2d7@group-0C185B61CB60-LeaderElection106
2021-10-21 00:13:56,099 [6c4bf312-847f-4261-b1bf-aef11305f2d7@group-0C185B61CB60-LeaderElection106] INFO  impl.RoleInfo (RoleInfo.java:updateAndGet(130)) - 6c4bf312-847f-4261-b1bf-aef11305f2d7: start 6c4bf312-847f-4261-b1bf-aef11305f2d7@group-0C185B61CB60-FollowerState
2021-10-21 00:13:56,517 [Listener at 127.0.0.1/34193] INFO  ozone.MiniOzoneClusterImpl (MiniOzoneClusterImpl.java:lambda$waitForClusterToBeReady$0(235)) - Nodes are ready. Got 9 of 9 DN Heartbeats.
2021-10-21 00:13:56,517 [Listener at 127.0.0.1/34193] INFO  ozone.MiniOzoneClusterImpl (MiniOzoneClusterImpl.java:lambda$waitForClusterToBeReady$0(238)) - Cluster exits safe mode
2021-10-21 00:13:56,517 [Listener at 127.0.0.1/34193] INFO  ozone.MiniOzoneClusterImpl (MiniOzoneClusterImpl.java:lambda$waitForClusterToBeReady$0(240)) - SCM became leader
2021-10-21 00:13:56,578 [Listener at 127.0.0.1/34193] INFO  rpc.RpcClient (RpcClient.java:createVolume(342)) - Creating Volume: watchforcommithandlingtest, with runner as owner and space quota set to -1 bytes, counts quota set to -1
2021-10-21 00:13:56,596 [OM StateMachine ApplyTransaction Thread - 0] INFO  volume.OMVolumeCreateRequest (OMVolumeCreateRequest.java:validateAndUpdateCache(195)) - created volume:watchforcommithandlingtest for user:runner
2021-10-21 00:13:56,638 [Listener at 127.0.0.1/34193] INFO  rpc.RpcClient (RpcClient.java:createBucket(502)) - Creating Bucket: watchforcommithandlingtest/watchforcommithandlingtest, with Versioning false and Storage Type set to DISK and Encryption set to false 
2021-10-21 00:13:56,731 [Listener at 127.0.0.1/34193] INFO  ozone.MiniOzoneClusterImpl (MiniOzoneClusterImpl.java:getStorageContainerLocationClient(346)) - Creating StorageContainerLocationProtocol RPC client with address /0.0.0.0:37585
2021-10-21 00:13:56,738 [IPC Server handler 18 on default port 37585] INFO  ha.SequenceIdGenerator (SequenceIdGenerator.java:getNextId(127)) - Allocate a batch for containerId, change lastId from 0 to 1000.
2021-10-21 00:13:58,537 [385ed75d-b5f2-4976-82ca-03b327f31da0@group-1ABE1F802D80-FollowerState] INFO  impl.FollowerState (FollowerState.java:run(134)) - 385ed75d-b5f2-4976-82ca-03b327f31da0@group-1ABE1F802D80-FollowerState: change to CANDIDATE, lastRpcElapsedTime:5067410566ns, electionTimeout:5037ms
2021-10-21 00:13:58,537 [385ed75d-b5f2-4976-82ca-03b327f31da0@group-1ABE1F802D80-FollowerState] INFO  impl.RoleInfo (RoleInfo.java:shutdownFollowerState(108)) - 385ed75d-b5f2-4976-82ca-03b327f31da0: shutdown 385ed75d-b5f2-4976-82ca-03b327f31da0@group-1ABE1F802D80-FollowerState
2021-10-21 00:13:58,537 [385ed75d-b5f2-4976-82ca-03b327f31da0@group-1ABE1F802D80-FollowerState] INFO  server.RaftServer$Division (RaftServerImpl.java:setRole(290)) - 385ed75d-b5f2-4976-82ca-03b327f31da0@group-1ABE1F802D80: changes role from  FOLLOWER to CANDIDATE at term 2 for changeToCandidate
2021-10-21 00:13:58,537 [385ed75d-b5f2-4976-82ca-03b327f31da0@group-1ABE1F802D80-FollowerState] INFO  server.RaftServerConfigKeys (ConfUtils.java:logGet(44)) - raft.server.leaderelection.pre-vote = false (custom)
2021-10-21 00:13:58,537 [385ed75d-b5f2-4976-82ca-03b327f31da0@group-1ABE1F802D80-FollowerState] INFO  impl.RoleInfo (RoleInfo.java:updateAndGet(130)) - 385ed75d-b5f2-4976-82ca-03b327f31da0: start 385ed75d-b5f2-4976-82ca-03b327f31da0@group-1ABE1F802D80-LeaderElection107
2021-10-21 00:13:58,558 [385ed75d-b5f2-4976-82ca-03b327f31da0@group-1ABE1F802D80-LeaderElection107] INFO  impl.LeaderElection (LeaderElection.java:askForVotes(306)) - 385ed75d-b5f2-4976-82ca-03b327f31da0@group-1ABE1F802D80-LeaderElection107 ELECTION round 0: submit vote requests at term 3 for -1: [43a8bf6a-c132-4b01-9df6-8da121d8da0e|rpc:10.1.0.21:44683|priority:1, b064551b-1fe0-41a9-91d7-ea536b2590c0|rpc:10.1.0.21:37069|priority:0, 385ed75d-b5f2-4976-82ca-03b327f31da0|rpc:10.1.0.21:43801|priority:0], old=null
2021-10-21 00:13:58,563 [grpc-default-executor-4] INFO  server.RaftServer$Division (RaftServerImpl.java:requestVote(1046)) - 43a8bf6a-c132-4b01-9df6-8da121d8da0e@group-1ABE1F802D80: receive requestVote(ELECTION, 385ed75d-b5f2-4976-82ca-03b327f31da0, group-1ABE1F802D80, 3, (t:0, i:0))
2021-10-21 00:13:58,564 [grpc-default-executor-4] INFO  impl.VoteContext (VoteContext.java:log(48)) - 43a8bf6a-c132-4b01-9df6-8da121d8da0e@group-1ABE1F802D80-FOLLOWER: reject ELECTION from 385ed75d-b5f2-4976-82ca-03b327f31da0: our priority 1 > candidate's priority 0
2021-10-21 00:13:58,564 [grpc-default-executor-4] INFO  server.RaftServer$Division (RaftServerImpl.java:setRole(290)) - 43a8bf6a-c132-4b01-9df6-8da121d8da0e@group-1ABE1F802D80: changes role from  FOLLOWER to FOLLOWER at term 3 for candidate:385ed75d-b5f2-4976-82ca-03b327f31da0
2021-10-21 00:13:58,564 [grpc-default-executor-4] INFO  impl.RoleInfo (RoleInfo.java:shutdownFollowerState(108)) - 43a8bf6a-c132-4b01-9df6-8da121d8da0e: shutdown 43a8bf6a-c132-4b01-9df6-8da121d8da0e@group-1ABE1F802D80-FollowerState
2021-10-21 00:13:58,564 [grpc-default-executor-4] INFO  impl.RoleInfo (RoleInfo.java:updateAndGet(130)) - 43a8bf6a-c132-4b01-9df6-8da121d8da0e: start 43a8bf6a-c132-4b01-9df6-8da121d8da0e@group-1ABE1F802D80-FollowerState
2021-10-21 00:13:58,564 [43a8bf6a-c132-4b01-9df6-8da121d8da0e@group-1ABE1F802D80-FollowerState] INFO  impl.FollowerState (FollowerState.java:run(143)) - 43a8bf6a-c132-4b01-9df6-8da121d8da0e@group-1ABE1F802D80-FollowerState was interrupted: {}
java.lang.InterruptedException: sleep interrupted
	at java.lang.Thread.sleep(Native Method)
	at java.lang.Thread.sleep(Thread.java:340)
	at java.util.concurrent.TimeUnit.sleep(TimeUnit.java:386)
	at org.apache.ratis.util.TimeDuration.sleep(TimeDuration.java:324)
	at org.apache.ratis.util.TimeDuration.sleep(TimeDuration.java:309)
	at org.apache.ratis.server.impl.FollowerState.run(FollowerState.java:118)
2021-10-21 00:13:58,576 [grpc-default-executor-4] INFO  server.RaftServer$Division (RaftServerImpl.java:requestVote(1078)) - 43a8bf6a-c132-4b01-9df6-8da121d8da0e@group-1ABE1F802D80 replies to ELECTION vote request: 385ed75d-b5f2-4976-82ca-03b327f31da0<-43a8bf6a-c132-4b01-9df6-8da121d8da0e#0:FAIL-t3. Peer's state: 43a8bf6a-c132-4b01-9df6-8da121d8da0e@group-1ABE1F802D80:t3, leader=null, voted=null, raftlog=43a8bf6a-c132-4b01-9df6-8da121d8da0e@group-1ABE1F802D80-SegmentedRaftLog:OPENED:c-1, conf=-1: [43a8bf6a-c132-4b01-9df6-8da121d8da0e|rpc:10.1.0.21:44683|dataStream:|priority:1, b064551b-1fe0-41a9-91d7-ea536b2590c0|rpc:10.1.0.21:37069|dataStream:|priority:0, 385ed75d-b5f2-4976-82ca-03b327f31da0|rpc:10.1.0.21:43801|dataStream:|priority:0], old=null
2021-10-21 00:13:58,577 [385ed75d-b5f2-4976-82ca-03b327f31da0@group-1ABE1F802D80-LeaderElection107] INFO  impl.LeaderElection (LeaderElection.java:logAndReturn(89)) - 385ed75d-b5f2-4976-82ca-03b327f31da0@group-1ABE1F802D80-LeaderElection107: ELECTION REJECTED received 1 response(s) and 0 exception(s):
2021-10-21 00:13:58,577 [385ed75d-b5f2-4976-82ca-03b327f31da0@group-1ABE1F802D80-LeaderElection107] INFO  impl.LeaderElection (LeaderElection.java:logAndReturn(93)) -   Response 0: 385ed75d-b5f2-4976-82ca-03b327f31da0<-43a8bf6a-c132-4b01-9df6-8da121d8da0e#0:FAIL-t3
2021-10-21 00:13:58,577 [385ed75d-b5f2-4976-82ca-03b327f31da0@group-1ABE1F802D80-LeaderElection107] INFO  impl.LeaderElection (LeaderElection.java:askForVotes(308)) - 385ed75d-b5f2-4976-82ca-03b327f31da0@group-1ABE1F802D80-LeaderElection107 ELECTION round 0: result REJECTED
2021-10-21 00:13:58,577 [385ed75d-b5f2-4976-82ca-03b327f31da0@group-1ABE1F802D80-LeaderElection107] INFO  server.RaftServer$Division (RaftServerImpl.java:setRole(290)) - 385ed75d-b5f2-4976-82ca-03b327f31da0@group-1ABE1F802D80: changes role from CANDIDATE to FOLLOWER at term 3 for REJECTED
2021-10-21 00:13:58,577 [385ed75d-b5f2-4976-82ca-03b327f31da0@group-1ABE1F802D80-LeaderElection107] INFO  impl.RoleInfo (RoleInfo.java:shutdownLeaderElection(121)) - 385ed75d-b5f2-4976-82ca-03b327f31da0: shutdown 385ed75d-b5f2-4976-82ca-03b327f31da0@group-1ABE1F802D80-LeaderElection107
2021-10-21 00:13:58,577 [385ed75d-b5f2-4976-82ca-03b327f31da0@group-1ABE1F802D80-LeaderElection107] INFO  impl.RoleInfo (RoleInfo.java:updateAndGet(130)) - 385ed75d-b5f2-4976-82ca-03b327f31da0: start 385ed75d-b5f2-4976-82ca-03b327f31da0@group-1ABE1F802D80-FollowerState
2021-10-21 00:13:58,634 [grpc-default-executor-4] INFO  server.RaftServer$Division (RaftServerImpl.java:requestVote(1046)) - b064551b-1fe0-41a9-91d7-ea536b2590c0@group-1ABE1F802D80: receive requestVote(ELECTION, 385ed75d-b5f2-4976-82ca-03b327f31da0, group-1ABE1F802D80, 3, (t:0, i:0))
2021-10-21 00:13:58,634 [grpc-default-executor-4] INFO  impl.VoteContext (VoteContext.java:log(48)) - b064551b-1fe0-41a9-91d7-ea536b2590c0@group-1ABE1F802D80-FOLLOWER: accept ELECTION from 385ed75d-b5f2-4976-82ca-03b327f31da0: our priority 0 <= candidate's priority 0
2021-10-21 00:13:58,634 [grpc-default-executor-4] INFO  server.RaftServer$Division (RaftServerImpl.java:setRole(290)) - b064551b-1fe0-41a9-91d7-ea536b2590c0@group-1ABE1F802D80: changes role from  FOLLOWER to FOLLOWER at term 3 for candidate:385ed75d-b5f2-4976-82ca-03b327f31da0
2021-10-21 00:13:58,634 [grpc-default-executor-4] INFO  impl.RoleInfo (RoleInfo.java:shutdownFollowerState(108)) - b064551b-1fe0-41a9-91d7-ea536b2590c0: shutdown b064551b-1fe0-41a9-91d7-ea536b2590c0@group-1ABE1F802D80-FollowerState
2021-10-21 00:13:58,634 [grpc-default-executor-4] INFO  impl.RoleInfo (RoleInfo.java:updateAndGet(130)) - b064551b-1fe0-41a9-91d7-ea536b2590c0: start b064551b-1fe0-41a9-91d7-ea536b2590c0@group-1ABE1F802D80-FollowerState
2021-10-21 00:13:58,634 [b064551b-1fe0-41a9-91d7-ea536b2590c0@group-1ABE1F802D80-FollowerState] INFO  impl.FollowerState (FollowerState.java:run(143)) - b064551b-1fe0-41a9-91d7-ea536b2590c0@group-1ABE1F802D80-FollowerState was interrupted: {}
java.lang.InterruptedException: sleep interrupted
	at java.lang.Thread.sleep(Native Method)
	at java.lang.Thread.sleep(Thread.java:340)
	at java.util.concurrent.TimeUnit.sleep(TimeUnit.java:386)
	at org.apache.ratis.util.TimeDuration.sleep(TimeDuration.java:324)
	at org.apache.ratis.util.TimeDuration.sleep(TimeDuration.java:309)
	at org.apache.ratis.server.impl.FollowerState.run(FollowerState.java:118)
2021-10-21 00:13:58,649 [grpc-default-executor-4] INFO  server.RaftServer$Division (RaftServerImpl.java:requestVote(1078)) - b064551b-1fe0-41a9-91d7-ea536b2590c0@group-1ABE1F802D80 replies to ELECTION vote request: 385ed75d-b5f2-4976-82ca-03b327f31da0<-b064551b-1fe0-41a9-91d7-ea536b2590c0#0:OK-t3. Peer's state: b064551b-1fe0-41a9-91d7-ea536b2590c0@group-1ABE1F802D80:t3, leader=null, voted=385ed75d-b5f2-4976-82ca-03b327f31da0, raftlog=b064551b-1fe0-41a9-91d7-ea536b2590c0@group-1ABE1F802D80-SegmentedRaftLog:OPENED:c-1, conf=-1: [43a8bf6a-c132-4b01-9df6-8da121d8da0e|rpc:10.1.0.21:44683|priority:1, b064551b-1fe0-41a9-91d7-ea536b2590c0|rpc:10.1.0.21:37069|priority:0, 385ed75d-b5f2-4976-82ca-03b327f31da0|rpc:10.1.0.21:43801|priority:0], old=null
2021-10-21 00:13:58,741 [f11f8ce1-e80f-4662-ac56-049e7a4c2ce6@group-AA76DA738849-FollowerState] INFO  impl.FollowerState (FollowerState.java:run(134)) - f11f8ce1-e80f-4662-ac56-049e7a4c2ce6@group-AA76DA738849-FollowerState: change to CANDIDATE, lastRpcElapsedTime:5050383399ns, electionTimeout:5027ms
2021-10-21 00:13:58,741 [f11f8ce1-e80f-4662-ac56-049e7a4c2ce6@group-AA76DA738849-FollowerState] INFO  impl.RoleInfo (RoleInfo.java:shutdownFollowerState(108)) - f11f8ce1-e80f-4662-ac56-049e7a4c2ce6: shutdown f11f8ce1-e80f-4662-ac56-049e7a4c2ce6@group-AA76DA738849-FollowerState
2021-10-21 00:13:58,741 [f11f8ce1-e80f-4662-ac56-049e7a4c2ce6@group-AA76DA738849-FollowerState] INFO  server.RaftServer$Division (RaftServerImpl.java:setRole(290)) - f11f8ce1-e80f-4662-ac56-049e7a4c2ce6@group-AA76DA738849: changes role from  FOLLOWER to CANDIDATE at term 1 for changeToCandidate
2021-10-21 00:13:58,741 [f11f8ce1-e80f-4662-ac56-049e7a4c2ce6@group-AA76DA738849-FollowerState] INFO  server.RaftServerConfigKeys (ConfUtils.java:logGet(44)) - raft.server.leaderelection.pre-vote = false (custom)
2021-10-21 00:13:58,741 [f11f8ce1-e80f-4662-ac56-049e7a4c2ce6@group-AA76DA738849-FollowerState] INFO  impl.RoleInfo (RoleInfo.java:updateAndGet(130)) - f11f8ce1-e80f-4662-ac56-049e7a4c2ce6: start f11f8ce1-e80f-4662-ac56-049e7a4c2ce6@group-AA76DA738849-LeaderElection108
2021-10-21 00:13:58,777 [87f4cda0-ffb5-4aa3-ac3a-463d681607fa@group-AA76DA738849-FollowerState] INFO  impl.FollowerState (FollowerState.java:run(134)) - 87f4cda0-ffb5-4aa3-ac3a-463d681607fa@group-AA76DA738849-FollowerState: change to CANDIDATE, lastRpcElapsedTime:5177726640ns, electionTimeout:5143ms
2021-10-21 00:13:58,777 [87f4cda0-ffb5-4aa3-ac3a-463d681607fa@group-AA76DA738849-FollowerState] INFO  impl.RoleInfo (RoleInfo.java:shutdownFollowerState(108)) - 87f4cda0-ffb5-4aa3-ac3a-463d681607fa: shutdown 87f4cda0-ffb5-4aa3-ac3a-463d681607fa@group-AA76DA738849-FollowerState
2021-10-21 00:13:58,777 [87f4cda0-ffb5-4aa3-ac3a-463d681607fa@group-AA76DA738849-FollowerState] INFO  server.RaftServer$Division (RaftServerImpl.java:setRole(290)) - 87f4cda0-ffb5-4aa3-ac3a-463d681607fa@group-AA76DA738849: changes role from  FOLLOWER to CANDIDATE at term 1 for changeToCandidate
2021-10-21 00:13:58,777 [87f4cda0-ffb5-4aa3-ac3a-463d681607fa@group-AA76DA738849-FollowerState] INFO  server.RaftServerConfigKeys (ConfUtils.java:logGet(44)) - raft.server.leaderelection.pre-vote = false (custom)
2021-10-21 00:13:58,778 [87f4cda0-ffb5-4aa3-ac3a-463d681607fa@group-AA76DA738849-FollowerState] INFO  impl.RoleInfo (RoleInfo.java:updateAndGet(130)) - 87f4cda0-ffb5-4aa3-ac3a-463d681607fa: start 87f4cda0-ffb5-4aa3-ac3a-463d681607fa@group-AA76DA738849-LeaderElection109
2021-10-21 00:13:58,778 [f11f8ce1-e80f-4662-ac56-049e7a4c2ce6@group-AA76DA738849-LeaderElection108] INFO  impl.LeaderElection (LeaderElection.java:askForVotes(306)) - f11f8ce1-e80f-4662-ac56-049e7a4c2ce6@group-AA76DA738849-LeaderElection108 ELECTION round 0: submit vote requests at term 2 for -1: [87f4cda0-ffb5-4aa3-ac3a-463d681607fa|rpc:10.1.0.21:43449|dataStream:|priority:0, fe031be3-9947-46ae-8b09-98e602d9361b|rpc:10.1.0.21:44461|dataStream:|priority:0, f11f8ce1-e80f-4662-ac56-049e7a4c2ce6|rpc:10.1.0.21:45621|dataStream:|priority:1], old=null
2021-10-21 00:13:58,795 [87f4cda0-ffb5-4aa3-ac3a-463d681607fa@group-AA76DA738849-LeaderElection109] INFO  impl.LeaderElection (LeaderElection.java:askForVotes(306)) - 87f4cda0-ffb5-4aa3-ac3a-463d681607fa@group-AA76DA738849-LeaderElection109 ELECTION round 0: submit vote requests at term 2 for -1: [87f4cda0-ffb5-4aa3-ac3a-463d681607fa|rpc:10.1.0.21:43449|dataStream:|priority:0, fe031be3-9947-46ae-8b09-98e602d9361b|rpc:10.1.0.21:44461|dataStream:|priority:0, f11f8ce1-e80f-4662-ac56-049e7a4c2ce6|rpc:10.1.0.21:45621|dataStream:|priority:1], old=null
2021-10-21 00:13:58,873 [grpc-default-executor-4] INFO  server.RaftServer$Division (RaftServerImpl.java:requestVote(1046)) - fe031be3-9947-46ae-8b09-98e602d9361b@group-AA76DA738849: receive requestVote(ELECTION, 87f4cda0-ffb5-4aa3-ac3a-463d681607fa, group-AA76DA738849, 2, (t:0, i:0))
2021-10-21 00:13:58,873 [grpc-default-executor-4] INFO  impl.VoteContext (VoteContext.java:log(48)) - fe031be3-9947-46ae-8b09-98e602d9361b@group-AA76DA738849-FOLLOWER: accept ELECTION from 87f4cda0-ffb5-4aa3-ac3a-463d681607fa: our priority 0 <= candidate's priority 0
2021-10-21 00:13:58,873 [grpc-default-executor-4] INFO  server.RaftServer$Division (RaftServerImpl.java:setRole(290)) - fe031be3-9947-46ae-8b09-98e602d9361b@group-AA76DA738849: changes role from  FOLLOWER to FOLLOWER at term 2 for candidate:87f4cda0-ffb5-4aa3-ac3a-463d681607fa
2021-10-21 00:13:58,873 [grpc-default-executor-4] INFO  impl.RoleInfo (RoleInfo.java:shutdownFollowerState(108)) - fe031be3-9947-46ae-8b09-98e602d9361b: shutdown fe031be3-9947-46ae-8b09-98e602d9361b@group-AA76DA738849-FollowerState
2021-10-21 00:13:58,923 [fe031be3-9947-46ae-8b09-98e602d9361b@group-AA76DA738849-FollowerState] INFO  impl.FollowerState (FollowerState.java:run(127)) - fe031be3-9947-46ae-8b09-98e602d9361b@group-AA76DA738849-FollowerState: Stopping now (isRunning? false, isFollower? true)
2021-10-21 00:13:58,927 [grpc-default-executor-4] INFO  impl.RoleInfo (RoleInfo.java:updateAndGet(130)) - fe031be3-9947-46ae-8b09-98e602d9361b: start fe031be3-9947-46ae-8b09-98e602d9361b@group-AA76DA738849-FollowerState
2021-10-21 00:13:58,930 [grpc-default-executor-4] INFO  server.RaftServer$Division (RaftServerImpl.java:requestVote(1078)) - fe031be3-9947-46ae-8b09-98e602d9361b@group-AA76DA738849 replies to ELECTION vote request: 87f4cda0-ffb5-4aa3-ac3a-463d681607fa<-fe031be3-9947-46ae-8b09-98e602d9361b#0:OK-t2. Peer's state: fe031be3-9947-46ae-8b09-98e602d9361b@group-AA76DA738849:t2, leader=null, voted=87f4cda0-ffb5-4aa3-ac3a-463d681607fa, raftlog=fe031be3-9947-46ae-8b09-98e602d9361b@group-AA76DA738849-SegmentedRaftLog:OPENED:c-1, conf=-1: [87f4cda0-ffb5-4aa3-ac3a-463d681607fa|rpc:10.1.0.21:43449|priority:0, fe031be3-9947-46ae-8b09-98e602d9361b|rpc:10.1.0.21:44461|priority:0, f11f8ce1-e80f-4662-ac56-049e7a4c2ce6|rpc:10.1.0.21:45621|priority:1], old=null
2021-10-21 00:13:59,008 [grpc-default-executor-2] INFO  server.RaftServer$Division (RaftServerImpl.java:requestVote(1046)) - 87f4cda0-ffb5-4aa3-ac3a-463d681607fa@group-AA76DA738849: receive requestVote(ELECTION, f11f8ce1-e80f-4662-ac56-049e7a4c2ce6, group-AA76DA738849, 2, (t:0, i:0))
2021-10-21 00:13:59,008 [grpc-default-executor-2] INFO  impl.VoteContext (VoteContext.java:log(48)) - 87f4cda0-ffb5-4aa3-ac3a-463d681607fa@group-AA76DA738849-CANDIDATE: reject ELECTION from f11f8ce1-e80f-4662-ac56-049e7a4c2ce6: already has voted for 87f4cda0-ffb5-4aa3-ac3a-463d681607fa at current term 2
2021-10-21 00:13:59,008 [grpc-default-executor-2] INFO  server.RaftServer$Division (RaftServerImpl.java:requestVote(1078)) - 87f4cda0-ffb5-4aa3-ac3a-463d681607fa@group-AA76DA738849 replies to ELECTION vote request: f11f8ce1-e80f-4662-ac56-049e7a4c2ce6<-87f4cda0-ffb5-4aa3-ac3a-463d681607fa#0:FAIL-t2. Peer's state: 87f4cda0-ffb5-4aa3-ac3a-463d681607fa@group-AA76DA738849:t2, leader=null, voted=87f4cda0-ffb5-4aa3-ac3a-463d681607fa, raftlog=87f4cda0-ffb5-4aa3-ac3a-463d681607fa@group-AA76DA738849-SegmentedRaftLog:OPENED:c-1, conf=-1: [87f4cda0-ffb5-4aa3-ac3a-463d681607fa|rpc:10.1.0.21:43449|dataStream:|priority:0, fe031be3-9947-46ae-8b09-98e602d9361b|rpc:10.1.0.21:44461|dataStream:|priority:0, f11f8ce1-e80f-4662-ac56-049e7a4c2ce6|rpc:10.1.0.21:45621|dataStream:|priority:1], old=null
2021-10-21 00:13:59,017 [grpc-default-executor-2] INFO  server.RaftServer$Division (RaftServerImpl.java:requestVote(1046)) - f11f8ce1-e80f-4662-ac56-049e7a4c2ce6@group-AA76DA738849: receive requestVote(ELECTION, 87f4cda0-ffb5-4aa3-ac3a-463d681607fa, group-AA76DA738849, 2, (t:0, i:0))
2021-10-21 00:13:59,018 [grpc-default-executor-2] INFO  impl.VoteContext (VoteContext.java:log(48)) - f11f8ce1-e80f-4662-ac56-049e7a4c2ce6@group-AA76DA738849-CANDIDATE: reject ELECTION from 87f4cda0-ffb5-4aa3-ac3a-463d681607fa: already has voted for f11f8ce1-e80f-4662-ac56-049e7a4c2ce6 at current term 2
2021-10-21 00:13:59,018 [grpc-default-executor-2] INFO  server.RaftServer$Division (RaftServerImpl.java:requestVote(1078)) - f11f8ce1-e80f-4662-ac56-049e7a4c2ce6@group-AA76DA738849 replies to ELECTION vote request: 87f4cda0-ffb5-4aa3-ac3a-463d681607fa<-f11f8ce1-e80f-4662-ac56-049e7a4c2ce6#0:FAIL-t2. Peer's state: f11f8ce1-e80f-4662-ac56-049e7a4c2ce6@group-AA76DA738849:t2, leader=null, voted=f11f8ce1-e80f-4662-ac56-049e7a4c2ce6, raftlog=f11f8ce1-e80f-4662-ac56-049e7a4c2ce6@group-AA76DA738849-SegmentedRaftLog:OPENED:c-1, conf=-1: [87f4cda0-ffb5-4aa3-ac3a-463d681607fa|rpc:10.1.0.21:43449|dataStream:|priority:0, fe031be3-9947-46ae-8b09-98e602d9361b|rpc:10.1.0.21:44461|dataStream:|priority:0, f11f8ce1-e80f-4662-ac56-049e7a4c2ce6|rpc:10.1.0.21:45621|dataStream:|priority:1], old=null
2021-10-21 00:13:59,020 [grpc-default-executor-2] INFO  server.RaftServer$Division (RaftServerImpl.java:requestVote(1046)) - fe031be3-9947-46ae-8b09-98e602d9361b@group-AA76DA738849: receive requestVote(ELECTION, f11f8ce1-e80f-4662-ac56-049e7a4c2ce6, group-AA76DA738849, 2, (t:0, i:0))
2021-10-21 00:13:59,021 [grpc-default-executor-2] INFO  impl.VoteContext (VoteContext.java:log(48)) - fe031be3-9947-46ae-8b09-98e602d9361b@group-AA76DA738849-FOLLOWER: reject ELECTION from f11f8ce1-e80f-4662-ac56-049e7a4c2ce6: already has voted for 87f4cda0-ffb5-4aa3-ac3a-463d681607fa at current term 2
2021-10-21 00:13:59,021 [grpc-default-executor-2] INFO  server.RaftServer$Division (RaftServerImpl.java:requestVote(1078)) - fe031be3-9947-46ae-8b09-98e602d9361b@group-AA76DA738849 replies to ELECTION vote request: f11f8ce1-e80f-4662-ac56-049e7a4c2ce6<-fe031be3-9947-46ae-8b09-98e602d9361b#0:FAIL-t2. Peer's state: fe031be3-9947-46ae-8b09-98e602d9361b@group-AA76DA738849:t2, leader=null, voted=87f4cda0-ffb5-4aa3-ac3a-463d681607fa, raftlog=fe031be3-9947-46ae-8b09-98e602d9361b@group-AA76DA738849-SegmentedRaftLog:OPENED:c-1, conf=-1: [87f4cda0-ffb5-4aa3-ac3a-463d681607fa|rpc:10.1.0.21:43449|priority:0, fe031be3-9947-46ae-8b09-98e602d9361b|rpc:10.1.0.21:44461|priority:0, f11f8ce1-e80f-4662-ac56-049e7a4c2ce6|rpc:10.1.0.21:45621|priority:1], old=null
2021-10-21 00:13:59,021 [f11f8ce1-e80f-4662-ac56-049e7a4c2ce6@group-AA76DA738849-LeaderElection108] INFO  impl.LeaderElection (LeaderElection.java:logAndReturn(89)) - f11f8ce1-e80f-4662-ac56-049e7a4c2ce6@group-AA76DA738849-LeaderElection108: ELECTION REJECTED received 2 response(s) and 0 exception(s):
2021-10-21 00:13:59,021 [f11f8ce1-e80f-4662-ac56-049e7a4c2ce6@group-AA76DA738849-LeaderElection108] INFO  impl.LeaderElection (LeaderElection.java:logAndReturn(93)) -   Response 0: f11f8ce1-e80f-4662-ac56-049e7a4c2ce6<-87f4cda0-ffb5-4aa3-ac3a-463d681607fa#0:FAIL-t2
2021-10-21 00:13:59,021 [f11f8ce1-e80f-4662-ac56-049e7a4c2ce6@group-AA76DA738849-LeaderElection108] INFO  impl.LeaderElection (LeaderElection.java:logAndReturn(93)) -   Response 1: f11f8ce1-e80f-4662-ac56-049e7a4c2ce6<-fe031be3-9947-46ae-8b09-98e602d9361b#0:FAIL-t2
2021-10-21 00:13:59,021 [f11f8ce1-e80f-4662-ac56-049e7a4c2ce6@group-AA76DA738849-LeaderElection108] INFO  impl.LeaderElection (LeaderElection.java:askForVotes(308)) - f11f8ce1-e80f-4662-ac56-049e7a4c2ce6@group-AA76DA738849-LeaderElection108 ELECTION round 0: result REJECTED
2021-10-21 00:13:59,022 [f11f8ce1-e80f-4662-ac56-049e7a4c2ce6@group-AA76DA738849-LeaderElection108] INFO  server.RaftServer$Division (RaftServerImpl.java:setRole(290)) - f11f8ce1-e80f-4662-ac56-049e7a4c2ce6@group-AA76DA738849: changes role from CANDIDATE to FOLLOWER at term 2 for REJECTED
2021-10-21 00:13:59,022 [f11f8ce1-e80f-4662-ac56-049e7a4c2ce6@group-AA76DA738849-LeaderElection108] INFO  impl.RoleInfo (RoleInfo.java:shutdownLeaderElection(121)) - f11f8ce1-e80f-4662-ac56-049e7a4c2ce6: shutdown f11f8ce1-e80f-4662-ac56-049e7a4c2ce6@group-AA76DA738849-LeaderElection108
2021-10-21 00:13:59,022 [f11f8ce1-e80f-4662-ac56-049e7a4c2ce6@group-AA76DA738849-LeaderElection108] INFO  impl.RoleInfo (RoleInfo.java:updateAndGet(130)) - f11f8ce1-e80f-4662-ac56-049e7a4c2ce6: start f11f8ce1-e80f-4662-ac56-049e7a4c2ce6@group-AA76DA738849-FollowerState
2021-10-21 00:13:59,059 [87f4cda0-ffb5-4aa3-ac3a-463d681607fa@group-AA76DA738849-LeaderElection109] INFO  impl.LeaderElection (LeaderElection.java:logAndReturn(89)) - 87f4cda0-ffb5-4aa3-ac3a-463d681607fa@group-AA76DA738849-LeaderElection109: ELECTION REJECTED received 2 response(s) and 0 exception(s):
2021-10-21 00:13:59,059 [87f4cda0-ffb5-4aa3-ac3a-463d681607fa@group-AA76DA738849-LeaderElection109] INFO  impl.LeaderElection (LeaderElection.java:logAndReturn(93)) -   Response 0: 87f4cda0-ffb5-4aa3-ac3a-463d681607fa<-fe031be3-9947-46ae-8b09-98e602d9361b#0:OK-t2
2021-10-21 00:13:59,059 [87f4cda0-ffb5-4aa3-ac3a-463d681607fa@group-AA76DA738849-LeaderElection109] INFO  impl.LeaderElection (LeaderElection.java:logAndReturn(93)) -   Response 1: 87f4cda0-ffb5-4aa3-ac3a-463d681607fa<-f11f8ce1-e80f-4662-ac56-049e7a4c2ce6#0:FAIL-t2
2021-10-21 00:13:59,059 [87f4cda0-ffb5-4aa3-ac3a-463d681607fa@group-AA76DA738849-LeaderElection109] INFO  impl.LeaderElection (LeaderElection.java:askForVotes(308)) - 87f4cda0-ffb5-4aa3-ac3a-463d681607fa@group-AA76DA738849-LeaderElection109 ELECTION round 0: result REJECTED
2021-10-21 00:13:59,059 [87f4cda0-ffb5-4aa3-ac3a-463d681607fa@group-AA76DA738849-LeaderElection109] INFO  server.RaftServer$Division (RaftServerImpl.java:setRole(290)) - 87f4cda0-ffb5-4aa3-ac3a-463d681607fa@group-AA76DA738849: changes role from CANDIDATE to FOLLOWER at term 2 for REJECTED
2021-10-21 00:13:59,059 [87f4cda0-ffb5-4aa3-ac3a-463d681607fa@group-AA76DA738849-LeaderElection109] INFO  impl.RoleInfo (RoleInfo.java:shutdownLeaderElection(121)) - 87f4cda0-ffb5-4aa3-ac3a-463d681607fa: shutdown 87f4cda0-ffb5-4aa3-ac3a-463d681607fa@group-AA76DA738849-LeaderElection109
2021-10-21 00:13:59,059 [87f4cda0-ffb5-4aa3-ac3a-463d681607fa@group-AA76DA738849-LeaderElection109] INFO  impl.RoleInfo (RoleInfo.java:updateAndGet(130)) - 87f4cda0-ffb5-4aa3-ac3a-463d681607fa: start 87f4cda0-ffb5-4aa3-ac3a-463d681607fa@group-AA76DA738849-FollowerState
2021-10-21 00:14:01,356 [5ad7e042-c272-4503-bb68-cca0083e8bfb@group-0C185B61CB60-FollowerState] INFO  impl.FollowerState (FollowerState.java:run(134)) - 5ad7e042-c272-4503-bb68-cca0083e8bfb@group-0C185B61CB60-FollowerState: change to CANDIDATE, lastRpcElapsedTime:5269925230ns, electionTimeout:5129ms
2021-10-21 00:14:01,356 [5ad7e042-c272-4503-bb68-cca0083e8bfb@group-0C185B61CB60-FollowerState] INFO  impl.RoleInfo (RoleInfo.java:shutdownFollowerState(108)) - 5ad7e042-c272-4503-bb68-cca0083e8bfb: shutdown 5ad7e042-c272-4503-bb68-cca0083e8bfb@group-0C185B61CB60-FollowerState
2021-10-21 00:14:01,356 [5ad7e042-c272-4503-bb68-cca0083e8bfb@group-0C185B61CB60-FollowerState] INFO  server.RaftServer$Division (RaftServerImpl.java:setRole(290)) - 5ad7e042-c272-4503-bb68-cca0083e8bfb@group-0C185B61CB60: changes role from  FOLLOWER to CANDIDATE at term 3 for changeToCandidate
2021-10-21 00:14:01,356 [5ad7e042-c272-4503-bb68-cca0083e8bfb@group-0C185B61CB60-FollowerState] INFO  server.RaftServerConfigKeys (ConfUtils.java:logGet(44)) - raft.server.leaderelection.pre-vote = false (custom)
2021-10-21 00:14:01,356 [5ad7e042-c272-4503-bb68-cca0083e8bfb@group-0C185B61CB60-FollowerState] INFO  impl.RoleInfo (RoleInfo.java:updateAndGet(130)) - 5ad7e042-c272-4503-bb68-cca0083e8bfb: start 5ad7e042-c272-4503-bb68-cca0083e8bfb@group-0C185B61CB60-LeaderElection110
2021-10-21 00:14:01,358 [6c4bf312-847f-4261-b1bf-aef11305f2d7@group-0C185B61CB60-FollowerState] INFO  impl.FollowerState (FollowerState.java:run(134)) - 6c4bf312-847f-4261-b1bf-aef11305f2d7@group-0C185B61CB60-FollowerState: change to CANDIDATE, lastRpcElapsedTime:5259282526ns, electionTimeout:5094ms
2021-10-21 00:14:01,358 [6c4bf312-847f-4261-b1bf-aef11305f2d7@group-0C185B61CB60-FollowerState] INFO  impl.RoleInfo (RoleInfo.java:shutdownFollowerState(108)) - 6c4bf312-847f-4261-b1bf-aef11305f2d7: shutdown 6c4bf312-847f-4261-b1bf-aef11305f2d7@group-0C185B61CB60-FollowerState
2021-10-21 00:14:01,358 [6c4bf312-847f-4261-b1bf-aef11305f2d7@group-0C185B61CB60-FollowerState] INFO  server.RaftServer$Division (RaftServerImpl.java:setRole(290)) - 6c4bf312-847f-4261-b1bf-aef11305f2d7@group-0C185B61CB60: changes role from  FOLLOWER to CANDIDATE at term 3 for changeToCandidate
2021-10-21 00:14:01,358 [6c4bf312-847f-4261-b1bf-aef11305f2d7@group-0C185B61CB60-FollowerState] INFO  server.RaftServerConfigKeys (ConfUtils.java:logGet(44)) - raft.server.leaderelection.pre-vote = false (custom)
2021-10-21 00:14:01,358 [6c4bf312-847f-4261-b1bf-aef11305f2d7@group-0C185B61CB60-FollowerState] INFO  impl.RoleInfo (RoleInfo.java:updateAndGet(130)) - 6c4bf312-847f-4261-b1bf-aef11305f2d7: start 6c4bf312-847f-4261-b1bf-aef11305f2d7@group-0C185B61CB60-LeaderElection111
2021-10-21 00:14:01,358 [org.apache.ratis.util.JvmPauseMonitor$$Lambda$531/1336496959@1734db99] WARN  util.JvmPauseMonitor (JvmPauseMonitor.java:detectPause(124)) - JvmPauseMonitor-fe031be3-9947-46ae-8b09-98e602d9361b: Detected pause in JVM or host machine (eg GC): pause of approximately 120045038ns.
GC pool 'PS MarkSweep' had collection(s): count=1 time=274ms
GC pool 'PS Scavenge' had collection(s): count=1 time=23ms
2021-10-21 00:14:01,360 [org.apache.ratis.util.JvmPauseMonitor$$Lambda$531/1336496959@32a1ee6f] WARN  util.JvmPauseMonitor (JvmPauseMonitor.java:detectPause(124)) - JvmPauseMonitor-385ed75d-b5f2-4976-82ca-03b327f31da0: Detected pause in JVM or host machine (eg GC): pause of approximately 145091283ns.
GC pool 'PS MarkSweep' had collection(s): count=1 time=274ms
GC pool 'PS Scavenge' had collection(s): count=1 time=23ms
2021-10-21 00:14:01,360 [org.apache.ratis.util.JvmPauseMonitor$$Lambda$531/1336496959@7089f8a8] WARN  util.JvmPauseMonitor (JvmPauseMonitor.java:detectPause(124)) - JvmPauseMonitor-f11f8ce1-e80f-4662-ac56-049e7a4c2ce6: Detected pause in JVM or host machine (eg GC): pause of approximately 148704918ns.
GC pool 'PS MarkSweep' had collection(s): count=1 time=274ms
GC pool 'PS Scavenge' had collection(s): count=1 time=23ms
2021-10-21 00:14:01,360 [org.apache.ratis.util.JvmPauseMonitor$$Lambda$531/1336496959@39c891f8] WARN  util.JvmPauseMonitor (JvmPauseMonitor.java:detectPause(124)) - JvmPauseMonitor-b064551b-1fe0-41a9-91d7-ea536b2590c0: Detected pause in JVM or host machine (eg GC): pause of approximately 205310969ns.
GC pool 'PS MarkSweep' had collection(s): count=1 time=274ms
GC pool 'PS Scavenge' had collection(s): count=1 time=23ms
2021-10-21 00:14:01,360 [b1aa2fe7-eb40-4f9f-bfee-6ed7c04c202c@group-0C185B61CB60-FollowerState] INFO  impl.FollowerState (FollowerState.java:run(134)) - b1aa2fe7-eb40-4f9f-bfee-6ed7c04c202c@group-0C185B61CB60-FollowerState: change to CANDIDATE, lastRpcElapsedTime:5450265486ns, electionTimeout:5163ms
2021-10-21 00:14:01,361 [b1aa2fe7-eb40-4f9f-bfee-6ed7c04c202c@group-0C185B61CB60-FollowerState] INFO  impl.RoleInfo (RoleInfo.java:shutdownFollowerState(108)) - b1aa2fe7-eb40-4f9f-bfee-6ed7c04c202c: shutdown b1aa2fe7-eb40-4f9f-bfee-6ed7c04c202c@group-0C185B61CB60-FollowerState
2021-10-21 00:14:01,361 [b1aa2fe7-eb40-4f9f-bfee-6ed7c04c202c@group-0C185B61CB60-FollowerState] INFO  server.RaftServer$Division (RaftServerImpl.java:setRole(290)) - b1aa2fe7-eb40-4f9f-bfee-6ed7c04c202c@group-0C185B61CB60: changes role from  FOLLOWER to CANDIDATE at term 3 for changeToCandidate
2021-10-21 00:14:01,361 [b1aa2fe7-eb40-4f9f-bfee-6ed7c04c202c@group-0C185B61CB60-FollowerState] INFO  server.RaftServerConfigKeys (ConfUtils.java:logGet(44)) - raft.server.leaderelection.pre-vote = false (custom)
2021-10-21 00:14:01,361 [b1aa2fe7-eb40-4f9f-bfee-6ed7c04c202c@group-0C185B61CB60-FollowerState] INFO  impl.RoleInfo (RoleInfo.java:updateAndGet(130)) - b1aa2fe7-eb40-4f9f-bfee-6ed7c04c202c: start b1aa2fe7-eb40-4f9f-bfee-6ed7c04c202c@group-0C185B61CB60-LeaderElection112
2021-10-21 00:14:01,368 [5ad7e042-c272-4503-bb68-cca0083e8bfb@group-0C185B61CB60-LeaderElection110] INFO  impl.LeaderElection (LeaderElection.java:askForVotes(306)) - 5ad7e042-c272-4503-bb68-cca0083e8bfb@group-0C185B61CB60-LeaderElection110 ELECTION round 0: submit vote requests at term 4 for 0: [5ad7e042-c272-4503-bb68-cca0083e8bfb|rpc:10.1.0.21:44457|dataStream:|priority:1, b1aa2fe7-eb40-4f9f-bfee-6ed7c04c202c|rpc:10.1.0.21:36605|dataStream:|priority:0, 6c4bf312-847f-4261-b1bf-aef11305f2d7|rpc:10.1.0.21:45071|dataStream:|priority:0], old=null
2021-10-21 00:14:01,371 [6c4bf312-847f-4261-b1bf-aef11305f2d7@group-0C185B61CB60-LeaderElection111] INFO  impl.LeaderElection (LeaderElection.java:askForVotes(306)) - 6c4bf312-847f-4261-b1bf-aef11305f2d7@group-0C185B61CB60-LeaderElection111 ELECTION round 0: submit vote requests at term 4 for -1: [5ad7e042-c272-4503-bb68-cca0083e8bfb|rpc:10.1.0.21:44457|dataStream:|priority:1, b1aa2fe7-eb40-4f9f-bfee-6ed7c04c202c|rpc:10.1.0.21:36605|dataStream:|priority:0, 6c4bf312-847f-4261-b1bf-aef11305f2d7|rpc:10.1.0.21:45071|dataStream:|priority:0], old=null
2021-10-21 00:14:01,383 [b1aa2fe7-eb40-4f9f-bfee-6ed7c04c202c@group-0C185B61CB60-LeaderElection112] INFO  impl.LeaderElection (LeaderElection.java:askForVotes(306)) - b1aa2fe7-eb40-4f9f-bfee-6ed7c04c202c@group-0C185B61CB60-LeaderElection112 ELECTION round 0: submit vote requests at term 4 for -1: [5ad7e042-c272-4503-bb68-cca0083e8bfb|rpc:10.1.0.21:44457|priority:1, b1aa2fe7-eb40-4f9f-bfee-6ed7c04c202c|rpc:10.1.0.21:36605|priority:0, 6c4bf312-847f-4261-b1bf-aef11305f2d7|rpc:10.1.0.21:45071|priority:0], old=null
2021-10-21 00:14:01,437 [grpc-default-executor-2] INFO  server.RaftServer$Division (RaftServerImpl.java:requestVote(1046)) - 5ad7e042-c272-4503-bb68-cca0083e8bfb@group-0C185B61CB60: receive requestVote(ELECTION, 6c4bf312-847f-4261-b1bf-aef11305f2d7, group-0C185B61CB60, 4, (t:0, i:0))
2021-10-21 00:14:01,437 [grpc-default-executor-2] INFO  impl.VoteContext (VoteContext.java:log(48)) - 5ad7e042-c272-4503-bb68-cca0083e8bfb@group-0C185B61CB60-CANDIDATE: reject ELECTION from 6c4bf312-847f-4261-b1bf-aef11305f2d7: already has voted for 5ad7e042-c272-4503-bb68-cca0083e8bfb at current term 4
2021-10-21 00:14:01,437 [grpc-default-executor-2] INFO  server.RaftServer$Division (RaftServerImpl.java:requestVote(1078)) - 5ad7e042-c272-4503-bb68-cca0083e8bfb@group-0C185B61CB60 replies to ELECTION vote request: 6c4bf312-847f-4261-b1bf-aef11305f2d7<-5ad7e042-c272-4503-bb68-cca0083e8bfb#0:FAIL-t4. Peer's state: 5ad7e042-c272-4503-bb68-cca0083e8bfb@group-0C185B61CB60:t4, leader=null, voted=5ad7e042-c272-4503-bb68-cca0083e8bfb, raftlog=5ad7e042-c272-4503-bb68-cca0083e8bfb@group-0C185B61CB60-SegmentedRaftLog:OPENED:c0, conf=0: [5ad7e042-c272-4503-bb68-cca0083e8bfb|rpc:10.1.0.21:44457|dataStream:|priority:1, b1aa2fe7-eb40-4f9f-bfee-6ed7c04c202c|rpc:10.1.0.21:36605|dataStream:|priority:0, 6c4bf312-847f-4261-b1bf-aef11305f2d7|rpc:10.1.0.21:45071|dataStream:|priority:0], old=null
2021-10-21 00:14:01,437 [grpc-default-executor-4] INFO  server.RaftServer$Division (RaftServerImpl.java:requestVote(1046)) - 5ad7e042-c272-4503-bb68-cca0083e8bfb@group-0C185B61CB60: receive requestVote(ELECTION, b1aa2fe7-eb40-4f9f-bfee-6ed7c04c202c, group-0C185B61CB60, 4, (t:0, i:0))
2021-10-21 00:14:01,438 [grpc-default-executor-4] INFO  impl.VoteContext (VoteContext.java:log(48)) - 5ad7e042-c272-4503-bb68-cca0083e8bfb@group-0C185B61CB60-CANDIDATE: reject ELECTION from b1aa2fe7-eb40-4f9f-bfee-6ed7c04c202c: already has voted for 5ad7e042-c272-4503-bb68-cca0083e8bfb at current term 4
2021-10-21 00:14:01,438 [grpc-default-executor-4] INFO  server.RaftServer$Division (RaftServerImpl.java:requestVote(1078)) - 5ad7e042-c272-4503-bb68-cca0083e8bfb@group-0C185B61CB60 replies to ELECTION vote request: b1aa2fe7-eb40-4f9f-bfee-6ed7c04c202c<-5ad7e042-c272-4503-bb68-cca0083e8bfb#0:FAIL-t4. Peer's state: 5ad7e042-c272-4503-bb68-cca0083e8bfb@group-0C185B61CB60:t4, leader=null, voted=5ad7e042-c272-4503-bb68-cca0083e8bfb, raftlog=5ad7e042-c272-4503-bb68-cca0083e8bfb@group-0C185B61CB60-SegmentedRaftLog:OPENED:c0, conf=0: [5ad7e042-c272-4503-bb68-cca0083e8bfb|rpc:10.1.0.21:44457|dataStream:|priority:1, b1aa2fe7-eb40-4f9f-bfee-6ed7c04c202c|rpc:10.1.0.21:36605|dataStream:|priority:0, 6c4bf312-847f-4261-b1bf-aef11305f2d7|rpc:10.1.0.21:45071|dataStream:|priority:0], old=null
2021-10-21 00:14:01,438 [grpc-default-executor-3] INFO  server.RaftServer$Division (RaftServerImpl.java:requestVote(1046)) - 6c4bf312-847f-4261-b1bf-aef11305f2d7@group-0C185B61CB60: receive requestVote(ELECTION, b1aa2fe7-eb40-4f9f-bfee-6ed7c04c202c, group-0C185B61CB60, 4, (t:0, i:0))
2021-10-21 00:14:01,438 [grpc-default-executor-3] INFO  impl.VoteContext (VoteContext.java:log(48)) - 6c4bf312-847f-4261-b1bf-aef11305f2d7@group-0C185B61CB60-CANDIDATE: reject ELECTION from b1aa2fe7-eb40-4f9f-bfee-6ed7c04c202c: already has voted for 6c4bf312-847f-4261-b1bf-aef11305f2d7 at current term 4
2021-10-21 00:14:01,439 [grpc-default-executor-3] INFO  server.RaftServer$Division (RaftServerImpl.java:requestVote(1078)) - 6c4bf312-847f-4261-b1bf-aef11305f2d7@group-0C185B61CB60 replies to ELECTION vote request: b1aa2fe7-eb40-4f9f-bfee-6ed7c04c202c<-6c4bf312-847f-4261-b1bf-aef11305f2d7#0:FAIL-t4. Peer's state: 6c4bf312-847f-4261-b1bf-aef11305f2d7@group-0C185B61CB60:t4, leader=null, voted=6c4bf312-847f-4261-b1bf-aef11305f2d7, raftlog=6c4bf312-847f-4261-b1bf-aef11305f2d7@group-0C185B61CB60-SegmentedRaftLog:OPENED:c-1, conf=-1: [5ad7e042-c272-4503-bb68-cca0083e8bfb|rpc:10.1.0.21:44457|dataStream:|priority:1, b1aa2fe7-eb40-4f9f-bfee-6ed7c04c202c|rpc:10.1.0.21:36605|dataStream:|priority:0, 6c4bf312-847f-4261-b1bf-aef11305f2d7|rpc:10.1.0.21:45071|dataStream:|priority:0], old=null
2021-10-21 00:14:01,439 [6c4bf312-847f-4261-b1bf-aef11305f2d7@group-0C185B61CB60-LeaderElection111] INFO  impl.LeaderElection (LeaderElection.java:logAndReturn(89)) - 6c4bf312-847f-4261-b1bf-aef11305f2d7@group-0C185B61CB60-LeaderElection111: ELECTION REJECTED received 1 response(s) and 0 exception(s):
2021-10-21 00:14:01,439 [6c4bf312-847f-4261-b1bf-aef11305f2d7@group-0C185B61CB60-LeaderElection111] INFO  impl.LeaderElection (LeaderElection.java:logAndReturn(93)) -   Response 0: 6c4bf312-847f-4261-b1bf-aef11305f2d7<-5ad7e042-c272-4503-bb68-cca0083e8bfb#0:FAIL-t4
2021-10-21 00:14:01,439 [6c4bf312-847f-4261-b1bf-aef11305f2d7@group-0C185B61CB60-LeaderElection111] INFO  impl.LeaderElection (LeaderElection.java:askForVotes(308)) - 6c4bf312-847f-4261-b1bf-aef11305f2d7@group-0C185B61CB60-LeaderElection111 ELECTION round 0: result REJECTED
2021-10-21 00:14:01,439 [6c4bf312-847f-4261-b1bf-aef11305f2d7@group-0C185B61CB60-LeaderElection111] INFO  server.RaftServer$Division (RaftServerImpl.java:setRole(290)) - 6c4bf312-847f-4261-b1bf-aef11305f2d7@group-0C185B61CB60: changes role from CANDIDATE to FOLLOWER at term 4 for REJECTED
2021-10-21 00:14:01,439 [6c4bf312-847f-4261-b1bf-aef11305f2d7@group-0C185B61CB60-LeaderElection111] INFO  impl.RoleInfo (RoleInfo.java:shutdownLeaderElection(121)) - 6c4bf312-847f-4261-b1bf-aef11305f2d7: shutdown 6c4bf312-847f-4261-b1bf-aef11305f2d7@group-0C185B61CB60-LeaderElection111
2021-10-21 00:14:01,439 [6c4bf312-847f-4261-b1bf-aef11305f2d7@group-0C185B61CB60-LeaderElection111] INFO  impl.RoleInfo (RoleInfo.java:updateAndGet(130)) - 6c4bf312-847f-4261-b1bf-aef11305f2d7: start 6c4bf312-847f-4261-b1bf-aef11305f2d7@group-0C185B61CB60-FollowerState
2021-10-21 00:14:01,439 [grpc-default-executor-1] INFO  server.RaftServer$Division (RaftServerImpl.java:requestVote(1046)) - b1aa2fe7-eb40-4f9f-bfee-6ed7c04c202c@group-0C185B61CB60: receive requestVote(ELECTION, 5ad7e042-c272-4503-bb68-cca0083e8bfb, group-0C185B61CB60, 4, (t:2, i:0))
2021-10-21 00:14:01,440 [grpc-default-executor-1] INFO  impl.VoteContext (VoteContext.java:log(48)) - b1aa2fe7-eb40-4f9f-bfee-6ed7c04c202c@group-0C185B61CB60-CANDIDATE: reject ELECTION from 5ad7e042-c272-4503-bb68-cca0083e8bfb: already has voted for b1aa2fe7-eb40-4f9f-bfee-6ed7c04c202c at current term 4
2021-10-21 00:14:01,440 [grpc-default-executor-1] INFO  server.RaftServer$Division (RaftServerImpl.java:requestVote(1078)) - b1aa2fe7-eb40-4f9f-bfee-6ed7c04c202c@group-0C185B61CB60 replies to ELECTION vote request: 5ad7e042-c272-4503-bb68-cca0083e8bfb<-b1aa2fe7-eb40-4f9f-bfee-6ed7c04c202c#0:FAIL-t4. Peer's state: b1aa2fe7-eb40-4f9f-bfee-6ed7c04c202c@group-0C185B61CB60:t4, leader=null, voted=b1aa2fe7-eb40-4f9f-bfee-6ed7c04c202c, raftlog=b1aa2fe7-eb40-4f9f-bfee-6ed7c04c202c@group-0C185B61CB60-SegmentedRaftLog:OPENED:c-1, conf=-1: [5ad7e042-c272-4503-bb68-cca0083e8bfb|rpc:10.1.0.21:44457|priority:1, b1aa2fe7-eb40-4f9f-bfee-6ed7c04c202c|rpc:10.1.0.21:36605|priority:0, 6c4bf312-847f-4261-b1bf-aef11305f2d7|rpc:10.1.0.21:45071|priority:0], old=null
2021-10-21 00:14:01,482 [grpc-default-executor-3] INFO  server.RaftServer$Division (RaftServerImpl.java:requestVote(1046)) - b1aa2fe7-eb40-4f9f-bfee-6ed7c04c202c@group-0C185B61CB60: receive requestVote(ELECTION, 6c4bf312-847f-4261-b1bf-aef11305f2d7, group-0C185B61CB60, 4, (t:0, i:0))
2021-10-21 00:14:01,482 [grpc-default-executor-3] INFO  impl.VoteContext (VoteContext.java:log(48)) - b1aa2fe7-eb40-4f9f-bfee-6ed7c04c202c@group-0C185B61CB60-CANDIDATE: reject ELECTION from 6c4bf312-847f-4261-b1bf-aef11305f2d7: already has voted for b1aa2fe7-eb40-4f9f-bfee-6ed7c04c202c at current term 4
2021-10-21 00:14:01,482 [grpc-default-executor-3] INFO  server.RaftServer$Division (RaftServerImpl.java:requestVote(1078)) - b1aa2fe7-eb40-4f9f-bfee-6ed7c04c202c@group-0C185B61CB60 replies to ELECTION vote request: 6c4bf312-847f-4261-b1bf-aef11305f2d7<-b1aa2fe7-eb40-4f9f-bfee-6ed7c04c202c#0:FAIL-t4. Peer's state: b1aa2fe7-eb40-4f9f-bfee-6ed7c04c202c@group-0C185B61CB60:t4, leader=null, voted=b1aa2fe7-eb40-4f9f-bfee-6ed7c04c202c, raftlog=b1aa2fe7-eb40-4f9f-bfee-6ed7c04c202c@group-0C185B61CB60-SegmentedRaftLog:OPENED:c-1, conf=-1: [5ad7e042-c272-4503-bb68-cca0083e8bfb|rpc:10.1.0.21:44457|priority:1, b1aa2fe7-eb40-4f9f-bfee-6ed7c04c202c|rpc:10.1.0.21:36605|priority:0, 6c4bf312-847f-4261-b1bf-aef11305f2d7|rpc:10.1.0.21:45071|priority:0], old=null
2021-10-21 00:14:01,484 [b1aa2fe7-eb40-4f9f-bfee-6ed7c04c202c@group-0C185B61CB60-LeaderElection112] INFO  impl.LeaderElection (LeaderElection.java:logAndReturn(89)) - b1aa2fe7-eb40-4f9f-bfee-6ed7c04c202c@group-0C185B61CB60-LeaderElection112: ELECTION REJECTED received 2 response(s) and 0 exception(s):
2021-10-21 00:14:01,485 [b1aa2fe7-eb40-4f9f-bfee-6ed7c04c202c@group-0C185B61CB60-LeaderElection112] INFO  impl.LeaderElection (LeaderElection.java:logAndReturn(93)) -   Response 0: b1aa2fe7-eb40-4f9f-bfee-6ed7c04c202c<-5ad7e042-c272-4503-bb68-cca0083e8bfb#0:FAIL-t4
2021-10-21 00:14:01,485 [b1aa2fe7-eb40-4f9f-bfee-6ed7c04c202c@group-0C185B61CB60-LeaderElection112] INFO  impl.LeaderElection (LeaderElection.java:logAndReturn(93)) -   Response 1: b1aa2fe7-eb40-4f9f-bfee-6ed7c04c202c<-6c4bf312-847f-4261-b1bf-aef11305f2d7#0:FAIL-t4
2021-10-21 00:14:01,485 [b1aa2fe7-eb40-4f9f-bfee-6ed7c04c202c@group-0C185B61CB60-LeaderElection112] INFO  impl.LeaderElection (LeaderElection.java:askForVotes(308)) - b1aa2fe7-eb40-4f9f-bfee-6ed7c04c202c@group-0C185B61CB60-LeaderElection112 ELECTION round 0: result REJECTED
2021-10-21 00:14:01,485 [b1aa2fe7-eb40-4f9f-bfee-6ed7c04c202c@group-0C185B61CB60-LeaderElection112] INFO  server.RaftServer$Division (RaftServerImpl.java:setRole(290)) - b1aa2fe7-eb40-4f9f-bfee-6ed7c04c202c@group-0C185B61CB60: changes role from CANDIDATE to FOLLOWER at term 4 for REJECTED
2021-10-21 00:14:01,485 [b1aa2fe7-eb40-4f9f-bfee-6ed7c04c202c@group-0C185B61CB60-LeaderElection112] INFO  impl.RoleInfo (RoleInfo.java:shutdownLeaderElection(121)) - b1aa2fe7-eb40-4f9f-bfee-6ed7c04c202c: shutdown b1aa2fe7-eb40-4f9f-bfee-6ed7c04c202c@group-0C185B61CB60-LeaderElection112
2021-10-21 00:14:01,485 [b1aa2fe7-eb40-4f9f-bfee-6ed7c04c202c@group-0C185B61CB60-LeaderElection112] INFO  impl.RoleInfo (RoleInfo.java:updateAndGet(130)) - b1aa2fe7-eb40-4f9f-bfee-6ed7c04c202c: start b1aa2fe7-eb40-4f9f-bfee-6ed7c04c202c@group-0C185B61CB60-FollowerState
2021-10-21 00:14:01,501 [grpc-default-executor-2] INFO  server.RaftServer$Division (RaftServerImpl.java:requestVote(1046)) - 6c4bf312-847f-4261-b1bf-aef11305f2d7@group-0C185B61CB60: receive requestVote(ELECTION, 5ad7e042-c272-4503-bb68-cca0083e8bfb, group-0C185B61CB60, 4, (t:2, i:0))
2021-10-21 00:14:01,501 [grpc-default-executor-2] INFO  impl.VoteContext (VoteContext.java:log(48)) - 6c4bf312-847f-4261-b1bf-aef11305f2d7@group-0C185B61CB60-FOLLOWER: reject ELECTION from 5ad7e042-c272-4503-bb68-cca0083e8bfb: already has voted for 6c4bf312-847f-4261-b1bf-aef11305f2d7 at current term 4
2021-10-21 00:14:01,501 [grpc-default-executor-2] INFO  server.RaftServer$Division (RaftServerImpl.java:requestVote(1078)) - 6c4bf312-847f-4261-b1bf-aef11305f2d7@group-0C185B61CB60 replies to ELECTION vote request: 5ad7e042-c272-4503-bb68-cca0083e8bfb<-6c4bf312-847f-4261-b1bf-aef11305f2d7#0:FAIL-t4. Peer's state: 6c4bf312-847f-4261-b1bf-aef11305f2d7@group-0C185B61CB60:t4, leader=null, voted=6c4bf312-847f-4261-b1bf-aef11305f2d7, raftlog=6c4bf312-847f-4261-b1bf-aef11305f2d7@group-0C185B61CB60-SegmentedRaftLog:OPENED:c-1, conf=-1: [5ad7e042-c272-4503-bb68-cca0083e8bfb|rpc:10.1.0.21:44457|dataStream:|priority:1, b1aa2fe7-eb40-4f9f-bfee-6ed7c04c202c|rpc:10.1.0.21:36605|dataStream:|priority:0, 6c4bf312-847f-4261-b1bf-aef11305f2d7|rpc:10.1.0.21:45071|dataStream:|priority:0], old=null
2021-10-21 00:14:01,503 [5ad7e042-c272-4503-bb68-cca0083e8bfb@group-0C185B61CB60-LeaderElection110] INFO  impl.LeaderElection (LeaderElection.java:logAndReturn(89)) - 5ad7e042-c272-4503-bb68-cca0083e8bfb@group-0C185B61CB60-LeaderElection110: ELECTION REJECTED received 2 response(s) and 0 exception(s):
2021-10-21 00:14:01,503 [5ad7e042-c272-4503-bb68-cca0083e8bfb@group-0C185B61CB60-LeaderElection110] INFO  impl.LeaderElection (LeaderElection.java:logAndReturn(93)) -   Response 0: 5ad7e042-c272-4503-bb68-cca0083e8bfb<-b1aa2fe7-eb40-4f9f-bfee-6ed7c04c202c#0:FAIL-t4
2021-10-21 00:14:01,503 [5ad7e042-c272-4503-bb68-cca0083e8bfb@group-0C185B61CB60-LeaderElection110] INFO  impl.LeaderElection (LeaderElection.java:logAndReturn(93)) -   Response 1: 5ad7e042-c272-4503-bb68-cca0083e8bfb<-6c4bf312-847f-4261-b1bf-aef11305f2d7#0:FAIL-t4
2021-10-21 00:14:01,503 [5ad7e042-c272-4503-bb68-cca0083e8bfb@group-0C185B61CB60-LeaderElection110] INFO  impl.LeaderElection (LeaderElection.java:askForVotes(308)) - 5ad7e042-c272-4503-bb68-cca0083e8bfb@group-0C185B61CB60-LeaderElection110 ELECTION round 0: result REJECTED
2021-10-21 00:14:01,503 [5ad7e042-c272-4503-bb68-cca0083e8bfb@group-0C185B61CB60-LeaderElection110] INFO  server.RaftServer$Division (RaftServerImpl.java:setRole(290)) - 5ad7e042-c272-4503-bb68-cca0083e8bfb@group-0C185B61CB60: changes role from CANDIDATE to FOLLOWER at term 4 for REJECTED
2021-10-21 00:14:01,503 [5ad7e042-c272-4503-bb68-cca0083e8bfb@group-0C185B61CB60-LeaderElection110] INFO  impl.RoleInfo (RoleInfo.java:shutdownLeaderElection(121)) - 5ad7e042-c272-4503-bb68-cca0083e8bfb: shutdown 5ad7e042-c272-4503-bb68-cca0083e8bfb@group-0C185B61CB60-LeaderElection110
2021-10-21 00:14:01,503 [5ad7e042-c272-4503-bb68-cca0083e8bfb@group-0C185B61CB60-LeaderElection110] INFO  impl.RoleInfo (RoleInfo.java:updateAndGet(130)) - 5ad7e042-c272-4503-bb68-cca0083e8bfb: start 5ad7e042-c272-4503-bb68-cca0083e8bfb@group-0C185B61CB60-FollowerState
2021-10-21 00:14:03,652 [43a8bf6a-c132-4b01-9df6-8da121d8da0e@group-1ABE1F802D80-FollowerState] INFO  impl.FollowerState (FollowerState.java:run(134)) - 43a8bf6a-c132-4b01-9df6-8da121d8da0e@group-1ABE1F802D80-FollowerState: change to CANDIDATE, lastRpcElapsedTime:5088367354ns, electionTimeout:5071ms
2021-10-21 00:14:03,652 [43a8bf6a-c132-4b01-9df6-8da121d8da0e@group-1ABE1F802D80-FollowerState] INFO  impl.RoleInfo (RoleInfo.java:shutdownFollowerState(108)) - 43a8bf6a-c132-4b01-9df6-8da121d8da0e: shutdown 43a8bf6a-c132-4b01-9df6-8da121d8da0e@group-1ABE1F802D80-FollowerState
2021-10-21 00:14:03,652 [43a8bf6a-c132-4b01-9df6-8da121d8da0e@group-1ABE1F802D80-FollowerState] INFO  server.RaftServer$Division (RaftServerImpl.java:setRole(290)) - 43a8bf6a-c132-4b01-9df6-8da121d8da0e@group-1ABE1F802D80: changes role from  FOLLOWER to CANDIDATE at term 3 for changeToCandidate
2021-10-21 00:14:03,652 [43a8bf6a-c132-4b01-9df6-8da121d8da0e@group-1ABE1F802D80-FollowerState] INFO  server.RaftServerConfigKeys (ConfUtils.java:logGet(44)) - raft.server.leaderelection.pre-vote = false (custom)
2021-10-21 00:14:03,652 [43a8bf6a-c132-4b01-9df6-8da121d8da0e@group-1ABE1F802D80-FollowerState] INFO  impl.RoleInfo (RoleInfo.java:updateAndGet(130)) - 43a8bf6a-c132-4b01-9df6-8da121d8da0e: start 43a8bf6a-c132-4b01-9df6-8da121d8da0e@group-1ABE1F802D80-LeaderElection113
2021-10-21 00:14:03,680 [385ed75d-b5f2-4976-82ca-03b327f31da0@group-1ABE1F802D80-FollowerState] INFO  impl.FollowerState (FollowerState.java:run(134)) - 385ed75d-b5f2-4976-82ca-03b327f31da0@group-1ABE1F802D80-FollowerState: change to CANDIDATE, lastRpcElapsedTime:5103256399ns, electionTimeout:5099ms
2021-10-21 00:14:03,680 [385ed75d-b5f2-4976-82ca-03b327f31da0@group-1ABE1F802D80-FollowerState] INFO  impl.RoleInfo (RoleInfo.java:shutdownFollowerState(108)) - 385ed75d-b5f2-4976-82ca-03b327f31da0: shutdown 385ed75d-b5f2-4976-82ca-03b327f31da0@group-1ABE1F802D80-FollowerState
2021-10-21 00:14:03,680 [385ed75d-b5f2-4976-82ca-03b327f31da0@group-1ABE1F802D80-FollowerState] INFO  server.RaftServer$Division (RaftServerImpl.java:setRole(290)) - 385ed75d-b5f2-4976-82ca-03b327f31da0@group-1ABE1F802D80: changes role from  FOLLOWER to CANDIDATE at term 3 for changeToCandidate
2021-10-21 00:14:03,681 [385ed75d-b5f2-4976-82ca-03b327f31da0@group-1ABE1F802D80-FollowerState] INFO  server.RaftServerConfigKeys (ConfUtils.java:logGet(44)) - raft.server.leaderelection.pre-vote = false (custom)
2021-10-21 00:14:03,681 [385ed75d-b5f2-4976-82ca-03b327f31da0@group-1ABE1F802D80-FollowerState] INFO  impl.RoleInfo (RoleInfo.java:updateAndGet(130)) - 385ed75d-b5f2-4976-82ca-03b327f31da0: start 385ed75d-b5f2-4976-82ca-03b327f31da0@group-1ABE1F802D80-LeaderElection114
2021-10-21 00:14:03,681 [43a8bf6a-c132-4b01-9df6-8da121d8da0e@group-1ABE1F802D80-LeaderElection113] INFO  impl.LeaderElection (LeaderElection.java:askForVotes(306)) - 43a8bf6a-c132-4b01-9df6-8da121d8da0e@group-1ABE1F802D80-LeaderElection113 ELECTION round 0: submit vote requests at term 4 for -1: [43a8bf6a-c132-4b01-9df6-8da121d8da0e|rpc:10.1.0.21:44683|dataStream:|priority:1, b064551b-1fe0-41a9-91d7-ea536b2590c0|rpc:10.1.0.21:37069|dataStream:|priority:0, 385ed75d-b5f2-4976-82ca-03b327f31da0|rpc:10.1.0.21:43801|dataStream:|priority:0], old=null
2021-10-21 00:14:03,719 [385ed75d-b5f2-4976-82ca-03b327f31da0@group-1ABE1F802D80-LeaderElection114] INFO  impl.LeaderElection (LeaderElection.java:askForVotes(306)) - 385ed75d-b5f2-4976-82ca-03b327f31da0@group-1ABE1F802D80-LeaderElection114 ELECTION round 0: submit vote requests at term 4 for -1: [43a8bf6a-c132-4b01-9df6-8da121d8da0e|rpc:10.1.0.21:44683|priority:1, b064551b-1fe0-41a9-91d7-ea536b2590c0|rpc:10.1.0.21:37069|priority:0, 385ed75d-b5f2-4976-82ca-03b327f31da0|rpc:10.1.0.21:43801|priority:0], old=null
2021-10-21 00:14:03,743 [grpc-default-executor-2] INFO  server.RaftServer$Division (RaftServerImpl.java:requestVote(1046)) - b064551b-1fe0-41a9-91d7-ea536b2590c0@group-1ABE1F802D80: receive requestVote(ELECTION, 43a8bf6a-c132-4b01-9df6-8da121d8da0e, group-1ABE1F802D80, 4, (t:0, i:0))
2021-10-21 00:14:03,743 [grpc-default-executor-2] INFO  impl.VoteContext (VoteContext.java:log(48)) - b064551b-1fe0-41a9-91d7-ea536b2590c0@group-1ABE1F802D80-FOLLOWER: accept ELECTION from 43a8bf6a-c132-4b01-9df6-8da121d8da0e: our priority 0 <= candidate's priority 1
2021-10-21 00:14:03,743 [grpc-default-executor-2] INFO  server.RaftServer$Division (RaftServerImpl.java:setRole(290)) - b064551b-1fe0-41a9-91d7-ea536b2590c0@group-1ABE1F802D80: changes role from  FOLLOWER to FOLLOWER at term 4 for candidate:43a8bf6a-c132-4b01-9df6-8da121d8da0e
2021-10-21 00:14:03,743 [grpc-default-executor-2] INFO  impl.RoleInfo (RoleInfo.java:shutdownFollowerState(108)) - b064551b-1fe0-41a9-91d7-ea536b2590c0: shutdown b064551b-1fe0-41a9-91d7-ea536b2590c0@group-1ABE1F802D80-FollowerState
2021-10-21 00:14:03,743 [grpc-default-executor-2] INFO  impl.RoleInfo (RoleInfo.java:updateAndGet(130)) - b064551b-1fe0-41a9-91d7-ea536b2590c0: start b064551b-1fe0-41a9-91d7-ea536b2590c0@group-1ABE1F802D80-FollowerState
2021-10-21 00:14:03,743 [b064551b-1fe0-41a9-91d7-ea536b2590c0@group-1ABE1F802D80-FollowerState] INFO  impl.FollowerState (FollowerState.java:run(143)) - b064551b-1fe0-41a9-91d7-ea536b2590c0@group-1ABE1F802D80-FollowerState was interrupted: {}
java.lang.InterruptedException: sleep interrupted
	at java.lang.Thread.sleep(Native Method)
	at java.lang.Thread.sleep(Thread.java:340)
	at java.util.concurrent.TimeUnit.sleep(TimeUnit.java:386)
	at org.apache.ratis.util.TimeDuration.sleep(TimeDuration.java:324)
	at org.apache.ratis.util.TimeDuration.sleep(TimeDuration.java:309)
	at org.apache.ratis.server.impl.FollowerState.run(FollowerState.java:118)
2021-10-21 00:14:03,743 [grpc-default-executor-1] INFO  server.RaftServer$Division (RaftServerImpl.java:requestVote(1046)) - 385ed75d-b5f2-4976-82ca-03b327f31da0@group-1ABE1F802D80: receive requestVote(ELECTION, 43a8bf6a-c132-4b01-9df6-8da121d8da0e, group-1ABE1F802D80, 4, (t:0, i:0))
2021-10-21 00:14:03,743 [grpc-default-executor-1] INFO  impl.VoteContext (VoteContext.java:log(48)) - 385ed75d-b5f2-4976-82ca-03b327f31da0@group-1ABE1F802D80-CANDIDATE: reject ELECTION from 43a8bf6a-c132-4b01-9df6-8da121d8da0e: already has voted for 385ed75d-b5f2-4976-82ca-03b327f31da0 at current term 4
2021-10-21 00:14:03,743 [grpc-default-executor-1] INFO  server.RaftServer$Division (RaftServerImpl.java:requestVote(1078)) - 385ed75d-b5f2-4976-82ca-03b327f31da0@group-1ABE1F802D80 replies to ELECTION vote request: 43a8bf6a-c132-4b01-9df6-8da121d8da0e<-385ed75d-b5f2-4976-82ca-03b327f31da0#0:FAIL-t4. Peer's state: 385ed75d-b5f2-4976-82ca-03b327f31da0@group-1ABE1F802D80:t4, leader=null, voted=385ed75d-b5f2-4976-82ca-03b327f31da0, raftlog=385ed75d-b5f2-4976-82ca-03b327f31da0@group-1ABE1F802D80-SegmentedRaftLog:OPENED:c-1, conf=-1: [43a8bf6a-c132-4b01-9df6-8da121d8da0e|rpc:10.1.0.21:44683|priority:1, b064551b-1fe0-41a9-91d7-ea536b2590c0|rpc:10.1.0.21:37069|priority:0, 385ed75d-b5f2-4976-82ca-03b327f31da0|rpc:10.1.0.21:43801|priority:0], old=null
2021-10-21 00:14:03,750 [grpc-default-executor-2] INFO  server.RaftServer$Division (RaftServerImpl.java:requestVote(1078)) - b064551b-1fe0-41a9-91d7-ea536b2590c0@group-1ABE1F802D80 replies to ELECTION vote request: 43a8bf6a-c132-4b01-9df6-8da121d8da0e<-b064551b-1fe0-41a9-91d7-ea536b2590c0#0:OK-t4. Peer's state: b064551b-1fe0-41a9-91d7-ea536b2590c0@group-1ABE1F802D80:t4, leader=null, voted=43a8bf6a-c132-4b01-9df6-8da121d8da0e, raftlog=b064551b-1fe0-41a9-91d7-ea536b2590c0@group-1ABE1F802D80-SegmentedRaftLog:OPENED:c-1, conf=-1: [43a8bf6a-c132-4b01-9df6-8da121d8da0e|rpc:10.1.0.21:44683|priority:1, b064551b-1fe0-41a9-91d7-ea536b2590c0|rpc:10.1.0.21:37069|priority:0, 385ed75d-b5f2-4976-82ca-03b327f31da0|rpc:10.1.0.21:43801|priority:0], old=null
2021-10-21 00:14:03,754 [43a8bf6a-c132-4b01-9df6-8da121d8da0e@group-1ABE1F802D80-LeaderElection113] INFO  impl.LeaderElection (LeaderElection.java:logAndReturn(89)) - 43a8bf6a-c132-4b01-9df6-8da121d8da0e@group-1ABE1F802D80-LeaderElection113: ELECTION PASSED received 1 response(s) and 0 exception(s):
2021-10-21 00:14:03,754 [43a8bf6a-c132-4b01-9df6-8da121d8da0e@group-1ABE1F802D80-LeaderElection113] INFO  impl.LeaderElection (LeaderElection.java:logAndReturn(93)) -   Response 0: 43a8bf6a-c132-4b01-9df6-8da121d8da0e<-b064551b-1fe0-41a9-91d7-ea536b2590c0#0:OK-t4
2021-10-21 00:14:03,754 [43a8bf6a-c132-4b01-9df6-8da121d8da0e@group-1ABE1F802D80-LeaderElection113] INFO  impl.LeaderElection (LeaderElection.java:askForVotes(308)) - 43a8bf6a-c132-4b01-9df6-8da121d8da0e@group-1ABE1F802D80-LeaderElection113 ELECTION round 0: result PASSED
2021-10-21 00:14:03,754 [43a8bf6a-c132-4b01-9df6-8da121d8da0e@group-1ABE1F802D80-LeaderElection113] INFO  impl.RoleInfo (RoleInfo.java:shutdownLeaderElection(121)) - 43a8bf6a-c132-4b01-9df6-8da121d8da0e: shutdown 43a8bf6a-c132-4b01-9df6-8da121d8da0e@group-1ABE1F802D80-LeaderElection113
2021-10-21 00:14:03,754 [43a8bf6a-c132-4b01-9df6-8da121d8da0e@group-1ABE1F802D80-LeaderElection113] INFO  server.RaftServer$Division (RaftServerImpl.java:setRole(290)) - 43a8bf6a-c132-4b01-9df6-8da121d8da0e@group-1ABE1F802D80: changes role from CANDIDATE to LEADER at term 4 for changeToLeader
2021-10-21 00:14:03,754 [43a8bf6a-c132-4b01-9df6-8da121d8da0e@group-1ABE1F802D80-LeaderElection113] INFO  ratis.XceiverServerRatis (XceiverServerRatis.java:handleLeaderChangedNotification(866)) - Leader change notification received for group: group-1ABE1F802D80 with new leaderId: 43a8bf6a-c132-4b01-9df6-8da121d8da0e
2021-10-21 00:14:03,755 [43a8bf6a-c132-4b01-9df6-8da121d8da0e@group-1ABE1F802D80-LeaderElection113] INFO  server.RaftServer$Division (ServerState.java:setLeader(285)) - 43a8bf6a-c132-4b01-9df6-8da121d8da0e@group-1ABE1F802D80: change Leader from null to 43a8bf6a-c132-4b01-9df6-8da121d8da0e at term 4 for becomeLeader, leader elected after 20507ms
2021-10-21 00:14:03,755 [43a8bf6a-c132-4b01-9df6-8da121d8da0e@group-1ABE1F802D80-LeaderElection113] INFO  server.RaftServerConfigKeys (ConfUtils.java:logGet(44)) - raft.server.staging.catchup.gap = 1000 (default)
2021-10-21 00:14:03,755 [43a8bf6a-c132-4b01-9df6-8da121d8da0e@group-1ABE1F802D80-LeaderElection113] INFO  server.RaftServerConfigKeys (ConfUtils.java:logGet(44)) - raft.server.write.element-limit = 1024 (custom)
2021-10-21 00:14:03,755 [43a8bf6a-c132-4b01-9df6-8da121d8da0e@group-1ABE1F802D80-LeaderElection113] INFO  server.RaftServerConfigKeys (ConfUtils.java:logGet(44)) - raft.server.write.byte-limit = 1024 M (=1073741824) (custom)
2021-10-21 00:14:03,756 [43a8bf6a-c132-4b01-9df6-8da121d8da0e@group-1ABE1F802D80-LeaderElection113] INFO  server.RaftServerConfigKeys (ConfUtils.java:logGet(44)) - raft.server.watch.timeout = 3000ms (custom)
2021-10-21 00:14:03,756 [43a8bf6a-c132-4b01-9df6-8da121d8da0e@group-1ABE1F802D80-LeaderElection113] INFO  server.RaftServerConfigKeys (ConfUtils.java:logGet(44)) - raft.server.watch.timeout.denomination = 1s (default)
2021-10-21 00:14:03,756 [43a8bf6a-c132-4b01-9df6-8da121d8da0e@group-1ABE1F802D80-LeaderElection113] INFO  server.RaftServerConfigKeys (ConfUtils.java:logGet(44)) - raft.server.watch.element-limit = 65536 (default)
2021-10-21 00:14:03,756 [43a8bf6a-c132-4b01-9df6-8da121d8da0e@group-1ABE1F802D80-LeaderElection113] INFO  server.RaftServerConfigKeys (ConfUtils.java:logGet(44)) - raft.server.write.element-limit = 1024 (custom)
2021-10-21 00:14:03,756 [43a8bf6a-c132-4b01-9df6-8da121d8da0e@group-1ABE1F802D80-LeaderElection113] INFO  server.RaftServerConfigKeys (ConfUtils.java:logGet(44)) - raft.server.write.follower.gap.ratio.max = -1.0 (default)
2021-10-21 00:14:03,756 [43a8bf6a-c132-4b01-9df6-8da121d8da0e@group-1ABE1F802D80-LeaderElection113] INFO  server.RaftServerConfigKeys (ConfUtils.java:logGet(44)) - raft.server.log.appender.snapshot.chunk.size.max = 16MB (=16777216) (default)
2021-10-21 00:14:03,756 [43a8bf6a-c132-4b01-9df6-8da121d8da0e@group-1ABE1F802D80-LeaderElection113] INFO  server.RaftServerConfigKeys (ConfUtils.java:logGet(44)) - raft.server.log.appender.buffer.byte-limit = 33554432 (custom)
2021-10-21 00:14:03,756 [43a8bf6a-c132-4b01-9df6-8da121d8da0e@group-1ABE1F802D80-LeaderElection113] INFO  server.RaftServerConfigKeys (ConfUtils.java:logGet(44)) - raft.server.log.appender.buffer.element-limit = 1 (custom)
2021-10-21 00:14:03,756 [43a8bf6a-c132-4b01-9df6-8da121d8da0e@group-1ABE1F802D80-LeaderElection113] INFO  grpc.GrpcConfigKeys (ConfUtils.java:logGet(44)) - raft.grpc.server.leader.outstanding.appends.max = 128 (default)
2021-10-21 00:14:03,756 [43a8bf6a-c132-4b01-9df6-8da121d8da0e@group-1ABE1F802D80-LeaderElection113] INFO  server.RaftServerConfigKeys (ConfUtils.java:logGet(44)) - raft.server.rpc.request.timeout = 3000ms (default)
2021-10-21 00:14:03,756 [43a8bf6a-c132-4b01-9df6-8da121d8da0e@group-1ABE1F802D80-LeaderElection113] INFO  server.RaftServerConfigKeys (ConfUtils.java:logGet(44)) - raft.server.log.appender.install.snapshot.enabled = false (custom)
2021-10-21 00:14:03,758 [43a8bf6a-c132-4b01-9df6-8da121d8da0e@group-1ABE1F802D80-LeaderElection113] INFO  server.RaftServerConfigKeys (ConfUtils.java:logGet(44)) - raft.server.log.appender.snapshot.chunk.size.max = 16MB (=16777216) (default)
2021-10-21 00:14:03,758 [43a8bf6a-c132-4b01-9df6-8da121d8da0e@group-1ABE1F802D80-LeaderElection113] INFO  server.RaftServerConfigKeys (ConfUtils.java:logGet(44)) - raft.server.log.appender.buffer.byte-limit = 33554432 (custom)
2021-10-21 00:14:03,758 [43a8bf6a-c132-4b01-9df6-8da121d8da0e@group-1ABE1F802D80-LeaderElection113] INFO  server.RaftServerConfigKeys (ConfUtils.java:logGet(44)) - raft.server.log.appender.buffer.element-limit = 1 (custom)
2021-10-21 00:14:03,758 [43a8bf6a-c132-4b01-9df6-8da121d8da0e@group-1ABE1F802D80-LeaderElection113] INFO  grpc.GrpcConfigKeys (ConfUtils.java:logGet(44)) - raft.grpc.server.leader.outstanding.appends.max = 128 (default)
2021-10-21 00:14:03,758 [43a8bf6a-c132-4b01-9df6-8da121d8da0e@group-1ABE1F802D80-LeaderElection113] INFO  server.RaftServerConfigKeys (ConfUtils.java:logGet(44)) - raft.server.rpc.request.timeout = 3000ms (default)
2021-10-21 00:14:03,758 [43a8bf6a-c132-4b01-9df6-8da121d8da0e@group-1ABE1F802D80-LeaderElection113] INFO  server.RaftServerConfigKeys (ConfUtils.java:logGet(44)) - raft.server.log.appender.install.snapshot.enabled = false (custom)
2021-10-21 00:14:03,768 [43a8bf6a-c132-4b01-9df6-8da121d8da0e@group-1ABE1F802D80-LeaderElection113] INFO  impl.RoleInfo (RoleInfo.java:updateAndGet(130)) - 43a8bf6a-c132-4b01-9df6-8da121d8da0e: start 43a8bf6a-c132-4b01-9df6-8da121d8da0e@group-1ABE1F802D80-LeaderStateImpl
2021-10-21 00:14:03,768 [43a8bf6a-c132-4b01-9df6-8da121d8da0e@group-1ABE1F802D80-LeaderElection113] INFO  segmented.SegmentedRaftLogWorker (SegmentedRaftLogWorker.java:startLogSegment(394)) - 43a8bf6a-c132-4b01-9df6-8da121d8da0e@group-1ABE1F802D80-SegmentedRaftLogWorker: Starting segment from index:0
2021-10-21 00:14:03,770 [43a8bf6a-c132-4b01-9df6-8da121d8da0e@group-1ABE1F802D80-SegmentedRaftLogWorker] INFO  segmented.SegmentedRaftLogWorker (SegmentedRaftLogWorker.java:execute(601)) - 43a8bf6a-c132-4b01-9df6-8da121d8da0e@group-1ABE1F802D80-SegmentedRaftLogWorker: created new log segment /home/runner/work/ozone/ozone/hadoop-ozone/integration-test/target/test-dir/MiniOzoneClusterImpl-0ff56402-746c-4b46-aacb-40edab3b56db/datanode-2/data/ratis/d739659e-f08f-42ab-8521-1abe1f802d80/current/log_inprogress_0
2021-10-21 00:14:03,795 [Datanode State Machine Thread - 0] WARN  statemachine.StateContext (StateContext.java:execute(621)) - No available thread in pool for past 1 seconds.
2021-10-21 00:14:03,807 [EventQueue-PipelineReportForPipelineReportHandler] INFO  pipeline.PipelineManagerImpl (PipelineManagerImpl.java:openPipeline(282)) - Pipeline Pipeline[ Id: d739659e-f08f-42ab-8521-1abe1f802d80, Nodes: 385ed75d-b5f2-4976-82ca-03b327f31da0{ip: 10.1.0.21, host: fv-az395-87.zfmzfyrfkyou3ow0tsr0jxwq1e.bx.internal.cloudapp.net, ports: [REPLICATION=33539, RATIS=43801, RATIS_ADMIN=43801, RATIS_SERVER=43801, STANDALONE=46065], networkLocation: /default-rack, certSerialId: null, persistedOpState: IN_SERVICE, persistedOpStateExpiryEpochSec: 0}43a8bf6a-c132-4b01-9df6-8da121d8da0e{ip: 10.1.0.21, host: fv-az395-87.zfmzfyrfkyou3ow0tsr0jxwq1e.bx.internal.cloudapp.net, ports: [REPLICATION=43167, RATIS=44683, RATIS_ADMIN=44683, RATIS_SERVER=44683, STANDALONE=44545], networkLocation: /default-rack, certSerialId: null, persistedOpState: IN_SERVICE, persistedOpStateExpiryEpochSec: 0}b064551b-1fe0-41a9-91d7-ea536b2590c0{ip: 10.1.0.21, host: fv-az395-87.zfmzfyrfkyou3ow0tsr0jxwq1e.bx.internal.cloudapp.net, ports: [REPLICATION=44429, RATIS=37069, RATIS_ADMIN=37069, RATIS_SERVER=37069, STANDALONE=39421], networkLocation: /default-rack, certSerialId: null, persistedOpState: IN_SERVICE, persistedOpStateExpiryEpochSec: 0}, ReplicationConfig: RATIS/THREE, State:ALLOCATED, leaderId:43a8bf6a-c132-4b01-9df6-8da121d8da0e, CreationTimestamp2021-10-21T00:13:40.715Z[Etc/UTC]] moved to OPEN state
2021-10-21 00:14:03,822 [grpc-default-executor-2] INFO  server.RaftServer$Division (RaftServerImpl.java:requestVote(1046)) - 43a8bf6a-c132-4b01-9df6-8da121d8da0e@group-1ABE1F802D80: receive requestVote(ELECTION, 385ed75d-b5f2-4976-82ca-03b327f31da0, group-1ABE1F802D80, 4, (t:0, i:0))
2021-10-21 00:14:03,863 [grpc-default-executor-1] INFO  server.RaftServer$Division (RaftServerImpl.java:requestVote(1046)) - b064551b-1fe0-41a9-91d7-ea536b2590c0@group-1ABE1F802D80: receive requestVote(ELECTION, 385ed75d-b5f2-4976-82ca-03b327f31da0, group-1ABE1F802D80, 4, (t:0, i:0))
2021-10-21 00:14:03,863 [grpc-default-executor-1] INFO  impl.VoteContext (VoteContext.java:log(48)) - b064551b-1fe0-41a9-91d7-ea536b2590c0@group-1ABE1F802D80-FOLLOWER: reject ELECTION from 385ed75d-b5f2-4976-82ca-03b327f31da0: already has voted for 43a8bf6a-c132-4b01-9df6-8da121d8da0e at current term 4
2021-10-21 00:14:03,863 [grpc-default-executor-1] INFO  server.RaftServer$Division (RaftServerImpl.java:requestVote(1078)) - b064551b-1fe0-41a9-91d7-ea536b2590c0@group-1ABE1F802D80 replies to ELECTION vote request: 385ed75d-b5f2-4976-82ca-03b327f31da0<-b064551b-1fe0-41a9-91d7-ea536b2590c0#0:FAIL-t4. Peer's state: b064551b-1fe0-41a9-91d7-ea536b2590c0@group-1ABE1F802D80:t4, leader=null, voted=43a8bf6a-c132-4b01-9df6-8da121d8da0e, raftlog=b064551b-1fe0-41a9-91d7-ea536b2590c0@group-1ABE1F802D80-SegmentedRaftLog:OPENED:c-1, conf=-1: [43a8bf6a-c132-4b01-9df6-8da121d8da0e|rpc:10.1.0.21:44683|priority:1, b064551b-1fe0-41a9-91d7-ea536b2590c0|rpc:10.1.0.21:37069|priority:0, 385ed75d-b5f2-4976-82ca-03b327f31da0|rpc:10.1.0.21:43801|priority:0], old=null
2021-10-21 00:14:03,867 [grpc-default-executor-1] INFO  server.RaftServer$Division (RaftServerImpl.java:setRole(290)) - 385ed75d-b5f2-4976-82ca-03b327f31da0@group-1ABE1F802D80: changes role from CANDIDATE to FOLLOWER at term 4 for appendEntries
2021-10-21 00:14:03,868 [grpc-default-executor-1] INFO  impl.RoleInfo (RoleInfo.java:shutdownLeaderElection(121)) - 385ed75d-b5f2-4976-82ca-03b327f31da0: shutdown 385ed75d-b5f2-4976-82ca-03b327f31da0@group-1ABE1F802D80-LeaderElection114
2021-10-21 00:14:03,868 [grpc-default-executor-1] INFO  impl.RoleInfo (RoleInfo.java:updateAndGet(130)) - 385ed75d-b5f2-4976-82ca-03b327f31da0: start 385ed75d-b5f2-4976-82ca-03b327f31da0@group-1ABE1F802D80-FollowerState
2021-10-21 00:14:03,870 [grpc-default-executor-3] INFO  ratis.XceiverServerRatis (XceiverServerRatis.java:handleLeaderChangedNotification(866)) - Leader change notification received for group: group-1ABE1F802D80 with new leaderId: 43a8bf6a-c132-4b01-9df6-8da121d8da0e
2021-10-21 00:14:03,870 [grpc-default-executor-3] INFO  server.RaftServer$Division (ServerState.java:setLeader(285)) - b064551b-1fe0-41a9-91d7-ea536b2590c0@group-1ABE1F802D80: change Leader from null to 43a8bf6a-c132-4b01-9df6-8da121d8da0e at term 4 for appendEntries, leader elected after 20458ms
2021-10-21 00:14:03,879 [grpc-default-executor-1] INFO  ratis.XceiverServerRatis (XceiverServerRatis.java:handleLeaderChangedNotification(866)) - Leader change notification received for group: group-1ABE1F802D80 with new leaderId: 43a8bf6a-c132-4b01-9df6-8da121d8da0e
2021-10-21 00:14:03,879 [grpc-default-executor-1] INFO  server.RaftServer$Division (ServerState.java:setLeader(285)) - 385ed75d-b5f2-4976-82ca-03b327f31da0@group-1ABE1F802D80: change Leader from null to 43a8bf6a-c132-4b01-9df6-8da121d8da0e at term 4 for appendEntries, leader elected after 21446ms
2021-10-21 00:14:03,921 [43a8bf6a-c132-4b01-9df6-8da121d8da0e@group-1ABE1F802D80-LeaderElection113] INFO  server.RaftServer$Division (ServerState.java:setRaftConf(387)) - 43a8bf6a-c132-4b01-9df6-8da121d8da0e@group-1ABE1F802D80: set configuration 0: [43a8bf6a-c132-4b01-9df6-8da121d8da0e|rpc:10.1.0.21:44683|dataStream:|priority:1, b064551b-1fe0-41a9-91d7-ea536b2590c0|rpc:10.1.0.21:37069|dataStream:|priority:0, 385ed75d-b5f2-4976-82ca-03b327f31da0|rpc:10.1.0.21:43801|dataStream:|priority:0], old=null
2021-10-21 00:14:03,921 [grpc-default-executor-1] INFO  server.RaftServer$Division (ServerState.java:setRaftConf(387)) - 385ed75d-b5f2-4976-82ca-03b327f31da0@group-1ABE1F802D80: set configuration 0: [43a8bf6a-c132-4b01-9df6-8da121d8da0e|rpc:10.1.0.21:44683|dataStream:|priority:1, b064551b-1fe0-41a9-91d7-ea536b2590c0|rpc:10.1.0.21:37069|dataStream:|priority:0, 385ed75d-b5f2-4976-82ca-03b327f31da0|rpc:10.1.0.21:43801|dataStream:|priority:0], old=null
2021-10-21 00:14:03,922 [grpc-default-executor-1] INFO  segmented.SegmentedRaftLogWorker (SegmentedRaftLogWorker.java:startLogSegment(394)) - 385ed75d-b5f2-4976-82ca-03b327f31da0@group-1ABE1F802D80-SegmentedRaftLogWorker: Starting segment from index:0
2021-10-21 00:14:03,922 [grpc-default-executor-2] INFO  impl.VoteContext (VoteContext.java:log(48)) - 43a8bf6a-c132-4b01-9df6-8da121d8da0e@group-1ABE1F802D80-LEADER: reject ELECTION from 385ed75d-b5f2-4976-82ca-03b327f31da0: already has voted for 43a8bf6a-c132-4b01-9df6-8da121d8da0e at current term 4
2021-10-21 00:14:03,922 [grpc-default-executor-2] INFO  server.RaftServer$Division (RaftServerImpl.java:requestVote(1078)) - 43a8bf6a-c132-4b01-9df6-8da121d8da0e@group-1ABE1F802D80 replies to ELECTION vote request: 385ed75d-b5f2-4976-82ca-03b327f31da0<-43a8bf6a-c132-4b01-9df6-8da121d8da0e#0:FAIL-t4. Peer's state: 43a8bf6a-c132-4b01-9df6-8da121d8da0e@group-1ABE1F802D80:t4, leader=43a8bf6a-c132-4b01-9df6-8da121d8da0e, voted=43a8bf6a-c132-4b01-9df6-8da121d8da0e, raftlog=43a8bf6a-c132-4b01-9df6-8da121d8da0e@group-1ABE1F802D80-SegmentedRaftLog:OPENED:c-1, conf=0: [43a8bf6a-c132-4b01-9df6-8da121d8da0e|rpc:10.1.0.21:44683|dataStream:|priority:1, b064551b-1fe0-41a9-91d7-ea536b2590c0|rpc:10.1.0.21:37069|dataStream:|priority:0, 385ed75d-b5f2-4976-82ca-03b327f31da0|rpc:10.1.0.21:43801|dataStream:|priority:0], old=null
2021-10-21 00:14:03,924 [385ed75d-b5f2-4976-82ca-03b327f31da0@group-1ABE1F802D80-LeaderElection114] INFO  impl.LeaderElection (LeaderElection.java:logAndReturn(89)) - 385ed75d-b5f2-4976-82ca-03b327f31da0@group-1ABE1F802D80-LeaderElection114: ELECTION REJECTED received 1 response(s) and 0 exception(s):
2021-10-21 00:14:03,924 [385ed75d-b5f2-4976-82ca-03b327f31da0@group-1ABE1F802D80-LeaderElection114] INFO  impl.LeaderElection (LeaderElection.java:logAndReturn(93)) -   Response 0: 385ed75d-b5f2-4976-82ca-03b327f31da0<-b064551b-1fe0-41a9-91d7-ea536b2590c0#0:FAIL-t4
2021-10-21 00:14:03,924 [385ed75d-b5f2-4976-82ca-03b327f31da0@group-1ABE1F802D80-LeaderElection114] INFO  impl.LeaderElection (LeaderElection.java:askForVotes(308)) - 385ed75d-b5f2-4976-82ca-03b327f31da0@group-1ABE1F802D80-LeaderElection114 ELECTION round 0: result REJECTED
2021-10-21 00:14:03,926 [385ed75d-b5f2-4976-82ca-03b327f31da0@group-1ABE1F802D80-SegmentedRaftLogWorker] INFO  segmented.SegmentedRaftLogWorker (SegmentedRaftLogWorker.java:execute(601)) - 385ed75d-b5f2-4976-82ca-03b327f31da0@group-1ABE1F802D80-SegmentedRaftLogWorker: created new log segment /home/runner/work/ozone/ozone/hadoop-ozone/integration-test/target/test-dir/MiniOzoneClusterImpl-0ff56402-746c-4b46-aacb-40edab3b56db/datanode-0/data/ratis/d739659e-f08f-42ab-8521-1abe1f802d80/current/log_inprogress_0
2021-10-21 00:14:04,046 [grpc-default-executor-2] INFO  server.RaftServer$Division (ServerState.java:setRaftConf(387)) - b064551b-1fe0-41a9-91d7-ea536b2590c0@group-1ABE1F802D80: set configuration 0: [43a8bf6a-c132-4b01-9df6-8da121d8da0e|rpc:10.1.0.21:44683|dataStream:|priority:1, b064551b-1fe0-41a9-91d7-ea536b2590c0|rpc:10.1.0.21:37069|dataStream:|priority:0, 385ed75d-b5f2-4976-82ca-03b327f31da0|rpc:10.1.0.21:43801|dataStream:|priority:0], old=null
2021-10-21 00:14:04,047 [grpc-default-executor-2] INFO  segmented.SegmentedRaftLogWorker (SegmentedRaftLogWorker.java:startLogSegment(394)) - b064551b-1fe0-41a9-91d7-ea536b2590c0@group-1ABE1F802D80-SegmentedRaftLogWorker: Starting segment from index:0
2021-10-21 00:14:04,049 [b064551b-1fe0-41a9-91d7-ea536b2590c0@group-1ABE1F802D80-SegmentedRaftLogWorker] INFO  segmented.SegmentedRaftLogWorker (SegmentedRaftLogWorker.java:execute(601)) - b064551b-1fe0-41a9-91d7-ea536b2590c0@group-1ABE1F802D80-SegmentedRaftLogWorker: created new log segment /home/runner/work/ozone/ozone/hadoop-ozone/integration-test/target/test-dir/MiniOzoneClusterImpl-0ff56402-746c-4b46-aacb-40edab3b56db/datanode-1/data/ratis/d739659e-f08f-42ab-8521-1abe1f802d80/current/log_inprogress_0
2021-10-21 00:14:04,119 [fe031be3-9947-46ae-8b09-98e602d9361b@group-AA76DA738849-FollowerState] INFO  impl.FollowerState (FollowerState.java:run(134)) - fe031be3-9947-46ae-8b09-98e602d9361b@group-AA76DA738849-FollowerState: change to CANDIDATE, lastRpcElapsedTime:5189625739ns, electionTimeout:5175ms
2021-10-21 00:14:04,119 [fe031be3-9947-46ae-8b09-98e602d9361b@group-AA76DA738849-FollowerState] INFO  impl.RoleInfo (RoleInfo.java:shutdownFollowerState(108)) - fe031be3-9947-46ae-8b09-98e602d9361b: shutdown fe031be3-9947-46ae-8b09-98e602d9361b@group-AA76DA738849-FollowerState
2021-10-21 00:14:04,119 [fe031be3-9947-46ae-8b09-98e602d9361b@group-AA76DA738849-FollowerState] INFO  server.RaftServer$Division (RaftServerImpl.java:setRole(290)) - fe031be3-9947-46ae-8b09-98e602d9361b@group-AA76DA738849: changes role from  FOLLOWER to CANDIDATE at term 2 for changeToCandidate
2021-10-21 00:14:04,119 [fe031be3-9947-46ae-8b09-98e602d9361b@group-AA76DA738849-FollowerState] INFO  server.RaftServerConfigKeys (ConfUtils.java:logGet(44)) - raft.server.leaderelection.pre-vote = false (custom)
2021-10-21 00:14:04,120 [fe031be3-9947-46ae-8b09-98e602d9361b@group-AA76DA738849-FollowerState] INFO  impl.RoleInfo (RoleInfo.java:updateAndGet(130)) - fe031be3-9947-46ae-8b09-98e602d9361b: start fe031be3-9947-46ae-8b09-98e602d9361b@group-AA76DA738849-LeaderElection115
2021-10-21 00:14:04,153 [87f4cda0-ffb5-4aa3-ac3a-463d681607fa@group-AA76DA738849-FollowerState] INFO  impl.FollowerState (FollowerState.java:run(134)) - 87f4cda0-ffb5-4aa3-ac3a-463d681607fa@group-AA76DA738849-FollowerState: change to CANDIDATE, lastRpcElapsedTime:5093648504ns, electionTimeout:5093ms
2021-10-21 00:14:04,153 [87f4cda0-ffb5-4aa3-ac3a-463d681607fa@group-AA76DA738849-FollowerState] INFO  impl.RoleInfo (RoleInfo.java:shutdownFollowerState(108)) - 87f4cda0-ffb5-4aa3-ac3a-463d681607fa: shutdown 87f4cda0-ffb5-4aa3-ac3a-463d681607fa@group-AA76DA738849-FollowerState
2021-10-21 00:14:04,153 [87f4cda0-ffb5-4aa3-ac3a-463d681607fa@group-AA76DA738849-FollowerState] INFO  server.RaftServer$Division (RaftServerImpl.java:setRole(290)) - 87f4cda0-ffb5-4aa3-ac3a-463d681607fa@group-AA76DA738849: changes role from  FOLLOWER to CANDIDATE at term 2 for changeToCandidate
2021-10-21 00:14:04,153 [87f4cda0-ffb5-4aa3-ac3a-463d681607fa@group-AA76DA738849-FollowerState] INFO  server.RaftServerConfigKeys (ConfUtils.java:logGet(44)) - raft.server.leaderelection.pre-vote = false (custom)
2021-10-21 00:14:04,153 [87f4cda0-ffb5-4aa3-ac3a-463d681607fa@group-AA76DA738849-FollowerState] INFO  impl.RoleInfo (RoleInfo.java:updateAndGet(130)) - 87f4cda0-ffb5-4aa3-ac3a-463d681607fa: start 87f4cda0-ffb5-4aa3-ac3a-463d681607fa@group-AA76DA738849-LeaderElection116
2021-10-21 00:14:04,160 [fe031be3-9947-46ae-8b09-98e602d9361b@group-AA76DA738849-LeaderElection115] INFO  impl.LeaderElection (LeaderElection.java:askForVotes(306)) - fe031be3-9947-46ae-8b09-98e602d9361b@group-AA76DA738849-LeaderElection115 ELECTION round 0: submit vote requests at term 3 for -1: [87f4cda0-ffb5-4aa3-ac3a-463d681607fa|rpc:10.1.0.21:43449|priority:0, fe031be3-9947-46ae-8b09-98e602d9361b|rpc:10.1.0.21:44461|priority:0, f11f8ce1-e80f-4662-ac56-049e7a4c2ce6|rpc:10.1.0.21:45621|priority:1], old=null
2021-10-21 00:14:04,162 [grpc-default-executor-1] INFO  server.RaftServer$Division (RaftServerImpl.java:requestVote(1046)) - 87f4cda0-ffb5-4aa3-ac3a-463d681607fa@group-AA76DA738849: receive requestVote(ELECTION, fe031be3-9947-46ae-8b09-98e602d9361b, group-AA76DA738849, 3, (t:0, i:0))
2021-10-21 00:14:04,163 [87f4cda0-ffb5-4aa3-ac3a-463d681607fa@group-AA76DA738849-LeaderElection116] INFO  impl.LeaderElection (LeaderElection.java:askForVotes(306)) - 87f4cda0-ffb5-4aa3-ac3a-463d681607fa@group-AA76DA738849-LeaderElection116 ELECTION round 0: submit vote requests at term 3 for -1: [87f4cda0-ffb5-4aa3-ac3a-463d681607fa|rpc:10.1.0.21:43449|dataStream:|priority:0, fe031be3-9947-46ae-8b09-98e602d9361b|rpc:10.1.0.21:44461|dataStream:|priority:0, f11f8ce1-e80f-4662-ac56-049e7a4c2ce6|rpc:10.1.0.21:45621|dataStream:|priority:1], old=null
2021-10-21 00:14:04,164 [grpc-default-executor-1] INFO  impl.VoteContext (VoteContext.java:log(48)) - 87f4cda0-ffb5-4aa3-ac3a-463d681607fa@group-AA76DA738849-CANDIDATE: reject ELECTION from fe031be3-9947-46ae-8b09-98e602d9361b: already has voted for 87f4cda0-ffb5-4aa3-ac3a-463d681607fa at current term 3
2021-10-21 00:14:04,164 [grpc-default-executor-1] INFO  server.RaftServer$Division (RaftServerImpl.java:requestVote(1078)) - 87f4cda0-ffb5-4aa3-ac3a-463d681607fa@group-AA76DA738849 replies to ELECTION vote request: fe031be3-9947-46ae-8b09-98e602d9361b<-87f4cda0-ffb5-4aa3-ac3a-463d681607fa#0:FAIL-t3. Peer's state: 87f4cda0-ffb5-4aa3-ac3a-463d681607fa@group-AA76DA738849:t3, leader=null, voted=87f4cda0-ffb5-4aa3-ac3a-463d681607fa, raftlog=87f4cda0-ffb5-4aa3-ac3a-463d681607fa@group-AA76DA738849-SegmentedRaftLog:OPENED:c-1, conf=-1: [87f4cda0-ffb5-4aa3-ac3a-463d681607fa|rpc:10.1.0.21:43449|dataStream:|priority:0, fe031be3-9947-46ae-8b09-98e602d9361b|rpc:10.1.0.21:44461|dataStream:|priority:0, f11f8ce1-e80f-4662-ac56-049e7a4c2ce6|rpc:10.1.0.21:45621|dataStream:|priority:1], old=null
2021-10-21 00:14:04,199 [grpc-default-executor-3] INFO  server.RaftServer$Division (RaftServerImpl.java:requestVote(1046)) - f11f8ce1-e80f-4662-ac56-049e7a4c2ce6@group-AA76DA738849: receive requestVote(ELECTION, fe031be3-9947-46ae-8b09-98e602d9361b, group-AA76DA738849, 3, (t:0, i:0))
2021-10-21 00:14:04,199 [grpc-default-executor-3] INFO  impl.VoteContext (VoteContext.java:log(48)) - f11f8ce1-e80f-4662-ac56-049e7a4c2ce6@group-AA76DA738849-FOLLOWER: reject ELECTION from fe031be3-9947-46ae-8b09-98e602d9361b: our priority 1 > candidate's priority 0
2021-10-21 00:14:04,199 [grpc-default-executor-3] INFO  server.RaftServer$Division (RaftServerImpl.java:setRole(290)) - f11f8ce1-e80f-4662-ac56-049e7a4c2ce6@group-AA76DA738849: changes role from  FOLLOWER to FOLLOWER at term 3 for candidate:fe031be3-9947-46ae-8b09-98e602d9361b
2021-10-21 00:14:04,199 [grpc-default-executor-3] INFO  impl.RoleInfo (RoleInfo.java:shutdownFollowerState(108)) - f11f8ce1-e80f-4662-ac56-049e7a4c2ce6: shutdown f11f8ce1-e80f-4662-ac56-049e7a4c2ce6@group-AA76DA738849-FollowerState
2021-10-21 00:14:04,199 [grpc-default-executor-3] INFO  impl.RoleInfo (RoleInfo.java:updateAndGet(130)) - f11f8ce1-e80f-4662-ac56-049e7a4c2ce6: start f11f8ce1-e80f-4662-ac56-049e7a4c2ce6@group-AA76DA738849-FollowerState
2021-10-21 00:14:04,199 [f11f8ce1-e80f-4662-ac56-049e7a4c2ce6@group-AA76DA738849-FollowerState] INFO  impl.FollowerState (FollowerState.java:run(143)) - f11f8ce1-e80f-4662-ac56-049e7a4c2ce6@group-AA76DA738849-FollowerState was interrupted: {}
java.lang.InterruptedException: sleep interrupted
	at java.lang.Thread.sleep(Native Method)
	at java.lang.Thread.sleep(Thread.java:340)
	at java.util.concurrent.TimeUnit.sleep(TimeUnit.java:386)
	at org.apache.ratis.util.TimeDuration.sleep(TimeDuration.java:324)
	at org.apache.ratis.util.TimeDuration.sleep(TimeDuration.java:309)
	at org.apache.ratis.server.impl.FollowerState.run(FollowerState.java:118)
2021-10-21 00:14:04,200 [grpc-default-executor-2] INFO  server.RaftServer$Division (RaftServerImpl.java:requestVote(1046)) - fe031be3-9947-46ae-8b09-98e602d9361b@group-AA76DA738849: receive requestVote(ELECTION, 87f4cda0-ffb5-4aa3-ac3a-463d681607fa, group-AA76DA738849, 3, (t:0, i:0))
2021-10-21 00:14:04,200 [grpc-default-executor-2] INFO  impl.VoteContext (VoteContext.java:log(48)) - fe031be3-9947-46ae-8b09-98e602d9361b@group-AA76DA738849-CANDIDATE: reject ELECTION from 87f4cda0-ffb5-4aa3-ac3a-463d681607fa: already has voted for fe031be3-9947-46ae-8b09-98e602d9361b at current term 3
2021-10-21 00:14:04,200 [grpc-default-executor-2] INFO  server.RaftServer$Division (RaftServerImpl.java:requestVote(1078)) - fe031be3-9947-46ae-8b09-98e602d9361b@group-AA76DA738849 replies to ELECTION vote request: 87f4cda0-ffb5-4aa3-ac3a-463d681607fa<-fe031be3-9947-46ae-8b09-98e602d9361b#0:FAIL-t3. Peer's state: fe031be3-9947-46ae-8b09-98e602d9361b@group-AA76DA738849:t3, leader=null, voted=fe031be3-9947-46ae-8b09-98e602d9361b, raftlog=fe031be3-9947-46ae-8b09-98e602d9361b@group-AA76DA738849-SegmentedRaftLog:OPENED:c-1, conf=-1: [87f4cda0-ffb5-4aa3-ac3a-463d681607fa|rpc:10.1.0.21:43449|priority:0, fe031be3-9947-46ae-8b09-98e602d9361b|rpc:10.1.0.21:44461|priority:0, f11f8ce1-e80f-4662-ac56-049e7a4c2ce6|rpc:10.1.0.21:45621|priority:1], old=null
2021-10-21 00:14:04,211 [grpc-default-executor-1] INFO  server.RaftServer$Division (RaftServerImpl.java:requestVote(1046)) - f11f8ce1-e80f-4662-ac56-049e7a4c2ce6@group-AA76DA738849: receive requestVote(ELECTION, 87f4cda0-ffb5-4aa3-ac3a-463d681607fa, group-AA76DA738849, 3, (t:0, i:0))
2021-10-21 00:14:04,290 [grpc-default-executor-3] INFO  server.RaftServer$Division (RaftServerImpl.java:requestVote(1078)) - f11f8ce1-e80f-4662-ac56-049e7a4c2ce6@group-AA76DA738849 replies to ELECTION vote request: fe031be3-9947-46ae-8b09-98e602d9361b<-f11f8ce1-e80f-4662-ac56-049e7a4c2ce6#0:FAIL-t3. Peer's state: f11f8ce1-e80f-4662-ac56-049e7a4c2ce6@group-AA76DA738849:t3, leader=null, voted=null, raftlog=f11f8ce1-e80f-4662-ac56-049e7a4c2ce6@group-AA76DA738849-SegmentedRaftLog:OPENED:c-1, conf=-1: [87f4cda0-ffb5-4aa3-ac3a-463d681607fa|rpc:10.1.0.21:43449|dataStream:|priority:0, fe031be3-9947-46ae-8b09-98e602d9361b|rpc:10.1.0.21:44461|dataStream:|priority:0, f11f8ce1-e80f-4662-ac56-049e7a4c2ce6|rpc:10.1.0.21:45621|dataStream:|priority:1], old=null
2021-10-21 00:14:04,307 [grpc-default-executor-1] INFO  impl.VoteContext (VoteContext.java:log(48)) - f11f8ce1-e80f-4662-ac56-049e7a4c2ce6@group-AA76DA738849-FOLLOWER: reject ELECTION from 87f4cda0-ffb5-4aa3-ac3a-463d681607fa: our priority 1 > candidate's priority 0
2021-10-21 00:14:04,307 [grpc-default-executor-1] INFO  server.RaftServer$Division (RaftServerImpl.java:setRole(290)) - f11f8ce1-e80f-4662-ac56-049e7a4c2ce6@group-AA76DA738849: changes role from  FOLLOWER to FOLLOWER at term 3 for candidate:87f4cda0-ffb5-4aa3-ac3a-463d681607fa
2021-10-21 00:14:04,307 [grpc-default-executor-1] INFO  impl.RoleInfo (RoleInfo.java:shutdownFollowerState(108)) - f11f8ce1-e80f-4662-ac56-049e7a4c2ce6: shutdown f11f8ce1-e80f-4662-ac56-049e7a4c2ce6@group-AA76DA738849-FollowerState
2021-10-21 00:14:04,307 [grpc-default-executor-1] INFO  impl.RoleInfo (RoleInfo.java:updateAndGet(130)) - f11f8ce1-e80f-4662-ac56-049e7a4c2ce6: start f11f8ce1-e80f-4662-ac56-049e7a4c2ce6@group-AA76DA738849-FollowerState
2021-10-21 00:14:04,308 [f11f8ce1-e80f-4662-ac56-049e7a4c2ce6@group-AA76DA738849-FollowerState] INFO  impl.FollowerState (FollowerState.java:run(143)) - f11f8ce1-e80f-4662-ac56-049e7a4c2ce6@group-AA76DA738849-FollowerState was interrupted: {}
java.lang.InterruptedException: sleep interrupted
	at java.lang.Thread.sleep(Native Method)
	at java.lang.Thread.sleep(Thread.java:340)
	at java.util.concurrent.TimeUnit.sleep(TimeUnit.java:386)
	at org.apache.ratis.util.TimeDuration.sleep(TimeDuration.java:324)
	at org.apache.ratis.util.TimeDuration.sleep(TimeDuration.java:309)
	at org.apache.ratis.server.impl.FollowerState.run(FollowerState.java:118)
2021-10-21 00:14:04,322 [grpc-default-executor-1] INFO  server.RaftServer$Division (RaftServerImpl.java:requestVote(1078)) - f11f8ce1-e80f-4662-ac56-049e7a4c2ce6@group-AA76DA738849 replies to ELECTION vote request: 87f4cda0-ffb5-4aa3-ac3a-463d681607fa<-f11f8ce1-e80f-4662-ac56-049e7a4c2ce6#0:FAIL-t3. Peer's state: f11f8ce1-e80f-4662-ac56-049e7a4c2ce6@group-AA76DA738849:t3, leader=null, voted=null, raftlog=f11f8ce1-e80f-4662-ac56-049e7a4c2ce6@group-AA76DA738849-SegmentedRaftLog:OPENED:c-1, conf=-1: [87f4cda0-ffb5-4aa3-ac3a-463d681607fa|rpc:10.1.0.21:43449|dataStream:|priority:0, fe031be3-9947-46ae-8b09-98e602d9361b|rpc:10.1.0.21:44461|dataStream:|priority:0, f11f8ce1-e80f-4662-ac56-049e7a4c2ce6|rpc:10.1.0.21:45621|dataStream:|priority:1], old=null
2021-10-21 00:14:04,328 [fe031be3-9947-46ae-8b09-98e602d9361b@group-AA76DA738849-LeaderElection115] INFO  impl.LeaderElection (LeaderElection.java:logAndReturn(89)) - fe031be3-9947-46ae-8b09-98e602d9361b@group-AA76DA738849-LeaderElection115: ELECTION REJECTED received 2 response(s) and 0 exception(s):
2021-10-21 00:14:04,328 [fe031be3-9947-46ae-8b09-98e602d9361b@group-AA76DA738849-LeaderElection115] INFO  impl.LeaderElection (LeaderElection.java:logAndReturn(93)) -   Response 0: fe031be3-9947-46ae-8b09-98e602d9361b<-87f4cda0-ffb5-4aa3-ac3a-463d681607fa#0:FAIL-t3
2021-10-21 00:14:04,328 [fe031be3-9947-46ae-8b09-98e602d9361b@group-AA76DA738849-LeaderElection115] INFO  impl.LeaderElection (LeaderElection.java:logAndReturn(93)) -   Response 1: fe031be3-9947-46ae-8b09-98e602d9361b<-f11f8ce1-e80f-4662-ac56-049e7a4c2ce6#0:FAIL-t3
2021-10-21 00:14:04,328 [fe031be3-9947-46ae-8b09-98e602d9361b@group-AA76DA738849-LeaderElection115] INFO  impl.LeaderElection (LeaderElection.java:askForVotes(308)) - fe031be3-9947-46ae-8b09-98e602d9361b@group-AA76DA738849-LeaderElection115 ELECTION round 0: result REJECTED
2021-10-21 00:14:04,328 [fe031be3-9947-46ae-8b09-98e602d9361b@group-AA76DA738849-LeaderElection115] INFO  server.RaftServer$Division (RaftServerImpl.java:setRole(290)) - fe031be3-9947-46ae-8b09-98e602d9361b@group-AA76DA738849: changes role from CANDIDATE to FOLLOWER at term 3 for REJECTED
2021-10-21 00:14:04,328 [fe031be3-9947-46ae-8b09-98e602d9361b@group-AA76DA738849-LeaderElection115] INFO  impl.RoleInfo (RoleInfo.java:shutdownLeaderElection(121)) - fe031be3-9947-46ae-8b09-98e602d9361b: shutdown fe031be3-9947-46ae-8b09-98e602d9361b@group-AA76DA738849-LeaderElection115
2021-10-21 00:14:04,328 [fe031be3-9947-46ae-8b09-98e602d9361b@group-AA76DA738849-LeaderElection115] INFO  impl.RoleInfo (RoleInfo.java:updateAndGet(130)) - fe031be3-9947-46ae-8b09-98e602d9361b: start fe031be3-9947-46ae-8b09-98e602d9361b@group-AA76DA738849-FollowerState
2021-10-21 00:14:04,354 [87f4cda0-ffb5-4aa3-ac3a-463d681607fa@group-AA76DA738849-LeaderElection116] INFO  impl.LeaderElection (LeaderElection.java:logAndReturn(89)) - 87f4cda0-ffb5-4aa3-ac3a-463d681607fa@group-AA76DA738849-LeaderElection116: ELECTION REJECTED received 2 response(s) and 0 exception(s):
2021-10-21 00:14:04,354 [87f4cda0-ffb5-4aa3-ac3a-463d681607fa@group-AA76DA738849-LeaderElection116] INFO  impl.LeaderElection (LeaderElection.java:logAndReturn(93)) -   Response 0: 87f4cda0-ffb5-4aa3-ac3a-463d681607fa<-fe031be3-9947-46ae-8b09-98e602d9361b#0:FAIL-t3
2021-10-21 00:14:04,354 [87f4cda0-ffb5-4aa3-ac3a-463d681607fa@group-AA76DA738849-LeaderElection116] INFO  impl.LeaderElection (LeaderElection.java:logAndReturn(93)) -   Response 1: 87f4cda0-ffb5-4aa3-ac3a-463d681607fa<-f11f8ce1-e80f-4662-ac56-049e7a4c2ce6#0:FAIL-t3
2021-10-21 00:14:04,395 [87f4cda0-ffb5-4aa3-ac3a-463d681607fa@group-AA76DA738849-LeaderElection116] INFO  impl.LeaderElection (LeaderElection.java:askForVotes(308)) - 87f4cda0-ffb5-4aa3-ac3a-463d681607fa@group-AA76DA738849-LeaderElection116 ELECTION round 0: result REJECTED
2021-10-21 00:14:04,395 [87f4cda0-ffb5-4aa3-ac3a-463d681607fa@group-AA76DA738849-LeaderElection116] INFO  server.RaftServer$Division (RaftServerImpl.java:setRole(290)) - 87f4cda0-ffb5-4aa3-ac3a-463d681607fa@group-AA76DA738849: changes role from CANDIDATE to FOLLOWER at term 3 for REJECTED
2021-10-21 00:14:04,395 [87f4cda0-ffb5-4aa3-ac3a-463d681607fa@group-AA76DA738849-LeaderElection116] INFO  impl.RoleInfo (RoleInfo.java:shutdownLeaderElection(121)) - 87f4cda0-ffb5-4aa3-ac3a-463d681607fa: shutdown 87f4cda0-ffb5-4aa3-ac3a-463d681607fa@group-AA76DA738849-LeaderElection116
2021-10-21 00:14:04,395 [87f4cda0-ffb5-4aa3-ac3a-463d681607fa@group-AA76DA738849-LeaderElection116] INFO  impl.RoleInfo (RoleInfo.java:updateAndGet(130)) - 87f4cda0-ffb5-4aa3-ac3a-463d681607fa: start 87f4cda0-ffb5-4aa3-ac3a-463d681607fa@group-AA76DA738849-FollowerState
2021-10-21 00:14:06,472 [6c4bf312-847f-4261-b1bf-aef11305f2d7@group-0C185B61CB60-FollowerState] INFO  impl.FollowerState (FollowerState.java:run(134)) - 6c4bf312-847f-4261-b1bf-aef11305f2d7@group-0C185B61CB60-FollowerState: change to CANDIDATE, lastRpcElapsedTime:5033018307ns, electionTimeout:5021ms
2021-10-21 00:14:06,473 [6c4bf312-847f-4261-b1bf-aef11305f2d7@group-0C185B61CB60-FollowerState] INFO  impl.RoleInfo (RoleInfo.java:shutdownFollowerState(108)) - 6c4bf312-847f-4261-b1bf-aef11305f2d7: shutdown 6c4bf312-847f-4261-b1bf-aef11305f2d7@group-0C185B61CB60-FollowerState
2021-10-21 00:14:06,473 [6c4bf312-847f-4261-b1bf-aef11305f2d7@group-0C185B61CB60-FollowerState] INFO  server.RaftServer$Division (RaftServerImpl.java:setRole(290)) - 6c4bf312-847f-4261-b1bf-aef11305f2d7@group-0C185B61CB60: changes role from  FOLLOWER to CANDIDATE at term 4 for changeToCandidate
2021-10-21 00:14:06,473 [6c4bf312-847f-4261-b1bf-aef11305f2d7@group-0C185B61CB60-FollowerState] INFO  server.RaftServerConfigKeys (ConfUtils.java:logGet(44)) - raft.server.leaderelection.pre-vote = false (custom)
2021-10-21 00:14:06,473 [6c4bf312-847f-4261-b1bf-aef11305f2d7@group-0C185B61CB60-FollowerState] INFO  impl.RoleInfo (RoleInfo.java:updateAndGet(130)) - 6c4bf312-847f-4261-b1bf-aef11305f2d7: start 6c4bf312-847f-4261-b1bf-aef11305f2d7@group-0C185B61CB60-LeaderElection117
2021-10-21 00:14:06,493 [6c4bf312-847f-4261-b1bf-aef11305f2d7@group-0C185B61CB60-LeaderElection117] INFO  impl.LeaderElection (LeaderElection.java:askForVotes(306)) - 6c4bf312-847f-4261-b1bf-aef11305f2d7@group-0C185B61CB60-LeaderElection117 ELECTION round 0: submit vote requests at term 5 for -1: [5ad7e042-c272-4503-bb68-cca0083e8bfb|rpc:10.1.0.21:44457|dataStream:|priority:1, b1aa2fe7-eb40-4f9f-bfee-6ed7c04c202c|rpc:10.1.0.21:36605|dataStream:|priority:0, 6c4bf312-847f-4261-b1bf-aef11305f2d7|rpc:10.1.0.21:45071|dataStream:|priority:0], old=null
2021-10-21 00:14:06,499 [grpc-default-executor-2] INFO  server.RaftServer$Division (RaftServerImpl.java:requestVote(1046)) - 5ad7e042-c272-4503-bb68-cca0083e8bfb@group-0C185B61CB60: receive requestVote(ELECTION, 6c4bf312-847f-4261-b1bf-aef11305f2d7, group-0C185B61CB60, 5, (t:0, i:0))
2021-10-21 00:14:06,499 [grpc-default-executor-2] INFO  impl.VoteContext (VoteContext.java:log(48)) - 5ad7e042-c272-4503-bb68-cca0083e8bfb@group-0C185B61CB60-FOLLOWER: reject ELECTION from 6c4bf312-847f-4261-b1bf-aef11305f2d7: our last entry (t:2, i:0) > candidate's last entry (t:0, i:0)
2021-10-21 00:14:06,499 [grpc-default-executor-2] INFO  server.RaftServer$Division (RaftServerImpl.java:setRole(290)) - 5ad7e042-c272-4503-bb68-cca0083e8bfb@group-0C185B61CB60: changes role from  FOLLOWER to FOLLOWER at term 5 for candidate:6c4bf312-847f-4261-b1bf-aef11305f2d7
2021-10-21 00:14:06,499 [grpc-default-executor-2] INFO  impl.RoleInfo (RoleInfo.java:shutdownFollowerState(108)) - 5ad7e042-c272-4503-bb68-cca0083e8bfb: shutdown 5ad7e042-c272-4503-bb68-cca0083e8bfb@group-0C185B61CB60-FollowerState
2021-10-21 00:14:06,499 [grpc-default-executor-2] INFO  impl.RoleInfo (RoleInfo.java:updateAndGet(130)) - 5ad7e042-c272-4503-bb68-cca0083e8bfb: start 5ad7e042-c272-4503-bb68-cca0083e8bfb@group-0C185B61CB60-FollowerState
2021-10-21 00:14:06,499 [5ad7e042-c272-4503-bb68-cca0083e8bfb@group-0C185B61CB60-FollowerState] INFO  impl.FollowerState (FollowerState.java:run(143)) - 5ad7e042-c272-4503-bb68-cca0083e8bfb@group-0C185B61CB60-FollowerState was interrupted: {}
java.lang.InterruptedException: sleep interrupted
	at java.lang.Thread.sleep(Native Method)
	at java.lang.Thread.sleep(Thread.java:340)
	at java.util.concurrent.TimeUnit.sleep(TimeUnit.java:386)
	at org.apache.ratis.util.TimeDuration.sleep(TimeDuration.java:324)
	at org.apache.ratis.util.TimeDuration.sleep(TimeDuration.java:309)
	at org.apache.ratis.server.impl.FollowerState.run(FollowerState.java:118)
2021-10-21 00:14:06,500 [grpc-default-executor-1] INFO  server.RaftServer$Division (RaftServerImpl.java:requestVote(1046)) - b1aa2fe7-eb40-4f9f-bfee-6ed7c04c202c@group-0C185B61CB60: receive requestVote(ELECTION, 6c4bf312-847f-4261-b1bf-aef11305f2d7, group-0C185B61CB60, 5, (t:0, i:0))
2021-10-21 00:14:06,501 [grpc-default-executor-1] INFO  impl.VoteContext (VoteContext.java:log(48)) - b1aa2fe7-eb40-4f9f-bfee-6ed7c04c202c@group-0C185B61CB60-FOLLOWER: accept ELECTION from 6c4bf312-847f-4261-b1bf-aef11305f2d7: our priority 0 <= candidate's priority 0
2021-10-21 00:14:06,501 [grpc-default-executor-1] INFO  server.RaftServer$Division (RaftServerImpl.java:setRole(290)) - b1aa2fe7-eb40-4f9f-bfee-6ed7c04c202c@group-0C185B61CB60: changes role from  FOLLOWER to FOLLOWER at term 5 for candidate:6c4bf312-847f-4261-b1bf-aef11305f2d7
2021-10-21 00:14:06,501 [grpc-default-executor-1] INFO  impl.RoleInfo (RoleInfo.java:shutdownFollowerState(108)) - b1aa2fe7-eb40-4f9f-bfee-6ed7c04c202c: shutdown b1aa2fe7-eb40-4f9f-bfee-6ed7c04c202c@group-0C185B61CB60-FollowerState
2021-10-21 00:14:06,510 [b1aa2fe7-eb40-4f9f-bfee-6ed7c04c202c@group-0C185B61CB60-FollowerState] INFO  impl.FollowerState (FollowerState.java:run(143)) - b1aa2fe7-eb40-4f9f-bfee-6ed7c04c202c@group-0C185B61CB60-FollowerState was interrupted: {}
java.lang.InterruptedException: sleep interrupted
	at java.lang.Thread.sleep(Native Method)
	at java.lang.Thread.sleep(Thread.java:340)
	at java.util.concurrent.TimeUnit.sleep(TimeUnit.java:386)
	at org.apache.ratis.util.TimeDuration.sleep(TimeDuration.java:324)
	at org.apache.ratis.util.TimeDuration.sleep(TimeDuration.java:309)
	at org.apache.ratis.server.impl.FollowerState.run(FollowerState.java:118)
2021-10-21 00:14:06,510 [grpc-default-executor-1] INFO  impl.RoleInfo (RoleInfo.java:updateAndGet(130)) - b1aa2fe7-eb40-4f9f-bfee-6ed7c04c202c: start b1aa2fe7-eb40-4f9f-bfee-6ed7c04c202c@group-0C185B61CB60-FollowerState
2021-10-21 00:14:06,512 [grpc-default-executor-2] INFO  server.RaftServer$Division (RaftServerImpl.java:requestVote(1078)) - 5ad7e042-c272-4503-bb68-cca0083e8bfb@group-0C185B61CB60 replies to ELECTION vote request: 6c4bf312-847f-4261-b1bf-aef11305f2d7<-5ad7e042-c272-4503-bb68-cca0083e8bfb#0:FAIL-t5. Peer's state: 5ad7e042-c272-4503-bb68-cca0083e8bfb@group-0C185B61CB60:t5, leader=null, voted=null, raftlog=5ad7e042-c272-4503-bb68-cca0083e8bfb@group-0C185B61CB60-SegmentedRaftLog:OPENED:c0, conf=0: [5ad7e042-c272-4503-bb68-cca0083e8bfb|rpc:10.1.0.21:44457|dataStream:|priority:1, b1aa2fe7-eb40-4f9f-bfee-6ed7c04c202c|rpc:10.1.0.21:36605|dataStream:|priority:0, 6c4bf312-847f-4261-b1bf-aef11305f2d7|rpc:10.1.0.21:45071|dataStream:|priority:0], old=null
2021-10-21 00:14:06,513 [6c4bf312-847f-4261-b1bf-aef11305f2d7@group-0C185B61CB60-LeaderElection117] INFO  impl.LeaderElection (LeaderElection.java:logAndReturn(89)) - 6c4bf312-847f-4261-b1bf-aef11305f2d7@group-0C185B61CB60-LeaderElection117: ELECTION REJECTED received 1 response(s) and 0 exception(s):
2021-10-21 00:14:06,513 [6c4bf312-847f-4261-b1bf-aef11305f2d7@group-0C185B61CB60-LeaderElection117] INFO  impl.LeaderElection (LeaderElection.java:logAndReturn(93)) -   Response 0: 6c4bf312-847f-4261-b1bf-aef11305f2d7<-5ad7e042-c272-4503-bb68-cca0083e8bfb#0:FAIL-t5
2021-10-21 00:14:06,513 [6c4bf312-847f-4261-b1bf-aef11305f2d7@group-0C185B61CB60-LeaderElection117] INFO  impl.LeaderElection (LeaderElection.java:askForVotes(308)) - 6c4bf312-847f-4261-b1bf-aef11305f2d7@group-0C185B61CB60-LeaderElection117 ELECTION round 0: result REJECTED
2021-10-21 00:14:06,513 [6c4bf312-847f-4261-b1bf-aef11305f2d7@group-0C185B61CB60-LeaderElection117] INFO  server.RaftServer$Division (RaftServerImpl.java:setRole(290)) - 6c4bf312-847f-4261-b1bf-aef11305f2d7@group-0C185B61CB60: changes role from CANDIDATE to FOLLOWER at term 5 for REJECTED
2021-10-21 00:14:06,513 [6c4bf312-847f-4261-b1bf-aef11305f2d7@group-0C185B61CB60-LeaderElection117] INFO  impl.RoleInfo (RoleInfo.java:shutdownLeaderElection(121)) - 6c4bf312-847f-4261-b1bf-aef11305f2d7: shutdown 6c4bf312-847f-4261-b1bf-aef11305f2d7@group-0C185B61CB60-LeaderElection117
2021-10-21 00:14:06,514 [6c4bf312-847f-4261-b1bf-aef11305f2d7@group-0C185B61CB60-LeaderElection117] INFO  impl.RoleInfo (RoleInfo.java:updateAndGet(130)) - 6c4bf312-847f-4261-b1bf-aef11305f2d7: start 6c4bf312-847f-4261-b1bf-aef11305f2d7@group-0C185B61CB60-FollowerState
2021-10-21 00:14:06,514 [grpc-default-executor-1] INFO  server.RaftServer$Division (RaftServerImpl.java:requestVote(1078)) - b1aa2fe7-eb40-4f9f-bfee-6ed7c04c202c@group-0C185B61CB60 replies to ELECTION vote request: 6c4bf312-847f-4261-b1bf-aef11305f2d7<-b1aa2fe7-eb40-4f9f-bfee-6ed7c04c202c#0:OK-t5. Peer's state: b1aa2fe7-eb40-4f9f-bfee-6ed7c04c202c@group-0C185B61CB60:t5, leader=null, voted=6c4bf312-847f-4261-b1bf-aef11305f2d7, raftlog=b1aa2fe7-eb40-4f9f-bfee-6ed7c04c202c@group-0C185B61CB60-SegmentedRaftLog:OPENED:c-1, conf=-1: [5ad7e042-c272-4503-bb68-cca0083e8bfb|rpc:10.1.0.21:44457|priority:1, b1aa2fe7-eb40-4f9f-bfee-6ed7c04c202c|rpc:10.1.0.21:36605|priority:0, 6c4bf312-847f-4261-b1bf-aef11305f2d7|rpc:10.1.0.21:45071|priority:0], old=null
2021-10-21 00:14:09,223 [Listener at 127.0.0.1/34193] INFO  ozone.MiniOzoneClusterImpl (MiniOzoneClusterImpl.java:shutdown(453)) - Shutting down the Mini Ozone Cluster
2021-10-21 00:14:09,223 [Listener at 127.0.0.1/34193] INFO  ozone.MiniOzoneClusterImpl (MiniOzoneClusterImpl.java:stop(468)) - Stopping the Mini Ozone Cluster
2021-10-21 00:14:09,223 [Listener at 127.0.0.1/34193] INFO  ozone.MiniOzoneClusterImpl (MiniOzoneClusterImpl.java:stopOM(550)) - Stopping the OzoneManager
2021-10-21 00:14:09,223 [Listener at 127.0.0.1/34193] INFO  om.OzoneManager (OzoneManager.java:stop(1664)) - Stopping Ozone Manager
2021-10-21 00:14:09,223 [Listener at 127.0.0.1/34193] INFO  ipc.Server (Server.java:stop(3414)) - Stopping server on 34193
2021-10-21 00:14:09,312 [IPC Server listener on 0] INFO  ipc.Server (Server.java:run(1376)) - Stopping IPC Server listener on 0
2021-10-21 00:14:09,377 [IPC Server Responder] INFO  ipc.Server (Server.java:run(1512)) - Stopping IPC Server Responder
2021-10-21 00:14:09,377 [Listener at 127.0.0.1/34193] INFO  server.RaftServer (RaftServerProxy.java:lambda$close$6(391)) - om1: close
2021-10-21 00:14:09,378 [Listener at 127.0.0.1/34193] INFO  server.RaftServer$Division (RaftServerImpl.java:lambda$close$4(412)) - om1@group-C5BA1605619E: shutdown
2021-10-21 00:14:09,378 [Listener at 127.0.0.1/34193] INFO  util.JmxRegister (JmxRegister.java:unregister(73)) - Successfully un-registered JMX Bean with object name Ratis:service=RaftServer,group=group-C5BA1605619E,id=om1
2021-10-21 00:14:09,378 [Listener at 127.0.0.1/34193] INFO  impl.RoleInfo (RoleInfo.java:shutdownLeaderState(91)) - om1: shutdown om1@group-C5BA1605619E-LeaderStateImpl
2021-10-21 00:14:09,378 [Listener at 127.0.0.1/34193] INFO  impl.PendingRequests (PendingRequests.java:sendNotLeaderResponses(282)) - om1@group-C5BA1605619E-PendingRequests: sendNotLeaderResponses
2021-10-21 00:14:09,384 [Listener at 127.0.0.1/34193] INFO  impl.StateMachineUpdater (StateMachineUpdater.java:stopAndJoin(149)) - om1@group-C5BA1605619E-StateMachineUpdater: set stopIndex = 4
2021-10-21 00:14:09,385 [om1@group-C5BA1605619E-StateMachineUpdater] INFO  ratis.OzoneManagerStateMachine (OzoneManagerStateMachine.java:takeSnapshot(417)) - Current Snapshot Index (t:1, i:4)
2021-10-21 00:14:09,385 [om1@group-C5BA1605619E-StateMachineUpdater] INFO  impl.StateMachineUpdater (StateMachineUpdater.java:takeSnapshot(281)) - om1@group-C5BA1605619E-StateMachineUpdater: Took a snapshot at index 4
2021-10-21 00:14:09,385 [om1@group-C5BA1605619E-StateMachineUpdater] INFO  impl.StateMachineUpdater (StateMachineUpdater.java:lambda$new$0(89)) - om1@group-C5BA1605619E-StateMachineUpdater: snapshotIndex: updateIncreasingly -1 -> 4
2021-10-21 00:14:09,385 [om1@group-C5BA1605619E-StateMachineUpdater] INFO  ratis.OzoneManagerStateMachine (OzoneManagerStateMachine.java:close(471)) - StateMachine has shutdown. Shutdown OzoneManager if not already shutdown.
2021-10-21 00:14:09,387 [Listener at 127.0.0.1/34193] INFO  server.RaftServer$Division (ServerState.java:close(419)) - om1@group-C5BA1605619E: closes. applyIndex: 4
2021-10-21 00:14:09,388 [om1@group-C5BA1605619E-SegmentedRaftLogWorker] INFO  segmented.SegmentedRaftLogWorker (SegmentedRaftLogWorker.java:run(327)) - om1@group-C5BA1605619E-SegmentedRaftLogWorker was interrupted, exiting. There are 0 tasks remaining in the queue.
2021-10-21 00:14:09,395 [Listener at 127.0.0.1/34193] INFO  segmented.SegmentedRaftLogWorker (SegmentedRaftLogWorker.java:close(237)) - om1@group-C5BA1605619E-SegmentedRaftLogWorker close()
2021-10-21 00:14:09,407 [Listener at 127.0.0.1/34193] INFO  server.GrpcService (GrpcService.java:closeImpl(262)) - om1: shutdown server with port 9872 now
2021-10-21 00:14:09,419 [Listener at 127.0.0.1/34193] INFO  server.GrpcService (GrpcService.java:closeImpl(271)) - om1: shutdown server with port 9872 successfully
2021-10-21 00:14:09,419 [org.apache.ratis.util.JvmPauseMonitor$$Lambda$531/1336496959@190ea71] INFO  util.JvmPauseMonitor (JvmPauseMonitor.java:run(109)) - JvmPauseMonitor-om1: Stopped
2021-10-21 00:14:09,419 [Listener at 127.0.0.1/34193] INFO  ratis.OzoneManagerDoubleBuffer (OzoneManagerDoubleBuffer.java:stop(437)) - Stopping OMDoubleBuffer flush thread
2021-10-21 00:14:09,419 [OMDoubleBufferFlushThread] INFO  ratis.OzoneManagerDoubleBuffer (OzoneManagerDoubleBuffer.java:flushTransactions(356)) - OMDoubleBuffer flush thread OMDoubleBufferFlushThread is interrupted and will exit. OMDoubleBufferFlushThread
2021-10-21 00:14:09,420 [Listener at 127.0.0.1/34193] INFO  utils.BackgroundService (BackgroundService.java:shutdown(132)) - Shutting down service KeyDeletingService
2021-10-21 00:14:09,423 [Listener at 127.0.0.1/34193] INFO  utils.BackgroundService (BackgroundService.java:shutdown(132)) - Shutting down service DirectoryDeletingService
2021-10-21 00:14:09,425 [Listener at 127.0.0.1/34193] INFO  handler.ContextHandler (ContextHandler.java:doStop(1153)) - Stopped o.e.j.w.WebAppContext@23053fff{ozoneManager,/,null,STOPPED}{file:/home/runner/work/ozone/ozone/hadoop-ozone/integration-test/target/test-classes/webapps/ozoneManager}
2021-10-21 00:14:09,425 [Listener at 127.0.0.1/34193] INFO  server.AbstractConnector (AbstractConnector.java:doStop(381)) - Stopped ServerConnector@7423dd2b{HTTP/1.1, (http/1.1)}{0.0.0.0:0}
2021-10-21 00:14:09,426 [Listener at 127.0.0.1/34193] INFO  server.session (HouseKeeper.java:stopScavenging(149)) - node0 Stopped scavenging
2021-10-21 00:14:09,426 [Listener at 127.0.0.1/34193] INFO  handler.ContextHandler (ContextHandler.java:doStop(1153)) - Stopped o.e.j.s.ServletContextHandler@620ec9c7{static,/static,file:///home/runner/work/ozone/ozone/hadoop-ozone/integration-test/target/test-classes/webapps/static,STOPPED}
2021-10-21 00:14:09,426 [Listener at 127.0.0.1/34193] INFO  handler.ContextHandler (ContextHandler.java:doStop(1153)) - Stopped o.e.j.s.ServletContextHandler@35cc54a7{logs,/logs,file:///home/runner/work/ozone/ozone/hadoop-ozone/integration-test/target/log,STOPPED}
2021-10-21 00:14:09,439 [Listener at 127.0.0.1/34193] INFO  ozone.MiniOzoneClusterImpl (MiniOzoneClusterImpl.java:stopDatanodes(527)) - Stopping the HddsDatanodes
2021-10-21 00:14:09,499 [87f4cda0-ffb5-4aa3-ac3a-463d681607fa@group-AA76DA738849-FollowerState] INFO  impl.FollowerState (FollowerState.java:run(134)) - 87f4cda0-ffb5-4aa3-ac3a-463d681607fa@group-AA76DA738849-FollowerState: change to CANDIDATE, lastRpcElapsedTime:5103680385ns, electionTimeout:5091ms
2021-10-21 00:14:09,499 [87f4cda0-ffb5-4aa3-ac3a-463d681607fa@group-AA76DA738849-FollowerState] INFO  impl.RoleInfo (RoleInfo.java:shutdownFollowerState(108)) - 87f4cda0-ffb5-4aa3-ac3a-463d681607fa: shutdown 87f4cda0-ffb5-4aa3-ac3a-463d681607fa@group-AA76DA738849-FollowerState
2021-10-21 00:14:09,499 [87f4cda0-ffb5-4aa3-ac3a-463d681607fa@group-AA76DA738849-FollowerState] INFO  server.RaftServer$Division (RaftServerImpl.java:setRole(290)) - 87f4cda0-ffb5-4aa3-ac3a-463d681607fa@group-AA76DA738849: changes role from  FOLLOWER to CANDIDATE at term 3 for changeToCandidate
2021-10-21 00:14:09,499 [87f4cda0-ffb5-4aa3-ac3a-463d681607fa@group-AA76DA738849-FollowerState] INFO  server.RaftServerConfigKeys (ConfUtils.java:logGet(44)) - raft.server.leaderelection.pre-vote = false (custom)
2021-10-21 00:14:09,499 [87f4cda0-ffb5-4aa3-ac3a-463d681607fa@group-AA76DA738849-FollowerState] INFO  impl.RoleInfo (RoleInfo.java:updateAndGet(130)) - 87f4cda0-ffb5-4aa3-ac3a-463d681607fa: start 87f4cda0-ffb5-4aa3-ac3a-463d681607fa@group-AA76DA738849-LeaderElection118
2021-10-21 00:14:09,515 [87f4cda0-ffb5-4aa3-ac3a-463d681607fa@group-AA76DA738849-LeaderElection118] INFO  impl.LeaderElection (LeaderElection.java:askForVotes(306)) - 87f4cda0-ffb5-4aa3-ac3a-463d681607fa@group-AA76DA738849-LeaderElection118 ELECTION round 0: submit vote requests at term 4 for -1: [87f4cda0-ffb5-4aa3-ac3a-463d681607fa|rpc:10.1.0.21:43449|dataStream:|priority:0, fe031be3-9947-46ae-8b09-98e602d9361b|rpc:10.1.0.21:44461|dataStream:|priority:0, f11f8ce1-e80f-4662-ac56-049e7a4c2ce6|rpc:10.1.0.21:45621|dataStream:|priority:1], old=null
2021-10-21 00:14:09,517 [grpc-default-executor-2] INFO  server.RaftServer$Division (RaftServerImpl.java:requestVote(1046)) - fe031be3-9947-46ae-8b09-98e602d9361b@group-AA76DA738849: receive requestVote(ELECTION, 87f4cda0-ffb5-4aa3-ac3a-463d681607fa, group-AA76DA738849, 4, (t:0, i:0))
2021-10-21 00:14:09,517 [grpc-default-executor-2] INFO  impl.VoteContext (VoteContext.java:log(48)) - fe031be3-9947-46ae-8b09-98e602d9361b@group-AA76DA738849-FOLLOWER: accept ELECTION from 87f4cda0-ffb5-4aa3-ac3a-463d681607fa: our priority 0 <= candidate's priority 0
2021-10-21 00:14:09,517 [grpc-default-executor-2] INFO  server.RaftServer$Division (RaftServerImpl.java:setRole(290)) - fe031be3-9947-46ae-8b09-98e602d9361b@group-AA76DA738849: changes role from  FOLLOWER to FOLLOWER at term 4 for candidate:87f4cda0-ffb5-4aa3-ac3a-463d681607fa
2021-10-21 00:14:09,517 [grpc-default-executor-2] INFO  impl.RoleInfo (RoleInfo.java:shutdownFollowerState(108)) - fe031be3-9947-46ae-8b09-98e602d9361b: shutdown fe031be3-9947-46ae-8b09-98e602d9361b@group-AA76DA738849-FollowerState
2021-10-21 00:14:09,517 [grpc-default-executor-2] INFO  impl.RoleInfo (RoleInfo.java:updateAndGet(130)) - fe031be3-9947-46ae-8b09-98e602d9361b: start fe031be3-9947-46ae-8b09-98e602d9361b@group-AA76DA738849-FollowerState
2021-10-21 00:14:09,517 [fe031be3-9947-46ae-8b09-98e602d9361b@group-AA76DA738849-FollowerState] INFO  impl.FollowerState (FollowerState.java:run(143)) - fe031be3-9947-46ae-8b09-98e602d9361b@group-AA76DA738849-FollowerState was interrupted: {}
java.lang.InterruptedException: sleep interrupted
	at java.lang.Thread.sleep(Native Method)
	at java.lang.Thread.sleep(Thread.java:340)
	at java.util.concurrent.TimeUnit.sleep(TimeUnit.java:386)
	at org.apache.ratis.util.TimeDuration.sleep(TimeDuration.java:324)
	at org.apache.ratis.util.TimeDuration.sleep(TimeDuration.java:309)
	at org.apache.ratis.server.impl.FollowerState.run(FollowerState.java:118)
2021-10-21 00:14:09,531 [f11f8ce1-e80f-4662-ac56-049e7a4c2ce6@group-AA76DA738849-FollowerState] INFO  impl.FollowerState (FollowerState.java:run(134)) - f11f8ce1-e80f-4662-ac56-049e7a4c2ce6@group-AA76DA738849-FollowerState: change to CANDIDATE, lastRpcElapsedTime:5223776855ns, electionTimeout:5140ms
2021-10-21 00:14:09,531 [f11f8ce1-e80f-4662-ac56-049e7a4c2ce6@group-AA76DA738849-FollowerState] INFO  impl.RoleInfo (RoleInfo.java:shutdownFollowerState(108)) - f11f8ce1-e80f-4662-ac56-049e7a4c2ce6: shutdown f11f8ce1-e80f-4662-ac56-049e7a4c2ce6@group-AA76DA738849-FollowerState
2021-10-21 00:14:09,531 [f11f8ce1-e80f-4662-ac56-049e7a4c2ce6@group-AA76DA738849-FollowerState] INFO  server.RaftServer$Division (RaftServerImpl.java:setRole(290)) - f11f8ce1-e80f-4662-ac56-049e7a4c2ce6@group-AA76DA738849: changes role from  FOLLOWER to CANDIDATE at term 3 for changeToCandidate
2021-10-21 00:14:09,549 [grpc-default-executor-1] INFO  server.RaftServer$Division (RaftServerImpl.java:requestVote(1046)) - f11f8ce1-e80f-4662-ac56-049e7a4c2ce6@group-AA76DA738849: receive requestVote(ELECTION, 87f4cda0-ffb5-4aa3-ac3a-463d681607fa, group-AA76DA738849, 4, (t:0, i:0))
2021-10-21 00:14:09,573 [f11f8ce1-e80f-4662-ac56-049e7a4c2ce6@group-AA76DA738849-FollowerState] INFO  server.RaftServerConfigKeys (ConfUtils.java:logGet(44)) - raft.server.leaderelection.pre-vote = false (custom)
2021-10-21 00:14:09,574 [f11f8ce1-e80f-4662-ac56-049e7a4c2ce6@group-AA76DA738849-FollowerState] INFO  impl.RoleInfo (RoleInfo.java:updateAndGet(130)) - f11f8ce1-e80f-4662-ac56-049e7a4c2ce6: start f11f8ce1-e80f-4662-ac56-049e7a4c2ce6@group-AA76DA738849-LeaderElection119
2021-10-21 00:14:09,575 [grpc-default-executor-2] INFO  server.RaftServer$Division (RaftServerImpl.java:requestVote(1078)) - fe031be3-9947-46ae-8b09-98e602d9361b@group-AA76DA738849 replies to ELECTION vote request: 87f4cda0-ffb5-4aa3-ac3a-463d681607fa<-fe031be3-9947-46ae-8b09-98e602d9361b#0:OK-t4. Peer's state: fe031be3-9947-46ae-8b09-98e602d9361b@group-AA76DA738849:t4, leader=null, voted=87f4cda0-ffb5-4aa3-ac3a-463d681607fa, raftlog=fe031be3-9947-46ae-8b09-98e602d9361b@group-AA76DA738849-SegmentedRaftLog:OPENED:c-1, conf=-1: [87f4cda0-ffb5-4aa3-ac3a-463d681607fa|rpc:10.1.0.21:43449|priority:0, fe031be3-9947-46ae-8b09-98e602d9361b|rpc:10.1.0.21:44461|priority:0, f11f8ce1-e80f-4662-ac56-049e7a4c2ce6|rpc:10.1.0.21:45621|priority:1], old=null
2021-10-21 00:14:09,608 [grpc-default-executor-1] INFO  impl.VoteContext (VoteContext.java:log(48)) - f11f8ce1-e80f-4662-ac56-049e7a4c2ce6@group-AA76DA738849-CANDIDATE: reject ELECTION from 87f4cda0-ffb5-4aa3-ac3a-463d681607fa: already has voted for f11f8ce1-e80f-4662-ac56-049e7a4c2ce6 at current term 4
2021-10-21 00:14:09,608 [grpc-default-executor-1] INFO  server.RaftServer$Division (RaftServerImpl.java:requestVote(1078)) - f11f8ce1-e80f-4662-ac56-049e7a4c2ce6@group-AA76DA738849 replies to ELECTION vote request: 87f4cda0-ffb5-4aa3-ac3a-463d681607fa<-f11f8ce1-e80f-4662-ac56-049e7a4c2ce6#0:FAIL-t4. Peer's state: f11f8ce1-e80f-4662-ac56-049e7a4c2ce6@group-AA76DA738849:t4, leader=null, voted=f11f8ce1-e80f-4662-ac56-049e7a4c2ce6, raftlog=f11f8ce1-e80f-4662-ac56-049e7a4c2ce6@group-AA76DA738849-SegmentedRaftLog:OPENED:c-1, conf=-1: [87f4cda0-ffb5-4aa3-ac3a-463d681607fa|rpc:10.1.0.21:43449|dataStream:|priority:0, fe031be3-9947-46ae-8b09-98e602d9361b|rpc:10.1.0.21:44461|dataStream:|priority:0, f11f8ce1-e80f-4662-ac56-049e7a4c2ce6|rpc:10.1.0.21:45621|dataStream:|priority:1], old=null
2021-10-21 00:14:09,609 [f11f8ce1-e80f-4662-ac56-049e7a4c2ce6@group-AA76DA738849-LeaderElection119] INFO  impl.LeaderElection (LeaderElection.java:askForVotes(306)) - f11f8ce1-e80f-4662-ac56-049e7a4c2ce6@group-AA76DA738849-LeaderElection119 ELECTION round 0: submit vote requests at term 4 for -1: [87f4cda0-ffb5-4aa3-ac3a-463d681607fa|rpc:10.1.0.21:43449|dataStream:|priority:0, fe031be3-9947-46ae-8b09-98e602d9361b|rpc:10.1.0.21:44461|dataStream:|priority:0, f11f8ce1-e80f-4662-ac56-049e7a4c2ce6|rpc:10.1.0.21:45621|dataStream:|priority:1], old=null
2021-10-21 00:14:09,613 [87f4cda0-ffb5-4aa3-ac3a-463d681607fa@group-AA76DA738849-LeaderElection118] INFO  impl.LeaderElection (LeaderElection.java:logAndReturn(89)) - 87f4cda0-ffb5-4aa3-ac3a-463d681607fa@group-AA76DA738849-LeaderElection118: ELECTION REJECTED received 2 response(s) and 0 exception(s):
2021-10-21 00:14:09,613 [87f4cda0-ffb5-4aa3-ac3a-463d681607fa@group-AA76DA738849-LeaderElection118] INFO  impl.LeaderElection (LeaderElection.java:logAndReturn(93)) -   Response 0: 87f4cda0-ffb5-4aa3-ac3a-463d681607fa<-fe031be3-9947-46ae-8b09-98e602d9361b#0:OK-t4
2021-10-21 00:14:09,613 [87f4cda0-ffb5-4aa3-ac3a-463d681607fa@group-AA76DA738849-LeaderElection118] INFO  impl.LeaderElection (LeaderElection.java:logAndReturn(93)) -   Response 1: 87f4cda0-ffb5-4aa3-ac3a-463d681607fa<-f11f8ce1-e80f-4662-ac56-049e7a4c2ce6#0:FAIL-t4
2021-10-21 00:14:09,632 [87f4cda0-ffb5-4aa3-ac3a-463d681607fa@group-AA76DA738849-LeaderElection118] INFO  impl.LeaderElection (LeaderElection.java:askForVotes(308)) - 87f4cda0-ffb5-4aa3-ac3a-463d681607fa@group-AA76DA738849-LeaderElection118 ELECTION round 0: result REJECTED
2021-10-21 00:14:09,632 [87f4cda0-ffb5-4aa3-ac3a-463d681607fa@group-AA76DA738849-LeaderElection118] INFO  server.RaftServer$Division (RaftServerImpl.java:setRole(290)) - 87f4cda0-ffb5-4aa3-ac3a-463d681607fa@group-AA76DA738849: changes role from CANDIDATE to FOLLOWER at term 4 for REJECTED
2021-10-21 00:14:09,632 [87f4cda0-ffb5-4aa3-ac3a-463d681607fa@group-AA76DA738849-LeaderElection118] INFO  impl.RoleInfo (RoleInfo.java:shutdownLeaderElection(121)) - 87f4cda0-ffb5-4aa3-ac3a-463d681607fa: shutdown 87f4cda0-ffb5-4aa3-ac3a-463d681607fa@group-AA76DA738849-LeaderElection118
2021-10-21 00:14:09,632 [87f4cda0-ffb5-4aa3-ac3a-463d681607fa@group-AA76DA738849-LeaderElection118] INFO  impl.RoleInfo (RoleInfo.java:updateAndGet(130)) - 87f4cda0-ffb5-4aa3-ac3a-463d681607fa: start 87f4cda0-ffb5-4aa3-ac3a-463d681607fa@group-AA76DA738849-FollowerState
2021-10-21 00:14:09,672 [grpc-default-executor-1] INFO  server.RaftServer$Division (RaftServerImpl.java:requestVote(1046)) - fe031be3-9947-46ae-8b09-98e602d9361b@group-AA76DA738849: receive requestVote(ELECTION, f11f8ce1-e80f-4662-ac56-049e7a4c2ce6, group-AA76DA738849, 4, (t:0, i:0))
2021-10-21 00:14:09,672 [grpc-default-executor-1] INFO  impl.VoteContext (VoteContext.java:log(48)) - fe031be3-9947-46ae-8b09-98e602d9361b@group-AA76DA738849-FOLLOWER: reject ELECTION from f11f8ce1-e80f-4662-ac56-049e7a4c2ce6: already has voted for 87f4cda0-ffb5-4aa3-ac3a-463d681607fa at current term 4
2021-10-21 00:14:09,672 [grpc-default-executor-1] INFO  server.RaftServer$Division (RaftServerImpl.java:requestVote(1078)) - fe031be3-9947-46ae-8b09-98e602d9361b@group-AA76DA738849 replies to ELECTION vote request: f11f8ce1-e80f-4662-ac56-049e7a4c2ce6<-fe031be3-9947-46ae-8b09-98e602d9361b#0:FAIL-t4. Peer's state: fe031be3-9947-46ae-8b09-98e602d9361b@group-AA76DA738849:t4, leader=null, voted=87f4cda0-ffb5-4aa3-ac3a-463d681607fa, raftlog=fe031be3-9947-46ae-8b09-98e602d9361b@group-AA76DA738849-SegmentedRaftLog:OPENED:c-1, conf=-1: [87f4cda0-ffb5-4aa3-ac3a-463d681607fa|rpc:10.1.0.21:43449|priority:0, fe031be3-9947-46ae-8b09-98e602d9361b|rpc:10.1.0.21:44461|priority:0, f11f8ce1-e80f-4662-ac56-049e7a4c2ce6|rpc:10.1.0.21:45621|priority:1], old=null
2021-10-21 00:14:09,674 [grpc-default-executor-1] INFO  server.RaftServer$Division (RaftServerImpl.java:requestVote(1046)) - 87f4cda0-ffb5-4aa3-ac3a-463d681607fa@group-AA76DA738849: receive requestVote(ELECTION, f11f8ce1-e80f-4662-ac56-049e7a4c2ce6, group-AA76DA738849, 4, (t:0, i:0))
2021-10-21 00:14:09,674 [grpc-default-executor-1] INFO  impl.VoteContext (VoteContext.java:log(48)) - 87f4cda0-ffb5-4aa3-ac3a-463d681607fa@group-AA76DA738849-FOLLOWER: reject ELECTION from f11f8ce1-e80f-4662-ac56-049e7a4c2ce6: already has voted for 87f4cda0-ffb5-4aa3-ac3a-463d681607fa at current term 4
2021-10-21 00:14:09,674 [grpc-default-executor-1] INFO  server.RaftServer$Division (RaftServerImpl.java:requestVote(1078)) - 87f4cda0-ffb5-4aa3-ac3a-463d681607fa@group-AA76DA738849 replies to ELECTION vote request: f11f8ce1-e80f-4662-ac56-049e7a4c2ce6<-87f4cda0-ffb5-4aa3-ac3a-463d681607fa#0:FAIL-t4. Peer's state: 87f4cda0-ffb5-4aa3-ac3a-463d681607fa@group-AA76DA738849:t4, leader=null, voted=87f4cda0-ffb5-4aa3-ac3a-463d681607fa, raftlog=87f4cda0-ffb5-4aa3-ac3a-463d681607fa@group-AA76DA738849-SegmentedRaftLog:OPENED:c-1, conf=-1: [87f4cda0-ffb5-4aa3-ac3a-463d681607fa|rpc:10.1.0.21:43449|dataStream:|priority:0, fe031be3-9947-46ae-8b09-98e602d9361b|rpc:10.1.0.21:44461|dataStream:|priority:0, f11f8ce1-e80f-4662-ac56-049e7a4c2ce6|rpc:10.1.0.21:45621|dataStream:|priority:1], old=null
2021-10-21 00:14:09,679 [f11f8ce1-e80f-4662-ac56-049e7a4c2ce6@group-AA76DA738849-LeaderElection119] INFO  impl.LeaderElection (LeaderElection.java:logAndReturn(89)) - f11f8ce1-e80f-4662-ac56-049e7a4c2ce6@group-AA76DA738849-LeaderElection119: ELECTION REJECTED received 2 response(s) and 0 exception(s):
2021-10-21 00:14:09,679 [f11f8ce1-e80f-4662-ac56-049e7a4c2ce6@group-AA76DA738849-LeaderElection119] INFO  impl.LeaderElection (LeaderElection.java:logAndReturn(93)) -   Response 0: f11f8ce1-e80f-4662-ac56-049e7a4c2ce6<-87f4cda0-ffb5-4aa3-ac3a-463d681607fa#0:FAIL-t4
2021-10-21 00:14:09,679 [f11f8ce1-e80f-4662-ac56-049e7a4c2ce6@group-AA76DA738849-LeaderElection119] INFO  impl.LeaderElection (LeaderElection.java:logAndReturn(93)) -   Response 1: f11f8ce1-e80f-4662-ac56-049e7a4c2ce6<-fe031be3-9947-46ae-8b09-98e602d9361b#0:FAIL-t4
2021-10-21 00:14:09,679 [f11f8ce1-e80f-4662-ac56-049e7a4c2ce6@group-AA76DA738849-LeaderElection119] INFO  impl.LeaderElection (LeaderElection.java:askForVotes(308)) - f11f8ce1-e80f-4662-ac56-049e7a4c2ce6@group-AA76DA738849-LeaderElection119 ELECTION round 0: result REJECTED
2021-10-21 00:14:09,679 [f11f8ce1-e80f-4662-ac56-049e7a4c2ce6@group-AA76DA738849-LeaderElection119] INFO  server.RaftServer$Division (RaftServerImpl.java:setRole(290)) - f11f8ce1-e80f-4662-ac56-049e7a4c2ce6@group-AA76DA738849: changes role from CANDIDATE to FOLLOWER at term 4 for REJECTED
2021-10-21 00:14:09,679 [f11f8ce1-e80f-4662-ac56-049e7a4c2ce6@group-AA76DA738849-LeaderElection119] INFO  impl.RoleInfo (RoleInfo.java:shutdownLeaderElection(121)) - f11f8ce1-e80f-4662-ac56-049e7a4c2ce6: shutdown f11f8ce1-e80f-4662-ac56-049e7a4c2ce6@group-AA76DA738849-LeaderElection119
2021-10-21 00:14:09,679 [f11f8ce1-e80f-4662-ac56-049e7a4c2ce6@group-AA76DA738849-LeaderElection119] INFO  impl.RoleInfo (RoleInfo.java:updateAndGet(130)) - f11f8ce1-e80f-4662-ac56-049e7a4c2ce6: start f11f8ce1-e80f-4662-ac56-049e7a4c2ce6@group-AA76DA738849-FollowerState
2021-10-21 00:14:11,547 [b1aa2fe7-eb40-4f9f-bfee-6ed7c04c202c@group-0C185B61CB60-FollowerState] INFO  impl.FollowerState (FollowerState.java:run(134)) - b1aa2fe7-eb40-4f9f-bfee-6ed7c04c202c@group-0C185B61CB60-FollowerState: change to CANDIDATE, lastRpcElapsedTime:5032787389ns, electionTimeout:5032ms
2021-10-21 00:14:11,547 [b1aa2fe7-eb40-4f9f-bfee-6ed7c04c202c@group-0C185B61CB60-FollowerState] INFO  impl.RoleInfo (RoleInfo.java:shutdownFollowerState(108)) - b1aa2fe7-eb40-4f9f-bfee-6ed7c04c202c: shutdown b1aa2fe7-eb40-4f9f-bfee-6ed7c04c202c@group-0C185B61CB60-FollowerState
2021-10-21 00:14:11,547 [b1aa2fe7-eb40-4f9f-bfee-6ed7c04c202c@group-0C185B61CB60-FollowerState] INFO  server.RaftServer$Division (RaftServerImpl.java:setRole(290)) - b1aa2fe7-eb40-4f9f-bfee-6ed7c04c202c@group-0C185B61CB60: changes role from  FOLLOWER to CANDIDATE at term 5 for changeToCandidate
2021-10-21 00:14:11,547 [b1aa2fe7-eb40-4f9f-bfee-6ed7c04c202c@group-0C185B61CB60-FollowerState] INFO  server.RaftServerConfigKeys (ConfUtils.java:logGet(44)) - raft.server.leaderelection.pre-vote = false (custom)
2021-10-21 00:14:11,547 [b1aa2fe7-eb40-4f9f-bfee-6ed7c04c202c@group-0C185B61CB60-FollowerState] INFO  impl.RoleInfo (RoleInfo.java:updateAndGet(130)) - b1aa2fe7-eb40-4f9f-bfee-6ed7c04c202c: start b1aa2fe7-eb40-4f9f-bfee-6ed7c04c202c@group-0C185B61CB60-LeaderElection120
2021-10-21 00:14:11,588 [6c4bf312-847f-4261-b1bf-aef11305f2d7@group-0C185B61CB60-FollowerState] INFO  impl.FollowerState (FollowerState.java:run(134)) - 6c4bf312-847f-4261-b1bf-aef11305f2d7@group-0C185B61CB60-FollowerState: change to CANDIDATE, lastRpcElapsedTime:5074243892ns, electionTimeout:5064ms
2021-10-21 00:14:11,588 [6c4bf312-847f-4261-b1bf-aef11305f2d7@group-0C185B61CB60-FollowerState] INFO  impl.RoleInfo (RoleInfo.java:shutdownFollowerState(108)) - 6c4bf312-847f-4261-b1bf-aef11305f2d7: shutdown 6c4bf312-847f-4261-b1bf-aef11305f2d7@group-0C185B61CB60-FollowerState
2021-10-21 00:14:11,588 [6c4bf312-847f-4261-b1bf-aef11305f2d7@group-0C185B61CB60-FollowerState] INFO  server.RaftServer$Division (RaftServerImpl.java:setRole(290)) - 6c4bf312-847f-4261-b1bf-aef11305f2d7@group-0C185B61CB60: changes role from  FOLLOWER to CANDIDATE at term 5 for changeToCandidate
2021-10-21 00:14:11,602 [6c4bf312-847f-4261-b1bf-aef11305f2d7@group-0C185B61CB60-FollowerState] INFO  server.RaftServerConfigKeys (ConfUtils.java:logGet(44)) - raft.server.leaderelection.pre-vote = false (custom)
2021-10-21 00:14:11,602 [6c4bf312-847f-4261-b1bf-aef11305f2d7@group-0C185B61CB60-FollowerState] INFO  impl.RoleInfo (RoleInfo.java:updateAndGet(130)) - 6c4bf312-847f-4261-b1bf-aef11305f2d7: start 6c4bf312-847f-4261-b1bf-aef11305f2d7@group-0C185B61CB60-LeaderElection121
2021-10-21 00:14:11,629 [b1aa2fe7-eb40-4f9f-bfee-6ed7c04c202c@group-0C185B61CB60-LeaderElection120] INFO  impl.LeaderElection (LeaderElection.java:askForVotes(306)) - b1aa2fe7-eb40-4f9f-bfee-6ed7c04c202c@group-0C185B61CB60-LeaderElection120 ELECTION round 0: submit vote requests at term 6 for -1: [5ad7e042-c272-4503-bb68-cca0083e8bfb|rpc:10.1.0.21:44457|priority:1, b1aa2fe7-eb40-4f9f-bfee-6ed7c04c202c|rpc:10.1.0.21:36605|priority:0, 6c4bf312-847f-4261-b1bf-aef11305f2d7|rpc:10.1.0.21:45071|priority:0], old=null
2021-10-21 00:14:11,630 [grpc-default-executor-1] INFO  server.RaftServer$Division (RaftServerImpl.java:requestVote(1046)) - 5ad7e042-c272-4503-bb68-cca0083e8bfb@group-0C185B61CB60: receive requestVote(ELECTION, b1aa2fe7-eb40-4f9f-bfee-6ed7c04c202c, group-0C185B61CB60, 6, (t:0, i:0))
2021-10-21 00:14:11,631 [grpc-default-executor-1] INFO  impl.VoteContext (VoteContext.java:log(48)) - 5ad7e042-c272-4503-bb68-cca0083e8bfb@group-0C185B61CB60-FOLLOWER: reject ELECTION from b1aa2fe7-eb40-4f9f-bfee-6ed7c04c202c: our last entry (t:2, i:0) > candidate's last entry (t:0, i:0)
2021-10-21 00:14:11,631 [grpc-default-executor-1] INFO  server.RaftServer$Division (RaftServerImpl.java:setRole(290)) - 5ad7e042-c272-4503-bb68-cca0083e8bfb@group-0C185B61CB60: changes role from  FOLLOWER to FOLLOWER at term 6 for candidate:b1aa2fe7-eb40-4f9f-bfee-6ed7c04c202c
2021-10-21 00:14:11,631 [grpc-default-executor-1] INFO  impl.RoleInfo (RoleInfo.java:shutdownFollowerState(108)) - 5ad7e042-c272-4503-bb68-cca0083e8bfb: shutdown 5ad7e042-c272-4503-bb68-cca0083e8bfb@group-0C185B61CB60-FollowerState
2021-10-21 00:14:11,643 [6c4bf312-847f-4261-b1bf-aef11305f2d7@group-0C185B61CB60-LeaderElection121] INFO  impl.LeaderElection (LeaderElection.java:askForVotes(306)) - 6c4bf312-847f-4261-b1bf-aef11305f2d7@group-0C185B61CB60-LeaderElection121 ELECTION round 0: submit vote requests at term 6 for -1: [5ad7e042-c272-4503-bb68-cca0083e8bfb|rpc:10.1.0.21:44457|dataStream:|priority:1, b1aa2fe7-eb40-4f9f-bfee-6ed7c04c202c|rpc:10.1.0.21:36605|dataStream:|priority:0, 6c4bf312-847f-4261-b1bf-aef11305f2d7|rpc:10.1.0.21:45071|dataStream:|priority:0], old=null
2021-10-21 00:14:11,644 [grpc-default-executor-4] INFO  server.RaftServer$Division (RaftServerImpl.java:requestVote(1046)) - 6c4bf312-847f-4261-b1bf-aef11305f2d7@group-0C185B61CB60: receive requestVote(ELECTION, b1aa2fe7-eb40-4f9f-bfee-6ed7c04c202c, group-0C185B61CB60, 6, (t:0, i:0))
2021-10-21 00:14:11,645 [grpc-default-executor-4] INFO  impl.VoteContext (VoteContext.java:log(48)) - 6c4bf312-847f-4261-b1bf-aef11305f2d7@group-0C185B61CB60-CANDIDATE: reject ELECTION from b1aa2fe7-eb40-4f9f-bfee-6ed7c04c202c: already has voted for 6c4bf312-847f-4261-b1bf-aef11305f2d7 at current term 6
2021-10-21 00:14:11,645 [grpc-default-executor-4] INFO  server.RaftServer$Division (RaftServerImpl.java:requestVote(1078)) - 6c4bf312-847f-4261-b1bf-aef11305f2d7@group-0C185B61CB60 replies to ELECTION vote request: b1aa2fe7-eb40-4f9f-bfee-6ed7c04c202c<-6c4bf312-847f-4261-b1bf-aef11305f2d7#0:FAIL-t6. Peer's state: 6c4bf312-847f-4261-b1bf-aef11305f2d7@group-0C185B61CB60:t6, leader=null, voted=6c4bf312-847f-4261-b1bf-aef11305f2d7, raftlog=6c4bf312-847f-4261-b1bf-aef11305f2d7@group-0C185B61CB60-SegmentedRaftLog:OPENED:c-1, conf=-1: [5ad7e042-c272-4503-bb68-cca0083e8bfb|rpc:10.1.0.21:44457|dataStream:|priority:1, b1aa2fe7-eb40-4f9f-bfee-6ed7c04c202c|rpc:10.1.0.21:36605|dataStream:|priority:0, 6c4bf312-847f-4261-b1bf-aef11305f2d7|rpc:10.1.0.21:45071|dataStream:|priority:0], old=null
2021-10-21 00:14:11,652 [grpc-default-executor-4] INFO  server.RaftServer$Division (RaftServerImpl.java:requestVote(1046)) - 5ad7e042-c272-4503-bb68-cca0083e8bfb@group-0C185B61CB60: receive requestVote(ELECTION, 6c4bf312-847f-4261-b1bf-aef11305f2d7, group-0C185B61CB60, 6, (t:0, i:0))
2021-10-21 00:14:11,653 [grpc-default-executor-3] INFO  server.RaftServer$Division (RaftServerImpl.java:requestVote(1046)) - b1aa2fe7-eb40-4f9f-bfee-6ed7c04c202c@group-0C185B61CB60: receive requestVote(ELECTION, 6c4bf312-847f-4261-b1bf-aef11305f2d7, group-0C185B61CB60, 6, (t:0, i:0))
2021-10-21 00:14:11,653 [grpc-default-executor-3] INFO  impl.VoteContext (VoteContext.java:log(48)) - b1aa2fe7-eb40-4f9f-bfee-6ed7c04c202c@group-0C185B61CB60-CANDIDATE: reject ELECTION from 6c4bf312-847f-4261-b1bf-aef11305f2d7: already has voted for b1aa2fe7-eb40-4f9f-bfee-6ed7c04c202c at current term 6
2021-10-21 00:14:11,653 [grpc-default-executor-3] INFO  server.RaftServer$Division (RaftServerImpl.java:requestVote(1078)) - b1aa2fe7-eb40-4f9f-bfee-6ed7c04c202c@group-0C185B61CB60 replies to ELECTION vote request: 6c4bf312-847f-4261-b1bf-aef11305f2d7<-b1aa2fe7-eb40-4f9f-bfee-6ed7c04c202c#0:FAIL-t6. Peer's state: b1aa2fe7-eb40-4f9f-bfee-6ed7c04c202c@group-0C185B61CB60:t6, leader=null, voted=b1aa2fe7-eb40-4f9f-bfee-6ed7c04c202c, raftlog=b1aa2fe7-eb40-4f9f-bfee-6ed7c04c202c@group-0C185B61CB60-SegmentedRaftLog:OPENED:c-1, conf=-1: [5ad7e042-c272-4503-bb68-cca0083e8bfb|rpc:10.1.0.21:44457|priority:1, b1aa2fe7-eb40-4f9f-bfee-6ed7c04c202c|rpc:10.1.0.21:36605|priority:0, 6c4bf312-847f-4261-b1bf-aef11305f2d7|rpc:10.1.0.21:45071|priority:0], old=null
2021-10-21 00:14:11,708 [5ad7e042-c272-4503-bb68-cca0083e8bfb@group-0C185B61CB60-FollowerState] INFO  impl.FollowerState (FollowerState.java:run(127)) - 5ad7e042-c272-4503-bb68-cca0083e8bfb@group-0C185B61CB60-FollowerState: Stopping now (isRunning? false, isFollower? true)
2021-10-21 00:14:11,719 [grpc-default-executor-1] INFO  impl.RoleInfo (RoleInfo.java:updateAndGet(130)) - 5ad7e042-c272-4503-bb68-cca0083e8bfb: start 5ad7e042-c272-4503-bb68-cca0083e8bfb@group-0C185B61CB60-FollowerState
2021-10-21 00:14:11,737 [grpc-default-executor-1] INFO  server.RaftServer$Division (RaftServerImpl.java:requestVote(1078)) - 5ad7e042-c272-4503-bb68-cca0083e8bfb@group-0C185B61CB60 replies to ELECTION vote request: b1aa2fe7-eb40-4f9f-bfee-6ed7c04c202c<-5ad7e042-c272-4503-bb68-cca0083e8bfb#0:FAIL-t6. Peer's state: 5ad7e042-c272-4503-bb68-cca0083e8bfb@group-0C185B61CB60:t6, leader=null, voted=null, raftlog=5ad7e042-c272-4503-bb68-cca0083e8bfb@group-0C185B61CB60-SegmentedRaftLog:OPENED:c0, conf=0: [5ad7e042-c272-4503-bb68-cca0083e8bfb|rpc:10.1.0.21:44457|dataStream:|priority:1, b1aa2fe7-eb40-4f9f-bfee-6ed7c04c202c|rpc:10.1.0.21:36605|dataStream:|priority:0, 6c4bf312-847f-4261-b1bf-aef11305f2d7|rpc:10.1.0.21:45071|dataStream:|priority:0], old=null
2021-10-21 00:14:11,738 [grpc-default-executor-4] INFO  impl.VoteContext (VoteContext.java:log(48)) - 5ad7e042-c272-4503-bb68-cca0083e8bfb@group-0C185B61CB60-FOLLOWER: reject ELECTION from 6c4bf312-847f-4261-b1bf-aef11305f2d7: our last entry (t:2, i:0) > candidate's last entry (t:0, i:0)
2021-10-21 00:14:11,738 [grpc-default-executor-4] INFO  server.RaftServer$Division (RaftServerImpl.java:setRole(290)) - 5ad7e042-c272-4503-bb68-cca0083e8bfb@group-0C185B61CB60: changes role from  FOLLOWER to FOLLOWER at term 6 for candidate:6c4bf312-847f-4261-b1bf-aef11305f2d7
2021-10-21 00:14:11,738 [grpc-default-executor-4] INFO  impl.RoleInfo (RoleInfo.java:shutdownFollowerState(108)) - 5ad7e042-c272-4503-bb68-cca0083e8bfb: shutdown 5ad7e042-c272-4503-bb68-cca0083e8bfb@group-0C185B61CB60-FollowerState
2021-10-21 00:14:11,738 [grpc-default-executor-4] INFO  impl.RoleInfo (RoleInfo.java:updateAndGet(130)) - 5ad7e042-c272-4503-bb68-cca0083e8bfb: start 5ad7e042-c272-4503-bb68-cca0083e8bfb@group-0C185B61CB60-FollowerState
2021-10-21 00:14:11,747 [5ad7e042-c272-4503-bb68-cca0083e8bfb@group-0C185B61CB60-FollowerState] INFO  impl.FollowerState (FollowerState.java:run(143)) - 5ad7e042-c272-4503-bb68-cca0083e8bfb@group-0C185B61CB60-FollowerState was interrupted: {}
java.lang.InterruptedException: sleep interrupted
	at java.lang.Thread.sleep(Native Method)
	at java.lang.Thread.sleep(Thread.java:340)
	at java.util.concurrent.TimeUnit.sleep(TimeUnit.java:386)
	at org.apache.ratis.util.TimeDuration.sleep(TimeDuration.java:324)
	at org.apache.ratis.util.TimeDuration.sleep(TimeDuration.java:309)
	at org.apache.ratis.server.impl.FollowerState.run(FollowerState.java:118)
2021-10-21 00:14:11,755 [b1aa2fe7-eb40-4f9f-bfee-6ed7c04c202c@group-0C185B61CB60-LeaderElection120] INFO  impl.LeaderElection (LeaderElection.java:logAndReturn(89)) - b1aa2fe7-eb40-4f9f-bfee-6ed7c04c202c@group-0C185B61CB60-LeaderElection120: ELECTION REJECTED received 2 response(s) and 0 exception(s):
2021-10-21 00:14:11,755 [b1aa2fe7-eb40-4f9f-bfee-6ed7c04c202c@group-0C185B61CB60-LeaderElection120] INFO  impl.LeaderElection (LeaderElection.java:logAndReturn(93)) -   Response 0: b1aa2fe7-eb40-4f9f-bfee-6ed7c04c202c<-5ad7e042-c272-4503-bb68-cca0083e8bfb#0:FAIL-t6
2021-10-21 00:14:11,755 [b1aa2fe7-eb40-4f9f-bfee-6ed7c04c202c@group-0C185B61CB60-LeaderElection120] INFO  impl.LeaderElection (LeaderElection.java:logAndReturn(93)) -   Response 1: b1aa2fe7-eb40-4f9f-bfee-6ed7c04c202c<-6c4bf312-847f-4261-b1bf-aef11305f2d7#0:FAIL-t6
2021-10-21 00:14:11,769 [grpc-default-executor-4] INFO  server.RaftServer$Division (RaftServerImpl.java:requestVote(1078)) - 5ad7e042-c272-4503-bb68-cca0083e8bfb@group-0C185B61CB60 replies to ELECTION vote request: 6c4bf312-847f-4261-b1bf-aef11305f2d7<-5ad7e042-c272-4503-bb68-cca0083e8bfb#0:FAIL-t6. Peer's state: 5ad7e042-c272-4503-bb68-cca0083e8bfb@group-0C185B61CB60:t6, leader=null, voted=null, raftlog=5ad7e042-c272-4503-bb68-cca0083e8bfb@group-0C185B61CB60-SegmentedRaftLog:OPENED:c0, conf=0: [5ad7e042-c272-4503-bb68-cca0083e8bfb|rpc:10.1.0.21:44457|dataStream:|priority:1, b1aa2fe7-eb40-4f9f-bfee-6ed7c04c202c|rpc:10.1.0.21:36605|dataStream:|priority:0, 6c4bf312-847f-4261-b1bf-aef11305f2d7|rpc:10.1.0.21:45071|dataStream:|priority:0], old=null
2021-10-21 00:14:11,770 [6c4bf312-847f-4261-b1bf-aef11305f2d7@group-0C185B61CB60-LeaderElection121] INFO  impl.LeaderElection (LeaderElection.java:logAndReturn(89)) - 6c4bf312-847f-4261-b1bf-aef11305f2d7@group-0C185B61CB60-LeaderElection121: ELECTION REJECTED received 2 response(s) and 0 exception(s):
2021-10-21 00:14:11,770 [b1aa2fe7-eb40-4f9f-bfee-6ed7c04c202c@group-0C185B61CB60-LeaderElection120] INFO  impl.LeaderElection (LeaderElection.java:askForVotes(308)) - b1aa2fe7-eb40-4f9f-bfee-6ed7c04c202c@group-0C185B61CB60-LeaderElection120 ELECTION round 0: result REJECTED
2021-10-21 00:14:11,770 [b1aa2fe7-eb40-4f9f-bfee-6ed7c04c202c@group-0C185B61CB60-LeaderElection120] INFO  server.RaftServer$Division (RaftServerImpl.java:setRole(290)) - b1aa2fe7-eb40-4f9f-bfee-6ed7c04c202c@group-0C185B61CB60: changes role from CANDIDATE to FOLLOWER at term 6 for REJECTED
2021-10-21 00:14:11,770 [b1aa2fe7-eb40-4f9f-bfee-6ed7c04c202c@group-0C185B61CB60-LeaderElection120] INFO  impl.RoleInfo (RoleInfo.java:shutdownLeaderElection(121)) - b1aa2fe7-eb40-4f9f-bfee-6ed7c04c202c: shutdown b1aa2fe7-eb40-4f9f-bfee-6ed7c04c202c@group-0C185B61CB60-LeaderElection120
2021-10-21 00:14:11,770 [b1aa2fe7-eb40-4f9f-bfee-6ed7c04c202c@group-0C185B61CB60-LeaderElection120] INFO  impl.RoleInfo (RoleInfo.java:updateAndGet(130)) - b1aa2fe7-eb40-4f9f-bfee-6ed7c04c202c: start b1aa2fe7-eb40-4f9f-bfee-6ed7c04c202c@group-0C185B61CB60-FollowerState
2021-10-21 00:14:11,770 [6c4bf312-847f-4261-b1bf-aef11305f2d7@group-0C185B61CB60-LeaderElection121] INFO  impl.LeaderElection (LeaderElection.java:logAndReturn(93)) -   Response 0: 6c4bf312-847f-4261-b1bf-aef11305f2d7<-b1aa2fe7-eb40-4f9f-bfee-6ed7c04c202c#0:FAIL-t6
2021-10-21 00:14:11,770 [6c4bf312-847f-4261-b1bf-aef11305f2d7@group-0C185B61CB60-LeaderElection121] INFO  impl.LeaderElection (LeaderElection.java:logAndReturn(93)) -   Response 1: 6c4bf312-847f-4261-b1bf-aef11305f2d7<-5ad7e042-c272-4503-bb68-cca0083e8bfb#0:FAIL-t6
2021-10-21 00:14:11,787 [6c4bf312-847f-4261-b1bf-aef11305f2d7@group-0C185B61CB60-LeaderElection121] INFO  impl.LeaderElection (LeaderElection.java:askForVotes(308)) - 6c4bf312-847f-4261-b1bf-aef11305f2d7@group-0C185B61CB60-LeaderElection121 ELECTION round 0: result REJECTED
2021-10-21 00:14:11,787 [6c4bf312-847f-4261-b1bf-aef11305f2d7@group-0C185B61CB60-LeaderElection121] INFO  server.RaftServer$Division (RaftServerImpl.java:setRole(290)) - 6c4bf312-847f-4261-b1bf-aef11305f2d7@group-0C185B61CB60: changes role from CANDIDATE to FOLLOWER at term 6 for REJECTED
2021-10-21 00:14:11,787 [6c4bf312-847f-4261-b1bf-aef11305f2d7@group-0C185B61CB60-LeaderElection121] INFO  impl.RoleInfo (RoleInfo.java:shutdownLeaderElection(121)) - 6c4bf312-847f-4261-b1bf-aef11305f2d7: shutdown 6c4bf312-847f-4261-b1bf-aef11305f2d7@group-0C185B61CB60-LeaderElection121
2021-10-21 00:14:11,787 [6c4bf312-847f-4261-b1bf-aef11305f2d7@group-0C185B61CB60-LeaderElection121] INFO  impl.RoleInfo (RoleInfo.java:updateAndGet(130)) - 6c4bf312-847f-4261-b1bf-aef11305f2d7: start 6c4bf312-847f-4261-b1bf-aef11305f2d7@group-0C185B61CB60-FollowerState
2021-10-21 00:14:14,450 [Listener at 127.0.0.1/34193] INFO  ozoneimpl.OzoneContainer (OzoneContainer.java:stop(325)) - Attempting to stop container services.
2021-10-21 00:14:14,451 [Listener at 127.0.0.1/34193] INFO  server.RaftServer (RaftServerProxy.java:lambda$close$6(391)) - 5ad7e042-c272-4503-bb68-cca0083e8bfb: close
2021-10-21 00:14:14,451 [Listener at 127.0.0.1/34193] INFO  server.RaftServer$Division (RaftServerImpl.java:lambda$close$4(412)) - 5ad7e042-c272-4503-bb68-cca0083e8bfb@group-E5DA313F72DE: shutdown
2021-10-21 00:14:14,451 [Listener at 127.0.0.1/34193] INFO  util.JmxRegister (JmxRegister.java:unregister(73)) - Successfully un-registered JMX Bean with object name Ratis:service=RaftServer,group=group-E5DA313F72DE,id=5ad7e042-c272-4503-bb68-cca0083e8bfb
2021-10-21 00:14:14,451 [Listener at 127.0.0.1/34193] INFO  impl.RoleInfo (RoleInfo.java:shutdownLeaderState(91)) - 5ad7e042-c272-4503-bb68-cca0083e8bfb: shutdown 5ad7e042-c272-4503-bb68-cca0083e8bfb@group-E5DA313F72DE-LeaderStateImpl
2021-10-21 00:14:14,452 [Listener at 127.0.0.1/34193] INFO  impl.PendingRequests (PendingRequests.java:sendNotLeaderResponses(282)) - 5ad7e042-c272-4503-bb68-cca0083e8bfb@group-E5DA313F72DE-PendingRequests: sendNotLeaderResponses
2021-10-21 00:14:14,453 [5ad7e042-c272-4503-bb68-cca0083e8bfb@group-E5DA313F72DE-StateMachineUpdater] INFO  ratis.ContainerStateMachine (ContainerStateMachine.java:takeSnapshot(292)) - group-E5DA313F72DE: Taking a snapshot at:(t:1, i:0) file /home/runner/work/ozone/ozone/hadoop-ozone/integration-test/target/test-dir/MiniOzoneClusterImpl-0ff56402-746c-4b46-aacb-40edab3b56db/datanode-4/data/ratis/9d13e69d-5ca4-4e6e-b123-e5da313f72de/sm/snapshot.1_0
2021-10-21 00:14:14,454 [Listener at 127.0.0.1/34193] INFO  impl.StateMachineUpdater (StateMachineUpdater.java:stopAndJoin(149)) - 5ad7e042-c272-4503-bb68-cca0083e8bfb@group-E5DA313F72DE-StateMachineUpdater: set stopIndex = 0
2021-10-21 00:14:14,455 [ForkJoinPool.commonPool-worker-0] INFO  ozoneimpl.OzoneContainer (OzoneContainer.java:stop(325)) - Attempting to stop container services.
2021-10-21 00:14:14,455 [5ad7e042-c272-4503-bb68-cca0083e8bfb@group-E5DA313F72DE-StateMachineUpdater] INFO  ratis.ContainerStateMachine (ContainerStateMachine.java:takeSnapshot(303)) - group-E5DA313F72DE: Finished taking a snapshot at:(t:1, i:0) file:/home/runner/work/ozone/ozone/hadoop-ozone/integration-test/target/test-dir/MiniOzoneClusterImpl-0ff56402-746c-4b46-aacb-40edab3b56db/datanode-4/data/ratis/9d13e69d-5ca4-4e6e-b123-e5da313f72de/sm/snapshot.1_0 took: 1 ms
2021-10-21 00:14:14,455 [5ad7e042-c272-4503-bb68-cca0083e8bfb@group-E5DA313F72DE-StateMachineUpdater] INFO  impl.StateMachineUpdater (StateMachineUpdater.java:takeSnapshot(281)) - 5ad7e042-c272-4503-bb68-cca0083e8bfb@group-E5DA313F72DE-StateMachineUpdater: Took a snapshot at index 0
2021-10-21 00:14:14,455 [5ad7e042-c272-4503-bb68-cca0083e8bfb@group-E5DA313F72DE-StateMachineUpdater] INFO  impl.StateMachineUpdater (StateMachineUpdater.java:lambda$new$0(89)) - 5ad7e042-c272-4503-bb68-cca0083e8bfb@group-E5DA313F72DE-StateMachineUpdater: snapshotIndex: updateIncreasingly -1 -> 0
2021-10-21 00:14:14,456 [Listener at 127.0.0.1/34193] INFO  server.RaftServer$Division (ServerState.java:close(419)) - 5ad7e042-c272-4503-bb68-cca0083e8bfb@group-E5DA313F72DE: closes. applyIndex: 0
2021-10-21 00:14:14,456 [ForkJoinPool.commonPool-worker-0] INFO  server.RaftServer (RaftServerProxy.java:lambda$close$6(391)) - 43a8bf6a-c132-4b01-9df6-8da121d8da0e: close
2021-10-21 00:14:14,456 [ForkJoinPool.commonPool-worker-0] INFO  server.RaftServer$Division (RaftServerImpl.java:lambda$close$4(412)) - 43a8bf6a-c132-4b01-9df6-8da121d8da0e@group-86C50B6AC0F0: shutdown
2021-10-21 00:14:14,456 [ForkJoinPool.commonPool-worker-0] INFO  util.JmxRegister (JmxRegister.java:unregister(73)) - Successfully un-registered JMX Bean with object name Ratis:service=RaftServer,group=group-86C50B6AC0F0,id=43a8bf6a-c132-4b01-9df6-8da121d8da0e
2021-10-21 00:14:14,456 [ForkJoinPool.commonPool-worker-0] INFO  impl.RoleInfo (RoleInfo.java:shutdownLeaderState(91)) - 43a8bf6a-c132-4b01-9df6-8da121d8da0e: shutdown 43a8bf6a-c132-4b01-9df6-8da121d8da0e@group-86C50B6AC0F0-LeaderStateImpl
2021-10-21 00:14:14,456 [ForkJoinPool.commonPool-worker-0] INFO  impl.PendingRequests (PendingRequests.java:sendNotLeaderResponses(282)) - 43a8bf6a-c132-4b01-9df6-8da121d8da0e@group-86C50B6AC0F0-PendingRequests: sendNotLeaderResponses
2021-10-21 00:14:14,457 [ForkJoinPool.commonPool-worker-0] INFO  impl.StateMachineUpdater (StateMachineUpdater.java:stopAndJoin(149)) - 43a8bf6a-c132-4b01-9df6-8da121d8da0e@group-86C50B6AC0F0-StateMachineUpdater: set stopIndex = 0
2021-10-21 00:14:14,457 [43a8bf6a-c132-4b01-9df6-8da121d8da0e@group-86C50B6AC0F0-StateMachineUpdater] INFO  ratis.ContainerStateMachine (ContainerStateMachine.java:takeSnapshot(292)) - group-86C50B6AC0F0: Taking a snapshot at:(t:1, i:0) file /home/runner/work/ozone/ozone/hadoop-ozone/integration-test/target/test-dir/MiniOzoneClusterImpl-0ff56402-746c-4b46-aacb-40edab3b56db/datanode-2/data/ratis/6cbfd236-6fcc-48ae-966f-86c50b6ac0f0/sm/snapshot.1_0
2021-10-21 00:14:14,458 [5ad7e042-c272-4503-bb68-cca0083e8bfb@group-E5DA313F72DE-SegmentedRaftLogWorker] INFO  segmented.SegmentedRaftLogWorker (SegmentedRaftLogWorker.java:run(327)) - 5ad7e042-c272-4503-bb68-cca0083e8bfb@group-E5DA313F72DE-SegmentedRaftLogWorker was interrupted, exiting. There are 0 tasks remaining in the queue.
2021-10-21 00:14:14,458 [43a8bf6a-c132-4b01-9df6-8da121d8da0e@group-86C50B6AC0F0-StateMachineUpdater] INFO  ratis.ContainerStateMachine (ContainerStateMachine.java:takeSnapshot(303)) - group-86C50B6AC0F0: Finished taking a snapshot at:(t:1, i:0) file:/home/runner/work/ozone/ozone/hadoop-ozone/integration-test/target/test-dir/MiniOzoneClusterImpl-0ff56402-746c-4b46-aacb-40edab3b56db/datanode-2/data/ratis/6cbfd236-6fcc-48ae-966f-86c50b6ac0f0/sm/snapshot.1_0 took: 1 ms
2021-10-21 00:14:14,458 [43a8bf6a-c132-4b01-9df6-8da121d8da0e@group-86C50B6AC0F0-StateMachineUpdater] INFO  impl.StateMachineUpdater (StateMachineUpdater.java:takeSnapshot(281)) - 43a8bf6a-c132-4b01-9df6-8da121d8da0e@group-86C50B6AC0F0-StateMachineUpdater: Took a snapshot at index 0
2021-10-21 00:14:14,458 [43a8bf6a-c132-4b01-9df6-8da121d8da0e@group-86C50B6AC0F0-StateMachineUpdater] INFO  impl.StateMachineUpdater (StateMachineUpdater.java:lambda$new$0(89)) - 43a8bf6a-c132-4b01-9df6-8da121d8da0e@group-86C50B6AC0F0-StateMachineUpdater: snapshotIndex: updateIncreasingly -1 -> 0
2021-10-21 00:14:14,459 [ForkJoinPool.commonPool-worker-0] INFO  server.RaftServer$Division (ServerState.java:close(419)) - 43a8bf6a-c132-4b01-9df6-8da121d8da0e@group-86C50B6AC0F0: closes. applyIndex: 0
2021-10-21 00:14:14,459 [43a8bf6a-c132-4b01-9df6-8da121d8da0e@group-86C50B6AC0F0-SegmentedRaftLogWorker] INFO  segmented.SegmentedRaftLogWorker (SegmentedRaftLogWorker.java:run(327)) - 43a8bf6a-c132-4b01-9df6-8da121d8da0e@group-86C50B6AC0F0-SegmentedRaftLogWorker was interrupted, exiting. There are 0 tasks remaining in the queue.
2021-10-21 00:14:14,545 [ForkJoinPool.commonPool-worker-0] INFO  segmented.SegmentedRaftLogWorker (SegmentedRaftLogWorker.java:close(237)) - 43a8bf6a-c132-4b01-9df6-8da121d8da0e@group-86C50B6AC0F0-SegmentedRaftLogWorker close()
2021-10-21 00:14:14,545 [Listener at 127.0.0.1/34193] INFO  segmented.SegmentedRaftLogWorker (SegmentedRaftLogWorker.java:close(237)) - 5ad7e042-c272-4503-bb68-cca0083e8bfb@group-E5DA313F72DE-SegmentedRaftLogWorker close()
2021-10-21 00:14:14,547 [ForkJoinPool.commonPool-worker-0] INFO  server.RaftServer$Division (RaftServerImpl.java:lambda$close$4(412)) - 43a8bf6a-c132-4b01-9df6-8da121d8da0e@group-1ABE1F802D80: shutdown
2021-10-21 00:14:14,548 [ForkJoinPool.commonPool-worker-0] INFO  util.JmxRegister (JmxRegister.java:unregister(73)) - Successfully un-registered JMX Bean with object name Ratis:service=RaftServer,group=group-1ABE1F802D80,id=43a8bf6a-c132-4b01-9df6-8da121d8da0e
2021-10-21 00:14:14,548 [ForkJoinPool.commonPool-worker-0] INFO  impl.RoleInfo (RoleInfo.java:shutdownLeaderState(91)) - 43a8bf6a-c132-4b01-9df6-8da121d8da0e: shutdown 43a8bf6a-c132-4b01-9df6-8da121d8da0e@group-1ABE1F802D80-LeaderStateImpl
2021-10-21 00:14:14,548 [ForkJoinPool.commonPool-worker-0] INFO  impl.PendingRequests (PendingRequests.java:sendNotLeaderResponses(282)) - 43a8bf6a-c132-4b01-9df6-8da121d8da0e@group-1ABE1F802D80-PendingRequests: sendNotLeaderResponses
2021-10-21 00:14:14,549 [ForkJoinPool.commonPool-worker-0] INFO  impl.StateMachineUpdater (StateMachineUpdater.java:stopAndJoin(149)) - 43a8bf6a-c132-4b01-9df6-8da121d8da0e@group-1ABE1F802D80-StateMachineUpdater: set stopIndex = 0
2021-10-21 00:14:14,550 [43a8bf6a-c132-4b01-9df6-8da121d8da0e@group-1ABE1F802D80-StateMachineUpdater] INFO  ratis.ContainerStateMachine (ContainerStateMachine.java:takeSnapshot(292)) - group-1ABE1F802D80: Taking a snapshot at:(t:4, i:0) file /home/runner/work/ozone/ozone/hadoop-ozone/integration-test/target/test-dir/MiniOzoneClusterImpl-0ff56402-746c-4b46-aacb-40edab3b56db/datanode-2/data/ratis/d739659e-f08f-42ab-8521-1abe1f802d80/sm/snapshot.4_0
2021-10-21 00:14:14,552 [43a8bf6a-c132-4b01-9df6-8da121d8da0e@group-1ABE1F802D80-StateMachineUpdater] INFO  ratis.ContainerStateMachine (ContainerStateMachine.java:takeSnapshot(303)) - group-1ABE1F802D80: Finished taking a snapshot at:(t:4, i:0) file:/home/runner/work/ozone/ozone/hadoop-ozone/integration-test/target/test-dir/MiniOzoneClusterImpl-0ff56402-746c-4b46-aacb-40edab3b56db/datanode-2/data/ratis/d739659e-f08f-42ab-8521-1abe1f802d80/sm/snapshot.4_0 took: 2 ms
2021-10-21 00:14:14,552 [43a8bf6a-c132-4b01-9df6-8da121d8da0e@group-1ABE1F802D80-StateMachineUpdater] INFO  impl.StateMachineUpdater (StateMachineUpdater.java:takeSnapshot(281)) - 43a8bf6a-c132-4b01-9df6-8da121d8da0e@group-1ABE1F802D80-StateMachineUpdater: Took a snapshot at index 0
2021-10-21 00:14:14,552 [43a8bf6a-c132-4b01-9df6-8da121d8da0e@group-1ABE1F802D80-StateMachineUpdater] INFO  impl.StateMachineUpdater (StateMachineUpdater.java:lambda$new$0(89)) - 43a8bf6a-c132-4b01-9df6-8da121d8da0e@group-1ABE1F802D80-StateMachineUpdater: snapshotIndex: updateIncreasingly -1 -> 0
2021-10-21 00:14:14,552 [ForkJoinPool.commonPool-worker-0] INFO  server.RaftServer$Division (ServerState.java:close(419)) - 43a8bf6a-c132-4b01-9df6-8da121d8da0e@group-1ABE1F802D80: closes. applyIndex: 0
2021-10-21 00:14:14,555 [43a8bf6a-c132-4b01-9df6-8da121d8da0e@group-1ABE1F802D80->385ed75d-b5f2-4976-82ca-03b327f31da0-GrpcLogAppender-LogAppenderDaemon] WARN  server.GrpcLogAppender (GrpcLogAppender.java:mayWait(177)) - 43a8bf6a-c132-4b01-9df6-8da121d8da0e@group-1ABE1F802D80->385ed75d-b5f2-4976-82ca-03b327f31da0-GrpcLogAppender: Wait interrupted by java.lang.InterruptedException
2021-10-21 00:14:14,555 [43a8bf6a-c132-4b01-9df6-8da121d8da0e@group-1ABE1F802D80->b064551b-1fe0-41a9-91d7-ea536b2590c0-GrpcLogAppender-LogAppenderDaemon] WARN  server.GrpcLogAppender (GrpcLogAppender.java:mayWait(177)) - 43a8bf6a-c132-4b01-9df6-8da121d8da0e@group-1ABE1F802D80->b064551b-1fe0-41a9-91d7-ea536b2590c0-GrpcLogAppender: Wait interrupted by java.lang.InterruptedException
2021-10-21 00:14:14,555 [43a8bf6a-c132-4b01-9df6-8da121d8da0e@group-1ABE1F802D80-SegmentedRaftLogWorker] INFO  segmented.SegmentedRaftLogWorker (SegmentedRaftLogWorker.java:run(327)) - 43a8bf6a-c132-4b01-9df6-8da121d8da0e@group-1ABE1F802D80-SegmentedRaftLogWorker was interrupted, exiting. There are 0 tasks remaining in the queue.
2021-10-21 00:14:14,556 [grpc-default-executor-1] INFO  server.GrpcServerProtocolService (GrpcServerProtocolService.java:onCompleted(140)) - b064551b-1fe0-41a9-91d7-ea536b2590c0: Completed APPEND_ENTRIES, lastRequest: 43a8bf6a-c132-4b01-9df6-8da121d8da0e->b064551b-1fe0-41a9-91d7-ea536b2590c0#1-t4,previous=(t:0, i:0),leaderCommit=-1,initializing? true,entries: size=1, first=(t:4, i:0), CONFIGURATIONENTRY
2021-10-21 00:14:14,556 [grpc-default-executor-4] INFO  server.GrpcServerProtocolService (GrpcServerProtocolService.java:onCompleted(140)) - 385ed75d-b5f2-4976-82ca-03b327f31da0: Completed APPEND_ENTRIES, lastRequest: 43a8bf6a-c132-4b01-9df6-8da121d8da0e->385ed75d-b5f2-4976-82ca-03b327f31da0#1-t4,previous=(t:0, i:0),leaderCommit=-1,initializing? true,entries: size=1, first=(t:4, i:0), CONFIGURATIONENTRY
2021-10-21 00:14:14,559 [grpc-default-executor-3] INFO  server.GrpcLogAppender (GrpcLogAppender.java:onCompleted(346)) - 43a8bf6a-c132-4b01-9df6-8da121d8da0e@group-1ABE1F802D80->385ed75d-b5f2-4976-82ca-03b327f31da0-AppendLogResponseHandler: follower responses appendEntries COMPLETED
2021-10-21 00:14:14,559 [grpc-default-executor-3] INFO  leader.FollowerInfo (FollowerInfoImpl.java:lambda$new$0(47)) - 43a8bf6a-c132-4b01-9df6-8da121d8da0e@group-1ABE1F802D80->385ed75d-b5f2-4976-82ca-03b327f31da0: nextIndex: updateUnconditionally 1 -> 0
2021-10-21 00:14:14,570 [Listener at 127.0.0.1/34193] INFO  server.RaftServer$Division (RaftServerImpl.java:lambda$close$4(412)) - 5ad7e042-c272-4503-bb68-cca0083e8bfb@group-0C185B61CB60: shutdown
2021-10-21 00:14:14,570 [Listener at 127.0.0.1/34193] INFO  util.JmxRegister (JmxRegister.java:unregister(73)) - Successfully un-registered JMX Bean with object name Ratis:service=RaftServer,group=group-0C185B61CB60,id=5ad7e042-c272-4503-bb68-cca0083e8bfb
2021-10-21 00:14:14,570 [Listener at 127.0.0.1/34193] INFO  impl.RoleInfo (RoleInfo.java:shutdownFollowerState(108)) - 5ad7e042-c272-4503-bb68-cca0083e8bfb: shutdown 5ad7e042-c272-4503-bb68-cca0083e8bfb@group-0C185B61CB60-FollowerState
2021-10-21 00:14:14,570 [Listener at 127.0.0.1/34193] INFO  impl.StateMachineUpdater (StateMachineUpdater.java:stopAndJoin(149)) - 5ad7e042-c272-4503-bb68-cca0083e8bfb@group-0C185B61CB60-StateMachineUpdater: set stopIndex = 0
2021-10-21 00:14:14,570 [5ad7e042-c272-4503-bb68-cca0083e8bfb@group-0C185B61CB60-FollowerState] INFO  impl.FollowerState (FollowerState.java:run(143)) - 5ad7e042-c272-4503-bb68-cca0083e8bfb@group-0C185B61CB60-FollowerState was interrupted: {}
java.lang.InterruptedException: sleep interrupted
	at java.lang.Thread.sleep(Native Method)
	at java.lang.Thread.sleep(Thread.java:340)
	at java.util.concurrent.TimeUnit.sleep(TimeUnit.java:386)
	at org.apache.ratis.util.TimeDuration.sleep(TimeDuration.java:324)
	at org.apache.ratis.util.TimeDuration.sleep(TimeDuration.java:309)
	at org.apache.ratis.server.impl.FollowerState.run(FollowerState.java:118)
2021-10-21 00:14:14,571 [5ad7e042-c272-4503-bb68-cca0083e8bfb@group-0C185B61CB60-StateMachineUpdater] INFO  ratis.ContainerStateMachine (ContainerStateMachine.java:takeSnapshot(292)) - group-0C185B61CB60: Taking a snapshot at:(t:2, i:0) file /home/runner/work/ozone/ozone/hadoop-ozone/integration-test/target/test-dir/MiniOzoneClusterImpl-0ff56402-746c-4b46-aacb-40edab3b56db/datanode-4/data/ratis/1b019f85-e068-433d-8e86-0c185b61cb60/sm/snapshot.2_0
2021-10-21 00:14:14,572 [ForkJoinPool.commonPool-worker-0] INFO  segmented.SegmentedRaftLogWorker (SegmentedRaftLogWorker.java:close(237)) - 43a8bf6a-c132-4b01-9df6-8da121d8da0e@group-1ABE1F802D80-SegmentedRaftLogWorker close()
2021-10-21 00:14:14,572 [5ad7e042-c272-4503-bb68-cca0083e8bfb@group-0C185B61CB60-StateMachineUpdater] INFO  ratis.ContainerStateMachine (ContainerStateMachine.java:takeSnapshot(303)) - group-0C185B61CB60: Finished taking a snapshot at:(t:2, i:0) file:/home/runner/work/ozone/ozone/hadoop-ozone/integration-test/target/test-dir/MiniOzoneClusterImpl-0ff56402-746c-4b46-aacb-40edab3b56db/datanode-4/data/ratis/1b019f85-e068-433d-8e86-0c185b61cb60/sm/snapshot.2_0 took: 0 ms
2021-10-21 00:14:14,572 [5ad7e042-c272-4503-bb68-cca0083e8bfb@group-0C185B61CB60-StateMachineUpdater] INFO  impl.StateMachineUpdater (StateMachineUpdater.java:takeSnapshot(281)) - 5ad7e042-c272-4503-bb68-cca0083e8bfb@group-0C185B61CB60-StateMachineUpdater: Took a snapshot at index 0
2021-10-21 00:14:14,572 [5ad7e042-c272-4503-bb68-cca0083e8bfb@group-0C185B61CB60-StateMachineUpdater] INFO  impl.StateMachineUpdater (StateMachineUpdater.java:lambda$new$0(89)) - 5ad7e042-c272-4503-bb68-cca0083e8bfb@group-0C185B61CB60-StateMachineUpdater: snapshotIndex: updateIncreasingly -1 -> 0
2021-10-21 00:14:14,573 [Listener at 127.0.0.1/34193] INFO  server.RaftServer$Division (ServerState.java:close(419)) - 5ad7e042-c272-4503-bb68-cca0083e8bfb@group-0C185B61CB60: closes. applyIndex: 0
2021-10-21 00:14:14,573 [5ad7e042-c272-4503-bb68-cca0083e8bfb@group-0C185B61CB60-SegmentedRaftLogWorker] INFO  segmented.SegmentedRaftLogWorker (SegmentedRaftLogWorker.java:run(327)) - 5ad7e042-c272-4503-bb68-cca0083e8bfb@group-0C185B61CB60-SegmentedRaftLogWorker was interrupted, exiting. There are 0 tasks remaining in the queue.
2021-10-21 00:14:14,587 [Listener at 127.0.0.1/34193] INFO  segmented.SegmentedRaftLogWorker (SegmentedRaftLogWorker.java:close(237)) - 5ad7e042-c272-4503-bb68-cca0083e8bfb@group-0C185B61CB60-SegmentedRaftLogWorker close()
2021-10-21 00:14:14,587 [ForkJoinPool.commonPool-worker-0] INFO  server.GrpcService (GrpcService.java:closeImpl(262)) - 43a8bf6a-c132-4b01-9df6-8da121d8da0e: shutdown server with port 44683 now
2021-10-21 00:14:14,599 [grpc-default-executor-1] INFO  server.GrpcLogAppender (GrpcLogAppender.java:onCompleted(346)) - 43a8bf6a-c132-4b01-9df6-8da121d8da0e@group-1ABE1F802D80->b064551b-1fe0-41a9-91d7-ea536b2590c0-AppendLogResponseHandler: follower responses appendEntries COMPLETED
2021-10-21 00:14:14,599 [grpc-default-executor-1] INFO  leader.FollowerInfo (FollowerInfoImpl.java:lambda$new$0(47)) - 43a8bf6a-c132-4b01-9df6-8da121d8da0e@group-1ABE1F802D80->b064551b-1fe0-41a9-91d7-ea536b2590c0: nextIndex: updateUnconditionally 1 -> 0
2021-10-21 00:14:14,594 [Listener at 127.0.0.1/34193] INFO  server.GrpcService (GrpcService.java:closeImpl(262)) - 5ad7e042-c272-4503-bb68-cca0083e8bfb: shutdown server with port 44457 now
2021-10-21 00:14:14,607 [grpc-default-executor-4] WARN  client.GrpcClientProtocolService (LogUtils.java:warn(122)) - 1-OrderedRequestStreamObserver1: onError: org.apache.ratis.thirdparty.io.grpc.StatusRuntimeException: CANCELLED: client cancelled
2021-10-21 00:14:14,620 [ForkJoinPool.commonPool-worker-0] INFO  server.GrpcService (GrpcService.java:closeImpl(271)) - 43a8bf6a-c132-4b01-9df6-8da121d8da0e: shutdown server with port 44683 successfully
2021-10-21 00:14:14,620 [org.apache.ratis.util.JvmPauseMonitor$$Lambda$531/1336496959@2b93a648] INFO  util.JvmPauseMonitor (JvmPauseMonitor.java:run(109)) - JvmPauseMonitor-43a8bf6a-c132-4b01-9df6-8da121d8da0e: Stopped
2021-10-21 00:14:14,664 [ForkJoinPool.commonPool-worker-0] INFO  utils.BackgroundService (BackgroundService.java:shutdown(132)) - Shutting down service BlockDeletingService
2021-10-21 00:14:14,775 [Listener at 127.0.0.1/34193] INFO  server.GrpcService (GrpcService.java:closeImpl(271)) - 5ad7e042-c272-4503-bb68-cca0083e8bfb: shutdown server with port 44457 successfully
2021-10-21 00:14:14,775 [org.apache.ratis.util.JvmPauseMonitor$$Lambda$531/1336496959@7a53c6c9] INFO  util.JvmPauseMonitor (JvmPauseMonitor.java:run(109)) - JvmPauseMonitor-5ad7e042-c272-4503-bb68-cca0083e8bfb: Stopped
2021-10-21 00:14:14,817 [87f4cda0-ffb5-4aa3-ac3a-463d681607fa@group-AA76DA738849-FollowerState] INFO  impl.FollowerState (FollowerState.java:run(134)) - 87f4cda0-ffb5-4aa3-ac3a-463d681607fa@group-AA76DA738849-FollowerState: change to CANDIDATE, lastRpcElapsedTime:5184848859ns, electionTimeout:5168ms
2021-10-21 00:14:14,817 [87f4cda0-ffb5-4aa3-ac3a-463d681607fa@group-AA76DA738849-FollowerState] INFO  impl.RoleInfo (RoleInfo.java:shutdownFollowerState(108)) - 87f4cda0-ffb5-4aa3-ac3a-463d681607fa: shutdown 87f4cda0-ffb5-4aa3-ac3a-463d681607fa@group-AA76DA738849-FollowerState
2021-10-21 00:14:14,817 [87f4cda0-ffb5-4aa3-ac3a-463d681607fa@group-AA76DA738849-FollowerState] INFO  server.RaftServer$Division (RaftServerImpl.java:setRole(290)) - 87f4cda0-ffb5-4aa3-ac3a-463d681607fa@group-AA76DA738849: changes role from  FOLLOWER to CANDIDATE at term 4 for changeToCandidate
2021-10-21 00:14:14,817 [87f4cda0-ffb5-4aa3-ac3a-463d681607fa@group-AA76DA738849-FollowerState] INFO  server.RaftServerConfigKeys (ConfUtils.java:logGet(44)) - raft.server.leaderelection.pre-vote = false (custom)
2021-10-21 00:14:14,817 [87f4cda0-ffb5-4aa3-ac3a-463d681607fa@group-AA76DA738849-FollowerState] INFO  impl.RoleInfo (RoleInfo.java:updateAndGet(130)) - 87f4cda0-ffb5-4aa3-ac3a-463d681607fa: start 87f4cda0-ffb5-4aa3-ac3a-463d681607fa@group-AA76DA738849-LeaderElection122
2021-10-21 00:14:14,818 [Listener at 127.0.0.1/34193] INFO  utils.BackgroundService (BackgroundService.java:shutdown(132)) - Shutting down service BlockDeletingService
2021-10-21 00:14:14,821 [f11f8ce1-e80f-4662-ac56-049e7a4c2ce6@group-AA76DA738849-FollowerState] INFO  impl.FollowerState (FollowerState.java:run(134)) - f11f8ce1-e80f-4662-ac56-049e7a4c2ce6@group-AA76DA738849-FollowerState: change to CANDIDATE, lastRpcElapsedTime:5141733639ns, electionTimeout:5092ms
2021-10-21 00:14:14,821 [f11f8ce1-e80f-4662-ac56-049e7a4c2ce6@group-AA76DA738849-FollowerState] INFO  impl.RoleInfo (RoleInfo.java:shutdownFollowerState(108)) - f11f8ce1-e80f-4662-ac56-049e7a4c2ce6: shutdown f11f8ce1-e80f-4662-ac56-049e7a4c2ce6@group-AA76DA738849-FollowerState
2021-10-21 00:14:14,821 [f11f8ce1-e80f-4662-ac56-049e7a4c2ce6@group-AA76DA738849-FollowerState] INFO  server.RaftServer$Division (RaftServerImpl.java:setRole(290)) - f11f8ce1-e80f-4662-ac56-049e7a4c2ce6@group-AA76DA738849: changes role from  FOLLOWER to CANDIDATE at term 4 for changeToCandidate
2021-10-21 00:14:14,821 [f11f8ce1-e80f-4662-ac56-049e7a4c2ce6@group-AA76DA738849-FollowerState] INFO  server.RaftServerConfigKeys (ConfUtils.java:logGet(44)) - raft.server.leaderelection.pre-vote = false (custom)
2021-10-21 00:14:14,821 [f11f8ce1-e80f-4662-ac56-049e7a4c2ce6@group-AA76DA738849-FollowerState] INFO  impl.RoleInfo (RoleInfo.java:updateAndGet(130)) - f11f8ce1-e80f-4662-ac56-049e7a4c2ce6: start f11f8ce1-e80f-4662-ac56-049e7a4c2ce6@group-AA76DA738849-LeaderElection123
2021-10-21 00:14:14,879 [87f4cda0-ffb5-4aa3-ac3a-463d681607fa@group-AA76DA738849-LeaderElection122] INFO  impl.LeaderElection (LeaderElection.java:askForVotes(306)) - 87f4cda0-ffb5-4aa3-ac3a-463d681607fa@group-AA76DA738849-LeaderElection122 ELECTION round 0: submit vote requests at term 5 for -1: [87f4cda0-ffb5-4aa3-ac3a-463d681607fa|rpc:10.1.0.21:43449|dataStream:|priority:0, fe031be3-9947-46ae-8b09-98e602d9361b|rpc:10.1.0.21:44461|dataStream:|priority:0, f11f8ce1-e80f-4662-ac56-049e7a4c2ce6|rpc:10.1.0.21:45621|dataStream:|priority:1], old=null
2021-10-21 00:14:14,914 [f11f8ce1-e80f-4662-ac56-049e7a4c2ce6@group-AA76DA738849-LeaderElection123] INFO  impl.LeaderElection (LeaderElection.java:askForVotes(306)) - f11f8ce1-e80f-4662-ac56-049e7a4c2ce6@group-AA76DA738849-LeaderElection123 ELECTION round 0: submit vote requests at term 5 for -1: [87f4cda0-ffb5-4aa3-ac3a-463d681607fa|rpc:10.1.0.21:43449|dataStream:|priority:0, fe031be3-9947-46ae-8b09-98e602d9361b|rpc:10.1.0.21:44461|dataStream:|priority:0, f11f8ce1-e80f-4662-ac56-049e7a4c2ce6|rpc:10.1.0.21:45621|dataStream:|priority:1], old=null
2021-10-21 00:14:14,932 [grpc-default-executor-4] INFO  server.RaftServer$Division (RaftServerImpl.java:requestVote(1046)) - fe031be3-9947-46ae-8b09-98e602d9361b@group-AA76DA738849: receive requestVote(ELECTION, 87f4cda0-ffb5-4aa3-ac3a-463d681607fa, group-AA76DA738849, 5, (t:0, i:0))
2021-10-21 00:14:14,933 [grpc-default-executor-4] INFO  impl.VoteContext (VoteContext.java:log(48)) - fe031be3-9947-46ae-8b09-98e602d9361b@group-AA76DA738849-FOLLOWER: accept ELECTION from 87f4cda0-ffb5-4aa3-ac3a-463d681607fa: our priority 0 <= candidate's priority 0
2021-10-21 00:14:14,933 [grpc-default-executor-4] INFO  server.RaftServer$Division (RaftServerImpl.java:setRole(290)) - fe031be3-9947-46ae-8b09-98e602d9361b@group-AA76DA738849: changes role from  FOLLOWER to FOLLOWER at term 5 for candidate:87f4cda0-ffb5-4aa3-ac3a-463d681607fa
2021-10-21 00:14:14,933 [grpc-default-executor-4] INFO  impl.RoleInfo (RoleInfo.java:shutdownFollowerState(108)) - fe031be3-9947-46ae-8b09-98e602d9361b: shutdown fe031be3-9947-46ae-8b09-98e602d9361b@group-AA76DA738849-FollowerState
2021-10-21 00:14:14,939 [fe031be3-9947-46ae-8b09-98e602d9361b@group-AA76DA738849-FollowerState] INFO  impl.FollowerState (FollowerState.java:run(143)) - fe031be3-9947-46ae-8b09-98e602d9361b@group-AA76DA738849-FollowerState was interrupted: {}
java.lang.InterruptedException: sleep interrupted
	at java.lang.Thread.sleep(Native Method)
	at java.lang.Thread.sleep(Thread.java:340)
	at java.util.concurrent.TimeUnit.sleep(TimeUnit.java:386)
	at org.apache.ratis.util.TimeDuration.sleep(TimeDuration.java:324)
	at org.apache.ratis.util.TimeDuration.sleep(TimeDuration.java:309)
	at org.apache.ratis.server.impl.FollowerState.run(FollowerState.java:118)
2021-10-21 00:14:14,940 [grpc-default-executor-1] INFO  server.RaftServer$Division (RaftServerImpl.java:requestVote(1046)) - f11f8ce1-e80f-4662-ac56-049e7a4c2ce6@group-AA76DA738849: receive requestVote(ELECTION, 87f4cda0-ffb5-4aa3-ac3a-463d681607fa, group-AA76DA738849, 5, (t:0, i:0))
2021-10-21 00:14:14,940 [grpc-default-executor-1] INFO  impl.VoteContext (VoteContext.java:log(48)) - f11f8ce1-e80f-4662-ac56-049e7a4c2ce6@group-AA76DA738849-CANDIDATE: reject ELECTION from 87f4cda0-ffb5-4aa3-ac3a-463d681607fa: already has voted for f11f8ce1-e80f-4662-ac56-049e7a4c2ce6 at current term 5
2021-10-21 00:14:14,940 [grpc-default-executor-1] INFO  server.RaftServer$Division (RaftServerImpl.java:requestVote(1078)) - f11f8ce1-e80f-4662-ac56-049e7a4c2ce6@group-AA76DA738849 replies to ELECTION vote request: 87f4cda0-ffb5-4aa3-ac3a-463d681607fa<-f11f8ce1-e80f-4662-ac56-049e7a4c2ce6#0:FAIL-t5. Peer's state: f11f8ce1-e80f-4662-ac56-049e7a4c2ce6@group-AA76DA738849:t5, leader=null, voted=f11f8ce1-e80f-4662-ac56-049e7a4c2ce6, raftlog=f11f8ce1-e80f-4662-ac56-049e7a4c2ce6@group-AA76DA738849-SegmentedRaftLog:OPENED:c-1, conf=-1: [87f4cda0-ffb5-4aa3-ac3a-463d681607fa|rpc:10.1.0.21:43449|dataStream:|priority:0, fe031be3-9947-46ae-8b09-98e602d9361b|rpc:10.1.0.21:44461|dataStream:|priority:0, f11f8ce1-e80f-4662-ac56-049e7a4c2ce6|rpc:10.1.0.21:45621|dataStream:|priority:1], old=null
2021-10-21 00:14:14,952 [grpc-default-executor-1] INFO  server.RaftServer$Division (RaftServerImpl.java:requestVote(1046)) - 87f4cda0-ffb5-4aa3-ac3a-463d681607fa@group-AA76DA738849: receive requestVote(ELECTION, f11f8ce1-e80f-4662-ac56-049e7a4c2ce6, group-AA76DA738849, 5, (t:0, i:0))
2021-10-21 00:14:14,952 [grpc-default-executor-1] INFO  impl.VoteContext (VoteContext.java:log(48)) - 87f4cda0-ffb5-4aa3-ac3a-463d681607fa@group-AA76DA738849-CANDIDATE: reject ELECTION from f11f8ce1-e80f-4662-ac56-049e7a4c2ce6: already has voted for 87f4cda0-ffb5-4aa3-ac3a-463d681607fa at current term 5
2021-10-21 00:14:14,952 [grpc-default-executor-1] INFO  server.RaftServer$Division (RaftServerImpl.java:requestVote(1078)) - 87f4cda0-ffb5-4aa3-ac3a-463d681607fa@group-AA76DA738849 replies to ELECTION vote request: f11f8ce1-e80f-4662-ac56-049e7a4c2ce6<-87f4cda0-ffb5-4aa3-ac3a-463d681607fa#0:FAIL-t5. Peer's state: 87f4cda0-ffb5-4aa3-ac3a-463d681607fa@group-AA76DA738849:t5, leader=null, voted=87f4cda0-ffb5-4aa3-ac3a-463d681607fa, raftlog=87f4cda0-ffb5-4aa3-ac3a-463d681607fa@group-AA76DA738849-SegmentedRaftLog:OPENED:c-1, conf=-1: [87f4cda0-ffb5-4aa3-ac3a-463d681607fa|rpc:10.1.0.21:43449|dataStream:|priority:0, fe031be3-9947-46ae-8b09-98e602d9361b|rpc:10.1.0.21:44461|dataStream:|priority:0, f11f8ce1-e80f-4662-ac56-049e7a4c2ce6|rpc:10.1.0.21:45621|dataStream:|priority:1], old=null
2021-10-21 00:14:14,955 [grpc-default-executor-4] INFO  impl.RoleInfo (RoleInfo.java:updateAndGet(130)) - fe031be3-9947-46ae-8b09-98e602d9361b: start fe031be3-9947-46ae-8b09-98e602d9361b@group-AA76DA738849-FollowerState
2021-10-21 00:14:14,955 [87f4cda0-ffb5-4aa3-ac3a-463d681607fa@group-AA76DA738849-LeaderElection122] INFO  impl.LeaderElection (LeaderElection.java:logAndReturn(89)) - 87f4cda0-ffb5-4aa3-ac3a-463d681607fa@group-AA76DA738849-LeaderElection122: ELECTION REJECTED received 1 response(s) and 0 exception(s):
2021-10-21 00:14:14,955 [87f4cda0-ffb5-4aa3-ac3a-463d681607fa@group-AA76DA738849-LeaderElection122] INFO  impl.LeaderElection (LeaderElection.java:logAndReturn(93)) -   Response 0: 87f4cda0-ffb5-4aa3-ac3a-463d681607fa<-f11f8ce1-e80f-4662-ac56-049e7a4c2ce6#0:FAIL-t5
2021-10-21 00:14:14,956 [grpc-default-executor-1] INFO  server.RaftServer$Division (RaftServerImpl.java:requestVote(1046)) - fe031be3-9947-46ae-8b09-98e602d9361b@group-AA76DA738849: receive requestVote(ELECTION, f11f8ce1-e80f-4662-ac56-049e7a4c2ce6, group-AA76DA738849, 5, (t:0, i:0))
2021-10-21 00:14:14,966 [87f4cda0-ffb5-4aa3-ac3a-463d681607fa@group-AA76DA738849-LeaderElection122] INFO  impl.LeaderElection (LeaderElection.java:askForVotes(308)) - 87f4cda0-ffb5-4aa3-ac3a-463d681607fa@group-AA76DA738849-LeaderElection122 ELECTION round 0: result REJECTED
2021-10-21 00:14:14,966 [87f4cda0-ffb5-4aa3-ac3a-463d681607fa@group-AA76DA738849-LeaderElection122] INFO  server.RaftServer$Division (RaftServerImpl.java:setRole(290)) - 87f4cda0-ffb5-4aa3-ac3a-463d681607fa@group-AA76DA738849: changes role from CANDIDATE to FOLLOWER at term 5 for REJECTED
2021-10-21 00:14:14,966 [87f4cda0-ffb5-4aa3-ac3a-463d681607fa@group-AA76DA738849-LeaderElection122] INFO  impl.RoleInfo (RoleInfo.java:shutdownLeaderElection(121)) - 87f4cda0-ffb5-4aa3-ac3a-463d681607fa: shutdown 87f4cda0-ffb5-4aa3-ac3a-463d681607fa@group-AA76DA738849-LeaderElection122
2021-10-21 00:14:14,967 [87f4cda0-ffb5-4aa3-ac3a-463d681607fa@group-AA76DA738849-LeaderElection122] INFO  impl.RoleInfo (RoleInfo.java:updateAndGet(130)) - 87f4cda0-ffb5-4aa3-ac3a-463d681607fa: start 87f4cda0-ffb5-4aa3-ac3a-463d681607fa@group-AA76DA738849-FollowerState
2021-10-21 00:14:14,975 [grpc-default-executor-4] INFO  server.RaftServer$Division (RaftServerImpl.java:requestVote(1078)) - fe031be3-9947-46ae-8b09-98e602d9361b@group-AA76DA738849 replies to ELECTION vote request: 87f4cda0-ffb5-4aa3-ac3a-463d681607fa<-fe031be3-9947-46ae-8b09-98e602d9361b#0:OK-t5. Peer's state: fe031be3-9947-46ae-8b09-98e602d9361b@group-AA76DA738849:t5, leader=null, voted=87f4cda0-ffb5-4aa3-ac3a-463d681607fa, raftlog=fe031be3-9947-46ae-8b09-98e602d9361b@group-AA76DA738849-SegmentedRaftLog:OPENED:c-1, conf=-1: [87f4cda0-ffb5-4aa3-ac3a-463d681607fa|rpc:10.1.0.21:43449|priority:0, fe031be3-9947-46ae-8b09-98e602d9361b|rpc:10.1.0.21:44461|priority:0, f11f8ce1-e80f-4662-ac56-049e7a4c2ce6|rpc:10.1.0.21:45621|priority:1], old=null
2021-10-21 00:14:14,976 [grpc-default-executor-1] INFO  impl.VoteContext (VoteContext.java:log(48)) - fe031be3-9947-46ae-8b09-98e602d9361b@group-AA76DA738849-FOLLOWER: reject ELECTION from f11f8ce1-e80f-4662-ac56-049e7a4c2ce6: already has voted for 87f4cda0-ffb5-4aa3-ac3a-463d681607fa at current term 5
2021-10-21 00:14:14,976 [grpc-default-executor-1] INFO  server.RaftServer$Division (RaftServerImpl.java:requestVote(1078)) - fe031be3-9947-46ae-8b09-98e602d9361b@group-AA76DA738849 replies to ELECTION vote request: f11f8ce1-e80f-4662-ac56-049e7a4c2ce6<-fe031be3-9947-46ae-8b09-98e602d9361b#0:FAIL-t5. Peer's state: fe031be3-9947-46ae-8b09-98e602d9361b@group-AA76DA738849:t5, leader=null, voted=87f4cda0-ffb5-4aa3-ac3a-463d681607fa, raftlog=fe031be3-9947-46ae-8b09-98e602d9361b@group-AA76DA738849-SegmentedRaftLog:OPENED:c-1, conf=-1: [87f4cda0-ffb5-4aa3-ac3a-463d681607fa|rpc:10.1.0.21:43449|priority:0, fe031be3-9947-46ae-8b09-98e602d9361b|rpc:10.1.0.21:44461|priority:0, f11f8ce1-e80f-4662-ac56-049e7a4c2ce6|rpc:10.1.0.21:45621|priority:1], old=null
2021-10-21 00:14:15,008 [f11f8ce1-e80f-4662-ac56-049e7a4c2ce6@group-AA76DA738849-LeaderElection123] INFO  impl.LeaderElection (LeaderElection.java:logAndReturn(89)) - f11f8ce1-e80f-4662-ac56-049e7a4c2ce6@group-AA76DA738849-LeaderElection123: ELECTION REJECTED received 2 response(s) and 0 exception(s):
2021-10-21 00:14:15,008 [f11f8ce1-e80f-4662-ac56-049e7a4c2ce6@group-AA76DA738849-LeaderElection123] INFO  impl.LeaderElection (LeaderElection.java:logAndReturn(93)) -   Response 0: f11f8ce1-e80f-4662-ac56-049e7a4c2ce6<-87f4cda0-ffb5-4aa3-ac3a-463d681607fa#0:FAIL-t5
2021-10-21 00:14:15,008 [f11f8ce1-e80f-4662-ac56-049e7a4c2ce6@group-AA76DA738849-LeaderElection123] INFO  impl.LeaderElection (LeaderElection.java:logAndReturn(93)) -   Response 1: f11f8ce1-e80f-4662-ac56-049e7a4c2ce6<-fe031be3-9947-46ae-8b09-98e602d9361b#0:FAIL-t5
2021-10-21 00:14:15,008 [f11f8ce1-e80f-4662-ac56-049e7a4c2ce6@group-AA76DA738849-LeaderElection123] INFO  impl.LeaderElection (LeaderElection.java:askForVotes(308)) - f11f8ce1-e80f-4662-ac56-049e7a4c2ce6@group-AA76DA738849-LeaderElection123 ELECTION round 0: result REJECTED
2021-10-21 00:14:15,008 [f11f8ce1-e80f-4662-ac56-049e7a4c2ce6@group-AA76DA738849-LeaderElection123] INFO  server.RaftServer$Division (RaftServerImpl.java:setRole(290)) - f11f8ce1-e80f-4662-ac56-049e7a4c2ce6@group-AA76DA738849: changes role from CANDIDATE to FOLLOWER at term 5 for REJECTED
2021-10-21 00:14:15,008 [f11f8ce1-e80f-4662-ac56-049e7a4c2ce6@group-AA76DA738849-LeaderElection123] INFO  impl.RoleInfo (RoleInfo.java:shutdownLeaderElection(121)) - f11f8ce1-e80f-4662-ac56-049e7a4c2ce6: shutdown f11f8ce1-e80f-4662-ac56-049e7a4c2ce6@group-AA76DA738849-LeaderElection123
2021-10-21 00:14:15,008 [f11f8ce1-e80f-4662-ac56-049e7a4c2ce6@group-AA76DA738849-LeaderElection123] INFO  impl.RoleInfo (RoleInfo.java:updateAndGet(130)) - f11f8ce1-e80f-4662-ac56-049e7a4c2ce6: start f11f8ce1-e80f-4662-ac56-049e7a4c2ce6@group-AA76DA738849-FollowerState
2021-10-21 00:14:16,835 [6c4bf312-847f-4261-b1bf-aef11305f2d7@group-0C185B61CB60-FollowerState] INFO  impl.FollowerState (FollowerState.java:run(134)) - 6c4bf312-847f-4261-b1bf-aef11305f2d7@group-0C185B61CB60-FollowerState: change to CANDIDATE, lastRpcElapsedTime:5047271114ns, electionTimeout:5038ms
2021-10-21 00:14:16,835 [6c4bf312-847f-4261-b1bf-aef11305f2d7@group-0C185B61CB60-FollowerState] INFO  impl.RoleInfo (RoleInfo.java:shutdownFollowerState(108)) - 6c4bf312-847f-4261-b1bf-aef11305f2d7: shutdown 6c4bf312-847f-4261-b1bf-aef11305f2d7@group-0C185B61CB60-FollowerState
2021-10-21 00:14:16,835 [6c4bf312-847f-4261-b1bf-aef11305f2d7@group-0C185B61CB60-FollowerState] INFO  server.RaftServer$Division (RaftServerImpl.java:setRole(290)) - 6c4bf312-847f-4261-b1bf-aef11305f2d7@group-0C185B61CB60: changes role from  FOLLOWER to CANDIDATE at term 6 for changeToCandidate
2021-10-21 00:14:16,835 [6c4bf312-847f-4261-b1bf-aef11305f2d7@group-0C185B61CB60-FollowerState] INFO  server.RaftServerConfigKeys (ConfUtils.java:logGet(44)) - raft.server.leaderelection.pre-vote = false (custom)
2021-10-21 00:14:16,835 [6c4bf312-847f-4261-b1bf-aef11305f2d7@group-0C185B61CB60-FollowerState] INFO  impl.RoleInfo (RoleInfo.java:updateAndGet(130)) - 6c4bf312-847f-4261-b1bf-aef11305f2d7: start 6c4bf312-847f-4261-b1bf-aef11305f2d7@group-0C185B61CB60-LeaderElection124
2021-10-21 00:14:16,854 [6c4bf312-847f-4261-b1bf-aef11305f2d7@group-0C185B61CB60-LeaderElection124] INFO  impl.LeaderElection (LeaderElection.java:askForVotes(306)) - 6c4bf312-847f-4261-b1bf-aef11305f2d7@group-0C185B61CB60-LeaderElection124 ELECTION round 0: submit vote requests at term 7 for -1: [5ad7e042-c272-4503-bb68-cca0083e8bfb|rpc:10.1.0.21:44457|dataStream:|priority:1, b1aa2fe7-eb40-4f9f-bfee-6ed7c04c202c|rpc:10.1.0.21:36605|dataStream:|priority:0, 6c4bf312-847f-4261-b1bf-aef11305f2d7|rpc:10.1.0.21:45071|dataStream:|priority:0], old=null
2021-10-21 00:14:16,861 [6c4bf312-847f-4261-b1bf-aef11305f2d7@group-0C185B61CB60-LeaderElection124] INFO  impl.LeaderElection (LogUtils.java:infoOrTrace(137)) - 6c4bf312-847f-4261-b1bf-aef11305f2d7@group-0C185B61CB60-LeaderElection124 got exception when requesting votes: java.util.concurrent.ExecutionException: org.apache.ratis.thirdparty.io.grpc.StatusRuntimeException: UNAVAILABLE: io exception
2021-10-21 00:14:16,904 [grpc-default-executor-4] INFO  server.RaftServer$Division (RaftServerImpl.java:requestVote(1046)) - b1aa2fe7-eb40-4f9f-bfee-6ed7c04c202c@group-0C185B61CB60: receive requestVote(ELECTION, 6c4bf312-847f-4261-b1bf-aef11305f2d7, group-0C185B61CB60, 7, (t:0, i:0))
2021-10-21 00:14:16,904 [grpc-default-executor-4] INFO  impl.VoteContext (VoteContext.java:log(48)) - b1aa2fe7-eb40-4f9f-bfee-6ed7c04c202c@group-0C185B61CB60-FOLLOWER: accept ELECTION from 6c4bf312-847f-4261-b1bf-aef11305f2d7: our priority 0 <= candidate's priority 0
2021-10-21 00:14:16,904 [grpc-default-executor-4] INFO  server.RaftServer$Division (RaftServerImpl.java:setRole(290)) - b1aa2fe7-eb40-4f9f-bfee-6ed7c04c202c@group-0C185B61CB60: changes role from  FOLLOWER to FOLLOWER at term 7 for candidate:6c4bf312-847f-4261-b1bf-aef11305f2d7
2021-10-21 00:14:16,904 [grpc-default-executor-4] INFO  impl.RoleInfo (RoleInfo.java:shutdownFollowerState(108)) - b1aa2fe7-eb40-4f9f-bfee-6ed7c04c202c: shutdown b1aa2fe7-eb40-4f9f-bfee-6ed7c04c202c@group-0C185B61CB60-FollowerState
2021-10-21 00:14:16,904 [grpc-default-executor-4] INFO  impl.RoleInfo (RoleInfo.java:updateAndGet(130)) - b1aa2fe7-eb40-4f9f-bfee-6ed7c04c202c: start b1aa2fe7-eb40-4f9f-bfee-6ed7c04c202c@group-0C185B61CB60-FollowerState
2021-10-21 00:14:16,911 [b1aa2fe7-eb40-4f9f-bfee-6ed7c04c202c@group-0C185B61CB60-FollowerState] INFO  impl.FollowerState (FollowerState.java:run(143)) - b1aa2fe7-eb40-4f9f-bfee-6ed7c04c202c@group-0C185B61CB60-FollowerState was interrupted: {}
java.lang.InterruptedException: sleep interrupted
	at java.lang.Thread.sleep(Native Method)
	at java.lang.Thread.sleep(Thread.java:340)
	at java.util.concurrent.TimeUnit.sleep(TimeUnit.java:386)
	at org.apache.ratis.util.TimeDuration.sleep(TimeDuration.java:324)
	at org.apache.ratis.util.TimeDuration.sleep(TimeDuration.java:309)
	at org.apache.ratis.server.impl.FollowerState.run(FollowerState.java:118)
2021-10-21 00:14:17,020 [grpc-default-executor-4] INFO  server.RaftServer$Division (RaftServerImpl.java:requestVote(1078)) - b1aa2fe7-eb40-4f9f-bfee-6ed7c04c202c@group-0C185B61CB60 replies to ELECTION vote request: 6c4bf312-847f-4261-b1bf-aef11305f2d7<-b1aa2fe7-eb40-4f9f-bfee-6ed7c04c202c#0:OK-t7. Peer's state: b1aa2fe7-eb40-4f9f-bfee-6ed7c04c202c@group-0C185B61CB60:t7, leader=null, voted=6c4bf312-847f-4261-b1bf-aef11305f2d7, raftlog=b1aa2fe7-eb40-4f9f-bfee-6ed7c04c202c@group-0C185B61CB60-SegmentedRaftLog:OPENED:c-1, conf=-1: [5ad7e042-c272-4503-bb68-cca0083e8bfb|rpc:10.1.0.21:44457|priority:1, b1aa2fe7-eb40-4f9f-bfee-6ed7c04c202c|rpc:10.1.0.21:36605|priority:0, 6c4bf312-847f-4261-b1bf-aef11305f2d7|rpc:10.1.0.21:45071|priority:0], old=null
2021-10-21 00:14:17,023 [6c4bf312-847f-4261-b1bf-aef11305f2d7@group-0C185B61CB60-LeaderElection124] INFO  impl.LeaderElection (LeaderElection.java:logAndReturn(89)) - 6c4bf312-847f-4261-b1bf-aef11305f2d7@group-0C185B61CB60-LeaderElection124: ELECTION PASSED received 1 response(s) and 1 exception(s):
2021-10-21 00:14:17,023 [6c4bf312-847f-4261-b1bf-aef11305f2d7@group-0C185B61CB60-LeaderElection124] INFO  impl.LeaderElection (LeaderElection.java:logAndReturn(93)) -   Response 0: 6c4bf312-847f-4261-b1bf-aef11305f2d7<-b1aa2fe7-eb40-4f9f-bfee-6ed7c04c202c#0:OK-t7
2021-10-21 00:14:17,023 [6c4bf312-847f-4261-b1bf-aef11305f2d7@group-0C185B61CB60-LeaderElection124] INFO  impl.LeaderElection (LogUtils.java:infoOrTrace(137)) -   Exception 1: java.util.concurrent.ExecutionException: org.apache.ratis.thirdparty.io.grpc.StatusRuntimeException: UNAVAILABLE: io exception
2021-10-21 00:14:17,023 [6c4bf312-847f-4261-b1bf-aef11305f2d7@group-0C185B61CB60-LeaderElection124] INFO  impl.LeaderElection (LeaderElection.java:askForVotes(308)) - 6c4bf312-847f-4261-b1bf-aef11305f2d7@group-0C185B61CB60-LeaderElection124 ELECTION round 0: result PASSED
2021-10-21 00:14:17,023 [6c4bf312-847f-4261-b1bf-aef11305f2d7@group-0C185B61CB60-LeaderElection124] INFO  impl.RoleInfo (RoleInfo.java:shutdownLeaderElection(121)) - 6c4bf312-847f-4261-b1bf-aef11305f2d7: shutdown 6c4bf312-847f-4261-b1bf-aef11305f2d7@group-0C185B61CB60-LeaderElection124
2021-10-21 00:14:17,023 [6c4bf312-847f-4261-b1bf-aef11305f2d7@group-0C185B61CB60-LeaderElection124] INFO  server.RaftServer$Division (RaftServerImpl.java:setRole(290)) - 6c4bf312-847f-4261-b1bf-aef11305f2d7@group-0C185B61CB60: changes role from CANDIDATE to LEADER at term 7 for changeToLeader
2021-10-21 00:14:17,023 [6c4bf312-847f-4261-b1bf-aef11305f2d7@group-0C185B61CB60-LeaderElection124] INFO  ratis.XceiverServerRatis (XceiverServerRatis.java:handleLeaderChangedNotification(866)) - Leader change notification received for group: group-0C185B61CB60 with new leaderId: 6c4bf312-847f-4261-b1bf-aef11305f2d7
2021-10-21 00:14:17,023 [6c4bf312-847f-4261-b1bf-aef11305f2d7@group-0C185B61CB60-LeaderElection124] INFO  server.RaftServer$Division (ServerState.java:setLeader(285)) - 6c4bf312-847f-4261-b1bf-aef11305f2d7@group-0C185B61CB60: change Leader from null to 6c4bf312-847f-4261-b1bf-aef11305f2d7 at term 7 for becomeLeader, leader elected after 31456ms
2021-10-21 00:14:17,023 [6c4bf312-847f-4261-b1bf-aef11305f2d7@group-0C185B61CB60-LeaderElection124] INFO  server.RaftServerConfigKeys (ConfUtils.java:logGet(44)) - raft.server.staging.catchup.gap = 1000 (default)
2021-10-21 00:14:17,024 [6c4bf312-847f-4261-b1bf-aef11305f2d7@group-0C185B61CB60-LeaderElection124] INFO  server.RaftServerConfigKeys (ConfUtils.java:logGet(44)) - raft.server.write.element-limit = 1024 (custom)
2021-10-21 00:14:17,024 [6c4bf312-847f-4261-b1bf-aef11305f2d7@group-0C185B61CB60-LeaderElection124] INFO  server.RaftServerConfigKeys (ConfUtils.java:logGet(44)) - raft.server.write.byte-limit = 1024 M (=1073741824) (custom)
2021-10-21 00:14:17,024 [6c4bf312-847f-4261-b1bf-aef11305f2d7@group-0C185B61CB60-LeaderElection124] INFO  server.RaftServerConfigKeys (ConfUtils.java:logGet(44)) - raft.server.watch.timeout = 3000ms (custom)
2021-10-21 00:14:17,024 [6c4bf312-847f-4261-b1bf-aef11305f2d7@group-0C185B61CB60-LeaderElection124] INFO  server.RaftServerConfigKeys (ConfUtils.java:logGet(44)) - raft.server.watch.timeout.denomination = 1s (default)
2021-10-21 00:14:17,024 [6c4bf312-847f-4261-b1bf-aef11305f2d7@group-0C185B61CB60-LeaderElection124] INFO  server.RaftServerConfigKeys (ConfUtils.java:logGet(44)) - raft.server.watch.element-limit = 65536 (default)
2021-10-21 00:14:17,024 [6c4bf312-847f-4261-b1bf-aef11305f2d7@group-0C185B61CB60-LeaderElection124] INFO  server.RaftServerConfigKeys (ConfUtils.java:logGet(44)) - raft.server.write.element-limit = 1024 (custom)
2021-10-21 00:14:17,024 [6c4bf312-847f-4261-b1bf-aef11305f2d7@group-0C185B61CB60-LeaderElection124] INFO  server.RaftServerConfigKeys (ConfUtils.java:logGet(44)) - raft.server.write.follower.gap.ratio.max = -1.0 (default)
2021-10-21 00:14:17,024 [6c4bf312-847f-4261-b1bf-aef11305f2d7@group-0C185B61CB60-LeaderElection124] INFO  server.RaftServerConfigKeys (ConfUtils.java:logGet(44)) - raft.server.log.appender.snapshot.chunk.size.max = 16MB (=16777216) (default)
2021-10-21 00:14:17,025 [6c4bf312-847f-4261-b1bf-aef11305f2d7@group-0C185B61CB60-LeaderElection124] INFO  server.RaftServerConfigKeys (ConfUtils.java:logGet(44)) - raft.server.log.appender.buffer.byte-limit = 33554432 (custom)
2021-10-21 00:14:17,025 [6c4bf312-847f-4261-b1bf-aef11305f2d7@group-0C185B61CB60-LeaderElection124] INFO  server.RaftServerConfigKeys (ConfUtils.java:logGet(44)) - raft.server.log.appender.buffer.element-limit = 1 (custom)
2021-10-21 00:14:17,025 [6c4bf312-847f-4261-b1bf-aef11305f2d7@group-0C185B61CB60-LeaderElection124] INFO  grpc.GrpcConfigKeys (ConfUtils.java:logGet(44)) - raft.grpc.server.leader.outstanding.appends.max = 128 (default)
2021-10-21 00:14:17,025 [6c4bf312-847f-4261-b1bf-aef11305f2d7@group-0C185B61CB60-LeaderElection124] INFO  server.RaftServerConfigKeys (ConfUtils.java:logGet(44)) - raft.server.rpc.request.timeout = 3000ms (default)
2021-10-21 00:14:17,025 [6c4bf312-847f-4261-b1bf-aef11305f2d7@group-0C185B61CB60-LeaderElection124] INFO  server.RaftServerConfigKeys (ConfUtils.java:logGet(44)) - raft.server.log.appender.install.snapshot.enabled = false (custom)
2021-10-21 00:14:17,027 [6c4bf312-847f-4261-b1bf-aef11305f2d7@group-0C185B61CB60-LeaderElection124] INFO  server.RaftServerConfigKeys (ConfUtils.java:logGet(44)) - raft.server.log.appender.snapshot.chunk.size.max = 16MB (=16777216) (default)
2021-10-21 00:14:17,027 [6c4bf312-847f-4261-b1bf-aef11305f2d7@group-0C185B61CB60-LeaderElection124] INFO  server.RaftServerConfigKeys (ConfUtils.java:logGet(44)) - raft.server.log.appender.buffer.byte-limit = 33554432 (custom)
2021-10-21 00:14:17,027 [6c4bf312-847f-4261-b1bf-aef11305f2d7@group-0C185B61CB60-LeaderElection124] INFO  server.RaftServerConfigKeys (ConfUtils.java:logGet(44)) - raft.server.log.appender.buffer.element-limit = 1 (custom)
2021-10-21 00:14:17,027 [6c4bf312-847f-4261-b1bf-aef11305f2d7@group-0C185B61CB60-LeaderElection124] INFO  grpc.GrpcConfigKeys (ConfUtils.java:logGet(44)) - raft.grpc.server.leader.outstanding.appends.max = 128 (default)
2021-10-21 00:14:17,027 [Datanode State Machine Thread - 0] WARN  statemachine.StateContext (StateContext.java:execute(621)) - No available thread in pool for past 1 seconds.
2021-10-21 00:14:17,088 [6c4bf312-847f-4261-b1bf-aef11305f2d7@group-0C185B61CB60-LeaderElection124] INFO  server.RaftServerConfigKeys (ConfUtils.java:logGet(44)) - raft.server.rpc.request.timeout = 3000ms (default)
2021-10-21 00:14:17,088 [6c4bf312-847f-4261-b1bf-aef11305f2d7@group-0C185B61CB60-LeaderElection124] INFO  server.RaftServerConfigKeys (ConfUtils.java:logGet(44)) - raft.server.log.appender.install.snapshot.enabled = false (custom)
2021-10-21 00:14:17,090 [6c4bf312-847f-4261-b1bf-aef11305f2d7@group-0C185B61CB60-LeaderElection124] INFO  impl.RoleInfo (RoleInfo.java:updateAndGet(130)) - 6c4bf312-847f-4261-b1bf-aef11305f2d7: start 6c4bf312-847f-4261-b1bf-aef11305f2d7@group-0C185B61CB60-LeaderStateImpl
2021-10-21 00:14:17,091 [6c4bf312-847f-4261-b1bf-aef11305f2d7@group-0C185B61CB60-LeaderElection124] INFO  segmented.SegmentedRaftLogWorker (SegmentedRaftLogWorker.java:startLogSegment(394)) - 6c4bf312-847f-4261-b1bf-aef11305f2d7@group-0C185B61CB60-SegmentedRaftLogWorker: Starting segment from index:0
2021-10-21 00:14:17,103 [6c4bf312-847f-4261-b1bf-aef11305f2d7@group-0C185B61CB60-SegmentedRaftLogWorker] INFO  segmented.SegmentedRaftLogWorker (SegmentedRaftLogWorker.java:execute(601)) - 6c4bf312-847f-4261-b1bf-aef11305f2d7@group-0C185B61CB60-SegmentedRaftLogWorker: created new log segment /home/runner/work/ozone/ozone/hadoop-ozone/integration-test/target/test-dir/MiniOzoneClusterImpl-0ff56402-746c-4b46-aacb-40edab3b56db/datanode-5/data/ratis/1b019f85-e068-433d-8e86-0c185b61cb60/current/log_inprogress_0
2021-10-21 00:14:17,120 [6c4bf312-847f-4261-b1bf-aef11305f2d7@group-0C185B61CB60-LeaderElection124] INFO  server.RaftServer$Division (ServerState.java:setRaftConf(387)) - 6c4bf312-847f-4261-b1bf-aef11305f2d7@group-0C185B61CB60: set configuration 0: [5ad7e042-c272-4503-bb68-cca0083e8bfb|rpc:10.1.0.21:44457|dataStream:|priority:1, b1aa2fe7-eb40-4f9f-bfee-6ed7c04c202c|rpc:10.1.0.21:36605|dataStream:|priority:0, 6c4bf312-847f-4261-b1bf-aef11305f2d7|rpc:10.1.0.21:45071|dataStream:|priority:0], old=null
2021-10-21 00:14:17,130 [grpc-default-executor-4] WARN  server.GrpcLogAppender (LogUtils.java:warn(122)) - 6c4bf312-847f-4261-b1bf-aef11305f2d7@group-0C185B61CB60->5ad7e042-c272-4503-bb68-cca0083e8bfb-AppendLogResponseHandler: Failed appendEntries: org.apache.ratis.thirdparty.io.grpc.StatusRuntimeException: UNAVAILABLE: io exception
2021-10-21 00:14:17,188 [grpc-default-executor-4] WARN  server.GrpcLogAppender (GrpcLogAppender.java:resetClient(110)) - 6c4bf312-847f-4261-b1bf-aef11305f2d7@group-0C185B61CB60->5ad7e042-c272-4503-bb68-cca0083e8bfb-GrpcLogAppender: Leader has not got in touch with Follower 6c4bf312-847f-4261-b1bf-aef11305f2d7@group-0C185B61CB60->5ad7e042-c272-4503-bb68-cca0083e8bfb(c-1,m0,n1, attendVote=true, lastRpcSendTime=0, lastRpcResponseTime=5363) yet, just keep nextIndex unchanged and retry.
2021-10-21 00:14:17,199 [grpc-default-executor-3] INFO  ratis.XceiverServerRatis (XceiverServerRatis.java:handleLeaderChangedNotification(866)) - Leader change notification received for group: group-0C185B61CB60 with new leaderId: 6c4bf312-847f-4261-b1bf-aef11305f2d7
2021-10-21 00:14:17,199 [grpc-default-executor-3] INFO  server.RaftServer$Division (ServerState.java:setLeader(285)) - b1aa2fe7-eb40-4f9f-bfee-6ed7c04c202c@group-0C185B61CB60: change Leader from null to 6c4bf312-847f-4261-b1bf-aef11305f2d7 at term 7 for appendEntries, leader elected after 32221ms
2021-10-21 00:14:17,224 [grpc-default-executor-3] INFO  server.RaftServer$Division (ServerState.java:setRaftConf(387)) - b1aa2fe7-eb40-4f9f-bfee-6ed7c04c202c@group-0C185B61CB60: set configuration 0: [5ad7e042-c272-4503-bb68-cca0083e8bfb|rpc:10.1.0.21:44457|dataStream:|priority:1, b1aa2fe7-eb40-4f9f-bfee-6ed7c04c202c|rpc:10.1.0.21:36605|dataStream:|priority:0, 6c4bf312-847f-4261-b1bf-aef11305f2d7|rpc:10.1.0.21:45071|dataStream:|priority:0], old=null
2021-10-21 00:14:17,224 [grpc-default-executor-3] INFO  segmented.SegmentedRaftLogWorker (SegmentedRaftLogWorker.java:startLogSegment(394)) - b1aa2fe7-eb40-4f9f-bfee-6ed7c04c202c@group-0C185B61CB60-SegmentedRaftLogWorker: Starting segment from index:0
2021-10-21 00:14:17,230 [b1aa2fe7-eb40-4f9f-bfee-6ed7c04c202c@group-0C185B61CB60-SegmentedRaftLogWorker] INFO  segmented.SegmentedRaftLogWorker (SegmentedRaftLogWorker.java:execute(601)) - b1aa2fe7-eb40-4f9f-bfee-6ed7c04c202c@group-0C185B61CB60-SegmentedRaftLogWorker: created new log segment /home/runner/work/ozone/ozone/hadoop-ozone/integration-test/target/test-dir/MiniOzoneClusterImpl-0ff56402-746c-4b46-aacb-40edab3b56db/datanode-3/data/ratis/1b019f85-e068-433d-8e86-0c185b61cb60/current/log_inprogress_0
2021-10-21 00:14:17,720 [ForkJoinPool.commonPool-worker-0] INFO  statemachine.DatanodeStateMachine (DatanodeStateMachine.java:stopDaemon(524)) - Ozone container server stopped.
2021-10-21 00:14:17,730 [ForkJoinPool.commonPool-worker-0] INFO  handler.ContextHandler (ContextHandler.java:doStop(1153)) - Stopped o.e.j.w.WebAppContext@1d646e4c{hddsDatanode,/,null,STOPPED}{jar:file:/home/runner/.m2/repository/org/apache/ozone/hdds-container-service/1.2.0-SNAPSHOT/hdds-container-service-1.2.0-SNAPSHOT.jar!/webapps/hddsDatanode}
2021-10-21 00:14:17,799 [ForkJoinPool.commonPool-worker-0] INFO  server.AbstractConnector (AbstractConnector.java:doStop(381)) - Stopped ServerConnector@30c07ead{HTTP/1.1, (http/1.1)}{0.0.0.0:0}
2021-10-21 00:14:17,799 [ForkJoinPool.commonPool-worker-0] INFO  server.session (HouseKeeper.java:stopScavenging(149)) - node0 Stopped scavenging
2021-10-21 00:14:17,802 [ForkJoinPool.commonPool-worker-0] INFO  handler.ContextHandler (ContextHandler.java:doStop(1153)) - Stopped o.e.j.s.ServletContextHandler@6c74e7a1{static,/static,jar:file:/home/runner/.m2/repository/org/apache/ozone/hdds-container-service/1.2.0-SNAPSHOT/hdds-container-service-1.2.0-SNAPSHOT.jar!/webapps/static,STOPPED}
2021-10-21 00:14:17,803 [ForkJoinPool.commonPool-worker-0] INFO  handler.ContextHandler (ContextHandler.java:doStop(1153)) - Stopped o.e.j.s.ServletContextHandler@5b01cacd{logs,/logs,file:///home/runner/work/ozone/ozone/hadoop-ozone/integration-test/target/log,STOPPED}
2021-10-21 00:14:17,826 [Listener at 127.0.0.1/34193] INFO  statemachine.DatanodeStateMachine (DatanodeStateMachine.java:stopDaemon(524)) - Ozone container server stopped.
2021-10-21 00:14:17,827 [Listener at 127.0.0.1/34193] INFO  handler.ContextHandler (ContextHandler.java:doStop(1153)) - Stopped o.e.j.w.WebAppContext@34b666f3{hddsDatanode,/,null,STOPPED}{jar:file:/home/runner/.m2/repository/org/apache/ozone/hdds-container-service/1.2.0-SNAPSHOT/hdds-container-service-1.2.0-SNAPSHOT.jar!/webapps/hddsDatanode}
2021-10-21 00:14:17,836 [Listener at 127.0.0.1/34193] INFO  server.AbstractConnector (AbstractConnector.java:doStop(381)) - Stopped ServerConnector@59c57449{HTTP/1.1, (http/1.1)}{0.0.0.0:0}
2021-10-21 00:14:17,836 [Listener at 127.0.0.1/34193] INFO  server.session (HouseKeeper.java:stopScavenging(149)) - node0 Stopped scavenging
2021-10-21 00:14:17,836 [Listener at 127.0.0.1/34193] INFO  handler.ContextHandler (ContextHandler.java:doStop(1153)) - Stopped o.e.j.s.ServletContextHandler@324bd8b6{static,/static,jar:file:/home/runner/.m2/repository/org/apache/ozone/hdds-container-service/1.2.0-SNAPSHOT/hdds-container-service-1.2.0-SNAPSHOT.jar!/webapps/static,STOPPED}
2021-10-21 00:14:17,837 [Listener at 127.0.0.1/34193] INFO  handler.ContextHandler (ContextHandler.java:doStop(1153)) - Stopped o.e.j.s.ServletContextHandler@61868078{logs,/logs,file:///home/runner/work/ozone/ozone/hadoop-ozone/integration-test/target/log,STOPPED}
2021-10-21 00:14:19,688 [grpc-default-executor-3] WARN  server.GrpcLogAppender (LogUtils.java:warn(122)) - 6c4bf312-847f-4261-b1bf-aef11305f2d7@group-0C185B61CB60->5ad7e042-c272-4503-bb68-cca0083e8bfb-AppendLogResponseHandler: Failed appendEntries: org.apache.ratis.thirdparty.io.grpc.StatusRuntimeException: UNAVAILABLE: io exception
2021-10-21 00:14:19,688 [grpc-default-executor-3] WARN  server.GrpcLogAppender (GrpcLogAppender.java:resetClient(110)) - 6c4bf312-847f-4261-b1bf-aef11305f2d7@group-0C185B61CB60->5ad7e042-c272-4503-bb68-cca0083e8bfb-GrpcLogAppender: Leader has not got in touch with Follower 6c4bf312-847f-4261-b1bf-aef11305f2d7@group-0C185B61CB60->5ad7e042-c272-4503-bb68-cca0083e8bfb(c-1,m0,n1, attendVote=true, lastRpcSendTime=0, lastRpcResponseTime=7863) yet, just keep nextIndex unchanged and retry.
2021-10-21 00:14:20,067 [fe031be3-9947-46ae-8b09-98e602d9361b@group-AA76DA738849-FollowerState] INFO  impl.FollowerState (FollowerState.java:run(134)) - fe031be3-9947-46ae-8b09-98e602d9361b@group-AA76DA738849-FollowerState: change to CANDIDATE, lastRpcElapsedTime:5091915939ns, electionTimeout:5091ms
2021-10-21 00:14:20,067 [fe031be3-9947-46ae-8b09-98e602d9361b@group-AA76DA738849-FollowerState] INFO  impl.RoleInfo (RoleInfo.java:shutdownFollowerState(108)) - fe031be3-9947-46ae-8b09-98e602d9361b: shutdown fe031be3-9947-46ae-8b09-98e602d9361b@group-AA76DA738849-FollowerState
2021-10-21 00:14:20,067 [fe031be3-9947-46ae-8b09-98e602d9361b@group-AA76DA738849-FollowerState] INFO  server.RaftServer$Division (RaftServerImpl.java:setRole(290)) - fe031be3-9947-46ae-8b09-98e602d9361b@group-AA76DA738849: changes role from  FOLLOWER to CANDIDATE at term 5 for changeToCandidate
2021-10-21 00:14:20,067 [fe031be3-9947-46ae-8b09-98e602d9361b@group-AA76DA738849-FollowerState] INFO  server.RaftServerConfigKeys (ConfUtils.java:logGet(44)) - raft.server.leaderelection.pre-vote = false (custom)
2021-10-21 00:14:20,067 [fe031be3-9947-46ae-8b09-98e602d9361b@group-AA76DA738849-FollowerState] INFO  impl.RoleInfo (RoleInfo.java:updateAndGet(130)) - fe031be3-9947-46ae-8b09-98e602d9361b: start fe031be3-9947-46ae-8b09-98e602d9361b@group-AA76DA738849-LeaderElection125
2021-10-21 00:14:20,091 [87f4cda0-ffb5-4aa3-ac3a-463d681607fa@group-AA76DA738849-FollowerState] INFO  impl.FollowerState (FollowerState.java:run(134)) - 87f4cda0-ffb5-4aa3-ac3a-463d681607fa@group-AA76DA738849-FollowerState: change to CANDIDATE, lastRpcElapsedTime:5124960760ns, electionTimeout:5083ms
2021-10-21 00:14:20,092 [87f4cda0-ffb5-4aa3-ac3a-463d681607fa@group-AA76DA738849-FollowerState] INFO  impl.RoleInfo (RoleInfo.java:shutdownFollowerState(108)) - 87f4cda0-ffb5-4aa3-ac3a-463d681607fa: shutdown 87f4cda0-ffb5-4aa3-ac3a-463d681607fa@group-AA76DA738849-FollowerState
2021-10-21 00:14:20,092 [87f4cda0-ffb5-4aa3-ac3a-463d681607fa@group-AA76DA738849-FollowerState] INFO  server.RaftServer$Division (RaftServerImpl.java:setRole(290)) - 87f4cda0-ffb5-4aa3-ac3a-463d681607fa@group-AA76DA738849: changes role from  FOLLOWER to CANDIDATE at term 5 for changeToCandidate
2021-10-21 00:14:20,092 [87f4cda0-ffb5-4aa3-ac3a-463d681607fa@group-AA76DA738849-FollowerState] INFO  server.RaftServerConfigKeys (ConfUtils.java:logGet(44)) - raft.server.leaderelection.pre-vote = false (custom)
2021-10-21 00:14:20,092 [87f4cda0-ffb5-4aa3-ac3a-463d681607fa@group-AA76DA738849-FollowerState] INFO  impl.RoleInfo (RoleInfo.java:updateAndGet(130)) - 87f4cda0-ffb5-4aa3-ac3a-463d681607fa: start 87f4cda0-ffb5-4aa3-ac3a-463d681607fa@group-AA76DA738849-LeaderElection126
2021-10-21 00:14:20,104 [fe031be3-9947-46ae-8b09-98e602d9361b@group-AA76DA738849-LeaderElection125] INFO  impl.LeaderElection (LeaderElection.java:askForVotes(306)) - fe031be3-9947-46ae-8b09-98e602d9361b@group-AA76DA738849-LeaderElection125 ELECTION round 0: submit vote requests at term 6 for -1: [87f4cda0-ffb5-4aa3-ac3a-463d681607fa|rpc:10.1.0.21:43449|priority:0, fe031be3-9947-46ae-8b09-98e602d9361b|rpc:10.1.0.21:44461|priority:0, f11f8ce1-e80f-4662-ac56-049e7a4c2ce6|rpc:10.1.0.21:45621|priority:1], old=null
2021-10-21 00:14:20,133 [f11f8ce1-e80f-4662-ac56-049e7a4c2ce6@group-AA76DA738849-FollowerState] INFO  impl.FollowerState (FollowerState.java:run(134)) - f11f8ce1-e80f-4662-ac56-049e7a4c2ce6@group-AA76DA738849-FollowerState: change to CANDIDATE, lastRpcElapsedTime:5124445655ns, electionTimeout:5101ms
2021-10-21 00:14:20,133 [f11f8ce1-e80f-4662-ac56-049e7a4c2ce6@group-AA76DA738849-FollowerState] INFO  impl.RoleInfo (RoleInfo.java:shutdownFollowerState(108)) - f11f8ce1-e80f-4662-ac56-049e7a4c2ce6: shutdown f11f8ce1-e80f-4662-ac56-049e7a4c2ce6@group-AA76DA738849-FollowerState
2021-10-21 00:14:20,133 [f11f8ce1-e80f-4662-ac56-049e7a4c2ce6@group-AA76DA738849-FollowerState] INFO  server.RaftServer$Division (RaftServerImpl.java:setRole(290)) - f11f8ce1-e80f-4662-ac56-049e7a4c2ce6@group-AA76DA738849: changes role from  FOLLOWER to CANDIDATE at term 5 for changeToCandidate
2021-10-21 00:14:20,155 [f11f8ce1-e80f-4662-ac56-049e7a4c2ce6@group-AA76DA738849-FollowerState] INFO  server.RaftServerConfigKeys (ConfUtils.java:logGet(44)) - raft.server.leaderelection.pre-vote = false (custom)
2021-10-21 00:14:20,155 [f11f8ce1-e80f-4662-ac56-049e7a4c2ce6@group-AA76DA738849-FollowerState] INFO  impl.RoleInfo (RoleInfo.java:updateAndGet(130)) - f11f8ce1-e80f-4662-ac56-049e7a4c2ce6: start f11f8ce1-e80f-4662-ac56-049e7a4c2ce6@group-AA76DA738849-LeaderElection127
2021-10-21 00:14:20,171 [87f4cda0-ffb5-4aa3-ac3a-463d681607fa@group-AA76DA738849-LeaderElection126] INFO  impl.LeaderElection (LeaderElection.java:askForVotes(306)) - 87f4cda0-ffb5-4aa3-ac3a-463d681607fa@group-AA76DA738849-LeaderElection126 ELECTION round 0: submit vote requests at term 6 for -1: [87f4cda0-ffb5-4aa3-ac3a-463d681607fa|rpc:10.1.0.21:43449|dataStream:|priority:0, fe031be3-9947-46ae-8b09-98e602d9361b|rpc:10.1.0.21:44461|dataStream:|priority:0, f11f8ce1-e80f-4662-ac56-049e7a4c2ce6|rpc:10.1.0.21:45621|dataStream:|priority:1], old=null
2021-10-21 00:14:20,187 [grpc-default-executor-3] INFO  server.RaftServer$Division (RaftServerImpl.java:requestVote(1046)) - 87f4cda0-ffb5-4aa3-ac3a-463d681607fa@group-AA76DA738849: receive requestVote(ELECTION, fe031be3-9947-46ae-8b09-98e602d9361b, group-AA76DA738849, 6, (t:0, i:0))
2021-10-21 00:14:20,187 [grpc-default-executor-3] INFO  impl.VoteContext (VoteContext.java:log(48)) - 87f4cda0-ffb5-4aa3-ac3a-463d681607fa@group-AA76DA738849-CANDIDATE: reject ELECTION from fe031be3-9947-46ae-8b09-98e602d9361b: already has voted for 87f4cda0-ffb5-4aa3-ac3a-463d681607fa at current term 6
2021-10-21 00:14:20,187 [grpc-default-executor-3] INFO  server.RaftServer$Division (RaftServerImpl.java:requestVote(1078)) - 87f4cda0-ffb5-4aa3-ac3a-463d681607fa@group-AA76DA738849 replies to ELECTION vote request: fe031be3-9947-46ae-8b09-98e602d9361b<-87f4cda0-ffb5-4aa3-ac3a-463d681607fa#0:FAIL-t6. Peer's state: 87f4cda0-ffb5-4aa3-ac3a-463d681607fa@group-AA76DA738849:t6, leader=null, voted=87f4cda0-ffb5-4aa3-ac3a-463d681607fa, raftlog=87f4cda0-ffb5-4aa3-ac3a-463d681607fa@group-AA76DA738849-SegmentedRaftLog:OPENED:c-1, conf=-1: [87f4cda0-ffb5-4aa3-ac3a-463d681607fa|rpc:10.1.0.21:43449|dataStream:|priority:0, fe031be3-9947-46ae-8b09-98e602d9361b|rpc:10.1.0.21:44461|dataStream:|priority:0, f11f8ce1-e80f-4662-ac56-049e7a4c2ce6|rpc:10.1.0.21:45621|dataStream:|priority:1], old=null
2021-10-21 00:14:20,217 [f11f8ce1-e80f-4662-ac56-049e7a4c2ce6@group-AA76DA738849-LeaderElection127] INFO  impl.LeaderElection (LeaderElection.java:askForVotes(306)) - f11f8ce1-e80f-4662-ac56-049e7a4c2ce6@group-AA76DA738849-LeaderElection127 ELECTION round 0: submit vote requests at term 6 for -1: [87f4cda0-ffb5-4aa3-ac3a-463d681607fa|rpc:10.1.0.21:43449|dataStream:|priority:0, fe031be3-9947-46ae-8b09-98e602d9361b|rpc:10.1.0.21:44461|dataStream:|priority:0, f11f8ce1-e80f-4662-ac56-049e7a4c2ce6|rpc:10.1.0.21:45621|dataStream:|priority:1], old=null
2021-10-21 00:14:20,238 [grpc-default-executor-4] INFO  server.RaftServer$Division (RaftServerImpl.java:requestVote(1046)) - fe031be3-9947-46ae-8b09-98e602d9361b@group-AA76DA738849: receive requestVote(ELECTION, 87f4cda0-ffb5-4aa3-ac3a-463d681607fa, group-AA76DA738849, 6, (t:0, i:0))
2021-10-21 00:14:20,238 [grpc-default-executor-4] INFO  impl.VoteContext (VoteContext.java:log(48)) - fe031be3-9947-46ae-8b09-98e602d9361b@group-AA76DA738849-CANDIDATE: reject ELECTION from 87f4cda0-ffb5-4aa3-ac3a-463d681607fa: already has voted for fe031be3-9947-46ae-8b09-98e602d9361b at current term 6
2021-10-21 00:14:20,238 [grpc-default-executor-4] INFO  server.RaftServer$Division (RaftServerImpl.java:requestVote(1078)) - fe031be3-9947-46ae-8b09-98e602d9361b@group-AA76DA738849 replies to ELECTION vote request: 87f4cda0-ffb5-4aa3-ac3a-463d681607fa<-fe031be3-9947-46ae-8b09-98e602d9361b#0:FAIL-t6. Peer's state: fe031be3-9947-46ae-8b09-98e602d9361b@group-AA76DA738849:t6, leader=null, voted=fe031be3-9947-46ae-8b09-98e602d9361b, raftlog=fe031be3-9947-46ae-8b09-98e602d9361b@group-AA76DA738849-SegmentedRaftLog:OPENED:c-1, conf=-1: [87f4cda0-ffb5-4aa3-ac3a-463d681607fa|rpc:10.1.0.21:43449|priority:0, fe031be3-9947-46ae-8b09-98e602d9361b|rpc:10.1.0.21:44461|priority:0, f11f8ce1-e80f-4662-ac56-049e7a4c2ce6|rpc:10.1.0.21:45621|priority:1], old=null
2021-10-21 00:14:20,238 [grpc-default-executor-3] INFO  server.RaftServer$Division (RaftServerImpl.java:requestVote(1046)) - f11f8ce1-e80f-4662-ac56-049e7a4c2ce6@group-AA76DA738849: receive requestVote(ELECTION, 87f4cda0-ffb5-4aa3-ac3a-463d681607fa, group-AA76DA738849, 6, (t:0, i:0))
2021-10-21 00:14:20,238 [grpc-default-executor-3] INFO  impl.VoteContext (VoteContext.java:log(48)) - f11f8ce1-e80f-4662-ac56-049e7a4c2ce6@group-AA76DA738849-CANDIDATE: reject ELECTION from 87f4cda0-ffb5-4aa3-ac3a-463d681607fa: already has voted for f11f8ce1-e80f-4662-ac56-049e7a4c2ce6 at current term 6
2021-10-21 00:14:20,239 [grpc-default-executor-3] INFO  server.RaftServer$Division (RaftServerImpl.java:requestVote(1078)) - f11f8ce1-e80f-4662-ac56-049e7a4c2ce6@group-AA76DA738849 replies to ELECTION vote request: 87f4cda0-ffb5-4aa3-ac3a-463d681607fa<-f11f8ce1-e80f-4662-ac56-049e7a4c2ce6#0:FAIL-t6. Peer's state: f11f8ce1-e80f-4662-ac56-049e7a4c2ce6@group-AA76DA738849:t6, leader=null, voted=f11f8ce1-e80f-4662-ac56-049e7a4c2ce6, raftlog=f11f8ce1-e80f-4662-ac56-049e7a4c2ce6@group-AA76DA738849-SegmentedRaftLog:OPENED:c-1, conf=-1: [87f4cda0-ffb5-4aa3-ac3a-463d681607fa|rpc:10.1.0.21:43449|dataStream:|priority:0, fe031be3-9947-46ae-8b09-98e602d9361b|rpc:10.1.0.21:44461|dataStream:|priority:0, f11f8ce1-e80f-4662-ac56-049e7a4c2ce6|rpc:10.1.0.21:45621|dataStream:|priority:1], old=null
2021-10-21 00:14:20,243 [grpc-default-executor-4] INFO  server.RaftServer$Division (RaftServerImpl.java:requestVote(1046)) - f11f8ce1-e80f-4662-ac56-049e7a4c2ce6@group-AA76DA738849: receive requestVote(ELECTION, fe031be3-9947-46ae-8b09-98e602d9361b, group-AA76DA738849, 6, (t:0, i:0))
2021-10-21 00:14:20,243 [grpc-default-executor-4] INFO  impl.VoteContext (VoteContext.java:log(48)) - f11f8ce1-e80f-4662-ac56-049e7a4c2ce6@group-AA76DA738849-CANDIDATE: reject ELECTION from fe031be3-9947-46ae-8b09-98e602d9361b: already has voted for f11f8ce1-e80f-4662-ac56-049e7a4c2ce6 at current term 6
2021-10-21 00:14:20,243 [grpc-default-executor-4] INFO  server.RaftServer$Division (RaftServerImpl.java:requestVote(1078)) - f11f8ce1-e80f-4662-ac56-049e7a4c2ce6@group-AA76DA738849 replies to ELECTION vote request: fe031be3-9947-46ae-8b09-98e602d9361b<-f11f8ce1-e80f-4662-ac56-049e7a4c2ce6#0:FAIL-t6. Peer's state: f11f8ce1-e80f-4662-ac56-049e7a4c2ce6@group-AA76DA738849:t6, leader=null, voted=f11f8ce1-e80f-4662-ac56-049e7a4c2ce6, raftlog=f11f8ce1-e80f-4662-ac56-049e7a4c2ce6@group-AA76DA738849-SegmentedRaftLog:OPENED:c-1, conf=-1: [87f4cda0-ffb5-4aa3-ac3a-463d681607fa|rpc:10.1.0.21:43449|dataStream:|priority:0, fe031be3-9947-46ae-8b09-98e602d9361b|rpc:10.1.0.21:44461|dataStream:|priority:0, f11f8ce1-e80f-4662-ac56-049e7a4c2ce6|rpc:10.1.0.21:45621|dataStream:|priority:1], old=null
2021-10-21 00:14:20,244 [fe031be3-9947-46ae-8b09-98e602d9361b@group-AA76DA738849-LeaderElection125] INFO  impl.LeaderElection (LeaderElection.java:logAndReturn(89)) - fe031be3-9947-46ae-8b09-98e602d9361b@group-AA76DA738849-LeaderElection125: ELECTION REJECTED received 2 response(s) and 0 exception(s):
2021-10-21 00:14:20,244 [fe031be3-9947-46ae-8b09-98e602d9361b@group-AA76DA738849-LeaderElection125] INFO  impl.LeaderElection (LeaderElection.java:logAndReturn(93)) -   Response 0: fe031be3-9947-46ae-8b09-98e602d9361b<-87f4cda0-ffb5-4aa3-ac3a-463d681607fa#0:FAIL-t6
2021-10-21 00:14:20,244 [fe031be3-9947-46ae-8b09-98e602d9361b@group-AA76DA738849-LeaderElection125] INFO  impl.LeaderElection (LeaderElection.java:logAndReturn(93)) -   Response 1: fe031be3-9947-46ae-8b09-98e602d9361b<-f11f8ce1-e80f-4662-ac56-049e7a4c2ce6#0:FAIL-t6
2021-10-21 00:14:20,246 [grpc-default-executor-4] INFO  server.RaftServer$Division (RaftServerImpl.java:requestVote(1046)) - 87f4cda0-ffb5-4aa3-ac3a-463d681607fa@group-AA76DA738849: receive requestVote(ELECTION, f11f8ce1-e80f-4662-ac56-049e7a4c2ce6, group-AA76DA738849, 6, (t:0, i:0))
2021-10-21 00:14:20,246 [grpc-default-executor-4] INFO  impl.VoteContext (VoteContext.java:log(48)) - 87f4cda0-ffb5-4aa3-ac3a-463d681607fa@group-AA76DA738849-CANDIDATE: reject ELECTION from f11f8ce1-e80f-4662-ac56-049e7a4c2ce6: already has voted for 87f4cda0-ffb5-4aa3-ac3a-463d681607fa at current term 6
2021-10-21 00:14:20,246 [grpc-default-executor-4] INFO  server.RaftServer$Division (RaftServerImpl.java:requestVote(1078)) - 87f4cda0-ffb5-4aa3-ac3a-463d681607fa@group-AA76DA738849 replies to ELECTION vote request: f11f8ce1-e80f-4662-ac56-049e7a4c2ce6<-87f4cda0-ffb5-4aa3-ac3a-463d681607fa#0:FAIL-t6. Peer's state: 87f4cda0-ffb5-4aa3-ac3a-463d681607fa@group-AA76DA738849:t6, leader=null, voted=87f4cda0-ffb5-4aa3-ac3a-463d681607fa, raftlog=87f4cda0-ffb5-4aa3-ac3a-463d681607fa@group-AA76DA738849-SegmentedRaftLog:OPENED:c-1, conf=-1: [87f4cda0-ffb5-4aa3-ac3a-463d681607fa|rpc:10.1.0.21:43449|dataStream:|priority:0, fe031be3-9947-46ae-8b09-98e602d9361b|rpc:10.1.0.21:44461|dataStream:|priority:0, f11f8ce1-e80f-4662-ac56-049e7a4c2ce6|rpc:10.1.0.21:45621|dataStream:|priority:1], old=null
2021-10-21 00:14:20,263 [fe031be3-9947-46ae-8b09-98e602d9361b@group-AA76DA738849-LeaderElection125] INFO  impl.LeaderElection (LeaderElection.java:askForVotes(308)) - fe031be3-9947-46ae-8b09-98e602d9361b@group-AA76DA738849-LeaderElection125 ELECTION round 0: result REJECTED
2021-10-21 00:14:20,263 [fe031be3-9947-46ae-8b09-98e602d9361b@group-AA76DA738849-LeaderElection125] INFO  server.RaftServer$Division (RaftServerImpl.java:setRole(290)) - fe031be3-9947-46ae-8b09-98e602d9361b@group-AA76DA738849: changes role from CANDIDATE to FOLLOWER at term 6 for REJECTED
2021-10-21 00:14:20,263 [fe031be3-9947-46ae-8b09-98e602d9361b@group-AA76DA738849-LeaderElection125] INFO  impl.RoleInfo (RoleInfo.java:shutdownLeaderElection(121)) - fe031be3-9947-46ae-8b09-98e602d9361b: shutdown fe031be3-9947-46ae-8b09-98e602d9361b@group-AA76DA738849-LeaderElection125
2021-10-21 00:14:20,263 [fe031be3-9947-46ae-8b09-98e602d9361b@group-AA76DA738849-LeaderElection125] INFO  impl.RoleInfo (RoleInfo.java:updateAndGet(130)) - fe031be3-9947-46ae-8b09-98e602d9361b: start fe031be3-9947-46ae-8b09-98e602d9361b@group-AA76DA738849-FollowerState
2021-10-21 00:14:20,268 [grpc-default-executor-4] INFO  server.RaftServer$Division (RaftServerImpl.java:requestVote(1046)) - fe031be3-9947-46ae-8b09-98e602d9361b@group-AA76DA738849: receive requestVote(ELECTION, f11f8ce1-e80f-4662-ac56-049e7a4c2ce6, group-AA76DA738849, 6, (t:0, i:0))
2021-10-21 00:14:20,284 [87f4cda0-ffb5-4aa3-ac3a-463d681607fa@group-AA76DA738849-LeaderElection126] INFO  impl.LeaderElection (LeaderElection.java:logAndReturn(89)) - 87f4cda0-ffb5-4aa3-ac3a-463d681607fa@group-AA76DA738849-LeaderElection126: ELECTION REJECTED received 1 response(s) and 0 exception(s):
2021-10-21 00:14:20,284 [87f4cda0-ffb5-4aa3-ac3a-463d681607fa@group-AA76DA738849-LeaderElection126] INFO  impl.LeaderElection (LeaderElection.java:logAndReturn(93)) -   Response 0: 87f4cda0-ffb5-4aa3-ac3a-463d681607fa<-f11f8ce1-e80f-4662-ac56-049e7a4c2ce6#0:FAIL-t6
2021-10-21 00:14:20,284 [87f4cda0-ffb5-4aa3-ac3a-463d681607fa@group-AA76DA738849-LeaderElection126] INFO  impl.LeaderElection (LeaderElection.java:askForVotes(308)) - 87f4cda0-ffb5-4aa3-ac3a-463d681607fa@group-AA76DA738849-LeaderElection126 ELECTION round 0: result REJECTED
2021-10-21 00:14:20,284 [87f4cda0-ffb5-4aa3-ac3a-463d681607fa@group-AA76DA738849-LeaderElection126] INFO  server.RaftServer$Division (RaftServerImpl.java:setRole(290)) - 87f4cda0-ffb5-4aa3-ac3a-463d681607fa@group-AA76DA738849: changes role from CANDIDATE to FOLLOWER at term 6 for REJECTED
2021-10-21 00:14:20,284 [87f4cda0-ffb5-4aa3-ac3a-463d681607fa@group-AA76DA738849-LeaderElection126] INFO  impl.RoleInfo (RoleInfo.java:shutdownLeaderElection(121)) - 87f4cda0-ffb5-4aa3-ac3a-463d681607fa: shutdown 87f4cda0-ffb5-4aa3-ac3a-463d681607fa@group-AA76DA738849-LeaderElection126
2021-10-21 00:14:20,284 [87f4cda0-ffb5-4aa3-ac3a-463d681607fa@group-AA76DA738849-LeaderElection126] INFO  impl.RoleInfo (RoleInfo.java:updateAndGet(130)) - 87f4cda0-ffb5-4aa3-ac3a-463d681607fa: start 87f4cda0-ffb5-4aa3-ac3a-463d681607fa@group-AA76DA738849-FollowerState
2021-10-21 00:14:20,285 [grpc-default-executor-4] INFO  impl.VoteContext (VoteContext.java:log(48)) - fe031be3-9947-46ae-8b09-98e602d9361b@group-AA76DA738849-FOLLOWER: reject ELECTION from f11f8ce1-e80f-4662-ac56-049e7a4c2ce6: already has voted for fe031be3-9947-46ae-8b09-98e602d9361b at current term 6
2021-10-21 00:14:20,285 [grpc-default-executor-4] INFO  server.RaftServer$Division (RaftServerImpl.java:requestVote(1078)) - fe031be3-9947-46ae-8b09-98e602d9361b@group-AA76DA738849 replies to ELECTION vote request: f11f8ce1-e80f-4662-ac56-049e7a4c2ce6<-fe031be3-9947-46ae-8b09-98e602d9361b#0:FAIL-t6. Peer's state: fe031be3-9947-46ae-8b09-98e602d9361b@group-AA76DA738849:t6, leader=null, voted=fe031be3-9947-46ae-8b09-98e602d9361b, raftlog=fe031be3-9947-46ae-8b09-98e602d9361b@group-AA76DA738849-SegmentedRaftLog:OPENED:c-1, conf=-1: [87f4cda0-ffb5-4aa3-ac3a-463d681607fa|rpc:10.1.0.21:43449|priority:0, fe031be3-9947-46ae-8b09-98e602d9361b|rpc:10.1.0.21:44461|priority:0, f11f8ce1-e80f-4662-ac56-049e7a4c2ce6|rpc:10.1.0.21:45621|priority:1], old=null
2021-10-21 00:14:20,286 [f11f8ce1-e80f-4662-ac56-049e7a4c2ce6@group-AA76DA738849-LeaderElection127] INFO  impl.LeaderElection (LeaderElection.java:logAndReturn(89)) - f11f8ce1-e80f-4662-ac56-049e7a4c2ce6@group-AA76DA738849-LeaderElection127: ELECTION REJECTED received 2 response(s) and 0 exception(s):
2021-10-21 00:14:20,286 [f11f8ce1-e80f-4662-ac56-049e7a4c2ce6@group-AA76DA738849-LeaderElection127] INFO  impl.LeaderElection (LeaderElection.java:logAndReturn(93)) -   Response 0: f11f8ce1-e80f-4662-ac56-049e7a4c2ce6<-87f4cda0-ffb5-4aa3-ac3a-463d681607fa#0:FAIL-t6
2021-10-21 00:14:20,286 [f11f8ce1-e80f-4662-ac56-049e7a4c2ce6@group-AA76DA738849-LeaderElection127] INFO  impl.LeaderElection (LeaderElection.java:logAndReturn(93)) -   Response 1: f11f8ce1-e80f-4662-ac56-049e7a4c2ce6<-fe031be3-9947-46ae-8b09-98e602d9361b#0:FAIL-t6
2021-10-21 00:14:20,286 [f11f8ce1-e80f-4662-ac56-049e7a4c2ce6@group-AA76DA738849-LeaderElection127] INFO  impl.LeaderElection (LeaderElection.java:askForVotes(308)) - f11f8ce1-e80f-4662-ac56-049e7a4c2ce6@group-AA76DA738849-LeaderElection127 ELECTION round 0: result REJECTED
2021-10-21 00:14:20,286 [f11f8ce1-e80f-4662-ac56-049e7a4c2ce6@group-AA76DA738849-LeaderElection127] INFO  server.RaftServer$Division (RaftServerImpl.java:setRole(290)) - f11f8ce1-e80f-4662-ac56-049e7a4c2ce6@group-AA76DA738849: changes role from CANDIDATE to FOLLOWER at term 6 for REJECTED
2021-10-21 00:14:20,286 [f11f8ce1-e80f-4662-ac56-049e7a4c2ce6@group-AA76DA738849-LeaderElection127] INFO  impl.RoleInfo (RoleInfo.java:shutdownLeaderElection(121)) - f11f8ce1-e80f-4662-ac56-049e7a4c2ce6: shutdown f11f8ce1-e80f-4662-ac56-049e7a4c2ce6@group-AA76DA738849-LeaderElection127
2021-10-21 00:14:20,286 [f11f8ce1-e80f-4662-ac56-049e7a4c2ce6@group-AA76DA738849-LeaderElection127] INFO  impl.RoleInfo (RoleInfo.java:updateAndGet(130)) - f11f8ce1-e80f-4662-ac56-049e7a4c2ce6: start f11f8ce1-e80f-4662-ac56-049e7a4c2ce6@group-AA76DA738849-FollowerState
2021-10-21 00:14:22,190 [grpc-default-executor-4] WARN  server.GrpcLogAppender (LogUtils.java:warn(122)) - 6c4bf312-847f-4261-b1bf-aef11305f2d7@group-0C185B61CB60->5ad7e042-c272-4503-bb68-cca0083e8bfb-AppendLogResponseHandler: Failed appendEntries: org.apache.ratis.thirdparty.io.grpc.StatusRuntimeException: UNAVAILABLE: io exception
2021-10-21 00:14:22,191 [grpc-default-executor-4] WARN  server.GrpcLogAppender (GrpcLogAppender.java:resetClient(110)) - 6c4bf312-847f-4261-b1bf-aef11305f2d7@group-0C185B61CB60->5ad7e042-c272-4503-bb68-cca0083e8bfb-GrpcLogAppender: Leader has not got in touch with Follower 6c4bf312-847f-4261-b1bf-aef11305f2d7@group-0C185B61CB60->5ad7e042-c272-4503-bb68-cca0083e8bfb(c-1,m0,n1, attendVote=true, lastRpcSendTime=2503, lastRpcResponseTime=10366) yet, just keep nextIndex unchanged and retry.
2021-10-21 00:14:22,389 [6c4bf312-847f-4261-b1bf-aef11305f2d7@group-0C185B61CB60-LeaderStateImpl] INFO  server.RaftServer$Division (LeaderStateImpl.java:yieldLeaderToHigherPriorityPeer(930)) - 6c4bf312-847f-4261-b1bf-aef11305f2d7@group-0C185B61CB60-LeaderStateImpl send StartLeaderElectionRequest to follower:5ad7e042-c272-4503-bb68-cca0083e8bfb on term:7 because follower's priority:1 is higher than leader's:0 and follower's lastEntry index:0 catch up with leader's:0
2021-10-21 00:14:22,823 [ForkJoinPool.commonPool-worker-0] INFO  ozoneimpl.OzoneContainer (OzoneContainer.java:stop(325)) - Attempting to stop container services.
2021-10-21 00:14:22,826 [ForkJoinPool.commonPool-worker-0] INFO  server.RaftServer (RaftServerProxy.java:lambda$close$6(391)) - b1aa2fe7-eb40-4f9f-bfee-6ed7c04c202c: close
2021-10-21 00:14:22,826 [ForkJoinPool.commonPool-worker-0] INFO  server.RaftServer$Division (RaftServerImpl.java:lambda$close$4(412)) - b1aa2fe7-eb40-4f9f-bfee-6ed7c04c202c@group-0C185B61CB60: shutdown
2021-10-21 00:14:22,826 [ForkJoinPool.commonPool-worker-0] INFO  util.JmxRegister (JmxRegister.java:unregister(73)) - Successfully un-registered JMX Bean with object name Ratis:service=RaftServer,group=group-0C185B61CB60,id=b1aa2fe7-eb40-4f9f-bfee-6ed7c04c202c
2021-10-21 00:14:22,826 [ForkJoinPool.commonPool-worker-0] INFO  impl.RoleInfo (RoleInfo.java:shutdownFollowerState(108)) - b1aa2fe7-eb40-4f9f-bfee-6ed7c04c202c: shutdown b1aa2fe7-eb40-4f9f-bfee-6ed7c04c202c@group-0C185B61CB60-FollowerState
2021-10-21 00:14:22,826 [ForkJoinPool.commonPool-worker-0] INFO  impl.StateMachineUpdater (StateMachineUpdater.java:stopAndJoin(149)) - b1aa2fe7-eb40-4f9f-bfee-6ed7c04c202c@group-0C185B61CB60-StateMachineUpdater: set stopIndex = 0
2021-10-21 00:14:22,826 [b1aa2fe7-eb40-4f9f-bfee-6ed7c04c202c@group-0C185B61CB60-FollowerState] INFO  impl.FollowerState (FollowerState.java:run(143)) - b1aa2fe7-eb40-4f9f-bfee-6ed7c04c202c@group-0C185B61CB60-FollowerState was interrupted: {}
java.lang.InterruptedException: sleep interrupted
	at java.lang.Thread.sleep(Native Method)
	at java.lang.Thread.sleep(Thread.java:340)
	at java.util.concurrent.TimeUnit.sleep(TimeUnit.java:386)
	at org.apache.ratis.util.TimeDuration.sleep(TimeDuration.java:324)
	at org.apache.ratis.util.TimeDuration.sleep(TimeDuration.java:309)
	at org.apache.ratis.server.impl.FollowerState.run(FollowerState.java:118)
2021-10-21 00:14:22,827 [b1aa2fe7-eb40-4f9f-bfee-6ed7c04c202c@group-0C185B61CB60-StateMachineUpdater] INFO  ratis.ContainerStateMachine (ContainerStateMachine.java:takeSnapshot(292)) - group-0C185B61CB60: Taking a snapshot at:(t:7, i:0) file /home/runner/work/ozone/ozone/hadoop-ozone/integration-test/target/test-dir/MiniOzoneClusterImpl-0ff56402-746c-4b46-aacb-40edab3b56db/datanode-3/data/ratis/1b019f85-e068-433d-8e86-0c185b61cb60/sm/snapshot.7_0
2021-10-21 00:14:22,831 [b1aa2fe7-eb40-4f9f-bfee-6ed7c04c202c@group-0C185B61CB60-StateMachineUpdater] INFO  ratis.ContainerStateMachine (ContainerStateMachine.java:takeSnapshot(303)) - group-0C185B61CB60: Finished taking a snapshot at:(t:7, i:0) file:/home/runner/work/ozone/ozone/hadoop-ozone/integration-test/target/test-dir/MiniOzoneClusterImpl-0ff56402-746c-4b46-aacb-40edab3b56db/datanode-3/data/ratis/1b019f85-e068-433d-8e86-0c185b61cb60/sm/snapshot.7_0 took: 3 ms
2021-10-21 00:14:22,831 [b1aa2fe7-eb40-4f9f-bfee-6ed7c04c202c@group-0C185B61CB60-StateMachineUpdater] INFO  impl.StateMachineUpdater (StateMachineUpdater.java:takeSnapshot(281)) - b1aa2fe7-eb40-4f9f-bfee-6ed7c04c202c@group-0C185B61CB60-StateMachineUpdater: Took a snapshot at index 0
2021-10-21 00:14:22,831 [b1aa2fe7-eb40-4f9f-bfee-6ed7c04c202c@group-0C185B61CB60-StateMachineUpdater] INFO  impl.StateMachineUpdater (StateMachineUpdater.java:lambda$new$0(89)) - b1aa2fe7-eb40-4f9f-bfee-6ed7c04c202c@group-0C185B61CB60-StateMachineUpdater: snapshotIndex: updateIncreasingly -1 -> 0
2021-10-21 00:14:22,832 [ForkJoinPool.commonPool-worker-0] INFO  server.RaftServer$Division (ServerState.java:close(419)) - b1aa2fe7-eb40-4f9f-bfee-6ed7c04c202c@group-0C185B61CB60: closes. applyIndex: 0
2021-10-21 00:14:22,832 [b1aa2fe7-eb40-4f9f-bfee-6ed7c04c202c@group-0C185B61CB60-SegmentedRaftLogWorker] INFO  segmented.SegmentedRaftLogWorker (SegmentedRaftLogWorker.java:run(327)) - b1aa2fe7-eb40-4f9f-bfee-6ed7c04c202c@group-0C185B61CB60-SegmentedRaftLogWorker was interrupted, exiting. There are 0 tasks remaining in the queue.
2021-10-21 00:14:22,840 [ForkJoinPool.commonPool-worker-0] INFO  segmented.SegmentedRaftLogWorker (SegmentedRaftLogWorker.java:close(237)) - b1aa2fe7-eb40-4f9f-bfee-6ed7c04c202c@group-0C185B61CB60-SegmentedRaftLogWorker close()
2021-10-21 00:14:22,844 [ForkJoinPool.commonPool-worker-0] INFO  server.RaftServer$Division (RaftServerImpl.java:lambda$close$4(412)) - b1aa2fe7-eb40-4f9f-bfee-6ed7c04c202c@group-AE50F5E5AA8C: shutdown
2021-10-21 00:14:22,844 [ForkJoinPool.commonPool-worker-0] INFO  util.JmxRegister (JmxRegister.java:unregister(73)) - Successfully un-registered JMX Bean with object name Ratis:service=RaftServer,group=group-AE50F5E5AA8C,id=b1aa2fe7-eb40-4f9f-bfee-6ed7c04c202c
2021-10-21 00:14:22,844 [ForkJoinPool.commonPool-worker-0] INFO  impl.RoleInfo (RoleInfo.java:shutdownLeaderState(91)) - b1aa2fe7-eb40-4f9f-bfee-6ed7c04c202c: shutdown b1aa2fe7-eb40-4f9f-bfee-6ed7c04c202c@group-AE50F5E5AA8C-LeaderStateImpl
2021-10-21 00:14:22,844 [ForkJoinPool.commonPool-worker-0] INFO  impl.PendingRequests (PendingRequests.java:sendNotLeaderResponses(282)) - b1aa2fe7-eb40-4f9f-bfee-6ed7c04c202c@group-AE50F5E5AA8C-PendingRequests: sendNotLeaderResponses
2021-10-21 00:14:22,845 [ForkJoinPool.commonPool-worker-0] INFO  impl.StateMachineUpdater (StateMachineUpdater.java:stopAndJoin(149)) - b1aa2fe7-eb40-4f9f-bfee-6ed7c04c202c@group-AE50F5E5AA8C-StateMachineUpdater: set stopIndex = 0
2021-10-21 00:14:22,846 [b1aa2fe7-eb40-4f9f-bfee-6ed7c04c202c@group-AE50F5E5AA8C-StateMachineUpdater] INFO  ratis.ContainerStateMachine (ContainerStateMachine.java:takeSnapshot(292)) - group-AE50F5E5AA8C: Taking a snapshot at:(t:1, i:0) file /home/runner/work/ozone/ozone/hadoop-ozone/integration-test/target/test-dir/MiniOzoneClusterImpl-0ff56402-746c-4b46-aacb-40edab3b56db/datanode-3/data/ratis/90eb6df1-f670-4912-ae0e-ae50f5e5aa8c/sm/snapshot.1_0
2021-10-21 00:14:22,851 [b1aa2fe7-eb40-4f9f-bfee-6ed7c04c202c@group-AE50F5E5AA8C-StateMachineUpdater] INFO  ratis.ContainerStateMachine (ContainerStateMachine.java:takeSnapshot(303)) - group-AE50F5E5AA8C: Finished taking a snapshot at:(t:1, i:0) file:/home/runner/work/ozone/ozone/hadoop-ozone/integration-test/target/test-dir/MiniOzoneClusterImpl-0ff56402-746c-4b46-aacb-40edab3b56db/datanode-3/data/ratis/90eb6df1-f670-4912-ae0e-ae50f5e5aa8c/sm/snapshot.1_0 took: 5 ms
2021-10-21 00:14:22,851 [b1aa2fe7-eb40-4f9f-bfee-6ed7c04c202c@group-AE50F5E5AA8C-StateMachineUpdater] INFO  impl.StateMachineUpdater (StateMachineUpdater.java:takeSnapshot(281)) - b1aa2fe7-eb40-4f9f-bfee-6ed7c04c202c@group-AE50F5E5AA8C-StateMachineUpdater: Took a snapshot at index 0
2021-10-21 00:14:22,851 [b1aa2fe7-eb40-4f9f-bfee-6ed7c04c202c@group-AE50F5E5AA8C-StateMachineUpdater] INFO  impl.StateMachineUpdater (StateMachineUpdater.java:lambda$new$0(89)) - b1aa2fe7-eb40-4f9f-bfee-6ed7c04c202c@group-AE50F5E5AA8C-StateMachineUpdater: snapshotIndex: updateIncreasingly -1 -> 0
2021-10-21 00:14:22,855 [ForkJoinPool.commonPool-worker-0] INFO  server.RaftServer$Division (ServerState.java:close(419)) - b1aa2fe7-eb40-4f9f-bfee-6ed7c04c202c@group-AE50F5E5AA8C: closes. applyIndex: 0
2021-10-21 00:14:22,855 [b1aa2fe7-eb40-4f9f-bfee-6ed7c04c202c@group-AE50F5E5AA8C-SegmentedRaftLogWorker] INFO  segmented.SegmentedRaftLogWorker (SegmentedRaftLogWorker.java:run(327)) - b1aa2fe7-eb40-4f9f-bfee-6ed7c04c202c@group-AE50F5E5AA8C-SegmentedRaftLogWorker was interrupted, exiting. There are 0 tasks remaining in the queue.
2021-10-21 00:14:22,862 [Listener at 127.0.0.1/34193] INFO  ozoneimpl.OzoneContainer (OzoneContainer.java:stop(325)) - Attempting to stop container services.
2021-10-21 00:14:22,863 [Listener at 127.0.0.1/34193] INFO  server.RaftServer (RaftServerProxy.java:lambda$close$6(391)) - 6c4bf312-847f-4261-b1bf-aef11305f2d7: close
2021-10-21 00:14:22,863 [Listener at 127.0.0.1/34193] INFO  server.RaftServer$Division (RaftServerImpl.java:lambda$close$4(412)) - 6c4bf312-847f-4261-b1bf-aef11305f2d7@group-D3D63B047129: shutdown
2021-10-21 00:14:22,863 [Listener at 127.0.0.1/34193] INFO  util.JmxRegister (JmxRegister.java:unregister(73)) - Successfully un-registered JMX Bean with object name Ratis:service=RaftServer,group=group-D3D63B047129,id=6c4bf312-847f-4261-b1bf-aef11305f2d7
2021-10-21 00:14:22,863 [Listener at 127.0.0.1/34193] INFO  impl.RoleInfo (RoleInfo.java:shutdownLeaderState(91)) - 6c4bf312-847f-4261-b1bf-aef11305f2d7: shutdown 6c4bf312-847f-4261-b1bf-aef11305f2d7@group-D3D63B047129-LeaderStateImpl
2021-10-21 00:14:22,863 [Listener at 127.0.0.1/34193] INFO  impl.PendingRequests (PendingRequests.java:sendNotLeaderResponses(282)) - 6c4bf312-847f-4261-b1bf-aef11305f2d7@group-D3D63B047129-PendingRequests: sendNotLeaderResponses
2021-10-21 00:14:22,865 [Listener at 127.0.0.1/34193] INFO  impl.StateMachineUpdater (StateMachineUpdater.java:stopAndJoin(149)) - 6c4bf312-847f-4261-b1bf-aef11305f2d7@group-D3D63B047129-StateMachineUpdater: set stopIndex = 0
2021-10-21 00:14:22,865 [6c4bf312-847f-4261-b1bf-aef11305f2d7@group-D3D63B047129-StateMachineUpdater] INFO  ratis.ContainerStateMachine (ContainerStateMachine.java:takeSnapshot(292)) - group-D3D63B047129: Taking a snapshot at:(t:1, i:0) file /home/runner/work/ozone/ozone/hadoop-ozone/integration-test/target/test-dir/MiniOzoneClusterImpl-0ff56402-746c-4b46-aacb-40edab3b56db/datanode-5/data/ratis/e2b4fbdb-9ba0-47cc-9ea4-d3d63b047129/sm/snapshot.1_0
2021-10-21 00:14:22,870 [6c4bf312-847f-4261-b1bf-aef11305f2d7@group-D3D63B047129-StateMachineUpdater] INFO  ratis.ContainerStateMachine (ContainerStateMachine.java:takeSnapshot(303)) - group-D3D63B047129: Finished taking a snapshot at:(t:1, i:0) file:/home/runner/work/ozone/ozone/hadoop-ozone/integration-test/target/test-dir/MiniOzoneClusterImpl-0ff56402-746c-4b46-aacb-40edab3b56db/datanode-5/data/ratis/e2b4fbdb-9ba0-47cc-9ea4-d3d63b047129/sm/snapshot.1_0 took: 5 ms
2021-10-21 00:14:22,871 [6c4bf312-847f-4261-b1bf-aef11305f2d7@group-D3D63B047129-StateMachineUpdater] INFO  impl.StateMachineUpdater (StateMachineUpdater.java:takeSnapshot(281)) - 6c4bf312-847f-4261-b1bf-aef11305f2d7@group-D3D63B047129-StateMachineUpdater: Took a snapshot at index 0
2021-10-21 00:14:22,871 [6c4bf312-847f-4261-b1bf-aef11305f2d7@group-D3D63B047129-StateMachineUpdater] INFO  impl.StateMachineUpdater (StateMachineUpdater.java:lambda$new$0(89)) - 6c4bf312-847f-4261-b1bf-aef11305f2d7@group-D3D63B047129-StateMachineUpdater: snapshotIndex: updateIncreasingly -1 -> 0
2021-10-21 00:14:22,875 [Listener at 127.0.0.1/34193] INFO  server.RaftServer$Division (ServerState.java:close(419)) - 6c4bf312-847f-4261-b1bf-aef11305f2d7@group-D3D63B047129: closes. applyIndex: 0
2021-10-21 00:14:22,878 [6c4bf312-847f-4261-b1bf-aef11305f2d7@group-D3D63B047129-SegmentedRaftLogWorker] INFO  segmented.SegmentedRaftLogWorker (SegmentedRaftLogWorker.java:run(327)) - 6c4bf312-847f-4261-b1bf-aef11305f2d7@group-D3D63B047129-SegmentedRaftLogWorker was interrupted, exiting. There are 0 tasks remaining in the queue.
2021-10-21 00:14:22,888 [ForkJoinPool.commonPool-worker-0] INFO  segmented.SegmentedRaftLogWorker (SegmentedRaftLogWorker.java:close(237)) - b1aa2fe7-eb40-4f9f-bfee-6ed7c04c202c@group-AE50F5E5AA8C-SegmentedRaftLogWorker close()
2021-10-21 00:14:22,888 [Listener at 127.0.0.1/34193] INFO  segmented.SegmentedRaftLogWorker (SegmentedRaftLogWorker.java:close(237)) - 6c4bf312-847f-4261-b1bf-aef11305f2d7@group-D3D63B047129-SegmentedRaftLogWorker close()
2021-10-21 00:14:22,942 [ForkJoinPool.commonPool-worker-0] INFO  server.GrpcService (GrpcService.java:closeImpl(262)) - b1aa2fe7-eb40-4f9f-bfee-6ed7c04c202c: shutdown server with port 36605 now
2021-10-21 00:14:22,942 [Listener at 127.0.0.1/34193] INFO  server.RaftServer$Division (RaftServerImpl.java:lambda$close$4(412)) - 6c4bf312-847f-4261-b1bf-aef11305f2d7@group-0C185B61CB60: shutdown
2021-10-21 00:14:22,944 [Listener at 127.0.0.1/34193] INFO  util.JmxRegister (JmxRegister.java:unregister(73)) - Successfully un-registered JMX Bean with object name Ratis:service=RaftServer,group=group-0C185B61CB60,id=6c4bf312-847f-4261-b1bf-aef11305f2d7
2021-10-21 00:14:22,944 [Listener at 127.0.0.1/34193] INFO  impl.RoleInfo (RoleInfo.java:shutdownLeaderState(91)) - 6c4bf312-847f-4261-b1bf-aef11305f2d7: shutdown 6c4bf312-847f-4261-b1bf-aef11305f2d7@group-0C185B61CB60-LeaderStateImpl
2021-10-21 00:14:22,944 [6c4bf312-847f-4261-b1bf-aef11305f2d7@group-0C185B61CB60->b1aa2fe7-eb40-4f9f-bfee-6ed7c04c202c-GrpcLogAppender-LogAppenderDaemon] WARN  server.GrpcLogAppender (GrpcLogAppender.java:mayWait(177)) - 6c4bf312-847f-4261-b1bf-aef11305f2d7@group-0C185B61CB60->b1aa2fe7-eb40-4f9f-bfee-6ed7c04c202c-GrpcLogAppender: Wait interrupted by java.lang.InterruptedException
2021-10-21 00:14:22,945 [grpc-default-executor-4] INFO  server.GrpcServerProtocolService (GrpcServerProtocolService.java:onCompleted(140)) - b1aa2fe7-eb40-4f9f-bfee-6ed7c04c202c: Completed APPEND_ENTRIES, lastRequest: 6c4bf312-847f-4261-b1bf-aef11305f2d7->b1aa2fe7-eb40-4f9f-bfee-6ed7c04c202c#1-t7,previous=(t:0, i:0),leaderCommit=-1,initializing? true,entries: size=1, first=(t:7, i:0), CONFIGURATIONENTRY
2021-10-21 00:14:22,944 [Listener at 127.0.0.1/34193] INFO  impl.PendingRequests (PendingRequests.java:sendNotLeaderResponses(282)) - 6c4bf312-847f-4261-b1bf-aef11305f2d7@group-0C185B61CB60-PendingRequests: sendNotLeaderResponses
2021-10-21 00:14:22,947 [grpc-default-executor-1] INFO  server.GrpcLogAppender (GrpcLogAppender.java:onError(335)) - 6c4bf312-847f-4261-b1bf-aef11305f2d7@group-0C185B61CB60->b1aa2fe7-eb40-4f9f-bfee-6ed7c04c202c-GrpcLogAppender is stopped
2021-10-21 00:14:22,947 [6c4bf312-847f-4261-b1bf-aef11305f2d7@group-0C185B61CB60-StateMachineUpdater] INFO  ratis.ContainerStateMachine (ContainerStateMachine.java:takeSnapshot(292)) - group-0C185B61CB60: Taking a snapshot at:(t:7, i:0) file /home/runner/work/ozone/ozone/hadoop-ozone/integration-test/target/test-dir/MiniOzoneClusterImpl-0ff56402-746c-4b46-aacb-40edab3b56db/datanode-5/data/ratis/1b019f85-e068-433d-8e86-0c185b61cb60/sm/snapshot.7_0
2021-10-21 00:14:22,947 [Listener at 127.0.0.1/34193] INFO  impl.StateMachineUpdater (StateMachineUpdater.java:stopAndJoin(149)) - 6c4bf312-847f-4261-b1bf-aef11305f2d7@group-0C185B61CB60-StateMachineUpdater: set stopIndex = 0
2021-10-21 00:14:22,948 [6c4bf312-847f-4261-b1bf-aef11305f2d7@group-0C185B61CB60-StateMachineUpdater] INFO  ratis.ContainerStateMachine (ContainerStateMachine.java:takeSnapshot(303)) - group-0C185B61CB60: Finished taking a snapshot at:(t:7, i:0) file:/home/runner/work/ozone/ozone/hadoop-ozone/integration-test/target/test-dir/MiniOzoneClusterImpl-0ff56402-746c-4b46-aacb-40edab3b56db/datanode-5/data/ratis/1b019f85-e068-433d-8e86-0c185b61cb60/sm/snapshot.7_0 took: 2 ms
2021-10-21 00:14:22,948 [6c4bf312-847f-4261-b1bf-aef11305f2d7@group-0C185B61CB60-StateMachineUpdater] INFO  impl.StateMachineUpdater (StateMachineUpdater.java:takeSnapshot(281)) - 6c4bf312-847f-4261-b1bf-aef11305f2d7@group-0C185B61CB60-StateMachineUpdater: Took a snapshot at index 0
2021-10-21 00:14:22,948 [6c4bf312-847f-4261-b1bf-aef11305f2d7@group-0C185B61CB60-StateMachineUpdater] INFO  impl.StateMachineUpdater (StateMachineUpdater.java:lambda$new$0(89)) - 6c4bf312-847f-4261-b1bf-aef11305f2d7@group-0C185B61CB60-StateMachineUpdater: snapshotIndex: updateIncreasingly -1 -> 0
2021-10-21 00:14:22,949 [Listener at 127.0.0.1/34193] INFO  server.RaftServer$Division (ServerState.java:close(419)) - 6c4bf312-847f-4261-b1bf-aef11305f2d7@group-0C185B61CB60: closes. applyIndex: 0
2021-10-21 00:14:22,949 [6c4bf312-847f-4261-b1bf-aef11305f2d7@group-0C185B61CB60-SegmentedRaftLogWorker] INFO  segmented.SegmentedRaftLogWorker (SegmentedRaftLogWorker.java:run(327)) - 6c4bf312-847f-4261-b1bf-aef11305f2d7@group-0C185B61CB60-SegmentedRaftLogWorker was interrupted, exiting. There are 0 tasks remaining in the queue.
2021-10-21 00:14:22,951 [Listener at 127.0.0.1/34193] INFO  segmented.SegmentedRaftLogWorker (SegmentedRaftLogWorker.java:close(237)) - 6c4bf312-847f-4261-b1bf-aef11305f2d7@group-0C185B61CB60-SegmentedRaftLogWorker close()
2021-10-21 00:14:22,983 [ForkJoinPool.commonPool-worker-0] INFO  server.GrpcService (GrpcService.java:closeImpl(271)) - b1aa2fe7-eb40-4f9f-bfee-6ed7c04c202c: shutdown server with port 36605 successfully
2021-10-21 00:14:22,983 [org.apache.ratis.util.JvmPauseMonitor$$Lambda$531/1336496959@410e37b0] INFO  util.JvmPauseMonitor (JvmPauseMonitor.java:run(109)) - JvmPauseMonitor-b1aa2fe7-eb40-4f9f-bfee-6ed7c04c202c: Stopped
2021-10-21 00:14:22,984 [Listener at 127.0.0.1/34193] INFO  server.GrpcService (GrpcService.java:closeImpl(262)) - 6c4bf312-847f-4261-b1bf-aef11305f2d7: shutdown server with port 45071 now
2021-10-21 00:14:23,008 [Listener at 127.0.0.1/34193] INFO  server.GrpcService (GrpcService.java:closeImpl(271)) - 6c4bf312-847f-4261-b1bf-aef11305f2d7: shutdown server with port 45071 successfully
2021-10-21 00:14:23,009 [org.apache.ratis.util.JvmPauseMonitor$$Lambda$531/1336496959@1b4887aa] INFO  util.JvmPauseMonitor (JvmPauseMonitor.java:run(109)) - JvmPauseMonitor-6c4bf312-847f-4261-b1bf-aef11305f2d7: Stopped
2021-10-21 00:14:23,010 [ForkJoinPool.commonPool-worker-0] INFO  utils.BackgroundService (BackgroundService.java:shutdown(132)) - Shutting down service BlockDeletingService
2021-10-21 00:14:23,074 [Listener at 127.0.0.1/34193] INFO  utils.BackgroundService (BackgroundService.java:shutdown(132)) - Shutting down service BlockDeletingService
2021-10-21 00:14:24,024 [b064551b-1fe0-41a9-91d7-ea536b2590c0@group-1ABE1F802D80-FollowerState] INFO  impl.FollowerState (FollowerState.java:run(134)) - b064551b-1fe0-41a9-91d7-ea536b2590c0@group-1ABE1F802D80-FollowerState: change to CANDIDATE, lastRpcElapsedTime:9720289858ns, electionTimeout:5025ms
2021-10-21 00:14:24,024 [b064551b-1fe0-41a9-91d7-ea536b2590c0@group-1ABE1F802D80-FollowerState] INFO  impl.RoleInfo (RoleInfo.java:shutdownFollowerState(108)) - b064551b-1fe0-41a9-91d7-ea536b2590c0: shutdown b064551b-1fe0-41a9-91d7-ea536b2590c0@group-1ABE1F802D80-FollowerState
2021-10-21 00:14:24,024 [b064551b-1fe0-41a9-91d7-ea536b2590c0@group-1ABE1F802D80-FollowerState] INFO  server.RaftServer$Division (RaftServerImpl.java:setRole(290)) - b064551b-1fe0-41a9-91d7-ea536b2590c0@group-1ABE1F802D80: changes role from  FOLLOWER to CANDIDATE at term 4 for changeToCandidate
2021-10-21 00:14:24,024 [b064551b-1fe0-41a9-91d7-ea536b2590c0@group-1ABE1F802D80-FollowerState] INFO  server.RaftServerConfigKeys (ConfUtils.java:logGet(44)) - raft.server.leaderelection.pre-vote = false (custom)
2021-10-21 00:14:24,025 [b064551b-1fe0-41a9-91d7-ea536b2590c0@group-1ABE1F802D80-FollowerState] INFO  impl.RoleInfo (RoleInfo.java:updateAndGet(130)) - b064551b-1fe0-41a9-91d7-ea536b2590c0: start b064551b-1fe0-41a9-91d7-ea536b2590c0@group-1ABE1F802D80-LeaderElection128
2021-10-21 00:14:24,028 [b064551b-1fe0-41a9-91d7-ea536b2590c0@group-1ABE1F802D80-LeaderElection128] INFO  server.RaftServer$Division (ServerState.java:setLeader(285)) - b064551b-1fe0-41a9-91d7-ea536b2590c0@group-1ABE1F802D80: change Leader from 43a8bf6a-c132-4b01-9df6-8da121d8da0e to null at term 4 for ELECTION
2021-10-21 00:14:24,039 [b064551b-1fe0-41a9-91d7-ea536b2590c0@group-1ABE1F802D80-LeaderElection128] INFO  impl.LeaderElection (LeaderElection.java:askForVotes(306)) - b064551b-1fe0-41a9-91d7-ea536b2590c0@group-1ABE1F802D80-LeaderElection128 ELECTION round 0: submit vote requests at term 5 for 0: [43a8bf6a-c132-4b01-9df6-8da121d8da0e|rpc:10.1.0.21:44683|dataStream:|priority:1, b064551b-1fe0-41a9-91d7-ea536b2590c0|rpc:10.1.0.21:37069|dataStream:|priority:0, 385ed75d-b5f2-4976-82ca-03b327f31da0|rpc:10.1.0.21:43801|dataStream:|priority:0], old=null
2021-10-21 00:14:24,096 [b064551b-1fe0-41a9-91d7-ea536b2590c0@group-1ABE1F802D80-LeaderElection128] INFO  impl.LeaderElection (LogUtils.java:infoOrTrace(137)) - b064551b-1fe0-41a9-91d7-ea536b2590c0@group-1ABE1F802D80-LeaderElection128 got exception when requesting votes: java.util.concurrent.ExecutionException: org.apache.ratis.thirdparty.io.grpc.StatusRuntimeException: UNAVAILABLE: io exception
2021-10-21 00:14:24,136 [grpc-default-executor-1] INFO  server.RaftServer$Division (RaftServerImpl.java:requestVote(1046)) - 385ed75d-b5f2-4976-82ca-03b327f31da0@group-1ABE1F802D80: receive requestVote(ELECTION, b064551b-1fe0-41a9-91d7-ea536b2590c0, group-1ABE1F802D80, 5, (t:4, i:0))
2021-10-21 00:14:24,136 [grpc-default-executor-1] INFO  impl.VoteContext (VoteContext.java:log(48)) - 385ed75d-b5f2-4976-82ca-03b327f31da0@group-1ABE1F802D80-FOLLOWER: accept ELECTION from b064551b-1fe0-41a9-91d7-ea536b2590c0: our priority 0 <= candidate's priority 0
2021-10-21 00:14:24,136 [grpc-default-executor-1] INFO  server.RaftServer$Division (ServerState.java:setLeader(285)) - 385ed75d-b5f2-4976-82ca-03b327f31da0@group-1ABE1F802D80: change Leader from 43a8bf6a-c132-4b01-9df6-8da121d8da0e to null at term 5 for updateCurrentTerm
2021-10-21 00:14:24,136 [grpc-default-executor-1] INFO  server.RaftServer$Division (RaftServerImpl.java:setRole(290)) - 385ed75d-b5f2-4976-82ca-03b327f31da0@group-1ABE1F802D80: changes role from  FOLLOWER to FOLLOWER at term 5 for candidate:b064551b-1fe0-41a9-91d7-ea536b2590c0
2021-10-21 00:14:24,136 [grpc-default-executor-1] INFO  impl.RoleInfo (RoleInfo.java:shutdownFollowerState(108)) - 385ed75d-b5f2-4976-82ca-03b327f31da0: shutdown 385ed75d-b5f2-4976-82ca-03b327f31da0@group-1ABE1F802D80-FollowerState
2021-10-21 00:14:24,136 [grpc-default-executor-1] INFO  impl.RoleInfo (RoleInfo.java:updateAndGet(130)) - 385ed75d-b5f2-4976-82ca-03b327f31da0: start 385ed75d-b5f2-4976-82ca-03b327f31da0@group-1ABE1F802D80-FollowerState
2021-10-21 00:14:24,136 [385ed75d-b5f2-4976-82ca-03b327f31da0@group-1ABE1F802D80-FollowerState] INFO  impl.FollowerState (FollowerState.java:run(143)) - 385ed75d-b5f2-4976-82ca-03b327f31da0@group-1ABE1F802D80-FollowerState was interrupted: {}
java.lang.InterruptedException: sleep interrupted
	at java.lang.Thread.sleep(Native Method)
	at java.lang.Thread.sleep(Thread.java:340)
	at java.util.concurrent.TimeUnit.sleep(TimeUnit.java:386)
	at org.apache.ratis.util.TimeDuration.sleep(TimeDuration.java:324)
	at org.apache.ratis.util.TimeDuration.sleep(TimeDuration.java:309)
	at org.apache.ratis.server.impl.FollowerState.run(FollowerState.java:118)
2021-10-21 00:14:24,152 [grpc-default-executor-1] INFO  server.RaftServer$Division (RaftServerImpl.java:requestVote(1078)) - 385ed75d-b5f2-4976-82ca-03b327f31da0@group-1ABE1F802D80 replies to ELECTION vote request: b064551b-1fe0-41a9-91d7-ea536b2590c0<-385ed75d-b5f2-4976-82ca-03b327f31da0#0:OK-t5. Peer's state: 385ed75d-b5f2-4976-82ca-03b327f31da0@group-1ABE1F802D80:t5, leader=null, voted=b064551b-1fe0-41a9-91d7-ea536b2590c0, raftlog=385ed75d-b5f2-4976-82ca-03b327f31da0@group-1ABE1F802D80-SegmentedRaftLog:OPENED:c0, conf=0: [43a8bf6a-c132-4b01-9df6-8da121d8da0e|rpc:10.1.0.21:44683|dataStream:|priority:1, b064551b-1fe0-41a9-91d7-ea536b2590c0|rpc:10.1.0.21:37069|dataStream:|priority:0, 385ed75d-b5f2-4976-82ca-03b327f31da0|rpc:10.1.0.21:43801|dataStream:|priority:0], old=null
2021-10-21 00:14:24,156 [b064551b-1fe0-41a9-91d7-ea536b2590c0@group-1ABE1F802D80-LeaderElection128] INFO  impl.LeaderElection (LeaderElection.java:logAndReturn(89)) - b064551b-1fe0-41a9-91d7-ea536b2590c0@group-1ABE1F802D80-LeaderElection128: ELECTION PASSED received 1 response(s) and 1 exception(s):
2021-10-21 00:14:24,156 [b064551b-1fe0-41a9-91d7-ea536b2590c0@group-1ABE1F802D80-LeaderElection128] INFO  impl.LeaderElection (LeaderElection.java:logAndReturn(93)) -   Response 0: b064551b-1fe0-41a9-91d7-ea536b2590c0<-385ed75d-b5f2-4976-82ca-03b327f31da0#0:OK-t5
2021-10-21 00:14:24,156 [b064551b-1fe0-41a9-91d7-ea536b2590c0@group-1ABE1F802D80-LeaderElection128] INFO  impl.LeaderElection (LogUtils.java:infoOrTrace(137)) -   Exception 1: java.util.concurrent.ExecutionException: org.apache.ratis.thirdparty.io.grpc.StatusRuntimeException: UNAVAILABLE: io exception
2021-10-21 00:14:24,156 [b064551b-1fe0-41a9-91d7-ea536b2590c0@group-1ABE1F802D80-LeaderElection128] INFO  impl.LeaderElection (LeaderElection.java:askForVotes(308)) - b064551b-1fe0-41a9-91d7-ea536b2590c0@group-1ABE1F802D80-LeaderElection128 ELECTION round 0: result PASSED
2021-10-21 00:14:24,156 [b064551b-1fe0-41a9-91d7-ea536b2590c0@group-1ABE1F802D80-LeaderElection128] INFO  impl.RoleInfo (RoleInfo.java:shutdownLeaderElection(121)) - b064551b-1fe0-41a9-91d7-ea536b2590c0: shutdown b064551b-1fe0-41a9-91d7-ea536b2590c0@group-1ABE1F802D80-LeaderElection128
2021-10-21 00:14:24,156 [b064551b-1fe0-41a9-91d7-ea536b2590c0@group-1ABE1F802D80-LeaderElection128] INFO  server.RaftServer$Division (RaftServerImpl.java:setRole(290)) - b064551b-1fe0-41a9-91d7-ea536b2590c0@group-1ABE1F802D80: changes role from CANDIDATE to LEADER at term 5 for changeToLeader
2021-10-21 00:14:24,156 [b064551b-1fe0-41a9-91d7-ea536b2590c0@group-1ABE1F802D80-LeaderElection128] INFO  ratis.XceiverServerRatis (XceiverServerRatis.java:handleLeaderChangedNotification(866)) - Leader change notification received for group: group-1ABE1F802D80 with new leaderId: b064551b-1fe0-41a9-91d7-ea536b2590c0
2021-10-21 00:14:24,156 [b064551b-1fe0-41a9-91d7-ea536b2590c0@group-1ABE1F802D80-LeaderElection128] INFO  server.RaftServer$Division (ServerState.java:setLeader(285)) - b064551b-1fe0-41a9-91d7-ea536b2590c0@group-1ABE1F802D80: change Leader from null to b064551b-1fe0-41a9-91d7-ea536b2590c0 at term 5 for becomeLeader, leader elected after 128ms
2021-10-21 00:14:24,157 [b064551b-1fe0-41a9-91d7-ea536b2590c0@group-1ABE1F802D80-LeaderElection128] INFO  server.RaftServerConfigKeys (ConfUtils.java:logGet(44)) - raft.server.staging.catchup.gap = 1000 (default)
2021-10-21 00:14:24,157 [b064551b-1fe0-41a9-91d7-ea536b2590c0@group-1ABE1F802D80-LeaderElection128] INFO  server.RaftServerConfigKeys (ConfUtils.java:logGet(44)) - raft.server.write.element-limit = 1024 (custom)
2021-10-21 00:14:24,157 [b064551b-1fe0-41a9-91d7-ea536b2590c0@group-1ABE1F802D80-LeaderElection128] INFO  server.RaftServerConfigKeys (ConfUtils.java:logGet(44)) - raft.server.write.byte-limit = 1024 M (=1073741824) (custom)
2021-10-21 00:14:24,157 [b064551b-1fe0-41a9-91d7-ea536b2590c0@group-1ABE1F802D80-LeaderElection128] INFO  server.RaftServerConfigKeys (ConfUtils.java:logGet(44)) - raft.server.watch.timeout = 3000ms (custom)
2021-10-21 00:14:24,157 [b064551b-1fe0-41a9-91d7-ea536b2590c0@group-1ABE1F802D80-LeaderElection128] INFO  server.RaftServerConfigKeys (ConfUtils.java:logGet(44)) - raft.server.watch.timeout.denomination = 1s (default)
2021-10-21 00:14:24,157 [b064551b-1fe0-41a9-91d7-ea536b2590c0@group-1ABE1F802D80-LeaderElection128] INFO  server.RaftServerConfigKeys (ConfUtils.java:logGet(44)) - raft.server.watch.element-limit = 65536 (default)
2021-10-21 00:14:24,158 [b064551b-1fe0-41a9-91d7-ea536b2590c0@group-1ABE1F802D80-LeaderElection128] INFO  server.RaftServerConfigKeys (ConfUtils.java:logGet(44)) - raft.server.write.element-limit = 1024 (custom)
2021-10-21 00:14:24,158 [b064551b-1fe0-41a9-91d7-ea536b2590c0@group-1ABE1F802D80-LeaderElection128] INFO  server.RaftServerConfigKeys (ConfUtils.java:logGet(44)) - raft.server.write.follower.gap.ratio.max = -1.0 (default)
2021-10-21 00:14:24,158 [b064551b-1fe0-41a9-91d7-ea536b2590c0@group-1ABE1F802D80-LeaderElection128] INFO  server.RaftServerConfigKeys (ConfUtils.java:logGet(44)) - raft.server.log.appender.snapshot.chunk.size.max = 16MB (=16777216) (default)
2021-10-21 00:14:24,158 [b064551b-1fe0-41a9-91d7-ea536b2590c0@group-1ABE1F802D80-LeaderElection128] INFO  server.RaftServerConfigKeys (ConfUtils.java:logGet(44)) - raft.server.log.appender.buffer.byte-limit = 33554432 (custom)
2021-10-21 00:14:24,158 [b064551b-1fe0-41a9-91d7-ea536b2590c0@group-1ABE1F802D80-LeaderElection128] INFO  server.RaftServerConfigKeys (ConfUtils.java:logGet(44)) - raft.server.log.appender.buffer.element-limit = 1 (custom)
2021-10-21 00:14:24,158 [b064551b-1fe0-41a9-91d7-ea536b2590c0@group-1ABE1F802D80-LeaderElection128] INFO  grpc.GrpcConfigKeys (ConfUtils.java:logGet(44)) - raft.grpc.server.leader.outstanding.appends.max = 128 (default)
2021-10-21 00:14:24,158 [b064551b-1fe0-41a9-91d7-ea536b2590c0@group-1ABE1F802D80-LeaderElection128] INFO  server.RaftServerConfigKeys (ConfUtils.java:logGet(44)) - raft.server.rpc.request.timeout = 3000ms (default)
2021-10-21 00:14:24,158 [b064551b-1fe0-41a9-91d7-ea536b2590c0@group-1ABE1F802D80-LeaderElection128] INFO  server.RaftServerConfigKeys (ConfUtils.java:logGet(44)) - raft.server.log.appender.install.snapshot.enabled = false (custom)
2021-10-21 00:14:24,159 [Datanode State Machine Thread - 0] WARN  statemachine.StateContext (StateContext.java:execute(621)) - No available thread in pool for past 1 seconds.
2021-10-21 00:14:24,163 [b064551b-1fe0-41a9-91d7-ea536b2590c0@group-1ABE1F802D80-LeaderElection128] INFO  server.RaftServerConfigKeys (ConfUtils.java:logGet(44)) - raft.server.log.appender.snapshot.chunk.size.max = 16MB (=16777216) (default)
2021-10-21 00:14:24,163 [b064551b-1fe0-41a9-91d7-ea536b2590c0@group-1ABE1F802D80-LeaderElection128] INFO  server.RaftServerConfigKeys (ConfUtils.java:logGet(44)) - raft.server.log.appender.buffer.byte-limit = 33554432 (custom)
2021-10-21 00:14:24,163 [b064551b-1fe0-41a9-91d7-ea536b2590c0@group-1ABE1F802D80-LeaderElection128] INFO  server.RaftServerConfigKeys (ConfUtils.java:logGet(44)) - raft.server.log.appender.buffer.element-limit = 1 (custom)
2021-10-21 00:14:24,163 [b064551b-1fe0-41a9-91d7-ea536b2590c0@group-1ABE1F802D80-LeaderElection128] INFO  grpc.GrpcConfigKeys (ConfUtils.java:logGet(44)) - raft.grpc.server.leader.outstanding.appends.max = 128 (default)
2021-10-21 00:14:24,164 [b064551b-1fe0-41a9-91d7-ea536b2590c0@group-1ABE1F802D80-LeaderElection128] INFO  server.RaftServerConfigKeys (ConfUtils.java:logGet(44)) - raft.server.rpc.request.timeout = 3000ms (default)
2021-10-21 00:14:24,164 [b064551b-1fe0-41a9-91d7-ea536b2590c0@group-1ABE1F802D80-LeaderElection128] INFO  server.RaftServerConfigKeys (ConfUtils.java:logGet(44)) - raft.server.log.appender.install.snapshot.enabled = false (custom)
2021-10-21 00:14:24,165 [b064551b-1fe0-41a9-91d7-ea536b2590c0@group-1ABE1F802D80-LeaderElection128] INFO  impl.RoleInfo (RoleInfo.java:updateAndGet(130)) - b064551b-1fe0-41a9-91d7-ea536b2590c0: start b064551b-1fe0-41a9-91d7-ea536b2590c0@group-1ABE1F802D80-LeaderStateImpl
2021-10-21 00:14:24,176 [b064551b-1fe0-41a9-91d7-ea536b2590c0@group-1ABE1F802D80-LeaderElection128] INFO  segmented.SegmentedRaftLogWorker (SegmentedRaftLogWorker.java:rollLogSegment(399)) - b064551b-1fe0-41a9-91d7-ea536b2590c0@group-1ABE1F802D80-SegmentedRaftLogWorker: Rolling segment log-0_0 to index:0
2021-10-21 00:14:24,189 [b064551b-1fe0-41a9-91d7-ea536b2590c0@group-1ABE1F802D80-SegmentedRaftLogWorker] INFO  segmented.SegmentedRaftLogWorker (SegmentedRaftLogWorker.java:execute(558)) - b064551b-1fe0-41a9-91d7-ea536b2590c0@group-1ABE1F802D80-SegmentedRaftLogWorker: Rolled log segment from /home/runner/work/ozone/ozone/hadoop-ozone/integration-test/target/test-dir/MiniOzoneClusterImpl-0ff56402-746c-4b46-aacb-40edab3b56db/datanode-1/data/ratis/d739659e-f08f-42ab-8521-1abe1f802d80/current/log_inprogress_0 to /home/runner/work/ozone/ozone/hadoop-ozone/integration-test/target/test-dir/MiniOzoneClusterImpl-0ff56402-746c-4b46-aacb-40edab3b56db/datanode-1/data/ratis/d739659e-f08f-42ab-8521-1abe1f802d80/current/log_0-0
2021-10-21 00:14:24,191 [b064551b-1fe0-41a9-91d7-ea536b2590c0@group-1ABE1F802D80-SegmentedRaftLogWorker] INFO  segmented.SegmentedRaftLogWorker (SegmentedRaftLogWorker.java:execute(601)) - b064551b-1fe0-41a9-91d7-ea536b2590c0@group-1ABE1F802D80-SegmentedRaftLogWorker: created new log segment /home/runner/work/ozone/ozone/hadoop-ozone/integration-test/target/test-dir/MiniOzoneClusterImpl-0ff56402-746c-4b46-aacb-40edab3b56db/datanode-1/data/ratis/d739659e-f08f-42ab-8521-1abe1f802d80/current/log_inprogress_1
2021-10-21 00:14:24,252 [b064551b-1fe0-41a9-91d7-ea536b2590c0@group-1ABE1F802D80-LeaderElection128] INFO  server.RaftServer$Division (ServerState.java:setRaftConf(387)) - b064551b-1fe0-41a9-91d7-ea536b2590c0@group-1ABE1F802D80: set configuration 1: [43a8bf6a-c132-4b01-9df6-8da121d8da0e|rpc:10.1.0.21:44683|dataStream:|priority:1, b064551b-1fe0-41a9-91d7-ea536b2590c0|rpc:10.1.0.21:37069|dataStream:|priority:0, 385ed75d-b5f2-4976-82ca-03b327f31da0|rpc:10.1.0.21:43801|dataStream:|priority:0], old=null
2021-10-21 00:14:24,253 [grpc-default-executor-1] WARN  server.GrpcLogAppender (LogUtils.java:warn(122)) - b064551b-1fe0-41a9-91d7-ea536b2590c0@group-1ABE1F802D80->43a8bf6a-c132-4b01-9df6-8da121d8da0e-AppendLogResponseHandler: Failed appendEntries: org.apache.ratis.thirdparty.io.grpc.StatusRuntimeException: UNAVAILABLE: io exception
2021-10-21 00:14:24,254 [grpc-default-executor-1] WARN  server.GrpcLogAppender (GrpcLogAppender.java:resetClient(110)) - b064551b-1fe0-41a9-91d7-ea536b2590c0@group-1ABE1F802D80->43a8bf6a-c132-4b01-9df6-8da121d8da0e-GrpcLogAppender: Leader has not got in touch with Follower b064551b-1fe0-41a9-91d7-ea536b2590c0@group-1ABE1F802D80->43a8bf6a-c132-4b01-9df6-8da121d8da0e(c-1,m0,n1, attendVote=true, lastRpcSendTime=5296, lastRpcResponseTime=5296) yet, just keep nextIndex unchanged and retry.
2021-10-21 00:14:24,264 [grpc-default-executor-1] INFO  ratis.XceiverServerRatis (XceiverServerRatis.java:handleLeaderChangedNotification(866)) - Leader change notification received for group: group-1ABE1F802D80 with new leaderId: b064551b-1fe0-41a9-91d7-ea536b2590c0
2021-10-21 00:14:24,264 [grpc-default-executor-1] INFO  server.RaftServer$Division (ServerState.java:setLeader(285)) - 385ed75d-b5f2-4976-82ca-03b327f31da0@group-1ABE1F802D80: change Leader from null to b064551b-1fe0-41a9-91d7-ea536b2590c0 at term 5 for appendEntries, leader elected after 128ms
2021-10-21 00:14:24,267 [grpc-default-executor-3] WARN  server.GrpcLogAppender (LogUtils.java:warn(122)) - b064551b-1fe0-41a9-91d7-ea536b2590c0@group-1ABE1F802D80->43a8bf6a-c132-4b01-9df6-8da121d8da0e-AppendLogResponseHandler: Failed appendEntries: org.apache.ratis.thirdparty.io.grpc.StatusRuntimeException: UNAVAILABLE: io exception
2021-10-21 00:14:24,267 [grpc-default-executor-3] WARN  server.GrpcLogAppender (GrpcLogAppender.java:resetClient(110)) - b064551b-1fe0-41a9-91d7-ea536b2590c0@group-1ABE1F802D80->43a8bf6a-c132-4b01-9df6-8da121d8da0e-GrpcLogAppender: Leader has not got in touch with Follower b064551b-1fe0-41a9-91d7-ea536b2590c0@group-1ABE1F802D80->43a8bf6a-c132-4b01-9df6-8da121d8da0e(c-1,m0,n2, attendVote=true, lastRpcSendTime=12, lastRpcResponseTime=5309) yet, just keep nextIndex unchanged and retry.
2021-10-21 00:14:24,315 [grpc-default-executor-1] INFO  server.RaftServer$Division (ServerState.java:setRaftConf(387)) - 385ed75d-b5f2-4976-82ca-03b327f31da0@group-1ABE1F802D80: set configuration 1: [43a8bf6a-c132-4b01-9df6-8da121d8da0e|rpc:10.1.0.21:44683|dataStream:|priority:1, b064551b-1fe0-41a9-91d7-ea536b2590c0|rpc:10.1.0.21:37069|dataStream:|priority:0, 385ed75d-b5f2-4976-82ca-03b327f31da0|rpc:10.1.0.21:43801|dataStream:|priority:0], old=null
2021-10-21 00:14:24,316 [grpc-default-executor-1] INFO  segmented.SegmentedRaftLogWorker (SegmentedRaftLogWorker.java:rollLogSegment(399)) - 385ed75d-b5f2-4976-82ca-03b327f31da0@group-1ABE1F802D80-SegmentedRaftLogWorker: Rolling segment log-0_0 to index:0
2021-10-21 00:14:24,317 [385ed75d-b5f2-4976-82ca-03b327f31da0@group-1ABE1F802D80-SegmentedRaftLogWorker] INFO  segmented.SegmentedRaftLogWorker (SegmentedRaftLogWorker.java:execute(558)) - 385ed75d-b5f2-4976-82ca-03b327f31da0@group-1ABE1F802D80-SegmentedRaftLogWorker: Rolled log segment from /home/runner/work/ozone/ozone/hadoop-ozone/integration-test/target/test-dir/MiniOzoneClusterImpl-0ff56402-746c-4b46-aacb-40edab3b56db/datanode-0/data/ratis/d739659e-f08f-42ab-8521-1abe1f802d80/current/log_inprogress_0 to /home/runner/work/ozone/ozone/hadoop-ozone/integration-test/target/test-dir/MiniOzoneClusterImpl-0ff56402-746c-4b46-aacb-40edab3b56db/datanode-0/data/ratis/d739659e-f08f-42ab-8521-1abe1f802d80/current/log_0-0
2021-10-21 00:14:24,319 [385ed75d-b5f2-4976-82ca-03b327f31da0@group-1ABE1F802D80-SegmentedRaftLogWorker] INFO  segmented.SegmentedRaftLogWorker (SegmentedRaftLogWorker.java:execute(601)) - 385ed75d-b5f2-4976-82ca-03b327f31da0@group-1ABE1F802D80-SegmentedRaftLogWorker: created new log segment /home/runner/work/ozone/ozone/hadoop-ozone/integration-test/target/test-dir/MiniOzoneClusterImpl-0ff56402-746c-4b46-aacb-40edab3b56db/datanode-0/data/ratis/d739659e-f08f-42ab-8521-1abe1f802d80/current/log_inprogress_1
2021-10-21 00:14:24,399 [grpc-default-executor-1] WARN  server.GrpcLogAppender (LogUtils.java:warn(122)) - b064551b-1fe0-41a9-91d7-ea536b2590c0@group-1ABE1F802D80->43a8bf6a-c132-4b01-9df6-8da121d8da0e-AppendLogResponseHandler: Failed appendEntries: org.apache.ratis.thirdparty.io.grpc.StatusRuntimeException: UNAVAILABLE: io exception
2021-10-21 00:14:24,400 [grpc-default-executor-1] WARN  server.GrpcLogAppender (GrpcLogAppender.java:resetClient(110)) - b064551b-1fe0-41a9-91d7-ea536b2590c0@group-1ABE1F802D80->43a8bf6a-c132-4b01-9df6-8da121d8da0e-GrpcLogAppender: Leader has not got in touch with Follower b064551b-1fe0-41a9-91d7-ea536b2590c0@group-1ABE1F802D80->43a8bf6a-c132-4b01-9df6-8da121d8da0e(c-1,m0,n3, attendVote=true, lastRpcSendTime=0, lastRpcResponseTime=5442) yet, just keep nextIndex unchanged and retry.
2021-10-21 00:14:25,316 [f11f8ce1-e80f-4662-ac56-049e7a4c2ce6@group-AA76DA738849-FollowerState] INFO  impl.FollowerState (FollowerState.java:run(134)) - f11f8ce1-e80f-4662-ac56-049e7a4c2ce6@group-AA76DA738849-FollowerState: change to CANDIDATE, lastRpcElapsedTime:5029751118ns, electionTimeout:5001ms
2021-10-21 00:14:25,316 [f11f8ce1-e80f-4662-ac56-049e7a4c2ce6@group-AA76DA738849-FollowerState] INFO  impl.RoleInfo (RoleInfo.java:shutdownFollowerState(108)) - f11f8ce1-e80f-4662-ac56-049e7a4c2ce6: shutdown f11f8ce1-e80f-4662-ac56-049e7a4c2ce6@group-AA76DA738849-FollowerState
2021-10-21 00:14:25,316 [f11f8ce1-e80f-4662-ac56-049e7a4c2ce6@group-AA76DA738849-FollowerState] INFO  server.RaftServer$Division (RaftServerImpl.java:setRole(290)) - f11f8ce1-e80f-4662-ac56-049e7a4c2ce6@group-AA76DA738849: changes role from  FOLLOWER to CANDIDATE at term 6 for changeToCandidate
2021-10-21 00:14:25,316 [f11f8ce1-e80f-4662-ac56-049e7a4c2ce6@group-AA76DA738849-FollowerState] INFO  server.RaftServerConfigKeys (ConfUtils.java:logGet(44)) - raft.server.leaderelection.pre-vote = false (custom)
2021-10-21 00:14:25,316 [f11f8ce1-e80f-4662-ac56-049e7a4c2ce6@group-AA76DA738849-FollowerState] INFO  impl.RoleInfo (RoleInfo.java:updateAndGet(130)) - f11f8ce1-e80f-4662-ac56-049e7a4c2ce6: start f11f8ce1-e80f-4662-ac56-049e7a4c2ce6@group-AA76DA738849-LeaderElection129
2021-10-21 00:14:25,335 [f11f8ce1-e80f-4662-ac56-049e7a4c2ce6@group-AA76DA738849-LeaderElection129] INFO  impl.LeaderElection (LeaderElection.java:askForVotes(306)) - f11f8ce1-e80f-4662-ac56-049e7a4c2ce6@group-AA76DA738849-LeaderElection129 ELECTION round 0: submit vote requests at term 7 for -1: [87f4cda0-ffb5-4aa3-ac3a-463d681607fa|rpc:10.1.0.21:43449|dataStream:|priority:0, fe031be3-9947-46ae-8b09-98e602d9361b|rpc:10.1.0.21:44461|dataStream:|priority:0, f11f8ce1-e80f-4662-ac56-049e7a4c2ce6|rpc:10.1.0.21:45621|dataStream:|priority:1], old=null
2021-10-21 00:14:25,381 [grpc-default-executor-1] INFO  server.RaftServer$Division (RaftServerImpl.java:requestVote(1046)) - fe031be3-9947-46ae-8b09-98e602d9361b@group-AA76DA738849: receive requestVote(ELECTION, f11f8ce1-e80f-4662-ac56-049e7a4c2ce6, group-AA76DA738849, 7, (t:0, i:0))
2021-10-21 00:14:25,382 [grpc-default-executor-1] INFO  impl.VoteContext (VoteContext.java:log(48)) - fe031be3-9947-46ae-8b09-98e602d9361b@group-AA76DA738849-FOLLOWER: accept ELECTION from f11f8ce1-e80f-4662-ac56-049e7a4c2ce6: our priority 0 <= candidate's priority 1
2021-10-21 00:14:25,382 [grpc-default-executor-1] INFO  server.RaftServer$Division (RaftServerImpl.java:setRole(290)) - fe031be3-9947-46ae-8b09-98e602d9361b@group-AA76DA738849: changes role from  FOLLOWER to FOLLOWER at term 7 for candidate:f11f8ce1-e80f-4662-ac56-049e7a4c2ce6
2021-10-21 00:14:25,382 [grpc-default-executor-1] INFO  impl.RoleInfo (RoleInfo.java:shutdownFollowerState(108)) - fe031be3-9947-46ae-8b09-98e602d9361b: shutdown fe031be3-9947-46ae-8b09-98e602d9361b@group-AA76DA738849-FollowerState
2021-10-21 00:14:25,382 [grpc-default-executor-1] INFO  impl.RoleInfo (RoleInfo.java:updateAndGet(130)) - fe031be3-9947-46ae-8b09-98e602d9361b: start fe031be3-9947-46ae-8b09-98e602d9361b@group-AA76DA738849-FollowerState
2021-10-21 00:14:25,382 [fe031be3-9947-46ae-8b09-98e602d9361b@group-AA76DA738849-FollowerState] INFO  impl.FollowerState (FollowerState.java:run(143)) - fe031be3-9947-46ae-8b09-98e602d9361b@group-AA76DA738849-FollowerState was interrupted: {}
java.lang.InterruptedException: sleep interrupted
	at java.lang.Thread.sleep(Native Method)
	at java.lang.Thread.sleep(Thread.java:340)
	at java.util.concurrent.TimeUnit.sleep(TimeUnit.java:386)
	at org.apache.ratis.util.TimeDuration.sleep(TimeDuration.java:324)
	at org.apache.ratis.util.TimeDuration.sleep(TimeDuration.java:309)
	at org.apache.ratis.server.impl.FollowerState.run(FollowerState.java:118)
2021-10-21 00:14:25,388 [grpc-default-executor-3] INFO  server.RaftServer$Division (RaftServerImpl.java:requestVote(1046)) - 87f4cda0-ffb5-4aa3-ac3a-463d681607fa@group-AA76DA738849: receive requestVote(ELECTION, f11f8ce1-e80f-4662-ac56-049e7a4c2ce6, group-AA76DA738849, 7, (t:0, i:0))
2021-10-21 00:14:25,388 [grpc-default-executor-3] INFO  impl.VoteContext (VoteContext.java:log(48)) - 87f4cda0-ffb5-4aa3-ac3a-463d681607fa@group-AA76DA738849-FOLLOWER: accept ELECTION from f11f8ce1-e80f-4662-ac56-049e7a4c2ce6: our priority 0 <= candidate's priority 1
2021-10-21 00:14:25,388 [grpc-default-executor-3] INFO  server.RaftServer$Division (RaftServerImpl.java:setRole(290)) - 87f4cda0-ffb5-4aa3-ac3a-463d681607fa@group-AA76DA738849: changes role from  FOLLOWER to FOLLOWER at term 7 for candidate:f11f8ce1-e80f-4662-ac56-049e7a4c2ce6
2021-10-21 00:14:25,388 [grpc-default-executor-3] INFO  impl.RoleInfo (RoleInfo.java:shutdownFollowerState(108)) - 87f4cda0-ffb5-4aa3-ac3a-463d681607fa: shutdown 87f4cda0-ffb5-4aa3-ac3a-463d681607fa@group-AA76DA738849-FollowerState
2021-10-21 00:14:25,457 [grpc-default-executor-3] INFO  impl.RoleInfo (RoleInfo.java:updateAndGet(130)) - 87f4cda0-ffb5-4aa3-ac3a-463d681607fa: start 87f4cda0-ffb5-4aa3-ac3a-463d681607fa@group-AA76DA738849-FollowerState
2021-10-21 00:14:25,457 [87f4cda0-ffb5-4aa3-ac3a-463d681607fa@group-AA76DA738849-FollowerState] INFO  impl.FollowerState (FollowerState.java:run(143)) - 87f4cda0-ffb5-4aa3-ac3a-463d681607fa@group-AA76DA738849-FollowerState was interrupted: {}
java.lang.InterruptedException: sleep interrupted
	at java.lang.Thread.sleep(Native Method)
	at java.lang.Thread.sleep(Thread.java:340)
	at java.util.concurrent.TimeUnit.sleep(TimeUnit.java:386)
	at org.apache.ratis.util.TimeDuration.sleep(TimeDuration.java:324)
	at org.apache.ratis.util.TimeDuration.sleep(TimeDuration.java:309)
	at org.apache.ratis.server.impl.FollowerState.run(FollowerState.java:118)
2021-10-21 00:14:25,458 [grpc-default-executor-1] INFO  server.RaftServer$Division (RaftServerImpl.java:requestVote(1078)) - fe031be3-9947-46ae-8b09-98e602d9361b@group-AA76DA738849 replies to ELECTION vote request: f11f8ce1-e80f-4662-ac56-049e7a4c2ce6<-fe031be3-9947-46ae-8b09-98e602d9361b#0:OK-t7. Peer's state: fe031be3-9947-46ae-8b09-98e602d9361b@group-AA76DA738849:t7, leader=null, voted=f11f8ce1-e80f-4662-ac56-049e7a4c2ce6, raftlog=fe031be3-9947-46ae-8b09-98e602d9361b@group-AA76DA738849-SegmentedRaftLog:OPENED:c-1, conf=-1: [87f4cda0-ffb5-4aa3-ac3a-463d681607fa|rpc:10.1.0.21:43449|priority:0, fe031be3-9947-46ae-8b09-98e602d9361b|rpc:10.1.0.21:44461|priority:0, f11f8ce1-e80f-4662-ac56-049e7a4c2ce6|rpc:10.1.0.21:45621|priority:1], old=null
2021-10-21 00:14:25,468 [f11f8ce1-e80f-4662-ac56-049e7a4c2ce6@group-AA76DA738849-LeaderElection129] INFO  impl.LeaderElection (LeaderElection.java:logAndReturn(89)) - f11f8ce1-e80f-4662-ac56-049e7a4c2ce6@group-AA76DA738849-LeaderElection129: ELECTION PASSED received 1 response(s) and 0 exception(s):
2021-10-21 00:14:25,468 [f11f8ce1-e80f-4662-ac56-049e7a4c2ce6@group-AA76DA738849-LeaderElection129] INFO  impl.LeaderElection (LeaderElection.java:logAndReturn(93)) -   Response 0: f11f8ce1-e80f-4662-ac56-049e7a4c2ce6<-fe031be3-9947-46ae-8b09-98e602d9361b#0:OK-t7
2021-10-21 00:14:25,468 [f11f8ce1-e80f-4662-ac56-049e7a4c2ce6@group-AA76DA738849-LeaderElection129] INFO  impl.LeaderElection (LeaderElection.java:askForVotes(308)) - f11f8ce1-e80f-4662-ac56-049e7a4c2ce6@group-AA76DA738849-LeaderElection129 ELECTION round 0: result PASSED
2021-10-21 00:14:25,468 [f11f8ce1-e80f-4662-ac56-049e7a4c2ce6@group-AA76DA738849-LeaderElection129] INFO  impl.RoleInfo (RoleInfo.java:shutdownLeaderElection(121)) - f11f8ce1-e80f-4662-ac56-049e7a4c2ce6: shutdown f11f8ce1-e80f-4662-ac56-049e7a4c2ce6@group-AA76DA738849-LeaderElection129
2021-10-21 00:14:25,468 [f11f8ce1-e80f-4662-ac56-049e7a4c2ce6@group-AA76DA738849-LeaderElection129] INFO  server.RaftServer$Division (RaftServerImpl.java:setRole(290)) - f11f8ce1-e80f-4662-ac56-049e7a4c2ce6@group-AA76DA738849: changes role from CANDIDATE to LEADER at term 7 for changeToLeader
2021-10-21 00:14:25,468 [f11f8ce1-e80f-4662-ac56-049e7a4c2ce6@group-AA76DA738849-LeaderElection129] INFO  ratis.XceiverServerRatis (XceiverServerRatis.java:handleLeaderChangedNotification(866)) - Leader change notification received for group: group-AA76DA738849 with new leaderId: f11f8ce1-e80f-4662-ac56-049e7a4c2ce6
2021-10-21 00:14:25,468 [f11f8ce1-e80f-4662-ac56-049e7a4c2ce6@group-AA76DA738849-LeaderElection129] INFO  server.RaftServer$Division (ServerState.java:setLeader(285)) - f11f8ce1-e80f-4662-ac56-049e7a4c2ce6@group-AA76DA738849: change Leader from null to f11f8ce1-e80f-4662-ac56-049e7a4c2ce6 at term 7 for becomeLeader, leader elected after 36967ms
2021-10-21 00:14:25,468 [f11f8ce1-e80f-4662-ac56-049e7a4c2ce6@group-AA76DA738849-LeaderElection129] INFO  server.RaftServerConfigKeys (ConfUtils.java:logGet(44)) - raft.server.staging.catchup.gap = 1000 (default)
2021-10-21 00:14:25,469 [f11f8ce1-e80f-4662-ac56-049e7a4c2ce6@group-AA76DA738849-LeaderElection129] INFO  server.RaftServerConfigKeys (ConfUtils.java:logGet(44)) - raft.server.write.element-limit = 1024 (custom)
2021-10-21 00:14:25,469 [f11f8ce1-e80f-4662-ac56-049e7a4c2ce6@group-AA76DA738849-LeaderElection129] INFO  server.RaftServerConfigKeys (ConfUtils.java:logGet(44)) - raft.server.write.byte-limit = 1024 M (=1073741824) (custom)
2021-10-21 00:14:25,469 [f11f8ce1-e80f-4662-ac56-049e7a4c2ce6@group-AA76DA738849-LeaderElection129] INFO  server.RaftServerConfigKeys (ConfUtils.java:logGet(44)) - raft.server.watch.timeout = 3000ms (custom)
2021-10-21 00:14:25,469 [f11f8ce1-e80f-4662-ac56-049e7a4c2ce6@group-AA76DA738849-LeaderElection129] INFO  server.RaftServerConfigKeys (ConfUtils.java:logGet(44)) - raft.server.watch.timeout.denomination = 1s (default)
2021-10-21 00:14:25,469 [f11f8ce1-e80f-4662-ac56-049e7a4c2ce6@group-AA76DA738849-LeaderElection129] INFO  server.RaftServerConfigKeys (ConfUtils.java:logGet(44)) - raft.server.watch.element-limit = 65536 (default)
2021-10-21 00:14:25,469 [f11f8ce1-e80f-4662-ac56-049e7a4c2ce6@group-AA76DA738849-LeaderElection129] INFO  server.RaftServerConfigKeys (ConfUtils.java:logGet(44)) - raft.server.write.element-limit = 1024 (custom)
2021-10-21 00:14:25,469 [f11f8ce1-e80f-4662-ac56-049e7a4c2ce6@group-AA76DA738849-LeaderElection129] INFO  server.RaftServerConfigKeys (ConfUtils.java:logGet(44)) - raft.server.write.follower.gap.ratio.max = -1.0 (default)
2021-10-21 00:14:25,469 [f11f8ce1-e80f-4662-ac56-049e7a4c2ce6@group-AA76DA738849-LeaderElection129] INFO  server.RaftServerConfigKeys (ConfUtils.java:logGet(44)) - raft.server.log.appender.snapshot.chunk.size.max = 16MB (=16777216) (default)
2021-10-21 00:14:25,470 [f11f8ce1-e80f-4662-ac56-049e7a4c2ce6@group-AA76DA738849-LeaderElection129] INFO  server.RaftServerConfigKeys (ConfUtils.java:logGet(44)) - raft.server.log.appender.buffer.byte-limit = 33554432 (custom)
2021-10-21 00:14:25,470 [f11f8ce1-e80f-4662-ac56-049e7a4c2ce6@group-AA76DA738849-LeaderElection129] INFO  server.RaftServerConfigKeys (ConfUtils.java:logGet(44)) - raft.server.log.appender.buffer.element-limit = 1 (custom)
2021-10-21 00:14:25,470 [f11f8ce1-e80f-4662-ac56-049e7a4c2ce6@group-AA76DA738849-LeaderElection129] INFO  grpc.GrpcConfigKeys (ConfUtils.java:logGet(44)) - raft.grpc.server.leader.outstanding.appends.max = 128 (default)
2021-10-21 00:14:25,470 [f11f8ce1-e80f-4662-ac56-049e7a4c2ce6@group-AA76DA738849-LeaderElection129] INFO  server.RaftServerConfigKeys (ConfUtils.java:logGet(44)) - raft.server.rpc.request.timeout = 3000ms (default)
2021-10-21 00:14:25,470 [f11f8ce1-e80f-4662-ac56-049e7a4c2ce6@group-AA76DA738849-LeaderElection129] INFO  server.RaftServerConfigKeys (ConfUtils.java:logGet(44)) - raft.server.log.appender.install.snapshot.enabled = false (custom)
2021-10-21 00:14:25,471 [Datanode State Machine Thread - 0] WARN  statemachine.StateContext (StateContext.java:execute(621)) - No available thread in pool for past 1 seconds.
2021-10-21 00:14:25,474 [EventQueue-PipelineReportForPipelineReportHandler] INFO  pipeline.PipelineManagerImpl (PipelineManagerImpl.java:openPipeline(282)) - Pipeline Pipeline[ Id: 9bf4a531-6e52-4877-98e4-aa76da738849, Nodes: f11f8ce1-e80f-4662-ac56-049e7a4c2ce6{ip: 10.1.0.21, host: fv-az395-87.zfmzfyrfkyou3ow0tsr0jxwq1e.bx.internal.cloudapp.net, ports: [REPLICATION=42417, RATIS=45621, RATIS_ADMIN=45621, RATIS_SERVER=45621, STANDALONE=45893], networkLocation: /default-rack, certSerialId: null, persistedOpState: IN_SERVICE, persistedOpStateExpiryEpochSec: 0}fe031be3-9947-46ae-8b09-98e602d9361b{ip: 10.1.0.21, host: fv-az395-87.zfmzfyrfkyou3ow0tsr0jxwq1e.bx.internal.cloudapp.net, ports: [REPLICATION=38151, RATIS=44461, RATIS_ADMIN=44461, RATIS_SERVER=44461, STANDALONE=37965], networkLocation: /default-rack, certSerialId: null, persistedOpState: IN_SERVICE, persistedOpStateExpiryEpochSec: 0}87f4cda0-ffb5-4aa3-ac3a-463d681607fa{ip: 10.1.0.21, host: fv-az395-87.zfmzfyrfkyou3ow0tsr0jxwq1e.bx.internal.cloudapp.net, ports: [REPLICATION=33843, RATIS=43449, RATIS_ADMIN=43449, RATIS_SERVER=43449, STANDALONE=46315], networkLocation: /default-rack, certSerialId: null, persistedOpState: IN_SERVICE, persistedOpStateExpiryEpochSec: 0}, ReplicationConfig: RATIS/THREE, State:ALLOCATED, leaderId:f11f8ce1-e80f-4662-ac56-049e7a4c2ce6, CreationTimestamp2021-10-21T00:13:47.543Z[Etc/UTC]] moved to OPEN state
2021-10-21 00:14:25,475 [grpc-default-executor-3] INFO  server.RaftServer$Division (RaftServerImpl.java:requestVote(1078)) - 87f4cda0-ffb5-4aa3-ac3a-463d681607fa@group-AA76DA738849 replies to ELECTION vote request: f11f8ce1-e80f-4662-ac56-049e7a4c2ce6<-87f4cda0-ffb5-4aa3-ac3a-463d681607fa#0:OK-t7. Peer's state: 87f4cda0-ffb5-4aa3-ac3a-463d681607fa@group-AA76DA738849:t7, leader=null, voted=f11f8ce1-e80f-4662-ac56-049e7a4c2ce6, raftlog=87f4cda0-ffb5-4aa3-ac3a-463d681607fa@group-AA76DA738849-SegmentedRaftLog:OPENED:c-1, conf=-1: [87f4cda0-ffb5-4aa3-ac3a-463d681607fa|rpc:10.1.0.21:43449|dataStream:|priority:0, fe031be3-9947-46ae-8b09-98e602d9361b|rpc:10.1.0.21:44461|dataStream:|priority:0, f11f8ce1-e80f-4662-ac56-049e7a4c2ce6|rpc:10.1.0.21:45621|dataStream:|priority:1], old=null
2021-10-21 00:14:25,477 [f11f8ce1-e80f-4662-ac56-049e7a4c2ce6@group-AA76DA738849-LeaderElection129] INFO  server.RaftServerConfigKeys (ConfUtils.java:logGet(44)) - raft.server.log.appender.snapshot.chunk.size.max = 16MB (=16777216) (default)
2021-10-21 00:14:25,477 [f11f8ce1-e80f-4662-ac56-049e7a4c2ce6@group-AA76DA738849-LeaderElection129] INFO  server.RaftServerConfigKeys (ConfUtils.java:logGet(44)) - raft.server.log.appender.buffer.byte-limit = 33554432 (custom)
2021-10-21 00:14:25,477 [f11f8ce1-e80f-4662-ac56-049e7a4c2ce6@group-AA76DA738849-LeaderElection129] INFO  server.RaftServerConfigKeys (ConfUtils.java:logGet(44)) - raft.server.log.appender.buffer.element-limit = 1 (custom)
2021-10-21 00:14:25,477 [f11f8ce1-e80f-4662-ac56-049e7a4c2ce6@group-AA76DA738849-LeaderElection129] INFO  grpc.GrpcConfigKeys (ConfUtils.java:logGet(44)) - raft.grpc.server.leader.outstanding.appends.max = 128 (default)
2021-10-21 00:14:25,477 [f11f8ce1-e80f-4662-ac56-049e7a4c2ce6@group-AA76DA738849-LeaderElection129] INFO  server.RaftServerConfigKeys (ConfUtils.java:logGet(44)) - raft.server.rpc.request.timeout = 3000ms (default)
2021-10-21 00:14:25,477 [f11f8ce1-e80f-4662-ac56-049e7a4c2ce6@group-AA76DA738849-LeaderElection129] INFO  server.RaftServerConfigKeys (ConfUtils.java:logGet(44)) - raft.server.log.appender.install.snapshot.enabled = false (custom)
2021-10-21 00:14:25,479 [f11f8ce1-e80f-4662-ac56-049e7a4c2ce6@group-AA76DA738849-LeaderElection129] INFO  impl.RoleInfo (RoleInfo.java:updateAndGet(130)) - f11f8ce1-e80f-4662-ac56-049e7a4c2ce6: start f11f8ce1-e80f-4662-ac56-049e7a4c2ce6@group-AA76DA738849-LeaderStateImpl
2021-10-21 00:14:25,480 [f11f8ce1-e80f-4662-ac56-049e7a4c2ce6@group-AA76DA738849-LeaderElection129] INFO  segmented.SegmentedRaftLogWorker (SegmentedRaftLogWorker.java:startLogSegment(394)) - f11f8ce1-e80f-4662-ac56-049e7a4c2ce6@group-AA76DA738849-SegmentedRaftLogWorker: Starting segment from index:0
2021-10-21 00:14:25,481 [f11f8ce1-e80f-4662-ac56-049e7a4c2ce6@group-AA76DA738849-SegmentedRaftLogWorker] INFO  segmented.SegmentedRaftLogWorker (SegmentedRaftLogWorker.java:execute(601)) - f11f8ce1-e80f-4662-ac56-049e7a4c2ce6@group-AA76DA738849-SegmentedRaftLogWorker: created new log segment /home/runner/work/ozone/ozone/hadoop-ozone/integration-test/target/test-dir/MiniOzoneClusterImpl-0ff56402-746c-4b46-aacb-40edab3b56db/datanode-8/data/ratis/9bf4a531-6e52-4877-98e4-aa76da738849/current/log_inprogress_0
2021-10-21 00:14:25,489 [grpc-default-executor-1] INFO  ratis.XceiverServerRatis (XceiverServerRatis.java:handleLeaderChangedNotification(866)) - Leader change notification received for group: group-AA76DA738849 with new leaderId: f11f8ce1-e80f-4662-ac56-049e7a4c2ce6
2021-10-21 00:14:25,490 [grpc-default-executor-1] INFO  server.RaftServer$Division (ServerState.java:setLeader(285)) - fe031be3-9947-46ae-8b09-98e602d9361b@group-AA76DA738849: change Leader from null to f11f8ce1-e80f-4662-ac56-049e7a4c2ce6 at term 7 for appendEntries, leader elected after 37260ms
2021-10-21 00:14:25,502 [f11f8ce1-e80f-4662-ac56-049e7a4c2ce6@group-AA76DA738849-LeaderElection129] INFO  server.RaftServer$Division (ServerState.java:setRaftConf(387)) - f11f8ce1-e80f-4662-ac56-049e7a4c2ce6@group-AA76DA738849: set configuration 0: [87f4cda0-ffb5-4aa3-ac3a-463d681607fa|rpc:10.1.0.21:43449|dataStream:|priority:0, fe031be3-9947-46ae-8b09-98e602d9361b|rpc:10.1.0.21:44461|dataStream:|priority:0, f11f8ce1-e80f-4662-ac56-049e7a4c2ce6|rpc:10.1.0.21:45621|dataStream:|priority:1], old=null
2021-10-21 00:14:25,549 [grpc-default-executor-3] INFO  server.RaftServer$Division (ServerState.java:setRaftConf(387)) - fe031be3-9947-46ae-8b09-98e602d9361b@group-AA76DA738849: set configuration 0: [87f4cda0-ffb5-4aa3-ac3a-463d681607fa|rpc:10.1.0.21:43449|dataStream:|priority:0, fe031be3-9947-46ae-8b09-98e602d9361b|rpc:10.1.0.21:44461|dataStream:|priority:0, f11f8ce1-e80f-4662-ac56-049e7a4c2ce6|rpc:10.1.0.21:45621|dataStream:|priority:1], old=null
2021-10-21 00:14:25,549 [grpc-default-executor-3] INFO  segmented.SegmentedRaftLogWorker (SegmentedRaftLogWorker.java:startLogSegment(394)) - fe031be3-9947-46ae-8b09-98e602d9361b@group-AA76DA738849-SegmentedRaftLogWorker: Starting segment from index:0
2021-10-21 00:14:25,551 [fe031be3-9947-46ae-8b09-98e602d9361b@group-AA76DA738849-SegmentedRaftLogWorker] INFO  segmented.SegmentedRaftLogWorker (SegmentedRaftLogWorker.java:execute(601)) - fe031be3-9947-46ae-8b09-98e602d9361b@group-AA76DA738849-SegmentedRaftLogWorker: created new log segment /home/runner/work/ozone/ozone/hadoop-ozone/integration-test/target/test-dir/MiniOzoneClusterImpl-0ff56402-746c-4b46-aacb-40edab3b56db/datanode-6/data/ratis/9bf4a531-6e52-4877-98e4-aa76da738849/current/log_inprogress_0
2021-10-21 00:14:25,612 [grpc-default-executor-1] INFO  ratis.XceiverServerRatis (XceiverServerRatis.java:handleLeaderChangedNotification(866)) - Leader change notification received for group: group-AA76DA738849 with new leaderId: f11f8ce1-e80f-4662-ac56-049e7a4c2ce6
2021-10-21 00:14:25,612 [grpc-default-executor-1] INFO  server.RaftServer$Division (ServerState.java:setLeader(285)) - 87f4cda0-ffb5-4aa3-ac3a-463d681607fa@group-AA76DA738849: change Leader from null to f11f8ce1-e80f-4662-ac56-049e7a4c2ce6 at term 7 for appendEntries, leader elected after 36479ms
2021-10-21 00:14:25,665 [grpc-default-executor-1] INFO  server.RaftServer$Division (ServerState.java:setRaftConf(387)) - 87f4cda0-ffb5-4aa3-ac3a-463d681607fa@group-AA76DA738849: set configuration 0: [87f4cda0-ffb5-4aa3-ac3a-463d681607fa|rpc:10.1.0.21:43449|dataStream:|priority:0, fe031be3-9947-46ae-8b09-98e602d9361b|rpc:10.1.0.21:44461|dataStream:|priority:0, f11f8ce1-e80f-4662-ac56-049e7a4c2ce6|rpc:10.1.0.21:45621|dataStream:|priority:1], old=null
2021-10-21 00:14:25,666 [grpc-default-executor-1] INFO  segmented.SegmentedRaftLogWorker (SegmentedRaftLogWorker.java:startLogSegment(394)) - 87f4cda0-ffb5-4aa3-ac3a-463d681607fa@group-AA76DA738849-SegmentedRaftLogWorker: Starting segment from index:0
2021-10-21 00:14:25,668 [87f4cda0-ffb5-4aa3-ac3a-463d681607fa@group-AA76DA738849-SegmentedRaftLogWorker] INFO  segmented.SegmentedRaftLogWorker (SegmentedRaftLogWorker.java:execute(601)) - 87f4cda0-ffb5-4aa3-ac3a-463d681607fa@group-AA76DA738849-SegmentedRaftLogWorker: created new log segment /home/runner/work/ozone/ozone/hadoop-ozone/integration-test/target/test-dir/MiniOzoneClusterImpl-0ff56402-746c-4b46-aacb-40edab3b56db/datanode-7/data/ratis/9bf4a531-6e52-4877-98e4-aa76da738849/current/log_inprogress_0
2021-10-21 00:14:26,018 [ForkJoinPool.commonPool-worker-0] INFO  statemachine.DatanodeStateMachine (DatanodeStateMachine.java:stopDaemon(524)) - Ozone container server stopped.
2021-10-21 00:14:26,033 [ForkJoinPool.commonPool-worker-0] INFO  handler.ContextHandler (ContextHandler.java:doStop(1153)) - Stopped o.e.j.w.WebAppContext@39afea83{hddsDatanode,/,null,STOPPED}{jar:file:/home/runner/.m2/repository/org/apache/ozone/hdds-container-service/1.2.0-SNAPSHOT/hdds-container-service-1.2.0-SNAPSHOT.jar!/webapps/hddsDatanode}
2021-10-21 00:14:26,073 [ForkJoinPool.commonPool-worker-0] INFO  server.AbstractConnector (AbstractConnector.java:doStop(381)) - Stopped ServerConnector@5b1c1442{HTTP/1.1, (http/1.1)}{0.0.0.0:0}
2021-10-21 00:14:26,074 [ForkJoinPool.commonPool-worker-0] INFO  server.session (HouseKeeper.java:stopScavenging(149)) - node0 Stopped scavenging
2021-10-21 00:14:26,076 [ForkJoinPool.commonPool-worker-0] INFO  handler.ContextHandler (ContextHandler.java:doStop(1153)) - Stopped o.e.j.s.ServletContextHandler@77b5aa9d{static,/static,jar:file:/home/runner/.m2/repository/org/apache/ozone/hdds-container-service/1.2.0-SNAPSHOT/hdds-container-service-1.2.0-SNAPSHOT.jar!/webapps/static,STOPPED}
2021-10-21 00:14:26,079 [ForkJoinPool.commonPool-worker-0] INFO  handler.ContextHandler (ContextHandler.java:doStop(1153)) - Stopped o.e.j.s.ServletContextHandler@7ebbecaf{logs,/logs,file:///home/runner/work/ozone/ozone/hadoop-ozone/integration-test/target/log,STOPPED}
2021-10-21 00:14:26,093 [Listener at 127.0.0.1/34193] INFO  statemachine.DatanodeStateMachine (DatanodeStateMachine.java:stopDaemon(524)) - Ozone container server stopped.
2021-10-21 00:14:26,094 [Listener at 127.0.0.1/34193] INFO  handler.ContextHandler (ContextHandler.java:doStop(1153)) - Stopped o.e.j.w.WebAppContext@24fa96f5{hddsDatanode,/,null,STOPPED}{jar:file:/home/runner/.m2/repository/org/apache/ozone/hdds-container-service/1.2.0-SNAPSHOT/hdds-container-service-1.2.0-SNAPSHOT.jar!/webapps/hddsDatanode}
2021-10-21 00:14:26,099 [Listener at 127.0.0.1/34193] INFO  server.AbstractConnector (AbstractConnector.java:doStop(381)) - Stopped ServerConnector@77f12973{HTTP/1.1, (http/1.1)}{0.0.0.0:0}
2021-10-21 00:14:26,099 [Listener at 127.0.0.1/34193] INFO  server.session (HouseKeeper.java:stopScavenging(149)) - node0 Stopped scavenging
2021-10-21 00:14:26,099 [Listener at 127.0.0.1/34193] INFO  handler.ContextHandler (ContextHandler.java:doStop(1153)) - Stopped o.e.j.s.ServletContextHandler@49b207e9{static,/static,jar:file:/home/runner/.m2/repository/org/apache/ozone/hdds-container-service/1.2.0-SNAPSHOT/hdds-container-service-1.2.0-SNAPSHOT.jar!/webapps/static,STOPPED}
2021-10-21 00:14:26,100 [Listener at 127.0.0.1/34193] INFO  handler.ContextHandler (ContextHandler.java:doStop(1153)) - Stopped o.e.j.s.ServletContextHandler@6ff3e32c{logs,/logs,file:///home/runner/work/ozone/ozone/hadoop-ozone/integration-test/target/log,STOPPED}
2021-10-21 00:14:26,935 [grpc-default-executor-3] WARN  server.GrpcLogAppender (LogUtils.java:warn(122)) - b064551b-1fe0-41a9-91d7-ea536b2590c0@group-1ABE1F802D80->43a8bf6a-c132-4b01-9df6-8da121d8da0e-AppendLogResponseHandler: Failed appendEntries: org.apache.ratis.thirdparty.io.grpc.StatusRuntimeException: UNAVAILABLE: io exception
2021-10-21 00:14:26,936 [grpc-default-executor-3] WARN  server.GrpcLogAppender (GrpcLogAppender.java:resetClient(110)) - b064551b-1fe0-41a9-91d7-ea536b2590c0@group-1ABE1F802D80->43a8bf6a-c132-4b01-9df6-8da121d8da0e-GrpcLogAppender: Leader has not got in touch with Follower b064551b-1fe0-41a9-91d7-ea536b2590c0@group-1ABE1F802D80->43a8bf6a-c132-4b01-9df6-8da121d8da0e(c-1,m0,n3, attendVote=true, lastRpcSendTime=2537, lastRpcResponseTime=7978) yet, just keep nextIndex unchanged and retry.
2021-10-21 00:14:29,449 [grpc-default-executor-1] WARN  server.GrpcLogAppender (LogUtils.java:warn(122)) - b064551b-1fe0-41a9-91d7-ea536b2590c0@group-1ABE1F802D80->43a8bf6a-c132-4b01-9df6-8da121d8da0e-AppendLogResponseHandler: Failed appendEntries: org.apache.ratis.thirdparty.io.grpc.StatusRuntimeException: UNAVAILABLE: io exception
2021-10-21 00:14:29,450 [grpc-default-executor-1] WARN  server.GrpcLogAppender (GrpcLogAppender.java:resetClient(110)) - b064551b-1fe0-41a9-91d7-ea536b2590c0@group-1ABE1F802D80->43a8bf6a-c132-4b01-9df6-8da121d8da0e-GrpcLogAppender: Leader has not got in touch with Follower b064551b-1fe0-41a9-91d7-ea536b2590c0@group-1ABE1F802D80->43a8bf6a-c132-4b01-9df6-8da121d8da0e(c-1,m0,n3, attendVote=true, lastRpcSendTime=2512, lastRpcResponseTime=10492) yet, just keep nextIndex unchanged and retry.
2021-10-21 00:14:31,085 [ForkJoinPool.commonPool-worker-0] INFO  ozoneimpl.OzoneContainer (OzoneContainer.java:stop(325)) - Attempting to stop container services.
2021-10-21 00:14:31,086 [ForkJoinPool.commonPool-worker-0] INFO  server.RaftServer (RaftServerProxy.java:lambda$close$6(391)) - 385ed75d-b5f2-4976-82ca-03b327f31da0: close
2021-10-21 00:14:31,086 [ForkJoinPool.commonPool-worker-0] INFO  server.RaftServer$Division (RaftServerImpl.java:lambda$close$4(412)) - 385ed75d-b5f2-4976-82ca-03b327f31da0@group-1ABE1F802D80: shutdown
2021-10-21 00:14:31,086 [ForkJoinPool.commonPool-worker-0] INFO  util.JmxRegister (JmxRegister.java:unregister(73)) - Successfully un-registered JMX Bean with object name Ratis:service=RaftServer,group=group-1ABE1F802D80,id=385ed75d-b5f2-4976-82ca-03b327f31da0
2021-10-21 00:14:31,086 [ForkJoinPool.commonPool-worker-0] INFO  impl.RoleInfo (RoleInfo.java:shutdownFollowerState(108)) - 385ed75d-b5f2-4976-82ca-03b327f31da0: shutdown 385ed75d-b5f2-4976-82ca-03b327f31da0@group-1ABE1F802D80-FollowerState
2021-10-21 00:14:31,086 [ForkJoinPool.commonPool-worker-0] INFO  impl.StateMachineUpdater (StateMachineUpdater.java:stopAndJoin(149)) - 385ed75d-b5f2-4976-82ca-03b327f31da0@group-1ABE1F802D80-StateMachineUpdater: set stopIndex = 2
2021-10-21 00:14:31,086 [385ed75d-b5f2-4976-82ca-03b327f31da0@group-1ABE1F802D80-FollowerState] INFO  impl.FollowerState (FollowerState.java:run(143)) - 385ed75d-b5f2-4976-82ca-03b327f31da0@group-1ABE1F802D80-FollowerState was interrupted: {}
java.lang.InterruptedException: sleep interrupted
	at java.lang.Thread.sleep(Native Method)
	at java.lang.Thread.sleep(Thread.java:340)
	at java.util.concurrent.TimeUnit.sleep(TimeUnit.java:386)
	at org.apache.ratis.util.TimeDuration.sleep(TimeDuration.java:324)
	at org.apache.ratis.util.TimeDuration.sleep(TimeDuration.java:309)
	at org.apache.ratis.server.impl.FollowerState.run(FollowerState.java:118)
2021-10-21 00:14:31,087 [385ed75d-b5f2-4976-82ca-03b327f31da0@group-1ABE1F802D80-StateMachineUpdater] INFO  ratis.ContainerStateMachine (ContainerStateMachine.java:takeSnapshot(292)) - group-1ABE1F802D80: Taking a snapshot at:(t:5, i:2) file /home/runner/work/ozone/ozone/hadoop-ozone/integration-test/target/test-dir/MiniOzoneClusterImpl-0ff56402-746c-4b46-aacb-40edab3b56db/datanode-0/data/ratis/d739659e-f08f-42ab-8521-1abe1f802d80/sm/snapshot.5_2
2021-10-21 00:14:31,089 [385ed75d-b5f2-4976-82ca-03b327f31da0@group-1ABE1F802D80-StateMachineUpdater] INFO  ratis.ContainerStateMachine (ContainerStateMachine.java:takeSnapshot(303)) - group-1ABE1F802D80: Finished taking a snapshot at:(t:5, i:2) file:/home/runner/work/ozone/ozone/hadoop-ozone/integration-test/target/test-dir/MiniOzoneClusterImpl-0ff56402-746c-4b46-aacb-40edab3b56db/datanode-0/data/ratis/d739659e-f08f-42ab-8521-1abe1f802d80/sm/snapshot.5_2 took: 2 ms
2021-10-21 00:14:31,089 [385ed75d-b5f2-4976-82ca-03b327f31da0@group-1ABE1F802D80-StateMachineUpdater] INFO  impl.StateMachineUpdater (StateMachineUpdater.java:takeSnapshot(281)) - 385ed75d-b5f2-4976-82ca-03b327f31da0@group-1ABE1F802D80-StateMachineUpdater: Took a snapshot at index 2
2021-10-21 00:14:31,089 [385ed75d-b5f2-4976-82ca-03b327f31da0@group-1ABE1F802D80-StateMachineUpdater] INFO  impl.StateMachineUpdater (StateMachineUpdater.java:lambda$new$0(89)) - 385ed75d-b5f2-4976-82ca-03b327f31da0@group-1ABE1F802D80-StateMachineUpdater: snapshotIndex: updateIncreasingly -1 -> 2
2021-10-21 00:14:31,091 [ForkJoinPool.commonPool-worker-0] INFO  server.RaftServer$Division (ServerState.java:close(419)) - 385ed75d-b5f2-4976-82ca-03b327f31da0@group-1ABE1F802D80: closes. applyIndex: 2
2021-10-21 00:14:31,091 [385ed75d-b5f2-4976-82ca-03b327f31da0@group-1ABE1F802D80-SegmentedRaftLogWorker] INFO  segmented.SegmentedRaftLogWorker (SegmentedRaftLogWorker.java:run(327)) - 385ed75d-b5f2-4976-82ca-03b327f31da0@group-1ABE1F802D80-SegmentedRaftLogWorker was interrupted, exiting. There are 0 tasks remaining in the queue.
2021-10-21 00:14:31,093 [ForkJoinPool.commonPool-worker-0] INFO  segmented.SegmentedRaftLogWorker (SegmentedRaftLogWorker.java:close(237)) - 385ed75d-b5f2-4976-82ca-03b327f31da0@group-1ABE1F802D80-SegmentedRaftLogWorker close()
2021-10-21 00:14:31,101 [ForkJoinPool.commonPool-worker-0] INFO  server.RaftServer$Division (RaftServerImpl.java:lambda$close$4(412)) - 385ed75d-b5f2-4976-82ca-03b327f31da0@group-341CD129DCEB: shutdown
2021-10-21 00:14:31,101 [ForkJoinPool.commonPool-worker-0] INFO  util.JmxRegister (JmxRegister.java:unregister(73)) - Successfully un-registered JMX Bean with object name Ratis:service=RaftServer,group=group-341CD129DCEB,id=385ed75d-b5f2-4976-82ca-03b327f31da0
2021-10-21 00:14:31,101 [ForkJoinPool.commonPool-worker-0] INFO  impl.RoleInfo (RoleInfo.java:shutdownLeaderState(91)) - 385ed75d-b5f2-4976-82ca-03b327f31da0: shutdown 385ed75d-b5f2-4976-82ca-03b327f31da0@group-341CD129DCEB-LeaderStateImpl
2021-10-21 00:14:31,101 [ForkJoinPool.commonPool-worker-0] INFO  impl.PendingRequests (PendingRequests.java:sendNotLeaderResponses(282)) - 385ed75d-b5f2-4976-82ca-03b327f31da0@group-341CD129DCEB-PendingRequests: sendNotLeaderResponses
2021-10-21 00:14:31,103 [Listener at 127.0.0.1/34193] INFO  ozoneimpl.OzoneContainer (OzoneContainer.java:stop(325)) - Attempting to stop container services.
2021-10-21 00:14:31,104 [Listener at 127.0.0.1/34193] INFO  server.RaftServer (RaftServerProxy.java:lambda$close$6(391)) - 87f4cda0-ffb5-4aa3-ac3a-463d681607fa: close
2021-10-21 00:14:31,105 [Listener at 127.0.0.1/34193] INFO  server.RaftServer$Division (RaftServerImpl.java:lambda$close$4(412)) - 87f4cda0-ffb5-4aa3-ac3a-463d681607fa@group-AA76DA738849: shutdown
2021-10-21 00:14:31,105 [Listener at 127.0.0.1/34193] INFO  util.JmxRegister (JmxRegister.java:unregister(73)) - Successfully un-registered JMX Bean with object name Ratis:service=RaftServer,group=group-AA76DA738849,id=87f4cda0-ffb5-4aa3-ac3a-463d681607fa
2021-10-21 00:14:31,105 [Listener at 127.0.0.1/34193] INFO  impl.RoleInfo (RoleInfo.java:shutdownFollowerState(108)) - 87f4cda0-ffb5-4aa3-ac3a-463d681607fa: shutdown 87f4cda0-ffb5-4aa3-ac3a-463d681607fa@group-AA76DA738849-FollowerState
2021-10-21 00:14:31,105 [Listener at 127.0.0.1/34193] INFO  impl.StateMachineUpdater (StateMachineUpdater.java:stopAndJoin(149)) - 87f4cda0-ffb5-4aa3-ac3a-463d681607fa@group-AA76DA738849-StateMachineUpdater: set stopIndex = 0
2021-10-21 00:14:31,105 [87f4cda0-ffb5-4aa3-ac3a-463d681607fa@group-AA76DA738849-FollowerState] INFO  impl.FollowerState (FollowerState.java:run(143)) - 87f4cda0-ffb5-4aa3-ac3a-463d681607fa@group-AA76DA738849-FollowerState was interrupted: {}
java.lang.InterruptedException: sleep interrupted
	at java.lang.Thread.sleep(Native Method)
	at java.lang.Thread.sleep(Thread.java:340)
	at java.util.concurrent.TimeUnit.sleep(TimeUnit.java:386)
	at org.apache.ratis.util.TimeDuration.sleep(TimeDuration.java:324)
	at org.apache.ratis.util.TimeDuration.sleep(TimeDuration.java:309)
	at org.apache.ratis.server.impl.FollowerState.run(FollowerState.java:118)
2021-10-21 00:14:31,106 [87f4cda0-ffb5-4aa3-ac3a-463d681607fa@group-AA76DA738849-StateMachineUpdater] INFO  ratis.ContainerStateMachine (ContainerStateMachine.java:takeSnapshot(292)) - group-AA76DA738849: Taking a snapshot at:(t:7, i:0) file /home/runner/work/ozone/ozone/hadoop-ozone/integration-test/target/test-dir/MiniOzoneClusterImpl-0ff56402-746c-4b46-aacb-40edab3b56db/datanode-7/data/ratis/9bf4a531-6e52-4877-98e4-aa76da738849/sm/snapshot.7_0
2021-10-21 00:14:31,107 [87f4cda0-ffb5-4aa3-ac3a-463d681607fa@group-AA76DA738849-StateMachineUpdater] INFO  ratis.ContainerStateMachine (ContainerStateMachine.java:takeSnapshot(303)) - group-AA76DA738849: Finished taking a snapshot at:(t:7, i:0) file:/home/runner/work/ozone/ozone/hadoop-ozone/integration-test/target/test-dir/MiniOzoneClusterImpl-0ff56402-746c-4b46-aacb-40edab3b56db/datanode-7/data/ratis/9bf4a531-6e52-4877-98e4-aa76da738849/sm/snapshot.7_0 took: 1 ms
2021-10-21 00:14:31,107 [87f4cda0-ffb5-4aa3-ac3a-463d681607fa@group-AA76DA738849-StateMachineUpdater] INFO  impl.StateMachineUpdater (StateMachineUpdater.java:takeSnapshot(281)) - 87f4cda0-ffb5-4aa3-ac3a-463d681607fa@group-AA76DA738849-StateMachineUpdater: Took a snapshot at index 0
2021-10-21 00:14:31,107 [87f4cda0-ffb5-4aa3-ac3a-463d681607fa@group-AA76DA738849-StateMachineUpdater] INFO  impl.StateMachineUpdater (StateMachineUpdater.java:lambda$new$0(89)) - 87f4cda0-ffb5-4aa3-ac3a-463d681607fa@group-AA76DA738849-StateMachineUpdater: snapshotIndex: updateIncreasingly -1 -> 0
2021-10-21 00:14:31,107 [Listener at 127.0.0.1/34193] INFO  server.RaftServer$Division (ServerState.java:close(419)) - 87f4cda0-ffb5-4aa3-ac3a-463d681607fa@group-AA76DA738849: closes. applyIndex: 0
2021-10-21 00:14:31,107 [87f4cda0-ffb5-4aa3-ac3a-463d681607fa@group-AA76DA738849-SegmentedRaftLogWorker] INFO  segmented.SegmentedRaftLogWorker (SegmentedRaftLogWorker.java:run(327)) - 87f4cda0-ffb5-4aa3-ac3a-463d681607fa@group-AA76DA738849-SegmentedRaftLogWorker was interrupted, exiting. There are 0 tasks remaining in the queue.
2021-10-21 00:14:31,108 [Listener at 127.0.0.1/34193] INFO  segmented.SegmentedRaftLogWorker (SegmentedRaftLogWorker.java:close(237)) - 87f4cda0-ffb5-4aa3-ac3a-463d681607fa@group-AA76DA738849-SegmentedRaftLogWorker close()
2021-10-21 00:14:31,108 [Listener at 127.0.0.1/34193] INFO  server.RaftServer$Division (RaftServerImpl.java:lambda$close$4(412)) - 87f4cda0-ffb5-4aa3-ac3a-463d681607fa@group-08D0D54F0B95: shutdown
2021-10-21 00:14:31,108 [Listener at 127.0.0.1/34193] INFO  util.JmxRegister (JmxRegister.java:unregister(73)) - Successfully un-registered JMX Bean with object name Ratis:service=RaftServer,group=group-08D0D54F0B95,id=87f4cda0-ffb5-4aa3-ac3a-463d681607fa
2021-10-21 00:14:31,108 [Listener at 127.0.0.1/34193] INFO  impl.RoleInfo (RoleInfo.java:shutdownLeaderState(91)) - 87f4cda0-ffb5-4aa3-ac3a-463d681607fa: shutdown 87f4cda0-ffb5-4aa3-ac3a-463d681607fa@group-08D0D54F0B95-LeaderStateImpl
2021-10-21 00:14:31,108 [Listener at 127.0.0.1/34193] INFO  impl.PendingRequests (PendingRequests.java:sendNotLeaderResponses(282)) - 87f4cda0-ffb5-4aa3-ac3a-463d681607fa@group-08D0D54F0B95-PendingRequests: sendNotLeaderResponses
2021-10-21 00:14:31,118 [87f4cda0-ffb5-4aa3-ac3a-463d681607fa@group-08D0D54F0B95-StateMachineUpdater] INFO  ratis.ContainerStateMachine (ContainerStateMachine.java:takeSnapshot(292)) - group-08D0D54F0B95: Taking a snapshot at:(t:1, i:0) file /home/runner/work/ozone/ozone/hadoop-ozone/integration-test/target/test-dir/MiniOzoneClusterImpl-0ff56402-746c-4b46-aacb-40edab3b56db/datanode-7/data/ratis/a26ecf29-dbb0-49ad-a21e-08d0d54f0b95/sm/snapshot.1_0
2021-10-21 00:14:31,118 [Listener at 127.0.0.1/34193] INFO  impl.StateMachineUpdater (StateMachineUpdater.java:stopAndJoin(149)) - 87f4cda0-ffb5-4aa3-ac3a-463d681607fa@group-08D0D54F0B95-StateMachineUpdater: set stopIndex = 0
2021-10-21 00:14:31,118 [385ed75d-b5f2-4976-82ca-03b327f31da0@group-341CD129DCEB-StateMachineUpdater] INFO  ratis.ContainerStateMachine (ContainerStateMachine.java:takeSnapshot(292)) - group-341CD129DCEB: Taking a snapshot at:(t:1, i:0) file /home/runner/work/ozone/ozone/hadoop-ozone/integration-test/target/test-dir/MiniOzoneClusterImpl-0ff56402-746c-4b46-aacb-40edab3b56db/datanode-0/data/ratis/a9903480-2b87-4623-a617-341cd129dceb/sm/snapshot.1_0
2021-10-21 00:14:31,118 [ForkJoinPool.commonPool-worker-0] INFO  impl.StateMachineUpdater (StateMachineUpdater.java:stopAndJoin(149)) - 385ed75d-b5f2-4976-82ca-03b327f31da0@group-341CD129DCEB-StateMachineUpdater: set stopIndex = 0
2021-10-21 00:14:31,118 [87f4cda0-ffb5-4aa3-ac3a-463d681607fa@group-08D0D54F0B95-StateMachineUpdater] INFO  ratis.ContainerStateMachine (ContainerStateMachine.java:takeSnapshot(303)) - group-08D0D54F0B95: Finished taking a snapshot at:(t:1, i:0) file:/home/runner/work/ozone/ozone/hadoop-ozone/integration-test/target/test-dir/MiniOzoneClusterImpl-0ff56402-746c-4b46-aacb-40edab3b56db/datanode-7/data/ratis/a26ecf29-dbb0-49ad-a21e-08d0d54f0b95/sm/snapshot.1_0 took: 1 ms
2021-10-21 00:14:31,119 [87f4cda0-ffb5-4aa3-ac3a-463d681607fa@group-08D0D54F0B95-StateMachineUpdater] INFO  impl.StateMachineUpdater (StateMachineUpdater.java:takeSnapshot(281)) - 87f4cda0-ffb5-4aa3-ac3a-463d681607fa@group-08D0D54F0B95-StateMachineUpdater: Took a snapshot at index 0
2021-10-21 00:14:31,119 [385ed75d-b5f2-4976-82ca-03b327f31da0@group-341CD129DCEB-StateMachineUpdater] INFO  ratis.ContainerStateMachine (ContainerStateMachine.java:takeSnapshot(303)) - group-341CD129DCEB: Finished taking a snapshot at:(t:1, i:0) file:/home/runner/work/ozone/ozone/hadoop-ozone/integration-test/target/test-dir/MiniOzoneClusterImpl-0ff56402-746c-4b46-aacb-40edab3b56db/datanode-0/data/ratis/a9903480-2b87-4623-a617-341cd129dceb/sm/snapshot.1_0 took: 1 ms
2021-10-21 00:14:31,119 [385ed75d-b5f2-4976-82ca-03b327f31da0@group-341CD129DCEB-StateMachineUpdater] INFO  impl.StateMachineUpdater (StateMachineUpdater.java:takeSnapshot(281)) - 385ed75d-b5f2-4976-82ca-03b327f31da0@group-341CD129DCEB-StateMachineUpdater: Took a snapshot at index 0
2021-10-21 00:14:31,119 [385ed75d-b5f2-4976-82ca-03b327f31da0@group-341CD129DCEB-StateMachineUpdater] INFO  impl.StateMachineUpdater (StateMachineUpdater.java:lambda$new$0(89)) - 385ed75d-b5f2-4976-82ca-03b327f31da0@group-341CD129DCEB-StateMachineUpdater: snapshotIndex: updateIncreasingly -1 -> 0
2021-10-21 00:14:31,119 [87f4cda0-ffb5-4aa3-ac3a-463d681607fa@group-08D0D54F0B95-StateMachineUpdater] INFO  impl.StateMachineUpdater (StateMachineUpdater.java:lambda$new$0(89)) - 87f4cda0-ffb5-4aa3-ac3a-463d681607fa@group-08D0D54F0B95-StateMachineUpdater: snapshotIndex: updateIncreasingly -1 -> 0
2021-10-21 00:14:31,119 [ForkJoinPool.commonPool-worker-0] INFO  server.RaftServer$Division (ServerState.java:close(419)) - 385ed75d-b5f2-4976-82ca-03b327f31da0@group-341CD129DCEB: closes. applyIndex: 0
2021-10-21 00:14:31,120 [385ed75d-b5f2-4976-82ca-03b327f31da0@group-341CD129DCEB-SegmentedRaftLogWorker] INFO  segmented.SegmentedRaftLogWorker (SegmentedRaftLogWorker.java:run(327)) - 385ed75d-b5f2-4976-82ca-03b327f31da0@group-341CD129DCEB-SegmentedRaftLogWorker was interrupted, exiting. There are 0 tasks remaining in the queue.
2021-10-21 00:14:31,120 [ForkJoinPool.commonPool-worker-0] INFO  segmented.SegmentedRaftLogWorker (SegmentedRaftLogWorker.java:close(237)) - 385ed75d-b5f2-4976-82ca-03b327f31da0@group-341CD129DCEB-SegmentedRaftLogWorker close()
2021-10-21 00:14:31,120 [ForkJoinPool.commonPool-worker-0] INFO  server.GrpcService (GrpcService.java:closeImpl(262)) - 385ed75d-b5f2-4976-82ca-03b327f31da0: shutdown server with port 43801 now
2021-10-21 00:14:31,129 [grpc-default-executor-3] WARN  server.GrpcLogAppender (LogUtils.java:warn(122)) - b064551b-1fe0-41a9-91d7-ea536b2590c0@group-1ABE1F802D80->385ed75d-b5f2-4976-82ca-03b327f31da0-AppendLogResponseHandler: Failed appendEntries: org.apache.ratis.thirdparty.io.grpc.StatusRuntimeException: CANCELLED: HTTP/2 error code: CANCEL
Received Rst Stream
2021-10-21 00:14:31,129 [grpc-default-executor-3] INFO  leader.FollowerInfo (FollowerInfoImpl.java:lambda$new$0(47)) - b064551b-1fe0-41a9-91d7-ea536b2590c0@group-1ABE1F802D80->385ed75d-b5f2-4976-82ca-03b327f31da0: nextIndex: updateUnconditionally 3 -> 2
2021-10-21 00:14:31,130 [ForkJoinPool.commonPool-worker-0] INFO  server.GrpcService (GrpcService.java:closeImpl(271)) - 385ed75d-b5f2-4976-82ca-03b327f31da0: shutdown server with port 43801 successfully
2021-10-21 00:14:31,130 [org.apache.ratis.util.JvmPauseMonitor$$Lambda$531/1336496959@32a1ee6f] INFO  util.JvmPauseMonitor (JvmPauseMonitor.java:run(109)) - JvmPauseMonitor-385ed75d-b5f2-4976-82ca-03b327f31da0: Stopped
2021-10-21 00:14:31,160 [ForkJoinPool.commonPool-worker-0] INFO  utils.BackgroundService (BackgroundService.java:shutdown(132)) - Shutting down service BlockDeletingService
2021-10-21 00:14:31,163 [grpc-default-executor-1] WARN  server.GrpcServerProtocolService (LogUtils.java:warn(122)) - 385ed75d-b5f2-4976-82ca-03b327f31da0: installSnapshot onError, lastRequest: b064551b-1fe0-41a9-91d7-ea536b2590c0->385ed75d-b5f2-4976-82ca-03b327f31da0#2-t5,previous=(t:5, i:1),leaderCommit=1,initializing? true,entries: size=1, first=(t:5, i:2), METADATAENTRY(c:1): org.apache.ratis.thirdparty.io.grpc.StatusRuntimeException: CANCELLED: client cancelled
2021-10-21 00:14:31,187 [Listener at 127.0.0.1/34193] INFO  server.RaftServer$Division (ServerState.java:close(419)) - 87f4cda0-ffb5-4aa3-ac3a-463d681607fa@group-08D0D54F0B95: closes. applyIndex: 0
2021-10-21 00:14:31,190 [87f4cda0-ffb5-4aa3-ac3a-463d681607fa@group-08D0D54F0B95-SegmentedRaftLogWorker] INFO  segmented.SegmentedRaftLogWorker (SegmentedRaftLogWorker.java:run(327)) - 87f4cda0-ffb5-4aa3-ac3a-463d681607fa@group-08D0D54F0B95-SegmentedRaftLogWorker was interrupted, exiting. There are 0 tasks remaining in the queue.
2021-10-21 00:14:31,192 [grpc-default-executor-3] WARN  server.GrpcLogAppender (LogUtils.java:warn(122)) - b064551b-1fe0-41a9-91d7-ea536b2590c0@group-1ABE1F802D80->385ed75d-b5f2-4976-82ca-03b327f31da0-AppendLogResponseHandler: Failed appendEntries: org.apache.ratis.thirdparty.io.grpc.StatusRuntimeException: UNAVAILABLE: io exception
2021-10-21 00:14:31,192 [Listener at 127.0.0.1/34193] INFO  segmented.SegmentedRaftLogWorker (SegmentedRaftLogWorker.java:close(237)) - 87f4cda0-ffb5-4aa3-ac3a-463d681607fa@group-08D0D54F0B95-SegmentedRaftLogWorker close()
2021-10-21 00:14:31,192 [grpc-default-executor-3] INFO  leader.FollowerInfo (FollowerInfoImpl.java:lambda$new$0(47)) - b064551b-1fe0-41a9-91d7-ea536b2590c0@group-1ABE1F802D80->385ed75d-b5f2-4976-82ca-03b327f31da0: nextIndex: updateUnconditionally 3 -> 2
2021-10-21 00:14:31,192 [Listener at 127.0.0.1/34193] INFO  server.GrpcService (GrpcService.java:closeImpl(262)) - 87f4cda0-ffb5-4aa3-ac3a-463d681607fa: shutdown server with port 43449 now
2021-10-21 00:14:31,206 [grpc-default-executor-4] WARN  server.GrpcServerProtocolService (LogUtils.java:warn(122)) - 87f4cda0-ffb5-4aa3-ac3a-463d681607fa: installSnapshot onError, lastRequest: f11f8ce1-e80f-4662-ac56-049e7a4c2ce6->87f4cda0-ffb5-4aa3-ac3a-463d681607fa#1-t7,previous=(t:0, i:0),leaderCommit=-1,initializing? true,entries: size=1, first=(t:7, i:0), CONFIGURATIONENTRY: org.apache.ratis.thirdparty.io.grpc.StatusRuntimeException: CANCELLED: client cancelled
2021-10-21 00:14:31,207 [grpc-default-executor-4] WARN  server.GrpcLogAppender (LogUtils.java:warn(122)) - f11f8ce1-e80f-4662-ac56-049e7a4c2ce6@group-AA76DA738849->87f4cda0-ffb5-4aa3-ac3a-463d681607fa-AppendLogResponseHandler: Failed appendEntries: org.apache.ratis.thirdparty.io.grpc.StatusRuntimeException: CANCELLED: HTTP/2 error code: CANCEL
Received Rst Stream
2021-10-21 00:14:31,208 [grpc-default-executor-4] WARN  server.GrpcLogAppender (GrpcLogAppender.java:resetClient(110)) - f11f8ce1-e80f-4662-ac56-049e7a4c2ce6@group-AA76DA738849->87f4cda0-ffb5-4aa3-ac3a-463d681607fa-GrpcLogAppender: Leader has not got in touch with Follower f11f8ce1-e80f-4662-ac56-049e7a4c2ce6@group-AA76DA738849->87f4cda0-ffb5-4aa3-ac3a-463d681607fa(c0,m0,n1, attendVote=true, lastRpcSendTime=420, lastRpcResponseTime=392) yet, just keep nextIndex unchanged and retry.
2021-10-21 00:14:31,252 [Listener at 127.0.0.1/34193] INFO  server.GrpcService (GrpcService.java:closeImpl(271)) - 87f4cda0-ffb5-4aa3-ac3a-463d681607fa: shutdown server with port 43449 successfully
2021-10-21 00:14:31,259 [org.apache.ratis.util.JvmPauseMonitor$$Lambda$531/1336496959@4cc6babf] INFO  util.JvmPauseMonitor (JvmPauseMonitor.java:run(109)) - JvmPauseMonitor-87f4cda0-ffb5-4aa3-ac3a-463d681607fa: Stopped
2021-10-21 00:14:31,263 [Listener at 127.0.0.1/34193] INFO  utils.BackgroundService (BackgroundService.java:shutdown(132)) - Shutting down service BlockDeletingService
2021-10-21 00:14:31,963 [grpc-default-executor-4] WARN  server.GrpcLogAppender (LogUtils.java:warn(122)) - b064551b-1fe0-41a9-91d7-ea536b2590c0@group-1ABE1F802D80->43a8bf6a-c132-4b01-9df6-8da121d8da0e-AppendLogResponseHandler: Failed appendEntries: org.apache.ratis.thirdparty.io.grpc.StatusRuntimeException: UNAVAILABLE: io exception
2021-10-21 00:14:31,964 [grpc-default-executor-4] WARN  server.GrpcLogAppender (GrpcLogAppender.java:resetClient(110)) - b064551b-1fe0-41a9-91d7-ea536b2590c0@group-1ABE1F802D80->43a8bf6a-c132-4b01-9df6-8da121d8da0e-GrpcLogAppender: Leader has not got in touch with Follower b064551b-1fe0-41a9-91d7-ea536b2590c0@group-1ABE1F802D80->43a8bf6a-c132-4b01-9df6-8da121d8da0e(c-1,m0,n3, attendVote=true, lastRpcSendTime=3, lastRpcResponseTime=13006) yet, just keep nextIndex unchanged and retry.
2021-10-21 00:14:33,352 [grpc-default-executor-4] WARN  server.GrpcLogAppender (LogUtils.java:warn(122)) - f11f8ce1-e80f-4662-ac56-049e7a4c2ce6@group-AA76DA738849->87f4cda0-ffb5-4aa3-ac3a-463d681607fa-AppendLogResponseHandler: Failed appendEntries: org.apache.ratis.thirdparty.io.grpc.StatusRuntimeException: UNAVAILABLE: io exception
2021-10-21 00:14:33,353 [grpc-default-executor-4] WARN  server.GrpcLogAppender (GrpcLogAppender.java:resetClient(110)) - f11f8ce1-e80f-4662-ac56-049e7a4c2ce6@group-AA76DA738849->87f4cda0-ffb5-4aa3-ac3a-463d681607fa-GrpcLogAppender: Leader has not got in touch with Follower f11f8ce1-e80f-4662-ac56-049e7a4c2ce6@group-AA76DA738849->87f4cda0-ffb5-4aa3-ac3a-463d681607fa(c0,m0,n1, attendVote=true, lastRpcSendTime=2565, lastRpcResponseTime=2537) yet, just keep nextIndex unchanged and retry.
2021-10-21 00:14:33,689 [grpc-default-executor-4] WARN  server.GrpcLogAppender (LogUtils.java:warn(122)) - b064551b-1fe0-41a9-91d7-ea536b2590c0@group-1ABE1F802D80->385ed75d-b5f2-4976-82ca-03b327f31da0-AppendLogResponseHandler: Failed appendEntries: org.apache.ratis.thirdparty.io.grpc.StatusRuntimeException: UNAVAILABLE: io exception
2021-10-21 00:14:33,690 [grpc-default-executor-4] INFO  leader.FollowerInfo (FollowerInfoImpl.java:lambda$new$0(47)) - b064551b-1fe0-41a9-91d7-ea536b2590c0@group-1ABE1F802D80->385ed75d-b5f2-4976-82ca-03b327f31da0: nextIndex: updateUnconditionally 3 -> 2
2021-10-21 00:14:34,168 [ForkJoinPool.commonPool-worker-0] INFO  statemachine.DatanodeStateMachine (DatanodeStateMachine.java:stopDaemon(524)) - Ozone container server stopped.
2021-10-21 00:14:34,215 [ForkJoinPool.commonPool-worker-0] INFO  handler.ContextHandler (ContextHandler.java:doStop(1153)) - Stopped o.e.j.w.WebAppContext@6b38166f{hddsDatanode,/,null,STOPPED}{jar:file:/home/runner/.m2/repository/org/apache/ozone/hdds-container-service/1.2.0-SNAPSHOT/hdds-container-service-1.2.0-SNAPSHOT.jar!/webapps/hddsDatanode}
2021-10-21 00:14:34,215 [ForkJoinPool.commonPool-worker-0] INFO  server.AbstractConnector (AbstractConnector.java:doStop(381)) - Stopped ServerConnector@4007b86e{HTTP/1.1, (http/1.1)}{0.0.0.0:0}
2021-10-21 00:14:34,216 [ForkJoinPool.commonPool-worker-0] INFO  server.session (HouseKeeper.java:stopScavenging(149)) - node0 Stopped scavenging
2021-10-21 00:14:34,260 [ForkJoinPool.commonPool-worker-0] INFO  handler.ContextHandler (ContextHandler.java:doStop(1153)) - Stopped o.e.j.s.ServletContextHandler@110dd705{static,/static,jar:file:/home/runner/.m2/repository/org/apache/ozone/hdds-container-service/1.2.0-SNAPSHOT/hdds-container-service-1.2.0-SNAPSHOT.jar!/webapps/static,STOPPED}
2021-10-21 00:14:34,262 [ForkJoinPool.commonPool-worker-0] INFO  handler.ContextHandler (ContextHandler.java:doStop(1153)) - Stopped o.e.j.s.ServletContextHandler@6d1de21e{logs,/logs,file:///home/runner/work/ozone/ozone/hadoop-ozone/integration-test/target/log,STOPPED}
2021-10-21 00:14:34,279 [Listener at 127.0.0.1/34193] INFO  statemachine.DatanodeStateMachine (DatanodeStateMachine.java:stopDaemon(524)) - Ozone container server stopped.
2021-10-21 00:14:34,280 [Listener at 127.0.0.1/34193] INFO  handler.ContextHandler (ContextHandler.java:doStop(1153)) - Stopped o.e.j.w.WebAppContext@3a7cc34c{hddsDatanode,/,null,STOPPED}{jar:file:/home/runner/.m2/repository/org/apache/ozone/hdds-container-service/1.2.0-SNAPSHOT/hdds-container-service-1.2.0-SNAPSHOT.jar!/webapps/hddsDatanode}
2021-10-21 00:14:34,284 [Listener at 127.0.0.1/34193] INFO  server.AbstractConnector (AbstractConnector.java:doStop(381)) - Stopped ServerConnector@67035094{HTTP/1.1, (http/1.1)}{0.0.0.0:0}
2021-10-21 00:14:34,284 [Listener at 127.0.0.1/34193] INFO  server.session (HouseKeeper.java:stopScavenging(149)) - node0 Stopped scavenging
2021-10-21 00:14:34,284 [Listener at 127.0.0.1/34193] INFO  handler.ContextHandler (ContextHandler.java:doStop(1153)) - Stopped o.e.j.s.ServletContextHandler@674b5cbc{static,/static,jar:file:/home/runner/.m2/repository/org/apache/ozone/hdds-container-service/1.2.0-SNAPSHOT/hdds-container-service-1.2.0-SNAPSHOT.jar!/webapps/static,STOPPED}
2021-10-21 00:14:34,284 [Listener at 127.0.0.1/34193] INFO  handler.ContextHandler (ContextHandler.java:doStop(1153)) - Stopped o.e.j.s.ServletContextHandler@44cc5ecf{logs,/logs,file:///home/runner/work/ozone/ozone/hadoop-ozone/integration-test/target/log,STOPPED}
2021-10-21 00:14:34,467 [grpc-default-executor-4] WARN  server.GrpcLogAppender (LogUtils.java:warn(122)) - b064551b-1fe0-41a9-91d7-ea536b2590c0@group-1ABE1F802D80->43a8bf6a-c132-4b01-9df6-8da121d8da0e-AppendLogResponseHandler: Failed appendEntries: org.apache.ratis.thirdparty.io.grpc.StatusRuntimeException: UNAVAILABLE: io exception
2021-10-21 00:14:34,468 [grpc-default-executor-4] WARN  server.GrpcLogAppender (GrpcLogAppender.java:resetClient(110)) - b064551b-1fe0-41a9-91d7-ea536b2590c0@group-1ABE1F802D80->43a8bf6a-c132-4b01-9df6-8da121d8da0e-GrpcLogAppender: Leader has not got in touch with Follower b064551b-1fe0-41a9-91d7-ea536b2590c0@group-1ABE1F802D80->43a8bf6a-c132-4b01-9df6-8da121d8da0e(c-1,m0,n3, attendVote=true, lastRpcSendTime=2507, lastRpcResponseTime=15510) yet, just keep nextIndex unchanged and retry.
2021-10-21 00:14:34,815 [b064551b-1fe0-41a9-91d7-ea536b2590c0@group-1ABE1F802D80-LeaderStateImpl] WARN  server.RaftServer$Division (LeaderStateImpl.java:checkLeadership(974)) - b064551b-1fe0-41a9-91d7-ea536b2590c0@group-1ABE1F802D80-LeaderStateImpl: Lost leadership on term: 5. Election timeout: 5200ms. In charge for: 10658ms. Conf: 1: [43a8bf6a-c132-4b01-9df6-8da121d8da0e|rpc:10.1.0.21:44683|dataStream:|priority:1, b064551b-1fe0-41a9-91d7-ea536b2590c0|rpc:10.1.0.21:37069|dataStream:|priority:0, 385ed75d-b5f2-4976-82ca-03b327f31da0|rpc:10.1.0.21:43801|dataStream:|priority:0], old=null
2021-10-21 00:14:34,815 [b064551b-1fe0-41a9-91d7-ea536b2590c0@group-1ABE1F802D80-LeaderStateImpl] WARN  server.RaftServer$Division (LeaderStateImpl.java:lambda$checkLeadership$15(978)) - Follower b064551b-1fe0-41a9-91d7-ea536b2590c0@group-1ABE1F802D80->43a8bf6a-c132-4b01-9df6-8da121d8da0e(c-1,m0,n3, attendVote=true, lastRpcSendTime=346, lastRpcResponseTime=15857)
2021-10-21 00:14:34,815 [b064551b-1fe0-41a9-91d7-ea536b2590c0@group-1ABE1F802D80-LeaderStateImpl] WARN  server.RaftServer$Division (LeaderStateImpl.java:lambda$checkLeadership$15(978)) - Follower b064551b-1fe0-41a9-91d7-ea536b2590c0@group-1ABE1F802D80->385ed75d-b5f2-4976-82ca-03b327f31da0(c2,m2,n2, attendVote=true, lastRpcSendTime=1126, lastRpcResponseTime=5356)
2021-10-21 00:14:34,815 [b064551b-1fe0-41a9-91d7-ea536b2590c0@group-1ABE1F802D80-LeaderStateImpl] INFO  server.RaftServer$Division (RaftServerImpl.java:setRole(290)) - b064551b-1fe0-41a9-91d7-ea536b2590c0@group-1ABE1F802D80: changes role from    LEADER to FOLLOWER at term 5 for StepDownReason:LOST_MAJORITY_HEARTBEATS
2021-10-21 00:14:34,815 [b064551b-1fe0-41a9-91d7-ea536b2590c0@group-1ABE1F802D80-LeaderStateImpl] INFO  impl.RoleInfo (RoleInfo.java:shutdownLeaderState(91)) - b064551b-1fe0-41a9-91d7-ea536b2590c0: shutdown b064551b-1fe0-41a9-91d7-ea536b2590c0@group-1ABE1F802D80-LeaderStateImpl
2021-10-21 00:14:34,816 [b064551b-1fe0-41a9-91d7-ea536b2590c0@group-1ABE1F802D80-LeaderStateImpl] INFO  impl.PendingRequests (PendingRequests.java:sendNotLeaderResponses(282)) - b064551b-1fe0-41a9-91d7-ea536b2590c0@group-1ABE1F802D80-PendingRequests: sendNotLeaderResponses
2021-10-21 00:14:34,836 [b064551b-1fe0-41a9-91d7-ea536b2590c0@group-1ABE1F802D80-LeaderStateImpl] INFO  impl.RoleInfo (RoleInfo.java:updateAndGet(130)) - b064551b-1fe0-41a9-91d7-ea536b2590c0: start b064551b-1fe0-41a9-91d7-ea536b2590c0@group-1ABE1F802D80-FollowerState
2021-10-21 00:14:34,856 [b064551b-1fe0-41a9-91d7-ea536b2590c0@group-1ABE1F802D80->385ed75d-b5f2-4976-82ca-03b327f31da0-GrpcLogAppender-LogAppenderDaemon] WARN  server.GrpcLogAppender (GrpcLogAppender.java:mayWait(177)) - b064551b-1fe0-41a9-91d7-ea536b2590c0@group-1ABE1F802D80->385ed75d-b5f2-4976-82ca-03b327f31da0-GrpcLogAppender: Wait interrupted by java.lang.InterruptedException
2021-10-21 00:14:35,874 [grpc-default-executor-4] WARN  server.GrpcLogAppender (LogUtils.java:warn(122)) - f11f8ce1-e80f-4662-ac56-049e7a4c2ce6@group-AA76DA738849->87f4cda0-ffb5-4aa3-ac3a-463d681607fa-AppendLogResponseHandler: Failed appendEntries: org.apache.ratis.thirdparty.io.grpc.StatusRuntimeException: UNAVAILABLE: io exception
2021-10-21 00:14:35,875 [grpc-default-executor-4] WARN  server.GrpcLogAppender (GrpcLogAppender.java:resetClient(110)) - f11f8ce1-e80f-4662-ac56-049e7a4c2ce6@group-AA76DA738849->87f4cda0-ffb5-4aa3-ac3a-463d681607fa-GrpcLogAppender: Leader has not got in touch with Follower f11f8ce1-e80f-4662-ac56-049e7a4c2ce6@group-AA76DA738849->87f4cda0-ffb5-4aa3-ac3a-463d681607fa(c0,m0,n1, attendVote=true, lastRpcSendTime=1, lastRpcResponseTime=5059) yet, just keep nextIndex unchanged and retry.
2021-10-21 00:14:38,379 [grpc-default-executor-4] WARN  server.GrpcLogAppender (LogUtils.java:warn(122)) - f11f8ce1-e80f-4662-ac56-049e7a4c2ce6@group-AA76DA738849->87f4cda0-ffb5-4aa3-ac3a-463d681607fa-AppendLogResponseHandler: Failed appendEntries: org.apache.ratis.thirdparty.io.grpc.StatusRuntimeException: UNAVAILABLE: io exception
2021-10-21 00:14:38,379 [grpc-default-executor-4] WARN  server.GrpcLogAppender (GrpcLogAppender.java:resetClient(110)) - f11f8ce1-e80f-4662-ac56-049e7a4c2ce6@group-AA76DA738849->87f4cda0-ffb5-4aa3-ac3a-463d681607fa-GrpcLogAppender: Leader has not got in touch with Follower f11f8ce1-e80f-4662-ac56-049e7a4c2ce6@group-AA76DA738849->87f4cda0-ffb5-4aa3-ac3a-463d681607fa(c0,m0,n1, attendVote=true, lastRpcSendTime=0, lastRpcResponseTime=7563) yet, just keep nextIndex unchanged and retry.
2021-10-21 00:14:38,909 [EventQueue-StaleNodeForStaleNodeHandler] INFO  node.StaleNodeHandler (StaleNodeHandler.java:onMessage(58)) - Datanode 43a8bf6a-c132-4b01-9df6-8da121d8da0e{ip: 10.1.0.21, host: fv-az395-87.zfmzfyrfkyou3ow0tsr0jxwq1e.bx.internal.cloudapp.net, ports: [REPLICATION=43167, RATIS=44683, RATIS_ADMIN=44683, RATIS_SERVER=44683, STANDALONE=44545], networkLocation: /default-rack, certSerialId: null, persistedOpState: IN_SERVICE, persistedOpStateExpiryEpochSec: 0} moved to stale state. Finalizing its pipelines [PipelineID=6cbfd236-6fcc-48ae-966f-86c50b6ac0f0, PipelineID=d739659e-f08f-42ab-8521-1abe1f802d80]
2021-10-21 00:14:38,959 [EventQueue-StaleNodeForStaleNodeHandler] INFO  pipeline.PipelineManagerImpl (PipelineManagerImpl.java:closePipeline(342)) - Pipeline Pipeline[ Id: 6cbfd236-6fcc-48ae-966f-86c50b6ac0f0, Nodes: 43a8bf6a-c132-4b01-9df6-8da121d8da0e{ip: 10.1.0.21, host: fv-az395-87.zfmzfyrfkyou3ow0tsr0jxwq1e.bx.internal.cloudapp.net, ports: [REPLICATION=43167, RATIS=44683, RATIS_ADMIN=44683, RATIS_SERVER=44683, STANDALONE=44545], networkLocation: /default-rack, certSerialId: null, persistedOpState: IN_SERVICE, persistedOpStateExpiryEpochSec: 0}, ReplicationConfig: RATIS/ONE, State:OPEN, leaderId:43a8bf6a-c132-4b01-9df6-8da121d8da0e, CreationTimestamp2021-10-21T00:13:40.655Z[Etc/UTC]] moved to CLOSED state
2021-10-21 00:14:38,960 [EventQueue-StaleNodeForStaleNodeHandler] INFO  pipeline.PipelineManagerImpl (PipelineManagerImpl.java:closePipeline(342)) - Pipeline Pipeline[ Id: d739659e-f08f-42ab-8521-1abe1f802d80, Nodes: 385ed75d-b5f2-4976-82ca-03b327f31da0{ip: 10.1.0.21, host: fv-az395-87.zfmzfyrfkyou3ow0tsr0jxwq1e.bx.internal.cloudapp.net, ports: [REPLICATION=33539, RATIS=43801, RATIS_ADMIN=43801, RATIS_SERVER=43801, STANDALONE=46065], networkLocation: /default-rack, certSerialId: null, persistedOpState: IN_SERVICE, persistedOpStateExpiryEpochSec: 0}43a8bf6a-c132-4b01-9df6-8da121d8da0e{ip: 10.1.0.21, host: fv-az395-87.zfmzfyrfkyou3ow0tsr0jxwq1e.bx.internal.cloudapp.net, ports: [REPLICATION=43167, RATIS=44683, RATIS_ADMIN=44683, RATIS_SERVER=44683, STANDALONE=44545], networkLocation: /default-rack, certSerialId: null, persistedOpState: IN_SERVICE, persistedOpStateExpiryEpochSec: 0}b064551b-1fe0-41a9-91d7-ea536b2590c0{ip: 10.1.0.21, host: fv-az395-87.zfmzfyrfkyou3ow0tsr0jxwq1e.bx.internal.cloudapp.net, ports: [REPLICATION=44429, RATIS=37069, RATIS_ADMIN=37069, RATIS_SERVER=37069, STANDALONE=39421], networkLocation: /default-rack, certSerialId: null, persistedOpState: IN_SERVICE, persistedOpStateExpiryEpochSec: 0}, ReplicationConfig: RATIS/THREE, State:OPEN, leaderId:b064551b-1fe0-41a9-91d7-ea536b2590c0, CreationTimestamp2021-10-21T00:13:40.715Z[Etc/UTC]] moved to CLOSED state
2021-10-21 00:14:38,960 [EventQueue-StaleNodeForStaleNodeHandler] INFO  node.StaleNodeHandler (StaleNodeHandler.java:onMessage(58)) - Datanode 5ad7e042-c272-4503-bb68-cca0083e8bfb{ip: 10.1.0.21, host: fv-az395-87.zfmzfyrfkyou3ow0tsr0jxwq1e.bx.internal.cloudapp.net, ports: [REPLICATION=33129, RATIS=44457, RATIS_ADMIN=44457, RATIS_SERVER=44457, STANDALONE=33953], networkLocation: /default-rack, certSerialId: null, persistedOpState: IN_SERVICE, persistedOpStateExpiryEpochSec: 0} moved to stale state. Finalizing its pipelines [PipelineID=9d13e69d-5ca4-4e6e-b123-e5da313f72de, PipelineID=1b019f85-e068-433d-8e86-0c185b61cb60]
2021-10-21 00:14:38,960 [EventQueue-StaleNodeForStaleNodeHandler] INFO  pipeline.PipelineManagerImpl (PipelineManagerImpl.java:closePipeline(342)) - Pipeline Pipeline[ Id: 9d13e69d-5ca4-4e6e-b123-e5da313f72de, Nodes: 5ad7e042-c272-4503-bb68-cca0083e8bfb{ip: 10.1.0.21, host: fv-az395-87.zfmzfyrfkyou3ow0tsr0jxwq1e.bx.internal.cloudapp.net, ports: [REPLICATION=33129, RATIS=44457, RATIS_ADMIN=44457, RATIS_SERVER=44457, STANDALONE=33953], networkLocation: /default-rack, certSerialId: null, persistedOpState: IN_SERVICE, persistedOpStateExpiryEpochSec: 0}, ReplicationConfig: RATIS/ONE, State:OPEN, leaderId:5ad7e042-c272-4503-bb68-cca0083e8bfb, CreationTimestamp2021-10-21T00:13:42.822Z[Etc/UTC]] moved to CLOSED state
2021-10-21 00:14:38,960 [EventQueue-StaleNodeForStaleNodeHandler] INFO  pipeline.PipelineManagerImpl (PipelineManagerImpl.java:closePipeline(342)) - Pipeline Pipeline[ Id: 1b019f85-e068-433d-8e86-0c185b61cb60, Nodes: 5ad7e042-c272-4503-bb68-cca0083e8bfb{ip: 10.1.0.21, host: fv-az395-87.zfmzfyrfkyou3ow0tsr0jxwq1e.bx.internal.cloudapp.net, ports: [REPLICATION=33129, RATIS=44457, RATIS_ADMIN=44457, RATIS_SERVER=44457, STANDALONE=33953], networkLocation: /default-rack, certSerialId: null, persistedOpState: IN_SERVICE, persistedOpStateExpiryEpochSec: 0}6c4bf312-847f-4261-b1bf-aef11305f2d7{ip: 10.1.0.21, host: fv-az395-87.zfmzfyrfkyou3ow0tsr0jxwq1e.bx.internal.cloudapp.net, ports: [REPLICATION=33993, RATIS=45071, RATIS_ADMIN=45071, RATIS_SERVER=45071, STANDALONE=38819], networkLocation: /default-rack, certSerialId: null, persistedOpState: IN_SERVICE, persistedOpStateExpiryEpochSec: 0}b1aa2fe7-eb40-4f9f-bfee-6ed7c04c202c{ip: 10.1.0.21, host: fv-az395-87.zfmzfyrfkyou3ow0tsr0jxwq1e.bx.internal.cloudapp.net, ports: [REPLICATION=33729, RATIS=36605, RATIS_ADMIN=36605, RATIS_SERVER=36605, STANDALONE=33747], networkLocation: /default-rack, certSerialId: null, persistedOpState: IN_SERVICE, persistedOpStateExpiryEpochSec: 0}, ReplicationConfig: RATIS/THREE, State:OPEN, leaderId:6c4bf312-847f-4261-b1bf-aef11305f2d7, CreationTimestamp2021-10-21T00:13:43.617Z[Etc/UTC]] moved to CLOSED state
2021-10-21 00:14:39,007 [EventQueue-CloseContainerForCloseContainerEventHandler] INFO  container.CloseContainerEventHandler (CloseContainerEventHandler.java:onMessage(69)) - Close container Event triggered for container : #1
2021-10-21 00:14:39,283 [ForkJoinPool.commonPool-worker-0] INFO  ozoneimpl.OzoneContainer (OzoneContainer.java:stop(325)) - Attempting to stop container services.
2021-10-21 00:14:39,284 [ForkJoinPool.commonPool-worker-0] INFO  server.RaftServer (RaftServerProxy.java:lambda$close$6(391)) - b064551b-1fe0-41a9-91d7-ea536b2590c0: close
2021-10-21 00:14:39,284 [ForkJoinPool.commonPool-worker-0] INFO  server.RaftServer$Division (RaftServerImpl.java:lambda$close$4(412)) - b064551b-1fe0-41a9-91d7-ea536b2590c0@group-0EF0EE8E8444: shutdown
2021-10-21 00:14:39,284 [ForkJoinPool.commonPool-worker-0] INFO  util.JmxRegister (JmxRegister.java:unregister(73)) - Successfully un-registered JMX Bean with object name Ratis:service=RaftServer,group=group-0EF0EE8E8444,id=b064551b-1fe0-41a9-91d7-ea536b2590c0
2021-10-21 00:14:39,284 [ForkJoinPool.commonPool-worker-0] INFO  impl.RoleInfo (RoleInfo.java:shutdownLeaderState(91)) - b064551b-1fe0-41a9-91d7-ea536b2590c0: shutdown b064551b-1fe0-41a9-91d7-ea536b2590c0@group-0EF0EE8E8444-LeaderStateImpl
2021-10-21 00:14:39,284 [ForkJoinPool.commonPool-worker-0] INFO  impl.PendingRequests (PendingRequests.java:sendNotLeaderResponses(282)) - b064551b-1fe0-41a9-91d7-ea536b2590c0@group-0EF0EE8E8444-PendingRequests: sendNotLeaderResponses
2021-10-21 00:14:39,285 [ForkJoinPool.commonPool-worker-0] INFO  impl.StateMachineUpdater (StateMachineUpdater.java:stopAndJoin(149)) - b064551b-1fe0-41a9-91d7-ea536b2590c0@group-0EF0EE8E8444-StateMachineUpdater: set stopIndex = 0
2021-10-21 00:14:39,286 [b064551b-1fe0-41a9-91d7-ea536b2590c0@group-0EF0EE8E8444-StateMachineUpdater] INFO  ratis.ContainerStateMachine (ContainerStateMachine.java:takeSnapshot(292)) - group-0EF0EE8E8444: Taking a snapshot at:(t:1, i:0) file /home/runner/work/ozone/ozone/hadoop-ozone/integration-test/target/test-dir/MiniOzoneClusterImpl-0ff56402-746c-4b46-aacb-40edab3b56db/datanode-1/data/ratis/0bc6fe2c-6b91-4a9b-88e8-0ef0ee8e8444/sm/snapshot.1_0
2021-10-21 00:14:39,287 [b064551b-1fe0-41a9-91d7-ea536b2590c0@group-0EF0EE8E8444-StateMachineUpdater] INFO  ratis.ContainerStateMachine (ContainerStateMachine.java:takeSnapshot(303)) - group-0EF0EE8E8444: Finished taking a snapshot at:(t:1, i:0) file:/home/runner/work/ozone/ozone/hadoop-ozone/integration-test/target/test-dir/MiniOzoneClusterImpl-0ff56402-746c-4b46-aacb-40edab3b56db/datanode-1/data/ratis/0bc6fe2c-6b91-4a9b-88e8-0ef0ee8e8444/sm/snapshot.1_0 took: 2 ms
2021-10-21 00:14:39,287 [b064551b-1fe0-41a9-91d7-ea536b2590c0@group-0EF0EE8E8444-StateMachineUpdater] INFO  impl.StateMachineUpdater (StateMachineUpdater.java:takeSnapshot(281)) - b064551b-1fe0-41a9-91d7-ea536b2590c0@group-0EF0EE8E8444-StateMachineUpdater: Took a snapshot at index 0
2021-10-21 00:14:39,287 [b064551b-1fe0-41a9-91d7-ea536b2590c0@group-0EF0EE8E8444-StateMachineUpdater] INFO  impl.StateMachineUpdater (StateMachineUpdater.java:lambda$new$0(89)) - b064551b-1fe0-41a9-91d7-ea536b2590c0@group-0EF0EE8E8444-StateMachineUpdater: snapshotIndex: updateIncreasingly -1 -> 0
2021-10-21 00:14:39,288 [ForkJoinPool.commonPool-worker-0] INFO  server.RaftServer$Division (ServerState.java:close(419)) - b064551b-1fe0-41a9-91d7-ea536b2590c0@group-0EF0EE8E8444: closes. applyIndex: 0
2021-10-21 00:14:39,288 [b064551b-1fe0-41a9-91d7-ea536b2590c0@group-0EF0EE8E8444-SegmentedRaftLogWorker] INFO  segmented.SegmentedRaftLogWorker (SegmentedRaftLogWorker.java:run(327)) - b064551b-1fe0-41a9-91d7-ea536b2590c0@group-0EF0EE8E8444-SegmentedRaftLogWorker was interrupted, exiting. There are 0 tasks remaining in the queue.
2021-10-21 00:14:39,288 [ForkJoinPool.commonPool-worker-0] INFO  segmented.SegmentedRaftLogWorker (SegmentedRaftLogWorker.java:close(237)) - b064551b-1fe0-41a9-91d7-ea536b2590c0@group-0EF0EE8E8444-SegmentedRaftLogWorker close()
2021-10-21 00:14:39,288 [ForkJoinPool.commonPool-worker-0] INFO  server.RaftServer$Division (RaftServerImpl.java:lambda$close$4(412)) - b064551b-1fe0-41a9-91d7-ea536b2590c0@group-1ABE1F802D80: shutdown
2021-10-21 00:14:39,288 [ForkJoinPool.commonPool-worker-0] INFO  util.JmxRegister (JmxRegister.java:unregister(73)) - Successfully un-registered JMX Bean with object name Ratis:service=RaftServer,group=group-1ABE1F802D80,id=b064551b-1fe0-41a9-91d7-ea536b2590c0
2021-10-21 00:14:39,289 [ForkJoinPool.commonPool-worker-0] INFO  impl.RoleInfo (RoleInfo.java:shutdownFollowerState(108)) - b064551b-1fe0-41a9-91d7-ea536b2590c0: shutdown b064551b-1fe0-41a9-91d7-ea536b2590c0@group-1ABE1F802D80-FollowerState
2021-10-21 00:14:39,303 [b064551b-1fe0-41a9-91d7-ea536b2590c0@group-1ABE1F802D80-StateMachineUpdater] INFO  ratis.ContainerStateMachine (ContainerStateMachine.java:takeSnapshot(292)) - group-1ABE1F802D80: Taking a snapshot at:(t:5, i:2) file /home/runner/work/ozone/ozone/hadoop-ozone/integration-test/target/test-dir/MiniOzoneClusterImpl-0ff56402-746c-4b46-aacb-40edab3b56db/datanode-1/data/ratis/d739659e-f08f-42ab-8521-1abe1f802d80/sm/snapshot.5_2
2021-10-21 00:14:39,309 [Listener at 127.0.0.1/34193] INFO  ozoneimpl.OzoneContainer (OzoneContainer.java:stop(325)) - Attempting to stop container services.
2021-10-21 00:14:39,311 [b064551b-1fe0-41a9-91d7-ea536b2590c0@group-1ABE1F802D80-StateMachineUpdater] INFO  ratis.ContainerStateMachine (ContainerStateMachine.java:takeSnapshot(303)) - group-1ABE1F802D80: Finished taking a snapshot at:(t:5, i:2) file:/home/runner/work/ozone/ozone/hadoop-ozone/integration-test/target/test-dir/MiniOzoneClusterImpl-0ff56402-746c-4b46-aacb-40edab3b56db/datanode-1/data/ratis/d739659e-f08f-42ab-8521-1abe1f802d80/sm/snapshot.5_2 took: 7 ms
2021-10-21 00:14:39,311 [b064551b-1fe0-41a9-91d7-ea536b2590c0@group-1ABE1F802D80-StateMachineUpdater] INFO  impl.StateMachineUpdater (StateMachineUpdater.java:takeSnapshot(281)) - b064551b-1fe0-41a9-91d7-ea536b2590c0@group-1ABE1F802D80-StateMachineUpdater: Took a snapshot at index 2
2021-10-21 00:14:39,311 [b064551b-1fe0-41a9-91d7-ea536b2590c0@group-1ABE1F802D80-StateMachineUpdater] INFO  impl.StateMachineUpdater (StateMachineUpdater.java:lambda$new$0(89)) - b064551b-1fe0-41a9-91d7-ea536b2590c0@group-1ABE1F802D80-StateMachineUpdater: snapshotIndex: updateIncreasingly -1 -> 2
2021-10-21 00:14:39,320 [ForkJoinPool.commonPool-worker-0] INFO  impl.StateMachineUpdater (StateMachineUpdater.java:stopAndJoin(149)) - b064551b-1fe0-41a9-91d7-ea536b2590c0@group-1ABE1F802D80-StateMachineUpdater: set stopIndex = 2
2021-10-21 00:14:39,320 [ForkJoinPool.commonPool-worker-0] INFO  server.RaftServer$Division (ServerState.java:close(419)) - b064551b-1fe0-41a9-91d7-ea536b2590c0@group-1ABE1F802D80: closes. applyIndex: 2
2021-10-21 00:14:39,320 [b064551b-1fe0-41a9-91d7-ea536b2590c0@group-1ABE1F802D80-SegmentedRaftLogWorker] INFO  segmented.SegmentedRaftLogWorker (SegmentedRaftLogWorker.java:run(327)) - b064551b-1fe0-41a9-91d7-ea536b2590c0@group-1ABE1F802D80-SegmentedRaftLogWorker was interrupted, exiting. There are 0 tasks remaining in the queue.
2021-10-21 00:14:39,320 [ForkJoinPool.commonPool-worker-0] INFO  segmented.SegmentedRaftLogWorker (SegmentedRaftLogWorker.java:close(237)) - b064551b-1fe0-41a9-91d7-ea536b2590c0@group-1ABE1F802D80-SegmentedRaftLogWorker close()
2021-10-21 00:14:39,321 [ForkJoinPool.commonPool-worker-0] INFO  server.GrpcService (GrpcService.java:closeImpl(262)) - b064551b-1fe0-41a9-91d7-ea536b2590c0: shutdown server with port 37069 now
2021-10-21 00:14:39,323 [ForkJoinPool.commonPool-worker-0] INFO  server.GrpcService (GrpcService.java:closeImpl(271)) - b064551b-1fe0-41a9-91d7-ea536b2590c0: shutdown server with port 37069 successfully
2021-10-21 00:14:39,325 [org.apache.ratis.util.JvmPauseMonitor$$Lambda$531/1336496959@39c891f8] INFO  util.JvmPauseMonitor (JvmPauseMonitor.java:run(109)) - JvmPauseMonitor-b064551b-1fe0-41a9-91d7-ea536b2590c0: Stopped
2021-10-21 00:14:39,325 [b064551b-1fe0-41a9-91d7-ea536b2590c0@group-1ABE1F802D80-FollowerState] INFO  impl.FollowerState (FollowerState.java:run(143)) - b064551b-1fe0-41a9-91d7-ea536b2590c0@group-1ABE1F802D80-FollowerState was interrupted: {}
java.lang.InterruptedException: sleep interrupted
	at java.lang.Thread.sleep(Native Method)
	at java.lang.Thread.sleep(Thread.java:340)
	at java.util.concurrent.TimeUnit.sleep(TimeUnit.java:386)
	at org.apache.ratis.util.TimeDuration.sleep(TimeDuration.java:324)
	at org.apache.ratis.util.TimeDuration.sleep(TimeDuration.java:309)
	at org.apache.ratis.server.impl.FollowerState.run(FollowerState.java:118)
2021-10-21 00:14:39,377 [ForkJoinPool.commonPool-worker-0] INFO  utils.BackgroundService (BackgroundService.java:shutdown(132)) - Shutting down service BlockDeletingService
2021-10-21 00:14:39,391 [Listener at 127.0.0.1/34193] INFO  server.RaftServer (RaftServerProxy.java:lambda$close$6(391)) - f11f8ce1-e80f-4662-ac56-049e7a4c2ce6: close
2021-10-21 00:14:39,391 [Listener at 127.0.0.1/34193] INFO  server.RaftServer$Division (RaftServerImpl.java:lambda$close$4(412)) - f11f8ce1-e80f-4662-ac56-049e7a4c2ce6@group-AA76DA738849: shutdown
2021-10-21 00:14:39,391 [Listener at 127.0.0.1/34193] INFO  util.JmxRegister (JmxRegister.java:unregister(73)) - Successfully un-registered JMX Bean with object name Ratis:service=RaftServer,group=group-AA76DA738849,id=f11f8ce1-e80f-4662-ac56-049e7a4c2ce6
2021-10-21 00:14:39,392 [Listener at 127.0.0.1/34193] INFO  impl.RoleInfo (RoleInfo.java:shutdownLeaderState(91)) - f11f8ce1-e80f-4662-ac56-049e7a4c2ce6: shutdown f11f8ce1-e80f-4662-ac56-049e7a4c2ce6@group-AA76DA738849-LeaderStateImpl
2021-10-21 00:14:39,392 [Listener at 127.0.0.1/34193] INFO  impl.PendingRequests (PendingRequests.java:sendNotLeaderResponses(282)) - f11f8ce1-e80f-4662-ac56-049e7a4c2ce6@group-AA76DA738849-PendingRequests: sendNotLeaderResponses
2021-10-21 00:14:39,403 [f11f8ce1-e80f-4662-ac56-049e7a4c2ce6@group-AA76DA738849-StateMachineUpdater] INFO  ratis.ContainerStateMachine (ContainerStateMachine.java:takeSnapshot(292)) - group-AA76DA738849: Taking a snapshot at:(t:7, i:0) file /home/runner/work/ozone/ozone/hadoop-ozone/integration-test/target/test-dir/MiniOzoneClusterImpl-0ff56402-746c-4b46-aacb-40edab3b56db/datanode-8/data/ratis/9bf4a531-6e52-4877-98e4-aa76da738849/sm/snapshot.7_0
2021-10-21 00:14:39,403 [Listener at 127.0.0.1/34193] INFO  impl.StateMachineUpdater (StateMachineUpdater.java:stopAndJoin(149)) - f11f8ce1-e80f-4662-ac56-049e7a4c2ce6@group-AA76DA738849-StateMachineUpdater: set stopIndex = 0
2021-10-21 00:14:39,404 [f11f8ce1-e80f-4662-ac56-049e7a4c2ce6@group-AA76DA738849-StateMachineUpdater] INFO  ratis.ContainerStateMachine (ContainerStateMachine.java:takeSnapshot(303)) - group-AA76DA738849: Finished taking a snapshot at:(t:7, i:0) file:/home/runner/work/ozone/ozone/hadoop-ozone/integration-test/target/test-dir/MiniOzoneClusterImpl-0ff56402-746c-4b46-aacb-40edab3b56db/datanode-8/data/ratis/9bf4a531-6e52-4877-98e4-aa76da738849/sm/snapshot.7_0 took: 1 ms
2021-10-21 00:14:39,404 [f11f8ce1-e80f-4662-ac56-049e7a4c2ce6@group-AA76DA738849-StateMachineUpdater] INFO  impl.StateMachineUpdater (StateMachineUpdater.java:takeSnapshot(281)) - f11f8ce1-e80f-4662-ac56-049e7a4c2ce6@group-AA76DA738849-StateMachineUpdater: Took a snapshot at index 0
2021-10-21 00:14:39,404 [f11f8ce1-e80f-4662-ac56-049e7a4c2ce6@group-AA76DA738849-StateMachineUpdater] INFO  impl.StateMachineUpdater (StateMachineUpdater.java:lambda$new$0(89)) - f11f8ce1-e80f-4662-ac56-049e7a4c2ce6@group-AA76DA738849-StateMachineUpdater: snapshotIndex: updateIncreasingly -1 -> 0
2021-10-21 00:14:39,405 [Listener at 127.0.0.1/34193] INFO  server.RaftServer$Division (ServerState.java:close(419)) - f11f8ce1-e80f-4662-ac56-049e7a4c2ce6@group-AA76DA738849: closes. applyIndex: 0
2021-10-21 00:14:39,407 [f11f8ce1-e80f-4662-ac56-049e7a4c2ce6@group-AA76DA738849-SegmentedRaftLogWorker] INFO  segmented.SegmentedRaftLogWorker (SegmentedRaftLogWorker.java:run(327)) - f11f8ce1-e80f-4662-ac56-049e7a4c2ce6@group-AA76DA738849-SegmentedRaftLogWorker was interrupted, exiting. There are 0 tasks remaining in the queue.
2021-10-21 00:14:39,413 [Listener at 127.0.0.1/34193] INFO  segmented.SegmentedRaftLogWorker (SegmentedRaftLogWorker.java:close(237)) - f11f8ce1-e80f-4662-ac56-049e7a4c2ce6@group-AA76DA738849-SegmentedRaftLogWorker close()
2021-10-21 00:14:39,414 [Listener at 127.0.0.1/34193] INFO  server.RaftServer$Division (RaftServerImpl.java:lambda$close$4(412)) - f11f8ce1-e80f-4662-ac56-049e7a4c2ce6@group-D6916FB3083E: shutdown
2021-10-21 00:14:39,414 [Listener at 127.0.0.1/34193] INFO  util.JmxRegister (JmxRegister.java:unregister(73)) - Successfully un-registered JMX Bean with object name Ratis:service=RaftServer,group=group-D6916FB3083E,id=f11f8ce1-e80f-4662-ac56-049e7a4c2ce6
2021-10-21 00:14:39,414 [Listener at 127.0.0.1/34193] INFO  impl.RoleInfo (RoleInfo.java:shutdownLeaderState(91)) - f11f8ce1-e80f-4662-ac56-049e7a4c2ce6: shutdown f11f8ce1-e80f-4662-ac56-049e7a4c2ce6@group-D6916FB3083E-LeaderStateImpl
2021-10-21 00:14:39,414 [Listener at 127.0.0.1/34193] INFO  impl.PendingRequests (PendingRequests.java:sendNotLeaderResponses(282)) - f11f8ce1-e80f-4662-ac56-049e7a4c2ce6@group-D6916FB3083E-PendingRequests: sendNotLeaderResponses
2021-10-21 00:14:39,419 [f11f8ce1-e80f-4662-ac56-049e7a4c2ce6@group-D6916FB3083E-StateMachineUpdater] INFO  ratis.ContainerStateMachine (ContainerStateMachine.java:takeSnapshot(292)) - group-D6916FB3083E: Taking a snapshot at:(t:1, i:0) file /home/runner/work/ozone/ozone/hadoop-ozone/integration-test/target/test-dir/MiniOzoneClusterImpl-0ff56402-746c-4b46-aacb-40edab3b56db/datanode-8/data/ratis/4c4d5025-b462-476c-9441-d6916fb3083e/sm/snapshot.1_0
2021-10-21 00:14:39,419 [Listener at 127.0.0.1/34193] INFO  impl.StateMachineUpdater (StateMachineUpdater.java:stopAndJoin(149)) - f11f8ce1-e80f-4662-ac56-049e7a4c2ce6@group-D6916FB3083E-StateMachineUpdater: set stopIndex = 0
2021-10-21 00:14:39,420 [f11f8ce1-e80f-4662-ac56-049e7a4c2ce6@group-D6916FB3083E-StateMachineUpdater] INFO  ratis.ContainerStateMachine (ContainerStateMachine.java:takeSnapshot(303)) - group-D6916FB3083E: Finished taking a snapshot at:(t:1, i:0) file:/home/runner/work/ozone/ozone/hadoop-ozone/integration-test/target/test-dir/MiniOzoneClusterImpl-0ff56402-746c-4b46-aacb-40edab3b56db/datanode-8/data/ratis/4c4d5025-b462-476c-9441-d6916fb3083e/sm/snapshot.1_0 took: 0 ms
2021-10-21 00:14:39,420 [f11f8ce1-e80f-4662-ac56-049e7a4c2ce6@group-D6916FB3083E-StateMachineUpdater] INFO  impl.StateMachineUpdater (StateMachineUpdater.java:takeSnapshot(281)) - f11f8ce1-e80f-4662-ac56-049e7a4c2ce6@group-D6916FB3083E-StateMachineUpdater: Took a snapshot at index 0
2021-10-21 00:14:39,420 [f11f8ce1-e80f-4662-ac56-049e7a4c2ce6@group-D6916FB3083E-StateMachineUpdater] INFO  impl.StateMachineUpdater (StateMachineUpdater.java:lambda$new$0(89)) - f11f8ce1-e80f-4662-ac56-049e7a4c2ce6@group-D6916FB3083E-StateMachineUpdater: snapshotIndex: updateIncreasingly -1 -> 0
2021-10-21 00:14:39,420 [Listener at 127.0.0.1/34193] INFO  server.RaftServer$Division (ServerState.java:close(419)) - f11f8ce1-e80f-4662-ac56-049e7a4c2ce6@group-D6916FB3083E: closes. applyIndex: 0
2021-10-21 00:14:39,421 [f11f8ce1-e80f-4662-ac56-049e7a4c2ce6@group-D6916FB3083E-SegmentedRaftLogWorker] INFO  segmented.SegmentedRaftLogWorker (SegmentedRaftLogWorker.java:run(327)) - f11f8ce1-e80f-4662-ac56-049e7a4c2ce6@group-D6916FB3083E-SegmentedRaftLogWorker was interrupted, exiting. There are 0 tasks remaining in the queue.
2021-10-21 00:14:39,421 [Listener at 127.0.0.1/34193] INFO  segmented.SegmentedRaftLogWorker (SegmentedRaftLogWorker.java:close(237)) - f11f8ce1-e80f-4662-ac56-049e7a4c2ce6@group-D6916FB3083E-SegmentedRaftLogWorker close()
2021-10-21 00:14:39,421 [Listener at 127.0.0.1/34193] INFO  server.GrpcService (GrpcService.java:closeImpl(262)) - f11f8ce1-e80f-4662-ac56-049e7a4c2ce6: shutdown server with port 45621 now
2021-10-21 00:14:39,447 [f11f8ce1-e80f-4662-ac56-049e7a4c2ce6@group-AA76DA738849->fe031be3-9947-46ae-8b09-98e602d9361b-GrpcLogAppender-LogAppenderDaemon] WARN  server.GrpcLogAppender (GrpcLogAppender.java:mayWait(177)) - f11f8ce1-e80f-4662-ac56-049e7a4c2ce6@group-AA76DA738849->fe031be3-9947-46ae-8b09-98e602d9361b-GrpcLogAppender: Wait interrupted by java.lang.InterruptedException
2021-10-21 00:14:39,447 [grpc-default-executor-4] INFO  server.GrpcServerProtocolService (GrpcServerProtocolService.java:onCompleted(140)) - fe031be3-9947-46ae-8b09-98e602d9361b: Completed APPEND_ENTRIES, lastRequest: f11f8ce1-e80f-4662-ac56-049e7a4c2ce6->fe031be3-9947-46ae-8b09-98e602d9361b#1-t7,previous=(t:0, i:0),leaderCommit=-1,initializing? true,entries: size=1, first=(t:7, i:0), CONFIGURATIONENTRY
2021-10-21 00:14:39,449 [Listener at 127.0.0.1/34193] INFO  server.GrpcService (GrpcService.java:closeImpl(271)) - f11f8ce1-e80f-4662-ac56-049e7a4c2ce6: shutdown server with port 45621 successfully
2021-10-21 00:14:39,450 [org.apache.ratis.util.JvmPauseMonitor$$Lambda$531/1336496959@7089f8a8] INFO  util.JvmPauseMonitor (JvmPauseMonitor.java:run(109)) - JvmPauseMonitor-f11f8ce1-e80f-4662-ac56-049e7a4c2ce6: Stopped
2021-10-21 00:14:39,450 [grpc-default-executor-1] INFO  server.GrpcLogAppender (GrpcLogAppender.java:onCompleted(346)) - f11f8ce1-e80f-4662-ac56-049e7a4c2ce6@group-AA76DA738849->fe031be3-9947-46ae-8b09-98e602d9361b-AppendLogResponseHandler: follower responses appendEntries COMPLETED
2021-10-21 00:14:39,451 [Listener at 127.0.0.1/34193] INFO  utils.BackgroundService (BackgroundService.java:shutdown(132)) - Shutting down service BlockDeletingService
2021-10-21 00:14:39,483 [grpc-default-executor-1] WARN  server.GrpcLogAppender (GrpcLogAppender.java:resetClient(116)) - f11f8ce1-e80f-4662-ac56-049e7a4c2ce6@group-AA76DA738849->fe031be3-9947-46ae-8b09-98e602d9361b-GrpcLogAppender: Failed to getClient for fe031be3-9947-46ae-8b09-98e602d9361b
org.apache.ratis.protocol.exceptions.AlreadyClosedException: f11f8ce1-e80f-4662-ac56-049e7a4c2ce6 is already CLOSED
	at org.apache.ratis.util.PeerProxyMap$PeerAndProxy.getProxy(PeerProxyMap.java:60)
	at org.apache.ratis.util.PeerProxyMap.getProxy(PeerProxyMap.java:114)
	at org.apache.ratis.grpc.server.GrpcLogAppender.getClient(GrpcLogAppender.java:95)
	at org.apache.ratis.grpc.server.GrpcLogAppender.resetClient(GrpcLogAppender.java:100)
	at org.apache.ratis.grpc.server.GrpcLogAppender.access$500(GrpcLogAppender.java:53)
	at org.apache.ratis.grpc.server.GrpcLogAppender$AppendLogResponseHandler.onCompleted(GrpcLogAppender.java:347)
	at org.apache.ratis.thirdparty.io.grpc.stub.ClientCalls$StreamObserverToCallListenerAdapter.onClose(ClientCalls.java:476)
	at org.apache.ratis.thirdparty.io.grpc.internal.ClientCallImpl.closeObserver(ClientCallImpl.java:616)
	at org.apache.ratis.thirdparty.io.grpc.internal.ClientCallImpl.access$300(ClientCallImpl.java:69)
	at org.apache.ratis.thirdparty.io.grpc.internal.ClientCallImpl$ClientStreamListenerImpl$1StreamClosed.runInternal(ClientCallImpl.java:802)
	at org.apache.ratis.thirdparty.io.grpc.internal.ClientCallImpl$ClientStreamListenerImpl$1StreamClosed.runInContext(ClientCallImpl.java:781)
	at org.apache.ratis.thirdparty.io.grpc.internal.ContextRunnable.run(ContextRunnable.java:37)
	at org.apache.ratis.thirdparty.io.grpc.internal.SerializingExecutor.run(SerializingExecutor.java:123)
	at java.util.concurrent.ThreadPoolExecutor.runWorker(ThreadPoolExecutor.java:1149)
	at java.util.concurrent.ThreadPoolExecutor$Worker.run(ThreadPoolExecutor.java:624)
	at java.lang.Thread.run(Thread.java:748)
2021-10-21 00:14:42,407 [ForkJoinPool.commonPool-worker-0] INFO  statemachine.DatanodeStateMachine (DatanodeStateMachine.java:stopDaemon(524)) - Ozone container server stopped.
2021-10-21 00:14:42,422 [ForkJoinPool.commonPool-worker-0] INFO  handler.ContextHandler (ContextHandler.java:doStop(1153)) - Stopped o.e.j.w.WebAppContext@1fa9583e{hddsDatanode,/,null,STOPPED}{jar:file:/home/runner/.m2/repository/org/apache/ozone/hdds-container-service/1.2.0-SNAPSHOT/hdds-container-service-1.2.0-SNAPSHOT.jar!/webapps/hddsDatanode}
2021-10-21 00:14:42,423 [ForkJoinPool.commonPool-worker-0] INFO  server.AbstractConnector (AbstractConnector.java:doStop(381)) - Stopped ServerConnector@71fee35c{HTTP/1.1, (http/1.1)}{0.0.0.0:0}
2021-10-21 00:14:42,423 [ForkJoinPool.commonPool-worker-0] INFO  server.session (HouseKeeper.java:stopScavenging(149)) - node0 Stopped scavenging
2021-10-21 00:14:42,424 [ForkJoinPool.commonPool-worker-0] INFO  handler.ContextHandler (ContextHandler.java:doStop(1153)) - Stopped o.e.j.s.ServletContextHandler@5c4de465{static,/static,jar:file:/home/runner/.m2/repository/org/apache/ozone/hdds-container-service/1.2.0-SNAPSHOT/hdds-container-service-1.2.0-SNAPSHOT.jar!/webapps/static,STOPPED}
2021-10-21 00:14:42,425 [ForkJoinPool.commonPool-worker-0] INFO  handler.ContextHandler (ContextHandler.java:doStop(1153)) - Stopped o.e.j.s.ServletContextHandler@59c46e5e{logs,/logs,file:///home/runner/work/ozone/ozone/hadoop-ozone/integration-test/target/log,STOPPED}
2021-10-21 00:14:42,531 [Listener at 127.0.0.1/34193] INFO  statemachine.DatanodeStateMachine (DatanodeStateMachine.java:stopDaemon(524)) - Ozone container server stopped.
2021-10-21 00:14:42,532 [Listener at 127.0.0.1/34193] INFO  handler.ContextHandler (ContextHandler.java:doStop(1153)) - Stopped o.e.j.w.WebAppContext@3321649f{hddsDatanode,/,null,STOPPED}{jar:file:/home/runner/.m2/repository/org/apache/ozone/hdds-container-service/1.2.0-SNAPSHOT/hdds-container-service-1.2.0-SNAPSHOT.jar!/webapps/hddsDatanode}
2021-10-21 00:14:42,535 [Listener at 127.0.0.1/34193] INFO  server.AbstractConnector (AbstractConnector.java:doStop(381)) - Stopped ServerConnector@54271f95{HTTP/1.1, (http/1.1)}{0.0.0.0:0}
2021-10-21 00:14:42,536 [Listener at 127.0.0.1/34193] INFO  server.session (HouseKeeper.java:stopScavenging(149)) - node0 Stopped scavenging
2021-10-21 00:14:42,536 [Listener at 127.0.0.1/34193] INFO  handler.ContextHandler (ContextHandler.java:doStop(1153)) - Stopped o.e.j.s.ServletContextHandler@180caedb{static,/static,jar:file:/home/runner/.m2/repository/org/apache/ozone/hdds-container-service/1.2.0-SNAPSHOT/hdds-container-service-1.2.0-SNAPSHOT.jar!/webapps/static,STOPPED}
2021-10-21 00:14:42,537 [Listener at 127.0.0.1/34193] INFO  handler.ContextHandler (ContextHandler.java:doStop(1153)) - Stopped o.e.j.s.ServletContextHandler@74ea19b1{logs,/logs,file:///home/runner/work/ozone/ozone/hadoop-ozone/integration-test/target/log,STOPPED}
2021-10-21 00:14:45,874 [fe031be3-9947-46ae-8b09-98e602d9361b@group-AA76DA738849-FollowerState] INFO  impl.FollowerState (FollowerState.java:run(134)) - fe031be3-9947-46ae-8b09-98e602d9361b@group-AA76DA738849-FollowerState: change to CANDIDATE, lastRpcElapsedTime:7556632210ns, electionTimeout:5093ms
2021-10-21 00:14:45,874 [fe031be3-9947-46ae-8b09-98e602d9361b@group-AA76DA738849-FollowerState] INFO  impl.RoleInfo (RoleInfo.java:shutdownFollowerState(108)) - fe031be3-9947-46ae-8b09-98e602d9361b: shutdown fe031be3-9947-46ae-8b09-98e602d9361b@group-AA76DA738849-FollowerState
2021-10-21 00:14:45,874 [fe031be3-9947-46ae-8b09-98e602d9361b@group-AA76DA738849-FollowerState] INFO  server.RaftServer$Division (RaftServerImpl.java:setRole(290)) - fe031be3-9947-46ae-8b09-98e602d9361b@group-AA76DA738849: changes role from  FOLLOWER to CANDIDATE at term 7 for changeToCandidate
2021-10-21 00:14:45,874 [fe031be3-9947-46ae-8b09-98e602d9361b@group-AA76DA738849-FollowerState] INFO  server.RaftServerConfigKeys (ConfUtils.java:logGet(44)) - raft.server.leaderelection.pre-vote = false (custom)
2021-10-21 00:14:45,874 [fe031be3-9947-46ae-8b09-98e602d9361b@group-AA76DA738849-FollowerState] INFO  impl.RoleInfo (RoleInfo.java:updateAndGet(130)) - fe031be3-9947-46ae-8b09-98e602d9361b: start fe031be3-9947-46ae-8b09-98e602d9361b@group-AA76DA738849-LeaderElection130
2021-10-21 00:14:45,875 [fe031be3-9947-46ae-8b09-98e602d9361b@group-AA76DA738849-LeaderElection130] INFO  server.RaftServer$Division (ServerState.java:setLeader(285)) - fe031be3-9947-46ae-8b09-98e602d9361b@group-AA76DA738849: change Leader from f11f8ce1-e80f-4662-ac56-049e7a4c2ce6 to null at term 7 for ELECTION
2021-10-21 00:14:45,876 [fe031be3-9947-46ae-8b09-98e602d9361b@group-AA76DA738849-LeaderElection130] INFO  impl.LeaderElection (LeaderElection.java:askForVotes(306)) - fe031be3-9947-46ae-8b09-98e602d9361b@group-AA76DA738849-LeaderElection130 ELECTION round 0: submit vote requests at term 8 for 0: [87f4cda0-ffb5-4aa3-ac3a-463d681607fa|rpc:10.1.0.21:43449|dataStream:|priority:0, fe031be3-9947-46ae-8b09-98e602d9361b|rpc:10.1.0.21:44461|dataStream:|priority:0, f11f8ce1-e80f-4662-ac56-049e7a4c2ce6|rpc:10.1.0.21:45621|dataStream:|priority:1], old=null
2021-10-21 00:14:45,881 [fe031be3-9947-46ae-8b09-98e602d9361b@group-AA76DA738849-LeaderElection130] INFO  impl.LeaderElection (LogUtils.java:infoOrTrace(137)) - fe031be3-9947-46ae-8b09-98e602d9361b@group-AA76DA738849-LeaderElection130 got exception when requesting votes: java.util.concurrent.ExecutionException: org.apache.ratis.thirdparty.io.grpc.StatusRuntimeException: UNAVAILABLE: io exception
2021-10-21 00:14:45,882 [fe031be3-9947-46ae-8b09-98e602d9361b@group-AA76DA738849-LeaderElection130] INFO  impl.LeaderElection (LogUtils.java:infoOrTrace(137)) - fe031be3-9947-46ae-8b09-98e602d9361b@group-AA76DA738849-LeaderElection130 got exception when requesting votes: java.util.concurrent.ExecutionException: org.apache.ratis.thirdparty.io.grpc.StatusRuntimeException: UNAVAILABLE: io exception
2021-10-21 00:14:45,882 [fe031be3-9947-46ae-8b09-98e602d9361b@group-AA76DA738849-LeaderElection130] INFO  impl.LeaderElection (LeaderElection.java:logAndReturn(89)) - fe031be3-9947-46ae-8b09-98e602d9361b@group-AA76DA738849-LeaderElection130: ELECTION REJECTED received 0 response(s) and 2 exception(s):
2021-10-21 00:14:45,882 [fe031be3-9947-46ae-8b09-98e602d9361b@group-AA76DA738849-LeaderElection130] INFO  impl.LeaderElection (LogUtils.java:infoOrTrace(137)) -   Exception 0: java.util.concurrent.ExecutionException: org.apache.ratis.thirdparty.io.grpc.StatusRuntimeException: UNAVAILABLE: io exception
2021-10-21 00:14:45,882 [fe031be3-9947-46ae-8b09-98e602d9361b@group-AA76DA738849-LeaderElection130] INFO  impl.LeaderElection (LogUtils.java:infoOrTrace(137)) -   Exception 1: java.util.concurrent.ExecutionException: org.apache.ratis.thirdparty.io.grpc.StatusRuntimeException: UNAVAILABLE: io exception
2021-10-21 00:14:45,882 [fe031be3-9947-46ae-8b09-98e602d9361b@group-AA76DA738849-LeaderElection130] INFO  impl.LeaderElection (LeaderElection.java:askForVotes(308)) - fe031be3-9947-46ae-8b09-98e602d9361b@group-AA76DA738849-LeaderElection130 ELECTION round 0: result REJECTED
2021-10-21 00:14:45,882 [fe031be3-9947-46ae-8b09-98e602d9361b@group-AA76DA738849-LeaderElection130] INFO  server.RaftServer$Division (RaftServerImpl.java:setRole(290)) - fe031be3-9947-46ae-8b09-98e602d9361b@group-AA76DA738849: changes role from CANDIDATE to FOLLOWER at term 8 for REJECTED
2021-10-21 00:14:45,882 [fe031be3-9947-46ae-8b09-98e602d9361b@group-AA76DA738849-LeaderElection130] INFO  impl.RoleInfo (RoleInfo.java:shutdownLeaderElection(121)) - fe031be3-9947-46ae-8b09-98e602d9361b: shutdown fe031be3-9947-46ae-8b09-98e602d9361b@group-AA76DA738849-LeaderElection130
2021-10-21 00:14:45,882 [fe031be3-9947-46ae-8b09-98e602d9361b@group-AA76DA738849-LeaderElection130] INFO  impl.RoleInfo (RoleInfo.java:updateAndGet(130)) - fe031be3-9947-46ae-8b09-98e602d9361b: start fe031be3-9947-46ae-8b09-98e602d9361b@group-AA76DA738849-FollowerState
2021-10-21 00:14:47,131 [EventQueue-StaleNodeForStaleNodeHandler] INFO  node.StaleNodeHandler (StaleNodeHandler.java:onMessage(58)) - Datanode b1aa2fe7-eb40-4f9f-bfee-6ed7c04c202c{ip: 10.1.0.21, host: fv-az395-87.zfmzfyrfkyou3ow0tsr0jxwq1e.bx.internal.cloudapp.net, ports: [REPLICATION=33729, RATIS=36605, RATIS_ADMIN=36605, RATIS_SERVER=36605, STANDALONE=33747], networkLocation: /default-rack, certSerialId: null, persistedOpState: IN_SERVICE, persistedOpStateExpiryEpochSec: 0} moved to stale state. Finalizing its pipelines [PipelineID=1b019f85-e068-433d-8e86-0c185b61cb60, PipelineID=90eb6df1-f670-4912-ae0e-ae50f5e5aa8c]
2021-10-21 00:14:47,131 [EventQueue-StaleNodeForStaleNodeHandler] INFO  pipeline.PipelineManagerImpl (PipelineManagerImpl.java:closePipeline(342)) - Pipeline Pipeline[ Id: 90eb6df1-f670-4912-ae0e-ae50f5e5aa8c, Nodes: b1aa2fe7-eb40-4f9f-bfee-6ed7c04c202c{ip: 10.1.0.21, host: fv-az395-87.zfmzfyrfkyou3ow0tsr0jxwq1e.bx.internal.cloudapp.net, ports: [REPLICATION=33729, RATIS=36605, RATIS_ADMIN=36605, RATIS_SERVER=36605, STANDALONE=33747], networkLocation: /default-rack, certSerialId: null, persistedOpState: IN_SERVICE, persistedOpStateExpiryEpochSec: 0}, ReplicationConfig: RATIS/ONE, State:OPEN, leaderId:b1aa2fe7-eb40-4f9f-bfee-6ed7c04c202c, CreationTimestamp2021-10-21T00:13:41.741Z[Etc/UTC]] moved to CLOSED state
2021-10-21 00:14:47,132 [EventQueue-StaleNodeForStaleNodeHandler] INFO  node.StaleNodeHandler (StaleNodeHandler.java:onMessage(58)) - Datanode 6c4bf312-847f-4261-b1bf-aef11305f2d7{ip: 10.1.0.21, host: fv-az395-87.zfmzfyrfkyou3ow0tsr0jxwq1e.bx.internal.cloudapp.net, ports: [REPLICATION=33993, RATIS=45071, RATIS_ADMIN=45071, RATIS_SERVER=45071, STANDALONE=38819], networkLocation: /default-rack, certSerialId: null, persistedOpState: IN_SERVICE, persistedOpStateExpiryEpochSec: 0} moved to stale state. Finalizing its pipelines [PipelineID=e2b4fbdb-9ba0-47cc-9ea4-d3d63b047129, PipelineID=1b019f85-e068-433d-8e86-0c185b61cb60]
2021-10-21 00:14:47,132 [EventQueue-StaleNodeForStaleNodeHandler] INFO  pipeline.PipelineManagerImpl (PipelineManagerImpl.java:closePipeline(342)) - Pipeline Pipeline[ Id: e2b4fbdb-9ba0-47cc-9ea4-d3d63b047129, Nodes: 6c4bf312-847f-4261-b1bf-aef11305f2d7{ip: 10.1.0.21, host: fv-az395-87.zfmzfyrfkyou3ow0tsr0jxwq1e.bx.internal.cloudapp.net, ports: [REPLICATION=33993, RATIS=45071, RATIS_ADMIN=45071, RATIS_SERVER=45071, STANDALONE=38819], networkLocation: /default-rack, certSerialId: null, persistedOpState: IN_SERVICE, persistedOpStateExpiryEpochSec: 0}, ReplicationConfig: RATIS/ONE, State:OPEN, leaderId:6c4bf312-847f-4261-b1bf-aef11305f2d7, CreationTimestamp2021-10-21T00:13:43.616Z[Etc/UTC]] moved to CLOSED state
2021-10-21 00:14:47,479 [ForkJoinPool.commonPool-worker-0] INFO  ozoneimpl.OzoneContainer (OzoneContainer.java:stop(325)) - Attempting to stop container services.
2021-10-21 00:14:47,480 [ForkJoinPool.commonPool-worker-0] INFO  server.RaftServer (RaftServerProxy.java:lambda$close$6(391)) - fe031be3-9947-46ae-8b09-98e602d9361b: close
2021-10-21 00:14:47,480 [ForkJoinPool.commonPool-worker-0] INFO  server.RaftServer$Division (RaftServerImpl.java:lambda$close$4(412)) - fe031be3-9947-46ae-8b09-98e602d9361b@group-C7CEAFB8CAA2: shutdown
2021-10-21 00:14:47,480 [ForkJoinPool.commonPool-worker-0] INFO  util.JmxRegister (JmxRegister.java:unregister(73)) - Successfully un-registered JMX Bean with object name Ratis:service=RaftServer,group=group-C7CEAFB8CAA2,id=fe031be3-9947-46ae-8b09-98e602d9361b
2021-10-21 00:14:47,480 [ForkJoinPool.commonPool-worker-0] INFO  impl.RoleInfo (RoleInfo.java:shutdownLeaderState(91)) - fe031be3-9947-46ae-8b09-98e602d9361b: shutdown fe031be3-9947-46ae-8b09-98e602d9361b@group-C7CEAFB8CAA2-LeaderStateImpl
2021-10-21 00:14:47,480 [ForkJoinPool.commonPool-worker-0] INFO  impl.PendingRequests (PendingRequests.java:sendNotLeaderResponses(282)) - fe031be3-9947-46ae-8b09-98e602d9361b@group-C7CEAFB8CAA2-PendingRequests: sendNotLeaderResponses
2021-10-21 00:14:47,481 [fe031be3-9947-46ae-8b09-98e602d9361b@group-C7CEAFB8CAA2-StateMachineUpdater] INFO  ratis.ContainerStateMachine (ContainerStateMachine.java:takeSnapshot(292)) - group-C7CEAFB8CAA2: Taking a snapshot at:(t:1, i:0) file /home/runner/work/ozone/ozone/hadoop-ozone/integration-test/target/test-dir/MiniOzoneClusterImpl-0ff56402-746c-4b46-aacb-40edab3b56db/datanode-6/data/ratis/26c74c92-a0df-4910-bbcb-c7ceafb8caa2/sm/snapshot.1_0
2021-10-21 00:14:47,482 [ForkJoinPool.commonPool-worker-0] INFO  impl.StateMachineUpdater (StateMachineUpdater.java:stopAndJoin(149)) - fe031be3-9947-46ae-8b09-98e602d9361b@group-C7CEAFB8CAA2-StateMachineUpdater: set stopIndex = 0
2021-10-21 00:14:47,482 [fe031be3-9947-46ae-8b09-98e602d9361b@group-C7CEAFB8CAA2-StateMachineUpdater] INFO  ratis.ContainerStateMachine (ContainerStateMachine.java:takeSnapshot(303)) - group-C7CEAFB8CAA2: Finished taking a snapshot at:(t:1, i:0) file:/home/runner/work/ozone/ozone/hadoop-ozone/integration-test/target/test-dir/MiniOzoneClusterImpl-0ff56402-746c-4b46-aacb-40edab3b56db/datanode-6/data/ratis/26c74c92-a0df-4910-bbcb-c7ceafb8caa2/sm/snapshot.1_0 took: 1 ms
2021-10-21 00:14:47,482 [fe031be3-9947-46ae-8b09-98e602d9361b@group-C7CEAFB8CAA2-StateMachineUpdater] INFO  impl.StateMachineUpdater (StateMachineUpdater.java:takeSnapshot(281)) - fe031be3-9947-46ae-8b09-98e602d9361b@group-C7CEAFB8CAA2-StateMachineUpdater: Took a snapshot at index 0
2021-10-21 00:14:47,483 [fe031be3-9947-46ae-8b09-98e602d9361b@group-C7CEAFB8CAA2-StateMachineUpdater] INFO  impl.StateMachineUpdater (StateMachineUpdater.java:lambda$new$0(89)) - fe031be3-9947-46ae-8b09-98e602d9361b@group-C7CEAFB8CAA2-StateMachineUpdater: snapshotIndex: updateIncreasingly -1 -> 0
2021-10-21 00:14:47,483 [ForkJoinPool.commonPool-worker-0] INFO  server.RaftServer$Division (ServerState.java:close(419)) - fe031be3-9947-46ae-8b09-98e602d9361b@group-C7CEAFB8CAA2: closes. applyIndex: 0
2021-10-21 00:14:47,483 [fe031be3-9947-46ae-8b09-98e602d9361b@group-C7CEAFB8CAA2-SegmentedRaftLogWorker] INFO  segmented.SegmentedRaftLogWorker (SegmentedRaftLogWorker.java:run(327)) - fe031be3-9947-46ae-8b09-98e602d9361b@group-C7CEAFB8CAA2-SegmentedRaftLogWorker was interrupted, exiting. There are 0 tasks remaining in the queue.
2021-10-21 00:14:47,483 [ForkJoinPool.commonPool-worker-0] INFO  segmented.SegmentedRaftLogWorker (SegmentedRaftLogWorker.java:close(237)) - fe031be3-9947-46ae-8b09-98e602d9361b@group-C7CEAFB8CAA2-SegmentedRaftLogWorker close()
2021-10-21 00:14:47,484 [ForkJoinPool.commonPool-worker-0] INFO  server.RaftServer$Division (RaftServerImpl.java:lambda$close$4(412)) - fe031be3-9947-46ae-8b09-98e602d9361b@group-AA76DA738849: shutdown
2021-10-21 00:14:47,484 [ForkJoinPool.commonPool-worker-0] INFO  util.JmxRegister (JmxRegister.java:unregister(73)) - Successfully un-registered JMX Bean with object name Ratis:service=RaftServer,group=group-AA76DA738849,id=fe031be3-9947-46ae-8b09-98e602d9361b
2021-10-21 00:14:47,484 [ForkJoinPool.commonPool-worker-0] INFO  impl.RoleInfo (RoleInfo.java:shutdownFollowerState(108)) - fe031be3-9947-46ae-8b09-98e602d9361b: shutdown fe031be3-9947-46ae-8b09-98e602d9361b@group-AA76DA738849-FollowerState
2021-10-21 00:14:47,484 [fe031be3-9947-46ae-8b09-98e602d9361b@group-AA76DA738849-FollowerState] INFO  impl.FollowerState (FollowerState.java:run(143)) - fe031be3-9947-46ae-8b09-98e602d9361b@group-AA76DA738849-FollowerState was interrupted: {}
java.lang.InterruptedException: sleep interrupted
	at java.lang.Thread.sleep(Native Method)
	at java.lang.Thread.sleep(Thread.java:340)
	at java.util.concurrent.TimeUnit.sleep(TimeUnit.java:386)
	at org.apache.ratis.util.TimeDuration.sleep(TimeDuration.java:324)
	at org.apache.ratis.util.TimeDuration.sleep(TimeDuration.java:309)
	at org.apache.ratis.server.impl.FollowerState.run(FollowerState.java:118)
2021-10-21 00:14:47,486 [fe031be3-9947-46ae-8b09-98e602d9361b@group-AA76DA738849-StateMachineUpdater] INFO  ratis.ContainerStateMachine (ContainerStateMachine.java:takeSnapshot(292)) - group-AA76DA738849: Taking a snapshot at:(t:7, i:0) file /home/runner/work/ozone/ozone/hadoop-ozone/integration-test/target/test-dir/MiniOzoneClusterImpl-0ff56402-746c-4b46-aacb-40edab3b56db/datanode-6/data/ratis/9bf4a531-6e52-4877-98e4-aa76da738849/sm/snapshot.7_0
2021-10-21 00:14:47,486 [ForkJoinPool.commonPool-worker-0] INFO  impl.StateMachineUpdater (StateMachineUpdater.java:stopAndJoin(149)) - fe031be3-9947-46ae-8b09-98e602d9361b@group-AA76DA738849-StateMachineUpdater: set stopIndex = 0
2021-10-21 00:14:47,487 [fe031be3-9947-46ae-8b09-98e602d9361b@group-AA76DA738849-StateMachineUpdater] INFO  ratis.ContainerStateMachine (ContainerStateMachine.java:takeSnapshot(303)) - group-AA76DA738849: Finished taking a snapshot at:(t:7, i:0) file:/home/runner/work/ozone/ozone/hadoop-ozone/integration-test/target/test-dir/MiniOzoneClusterImpl-0ff56402-746c-4b46-aacb-40edab3b56db/datanode-6/data/ratis/9bf4a531-6e52-4877-98e4-aa76da738849/sm/snapshot.7_0 took: 1 ms
2021-10-21 00:14:47,487 [fe031be3-9947-46ae-8b09-98e602d9361b@group-AA76DA738849-StateMachineUpdater] INFO  impl.StateMachineUpdater (StateMachineUpdater.java:takeSnapshot(281)) - fe031be3-9947-46ae-8b09-98e602d9361b@group-AA76DA738849-StateMachineUpdater: Took a snapshot at index 0
2021-10-21 00:14:47,487 [fe031be3-9947-46ae-8b09-98e602d9361b@group-AA76DA738849-StateMachineUpdater] INFO  impl.StateMachineUpdater (StateMachineUpdater.java:lambda$new$0(89)) - fe031be3-9947-46ae-8b09-98e602d9361b@group-AA76DA738849-StateMachineUpdater: snapshotIndex: updateIncreasingly -1 -> 0
2021-10-21 00:14:47,487 [ForkJoinPool.commonPool-worker-0] INFO  server.RaftServer$Division (ServerState.java:close(419)) - fe031be3-9947-46ae-8b09-98e602d9361b@group-AA76DA738849: closes. applyIndex: 0
2021-10-21 00:14:47,487 [fe031be3-9947-46ae-8b09-98e602d9361b@group-AA76DA738849-SegmentedRaftLogWorker] INFO  segmented.SegmentedRaftLogWorker (SegmentedRaftLogWorker.java:run(327)) - fe031be3-9947-46ae-8b09-98e602d9361b@group-AA76DA738849-SegmentedRaftLogWorker was interrupted, exiting. There are 0 tasks remaining in the queue.
2021-10-21 00:14:47,488 [ForkJoinPool.commonPool-worker-0] INFO  segmented.SegmentedRaftLogWorker (SegmentedRaftLogWorker.java:close(237)) - fe031be3-9947-46ae-8b09-98e602d9361b@group-AA76DA738849-SegmentedRaftLogWorker close()
2021-10-21 00:14:47,489 [ForkJoinPool.commonPool-worker-0] INFO  server.GrpcService (GrpcService.java:closeImpl(262)) - fe031be3-9947-46ae-8b09-98e602d9361b: shutdown server with port 44461 now
2021-10-21 00:14:47,491 [ForkJoinPool.commonPool-worker-0] INFO  server.GrpcService (GrpcService.java:closeImpl(271)) - fe031be3-9947-46ae-8b09-98e602d9361b: shutdown server with port 44461 successfully
2021-10-21 00:14:47,495 [org.apache.ratis.util.JvmPauseMonitor$$Lambda$531/1336496959@1734db99] INFO  util.JvmPauseMonitor (JvmPauseMonitor.java:run(109)) - JvmPauseMonitor-fe031be3-9947-46ae-8b09-98e602d9361b: Stopped
2021-10-21 00:14:47,567 [ForkJoinPool.commonPool-worker-0] INFO  utils.BackgroundService (BackgroundService.java:shutdown(132)) - Shutting down service BlockDeletingService
2021-10-21 00:14:50,577 [ForkJoinPool.commonPool-worker-0] INFO  statemachine.DatanodeStateMachine (DatanodeStateMachine.java:stopDaemon(524)) - Ozone container server stopped.
2021-10-21 00:14:50,583 [ForkJoinPool.commonPool-worker-0] INFO  handler.ContextHandler (ContextHandler.java:doStop(1153)) - Stopped o.e.j.w.WebAppContext@39c8c277{hddsDatanode,/,null,STOPPED}{jar:file:/home/runner/.m2/repository/org/apache/ozone/hdds-container-service/1.2.0-SNAPSHOT/hdds-container-service-1.2.0-SNAPSHOT.jar!/webapps/hddsDatanode}
2021-10-21 00:14:50,650 [ForkJoinPool.commonPool-worker-0] INFO  server.AbstractConnector (AbstractConnector.java:doStop(381)) - Stopped ServerConnector@1f5b4124{HTTP/1.1, (http/1.1)}{0.0.0.0:0}
2021-10-21 00:14:50,650 [ForkJoinPool.commonPool-worker-0] INFO  server.session (HouseKeeper.java:stopScavenging(149)) - node0 Stopped scavenging
2021-10-21 00:14:50,651 [ForkJoinPool.commonPool-worker-0] INFO  handler.ContextHandler (ContextHandler.java:doStop(1153)) - Stopped o.e.j.s.ServletContextHandler@599eb43b{static,/static,jar:file:/home/runner/.m2/repository/org/apache/ozone/hdds-container-service/1.2.0-SNAPSHOT/hdds-container-service-1.2.0-SNAPSHOT.jar!/webapps/static,STOPPED}
2021-10-21 00:14:50,652 [ForkJoinPool.commonPool-worker-0] INFO  handler.ContextHandler (ContextHandler.java:doStop(1153)) - Stopped o.e.j.s.ServletContextHandler@9c98bf6{logs,/logs,file:///home/runner/work/ozone/ozone/hadoop-ozone/integration-test/target/log,STOPPED}
2021-10-21 00:14:50,694 [Listener at 127.0.0.1/34193] INFO  ozone.MiniOzoneClusterImpl (MiniOzoneClusterImpl.java:stopSCM(542)) - Stopping the StorageContainerManager
2021-10-21 00:14:50,695 [Listener at 127.0.0.1/34193] INFO  server.StorageContainerManager (StorageContainerManager.java:stop(1395)) - Stopping Container Balancer service.
2021-10-21 00:14:50,695 [Listener at 127.0.0.1/34193] INFO  balancer.ContainerBalancer (ContainerBalancer.java:stop(772)) - Container Balancer is not running.
2021-10-21 00:14:50,695 [Listener at 127.0.0.1/34193] INFO  server.StorageContainerManager (StorageContainerManager.java:stop(1402)) - Stopping Replication Manager Service.
2021-10-21 00:14:50,695 [Listener at 127.0.0.1/34193] INFO  container.ReplicationManager (ReplicationManager.java:stop(350)) - Stopping Replication Monitor Thread.
2021-10-21 00:14:50,695 [Listener at 127.0.0.1/34193] INFO  server.StorageContainerManager (StorageContainerManager.java:stop(1409)) - Stopping the Datanode Admin Monitor.
2021-10-21 00:14:50,695 [Listener at 127.0.0.1/34193] INFO  server.StorageContainerManager (StorageContainerManager.java:stop(1416)) - Stopping Lease Manager of the command watchers
2021-10-21 00:14:50,695 [Listener at 127.0.0.1/34193] INFO  server.StorageContainerManager (StorageContainerManager.java:stop(1423)) - Stopping datanode service RPC server
2021-10-21 00:14:50,695 [Listener at 127.0.0.1/34193] INFO  server.SCMDatanodeProtocolServer (SCMDatanodeProtocolServer.java:stop(389)) - Stopping the RPC server for DataNodes
2021-10-21 00:14:50,695 [Listener at 127.0.0.1/34193] INFO  ipc.Server (Server.java:stop(3414)) - Stopping server on 35879
2021-10-21 00:14:50,736 [IPC Server Responder] INFO  ipc.Server (Server.java:run(1512)) - Stopping IPC Server Responder
2021-10-21 00:14:50,736 [IPC Server listener on 0] INFO  ipc.Server (Server.java:run(1376)) - Stopping IPC Server listener on 0
2021-10-21 00:14:50,819 [SCM Heartbeat Processing Thread - 0] WARN  node.NodeStateManager (NodeStateManager.java:scheduleNextHealthCheck(799)) - Current Thread is interrupted, shutting down HB processing thread for Node Manager.
2021-10-21 00:14:50,819 [Listener at 127.0.0.1/34193] INFO  server.StorageContainerManager (StorageContainerManager.java:stop(1431)) - Stopping block service RPC server
2021-10-21 00:14:50,820 [Listener at 127.0.0.1/34193] INFO  server.SCMBlockProtocolServer (SCMBlockProtocolServer.java:stop(160)) - Stopping the RPC server for Block Protocol
2021-10-21 00:14:50,820 [Listener at 127.0.0.1/34193] INFO  ipc.Server (Server.java:stop(3414)) - Stopping server on 43069
2021-10-21 00:14:50,823 [Listener at 127.0.0.1/34193] INFO  server.StorageContainerManager (StorageContainerManager.java:stop(1438)) - Stopping the StorageContainerLocationProtocol RPC server
2021-10-21 00:14:50,823 [Listener at 127.0.0.1/34193] INFO  server.SCMClientProtocolServer (SCMClientProtocolServer.java:stop(173)) - Stopping the RPC server for Client Protocol
2021-10-21 00:14:50,824 [Listener at 127.0.0.1/34193] INFO  ipc.Server (Server.java:stop(3414)) - Stopping server on 37585
2021-10-21 00:14:50,824 [IPC Server listener on 0] INFO  ipc.Server (Server.java:run(1376)) - Stopping IPC Server listener on 0
2021-10-21 00:14:50,826 [IPC Server Responder] INFO  ipc.Server (Server.java:run(1512)) - Stopping IPC Server Responder
2021-10-21 00:14:50,826 [Listener at 127.0.0.1/34193] INFO  server.StorageContainerManager (StorageContainerManager.java:stop(1445)) - Stopping Storage Container Manager HTTP server.
2021-10-21 00:14:50,826 [IPC Server listener on 0] INFO  ipc.Server (Server.java:run(1376)) - Stopping IPC Server listener on 0
2021-10-21 00:14:50,827 [Listener at 127.0.0.1/34193] INFO  handler.ContextHandler (ContextHandler.java:doStop(1153)) - Stopped o.e.j.w.WebAppContext@1aab34a5{scm,/,null,STOPPED}{file:/home/runner/work/ozone/ozone/hadoop-ozone/integration-test/target/test-classes/webapps/scm}
2021-10-21 00:14:50,884 [IPC Server Responder] INFO  ipc.Server (Server.java:run(1512)) - Stopping IPC Server Responder
2021-10-21 00:14:50,953 [Listener at 127.0.0.1/34193] INFO  server.AbstractConnector (AbstractConnector.java:doStop(381)) - Stopped ServerConnector@5e3feaa1{HTTP/1.1, (http/1.1)}{0.0.0.0:0}
2021-10-21 00:14:50,954 [Listener at 127.0.0.1/34193] INFO  server.session (HouseKeeper.java:stopScavenging(149)) - node0 Stopped scavenging
2021-10-21 00:14:50,954 [Listener at 127.0.0.1/34193] INFO  handler.ContextHandler (ContextHandler.java:doStop(1153)) - Stopped o.e.j.s.ServletContextHandler@14c38e4f{static,/static,file:///home/runner/work/ozone/ozone/hadoop-ozone/integration-test/target/test-classes/webapps/static,STOPPED}
2021-10-21 00:14:50,954 [Listener at 127.0.0.1/34193] INFO  handler.ContextHandler (ContextHandler.java:doStop(1153)) - Stopped o.e.j.s.ServletContextHandler@34332fc0{logs,/logs,file:///home/runner/work/ozone/ozone/hadoop-ozone/integration-test/target/log,STOPPED}
2021-10-21 00:14:50,955 [Listener at 127.0.0.1/34193] INFO  server.StorageContainerManager (StorageContainerManager.java:stop(1456)) - Stopping Block Manager Service.
2021-10-21 00:14:50,955 [Listener at 127.0.0.1/34193] INFO  utils.BackgroundService (BackgroundService.java:shutdown(132)) - Shutting down service SCMBlockDeletingService
2021-10-21 00:14:50,956 [Listener at 127.0.0.1/34193] INFO  utils.BackgroundService (BackgroundService.java:shutdown(132)) - Shutting down service SCMBlockDeletingService
2021-10-21 00:14:50,956 [Listener at 127.0.0.1/34193] INFO  server.StorageContainerManager (StorageContainerManager.java:stop(1483)) - Stopping SCM Event Queue.
2021-10-21 00:14:50,957 [Listener at 127.0.0.1/34193] INFO  server.StorageContainerManager (StorageContainerManager.java:stop(1494)) - Stopping SCM HA services.
2021-10-21 00:14:50,957 [Listener at 127.0.0.1/34193] INFO  pipeline.BackgroundPipelineCreator (BackgroundPipelineCreator.java:stop(158)) - Stopping RatisPipelineUtilsThread.
2021-10-21 00:14:50,958 [Listener at 127.0.0.1/34193] INFO  server.StorageContainerManager (StorageContainerManager.java:stop(1504)) - Stopping SCM MetadataStore.
2021-10-21 00:14:50,959 [Listener at 127.0.0.1/34193] INFO  impl.MetricsSystemImpl (MetricsSystemImpl.java:stop(210)) - Stopping HddsDatanode metrics system...
2021-10-21 00:14:50,989 [prometheus] INFO  impl.MetricsSinkAdapter (MetricsSinkAdapter.java:publishMetricsFromQueue(141)) - prometheus thread interrupted.
2021-10-21 00:14:50,989 [Listener at 127.0.0.1/34193] INFO  impl.MetricsSystemImpl (MetricsSystemImpl.java:stop(216)) - HddsDatanode metrics system stopped.
]]></system-out>
    <system-err><![CDATA[Oct 21, 2021 12:14:04 AM org.apache.ratis.thirdparty.io.grpc.internal.ManagedChannelOrphanWrapper$ManagedChannelReference cleanQueue
SEVERE: *~*~*~ Channel ManagedChannelImpl{logId=237, target=10.1.0.21:35745} was not shutdown properly!!! ~*~*~*
    Make sure to call shutdown()/shutdownNow() and wait until awaitTermination() returns true.
java.lang.RuntimeException: ManagedChannel allocation site
	at org.apache.ratis.thirdparty.io.grpc.internal.ManagedChannelOrphanWrapper$ManagedChannelReference.<init>(ManagedChannelOrphanWrapper.java:93)
	at org.apache.ratis.thirdparty.io.grpc.internal.ManagedChannelOrphanWrapper.<init>(ManagedChannelOrphanWrapper.java:53)
	at org.apache.ratis.thirdparty.io.grpc.internal.ManagedChannelOrphanWrapper.<init>(ManagedChannelOrphanWrapper.java:44)
	at org.apache.ratis.thirdparty.io.grpc.internal.ManagedChannelImplBuilder.build(ManagedChannelImplBuilder.java:596)
	at org.apache.ratis.thirdparty.io.grpc.ForwardingChannelBuilder.build(ForwardingChannelBuilder.java:255)
	at org.apache.hadoop.hdds.scm.XceiverClientGrpc.connectToDatanode(XceiverClientGrpc.java:193)
	at org.apache.hadoop.hdds.scm.XceiverClientGrpc.reconnect(XceiverClientGrpc.java:551)
	at org.apache.hadoop.hdds.scm.XceiverClientGrpc.checkOpen(XceiverClientGrpc.java:542)
	at org.apache.hadoop.hdds.scm.XceiverClientGrpc.sendCommandAsync(XceiverClientGrpc.java:470)
	at org.apache.hadoop.hdds.scm.XceiverClientGrpc.sendCommandWithRetry(XceiverClientGrpc.java:377)
	at org.apache.hadoop.hdds.scm.XceiverClientGrpc.lambda$sendCommandWithTraceIDAndRetry$0(XceiverClientGrpc.java:317)
	at org.apache.hadoop.hdds.tracing.TracingUtil.executeInSpan(TracingUtil.java:174)
	at org.apache.hadoop.hdds.tracing.TracingUtil.executeInNewSpan(TracingUtil.java:148)
	at org.apache.hadoop.hdds.scm.XceiverClientGrpc.sendCommandWithTraceIDAndRetry(XceiverClientGrpc.java:311)
	at org.apache.hadoop.hdds.scm.XceiverClientGrpc.sendCommand(XceiverClientGrpc.java:292)
	at org.apache.hadoop.hdds.scm.storage.ContainerProtocolCalls.getBlock(ContainerProtocolCalls.java:106)
	at org.apache.hadoop.hdds.scm.storage.BlockInputStream.getChunkInfos(BlockInputStream.java:221)
	at org.apache.hadoop.hdds.scm.storage.BlockInputStream.initialize(BlockInputStream.java:147)
	at org.apache.hadoop.hdds.scm.storage.BlockInputStream.readWithStrategy(BlockInputStream.java:294)
	at org.apache.hadoop.hdds.scm.storage.BlockInputStream.read(BlockInputStream.java:277)
	at org.apache.hadoop.hdds.scm.storage.ByteArrayReader.readFromBlock(ByteArrayReader.java:57)
	at org.apache.hadoop.ozone.client.io.KeyInputStream.readWithStrategy(KeyInputStream.java:262)
	at org.apache.hadoop.ozone.client.io.KeyInputStream.read(KeyInputStream.java:230)
	at org.apache.hadoop.ozone.client.io.OzoneInputStream.read(OzoneInputStream.java:55)
	at java.io.InputStream.read(InputStream.java:101)
	at org.apache.hadoop.ozone.container.TestHelper.validateData(TestHelper.java:146)
	at org.apache.hadoop.ozone.client.rpc.TestWatchForCommit.validateData(TestWatchForCommit.java:382)
	at org.apache.hadoop.ozone.client.rpc.TestWatchForCommit.testWatchForCommitWithKeyWrite(TestWatchForCommit.java:246)
	at sun.reflect.NativeMethodAccessorImpl.invoke0(Native Method)
	at sun.reflect.NativeMethodAccessorImpl.invoke(NativeMethodAccessorImpl.java:62)
	at sun.reflect.DelegatingMethodAccessorImpl.invoke(DelegatingMethodAccessorImpl.java:43)
	at java.lang.reflect.Method.invoke(Method.java:498)
	at org.junit.runners.model.FrameworkMethod$1.runReflectiveCall(FrameworkMethod.java:59)
	at org.junit.internal.runners.model.ReflectiveCallable.run(ReflectiveCallable.java:12)
	at org.junit.runners.model.FrameworkMethod.invokeExplosively(FrameworkMethod.java:56)
	at org.junit.internal.runners.statements.InvokeMethod.evaluate(InvokeMethod.java:17)
	at org.junit.internal.runners.statements.RunBefores.evaluate(RunBefores.java:26)
	at org.junit.internal.runners.statements.RunAfters.evaluate(RunAfters.java:27)
	at org.junit.runners.ParentRunner$3.evaluate(ParentRunner.java:306)
	at org.junit.runners.BlockJUnit4ClassRunner$1.evaluate(BlockJUnit4ClassRunner.java:100)
	at org.junit.runners.ParentRunner.runLeaf(ParentRunner.java:366)
	at org.junit.runners.BlockJUnit4ClassRunner.runChild(BlockJUnit4ClassRunner.java:103)
	at org.junit.runners.BlockJUnit4ClassRunner.runChild(BlockJUnit4ClassRunner.java:63)
	at org.junit.runners.ParentRunner$4.run(ParentRunner.java:331)
	at org.junit.runners.ParentRunner$1.schedule(ParentRunner.java:79)
	at org.junit.runners.ParentRunner.runChildren(ParentRunner.java:329)
	at org.junit.runners.ParentRunner.access$100(ParentRunner.java:66)
	at org.junit.runners.ParentRunner$2.evaluate(ParentRunner.java:293)
	at org.junit.runners.ParentRunner$3.evaluate(ParentRunner.java:306)
	at org.junit.runners.ParentRunner.run(ParentRunner.java:413)
	at org.junit.runner.JUnitCore.run(JUnitCore.java:137)
	at org.junit.runner.JUnitCore.run(JUnitCore.java:115)
	at org.junit.vintage.engine.execution.RunnerExecutor.execute(RunnerExecutor.java:43)
	at java.util.stream.ForEachOps$ForEachOp$OfRef.accept(ForEachOps.java:183)
	at java.util.stream.ReferencePipeline$3$1.accept(ReferencePipeline.java:193)
	at java.util.Iterator.forEachRemaining(Iterator.java:116)
	at java.util.Spliterators$IteratorSpliterator.forEachRemaining(Spliterators.java:1801)
	at java.util.stream.AbstractPipeline.copyInto(AbstractPipeline.java:482)
	at java.util.stream.AbstractPipeline.wrapAndCopyInto(AbstractPipeline.java:472)
	at java.util.stream.ForEachOps$ForEachOp.evaluateSequential(ForEachOps.java:150)
	at java.util.stream.ForEachOps$ForEachOp$OfRef.evaluateSequential(ForEachOps.java:173)
	at java.util.stream.AbstractPipeline.evaluate(AbstractPipeline.java:234)
	at java.util.stream.ReferencePipeline.forEach(ReferencePipeline.java:485)
	at org.junit.vintage.engine.VintageTestEngine.executeAllChildren(VintageTestEngine.java:82)
	at org.junit.vintage.engine.VintageTestEngine.execute(VintageTestEngine.java:73)
	at org.junit.platform.launcher.core.EngineExecutionOrchestrator.execute(EngineExecutionOrchestrator.java:108)
	at org.junit.platform.launcher.core.EngineExecutionOrchestrator.execute(EngineExecutionOrchestrator.java:88)
	at org.junit.platform.launcher.core.EngineExecutionOrchestrator.lambda$execute$0(EngineExecutionOrchestrator.java:54)
	at org.junit.platform.launcher.core.EngineExecutionOrchestrator.withInterceptedStreams(EngineExecutionOrchestrator.java:67)
	at org.junit.platform.launcher.core.EngineExecutionOrchestrator.execute(EngineExecutionOrchestrator.java:52)
	at org.junit.platform.launcher.core.DefaultLauncher.execute(DefaultLauncher.java:96)
	at org.junit.platform.launcher.core.DefaultLauncher.execute(DefaultLauncher.java:75)
	at org.apache.maven.surefire.junitplatform.JUnitPlatformProvider.invokeAllTests(JUnitPlatformProvider.java:142)
	at org.apache.maven.surefire.junitplatform.JUnitPlatformProvider.invoke(JUnitPlatformProvider.java:113)
	at org.apache.maven.surefire.booter.ForkedBooter.invokeProviderInSameClassLoader(ForkedBooter.java:384)
	at org.apache.maven.surefire.booter.ForkedBooter.runSuitesInProcess(ForkedBooter.java:345)
	at org.apache.maven.surefire.booter.ForkedBooter.execute(ForkedBooter.java:126)
	at org.apache.maven.surefire.booter.ForkedBooter.main(ForkedBooter.java:418)

Oct 21, 2021 12:14:04 AM org.apache.ratis.thirdparty.io.grpc.internal.ManagedChannelOrphanWrapper$ManagedChannelReference cleanQueue
SEVERE: *~*~*~ Channel ManagedChannelImpl{logId=229, target=10.1.0.21:37219} was not shutdown properly!!! ~*~*~*
    Make sure to call shutdown()/shutdownNow() and wait until awaitTermination() returns true.
java.lang.RuntimeException: ManagedChannel allocation site
	at org.apache.ratis.thirdparty.io.grpc.internal.ManagedChannelOrphanWrapper$ManagedChannelReference.<init>(ManagedChannelOrphanWrapper.java:93)
	at org.apache.ratis.thirdparty.io.grpc.internal.ManagedChannelOrphanWrapper.<init>(ManagedChannelOrphanWrapper.java:53)
	at org.apache.ratis.thirdparty.io.grpc.internal.ManagedChannelOrphanWrapper.<init>(ManagedChannelOrphanWrapper.java:44)
	at org.apache.ratis.thirdparty.io.grpc.internal.ManagedChannelImplBuilder.build(ManagedChannelImplBuilder.java:596)
	at org.apache.ratis.thirdparty.io.grpc.ForwardingChannelBuilder.build(ForwardingChannelBuilder.java:255)
	at org.apache.hadoop.hdds.scm.XceiverClientGrpc.connectToDatanode(XceiverClientGrpc.java:193)
	at org.apache.hadoop.hdds.scm.XceiverClientGrpc.connect(XceiverClientGrpc.java:142)
	at org.apache.hadoop.hdds.scm.XceiverClientManager$2.call(XceiverClientManager.java:237)
	at org.apache.hadoop.hdds.scm.XceiverClientManager$2.call(XceiverClientManager.java:221)
	at com.google.common.cache.LocalCache$LocalManualCache$1.load(LocalCache.java:4864)
	at com.google.common.cache.LocalCache$LoadingValueReference.loadFuture(LocalCache.java:3529)
	at com.google.common.cache.LocalCache$Segment.loadSync(LocalCache.java:2278)
	at com.google.common.cache.LocalCache$Segment.lockedGetOrLoad(LocalCache.java:2155)
	at com.google.common.cache.LocalCache$Segment.get(LocalCache.java:2045)
	at com.google.common.cache.LocalCache.get(LocalCache.java:3962)
	at com.google.common.cache.LocalCache$LocalManualCache.get(LocalCache.java:4859)
	at org.apache.hadoop.hdds.scm.XceiverClientManager.getClient(XceiverClientManager.java:221)
	at org.apache.hadoop.hdds.scm.XceiverClientManager.acquireClient(XceiverClientManager.java:165)
	at org.apache.hadoop.hdds.scm.XceiverClientManager.acquireClientForReadData(XceiverClientManager.java:154)
	at org.apache.hadoop.hdds.scm.storage.BlockInputStream.acquireClient(BlockInputStream.java:235)
	at org.apache.hadoop.hdds.scm.storage.BlockInputStream.getChunkInfos(BlockInputStream.java:209)
	at org.apache.hadoop.hdds.scm.storage.BlockInputStream.initialize(BlockInputStream.java:147)
	at org.apache.hadoop.hdds.scm.storage.BlockInputStream.readWithStrategy(BlockInputStream.java:294)
	at org.apache.hadoop.hdds.scm.storage.BlockInputStream.read(BlockInputStream.java:277)
	at org.apache.hadoop.hdds.scm.storage.ByteArrayReader.readFromBlock(ByteArrayReader.java:57)
	at org.apache.hadoop.ozone.client.io.KeyInputStream.readWithStrategy(KeyInputStream.java:262)
	at org.apache.hadoop.ozone.client.io.KeyInputStream.read(KeyInputStream.java:230)
	at org.apache.hadoop.ozone.client.io.OzoneInputStream.read(OzoneInputStream.java:55)
	at java.io.InputStream.read(InputStream.java:101)
	at org.apache.hadoop.ozone.container.TestHelper.validateData(TestHelper.java:146)
	at org.apache.hadoop.ozone.client.rpc.TestWatchForCommit.validateData(TestWatchForCommit.java:382)
	at org.apache.hadoop.ozone.client.rpc.TestWatchForCommit.testWatchForCommitWithKeyWrite(TestWatchForCommit.java:246)
	at sun.reflect.NativeMethodAccessorImpl.invoke0(Native Method)
	at sun.reflect.NativeMethodAccessorImpl.invoke(NativeMethodAccessorImpl.java:62)
	at sun.reflect.DelegatingMethodAccessorImpl.invoke(DelegatingMethodAccessorImpl.java:43)
	at java.lang.reflect.Method.invoke(Method.java:498)
	at org.junit.runners.model.FrameworkMethod$1.runReflectiveCall(FrameworkMethod.java:59)
	at org.junit.internal.runners.model.ReflectiveCallable.run(ReflectiveCallable.java:12)
	at org.junit.runners.model.FrameworkMethod.invokeExplosively(FrameworkMethod.java:56)
	at org.junit.internal.runners.statements.InvokeMethod.evaluate(InvokeMethod.java:17)
	at org.junit.internal.runners.statements.RunBefores.evaluate(RunBefores.java:26)
	at org.junit.internal.runners.statements.RunAfters.evaluate(RunAfters.java:27)
	at org.junit.runners.ParentRunner$3.evaluate(ParentRunner.java:306)
	at org.junit.runners.BlockJUnit4ClassRunner$1.evaluate(BlockJUnit4ClassRunner.java:100)
	at org.junit.runners.ParentRunner.runLeaf(ParentRunner.java:366)
	at org.junit.runners.BlockJUnit4ClassRunner.runChild(BlockJUnit4ClassRunner.java:103)
	at org.junit.runners.BlockJUnit4ClassRunner.runChild(BlockJUnit4ClassRunner.java:63)
	at org.junit.runners.ParentRunner$4.run(ParentRunner.java:331)
	at org.junit.runners.ParentRunner$1.schedule(ParentRunner.java:79)
	at org.junit.runners.ParentRunner.runChildren(ParentRunner.java:329)
	at org.junit.runners.ParentRunner.access$100(ParentRunner.java:66)
	at org.junit.runners.ParentRunner$2.evaluate(ParentRunner.java:293)
	at org.junit.runners.ParentRunner$3.evaluate(ParentRunner.java:306)
	at org.junit.runners.ParentRunner.run(ParentRunner.java:413)
	at org.junit.runner.JUnitCore.run(JUnitCore.java:137)
	at org.junit.runner.JUnitCore.run(JUnitCore.java:115)
	at org.junit.vintage.engine.execution.RunnerExecutor.execute(RunnerExecutor.java:43)
	at java.util.stream.ForEachOps$ForEachOp$OfRef.accept(ForEachOps.java:183)
	at java.util.stream.ReferencePipeline$3$1.accept(ReferencePipeline.java:193)
	at java.util.Iterator.forEachRemaining(Iterator.java:116)
	at java.util.Spliterators$IteratorSpliterator.forEachRemaining(Spliterators.java:1801)
	at java.util.stream.AbstractPipeline.copyInto(AbstractPipeline.java:482)
	at java.util.stream.AbstractPipeline.wrapAndCopyInto(AbstractPipeline.java:472)
	at java.util.stream.ForEachOps$ForEachOp.evaluateSequential(ForEachOps.java:150)
	at java.util.stream.ForEachOps$ForEachOp$OfRef.evaluateSequential(ForEachOps.java:173)
	at java.util.stream.AbstractPipeline.evaluate(AbstractPipeline.java:234)
	at java.util.stream.ReferencePipeline.forEach(ReferencePipeline.java:485)
	at org.junit.vintage.engine.VintageTestEngine.executeAllChildren(VintageTestEngine.java:82)
	at org.junit.vintage.engine.VintageTestEngine.execute(VintageTestEngine.java:73)
	at org.junit.platform.launcher.core.EngineExecutionOrchestrator.execute(EngineExecutionOrchestrator.java:108)
	at org.junit.platform.launcher.core.EngineExecutionOrchestrator.execute(EngineExecutionOrchestrator.java:88)
	at org.junit.platform.launcher.core.EngineExecutionOrchestrator.lambda$execute$0(EngineExecutionOrchestrator.java:54)
	at org.junit.platform.launcher.core.EngineExecutionOrchestrator.withInterceptedStreams(EngineExecutionOrchestrator.java:67)
	at org.junit.platform.launcher.core.EngineExecutionOrchestrator.execute(EngineExecutionOrchestrator.java:52)
	at org.junit.platform.launcher.core.DefaultLauncher.execute(DefaultLauncher.java:96)
	at org.junit.platform.launcher.core.DefaultLauncher.execute(DefaultLauncher.java:75)
	at org.apache.maven.surefire.junitplatform.JUnitPlatformProvider.invokeAllTests(JUnitPlatformProvider.java:142)
	at org.apache.maven.surefire.junitplatform.JUnitPlatformProvider.invoke(JUnitPlatformProvider.java:113)
	at org.apache.maven.surefire.booter.ForkedBooter.invokeProviderInSameClassLoader(ForkedBooter.java:384)
	at org.apache.maven.surefire.booter.ForkedBooter.runSuitesInProcess(ForkedBooter.java:345)
	at org.apache.maven.surefire.booter.ForkedBooter.execute(ForkedBooter.java:126)
	at org.apache.maven.surefire.booter.ForkedBooter.main(ForkedBooter.java:418)

Oct 21, 2021 12:14:04 AM org.apache.ratis.thirdparty.io.grpc.internal.ManagedChannelOrphanWrapper$ManagedChannelReference cleanQueue
SEVERE: *~*~*~ Channel ManagedChannelImpl{logId=224, target=10.1.0.21:46549} was not shutdown properly!!! ~*~*~*
    Make sure to call shutdown()/shutdownNow() and wait until awaitTermination() returns true.
java.lang.RuntimeException: ManagedChannel allocation site
	at org.apache.ratis.thirdparty.io.grpc.internal.ManagedChannelOrphanWrapper$ManagedChannelReference.<init>(ManagedChannelOrphanWrapper.java:93)
	at org.apache.ratis.thirdparty.io.grpc.internal.ManagedChannelOrphanWrapper.<init>(ManagedChannelOrphanWrapper.java:53)
	at org.apache.ratis.thirdparty.io.grpc.internal.ManagedChannelOrphanWrapper.<init>(ManagedChannelOrphanWrapper.java:44)
	at org.apache.ratis.thirdparty.io.grpc.internal.ManagedChannelImplBuilder.build(ManagedChannelImplBuilder.java:596)
	at org.apache.ratis.thirdparty.io.grpc.ForwardingChannelBuilder.build(ForwardingChannelBuilder.java:255)
	at org.apache.ratis.grpc.client.GrpcClientProtocolClient.buildChannel(GrpcClientProtocolClient.java:159)
	at org.apache.ratis.grpc.client.GrpcClientProtocolClient.<init>(GrpcClientProtocolClient.java:111)
	at org.apache.ratis.grpc.client.GrpcClientRpc.lambda$new$0(GrpcClientRpc.java:57)
	at org.apache.ratis.util.PeerProxyMap$PeerAndProxy.lambda$getProxy$0(PeerProxyMap.java:63)
	at org.apache.ratis.util.LifeCycle.startAndTransition(LifeCycle.java:270)
	at org.apache.ratis.util.PeerProxyMap$PeerAndProxy.getProxy(PeerProxyMap.java:62)
	at org.apache.ratis.util.PeerProxyMap.getProxy(PeerProxyMap.java:114)
	at org.apache.ratis.grpc.client.GrpcClientRpc.sendRequestAsync(GrpcClientRpc.java:67)
	at org.apache.ratis.client.impl.OrderedAsync.sendRequest(OrderedAsync.java:236)
	at org.apache.ratis.client.impl.OrderedAsync.sendRequestWithRetry(OrderedAsync.java:189)
	at org.apache.ratis.util.SlidingWindow$Client.sendOrDelayRequest(SlidingWindow.java:280)
	at org.apache.ratis.util.SlidingWindow$Client.submitNewRequest(SlidingWindow.java:259)
	at org.apache.ratis.client.impl.OrderedAsync.send(OrderedAsync.java:170)
	at org.apache.ratis.client.impl.OrderedAsync.newInstance(OrderedAsync.java:118)
	at org.apache.ratis.client.impl.RaftClientImpl.lambda$new$0(RaftClientImpl.java:162)
	at org.apache.ratis.util.MemoizedSupplier.get(MemoizedSupplier.java:62)
	at org.apache.ratis.client.impl.RaftClientImpl.getOrderedAsync(RaftClientImpl.java:215)
	at org.apache.ratis.client.impl.AsyncImpl.send(AsyncImpl.java:41)
	at org.apache.ratis.client.impl.AsyncImpl.send(AsyncImpl.java:46)
	at org.apache.hadoop.hdds.scm.XceiverClientRatis.lambda$sendRequestAsync$3(XceiverClientRatis.java:225)
	at org.apache.hadoop.hdds.tracing.TracingUtil.executeInNewSpan(TracingUtil.java:159)
	at org.apache.hadoop.hdds.scm.XceiverClientRatis.sendRequestAsync(XceiverClientRatis.java:210)
	at org.apache.hadoop.hdds.scm.XceiverClientRatis.sendCommandAsync(XceiverClientRatis.java:306)
	at org.apache.hadoop.hdds.scm.storage.ContainerProtocolCalls.writeChunkAsync(ContainerProtocolCalls.java:305)
	at org.apache.hadoop.hdds.scm.storage.BlockOutputStream.writeChunkToContainer(BlockOutputStream.java:658)
	at org.apache.hadoop.hdds.scm.storage.BlockOutputStream.writeChunk(BlockOutputStream.java:502)
	at org.apache.hadoop.hdds.scm.storage.BlockOutputStream.writeOnRetry(BlockOutputStream.java:306)
	at org.apache.hadoop.ozone.client.io.BlockOutputStreamEntry.writeOnRetry(BlockOutputStreamEntry.java:123)
	at org.apache.hadoop.ozone.client.io.KeyOutputStream.writeToOutputStream(KeyOutputStream.java:253)
	at org.apache.hadoop.ozone.client.io.KeyOutputStream.handleWrite(KeyOutputStream.java:233)
	at org.apache.hadoop.ozone.client.io.KeyOutputStream.handleRetry(KeyOutputStream.java:415)
	at org.apache.hadoop.ozone.client.io.KeyOutputStream.handleException(KeyOutputStream.java:360)
	at org.apache.hadoop.ozone.client.io.KeyOutputStream.handleFlushOrClose(KeyOutputStream.java:471)
	at org.apache.hadoop.ozone.client.io.KeyOutputStream.handleWrite(KeyOutputStream.java:237)
	at org.apache.hadoop.ozone.client.io.KeyOutputStream.write(KeyOutputStream.java:213)
	at org.apache.hadoop.ozone.client.io.OzoneOutputStream.write(OzoneOutputStream.java:50)
	at java.io.OutputStream.write(OutputStream.java:75)
	at org.apache.hadoop.ozone.client.rpc.TestWatchForCommit.testWatchForCommitWithKeyWrite(TestWatchForCommit.java:226)
	at sun.reflect.NativeMethodAccessorImpl.invoke0(Native Method)
	at sun.reflect.NativeMethodAccessorImpl.invoke(NativeMethodAccessorImpl.java:62)
	at sun.reflect.DelegatingMethodAccessorImpl.invoke(DelegatingMethodAccessorImpl.java:43)
	at java.lang.reflect.Method.invoke(Method.java:498)
	at org.junit.runners.model.FrameworkMethod$1.runReflectiveCall(FrameworkMethod.java:59)
	at org.junit.internal.runners.model.ReflectiveCallable.run(ReflectiveCallable.java:12)
	at org.junit.runners.model.FrameworkMethod.invokeExplosively(FrameworkMethod.java:56)
	at org.junit.internal.runners.statements.InvokeMethod.evaluate(InvokeMethod.java:17)
	at org.junit.internal.runners.statements.RunBefores.evaluate(RunBefores.java:26)
	at org.junit.internal.runners.statements.RunAfters.evaluate(RunAfters.java:27)
	at org.junit.runners.ParentRunner$3.evaluate(ParentRunner.java:306)
	at org.junit.runners.BlockJUnit4ClassRunner$1.evaluate(BlockJUnit4ClassRunner.java:100)
	at org.junit.runners.ParentRunner.runLeaf(ParentRunner.java:366)
	at org.junit.runners.BlockJUnit4ClassRunner.runChild(BlockJUnit4ClassRunner.java:103)
	at org.junit.runners.BlockJUnit4ClassRunner.runChild(BlockJUnit4ClassRunner.java:63)
	at org.junit.runners.ParentRunner$4.run(ParentRunner.java:331)
	at org.junit.runners.ParentRunner$1.schedule(ParentRunner.java:79)
	at org.junit.runners.ParentRunner.runChildren(ParentRunner.java:329)
	at org.junit.runners.ParentRunner.access$100(ParentRunner.java:66)
	at org.junit.runners.ParentRunner$2.evaluate(ParentRunner.java:293)
	at org.junit.runners.ParentRunner$3.evaluate(ParentRunner.java:306)
	at org.junit.runners.ParentRunner.run(ParentRunner.java:413)
	at org.junit.runner.JUnitCore.run(JUnitCore.java:137)
	at org.junit.runner.JUnitCore.run(JUnitCore.java:115)
	at org.junit.vintage.engine.execution.RunnerExecutor.execute(RunnerExecutor.java:43)
	at java.util.stream.ForEachOps$ForEachOp$OfRef.accept(ForEachOps.java:183)
	at java.util.stream.ReferencePipeline$3$1.accept(ReferencePipeline.java:193)
	at java.util.Iterator.forEachRemaining(Iterator.java:116)
	at java.util.Spliterators$IteratorSpliterator.forEachRemaining(Spliterators.java:1801)
	at java.util.stream.AbstractPipeline.copyInto(AbstractPipeline.java:482)
	at java.util.stream.AbstractPipeline.wrapAndCopyInto(AbstractPipeline.java:472)
	at java.util.stream.ForEachOps$ForEachOp.evaluateSequential(ForEachOps.java:150)
	at java.util.stream.ForEachOps$ForEachOp$OfRef.evaluateSequential(ForEachOps.java:173)
	at java.util.stream.AbstractPipeline.evaluate(AbstractPipeline.java:234)
	at java.util.stream.ReferencePipeline.forEach(ReferencePipeline.java:485)
	at org.junit.vintage.engine.VintageTestEngine.executeAllChildren(VintageTestEngine.java:82)
	at org.junit.vintage.engine.VintageTestEngine.execute(VintageTestEngine.java:73)
	at org.junit.platform.launcher.core.EngineExecutionOrchestrator.execute(EngineExecutionOrchestrator.java:108)
	at org.junit.platform.launcher.core.EngineExecutionOrchestrator.execute(EngineExecutionOrchestrator.java:88)
	at org.junit.platform.launcher.core.EngineExecutionOrchestrator.lambda$execute$0(EngineExecutionOrchestrator.java:54)
	at org.junit.platform.launcher.core.EngineExecutionOrchestrator.withInterceptedStreams(EngineExecutionOrchestrator.java:67)
	at org.junit.platform.launcher.core.EngineExecutionOrchestrator.execute(EngineExecutionOrchestrator.java:52)
	at org.junit.platform.launcher.core.DefaultLauncher.execute(DefaultLauncher.java:96)
	at org.junit.platform.launcher.core.DefaultLauncher.execute(DefaultLauncher.java:75)
	at org.apache.maven.surefire.junitplatform.JUnitPlatformProvider.invokeAllTests(JUnitPlatformProvider.java:142)
	at org.apache.maven.surefire.junitplatform.JUnitPlatformProvider.invoke(JUnitPlatformProvider.java:113)
	at org.apache.maven.surefire.booter.ForkedBooter.invokeProviderInSameClassLoader(ForkedBooter.java:384)
	at org.apache.maven.surefire.booter.ForkedBooter.runSuitesInProcess(ForkedBooter.java:345)
	at org.apache.maven.surefire.booter.ForkedBooter.execute(ForkedBooter.java:126)
	at org.apache.maven.surefire.booter.ForkedBooter.main(ForkedBooter.java:418)

Oct 21, 2021 12:14:04 AM org.apache.ratis.thirdparty.io.grpc.internal.ManagedChannelOrphanWrapper$ManagedChannelReference cleanQueue
SEVERE: *~*~*~ Channel ManagedChannelImpl{logId=219, target=10.1.0.21:39993} was not shutdown properly!!! ~*~*~*
    Make sure to call shutdown()/shutdownNow() and wait until awaitTermination() returns true.
java.lang.RuntimeException: ManagedChannel allocation site
	at org.apache.ratis.thirdparty.io.grpc.internal.ManagedChannelOrphanWrapper$ManagedChannelReference.<init>(ManagedChannelOrphanWrapper.java:93)
	at org.apache.ratis.thirdparty.io.grpc.internal.ManagedChannelOrphanWrapper.<init>(ManagedChannelOrphanWrapper.java:53)
	at org.apache.ratis.thirdparty.io.grpc.internal.ManagedChannelOrphanWrapper.<init>(ManagedChannelOrphanWrapper.java:44)
	at org.apache.ratis.thirdparty.io.grpc.internal.ManagedChannelImplBuilder.build(ManagedChannelImplBuilder.java:596)
	at org.apache.ratis.thirdparty.io.grpc.ForwardingChannelBuilder.build(ForwardingChannelBuilder.java:255)
	at org.apache.ratis.grpc.client.GrpcClientProtocolClient.buildChannel(GrpcClientProtocolClient.java:159)
	at org.apache.ratis.grpc.client.GrpcClientProtocolClient.<init>(GrpcClientProtocolClient.java:111)
	at org.apache.ratis.grpc.client.GrpcClientRpc.lambda$new$0(GrpcClientRpc.java:57)
	at org.apache.ratis.util.PeerProxyMap$PeerAndProxy.lambda$getProxy$0(PeerProxyMap.java:63)
	at org.apache.ratis.util.LifeCycle.startAndTransition(LifeCycle.java:270)
	at org.apache.ratis.util.PeerProxyMap$PeerAndProxy.getProxy(PeerProxyMap.java:62)
	at org.apache.ratis.util.PeerProxyMap.getProxy(PeerProxyMap.java:114)
	at org.apache.ratis.grpc.client.GrpcClientRpc.sendRequestAsync(GrpcClientRpc.java:67)
	at org.apache.ratis.client.impl.OrderedAsync.sendRequest(OrderedAsync.java:236)
	at org.apache.ratis.client.impl.OrderedAsync.sendRequestWithRetry(OrderedAsync.java:189)
	at org.apache.ratis.util.SlidingWindow$Client.sendOrDelayRequest(SlidingWindow.java:280)
	at org.apache.ratis.util.SlidingWindow$Client.retry(SlidingWindow.java:296)
	at org.apache.ratis.client.impl.OrderedAsync.lambda$scheduleWithTimeout$7(OrderedAsync.java:223)
	at org.apache.ratis.util.TimeoutScheduler.lambda$onTimeout$0(TimeoutScheduler.java:141)
	at org.apache.ratis.util.TimeoutScheduler.lambda$onTimeout$1(TimeoutScheduler.java:155)
	at org.apache.ratis.util.LogUtils.runAndLog(LogUtils.java:38)
	at org.apache.ratis.util.LogUtils$1.run(LogUtils.java:79)
	at java.util.concurrent.Executors$RunnableAdapter.call(Executors.java:511)
	at java.util.concurrent.FutureTask.run(FutureTask.java:266)
	at java.util.concurrent.ScheduledThreadPoolExecutor$ScheduledFutureTask.access$201(ScheduledThreadPoolExecutor.java:180)
	at java.util.concurrent.ScheduledThreadPoolExecutor$ScheduledFutureTask.run(ScheduledThreadPoolExecutor.java:293)
	at java.util.concurrent.ThreadPoolExecutor.runWorker(ThreadPoolExecutor.java:1149)
	at java.util.concurrent.ThreadPoolExecutor$Worker.run(ThreadPoolExecutor.java:624)
	at java.lang.Thread.run(Thread.java:748)

Oct 21, 2021 12:14:04 AM org.apache.ratis.thirdparty.io.grpc.internal.ManagedChannelOrphanWrapper$ManagedChannelReference cleanQueue
SEVERE: *~*~*~ Channel ManagedChannelImpl{logId=231, target=10.1.0.21:44833} was not shutdown properly!!! ~*~*~*
    Make sure to call shutdown()/shutdownNow() and wait until awaitTermination() returns true.
java.lang.RuntimeException: ManagedChannel allocation site
	at org.apache.ratis.thirdparty.io.grpc.internal.ManagedChannelOrphanWrapper$ManagedChannelReference.<init>(ManagedChannelOrphanWrapper.java:93)
	at org.apache.ratis.thirdparty.io.grpc.internal.ManagedChannelOrphanWrapper.<init>(ManagedChannelOrphanWrapper.java:53)
	at org.apache.ratis.thirdparty.io.grpc.internal.ManagedChannelOrphanWrapper.<init>(ManagedChannelOrphanWrapper.java:44)
	at org.apache.ratis.thirdparty.io.grpc.internal.ManagedChannelImplBuilder.build(ManagedChannelImplBuilder.java:596)
	at org.apache.ratis.thirdparty.io.grpc.ForwardingChannelBuilder.build(ForwardingChannelBuilder.java:255)
	at org.apache.hadoop.hdds.scm.XceiverClientGrpc.connectToDatanode(XceiverClientGrpc.java:193)
	at org.apache.hadoop.hdds.scm.XceiverClientGrpc.reconnect(XceiverClientGrpc.java:551)
	at org.apache.hadoop.hdds.scm.XceiverClientGrpc.checkOpen(XceiverClientGrpc.java:542)
	at org.apache.hadoop.hdds.scm.XceiverClientGrpc.sendCommandAsync(XceiverClientGrpc.java:470)
	at org.apache.hadoop.hdds.scm.XceiverClientGrpc.sendCommandWithRetry(XceiverClientGrpc.java:377)
	at org.apache.hadoop.hdds.scm.XceiverClientGrpc.lambda$sendCommandWithTraceIDAndRetry$0(XceiverClientGrpc.java:317)
	at org.apache.hadoop.hdds.tracing.TracingUtil.executeInSpan(TracingUtil.java:174)
	at org.apache.hadoop.hdds.tracing.TracingUtil.executeInNewSpan(TracingUtil.java:148)
	at org.apache.hadoop.hdds.scm.XceiverClientGrpc.sendCommandWithTraceIDAndRetry(XceiverClientGrpc.java:311)
	at org.apache.hadoop.hdds.scm.XceiverClientGrpc.sendCommand(XceiverClientGrpc.java:292)
	at org.apache.hadoop.hdds.scm.storage.ContainerProtocolCalls.getBlock(ContainerProtocolCalls.java:106)
	at org.apache.hadoop.hdds.scm.storage.BlockInputStream.getChunkInfos(BlockInputStream.java:221)
	at org.apache.hadoop.hdds.scm.storage.BlockInputStream.initialize(BlockInputStream.java:147)
	at org.apache.hadoop.hdds.scm.storage.BlockInputStream.readWithStrategy(BlockInputStream.java:294)
	at org.apache.hadoop.hdds.scm.storage.BlockInputStream.read(BlockInputStream.java:277)
	at org.apache.hadoop.hdds.scm.storage.ByteArrayReader.readFromBlock(ByteArrayReader.java:57)
	at org.apache.hadoop.ozone.client.io.KeyInputStream.readWithStrategy(KeyInputStream.java:262)
	at org.apache.hadoop.ozone.client.io.KeyInputStream.read(KeyInputStream.java:230)
	at org.apache.hadoop.ozone.client.io.OzoneInputStream.read(OzoneInputStream.java:55)
	at java.io.InputStream.read(InputStream.java:101)
	at org.apache.hadoop.ozone.container.TestHelper.validateData(TestHelper.java:146)
	at org.apache.hadoop.ozone.client.rpc.TestWatchForCommit.validateData(TestWatchForCommit.java:382)
	at org.apache.hadoop.ozone.client.rpc.TestWatchForCommit.testWatchForCommitWithKeyWrite(TestWatchForCommit.java:246)
	at sun.reflect.NativeMethodAccessorImpl.invoke0(Native Method)
	at sun.reflect.NativeMethodAccessorImpl.invoke(NativeMethodAccessorImpl.java:62)
	at sun.reflect.DelegatingMethodAccessorImpl.invoke(DelegatingMethodAccessorImpl.java:43)
	at java.lang.reflect.Method.invoke(Method.java:498)
	at org.junit.runners.model.FrameworkMethod$1.runReflectiveCall(FrameworkMethod.java:59)
	at org.junit.internal.runners.model.ReflectiveCallable.run(ReflectiveCallable.java:12)
	at org.junit.runners.model.FrameworkMethod.invokeExplosively(FrameworkMethod.java:56)
	at org.junit.internal.runners.statements.InvokeMethod.evaluate(InvokeMethod.java:17)
	at org.junit.internal.runners.statements.RunBefores.evaluate(RunBefores.java:26)
	at org.junit.internal.runners.statements.RunAfters.evaluate(RunAfters.java:27)
	at org.junit.runners.ParentRunner$3.evaluate(ParentRunner.java:306)
	at org.junit.runners.BlockJUnit4ClassRunner$1.evaluate(BlockJUnit4ClassRunner.java:100)
	at org.junit.runners.ParentRunner.runLeaf(ParentRunner.java:366)
	at org.junit.runners.BlockJUnit4ClassRunner.runChild(BlockJUnit4ClassRunner.java:103)
	at org.junit.runners.BlockJUnit4ClassRunner.runChild(BlockJUnit4ClassRunner.java:63)
	at org.junit.runners.ParentRunner$4.run(ParentRunner.java:331)
	at org.junit.runners.ParentRunner$1.schedule(ParentRunner.java:79)
	at org.junit.runners.ParentRunner.runChildren(ParentRunner.java:329)
	at org.junit.runners.ParentRunner.access$100(ParentRunner.java:66)
	at org.junit.runners.ParentRunner$2.evaluate(ParentRunner.java:293)
	at org.junit.runners.ParentRunner$3.evaluate(ParentRunner.java:306)
	at org.junit.runners.ParentRunner.run(ParentRunner.java:413)
	at org.junit.runner.JUnitCore.run(JUnitCore.java:137)
	at org.junit.runner.JUnitCore.run(JUnitCore.java:115)
	at org.junit.vintage.engine.execution.RunnerExecutor.execute(RunnerExecutor.java:43)
	at java.util.stream.ForEachOps$ForEachOp$OfRef.accept(ForEachOps.java:183)
	at java.util.stream.ReferencePipeline$3$1.accept(ReferencePipeline.java:193)
	at java.util.Iterator.forEachRemaining(Iterator.java:116)
	at java.util.Spliterators$IteratorSpliterator.forEachRemaining(Spliterators.java:1801)
	at java.util.stream.AbstractPipeline.copyInto(AbstractPipeline.java:482)
	at java.util.stream.AbstractPipeline.wrapAndCopyInto(AbstractPipeline.java:472)
	at java.util.stream.ForEachOps$ForEachOp.evaluateSequential(ForEachOps.java:150)
	at java.util.stream.ForEachOps$ForEachOp$OfRef.evaluateSequential(ForEachOps.java:173)
	at java.util.stream.AbstractPipeline.evaluate(AbstractPipeline.java:234)
	at java.util.stream.ReferencePipeline.forEach(ReferencePipeline.java:485)
	at org.junit.vintage.engine.VintageTestEngine.executeAllChildren(VintageTestEngine.java:82)
	at org.junit.vintage.engine.VintageTestEngine.execute(VintageTestEngine.java:73)
	at org.junit.platform.launcher.core.EngineExecutionOrchestrator.execute(EngineExecutionOrchestrator.java:108)
	at org.junit.platform.launcher.core.EngineExecutionOrchestrator.execute(EngineExecutionOrchestrator.java:88)
	at org.junit.platform.launcher.core.EngineExecutionOrchestrator.lambda$execute$0(EngineExecutionOrchestrator.java:54)
	at org.junit.platform.launcher.core.EngineExecutionOrchestrator.withInterceptedStreams(EngineExecutionOrchestrator.java:67)
	at org.junit.platform.launcher.core.EngineExecutionOrchestrator.execute(EngineExecutionOrchestrator.java:52)
	at org.junit.platform.launcher.core.DefaultLauncher.execute(DefaultLauncher.java:96)
	at org.junit.platform.launcher.core.DefaultLauncher.execute(DefaultLauncher.java:75)
	at org.apache.maven.surefire.junitplatform.JUnitPlatformProvider.invokeAllTests(JUnitPlatformProvider.java:142)
	at org.apache.maven.surefire.junitplatform.JUnitPlatformProvider.invoke(JUnitPlatformProvider.java:113)
	at org.apache.maven.surefire.booter.ForkedBooter.invokeProviderInSameClassLoader(ForkedBooter.java:384)
	at org.apache.maven.surefire.booter.ForkedBooter.runSuitesInProcess(ForkedBooter.java:345)
	at org.apache.maven.surefire.booter.ForkedBooter.execute(ForkedBooter.java:126)
	at org.apache.maven.surefire.booter.ForkedBooter.main(ForkedBooter.java:418)

]]></system-err>
  </testcase>
</testsuite>