<?xml version="1.0" encoding="UTF-8"?>
<testsuite xmlns:xsi="http://www.w3.org/2001/XMLSchema-instance" xsi:noNamespaceSchemaLocation="https://maven.apache.org/surefire/maven-surefire-plugin/xsd/surefire-test-report-3.0.xsd" version="3.0" name="org.apache.hadoop.fs.ozone.TestOzoneFileSystemWithFSO" time="88.684" tests="96" errors="0" skipped="10" failures="1">
  <properties>
    <property name="awt.toolkit" value="sun.awt.X11.XToolkit"/>
    <property name="file.encoding.pkg" value="sun.io"/>
    <property name="java.specification.version" value="1.8"/>
    <property name="sun.cpu.isalist" value=""/>
    <property name="sun.jnu.encoding" value="UTF-8"/>
    <property name="java.class.path" value="/home/runner/work/ozone/ozone/hadoop-ozone/integration-test/target/test-classes:/home/runner/work/ozone/ozone/hadoop-ozone/integration-test/target/classes:/home/runner/.m2/repository/org/apache/ozone/ozone-common/1.4.0-SNAPSHOT/ozone-common-1.4.0-SNAPSHOT.jar:/home/runner/.m2/repository/io/grpc/grpc-netty/1.51.1/grpc-netty-1.51.1.jar:/home/runner/.m2/repository/io/grpc/grpc-core/1.51.1/grpc-core-1.51.1.jar:/home/runner/.m2/repository/com/google/android/annotations/4.1.1.4/annotations-4.1.1.4.jar:/home/runner/.m2/repository/org/codehaus/mojo/animal-sniffer-annotations/1.21/animal-sniffer-annotations-1.21.jar:/home/runner/.m2/repository/com/google/errorprone/error_prone_annotations/2.2.0/error_prone_annotations-2.2.0.jar:/home/runner/.m2/repository/io/perfmark/perfmark-api/0.25.0/perfmark-api-0.25.0.jar:/home/runner/.m2/repository/io/netty/netty-codec-http2/4.1.86.Final/netty-codec-http2-4.1.86.Final.jar:/home/runner/.m2/repository/io/netty/netty-common/4.1.86.Final/netty-common-4.1.86.Final.jar:/home/runner/.m2/repository/io/netty/netty-buffer/4.1.86.Final/netty-buffer-4.1.86.Final.jar:/home/runner/.m2/repository/io/netty/netty-codec-http/4.1.86.Final/netty-codec-http-4.1.86.Final.jar:/home/runner/.m2/repository/io/netty/netty-handler-proxy/4.1.86.Final/netty-handler-proxy-4.1.86.Final.jar:/home/runner/.m2/repository/io/netty/netty-codec-socks/4.1.86.Final/netty-codec-socks-4.1.86.Final.jar:/home/runner/.m2/repository/io/netty/netty-tcnative-boringssl-static/2.0.54.Final/netty-tcnative-boringssl-static-2.0.54.Final.jar:/home/runner/.m2/repository/io/netty/netty-tcnative-classes/2.0.54.Final/netty-tcnative-classes-2.0.54.Final.jar:/home/runner/.m2/repository/io/netty/netty-tcnative-boringssl-static/2.0.54.Final/netty-tcnative-boringssl-static-2.0.54.Final-linux-x86_64.jar:/home/runner/.m2/repository/io/netty/netty-tcnative-boringssl-static/2.0.54.Final/netty-tcnative-boringssl-static-2.0.54.Final-linux-aarch_64.jar:/home/runner/.m2/repository/io/netty/netty-tcnative-boringssl-static/2.0.54.Final/netty-tcnative-boringssl-static-2.0.54.Final-osx-x86_64.jar:/home/runner/.m2/repository/io/netty/netty-tcnative-boringssl-static/2.0.54.Final/netty-tcnative-boringssl-static-2.0.54.Final-osx-aarch_64.jar:/home/runner/.m2/repository/io/netty/netty-tcnative-boringssl-static/2.0.54.Final/netty-tcnative-boringssl-static-2.0.54.Final-windows-x86_64.jar:/home/runner/.m2/repository/org/apache/commons/commons-compress/1.21/commons-compress-1.21.jar:/home/runner/.m2/repository/org/apache/ozone/hdds-common/1.4.0-SNAPSHOT/hdds-common-1.4.0-SNAPSHOT.jar:/home/runner/.m2/repository/org/apache/ozone/hdds-client/1.4.0-SNAPSHOT/hdds-client-1.4.0-SNAPSHOT.jar:/home/runner/.m2/repository/org/apache/ozone/ozone-interface-client/1.4.0-SNAPSHOT/ozone-interface-client-1.4.0-SNAPSHOT.jar:/home/runner/.m2/repository/org/apache/ozone/hdds-test-utils/1.4.0-SNAPSHOT/hdds-test-utils-1.4.0-SNAPSHOT.jar:/home/runner/.m2/repository/com/google/guava/guava/31.1-jre/guava-31.1-jre.jar:/home/runner/.m2/repository/com/google/guava/failureaccess/1.0.1/failureaccess-1.0.1.jar:/home/runner/.m2/repository/com/google/guava/listenablefuture/9999.0-empty-to-avoid-conflict-with-guava/listenablefuture-9999.0-empty-to-avoid-conflict-with-guava.jar:/home/runner/.m2/repository/com/google/code/findbugs/jsr305/3.0.0/jsr305-3.0.0.jar:/home/runner/.m2/repository/org/checkerframework/checker-qual/3.12.0/checker-qual-3.12.0.jar:/home/runner/.m2/repository/com/google/j2objc/j2objc-annotations/1.3/j2objc-annotations-1.3.jar:/home/runner/.m2/repository/commons-io/commons-io/2.11.0/commons-io-2.11.0.jar:/home/runner/.m2/repository/commons-logging/commons-logging/1.2/commons-logging-1.2.jar:/home/runner/.m2/repository/ch/qos/reload4j/reload4j/1.2.22/reload4j-1.2.22.jar:/home/runner/.m2/repository/org/slf4j/slf4j-api/1.7.36/slf4j-api-1.7.36.jar:/home/runner/.m2/repository/org/apache/ozone/hdds-server-scm/1.4.0-SNAPSHOT/hdds-server-scm-1.4.0-SNAPSHOT.jar:/home/runner/.m2/repository/org/apache/ozone/hdds-container-service/1.4.0-SNAPSHOT/hdds-container-service-1.4.0-SNAPSHOT.jar:/home/runner/.m2/repository/org/apache/ozone/hdds-hadoop-dependency-server/1.4.0-SNAPSHOT/hdds-hadoop-dependency-server-1.4.0-SNAPSHOT.jar:/home/runner/.m2/repository/org/apache/hadoop/hadoop-hdfs/3.3.4/hadoop-hdfs-3.3.4.jar:/home/runner/.m2/repository/commons-daemon/commons-daemon/1.0.13/commons-daemon-1.0.13.jar:/home/runner/.m2/repository/org/apache/ozone/hdds-server-framework/1.4.0-SNAPSHOT/hdds-server-framework-1.4.0-SNAPSHOT.jar:/home/runner/.m2/repository/io/dropwizard/metrics/metrics-core/3.2.4/metrics-core-3.2.4.jar:/home/runner/.m2/repository/org/apache/commons/commons-text/1.4/commons-text-1.4.jar:/home/runner/.m2/repository/org/apache/hadoop/hadoop-hdfs-client/3.3.4/hadoop-hdfs-client-3.3.4.jar:/home/runner/.m2/repository/com/squareup/okhttp3/okhttp/4.9.3/okhttp-4.9.3.jar:/home/runner/.m2/repository/com/squareup/okio/okio/2.8.0/okio-2.8.0.jar:/home/runner/.m2/repository/org/jetbrains/kotlin/kotlin-stdlib-common/1.6.21/kotlin-stdlib-common-1.6.21.jar:/home/runner/.m2/repository/org/bouncycastle/bcprov-jdk15on/1.67/bcprov-jdk15on-1.67.jar:/home/runner/.m2/repository/com/google/protobuf/protobuf-java/2.5.0/protobuf-java-2.5.0.jar:/home/runner/.m2/repository/org/apache/ozone/hdds-server-framework/1.4.0-SNAPSHOT/hdds-server-framework-1.4.0-SNAPSHOT-tests.jar:/home/runner/.m2/repository/org/apache/ozone/hdds-interface-server/1.4.0-SNAPSHOT/hdds-interface-server-1.4.0-SNAPSHOT.jar:/home/runner/.m2/repository/org/apache/ozone/hdds-interface-admin/1.4.0-SNAPSHOT/hdds-interface-admin-1.4.0-SNAPSHOT.jar:/home/runner/.m2/repository/org/apache/ozone/hdds-managed-rocksdb/1.4.0-SNAPSHOT/hdds-managed-rocksdb-1.4.0-SNAPSHOT.jar:/home/runner/.m2/repository/org/rocksdb/rocksdbjni/7.7.3/rocksdbjni-7.7.3.jar:/home/runner/.m2/repository/org/slf4j/slf4j-reload4j/1.7.36/slf4j-reload4j-1.7.36.jar:/home/runner/.m2/repository/org/apache/commons/commons-configuration2/2.1.1/commons-configuration2-2.1.1.jar:/home/runner/.m2/repository/org/apache/logging/log4j/log4j-core/2.17.1/log4j-core-2.17.1.jar:/home/runner/.m2/repository/com/lmax/disruptor/3.4.2/disruptor-3.4.2.jar:/home/runner/.m2/repository/org/eclipse/jetty/jetty-util/9.4.49.v20220914/jetty-util-9.4.49.v20220914.jar:/home/runner/.m2/repository/org/eclipse/jetty/jetty-server/9.4.49.v20220914/jetty-server-9.4.49.v20220914.jar:/home/runner/.m2/repository/org/eclipse/jetty/jetty-http/9.4.49.v20220914/jetty-http-9.4.49.v20220914.jar:/home/runner/.m2/repository/org/eclipse/jetty/jetty-io/9.4.49.v20220914/jetty-io-9.4.49.v20220914.jar:/home/runner/.m2/repository/org/eclipse/jetty/jetty-servlet/9.4.49.v20220914/jetty-servlet-9.4.49.v20220914.jar:/home/runner/.m2/repository/org/eclipse/jetty/jetty-security/9.4.49.v20220914/jetty-security-9.4.49.v20220914.jar:/home/runner/.m2/repository/org/eclipse/jetty/jetty-util-ajax/9.4.49.v20220914/jetty-util-ajax-9.4.49.v20220914.jar:/home/runner/.m2/repository/org/eclipse/jetty/jetty-webapp/9.4.49.v20220914/jetty-webapp-9.4.49.v20220914.jar:/home/runner/.m2/repository/org/eclipse/jetty/jetty-xml/9.4.49.v20220914/jetty-xml-9.4.49.v20220914.jar:/home/runner/.m2/repository/org/apache/ratis/ratis-server/2.4.2-8b8bdda-SNAPSHOT/ratis-server-2.4.2-8b8bdda-SNAPSHOT.jar:/home/runner/.m2/repository/org/apache/ratis/ratis-thirdparty-misc/1.0.3/ratis-thirdparty-misc-1.0.3.jar:/home/runner/.m2/repository/org/apache/ratis/ratis-proto/2.4.2-8b8bdda-SNAPSHOT/ratis-proto-2.4.2-8b8bdda-SNAPSHOT.jar:/home/runner/.m2/repository/org/apache/ratis/ratis-common/2.4.2-8b8bdda-SNAPSHOT/ratis-common-2.4.2-8b8bdda-SNAPSHOT.jar:/home/runner/.m2/repository/org/apache/ratis/ratis-client/2.4.2-8b8bdda-SNAPSHOT/ratis-client-2.4.2-8b8bdda-SNAPSHOT.jar:/home/runner/.m2/repository/org/apache/ratis/ratis-server-api/2.4.2-8b8bdda-SNAPSHOT/ratis-server-api-2.4.2-8b8bdda-SNAPSHOT.jar:/home/runner/.m2/repository/org/apache/ratis/ratis-metrics/2.4.2-8b8bdda-SNAPSHOT/ratis-metrics-2.4.2-8b8bdda-SNAPSHOT.jar:/home/runner/.m2/repository/io/prometheus/simpleclient_dropwizard/0.7.0/simpleclient_dropwizard-0.7.0.jar:/home/runner/.m2/repository/io/prometheus/simpleclient/0.7.0/simpleclient-0.7.0.jar:/home/runner/.m2/repository/io/prometheus/simpleclient_common/0.7.0/simpleclient_common-0.7.0.jar:/home/runner/.m2/repository/com/fasterxml/jackson/datatype/jackson-datatype-jsr310/2.13.4/jackson-datatype-jsr310-2.13.4.jar:/home/runner/.m2/repository/com/fasterxml/jackson/core/jackson-core/2.13.4/jackson-core-2.13.4.jar:/home/runner/.m2/repository/com/github/spotbugs/spotbugs-annotations/3.1.12/spotbugs-annotations-3.1.12.jar:/home/runner/.m2/repository/org/apache/ozone/rocksdb-checkpoint-differ/1.4.0-SNAPSHOT/rocksdb-checkpoint-differ-1.4.0-SNAPSHOT.jar:/home/runner/.m2/repository/org/awaitility/awaitility/4.2.0/awaitility-4.2.0.jar:/home/runner/.m2/repository/org/hamcrest/hamcrest/2.1/hamcrest-2.1.jar:/home/runner/.m2/repository/org/apache/ozone/ozone-manager/1.4.0-SNAPSHOT/ozone-manager-1.4.0-SNAPSHOT.jar:/home/runner/.m2/repository/org/aspectj/aspectjrt/1.9.7/aspectjrt-1.9.7.jar:/home/runner/.m2/repository/org/aspectj/aspectjweaver/1.9.7/aspectjweaver-1.9.7.jar:/home/runner/.m2/repository/org/apache/ozone/hdds-interface-client/1.4.0-SNAPSHOT/hdds-interface-client-1.4.0-SNAPSHOT.jar:/home/runner/.m2/repository/org/apache/hadoop/thirdparty/hadoop-shaded-protobuf_3_7/1.1.1/hadoop-shaded-protobuf_3_7-1.1.1.jar:/home/runner/.m2/repository/org/apache/ozone/ozone-interface-storage/1.4.0-SNAPSHOT/ozone-interface-storage-1.4.0-SNAPSHOT.jar:/home/runner/.m2/repository/org/reflections/reflections/0.9.11/reflections-0.9.11.jar:/home/runner/.m2/repository/com/sun/jersey/jersey-client/1.19/jersey-client-1.19.jar:/home/runner/.m2/repository/org/apache/ranger/ranger-intg/2.3.0/ranger-intg-2.3.0.jar:/home/runner/.m2/repository/org/apache/ranger/ranger-plugins-common/2.3.0/ranger-plugins-common-2.3.0.jar:/home/runner/.m2/repository/commons-lang/commons-lang/2.6/commons-lang-2.6.jar:/home/runner/.m2/repository/org/apache/ranger/ranger-plugins-cred/2.3.0/ranger-plugins-cred-2.3.0.jar:/home/runner/.m2/repository/org/apache/ranger/ranger-plugins-audit/2.3.0/ranger-plugins-audit-2.3.0.jar:/home/runner/.m2/repository/org/eclipse/jetty/jetty-client/9.4.49.v20220914/jetty-client-9.4.49.v20220914.jar:/home/runner/.m2/repository/org/apache/httpcomponents/httpmime/4.5.6/httpmime-4.5.6.jar:/home/runner/.m2/repository/org/apache/httpcomponents/httpcore-nio/4.4.13/httpcore-nio-4.4.13.jar:/home/runner/.m2/repository/org/apache/httpcomponents/httpasyncclient/4.1.3/httpasyncclient-4.1.3.jar:/home/runner/.m2/repository/com/carrotsearch/hppc/0.8.0/hppc-0.8.0.jar:/home/runner/.m2/repository/org/apache/orc/orc-core/1.5.8/orc-core-1.5.8.jar:/home/runner/.m2/repository/net/java/dev/jna/jna/5.2.0/jna-5.2.0.jar:/home/runner/.m2/repository/net/java/dev/jna/jna-platform/5.2.0/jna-platform-5.2.0.jar:/home/runner/.m2/repository/com/kstruct/gethostname4j/0.0.2/gethostname4j-0.0.2.jar:/home/runner/.m2/repository/org/apache/ranger/ranger-plugin-classloader/2.3.0/ranger-plugin-classloader-2.3.0.jar:/home/runner/.m2/repository/org/apache/hadoop/hadoop-minikdc/3.3.4/hadoop-minikdc-3.3.4.jar:/home/runner/.m2/repository/org/apache/kerby/kerb-simplekdc/1.0.1/kerb-simplekdc-1.0.1.jar:/home/runner/.m2/repository/org/apache/kerby/kerb-client/1.0.1/kerb-client-1.0.1.jar:/home/runner/.m2/repository/org/apache/kerby/kerby-config/1.0.1/kerby-config-1.0.1.jar:/home/runner/.m2/repository/org/apache/kerby/kerb-common/1.0.1/kerb-common-1.0.1.jar:/home/runner/.m2/repository/org/apache/kerby/kerb-crypto/1.0.1/kerb-crypto-1.0.1.jar:/home/runner/.m2/repository/org/apache/kerby/kerb-util/1.0.1/kerb-util-1.0.1.jar:/home/runner/.m2/repository/org/apache/kerby/token-provider/1.0.1/token-provider-1.0.1.jar:/home/runner/.m2/repository/org/apache/kerby/kerb-admin/1.0.1/kerb-admin-1.0.1.jar:/home/runner/.m2/repository/org/apache/kerby/kerb-server/1.0.1/kerb-server-1.0.1.jar:/home/runner/.m2/repository/org/apache/kerby/kerb-identity/1.0.1/kerb-identity-1.0.1.jar:/home/runner/.m2/repository/org/apache/kerby/kerby-xdr/1.0.1/kerby-xdr-1.0.1.jar:/home/runner/.m2/repository/org/apache/ozone/ozone-s3gateway/1.4.0-SNAPSHOT/ozone-s3gateway-1.4.0-SNAPSHOT.jar:/home/runner/.m2/repository/org/javassist/javassist/3.21.0-GA/javassist-3.21.0-GA.jar:/home/runner/.m2/repository/org/jboss/weld/servlet/weld-servlet-shaded/3.1.9.Final/weld-servlet-shaded-3.1.9.Final.jar:/home/runner/.m2/repository/org/glassfish/jersey/containers/jersey-container-servlet-core/2.34/jersey-container-servlet-core-2.34.jar:/home/runner/.m2/repository/org/glassfish/hk2/external/jakarta.inject/2.6.1/jakarta.inject-2.6.1.jar:/home/runner/.m2/repository/org/glassfish/jersey/core/jersey-common/2.34/jersey-common-2.34.jar:/home/runner/.m2/repository/jakarta/ws/rs/jakarta.ws.rs-api/2.1.6/jakarta.ws.rs-api-2.1.6.jar:/home/runner/.m2/repository/org/glassfish/jersey/ext/cdi/jersey-cdi1x/2.34/jersey-cdi1x-2.34.jar:/home/runner/.m2/repository/org/glassfish/jersey/inject/jersey-hk2/2.34/jersey-hk2-2.34.jar:/home/runner/.m2/repository/org/glassfish/hk2/hk2-locator/2.6.1/hk2-locator-2.6.1.jar:/home/runner/.m2/repository/org/glassfish/jersey/media/jersey-media-jaxb/2.34/jersey-media-jaxb-2.34.jar:/home/runner/.m2/repository/org/glassfish/hk2/osgi-resource-locator/1.0.3/osgi-resource-locator-1.0.3.jar:/home/runner/.m2/repository/org/glassfish/hk2/hk2-api/2.5.0/hk2-api-2.5.0.jar:/home/runner/.m2/repository/org/glassfish/hk2/hk2-utils/2.5.0/hk2-utils-2.5.0.jar:/home/runner/.m2/repository/org/glassfish/hk2/external/aopalliance-repackaged/2.5.0/aopalliance-repackaged-2.5.0.jar:/home/runner/.m2/repository/com/fasterxml/jackson/dataformat/jackson-dataformat-xml/2.13.4/jackson-dataformat-xml-2.13.4.jar:/home/runner/.m2/repository/org/codehaus/woodstox/stax2-api/4.2.1/stax2-api-4.2.1.jar:/home/runner/.m2/repository/com/fasterxml/woodstox/woodstox-core/5.4.0/woodstox-core-5.4.0.jar:/home/runner/.m2/repository/com/fasterxml/jackson/module/jackson-module-jaxb-annotations/2.13.4/jackson-module-jaxb-annotations-2.13.4.jar:/home/runner/.m2/repository/jakarta/xml/bind/jakarta.xml.bind-api/2.3.3/jakarta.xml.bind-api-2.3.3.jar:/home/runner/.m2/repository/jakarta/activation/jakarta.activation-api/1.2.2/jakarta.activation-api-1.2.2.jar:/home/runner/.m2/repository/javax/enterprise/cdi-api/2.0/cdi-api-2.0.jar:/home/runner/.m2/repository/javax/el/javax.el-api/3.0.0/javax.el-api-3.0.0.jar:/home/runner/.m2/repository/javax/interceptor/javax.interceptor-api/1.2/javax.interceptor-api-1.2.jar:/home/runner/.m2/repository/javax/inject/javax.inject/1/javax.inject-1.jar:/home/runner/.m2/repository/javax/xml/bind/jaxb-api/2.3.0/jaxb-api-2.3.0.jar:/home/runner/.m2/repository/org/glassfish/jaxb/jaxb-runtime/2.3.0.1/jaxb-runtime-2.3.0.1.jar:/home/runner/.m2/repository/org/glassfish/jaxb/jaxb-core/2.3.0.1/jaxb-core-2.3.0.1.jar:/home/runner/.m2/repository/org/glassfish/jaxb/txw2/2.3.0.1/txw2-2.3.0.1.jar:/home/runner/.m2/repository/com/sun/istack/istack-commons-runtime/3.0.5/istack-commons-runtime-3.0.5.jar:/home/runner/.m2/repository/org/jvnet/staxex/stax-ex/1.7.8/stax-ex-1.7.8.jar:/home/runner/.m2/repository/com/sun/xml/fastinfoset/FastInfoset/1.2.13/FastInfoset-1.2.13.jar:/home/runner/.m2/repository/javax/activation/activation/1.1.1/activation-1.1.1.jar:/home/runner/.m2/repository/io/grpc/grpc-protobuf/1.51.1/grpc-protobuf-1.51.1.jar:/home/runner/.m2/repository/io/grpc/grpc-api/1.51.1/grpc-api-1.51.1.jar:/home/runner/.m2/repository/io/grpc/grpc-context/1.51.1/grpc-context-1.51.1.jar:/home/runner/.m2/repository/com/google/api/grpc/proto-google-common-protos/2.9.0/proto-google-common-protos-2.9.0.jar:/home/runner/.m2/repository/io/grpc/grpc-protobuf-lite/1.51.1/grpc-protobuf-lite-1.51.1.jar:/home/runner/.m2/repository/io/grpc/grpc-stub/1.51.1/grpc-stub-1.51.1.jar:/home/runner/.m2/repository/io/netty/netty-transport/4.1.86.Final/netty-transport-4.1.86.Final.jar:/home/runner/.m2/repository/io/netty/netty-resolver/4.1.86.Final/netty-resolver-4.1.86.Final.jar:/home/runner/.m2/repository/org/apache/ozone/ozone-csi/1.4.0-SNAPSHOT/ozone-csi-1.4.0-SNAPSHOT.jar:/home/runner/.m2/repository/com/google/protobuf/protobuf-java-util/3.19.6/protobuf-java-util-3.19.6.jar:/home/runner/.m2/repository/com/google/code/gson/gson/2.9.0/gson-2.9.0.jar:/home/runner/.m2/repository/org/apache/ozone/hdds-config/1.4.0-SNAPSHOT/hdds-config-1.4.0-SNAPSHOT.jar:/home/runner/.m2/repository/io/netty/netty-transport-native-epoll/4.1.86.Final/netty-transport-native-epoll-4.1.86.Final-linux-x86_64.jar:/home/runner/.m2/repository/io/netty/netty-transport-classes-epoll/4.1.86.Final/netty-transport-classes-epoll-4.1.86.Final.jar:/home/runner/.m2/repository/io/netty/netty-transport-native-unix-common/4.1.86.Final/netty-transport-native-unix-common-4.1.86.Final.jar:/home/runner/.m2/repository/org/apache/ozone/ozone-recon/1.4.0-SNAPSHOT/ozone-recon-1.4.0-SNAPSHOT.jar:/home/runner/.m2/repository/org/apache/ozone/ozone-reconcodegen/1.4.0-SNAPSHOT/ozone-reconcodegen-1.4.0-SNAPSHOT.jar:/home/runner/.m2/repository/com/google/inject/extensions/guice-multibindings/4.0/guice-multibindings-4.0.jar:/home/runner/.m2/repository/com/google/inject/guice/4.0/guice-4.0.jar:/home/runner/.m2/repository/aopalliance/aopalliance/1.0/aopalliance-1.0.jar:/home/runner/.m2/repository/com/google/inject/extensions/guice-assistedinject/4.0/guice-assistedinject-4.0.jar:/home/runner/.m2/repository/com/google/inject/extensions/guice-servlet/4.0/guice-servlet-4.0.jar:/home/runner/.m2/repository/org/glassfish/jersey/containers/jersey-container-servlet/2.34/jersey-container-servlet-2.34.jar:/home/runner/.m2/repository/org/glassfish/hk2/guice-bridge/2.5.0/guice-bridge-2.5.0.jar:/home/runner/.m2/repository/org/glassfish/jersey/core/jersey-server/2.34/jersey-server-2.34.jar:/home/runner/.m2/repository/org/glassfish/jersey/core/jersey-client/2.34/jersey-client-2.34.jar:/home/runner/.m2/repository/jakarta/annotation/jakarta.annotation-api/1.3.5/jakarta.annotation-api-1.3.5.jar:/home/runner/.m2/repository/jakarta/validation/jakarta.validation-api/2.0.2/jakarta.validation-api-2.0.2.jar:/home/runner/.m2/repository/org/glassfish/jersey/media/jersey-media-json-jackson/2.34/jersey-media-json-jackson-2.34.jar:/home/runner/.m2/repository/org/glassfish/jersey/ext/jersey-entity-filtering/2.34/jersey-entity-filtering-2.34.jar:/home/runner/.m2/repository/org/jooq/jooq/3.11.10/jooq-3.11.10.jar:/home/runner/.m2/repository/org/jooq/jooq-meta/3.11.10/jooq-meta-3.11.10.jar:/home/runner/.m2/repository/org/jooq/jooq-codegen/3.11.10/jooq-codegen-3.11.10.jar:/home/runner/.m2/repository/com/jolbox/bonecp/0.8.0.RELEASE/bonecp-0.8.0.RELEASE.jar:/home/runner/.m2/repository/org/apache/derby/derby/10.14.2.0/derby-10.14.2.0.jar:/home/runner/.m2/repository/org/xerial/sqlite-jdbc/3.25.2/sqlite-jdbc-3.25.2.jar:/home/runner/.m2/repository/org/springframework/spring-jdbc/5.3.23/spring-jdbc-5.3.23.jar:/home/runner/.m2/repository/org/springframework/spring-beans/5.3.23/spring-beans-5.3.23.jar:/home/runner/.m2/repository/org/springframework/spring-core/5.3.23/spring-core-5.3.23.jar:/home/runner/.m2/repository/org/springframework/spring-jcl/5.3.23/spring-jcl-5.3.23.jar:/home/runner/.m2/repository/org/springframework/spring-tx/5.3.23/spring-tx-5.3.23.jar:/home/runner/.m2/repository/org/apache/ozone/ozone-client/1.4.0-SNAPSHOT/ozone-client-1.4.0-SNAPSHOT.jar:/home/runner/.m2/repository/org/apache/ozone/hdds-erasurecode/1.4.0-SNAPSHOT/hdds-erasurecode-1.4.0-SNAPSHOT.jar:/home/runner/.m2/repository/org/apache/ozone/ozone-filesystem/1.4.0-SNAPSHOT/ozone-filesystem-1.4.0-SNAPSHOT.jar:/home/runner/.m2/repository/org/apache/ozone/ozone-filesystem-common/1.4.0-SNAPSHOT/ozone-filesystem-common-1.4.0-SNAPSHOT.jar:/home/runner/.m2/repository/org/apache/ozone/ozone-tools/1.4.0-SNAPSHOT/ozone-tools-1.4.0-SNAPSHOT.jar:/home/runner/.m2/repository/com/amazonaws/aws-java-sdk-core/1.12.261/aws-java-sdk-core-1.12.261.jar:/home/runner/.m2/repository/org/apache/httpcomponents/httpclient/4.5.13/httpclient-4.5.13.jar:/home/runner/.m2/repository/org/apache/httpcomponents/httpcore/4.4.13/httpcore-4.4.13.jar:/home/runner/.m2/repository/software/amazon/ion/ion-java/1.0.2/ion-java-1.0.2.jar:/home/runner/.m2/repository/com/fasterxml/jackson/dataformat/jackson-dataformat-cbor/2.13.4/jackson-dataformat-cbor-2.13.4.jar:/home/runner/.m2/repository/joda-time/joda-time/2.10.6/joda-time-2.10.6.jar:/home/runner/.m2/repository/com/amazonaws/aws-java-sdk-s3/1.12.261/aws-java-sdk-s3-1.12.261.jar:/home/runner/.m2/repository/com/amazonaws/aws-java-sdk-kms/1.12.261/aws-java-sdk-kms-1.12.261.jar:/home/runner/.m2/repository/com/amazonaws/jmespath-java/1.12.261/jmespath-java-1.12.261.jar:/home/runner/.m2/repository/org/kohsuke/metainf-services/metainf-services/1.8/metainf-services-1.8.jar:/home/runner/.m2/repository/org/apache/ozone/hdds-tools/1.4.0-SNAPSHOT/hdds-tools-1.4.0-SNAPSHOT.jar:/home/runner/.m2/repository/org/apache/ratis/ratis-tools/2.4.2-8b8bdda-SNAPSHOT/ratis-tools-2.4.2-8b8bdda-SNAPSHOT.jar:/home/runner/.m2/repository/commons-cli/commons-cli/1.2/commons-cli-1.2.jar:/home/runner/.m2/repository/org/apache/commons/commons-lang3/3.7/commons-lang3-3.7.jar:/home/runner/.m2/repository/org/apache/ozone/ozone-manager/1.4.0-SNAPSHOT/ozone-manager-1.4.0-SNAPSHOT-tests.jar:/home/runner/.m2/repository/org/apache/ozone/hdds-common/1.4.0-SNAPSHOT/hdds-common-1.4.0-SNAPSHOT-tests.jar:/home/runner/.m2/repository/org/apache/ozone/hdds-hadoop-dependency-client/1.4.0-SNAPSHOT/hdds-hadoop-dependency-client-1.4.0-SNAPSHOT.jar:/home/runner/.m2/repository/info/picocli/picocli/4.6.1/picocli-4.6.1.jar:/home/runner/.m2/repository/com/fasterxml/jackson/core/jackson-annotations/2.13.4/jackson-annotations-2.13.4.jar:/home/runner/.m2/repository/org/apache/ozone/hdds-annotation-processing/1.4.0-SNAPSHOT/hdds-annotation-processing-1.4.0-SNAPSHOT.jar:/home/runner/.m2/repository/javax/annotation/javax.annotation-api/1.2/javax.annotation-api-1.2.jar:/home/runner/.m2/repository/org/apache/ratis/ratis-netty/2.4.2-8b8bdda-SNAPSHOT/ratis-netty-2.4.2-8b8bdda-SNAPSHOT.jar:/home/runner/.m2/repository/org/apache/ratis/ratis-grpc/2.4.2-8b8bdda-SNAPSHOT/ratis-grpc-2.4.2-8b8bdda-SNAPSHOT.jar:/home/runner/.m2/repository/org/apache/logging/log4j/log4j-api/2.17.1/log4j-api-2.17.1.jar:/home/runner/.m2/repository/org/apache/commons/commons-pool2/2.6.0/commons-pool2-2.6.0.jar:/home/runner/.m2/repository/org/bouncycastle/bcpkix-jdk15on/1.67/bcpkix-jdk15on-1.67.jar:/home/runner/.m2/repository/commons-validator/commons-validator/1.6/commons-validator-1.6.jar:/home/runner/.m2/repository/commons-beanutils/commons-beanutils/1.9.4/commons-beanutils-1.9.4.jar:/home/runner/.m2/repository/commons-digester/commons-digester/1.8.1/commons-digester-1.8.1.jar:/home/runner/.m2/repository/commons-collections/commons-collections/3.2.2/commons-collections-3.2.2.jar:/home/runner/.m2/repository/io/jaegertracing/jaeger-client/1.6.0/jaeger-client-1.6.0.jar:/home/runner/.m2/repository/io/jaegertracing/jaeger-thrift/1.6.0/jaeger-thrift-1.6.0.jar:/home/runner/.m2/repository/org/apache/thrift/libthrift/0.14.1/libthrift-0.14.1.jar:/home/runner/.m2/repository/io/jaegertracing/jaeger-core/1.6.0/jaeger-core-1.6.0.jar:/home/runner/.m2/repository/io/jaegertracing/jaeger-tracerresolver/1.6.0/jaeger-tracerresolver-1.6.0.jar:/home/runner/.m2/repository/io/opentracing/contrib/opentracing-tracerresolver/0.1.8/opentracing-tracerresolver-0.1.8.jar:/home/runner/.m2/repository/org/jetbrains/kotlin/kotlin-stdlib/1.6.21/kotlin-stdlib-1.6.21.jar:/home/runner/.m2/repository/org/jetbrains/annotations/13.0/annotations-13.0.jar:/home/runner/.m2/repository/io/opentracing/opentracing-util/0.33.0/opentracing-util-0.33.0.jar:/home/runner/.m2/repository/io/opentracing/opentracing-api/0.33.0/opentracing-api-0.33.0.jar:/home/runner/.m2/repository/io/opentracing/opentracing-noop/0.33.0/opentracing-noop-0.33.0.jar:/home/runner/.m2/repository/org/yaml/snakeyaml/2.0/snakeyaml-2.0.jar:/home/runner/.m2/repository/junit/junit/4.13.1/junit-4.13.1.jar:/home/runner/.m2/repository/org/hamcrest/hamcrest-core/1.3/hamcrest-core-1.3.jar:/home/runner/.m2/repository/org/junit/jupiter/junit-jupiter-api/5.8.2/junit-jupiter-api-5.8.2.jar:/home/runner/.m2/repository/org/opentest4j/opentest4j/1.2.0/opentest4j-1.2.0.jar:/home/runner/.m2/repository/org/junit/platform/junit-platform-commons/1.8.2/junit-platform-commons-1.8.2.jar:/home/runner/.m2/repository/org/apiguardian/apiguardian-api/1.1.2/apiguardian-api-1.1.2.jar:/home/runner/.m2/repository/org/junit/jupiter/junit-jupiter-params/5.8.2/junit-jupiter-params-5.8.2.jar:/home/runner/.m2/repository/org/junit/jupiter/junit-jupiter-migrationsupport/5.8.2/junit-jupiter-migrationsupport-5.8.2.jar:/home/runner/.m2/repository/org/junit/jupiter/junit-jupiter-engine/5.8.2/junit-jupiter-engine-5.8.2.jar:/home/runner/.m2/repository/org/junit/platform/junit-platform-engine/1.8.2/junit-platform-engine-1.8.2.jar:/home/runner/.m2/repository/org/junit/vintage/junit-vintage-engine/5.8.2/junit-vintage-engine-5.8.2.jar:/home/runner/.m2/repository/org/junit/platform/junit-platform-launcher/1.8.2/junit-platform-launcher-1.8.2.jar:/home/runner/.m2/repository/org/mockito/mockito-core/2.28.2/mockito-core-2.28.2.jar:/home/runner/.m2/repository/net/bytebuddy/byte-buddy/1.9.10/byte-buddy-1.9.10.jar:/home/runner/.m2/repository/net/bytebuddy/byte-buddy-agent/1.9.10/byte-buddy-agent-1.9.10.jar:/home/runner/.m2/repository/org/objenesis/objenesis/1.0/objenesis-1.0.jar:/home/runner/.m2/repository/org/apache/hadoop/hadoop-kms/3.3.4/hadoop-kms-3.3.4.jar:/home/runner/.m2/repository/org/apache/hadoop/hadoop-auth/3.3.4/hadoop-auth-3.3.4.jar:/home/runner/.m2/repository/com/nimbusds/nimbus-jose-jwt/9.8.1/nimbus-jose-jwt-9.8.1.jar:/home/runner/.m2/repository/com/github/stephenc/jcip/jcip-annotations/1.0-1/jcip-annotations-1.0-1.jar:/home/runner/.m2/repository/net/minidev/json-smart/2.4.7/json-smart-2.4.7.jar:/home/runner/.m2/repository/net/minidev/accessors-smart/2.4.7/accessors-smart-2.4.7.jar:/home/runner/.m2/repository/org/ow2/asm/asm/5.0.4/asm-5.0.4.jar:/home/runner/.m2/repository/org/apache/zookeeper/zookeeper/3.5.6/zookeeper-3.5.6.jar:/home/runner/.m2/repository/org/apache/zookeeper/zookeeper-jute/3.5.6/zookeeper-jute-3.5.6.jar:/home/runner/.m2/repository/org/apache/yetus/audience-annotations/0.5.0/audience-annotations-0.5.0.jar:/home/runner/.m2/repository/org/apache/curator/curator-framework/4.2.0/curator-framework-4.2.0.jar:/home/runner/.m2/repository/org/apache/hadoop/thirdparty/hadoop-shaded-guava/1.1.1/hadoop-shaded-guava-1.1.1.jar:/home/runner/.m2/repository/com/sun/jersey/jersey-core/1.19/jersey-core-1.19.jar:/home/runner/.m2/repository/javax/ws/rs/jsr311-api/1.1.1/jsr311-api-1.1.1.jar:/home/runner/.m2/repository/com/sun/jersey/jersey-server/1.19/jersey-server-1.19.jar:/home/runner/.m2/repository/javax/servlet/javax.servlet-api/3.1.0/javax.servlet-api-3.1.0.jar:/home/runner/.m2/repository/org/apache/hadoop/hadoop-common/3.3.4/hadoop-common-3.3.4.jar:/home/runner/.m2/repository/org/apache/commons/commons-math3/3.1.1/commons-math3-3.1.1.jar:/home/runner/.m2/repository/commons-net/commons-net/3.9.0/commons-net-3.9.0.jar:/home/runner/.m2/repository/com/sun/jersey/jersey-servlet/1.19/jersey-servlet-1.19.jar:/home/runner/.m2/repository/com/sun/jersey/jersey-json/1.19/jersey-json-1.19.jar:/home/runner/.m2/repository/org/codehaus/jettison/jettison/1.1/jettison-1.1.jar:/home/runner/.m2/repository/com/sun/xml/bind/jaxb-impl/2.2.3-1/jaxb-impl-2.2.3-1.jar:/home/runner/.m2/repository/org/codehaus/jackson/jackson-jaxrs/1.9.2/jackson-jaxrs-1.9.2.jar:/home/runner/.m2/repository/org/codehaus/jackson/jackson-xc/1.9.2/jackson-xc-1.9.2.jar:/home/runner/.m2/repository/com/google/re2j/re2j/1.1/re2j-1.1.jar:/home/runner/.m2/repository/com/jcraft/jsch/0.1.54/jsch-0.1.54.jar:/home/runner/.m2/repository/org/apache/curator/curator-client/4.2.0/curator-client-4.2.0.jar:/home/runner/.m2/repository/org/apache/curator/curator-recipes/4.2.0/curator-recipes-4.2.0.jar:/home/runner/.m2/repository/org/apache/kerby/kerb-core/1.0.1/kerb-core-1.0.1.jar:/home/runner/.m2/repository/org/apache/kerby/kerby-pkix/1.0.1/kerby-pkix-1.0.1.jar:/home/runner/.m2/repository/org/apache/kerby/kerby-asn1/1.0.1/kerby-asn1-1.0.1.jar:/home/runner/.m2/repository/org/apache/kerby/kerby-util/1.0.1/kerby-util-1.0.1.jar:/home/runner/.m2/repository/dnsjava/dnsjava/2.1.7/dnsjava-2.1.7.jar:/home/runner/.m2/repository/org/xerial/snappy/snappy-java/1.1.8.2/snappy-java-1.1.8.2.jar:/home/runner/.m2/repository/com/fasterxml/jackson/core/jackson-databind/2.13.4.2/jackson-databind-2.13.4.2.jar:/home/runner/.m2/repository/org/apache/hadoop/hadoop-kms/3.3.4/hadoop-kms-3.3.4-tests.jar:/home/runner/.m2/repository/org/apache/ozone/hdds-server-scm/1.4.0-SNAPSHOT/hdds-server-scm-1.4.0-SNAPSHOT-tests.jar:/home/runner/.m2/repository/org/apache/ozone/hdds-container-service/1.4.0-SNAPSHOT/hdds-container-service-1.4.0-SNAPSHOT-tests.jar:/home/runner/.m2/repository/com/github/luben/zstd-jni/1.5.2-5/zstd-jni-1.5.2-5.jar:/home/runner/.m2/repository/commons-codec/commons-codec/1.15/commons-codec-1.15.jar:/home/runner/.m2/repository/io/netty/netty-codec/4.1.86.Final/netty-codec-4.1.86.Final.jar:/home/runner/.m2/repository/io/netty/netty-handler/4.1.86.Final/netty-handler-4.1.86.Final.jar:/home/runner/.m2/repository/org/apache/ozone/hdds-hadoop-dependency-test/1.4.0-SNAPSHOT/hdds-hadoop-dependency-test-1.4.0-SNAPSHOT.jar:/home/runner/.m2/repository/org/apache/hadoop/hadoop-common/3.3.4/hadoop-common-3.3.4-tests.jar:/home/runner/.m2/repository/org/apache/hadoop/hadoop-hdfs/3.3.4/hadoop-hdfs-3.3.4-tests.jar:/home/runner/.m2/repository/org/assertj/assertj-core/3.12.2/assertj-core-3.12.2.jar:/home/runner/.m2/repository/org/apache/hadoop/hadoop-distcp/3.3.4/hadoop-distcp-3.3.4.jar:/home/runner/.m2/repository/org/apache/hadoop/hadoop-mapreduce-client-jobclient/3.3.4/hadoop-mapreduce-client-jobclient-3.3.4.jar:/home/runner/.m2/repository/org/apache/hadoop/hadoop-mapreduce-client-common/3.3.4/hadoop-mapreduce-client-common-3.3.4.jar:/home/runner/.m2/repository/org/apache/hadoop/hadoop-yarn-common/3.3.4/hadoop-yarn-common-3.3.4.jar:/home/runner/.m2/repository/org/apache/hadoop/hadoop-yarn-api/3.3.4/hadoop-yarn-api-3.3.4.jar:/home/runner/.m2/repository/com/sun/jersey/contribs/jersey-guice/1.19/jersey-guice-1.19.jar:/home/runner/.m2/repository/com/fasterxml/jackson/jaxrs/jackson-jaxrs-json-provider/2.13.4/jackson-jaxrs-json-provider-2.13.4.jar:/home/runner/.m2/repository/com/fasterxml/jackson/jaxrs/jackson-jaxrs-base/2.13.4/jackson-jaxrs-base-2.13.4.jar:/home/runner/.m2/repository/org/apache/hadoop/hadoop-yarn-client/3.3.4/hadoop-yarn-client-3.3.4.jar:/home/runner/.m2/repository/org/eclipse/jetty/websocket/websocket-client/9.4.43.v20210629/websocket-client-9.4.43.v20210629.jar:/home/runner/.m2/repository/org/eclipse/jetty/websocket/websocket-common/9.4.43.v20210629/websocket-common-9.4.43.v20210629.jar:/home/runner/.m2/repository/org/eclipse/jetty/websocket/websocket-api/9.4.43.v20210629/websocket-api-9.4.43.v20210629.jar:/home/runner/.m2/repository/org/jline/jline/3.9.0/jline-3.9.0.jar:/home/runner/.m2/repository/org/apache/hadoop/hadoop-mapreduce-client-core/3.3.4/hadoop-mapreduce-client-core-3.3.4.jar:/home/runner/.m2/repository/org/apache/avro/avro/1.7.7/avro-1.7.7.jar:/home/runner/.m2/repository/org/codehaus/jackson/jackson-core-asl/1.9.13/jackson-core-asl-1.9.13.jar:/home/runner/.m2/repository/org/codehaus/jackson/jackson-mapper-asl/1.9.13/jackson-mapper-asl-1.9.13.jar:/home/runner/.m2/repository/com/thoughtworks/paranamer/paranamer/2.3/paranamer-2.3.jar:/home/runner/.m2/repository/org/apache/hadoop/hadoop-annotations/3.3.4/hadoop-annotations-3.3.4.jar:/usr/lib/jvm/temurin-8-jdk-amd64/jre/../lib/tools.jar:/home/runner/.m2/repository/io/netty/netty/3.10.6.Final/netty-3.10.6.Final.jar:/home/runner/.m2/repository/org/apache/hadoop/hadoop-distcp/3.3.4/hadoop-distcp-3.3.4-tests.jar:/home/runner/.m2/repository/org/slf4j/jul-to-slf4j/1.7.36/jul-to-slf4j-1.7.36.jar:"/>
    <property name="java.vm.vendor" value="Temurin"/>
    <property name="sun.arch.data.model" value="64"/>
    <property name="test.build.dir" value="/home/runner/work/ozone/ozone/hadoop-ozone/integration-test/target/test-dir"/>
    <property name="test.cache.data" value=""/>
    <property name="java.vendor.url" value="https://adoptium.net/"/>
    <property name="user.timezone" value="Etc/UTC"/>
    <property name="java.vm.specification.version" value="1.8"/>
    <property name="os.name" value="Linux"/>
    <property name="test.build.data" value="/home/runner/work/ozone/ozone/hadoop-ozone/integration-test/target/test-dir"/>
    <property name="sun.java.launcher" value="SUN_STANDARD"/>
    <property name="sun.boot.library.path" value="/usr/lib/jvm/temurin-8-jdk-amd64/jre/lib/amd64"/>
    <property name="sun.java.command" value="/home/runner/work/ozone/ozone/hadoop-ozone/integration-test/target/surefire/surefirebooter7625794955561192387.jar /home/runner/work/ozone/ozone/hadoop-ozone/integration-test/target/surefire 2023-03-15T05-15-41_961-jvmRun1 surefire6790835510412867650tmp surefire_347510048436596424555tmp"/>
    <property name="surefire.test.class.path" value="/home/runner/work/ozone/ozone/hadoop-ozone/integration-test/target/test-classes:/home/runner/work/ozone/ozone/hadoop-ozone/integration-test/target/classes:/home/runner/.m2/repository/org/apache/ozone/ozone-common/1.4.0-SNAPSHOT/ozone-common-1.4.0-SNAPSHOT.jar:/home/runner/.m2/repository/io/grpc/grpc-netty/1.51.1/grpc-netty-1.51.1.jar:/home/runner/.m2/repository/io/grpc/grpc-core/1.51.1/grpc-core-1.51.1.jar:/home/runner/.m2/repository/com/google/android/annotations/4.1.1.4/annotations-4.1.1.4.jar:/home/runner/.m2/repository/org/codehaus/mojo/animal-sniffer-annotations/1.21/animal-sniffer-annotations-1.21.jar:/home/runner/.m2/repository/com/google/errorprone/error_prone_annotations/2.2.0/error_prone_annotations-2.2.0.jar:/home/runner/.m2/repository/io/perfmark/perfmark-api/0.25.0/perfmark-api-0.25.0.jar:/home/runner/.m2/repository/io/netty/netty-codec-http2/4.1.86.Final/netty-codec-http2-4.1.86.Final.jar:/home/runner/.m2/repository/io/netty/netty-common/4.1.86.Final/netty-common-4.1.86.Final.jar:/home/runner/.m2/repository/io/netty/netty-buffer/4.1.86.Final/netty-buffer-4.1.86.Final.jar:/home/runner/.m2/repository/io/netty/netty-codec-http/4.1.86.Final/netty-codec-http-4.1.86.Final.jar:/home/runner/.m2/repository/io/netty/netty-handler-proxy/4.1.86.Final/netty-handler-proxy-4.1.86.Final.jar:/home/runner/.m2/repository/io/netty/netty-codec-socks/4.1.86.Final/netty-codec-socks-4.1.86.Final.jar:/home/runner/.m2/repository/io/netty/netty-tcnative-boringssl-static/2.0.54.Final/netty-tcnative-boringssl-static-2.0.54.Final.jar:/home/runner/.m2/repository/io/netty/netty-tcnative-classes/2.0.54.Final/netty-tcnative-classes-2.0.54.Final.jar:/home/runner/.m2/repository/io/netty/netty-tcnative-boringssl-static/2.0.54.Final/netty-tcnative-boringssl-static-2.0.54.Final-linux-x86_64.jar:/home/runner/.m2/repository/io/netty/netty-tcnative-boringssl-static/2.0.54.Final/netty-tcnative-boringssl-static-2.0.54.Final-linux-aarch_64.jar:/home/runner/.m2/repository/io/netty/netty-tcnative-boringssl-static/2.0.54.Final/netty-tcnative-boringssl-static-2.0.54.Final-osx-x86_64.jar:/home/runner/.m2/repository/io/netty/netty-tcnative-boringssl-static/2.0.54.Final/netty-tcnative-boringssl-static-2.0.54.Final-osx-aarch_64.jar:/home/runner/.m2/repository/io/netty/netty-tcnative-boringssl-static/2.0.54.Final/netty-tcnative-boringssl-static-2.0.54.Final-windows-x86_64.jar:/home/runner/.m2/repository/org/apache/commons/commons-compress/1.21/commons-compress-1.21.jar:/home/runner/.m2/repository/org/apache/ozone/hdds-common/1.4.0-SNAPSHOT/hdds-common-1.4.0-SNAPSHOT.jar:/home/runner/.m2/repository/org/apache/ozone/hdds-client/1.4.0-SNAPSHOT/hdds-client-1.4.0-SNAPSHOT.jar:/home/runner/.m2/repository/org/apache/ozone/ozone-interface-client/1.4.0-SNAPSHOT/ozone-interface-client-1.4.0-SNAPSHOT.jar:/home/runner/.m2/repository/org/apache/ozone/hdds-test-utils/1.4.0-SNAPSHOT/hdds-test-utils-1.4.0-SNAPSHOT.jar:/home/runner/.m2/repository/com/google/guava/guava/31.1-jre/guava-31.1-jre.jar:/home/runner/.m2/repository/com/google/guava/failureaccess/1.0.1/failureaccess-1.0.1.jar:/home/runner/.m2/repository/com/google/guava/listenablefuture/9999.0-empty-to-avoid-conflict-with-guava/listenablefuture-9999.0-empty-to-avoid-conflict-with-guava.jar:/home/runner/.m2/repository/com/google/code/findbugs/jsr305/3.0.0/jsr305-3.0.0.jar:/home/runner/.m2/repository/org/checkerframework/checker-qual/3.12.0/checker-qual-3.12.0.jar:/home/runner/.m2/repository/com/google/j2objc/j2objc-annotations/1.3/j2objc-annotations-1.3.jar:/home/runner/.m2/repository/commons-io/commons-io/2.11.0/commons-io-2.11.0.jar:/home/runner/.m2/repository/commons-logging/commons-logging/1.2/commons-logging-1.2.jar:/home/runner/.m2/repository/ch/qos/reload4j/reload4j/1.2.22/reload4j-1.2.22.jar:/home/runner/.m2/repository/org/slf4j/slf4j-api/1.7.36/slf4j-api-1.7.36.jar:/home/runner/.m2/repository/org/apache/ozone/hdds-server-scm/1.4.0-SNAPSHOT/hdds-server-scm-1.4.0-SNAPSHOT.jar:/home/runner/.m2/repository/org/apache/ozone/hdds-container-service/1.4.0-SNAPSHOT/hdds-container-service-1.4.0-SNAPSHOT.jar:/home/runner/.m2/repository/org/apache/ozone/hdds-hadoop-dependency-server/1.4.0-SNAPSHOT/hdds-hadoop-dependency-server-1.4.0-SNAPSHOT.jar:/home/runner/.m2/repository/org/apache/hadoop/hadoop-hdfs/3.3.4/hadoop-hdfs-3.3.4.jar:/home/runner/.m2/repository/commons-daemon/commons-daemon/1.0.13/commons-daemon-1.0.13.jar:/home/runner/.m2/repository/org/apache/ozone/hdds-server-framework/1.4.0-SNAPSHOT/hdds-server-framework-1.4.0-SNAPSHOT.jar:/home/runner/.m2/repository/io/dropwizard/metrics/metrics-core/3.2.4/metrics-core-3.2.4.jar:/home/runner/.m2/repository/org/apache/commons/commons-text/1.4/commons-text-1.4.jar:/home/runner/.m2/repository/org/apache/hadoop/hadoop-hdfs-client/3.3.4/hadoop-hdfs-client-3.3.4.jar:/home/runner/.m2/repository/com/squareup/okhttp3/okhttp/4.9.3/okhttp-4.9.3.jar:/home/runner/.m2/repository/com/squareup/okio/okio/2.8.0/okio-2.8.0.jar:/home/runner/.m2/repository/org/jetbrains/kotlin/kotlin-stdlib-common/1.6.21/kotlin-stdlib-common-1.6.21.jar:/home/runner/.m2/repository/org/bouncycastle/bcprov-jdk15on/1.67/bcprov-jdk15on-1.67.jar:/home/runner/.m2/repository/com/google/protobuf/protobuf-java/2.5.0/protobuf-java-2.5.0.jar:/home/runner/.m2/repository/org/apache/ozone/hdds-server-framework/1.4.0-SNAPSHOT/hdds-server-framework-1.4.0-SNAPSHOT-tests.jar:/home/runner/.m2/repository/org/apache/ozone/hdds-interface-server/1.4.0-SNAPSHOT/hdds-interface-server-1.4.0-SNAPSHOT.jar:/home/runner/.m2/repository/org/apache/ozone/hdds-interface-admin/1.4.0-SNAPSHOT/hdds-interface-admin-1.4.0-SNAPSHOT.jar:/home/runner/.m2/repository/org/apache/ozone/hdds-managed-rocksdb/1.4.0-SNAPSHOT/hdds-managed-rocksdb-1.4.0-SNAPSHOT.jar:/home/runner/.m2/repository/org/rocksdb/rocksdbjni/7.7.3/rocksdbjni-7.7.3.jar:/home/runner/.m2/repository/org/slf4j/slf4j-reload4j/1.7.36/slf4j-reload4j-1.7.36.jar:/home/runner/.m2/repository/org/apache/commons/commons-configuration2/2.1.1/commons-configuration2-2.1.1.jar:/home/runner/.m2/repository/org/apache/logging/log4j/log4j-core/2.17.1/log4j-core-2.17.1.jar:/home/runner/.m2/repository/com/lmax/disruptor/3.4.2/disruptor-3.4.2.jar:/home/runner/.m2/repository/org/eclipse/jetty/jetty-util/9.4.49.v20220914/jetty-util-9.4.49.v20220914.jar:/home/runner/.m2/repository/org/eclipse/jetty/jetty-server/9.4.49.v20220914/jetty-server-9.4.49.v20220914.jar:/home/runner/.m2/repository/org/eclipse/jetty/jetty-http/9.4.49.v20220914/jetty-http-9.4.49.v20220914.jar:/home/runner/.m2/repository/org/eclipse/jetty/jetty-io/9.4.49.v20220914/jetty-io-9.4.49.v20220914.jar:/home/runner/.m2/repository/org/eclipse/jetty/jetty-servlet/9.4.49.v20220914/jetty-servlet-9.4.49.v20220914.jar:/home/runner/.m2/repository/org/eclipse/jetty/jetty-security/9.4.49.v20220914/jetty-security-9.4.49.v20220914.jar:/home/runner/.m2/repository/org/eclipse/jetty/jetty-util-ajax/9.4.49.v20220914/jetty-util-ajax-9.4.49.v20220914.jar:/home/runner/.m2/repository/org/eclipse/jetty/jetty-webapp/9.4.49.v20220914/jetty-webapp-9.4.49.v20220914.jar:/home/runner/.m2/repository/org/eclipse/jetty/jetty-xml/9.4.49.v20220914/jetty-xml-9.4.49.v20220914.jar:/home/runner/.m2/repository/org/apache/ratis/ratis-server/2.4.2-8b8bdda-SNAPSHOT/ratis-server-2.4.2-8b8bdda-SNAPSHOT.jar:/home/runner/.m2/repository/org/apache/ratis/ratis-thirdparty-misc/1.0.3/ratis-thirdparty-misc-1.0.3.jar:/home/runner/.m2/repository/org/apache/ratis/ratis-proto/2.4.2-8b8bdda-SNAPSHOT/ratis-proto-2.4.2-8b8bdda-SNAPSHOT.jar:/home/runner/.m2/repository/org/apache/ratis/ratis-common/2.4.2-8b8bdda-SNAPSHOT/ratis-common-2.4.2-8b8bdda-SNAPSHOT.jar:/home/runner/.m2/repository/org/apache/ratis/ratis-client/2.4.2-8b8bdda-SNAPSHOT/ratis-client-2.4.2-8b8bdda-SNAPSHOT.jar:/home/runner/.m2/repository/org/apache/ratis/ratis-server-api/2.4.2-8b8bdda-SNAPSHOT/ratis-server-api-2.4.2-8b8bdda-SNAPSHOT.jar:/home/runner/.m2/repository/org/apache/ratis/ratis-metrics/2.4.2-8b8bdda-SNAPSHOT/ratis-metrics-2.4.2-8b8bdda-SNAPSHOT.jar:/home/runner/.m2/repository/io/prometheus/simpleclient_dropwizard/0.7.0/simpleclient_dropwizard-0.7.0.jar:/home/runner/.m2/repository/io/prometheus/simpleclient/0.7.0/simpleclient-0.7.0.jar:/home/runner/.m2/repository/io/prometheus/simpleclient_common/0.7.0/simpleclient_common-0.7.0.jar:/home/runner/.m2/repository/com/fasterxml/jackson/datatype/jackson-datatype-jsr310/2.13.4/jackson-datatype-jsr310-2.13.4.jar:/home/runner/.m2/repository/com/fasterxml/jackson/core/jackson-core/2.13.4/jackson-core-2.13.4.jar:/home/runner/.m2/repository/com/github/spotbugs/spotbugs-annotations/3.1.12/spotbugs-annotations-3.1.12.jar:/home/runner/.m2/repository/org/apache/ozone/rocksdb-checkpoint-differ/1.4.0-SNAPSHOT/rocksdb-checkpoint-differ-1.4.0-SNAPSHOT.jar:/home/runner/.m2/repository/org/awaitility/awaitility/4.2.0/awaitility-4.2.0.jar:/home/runner/.m2/repository/org/hamcrest/hamcrest/2.1/hamcrest-2.1.jar:/home/runner/.m2/repository/org/apache/ozone/ozone-manager/1.4.0-SNAPSHOT/ozone-manager-1.4.0-SNAPSHOT.jar:/home/runner/.m2/repository/org/aspectj/aspectjrt/1.9.7/aspectjrt-1.9.7.jar:/home/runner/.m2/repository/org/aspectj/aspectjweaver/1.9.7/aspectjweaver-1.9.7.jar:/home/runner/.m2/repository/org/apache/ozone/hdds-interface-client/1.4.0-SNAPSHOT/hdds-interface-client-1.4.0-SNAPSHOT.jar:/home/runner/.m2/repository/org/apache/hadoop/thirdparty/hadoop-shaded-protobuf_3_7/1.1.1/hadoop-shaded-protobuf_3_7-1.1.1.jar:/home/runner/.m2/repository/org/apache/ozone/ozone-interface-storage/1.4.0-SNAPSHOT/ozone-interface-storage-1.4.0-SNAPSHOT.jar:/home/runner/.m2/repository/org/reflections/reflections/0.9.11/reflections-0.9.11.jar:/home/runner/.m2/repository/com/sun/jersey/jersey-client/1.19/jersey-client-1.19.jar:/home/runner/.m2/repository/org/apache/ranger/ranger-intg/2.3.0/ranger-intg-2.3.0.jar:/home/runner/.m2/repository/org/apache/ranger/ranger-plugins-common/2.3.0/ranger-plugins-common-2.3.0.jar:/home/runner/.m2/repository/commons-lang/commons-lang/2.6/commons-lang-2.6.jar:/home/runner/.m2/repository/org/apache/ranger/ranger-plugins-cred/2.3.0/ranger-plugins-cred-2.3.0.jar:/home/runner/.m2/repository/org/apache/ranger/ranger-plugins-audit/2.3.0/ranger-plugins-audit-2.3.0.jar:/home/runner/.m2/repository/org/eclipse/jetty/jetty-client/9.4.49.v20220914/jetty-client-9.4.49.v20220914.jar:/home/runner/.m2/repository/org/apache/httpcomponents/httpmime/4.5.6/httpmime-4.5.6.jar:/home/runner/.m2/repository/org/apache/httpcomponents/httpcore-nio/4.4.13/httpcore-nio-4.4.13.jar:/home/runner/.m2/repository/org/apache/httpcomponents/httpasyncclient/4.1.3/httpasyncclient-4.1.3.jar:/home/runner/.m2/repository/com/carrotsearch/hppc/0.8.0/hppc-0.8.0.jar:/home/runner/.m2/repository/org/apache/orc/orc-core/1.5.8/orc-core-1.5.8.jar:/home/runner/.m2/repository/net/java/dev/jna/jna/5.2.0/jna-5.2.0.jar:/home/runner/.m2/repository/net/java/dev/jna/jna-platform/5.2.0/jna-platform-5.2.0.jar:/home/runner/.m2/repository/com/kstruct/gethostname4j/0.0.2/gethostname4j-0.0.2.jar:/home/runner/.m2/repository/org/apache/ranger/ranger-plugin-classloader/2.3.0/ranger-plugin-classloader-2.3.0.jar:/home/runner/.m2/repository/org/apache/hadoop/hadoop-minikdc/3.3.4/hadoop-minikdc-3.3.4.jar:/home/runner/.m2/repository/org/apache/kerby/kerb-simplekdc/1.0.1/kerb-simplekdc-1.0.1.jar:/home/runner/.m2/repository/org/apache/kerby/kerb-client/1.0.1/kerb-client-1.0.1.jar:/home/runner/.m2/repository/org/apache/kerby/kerby-config/1.0.1/kerby-config-1.0.1.jar:/home/runner/.m2/repository/org/apache/kerby/kerb-common/1.0.1/kerb-common-1.0.1.jar:/home/runner/.m2/repository/org/apache/kerby/kerb-crypto/1.0.1/kerb-crypto-1.0.1.jar:/home/runner/.m2/repository/org/apache/kerby/kerb-util/1.0.1/kerb-util-1.0.1.jar:/home/runner/.m2/repository/org/apache/kerby/token-provider/1.0.1/token-provider-1.0.1.jar:/home/runner/.m2/repository/org/apache/kerby/kerb-admin/1.0.1/kerb-admin-1.0.1.jar:/home/runner/.m2/repository/org/apache/kerby/kerb-server/1.0.1/kerb-server-1.0.1.jar:/home/runner/.m2/repository/org/apache/kerby/kerb-identity/1.0.1/kerb-identity-1.0.1.jar:/home/runner/.m2/repository/org/apache/kerby/kerby-xdr/1.0.1/kerby-xdr-1.0.1.jar:/home/runner/.m2/repository/org/apache/ozone/ozone-s3gateway/1.4.0-SNAPSHOT/ozone-s3gateway-1.4.0-SNAPSHOT.jar:/home/runner/.m2/repository/org/javassist/javassist/3.21.0-GA/javassist-3.21.0-GA.jar:/home/runner/.m2/repository/org/jboss/weld/servlet/weld-servlet-shaded/3.1.9.Final/weld-servlet-shaded-3.1.9.Final.jar:/home/runner/.m2/repository/org/glassfish/jersey/containers/jersey-container-servlet-core/2.34/jersey-container-servlet-core-2.34.jar:/home/runner/.m2/repository/org/glassfish/hk2/external/jakarta.inject/2.6.1/jakarta.inject-2.6.1.jar:/home/runner/.m2/repository/org/glassfish/jersey/core/jersey-common/2.34/jersey-common-2.34.jar:/home/runner/.m2/repository/jakarta/ws/rs/jakarta.ws.rs-api/2.1.6/jakarta.ws.rs-api-2.1.6.jar:/home/runner/.m2/repository/org/glassfish/jersey/ext/cdi/jersey-cdi1x/2.34/jersey-cdi1x-2.34.jar:/home/runner/.m2/repository/org/glassfish/jersey/inject/jersey-hk2/2.34/jersey-hk2-2.34.jar:/home/runner/.m2/repository/org/glassfish/hk2/hk2-locator/2.6.1/hk2-locator-2.6.1.jar:/home/runner/.m2/repository/org/glassfish/jersey/media/jersey-media-jaxb/2.34/jersey-media-jaxb-2.34.jar:/home/runner/.m2/repository/org/glassfish/hk2/osgi-resource-locator/1.0.3/osgi-resource-locator-1.0.3.jar:/home/runner/.m2/repository/org/glassfish/hk2/hk2-api/2.5.0/hk2-api-2.5.0.jar:/home/runner/.m2/repository/org/glassfish/hk2/hk2-utils/2.5.0/hk2-utils-2.5.0.jar:/home/runner/.m2/repository/org/glassfish/hk2/external/aopalliance-repackaged/2.5.0/aopalliance-repackaged-2.5.0.jar:/home/runner/.m2/repository/com/fasterxml/jackson/dataformat/jackson-dataformat-xml/2.13.4/jackson-dataformat-xml-2.13.4.jar:/home/runner/.m2/repository/org/codehaus/woodstox/stax2-api/4.2.1/stax2-api-4.2.1.jar:/home/runner/.m2/repository/com/fasterxml/woodstox/woodstox-core/5.4.0/woodstox-core-5.4.0.jar:/home/runner/.m2/repository/com/fasterxml/jackson/module/jackson-module-jaxb-annotations/2.13.4/jackson-module-jaxb-annotations-2.13.4.jar:/home/runner/.m2/repository/jakarta/xml/bind/jakarta.xml.bind-api/2.3.3/jakarta.xml.bind-api-2.3.3.jar:/home/runner/.m2/repository/jakarta/activation/jakarta.activation-api/1.2.2/jakarta.activation-api-1.2.2.jar:/home/runner/.m2/repository/javax/enterprise/cdi-api/2.0/cdi-api-2.0.jar:/home/runner/.m2/repository/javax/el/javax.el-api/3.0.0/javax.el-api-3.0.0.jar:/home/runner/.m2/repository/javax/interceptor/javax.interceptor-api/1.2/javax.interceptor-api-1.2.jar:/home/runner/.m2/repository/javax/inject/javax.inject/1/javax.inject-1.jar:/home/runner/.m2/repository/javax/xml/bind/jaxb-api/2.3.0/jaxb-api-2.3.0.jar:/home/runner/.m2/repository/org/glassfish/jaxb/jaxb-runtime/2.3.0.1/jaxb-runtime-2.3.0.1.jar:/home/runner/.m2/repository/org/glassfish/jaxb/jaxb-core/2.3.0.1/jaxb-core-2.3.0.1.jar:/home/runner/.m2/repository/org/glassfish/jaxb/txw2/2.3.0.1/txw2-2.3.0.1.jar:/home/runner/.m2/repository/com/sun/istack/istack-commons-runtime/3.0.5/istack-commons-runtime-3.0.5.jar:/home/runner/.m2/repository/org/jvnet/staxex/stax-ex/1.7.8/stax-ex-1.7.8.jar:/home/runner/.m2/repository/com/sun/xml/fastinfoset/FastInfoset/1.2.13/FastInfoset-1.2.13.jar:/home/runner/.m2/repository/javax/activation/activation/1.1.1/activation-1.1.1.jar:/home/runner/.m2/repository/io/grpc/grpc-protobuf/1.51.1/grpc-protobuf-1.51.1.jar:/home/runner/.m2/repository/io/grpc/grpc-api/1.51.1/grpc-api-1.51.1.jar:/home/runner/.m2/repository/io/grpc/grpc-context/1.51.1/grpc-context-1.51.1.jar:/home/runner/.m2/repository/com/google/api/grpc/proto-google-common-protos/2.9.0/proto-google-common-protos-2.9.0.jar:/home/runner/.m2/repository/io/grpc/grpc-protobuf-lite/1.51.1/grpc-protobuf-lite-1.51.1.jar:/home/runner/.m2/repository/io/grpc/grpc-stub/1.51.1/grpc-stub-1.51.1.jar:/home/runner/.m2/repository/io/netty/netty-transport/4.1.86.Final/netty-transport-4.1.86.Final.jar:/home/runner/.m2/repository/io/netty/netty-resolver/4.1.86.Final/netty-resolver-4.1.86.Final.jar:/home/runner/.m2/repository/org/apache/ozone/ozone-csi/1.4.0-SNAPSHOT/ozone-csi-1.4.0-SNAPSHOT.jar:/home/runner/.m2/repository/com/google/protobuf/protobuf-java-util/3.19.6/protobuf-java-util-3.19.6.jar:/home/runner/.m2/repository/com/google/code/gson/gson/2.9.0/gson-2.9.0.jar:/home/runner/.m2/repository/org/apache/ozone/hdds-config/1.4.0-SNAPSHOT/hdds-config-1.4.0-SNAPSHOT.jar:/home/runner/.m2/repository/io/netty/netty-transport-native-epoll/4.1.86.Final/netty-transport-native-epoll-4.1.86.Final-linux-x86_64.jar:/home/runner/.m2/repository/io/netty/netty-transport-classes-epoll/4.1.86.Final/netty-transport-classes-epoll-4.1.86.Final.jar:/home/runner/.m2/repository/io/netty/netty-transport-native-unix-common/4.1.86.Final/netty-transport-native-unix-common-4.1.86.Final.jar:/home/runner/.m2/repository/org/apache/ozone/ozone-recon/1.4.0-SNAPSHOT/ozone-recon-1.4.0-SNAPSHOT.jar:/home/runner/.m2/repository/org/apache/ozone/ozone-reconcodegen/1.4.0-SNAPSHOT/ozone-reconcodegen-1.4.0-SNAPSHOT.jar:/home/runner/.m2/repository/com/google/inject/extensions/guice-multibindings/4.0/guice-multibindings-4.0.jar:/home/runner/.m2/repository/com/google/inject/guice/4.0/guice-4.0.jar:/home/runner/.m2/repository/aopalliance/aopalliance/1.0/aopalliance-1.0.jar:/home/runner/.m2/repository/com/google/inject/extensions/guice-assistedinject/4.0/guice-assistedinject-4.0.jar:/home/runner/.m2/repository/com/google/inject/extensions/guice-servlet/4.0/guice-servlet-4.0.jar:/home/runner/.m2/repository/org/glassfish/jersey/containers/jersey-container-servlet/2.34/jersey-container-servlet-2.34.jar:/home/runner/.m2/repository/org/glassfish/hk2/guice-bridge/2.5.0/guice-bridge-2.5.0.jar:/home/runner/.m2/repository/org/glassfish/jersey/core/jersey-server/2.34/jersey-server-2.34.jar:/home/runner/.m2/repository/org/glassfish/jersey/core/jersey-client/2.34/jersey-client-2.34.jar:/home/runner/.m2/repository/jakarta/annotation/jakarta.annotation-api/1.3.5/jakarta.annotation-api-1.3.5.jar:/home/runner/.m2/repository/jakarta/validation/jakarta.validation-api/2.0.2/jakarta.validation-api-2.0.2.jar:/home/runner/.m2/repository/org/glassfish/jersey/media/jersey-media-json-jackson/2.34/jersey-media-json-jackson-2.34.jar:/home/runner/.m2/repository/org/glassfish/jersey/ext/jersey-entity-filtering/2.34/jersey-entity-filtering-2.34.jar:/home/runner/.m2/repository/org/jooq/jooq/3.11.10/jooq-3.11.10.jar:/home/runner/.m2/repository/org/jooq/jooq-meta/3.11.10/jooq-meta-3.11.10.jar:/home/runner/.m2/repository/org/jooq/jooq-codegen/3.11.10/jooq-codegen-3.11.10.jar:/home/runner/.m2/repository/com/jolbox/bonecp/0.8.0.RELEASE/bonecp-0.8.0.RELEASE.jar:/home/runner/.m2/repository/org/apache/derby/derby/10.14.2.0/derby-10.14.2.0.jar:/home/runner/.m2/repository/org/xerial/sqlite-jdbc/3.25.2/sqlite-jdbc-3.25.2.jar:/home/runner/.m2/repository/org/springframework/spring-jdbc/5.3.23/spring-jdbc-5.3.23.jar:/home/runner/.m2/repository/org/springframework/spring-beans/5.3.23/spring-beans-5.3.23.jar:/home/runner/.m2/repository/org/springframework/spring-core/5.3.23/spring-core-5.3.23.jar:/home/runner/.m2/repository/org/springframework/spring-jcl/5.3.23/spring-jcl-5.3.23.jar:/home/runner/.m2/repository/org/springframework/spring-tx/5.3.23/spring-tx-5.3.23.jar:/home/runner/.m2/repository/org/apache/ozone/ozone-client/1.4.0-SNAPSHOT/ozone-client-1.4.0-SNAPSHOT.jar:/home/runner/.m2/repository/org/apache/ozone/hdds-erasurecode/1.4.0-SNAPSHOT/hdds-erasurecode-1.4.0-SNAPSHOT.jar:/home/runner/.m2/repository/org/apache/ozone/ozone-filesystem/1.4.0-SNAPSHOT/ozone-filesystem-1.4.0-SNAPSHOT.jar:/home/runner/.m2/repository/org/apache/ozone/ozone-filesystem-common/1.4.0-SNAPSHOT/ozone-filesystem-common-1.4.0-SNAPSHOT.jar:/home/runner/.m2/repository/org/apache/ozone/ozone-tools/1.4.0-SNAPSHOT/ozone-tools-1.4.0-SNAPSHOT.jar:/home/runner/.m2/repository/com/amazonaws/aws-java-sdk-core/1.12.261/aws-java-sdk-core-1.12.261.jar:/home/runner/.m2/repository/org/apache/httpcomponents/httpclient/4.5.13/httpclient-4.5.13.jar:/home/runner/.m2/repository/org/apache/httpcomponents/httpcore/4.4.13/httpcore-4.4.13.jar:/home/runner/.m2/repository/software/amazon/ion/ion-java/1.0.2/ion-java-1.0.2.jar:/home/runner/.m2/repository/com/fasterxml/jackson/dataformat/jackson-dataformat-cbor/2.13.4/jackson-dataformat-cbor-2.13.4.jar:/home/runner/.m2/repository/joda-time/joda-time/2.10.6/joda-time-2.10.6.jar:/home/runner/.m2/repository/com/amazonaws/aws-java-sdk-s3/1.12.261/aws-java-sdk-s3-1.12.261.jar:/home/runner/.m2/repository/com/amazonaws/aws-java-sdk-kms/1.12.261/aws-java-sdk-kms-1.12.261.jar:/home/runner/.m2/repository/com/amazonaws/jmespath-java/1.12.261/jmespath-java-1.12.261.jar:/home/runner/.m2/repository/org/kohsuke/metainf-services/metainf-services/1.8/metainf-services-1.8.jar:/home/runner/.m2/repository/org/apache/ozone/hdds-tools/1.4.0-SNAPSHOT/hdds-tools-1.4.0-SNAPSHOT.jar:/home/runner/.m2/repository/org/apache/ratis/ratis-tools/2.4.2-8b8bdda-SNAPSHOT/ratis-tools-2.4.2-8b8bdda-SNAPSHOT.jar:/home/runner/.m2/repository/commons-cli/commons-cli/1.2/commons-cli-1.2.jar:/home/runner/.m2/repository/org/apache/commons/commons-lang3/3.7/commons-lang3-3.7.jar:/home/runner/.m2/repository/org/apache/ozone/ozone-manager/1.4.0-SNAPSHOT/ozone-manager-1.4.0-SNAPSHOT-tests.jar:/home/runner/.m2/repository/org/apache/ozone/hdds-common/1.4.0-SNAPSHOT/hdds-common-1.4.0-SNAPSHOT-tests.jar:/home/runner/.m2/repository/org/apache/ozone/hdds-hadoop-dependency-client/1.4.0-SNAPSHOT/hdds-hadoop-dependency-client-1.4.0-SNAPSHOT.jar:/home/runner/.m2/repository/info/picocli/picocli/4.6.1/picocli-4.6.1.jar:/home/runner/.m2/repository/com/fasterxml/jackson/core/jackson-annotations/2.13.4/jackson-annotations-2.13.4.jar:/home/runner/.m2/repository/org/apache/ozone/hdds-annotation-processing/1.4.0-SNAPSHOT/hdds-annotation-processing-1.4.0-SNAPSHOT.jar:/home/runner/.m2/repository/javax/annotation/javax.annotation-api/1.2/javax.annotation-api-1.2.jar:/home/runner/.m2/repository/org/apache/ratis/ratis-netty/2.4.2-8b8bdda-SNAPSHOT/ratis-netty-2.4.2-8b8bdda-SNAPSHOT.jar:/home/runner/.m2/repository/org/apache/ratis/ratis-grpc/2.4.2-8b8bdda-SNAPSHOT/ratis-grpc-2.4.2-8b8bdda-SNAPSHOT.jar:/home/runner/.m2/repository/org/apache/logging/log4j/log4j-api/2.17.1/log4j-api-2.17.1.jar:/home/runner/.m2/repository/org/apache/commons/commons-pool2/2.6.0/commons-pool2-2.6.0.jar:/home/runner/.m2/repository/org/bouncycastle/bcpkix-jdk15on/1.67/bcpkix-jdk15on-1.67.jar:/home/runner/.m2/repository/commons-validator/commons-validator/1.6/commons-validator-1.6.jar:/home/runner/.m2/repository/commons-beanutils/commons-beanutils/1.9.4/commons-beanutils-1.9.4.jar:/home/runner/.m2/repository/commons-digester/commons-digester/1.8.1/commons-digester-1.8.1.jar:/home/runner/.m2/repository/commons-collections/commons-collections/3.2.2/commons-collections-3.2.2.jar:/home/runner/.m2/repository/io/jaegertracing/jaeger-client/1.6.0/jaeger-client-1.6.0.jar:/home/runner/.m2/repository/io/jaegertracing/jaeger-thrift/1.6.0/jaeger-thrift-1.6.0.jar:/home/runner/.m2/repository/org/apache/thrift/libthrift/0.14.1/libthrift-0.14.1.jar:/home/runner/.m2/repository/io/jaegertracing/jaeger-core/1.6.0/jaeger-core-1.6.0.jar:/home/runner/.m2/repository/io/jaegertracing/jaeger-tracerresolver/1.6.0/jaeger-tracerresolver-1.6.0.jar:/home/runner/.m2/repository/io/opentracing/contrib/opentracing-tracerresolver/0.1.8/opentracing-tracerresolver-0.1.8.jar:/home/runner/.m2/repository/org/jetbrains/kotlin/kotlin-stdlib/1.6.21/kotlin-stdlib-1.6.21.jar:/home/runner/.m2/repository/org/jetbrains/annotations/13.0/annotations-13.0.jar:/home/runner/.m2/repository/io/opentracing/opentracing-util/0.33.0/opentracing-util-0.33.0.jar:/home/runner/.m2/repository/io/opentracing/opentracing-api/0.33.0/opentracing-api-0.33.0.jar:/home/runner/.m2/repository/io/opentracing/opentracing-noop/0.33.0/opentracing-noop-0.33.0.jar:/home/runner/.m2/repository/org/yaml/snakeyaml/2.0/snakeyaml-2.0.jar:/home/runner/.m2/repository/junit/junit/4.13.1/junit-4.13.1.jar:/home/runner/.m2/repository/org/hamcrest/hamcrest-core/1.3/hamcrest-core-1.3.jar:/home/runner/.m2/repository/org/junit/jupiter/junit-jupiter-api/5.8.2/junit-jupiter-api-5.8.2.jar:/home/runner/.m2/repository/org/opentest4j/opentest4j/1.2.0/opentest4j-1.2.0.jar:/home/runner/.m2/repository/org/junit/platform/junit-platform-commons/1.8.2/junit-platform-commons-1.8.2.jar:/home/runner/.m2/repository/org/apiguardian/apiguardian-api/1.1.2/apiguardian-api-1.1.2.jar:/home/runner/.m2/repository/org/junit/jupiter/junit-jupiter-params/5.8.2/junit-jupiter-params-5.8.2.jar:/home/runner/.m2/repository/org/junit/jupiter/junit-jupiter-migrationsupport/5.8.2/junit-jupiter-migrationsupport-5.8.2.jar:/home/runner/.m2/repository/org/junit/jupiter/junit-jupiter-engine/5.8.2/junit-jupiter-engine-5.8.2.jar:/home/runner/.m2/repository/org/junit/platform/junit-platform-engine/1.8.2/junit-platform-engine-1.8.2.jar:/home/runner/.m2/repository/org/junit/vintage/junit-vintage-engine/5.8.2/junit-vintage-engine-5.8.2.jar:/home/runner/.m2/repository/org/junit/platform/junit-platform-launcher/1.8.2/junit-platform-launcher-1.8.2.jar:/home/runner/.m2/repository/org/mockito/mockito-core/2.28.2/mockito-core-2.28.2.jar:/home/runner/.m2/repository/net/bytebuddy/byte-buddy/1.9.10/byte-buddy-1.9.10.jar:/home/runner/.m2/repository/net/bytebuddy/byte-buddy-agent/1.9.10/byte-buddy-agent-1.9.10.jar:/home/runner/.m2/repository/org/objenesis/objenesis/1.0/objenesis-1.0.jar:/home/runner/.m2/repository/org/apache/hadoop/hadoop-kms/3.3.4/hadoop-kms-3.3.4.jar:/home/runner/.m2/repository/org/apache/hadoop/hadoop-auth/3.3.4/hadoop-auth-3.3.4.jar:/home/runner/.m2/repository/com/nimbusds/nimbus-jose-jwt/9.8.1/nimbus-jose-jwt-9.8.1.jar:/home/runner/.m2/repository/com/github/stephenc/jcip/jcip-annotations/1.0-1/jcip-annotations-1.0-1.jar:/home/runner/.m2/repository/net/minidev/json-smart/2.4.7/json-smart-2.4.7.jar:/home/runner/.m2/repository/net/minidev/accessors-smart/2.4.7/accessors-smart-2.4.7.jar:/home/runner/.m2/repository/org/ow2/asm/asm/5.0.4/asm-5.0.4.jar:/home/runner/.m2/repository/org/apache/zookeeper/zookeeper/3.5.6/zookeeper-3.5.6.jar:/home/runner/.m2/repository/org/apache/zookeeper/zookeeper-jute/3.5.6/zookeeper-jute-3.5.6.jar:/home/runner/.m2/repository/org/apache/yetus/audience-annotations/0.5.0/audience-annotations-0.5.0.jar:/home/runner/.m2/repository/org/apache/curator/curator-framework/4.2.0/curator-framework-4.2.0.jar:/home/runner/.m2/repository/org/apache/hadoop/thirdparty/hadoop-shaded-guava/1.1.1/hadoop-shaded-guava-1.1.1.jar:/home/runner/.m2/repository/com/sun/jersey/jersey-core/1.19/jersey-core-1.19.jar:/home/runner/.m2/repository/javax/ws/rs/jsr311-api/1.1.1/jsr311-api-1.1.1.jar:/home/runner/.m2/repository/com/sun/jersey/jersey-server/1.19/jersey-server-1.19.jar:/home/runner/.m2/repository/javax/servlet/javax.servlet-api/3.1.0/javax.servlet-api-3.1.0.jar:/home/runner/.m2/repository/org/apache/hadoop/hadoop-common/3.3.4/hadoop-common-3.3.4.jar:/home/runner/.m2/repository/org/apache/commons/commons-math3/3.1.1/commons-math3-3.1.1.jar:/home/runner/.m2/repository/commons-net/commons-net/3.9.0/commons-net-3.9.0.jar:/home/runner/.m2/repository/com/sun/jersey/jersey-servlet/1.19/jersey-servlet-1.19.jar:/home/runner/.m2/repository/com/sun/jersey/jersey-json/1.19/jersey-json-1.19.jar:/home/runner/.m2/repository/org/codehaus/jettison/jettison/1.1/jettison-1.1.jar:/home/runner/.m2/repository/com/sun/xml/bind/jaxb-impl/2.2.3-1/jaxb-impl-2.2.3-1.jar:/home/runner/.m2/repository/org/codehaus/jackson/jackson-jaxrs/1.9.2/jackson-jaxrs-1.9.2.jar:/home/runner/.m2/repository/org/codehaus/jackson/jackson-xc/1.9.2/jackson-xc-1.9.2.jar:/home/runner/.m2/repository/com/google/re2j/re2j/1.1/re2j-1.1.jar:/home/runner/.m2/repository/com/jcraft/jsch/0.1.54/jsch-0.1.54.jar:/home/runner/.m2/repository/org/apache/curator/curator-client/4.2.0/curator-client-4.2.0.jar:/home/runner/.m2/repository/org/apache/curator/curator-recipes/4.2.0/curator-recipes-4.2.0.jar:/home/runner/.m2/repository/org/apache/kerby/kerb-core/1.0.1/kerb-core-1.0.1.jar:/home/runner/.m2/repository/org/apache/kerby/kerby-pkix/1.0.1/kerby-pkix-1.0.1.jar:/home/runner/.m2/repository/org/apache/kerby/kerby-asn1/1.0.1/kerby-asn1-1.0.1.jar:/home/runner/.m2/repository/org/apache/kerby/kerby-util/1.0.1/kerby-util-1.0.1.jar:/home/runner/.m2/repository/dnsjava/dnsjava/2.1.7/dnsjava-2.1.7.jar:/home/runner/.m2/repository/org/xerial/snappy/snappy-java/1.1.8.2/snappy-java-1.1.8.2.jar:/home/runner/.m2/repository/com/fasterxml/jackson/core/jackson-databind/2.13.4.2/jackson-databind-2.13.4.2.jar:/home/runner/.m2/repository/org/apache/hadoop/hadoop-kms/3.3.4/hadoop-kms-3.3.4-tests.jar:/home/runner/.m2/repository/org/apache/ozone/hdds-server-scm/1.4.0-SNAPSHOT/hdds-server-scm-1.4.0-SNAPSHOT-tests.jar:/home/runner/.m2/repository/org/apache/ozone/hdds-container-service/1.4.0-SNAPSHOT/hdds-container-service-1.4.0-SNAPSHOT-tests.jar:/home/runner/.m2/repository/com/github/luben/zstd-jni/1.5.2-5/zstd-jni-1.5.2-5.jar:/home/runner/.m2/repository/commons-codec/commons-codec/1.15/commons-codec-1.15.jar:/home/runner/.m2/repository/io/netty/netty-codec/4.1.86.Final/netty-codec-4.1.86.Final.jar:/home/runner/.m2/repository/io/netty/netty-handler/4.1.86.Final/netty-handler-4.1.86.Final.jar:/home/runner/.m2/repository/org/apache/ozone/hdds-hadoop-dependency-test/1.4.0-SNAPSHOT/hdds-hadoop-dependency-test-1.4.0-SNAPSHOT.jar:/home/runner/.m2/repository/org/apache/hadoop/hadoop-common/3.3.4/hadoop-common-3.3.4-tests.jar:/home/runner/.m2/repository/org/apache/hadoop/hadoop-hdfs/3.3.4/hadoop-hdfs-3.3.4-tests.jar:/home/runner/.m2/repository/org/assertj/assertj-core/3.12.2/assertj-core-3.12.2.jar:/home/runner/.m2/repository/org/apache/hadoop/hadoop-distcp/3.3.4/hadoop-distcp-3.3.4.jar:/home/runner/.m2/repository/org/apache/hadoop/hadoop-mapreduce-client-jobclient/3.3.4/hadoop-mapreduce-client-jobclient-3.3.4.jar:/home/runner/.m2/repository/org/apache/hadoop/hadoop-mapreduce-client-common/3.3.4/hadoop-mapreduce-client-common-3.3.4.jar:/home/runner/.m2/repository/org/apache/hadoop/hadoop-yarn-common/3.3.4/hadoop-yarn-common-3.3.4.jar:/home/runner/.m2/repository/org/apache/hadoop/hadoop-yarn-api/3.3.4/hadoop-yarn-api-3.3.4.jar:/home/runner/.m2/repository/com/sun/jersey/contribs/jersey-guice/1.19/jersey-guice-1.19.jar:/home/runner/.m2/repository/com/fasterxml/jackson/jaxrs/jackson-jaxrs-json-provider/2.13.4/jackson-jaxrs-json-provider-2.13.4.jar:/home/runner/.m2/repository/com/fasterxml/jackson/jaxrs/jackson-jaxrs-base/2.13.4/jackson-jaxrs-base-2.13.4.jar:/home/runner/.m2/repository/org/apache/hadoop/hadoop-yarn-client/3.3.4/hadoop-yarn-client-3.3.4.jar:/home/runner/.m2/repository/org/eclipse/jetty/websocket/websocket-client/9.4.43.v20210629/websocket-client-9.4.43.v20210629.jar:/home/runner/.m2/repository/org/eclipse/jetty/websocket/websocket-common/9.4.43.v20210629/websocket-common-9.4.43.v20210629.jar:/home/runner/.m2/repository/org/eclipse/jetty/websocket/websocket-api/9.4.43.v20210629/websocket-api-9.4.43.v20210629.jar:/home/runner/.m2/repository/org/jline/jline/3.9.0/jline-3.9.0.jar:/home/runner/.m2/repository/org/apache/hadoop/hadoop-mapreduce-client-core/3.3.4/hadoop-mapreduce-client-core-3.3.4.jar:/home/runner/.m2/repository/org/apache/avro/avro/1.7.7/avro-1.7.7.jar:/home/runner/.m2/repository/org/codehaus/jackson/jackson-core-asl/1.9.13/jackson-core-asl-1.9.13.jar:/home/runner/.m2/repository/org/codehaus/jackson/jackson-mapper-asl/1.9.13/jackson-mapper-asl-1.9.13.jar:/home/runner/.m2/repository/com/thoughtworks/paranamer/paranamer/2.3/paranamer-2.3.jar:/home/runner/.m2/repository/org/apache/hadoop/hadoop-annotations/3.3.4/hadoop-annotations-3.3.4.jar:/usr/lib/jvm/temurin-8-jdk-amd64/jre/../lib/tools.jar:/home/runner/.m2/repository/io/netty/netty/3.10.6.Final/netty-3.10.6.Final.jar:/home/runner/.m2/repository/org/apache/hadoop/hadoop-distcp/3.3.4/hadoop-distcp-3.3.4-tests.jar:/home/runner/.m2/repository/org/slf4j/jul-to-slf4j/1.7.36/jul-to-slf4j-1.7.36.jar:"/>
    <property name="sun.cpu.endian" value="little"/>
    <property name="user.home" value="/home/runner"/>
    <property name="user.language" value="en"/>
    <property name="java.specification.vendor" value="Oracle Corporation"/>
    <property name="java.home" value="/usr/lib/jvm/temurin-8-jdk-amd64/jre"/>
    <property name="java.security.krb5.conf" value="/home/runner/work/ozone/ozone/hadoop-ozone/integration-test/target/test-classes/krb5.conf"/>
    <property name="basedir" value="/home/runner/work/ozone/ozone/hadoop-ozone/integration-test"/>
    <property name="file.separator" value="/"/>
    <property name="line.separator" value="&#10;"/>
    <property name="java.vm.specification.vendor" value="Oracle Corporation"/>
    <property name="java.specification.name" value="Java Platform API Specification"/>
    <property name="java.awt.graphicsenv" value="sun.awt.X11GraphicsEnvironment"/>
    <property name="skip.installnpx" value="true"/>
    <property name="surefire.real.class.path" value="/home/runner/work/ozone/ozone/hadoop-ozone/integration-test/target/surefire/surefirebooter7625794955561192387.jar:/home/runner/.m2/repository/org/jacoco/org.jacoco.agent/0.8.5/org.jacoco.agent-0.8.5-runtime.jar"/>
    <property name="hadoop.log.dir" value="/home/runner/work/ozone/ozone/hadoop-ozone/integration-test/target/log"/>
    <property name="sun.boot.class.path" value="/usr/lib/jvm/temurin-8-jdk-amd64/jre/lib/resources.jar:/usr/lib/jvm/temurin-8-jdk-amd64/jre/lib/rt.jar:/usr/lib/jvm/temurin-8-jdk-amd64/jre/lib/sunrsasign.jar:/usr/lib/jvm/temurin-8-jdk-amd64/jre/lib/jsse.jar:/usr/lib/jvm/temurin-8-jdk-amd64/jre/lib/jce.jar:/usr/lib/jvm/temurin-8-jdk-amd64/jre/lib/charsets.jar:/usr/lib/jvm/temurin-8-jdk-amd64/jre/lib/jfr.jar:/usr/lib/jvm/temurin-8-jdk-amd64/jre/classes"/>
    <property name="sun.management.compiler" value="HotSpot 64-Bit Tiered Compilers"/>
    <property name="skip.npx" value="true"/>
    <property name="java.runtime.version" value="1.8.0_362-b09"/>
    <property name="java.net.preferIPv4Stack" value="true"/>
    <property name="user.name" value="runner"/>
    <property name="path.separator" value=":"/>
    <property name="java.security.egd" value="file:///dev/urandom"/>
    <property name="os.version" value="5.15.0-1034-azure"/>
    <property name="java.endorsed.dirs" value="/usr/lib/jvm/temurin-8-jdk-amd64/jre/lib/endorsed"/>
    <property name="java.runtime.name" value="OpenJDK Runtime Environment"/>
    <property name="file.encoding" value="UTF-8"/>
    <property name="java.vm.name" value="OpenJDK 64-Bit Server VM"/>
    <property name="test.build.webapps" value=""/>
    <property name="localRepository" value="/home/runner/.m2/repository"/>
    <property name="jetty.git.hash" value="4231a3b2e4cb8548a412a789936d640a97b1aa0a"/>
    <property name="java.vendor.url.bug" value="https://github.com/adoptium/adoptium-support/issues"/>
    <property name="java.io.tmpdir" value="/tmp"/>
    <property name="require.test.libhadoop" value=""/>
    <property name="java.version" value="1.8.0_362"/>
    <property name="user.dir" value="/home/runner/work/ozone/ozone/hadoop-ozone/integration-test"/>
    <property name="os.arch" value="amd64"/>
    <property name="java.vm.specification.name" value="Java Virtual Machine Specification"/>
    <property name="test.build.classes" value="/home/runner/work/ozone/ozone/hadoop-ozone/integration-test/target/test-classes"/>
    <property name="java.awt.printerjob" value="sun.print.PSPrinterJob"/>
    <property name="sun.os.patch.level" value="unknown"/>
    <property name="org.apache.ratis.thirdparty.io.netty.allocator.useCacheForAllThreads" value="false"/>
    <property name="hadoop.tmp.dir" value="/home/runner/work/ozone/ozone/hadoop-ozone/integration-test/target/tmp"/>
    <property name="java.library.path" value="/usr/java/packages/lib/amd64:/usr/lib64:/lib64:/lib:/usr/lib"/>
    <property name="java.vm.info" value="mixed mode"/>
    <property name="java.vendor" value="Temurin"/>
    <property name="java.vm.version" value="25.362-b09"/>
    <property name="java.specification.maintenance.version" value="4"/>
    <property name="java.ext.dirs" value="/usr/lib/jvm/temurin-8-jdk-amd64/jre/lib/ext:/usr/java/packages/lib/ext"/>
    <property name="sun.io.unicode.encoding" value="UnicodeLittle"/>
    <property name="java.class.version" value="52.0"/>
  </properties>
  <testcase name="testRenameDirToItsOwnSubDir" classname="TestOzoneFileSystemWithFSO" time="20.936">
    <system-out><![CDATA[2023-03-15 05:43:37,797 [main] WARN  server.ServerUtils (ServerUtils.java:getScmDbDir(148)) - ozone.scm.db.dirs is not configured. We recommend adding this setting. Falling back to ozone.metadata.dirs instead.
2023-03-15 05:43:37,884 [main] WARN  server.ServerUtils (ServerUtils.java:getScmDbDir(148)) - ozone.scm.db.dirs is not configured. We recommend adding this setting. Falling back to ozone.metadata.dirs instead.
2023-03-15 05:43:37,894 [main] INFO  ha.SCMHANodeDetails (SCMHANodeDetails.java:loadSCMHAConfig(209)) - ServiceID for StorageContainerManager is null
2023-03-15 05:43:37,899 [main] WARN  ha.SCMHANodeDetails (SCMHANodeDetails.java:validateSCMHAConfig(182)) - Invalid config ozone.scm.ratis.enable. The config was not specified, but the default value true conflicts with the expected config value false. Falling back to the expected value. Current State of SCM: SCM is running in Non-HA without Ratis Ratis SCM -> Non Ratis SCM or Non HA SCM -> HA SCM is not supported
2023-03-15 05:43:37,900 [main] INFO  ha.SCMHANodeDetails (SCMHANodeDetails.java:loadSCMHAConfig(214)) - ozone.scm.default.service.id is not defined, falling back to ozone.scm.service.ids to find serviceID for StorageContainerManager if it is HA enabled cluster
2023-03-15 05:43:38,385 [main] WARN  utils.HAUtils (HAUtils.java:getMetaDir(342)) - ozone.scm.db.dirs is not configured. We recommend adding this setting. Falling back to ozone.metadata.dirs instead.
2023-03-15 05:43:38,533 [main] WARN  db.DBStoreBuilder (DBStoreBuilder.java:applyDBDefinition(172)) - ozone.scm.db.dirs is not configured. We recommend adding this setting. Falling back to ozone.metadata.dirs instead.
2023-03-15 05:43:38,726 [main] INFO  net.NodeSchemaLoader (NodeSchemaLoader.java:loadSchemaFromFile(129)) - Loading schema from [jar:file:/home/runner/.m2/repository/org/apache/ozone/hdds-common/1.4.0-SNAPSHOT/hdds-common-1.4.0-SNAPSHOT.jar!/network-topology-default.xml]
2023-03-15 05:43:38,727 [main] INFO  net.NodeSchemaLoader (NodeSchemaLoader.java:loadSchema(176)) - Loading network topology layer schema file
2023-03-15 05:43:38,772 [main] INFO  metrics.MetricRegistries (MetricRegistriesLoader.java:load(64)) - Loaded MetricRegistries class org.apache.ratis.metrics.impl.MetricRegistriesImpl
2023-03-15 05:43:38,777 [main] INFO  upgrade.AbstractLayoutVersionManager (AbstractLayoutVersionManager.java:init(83)) - Initializing Layout version manager with metadata layout = DATANODE_SCHEMA_V3 (version = 4), software layout = DATANODE_SCHEMA_V3 (version = 4)
2023-03-15 05:43:39,016 [main] INFO  reflections.Reflections (Reflections.java:scan(232)) - Reflections took 160 ms to scan 7 urls, producing 155 keys and 368 values 
2023-03-15 05:43:39,129 [main] INFO  ha.SequenceIdGenerator (SequenceIdGenerator.java:upgradeToSequenceId(349)) - upgrade localId to 111677748019200000
2023-03-15 05:43:39,129 [main] INFO  ha.SequenceIdGenerator (SequenceIdGenerator.java:upgradeToSequenceId(359)) - upgrade delTxnId to 0
2023-03-15 05:43:39,133 [main] INFO  ha.SequenceIdGenerator (SequenceIdGenerator.java:upgradeToSequenceId(376)) - upgrade containerId to 0
2023-03-15 05:43:39,135 [main] INFO  ha.SequenceIdGenerator (SequenceIdGenerator.java:<init>(220)) - Init the HA SequenceIdGenerator.
2023-03-15 05:43:39,190 [main] WARN  server.ServerUtils (ServerUtils.java:sanitizeUserArgs(73)) - ozone.scm.stale.node.interval value = 300000 is larger than max = 100000 based on the key value of ozone.scm.heartbeat.thread.interval, reset to the max value 100000.
2023-03-15 05:43:39,191 [main] WARN  server.ServerUtils (ServerUtils.java:sanitizeUserArgs(73)) - ozone.scm.stale.node.interval value = 300000 is larger than max = 100000 based on the key value of ozone.scm.heartbeat.thread.interval, reset to the max value 100000.
2023-03-15 05:43:39,197 [main] INFO  node.SCMNodeManager (SCMNodeManager.java:<init>(156)) - Entering startup safe mode.
2023-03-15 05:43:39,274 [main] INFO  algorithms.ContainerPlacementPolicyFactory (ContainerPlacementPolicyFactory.java:getPolicyInternal(86)) - Create container placement policy of type org.apache.hadoop.hdds.scm.container.placement.algorithms.SCMContainerPlacementRandom
2023-03-15 05:43:39,277 [main] INFO  algorithms.ContainerPlacementPolicyFactory (ContainerPlacementPolicyFactory.java:getPolicyInternal(86)) - Create container placement policy of type org.apache.hadoop.hdds.scm.container.placement.algorithms.SCMContainerPlacementRackScatter
2023-03-15 05:43:39,286 [main] INFO  pipeline.PipelineStateManagerImpl (PipelineStateManagerImpl.java:initialize(78)) - No pipeline exists in current db
2023-03-15 05:43:39,322 [main] INFO  algorithms.LeaderChoosePolicyFactory (LeaderChoosePolicyFactory.java:getPolicy(57)) - Create leader choose policy of type org.apache.hadoop.hdds.scm.pipeline.leader.choose.algorithms.MinLeaderCountChoosePolicy
2023-03-15 05:43:39,322 [main] INFO  algorithms.ContainerPlacementPolicyFactory (ContainerPlacementPolicyFactory.java:getPolicyInternal(86)) - Create container placement policy of type org.apache.hadoop.hdds.scm.container.placement.algorithms.SCMContainerPlacementRackScatter
2023-03-15 05:43:39,331 [main] INFO  ha.SCMServiceManager (SCMServiceManager.java:register(42)) - Registering service BackgroundPipelineCreator.
2023-03-15 05:43:39,331 [main] INFO  pipeline.BackgroundPipelineCreator (BackgroundPipelineCreator.java:start(124)) - Starting RatisPipelineUtilsThread.
2023-03-15 05:43:39,337 [main] INFO  BackgroundPipelineScrubber (BackgroundSCMService.java:start(68)) - Starting BackgroundPipelineScrubber Service.
2023-03-15 05:43:39,342 [main] INFO  ha.SCMServiceManager (SCMServiceManager.java:register(42)) - Registering service BackgroundPipelineScrubber.
2023-03-15 05:43:39,350 [main] INFO  ExpiredContainerReplicaOpScrubber (BackgroundSCMService.java:start(68)) - Starting ExpiredContainerReplicaOpScrubber Service.
2023-03-15 05:43:39,351 [main] INFO  ha.SCMServiceManager (SCMServiceManager.java:register(42)) - Registering service ExpiredContainerReplicaOpScrubber.
2023-03-15 05:43:39,397 [main] INFO  algorithms.PipelineChoosePolicyFactory (PipelineChoosePolicyFactory.java:createPipelineChoosePolicyFromClass(73)) - Create pipeline choose policy of type org.apache.hadoop.hdds.scm.pipeline.choose.algorithms.RandomPipelineChoosePolicy
2023-03-15 05:43:39,412 [main] INFO  ha.SCMServiceManager (SCMServiceManager.java:register(42)) - Registering service SCMBlockDeletingService.
2023-03-15 05:43:39,463 [main] INFO  replication.ReplicationManager (ReplicationManager.java:start(271)) - Starting Replication Monitor Thread.
2023-03-15 05:43:39,469 [ReplicationMonitor] INFO  replication.ReplicationManager (ReplicationManager.java:processAll(346)) - Replication Manager is not ready to run until 3000ms after safemode exit
2023-03-15 05:43:39,470 [main] INFO  ha.SCMServiceManager (SCMServiceManager.java:register(42)) - Registering service ReplicationManager.
2023-03-15 05:43:39,483 [main] INFO  safemode.ContainerSafeModeRule (ContainerSafeModeRule.java:<init>(89)) - containers with one replica threshold count 0
2023-03-15 05:43:39,486 [main] INFO  safemode.HealthyPipelineSafeModeRule (HealthyPipelineSafeModeRule.java:initializeRule(169)) - Total pipeline count is 0, healthy pipeline threshold count is 1
2023-03-15 05:43:39,488 [main] INFO  safemode.OneReplicaPipelineSafeModeRule (OneReplicaPipelineSafeModeRule.java:initializeRule(180)) - Total pipeline count is 0, pipeline's with at least one datanode reported threshold count is 0
2023-03-15 05:43:39,528 [main] INFO  server.StorageContainerManager (StorageContainerManager.java:<init>(392)) - SCM start with adminUsers: [runner]
2023-03-15 05:43:39,773 [main] INFO  audit.AuditLogger (AuditLogger.java:refreshDebugCmdSet(126)) - Refresh DebugCmdSet for SCMAudit to [].
2023-03-15 05:43:39,802 [main] INFO  ipc.CallQueueManager (CallQueueManager.java:<init>(90)) - Using callQueue: class java.util.concurrent.LinkedBlockingQueue, queueCapacity: 2000, scheduler: class org.apache.hadoop.ipc.DefaultRpcScheduler, ipcBackoff: false.
2023-03-15 05:43:39,839 [Socket Reader #1 for port 0] INFO  ipc.Server (Server.java:run(1273)) - Starting Socket Reader #1 for port 0
2023-03-15 05:43:39,926 [Listener at 0.0.0.0/35443] INFO  audit.AuditLogger (AuditLogger.java:refreshDebugCmdSet(126)) - Refresh DebugCmdSet for SCMAudit to [].
2023-03-15 05:43:39,937 [Listener at 0.0.0.0/35443] INFO  ipc.CallQueueManager (CallQueueManager.java:<init>(90)) - Using callQueue: class java.util.concurrent.LinkedBlockingQueue, queueCapacity: 2000, scheduler: class org.apache.hadoop.ipc.DefaultRpcScheduler, ipcBackoff: false.
2023-03-15 05:43:39,938 [Socket Reader #1 for port 0] INFO  ipc.Server (Server.java:run(1273)) - Starting Socket Reader #1 for port 0
2023-03-15 05:43:40,034 [Listener at 0.0.0.0/34451] INFO  audit.AuditLogger (AuditLogger.java:refreshDebugCmdSet(126)) - Refresh DebugCmdSet for SCMAudit to [].
2023-03-15 05:43:40,048 [Listener at 0.0.0.0/34451] INFO  ipc.CallQueueManager (CallQueueManager.java:<init>(90)) - Using callQueue: class java.util.concurrent.LinkedBlockingQueue, queueCapacity: 2000, scheduler: class org.apache.hadoop.ipc.DefaultRpcScheduler, ipcBackoff: false.
2023-03-15 05:43:40,050 [Socket Reader #1 for port 0] INFO  ipc.Server (Server.java:run(1273)) - Starting Socket Reader #1 for port 0
2023-03-15 05:43:40,103 [Listener at 0.0.0.0/45517] INFO  ha.SCMServiceManager (SCMServiceManager.java:register(42)) - Registering service ContainerBalancer.
2023-03-15 05:43:40,107 [Listener at 0.0.0.0/45517] INFO  server.StorageContainerManager (StorageContainerManager.java:<init>(407)) - 
Container Balancer status:
Key                            Value
Running                        true
Container Balancer Configuration values:
Key                                                Value
Threshold                                          10
Max Datanodes to Involve per Iteration(percent)    20
Max Size to Move per Iteration                     500GB
Max Size Entering Target per Iteration             26GB
Max Size Leaving Source per Iteration              26GB

2023-03-15 05:43:40,107 [Listener at 0.0.0.0/45517] INFO  ha.SCMContext (SCMContext.java:updateSafeModeStatus(228)) - Update SafeModeStatus from SafeModeStatus{safeModeStatus=true, preCheckPassed=false} to SafeModeStatus{safeModeStatus=true, preCheckPassed=false}.
2023-03-15 05:43:40,114 [Listener at 0.0.0.0/45517] INFO  server.StorageContainerManager (StorageContainerManager.java:start(1437)) - StorageContainerLocationProtocol RPC server is listening at /0.0.0.0:45517
2023-03-15 05:43:40,182 [Listener at 0.0.0.0/45517] WARN  impl.MetricsConfig (MetricsConfig.java:loadFirst(136)) - Cannot locate configuration: tried hadoop-metrics2-storagecontainermanager.properties,hadoop-metrics2.properties
2023-03-15 05:43:40,195 [Listener at 0.0.0.0/45517] INFO  impl.MetricsSystemImpl (MetricsSystemImpl.java:startTimer(378)) - Scheduled Metric snapshot period at 10 second(s).
2023-03-15 05:43:40,195 [Listener at 0.0.0.0/45517] INFO  impl.MetricsSystemImpl (MetricsSystemImpl.java:start(191)) - StorageContainerManager metrics system started
2023-03-15 05:43:40,426 [Listener at 0.0.0.0/45517] INFO  server.SCMClientProtocolServer (SCMClientProtocolServer.java:start(194)) - RPC server for Client  is listening at /0.0.0.0:45517
2023-03-15 05:43:40,427 [IPC Server Responder] INFO  ipc.Server (Server.java:run(1512)) - IPC Server Responder: starting
2023-03-15 05:43:40,428 [IPC Server listener on 0] INFO  ipc.Server (Server.java:run(1352)) - IPC Server listener on 0: starting
2023-03-15 05:43:40,430 [Listener at 0.0.0.0/45517] INFO  server.StorageContainerManager (StorageContainerManager.java:start(1451)) - ScmBlockLocationProtocol RPC server is listening at /0.0.0.0:34451
2023-03-15 05:43:40,431 [Listener at 0.0.0.0/45517] INFO  server.SCMBlockProtocolServer (SCMBlockProtocolServer.java:start(152)) - RPC server for Block Protocol is listening at /0.0.0.0:34451
2023-03-15 05:43:40,431 [IPC Server Responder] INFO  ipc.Server (Server.java:run(1512)) - IPC Server Responder: starting
2023-03-15 05:43:40,432 [IPC Server listener on 0] INFO  ipc.Server (Server.java:run(1352)) - IPC Server listener on 0: starting
2023-03-15 05:43:40,434 [Listener at 0.0.0.0/45517] INFO  server.SCMDatanodeProtocolServer (SCMDatanodeProtocolServer.java:start(193)) - ScmDatanodeProtocol RPC server for DataNodes is listening at /0.0.0.0:35443
2023-03-15 05:43:40,435 [IPC Server Responder] INFO  ipc.Server (Server.java:run(1512)) - IPC Server Responder: starting
2023-03-15 05:43:40,435 [IPC Server listener on 0] INFO  ipc.Server (Server.java:run(1352)) - IPC Server listener on 0: starting
2023-03-15 05:43:40,456 [org.apache.hadoop.util.JvmPauseMonitor$Monitor@9fd5dd0] INFO  util.JvmPauseMonitor (JvmPauseMonitor.java:run(188)) - Starting JVM pause monitor
2023-03-15 05:43:40,462 [Listener at 0.0.0.0/45517] INFO  http.BaseHttpServer (BaseHttpServer.java:newHttpServer2BuilderForOzone(224)) - Starting Web-server for scm at: http://0.0.0.0:0
2023-03-15 05:43:40,462 [Listener at 0.0.0.0/45517] INFO  http.BaseHttpServer (BaseHttpServer.java:<init>(111)) - Hadoop Security Enabled: false Ozone Security Enabled: false Ozone HTTP Security Enabled: false 
2023-03-15 05:43:40,485 [Listener at 0.0.0.0/45517] INFO  util.log (Log.java:initialized(170)) - Logging initialized @4164ms to org.eclipse.jetty.util.log.Slf4jLog
2023-03-15 05:43:40,573 [Listener at 0.0.0.0/45517] WARN  server.AuthenticationFilter (AuthenticationFilter.java:constructSecretProvider(240)) - Unable to initialize FileSignerSecretProvider, falling back to use random secrets. Reason: Could not read signature secret file: /home/runner/hadoop-http-auth-signature-secret
2023-03-15 05:43:40,579 [Listener at 0.0.0.0/45517] WARN  http.HttpRequestLog (HttpRequestLog.java:getRequestLog(103)) - Jetty request log can only be enabled using Log4j
2023-03-15 05:43:40,588 [Listener at 0.0.0.0/45517] INFO  http.HttpServer2 (HttpServer2.java:addGlobalFilter(1031)) - Added global filter 'safety' (class=org.apache.hadoop.hdds.server.http.HttpServer2$QuotingInputFilter)
2023-03-15 05:43:40,592 [Listener at 0.0.0.0/45517] INFO  http.HttpServer2 (HttpServer2.java:addFilter(1007)) - Added filter static_user_filter (class=org.apache.hadoop.http.lib.StaticUserWebFilter$StaticUserFilter) to context scm
2023-03-15 05:43:40,592 [Listener at 0.0.0.0/45517] INFO  http.HttpServer2 (HttpServer2.java:addFilter(1015)) - Added filter static_user_filter (class=org.apache.hadoop.http.lib.StaticUserWebFilter$StaticUserFilter) to context static
2023-03-15 05:43:40,592 [Listener at 0.0.0.0/45517] INFO  http.HttpServer2 (HttpServer2.java:addFilter(1015)) - Added filter static_user_filter (class=org.apache.hadoop.http.lib.StaticUserWebFilter$StaticUserFilter) to context logs
2023-03-15 05:43:40,637 [Listener at 0.0.0.0/45517] INFO  http.BaseHttpServer (BaseHttpServer.java:<init>(190)) - HTTP server of scm uses base directory /home/runner/work/ozone/ozone/hadoop-ozone/integration-test/target/test-dir/MiniOzoneClusterImpl-257c5be2-ab76-4353-a1eb-ea8c6614f538/ozone-meta/webserver
2023-03-15 05:43:40,639 [Listener at 0.0.0.0/45517] INFO  http.HttpServer2 (HttpServer2.java:bindListener(1250)) - Jetty bound to port 37735
2023-03-15 05:43:40,641 [Listener at 0.0.0.0/45517] INFO  server.Server (Server.java:doStart(375)) - jetty-9.4.49.v20220914; built: 2022-09-14T01:07:36.601Z; git: 4231a3b2e4cb8548a412a789936d640a97b1aa0a; jvm 1.8.0_362-b09
2023-03-15 05:43:40,675 [Listener at 0.0.0.0/45517] INFO  server.session (DefaultSessionIdManager.java:doStart(334)) - DefaultSessionIdManager workerName=node0
2023-03-15 05:43:40,675 [Listener at 0.0.0.0/45517] INFO  server.session (DefaultSessionIdManager.java:doStart(339)) - No SessionScavenger set, using defaults
2023-03-15 05:43:40,677 [Listener at 0.0.0.0/45517] INFO  server.session (HouseKeeper.java:startScavenging(132)) - node0 Scavenging every 660000ms
2023-03-15 05:43:40,691 [Listener at 0.0.0.0/45517] INFO  handler.ContextHandler (ContextHandler.java:doStart(921)) - Started o.e.j.s.ServletContextHandler@4f4b7a2e{logs,/logs,file:///home/runner/work/ozone/ozone/hadoop-ozone/integration-test/target/log,AVAILABLE}
2023-03-15 05:43:40,692 [Listener at 0.0.0.0/45517] INFO  handler.ContextHandler (ContextHandler.java:doStart(921)) - Started o.e.j.s.ServletContextHandler@4e3bc13b{static,/static,file:///home/runner/work/ozone/ozone/hadoop-ozone/integration-test/target/test-classes/webapps/static,AVAILABLE}
2023-03-15 05:43:40,742 [Listener at 0.0.0.0/45517] INFO  handler.ContextHandler (ContextHandler.java:doStart(921)) - Started o.e.j.w.WebAppContext@5e6ad84c{scm,/,file:///home/runner/work/ozone/ozone/hadoop-ozone/integration-test/target/test-classes/webapps/scm/,AVAILABLE}{file:/home/runner/work/ozone/ozone/hadoop-ozone/integration-test/target/test-classes/webapps/scm}
2023-03-15 05:43:40,752 [Listener at 0.0.0.0/45517] INFO  server.AbstractConnector (AbstractConnector.java:doStart(333)) - Started ServerConnector@1f67d37f{HTTP/1.1, (http/1.1)}{0.0.0.0:37735}
2023-03-15 05:43:40,752 [Listener at 0.0.0.0/45517] INFO  server.Server (Server.java:doStart(415)) - Started @4430ms
2023-03-15 05:43:40,757 [Listener at 0.0.0.0/45517] INFO  impl.MetricsSinkAdapter (MetricsSinkAdapter.java:start(204)) - Sink prometheus started
2023-03-15 05:43:40,757 [Listener at 0.0.0.0/45517] INFO  impl.MetricsSystemImpl (MetricsSystemImpl.java:registerSink(305)) - Registered sink prometheus
2023-03-15 05:43:40,758 [Listener at 0.0.0.0/45517] INFO  http.BaseHttpServer (BaseHttpServer.java:updateConnectorAddress(344)) - HTTP server of scm listening at http://0.0.0.0:37735
2023-03-15 05:43:40,760 [Listener at 0.0.0.0/45517] WARN  server.ServerUtils (ServerUtils.java:getDBPath(225)) - ozone.om.db.dirs is not configured. We recommend adding this setting. Falling back to ozone.metadata.dirs instead.
2023-03-15 05:43:40,828 [Listener at 0.0.0.0/45517] INFO  audit.AuditLogger (AuditLogger.java:refreshDebugCmdSet(126)) - Refresh DebugCmdSet for OMAudit to [].
2023-03-15 05:43:40,904 [Listener at 0.0.0.0/45517] INFO  ha.OMHANodeDetails (OMHANodeDetails.java:loadOMHAConfig(115)) - ozone.om.internal.service.id is not defined, falling back to ozone.om.service.ids to find serviceID for OzoneManager if it is HA enabled cluster
2023-03-15 05:43:40,908 [Listener at 0.0.0.0/45517] INFO  ha.OMHANodeDetails (OMHANodeDetails.java:loadOMHAConfig(226)) - Configuration does not have ozone.om.address set. Falling back to the default OM address /127.0.0.1:0
2023-03-15 05:43:40,911 [Listener at 0.0.0.0/45517] INFO  ha.OMHANodeDetails (OMHANodeDetails.java:getOMNodeDetailsForNonHA(254)) - OM Service ID is not set. Setting it to the default ID: omServiceIdDefault
2023-03-15 05:43:40,911 [Listener at 0.0.0.0/45517] INFO  ha.OMHANodeDetails (OMHANodeDetails.java:getOMNodeDetailsForNonHA(261)) - OM Node ID is not set. Setting it to the default ID: om1
2023-03-15 05:43:40,915 [Listener at 0.0.0.0/45517] WARN  server.ServerUtils (ServerUtils.java:getDBPath(225)) - ozone.om.db.dirs is not configured. We recommend adding this setting. Falling back to ozone.metadata.dirs instead.
2023-03-15 05:43:40,918 [Listener at 0.0.0.0/45517] INFO  upgrade.AbstractLayoutVersionManager (AbstractLayoutVersionManager.java:init(83)) - Initializing Layout version manager with metadata layout = MULTITENANCY_SCHEMA (version = 3), software layout = MULTITENANCY_SCHEMA (version = 3)
2023-03-15 05:43:41,010 [Listener at 0.0.0.0/45517] INFO  reflections.Reflections (Reflections.java:scan(232)) - Reflections took 87 ms to scan 2 urls, producing 167 keys and 464 values [using 2 cores]
2023-03-15 05:43:41,017 [Listener at 0.0.0.0/45517] INFO  upgrade.OMLayoutVersionManager (OMLayoutVersionManager.java:lambda$0(115)) - Skipping Upgrade Action MockOmUpgradeAction since it has been finalized.
2023-03-15 05:43:41,018 [Listener at 0.0.0.0/45517] WARN  server.ServerUtils (ServerUtils.java:getDBPath(225)) - ozone.om.db.dirs is not configured. We recommend adding this setting. Falling back to ozone.metadata.dirs instead.
2023-03-15 05:43:41,172 [Listener at 0.0.0.0/45517] INFO  proxy.SCMBlockLocationFailoverProxyProvider (SCMBlockLocationFailoverProxyProvider.java:<init>(114)) - Created block location fail-over proxy with 1 nodes: [nodeId=scmNodeId,nodeAddress=/0.0.0.0:34451]
2023-03-15 05:43:41,206 [Listener at 0.0.0.0/45517] INFO  proxy.SCMBlockLocationFailoverProxyProvider (SCMBlockLocationFailoverProxyProvider.java:<init>(114)) - Created block location fail-over proxy with 1 nodes: [nodeId=scmNodeId,nodeAddress=/0.0.0.0:34451]
2023-03-15 05:43:41,398 [Listener at 0.0.0.0/45517] INFO  om.OzoneManager (OzoneManager.java:<init>(620)) - OM start with adminUsers: [runner]
2023-03-15 05:43:41,410 [Listener at 0.0.0.0/45517] WARN  server.ServerUtils (ServerUtils.java:getDBPath(225)) - ozone.om.db.dirs is not configured. We recommend adding this setting. Falling back to ozone.metadata.dirs instead.
2023-03-15 05:43:41,437 [Listener at 0.0.0.0/45517] INFO  codec.OmKeyInfoCodec (OmKeyInfoCodec.java:<init>(49)) - OmKeyInfoCodec ignorePipeline = true
2023-03-15 05:43:41,440 [Listener at 0.0.0.0/45517] INFO  codec.RepeatedOmKeyInfoCodec (RepeatedOmKeyInfoCodec.java:<init>(41)) - RepeatedOmKeyInfoCodec ignorePipeline = true
2023-03-15 05:43:41,657 [Listener at 0.0.0.0/45517] INFO  om.OzoneManager (OzoneManager.java:instantiateServices(750)) - S3 Multi-Tenancy is disabled
2023-03-15 05:43:41,693 [Listener at 0.0.0.0/45517] WARN  server.ServerUtils (ServerUtils.java:getDBPath(225)) - ozone.om.snapshot.diff.db.dir is not configured. We recommend adding this setting. Falling back to ozone.metadata.dirs instead.
2023-03-15 05:43:41,768 [Listener at 0.0.0.0/45517] INFO  om.OzoneManager (OzoneManager.java:addS3GVolumeToDB(4228)) - Created Volume s3v With Owner runner required for S3Gateway operations.
2023-03-15 05:43:41,826 [Listener at 0.0.0.0/45517] WARN  server.ServerUtils (ServerUtils.java:getDefaultRatisDirectory(237)) - Storage directory for Ratis is not configured. It is a good idea to map this to an SSD disk. Falling back to ozone.metadata.dirs
2023-03-15 05:43:41,826 [Listener at 0.0.0.0/45517] WARN  utils.OzoneManagerRatisUtils (OzoneManagerRatisUtils.java:getOMRatisSnapshotDirectory(439)) - ozone.om.ratis.snapshot.dir is not configured. Falling back to ozone.metadata.dirs config
2023-03-15 05:43:41,844 [Listener at 0.0.0.0/45517] WARN  server.ServerUtils (ServerUtils.java:getDefaultRatisDirectory(237)) - Storage directory for Ratis is not configured. It is a good idea to map this to an SSD disk. Falling back to ozone.metadata.dirs
2023-03-15 05:43:41,874 [Listener at 0.0.0.0/45517] INFO  ratis.OzoneManagerRatisServer (OzoneManagerRatisServer.java:<init>(164)) - Instantiating OM Ratis server with groupID: omServiceIdDefault and peers: localhost:9872
2023-03-15 05:43:41,882 [Listener at 0.0.0.0/45517] INFO  ratis.OzoneManagerStateMachine (OzoneManagerStateMachine.java:loadSnapshotInfoFromDB(636)) - LastAppliedIndex is set from TransactionInfo from OM DB as (t:0, i:~)
2023-03-15 05:43:41,931 [Listener at 0.0.0.0/45517] INFO  server.RaftServer (ConfUtils.java:logGet(46)) - raft.rpc.type = GRPC (default)
2023-03-15 05:43:41,999 [Listener at 0.0.0.0/45517] INFO  grpc.GrpcConfigKeys (ConfUtils.java:logFallback(53)) - raft.grpc.admin.host = null (fallback to raft.grpc.server.host)
2023-03-15 05:43:42,001 [Listener at 0.0.0.0/45517] INFO  grpc.GrpcConfigKeys (ConfUtils.java:logFallback(53)) - raft.grpc.admin.port = 9872 (fallback to raft.grpc.server.port)
2023-03-15 05:43:42,001 [Listener at 0.0.0.0/45517] INFO  grpc.GrpcConfigKeys (ConfUtils.java:logFallback(53)) - raft.grpc.client.host = null (fallback to raft.grpc.server.host)
2023-03-15 05:43:42,004 [Listener at 0.0.0.0/45517] INFO  grpc.GrpcConfigKeys (ConfUtils.java:logFallback(53)) - raft.grpc.client.port = 9872 (fallback to raft.grpc.server.port)
2023-03-15 05:43:42,005 [Listener at 0.0.0.0/45517] INFO  grpc.GrpcConfigKeys (ConfUtils.java:logGet(46)) - raft.grpc.server.host = null (default)
2023-03-15 05:43:42,005 [Listener at 0.0.0.0/45517] INFO  grpc.GrpcConfigKeys (ConfUtils.java:logGet(46)) - raft.grpc.server.port = 9872 (custom)
2023-03-15 05:43:42,008 [Listener at 0.0.0.0/45517] INFO  server.GrpcService (ConfUtils.java:logGet(46)) - raft.grpc.message.size.max = 33554432 (custom)
2023-03-15 05:43:42,009 [Listener at 0.0.0.0/45517] INFO  server.RaftServerConfigKeys (ConfUtils.java:logGet(46)) - raft.server.log.appender.buffer.byte-limit = 33554432 (custom)
2023-03-15 05:43:42,010 [Listener at 0.0.0.0/45517] INFO  server.GrpcService (ConfUtils.java:logGet(46)) - raft.grpc.flow.control.window = 1MB (=1048576) (default)
2023-03-15 05:43:42,011 [Listener at 0.0.0.0/45517] INFO  server.RaftServerConfigKeys (ConfUtils.java:logGet(46)) - raft.server.rpc.request.timeout = 3000ms (default)
2023-03-15 05:43:42,021 [Listener at 0.0.0.0/45517] INFO  grpc.GrpcConfigKeys (ConfUtils.java:logGet(46)) - raft.grpc.server.heartbeat.channel = true (default)
2023-03-15 05:43:42,023 [Listener at 0.0.0.0/45517] INFO  grpc.GrpcConfigKeys (ConfUtils.java:logGet(46)) - raft.grpc.server.async.request.thread.pool.cached = true (default)
2023-03-15 05:43:42,024 [Listener at 0.0.0.0/45517] INFO  grpc.GrpcConfigKeys (ConfUtils.java:logGet(46)) - raft.grpc.server.async.request.thread.pool.size = 32 (default)
2023-03-15 05:43:42,221 [Listener at 0.0.0.0/45517] INFO  impl.DataStreamServerImpl (ConfUtils.java:logGet(46)) - raft.datastream.type = DISABLED (default)
2023-03-15 05:43:42,228 [Listener at 0.0.0.0/45517] INFO  server.RaftServerConfigKeys (ConfUtils.java:logGet(46)) - raft.server.threadpool.proxy.cached = true (default)
2023-03-15 05:43:42,231 [Listener at 0.0.0.0/45517] INFO  server.RaftServerConfigKeys (ConfUtils.java:logGet(46)) - raft.server.threadpool.proxy.size = 0 (default)
2023-03-15 05:43:42,231 [Listener at 0.0.0.0/45517] INFO  server.RaftServerConfigKeys (ConfUtils.java:logGet(46)) - raft.server.rpc.slowness.timeout = 120s (custom)
2023-03-15 05:43:42,231 [Listener at 0.0.0.0/45517] INFO  server.RaftServerConfigKeys (ConfUtils.java:logGet(46)) - raft.server.leaderelection.leader.step-down.wait-time = 10s (default)
2023-03-15 05:43:42,235 [Listener at 0.0.0.0/45517] INFO  server.RaftServerConfigKeys (ConfUtils.java:logGet(46)) - raft.server.storage.dir = [/home/runner/work/ozone/ozone/hadoop-ozone/integration-test/target/test-dir/MiniOzoneClusterImpl-257c5be2-ab76-4353-a1eb-ea8c6614f538/ozone-meta/ratis] (custom)
2023-03-15 05:43:42,247 [Listener at 0.0.0.0/45517] INFO  server.RaftServer (RaftServerProxy.java:addNew(96)) - om1: addNew group-C5BA1605619E:[om1|rpc:localhost:9872|priority:0|startupRole:FOLLOWER] returns group-C5BA1605619E:java.util.concurrent.CompletableFuture@48306cc8[Not completed]
2023-03-15 05:43:42,247 [Listener at 0.0.0.0/45517] INFO  om.OzoneManager (OzoneManager.java:initializeRatisServer(2107)) - OzoneManager Ratis server initialized at port 9872
2023-03-15 05:43:42,250 [Listener at 0.0.0.0/45517] INFO  om.OzoneManager (OzoneManager.java:getRpcServer(1134)) - Creating RPC Server
2023-03-15 05:43:42,270 [pool-57-thread-1] INFO  server.RaftServer$Division (RaftServerImpl.java:<init>(195)) - om1: new RaftServerImpl for group-C5BA1605619E:[om1|rpc:localhost:9872|priority:0|startupRole:FOLLOWER] with OzoneManagerStateMachine:uninitialized
2023-03-15 05:43:42,272 [pool-57-thread-1] INFO  server.RaftServerConfigKeys (ConfUtils.java:logGet(46)) - raft.server.rpc.timeout.min = 1s (custom)
2023-03-15 05:43:42,272 [pool-57-thread-1] INFO  server.RaftServerConfigKeys (ConfUtils.java:logGet(46)) - raft.server.rpc.timeout.max = 1200ms (custom)
2023-03-15 05:43:42,272 [pool-57-thread-1] INFO  server.RaftServerConfigKeys (ConfUtils.java:logGet(46)) - raft.server.rpc.sleep.time = 25ms (default)
2023-03-15 05:43:42,272 [pool-57-thread-1] INFO  server.RaftServerConfigKeys (ConfUtils.java:logGet(46)) - raft.server.rpc.slowness.timeout = 120s (custom)
2023-03-15 05:43:42,273 [pool-57-thread-1] INFO  server.RaftServerConfigKeys (ConfUtils.java:logGet(46)) - raft.server.leaderelection.leader.step-down.wait-time = 10s (default)
2023-03-15 05:43:42,273 [pool-57-thread-1] INFO  server.RaftServerConfigKeys (ConfUtils.java:logGet(46)) - raft.server.sleep.deviation.threshold = 300ms (default)
2023-03-15 05:43:42,279 [pool-57-thread-1] INFO  server.RaftServer$Division (ServerState.java:<init>(118)) - om1@group-C5BA1605619E: ConfigurationManager, init=-1: peers:[om1|rpc:localhost:9872|priority:0|startupRole:FOLLOWER]|listeners:[], old=null, confs=<EMPTY_MAP>
2023-03-15 05:43:42,279 [pool-57-thread-1] INFO  server.RaftServerConfigKeys (ConfUtils.java:logGet(46)) - raft.server.storage.dir = [/home/runner/work/ozone/ozone/hadoop-ozone/integration-test/target/test-dir/MiniOzoneClusterImpl-257c5be2-ab76-4353-a1eb-ea8c6614f538/ozone-meta/ratis] (custom)
2023-03-15 05:43:42,293 [pool-57-thread-1] INFO  server.RaftServerConfigKeys (ConfUtils.java:logGet(46)) - raft.server.log.corruption.policy = EXCEPTION (default)
2023-03-15 05:43:42,293 [pool-57-thread-1] INFO  server.RaftServerConfigKeys (ConfUtils.java:logGet(46)) - raft.server.storage.free-space.min = 0MB (=0) (default)
2023-03-15 05:43:42,307 [pool-57-thread-1] INFO  server.RaftServerConfigKeys (ConfUtils.java:logGet(46)) - raft.server.notification.no-leader.timeout = 120s (custom)
2023-03-15 05:43:42,312 [pool-57-thread-1] INFO  server.RaftServerConfigKeys (ConfUtils.java:logGet(46)) - raft.server.retrycache.expirytime = 300s (custom)
2023-03-15 05:43:42,312 [pool-57-thread-1] INFO  server.RaftServerConfigKeys (ConfUtils.java:logGet(46)) - raft.server.retrycache.statistics.expirytime = 100μs (default)
2023-03-15 05:43:42,427 [pool-57-thread-1] INFO  server.RaftServerConfigKeys (ConfUtils.java:logGet(46)) - raft.server.log.appender.install.snapshot.enabled = false (custom)
2023-03-15 05:43:42,427 [pool-57-thread-1] INFO  server.RaftServerConfigKeys (ConfUtils.java:logGet(46)) - raft.server.threadpool.server.cached = true (default)
2023-03-15 05:43:42,429 [pool-57-thread-1] INFO  server.RaftServerConfigKeys (ConfUtils.java:logGet(46)) - raft.server.threadpool.server.size = 0 (default)
2023-03-15 05:43:42,430 [pool-57-thread-1] INFO  server.RaftServerConfigKeys (ConfUtils.java:logGet(46)) - raft.server.threadpool.client.cached = true (default)
2023-03-15 05:43:42,430 [pool-57-thread-1] INFO  server.RaftServerConfigKeys (ConfUtils.java:logGet(46)) - raft.server.threadpool.client.size = 0 (default)
2023-03-15 05:43:42,457 [Finalizer] WARN  managed.ManagedRocksObjectUtils (ManagedRocksObjectUtils.java:assertClosed(54)) - RocksIterator is not closed properly
2023-03-15 05:43:43,011 [Listener at 0.0.0.0/45517] INFO  reflections.Reflections (Reflections.java:scan(232)) - Reflections took 684 ms to scan 19 urls, producing 68 keys and 4936 values [using 2 cores]
2023-03-15 05:43:43,171 [Listener at 0.0.0.0/45517] INFO  ipc.CallQueueManager (CallQueueManager.java:<init>(90)) - Using callQueue: class java.util.concurrent.LinkedBlockingQueue, queueCapacity: 2000, scheduler: class org.apache.hadoop.ipc.DefaultRpcScheduler, ipcBackoff: false.
2023-03-15 05:43:43,172 [Socket Reader #1 for port 0] INFO  ipc.Server (Server.java:run(1273)) - Starting Socket Reader #1 for port 0
2023-03-15 05:43:43,204 [Listener at 127.0.0.1/43369] INFO  impl.MetricsSystemImpl (MetricsSystemImpl.java:init(158)) - OzoneManager metrics system started (again)
2023-03-15 05:43:43,217 [Listener at 127.0.0.1/43369] INFO  om.OzoneManager (OzoneManager.java:start(1564)) - OzoneManager RPC server is listening at localhost/127.0.0.1:43369
2023-03-15 05:43:43,217 [Listener at 127.0.0.1/43369] INFO  ratis.OzoneManagerRatisServer (OzoneManagerRatisServer.java:start(559)) - Starting OzoneManagerRatisServer om1 at port 9872
2023-03-15 05:43:43,220 [om1-impl-thread1] INFO  storage.RaftStorageDirectory (RaftStorageDirectoryImpl.java:analyzeStorage(137)) - The storage directory /home/runner/work/ozone/ozone/hadoop-ozone/integration-test/target/test-dir/MiniOzoneClusterImpl-257c5be2-ab76-4353-a1eb-ea8c6614f538/ozone-meta/ratis/bf265839-605b-3f16-9796-c5ba1605619e does not exist. Creating ...
2023-03-15 05:43:43,223 [om1-impl-thread1] INFO  storage.RaftStorageDirectory (RaftStorageDirectoryImpl.java:tryLock(231)) - Lock on /home/runner/work/ozone/ozone/hadoop-ozone/integration-test/target/test-dir/MiniOzoneClusterImpl-257c5be2-ab76-4353-a1eb-ea8c6614f538/ozone-meta/ratis/bf265839-605b-3f16-9796-c5ba1605619e/in_use.lock acquired by nodename 67552@fv-az390-885
2023-03-15 05:43:43,228 [om1-impl-thread1] INFO  storage.RaftStorage (RaftStorageImpl.java:format(96)) - Storage directory /home/runner/work/ozone/ozone/hadoop-ozone/integration-test/target/test-dir/MiniOzoneClusterImpl-257c5be2-ab76-4353-a1eb-ea8c6614f538/ozone-meta/ratis/bf265839-605b-3f16-9796-c5ba1605619e has been successfully formatted.
2023-03-15 05:43:43,230 [om1-impl-thread1] INFO  server.RaftServerConfigKeys (ConfUtils.java:logGet(46)) - raft.server.log.use.memory = false (default)
2023-03-15 05:43:43,237 [om1-impl-thread1] INFO  server.RaftServerConfigKeys (ConfUtils.java:logGet(46)) - raft.server.log.purge.gap = 1000000 (custom)
2023-03-15 05:43:43,237 [om1-impl-thread1] INFO  server.RaftServerConfigKeys (ConfUtils.java:logGet(46)) - raft.server.log.appender.buffer.byte-limit = 33554432 (custom)
2023-03-15 05:43:43,238 [om1-impl-thread1] INFO  server.RaftServerConfigKeys (ConfUtils.java:logGet(46)) - raft.server.log.statemachine.data.read.timeout = 1000ms (default)
2023-03-15 05:43:43,239 [om1-impl-thread1] INFO  server.RaftServerConfigKeys (ConfUtils.java:logGet(46)) - raft.server.log.purge.preservation.log.num = 0 (default)
2023-03-15 05:43:43,241 [om1-impl-thread1] INFO  server.RaftServerConfigKeys (ConfUtils.java:logGet(46)) - raft.server.log.segment.size.max = 4194304 (custom)
2023-03-15 05:43:43,246 [om1-impl-thread1] INFO  server.RaftServerConfigKeys (ConfUtils.java:logGet(46)) - raft.server.log.segment.cache.num.max = 2 (custom)
2023-03-15 05:43:43,246 [om1-impl-thread1] INFO  server.RaftServerConfigKeys (ConfUtils.java:logGet(46)) - raft.server.log.segment.cache.size.max = 200MB (=209715200) (default)
2023-03-15 05:43:43,252 [om1-impl-thread1] INFO  segmented.SegmentedRaftLogWorker (SegmentedRaftLogWorker.java:<init>(189)) - new om1@group-C5BA1605619E-SegmentedRaftLogWorker for RaftStorageImpl:Storage Directory /home/runner/work/ozone/ozone/hadoop-ozone/integration-test/target/test-dir/MiniOzoneClusterImpl-257c5be2-ab76-4353-a1eb-ea8c6614f538/ozone-meta/ratis/bf265839-605b-3f16-9796-c5ba1605619e
2023-03-15 05:43:43,252 [om1-impl-thread1] INFO  server.RaftServerConfigKeys (ConfUtils.java:logGet(46)) - raft.server.log.queue.byte-limit = 64MB (=67108864) (default)
2023-03-15 05:43:43,252 [om1-impl-thread1] INFO  server.RaftServerConfigKeys (ConfUtils.java:logGet(46)) - raft.server.log.queue.element-limit = 4096 (default)
2023-03-15 05:43:43,253 [om1-impl-thread1] INFO  server.RaftServerConfigKeys (ConfUtils.java:logGet(46)) - raft.server.log.segment.size.max = 4194304 (custom)
2023-03-15 05:43:43,253 [om1-impl-thread1] INFO  server.RaftServerConfigKeys (ConfUtils.java:logGet(46)) - raft.server.log.preallocated.size = 4194304 (custom)
2023-03-15 05:43:43,254 [om1-impl-thread1] INFO  server.RaftServerConfigKeys (ConfUtils.java:logGet(46)) - raft.server.log.force.sync.num = 128 (default)
2023-03-15 05:43:43,255 [om1-impl-thread1] INFO  server.RaftServerConfigKeys (ConfUtils.java:logGet(46)) - raft.server.log.statemachine.data.sync = true (default)
2023-03-15 05:43:43,255 [om1-impl-thread1] INFO  server.RaftServerConfigKeys (ConfUtils.java:logGet(46)) - raft.server.log.statemachine.data.sync.timeout = 10s (default)
2023-03-15 05:43:43,255 [om1-impl-thread1] INFO  server.RaftServerConfigKeys (ConfUtils.java:logGet(46)) - raft.server.log.statemachine.data.sync.timeout.retry = -1 (default)
2023-03-15 05:43:43,263 [om1-impl-thread1] INFO  server.RaftServerConfigKeys (ConfUtils.java:logGet(46)) - raft.server.log.write.buffer.size = 64KB (=65536) (default)
2023-03-15 05:43:43,263 [om1-impl-thread1] INFO  server.RaftServerConfigKeys (ConfUtils.java:logGet(46)) - raft.server.log.appender.buffer.byte-limit = 33554432 (custom)
2023-03-15 05:43:43,266 [om1-impl-thread1] INFO  server.RaftServerConfigKeys (ConfUtils.java:logGet(46)) - raft.server.log.unsafe-flush.enabled = false (default)
2023-03-15 05:43:43,267 [om1-impl-thread1] INFO  server.RaftServerConfigKeys (ConfUtils.java:logGet(46)) - raft.server.log.async-flush.enabled = false (default)
2023-03-15 05:43:43,267 [om1-impl-thread1] INFO  server.RaftServerConfigKeys (ConfUtils.java:logGet(46)) - raft.server.log.statemachine.data.caching.enabled = false (default)
2023-03-15 05:43:43,272 [om1-impl-thread1] INFO  segmented.SegmentedRaftLogWorker (SegmentedRaftLogWorker.java:lambda$new$0(135)) - om1@group-C5BA1605619E-SegmentedRaftLogWorker: flushIndex: setUnconditionally 0 -> -1
2023-03-15 05:43:43,272 [om1-impl-thread1] INFO  segmented.SegmentedRaftLogWorker (SegmentedRaftLogWorker.java:lambda$new$0(135)) - om1@group-C5BA1605619E-SegmentedRaftLogWorker: safeCacheEvictIndex: setUnconditionally 0 -> -1
2023-03-15 05:43:43,275 [om1-impl-thread1] INFO  server.RaftServer$Division (RaftServerImpl.java:start(334)) - om1@group-C5BA1605619E: start as a follower, conf=-1: peers:[om1|rpc:localhost:9872|priority:0|startupRole:FOLLOWER]|listeners:[], old=null
2023-03-15 05:43:43,280 [om1-impl-thread1] INFO  server.RaftServer$Division (RaftServerImpl.java:setRole(321)) - om1@group-C5BA1605619E: changes role from      null to FOLLOWER at term 0 for startAsFollower
2023-03-15 05:43:43,282 [om1-impl-thread1] INFO  impl.RoleInfo (RoleInfo.java:updateAndGet(139)) - om1: start om1@group-C5BA1605619E-FollowerState
2023-03-15 05:43:43,283 [om1-impl-thread1] INFO  util.JmxRegister (JmxRegister.java:tryRegister(44)) - Successfully registered JMX Bean with object name Ratis:service=RaftServer,group=group-C5BA1605619E,id=om1
2023-03-15 05:43:43,284 [om1-impl-thread1] INFO  server.RaftServerConfigKeys (ConfUtils.java:logGet(46)) - raft.server.snapshot.auto.trigger.enabled = true (custom)
2023-03-15 05:43:43,285 [om1-impl-thread1] INFO  server.RaftServerConfigKeys (ConfUtils.java:logGet(46)) - raft.server.snapshot.auto.trigger.threshold = 400000 (default)
2023-03-15 05:43:43,285 [om1-impl-thread1] INFO  server.RaftServerConfigKeys (ConfUtils.java:logGet(46)) - raft.server.snapshot.retention.file.num = -1 (default)
2023-03-15 05:43:43,286 [om1-impl-thread1] INFO  server.RaftServerConfigKeys (ConfUtils.java:logGet(46)) - raft.server.log.purge.upto.snapshot.index = true (custom)
2023-03-15 05:43:43,288 [om1@group-C5BA1605619E-FollowerState] INFO  server.RaftServerConfigKeys (ConfUtils.java:logFallback(53)) - raft.server.rpc.first-election.timeout.min = 1s (fallback to raft.server.rpc.timeout.min)
2023-03-15 05:43:43,288 [om1@group-C5BA1605619E-FollowerState] INFO  server.RaftServerConfigKeys (ConfUtils.java:logFallback(53)) - raft.server.rpc.first-election.timeout.max = 1200ms (fallback to raft.server.rpc.timeout.max)
2023-03-15 05:43:43,290 [Listener at 127.0.0.1/43369] INFO  server.RaftServer (RaftServerProxy.java:startImpl(393)) - om1: start RPC server
2023-03-15 05:43:43,334 [Listener at 127.0.0.1/43369] INFO  server.GrpcService (GrpcService.java:startImpl(262)) - om1: GrpcService started, listening on 9872
2023-03-15 05:43:43,335 [Listener at 127.0.0.1/43369] INFO  om.OzoneManager (OzoneManager.java:start(1580)) - Version File has different layout version (3) than OM DB (null). That is expected if this OM has never been finalized to a newer layout version.
2023-03-15 05:43:43,337 [JvmPauseMonitor0] INFO  util.JvmPauseMonitor (JvmPauseMonitor.java:run(105)) - JvmPauseMonitor-om1: Started
2023-03-15 05:43:43,358 [Listener at 127.0.0.1/43369] INFO  http.BaseHttpServer (BaseHttpServer.java:newHttpServer2BuilderForOzone(224)) - Starting Web-server for ozoneManager at: http://0.0.0.0:0
2023-03-15 05:43:43,359 [Listener at 127.0.0.1/43369] INFO  http.BaseHttpServer (BaseHttpServer.java:<init>(111)) - Hadoop Security Enabled: false Ozone Security Enabled: false Ozone HTTP Security Enabled: false 
2023-03-15 05:43:43,360 [Listener at 127.0.0.1/43369] WARN  server.AuthenticationFilter (AuthenticationFilter.java:constructSecretProvider(240)) - Unable to initialize FileSignerSecretProvider, falling back to use random secrets. Reason: Could not read signature secret file: /home/runner/hadoop-http-auth-signature-secret
2023-03-15 05:43:43,364 [Listener at 127.0.0.1/43369] WARN  http.HttpRequestLog (HttpRequestLog.java:getRequestLog(103)) - Jetty request log can only be enabled using Log4j
2023-03-15 05:43:43,366 [Listener at 127.0.0.1/43369] INFO  http.HttpServer2 (HttpServer2.java:addGlobalFilter(1031)) - Added global filter 'safety' (class=org.apache.hadoop.hdds.server.http.HttpServer2$QuotingInputFilter)
2023-03-15 05:43:43,368 [Listener at 127.0.0.1/43369] INFO  http.HttpServer2 (HttpServer2.java:addFilter(1007)) - Added filter static_user_filter (class=org.apache.hadoop.http.lib.StaticUserWebFilter$StaticUserFilter) to context ozoneManager
2023-03-15 05:43:43,368 [Listener at 127.0.0.1/43369] INFO  http.HttpServer2 (HttpServer2.java:addFilter(1015)) - Added filter static_user_filter (class=org.apache.hadoop.http.lib.StaticUserWebFilter$StaticUserFilter) to context logs
2023-03-15 05:43:43,368 [Listener at 127.0.0.1/43369] INFO  http.HttpServer2 (HttpServer2.java:addFilter(1015)) - Added filter static_user_filter (class=org.apache.hadoop.http.lib.StaticUserWebFilter$StaticUserFilter) to context static
2023-03-15 05:43:43,369 [Listener at 127.0.0.1/43369] INFO  http.BaseHttpServer (BaseHttpServer.java:<init>(190)) - HTTP server of ozoneManager uses base directory /home/runner/work/ozone/ozone/hadoop-ozone/integration-test/target/test-dir/MiniOzoneClusterImpl-257c5be2-ab76-4353-a1eb-ea8c6614f538/ozone-meta/webserver
2023-03-15 05:43:43,372 [Listener at 127.0.0.1/43369] INFO  http.HttpServer2 (HttpServer2.java:bindListener(1250)) - Jetty bound to port 41925
2023-03-15 05:43:43,372 [Listener at 127.0.0.1/43369] INFO  server.Server (Server.java:doStart(375)) - jetty-9.4.49.v20220914; built: 2022-09-14T01:07:36.601Z; git: 4231a3b2e4cb8548a412a789936d640a97b1aa0a; jvm 1.8.0_362-b09
2023-03-15 05:43:43,375 [Listener at 127.0.0.1/43369] INFO  server.session (DefaultSessionIdManager.java:doStart(334)) - DefaultSessionIdManager workerName=node0
2023-03-15 05:43:43,375 [Listener at 127.0.0.1/43369] INFO  server.session (DefaultSessionIdManager.java:doStart(339)) - No SessionScavenger set, using defaults
2023-03-15 05:43:43,375 [Listener at 127.0.0.1/43369] INFO  server.session (HouseKeeper.java:startScavenging(132)) - node0 Scavenging every 600000ms
2023-03-15 05:43:43,376 [Listener at 127.0.0.1/43369] INFO  handler.ContextHandler (ContextHandler.java:doStart(921)) - Started o.e.j.s.ServletContextHandler@272543a2{logs,/logs,file:///home/runner/work/ozone/ozone/hadoop-ozone/integration-test/target/log,AVAILABLE}
2023-03-15 05:43:43,377 [Listener at 127.0.0.1/43369] INFO  handler.ContextHandler (ContextHandler.java:doStart(921)) - Started o.e.j.s.ServletContextHandler@57eb5324{static,/static,file:///home/runner/work/ozone/ozone/hadoop-ozone/integration-test/target/test-classes/webapps/static,AVAILABLE}
2023-03-15 05:43:43,380 [Listener at 127.0.0.1/43369] INFO  handler.ContextHandler (ContextHandler.java:doStart(921)) - Started o.e.j.w.WebAppContext@4fddc3cb{ozoneManager,/,file:///home/runner/work/ozone/ozone/hadoop-ozone/integration-test/target/test-classes/webapps/ozoneManager/,AVAILABLE}{file:/home/runner/work/ozone/ozone/hadoop-ozone/integration-test/target/test-classes/webapps/ozoneManager}
2023-03-15 05:43:43,381 [Listener at 127.0.0.1/43369] INFO  server.AbstractConnector (AbstractConnector.java:doStart(333)) - Started ServerConnector@2afb361c{HTTP/1.1, (http/1.1)}{0.0.0.0:41925}
2023-03-15 05:43:43,382 [Listener at 127.0.0.1/43369] INFO  server.Server (Server.java:doStart(415)) - Started @7060ms
2023-03-15 05:43:43,382 [Listener at 127.0.0.1/43369] WARN  impl.MetricsSystemImpl (MetricsSystemImpl.java:register(279)) - Sink prometheus already exists!
2023-03-15 05:43:43,382 [Listener at 127.0.0.1/43369] INFO  http.BaseHttpServer (BaseHttpServer.java:updateConnectorAddress(344)) - HTTP server of ozoneManager listening at http://0.0.0.0:41925
2023-03-15 05:43:43,383 [IPC Server Responder] INFO  ipc.Server (Server.java:run(1512)) - IPC Server Responder: starting
2023-03-15 05:43:43,386 [IPC Server listener on 0] INFO  ipc.Server (Server.java:run(1352)) - IPC Server listener on 0: starting
2023-03-15 05:43:43,433 [Listener at 127.0.0.1/43369] INFO  om.TrashPolicyOzone (TrashPolicyOzone.java:<init>(277)) - Ozone Manager trash configuration: Deletion interval = 0 minutes, Emptier interval = 0 minutes.
2023-03-15 05:43:43,442 [org.apache.hadoop.util.JvmPauseMonitor$Monitor@517cd689] INFO  util.JvmPauseMonitor (JvmPauseMonitor.java:run(188)) - Starting JVM pause monitor
2023-03-15 05:43:43,576 [Listener at 127.0.0.1/43369] WARN  impl.MetricRegistriesImpl (MetricRegistriesImpl.java:addReporterRegistration(111)) - New reporters are added after registries were created. Some metrics will be missing from the reporter. Please add reporter before adding any new registry.
2023-03-15 05:43:43,576 [Listener at 127.0.0.1/43369] WARN  impl.MetricRegistriesImpl (MetricRegistriesImpl.java:addReporterRegistration(111)) - New reporters are added after registries were created. Some metrics will be missing from the reporter. Please add reporter before adding any new registry.
2023-03-15 05:43:43,576 [Listener at 127.0.0.1/43369] INFO  impl.MetricsSystemImpl (MetricsSystemImpl.java:init(158)) - HddsDatanode metrics system started (again)
2023-03-15 05:43:43,593 [Listener at 127.0.0.1/43369] INFO  ozone.HddsDatanodeService (HddsDatanodeService.java:start(229)) - HddsDatanodeService host:fv-az390-885.2udvygdcjcjuphbbpa4zxtqymb.gx.internal.cloudapp.net ip:10.1.0.18
2023-03-15 05:43:43,620 [Listener at 127.0.0.1/43369] INFO  upgrade.AbstractLayoutVersionManager (AbstractLayoutVersionManager.java:init(83)) - Initializing Layout version manager with metadata layout = DATANODE_SCHEMA_V3 (version = 4), software layout = DATANODE_SCHEMA_V3 (version = 4)
2023-03-15 05:43:43,673 [Listener at 127.0.0.1/43369] INFO  reflections.Reflections (Reflections.java:scan(232)) - Reflections took 49 ms to scan 7 urls, producing 155 keys and 368 values 
2023-03-15 05:43:43,679 [Listener at 127.0.0.1/43369] INFO  statemachine.DatanodeStateMachine (DatanodeStateMachine.java:getEndPointTaskThreadPoolSize(260)) - Datanode State Machine Task Thread Pool size 2
2023-03-15 05:43:43,737 [Listener at 127.0.0.1/43369] INFO  volume.HddsVolume (HddsVolume.java:<init>(122)) - Creating HddsVolume: /home/runner/work/ozone/ozone/hadoop-ozone/integration-test/target/test-dir/MiniOzoneClusterImpl-257c5be2-ab76-4353-a1eb-ea8c6614f538/datanode-0/data-0/containers/hdds of storage type : DISK capacity : 9223372036854775807
2023-03-15 05:43:43,740 [Listener at 127.0.0.1/43369] INFO  volume.MutableVolumeSet (MutableVolumeSet.java:initializeVolumeSet(174)) - Added Volume : /home/runner/work/ozone/ozone/hadoop-ozone/integration-test/target/test-dir/MiniOzoneClusterImpl-257c5be2-ab76-4353-a1eb-ea8c6614f538/datanode-0/data-0/containers/hdds to VolumeSet
2023-03-15 05:43:43,741 [Listener at 127.0.0.1/43369] INFO  volume.ThrottledAsyncChecker (ThrottledAsyncChecker.java:schedule(141)) - Scheduling a check for /home/runner/work/ozone/ozone/hadoop-ozone/integration-test/target/test-dir/MiniOzoneClusterImpl-257c5be2-ab76-4353-a1eb-ea8c6614f538/datanode-0/data-0/containers/hdds
2023-03-15 05:43:43,763 [Listener at 127.0.0.1/43369] INFO  volume.StorageVolumeChecker (StorageVolumeChecker.java:checkAllVolumes(202)) - Scheduled health check for volume /home/runner/work/ozone/ozone/hadoop-ozone/integration-test/target/test-dir/MiniOzoneClusterImpl-257c5be2-ab76-4353-a1eb-ea8c6614f538/datanode-0/data-0/containers/hdds
2023-03-15 05:43:43,782 [Listener at 127.0.0.1/43369] INFO  volume.MutableVolumeSet (MutableVolumeSet.java:initializeVolumeSet(174)) - Added Volume : /home/runner/work/ozone/ozone/hadoop-ozone/integration-test/target/test-dir/MiniOzoneClusterImpl-257c5be2-ab76-4353-a1eb-ea8c6614f538/datanode-0/data/ratis to VolumeSet
2023-03-15 05:43:43,782 [Listener at 127.0.0.1/43369] INFO  volume.ThrottledAsyncChecker (ThrottledAsyncChecker.java:schedule(141)) - Scheduling a check for /home/runner/work/ozone/ozone/hadoop-ozone/integration-test/target/test-dir/MiniOzoneClusterImpl-257c5be2-ab76-4353-a1eb-ea8c6614f538/datanode-0/data/ratis
2023-03-15 05:43:43,783 [Listener at 127.0.0.1/43369] INFO  volume.StorageVolumeChecker (StorageVolumeChecker.java:checkAllVolumes(202)) - Scheduled health check for volume /home/runner/work/ozone/ozone/hadoop-ozone/integration-test/target/test-dir/MiniOzoneClusterImpl-257c5be2-ab76-4353-a1eb-ea8c6614f538/datanode-0/data/ratis
2023-03-15 05:43:43,807 [Thread-137] INFO  ozoneimpl.ContainerReader (ContainerReader.java:readVolume(175)) - Finish verifying containers on volume /home/runner/work/ozone/ozone/hadoop-ozone/integration-test/target/test-dir/MiniOzoneClusterImpl-257c5be2-ab76-4353-a1eb-ea8c6614f538/datanode-0/data-0/containers/hdds
2023-03-15 05:43:43,807 [Listener at 127.0.0.1/43369] INFO  ozoneimpl.OzoneContainer (OzoneContainer.java:buildContainerSet(307)) - Build ContainerSet costs 0s
2023-03-15 05:43:43,889 [Listener at 127.0.0.1/43369] INFO  audit.AuditLogger (AuditLogger.java:refreshDebugCmdSet(126)) - Refresh DebugCmdSet for DNAudit to [].
2023-03-15 05:43:43,920 [Listener at 127.0.0.1/43369] INFO  server.RaftServer (ConfUtils.java:logGet(46)) - raft.rpc.type = GRPC (default)
2023-03-15 05:43:43,920 [Listener at 127.0.0.1/43369] INFO  grpc.GrpcConfigKeys (ConfUtils.java:logFallback(53)) - raft.grpc.admin.host = null (fallback to raft.grpc.server.host)
2023-03-15 05:43:43,921 [Listener at 127.0.0.1/43369] INFO  grpc.GrpcConfigKeys (ConfUtils.java:logGet(46)) - raft.grpc.admin.port = 0 (custom)
2023-03-15 05:43:43,922 [Listener at 127.0.0.1/43369] INFO  grpc.GrpcConfigKeys (ConfUtils.java:logFallback(53)) - raft.grpc.client.host = null (fallback to raft.grpc.server.host)
2023-03-15 05:43:43,923 [Listener at 127.0.0.1/43369] INFO  grpc.GrpcConfigKeys (ConfUtils.java:logGet(46)) - raft.grpc.client.port = 0 (custom)
2023-03-15 05:43:43,923 [Listener at 127.0.0.1/43369] INFO  grpc.GrpcConfigKeys (ConfUtils.java:logGet(46)) - raft.grpc.server.host = null (default)
2023-03-15 05:43:43,923 [Listener at 127.0.0.1/43369] INFO  grpc.GrpcConfigKeys (ConfUtils.java:logGet(46)) - raft.grpc.server.port = 0 (default)
2023-03-15 05:43:43,923 [Listener at 127.0.0.1/43369] INFO  server.GrpcService (ConfUtils.java:logGet(46)) - raft.grpc.message.size.max = 32MB (=33554432) (custom)
2023-03-15 05:43:43,924 [Listener at 127.0.0.1/43369] INFO  server.RaftServerConfigKeys (ConfUtils.java:logGet(46)) - raft.server.log.appender.buffer.byte-limit = 33554432 (custom)
2023-03-15 05:43:43,924 [Listener at 127.0.0.1/43369] INFO  server.GrpcService (ConfUtils.java:logGet(46)) - raft.grpc.flow.control.window = 5MB (=5242880) (custom)
2023-03-15 05:43:43,925 [Listener at 127.0.0.1/43369] INFO  server.RaftServerConfigKeys (ConfUtils.java:logGet(46)) - raft.server.rpc.request.timeout = 60s (custom)
2023-03-15 05:43:43,925 [Listener at 127.0.0.1/43369] INFO  grpc.GrpcConfigKeys (ConfUtils.java:logGet(46)) - raft.grpc.server.heartbeat.channel = true (default)
2023-03-15 05:43:43,925 [Listener at 127.0.0.1/43369] INFO  grpc.GrpcConfigKeys (ConfUtils.java:logGet(46)) - raft.grpc.server.async.request.thread.pool.cached = true (default)
2023-03-15 05:43:43,925 [Listener at 127.0.0.1/43369] INFO  grpc.GrpcConfigKeys (ConfUtils.java:logGet(46)) - raft.grpc.server.async.request.thread.pool.size = 32 (default)
2023-03-15 05:43:43,928 [Listener at 127.0.0.1/43369] INFO  impl.DataStreamServerImpl (ConfUtils.java:logGet(46)) - raft.datastream.type = NETTY (custom)
2023-03-15 05:43:43,937 [Listener at 127.0.0.1/43369] INFO  server.RaftServerConfigKeys (ConfUtils.java:logGet(46)) - raft.server.data-stream.async.request.thread.pool.cached = false (default)
2023-03-15 05:43:43,937 [Listener at 127.0.0.1/43369] INFO  server.RaftServerConfigKeys (ConfUtils.java:logGet(46)) - raft.server.data-stream.async.request.thread.pool.size = 20 (custom)
2023-03-15 05:43:43,938 [Listener at 127.0.0.1/43369] INFO  server.RaftServerConfigKeys (ConfUtils.java:logGet(46)) - raft.server.data-stream.async.write.thread.pool.size = 16 (default)
2023-03-15 05:43:43,939 [Listener at 127.0.0.1/43369] INFO  server.RaftServerConfigKeys (ConfUtils.java:logGet(46)) - raft.server.data-stream.client.pool.size = 10 (default)
2023-03-15 05:43:43,941 [Listener at 127.0.0.1/43369] INFO  netty.NettyConfigKeys$DataStream (ConfUtils.java:logGet(46)) - raft.netty.dataStream.server.use-epoll = false (default)
2023-03-15 05:43:43,941 [Listener at 127.0.0.1/43369] INFO  netty.NettyConfigKeys$DataStream (ConfUtils.java:logGet(46)) - raft.netty.dataStream.server.boss-group.size = 0 (default)
2023-03-15 05:43:43,947 [Listener at 127.0.0.1/43369] INFO  netty.NettyConfigKeys$DataStream (ConfUtils.java:logGet(46)) - raft.netty.dataStream.server.worker-group.size = 0 (default)
2023-03-15 05:43:43,948 [Listener at 127.0.0.1/43369] INFO  netty.NettyConfigKeys$DataStream (ConfUtils.java:logGet(46)) - raft.netty.dataStream.server.tls.conf = null (default)
2023-03-15 05:43:43,950 [Listener at 127.0.0.1/43369] INFO  netty.NettyConfigKeys$DataStream (ConfUtils.java:logGet(46)) - raft.netty.dataStream.host = null (default)
2023-03-15 05:43:43,950 [Listener at 127.0.0.1/43369] INFO  netty.NettyConfigKeys$DataStream (ConfUtils.java:logGet(46)) - raft.netty.dataStream.port = 0 (default)
2023-03-15 05:43:43,957 [Listener at 127.0.0.1/43369] INFO  server.RaftServerConfigKeys (ConfUtils.java:logGet(46)) - raft.server.threadpool.proxy.cached = true (default)
2023-03-15 05:43:43,957 [Listener at 127.0.0.1/43369] INFO  server.RaftServerConfigKeys (ConfUtils.java:logGet(46)) - raft.server.threadpool.proxy.size = 0 (default)
2023-03-15 05:43:43,958 [Listener at 127.0.0.1/43369] INFO  server.RaftServerConfigKeys (ConfUtils.java:logGet(46)) - raft.server.rpc.slowness.timeout = 300s (custom)
2023-03-15 05:43:43,958 [Listener at 127.0.0.1/43369] INFO  server.RaftServerConfigKeys (ConfUtils.java:logGet(46)) - raft.server.leaderelection.leader.step-down.wait-time = 10s (default)
2023-03-15 05:43:43,958 [Listener at 127.0.0.1/43369] INFO  server.RaftServerConfigKeys (ConfUtils.java:logGet(46)) - raft.server.storage.dir = [/home/runner/work/ozone/ozone/hadoop-ozone/integration-test/target/test-dir/MiniOzoneClusterImpl-257c5be2-ab76-4353-a1eb-ea8c6614f538/datanode-0/data/ratis] (custom)
2023-03-15 05:43:43,979 [749a2a4e-326e-405d-8b3d-6482ea274e37-NettyServerStreamRpc-bossGroup--thread1] INFO  logging.LoggingHandler (AbstractInternalLogger.java:log(148)) - [id: 0x07a41335] REGISTERED
2023-03-15 05:43:43,980 [749a2a4e-326e-405d-8b3d-6482ea274e37-NettyServerStreamRpc-bossGroup--thread1] INFO  logging.LoggingHandler (AbstractInternalLogger.java:log(148)) - [id: 0x07a41335] BIND: 0.0.0.0/0.0.0.0:0
2023-03-15 05:43:43,981 [749a2a4e-326e-405d-8b3d-6482ea274e37-NettyServerStreamRpc-bossGroup--thread1] INFO  logging.LoggingHandler (AbstractInternalLogger.java:log(148)) - [id: 0x07a41335, L:/0:0:0:0:0:0:0:0:44725] ACTIVE
2023-03-15 05:43:43,986 [Listener at 127.0.0.1/43369] INFO  server.XceiverServerGrpc (XceiverServerGrpc.java:<init>(132)) - GrpcServer channel type EpollServerSocketChannel
2023-03-15 05:43:44,056 [Listener at 127.0.0.1/43369] INFO  http.BaseHttpServer (BaseHttpServer.java:newHttpServer2BuilderForOzone(224)) - Starting Web-server for hddsDatanode at: http://0.0.0.0:0
2023-03-15 05:43:44,057 [Listener at 127.0.0.1/43369] INFO  http.BaseHttpServer (BaseHttpServer.java:<init>(111)) - Hadoop Security Enabled: false Ozone Security Enabled: false Ozone HTTP Security Enabled: false 
2023-03-15 05:43:44,058 [Listener at 127.0.0.1/43369] WARN  server.AuthenticationFilter (AuthenticationFilter.java:constructSecretProvider(240)) - Unable to initialize FileSignerSecretProvider, falling back to use random secrets. Reason: Could not read signature secret file: /home/runner/hadoop-http-auth-signature-secret
2023-03-15 05:43:44,059 [Listener at 127.0.0.1/43369] WARN  http.HttpRequestLog (HttpRequestLog.java:getRequestLog(103)) - Jetty request log can only be enabled using Log4j
2023-03-15 05:43:44,060 [Listener at 127.0.0.1/43369] INFO  http.HttpServer2 (HttpServer2.java:addGlobalFilter(1031)) - Added global filter 'safety' (class=org.apache.hadoop.hdds.server.http.HttpServer2$QuotingInputFilter)
2023-03-15 05:43:44,061 [Listener at 127.0.0.1/43369] INFO  http.HttpServer2 (HttpServer2.java:addFilter(1007)) - Added filter static_user_filter (class=org.apache.hadoop.http.lib.StaticUserWebFilter$StaticUserFilter) to context hddsDatanode
2023-03-15 05:43:44,061 [Listener at 127.0.0.1/43369] INFO  http.HttpServer2 (HttpServer2.java:addFilter(1015)) - Added filter static_user_filter (class=org.apache.hadoop.http.lib.StaticUserWebFilter$StaticUserFilter) to context logs
2023-03-15 05:43:44,061 [Listener at 127.0.0.1/43369] INFO  http.HttpServer2 (HttpServer2.java:addFilter(1015)) - Added filter static_user_filter (class=org.apache.hadoop.http.lib.StaticUserWebFilter$StaticUserFilter) to context static
2023-03-15 05:43:44,064 [Listener at 127.0.0.1/43369] INFO  http.BaseHttpServer (BaseHttpServer.java:<init>(190)) - HTTP server of hddsDatanode uses base directory /home/runner/work/ozone/ozone/hadoop-ozone/integration-test/target/test-dir/MiniOzoneClusterImpl-257c5be2-ab76-4353-a1eb-ea8c6614f538/datanode-0/meta/webserver
2023-03-15 05:43:44,064 [Listener at 127.0.0.1/43369] INFO  http.HttpServer2 (HttpServer2.java:bindListener(1250)) - Jetty bound to port 39357
2023-03-15 05:43:44,065 [Listener at 127.0.0.1/43369] INFO  server.Server (Server.java:doStart(375)) - jetty-9.4.49.v20220914; built: 2022-09-14T01:07:36.601Z; git: 4231a3b2e4cb8548a412a789936d640a97b1aa0a; jvm 1.8.0_362-b09
2023-03-15 05:43:44,075 [Listener at 127.0.0.1/43369] INFO  server.session (DefaultSessionIdManager.java:doStart(334)) - DefaultSessionIdManager workerName=node0
2023-03-15 05:43:44,075 [Listener at 127.0.0.1/43369] INFO  server.session (DefaultSessionIdManager.java:doStart(339)) - No SessionScavenger set, using defaults
2023-03-15 05:43:44,075 [Listener at 127.0.0.1/43369] INFO  server.session (HouseKeeper.java:startScavenging(132)) - node0 Scavenging every 600000ms
2023-03-15 05:43:44,076 [Listener at 127.0.0.1/43369] INFO  handler.ContextHandler (ContextHandler.java:doStart(921)) - Started o.e.j.s.ServletContextHandler@7c25155e{logs,/logs,file:///home/runner/work/ozone/ozone/hadoop-ozone/integration-test/target/log,AVAILABLE}
2023-03-15 05:43:44,077 [Listener at 127.0.0.1/43369] INFO  handler.ContextHandler (ContextHandler.java:doStart(921)) - Started o.e.j.s.ServletContextHandler@37ad8e66{static,/static,jar:file:/home/runner/.m2/repository/org/apache/ozone/hdds-container-service/1.4.0-SNAPSHOT/hdds-container-service-1.4.0-SNAPSHOT.jar!/webapps/static,AVAILABLE}
2023-03-15 05:43:44,326 [om1@group-C5BA1605619E-FollowerState] INFO  impl.FollowerState (FollowerState.java:run(143)) - om1@group-C5BA1605619E-FollowerState: change to CANDIDATE, lastRpcElapsedTime:1044916793ns, electionTimeout:1037ms
2023-03-15 05:43:44,327 [om1@group-C5BA1605619E-FollowerState] INFO  impl.RoleInfo (RoleInfo.java:shutdownFollowerState(110)) - om1: shutdown om1@group-C5BA1605619E-FollowerState
2023-03-15 05:43:44,328 [om1@group-C5BA1605619E-FollowerState] INFO  server.RaftServer$Division (RaftServerImpl.java:setRole(321)) - om1@group-C5BA1605619E: changes role from  FOLLOWER to CANDIDATE at term 0 for changeToCandidate
2023-03-15 05:43:44,330 [om1@group-C5BA1605619E-FollowerState] INFO  server.RaftServerConfigKeys (ConfUtils.java:logGet(46)) - raft.server.leaderelection.pre-vote = true (default)
2023-03-15 05:43:44,330 [om1@group-C5BA1605619E-FollowerState] INFO  impl.RoleInfo (RoleInfo.java:updateAndGet(139)) - om1: start om1@group-C5BA1605619E-LeaderElection1
2023-03-15 05:43:44,339 [om1@group-C5BA1605619E-LeaderElection1] INFO  impl.LeaderElection (LeaderElection.java:askForVotes(312)) - om1@group-C5BA1605619E-LeaderElection1 PRE_VOTE round 0: submit vote requests at term 0 for -1: peers:[om1|rpc:localhost:9872|priority:0|startupRole:FOLLOWER]|listeners:[], old=null
2023-03-15 05:43:44,342 [om1@group-C5BA1605619E-LeaderElection1] INFO  impl.LeaderElection (LeaderElection.java:askForVotes(314)) - om1@group-C5BA1605619E-LeaderElection1 PRE_VOTE round 0: result PASSED (term=0)
2023-03-15 05:43:44,344 [om1@group-C5BA1605619E-LeaderElection1] INFO  impl.LeaderElection (LeaderElection.java:askForVotes(312)) - om1@group-C5BA1605619E-LeaderElection1 ELECTION round 0: submit vote requests at term 1 for -1: peers:[om1|rpc:localhost:9872|priority:0|startupRole:FOLLOWER]|listeners:[], old=null
2023-03-15 05:43:44,344 [om1@group-C5BA1605619E-LeaderElection1] INFO  impl.LeaderElection (LeaderElection.java:askForVotes(314)) - om1@group-C5BA1605619E-LeaderElection1 ELECTION round 0: result PASSED (term=1)
2023-03-15 05:43:44,344 [om1@group-C5BA1605619E-LeaderElection1] INFO  impl.RoleInfo (RoleInfo.java:shutdownLeaderElection(130)) - om1: shutdown om1@group-C5BA1605619E-LeaderElection1
2023-03-15 05:43:44,345 [Listener at 127.0.0.1/43369] INFO  handler.ContextHandler (ContextHandler.java:doStart(921)) - Started o.e.j.w.WebAppContext@5fefc31{hddsDatanode,/,file:///home/runner/work/ozone/ozone/hadoop-ozone/integration-test/target/test-dir/MiniOzoneClusterImpl-257c5be2-ab76-4353-a1eb-ea8c6614f538/datanode-0/meta/webserver/jetty-0_0_0_0-39357-hdds-container-service-1_4_0-SNAPSHOT_jar-_-any-9038332004677855369/webapp/,AVAILABLE}{jar:file:/home/runner/.m2/repository/org/apache/ozone/hdds-container-service/1.4.0-SNAPSHOT/hdds-container-service-1.4.0-SNAPSHOT.jar!/webapps/hddsDatanode}
2023-03-15 05:43:44,345 [om1@group-C5BA1605619E-LeaderElection1] INFO  server.RaftServer$Division (RaftServerImpl.java:setRole(321)) - om1@group-C5BA1605619E: changes role from CANDIDATE to LEADER at term 1 for changeToLeader
2023-03-15 05:43:44,345 [om1@group-C5BA1605619E-LeaderElection1] INFO  server.RaftServer$Division (ServerState.java:setLeader(313)) - om1@group-C5BA1605619E: change Leader from null to om1 at term 1 for becomeLeader, leader elected after 2038ms
2023-03-15 05:43:44,346 [Listener at 127.0.0.1/43369] INFO  server.AbstractConnector (AbstractConnector.java:doStart(333)) - Started ServerConnector@3b4c46ae{HTTP/1.1, (http/1.1)}{0.0.0.0:39357}
2023-03-15 05:43:44,350 [Listener at 127.0.0.1/43369] INFO  server.Server (Server.java:doStart(415)) - Started @8028ms
2023-03-15 05:43:44,350 [Listener at 127.0.0.1/43369] WARN  impl.MetricsSystemImpl (MetricsSystemImpl.java:register(279)) - Sink prometheus already exists!
2023-03-15 05:43:44,351 [om1@group-C5BA1605619E-LeaderElection1] INFO  server.RaftServerConfigKeys (ConfUtils.java:logGet(46)) - raft.server.staging.catchup.gap = 1000 (default)
2023-03-15 05:43:44,352 [Listener at 127.0.0.1/43369] INFO  http.BaseHttpServer (BaseHttpServer.java:updateConnectorAddress(344)) - HTTP server of hddsDatanode listening at http://0.0.0.0:39357
2023-03-15 05:43:44,355 [om1@group-C5BA1605619E-LeaderElection1] INFO  server.RaftServerConfigKeys (ConfUtils.java:logGet(46)) - raft.server.write.element-limit = 4096 (default)
2023-03-15 05:43:44,355 [om1@group-C5BA1605619E-LeaderElection1] INFO  server.RaftServerConfigKeys (ConfUtils.java:logGet(46)) - raft.server.write.byte-limit = 64MB (=67108864) (default)
2023-03-15 05:43:44,359 [om1@group-C5BA1605619E-LeaderElection1] INFO  server.RaftServerConfigKeys (ConfUtils.java:logGet(46)) - raft.server.watch.timeout = 10s (default)
2023-03-15 05:43:44,359 [om1@group-C5BA1605619E-LeaderElection1] INFO  server.RaftServerConfigKeys (ConfUtils.java:logGet(46)) - raft.server.watch.timeout.denomination = 1s (default)
2023-03-15 05:43:44,359 [Listener at 127.0.0.1/43369] WARN  impl.MetricRegistriesImpl (MetricRegistriesImpl.java:addReporterRegistration(111)) - New reporters are added after registries were created. Some metrics will be missing from the reporter. Please add reporter before adding any new registry.
2023-03-15 05:43:44,359 [Listener at 127.0.0.1/43369] WARN  impl.MetricRegistriesImpl (MetricRegistriesImpl.java:addReporterRegistration(111)) - New reporters are added after registries were created. Some metrics will be missing from the reporter. Please add reporter before adding any new registry.
2023-03-15 05:43:44,360 [om1@group-C5BA1605619E-LeaderElection1] INFO  server.RaftServerConfigKeys (ConfUtils.java:logGet(46)) - raft.server.watch.element-limit = 65536 (default)
2023-03-15 05:43:44,360 [Listener at 127.0.0.1/43369] INFO  impl.MetricsSystemImpl (MetricsSystemImpl.java:init(158)) - HddsDatanode metrics system started (again)
2023-03-15 05:43:44,360 [Datanode State Machine Daemon Thread] INFO  statemachine.DatanodeStateMachine (DatanodeStateMachine.java:lambda$startDaemon$0(517)) - Ozone container server started.
2023-03-15 05:43:44,382 [Listener at 127.0.0.1/43369] INFO  ozone.HddsDatanodeService (HddsDatanodeService.java:start(229)) - HddsDatanodeService host:fv-az390-885.2udvygdcjcjuphbbpa4zxtqymb.gx.internal.cloudapp.net ip:10.1.0.18
2023-03-15 05:43:44,387 [org.apache.hadoop.util.JvmPauseMonitor$Monitor@1ed76a93] INFO  util.JvmPauseMonitor (JvmPauseMonitor.java:run(188)) - Starting JVM pause monitor
2023-03-15 05:43:44,388 [om1@group-C5BA1605619E-LeaderElection1] INFO  server.RaftServerConfigKeys (ConfUtils.java:logGet(46)) - raft.server.write.element-limit = 4096 (default)
2023-03-15 05:43:44,398 [om1@group-C5BA1605619E-LeaderElection1] INFO  server.RaftServerConfigKeys (ConfUtils.java:logGet(46)) - raft.server.write.follower.gap.ratio.max = -1.0 (default)
2023-03-15 05:43:44,400 [om1@group-C5BA1605619E-LeaderElection1] INFO  impl.RoleInfo (RoleInfo.java:updateAndGet(139)) - om1: start om1@group-C5BA1605619E-LeaderStateImpl
2023-03-15 05:43:44,424 [om1@group-C5BA1605619E-LeaderElection1] INFO  segmented.SegmentedRaftLogWorker (SegmentedRaftLogWorker.java:startLogSegment(452)) - om1@group-C5BA1605619E-SegmentedRaftLogWorker: Starting segment from index:0
2023-03-15 05:43:44,428 [Listener at 127.0.0.1/43369] INFO  upgrade.AbstractLayoutVersionManager (AbstractLayoutVersionManager.java:init(83)) - Initializing Layout version manager with metadata layout = DATANODE_SCHEMA_V3 (version = 4), software layout = DATANODE_SCHEMA_V3 (version = 4)
2023-03-15 05:43:44,509 [om1@group-C5BA1605619E-LeaderElection1] INFO  server.RaftServer$Division (ServerState.java:setRaftConf(430)) - om1@group-C5BA1605619E: set configuration 0: peers:[om1|rpc:localhost:9872|admin:|client:|dataStream:|priority:0|startupRole:FOLLOWER]|listeners:[], old=null
2023-03-15 05:43:44,552 [Listener at 127.0.0.1/43369] INFO  reflections.Reflections (Reflections.java:scan(232)) - Reflections took 122 ms to scan 7 urls, producing 155 keys and 368 values 
2023-03-15 05:43:44,557 [Listener at 127.0.0.1/43369] INFO  statemachine.DatanodeStateMachine (DatanodeStateMachine.java:getEndPointTaskThreadPoolSize(260)) - Datanode State Machine Task Thread Pool size 2
2023-03-15 05:43:44,570 [Listener at 127.0.0.1/43369] INFO  volume.HddsVolume (HddsVolume.java:<init>(122)) - Creating HddsVolume: /home/runner/work/ozone/ozone/hadoop-ozone/integration-test/target/test-dir/MiniOzoneClusterImpl-257c5be2-ab76-4353-a1eb-ea8c6614f538/datanode-1/data-0/containers/hdds of storage type : DISK capacity : 9223372036854775807
2023-03-15 05:43:44,570 [Listener at 127.0.0.1/43369] INFO  volume.MutableVolumeSet (MutableVolumeSet.java:initializeVolumeSet(174)) - Added Volume : /home/runner/work/ozone/ozone/hadoop-ozone/integration-test/target/test-dir/MiniOzoneClusterImpl-257c5be2-ab76-4353-a1eb-ea8c6614f538/datanode-1/data-0/containers/hdds to VolumeSet
2023-03-15 05:43:44,570 [Listener at 127.0.0.1/43369] INFO  volume.ThrottledAsyncChecker (ThrottledAsyncChecker.java:schedule(141)) - Scheduling a check for /home/runner/work/ozone/ozone/hadoop-ozone/integration-test/target/test-dir/MiniOzoneClusterImpl-257c5be2-ab76-4353-a1eb-ea8c6614f538/datanode-1/data-0/containers/hdds
2023-03-15 05:43:44,584 [Listener at 127.0.0.1/43369] INFO  volume.StorageVolumeChecker (StorageVolumeChecker.java:checkAllVolumes(202)) - Scheduled health check for volume /home/runner/work/ozone/ozone/hadoop-ozone/integration-test/target/test-dir/MiniOzoneClusterImpl-257c5be2-ab76-4353-a1eb-ea8c6614f538/datanode-1/data-0/containers/hdds
2023-03-15 05:43:44,603 [Listener at 127.0.0.1/43369] INFO  volume.MutableVolumeSet (MutableVolumeSet.java:initializeVolumeSet(174)) - Added Volume : /home/runner/work/ozone/ozone/hadoop-ozone/integration-test/target/test-dir/MiniOzoneClusterImpl-257c5be2-ab76-4353-a1eb-ea8c6614f538/datanode-1/data/ratis to VolumeSet
2023-03-15 05:43:44,604 [Listener at 127.0.0.1/43369] INFO  volume.ThrottledAsyncChecker (ThrottledAsyncChecker.java:schedule(141)) - Scheduling a check for /home/runner/work/ozone/ozone/hadoop-ozone/integration-test/target/test-dir/MiniOzoneClusterImpl-257c5be2-ab76-4353-a1eb-ea8c6614f538/datanode-1/data/ratis
2023-03-15 05:43:44,604 [Listener at 127.0.0.1/43369] INFO  volume.StorageVolumeChecker (StorageVolumeChecker.java:checkAllVolumes(202)) - Scheduled health check for volume /home/runner/work/ozone/ozone/hadoop-ozone/integration-test/target/test-dir/MiniOzoneClusterImpl-257c5be2-ab76-4353-a1eb-ea8c6614f538/datanode-1/data/ratis
2023-03-15 05:43:44,615 [om1@group-C5BA1605619E-SegmentedRaftLogWorker] INFO  segmented.SegmentedRaftLogWorker (SegmentedRaftLogWorker.java:execute(656)) - om1@group-C5BA1605619E-SegmentedRaftLogWorker: created new log segment /home/runner/work/ozone/ozone/hadoop-ozone/integration-test/target/test-dir/MiniOzoneClusterImpl-257c5be2-ab76-4353-a1eb-ea8c6614f538/ozone-meta/ratis/bf265839-605b-3f16-9796-c5ba1605619e/current/log_inprogress_0
2023-03-15 05:43:44,632 [Thread-153] INFO  ozoneimpl.ContainerReader (ContainerReader.java:readVolume(175)) - Finish verifying containers on volume /home/runner/work/ozone/ozone/hadoop-ozone/integration-test/target/test-dir/MiniOzoneClusterImpl-257c5be2-ab76-4353-a1eb-ea8c6614f538/datanode-1/data-0/containers/hdds
2023-03-15 05:43:44,639 [Listener at 127.0.0.1/43369] INFO  ozoneimpl.OzoneContainer (OzoneContainer.java:buildContainerSet(307)) - Build ContainerSet costs 0s
2023-03-15 05:43:44,645 [Listener at 127.0.0.1/43369] INFO  server.RaftServer (ConfUtils.java:logGet(46)) - raft.rpc.type = GRPC (default)
2023-03-15 05:43:44,646 [Listener at 127.0.0.1/43369] INFO  grpc.GrpcConfigKeys (ConfUtils.java:logFallback(53)) - raft.grpc.admin.host = null (fallback to raft.grpc.server.host)
2023-03-15 05:43:44,646 [Listener at 127.0.0.1/43369] INFO  grpc.GrpcConfigKeys (ConfUtils.java:logGet(46)) - raft.grpc.admin.port = 0 (custom)
2023-03-15 05:43:44,646 [Listener at 127.0.0.1/43369] INFO  grpc.GrpcConfigKeys (ConfUtils.java:logFallback(53)) - raft.grpc.client.host = null (fallback to raft.grpc.server.host)
2023-03-15 05:43:44,646 [Listener at 127.0.0.1/43369] INFO  grpc.GrpcConfigKeys (ConfUtils.java:logGet(46)) - raft.grpc.client.port = 0 (custom)
2023-03-15 05:43:44,648 [Listener at 127.0.0.1/43369] INFO  grpc.GrpcConfigKeys (ConfUtils.java:logGet(46)) - raft.grpc.server.host = null (default)
2023-03-15 05:43:44,648 [Listener at 127.0.0.1/43369] INFO  grpc.GrpcConfigKeys (ConfUtils.java:logGet(46)) - raft.grpc.server.port = 0 (default)
2023-03-15 05:43:44,648 [Listener at 127.0.0.1/43369] INFO  server.GrpcService (ConfUtils.java:logGet(46)) - raft.grpc.message.size.max = 32MB (=33554432) (custom)
2023-03-15 05:43:44,648 [Listener at 127.0.0.1/43369] INFO  server.RaftServerConfigKeys (ConfUtils.java:logGet(46)) - raft.server.log.appender.buffer.byte-limit = 33554432 (custom)
2023-03-15 05:43:44,648 [Listener at 127.0.0.1/43369] INFO  server.GrpcService (ConfUtils.java:logGet(46)) - raft.grpc.flow.control.window = 5MB (=5242880) (custom)
2023-03-15 05:43:44,649 [Listener at 127.0.0.1/43369] INFO  server.RaftServerConfigKeys (ConfUtils.java:logGet(46)) - raft.server.rpc.request.timeout = 60s (custom)
2023-03-15 05:43:44,650 [Listener at 127.0.0.1/43369] INFO  grpc.GrpcConfigKeys (ConfUtils.java:logGet(46)) - raft.grpc.server.heartbeat.channel = true (default)
2023-03-15 05:43:44,650 [Listener at 127.0.0.1/43369] INFO  grpc.GrpcConfigKeys (ConfUtils.java:logGet(46)) - raft.grpc.server.async.request.thread.pool.cached = true (default)
2023-03-15 05:43:44,650 [Listener at 127.0.0.1/43369] INFO  grpc.GrpcConfigKeys (ConfUtils.java:logGet(46)) - raft.grpc.server.async.request.thread.pool.size = 32 (default)
2023-03-15 05:43:44,650 [Datanode State Machine Task Thread - 0] INFO  datanode.InitDatanodeState (InitDatanodeState.java:persistContainerDatanodeDetails(138)) - DatanodeDetails is persisted to /home/runner/work/ozone/ozone/hadoop-ozone/integration-test/target/test-dir/MiniOzoneClusterImpl-257c5be2-ab76-4353-a1eb-ea8c6614f538/datanode-0/meta/datanode.id
2023-03-15 05:43:44,651 [Listener at 127.0.0.1/43369] INFO  impl.DataStreamServerImpl (ConfUtils.java:logGet(46)) - raft.datastream.type = NETTY (custom)
2023-03-15 05:43:44,653 [Listener at 127.0.0.1/43369] INFO  server.RaftServerConfigKeys (ConfUtils.java:logGet(46)) - raft.server.data-stream.async.request.thread.pool.cached = false (default)
2023-03-15 05:43:44,654 [Listener at 127.0.0.1/43369] INFO  server.RaftServerConfigKeys (ConfUtils.java:logGet(46)) - raft.server.data-stream.async.request.thread.pool.size = 20 (custom)
2023-03-15 05:43:44,654 [Listener at 127.0.0.1/43369] INFO  server.RaftServerConfigKeys (ConfUtils.java:logGet(46)) - raft.server.data-stream.async.write.thread.pool.size = 16 (default)
2023-03-15 05:43:44,655 [Listener at 127.0.0.1/43369] INFO  server.RaftServerConfigKeys (ConfUtils.java:logGet(46)) - raft.server.data-stream.client.pool.size = 10 (default)
2023-03-15 05:43:44,655 [Listener at 127.0.0.1/43369] INFO  netty.NettyConfigKeys$DataStream (ConfUtils.java:logGet(46)) - raft.netty.dataStream.server.use-epoll = false (default)
2023-03-15 05:43:44,655 [Listener at 127.0.0.1/43369] INFO  netty.NettyConfigKeys$DataStream (ConfUtils.java:logGet(46)) - raft.netty.dataStream.server.boss-group.size = 0 (default)
2023-03-15 05:43:44,656 [Listener at 127.0.0.1/43369] INFO  netty.NettyConfigKeys$DataStream (ConfUtils.java:logGet(46)) - raft.netty.dataStream.server.worker-group.size = 0 (default)
2023-03-15 05:43:44,656 [Listener at 127.0.0.1/43369] INFO  netty.NettyConfigKeys$DataStream (ConfUtils.java:logGet(46)) - raft.netty.dataStream.server.tls.conf = null (default)
2023-03-15 05:43:44,656 [Listener at 127.0.0.1/43369] INFO  netty.NettyConfigKeys$DataStream (ConfUtils.java:logGet(46)) - raft.netty.dataStream.host = null (default)
2023-03-15 05:43:44,656 [Listener at 127.0.0.1/43369] INFO  netty.NettyConfigKeys$DataStream (ConfUtils.java:logGet(46)) - raft.netty.dataStream.port = 0 (default)
2023-03-15 05:43:44,663 [Listener at 127.0.0.1/43369] INFO  server.RaftServerConfigKeys (ConfUtils.java:logGet(46)) - raft.server.threadpool.proxy.cached = true (default)
2023-03-15 05:43:44,663 [Listener at 127.0.0.1/43369] INFO  server.RaftServerConfigKeys (ConfUtils.java:logGet(46)) - raft.server.threadpool.proxy.size = 0 (default)
2023-03-15 05:43:44,663 [Listener at 127.0.0.1/43369] INFO  server.RaftServerConfigKeys (ConfUtils.java:logGet(46)) - raft.server.rpc.slowness.timeout = 300s (custom)
2023-03-15 05:43:44,663 [Listener at 127.0.0.1/43369] INFO  server.RaftServerConfigKeys (ConfUtils.java:logGet(46)) - raft.server.leaderelection.leader.step-down.wait-time = 10s (default)
2023-03-15 05:43:44,663 [Listener at 127.0.0.1/43369] INFO  server.RaftServerConfigKeys (ConfUtils.java:logGet(46)) - raft.server.storage.dir = [/home/runner/work/ozone/ozone/hadoop-ozone/integration-test/target/test-dir/MiniOzoneClusterImpl-257c5be2-ab76-4353-a1eb-ea8c6614f538/datanode-1/data/ratis] (custom)
2023-03-15 05:43:44,667 [a88b317b-310e-4f91-ab19-5adcbba379a7-NettyServerStreamRpc-bossGroup--thread1] INFO  logging.LoggingHandler (AbstractInternalLogger.java:log(148)) - [id: 0x3273164d] REGISTERED
2023-03-15 05:43:44,667 [a88b317b-310e-4f91-ab19-5adcbba379a7-NettyServerStreamRpc-bossGroup--thread1] INFO  logging.LoggingHandler (AbstractInternalLogger.java:log(148)) - [id: 0x3273164d] BIND: 0.0.0.0/0.0.0.0:0
2023-03-15 05:43:44,667 [a88b317b-310e-4f91-ab19-5adcbba379a7-NettyServerStreamRpc-bossGroup--thread1] INFO  logging.LoggingHandler (AbstractInternalLogger.java:log(148)) - [id: 0x3273164d, L:/0:0:0:0:0:0:0:0:43727] ACTIVE
2023-03-15 05:43:44,676 [Listener at 127.0.0.1/43369] INFO  server.XceiverServerGrpc (XceiverServerGrpc.java:<init>(132)) - GrpcServer channel type EpollServerSocketChannel
2023-03-15 05:43:44,681 [Listener at 127.0.0.1/43369] INFO  http.BaseHttpServer (BaseHttpServer.java:newHttpServer2BuilderForOzone(224)) - Starting Web-server for hddsDatanode at: http://0.0.0.0:0
2023-03-15 05:43:44,681 [Listener at 127.0.0.1/43369] INFO  http.BaseHttpServer (BaseHttpServer.java:<init>(111)) - Hadoop Security Enabled: false Ozone Security Enabled: false Ozone HTTP Security Enabled: false 
2023-03-15 05:43:44,683 [Listener at 127.0.0.1/43369] WARN  server.AuthenticationFilter (AuthenticationFilter.java:constructSecretProvider(240)) - Unable to initialize FileSignerSecretProvider, falling back to use random secrets. Reason: Could not read signature secret file: /home/runner/hadoop-http-auth-signature-secret
2023-03-15 05:43:44,683 [Listener at 127.0.0.1/43369] WARN  http.HttpRequestLog (HttpRequestLog.java:getRequestLog(103)) - Jetty request log can only be enabled using Log4j
2023-03-15 05:43:44,685 [Listener at 127.0.0.1/43369] INFO  http.HttpServer2 (HttpServer2.java:addGlobalFilter(1031)) - Added global filter 'safety' (class=org.apache.hadoop.hdds.server.http.HttpServer2$QuotingInputFilter)
2023-03-15 05:43:44,686 [Listener at 127.0.0.1/43369] INFO  http.HttpServer2 (HttpServer2.java:addFilter(1007)) - Added filter static_user_filter (class=org.apache.hadoop.http.lib.StaticUserWebFilter$StaticUserFilter) to context hddsDatanode
2023-03-15 05:43:44,686 [Listener at 127.0.0.1/43369] INFO  http.HttpServer2 (HttpServer2.java:addFilter(1015)) - Added filter static_user_filter (class=org.apache.hadoop.http.lib.StaticUserWebFilter$StaticUserFilter) to context logs
2023-03-15 05:43:44,686 [Listener at 127.0.0.1/43369] INFO  http.HttpServer2 (HttpServer2.java:addFilter(1015)) - Added filter static_user_filter (class=org.apache.hadoop.http.lib.StaticUserWebFilter$StaticUserFilter) to context static
2023-03-15 05:43:44,689 [Listener at 127.0.0.1/43369] INFO  http.BaseHttpServer (BaseHttpServer.java:<init>(190)) - HTTP server of hddsDatanode uses base directory /home/runner/work/ozone/ozone/hadoop-ozone/integration-test/target/test-dir/MiniOzoneClusterImpl-257c5be2-ab76-4353-a1eb-ea8c6614f538/datanode-1/meta/webserver
2023-03-15 05:43:44,689 [Listener at 127.0.0.1/43369] INFO  http.HttpServer2 (HttpServer2.java:bindListener(1250)) - Jetty bound to port 37177
2023-03-15 05:43:44,690 [Listener at 127.0.0.1/43369] INFO  server.Server (Server.java:doStart(375)) - jetty-9.4.49.v20220914; built: 2022-09-14T01:07:36.601Z; git: 4231a3b2e4cb8548a412a789936d640a97b1aa0a; jvm 1.8.0_362-b09
2023-03-15 05:43:44,702 [Listener at 127.0.0.1/43369] INFO  server.session (DefaultSessionIdManager.java:doStart(334)) - DefaultSessionIdManager workerName=node0
2023-03-15 05:43:44,702 [Listener at 127.0.0.1/43369] INFO  server.session (DefaultSessionIdManager.java:doStart(339)) - No SessionScavenger set, using defaults
2023-03-15 05:43:44,703 [Listener at 127.0.0.1/43369] INFO  server.session (HouseKeeper.java:startScavenging(132)) - node0 Scavenging every 600000ms
2023-03-15 05:43:44,704 [Listener at 127.0.0.1/43369] INFO  handler.ContextHandler (ContextHandler.java:doStart(921)) - Started o.e.j.s.ServletContextHandler@d725e10{logs,/logs,file:///home/runner/work/ozone/ozone/hadoop-ozone/integration-test/target/log,AVAILABLE}
2023-03-15 05:43:44,704 [Listener at 127.0.0.1/43369] INFO  handler.ContextHandler (ContextHandler.java:doStart(921)) - Started o.e.j.s.ServletContextHandler@284e134c{static,/static,jar:file:/home/runner/.m2/repository/org/apache/ozone/hdds-container-service/1.4.0-SNAPSHOT/hdds-container-service-1.4.0-SNAPSHOT.jar!/webapps/static,AVAILABLE}
2023-03-15 05:43:44,747 [om1@group-C5BA1605619E-StateMachineUpdater] INFO  ratis.OzoneManagerStateMachine (OzoneManagerStateMachine.java:notifyConfigurationChanged(192)) - Received Configuration change notification from Ratis. New Peer list:
[id: "om1"
address: "localhost:9872"
startupRole: FOLLOWER
]
2023-03-15 05:43:44,921 [Listener at 127.0.0.1/43369] INFO  handler.ContextHandler (ContextHandler.java:doStart(921)) - Started o.e.j.w.WebAppContext@a28d4f4{hddsDatanode,/,file:///home/runner/work/ozone/ozone/hadoop-ozone/integration-test/target/test-dir/MiniOzoneClusterImpl-257c5be2-ab76-4353-a1eb-ea8c6614f538/datanode-1/meta/webserver/jetty-0_0_0_0-37177-hdds-container-service-1_4_0-SNAPSHOT_jar-_-any-4494938538265342402/webapp/,AVAILABLE}{jar:file:/home/runner/.m2/repository/org/apache/ozone/hdds-container-service/1.4.0-SNAPSHOT/hdds-container-service-1.4.0-SNAPSHOT.jar!/webapps/hddsDatanode}
2023-03-15 05:43:44,924 [Listener at 127.0.0.1/43369] INFO  server.AbstractConnector (AbstractConnector.java:doStart(333)) - Started ServerConnector@12d1165b{HTTP/1.1, (http/1.1)}{0.0.0.0:37177}
2023-03-15 05:43:44,925 [Listener at 127.0.0.1/43369] INFO  server.Server (Server.java:doStart(415)) - Started @8603ms
2023-03-15 05:43:44,925 [Listener at 127.0.0.1/43369] WARN  impl.MetricsSystemImpl (MetricsSystemImpl.java:register(279)) - Sink prometheus already exists!
2023-03-15 05:43:44,926 [Listener at 127.0.0.1/43369] INFO  http.BaseHttpServer (BaseHttpServer.java:updateConnectorAddress(344)) - HTTP server of hddsDatanode listening at http://0.0.0.0:37177
2023-03-15 05:43:44,926 [Listener at 127.0.0.1/43369] WARN  impl.MetricRegistriesImpl (MetricRegistriesImpl.java:addReporterRegistration(111)) - New reporters are added after registries were created. Some metrics will be missing from the reporter. Please add reporter before adding any new registry.
2023-03-15 05:43:44,926 [Listener at 127.0.0.1/43369] WARN  impl.MetricRegistriesImpl (MetricRegistriesImpl.java:addReporterRegistration(111)) - New reporters are added after registries were created. Some metrics will be missing from the reporter. Please add reporter before adding any new registry.
2023-03-15 05:43:44,926 [Listener at 127.0.0.1/43369] INFO  impl.MetricsSystemImpl (MetricsSystemImpl.java:init(158)) - HddsDatanode metrics system started (again)
2023-03-15 05:43:44,938 [Datanode State Machine Daemon Thread] INFO  statemachine.DatanodeStateMachine (DatanodeStateMachine.java:lambda$startDaemon$0(517)) - Ozone container server started.
2023-03-15 05:43:44,939 [Listener at 127.0.0.1/43369] INFO  ozone.HddsDatanodeService (HddsDatanodeService.java:start(229)) - HddsDatanodeService host:fv-az390-885.2udvygdcjcjuphbbpa4zxtqymb.gx.internal.cloudapp.net ip:10.1.0.18
2023-03-15 05:43:44,967 [Listener at 127.0.0.1/43369] INFO  upgrade.AbstractLayoutVersionManager (AbstractLayoutVersionManager.java:init(83)) - Initializing Layout version manager with metadata layout = DATANODE_SCHEMA_V3 (version = 4), software layout = DATANODE_SCHEMA_V3 (version = 4)
2023-03-15 05:43:44,971 [org.apache.hadoop.util.JvmPauseMonitor$Monitor@223e3a7d] INFO  util.JvmPauseMonitor (JvmPauseMonitor.java:run(188)) - Starting JVM pause monitor
2023-03-15 05:43:44,985 [Datanode State Machine Task Thread - 0] INFO  datanode.InitDatanodeState (InitDatanodeState.java:persistContainerDatanodeDetails(138)) - DatanodeDetails is persisted to /home/runner/work/ozone/ozone/hadoop-ozone/integration-test/target/test-dir/MiniOzoneClusterImpl-257c5be2-ab76-4353-a1eb-ea8c6614f538/datanode-1/meta/datanode.id
2023-03-15 05:43:45,030 [Listener at 127.0.0.1/43369] INFO  reflections.Reflections (Reflections.java:scan(232)) - Reflections took 59 ms to scan 7 urls, producing 155 keys and 368 values 
2023-03-15 05:43:45,032 [Listener at 127.0.0.1/43369] INFO  statemachine.DatanodeStateMachine (DatanodeStateMachine.java:getEndPointTaskThreadPoolSize(260)) - Datanode State Machine Task Thread Pool size 2
2023-03-15 05:43:45,034 [Listener at 127.0.0.1/43369] INFO  volume.HddsVolume (HddsVolume.java:<init>(122)) - Creating HddsVolume: /home/runner/work/ozone/ozone/hadoop-ozone/integration-test/target/test-dir/MiniOzoneClusterImpl-257c5be2-ab76-4353-a1eb-ea8c6614f538/datanode-2/data-0/containers/hdds of storage type : DISK capacity : 9223372036854775807
2023-03-15 05:43:45,035 [Listener at 127.0.0.1/43369] INFO  volume.MutableVolumeSet (MutableVolumeSet.java:initializeVolumeSet(174)) - Added Volume : /home/runner/work/ozone/ozone/hadoop-ozone/integration-test/target/test-dir/MiniOzoneClusterImpl-257c5be2-ab76-4353-a1eb-ea8c6614f538/datanode-2/data-0/containers/hdds to VolumeSet
2023-03-15 05:43:45,035 [Listener at 127.0.0.1/43369] INFO  volume.ThrottledAsyncChecker (ThrottledAsyncChecker.java:schedule(141)) - Scheduling a check for /home/runner/work/ozone/ozone/hadoop-ozone/integration-test/target/test-dir/MiniOzoneClusterImpl-257c5be2-ab76-4353-a1eb-ea8c6614f538/datanode-2/data-0/containers/hdds
2023-03-15 05:43:45,035 [Listener at 127.0.0.1/43369] INFO  volume.StorageVolumeChecker (StorageVolumeChecker.java:checkAllVolumes(202)) - Scheduled health check for volume /home/runner/work/ozone/ozone/hadoop-ozone/integration-test/target/test-dir/MiniOzoneClusterImpl-257c5be2-ab76-4353-a1eb-ea8c6614f538/datanode-2/data-0/containers/hdds
2023-03-15 05:43:45,047 [Listener at 127.0.0.1/43369] INFO  volume.MutableVolumeSet (MutableVolumeSet.java:initializeVolumeSet(174)) - Added Volume : /home/runner/work/ozone/ozone/hadoop-ozone/integration-test/target/test-dir/MiniOzoneClusterImpl-257c5be2-ab76-4353-a1eb-ea8c6614f538/datanode-2/data/ratis to VolumeSet
2023-03-15 05:43:45,047 [Listener at 127.0.0.1/43369] INFO  volume.ThrottledAsyncChecker (ThrottledAsyncChecker.java:schedule(141)) - Scheduling a check for /home/runner/work/ozone/ozone/hadoop-ozone/integration-test/target/test-dir/MiniOzoneClusterImpl-257c5be2-ab76-4353-a1eb-ea8c6614f538/datanode-2/data/ratis
2023-03-15 05:43:45,047 [Listener at 127.0.0.1/43369] INFO  volume.StorageVolumeChecker (StorageVolumeChecker.java:checkAllVolumes(202)) - Scheduled health check for volume /home/runner/work/ozone/ozone/hadoop-ozone/integration-test/target/test-dir/MiniOzoneClusterImpl-257c5be2-ab76-4353-a1eb-ea8c6614f538/datanode-2/data/ratis
2023-03-15 05:43:45,061 [Thread-167] INFO  ozoneimpl.ContainerReader (ContainerReader.java:readVolume(175)) - Finish verifying containers on volume /home/runner/work/ozone/ozone/hadoop-ozone/integration-test/target/test-dir/MiniOzoneClusterImpl-257c5be2-ab76-4353-a1eb-ea8c6614f538/datanode-2/data-0/containers/hdds
2023-03-15 05:43:45,061 [Listener at 127.0.0.1/43369] INFO  ozoneimpl.OzoneContainer (OzoneContainer.java:buildContainerSet(307)) - Build ContainerSet costs 0s
2023-03-15 05:43:45,064 [Listener at 127.0.0.1/43369] INFO  server.RaftServer (ConfUtils.java:logGet(46)) - raft.rpc.type = GRPC (default)
2023-03-15 05:43:45,064 [Listener at 127.0.0.1/43369] INFO  grpc.GrpcConfigKeys (ConfUtils.java:logFallback(53)) - raft.grpc.admin.host = null (fallback to raft.grpc.server.host)
2023-03-15 05:43:45,064 [Listener at 127.0.0.1/43369] INFO  grpc.GrpcConfigKeys (ConfUtils.java:logGet(46)) - raft.grpc.admin.port = 0 (custom)
2023-03-15 05:43:45,065 [Listener at 127.0.0.1/43369] INFO  grpc.GrpcConfigKeys (ConfUtils.java:logFallback(53)) - raft.grpc.client.host = null (fallback to raft.grpc.server.host)
2023-03-15 05:43:45,065 [Listener at 127.0.0.1/43369] INFO  grpc.GrpcConfigKeys (ConfUtils.java:logGet(46)) - raft.grpc.client.port = 0 (custom)
2023-03-15 05:43:45,065 [Listener at 127.0.0.1/43369] INFO  grpc.GrpcConfigKeys (ConfUtils.java:logGet(46)) - raft.grpc.server.host = null (default)
2023-03-15 05:43:45,065 [Listener at 127.0.0.1/43369] INFO  grpc.GrpcConfigKeys (ConfUtils.java:logGet(46)) - raft.grpc.server.port = 0 (default)
2023-03-15 05:43:45,065 [Listener at 127.0.0.1/43369] INFO  server.GrpcService (ConfUtils.java:logGet(46)) - raft.grpc.message.size.max = 32MB (=33554432) (custom)
2023-03-15 05:43:45,065 [Listener at 127.0.0.1/43369] INFO  server.RaftServerConfigKeys (ConfUtils.java:logGet(46)) - raft.server.log.appender.buffer.byte-limit = 33554432 (custom)
2023-03-15 05:43:45,065 [Listener at 127.0.0.1/43369] INFO  server.GrpcService (ConfUtils.java:logGet(46)) - raft.grpc.flow.control.window = 5MB (=5242880) (custom)
2023-03-15 05:43:45,065 [Listener at 127.0.0.1/43369] INFO  server.RaftServerConfigKeys (ConfUtils.java:logGet(46)) - raft.server.rpc.request.timeout = 60s (custom)
2023-03-15 05:43:45,065 [Listener at 127.0.0.1/43369] INFO  grpc.GrpcConfigKeys (ConfUtils.java:logGet(46)) - raft.grpc.server.heartbeat.channel = true (default)
2023-03-15 05:43:45,066 [Listener at 127.0.0.1/43369] INFO  grpc.GrpcConfigKeys (ConfUtils.java:logGet(46)) - raft.grpc.server.async.request.thread.pool.cached = true (default)
2023-03-15 05:43:45,066 [Listener at 127.0.0.1/43369] INFO  grpc.GrpcConfigKeys (ConfUtils.java:logGet(46)) - raft.grpc.server.async.request.thread.pool.size = 32 (default)
2023-03-15 05:43:45,067 [Listener at 127.0.0.1/43369] INFO  impl.DataStreamServerImpl (ConfUtils.java:logGet(46)) - raft.datastream.type = NETTY (custom)
2023-03-15 05:43:45,067 [Listener at 127.0.0.1/43369] INFO  server.RaftServerConfigKeys (ConfUtils.java:logGet(46)) - raft.server.data-stream.async.request.thread.pool.cached = false (default)
2023-03-15 05:43:45,067 [Listener at 127.0.0.1/43369] INFO  server.RaftServerConfigKeys (ConfUtils.java:logGet(46)) - raft.server.data-stream.async.request.thread.pool.size = 20 (custom)
2023-03-15 05:43:45,067 [Listener at 127.0.0.1/43369] INFO  server.RaftServerConfigKeys (ConfUtils.java:logGet(46)) - raft.server.data-stream.async.write.thread.pool.size = 16 (default)
2023-03-15 05:43:45,068 [Listener at 127.0.0.1/43369] INFO  server.RaftServerConfigKeys (ConfUtils.java:logGet(46)) - raft.server.data-stream.client.pool.size = 10 (default)
2023-03-15 05:43:45,068 [Listener at 127.0.0.1/43369] INFO  netty.NettyConfigKeys$DataStream (ConfUtils.java:logGet(46)) - raft.netty.dataStream.server.use-epoll = false (default)
2023-03-15 05:43:45,068 [Listener at 127.0.0.1/43369] INFO  netty.NettyConfigKeys$DataStream (ConfUtils.java:logGet(46)) - raft.netty.dataStream.server.boss-group.size = 0 (default)
2023-03-15 05:43:45,068 [Listener at 127.0.0.1/43369] INFO  netty.NettyConfigKeys$DataStream (ConfUtils.java:logGet(46)) - raft.netty.dataStream.server.worker-group.size = 0 (default)
2023-03-15 05:43:45,068 [Listener at 127.0.0.1/43369] INFO  netty.NettyConfigKeys$DataStream (ConfUtils.java:logGet(46)) - raft.netty.dataStream.server.tls.conf = null (default)
2023-03-15 05:43:45,069 [Listener at 127.0.0.1/43369] INFO  netty.NettyConfigKeys$DataStream (ConfUtils.java:logGet(46)) - raft.netty.dataStream.host = null (default)
2023-03-15 05:43:45,069 [Listener at 127.0.0.1/43369] INFO  netty.NettyConfigKeys$DataStream (ConfUtils.java:logGet(46)) - raft.netty.dataStream.port = 0 (default)
2023-03-15 05:43:45,069 [Listener at 127.0.0.1/43369] INFO  server.RaftServerConfigKeys (ConfUtils.java:logGet(46)) - raft.server.threadpool.proxy.cached = true (default)
2023-03-15 05:43:45,069 [Listener at 127.0.0.1/43369] INFO  server.RaftServerConfigKeys (ConfUtils.java:logGet(46)) - raft.server.threadpool.proxy.size = 0 (default)
2023-03-15 05:43:45,069 [Listener at 127.0.0.1/43369] INFO  server.RaftServerConfigKeys (ConfUtils.java:logGet(46)) - raft.server.rpc.slowness.timeout = 300s (custom)
2023-03-15 05:43:45,070 [Listener at 127.0.0.1/43369] INFO  server.RaftServerConfigKeys (ConfUtils.java:logGet(46)) - raft.server.leaderelection.leader.step-down.wait-time = 10s (default)
2023-03-15 05:43:45,070 [Listener at 127.0.0.1/43369] INFO  server.RaftServerConfigKeys (ConfUtils.java:logGet(46)) - raft.server.storage.dir = [/home/runner/work/ozone/ozone/hadoop-ozone/integration-test/target/test-dir/MiniOzoneClusterImpl-257c5be2-ab76-4353-a1eb-ea8c6614f538/datanode-2/data/ratis] (custom)
2023-03-15 05:43:45,075 [93bbdb4e-ae1d-4286-84a2-0f7fae60ad59-NettyServerStreamRpc-bossGroup--thread1] INFO  logging.LoggingHandler (AbstractInternalLogger.java:log(148)) - [id: 0xf18c61a0] REGISTERED
2023-03-15 05:43:45,076 [Listener at 127.0.0.1/43369] INFO  server.XceiverServerGrpc (XceiverServerGrpc.java:<init>(132)) - GrpcServer channel type EpollServerSocketChannel
2023-03-15 05:43:45,078 [93bbdb4e-ae1d-4286-84a2-0f7fae60ad59-NettyServerStreamRpc-bossGroup--thread1] INFO  logging.LoggingHandler (AbstractInternalLogger.java:log(148)) - [id: 0xf18c61a0] BIND: 0.0.0.0/0.0.0.0:0
2023-03-15 05:43:45,078 [93bbdb4e-ae1d-4286-84a2-0f7fae60ad59-NettyServerStreamRpc-bossGroup--thread1] INFO  logging.LoggingHandler (AbstractInternalLogger.java:log(148)) - [id: 0xf18c61a0, L:/0:0:0:0:0:0:0:0:42381] ACTIVE
2023-03-15 05:43:45,080 [Listener at 127.0.0.1/43369] INFO  http.BaseHttpServer (BaseHttpServer.java:newHttpServer2BuilderForOzone(224)) - Starting Web-server for hddsDatanode at: http://0.0.0.0:0
2023-03-15 05:43:45,080 [Listener at 127.0.0.1/43369] INFO  http.BaseHttpServer (BaseHttpServer.java:<init>(111)) - Hadoop Security Enabled: false Ozone Security Enabled: false Ozone HTTP Security Enabled: false 
2023-03-15 05:43:45,082 [Listener at 127.0.0.1/43369] WARN  server.AuthenticationFilter (AuthenticationFilter.java:constructSecretProvider(240)) - Unable to initialize FileSignerSecretProvider, falling back to use random secrets. Reason: Could not read signature secret file: /home/runner/hadoop-http-auth-signature-secret
2023-03-15 05:43:45,082 [Listener at 127.0.0.1/43369] WARN  http.HttpRequestLog (HttpRequestLog.java:getRequestLog(103)) - Jetty request log can only be enabled using Log4j
2023-03-15 05:43:45,084 [Listener at 127.0.0.1/43369] INFO  http.HttpServer2 (HttpServer2.java:addGlobalFilter(1031)) - Added global filter 'safety' (class=org.apache.hadoop.hdds.server.http.HttpServer2$QuotingInputFilter)
2023-03-15 05:43:45,084 [Listener at 127.0.0.1/43369] INFO  http.HttpServer2 (HttpServer2.java:addFilter(1007)) - Added filter static_user_filter (class=org.apache.hadoop.http.lib.StaticUserWebFilter$StaticUserFilter) to context hddsDatanode
2023-03-15 05:43:45,085 [Listener at 127.0.0.1/43369] INFO  http.HttpServer2 (HttpServer2.java:addFilter(1015)) - Added filter static_user_filter (class=org.apache.hadoop.http.lib.StaticUserWebFilter$StaticUserFilter) to context logs
2023-03-15 05:43:45,085 [Listener at 127.0.0.1/43369] INFO  http.HttpServer2 (HttpServer2.java:addFilter(1015)) - Added filter static_user_filter (class=org.apache.hadoop.http.lib.StaticUserWebFilter$StaticUserFilter) to context static
2023-03-15 05:43:45,085 [Listener at 127.0.0.1/43369] INFO  http.BaseHttpServer (BaseHttpServer.java:<init>(190)) - HTTP server of hddsDatanode uses base directory /home/runner/work/ozone/ozone/hadoop-ozone/integration-test/target/test-dir/MiniOzoneClusterImpl-257c5be2-ab76-4353-a1eb-ea8c6614f538/datanode-2/meta/webserver
2023-03-15 05:43:45,085 [Listener at 127.0.0.1/43369] INFO  http.HttpServer2 (HttpServer2.java:bindListener(1250)) - Jetty bound to port 41763
2023-03-15 05:43:45,085 [Listener at 127.0.0.1/43369] INFO  server.Server (Server.java:doStart(375)) - jetty-9.4.49.v20220914; built: 2022-09-14T01:07:36.601Z; git: 4231a3b2e4cb8548a412a789936d640a97b1aa0a; jvm 1.8.0_362-b09
2023-03-15 05:43:45,095 [Listener at 127.0.0.1/43369] INFO  server.session (DefaultSessionIdManager.java:doStart(334)) - DefaultSessionIdManager workerName=node0
2023-03-15 05:43:45,096 [Listener at 127.0.0.1/43369] INFO  server.session (DefaultSessionIdManager.java:doStart(339)) - No SessionScavenger set, using defaults
2023-03-15 05:43:45,096 [Listener at 127.0.0.1/43369] INFO  server.session (HouseKeeper.java:startScavenging(132)) - node0 Scavenging every 660000ms
2023-03-15 05:43:45,097 [Listener at 127.0.0.1/43369] INFO  handler.ContextHandler (ContextHandler.java:doStart(921)) - Started o.e.j.s.ServletContextHandler@13e40ebc{logs,/logs,file:///home/runner/work/ozone/ozone/hadoop-ozone/integration-test/target/log,AVAILABLE}
2023-03-15 05:43:45,097 [Listener at 127.0.0.1/43369] INFO  handler.ContextHandler (ContextHandler.java:doStart(921)) - Started o.e.j.s.ServletContextHandler@14404749{static,/static,jar:file:/home/runner/.m2/repository/org/apache/ozone/hdds-container-service/1.4.0-SNAPSHOT/hdds-container-service-1.4.0-SNAPSHOT.jar!/webapps/static,AVAILABLE}
2023-03-15 05:43:45,300 [Listener at 127.0.0.1/43369] INFO  handler.ContextHandler (ContextHandler.java:doStart(921)) - Started o.e.j.w.WebAppContext@c123d31{hddsDatanode,/,file:///home/runner/work/ozone/ozone/hadoop-ozone/integration-test/target/test-dir/MiniOzoneClusterImpl-257c5be2-ab76-4353-a1eb-ea8c6614f538/datanode-2/meta/webserver/jetty-0_0_0_0-41763-hdds-container-service-1_4_0-SNAPSHOT_jar-_-any-3795237476368519096/webapp/,AVAILABLE}{jar:file:/home/runner/.m2/repository/org/apache/ozone/hdds-container-service/1.4.0-SNAPSHOT/hdds-container-service-1.4.0-SNAPSHOT.jar!/webapps/hddsDatanode}
2023-03-15 05:43:45,302 [Listener at 127.0.0.1/43369] INFO  server.AbstractConnector (AbstractConnector.java:doStart(333)) - Started ServerConnector@769fd77{HTTP/1.1, (http/1.1)}{0.0.0.0:41763}
2023-03-15 05:43:45,302 [Listener at 127.0.0.1/43369] INFO  server.Server (Server.java:doStart(415)) - Started @8980ms
2023-03-15 05:43:45,302 [Listener at 127.0.0.1/43369] WARN  impl.MetricsSystemImpl (MetricsSystemImpl.java:register(279)) - Sink prometheus already exists!
2023-03-15 05:43:45,306 [Listener at 127.0.0.1/43369] INFO  http.BaseHttpServer (BaseHttpServer.java:updateConnectorAddress(344)) - HTTP server of hddsDatanode listening at http://0.0.0.0:41763
2023-03-15 05:43:45,307 [Listener at 127.0.0.1/43369] WARN  impl.MetricRegistriesImpl (MetricRegistriesImpl.java:addReporterRegistration(111)) - New reporters are added after registries were created. Some metrics will be missing from the reporter. Please add reporter before adding any new registry.
2023-03-15 05:43:45,307 [Listener at 127.0.0.1/43369] WARN  impl.MetricRegistriesImpl (MetricRegistriesImpl.java:addReporterRegistration(111)) - New reporters are added after registries were created. Some metrics will be missing from the reporter. Please add reporter before adding any new registry.
2023-03-15 05:43:45,308 [Listener at 127.0.0.1/43369] INFO  impl.MetricsSystemImpl (MetricsSystemImpl.java:init(158)) - HddsDatanode metrics system started (again)
2023-03-15 05:43:45,308 [Datanode State Machine Daemon Thread] INFO  statemachine.DatanodeStateMachine (DatanodeStateMachine.java:lambda$startDaemon$0(517)) - Ozone container server started.
2023-03-15 05:43:45,331 [org.apache.hadoop.util.JvmPauseMonitor$Monitor@46506ea6] INFO  util.JvmPauseMonitor (JvmPauseMonitor.java:run(188)) - Starting JVM pause monitor
2023-03-15 05:43:45,337 [Listener at 127.0.0.1/43369] INFO  ozone.HddsDatanodeService (HddsDatanodeService.java:start(229)) - HddsDatanodeService host:fv-az390-885.2udvygdcjcjuphbbpa4zxtqymb.gx.internal.cloudapp.net ip:10.1.0.18
2023-03-15 05:43:45,340 [Datanode State Machine Task Thread - 0] INFO  datanode.InitDatanodeState (InitDatanodeState.java:persistContainerDatanodeDetails(138)) - DatanodeDetails is persisted to /home/runner/work/ozone/ozone/hadoop-ozone/integration-test/target/test-dir/MiniOzoneClusterImpl-257c5be2-ab76-4353-a1eb-ea8c6614f538/datanode-2/meta/datanode.id
2023-03-15 05:43:45,363 [Listener at 127.0.0.1/43369] INFO  upgrade.AbstractLayoutVersionManager (AbstractLayoutVersionManager.java:init(83)) - Initializing Layout version manager with metadata layout = DATANODE_SCHEMA_V3 (version = 4), software layout = DATANODE_SCHEMA_V3 (version = 4)
2023-03-15 05:43:45,410 [Listener at 127.0.0.1/43369] INFO  reflections.Reflections (Reflections.java:scan(232)) - Reflections took 46 ms to scan 7 urls, producing 155 keys and 368 values 
2023-03-15 05:43:45,411 [Listener at 127.0.0.1/43369] INFO  statemachine.DatanodeStateMachine (DatanodeStateMachine.java:getEndPointTaskThreadPoolSize(260)) - Datanode State Machine Task Thread Pool size 2
2023-03-15 05:43:45,413 [Listener at 127.0.0.1/43369] INFO  volume.HddsVolume (HddsVolume.java:<init>(122)) - Creating HddsVolume: /home/runner/work/ozone/ozone/hadoop-ozone/integration-test/target/test-dir/MiniOzoneClusterImpl-257c5be2-ab76-4353-a1eb-ea8c6614f538/datanode-3/data-0/containers/hdds of storage type : DISK capacity : 9223372036854775807
2023-03-15 05:43:45,414 [Listener at 127.0.0.1/43369] INFO  volume.MutableVolumeSet (MutableVolumeSet.java:initializeVolumeSet(174)) - Added Volume : /home/runner/work/ozone/ozone/hadoop-ozone/integration-test/target/test-dir/MiniOzoneClusterImpl-257c5be2-ab76-4353-a1eb-ea8c6614f538/datanode-3/data-0/containers/hdds to VolumeSet
2023-03-15 05:43:45,414 [Listener at 127.0.0.1/43369] INFO  volume.ThrottledAsyncChecker (ThrottledAsyncChecker.java:schedule(141)) - Scheduling a check for /home/runner/work/ozone/ozone/hadoop-ozone/integration-test/target/test-dir/MiniOzoneClusterImpl-257c5be2-ab76-4353-a1eb-ea8c6614f538/datanode-3/data-0/containers/hdds
2023-03-15 05:43:45,414 [Listener at 127.0.0.1/43369] INFO  volume.StorageVolumeChecker (StorageVolumeChecker.java:checkAllVolumes(202)) - Scheduled health check for volume /home/runner/work/ozone/ozone/hadoop-ozone/integration-test/target/test-dir/MiniOzoneClusterImpl-257c5be2-ab76-4353-a1eb-ea8c6614f538/datanode-3/data-0/containers/hdds
2023-03-15 05:43:45,426 [Listener at 127.0.0.1/43369] INFO  volume.MutableVolumeSet (MutableVolumeSet.java:initializeVolumeSet(174)) - Added Volume : /home/runner/work/ozone/ozone/hadoop-ozone/integration-test/target/test-dir/MiniOzoneClusterImpl-257c5be2-ab76-4353-a1eb-ea8c6614f538/datanode-3/data/ratis to VolumeSet
2023-03-15 05:43:45,426 [Listener at 127.0.0.1/43369] INFO  volume.ThrottledAsyncChecker (ThrottledAsyncChecker.java:schedule(141)) - Scheduling a check for /home/runner/work/ozone/ozone/hadoop-ozone/integration-test/target/test-dir/MiniOzoneClusterImpl-257c5be2-ab76-4353-a1eb-ea8c6614f538/datanode-3/data/ratis
2023-03-15 05:43:45,426 [Listener at 127.0.0.1/43369] INFO  volume.StorageVolumeChecker (StorageVolumeChecker.java:checkAllVolumes(202)) - Scheduled health check for volume /home/runner/work/ozone/ozone/hadoop-ozone/integration-test/target/test-dir/MiniOzoneClusterImpl-257c5be2-ab76-4353-a1eb-ea8c6614f538/datanode-3/data/ratis
2023-03-15 05:43:45,437 [Thread-181] INFO  ozoneimpl.ContainerReader (ContainerReader.java:readVolume(175)) - Finish verifying containers on volume /home/runner/work/ozone/ozone/hadoop-ozone/integration-test/target/test-dir/MiniOzoneClusterImpl-257c5be2-ab76-4353-a1eb-ea8c6614f538/datanode-3/data-0/containers/hdds
2023-03-15 05:43:45,437 [Listener at 127.0.0.1/43369] INFO  ozoneimpl.OzoneContainer (OzoneContainer.java:buildContainerSet(307)) - Build ContainerSet costs 0s
2023-03-15 05:43:45,440 [Listener at 127.0.0.1/43369] INFO  server.RaftServer (ConfUtils.java:logGet(46)) - raft.rpc.type = GRPC (default)
2023-03-15 05:43:45,440 [Listener at 127.0.0.1/43369] INFO  grpc.GrpcConfigKeys (ConfUtils.java:logFallback(53)) - raft.grpc.admin.host = null (fallback to raft.grpc.server.host)
2023-03-15 05:43:45,440 [Listener at 127.0.0.1/43369] INFO  grpc.GrpcConfigKeys (ConfUtils.java:logGet(46)) - raft.grpc.admin.port = 0 (custom)
2023-03-15 05:43:45,440 [Listener at 127.0.0.1/43369] INFO  grpc.GrpcConfigKeys (ConfUtils.java:logFallback(53)) - raft.grpc.client.host = null (fallback to raft.grpc.server.host)
2023-03-15 05:43:45,440 [Listener at 127.0.0.1/43369] INFO  grpc.GrpcConfigKeys (ConfUtils.java:logGet(46)) - raft.grpc.client.port = 0 (custom)
2023-03-15 05:43:45,440 [Listener at 127.0.0.1/43369] INFO  grpc.GrpcConfigKeys (ConfUtils.java:logGet(46)) - raft.grpc.server.host = null (default)
2023-03-15 05:43:45,441 [Listener at 127.0.0.1/43369] INFO  grpc.GrpcConfigKeys (ConfUtils.java:logGet(46)) - raft.grpc.server.port = 0 (default)
2023-03-15 05:43:45,441 [Listener at 127.0.0.1/43369] INFO  server.GrpcService (ConfUtils.java:logGet(46)) - raft.grpc.message.size.max = 32MB (=33554432) (custom)
2023-03-15 05:43:45,441 [Listener at 127.0.0.1/43369] INFO  server.RaftServerConfigKeys (ConfUtils.java:logGet(46)) - raft.server.log.appender.buffer.byte-limit = 33554432 (custom)
2023-03-15 05:43:45,441 [Listener at 127.0.0.1/43369] INFO  server.GrpcService (ConfUtils.java:logGet(46)) - raft.grpc.flow.control.window = 5MB (=5242880) (custom)
2023-03-15 05:43:45,441 [Listener at 127.0.0.1/43369] INFO  server.RaftServerConfigKeys (ConfUtils.java:logGet(46)) - raft.server.rpc.request.timeout = 60s (custom)
2023-03-15 05:43:45,441 [Listener at 127.0.0.1/43369] INFO  grpc.GrpcConfigKeys (ConfUtils.java:logGet(46)) - raft.grpc.server.heartbeat.channel = true (default)
2023-03-15 05:43:45,441 [Listener at 127.0.0.1/43369] INFO  grpc.GrpcConfigKeys (ConfUtils.java:logGet(46)) - raft.grpc.server.async.request.thread.pool.cached = true (default)
2023-03-15 05:43:45,441 [Listener at 127.0.0.1/43369] INFO  grpc.GrpcConfigKeys (ConfUtils.java:logGet(46)) - raft.grpc.server.async.request.thread.pool.size = 32 (default)
2023-03-15 05:43:45,442 [Listener at 127.0.0.1/43369] INFO  impl.DataStreamServerImpl (ConfUtils.java:logGet(46)) - raft.datastream.type = NETTY (custom)
2023-03-15 05:43:45,443 [Listener at 127.0.0.1/43369] INFO  server.RaftServerConfigKeys (ConfUtils.java:logGet(46)) - raft.server.data-stream.async.request.thread.pool.cached = false (default)
2023-03-15 05:43:45,443 [Listener at 127.0.0.1/43369] INFO  server.RaftServerConfigKeys (ConfUtils.java:logGet(46)) - raft.server.data-stream.async.request.thread.pool.size = 20 (custom)
2023-03-15 05:43:45,443 [Listener at 127.0.0.1/43369] INFO  server.RaftServerConfigKeys (ConfUtils.java:logGet(46)) - raft.server.data-stream.async.write.thread.pool.size = 16 (default)
2023-03-15 05:43:45,443 [Listener at 127.0.0.1/43369] INFO  server.RaftServerConfigKeys (ConfUtils.java:logGet(46)) - raft.server.data-stream.client.pool.size = 10 (default)
2023-03-15 05:43:45,443 [Listener at 127.0.0.1/43369] INFO  netty.NettyConfigKeys$DataStream (ConfUtils.java:logGet(46)) - raft.netty.dataStream.server.use-epoll = false (default)
2023-03-15 05:43:45,443 [Listener at 127.0.0.1/43369] INFO  netty.NettyConfigKeys$DataStream (ConfUtils.java:logGet(46)) - raft.netty.dataStream.server.boss-group.size = 0 (default)
2023-03-15 05:43:45,444 [Listener at 127.0.0.1/43369] INFO  netty.NettyConfigKeys$DataStream (ConfUtils.java:logGet(46)) - raft.netty.dataStream.server.worker-group.size = 0 (default)
2023-03-15 05:43:45,444 [Listener at 127.0.0.1/43369] INFO  netty.NettyConfigKeys$DataStream (ConfUtils.java:logGet(46)) - raft.netty.dataStream.server.tls.conf = null (default)
2023-03-15 05:43:45,444 [Listener at 127.0.0.1/43369] INFO  netty.NettyConfigKeys$DataStream (ConfUtils.java:logGet(46)) - raft.netty.dataStream.host = null (default)
2023-03-15 05:43:45,444 [Listener at 127.0.0.1/43369] INFO  netty.NettyConfigKeys$DataStream (ConfUtils.java:logGet(46)) - raft.netty.dataStream.port = 0 (default)
2023-03-15 05:43:45,446 [Listener at 127.0.0.1/43369] INFO  server.RaftServerConfigKeys (ConfUtils.java:logGet(46)) - raft.server.threadpool.proxy.cached = true (default)
2023-03-15 05:43:45,447 [Listener at 127.0.0.1/43369] INFO  server.RaftServerConfigKeys (ConfUtils.java:logGet(46)) - raft.server.threadpool.proxy.size = 0 (default)
2023-03-15 05:43:45,448 [Listener at 127.0.0.1/43369] INFO  server.RaftServerConfigKeys (ConfUtils.java:logGet(46)) - raft.server.rpc.slowness.timeout = 300s (custom)
2023-03-15 05:43:45,448 [Listener at 127.0.0.1/43369] INFO  server.RaftServerConfigKeys (ConfUtils.java:logGet(46)) - raft.server.leaderelection.leader.step-down.wait-time = 10s (default)
2023-03-15 05:43:45,447 [fd98b1c5-5b85-4a01-ae78-de2614481a07-NettyServerStreamRpc-bossGroup--thread1] INFO  logging.LoggingHandler (AbstractInternalLogger.java:log(148)) - [id: 0xa041093d] REGISTERED
2023-03-15 05:43:45,448 [fd98b1c5-5b85-4a01-ae78-de2614481a07-NettyServerStreamRpc-bossGroup--thread1] INFO  logging.LoggingHandler (AbstractInternalLogger.java:log(148)) - [id: 0xa041093d] BIND: 0.0.0.0/0.0.0.0:0
2023-03-15 05:43:45,448 [fd98b1c5-5b85-4a01-ae78-de2614481a07-NettyServerStreamRpc-bossGroup--thread1] INFO  logging.LoggingHandler (AbstractInternalLogger.java:log(148)) - [id: 0xa041093d, L:/0:0:0:0:0:0:0:0:45249] ACTIVE
2023-03-15 05:43:45,448 [Listener at 127.0.0.1/43369] INFO  server.RaftServerConfigKeys (ConfUtils.java:logGet(46)) - raft.server.storage.dir = [/home/runner/work/ozone/ozone/hadoop-ozone/integration-test/target/test-dir/MiniOzoneClusterImpl-257c5be2-ab76-4353-a1eb-ea8c6614f538/datanode-3/data/ratis] (custom)
2023-03-15 05:43:45,451 [Listener at 127.0.0.1/43369] INFO  server.XceiverServerGrpc (XceiverServerGrpc.java:<init>(132)) - GrpcServer channel type EpollServerSocketChannel
2023-03-15 05:43:45,455 [Listener at 127.0.0.1/43369] INFO  http.BaseHttpServer (BaseHttpServer.java:newHttpServer2BuilderForOzone(224)) - Starting Web-server for hddsDatanode at: http://0.0.0.0:0
2023-03-15 05:43:45,455 [Listener at 127.0.0.1/43369] INFO  http.BaseHttpServer (BaseHttpServer.java:<init>(111)) - Hadoop Security Enabled: false Ozone Security Enabled: false Ozone HTTP Security Enabled: false 
2023-03-15 05:43:45,456 [Listener at 127.0.0.1/43369] WARN  server.AuthenticationFilter (AuthenticationFilter.java:constructSecretProvider(240)) - Unable to initialize FileSignerSecretProvider, falling back to use random secrets. Reason: Could not read signature secret file: /home/runner/hadoop-http-auth-signature-secret
2023-03-15 05:43:45,459 [Listener at 127.0.0.1/43369] WARN  http.HttpRequestLog (HttpRequestLog.java:getRequestLog(103)) - Jetty request log can only be enabled using Log4j
2023-03-15 05:43:45,461 [Listener at 127.0.0.1/43369] INFO  http.HttpServer2 (HttpServer2.java:addGlobalFilter(1031)) - Added global filter 'safety' (class=org.apache.hadoop.hdds.server.http.HttpServer2$QuotingInputFilter)
2023-03-15 05:43:45,463 [Listener at 127.0.0.1/43369] INFO  http.HttpServer2 (HttpServer2.java:addFilter(1007)) - Added filter static_user_filter (class=org.apache.hadoop.http.lib.StaticUserWebFilter$StaticUserFilter) to context hddsDatanode
2023-03-15 05:43:45,463 [Listener at 127.0.0.1/43369] INFO  http.HttpServer2 (HttpServer2.java:addFilter(1015)) - Added filter static_user_filter (class=org.apache.hadoop.http.lib.StaticUserWebFilter$StaticUserFilter) to context logs
2023-03-15 05:43:45,463 [Listener at 127.0.0.1/43369] INFO  http.HttpServer2 (HttpServer2.java:addFilter(1015)) - Added filter static_user_filter (class=org.apache.hadoop.http.lib.StaticUserWebFilter$StaticUserFilter) to context static
2023-03-15 05:43:45,464 [Listener at 127.0.0.1/43369] INFO  http.BaseHttpServer (BaseHttpServer.java:<init>(190)) - HTTP server of hddsDatanode uses base directory /home/runner/work/ozone/ozone/hadoop-ozone/integration-test/target/test-dir/MiniOzoneClusterImpl-257c5be2-ab76-4353-a1eb-ea8c6614f538/datanode-3/meta/webserver
2023-03-15 05:43:45,464 [Listener at 127.0.0.1/43369] INFO  http.HttpServer2 (HttpServer2.java:bindListener(1250)) - Jetty bound to port 46249
2023-03-15 05:43:45,464 [Listener at 127.0.0.1/43369] INFO  server.Server (Server.java:doStart(375)) - jetty-9.4.49.v20220914; built: 2022-09-14T01:07:36.601Z; git: 4231a3b2e4cb8548a412a789936d640a97b1aa0a; jvm 1.8.0_362-b09
2023-03-15 05:43:45,471 [Listener at 127.0.0.1/43369] INFO  server.session (DefaultSessionIdManager.java:doStart(334)) - DefaultSessionIdManager workerName=node0
2023-03-15 05:43:45,471 [Listener at 127.0.0.1/43369] INFO  server.session (DefaultSessionIdManager.java:doStart(339)) - No SessionScavenger set, using defaults
2023-03-15 05:43:45,471 [Listener at 127.0.0.1/43369] INFO  server.session (HouseKeeper.java:startScavenging(132)) - node0 Scavenging every 600000ms
2023-03-15 05:43:45,472 [Listener at 127.0.0.1/43369] INFO  handler.ContextHandler (ContextHandler.java:doStart(921)) - Started o.e.j.s.ServletContextHandler@768eafb7{logs,/logs,file:///home/runner/work/ozone/ozone/hadoop-ozone/integration-test/target/log,AVAILABLE}
2023-03-15 05:43:45,473 [Listener at 127.0.0.1/43369] INFO  handler.ContextHandler (ContextHandler.java:doStart(921)) - Started o.e.j.s.ServletContextHandler@4431e54b{static,/static,jar:file:/home/runner/.m2/repository/org/apache/ozone/hdds-container-service/1.4.0-SNAPSHOT/hdds-container-service-1.4.0-SNAPSHOT.jar!/webapps/static,AVAILABLE}
2023-03-15 05:43:45,711 [Listener at 127.0.0.1/43369] INFO  handler.ContextHandler (ContextHandler.java:doStart(921)) - Started o.e.j.w.WebAppContext@45d7ba13{hddsDatanode,/,file:///home/runner/work/ozone/ozone/hadoop-ozone/integration-test/target/test-dir/MiniOzoneClusterImpl-257c5be2-ab76-4353-a1eb-ea8c6614f538/datanode-3/meta/webserver/jetty-0_0_0_0-46249-hdds-container-service-1_4_0-SNAPSHOT_jar-_-any-6863821402229786336/webapp/,AVAILABLE}{jar:file:/home/runner/.m2/repository/org/apache/ozone/hdds-container-service/1.4.0-SNAPSHOT/hdds-container-service-1.4.0-SNAPSHOT.jar!/webapps/hddsDatanode}
2023-03-15 05:43:45,713 [Listener at 127.0.0.1/43369] INFO  server.AbstractConnector (AbstractConnector.java:doStart(333)) - Started ServerConnector@6a57e01d{HTTP/1.1, (http/1.1)}{0.0.0.0:46249}
2023-03-15 05:43:45,713 [Listener at 127.0.0.1/43369] INFO  server.Server (Server.java:doStart(415)) - Started @9391ms
2023-03-15 05:43:45,713 [Listener at 127.0.0.1/43369] WARN  impl.MetricsSystemImpl (MetricsSystemImpl.java:register(279)) - Sink prometheus already exists!
2023-03-15 05:43:45,713 [Listener at 127.0.0.1/43369] INFO  http.BaseHttpServer (BaseHttpServer.java:updateConnectorAddress(344)) - HTTP server of hddsDatanode listening at http://0.0.0.0:46249
2023-03-15 05:43:45,714 [Listener at 127.0.0.1/43369] WARN  impl.MetricRegistriesImpl (MetricRegistriesImpl.java:addReporterRegistration(111)) - New reporters are added after registries were created. Some metrics will be missing from the reporter. Please add reporter before adding any new registry.
2023-03-15 05:43:45,714 [Listener at 127.0.0.1/43369] WARN  impl.MetricRegistriesImpl (MetricRegistriesImpl.java:addReporterRegistration(111)) - New reporters are added after registries were created. Some metrics will be missing from the reporter. Please add reporter before adding any new registry.
2023-03-15 05:43:45,714 [Listener at 127.0.0.1/43369] INFO  impl.MetricsSystemImpl (MetricsSystemImpl.java:init(158)) - HddsDatanode metrics system started (again)
2023-03-15 05:43:45,715 [Datanode State Machine Daemon Thread] INFO  statemachine.DatanodeStateMachine (DatanodeStateMachine.java:lambda$startDaemon$0(517)) - Ozone container server started.
2023-03-15 05:43:45,725 [org.apache.hadoop.util.JvmPauseMonitor$Monitor@745094db] INFO  util.JvmPauseMonitor (JvmPauseMonitor.java:run(188)) - Starting JVM pause monitor
2023-03-15 05:43:45,727 [Listener at 127.0.0.1/43369] INFO  ozone.HddsDatanodeService (HddsDatanodeService.java:start(229)) - HddsDatanodeService host:fv-az390-885.2udvygdcjcjuphbbpa4zxtqymb.gx.internal.cloudapp.net ip:10.1.0.18
2023-03-15 05:43:45,737 [Datanode State Machine Task Thread - 0] INFO  datanode.InitDatanodeState (InitDatanodeState.java:persistContainerDatanodeDetails(138)) - DatanodeDetails is persisted to /home/runner/work/ozone/ozone/hadoop-ozone/integration-test/target/test-dir/MiniOzoneClusterImpl-257c5be2-ab76-4353-a1eb-ea8c6614f538/datanode-3/meta/datanode.id
2023-03-15 05:43:45,748 [Listener at 127.0.0.1/43369] INFO  upgrade.AbstractLayoutVersionManager (AbstractLayoutVersionManager.java:init(83)) - Initializing Layout version manager with metadata layout = DATANODE_SCHEMA_V3 (version = 4), software layout = DATANODE_SCHEMA_V3 (version = 4)
2023-03-15 05:43:45,797 [Listener at 127.0.0.1/43369] INFO  reflections.Reflections (Reflections.java:scan(232)) - Reflections took 48 ms to scan 7 urls, producing 155 keys and 368 values 
2023-03-15 05:43:45,798 [Listener at 127.0.0.1/43369] INFO  statemachine.DatanodeStateMachine (DatanodeStateMachine.java:getEndPointTaskThreadPoolSize(260)) - Datanode State Machine Task Thread Pool size 2
2023-03-15 05:43:45,800 [Listener at 127.0.0.1/43369] INFO  volume.HddsVolume (HddsVolume.java:<init>(122)) - Creating HddsVolume: /home/runner/work/ozone/ozone/hadoop-ozone/integration-test/target/test-dir/MiniOzoneClusterImpl-257c5be2-ab76-4353-a1eb-ea8c6614f538/datanode-4/data-0/containers/hdds of storage type : DISK capacity : 9223372036854775807
2023-03-15 05:43:45,801 [Listener at 127.0.0.1/43369] INFO  volume.MutableVolumeSet (MutableVolumeSet.java:initializeVolumeSet(174)) - Added Volume : /home/runner/work/ozone/ozone/hadoop-ozone/integration-test/target/test-dir/MiniOzoneClusterImpl-257c5be2-ab76-4353-a1eb-ea8c6614f538/datanode-4/data-0/containers/hdds to VolumeSet
2023-03-15 05:43:45,801 [Listener at 127.0.0.1/43369] INFO  volume.ThrottledAsyncChecker (ThrottledAsyncChecker.java:schedule(141)) - Scheduling a check for /home/runner/work/ozone/ozone/hadoop-ozone/integration-test/target/test-dir/MiniOzoneClusterImpl-257c5be2-ab76-4353-a1eb-ea8c6614f538/datanode-4/data-0/containers/hdds
2023-03-15 05:43:45,806 [Listener at 127.0.0.1/43369] INFO  volume.StorageVolumeChecker (StorageVolumeChecker.java:checkAllVolumes(202)) - Scheduled health check for volume /home/runner/work/ozone/ozone/hadoop-ozone/integration-test/target/test-dir/MiniOzoneClusterImpl-257c5be2-ab76-4353-a1eb-ea8c6614f538/datanode-4/data-0/containers/hdds
2023-03-15 05:43:45,821 [Listener at 127.0.0.1/43369] INFO  volume.MutableVolumeSet (MutableVolumeSet.java:initializeVolumeSet(174)) - Added Volume : /home/runner/work/ozone/ozone/hadoop-ozone/integration-test/target/test-dir/MiniOzoneClusterImpl-257c5be2-ab76-4353-a1eb-ea8c6614f538/datanode-4/data/ratis to VolumeSet
2023-03-15 05:43:45,822 [Listener at 127.0.0.1/43369] INFO  volume.ThrottledAsyncChecker (ThrottledAsyncChecker.java:schedule(141)) - Scheduling a check for /home/runner/work/ozone/ozone/hadoop-ozone/integration-test/target/test-dir/MiniOzoneClusterImpl-257c5be2-ab76-4353-a1eb-ea8c6614f538/datanode-4/data/ratis
2023-03-15 05:43:45,822 [Listener at 127.0.0.1/43369] INFO  volume.StorageVolumeChecker (StorageVolumeChecker.java:checkAllVolumes(202)) - Scheduled health check for volume /home/runner/work/ozone/ozone/hadoop-ozone/integration-test/target/test-dir/MiniOzoneClusterImpl-257c5be2-ab76-4353-a1eb-ea8c6614f538/datanode-4/data/ratis
2023-03-15 05:43:45,834 [Thread-195] INFO  ozoneimpl.ContainerReader (ContainerReader.java:readVolume(175)) - Finish verifying containers on volume /home/runner/work/ozone/ozone/hadoop-ozone/integration-test/target/test-dir/MiniOzoneClusterImpl-257c5be2-ab76-4353-a1eb-ea8c6614f538/datanode-4/data-0/containers/hdds
2023-03-15 05:43:45,834 [Listener at 127.0.0.1/43369] INFO  ozoneimpl.OzoneContainer (OzoneContainer.java:buildContainerSet(307)) - Build ContainerSet costs 0s
2023-03-15 05:43:45,837 [Listener at 127.0.0.1/43369] INFO  server.RaftServer (ConfUtils.java:logGet(46)) - raft.rpc.type = GRPC (default)
2023-03-15 05:43:45,837 [Listener at 127.0.0.1/43369] INFO  grpc.GrpcConfigKeys (ConfUtils.java:logFallback(53)) - raft.grpc.admin.host = null (fallback to raft.grpc.server.host)
2023-03-15 05:43:45,837 [Listener at 127.0.0.1/43369] INFO  grpc.GrpcConfigKeys (ConfUtils.java:logGet(46)) - raft.grpc.admin.port = 0 (custom)
2023-03-15 05:43:45,837 [Listener at 127.0.0.1/43369] INFO  grpc.GrpcConfigKeys (ConfUtils.java:logFallback(53)) - raft.grpc.client.host = null (fallback to raft.grpc.server.host)
2023-03-15 05:43:45,837 [Listener at 127.0.0.1/43369] INFO  grpc.GrpcConfigKeys (ConfUtils.java:logGet(46)) - raft.grpc.client.port = 0 (custom)
2023-03-15 05:43:45,837 [Listener at 127.0.0.1/43369] INFO  grpc.GrpcConfigKeys (ConfUtils.java:logGet(46)) - raft.grpc.server.host = null (default)
2023-03-15 05:43:45,838 [Listener at 127.0.0.1/43369] INFO  grpc.GrpcConfigKeys (ConfUtils.java:logGet(46)) - raft.grpc.server.port = 0 (default)
2023-03-15 05:43:45,838 [Listener at 127.0.0.1/43369] INFO  server.GrpcService (ConfUtils.java:logGet(46)) - raft.grpc.message.size.max = 32MB (=33554432) (custom)
2023-03-15 05:43:45,838 [Listener at 127.0.0.1/43369] INFO  server.RaftServerConfigKeys (ConfUtils.java:logGet(46)) - raft.server.log.appender.buffer.byte-limit = 33554432 (custom)
2023-03-15 05:43:45,838 [Listener at 127.0.0.1/43369] INFO  server.GrpcService (ConfUtils.java:logGet(46)) - raft.grpc.flow.control.window = 5MB (=5242880) (custom)
2023-03-15 05:43:45,840 [Listener at 127.0.0.1/43369] INFO  server.RaftServerConfigKeys (ConfUtils.java:logGet(46)) - raft.server.rpc.request.timeout = 60s (custom)
2023-03-15 05:43:45,841 [Listener at 127.0.0.1/43369] INFO  grpc.GrpcConfigKeys (ConfUtils.java:logGet(46)) - raft.grpc.server.heartbeat.channel = true (default)
2023-03-15 05:43:45,841 [Listener at 127.0.0.1/43369] INFO  grpc.GrpcConfigKeys (ConfUtils.java:logGet(46)) - raft.grpc.server.async.request.thread.pool.cached = true (default)
2023-03-15 05:43:45,841 [Listener at 127.0.0.1/43369] INFO  grpc.GrpcConfigKeys (ConfUtils.java:logGet(46)) - raft.grpc.server.async.request.thread.pool.size = 32 (default)
2023-03-15 05:43:45,842 [Listener at 127.0.0.1/43369] INFO  impl.DataStreamServerImpl (ConfUtils.java:logGet(46)) - raft.datastream.type = NETTY (custom)
2023-03-15 05:43:45,842 [Listener at 127.0.0.1/43369] INFO  server.RaftServerConfigKeys (ConfUtils.java:logGet(46)) - raft.server.data-stream.async.request.thread.pool.cached = false (default)
2023-03-15 05:43:45,845 [Listener at 127.0.0.1/43369] INFO  server.RaftServerConfigKeys (ConfUtils.java:logGet(46)) - raft.server.data-stream.async.request.thread.pool.size = 20 (custom)
2023-03-15 05:43:45,845 [Listener at 127.0.0.1/43369] INFO  server.RaftServerConfigKeys (ConfUtils.java:logGet(46)) - raft.server.data-stream.async.write.thread.pool.size = 16 (default)
2023-03-15 05:43:45,845 [Listener at 127.0.0.1/43369] INFO  server.RaftServerConfigKeys (ConfUtils.java:logGet(46)) - raft.server.data-stream.client.pool.size = 10 (default)
2023-03-15 05:43:45,845 [Listener at 127.0.0.1/43369] INFO  netty.NettyConfigKeys$DataStream (ConfUtils.java:logGet(46)) - raft.netty.dataStream.server.use-epoll = false (default)
2023-03-15 05:43:45,846 [Listener at 127.0.0.1/43369] INFO  netty.NettyConfigKeys$DataStream (ConfUtils.java:logGet(46)) - raft.netty.dataStream.server.boss-group.size = 0 (default)
2023-03-15 05:43:45,846 [Listener at 127.0.0.1/43369] INFO  netty.NettyConfigKeys$DataStream (ConfUtils.java:logGet(46)) - raft.netty.dataStream.server.worker-group.size = 0 (default)
2023-03-15 05:43:45,847 [Listener at 127.0.0.1/43369] INFO  netty.NettyConfigKeys$DataStream (ConfUtils.java:logGet(46)) - raft.netty.dataStream.server.tls.conf = null (default)
2023-03-15 05:43:45,847 [Listener at 127.0.0.1/43369] INFO  netty.NettyConfigKeys$DataStream (ConfUtils.java:logGet(46)) - raft.netty.dataStream.host = null (default)
2023-03-15 05:43:45,847 [Listener at 127.0.0.1/43369] INFO  netty.NettyConfigKeys$DataStream (ConfUtils.java:logGet(46)) - raft.netty.dataStream.port = 0 (default)
2023-03-15 05:43:45,847 [Listener at 127.0.0.1/43369] INFO  server.RaftServerConfigKeys (ConfUtils.java:logGet(46)) - raft.server.threadpool.proxy.cached = true (default)
2023-03-15 05:43:45,848 [Listener at 127.0.0.1/43369] INFO  server.RaftServerConfigKeys (ConfUtils.java:logGet(46)) - raft.server.threadpool.proxy.size = 0 (default)
2023-03-15 05:43:45,848 [Listener at 127.0.0.1/43369] INFO  server.RaftServerConfigKeys (ConfUtils.java:logGet(46)) - raft.server.rpc.slowness.timeout = 300s (custom)
2023-03-15 05:43:45,848 [Listener at 127.0.0.1/43369] INFO  server.RaftServerConfigKeys (ConfUtils.java:logGet(46)) - raft.server.leaderelection.leader.step-down.wait-time = 10s (default)
2023-03-15 05:43:45,848 [Listener at 127.0.0.1/43369] INFO  server.RaftServerConfigKeys (ConfUtils.java:logGet(46)) - raft.server.storage.dir = [/home/runner/work/ozone/ozone/hadoop-ozone/integration-test/target/test-dir/MiniOzoneClusterImpl-257c5be2-ab76-4353-a1eb-ea8c6614f538/datanode-4/data/ratis] (custom)
2023-03-15 05:43:45,850 [f4b4952b-3e5d-4d4d-87e6-725506190fb6-NettyServerStreamRpc-bossGroup--thread1] INFO  logging.LoggingHandler (AbstractInternalLogger.java:log(148)) - [id: 0xdbe5db95] REGISTERED
2023-03-15 05:43:45,850 [f4b4952b-3e5d-4d4d-87e6-725506190fb6-NettyServerStreamRpc-bossGroup--thread1] INFO  logging.LoggingHandler (AbstractInternalLogger.java:log(148)) - [id: 0xdbe5db95] BIND: 0.0.0.0/0.0.0.0:0
2023-03-15 05:43:45,851 [f4b4952b-3e5d-4d4d-87e6-725506190fb6-NettyServerStreamRpc-bossGroup--thread1] INFO  logging.LoggingHandler (AbstractInternalLogger.java:log(148)) - [id: 0xdbe5db95, L:/0:0:0:0:0:0:0:0:38515] ACTIVE
2023-03-15 05:43:45,852 [Listener at 127.0.0.1/43369] INFO  server.XceiverServerGrpc (XceiverServerGrpc.java:<init>(132)) - GrpcServer channel type EpollServerSocketChannel
2023-03-15 05:43:45,859 [Listener at 127.0.0.1/43369] INFO  http.BaseHttpServer (BaseHttpServer.java:newHttpServer2BuilderForOzone(224)) - Starting Web-server for hddsDatanode at: http://0.0.0.0:0
2023-03-15 05:43:45,859 [Listener at 127.0.0.1/43369] INFO  http.BaseHttpServer (BaseHttpServer.java:<init>(111)) - Hadoop Security Enabled: false Ozone Security Enabled: false Ozone HTTP Security Enabled: false 
2023-03-15 05:43:45,861 [Listener at 127.0.0.1/43369] WARN  server.AuthenticationFilter (AuthenticationFilter.java:constructSecretProvider(240)) - Unable to initialize FileSignerSecretProvider, falling back to use random secrets. Reason: Could not read signature secret file: /home/runner/hadoop-http-auth-signature-secret
2023-03-15 05:43:45,866 [Listener at 127.0.0.1/43369] WARN  http.HttpRequestLog (HttpRequestLog.java:getRequestLog(103)) - Jetty request log can only be enabled using Log4j
2023-03-15 05:43:45,868 [Listener at 127.0.0.1/43369] INFO  http.HttpServer2 (HttpServer2.java:addGlobalFilter(1031)) - Added global filter 'safety' (class=org.apache.hadoop.hdds.server.http.HttpServer2$QuotingInputFilter)
2023-03-15 05:43:45,869 [Listener at 127.0.0.1/43369] INFO  http.HttpServer2 (HttpServer2.java:addFilter(1007)) - Added filter static_user_filter (class=org.apache.hadoop.http.lib.StaticUserWebFilter$StaticUserFilter) to context hddsDatanode
2023-03-15 05:43:45,869 [Listener at 127.0.0.1/43369] INFO  http.HttpServer2 (HttpServer2.java:addFilter(1015)) - Added filter static_user_filter (class=org.apache.hadoop.http.lib.StaticUserWebFilter$StaticUserFilter) to context static
2023-03-15 05:43:45,869 [Listener at 127.0.0.1/43369] INFO  http.HttpServer2 (HttpServer2.java:addFilter(1015)) - Added filter static_user_filter (class=org.apache.hadoop.http.lib.StaticUserWebFilter$StaticUserFilter) to context logs
2023-03-15 05:43:45,870 [Listener at 127.0.0.1/43369] INFO  http.BaseHttpServer (BaseHttpServer.java:<init>(190)) - HTTP server of hddsDatanode uses base directory /home/runner/work/ozone/ozone/hadoop-ozone/integration-test/target/test-dir/MiniOzoneClusterImpl-257c5be2-ab76-4353-a1eb-ea8c6614f538/datanode-4/meta/webserver
2023-03-15 05:43:45,870 [Listener at 127.0.0.1/43369] INFO  http.HttpServer2 (HttpServer2.java:bindListener(1250)) - Jetty bound to port 40993
2023-03-15 05:43:45,870 [Listener at 127.0.0.1/43369] INFO  server.Server (Server.java:doStart(375)) - jetty-9.4.49.v20220914; built: 2022-09-14T01:07:36.601Z; git: 4231a3b2e4cb8548a412a789936d640a97b1aa0a; jvm 1.8.0_362-b09
2023-03-15 05:43:45,878 [Listener at 127.0.0.1/43369] INFO  server.session (DefaultSessionIdManager.java:doStart(334)) - DefaultSessionIdManager workerName=node0
2023-03-15 05:43:45,878 [Listener at 127.0.0.1/43369] INFO  server.session (DefaultSessionIdManager.java:doStart(339)) - No SessionScavenger set, using defaults
2023-03-15 05:43:45,878 [Listener at 127.0.0.1/43369] INFO  server.session (HouseKeeper.java:startScavenging(132)) - node0 Scavenging every 660000ms
2023-03-15 05:43:45,879 [Listener at 127.0.0.1/43369] INFO  handler.ContextHandler (ContextHandler.java:doStart(921)) - Started o.e.j.s.ServletContextHandler@38d7e9ec{logs,/logs,file:///home/runner/work/ozone/ozone/hadoop-ozone/integration-test/target/log,AVAILABLE}
2023-03-15 05:43:45,879 [Listener at 127.0.0.1/43369] INFO  handler.ContextHandler (ContextHandler.java:doStart(921)) - Started o.e.j.s.ServletContextHandler@26e0fbc9{static,/static,jar:file:/home/runner/.m2/repository/org/apache/ozone/hdds-container-service/1.4.0-SNAPSHOT/hdds-container-service-1.4.0-SNAPSHOT.jar!/webapps/static,AVAILABLE}
2023-03-15 05:43:46,083 [Listener at 127.0.0.1/43369] INFO  handler.ContextHandler (ContextHandler.java:doStart(921)) - Started o.e.j.w.WebAppContext@1f2da372{hddsDatanode,/,file:///home/runner/work/ozone/ozone/hadoop-ozone/integration-test/target/test-dir/MiniOzoneClusterImpl-257c5be2-ab76-4353-a1eb-ea8c6614f538/datanode-4/meta/webserver/jetty-0_0_0_0-40993-hdds-container-service-1_4_0-SNAPSHOT_jar-_-any-2345672790034680199/webapp/,AVAILABLE}{jar:file:/home/runner/.m2/repository/org/apache/ozone/hdds-container-service/1.4.0-SNAPSHOT/hdds-container-service-1.4.0-SNAPSHOT.jar!/webapps/hddsDatanode}
2023-03-15 05:43:46,085 [Listener at 127.0.0.1/43369] INFO  server.AbstractConnector (AbstractConnector.java:doStart(333)) - Started ServerConnector@71886642{HTTP/1.1, (http/1.1)}{0.0.0.0:40993}
2023-03-15 05:43:46,085 [Listener at 127.0.0.1/43369] INFO  server.Server (Server.java:doStart(415)) - Started @9764ms
2023-03-15 05:43:46,086 [Listener at 127.0.0.1/43369] WARN  impl.MetricsSystemImpl (MetricsSystemImpl.java:register(279)) - Sink prometheus already exists!
2023-03-15 05:43:46,087 [Listener at 127.0.0.1/43369] INFO  http.BaseHttpServer (BaseHttpServer.java:updateConnectorAddress(344)) - HTTP server of hddsDatanode listening at http://0.0.0.0:40993
2023-03-15 05:43:46,088 [Datanode State Machine Daemon Thread] INFO  statemachine.DatanodeStateMachine (DatanodeStateMachine.java:lambda$startDaemon$0(517)) - Ozone container server started.
2023-03-15 05:43:46,089 [Listener at 127.0.0.1/43369] INFO  ozone.MiniOzoneClusterImpl (MiniOzoneClusterImpl.java:lambda$waitForClusterToBeReady$0(218)) - Waiting for nodes to be ready. Got 0 of 5 DN Heartbeats.
2023-03-15 05:43:46,089 [Listener at 127.0.0.1/43369] INFO  ozone.MiniOzoneClusterImpl (MiniOzoneClusterImpl.java:lambda$waitForClusterToBeReady$0(221)) - Waiting for cluster to exit safe mode
2023-03-15 05:43:46,089 [Listener at 127.0.0.1/43369] INFO  ozone.MiniOzoneClusterImpl (MiniOzoneClusterImpl.java:lambda$waitForClusterToBeReady$0(223)) - SCM became leader
2023-03-15 05:43:46,091 [org.apache.hadoop.util.JvmPauseMonitor$Monitor@3e0a0f7e] INFO  util.JvmPauseMonitor (JvmPauseMonitor.java:run(188)) - Starting JVM pause monitor
2023-03-15 05:43:46,093 [Datanode State Machine Task Thread - 0] INFO  datanode.InitDatanodeState (InitDatanodeState.java:persistContainerDatanodeDetails(138)) - DatanodeDetails is persisted to /home/runner/work/ozone/ozone/hadoop-ozone/integration-test/target/test-dir/MiniOzoneClusterImpl-257c5be2-ab76-4353-a1eb-ea8c6614f538/datanode-4/meta/datanode.id
2023-03-15 05:43:46,499 [EndpointStateMachine task thread for /0.0.0.0:35443 - 0 ] INFO  utils.DatanodeStoreCache (DatanodeStoreCache.java:addDB(58)) - Added db /home/runner/work/ozone/ozone/hadoop-ozone/integration-test/target/test-dir/MiniOzoneClusterImpl-257c5be2-ab76-4353-a1eb-ea8c6614f538/datanode-0/data-0/containers/hdds/257c5be2-ab76-4353-a1eb-ea8c6614f538/DS-e28aeb58-0c48-4371-b1b3-a8cfe57210fa/container.db to cache
2023-03-15 05:43:46,499 [EndpointStateMachine task thread for /0.0.0.0:35443 - 0 ] INFO  volume.HddsVolume (HddsVolume.java:createDbStore(331)) - SchemaV3 db is created and loaded at /home/runner/work/ozone/ozone/hadoop-ozone/integration-test/target/test-dir/MiniOzoneClusterImpl-257c5be2-ab76-4353-a1eb-ea8c6614f538/datanode-0/data-0/containers/hdds/257c5be2-ab76-4353-a1eb-ea8c6614f538/DS-e28aeb58-0c48-4371-b1b3-a8cfe57210fa/container.db for volume DS-e28aeb58-0c48-4371-b1b3-a8cfe57210fa
2023-03-15 05:43:46,500 [EndpointStateMachine task thread for /0.0.0.0:35443 - 0 ] INFO  ozoneimpl.OzoneContainer (OzoneContainer.java:start(401)) - Attempting to start container services.
2023-03-15 05:43:46,502 [EndpointStateMachine task thread for /0.0.0.0:35443 - 0 ] INFO  ozoneimpl.OzoneContainer (OzoneContainer.java:startContainerScrub(318)) - Scheduled background container scanners and the on-demand container scanner have been disabled.
2023-03-15 05:43:46,503 [EndpointStateMachine task thread for /0.0.0.0:35443 - 0 ] INFO  replication.ReplicationServer (ReplicationServer.java:start(109)) - ReplicationServer is started using port 33911
2023-03-15 05:43:46,506 [EndpointStateMachine task thread for /0.0.0.0:35443 - 0 ] INFO  ratis.XceiverServerRatis (XceiverServerRatis.java:start(518)) - Starting XceiverServerRatis 749a2a4e-326e-405d-8b3d-6482ea274e37
2023-03-15 05:43:46,513 [EndpointStateMachine task thread for /0.0.0.0:35443 - 0 ] INFO  server.RaftServer (RaftServerProxy.java:startImpl(393)) - 749a2a4e-326e-405d-8b3d-6482ea274e37: start RPC server
2023-03-15 05:43:46,520 [EndpointStateMachine task thread for /0.0.0.0:35443 - 0 ] INFO  server.GrpcService (GrpcService.java:startImpl(262)) - 749a2a4e-326e-405d-8b3d-6482ea274e37: GrpcService started, listening on 40203
2023-03-15 05:43:46,522 [EndpointStateMachine task thread for /0.0.0.0:35443 - 0 ] INFO  ratis.XceiverServerRatis (XceiverServerRatis.java:getRealPort(544)) - XceiverServerRatis 749a2a4e-326e-405d-8b3d-6482ea274e37 is started using port 40203 for RATIS
2023-03-15 05:43:46,522 [EndpointStateMachine task thread for /0.0.0.0:35443 - 0 ] INFO  ratis.XceiverServerRatis (XceiverServerRatis.java:getRealPort(544)) - XceiverServerRatis 749a2a4e-326e-405d-8b3d-6482ea274e37 is started using port 40203 for RATIS_ADMIN
2023-03-15 05:43:46,522 [EndpointStateMachine task thread for /0.0.0.0:35443 - 0 ] INFO  ratis.XceiverServerRatis (XceiverServerRatis.java:getRealPort(544)) - XceiverServerRatis 749a2a4e-326e-405d-8b3d-6482ea274e37 is started using port 40203 for RATIS_SERVER
2023-03-15 05:43:46,522 [EndpointStateMachine task thread for /0.0.0.0:35443 - 0 ] INFO  ratis.XceiverServerRatis (XceiverServerRatis.java:getRealPort(544)) - XceiverServerRatis 749a2a4e-326e-405d-8b3d-6482ea274e37 is started using port 44725 for RATIS_DATASTREAM
2023-03-15 05:43:46,523 [JvmPauseMonitor1] INFO  util.JvmPauseMonitor (JvmPauseMonitor.java:run(105)) - JvmPauseMonitor-749a2a4e-326e-405d-8b3d-6482ea274e37: Started
2023-03-15 05:43:46,527 [EndpointStateMachine task thread for /0.0.0.0:35443 - 0 ] INFO  server.XceiverServerGrpc (XceiverServerGrpc.java:start(180)) - XceiverServerGrpc 749a2a4e-326e-405d-8b3d-6482ea274e37 is started using port 38549
2023-03-15 05:43:46,532 [BlockDeletingService#0] INFO  interfaces.ContainerDeletionChoosingPolicyTemplate (ContainerDeletionChoosingPolicyTemplate.java:chooseContainerForBlockDeletion(83)) - Chosen 0/5000 blocks from 0 candidate containers.
2023-03-15 05:43:46,995 [EndpointStateMachine task thread for /0.0.0.0:35443 - 0 ] INFO  utils.DatanodeStoreCache (DatanodeStoreCache.java:addDB(58)) - Added db /home/runner/work/ozone/ozone/hadoop-ozone/integration-test/target/test-dir/MiniOzoneClusterImpl-257c5be2-ab76-4353-a1eb-ea8c6614f538/datanode-1/data-0/containers/hdds/257c5be2-ab76-4353-a1eb-ea8c6614f538/DS-c9df8282-8839-494e-bd6c-8cf396de915c/container.db to cache
2023-03-15 05:43:46,996 [EndpointStateMachine task thread for /0.0.0.0:35443 - 0 ] INFO  volume.HddsVolume (HddsVolume.java:createDbStore(331)) - SchemaV3 db is created and loaded at /home/runner/work/ozone/ozone/hadoop-ozone/integration-test/target/test-dir/MiniOzoneClusterImpl-257c5be2-ab76-4353-a1eb-ea8c6614f538/datanode-1/data-0/containers/hdds/257c5be2-ab76-4353-a1eb-ea8c6614f538/DS-c9df8282-8839-494e-bd6c-8cf396de915c/container.db for volume DS-c9df8282-8839-494e-bd6c-8cf396de915c
2023-03-15 05:43:46,996 [EndpointStateMachine task thread for /0.0.0.0:35443 - 0 ] INFO  ozoneimpl.OzoneContainer (OzoneContainer.java:start(401)) - Attempting to start container services.
2023-03-15 05:43:46,996 [EndpointStateMachine task thread for /0.0.0.0:35443 - 0 ] INFO  ozoneimpl.OzoneContainer (OzoneContainer.java:startContainerScrub(318)) - Scheduled background container scanners and the on-demand container scanner have been disabled.
2023-03-15 05:43:46,998 [EndpointStateMachine task thread for /0.0.0.0:35443 - 0 ] INFO  replication.ReplicationServer (ReplicationServer.java:start(109)) - ReplicationServer is started using port 46285
2023-03-15 05:43:46,998 [EndpointStateMachine task thread for /0.0.0.0:35443 - 0 ] INFO  ratis.XceiverServerRatis (XceiverServerRatis.java:start(518)) - Starting XceiverServerRatis a88b317b-310e-4f91-ab19-5adcbba379a7
2023-03-15 05:43:46,999 [EndpointStateMachine task thread for /0.0.0.0:35443 - 0 ] INFO  server.RaftServer (RaftServerProxy.java:startImpl(393)) - a88b317b-310e-4f91-ab19-5adcbba379a7: start RPC server
2023-03-15 05:43:47,000 [EndpointStateMachine task thread for /0.0.0.0:35443 - 0 ] INFO  server.GrpcService (GrpcService.java:startImpl(262)) - a88b317b-310e-4f91-ab19-5adcbba379a7: GrpcService started, listening on 39225
2023-03-15 05:43:47,000 [EndpointStateMachine task thread for /0.0.0.0:35443 - 0 ] INFO  ratis.XceiverServerRatis (XceiverServerRatis.java:getRealPort(544)) - XceiverServerRatis a88b317b-310e-4f91-ab19-5adcbba379a7 is started using port 39225 for RATIS
2023-03-15 05:43:47,001 [EndpointStateMachine task thread for /0.0.0.0:35443 - 0 ] INFO  ratis.XceiverServerRatis (XceiverServerRatis.java:getRealPort(544)) - XceiverServerRatis a88b317b-310e-4f91-ab19-5adcbba379a7 is started using port 39225 for RATIS_ADMIN
2023-03-15 05:43:47,001 [JvmPauseMonitor2] INFO  util.JvmPauseMonitor (JvmPauseMonitor.java:run(105)) - JvmPauseMonitor-a88b317b-310e-4f91-ab19-5adcbba379a7: Started
2023-03-15 05:43:47,001 [EndpointStateMachine task thread for /0.0.0.0:35443 - 0 ] INFO  ratis.XceiverServerRatis (XceiverServerRatis.java:getRealPort(544)) - XceiverServerRatis a88b317b-310e-4f91-ab19-5adcbba379a7 is started using port 39225 for RATIS_SERVER
2023-03-15 05:43:47,001 [EndpointStateMachine task thread for /0.0.0.0:35443 - 0 ] INFO  ratis.XceiverServerRatis (XceiverServerRatis.java:getRealPort(544)) - XceiverServerRatis a88b317b-310e-4f91-ab19-5adcbba379a7 is started using port 43727 for RATIS_DATASTREAM
2023-03-15 05:43:47,003 [EndpointStateMachine task thread for /0.0.0.0:35443 - 0 ] INFO  server.XceiverServerGrpc (XceiverServerGrpc.java:start(180)) - XceiverServerGrpc a88b317b-310e-4f91-ab19-5adcbba379a7 is started using port 45401
2023-03-15 05:43:47,007 [BlockDeletingService#0] INFO  interfaces.ContainerDeletionChoosingPolicyTemplate (ContainerDeletionChoosingPolicyTemplate.java:chooseContainerForBlockDeletion(83)) - Chosen 0/5000 blocks from 0 candidate containers.
2023-03-15 05:43:47,090 [Listener at 127.0.0.1/43369] INFO  ozone.MiniOzoneClusterImpl (MiniOzoneClusterImpl.java:lambda$waitForClusterToBeReady$0(218)) - Waiting for nodes to be ready. Got 0 of 5 DN Heartbeats.
2023-03-15 05:43:47,090 [Listener at 127.0.0.1/43369] INFO  ozone.MiniOzoneClusterImpl (MiniOzoneClusterImpl.java:lambda$waitForClusterToBeReady$0(221)) - Waiting for cluster to exit safe mode
2023-03-15 05:43:47,090 [Listener at 127.0.0.1/43369] INFO  ozone.MiniOzoneClusterImpl (MiniOzoneClusterImpl.java:lambda$waitForClusterToBeReady$0(223)) - SCM became leader
2023-03-15 05:43:47,358 [EndpointStateMachine task thread for /0.0.0.0:35443 - 0 ] INFO  utils.DatanodeStoreCache (DatanodeStoreCache.java:addDB(58)) - Added db /home/runner/work/ozone/ozone/hadoop-ozone/integration-test/target/test-dir/MiniOzoneClusterImpl-257c5be2-ab76-4353-a1eb-ea8c6614f538/datanode-2/data-0/containers/hdds/257c5be2-ab76-4353-a1eb-ea8c6614f538/DS-5916f9cd-cade-4df0-aa40-0067f590f3ce/container.db to cache
2023-03-15 05:43:47,358 [EndpointStateMachine task thread for /0.0.0.0:35443 - 0 ] INFO  volume.HddsVolume (HddsVolume.java:createDbStore(331)) - SchemaV3 db is created and loaded at /home/runner/work/ozone/ozone/hadoop-ozone/integration-test/target/test-dir/MiniOzoneClusterImpl-257c5be2-ab76-4353-a1eb-ea8c6614f538/datanode-2/data-0/containers/hdds/257c5be2-ab76-4353-a1eb-ea8c6614f538/DS-5916f9cd-cade-4df0-aa40-0067f590f3ce/container.db for volume DS-5916f9cd-cade-4df0-aa40-0067f590f3ce
2023-03-15 05:43:47,358 [EndpointStateMachine task thread for /0.0.0.0:35443 - 0 ] INFO  ozoneimpl.OzoneContainer (OzoneContainer.java:start(401)) - Attempting to start container services.
2023-03-15 05:43:47,358 [EndpointStateMachine task thread for /0.0.0.0:35443 - 0 ] INFO  ozoneimpl.OzoneContainer (OzoneContainer.java:startContainerScrub(318)) - Scheduled background container scanners and the on-demand container scanner have been disabled.
2023-03-15 05:43:47,360 [EndpointStateMachine task thread for /0.0.0.0:35443 - 0 ] INFO  replication.ReplicationServer (ReplicationServer.java:start(109)) - ReplicationServer is started using port 37225
2023-03-15 05:43:47,360 [EndpointStateMachine task thread for /0.0.0.0:35443 - 0 ] INFO  ratis.XceiverServerRatis (XceiverServerRatis.java:start(518)) - Starting XceiverServerRatis 93bbdb4e-ae1d-4286-84a2-0f7fae60ad59
2023-03-15 05:43:47,361 [EndpointStateMachine task thread for /0.0.0.0:35443 - 0 ] INFO  server.RaftServer (RaftServerProxy.java:startImpl(393)) - 93bbdb4e-ae1d-4286-84a2-0f7fae60ad59: start RPC server
2023-03-15 05:43:47,363 [EndpointStateMachine task thread for /0.0.0.0:35443 - 0 ] INFO  server.GrpcService (GrpcService.java:startImpl(262)) - 93bbdb4e-ae1d-4286-84a2-0f7fae60ad59: GrpcService started, listening on 43933
2023-03-15 05:43:47,363 [EndpointStateMachine task thread for /0.0.0.0:35443 - 0 ] INFO  ratis.XceiverServerRatis (XceiverServerRatis.java:getRealPort(544)) - XceiverServerRatis 93bbdb4e-ae1d-4286-84a2-0f7fae60ad59 is started using port 43933 for RATIS
2023-03-15 05:43:47,363 [EndpointStateMachine task thread for /0.0.0.0:35443 - 0 ] INFO  ratis.XceiverServerRatis (XceiverServerRatis.java:getRealPort(544)) - XceiverServerRatis 93bbdb4e-ae1d-4286-84a2-0f7fae60ad59 is started using port 43933 for RATIS_ADMIN
2023-03-15 05:43:47,363 [EndpointStateMachine task thread for /0.0.0.0:35443 - 0 ] INFO  ratis.XceiverServerRatis (XceiverServerRatis.java:getRealPort(544)) - XceiverServerRatis 93bbdb4e-ae1d-4286-84a2-0f7fae60ad59 is started using port 43933 for RATIS_SERVER
2023-03-15 05:43:47,363 [EndpointStateMachine task thread for /0.0.0.0:35443 - 0 ] INFO  ratis.XceiverServerRatis (XceiverServerRatis.java:getRealPort(544)) - XceiverServerRatis 93bbdb4e-ae1d-4286-84a2-0f7fae60ad59 is started using port 42381 for RATIS_DATASTREAM
2023-03-15 05:43:47,364 [JvmPauseMonitor3] INFO  util.JvmPauseMonitor (JvmPauseMonitor.java:run(105)) - JvmPauseMonitor-93bbdb4e-ae1d-4286-84a2-0f7fae60ad59: Started
2023-03-15 05:43:47,366 [EndpointStateMachine task thread for /0.0.0.0:35443 - 0 ] INFO  server.XceiverServerGrpc (XceiverServerGrpc.java:start(180)) - XceiverServerGrpc 93bbdb4e-ae1d-4286-84a2-0f7fae60ad59 is started using port 40663
2023-03-15 05:43:47,367 [BlockDeletingService#0] INFO  interfaces.ContainerDeletionChoosingPolicyTemplate (ContainerDeletionChoosingPolicyTemplate.java:chooseContainerForBlockDeletion(83)) - Chosen 0/5000 blocks from 0 candidate containers.
2023-03-15 05:43:47,750 [EndpointStateMachine task thread for /0.0.0.0:35443 - 0 ] INFO  utils.DatanodeStoreCache (DatanodeStoreCache.java:addDB(58)) - Added db /home/runner/work/ozone/ozone/hadoop-ozone/integration-test/target/test-dir/MiniOzoneClusterImpl-257c5be2-ab76-4353-a1eb-ea8c6614f538/datanode-3/data-0/containers/hdds/257c5be2-ab76-4353-a1eb-ea8c6614f538/DS-1f1b7e3a-5452-4965-b86e-3f9b7b7f2f75/container.db to cache
2023-03-15 05:43:47,750 [EndpointStateMachine task thread for /0.0.0.0:35443 - 0 ] INFO  volume.HddsVolume (HddsVolume.java:createDbStore(331)) - SchemaV3 db is created and loaded at /home/runner/work/ozone/ozone/hadoop-ozone/integration-test/target/test-dir/MiniOzoneClusterImpl-257c5be2-ab76-4353-a1eb-ea8c6614f538/datanode-3/data-0/containers/hdds/257c5be2-ab76-4353-a1eb-ea8c6614f538/DS-1f1b7e3a-5452-4965-b86e-3f9b7b7f2f75/container.db for volume DS-1f1b7e3a-5452-4965-b86e-3f9b7b7f2f75
2023-03-15 05:43:47,750 [EndpointStateMachine task thread for /0.0.0.0:35443 - 0 ] INFO  ozoneimpl.OzoneContainer (OzoneContainer.java:start(401)) - Attempting to start container services.
2023-03-15 05:43:47,751 [EndpointStateMachine task thread for /0.0.0.0:35443 - 0 ] INFO  ozoneimpl.OzoneContainer (OzoneContainer.java:startContainerScrub(318)) - Scheduled background container scanners and the on-demand container scanner have been disabled.
2023-03-15 05:43:47,754 [EndpointStateMachine task thread for /0.0.0.0:35443 - 0 ] INFO  replication.ReplicationServer (ReplicationServer.java:start(109)) - ReplicationServer is started using port 33425
2023-03-15 05:43:47,754 [EndpointStateMachine task thread for /0.0.0.0:35443 - 0 ] INFO  ratis.XceiverServerRatis (XceiverServerRatis.java:start(518)) - Starting XceiverServerRatis fd98b1c5-5b85-4a01-ae78-de2614481a07
2023-03-15 05:43:47,755 [EndpointStateMachine task thread for /0.0.0.0:35443 - 0 ] INFO  server.RaftServer (RaftServerProxy.java:startImpl(393)) - fd98b1c5-5b85-4a01-ae78-de2614481a07: start RPC server
2023-03-15 05:43:47,757 [EndpointStateMachine task thread for /0.0.0.0:35443 - 0 ] INFO  server.GrpcService (GrpcService.java:startImpl(262)) - fd98b1c5-5b85-4a01-ae78-de2614481a07: GrpcService started, listening on 42461
2023-03-15 05:43:47,757 [EndpointStateMachine task thread for /0.0.0.0:35443 - 0 ] INFO  ratis.XceiverServerRatis (XceiverServerRatis.java:getRealPort(544)) - XceiverServerRatis fd98b1c5-5b85-4a01-ae78-de2614481a07 is started using port 42461 for RATIS
2023-03-15 05:43:47,757 [EndpointStateMachine task thread for /0.0.0.0:35443 - 0 ] INFO  ratis.XceiverServerRatis (XceiverServerRatis.java:getRealPort(544)) - XceiverServerRatis fd98b1c5-5b85-4a01-ae78-de2614481a07 is started using port 42461 for RATIS_ADMIN
2023-03-15 05:43:47,757 [JvmPauseMonitor4] INFO  util.JvmPauseMonitor (JvmPauseMonitor.java:run(105)) - JvmPauseMonitor-fd98b1c5-5b85-4a01-ae78-de2614481a07: Started
2023-03-15 05:43:47,757 [EndpointStateMachine task thread for /0.0.0.0:35443 - 0 ] INFO  ratis.XceiverServerRatis (XceiverServerRatis.java:getRealPort(544)) - XceiverServerRatis fd98b1c5-5b85-4a01-ae78-de2614481a07 is started using port 42461 for RATIS_SERVER
2023-03-15 05:43:47,757 [EndpointStateMachine task thread for /0.0.0.0:35443 - 0 ] INFO  ratis.XceiverServerRatis (XceiverServerRatis.java:getRealPort(544)) - XceiverServerRatis fd98b1c5-5b85-4a01-ae78-de2614481a07 is started using port 45249 for RATIS_DATASTREAM
2023-03-15 05:43:47,759 [EndpointStateMachine task thread for /0.0.0.0:35443 - 0 ] INFO  server.XceiverServerGrpc (XceiverServerGrpc.java:start(180)) - XceiverServerGrpc fd98b1c5-5b85-4a01-ae78-de2614481a07 is started using port 45383
2023-03-15 05:43:47,766 [BlockDeletingService#0] INFO  interfaces.ContainerDeletionChoosingPolicyTemplate (ContainerDeletionChoosingPolicyTemplate.java:chooseContainerForBlockDeletion(83)) - Chosen 0/5000 blocks from 0 candidate containers.
2023-03-15 05:43:48,090 [Listener at 127.0.0.1/43369] INFO  ozone.MiniOzoneClusterImpl (MiniOzoneClusterImpl.java:lambda$waitForClusterToBeReady$0(218)) - Waiting for nodes to be ready. Got 0 of 5 DN Heartbeats.
2023-03-15 05:43:48,090 [Listener at 127.0.0.1/43369] INFO  ozone.MiniOzoneClusterImpl (MiniOzoneClusterImpl.java:lambda$waitForClusterToBeReady$0(221)) - Waiting for cluster to exit safe mode
2023-03-15 05:43:48,090 [Listener at 127.0.0.1/43369] INFO  ozone.MiniOzoneClusterImpl (MiniOzoneClusterImpl.java:lambda$waitForClusterToBeReady$0(223)) - SCM became leader
2023-03-15 05:43:48,118 [EndpointStateMachine task thread for /0.0.0.0:35443 - 0 ] INFO  utils.DatanodeStoreCache (DatanodeStoreCache.java:addDB(58)) - Added db /home/runner/work/ozone/ozone/hadoop-ozone/integration-test/target/test-dir/MiniOzoneClusterImpl-257c5be2-ab76-4353-a1eb-ea8c6614f538/datanode-4/data-0/containers/hdds/257c5be2-ab76-4353-a1eb-ea8c6614f538/DS-c09a3f17-177e-4a37-8cd4-a370d892ae73/container.db to cache
2023-03-15 05:43:48,119 [EndpointStateMachine task thread for /0.0.0.0:35443 - 0 ] INFO  volume.HddsVolume (HddsVolume.java:createDbStore(331)) - SchemaV3 db is created and loaded at /home/runner/work/ozone/ozone/hadoop-ozone/integration-test/target/test-dir/MiniOzoneClusterImpl-257c5be2-ab76-4353-a1eb-ea8c6614f538/datanode-4/data-0/containers/hdds/257c5be2-ab76-4353-a1eb-ea8c6614f538/DS-c09a3f17-177e-4a37-8cd4-a370d892ae73/container.db for volume DS-c09a3f17-177e-4a37-8cd4-a370d892ae73
2023-03-15 05:43:48,119 [EndpointStateMachine task thread for /0.0.0.0:35443 - 0 ] INFO  ozoneimpl.OzoneContainer (OzoneContainer.java:start(401)) - Attempting to start container services.
2023-03-15 05:43:48,119 [EndpointStateMachine task thread for /0.0.0.0:35443 - 0 ] INFO  ozoneimpl.OzoneContainer (OzoneContainer.java:startContainerScrub(318)) - Scheduled background container scanners and the on-demand container scanner have been disabled.
2023-03-15 05:43:48,120 [EndpointStateMachine task thread for /0.0.0.0:35443 - 0 ] INFO  replication.ReplicationServer (ReplicationServer.java:start(109)) - ReplicationServer is started using port 43843
2023-03-15 05:43:48,121 [EndpointStateMachine task thread for /0.0.0.0:35443 - 0 ] INFO  ratis.XceiverServerRatis (XceiverServerRatis.java:start(518)) - Starting XceiverServerRatis f4b4952b-3e5d-4d4d-87e6-725506190fb6
2023-03-15 05:43:48,121 [EndpointStateMachine task thread for /0.0.0.0:35443 - 0 ] INFO  server.RaftServer (RaftServerProxy.java:startImpl(393)) - f4b4952b-3e5d-4d4d-87e6-725506190fb6: start RPC server
2023-03-15 05:43:48,123 [EndpointStateMachine task thread for /0.0.0.0:35443 - 0 ] INFO  server.GrpcService (GrpcService.java:startImpl(262)) - f4b4952b-3e5d-4d4d-87e6-725506190fb6: GrpcService started, listening on 34783
2023-03-15 05:43:48,124 [EndpointStateMachine task thread for /0.0.0.0:35443 - 0 ] INFO  ratis.XceiverServerRatis (XceiverServerRatis.java:getRealPort(544)) - XceiverServerRatis f4b4952b-3e5d-4d4d-87e6-725506190fb6 is started using port 34783 for RATIS
2023-03-15 05:43:48,124 [JvmPauseMonitor5] INFO  util.JvmPauseMonitor (JvmPauseMonitor.java:run(105)) - JvmPauseMonitor-f4b4952b-3e5d-4d4d-87e6-725506190fb6: Started
2023-03-15 05:43:48,124 [EndpointStateMachine task thread for /0.0.0.0:35443 - 0 ] INFO  ratis.XceiverServerRatis (XceiverServerRatis.java:getRealPort(544)) - XceiverServerRatis f4b4952b-3e5d-4d4d-87e6-725506190fb6 is started using port 34783 for RATIS_ADMIN
2023-03-15 05:43:48,124 [EndpointStateMachine task thread for /0.0.0.0:35443 - 0 ] INFO  ratis.XceiverServerRatis (XceiverServerRatis.java:getRealPort(544)) - XceiverServerRatis f4b4952b-3e5d-4d4d-87e6-725506190fb6 is started using port 34783 for RATIS_SERVER
2023-03-15 05:43:48,124 [EndpointStateMachine task thread for /0.0.0.0:35443 - 0 ] INFO  ratis.XceiverServerRatis (XceiverServerRatis.java:getRealPort(544)) - XceiverServerRatis f4b4952b-3e5d-4d4d-87e6-725506190fb6 is started using port 38515 for RATIS_DATASTREAM
2023-03-15 05:43:48,126 [EndpointStateMachine task thread for /0.0.0.0:35443 - 0 ] INFO  server.XceiverServerGrpc (XceiverServerGrpc.java:start(180)) - XceiverServerGrpc f4b4952b-3e5d-4d4d-87e6-725506190fb6 is started using port 41477
2023-03-15 05:43:48,127 [BlockDeletingService#0] INFO  interfaces.ContainerDeletionChoosingPolicyTemplate (ContainerDeletionChoosingPolicyTemplate.java:chooseContainerForBlockDeletion(83)) - Chosen 0/5000 blocks from 0 candidate containers.
2023-03-15 05:43:48,423 [IPC Server handler 17 on default port 35443] INFO  net.NetworkTopologyImpl (NetworkTopologyImpl.java:add(112)) - Added a new node: /default-rack/749a2a4e-326e-405d-8b3d-6482ea274e37
2023-03-15 05:43:48,424 [IPC Server handler 17 on default port 35443] INFO  node.SCMNodeManager (SCMNodeManager.java:register(404)) - Registered Data node : 749a2a4e-326e-405d-8b3d-6482ea274e37{ip: 10.1.0.18, host: fv-az390-885.2udvygdcjcjuphbbpa4zxtqymb.gx.internal.cloudapp.net, ports: [REPLICATION=33911, RATIS=40203, RATIS_ADMIN=40203, RATIS_SERVER=40203, RATIS_DATASTREAM=44725, STANDALONE=38549], networkLocation: /default-rack, certSerialId: null, persistedOpState: null, persistedOpStateExpiryEpochSec: 0}
2023-03-15 05:43:48,429 [EventQueue-NewNodeForNewNodeHandler] INFO  pipeline.BackgroundPipelineCreator (BackgroundPipelineCreator.java:notifyEventTriggered(276)) - trigger a one-shot run on RatisPipelineUtilsThread.
2023-03-15 05:43:48,430 [EventQueue-NodeRegistrationContainerReportForDataNodeSafeModeRule] INFO  safemode.SCMSafeModeManager (DataNodeSafeModeRule.java:process(71)) - SCM in safe mode. 1 DataNodes registered, 3 required.
2023-03-15 05:43:48,436 [RatisPipelineUtilsThread - 0] INFO  pipeline.RatisPipelineProvider (RatisPipelineProvider.java:lambda$create$0(206)) - Sending CreatePipelineCommand for pipeline:PipelineID=4f143829-eeb0-426e-b499-c2d39ded5c2c to datanode:749a2a4e-326e-405d-8b3d-6482ea274e37
2023-03-15 05:43:48,437 [EventQueue-NodeRegistrationContainerReportForContainerSafeModeRule] INFO  safemode.SCMSafeModeManager (SCMSafeModeManager.java:validateSafeModeExitRules(200)) - ContainerSafeModeRule rule is successfully validated
2023-03-15 05:43:48,447 [RatisPipelineUtilsThread - 0] INFO  pipeline.PipelineStateManagerImpl (PipelineStateManagerImpl.java:addPipeline(103)) - Created pipeline Pipeline[ Id: 4f143829-eeb0-426e-b499-c2d39ded5c2c, Nodes: 749a2a4e-326e-405d-8b3d-6482ea274e37(fv-az390-885.2udvygdcjcjuphbbpa4zxtqymb.gx.internal.cloudapp.net/10.1.0.18), ReplicationConfig: RATIS/ONE, State:ALLOCATED, leaderId:, CreationTimestamp2023-03-15T05:43:48.435Z[Etc/UTC]].
2023-03-15 05:43:48,449 [EventQueue-PipelineReportForOneReplicaPipelineSafeModeRule] INFO  safemode.SCMSafeModeManager (SCMSafeModeManager.java:validateSafeModeExitRules(200)) - AtleastOneDatanodeReportedRule rule is successfully validated
2023-03-15 05:43:48,968 [IPC Server handler 18 on default port 35443] INFO  net.NetworkTopologyImpl (NetworkTopologyImpl.java:add(112)) - Added a new node: /default-rack/a88b317b-310e-4f91-ab19-5adcbba379a7
2023-03-15 05:43:48,968 [IPC Server handler 18 on default port 35443] INFO  node.SCMNodeManager (SCMNodeManager.java:register(404)) - Registered Data node : a88b317b-310e-4f91-ab19-5adcbba379a7{ip: 10.1.0.18, host: fv-az390-885.2udvygdcjcjuphbbpa4zxtqymb.gx.internal.cloudapp.net, ports: [REPLICATION=46285, RATIS=39225, RATIS_ADMIN=39225, RATIS_SERVER=39225, RATIS_DATASTREAM=43727, STANDALONE=45401], networkLocation: /default-rack, certSerialId: null, persistedOpState: null, persistedOpStateExpiryEpochSec: 0}
2023-03-15 05:43:48,969 [EventQueue-NodeRegistrationContainerReportForDataNodeSafeModeRule] INFO  safemode.SCMSafeModeManager (DataNodeSafeModeRule.java:process(71)) - SCM in safe mode. 2 DataNodes registered, 3 required.
2023-03-15 05:43:48,969 [EventQueue-NewNodeForNewNodeHandler] INFO  pipeline.BackgroundPipelineCreator (BackgroundPipelineCreator.java:notifyEventTriggered(276)) - trigger a one-shot run on RatisPipelineUtilsThread.
2023-03-15 05:43:48,970 [RatisPipelineUtilsThread - 0] INFO  pipeline.RatisPipelineProvider (RatisPipelineProvider.java:lambda$create$0(206)) - Sending CreatePipelineCommand for pipeline:PipelineID=eae55e7e-2c35-415d-9295-6bca25f94b5e to datanode:a88b317b-310e-4f91-ab19-5adcbba379a7
2023-03-15 05:43:48,971 [RatisPipelineUtilsThread - 0] INFO  pipeline.PipelineStateManagerImpl (PipelineStateManagerImpl.java:addPipeline(103)) - Created pipeline Pipeline[ Id: eae55e7e-2c35-415d-9295-6bca25f94b5e, Nodes: a88b317b-310e-4f91-ab19-5adcbba379a7(fv-az390-885.2udvygdcjcjuphbbpa4zxtqymb.gx.internal.cloudapp.net/10.1.0.18), ReplicationConfig: RATIS/ONE, State:ALLOCATED, leaderId:, CreationTimestamp2023-03-15T05:43:48.970Z[Etc/UTC]].
2023-03-15 05:43:49,091 [Listener at 127.0.0.1/43369] INFO  ozone.MiniOzoneClusterImpl (MiniOzoneClusterImpl.java:lambda$waitForClusterToBeReady$0(218)) - Waiting for nodes to be ready. Got 2 of 5 DN Heartbeats.
2023-03-15 05:43:49,091 [Listener at 127.0.0.1/43369] INFO  ozone.MiniOzoneClusterImpl (MiniOzoneClusterImpl.java:lambda$waitForClusterToBeReady$0(221)) - Waiting for cluster to exit safe mode
2023-03-15 05:43:49,091 [Listener at 127.0.0.1/43369] INFO  ozone.MiniOzoneClusterImpl (MiniOzoneClusterImpl.java:lambda$waitForClusterToBeReady$0(223)) - SCM became leader
2023-03-15 05:43:49,332 [IPC Server handler 17 on default port 35443] INFO  net.NetworkTopologyImpl (NetworkTopologyImpl.java:add(112)) - Added a new node: /default-rack/93bbdb4e-ae1d-4286-84a2-0f7fae60ad59
2023-03-15 05:43:49,332 [IPC Server handler 17 on default port 35443] INFO  node.SCMNodeManager (SCMNodeManager.java:register(404)) - Registered Data node : 93bbdb4e-ae1d-4286-84a2-0f7fae60ad59{ip: 10.1.0.18, host: fv-az390-885.2udvygdcjcjuphbbpa4zxtqymb.gx.internal.cloudapp.net, ports: [REPLICATION=37225, RATIS=43933, RATIS_ADMIN=43933, RATIS_SERVER=43933, RATIS_DATASTREAM=42381, STANDALONE=40663], networkLocation: /default-rack, certSerialId: null, persistedOpState: null, persistedOpStateExpiryEpochSec: 0}
2023-03-15 05:43:49,333 [EventQueue-NodeRegistrationContainerReportForDataNodeSafeModeRule] INFO  safemode.SCMSafeModeManager (DataNodeSafeModeRule.java:process(71)) - SCM in safe mode. 3 DataNodes registered, 3 required.
2023-03-15 05:43:49,333 [EventQueue-NodeRegistrationContainerReportForDataNodeSafeModeRule] INFO  safemode.SCMSafeModeManager (SCMSafeModeManager.java:validateSafeModeExitRules(200)) - DataNodeSafeModeRule rule is successfully validated
2023-03-15 05:43:49,334 [EventQueue-NodeRegistrationContainerReportForDataNodeSafeModeRule] INFO  safemode.SCMSafeModeManager (SCMSafeModeManager.java:completePreCheck(229)) - All SCM safe mode pre check rules have passed
2023-03-15 05:43:49,334 [EventQueue-NodeRegistrationContainerReportForDataNodeSafeModeRule] INFO  ha.SCMContext (SCMContext.java:updateSafeModeStatus(228)) - Update SafeModeStatus from SafeModeStatus{safeModeStatus=true, preCheckPassed=false} to SafeModeStatus{safeModeStatus=true, preCheckPassed=true}.
2023-03-15 05:43:49,334 [EventQueue-NewNodeForNewNodeHandler] INFO  pipeline.BackgroundPipelineCreator (BackgroundPipelineCreator.java:notifyEventTriggered(276)) - trigger a one-shot run on RatisPipelineUtilsThread.
2023-03-15 05:43:49,334 [RatisPipelineUtilsThread - 0] INFO  pipeline.RatisPipelineProvider (RatisPipelineProvider.java:lambda$create$0(206)) - Sending CreatePipelineCommand for pipeline:PipelineID=db5c58c0-0e7a-4374-b52b-551c3f717ddd to datanode:93bbdb4e-ae1d-4286-84a2-0f7fae60ad59
2023-03-15 05:43:49,335 [RatisPipelineUtilsThread - 0] INFO  pipeline.PipelineStateManagerImpl (PipelineStateManagerImpl.java:addPipeline(103)) - Created pipeline Pipeline[ Id: db5c58c0-0e7a-4374-b52b-551c3f717ddd, Nodes: 93bbdb4e-ae1d-4286-84a2-0f7fae60ad59(fv-az390-885.2udvygdcjcjuphbbpa4zxtqymb.gx.internal.cloudapp.net/10.1.0.18), ReplicationConfig: RATIS/ONE, State:ALLOCATED, leaderId:, CreationTimestamp2023-03-15T05:43:49.334Z[Etc/UTC]].
2023-03-15 05:43:49,338 [EventQueue-NodeRegistrationContainerReportForDataNodeSafeModeRule] INFO  pipeline.BackgroundPipelineCreator (BackgroundPipelineCreator.java:notifyEventTriggered(276)) - trigger a one-shot run on RatisPipelineUtilsThread.
2023-03-15 05:43:49,338 [RatisPipelineUtilsThread - 0] INFO  pipeline.RatisPipelineProvider (RatisPipelineProvider.java:lambda$create$0(206)) - Sending CreatePipelineCommand for pipeline:PipelineID=fd08d0d5-0033-4d41-a1d9-aaa528d1f098 to datanode:749a2a4e-326e-405d-8b3d-6482ea274e37
2023-03-15 05:43:49,339 [RatisPipelineUtilsThread - 0] INFO  pipeline.RatisPipelineProvider (RatisPipelineProvider.java:lambda$create$0(206)) - Sending CreatePipelineCommand for pipeline:PipelineID=fd08d0d5-0033-4d41-a1d9-aaa528d1f098 to datanode:93bbdb4e-ae1d-4286-84a2-0f7fae60ad59
2023-03-15 05:43:49,339 [RatisPipelineUtilsThread - 0] INFO  pipeline.RatisPipelineProvider (RatisPipelineProvider.java:lambda$create$0(206)) - Sending CreatePipelineCommand for pipeline:PipelineID=fd08d0d5-0033-4d41-a1d9-aaa528d1f098 to datanode:a88b317b-310e-4f91-ab19-5adcbba379a7
2023-03-15 05:43:49,339 [RatisPipelineUtilsThread - 0] INFO  pipeline.PipelineStateManagerImpl (PipelineStateManagerImpl.java:addPipeline(103)) - Created pipeline Pipeline[ Id: fd08d0d5-0033-4d41-a1d9-aaa528d1f098, Nodes: 749a2a4e-326e-405d-8b3d-6482ea274e37(fv-az390-885.2udvygdcjcjuphbbpa4zxtqymb.gx.internal.cloudapp.net/10.1.0.18)93bbdb4e-ae1d-4286-84a2-0f7fae60ad59(fv-az390-885.2udvygdcjcjuphbbpa4zxtqymb.gx.internal.cloudapp.net/10.1.0.18)a88b317b-310e-4f91-ab19-5adcbba379a7(fv-az390-885.2udvygdcjcjuphbbpa4zxtqymb.gx.internal.cloudapp.net/10.1.0.18), ReplicationConfig: RATIS/THREE, State:ALLOCATED, leaderId:, CreationTimestamp2023-03-15T05:43:49.338Z[Etc/UTC]].
2023-03-15 05:43:49,340 [RatisPipelineUtilsThread - 0] INFO  pipeline.RatisPipelineProvider (RatisPipelineProvider.java:lambda$create$0(206)) - Sending CreatePipelineCommand for pipeline:PipelineID=e6d658eb-257b-4ca2-9b6d-1cc7a4feeb72 to datanode:749a2a4e-326e-405d-8b3d-6482ea274e37
2023-03-15 05:43:49,341 [RatisPipelineUtilsThread - 0] INFO  pipeline.RatisPipelineProvider (RatisPipelineProvider.java:lambda$create$0(206)) - Sending CreatePipelineCommand for pipeline:PipelineID=e6d658eb-257b-4ca2-9b6d-1cc7a4feeb72 to datanode:a88b317b-310e-4f91-ab19-5adcbba379a7
2023-03-15 05:43:49,341 [RatisPipelineUtilsThread - 0] INFO  pipeline.RatisPipelineProvider (RatisPipelineProvider.java:lambda$create$0(206)) - Sending CreatePipelineCommand for pipeline:PipelineID=e6d658eb-257b-4ca2-9b6d-1cc7a4feeb72 to datanode:93bbdb4e-ae1d-4286-84a2-0f7fae60ad59
2023-03-15 05:43:49,341 [RatisPipelineUtilsThread - 0] INFO  pipeline.PipelineStateManagerImpl (PipelineStateManagerImpl.java:addPipeline(103)) - Created pipeline Pipeline[ Id: e6d658eb-257b-4ca2-9b6d-1cc7a4feeb72, Nodes: 749a2a4e-326e-405d-8b3d-6482ea274e37(fv-az390-885.2udvygdcjcjuphbbpa4zxtqymb.gx.internal.cloudapp.net/10.1.0.18)a88b317b-310e-4f91-ab19-5adcbba379a7(fv-az390-885.2udvygdcjcjuphbbpa4zxtqymb.gx.internal.cloudapp.net/10.1.0.18)93bbdb4e-ae1d-4286-84a2-0f7fae60ad59(fv-az390-885.2udvygdcjcjuphbbpa4zxtqymb.gx.internal.cloudapp.net/10.1.0.18), ReplicationConfig: RATIS/THREE, State:ALLOCATED, leaderId:, CreationTimestamp2023-03-15T05:43:49.340Z[Etc/UTC]].
2023-03-15 05:43:49,342 [RatisPipelineUtilsThread - 0] INFO  pipeline.PipelineManagerImpl (PipelineManagerImpl.java:recordMetricsForPipeline(826)) - Pipeline: PipelineID=e6d658eb-257b-4ca2-9b6d-1cc7a4feeb72 contains same datanodes as previous pipelines: PipelineID=fd08d0d5-0033-4d41-a1d9-aaa528d1f098 nodeIds: 749a2a4e-326e-405d-8b3d-6482ea274e37, a88b317b-310e-4f91-ab19-5adcbba379a7, 93bbdb4e-ae1d-4286-84a2-0f7fae60ad59
2023-03-15 05:43:49,342 [RatisPipelineUtilsThread - 0] WARN  pipeline.PipelinePlacementPolicy (PipelinePlacementPolicy.java:filterViableNodes(158)) - Pipeline creation failed due to no sufficient healthy datanodes. Required 3. Found 0.
2023-03-15 05:43:49,343 [RatisPipelineUtilsThread - 0] WARN  pipeline.PipelinePlacementPolicy (PipelinePlacementPolicy.java:filterViableNodes(158)) - Pipeline creation failed due to no sufficient healthy datanodes. Required 3. Found 0.
2023-03-15 05:43:49,727 [IPC Server handler 19 on default port 35443] INFO  net.NetworkTopologyImpl (NetworkTopologyImpl.java:add(112)) - Added a new node: /default-rack/fd98b1c5-5b85-4a01-ae78-de2614481a07
2023-03-15 05:43:49,728 [IPC Server handler 19 on default port 35443] INFO  node.SCMNodeManager (SCMNodeManager.java:register(404)) - Registered Data node : fd98b1c5-5b85-4a01-ae78-de2614481a07{ip: 10.1.0.18, host: fv-az390-885.2udvygdcjcjuphbbpa4zxtqymb.gx.internal.cloudapp.net, ports: [REPLICATION=33425, RATIS=42461, RATIS_ADMIN=42461, RATIS_SERVER=42461, RATIS_DATASTREAM=45249, STANDALONE=45383], networkLocation: /default-rack, certSerialId: null, persistedOpState: null, persistedOpStateExpiryEpochSec: 0}
2023-03-15 05:43:49,729 [EventQueue-NewNodeForNewNodeHandler] INFO  pipeline.BackgroundPipelineCreator (BackgroundPipelineCreator.java:notifyEventTriggered(276)) - trigger a one-shot run on RatisPipelineUtilsThread.
2023-03-15 05:43:49,730 [RatisPipelineUtilsThread - 0] INFO  pipeline.RatisPipelineProvider (RatisPipelineProvider.java:lambda$create$0(206)) - Sending CreatePipelineCommand for pipeline:PipelineID=cc4fc719-164a-422f-bd71-96afc994c747 to datanode:fd98b1c5-5b85-4a01-ae78-de2614481a07
2023-03-15 05:43:49,731 [RatisPipelineUtilsThread - 0] INFO  pipeline.PipelineStateManagerImpl (PipelineStateManagerImpl.java:addPipeline(103)) - Created pipeline Pipeline[ Id: cc4fc719-164a-422f-bd71-96afc994c747, Nodes: fd98b1c5-5b85-4a01-ae78-de2614481a07(fv-az390-885.2udvygdcjcjuphbbpa4zxtqymb.gx.internal.cloudapp.net/10.1.0.18), ReplicationConfig: RATIS/ONE, State:ALLOCATED, leaderId:, CreationTimestamp2023-03-15T05:43:49.730Z[Etc/UTC]].
2023-03-15 05:43:49,732 [RatisPipelineUtilsThread - 0] WARN  pipeline.PipelinePlacementPolicy (PipelinePlacementPolicy.java:filterViableNodes(158)) - Pipeline creation failed due to no sufficient healthy datanodes. Required 3. Found 1.
2023-03-15 05:43:50,091 [Listener at 127.0.0.1/43369] INFO  ozone.MiniOzoneClusterImpl (MiniOzoneClusterImpl.java:lambda$waitForClusterToBeReady$0(218)) - Waiting for nodes to be ready. Got 4 of 5 DN Heartbeats.
2023-03-15 05:43:50,091 [Listener at 127.0.0.1/43369] INFO  ozone.MiniOzoneClusterImpl (MiniOzoneClusterImpl.java:lambda$waitForClusterToBeReady$0(221)) - Waiting for cluster to exit safe mode
2023-03-15 05:43:50,092 [Listener at 127.0.0.1/43369] INFO  ozone.MiniOzoneClusterImpl (MiniOzoneClusterImpl.java:lambda$waitForClusterToBeReady$0(223)) - SCM became leader
2023-03-15 05:43:50,093 [IPC Server handler 17 on default port 35443] INFO  net.NetworkTopologyImpl (NetworkTopologyImpl.java:add(112)) - Added a new node: /default-rack/f4b4952b-3e5d-4d4d-87e6-725506190fb6
2023-03-15 05:43:50,093 [IPC Server handler 17 on default port 35443] INFO  node.SCMNodeManager (SCMNodeManager.java:register(404)) - Registered Data node : f4b4952b-3e5d-4d4d-87e6-725506190fb6{ip: 10.1.0.18, host: fv-az390-885.2udvygdcjcjuphbbpa4zxtqymb.gx.internal.cloudapp.net, ports: [REPLICATION=43843, RATIS=34783, RATIS_ADMIN=34783, RATIS_SERVER=34783, RATIS_DATASTREAM=38515, STANDALONE=41477], networkLocation: /default-rack, certSerialId: null, persistedOpState: null, persistedOpStateExpiryEpochSec: 0}
2023-03-15 05:43:50,093 [EventQueue-NewNodeForNewNodeHandler] INFO  pipeline.BackgroundPipelineCreator (BackgroundPipelineCreator.java:notifyEventTriggered(276)) - trigger a one-shot run on RatisPipelineUtilsThread.
2023-03-15 05:43:50,094 [RatisPipelineUtilsThread - 0] INFO  pipeline.RatisPipelineProvider (RatisPipelineProvider.java:lambda$create$0(206)) - Sending CreatePipelineCommand for pipeline:PipelineID=76080155-4512-4c2e-ab0e-6673a225bfe2 to datanode:f4b4952b-3e5d-4d4d-87e6-725506190fb6
2023-03-15 05:43:50,095 [RatisPipelineUtilsThread - 0] INFO  pipeline.PipelineStateManagerImpl (PipelineStateManagerImpl.java:addPipeline(103)) - Created pipeline Pipeline[ Id: 76080155-4512-4c2e-ab0e-6673a225bfe2, Nodes: f4b4952b-3e5d-4d4d-87e6-725506190fb6(fv-az390-885.2udvygdcjcjuphbbpa4zxtqymb.gx.internal.cloudapp.net/10.1.0.18), ReplicationConfig: RATIS/ONE, State:ALLOCATED, leaderId:, CreationTimestamp2023-03-15T05:43:50.094Z[Etc/UTC]].
2023-03-15 05:43:50,095 [RatisPipelineUtilsThread - 0] WARN  pipeline.PipelinePlacementPolicy (PipelinePlacementPolicy.java:filterViableNodes(158)) - Pipeline creation failed due to no sufficient healthy datanodes. Required 3. Found 2.
2023-03-15 05:43:51,092 [Listener at 127.0.0.1/43369] INFO  ozone.MiniOzoneClusterImpl (MiniOzoneClusterImpl.java:lambda$waitForClusterToBeReady$0(218)) - Nodes are ready. Got 5 of 5 DN Heartbeats.
2023-03-15 05:43:51,092 [Listener at 127.0.0.1/43369] INFO  ozone.MiniOzoneClusterImpl (MiniOzoneClusterImpl.java:lambda$waitForClusterToBeReady$0(221)) - Waiting for cluster to exit safe mode
2023-03-15 05:43:51,092 [Listener at 127.0.0.1/43369] INFO  ozone.MiniOzoneClusterImpl (MiniOzoneClusterImpl.java:lambda$waitForClusterToBeReady$0(223)) - SCM became leader
2023-03-15 05:43:51,413 [Command processor thread] INFO  server.RaftServer (RaftServerProxy.java:addNew(96)) - 749a2a4e-326e-405d-8b3d-6482ea274e37: addNew group-C2D39DED5C2C:[749a2a4e-326e-405d-8b3d-6482ea274e37|rpc:10.1.0.18:40203|dataStream:10.1.0.18:44725|priority:1|startupRole:FOLLOWER] returns group-C2D39DED5C2C:java.util.concurrent.CompletableFuture@492c9303[Not completed]
2023-03-15 05:43:51,424 [pool-75-thread-1] INFO  server.RaftServer$Division (RaftServerImpl.java:<init>(195)) - 749a2a4e-326e-405d-8b3d-6482ea274e37: new RaftServerImpl for group-C2D39DED5C2C:[749a2a4e-326e-405d-8b3d-6482ea274e37|rpc:10.1.0.18:40203|dataStream:10.1.0.18:44725|priority:1|startupRole:FOLLOWER] with ContainerStateMachine:uninitialized
2023-03-15 05:43:51,424 [pool-75-thread-1] INFO  server.RaftServerConfigKeys (ConfUtils.java:logGet(46)) - raft.server.rpc.timeout.min = 5s (custom)
2023-03-15 05:43:51,424 [pool-75-thread-1] INFO  server.RaftServerConfigKeys (ConfUtils.java:logGet(46)) - raft.server.rpc.timeout.max = 5200ms (custom)
2023-03-15 05:43:51,424 [pool-75-thread-1] INFO  server.RaftServerConfigKeys (ConfUtils.java:logGet(46)) - raft.server.rpc.sleep.time = 25ms (default)
2023-03-15 05:43:51,424 [pool-75-thread-1] INFO  server.RaftServerConfigKeys (ConfUtils.java:logGet(46)) - raft.server.rpc.slowness.timeout = 300s (custom)
2023-03-15 05:43:51,424 [pool-75-thread-1] INFO  server.RaftServerConfigKeys (ConfUtils.java:logGet(46)) - raft.server.leaderelection.leader.step-down.wait-time = 10s (default)
2023-03-15 05:43:51,424 [pool-75-thread-1] INFO  server.RaftServerConfigKeys (ConfUtils.java:logGet(46)) - raft.server.sleep.deviation.threshold = 300ms (default)
2023-03-15 05:43:51,424 [pool-75-thread-1] INFO  server.RaftServer$Division (ServerState.java:<init>(118)) - 749a2a4e-326e-405d-8b3d-6482ea274e37@group-C2D39DED5C2C: ConfigurationManager, init=-1: peers:[749a2a4e-326e-405d-8b3d-6482ea274e37|rpc:10.1.0.18:40203|dataStream:10.1.0.18:44725|priority:1|startupRole:FOLLOWER]|listeners:[], old=null, confs=<EMPTY_MAP>
2023-03-15 05:43:51,424 [pool-75-thread-1] INFO  server.RaftServerConfigKeys (ConfUtils.java:logGet(46)) - raft.server.storage.dir = [/home/runner/work/ozone/ozone/hadoop-ozone/integration-test/target/test-dir/MiniOzoneClusterImpl-257c5be2-ab76-4353-a1eb-ea8c6614f538/datanode-0/data/ratis] (custom)
2023-03-15 05:43:51,424 [pool-75-thread-1] INFO  server.RaftServerConfigKeys (ConfUtils.java:logGet(46)) - raft.server.log.corruption.policy = EXCEPTION (default)
2023-03-15 05:43:51,424 [pool-75-thread-1] INFO  server.RaftServerConfigKeys (ConfUtils.java:logGet(46)) - raft.server.storage.free-space.min = 0MB (=0) (default)
2023-03-15 05:43:51,425 [pool-75-thread-1] INFO  server.RaftServerConfigKeys (ConfUtils.java:logGet(46)) - raft.server.notification.no-leader.timeout = 300s (custom)
2023-03-15 05:43:51,425 [pool-75-thread-1] INFO  server.RaftServerConfigKeys (ConfUtils.java:logGet(46)) - raft.server.retrycache.expirytime = 600000ms (custom)
2023-03-15 05:43:51,425 [pool-75-thread-1] INFO  server.RaftServerConfigKeys (ConfUtils.java:logGet(46)) - raft.server.retrycache.statistics.expirytime = 100μs (default)
2023-03-15 05:43:51,427 [pool-75-thread-1] INFO  server.RaftServerConfigKeys (ConfUtils.java:logGet(46)) - raft.server.log.appender.install.snapshot.enabled = false (custom)
2023-03-15 05:43:51,427 [pool-75-thread-1] INFO  server.RaftServerConfigKeys (ConfUtils.java:logGet(46)) - raft.server.threadpool.server.cached = true (default)
2023-03-15 05:43:51,427 [pool-75-thread-1] INFO  server.RaftServerConfigKeys (ConfUtils.java:logGet(46)) - raft.server.threadpool.server.size = 0 (default)
2023-03-15 05:43:51,427 [pool-75-thread-1] INFO  server.RaftServerConfigKeys (ConfUtils.java:logGet(46)) - raft.server.threadpool.client.cached = true (default)
2023-03-15 05:43:51,427 [pool-75-thread-1] INFO  server.RaftServerConfigKeys (ConfUtils.java:logGet(46)) - raft.server.threadpool.client.size = 0 (default)
2023-03-15 05:43:51,427 [pool-75-thread-1] INFO  storage.RaftStorageDirectory (RaftStorageDirectoryImpl.java:analyzeStorage(137)) - The storage directory /home/runner/work/ozone/ozone/hadoop-ozone/integration-test/target/test-dir/MiniOzoneClusterImpl-257c5be2-ab76-4353-a1eb-ea8c6614f538/datanode-0/data/ratis/4f143829-eeb0-426e-b499-c2d39ded5c2c does not exist. Creating ...
2023-03-15 05:43:51,430 [pool-75-thread-1] INFO  storage.RaftStorageDirectory (RaftStorageDirectoryImpl.java:tryLock(231)) - Lock on /home/runner/work/ozone/ozone/hadoop-ozone/integration-test/target/test-dir/MiniOzoneClusterImpl-257c5be2-ab76-4353-a1eb-ea8c6614f538/datanode-0/data/ratis/4f143829-eeb0-426e-b499-c2d39ded5c2c/in_use.lock acquired by nodename 67552@fv-az390-885
2023-03-15 05:43:51,431 [pool-75-thread-1] INFO  storage.RaftStorage (RaftStorageImpl.java:format(96)) - Storage directory /home/runner/work/ozone/ozone/hadoop-ozone/integration-test/target/test-dir/MiniOzoneClusterImpl-257c5be2-ab76-4353-a1eb-ea8c6614f538/datanode-0/data/ratis/4f143829-eeb0-426e-b499-c2d39ded5c2c has been successfully formatted.
2023-03-15 05:43:51,435 [pool-75-thread-1] INFO  ratis.ContainerStateMachine (ContainerStateMachine.java:loadSnapshot(262)) - group-C2D39DED5C2C: The snapshot info is null. Setting the last applied indexto:(t:0, i:~)
2023-03-15 05:43:51,435 [pool-75-thread-1] INFO  server.RaftServerConfigKeys (ConfUtils.java:logGet(46)) - raft.server.log.use.memory = false (default)
2023-03-15 05:43:51,435 [pool-75-thread-1] INFO  server.RaftServerConfigKeys (ConfUtils.java:logGet(46)) - raft.server.log.purge.gap = 1000000 (custom)
2023-03-15 05:43:51,435 [pool-75-thread-1] INFO  server.RaftServerConfigKeys (ConfUtils.java:logGet(46)) - raft.server.log.appender.buffer.byte-limit = 33554432 (custom)
2023-03-15 05:43:51,435 [pool-75-thread-1] INFO  server.RaftServerConfigKeys (ConfUtils.java:logGet(46)) - raft.server.log.statemachine.data.read.timeout = 1000ms (default)
2023-03-15 05:43:51,435 [pool-75-thread-1] INFO  server.RaftServerConfigKeys (ConfUtils.java:logGet(46)) - raft.server.log.purge.preservation.log.num = 0 (default)
2023-03-15 05:43:51,435 [pool-75-thread-1] INFO  server.RaftServerConfigKeys (ConfUtils.java:logGet(46)) - raft.server.log.segment.size.max = 1048576 (custom)
2023-03-15 05:43:51,436 [pool-75-thread-1] INFO  server.RaftServerConfigKeys (ConfUtils.java:logGet(46)) - raft.server.log.segment.cache.num.max = 2 (custom)
2023-03-15 05:43:51,436 [pool-75-thread-1] INFO  server.RaftServerConfigKeys (ConfUtils.java:logGet(46)) - raft.server.log.segment.cache.size.max = 200MB (=209715200) (default)
2023-03-15 05:43:51,436 [pool-75-thread-1] INFO  segmented.SegmentedRaftLogWorker (SegmentedRaftLogWorker.java:<init>(189)) - new 749a2a4e-326e-405d-8b3d-6482ea274e37@group-C2D39DED5C2C-SegmentedRaftLogWorker for RaftStorageImpl:Storage Directory /home/runner/work/ozone/ozone/hadoop-ozone/integration-test/target/test-dir/MiniOzoneClusterImpl-257c5be2-ab76-4353-a1eb-ea8c6614f538/datanode-0/data/ratis/4f143829-eeb0-426e-b499-c2d39ded5c2c
2023-03-15 05:43:51,436 [pool-75-thread-1] INFO  server.RaftServerConfigKeys (ConfUtils.java:logGet(46)) - raft.server.log.queue.byte-limit = 4294967296 (custom)
2023-03-15 05:43:51,436 [pool-75-thread-1] INFO  server.RaftServerConfigKeys (ConfUtils.java:logGet(46)) - raft.server.log.queue.element-limit = 1024 (custom)
2023-03-15 05:43:51,436 [pool-75-thread-1] INFO  server.RaftServerConfigKeys (ConfUtils.java:logGet(46)) - raft.server.log.segment.size.max = 1048576 (custom)
2023-03-15 05:43:51,436 [pool-75-thread-1] INFO  server.RaftServerConfigKeys (ConfUtils.java:logGet(46)) - raft.server.log.preallocated.size = 16384 (custom)
2023-03-15 05:43:51,436 [pool-75-thread-1] INFO  server.RaftServerConfigKeys (ConfUtils.java:logGet(46)) - raft.server.log.force.sync.num = 128 (default)
2023-03-15 05:43:51,436 [pool-75-thread-1] INFO  server.RaftServerConfigKeys (ConfUtils.java:logGet(46)) - raft.server.log.statemachine.data.sync = true (default)
2023-03-15 05:43:51,436 [pool-75-thread-1] INFO  server.RaftServerConfigKeys (ConfUtils.java:logGet(46)) - raft.server.log.statemachine.data.sync.timeout = 10s (default)
2023-03-15 05:43:51,436 [pool-75-thread-1] INFO  server.RaftServerConfigKeys (ConfUtils.java:logGet(46)) - raft.server.log.statemachine.data.sync.timeout.retry = -1 (default)
2023-03-15 05:43:51,438 [pool-75-thread-1] INFO  server.RaftServerConfigKeys (ConfUtils.java:logGet(46)) - raft.server.log.write.buffer.size = 1048576 (custom)
2023-03-15 05:43:51,438 [pool-75-thread-1] INFO  server.RaftServerConfigKeys (ConfUtils.java:logGet(46)) - raft.server.log.appender.buffer.byte-limit = 33554432 (custom)
2023-03-15 05:43:51,441 [pool-75-thread-1] INFO  server.RaftServerConfigKeys (ConfUtils.java:logGet(46)) - raft.server.log.unsafe-flush.enabled = false (default)
2023-03-15 05:43:51,441 [pool-75-thread-1] INFO  server.RaftServerConfigKeys (ConfUtils.java:logGet(46)) - raft.server.log.async-flush.enabled = false (default)
2023-03-15 05:43:51,441 [pool-75-thread-1] INFO  server.RaftServerConfigKeys (ConfUtils.java:logGet(46)) - raft.server.log.statemachine.data.caching.enabled = true (custom)
2023-03-15 05:43:51,441 [pool-75-thread-1] INFO  segmented.SegmentedRaftLogWorker (SegmentedRaftLogWorker.java:lambda$new$0(135)) - 749a2a4e-326e-405d-8b3d-6482ea274e37@group-C2D39DED5C2C-SegmentedRaftLogWorker: flushIndex: setUnconditionally 0 -> -1
2023-03-15 05:43:51,441 [pool-75-thread-1] INFO  segmented.SegmentedRaftLogWorker (SegmentedRaftLogWorker.java:lambda$new$0(135)) - 749a2a4e-326e-405d-8b3d-6482ea274e37@group-C2D39DED5C2C-SegmentedRaftLogWorker: safeCacheEvictIndex: setUnconditionally 0 -> -1
2023-03-15 05:43:51,442 [pool-75-thread-1] INFO  server.RaftServer$Division (RaftServerImpl.java:start(334)) - 749a2a4e-326e-405d-8b3d-6482ea274e37@group-C2D39DED5C2C: start as a follower, conf=-1: peers:[749a2a4e-326e-405d-8b3d-6482ea274e37|rpc:10.1.0.18:40203|dataStream:10.1.0.18:44725|priority:1|startupRole:FOLLOWER]|listeners:[], old=null
2023-03-15 05:43:51,442 [pool-75-thread-1] INFO  server.RaftServer$Division (RaftServerImpl.java:setRole(321)) - 749a2a4e-326e-405d-8b3d-6482ea274e37@group-C2D39DED5C2C: changes role from      null to FOLLOWER at term 0 for startAsFollower
2023-03-15 05:43:51,442 [pool-75-thread-1] INFO  impl.RoleInfo (RoleInfo.java:updateAndGet(139)) - 749a2a4e-326e-405d-8b3d-6482ea274e37: start 749a2a4e-326e-405d-8b3d-6482ea274e37@group-C2D39DED5C2C-FollowerState
2023-03-15 05:43:51,442 [pool-75-thread-1] INFO  util.JmxRegister (JmxRegister.java:tryRegister(44)) - Successfully registered JMX Bean with object name Ratis:service=RaftServer,group=group-C2D39DED5C2C,id=749a2a4e-326e-405d-8b3d-6482ea274e37
2023-03-15 05:43:51,442 [pool-75-thread-1] INFO  server.RaftServerConfigKeys (ConfUtils.java:logGet(46)) - raft.server.snapshot.auto.trigger.enabled = true (custom)
2023-03-15 05:43:51,442 [pool-75-thread-1] INFO  server.RaftServerConfigKeys (ConfUtils.java:logGet(46)) - raft.server.snapshot.auto.trigger.threshold = 10000 (custom)
2023-03-15 05:43:51,442 [pool-75-thread-1] INFO  server.RaftServerConfigKeys (ConfUtils.java:logGet(46)) - raft.server.snapshot.retention.file.num = 5 (custom)
2023-03-15 05:43:51,442 [pool-75-thread-1] INFO  server.RaftServerConfigKeys (ConfUtils.java:logGet(46)) - raft.server.log.purge.upto.snapshot.index = false (default)
2023-03-15 05:43:51,443 [749a2a4e-326e-405d-8b3d-6482ea274e37@group-C2D39DED5C2C-FollowerState] INFO  server.RaftServerConfigKeys (ConfUtils.java:logFallback(53)) - raft.server.rpc.first-election.timeout.min = 5s (fallback to raft.server.rpc.timeout.min)
2023-03-15 05:43:51,443 [749a2a4e-326e-405d-8b3d-6482ea274e37@group-C2D39DED5C2C-FollowerState] INFO  server.RaftServerConfigKeys (ConfUtils.java:logFallback(53)) - raft.server.rpc.first-election.timeout.max = 5200ms (fallback to raft.server.rpc.timeout.max)
2023-03-15 05:43:51,453 [Command processor thread] INFO  ratis.XceiverServerRatis (XceiverServerRatis.java:addGroup(807)) - Created group PipelineID=4f143829-eeb0-426e-b499-c2d39ded5c2c
2023-03-15 05:43:51,453 [Command processor thread] INFO  commandhandler.CreatePipelineCommandHandler (CreatePipelineCommandHandler.java:handle(113)) - Created Pipeline RATIS ONE PipelineID=4f143829-eeb0-426e-b499-c2d39ded5c2c.
2023-03-15 05:43:51,454 [Command processor thread] INFO  server.RaftServer (RaftServerProxy.java:addNew(96)) - 749a2a4e-326e-405d-8b3d-6482ea274e37: addNew group-AAA528D1F098:[93bbdb4e-ae1d-4286-84a2-0f7fae60ad59|rpc:10.1.0.18:43933|dataStream:10.1.0.18:42381|priority:0|startupRole:FOLLOWER, a88b317b-310e-4f91-ab19-5adcbba379a7|rpc:10.1.0.18:39225|dataStream:10.1.0.18:43727|priority:0|startupRole:FOLLOWER, 749a2a4e-326e-405d-8b3d-6482ea274e37|rpc:10.1.0.18:40203|dataStream:10.1.0.18:44725|priority:1|startupRole:FOLLOWER] returns group-AAA528D1F098:java.util.concurrent.CompletableFuture@9b8c7ad[Not completed]
2023-03-15 05:43:51,455 [pool-75-thread-1] INFO  server.RaftServer$Division (RaftServerImpl.java:<init>(195)) - 749a2a4e-326e-405d-8b3d-6482ea274e37: new RaftServerImpl for group-AAA528D1F098:[93bbdb4e-ae1d-4286-84a2-0f7fae60ad59|rpc:10.1.0.18:43933|dataStream:10.1.0.18:42381|priority:0|startupRole:FOLLOWER, a88b317b-310e-4f91-ab19-5adcbba379a7|rpc:10.1.0.18:39225|dataStream:10.1.0.18:43727|priority:0|startupRole:FOLLOWER, 749a2a4e-326e-405d-8b3d-6482ea274e37|rpc:10.1.0.18:40203|dataStream:10.1.0.18:44725|priority:1|startupRole:FOLLOWER] with ContainerStateMachine:uninitialized
2023-03-15 05:43:51,455 [pool-75-thread-1] INFO  server.RaftServerConfigKeys (ConfUtils.java:logGet(46)) - raft.server.rpc.timeout.min = 5s (custom)
2023-03-15 05:43:51,455 [pool-75-thread-1] INFO  server.RaftServerConfigKeys (ConfUtils.java:logGet(46)) - raft.server.rpc.timeout.max = 5200ms (custom)
2023-03-15 05:43:51,455 [pool-75-thread-1] INFO  server.RaftServerConfigKeys (ConfUtils.java:logGet(46)) - raft.server.rpc.sleep.time = 25ms (default)
2023-03-15 05:43:51,455 [pool-75-thread-1] INFO  server.RaftServerConfigKeys (ConfUtils.java:logGet(46)) - raft.server.rpc.slowness.timeout = 300s (custom)
2023-03-15 05:43:51,455 [pool-75-thread-1] INFO  server.RaftServerConfigKeys (ConfUtils.java:logGet(46)) - raft.server.leaderelection.leader.step-down.wait-time = 10s (default)
2023-03-15 05:43:51,455 [pool-75-thread-1] INFO  server.RaftServerConfigKeys (ConfUtils.java:logGet(46)) - raft.server.sleep.deviation.threshold = 300ms (default)
2023-03-15 05:43:51,455 [pool-75-thread-1] INFO  server.RaftServer$Division (ServerState.java:<init>(118)) - 749a2a4e-326e-405d-8b3d-6482ea274e37@group-AAA528D1F098: ConfigurationManager, init=-1: peers:[93bbdb4e-ae1d-4286-84a2-0f7fae60ad59|rpc:10.1.0.18:43933|dataStream:10.1.0.18:42381|priority:0|startupRole:FOLLOWER, a88b317b-310e-4f91-ab19-5adcbba379a7|rpc:10.1.0.18:39225|dataStream:10.1.0.18:43727|priority:0|startupRole:FOLLOWER, 749a2a4e-326e-405d-8b3d-6482ea274e37|rpc:10.1.0.18:40203|dataStream:10.1.0.18:44725|priority:1|startupRole:FOLLOWER]|listeners:[], old=null, confs=<EMPTY_MAP>
2023-03-15 05:43:51,456 [pool-75-thread-1] INFO  server.RaftServerConfigKeys (ConfUtils.java:logGet(46)) - raft.server.storage.dir = [/home/runner/work/ozone/ozone/hadoop-ozone/integration-test/target/test-dir/MiniOzoneClusterImpl-257c5be2-ab76-4353-a1eb-ea8c6614f538/datanode-0/data/ratis] (custom)
2023-03-15 05:43:51,456 [pool-75-thread-1] INFO  server.RaftServerConfigKeys (ConfUtils.java:logGet(46)) - raft.server.log.corruption.policy = EXCEPTION (default)
2023-03-15 05:43:51,456 [pool-75-thread-1] INFO  server.RaftServerConfigKeys (ConfUtils.java:logGet(46)) - raft.server.storage.free-space.min = 0MB (=0) (default)
2023-03-15 05:43:51,456 [pool-75-thread-1] INFO  server.RaftServerConfigKeys (ConfUtils.java:logGet(46)) - raft.server.notification.no-leader.timeout = 300s (custom)
2023-03-15 05:43:51,456 [pool-75-thread-1] INFO  server.RaftServerConfigKeys (ConfUtils.java:logGet(46)) - raft.server.retrycache.expirytime = 600000ms (custom)
2023-03-15 05:43:51,456 [pool-75-thread-1] INFO  server.RaftServerConfigKeys (ConfUtils.java:logGet(46)) - raft.server.retrycache.statistics.expirytime = 100μs (default)
2023-03-15 05:43:51,459 [EventQueue-PipelineReportForPipelineReportHandler] INFO  pipeline.PipelineManagerImpl (PipelineManagerImpl.java:openPipeline(367)) - Pipeline Pipeline[ Id: 4f143829-eeb0-426e-b499-c2d39ded5c2c, Nodes: 749a2a4e-326e-405d-8b3d-6482ea274e37(fv-az390-885.2udvygdcjcjuphbbpa4zxtqymb.gx.internal.cloudapp.net/10.1.0.18), ReplicationConfig: RATIS/ONE, State:ALLOCATED, leaderId:749a2a4e-326e-405d-8b3d-6482ea274e37, CreationTimestamp2023-03-15T05:43:48.435Z[Etc/UTC]] moved to OPEN state
2023-03-15 05:43:51,462 [pool-75-thread-1] INFO  server.RaftServerConfigKeys (ConfUtils.java:logGet(46)) - raft.server.log.appender.install.snapshot.enabled = false (custom)
2023-03-15 05:43:51,462 [pool-75-thread-1] INFO  server.RaftServerConfigKeys (ConfUtils.java:logGet(46)) - raft.server.threadpool.server.cached = true (default)
2023-03-15 05:43:51,462 [EventQueue-OpenPipelineForHealthyPipelineSafeModeRule] INFO  safemode.SCMSafeModeManager (HealthyPipelineSafeModeRule.java:process(137)) - SCM in safe mode. Healthy pipelines reported count is 0, required healthy pipeline reported count is 1
2023-03-15 05:43:51,463 [pool-75-thread-1] INFO  server.RaftServerConfigKeys (ConfUtils.java:logGet(46)) - raft.server.threadpool.server.size = 0 (default)
2023-03-15 05:43:51,463 [pool-75-thread-1] INFO  server.RaftServerConfigKeys (ConfUtils.java:logGet(46)) - raft.server.threadpool.client.cached = true (default)
2023-03-15 05:43:51,463 [pool-75-thread-1] INFO  server.RaftServerConfigKeys (ConfUtils.java:logGet(46)) - raft.server.threadpool.client.size = 0 (default)
2023-03-15 05:43:51,463 [pool-75-thread-1] INFO  storage.RaftStorageDirectory (RaftStorageDirectoryImpl.java:analyzeStorage(137)) - The storage directory /home/runner/work/ozone/ozone/hadoop-ozone/integration-test/target/test-dir/MiniOzoneClusterImpl-257c5be2-ab76-4353-a1eb-ea8c6614f538/datanode-0/data/ratis/fd08d0d5-0033-4d41-a1d9-aaa528d1f098 does not exist. Creating ...
2023-03-15 05:43:51,464 [pool-75-thread-1] INFO  storage.RaftStorageDirectory (RaftStorageDirectoryImpl.java:tryLock(231)) - Lock on /home/runner/work/ozone/ozone/hadoop-ozone/integration-test/target/test-dir/MiniOzoneClusterImpl-257c5be2-ab76-4353-a1eb-ea8c6614f538/datanode-0/data/ratis/fd08d0d5-0033-4d41-a1d9-aaa528d1f098/in_use.lock acquired by nodename 67552@fv-az390-885
2023-03-15 05:43:51,465 [pool-75-thread-1] INFO  storage.RaftStorage (RaftStorageImpl.java:format(96)) - Storage directory /home/runner/work/ozone/ozone/hadoop-ozone/integration-test/target/test-dir/MiniOzoneClusterImpl-257c5be2-ab76-4353-a1eb-ea8c6614f538/datanode-0/data/ratis/fd08d0d5-0033-4d41-a1d9-aaa528d1f098 has been successfully formatted.
2023-03-15 05:43:51,466 [pool-75-thread-1] INFO  ratis.ContainerStateMachine (ContainerStateMachine.java:loadSnapshot(262)) - group-AAA528D1F098: The snapshot info is null. Setting the last applied indexto:(t:0, i:~)
2023-03-15 05:43:51,466 [pool-75-thread-1] INFO  server.RaftServerConfigKeys (ConfUtils.java:logGet(46)) - raft.server.log.use.memory = false (default)
2023-03-15 05:43:51,466 [pool-75-thread-1] INFO  server.RaftServerConfigKeys (ConfUtils.java:logGet(46)) - raft.server.log.purge.gap = 1000000 (custom)
2023-03-15 05:43:51,466 [pool-75-thread-1] INFO  server.RaftServerConfigKeys (ConfUtils.java:logGet(46)) - raft.server.log.appender.buffer.byte-limit = 33554432 (custom)
2023-03-15 05:43:51,466 [pool-75-thread-1] INFO  server.RaftServerConfigKeys (ConfUtils.java:logGet(46)) - raft.server.log.statemachine.data.read.timeout = 1000ms (default)
2023-03-15 05:43:51,466 [pool-75-thread-1] INFO  server.RaftServerConfigKeys (ConfUtils.java:logGet(46)) - raft.server.log.purge.preservation.log.num = 0 (default)
2023-03-15 05:43:51,468 [pool-75-thread-1] INFO  server.RaftServerConfigKeys (ConfUtils.java:logGet(46)) - raft.server.log.segment.size.max = 1048576 (custom)
2023-03-15 05:43:51,469 [pool-75-thread-1] INFO  server.RaftServerConfigKeys (ConfUtils.java:logGet(46)) - raft.server.log.segment.cache.num.max = 2 (custom)
2023-03-15 05:43:51,469 [pool-75-thread-1] INFO  server.RaftServerConfigKeys (ConfUtils.java:logGet(46)) - raft.server.log.segment.cache.size.max = 200MB (=209715200) (default)
2023-03-15 05:43:51,469 [pool-75-thread-1] INFO  segmented.SegmentedRaftLogWorker (SegmentedRaftLogWorker.java:<init>(189)) - new 749a2a4e-326e-405d-8b3d-6482ea274e37@group-AAA528D1F098-SegmentedRaftLogWorker for RaftStorageImpl:Storage Directory /home/runner/work/ozone/ozone/hadoop-ozone/integration-test/target/test-dir/MiniOzoneClusterImpl-257c5be2-ab76-4353-a1eb-ea8c6614f538/datanode-0/data/ratis/fd08d0d5-0033-4d41-a1d9-aaa528d1f098
2023-03-15 05:43:51,469 [pool-75-thread-1] INFO  server.RaftServerConfigKeys (ConfUtils.java:logGet(46)) - raft.server.log.queue.byte-limit = 4294967296 (custom)
2023-03-15 05:43:51,469 [pool-75-thread-1] INFO  server.RaftServerConfigKeys (ConfUtils.java:logGet(46)) - raft.server.log.queue.element-limit = 1024 (custom)
2023-03-15 05:43:51,469 [pool-75-thread-1] INFO  server.RaftServerConfigKeys (ConfUtils.java:logGet(46)) - raft.server.log.segment.size.max = 1048576 (custom)
2023-03-15 05:43:51,469 [pool-75-thread-1] INFO  server.RaftServerConfigKeys (ConfUtils.java:logGet(46)) - raft.server.log.preallocated.size = 16384 (custom)
2023-03-15 05:43:51,469 [pool-75-thread-1] INFO  server.RaftServerConfigKeys (ConfUtils.java:logGet(46)) - raft.server.log.force.sync.num = 128 (default)
2023-03-15 05:43:51,469 [pool-75-thread-1] INFO  server.RaftServerConfigKeys (ConfUtils.java:logGet(46)) - raft.server.log.statemachine.data.sync = true (default)
2023-03-15 05:43:51,469 [pool-75-thread-1] INFO  server.RaftServerConfigKeys (ConfUtils.java:logGet(46)) - raft.server.log.statemachine.data.sync.timeout = 10s (default)
2023-03-15 05:43:51,469 [pool-75-thread-1] INFO  server.RaftServerConfigKeys (ConfUtils.java:logGet(46)) - raft.server.log.statemachine.data.sync.timeout.retry = -1 (default)
2023-03-15 05:43:51,469 [EventQueue-OpenPipelineForHealthyPipelineSafeModeRule] INFO  safemode.SCMSafeModeManager (HealthyPipelineSafeModeRule.java:process(137)) - SCM in safe mode. Healthy pipelines reported count is 0, required healthy pipeline reported count is 1
2023-03-15 05:43:51,471 [pool-75-thread-1] INFO  server.RaftServerConfigKeys (ConfUtils.java:logGet(46)) - raft.server.log.write.buffer.size = 1048576 (custom)
2023-03-15 05:43:51,471 [pool-75-thread-1] INFO  server.RaftServerConfigKeys (ConfUtils.java:logGet(46)) - raft.server.log.appender.buffer.byte-limit = 33554432 (custom)
2023-03-15 05:43:51,474 [pool-75-thread-1] INFO  server.RaftServerConfigKeys (ConfUtils.java:logGet(46)) - raft.server.log.unsafe-flush.enabled = false (default)
2023-03-15 05:43:51,474 [pool-75-thread-1] INFO  server.RaftServerConfigKeys (ConfUtils.java:logGet(46)) - raft.server.log.async-flush.enabled = false (default)
2023-03-15 05:43:51,474 [pool-75-thread-1] INFO  server.RaftServerConfigKeys (ConfUtils.java:logGet(46)) - raft.server.log.statemachine.data.caching.enabled = true (custom)
2023-03-15 05:43:51,475 [pool-75-thread-1] INFO  segmented.SegmentedRaftLogWorker (SegmentedRaftLogWorker.java:lambda$new$0(135)) - 749a2a4e-326e-405d-8b3d-6482ea274e37@group-AAA528D1F098-SegmentedRaftLogWorker: flushIndex: setUnconditionally 0 -> -1
2023-03-15 05:43:51,475 [pool-75-thread-1] INFO  segmented.SegmentedRaftLogWorker (SegmentedRaftLogWorker.java:lambda$new$0(135)) - 749a2a4e-326e-405d-8b3d-6482ea274e37@group-AAA528D1F098-SegmentedRaftLogWorker: safeCacheEvictIndex: setUnconditionally 0 -> -1
2023-03-15 05:43:51,475 [pool-75-thread-1] INFO  server.RaftServer$Division (RaftServerImpl.java:start(334)) - 749a2a4e-326e-405d-8b3d-6482ea274e37@group-AAA528D1F098: start as a follower, conf=-1: peers:[93bbdb4e-ae1d-4286-84a2-0f7fae60ad59|rpc:10.1.0.18:43933|dataStream:10.1.0.18:42381|priority:0|startupRole:FOLLOWER, a88b317b-310e-4f91-ab19-5adcbba379a7|rpc:10.1.0.18:39225|dataStream:10.1.0.18:43727|priority:0|startupRole:FOLLOWER, 749a2a4e-326e-405d-8b3d-6482ea274e37|rpc:10.1.0.18:40203|dataStream:10.1.0.18:44725|priority:1|startupRole:FOLLOWER]|listeners:[], old=null
2023-03-15 05:43:51,475 [pool-75-thread-1] INFO  server.RaftServer$Division (RaftServerImpl.java:setRole(321)) - 749a2a4e-326e-405d-8b3d-6482ea274e37@group-AAA528D1F098: changes role from      null to FOLLOWER at term 0 for startAsFollower
2023-03-15 05:43:51,475 [pool-75-thread-1] INFO  impl.RoleInfo (RoleInfo.java:updateAndGet(139)) - 749a2a4e-326e-405d-8b3d-6482ea274e37: start 749a2a4e-326e-405d-8b3d-6482ea274e37@group-AAA528D1F098-FollowerState
2023-03-15 05:43:51,476 [pool-75-thread-1] INFO  util.JmxRegister (JmxRegister.java:tryRegister(44)) - Successfully registered JMX Bean with object name Ratis:service=RaftServer,group=group-AAA528D1F098,id=749a2a4e-326e-405d-8b3d-6482ea274e37
2023-03-15 05:43:51,476 [pool-75-thread-1] INFO  server.RaftServerConfigKeys (ConfUtils.java:logGet(46)) - raft.server.snapshot.auto.trigger.enabled = true (custom)
2023-03-15 05:43:51,476 [pool-75-thread-1] INFO  server.RaftServerConfigKeys (ConfUtils.java:logGet(46)) - raft.server.snapshot.auto.trigger.threshold = 10000 (custom)
2023-03-15 05:43:51,476 [pool-75-thread-1] INFO  server.RaftServerConfigKeys (ConfUtils.java:logGet(46)) - raft.server.snapshot.retention.file.num = 5 (custom)
2023-03-15 05:43:51,476 [pool-75-thread-1] INFO  server.RaftServerConfigKeys (ConfUtils.java:logGet(46)) - raft.server.log.purge.upto.snapshot.index = false (default)
2023-03-15 05:43:51,477 [749a2a4e-326e-405d-8b3d-6482ea274e37@group-AAA528D1F098-FollowerState] INFO  server.RaftServerConfigKeys (ConfUtils.java:logFallback(53)) - raft.server.rpc.first-election.timeout.min = 5s (fallback to raft.server.rpc.timeout.min)
2023-03-15 05:43:51,477 [Command processor thread] INFO  ratis.XceiverServerRatis (XceiverServerRatis.java:addGroup(807)) - Created group PipelineID=fd08d0d5-0033-4d41-a1d9-aaa528d1f098
2023-03-15 05:43:51,482 [749a2a4e-326e-405d-8b3d-6482ea274e37@group-AAA528D1F098-FollowerState] INFO  server.RaftServerConfigKeys (ConfUtils.java:logFallback(53)) - raft.server.rpc.first-election.timeout.max = 5200ms (fallback to raft.server.rpc.timeout.max)
2023-03-15 05:43:51,820 [grpc-default-executor-0] INFO  server.RaftServer (RaftServerProxy.java:addNew(96)) - 93bbdb4e-ae1d-4286-84a2-0f7fae60ad59: addNew group-AAA528D1F098:[93bbdb4e-ae1d-4286-84a2-0f7fae60ad59|rpc:10.1.0.18:43933|dataStream:10.1.0.18:42381|priority:0|startupRole:FOLLOWER, a88b317b-310e-4f91-ab19-5adcbba379a7|rpc:10.1.0.18:39225|dataStream:10.1.0.18:43727|priority:0|startupRole:FOLLOWER, 749a2a4e-326e-405d-8b3d-6482ea274e37|rpc:10.1.0.18:40203|dataStream:10.1.0.18:44725|priority:1|startupRole:FOLLOWER] returns group-AAA528D1F098:java.util.concurrent.CompletableFuture@3b7050f1[Not completed]
2023-03-15 05:43:51,825 [pool-119-thread-1] INFO  server.RaftServer$Division (RaftServerImpl.java:<init>(195)) - 93bbdb4e-ae1d-4286-84a2-0f7fae60ad59: new RaftServerImpl for group-AAA528D1F098:[93bbdb4e-ae1d-4286-84a2-0f7fae60ad59|rpc:10.1.0.18:43933|dataStream:10.1.0.18:42381|priority:0|startupRole:FOLLOWER, a88b317b-310e-4f91-ab19-5adcbba379a7|rpc:10.1.0.18:39225|dataStream:10.1.0.18:43727|priority:0|startupRole:FOLLOWER, 749a2a4e-326e-405d-8b3d-6482ea274e37|rpc:10.1.0.18:40203|dataStream:10.1.0.18:44725|priority:1|startupRole:FOLLOWER] with ContainerStateMachine:uninitialized
2023-03-15 05:43:51,825 [pool-119-thread-1] INFO  server.RaftServerConfigKeys (ConfUtils.java:logGet(46)) - raft.server.rpc.timeout.min = 5s (custom)
2023-03-15 05:43:51,825 [pool-119-thread-1] INFO  server.RaftServerConfigKeys (ConfUtils.java:logGet(46)) - raft.server.rpc.timeout.max = 5200ms (custom)
2023-03-15 05:43:51,825 [pool-119-thread-1] INFO  server.RaftServerConfigKeys (ConfUtils.java:logGet(46)) - raft.server.rpc.sleep.time = 25ms (default)
2023-03-15 05:43:51,826 [pool-119-thread-1] INFO  server.RaftServerConfigKeys (ConfUtils.java:logGet(46)) - raft.server.rpc.slowness.timeout = 300s (custom)
2023-03-15 05:43:51,826 [pool-119-thread-1] INFO  server.RaftServerConfigKeys (ConfUtils.java:logGet(46)) - raft.server.leaderelection.leader.step-down.wait-time = 10s (default)
2023-03-15 05:43:51,826 [pool-119-thread-1] INFO  server.RaftServerConfigKeys (ConfUtils.java:logGet(46)) - raft.server.sleep.deviation.threshold = 300ms (default)
2023-03-15 05:43:51,826 [pool-119-thread-1] INFO  server.RaftServer$Division (ServerState.java:<init>(118)) - 93bbdb4e-ae1d-4286-84a2-0f7fae60ad59@group-AAA528D1F098: ConfigurationManager, init=-1: peers:[93bbdb4e-ae1d-4286-84a2-0f7fae60ad59|rpc:10.1.0.18:43933|dataStream:10.1.0.18:42381|priority:0|startupRole:FOLLOWER, a88b317b-310e-4f91-ab19-5adcbba379a7|rpc:10.1.0.18:39225|dataStream:10.1.0.18:43727|priority:0|startupRole:FOLLOWER, 749a2a4e-326e-405d-8b3d-6482ea274e37|rpc:10.1.0.18:40203|dataStream:10.1.0.18:44725|priority:1|startupRole:FOLLOWER]|listeners:[], old=null, confs=<EMPTY_MAP>
2023-03-15 05:43:51,826 [pool-119-thread-1] INFO  server.RaftServerConfigKeys (ConfUtils.java:logGet(46)) - raft.server.storage.dir = [/home/runner/work/ozone/ozone/hadoop-ozone/integration-test/target/test-dir/MiniOzoneClusterImpl-257c5be2-ab76-4353-a1eb-ea8c6614f538/datanode-2/data/ratis] (custom)
2023-03-15 05:43:51,826 [pool-119-thread-1] INFO  server.RaftServerConfigKeys (ConfUtils.java:logGet(46)) - raft.server.log.corruption.policy = EXCEPTION (default)
2023-03-15 05:43:51,826 [pool-119-thread-1] INFO  server.RaftServerConfigKeys (ConfUtils.java:logGet(46)) - raft.server.storage.free-space.min = 0MB (=0) (default)
2023-03-15 05:43:51,826 [pool-119-thread-1] INFO  server.RaftServerConfigKeys (ConfUtils.java:logGet(46)) - raft.server.notification.no-leader.timeout = 300s (custom)
2023-03-15 05:43:51,826 [pool-119-thread-1] INFO  server.RaftServerConfigKeys (ConfUtils.java:logGet(46)) - raft.server.retrycache.expirytime = 600000ms (custom)
2023-03-15 05:43:51,826 [pool-119-thread-1] INFO  server.RaftServerConfigKeys (ConfUtils.java:logGet(46)) - raft.server.retrycache.statistics.expirytime = 100μs (default)
2023-03-15 05:43:51,838 [pool-119-thread-1] INFO  server.RaftServerConfigKeys (ConfUtils.java:logGet(46)) - raft.server.log.appender.install.snapshot.enabled = false (custom)
2023-03-15 05:43:51,838 [pool-119-thread-1] INFO  server.RaftServerConfigKeys (ConfUtils.java:logGet(46)) - raft.server.threadpool.server.cached = true (default)
2023-03-15 05:43:51,838 [pool-119-thread-1] INFO  server.RaftServerConfigKeys (ConfUtils.java:logGet(46)) - raft.server.threadpool.server.size = 0 (default)
2023-03-15 05:43:51,838 [pool-119-thread-1] INFO  server.RaftServerConfigKeys (ConfUtils.java:logGet(46)) - raft.server.threadpool.client.cached = true (default)
2023-03-15 05:43:51,838 [pool-119-thread-1] INFO  server.RaftServerConfigKeys (ConfUtils.java:logGet(46)) - raft.server.threadpool.client.size = 0 (default)
2023-03-15 05:43:51,838 [pool-119-thread-1] INFO  storage.RaftStorageDirectory (RaftStorageDirectoryImpl.java:analyzeStorage(137)) - The storage directory /home/runner/work/ozone/ozone/hadoop-ozone/integration-test/target/test-dir/MiniOzoneClusterImpl-257c5be2-ab76-4353-a1eb-ea8c6614f538/datanode-2/data/ratis/fd08d0d5-0033-4d41-a1d9-aaa528d1f098 does not exist. Creating ...
2023-03-15 05:43:51,839 [pool-119-thread-1] INFO  storage.RaftStorageDirectory (RaftStorageDirectoryImpl.java:tryLock(231)) - Lock on /home/runner/work/ozone/ozone/hadoop-ozone/integration-test/target/test-dir/MiniOzoneClusterImpl-257c5be2-ab76-4353-a1eb-ea8c6614f538/datanode-2/data/ratis/fd08d0d5-0033-4d41-a1d9-aaa528d1f098/in_use.lock acquired by nodename 67552@fv-az390-885
2023-03-15 05:43:51,840 [pool-119-thread-1] INFO  storage.RaftStorage (RaftStorageImpl.java:format(96)) - Storage directory /home/runner/work/ozone/ozone/hadoop-ozone/integration-test/target/test-dir/MiniOzoneClusterImpl-257c5be2-ab76-4353-a1eb-ea8c6614f538/datanode-2/data/ratis/fd08d0d5-0033-4d41-a1d9-aaa528d1f098 has been successfully formatted.
2023-03-15 05:43:51,843 [pool-119-thread-1] INFO  ratis.ContainerStateMachine (ContainerStateMachine.java:loadSnapshot(262)) - group-AAA528D1F098: The snapshot info is null. Setting the last applied indexto:(t:0, i:~)
2023-03-15 05:43:51,848 [pool-119-thread-1] INFO  server.RaftServerConfigKeys (ConfUtils.java:logGet(46)) - raft.server.log.use.memory = false (default)
2023-03-15 05:43:51,848 [pool-119-thread-1] INFO  server.RaftServerConfigKeys (ConfUtils.java:logGet(46)) - raft.server.log.purge.gap = 1000000 (custom)
2023-03-15 05:43:51,848 [pool-119-thread-1] INFO  server.RaftServerConfigKeys (ConfUtils.java:logGet(46)) - raft.server.log.appender.buffer.byte-limit = 33554432 (custom)
2023-03-15 05:43:51,848 [pool-119-thread-1] INFO  server.RaftServerConfigKeys (ConfUtils.java:logGet(46)) - raft.server.log.statemachine.data.read.timeout = 1000ms (default)
2023-03-15 05:43:51,848 [pool-119-thread-1] INFO  server.RaftServerConfigKeys (ConfUtils.java:logGet(46)) - raft.server.log.purge.preservation.log.num = 0 (default)
2023-03-15 05:43:51,848 [pool-119-thread-1] INFO  server.RaftServerConfigKeys (ConfUtils.java:logGet(46)) - raft.server.log.segment.size.max = 1048576 (custom)
2023-03-15 05:43:51,850 [pool-119-thread-1] INFO  server.RaftServerConfigKeys (ConfUtils.java:logGet(46)) - raft.server.log.segment.cache.num.max = 2 (custom)
2023-03-15 05:43:51,850 [pool-119-thread-1] INFO  server.RaftServerConfigKeys (ConfUtils.java:logGet(46)) - raft.server.log.segment.cache.size.max = 200MB (=209715200) (default)
2023-03-15 05:43:51,850 [pool-119-thread-1] INFO  segmented.SegmentedRaftLogWorker (SegmentedRaftLogWorker.java:<init>(189)) - new 93bbdb4e-ae1d-4286-84a2-0f7fae60ad59@group-AAA528D1F098-SegmentedRaftLogWorker for RaftStorageImpl:Storage Directory /home/runner/work/ozone/ozone/hadoop-ozone/integration-test/target/test-dir/MiniOzoneClusterImpl-257c5be2-ab76-4353-a1eb-ea8c6614f538/datanode-2/data/ratis/fd08d0d5-0033-4d41-a1d9-aaa528d1f098
2023-03-15 05:43:51,850 [pool-119-thread-1] INFO  server.RaftServerConfigKeys (ConfUtils.java:logGet(46)) - raft.server.log.queue.byte-limit = 4294967296 (custom)
2023-03-15 05:43:51,850 [pool-119-thread-1] INFO  server.RaftServerConfigKeys (ConfUtils.java:logGet(46)) - raft.server.log.queue.element-limit = 1024 (custom)
2023-03-15 05:43:51,850 [pool-119-thread-1] INFO  server.RaftServerConfigKeys (ConfUtils.java:logGet(46)) - raft.server.log.segment.size.max = 1048576 (custom)
2023-03-15 05:43:51,850 [pool-119-thread-1] INFO  server.RaftServerConfigKeys (ConfUtils.java:logGet(46)) - raft.server.log.preallocated.size = 16384 (custom)
2023-03-15 05:43:51,850 [pool-119-thread-1] INFO  server.RaftServerConfigKeys (ConfUtils.java:logGet(46)) - raft.server.log.force.sync.num = 128 (default)
2023-03-15 05:43:51,850 [pool-119-thread-1] INFO  server.RaftServerConfigKeys (ConfUtils.java:logGet(46)) - raft.server.log.statemachine.data.sync = true (default)
2023-03-15 05:43:51,850 [pool-119-thread-1] INFO  server.RaftServerConfigKeys (ConfUtils.java:logGet(46)) - raft.server.log.statemachine.data.sync.timeout = 10s (default)
2023-03-15 05:43:51,850 [pool-119-thread-1] INFO  server.RaftServerConfigKeys (ConfUtils.java:logGet(46)) - raft.server.log.statemachine.data.sync.timeout.retry = -1 (default)
2023-03-15 05:43:51,852 [pool-119-thread-1] INFO  server.RaftServerConfigKeys (ConfUtils.java:logGet(46)) - raft.server.log.write.buffer.size = 1048576 (custom)
2023-03-15 05:43:51,853 [pool-119-thread-1] INFO  server.RaftServerConfigKeys (ConfUtils.java:logGet(46)) - raft.server.log.appender.buffer.byte-limit = 33554432 (custom)
2023-03-15 05:43:51,861 [pool-119-thread-1] INFO  server.RaftServerConfigKeys (ConfUtils.java:logGet(46)) - raft.server.log.unsafe-flush.enabled = false (default)
2023-03-15 05:43:51,861 [pool-119-thread-1] INFO  server.RaftServerConfigKeys (ConfUtils.java:logGet(46)) - raft.server.log.async-flush.enabled = false (default)
2023-03-15 05:43:51,861 [pool-119-thread-1] INFO  server.RaftServerConfigKeys (ConfUtils.java:logGet(46)) - raft.server.log.statemachine.data.caching.enabled = true (custom)
2023-03-15 05:43:51,862 [pool-119-thread-1] INFO  segmented.SegmentedRaftLogWorker (SegmentedRaftLogWorker.java:lambda$new$0(135)) - 93bbdb4e-ae1d-4286-84a2-0f7fae60ad59@group-AAA528D1F098-SegmentedRaftLogWorker: flushIndex: setUnconditionally 0 -> -1
2023-03-15 05:43:51,862 [pool-119-thread-1] INFO  segmented.SegmentedRaftLogWorker (SegmentedRaftLogWorker.java:lambda$new$0(135)) - 93bbdb4e-ae1d-4286-84a2-0f7fae60ad59@group-AAA528D1F098-SegmentedRaftLogWorker: safeCacheEvictIndex: setUnconditionally 0 -> -1
2023-03-15 05:43:51,863 [pool-119-thread-1] INFO  server.RaftServer$Division (RaftServerImpl.java:start(334)) - 93bbdb4e-ae1d-4286-84a2-0f7fae60ad59@group-AAA528D1F098: start as a follower, conf=-1: peers:[93bbdb4e-ae1d-4286-84a2-0f7fae60ad59|rpc:10.1.0.18:43933|dataStream:10.1.0.18:42381|priority:0|startupRole:FOLLOWER, a88b317b-310e-4f91-ab19-5adcbba379a7|rpc:10.1.0.18:39225|dataStream:10.1.0.18:43727|priority:0|startupRole:FOLLOWER, 749a2a4e-326e-405d-8b3d-6482ea274e37|rpc:10.1.0.18:40203|dataStream:10.1.0.18:44725|priority:1|startupRole:FOLLOWER]|listeners:[], old=null
2023-03-15 05:43:51,863 [pool-119-thread-1] INFO  server.RaftServer$Division (RaftServerImpl.java:setRole(321)) - 93bbdb4e-ae1d-4286-84a2-0f7fae60ad59@group-AAA528D1F098: changes role from      null to FOLLOWER at term 0 for startAsFollower
2023-03-15 05:43:51,863 [pool-119-thread-1] INFO  impl.RoleInfo (RoleInfo.java:updateAndGet(139)) - 93bbdb4e-ae1d-4286-84a2-0f7fae60ad59: start 93bbdb4e-ae1d-4286-84a2-0f7fae60ad59@group-AAA528D1F098-FollowerState
2023-03-15 05:43:51,863 [pool-119-thread-1] INFO  util.JmxRegister (JmxRegister.java:tryRegister(44)) - Successfully registered JMX Bean with object name Ratis:service=RaftServer,group=group-AAA528D1F098,id=93bbdb4e-ae1d-4286-84a2-0f7fae60ad59
2023-03-15 05:43:51,867 [pool-119-thread-1] INFO  server.RaftServerConfigKeys (ConfUtils.java:logGet(46)) - raft.server.snapshot.auto.trigger.enabled = true (custom)
2023-03-15 05:43:51,867 [pool-119-thread-1] INFO  server.RaftServerConfigKeys (ConfUtils.java:logGet(46)) - raft.server.snapshot.auto.trigger.threshold = 10000 (custom)
2023-03-15 05:43:51,867 [pool-119-thread-1] INFO  server.RaftServerConfigKeys (ConfUtils.java:logGet(46)) - raft.server.snapshot.retention.file.num = 5 (custom)
2023-03-15 05:43:51,867 [pool-119-thread-1] INFO  server.RaftServerConfigKeys (ConfUtils.java:logGet(46)) - raft.server.log.purge.upto.snapshot.index = false (default)
2023-03-15 05:43:51,868 [93bbdb4e-ae1d-4286-84a2-0f7fae60ad59@group-AAA528D1F098-FollowerState] INFO  server.RaftServerConfigKeys (ConfUtils.java:logFallback(53)) - raft.server.rpc.first-election.timeout.min = 5s (fallback to raft.server.rpc.timeout.min)
2023-03-15 05:43:51,871 [93bbdb4e-ae1d-4286-84a2-0f7fae60ad59@group-AAA528D1F098-FollowerState] INFO  server.RaftServerConfigKeys (ConfUtils.java:logFallback(53)) - raft.server.rpc.first-election.timeout.max = 5200ms (fallback to raft.server.rpc.timeout.max)
2023-03-15 05:43:51,921 [grpc-default-executor-0] INFO  server.RaftServer (RaftServerProxy.java:addNew(96)) - a88b317b-310e-4f91-ab19-5adcbba379a7: addNew group-AAA528D1F098:[93bbdb4e-ae1d-4286-84a2-0f7fae60ad59|rpc:10.1.0.18:43933|dataStream:10.1.0.18:42381|priority:0|startupRole:FOLLOWER, a88b317b-310e-4f91-ab19-5adcbba379a7|rpc:10.1.0.18:39225|dataStream:10.1.0.18:43727|priority:0|startupRole:FOLLOWER, 749a2a4e-326e-405d-8b3d-6482ea274e37|rpc:10.1.0.18:40203|dataStream:10.1.0.18:44725|priority:1|startupRole:FOLLOWER] returns group-AAA528D1F098:java.util.concurrent.CompletableFuture@1cd8a26e[Not completed]
2023-03-15 05:43:51,924 [pool-97-thread-1] INFO  server.RaftServer$Division (RaftServerImpl.java:<init>(195)) - a88b317b-310e-4f91-ab19-5adcbba379a7: new RaftServerImpl for group-AAA528D1F098:[93bbdb4e-ae1d-4286-84a2-0f7fae60ad59|rpc:10.1.0.18:43933|dataStream:10.1.0.18:42381|priority:0|startupRole:FOLLOWER, a88b317b-310e-4f91-ab19-5adcbba379a7|rpc:10.1.0.18:39225|dataStream:10.1.0.18:43727|priority:0|startupRole:FOLLOWER, 749a2a4e-326e-405d-8b3d-6482ea274e37|rpc:10.1.0.18:40203|dataStream:10.1.0.18:44725|priority:1|startupRole:FOLLOWER] with ContainerStateMachine:uninitialized
2023-03-15 05:43:51,924 [pool-97-thread-1] INFO  server.RaftServerConfigKeys (ConfUtils.java:logGet(46)) - raft.server.rpc.timeout.min = 5s (custom)
2023-03-15 05:43:51,924 [pool-97-thread-1] INFO  server.RaftServerConfigKeys (ConfUtils.java:logGet(46)) - raft.server.rpc.timeout.max = 5200ms (custom)
2023-03-15 05:43:51,924 [pool-97-thread-1] INFO  server.RaftServerConfigKeys (ConfUtils.java:logGet(46)) - raft.server.rpc.sleep.time = 25ms (default)
2023-03-15 05:43:51,924 [pool-97-thread-1] INFO  server.RaftServerConfigKeys (ConfUtils.java:logGet(46)) - raft.server.rpc.slowness.timeout = 300s (custom)
2023-03-15 05:43:51,924 [pool-97-thread-1] INFO  server.RaftServerConfigKeys (ConfUtils.java:logGet(46)) - raft.server.leaderelection.leader.step-down.wait-time = 10s (default)
2023-03-15 05:43:51,924 [pool-97-thread-1] INFO  server.RaftServerConfigKeys (ConfUtils.java:logGet(46)) - raft.server.sleep.deviation.threshold = 300ms (default)
2023-03-15 05:43:51,924 [pool-97-thread-1] INFO  server.RaftServer$Division (ServerState.java:<init>(118)) - a88b317b-310e-4f91-ab19-5adcbba379a7@group-AAA528D1F098: ConfigurationManager, init=-1: peers:[93bbdb4e-ae1d-4286-84a2-0f7fae60ad59|rpc:10.1.0.18:43933|dataStream:10.1.0.18:42381|priority:0|startupRole:FOLLOWER, a88b317b-310e-4f91-ab19-5adcbba379a7|rpc:10.1.0.18:39225|dataStream:10.1.0.18:43727|priority:0|startupRole:FOLLOWER, 749a2a4e-326e-405d-8b3d-6482ea274e37|rpc:10.1.0.18:40203|dataStream:10.1.0.18:44725|priority:1|startupRole:FOLLOWER]|listeners:[], old=null, confs=<EMPTY_MAP>
2023-03-15 05:43:51,924 [pool-97-thread-1] INFO  server.RaftServerConfigKeys (ConfUtils.java:logGet(46)) - raft.server.storage.dir = [/home/runner/work/ozone/ozone/hadoop-ozone/integration-test/target/test-dir/MiniOzoneClusterImpl-257c5be2-ab76-4353-a1eb-ea8c6614f538/datanode-1/data/ratis] (custom)
2023-03-15 05:43:51,924 [pool-97-thread-1] INFO  server.RaftServerConfigKeys (ConfUtils.java:logGet(46)) - raft.server.log.corruption.policy = EXCEPTION (default)
2023-03-15 05:43:51,924 [pool-97-thread-1] INFO  server.RaftServerConfigKeys (ConfUtils.java:logGet(46)) - raft.server.storage.free-space.min = 0MB (=0) (default)
2023-03-15 05:43:51,925 [pool-97-thread-1] INFO  server.RaftServerConfigKeys (ConfUtils.java:logGet(46)) - raft.server.notification.no-leader.timeout = 300s (custom)
2023-03-15 05:43:51,925 [pool-97-thread-1] INFO  server.RaftServerConfigKeys (ConfUtils.java:logGet(46)) - raft.server.retrycache.expirytime = 600000ms (custom)
2023-03-15 05:43:51,925 [pool-97-thread-1] INFO  server.RaftServerConfigKeys (ConfUtils.java:logGet(46)) - raft.server.retrycache.statistics.expirytime = 100μs (default)
2023-03-15 05:43:51,927 [pool-97-thread-1] INFO  server.RaftServerConfigKeys (ConfUtils.java:logGet(46)) - raft.server.log.appender.install.snapshot.enabled = false (custom)
2023-03-15 05:43:51,930 [pool-97-thread-1] INFO  server.RaftServerConfigKeys (ConfUtils.java:logGet(46)) - raft.server.threadpool.server.cached = true (default)
2023-03-15 05:43:51,930 [pool-97-thread-1] INFO  server.RaftServerConfigKeys (ConfUtils.java:logGet(46)) - raft.server.threadpool.server.size = 0 (default)
2023-03-15 05:43:51,930 [pool-97-thread-1] INFO  server.RaftServerConfigKeys (ConfUtils.java:logGet(46)) - raft.server.threadpool.client.cached = true (default)
2023-03-15 05:43:51,930 [pool-97-thread-1] INFO  server.RaftServerConfigKeys (ConfUtils.java:logGet(46)) - raft.server.threadpool.client.size = 0 (default)
2023-03-15 05:43:51,930 [pool-97-thread-1] INFO  storage.RaftStorageDirectory (RaftStorageDirectoryImpl.java:analyzeStorage(137)) - The storage directory /home/runner/work/ozone/ozone/hadoop-ozone/integration-test/target/test-dir/MiniOzoneClusterImpl-257c5be2-ab76-4353-a1eb-ea8c6614f538/datanode-1/data/ratis/fd08d0d5-0033-4d41-a1d9-aaa528d1f098 does not exist. Creating ...
2023-03-15 05:43:51,931 [pool-97-thread-1] INFO  storage.RaftStorageDirectory (RaftStorageDirectoryImpl.java:tryLock(231)) - Lock on /home/runner/work/ozone/ozone/hadoop-ozone/integration-test/target/test-dir/MiniOzoneClusterImpl-257c5be2-ab76-4353-a1eb-ea8c6614f538/datanode-1/data/ratis/fd08d0d5-0033-4d41-a1d9-aaa528d1f098/in_use.lock acquired by nodename 67552@fv-az390-885
2023-03-15 05:43:51,932 [pool-97-thread-1] INFO  storage.RaftStorage (RaftStorageImpl.java:format(96)) - Storage directory /home/runner/work/ozone/ozone/hadoop-ozone/integration-test/target/test-dir/MiniOzoneClusterImpl-257c5be2-ab76-4353-a1eb-ea8c6614f538/datanode-1/data/ratis/fd08d0d5-0033-4d41-a1d9-aaa528d1f098 has been successfully formatted.
2023-03-15 05:43:51,933 [pool-97-thread-1] INFO  ratis.ContainerStateMachine (ContainerStateMachine.java:loadSnapshot(262)) - group-AAA528D1F098: The snapshot info is null. Setting the last applied indexto:(t:0, i:~)
2023-03-15 05:43:51,933 [pool-97-thread-1] INFO  server.RaftServerConfigKeys (ConfUtils.java:logGet(46)) - raft.server.log.use.memory = false (default)
2023-03-15 05:43:51,933 [pool-97-thread-1] INFO  server.RaftServerConfigKeys (ConfUtils.java:logGet(46)) - raft.server.log.purge.gap = 1000000 (custom)
2023-03-15 05:43:51,933 [pool-97-thread-1] INFO  server.RaftServerConfigKeys (ConfUtils.java:logGet(46)) - raft.server.log.appender.buffer.byte-limit = 33554432 (custom)
2023-03-15 05:43:51,933 [pool-97-thread-1] INFO  server.RaftServerConfigKeys (ConfUtils.java:logGet(46)) - raft.server.log.statemachine.data.read.timeout = 1000ms (default)
2023-03-15 05:43:51,933 [pool-97-thread-1] INFO  server.RaftServerConfigKeys (ConfUtils.java:logGet(46)) - raft.server.log.purge.preservation.log.num = 0 (default)
2023-03-15 05:43:51,934 [pool-97-thread-1] INFO  server.RaftServerConfigKeys (ConfUtils.java:logGet(46)) - raft.server.log.segment.size.max = 1048576 (custom)
2023-03-15 05:43:51,941 [pool-97-thread-1] INFO  server.RaftServerConfigKeys (ConfUtils.java:logGet(46)) - raft.server.log.segment.cache.num.max = 2 (custom)
2023-03-15 05:43:51,941 [pool-97-thread-1] INFO  server.RaftServerConfigKeys (ConfUtils.java:logGet(46)) - raft.server.log.segment.cache.size.max = 200MB (=209715200) (default)
2023-03-15 05:43:51,941 [pool-97-thread-1] INFO  segmented.SegmentedRaftLogWorker (SegmentedRaftLogWorker.java:<init>(189)) - new a88b317b-310e-4f91-ab19-5adcbba379a7@group-AAA528D1F098-SegmentedRaftLogWorker for RaftStorageImpl:Storage Directory /home/runner/work/ozone/ozone/hadoop-ozone/integration-test/target/test-dir/MiniOzoneClusterImpl-257c5be2-ab76-4353-a1eb-ea8c6614f538/datanode-1/data/ratis/fd08d0d5-0033-4d41-a1d9-aaa528d1f098
2023-03-15 05:43:51,941 [pool-97-thread-1] INFO  server.RaftServerConfigKeys (ConfUtils.java:logGet(46)) - raft.server.log.queue.byte-limit = 4294967296 (custom)
2023-03-15 05:43:51,941 [pool-97-thread-1] INFO  server.RaftServerConfigKeys (ConfUtils.java:logGet(46)) - raft.server.log.queue.element-limit = 1024 (custom)
2023-03-15 05:43:51,941 [pool-97-thread-1] INFO  server.RaftServerConfigKeys (ConfUtils.java:logGet(46)) - raft.server.log.segment.size.max = 1048576 (custom)
2023-03-15 05:43:51,941 [pool-97-thread-1] INFO  server.RaftServerConfigKeys (ConfUtils.java:logGet(46)) - raft.server.log.preallocated.size = 16384 (custom)
2023-03-15 05:43:51,941 [pool-97-thread-1] INFO  server.RaftServerConfigKeys (ConfUtils.java:logGet(46)) - raft.server.log.force.sync.num = 128 (default)
2023-03-15 05:43:51,941 [pool-97-thread-1] INFO  server.RaftServerConfigKeys (ConfUtils.java:logGet(46)) - raft.server.log.statemachine.data.sync = true (default)
2023-03-15 05:43:51,941 [pool-97-thread-1] INFO  server.RaftServerConfigKeys (ConfUtils.java:logGet(46)) - raft.server.log.statemachine.data.sync.timeout = 10s (default)
2023-03-15 05:43:51,941 [pool-97-thread-1] INFO  server.RaftServerConfigKeys (ConfUtils.java:logGet(46)) - raft.server.log.statemachine.data.sync.timeout.retry = -1 (default)
2023-03-15 05:43:51,943 [pool-97-thread-1] INFO  server.RaftServerConfigKeys (ConfUtils.java:logGet(46)) - raft.server.log.write.buffer.size = 1048576 (custom)
2023-03-15 05:43:51,944 [pool-97-thread-1] INFO  server.RaftServerConfigKeys (ConfUtils.java:logGet(46)) - raft.server.log.appender.buffer.byte-limit = 33554432 (custom)
2023-03-15 05:43:52,089 [pool-97-thread-1] INFO  server.RaftServerConfigKeys (ConfUtils.java:logGet(46)) - raft.server.log.unsafe-flush.enabled = false (default)
2023-03-15 05:43:52,089 [pool-97-thread-1] INFO  server.RaftServerConfigKeys (ConfUtils.java:logGet(46)) - raft.server.log.async-flush.enabled = false (default)
2023-03-15 05:43:52,089 [pool-97-thread-1] INFO  server.RaftServerConfigKeys (ConfUtils.java:logGet(46)) - raft.server.log.statemachine.data.caching.enabled = true (custom)
2023-03-15 05:43:52,091 [Command processor thread] INFO  server.RaftServer (RaftServerProxy.java:addNew(96)) - a88b317b-310e-4f91-ab19-5adcbba379a7: addNew group-6BCA25F94B5E:[a88b317b-310e-4f91-ab19-5adcbba379a7|rpc:10.1.0.18:39225|dataStream:10.1.0.18:43727|priority:1|startupRole:FOLLOWER] returns group-6BCA25F94B5E:java.util.concurrent.CompletableFuture@2b81963b[Not completed]
2023-03-15 05:43:52,093 [Listener at 127.0.0.1/43369] INFO  ozone.MiniOzoneClusterImpl (MiniOzoneClusterImpl.java:lambda$waitForClusterToBeReady$0(218)) - Nodes are ready. Got 5 of 5 DN Heartbeats.
2023-03-15 05:43:52,093 [Listener at 127.0.0.1/43369] INFO  ozone.MiniOzoneClusterImpl (MiniOzoneClusterImpl.java:lambda$waitForClusterToBeReady$0(221)) - Waiting for cluster to exit safe mode
2023-03-15 05:43:52,093 [Listener at 127.0.0.1/43369] INFO  ozone.MiniOzoneClusterImpl (MiniOzoneClusterImpl.java:lambda$waitForClusterToBeReady$0(223)) - SCM became leader
2023-03-15 05:43:52,095 [pool-97-thread-1] INFO  segmented.SegmentedRaftLogWorker (SegmentedRaftLogWorker.java:lambda$new$0(135)) - a88b317b-310e-4f91-ab19-5adcbba379a7@group-AAA528D1F098-SegmentedRaftLogWorker: flushIndex: setUnconditionally 0 -> -1
2023-03-15 05:43:52,095 [pool-97-thread-1] INFO  segmented.SegmentedRaftLogWorker (SegmentedRaftLogWorker.java:lambda$new$0(135)) - a88b317b-310e-4f91-ab19-5adcbba379a7@group-AAA528D1F098-SegmentedRaftLogWorker: safeCacheEvictIndex: setUnconditionally 0 -> -1
2023-03-15 05:43:52,095 [pool-97-thread-1] INFO  server.RaftServer$Division (RaftServerImpl.java:start(334)) - a88b317b-310e-4f91-ab19-5adcbba379a7@group-AAA528D1F098: start as a follower, conf=-1: peers:[93bbdb4e-ae1d-4286-84a2-0f7fae60ad59|rpc:10.1.0.18:43933|dataStream:10.1.0.18:42381|priority:0|startupRole:FOLLOWER, a88b317b-310e-4f91-ab19-5adcbba379a7|rpc:10.1.0.18:39225|dataStream:10.1.0.18:43727|priority:0|startupRole:FOLLOWER, 749a2a4e-326e-405d-8b3d-6482ea274e37|rpc:10.1.0.18:40203|dataStream:10.1.0.18:44725|priority:1|startupRole:FOLLOWER]|listeners:[], old=null
2023-03-15 05:43:52,095 [pool-97-thread-1] INFO  server.RaftServer$Division (RaftServerImpl.java:setRole(321)) - a88b317b-310e-4f91-ab19-5adcbba379a7@group-AAA528D1F098: changes role from      null to FOLLOWER at term 0 for startAsFollower
2023-03-15 05:43:52,095 [pool-97-thread-1] INFO  impl.RoleInfo (RoleInfo.java:updateAndGet(139)) - a88b317b-310e-4f91-ab19-5adcbba379a7: start a88b317b-310e-4f91-ab19-5adcbba379a7@group-AAA528D1F098-FollowerState
2023-03-15 05:43:52,095 [pool-97-thread-1] INFO  util.JmxRegister (JmxRegister.java:tryRegister(44)) - Successfully registered JMX Bean with object name Ratis:service=RaftServer,group=group-AAA528D1F098,id=a88b317b-310e-4f91-ab19-5adcbba379a7
2023-03-15 05:43:52,095 [pool-97-thread-1] INFO  server.RaftServerConfigKeys (ConfUtils.java:logGet(46)) - raft.server.snapshot.auto.trigger.enabled = true (custom)
2023-03-15 05:43:52,096 [pool-97-thread-1] INFO  server.RaftServerConfigKeys (ConfUtils.java:logGet(46)) - raft.server.snapshot.auto.trigger.threshold = 10000 (custom)
2023-03-15 05:43:52,096 [pool-97-thread-1] INFO  server.RaftServerConfigKeys (ConfUtils.java:logGet(46)) - raft.server.snapshot.retention.file.num = 5 (custom)
2023-03-15 05:43:52,096 [pool-97-thread-1] INFO  server.RaftServerConfigKeys (ConfUtils.java:logGet(46)) - raft.server.log.purge.upto.snapshot.index = false (default)
2023-03-15 05:43:52,098 [a88b317b-310e-4f91-ab19-5adcbba379a7@group-AAA528D1F098-FollowerState] INFO  server.RaftServerConfigKeys (ConfUtils.java:logFallback(53)) - raft.server.rpc.first-election.timeout.min = 5s (fallback to raft.server.rpc.timeout.min)
2023-03-15 05:43:52,105 [pool-97-thread-1] INFO  server.RaftServer$Division (RaftServerImpl.java:<init>(195)) - a88b317b-310e-4f91-ab19-5adcbba379a7: new RaftServerImpl for group-6BCA25F94B5E:[a88b317b-310e-4f91-ab19-5adcbba379a7|rpc:10.1.0.18:39225|dataStream:10.1.0.18:43727|priority:1|startupRole:FOLLOWER] with ContainerStateMachine:uninitialized
2023-03-15 05:43:52,108 [pool-97-thread-1] INFO  server.RaftServerConfigKeys (ConfUtils.java:logGet(46)) - raft.server.rpc.timeout.min = 5s (custom)
2023-03-15 05:43:52,108 [pool-97-thread-1] INFO  server.RaftServerConfigKeys (ConfUtils.java:logGet(46)) - raft.server.rpc.timeout.max = 5200ms (custom)
2023-03-15 05:43:52,108 [pool-97-thread-1] INFO  server.RaftServerConfigKeys (ConfUtils.java:logGet(46)) - raft.server.rpc.sleep.time = 25ms (default)
2023-03-15 05:43:52,108 [pool-97-thread-1] INFO  server.RaftServerConfigKeys (ConfUtils.java:logGet(46)) - raft.server.rpc.slowness.timeout = 300s (custom)
2023-03-15 05:43:52,108 [pool-97-thread-1] INFO  server.RaftServerConfigKeys (ConfUtils.java:logGet(46)) - raft.server.leaderelection.leader.step-down.wait-time = 10s (default)
2023-03-15 05:43:52,108 [pool-97-thread-1] INFO  server.RaftServerConfigKeys (ConfUtils.java:logGet(46)) - raft.server.sleep.deviation.threshold = 300ms (default)
2023-03-15 05:43:52,108 [pool-97-thread-1] INFO  server.RaftServer$Division (ServerState.java:<init>(118)) - a88b317b-310e-4f91-ab19-5adcbba379a7@group-6BCA25F94B5E: ConfigurationManager, init=-1: peers:[a88b317b-310e-4f91-ab19-5adcbba379a7|rpc:10.1.0.18:39225|dataStream:10.1.0.18:43727|priority:1|startupRole:FOLLOWER]|listeners:[], old=null, confs=<EMPTY_MAP>
2023-03-15 05:43:52,108 [pool-97-thread-1] INFO  server.RaftServerConfigKeys (ConfUtils.java:logGet(46)) - raft.server.storage.dir = [/home/runner/work/ozone/ozone/hadoop-ozone/integration-test/target/test-dir/MiniOzoneClusterImpl-257c5be2-ab76-4353-a1eb-ea8c6614f538/datanode-1/data/ratis] (custom)
2023-03-15 05:43:52,108 [pool-97-thread-1] INFO  server.RaftServerConfigKeys (ConfUtils.java:logGet(46)) - raft.server.log.corruption.policy = EXCEPTION (default)
2023-03-15 05:43:52,108 [pool-97-thread-1] INFO  server.RaftServerConfigKeys (ConfUtils.java:logGet(46)) - raft.server.storage.free-space.min = 0MB (=0) (default)
2023-03-15 05:43:52,109 [pool-97-thread-1] INFO  server.RaftServerConfigKeys (ConfUtils.java:logGet(46)) - raft.server.notification.no-leader.timeout = 300s (custom)
2023-03-15 05:43:52,109 [pool-97-thread-1] INFO  server.RaftServerConfigKeys (ConfUtils.java:logGet(46)) - raft.server.retrycache.expirytime = 600000ms (custom)
2023-03-15 05:43:52,109 [pool-97-thread-1] INFO  server.RaftServerConfigKeys (ConfUtils.java:logGet(46)) - raft.server.retrycache.statistics.expirytime = 100μs (default)
2023-03-15 05:43:52,110 [Command processor thread] INFO  commandhandler.CreatePipelineCommandHandler (CreatePipelineCommandHandler.java:handle(113)) - Created Pipeline RATIS THREE PipelineID=fd08d0d5-0033-4d41-a1d9-aaa528d1f098.
2023-03-15 05:43:52,110 [Command processor thread] INFO  server.RaftServer (RaftServerProxy.java:addNew(96)) - 749a2a4e-326e-405d-8b3d-6482ea274e37: addNew group-1CC7A4FEEB72:[a88b317b-310e-4f91-ab19-5adcbba379a7|rpc:10.1.0.18:39225|dataStream:10.1.0.18:43727|priority:0|startupRole:FOLLOWER, 93bbdb4e-ae1d-4286-84a2-0f7fae60ad59|rpc:10.1.0.18:43933|dataStream:10.1.0.18:42381|priority:1|startupRole:FOLLOWER, 749a2a4e-326e-405d-8b3d-6482ea274e37|rpc:10.1.0.18:40203|dataStream:10.1.0.18:44725|priority:0|startupRole:FOLLOWER] returns group-1CC7A4FEEB72:java.util.concurrent.CompletableFuture@4f1fe244[Not completed]
2023-03-15 05:43:52,110 [a88b317b-310e-4f91-ab19-5adcbba379a7@group-AAA528D1F098-FollowerState] INFO  server.RaftServerConfigKeys (ConfUtils.java:logFallback(53)) - raft.server.rpc.first-election.timeout.max = 5200ms (fallback to raft.server.rpc.timeout.max)
2023-03-15 05:43:52,112 [pool-75-thread-1] INFO  server.RaftServer$Division (RaftServerImpl.java:<init>(195)) - 749a2a4e-326e-405d-8b3d-6482ea274e37: new RaftServerImpl for group-1CC7A4FEEB72:[a88b317b-310e-4f91-ab19-5adcbba379a7|rpc:10.1.0.18:39225|dataStream:10.1.0.18:43727|priority:0|startupRole:FOLLOWER, 93bbdb4e-ae1d-4286-84a2-0f7fae60ad59|rpc:10.1.0.18:43933|dataStream:10.1.0.18:42381|priority:1|startupRole:FOLLOWER, 749a2a4e-326e-405d-8b3d-6482ea274e37|rpc:10.1.0.18:40203|dataStream:10.1.0.18:44725|priority:0|startupRole:FOLLOWER] with ContainerStateMachine:uninitialized
2023-03-15 05:43:52,113 [pool-75-thread-1] INFO  server.RaftServerConfigKeys (ConfUtils.java:logGet(46)) - raft.server.rpc.timeout.min = 5s (custom)
2023-03-15 05:43:52,113 [pool-75-thread-1] INFO  server.RaftServerConfigKeys (ConfUtils.java:logGet(46)) - raft.server.rpc.timeout.max = 5200ms (custom)
2023-03-15 05:43:52,113 [pool-75-thread-1] INFO  server.RaftServerConfigKeys (ConfUtils.java:logGet(46)) - raft.server.rpc.sleep.time = 25ms (default)
2023-03-15 05:43:52,113 [pool-75-thread-1] INFO  server.RaftServerConfigKeys (ConfUtils.java:logGet(46)) - raft.server.rpc.slowness.timeout = 300s (custom)
2023-03-15 05:43:52,113 [pool-75-thread-1] INFO  server.RaftServerConfigKeys (ConfUtils.java:logGet(46)) - raft.server.leaderelection.leader.step-down.wait-time = 10s (default)
2023-03-15 05:43:52,113 [pool-75-thread-1] INFO  server.RaftServerConfigKeys (ConfUtils.java:logGet(46)) - raft.server.sleep.deviation.threshold = 300ms (default)
2023-03-15 05:43:52,113 [pool-75-thread-1] INFO  server.RaftServer$Division (ServerState.java:<init>(118)) - 749a2a4e-326e-405d-8b3d-6482ea274e37@group-1CC7A4FEEB72: ConfigurationManager, init=-1: peers:[a88b317b-310e-4f91-ab19-5adcbba379a7|rpc:10.1.0.18:39225|dataStream:10.1.0.18:43727|priority:0|startupRole:FOLLOWER, 93bbdb4e-ae1d-4286-84a2-0f7fae60ad59|rpc:10.1.0.18:43933|dataStream:10.1.0.18:42381|priority:1|startupRole:FOLLOWER, 749a2a4e-326e-405d-8b3d-6482ea274e37|rpc:10.1.0.18:40203|dataStream:10.1.0.18:44725|priority:0|startupRole:FOLLOWER]|listeners:[], old=null, confs=<EMPTY_MAP>
2023-03-15 05:43:52,113 [pool-75-thread-1] INFO  server.RaftServerConfigKeys (ConfUtils.java:logGet(46)) - raft.server.storage.dir = [/home/runner/work/ozone/ozone/hadoop-ozone/integration-test/target/test-dir/MiniOzoneClusterImpl-257c5be2-ab76-4353-a1eb-ea8c6614f538/datanode-0/data/ratis] (custom)
2023-03-15 05:43:52,113 [pool-75-thread-1] INFO  server.RaftServerConfigKeys (ConfUtils.java:logGet(46)) - raft.server.log.corruption.policy = EXCEPTION (default)
2023-03-15 05:43:52,113 [pool-75-thread-1] INFO  server.RaftServerConfigKeys (ConfUtils.java:logGet(46)) - raft.server.storage.free-space.min = 0MB (=0) (default)
2023-03-15 05:43:52,113 [pool-75-thread-1] INFO  server.RaftServerConfigKeys (ConfUtils.java:logGet(46)) - raft.server.notification.no-leader.timeout = 300s (custom)
2023-03-15 05:43:52,113 [pool-75-thread-1] INFO  server.RaftServerConfigKeys (ConfUtils.java:logGet(46)) - raft.server.retrycache.expirytime = 600000ms (custom)
2023-03-15 05:43:52,113 [pool-75-thread-1] INFO  server.RaftServerConfigKeys (ConfUtils.java:logGet(46)) - raft.server.retrycache.statistics.expirytime = 100μs (default)
2023-03-15 05:43:52,114 [pool-97-thread-1] INFO  server.RaftServerConfigKeys (ConfUtils.java:logGet(46)) - raft.server.log.appender.install.snapshot.enabled = false (custom)
2023-03-15 05:43:52,115 [pool-97-thread-1] INFO  server.RaftServerConfigKeys (ConfUtils.java:logGet(46)) - raft.server.threadpool.server.cached = true (default)
2023-03-15 05:43:52,115 [pool-97-thread-1] INFO  server.RaftServerConfigKeys (ConfUtils.java:logGet(46)) - raft.server.threadpool.server.size = 0 (default)
2023-03-15 05:43:52,115 [pool-97-thread-1] INFO  server.RaftServerConfigKeys (ConfUtils.java:logGet(46)) - raft.server.threadpool.client.cached = true (default)
2023-03-15 05:43:52,115 [pool-97-thread-1] INFO  server.RaftServerConfigKeys (ConfUtils.java:logGet(46)) - raft.server.threadpool.client.size = 0 (default)
2023-03-15 05:43:52,115 [pool-75-thread-1] INFO  server.RaftServerConfigKeys (ConfUtils.java:logGet(46)) - raft.server.log.appender.install.snapshot.enabled = false (custom)
2023-03-15 05:43:52,115 [pool-75-thread-1] INFO  server.RaftServerConfigKeys (ConfUtils.java:logGet(46)) - raft.server.threadpool.server.cached = true (default)
2023-03-15 05:43:52,115 [pool-75-thread-1] INFO  server.RaftServerConfigKeys (ConfUtils.java:logGet(46)) - raft.server.threadpool.server.size = 0 (default)
2023-03-15 05:43:52,115 [pool-97-thread-1] INFO  storage.RaftStorageDirectory (RaftStorageDirectoryImpl.java:analyzeStorage(137)) - The storage directory /home/runner/work/ozone/ozone/hadoop-ozone/integration-test/target/test-dir/MiniOzoneClusterImpl-257c5be2-ab76-4353-a1eb-ea8c6614f538/datanode-1/data/ratis/eae55e7e-2c35-415d-9295-6bca25f94b5e does not exist. Creating ...
2023-03-15 05:43:52,116 [pool-97-thread-1] INFO  storage.RaftStorageDirectory (RaftStorageDirectoryImpl.java:tryLock(231)) - Lock on /home/runner/work/ozone/ozone/hadoop-ozone/integration-test/target/test-dir/MiniOzoneClusterImpl-257c5be2-ab76-4353-a1eb-ea8c6614f538/datanode-1/data/ratis/eae55e7e-2c35-415d-9295-6bca25f94b5e/in_use.lock acquired by nodename 67552@fv-az390-885
2023-03-15 05:43:52,115 [pool-75-thread-1] INFO  server.RaftServerConfigKeys (ConfUtils.java:logGet(46)) - raft.server.threadpool.client.cached = true (default)
2023-03-15 05:43:52,117 [pool-75-thread-1] INFO  server.RaftServerConfigKeys (ConfUtils.java:logGet(46)) - raft.server.threadpool.client.size = 0 (default)
2023-03-15 05:43:52,117 [pool-97-thread-1] INFO  storage.RaftStorage (RaftStorageImpl.java:format(96)) - Storage directory /home/runner/work/ozone/ozone/hadoop-ozone/integration-test/target/test-dir/MiniOzoneClusterImpl-257c5be2-ab76-4353-a1eb-ea8c6614f538/datanode-1/data/ratis/eae55e7e-2c35-415d-9295-6bca25f94b5e has been successfully formatted.
2023-03-15 05:43:52,117 [pool-75-thread-1] INFO  storage.RaftStorageDirectory (RaftStorageDirectoryImpl.java:analyzeStorage(137)) - The storage directory /home/runner/work/ozone/ozone/hadoop-ozone/integration-test/target/test-dir/MiniOzoneClusterImpl-257c5be2-ab76-4353-a1eb-ea8c6614f538/datanode-0/data/ratis/e6d658eb-257b-4ca2-9b6d-1cc7a4feeb72 does not exist. Creating ...
2023-03-15 05:43:52,117 [pool-97-thread-1] INFO  ratis.ContainerStateMachine (ContainerStateMachine.java:loadSnapshot(262)) - group-6BCA25F94B5E: The snapshot info is null. Setting the last applied indexto:(t:0, i:~)
2023-03-15 05:43:52,117 [pool-97-thread-1] INFO  server.RaftServerConfigKeys (ConfUtils.java:logGet(46)) - raft.server.log.use.memory = false (default)
2023-03-15 05:43:52,117 [pool-97-thread-1] INFO  server.RaftServerConfigKeys (ConfUtils.java:logGet(46)) - raft.server.log.purge.gap = 1000000 (custom)
2023-03-15 05:43:52,118 [pool-97-thread-1] INFO  server.RaftServerConfigKeys (ConfUtils.java:logGet(46)) - raft.server.log.appender.buffer.byte-limit = 33554432 (custom)
2023-03-15 05:43:52,118 [pool-97-thread-1] INFO  server.RaftServerConfigKeys (ConfUtils.java:logGet(46)) - raft.server.log.statemachine.data.read.timeout = 1000ms (default)
2023-03-15 05:43:52,118 [pool-97-thread-1] INFO  server.RaftServerConfigKeys (ConfUtils.java:logGet(46)) - raft.server.log.purge.preservation.log.num = 0 (default)
2023-03-15 05:43:52,118 [pool-97-thread-1] INFO  server.RaftServerConfigKeys (ConfUtils.java:logGet(46)) - raft.server.log.segment.size.max = 1048576 (custom)
2023-03-15 05:43:52,118 [pool-97-thread-1] INFO  server.RaftServerConfigKeys (ConfUtils.java:logGet(46)) - raft.server.log.segment.cache.num.max = 2 (custom)
2023-03-15 05:43:52,120 [pool-97-thread-1] INFO  server.RaftServerConfigKeys (ConfUtils.java:logGet(46)) - raft.server.log.segment.cache.size.max = 200MB (=209715200) (default)
2023-03-15 05:43:52,120 [pool-97-thread-1] INFO  segmented.SegmentedRaftLogWorker (SegmentedRaftLogWorker.java:<init>(189)) - new a88b317b-310e-4f91-ab19-5adcbba379a7@group-6BCA25F94B5E-SegmentedRaftLogWorker for RaftStorageImpl:Storage Directory /home/runner/work/ozone/ozone/hadoop-ozone/integration-test/target/test-dir/MiniOzoneClusterImpl-257c5be2-ab76-4353-a1eb-ea8c6614f538/datanode-1/data/ratis/eae55e7e-2c35-415d-9295-6bca25f94b5e
2023-03-15 05:43:52,120 [pool-97-thread-1] INFO  server.RaftServerConfigKeys (ConfUtils.java:logGet(46)) - raft.server.log.queue.byte-limit = 4294967296 (custom)
2023-03-15 05:43:52,120 [pool-97-thread-1] INFO  server.RaftServerConfigKeys (ConfUtils.java:logGet(46)) - raft.server.log.queue.element-limit = 1024 (custom)
2023-03-15 05:43:52,120 [pool-97-thread-1] INFO  server.RaftServerConfigKeys (ConfUtils.java:logGet(46)) - raft.server.log.segment.size.max = 1048576 (custom)
2023-03-15 05:43:52,120 [pool-97-thread-1] INFO  server.RaftServerConfigKeys (ConfUtils.java:logGet(46)) - raft.server.log.preallocated.size = 16384 (custom)
2023-03-15 05:43:52,120 [pool-97-thread-1] INFO  server.RaftServerConfigKeys (ConfUtils.java:logGet(46)) - raft.server.log.force.sync.num = 128 (default)
2023-03-15 05:43:52,120 [pool-97-thread-1] INFO  server.RaftServerConfigKeys (ConfUtils.java:logGet(46)) - raft.server.log.statemachine.data.sync = true (default)
2023-03-15 05:43:52,120 [pool-97-thread-1] INFO  server.RaftServerConfigKeys (ConfUtils.java:logGet(46)) - raft.server.log.statemachine.data.sync.timeout = 10s (default)
2023-03-15 05:43:52,120 [pool-97-thread-1] INFO  server.RaftServerConfigKeys (ConfUtils.java:logGet(46)) - raft.server.log.statemachine.data.sync.timeout.retry = -1 (default)
2023-03-15 05:43:52,121 [EventQueue-PipelineReportForPipelineReportHandler] INFO  pipeline.PipelineManagerImpl (PipelineManagerImpl.java:openPipeline(367)) - Pipeline Pipeline[ Id: eae55e7e-2c35-415d-9295-6bca25f94b5e, Nodes: a88b317b-310e-4f91-ab19-5adcbba379a7(fv-az390-885.2udvygdcjcjuphbbpa4zxtqymb.gx.internal.cloudapp.net/10.1.0.18), ReplicationConfig: RATIS/ONE, State:ALLOCATED, leaderId:a88b317b-310e-4f91-ab19-5adcbba379a7, CreationTimestamp2023-03-15T05:43:48.970Z[Etc/UTC]] moved to OPEN state
2023-03-15 05:43:52,121 [pool-97-thread-1] INFO  server.RaftServerConfigKeys (ConfUtils.java:logGet(46)) - raft.server.log.write.buffer.size = 1048576 (custom)
2023-03-15 05:43:52,121 [EventQueue-OpenPipelineForHealthyPipelineSafeModeRule] INFO  safemode.SCMSafeModeManager (HealthyPipelineSafeModeRule.java:process(137)) - SCM in safe mode. Healthy pipelines reported count is 0, required healthy pipeline reported count is 1
2023-03-15 05:43:52,120 [pool-75-thread-1] INFO  storage.RaftStorageDirectory (RaftStorageDirectoryImpl.java:tryLock(231)) - Lock on /home/runner/work/ozone/ozone/hadoop-ozone/integration-test/target/test-dir/MiniOzoneClusterImpl-257c5be2-ab76-4353-a1eb-ea8c6614f538/datanode-0/data/ratis/e6d658eb-257b-4ca2-9b6d-1cc7a4feeb72/in_use.lock acquired by nodename 67552@fv-az390-885
2023-03-15 05:43:52,122 [pool-97-thread-1] INFO  server.RaftServerConfigKeys (ConfUtils.java:logGet(46)) - raft.server.log.appender.buffer.byte-limit = 33554432 (custom)
2023-03-15 05:43:52,122 [pool-75-thread-1] INFO  storage.RaftStorage (RaftStorageImpl.java:format(96)) - Storage directory /home/runner/work/ozone/ozone/hadoop-ozone/integration-test/target/test-dir/MiniOzoneClusterImpl-257c5be2-ab76-4353-a1eb-ea8c6614f538/datanode-0/data/ratis/e6d658eb-257b-4ca2-9b6d-1cc7a4feeb72 has been successfully formatted.
2023-03-15 05:43:52,126 [pool-97-thread-1] INFO  server.RaftServerConfigKeys (ConfUtils.java:logGet(46)) - raft.server.log.unsafe-flush.enabled = false (default)
2023-03-15 05:43:52,126 [pool-97-thread-1] INFO  server.RaftServerConfigKeys (ConfUtils.java:logGet(46)) - raft.server.log.async-flush.enabled = false (default)
2023-03-15 05:43:52,126 [pool-97-thread-1] INFO  server.RaftServerConfigKeys (ConfUtils.java:logGet(46)) - raft.server.log.statemachine.data.caching.enabled = true (custom)
2023-03-15 05:43:52,126 [pool-97-thread-1] INFO  segmented.SegmentedRaftLogWorker (SegmentedRaftLogWorker.java:lambda$new$0(135)) - a88b317b-310e-4f91-ab19-5adcbba379a7@group-6BCA25F94B5E-SegmentedRaftLogWorker: flushIndex: setUnconditionally 0 -> -1
2023-03-15 05:43:52,126 [pool-97-thread-1] INFO  segmented.SegmentedRaftLogWorker (SegmentedRaftLogWorker.java:lambda$new$0(135)) - a88b317b-310e-4f91-ab19-5adcbba379a7@group-6BCA25F94B5E-SegmentedRaftLogWorker: safeCacheEvictIndex: setUnconditionally 0 -> -1
2023-03-15 05:43:52,127 [pool-97-thread-1] INFO  server.RaftServer$Division (RaftServerImpl.java:start(334)) - a88b317b-310e-4f91-ab19-5adcbba379a7@group-6BCA25F94B5E: start as a follower, conf=-1: peers:[a88b317b-310e-4f91-ab19-5adcbba379a7|rpc:10.1.0.18:39225|dataStream:10.1.0.18:43727|priority:1|startupRole:FOLLOWER]|listeners:[], old=null
2023-03-15 05:43:52,127 [pool-97-thread-1] INFO  server.RaftServer$Division (RaftServerImpl.java:setRole(321)) - a88b317b-310e-4f91-ab19-5adcbba379a7@group-6BCA25F94B5E: changes role from      null to FOLLOWER at term 0 for startAsFollower
2023-03-15 05:43:52,127 [pool-97-thread-1] INFO  impl.RoleInfo (RoleInfo.java:updateAndGet(139)) - a88b317b-310e-4f91-ab19-5adcbba379a7: start a88b317b-310e-4f91-ab19-5adcbba379a7@group-6BCA25F94B5E-FollowerState
2023-03-15 05:43:52,127 [EventQueue-OpenPipelineForHealthyPipelineSafeModeRule] INFO  safemode.SCMSafeModeManager (HealthyPipelineSafeModeRule.java:process(137)) - SCM in safe mode. Healthy pipelines reported count is 0, required healthy pipeline reported count is 1
2023-03-15 05:43:52,130 [pool-97-thread-1] INFO  util.JmxRegister (JmxRegister.java:tryRegister(44)) - Successfully registered JMX Bean with object name Ratis:service=RaftServer,group=group-6BCA25F94B5E,id=a88b317b-310e-4f91-ab19-5adcbba379a7
2023-03-15 05:43:52,130 [pool-97-thread-1] INFO  server.RaftServerConfigKeys (ConfUtils.java:logGet(46)) - raft.server.snapshot.auto.trigger.enabled = true (custom)
2023-03-15 05:43:52,130 [pool-97-thread-1] INFO  server.RaftServerConfigKeys (ConfUtils.java:logGet(46)) - raft.server.snapshot.auto.trigger.threshold = 10000 (custom)
2023-03-15 05:43:52,130 [pool-97-thread-1] INFO  server.RaftServerConfigKeys (ConfUtils.java:logGet(46)) - raft.server.snapshot.retention.file.num = 5 (custom)
2023-03-15 05:43:52,130 [pool-97-thread-1] INFO  server.RaftServerConfigKeys (ConfUtils.java:logGet(46)) - raft.server.log.purge.upto.snapshot.index = false (default)
2023-03-15 05:43:52,131 [a88b317b-310e-4f91-ab19-5adcbba379a7@group-6BCA25F94B5E-FollowerState] INFO  server.RaftServerConfigKeys (ConfUtils.java:logFallback(53)) - raft.server.rpc.first-election.timeout.min = 5s (fallback to raft.server.rpc.timeout.min)
2023-03-15 05:43:52,131 [a88b317b-310e-4f91-ab19-5adcbba379a7@group-6BCA25F94B5E-FollowerState] INFO  server.RaftServerConfigKeys (ConfUtils.java:logFallback(53)) - raft.server.rpc.first-election.timeout.max = 5200ms (fallback to raft.server.rpc.timeout.max)
2023-03-15 05:43:52,136 [pool-75-thread-1] INFO  ratis.ContainerStateMachine (ContainerStateMachine.java:loadSnapshot(262)) - group-1CC7A4FEEB72: The snapshot info is null. Setting the last applied indexto:(t:0, i:~)
2023-03-15 05:43:52,137 [pool-75-thread-1] INFO  server.RaftServerConfigKeys (ConfUtils.java:logGet(46)) - raft.server.log.use.memory = false (default)
2023-03-15 05:43:52,137 [pool-75-thread-1] INFO  server.RaftServerConfigKeys (ConfUtils.java:logGet(46)) - raft.server.log.purge.gap = 1000000 (custom)
2023-03-15 05:43:52,137 [pool-75-thread-1] INFO  server.RaftServerConfigKeys (ConfUtils.java:logGet(46)) - raft.server.log.appender.buffer.byte-limit = 33554432 (custom)
2023-03-15 05:43:52,137 [pool-75-thread-1] INFO  server.RaftServerConfigKeys (ConfUtils.java:logGet(46)) - raft.server.log.statemachine.data.read.timeout = 1000ms (default)
2023-03-15 05:43:52,137 [pool-75-thread-1] INFO  server.RaftServerConfigKeys (ConfUtils.java:logGet(46)) - raft.server.log.purge.preservation.log.num = 0 (default)
2023-03-15 05:43:52,137 [pool-75-thread-1] INFO  server.RaftServerConfigKeys (ConfUtils.java:logGet(46)) - raft.server.log.segment.size.max = 1048576 (custom)
2023-03-15 05:43:52,137 [pool-75-thread-1] INFO  server.RaftServerConfigKeys (ConfUtils.java:logGet(46)) - raft.server.log.segment.cache.num.max = 2 (custom)
2023-03-15 05:43:52,137 [pool-75-thread-1] INFO  server.RaftServerConfigKeys (ConfUtils.java:logGet(46)) - raft.server.log.segment.cache.size.max = 200MB (=209715200) (default)
2023-03-15 05:43:52,137 [pool-75-thread-1] INFO  segmented.SegmentedRaftLogWorker (SegmentedRaftLogWorker.java:<init>(189)) - new 749a2a4e-326e-405d-8b3d-6482ea274e37@group-1CC7A4FEEB72-SegmentedRaftLogWorker for RaftStorageImpl:Storage Directory /home/runner/work/ozone/ozone/hadoop-ozone/integration-test/target/test-dir/MiniOzoneClusterImpl-257c5be2-ab76-4353-a1eb-ea8c6614f538/datanode-0/data/ratis/e6d658eb-257b-4ca2-9b6d-1cc7a4feeb72
2023-03-15 05:43:52,137 [pool-75-thread-1] INFO  server.RaftServerConfigKeys (ConfUtils.java:logGet(46)) - raft.server.log.queue.byte-limit = 4294967296 (custom)
2023-03-15 05:43:52,137 [pool-75-thread-1] INFO  server.RaftServerConfigKeys (ConfUtils.java:logGet(46)) - raft.server.log.queue.element-limit = 1024 (custom)
2023-03-15 05:43:52,138 [pool-75-thread-1] INFO  server.RaftServerConfigKeys (ConfUtils.java:logGet(46)) - raft.server.log.segment.size.max = 1048576 (custom)
2023-03-15 05:43:52,138 [pool-75-thread-1] INFO  server.RaftServerConfigKeys (ConfUtils.java:logGet(46)) - raft.server.log.preallocated.size = 16384 (custom)
2023-03-15 05:43:52,138 [pool-75-thread-1] INFO  server.RaftServerConfigKeys (ConfUtils.java:logGet(46)) - raft.server.log.force.sync.num = 128 (default)
2023-03-15 05:43:52,138 [pool-75-thread-1] INFO  server.RaftServerConfigKeys (ConfUtils.java:logGet(46)) - raft.server.log.statemachine.data.sync = true (default)
2023-03-15 05:43:52,138 [pool-75-thread-1] INFO  server.RaftServerConfigKeys (ConfUtils.java:logGet(46)) - raft.server.log.statemachine.data.sync.timeout = 10s (default)
2023-03-15 05:43:52,138 [pool-75-thread-1] INFO  server.RaftServerConfigKeys (ConfUtils.java:logGet(46)) - raft.server.log.statemachine.data.sync.timeout.retry = -1 (default)
2023-03-15 05:43:52,138 [pool-75-thread-1] INFO  server.RaftServerConfigKeys (ConfUtils.java:logGet(46)) - raft.server.log.write.buffer.size = 1048576 (custom)
2023-03-15 05:43:52,139 [pool-75-thread-1] INFO  server.RaftServerConfigKeys (ConfUtils.java:logGet(46)) - raft.server.log.appender.buffer.byte-limit = 33554432 (custom)
2023-03-15 05:43:52,141 [Command processor thread] INFO  ratis.XceiverServerRatis (XceiverServerRatis.java:addGroup(807)) - Created group PipelineID=eae55e7e-2c35-415d-9295-6bca25f94b5e
2023-03-15 05:43:52,142 [Command processor thread] INFO  commandhandler.CreatePipelineCommandHandler (CreatePipelineCommandHandler.java:handle(113)) - Created Pipeline RATIS ONE PipelineID=eae55e7e-2c35-415d-9295-6bca25f94b5e.
2023-03-15 05:43:52,143 [pool-75-thread-1] INFO  server.RaftServerConfigKeys (ConfUtils.java:logGet(46)) - raft.server.log.unsafe-flush.enabled = false (default)
2023-03-15 05:43:52,143 [pool-75-thread-1] INFO  server.RaftServerConfigKeys (ConfUtils.java:logGet(46)) - raft.server.log.async-flush.enabled = false (default)
2023-03-15 05:43:52,143 [pool-75-thread-1] INFO  server.RaftServerConfigKeys (ConfUtils.java:logGet(46)) - raft.server.log.statemachine.data.caching.enabled = true (custom)
2023-03-15 05:43:52,143 [pool-75-thread-1] INFO  segmented.SegmentedRaftLogWorker (SegmentedRaftLogWorker.java:lambda$new$0(135)) - 749a2a4e-326e-405d-8b3d-6482ea274e37@group-1CC7A4FEEB72-SegmentedRaftLogWorker: flushIndex: setUnconditionally 0 -> -1
2023-03-15 05:43:52,143 [pool-75-thread-1] INFO  segmented.SegmentedRaftLogWorker (SegmentedRaftLogWorker.java:lambda$new$0(135)) - 749a2a4e-326e-405d-8b3d-6482ea274e37@group-1CC7A4FEEB72-SegmentedRaftLogWorker: safeCacheEvictIndex: setUnconditionally 0 -> -1
2023-03-15 05:43:52,143 [pool-75-thread-1] INFO  server.RaftServer$Division (RaftServerImpl.java:start(334)) - 749a2a4e-326e-405d-8b3d-6482ea274e37@group-1CC7A4FEEB72: start as a follower, conf=-1: peers:[a88b317b-310e-4f91-ab19-5adcbba379a7|rpc:10.1.0.18:39225|dataStream:10.1.0.18:43727|priority:0|startupRole:FOLLOWER, 93bbdb4e-ae1d-4286-84a2-0f7fae60ad59|rpc:10.1.0.18:43933|dataStream:10.1.0.18:42381|priority:1|startupRole:FOLLOWER, 749a2a4e-326e-405d-8b3d-6482ea274e37|rpc:10.1.0.18:40203|dataStream:10.1.0.18:44725|priority:0|startupRole:FOLLOWER]|listeners:[], old=null
2023-03-15 05:43:52,145 [pool-75-thread-1] INFO  server.RaftServer$Division (RaftServerImpl.java:setRole(321)) - 749a2a4e-326e-405d-8b3d-6482ea274e37@group-1CC7A4FEEB72: changes role from      null to FOLLOWER at term 0 for startAsFollower
2023-03-15 05:43:52,146 [pool-97-thread-1] INFO  server.RaftServer$Division (RaftServerImpl.java:<init>(195)) - a88b317b-310e-4f91-ab19-5adcbba379a7: new RaftServerImpl for group-1CC7A4FEEB72:[a88b317b-310e-4f91-ab19-5adcbba379a7|rpc:10.1.0.18:39225|dataStream:10.1.0.18:43727|priority:0|startupRole:FOLLOWER, 93bbdb4e-ae1d-4286-84a2-0f7fae60ad59|rpc:10.1.0.18:43933|dataStream:10.1.0.18:42381|priority:1|startupRole:FOLLOWER, 749a2a4e-326e-405d-8b3d-6482ea274e37|rpc:10.1.0.18:40203|dataStream:10.1.0.18:44725|priority:0|startupRole:FOLLOWER] with ContainerStateMachine:uninitialized
2023-03-15 05:43:52,145 [Command processor thread] INFO  server.RaftServer (RaftServerProxy.java:addNew(96)) - a88b317b-310e-4f91-ab19-5adcbba379a7: addNew group-1CC7A4FEEB72:[a88b317b-310e-4f91-ab19-5adcbba379a7|rpc:10.1.0.18:39225|dataStream:10.1.0.18:43727|priority:0|startupRole:FOLLOWER, 93bbdb4e-ae1d-4286-84a2-0f7fae60ad59|rpc:10.1.0.18:43933|dataStream:10.1.0.18:42381|priority:1|startupRole:FOLLOWER, 749a2a4e-326e-405d-8b3d-6482ea274e37|rpc:10.1.0.18:40203|dataStream:10.1.0.18:44725|priority:0|startupRole:FOLLOWER] returns group-1CC7A4FEEB72:java.util.concurrent.CompletableFuture@25467d3b[Not completed]
2023-03-15 05:43:52,151 [pool-97-thread-1] INFO  server.RaftServerConfigKeys (ConfUtils.java:logGet(46)) - raft.server.rpc.timeout.min = 5s (custom)
2023-03-15 05:43:52,151 [pool-97-thread-1] INFO  server.RaftServerConfigKeys (ConfUtils.java:logGet(46)) - raft.server.rpc.timeout.max = 5200ms (custom)
2023-03-15 05:43:52,151 [pool-97-thread-1] INFO  server.RaftServerConfigKeys (ConfUtils.java:logGet(46)) - raft.server.rpc.sleep.time = 25ms (default)
2023-03-15 05:43:52,151 [pool-97-thread-1] INFO  server.RaftServerConfigKeys (ConfUtils.java:logGet(46)) - raft.server.rpc.slowness.timeout = 300s (custom)
2023-03-15 05:43:52,151 [pool-97-thread-1] INFO  server.RaftServerConfigKeys (ConfUtils.java:logGet(46)) - raft.server.leaderelection.leader.step-down.wait-time = 10s (default)
2023-03-15 05:43:52,151 [pool-97-thread-1] INFO  server.RaftServerConfigKeys (ConfUtils.java:logGet(46)) - raft.server.sleep.deviation.threshold = 300ms (default)
2023-03-15 05:43:52,151 [pool-97-thread-1] INFO  server.RaftServer$Division (ServerState.java:<init>(118)) - a88b317b-310e-4f91-ab19-5adcbba379a7@group-1CC7A4FEEB72: ConfigurationManager, init=-1: peers:[a88b317b-310e-4f91-ab19-5adcbba379a7|rpc:10.1.0.18:39225|dataStream:10.1.0.18:43727|priority:0|startupRole:FOLLOWER, 93bbdb4e-ae1d-4286-84a2-0f7fae60ad59|rpc:10.1.0.18:43933|dataStream:10.1.0.18:42381|priority:1|startupRole:FOLLOWER, 749a2a4e-326e-405d-8b3d-6482ea274e37|rpc:10.1.0.18:40203|dataStream:10.1.0.18:44725|priority:0|startupRole:FOLLOWER]|listeners:[], old=null, confs=<EMPTY_MAP>
2023-03-15 05:43:52,152 [pool-97-thread-1] INFO  server.RaftServerConfigKeys (ConfUtils.java:logGet(46)) - raft.server.storage.dir = [/home/runner/work/ozone/ozone/hadoop-ozone/integration-test/target/test-dir/MiniOzoneClusterImpl-257c5be2-ab76-4353-a1eb-ea8c6614f538/datanode-1/data/ratis] (custom)
2023-03-15 05:43:52,152 [pool-97-thread-1] INFO  server.RaftServerConfigKeys (ConfUtils.java:logGet(46)) - raft.server.log.corruption.policy = EXCEPTION (default)
2023-03-15 05:43:52,152 [pool-97-thread-1] INFO  server.RaftServerConfigKeys (ConfUtils.java:logGet(46)) - raft.server.storage.free-space.min = 0MB (=0) (default)
2023-03-15 05:43:52,152 [pool-97-thread-1] INFO  server.RaftServerConfigKeys (ConfUtils.java:logGet(46)) - raft.server.notification.no-leader.timeout = 300s (custom)
2023-03-15 05:43:52,152 [pool-97-thread-1] INFO  server.RaftServerConfigKeys (ConfUtils.java:logGet(46)) - raft.server.retrycache.expirytime = 600000ms (custom)
2023-03-15 05:43:52,152 [pool-97-thread-1] INFO  server.RaftServerConfigKeys (ConfUtils.java:logGet(46)) - raft.server.retrycache.statistics.expirytime = 100μs (default)
2023-03-15 05:43:52,153 [pool-97-thread-1] INFO  server.RaftServerConfigKeys (ConfUtils.java:logGet(46)) - raft.server.log.appender.install.snapshot.enabled = false (custom)
2023-03-15 05:43:52,153 [pool-97-thread-1] INFO  server.RaftServerConfigKeys (ConfUtils.java:logGet(46)) - raft.server.threadpool.server.cached = true (default)
2023-03-15 05:43:52,153 [pool-97-thread-1] INFO  server.RaftServerConfigKeys (ConfUtils.java:logGet(46)) - raft.server.threadpool.server.size = 0 (default)
2023-03-15 05:43:52,153 [pool-97-thread-1] INFO  server.RaftServerConfigKeys (ConfUtils.java:logGet(46)) - raft.server.threadpool.client.cached = true (default)
2023-03-15 05:43:52,153 [pool-97-thread-1] INFO  server.RaftServerConfigKeys (ConfUtils.java:logGet(46)) - raft.server.threadpool.client.size = 0 (default)
2023-03-15 05:43:52,153 [pool-97-thread-1] INFO  storage.RaftStorageDirectory (RaftStorageDirectoryImpl.java:analyzeStorage(137)) - The storage directory /home/runner/work/ozone/ozone/hadoop-ozone/integration-test/target/test-dir/MiniOzoneClusterImpl-257c5be2-ab76-4353-a1eb-ea8c6614f538/datanode-1/data/ratis/e6d658eb-257b-4ca2-9b6d-1cc7a4feeb72 does not exist. Creating ...
2023-03-15 05:43:52,151 [pool-75-thread-1] INFO  impl.RoleInfo (RoleInfo.java:updateAndGet(139)) - 749a2a4e-326e-405d-8b3d-6482ea274e37: start 749a2a4e-326e-405d-8b3d-6482ea274e37@group-1CC7A4FEEB72-FollowerState
2023-03-15 05:43:52,154 [pool-75-thread-1] INFO  util.JmxRegister (JmxRegister.java:tryRegister(44)) - Successfully registered JMX Bean with object name Ratis:service=RaftServer,group=group-1CC7A4FEEB72,id=749a2a4e-326e-405d-8b3d-6482ea274e37
2023-03-15 05:43:52,155 [pool-75-thread-1] INFO  server.RaftServerConfigKeys (ConfUtils.java:logGet(46)) - raft.server.snapshot.auto.trigger.enabled = true (custom)
2023-03-15 05:43:52,155 [pool-75-thread-1] INFO  server.RaftServerConfigKeys (ConfUtils.java:logGet(46)) - raft.server.snapshot.auto.trigger.threshold = 10000 (custom)
2023-03-15 05:43:52,155 [pool-75-thread-1] INFO  server.RaftServerConfigKeys (ConfUtils.java:logGet(46)) - raft.server.snapshot.retention.file.num = 5 (custom)
2023-03-15 05:43:52,155 [pool-75-thread-1] INFO  server.RaftServerConfigKeys (ConfUtils.java:logGet(46)) - raft.server.log.purge.upto.snapshot.index = false (default)
2023-03-15 05:43:52,154 [pool-97-thread-1] INFO  storage.RaftStorageDirectory (RaftStorageDirectoryImpl.java:tryLock(231)) - Lock on /home/runner/work/ozone/ozone/hadoop-ozone/integration-test/target/test-dir/MiniOzoneClusterImpl-257c5be2-ab76-4353-a1eb-ea8c6614f538/datanode-1/data/ratis/e6d658eb-257b-4ca2-9b6d-1cc7a4feeb72/in_use.lock acquired by nodename 67552@fv-az390-885
2023-03-15 05:43:52,156 [749a2a4e-326e-405d-8b3d-6482ea274e37@group-1CC7A4FEEB72-FollowerState] INFO  server.RaftServerConfigKeys (ConfUtils.java:logFallback(53)) - raft.server.rpc.first-election.timeout.min = 5s (fallback to raft.server.rpc.timeout.min)
2023-03-15 05:43:52,156 [749a2a4e-326e-405d-8b3d-6482ea274e37@group-1CC7A4FEEB72-FollowerState] INFO  server.RaftServerConfigKeys (ConfUtils.java:logFallback(53)) - raft.server.rpc.first-election.timeout.max = 5200ms (fallback to raft.server.rpc.timeout.max)
2023-03-15 05:43:52,157 [pool-97-thread-1] INFO  storage.RaftStorage (RaftStorageImpl.java:format(96)) - Storage directory /home/runner/work/ozone/ozone/hadoop-ozone/integration-test/target/test-dir/MiniOzoneClusterImpl-257c5be2-ab76-4353-a1eb-ea8c6614f538/datanode-1/data/ratis/e6d658eb-257b-4ca2-9b6d-1cc7a4feeb72 has been successfully formatted.
2023-03-15 05:43:52,157 [Command processor thread] INFO  ratis.XceiverServerRatis (XceiverServerRatis.java:addGroup(807)) - Created group PipelineID=e6d658eb-257b-4ca2-9b6d-1cc7a4feeb72
2023-03-15 05:43:52,157 [pool-97-thread-1] INFO  ratis.ContainerStateMachine (ContainerStateMachine.java:loadSnapshot(262)) - group-1CC7A4FEEB72: The snapshot info is null. Setting the last applied indexto:(t:0, i:~)
2023-03-15 05:43:52,160 [pool-97-thread-1] INFO  server.RaftServerConfigKeys (ConfUtils.java:logGet(46)) - raft.server.log.use.memory = false (default)
2023-03-15 05:43:52,161 [pool-97-thread-1] INFO  server.RaftServerConfigKeys (ConfUtils.java:logGet(46)) - raft.server.log.purge.gap = 1000000 (custom)
2023-03-15 05:43:52,161 [pool-97-thread-1] INFO  server.RaftServerConfigKeys (ConfUtils.java:logGet(46)) - raft.server.log.appender.buffer.byte-limit = 33554432 (custom)
2023-03-15 05:43:52,161 [pool-97-thread-1] INFO  server.RaftServerConfigKeys (ConfUtils.java:logGet(46)) - raft.server.log.statemachine.data.read.timeout = 1000ms (default)
2023-03-15 05:43:52,161 [pool-97-thread-1] INFO  server.RaftServerConfigKeys (ConfUtils.java:logGet(46)) - raft.server.log.purge.preservation.log.num = 0 (default)
2023-03-15 05:43:52,161 [pool-97-thread-1] INFO  server.RaftServerConfigKeys (ConfUtils.java:logGet(46)) - raft.server.log.segment.size.max = 1048576 (custom)
2023-03-15 05:43:52,161 [pool-97-thread-1] INFO  server.RaftServerConfigKeys (ConfUtils.java:logGet(46)) - raft.server.log.segment.cache.num.max = 2 (custom)
2023-03-15 05:43:52,161 [pool-97-thread-1] INFO  server.RaftServerConfigKeys (ConfUtils.java:logGet(46)) - raft.server.log.segment.cache.size.max = 200MB (=209715200) (default)
2023-03-15 05:43:52,161 [pool-97-thread-1] INFO  segmented.SegmentedRaftLogWorker (SegmentedRaftLogWorker.java:<init>(189)) - new a88b317b-310e-4f91-ab19-5adcbba379a7@group-1CC7A4FEEB72-SegmentedRaftLogWorker for RaftStorageImpl:Storage Directory /home/runner/work/ozone/ozone/hadoop-ozone/integration-test/target/test-dir/MiniOzoneClusterImpl-257c5be2-ab76-4353-a1eb-ea8c6614f538/datanode-1/data/ratis/e6d658eb-257b-4ca2-9b6d-1cc7a4feeb72
2023-03-15 05:43:52,161 [pool-97-thread-1] INFO  server.RaftServerConfigKeys (ConfUtils.java:logGet(46)) - raft.server.log.queue.byte-limit = 4294967296 (custom)
2023-03-15 05:43:52,161 [pool-97-thread-1] INFO  server.RaftServerConfigKeys (ConfUtils.java:logGet(46)) - raft.server.log.queue.element-limit = 1024 (custom)
2023-03-15 05:43:52,161 [pool-97-thread-1] INFO  server.RaftServerConfigKeys (ConfUtils.java:logGet(46)) - raft.server.log.segment.size.max = 1048576 (custom)
2023-03-15 05:43:52,161 [pool-97-thread-1] INFO  server.RaftServerConfigKeys (ConfUtils.java:logGet(46)) - raft.server.log.preallocated.size = 16384 (custom)
2023-03-15 05:43:52,161 [pool-97-thread-1] INFO  server.RaftServerConfigKeys (ConfUtils.java:logGet(46)) - raft.server.log.force.sync.num = 128 (default)
2023-03-15 05:43:52,162 [EventQueue-OpenPipelineForHealthyPipelineSafeModeRule] INFO  safemode.SCMSafeModeManager (HealthyPipelineSafeModeRule.java:process(137)) - SCM in safe mode. Healthy pipelines reported count is 0, required healthy pipeline reported count is 1
2023-03-15 05:43:52,162 [pool-97-thread-1] INFO  server.RaftServerConfigKeys (ConfUtils.java:logGet(46)) - raft.server.log.statemachine.data.sync = true (default)
2023-03-15 05:43:52,162 [pool-97-thread-1] INFO  server.RaftServerConfigKeys (ConfUtils.java:logGet(46)) - raft.server.log.statemachine.data.sync.timeout = 10s (default)
2023-03-15 05:43:52,162 [pool-97-thread-1] INFO  server.RaftServerConfigKeys (ConfUtils.java:logGet(46)) - raft.server.log.statemachine.data.sync.timeout.retry = -1 (default)
2023-03-15 05:43:52,162 [pool-97-thread-1] INFO  server.RaftServerConfigKeys (ConfUtils.java:logGet(46)) - raft.server.log.write.buffer.size = 1048576 (custom)
2023-03-15 05:43:52,164 [pool-97-thread-1] INFO  server.RaftServerConfigKeys (ConfUtils.java:logGet(46)) - raft.server.log.appender.buffer.byte-limit = 33554432 (custom)
2023-03-15 05:43:52,175 [pool-97-thread-1] INFO  server.RaftServerConfigKeys (ConfUtils.java:logGet(46)) - raft.server.log.unsafe-flush.enabled = false (default)
2023-03-15 05:43:52,175 [pool-97-thread-1] INFO  server.RaftServerConfigKeys (ConfUtils.java:logGet(46)) - raft.server.log.async-flush.enabled = false (default)
2023-03-15 05:43:52,175 [pool-97-thread-1] INFO  server.RaftServerConfigKeys (ConfUtils.java:logGet(46)) - raft.server.log.statemachine.data.caching.enabled = true (custom)
2023-03-15 05:43:52,175 [pool-97-thread-1] INFO  segmented.SegmentedRaftLogWorker (SegmentedRaftLogWorker.java:lambda$new$0(135)) - a88b317b-310e-4f91-ab19-5adcbba379a7@group-1CC7A4FEEB72-SegmentedRaftLogWorker: flushIndex: setUnconditionally 0 -> -1
2023-03-15 05:43:52,175 [pool-97-thread-1] INFO  segmented.SegmentedRaftLogWorker (SegmentedRaftLogWorker.java:lambda$new$0(135)) - a88b317b-310e-4f91-ab19-5adcbba379a7@group-1CC7A4FEEB72-SegmentedRaftLogWorker: safeCacheEvictIndex: setUnconditionally 0 -> -1
2023-03-15 05:43:52,178 [pool-97-thread-1] INFO  server.RaftServer$Division (RaftServerImpl.java:start(334)) - a88b317b-310e-4f91-ab19-5adcbba379a7@group-1CC7A4FEEB72: start as a follower, conf=-1: peers:[a88b317b-310e-4f91-ab19-5adcbba379a7|rpc:10.1.0.18:39225|dataStream:10.1.0.18:43727|priority:0|startupRole:FOLLOWER, 93bbdb4e-ae1d-4286-84a2-0f7fae60ad59|rpc:10.1.0.18:43933|dataStream:10.1.0.18:42381|priority:1|startupRole:FOLLOWER, 749a2a4e-326e-405d-8b3d-6482ea274e37|rpc:10.1.0.18:40203|dataStream:10.1.0.18:44725|priority:0|startupRole:FOLLOWER]|listeners:[], old=null
2023-03-15 05:43:52,179 [pool-97-thread-1] INFO  server.RaftServer$Division (RaftServerImpl.java:setRole(321)) - a88b317b-310e-4f91-ab19-5adcbba379a7@group-1CC7A4FEEB72: changes role from      null to FOLLOWER at term 0 for startAsFollower
2023-03-15 05:43:52,179 [pool-97-thread-1] INFO  impl.RoleInfo (RoleInfo.java:updateAndGet(139)) - a88b317b-310e-4f91-ab19-5adcbba379a7: start a88b317b-310e-4f91-ab19-5adcbba379a7@group-1CC7A4FEEB72-FollowerState
2023-03-15 05:43:52,182 [pool-97-thread-1] INFO  util.JmxRegister (JmxRegister.java:tryRegister(44)) - Successfully registered JMX Bean with object name Ratis:service=RaftServer,group=group-1CC7A4FEEB72,id=a88b317b-310e-4f91-ab19-5adcbba379a7
2023-03-15 05:43:52,182 [pool-97-thread-1] INFO  server.RaftServerConfigKeys (ConfUtils.java:logGet(46)) - raft.server.snapshot.auto.trigger.enabled = true (custom)
2023-03-15 05:43:52,182 [pool-97-thread-1] INFO  server.RaftServerConfigKeys (ConfUtils.java:logGet(46)) - raft.server.snapshot.auto.trigger.threshold = 10000 (custom)
2023-03-15 05:43:52,182 [pool-97-thread-1] INFO  server.RaftServerConfigKeys (ConfUtils.java:logGet(46)) - raft.server.snapshot.retention.file.num = 5 (custom)
2023-03-15 05:43:52,182 [pool-97-thread-1] INFO  server.RaftServerConfigKeys (ConfUtils.java:logGet(46)) - raft.server.log.purge.upto.snapshot.index = false (default)
2023-03-15 05:43:52,183 [a88b317b-310e-4f91-ab19-5adcbba379a7@group-1CC7A4FEEB72-FollowerState] INFO  server.RaftServerConfigKeys (ConfUtils.java:logFallback(53)) - raft.server.rpc.first-election.timeout.min = 5s (fallback to raft.server.rpc.timeout.min)
2023-03-15 05:43:52,184 [Command processor thread] INFO  ratis.XceiverServerRatis (XceiverServerRatis.java:addGroup(807)) - Created group PipelineID=e6d658eb-257b-4ca2-9b6d-1cc7a4feeb72
2023-03-15 05:43:52,194 [a88b317b-310e-4f91-ab19-5adcbba379a7@group-1CC7A4FEEB72-FollowerState] INFO  server.RaftServerConfigKeys (ConfUtils.java:logFallback(53)) - raft.server.rpc.first-election.timeout.max = 5200ms (fallback to raft.server.rpc.timeout.max)
2023-03-15 05:43:52,258 [grpc-default-executor-0] INFO  server.RaftServer (RaftServerProxy.java:addNew(96)) - 93bbdb4e-ae1d-4286-84a2-0f7fae60ad59: addNew group-1CC7A4FEEB72:[a88b317b-310e-4f91-ab19-5adcbba379a7|rpc:10.1.0.18:39225|dataStream:10.1.0.18:43727|priority:0|startupRole:FOLLOWER, 93bbdb4e-ae1d-4286-84a2-0f7fae60ad59|rpc:10.1.0.18:43933|dataStream:10.1.0.18:42381|priority:1|startupRole:FOLLOWER, 749a2a4e-326e-405d-8b3d-6482ea274e37|rpc:10.1.0.18:40203|dataStream:10.1.0.18:44725|priority:0|startupRole:FOLLOWER] returns group-1CC7A4FEEB72:java.util.concurrent.CompletableFuture@318d856d[Not completed]
2023-03-15 05:43:52,259 [pool-119-thread-1] INFO  server.RaftServer$Division (RaftServerImpl.java:<init>(195)) - 93bbdb4e-ae1d-4286-84a2-0f7fae60ad59: new RaftServerImpl for group-1CC7A4FEEB72:[a88b317b-310e-4f91-ab19-5adcbba379a7|rpc:10.1.0.18:39225|dataStream:10.1.0.18:43727|priority:0|startupRole:FOLLOWER, 93bbdb4e-ae1d-4286-84a2-0f7fae60ad59|rpc:10.1.0.18:43933|dataStream:10.1.0.18:42381|priority:1|startupRole:FOLLOWER, 749a2a4e-326e-405d-8b3d-6482ea274e37|rpc:10.1.0.18:40203|dataStream:10.1.0.18:44725|priority:0|startupRole:FOLLOWER] with ContainerStateMachine:uninitialized
2023-03-15 05:43:52,259 [pool-119-thread-1] INFO  server.RaftServerConfigKeys (ConfUtils.java:logGet(46)) - raft.server.rpc.timeout.min = 5s (custom)
2023-03-15 05:43:52,260 [pool-119-thread-1] INFO  server.RaftServerConfigKeys (ConfUtils.java:logGet(46)) - raft.server.rpc.timeout.max = 5200ms (custom)
2023-03-15 05:43:52,260 [pool-119-thread-1] INFO  server.RaftServerConfigKeys (ConfUtils.java:logGet(46)) - raft.server.rpc.sleep.time = 25ms (default)
2023-03-15 05:43:52,260 [pool-119-thread-1] INFO  server.RaftServerConfigKeys (ConfUtils.java:logGet(46)) - raft.server.rpc.slowness.timeout = 300s (custom)
2023-03-15 05:43:52,260 [pool-119-thread-1] INFO  server.RaftServerConfigKeys (ConfUtils.java:logGet(46)) - raft.server.leaderelection.leader.step-down.wait-time = 10s (default)
2023-03-15 05:43:52,260 [pool-119-thread-1] INFO  server.RaftServerConfigKeys (ConfUtils.java:logGet(46)) - raft.server.sleep.deviation.threshold = 300ms (default)
2023-03-15 05:43:52,260 [pool-119-thread-1] INFO  server.RaftServer$Division (ServerState.java:<init>(118)) - 93bbdb4e-ae1d-4286-84a2-0f7fae60ad59@group-1CC7A4FEEB72: ConfigurationManager, init=-1: peers:[a88b317b-310e-4f91-ab19-5adcbba379a7|rpc:10.1.0.18:39225|dataStream:10.1.0.18:43727|priority:0|startupRole:FOLLOWER, 93bbdb4e-ae1d-4286-84a2-0f7fae60ad59|rpc:10.1.0.18:43933|dataStream:10.1.0.18:42381|priority:1|startupRole:FOLLOWER, 749a2a4e-326e-405d-8b3d-6482ea274e37|rpc:10.1.0.18:40203|dataStream:10.1.0.18:44725|priority:0|startupRole:FOLLOWER]|listeners:[], old=null, confs=<EMPTY_MAP>
2023-03-15 05:43:52,260 [pool-119-thread-1] INFO  server.RaftServerConfigKeys (ConfUtils.java:logGet(46)) - raft.server.storage.dir = [/home/runner/work/ozone/ozone/hadoop-ozone/integration-test/target/test-dir/MiniOzoneClusterImpl-257c5be2-ab76-4353-a1eb-ea8c6614f538/datanode-2/data/ratis] (custom)
2023-03-15 05:43:52,260 [pool-119-thread-1] INFO  server.RaftServerConfigKeys (ConfUtils.java:logGet(46)) - raft.server.log.corruption.policy = EXCEPTION (default)
2023-03-15 05:43:52,260 [pool-119-thread-1] INFO  server.RaftServerConfigKeys (ConfUtils.java:logGet(46)) - raft.server.storage.free-space.min = 0MB (=0) (default)
2023-03-15 05:43:52,260 [pool-119-thread-1] INFO  server.RaftServerConfigKeys (ConfUtils.java:logGet(46)) - raft.server.notification.no-leader.timeout = 300s (custom)
2023-03-15 05:43:52,260 [pool-119-thread-1] INFO  server.RaftServerConfigKeys (ConfUtils.java:logGet(46)) - raft.server.retrycache.expirytime = 600000ms (custom)
2023-03-15 05:43:52,260 [pool-119-thread-1] INFO  server.RaftServerConfigKeys (ConfUtils.java:logGet(46)) - raft.server.retrycache.statistics.expirytime = 100μs (default)
2023-03-15 05:43:52,261 [pool-119-thread-1] INFO  server.RaftServerConfigKeys (ConfUtils.java:logGet(46)) - raft.server.log.appender.install.snapshot.enabled = false (custom)
2023-03-15 05:43:52,261 [pool-119-thread-1] INFO  server.RaftServerConfigKeys (ConfUtils.java:logGet(46)) - raft.server.threadpool.server.cached = true (default)
2023-03-15 05:43:52,261 [pool-119-thread-1] INFO  server.RaftServerConfigKeys (ConfUtils.java:logGet(46)) - raft.server.threadpool.server.size = 0 (default)
2023-03-15 05:43:52,261 [pool-119-thread-1] INFO  server.RaftServerConfigKeys (ConfUtils.java:logGet(46)) - raft.server.threadpool.client.cached = true (default)
2023-03-15 05:43:52,261 [pool-119-thread-1] INFO  server.RaftServerConfigKeys (ConfUtils.java:logGet(46)) - raft.server.threadpool.client.size = 0 (default)
2023-03-15 05:43:52,261 [pool-119-thread-1] INFO  storage.RaftStorageDirectory (RaftStorageDirectoryImpl.java:analyzeStorage(137)) - The storage directory /home/runner/work/ozone/ozone/hadoop-ozone/integration-test/target/test-dir/MiniOzoneClusterImpl-257c5be2-ab76-4353-a1eb-ea8c6614f538/datanode-2/data/ratis/e6d658eb-257b-4ca2-9b6d-1cc7a4feeb72 does not exist. Creating ...
2023-03-15 05:43:52,263 [pool-119-thread-1] INFO  storage.RaftStorageDirectory (RaftStorageDirectoryImpl.java:tryLock(231)) - Lock on /home/runner/work/ozone/ozone/hadoop-ozone/integration-test/target/test-dir/MiniOzoneClusterImpl-257c5be2-ab76-4353-a1eb-ea8c6614f538/datanode-2/data/ratis/e6d658eb-257b-4ca2-9b6d-1cc7a4feeb72/in_use.lock acquired by nodename 67552@fv-az390-885
2023-03-15 05:43:52,265 [pool-119-thread-1] INFO  storage.RaftStorage (RaftStorageImpl.java:format(96)) - Storage directory /home/runner/work/ozone/ozone/hadoop-ozone/integration-test/target/test-dir/MiniOzoneClusterImpl-257c5be2-ab76-4353-a1eb-ea8c6614f538/datanode-2/data/ratis/e6d658eb-257b-4ca2-9b6d-1cc7a4feeb72 has been successfully formatted.
2023-03-15 05:43:52,266 [pool-119-thread-1] INFO  ratis.ContainerStateMachine (ContainerStateMachine.java:loadSnapshot(262)) - group-1CC7A4FEEB72: The snapshot info is null. Setting the last applied indexto:(t:0, i:~)
2023-03-15 05:43:52,266 [pool-119-thread-1] INFO  server.RaftServerConfigKeys (ConfUtils.java:logGet(46)) - raft.server.log.use.memory = false (default)
2023-03-15 05:43:52,266 [pool-119-thread-1] INFO  server.RaftServerConfigKeys (ConfUtils.java:logGet(46)) - raft.server.log.purge.gap = 1000000 (custom)
2023-03-15 05:43:52,266 [pool-119-thread-1] INFO  server.RaftServerConfigKeys (ConfUtils.java:logGet(46)) - raft.server.log.appender.buffer.byte-limit = 33554432 (custom)
2023-03-15 05:43:52,266 [pool-119-thread-1] INFO  server.RaftServerConfigKeys (ConfUtils.java:logGet(46)) - raft.server.log.statemachine.data.read.timeout = 1000ms (default)
2023-03-15 05:43:52,267 [pool-119-thread-1] INFO  server.RaftServerConfigKeys (ConfUtils.java:logGet(46)) - raft.server.log.purge.preservation.log.num = 0 (default)
2023-03-15 05:43:52,268 [pool-119-thread-1] INFO  server.RaftServerConfigKeys (ConfUtils.java:logGet(46)) - raft.server.log.segment.size.max = 1048576 (custom)
2023-03-15 05:43:52,269 [pool-119-thread-1] INFO  server.RaftServerConfigKeys (ConfUtils.java:logGet(46)) - raft.server.log.segment.cache.num.max = 2 (custom)
2023-03-15 05:43:52,271 [Command processor thread] INFO  commandhandler.CreatePipelineCommandHandler (CreatePipelineCommandHandler.java:handle(113)) - Created Pipeline RATIS THREE PipelineID=e6d658eb-257b-4ca2-9b6d-1cc7a4feeb72.
2023-03-15 05:43:52,276 [pool-119-thread-1] INFO  server.RaftServerConfigKeys (ConfUtils.java:logGet(46)) - raft.server.log.segment.cache.size.max = 200MB (=209715200) (default)
2023-03-15 05:43:52,285 [pool-119-thread-1] INFO  segmented.SegmentedRaftLogWorker (SegmentedRaftLogWorker.java:<init>(189)) - new 93bbdb4e-ae1d-4286-84a2-0f7fae60ad59@group-1CC7A4FEEB72-SegmentedRaftLogWorker for RaftStorageImpl:Storage Directory /home/runner/work/ozone/ozone/hadoop-ozone/integration-test/target/test-dir/MiniOzoneClusterImpl-257c5be2-ab76-4353-a1eb-ea8c6614f538/datanode-2/data/ratis/e6d658eb-257b-4ca2-9b6d-1cc7a4feeb72
2023-03-15 05:43:52,285 [pool-119-thread-1] INFO  server.RaftServerConfigKeys (ConfUtils.java:logGet(46)) - raft.server.log.queue.byte-limit = 4294967296 (custom)
2023-03-15 05:43:52,285 [pool-119-thread-1] INFO  server.RaftServerConfigKeys (ConfUtils.java:logGet(46)) - raft.server.log.queue.element-limit = 1024 (custom)
2023-03-15 05:43:52,285 [pool-119-thread-1] INFO  server.RaftServerConfigKeys (ConfUtils.java:logGet(46)) - raft.server.log.segment.size.max = 1048576 (custom)
2023-03-15 05:43:52,285 [pool-119-thread-1] INFO  server.RaftServerConfigKeys (ConfUtils.java:logGet(46)) - raft.server.log.preallocated.size = 16384 (custom)
2023-03-15 05:43:52,285 [pool-119-thread-1] INFO  server.RaftServerConfigKeys (ConfUtils.java:logGet(46)) - raft.server.log.force.sync.num = 128 (default)
2023-03-15 05:43:52,285 [pool-119-thread-1] INFO  server.RaftServerConfigKeys (ConfUtils.java:logGet(46)) - raft.server.log.statemachine.data.sync = true (default)
2023-03-15 05:43:52,285 [pool-119-thread-1] INFO  server.RaftServerConfigKeys (ConfUtils.java:logGet(46)) - raft.server.log.statemachine.data.sync.timeout = 10s (default)
2023-03-15 05:43:52,285 [pool-119-thread-1] INFO  server.RaftServerConfigKeys (ConfUtils.java:logGet(46)) - raft.server.log.statemachine.data.sync.timeout.retry = -1 (default)
2023-03-15 05:43:52,286 [pool-119-thread-1] INFO  server.RaftServerConfigKeys (ConfUtils.java:logGet(46)) - raft.server.log.write.buffer.size = 1048576 (custom)
2023-03-15 05:43:52,286 [pool-119-thread-1] INFO  server.RaftServerConfigKeys (ConfUtils.java:logGet(46)) - raft.server.log.appender.buffer.byte-limit = 33554432 (custom)
2023-03-15 05:43:52,289 [pool-119-thread-1] INFO  server.RaftServerConfigKeys (ConfUtils.java:logGet(46)) - raft.server.log.unsafe-flush.enabled = false (default)
2023-03-15 05:43:52,289 [pool-119-thread-1] INFO  server.RaftServerConfigKeys (ConfUtils.java:logGet(46)) - raft.server.log.async-flush.enabled = false (default)
2023-03-15 05:43:52,289 [pool-119-thread-1] INFO  server.RaftServerConfigKeys (ConfUtils.java:logGet(46)) - raft.server.log.statemachine.data.caching.enabled = true (custom)
2023-03-15 05:43:52,289 [pool-119-thread-1] INFO  segmented.SegmentedRaftLogWorker (SegmentedRaftLogWorker.java:lambda$new$0(135)) - 93bbdb4e-ae1d-4286-84a2-0f7fae60ad59@group-1CC7A4FEEB72-SegmentedRaftLogWorker: flushIndex: setUnconditionally 0 -> -1
2023-03-15 05:43:52,289 [pool-119-thread-1] INFO  segmented.SegmentedRaftLogWorker (SegmentedRaftLogWorker.java:lambda$new$0(135)) - 93bbdb4e-ae1d-4286-84a2-0f7fae60ad59@group-1CC7A4FEEB72-SegmentedRaftLogWorker: safeCacheEvictIndex: setUnconditionally 0 -> -1
2023-03-15 05:43:52,293 [pool-119-thread-1] INFO  server.RaftServer$Division (RaftServerImpl.java:start(334)) - 93bbdb4e-ae1d-4286-84a2-0f7fae60ad59@group-1CC7A4FEEB72: start as a follower, conf=-1: peers:[a88b317b-310e-4f91-ab19-5adcbba379a7|rpc:10.1.0.18:39225|dataStream:10.1.0.18:43727|priority:0|startupRole:FOLLOWER, 93bbdb4e-ae1d-4286-84a2-0f7fae60ad59|rpc:10.1.0.18:43933|dataStream:10.1.0.18:42381|priority:1|startupRole:FOLLOWER, 749a2a4e-326e-405d-8b3d-6482ea274e37|rpc:10.1.0.18:40203|dataStream:10.1.0.18:44725|priority:0|startupRole:FOLLOWER]|listeners:[], old=null
2023-03-15 05:43:52,293 [pool-119-thread-1] INFO  server.RaftServer$Division (RaftServerImpl.java:setRole(321)) - 93bbdb4e-ae1d-4286-84a2-0f7fae60ad59@group-1CC7A4FEEB72: changes role from      null to FOLLOWER at term 0 for startAsFollower
2023-03-15 05:43:52,294 [pool-119-thread-1] INFO  impl.RoleInfo (RoleInfo.java:updateAndGet(139)) - 93bbdb4e-ae1d-4286-84a2-0f7fae60ad59: start 93bbdb4e-ae1d-4286-84a2-0f7fae60ad59@group-1CC7A4FEEB72-FollowerState
2023-03-15 05:43:52,295 [93bbdb4e-ae1d-4286-84a2-0f7fae60ad59@group-1CC7A4FEEB72-FollowerState] INFO  server.RaftServerConfigKeys (ConfUtils.java:logFallback(53)) - raft.server.rpc.first-election.timeout.min = 5s (fallback to raft.server.rpc.timeout.min)
2023-03-15 05:43:52,296 [93bbdb4e-ae1d-4286-84a2-0f7fae60ad59@group-1CC7A4FEEB72-FollowerState] INFO  server.RaftServerConfigKeys (ConfUtils.java:logFallback(53)) - raft.server.rpc.first-election.timeout.max = 5200ms (fallback to raft.server.rpc.timeout.max)
2023-03-15 05:43:52,296 [pool-119-thread-1] INFO  util.JmxRegister (JmxRegister.java:tryRegister(44)) - Successfully registered JMX Bean with object name Ratis:service=RaftServer,group=group-1CC7A4FEEB72,id=93bbdb4e-ae1d-4286-84a2-0f7fae60ad59
2023-03-15 05:43:52,296 [pool-119-thread-1] INFO  server.RaftServerConfigKeys (ConfUtils.java:logGet(46)) - raft.server.snapshot.auto.trigger.enabled = true (custom)
2023-03-15 05:43:52,296 [pool-119-thread-1] INFO  server.RaftServerConfigKeys (ConfUtils.java:logGet(46)) - raft.server.snapshot.auto.trigger.threshold = 10000 (custom)
2023-03-15 05:43:52,296 [pool-119-thread-1] INFO  server.RaftServerConfigKeys (ConfUtils.java:logGet(46)) - raft.server.snapshot.retention.file.num = 5 (custom)
2023-03-15 05:43:52,296 [pool-119-thread-1] INFO  server.RaftServerConfigKeys (ConfUtils.java:logGet(46)) - raft.server.log.purge.upto.snapshot.index = false (default)
2023-03-15 05:43:52,307 [Command processor thread] INFO  commandhandler.CreatePipelineCommandHandler (CreatePipelineCommandHandler.java:handle(113)) - Created Pipeline RATIS THREE PipelineID=e6d658eb-257b-4ca2-9b6d-1cc7a4feeb72.
2023-03-15 05:43:52,330 [Command processor thread] INFO  server.RaftServer (RaftServerProxy.java:addNew(96)) - 93bbdb4e-ae1d-4286-84a2-0f7fae60ad59: addNew group-551C3F717DDD:[93bbdb4e-ae1d-4286-84a2-0f7fae60ad59|rpc:10.1.0.18:43933|dataStream:10.1.0.18:42381|priority:1|startupRole:FOLLOWER] returns group-551C3F717DDD:java.util.concurrent.CompletableFuture@2d1328a2[Not completed]
2023-03-15 05:43:52,331 [pool-119-thread-1] INFO  server.RaftServer$Division (RaftServerImpl.java:<init>(195)) - 93bbdb4e-ae1d-4286-84a2-0f7fae60ad59: new RaftServerImpl for group-551C3F717DDD:[93bbdb4e-ae1d-4286-84a2-0f7fae60ad59|rpc:10.1.0.18:43933|dataStream:10.1.0.18:42381|priority:1|startupRole:FOLLOWER] with ContainerStateMachine:uninitialized
2023-03-15 05:43:52,331 [pool-119-thread-1] INFO  server.RaftServerConfigKeys (ConfUtils.java:logGet(46)) - raft.server.rpc.timeout.min = 5s (custom)
2023-03-15 05:43:52,331 [pool-119-thread-1] INFO  server.RaftServerConfigKeys (ConfUtils.java:logGet(46)) - raft.server.rpc.timeout.max = 5200ms (custom)
2023-03-15 05:43:52,331 [pool-119-thread-1] INFO  server.RaftServerConfigKeys (ConfUtils.java:logGet(46)) - raft.server.rpc.sleep.time = 25ms (default)
2023-03-15 05:43:52,331 [pool-119-thread-1] INFO  server.RaftServerConfigKeys (ConfUtils.java:logGet(46)) - raft.server.rpc.slowness.timeout = 300s (custom)
2023-03-15 05:43:52,331 [pool-119-thread-1] INFO  server.RaftServerConfigKeys (ConfUtils.java:logGet(46)) - raft.server.leaderelection.leader.step-down.wait-time = 10s (default)
2023-03-15 05:43:52,331 [pool-119-thread-1] INFO  server.RaftServerConfigKeys (ConfUtils.java:logGet(46)) - raft.server.sleep.deviation.threshold = 300ms (default)
2023-03-15 05:43:52,331 [pool-119-thread-1] INFO  server.RaftServer$Division (ServerState.java:<init>(118)) - 93bbdb4e-ae1d-4286-84a2-0f7fae60ad59@group-551C3F717DDD: ConfigurationManager, init=-1: peers:[93bbdb4e-ae1d-4286-84a2-0f7fae60ad59|rpc:10.1.0.18:43933|dataStream:10.1.0.18:42381|priority:1|startupRole:FOLLOWER]|listeners:[], old=null, confs=<EMPTY_MAP>
2023-03-15 05:43:52,331 [pool-119-thread-1] INFO  server.RaftServerConfigKeys (ConfUtils.java:logGet(46)) - raft.server.storage.dir = [/home/runner/work/ozone/ozone/hadoop-ozone/integration-test/target/test-dir/MiniOzoneClusterImpl-257c5be2-ab76-4353-a1eb-ea8c6614f538/datanode-2/data/ratis] (custom)
2023-03-15 05:43:52,332 [pool-119-thread-1] INFO  server.RaftServerConfigKeys (ConfUtils.java:logGet(46)) - raft.server.log.corruption.policy = EXCEPTION (default)
2023-03-15 05:43:52,332 [pool-119-thread-1] INFO  server.RaftServerConfigKeys (ConfUtils.java:logGet(46)) - raft.server.storage.free-space.min = 0MB (=0) (default)
2023-03-15 05:43:52,332 [pool-119-thread-1] INFO  server.RaftServerConfigKeys (ConfUtils.java:logGet(46)) - raft.server.notification.no-leader.timeout = 300s (custom)
2023-03-15 05:43:52,332 [pool-119-thread-1] INFO  server.RaftServerConfigKeys (ConfUtils.java:logGet(46)) - raft.server.retrycache.expirytime = 600000ms (custom)
2023-03-15 05:43:52,332 [pool-119-thread-1] INFO  server.RaftServerConfigKeys (ConfUtils.java:logGet(46)) - raft.server.retrycache.statistics.expirytime = 100μs (default)
2023-03-15 05:43:52,333 [pool-119-thread-1] INFO  server.RaftServerConfigKeys (ConfUtils.java:logGet(46)) - raft.server.log.appender.install.snapshot.enabled = false (custom)
2023-03-15 05:43:52,333 [pool-119-thread-1] INFO  server.RaftServerConfigKeys (ConfUtils.java:logGet(46)) - raft.server.threadpool.server.cached = true (default)
2023-03-15 05:43:52,333 [pool-119-thread-1] INFO  server.RaftServerConfigKeys (ConfUtils.java:logGet(46)) - raft.server.threadpool.server.size = 0 (default)
2023-03-15 05:43:52,333 [pool-119-thread-1] INFO  server.RaftServerConfigKeys (ConfUtils.java:logGet(46)) - raft.server.threadpool.client.cached = true (default)
2023-03-15 05:43:52,333 [pool-119-thread-1] INFO  server.RaftServerConfigKeys (ConfUtils.java:logGet(46)) - raft.server.threadpool.client.size = 0 (default)
2023-03-15 05:43:52,333 [pool-119-thread-1] INFO  storage.RaftStorageDirectory (RaftStorageDirectoryImpl.java:analyzeStorage(137)) - The storage directory /home/runner/work/ozone/ozone/hadoop-ozone/integration-test/target/test-dir/MiniOzoneClusterImpl-257c5be2-ab76-4353-a1eb-ea8c6614f538/datanode-2/data/ratis/db5c58c0-0e7a-4374-b52b-551c3f717ddd does not exist. Creating ...
2023-03-15 05:43:52,334 [pool-119-thread-1] INFO  storage.RaftStorageDirectory (RaftStorageDirectoryImpl.java:tryLock(231)) - Lock on /home/runner/work/ozone/ozone/hadoop-ozone/integration-test/target/test-dir/MiniOzoneClusterImpl-257c5be2-ab76-4353-a1eb-ea8c6614f538/datanode-2/data/ratis/db5c58c0-0e7a-4374-b52b-551c3f717ddd/in_use.lock acquired by nodename 67552@fv-az390-885
2023-03-15 05:43:52,335 [pool-119-thread-1] INFO  storage.RaftStorage (RaftStorageImpl.java:format(96)) - Storage directory /home/runner/work/ozone/ozone/hadoop-ozone/integration-test/target/test-dir/MiniOzoneClusterImpl-257c5be2-ab76-4353-a1eb-ea8c6614f538/datanode-2/data/ratis/db5c58c0-0e7a-4374-b52b-551c3f717ddd has been successfully formatted.
2023-03-15 05:43:52,336 [pool-119-thread-1] INFO  ratis.ContainerStateMachine (ContainerStateMachine.java:loadSnapshot(262)) - group-551C3F717DDD: The snapshot info is null. Setting the last applied indexto:(t:0, i:~)
2023-03-15 05:43:52,337 [pool-119-thread-1] INFO  server.RaftServerConfigKeys (ConfUtils.java:logGet(46)) - raft.server.log.use.memory = false (default)
2023-03-15 05:43:52,337 [pool-119-thread-1] INFO  server.RaftServerConfigKeys (ConfUtils.java:logGet(46)) - raft.server.log.purge.gap = 1000000 (custom)
2023-03-15 05:43:52,337 [pool-119-thread-1] INFO  server.RaftServerConfigKeys (ConfUtils.java:logGet(46)) - raft.server.log.appender.buffer.byte-limit = 33554432 (custom)
2023-03-15 05:43:52,337 [pool-119-thread-1] INFO  server.RaftServerConfigKeys (ConfUtils.java:logGet(46)) - raft.server.log.statemachine.data.read.timeout = 1000ms (default)
2023-03-15 05:43:52,337 [pool-119-thread-1] INFO  server.RaftServerConfigKeys (ConfUtils.java:logGet(46)) - raft.server.log.purge.preservation.log.num = 0 (default)
2023-03-15 05:43:52,338 [pool-119-thread-1] INFO  server.RaftServerConfigKeys (ConfUtils.java:logGet(46)) - raft.server.log.segment.size.max = 1048576 (custom)
2023-03-15 05:43:52,338 [pool-119-thread-1] INFO  server.RaftServerConfigKeys (ConfUtils.java:logGet(46)) - raft.server.log.segment.cache.num.max = 2 (custom)
2023-03-15 05:43:52,338 [pool-119-thread-1] INFO  server.RaftServerConfigKeys (ConfUtils.java:logGet(46)) - raft.server.log.segment.cache.size.max = 200MB (=209715200) (default)
2023-03-15 05:43:52,338 [pool-119-thread-1] INFO  segmented.SegmentedRaftLogWorker (SegmentedRaftLogWorker.java:<init>(189)) - new 93bbdb4e-ae1d-4286-84a2-0f7fae60ad59@group-551C3F717DDD-SegmentedRaftLogWorker for RaftStorageImpl:Storage Directory /home/runner/work/ozone/ozone/hadoop-ozone/integration-test/target/test-dir/MiniOzoneClusterImpl-257c5be2-ab76-4353-a1eb-ea8c6614f538/datanode-2/data/ratis/db5c58c0-0e7a-4374-b52b-551c3f717ddd
2023-03-15 05:43:52,338 [pool-119-thread-1] INFO  server.RaftServerConfigKeys (ConfUtils.java:logGet(46)) - raft.server.log.queue.byte-limit = 4294967296 (custom)
2023-03-15 05:43:52,338 [pool-119-thread-1] INFO  server.RaftServerConfigKeys (ConfUtils.java:logGet(46)) - raft.server.log.queue.element-limit = 1024 (custom)
2023-03-15 05:43:52,338 [pool-119-thread-1] INFO  server.RaftServerConfigKeys (ConfUtils.java:logGet(46)) - raft.server.log.segment.size.max = 1048576 (custom)
2023-03-15 05:43:52,338 [EventQueue-PipelineReportForPipelineReportHandler] INFO  pipeline.PipelineManagerImpl (PipelineManagerImpl.java:openPipeline(367)) - Pipeline Pipeline[ Id: db5c58c0-0e7a-4374-b52b-551c3f717ddd, Nodes: 93bbdb4e-ae1d-4286-84a2-0f7fae60ad59(fv-az390-885.2udvygdcjcjuphbbpa4zxtqymb.gx.internal.cloudapp.net/10.1.0.18), ReplicationConfig: RATIS/ONE, State:ALLOCATED, leaderId:93bbdb4e-ae1d-4286-84a2-0f7fae60ad59, CreationTimestamp2023-03-15T05:43:49.334Z[Etc/UTC]] moved to OPEN state
2023-03-15 05:43:52,339 [EventQueue-OpenPipelineForHealthyPipelineSafeModeRule] INFO  safemode.SCMSafeModeManager (HealthyPipelineSafeModeRule.java:process(137)) - SCM in safe mode. Healthy pipelines reported count is 0, required healthy pipeline reported count is 1
2023-03-15 05:43:52,338 [pool-119-thread-1] INFO  server.RaftServerConfigKeys (ConfUtils.java:logGet(46)) - raft.server.log.preallocated.size = 16384 (custom)
2023-03-15 05:43:52,339 [pool-119-thread-1] INFO  server.RaftServerConfigKeys (ConfUtils.java:logGet(46)) - raft.server.log.force.sync.num = 128 (default)
2023-03-15 05:43:52,339 [pool-119-thread-1] INFO  server.RaftServerConfigKeys (ConfUtils.java:logGet(46)) - raft.server.log.statemachine.data.sync = true (default)
2023-03-15 05:43:52,339 [pool-119-thread-1] INFO  server.RaftServerConfigKeys (ConfUtils.java:logGet(46)) - raft.server.log.statemachine.data.sync.timeout = 10s (default)
2023-03-15 05:43:52,339 [pool-119-thread-1] INFO  server.RaftServerConfigKeys (ConfUtils.java:logGet(46)) - raft.server.log.statemachine.data.sync.timeout.retry = -1 (default)
2023-03-15 05:43:52,340 [pool-119-thread-1] INFO  server.RaftServerConfigKeys (ConfUtils.java:logGet(46)) - raft.server.log.write.buffer.size = 1048576 (custom)
2023-03-15 05:43:52,340 [pool-119-thread-1] INFO  server.RaftServerConfigKeys (ConfUtils.java:logGet(46)) - raft.server.log.appender.buffer.byte-limit = 33554432 (custom)
2023-03-15 05:43:52,345 [pool-119-thread-1] INFO  server.RaftServerConfigKeys (ConfUtils.java:logGet(46)) - raft.server.log.unsafe-flush.enabled = false (default)
2023-03-15 05:43:52,345 [pool-119-thread-1] INFO  server.RaftServerConfigKeys (ConfUtils.java:logGet(46)) - raft.server.log.async-flush.enabled = false (default)
2023-03-15 05:43:52,345 [pool-119-thread-1] INFO  server.RaftServerConfigKeys (ConfUtils.java:logGet(46)) - raft.server.log.statemachine.data.caching.enabled = true (custom)
2023-03-15 05:43:52,345 [pool-119-thread-1] INFO  segmented.SegmentedRaftLogWorker (SegmentedRaftLogWorker.java:lambda$new$0(135)) - 93bbdb4e-ae1d-4286-84a2-0f7fae60ad59@group-551C3F717DDD-SegmentedRaftLogWorker: flushIndex: setUnconditionally 0 -> -1
2023-03-15 05:43:52,345 [pool-119-thread-1] INFO  segmented.SegmentedRaftLogWorker (SegmentedRaftLogWorker.java:lambda$new$0(135)) - 93bbdb4e-ae1d-4286-84a2-0f7fae60ad59@group-551C3F717DDD-SegmentedRaftLogWorker: safeCacheEvictIndex: setUnconditionally 0 -> -1
2023-03-15 05:43:52,346 [pool-119-thread-1] INFO  server.RaftServer$Division (RaftServerImpl.java:start(334)) - 93bbdb4e-ae1d-4286-84a2-0f7fae60ad59@group-551C3F717DDD: start as a follower, conf=-1: peers:[93bbdb4e-ae1d-4286-84a2-0f7fae60ad59|rpc:10.1.0.18:43933|dataStream:10.1.0.18:42381|priority:1|startupRole:FOLLOWER]|listeners:[], old=null
2023-03-15 05:43:52,346 [pool-119-thread-1] INFO  server.RaftServer$Division (RaftServerImpl.java:setRole(321)) - 93bbdb4e-ae1d-4286-84a2-0f7fae60ad59@group-551C3F717DDD: changes role from      null to FOLLOWER at term 0 for startAsFollower
2023-03-15 05:43:52,346 [pool-119-thread-1] INFO  impl.RoleInfo (RoleInfo.java:updateAndGet(139)) - 93bbdb4e-ae1d-4286-84a2-0f7fae60ad59: start 93bbdb4e-ae1d-4286-84a2-0f7fae60ad59@group-551C3F717DDD-FollowerState
2023-03-15 05:43:52,346 [pool-119-thread-1] INFO  util.JmxRegister (JmxRegister.java:tryRegister(44)) - Successfully registered JMX Bean with object name Ratis:service=RaftServer,group=group-551C3F717DDD,id=93bbdb4e-ae1d-4286-84a2-0f7fae60ad59
2023-03-15 05:43:52,346 [pool-119-thread-1] INFO  server.RaftServerConfigKeys (ConfUtils.java:logGet(46)) - raft.server.snapshot.auto.trigger.enabled = true (custom)
2023-03-15 05:43:52,346 [pool-119-thread-1] INFO  server.RaftServerConfigKeys (ConfUtils.java:logGet(46)) - raft.server.snapshot.auto.trigger.threshold = 10000 (custom)
2023-03-15 05:43:52,348 [pool-119-thread-1] INFO  server.RaftServerConfigKeys (ConfUtils.java:logGet(46)) - raft.server.snapshot.retention.file.num = 5 (custom)
2023-03-15 05:43:52,348 [pool-119-thread-1] INFO  server.RaftServerConfigKeys (ConfUtils.java:logGet(46)) - raft.server.log.purge.upto.snapshot.index = false (default)
2023-03-15 05:43:52,348 [93bbdb4e-ae1d-4286-84a2-0f7fae60ad59@group-551C3F717DDD-FollowerState] INFO  server.RaftServerConfigKeys (ConfUtils.java:logFallback(53)) - raft.server.rpc.first-election.timeout.min = 5s (fallback to raft.server.rpc.timeout.min)
2023-03-15 05:43:52,348 [93bbdb4e-ae1d-4286-84a2-0f7fae60ad59@group-551C3F717DDD-FollowerState] INFO  server.RaftServerConfigKeys (ConfUtils.java:logFallback(53)) - raft.server.rpc.first-election.timeout.max = 5200ms (fallback to raft.server.rpc.timeout.max)
2023-03-15 05:43:52,349 [Command processor thread] INFO  ratis.XceiverServerRatis (XceiverServerRatis.java:addGroup(807)) - Created group PipelineID=db5c58c0-0e7a-4374-b52b-551c3f717ddd
2023-03-15 05:43:52,349 [Command processor thread] INFO  commandhandler.CreatePipelineCommandHandler (CreatePipelineCommandHandler.java:handle(113)) - Created Pipeline RATIS ONE PipelineID=db5c58c0-0e7a-4374-b52b-551c3f717ddd.
2023-03-15 05:43:52,728 [Command processor thread] INFO  server.RaftServer (RaftServerProxy.java:addNew(96)) - fd98b1c5-5b85-4a01-ae78-de2614481a07: addNew group-96AFC994C747:[fd98b1c5-5b85-4a01-ae78-de2614481a07|rpc:10.1.0.18:42461|dataStream:10.1.0.18:45249|priority:1|startupRole:FOLLOWER] returns group-96AFC994C747:java.util.concurrent.CompletableFuture@3e72a881[Not completed]
2023-03-15 05:43:52,730 [pool-141-thread-1] INFO  server.RaftServer$Division (RaftServerImpl.java:<init>(195)) - fd98b1c5-5b85-4a01-ae78-de2614481a07: new RaftServerImpl for group-96AFC994C747:[fd98b1c5-5b85-4a01-ae78-de2614481a07|rpc:10.1.0.18:42461|dataStream:10.1.0.18:45249|priority:1|startupRole:FOLLOWER] with ContainerStateMachine:uninitialized
2023-03-15 05:43:52,730 [pool-141-thread-1] INFO  server.RaftServerConfigKeys (ConfUtils.java:logGet(46)) - raft.server.rpc.timeout.min = 5s (custom)
2023-03-15 05:43:52,731 [pool-141-thread-1] INFO  server.RaftServerConfigKeys (ConfUtils.java:logGet(46)) - raft.server.rpc.timeout.max = 5200ms (custom)
2023-03-15 05:43:52,731 [pool-141-thread-1] INFO  server.RaftServerConfigKeys (ConfUtils.java:logGet(46)) - raft.server.rpc.sleep.time = 25ms (default)
2023-03-15 05:43:52,731 [pool-141-thread-1] INFO  server.RaftServerConfigKeys (ConfUtils.java:logGet(46)) - raft.server.rpc.slowness.timeout = 300s (custom)
2023-03-15 05:43:52,731 [pool-141-thread-1] INFO  server.RaftServerConfigKeys (ConfUtils.java:logGet(46)) - raft.server.leaderelection.leader.step-down.wait-time = 10s (default)
2023-03-15 05:43:52,731 [pool-141-thread-1] INFO  server.RaftServerConfigKeys (ConfUtils.java:logGet(46)) - raft.server.sleep.deviation.threshold = 300ms (default)
2023-03-15 05:43:52,731 [pool-141-thread-1] INFO  server.RaftServer$Division (ServerState.java:<init>(118)) - fd98b1c5-5b85-4a01-ae78-de2614481a07@group-96AFC994C747: ConfigurationManager, init=-1: peers:[fd98b1c5-5b85-4a01-ae78-de2614481a07|rpc:10.1.0.18:42461|dataStream:10.1.0.18:45249|priority:1|startupRole:FOLLOWER]|listeners:[], old=null, confs=<EMPTY_MAP>
2023-03-15 05:43:52,731 [pool-141-thread-1] INFO  server.RaftServerConfigKeys (ConfUtils.java:logGet(46)) - raft.server.storage.dir = [/home/runner/work/ozone/ozone/hadoop-ozone/integration-test/target/test-dir/MiniOzoneClusterImpl-257c5be2-ab76-4353-a1eb-ea8c6614f538/datanode-3/data/ratis] (custom)
2023-03-15 05:43:52,731 [pool-141-thread-1] INFO  server.RaftServerConfigKeys (ConfUtils.java:logGet(46)) - raft.server.log.corruption.policy = EXCEPTION (default)
2023-03-15 05:43:52,731 [pool-141-thread-1] INFO  server.RaftServerConfigKeys (ConfUtils.java:logGet(46)) - raft.server.storage.free-space.min = 0MB (=0) (default)
2023-03-15 05:43:52,731 [pool-141-thread-1] INFO  server.RaftServerConfigKeys (ConfUtils.java:logGet(46)) - raft.server.notification.no-leader.timeout = 300s (custom)
2023-03-15 05:43:52,731 [pool-141-thread-1] INFO  server.RaftServerConfigKeys (ConfUtils.java:logGet(46)) - raft.server.retrycache.expirytime = 600000ms (custom)
2023-03-15 05:43:52,731 [pool-141-thread-1] INFO  server.RaftServerConfigKeys (ConfUtils.java:logGet(46)) - raft.server.retrycache.statistics.expirytime = 100μs (default)
2023-03-15 05:43:52,733 [pool-141-thread-1] INFO  server.RaftServerConfigKeys (ConfUtils.java:logGet(46)) - raft.server.log.appender.install.snapshot.enabled = false (custom)
2023-03-15 05:43:52,733 [pool-141-thread-1] INFO  server.RaftServerConfigKeys (ConfUtils.java:logGet(46)) - raft.server.threadpool.server.cached = true (default)
2023-03-15 05:43:52,733 [pool-141-thread-1] INFO  server.RaftServerConfigKeys (ConfUtils.java:logGet(46)) - raft.server.threadpool.server.size = 0 (default)
2023-03-15 05:43:52,733 [pool-141-thread-1] INFO  server.RaftServerConfigKeys (ConfUtils.java:logGet(46)) - raft.server.threadpool.client.cached = true (default)
2023-03-15 05:43:52,733 [pool-141-thread-1] INFO  server.RaftServerConfigKeys (ConfUtils.java:logGet(46)) - raft.server.threadpool.client.size = 0 (default)
2023-03-15 05:43:52,733 [pool-141-thread-1] INFO  storage.RaftStorageDirectory (RaftStorageDirectoryImpl.java:analyzeStorage(137)) - The storage directory /home/runner/work/ozone/ozone/hadoop-ozone/integration-test/target/test-dir/MiniOzoneClusterImpl-257c5be2-ab76-4353-a1eb-ea8c6614f538/datanode-3/data/ratis/cc4fc719-164a-422f-bd71-96afc994c747 does not exist. Creating ...
2023-03-15 05:43:52,734 [pool-141-thread-1] INFO  storage.RaftStorageDirectory (RaftStorageDirectoryImpl.java:tryLock(231)) - Lock on /home/runner/work/ozone/ozone/hadoop-ozone/integration-test/target/test-dir/MiniOzoneClusterImpl-257c5be2-ab76-4353-a1eb-ea8c6614f538/datanode-3/data/ratis/cc4fc719-164a-422f-bd71-96afc994c747/in_use.lock acquired by nodename 67552@fv-az390-885
2023-03-15 05:43:52,735 [pool-141-thread-1] INFO  storage.RaftStorage (RaftStorageImpl.java:format(96)) - Storage directory /home/runner/work/ozone/ozone/hadoop-ozone/integration-test/target/test-dir/MiniOzoneClusterImpl-257c5be2-ab76-4353-a1eb-ea8c6614f538/datanode-3/data/ratis/cc4fc719-164a-422f-bd71-96afc994c747 has been successfully formatted.
2023-03-15 05:43:52,735 [pool-141-thread-1] INFO  ratis.ContainerStateMachine (ContainerStateMachine.java:loadSnapshot(262)) - group-96AFC994C747: The snapshot info is null. Setting the last applied indexto:(t:0, i:~)
2023-03-15 05:43:52,735 [pool-141-thread-1] INFO  server.RaftServerConfigKeys (ConfUtils.java:logGet(46)) - raft.server.log.use.memory = false (default)
2023-03-15 05:43:52,736 [pool-141-thread-1] INFO  server.RaftServerConfigKeys (ConfUtils.java:logGet(46)) - raft.server.log.purge.gap = 1000000 (custom)
2023-03-15 05:43:52,736 [pool-141-thread-1] INFO  server.RaftServerConfigKeys (ConfUtils.java:logGet(46)) - raft.server.log.appender.buffer.byte-limit = 33554432 (custom)
2023-03-15 05:43:52,736 [pool-141-thread-1] INFO  server.RaftServerConfigKeys (ConfUtils.java:logGet(46)) - raft.server.log.statemachine.data.read.timeout = 1000ms (default)
2023-03-15 05:43:52,736 [pool-141-thread-1] INFO  server.RaftServerConfigKeys (ConfUtils.java:logGet(46)) - raft.server.log.purge.preservation.log.num = 0 (default)
2023-03-15 05:43:52,736 [pool-141-thread-1] INFO  server.RaftServerConfigKeys (ConfUtils.java:logGet(46)) - raft.server.log.segment.size.max = 1048576 (custom)
2023-03-15 05:43:52,737 [EventQueue-PipelineReportForPipelineReportHandler] INFO  pipeline.PipelineManagerImpl (PipelineManagerImpl.java:openPipeline(367)) - Pipeline Pipeline[ Id: cc4fc719-164a-422f-bd71-96afc994c747, Nodes: fd98b1c5-5b85-4a01-ae78-de2614481a07(fv-az390-885.2udvygdcjcjuphbbpa4zxtqymb.gx.internal.cloudapp.net/10.1.0.18), ReplicationConfig: RATIS/ONE, State:ALLOCATED, leaderId:fd98b1c5-5b85-4a01-ae78-de2614481a07, CreationTimestamp2023-03-15T05:43:49.730Z[Etc/UTC]] moved to OPEN state
2023-03-15 05:43:52,737 [pool-141-thread-1] INFO  server.RaftServerConfigKeys (ConfUtils.java:logGet(46)) - raft.server.log.segment.cache.num.max = 2 (custom)
2023-03-15 05:43:52,738 [EventQueue-OpenPipelineForHealthyPipelineSafeModeRule] INFO  safemode.SCMSafeModeManager (HealthyPipelineSafeModeRule.java:process(137)) - SCM in safe mode. Healthy pipelines reported count is 0, required healthy pipeline reported count is 1
2023-03-15 05:43:52,738 [pool-141-thread-1] INFO  server.RaftServerConfigKeys (ConfUtils.java:logGet(46)) - raft.server.log.segment.cache.size.max = 200MB (=209715200) (default)
2023-03-15 05:43:52,738 [pool-141-thread-1] INFO  segmented.SegmentedRaftLogWorker (SegmentedRaftLogWorker.java:<init>(189)) - new fd98b1c5-5b85-4a01-ae78-de2614481a07@group-96AFC994C747-SegmentedRaftLogWorker for RaftStorageImpl:Storage Directory /home/runner/work/ozone/ozone/hadoop-ozone/integration-test/target/test-dir/MiniOzoneClusterImpl-257c5be2-ab76-4353-a1eb-ea8c6614f538/datanode-3/data/ratis/cc4fc719-164a-422f-bd71-96afc994c747
2023-03-15 05:43:52,738 [pool-141-thread-1] INFO  server.RaftServerConfigKeys (ConfUtils.java:logGet(46)) - raft.server.log.queue.byte-limit = 4294967296 (custom)
2023-03-15 05:43:52,738 [pool-141-thread-1] INFO  server.RaftServerConfigKeys (ConfUtils.java:logGet(46)) - raft.server.log.queue.element-limit = 1024 (custom)
2023-03-15 05:43:52,738 [pool-141-thread-1] INFO  server.RaftServerConfigKeys (ConfUtils.java:logGet(46)) - raft.server.log.segment.size.max = 1048576 (custom)
2023-03-15 05:43:52,738 [pool-141-thread-1] INFO  server.RaftServerConfigKeys (ConfUtils.java:logGet(46)) - raft.server.log.preallocated.size = 16384 (custom)
2023-03-15 05:43:52,738 [pool-141-thread-1] INFO  server.RaftServerConfigKeys (ConfUtils.java:logGet(46)) - raft.server.log.force.sync.num = 128 (default)
2023-03-15 05:43:52,738 [pool-141-thread-1] INFO  server.RaftServerConfigKeys (ConfUtils.java:logGet(46)) - raft.server.log.statemachine.data.sync = true (default)
2023-03-15 05:43:52,738 [pool-141-thread-1] INFO  server.RaftServerConfigKeys (ConfUtils.java:logGet(46)) - raft.server.log.statemachine.data.sync.timeout = 10s (default)
2023-03-15 05:43:52,738 [pool-141-thread-1] INFO  server.RaftServerConfigKeys (ConfUtils.java:logGet(46)) - raft.server.log.statemachine.data.sync.timeout.retry = -1 (default)
2023-03-15 05:43:52,739 [pool-141-thread-1] INFO  server.RaftServerConfigKeys (ConfUtils.java:logGet(46)) - raft.server.log.write.buffer.size = 1048576 (custom)
2023-03-15 05:43:52,739 [pool-141-thread-1] INFO  server.RaftServerConfigKeys (ConfUtils.java:logGet(46)) - raft.server.log.appender.buffer.byte-limit = 33554432 (custom)
2023-03-15 05:43:52,742 [pool-141-thread-1] INFO  server.RaftServerConfigKeys (ConfUtils.java:logGet(46)) - raft.server.log.unsafe-flush.enabled = false (default)
2023-03-15 05:43:52,742 [pool-141-thread-1] INFO  server.RaftServerConfigKeys (ConfUtils.java:logGet(46)) - raft.server.log.async-flush.enabled = false (default)
2023-03-15 05:43:52,742 [pool-141-thread-1] INFO  server.RaftServerConfigKeys (ConfUtils.java:logGet(46)) - raft.server.log.statemachine.data.caching.enabled = true (custom)
2023-03-15 05:43:52,742 [pool-141-thread-1] INFO  segmented.SegmentedRaftLogWorker (SegmentedRaftLogWorker.java:lambda$new$0(135)) - fd98b1c5-5b85-4a01-ae78-de2614481a07@group-96AFC994C747-SegmentedRaftLogWorker: flushIndex: setUnconditionally 0 -> -1
2023-03-15 05:43:52,742 [pool-141-thread-1] INFO  segmented.SegmentedRaftLogWorker (SegmentedRaftLogWorker.java:lambda$new$0(135)) - fd98b1c5-5b85-4a01-ae78-de2614481a07@group-96AFC994C747-SegmentedRaftLogWorker: safeCacheEvictIndex: setUnconditionally 0 -> -1
2023-03-15 05:43:52,743 [pool-141-thread-1] INFO  server.RaftServer$Division (RaftServerImpl.java:start(334)) - fd98b1c5-5b85-4a01-ae78-de2614481a07@group-96AFC994C747: start as a follower, conf=-1: peers:[fd98b1c5-5b85-4a01-ae78-de2614481a07|rpc:10.1.0.18:42461|dataStream:10.1.0.18:45249|priority:1|startupRole:FOLLOWER]|listeners:[], old=null
2023-03-15 05:43:52,743 [pool-141-thread-1] INFO  server.RaftServer$Division (RaftServerImpl.java:setRole(321)) - fd98b1c5-5b85-4a01-ae78-de2614481a07@group-96AFC994C747: changes role from      null to FOLLOWER at term 0 for startAsFollower
2023-03-15 05:43:52,743 [pool-141-thread-1] INFO  impl.RoleInfo (RoleInfo.java:updateAndGet(139)) - fd98b1c5-5b85-4a01-ae78-de2614481a07: start fd98b1c5-5b85-4a01-ae78-de2614481a07@group-96AFC994C747-FollowerState
2023-03-15 05:43:52,743 [pool-141-thread-1] INFO  util.JmxRegister (JmxRegister.java:tryRegister(44)) - Successfully registered JMX Bean with object name Ratis:service=RaftServer,group=group-96AFC994C747,id=fd98b1c5-5b85-4a01-ae78-de2614481a07
2023-03-15 05:43:52,743 [pool-141-thread-1] INFO  server.RaftServerConfigKeys (ConfUtils.java:logGet(46)) - raft.server.snapshot.auto.trigger.enabled = true (custom)
2023-03-15 05:43:52,743 [pool-141-thread-1] INFO  server.RaftServerConfigKeys (ConfUtils.java:logGet(46)) - raft.server.snapshot.auto.trigger.threshold = 10000 (custom)
2023-03-15 05:43:52,743 [pool-141-thread-1] INFO  server.RaftServerConfigKeys (ConfUtils.java:logGet(46)) - raft.server.snapshot.retention.file.num = 5 (custom)
2023-03-15 05:43:52,743 [pool-141-thread-1] INFO  server.RaftServerConfigKeys (ConfUtils.java:logGet(46)) - raft.server.log.purge.upto.snapshot.index = false (default)
2023-03-15 05:43:52,744 [fd98b1c5-5b85-4a01-ae78-de2614481a07@group-96AFC994C747-FollowerState] INFO  server.RaftServerConfigKeys (ConfUtils.java:logFallback(53)) - raft.server.rpc.first-election.timeout.min = 5s (fallback to raft.server.rpc.timeout.min)
2023-03-15 05:43:52,744 [fd98b1c5-5b85-4a01-ae78-de2614481a07@group-96AFC994C747-FollowerState] INFO  server.RaftServerConfigKeys (ConfUtils.java:logFallback(53)) - raft.server.rpc.first-election.timeout.max = 5200ms (fallback to raft.server.rpc.timeout.max)
2023-03-15 05:43:52,749 [Command processor thread] INFO  ratis.XceiverServerRatis (XceiverServerRatis.java:addGroup(807)) - Created group PipelineID=cc4fc719-164a-422f-bd71-96afc994c747
2023-03-15 05:43:52,749 [Command processor thread] INFO  commandhandler.CreatePipelineCommandHandler (CreatePipelineCommandHandler.java:handle(113)) - Created Pipeline RATIS ONE PipelineID=cc4fc719-164a-422f-bd71-96afc994c747.
2023-03-15 05:43:53,092 [Command processor thread] INFO  server.RaftServer (RaftServerProxy.java:addNew(96)) - f4b4952b-3e5d-4d4d-87e6-725506190fb6: addNew group-6673A225BFE2:[f4b4952b-3e5d-4d4d-87e6-725506190fb6|rpc:10.1.0.18:34783|dataStream:10.1.0.18:38515|priority:1|startupRole:FOLLOWER] returns group-6673A225BFE2:java.util.concurrent.CompletableFuture@700eda53[Not completed]
2023-03-15 05:43:53,094 [Listener at 127.0.0.1/43369] INFO  ozone.MiniOzoneClusterImpl (MiniOzoneClusterImpl.java:lambda$waitForClusterToBeReady$0(218)) - Nodes are ready. Got 5 of 5 DN Heartbeats.
2023-03-15 05:43:53,094 [Listener at 127.0.0.1/43369] INFO  ozone.MiniOzoneClusterImpl (MiniOzoneClusterImpl.java:lambda$waitForClusterToBeReady$0(221)) - Waiting for cluster to exit safe mode
2023-03-15 05:43:53,094 [Listener at 127.0.0.1/43369] INFO  ozone.MiniOzoneClusterImpl (MiniOzoneClusterImpl.java:lambda$waitForClusterToBeReady$0(223)) - SCM became leader
2023-03-15 05:43:53,096 [pool-163-thread-1] INFO  server.RaftServer$Division (RaftServerImpl.java:<init>(195)) - f4b4952b-3e5d-4d4d-87e6-725506190fb6: new RaftServerImpl for group-6673A225BFE2:[f4b4952b-3e5d-4d4d-87e6-725506190fb6|rpc:10.1.0.18:34783|dataStream:10.1.0.18:38515|priority:1|startupRole:FOLLOWER] with ContainerStateMachine:uninitialized
2023-03-15 05:43:53,096 [pool-163-thread-1] INFO  server.RaftServerConfigKeys (ConfUtils.java:logGet(46)) - raft.server.rpc.timeout.min = 5s (custom)
2023-03-15 05:43:53,097 [pool-163-thread-1] INFO  server.RaftServerConfigKeys (ConfUtils.java:logGet(46)) - raft.server.rpc.timeout.max = 5200ms (custom)
2023-03-15 05:43:53,097 [pool-163-thread-1] INFO  server.RaftServerConfigKeys (ConfUtils.java:logGet(46)) - raft.server.rpc.sleep.time = 25ms (default)
2023-03-15 05:43:53,097 [pool-163-thread-1] INFO  server.RaftServerConfigKeys (ConfUtils.java:logGet(46)) - raft.server.rpc.slowness.timeout = 300s (custom)
2023-03-15 05:43:53,097 [pool-163-thread-1] INFO  server.RaftServerConfigKeys (ConfUtils.java:logGet(46)) - raft.server.leaderelection.leader.step-down.wait-time = 10s (default)
2023-03-15 05:43:53,097 [pool-163-thread-1] INFO  server.RaftServerConfigKeys (ConfUtils.java:logGet(46)) - raft.server.sleep.deviation.threshold = 300ms (default)
2023-03-15 05:43:53,097 [pool-163-thread-1] INFO  server.RaftServer$Division (ServerState.java:<init>(118)) - f4b4952b-3e5d-4d4d-87e6-725506190fb6@group-6673A225BFE2: ConfigurationManager, init=-1: peers:[f4b4952b-3e5d-4d4d-87e6-725506190fb6|rpc:10.1.0.18:34783|dataStream:10.1.0.18:38515|priority:1|startupRole:FOLLOWER]|listeners:[], old=null, confs=<EMPTY_MAP>
2023-03-15 05:43:53,097 [pool-163-thread-1] INFO  server.RaftServerConfigKeys (ConfUtils.java:logGet(46)) - raft.server.storage.dir = [/home/runner/work/ozone/ozone/hadoop-ozone/integration-test/target/test-dir/MiniOzoneClusterImpl-257c5be2-ab76-4353-a1eb-ea8c6614f538/datanode-4/data/ratis] (custom)
2023-03-15 05:43:53,097 [pool-163-thread-1] INFO  server.RaftServerConfigKeys (ConfUtils.java:logGet(46)) - raft.server.log.corruption.policy = EXCEPTION (default)
2023-03-15 05:43:53,097 [pool-163-thread-1] INFO  server.RaftServerConfigKeys (ConfUtils.java:logGet(46)) - raft.server.storage.free-space.min = 0MB (=0) (default)
2023-03-15 05:43:53,097 [pool-163-thread-1] INFO  server.RaftServerConfigKeys (ConfUtils.java:logGet(46)) - raft.server.notification.no-leader.timeout = 300s (custom)
2023-03-15 05:43:53,097 [pool-163-thread-1] INFO  server.RaftServerConfigKeys (ConfUtils.java:logGet(46)) - raft.server.retrycache.expirytime = 600000ms (custom)
2023-03-15 05:43:53,097 [pool-163-thread-1] INFO  server.RaftServerConfigKeys (ConfUtils.java:logGet(46)) - raft.server.retrycache.statistics.expirytime = 100μs (default)
2023-03-15 05:43:53,099 [pool-163-thread-1] INFO  server.RaftServerConfigKeys (ConfUtils.java:logGet(46)) - raft.server.log.appender.install.snapshot.enabled = false (custom)
2023-03-15 05:43:53,099 [pool-163-thread-1] INFO  server.RaftServerConfigKeys (ConfUtils.java:logGet(46)) - raft.server.threadpool.server.cached = true (default)
2023-03-15 05:43:53,099 [pool-163-thread-1] INFO  server.RaftServerConfigKeys (ConfUtils.java:logGet(46)) - raft.server.threadpool.server.size = 0 (default)
2023-03-15 05:43:53,100 [pool-163-thread-1] INFO  server.RaftServerConfigKeys (ConfUtils.java:logGet(46)) - raft.server.threadpool.client.cached = true (default)
2023-03-15 05:43:53,100 [pool-163-thread-1] INFO  server.RaftServerConfigKeys (ConfUtils.java:logGet(46)) - raft.server.threadpool.client.size = 0 (default)
2023-03-15 05:43:53,100 [pool-163-thread-1] INFO  storage.RaftStorageDirectory (RaftStorageDirectoryImpl.java:analyzeStorage(137)) - The storage directory /home/runner/work/ozone/ozone/hadoop-ozone/integration-test/target/test-dir/MiniOzoneClusterImpl-257c5be2-ab76-4353-a1eb-ea8c6614f538/datanode-4/data/ratis/76080155-4512-4c2e-ab0e-6673a225bfe2 does not exist. Creating ...
2023-03-15 05:43:53,100 [pool-163-thread-1] INFO  storage.RaftStorageDirectory (RaftStorageDirectoryImpl.java:tryLock(231)) - Lock on /home/runner/work/ozone/ozone/hadoop-ozone/integration-test/target/test-dir/MiniOzoneClusterImpl-257c5be2-ab76-4353-a1eb-ea8c6614f538/datanode-4/data/ratis/76080155-4512-4c2e-ab0e-6673a225bfe2/in_use.lock acquired by nodename 67552@fv-az390-885
2023-03-15 05:43:53,102 [pool-163-thread-1] INFO  storage.RaftStorage (RaftStorageImpl.java:format(96)) - Storage directory /home/runner/work/ozone/ozone/hadoop-ozone/integration-test/target/test-dir/MiniOzoneClusterImpl-257c5be2-ab76-4353-a1eb-ea8c6614f538/datanode-4/data/ratis/76080155-4512-4c2e-ab0e-6673a225bfe2 has been successfully formatted.
2023-03-15 05:43:53,104 [pool-163-thread-1] INFO  ratis.ContainerStateMachine (ContainerStateMachine.java:loadSnapshot(262)) - group-6673A225BFE2: The snapshot info is null. Setting the last applied indexto:(t:0, i:~)
2023-03-15 05:43:53,104 [pool-163-thread-1] INFO  server.RaftServerConfigKeys (ConfUtils.java:logGet(46)) - raft.server.log.use.memory = false (default)
2023-03-15 05:43:53,104 [pool-163-thread-1] INFO  server.RaftServerConfigKeys (ConfUtils.java:logGet(46)) - raft.server.log.purge.gap = 1000000 (custom)
2023-03-15 05:43:53,104 [pool-163-thread-1] INFO  server.RaftServerConfigKeys (ConfUtils.java:logGet(46)) - raft.server.log.appender.buffer.byte-limit = 33554432 (custom)
2023-03-15 05:43:53,104 [pool-163-thread-1] INFO  server.RaftServerConfigKeys (ConfUtils.java:logGet(46)) - raft.server.log.statemachine.data.read.timeout = 1000ms (default)
2023-03-15 05:43:53,104 [pool-163-thread-1] INFO  server.RaftServerConfigKeys (ConfUtils.java:logGet(46)) - raft.server.log.purge.preservation.log.num = 0 (default)
2023-03-15 05:43:53,104 [pool-163-thread-1] INFO  server.RaftServerConfigKeys (ConfUtils.java:logGet(46)) - raft.server.log.segment.size.max = 1048576 (custom)
2023-03-15 05:43:53,105 [EventQueue-PipelineReportForPipelineReportHandler] INFO  pipeline.PipelineManagerImpl (PipelineManagerImpl.java:openPipeline(367)) - Pipeline Pipeline[ Id: 76080155-4512-4c2e-ab0e-6673a225bfe2, Nodes: f4b4952b-3e5d-4d4d-87e6-725506190fb6(fv-az390-885.2udvygdcjcjuphbbpa4zxtqymb.gx.internal.cloudapp.net/10.1.0.18), ReplicationConfig: RATIS/ONE, State:ALLOCATED, leaderId:f4b4952b-3e5d-4d4d-87e6-725506190fb6, CreationTimestamp2023-03-15T05:43:50.094Z[Etc/UTC]] moved to OPEN state
2023-03-15 05:43:53,105 [pool-163-thread-1] INFO  server.RaftServerConfigKeys (ConfUtils.java:logGet(46)) - raft.server.log.segment.cache.num.max = 2 (custom)
2023-03-15 05:43:53,105 [pool-163-thread-1] INFO  server.RaftServerConfigKeys (ConfUtils.java:logGet(46)) - raft.server.log.segment.cache.size.max = 200MB (=209715200) (default)
2023-03-15 05:43:53,105 [pool-163-thread-1] INFO  segmented.SegmentedRaftLogWorker (SegmentedRaftLogWorker.java:<init>(189)) - new f4b4952b-3e5d-4d4d-87e6-725506190fb6@group-6673A225BFE2-SegmentedRaftLogWorker for RaftStorageImpl:Storage Directory /home/runner/work/ozone/ozone/hadoop-ozone/integration-test/target/test-dir/MiniOzoneClusterImpl-257c5be2-ab76-4353-a1eb-ea8c6614f538/datanode-4/data/ratis/76080155-4512-4c2e-ab0e-6673a225bfe2
2023-03-15 05:43:53,105 [pool-163-thread-1] INFO  server.RaftServerConfigKeys (ConfUtils.java:logGet(46)) - raft.server.log.queue.byte-limit = 4294967296 (custom)
2023-03-15 05:43:53,105 [pool-163-thread-1] INFO  server.RaftServerConfigKeys (ConfUtils.java:logGet(46)) - raft.server.log.queue.element-limit = 1024 (custom)
2023-03-15 05:43:53,105 [pool-163-thread-1] INFO  server.RaftServerConfigKeys (ConfUtils.java:logGet(46)) - raft.server.log.segment.size.max = 1048576 (custom)
2023-03-15 05:43:53,105 [pool-163-thread-1] INFO  server.RaftServerConfigKeys (ConfUtils.java:logGet(46)) - raft.server.log.preallocated.size = 16384 (custom)
2023-03-15 05:43:53,105 [pool-163-thread-1] INFO  server.RaftServerConfigKeys (ConfUtils.java:logGet(46)) - raft.server.log.force.sync.num = 128 (default)
2023-03-15 05:43:53,105 [pool-163-thread-1] INFO  server.RaftServerConfigKeys (ConfUtils.java:logGet(46)) - raft.server.log.statemachine.data.sync = true (default)
2023-03-15 05:43:53,105 [EventQueue-OpenPipelineForHealthyPipelineSafeModeRule] INFO  safemode.SCMSafeModeManager (HealthyPipelineSafeModeRule.java:process(137)) - SCM in safe mode. Healthy pipelines reported count is 0, required healthy pipeline reported count is 1
2023-03-15 05:43:53,105 [pool-163-thread-1] INFO  server.RaftServerConfigKeys (ConfUtils.java:logGet(46)) - raft.server.log.statemachine.data.sync.timeout = 10s (default)
2023-03-15 05:43:53,105 [pool-163-thread-1] INFO  server.RaftServerConfigKeys (ConfUtils.java:logGet(46)) - raft.server.log.statemachine.data.sync.timeout.retry = -1 (default)
2023-03-15 05:43:53,106 [pool-163-thread-1] INFO  server.RaftServerConfigKeys (ConfUtils.java:logGet(46)) - raft.server.log.write.buffer.size = 1048576 (custom)
2023-03-15 05:43:53,107 [pool-163-thread-1] INFO  server.RaftServerConfigKeys (ConfUtils.java:logGet(46)) - raft.server.log.appender.buffer.byte-limit = 33554432 (custom)
2023-03-15 05:43:53,110 [pool-163-thread-1] INFO  server.RaftServerConfigKeys (ConfUtils.java:logGet(46)) - raft.server.log.unsafe-flush.enabled = false (default)
2023-03-15 05:43:53,110 [pool-163-thread-1] INFO  server.RaftServerConfigKeys (ConfUtils.java:logGet(46)) - raft.server.log.async-flush.enabled = false (default)
2023-03-15 05:43:53,110 [pool-163-thread-1] INFO  server.RaftServerConfigKeys (ConfUtils.java:logGet(46)) - raft.server.log.statemachine.data.caching.enabled = true (custom)
2023-03-15 05:43:53,111 [pool-163-thread-1] INFO  segmented.SegmentedRaftLogWorker (SegmentedRaftLogWorker.java:lambda$new$0(135)) - f4b4952b-3e5d-4d4d-87e6-725506190fb6@group-6673A225BFE2-SegmentedRaftLogWorker: flushIndex: setUnconditionally 0 -> -1
2023-03-15 05:43:53,111 [pool-163-thread-1] INFO  segmented.SegmentedRaftLogWorker (SegmentedRaftLogWorker.java:lambda$new$0(135)) - f4b4952b-3e5d-4d4d-87e6-725506190fb6@group-6673A225BFE2-SegmentedRaftLogWorker: safeCacheEvictIndex: setUnconditionally 0 -> -1
2023-03-15 05:43:53,111 [pool-163-thread-1] INFO  server.RaftServer$Division (RaftServerImpl.java:start(334)) - f4b4952b-3e5d-4d4d-87e6-725506190fb6@group-6673A225BFE2: start as a follower, conf=-1: peers:[f4b4952b-3e5d-4d4d-87e6-725506190fb6|rpc:10.1.0.18:34783|dataStream:10.1.0.18:38515|priority:1|startupRole:FOLLOWER]|listeners:[], old=null
2023-03-15 05:43:53,111 [pool-163-thread-1] INFO  server.RaftServer$Division (RaftServerImpl.java:setRole(321)) - f4b4952b-3e5d-4d4d-87e6-725506190fb6@group-6673A225BFE2: changes role from      null to FOLLOWER at term 0 for startAsFollower
2023-03-15 05:43:53,111 [pool-163-thread-1] INFO  impl.RoleInfo (RoleInfo.java:updateAndGet(139)) - f4b4952b-3e5d-4d4d-87e6-725506190fb6: start f4b4952b-3e5d-4d4d-87e6-725506190fb6@group-6673A225BFE2-FollowerState
2023-03-15 05:43:53,111 [pool-163-thread-1] INFO  util.JmxRegister (JmxRegister.java:tryRegister(44)) - Successfully registered JMX Bean with object name Ratis:service=RaftServer,group=group-6673A225BFE2,id=f4b4952b-3e5d-4d4d-87e6-725506190fb6
2023-03-15 05:43:53,112 [pool-163-thread-1] INFO  server.RaftServerConfigKeys (ConfUtils.java:logGet(46)) - raft.server.snapshot.auto.trigger.enabled = true (custom)
2023-03-15 05:43:53,112 [pool-163-thread-1] INFO  server.RaftServerConfigKeys (ConfUtils.java:logGet(46)) - raft.server.snapshot.auto.trigger.threshold = 10000 (custom)
2023-03-15 05:43:53,112 [pool-163-thread-1] INFO  server.RaftServerConfigKeys (ConfUtils.java:logGet(46)) - raft.server.snapshot.retention.file.num = 5 (custom)
2023-03-15 05:43:53,112 [pool-163-thread-1] INFO  server.RaftServerConfigKeys (ConfUtils.java:logGet(46)) - raft.server.log.purge.upto.snapshot.index = false (default)
2023-03-15 05:43:53,112 [f4b4952b-3e5d-4d4d-87e6-725506190fb6@group-6673A225BFE2-FollowerState] INFO  server.RaftServerConfigKeys (ConfUtils.java:logFallback(53)) - raft.server.rpc.first-election.timeout.min = 5s (fallback to raft.server.rpc.timeout.min)
2023-03-15 05:43:53,112 [f4b4952b-3e5d-4d4d-87e6-725506190fb6@group-6673A225BFE2-FollowerState] INFO  server.RaftServerConfigKeys (ConfUtils.java:logFallback(53)) - raft.server.rpc.first-election.timeout.max = 5200ms (fallback to raft.server.rpc.timeout.max)
2023-03-15 05:43:53,118 [Command processor thread] INFO  ratis.XceiverServerRatis (XceiverServerRatis.java:addGroup(807)) - Created group PipelineID=76080155-4512-4c2e-ab0e-6673a225bfe2
2023-03-15 05:43:53,118 [Command processor thread] INFO  commandhandler.CreatePipelineCommandHandler (CreatePipelineCommandHandler.java:handle(113)) - Created Pipeline RATIS ONE PipelineID=76080155-4512-4c2e-ab0e-6673a225bfe2.
2023-03-15 05:43:54,094 [Listener at 127.0.0.1/43369] INFO  ozone.MiniOzoneClusterImpl (MiniOzoneClusterImpl.java:lambda$waitForClusterToBeReady$0(218)) - Nodes are ready. Got 5 of 5 DN Heartbeats.
2023-03-15 05:43:54,094 [Listener at 127.0.0.1/43369] INFO  ozone.MiniOzoneClusterImpl (MiniOzoneClusterImpl.java:lambda$waitForClusterToBeReady$0(221)) - Waiting for cluster to exit safe mode
2023-03-15 05:43:54,094 [Listener at 127.0.0.1/43369] INFO  ozone.MiniOzoneClusterImpl (MiniOzoneClusterImpl.java:lambda$waitForClusterToBeReady$0(223)) - SCM became leader
2023-03-15 05:43:55,095 [Listener at 127.0.0.1/43369] INFO  ozone.MiniOzoneClusterImpl (MiniOzoneClusterImpl.java:lambda$waitForClusterToBeReady$0(218)) - Nodes are ready. Got 5 of 5 DN Heartbeats.
2023-03-15 05:43:55,095 [Listener at 127.0.0.1/43369] INFO  ozone.MiniOzoneClusterImpl (MiniOzoneClusterImpl.java:lambda$waitForClusterToBeReady$0(221)) - Waiting for cluster to exit safe mode
2023-03-15 05:43:55,095 [Listener at 127.0.0.1/43369] INFO  ozone.MiniOzoneClusterImpl (MiniOzoneClusterImpl.java:lambda$waitForClusterToBeReady$0(223)) - SCM became leader
2023-03-15 05:43:56,095 [Listener at 127.0.0.1/43369] INFO  ozone.MiniOzoneClusterImpl (MiniOzoneClusterImpl.java:lambda$waitForClusterToBeReady$0(218)) - Nodes are ready. Got 5 of 5 DN Heartbeats.
2023-03-15 05:43:56,095 [Listener at 127.0.0.1/43369] INFO  ozone.MiniOzoneClusterImpl (MiniOzoneClusterImpl.java:lambda$waitForClusterToBeReady$0(221)) - Waiting for cluster to exit safe mode
2023-03-15 05:43:56,095 [Listener at 127.0.0.1/43369] INFO  ozone.MiniOzoneClusterImpl (MiniOzoneClusterImpl.java:lambda$waitForClusterToBeReady$0(223)) - SCM became leader
2023-03-15 05:43:56,450 [749a2a4e-326e-405d-8b3d-6482ea274e37@group-C2D39DED5C2C-FollowerState] INFO  impl.FollowerState (FollowerState.java:run(143)) - 749a2a4e-326e-405d-8b3d-6482ea274e37@group-C2D39DED5C2C-FollowerState: change to CANDIDATE, lastRpcElapsedTime:5008524072ns, electionTimeout:5007ms
2023-03-15 05:43:56,451 [749a2a4e-326e-405d-8b3d-6482ea274e37@group-C2D39DED5C2C-FollowerState] INFO  impl.RoleInfo (RoleInfo.java:shutdownFollowerState(110)) - 749a2a4e-326e-405d-8b3d-6482ea274e37: shutdown 749a2a4e-326e-405d-8b3d-6482ea274e37@group-C2D39DED5C2C-FollowerState
2023-03-15 05:43:56,451 [749a2a4e-326e-405d-8b3d-6482ea274e37@group-C2D39DED5C2C-FollowerState] INFO  server.RaftServer$Division (RaftServerImpl.java:setRole(321)) - 749a2a4e-326e-405d-8b3d-6482ea274e37@group-C2D39DED5C2C: changes role from  FOLLOWER to CANDIDATE at term 0 for changeToCandidate
2023-03-15 05:43:56,451 [749a2a4e-326e-405d-8b3d-6482ea274e37@group-C2D39DED5C2C-FollowerState] INFO  server.RaftServerConfigKeys (ConfUtils.java:logGet(46)) - raft.server.leaderelection.pre-vote = true (default)
2023-03-15 05:43:56,451 [749a2a4e-326e-405d-8b3d-6482ea274e37@group-C2D39DED5C2C-FollowerState] INFO  impl.RoleInfo (RoleInfo.java:updateAndGet(139)) - 749a2a4e-326e-405d-8b3d-6482ea274e37: start 749a2a4e-326e-405d-8b3d-6482ea274e37@group-C2D39DED5C2C-LeaderElection2
2023-03-15 05:43:56,455 [749a2a4e-326e-405d-8b3d-6482ea274e37@group-C2D39DED5C2C-LeaderElection2] INFO  impl.LeaderElection (LeaderElection.java:askForVotes(312)) - 749a2a4e-326e-405d-8b3d-6482ea274e37@group-C2D39DED5C2C-LeaderElection2 PRE_VOTE round 0: submit vote requests at term 0 for -1: peers:[749a2a4e-326e-405d-8b3d-6482ea274e37|rpc:10.1.0.18:40203|dataStream:10.1.0.18:44725|priority:1|startupRole:FOLLOWER]|listeners:[], old=null
2023-03-15 05:43:56,455 [749a2a4e-326e-405d-8b3d-6482ea274e37@group-C2D39DED5C2C-LeaderElection2] INFO  impl.LeaderElection (LeaderElection.java:askForVotes(314)) - 749a2a4e-326e-405d-8b3d-6482ea274e37@group-C2D39DED5C2C-LeaderElection2 PRE_VOTE round 0: result PASSED (term=0)
2023-03-15 05:43:56,457 [749a2a4e-326e-405d-8b3d-6482ea274e37@group-C2D39DED5C2C-LeaderElection2] INFO  impl.LeaderElection (LeaderElection.java:askForVotes(312)) - 749a2a4e-326e-405d-8b3d-6482ea274e37@group-C2D39DED5C2C-LeaderElection2 ELECTION round 0: submit vote requests at term 1 for -1: peers:[749a2a4e-326e-405d-8b3d-6482ea274e37|rpc:10.1.0.18:40203|dataStream:10.1.0.18:44725|priority:1|startupRole:FOLLOWER]|listeners:[], old=null
2023-03-15 05:43:56,457 [749a2a4e-326e-405d-8b3d-6482ea274e37@group-C2D39DED5C2C-LeaderElection2] INFO  impl.LeaderElection (LeaderElection.java:askForVotes(314)) - 749a2a4e-326e-405d-8b3d-6482ea274e37@group-C2D39DED5C2C-LeaderElection2 ELECTION round 0: result PASSED (term=1)
2023-03-15 05:43:56,457 [749a2a4e-326e-405d-8b3d-6482ea274e37@group-C2D39DED5C2C-LeaderElection2] INFO  impl.RoleInfo (RoleInfo.java:shutdownLeaderElection(130)) - 749a2a4e-326e-405d-8b3d-6482ea274e37: shutdown 749a2a4e-326e-405d-8b3d-6482ea274e37@group-C2D39DED5C2C-LeaderElection2
2023-03-15 05:43:56,457 [749a2a4e-326e-405d-8b3d-6482ea274e37@group-C2D39DED5C2C-LeaderElection2] INFO  server.RaftServer$Division (RaftServerImpl.java:setRole(321)) - 749a2a4e-326e-405d-8b3d-6482ea274e37@group-C2D39DED5C2C: changes role from CANDIDATE to LEADER at term 1 for changeToLeader
2023-03-15 05:43:56,457 [749a2a4e-326e-405d-8b3d-6482ea274e37@group-C2D39DED5C2C-LeaderElection2] INFO  ratis.XceiverServerRatis (XceiverServerRatis.java:handleLeaderChangedNotification(905)) - Leader change notification received for group: group-C2D39DED5C2C with new leaderId: 749a2a4e-326e-405d-8b3d-6482ea274e37
2023-03-15 05:43:56,458 [749a2a4e-326e-405d-8b3d-6482ea274e37@group-C2D39DED5C2C-LeaderElection2] INFO  server.RaftServer$Division (ServerState.java:setLeader(313)) - 749a2a4e-326e-405d-8b3d-6482ea274e37@group-C2D39DED5C2C: change Leader from null to 749a2a4e-326e-405d-8b3d-6482ea274e37 at term 1 for becomeLeader, leader elected after 5032ms
2023-03-15 05:43:56,458 [749a2a4e-326e-405d-8b3d-6482ea274e37@group-C2D39DED5C2C-LeaderElection2] INFO  server.RaftServerConfigKeys (ConfUtils.java:logGet(46)) - raft.server.staging.catchup.gap = 1000 (default)
2023-03-15 05:43:56,459 [EventQueue-OpenPipelineForHealthyPipelineSafeModeRule] INFO  safemode.SCMSafeModeManager (HealthyPipelineSafeModeRule.java:process(137)) - SCM in safe mode. Healthy pipelines reported count is 0, required healthy pipeline reported count is 1
2023-03-15 05:43:56,459 [749a2a4e-326e-405d-8b3d-6482ea274e37@group-C2D39DED5C2C-LeaderElection2] INFO  server.RaftServerConfigKeys (ConfUtils.java:logGet(46)) - raft.server.write.element-limit = 1024 (custom)
2023-03-15 05:43:56,459 [749a2a4e-326e-405d-8b3d-6482ea274e37@group-C2D39DED5C2C-LeaderElection2] INFO  server.RaftServerConfigKeys (ConfUtils.java:logGet(46)) - raft.server.write.byte-limit = 1024 M (=1073741824) (custom)
2023-03-15 05:43:56,459 [749a2a4e-326e-405d-8b3d-6482ea274e37@group-C2D39DED5C2C-LeaderElection2] INFO  server.RaftServerConfigKeys (ConfUtils.java:logGet(46)) - raft.server.watch.timeout = 180s (custom)
2023-03-15 05:43:56,459 [749a2a4e-326e-405d-8b3d-6482ea274e37@group-C2D39DED5C2C-LeaderElection2] INFO  server.RaftServerConfigKeys (ConfUtils.java:logGet(46)) - raft.server.watch.timeout.denomination = 1s (default)
2023-03-15 05:43:56,459 [749a2a4e-326e-405d-8b3d-6482ea274e37@group-C2D39DED5C2C-LeaderElection2] INFO  server.RaftServerConfigKeys (ConfUtils.java:logGet(46)) - raft.server.watch.element-limit = 65536 (default)
2023-03-15 05:43:56,459 [749a2a4e-326e-405d-8b3d-6482ea274e37@group-C2D39DED5C2C-LeaderElection2] INFO  server.RaftServerConfigKeys (ConfUtils.java:logGet(46)) - raft.server.write.element-limit = 1024 (custom)
2023-03-15 05:43:56,459 [749a2a4e-326e-405d-8b3d-6482ea274e37@group-C2D39DED5C2C-LeaderElection2] INFO  server.RaftServerConfigKeys (ConfUtils.java:logGet(46)) - raft.server.write.follower.gap.ratio.max = -1.0 (default)
2023-03-15 05:43:56,459 [749a2a4e-326e-405d-8b3d-6482ea274e37@group-C2D39DED5C2C-LeaderElection2] INFO  impl.RoleInfo (RoleInfo.java:updateAndGet(139)) - 749a2a4e-326e-405d-8b3d-6482ea274e37: start 749a2a4e-326e-405d-8b3d-6482ea274e37@group-C2D39DED5C2C-LeaderStateImpl
2023-03-15 05:43:56,460 [749a2a4e-326e-405d-8b3d-6482ea274e37@group-C2D39DED5C2C-LeaderElection2] INFO  segmented.SegmentedRaftLogWorker (SegmentedRaftLogWorker.java:startLogSegment(452)) - 749a2a4e-326e-405d-8b3d-6482ea274e37@group-C2D39DED5C2C-SegmentedRaftLogWorker: Starting segment from index:0
2023-03-15 05:43:56,462 [749a2a4e-326e-405d-8b3d-6482ea274e37@group-C2D39DED5C2C-LeaderElection2] INFO  server.RaftServer$Division (ServerState.java:setRaftConf(430)) - 749a2a4e-326e-405d-8b3d-6482ea274e37@group-C2D39DED5C2C: set configuration 0: peers:[749a2a4e-326e-405d-8b3d-6482ea274e37|rpc:10.1.0.18:40203|dataStream:10.1.0.18:44725|priority:1|startupRole:FOLLOWER]|listeners:[], old=null
2023-03-15 05:43:56,463 [749a2a4e-326e-405d-8b3d-6482ea274e37@group-C2D39DED5C2C-SegmentedRaftLogWorker] INFO  segmented.SegmentedRaftLogWorker (SegmentedRaftLogWorker.java:execute(656)) - 749a2a4e-326e-405d-8b3d-6482ea274e37@group-C2D39DED5C2C-SegmentedRaftLogWorker: created new log segment /home/runner/work/ozone/ozone/hadoop-ozone/integration-test/target/test-dir/MiniOzoneClusterImpl-257c5be2-ab76-4353-a1eb-ea8c6614f538/datanode-0/data/ratis/4f143829-eeb0-426e-b499-c2d39ded5c2c/current/log_inprogress_0
2023-03-15 05:43:56,517 [749a2a4e-326e-405d-8b3d-6482ea274e37@group-AAA528D1F098-FollowerState] INFO  impl.FollowerState (FollowerState.java:run(143)) - 749a2a4e-326e-405d-8b3d-6482ea274e37@group-AAA528D1F098-FollowerState: change to CANDIDATE, lastRpcElapsedTime:5041040154ns, electionTimeout:5034ms
2023-03-15 05:43:56,517 [749a2a4e-326e-405d-8b3d-6482ea274e37@group-AAA528D1F098-FollowerState] INFO  impl.RoleInfo (RoleInfo.java:shutdownFollowerState(110)) - 749a2a4e-326e-405d-8b3d-6482ea274e37: shutdown 749a2a4e-326e-405d-8b3d-6482ea274e37@group-AAA528D1F098-FollowerState
2023-03-15 05:43:56,518 [749a2a4e-326e-405d-8b3d-6482ea274e37@group-AAA528D1F098-FollowerState] INFO  server.RaftServer$Division (RaftServerImpl.java:setRole(321)) - 749a2a4e-326e-405d-8b3d-6482ea274e37@group-AAA528D1F098: changes role from  FOLLOWER to CANDIDATE at term 0 for changeToCandidate
2023-03-15 05:43:56,518 [749a2a4e-326e-405d-8b3d-6482ea274e37@group-AAA528D1F098-FollowerState] INFO  server.RaftServerConfigKeys (ConfUtils.java:logGet(46)) - raft.server.leaderelection.pre-vote = true (default)
2023-03-15 05:43:56,518 [749a2a4e-326e-405d-8b3d-6482ea274e37@group-AAA528D1F098-FollowerState] INFO  impl.RoleInfo (RoleInfo.java:updateAndGet(139)) - 749a2a4e-326e-405d-8b3d-6482ea274e37: start 749a2a4e-326e-405d-8b3d-6482ea274e37@group-AAA528D1F098-LeaderElection3
2023-03-15 05:43:56,524 [749a2a4e-326e-405d-8b3d-6482ea274e37@group-AAA528D1F098-LeaderElection3] INFO  impl.LeaderElection (LeaderElection.java:askForVotes(312)) - 749a2a4e-326e-405d-8b3d-6482ea274e37@group-AAA528D1F098-LeaderElection3 PRE_VOTE round 0: submit vote requests at term 0 for -1: peers:[93bbdb4e-ae1d-4286-84a2-0f7fae60ad59|rpc:10.1.0.18:43933|dataStream:10.1.0.18:42381|priority:0|startupRole:FOLLOWER, a88b317b-310e-4f91-ab19-5adcbba379a7|rpc:10.1.0.18:39225|dataStream:10.1.0.18:43727|priority:0|startupRole:FOLLOWER, 749a2a4e-326e-405d-8b3d-6482ea274e37|rpc:10.1.0.18:40203|dataStream:10.1.0.18:44725|priority:1|startupRole:FOLLOWER]|listeners:[], old=null
2023-03-15 05:43:56,528 [749a2a4e-326e-405d-8b3d-6482ea274e37@group-AAA528D1F098-LeaderElection3] INFO  server.RaftServerConfigKeys (ConfUtils.java:logFallback(53)) - raft.server.rpc.first-election.timeout.min = 5s (fallback to raft.server.rpc.timeout.min)
2023-03-15 05:43:56,528 [749a2a4e-326e-405d-8b3d-6482ea274e37@group-AAA528D1F098-LeaderElection3] INFO  server.RaftServerConfigKeys (ConfUtils.java:logFallback(53)) - raft.server.rpc.first-election.timeout.max = 5200ms (fallback to raft.server.rpc.timeout.max)
2023-03-15 05:43:56,529 [749a2a4e-326e-405d-8b3d-6482ea274e37@group-AAA528D1F098-LeaderElection3-1] INFO  server.GrpcServerProtocolClient (GrpcServerProtocolClient.java:<init>(63)) - Build channel for 93bbdb4e-ae1d-4286-84a2-0f7fae60ad59
2023-03-15 05:43:56,530 [749a2a4e-326e-405d-8b3d-6482ea274e37@group-AAA528D1F098-LeaderElection3-2] INFO  server.GrpcServerProtocolClient (GrpcServerProtocolClient.java:<init>(63)) - Build channel for a88b317b-310e-4f91-ab19-5adcbba379a7
2023-03-15 05:43:56,556 [grpc-default-executor-1] INFO  server.RaftServer$Division (RaftServerImpl.java:requestVote(1218)) - 93bbdb4e-ae1d-4286-84a2-0f7fae60ad59@group-AAA528D1F098: receive requestVote(PRE_VOTE, 749a2a4e-326e-405d-8b3d-6482ea274e37, group-AAA528D1F098, 0, (t:0, i:0))
2023-03-15 05:43:56,558 [grpc-default-executor-1] INFO  impl.VoteContext (VoteContext.java:log(49)) - 93bbdb4e-ae1d-4286-84a2-0f7fae60ad59@group-AAA528D1F098-FOLLOWER: accept PRE_VOTE from 749a2a4e-326e-405d-8b3d-6482ea274e37: our priority 0 <= candidate's priority 1
2023-03-15 05:43:56,563 [grpc-default-executor-1] INFO  server.RaftServer$Division (RaftServerImpl.java:requestVote(1251)) - 93bbdb4e-ae1d-4286-84a2-0f7fae60ad59@group-AAA528D1F098 replies to PRE_VOTE vote request: 749a2a4e-326e-405d-8b3d-6482ea274e37<-93bbdb4e-ae1d-4286-84a2-0f7fae60ad59#0:OK-t0. Peer's state: 93bbdb4e-ae1d-4286-84a2-0f7fae60ad59@group-AAA528D1F098:t0, leader=null, voted=, raftlog=Memoized:93bbdb4e-ae1d-4286-84a2-0f7fae60ad59@group-AAA528D1F098-SegmentedRaftLog:OPENED:c-1, conf=-1: peers:[93bbdb4e-ae1d-4286-84a2-0f7fae60ad59|rpc:10.1.0.18:43933|dataStream:10.1.0.18:42381|priority:0|startupRole:FOLLOWER, a88b317b-310e-4f91-ab19-5adcbba379a7|rpc:10.1.0.18:39225|dataStream:10.1.0.18:43727|priority:0|startupRole:FOLLOWER, 749a2a4e-326e-405d-8b3d-6482ea274e37|rpc:10.1.0.18:40203|dataStream:10.1.0.18:44725|priority:1|startupRole:FOLLOWER]|listeners:[], old=null
2023-03-15 05:43:56,569 [749a2a4e-326e-405d-8b3d-6482ea274e37@group-AAA528D1F098-LeaderElection3] INFO  impl.LeaderElection (LeaderElection.java:logAndReturn(90)) - 749a2a4e-326e-405d-8b3d-6482ea274e37@group-AAA528D1F098-LeaderElection3: PRE_VOTE PASSED received 1 response(s) and 0 exception(s):
2023-03-15 05:43:56,569 [749a2a4e-326e-405d-8b3d-6482ea274e37@group-AAA528D1F098-LeaderElection3] INFO  impl.LeaderElection (LeaderElection.java:logAndReturn(94)) -   Response 0: 749a2a4e-326e-405d-8b3d-6482ea274e37<-93bbdb4e-ae1d-4286-84a2-0f7fae60ad59#0:OK-t0
2023-03-15 05:43:56,569 [749a2a4e-326e-405d-8b3d-6482ea274e37@group-AAA528D1F098-LeaderElection3] INFO  impl.LeaderElection (LeaderElection.java:askForVotes(314)) - 749a2a4e-326e-405d-8b3d-6482ea274e37@group-AAA528D1F098-LeaderElection3 PRE_VOTE round 0: result PASSED
2023-03-15 05:43:56,570 [749a2a4e-326e-405d-8b3d-6482ea274e37@group-AAA528D1F098-LeaderElection3] INFO  impl.LeaderElection (LeaderElection.java:askForVotes(312)) - 749a2a4e-326e-405d-8b3d-6482ea274e37@group-AAA528D1F098-LeaderElection3 ELECTION round 0: submit vote requests at term 1 for -1: peers:[93bbdb4e-ae1d-4286-84a2-0f7fae60ad59|rpc:10.1.0.18:43933|dataStream:10.1.0.18:42381|priority:0|startupRole:FOLLOWER, a88b317b-310e-4f91-ab19-5adcbba379a7|rpc:10.1.0.18:39225|dataStream:10.1.0.18:43727|priority:0|startupRole:FOLLOWER, 749a2a4e-326e-405d-8b3d-6482ea274e37|rpc:10.1.0.18:40203|dataStream:10.1.0.18:44725|priority:1|startupRole:FOLLOWER]|listeners:[], old=null
2023-03-15 05:43:56,571 [grpc-default-executor-0] INFO  server.RaftServer$Division (RaftServerImpl.java:requestVote(1218)) - a88b317b-310e-4f91-ab19-5adcbba379a7@group-AAA528D1F098: receive requestVote(PRE_VOTE, 749a2a4e-326e-405d-8b3d-6482ea274e37, group-AAA528D1F098, 0, (t:0, i:0))
2023-03-15 05:43:56,572 [749a2a4e-326e-405d-8b3d-6482ea274e37@group-AAA528D1F098-LeaderElection3] INFO  server.RaftServerConfigKeys (ConfUtils.java:logFallback(53)) - raft.server.rpc.first-election.timeout.min = 5s (fallback to raft.server.rpc.timeout.min)
2023-03-15 05:43:56,575 [749a2a4e-326e-405d-8b3d-6482ea274e37@group-AAA528D1F098-LeaderElection3] INFO  server.RaftServerConfigKeys (ConfUtils.java:logFallback(53)) - raft.server.rpc.first-election.timeout.max = 5200ms (fallback to raft.server.rpc.timeout.max)
2023-03-15 05:43:56,575 [grpc-default-executor-0] INFO  impl.VoteContext (VoteContext.java:log(49)) - a88b317b-310e-4f91-ab19-5adcbba379a7@group-AAA528D1F098-FOLLOWER: accept PRE_VOTE from 749a2a4e-326e-405d-8b3d-6482ea274e37: our priority 0 <= candidate's priority 1
2023-03-15 05:43:56,576 [grpc-default-executor-0] INFO  server.RaftServer$Division (RaftServerImpl.java:requestVote(1251)) - a88b317b-310e-4f91-ab19-5adcbba379a7@group-AAA528D1F098 replies to PRE_VOTE vote request: 749a2a4e-326e-405d-8b3d-6482ea274e37<-a88b317b-310e-4f91-ab19-5adcbba379a7#0:OK-t0. Peer's state: a88b317b-310e-4f91-ab19-5adcbba379a7@group-AAA528D1F098:t0, leader=null, voted=, raftlog=Memoized:a88b317b-310e-4f91-ab19-5adcbba379a7@group-AAA528D1F098-SegmentedRaftLog:OPENED:c-1, conf=-1: peers:[93bbdb4e-ae1d-4286-84a2-0f7fae60ad59|rpc:10.1.0.18:43933|dataStream:10.1.0.18:42381|priority:0|startupRole:FOLLOWER, a88b317b-310e-4f91-ab19-5adcbba379a7|rpc:10.1.0.18:39225|dataStream:10.1.0.18:43727|priority:0|startupRole:FOLLOWER, 749a2a4e-326e-405d-8b3d-6482ea274e37|rpc:10.1.0.18:40203|dataStream:10.1.0.18:44725|priority:1|startupRole:FOLLOWER]|listeners:[], old=null
2023-03-15 05:43:56,577 [grpc-default-executor-1] INFO  server.RaftServer$Division (RaftServerImpl.java:requestVote(1218)) - 93bbdb4e-ae1d-4286-84a2-0f7fae60ad59@group-AAA528D1F098: receive requestVote(ELECTION, 749a2a4e-326e-405d-8b3d-6482ea274e37, group-AAA528D1F098, 1, (t:0, i:0))
2023-03-15 05:43:56,577 [grpc-default-executor-1] INFO  impl.VoteContext (VoteContext.java:log(49)) - 93bbdb4e-ae1d-4286-84a2-0f7fae60ad59@group-AAA528D1F098-FOLLOWER: accept ELECTION from 749a2a4e-326e-405d-8b3d-6482ea274e37: our priority 0 <= candidate's priority 1
2023-03-15 05:43:56,579 [grpc-default-executor-1] INFO  server.RaftServer$Division (RaftServerImpl.java:setRole(321)) - 93bbdb4e-ae1d-4286-84a2-0f7fae60ad59@group-AAA528D1F098: changes role from  FOLLOWER to FOLLOWER at term 1 for candidate:749a2a4e-326e-405d-8b3d-6482ea274e37
2023-03-15 05:43:56,579 [grpc-default-executor-1] INFO  impl.RoleInfo (RoleInfo.java:shutdownFollowerState(110)) - 93bbdb4e-ae1d-4286-84a2-0f7fae60ad59: shutdown 93bbdb4e-ae1d-4286-84a2-0f7fae60ad59@group-AAA528D1F098-FollowerState
2023-03-15 05:43:56,579 [93bbdb4e-ae1d-4286-84a2-0f7fae60ad59@group-AAA528D1F098-FollowerState] INFO  impl.FollowerState (FollowerState.java:run(152)) - 93bbdb4e-ae1d-4286-84a2-0f7fae60ad59@group-AAA528D1F098-FollowerState was interrupted
2023-03-15 05:43:56,581 [grpc-default-executor-1] INFO  impl.RoleInfo (RoleInfo.java:updateAndGet(139)) - 93bbdb4e-ae1d-4286-84a2-0f7fae60ad59: start 93bbdb4e-ae1d-4286-84a2-0f7fae60ad59@group-AAA528D1F098-FollowerState
2023-03-15 05:43:56,580 [grpc-default-executor-0] INFO  server.RaftServer$Division (RaftServerImpl.java:requestVote(1218)) - a88b317b-310e-4f91-ab19-5adcbba379a7@group-AAA528D1F098: receive requestVote(ELECTION, 749a2a4e-326e-405d-8b3d-6482ea274e37, group-AAA528D1F098, 1, (t:0, i:0))
2023-03-15 05:43:56,581 [grpc-default-executor-0] INFO  impl.VoteContext (VoteContext.java:log(49)) - a88b317b-310e-4f91-ab19-5adcbba379a7@group-AAA528D1F098-FOLLOWER: accept ELECTION from 749a2a4e-326e-405d-8b3d-6482ea274e37: our priority 0 <= candidate's priority 1
2023-03-15 05:43:56,581 [grpc-default-executor-0] INFO  server.RaftServer$Division (RaftServerImpl.java:setRole(321)) - a88b317b-310e-4f91-ab19-5adcbba379a7@group-AAA528D1F098: changes role from  FOLLOWER to FOLLOWER at term 1 for candidate:749a2a4e-326e-405d-8b3d-6482ea274e37
2023-03-15 05:43:56,581 [grpc-default-executor-0] INFO  impl.RoleInfo (RoleInfo.java:shutdownFollowerState(110)) - a88b317b-310e-4f91-ab19-5adcbba379a7: shutdown a88b317b-310e-4f91-ab19-5adcbba379a7@group-AAA528D1F098-FollowerState
2023-03-15 05:43:56,581 [93bbdb4e-ae1d-4286-84a2-0f7fae60ad59@group-AAA528D1F098-FollowerState] INFO  server.RaftServerConfigKeys (ConfUtils.java:logFallback(53)) - raft.server.rpc.first-election.timeout.min = 5s (fallback to raft.server.rpc.timeout.min)
2023-03-15 05:43:56,581 [93bbdb4e-ae1d-4286-84a2-0f7fae60ad59@group-AAA528D1F098-FollowerState] INFO  server.RaftServerConfigKeys (ConfUtils.java:logFallback(53)) - raft.server.rpc.first-election.timeout.max = 5200ms (fallback to raft.server.rpc.timeout.max)
2023-03-15 05:43:56,582 [a88b317b-310e-4f91-ab19-5adcbba379a7@group-AAA528D1F098-FollowerState] INFO  impl.FollowerState (FollowerState.java:run(152)) - a88b317b-310e-4f91-ab19-5adcbba379a7@group-AAA528D1F098-FollowerState was interrupted
2023-03-15 05:43:56,582 [grpc-default-executor-1] INFO  server.RaftServer$Division (RaftServerImpl.java:requestVote(1251)) - 93bbdb4e-ae1d-4286-84a2-0f7fae60ad59@group-AAA528D1F098 replies to ELECTION vote request: 749a2a4e-326e-405d-8b3d-6482ea274e37<-93bbdb4e-ae1d-4286-84a2-0f7fae60ad59#0:OK-t1. Peer's state: 93bbdb4e-ae1d-4286-84a2-0f7fae60ad59@group-AAA528D1F098:t1, leader=null, voted=749a2a4e-326e-405d-8b3d-6482ea274e37, raftlog=Memoized:93bbdb4e-ae1d-4286-84a2-0f7fae60ad59@group-AAA528D1F098-SegmentedRaftLog:OPENED:c-1, conf=-1: peers:[93bbdb4e-ae1d-4286-84a2-0f7fae60ad59|rpc:10.1.0.18:43933|dataStream:10.1.0.18:42381|priority:0|startupRole:FOLLOWER, a88b317b-310e-4f91-ab19-5adcbba379a7|rpc:10.1.0.18:39225|dataStream:10.1.0.18:43727|priority:0|startupRole:FOLLOWER, 749a2a4e-326e-405d-8b3d-6482ea274e37|rpc:10.1.0.18:40203|dataStream:10.1.0.18:44725|priority:1|startupRole:FOLLOWER]|listeners:[], old=null
2023-03-15 05:43:56,584 [749a2a4e-326e-405d-8b3d-6482ea274e37@group-AAA528D1F098-LeaderElection3] INFO  impl.LeaderElection (LeaderElection.java:logAndReturn(90)) - 749a2a4e-326e-405d-8b3d-6482ea274e37@group-AAA528D1F098-LeaderElection3: ELECTION PASSED received 1 response(s) and 0 exception(s):
2023-03-15 05:43:56,584 [749a2a4e-326e-405d-8b3d-6482ea274e37@group-AAA528D1F098-LeaderElection3] INFO  impl.LeaderElection (LeaderElection.java:logAndReturn(94)) -   Response 0: 749a2a4e-326e-405d-8b3d-6482ea274e37<-93bbdb4e-ae1d-4286-84a2-0f7fae60ad59#0:OK-t1
2023-03-15 05:43:56,584 [749a2a4e-326e-405d-8b3d-6482ea274e37@group-AAA528D1F098-LeaderElection3] INFO  impl.LeaderElection (LeaderElection.java:askForVotes(314)) - 749a2a4e-326e-405d-8b3d-6482ea274e37@group-AAA528D1F098-LeaderElection3 ELECTION round 0: result PASSED
2023-03-15 05:43:56,584 [749a2a4e-326e-405d-8b3d-6482ea274e37@group-AAA528D1F098-LeaderElection3] INFO  impl.RoleInfo (RoleInfo.java:shutdownLeaderElection(130)) - 749a2a4e-326e-405d-8b3d-6482ea274e37: shutdown 749a2a4e-326e-405d-8b3d-6482ea274e37@group-AAA528D1F098-LeaderElection3
2023-03-15 05:43:56,585 [749a2a4e-326e-405d-8b3d-6482ea274e37@group-AAA528D1F098-LeaderElection3] INFO  server.RaftServer$Division (RaftServerImpl.java:setRole(321)) - 749a2a4e-326e-405d-8b3d-6482ea274e37@group-AAA528D1F098: changes role from CANDIDATE to LEADER at term 1 for changeToLeader
2023-03-15 05:43:56,585 [749a2a4e-326e-405d-8b3d-6482ea274e37@group-AAA528D1F098-LeaderElection3] INFO  ratis.XceiverServerRatis (XceiverServerRatis.java:handleLeaderChangedNotification(905)) - Leader change notification received for group: group-AAA528D1F098 with new leaderId: 749a2a4e-326e-405d-8b3d-6482ea274e37
2023-03-15 05:43:56,585 [749a2a4e-326e-405d-8b3d-6482ea274e37@group-AAA528D1F098-LeaderElection3] INFO  server.RaftServer$Division (ServerState.java:setLeader(313)) - 749a2a4e-326e-405d-8b3d-6482ea274e37@group-AAA528D1F098: change Leader from null to 749a2a4e-326e-405d-8b3d-6482ea274e37 at term 1 for becomeLeader, leader elected after 5128ms
2023-03-15 05:43:56,585 [749a2a4e-326e-405d-8b3d-6482ea274e37@group-AAA528D1F098-LeaderElection3] INFO  server.RaftServerConfigKeys (ConfUtils.java:logGet(46)) - raft.server.staging.catchup.gap = 1000 (default)
2023-03-15 05:43:56,585 [749a2a4e-326e-405d-8b3d-6482ea274e37@group-AAA528D1F098-LeaderElection3] INFO  server.RaftServerConfigKeys (ConfUtils.java:logGet(46)) - raft.server.write.element-limit = 1024 (custom)
2023-03-15 05:43:56,585 [749a2a4e-326e-405d-8b3d-6482ea274e37@group-AAA528D1F098-LeaderElection3] INFO  server.RaftServerConfigKeys (ConfUtils.java:logGet(46)) - raft.server.write.byte-limit = 1024 M (=1073741824) (custom)
2023-03-15 05:43:56,585 [749a2a4e-326e-405d-8b3d-6482ea274e37@group-AAA528D1F098-LeaderElection3] INFO  server.RaftServerConfigKeys (ConfUtils.java:logGet(46)) - raft.server.watch.timeout = 180s (custom)
2023-03-15 05:43:56,585 [749a2a4e-326e-405d-8b3d-6482ea274e37@group-AAA528D1F098-LeaderElection3] INFO  server.RaftServerConfigKeys (ConfUtils.java:logGet(46)) - raft.server.watch.timeout.denomination = 1s (default)
2023-03-15 05:43:56,585 [749a2a4e-326e-405d-8b3d-6482ea274e37@group-AAA528D1F098-LeaderElection3] INFO  server.RaftServerConfigKeys (ConfUtils.java:logGet(46)) - raft.server.watch.element-limit = 65536 (default)
2023-03-15 05:43:56,585 [749a2a4e-326e-405d-8b3d-6482ea274e37@group-AAA528D1F098-LeaderElection3] INFO  server.RaftServerConfigKeys (ConfUtils.java:logGet(46)) - raft.server.write.element-limit = 1024 (custom)
2023-03-15 05:43:56,586 [749a2a4e-326e-405d-8b3d-6482ea274e37@group-AAA528D1F098-LeaderElection3] INFO  server.RaftServerConfigKeys (ConfUtils.java:logGet(46)) - raft.server.write.follower.gap.ratio.max = -1.0 (default)
2023-03-15 05:43:56,588 [grpc-default-executor-0] INFO  impl.RoleInfo (RoleInfo.java:updateAndGet(139)) - a88b317b-310e-4f91-ab19-5adcbba379a7: start a88b317b-310e-4f91-ab19-5adcbba379a7@group-AAA528D1F098-FollowerState
2023-03-15 05:43:56,589 [a88b317b-310e-4f91-ab19-5adcbba379a7@group-AAA528D1F098-FollowerState] INFO  server.RaftServerConfigKeys (ConfUtils.java:logFallback(53)) - raft.server.rpc.first-election.timeout.min = 5s (fallback to raft.server.rpc.timeout.min)
2023-03-15 05:43:56,589 [a88b317b-310e-4f91-ab19-5adcbba379a7@group-AAA528D1F098-FollowerState] INFO  server.RaftServerConfigKeys (ConfUtils.java:logFallback(53)) - raft.server.rpc.first-election.timeout.max = 5200ms (fallback to raft.server.rpc.timeout.max)
2023-03-15 05:43:56,590 [grpc-default-executor-0] INFO  server.RaftServer$Division (RaftServerImpl.java:requestVote(1251)) - a88b317b-310e-4f91-ab19-5adcbba379a7@group-AAA528D1F098 replies to ELECTION vote request: 749a2a4e-326e-405d-8b3d-6482ea274e37<-a88b317b-310e-4f91-ab19-5adcbba379a7#0:OK-t1. Peer's state: a88b317b-310e-4f91-ab19-5adcbba379a7@group-AAA528D1F098:t1, leader=null, voted=749a2a4e-326e-405d-8b3d-6482ea274e37, raftlog=Memoized:a88b317b-310e-4f91-ab19-5adcbba379a7@group-AAA528D1F098-SegmentedRaftLog:OPENED:c-1, conf=-1: peers:[93bbdb4e-ae1d-4286-84a2-0f7fae60ad59|rpc:10.1.0.18:43933|dataStream:10.1.0.18:42381|priority:0|startupRole:FOLLOWER, a88b317b-310e-4f91-ab19-5adcbba379a7|rpc:10.1.0.18:39225|dataStream:10.1.0.18:43727|priority:0|startupRole:FOLLOWER, 749a2a4e-326e-405d-8b3d-6482ea274e37|rpc:10.1.0.18:40203|dataStream:10.1.0.18:44725|priority:1|startupRole:FOLLOWER]|listeners:[], old=null
2023-03-15 05:43:56,591 [EventQueue-PipelineReportForPipelineReportHandler] INFO  pipeline.PipelineManagerImpl (PipelineManagerImpl.java:openPipeline(367)) - Pipeline Pipeline[ Id: fd08d0d5-0033-4d41-a1d9-aaa528d1f098, Nodes: 749a2a4e-326e-405d-8b3d-6482ea274e37(fv-az390-885.2udvygdcjcjuphbbpa4zxtqymb.gx.internal.cloudapp.net/10.1.0.18)93bbdb4e-ae1d-4286-84a2-0f7fae60ad59(fv-az390-885.2udvygdcjcjuphbbpa4zxtqymb.gx.internal.cloudapp.net/10.1.0.18)a88b317b-310e-4f91-ab19-5adcbba379a7(fv-az390-885.2udvygdcjcjuphbbpa4zxtqymb.gx.internal.cloudapp.net/10.1.0.18), ReplicationConfig: RATIS/THREE, State:ALLOCATED, leaderId:749a2a4e-326e-405d-8b3d-6482ea274e37, CreationTimestamp2023-03-15T05:43:49.338Z[Etc/UTC]] moved to OPEN state
2023-03-15 05:43:56,592 [EventQueue-OpenPipelineForHealthyPipelineSafeModeRule] INFO  safemode.SCMSafeModeManager (HealthyPipelineSafeModeRule.java:process(137)) - SCM in safe mode. Healthy pipelines reported count is 0, required healthy pipeline reported count is 1
2023-03-15 05:43:56,595 [EventQueue-OpenPipelineForHealthyPipelineSafeModeRule] INFO  safemode.SCMSafeModeManager (HealthyPipelineSafeModeRule.java:process(137)) - SCM in safe mode. Healthy pipelines reported count is 1, required healthy pipeline reported count is 1
2023-03-15 05:43:56,595 [EventQueue-OpenPipelineForHealthyPipelineSafeModeRule] INFO  safemode.SCMSafeModeManager (SCMSafeModeManager.java:validateSafeModeExitRules(200)) - HealthyPipelineSafeModeRule rule is successfully validated
2023-03-15 05:43:56,595 [EventQueue-OpenPipelineForHealthyPipelineSafeModeRule] INFO  safemode.SCMSafeModeManager (SCMSafeModeManager.java:validateSafeModeExitRules(215)) - ScmSafeModeManager, all rules are successfully validated
2023-03-15 05:43:56,595 [EventQueue-OpenPipelineForHealthyPipelineSafeModeRule] INFO  safemode.SCMSafeModeManager (SCMSafeModeManager.java:exitSafeMode(244)) - SCM exiting safe mode.
2023-03-15 05:43:56,595 [EventQueue-OpenPipelineForHealthyPipelineSafeModeRule] INFO  ha.SCMContext (SCMContext.java:updateSafeModeStatus(228)) - Update SafeModeStatus from SafeModeStatus{safeModeStatus=true, preCheckPassed=true} to SafeModeStatus{safeModeStatus=false, preCheckPassed=true}.
2023-03-15 05:43:56,595 [EventQueue-OpenPipelineForHealthyPipelineSafeModeRule] INFO  pipeline.BackgroundPipelineCreator (BackgroundPipelineCreator.java:notifyStatusChanged(254)) - Service BackgroundPipelineCreator transitions to RUNNING.
2023-03-15 05:43:56,595 [EventQueue-OpenPipelineForHealthyPipelineSafeModeRule] INFO  BackgroundPipelineScrubber (BackgroundSCMService.java:notifyStatusChanged(82)) - Service BackgroundPipelineScrubber transitions to RUNNING.
2023-03-15 05:43:56,595 [EventQueue-OpenPipelineForHealthyPipelineSafeModeRule] INFO  ExpiredContainerReplicaOpScrubber (BackgroundSCMService.java:notifyStatusChanged(82)) - Service ExpiredContainerReplicaOpScrubber transitions to RUNNING.
2023-03-15 05:43:56,595 [EventQueue-OpenPipelineForHealthyPipelineSafeModeRule] INFO  replication.ReplicationManager (ReplicationManager.java:notifyStatusChanged(1156)) - Service ReplicationManager transitions to RUNNING.
2023-03-15 05:43:56,598 [EventQueue-OpenPipelineForHealthyPipelineSafeModeRule] WARN  balancer.ContainerBalancer (ContainerBalancer.java:shouldRun(131)) - Could not find persisted configuration for ContainerBalancer when checking if ContainerBalancer should run. ContainerBalancer should not run now.
2023-03-15 05:43:56,605 [749a2a4e-326e-405d-8b3d-6482ea274e37@group-AAA528D1F098-LeaderElection3] INFO  server.RaftServerConfigKeys (ConfUtils.java:logGet(46)) - raft.server.log.appender.snapshot.chunk.size.max = 16MB (=16777216) (default)
2023-03-15 05:43:56,606 [749a2a4e-326e-405d-8b3d-6482ea274e37@group-AAA528D1F098-LeaderElection3] INFO  server.RaftServerConfigKeys (ConfUtils.java:logGet(46)) - raft.server.log.appender.buffer.byte-limit = 33554432 (custom)
2023-03-15 05:43:56,606 [749a2a4e-326e-405d-8b3d-6482ea274e37@group-AAA528D1F098-LeaderElection3] INFO  server.RaftServerConfigKeys (ConfUtils.java:logGet(46)) - raft.server.log.appender.buffer.element-limit = 1 (custom)
2023-03-15 05:43:56,609 [749a2a4e-326e-405d-8b3d-6482ea274e37@group-AAA528D1F098-LeaderElection3] INFO  grpc.GrpcConfigKeys (ConfUtils.java:logGet(46)) - raft.grpc.server.leader.outstanding.appends.max = 128 (default)
2023-03-15 05:43:56,609 [749a2a4e-326e-405d-8b3d-6482ea274e37@group-AAA528D1F098-LeaderElection3] INFO  server.RaftServerConfigKeys (ConfUtils.java:logGet(46)) - raft.server.rpc.request.timeout = 60s (custom)
2023-03-15 05:43:56,609 [749a2a4e-326e-405d-8b3d-6482ea274e37@group-AAA528D1F098-LeaderElection3] INFO  server.RaftServerConfigKeys (ConfUtils.java:logGet(46)) - raft.server.log.appender.install.snapshot.enabled = false (custom)
2023-03-15 05:43:56,609 [749a2a4e-326e-405d-8b3d-6482ea274e37@group-AAA528D1F098-LeaderElection3] INFO  grpc.GrpcConfigKeys (ConfUtils.java:logGet(46)) - raft.grpc.server.heartbeat.channel = true (default)
2023-03-15 05:43:56,609 [749a2a4e-326e-405d-8b3d-6482ea274e37@group-AAA528D1F098-LeaderElection3] INFO  server.RaftServerConfigKeys (ConfUtils.java:logGet(46)) - raft.server.log.appender.wait-time.min = 10ms (default)
2023-03-15 05:43:56,612 [749a2a4e-326e-405d-8b3d-6482ea274e37@group-AAA528D1F098-LeaderElection3] INFO  server.RaftServerConfigKeys (ConfUtils.java:logGet(46)) - raft.server.log.appender.snapshot.chunk.size.max = 16MB (=16777216) (default)
2023-03-15 05:43:56,612 [749a2a4e-326e-405d-8b3d-6482ea274e37@group-AAA528D1F098-LeaderElection3] INFO  server.RaftServerConfigKeys (ConfUtils.java:logGet(46)) - raft.server.log.appender.buffer.byte-limit = 33554432 (custom)
2023-03-15 05:43:56,612 [749a2a4e-326e-405d-8b3d-6482ea274e37@group-AAA528D1F098-LeaderElection3] INFO  server.RaftServerConfigKeys (ConfUtils.java:logGet(46)) - raft.server.log.appender.buffer.element-limit = 1 (custom)
2023-03-15 05:43:56,612 [749a2a4e-326e-405d-8b3d-6482ea274e37@group-AAA528D1F098-LeaderElection3] INFO  grpc.GrpcConfigKeys (ConfUtils.java:logGet(46)) - raft.grpc.server.leader.outstanding.appends.max = 128 (default)
2023-03-15 05:43:56,612 [749a2a4e-326e-405d-8b3d-6482ea274e37@group-AAA528D1F098-LeaderElection3] INFO  server.RaftServerConfigKeys (ConfUtils.java:logGet(46)) - raft.server.rpc.request.timeout = 60s (custom)
2023-03-15 05:43:56,612 [749a2a4e-326e-405d-8b3d-6482ea274e37@group-AAA528D1F098-LeaderElection3] INFO  server.RaftServerConfigKeys (ConfUtils.java:logGet(46)) - raft.server.log.appender.install.snapshot.enabled = false (custom)
2023-03-15 05:43:56,612 [749a2a4e-326e-405d-8b3d-6482ea274e37@group-AAA528D1F098-LeaderElection3] INFO  grpc.GrpcConfigKeys (ConfUtils.java:logGet(46)) - raft.grpc.server.heartbeat.channel = true (default)
2023-03-15 05:43:56,612 [749a2a4e-326e-405d-8b3d-6482ea274e37@group-AAA528D1F098-LeaderElection3] INFO  server.RaftServerConfigKeys (ConfUtils.java:logGet(46)) - raft.server.log.appender.wait-time.min = 10ms (default)
2023-03-15 05:43:56,613 [749a2a4e-326e-405d-8b3d-6482ea274e37@group-AAA528D1F098-LeaderElection3] INFO  impl.RoleInfo (RoleInfo.java:updateAndGet(139)) - 749a2a4e-326e-405d-8b3d-6482ea274e37: start 749a2a4e-326e-405d-8b3d-6482ea274e37@group-AAA528D1F098-LeaderStateImpl
2023-03-15 05:43:56,613 [749a2a4e-326e-405d-8b3d-6482ea274e37@group-AAA528D1F098-LeaderElection3] INFO  segmented.SegmentedRaftLogWorker (SegmentedRaftLogWorker.java:startLogSegment(452)) - 749a2a4e-326e-405d-8b3d-6482ea274e37@group-AAA528D1F098-SegmentedRaftLogWorker: Starting segment from index:0
2023-03-15 05:43:56,615 [749a2a4e-326e-405d-8b3d-6482ea274e37@group-AAA528D1F098-SegmentedRaftLogWorker] INFO  segmented.SegmentedRaftLogWorker (SegmentedRaftLogWorker.java:execute(656)) - 749a2a4e-326e-405d-8b3d-6482ea274e37@group-AAA528D1F098-SegmentedRaftLogWorker: created new log segment /home/runner/work/ozone/ozone/hadoop-ozone/integration-test/target/test-dir/MiniOzoneClusterImpl-257c5be2-ab76-4353-a1eb-ea8c6614f538/datanode-0/data/ratis/fd08d0d5-0033-4d41-a1d9-aaa528d1f098/current/log_inprogress_0
2023-03-15 05:43:56,627 [749a2a4e-326e-405d-8b3d-6482ea274e37@group-AAA528D1F098-LeaderElection3] INFO  server.RaftServer$Division (ServerState.java:setRaftConf(430)) - 749a2a4e-326e-405d-8b3d-6482ea274e37@group-AAA528D1F098: set configuration 0: peers:[93bbdb4e-ae1d-4286-84a2-0f7fae60ad59|rpc:10.1.0.18:43933|dataStream:10.1.0.18:42381|priority:0|startupRole:FOLLOWER, a88b317b-310e-4f91-ab19-5adcbba379a7|rpc:10.1.0.18:39225|dataStream:10.1.0.18:43727|priority:0|startupRole:FOLLOWER, 749a2a4e-326e-405d-8b3d-6482ea274e37|rpc:10.1.0.18:40203|dataStream:10.1.0.18:44725|priority:1|startupRole:FOLLOWER]|listeners:[], old=null
2023-03-15 05:43:56,671 [93bbdb4e-ae1d-4286-84a2-0f7fae60ad59-server-thread1] INFO  ratis.XceiverServerRatis (XceiverServerRatis.java:handleLeaderChangedNotification(905)) - Leader change notification received for group: group-AAA528D1F098 with new leaderId: 749a2a4e-326e-405d-8b3d-6482ea274e37
2023-03-15 05:43:56,671 [93bbdb4e-ae1d-4286-84a2-0f7fae60ad59-server-thread1] INFO  server.RaftServer$Division (ServerState.java:setLeader(313)) - 93bbdb4e-ae1d-4286-84a2-0f7fae60ad59@group-AAA528D1F098: change Leader from null to 749a2a4e-326e-405d-8b3d-6482ea274e37 at term 1 for appendEntries, leader elected after 4845ms
2023-03-15 05:43:56,680 [93bbdb4e-ae1d-4286-84a2-0f7fae60ad59-server-thread2] INFO  server.RaftServer$Division (ServerState.java:setRaftConf(430)) - 93bbdb4e-ae1d-4286-84a2-0f7fae60ad59@group-AAA528D1F098: set configuration 0: peers:[93bbdb4e-ae1d-4286-84a2-0f7fae60ad59|rpc:10.1.0.18:43933|dataStream:10.1.0.18:42381|priority:0|startupRole:FOLLOWER, a88b317b-310e-4f91-ab19-5adcbba379a7|rpc:10.1.0.18:39225|dataStream:10.1.0.18:43727|priority:0|startupRole:FOLLOWER, 749a2a4e-326e-405d-8b3d-6482ea274e37|rpc:10.1.0.18:40203|dataStream:10.1.0.18:44725|priority:1|startupRole:FOLLOWER]|listeners:[], old=null
2023-03-15 05:43:56,681 [93bbdb4e-ae1d-4286-84a2-0f7fae60ad59-server-thread2] INFO  segmented.SegmentedRaftLogWorker (SegmentedRaftLogWorker.java:startLogSegment(452)) - 93bbdb4e-ae1d-4286-84a2-0f7fae60ad59@group-AAA528D1F098-SegmentedRaftLogWorker: Starting segment from index:0
2023-03-15 05:43:56,680 [a88b317b-310e-4f91-ab19-5adcbba379a7-server-thread1] INFO  ratis.XceiverServerRatis (XceiverServerRatis.java:handleLeaderChangedNotification(905)) - Leader change notification received for group: group-AAA528D1F098 with new leaderId: 749a2a4e-326e-405d-8b3d-6482ea274e37
2023-03-15 05:43:56,683 [a88b317b-310e-4f91-ab19-5adcbba379a7-server-thread1] INFO  server.RaftServer$Division (ServerState.java:setLeader(313)) - a88b317b-310e-4f91-ab19-5adcbba379a7@group-AAA528D1F098: change Leader from null to 749a2a4e-326e-405d-8b3d-6482ea274e37 at term 1 for appendEntries, leader elected after 4755ms
2023-03-15 05:43:56,684 [a88b317b-310e-4f91-ab19-5adcbba379a7-server-thread1] INFO  server.RaftServer$Division (ServerState.java:setRaftConf(430)) - a88b317b-310e-4f91-ab19-5adcbba379a7@group-AAA528D1F098: set configuration 0: peers:[93bbdb4e-ae1d-4286-84a2-0f7fae60ad59|rpc:10.1.0.18:43933|dataStream:10.1.0.18:42381|priority:0|startupRole:FOLLOWER, a88b317b-310e-4f91-ab19-5adcbba379a7|rpc:10.1.0.18:39225|dataStream:10.1.0.18:43727|priority:0|startupRole:FOLLOWER, 749a2a4e-326e-405d-8b3d-6482ea274e37|rpc:10.1.0.18:40203|dataStream:10.1.0.18:44725|priority:1|startupRole:FOLLOWER]|listeners:[], old=null
2023-03-15 05:43:56,684 [a88b317b-310e-4f91-ab19-5adcbba379a7-server-thread1] INFO  segmented.SegmentedRaftLogWorker (SegmentedRaftLogWorker.java:startLogSegment(452)) - a88b317b-310e-4f91-ab19-5adcbba379a7@group-AAA528D1F098-SegmentedRaftLogWorker: Starting segment from index:0
2023-03-15 05:43:56,686 [93bbdb4e-ae1d-4286-84a2-0f7fae60ad59@group-AAA528D1F098-SegmentedRaftLogWorker] INFO  segmented.SegmentedRaftLogWorker (SegmentedRaftLogWorker.java:execute(656)) - 93bbdb4e-ae1d-4286-84a2-0f7fae60ad59@group-AAA528D1F098-SegmentedRaftLogWorker: created new log segment /home/runner/work/ozone/ozone/hadoop-ozone/integration-test/target/test-dir/MiniOzoneClusterImpl-257c5be2-ab76-4353-a1eb-ea8c6614f538/datanode-2/data/ratis/fd08d0d5-0033-4d41-a1d9-aaa528d1f098/current/log_inprogress_0
2023-03-15 05:43:56,687 [a88b317b-310e-4f91-ab19-5adcbba379a7@group-AAA528D1F098-SegmentedRaftLogWorker] INFO  segmented.SegmentedRaftLogWorker (SegmentedRaftLogWorker.java:execute(656)) - a88b317b-310e-4f91-ab19-5adcbba379a7@group-AAA528D1F098-SegmentedRaftLogWorker: created new log segment /home/runner/work/ozone/ozone/hadoop-ozone/integration-test/target/test-dir/MiniOzoneClusterImpl-257c5be2-ab76-4353-a1eb-ea8c6614f538/datanode-1/data/ratis/fd08d0d5-0033-4d41-a1d9-aaa528d1f098/current/log_inprogress_0
2023-03-15 05:43:57,096 [Listener at 127.0.0.1/43369] INFO  ozone.MiniOzoneClusterImpl (MiniOzoneClusterImpl.java:lambda$waitForClusterToBeReady$0(218)) - Nodes are ready. Got 5 of 5 DN Heartbeats.
2023-03-15 05:43:57,096 [Listener at 127.0.0.1/43369] INFO  ozone.MiniOzoneClusterImpl (MiniOzoneClusterImpl.java:lambda$waitForClusterToBeReady$0(221)) - Cluster exits safe mode
2023-03-15 05:43:57,096 [Listener at 127.0.0.1/43369] INFO  ozone.MiniOzoneClusterImpl (MiniOzoneClusterImpl.java:lambda$waitForClusterToBeReady$0(223)) - SCM became leader
2023-03-15 05:43:57,217 [a88b317b-310e-4f91-ab19-5adcbba379a7@group-6BCA25F94B5E-FollowerState] INFO  impl.FollowerState (FollowerState.java:run(143)) - a88b317b-310e-4f91-ab19-5adcbba379a7@group-6BCA25F94B5E-FollowerState: change to CANDIDATE, lastRpcElapsedTime:5090533060ns, electionTimeout:5086ms
2023-03-15 05:43:57,217 [a88b317b-310e-4f91-ab19-5adcbba379a7@group-6BCA25F94B5E-FollowerState] INFO  impl.RoleInfo (RoleInfo.java:shutdownFollowerState(110)) - a88b317b-310e-4f91-ab19-5adcbba379a7: shutdown a88b317b-310e-4f91-ab19-5adcbba379a7@group-6BCA25F94B5E-FollowerState
2023-03-15 05:43:57,217 [a88b317b-310e-4f91-ab19-5adcbba379a7@group-6BCA25F94B5E-FollowerState] INFO  server.RaftServer$Division (RaftServerImpl.java:setRole(321)) - a88b317b-310e-4f91-ab19-5adcbba379a7@group-6BCA25F94B5E: changes role from  FOLLOWER to CANDIDATE at term 0 for changeToCandidate
2023-03-15 05:43:57,219 [a88b317b-310e-4f91-ab19-5adcbba379a7@group-6BCA25F94B5E-FollowerState] INFO  server.RaftServerConfigKeys (ConfUtils.java:logGet(46)) - raft.server.leaderelection.pre-vote = true (default)
2023-03-15 05:43:57,219 [a88b317b-310e-4f91-ab19-5adcbba379a7@group-6BCA25F94B5E-FollowerState] INFO  impl.RoleInfo (RoleInfo.java:updateAndGet(139)) - a88b317b-310e-4f91-ab19-5adcbba379a7: start a88b317b-310e-4f91-ab19-5adcbba379a7@group-6BCA25F94B5E-LeaderElection4
2023-03-15 05:43:57,228 [a88b317b-310e-4f91-ab19-5adcbba379a7@group-6BCA25F94B5E-LeaderElection4] INFO  impl.LeaderElection (LeaderElection.java:askForVotes(312)) - a88b317b-310e-4f91-ab19-5adcbba379a7@group-6BCA25F94B5E-LeaderElection4 PRE_VOTE round 0: submit vote requests at term 0 for -1: peers:[a88b317b-310e-4f91-ab19-5adcbba379a7|rpc:10.1.0.18:39225|dataStream:10.1.0.18:43727|priority:1|startupRole:FOLLOWER]|listeners:[], old=null
2023-03-15 05:43:57,228 [a88b317b-310e-4f91-ab19-5adcbba379a7@group-6BCA25F94B5E-LeaderElection4] INFO  impl.LeaderElection (LeaderElection.java:askForVotes(314)) - a88b317b-310e-4f91-ab19-5adcbba379a7@group-6BCA25F94B5E-LeaderElection4 PRE_VOTE round 0: result PASSED (term=0)
2023-03-15 05:43:57,229 [a88b317b-310e-4f91-ab19-5adcbba379a7@group-6BCA25F94B5E-LeaderElection4] INFO  impl.LeaderElection (LeaderElection.java:askForVotes(312)) - a88b317b-310e-4f91-ab19-5adcbba379a7@group-6BCA25F94B5E-LeaderElection4 ELECTION round 0: submit vote requests at term 1 for -1: peers:[a88b317b-310e-4f91-ab19-5adcbba379a7|rpc:10.1.0.18:39225|dataStream:10.1.0.18:43727|priority:1|startupRole:FOLLOWER]|listeners:[], old=null
2023-03-15 05:43:57,229 [a88b317b-310e-4f91-ab19-5adcbba379a7@group-6BCA25F94B5E-LeaderElection4] INFO  impl.LeaderElection (LeaderElection.java:askForVotes(314)) - a88b317b-310e-4f91-ab19-5adcbba379a7@group-6BCA25F94B5E-LeaderElection4 ELECTION round 0: result PASSED (term=1)
2023-03-15 05:43:57,229 [a88b317b-310e-4f91-ab19-5adcbba379a7@group-6BCA25F94B5E-LeaderElection4] INFO  impl.RoleInfo (RoleInfo.java:shutdownLeaderElection(130)) - a88b317b-310e-4f91-ab19-5adcbba379a7: shutdown a88b317b-310e-4f91-ab19-5adcbba379a7@group-6BCA25F94B5E-LeaderElection4
2023-03-15 05:43:57,229 [a88b317b-310e-4f91-ab19-5adcbba379a7@group-6BCA25F94B5E-LeaderElection4] INFO  server.RaftServer$Division (RaftServerImpl.java:setRole(321)) - a88b317b-310e-4f91-ab19-5adcbba379a7@group-6BCA25F94B5E: changes role from CANDIDATE to LEADER at term 1 for changeToLeader
2023-03-15 05:43:57,229 [a88b317b-310e-4f91-ab19-5adcbba379a7@group-6BCA25F94B5E-LeaderElection4] INFO  ratis.XceiverServerRatis (XceiverServerRatis.java:handleLeaderChangedNotification(905)) - Leader change notification received for group: group-6BCA25F94B5E with new leaderId: a88b317b-310e-4f91-ab19-5adcbba379a7
2023-03-15 05:43:57,230 [a88b317b-310e-4f91-ab19-5adcbba379a7@group-6BCA25F94B5E-LeaderElection4] INFO  server.RaftServer$Division (ServerState.java:setLeader(313)) - a88b317b-310e-4f91-ab19-5adcbba379a7@group-6BCA25F94B5E: change Leader from null to a88b317b-310e-4f91-ab19-5adcbba379a7 at term 1 for becomeLeader, leader elected after 5120ms
2023-03-15 05:43:57,230 [a88b317b-310e-4f91-ab19-5adcbba379a7@group-6BCA25F94B5E-LeaderElection4] INFO  server.RaftServerConfigKeys (ConfUtils.java:logGet(46)) - raft.server.staging.catchup.gap = 1000 (default)
2023-03-15 05:43:57,230 [a88b317b-310e-4f91-ab19-5adcbba379a7@group-6BCA25F94B5E-LeaderElection4] INFO  server.RaftServerConfigKeys (ConfUtils.java:logGet(46)) - raft.server.write.element-limit = 1024 (custom)
2023-03-15 05:43:57,230 [a88b317b-310e-4f91-ab19-5adcbba379a7@group-6BCA25F94B5E-LeaderElection4] INFO  server.RaftServerConfigKeys (ConfUtils.java:logGet(46)) - raft.server.write.byte-limit = 1024 M (=1073741824) (custom)
2023-03-15 05:43:57,230 [a88b317b-310e-4f91-ab19-5adcbba379a7@group-6BCA25F94B5E-LeaderElection4] INFO  server.RaftServerConfigKeys (ConfUtils.java:logGet(46)) - raft.server.watch.timeout = 180s (custom)
2023-03-15 05:43:57,230 [a88b317b-310e-4f91-ab19-5adcbba379a7@group-6BCA25F94B5E-LeaderElection4] INFO  server.RaftServerConfigKeys (ConfUtils.java:logGet(46)) - raft.server.watch.timeout.denomination = 1s (default)
2023-03-15 05:43:57,230 [a88b317b-310e-4f91-ab19-5adcbba379a7@group-6BCA25F94B5E-LeaderElection4] INFO  server.RaftServerConfigKeys (ConfUtils.java:logGet(46)) - raft.server.watch.element-limit = 65536 (default)
2023-03-15 05:43:57,230 [a88b317b-310e-4f91-ab19-5adcbba379a7@group-6BCA25F94B5E-LeaderElection4] INFO  server.RaftServerConfigKeys (ConfUtils.java:logGet(46)) - raft.server.write.element-limit = 1024 (custom)
2023-03-15 05:43:57,230 [a88b317b-310e-4f91-ab19-5adcbba379a7@group-6BCA25F94B5E-LeaderElection4] INFO  server.RaftServerConfigKeys (ConfUtils.java:logGet(46)) - raft.server.write.follower.gap.ratio.max = -1.0 (default)
2023-03-15 05:43:57,231 [a88b317b-310e-4f91-ab19-5adcbba379a7@group-6BCA25F94B5E-LeaderElection4] INFO  impl.RoleInfo (RoleInfo.java:updateAndGet(139)) - a88b317b-310e-4f91-ab19-5adcbba379a7: start a88b317b-310e-4f91-ab19-5adcbba379a7@group-6BCA25F94B5E-LeaderStateImpl
2023-03-15 05:43:57,231 [a88b317b-310e-4f91-ab19-5adcbba379a7@group-6BCA25F94B5E-LeaderElection4] INFO  segmented.SegmentedRaftLogWorker (SegmentedRaftLogWorker.java:startLogSegment(452)) - a88b317b-310e-4f91-ab19-5adcbba379a7@group-6BCA25F94B5E-SegmentedRaftLogWorker: Starting segment from index:0
2023-03-15 05:43:57,232 [a88b317b-310e-4f91-ab19-5adcbba379a7@group-6BCA25F94B5E-SegmentedRaftLogWorker] INFO  segmented.SegmentedRaftLogWorker (SegmentedRaftLogWorker.java:execute(656)) - a88b317b-310e-4f91-ab19-5adcbba379a7@group-6BCA25F94B5E-SegmentedRaftLogWorker: created new log segment /home/runner/work/ozone/ozone/hadoop-ozone/integration-test/target/test-dir/MiniOzoneClusterImpl-257c5be2-ab76-4353-a1eb-ea8c6614f538/datanode-1/data/ratis/eae55e7e-2c35-415d-9295-6bca25f94b5e/current/log_inprogress_0
2023-03-15 05:43:57,251 [a88b317b-310e-4f91-ab19-5adcbba379a7@group-6BCA25F94B5E-LeaderElection4] INFO  server.RaftServer$Division (ServerState.java:setRaftConf(430)) - a88b317b-310e-4f91-ab19-5adcbba379a7@group-6BCA25F94B5E: set configuration 0: peers:[a88b317b-310e-4f91-ab19-5adcbba379a7|rpc:10.1.0.18:39225|dataStream:10.1.0.18:43727|priority:1|startupRole:FOLLOWER]|listeners:[], old=null
2023-03-15 05:43:57,296 [749a2a4e-326e-405d-8b3d-6482ea274e37@group-1CC7A4FEEB72-FollowerState] INFO  impl.FollowerState (FollowerState.java:run(143)) - 749a2a4e-326e-405d-8b3d-6482ea274e37@group-1CC7A4FEEB72-FollowerState: change to CANDIDATE, lastRpcElapsedTime:5145419741ns, electionTimeout:5140ms
2023-03-15 05:43:57,296 [749a2a4e-326e-405d-8b3d-6482ea274e37@group-1CC7A4FEEB72-FollowerState] INFO  impl.RoleInfo (RoleInfo.java:shutdownFollowerState(110)) - 749a2a4e-326e-405d-8b3d-6482ea274e37: shutdown 749a2a4e-326e-405d-8b3d-6482ea274e37@group-1CC7A4FEEB72-FollowerState
2023-03-15 05:43:57,296 [749a2a4e-326e-405d-8b3d-6482ea274e37@group-1CC7A4FEEB72-FollowerState] INFO  server.RaftServer$Division (RaftServerImpl.java:setRole(321)) - 749a2a4e-326e-405d-8b3d-6482ea274e37@group-1CC7A4FEEB72: changes role from  FOLLOWER to CANDIDATE at term 0 for changeToCandidate
2023-03-15 05:43:57,298 [749a2a4e-326e-405d-8b3d-6482ea274e37@group-1CC7A4FEEB72-FollowerState] INFO  server.RaftServerConfigKeys (ConfUtils.java:logGet(46)) - raft.server.leaderelection.pre-vote = true (default)
2023-03-15 05:43:57,298 [749a2a4e-326e-405d-8b3d-6482ea274e37@group-1CC7A4FEEB72-FollowerState] INFO  impl.RoleInfo (RoleInfo.java:updateAndGet(139)) - 749a2a4e-326e-405d-8b3d-6482ea274e37: start 749a2a4e-326e-405d-8b3d-6482ea274e37@group-1CC7A4FEEB72-LeaderElection5
2023-03-15 05:43:57,307 [749a2a4e-326e-405d-8b3d-6482ea274e37@group-1CC7A4FEEB72-LeaderElection5] INFO  impl.LeaderElection (LeaderElection.java:askForVotes(312)) - 749a2a4e-326e-405d-8b3d-6482ea274e37@group-1CC7A4FEEB72-LeaderElection5 PRE_VOTE round 0: submit vote requests at term 0 for -1: peers:[a88b317b-310e-4f91-ab19-5adcbba379a7|rpc:10.1.0.18:39225|dataStream:10.1.0.18:43727|priority:0|startupRole:FOLLOWER, 93bbdb4e-ae1d-4286-84a2-0f7fae60ad59|rpc:10.1.0.18:43933|dataStream:10.1.0.18:42381|priority:1|startupRole:FOLLOWER, 749a2a4e-326e-405d-8b3d-6482ea274e37|rpc:10.1.0.18:40203|dataStream:10.1.0.18:44725|priority:0|startupRole:FOLLOWER]|listeners:[], old=null
2023-03-15 05:43:57,311 [749a2a4e-326e-405d-8b3d-6482ea274e37@group-1CC7A4FEEB72-LeaderElection5] INFO  server.RaftServerConfigKeys (ConfUtils.java:logFallback(53)) - raft.server.rpc.first-election.timeout.min = 5s (fallback to raft.server.rpc.timeout.min)
2023-03-15 05:43:57,311 [749a2a4e-326e-405d-8b3d-6482ea274e37@group-1CC7A4FEEB72-LeaderElection5] INFO  server.RaftServerConfigKeys (ConfUtils.java:logFallback(53)) - raft.server.rpc.first-election.timeout.max = 5200ms (fallback to raft.server.rpc.timeout.max)
2023-03-15 05:43:57,316 [grpc-default-executor-1] INFO  server.RaftServer$Division (RaftServerImpl.java:requestVote(1218)) - a88b317b-310e-4f91-ab19-5adcbba379a7@group-1CC7A4FEEB72: receive requestVote(PRE_VOTE, 749a2a4e-326e-405d-8b3d-6482ea274e37, group-1CC7A4FEEB72, 0, (t:0, i:0))
2023-03-15 05:43:57,324 [grpc-default-executor-1] INFO  impl.VoteContext (VoteContext.java:log(49)) - a88b317b-310e-4f91-ab19-5adcbba379a7@group-1CC7A4FEEB72-FOLLOWER: accept PRE_VOTE from 749a2a4e-326e-405d-8b3d-6482ea274e37: our priority 0 <= candidate's priority 0
2023-03-15 05:43:57,324 [grpc-default-executor-1] INFO  server.RaftServer$Division (RaftServerImpl.java:requestVote(1251)) - a88b317b-310e-4f91-ab19-5adcbba379a7@group-1CC7A4FEEB72 replies to PRE_VOTE vote request: 749a2a4e-326e-405d-8b3d-6482ea274e37<-a88b317b-310e-4f91-ab19-5adcbba379a7#0:OK-t0. Peer's state: a88b317b-310e-4f91-ab19-5adcbba379a7@group-1CC7A4FEEB72:t0, leader=null, voted=, raftlog=Memoized:a88b317b-310e-4f91-ab19-5adcbba379a7@group-1CC7A4FEEB72-SegmentedRaftLog:OPENED:c-1, conf=-1: peers:[a88b317b-310e-4f91-ab19-5adcbba379a7|rpc:10.1.0.18:39225|dataStream:10.1.0.18:43727|priority:0|startupRole:FOLLOWER, 93bbdb4e-ae1d-4286-84a2-0f7fae60ad59|rpc:10.1.0.18:43933|dataStream:10.1.0.18:42381|priority:1|startupRole:FOLLOWER, 749a2a4e-326e-405d-8b3d-6482ea274e37|rpc:10.1.0.18:40203|dataStream:10.1.0.18:44725|priority:0|startupRole:FOLLOWER]|listeners:[], old=null
2023-03-15 05:43:57,340 [a88b317b-310e-4f91-ab19-5adcbba379a7@group-1CC7A4FEEB72-FollowerState] INFO  server.RaftServerConfigKeys (ConfUtils.java:logFallback(53)) - raft.server.rpc.first-election.timeout.min = 5s (fallback to raft.server.rpc.timeout.min)
2023-03-15 05:43:57,340 [a88b317b-310e-4f91-ab19-5adcbba379a7@group-1CC7A4FEEB72-FollowerState] INFO  server.RaftServerConfigKeys (ConfUtils.java:logFallback(53)) - raft.server.rpc.first-election.timeout.max = 5200ms (fallback to raft.server.rpc.timeout.max)
2023-03-15 05:43:57,342 [grpc-default-executor-3] INFO  server.RaftServer$Division (RaftServerImpl.java:requestVote(1218)) - 93bbdb4e-ae1d-4286-84a2-0f7fae60ad59@group-1CC7A4FEEB72: receive requestVote(PRE_VOTE, 749a2a4e-326e-405d-8b3d-6482ea274e37, group-1CC7A4FEEB72, 0, (t:0, i:0))
2023-03-15 05:43:57,355 [grpc-default-executor-3] INFO  impl.VoteContext (VoteContext.java:log(49)) - 93bbdb4e-ae1d-4286-84a2-0f7fae60ad59@group-1CC7A4FEEB72-FOLLOWER: reject PRE_VOTE from 749a2a4e-326e-405d-8b3d-6482ea274e37: our priority 1 > candidate's priority 0
2023-03-15 05:43:57,355 [grpc-default-executor-3] INFO  server.RaftServer$Division (RaftServerImpl.java:requestVote(1251)) - 93bbdb4e-ae1d-4286-84a2-0f7fae60ad59@group-1CC7A4FEEB72 replies to PRE_VOTE vote request: 749a2a4e-326e-405d-8b3d-6482ea274e37<-93bbdb4e-ae1d-4286-84a2-0f7fae60ad59#0:FAIL-t0. Peer's state: 93bbdb4e-ae1d-4286-84a2-0f7fae60ad59@group-1CC7A4FEEB72:t0, leader=null, voted=, raftlog=Memoized:93bbdb4e-ae1d-4286-84a2-0f7fae60ad59@group-1CC7A4FEEB72-SegmentedRaftLog:OPENED:c-1, conf=-1: peers:[a88b317b-310e-4f91-ab19-5adcbba379a7|rpc:10.1.0.18:39225|dataStream:10.1.0.18:43727|priority:0|startupRole:FOLLOWER, 93bbdb4e-ae1d-4286-84a2-0f7fae60ad59|rpc:10.1.0.18:43933|dataStream:10.1.0.18:42381|priority:1|startupRole:FOLLOWER, 749a2a4e-326e-405d-8b3d-6482ea274e37|rpc:10.1.0.18:40203|dataStream:10.1.0.18:44725|priority:0|startupRole:FOLLOWER]|listeners:[], old=null
2023-03-15 05:43:57,357 [749a2a4e-326e-405d-8b3d-6482ea274e37@group-1CC7A4FEEB72-LeaderElection5] INFO  impl.LeaderElection (LeaderElection.java:logAndReturn(90)) - 749a2a4e-326e-405d-8b3d-6482ea274e37@group-1CC7A4FEEB72-LeaderElection5: PRE_VOTE REJECTED received 2 response(s) and 0 exception(s):
2023-03-15 05:43:57,358 [749a2a4e-326e-405d-8b3d-6482ea274e37@group-1CC7A4FEEB72-LeaderElection5] INFO  impl.LeaderElection (LeaderElection.java:logAndReturn(94)) -   Response 0: 749a2a4e-326e-405d-8b3d-6482ea274e37<-a88b317b-310e-4f91-ab19-5adcbba379a7#0:OK-t0
2023-03-15 05:43:57,358 [749a2a4e-326e-405d-8b3d-6482ea274e37@group-1CC7A4FEEB72-LeaderElection5] INFO  impl.LeaderElection (LeaderElection.java:logAndReturn(94)) -   Response 1: 749a2a4e-326e-405d-8b3d-6482ea274e37<-93bbdb4e-ae1d-4286-84a2-0f7fae60ad59#0:FAIL-t0
2023-03-15 05:43:57,358 [749a2a4e-326e-405d-8b3d-6482ea274e37@group-1CC7A4FEEB72-LeaderElection5] INFO  impl.LeaderElection (LeaderElection.java:askForVotes(314)) - 749a2a4e-326e-405d-8b3d-6482ea274e37@group-1CC7A4FEEB72-LeaderElection5 PRE_VOTE round 0: result REJECTED
2023-03-15 05:43:57,360 [749a2a4e-326e-405d-8b3d-6482ea274e37@group-1CC7A4FEEB72-LeaderElection5] INFO  server.RaftServer$Division (RaftServerImpl.java:setRole(321)) - 749a2a4e-326e-405d-8b3d-6482ea274e37@group-1CC7A4FEEB72: changes role from CANDIDATE to FOLLOWER at term 0 for REJECTED
2023-03-15 05:43:57,360 [749a2a4e-326e-405d-8b3d-6482ea274e37@group-1CC7A4FEEB72-LeaderElection5] INFO  impl.RoleInfo (RoleInfo.java:shutdownLeaderElection(130)) - 749a2a4e-326e-405d-8b3d-6482ea274e37: shutdown 749a2a4e-326e-405d-8b3d-6482ea274e37@group-1CC7A4FEEB72-LeaderElection5
2023-03-15 05:43:57,360 [749a2a4e-326e-405d-8b3d-6482ea274e37@group-1CC7A4FEEB72-LeaderElection5] INFO  impl.RoleInfo (RoleInfo.java:updateAndGet(139)) - 749a2a4e-326e-405d-8b3d-6482ea274e37: start 749a2a4e-326e-405d-8b3d-6482ea274e37@group-1CC7A4FEEB72-FollowerState
2023-03-15 05:43:57,361 [749a2a4e-326e-405d-8b3d-6482ea274e37@group-1CC7A4FEEB72-FollowerState] INFO  server.RaftServerConfigKeys (ConfUtils.java:logFallback(53)) - raft.server.rpc.first-election.timeout.min = 5s (fallback to raft.server.rpc.timeout.min)
2023-03-15 05:43:57,363 [749a2a4e-326e-405d-8b3d-6482ea274e37@group-1CC7A4FEEB72-FollowerState] INFO  server.RaftServerConfigKeys (ConfUtils.java:logFallback(53)) - raft.server.rpc.first-election.timeout.max = 5200ms (fallback to raft.server.rpc.timeout.max)
2023-03-15 05:43:57,426 [93bbdb4e-ae1d-4286-84a2-0f7fae60ad59@group-1CC7A4FEEB72-FollowerState] INFO  impl.FollowerState (FollowerState.java:run(143)) - 93bbdb4e-ae1d-4286-84a2-0f7fae60ad59@group-1CC7A4FEEB72-FollowerState: change to CANDIDATE, lastRpcElapsedTime:5132685844ns, electionTimeout:5129ms
2023-03-15 05:43:57,427 [93bbdb4e-ae1d-4286-84a2-0f7fae60ad59@group-1CC7A4FEEB72-FollowerState] INFO  impl.RoleInfo (RoleInfo.java:shutdownFollowerState(110)) - 93bbdb4e-ae1d-4286-84a2-0f7fae60ad59: shutdown 93bbdb4e-ae1d-4286-84a2-0f7fae60ad59@group-1CC7A4FEEB72-FollowerState
2023-03-15 05:43:57,427 [93bbdb4e-ae1d-4286-84a2-0f7fae60ad59@group-1CC7A4FEEB72-FollowerState] INFO  server.RaftServer$Division (RaftServerImpl.java:setRole(321)) - 93bbdb4e-ae1d-4286-84a2-0f7fae60ad59@group-1CC7A4FEEB72: changes role from  FOLLOWER to CANDIDATE at term 0 for changeToCandidate
2023-03-15 05:43:57,428 [93bbdb4e-ae1d-4286-84a2-0f7fae60ad59@group-1CC7A4FEEB72-FollowerState] INFO  server.RaftServerConfigKeys (ConfUtils.java:logGet(46)) - raft.server.leaderelection.pre-vote = true (default)
2023-03-15 05:43:57,428 [93bbdb4e-ae1d-4286-84a2-0f7fae60ad59@group-1CC7A4FEEB72-FollowerState] INFO  impl.RoleInfo (RoleInfo.java:updateAndGet(139)) - 93bbdb4e-ae1d-4286-84a2-0f7fae60ad59: start 93bbdb4e-ae1d-4286-84a2-0f7fae60ad59@group-1CC7A4FEEB72-LeaderElection6
2023-03-15 05:43:57,440 [93bbdb4e-ae1d-4286-84a2-0f7fae60ad59@group-1CC7A4FEEB72-LeaderElection6] INFO  impl.LeaderElection (LeaderElection.java:askForVotes(312)) - 93bbdb4e-ae1d-4286-84a2-0f7fae60ad59@group-1CC7A4FEEB72-LeaderElection6 PRE_VOTE round 0: submit vote requests at term 0 for -1: peers:[a88b317b-310e-4f91-ab19-5adcbba379a7|rpc:10.1.0.18:39225|dataStream:10.1.0.18:43727|priority:0|startupRole:FOLLOWER, 93bbdb4e-ae1d-4286-84a2-0f7fae60ad59|rpc:10.1.0.18:43933|dataStream:10.1.0.18:42381|priority:1|startupRole:FOLLOWER, 749a2a4e-326e-405d-8b3d-6482ea274e37|rpc:10.1.0.18:40203|dataStream:10.1.0.18:44725|priority:0|startupRole:FOLLOWER]|listeners:[], old=null
2023-03-15 05:43:57,447 [93bbdb4e-ae1d-4286-84a2-0f7fae60ad59@group-1CC7A4FEEB72-LeaderElection6-1] INFO  server.GrpcServerProtocolClient (GrpcServerProtocolClient.java:<init>(63)) - Build channel for a88b317b-310e-4f91-ab19-5adcbba379a7
2023-03-15 05:43:57,456 [93bbdb4e-ae1d-4286-84a2-0f7fae60ad59@group-1CC7A4FEEB72-LeaderElection6] INFO  server.RaftServerConfigKeys (ConfUtils.java:logFallback(53)) - raft.server.rpc.first-election.timeout.min = 5s (fallback to raft.server.rpc.timeout.min)
2023-03-15 05:43:57,460 [93bbdb4e-ae1d-4286-84a2-0f7fae60ad59@group-1CC7A4FEEB72-LeaderElection6] INFO  server.RaftServerConfigKeys (ConfUtils.java:logFallback(53)) - raft.server.rpc.first-election.timeout.max = 5200ms (fallback to raft.server.rpc.timeout.max)
2023-03-15 05:43:57,461 [93bbdb4e-ae1d-4286-84a2-0f7fae60ad59@group-1CC7A4FEEB72-LeaderElection6-2] INFO  server.GrpcServerProtocolClient (GrpcServerProtocolClient.java:<init>(63)) - Build channel for 749a2a4e-326e-405d-8b3d-6482ea274e37
2023-03-15 05:43:57,465 [grpc-default-executor-3] INFO  server.RaftServer$Division (RaftServerImpl.java:requestVote(1218)) - a88b317b-310e-4f91-ab19-5adcbba379a7@group-1CC7A4FEEB72: receive requestVote(PRE_VOTE, 93bbdb4e-ae1d-4286-84a2-0f7fae60ad59, group-1CC7A4FEEB72, 0, (t:0, i:0))
2023-03-15 05:43:57,465 [grpc-default-executor-3] INFO  impl.VoteContext (VoteContext.java:log(49)) - a88b317b-310e-4f91-ab19-5adcbba379a7@group-1CC7A4FEEB72-FOLLOWER: accept PRE_VOTE from 93bbdb4e-ae1d-4286-84a2-0f7fae60ad59: our priority 0 <= candidate's priority 1
2023-03-15 05:43:57,465 [grpc-default-executor-3] INFO  server.RaftServer$Division (RaftServerImpl.java:requestVote(1251)) - a88b317b-310e-4f91-ab19-5adcbba379a7@group-1CC7A4FEEB72 replies to PRE_VOTE vote request: 93bbdb4e-ae1d-4286-84a2-0f7fae60ad59<-a88b317b-310e-4f91-ab19-5adcbba379a7#0:OK-t0. Peer's state: a88b317b-310e-4f91-ab19-5adcbba379a7@group-1CC7A4FEEB72:t0, leader=null, voted=, raftlog=Memoized:a88b317b-310e-4f91-ab19-5adcbba379a7@group-1CC7A4FEEB72-SegmentedRaftLog:OPENED:c-1, conf=-1: peers:[a88b317b-310e-4f91-ab19-5adcbba379a7|rpc:10.1.0.18:39225|dataStream:10.1.0.18:43727|priority:0|startupRole:FOLLOWER, 93bbdb4e-ae1d-4286-84a2-0f7fae60ad59|rpc:10.1.0.18:43933|dataStream:10.1.0.18:42381|priority:1|startupRole:FOLLOWER, 749a2a4e-326e-405d-8b3d-6482ea274e37|rpc:10.1.0.18:40203|dataStream:10.1.0.18:44725|priority:0|startupRole:FOLLOWER]|listeners:[], old=null
2023-03-15 05:43:57,468 [93bbdb4e-ae1d-4286-84a2-0f7fae60ad59@group-1CC7A4FEEB72-LeaderElection6] INFO  impl.LeaderElection (LeaderElection.java:logAndReturn(90)) - 93bbdb4e-ae1d-4286-84a2-0f7fae60ad59@group-1CC7A4FEEB72-LeaderElection6: PRE_VOTE PASSED received 1 response(s) and 0 exception(s):
2023-03-15 05:43:57,468 [93bbdb4e-ae1d-4286-84a2-0f7fae60ad59@group-1CC7A4FEEB72-LeaderElection6] INFO  impl.LeaderElection (LeaderElection.java:logAndReturn(94)) -   Response 0: 93bbdb4e-ae1d-4286-84a2-0f7fae60ad59<-a88b317b-310e-4f91-ab19-5adcbba379a7#0:OK-t0
2023-03-15 05:43:57,468 [93bbdb4e-ae1d-4286-84a2-0f7fae60ad59@group-1CC7A4FEEB72-LeaderElection6] INFO  impl.LeaderElection (LeaderElection.java:askForVotes(314)) - 93bbdb4e-ae1d-4286-84a2-0f7fae60ad59@group-1CC7A4FEEB72-LeaderElection6 PRE_VOTE round 0: result PASSED
2023-03-15 05:43:57,470 [93bbdb4e-ae1d-4286-84a2-0f7fae60ad59@group-1CC7A4FEEB72-LeaderElection6] INFO  impl.LeaderElection (LeaderElection.java:askForVotes(312)) - 93bbdb4e-ae1d-4286-84a2-0f7fae60ad59@group-1CC7A4FEEB72-LeaderElection6 ELECTION round 0: submit vote requests at term 1 for -1: peers:[a88b317b-310e-4f91-ab19-5adcbba379a7|rpc:10.1.0.18:39225|dataStream:10.1.0.18:43727|priority:0|startupRole:FOLLOWER, 93bbdb4e-ae1d-4286-84a2-0f7fae60ad59|rpc:10.1.0.18:43933|dataStream:10.1.0.18:42381|priority:1|startupRole:FOLLOWER, 749a2a4e-326e-405d-8b3d-6482ea274e37|rpc:10.1.0.18:40203|dataStream:10.1.0.18:44725|priority:0|startupRole:FOLLOWER]|listeners:[], old=null
2023-03-15 05:43:57,471 [93bbdb4e-ae1d-4286-84a2-0f7fae60ad59@group-1CC7A4FEEB72-LeaderElection6] INFO  server.RaftServerConfigKeys (ConfUtils.java:logFallback(53)) - raft.server.rpc.first-election.timeout.min = 5s (fallback to raft.server.rpc.timeout.min)
2023-03-15 05:43:57,471 [93bbdb4e-ae1d-4286-84a2-0f7fae60ad59@group-1CC7A4FEEB72-LeaderElection6] INFO  server.RaftServerConfigKeys (ConfUtils.java:logFallback(53)) - raft.server.rpc.first-election.timeout.max = 5200ms (fallback to raft.server.rpc.timeout.max)
2023-03-15 05:43:57,481 [93bbdb4e-ae1d-4286-84a2-0f7fae60ad59@group-551C3F717DDD-FollowerState] INFO  impl.FollowerState (FollowerState.java:run(143)) - 93bbdb4e-ae1d-4286-84a2-0f7fae60ad59@group-551C3F717DDD-FollowerState: change to CANDIDATE, lastRpcElapsedTime:5134797443ns, electionTimeout:5132ms
2023-03-15 05:43:57,484 [93bbdb4e-ae1d-4286-84a2-0f7fae60ad59@group-551C3F717DDD-FollowerState] INFO  impl.RoleInfo (RoleInfo.java:shutdownFollowerState(110)) - 93bbdb4e-ae1d-4286-84a2-0f7fae60ad59: shutdown 93bbdb4e-ae1d-4286-84a2-0f7fae60ad59@group-551C3F717DDD-FollowerState
2023-03-15 05:43:57,484 [93bbdb4e-ae1d-4286-84a2-0f7fae60ad59@group-551C3F717DDD-FollowerState] INFO  server.RaftServer$Division (RaftServerImpl.java:setRole(321)) - 93bbdb4e-ae1d-4286-84a2-0f7fae60ad59@group-551C3F717DDD: changes role from  FOLLOWER to CANDIDATE at term 0 for changeToCandidate
2023-03-15 05:43:57,485 [grpc-default-executor-3] INFO  server.RaftServer$Division (RaftServerImpl.java:requestVote(1218)) - a88b317b-310e-4f91-ab19-5adcbba379a7@group-1CC7A4FEEB72: receive requestVote(ELECTION, 93bbdb4e-ae1d-4286-84a2-0f7fae60ad59, group-1CC7A4FEEB72, 1, (t:0, i:0))
2023-03-15 05:43:57,485 [grpc-default-executor-3] INFO  impl.VoteContext (VoteContext.java:log(49)) - a88b317b-310e-4f91-ab19-5adcbba379a7@group-1CC7A4FEEB72-FOLLOWER: accept ELECTION from 93bbdb4e-ae1d-4286-84a2-0f7fae60ad59: our priority 0 <= candidate's priority 1
2023-03-15 05:43:57,485 [grpc-default-executor-3] INFO  server.RaftServer$Division (RaftServerImpl.java:setRole(321)) - a88b317b-310e-4f91-ab19-5adcbba379a7@group-1CC7A4FEEB72: changes role from  FOLLOWER to FOLLOWER at term 1 for candidate:93bbdb4e-ae1d-4286-84a2-0f7fae60ad59
2023-03-15 05:43:57,485 [grpc-default-executor-3] INFO  impl.RoleInfo (RoleInfo.java:shutdownFollowerState(110)) - a88b317b-310e-4f91-ab19-5adcbba379a7: shutdown a88b317b-310e-4f91-ab19-5adcbba379a7@group-1CC7A4FEEB72-FollowerState
2023-03-15 05:43:57,486 [a88b317b-310e-4f91-ab19-5adcbba379a7@group-1CC7A4FEEB72-FollowerState] INFO  impl.FollowerState (FollowerState.java:run(152)) - a88b317b-310e-4f91-ab19-5adcbba379a7@group-1CC7A4FEEB72-FollowerState was interrupted
2023-03-15 05:43:57,490 [93bbdb4e-ae1d-4286-84a2-0f7fae60ad59@group-551C3F717DDD-FollowerState] INFO  server.RaftServerConfigKeys (ConfUtils.java:logGet(46)) - raft.server.leaderelection.pre-vote = true (default)
2023-03-15 05:43:57,490 [93bbdb4e-ae1d-4286-84a2-0f7fae60ad59@group-551C3F717DDD-FollowerState] INFO  impl.RoleInfo (RoleInfo.java:updateAndGet(139)) - 93bbdb4e-ae1d-4286-84a2-0f7fae60ad59: start 93bbdb4e-ae1d-4286-84a2-0f7fae60ad59@group-551C3F717DDD-LeaderElection7
2023-03-15 05:43:57,490 [grpc-default-executor-1] INFO  server.RaftServer$Division (RaftServerImpl.java:requestVote(1218)) - 749a2a4e-326e-405d-8b3d-6482ea274e37@group-1CC7A4FEEB72: receive requestVote(PRE_VOTE, 93bbdb4e-ae1d-4286-84a2-0f7fae60ad59, group-1CC7A4FEEB72, 0, (t:0, i:0))
2023-03-15 05:43:57,490 [grpc-default-executor-1] INFO  impl.VoteContext (VoteContext.java:log(49)) - 749a2a4e-326e-405d-8b3d-6482ea274e37@group-1CC7A4FEEB72-FOLLOWER: accept PRE_VOTE from 93bbdb4e-ae1d-4286-84a2-0f7fae60ad59: our priority 0 <= candidate's priority 1
2023-03-15 05:43:57,490 [grpc-default-executor-1] INFO  server.RaftServer$Division (RaftServerImpl.java:requestVote(1251)) - 749a2a4e-326e-405d-8b3d-6482ea274e37@group-1CC7A4FEEB72 replies to PRE_VOTE vote request: 93bbdb4e-ae1d-4286-84a2-0f7fae60ad59<-749a2a4e-326e-405d-8b3d-6482ea274e37#0:OK-t0. Peer's state: 749a2a4e-326e-405d-8b3d-6482ea274e37@group-1CC7A4FEEB72:t0, leader=null, voted=, raftlog=Memoized:749a2a4e-326e-405d-8b3d-6482ea274e37@group-1CC7A4FEEB72-SegmentedRaftLog:OPENED:c-1, conf=-1: peers:[a88b317b-310e-4f91-ab19-5adcbba379a7|rpc:10.1.0.18:39225|dataStream:10.1.0.18:43727|priority:0|startupRole:FOLLOWER, 93bbdb4e-ae1d-4286-84a2-0f7fae60ad59|rpc:10.1.0.18:43933|dataStream:10.1.0.18:42381|priority:1|startupRole:FOLLOWER, 749a2a4e-326e-405d-8b3d-6482ea274e37|rpc:10.1.0.18:40203|dataStream:10.1.0.18:44725|priority:0|startupRole:FOLLOWER]|listeners:[], old=null
2023-03-15 05:43:57,491 [grpc-default-executor-0] INFO  server.RaftServer$Division (RaftServerImpl.java:requestVote(1218)) - 749a2a4e-326e-405d-8b3d-6482ea274e37@group-1CC7A4FEEB72: receive requestVote(ELECTION, 93bbdb4e-ae1d-4286-84a2-0f7fae60ad59, group-1CC7A4FEEB72, 1, (t:0, i:0))
2023-03-15 05:43:57,491 [grpc-default-executor-0] INFO  impl.VoteContext (VoteContext.java:log(49)) - 749a2a4e-326e-405d-8b3d-6482ea274e37@group-1CC7A4FEEB72-FOLLOWER: accept ELECTION from 93bbdb4e-ae1d-4286-84a2-0f7fae60ad59: our priority 0 <= candidate's priority 1
2023-03-15 05:43:57,491 [grpc-default-executor-0] INFO  server.RaftServer$Division (RaftServerImpl.java:setRole(321)) - 749a2a4e-326e-405d-8b3d-6482ea274e37@group-1CC7A4FEEB72: changes role from  FOLLOWER to FOLLOWER at term 1 for candidate:93bbdb4e-ae1d-4286-84a2-0f7fae60ad59
2023-03-15 05:43:57,491 [grpc-default-executor-0] INFO  impl.RoleInfo (RoleInfo.java:shutdownFollowerState(110)) - 749a2a4e-326e-405d-8b3d-6482ea274e37: shutdown 749a2a4e-326e-405d-8b3d-6482ea274e37@group-1CC7A4FEEB72-FollowerState
2023-03-15 05:43:57,494 [grpc-default-executor-0] INFO  impl.RoleInfo (RoleInfo.java:updateAndGet(139)) - 749a2a4e-326e-405d-8b3d-6482ea274e37: start 749a2a4e-326e-405d-8b3d-6482ea274e37@group-1CC7A4FEEB72-FollowerState
2023-03-15 05:43:57,494 [grpc-default-executor-3] INFO  impl.RoleInfo (RoleInfo.java:updateAndGet(139)) - a88b317b-310e-4f91-ab19-5adcbba379a7: start a88b317b-310e-4f91-ab19-5adcbba379a7@group-1CC7A4FEEB72-FollowerState
2023-03-15 05:43:57,511 [749a2a4e-326e-405d-8b3d-6482ea274e37@group-1CC7A4FEEB72-FollowerState] INFO  server.RaftServerConfigKeys (ConfUtils.java:logFallback(53)) - raft.server.rpc.first-election.timeout.min = 5s (fallback to raft.server.rpc.timeout.min)
2023-03-15 05:43:57,511 [749a2a4e-326e-405d-8b3d-6482ea274e37@group-1CC7A4FEEB72-FollowerState] INFO  server.RaftServerConfigKeys (ConfUtils.java:logFallback(53)) - raft.server.rpc.first-election.timeout.max = 5200ms (fallback to raft.server.rpc.timeout.max)
2023-03-15 05:43:57,494 [749a2a4e-326e-405d-8b3d-6482ea274e37@group-1CC7A4FEEB72-FollowerState] INFO  impl.FollowerState (FollowerState.java:run(152)) - 749a2a4e-326e-405d-8b3d-6482ea274e37@group-1CC7A4FEEB72-FollowerState was interrupted
2023-03-15 05:43:57,511 [93bbdb4e-ae1d-4286-84a2-0f7fae60ad59@group-551C3F717DDD-LeaderElection7] INFO  impl.LeaderElection (LeaderElection.java:askForVotes(312)) - 93bbdb4e-ae1d-4286-84a2-0f7fae60ad59@group-551C3F717DDD-LeaderElection7 PRE_VOTE round 0: submit vote requests at term 0 for -1: peers:[93bbdb4e-ae1d-4286-84a2-0f7fae60ad59|rpc:10.1.0.18:43933|dataStream:10.1.0.18:42381|priority:1|startupRole:FOLLOWER]|listeners:[], old=null
2023-03-15 05:43:57,514 [93bbdb4e-ae1d-4286-84a2-0f7fae60ad59@group-551C3F717DDD-LeaderElection7] INFO  impl.LeaderElection (LeaderElection.java:askForVotes(314)) - 93bbdb4e-ae1d-4286-84a2-0f7fae60ad59@group-551C3F717DDD-LeaderElection7 PRE_VOTE round 0: result PASSED (term=0)
2023-03-15 05:43:57,515 [grpc-default-executor-0] INFO  server.RaftServer$Division (RaftServerImpl.java:requestVote(1251)) - 749a2a4e-326e-405d-8b3d-6482ea274e37@group-1CC7A4FEEB72 replies to ELECTION vote request: 93bbdb4e-ae1d-4286-84a2-0f7fae60ad59<-749a2a4e-326e-405d-8b3d-6482ea274e37#0:OK-t1. Peer's state: 749a2a4e-326e-405d-8b3d-6482ea274e37@group-1CC7A4FEEB72:t1, leader=null, voted=93bbdb4e-ae1d-4286-84a2-0f7fae60ad59, raftlog=Memoized:749a2a4e-326e-405d-8b3d-6482ea274e37@group-1CC7A4FEEB72-SegmentedRaftLog:OPENED:c-1, conf=-1: peers:[a88b317b-310e-4f91-ab19-5adcbba379a7|rpc:10.1.0.18:39225|dataStream:10.1.0.18:43727|priority:0|startupRole:FOLLOWER, 93bbdb4e-ae1d-4286-84a2-0f7fae60ad59|rpc:10.1.0.18:43933|dataStream:10.1.0.18:42381|priority:1|startupRole:FOLLOWER, 749a2a4e-326e-405d-8b3d-6482ea274e37|rpc:10.1.0.18:40203|dataStream:10.1.0.18:44725|priority:0|startupRole:FOLLOWER]|listeners:[], old=null
2023-03-15 05:43:57,515 [93bbdb4e-ae1d-4286-84a2-0f7fae60ad59@group-551C3F717DDD-LeaderElection7] INFO  impl.LeaderElection (LeaderElection.java:askForVotes(312)) - 93bbdb4e-ae1d-4286-84a2-0f7fae60ad59@group-551C3F717DDD-LeaderElection7 ELECTION round 0: submit vote requests at term 1 for -1: peers:[93bbdb4e-ae1d-4286-84a2-0f7fae60ad59|rpc:10.1.0.18:43933|dataStream:10.1.0.18:42381|priority:1|startupRole:FOLLOWER]|listeners:[], old=null
2023-03-15 05:43:57,515 [93bbdb4e-ae1d-4286-84a2-0f7fae60ad59@group-551C3F717DDD-LeaderElection7] INFO  impl.LeaderElection (LeaderElection.java:askForVotes(314)) - 93bbdb4e-ae1d-4286-84a2-0f7fae60ad59@group-551C3F717DDD-LeaderElection7 ELECTION round 0: result PASSED (term=1)
2023-03-15 05:43:57,515 [93bbdb4e-ae1d-4286-84a2-0f7fae60ad59@group-551C3F717DDD-LeaderElection7] INFO  impl.RoleInfo (RoleInfo.java:shutdownLeaderElection(130)) - 93bbdb4e-ae1d-4286-84a2-0f7fae60ad59: shutdown 93bbdb4e-ae1d-4286-84a2-0f7fae60ad59@group-551C3F717DDD-LeaderElection7
2023-03-15 05:43:57,515 [93bbdb4e-ae1d-4286-84a2-0f7fae60ad59@group-551C3F717DDD-LeaderElection7] INFO  server.RaftServer$Division (RaftServerImpl.java:setRole(321)) - 93bbdb4e-ae1d-4286-84a2-0f7fae60ad59@group-551C3F717DDD: changes role from CANDIDATE to LEADER at term 1 for changeToLeader
2023-03-15 05:43:57,515 [93bbdb4e-ae1d-4286-84a2-0f7fae60ad59@group-551C3F717DDD-LeaderElection7] INFO  ratis.XceiverServerRatis (XceiverServerRatis.java:handleLeaderChangedNotification(905)) - Leader change notification received for group: group-551C3F717DDD with new leaderId: 93bbdb4e-ae1d-4286-84a2-0f7fae60ad59
2023-03-15 05:43:57,515 [93bbdb4e-ae1d-4286-84a2-0f7fae60ad59@group-551C3F717DDD-LeaderElection7] INFO  server.RaftServer$Division (ServerState.java:setLeader(313)) - 93bbdb4e-ae1d-4286-84a2-0f7fae60ad59@group-551C3F717DDD: change Leader from null to 93bbdb4e-ae1d-4286-84a2-0f7fae60ad59 at term 1 for becomeLeader, leader elected after 5183ms
2023-03-15 05:43:57,516 [93bbdb4e-ae1d-4286-84a2-0f7fae60ad59@group-551C3F717DDD-LeaderElection7] INFO  server.RaftServerConfigKeys (ConfUtils.java:logGet(46)) - raft.server.staging.catchup.gap = 1000 (default)
2023-03-15 05:43:57,516 [93bbdb4e-ae1d-4286-84a2-0f7fae60ad59@group-551C3F717DDD-LeaderElection7] INFO  server.RaftServerConfigKeys (ConfUtils.java:logGet(46)) - raft.server.write.element-limit = 1024 (custom)
2023-03-15 05:43:57,516 [93bbdb4e-ae1d-4286-84a2-0f7fae60ad59@group-551C3F717DDD-LeaderElection7] INFO  server.RaftServerConfigKeys (ConfUtils.java:logGet(46)) - raft.server.write.byte-limit = 1024 M (=1073741824) (custom)
2023-03-15 05:43:57,516 [93bbdb4e-ae1d-4286-84a2-0f7fae60ad59@group-551C3F717DDD-LeaderElection7] INFO  server.RaftServerConfigKeys (ConfUtils.java:logGet(46)) - raft.server.watch.timeout = 180s (custom)
2023-03-15 05:43:57,516 [93bbdb4e-ae1d-4286-84a2-0f7fae60ad59@group-551C3F717DDD-LeaderElection7] INFO  server.RaftServerConfigKeys (ConfUtils.java:logGet(46)) - raft.server.watch.timeout.denomination = 1s (default)
2023-03-15 05:43:57,516 [93bbdb4e-ae1d-4286-84a2-0f7fae60ad59@group-551C3F717DDD-LeaderElection7] INFO  server.RaftServerConfigKeys (ConfUtils.java:logGet(46)) - raft.server.watch.element-limit = 65536 (default)
2023-03-15 05:43:57,516 [93bbdb4e-ae1d-4286-84a2-0f7fae60ad59@group-551C3F717DDD-LeaderElection7] INFO  server.RaftServerConfigKeys (ConfUtils.java:logGet(46)) - raft.server.write.element-limit = 1024 (custom)
2023-03-15 05:43:57,516 [93bbdb4e-ae1d-4286-84a2-0f7fae60ad59@group-551C3F717DDD-LeaderElection7] INFO  server.RaftServerConfigKeys (ConfUtils.java:logGet(46)) - raft.server.write.follower.gap.ratio.max = -1.0 (default)
2023-03-15 05:43:57,515 [grpc-default-executor-3] INFO  server.RaftServer$Division (RaftServerImpl.java:requestVote(1251)) - a88b317b-310e-4f91-ab19-5adcbba379a7@group-1CC7A4FEEB72 replies to ELECTION vote request: 93bbdb4e-ae1d-4286-84a2-0f7fae60ad59<-a88b317b-310e-4f91-ab19-5adcbba379a7#0:OK-t1. Peer's state: a88b317b-310e-4f91-ab19-5adcbba379a7@group-1CC7A4FEEB72:t1, leader=null, voted=93bbdb4e-ae1d-4286-84a2-0f7fae60ad59, raftlog=Memoized:a88b317b-310e-4f91-ab19-5adcbba379a7@group-1CC7A4FEEB72-SegmentedRaftLog:OPENED:c-1, conf=-1: peers:[a88b317b-310e-4f91-ab19-5adcbba379a7|rpc:10.1.0.18:39225|dataStream:10.1.0.18:43727|priority:0|startupRole:FOLLOWER, 93bbdb4e-ae1d-4286-84a2-0f7fae60ad59|rpc:10.1.0.18:43933|dataStream:10.1.0.18:42381|priority:1|startupRole:FOLLOWER, 749a2a4e-326e-405d-8b3d-6482ea274e37|rpc:10.1.0.18:40203|dataStream:10.1.0.18:44725|priority:0|startupRole:FOLLOWER]|listeners:[], old=null
2023-03-15 05:43:57,517 [93bbdb4e-ae1d-4286-84a2-0f7fae60ad59@group-551C3F717DDD-LeaderElection7] INFO  impl.RoleInfo (RoleInfo.java:updateAndGet(139)) - 93bbdb4e-ae1d-4286-84a2-0f7fae60ad59: start 93bbdb4e-ae1d-4286-84a2-0f7fae60ad59@group-551C3F717DDD-LeaderStateImpl
2023-03-15 05:43:57,527 [93bbdb4e-ae1d-4286-84a2-0f7fae60ad59@group-551C3F717DDD-LeaderElection7] INFO  segmented.SegmentedRaftLogWorker (SegmentedRaftLogWorker.java:startLogSegment(452)) - 93bbdb4e-ae1d-4286-84a2-0f7fae60ad59@group-551C3F717DDD-SegmentedRaftLogWorker: Starting segment from index:0
2023-03-15 05:43:57,528 [a88b317b-310e-4f91-ab19-5adcbba379a7@group-1CC7A4FEEB72-FollowerState] INFO  server.RaftServerConfigKeys (ConfUtils.java:logFallback(53)) - raft.server.rpc.first-election.timeout.min = 5s (fallback to raft.server.rpc.timeout.min)
2023-03-15 05:43:57,529 [a88b317b-310e-4f91-ab19-5adcbba379a7@group-1CC7A4FEEB72-FollowerState] INFO  server.RaftServerConfigKeys (ConfUtils.java:logFallback(53)) - raft.server.rpc.first-election.timeout.max = 5200ms (fallback to raft.server.rpc.timeout.max)
2023-03-15 05:43:57,530 [93bbdb4e-ae1d-4286-84a2-0f7fae60ad59@group-551C3F717DDD-LeaderElection7] INFO  server.RaftServer$Division (ServerState.java:setRaftConf(430)) - 93bbdb4e-ae1d-4286-84a2-0f7fae60ad59@group-551C3F717DDD: set configuration 0: peers:[93bbdb4e-ae1d-4286-84a2-0f7fae60ad59|rpc:10.1.0.18:43933|dataStream:10.1.0.18:42381|priority:1|startupRole:FOLLOWER]|listeners:[], old=null
2023-03-15 05:43:57,531 [93bbdb4e-ae1d-4286-84a2-0f7fae60ad59@group-551C3F717DDD-SegmentedRaftLogWorker] INFO  segmented.SegmentedRaftLogWorker (SegmentedRaftLogWorker.java:execute(656)) - 93bbdb4e-ae1d-4286-84a2-0f7fae60ad59@group-551C3F717DDD-SegmentedRaftLogWorker: created new log segment /home/runner/work/ozone/ozone/hadoop-ozone/integration-test/target/test-dir/MiniOzoneClusterImpl-257c5be2-ab76-4353-a1eb-ea8c6614f538/datanode-2/data/ratis/db5c58c0-0e7a-4374-b52b-551c3f717ddd/current/log_inprogress_0
2023-03-15 05:43:57,830 [93bbdb4e-ae1d-4286-84a2-0f7fae60ad59@group-1CC7A4FEEB72-LeaderElection6] INFO  impl.LeaderElection (LeaderElection.java:logAndReturn(90)) - 93bbdb4e-ae1d-4286-84a2-0f7fae60ad59@group-1CC7A4FEEB72-LeaderElection6: ELECTION PASSED received 1 response(s) and 0 exception(s):
2023-03-15 05:43:57,830 [93bbdb4e-ae1d-4286-84a2-0f7fae60ad59@group-1CC7A4FEEB72-LeaderElection6] INFO  impl.LeaderElection (LeaderElection.java:logAndReturn(94)) -   Response 0: 93bbdb4e-ae1d-4286-84a2-0f7fae60ad59<-a88b317b-310e-4f91-ab19-5adcbba379a7#0:OK-t1
2023-03-15 05:43:57,830 [93bbdb4e-ae1d-4286-84a2-0f7fae60ad59@group-1CC7A4FEEB72-LeaderElection6] INFO  impl.LeaderElection (LeaderElection.java:askForVotes(314)) - 93bbdb4e-ae1d-4286-84a2-0f7fae60ad59@group-1CC7A4FEEB72-LeaderElection6 ELECTION round 0: result PASSED
2023-03-15 05:43:57,830 [93bbdb4e-ae1d-4286-84a2-0f7fae60ad59@group-1CC7A4FEEB72-LeaderElection6] INFO  impl.RoleInfo (RoleInfo.java:shutdownLeaderElection(130)) - 93bbdb4e-ae1d-4286-84a2-0f7fae60ad59: shutdown 93bbdb4e-ae1d-4286-84a2-0f7fae60ad59@group-1CC7A4FEEB72-LeaderElection6
2023-03-15 05:43:57,831 [93bbdb4e-ae1d-4286-84a2-0f7fae60ad59@group-1CC7A4FEEB72-LeaderElection6] INFO  server.RaftServer$Division (RaftServerImpl.java:setRole(321)) - 93bbdb4e-ae1d-4286-84a2-0f7fae60ad59@group-1CC7A4FEEB72: changes role from CANDIDATE to LEADER at term 1 for changeToLeader
2023-03-15 05:43:57,831 [93bbdb4e-ae1d-4286-84a2-0f7fae60ad59@group-1CC7A4FEEB72-LeaderElection6] INFO  ratis.XceiverServerRatis (XceiverServerRatis.java:handleLeaderChangedNotification(905)) - Leader change notification received for group: group-1CC7A4FEEB72 with new leaderId: 93bbdb4e-ae1d-4286-84a2-0f7fae60ad59
2023-03-15 05:43:57,831 [93bbdb4e-ae1d-4286-84a2-0f7fae60ad59@group-1CC7A4FEEB72-LeaderElection6] INFO  server.RaftServer$Division (ServerState.java:setLeader(313)) - 93bbdb4e-ae1d-4286-84a2-0f7fae60ad59@group-1CC7A4FEEB72: change Leader from null to 93bbdb4e-ae1d-4286-84a2-0f7fae60ad59 at term 1 for becomeLeader, leader elected after 5570ms
2023-03-15 05:43:57,831 [93bbdb4e-ae1d-4286-84a2-0f7fae60ad59@group-1CC7A4FEEB72-LeaderElection6] INFO  server.RaftServerConfigKeys (ConfUtils.java:logGet(46)) - raft.server.staging.catchup.gap = 1000 (default)
2023-03-15 05:43:57,831 [93bbdb4e-ae1d-4286-84a2-0f7fae60ad59@group-1CC7A4FEEB72-LeaderElection6] INFO  server.RaftServerConfigKeys (ConfUtils.java:logGet(46)) - raft.server.write.element-limit = 1024 (custom)
2023-03-15 05:43:57,831 [93bbdb4e-ae1d-4286-84a2-0f7fae60ad59@group-1CC7A4FEEB72-LeaderElection6] INFO  server.RaftServerConfigKeys (ConfUtils.java:logGet(46)) - raft.server.write.byte-limit = 1024 M (=1073741824) (custom)
2023-03-15 05:43:57,832 [93bbdb4e-ae1d-4286-84a2-0f7fae60ad59@group-1CC7A4FEEB72-LeaderElection6] INFO  server.RaftServerConfigKeys (ConfUtils.java:logGet(46)) - raft.server.watch.timeout = 180s (custom)
2023-03-15 05:43:57,832 [93bbdb4e-ae1d-4286-84a2-0f7fae60ad59@group-1CC7A4FEEB72-LeaderElection6] INFO  server.RaftServerConfigKeys (ConfUtils.java:logGet(46)) - raft.server.watch.timeout.denomination = 1s (default)
2023-03-15 05:43:57,832 [93bbdb4e-ae1d-4286-84a2-0f7fae60ad59@group-1CC7A4FEEB72-LeaderElection6] INFO  server.RaftServerConfigKeys (ConfUtils.java:logGet(46)) - raft.server.watch.element-limit = 65536 (default)
2023-03-15 05:43:57,832 [93bbdb4e-ae1d-4286-84a2-0f7fae60ad59@group-1CC7A4FEEB72-LeaderElection6] INFO  server.RaftServerConfigKeys (ConfUtils.java:logGet(46)) - raft.server.write.element-limit = 1024 (custom)
2023-03-15 05:43:57,832 [93bbdb4e-ae1d-4286-84a2-0f7fae60ad59@group-1CC7A4FEEB72-LeaderElection6] INFO  server.RaftServerConfigKeys (ConfUtils.java:logGet(46)) - raft.server.write.follower.gap.ratio.max = -1.0 (default)
2023-03-15 05:43:57,833 [EventQueue-PipelineReportForPipelineReportHandler] INFO  pipeline.PipelineManagerImpl (PipelineManagerImpl.java:openPipeline(367)) - Pipeline Pipeline[ Id: e6d658eb-257b-4ca2-9b6d-1cc7a4feeb72, Nodes: 749a2a4e-326e-405d-8b3d-6482ea274e37(fv-az390-885.2udvygdcjcjuphbbpa4zxtqymb.gx.internal.cloudapp.net/10.1.0.18)a88b317b-310e-4f91-ab19-5adcbba379a7(fv-az390-885.2udvygdcjcjuphbbpa4zxtqymb.gx.internal.cloudapp.net/10.1.0.18)93bbdb4e-ae1d-4286-84a2-0f7fae60ad59(fv-az390-885.2udvygdcjcjuphbbpa4zxtqymb.gx.internal.cloudapp.net/10.1.0.18), ReplicationConfig: RATIS/THREE, State:ALLOCATED, leaderId:93bbdb4e-ae1d-4286-84a2-0f7fae60ad59, CreationTimestamp2023-03-15T05:43:49.340Z[Etc/UTC]] moved to OPEN state
2023-03-15 05:43:57,836 [93bbdb4e-ae1d-4286-84a2-0f7fae60ad59@group-1CC7A4FEEB72-LeaderElection6] INFO  server.RaftServerConfigKeys (ConfUtils.java:logGet(46)) - raft.server.log.appender.snapshot.chunk.size.max = 16MB (=16777216) (default)
2023-03-15 05:43:57,838 [JvmPauseMonitor5] WARN  util.JvmPauseMonitor (JvmPauseMonitor.java:detectPause(126)) - JvmPauseMonitor-f4b4952b-3e5d-4d4d-87e6-725506190fb6: Detected pause in JVM or host machine (eg GC): pause of approximately 197561274ns.
GC pool 'PS MarkSweep' had collection(s): count=1 time=232ms
GC pool 'PS Scavenge' had collection(s): count=1 time=61ms
2023-03-15 05:43:57,837 [JvmPauseMonitor1] WARN  util.JvmPauseMonitor (JvmPauseMonitor.java:detectPause(126)) - JvmPauseMonitor-749a2a4e-326e-405d-8b3d-6482ea274e37: Detected pause in JVM or host machine (eg GC): pause of approximately 238432861ns.
GC pool 'PS MarkSweep' had collection(s): count=1 time=232ms
GC pool 'PS Scavenge' had collection(s): count=1 time=61ms
2023-03-15 05:43:57,837 [JvmPauseMonitor2] WARN  util.JvmPauseMonitor (JvmPauseMonitor.java:detectPause(126)) - JvmPauseMonitor-a88b317b-310e-4f91-ab19-5adcbba379a7: Detected pause in JVM or host machine (eg GC): pause of approximately 238489061ns.
GC pool 'PS MarkSweep' had collection(s): count=1 time=232ms
GC pool 'PS Scavenge' had collection(s): count=1 time=61ms
2023-03-15 05:43:57,844 [93bbdb4e-ae1d-4286-84a2-0f7fae60ad59@group-1CC7A4FEEB72-LeaderElection6] INFO  server.RaftServerConfigKeys (ConfUtils.java:logGet(46)) - raft.server.log.appender.buffer.byte-limit = 33554432 (custom)
2023-03-15 05:43:57,852 [93bbdb4e-ae1d-4286-84a2-0f7fae60ad59@group-1CC7A4FEEB72-LeaderElection6] INFO  server.RaftServerConfigKeys (ConfUtils.java:logGet(46)) - raft.server.log.appender.buffer.element-limit = 1 (custom)
2023-03-15 05:43:57,852 [93bbdb4e-ae1d-4286-84a2-0f7fae60ad59@group-1CC7A4FEEB72-LeaderElection6] INFO  grpc.GrpcConfigKeys (ConfUtils.java:logGet(46)) - raft.grpc.server.leader.outstanding.appends.max = 128 (default)
2023-03-15 05:43:57,853 [93bbdb4e-ae1d-4286-84a2-0f7fae60ad59@group-1CC7A4FEEB72-LeaderElection6] INFO  server.RaftServerConfigKeys (ConfUtils.java:logGet(46)) - raft.server.rpc.request.timeout = 60s (custom)
2023-03-15 05:43:57,853 [93bbdb4e-ae1d-4286-84a2-0f7fae60ad59@group-1CC7A4FEEB72-LeaderElection6] INFO  server.RaftServerConfigKeys (ConfUtils.java:logGet(46)) - raft.server.log.appender.install.snapshot.enabled = false (custom)
2023-03-15 05:43:57,853 [93bbdb4e-ae1d-4286-84a2-0f7fae60ad59@group-1CC7A4FEEB72-LeaderElection6] INFO  grpc.GrpcConfigKeys (ConfUtils.java:logGet(46)) - raft.grpc.server.heartbeat.channel = true (default)
2023-03-15 05:43:57,853 [93bbdb4e-ae1d-4286-84a2-0f7fae60ad59@group-1CC7A4FEEB72-LeaderElection6] INFO  server.RaftServerConfigKeys (ConfUtils.java:logGet(46)) - raft.server.log.appender.wait-time.min = 10ms (default)
2023-03-15 05:43:57,854 [93bbdb4e-ae1d-4286-84a2-0f7fae60ad59@group-1CC7A4FEEB72-LeaderElection6] INFO  server.RaftServerConfigKeys (ConfUtils.java:logGet(46)) - raft.server.log.appender.snapshot.chunk.size.max = 16MB (=16777216) (default)
2023-03-15 05:43:57,854 [93bbdb4e-ae1d-4286-84a2-0f7fae60ad59@group-1CC7A4FEEB72-LeaderElection6] INFO  server.RaftServerConfigKeys (ConfUtils.java:logGet(46)) - raft.server.log.appender.buffer.byte-limit = 33554432 (custom)
2023-03-15 05:43:57,854 [93bbdb4e-ae1d-4286-84a2-0f7fae60ad59@group-1CC7A4FEEB72-LeaderElection6] INFO  server.RaftServerConfigKeys (ConfUtils.java:logGet(46)) - raft.server.log.appender.buffer.element-limit = 1 (custom)
2023-03-15 05:43:57,854 [93bbdb4e-ae1d-4286-84a2-0f7fae60ad59@group-1CC7A4FEEB72-LeaderElection6] INFO  grpc.GrpcConfigKeys (ConfUtils.java:logGet(46)) - raft.grpc.server.leader.outstanding.appends.max = 128 (default)
2023-03-15 05:43:57,854 [93bbdb4e-ae1d-4286-84a2-0f7fae60ad59@group-1CC7A4FEEB72-LeaderElection6] INFO  server.RaftServerConfigKeys (ConfUtils.java:logGet(46)) - raft.server.rpc.request.timeout = 60s (custom)
2023-03-15 05:43:57,854 [93bbdb4e-ae1d-4286-84a2-0f7fae60ad59@group-1CC7A4FEEB72-LeaderElection6] INFO  server.RaftServerConfigKeys (ConfUtils.java:logGet(46)) - raft.server.log.appender.install.snapshot.enabled = false (custom)
2023-03-15 05:43:57,854 [93bbdb4e-ae1d-4286-84a2-0f7fae60ad59@group-1CC7A4FEEB72-LeaderElection6] INFO  grpc.GrpcConfigKeys (ConfUtils.java:logGet(46)) - raft.grpc.server.heartbeat.channel = true (default)
2023-03-15 05:43:57,854 [93bbdb4e-ae1d-4286-84a2-0f7fae60ad59@group-1CC7A4FEEB72-LeaderElection6] INFO  server.RaftServerConfigKeys (ConfUtils.java:logGet(46)) - raft.server.log.appender.wait-time.min = 10ms (default)
2023-03-15 05:43:57,854 [93bbdb4e-ae1d-4286-84a2-0f7fae60ad59@group-1CC7A4FEEB72-LeaderElection6] INFO  impl.RoleInfo (RoleInfo.java:updateAndGet(139)) - 93bbdb4e-ae1d-4286-84a2-0f7fae60ad59: start 93bbdb4e-ae1d-4286-84a2-0f7fae60ad59@group-1CC7A4FEEB72-LeaderStateImpl
2023-03-15 05:43:57,855 [93bbdb4e-ae1d-4286-84a2-0f7fae60ad59@group-1CC7A4FEEB72-LeaderElection6] INFO  segmented.SegmentedRaftLogWorker (SegmentedRaftLogWorker.java:startLogSegment(452)) - 93bbdb4e-ae1d-4286-84a2-0f7fae60ad59@group-1CC7A4FEEB72-SegmentedRaftLogWorker: Starting segment from index:0
2023-03-15 05:43:57,857 [93bbdb4e-ae1d-4286-84a2-0f7fae60ad59@group-1CC7A4FEEB72-SegmentedRaftLogWorker] INFO  segmented.SegmentedRaftLogWorker (SegmentedRaftLogWorker.java:execute(656)) - 93bbdb4e-ae1d-4286-84a2-0f7fae60ad59@group-1CC7A4FEEB72-SegmentedRaftLogWorker: created new log segment /home/runner/work/ozone/ozone/hadoop-ozone/integration-test/target/test-dir/MiniOzoneClusterImpl-257c5be2-ab76-4353-a1eb-ea8c6614f538/datanode-2/data/ratis/e6d658eb-257b-4ca2-9b6d-1cc7a4feeb72/current/log_inprogress_0
2023-03-15 05:43:57,869 [93bbdb4e-ae1d-4286-84a2-0f7fae60ad59@group-1CC7A4FEEB72-LeaderElection6] INFO  server.RaftServer$Division (ServerState.java:setRaftConf(430)) - 93bbdb4e-ae1d-4286-84a2-0f7fae60ad59@group-1CC7A4FEEB72: set configuration 0: peers:[a88b317b-310e-4f91-ab19-5adcbba379a7|rpc:10.1.0.18:39225|dataStream:10.1.0.18:43727|priority:0|startupRole:FOLLOWER, 93bbdb4e-ae1d-4286-84a2-0f7fae60ad59|rpc:10.1.0.18:43933|dataStream:10.1.0.18:42381|priority:1|startupRole:FOLLOWER, 749a2a4e-326e-405d-8b3d-6482ea274e37|rpc:10.1.0.18:40203|dataStream:10.1.0.18:44725|priority:0|startupRole:FOLLOWER]|listeners:[], old=null
2023-03-15 05:43:57,894 [a88b317b-310e-4f91-ab19-5adcbba379a7-server-thread1] INFO  ratis.XceiverServerRatis (XceiverServerRatis.java:handleLeaderChangedNotification(905)) - Leader change notification received for group: group-1CC7A4FEEB72 with new leaderId: 93bbdb4e-ae1d-4286-84a2-0f7fae60ad59
2023-03-15 05:43:57,895 [a88b317b-310e-4f91-ab19-5adcbba379a7-server-thread1] INFO  server.RaftServer$Division (ServerState.java:setLeader(313)) - a88b317b-310e-4f91-ab19-5adcbba379a7@group-1CC7A4FEEB72: change Leader from null to 93bbdb4e-ae1d-4286-84a2-0f7fae60ad59 at term 1 for appendEntries, leader elected after 5742ms
2023-03-15 05:43:57,900 [749a2a4e-326e-405d-8b3d-6482ea274e37-server-thread2] INFO  ratis.XceiverServerRatis (XceiverServerRatis.java:handleLeaderChangedNotification(905)) - Leader change notification received for group: group-1CC7A4FEEB72 with new leaderId: 93bbdb4e-ae1d-4286-84a2-0f7fae60ad59
2023-03-15 05:43:57,920 [749a2a4e-326e-405d-8b3d-6482ea274e37-server-thread2] INFO  server.RaftServer$Division (ServerState.java:setLeader(313)) - 749a2a4e-326e-405d-8b3d-6482ea274e37@group-1CC7A4FEEB72: change Leader from null to 93bbdb4e-ae1d-4286-84a2-0f7fae60ad59 at term 1 for appendEntries, leader elected after 5787ms
2023-03-15 05:43:57,918 [a88b317b-310e-4f91-ab19-5adcbba379a7-server-thread1] INFO  server.RaftServer$Division (ServerState.java:setRaftConf(430)) - a88b317b-310e-4f91-ab19-5adcbba379a7@group-1CC7A4FEEB72: set configuration 0: peers:[a88b317b-310e-4f91-ab19-5adcbba379a7|rpc:10.1.0.18:39225|dataStream:10.1.0.18:43727|priority:0|startupRole:FOLLOWER, 93bbdb4e-ae1d-4286-84a2-0f7fae60ad59|rpc:10.1.0.18:43933|dataStream:10.1.0.18:42381|priority:1|startupRole:FOLLOWER, 749a2a4e-326e-405d-8b3d-6482ea274e37|rpc:10.1.0.18:40203|dataStream:10.1.0.18:44725|priority:0|startupRole:FOLLOWER]|listeners:[], old=null
2023-03-15 05:43:57,920 [a88b317b-310e-4f91-ab19-5adcbba379a7-server-thread1] INFO  segmented.SegmentedRaftLogWorker (SegmentedRaftLogWorker.java:startLogSegment(452)) - a88b317b-310e-4f91-ab19-5adcbba379a7@group-1CC7A4FEEB72-SegmentedRaftLogWorker: Starting segment from index:0
2023-03-15 05:43:57,922 [fd98b1c5-5b85-4a01-ae78-de2614481a07@group-96AFC994C747-FollowerState] INFO  impl.FollowerState (FollowerState.java:run(143)) - fd98b1c5-5b85-4a01-ae78-de2614481a07@group-96AFC994C747-FollowerState: change to CANDIDATE, lastRpcElapsedTime:5179201024ns, electionTimeout:5178ms
2023-03-15 05:43:57,922 [fd98b1c5-5b85-4a01-ae78-de2614481a07@group-96AFC994C747-FollowerState] INFO  impl.RoleInfo (RoleInfo.java:shutdownFollowerState(110)) - fd98b1c5-5b85-4a01-ae78-de2614481a07: shutdown fd98b1c5-5b85-4a01-ae78-de2614481a07@group-96AFC994C747-FollowerState
2023-03-15 05:43:57,922 [fd98b1c5-5b85-4a01-ae78-de2614481a07@group-96AFC994C747-FollowerState] INFO  server.RaftServer$Division (RaftServerImpl.java:setRole(321)) - fd98b1c5-5b85-4a01-ae78-de2614481a07@group-96AFC994C747: changes role from  FOLLOWER to CANDIDATE at term 0 for changeToCandidate
2023-03-15 05:43:57,932 [749a2a4e-326e-405d-8b3d-6482ea274e37-server-thread1] INFO  server.RaftServer$Division (ServerState.java:setRaftConf(430)) - 749a2a4e-326e-405d-8b3d-6482ea274e37@group-1CC7A4FEEB72: set configuration 0: peers:[a88b317b-310e-4f91-ab19-5adcbba379a7|rpc:10.1.0.18:39225|dataStream:10.1.0.18:43727|priority:0|startupRole:FOLLOWER, 93bbdb4e-ae1d-4286-84a2-0f7fae60ad59|rpc:10.1.0.18:43933|dataStream:10.1.0.18:42381|priority:1|startupRole:FOLLOWER, 749a2a4e-326e-405d-8b3d-6482ea274e37|rpc:10.1.0.18:40203|dataStream:10.1.0.18:44725|priority:0|startupRole:FOLLOWER]|listeners:[], old=null
2023-03-15 05:43:57,933 [749a2a4e-326e-405d-8b3d-6482ea274e37-server-thread1] INFO  segmented.SegmentedRaftLogWorker (SegmentedRaftLogWorker.java:startLogSegment(452)) - 749a2a4e-326e-405d-8b3d-6482ea274e37@group-1CC7A4FEEB72-SegmentedRaftLogWorker: Starting segment from index:0
2023-03-15 05:43:57,933 [fd98b1c5-5b85-4a01-ae78-de2614481a07@group-96AFC994C747-FollowerState] INFO  server.RaftServerConfigKeys (ConfUtils.java:logGet(46)) - raft.server.leaderelection.pre-vote = true (default)
2023-03-15 05:43:57,933 [fd98b1c5-5b85-4a01-ae78-de2614481a07@group-96AFC994C747-FollowerState] INFO  impl.RoleInfo (RoleInfo.java:updateAndGet(139)) - fd98b1c5-5b85-4a01-ae78-de2614481a07: start fd98b1c5-5b85-4a01-ae78-de2614481a07@group-96AFC994C747-LeaderElection8
2023-03-15 05:43:57,934 [a88b317b-310e-4f91-ab19-5adcbba379a7@group-1CC7A4FEEB72-SegmentedRaftLogWorker] INFO  segmented.SegmentedRaftLogWorker (SegmentedRaftLogWorker.java:execute(656)) - a88b317b-310e-4f91-ab19-5adcbba379a7@group-1CC7A4FEEB72-SegmentedRaftLogWorker: created new log segment /home/runner/work/ozone/ozone/hadoop-ozone/integration-test/target/test-dir/MiniOzoneClusterImpl-257c5be2-ab76-4353-a1eb-ea8c6614f538/datanode-1/data/ratis/e6d658eb-257b-4ca2-9b6d-1cc7a4feeb72/current/log_inprogress_0
2023-03-15 05:43:57,934 [749a2a4e-326e-405d-8b3d-6482ea274e37@group-1CC7A4FEEB72-SegmentedRaftLogWorker] INFO  segmented.SegmentedRaftLogWorker (SegmentedRaftLogWorker.java:execute(656)) - 749a2a4e-326e-405d-8b3d-6482ea274e37@group-1CC7A4FEEB72-SegmentedRaftLogWorker: created new log segment /home/runner/work/ozone/ozone/hadoop-ozone/integration-test/target/test-dir/MiniOzoneClusterImpl-257c5be2-ab76-4353-a1eb-ea8c6614f538/datanode-0/data/ratis/e6d658eb-257b-4ca2-9b6d-1cc7a4feeb72/current/log_inprogress_0
2023-03-15 05:43:57,947 [fd98b1c5-5b85-4a01-ae78-de2614481a07@group-96AFC994C747-LeaderElection8] INFO  impl.LeaderElection (LeaderElection.java:askForVotes(312)) - fd98b1c5-5b85-4a01-ae78-de2614481a07@group-96AFC994C747-LeaderElection8 PRE_VOTE round 0: submit vote requests at term 0 for -1: peers:[fd98b1c5-5b85-4a01-ae78-de2614481a07|rpc:10.1.0.18:42461|dataStream:10.1.0.18:45249|priority:1|startupRole:FOLLOWER]|listeners:[], old=null
2023-03-15 05:43:57,948 [fd98b1c5-5b85-4a01-ae78-de2614481a07@group-96AFC994C747-LeaderElection8] INFO  impl.LeaderElection (LeaderElection.java:askForVotes(314)) - fd98b1c5-5b85-4a01-ae78-de2614481a07@group-96AFC994C747-LeaderElection8 PRE_VOTE round 0: result PASSED (term=0)
2023-03-15 05:43:57,949 [fd98b1c5-5b85-4a01-ae78-de2614481a07@group-96AFC994C747-LeaderElection8] INFO  impl.LeaderElection (LeaderElection.java:askForVotes(312)) - fd98b1c5-5b85-4a01-ae78-de2614481a07@group-96AFC994C747-LeaderElection8 ELECTION round 0: submit vote requests at term 1 for -1: peers:[fd98b1c5-5b85-4a01-ae78-de2614481a07|rpc:10.1.0.18:42461|dataStream:10.1.0.18:45249|priority:1|startupRole:FOLLOWER]|listeners:[], old=null
2023-03-15 05:43:57,949 [fd98b1c5-5b85-4a01-ae78-de2614481a07@group-96AFC994C747-LeaderElection8] INFO  impl.LeaderElection (LeaderElection.java:askForVotes(314)) - fd98b1c5-5b85-4a01-ae78-de2614481a07@group-96AFC994C747-LeaderElection8 ELECTION round 0: result PASSED (term=1)
2023-03-15 05:43:57,949 [fd98b1c5-5b85-4a01-ae78-de2614481a07@group-96AFC994C747-LeaderElection8] INFO  impl.RoleInfo (RoleInfo.java:shutdownLeaderElection(130)) - fd98b1c5-5b85-4a01-ae78-de2614481a07: shutdown fd98b1c5-5b85-4a01-ae78-de2614481a07@group-96AFC994C747-LeaderElection8
2023-03-15 05:43:57,949 [fd98b1c5-5b85-4a01-ae78-de2614481a07@group-96AFC994C747-LeaderElection8] INFO  server.RaftServer$Division (RaftServerImpl.java:setRole(321)) - fd98b1c5-5b85-4a01-ae78-de2614481a07@group-96AFC994C747: changes role from CANDIDATE to LEADER at term 1 for changeToLeader
2023-03-15 05:43:57,949 [fd98b1c5-5b85-4a01-ae78-de2614481a07@group-96AFC994C747-LeaderElection8] INFO  ratis.XceiverServerRatis (XceiverServerRatis.java:handleLeaderChangedNotification(905)) - Leader change notification received for group: group-96AFC994C747 with new leaderId: fd98b1c5-5b85-4a01-ae78-de2614481a07
2023-03-15 05:43:57,952 [fd98b1c5-5b85-4a01-ae78-de2614481a07@group-96AFC994C747-LeaderElection8] INFO  server.RaftServer$Division (ServerState.java:setLeader(313)) - fd98b1c5-5b85-4a01-ae78-de2614481a07@group-96AFC994C747: change Leader from null to fd98b1c5-5b85-4a01-ae78-de2614481a07 at term 1 for becomeLeader, leader elected after 5218ms
2023-03-15 05:43:57,952 [fd98b1c5-5b85-4a01-ae78-de2614481a07@group-96AFC994C747-LeaderElection8] INFO  server.RaftServerConfigKeys (ConfUtils.java:logGet(46)) - raft.server.staging.catchup.gap = 1000 (default)
2023-03-15 05:43:57,952 [fd98b1c5-5b85-4a01-ae78-de2614481a07@group-96AFC994C747-LeaderElection8] INFO  server.RaftServerConfigKeys (ConfUtils.java:logGet(46)) - raft.server.write.element-limit = 1024 (custom)
2023-03-15 05:43:57,955 [fd98b1c5-5b85-4a01-ae78-de2614481a07@group-96AFC994C747-LeaderElection8] INFO  server.RaftServerConfigKeys (ConfUtils.java:logGet(46)) - raft.server.write.byte-limit = 1024 M (=1073741824) (custom)
2023-03-15 05:43:57,955 [fd98b1c5-5b85-4a01-ae78-de2614481a07@group-96AFC994C747-LeaderElection8] INFO  server.RaftServerConfigKeys (ConfUtils.java:logGet(46)) - raft.server.watch.timeout = 180s (custom)
2023-03-15 05:43:57,955 [fd98b1c5-5b85-4a01-ae78-de2614481a07@group-96AFC994C747-LeaderElection8] INFO  server.RaftServerConfigKeys (ConfUtils.java:logGet(46)) - raft.server.watch.timeout.denomination = 1s (default)
2023-03-15 05:43:57,955 [fd98b1c5-5b85-4a01-ae78-de2614481a07@group-96AFC994C747-LeaderElection8] INFO  server.RaftServerConfigKeys (ConfUtils.java:logGet(46)) - raft.server.watch.element-limit = 65536 (default)
2023-03-15 05:43:57,955 [fd98b1c5-5b85-4a01-ae78-de2614481a07@group-96AFC994C747-LeaderElection8] INFO  server.RaftServerConfigKeys (ConfUtils.java:logGet(46)) - raft.server.write.element-limit = 1024 (custom)
2023-03-15 05:43:57,955 [fd98b1c5-5b85-4a01-ae78-de2614481a07@group-96AFC994C747-LeaderElection8] INFO  server.RaftServerConfigKeys (ConfUtils.java:logGet(46)) - raft.server.write.follower.gap.ratio.max = -1.0 (default)
2023-03-15 05:43:57,956 [fd98b1c5-5b85-4a01-ae78-de2614481a07@group-96AFC994C747-LeaderElection8] INFO  impl.RoleInfo (RoleInfo.java:updateAndGet(139)) - fd98b1c5-5b85-4a01-ae78-de2614481a07: start fd98b1c5-5b85-4a01-ae78-de2614481a07@group-96AFC994C747-LeaderStateImpl
2023-03-15 05:43:57,956 [fd98b1c5-5b85-4a01-ae78-de2614481a07@group-96AFC994C747-LeaderElection8] INFO  segmented.SegmentedRaftLogWorker (SegmentedRaftLogWorker.java:startLogSegment(452)) - fd98b1c5-5b85-4a01-ae78-de2614481a07@group-96AFC994C747-SegmentedRaftLogWorker: Starting segment from index:0
2023-03-15 05:43:57,957 [fd98b1c5-5b85-4a01-ae78-de2614481a07@group-96AFC994C747-SegmentedRaftLogWorker] INFO  segmented.SegmentedRaftLogWorker (SegmentedRaftLogWorker.java:execute(656)) - fd98b1c5-5b85-4a01-ae78-de2614481a07@group-96AFC994C747-SegmentedRaftLogWorker: created new log segment /home/runner/work/ozone/ozone/hadoop-ozone/integration-test/target/test-dir/MiniOzoneClusterImpl-257c5be2-ab76-4353-a1eb-ea8c6614f538/datanode-3/data/ratis/cc4fc719-164a-422f-bd71-96afc994c747/current/log_inprogress_0
2023-03-15 05:43:57,963 [fd98b1c5-5b85-4a01-ae78-de2614481a07@group-96AFC994C747-LeaderElection8] INFO  server.RaftServer$Division (ServerState.java:setRaftConf(430)) - fd98b1c5-5b85-4a01-ae78-de2614481a07@group-96AFC994C747: set configuration 0: peers:[fd98b1c5-5b85-4a01-ae78-de2614481a07|rpc:10.1.0.18:42461|dataStream:10.1.0.18:45249|priority:1|startupRole:FOLLOWER]|listeners:[], old=null
2023-03-15 05:43:58,080 [Listener at 127.0.0.1/43369] INFO  rpc.RpcClient (RpcClient.java:createVolume(476)) - Creating Volume: volume35147, with user26134 as owner and space quota set to -1 bytes, counts quota set to -1
2023-03-15 05:43:58,127 [OM StateMachine ApplyTransaction Thread - 0] INFO  volume.OMVolumeCreateRequest (OMVolumeCreateRequest.java:validateAndUpdateCache(195)) - created volume:volume35147 for user:user26134
2023-03-15 05:43:58,143 [Listener at 127.0.0.1/43369] INFO  rpc.RpcClient (RpcClient.java:createBucket(698)) - Creating Bucket: volume35147/bucket98126, with bucket layout FILE_SYSTEM_OPTIMIZED, runner as owner, Versioning false, Storage Type set to DISK and Encryption set to false, Replication Type set to server-side default replication type, Namespace Quota set to -1, Space Quota set to -1 
2023-03-15 05:43:58,161 [OM StateMachine ApplyTransaction Thread - 0] INFO  bucket.OMBucketCreateRequest (OMBucketCreateRequest.java:validateAndUpdateCache(263)) - created bucket: bucket98126 of layout FILE_SYSTEM_OPTIMIZED in volume: volume35147
2023-03-15 05:43:58,294 [f4b4952b-3e5d-4d4d-87e6-725506190fb6@group-6673A225BFE2-FollowerState] INFO  impl.FollowerState (FollowerState.java:run(143)) - f4b4952b-3e5d-4d4d-87e6-725506190fb6@group-6673A225BFE2-FollowerState: change to CANDIDATE, lastRpcElapsedTime:5183394320ns, electionTimeout:5182ms
2023-03-15 05:43:58,295 [f4b4952b-3e5d-4d4d-87e6-725506190fb6@group-6673A225BFE2-FollowerState] INFO  impl.RoleInfo (RoleInfo.java:shutdownFollowerState(110)) - f4b4952b-3e5d-4d4d-87e6-725506190fb6: shutdown f4b4952b-3e5d-4d4d-87e6-725506190fb6@group-6673A225BFE2-FollowerState
2023-03-15 05:43:58,295 [f4b4952b-3e5d-4d4d-87e6-725506190fb6@group-6673A225BFE2-FollowerState] INFO  server.RaftServer$Division (RaftServerImpl.java:setRole(321)) - f4b4952b-3e5d-4d4d-87e6-725506190fb6@group-6673A225BFE2: changes role from  FOLLOWER to CANDIDATE at term 0 for changeToCandidate
2023-03-15 05:43:58,298 [f4b4952b-3e5d-4d4d-87e6-725506190fb6@group-6673A225BFE2-FollowerState] INFO  server.RaftServerConfigKeys (ConfUtils.java:logGet(46)) - raft.server.leaderelection.pre-vote = true (default)
2023-03-15 05:43:58,298 [f4b4952b-3e5d-4d4d-87e6-725506190fb6@group-6673A225BFE2-FollowerState] INFO  impl.RoleInfo (RoleInfo.java:updateAndGet(139)) - f4b4952b-3e5d-4d4d-87e6-725506190fb6: start f4b4952b-3e5d-4d4d-87e6-725506190fb6@group-6673A225BFE2-LeaderElection9
2023-03-15 05:43:58,306 [f4b4952b-3e5d-4d4d-87e6-725506190fb6@group-6673A225BFE2-LeaderElection9] INFO  impl.LeaderElection (LeaderElection.java:askForVotes(312)) - f4b4952b-3e5d-4d4d-87e6-725506190fb6@group-6673A225BFE2-LeaderElection9 PRE_VOTE round 0: submit vote requests at term 0 for -1: peers:[f4b4952b-3e5d-4d4d-87e6-725506190fb6|rpc:10.1.0.18:34783|dataStream:10.1.0.18:38515|priority:1|startupRole:FOLLOWER]|listeners:[], old=null
2023-03-15 05:43:58,307 [f4b4952b-3e5d-4d4d-87e6-725506190fb6@group-6673A225BFE2-LeaderElection9] INFO  impl.LeaderElection (LeaderElection.java:askForVotes(314)) - f4b4952b-3e5d-4d4d-87e6-725506190fb6@group-6673A225BFE2-LeaderElection9 PRE_VOTE round 0: result PASSED (term=0)
2023-03-15 05:43:58,308 [f4b4952b-3e5d-4d4d-87e6-725506190fb6@group-6673A225BFE2-LeaderElection9] INFO  impl.LeaderElection (LeaderElection.java:askForVotes(312)) - f4b4952b-3e5d-4d4d-87e6-725506190fb6@group-6673A225BFE2-LeaderElection9 ELECTION round 0: submit vote requests at term 1 for -1: peers:[f4b4952b-3e5d-4d4d-87e6-725506190fb6|rpc:10.1.0.18:34783|dataStream:10.1.0.18:38515|priority:1|startupRole:FOLLOWER]|listeners:[], old=null
2023-03-15 05:43:58,308 [f4b4952b-3e5d-4d4d-87e6-725506190fb6@group-6673A225BFE2-LeaderElection9] INFO  impl.LeaderElection (LeaderElection.java:askForVotes(314)) - f4b4952b-3e5d-4d4d-87e6-725506190fb6@group-6673A225BFE2-LeaderElection9 ELECTION round 0: result PASSED (term=1)
2023-03-15 05:43:58,308 [f4b4952b-3e5d-4d4d-87e6-725506190fb6@group-6673A225BFE2-LeaderElection9] INFO  impl.RoleInfo (RoleInfo.java:shutdownLeaderElection(130)) - f4b4952b-3e5d-4d4d-87e6-725506190fb6: shutdown f4b4952b-3e5d-4d4d-87e6-725506190fb6@group-6673A225BFE2-LeaderElection9
2023-03-15 05:43:58,308 [f4b4952b-3e5d-4d4d-87e6-725506190fb6@group-6673A225BFE2-LeaderElection9] INFO  server.RaftServer$Division (RaftServerImpl.java:setRole(321)) - f4b4952b-3e5d-4d4d-87e6-725506190fb6@group-6673A225BFE2: changes role from CANDIDATE to LEADER at term 1 for changeToLeader
2023-03-15 05:43:58,308 [f4b4952b-3e5d-4d4d-87e6-725506190fb6@group-6673A225BFE2-LeaderElection9] INFO  ratis.XceiverServerRatis (XceiverServerRatis.java:handleLeaderChangedNotification(905)) - Leader change notification received for group: group-6673A225BFE2 with new leaderId: f4b4952b-3e5d-4d4d-87e6-725506190fb6
2023-03-15 05:43:58,309 [f4b4952b-3e5d-4d4d-87e6-725506190fb6@group-6673A225BFE2-LeaderElection9] INFO  server.RaftServer$Division (ServerState.java:setLeader(313)) - f4b4952b-3e5d-4d4d-87e6-725506190fb6@group-6673A225BFE2: change Leader from null to f4b4952b-3e5d-4d4d-87e6-725506190fb6 at term 1 for becomeLeader, leader elected after 5210ms
2023-03-15 05:43:58,309 [f4b4952b-3e5d-4d4d-87e6-725506190fb6@group-6673A225BFE2-LeaderElection9] INFO  server.RaftServerConfigKeys (ConfUtils.java:logGet(46)) - raft.server.staging.catchup.gap = 1000 (default)
2023-03-15 05:43:58,309 [f4b4952b-3e5d-4d4d-87e6-725506190fb6@group-6673A225BFE2-LeaderElection9] INFO  server.RaftServerConfigKeys (ConfUtils.java:logGet(46)) - raft.server.write.element-limit = 1024 (custom)
2023-03-15 05:43:58,309 [f4b4952b-3e5d-4d4d-87e6-725506190fb6@group-6673A225BFE2-LeaderElection9] INFO  server.RaftServerConfigKeys (ConfUtils.java:logGet(46)) - raft.server.write.byte-limit = 1024 M (=1073741824) (custom)
2023-03-15 05:43:58,310 [f4b4952b-3e5d-4d4d-87e6-725506190fb6@group-6673A225BFE2-LeaderElection9] INFO  server.RaftServerConfigKeys (ConfUtils.java:logGet(46)) - raft.server.watch.timeout = 180s (custom)
2023-03-15 05:43:58,310 [f4b4952b-3e5d-4d4d-87e6-725506190fb6@group-6673A225BFE2-LeaderElection9] INFO  server.RaftServerConfigKeys (ConfUtils.java:logGet(46)) - raft.server.watch.timeout.denomination = 1s (default)
2023-03-15 05:43:58,310 [f4b4952b-3e5d-4d4d-87e6-725506190fb6@group-6673A225BFE2-LeaderElection9] INFO  server.RaftServerConfigKeys (ConfUtils.java:logGet(46)) - raft.server.watch.element-limit = 65536 (default)
2023-03-15 05:43:58,310 [f4b4952b-3e5d-4d4d-87e6-725506190fb6@group-6673A225BFE2-LeaderElection9] INFO  server.RaftServerConfigKeys (ConfUtils.java:logGet(46)) - raft.server.write.element-limit = 1024 (custom)
2023-03-15 05:43:58,310 [f4b4952b-3e5d-4d4d-87e6-725506190fb6@group-6673A225BFE2-LeaderElection9] INFO  server.RaftServerConfigKeys (ConfUtils.java:logGet(46)) - raft.server.write.follower.gap.ratio.max = -1.0 (default)
2023-03-15 05:43:58,310 [f4b4952b-3e5d-4d4d-87e6-725506190fb6@group-6673A225BFE2-LeaderElection9] INFO  impl.RoleInfo (RoleInfo.java:updateAndGet(139)) - f4b4952b-3e5d-4d4d-87e6-725506190fb6: start f4b4952b-3e5d-4d4d-87e6-725506190fb6@group-6673A225BFE2-LeaderStateImpl
2023-03-15 05:43:58,310 [f4b4952b-3e5d-4d4d-87e6-725506190fb6@group-6673A225BFE2-LeaderElection9] INFO  segmented.SegmentedRaftLogWorker (SegmentedRaftLogWorker.java:startLogSegment(452)) - f4b4952b-3e5d-4d4d-87e6-725506190fb6@group-6673A225BFE2-SegmentedRaftLogWorker: Starting segment from index:0
2023-03-15 05:43:58,316 [f4b4952b-3e5d-4d4d-87e6-725506190fb6@group-6673A225BFE2-LeaderElection9] INFO  server.RaftServer$Division (ServerState.java:setRaftConf(430)) - f4b4952b-3e5d-4d4d-87e6-725506190fb6@group-6673A225BFE2: set configuration 0: peers:[f4b4952b-3e5d-4d4d-87e6-725506190fb6|rpc:10.1.0.18:34783|dataStream:10.1.0.18:38515|priority:1|startupRole:FOLLOWER]|listeners:[], old=null
2023-03-15 05:43:58,316 [f4b4952b-3e5d-4d4d-87e6-725506190fb6@group-6673A225BFE2-SegmentedRaftLogWorker] INFO  segmented.SegmentedRaftLogWorker (SegmentedRaftLogWorker.java:execute(656)) - f4b4952b-3e5d-4d4d-87e6-725506190fb6@group-6673A225BFE2-SegmentedRaftLogWorker: created new log segment /home/runner/work/ozone/ozone/hadoop-ozone/integration-test/target/test-dir/MiniOzoneClusterImpl-257c5be2-ab76-4353-a1eb-ea8c6614f538/datanode-4/data/ratis/76080155-4512-4c2e-ab0e-6673a225bfe2/current/log_inprogress_0
2023-03-15 05:43:58,363 [Time-limited test] INFO  ozone.TestOzoneFileSystemWithFSO (TestOzoneFileSystemWithFSO.java:testRenameDirToItsOwnSubDir(318)) - Created dir1 o3fs://bucket98126.volume35147/root/dir1/sub_dir1
2023-03-15 05:43:58,363 [Time-limited test] INFO  ozone.TestOzoneFileSystemWithFSO (TestOzoneFileSystemWithFSO.java:testRenameDirToItsOwnSubDir(321)) - Rename op-> source:o3fs://bucket98126.volume35147/root to destin:o3fs://bucket98126.volume35147/root/dir1/sub_dir1
05:43:58.388 [OM StateMachine ApplyTransaction Thread - 0] ERROR OMAudit - user=runner | ip=127.0.0.1 | op=RENAME_KEY {volume=volume35147, bucket=bucket98126, dataSize=0, replicationType=NONE, replicationFactor=ZERO, srcKey=root, dstKey=root/dir1/sub_dir1} | ret=FAILURE
org.apache.hadoop.ozone.om.exceptions.OMException: Cannot rename a directory to its own subdirectory
	at org.apache.hadoop.ozone.om.request.file.OMFileRequest.verifyToDirIsASubDirOfFromDirectory(OMFileRequest.java:788) ~[ozone-manager-1.4.0-SNAPSHOT.jar:?]
	at org.apache.hadoop.ozone.om.request.key.OMKeyRenameRequestWithFSO.validateAndUpdateCache(OMKeyRenameRequestWithFSO.java:145) ~[ozone-manager-1.4.0-SNAPSHOT.jar:?]
	at org.apache.hadoop.ozone.protocolPB.OzoneManagerRequestHandler.handleWriteRequest(OzoneManagerRequestHandler.java:337) ~[ozone-manager-1.4.0-SNAPSHOT.jar:?]
	at org.apache.hadoop.ozone.om.ratis.OzoneManagerStateMachine.runCommand(OzoneManagerStateMachine.java:533) ~[ozone-manager-1.4.0-SNAPSHOT.jar:?]
	at org.apache.hadoop.ozone.om.ratis.OzoneManagerStateMachine.lambda$1(OzoneManagerStateMachine.java:324) ~[ozone-manager-1.4.0-SNAPSHOT.jar:?]
	at java.util.concurrent.CompletableFuture$AsyncSupply.run(CompletableFuture.java:1604) [?:1.8.0_362]
	at java.util.concurrent.ThreadPoolExecutor.runWorker(ThreadPoolExecutor.java:1149) [?:1.8.0_362]
	at java.util.concurrent.ThreadPoolExecutor$Worker.run(ThreadPoolExecutor.java:624) [?:1.8.0_362]
	at java.lang.Thread.run(Thread.java:750) [?:1.8.0_362]
2023-03-15 05:43:58,400 [OM StateMachine ApplyTransaction Thread - 0] ERROR key.OMKeyRenameRequestWithFSO (OMKeyRenameRequestWithFSO.java:validateAndUpdateCache(235)) - Rename key failed for volume:volume35147 bucket:bucket98126 fromKey:root toKey:root/dir1/sub_dir1. Key: root not found.
2023-03-15 05:43:58,401 [Time-limited test] ERROR ozone.BasicOzoneFileSystem (BasicOzoneFileSystem.java:renameFSO(448)) - rename key failed: Cannot rename a directory to its own subdirectory. Error code: KEY_RENAME_ERROR source:root, destin:root/dir1/sub_dir1
]]></system-out>
  </testcase>
  <testcase name="testRenameDirToItsOwnSubDir" classname="TestOzoneFileSystemWithFSO" time="20.365">
    <system-out><![CDATA[2023-03-15 05:44:25,854 [Listener at 127.0.0.1/43369] INFO  ozone.MiniOzoneClusterImpl (MiniOzoneClusterImpl.java:shutdown(450)) - Shutting down the Mini Ozone Cluster
2023-03-15 05:44:25,855 [Listener at 127.0.0.1/43369] INFO  ozone.MiniOzoneClusterImpl (MiniOzoneClusterImpl.java:stop(465)) - Stopping the Mini Ozone Cluster
2023-03-15 05:44:25,855 [Listener at 127.0.0.1/43369] INFO  ozone.MiniOzoneClusterImpl (MiniOzoneClusterImpl.java:stopOM(547)) - Stopping the OzoneManager
2023-03-15 05:44:25,855 [Listener at 127.0.0.1/43369] INFO  om.OzoneManager (OzoneManager.java:stop(2166)) - om1[localhost:0]: Stopping Ozone Manager
2023-03-15 05:44:25,855 [Listener at 127.0.0.1/43369] INFO  ipc.Server (Server.java:stop(3428)) - Stopping server on 43369
2023-03-15 05:44:25,860 [IPC Server listener on 0] INFO  ipc.Server (Server.java:run(1384)) - Stopping IPC Server listener on 0
2023-03-15 05:44:25,861 [IPC Server Responder] INFO  ipc.Server (Server.java:run(1517)) - Stopping IPC Server Responder
2023-03-15 05:44:25,862 [Listener at 127.0.0.1/43369] INFO  server.RaftServer (RaftServerProxy.java:lambda$close$6(409)) - om1: close
2023-03-15 05:44:25,862 [om1-impl-thread1] INFO  server.RaftServer$Division (RaftServerImpl.java:lambda$close$4(458)) - om1@group-C5BA1605619E: shutdown
2023-03-15 05:44:25,863 [om1-impl-thread1] INFO  util.JmxRegister (JmxRegister.java:unregister(73)) - Successfully un-registered JMX Bean with object name Ratis:service=RaftServer,group=group-C5BA1605619E,id=om1
2023-03-15 05:44:25,863 [om1-impl-thread1] INFO  impl.RoleInfo (RoleInfo.java:shutdownLeaderState(93)) - om1: shutdown om1@group-C5BA1605619E-LeaderStateImpl
2023-03-15 05:44:25,863 [om1-impl-thread1] INFO  impl.PendingRequests (PendingRequests.java:sendNotLeaderResponses(282)) - om1@group-C5BA1605619E-PendingRequests: sendNotLeaderResponses
2023-03-15 05:44:25,863 [Listener at 127.0.0.1/43369] INFO  server.GrpcService (GrpcService.java:closeImpl(271)) - om1: shutdown server GrpcServerProtocolService now
2023-03-15 05:44:25,869 [Listener at 127.0.0.1/43369] INFO  server.GrpcService (GrpcService.java:closeImpl(280)) - om1: shutdown server GrpcServerProtocolService successfully
2023-03-15 05:44:25,871 [om1-impl-thread1] INFO  impl.StateMachineUpdater (StateMachineUpdater.java:stopAndJoin(153)) - om1@group-C5BA1605619E-StateMachineUpdater: set stopIndex = 30358
2023-03-15 05:44:25,873 [om1@group-C5BA1605619E-StateMachineUpdater] INFO  ratis.OzoneManagerStateMachine (OzoneManagerStateMachine.java:takeSnapshot(445)) - Current Snapshot Index (t:1, i:30358)
2023-03-15 05:44:25,922 [om1@group-C5BA1605619E-StateMachineUpdater] INFO  impl.StateMachineUpdater (StateMachineUpdater.java:takeSnapshot(287)) - om1@group-C5BA1605619E-StateMachineUpdater: Took a snapshot at index 30358
2023-03-15 05:44:25,923 [om1@group-C5BA1605619E-StateMachineUpdater] INFO  impl.StateMachineUpdater (StateMachineUpdater.java:lambda$new$0(92)) - om1@group-C5BA1605619E-StateMachineUpdater: snapshotIndex: updateIncreasingly -1 -> 30358
2023-03-15 05:44:25,923 [om1@group-C5BA1605619E-StateMachineUpdater] INFO  ratis.OzoneManagerStateMachine (OzoneManagerStateMachine.java:close(499)) - StateMachine has shutdown. Shutdown OzoneManager if not already shutdown.
2023-03-15 05:44:25,923 [om1@group-C5BA1605619E-StateMachineUpdater] INFO  ratis.OzoneManagerDoubleBuffer (OzoneManagerDoubleBuffer.java:stopDaemon(540)) - Stopping OMDoubleBuffer flush thread
2023-03-15 05:44:25,924 [OMDoubleBufferFlushThread] INFO  ratis.OzoneManagerDoubleBuffer (OzoneManagerDoubleBuffer.java:canFlush(625)) - OMDoubleBuffer flush thread OMDoubleBufferFlushThread is interrupted and will exit.
2023-03-15 05:44:25,926 [om1-impl-thread1] INFO  server.RaftServer$Division (ServerState.java:close(466)) - om1@group-C5BA1605619E: closes. applyIndex: 30358
2023-03-15 05:44:25,933 [om1@group-C5BA1605619E-SegmentedRaftLogWorker] INFO  segmented.SegmentedRaftLogWorker (SegmentedRaftLogWorker.java:run(347)) - om1@group-C5BA1605619E-SegmentedRaftLogWorker was interrupted, exiting. There are 0 tasks remaining in the queue.
2023-03-15 05:44:25,935 [om1-impl-thread1] INFO  segmented.SegmentedRaftLogWorker (SegmentedRaftLogWorker.java:close(257)) - om1@group-C5BA1605619E-SegmentedRaftLogWorker close()
2023-03-15 05:44:25,935 [JvmPauseMonitor0] INFO  util.JvmPauseMonitor (JvmPauseMonitor.java:run(111)) - JvmPauseMonitor-om1: Stopped
2023-03-15 05:44:25,935 [Listener at 127.0.0.1/43369] INFO  ratis.OzoneManagerStateMachine (OzoneManagerStateMachine.java:close(499)) - StateMachine has shutdown. Shutdown OzoneManager if not already shutdown.
2023-03-15 05:44:25,935 [Listener at 127.0.0.1/43369] INFO  ratis.OzoneManagerDoubleBuffer (OzoneManagerDoubleBuffer.java:stopDaemon(549)) - OMDoubleBuffer flush thread is not running.
2023-03-15 05:44:25,936 [Listener at 127.0.0.1/43369] INFO  utils.BackgroundService (BackgroundService.java:shutdown(141)) - Shutting down service KeyDeletingService
2023-03-15 05:44:25,936 [Listener at 127.0.0.1/43369] INFO  utils.BackgroundService (BackgroundService.java:shutdown(141)) - Shutting down service DirectoryDeletingService
2023-03-15 05:44:25,937 [Listener at 127.0.0.1/43369] INFO  utils.BackgroundService (BackgroundService.java:shutdown(141)) - Shutting down service OpenKeyCleanupService
2023-03-15 05:44:25,937 [Listener at 127.0.0.1/43369] INFO  utils.BackgroundService (BackgroundService.java:shutdown(141)) - Shutting down service SstFilteringService
2023-03-15 05:44:25,937 [Listener at 127.0.0.1/43369] INFO  utils.BackgroundService (BackgroundService.java:shutdown(141)) - Shutting down service SnapshotDeletingService
2023-03-15 05:44:25,939 [Listener at 127.0.0.1/43369] INFO  handler.ContextHandler (ContextHandler.java:doStop(1159)) - Stopped o.e.j.w.WebAppContext@4fddc3cb{ozoneManager,/,null,STOPPED}{file:/home/runner/work/ozone/ozone/hadoop-ozone/integration-test/target/test-classes/webapps/ozoneManager}
2023-03-15 05:44:25,946 [Listener at 127.0.0.1/43369] INFO  server.AbstractConnector (AbstractConnector.java:doStop(383)) - Stopped ServerConnector@2afb361c{HTTP/1.1, (http/1.1)}{0.0.0.0:0}
2023-03-15 05:44:25,946 [Listener at 127.0.0.1/43369] INFO  server.session (HouseKeeper.java:stopScavenging(149)) - node0 Stopped scavenging
2023-03-15 05:44:25,947 [Listener at 127.0.0.1/43369] INFO  handler.ContextHandler (ContextHandler.java:doStop(1159)) - Stopped o.e.j.s.ServletContextHandler@57eb5324{static,/static,file:///home/runner/work/ozone/ozone/hadoop-ozone/integration-test/target/test-classes/webapps/static,STOPPED}
2023-03-15 05:44:25,947 [Listener at 127.0.0.1/43369] INFO  handler.ContextHandler (ContextHandler.java:doStop(1159)) - Stopped o.e.j.s.ServletContextHandler@272543a2{logs,/logs,file:///home/runner/work/ozone/ozone/hadoop-ozone/integration-test/target/log,STOPPED}
2023-03-15 05:44:25,951 [Trash Emptier] ERROR om.TrashPolicyOzone (TrashPolicyOzone.java:run(350)) - Error attempting to shutdown
java.lang.InterruptedException
	at java.util.concurrent.locks.AbstractQueuedSynchronizer$ConditionObject.awaitNanos(AbstractQueuedSynchronizer.java:2067)
	at java.util.concurrent.ThreadPoolExecutor.awaitTermination(ThreadPoolExecutor.java:1475)
	at org.apache.hadoop.ozone.om.TrashPolicyOzone$Emptier.run(TrashPolicyOzone.java:348)
	at java.lang.Thread.run(Thread.java:750)
2023-03-15 05:44:25,955 [Listener at 127.0.0.1/43369] INFO  ozone.MiniOzoneClusterImpl (MiniOzoneClusterImpl.java:stopDatanodes(524)) - Stopping the HddsDatanodes
2023-03-15 05:44:25,963 [Listener at 127.0.0.1/43369] INFO  ozoneimpl.OzoneContainer (OzoneContainer.java:stop(423)) - Attempting to stop container services.
2023-03-15 05:44:25,965 [Listener at 127.0.0.1/43369] INFO  server.RaftServer (RaftServerProxy.java:lambda$close$6(409)) - 93bbdb4e-ae1d-4286-84a2-0f7fae60ad59: close
2023-03-15 05:44:25,965 [93bbdb4e-ae1d-4286-84a2-0f7fae60ad59-impl-thread1] INFO  server.RaftServer$Division (RaftServerImpl.java:lambda$close$4(458)) - 93bbdb4e-ae1d-4286-84a2-0f7fae60ad59@group-1CC7A4FEEB72: shutdown
2023-03-15 05:44:25,965 [93bbdb4e-ae1d-4286-84a2-0f7fae60ad59-impl-thread1] INFO  util.JmxRegister (JmxRegister.java:unregister(73)) - Successfully un-registered JMX Bean with object name Ratis:service=RaftServer,group=group-1CC7A4FEEB72,id=93bbdb4e-ae1d-4286-84a2-0f7fae60ad59
2023-03-15 05:44:25,965 [93bbdb4e-ae1d-4286-84a2-0f7fae60ad59-impl-thread1] INFO  impl.RoleInfo (RoleInfo.java:shutdownLeaderState(93)) - 93bbdb4e-ae1d-4286-84a2-0f7fae60ad59: shutdown 93bbdb4e-ae1d-4286-84a2-0f7fae60ad59@group-1CC7A4FEEB72-LeaderStateImpl
2023-03-15 05:44:25,965 [93bbdb4e-ae1d-4286-84a2-0f7fae60ad59@group-1CC7A4FEEB72->a88b317b-310e-4f91-ab19-5adcbba379a7-GrpcLogAppender-LogAppenderDaemon] WARN  server.GrpcLogAppender (GrpcLogAppender.java:mayWait(200)) - 93bbdb4e-ae1d-4286-84a2-0f7fae60ad59@group-1CC7A4FEEB72->a88b317b-310e-4f91-ab19-5adcbba379a7-GrpcLogAppender: Wait interrupted by java.lang.InterruptedException
2023-03-15 05:44:25,967 [grpc-default-executor-0] INFO  server.GrpcServerProtocolService (GrpcServerProtocolService.java:onCompleted(143)) - a88b317b-310e-4f91-ab19-5adcbba379a7: Completed APPEND_ENTRIES, lastRequest: 93bbdb4e-ae1d-4286-84a2-0f7fae60ad59->a88b317b-310e-4f91-ab19-5adcbba379a7#272-t1,previous=(t:1, i:7),leaderCommit=7,initializing? true,entries: size=1, first=(t:1, i:8), METADATAENTRY(c:6)
2023-03-15 05:44:25,965 [93bbdb4e-ae1d-4286-84a2-0f7fae60ad59-impl-thread1] INFO  impl.PendingRequests (PendingRequests.java:sendNotLeaderResponses(282)) - 93bbdb4e-ae1d-4286-84a2-0f7fae60ad59@group-1CC7A4FEEB72-PendingRequests: sendNotLeaderResponses
2023-03-15 05:44:25,965 [93bbdb4e-ae1d-4286-84a2-0f7fae60ad59@group-1CC7A4FEEB72->749a2a4e-326e-405d-8b3d-6482ea274e37-GrpcLogAppender-LogAppenderDaemon] WARN  server.GrpcLogAppender (GrpcLogAppender.java:mayWait(200)) - 93bbdb4e-ae1d-4286-84a2-0f7fae60ad59@group-1CC7A4FEEB72->749a2a4e-326e-405d-8b3d-6482ea274e37-GrpcLogAppender: Wait interrupted by java.lang.InterruptedException
2023-03-15 05:44:25,967 [grpc-default-executor-4] INFO  server.GrpcServerProtocolService (GrpcServerProtocolService.java:onCompleted(143)) - a88b317b-310e-4f91-ab19-5adcbba379a7: Completed APPEND_ENTRIES, lastRequest: null
2023-03-15 05:44:25,968 [grpc-default-executor-1] INFO  server.GrpcLogAppender (GrpcLogAppender.java:onCompleted(415)) - 93bbdb4e-ae1d-4286-84a2-0f7fae60ad59@group-1CC7A4FEEB72->a88b317b-310e-4f91-ab19-5adcbba379a7-AppendLogResponseHandler: follower responses appendEntries COMPLETED
2023-03-15 05:44:25,971 [grpc-default-executor-1] INFO  leader.FollowerInfo (FollowerInfoImpl.java:lambda$new$0(48)) - 93bbdb4e-ae1d-4286-84a2-0f7fae60ad59@group-1CC7A4FEEB72->a88b317b-310e-4f91-ab19-5adcbba379a7: nextIndex: updateUnconditionally 9 -> 8
2023-03-15 05:44:25,972 [grpc-default-executor-4] INFO  server.GrpcServerProtocolService (GrpcServerProtocolService.java:onCompleted(143)) - 749a2a4e-326e-405d-8b3d-6482ea274e37: Completed APPEND_ENTRIES, lastRequest: 93bbdb4e-ae1d-4286-84a2-0f7fae60ad59->749a2a4e-326e-405d-8b3d-6482ea274e37#271-t1,previous=(t:1, i:7),leaderCommit=6,initializing? true,entries: size=1, first=(t:1, i:8), METADATAENTRY(c:6)
2023-03-15 05:44:25,973 [grpc-default-executor-2] INFO  server.GrpcLogAppender (GrpcLogAppender.java:onCompleted(415)) - 93bbdb4e-ae1d-4286-84a2-0f7fae60ad59@group-1CC7A4FEEB72->749a2a4e-326e-405d-8b3d-6482ea274e37-AppendLogResponseHandler: follower responses appendEntries COMPLETED
2023-03-15 05:44:25,974 [grpc-default-executor-3] INFO  server.GrpcLogAppender (GrpcLogAppender.java:onCompleted(415)) - 93bbdb4e-ae1d-4286-84a2-0f7fae60ad59@group-1CC7A4FEEB72->a88b317b-310e-4f91-ab19-5adcbba379a7-AppendLogResponseHandler: follower responses appendEntries COMPLETED
2023-03-15 05:44:25,974 [grpc-default-executor-3] INFO  leader.FollowerInfo (FollowerInfoImpl.java:lambda$new$0(48)) - 93bbdb4e-ae1d-4286-84a2-0f7fae60ad59@group-1CC7A4FEEB72->a88b317b-310e-4f91-ab19-5adcbba379a7: nextIndex: updateUnconditionally 8 -> 7
2023-03-15 05:44:25,973 [grpc-default-executor-2] INFO  leader.FollowerInfo (FollowerInfoImpl.java:lambda$new$0(48)) - 93bbdb4e-ae1d-4286-84a2-0f7fae60ad59@group-1CC7A4FEEB72->749a2a4e-326e-405d-8b3d-6482ea274e37: nextIndex: updateUnconditionally 9 -> 8
2023-03-15 05:44:25,974 [grpc-default-executor-1] INFO  server.GrpcServerProtocolService (GrpcServerProtocolService.java:onCompleted(143)) - 749a2a4e-326e-405d-8b3d-6482ea274e37: Completed APPEND_ENTRIES, lastRequest: null
2023-03-15 05:44:25,975 [grpc-default-executor-2] INFO  server.GrpcLogAppender (GrpcLogAppender.java:onCompleted(415)) - 93bbdb4e-ae1d-4286-84a2-0f7fae60ad59@group-1CC7A4FEEB72->749a2a4e-326e-405d-8b3d-6482ea274e37-AppendLogResponseHandler: follower responses appendEntries COMPLETED
2023-03-15 05:44:25,975 [grpc-default-executor-2] INFO  leader.FollowerInfo (FollowerInfoImpl.java:lambda$new$0(48)) - 93bbdb4e-ae1d-4286-84a2-0f7fae60ad59@group-1CC7A4FEEB72->749a2a4e-326e-405d-8b3d-6482ea274e37: nextIndex: updateUnconditionally 8 -> 7
2023-03-15 05:44:25,977 [93bbdb4e-ae1d-4286-84a2-0f7fae60ad59-impl-thread1] INFO  impl.StateMachineUpdater (StateMachineUpdater.java:stopAndJoin(153)) - 93bbdb4e-ae1d-4286-84a2-0f7fae60ad59@group-1CC7A4FEEB72-StateMachineUpdater: set stopIndex = 8
2023-03-15 05:44:25,977 [93bbdb4e-ae1d-4286-84a2-0f7fae60ad59@group-1CC7A4FEEB72-StateMachineUpdater] INFO  ratis.ContainerStateMachine (ContainerStateMachine.java:takeSnapshot(330)) - group-1CC7A4FEEB72: Taking a snapshot at:(t:1, i:8) file /home/runner/work/ozone/ozone/hadoop-ozone/integration-test/target/test-dir/MiniOzoneClusterImpl-257c5be2-ab76-4353-a1eb-ea8c6614f538/datanode-2/data/ratis/e6d658eb-257b-4ca2-9b6d-1cc7a4feeb72/sm/snapshot.1_8
2023-03-15 05:44:25,998 [ForkJoinPool.commonPool-worker-0] INFO  ozoneimpl.OzoneContainer (OzoneContainer.java:stop(423)) - Attempting to stop container services.
2023-03-15 05:44:26,006 [Listener at 127.0.0.1/43369] INFO  server.GrpcService (GrpcService.java:closeImpl(271)) - 93bbdb4e-ae1d-4286-84a2-0f7fae60ad59: shutdown server GrpcServerProtocolService now
2023-03-15 05:44:26,009 [93bbdb4e-ae1d-4286-84a2-0f7fae60ad59-impl-thread3] INFO  server.RaftServer$Division (RaftServerImpl.java:lambda$close$4(458)) - 93bbdb4e-ae1d-4286-84a2-0f7fae60ad59@group-AAA528D1F098: shutdown
2023-03-15 05:44:26,009 [93bbdb4e-ae1d-4286-84a2-0f7fae60ad59-impl-thread3] INFO  util.JmxRegister (JmxRegister.java:unregister(73)) - Successfully un-registered JMX Bean with object name Ratis:service=RaftServer,group=group-AAA528D1F098,id=93bbdb4e-ae1d-4286-84a2-0f7fae60ad59
2023-03-15 05:44:26,009 [93bbdb4e-ae1d-4286-84a2-0f7fae60ad59-impl-thread3] INFO  impl.RoleInfo (RoleInfo.java:shutdownFollowerState(110)) - 93bbdb4e-ae1d-4286-84a2-0f7fae60ad59: shutdown 93bbdb4e-ae1d-4286-84a2-0f7fae60ad59@group-AAA528D1F098-FollowerState
2023-03-15 05:44:26,009 [93bbdb4e-ae1d-4286-84a2-0f7fae60ad59@group-AAA528D1F098-FollowerState] INFO  impl.FollowerState (FollowerState.java:run(152)) - 93bbdb4e-ae1d-4286-84a2-0f7fae60ad59@group-AAA528D1F098-FollowerState was interrupted
2023-03-15 05:44:26,009 [93bbdb4e-ae1d-4286-84a2-0f7fae60ad59@group-AAA528D1F098-StateMachineUpdater] INFO  ratis.ContainerStateMachine (ContainerStateMachine.java:takeSnapshot(330)) - group-AAA528D1F098: Taking a snapshot at:(t:1, i:22) file /home/runner/work/ozone/ozone/hadoop-ozone/integration-test/target/test-dir/MiniOzoneClusterImpl-257c5be2-ab76-4353-a1eb-ea8c6614f538/datanode-2/data/ratis/fd08d0d5-0033-4d41-a1d9-aaa528d1f098/sm/snapshot.1_22
2023-03-15 05:44:26,009 [93bbdb4e-ae1d-4286-84a2-0f7fae60ad59-impl-thread3] INFO  impl.StateMachineUpdater (StateMachineUpdater.java:stopAndJoin(153)) - 93bbdb4e-ae1d-4286-84a2-0f7fae60ad59@group-AAA528D1F098-StateMachineUpdater: set stopIndex = 22
2023-03-15 05:44:26,012 [ForkJoinPool.commonPool-worker-0] INFO  server.RaftServer (RaftServerProxy.java:lambda$close$6(409)) - a88b317b-310e-4f91-ab19-5adcbba379a7: close
2023-03-15 05:44:26,012 [a88b317b-310e-4f91-ab19-5adcbba379a7-impl-thread1] INFO  server.RaftServer$Division (RaftServerImpl.java:lambda$close$4(458)) - a88b317b-310e-4f91-ab19-5adcbba379a7@group-1CC7A4FEEB72: shutdown
2023-03-15 05:44:26,012 [a88b317b-310e-4f91-ab19-5adcbba379a7-impl-thread1] INFO  util.JmxRegister (JmxRegister.java:unregister(73)) - Successfully un-registered JMX Bean with object name Ratis:service=RaftServer,group=group-1CC7A4FEEB72,id=a88b317b-310e-4f91-ab19-5adcbba379a7
2023-03-15 05:44:26,012 [a88b317b-310e-4f91-ab19-5adcbba379a7-impl-thread1] INFO  impl.RoleInfo (RoleInfo.java:shutdownFollowerState(110)) - a88b317b-310e-4f91-ab19-5adcbba379a7: shutdown a88b317b-310e-4f91-ab19-5adcbba379a7@group-1CC7A4FEEB72-FollowerState
2023-03-15 05:44:26,013 [grpc-default-executor-1] WARN  server.GrpcServerProtocolService (LogUtils.java:warn(122)) - 93bbdb4e-ae1d-4286-84a2-0f7fae60ad59: installSnapshot onError, lastRequest: 749a2a4e-326e-405d-8b3d-6482ea274e37->93bbdb4e-ae1d-4286-84a2-0f7fae60ad59#77-t1,previous=(t:1, i:21),leaderCommit=21,initializing? true,entries: size=1, first=(t:1, i:22), METADATAENTRY(c:21): org.apache.ratis.thirdparty.io.grpc.StatusRuntimeException: CANCELLED: client cancelled
2023-03-15 05:44:26,014 [grpc-default-executor-2] WARN  server.GrpcServerProtocolService (LogUtils.java:warn(122)) - 93bbdb4e-ae1d-4286-84a2-0f7fae60ad59: installSnapshot onError, lastRequest: null: org.apache.ratis.thirdparty.io.grpc.StatusRuntimeException: CANCELLED: client cancelled
2023-03-15 05:44:26,015 [grpc-default-executor-2] WARN  server.GrpcLogAppender (LogUtils.java:warn(122)) - 749a2a4e-326e-405d-8b3d-6482ea274e37@group-AAA528D1F098->93bbdb4e-ae1d-4286-84a2-0f7fae60ad59-AppendLogResponseHandler: Failed appendEntries: org.apache.ratis.thirdparty.io.grpc.StatusRuntimeException: CANCELLED: RST_STREAM closed stream. HTTP/2 error code: CANCEL
2023-03-15 05:44:26,016 [grpc-default-executor-2] INFO  leader.FollowerInfo (FollowerInfoImpl.java:lambda$new$0(48)) - 749a2a4e-326e-405d-8b3d-6482ea274e37@group-AAA528D1F098->93bbdb4e-ae1d-4286-84a2-0f7fae60ad59: nextIndex: updateUnconditionally 23 -> 22
2023-03-15 05:44:26,018 [a88b317b-310e-4f91-ab19-5adcbba379a7-impl-thread2] INFO  server.RaftServer$Division (RaftServerImpl.java:lambda$close$4(458)) - a88b317b-310e-4f91-ab19-5adcbba379a7@group-AAA528D1F098: shutdown
2023-03-15 05:44:26,018 [a88b317b-310e-4f91-ab19-5adcbba379a7-impl-thread2] INFO  util.JmxRegister (JmxRegister.java:unregister(73)) - Successfully un-registered JMX Bean with object name Ratis:service=RaftServer,group=group-AAA528D1F098,id=a88b317b-310e-4f91-ab19-5adcbba379a7
2023-03-15 05:44:26,018 [a88b317b-310e-4f91-ab19-5adcbba379a7-impl-thread2] INFO  impl.RoleInfo (RoleInfo.java:shutdownFollowerState(110)) - a88b317b-310e-4f91-ab19-5adcbba379a7: shutdown a88b317b-310e-4f91-ab19-5adcbba379a7@group-AAA528D1F098-FollowerState
2023-03-15 05:44:26,020 [ForkJoinPool.commonPool-worker-0] INFO  server.GrpcService (GrpcService.java:closeImpl(271)) - a88b317b-310e-4f91-ab19-5adcbba379a7: shutdown server GrpcServerProtocolService now
2023-03-15 05:44:26,020 [93bbdb4e-ae1d-4286-84a2-0f7fae60ad59-impl-thread2] INFO  server.RaftServer$Division (RaftServerImpl.java:lambda$close$4(458)) - 93bbdb4e-ae1d-4286-84a2-0f7fae60ad59@group-551C3F717DDD: shutdown
2023-03-15 05:44:26,020 [93bbdb4e-ae1d-4286-84a2-0f7fae60ad59-impl-thread2] INFO  util.JmxRegister (JmxRegister.java:unregister(73)) - Successfully un-registered JMX Bean with object name Ratis:service=RaftServer,group=group-551C3F717DDD,id=93bbdb4e-ae1d-4286-84a2-0f7fae60ad59
2023-03-15 05:44:26,021 [93bbdb4e-ae1d-4286-84a2-0f7fae60ad59-impl-thread2] INFO  impl.RoleInfo (RoleInfo.java:shutdownLeaderState(93)) - 93bbdb4e-ae1d-4286-84a2-0f7fae60ad59: shutdown 93bbdb4e-ae1d-4286-84a2-0f7fae60ad59@group-551C3F717DDD-LeaderStateImpl
2023-03-15 05:44:26,021 [93bbdb4e-ae1d-4286-84a2-0f7fae60ad59-impl-thread2] INFO  impl.PendingRequests (PendingRequests.java:sendNotLeaderResponses(282)) - 93bbdb4e-ae1d-4286-84a2-0f7fae60ad59@group-551C3F717DDD-PendingRequests: sendNotLeaderResponses
2023-03-15 05:44:26,021 [93bbdb4e-ae1d-4286-84a2-0f7fae60ad59-impl-thread2] INFO  impl.StateMachineUpdater (StateMachineUpdater.java:stopAndJoin(153)) - 93bbdb4e-ae1d-4286-84a2-0f7fae60ad59@group-551C3F717DDD-StateMachineUpdater: set stopIndex = 0
2023-03-15 05:44:26,021 [grpc-default-executor-0] WARN  server.GrpcServerProtocolService (LogUtils.java:warn(122)) - a88b317b-310e-4f91-ab19-5adcbba379a7: installSnapshot onError, lastRequest: 749a2a4e-326e-405d-8b3d-6482ea274e37->a88b317b-310e-4f91-ab19-5adcbba379a7#74-t1,previous=(t:1, i:21),leaderCommit=21,initializing? true,entries: size=1, first=(t:1, i:22), METADATAENTRY(c:21): org.apache.ratis.thirdparty.io.grpc.StatusRuntimeException: CANCELLED: client cancelled
2023-03-15 05:44:26,022 [93bbdb4e-ae1d-4286-84a2-0f7fae60ad59@group-551C3F717DDD-StateMachineUpdater] INFO  ratis.ContainerStateMachine (ContainerStateMachine.java:takeSnapshot(330)) - group-551C3F717DDD: Taking a snapshot at:(t:1, i:0) file /home/runner/work/ozone/ozone/hadoop-ozone/integration-test/target/test-dir/MiniOzoneClusterImpl-257c5be2-ab76-4353-a1eb-ea8c6614f538/datanode-2/data/ratis/db5c58c0-0e7a-4374-b52b-551c3f717ddd/sm/snapshot.1_0
2023-03-15 05:44:26,022 [grpc-default-executor-1] WARN  server.GrpcLogAppender (LogUtils.java:warn(122)) - 749a2a4e-326e-405d-8b3d-6482ea274e37@group-AAA528D1F098->a88b317b-310e-4f91-ab19-5adcbba379a7-AppendLogResponseHandler: Failed appendEntries: org.apache.ratis.thirdparty.io.grpc.StatusRuntimeException: CANCELLED: RST_STREAM closed stream. HTTP/2 error code: CANCEL
2023-03-15 05:44:26,022 [grpc-default-executor-1] INFO  leader.FollowerInfo (FollowerInfoImpl.java:lambda$new$0(48)) - 749a2a4e-326e-405d-8b3d-6482ea274e37@group-AAA528D1F098->a88b317b-310e-4f91-ab19-5adcbba379a7: nextIndex: updateUnconditionally 23 -> 22
2023-03-15 05:44:26,023 [grpc-default-executor-1] WARN  server.GrpcServerProtocolService (LogUtils.java:warn(122)) - a88b317b-310e-4f91-ab19-5adcbba379a7: installSnapshot onError, lastRequest: null: org.apache.ratis.thirdparty.io.grpc.StatusRuntimeException: CANCELLED: client cancelled
2023-03-15 05:44:26,023 [ForkJoinPool.commonPool-worker-0] INFO  server.GrpcService (GrpcService.java:closeImpl(280)) - a88b317b-310e-4f91-ab19-5adcbba379a7: shutdown server GrpcServerProtocolService successfully
2023-03-15 05:44:26,023 [a88b317b-310e-4f91-ab19-5adcbba379a7-NettyServerStreamRpc-bossGroup--thread1] INFO  logging.LoggingHandler (AbstractInternalLogger.java:log(148)) - [id: 0x3273164d, L:/0:0:0:0:0:0:0:0:43727] CLOSE
2023-03-15 05:44:26,023 [a88b317b-310e-4f91-ab19-5adcbba379a7-NettyServerStreamRpc-bossGroup--thread1] INFO  logging.LoggingHandler (AbstractInternalLogger.java:log(148)) - [id: 0x3273164d, L:/0:0:0:0:0:0:0:0:43727] INACTIVE
2023-03-15 05:44:26,024 [a88b317b-310e-4f91-ab19-5adcbba379a7-NettyServerStreamRpc-bossGroup--thread1] INFO  logging.LoggingHandler (AbstractInternalLogger.java:log(148)) - [id: 0x3273164d, L:/0:0:0:0:0:0:0:0:43727] UNREGISTERED
2023-03-15 05:44:26,024 [grpc-default-executor-1] WARN  server.GrpcLogAppender (LogUtils.java:warn(122)) - 749a2a4e-326e-405d-8b3d-6482ea274e37@group-AAA528D1F098->a88b317b-310e-4f91-ab19-5adcbba379a7-AppendLogResponseHandler: Failed appendEntries: org.apache.ratis.thirdparty.io.grpc.StatusRuntimeException: CANCELLED: RST_STREAM closed stream. HTTP/2 error code: CANCEL
2023-03-15 05:44:26,024 [grpc-default-executor-1] INFO  leader.FollowerInfo (FollowerInfoImpl.java:lambda$new$0(48)) - 749a2a4e-326e-405d-8b3d-6482ea274e37@group-AAA528D1F098->a88b317b-310e-4f91-ab19-5adcbba379a7: nextIndex: updateUnconditionally 22 -> 21
2023-03-15 05:44:26,027 [a88b317b-310e-4f91-ab19-5adcbba379a7-impl-thread3] INFO  server.RaftServer$Division (RaftServerImpl.java:lambda$close$4(458)) - a88b317b-310e-4f91-ab19-5adcbba379a7@group-6BCA25F94B5E: shutdown
2023-03-15 05:44:26,027 [a88b317b-310e-4f91-ab19-5adcbba379a7-impl-thread3] INFO  util.JmxRegister (JmxRegister.java:unregister(73)) - Successfully un-registered JMX Bean with object name Ratis:service=RaftServer,group=group-6BCA25F94B5E,id=a88b317b-310e-4f91-ab19-5adcbba379a7
2023-03-15 05:44:26,027 [a88b317b-310e-4f91-ab19-5adcbba379a7-impl-thread3] INFO  impl.RoleInfo (RoleInfo.java:shutdownLeaderState(93)) - a88b317b-310e-4f91-ab19-5adcbba379a7: shutdown a88b317b-310e-4f91-ab19-5adcbba379a7@group-6BCA25F94B5E-LeaderStateImpl
2023-03-15 05:44:26,027 [a88b317b-310e-4f91-ab19-5adcbba379a7-impl-thread3] INFO  impl.PendingRequests (PendingRequests.java:sendNotLeaderResponses(282)) - a88b317b-310e-4f91-ab19-5adcbba379a7@group-6BCA25F94B5E-PendingRequests: sendNotLeaderResponses
2023-03-15 05:44:26,027 [a88b317b-310e-4f91-ab19-5adcbba379a7-impl-thread3] INFO  impl.StateMachineUpdater (StateMachineUpdater.java:stopAndJoin(153)) - a88b317b-310e-4f91-ab19-5adcbba379a7@group-6BCA25F94B5E-StateMachineUpdater: set stopIndex = 0
2023-03-15 05:44:26,027 [a88b317b-310e-4f91-ab19-5adcbba379a7@group-6BCA25F94B5E-StateMachineUpdater] INFO  ratis.ContainerStateMachine (ContainerStateMachine.java:takeSnapshot(330)) - group-6BCA25F94B5E: Taking a snapshot at:(t:1, i:0) file /home/runner/work/ozone/ozone/hadoop-ozone/integration-test/target/test-dir/MiniOzoneClusterImpl-257c5be2-ab76-4353-a1eb-ea8c6614f538/datanode-1/data/ratis/eae55e7e-2c35-415d-9295-6bca25f94b5e/sm/snapshot.1_0
2023-03-15 05:44:26,029 [a88b317b-310e-4f91-ab19-5adcbba379a7-impl-thread2] INFO  impl.StateMachineUpdater (StateMachineUpdater.java:stopAndJoin(153)) - a88b317b-310e-4f91-ab19-5adcbba379a7@group-AAA528D1F098-StateMachineUpdater: set stopIndex = 22
2023-03-15 05:44:26,029 [a88b317b-310e-4f91-ab19-5adcbba379a7@group-AAA528D1F098-FollowerState] INFO  impl.FollowerState (FollowerState.java:run(152)) - a88b317b-310e-4f91-ab19-5adcbba379a7@group-AAA528D1F098-FollowerState was interrupted
2023-03-15 05:44:26,030 [a88b317b-310e-4f91-ab19-5adcbba379a7@group-AAA528D1F098-StateMachineUpdater] INFO  ratis.ContainerStateMachine (ContainerStateMachine.java:takeSnapshot(330)) - group-AAA528D1F098: Taking a snapshot at:(t:1, i:22) file /home/runner/work/ozone/ozone/hadoop-ozone/integration-test/target/test-dir/MiniOzoneClusterImpl-257c5be2-ab76-4353-a1eb-ea8c6614f538/datanode-1/data/ratis/fd08d0d5-0033-4d41-a1d9-aaa528d1f098/sm/snapshot.1_22
2023-03-15 05:44:26,040 [a88b317b-310e-4f91-ab19-5adcbba379a7-impl-thread1] INFO  impl.StateMachineUpdater (StateMachineUpdater.java:stopAndJoin(153)) - a88b317b-310e-4f91-ab19-5adcbba379a7@group-1CC7A4FEEB72-StateMachineUpdater: set stopIndex = 7
2023-03-15 05:44:26,040 [Listener at 127.0.0.1/43369] INFO  server.GrpcServerProtocolClient (GrpcServerProtocolClient.java:close(101)) - a88b317b-310e-4f91-ab19-5adcbba379a7 Close channels
2023-03-15 05:44:26,041 [a88b317b-310e-4f91-ab19-5adcbba379a7@group-1CC7A4FEEB72-StateMachineUpdater] INFO  ratis.ContainerStateMachine (ContainerStateMachine.java:takeSnapshot(330)) - group-1CC7A4FEEB72: Taking a snapshot at:(t:1, i:7) file /home/runner/work/ozone/ozone/hadoop-ozone/integration-test/target/test-dir/MiniOzoneClusterImpl-257c5be2-ab76-4353-a1eb-ea8c6614f538/datanode-1/data/ratis/e6d658eb-257b-4ca2-9b6d-1cc7a4feeb72/sm/snapshot.1_7
2023-03-15 05:44:26,041 [grpc-default-executor-2] WARN  server.GrpcLogAppender (LogUtils.java:warn(122)) - 749a2a4e-326e-405d-8b3d-6482ea274e37@group-AAA528D1F098->93bbdb4e-ae1d-4286-84a2-0f7fae60ad59-AppendLogResponseHandler: Failed appendEntries: org.apache.ratis.thirdparty.io.grpc.StatusRuntimeException: CANCELLED: RST_STREAM closed stream. HTTP/2 error code: CANCEL
2023-03-15 05:44:26,041 [grpc-default-executor-2] INFO  leader.FollowerInfo (FollowerInfoImpl.java:lambda$new$0(48)) - 749a2a4e-326e-405d-8b3d-6482ea274e37@group-AAA528D1F098->93bbdb4e-ae1d-4286-84a2-0f7fae60ad59: nextIndex: updateUnconditionally 23 -> 22
2023-03-15 05:44:26,041 [a88b317b-310e-4f91-ab19-5adcbba379a7@group-1CC7A4FEEB72-FollowerState] INFO  impl.FollowerState (FollowerState.java:run(152)) - a88b317b-310e-4f91-ab19-5adcbba379a7@group-1CC7A4FEEB72-FollowerState was interrupted
2023-03-15 05:44:26,048 [a88b317b-310e-4f91-ab19-5adcbba379a7@group-6BCA25F94B5E-StateMachineUpdater] INFO  ratis.ContainerStateMachine (ContainerStateMachine.java:takeSnapshot(341)) - group-6BCA25F94B5E: Finished taking a snapshot at:(t:1, i:0) file:/home/runner/work/ozone/ozone/hadoop-ozone/integration-test/target/test-dir/MiniOzoneClusterImpl-257c5be2-ab76-4353-a1eb-ea8c6614f538/datanode-1/data/ratis/eae55e7e-2c35-415d-9295-6bca25f94b5e/sm/snapshot.1_0 took: 21 ms
2023-03-15 05:44:26,050 [a88b317b-310e-4f91-ab19-5adcbba379a7@group-6BCA25F94B5E-StateMachineUpdater] INFO  impl.StateMachineUpdater (StateMachineUpdater.java:takeSnapshot(287)) - a88b317b-310e-4f91-ab19-5adcbba379a7@group-6BCA25F94B5E-StateMachineUpdater: Took a snapshot at index 0
2023-03-15 05:44:26,050 [a88b317b-310e-4f91-ab19-5adcbba379a7@group-6BCA25F94B5E-StateMachineUpdater] INFO  impl.StateMachineUpdater (StateMachineUpdater.java:lambda$new$0(92)) - a88b317b-310e-4f91-ab19-5adcbba379a7@group-6BCA25F94B5E-StateMachineUpdater: snapshotIndex: updateIncreasingly -1 -> 0
2023-03-15 05:44:26,050 [93bbdb4e-ae1d-4286-84a2-0f7fae60ad59@group-AAA528D1F098-StateMachineUpdater] INFO  ratis.ContainerStateMachine (ContainerStateMachine.java:takeSnapshot(341)) - group-AAA528D1F098: Finished taking a snapshot at:(t:1, i:22) file:/home/runner/work/ozone/ozone/hadoop-ozone/integration-test/target/test-dir/MiniOzoneClusterImpl-257c5be2-ab76-4353-a1eb-ea8c6614f538/datanode-2/data/ratis/fd08d0d5-0033-4d41-a1d9-aaa528d1f098/sm/snapshot.1_22 took: 41 ms
2023-03-15 05:44:26,050 [93bbdb4e-ae1d-4286-84a2-0f7fae60ad59@group-AAA528D1F098-StateMachineUpdater] INFO  impl.StateMachineUpdater (StateMachineUpdater.java:takeSnapshot(287)) - 93bbdb4e-ae1d-4286-84a2-0f7fae60ad59@group-AAA528D1F098-StateMachineUpdater: Took a snapshot at index 22
2023-03-15 05:44:26,050 [93bbdb4e-ae1d-4286-84a2-0f7fae60ad59@group-AAA528D1F098-StateMachineUpdater] INFO  impl.StateMachineUpdater (StateMachineUpdater.java:lambda$new$0(92)) - 93bbdb4e-ae1d-4286-84a2-0f7fae60ad59@group-AAA528D1F098-StateMachineUpdater: snapshotIndex: updateIncreasingly -1 -> 22
2023-03-15 05:44:26,050 [93bbdb4e-ae1d-4286-84a2-0f7fae60ad59@group-551C3F717DDD-StateMachineUpdater] INFO  ratis.ContainerStateMachine (ContainerStateMachine.java:takeSnapshot(341)) - group-551C3F717DDD: Finished taking a snapshot at:(t:1, i:0) file:/home/runner/work/ozone/ozone/hadoop-ozone/integration-test/target/test-dir/MiniOzoneClusterImpl-257c5be2-ab76-4353-a1eb-ea8c6614f538/datanode-2/data/ratis/db5c58c0-0e7a-4374-b52b-551c3f717ddd/sm/snapshot.1_0 took: 29 ms
2023-03-15 05:44:26,050 [93bbdb4e-ae1d-4286-84a2-0f7fae60ad59@group-551C3F717DDD-StateMachineUpdater] INFO  impl.StateMachineUpdater (StateMachineUpdater.java:takeSnapshot(287)) - 93bbdb4e-ae1d-4286-84a2-0f7fae60ad59@group-551C3F717DDD-StateMachineUpdater: Took a snapshot at index 0
2023-03-15 05:44:26,050 [93bbdb4e-ae1d-4286-84a2-0f7fae60ad59@group-551C3F717DDD-StateMachineUpdater] INFO  impl.StateMachineUpdater (StateMachineUpdater.java:lambda$new$0(92)) - 93bbdb4e-ae1d-4286-84a2-0f7fae60ad59@group-551C3F717DDD-StateMachineUpdater: snapshotIndex: updateIncreasingly -1 -> 0
2023-03-15 05:44:26,051 [a88b317b-310e-4f91-ab19-5adcbba379a7@group-1CC7A4FEEB72-StateMachineUpdater] INFO  ratis.ContainerStateMachine (ContainerStateMachine.java:takeSnapshot(341)) - group-1CC7A4FEEB72: Finished taking a snapshot at:(t:1, i:7) file:/home/runner/work/ozone/ozone/hadoop-ozone/integration-test/target/test-dir/MiniOzoneClusterImpl-257c5be2-ab76-4353-a1eb-ea8c6614f538/datanode-1/data/ratis/e6d658eb-257b-4ca2-9b6d-1cc7a4feeb72/sm/snapshot.1_7 took: 10 ms
2023-03-15 05:44:26,051 [a88b317b-310e-4f91-ab19-5adcbba379a7@group-1CC7A4FEEB72-StateMachineUpdater] INFO  impl.StateMachineUpdater (StateMachineUpdater.java:takeSnapshot(287)) - a88b317b-310e-4f91-ab19-5adcbba379a7@group-1CC7A4FEEB72-StateMachineUpdater: Took a snapshot at index 7
2023-03-15 05:44:26,051 [a88b317b-310e-4f91-ab19-5adcbba379a7@group-1CC7A4FEEB72-StateMachineUpdater] INFO  impl.StateMachineUpdater (StateMachineUpdater.java:lambda$new$0(92)) - a88b317b-310e-4f91-ab19-5adcbba379a7@group-1CC7A4FEEB72-StateMachineUpdater: snapshotIndex: updateIncreasingly -1 -> 7
2023-03-15 05:44:26,051 [a88b317b-310e-4f91-ab19-5adcbba379a7@group-AAA528D1F098-StateMachineUpdater] INFO  ratis.ContainerStateMachine (ContainerStateMachine.java:takeSnapshot(341)) - group-AAA528D1F098: Finished taking a snapshot at:(t:1, i:22) file:/home/runner/work/ozone/ozone/hadoop-ozone/integration-test/target/test-dir/MiniOzoneClusterImpl-257c5be2-ab76-4353-a1eb-ea8c6614f538/datanode-1/data/ratis/fd08d0d5-0033-4d41-a1d9-aaa528d1f098/sm/snapshot.1_22 took: 21 ms
2023-03-15 05:44:26,051 [a88b317b-310e-4f91-ab19-5adcbba379a7@group-AAA528D1F098-StateMachineUpdater] INFO  impl.StateMachineUpdater (StateMachineUpdater.java:takeSnapshot(287)) - a88b317b-310e-4f91-ab19-5adcbba379a7@group-AAA528D1F098-StateMachineUpdater: Took a snapshot at index 22
2023-03-15 05:44:26,051 [a88b317b-310e-4f91-ab19-5adcbba379a7@group-AAA528D1F098-StateMachineUpdater] INFO  impl.StateMachineUpdater (StateMachineUpdater.java:lambda$new$0(92)) - a88b317b-310e-4f91-ab19-5adcbba379a7@group-AAA528D1F098-StateMachineUpdater: snapshotIndex: updateIncreasingly -1 -> 22
2023-03-15 05:44:26,055 [93bbdb4e-ae1d-4286-84a2-0f7fae60ad59@group-1CC7A4FEEB72-StateMachineUpdater] INFO  ratis.ContainerStateMachine (ContainerStateMachine.java:takeSnapshot(341)) - group-1CC7A4FEEB72: Finished taking a snapshot at:(t:1, i:8) file:/home/runner/work/ozone/ozone/hadoop-ozone/integration-test/target/test-dir/MiniOzoneClusterImpl-257c5be2-ab76-4353-a1eb-ea8c6614f538/datanode-2/data/ratis/e6d658eb-257b-4ca2-9b6d-1cc7a4feeb72/sm/snapshot.1_8 took: 78 ms
2023-03-15 05:44:26,058 [93bbdb4e-ae1d-4286-84a2-0f7fae60ad59@group-1CC7A4FEEB72-StateMachineUpdater] INFO  impl.StateMachineUpdater (StateMachineUpdater.java:takeSnapshot(287)) - 93bbdb4e-ae1d-4286-84a2-0f7fae60ad59@group-1CC7A4FEEB72-StateMachineUpdater: Took a snapshot at index 8
2023-03-15 05:44:26,058 [93bbdb4e-ae1d-4286-84a2-0f7fae60ad59@group-1CC7A4FEEB72-StateMachineUpdater] INFO  impl.StateMachineUpdater (StateMachineUpdater.java:lambda$new$0(92)) - 93bbdb4e-ae1d-4286-84a2-0f7fae60ad59@group-1CC7A4FEEB72-StateMachineUpdater: snapshotIndex: updateIncreasingly -1 -> 8
2023-03-15 05:44:26,059 [a88b317b-310e-4f91-ab19-5adcbba379a7-impl-thread3] INFO  server.RaftServer$Division (ServerState.java:close(466)) - a88b317b-310e-4f91-ab19-5adcbba379a7@group-6BCA25F94B5E: closes. applyIndex: 0
2023-03-15 05:44:26,059 [a88b317b-310e-4f91-ab19-5adcbba379a7@group-6BCA25F94B5E-SegmentedRaftLogWorker] INFO  segmented.SegmentedRaftLogWorker (SegmentedRaftLogWorker.java:run(347)) - a88b317b-310e-4f91-ab19-5adcbba379a7@group-6BCA25F94B5E-SegmentedRaftLogWorker was interrupted, exiting. There are 0 tasks remaining in the queue.
2023-03-15 05:44:26,060 [93bbdb4e-ae1d-4286-84a2-0f7fae60ad59-impl-thread2] INFO  server.RaftServer$Division (ServerState.java:close(466)) - 93bbdb4e-ae1d-4286-84a2-0f7fae60ad59@group-551C3F717DDD: closes. applyIndex: 0
2023-03-15 05:44:26,060 [a88b317b-310e-4f91-ab19-5adcbba379a7-impl-thread1] INFO  server.RaftServer$Division (ServerState.java:close(466)) - a88b317b-310e-4f91-ab19-5adcbba379a7@group-1CC7A4FEEB72: closes. applyIndex: 7
2023-03-15 05:44:26,060 [a88b317b-310e-4f91-ab19-5adcbba379a7-impl-thread2] INFO  server.RaftServer$Division (ServerState.java:close(466)) - a88b317b-310e-4f91-ab19-5adcbba379a7@group-AAA528D1F098: closes. applyIndex: 22
2023-03-15 05:44:26,060 [93bbdb4e-ae1d-4286-84a2-0f7fae60ad59@group-551C3F717DDD-SegmentedRaftLogWorker] INFO  segmented.SegmentedRaftLogWorker (SegmentedRaftLogWorker.java:run(347)) - 93bbdb4e-ae1d-4286-84a2-0f7fae60ad59@group-551C3F717DDD-SegmentedRaftLogWorker was interrupted, exiting. There are 0 tasks remaining in the queue.
2023-03-15 05:44:26,061 [a88b317b-310e-4f91-ab19-5adcbba379a7@group-1CC7A4FEEB72-SegmentedRaftLogWorker] INFO  segmented.SegmentedRaftLogWorker (SegmentedRaftLogWorker.java:run(347)) - a88b317b-310e-4f91-ab19-5adcbba379a7@group-1CC7A4FEEB72-SegmentedRaftLogWorker was interrupted, exiting. There are 0 tasks remaining in the queue.
2023-03-15 05:44:26,061 [a88b317b-310e-4f91-ab19-5adcbba379a7@group-AAA528D1F098-SegmentedRaftLogWorker] INFO  segmented.SegmentedRaftLogWorker (SegmentedRaftLogWorker.java:run(347)) - a88b317b-310e-4f91-ab19-5adcbba379a7@group-AAA528D1F098-SegmentedRaftLogWorker was interrupted, exiting. There are 0 tasks remaining in the queue.
2023-03-15 05:44:26,062 [93bbdb4e-ae1d-4286-84a2-0f7fae60ad59-impl-thread1] INFO  server.RaftServer$Division (ServerState.java:close(466)) - 93bbdb4e-ae1d-4286-84a2-0f7fae60ad59@group-1CC7A4FEEB72: closes. applyIndex: 8
2023-03-15 05:44:26,062 [93bbdb4e-ae1d-4286-84a2-0f7fae60ad59@group-1CC7A4FEEB72-SegmentedRaftLogWorker] INFO  segmented.SegmentedRaftLogWorker (SegmentedRaftLogWorker.java:run(347)) - 93bbdb4e-ae1d-4286-84a2-0f7fae60ad59@group-1CC7A4FEEB72-SegmentedRaftLogWorker was interrupted, exiting. There are 0 tasks remaining in the queue.
2023-03-15 05:44:26,063 [93bbdb4e-ae1d-4286-84a2-0f7fae60ad59-impl-thread3] INFO  server.RaftServer$Division (ServerState.java:close(466)) - 93bbdb4e-ae1d-4286-84a2-0f7fae60ad59@group-AAA528D1F098: closes. applyIndex: 22
2023-03-15 05:44:26,064 [93bbdb4e-ae1d-4286-84a2-0f7fae60ad59-impl-thread2] INFO  segmented.SegmentedRaftLogWorker (SegmentedRaftLogWorker.java:close(257)) - 93bbdb4e-ae1d-4286-84a2-0f7fae60ad59@group-551C3F717DDD-SegmentedRaftLogWorker close()
2023-03-15 05:44:26,065 [a88b317b-310e-4f91-ab19-5adcbba379a7-impl-thread2] INFO  segmented.SegmentedRaftLogWorker (SegmentedRaftLogWorker.java:close(257)) - a88b317b-310e-4f91-ab19-5adcbba379a7@group-AAA528D1F098-SegmentedRaftLogWorker close()
2023-03-15 05:44:26,065 [a88b317b-310e-4f91-ab19-5adcbba379a7-impl-thread1] INFO  segmented.SegmentedRaftLogWorker (SegmentedRaftLogWorker.java:close(257)) - a88b317b-310e-4f91-ab19-5adcbba379a7@group-1CC7A4FEEB72-SegmentedRaftLogWorker close()
2023-03-15 05:44:26,065 [a88b317b-310e-4f91-ab19-5adcbba379a7-impl-thread3] INFO  segmented.SegmentedRaftLogWorker (SegmentedRaftLogWorker.java:close(257)) - a88b317b-310e-4f91-ab19-5adcbba379a7@group-6BCA25F94B5E-SegmentedRaftLogWorker close()
2023-03-15 05:44:26,065 [93bbdb4e-ae1d-4286-84a2-0f7fae60ad59-impl-thread1] INFO  segmented.SegmentedRaftLogWorker (SegmentedRaftLogWorker.java:close(257)) - 93bbdb4e-ae1d-4286-84a2-0f7fae60ad59@group-1CC7A4FEEB72-SegmentedRaftLogWorker close()
2023-03-15 05:44:26,067 [93bbdb4e-ae1d-4286-84a2-0f7fae60ad59@group-AAA528D1F098-SegmentedRaftLogWorker] INFO  segmented.SegmentedRaftLogWorker (SegmentedRaftLogWorker.java:run(347)) - 93bbdb4e-ae1d-4286-84a2-0f7fae60ad59@group-AAA528D1F098-SegmentedRaftLogWorker was interrupted, exiting. There are 0 tasks remaining in the queue.
2023-03-15 05:44:26,068 [93bbdb4e-ae1d-4286-84a2-0f7fae60ad59-impl-thread3] INFO  segmented.SegmentedRaftLogWorker (SegmentedRaftLogWorker.java:close(257)) - 93bbdb4e-ae1d-4286-84a2-0f7fae60ad59@group-AAA528D1F098-SegmentedRaftLogWorker close()
2023-03-15 05:44:26,071 [Listener at 127.0.0.1/43369] INFO  server.GrpcServerProtocolClient (GrpcServerProtocolClient.java:close(101)) - 749a2a4e-326e-405d-8b3d-6482ea274e37 Close channels
2023-03-15 05:44:26,071 [grpc-default-executor-3] WARN  server.GrpcLogAppender (LogUtils.java:warn(122)) - 749a2a4e-326e-405d-8b3d-6482ea274e37@group-AAA528D1F098->93bbdb4e-ae1d-4286-84a2-0f7fae60ad59-AppendLogResponseHandler: Failed appendEntries: org.apache.ratis.thirdparty.io.grpc.StatusRuntimeException: UNAVAILABLE: io exception
2023-03-15 05:44:26,072 [grpc-default-executor-3] INFO  leader.FollowerInfo (FollowerInfoImpl.java:lambda$new$0(48)) - 749a2a4e-326e-405d-8b3d-6482ea274e37@group-AAA528D1F098->93bbdb4e-ae1d-4286-84a2-0f7fae60ad59: nextIndex: updateUnconditionally 22 -> 21
2023-03-15 05:44:26,072 [grpc-default-executor-4] WARN  server.GrpcLogAppender (LogUtils.java:warn(122)) - 749a2a4e-326e-405d-8b3d-6482ea274e37@group-AAA528D1F098->93bbdb4e-ae1d-4286-84a2-0f7fae60ad59-AppendLogResponseHandler: Failed appendEntries: org.apache.ratis.thirdparty.io.grpc.StatusRuntimeException: UNAVAILABLE: io exception
2023-03-15 05:44:26,073 [grpc-default-executor-3] WARN  server.GrpcLogAppender (LogUtils.java:warn(122)) - 749a2a4e-326e-405d-8b3d-6482ea274e37@group-AAA528D1F098->a88b317b-310e-4f91-ab19-5adcbba379a7-AppendLogResponseHandler: Failed appendEntries: org.apache.ratis.thirdparty.io.grpc.StatusRuntimeException: UNAVAILABLE: io exception
2023-03-15 05:44:26,073 [grpc-default-executor-3] INFO  leader.FollowerInfo (FollowerInfoImpl.java:lambda$new$0(48)) - 749a2a4e-326e-405d-8b3d-6482ea274e37@group-AAA528D1F098->a88b317b-310e-4f91-ab19-5adcbba379a7: nextIndex: updateUnconditionally 22 -> 21
2023-03-15 05:44:26,073 [grpc-default-executor-0] WARN  server.GrpcLogAppender (LogUtils.java:warn(122)) - 749a2a4e-326e-405d-8b3d-6482ea274e37@group-AAA528D1F098->a88b317b-310e-4f91-ab19-5adcbba379a7-AppendLogResponseHandler: Failed appendEntries: org.apache.ratis.thirdparty.io.grpc.StatusRuntimeException: UNAVAILABLE: io exception
2023-03-15 05:44:26,073 [grpc-default-executor-0] INFO  leader.FollowerInfo (FollowerInfoImpl.java:lambda$new$0(48)) - 749a2a4e-326e-405d-8b3d-6482ea274e37@group-AAA528D1F098->a88b317b-310e-4f91-ab19-5adcbba379a7: nextIndex: updateUnconditionally 21 -> 20
2023-03-15 05:44:26,074 [grpc-default-executor-4] INFO  leader.FollowerInfo (FollowerInfoImpl.java:lambda$new$0(48)) - 749a2a4e-326e-405d-8b3d-6482ea274e37@group-AAA528D1F098->93bbdb4e-ae1d-4286-84a2-0f7fae60ad59: nextIndex: updateUnconditionally 21 -> 20
2023-03-15 05:44:26,075 [JvmPauseMonitor2] INFO  util.JvmPauseMonitor (JvmPauseMonitor.java:run(111)) - JvmPauseMonitor-a88b317b-310e-4f91-ab19-5adcbba379a7: Stopped
2023-03-15 05:44:26,083 [Listener at 127.0.0.1/43369] INFO  server.GrpcService (GrpcService.java:closeImpl(280)) - 93bbdb4e-ae1d-4286-84a2-0f7fae60ad59: shutdown server GrpcServerProtocolService successfully
2023-03-15 05:44:26,083 [93bbdb4e-ae1d-4286-84a2-0f7fae60ad59-NettyServerStreamRpc-bossGroup--thread1] INFO  logging.LoggingHandler (AbstractInternalLogger.java:log(148)) - [id: 0xf18c61a0, L:/0:0:0:0:0:0:0:0:42381] CLOSE
2023-03-15 05:44:26,084 [93bbdb4e-ae1d-4286-84a2-0f7fae60ad59-NettyServerStreamRpc-bossGroup--thread1] INFO  logging.LoggingHandler (AbstractInternalLogger.java:log(148)) - [id: 0xf18c61a0, L:/0:0:0:0:0:0:0:0:42381] INACTIVE
2023-03-15 05:44:26,084 [93bbdb4e-ae1d-4286-84a2-0f7fae60ad59-NettyServerStreamRpc-bossGroup--thread1] INFO  logging.LoggingHandler (AbstractInternalLogger.java:log(148)) - [id: 0xf18c61a0, L:/0:0:0:0:0:0:0:0:42381] UNREGISTERED
2023-03-15 05:44:26,101 [JvmPauseMonitor3] INFO  util.JvmPauseMonitor (JvmPauseMonitor.java:run(111)) - JvmPauseMonitor-93bbdb4e-ae1d-4286-84a2-0f7fae60ad59: Stopped
2023-03-15 05:44:27,667 [grpc-default-executor-0] WARN  server.GrpcLogAppender (LogUtils.java:warn(122)) - 749a2a4e-326e-405d-8b3d-6482ea274e37@group-AAA528D1F098->a88b317b-310e-4f91-ab19-5adcbba379a7-AppendLogResponseHandler: Failed appendEntries: org.apache.ratis.thirdparty.io.grpc.StatusRuntimeException: UNAVAILABLE: io exception
2023-03-15 05:44:27,667 [grpc-default-executor-4] WARN  server.GrpcLogAppender (LogUtils.java:warn(122)) - 749a2a4e-326e-405d-8b3d-6482ea274e37@group-AAA528D1F098->a88b317b-310e-4f91-ab19-5adcbba379a7-AppendLogResponseHandler: Failed appendEntries: org.apache.ratis.thirdparty.io.grpc.StatusRuntimeException: UNAVAILABLE: io exception
2023-03-15 05:44:27,667 [grpc-default-executor-1] WARN  server.GrpcLogAppender (LogUtils.java:warn(122)) - 749a2a4e-326e-405d-8b3d-6482ea274e37@group-AAA528D1F098->93bbdb4e-ae1d-4286-84a2-0f7fae60ad59-AppendLogResponseHandler: Failed appendEntries: org.apache.ratis.thirdparty.io.grpc.StatusRuntimeException: UNAVAILABLE: io exception
2023-03-15 05:44:27,668 [grpc-default-executor-3] WARN  server.GrpcLogAppender (LogUtils.java:warn(122)) - 749a2a4e-326e-405d-8b3d-6482ea274e37@group-AAA528D1F098->93bbdb4e-ae1d-4286-84a2-0f7fae60ad59-AppendLogResponseHandler: Failed appendEntries: org.apache.ratis.thirdparty.io.grpc.StatusRuntimeException: UNAVAILABLE: io exception
2023-03-15 05:44:27,668 [grpc-default-executor-0] INFO  leader.FollowerInfo (FollowerInfoImpl.java:lambda$new$0(48)) - 749a2a4e-326e-405d-8b3d-6482ea274e37@group-AAA528D1F098->a88b317b-310e-4f91-ab19-5adcbba379a7: nextIndex: updateUnconditionally 20 -> 19
2023-03-15 05:44:27,668 [grpc-default-executor-1] INFO  leader.FollowerInfo (FollowerInfoImpl.java:lambda$new$0(48)) - 749a2a4e-326e-405d-8b3d-6482ea274e37@group-AAA528D1F098->93bbdb4e-ae1d-4286-84a2-0f7fae60ad59: nextIndex: updateUnconditionally 20 -> 19
2023-03-15 05:44:27,669 [grpc-default-executor-3] INFO  leader.FollowerInfo (FollowerInfoImpl.java:lambda$new$0(48)) - 749a2a4e-326e-405d-8b3d-6482ea274e37@group-AAA528D1F098->93bbdb4e-ae1d-4286-84a2-0f7fae60ad59: nextIndex: updateUnconditionally 19 -> 18
2023-03-15 05:44:27,669 [grpc-default-executor-4] INFO  leader.FollowerInfo (FollowerInfoImpl.java:lambda$new$0(48)) - 749a2a4e-326e-405d-8b3d-6482ea274e37@group-AAA528D1F098->a88b317b-310e-4f91-ab19-5adcbba379a7: nextIndex: updateUnconditionally 19 -> 18
2023-03-15 05:44:27,678 [grpc-default-executor-0] WARN  server.GrpcLogAppender (LogUtils.java:warn(122)) - 749a2a4e-326e-405d-8b3d-6482ea274e37@group-AAA528D1F098->93bbdb4e-ae1d-4286-84a2-0f7fae60ad59-AppendLogResponseHandler: Failed appendEntries: org.apache.ratis.thirdparty.io.grpc.StatusRuntimeException: UNAVAILABLE: io exception
2023-03-15 05:44:27,679 [grpc-default-executor-0] INFO  leader.FollowerInfo (FollowerInfoImpl.java:lambda$new$0(48)) - 749a2a4e-326e-405d-8b3d-6482ea274e37@group-AAA528D1F098->93bbdb4e-ae1d-4286-84a2-0f7fae60ad59: nextIndex: updateUnconditionally 19 -> 18
2023-03-15 05:44:27,682 [grpc-default-executor-3] WARN  server.GrpcLogAppender (LogUtils.java:warn(122)) - 749a2a4e-326e-405d-8b3d-6482ea274e37@group-AAA528D1F098->a88b317b-310e-4f91-ab19-5adcbba379a7-AppendLogResponseHandler: Failed appendEntries: org.apache.ratis.thirdparty.io.grpc.StatusRuntimeException: UNAVAILABLE: io exception
2023-03-15 05:44:27,682 [grpc-default-executor-4] WARN  server.GrpcLogAppender (LogUtils.java:warn(122)) - 749a2a4e-326e-405d-8b3d-6482ea274e37@group-AAA528D1F098->a88b317b-310e-4f91-ab19-5adcbba379a7-AppendLogResponseHandler: Failed appendEntries: org.apache.ratis.thirdparty.io.grpc.StatusRuntimeException: UNAVAILABLE: io exception
2023-03-15 05:44:27,683 [grpc-default-executor-3] INFO  leader.FollowerInfo (FollowerInfoImpl.java:lambda$new$0(48)) - 749a2a4e-326e-405d-8b3d-6482ea274e37@group-AAA528D1F098->a88b317b-310e-4f91-ab19-5adcbba379a7: nextIndex: updateUnconditionally 19 -> 18
2023-03-15 05:44:27,683 [grpc-default-executor-4] INFO  leader.FollowerInfo (FollowerInfoImpl.java:lambda$new$0(48)) - 749a2a4e-326e-405d-8b3d-6482ea274e37@group-AAA528D1F098->a88b317b-310e-4f91-ab19-5adcbba379a7: nextIndex: updateUnconditionally 18 -> 17
2023-03-15 05:44:27,683 [grpc-default-executor-1] WARN  server.GrpcLogAppender (LogUtils.java:warn(122)) - 749a2a4e-326e-405d-8b3d-6482ea274e37@group-AAA528D1F098->93bbdb4e-ae1d-4286-84a2-0f7fae60ad59-AppendLogResponseHandler: Failed appendEntries: org.apache.ratis.thirdparty.io.grpc.StatusRuntimeException: UNAVAILABLE: io exception
2023-03-15 05:44:27,684 [grpc-default-executor-1] INFO  leader.FollowerInfo (FollowerInfoImpl.java:lambda$new$0(48)) - 749a2a4e-326e-405d-8b3d-6482ea274e37@group-AAA528D1F098->93bbdb4e-ae1d-4286-84a2-0f7fae60ad59: nextIndex: updateUnconditionally 18 -> 17
2023-03-15 05:44:28,103 [ForkJoinPool.commonPool-worker-0] INFO  volume.HddsVolume (HddsVolume.java:closeDbStore(362)) - SchemaV3 db is stopped at /home/runner/work/ozone/ozone/hadoop-ozone/integration-test/target/test-dir/MiniOzoneClusterImpl-257c5be2-ab76-4353-a1eb-ea8c6614f538/datanode-1/data-0/containers/hdds/257c5be2-ab76-4353-a1eb-ea8c6614f538/DS-c9df8282-8839-494e-bd6c-8cf396de915c/container.db for volume DS-c9df8282-8839-494e-bd6c-8cf396de915c
2023-03-15 05:44:28,103 [ForkJoinPool.commonPool-worker-0] INFO  utils.BackgroundService (BackgroundService.java:shutdown(141)) - Shutting down service BlockDeletingService
2023-03-15 05:44:28,103 [ForkJoinPool.commonPool-worker-0] INFO  utils.BackgroundService (BackgroundService.java:shutdown(141)) - Shutting down service StaleRecoveringContainerScrubbingService
2023-03-15 05:44:28,106 [ForkJoinPool.commonPool-worker-0] INFO  statemachine.DatanodeStateMachine (DatanodeStateMachine.java:stopDaemon(601)) - Ozone container server stopped.
2023-03-15 05:44:28,119 [Listener at 127.0.0.1/43369] INFO  volume.HddsVolume (HddsVolume.java:closeDbStore(362)) - SchemaV3 db is stopped at /home/runner/work/ozone/ozone/hadoop-ozone/integration-test/target/test-dir/MiniOzoneClusterImpl-257c5be2-ab76-4353-a1eb-ea8c6614f538/datanode-2/data-0/containers/hdds/257c5be2-ab76-4353-a1eb-ea8c6614f538/DS-5916f9cd-cade-4df0-aa40-0067f590f3ce/container.db for volume DS-5916f9cd-cade-4df0-aa40-0067f590f3ce
2023-03-15 05:44:28,119 [Listener at 127.0.0.1/43369] INFO  utils.BackgroundService (BackgroundService.java:shutdown(141)) - Shutting down service BlockDeletingService
2023-03-15 05:44:28,119 [Listener at 127.0.0.1/43369] INFO  utils.BackgroundService (BackgroundService.java:shutdown(141)) - Shutting down service StaleRecoveringContainerScrubbingService
2023-03-15 05:44:28,123 [Listener at 127.0.0.1/43369] INFO  statemachine.DatanodeStateMachine (DatanodeStateMachine.java:stopDaemon(601)) - Ozone container server stopped.
2023-03-15 05:44:28,137 [Listener at 127.0.0.1/43369] INFO  handler.ContextHandler (ContextHandler.java:doStop(1159)) - Stopped o.e.j.w.WebAppContext@c123d31{hddsDatanode,/,null,STOPPED}{jar:file:/home/runner/.m2/repository/org/apache/ozone/hdds-container-service/1.4.0-SNAPSHOT/hdds-container-service-1.4.0-SNAPSHOT.jar!/webapps/hddsDatanode}
2023-03-15 05:44:28,140 [ForkJoinPool.commonPool-worker-0] INFO  handler.ContextHandler (ContextHandler.java:doStop(1159)) - Stopped o.e.j.w.WebAppContext@a28d4f4{hddsDatanode,/,null,STOPPED}{jar:file:/home/runner/.m2/repository/org/apache/ozone/hdds-container-service/1.4.0-SNAPSHOT/hdds-container-service-1.4.0-SNAPSHOT.jar!/webapps/hddsDatanode}
2023-03-15 05:44:28,140 [Listener at 127.0.0.1/43369] INFO  server.AbstractConnector (AbstractConnector.java:doStop(383)) - Stopped ServerConnector@769fd77{HTTP/1.1, (http/1.1)}{0.0.0.0:0}
2023-03-15 05:44:28,141 [Listener at 127.0.0.1/43369] INFO  server.session (HouseKeeper.java:stopScavenging(149)) - node0 Stopped scavenging
2023-03-15 05:44:28,141 [Listener at 127.0.0.1/43369] INFO  handler.ContextHandler (ContextHandler.java:doStop(1159)) - Stopped o.e.j.s.ServletContextHandler@14404749{static,/static,jar:file:/home/runner/.m2/repository/org/apache/ozone/hdds-container-service/1.4.0-SNAPSHOT/hdds-container-service-1.4.0-SNAPSHOT.jar!/webapps/static,STOPPED}
2023-03-15 05:44:28,141 [ForkJoinPool.commonPool-worker-0] INFO  server.AbstractConnector (AbstractConnector.java:doStop(383)) - Stopped ServerConnector@12d1165b{HTTP/1.1, (http/1.1)}{0.0.0.0:0}
2023-03-15 05:44:28,141 [ForkJoinPool.commonPool-worker-0] INFO  server.session (HouseKeeper.java:stopScavenging(149)) - node0 Stopped scavenging
2023-03-15 05:44:28,141 [Listener at 127.0.0.1/43369] INFO  handler.ContextHandler (ContextHandler.java:doStop(1159)) - Stopped o.e.j.s.ServletContextHandler@13e40ebc{logs,/logs,file:///home/runner/work/ozone/ozone/hadoop-ozone/integration-test/target/log,STOPPED}
2023-03-15 05:44:28,142 [ForkJoinPool.commonPool-worker-0] INFO  handler.ContextHandler (ContextHandler.java:doStop(1159)) - Stopped o.e.j.s.ServletContextHandler@284e134c{static,/static,jar:file:/home/runner/.m2/repository/org/apache/ozone/hdds-container-service/1.4.0-SNAPSHOT/hdds-container-service-1.4.0-SNAPSHOT.jar!/webapps/static,STOPPED}
2023-03-15 05:44:28,147 [ForkJoinPool.commonPool-worker-0] INFO  handler.ContextHandler (ContextHandler.java:doStop(1159)) - Stopped o.e.j.s.ServletContextHandler@d725e10{logs,/logs,file:///home/runner/work/ozone/ozone/hadoop-ozone/integration-test/target/log,STOPPED}
2023-03-15 05:44:28,151 [Listener at 127.0.0.1/43369] INFO  ozoneimpl.OzoneContainer (OzoneContainer.java:stop(423)) - Attempting to stop container services.
2023-03-15 05:44:28,151 [Listener at 127.0.0.1/43369] INFO  server.RaftServer (RaftServerProxy.java:lambda$close$6(409)) - f4b4952b-3e5d-4d4d-87e6-725506190fb6: close
2023-03-15 05:44:28,152 [Listener at 127.0.0.1/43369] INFO  server.GrpcService (GrpcService.java:closeImpl(271)) - f4b4952b-3e5d-4d4d-87e6-725506190fb6: shutdown server GrpcServerProtocolService now
2023-03-15 05:44:28,152 [ForkJoinPool.commonPool-worker-0] INFO  ozoneimpl.OzoneContainer (OzoneContainer.java:stop(423)) - Attempting to stop container services.
2023-03-15 05:44:28,152 [f4b4952b-3e5d-4d4d-87e6-725506190fb6-impl-thread1] INFO  server.RaftServer$Division (RaftServerImpl.java:lambda$close$4(458)) - f4b4952b-3e5d-4d4d-87e6-725506190fb6@group-6673A225BFE2: shutdown
2023-03-15 05:44:28,153 [f4b4952b-3e5d-4d4d-87e6-725506190fb6-impl-thread1] INFO  util.JmxRegister (JmxRegister.java:unregister(73)) - Successfully un-registered JMX Bean with object name Ratis:service=RaftServer,group=group-6673A225BFE2,id=f4b4952b-3e5d-4d4d-87e6-725506190fb6
2023-03-15 05:44:28,153 [f4b4952b-3e5d-4d4d-87e6-725506190fb6-impl-thread1] INFO  impl.RoleInfo (RoleInfo.java:shutdownLeaderState(93)) - f4b4952b-3e5d-4d4d-87e6-725506190fb6: shutdown f4b4952b-3e5d-4d4d-87e6-725506190fb6@group-6673A225BFE2-LeaderStateImpl
2023-03-15 05:44:28,153 [f4b4952b-3e5d-4d4d-87e6-725506190fb6-impl-thread1] INFO  impl.PendingRequests (PendingRequests.java:sendNotLeaderResponses(282)) - f4b4952b-3e5d-4d4d-87e6-725506190fb6@group-6673A225BFE2-PendingRequests: sendNotLeaderResponses
2023-03-15 05:44:28,153 [ForkJoinPool.commonPool-worker-0] INFO  server.RaftServer (RaftServerProxy.java:lambda$close$6(409)) - 749a2a4e-326e-405d-8b3d-6482ea274e37: close
2023-03-15 05:44:28,153 [749a2a4e-326e-405d-8b3d-6482ea274e37-impl-thread1] INFO  server.RaftServer$Division (RaftServerImpl.java:lambda$close$4(458)) - 749a2a4e-326e-405d-8b3d-6482ea274e37@group-1CC7A4FEEB72: shutdown
2023-03-15 05:44:28,153 [f4b4952b-3e5d-4d4d-87e6-725506190fb6-impl-thread1] INFO  impl.StateMachineUpdater (StateMachineUpdater.java:stopAndJoin(153)) - f4b4952b-3e5d-4d4d-87e6-725506190fb6@group-6673A225BFE2-StateMachineUpdater: set stopIndex = 0
2023-03-15 05:44:28,153 [749a2a4e-326e-405d-8b3d-6482ea274e37-impl-thread1] INFO  util.JmxRegister (JmxRegister.java:unregister(73)) - Successfully un-registered JMX Bean with object name Ratis:service=RaftServer,group=group-1CC7A4FEEB72,id=749a2a4e-326e-405d-8b3d-6482ea274e37
2023-03-15 05:44:28,154 [749a2a4e-326e-405d-8b3d-6482ea274e37-impl-thread1] INFO  impl.RoleInfo (RoleInfo.java:shutdownFollowerState(110)) - 749a2a4e-326e-405d-8b3d-6482ea274e37: shutdown 749a2a4e-326e-405d-8b3d-6482ea274e37@group-1CC7A4FEEB72-FollowerState
2023-03-15 05:44:28,154 [749a2a4e-326e-405d-8b3d-6482ea274e37-impl-thread1] INFO  impl.StateMachineUpdater (StateMachineUpdater.java:stopAndJoin(153)) - 749a2a4e-326e-405d-8b3d-6482ea274e37@group-1CC7A4FEEB72-StateMachineUpdater: set stopIndex = 6
2023-03-15 05:44:28,154 [f4b4952b-3e5d-4d4d-87e6-725506190fb6@group-6673A225BFE2-StateMachineUpdater] INFO  ratis.ContainerStateMachine (ContainerStateMachine.java:takeSnapshot(330)) - group-6673A225BFE2: Taking a snapshot at:(t:1, i:0) file /home/runner/work/ozone/ozone/hadoop-ozone/integration-test/target/test-dir/MiniOzoneClusterImpl-257c5be2-ab76-4353-a1eb-ea8c6614f538/datanode-4/data/ratis/76080155-4512-4c2e-ab0e-6673a225bfe2/sm/snapshot.1_0
2023-03-15 05:44:28,154 [749a2a4e-326e-405d-8b3d-6482ea274e37@group-1CC7A4FEEB72-FollowerState] INFO  impl.FollowerState (FollowerState.java:run(152)) - 749a2a4e-326e-405d-8b3d-6482ea274e37@group-1CC7A4FEEB72-FollowerState was interrupted
2023-03-15 05:44:28,152 [Listener at 127.0.0.1/43369] INFO  server.GrpcService (GrpcService.java:closeImpl(280)) - f4b4952b-3e5d-4d4d-87e6-725506190fb6: shutdown server GrpcServerProtocolService successfully
2023-03-15 05:44:28,154 [f4b4952b-3e5d-4d4d-87e6-725506190fb6-NettyServerStreamRpc-bossGroup--thread1] INFO  logging.LoggingHandler (AbstractInternalLogger.java:log(148)) - [id: 0xdbe5db95, L:/0:0:0:0:0:0:0:0:38515] CLOSE
2023-03-15 05:44:28,154 [f4b4952b-3e5d-4d4d-87e6-725506190fb6-NettyServerStreamRpc-bossGroup--thread1] INFO  logging.LoggingHandler (AbstractInternalLogger.java:log(148)) - [id: 0xdbe5db95, L:/0:0:0:0:0:0:0:0:38515] INACTIVE
2023-03-15 05:44:28,154 [f4b4952b-3e5d-4d4d-87e6-725506190fb6-NettyServerStreamRpc-bossGroup--thread1] INFO  logging.LoggingHandler (AbstractInternalLogger.java:log(148)) - [id: 0xdbe5db95, L:/0:0:0:0:0:0:0:0:38515] UNREGISTERED
2023-03-15 05:44:28,154 [749a2a4e-326e-405d-8b3d-6482ea274e37@group-1CC7A4FEEB72-StateMachineUpdater] INFO  ratis.ContainerStateMachine (ContainerStateMachine.java:takeSnapshot(330)) - group-1CC7A4FEEB72: Taking a snapshot at:(t:1, i:6) file /home/runner/work/ozone/ozone/hadoop-ozone/integration-test/target/test-dir/MiniOzoneClusterImpl-257c5be2-ab76-4353-a1eb-ea8c6614f538/datanode-0/data/ratis/e6d658eb-257b-4ca2-9b6d-1cc7a4feeb72/sm/snapshot.1_6
2023-03-15 05:44:28,155 [f4b4952b-3e5d-4d4d-87e6-725506190fb6@group-6673A225BFE2-StateMachineUpdater] INFO  ratis.ContainerStateMachine (ContainerStateMachine.java:takeSnapshot(341)) - group-6673A225BFE2: Finished taking a snapshot at:(t:1, i:0) file:/home/runner/work/ozone/ozone/hadoop-ozone/integration-test/target/test-dir/MiniOzoneClusterImpl-257c5be2-ab76-4353-a1eb-ea8c6614f538/datanode-4/data/ratis/76080155-4512-4c2e-ab0e-6673a225bfe2/sm/snapshot.1_0 took: 2 ms
2023-03-15 05:44:28,156 [f4b4952b-3e5d-4d4d-87e6-725506190fb6@group-6673A225BFE2-StateMachineUpdater] INFO  impl.StateMachineUpdater (StateMachineUpdater.java:takeSnapshot(287)) - f4b4952b-3e5d-4d4d-87e6-725506190fb6@group-6673A225BFE2-StateMachineUpdater: Took a snapshot at index 0
2023-03-15 05:44:28,156 [f4b4952b-3e5d-4d4d-87e6-725506190fb6@group-6673A225BFE2-StateMachineUpdater] INFO  impl.StateMachineUpdater (StateMachineUpdater.java:lambda$new$0(92)) - f4b4952b-3e5d-4d4d-87e6-725506190fb6@group-6673A225BFE2-StateMachineUpdater: snapshotIndex: updateIncreasingly -1 -> 0
2023-03-15 05:44:28,156 [f4b4952b-3e5d-4d4d-87e6-725506190fb6-impl-thread1] INFO  server.RaftServer$Division (ServerState.java:close(466)) - f4b4952b-3e5d-4d4d-87e6-725506190fb6@group-6673A225BFE2: closes. applyIndex: 0
2023-03-15 05:44:28,156 [749a2a4e-326e-405d-8b3d-6482ea274e37@group-1CC7A4FEEB72-StateMachineUpdater] INFO  ratis.ContainerStateMachine (ContainerStateMachine.java:takeSnapshot(341)) - group-1CC7A4FEEB72: Finished taking a snapshot at:(t:1, i:6) file:/home/runner/work/ozone/ozone/hadoop-ozone/integration-test/target/test-dir/MiniOzoneClusterImpl-257c5be2-ab76-4353-a1eb-ea8c6614f538/datanode-0/data/ratis/e6d658eb-257b-4ca2-9b6d-1cc7a4feeb72/sm/snapshot.1_6 took: 1 ms
2023-03-15 05:44:28,156 [749a2a4e-326e-405d-8b3d-6482ea274e37@group-1CC7A4FEEB72-StateMachineUpdater] INFO  impl.StateMachineUpdater (StateMachineUpdater.java:takeSnapshot(287)) - 749a2a4e-326e-405d-8b3d-6482ea274e37@group-1CC7A4FEEB72-StateMachineUpdater: Took a snapshot at index 6
2023-03-15 05:44:28,156 [749a2a4e-326e-405d-8b3d-6482ea274e37@group-1CC7A4FEEB72-StateMachineUpdater] INFO  impl.StateMachineUpdater (StateMachineUpdater.java:lambda$new$0(92)) - 749a2a4e-326e-405d-8b3d-6482ea274e37@group-1CC7A4FEEB72-StateMachineUpdater: snapshotIndex: updateIncreasingly -1 -> 6
2023-03-15 05:44:28,158 [f4b4952b-3e5d-4d4d-87e6-725506190fb6@group-6673A225BFE2-SegmentedRaftLogWorker] INFO  segmented.SegmentedRaftLogWorker (SegmentedRaftLogWorker.java:run(347)) - f4b4952b-3e5d-4d4d-87e6-725506190fb6@group-6673A225BFE2-SegmentedRaftLogWorker was interrupted, exiting. There are 0 tasks remaining in the queue.
2023-03-15 05:44:28,158 [749a2a4e-326e-405d-8b3d-6482ea274e37-impl-thread1] INFO  server.RaftServer$Division (ServerState.java:close(466)) - 749a2a4e-326e-405d-8b3d-6482ea274e37@group-1CC7A4FEEB72: closes. applyIndex: 6
2023-03-15 05:44:28,159 [749a2a4e-326e-405d-8b3d-6482ea274e37@group-1CC7A4FEEB72-SegmentedRaftLogWorker] INFO  segmented.SegmentedRaftLogWorker (SegmentedRaftLogWorker.java:run(347)) - 749a2a4e-326e-405d-8b3d-6482ea274e37@group-1CC7A4FEEB72-SegmentedRaftLogWorker was interrupted, exiting. There are 0 tasks remaining in the queue.
2023-03-15 05:44:28,159 [f4b4952b-3e5d-4d4d-87e6-725506190fb6-impl-thread1] INFO  segmented.SegmentedRaftLogWorker (SegmentedRaftLogWorker.java:close(257)) - f4b4952b-3e5d-4d4d-87e6-725506190fb6@group-6673A225BFE2-SegmentedRaftLogWorker close()
2023-03-15 05:44:28,159 [ForkJoinPool.commonPool-worker-0] INFO  server.GrpcService (GrpcService.java:closeImpl(271)) - 749a2a4e-326e-405d-8b3d-6482ea274e37: shutdown server GrpcServerProtocolService now
2023-03-15 05:44:28,159 [749a2a4e-326e-405d-8b3d-6482ea274e37-impl-thread3] INFO  server.RaftServer$Division (RaftServerImpl.java:lambda$close$4(458)) - 749a2a4e-326e-405d-8b3d-6482ea274e37@group-AAA528D1F098: shutdown
2023-03-15 05:44:28,160 [749a2a4e-326e-405d-8b3d-6482ea274e37-impl-thread3] INFO  util.JmxRegister (JmxRegister.java:unregister(73)) - Successfully un-registered JMX Bean with object name Ratis:service=RaftServer,group=group-AAA528D1F098,id=749a2a4e-326e-405d-8b3d-6482ea274e37
2023-03-15 05:44:28,160 [749a2a4e-326e-405d-8b3d-6482ea274e37-impl-thread3] INFO  impl.RoleInfo (RoleInfo.java:shutdownLeaderState(93)) - 749a2a4e-326e-405d-8b3d-6482ea274e37: shutdown 749a2a4e-326e-405d-8b3d-6482ea274e37@group-AAA528D1F098-LeaderStateImpl
2023-03-15 05:44:28,161 [grpc-default-executor-4] WARN  server.GrpcClientProtocolService (LogUtils.java:warn(122)) - 0-OrderedRequestStreamObserver0: onError: org.apache.ratis.thirdparty.io.grpc.StatusRuntimeException: CANCELLED: client cancelled
2023-03-15 05:44:28,168 [ForkJoinPool.commonPool-worker-0] INFO  server.GrpcServerProtocolClient (GrpcServerProtocolClient.java:close(101)) - 93bbdb4e-ae1d-4286-84a2-0f7fae60ad59 Close channels
2023-03-15 05:44:28,168 [749a2a4e-326e-405d-8b3d-6482ea274e37-impl-thread1] INFO  segmented.SegmentedRaftLogWorker (SegmentedRaftLogWorker.java:close(257)) - 749a2a4e-326e-405d-8b3d-6482ea274e37@group-1CC7A4FEEB72-SegmentedRaftLogWorker close()
2023-03-15 05:44:28,168 [749a2a4e-326e-405d-8b3d-6482ea274e37@group-AAA528D1F098->93bbdb4e-ae1d-4286-84a2-0f7fae60ad59-GrpcLogAppender-LogAppenderDaemon] WARN  server.GrpcLogAppender (GrpcLogAppender.java:mayWait(200)) - 749a2a4e-326e-405d-8b3d-6482ea274e37@group-AAA528D1F098->93bbdb4e-ae1d-4286-84a2-0f7fae60ad59-GrpcLogAppender: Wait interrupted by java.lang.InterruptedException
2023-03-15 05:44:28,168 [749a2a4e-326e-405d-8b3d-6482ea274e37@group-AAA528D1F098->a88b317b-310e-4f91-ab19-5adcbba379a7-GrpcLogAppender-LogAppenderDaemon] WARN  server.GrpcLogAppender (GrpcLogAppender.java:mayWait(200)) - 749a2a4e-326e-405d-8b3d-6482ea274e37@group-AAA528D1F098->a88b317b-310e-4f91-ab19-5adcbba379a7-GrpcLogAppender: Wait interrupted by java.lang.InterruptedException
2023-03-15 05:44:28,168 [749a2a4e-326e-405d-8b3d-6482ea274e37-impl-thread2] INFO  server.RaftServer$Division (RaftServerImpl.java:lambda$close$4(458)) - 749a2a4e-326e-405d-8b3d-6482ea274e37@group-C2D39DED5C2C: shutdown
2023-03-15 05:44:28,168 [749a2a4e-326e-405d-8b3d-6482ea274e37-impl-thread3] INFO  impl.PendingRequests (PendingRequests.java:sendNotLeaderResponses(282)) - 749a2a4e-326e-405d-8b3d-6482ea274e37@group-AAA528D1F098-PendingRequests: sendNotLeaderResponses
2023-03-15 05:44:28,168 [749a2a4e-326e-405d-8b3d-6482ea274e37-impl-thread2] INFO  util.JmxRegister (JmxRegister.java:unregister(73)) - Successfully un-registered JMX Bean with object name Ratis:service=RaftServer,group=group-C2D39DED5C2C,id=749a2a4e-326e-405d-8b3d-6482ea274e37
2023-03-15 05:44:28,168 [749a2a4e-326e-405d-8b3d-6482ea274e37-impl-thread2] INFO  impl.RoleInfo (RoleInfo.java:shutdownLeaderState(93)) - 749a2a4e-326e-405d-8b3d-6482ea274e37: shutdown 749a2a4e-326e-405d-8b3d-6482ea274e37@group-C2D39DED5C2C-LeaderStateImpl
2023-03-15 05:44:28,169 [749a2a4e-326e-405d-8b3d-6482ea274e37-impl-thread2] INFO  impl.PendingRequests (PendingRequests.java:sendNotLeaderResponses(282)) - 749a2a4e-326e-405d-8b3d-6482ea274e37@group-C2D39DED5C2C-PendingRequests: sendNotLeaderResponses
2023-03-15 05:44:28,169 [749a2a4e-326e-405d-8b3d-6482ea274e37-impl-thread2] INFO  impl.StateMachineUpdater (StateMachineUpdater.java:stopAndJoin(153)) - 749a2a4e-326e-405d-8b3d-6482ea274e37@group-C2D39DED5C2C-StateMachineUpdater: set stopIndex = 0
2023-03-15 05:44:28,169 [ForkJoinPool.commonPool-worker-0] INFO  server.GrpcServerProtocolClient (GrpcServerProtocolClient.java:close(101)) - a88b317b-310e-4f91-ab19-5adcbba379a7 Close channels
2023-03-15 05:44:28,170 [ForkJoinPool.commonPool-worker-0] INFO  server.GrpcService (GrpcService.java:closeImpl(280)) - 749a2a4e-326e-405d-8b3d-6482ea274e37: shutdown server GrpcServerProtocolService successfully
2023-03-15 05:44:28,173 [749a2a4e-326e-405d-8b3d-6482ea274e37-NettyServerStreamRpc-bossGroup--thread1] INFO  logging.LoggingHandler (AbstractInternalLogger.java:log(148)) - [id: 0x07a41335, L:/0:0:0:0:0:0:0:0:44725] CLOSE
2023-03-15 05:44:28,173 [749a2a4e-326e-405d-8b3d-6482ea274e37@group-C2D39DED5C2C-StateMachineUpdater] INFO  ratis.ContainerStateMachine (ContainerStateMachine.java:takeSnapshot(330)) - group-C2D39DED5C2C: Taking a snapshot at:(t:1, i:0) file /home/runner/work/ozone/ozone/hadoop-ozone/integration-test/target/test-dir/MiniOzoneClusterImpl-257c5be2-ab76-4353-a1eb-ea8c6614f538/datanode-0/data/ratis/4f143829-eeb0-426e-b499-c2d39ded5c2c/sm/snapshot.1_0
2023-03-15 05:44:28,173 [749a2a4e-326e-405d-8b3d-6482ea274e37-NettyServerStreamRpc-bossGroup--thread1] INFO  logging.LoggingHandler (AbstractInternalLogger.java:log(148)) - [id: 0x07a41335, L:/0:0:0:0:0:0:0:0:44725] INACTIVE
2023-03-15 05:44:28,173 [749a2a4e-326e-405d-8b3d-6482ea274e37-NettyServerStreamRpc-bossGroup--thread1] INFO  logging.LoggingHandler (AbstractInternalLogger.java:log(148)) - [id: 0x07a41335, L:/0:0:0:0:0:0:0:0:44725] UNREGISTERED
2023-03-15 05:44:28,174 [749a2a4e-326e-405d-8b3d-6482ea274e37@group-C2D39DED5C2C-StateMachineUpdater] INFO  ratis.ContainerStateMachine (ContainerStateMachine.java:takeSnapshot(341)) - group-C2D39DED5C2C: Finished taking a snapshot at:(t:1, i:0) file:/home/runner/work/ozone/ozone/hadoop-ozone/integration-test/target/test-dir/MiniOzoneClusterImpl-257c5be2-ab76-4353-a1eb-ea8c6614f538/datanode-0/data/ratis/4f143829-eeb0-426e-b499-c2d39ded5c2c/sm/snapshot.1_0 took: 2 ms
2023-03-15 05:44:28,175 [749a2a4e-326e-405d-8b3d-6482ea274e37@group-C2D39DED5C2C-StateMachineUpdater] INFO  impl.StateMachineUpdater (StateMachineUpdater.java:takeSnapshot(287)) - 749a2a4e-326e-405d-8b3d-6482ea274e37@group-C2D39DED5C2C-StateMachineUpdater: Took a snapshot at index 0
2023-03-15 05:44:28,175 [749a2a4e-326e-405d-8b3d-6482ea274e37@group-C2D39DED5C2C-StateMachineUpdater] INFO  impl.StateMachineUpdater (StateMachineUpdater.java:lambda$new$0(92)) - 749a2a4e-326e-405d-8b3d-6482ea274e37@group-C2D39DED5C2C-StateMachineUpdater: snapshotIndex: updateIncreasingly -1 -> 0
2023-03-15 05:44:28,175 [749a2a4e-326e-405d-8b3d-6482ea274e37-impl-thread2] INFO  server.RaftServer$Division (ServerState.java:close(466)) - 749a2a4e-326e-405d-8b3d-6482ea274e37@group-C2D39DED5C2C: closes. applyIndex: 0
2023-03-15 05:44:28,175 [749a2a4e-326e-405d-8b3d-6482ea274e37@group-C2D39DED5C2C-SegmentedRaftLogWorker] INFO  segmented.SegmentedRaftLogWorker (SegmentedRaftLogWorker.java:run(347)) - 749a2a4e-326e-405d-8b3d-6482ea274e37@group-C2D39DED5C2C-SegmentedRaftLogWorker was interrupted, exiting. There are 0 tasks remaining in the queue.
2023-03-15 05:44:28,175 [749a2a4e-326e-405d-8b3d-6482ea274e37-impl-thread2] INFO  segmented.SegmentedRaftLogWorker (SegmentedRaftLogWorker.java:close(257)) - 749a2a4e-326e-405d-8b3d-6482ea274e37@group-C2D39DED5C2C-SegmentedRaftLogWorker close()
2023-03-15 05:44:28,178 [JvmPauseMonitor5] INFO  util.JvmPauseMonitor (JvmPauseMonitor.java:run(111)) - JvmPauseMonitor-f4b4952b-3e5d-4d4d-87e6-725506190fb6: Stopped
2023-03-15 05:44:28,179 [749a2a4e-326e-405d-8b3d-6482ea274e37-impl-thread3] INFO  impl.StateMachineUpdater (StateMachineUpdater.java:stopAndJoin(153)) - 749a2a4e-326e-405d-8b3d-6482ea274e37@group-AAA528D1F098-StateMachineUpdater: set stopIndex = 22
2023-03-15 05:44:28,179 [749a2a4e-326e-405d-8b3d-6482ea274e37@group-AAA528D1F098-StateMachineUpdater] INFO  ratis.ContainerStateMachine (ContainerStateMachine.java:takeSnapshot(330)) - group-AAA528D1F098: Taking a snapshot at:(t:1, i:22) file /home/runner/work/ozone/ozone/hadoop-ozone/integration-test/target/test-dir/MiniOzoneClusterImpl-257c5be2-ab76-4353-a1eb-ea8c6614f538/datanode-0/data/ratis/fd08d0d5-0033-4d41-a1d9-aaa528d1f098/sm/snapshot.1_22
2023-03-15 05:44:28,181 [749a2a4e-326e-405d-8b3d-6482ea274e37@group-AAA528D1F098-StateMachineUpdater] INFO  ratis.ContainerStateMachine (ContainerStateMachine.java:takeSnapshot(341)) - group-AAA528D1F098: Finished taking a snapshot at:(t:1, i:22) file:/home/runner/work/ozone/ozone/hadoop-ozone/integration-test/target/test-dir/MiniOzoneClusterImpl-257c5be2-ab76-4353-a1eb-ea8c6614f538/datanode-0/data/ratis/fd08d0d5-0033-4d41-a1d9-aaa528d1f098/sm/snapshot.1_22 took: 2 ms
2023-03-15 05:44:28,181 [749a2a4e-326e-405d-8b3d-6482ea274e37@group-AAA528D1F098-StateMachineUpdater] INFO  impl.StateMachineUpdater (StateMachineUpdater.java:takeSnapshot(287)) - 749a2a4e-326e-405d-8b3d-6482ea274e37@group-AAA528D1F098-StateMachineUpdater: Took a snapshot at index 22
2023-03-15 05:44:28,181 [749a2a4e-326e-405d-8b3d-6482ea274e37@group-AAA528D1F098-StateMachineUpdater] INFO  impl.StateMachineUpdater (StateMachineUpdater.java:lambda$new$0(92)) - 749a2a4e-326e-405d-8b3d-6482ea274e37@group-AAA528D1F098-StateMachineUpdater: snapshotIndex: updateIncreasingly -1 -> 22
2023-03-15 05:44:28,182 [749a2a4e-326e-405d-8b3d-6482ea274e37-impl-thread3] INFO  server.RaftServer$Division (ServerState.java:close(466)) - 749a2a4e-326e-405d-8b3d-6482ea274e37@group-AAA528D1F098: closes. applyIndex: 22
2023-03-15 05:44:28,183 [749a2a4e-326e-405d-8b3d-6482ea274e37@group-AAA528D1F098-SegmentedRaftLogWorker] INFO  segmented.SegmentedRaftLogWorker (SegmentedRaftLogWorker.java:run(347)) - 749a2a4e-326e-405d-8b3d-6482ea274e37@group-AAA528D1F098-SegmentedRaftLogWorker was interrupted, exiting. There are 0 tasks remaining in the queue.
2023-03-15 05:44:28,184 [749a2a4e-326e-405d-8b3d-6482ea274e37-impl-thread3] INFO  segmented.SegmentedRaftLogWorker (SegmentedRaftLogWorker.java:close(257)) - 749a2a4e-326e-405d-8b3d-6482ea274e37@group-AAA528D1F098-SegmentedRaftLogWorker close()
2023-03-15 05:44:28,184 [JvmPauseMonitor1] INFO  util.JvmPauseMonitor (JvmPauseMonitor.java:run(111)) - JvmPauseMonitor-749a2a4e-326e-405d-8b3d-6482ea274e37: Stopped
2023-03-15 05:44:30,184 [Listener at 127.0.0.1/43369] INFO  volume.HddsVolume (HddsVolume.java:closeDbStore(362)) - SchemaV3 db is stopped at /home/runner/work/ozone/ozone/hadoop-ozone/integration-test/target/test-dir/MiniOzoneClusterImpl-257c5be2-ab76-4353-a1eb-ea8c6614f538/datanode-4/data-0/containers/hdds/257c5be2-ab76-4353-a1eb-ea8c6614f538/DS-c09a3f17-177e-4a37-8cd4-a370d892ae73/container.db for volume DS-c09a3f17-177e-4a37-8cd4-a370d892ae73
2023-03-15 05:44:30,184 [Listener at 127.0.0.1/43369] INFO  utils.BackgroundService (BackgroundService.java:shutdown(141)) - Shutting down service BlockDeletingService
2023-03-15 05:44:30,186 [Listener at 127.0.0.1/43369] INFO  utils.BackgroundService (BackgroundService.java:shutdown(141)) - Shutting down service StaleRecoveringContainerScrubbingService
2023-03-15 05:44:30,188 [ForkJoinPool.commonPool-worker-0] INFO  volume.HddsVolume (HddsVolume.java:closeDbStore(362)) - SchemaV3 db is stopped at /home/runner/work/ozone/ozone/hadoop-ozone/integration-test/target/test-dir/MiniOzoneClusterImpl-257c5be2-ab76-4353-a1eb-ea8c6614f538/datanode-0/data-0/containers/hdds/257c5be2-ab76-4353-a1eb-ea8c6614f538/DS-e28aeb58-0c48-4371-b1b3-a8cfe57210fa/container.db for volume DS-e28aeb58-0c48-4371-b1b3-a8cfe57210fa
2023-03-15 05:44:30,192 [ForkJoinPool.commonPool-worker-0] INFO  utils.BackgroundService (BackgroundService.java:shutdown(141)) - Shutting down service BlockDeletingService
2023-03-15 05:44:30,192 [ForkJoinPool.commonPool-worker-0] INFO  utils.BackgroundService (BackgroundService.java:shutdown(141)) - Shutting down service StaleRecoveringContainerScrubbingService
2023-03-15 05:44:30,192 [Listener at 127.0.0.1/43369] INFO  statemachine.DatanodeStateMachine (DatanodeStateMachine.java:stopDaemon(601)) - Ozone container server stopped.
2023-03-15 05:44:30,202 [ForkJoinPool.commonPool-worker-0] INFO  statemachine.DatanodeStateMachine (DatanodeStateMachine.java:stopDaemon(601)) - Ozone container server stopped.
2023-03-15 05:44:30,220 [ForkJoinPool.commonPool-worker-0] INFO  handler.ContextHandler (ContextHandler.java:doStop(1159)) - Stopped o.e.j.w.WebAppContext@5fefc31{hddsDatanode,/,null,STOPPED}{jar:file:/home/runner/.m2/repository/org/apache/ozone/hdds-container-service/1.4.0-SNAPSHOT/hdds-container-service-1.4.0-SNAPSHOT.jar!/webapps/hddsDatanode}
2023-03-15 05:44:30,223 [ForkJoinPool.commonPool-worker-0] INFO  server.AbstractConnector (AbstractConnector.java:doStop(383)) - Stopped ServerConnector@3b4c46ae{HTTP/1.1, (http/1.1)}{0.0.0.0:0}
2023-03-15 05:44:30,223 [ForkJoinPool.commonPool-worker-0] INFO  server.session (HouseKeeper.java:stopScavenging(149)) - node0 Stopped scavenging
2023-03-15 05:44:30,230 [ForkJoinPool.commonPool-worker-0] INFO  handler.ContextHandler (ContextHandler.java:doStop(1159)) - Stopped o.e.j.s.ServletContextHandler@37ad8e66{static,/static,jar:file:/home/runner/.m2/repository/org/apache/ozone/hdds-container-service/1.4.0-SNAPSHOT/hdds-container-service-1.4.0-SNAPSHOT.jar!/webapps/static,STOPPED}
2023-03-15 05:44:30,231 [ForkJoinPool.commonPool-worker-0] INFO  handler.ContextHandler (ContextHandler.java:doStop(1159)) - Stopped o.e.j.s.ServletContextHandler@7c25155e{logs,/logs,file:///home/runner/work/ozone/ozone/hadoop-ozone/integration-test/target/log,STOPPED}
2023-03-15 05:44:30,233 [Listener at 127.0.0.1/43369] INFO  handler.ContextHandler (ContextHandler.java:doStop(1159)) - Stopped o.e.j.w.WebAppContext@1f2da372{hddsDatanode,/,null,STOPPED}{jar:file:/home/runner/.m2/repository/org/apache/ozone/hdds-container-service/1.4.0-SNAPSHOT/hdds-container-service-1.4.0-SNAPSHOT.jar!/webapps/hddsDatanode}
2023-03-15 05:44:30,235 [Listener at 127.0.0.1/43369] INFO  server.AbstractConnector (AbstractConnector.java:doStop(383)) - Stopped ServerConnector@71886642{HTTP/1.1, (http/1.1)}{0.0.0.0:0}
2023-03-15 05:44:30,235 [Listener at 127.0.0.1/43369] INFO  server.session (HouseKeeper.java:stopScavenging(149)) - node0 Stopped scavenging
2023-03-15 05:44:30,236 [Listener at 127.0.0.1/43369] INFO  handler.ContextHandler (ContextHandler.java:doStop(1159)) - Stopped o.e.j.s.ServletContextHandler@26e0fbc9{static,/static,jar:file:/home/runner/.m2/repository/org/apache/ozone/hdds-container-service/1.4.0-SNAPSHOT/hdds-container-service-1.4.0-SNAPSHOT.jar!/webapps/static,STOPPED}
2023-03-15 05:44:30,236 [Listener at 127.0.0.1/43369] INFO  handler.ContextHandler (ContextHandler.java:doStop(1159)) - Stopped o.e.j.s.ServletContextHandler@38d7e9ec{logs,/logs,file:///home/runner/work/ozone/ozone/hadoop-ozone/integration-test/target/log,STOPPED}
2023-03-15 05:44:30,241 [ForkJoinPool.commonPool-worker-0] INFO  ozoneimpl.OzoneContainer (OzoneContainer.java:stop(423)) - Attempting to stop container services.
2023-03-15 05:44:30,242 [ForkJoinPool.commonPool-worker-0] INFO  server.RaftServer (RaftServerProxy.java:lambda$close$6(409)) - fd98b1c5-5b85-4a01-ae78-de2614481a07: close
2023-03-15 05:44:30,242 [fd98b1c5-5b85-4a01-ae78-de2614481a07-impl-thread1] INFO  server.RaftServer$Division (RaftServerImpl.java:lambda$close$4(458)) - fd98b1c5-5b85-4a01-ae78-de2614481a07@group-96AFC994C747: shutdown
2023-03-15 05:44:30,242 [fd98b1c5-5b85-4a01-ae78-de2614481a07-impl-thread1] INFO  util.JmxRegister (JmxRegister.java:unregister(73)) - Successfully un-registered JMX Bean with object name Ratis:service=RaftServer,group=group-96AFC994C747,id=fd98b1c5-5b85-4a01-ae78-de2614481a07
2023-03-15 05:44:30,242 [fd98b1c5-5b85-4a01-ae78-de2614481a07-impl-thread1] INFO  impl.RoleInfo (RoleInfo.java:shutdownLeaderState(93)) - fd98b1c5-5b85-4a01-ae78-de2614481a07: shutdown fd98b1c5-5b85-4a01-ae78-de2614481a07@group-96AFC994C747-LeaderStateImpl
2023-03-15 05:44:30,242 [fd98b1c5-5b85-4a01-ae78-de2614481a07-impl-thread1] INFO  impl.PendingRequests (PendingRequests.java:sendNotLeaderResponses(282)) - fd98b1c5-5b85-4a01-ae78-de2614481a07@group-96AFC994C747-PendingRequests: sendNotLeaderResponses
2023-03-15 05:44:30,242 [fd98b1c5-5b85-4a01-ae78-de2614481a07-impl-thread1] INFO  impl.StateMachineUpdater (StateMachineUpdater.java:stopAndJoin(153)) - fd98b1c5-5b85-4a01-ae78-de2614481a07@group-96AFC994C747-StateMachineUpdater: set stopIndex = 0
2023-03-15 05:44:30,242 [ForkJoinPool.commonPool-worker-0] INFO  server.GrpcService (GrpcService.java:closeImpl(271)) - fd98b1c5-5b85-4a01-ae78-de2614481a07: shutdown server GrpcServerProtocolService now
2023-03-15 05:44:30,242 [fd98b1c5-5b85-4a01-ae78-de2614481a07@group-96AFC994C747-StateMachineUpdater] INFO  ratis.ContainerStateMachine (ContainerStateMachine.java:takeSnapshot(330)) - group-96AFC994C747: Taking a snapshot at:(t:1, i:0) file /home/runner/work/ozone/ozone/hadoop-ozone/integration-test/target/test-dir/MiniOzoneClusterImpl-257c5be2-ab76-4353-a1eb-ea8c6614f538/datanode-3/data/ratis/cc4fc719-164a-422f-bd71-96afc994c747/sm/snapshot.1_0
2023-03-15 05:44:30,243 [fd98b1c5-5b85-4a01-ae78-de2614481a07@group-96AFC994C747-StateMachineUpdater] INFO  ratis.ContainerStateMachine (ContainerStateMachine.java:takeSnapshot(341)) - group-96AFC994C747: Finished taking a snapshot at:(t:1, i:0) file:/home/runner/work/ozone/ozone/hadoop-ozone/integration-test/target/test-dir/MiniOzoneClusterImpl-257c5be2-ab76-4353-a1eb-ea8c6614f538/datanode-3/data/ratis/cc4fc719-164a-422f-bd71-96afc994c747/sm/snapshot.1_0 took: 1 ms
2023-03-15 05:44:30,244 [fd98b1c5-5b85-4a01-ae78-de2614481a07@group-96AFC994C747-StateMachineUpdater] INFO  impl.StateMachineUpdater (StateMachineUpdater.java:takeSnapshot(287)) - fd98b1c5-5b85-4a01-ae78-de2614481a07@group-96AFC994C747-StateMachineUpdater: Took a snapshot at index 0
2023-03-15 05:44:30,244 [fd98b1c5-5b85-4a01-ae78-de2614481a07@group-96AFC994C747-StateMachineUpdater] INFO  impl.StateMachineUpdater (StateMachineUpdater.java:lambda$new$0(92)) - fd98b1c5-5b85-4a01-ae78-de2614481a07@group-96AFC994C747-StateMachineUpdater: snapshotIndex: updateIncreasingly -1 -> 0
2023-03-15 05:44:30,244 [fd98b1c5-5b85-4a01-ae78-de2614481a07-impl-thread1] INFO  server.RaftServer$Division (ServerState.java:close(466)) - fd98b1c5-5b85-4a01-ae78-de2614481a07@group-96AFC994C747: closes. applyIndex: 0
2023-03-15 05:44:30,244 [fd98b1c5-5b85-4a01-ae78-de2614481a07@group-96AFC994C747-SegmentedRaftLogWorker] INFO  segmented.SegmentedRaftLogWorker (SegmentedRaftLogWorker.java:run(347)) - fd98b1c5-5b85-4a01-ae78-de2614481a07@group-96AFC994C747-SegmentedRaftLogWorker was interrupted, exiting. There are 0 tasks remaining in the queue.
2023-03-15 05:44:30,244 [fd98b1c5-5b85-4a01-ae78-de2614481a07-impl-thread1] INFO  segmented.SegmentedRaftLogWorker (SegmentedRaftLogWorker.java:close(257)) - fd98b1c5-5b85-4a01-ae78-de2614481a07@group-96AFC994C747-SegmentedRaftLogWorker close()
2023-03-15 05:44:30,245 [ForkJoinPool.commonPool-worker-0] INFO  server.GrpcService (GrpcService.java:closeImpl(280)) - fd98b1c5-5b85-4a01-ae78-de2614481a07: shutdown server GrpcServerProtocolService successfully
2023-03-15 05:44:30,245 [fd98b1c5-5b85-4a01-ae78-de2614481a07-NettyServerStreamRpc-bossGroup--thread1] INFO  logging.LoggingHandler (AbstractInternalLogger.java:log(148)) - [id: 0xa041093d, L:/0:0:0:0:0:0:0:0:45249] CLOSE
2023-03-15 05:44:30,245 [fd98b1c5-5b85-4a01-ae78-de2614481a07-NettyServerStreamRpc-bossGroup--thread1] INFO  logging.LoggingHandler (AbstractInternalLogger.java:log(148)) - [id: 0xa041093d, L:/0:0:0:0:0:0:0:0:45249] INACTIVE
2023-03-15 05:44:30,245 [fd98b1c5-5b85-4a01-ae78-de2614481a07-NettyServerStreamRpc-bossGroup--thread1] INFO  logging.LoggingHandler (AbstractInternalLogger.java:log(148)) - [id: 0xa041093d, L:/0:0:0:0:0:0:0:0:45249] UNREGISTERED
2023-03-15 05:44:30,248 [JvmPauseMonitor4] INFO  util.JvmPauseMonitor (JvmPauseMonitor.java:run(111)) - JvmPauseMonitor-fd98b1c5-5b85-4a01-ae78-de2614481a07: Stopped
2023-03-15 05:44:32,252 [ForkJoinPool.commonPool-worker-0] INFO  volume.HddsVolume (HddsVolume.java:closeDbStore(362)) - SchemaV3 db is stopped at /home/runner/work/ozone/ozone/hadoop-ozone/integration-test/target/test-dir/MiniOzoneClusterImpl-257c5be2-ab76-4353-a1eb-ea8c6614f538/datanode-3/data-0/containers/hdds/257c5be2-ab76-4353-a1eb-ea8c6614f538/DS-1f1b7e3a-5452-4965-b86e-3f9b7b7f2f75/container.db for volume DS-1f1b7e3a-5452-4965-b86e-3f9b7b7f2f75
2023-03-15 05:44:32,252 [ForkJoinPool.commonPool-worker-0] INFO  utils.BackgroundService (BackgroundService.java:shutdown(141)) - Shutting down service BlockDeletingService
2023-03-15 05:44:32,253 [ForkJoinPool.commonPool-worker-0] INFO  utils.BackgroundService (BackgroundService.java:shutdown(141)) - Shutting down service StaleRecoveringContainerScrubbingService
2023-03-15 05:44:32,254 [ForkJoinPool.commonPool-worker-0] INFO  statemachine.DatanodeStateMachine (DatanodeStateMachine.java:stopDaemon(601)) - Ozone container server stopped.
2023-03-15 05:44:32,265 [ForkJoinPool.commonPool-worker-0] INFO  handler.ContextHandler (ContextHandler.java:doStop(1159)) - Stopped o.e.j.w.WebAppContext@45d7ba13{hddsDatanode,/,null,STOPPED}{jar:file:/home/runner/.m2/repository/org/apache/ozone/hdds-container-service/1.4.0-SNAPSHOT/hdds-container-service-1.4.0-SNAPSHOT.jar!/webapps/hddsDatanode}
2023-03-15 05:44:32,265 [ForkJoinPool.commonPool-worker-0] INFO  server.AbstractConnector (AbstractConnector.java:doStop(383)) - Stopped ServerConnector@6a57e01d{HTTP/1.1, (http/1.1)}{0.0.0.0:0}
2023-03-15 05:44:32,265 [ForkJoinPool.commonPool-worker-0] INFO  server.session (HouseKeeper.java:stopScavenging(149)) - node0 Stopped scavenging
2023-03-15 05:44:32,266 [ForkJoinPool.commonPool-worker-0] INFO  handler.ContextHandler (ContextHandler.java:doStop(1159)) - Stopped o.e.j.s.ServletContextHandler@4431e54b{static,/static,jar:file:/home/runner/.m2/repository/org/apache/ozone/hdds-container-service/1.4.0-SNAPSHOT/hdds-container-service-1.4.0-SNAPSHOT.jar!/webapps/static,STOPPED}
2023-03-15 05:44:32,267 [ForkJoinPool.commonPool-worker-0] INFO  handler.ContextHandler (ContextHandler.java:doStop(1159)) - Stopped o.e.j.s.ServletContextHandler@768eafb7{logs,/logs,file:///home/runner/work/ozone/ozone/hadoop-ozone/integration-test/target/log,STOPPED}
2023-03-15 05:44:32,268 [Listener at 127.0.0.1/43369] INFO  ozone.MiniOzoneClusterImpl (MiniOzoneClusterImpl.java:stopSCM(539)) - Stopping the StorageContainerManager
2023-03-15 05:44:32,269 [Listener at 127.0.0.1/43369] INFO  server.StorageContainerManager (StorageContainerManager.java:stop(1532)) - Container Balancer is not running.
2023-03-15 05:44:32,269 [Listener at 127.0.0.1/43369] INFO  server.StorageContainerManager (StorageContainerManager.java:stop(1539)) - Stopping Replication Manager Service.
2023-03-15 05:44:32,269 [Listener at 127.0.0.1/43369] INFO  replication.ReplicationManager (ReplicationManager.java:stop(304)) - Stopping Replication Monitor Thread.
2023-03-15 05:44:32,269 [Listener at 127.0.0.1/43369] INFO  server.StorageContainerManager (StorageContainerManager.java:stop(1546)) - Stopping the Datanode Admin Monitor.
2023-03-15 05:44:32,269 [Over Replicated Processor] WARN  replication.UnhealthyReplicationProcessor (UnhealthyReplicationProcessor.java:run(153)) - Over Replicated Processor interrupted. Exiting...
2023-03-15 05:44:32,269 [Listener at 127.0.0.1/43369] INFO  server.StorageContainerManager (StorageContainerManager.java:stop(1553)) - Stopping datanode service RPC server
2023-03-15 05:44:32,269 [Listener at 127.0.0.1/43369] INFO  server.SCMDatanodeProtocolServer (SCMDatanodeProtocolServer.java:stop(424)) - Stopping the RPC server for DataNodes
2023-03-15 05:44:32,269 [Listener at 127.0.0.1/43369] INFO  ipc.Server (Server.java:stop(3428)) - Stopping server on 35443
2023-03-15 05:44:32,269 [Under Replicated Processor] WARN  replication.UnhealthyReplicationProcessor (UnhealthyReplicationProcessor.java:run(153)) - Under Replicated Processor interrupted. Exiting...
2023-03-15 05:44:32,270 [ReplicationMonitor] INFO  replication.ReplicationManager (ReplicationManager.java:run(799)) - Replication Monitor Thread is stopped
2023-03-15 05:44:32,272 [IPC Server Responder] INFO  ipc.Server (Server.java:run(1517)) - Stopping IPC Server Responder
2023-03-15 05:44:32,272 [IPC Server listener on 0] INFO  ipc.Server (Server.java:run(1384)) - Stopping IPC Server listener on 0
2023-03-15 05:44:32,288 [SCM Heartbeat Processing Thread - 0] WARN  node.NodeStateManager (NodeStateManager.java:scheduleNextHealthCheck(870)) - Current Thread is interrupted, shutting down HB processing thread for Node Manager.
2023-03-15 05:44:32,288 [Listener at 127.0.0.1/43369] INFO  server.StorageContainerManager (StorageContainerManager.java:stop(1561)) - Stopping block service RPC server
2023-03-15 05:44:32,289 [Listener at 127.0.0.1/43369] INFO  server.SCMBlockProtocolServer (SCMBlockProtocolServer.java:stop(161)) - Stopping the RPC server for Block Protocol
2023-03-15 05:44:32,289 [Listener at 127.0.0.1/43369] INFO  ipc.Server (Server.java:stop(3428)) - Stopping server on 34451
2023-03-15 05:44:32,293 [IPC Server listener on 0] INFO  ipc.Server (Server.java:run(1384)) - Stopping IPC Server listener on 0
2023-03-15 05:44:32,293 [Listener at 127.0.0.1/43369] INFO  server.StorageContainerManager (StorageContainerManager.java:stop(1568)) - Stopping the StorageContainerLocationProtocol RPC server
2023-03-15 05:44:32,293 [IPC Server Responder] INFO  ipc.Server (Server.java:run(1517)) - Stopping IPC Server Responder
2023-03-15 05:44:32,293 [Listener at 127.0.0.1/43369] INFO  server.SCMClientProtocolServer (SCMClientProtocolServer.java:stop(203)) - Stopping the RPC server for Client Protocol
2023-03-15 05:44:32,294 [Listener at 127.0.0.1/43369] INFO  ipc.Server (Server.java:stop(3428)) - Stopping server on 45517
2023-03-15 05:44:32,297 [IPC Server listener on 0] INFO  ipc.Server (Server.java:run(1384)) - Stopping IPC Server listener on 0
2023-03-15 05:44:32,297 [IPC Server Responder] INFO  ipc.Server (Server.java:run(1517)) - Stopping IPC Server Responder
2023-03-15 05:44:32,297 [Listener at 127.0.0.1/43369] INFO  server.StorageContainerManager (StorageContainerManager.java:stop(1575)) - Stopping Storage Container Manager HTTP server.
2023-03-15 05:44:32,297 [Listener at 127.0.0.1/43369] INFO  handler.ContextHandler (ContextHandler.java:doStop(1159)) - Stopped o.e.j.w.WebAppContext@5e6ad84c{scm,/,null,STOPPED}{file:/home/runner/work/ozone/ozone/hadoop-ozone/integration-test/target/test-classes/webapps/scm}
2023-03-15 05:44:32,302 [Listener at 127.0.0.1/43369] INFO  server.AbstractConnector (AbstractConnector.java:doStop(383)) - Stopped ServerConnector@1f67d37f{HTTP/1.1, (http/1.1)}{0.0.0.0:0}
2023-03-15 05:44:32,302 [Listener at 127.0.0.1/43369] INFO  server.session (HouseKeeper.java:stopScavenging(149)) - node0 Stopped scavenging
2023-03-15 05:44:32,303 [Listener at 127.0.0.1/43369] INFO  handler.ContextHandler (ContextHandler.java:doStop(1159)) - Stopped o.e.j.s.ServletContextHandler@4e3bc13b{static,/static,file:///home/runner/work/ozone/ozone/hadoop-ozone/integration-test/target/test-classes/webapps/static,STOPPED}
2023-03-15 05:44:32,303 [Listener at 127.0.0.1/43369] INFO  handler.ContextHandler (ContextHandler.java:doStop(1159)) - Stopped o.e.j.s.ServletContextHandler@4f4b7a2e{logs,/logs,file:///home/runner/work/ozone/ozone/hadoop-ozone/integration-test/target/log,STOPPED}
2023-03-15 05:44:32,305 [Listener at 127.0.0.1/43369] INFO  server.StorageContainerManager (StorageContainerManager.java:stop(1583)) - Stopping SCM LayoutVersionManager Service.
2023-03-15 05:44:32,305 [Listener at 127.0.0.1/43369] INFO  server.StorageContainerManager (StorageContainerManager.java:stop(1591)) - Stopping Block Manager Service.
2023-03-15 05:44:32,305 [Listener at 127.0.0.1/43369] INFO  utils.BackgroundService (BackgroundService.java:shutdown(141)) - Shutting down service SCMBlockDeletingService
2023-03-15 05:44:32,305 [Listener at 127.0.0.1/43369] INFO  utils.BackgroundService (BackgroundService.java:shutdown(141)) - Shutting down service SCMBlockDeletingService
2023-03-15 05:44:32,306 [Listener at 127.0.0.1/43369] INFO  server.StorageContainerManager (StorageContainerManager.java:stop(1613)) - Stopping SCM Event Queue.
2023-03-15 05:44:32,308 [Listener at 127.0.0.1/43369] INFO  server.StorageContainerManager (StorageContainerManager.java:stop(1624)) - Stopping SCM HA services.
2023-03-15 05:44:32,309 [Listener at 127.0.0.1/43369] INFO  pipeline.BackgroundPipelineCreator (BackgroundPipelineCreator.java:stop(149)) - Stopping RatisPipelineUtilsThread.
2023-03-15 05:44:32,309 [RatisPipelineUtilsThread - 0] WARN  pipeline.BackgroundPipelineCreator (BackgroundPipelineCreator.java:run(180)) - RatisPipelineUtilsThread is interrupted.
2023-03-15 05:44:32,309 [BackgroundPipelineScrubberThread] WARN  BackgroundPipelineScrubber (BackgroundSCMService.java:run(115)) - BackgroundPipelineScrubber is interrupted, exit
2023-03-15 05:44:32,309 [Listener at 127.0.0.1/43369] INFO  BackgroundPipelineScrubber (BackgroundSCMService.java:stop(131)) - Stopping BackgroundPipelineScrubber Service.
2023-03-15 05:44:32,310 [Listener at 127.0.0.1/43369] INFO  impl.MetricsSystemImpl (MetricsSystemImpl.java:stop(210)) - Stopping XceiverClientMetrics metrics system...
2023-03-15 05:44:32,312 [prometheus] INFO  impl.MetricsSinkAdapter (MetricsSinkAdapter.java:publishMetricsFromQueue(141)) - prometheus thread interrupted.
2023-03-15 05:44:32,312 [Listener at 127.0.0.1/43369] INFO  impl.MetricsSystemImpl (MetricsSystemImpl.java:stop(216)) - XceiverClientMetrics metrics system stopped.
2023-03-15 05:44:32,313 [Listener at 127.0.0.1/43369] WARN  pipeline.BackgroundPipelineCreator (BackgroundPipelineCreator.java:stop(145)) - RatisPipelineUtilsThread is not running, just ignore.
2023-03-15 05:44:32,313 [Listener at 127.0.0.1/43369] INFO  BackgroundPipelineScrubber (BackgroundSCMService.java:stop(126)) - BackgroundPipelineScrubber Service is not running, skip stop.
2023-03-15 05:44:32,313 [Listener at 127.0.0.1/43369] INFO  ExpiredContainerReplicaOpScrubber (BackgroundSCMService.java:stop(131)) - Stopping ExpiredContainerReplicaOpScrubber Service.
2023-03-15 05:44:32,313 [ExpiredContainerReplicaOpScrubberThread] WARN  ExpiredContainerReplicaOpScrubber (BackgroundSCMService.java:run(115)) - ExpiredContainerReplicaOpScrubber is interrupted, exit
2023-03-15 05:44:32,313 [Listener at 127.0.0.1/43369] INFO  utils.BackgroundService (BackgroundService.java:shutdown(141)) - Shutting down service SCMBlockDeletingService
2023-03-15 05:44:32,313 [Listener at 127.0.0.1/43369] INFO  replication.ReplicationManager (ReplicationManager.java:stop(314)) - Replication Monitor Thread is not running.
2023-03-15 05:44:32,313 [Listener at 127.0.0.1/43369] WARN  balancer.ContainerBalancer (ContainerBalancer.java:stop(322)) - Cannot stop Container Balancer because it's not running or stopping
2023-03-15 05:44:32,314 [Listener at 127.0.0.1/43369] INFO  server.StorageContainerManager (StorageContainerManager.java:stop(1642)) - Stopping SCM MetadataStore.
2023-03-15 05:44:32,376 [Listener at 127.0.0.1/43369] WARN  server.ServerUtils (ServerUtils.java:getScmDbDir(148)) - ozone.scm.db.dirs is not configured. We recommend adding this setting. Falling back to ozone.metadata.dirs instead.
2023-03-15 05:44:32,378 [Listener at 127.0.0.1/43369] WARN  server.ServerUtils (ServerUtils.java:getScmDbDir(148)) - ozone.scm.db.dirs is not configured. We recommend adding this setting. Falling back to ozone.metadata.dirs instead.
2023-03-15 05:44:32,379 [Listener at 127.0.0.1/43369] INFO  ha.SCMHANodeDetails (SCMHANodeDetails.java:loadSCMHAConfig(209)) - ServiceID for StorageContainerManager is null
2023-03-15 05:44:32,379 [Listener at 127.0.0.1/43369] INFO  ha.SCMHANodeDetails (SCMHANodeDetails.java:loadSCMHAConfig(214)) - ozone.scm.default.service.id is not defined, falling back to ozone.scm.service.ids to find serviceID for StorageContainerManager if it is HA enabled cluster
2023-03-15 05:44:32,379 [Listener at 127.0.0.1/43369] WARN  utils.HAUtils (HAUtils.java:getMetaDir(342)) - ozone.scm.db.dirs is not configured. We recommend adding this setting. Falling back to ozone.metadata.dirs instead.
2023-03-15 05:44:32,380 [Listener at 127.0.0.1/43369] WARN  db.DBStoreBuilder (DBStoreBuilder.java:applyDBDefinition(172)) - ozone.scm.db.dirs is not configured. We recommend adding this setting. Falling back to ozone.metadata.dirs instead.
2023-03-15 05:44:32,470 [Listener at 127.0.0.1/43369] INFO  net.NodeSchemaLoader (NodeSchemaLoader.java:loadSchemaFromFile(129)) - Loading schema from [jar:file:/home/runner/.m2/repository/org/apache/ozone/hdds-common/1.4.0-SNAPSHOT/hdds-common-1.4.0-SNAPSHOT.jar!/network-topology-default.xml]
2023-03-15 05:44:32,470 [Listener at 127.0.0.1/43369] INFO  net.NodeSchemaLoader (NodeSchemaLoader.java:loadSchema(176)) - Loading network topology layer schema file
2023-03-15 05:44:32,473 [Listener at 127.0.0.1/43369] INFO  upgrade.AbstractLayoutVersionManager (AbstractLayoutVersionManager.java:init(83)) - Initializing Layout version manager with metadata layout = DATANODE_SCHEMA_V3 (version = 4), software layout = DATANODE_SCHEMA_V3 (version = 4)
2023-03-15 05:44:32,526 [Listener at 127.0.0.1/43369] INFO  reflections.Reflections (Reflections.java:scan(232)) - Reflections took 53 ms to scan 7 urls, producing 155 keys and 368 values 
2023-03-15 05:44:32,528 [Listener at 127.0.0.1/43369] INFO  ha.SequenceIdGenerator (SequenceIdGenerator.java:upgradeToSequenceId(349)) - upgrade localId to 111677748019200000
2023-03-15 05:44:32,528 [Listener at 127.0.0.1/43369] INFO  ha.SequenceIdGenerator (SequenceIdGenerator.java:upgradeToSequenceId(359)) - upgrade delTxnId to 0
2023-03-15 05:44:32,528 [Listener at 127.0.0.1/43369] INFO  ha.SequenceIdGenerator (SequenceIdGenerator.java:upgradeToSequenceId(376)) - upgrade containerId to 0
2023-03-15 05:44:32,528 [Listener at 127.0.0.1/43369] INFO  ha.SequenceIdGenerator (SequenceIdGenerator.java:<init>(220)) - Init the HA SequenceIdGenerator.
2023-03-15 05:44:32,528 [Listener at 127.0.0.1/43369] WARN  server.ServerUtils (ServerUtils.java:sanitizeUserArgs(73)) - ozone.scm.stale.node.interval value = 300000 is larger than max = 100000 based on the key value of ozone.scm.heartbeat.thread.interval, reset to the max value 100000.
2023-03-15 05:44:32,528 [Listener at 127.0.0.1/43369] WARN  server.ServerUtils (ServerUtils.java:sanitizeUserArgs(73)) - ozone.scm.stale.node.interval value = 300000 is larger than max = 100000 based on the key value of ozone.scm.heartbeat.thread.interval, reset to the max value 100000.
2023-03-15 05:44:32,529 [Listener at 127.0.0.1/43369] INFO  node.SCMNodeManager (SCMNodeManager.java:<init>(156)) - Entering startup safe mode.
2023-03-15 05:44:32,529 [Listener at 127.0.0.1/43369] INFO  algorithms.ContainerPlacementPolicyFactory (ContainerPlacementPolicyFactory.java:getPolicyInternal(86)) - Create container placement policy of type org.apache.hadoop.hdds.scm.container.placement.algorithms.SCMContainerPlacementRandom
2023-03-15 05:44:32,529 [Listener at 127.0.0.1/43369] INFO  algorithms.ContainerPlacementPolicyFactory (ContainerPlacementPolicyFactory.java:getPolicyInternal(86)) - Create container placement policy of type org.apache.hadoop.hdds.scm.container.placement.algorithms.SCMContainerPlacementRackScatter
2023-03-15 05:44:32,529 [Listener at 127.0.0.1/43369] INFO  pipeline.PipelineStateManagerImpl (PipelineStateManagerImpl.java:initialize(78)) - No pipeline exists in current db
2023-03-15 05:44:32,530 [Listener at 127.0.0.1/43369] INFO  algorithms.LeaderChoosePolicyFactory (LeaderChoosePolicyFactory.java:getPolicy(57)) - Create leader choose policy of type org.apache.hadoop.hdds.scm.pipeline.leader.choose.algorithms.MinLeaderCountChoosePolicy
2023-03-15 05:44:32,530 [Listener at 127.0.0.1/43369] INFO  algorithms.ContainerPlacementPolicyFactory (ContainerPlacementPolicyFactory.java:getPolicyInternal(86)) - Create container placement policy of type org.apache.hadoop.hdds.scm.container.placement.algorithms.SCMContainerPlacementRackScatter
2023-03-15 05:44:32,530 [Listener at 127.0.0.1/43369] INFO  ha.SCMServiceManager (SCMServiceManager.java:register(42)) - Registering service BackgroundPipelineCreator.
2023-03-15 05:44:32,530 [Listener at 127.0.0.1/43369] INFO  pipeline.BackgroundPipelineCreator (BackgroundPipelineCreator.java:start(124)) - Starting RatisPipelineUtilsThread.
2023-03-15 05:44:32,530 [Listener at 127.0.0.1/43369] INFO  BackgroundPipelineScrubber (BackgroundSCMService.java:start(68)) - Starting BackgroundPipelineScrubber Service.
2023-03-15 05:44:32,534 [Listener at 127.0.0.1/43369] INFO  ha.SCMServiceManager (SCMServiceManager.java:register(42)) - Registering service BackgroundPipelineScrubber.
2023-03-15 05:44:32,534 [Listener at 127.0.0.1/43369] INFO  ExpiredContainerReplicaOpScrubber (BackgroundSCMService.java:start(68)) - Starting ExpiredContainerReplicaOpScrubber Service.
2023-03-15 05:44:32,534 [Listener at 127.0.0.1/43369] INFO  ha.SCMServiceManager (SCMServiceManager.java:register(42)) - Registering service ExpiredContainerReplicaOpScrubber.
2023-03-15 05:44:32,536 [Listener at 127.0.0.1/43369] INFO  algorithms.PipelineChoosePolicyFactory (PipelineChoosePolicyFactory.java:createPipelineChoosePolicyFromClass(73)) - Create pipeline choose policy of type org.apache.hadoop.hdds.scm.pipeline.choose.algorithms.RandomPipelineChoosePolicy
2023-03-15 05:44:32,536 [Listener at 127.0.0.1/43369] INFO  ha.SCMServiceManager (SCMServiceManager.java:register(42)) - Registering service SCMBlockDeletingService.
2023-03-15 05:44:32,536 [Listener at 127.0.0.1/43369] INFO  replication.ReplicationManager (ReplicationManager.java:start(271)) - Starting Replication Monitor Thread.
2023-03-15 05:44:32,537 [ReplicationMonitor] INFO  replication.ReplicationManager (ReplicationManager.java:processAll(346)) - Replication Manager is not ready to run until 3000ms after safemode exit
2023-03-15 05:44:32,537 [Listener at 127.0.0.1/43369] INFO  ha.SCMServiceManager (SCMServiceManager.java:register(42)) - Registering service ReplicationManager.
2023-03-15 05:44:32,538 [Listener at 127.0.0.1/43369] INFO  safemode.ContainerSafeModeRule (ContainerSafeModeRule.java:<init>(89)) - containers with one replica threshold count 0
2023-03-15 05:44:32,539 [Listener at 127.0.0.1/43369] INFO  safemode.HealthyPipelineSafeModeRule (HealthyPipelineSafeModeRule.java:initializeRule(169)) - Total pipeline count is 0, healthy pipeline threshold count is 1
2023-03-15 05:44:32,539 [Listener at 127.0.0.1/43369] INFO  safemode.OneReplicaPipelineSafeModeRule (OneReplicaPipelineSafeModeRule.java:initializeRule(180)) - Total pipeline count is 0, pipeline's with at least one datanode reported threshold count is 0
2023-03-15 05:44:32,539 [Listener at 127.0.0.1/43369] INFO  server.StorageContainerManager (StorageContainerManager.java:<init>(392)) - SCM start with adminUsers: [runner]
2023-03-15 05:44:32,539 [Listener at 127.0.0.1/43369] INFO  ipc.CallQueueManager (CallQueueManager.java:<init>(90)) - Using callQueue: class java.util.concurrent.LinkedBlockingQueue, queueCapacity: 2000, scheduler: class org.apache.hadoop.ipc.DefaultRpcScheduler, ipcBackoff: false.
2023-03-15 05:44:32,540 [Socket Reader #1 for port 0] INFO  ipc.Server (Server.java:run(1273)) - Starting Socket Reader #1 for port 0
2023-03-15 05:44:32,541 [Listener at 0.0.0.0/39725] INFO  ipc.CallQueueManager (CallQueueManager.java:<init>(90)) - Using callQueue: class java.util.concurrent.LinkedBlockingQueue, queueCapacity: 2000, scheduler: class org.apache.hadoop.ipc.DefaultRpcScheduler, ipcBackoff: false.
2023-03-15 05:44:32,543 [Listener at 0.0.0.0/33291] INFO  ipc.CallQueueManager (CallQueueManager.java:<init>(90)) - Using callQueue: class java.util.concurrent.LinkedBlockingQueue, queueCapacity: 2000, scheduler: class org.apache.hadoop.ipc.DefaultRpcScheduler, ipcBackoff: false.
2023-03-15 05:44:32,543 [Socket Reader #1 for port 0] INFO  ipc.Server (Server.java:run(1273)) - Starting Socket Reader #1 for port 0
2023-03-15 05:44:32,548 [Socket Reader #1 for port 0] INFO  ipc.Server (Server.java:run(1273)) - Starting Socket Reader #1 for port 0
2023-03-15 05:44:32,550 [Listener at 0.0.0.0/44463] INFO  ha.SCMServiceManager (SCMServiceManager.java:register(42)) - Registering service ContainerBalancer.
2023-03-15 05:44:32,551 [Listener at 0.0.0.0/44463] INFO  server.StorageContainerManager (StorageContainerManager.java:<init>(407)) - 
Container Balancer status:
Key                            Value
Running                        true
Container Balancer Configuration values:
Key                                                Value
Threshold                                          10
Max Datanodes to Involve per Iteration(percent)    20
Max Size to Move per Iteration                     500GB
Max Size Entering Target per Iteration             26GB
Max Size Leaving Source per Iteration              26GB

2023-03-15 05:44:32,551 [Listener at 0.0.0.0/44463] INFO  ha.SCMContext (SCMContext.java:updateSafeModeStatus(228)) - Update SafeModeStatus from SafeModeStatus{safeModeStatus=true, preCheckPassed=false} to SafeModeStatus{safeModeStatus=true, preCheckPassed=false}.
2023-03-15 05:44:32,551 [Listener at 0.0.0.0/44463] INFO  server.StorageContainerManager (StorageContainerManager.java:start(1437)) - StorageContainerLocationProtocol RPC server is listening at /0.0.0.0:44463
2023-03-15 05:44:32,552 [Listener at 0.0.0.0/44463] WARN  impl.MetricsConfig (MetricsConfig.java:loadFirst(136)) - Cannot locate configuration: tried hadoop-metrics2-storagecontainermanager.properties,hadoop-metrics2.properties
2023-03-15 05:44:32,553 [Listener at 0.0.0.0/44463] INFO  impl.MetricsSystemImpl (MetricsSystemImpl.java:startTimer(378)) - Scheduled Metric snapshot period at 10 second(s).
2023-03-15 05:44:32,553 [Listener at 0.0.0.0/44463] INFO  impl.MetricsSystemImpl (MetricsSystemImpl.java:start(191)) - StorageContainerManager metrics system started
2023-03-15 05:44:32,569 [Listener at 0.0.0.0/44463] INFO  impl.MetricsSinkAdapter (MetricsSinkAdapter.java:start(204)) - Sink prometheus started
2023-03-15 05:44:32,569 [Listener at 0.0.0.0/44463] INFO  impl.MetricsSystemImpl (MetricsSystemImpl.java:registerSink(305)) - Registered sink prometheus
2023-03-15 05:44:32,582 [Listener at 0.0.0.0/44463] INFO  server.SCMClientProtocolServer (SCMClientProtocolServer.java:start(194)) - RPC server for Client  is listening at /0.0.0.0:44463
2023-03-15 05:44:32,582 [IPC Server Responder] INFO  ipc.Server (Server.java:run(1512)) - IPC Server Responder: starting
2023-03-15 05:44:32,582 [IPC Server listener on 0] INFO  ipc.Server (Server.java:run(1352)) - IPC Server listener on 0: starting
2023-03-15 05:44:32,592 [Listener at 0.0.0.0/44463] INFO  server.StorageContainerManager (StorageContainerManager.java:start(1451)) - ScmBlockLocationProtocol RPC server is listening at /0.0.0.0:33291
2023-03-15 05:44:32,592 [Listener at 0.0.0.0/44463] INFO  server.SCMBlockProtocolServer (SCMBlockProtocolServer.java:start(152)) - RPC server for Block Protocol is listening at /0.0.0.0:33291
2023-03-15 05:44:32,592 [IPC Server Responder] INFO  ipc.Server (Server.java:run(1512)) - IPC Server Responder: starting
2023-03-15 05:44:32,593 [IPC Server listener on 0] INFO  ipc.Server (Server.java:run(1352)) - IPC Server listener on 0: starting
2023-03-15 05:44:32,595 [Listener at 0.0.0.0/44463] INFO  server.SCMDatanodeProtocolServer (SCMDatanodeProtocolServer.java:start(193)) - ScmDatanodeProtocol RPC server for DataNodes is listening at /0.0.0.0:39725
2023-03-15 05:44:32,595 [IPC Server Responder] INFO  ipc.Server (Server.java:run(1512)) - IPC Server Responder: starting
2023-03-15 05:44:32,595 [IPC Server listener on 0] INFO  ipc.Server (Server.java:run(1352)) - IPC Server listener on 0: starting
2023-03-15 05:44:32,610 [Listener at 0.0.0.0/44463] INFO  http.BaseHttpServer (BaseHttpServer.java:newHttpServer2BuilderForOzone(224)) - Starting Web-server for scm at: http://0.0.0.0:0
2023-03-15 05:44:32,610 [Listener at 0.0.0.0/44463] INFO  http.BaseHttpServer (BaseHttpServer.java:<init>(111)) - Hadoop Security Enabled: false Ozone Security Enabled: false Ozone HTTP Security Enabled: false 
2023-03-15 05:44:32,612 [Listener at 0.0.0.0/44463] WARN  server.AuthenticationFilter (AuthenticationFilter.java:constructSecretProvider(240)) - Unable to initialize FileSignerSecretProvider, falling back to use random secrets. Reason: Could not read signature secret file: /home/runner/hadoop-http-auth-signature-secret
2023-03-15 05:44:32,613 [org.apache.hadoop.util.JvmPauseMonitor$Monitor@36229f3a] INFO  util.JvmPauseMonitor (JvmPauseMonitor.java:run(188)) - Starting JVM pause monitor
2023-03-15 05:44:32,613 [Listener at 0.0.0.0/44463] WARN  http.HttpRequestLog (HttpRequestLog.java:getRequestLog(103)) - Jetty request log can only be enabled using Log4j
2023-03-15 05:44:32,615 [Listener at 0.0.0.0/44463] INFO  http.HttpServer2 (HttpServer2.java:addGlobalFilter(1031)) - Added global filter 'safety' (class=org.apache.hadoop.hdds.server.http.HttpServer2$QuotingInputFilter)
2023-03-15 05:44:32,619 [Listener at 0.0.0.0/44463] INFO  http.HttpServer2 (HttpServer2.java:addFilter(1007)) - Added filter static_user_filter (class=org.apache.hadoop.http.lib.StaticUserWebFilter$StaticUserFilter) to context scm
2023-03-15 05:44:32,619 [Listener at 0.0.0.0/44463] INFO  http.HttpServer2 (HttpServer2.java:addFilter(1015)) - Added filter static_user_filter (class=org.apache.hadoop.http.lib.StaticUserWebFilter$StaticUserFilter) to context static
2023-03-15 05:44:32,619 [Listener at 0.0.0.0/44463] INFO  http.HttpServer2 (HttpServer2.java:addFilter(1015)) - Added filter static_user_filter (class=org.apache.hadoop.http.lib.StaticUserWebFilter$StaticUserFilter) to context logs
2023-03-15 05:44:32,620 [Listener at 0.0.0.0/44463] INFO  http.BaseHttpServer (BaseHttpServer.java:<init>(190)) - HTTP server of scm uses base directory /home/runner/work/ozone/ozone/hadoop-ozone/integration-test/target/test-dir/MiniOzoneClusterImpl-f3f3c3ea-d6fe-44d8-a21f-130fd89482f1/ozone-meta/webserver
2023-03-15 05:44:32,620 [Listener at 0.0.0.0/44463] INFO  http.HttpServer2 (HttpServer2.java:bindListener(1250)) - Jetty bound to port 45023
2023-03-15 05:44:32,620 [Listener at 0.0.0.0/44463] INFO  server.Server (Server.java:doStart(375)) - jetty-9.4.49.v20220914; built: 2022-09-14T01:07:36.601Z; git: 4231a3b2e4cb8548a412a789936d640a97b1aa0a; jvm 1.8.0_362-b09
2023-03-15 05:44:32,622 [Listener at 0.0.0.0/44463] INFO  server.session (DefaultSessionIdManager.java:doStart(334)) - DefaultSessionIdManager workerName=node0
2023-03-15 05:44:32,622 [Listener at 0.0.0.0/44463] INFO  server.session (DefaultSessionIdManager.java:doStart(339)) - No SessionScavenger set, using defaults
2023-03-15 05:44:32,622 [Listener at 0.0.0.0/44463] INFO  server.session (HouseKeeper.java:startScavenging(132)) - node0 Scavenging every 660000ms
2023-03-15 05:44:32,623 [Listener at 0.0.0.0/44463] INFO  handler.ContextHandler (ContextHandler.java:doStart(921)) - Started o.e.j.s.ServletContextHandler@2668d785{logs,/logs,file:///home/runner/work/ozone/ozone/hadoop-ozone/integration-test/target/log,AVAILABLE}
2023-03-15 05:44:32,623 [Listener at 0.0.0.0/44463] INFO  handler.ContextHandler (ContextHandler.java:doStart(921)) - Started o.e.j.s.ServletContextHandler@b77d72e{static,/static,file:///home/runner/work/ozone/ozone/hadoop-ozone/integration-test/target/test-classes/webapps/static,AVAILABLE}
2023-03-15 05:44:32,626 [Listener at 0.0.0.0/44463] INFO  handler.ContextHandler (ContextHandler.java:doStart(921)) - Started o.e.j.w.WebAppContext@1f53503{scm,/,file:///home/runner/work/ozone/ozone/hadoop-ozone/integration-test/target/test-classes/webapps/scm/,AVAILABLE}{file:/home/runner/work/ozone/ozone/hadoop-ozone/integration-test/target/test-classes/webapps/scm}
2023-03-15 05:44:32,627 [Listener at 0.0.0.0/44463] INFO  server.AbstractConnector (AbstractConnector.java:doStart(333)) - Started ServerConnector@3692d526{HTTP/1.1, (http/1.1)}{0.0.0.0:45023}
2023-03-15 05:44:32,627 [Listener at 0.0.0.0/44463] INFO  server.Server (Server.java:doStart(415)) - Started @56306ms
2023-03-15 05:44:32,628 [Listener at 0.0.0.0/44463] WARN  impl.MetricsSystemImpl (MetricsSystemImpl.java:register(279)) - Sink prometheus already exists!
2023-03-15 05:44:32,630 [Listener at 0.0.0.0/44463] INFO  http.BaseHttpServer (BaseHttpServer.java:updateConnectorAddress(344)) - HTTP server of scm listening at http://0.0.0.0:45023
2023-03-15 05:44:32,630 [Listener at 0.0.0.0/44463] WARN  server.ServerUtils (ServerUtils.java:getDBPath(225)) - ozone.om.db.dirs is not configured. We recommend adding this setting. Falling back to ozone.metadata.dirs instead.
2023-03-15 05:44:32,632 [Listener at 0.0.0.0/44463] INFO  ha.OMHANodeDetails (OMHANodeDetails.java:loadOMHAConfig(115)) - ozone.om.internal.service.id is not defined, falling back to ozone.om.service.ids to find serviceID for OzoneManager if it is HA enabled cluster
2023-03-15 05:44:32,632 [Listener at 0.0.0.0/44463] INFO  ha.OMHANodeDetails (OMHANodeDetails.java:loadOMHAConfig(226)) - Configuration does not have ozone.om.address set. Falling back to the default OM address /127.0.0.1:0
2023-03-15 05:44:32,632 [Listener at 0.0.0.0/44463] INFO  ha.OMHANodeDetails (OMHANodeDetails.java:getOMNodeDetailsForNonHA(254)) - OM Service ID is not set. Setting it to the default ID: omServiceIdDefault
2023-03-15 05:44:32,632 [Listener at 0.0.0.0/44463] INFO  ha.OMHANodeDetails (OMHANodeDetails.java:getOMNodeDetailsForNonHA(261)) - OM Node ID is not set. Setting it to the default ID: om1
2023-03-15 05:44:32,632 [Listener at 0.0.0.0/44463] WARN  server.ServerUtils (ServerUtils.java:getDBPath(225)) - ozone.om.db.dirs is not configured. We recommend adding this setting. Falling back to ozone.metadata.dirs instead.
2023-03-15 05:44:32,633 [Listener at 0.0.0.0/44463] INFO  upgrade.AbstractLayoutVersionManager (AbstractLayoutVersionManager.java:init(83)) - Initializing Layout version manager with metadata layout = MULTITENANCY_SCHEMA (version = 3), software layout = MULTITENANCY_SCHEMA (version = 3)
2023-03-15 05:44:32,701 [Listener at 0.0.0.0/44463] INFO  reflections.Reflections (Reflections.java:scan(232)) - Reflections took 67 ms to scan 2 urls, producing 167 keys and 464 values [using 2 cores]
2023-03-15 05:44:32,701 [Listener at 0.0.0.0/44463] INFO  upgrade.OMLayoutVersionManager (OMLayoutVersionManager.java:lambda$0(115)) - Skipping Upgrade Action MockOmUpgradeAction since it has been finalized.
2023-03-15 05:44:32,702 [Listener at 0.0.0.0/44463] WARN  server.ServerUtils (ServerUtils.java:getDBPath(225)) - ozone.om.db.dirs is not configured. We recommend adding this setting. Falling back to ozone.metadata.dirs instead.
2023-03-15 05:44:32,703 [Listener at 0.0.0.0/44463] INFO  proxy.SCMBlockLocationFailoverProxyProvider (SCMBlockLocationFailoverProxyProvider.java:<init>(114)) - Created block location fail-over proxy with 1 nodes: [nodeId=scmNodeId,nodeAddress=/0.0.0.0:33291]
2023-03-15 05:44:32,704 [Listener at 0.0.0.0/44463] INFO  proxy.SCMBlockLocationFailoverProxyProvider (SCMBlockLocationFailoverProxyProvider.java:<init>(114)) - Created block location fail-over proxy with 1 nodes: [nodeId=scmNodeId,nodeAddress=/0.0.0.0:33291]
2023-03-15 05:44:32,712 [Listener at 0.0.0.0/44463] INFO  om.OzoneManager (OzoneManager.java:<init>(620)) - OM start with adminUsers: [runner]
2023-03-15 05:44:32,713 [Listener at 0.0.0.0/44463] WARN  server.ServerUtils (ServerUtils.java:getDBPath(225)) - ozone.om.db.dirs is not configured. We recommend adding this setting. Falling back to ozone.metadata.dirs instead.
2023-03-15 05:44:32,715 [Listener at 0.0.0.0/44463] INFO  codec.OmKeyInfoCodec (OmKeyInfoCodec.java:<init>(49)) - OmKeyInfoCodec ignorePipeline = true
2023-03-15 05:44:32,715 [Listener at 0.0.0.0/44463] INFO  codec.RepeatedOmKeyInfoCodec (RepeatedOmKeyInfoCodec.java:<init>(41)) - RepeatedOmKeyInfoCodec ignorePipeline = true
2023-03-15 05:44:32,870 [Listener at 0.0.0.0/44463] INFO  om.OzoneManager (OzoneManager.java:instantiateServices(750)) - S3 Multi-Tenancy is disabled
2023-03-15 05:44:32,871 [Listener at 0.0.0.0/44463] WARN  server.ServerUtils (ServerUtils.java:getDBPath(225)) - ozone.om.snapshot.diff.db.dir is not configured. We recommend adding this setting. Falling back to ozone.metadata.dirs instead.
2023-03-15 05:44:32,888 [Listener at 0.0.0.0/44463] INFO  om.OzoneManager (OzoneManager.java:addS3GVolumeToDB(4228)) - Created Volume s3v With Owner runner required for S3Gateway operations.
2023-03-15 05:44:32,888 [Listener at 0.0.0.0/44463] INFO  om.OzoneManager (OzoneManager.java:getRpcServer(1134)) - Creating RPC Server
2023-03-15 05:44:33,255 [Finalizer] WARN  managed.ManagedRocksObjectUtils (ManagedRocksObjectUtils.java:assertClosed(54)) - RocksIterator is not closed properly
2023-03-15 05:44:33,277 [Listener at 0.0.0.0/44463] INFO  reflections.Reflections (Reflections.java:scan(232)) - Reflections took 382 ms to scan 19 urls, producing 68 keys and 4936 values [using 2 cores]
2023-03-15 05:44:33,278 [Listener at 0.0.0.0/44463] INFO  ipc.CallQueueManager (CallQueueManager.java:<init>(90)) - Using callQueue: class java.util.concurrent.LinkedBlockingQueue, queueCapacity: 2000, scheduler: class org.apache.hadoop.ipc.DefaultRpcScheduler, ipcBackoff: false.
2023-03-15 05:44:33,279 [Socket Reader #1 for port 0] INFO  ipc.Server (Server.java:run(1273)) - Starting Socket Reader #1 for port 0
2023-03-15 05:44:33,297 [Listener at 127.0.0.1/39193] INFO  impl.MetricsSystemImpl (MetricsSystemImpl.java:init(158)) - OzoneManager metrics system started (again)
2023-03-15 05:44:33,308 [Listener at 127.0.0.1/39193] INFO  om.OzoneManager (OzoneManager.java:start(1564)) - OzoneManager RPC server is listening at localhost/127.0.0.1:39193
2023-03-15 05:44:33,309 [Listener at 127.0.0.1/39193] INFO  om.OzoneManager (OzoneManager.java:start(1580)) - Version File has different layout version (3) than OM DB (null). That is expected if this OM has never been finalized to a newer layout version.
2023-03-15 05:44:33,320 [Listener at 127.0.0.1/39193] INFO  http.BaseHttpServer (BaseHttpServer.java:newHttpServer2BuilderForOzone(224)) - Starting Web-server for ozoneManager at: http://0.0.0.0:0
2023-03-15 05:44:33,320 [Listener at 127.0.0.1/39193] INFO  http.BaseHttpServer (BaseHttpServer.java:<init>(111)) - Hadoop Security Enabled: false Ozone Security Enabled: false Ozone HTTP Security Enabled: false 
2023-03-15 05:44:33,321 [Listener at 127.0.0.1/39193] WARN  server.AuthenticationFilter (AuthenticationFilter.java:constructSecretProvider(240)) - Unable to initialize FileSignerSecretProvider, falling back to use random secrets. Reason: Could not read signature secret file: /home/runner/hadoop-http-auth-signature-secret
2023-03-15 05:44:33,322 [Listener at 127.0.0.1/39193] WARN  http.HttpRequestLog (HttpRequestLog.java:getRequestLog(103)) - Jetty request log can only be enabled using Log4j
2023-03-15 05:44:33,324 [Listener at 127.0.0.1/39193] INFO  http.HttpServer2 (HttpServer2.java:addGlobalFilter(1031)) - Added global filter 'safety' (class=org.apache.hadoop.hdds.server.http.HttpServer2$QuotingInputFilter)
2023-03-15 05:44:33,324 [Listener at 127.0.0.1/39193] INFO  http.HttpServer2 (HttpServer2.java:addFilter(1007)) - Added filter static_user_filter (class=org.apache.hadoop.http.lib.StaticUserWebFilter$StaticUserFilter) to context ozoneManager
2023-03-15 05:44:33,324 [Listener at 127.0.0.1/39193] INFO  http.HttpServer2 (HttpServer2.java:addFilter(1015)) - Added filter static_user_filter (class=org.apache.hadoop.http.lib.StaticUserWebFilter$StaticUserFilter) to context static
2023-03-15 05:44:33,324 [Listener at 127.0.0.1/39193] INFO  http.HttpServer2 (HttpServer2.java:addFilter(1015)) - Added filter static_user_filter (class=org.apache.hadoop.http.lib.StaticUserWebFilter$StaticUserFilter) to context logs
2023-03-15 05:44:33,325 [Listener at 127.0.0.1/39193] INFO  http.BaseHttpServer (BaseHttpServer.java:<init>(190)) - HTTP server of ozoneManager uses base directory /home/runner/work/ozone/ozone/hadoop-ozone/integration-test/target/test-dir/MiniOzoneClusterImpl-f3f3c3ea-d6fe-44d8-a21f-130fd89482f1/ozone-meta/webserver
2023-03-15 05:44:33,325 [Listener at 127.0.0.1/39193] INFO  http.HttpServer2 (HttpServer2.java:bindListener(1250)) - Jetty bound to port 33735
2023-03-15 05:44:33,325 [Listener at 127.0.0.1/39193] INFO  server.Server (Server.java:doStart(375)) - jetty-9.4.49.v20220914; built: 2022-09-14T01:07:36.601Z; git: 4231a3b2e4cb8548a412a789936d640a97b1aa0a; jvm 1.8.0_362-b09
2023-03-15 05:44:33,326 [Listener at 127.0.0.1/39193] INFO  server.session (DefaultSessionIdManager.java:doStart(334)) - DefaultSessionIdManager workerName=node0
2023-03-15 05:44:33,327 [Listener at 127.0.0.1/39193] INFO  server.session (DefaultSessionIdManager.java:doStart(339)) - No SessionScavenger set, using defaults
2023-03-15 05:44:33,327 [Listener at 127.0.0.1/39193] INFO  server.session (HouseKeeper.java:startScavenging(132)) - node0 Scavenging every 600000ms
2023-03-15 05:44:33,327 [Listener at 127.0.0.1/39193] INFO  handler.ContextHandler (ContextHandler.java:doStart(921)) - Started o.e.j.s.ServletContextHandler@6b7b3d77{logs,/logs,file:///home/runner/work/ozone/ozone/hadoop-ozone/integration-test/target/log,AVAILABLE}
2023-03-15 05:44:33,328 [Listener at 127.0.0.1/39193] INFO  handler.ContextHandler (ContextHandler.java:doStart(921)) - Started o.e.j.s.ServletContextHandler@6c957807{static,/static,file:///home/runner/work/ozone/ozone/hadoop-ozone/integration-test/target/test-classes/webapps/static,AVAILABLE}
2023-03-15 05:44:33,330 [Listener at 127.0.0.1/39193] INFO  handler.ContextHandler (ContextHandler.java:doStart(921)) - Started o.e.j.w.WebAppContext@73111494{ozoneManager,/,file:///home/runner/work/ozone/ozone/hadoop-ozone/integration-test/target/test-classes/webapps/ozoneManager/,AVAILABLE}{file:/home/runner/work/ozone/ozone/hadoop-ozone/integration-test/target/test-classes/webapps/ozoneManager}
2023-03-15 05:44:33,331 [Listener at 127.0.0.1/39193] INFO  server.AbstractConnector (AbstractConnector.java:doStart(333)) - Started ServerConnector@51e7b595{HTTP/1.1, (http/1.1)}{0.0.0.0:33735}
2023-03-15 05:44:33,331 [Listener at 127.0.0.1/39193] INFO  server.Server (Server.java:doStart(415)) - Started @57009ms
2023-03-15 05:44:33,331 [Listener at 127.0.0.1/39193] WARN  impl.MetricsSystemImpl (MetricsSystemImpl.java:register(279)) - Sink prometheus already exists!
2023-03-15 05:44:33,332 [Listener at 127.0.0.1/39193] INFO  http.BaseHttpServer (BaseHttpServer.java:updateConnectorAddress(344)) - HTTP server of ozoneManager listening at http://0.0.0.0:33735
2023-03-15 05:44:33,332 [IPC Server Responder] INFO  ipc.Server (Server.java:run(1512)) - IPC Server Responder: starting
2023-03-15 05:44:33,334 [IPC Server listener on 0] INFO  ipc.Server (Server.java:run(1352)) - IPC Server listener on 0: starting
2023-03-15 05:44:33,346 [Listener at 127.0.0.1/39193] INFO  om.TrashPolicyOzone (TrashPolicyOzone.java:<init>(277)) - Ozone Manager trash configuration: Deletion interval = 0 minutes, Emptier interval = 0 minutes.
2023-03-15 05:44:33,346 [org.apache.hadoop.util.JvmPauseMonitor$Monitor@5c38ceb8] INFO  util.JvmPauseMonitor (JvmPauseMonitor.java:run(188)) - Starting JVM pause monitor
2023-03-15 05:44:33,365 [Listener at 127.0.0.1/39193] INFO  impl.MetricsSystemImpl (MetricsSystemImpl.java:init(158)) - HddsDatanode metrics system started (again)
2023-03-15 05:44:33,382 [Listener at 127.0.0.1/39193] INFO  ozone.HddsDatanodeService (HddsDatanodeService.java:start(229)) - HddsDatanodeService host:fv-az390-885.2udvygdcjcjuphbbpa4zxtqymb.gx.internal.cloudapp.net ip:10.1.0.18
2023-03-15 05:44:33,399 [Listener at 127.0.0.1/39193] INFO  upgrade.AbstractLayoutVersionManager (AbstractLayoutVersionManager.java:init(83)) - Initializing Layout version manager with metadata layout = DATANODE_SCHEMA_V3 (version = 4), software layout = DATANODE_SCHEMA_V3 (version = 4)
2023-03-15 05:44:33,447 [Listener at 127.0.0.1/39193] INFO  reflections.Reflections (Reflections.java:scan(232)) - Reflections took 47 ms to scan 7 urls, producing 155 keys and 368 values 
2023-03-15 05:44:33,448 [Listener at 127.0.0.1/39193] INFO  statemachine.DatanodeStateMachine (DatanodeStateMachine.java:getEndPointTaskThreadPoolSize(260)) - Datanode State Machine Task Thread Pool size 2
2023-03-15 05:44:33,451 [Listener at 127.0.0.1/39193] INFO  volume.HddsVolume (HddsVolume.java:<init>(122)) - Creating HddsVolume: /home/runner/work/ozone/ozone/hadoop-ozone/integration-test/target/test-dir/MiniOzoneClusterImpl-f3f3c3ea-d6fe-44d8-a21f-130fd89482f1/datanode-0/data-0/containers/hdds of storage type : DISK capacity : 9223372036854775807
2023-03-15 05:44:33,451 [Listener at 127.0.0.1/39193] INFO  volume.MutableVolumeSet (MutableVolumeSet.java:initializeVolumeSet(174)) - Added Volume : /home/runner/work/ozone/ozone/hadoop-ozone/integration-test/target/test-dir/MiniOzoneClusterImpl-f3f3c3ea-d6fe-44d8-a21f-130fd89482f1/datanode-0/data-0/containers/hdds to VolumeSet
2023-03-15 05:44:33,451 [Listener at 127.0.0.1/39193] INFO  volume.ThrottledAsyncChecker (ThrottledAsyncChecker.java:schedule(141)) - Scheduling a check for /home/runner/work/ozone/ozone/hadoop-ozone/integration-test/target/test-dir/MiniOzoneClusterImpl-f3f3c3ea-d6fe-44d8-a21f-130fd89482f1/datanode-0/data-0/containers/hdds
2023-03-15 05:44:33,457 [Listener at 127.0.0.1/39193] INFO  volume.StorageVolumeChecker (StorageVolumeChecker.java:checkAllVolumes(202)) - Scheduled health check for volume /home/runner/work/ozone/ozone/hadoop-ozone/integration-test/target/test-dir/MiniOzoneClusterImpl-f3f3c3ea-d6fe-44d8-a21f-130fd89482f1/datanode-0/data-0/containers/hdds
2023-03-15 05:44:33,468 [Listener at 127.0.0.1/39193] INFO  volume.MutableVolumeSet (MutableVolumeSet.java:initializeVolumeSet(174)) - Added Volume : /home/runner/work/ozone/ozone/hadoop-ozone/integration-test/target/test-dir/MiniOzoneClusterImpl-f3f3c3ea-d6fe-44d8-a21f-130fd89482f1/datanode-0/data/ratis to VolumeSet
2023-03-15 05:44:33,469 [Listener at 127.0.0.1/39193] INFO  volume.ThrottledAsyncChecker (ThrottledAsyncChecker.java:schedule(141)) - Scheduling a check for /home/runner/work/ozone/ozone/hadoop-ozone/integration-test/target/test-dir/MiniOzoneClusterImpl-f3f3c3ea-d6fe-44d8-a21f-130fd89482f1/datanode-0/data/ratis
2023-03-15 05:44:33,469 [Listener at 127.0.0.1/39193] INFO  volume.StorageVolumeChecker (StorageVolumeChecker.java:checkAllVolumes(202)) - Scheduled health check for volume /home/runner/work/ozone/ozone/hadoop-ozone/integration-test/target/test-dir/MiniOzoneClusterImpl-f3f3c3ea-d6fe-44d8-a21f-130fd89482f1/datanode-0/data/ratis
2023-03-15 05:44:33,480 [Thread-631] INFO  ozoneimpl.ContainerReader (ContainerReader.java:readVolume(175)) - Finish verifying containers on volume /home/runner/work/ozone/ozone/hadoop-ozone/integration-test/target/test-dir/MiniOzoneClusterImpl-f3f3c3ea-d6fe-44d8-a21f-130fd89482f1/datanode-0/data-0/containers/hdds
2023-03-15 05:44:33,480 [Listener at 127.0.0.1/39193] INFO  ozoneimpl.OzoneContainer (OzoneContainer.java:buildContainerSet(307)) - Build ContainerSet costs 0s
2023-03-15 05:44:33,483 [Listener at 127.0.0.1/39193] INFO  server.RaftServer (ConfUtils.java:logGet(46)) - raft.rpc.type = GRPC (default)
2023-03-15 05:44:33,483 [Listener at 127.0.0.1/39193] INFO  grpc.GrpcConfigKeys (ConfUtils.java:logFallback(53)) - raft.grpc.admin.host = null (fallback to raft.grpc.server.host)
2023-03-15 05:44:33,483 [Listener at 127.0.0.1/39193] INFO  grpc.GrpcConfigKeys (ConfUtils.java:logGet(46)) - raft.grpc.admin.port = 0 (custom)
2023-03-15 05:44:33,483 [Listener at 127.0.0.1/39193] INFO  grpc.GrpcConfigKeys (ConfUtils.java:logFallback(53)) - raft.grpc.client.host = null (fallback to raft.grpc.server.host)
2023-03-15 05:44:33,483 [Listener at 127.0.0.1/39193] INFO  grpc.GrpcConfigKeys (ConfUtils.java:logGet(46)) - raft.grpc.client.port = 0 (custom)
2023-03-15 05:44:33,483 [Listener at 127.0.0.1/39193] INFO  grpc.GrpcConfigKeys (ConfUtils.java:logGet(46)) - raft.grpc.server.host = null (default)
2023-03-15 05:44:33,484 [Listener at 127.0.0.1/39193] INFO  grpc.GrpcConfigKeys (ConfUtils.java:logGet(46)) - raft.grpc.server.port = 0 (default)
2023-03-15 05:44:33,484 [Listener at 127.0.0.1/39193] INFO  server.GrpcService (ConfUtils.java:logGet(46)) - raft.grpc.message.size.max = 32MB (=33554432) (custom)
2023-03-15 05:44:33,484 [Listener at 127.0.0.1/39193] INFO  server.RaftServerConfigKeys (ConfUtils.java:logGet(46)) - raft.server.log.appender.buffer.byte-limit = 33554432 (custom)
2023-03-15 05:44:33,484 [Listener at 127.0.0.1/39193] INFO  server.GrpcService (ConfUtils.java:logGet(46)) - raft.grpc.flow.control.window = 5MB (=5242880) (custom)
2023-03-15 05:44:33,484 [Listener at 127.0.0.1/39193] INFO  server.RaftServerConfigKeys (ConfUtils.java:logGet(46)) - raft.server.rpc.request.timeout = 60s (custom)
2023-03-15 05:44:33,484 [Listener at 127.0.0.1/39193] INFO  grpc.GrpcConfigKeys (ConfUtils.java:logGet(46)) - raft.grpc.server.heartbeat.channel = true (default)
2023-03-15 05:44:33,484 [Listener at 127.0.0.1/39193] INFO  grpc.GrpcConfigKeys (ConfUtils.java:logGet(46)) - raft.grpc.server.async.request.thread.pool.cached = true (default)
2023-03-15 05:44:33,484 [Listener at 127.0.0.1/39193] INFO  grpc.GrpcConfigKeys (ConfUtils.java:logGet(46)) - raft.grpc.server.async.request.thread.pool.size = 32 (default)
2023-03-15 05:44:33,485 [Listener at 127.0.0.1/39193] INFO  impl.DataStreamServerImpl (ConfUtils.java:logGet(46)) - raft.datastream.type = NETTY (custom)
2023-03-15 05:44:33,486 [Listener at 127.0.0.1/39193] INFO  server.RaftServerConfigKeys (ConfUtils.java:logGet(46)) - raft.server.data-stream.async.request.thread.pool.cached = false (default)
2023-03-15 05:44:33,486 [Listener at 127.0.0.1/39193] INFO  server.RaftServerConfigKeys (ConfUtils.java:logGet(46)) - raft.server.data-stream.async.request.thread.pool.size = 20 (custom)
2023-03-15 05:44:33,486 [Listener at 127.0.0.1/39193] INFO  server.RaftServerConfigKeys (ConfUtils.java:logGet(46)) - raft.server.data-stream.async.write.thread.pool.size = 16 (default)
2023-03-15 05:44:33,486 [Listener at 127.0.0.1/39193] INFO  server.RaftServerConfigKeys (ConfUtils.java:logGet(46)) - raft.server.data-stream.client.pool.size = 10 (default)
2023-03-15 05:44:33,486 [Listener at 127.0.0.1/39193] INFO  netty.NettyConfigKeys$DataStream (ConfUtils.java:logGet(46)) - raft.netty.dataStream.server.use-epoll = false (default)
2023-03-15 05:44:33,486 [Listener at 127.0.0.1/39193] INFO  netty.NettyConfigKeys$DataStream (ConfUtils.java:logGet(46)) - raft.netty.dataStream.server.boss-group.size = 0 (default)
2023-03-15 05:44:33,486 [Listener at 127.0.0.1/39193] INFO  netty.NettyConfigKeys$DataStream (ConfUtils.java:logGet(46)) - raft.netty.dataStream.server.worker-group.size = 0 (default)
2023-03-15 05:44:33,487 [Listener at 127.0.0.1/39193] INFO  netty.NettyConfigKeys$DataStream (ConfUtils.java:logGet(46)) - raft.netty.dataStream.server.tls.conf = null (default)
2023-03-15 05:44:33,487 [Listener at 127.0.0.1/39193] INFO  netty.NettyConfigKeys$DataStream (ConfUtils.java:logGet(46)) - raft.netty.dataStream.host = null (default)
2023-03-15 05:44:33,487 [Listener at 127.0.0.1/39193] INFO  netty.NettyConfigKeys$DataStream (ConfUtils.java:logGet(46)) - raft.netty.dataStream.port = 0 (default)
2023-03-15 05:44:33,487 [Listener at 127.0.0.1/39193] INFO  server.RaftServerConfigKeys (ConfUtils.java:logGet(46)) - raft.server.threadpool.proxy.cached = true (default)
2023-03-15 05:44:33,487 [Listener at 127.0.0.1/39193] INFO  server.RaftServerConfigKeys (ConfUtils.java:logGet(46)) - raft.server.threadpool.proxy.size = 0 (default)
2023-03-15 05:44:33,488 [Listener at 127.0.0.1/39193] INFO  server.RaftServerConfigKeys (ConfUtils.java:logGet(46)) - raft.server.rpc.slowness.timeout = 300s (custom)
2023-03-15 05:44:33,488 [Listener at 127.0.0.1/39193] INFO  server.RaftServerConfigKeys (ConfUtils.java:logGet(46)) - raft.server.leaderelection.leader.step-down.wait-time = 10s (default)
2023-03-15 05:44:33,488 [Listener at 127.0.0.1/39193] INFO  server.RaftServerConfigKeys (ConfUtils.java:logGet(46)) - raft.server.storage.dir = [/home/runner/work/ozone/ozone/hadoop-ozone/integration-test/target/test-dir/MiniOzoneClusterImpl-f3f3c3ea-d6fe-44d8-a21f-130fd89482f1/datanode-0/data/ratis] (custom)
2023-03-15 05:44:33,489 [21006111-8cd4-4582-9969-7940c2dbc712-NettyServerStreamRpc-bossGroup--thread1] INFO  logging.LoggingHandler (AbstractInternalLogger.java:log(148)) - [id: 0xb5e5184c] REGISTERED
2023-03-15 05:44:33,489 [21006111-8cd4-4582-9969-7940c2dbc712-NettyServerStreamRpc-bossGroup--thread1] INFO  logging.LoggingHandler (AbstractInternalLogger.java:log(148)) - [id: 0xb5e5184c] BIND: 0.0.0.0/0.0.0.0:0
2023-03-15 05:44:33,489 [21006111-8cd4-4582-9969-7940c2dbc712-NettyServerStreamRpc-bossGroup--thread1] INFO  logging.LoggingHandler (AbstractInternalLogger.java:log(148)) - [id: 0xb5e5184c, L:/0:0:0:0:0:0:0:0:39239] ACTIVE
2023-03-15 05:44:33,490 [Listener at 127.0.0.1/39193] INFO  server.XceiverServerGrpc (XceiverServerGrpc.java:<init>(132)) - GrpcServer channel type EpollServerSocketChannel
2023-03-15 05:44:33,495 [Listener at 127.0.0.1/39193] INFO  http.BaseHttpServer (BaseHttpServer.java:newHttpServer2BuilderForOzone(224)) - Starting Web-server for hddsDatanode at: http://0.0.0.0:0
2023-03-15 05:44:33,495 [Listener at 127.0.0.1/39193] INFO  http.BaseHttpServer (BaseHttpServer.java:<init>(111)) - Hadoop Security Enabled: false Ozone Security Enabled: false Ozone HTTP Security Enabled: false 
2023-03-15 05:44:33,496 [Listener at 127.0.0.1/39193] WARN  server.AuthenticationFilter (AuthenticationFilter.java:constructSecretProvider(240)) - Unable to initialize FileSignerSecretProvider, falling back to use random secrets. Reason: Could not read signature secret file: /home/runner/hadoop-http-auth-signature-secret
2023-03-15 05:44:33,497 [Listener at 127.0.0.1/39193] WARN  http.HttpRequestLog (HttpRequestLog.java:getRequestLog(103)) - Jetty request log can only be enabled using Log4j
2023-03-15 05:44:33,498 [Listener at 127.0.0.1/39193] INFO  http.HttpServer2 (HttpServer2.java:addGlobalFilter(1031)) - Added global filter 'safety' (class=org.apache.hadoop.hdds.server.http.HttpServer2$QuotingInputFilter)
2023-03-15 05:44:33,498 [Listener at 127.0.0.1/39193] INFO  http.HttpServer2 (HttpServer2.java:addFilter(1007)) - Added filter static_user_filter (class=org.apache.hadoop.http.lib.StaticUserWebFilter$StaticUserFilter) to context hddsDatanode
2023-03-15 05:44:33,498 [Listener at 127.0.0.1/39193] INFO  http.HttpServer2 (HttpServer2.java:addFilter(1015)) - Added filter static_user_filter (class=org.apache.hadoop.http.lib.StaticUserWebFilter$StaticUserFilter) to context logs
2023-03-15 05:44:33,498 [Listener at 127.0.0.1/39193] INFO  http.HttpServer2 (HttpServer2.java:addFilter(1015)) - Added filter static_user_filter (class=org.apache.hadoop.http.lib.StaticUserWebFilter$StaticUserFilter) to context static
2023-03-15 05:44:33,499 [Listener at 127.0.0.1/39193] INFO  http.BaseHttpServer (BaseHttpServer.java:<init>(190)) - HTTP server of hddsDatanode uses base directory /home/runner/work/ozone/ozone/hadoop-ozone/integration-test/target/test-dir/MiniOzoneClusterImpl-f3f3c3ea-d6fe-44d8-a21f-130fd89482f1/datanode-0/meta/webserver
2023-03-15 05:44:33,499 [Listener at 127.0.0.1/39193] INFO  http.HttpServer2 (HttpServer2.java:bindListener(1250)) - Jetty bound to port 41203
2023-03-15 05:44:33,499 [Listener at 127.0.0.1/39193] INFO  server.Server (Server.java:doStart(375)) - jetty-9.4.49.v20220914; built: 2022-09-14T01:07:36.601Z; git: 4231a3b2e4cb8548a412a789936d640a97b1aa0a; jvm 1.8.0_362-b09
2023-03-15 05:44:33,500 [Listener at 127.0.0.1/39193] INFO  server.session (DefaultSessionIdManager.java:doStart(334)) - DefaultSessionIdManager workerName=node0
2023-03-15 05:44:33,501 [Listener at 127.0.0.1/39193] INFO  server.session (DefaultSessionIdManager.java:doStart(339)) - No SessionScavenger set, using defaults
2023-03-15 05:44:33,501 [Listener at 127.0.0.1/39193] INFO  server.session (HouseKeeper.java:startScavenging(132)) - node0 Scavenging every 600000ms
2023-03-15 05:44:33,501 [Listener at 127.0.0.1/39193] INFO  handler.ContextHandler (ContextHandler.java:doStart(921)) - Started o.e.j.s.ServletContextHandler@649d9c9{logs,/logs,file:///home/runner/work/ozone/ozone/hadoop-ozone/integration-test/target/log,AVAILABLE}
2023-03-15 05:44:33,502 [Listener at 127.0.0.1/39193] INFO  handler.ContextHandler (ContextHandler.java:doStart(921)) - Started o.e.j.s.ServletContextHandler@40d9c121{static,/static,jar:file:/home/runner/.m2/repository/org/apache/ozone/hdds-container-service/1.4.0-SNAPSHOT/hdds-container-service-1.4.0-SNAPSHOT.jar!/webapps/static,AVAILABLE}
2023-03-15 05:44:33,708 [Listener at 127.0.0.1/39193] INFO  handler.ContextHandler (ContextHandler.java:doStart(921)) - Started o.e.j.w.WebAppContext@7a371421{hddsDatanode,/,file:///home/runner/work/ozone/ozone/hadoop-ozone/integration-test/target/test-dir/MiniOzoneClusterImpl-f3f3c3ea-d6fe-44d8-a21f-130fd89482f1/datanode-0/meta/webserver/jetty-0_0_0_0-41203-hdds-container-service-1_4_0-SNAPSHOT_jar-_-any-5256293099544505930/webapp/,AVAILABLE}{jar:file:/home/runner/.m2/repository/org/apache/ozone/hdds-container-service/1.4.0-SNAPSHOT/hdds-container-service-1.4.0-SNAPSHOT.jar!/webapps/hddsDatanode}
2023-03-15 05:44:33,709 [Listener at 127.0.0.1/39193] INFO  server.AbstractConnector (AbstractConnector.java:doStart(333)) - Started ServerConnector@5ff48a61{HTTP/1.1, (http/1.1)}{0.0.0.0:41203}
2023-03-15 05:44:33,710 [Listener at 127.0.0.1/39193] INFO  server.Server (Server.java:doStart(415)) - Started @57388ms
2023-03-15 05:44:33,710 [Listener at 127.0.0.1/39193] WARN  impl.MetricsSystemImpl (MetricsSystemImpl.java:register(279)) - Sink prometheus already exists!
2023-03-15 05:44:33,711 [Listener at 127.0.0.1/39193] INFO  http.BaseHttpServer (BaseHttpServer.java:updateConnectorAddress(344)) - HTTP server of hddsDatanode listening at http://0.0.0.0:41203
2023-03-15 05:44:33,713 [Listener at 127.0.0.1/39193] WARN  impl.MetricRegistriesImpl (MetricRegistriesImpl.java:addReporterRegistration(111)) - New reporters are added after registries were created. Some metrics will be missing from the reporter. Please add reporter before adding any new registry.
2023-03-15 05:44:33,713 [Listener at 127.0.0.1/39193] WARN  impl.MetricRegistriesImpl (MetricRegistriesImpl.java:addReporterRegistration(111)) - New reporters are added after registries were created. Some metrics will be missing from the reporter. Please add reporter before adding any new registry.
2023-03-15 05:44:33,713 [Listener at 127.0.0.1/39193] INFO  impl.MetricsSystemImpl (MetricsSystemImpl.java:init(158)) - HddsDatanode metrics system started (again)
2023-03-15 05:44:33,713 [Datanode State Machine Daemon Thread] INFO  statemachine.DatanodeStateMachine (DatanodeStateMachine.java:lambda$startDaemon$0(517)) - Ozone container server started.
2023-03-15 05:44:33,722 [org.apache.hadoop.util.JvmPauseMonitor$Monitor@39c89bca] INFO  util.JvmPauseMonitor (JvmPauseMonitor.java:run(188)) - Starting JVM pause monitor
2023-03-15 05:44:33,728 [Datanode State Machine Task Thread - 0] INFO  datanode.InitDatanodeState (InitDatanodeState.java:persistContainerDatanodeDetails(138)) - DatanodeDetails is persisted to /home/runner/work/ozone/ozone/hadoop-ozone/integration-test/target/test-dir/MiniOzoneClusterImpl-f3f3c3ea-d6fe-44d8-a21f-130fd89482f1/datanode-0/meta/datanode.id
2023-03-15 05:44:33,729 [Listener at 127.0.0.1/39193] INFO  ozone.HddsDatanodeService (HddsDatanodeService.java:start(229)) - HddsDatanodeService host:fv-az390-885.2udvygdcjcjuphbbpa4zxtqymb.gx.internal.cloudapp.net ip:10.1.0.18
2023-03-15 05:44:33,754 [Listener at 127.0.0.1/39193] INFO  upgrade.AbstractLayoutVersionManager (AbstractLayoutVersionManager.java:init(83)) - Initializing Layout version manager with metadata layout = DATANODE_SCHEMA_V3 (version = 4), software layout = DATANODE_SCHEMA_V3 (version = 4)
2023-03-15 05:44:33,801 [Listener at 127.0.0.1/39193] INFO  reflections.Reflections (Reflections.java:scan(232)) - Reflections took 45 ms to scan 7 urls, producing 155 keys and 368 values 
2023-03-15 05:44:33,802 [Listener at 127.0.0.1/39193] INFO  statemachine.DatanodeStateMachine (DatanodeStateMachine.java:getEndPointTaskThreadPoolSize(260)) - Datanode State Machine Task Thread Pool size 2
2023-03-15 05:44:33,804 [Listener at 127.0.0.1/39193] INFO  volume.HddsVolume (HddsVolume.java:<init>(122)) - Creating HddsVolume: /home/runner/work/ozone/ozone/hadoop-ozone/integration-test/target/test-dir/MiniOzoneClusterImpl-f3f3c3ea-d6fe-44d8-a21f-130fd89482f1/datanode-1/data-0/containers/hdds of storage type : DISK capacity : 9223372036854775807
2023-03-15 05:44:33,804 [Listener at 127.0.0.1/39193] INFO  volume.MutableVolumeSet (MutableVolumeSet.java:initializeVolumeSet(174)) - Added Volume : /home/runner/work/ozone/ozone/hadoop-ozone/integration-test/target/test-dir/MiniOzoneClusterImpl-f3f3c3ea-d6fe-44d8-a21f-130fd89482f1/datanode-1/data-0/containers/hdds to VolumeSet
2023-03-15 05:44:33,805 [Listener at 127.0.0.1/39193] INFO  volume.ThrottledAsyncChecker (ThrottledAsyncChecker.java:schedule(141)) - Scheduling a check for /home/runner/work/ozone/ozone/hadoop-ozone/integration-test/target/test-dir/MiniOzoneClusterImpl-f3f3c3ea-d6fe-44d8-a21f-130fd89482f1/datanode-1/data-0/containers/hdds
2023-03-15 05:44:33,805 [Listener at 127.0.0.1/39193] INFO  volume.StorageVolumeChecker (StorageVolumeChecker.java:checkAllVolumes(202)) - Scheduled health check for volume /home/runner/work/ozone/ozone/hadoop-ozone/integration-test/target/test-dir/MiniOzoneClusterImpl-f3f3c3ea-d6fe-44d8-a21f-130fd89482f1/datanode-1/data-0/containers/hdds
2023-03-15 05:44:33,816 [Listener at 127.0.0.1/39193] INFO  volume.MutableVolumeSet (MutableVolumeSet.java:initializeVolumeSet(174)) - Added Volume : /home/runner/work/ozone/ozone/hadoop-ozone/integration-test/target/test-dir/MiniOzoneClusterImpl-f3f3c3ea-d6fe-44d8-a21f-130fd89482f1/datanode-1/data/ratis to VolumeSet
2023-03-15 05:44:33,817 [Listener at 127.0.0.1/39193] INFO  volume.ThrottledAsyncChecker (ThrottledAsyncChecker.java:schedule(141)) - Scheduling a check for /home/runner/work/ozone/ozone/hadoop-ozone/integration-test/target/test-dir/MiniOzoneClusterImpl-f3f3c3ea-d6fe-44d8-a21f-130fd89482f1/datanode-1/data/ratis
2023-03-15 05:44:33,817 [Listener at 127.0.0.1/39193] INFO  volume.StorageVolumeChecker (StorageVolumeChecker.java:checkAllVolumes(202)) - Scheduled health check for volume /home/runner/work/ozone/ozone/hadoop-ozone/integration-test/target/test-dir/MiniOzoneClusterImpl-f3f3c3ea-d6fe-44d8-a21f-130fd89482f1/datanode-1/data/ratis
2023-03-15 05:44:33,828 [Thread-645] INFO  ozoneimpl.ContainerReader (ContainerReader.java:readVolume(175)) - Finish verifying containers on volume /home/runner/work/ozone/ozone/hadoop-ozone/integration-test/target/test-dir/MiniOzoneClusterImpl-f3f3c3ea-d6fe-44d8-a21f-130fd89482f1/datanode-1/data-0/containers/hdds
2023-03-15 05:44:33,828 [Listener at 127.0.0.1/39193] INFO  ozoneimpl.OzoneContainer (OzoneContainer.java:buildContainerSet(307)) - Build ContainerSet costs 0s
2023-03-15 05:44:33,830 [Listener at 127.0.0.1/39193] INFO  server.RaftServer (ConfUtils.java:logGet(46)) - raft.rpc.type = GRPC (default)
2023-03-15 05:44:33,830 [Listener at 127.0.0.1/39193] INFO  grpc.GrpcConfigKeys (ConfUtils.java:logFallback(53)) - raft.grpc.admin.host = null (fallback to raft.grpc.server.host)
2023-03-15 05:44:33,830 [Listener at 127.0.0.1/39193] INFO  grpc.GrpcConfigKeys (ConfUtils.java:logGet(46)) - raft.grpc.admin.port = 0 (custom)
2023-03-15 05:44:33,830 [Listener at 127.0.0.1/39193] INFO  grpc.GrpcConfigKeys (ConfUtils.java:logFallback(53)) - raft.grpc.client.host = null (fallback to raft.grpc.server.host)
2023-03-15 05:44:33,830 [Listener at 127.0.0.1/39193] INFO  grpc.GrpcConfigKeys (ConfUtils.java:logGet(46)) - raft.grpc.client.port = 0 (custom)
2023-03-15 05:44:33,831 [Listener at 127.0.0.1/39193] INFO  grpc.GrpcConfigKeys (ConfUtils.java:logGet(46)) - raft.grpc.server.host = null (default)
2023-03-15 05:44:33,831 [Listener at 127.0.0.1/39193] INFO  grpc.GrpcConfigKeys (ConfUtils.java:logGet(46)) - raft.grpc.server.port = 0 (default)
2023-03-15 05:44:33,831 [Listener at 127.0.0.1/39193] INFO  server.GrpcService (ConfUtils.java:logGet(46)) - raft.grpc.message.size.max = 32MB (=33554432) (custom)
2023-03-15 05:44:33,831 [Listener at 127.0.0.1/39193] INFO  server.RaftServerConfigKeys (ConfUtils.java:logGet(46)) - raft.server.log.appender.buffer.byte-limit = 33554432 (custom)
2023-03-15 05:44:33,831 [Listener at 127.0.0.1/39193] INFO  server.GrpcService (ConfUtils.java:logGet(46)) - raft.grpc.flow.control.window = 5MB (=5242880) (custom)
2023-03-15 05:44:33,831 [Listener at 127.0.0.1/39193] INFO  server.RaftServerConfigKeys (ConfUtils.java:logGet(46)) - raft.server.rpc.request.timeout = 60s (custom)
2023-03-15 05:44:33,831 [Listener at 127.0.0.1/39193] INFO  grpc.GrpcConfigKeys (ConfUtils.java:logGet(46)) - raft.grpc.server.heartbeat.channel = true (default)
2023-03-15 05:44:33,831 [Listener at 127.0.0.1/39193] INFO  grpc.GrpcConfigKeys (ConfUtils.java:logGet(46)) - raft.grpc.server.async.request.thread.pool.cached = true (default)
2023-03-15 05:44:33,831 [Listener at 127.0.0.1/39193] INFO  grpc.GrpcConfigKeys (ConfUtils.java:logGet(46)) - raft.grpc.server.async.request.thread.pool.size = 32 (default)
2023-03-15 05:44:33,832 [Listener at 127.0.0.1/39193] INFO  impl.DataStreamServerImpl (ConfUtils.java:logGet(46)) - raft.datastream.type = NETTY (custom)
2023-03-15 05:44:33,832 [Listener at 127.0.0.1/39193] INFO  server.RaftServerConfigKeys (ConfUtils.java:logGet(46)) - raft.server.data-stream.async.request.thread.pool.cached = false (default)
2023-03-15 05:44:33,833 [Listener at 127.0.0.1/39193] INFO  server.RaftServerConfigKeys (ConfUtils.java:logGet(46)) - raft.server.data-stream.async.request.thread.pool.size = 20 (custom)
2023-03-15 05:44:33,833 [Listener at 127.0.0.1/39193] INFO  server.RaftServerConfigKeys (ConfUtils.java:logGet(46)) - raft.server.data-stream.async.write.thread.pool.size = 16 (default)
2023-03-15 05:44:33,833 [Listener at 127.0.0.1/39193] INFO  server.RaftServerConfigKeys (ConfUtils.java:logGet(46)) - raft.server.data-stream.client.pool.size = 10 (default)
2023-03-15 05:44:33,833 [Listener at 127.0.0.1/39193] INFO  netty.NettyConfigKeys$DataStream (ConfUtils.java:logGet(46)) - raft.netty.dataStream.server.use-epoll = false (default)
2023-03-15 05:44:33,833 [Listener at 127.0.0.1/39193] INFO  netty.NettyConfigKeys$DataStream (ConfUtils.java:logGet(46)) - raft.netty.dataStream.server.boss-group.size = 0 (default)
2023-03-15 05:44:33,833 [Listener at 127.0.0.1/39193] INFO  netty.NettyConfigKeys$DataStream (ConfUtils.java:logGet(46)) - raft.netty.dataStream.server.worker-group.size = 0 (default)
2023-03-15 05:44:33,833 [Listener at 127.0.0.1/39193] INFO  netty.NettyConfigKeys$DataStream (ConfUtils.java:logGet(46)) - raft.netty.dataStream.server.tls.conf = null (default)
2023-03-15 05:44:33,834 [Listener at 127.0.0.1/39193] INFO  netty.NettyConfigKeys$DataStream (ConfUtils.java:logGet(46)) - raft.netty.dataStream.host = null (default)
2023-03-15 05:44:33,834 [Listener at 127.0.0.1/39193] INFO  netty.NettyConfigKeys$DataStream (ConfUtils.java:logGet(46)) - raft.netty.dataStream.port = 0 (default)
2023-03-15 05:44:33,834 [Listener at 127.0.0.1/39193] INFO  server.RaftServerConfigKeys (ConfUtils.java:logGet(46)) - raft.server.threadpool.proxy.cached = true (default)
2023-03-15 05:44:33,834 [Listener at 127.0.0.1/39193] INFO  server.RaftServerConfigKeys (ConfUtils.java:logGet(46)) - raft.server.threadpool.proxy.size = 0 (default)
2023-03-15 05:44:33,834 [Listener at 127.0.0.1/39193] INFO  server.RaftServerConfigKeys (ConfUtils.java:logGet(46)) - raft.server.rpc.slowness.timeout = 300s (custom)
2023-03-15 05:44:33,834 [Listener at 127.0.0.1/39193] INFO  server.RaftServerConfigKeys (ConfUtils.java:logGet(46)) - raft.server.leaderelection.leader.step-down.wait-time = 10s (default)
2023-03-15 05:44:33,834 [Listener at 127.0.0.1/39193] INFO  server.RaftServerConfigKeys (ConfUtils.java:logGet(46)) - raft.server.storage.dir = [/home/runner/work/ozone/ozone/hadoop-ozone/integration-test/target/test-dir/MiniOzoneClusterImpl-f3f3c3ea-d6fe-44d8-a21f-130fd89482f1/datanode-1/data/ratis] (custom)
2023-03-15 05:44:33,839 [0abd910a-099e-433f-90a2-1c025d1dc7f3-NettyServerStreamRpc-bossGroup--thread1] INFO  logging.LoggingHandler (AbstractInternalLogger.java:log(148)) - [id: 0xb724a8b7] REGISTERED
2023-03-15 05:44:33,839 [0abd910a-099e-433f-90a2-1c025d1dc7f3-NettyServerStreamRpc-bossGroup--thread1] INFO  logging.LoggingHandler (AbstractInternalLogger.java:log(148)) - [id: 0xb724a8b7] BIND: 0.0.0.0/0.0.0.0:0
2023-03-15 05:44:33,839 [0abd910a-099e-433f-90a2-1c025d1dc7f3-NettyServerStreamRpc-bossGroup--thread1] INFO  logging.LoggingHandler (AbstractInternalLogger.java:log(148)) - [id: 0xb724a8b7, L:/0:0:0:0:0:0:0:0:36347] ACTIVE
2023-03-15 05:44:33,840 [Listener at 127.0.0.1/39193] INFO  server.XceiverServerGrpc (XceiverServerGrpc.java:<init>(132)) - GrpcServer channel type EpollServerSocketChannel
2023-03-15 05:44:33,843 [Listener at 127.0.0.1/39193] INFO  http.BaseHttpServer (BaseHttpServer.java:newHttpServer2BuilderForOzone(224)) - Starting Web-server for hddsDatanode at: http://0.0.0.0:0
2023-03-15 05:44:33,843 [Listener at 127.0.0.1/39193] INFO  http.BaseHttpServer (BaseHttpServer.java:<init>(111)) - Hadoop Security Enabled: false Ozone Security Enabled: false Ozone HTTP Security Enabled: false 
2023-03-15 05:44:33,844 [Listener at 127.0.0.1/39193] WARN  server.AuthenticationFilter (AuthenticationFilter.java:constructSecretProvider(240)) - Unable to initialize FileSignerSecretProvider, falling back to use random secrets. Reason: Could not read signature secret file: /home/runner/hadoop-http-auth-signature-secret
2023-03-15 05:44:33,845 [Listener at 127.0.0.1/39193] WARN  http.HttpRequestLog (HttpRequestLog.java:getRequestLog(103)) - Jetty request log can only be enabled using Log4j
2023-03-15 05:44:33,846 [Listener at 127.0.0.1/39193] INFO  http.HttpServer2 (HttpServer2.java:addGlobalFilter(1031)) - Added global filter 'safety' (class=org.apache.hadoop.hdds.server.http.HttpServer2$QuotingInputFilter)
2023-03-15 05:44:33,846 [Listener at 127.0.0.1/39193] INFO  http.HttpServer2 (HttpServer2.java:addFilter(1007)) - Added filter static_user_filter (class=org.apache.hadoop.http.lib.StaticUserWebFilter$StaticUserFilter) to context hddsDatanode
2023-03-15 05:44:33,846 [Listener at 127.0.0.1/39193] INFO  http.HttpServer2 (HttpServer2.java:addFilter(1015)) - Added filter static_user_filter (class=org.apache.hadoop.http.lib.StaticUserWebFilter$StaticUserFilter) to context logs
2023-03-15 05:44:33,847 [Listener at 127.0.0.1/39193] INFO  http.HttpServer2 (HttpServer2.java:addFilter(1015)) - Added filter static_user_filter (class=org.apache.hadoop.http.lib.StaticUserWebFilter$StaticUserFilter) to context static
2023-03-15 05:44:33,847 [Listener at 127.0.0.1/39193] INFO  http.BaseHttpServer (BaseHttpServer.java:<init>(190)) - HTTP server of hddsDatanode uses base directory /home/runner/work/ozone/ozone/hadoop-ozone/integration-test/target/test-dir/MiniOzoneClusterImpl-f3f3c3ea-d6fe-44d8-a21f-130fd89482f1/datanode-1/meta/webserver
2023-03-15 05:44:33,847 [Listener at 127.0.0.1/39193] INFO  http.HttpServer2 (HttpServer2.java:bindListener(1250)) - Jetty bound to port 44875
2023-03-15 05:44:33,847 [Listener at 127.0.0.1/39193] INFO  server.Server (Server.java:doStart(375)) - jetty-9.4.49.v20220914; built: 2022-09-14T01:07:36.601Z; git: 4231a3b2e4cb8548a412a789936d640a97b1aa0a; jvm 1.8.0_362-b09
2023-03-15 05:44:33,849 [Listener at 127.0.0.1/39193] INFO  server.session (DefaultSessionIdManager.java:doStart(334)) - DefaultSessionIdManager workerName=node0
2023-03-15 05:44:33,849 [Listener at 127.0.0.1/39193] INFO  server.session (DefaultSessionIdManager.java:doStart(339)) - No SessionScavenger set, using defaults
2023-03-15 05:44:33,849 [Listener at 127.0.0.1/39193] INFO  server.session (HouseKeeper.java:startScavenging(132)) - node0 Scavenging every 600000ms
2023-03-15 05:44:33,850 [Listener at 127.0.0.1/39193] INFO  handler.ContextHandler (ContextHandler.java:doStart(921)) - Started o.e.j.s.ServletContextHandler@1618e7d3{logs,/logs,file:///home/runner/work/ozone/ozone/hadoop-ozone/integration-test/target/log,AVAILABLE}
2023-03-15 05:44:33,850 [Listener at 127.0.0.1/39193] INFO  handler.ContextHandler (ContextHandler.java:doStart(921)) - Started o.e.j.s.ServletContextHandler@7032e80e{static,/static,jar:file:/home/runner/.m2/repository/org/apache/ozone/hdds-container-service/1.4.0-SNAPSHOT/hdds-container-service-1.4.0-SNAPSHOT.jar!/webapps/static,AVAILABLE}
2023-03-15 05:44:34,049 [Listener at 127.0.0.1/39193] INFO  handler.ContextHandler (ContextHandler.java:doStart(921)) - Started o.e.j.w.WebAppContext@2d703e51{hddsDatanode,/,file:///home/runner/work/ozone/ozone/hadoop-ozone/integration-test/target/test-dir/MiniOzoneClusterImpl-f3f3c3ea-d6fe-44d8-a21f-130fd89482f1/datanode-1/meta/webserver/jetty-0_0_0_0-44875-hdds-container-service-1_4_0-SNAPSHOT_jar-_-any-5921255182076350823/webapp/,AVAILABLE}{jar:file:/home/runner/.m2/repository/org/apache/ozone/hdds-container-service/1.4.0-SNAPSHOT/hdds-container-service-1.4.0-SNAPSHOT.jar!/webapps/hddsDatanode}
2023-03-15 05:44:34,050 [Listener at 127.0.0.1/39193] INFO  server.AbstractConnector (AbstractConnector.java:doStart(333)) - Started ServerConnector@70c28772{HTTP/1.1, (http/1.1)}{0.0.0.0:44875}
2023-03-15 05:44:34,050 [Listener at 127.0.0.1/39193] INFO  server.Server (Server.java:doStart(415)) - Started @57728ms
2023-03-15 05:44:34,050 [Listener at 127.0.0.1/39193] WARN  impl.MetricsSystemImpl (MetricsSystemImpl.java:register(279)) - Sink prometheus already exists!
2023-03-15 05:44:34,051 [Listener at 127.0.0.1/39193] INFO  http.BaseHttpServer (BaseHttpServer.java:updateConnectorAddress(344)) - HTTP server of hddsDatanode listening at http://0.0.0.0:44875
2023-03-15 05:44:34,052 [Datanode State Machine Daemon Thread] INFO  statemachine.DatanodeStateMachine (DatanodeStateMachine.java:lambda$startDaemon$0(517)) - Ozone container server started.
2023-03-15 05:44:34,052 [Listener at 127.0.0.1/39193] WARN  impl.MetricRegistriesImpl (MetricRegistriesImpl.java:addReporterRegistration(111)) - New reporters are added after registries were created. Some metrics will be missing from the reporter. Please add reporter before adding any new registry.
2023-03-15 05:44:34,053 [Listener at 127.0.0.1/39193] WARN  impl.MetricRegistriesImpl (MetricRegistriesImpl.java:addReporterRegistration(111)) - New reporters are added after registries were created. Some metrics will be missing from the reporter. Please add reporter before adding any new registry.
2023-03-15 05:44:34,053 [Listener at 127.0.0.1/39193] INFO  impl.MetricsSystemImpl (MetricsSystemImpl.java:init(158)) - HddsDatanode metrics system started (again)
2023-03-15 05:44:34,064 [Listener at 127.0.0.1/39193] INFO  ozone.HddsDatanodeService (HddsDatanodeService.java:start(229)) - HddsDatanodeService host:fv-az390-885.2udvygdcjcjuphbbpa4zxtqymb.gx.internal.cloudapp.net ip:10.1.0.18
2023-03-15 05:44:34,065 [org.apache.hadoop.util.JvmPauseMonitor$Monitor@7453b8f8] INFO  util.JvmPauseMonitor (JvmPauseMonitor.java:run(188)) - Starting JVM pause monitor
2023-03-15 05:44:34,068 [Datanode State Machine Task Thread - 0] INFO  datanode.InitDatanodeState (InitDatanodeState.java:persistContainerDatanodeDetails(138)) - DatanodeDetails is persisted to /home/runner/work/ozone/ozone/hadoop-ozone/integration-test/target/test-dir/MiniOzoneClusterImpl-f3f3c3ea-d6fe-44d8-a21f-130fd89482f1/datanode-1/meta/datanode.id
2023-03-15 05:44:34,084 [Listener at 127.0.0.1/39193] INFO  upgrade.AbstractLayoutVersionManager (AbstractLayoutVersionManager.java:init(83)) - Initializing Layout version manager with metadata layout = DATANODE_SCHEMA_V3 (version = 4), software layout = DATANODE_SCHEMA_V3 (version = 4)
2023-03-15 05:44:34,130 [Listener at 127.0.0.1/39193] INFO  reflections.Reflections (Reflections.java:scan(232)) - Reflections took 45 ms to scan 7 urls, producing 155 keys and 368 values 
2023-03-15 05:44:34,131 [Listener at 127.0.0.1/39193] INFO  statemachine.DatanodeStateMachine (DatanodeStateMachine.java:getEndPointTaskThreadPoolSize(260)) - Datanode State Machine Task Thread Pool size 2
2023-03-15 05:44:34,132 [Listener at 127.0.0.1/39193] INFO  volume.HddsVolume (HddsVolume.java:<init>(122)) - Creating HddsVolume: /home/runner/work/ozone/ozone/hadoop-ozone/integration-test/target/test-dir/MiniOzoneClusterImpl-f3f3c3ea-d6fe-44d8-a21f-130fd89482f1/datanode-2/data-0/containers/hdds of storage type : DISK capacity : 9223372036854775807
2023-03-15 05:44:34,133 [Listener at 127.0.0.1/39193] INFO  volume.MutableVolumeSet (MutableVolumeSet.java:initializeVolumeSet(174)) - Added Volume : /home/runner/work/ozone/ozone/hadoop-ozone/integration-test/target/test-dir/MiniOzoneClusterImpl-f3f3c3ea-d6fe-44d8-a21f-130fd89482f1/datanode-2/data-0/containers/hdds to VolumeSet
2023-03-15 05:44:34,133 [Listener at 127.0.0.1/39193] INFO  volume.ThrottledAsyncChecker (ThrottledAsyncChecker.java:schedule(141)) - Scheduling a check for /home/runner/work/ozone/ozone/hadoop-ozone/integration-test/target/test-dir/MiniOzoneClusterImpl-f3f3c3ea-d6fe-44d8-a21f-130fd89482f1/datanode-2/data-0/containers/hdds
2023-03-15 05:44:34,133 [Listener at 127.0.0.1/39193] INFO  volume.StorageVolumeChecker (StorageVolumeChecker.java:checkAllVolumes(202)) - Scheduled health check for volume /home/runner/work/ozone/ozone/hadoop-ozone/integration-test/target/test-dir/MiniOzoneClusterImpl-f3f3c3ea-d6fe-44d8-a21f-130fd89482f1/datanode-2/data-0/containers/hdds
2023-03-15 05:44:34,145 [Listener at 127.0.0.1/39193] INFO  volume.MutableVolumeSet (MutableVolumeSet.java:initializeVolumeSet(174)) - Added Volume : /home/runner/work/ozone/ozone/hadoop-ozone/integration-test/target/test-dir/MiniOzoneClusterImpl-f3f3c3ea-d6fe-44d8-a21f-130fd89482f1/datanode-2/data/ratis to VolumeSet
2023-03-15 05:44:34,145 [Listener at 127.0.0.1/39193] INFO  volume.ThrottledAsyncChecker (ThrottledAsyncChecker.java:schedule(141)) - Scheduling a check for /home/runner/work/ozone/ozone/hadoop-ozone/integration-test/target/test-dir/MiniOzoneClusterImpl-f3f3c3ea-d6fe-44d8-a21f-130fd89482f1/datanode-2/data/ratis
2023-03-15 05:44:34,145 [Listener at 127.0.0.1/39193] INFO  volume.StorageVolumeChecker (StorageVolumeChecker.java:checkAllVolumes(202)) - Scheduled health check for volume /home/runner/work/ozone/ozone/hadoop-ozone/integration-test/target/test-dir/MiniOzoneClusterImpl-f3f3c3ea-d6fe-44d8-a21f-130fd89482f1/datanode-2/data/ratis
2023-03-15 05:44:34,158 [Thread-659] INFO  ozoneimpl.ContainerReader (ContainerReader.java:readVolume(175)) - Finish verifying containers on volume /home/runner/work/ozone/ozone/hadoop-ozone/integration-test/target/test-dir/MiniOzoneClusterImpl-f3f3c3ea-d6fe-44d8-a21f-130fd89482f1/datanode-2/data-0/containers/hdds
2023-03-15 05:44:34,158 [Listener at 127.0.0.1/39193] INFO  ozoneimpl.OzoneContainer (OzoneContainer.java:buildContainerSet(307)) - Build ContainerSet costs 0s
2023-03-15 05:44:34,160 [Listener at 127.0.0.1/39193] INFO  server.RaftServer (ConfUtils.java:logGet(46)) - raft.rpc.type = GRPC (default)
2023-03-15 05:44:34,160 [Listener at 127.0.0.1/39193] INFO  grpc.GrpcConfigKeys (ConfUtils.java:logFallback(53)) - raft.grpc.admin.host = null (fallback to raft.grpc.server.host)
2023-03-15 05:44:34,160 [Listener at 127.0.0.1/39193] INFO  grpc.GrpcConfigKeys (ConfUtils.java:logGet(46)) - raft.grpc.admin.port = 0 (custom)
2023-03-15 05:44:34,160 [Listener at 127.0.0.1/39193] INFO  grpc.GrpcConfigKeys (ConfUtils.java:logFallback(53)) - raft.grpc.client.host = null (fallback to raft.grpc.server.host)
2023-03-15 05:44:34,161 [Listener at 127.0.0.1/39193] INFO  grpc.GrpcConfigKeys (ConfUtils.java:logGet(46)) - raft.grpc.client.port = 0 (custom)
2023-03-15 05:44:34,161 [Listener at 127.0.0.1/39193] INFO  grpc.GrpcConfigKeys (ConfUtils.java:logGet(46)) - raft.grpc.server.host = null (default)
2023-03-15 05:44:34,161 [Listener at 127.0.0.1/39193] INFO  grpc.GrpcConfigKeys (ConfUtils.java:logGet(46)) - raft.grpc.server.port = 0 (default)
2023-03-15 05:44:34,161 [Listener at 127.0.0.1/39193] INFO  server.GrpcService (ConfUtils.java:logGet(46)) - raft.grpc.message.size.max = 32MB (=33554432) (custom)
2023-03-15 05:44:34,161 [Listener at 127.0.0.1/39193] INFO  server.RaftServerConfigKeys (ConfUtils.java:logGet(46)) - raft.server.log.appender.buffer.byte-limit = 33554432 (custom)
2023-03-15 05:44:34,161 [Listener at 127.0.0.1/39193] INFO  server.GrpcService (ConfUtils.java:logGet(46)) - raft.grpc.flow.control.window = 5MB (=5242880) (custom)
2023-03-15 05:44:34,161 [Listener at 127.0.0.1/39193] INFO  server.RaftServerConfigKeys (ConfUtils.java:logGet(46)) - raft.server.rpc.request.timeout = 60s (custom)
2023-03-15 05:44:34,161 [Listener at 127.0.0.1/39193] INFO  grpc.GrpcConfigKeys (ConfUtils.java:logGet(46)) - raft.grpc.server.heartbeat.channel = true (default)
2023-03-15 05:44:34,161 [Listener at 127.0.0.1/39193] INFO  grpc.GrpcConfigKeys (ConfUtils.java:logGet(46)) - raft.grpc.server.async.request.thread.pool.cached = true (default)
2023-03-15 05:44:34,161 [Listener at 127.0.0.1/39193] INFO  grpc.GrpcConfigKeys (ConfUtils.java:logGet(46)) - raft.grpc.server.async.request.thread.pool.size = 32 (default)
2023-03-15 05:44:34,162 [Listener at 127.0.0.1/39193] INFO  impl.DataStreamServerImpl (ConfUtils.java:logGet(46)) - raft.datastream.type = NETTY (custom)
2023-03-15 05:44:34,163 [Listener at 127.0.0.1/39193] INFO  server.RaftServerConfigKeys (ConfUtils.java:logGet(46)) - raft.server.data-stream.async.request.thread.pool.cached = false (default)
2023-03-15 05:44:34,163 [Listener at 127.0.0.1/39193] INFO  server.RaftServerConfigKeys (ConfUtils.java:logGet(46)) - raft.server.data-stream.async.request.thread.pool.size = 20 (custom)
2023-03-15 05:44:34,163 [Listener at 127.0.0.1/39193] INFO  server.RaftServerConfigKeys (ConfUtils.java:logGet(46)) - raft.server.data-stream.async.write.thread.pool.size = 16 (default)
2023-03-15 05:44:34,163 [Listener at 127.0.0.1/39193] INFO  server.RaftServerConfigKeys (ConfUtils.java:logGet(46)) - raft.server.data-stream.client.pool.size = 10 (default)
2023-03-15 05:44:34,163 [Listener at 127.0.0.1/39193] INFO  netty.NettyConfigKeys$DataStream (ConfUtils.java:logGet(46)) - raft.netty.dataStream.server.use-epoll = false (default)
2023-03-15 05:44:34,163 [Listener at 127.0.0.1/39193] INFO  netty.NettyConfigKeys$DataStream (ConfUtils.java:logGet(46)) - raft.netty.dataStream.server.boss-group.size = 0 (default)
2023-03-15 05:44:34,163 [Listener at 127.0.0.1/39193] INFO  netty.NettyConfigKeys$DataStream (ConfUtils.java:logGet(46)) - raft.netty.dataStream.server.worker-group.size = 0 (default)
2023-03-15 05:44:34,164 [Listener at 127.0.0.1/39193] INFO  netty.NettyConfigKeys$DataStream (ConfUtils.java:logGet(46)) - raft.netty.dataStream.server.tls.conf = null (default)
2023-03-15 05:44:34,164 [Listener at 127.0.0.1/39193] INFO  netty.NettyConfigKeys$DataStream (ConfUtils.java:logGet(46)) - raft.netty.dataStream.host = null (default)
2023-03-15 05:44:34,164 [Listener at 127.0.0.1/39193] INFO  netty.NettyConfigKeys$DataStream (ConfUtils.java:logGet(46)) - raft.netty.dataStream.port = 0 (default)
2023-03-15 05:44:34,164 [Listener at 127.0.0.1/39193] INFO  server.RaftServerConfigKeys (ConfUtils.java:logGet(46)) - raft.server.threadpool.proxy.cached = true (default)
2023-03-15 05:44:34,164 [Listener at 127.0.0.1/39193] INFO  server.RaftServerConfigKeys (ConfUtils.java:logGet(46)) - raft.server.threadpool.proxy.size = 0 (default)
2023-03-15 05:44:34,165 [Listener at 127.0.0.1/39193] INFO  server.RaftServerConfigKeys (ConfUtils.java:logGet(46)) - raft.server.rpc.slowness.timeout = 300s (custom)
2023-03-15 05:44:34,165 [Listener at 127.0.0.1/39193] INFO  server.RaftServerConfigKeys (ConfUtils.java:logGet(46)) - raft.server.leaderelection.leader.step-down.wait-time = 10s (default)
2023-03-15 05:44:34,165 [c612d8d5-a02f-487c-9690-98407afc9b63-NettyServerStreamRpc-bossGroup--thread1] INFO  logging.LoggingHandler (AbstractInternalLogger.java:log(148)) - [id: 0x9bb54ce3] REGISTERED
2023-03-15 05:44:34,165 [Listener at 127.0.0.1/39193] INFO  server.RaftServerConfigKeys (ConfUtils.java:logGet(46)) - raft.server.storage.dir = [/home/runner/work/ozone/ozone/hadoop-ozone/integration-test/target/test-dir/MiniOzoneClusterImpl-f3f3c3ea-d6fe-44d8-a21f-130fd89482f1/datanode-2/data/ratis] (custom)
2023-03-15 05:44:34,165 [c612d8d5-a02f-487c-9690-98407afc9b63-NettyServerStreamRpc-bossGroup--thread1] INFO  logging.LoggingHandler (AbstractInternalLogger.java:log(148)) - [id: 0x9bb54ce3] BIND: 0.0.0.0/0.0.0.0:0
2023-03-15 05:44:34,165 [c612d8d5-a02f-487c-9690-98407afc9b63-NettyServerStreamRpc-bossGroup--thread1] INFO  logging.LoggingHandler (AbstractInternalLogger.java:log(148)) - [id: 0x9bb54ce3, L:/0:0:0:0:0:0:0:0:46343] ACTIVE
2023-03-15 05:44:34,167 [Listener at 127.0.0.1/39193] INFO  server.XceiverServerGrpc (XceiverServerGrpc.java:<init>(132)) - GrpcServer channel type EpollServerSocketChannel
2023-03-15 05:44:34,170 [Listener at 127.0.0.1/39193] INFO  http.BaseHttpServer (BaseHttpServer.java:newHttpServer2BuilderForOzone(224)) - Starting Web-server for hddsDatanode at: http://0.0.0.0:0
2023-03-15 05:44:34,170 [Listener at 127.0.0.1/39193] INFO  http.BaseHttpServer (BaseHttpServer.java:<init>(111)) - Hadoop Security Enabled: false Ozone Security Enabled: false Ozone HTTP Security Enabled: false 
2023-03-15 05:44:34,171 [Listener at 127.0.0.1/39193] WARN  server.AuthenticationFilter (AuthenticationFilter.java:constructSecretProvider(240)) - Unable to initialize FileSignerSecretProvider, falling back to use random secrets. Reason: Could not read signature secret file: /home/runner/hadoop-http-auth-signature-secret
2023-03-15 05:44:34,171 [Listener at 127.0.0.1/39193] WARN  http.HttpRequestLog (HttpRequestLog.java:getRequestLog(103)) - Jetty request log can only be enabled using Log4j
2023-03-15 05:44:34,172 [Listener at 127.0.0.1/39193] INFO  http.HttpServer2 (HttpServer2.java:addGlobalFilter(1031)) - Added global filter 'safety' (class=org.apache.hadoop.hdds.server.http.HttpServer2$QuotingInputFilter)
2023-03-15 05:44:34,173 [Listener at 127.0.0.1/39193] INFO  http.HttpServer2 (HttpServer2.java:addFilter(1007)) - Added filter static_user_filter (class=org.apache.hadoop.http.lib.StaticUserWebFilter$StaticUserFilter) to context hddsDatanode
2023-03-15 05:44:34,173 [Listener at 127.0.0.1/39193] INFO  http.HttpServer2 (HttpServer2.java:addFilter(1015)) - Added filter static_user_filter (class=org.apache.hadoop.http.lib.StaticUserWebFilter$StaticUserFilter) to context static
2023-03-15 05:44:34,173 [Listener at 127.0.0.1/39193] INFO  http.HttpServer2 (HttpServer2.java:addFilter(1015)) - Added filter static_user_filter (class=org.apache.hadoop.http.lib.StaticUserWebFilter$StaticUserFilter) to context logs
2023-03-15 05:44:34,173 [Listener at 127.0.0.1/39193] INFO  http.BaseHttpServer (BaseHttpServer.java:<init>(190)) - HTTP server of hddsDatanode uses base directory /home/runner/work/ozone/ozone/hadoop-ozone/integration-test/target/test-dir/MiniOzoneClusterImpl-f3f3c3ea-d6fe-44d8-a21f-130fd89482f1/datanode-2/meta/webserver
2023-03-15 05:44:34,173 [Listener at 127.0.0.1/39193] INFO  http.HttpServer2 (HttpServer2.java:bindListener(1250)) - Jetty bound to port 40695
2023-03-15 05:44:34,174 [Listener at 127.0.0.1/39193] INFO  server.Server (Server.java:doStart(375)) - jetty-9.4.49.v20220914; built: 2022-09-14T01:07:36.601Z; git: 4231a3b2e4cb8548a412a789936d640a97b1aa0a; jvm 1.8.0_362-b09
2023-03-15 05:44:34,179 [Listener at 127.0.0.1/39193] INFO  server.session (DefaultSessionIdManager.java:doStart(334)) - DefaultSessionIdManager workerName=node0
2023-03-15 05:44:34,179 [Listener at 127.0.0.1/39193] INFO  server.session (DefaultSessionIdManager.java:doStart(339)) - No SessionScavenger set, using defaults
2023-03-15 05:44:34,179 [Listener at 127.0.0.1/39193] INFO  server.session (HouseKeeper.java:startScavenging(132)) - node0 Scavenging every 600000ms
2023-03-15 05:44:34,180 [Listener at 127.0.0.1/39193] INFO  handler.ContextHandler (ContextHandler.java:doStart(921)) - Started o.e.j.s.ServletContextHandler@2ac76b0d{logs,/logs,file:///home/runner/work/ozone/ozone/hadoop-ozone/integration-test/target/log,AVAILABLE}
2023-03-15 05:44:34,180 [Listener at 127.0.0.1/39193] INFO  handler.ContextHandler (ContextHandler.java:doStart(921)) - Started o.e.j.s.ServletContextHandler@7e2046b5{static,/static,jar:file:/home/runner/.m2/repository/org/apache/ozone/hdds-container-service/1.4.0-SNAPSHOT/hdds-container-service-1.4.0-SNAPSHOT.jar!/webapps/static,AVAILABLE}
2023-03-15 05:44:34,385 [Listener at 127.0.0.1/39193] INFO  handler.ContextHandler (ContextHandler.java:doStart(921)) - Started o.e.j.w.WebAppContext@5e951e{hddsDatanode,/,file:///home/runner/work/ozone/ozone/hadoop-ozone/integration-test/target/test-dir/MiniOzoneClusterImpl-f3f3c3ea-d6fe-44d8-a21f-130fd89482f1/datanode-2/meta/webserver/jetty-0_0_0_0-40695-hdds-container-service-1_4_0-SNAPSHOT_jar-_-any-7003050647143315370/webapp/,AVAILABLE}{jar:file:/home/runner/.m2/repository/org/apache/ozone/hdds-container-service/1.4.0-SNAPSHOT/hdds-container-service-1.4.0-SNAPSHOT.jar!/webapps/hddsDatanode}
2023-03-15 05:44:34,387 [Listener at 127.0.0.1/39193] INFO  server.AbstractConnector (AbstractConnector.java:doStart(333)) - Started ServerConnector@4acbfa{HTTP/1.1, (http/1.1)}{0.0.0.0:40695}
2023-03-15 05:44:34,387 [Listener at 127.0.0.1/39193] INFO  server.Server (Server.java:doStart(415)) - Started @58065ms
2023-03-15 05:44:34,388 [Listener at 127.0.0.1/39193] WARN  impl.MetricsSystemImpl (MetricsSystemImpl.java:register(279)) - Sink prometheus already exists!
2023-03-15 05:44:34,388 [Listener at 127.0.0.1/39193] INFO  http.BaseHttpServer (BaseHttpServer.java:updateConnectorAddress(344)) - HTTP server of hddsDatanode listening at http://0.0.0.0:40695
2023-03-15 05:44:34,389 [Datanode State Machine Daemon Thread] INFO  statemachine.DatanodeStateMachine (DatanodeStateMachine.java:lambda$startDaemon$0(517)) - Ozone container server started.
2023-03-15 05:44:34,389 [Listener at 127.0.0.1/39193] WARN  impl.MetricRegistriesImpl (MetricRegistriesImpl.java:addReporterRegistration(111)) - New reporters are added after registries were created. Some metrics will be missing from the reporter. Please add reporter before adding any new registry.
2023-03-15 05:44:34,390 [Listener at 127.0.0.1/39193] WARN  impl.MetricRegistriesImpl (MetricRegistriesImpl.java:addReporterRegistration(111)) - New reporters are added after registries were created. Some metrics will be missing from the reporter. Please add reporter before adding any new registry.
2023-03-15 05:44:34,390 [Listener at 127.0.0.1/39193] INFO  impl.MetricsSystemImpl (MetricsSystemImpl.java:init(158)) - HddsDatanode metrics system started (again)
2023-03-15 05:44:34,411 [org.apache.hadoop.util.JvmPauseMonitor$Monitor@52317638] INFO  util.JvmPauseMonitor (JvmPauseMonitor.java:run(188)) - Starting JVM pause monitor
2023-03-15 05:44:34,411 [Listener at 127.0.0.1/39193] INFO  ozone.HddsDatanodeService (HddsDatanodeService.java:start(229)) - HddsDatanodeService host:fv-az390-885.2udvygdcjcjuphbbpa4zxtqymb.gx.internal.cloudapp.net ip:10.1.0.18
2023-03-15 05:44:34,416 [Datanode State Machine Task Thread - 0] INFO  datanode.InitDatanodeState (InitDatanodeState.java:persistContainerDatanodeDetails(138)) - DatanodeDetails is persisted to /home/runner/work/ozone/ozone/hadoop-ozone/integration-test/target/test-dir/MiniOzoneClusterImpl-f3f3c3ea-d6fe-44d8-a21f-130fd89482f1/datanode-2/meta/datanode.id
2023-03-15 05:44:34,431 [Listener at 127.0.0.1/39193] INFO  upgrade.AbstractLayoutVersionManager (AbstractLayoutVersionManager.java:init(83)) - Initializing Layout version manager with metadata layout = DATANODE_SCHEMA_V3 (version = 4), software layout = DATANODE_SCHEMA_V3 (version = 4)
2023-03-15 05:44:34,477 [Listener at 127.0.0.1/39193] INFO  reflections.Reflections (Reflections.java:scan(232)) - Reflections took 45 ms to scan 7 urls, producing 155 keys and 368 values 
2023-03-15 05:44:34,478 [Listener at 127.0.0.1/39193] INFO  statemachine.DatanodeStateMachine (DatanodeStateMachine.java:getEndPointTaskThreadPoolSize(260)) - Datanode State Machine Task Thread Pool size 2
2023-03-15 05:44:34,483 [Listener at 127.0.0.1/39193] INFO  volume.HddsVolume (HddsVolume.java:<init>(122)) - Creating HddsVolume: /home/runner/work/ozone/ozone/hadoop-ozone/integration-test/target/test-dir/MiniOzoneClusterImpl-f3f3c3ea-d6fe-44d8-a21f-130fd89482f1/datanode-3/data-0/containers/hdds of storage type : DISK capacity : 9223372036854775807
2023-03-15 05:44:34,483 [Listener at 127.0.0.1/39193] INFO  volume.MutableVolumeSet (MutableVolumeSet.java:initializeVolumeSet(174)) - Added Volume : /home/runner/work/ozone/ozone/hadoop-ozone/integration-test/target/test-dir/MiniOzoneClusterImpl-f3f3c3ea-d6fe-44d8-a21f-130fd89482f1/datanode-3/data-0/containers/hdds to VolumeSet
2023-03-15 05:44:34,483 [Listener at 127.0.0.1/39193] INFO  volume.ThrottledAsyncChecker (ThrottledAsyncChecker.java:schedule(141)) - Scheduling a check for /home/runner/work/ozone/ozone/hadoop-ozone/integration-test/target/test-dir/MiniOzoneClusterImpl-f3f3c3ea-d6fe-44d8-a21f-130fd89482f1/datanode-3/data-0/containers/hdds
2023-03-15 05:44:34,486 [Listener at 127.0.0.1/39193] INFO  volume.StorageVolumeChecker (StorageVolumeChecker.java:checkAllVolumes(202)) - Scheduled health check for volume /home/runner/work/ozone/ozone/hadoop-ozone/integration-test/target/test-dir/MiniOzoneClusterImpl-f3f3c3ea-d6fe-44d8-a21f-130fd89482f1/datanode-3/data-0/containers/hdds
2023-03-15 05:44:34,497 [Listener at 127.0.0.1/39193] INFO  volume.MutableVolumeSet (MutableVolumeSet.java:initializeVolumeSet(174)) - Added Volume : /home/runner/work/ozone/ozone/hadoop-ozone/integration-test/target/test-dir/MiniOzoneClusterImpl-f3f3c3ea-d6fe-44d8-a21f-130fd89482f1/datanode-3/data/ratis to VolumeSet
2023-03-15 05:44:34,498 [Listener at 127.0.0.1/39193] INFO  volume.ThrottledAsyncChecker (ThrottledAsyncChecker.java:schedule(141)) - Scheduling a check for /home/runner/work/ozone/ozone/hadoop-ozone/integration-test/target/test-dir/MiniOzoneClusterImpl-f3f3c3ea-d6fe-44d8-a21f-130fd89482f1/datanode-3/data/ratis
2023-03-15 05:44:34,498 [Listener at 127.0.0.1/39193] INFO  volume.StorageVolumeChecker (StorageVolumeChecker.java:checkAllVolumes(202)) - Scheduled health check for volume /home/runner/work/ozone/ozone/hadoop-ozone/integration-test/target/test-dir/MiniOzoneClusterImpl-f3f3c3ea-d6fe-44d8-a21f-130fd89482f1/datanode-3/data/ratis
2023-03-15 05:44:34,509 [Thread-673] INFO  ozoneimpl.ContainerReader (ContainerReader.java:readVolume(175)) - Finish verifying containers on volume /home/runner/work/ozone/ozone/hadoop-ozone/integration-test/target/test-dir/MiniOzoneClusterImpl-f3f3c3ea-d6fe-44d8-a21f-130fd89482f1/datanode-3/data-0/containers/hdds
2023-03-15 05:44:34,509 [Listener at 127.0.0.1/39193] INFO  ozoneimpl.OzoneContainer (OzoneContainer.java:buildContainerSet(307)) - Build ContainerSet costs 0s
2023-03-15 05:44:34,511 [Listener at 127.0.0.1/39193] INFO  server.RaftServer (ConfUtils.java:logGet(46)) - raft.rpc.type = GRPC (default)
2023-03-15 05:44:34,511 [Listener at 127.0.0.1/39193] INFO  grpc.GrpcConfigKeys (ConfUtils.java:logFallback(53)) - raft.grpc.admin.host = null (fallback to raft.grpc.server.host)
2023-03-15 05:44:34,511 [Listener at 127.0.0.1/39193] INFO  grpc.GrpcConfigKeys (ConfUtils.java:logGet(46)) - raft.grpc.admin.port = 0 (custom)
2023-03-15 05:44:34,511 [Listener at 127.0.0.1/39193] INFO  grpc.GrpcConfigKeys (ConfUtils.java:logFallback(53)) - raft.grpc.client.host = null (fallback to raft.grpc.server.host)
2023-03-15 05:44:34,511 [Listener at 127.0.0.1/39193] INFO  grpc.GrpcConfigKeys (ConfUtils.java:logGet(46)) - raft.grpc.client.port = 0 (custom)
2023-03-15 05:44:34,511 [Listener at 127.0.0.1/39193] INFO  grpc.GrpcConfigKeys (ConfUtils.java:logGet(46)) - raft.grpc.server.host = null (default)
2023-03-15 05:44:34,511 [Listener at 127.0.0.1/39193] INFO  grpc.GrpcConfigKeys (ConfUtils.java:logGet(46)) - raft.grpc.server.port = 0 (default)
2023-03-15 05:44:34,511 [Listener at 127.0.0.1/39193] INFO  server.GrpcService (ConfUtils.java:logGet(46)) - raft.grpc.message.size.max = 32MB (=33554432) (custom)
2023-03-15 05:44:34,512 [Listener at 127.0.0.1/39193] INFO  server.RaftServerConfigKeys (ConfUtils.java:logGet(46)) - raft.server.log.appender.buffer.byte-limit = 33554432 (custom)
2023-03-15 05:44:34,512 [Listener at 127.0.0.1/39193] INFO  server.GrpcService (ConfUtils.java:logGet(46)) - raft.grpc.flow.control.window = 5MB (=5242880) (custom)
2023-03-15 05:44:34,512 [Listener at 127.0.0.1/39193] INFO  server.RaftServerConfigKeys (ConfUtils.java:logGet(46)) - raft.server.rpc.request.timeout = 60s (custom)
2023-03-15 05:44:34,512 [Listener at 127.0.0.1/39193] INFO  grpc.GrpcConfigKeys (ConfUtils.java:logGet(46)) - raft.grpc.server.heartbeat.channel = true (default)
2023-03-15 05:44:34,512 [Listener at 127.0.0.1/39193] INFO  grpc.GrpcConfigKeys (ConfUtils.java:logGet(46)) - raft.grpc.server.async.request.thread.pool.cached = true (default)
2023-03-15 05:44:34,512 [Listener at 127.0.0.1/39193] INFO  grpc.GrpcConfigKeys (ConfUtils.java:logGet(46)) - raft.grpc.server.async.request.thread.pool.size = 32 (default)
2023-03-15 05:44:34,513 [Listener at 127.0.0.1/39193] INFO  impl.DataStreamServerImpl (ConfUtils.java:logGet(46)) - raft.datastream.type = NETTY (custom)
2023-03-15 05:44:34,513 [Listener at 127.0.0.1/39193] INFO  server.RaftServerConfigKeys (ConfUtils.java:logGet(46)) - raft.server.data-stream.async.request.thread.pool.cached = false (default)
2023-03-15 05:44:34,513 [Listener at 127.0.0.1/39193] INFO  server.RaftServerConfigKeys (ConfUtils.java:logGet(46)) - raft.server.data-stream.async.request.thread.pool.size = 20 (custom)
2023-03-15 05:44:34,513 [Listener at 127.0.0.1/39193] INFO  server.RaftServerConfigKeys (ConfUtils.java:logGet(46)) - raft.server.data-stream.async.write.thread.pool.size = 16 (default)
2023-03-15 05:44:34,513 [Listener at 127.0.0.1/39193] INFO  server.RaftServerConfigKeys (ConfUtils.java:logGet(46)) - raft.server.data-stream.client.pool.size = 10 (default)
2023-03-15 05:44:34,514 [Listener at 127.0.0.1/39193] INFO  netty.NettyConfigKeys$DataStream (ConfUtils.java:logGet(46)) - raft.netty.dataStream.server.use-epoll = false (default)
2023-03-15 05:44:34,514 [Listener at 127.0.0.1/39193] INFO  netty.NettyConfigKeys$DataStream (ConfUtils.java:logGet(46)) - raft.netty.dataStream.server.boss-group.size = 0 (default)
2023-03-15 05:44:34,514 [Listener at 127.0.0.1/39193] INFO  netty.NettyConfigKeys$DataStream (ConfUtils.java:logGet(46)) - raft.netty.dataStream.server.worker-group.size = 0 (default)
2023-03-15 05:44:34,514 [Listener at 127.0.0.1/39193] INFO  netty.NettyConfigKeys$DataStream (ConfUtils.java:logGet(46)) - raft.netty.dataStream.server.tls.conf = null (default)
2023-03-15 05:44:34,514 [Listener at 127.0.0.1/39193] INFO  netty.NettyConfigKeys$DataStream (ConfUtils.java:logGet(46)) - raft.netty.dataStream.host = null (default)
2023-03-15 05:44:34,514 [Listener at 127.0.0.1/39193] INFO  netty.NettyConfigKeys$DataStream (ConfUtils.java:logGet(46)) - raft.netty.dataStream.port = 0 (default)
2023-03-15 05:44:34,515 [Listener at 127.0.0.1/39193] INFO  server.RaftServerConfigKeys (ConfUtils.java:logGet(46)) - raft.server.threadpool.proxy.cached = true (default)
2023-03-15 05:44:34,515 [Listener at 127.0.0.1/39193] INFO  server.RaftServerConfigKeys (ConfUtils.java:logGet(46)) - raft.server.threadpool.proxy.size = 0 (default)
2023-03-15 05:44:34,515 [Listener at 127.0.0.1/39193] INFO  server.RaftServerConfigKeys (ConfUtils.java:logGet(46)) - raft.server.rpc.slowness.timeout = 300s (custom)
2023-03-15 05:44:34,515 [Listener at 127.0.0.1/39193] INFO  server.RaftServerConfigKeys (ConfUtils.java:logGet(46)) - raft.server.leaderelection.leader.step-down.wait-time = 10s (default)
2023-03-15 05:44:34,515 [Listener at 127.0.0.1/39193] INFO  server.RaftServerConfigKeys (ConfUtils.java:logGet(46)) - raft.server.storage.dir = [/home/runner/work/ozone/ozone/hadoop-ozone/integration-test/target/test-dir/MiniOzoneClusterImpl-f3f3c3ea-d6fe-44d8-a21f-130fd89482f1/datanode-3/data/ratis] (custom)
2023-03-15 05:44:34,517 [894a1aca-b7ee-471e-bca8-24ba935f080a-NettyServerStreamRpc-bossGroup--thread1] INFO  logging.LoggingHandler (AbstractInternalLogger.java:log(148)) - [id: 0x0290cc71] REGISTERED
2023-03-15 05:44:34,517 [894a1aca-b7ee-471e-bca8-24ba935f080a-NettyServerStreamRpc-bossGroup--thread1] INFO  logging.LoggingHandler (AbstractInternalLogger.java:log(148)) - [id: 0x0290cc71] BIND: 0.0.0.0/0.0.0.0:0
2023-03-15 05:44:34,518 [894a1aca-b7ee-471e-bca8-24ba935f080a-NettyServerStreamRpc-bossGroup--thread1] INFO  logging.LoggingHandler (AbstractInternalLogger.java:log(148)) - [id: 0x0290cc71, L:/0:0:0:0:0:0:0:0:39227] ACTIVE
2023-03-15 05:44:34,519 [Listener at 127.0.0.1/39193] INFO  server.XceiverServerGrpc (XceiverServerGrpc.java:<init>(132)) - GrpcServer channel type EpollServerSocketChannel
2023-03-15 05:44:34,522 [Listener at 127.0.0.1/39193] INFO  http.BaseHttpServer (BaseHttpServer.java:newHttpServer2BuilderForOzone(224)) - Starting Web-server for hddsDatanode at: http://0.0.0.0:0
2023-03-15 05:44:34,522 [Listener at 127.0.0.1/39193] INFO  http.BaseHttpServer (BaseHttpServer.java:<init>(111)) - Hadoop Security Enabled: false Ozone Security Enabled: false Ozone HTTP Security Enabled: false 
2023-03-15 05:44:34,523 [Listener at 127.0.0.1/39193] WARN  server.AuthenticationFilter (AuthenticationFilter.java:constructSecretProvider(240)) - Unable to initialize FileSignerSecretProvider, falling back to use random secrets. Reason: Could not read signature secret file: /home/runner/hadoop-http-auth-signature-secret
2023-03-15 05:44:34,524 [Listener at 127.0.0.1/39193] WARN  http.HttpRequestLog (HttpRequestLog.java:getRequestLog(103)) - Jetty request log can only be enabled using Log4j
2023-03-15 05:44:34,525 [Listener at 127.0.0.1/39193] INFO  http.HttpServer2 (HttpServer2.java:addGlobalFilter(1031)) - Added global filter 'safety' (class=org.apache.hadoop.hdds.server.http.HttpServer2$QuotingInputFilter)
2023-03-15 05:44:34,526 [Listener at 127.0.0.1/39193] INFO  http.HttpServer2 (HttpServer2.java:addFilter(1007)) - Added filter static_user_filter (class=org.apache.hadoop.http.lib.StaticUserWebFilter$StaticUserFilter) to context hddsDatanode
2023-03-15 05:44:34,526 [Listener at 127.0.0.1/39193] INFO  http.HttpServer2 (HttpServer2.java:addFilter(1015)) - Added filter static_user_filter (class=org.apache.hadoop.http.lib.StaticUserWebFilter$StaticUserFilter) to context logs
2023-03-15 05:44:34,526 [Listener at 127.0.0.1/39193] INFO  http.HttpServer2 (HttpServer2.java:addFilter(1015)) - Added filter static_user_filter (class=org.apache.hadoop.http.lib.StaticUserWebFilter$StaticUserFilter) to context static
2023-03-15 05:44:34,527 [Listener at 127.0.0.1/39193] INFO  http.BaseHttpServer (BaseHttpServer.java:<init>(190)) - HTTP server of hddsDatanode uses base directory /home/runner/work/ozone/ozone/hadoop-ozone/integration-test/target/test-dir/MiniOzoneClusterImpl-f3f3c3ea-d6fe-44d8-a21f-130fd89482f1/datanode-3/meta/webserver
2023-03-15 05:44:34,527 [Listener at 127.0.0.1/39193] INFO  http.HttpServer2 (HttpServer2.java:bindListener(1250)) - Jetty bound to port 45987
2023-03-15 05:44:34,528 [Listener at 127.0.0.1/39193] INFO  server.Server (Server.java:doStart(375)) - jetty-9.4.49.v20220914; built: 2022-09-14T01:07:36.601Z; git: 4231a3b2e4cb8548a412a789936d640a97b1aa0a; jvm 1.8.0_362-b09
2023-03-15 05:44:34,528 [Listener at 127.0.0.1/39193] INFO  server.session (DefaultSessionIdManager.java:doStart(334)) - DefaultSessionIdManager workerName=node0
2023-03-15 05:44:34,529 [Listener at 127.0.0.1/39193] INFO  server.session (DefaultSessionIdManager.java:doStart(339)) - No SessionScavenger set, using defaults
2023-03-15 05:44:34,529 [Listener at 127.0.0.1/39193] INFO  server.session (HouseKeeper.java:startScavenging(132)) - node0 Scavenging every 600000ms
2023-03-15 05:44:34,529 [Listener at 127.0.0.1/39193] INFO  handler.ContextHandler (ContextHandler.java:doStart(921)) - Started o.e.j.s.ServletContextHandler@7bf89ed{logs,/logs,file:///home/runner/work/ozone/ozone/hadoop-ozone/integration-test/target/log,AVAILABLE}
2023-03-15 05:44:34,530 [Listener at 127.0.0.1/39193] INFO  handler.ContextHandler (ContextHandler.java:doStart(921)) - Started o.e.j.s.ServletContextHandler@268fef42{static,/static,jar:file:/home/runner/.m2/repository/org/apache/ozone/hdds-container-service/1.4.0-SNAPSHOT/hdds-container-service-1.4.0-SNAPSHOT.jar!/webapps/static,AVAILABLE}
2023-03-15 05:44:34,731 [Listener at 127.0.0.1/39193] INFO  handler.ContextHandler (ContextHandler.java:doStart(921)) - Started o.e.j.w.WebAppContext@8484e86{hddsDatanode,/,file:///home/runner/work/ozone/ozone/hadoop-ozone/integration-test/target/test-dir/MiniOzoneClusterImpl-f3f3c3ea-d6fe-44d8-a21f-130fd89482f1/datanode-3/meta/webserver/jetty-0_0_0_0-45987-hdds-container-service-1_4_0-SNAPSHOT_jar-_-any-7835146540117231919/webapp/,AVAILABLE}{jar:file:/home/runner/.m2/repository/org/apache/ozone/hdds-container-service/1.4.0-SNAPSHOT/hdds-container-service-1.4.0-SNAPSHOT.jar!/webapps/hddsDatanode}
2023-03-15 05:44:34,733 [Listener at 127.0.0.1/39193] INFO  server.AbstractConnector (AbstractConnector.java:doStart(333)) - Started ServerConnector@3d32399a{HTTP/1.1, (http/1.1)}{0.0.0.0:45987}
2023-03-15 05:44:34,733 [Listener at 127.0.0.1/39193] INFO  server.Server (Server.java:doStart(415)) - Started @58411ms
2023-03-15 05:44:34,733 [Listener at 127.0.0.1/39193] WARN  impl.MetricsSystemImpl (MetricsSystemImpl.java:register(279)) - Sink prometheus already exists!
2023-03-15 05:44:34,734 [Listener at 127.0.0.1/39193] INFO  http.BaseHttpServer (BaseHttpServer.java:updateConnectorAddress(344)) - HTTP server of hddsDatanode listening at http://0.0.0.0:45987
2023-03-15 05:44:34,734 [Datanode State Machine Daemon Thread] INFO  statemachine.DatanodeStateMachine (DatanodeStateMachine.java:lambda$startDaemon$0(517)) - Ozone container server started.
2023-03-15 05:44:34,739 [Listener at 127.0.0.1/39193] WARN  impl.MetricRegistriesImpl (MetricRegistriesImpl.java:addReporterRegistration(111)) - New reporters are added after registries were created. Some metrics will be missing from the reporter. Please add reporter before adding any new registry.
2023-03-15 05:44:34,739 [Listener at 127.0.0.1/39193] WARN  impl.MetricRegistriesImpl (MetricRegistriesImpl.java:addReporterRegistration(111)) - New reporters are added after registries were created. Some metrics will be missing from the reporter. Please add reporter before adding any new registry.
2023-03-15 05:44:34,739 [Listener at 127.0.0.1/39193] INFO  impl.MetricsSystemImpl (MetricsSystemImpl.java:init(158)) - HddsDatanode metrics system started (again)
2023-03-15 05:44:34,747 [org.apache.hadoop.util.JvmPauseMonitor$Monitor@2fdd1ba7] INFO  util.JvmPauseMonitor (JvmPauseMonitor.java:run(188)) - Starting JVM pause monitor
2023-03-15 05:44:34,751 [Listener at 127.0.0.1/39193] INFO  ozone.HddsDatanodeService (HddsDatanodeService.java:start(229)) - HddsDatanodeService host:fv-az390-885.2udvygdcjcjuphbbpa4zxtqymb.gx.internal.cloudapp.net ip:10.1.0.18
2023-03-15 05:44:34,752 [Datanode State Machine Task Thread - 0] INFO  datanode.InitDatanodeState (InitDatanodeState.java:persistContainerDatanodeDetails(138)) - DatanodeDetails is persisted to /home/runner/work/ozone/ozone/hadoop-ozone/integration-test/target/test-dir/MiniOzoneClusterImpl-f3f3c3ea-d6fe-44d8-a21f-130fd89482f1/datanode-3/meta/datanode.id
2023-03-15 05:44:34,777 [Listener at 127.0.0.1/39193] INFO  upgrade.AbstractLayoutVersionManager (AbstractLayoutVersionManager.java:init(83)) - Initializing Layout version manager with metadata layout = DATANODE_SCHEMA_V3 (version = 4), software layout = DATANODE_SCHEMA_V3 (version = 4)
2023-03-15 05:44:34,823 [Listener at 127.0.0.1/39193] INFO  reflections.Reflections (Reflections.java:scan(232)) - Reflections took 45 ms to scan 7 urls, producing 155 keys and 368 values 
2023-03-15 05:44:34,825 [Listener at 127.0.0.1/39193] INFO  statemachine.DatanodeStateMachine (DatanodeStateMachine.java:getEndPointTaskThreadPoolSize(260)) - Datanode State Machine Task Thread Pool size 2
2023-03-15 05:44:34,827 [Listener at 127.0.0.1/39193] INFO  volume.HddsVolume (HddsVolume.java:<init>(122)) - Creating HddsVolume: /home/runner/work/ozone/ozone/hadoop-ozone/integration-test/target/test-dir/MiniOzoneClusterImpl-f3f3c3ea-d6fe-44d8-a21f-130fd89482f1/datanode-4/data-0/containers/hdds of storage type : DISK capacity : 9223372036854775807
2023-03-15 05:44:34,827 [Listener at 127.0.0.1/39193] INFO  volume.MutableVolumeSet (MutableVolumeSet.java:initializeVolumeSet(174)) - Added Volume : /home/runner/work/ozone/ozone/hadoop-ozone/integration-test/target/test-dir/MiniOzoneClusterImpl-f3f3c3ea-d6fe-44d8-a21f-130fd89482f1/datanode-4/data-0/containers/hdds to VolumeSet
2023-03-15 05:44:34,827 [Listener at 127.0.0.1/39193] INFO  volume.ThrottledAsyncChecker (ThrottledAsyncChecker.java:schedule(141)) - Scheduling a check for /home/runner/work/ozone/ozone/hadoop-ozone/integration-test/target/test-dir/MiniOzoneClusterImpl-f3f3c3ea-d6fe-44d8-a21f-130fd89482f1/datanode-4/data-0/containers/hdds
2023-03-15 05:44:34,832 [Listener at 127.0.0.1/39193] INFO  volume.StorageVolumeChecker (StorageVolumeChecker.java:checkAllVolumes(202)) - Scheduled health check for volume /home/runner/work/ozone/ozone/hadoop-ozone/integration-test/target/test-dir/MiniOzoneClusterImpl-f3f3c3ea-d6fe-44d8-a21f-130fd89482f1/datanode-4/data-0/containers/hdds
2023-03-15 05:44:34,843 [Listener at 127.0.0.1/39193] INFO  volume.MutableVolumeSet (MutableVolumeSet.java:initializeVolumeSet(174)) - Added Volume : /home/runner/work/ozone/ozone/hadoop-ozone/integration-test/target/test-dir/MiniOzoneClusterImpl-f3f3c3ea-d6fe-44d8-a21f-130fd89482f1/datanode-4/data/ratis to VolumeSet
2023-03-15 05:44:34,844 [Listener at 127.0.0.1/39193] INFO  volume.ThrottledAsyncChecker (ThrottledAsyncChecker.java:schedule(141)) - Scheduling a check for /home/runner/work/ozone/ozone/hadoop-ozone/integration-test/target/test-dir/MiniOzoneClusterImpl-f3f3c3ea-d6fe-44d8-a21f-130fd89482f1/datanode-4/data/ratis
2023-03-15 05:44:34,844 [Listener at 127.0.0.1/39193] INFO  volume.StorageVolumeChecker (StorageVolumeChecker.java:checkAllVolumes(202)) - Scheduled health check for volume /home/runner/work/ozone/ozone/hadoop-ozone/integration-test/target/test-dir/MiniOzoneClusterImpl-f3f3c3ea-d6fe-44d8-a21f-130fd89482f1/datanode-4/data/ratis
2023-03-15 05:44:34,855 [Thread-687] INFO  ozoneimpl.ContainerReader (ContainerReader.java:readVolume(175)) - Finish verifying containers on volume /home/runner/work/ozone/ozone/hadoop-ozone/integration-test/target/test-dir/MiniOzoneClusterImpl-f3f3c3ea-d6fe-44d8-a21f-130fd89482f1/datanode-4/data-0/containers/hdds
2023-03-15 05:44:34,855 [Listener at 127.0.0.1/39193] INFO  ozoneimpl.OzoneContainer (OzoneContainer.java:buildContainerSet(307)) - Build ContainerSet costs 0s
2023-03-15 05:44:34,857 [Listener at 127.0.0.1/39193] INFO  server.RaftServer (ConfUtils.java:logGet(46)) - raft.rpc.type = GRPC (default)
2023-03-15 05:44:34,857 [Listener at 127.0.0.1/39193] INFO  grpc.GrpcConfigKeys (ConfUtils.java:logFallback(53)) - raft.grpc.admin.host = null (fallback to raft.grpc.server.host)
2023-03-15 05:44:34,857 [Listener at 127.0.0.1/39193] INFO  grpc.GrpcConfigKeys (ConfUtils.java:logGet(46)) - raft.grpc.admin.port = 0 (custom)
2023-03-15 05:44:34,857 [Listener at 127.0.0.1/39193] INFO  grpc.GrpcConfigKeys (ConfUtils.java:logFallback(53)) - raft.grpc.client.host = null (fallback to raft.grpc.server.host)
2023-03-15 05:44:34,857 [Listener at 127.0.0.1/39193] INFO  grpc.GrpcConfigKeys (ConfUtils.java:logGet(46)) - raft.grpc.client.port = 0 (custom)
2023-03-15 05:44:34,858 [Listener at 127.0.0.1/39193] INFO  grpc.GrpcConfigKeys (ConfUtils.java:logGet(46)) - raft.grpc.server.host = null (default)
2023-03-15 05:44:34,858 [Listener at 127.0.0.1/39193] INFO  grpc.GrpcConfigKeys (ConfUtils.java:logGet(46)) - raft.grpc.server.port = 0 (default)
2023-03-15 05:44:34,858 [Listener at 127.0.0.1/39193] INFO  server.GrpcService (ConfUtils.java:logGet(46)) - raft.grpc.message.size.max = 32MB (=33554432) (custom)
2023-03-15 05:44:34,858 [Listener at 127.0.0.1/39193] INFO  server.RaftServerConfigKeys (ConfUtils.java:logGet(46)) - raft.server.log.appender.buffer.byte-limit = 33554432 (custom)
2023-03-15 05:44:34,858 [Listener at 127.0.0.1/39193] INFO  server.GrpcService (ConfUtils.java:logGet(46)) - raft.grpc.flow.control.window = 5MB (=5242880) (custom)
2023-03-15 05:44:34,858 [Listener at 127.0.0.1/39193] INFO  server.RaftServerConfigKeys (ConfUtils.java:logGet(46)) - raft.server.rpc.request.timeout = 60s (custom)
2023-03-15 05:44:34,858 [Listener at 127.0.0.1/39193] INFO  grpc.GrpcConfigKeys (ConfUtils.java:logGet(46)) - raft.grpc.server.heartbeat.channel = true (default)
2023-03-15 05:44:34,858 [Listener at 127.0.0.1/39193] INFO  grpc.GrpcConfigKeys (ConfUtils.java:logGet(46)) - raft.grpc.server.async.request.thread.pool.cached = true (default)
2023-03-15 05:44:34,858 [Listener at 127.0.0.1/39193] INFO  grpc.GrpcConfigKeys (ConfUtils.java:logGet(46)) - raft.grpc.server.async.request.thread.pool.size = 32 (default)
2023-03-15 05:44:34,859 [Listener at 127.0.0.1/39193] INFO  impl.DataStreamServerImpl (ConfUtils.java:logGet(46)) - raft.datastream.type = NETTY (custom)
2023-03-15 05:44:34,860 [Listener at 127.0.0.1/39193] INFO  server.RaftServerConfigKeys (ConfUtils.java:logGet(46)) - raft.server.data-stream.async.request.thread.pool.cached = false (default)
2023-03-15 05:44:34,860 [Listener at 127.0.0.1/39193] INFO  server.RaftServerConfigKeys (ConfUtils.java:logGet(46)) - raft.server.data-stream.async.request.thread.pool.size = 20 (custom)
2023-03-15 05:44:34,860 [Listener at 127.0.0.1/39193] INFO  server.RaftServerConfigKeys (ConfUtils.java:logGet(46)) - raft.server.data-stream.async.write.thread.pool.size = 16 (default)
2023-03-15 05:44:34,860 [Listener at 127.0.0.1/39193] INFO  server.RaftServerConfigKeys (ConfUtils.java:logGet(46)) - raft.server.data-stream.client.pool.size = 10 (default)
2023-03-15 05:44:34,860 [Listener at 127.0.0.1/39193] INFO  netty.NettyConfigKeys$DataStream (ConfUtils.java:logGet(46)) - raft.netty.dataStream.server.use-epoll = false (default)
2023-03-15 05:44:34,860 [Listener at 127.0.0.1/39193] INFO  netty.NettyConfigKeys$DataStream (ConfUtils.java:logGet(46)) - raft.netty.dataStream.server.boss-group.size = 0 (default)
2023-03-15 05:44:34,860 [Listener at 127.0.0.1/39193] INFO  netty.NettyConfigKeys$DataStream (ConfUtils.java:logGet(46)) - raft.netty.dataStream.server.worker-group.size = 0 (default)
2023-03-15 05:44:34,861 [Listener at 127.0.0.1/39193] INFO  netty.NettyConfigKeys$DataStream (ConfUtils.java:logGet(46)) - raft.netty.dataStream.server.tls.conf = null (default)
2023-03-15 05:44:34,861 [Listener at 127.0.0.1/39193] INFO  netty.NettyConfigKeys$DataStream (ConfUtils.java:logGet(46)) - raft.netty.dataStream.host = null (default)
2023-03-15 05:44:34,861 [Listener at 127.0.0.1/39193] INFO  netty.NettyConfigKeys$DataStream (ConfUtils.java:logGet(46)) - raft.netty.dataStream.port = 0 (default)
2023-03-15 05:44:34,861 [Listener at 127.0.0.1/39193] INFO  server.RaftServerConfigKeys (ConfUtils.java:logGet(46)) - raft.server.threadpool.proxy.cached = true (default)
2023-03-15 05:44:34,861 [Listener at 127.0.0.1/39193] INFO  server.RaftServerConfigKeys (ConfUtils.java:logGet(46)) - raft.server.threadpool.proxy.size = 0 (default)
2023-03-15 05:44:34,861 [Listener at 127.0.0.1/39193] INFO  server.RaftServerConfigKeys (ConfUtils.java:logGet(46)) - raft.server.rpc.slowness.timeout = 300s (custom)
2023-03-15 05:44:34,861 [Listener at 127.0.0.1/39193] INFO  server.RaftServerConfigKeys (ConfUtils.java:logGet(46)) - raft.server.leaderelection.leader.step-down.wait-time = 10s (default)
2023-03-15 05:44:34,862 [Listener at 127.0.0.1/39193] INFO  server.RaftServerConfigKeys (ConfUtils.java:logGet(46)) - raft.server.storage.dir = [/home/runner/work/ozone/ozone/hadoop-ozone/integration-test/target/test-dir/MiniOzoneClusterImpl-f3f3c3ea-d6fe-44d8-a21f-130fd89482f1/datanode-4/data/ratis] (custom)
2023-03-15 05:44:34,867 [5d6f94a2-048f-4621-ba55-83f2059cba08-NettyServerStreamRpc-bossGroup--thread1] INFO  logging.LoggingHandler (AbstractInternalLogger.java:log(148)) - [id: 0x94031eb1] REGISTERED
2023-03-15 05:44:34,867 [5d6f94a2-048f-4621-ba55-83f2059cba08-NettyServerStreamRpc-bossGroup--thread1] INFO  logging.LoggingHandler (AbstractInternalLogger.java:log(148)) - [id: 0x94031eb1] BIND: 0.0.0.0/0.0.0.0:0
2023-03-15 05:44:34,867 [5d6f94a2-048f-4621-ba55-83f2059cba08-NettyServerStreamRpc-bossGroup--thread1] INFO  logging.LoggingHandler (AbstractInternalLogger.java:log(148)) - [id: 0x94031eb1, L:/0:0:0:0:0:0:0:0:42251] ACTIVE
2023-03-15 05:44:34,870 [Listener at 127.0.0.1/39193] INFO  server.XceiverServerGrpc (XceiverServerGrpc.java:<init>(132)) - GrpcServer channel type EpollServerSocketChannel
2023-03-15 05:44:34,874 [Listener at 127.0.0.1/39193] INFO  http.BaseHttpServer (BaseHttpServer.java:newHttpServer2BuilderForOzone(224)) - Starting Web-server for hddsDatanode at: http://0.0.0.0:0
2023-03-15 05:44:34,874 [Listener at 127.0.0.1/39193] INFO  http.BaseHttpServer (BaseHttpServer.java:<init>(111)) - Hadoop Security Enabled: false Ozone Security Enabled: false Ozone HTTP Security Enabled: false 
2023-03-15 05:44:34,875 [Listener at 127.0.0.1/39193] WARN  server.AuthenticationFilter (AuthenticationFilter.java:constructSecretProvider(240)) - Unable to initialize FileSignerSecretProvider, falling back to use random secrets. Reason: Could not read signature secret file: /home/runner/hadoop-http-auth-signature-secret
2023-03-15 05:44:34,878 [Listener at 127.0.0.1/39193] WARN  http.HttpRequestLog (HttpRequestLog.java:getRequestLog(103)) - Jetty request log can only be enabled using Log4j
2023-03-15 05:44:34,879 [Listener at 127.0.0.1/39193] INFO  http.HttpServer2 (HttpServer2.java:addGlobalFilter(1031)) - Added global filter 'safety' (class=org.apache.hadoop.hdds.server.http.HttpServer2$QuotingInputFilter)
2023-03-15 05:44:34,880 [Listener at 127.0.0.1/39193] INFO  http.HttpServer2 (HttpServer2.java:addFilter(1007)) - Added filter static_user_filter (class=org.apache.hadoop.http.lib.StaticUserWebFilter$StaticUserFilter) to context hddsDatanode
2023-03-15 05:44:34,880 [Listener at 127.0.0.1/39193] INFO  http.HttpServer2 (HttpServer2.java:addFilter(1015)) - Added filter static_user_filter (class=org.apache.hadoop.http.lib.StaticUserWebFilter$StaticUserFilter) to context static
2023-03-15 05:44:34,880 [Listener at 127.0.0.1/39193] INFO  http.HttpServer2 (HttpServer2.java:addFilter(1015)) - Added filter static_user_filter (class=org.apache.hadoop.http.lib.StaticUserWebFilter$StaticUserFilter) to context logs
2023-03-15 05:44:34,881 [Listener at 127.0.0.1/39193] INFO  http.BaseHttpServer (BaseHttpServer.java:<init>(190)) - HTTP server of hddsDatanode uses base directory /home/runner/work/ozone/ozone/hadoop-ozone/integration-test/target/test-dir/MiniOzoneClusterImpl-f3f3c3ea-d6fe-44d8-a21f-130fd89482f1/datanode-4/meta/webserver
2023-03-15 05:44:34,881 [Listener at 127.0.0.1/39193] INFO  http.HttpServer2 (HttpServer2.java:bindListener(1250)) - Jetty bound to port 40707
2023-03-15 05:44:34,881 [Listener at 127.0.0.1/39193] INFO  server.Server (Server.java:doStart(375)) - jetty-9.4.49.v20220914; built: 2022-09-14T01:07:36.601Z; git: 4231a3b2e4cb8548a412a789936d640a97b1aa0a; jvm 1.8.0_362-b09
2023-03-15 05:44:34,885 [Listener at 127.0.0.1/39193] INFO  server.session (DefaultSessionIdManager.java:doStart(334)) - DefaultSessionIdManager workerName=node0
2023-03-15 05:44:34,885 [Listener at 127.0.0.1/39193] INFO  server.session (DefaultSessionIdManager.java:doStart(339)) - No SessionScavenger set, using defaults
2023-03-15 05:44:34,885 [Listener at 127.0.0.1/39193] INFO  server.session (HouseKeeper.java:startScavenging(132)) - node0 Scavenging every 600000ms
2023-03-15 05:44:34,886 [Listener at 127.0.0.1/39193] INFO  handler.ContextHandler (ContextHandler.java:doStart(921)) - Started o.e.j.s.ServletContextHandler@5e3feaa1{logs,/logs,file:///home/runner/work/ozone/ozone/hadoop-ozone/integration-test/target/log,AVAILABLE}
2023-03-15 05:44:34,887 [Listener at 127.0.0.1/39193] INFO  handler.ContextHandler (ContextHandler.java:doStart(921)) - Started o.e.j.s.ServletContextHandler@1c019acc{static,/static,jar:file:/home/runner/.m2/repository/org/apache/ozone/hdds-container-service/1.4.0-SNAPSHOT/hdds-container-service-1.4.0-SNAPSHOT.jar!/webapps/static,AVAILABLE}
2023-03-15 05:44:35,091 [Listener at 127.0.0.1/39193] INFO  handler.ContextHandler (ContextHandler.java:doStart(921)) - Started o.e.j.w.WebAppContext@939b6e{hddsDatanode,/,file:///home/runner/work/ozone/ozone/hadoop-ozone/integration-test/target/test-dir/MiniOzoneClusterImpl-f3f3c3ea-d6fe-44d8-a21f-130fd89482f1/datanode-4/meta/webserver/jetty-0_0_0_0-40707-hdds-container-service-1_4_0-SNAPSHOT_jar-_-any-268087530020678292/webapp/,AVAILABLE}{jar:file:/home/runner/.m2/repository/org/apache/ozone/hdds-container-service/1.4.0-SNAPSHOT/hdds-container-service-1.4.0-SNAPSHOT.jar!/webapps/hddsDatanode}
2023-03-15 05:44:35,093 [Listener at 127.0.0.1/39193] INFO  server.AbstractConnector (AbstractConnector.java:doStart(333)) - Started ServerConnector@39933a4b{HTTP/1.1, (http/1.1)}{0.0.0.0:40707}
2023-03-15 05:44:35,094 [Listener at 127.0.0.1/39193] INFO  server.Server (Server.java:doStart(415)) - Started @58772ms
2023-03-15 05:44:35,094 [Listener at 127.0.0.1/39193] WARN  impl.MetricsSystemImpl (MetricsSystemImpl.java:register(279)) - Sink prometheus already exists!
2023-03-15 05:44:35,094 [Listener at 127.0.0.1/39193] INFO  http.BaseHttpServer (BaseHttpServer.java:updateConnectorAddress(344)) - HTTP server of hddsDatanode listening at http://0.0.0.0:40707
2023-03-15 05:44:35,098 [Listener at 127.0.0.1/39193] INFO  ozone.MiniOzoneClusterImpl (MiniOzoneClusterImpl.java:lambda$waitForClusterToBeReady$0(218)) - Waiting for nodes to be ready. Got 0 of 5 DN Heartbeats.
2023-03-15 05:44:35,098 [Listener at 127.0.0.1/39193] INFO  ozone.MiniOzoneClusterImpl (MiniOzoneClusterImpl.java:lambda$waitForClusterToBeReady$0(221)) - Waiting for cluster to exit safe mode
2023-03-15 05:44:35,098 [Listener at 127.0.0.1/39193] INFO  ozone.MiniOzoneClusterImpl (MiniOzoneClusterImpl.java:lambda$waitForClusterToBeReady$0(223)) - SCM became leader
2023-03-15 05:44:35,099 [Datanode State Machine Daemon Thread] INFO  statemachine.DatanodeStateMachine (DatanodeStateMachine.java:lambda$startDaemon$0(517)) - Ozone container server started.
2023-03-15 05:44:35,109 [org.apache.hadoop.util.JvmPauseMonitor$Monitor@355e334c] INFO  util.JvmPauseMonitor (JvmPauseMonitor.java:run(188)) - Starting JVM pause monitor
2023-03-15 05:44:35,115 [Datanode State Machine Task Thread - 0] INFO  datanode.InitDatanodeState (InitDatanodeState.java:persistContainerDatanodeDetails(138)) - DatanodeDetails is persisted to /home/runner/work/ozone/ozone/hadoop-ozone/integration-test/target/test-dir/MiniOzoneClusterImpl-f3f3c3ea-d6fe-44d8-a21f-130fd89482f1/datanode-4/meta/datanode.id
2023-03-15 05:44:35,749 [EndpointStateMachine task thread for /0.0.0.0:39725 - 0 ] INFO  utils.DatanodeStoreCache (DatanodeStoreCache.java:addDB(58)) - Added db /home/runner/work/ozone/ozone/hadoop-ozone/integration-test/target/test-dir/MiniOzoneClusterImpl-f3f3c3ea-d6fe-44d8-a21f-130fd89482f1/datanode-0/data-0/containers/hdds/f3f3c3ea-d6fe-44d8-a21f-130fd89482f1/DS-30912c7a-8fce-4d4d-8d2c-e4a8f241e31a/container.db to cache
2023-03-15 05:44:35,749 [EndpointStateMachine task thread for /0.0.0.0:39725 - 0 ] INFO  volume.HddsVolume (HddsVolume.java:createDbStore(331)) - SchemaV3 db is created and loaded at /home/runner/work/ozone/ozone/hadoop-ozone/integration-test/target/test-dir/MiniOzoneClusterImpl-f3f3c3ea-d6fe-44d8-a21f-130fd89482f1/datanode-0/data-0/containers/hdds/f3f3c3ea-d6fe-44d8-a21f-130fd89482f1/DS-30912c7a-8fce-4d4d-8d2c-e4a8f241e31a/container.db for volume DS-30912c7a-8fce-4d4d-8d2c-e4a8f241e31a
2023-03-15 05:44:35,749 [EndpointStateMachine task thread for /0.0.0.0:39725 - 0 ] INFO  ozoneimpl.OzoneContainer (OzoneContainer.java:start(401)) - Attempting to start container services.
2023-03-15 05:44:35,749 [EndpointStateMachine task thread for /0.0.0.0:39725 - 0 ] INFO  ozoneimpl.OzoneContainer (OzoneContainer.java:startContainerScrub(318)) - Scheduled background container scanners and the on-demand container scanner have been disabled.
2023-03-15 05:44:35,768 [EndpointStateMachine task thread for /0.0.0.0:39725 - 0 ] INFO  replication.ReplicationServer (ReplicationServer.java:start(109)) - ReplicationServer is started using port 44039
2023-03-15 05:44:35,768 [EndpointStateMachine task thread for /0.0.0.0:39725 - 0 ] INFO  ratis.XceiverServerRatis (XceiverServerRatis.java:start(518)) - Starting XceiverServerRatis 21006111-8cd4-4582-9969-7940c2dbc712
2023-03-15 05:44:35,771 [EndpointStateMachine task thread for /0.0.0.0:39725 - 0 ] INFO  server.RaftServer (RaftServerProxy.java:startImpl(393)) - 21006111-8cd4-4582-9969-7940c2dbc712: start RPC server
2023-03-15 05:44:35,777 [EndpointStateMachine task thread for /0.0.0.0:39725 - 0 ] INFO  server.GrpcService (GrpcService.java:startImpl(262)) - 21006111-8cd4-4582-9969-7940c2dbc712: GrpcService started, listening on 37223
2023-03-15 05:44:35,777 [EndpointStateMachine task thread for /0.0.0.0:39725 - 0 ] INFO  ratis.XceiverServerRatis (XceiverServerRatis.java:getRealPort(544)) - XceiverServerRatis 21006111-8cd4-4582-9969-7940c2dbc712 is started using port 37223 for RATIS
2023-03-15 05:44:35,777 [JvmPauseMonitor6] INFO  util.JvmPauseMonitor (JvmPauseMonitor.java:run(105)) - JvmPauseMonitor-21006111-8cd4-4582-9969-7940c2dbc712: Started
2023-03-15 05:44:35,777 [EndpointStateMachine task thread for /0.0.0.0:39725 - 0 ] INFO  ratis.XceiverServerRatis (XceiverServerRatis.java:getRealPort(544)) - XceiverServerRatis 21006111-8cd4-4582-9969-7940c2dbc712 is started using port 37223 for RATIS_ADMIN
2023-03-15 05:44:35,777 [EndpointStateMachine task thread for /0.0.0.0:39725 - 0 ] INFO  ratis.XceiverServerRatis (XceiverServerRatis.java:getRealPort(544)) - XceiverServerRatis 21006111-8cd4-4582-9969-7940c2dbc712 is started using port 37223 for RATIS_SERVER
2023-03-15 05:44:35,777 [EndpointStateMachine task thread for /0.0.0.0:39725 - 0 ] INFO  ratis.XceiverServerRatis (XceiverServerRatis.java:getRealPort(544)) - XceiverServerRatis 21006111-8cd4-4582-9969-7940c2dbc712 is started using port 39239 for RATIS_DATASTREAM
2023-03-15 05:44:35,779 [EndpointStateMachine task thread for /0.0.0.0:39725 - 0 ] INFO  server.XceiverServerGrpc (XceiverServerGrpc.java:start(180)) - XceiverServerGrpc 21006111-8cd4-4582-9969-7940c2dbc712 is started using port 42533
2023-03-15 05:44:35,779 [BlockDeletingService#0] INFO  interfaces.ContainerDeletionChoosingPolicyTemplate (ContainerDeletionChoosingPolicyTemplate.java:chooseContainerForBlockDeletion(83)) - Chosen 0/5000 blocks from 0 candidate containers.
2023-03-15 05:44:36,089 [EndpointStateMachine task thread for /0.0.0.0:39725 - 0 ] INFO  utils.DatanodeStoreCache (DatanodeStoreCache.java:addDB(58)) - Added db /home/runner/work/ozone/ozone/hadoop-ozone/integration-test/target/test-dir/MiniOzoneClusterImpl-f3f3c3ea-d6fe-44d8-a21f-130fd89482f1/datanode-1/data-0/containers/hdds/f3f3c3ea-d6fe-44d8-a21f-130fd89482f1/DS-b672d1cc-090c-48e7-81d6-c0f7699c4306/container.db to cache
2023-03-15 05:44:36,089 [EndpointStateMachine task thread for /0.0.0.0:39725 - 0 ] INFO  volume.HddsVolume (HddsVolume.java:createDbStore(331)) - SchemaV3 db is created and loaded at /home/runner/work/ozone/ozone/hadoop-ozone/integration-test/target/test-dir/MiniOzoneClusterImpl-f3f3c3ea-d6fe-44d8-a21f-130fd89482f1/datanode-1/data-0/containers/hdds/f3f3c3ea-d6fe-44d8-a21f-130fd89482f1/DS-b672d1cc-090c-48e7-81d6-c0f7699c4306/container.db for volume DS-b672d1cc-090c-48e7-81d6-c0f7699c4306
2023-03-15 05:44:36,090 [EndpointStateMachine task thread for /0.0.0.0:39725 - 0 ] INFO  ozoneimpl.OzoneContainer (OzoneContainer.java:start(401)) - Attempting to start container services.
2023-03-15 05:44:36,090 [EndpointStateMachine task thread for /0.0.0.0:39725 - 0 ] INFO  ozoneimpl.OzoneContainer (OzoneContainer.java:startContainerScrub(318)) - Scheduled background container scanners and the on-demand container scanner have been disabled.
2023-03-15 05:44:36,092 [EndpointStateMachine task thread for /0.0.0.0:39725 - 0 ] INFO  replication.ReplicationServer (ReplicationServer.java:start(109)) - ReplicationServer is started using port 40859
2023-03-15 05:44:36,093 [EndpointStateMachine task thread for /0.0.0.0:39725 - 0 ] INFO  ratis.XceiverServerRatis (XceiverServerRatis.java:start(518)) - Starting XceiverServerRatis 0abd910a-099e-433f-90a2-1c025d1dc7f3
2023-03-15 05:44:36,094 [EndpointStateMachine task thread for /0.0.0.0:39725 - 0 ] INFO  server.RaftServer (RaftServerProxy.java:startImpl(393)) - 0abd910a-099e-433f-90a2-1c025d1dc7f3: start RPC server
2023-03-15 05:44:36,096 [EndpointStateMachine task thread for /0.0.0.0:39725 - 0 ] INFO  server.GrpcService (GrpcService.java:startImpl(262)) - 0abd910a-099e-433f-90a2-1c025d1dc7f3: GrpcService started, listening on 34751
2023-03-15 05:44:36,096 [EndpointStateMachine task thread for /0.0.0.0:39725 - 0 ] INFO  ratis.XceiverServerRatis (XceiverServerRatis.java:getRealPort(544)) - XceiverServerRatis 0abd910a-099e-433f-90a2-1c025d1dc7f3 is started using port 34751 for RATIS
2023-03-15 05:44:36,096 [JvmPauseMonitor7] INFO  util.JvmPauseMonitor (JvmPauseMonitor.java:run(105)) - JvmPauseMonitor-0abd910a-099e-433f-90a2-1c025d1dc7f3: Started
2023-03-15 05:44:36,096 [EndpointStateMachine task thread for /0.0.0.0:39725 - 0 ] INFO  ratis.XceiverServerRatis (XceiverServerRatis.java:getRealPort(544)) - XceiverServerRatis 0abd910a-099e-433f-90a2-1c025d1dc7f3 is started using port 34751 for RATIS_ADMIN
2023-03-15 05:44:36,097 [EndpointStateMachine task thread for /0.0.0.0:39725 - 0 ] INFO  ratis.XceiverServerRatis (XceiverServerRatis.java:getRealPort(544)) - XceiverServerRatis 0abd910a-099e-433f-90a2-1c025d1dc7f3 is started using port 34751 for RATIS_SERVER
2023-03-15 05:44:36,097 [EndpointStateMachine task thread for /0.0.0.0:39725 - 0 ] INFO  ratis.XceiverServerRatis (XceiverServerRatis.java:getRealPort(544)) - XceiverServerRatis 0abd910a-099e-433f-90a2-1c025d1dc7f3 is started using port 36347 for RATIS_DATASTREAM
2023-03-15 05:44:36,099 [Listener at 127.0.0.1/39193] INFO  ozone.MiniOzoneClusterImpl (MiniOzoneClusterImpl.java:lambda$waitForClusterToBeReady$0(218)) - Waiting for nodes to be ready. Got 0 of 5 DN Heartbeats.
2023-03-15 05:44:36,099 [Listener at 127.0.0.1/39193] INFO  ozone.MiniOzoneClusterImpl (MiniOzoneClusterImpl.java:lambda$waitForClusterToBeReady$0(221)) - Waiting for cluster to exit safe mode
2023-03-15 05:44:36,099 [Listener at 127.0.0.1/39193] INFO  ozone.MiniOzoneClusterImpl (MiniOzoneClusterImpl.java:lambda$waitForClusterToBeReady$0(223)) - SCM became leader
2023-03-15 05:44:36,102 [EndpointStateMachine task thread for /0.0.0.0:39725 - 0 ] INFO  server.XceiverServerGrpc (XceiverServerGrpc.java:start(180)) - XceiverServerGrpc 0abd910a-099e-433f-90a2-1c025d1dc7f3 is started using port 40861
2023-03-15 05:44:36,102 [BlockDeletingService#0] INFO  interfaces.ContainerDeletionChoosingPolicyTemplate (ContainerDeletionChoosingPolicyTemplate.java:chooseContainerForBlockDeletion(83)) - Chosen 0/5000 blocks from 0 candidate containers.
2023-03-15 05:44:36,437 [EndpointStateMachine task thread for /0.0.0.0:39725 - 0 ] INFO  utils.DatanodeStoreCache (DatanodeStoreCache.java:addDB(58)) - Added db /home/runner/work/ozone/ozone/hadoop-ozone/integration-test/target/test-dir/MiniOzoneClusterImpl-f3f3c3ea-d6fe-44d8-a21f-130fd89482f1/datanode-2/data-0/containers/hdds/f3f3c3ea-d6fe-44d8-a21f-130fd89482f1/DS-de599faa-8288-498b-a901-37bc4cb22ec1/container.db to cache
2023-03-15 05:44:36,437 [EndpointStateMachine task thread for /0.0.0.0:39725 - 0 ] INFO  volume.HddsVolume (HddsVolume.java:createDbStore(331)) - SchemaV3 db is created and loaded at /home/runner/work/ozone/ozone/hadoop-ozone/integration-test/target/test-dir/MiniOzoneClusterImpl-f3f3c3ea-d6fe-44d8-a21f-130fd89482f1/datanode-2/data-0/containers/hdds/f3f3c3ea-d6fe-44d8-a21f-130fd89482f1/DS-de599faa-8288-498b-a901-37bc4cb22ec1/container.db for volume DS-de599faa-8288-498b-a901-37bc4cb22ec1
2023-03-15 05:44:36,437 [EndpointStateMachine task thread for /0.0.0.0:39725 - 0 ] INFO  ozoneimpl.OzoneContainer (OzoneContainer.java:start(401)) - Attempting to start container services.
2023-03-15 05:44:36,437 [EndpointStateMachine task thread for /0.0.0.0:39725 - 0 ] INFO  ozoneimpl.OzoneContainer (OzoneContainer.java:startContainerScrub(318)) - Scheduled background container scanners and the on-demand container scanner have been disabled.
2023-03-15 05:44:36,439 [EndpointStateMachine task thread for /0.0.0.0:39725 - 0 ] INFO  replication.ReplicationServer (ReplicationServer.java:start(109)) - ReplicationServer is started using port 40033
2023-03-15 05:44:36,440 [EndpointStateMachine task thread for /0.0.0.0:39725 - 0 ] INFO  ratis.XceiverServerRatis (XceiverServerRatis.java:start(518)) - Starting XceiverServerRatis c612d8d5-a02f-487c-9690-98407afc9b63
2023-03-15 05:44:36,440 [EndpointStateMachine task thread for /0.0.0.0:39725 - 0 ] INFO  server.RaftServer (RaftServerProxy.java:startImpl(393)) - c612d8d5-a02f-487c-9690-98407afc9b63: start RPC server
2023-03-15 05:44:36,442 [EndpointStateMachine task thread for /0.0.0.0:39725 - 0 ] INFO  server.GrpcService (GrpcService.java:startImpl(262)) - c612d8d5-a02f-487c-9690-98407afc9b63: GrpcService started, listening on 38341
2023-03-15 05:44:36,442 [EndpointStateMachine task thread for /0.0.0.0:39725 - 0 ] INFO  ratis.XceiverServerRatis (XceiverServerRatis.java:getRealPort(544)) - XceiverServerRatis c612d8d5-a02f-487c-9690-98407afc9b63 is started using port 38341 for RATIS
2023-03-15 05:44:36,442 [EndpointStateMachine task thread for /0.0.0.0:39725 - 0 ] INFO  ratis.XceiverServerRatis (XceiverServerRatis.java:getRealPort(544)) - XceiverServerRatis c612d8d5-a02f-487c-9690-98407afc9b63 is started using port 38341 for RATIS_ADMIN
2023-03-15 05:44:36,442 [JvmPauseMonitor8] INFO  util.JvmPauseMonitor (JvmPauseMonitor.java:run(105)) - JvmPauseMonitor-c612d8d5-a02f-487c-9690-98407afc9b63: Started
2023-03-15 05:44:36,442 [EndpointStateMachine task thread for /0.0.0.0:39725 - 0 ] INFO  ratis.XceiverServerRatis (XceiverServerRatis.java:getRealPort(544)) - XceiverServerRatis c612d8d5-a02f-487c-9690-98407afc9b63 is started using port 38341 for RATIS_SERVER
2023-03-15 05:44:36,442 [EndpointStateMachine task thread for /0.0.0.0:39725 - 0 ] INFO  ratis.XceiverServerRatis (XceiverServerRatis.java:getRealPort(544)) - XceiverServerRatis c612d8d5-a02f-487c-9690-98407afc9b63 is started using port 46343 for RATIS_DATASTREAM
2023-03-15 05:44:36,445 [EndpointStateMachine task thread for /0.0.0.0:39725 - 0 ] INFO  server.XceiverServerGrpc (XceiverServerGrpc.java:start(180)) - XceiverServerGrpc c612d8d5-a02f-487c-9690-98407afc9b63 is started using port 45467
2023-03-15 05:44:36,446 [BlockDeletingService#0] INFO  interfaces.ContainerDeletionChoosingPolicyTemplate (ContainerDeletionChoosingPolicyTemplate.java:chooseContainerForBlockDeletion(83)) - Chosen 0/5000 blocks from 0 candidate containers.
2023-03-15 05:44:36,772 [EndpointStateMachine task thread for /0.0.0.0:39725 - 0 ] INFO  utils.DatanodeStoreCache (DatanodeStoreCache.java:addDB(58)) - Added db /home/runner/work/ozone/ozone/hadoop-ozone/integration-test/target/test-dir/MiniOzoneClusterImpl-f3f3c3ea-d6fe-44d8-a21f-130fd89482f1/datanode-3/data-0/containers/hdds/f3f3c3ea-d6fe-44d8-a21f-130fd89482f1/DS-263c579a-f3f3-4017-9a58-4e9ba0975252/container.db to cache
2023-03-15 05:44:36,772 [EndpointStateMachine task thread for /0.0.0.0:39725 - 0 ] INFO  volume.HddsVolume (HddsVolume.java:createDbStore(331)) - SchemaV3 db is created and loaded at /home/runner/work/ozone/ozone/hadoop-ozone/integration-test/target/test-dir/MiniOzoneClusterImpl-f3f3c3ea-d6fe-44d8-a21f-130fd89482f1/datanode-3/data-0/containers/hdds/f3f3c3ea-d6fe-44d8-a21f-130fd89482f1/DS-263c579a-f3f3-4017-9a58-4e9ba0975252/container.db for volume DS-263c579a-f3f3-4017-9a58-4e9ba0975252
2023-03-15 05:44:36,772 [EndpointStateMachine task thread for /0.0.0.0:39725 - 0 ] INFO  ozoneimpl.OzoneContainer (OzoneContainer.java:start(401)) - Attempting to start container services.
2023-03-15 05:44:36,772 [EndpointStateMachine task thread for /0.0.0.0:39725 - 0 ] INFO  ozoneimpl.OzoneContainer (OzoneContainer.java:startContainerScrub(318)) - Scheduled background container scanners and the on-demand container scanner have been disabled.
2023-03-15 05:44:36,776 [EndpointStateMachine task thread for /0.0.0.0:39725 - 0 ] INFO  replication.ReplicationServer (ReplicationServer.java:start(109)) - ReplicationServer is started using port 32843
2023-03-15 05:44:36,777 [EndpointStateMachine task thread for /0.0.0.0:39725 - 0 ] INFO  ratis.XceiverServerRatis (XceiverServerRatis.java:start(518)) - Starting XceiverServerRatis 894a1aca-b7ee-471e-bca8-24ba935f080a
2023-03-15 05:44:36,777 [EndpointStateMachine task thread for /0.0.0.0:39725 - 0 ] INFO  server.RaftServer (RaftServerProxy.java:startImpl(393)) - 894a1aca-b7ee-471e-bca8-24ba935f080a: start RPC server
2023-03-15 05:44:36,779 [EndpointStateMachine task thread for /0.0.0.0:39725 - 0 ] INFO  server.GrpcService (GrpcService.java:startImpl(262)) - 894a1aca-b7ee-471e-bca8-24ba935f080a: GrpcService started, listening on 43187
2023-03-15 05:44:36,780 [EndpointStateMachine task thread for /0.0.0.0:39725 - 0 ] INFO  ratis.XceiverServerRatis (XceiverServerRatis.java:getRealPort(544)) - XceiverServerRatis 894a1aca-b7ee-471e-bca8-24ba935f080a is started using port 43187 for RATIS
2023-03-15 05:44:36,780 [EndpointStateMachine task thread for /0.0.0.0:39725 - 0 ] INFO  ratis.XceiverServerRatis (XceiverServerRatis.java:getRealPort(544)) - XceiverServerRatis 894a1aca-b7ee-471e-bca8-24ba935f080a is started using port 43187 for RATIS_ADMIN
2023-03-15 05:44:36,780 [JvmPauseMonitor9] INFO  util.JvmPauseMonitor (JvmPauseMonitor.java:run(105)) - JvmPauseMonitor-894a1aca-b7ee-471e-bca8-24ba935f080a: Started
2023-03-15 05:44:36,781 [EndpointStateMachine task thread for /0.0.0.0:39725 - 0 ] INFO  ratis.XceiverServerRatis (XceiverServerRatis.java:getRealPort(544)) - XceiverServerRatis 894a1aca-b7ee-471e-bca8-24ba935f080a is started using port 43187 for RATIS_SERVER
2023-03-15 05:44:36,781 [EndpointStateMachine task thread for /0.0.0.0:39725 - 0 ] INFO  ratis.XceiverServerRatis (XceiverServerRatis.java:getRealPort(544)) - XceiverServerRatis 894a1aca-b7ee-471e-bca8-24ba935f080a is started using port 39227 for RATIS_DATASTREAM
2023-03-15 05:44:36,782 [EndpointStateMachine task thread for /0.0.0.0:39725 - 0 ] INFO  server.XceiverServerGrpc (XceiverServerGrpc.java:start(180)) - XceiverServerGrpc 894a1aca-b7ee-471e-bca8-24ba935f080a is started using port 39559
2023-03-15 05:44:36,783 [BlockDeletingService#0] INFO  interfaces.ContainerDeletionChoosingPolicyTemplate (ContainerDeletionChoosingPolicyTemplate.java:chooseContainerForBlockDeletion(83)) - Chosen 0/5000 blocks from 0 candidate containers.
2023-03-15 05:44:37,099 [Listener at 127.0.0.1/39193] INFO  ozone.MiniOzoneClusterImpl (MiniOzoneClusterImpl.java:lambda$waitForClusterToBeReady$0(218)) - Waiting for nodes to be ready. Got 0 of 5 DN Heartbeats.
2023-03-15 05:44:37,099 [Listener at 127.0.0.1/39193] INFO  ozone.MiniOzoneClusterImpl (MiniOzoneClusterImpl.java:lambda$waitForClusterToBeReady$0(221)) - Waiting for cluster to exit safe mode
2023-03-15 05:44:37,099 [Listener at 127.0.0.1/39193] INFO  ozone.MiniOzoneClusterImpl (MiniOzoneClusterImpl.java:lambda$waitForClusterToBeReady$0(223)) - SCM became leader
2023-03-15 05:44:37,134 [EndpointStateMachine task thread for /0.0.0.0:39725 - 0 ] INFO  utils.DatanodeStoreCache (DatanodeStoreCache.java:addDB(58)) - Added db /home/runner/work/ozone/ozone/hadoop-ozone/integration-test/target/test-dir/MiniOzoneClusterImpl-f3f3c3ea-d6fe-44d8-a21f-130fd89482f1/datanode-4/data-0/containers/hdds/f3f3c3ea-d6fe-44d8-a21f-130fd89482f1/DS-4daf0c6f-ee05-4bd5-9cb0-075deb29c7d5/container.db to cache
2023-03-15 05:44:37,134 [EndpointStateMachine task thread for /0.0.0.0:39725 - 0 ] INFO  volume.HddsVolume (HddsVolume.java:createDbStore(331)) - SchemaV3 db is created and loaded at /home/runner/work/ozone/ozone/hadoop-ozone/integration-test/target/test-dir/MiniOzoneClusterImpl-f3f3c3ea-d6fe-44d8-a21f-130fd89482f1/datanode-4/data-0/containers/hdds/f3f3c3ea-d6fe-44d8-a21f-130fd89482f1/DS-4daf0c6f-ee05-4bd5-9cb0-075deb29c7d5/container.db for volume DS-4daf0c6f-ee05-4bd5-9cb0-075deb29c7d5
2023-03-15 05:44:37,134 [EndpointStateMachine task thread for /0.0.0.0:39725 - 0 ] INFO  ozoneimpl.OzoneContainer (OzoneContainer.java:start(401)) - Attempting to start container services.
2023-03-15 05:44:37,134 [EndpointStateMachine task thread for /0.0.0.0:39725 - 0 ] INFO  ozoneimpl.OzoneContainer (OzoneContainer.java:startContainerScrub(318)) - Scheduled background container scanners and the on-demand container scanner have been disabled.
2023-03-15 05:44:37,136 [EndpointStateMachine task thread for /0.0.0.0:39725 - 0 ] INFO  replication.ReplicationServer (ReplicationServer.java:start(109)) - ReplicationServer is started using port 39663
2023-03-15 05:44:37,136 [EndpointStateMachine task thread for /0.0.0.0:39725 - 0 ] INFO  ratis.XceiverServerRatis (XceiverServerRatis.java:start(518)) - Starting XceiverServerRatis 5d6f94a2-048f-4621-ba55-83f2059cba08
2023-03-15 05:44:37,137 [EndpointStateMachine task thread for /0.0.0.0:39725 - 0 ] INFO  server.RaftServer (RaftServerProxy.java:startImpl(393)) - 5d6f94a2-048f-4621-ba55-83f2059cba08: start RPC server
2023-03-15 05:44:37,138 [EndpointStateMachine task thread for /0.0.0.0:39725 - 0 ] INFO  server.GrpcService (GrpcService.java:startImpl(262)) - 5d6f94a2-048f-4621-ba55-83f2059cba08: GrpcService started, listening on 42097
2023-03-15 05:44:37,138 [EndpointStateMachine task thread for /0.0.0.0:39725 - 0 ] INFO  ratis.XceiverServerRatis (XceiverServerRatis.java:getRealPort(544)) - XceiverServerRatis 5d6f94a2-048f-4621-ba55-83f2059cba08 is started using port 42097 for RATIS
2023-03-15 05:44:37,138 [EndpointStateMachine task thread for /0.0.0.0:39725 - 0 ] INFO  ratis.XceiverServerRatis (XceiverServerRatis.java:getRealPort(544)) - XceiverServerRatis 5d6f94a2-048f-4621-ba55-83f2059cba08 is started using port 42097 for RATIS_ADMIN
2023-03-15 05:44:37,138 [EndpointStateMachine task thread for /0.0.0.0:39725 - 0 ] INFO  ratis.XceiverServerRatis (XceiverServerRatis.java:getRealPort(544)) - XceiverServerRatis 5d6f94a2-048f-4621-ba55-83f2059cba08 is started using port 42097 for RATIS_SERVER
2023-03-15 05:44:37,138 [EndpointStateMachine task thread for /0.0.0.0:39725 - 0 ] INFO  ratis.XceiverServerRatis (XceiverServerRatis.java:getRealPort(544)) - XceiverServerRatis 5d6f94a2-048f-4621-ba55-83f2059cba08 is started using port 42251 for RATIS_DATASTREAM
2023-03-15 05:44:37,138 [JvmPauseMonitor10] INFO  util.JvmPauseMonitor (JvmPauseMonitor.java:run(105)) - JvmPauseMonitor-5d6f94a2-048f-4621-ba55-83f2059cba08: Started
2023-03-15 05:44:37,140 [EndpointStateMachine task thread for /0.0.0.0:39725 - 0 ] INFO  server.XceiverServerGrpc (XceiverServerGrpc.java:start(180)) - XceiverServerGrpc 5d6f94a2-048f-4621-ba55-83f2059cba08 is started using port 44967
2023-03-15 05:44:37,141 [BlockDeletingService#0] INFO  interfaces.ContainerDeletionChoosingPolicyTemplate (ContainerDeletionChoosingPolicyTemplate.java:chooseContainerForBlockDeletion(83)) - Chosen 0/5000 blocks from 0 candidate containers.
2023-03-15 05:44:37,722 [IPC Server handler 0 on default port 39725] INFO  net.NetworkTopologyImpl (NetworkTopologyImpl.java:add(112)) - Added a new node: /default-rack/21006111-8cd4-4582-9969-7940c2dbc712
2023-03-15 05:44:37,723 [IPC Server handler 0 on default port 39725] INFO  node.SCMNodeManager (SCMNodeManager.java:register(404)) - Registered Data node : 21006111-8cd4-4582-9969-7940c2dbc712{ip: 10.1.0.18, host: fv-az390-885.2udvygdcjcjuphbbpa4zxtqymb.gx.internal.cloudapp.net, ports: [REPLICATION=44039, RATIS=37223, RATIS_ADMIN=37223, RATIS_SERVER=37223, RATIS_DATASTREAM=39239, STANDALONE=42533], networkLocation: /default-rack, certSerialId: null, persistedOpState: null, persistedOpStateExpiryEpochSec: 0}
2023-03-15 05:44:37,727 [EventQueue-NodeRegistrationContainerReportForDataNodeSafeModeRule] INFO  safemode.SCMSafeModeManager (DataNodeSafeModeRule.java:process(71)) - SCM in safe mode. 1 DataNodes registered, 3 required.
2023-03-15 05:44:37,727 [EventQueue-NodeRegistrationContainerReportForContainerSafeModeRule] INFO  safemode.SCMSafeModeManager (SCMSafeModeManager.java:validateSafeModeExitRules(200)) - ContainerSafeModeRule rule is successfully validated
2023-03-15 05:44:37,728 [EventQueue-NewNodeForNewNodeHandler] INFO  pipeline.BackgroundPipelineCreator (BackgroundPipelineCreator.java:notifyEventTriggered(276)) - trigger a one-shot run on RatisPipelineUtilsThread.
2023-03-15 05:44:37,728 [RatisPipelineUtilsThread - 0] INFO  pipeline.RatisPipelineProvider (RatisPipelineProvider.java:lambda$create$0(206)) - Sending CreatePipelineCommand for pipeline:PipelineID=0a634649-0aa8-41b8-9dd0-0f2be0cc8c7a to datanode:21006111-8cd4-4582-9969-7940c2dbc712
2023-03-15 05:44:37,729 [RatisPipelineUtilsThread - 0] INFO  pipeline.PipelineStateManagerImpl (PipelineStateManagerImpl.java:addPipeline(103)) - Created pipeline Pipeline[ Id: 0a634649-0aa8-41b8-9dd0-0f2be0cc8c7a, Nodes: 21006111-8cd4-4582-9969-7940c2dbc712(fv-az390-885.2udvygdcjcjuphbbpa4zxtqymb.gx.internal.cloudapp.net/10.1.0.18), ReplicationConfig: RATIS/ONE, State:ALLOCATED, leaderId:, CreationTimestamp2023-03-15T05:44:37.728Z[Etc/UTC]].
2023-03-15 05:44:37,730 [EventQueue-PipelineReportForOneReplicaPipelineSafeModeRule] INFO  safemode.SCMSafeModeManager (SCMSafeModeManager.java:validateSafeModeExitRules(200)) - AtleastOneDatanodeReportedRule rule is successfully validated
2023-03-15 05:44:38,066 [IPC Server handler 2 on default port 39725] INFO  net.NetworkTopologyImpl (NetworkTopologyImpl.java:add(112)) - Added a new node: /default-rack/0abd910a-099e-433f-90a2-1c025d1dc7f3
2023-03-15 05:44:38,067 [IPC Server handler 2 on default port 39725] INFO  node.SCMNodeManager (SCMNodeManager.java:register(404)) - Registered Data node : 0abd910a-099e-433f-90a2-1c025d1dc7f3{ip: 10.1.0.18, host: fv-az390-885.2udvygdcjcjuphbbpa4zxtqymb.gx.internal.cloudapp.net, ports: [REPLICATION=40859, RATIS=34751, RATIS_ADMIN=34751, RATIS_SERVER=34751, RATIS_DATASTREAM=36347, STANDALONE=40861], networkLocation: /default-rack, certSerialId: null, persistedOpState: null, persistedOpStateExpiryEpochSec: 0}
2023-03-15 05:44:38,068 [EventQueue-NewNodeForNewNodeHandler] INFO  pipeline.BackgroundPipelineCreator (BackgroundPipelineCreator.java:notifyEventTriggered(276)) - trigger a one-shot run on RatisPipelineUtilsThread.
2023-03-15 05:44:38,068 [RatisPipelineUtilsThread - 0] INFO  pipeline.RatisPipelineProvider (RatisPipelineProvider.java:lambda$create$0(206)) - Sending CreatePipelineCommand for pipeline:PipelineID=e2f5b9f0-1821-4938-befe-203a7ea13c7c to datanode:0abd910a-099e-433f-90a2-1c025d1dc7f3
2023-03-15 05:44:38,069 [RatisPipelineUtilsThread - 0] INFO  pipeline.PipelineStateManagerImpl (PipelineStateManagerImpl.java:addPipeline(103)) - Created pipeline Pipeline[ Id: e2f5b9f0-1821-4938-befe-203a7ea13c7c, Nodes: 0abd910a-099e-433f-90a2-1c025d1dc7f3(fv-az390-885.2udvygdcjcjuphbbpa4zxtqymb.gx.internal.cloudapp.net/10.1.0.18), ReplicationConfig: RATIS/ONE, State:ALLOCATED, leaderId:, CreationTimestamp2023-03-15T05:44:38.068Z[Etc/UTC]].
2023-03-15 05:44:38,069 [EventQueue-NodeRegistrationContainerReportForDataNodeSafeModeRule] INFO  safemode.SCMSafeModeManager (DataNodeSafeModeRule.java:process(71)) - SCM in safe mode. 2 DataNodes registered, 3 required.
2023-03-15 05:44:38,100 [Listener at 127.0.0.1/39193] INFO  ozone.MiniOzoneClusterImpl (MiniOzoneClusterImpl.java:lambda$waitForClusterToBeReady$0(218)) - Waiting for nodes to be ready. Got 2 of 5 DN Heartbeats.
2023-03-15 05:44:38,100 [Listener at 127.0.0.1/39193] INFO  ozone.MiniOzoneClusterImpl (MiniOzoneClusterImpl.java:lambda$waitForClusterToBeReady$0(221)) - Waiting for cluster to exit safe mode
2023-03-15 05:44:38,100 [Listener at 127.0.0.1/39193] INFO  ozone.MiniOzoneClusterImpl (MiniOzoneClusterImpl.java:lambda$waitForClusterToBeReady$0(223)) - SCM became leader
2023-03-15 05:44:38,411 [IPC Server handler 3 on default port 39725] INFO  net.NetworkTopologyImpl (NetworkTopologyImpl.java:add(112)) - Added a new node: /default-rack/c612d8d5-a02f-487c-9690-98407afc9b63
2023-03-15 05:44:38,411 [IPC Server handler 3 on default port 39725] INFO  node.SCMNodeManager (SCMNodeManager.java:register(404)) - Registered Data node : c612d8d5-a02f-487c-9690-98407afc9b63{ip: 10.1.0.18, host: fv-az390-885.2udvygdcjcjuphbbpa4zxtqymb.gx.internal.cloudapp.net, ports: [REPLICATION=40033, RATIS=38341, RATIS_ADMIN=38341, RATIS_SERVER=38341, RATIS_DATASTREAM=46343, STANDALONE=45467], networkLocation: /default-rack, certSerialId: null, persistedOpState: null, persistedOpStateExpiryEpochSec: 0}
2023-03-15 05:44:38,412 [EventQueue-NewNodeForNewNodeHandler] INFO  pipeline.BackgroundPipelineCreator (BackgroundPipelineCreator.java:notifyEventTriggered(276)) - trigger a one-shot run on RatisPipelineUtilsThread.
2023-03-15 05:44:38,412 [EventQueue-NodeRegistrationContainerReportForDataNodeSafeModeRule] INFO  safemode.SCMSafeModeManager (DataNodeSafeModeRule.java:process(71)) - SCM in safe mode. 3 DataNodes registered, 3 required.
2023-03-15 05:44:38,412 [RatisPipelineUtilsThread - 0] INFO  pipeline.RatisPipelineProvider (RatisPipelineProvider.java:lambda$create$0(206)) - Sending CreatePipelineCommand for pipeline:PipelineID=9acf4574-ae4b-4dec-aec6-5a985b7ff42e to datanode:c612d8d5-a02f-487c-9690-98407afc9b63
2023-03-15 05:44:38,412 [EventQueue-NodeRegistrationContainerReportForDataNodeSafeModeRule] INFO  safemode.SCMSafeModeManager (SCMSafeModeManager.java:validateSafeModeExitRules(200)) - DataNodeSafeModeRule rule is successfully validated
2023-03-15 05:44:38,412 [EventQueue-NodeRegistrationContainerReportForDataNodeSafeModeRule] INFO  safemode.SCMSafeModeManager (SCMSafeModeManager.java:completePreCheck(229)) - All SCM safe mode pre check rules have passed
2023-03-15 05:44:38,412 [EventQueue-NodeRegistrationContainerReportForDataNodeSafeModeRule] INFO  ha.SCMContext (SCMContext.java:updateSafeModeStatus(228)) - Update SafeModeStatus from SafeModeStatus{safeModeStatus=true, preCheckPassed=false} to SafeModeStatus{safeModeStatus=true, preCheckPassed=true}.
2023-03-15 05:44:38,412 [EventQueue-NodeRegistrationContainerReportForDataNodeSafeModeRule] INFO  pipeline.BackgroundPipelineCreator (BackgroundPipelineCreator.java:notifyEventTriggered(276)) - trigger a one-shot run on RatisPipelineUtilsThread.
2023-03-15 05:44:38,413 [RatisPipelineUtilsThread - 0] INFO  pipeline.PipelineStateManagerImpl (PipelineStateManagerImpl.java:addPipeline(103)) - Created pipeline Pipeline[ Id: 9acf4574-ae4b-4dec-aec6-5a985b7ff42e, Nodes: c612d8d5-a02f-487c-9690-98407afc9b63(fv-az390-885.2udvygdcjcjuphbbpa4zxtqymb.gx.internal.cloudapp.net/10.1.0.18), ReplicationConfig: RATIS/ONE, State:ALLOCATED, leaderId:, CreationTimestamp2023-03-15T05:44:38.412Z[Etc/UTC]].
2023-03-15 05:44:38,413 [RatisPipelineUtilsThread - 0] INFO  pipeline.RatisPipelineProvider (RatisPipelineProvider.java:lambda$create$0(206)) - Sending CreatePipelineCommand for pipeline:PipelineID=c4468dee-5aa6-4bd8-9f90-defb60cf163a to datanode:c612d8d5-a02f-487c-9690-98407afc9b63
2023-03-15 05:44:38,413 [RatisPipelineUtilsThread - 0] INFO  pipeline.RatisPipelineProvider (RatisPipelineProvider.java:lambda$create$0(206)) - Sending CreatePipelineCommand for pipeline:PipelineID=c4468dee-5aa6-4bd8-9f90-defb60cf163a to datanode:21006111-8cd4-4582-9969-7940c2dbc712
2023-03-15 05:44:38,413 [RatisPipelineUtilsThread - 0] INFO  pipeline.RatisPipelineProvider (RatisPipelineProvider.java:lambda$create$0(206)) - Sending CreatePipelineCommand for pipeline:PipelineID=c4468dee-5aa6-4bd8-9f90-defb60cf163a to datanode:0abd910a-099e-433f-90a2-1c025d1dc7f3
2023-03-15 05:44:38,413 [RatisPipelineUtilsThread - 0] INFO  pipeline.PipelineStateManagerImpl (PipelineStateManagerImpl.java:addPipeline(103)) - Created pipeline Pipeline[ Id: c4468dee-5aa6-4bd8-9f90-defb60cf163a, Nodes: c612d8d5-a02f-487c-9690-98407afc9b63(fv-az390-885.2udvygdcjcjuphbbpa4zxtqymb.gx.internal.cloudapp.net/10.1.0.18)21006111-8cd4-4582-9969-7940c2dbc712(fv-az390-885.2udvygdcjcjuphbbpa4zxtqymb.gx.internal.cloudapp.net/10.1.0.18)0abd910a-099e-433f-90a2-1c025d1dc7f3(fv-az390-885.2udvygdcjcjuphbbpa4zxtqymb.gx.internal.cloudapp.net/10.1.0.18), ReplicationConfig: RATIS/THREE, State:ALLOCATED, leaderId:, CreationTimestamp2023-03-15T05:44:38.413Z[Etc/UTC]].
2023-03-15 05:44:38,414 [RatisPipelineUtilsThread - 0] INFO  pipeline.RatisPipelineProvider (RatisPipelineProvider.java:lambda$create$0(206)) - Sending CreatePipelineCommand for pipeline:PipelineID=5157f040-aeaf-454c-93b2-f307a16a3b83 to datanode:0abd910a-099e-433f-90a2-1c025d1dc7f3
2023-03-15 05:44:38,414 [RatisPipelineUtilsThread - 0] INFO  pipeline.RatisPipelineProvider (RatisPipelineProvider.java:lambda$create$0(206)) - Sending CreatePipelineCommand for pipeline:PipelineID=5157f040-aeaf-454c-93b2-f307a16a3b83 to datanode:c612d8d5-a02f-487c-9690-98407afc9b63
2023-03-15 05:44:38,414 [RatisPipelineUtilsThread - 0] INFO  pipeline.RatisPipelineProvider (RatisPipelineProvider.java:lambda$create$0(206)) - Sending CreatePipelineCommand for pipeline:PipelineID=5157f040-aeaf-454c-93b2-f307a16a3b83 to datanode:21006111-8cd4-4582-9969-7940c2dbc712
2023-03-15 05:44:38,414 [RatisPipelineUtilsThread - 0] INFO  pipeline.PipelineStateManagerImpl (PipelineStateManagerImpl.java:addPipeline(103)) - Created pipeline Pipeline[ Id: 5157f040-aeaf-454c-93b2-f307a16a3b83, Nodes: 0abd910a-099e-433f-90a2-1c025d1dc7f3(fv-az390-885.2udvygdcjcjuphbbpa4zxtqymb.gx.internal.cloudapp.net/10.1.0.18)c612d8d5-a02f-487c-9690-98407afc9b63(fv-az390-885.2udvygdcjcjuphbbpa4zxtqymb.gx.internal.cloudapp.net/10.1.0.18)21006111-8cd4-4582-9969-7940c2dbc712(fv-az390-885.2udvygdcjcjuphbbpa4zxtqymb.gx.internal.cloudapp.net/10.1.0.18), ReplicationConfig: RATIS/THREE, State:ALLOCATED, leaderId:, CreationTimestamp2023-03-15T05:44:38.414Z[Etc/UTC]].
2023-03-15 05:44:38,414 [RatisPipelineUtilsThread - 0] INFO  pipeline.PipelineManagerImpl (PipelineManagerImpl.java:recordMetricsForPipeline(826)) - Pipeline: PipelineID=5157f040-aeaf-454c-93b2-f307a16a3b83 contains same datanodes as previous pipelines: PipelineID=c4468dee-5aa6-4bd8-9f90-defb60cf163a nodeIds: 0abd910a-099e-433f-90a2-1c025d1dc7f3, c612d8d5-a02f-487c-9690-98407afc9b63, 21006111-8cd4-4582-9969-7940c2dbc712
2023-03-15 05:44:38,415 [RatisPipelineUtilsThread - 0] WARN  pipeline.PipelinePlacementPolicy (PipelinePlacementPolicy.java:filterViableNodes(158)) - Pipeline creation failed due to no sufficient healthy datanodes. Required 3. Found 0.
2023-03-15 05:44:38,415 [RatisPipelineUtilsThread - 0] WARN  pipeline.PipelinePlacementPolicy (PipelinePlacementPolicy.java:filterViableNodes(158)) - Pipeline creation failed due to no sufficient healthy datanodes. Required 3. Found 0.
2023-03-15 05:44:38,746 [IPC Server handler 1 on default port 39725] INFO  net.NetworkTopologyImpl (NetworkTopologyImpl.java:add(112)) - Added a new node: /default-rack/894a1aca-b7ee-471e-bca8-24ba935f080a
2023-03-15 05:44:38,746 [IPC Server handler 1 on default port 39725] INFO  node.SCMNodeManager (SCMNodeManager.java:register(404)) - Registered Data node : 894a1aca-b7ee-471e-bca8-24ba935f080a{ip: 10.1.0.18, host: fv-az390-885.2udvygdcjcjuphbbpa4zxtqymb.gx.internal.cloudapp.net, ports: [REPLICATION=32843, RATIS=43187, RATIS_ADMIN=43187, RATIS_SERVER=43187, RATIS_DATASTREAM=39227, STANDALONE=39559], networkLocation: /default-rack, certSerialId: null, persistedOpState: null, persistedOpStateExpiryEpochSec: 0}
2023-03-15 05:44:38,746 [EventQueue-NewNodeForNewNodeHandler] INFO  pipeline.BackgroundPipelineCreator (BackgroundPipelineCreator.java:notifyEventTriggered(276)) - trigger a one-shot run on RatisPipelineUtilsThread.
2023-03-15 05:44:38,746 [RatisPipelineUtilsThread - 0] INFO  pipeline.RatisPipelineProvider (RatisPipelineProvider.java:lambda$create$0(206)) - Sending CreatePipelineCommand for pipeline:PipelineID=438c8c81-ae6f-4449-baf2-d13a6919cc25 to datanode:894a1aca-b7ee-471e-bca8-24ba935f080a
2023-03-15 05:44:38,747 [RatisPipelineUtilsThread - 0] INFO  pipeline.PipelineStateManagerImpl (PipelineStateManagerImpl.java:addPipeline(103)) - Created pipeline Pipeline[ Id: 438c8c81-ae6f-4449-baf2-d13a6919cc25, Nodes: 894a1aca-b7ee-471e-bca8-24ba935f080a(fv-az390-885.2udvygdcjcjuphbbpa4zxtqymb.gx.internal.cloudapp.net/10.1.0.18), ReplicationConfig: RATIS/ONE, State:ALLOCATED, leaderId:, CreationTimestamp2023-03-15T05:44:38.746Z[Etc/UTC]].
2023-03-15 05:44:38,748 [RatisPipelineUtilsThread - 0] WARN  pipeline.PipelinePlacementPolicy (PipelinePlacementPolicy.java:filterViableNodes(158)) - Pipeline creation failed due to no sufficient healthy datanodes. Required 3. Found 1.
2023-03-15 05:44:39,100 [Listener at 127.0.0.1/39193] INFO  ozone.MiniOzoneClusterImpl (MiniOzoneClusterImpl.java:lambda$waitForClusterToBeReady$0(218)) - Waiting for nodes to be ready. Got 4 of 5 DN Heartbeats.
2023-03-15 05:44:39,100 [Listener at 127.0.0.1/39193] INFO  ozone.MiniOzoneClusterImpl (MiniOzoneClusterImpl.java:lambda$waitForClusterToBeReady$0(221)) - Waiting for cluster to exit safe mode
2023-03-15 05:44:39,100 [Listener at 127.0.0.1/39193] INFO  ozone.MiniOzoneClusterImpl (MiniOzoneClusterImpl.java:lambda$waitForClusterToBeReady$0(223)) - SCM became leader
2023-03-15 05:44:39,111 [IPC Server handler 3 on default port 39725] INFO  net.NetworkTopologyImpl (NetworkTopologyImpl.java:add(112)) - Added a new node: /default-rack/5d6f94a2-048f-4621-ba55-83f2059cba08
2023-03-15 05:44:39,111 [IPC Server handler 3 on default port 39725] INFO  node.SCMNodeManager (SCMNodeManager.java:register(404)) - Registered Data node : 5d6f94a2-048f-4621-ba55-83f2059cba08{ip: 10.1.0.18, host: fv-az390-885.2udvygdcjcjuphbbpa4zxtqymb.gx.internal.cloudapp.net, ports: [REPLICATION=39663, RATIS=42097, RATIS_ADMIN=42097, RATIS_SERVER=42097, RATIS_DATASTREAM=42251, STANDALONE=44967], networkLocation: /default-rack, certSerialId: null, persistedOpState: null, persistedOpStateExpiryEpochSec: 0}
2023-03-15 05:44:39,112 [EventQueue-NewNodeForNewNodeHandler] INFO  pipeline.BackgroundPipelineCreator (BackgroundPipelineCreator.java:notifyEventTriggered(276)) - trigger a one-shot run on RatisPipelineUtilsThread.
2023-03-15 05:44:39,112 [RatisPipelineUtilsThread - 0] INFO  pipeline.RatisPipelineProvider (RatisPipelineProvider.java:lambda$create$0(206)) - Sending CreatePipelineCommand for pipeline:PipelineID=683125f6-fef0-438b-bcb5-76db89390821 to datanode:5d6f94a2-048f-4621-ba55-83f2059cba08
2023-03-15 05:44:39,113 [RatisPipelineUtilsThread - 0] INFO  pipeline.PipelineStateManagerImpl (PipelineStateManagerImpl.java:addPipeline(103)) - Created pipeline Pipeline[ Id: 683125f6-fef0-438b-bcb5-76db89390821, Nodes: 5d6f94a2-048f-4621-ba55-83f2059cba08(fv-az390-885.2udvygdcjcjuphbbpa4zxtqymb.gx.internal.cloudapp.net/10.1.0.18), ReplicationConfig: RATIS/ONE, State:ALLOCATED, leaderId:, CreationTimestamp2023-03-15T05:44:39.112Z[Etc/UTC]].
2023-03-15 05:44:39,113 [RatisPipelineUtilsThread - 0] WARN  pipeline.PipelinePlacementPolicy (PipelinePlacementPolicy.java:filterViableNodes(158)) - Pipeline creation failed due to no sufficient healthy datanodes. Required 3. Found 2.
2023-03-15 05:44:40,101 [Listener at 127.0.0.1/39193] INFO  ozone.MiniOzoneClusterImpl (MiniOzoneClusterImpl.java:lambda$waitForClusterToBeReady$0(218)) - Nodes are ready. Got 5 of 5 DN Heartbeats.
2023-03-15 05:44:40,101 [Listener at 127.0.0.1/39193] INFO  ozone.MiniOzoneClusterImpl (MiniOzoneClusterImpl.java:lambda$waitForClusterToBeReady$0(221)) - Waiting for cluster to exit safe mode
2023-03-15 05:44:40,101 [Listener at 127.0.0.1/39193] INFO  ozone.MiniOzoneClusterImpl (MiniOzoneClusterImpl.java:lambda$waitForClusterToBeReady$0(223)) - SCM became leader
2023-03-15 05:44:40,723 [Command processor thread] INFO  server.RaftServer (RaftServerProxy.java:addNew(96)) - 21006111-8cd4-4582-9969-7940c2dbc712: addNew group-0F2BE0CC8C7A:[21006111-8cd4-4582-9969-7940c2dbc712|rpc:10.1.0.18:37223|dataStream:10.1.0.18:39239|priority:1|startupRole:FOLLOWER] returns group-0F2BE0CC8C7A:java.util.concurrent.CompletableFuture@6ce67ada[Not completed]
2023-03-15 05:44:40,724 [pool-277-thread-1] INFO  server.RaftServer$Division (RaftServerImpl.java:<init>(195)) - 21006111-8cd4-4582-9969-7940c2dbc712: new RaftServerImpl for group-0F2BE0CC8C7A:[21006111-8cd4-4582-9969-7940c2dbc712|rpc:10.1.0.18:37223|dataStream:10.1.0.18:39239|priority:1|startupRole:FOLLOWER] with ContainerStateMachine:uninitialized
2023-03-15 05:44:40,724 [pool-277-thread-1] INFO  server.RaftServerConfigKeys (ConfUtils.java:logGet(46)) - raft.server.rpc.timeout.min = 5s (custom)
2023-03-15 05:44:40,724 [pool-277-thread-1] INFO  server.RaftServerConfigKeys (ConfUtils.java:logGet(46)) - raft.server.rpc.timeout.max = 5200ms (custom)
2023-03-15 05:44:40,725 [pool-277-thread-1] INFO  server.RaftServerConfigKeys (ConfUtils.java:logGet(46)) - raft.server.rpc.sleep.time = 25ms (default)
2023-03-15 05:44:40,725 [pool-277-thread-1] INFO  server.RaftServerConfigKeys (ConfUtils.java:logGet(46)) - raft.server.rpc.slowness.timeout = 300s (custom)
2023-03-15 05:44:40,725 [pool-277-thread-1] INFO  server.RaftServerConfigKeys (ConfUtils.java:logGet(46)) - raft.server.leaderelection.leader.step-down.wait-time = 10s (default)
2023-03-15 05:44:40,725 [pool-277-thread-1] INFO  server.RaftServerConfigKeys (ConfUtils.java:logGet(46)) - raft.server.sleep.deviation.threshold = 300ms (default)
2023-03-15 05:44:40,725 [pool-277-thread-1] INFO  server.RaftServer$Division (ServerState.java:<init>(118)) - 21006111-8cd4-4582-9969-7940c2dbc712@group-0F2BE0CC8C7A: ConfigurationManager, init=-1: peers:[21006111-8cd4-4582-9969-7940c2dbc712|rpc:10.1.0.18:37223|dataStream:10.1.0.18:39239|priority:1|startupRole:FOLLOWER]|listeners:[], old=null, confs=<EMPTY_MAP>
2023-03-15 05:44:40,725 [pool-277-thread-1] INFO  server.RaftServerConfigKeys (ConfUtils.java:logGet(46)) - raft.server.storage.dir = [/home/runner/work/ozone/ozone/hadoop-ozone/integration-test/target/test-dir/MiniOzoneClusterImpl-f3f3c3ea-d6fe-44d8-a21f-130fd89482f1/datanode-0/data/ratis] (custom)
2023-03-15 05:44:40,725 [pool-277-thread-1] INFO  server.RaftServerConfigKeys (ConfUtils.java:logGet(46)) - raft.server.log.corruption.policy = EXCEPTION (default)
2023-03-15 05:44:40,725 [pool-277-thread-1] INFO  server.RaftServerConfigKeys (ConfUtils.java:logGet(46)) - raft.server.storage.free-space.min = 0MB (=0) (default)
2023-03-15 05:44:40,725 [pool-277-thread-1] INFO  server.RaftServerConfigKeys (ConfUtils.java:logGet(46)) - raft.server.notification.no-leader.timeout = 300s (custom)
2023-03-15 05:44:40,725 [pool-277-thread-1] INFO  server.RaftServerConfigKeys (ConfUtils.java:logGet(46)) - raft.server.retrycache.expirytime = 600000ms (custom)
2023-03-15 05:44:40,725 [pool-277-thread-1] INFO  server.RaftServerConfigKeys (ConfUtils.java:logGet(46)) - raft.server.retrycache.statistics.expirytime = 100μs (default)
2023-03-15 05:44:40,726 [pool-277-thread-1] INFO  server.RaftServerConfigKeys (ConfUtils.java:logGet(46)) - raft.server.log.appender.install.snapshot.enabled = false (custom)
2023-03-15 05:44:40,726 [pool-277-thread-1] INFO  server.RaftServerConfigKeys (ConfUtils.java:logGet(46)) - raft.server.threadpool.server.cached = true (default)
2023-03-15 05:44:40,726 [pool-277-thread-1] INFO  server.RaftServerConfigKeys (ConfUtils.java:logGet(46)) - raft.server.threadpool.server.size = 0 (default)
2023-03-15 05:44:40,726 [pool-277-thread-1] INFO  server.RaftServerConfigKeys (ConfUtils.java:logGet(46)) - raft.server.threadpool.client.cached = true (default)
2023-03-15 05:44:40,726 [pool-277-thread-1] INFO  server.RaftServerConfigKeys (ConfUtils.java:logGet(46)) - raft.server.threadpool.client.size = 0 (default)
2023-03-15 05:44:40,726 [pool-277-thread-1] INFO  storage.RaftStorageDirectory (RaftStorageDirectoryImpl.java:analyzeStorage(137)) - The storage directory /home/runner/work/ozone/ozone/hadoop-ozone/integration-test/target/test-dir/MiniOzoneClusterImpl-f3f3c3ea-d6fe-44d8-a21f-130fd89482f1/datanode-0/data/ratis/0a634649-0aa8-41b8-9dd0-0f2be0cc8c7a does not exist. Creating ...
2023-03-15 05:44:40,727 [pool-277-thread-1] INFO  storage.RaftStorageDirectory (RaftStorageDirectoryImpl.java:tryLock(231)) - Lock on /home/runner/work/ozone/ozone/hadoop-ozone/integration-test/target/test-dir/MiniOzoneClusterImpl-f3f3c3ea-d6fe-44d8-a21f-130fd89482f1/datanode-0/data/ratis/0a634649-0aa8-41b8-9dd0-0f2be0cc8c7a/in_use.lock acquired by nodename 67552@fv-az390-885
2023-03-15 05:44:40,729 [pool-277-thread-1] INFO  storage.RaftStorage (RaftStorageImpl.java:format(96)) - Storage directory /home/runner/work/ozone/ozone/hadoop-ozone/integration-test/target/test-dir/MiniOzoneClusterImpl-f3f3c3ea-d6fe-44d8-a21f-130fd89482f1/datanode-0/data/ratis/0a634649-0aa8-41b8-9dd0-0f2be0cc8c7a has been successfully formatted.
2023-03-15 05:44:40,730 [pool-277-thread-1] INFO  ratis.ContainerStateMachine (ContainerStateMachine.java:loadSnapshot(262)) - group-0F2BE0CC8C7A: The snapshot info is null. Setting the last applied indexto:(t:0, i:~)
2023-03-15 05:44:40,730 [pool-277-thread-1] INFO  server.RaftServerConfigKeys (ConfUtils.java:logGet(46)) - raft.server.log.use.memory = false (default)
2023-03-15 05:44:40,730 [pool-277-thread-1] INFO  server.RaftServerConfigKeys (ConfUtils.java:logGet(46)) - raft.server.log.purge.gap = 1000000 (custom)
2023-03-15 05:44:40,730 [pool-277-thread-1] INFO  server.RaftServerConfigKeys (ConfUtils.java:logGet(46)) - raft.server.log.appender.buffer.byte-limit = 33554432 (custom)
2023-03-15 05:44:40,730 [pool-277-thread-1] INFO  server.RaftServerConfigKeys (ConfUtils.java:logGet(46)) - raft.server.log.statemachine.data.read.timeout = 1000ms (default)
2023-03-15 05:44:40,730 [pool-277-thread-1] INFO  server.RaftServerConfigKeys (ConfUtils.java:logGet(46)) - raft.server.log.purge.preservation.log.num = 0 (default)
2023-03-15 05:44:40,730 [pool-277-thread-1] INFO  server.RaftServerConfigKeys (ConfUtils.java:logGet(46)) - raft.server.log.segment.size.max = 1048576 (custom)
2023-03-15 05:44:40,730 [pool-277-thread-1] INFO  server.RaftServerConfigKeys (ConfUtils.java:logGet(46)) - raft.server.log.segment.cache.num.max = 2 (custom)
2023-03-15 05:44:40,730 [pool-277-thread-1] INFO  server.RaftServerConfigKeys (ConfUtils.java:logGet(46)) - raft.server.log.segment.cache.size.max = 200MB (=209715200) (default)
2023-03-15 05:44:40,730 [pool-277-thread-1] INFO  segmented.SegmentedRaftLogWorker (SegmentedRaftLogWorker.java:<init>(189)) - new 21006111-8cd4-4582-9969-7940c2dbc712@group-0F2BE0CC8C7A-SegmentedRaftLogWorker for RaftStorageImpl:Storage Directory /home/runner/work/ozone/ozone/hadoop-ozone/integration-test/target/test-dir/MiniOzoneClusterImpl-f3f3c3ea-d6fe-44d8-a21f-130fd89482f1/datanode-0/data/ratis/0a634649-0aa8-41b8-9dd0-0f2be0cc8c7a
2023-03-15 05:44:40,730 [pool-277-thread-1] INFO  server.RaftServerConfigKeys (ConfUtils.java:logGet(46)) - raft.server.log.queue.byte-limit = 4294967296 (custom)
2023-03-15 05:44:40,730 [pool-277-thread-1] INFO  server.RaftServerConfigKeys (ConfUtils.java:logGet(46)) - raft.server.log.queue.element-limit = 1024 (custom)
2023-03-15 05:44:40,731 [pool-277-thread-1] INFO  server.RaftServerConfigKeys (ConfUtils.java:logGet(46)) - raft.server.log.segment.size.max = 1048576 (custom)
2023-03-15 05:44:40,731 [pool-277-thread-1] INFO  server.RaftServerConfigKeys (ConfUtils.java:logGet(46)) - raft.server.log.preallocated.size = 16384 (custom)
2023-03-15 05:44:40,731 [pool-277-thread-1] INFO  server.RaftServerConfigKeys (ConfUtils.java:logGet(46)) - raft.server.log.force.sync.num = 128 (default)
2023-03-15 05:44:40,731 [EventQueue-PipelineReportForPipelineReportHandler] INFO  pipeline.PipelineManagerImpl (PipelineManagerImpl.java:openPipeline(367)) - Pipeline Pipeline[ Id: 0a634649-0aa8-41b8-9dd0-0f2be0cc8c7a, Nodes: 21006111-8cd4-4582-9969-7940c2dbc712(fv-az390-885.2udvygdcjcjuphbbpa4zxtqymb.gx.internal.cloudapp.net/10.1.0.18), ReplicationConfig: RATIS/ONE, State:ALLOCATED, leaderId:21006111-8cd4-4582-9969-7940c2dbc712, CreationTimestamp2023-03-15T05:44:37.728Z[Etc/UTC]] moved to OPEN state
2023-03-15 05:44:40,731 [pool-277-thread-1] INFO  server.RaftServerConfigKeys (ConfUtils.java:logGet(46)) - raft.server.log.statemachine.data.sync = true (default)
2023-03-15 05:44:40,731 [pool-277-thread-1] INFO  server.RaftServerConfigKeys (ConfUtils.java:logGet(46)) - raft.server.log.statemachine.data.sync.timeout = 10s (default)
2023-03-15 05:44:40,731 [pool-277-thread-1] INFO  server.RaftServerConfigKeys (ConfUtils.java:logGet(46)) - raft.server.log.statemachine.data.sync.timeout.retry = -1 (default)
2023-03-15 05:44:40,731 [pool-277-thread-1] INFO  server.RaftServerConfigKeys (ConfUtils.java:logGet(46)) - raft.server.log.write.buffer.size = 1048576 (custom)
2023-03-15 05:44:40,732 [pool-277-thread-1] INFO  server.RaftServerConfigKeys (ConfUtils.java:logGet(46)) - raft.server.log.appender.buffer.byte-limit = 33554432 (custom)
2023-03-15 05:44:40,735 [pool-277-thread-1] INFO  server.RaftServerConfigKeys (ConfUtils.java:logGet(46)) - raft.server.log.unsafe-flush.enabled = false (default)
2023-03-15 05:44:40,735 [pool-277-thread-1] INFO  server.RaftServerConfigKeys (ConfUtils.java:logGet(46)) - raft.server.log.async-flush.enabled = false (default)
2023-03-15 05:44:40,735 [pool-277-thread-1] INFO  server.RaftServerConfigKeys (ConfUtils.java:logGet(46)) - raft.server.log.statemachine.data.caching.enabled = true (custom)
2023-03-15 05:44:40,735 [pool-277-thread-1] INFO  segmented.SegmentedRaftLogWorker (SegmentedRaftLogWorker.java:lambda$new$0(135)) - 21006111-8cd4-4582-9969-7940c2dbc712@group-0F2BE0CC8C7A-SegmentedRaftLogWorker: flushIndex: setUnconditionally 0 -> -1
2023-03-15 05:44:40,735 [pool-277-thread-1] INFO  segmented.SegmentedRaftLogWorker (SegmentedRaftLogWorker.java:lambda$new$0(135)) - 21006111-8cd4-4582-9969-7940c2dbc712@group-0F2BE0CC8C7A-SegmentedRaftLogWorker: safeCacheEvictIndex: setUnconditionally 0 -> -1
2023-03-15 05:44:40,735 [pool-277-thread-1] INFO  server.RaftServer$Division (RaftServerImpl.java:start(334)) - 21006111-8cd4-4582-9969-7940c2dbc712@group-0F2BE0CC8C7A: start as a follower, conf=-1: peers:[21006111-8cd4-4582-9969-7940c2dbc712|rpc:10.1.0.18:37223|dataStream:10.1.0.18:39239|priority:1|startupRole:FOLLOWER]|listeners:[], old=null
2023-03-15 05:44:40,735 [pool-277-thread-1] INFO  server.RaftServer$Division (RaftServerImpl.java:setRole(321)) - 21006111-8cd4-4582-9969-7940c2dbc712@group-0F2BE0CC8C7A: changes role from      null to FOLLOWER at term 0 for startAsFollower
2023-03-15 05:44:40,736 [pool-277-thread-1] INFO  impl.RoleInfo (RoleInfo.java:updateAndGet(139)) - 21006111-8cd4-4582-9969-7940c2dbc712: start 21006111-8cd4-4582-9969-7940c2dbc712@group-0F2BE0CC8C7A-FollowerState
2023-03-15 05:44:40,737 [pool-277-thread-1] INFO  util.JmxRegister (JmxRegister.java:tryRegister(44)) - Successfully registered JMX Bean with object name Ratis:service=RaftServer,group=group-0F2BE0CC8C7A,id=21006111-8cd4-4582-9969-7940c2dbc712
2023-03-15 05:44:40,737 [pool-277-thread-1] INFO  server.RaftServerConfigKeys (ConfUtils.java:logGet(46)) - raft.server.snapshot.auto.trigger.enabled = true (custom)
2023-03-15 05:44:40,737 [pool-277-thread-1] INFO  server.RaftServerConfigKeys (ConfUtils.java:logGet(46)) - raft.server.snapshot.auto.trigger.threshold = 10000 (custom)
2023-03-15 05:44:40,738 [pool-277-thread-1] INFO  server.RaftServerConfigKeys (ConfUtils.java:logGet(46)) - raft.server.snapshot.retention.file.num = 5 (custom)
2023-03-15 05:44:40,738 [pool-277-thread-1] INFO  server.RaftServerConfigKeys (ConfUtils.java:logGet(46)) - raft.server.log.purge.upto.snapshot.index = false (default)
2023-03-15 05:44:40,738 [21006111-8cd4-4582-9969-7940c2dbc712@group-0F2BE0CC8C7A-FollowerState] INFO  server.RaftServerConfigKeys (ConfUtils.java:logFallback(53)) - raft.server.rpc.first-election.timeout.min = 5s (fallback to raft.server.rpc.timeout.min)
2023-03-15 05:44:40,743 [Command processor thread] INFO  ratis.XceiverServerRatis (XceiverServerRatis.java:addGroup(807)) - Created group PipelineID=0a634649-0aa8-41b8-9dd0-0f2be0cc8c7a
2023-03-15 05:44:40,743 [Command processor thread] INFO  commandhandler.CreatePipelineCommandHandler (CreatePipelineCommandHandler.java:handle(113)) - Created Pipeline RATIS ONE PipelineID=0a634649-0aa8-41b8-9dd0-0f2be0cc8c7a.
2023-03-15 05:44:40,743 [21006111-8cd4-4582-9969-7940c2dbc712@group-0F2BE0CC8C7A-FollowerState] INFO  server.RaftServerConfigKeys (ConfUtils.java:logFallback(53)) - raft.server.rpc.first-election.timeout.max = 5200ms (fallback to raft.server.rpc.timeout.max)
2023-03-15 05:44:40,743 [Command processor thread] INFO  server.RaftServer (RaftServerProxy.java:addNew(96)) - 21006111-8cd4-4582-9969-7940c2dbc712: addNew group-DEFB60CF163A:[c612d8d5-a02f-487c-9690-98407afc9b63|rpc:10.1.0.18:38341|dataStream:10.1.0.18:46343|priority:0|startupRole:FOLLOWER, 21006111-8cd4-4582-9969-7940c2dbc712|rpc:10.1.0.18:37223|dataStream:10.1.0.18:39239|priority:1|startupRole:FOLLOWER, 0abd910a-099e-433f-90a2-1c025d1dc7f3|rpc:10.1.0.18:34751|dataStream:10.1.0.18:36347|priority:0|startupRole:FOLLOWER] returns group-DEFB60CF163A:java.util.concurrent.CompletableFuture@68d9e39e[Not completed]
2023-03-15 05:44:40,743 [EventQueue-OpenPipelineForHealthyPipelineSafeModeRule] INFO  safemode.SCMSafeModeManager (HealthyPipelineSafeModeRule.java:process(137)) - SCM in safe mode. Healthy pipelines reported count is 0, required healthy pipeline reported count is 1
2023-03-15 05:44:40,744 [pool-277-thread-1] INFO  server.RaftServer$Division (RaftServerImpl.java:<init>(195)) - 21006111-8cd4-4582-9969-7940c2dbc712: new RaftServerImpl for group-DEFB60CF163A:[c612d8d5-a02f-487c-9690-98407afc9b63|rpc:10.1.0.18:38341|dataStream:10.1.0.18:46343|priority:0|startupRole:FOLLOWER, 21006111-8cd4-4582-9969-7940c2dbc712|rpc:10.1.0.18:37223|dataStream:10.1.0.18:39239|priority:1|startupRole:FOLLOWER, 0abd910a-099e-433f-90a2-1c025d1dc7f3|rpc:10.1.0.18:34751|dataStream:10.1.0.18:36347|priority:0|startupRole:FOLLOWER] with ContainerStateMachine:uninitialized
2023-03-15 05:44:40,744 [pool-277-thread-1] INFO  server.RaftServerConfigKeys (ConfUtils.java:logGet(46)) - raft.server.rpc.timeout.min = 5s (custom)
2023-03-15 05:44:40,744 [pool-277-thread-1] INFO  server.RaftServerConfigKeys (ConfUtils.java:logGet(46)) - raft.server.rpc.timeout.max = 5200ms (custom)
2023-03-15 05:44:40,744 [pool-277-thread-1] INFO  server.RaftServerConfigKeys (ConfUtils.java:logGet(46)) - raft.server.rpc.sleep.time = 25ms (default)
2023-03-15 05:44:40,744 [pool-277-thread-1] INFO  server.RaftServerConfigKeys (ConfUtils.java:logGet(46)) - raft.server.rpc.slowness.timeout = 300s (custom)
2023-03-15 05:44:40,744 [pool-277-thread-1] INFO  server.RaftServerConfigKeys (ConfUtils.java:logGet(46)) - raft.server.leaderelection.leader.step-down.wait-time = 10s (default)
2023-03-15 05:44:40,744 [pool-277-thread-1] INFO  server.RaftServerConfigKeys (ConfUtils.java:logGet(46)) - raft.server.sleep.deviation.threshold = 300ms (default)
2023-03-15 05:44:40,744 [pool-277-thread-1] INFO  server.RaftServer$Division (ServerState.java:<init>(118)) - 21006111-8cd4-4582-9969-7940c2dbc712@group-DEFB60CF163A: ConfigurationManager, init=-1: peers:[c612d8d5-a02f-487c-9690-98407afc9b63|rpc:10.1.0.18:38341|dataStream:10.1.0.18:46343|priority:0|startupRole:FOLLOWER, 21006111-8cd4-4582-9969-7940c2dbc712|rpc:10.1.0.18:37223|dataStream:10.1.0.18:39239|priority:1|startupRole:FOLLOWER, 0abd910a-099e-433f-90a2-1c025d1dc7f3|rpc:10.1.0.18:34751|dataStream:10.1.0.18:36347|priority:0|startupRole:FOLLOWER]|listeners:[], old=null, confs=<EMPTY_MAP>
2023-03-15 05:44:40,744 [pool-277-thread-1] INFO  server.RaftServerConfigKeys (ConfUtils.java:logGet(46)) - raft.server.storage.dir = [/home/runner/work/ozone/ozone/hadoop-ozone/integration-test/target/test-dir/MiniOzoneClusterImpl-f3f3c3ea-d6fe-44d8-a21f-130fd89482f1/datanode-0/data/ratis] (custom)
2023-03-15 05:44:40,744 [pool-277-thread-1] INFO  server.RaftServerConfigKeys (ConfUtils.java:logGet(46)) - raft.server.log.corruption.policy = EXCEPTION (default)
2023-03-15 05:44:40,744 [pool-277-thread-1] INFO  server.RaftServerConfigKeys (ConfUtils.java:logGet(46)) - raft.server.storage.free-space.min = 0MB (=0) (default)
2023-03-15 05:44:40,745 [pool-277-thread-1] INFO  server.RaftServerConfigKeys (ConfUtils.java:logGet(46)) - raft.server.notification.no-leader.timeout = 300s (custom)
2023-03-15 05:44:40,745 [pool-277-thread-1] INFO  server.RaftServerConfigKeys (ConfUtils.java:logGet(46)) - raft.server.retrycache.expirytime = 600000ms (custom)
2023-03-15 05:44:40,745 [pool-277-thread-1] INFO  server.RaftServerConfigKeys (ConfUtils.java:logGet(46)) - raft.server.retrycache.statistics.expirytime = 100μs (default)
2023-03-15 05:44:40,745 [pool-277-thread-1] INFO  server.RaftServerConfigKeys (ConfUtils.java:logGet(46)) - raft.server.log.appender.install.snapshot.enabled = false (custom)
2023-03-15 05:44:40,745 [pool-277-thread-1] INFO  server.RaftServerConfigKeys (ConfUtils.java:logGet(46)) - raft.server.threadpool.server.cached = true (default)
2023-03-15 05:44:40,745 [pool-277-thread-1] INFO  server.RaftServerConfigKeys (ConfUtils.java:logGet(46)) - raft.server.threadpool.server.size = 0 (default)
2023-03-15 05:44:40,745 [pool-277-thread-1] INFO  server.RaftServerConfigKeys (ConfUtils.java:logGet(46)) - raft.server.threadpool.client.cached = true (default)
2023-03-15 05:44:40,745 [pool-277-thread-1] INFO  server.RaftServerConfigKeys (ConfUtils.java:logGet(46)) - raft.server.threadpool.client.size = 0 (default)
2023-03-15 05:44:40,746 [pool-277-thread-1] INFO  storage.RaftStorageDirectory (RaftStorageDirectoryImpl.java:analyzeStorage(137)) - The storage directory /home/runner/work/ozone/ozone/hadoop-ozone/integration-test/target/test-dir/MiniOzoneClusterImpl-f3f3c3ea-d6fe-44d8-a21f-130fd89482f1/datanode-0/data/ratis/c4468dee-5aa6-4bd8-9f90-defb60cf163a does not exist. Creating ...
2023-03-15 05:44:40,748 [pool-277-thread-1] INFO  storage.RaftStorageDirectory (RaftStorageDirectoryImpl.java:tryLock(231)) - Lock on /home/runner/work/ozone/ozone/hadoop-ozone/integration-test/target/test-dir/MiniOzoneClusterImpl-f3f3c3ea-d6fe-44d8-a21f-130fd89482f1/datanode-0/data/ratis/c4468dee-5aa6-4bd8-9f90-defb60cf163a/in_use.lock acquired by nodename 67552@fv-az390-885
2023-03-15 05:44:40,749 [pool-277-thread-1] INFO  storage.RaftStorage (RaftStorageImpl.java:format(96)) - Storage directory /home/runner/work/ozone/ozone/hadoop-ozone/integration-test/target/test-dir/MiniOzoneClusterImpl-f3f3c3ea-d6fe-44d8-a21f-130fd89482f1/datanode-0/data/ratis/c4468dee-5aa6-4bd8-9f90-defb60cf163a has been successfully formatted.
2023-03-15 05:44:40,750 [pool-277-thread-1] INFO  ratis.ContainerStateMachine (ContainerStateMachine.java:loadSnapshot(262)) - group-DEFB60CF163A: The snapshot info is null. Setting the last applied indexto:(t:0, i:~)
2023-03-15 05:44:40,750 [pool-277-thread-1] INFO  server.RaftServerConfigKeys (ConfUtils.java:logGet(46)) - raft.server.log.use.memory = false (default)
2023-03-15 05:44:40,750 [pool-277-thread-1] INFO  server.RaftServerConfigKeys (ConfUtils.java:logGet(46)) - raft.server.log.purge.gap = 1000000 (custom)
2023-03-15 05:44:40,750 [pool-277-thread-1] INFO  server.RaftServerConfigKeys (ConfUtils.java:logGet(46)) - raft.server.log.appender.buffer.byte-limit = 33554432 (custom)
2023-03-15 05:44:40,750 [pool-277-thread-1] INFO  server.RaftServerConfigKeys (ConfUtils.java:logGet(46)) - raft.server.log.statemachine.data.read.timeout = 1000ms (default)
2023-03-15 05:44:40,750 [pool-277-thread-1] INFO  server.RaftServerConfigKeys (ConfUtils.java:logGet(46)) - raft.server.log.purge.preservation.log.num = 0 (default)
2023-03-15 05:44:40,751 [pool-277-thread-1] INFO  server.RaftServerConfigKeys (ConfUtils.java:logGet(46)) - raft.server.log.segment.size.max = 1048576 (custom)
2023-03-15 05:44:40,751 [pool-277-thread-1] INFO  server.RaftServerConfigKeys (ConfUtils.java:logGet(46)) - raft.server.log.segment.cache.num.max = 2 (custom)
2023-03-15 05:44:40,751 [pool-277-thread-1] INFO  server.RaftServerConfigKeys (ConfUtils.java:logGet(46)) - raft.server.log.segment.cache.size.max = 200MB (=209715200) (default)
2023-03-15 05:44:40,751 [pool-277-thread-1] INFO  segmented.SegmentedRaftLogWorker (SegmentedRaftLogWorker.java:<init>(189)) - new 21006111-8cd4-4582-9969-7940c2dbc712@group-DEFB60CF163A-SegmentedRaftLogWorker for RaftStorageImpl:Storage Directory /home/runner/work/ozone/ozone/hadoop-ozone/integration-test/target/test-dir/MiniOzoneClusterImpl-f3f3c3ea-d6fe-44d8-a21f-130fd89482f1/datanode-0/data/ratis/c4468dee-5aa6-4bd8-9f90-defb60cf163a
2023-03-15 05:44:40,751 [pool-277-thread-1] INFO  server.RaftServerConfigKeys (ConfUtils.java:logGet(46)) - raft.server.log.queue.byte-limit = 4294967296 (custom)
2023-03-15 05:44:40,751 [pool-277-thread-1] INFO  server.RaftServerConfigKeys (ConfUtils.java:logGet(46)) - raft.server.log.queue.element-limit = 1024 (custom)
2023-03-15 05:44:40,750 [EventQueue-OpenPipelineForHealthyPipelineSafeModeRule] INFO  safemode.SCMSafeModeManager (HealthyPipelineSafeModeRule.java:process(137)) - SCM in safe mode. Healthy pipelines reported count is 0, required healthy pipeline reported count is 1
2023-03-15 05:44:40,751 [pool-277-thread-1] INFO  server.RaftServerConfigKeys (ConfUtils.java:logGet(46)) - raft.server.log.segment.size.max = 1048576 (custom)
2023-03-15 05:44:40,751 [pool-277-thread-1] INFO  server.RaftServerConfigKeys (ConfUtils.java:logGet(46)) - raft.server.log.preallocated.size = 16384 (custom)
2023-03-15 05:44:40,751 [pool-277-thread-1] INFO  server.RaftServerConfigKeys (ConfUtils.java:logGet(46)) - raft.server.log.force.sync.num = 128 (default)
2023-03-15 05:44:40,751 [pool-277-thread-1] INFO  server.RaftServerConfigKeys (ConfUtils.java:logGet(46)) - raft.server.log.statemachine.data.sync = true (default)
2023-03-15 05:44:40,751 [pool-277-thread-1] INFO  server.RaftServerConfigKeys (ConfUtils.java:logGet(46)) - raft.server.log.statemachine.data.sync.timeout = 10s (default)
2023-03-15 05:44:40,751 [pool-277-thread-1] INFO  server.RaftServerConfigKeys (ConfUtils.java:logGet(46)) - raft.server.log.statemachine.data.sync.timeout.retry = -1 (default)
2023-03-15 05:44:40,752 [pool-277-thread-1] INFO  server.RaftServerConfigKeys (ConfUtils.java:logGet(46)) - raft.server.log.write.buffer.size = 1048576 (custom)
2023-03-15 05:44:40,752 [pool-277-thread-1] INFO  server.RaftServerConfigKeys (ConfUtils.java:logGet(46)) - raft.server.log.appender.buffer.byte-limit = 33554432 (custom)
2023-03-15 05:44:40,755 [pool-277-thread-1] INFO  server.RaftServerConfigKeys (ConfUtils.java:logGet(46)) - raft.server.log.unsafe-flush.enabled = false (default)
2023-03-15 05:44:40,755 [pool-277-thread-1] INFO  server.RaftServerConfigKeys (ConfUtils.java:logGet(46)) - raft.server.log.async-flush.enabled = false (default)
2023-03-15 05:44:40,755 [pool-277-thread-1] INFO  server.RaftServerConfigKeys (ConfUtils.java:logGet(46)) - raft.server.log.statemachine.data.caching.enabled = true (custom)
2023-03-15 05:44:40,755 [pool-277-thread-1] INFO  segmented.SegmentedRaftLogWorker (SegmentedRaftLogWorker.java:lambda$new$0(135)) - 21006111-8cd4-4582-9969-7940c2dbc712@group-DEFB60CF163A-SegmentedRaftLogWorker: flushIndex: setUnconditionally 0 -> -1
2023-03-15 05:44:40,755 [pool-277-thread-1] INFO  segmented.SegmentedRaftLogWorker (SegmentedRaftLogWorker.java:lambda$new$0(135)) - 21006111-8cd4-4582-9969-7940c2dbc712@group-DEFB60CF163A-SegmentedRaftLogWorker: safeCacheEvictIndex: setUnconditionally 0 -> -1
2023-03-15 05:44:40,755 [pool-277-thread-1] INFO  server.RaftServer$Division (RaftServerImpl.java:start(334)) - 21006111-8cd4-4582-9969-7940c2dbc712@group-DEFB60CF163A: start as a follower, conf=-1: peers:[c612d8d5-a02f-487c-9690-98407afc9b63|rpc:10.1.0.18:38341|dataStream:10.1.0.18:46343|priority:0|startupRole:FOLLOWER, 21006111-8cd4-4582-9969-7940c2dbc712|rpc:10.1.0.18:37223|dataStream:10.1.0.18:39239|priority:1|startupRole:FOLLOWER, 0abd910a-099e-433f-90a2-1c025d1dc7f3|rpc:10.1.0.18:34751|dataStream:10.1.0.18:36347|priority:0|startupRole:FOLLOWER]|listeners:[], old=null
2023-03-15 05:44:40,755 [pool-277-thread-1] INFO  server.RaftServer$Division (RaftServerImpl.java:setRole(321)) - 21006111-8cd4-4582-9969-7940c2dbc712@group-DEFB60CF163A: changes role from      null to FOLLOWER at term 0 for startAsFollower
2023-03-15 05:44:40,755 [pool-277-thread-1] INFO  impl.RoleInfo (RoleInfo.java:updateAndGet(139)) - 21006111-8cd4-4582-9969-7940c2dbc712: start 21006111-8cd4-4582-9969-7940c2dbc712@group-DEFB60CF163A-FollowerState
2023-03-15 05:44:40,756 [pool-277-thread-1] INFO  util.JmxRegister (JmxRegister.java:tryRegister(44)) - Successfully registered JMX Bean with object name Ratis:service=RaftServer,group=group-DEFB60CF163A,id=21006111-8cd4-4582-9969-7940c2dbc712
2023-03-15 05:44:40,756 [21006111-8cd4-4582-9969-7940c2dbc712@group-DEFB60CF163A-FollowerState] INFO  server.RaftServerConfigKeys (ConfUtils.java:logFallback(53)) - raft.server.rpc.first-election.timeout.min = 5s (fallback to raft.server.rpc.timeout.min)
2023-03-15 05:44:40,756 [pool-277-thread-1] INFO  server.RaftServerConfigKeys (ConfUtils.java:logGet(46)) - raft.server.snapshot.auto.trigger.enabled = true (custom)
2023-03-15 05:44:40,756 [21006111-8cd4-4582-9969-7940c2dbc712@group-DEFB60CF163A-FollowerState] INFO  server.RaftServerConfigKeys (ConfUtils.java:logFallback(53)) - raft.server.rpc.first-election.timeout.max = 5200ms (fallback to raft.server.rpc.timeout.max)
2023-03-15 05:44:40,756 [pool-277-thread-1] INFO  server.RaftServerConfigKeys (ConfUtils.java:logGet(46)) - raft.server.snapshot.auto.trigger.threshold = 10000 (custom)
2023-03-15 05:44:40,756 [pool-277-thread-1] INFO  server.RaftServerConfigKeys (ConfUtils.java:logGet(46)) - raft.server.snapshot.retention.file.num = 5 (custom)
2023-03-15 05:44:40,756 [pool-277-thread-1] INFO  server.RaftServerConfigKeys (ConfUtils.java:logGet(46)) - raft.server.log.purge.upto.snapshot.index = false (default)
2023-03-15 05:44:40,756 [Command processor thread] INFO  ratis.XceiverServerRatis (XceiverServerRatis.java:addGroup(807)) - Created group PipelineID=c4468dee-5aa6-4bd8-9f90-defb60cf163a
2023-03-15 05:44:40,770 [grpc-default-executor-0] INFO  server.RaftServer (RaftServerProxy.java:addNew(96)) - c612d8d5-a02f-487c-9690-98407afc9b63: addNew group-DEFB60CF163A:[c612d8d5-a02f-487c-9690-98407afc9b63|rpc:10.1.0.18:38341|dataStream:10.1.0.18:46343|priority:0|startupRole:FOLLOWER, 21006111-8cd4-4582-9969-7940c2dbc712|rpc:10.1.0.18:37223|dataStream:10.1.0.18:39239|priority:1|startupRole:FOLLOWER, 0abd910a-099e-433f-90a2-1c025d1dc7f3|rpc:10.1.0.18:34751|dataStream:10.1.0.18:36347|priority:0|startupRole:FOLLOWER] returns group-DEFB60CF163A:java.util.concurrent.CompletableFuture@6525ce35[Not completed]
2023-03-15 05:44:40,771 [pool-321-thread-1] INFO  server.RaftServer$Division (RaftServerImpl.java:<init>(195)) - c612d8d5-a02f-487c-9690-98407afc9b63: new RaftServerImpl for group-DEFB60CF163A:[c612d8d5-a02f-487c-9690-98407afc9b63|rpc:10.1.0.18:38341|dataStream:10.1.0.18:46343|priority:0|startupRole:FOLLOWER, 21006111-8cd4-4582-9969-7940c2dbc712|rpc:10.1.0.18:37223|dataStream:10.1.0.18:39239|priority:1|startupRole:FOLLOWER, 0abd910a-099e-433f-90a2-1c025d1dc7f3|rpc:10.1.0.18:34751|dataStream:10.1.0.18:36347|priority:0|startupRole:FOLLOWER] with ContainerStateMachine:uninitialized
2023-03-15 05:44:40,771 [pool-321-thread-1] INFO  server.RaftServerConfigKeys (ConfUtils.java:logGet(46)) - raft.server.rpc.timeout.min = 5s (custom)
2023-03-15 05:44:40,771 [pool-321-thread-1] INFO  server.RaftServerConfigKeys (ConfUtils.java:logGet(46)) - raft.server.rpc.timeout.max = 5200ms (custom)
2023-03-15 05:44:40,772 [pool-321-thread-1] INFO  server.RaftServerConfigKeys (ConfUtils.java:logGet(46)) - raft.server.rpc.sleep.time = 25ms (default)
2023-03-15 05:44:40,772 [pool-321-thread-1] INFO  server.RaftServerConfigKeys (ConfUtils.java:logGet(46)) - raft.server.rpc.slowness.timeout = 300s (custom)
2023-03-15 05:44:40,772 [pool-321-thread-1] INFO  server.RaftServerConfigKeys (ConfUtils.java:logGet(46)) - raft.server.leaderelection.leader.step-down.wait-time = 10s (default)
2023-03-15 05:44:40,772 [pool-321-thread-1] INFO  server.RaftServerConfigKeys (ConfUtils.java:logGet(46)) - raft.server.sleep.deviation.threshold = 300ms (default)
2023-03-15 05:44:40,772 [pool-321-thread-1] INFO  server.RaftServer$Division (ServerState.java:<init>(118)) - c612d8d5-a02f-487c-9690-98407afc9b63@group-DEFB60CF163A: ConfigurationManager, init=-1: peers:[c612d8d5-a02f-487c-9690-98407afc9b63|rpc:10.1.0.18:38341|dataStream:10.1.0.18:46343|priority:0|startupRole:FOLLOWER, 21006111-8cd4-4582-9969-7940c2dbc712|rpc:10.1.0.18:37223|dataStream:10.1.0.18:39239|priority:1|startupRole:FOLLOWER, 0abd910a-099e-433f-90a2-1c025d1dc7f3|rpc:10.1.0.18:34751|dataStream:10.1.0.18:36347|priority:0|startupRole:FOLLOWER]|listeners:[], old=null, confs=<EMPTY_MAP>
2023-03-15 05:44:40,772 [pool-321-thread-1] INFO  server.RaftServerConfigKeys (ConfUtils.java:logGet(46)) - raft.server.storage.dir = [/home/runner/work/ozone/ozone/hadoop-ozone/integration-test/target/test-dir/MiniOzoneClusterImpl-f3f3c3ea-d6fe-44d8-a21f-130fd89482f1/datanode-2/data/ratis] (custom)
2023-03-15 05:44:40,772 [pool-321-thread-1] INFO  server.RaftServerConfigKeys (ConfUtils.java:logGet(46)) - raft.server.log.corruption.policy = EXCEPTION (default)
2023-03-15 05:44:40,772 [pool-321-thread-1] INFO  server.RaftServerConfigKeys (ConfUtils.java:logGet(46)) - raft.server.storage.free-space.min = 0MB (=0) (default)
2023-03-15 05:44:40,772 [pool-321-thread-1] INFO  server.RaftServerConfigKeys (ConfUtils.java:logGet(46)) - raft.server.notification.no-leader.timeout = 300s (custom)
2023-03-15 05:44:40,772 [pool-321-thread-1] INFO  server.RaftServerConfigKeys (ConfUtils.java:logGet(46)) - raft.server.retrycache.expirytime = 600000ms (custom)
2023-03-15 05:44:40,772 [pool-321-thread-1] INFO  server.RaftServerConfigKeys (ConfUtils.java:logGet(46)) - raft.server.retrycache.statistics.expirytime = 100μs (default)
2023-03-15 05:44:40,773 [pool-321-thread-1] INFO  server.RaftServerConfigKeys (ConfUtils.java:logGet(46)) - raft.server.log.appender.install.snapshot.enabled = false (custom)
2023-03-15 05:44:40,773 [pool-321-thread-1] INFO  server.RaftServerConfigKeys (ConfUtils.java:logGet(46)) - raft.server.threadpool.server.cached = true (default)
2023-03-15 05:44:40,773 [pool-321-thread-1] INFO  server.RaftServerConfigKeys (ConfUtils.java:logGet(46)) - raft.server.threadpool.server.size = 0 (default)
2023-03-15 05:44:40,773 [pool-321-thread-1] INFO  server.RaftServerConfigKeys (ConfUtils.java:logGet(46)) - raft.server.threadpool.client.cached = true (default)
2023-03-15 05:44:40,773 [pool-321-thread-1] INFO  server.RaftServerConfigKeys (ConfUtils.java:logGet(46)) - raft.server.threadpool.client.size = 0 (default)
2023-03-15 05:44:40,773 [pool-321-thread-1] INFO  storage.RaftStorageDirectory (RaftStorageDirectoryImpl.java:analyzeStorage(137)) - The storage directory /home/runner/work/ozone/ozone/hadoop-ozone/integration-test/target/test-dir/MiniOzoneClusterImpl-f3f3c3ea-d6fe-44d8-a21f-130fd89482f1/datanode-2/data/ratis/c4468dee-5aa6-4bd8-9f90-defb60cf163a does not exist. Creating ...
2023-03-15 05:44:40,774 [pool-321-thread-1] INFO  storage.RaftStorageDirectory (RaftStorageDirectoryImpl.java:tryLock(231)) - Lock on /home/runner/work/ozone/ozone/hadoop-ozone/integration-test/target/test-dir/MiniOzoneClusterImpl-f3f3c3ea-d6fe-44d8-a21f-130fd89482f1/datanode-2/data/ratis/c4468dee-5aa6-4bd8-9f90-defb60cf163a/in_use.lock acquired by nodename 67552@fv-az390-885
2023-03-15 05:44:40,775 [pool-321-thread-1] INFO  storage.RaftStorage (RaftStorageImpl.java:format(96)) - Storage directory /home/runner/work/ozone/ozone/hadoop-ozone/integration-test/target/test-dir/MiniOzoneClusterImpl-f3f3c3ea-d6fe-44d8-a21f-130fd89482f1/datanode-2/data/ratis/c4468dee-5aa6-4bd8-9f90-defb60cf163a has been successfully formatted.
2023-03-15 05:44:40,777 [pool-321-thread-1] INFO  ratis.ContainerStateMachine (ContainerStateMachine.java:loadSnapshot(262)) - group-DEFB60CF163A: The snapshot info is null. Setting the last applied indexto:(t:0, i:~)
2023-03-15 05:44:40,778 [pool-321-thread-1] INFO  server.RaftServerConfigKeys (ConfUtils.java:logGet(46)) - raft.server.log.use.memory = false (default)
2023-03-15 05:44:40,778 [pool-321-thread-1] INFO  server.RaftServerConfigKeys (ConfUtils.java:logGet(46)) - raft.server.log.purge.gap = 1000000 (custom)
2023-03-15 05:44:40,779 [pool-321-thread-1] INFO  server.RaftServerConfigKeys (ConfUtils.java:logGet(46)) - raft.server.log.appender.buffer.byte-limit = 33554432 (custom)
2023-03-15 05:44:40,779 [pool-321-thread-1] INFO  server.RaftServerConfigKeys (ConfUtils.java:logGet(46)) - raft.server.log.statemachine.data.read.timeout = 1000ms (default)
2023-03-15 05:44:40,779 [pool-321-thread-1] INFO  server.RaftServerConfigKeys (ConfUtils.java:logGet(46)) - raft.server.log.purge.preservation.log.num = 0 (default)
2023-03-15 05:44:40,779 [pool-321-thread-1] INFO  server.RaftServerConfigKeys (ConfUtils.java:logGet(46)) - raft.server.log.segment.size.max = 1048576 (custom)
2023-03-15 05:44:40,779 [pool-321-thread-1] INFO  server.RaftServerConfigKeys (ConfUtils.java:logGet(46)) - raft.server.log.segment.cache.num.max = 2 (custom)
2023-03-15 05:44:40,779 [pool-321-thread-1] INFO  server.RaftServerConfigKeys (ConfUtils.java:logGet(46)) - raft.server.log.segment.cache.size.max = 200MB (=209715200) (default)
2023-03-15 05:44:40,779 [pool-321-thread-1] INFO  segmented.SegmentedRaftLogWorker (SegmentedRaftLogWorker.java:<init>(189)) - new c612d8d5-a02f-487c-9690-98407afc9b63@group-DEFB60CF163A-SegmentedRaftLogWorker for RaftStorageImpl:Storage Directory /home/runner/work/ozone/ozone/hadoop-ozone/integration-test/target/test-dir/MiniOzoneClusterImpl-f3f3c3ea-d6fe-44d8-a21f-130fd89482f1/datanode-2/data/ratis/c4468dee-5aa6-4bd8-9f90-defb60cf163a
2023-03-15 05:44:40,779 [pool-321-thread-1] INFO  server.RaftServerConfigKeys (ConfUtils.java:logGet(46)) - raft.server.log.queue.byte-limit = 4294967296 (custom)
2023-03-15 05:44:40,779 [pool-321-thread-1] INFO  server.RaftServerConfigKeys (ConfUtils.java:logGet(46)) - raft.server.log.queue.element-limit = 1024 (custom)
2023-03-15 05:44:40,779 [pool-321-thread-1] INFO  server.RaftServerConfigKeys (ConfUtils.java:logGet(46)) - raft.server.log.segment.size.max = 1048576 (custom)
2023-03-15 05:44:40,779 [pool-321-thread-1] INFO  server.RaftServerConfigKeys (ConfUtils.java:logGet(46)) - raft.server.log.preallocated.size = 16384 (custom)
2023-03-15 05:44:40,779 [pool-321-thread-1] INFO  server.RaftServerConfigKeys (ConfUtils.java:logGet(46)) - raft.server.log.force.sync.num = 128 (default)
2023-03-15 05:44:40,779 [pool-321-thread-1] INFO  server.RaftServerConfigKeys (ConfUtils.java:logGet(46)) - raft.server.log.statemachine.data.sync = true (default)
2023-03-15 05:44:40,779 [pool-321-thread-1] INFO  server.RaftServerConfigKeys (ConfUtils.java:logGet(46)) - raft.server.log.statemachine.data.sync.timeout = 10s (default)
2023-03-15 05:44:40,779 [pool-321-thread-1] INFO  server.RaftServerConfigKeys (ConfUtils.java:logGet(46)) - raft.server.log.statemachine.data.sync.timeout.retry = -1 (default)
2023-03-15 05:44:40,780 [pool-321-thread-1] INFO  server.RaftServerConfigKeys (ConfUtils.java:logGet(46)) - raft.server.log.write.buffer.size = 1048576 (custom)
2023-03-15 05:44:40,780 [pool-321-thread-1] INFO  server.RaftServerConfigKeys (ConfUtils.java:logGet(46)) - raft.server.log.appender.buffer.byte-limit = 33554432 (custom)
2023-03-15 05:44:40,783 [pool-321-thread-1] INFO  server.RaftServerConfigKeys (ConfUtils.java:logGet(46)) - raft.server.log.unsafe-flush.enabled = false (default)
2023-03-15 05:44:40,783 [pool-321-thread-1] INFO  server.RaftServerConfigKeys (ConfUtils.java:logGet(46)) - raft.server.log.async-flush.enabled = false (default)
2023-03-15 05:44:40,783 [pool-321-thread-1] INFO  server.RaftServerConfigKeys (ConfUtils.java:logGet(46)) - raft.server.log.statemachine.data.caching.enabled = true (custom)
2023-03-15 05:44:40,783 [pool-321-thread-1] INFO  segmented.SegmentedRaftLogWorker (SegmentedRaftLogWorker.java:lambda$new$0(135)) - c612d8d5-a02f-487c-9690-98407afc9b63@group-DEFB60CF163A-SegmentedRaftLogWorker: flushIndex: setUnconditionally 0 -> -1
2023-03-15 05:44:40,783 [pool-321-thread-1] INFO  segmented.SegmentedRaftLogWorker (SegmentedRaftLogWorker.java:lambda$new$0(135)) - c612d8d5-a02f-487c-9690-98407afc9b63@group-DEFB60CF163A-SegmentedRaftLogWorker: safeCacheEvictIndex: setUnconditionally 0 -> -1
2023-03-15 05:44:40,786 [pool-321-thread-1] INFO  server.RaftServer$Division (RaftServerImpl.java:start(334)) - c612d8d5-a02f-487c-9690-98407afc9b63@group-DEFB60CF163A: start as a follower, conf=-1: peers:[c612d8d5-a02f-487c-9690-98407afc9b63|rpc:10.1.0.18:38341|dataStream:10.1.0.18:46343|priority:0|startupRole:FOLLOWER, 21006111-8cd4-4582-9969-7940c2dbc712|rpc:10.1.0.18:37223|dataStream:10.1.0.18:39239|priority:1|startupRole:FOLLOWER, 0abd910a-099e-433f-90a2-1c025d1dc7f3|rpc:10.1.0.18:34751|dataStream:10.1.0.18:36347|priority:0|startupRole:FOLLOWER]|listeners:[], old=null
2023-03-15 05:44:40,786 [pool-321-thread-1] INFO  server.RaftServer$Division (RaftServerImpl.java:setRole(321)) - c612d8d5-a02f-487c-9690-98407afc9b63@group-DEFB60CF163A: changes role from      null to FOLLOWER at term 0 for startAsFollower
2023-03-15 05:44:40,786 [pool-321-thread-1] INFO  impl.RoleInfo (RoleInfo.java:updateAndGet(139)) - c612d8d5-a02f-487c-9690-98407afc9b63: start c612d8d5-a02f-487c-9690-98407afc9b63@group-DEFB60CF163A-FollowerState
2023-03-15 05:44:40,786 [pool-321-thread-1] INFO  util.JmxRegister (JmxRegister.java:tryRegister(44)) - Successfully registered JMX Bean with object name Ratis:service=RaftServer,group=group-DEFB60CF163A,id=c612d8d5-a02f-487c-9690-98407afc9b63
2023-03-15 05:44:40,786 [pool-321-thread-1] INFO  server.RaftServerConfigKeys (ConfUtils.java:logGet(46)) - raft.server.snapshot.auto.trigger.enabled = true (custom)
2023-03-15 05:44:40,787 [pool-321-thread-1] INFO  server.RaftServerConfigKeys (ConfUtils.java:logGet(46)) - raft.server.snapshot.auto.trigger.threshold = 10000 (custom)
2023-03-15 05:44:40,787 [pool-321-thread-1] INFO  server.RaftServerConfigKeys (ConfUtils.java:logGet(46)) - raft.server.snapshot.retention.file.num = 5 (custom)
2023-03-15 05:44:40,787 [pool-321-thread-1] INFO  server.RaftServerConfigKeys (ConfUtils.java:logGet(46)) - raft.server.log.purge.upto.snapshot.index = false (default)
2023-03-15 05:44:40,787 [c612d8d5-a02f-487c-9690-98407afc9b63@group-DEFB60CF163A-FollowerState] INFO  server.RaftServerConfigKeys (ConfUtils.java:logFallback(53)) - raft.server.rpc.first-election.timeout.min = 5s (fallback to raft.server.rpc.timeout.min)
2023-03-15 05:44:40,787 [c612d8d5-a02f-487c-9690-98407afc9b63@group-DEFB60CF163A-FollowerState] INFO  server.RaftServerConfigKeys (ConfUtils.java:logFallback(53)) - raft.server.rpc.first-election.timeout.max = 5200ms (fallback to raft.server.rpc.timeout.max)
2023-03-15 05:44:40,813 [grpc-default-executor-0] INFO  server.RaftServer (RaftServerProxy.java:addNew(96)) - 0abd910a-099e-433f-90a2-1c025d1dc7f3: addNew group-DEFB60CF163A:[c612d8d5-a02f-487c-9690-98407afc9b63|rpc:10.1.0.18:38341|dataStream:10.1.0.18:46343|priority:0|startupRole:FOLLOWER, 21006111-8cd4-4582-9969-7940c2dbc712|rpc:10.1.0.18:37223|dataStream:10.1.0.18:39239|priority:1|startupRole:FOLLOWER, 0abd910a-099e-433f-90a2-1c025d1dc7f3|rpc:10.1.0.18:34751|dataStream:10.1.0.18:36347|priority:0|startupRole:FOLLOWER] returns group-DEFB60CF163A:java.util.concurrent.CompletableFuture@1fa7bc15[Not completed]
2023-03-15 05:44:40,814 [pool-299-thread-1] INFO  server.RaftServer$Division (RaftServerImpl.java:<init>(195)) - 0abd910a-099e-433f-90a2-1c025d1dc7f3: new RaftServerImpl for group-DEFB60CF163A:[c612d8d5-a02f-487c-9690-98407afc9b63|rpc:10.1.0.18:38341|dataStream:10.1.0.18:46343|priority:0|startupRole:FOLLOWER, 21006111-8cd4-4582-9969-7940c2dbc712|rpc:10.1.0.18:37223|dataStream:10.1.0.18:39239|priority:1|startupRole:FOLLOWER, 0abd910a-099e-433f-90a2-1c025d1dc7f3|rpc:10.1.0.18:34751|dataStream:10.1.0.18:36347|priority:0|startupRole:FOLLOWER] with ContainerStateMachine:uninitialized
2023-03-15 05:44:40,814 [pool-299-thread-1] INFO  server.RaftServerConfigKeys (ConfUtils.java:logGet(46)) - raft.server.rpc.timeout.min = 5s (custom)
2023-03-15 05:44:40,814 [pool-299-thread-1] INFO  server.RaftServerConfigKeys (ConfUtils.java:logGet(46)) - raft.server.rpc.timeout.max = 5200ms (custom)
2023-03-15 05:44:40,814 [pool-299-thread-1] INFO  server.RaftServerConfigKeys (ConfUtils.java:logGet(46)) - raft.server.rpc.sleep.time = 25ms (default)
2023-03-15 05:44:40,814 [pool-299-thread-1] INFO  server.RaftServerConfigKeys (ConfUtils.java:logGet(46)) - raft.server.rpc.slowness.timeout = 300s (custom)
2023-03-15 05:44:40,814 [pool-299-thread-1] INFO  server.RaftServerConfigKeys (ConfUtils.java:logGet(46)) - raft.server.leaderelection.leader.step-down.wait-time = 10s (default)
2023-03-15 05:44:40,814 [pool-299-thread-1] INFO  server.RaftServerConfigKeys (ConfUtils.java:logGet(46)) - raft.server.sleep.deviation.threshold = 300ms (default)
2023-03-15 05:44:40,815 [pool-299-thread-1] INFO  server.RaftServer$Division (ServerState.java:<init>(118)) - 0abd910a-099e-433f-90a2-1c025d1dc7f3@group-DEFB60CF163A: ConfigurationManager, init=-1: peers:[c612d8d5-a02f-487c-9690-98407afc9b63|rpc:10.1.0.18:38341|dataStream:10.1.0.18:46343|priority:0|startupRole:FOLLOWER, 21006111-8cd4-4582-9969-7940c2dbc712|rpc:10.1.0.18:37223|dataStream:10.1.0.18:39239|priority:1|startupRole:FOLLOWER, 0abd910a-099e-433f-90a2-1c025d1dc7f3|rpc:10.1.0.18:34751|dataStream:10.1.0.18:36347|priority:0|startupRole:FOLLOWER]|listeners:[], old=null, confs=<EMPTY_MAP>
2023-03-15 05:44:40,815 [pool-299-thread-1] INFO  server.RaftServerConfigKeys (ConfUtils.java:logGet(46)) - raft.server.storage.dir = [/home/runner/work/ozone/ozone/hadoop-ozone/integration-test/target/test-dir/MiniOzoneClusterImpl-f3f3c3ea-d6fe-44d8-a21f-130fd89482f1/datanode-1/data/ratis] (custom)
2023-03-15 05:44:40,815 [pool-299-thread-1] INFO  server.RaftServerConfigKeys (ConfUtils.java:logGet(46)) - raft.server.log.corruption.policy = EXCEPTION (default)
2023-03-15 05:44:40,815 [pool-299-thread-1] INFO  server.RaftServerConfigKeys (ConfUtils.java:logGet(46)) - raft.server.storage.free-space.min = 0MB (=0) (default)
2023-03-15 05:44:40,815 [pool-299-thread-1] INFO  server.RaftServerConfigKeys (ConfUtils.java:logGet(46)) - raft.server.notification.no-leader.timeout = 300s (custom)
2023-03-15 05:44:40,815 [pool-299-thread-1] INFO  server.RaftServerConfigKeys (ConfUtils.java:logGet(46)) - raft.server.retrycache.expirytime = 600000ms (custom)
2023-03-15 05:44:40,815 [pool-299-thread-1] INFO  server.RaftServerConfigKeys (ConfUtils.java:logGet(46)) - raft.server.retrycache.statistics.expirytime = 100μs (default)
2023-03-15 05:44:40,818 [pool-299-thread-1] INFO  server.RaftServerConfigKeys (ConfUtils.java:logGet(46)) - raft.server.log.appender.install.snapshot.enabled = false (custom)
2023-03-15 05:44:40,818 [pool-299-thread-1] INFO  server.RaftServerConfigKeys (ConfUtils.java:logGet(46)) - raft.server.threadpool.server.cached = true (default)
2023-03-15 05:44:40,818 [pool-299-thread-1] INFO  server.RaftServerConfigKeys (ConfUtils.java:logGet(46)) - raft.server.threadpool.server.size = 0 (default)
2023-03-15 05:44:40,818 [pool-299-thread-1] INFO  server.RaftServerConfigKeys (ConfUtils.java:logGet(46)) - raft.server.threadpool.client.cached = true (default)
2023-03-15 05:44:40,818 [pool-299-thread-1] INFO  server.RaftServerConfigKeys (ConfUtils.java:logGet(46)) - raft.server.threadpool.client.size = 0 (default)
2023-03-15 05:44:40,818 [pool-299-thread-1] INFO  storage.RaftStorageDirectory (RaftStorageDirectoryImpl.java:analyzeStorage(137)) - The storage directory /home/runner/work/ozone/ozone/hadoop-ozone/integration-test/target/test-dir/MiniOzoneClusterImpl-f3f3c3ea-d6fe-44d8-a21f-130fd89482f1/datanode-1/data/ratis/c4468dee-5aa6-4bd8-9f90-defb60cf163a does not exist. Creating ...
2023-03-15 05:44:40,819 [pool-299-thread-1] INFO  storage.RaftStorageDirectory (RaftStorageDirectoryImpl.java:tryLock(231)) - Lock on /home/runner/work/ozone/ozone/hadoop-ozone/integration-test/target/test-dir/MiniOzoneClusterImpl-f3f3c3ea-d6fe-44d8-a21f-130fd89482f1/datanode-1/data/ratis/c4468dee-5aa6-4bd8-9f90-defb60cf163a/in_use.lock acquired by nodename 67552@fv-az390-885
2023-03-15 05:44:40,820 [pool-299-thread-1] INFO  storage.RaftStorage (RaftStorageImpl.java:format(96)) - Storage directory /home/runner/work/ozone/ozone/hadoop-ozone/integration-test/target/test-dir/MiniOzoneClusterImpl-f3f3c3ea-d6fe-44d8-a21f-130fd89482f1/datanode-1/data/ratis/c4468dee-5aa6-4bd8-9f90-defb60cf163a has been successfully formatted.
2023-03-15 05:44:40,822 [pool-299-thread-1] INFO  ratis.ContainerStateMachine (ContainerStateMachine.java:loadSnapshot(262)) - group-DEFB60CF163A: The snapshot info is null. Setting the last applied indexto:(t:0, i:~)
2023-03-15 05:44:40,822 [pool-299-thread-1] INFO  server.RaftServerConfigKeys (ConfUtils.java:logGet(46)) - raft.server.log.use.memory = false (default)
2023-03-15 05:44:40,822 [pool-299-thread-1] INFO  server.RaftServerConfigKeys (ConfUtils.java:logGet(46)) - raft.server.log.purge.gap = 1000000 (custom)
2023-03-15 05:44:40,822 [pool-299-thread-1] INFO  server.RaftServerConfigKeys (ConfUtils.java:logGet(46)) - raft.server.log.appender.buffer.byte-limit = 33554432 (custom)
2023-03-15 05:44:40,822 [pool-299-thread-1] INFO  server.RaftServerConfigKeys (ConfUtils.java:logGet(46)) - raft.server.log.statemachine.data.read.timeout = 1000ms (default)
2023-03-15 05:44:40,822 [pool-299-thread-1] INFO  server.RaftServerConfigKeys (ConfUtils.java:logGet(46)) - raft.server.log.purge.preservation.log.num = 0 (default)
2023-03-15 05:44:40,822 [pool-299-thread-1] INFO  server.RaftServerConfigKeys (ConfUtils.java:logGet(46)) - raft.server.log.segment.size.max = 1048576 (custom)
2023-03-15 05:44:40,823 [pool-299-thread-1] INFO  server.RaftServerConfigKeys (ConfUtils.java:logGet(46)) - raft.server.log.segment.cache.num.max = 2 (custom)
2023-03-15 05:44:40,823 [pool-299-thread-1] INFO  server.RaftServerConfigKeys (ConfUtils.java:logGet(46)) - raft.server.log.segment.cache.size.max = 200MB (=209715200) (default)
2023-03-15 05:44:40,823 [pool-299-thread-1] INFO  segmented.SegmentedRaftLogWorker (SegmentedRaftLogWorker.java:<init>(189)) - new 0abd910a-099e-433f-90a2-1c025d1dc7f3@group-DEFB60CF163A-SegmentedRaftLogWorker for RaftStorageImpl:Storage Directory /home/runner/work/ozone/ozone/hadoop-ozone/integration-test/target/test-dir/MiniOzoneClusterImpl-f3f3c3ea-d6fe-44d8-a21f-130fd89482f1/datanode-1/data/ratis/c4468dee-5aa6-4bd8-9f90-defb60cf163a
2023-03-15 05:44:40,823 [pool-299-thread-1] INFO  server.RaftServerConfigKeys (ConfUtils.java:logGet(46)) - raft.server.log.queue.byte-limit = 4294967296 (custom)
2023-03-15 05:44:40,823 [pool-299-thread-1] INFO  server.RaftServerConfigKeys (ConfUtils.java:logGet(46)) - raft.server.log.queue.element-limit = 1024 (custom)
2023-03-15 05:44:40,823 [pool-299-thread-1] INFO  server.RaftServerConfigKeys (ConfUtils.java:logGet(46)) - raft.server.log.segment.size.max = 1048576 (custom)
2023-03-15 05:44:40,823 [pool-299-thread-1] INFO  server.RaftServerConfigKeys (ConfUtils.java:logGet(46)) - raft.server.log.preallocated.size = 16384 (custom)
2023-03-15 05:44:40,823 [pool-299-thread-1] INFO  server.RaftServerConfigKeys (ConfUtils.java:logGet(46)) - raft.server.log.force.sync.num = 128 (default)
2023-03-15 05:44:40,823 [pool-299-thread-1] INFO  server.RaftServerConfigKeys (ConfUtils.java:logGet(46)) - raft.server.log.statemachine.data.sync = true (default)
2023-03-15 05:44:40,823 [pool-299-thread-1] INFO  server.RaftServerConfigKeys (ConfUtils.java:logGet(46)) - raft.server.log.statemachine.data.sync.timeout = 10s (default)
2023-03-15 05:44:40,824 [pool-299-thread-1] INFO  server.RaftServerConfigKeys (ConfUtils.java:logGet(46)) - raft.server.log.statemachine.data.sync.timeout.retry = -1 (default)
2023-03-15 05:44:40,824 [pool-299-thread-1] INFO  server.RaftServerConfigKeys (ConfUtils.java:logGet(46)) - raft.server.log.write.buffer.size = 1048576 (custom)
2023-03-15 05:44:40,825 [pool-299-thread-1] INFO  server.RaftServerConfigKeys (ConfUtils.java:logGet(46)) - raft.server.log.appender.buffer.byte-limit = 33554432 (custom)
2023-03-15 05:44:40,828 [pool-299-thread-1] INFO  server.RaftServerConfigKeys (ConfUtils.java:logGet(46)) - raft.server.log.unsafe-flush.enabled = false (default)
2023-03-15 05:44:40,828 [pool-299-thread-1] INFO  server.RaftServerConfigKeys (ConfUtils.java:logGet(46)) - raft.server.log.async-flush.enabled = false (default)
2023-03-15 05:44:40,828 [pool-299-thread-1] INFO  server.RaftServerConfigKeys (ConfUtils.java:logGet(46)) - raft.server.log.statemachine.data.caching.enabled = true (custom)
2023-03-15 05:44:40,828 [pool-299-thread-1] INFO  segmented.SegmentedRaftLogWorker (SegmentedRaftLogWorker.java:lambda$new$0(135)) - 0abd910a-099e-433f-90a2-1c025d1dc7f3@group-DEFB60CF163A-SegmentedRaftLogWorker: flushIndex: setUnconditionally 0 -> -1
2023-03-15 05:44:40,828 [pool-299-thread-1] INFO  segmented.SegmentedRaftLogWorker (SegmentedRaftLogWorker.java:lambda$new$0(135)) - 0abd910a-099e-433f-90a2-1c025d1dc7f3@group-DEFB60CF163A-SegmentedRaftLogWorker: safeCacheEvictIndex: setUnconditionally 0 -> -1
2023-03-15 05:44:40,828 [pool-299-thread-1] INFO  server.RaftServer$Division (RaftServerImpl.java:start(334)) - 0abd910a-099e-433f-90a2-1c025d1dc7f3@group-DEFB60CF163A: start as a follower, conf=-1: peers:[c612d8d5-a02f-487c-9690-98407afc9b63|rpc:10.1.0.18:38341|dataStream:10.1.0.18:46343|priority:0|startupRole:FOLLOWER, 21006111-8cd4-4582-9969-7940c2dbc712|rpc:10.1.0.18:37223|dataStream:10.1.0.18:39239|priority:1|startupRole:FOLLOWER, 0abd910a-099e-433f-90a2-1c025d1dc7f3|rpc:10.1.0.18:34751|dataStream:10.1.0.18:36347|priority:0|startupRole:FOLLOWER]|listeners:[], old=null
2023-03-15 05:44:40,828 [pool-299-thread-1] INFO  server.RaftServer$Division (RaftServerImpl.java:setRole(321)) - 0abd910a-099e-433f-90a2-1c025d1dc7f3@group-DEFB60CF163A: changes role from      null to FOLLOWER at term 0 for startAsFollower
2023-03-15 05:44:40,828 [pool-299-thread-1] INFO  impl.RoleInfo (RoleInfo.java:updateAndGet(139)) - 0abd910a-099e-433f-90a2-1c025d1dc7f3: start 0abd910a-099e-433f-90a2-1c025d1dc7f3@group-DEFB60CF163A-FollowerState
2023-03-15 05:44:40,832 [pool-299-thread-1] INFO  util.JmxRegister (JmxRegister.java:tryRegister(44)) - Successfully registered JMX Bean with object name Ratis:service=RaftServer,group=group-DEFB60CF163A,id=0abd910a-099e-433f-90a2-1c025d1dc7f3
2023-03-15 05:44:40,832 [pool-299-thread-1] INFO  server.RaftServerConfigKeys (ConfUtils.java:logGet(46)) - raft.server.snapshot.auto.trigger.enabled = true (custom)
2023-03-15 05:44:40,832 [pool-299-thread-1] INFO  server.RaftServerConfigKeys (ConfUtils.java:logGet(46)) - raft.server.snapshot.auto.trigger.threshold = 10000 (custom)
2023-03-15 05:44:40,832 [pool-299-thread-1] INFO  server.RaftServerConfigKeys (ConfUtils.java:logGet(46)) - raft.server.snapshot.retention.file.num = 5 (custom)
2023-03-15 05:44:40,832 [pool-299-thread-1] INFO  server.RaftServerConfigKeys (ConfUtils.java:logGet(46)) - raft.server.log.purge.upto.snapshot.index = false (default)
2023-03-15 05:44:40,833 [0abd910a-099e-433f-90a2-1c025d1dc7f3@group-DEFB60CF163A-FollowerState] INFO  server.RaftServerConfigKeys (ConfUtils.java:logFallback(53)) - raft.server.rpc.first-election.timeout.min = 5s (fallback to raft.server.rpc.timeout.min)
2023-03-15 05:44:40,839 [Command processor thread] INFO  commandhandler.CreatePipelineCommandHandler (CreatePipelineCommandHandler.java:handle(113)) - Created Pipeline RATIS THREE PipelineID=c4468dee-5aa6-4bd8-9f90-defb60cf163a.
2023-03-15 05:44:40,839 [Command processor thread] INFO  server.RaftServer (RaftServerProxy.java:addNew(96)) - 21006111-8cd4-4582-9969-7940c2dbc712: addNew group-F307A16A3B83:[c612d8d5-a02f-487c-9690-98407afc9b63|rpc:10.1.0.18:38341|dataStream:10.1.0.18:46343|priority:0|startupRole:FOLLOWER, 21006111-8cd4-4582-9969-7940c2dbc712|rpc:10.1.0.18:37223|dataStream:10.1.0.18:39239|priority:0|startupRole:FOLLOWER, 0abd910a-099e-433f-90a2-1c025d1dc7f3|rpc:10.1.0.18:34751|dataStream:10.1.0.18:36347|priority:1|startupRole:FOLLOWER] returns group-F307A16A3B83:java.util.concurrent.CompletableFuture@4ba38afc[Not completed]
2023-03-15 05:44:40,840 [0abd910a-099e-433f-90a2-1c025d1dc7f3@group-DEFB60CF163A-FollowerState] INFO  server.RaftServerConfigKeys (ConfUtils.java:logFallback(53)) - raft.server.rpc.first-election.timeout.max = 5200ms (fallback to raft.server.rpc.timeout.max)
2023-03-15 05:44:40,840 [pool-277-thread-1] INFO  server.RaftServer$Division (RaftServerImpl.java:<init>(195)) - 21006111-8cd4-4582-9969-7940c2dbc712: new RaftServerImpl for group-F307A16A3B83:[c612d8d5-a02f-487c-9690-98407afc9b63|rpc:10.1.0.18:38341|dataStream:10.1.0.18:46343|priority:0|startupRole:FOLLOWER, 21006111-8cd4-4582-9969-7940c2dbc712|rpc:10.1.0.18:37223|dataStream:10.1.0.18:39239|priority:0|startupRole:FOLLOWER, 0abd910a-099e-433f-90a2-1c025d1dc7f3|rpc:10.1.0.18:34751|dataStream:10.1.0.18:36347|priority:1|startupRole:FOLLOWER] with ContainerStateMachine:uninitialized
2023-03-15 05:44:40,840 [pool-277-thread-1] INFO  server.RaftServerConfigKeys (ConfUtils.java:logGet(46)) - raft.server.rpc.timeout.min = 5s (custom)
2023-03-15 05:44:40,840 [pool-277-thread-1] INFO  server.RaftServerConfigKeys (ConfUtils.java:logGet(46)) - raft.server.rpc.timeout.max = 5200ms (custom)
2023-03-15 05:44:40,840 [pool-277-thread-1] INFO  server.RaftServerConfigKeys (ConfUtils.java:logGet(46)) - raft.server.rpc.sleep.time = 25ms (default)
2023-03-15 05:44:40,840 [pool-277-thread-1] INFO  server.RaftServerConfigKeys (ConfUtils.java:logGet(46)) - raft.server.rpc.slowness.timeout = 300s (custom)
2023-03-15 05:44:40,840 [pool-277-thread-1] INFO  server.RaftServerConfigKeys (ConfUtils.java:logGet(46)) - raft.server.leaderelection.leader.step-down.wait-time = 10s (default)
2023-03-15 05:44:40,840 [pool-277-thread-1] INFO  server.RaftServerConfigKeys (ConfUtils.java:logGet(46)) - raft.server.sleep.deviation.threshold = 300ms (default)
2023-03-15 05:44:40,840 [pool-277-thread-1] INFO  server.RaftServer$Division (ServerState.java:<init>(118)) - 21006111-8cd4-4582-9969-7940c2dbc712@group-F307A16A3B83: ConfigurationManager, init=-1: peers:[c612d8d5-a02f-487c-9690-98407afc9b63|rpc:10.1.0.18:38341|dataStream:10.1.0.18:46343|priority:0|startupRole:FOLLOWER, 21006111-8cd4-4582-9969-7940c2dbc712|rpc:10.1.0.18:37223|dataStream:10.1.0.18:39239|priority:0|startupRole:FOLLOWER, 0abd910a-099e-433f-90a2-1c025d1dc7f3|rpc:10.1.0.18:34751|dataStream:10.1.0.18:36347|priority:1|startupRole:FOLLOWER]|listeners:[], old=null, confs=<EMPTY_MAP>
2023-03-15 05:44:40,840 [pool-277-thread-1] INFO  server.RaftServerConfigKeys (ConfUtils.java:logGet(46)) - raft.server.storage.dir = [/home/runner/work/ozone/ozone/hadoop-ozone/integration-test/target/test-dir/MiniOzoneClusterImpl-f3f3c3ea-d6fe-44d8-a21f-130fd89482f1/datanode-0/data/ratis] (custom)
2023-03-15 05:44:40,840 [pool-277-thread-1] INFO  server.RaftServerConfigKeys (ConfUtils.java:logGet(46)) - raft.server.log.corruption.policy = EXCEPTION (default)
2023-03-15 05:44:40,841 [pool-277-thread-1] INFO  server.RaftServerConfigKeys (ConfUtils.java:logGet(46)) - raft.server.storage.free-space.min = 0MB (=0) (default)
2023-03-15 05:44:40,841 [pool-277-thread-1] INFO  server.RaftServerConfigKeys (ConfUtils.java:logGet(46)) - raft.server.notification.no-leader.timeout = 300s (custom)
2023-03-15 05:44:40,841 [pool-277-thread-1] INFO  server.RaftServerConfigKeys (ConfUtils.java:logGet(46)) - raft.server.retrycache.expirytime = 600000ms (custom)
2023-03-15 05:44:40,841 [pool-277-thread-1] INFO  server.RaftServerConfigKeys (ConfUtils.java:logGet(46)) - raft.server.retrycache.statistics.expirytime = 100μs (default)
2023-03-15 05:44:40,841 [pool-277-thread-1] INFO  server.RaftServerConfigKeys (ConfUtils.java:logGet(46)) - raft.server.log.appender.install.snapshot.enabled = false (custom)
2023-03-15 05:44:40,841 [pool-277-thread-1] INFO  server.RaftServerConfigKeys (ConfUtils.java:logGet(46)) - raft.server.threadpool.server.cached = true (default)
2023-03-15 05:44:40,841 [pool-277-thread-1] INFO  server.RaftServerConfigKeys (ConfUtils.java:logGet(46)) - raft.server.threadpool.server.size = 0 (default)
2023-03-15 05:44:40,841 [pool-277-thread-1] INFO  server.RaftServerConfigKeys (ConfUtils.java:logGet(46)) - raft.server.threadpool.client.cached = true (default)
2023-03-15 05:44:40,841 [pool-277-thread-1] INFO  server.RaftServerConfigKeys (ConfUtils.java:logGet(46)) - raft.server.threadpool.client.size = 0 (default)
2023-03-15 05:44:40,842 [pool-277-thread-1] INFO  storage.RaftStorageDirectory (RaftStorageDirectoryImpl.java:analyzeStorage(137)) - The storage directory /home/runner/work/ozone/ozone/hadoop-ozone/integration-test/target/test-dir/MiniOzoneClusterImpl-f3f3c3ea-d6fe-44d8-a21f-130fd89482f1/datanode-0/data/ratis/5157f040-aeaf-454c-93b2-f307a16a3b83 does not exist. Creating ...
2023-03-15 05:44:40,842 [pool-277-thread-1] INFO  storage.RaftStorageDirectory (RaftStorageDirectoryImpl.java:tryLock(231)) - Lock on /home/runner/work/ozone/ozone/hadoop-ozone/integration-test/target/test-dir/MiniOzoneClusterImpl-f3f3c3ea-d6fe-44d8-a21f-130fd89482f1/datanode-0/data/ratis/5157f040-aeaf-454c-93b2-f307a16a3b83/in_use.lock acquired by nodename 67552@fv-az390-885
2023-03-15 05:44:40,843 [pool-277-thread-1] INFO  storage.RaftStorage (RaftStorageImpl.java:format(96)) - Storage directory /home/runner/work/ozone/ozone/hadoop-ozone/integration-test/target/test-dir/MiniOzoneClusterImpl-f3f3c3ea-d6fe-44d8-a21f-130fd89482f1/datanode-0/data/ratis/5157f040-aeaf-454c-93b2-f307a16a3b83 has been successfully formatted.
2023-03-15 05:44:40,845 [EventQueue-OpenPipelineForHealthyPipelineSafeModeRule] INFO  safemode.SCMSafeModeManager (HealthyPipelineSafeModeRule.java:process(137)) - SCM in safe mode. Healthy pipelines reported count is 0, required healthy pipeline reported count is 1
2023-03-15 05:44:40,846 [pool-277-thread-1] INFO  ratis.ContainerStateMachine (ContainerStateMachine.java:loadSnapshot(262)) - group-F307A16A3B83: The snapshot info is null. Setting the last applied indexto:(t:0, i:~)
2023-03-15 05:44:40,846 [pool-277-thread-1] INFO  server.RaftServerConfigKeys (ConfUtils.java:logGet(46)) - raft.server.log.use.memory = false (default)
2023-03-15 05:44:40,846 [pool-277-thread-1] INFO  server.RaftServerConfigKeys (ConfUtils.java:logGet(46)) - raft.server.log.purge.gap = 1000000 (custom)
2023-03-15 05:44:40,846 [pool-277-thread-1] INFO  server.RaftServerConfigKeys (ConfUtils.java:logGet(46)) - raft.server.log.appender.buffer.byte-limit = 33554432 (custom)
2023-03-15 05:44:40,846 [pool-277-thread-1] INFO  server.RaftServerConfigKeys (ConfUtils.java:logGet(46)) - raft.server.log.statemachine.data.read.timeout = 1000ms (default)
2023-03-15 05:44:40,846 [pool-277-thread-1] INFO  server.RaftServerConfigKeys (ConfUtils.java:logGet(46)) - raft.server.log.purge.preservation.log.num = 0 (default)
2023-03-15 05:44:40,847 [pool-277-thread-1] INFO  server.RaftServerConfigKeys (ConfUtils.java:logGet(46)) - raft.server.log.segment.size.max = 1048576 (custom)
2023-03-15 05:44:40,847 [pool-277-thread-1] INFO  server.RaftServerConfigKeys (ConfUtils.java:logGet(46)) - raft.server.log.segment.cache.num.max = 2 (custom)
2023-03-15 05:44:40,847 [pool-277-thread-1] INFO  server.RaftServerConfigKeys (ConfUtils.java:logGet(46)) - raft.server.log.segment.cache.size.max = 200MB (=209715200) (default)
2023-03-15 05:44:40,847 [pool-277-thread-1] INFO  segmented.SegmentedRaftLogWorker (SegmentedRaftLogWorker.java:<init>(189)) - new 21006111-8cd4-4582-9969-7940c2dbc712@group-F307A16A3B83-SegmentedRaftLogWorker for RaftStorageImpl:Storage Directory /home/runner/work/ozone/ozone/hadoop-ozone/integration-test/target/test-dir/MiniOzoneClusterImpl-f3f3c3ea-d6fe-44d8-a21f-130fd89482f1/datanode-0/data/ratis/5157f040-aeaf-454c-93b2-f307a16a3b83
2023-03-15 05:44:40,847 [pool-277-thread-1] INFO  server.RaftServerConfigKeys (ConfUtils.java:logGet(46)) - raft.server.log.queue.byte-limit = 4294967296 (custom)
2023-03-15 05:44:40,847 [pool-277-thread-1] INFO  server.RaftServerConfigKeys (ConfUtils.java:logGet(46)) - raft.server.log.queue.element-limit = 1024 (custom)
2023-03-15 05:44:40,847 [pool-277-thread-1] INFO  server.RaftServerConfigKeys (ConfUtils.java:logGet(46)) - raft.server.log.segment.size.max = 1048576 (custom)
2023-03-15 05:44:40,847 [pool-277-thread-1] INFO  server.RaftServerConfigKeys (ConfUtils.java:logGet(46)) - raft.server.log.preallocated.size = 16384 (custom)
2023-03-15 05:44:40,847 [pool-277-thread-1] INFO  server.RaftServerConfigKeys (ConfUtils.java:logGet(46)) - raft.server.log.force.sync.num = 128 (default)
2023-03-15 05:44:40,847 [pool-277-thread-1] INFO  server.RaftServerConfigKeys (ConfUtils.java:logGet(46)) - raft.server.log.statemachine.data.sync = true (default)
2023-03-15 05:44:40,847 [pool-277-thread-1] INFO  server.RaftServerConfigKeys (ConfUtils.java:logGet(46)) - raft.server.log.statemachine.data.sync.timeout = 10s (default)
2023-03-15 05:44:40,847 [pool-277-thread-1] INFO  server.RaftServerConfigKeys (ConfUtils.java:logGet(46)) - raft.server.log.statemachine.data.sync.timeout.retry = -1 (default)
2023-03-15 05:44:40,848 [pool-277-thread-1] INFO  server.RaftServerConfigKeys (ConfUtils.java:logGet(46)) - raft.server.log.write.buffer.size = 1048576 (custom)
2023-03-15 05:44:40,848 [pool-277-thread-1] INFO  server.RaftServerConfigKeys (ConfUtils.java:logGet(46)) - raft.server.log.appender.buffer.byte-limit = 33554432 (custom)
2023-03-15 05:44:40,851 [pool-277-thread-1] INFO  server.RaftServerConfigKeys (ConfUtils.java:logGet(46)) - raft.server.log.unsafe-flush.enabled = false (default)
2023-03-15 05:44:40,851 [pool-277-thread-1] INFO  server.RaftServerConfigKeys (ConfUtils.java:logGet(46)) - raft.server.log.async-flush.enabled = false (default)
2023-03-15 05:44:40,851 [pool-277-thread-1] INFO  server.RaftServerConfigKeys (ConfUtils.java:logGet(46)) - raft.server.log.statemachine.data.caching.enabled = true (custom)
2023-03-15 05:44:40,851 [pool-277-thread-1] INFO  segmented.SegmentedRaftLogWorker (SegmentedRaftLogWorker.java:lambda$new$0(135)) - 21006111-8cd4-4582-9969-7940c2dbc712@group-F307A16A3B83-SegmentedRaftLogWorker: flushIndex: setUnconditionally 0 -> -1
2023-03-15 05:44:40,851 [pool-277-thread-1] INFO  segmented.SegmentedRaftLogWorker (SegmentedRaftLogWorker.java:lambda$new$0(135)) - 21006111-8cd4-4582-9969-7940c2dbc712@group-F307A16A3B83-SegmentedRaftLogWorker: safeCacheEvictIndex: setUnconditionally 0 -> -1
2023-03-15 05:44:40,851 [pool-277-thread-1] INFO  server.RaftServer$Division (RaftServerImpl.java:start(334)) - 21006111-8cd4-4582-9969-7940c2dbc712@group-F307A16A3B83: start as a follower, conf=-1: peers:[c612d8d5-a02f-487c-9690-98407afc9b63|rpc:10.1.0.18:38341|dataStream:10.1.0.18:46343|priority:0|startupRole:FOLLOWER, 21006111-8cd4-4582-9969-7940c2dbc712|rpc:10.1.0.18:37223|dataStream:10.1.0.18:39239|priority:0|startupRole:FOLLOWER, 0abd910a-099e-433f-90a2-1c025d1dc7f3|rpc:10.1.0.18:34751|dataStream:10.1.0.18:36347|priority:1|startupRole:FOLLOWER]|listeners:[], old=null
2023-03-15 05:44:40,851 [pool-277-thread-1] INFO  server.RaftServer$Division (RaftServerImpl.java:setRole(321)) - 21006111-8cd4-4582-9969-7940c2dbc712@group-F307A16A3B83: changes role from      null to FOLLOWER at term 0 for startAsFollower
2023-03-15 05:44:40,851 [pool-277-thread-1] INFO  impl.RoleInfo (RoleInfo.java:updateAndGet(139)) - 21006111-8cd4-4582-9969-7940c2dbc712: start 21006111-8cd4-4582-9969-7940c2dbc712@group-F307A16A3B83-FollowerState
2023-03-15 05:44:40,853 [pool-277-thread-1] INFO  util.JmxRegister (JmxRegister.java:tryRegister(44)) - Successfully registered JMX Bean with object name Ratis:service=RaftServer,group=group-F307A16A3B83,id=21006111-8cd4-4582-9969-7940c2dbc712
2023-03-15 05:44:40,853 [pool-277-thread-1] INFO  server.RaftServerConfigKeys (ConfUtils.java:logGet(46)) - raft.server.snapshot.auto.trigger.enabled = true (custom)
2023-03-15 05:44:40,853 [pool-277-thread-1] INFO  server.RaftServerConfigKeys (ConfUtils.java:logGet(46)) - raft.server.snapshot.auto.trigger.threshold = 10000 (custom)
2023-03-15 05:44:40,853 [pool-277-thread-1] INFO  server.RaftServerConfigKeys (ConfUtils.java:logGet(46)) - raft.server.snapshot.retention.file.num = 5 (custom)
2023-03-15 05:44:40,853 [pool-277-thread-1] INFO  server.RaftServerConfigKeys (ConfUtils.java:logGet(46)) - raft.server.log.purge.upto.snapshot.index = false (default)
2023-03-15 05:44:40,854 [21006111-8cd4-4582-9969-7940c2dbc712@group-F307A16A3B83-FollowerState] INFO  server.RaftServerConfigKeys (ConfUtils.java:logFallback(53)) - raft.server.rpc.first-election.timeout.min = 5s (fallback to raft.server.rpc.timeout.min)
2023-03-15 05:44:40,854 [21006111-8cd4-4582-9969-7940c2dbc712@group-F307A16A3B83-FollowerState] INFO  server.RaftServerConfigKeys (ConfUtils.java:logFallback(53)) - raft.server.rpc.first-election.timeout.max = 5200ms (fallback to raft.server.rpc.timeout.max)
2023-03-15 05:44:40,854 [Command processor thread] INFO  ratis.XceiverServerRatis (XceiverServerRatis.java:addGroup(807)) - Created group PipelineID=5157f040-aeaf-454c-93b2-f307a16a3b83
2023-03-15 05:44:40,865 [grpc-default-executor-0] INFO  server.RaftServer (RaftServerProxy.java:addNew(96)) - 0abd910a-099e-433f-90a2-1c025d1dc7f3: addNew group-F307A16A3B83:[c612d8d5-a02f-487c-9690-98407afc9b63|rpc:10.1.0.18:38341|dataStream:10.1.0.18:46343|priority:0|startupRole:FOLLOWER, 21006111-8cd4-4582-9969-7940c2dbc712|rpc:10.1.0.18:37223|dataStream:10.1.0.18:39239|priority:0|startupRole:FOLLOWER, 0abd910a-099e-433f-90a2-1c025d1dc7f3|rpc:10.1.0.18:34751|dataStream:10.1.0.18:36347|priority:1|startupRole:FOLLOWER] returns group-F307A16A3B83:java.util.concurrent.CompletableFuture@448bd8e1[Not completed]
2023-03-15 05:44:40,866 [pool-299-thread-1] INFO  server.RaftServer$Division (RaftServerImpl.java:<init>(195)) - 0abd910a-099e-433f-90a2-1c025d1dc7f3: new RaftServerImpl for group-F307A16A3B83:[c612d8d5-a02f-487c-9690-98407afc9b63|rpc:10.1.0.18:38341|dataStream:10.1.0.18:46343|priority:0|startupRole:FOLLOWER, 21006111-8cd4-4582-9969-7940c2dbc712|rpc:10.1.0.18:37223|dataStream:10.1.0.18:39239|priority:0|startupRole:FOLLOWER, 0abd910a-099e-433f-90a2-1c025d1dc7f3|rpc:10.1.0.18:34751|dataStream:10.1.0.18:36347|priority:1|startupRole:FOLLOWER] with ContainerStateMachine:uninitialized
2023-03-15 05:44:40,866 [pool-299-thread-1] INFO  server.RaftServerConfigKeys (ConfUtils.java:logGet(46)) - raft.server.rpc.timeout.min = 5s (custom)
2023-03-15 05:44:40,866 [pool-299-thread-1] INFO  server.RaftServerConfigKeys (ConfUtils.java:logGet(46)) - raft.server.rpc.timeout.max = 5200ms (custom)
2023-03-15 05:44:40,866 [pool-299-thread-1] INFO  server.RaftServerConfigKeys (ConfUtils.java:logGet(46)) - raft.server.rpc.sleep.time = 25ms (default)
2023-03-15 05:44:40,866 [pool-299-thread-1] INFO  server.RaftServerConfigKeys (ConfUtils.java:logGet(46)) - raft.server.rpc.slowness.timeout = 300s (custom)
2023-03-15 05:44:40,866 [pool-299-thread-1] INFO  server.RaftServerConfigKeys (ConfUtils.java:logGet(46)) - raft.server.leaderelection.leader.step-down.wait-time = 10s (default)
2023-03-15 05:44:40,866 [pool-299-thread-1] INFO  server.RaftServerConfigKeys (ConfUtils.java:logGet(46)) - raft.server.sleep.deviation.threshold = 300ms (default)
2023-03-15 05:44:40,866 [pool-299-thread-1] INFO  server.RaftServer$Division (ServerState.java:<init>(118)) - 0abd910a-099e-433f-90a2-1c025d1dc7f3@group-F307A16A3B83: ConfigurationManager, init=-1: peers:[c612d8d5-a02f-487c-9690-98407afc9b63|rpc:10.1.0.18:38341|dataStream:10.1.0.18:46343|priority:0|startupRole:FOLLOWER, 21006111-8cd4-4582-9969-7940c2dbc712|rpc:10.1.0.18:37223|dataStream:10.1.0.18:39239|priority:0|startupRole:FOLLOWER, 0abd910a-099e-433f-90a2-1c025d1dc7f3|rpc:10.1.0.18:34751|dataStream:10.1.0.18:36347|priority:1|startupRole:FOLLOWER]|listeners:[], old=null, confs=<EMPTY_MAP>
2023-03-15 05:44:40,866 [pool-299-thread-1] INFO  server.RaftServerConfigKeys (ConfUtils.java:logGet(46)) - raft.server.storage.dir = [/home/runner/work/ozone/ozone/hadoop-ozone/integration-test/target/test-dir/MiniOzoneClusterImpl-f3f3c3ea-d6fe-44d8-a21f-130fd89482f1/datanode-1/data/ratis] (custom)
2023-03-15 05:44:40,866 [pool-299-thread-1] INFO  server.RaftServerConfigKeys (ConfUtils.java:logGet(46)) - raft.server.log.corruption.policy = EXCEPTION (default)
2023-03-15 05:44:40,866 [pool-299-thread-1] INFO  server.RaftServerConfigKeys (ConfUtils.java:logGet(46)) - raft.server.storage.free-space.min = 0MB (=0) (default)
2023-03-15 05:44:40,866 [pool-299-thread-1] INFO  server.RaftServerConfigKeys (ConfUtils.java:logGet(46)) - raft.server.notification.no-leader.timeout = 300s (custom)
2023-03-15 05:44:40,866 [pool-299-thread-1] INFO  server.RaftServerConfigKeys (ConfUtils.java:logGet(46)) - raft.server.retrycache.expirytime = 600000ms (custom)
2023-03-15 05:44:40,866 [pool-299-thread-1] INFO  server.RaftServerConfigKeys (ConfUtils.java:logGet(46)) - raft.server.retrycache.statistics.expirytime = 100μs (default)
2023-03-15 05:44:40,867 [pool-299-thread-1] INFO  server.RaftServerConfigKeys (ConfUtils.java:logGet(46)) - raft.server.log.appender.install.snapshot.enabled = false (custom)
2023-03-15 05:44:40,867 [pool-299-thread-1] INFO  server.RaftServerConfigKeys (ConfUtils.java:logGet(46)) - raft.server.threadpool.server.cached = true (default)
2023-03-15 05:44:40,867 [pool-299-thread-1] INFO  server.RaftServerConfigKeys (ConfUtils.java:logGet(46)) - raft.server.threadpool.server.size = 0 (default)
2023-03-15 05:44:40,867 [pool-299-thread-1] INFO  server.RaftServerConfigKeys (ConfUtils.java:logGet(46)) - raft.server.threadpool.client.cached = true (default)
2023-03-15 05:44:40,867 [pool-299-thread-1] INFO  server.RaftServerConfigKeys (ConfUtils.java:logGet(46)) - raft.server.threadpool.client.size = 0 (default)
2023-03-15 05:44:40,867 [pool-299-thread-1] INFO  storage.RaftStorageDirectory (RaftStorageDirectoryImpl.java:analyzeStorage(137)) - The storage directory /home/runner/work/ozone/ozone/hadoop-ozone/integration-test/target/test-dir/MiniOzoneClusterImpl-f3f3c3ea-d6fe-44d8-a21f-130fd89482f1/datanode-1/data/ratis/5157f040-aeaf-454c-93b2-f307a16a3b83 does not exist. Creating ...
2023-03-15 05:44:40,869 [pool-299-thread-1] INFO  storage.RaftStorageDirectory (RaftStorageDirectoryImpl.java:tryLock(231)) - Lock on /home/runner/work/ozone/ozone/hadoop-ozone/integration-test/target/test-dir/MiniOzoneClusterImpl-f3f3c3ea-d6fe-44d8-a21f-130fd89482f1/datanode-1/data/ratis/5157f040-aeaf-454c-93b2-f307a16a3b83/in_use.lock acquired by nodename 67552@fv-az390-885
2023-03-15 05:44:40,870 [pool-299-thread-1] INFO  storage.RaftStorage (RaftStorageImpl.java:format(96)) - Storage directory /home/runner/work/ozone/ozone/hadoop-ozone/integration-test/target/test-dir/MiniOzoneClusterImpl-f3f3c3ea-d6fe-44d8-a21f-130fd89482f1/datanode-1/data/ratis/5157f040-aeaf-454c-93b2-f307a16a3b83 has been successfully formatted.
2023-03-15 05:44:40,870 [pool-299-thread-1] INFO  ratis.ContainerStateMachine (ContainerStateMachine.java:loadSnapshot(262)) - group-F307A16A3B83: The snapshot info is null. Setting the last applied indexto:(t:0, i:~)
2023-03-15 05:44:40,870 [pool-299-thread-1] INFO  server.RaftServerConfigKeys (ConfUtils.java:logGet(46)) - raft.server.log.use.memory = false (default)
2023-03-15 05:44:40,870 [pool-299-thread-1] INFO  server.RaftServerConfigKeys (ConfUtils.java:logGet(46)) - raft.server.log.purge.gap = 1000000 (custom)
2023-03-15 05:44:40,871 [pool-299-thread-1] INFO  server.RaftServerConfigKeys (ConfUtils.java:logGet(46)) - raft.server.log.appender.buffer.byte-limit = 33554432 (custom)
2023-03-15 05:44:40,871 [pool-299-thread-1] INFO  server.RaftServerConfigKeys (ConfUtils.java:logGet(46)) - raft.server.log.statemachine.data.read.timeout = 1000ms (default)
2023-03-15 05:44:40,871 [pool-299-thread-1] INFO  server.RaftServerConfigKeys (ConfUtils.java:logGet(46)) - raft.server.log.purge.preservation.log.num = 0 (default)
2023-03-15 05:44:40,871 [pool-299-thread-1] INFO  server.RaftServerConfigKeys (ConfUtils.java:logGet(46)) - raft.server.log.segment.size.max = 1048576 (custom)
2023-03-15 05:44:40,871 [pool-299-thread-1] INFO  server.RaftServerConfigKeys (ConfUtils.java:logGet(46)) - raft.server.log.segment.cache.num.max = 2 (custom)
2023-03-15 05:44:40,871 [pool-299-thread-1] INFO  server.RaftServerConfigKeys (ConfUtils.java:logGet(46)) - raft.server.log.segment.cache.size.max = 200MB (=209715200) (default)
2023-03-15 05:44:40,871 [pool-299-thread-1] INFO  segmented.SegmentedRaftLogWorker (SegmentedRaftLogWorker.java:<init>(189)) - new 0abd910a-099e-433f-90a2-1c025d1dc7f3@group-F307A16A3B83-SegmentedRaftLogWorker for RaftStorageImpl:Storage Directory /home/runner/work/ozone/ozone/hadoop-ozone/integration-test/target/test-dir/MiniOzoneClusterImpl-f3f3c3ea-d6fe-44d8-a21f-130fd89482f1/datanode-1/data/ratis/5157f040-aeaf-454c-93b2-f307a16a3b83
2023-03-15 05:44:40,871 [pool-299-thread-1] INFO  server.RaftServerConfigKeys (ConfUtils.java:logGet(46)) - raft.server.log.queue.byte-limit = 4294967296 (custom)
2023-03-15 05:44:40,871 [pool-299-thread-1] INFO  server.RaftServerConfigKeys (ConfUtils.java:logGet(46)) - raft.server.log.queue.element-limit = 1024 (custom)
2023-03-15 05:44:40,871 [pool-299-thread-1] INFO  server.RaftServerConfigKeys (ConfUtils.java:logGet(46)) - raft.server.log.segment.size.max = 1048576 (custom)
2023-03-15 05:44:40,872 [pool-299-thread-1] INFO  server.RaftServerConfigKeys (ConfUtils.java:logGet(46)) - raft.server.log.preallocated.size = 16384 (custom)
2023-03-15 05:44:40,872 [pool-299-thread-1] INFO  server.RaftServerConfigKeys (ConfUtils.java:logGet(46)) - raft.server.log.force.sync.num = 128 (default)
2023-03-15 05:44:40,872 [pool-299-thread-1] INFO  server.RaftServerConfigKeys (ConfUtils.java:logGet(46)) - raft.server.log.statemachine.data.sync = true (default)
2023-03-15 05:44:40,872 [pool-299-thread-1] INFO  server.RaftServerConfigKeys (ConfUtils.java:logGet(46)) - raft.server.log.statemachine.data.sync.timeout = 10s (default)
2023-03-15 05:44:40,872 [pool-299-thread-1] INFO  server.RaftServerConfigKeys (ConfUtils.java:logGet(46)) - raft.server.log.statemachine.data.sync.timeout.retry = -1 (default)
2023-03-15 05:44:40,873 [pool-299-thread-1] INFO  server.RaftServerConfigKeys (ConfUtils.java:logGet(46)) - raft.server.log.write.buffer.size = 1048576 (custom)
2023-03-15 05:44:40,873 [pool-299-thread-1] INFO  server.RaftServerConfigKeys (ConfUtils.java:logGet(46)) - raft.server.log.appender.buffer.byte-limit = 33554432 (custom)
2023-03-15 05:44:40,876 [pool-299-thread-1] INFO  server.RaftServerConfigKeys (ConfUtils.java:logGet(46)) - raft.server.log.unsafe-flush.enabled = false (default)
2023-03-15 05:44:40,876 [pool-299-thread-1] INFO  server.RaftServerConfigKeys (ConfUtils.java:logGet(46)) - raft.server.log.async-flush.enabled = false (default)
2023-03-15 05:44:40,876 [pool-299-thread-1] INFO  server.RaftServerConfigKeys (ConfUtils.java:logGet(46)) - raft.server.log.statemachine.data.caching.enabled = true (custom)
2023-03-15 05:44:40,877 [pool-299-thread-1] INFO  segmented.SegmentedRaftLogWorker (SegmentedRaftLogWorker.java:lambda$new$0(135)) - 0abd910a-099e-433f-90a2-1c025d1dc7f3@group-F307A16A3B83-SegmentedRaftLogWorker: flushIndex: setUnconditionally 0 -> -1
2023-03-15 05:44:40,877 [pool-299-thread-1] INFO  segmented.SegmentedRaftLogWorker (SegmentedRaftLogWorker.java:lambda$new$0(135)) - 0abd910a-099e-433f-90a2-1c025d1dc7f3@group-F307A16A3B83-SegmentedRaftLogWorker: safeCacheEvictIndex: setUnconditionally 0 -> -1
2023-03-15 05:44:40,878 [pool-299-thread-1] INFO  server.RaftServer$Division (RaftServerImpl.java:start(334)) - 0abd910a-099e-433f-90a2-1c025d1dc7f3@group-F307A16A3B83: start as a follower, conf=-1: peers:[c612d8d5-a02f-487c-9690-98407afc9b63|rpc:10.1.0.18:38341|dataStream:10.1.0.18:46343|priority:0|startupRole:FOLLOWER, 21006111-8cd4-4582-9969-7940c2dbc712|rpc:10.1.0.18:37223|dataStream:10.1.0.18:39239|priority:0|startupRole:FOLLOWER, 0abd910a-099e-433f-90a2-1c025d1dc7f3|rpc:10.1.0.18:34751|dataStream:10.1.0.18:36347|priority:1|startupRole:FOLLOWER]|listeners:[], old=null
2023-03-15 05:44:40,879 [pool-299-thread-1] INFO  server.RaftServer$Division (RaftServerImpl.java:setRole(321)) - 0abd910a-099e-433f-90a2-1c025d1dc7f3@group-F307A16A3B83: changes role from      null to FOLLOWER at term 0 for startAsFollower
2023-03-15 05:44:40,879 [pool-299-thread-1] INFO  impl.RoleInfo (RoleInfo.java:updateAndGet(139)) - 0abd910a-099e-433f-90a2-1c025d1dc7f3: start 0abd910a-099e-433f-90a2-1c025d1dc7f3@group-F307A16A3B83-FollowerState
2023-03-15 05:44:40,880 [0abd910a-099e-433f-90a2-1c025d1dc7f3@group-F307A16A3B83-FollowerState] INFO  server.RaftServerConfigKeys (ConfUtils.java:logFallback(53)) - raft.server.rpc.first-election.timeout.min = 5s (fallback to raft.server.rpc.timeout.min)
2023-03-15 05:44:40,880 [0abd910a-099e-433f-90a2-1c025d1dc7f3@group-F307A16A3B83-FollowerState] INFO  server.RaftServerConfigKeys (ConfUtils.java:logFallback(53)) - raft.server.rpc.first-election.timeout.max = 5200ms (fallback to raft.server.rpc.timeout.max)
2023-03-15 05:44:40,880 [pool-299-thread-1] INFO  util.JmxRegister (JmxRegister.java:tryRegister(44)) - Successfully registered JMX Bean with object name Ratis:service=RaftServer,group=group-F307A16A3B83,id=0abd910a-099e-433f-90a2-1c025d1dc7f3
2023-03-15 05:44:40,881 [pool-299-thread-1] INFO  server.RaftServerConfigKeys (ConfUtils.java:logGet(46)) - raft.server.snapshot.auto.trigger.enabled = true (custom)
2023-03-15 05:44:40,881 [pool-299-thread-1] INFO  server.RaftServerConfigKeys (ConfUtils.java:logGet(46)) - raft.server.snapshot.auto.trigger.threshold = 10000 (custom)
2023-03-15 05:44:40,881 [pool-299-thread-1] INFO  server.RaftServerConfigKeys (ConfUtils.java:logGet(46)) - raft.server.snapshot.retention.file.num = 5 (custom)
2023-03-15 05:44:40,881 [pool-299-thread-1] INFO  server.RaftServerConfigKeys (ConfUtils.java:logGet(46)) - raft.server.log.purge.upto.snapshot.index = false (default)
2023-03-15 05:44:40,898 [grpc-default-executor-0] INFO  server.RaftServer (RaftServerProxy.java:addNew(96)) - c612d8d5-a02f-487c-9690-98407afc9b63: addNew group-F307A16A3B83:[c612d8d5-a02f-487c-9690-98407afc9b63|rpc:10.1.0.18:38341|dataStream:10.1.0.18:46343|priority:0|startupRole:FOLLOWER, 21006111-8cd4-4582-9969-7940c2dbc712|rpc:10.1.0.18:37223|dataStream:10.1.0.18:39239|priority:0|startupRole:FOLLOWER, 0abd910a-099e-433f-90a2-1c025d1dc7f3|rpc:10.1.0.18:34751|dataStream:10.1.0.18:36347|priority:1|startupRole:FOLLOWER] returns group-F307A16A3B83:java.util.concurrent.CompletableFuture@69b5a37e[Not completed]
2023-03-15 05:44:40,900 [pool-321-thread-1] INFO  server.RaftServer$Division (RaftServerImpl.java:<init>(195)) - c612d8d5-a02f-487c-9690-98407afc9b63: new RaftServerImpl for group-F307A16A3B83:[c612d8d5-a02f-487c-9690-98407afc9b63|rpc:10.1.0.18:38341|dataStream:10.1.0.18:46343|priority:0|startupRole:FOLLOWER, 21006111-8cd4-4582-9969-7940c2dbc712|rpc:10.1.0.18:37223|dataStream:10.1.0.18:39239|priority:0|startupRole:FOLLOWER, 0abd910a-099e-433f-90a2-1c025d1dc7f3|rpc:10.1.0.18:34751|dataStream:10.1.0.18:36347|priority:1|startupRole:FOLLOWER] with ContainerStateMachine:uninitialized
2023-03-15 05:44:40,900 [pool-321-thread-1] INFO  server.RaftServerConfigKeys (ConfUtils.java:logGet(46)) - raft.server.rpc.timeout.min = 5s (custom)
2023-03-15 05:44:40,900 [pool-321-thread-1] INFO  server.RaftServerConfigKeys (ConfUtils.java:logGet(46)) - raft.server.rpc.timeout.max = 5200ms (custom)
2023-03-15 05:44:40,900 [pool-321-thread-1] INFO  server.RaftServerConfigKeys (ConfUtils.java:logGet(46)) - raft.server.rpc.sleep.time = 25ms (default)
2023-03-15 05:44:40,900 [pool-321-thread-1] INFO  server.RaftServerConfigKeys (ConfUtils.java:logGet(46)) - raft.server.rpc.slowness.timeout = 300s (custom)
2023-03-15 05:44:40,900 [pool-321-thread-1] INFO  server.RaftServerConfigKeys (ConfUtils.java:logGet(46)) - raft.server.leaderelection.leader.step-down.wait-time = 10s (default)
2023-03-15 05:44:40,900 [pool-321-thread-1] INFO  server.RaftServerConfigKeys (ConfUtils.java:logGet(46)) - raft.server.sleep.deviation.threshold = 300ms (default)
2023-03-15 05:44:40,900 [pool-321-thread-1] INFO  server.RaftServer$Division (ServerState.java:<init>(118)) - c612d8d5-a02f-487c-9690-98407afc9b63@group-F307A16A3B83: ConfigurationManager, init=-1: peers:[c612d8d5-a02f-487c-9690-98407afc9b63|rpc:10.1.0.18:38341|dataStream:10.1.0.18:46343|priority:0|startupRole:FOLLOWER, 21006111-8cd4-4582-9969-7940c2dbc712|rpc:10.1.0.18:37223|dataStream:10.1.0.18:39239|priority:0|startupRole:FOLLOWER, 0abd910a-099e-433f-90a2-1c025d1dc7f3|rpc:10.1.0.18:34751|dataStream:10.1.0.18:36347|priority:1|startupRole:FOLLOWER]|listeners:[], old=null, confs=<EMPTY_MAP>
2023-03-15 05:44:40,900 [pool-321-thread-1] INFO  server.RaftServerConfigKeys (ConfUtils.java:logGet(46)) - raft.server.storage.dir = [/home/runner/work/ozone/ozone/hadoop-ozone/integration-test/target/test-dir/MiniOzoneClusterImpl-f3f3c3ea-d6fe-44d8-a21f-130fd89482f1/datanode-2/data/ratis] (custom)
2023-03-15 05:44:40,901 [pool-321-thread-1] INFO  server.RaftServerConfigKeys (ConfUtils.java:logGet(46)) - raft.server.log.corruption.policy = EXCEPTION (default)
2023-03-15 05:44:40,901 [pool-321-thread-1] INFO  server.RaftServerConfigKeys (ConfUtils.java:logGet(46)) - raft.server.storage.free-space.min = 0MB (=0) (default)
2023-03-15 05:44:40,901 [pool-321-thread-1] INFO  server.RaftServerConfigKeys (ConfUtils.java:logGet(46)) - raft.server.notification.no-leader.timeout = 300s (custom)
2023-03-15 05:44:40,901 [pool-321-thread-1] INFO  server.RaftServerConfigKeys (ConfUtils.java:logGet(46)) - raft.server.retrycache.expirytime = 600000ms (custom)
2023-03-15 05:44:40,901 [pool-321-thread-1] INFO  server.RaftServerConfigKeys (ConfUtils.java:logGet(46)) - raft.server.retrycache.statistics.expirytime = 100μs (default)
2023-03-15 05:44:40,901 [pool-321-thread-1] INFO  server.RaftServerConfigKeys (ConfUtils.java:logGet(46)) - raft.server.log.appender.install.snapshot.enabled = false (custom)
2023-03-15 05:44:40,901 [pool-321-thread-1] INFO  server.RaftServerConfigKeys (ConfUtils.java:logGet(46)) - raft.server.threadpool.server.cached = true (default)
2023-03-15 05:44:40,901 [pool-321-thread-1] INFO  server.RaftServerConfigKeys (ConfUtils.java:logGet(46)) - raft.server.threadpool.server.size = 0 (default)
2023-03-15 05:44:40,901 [pool-321-thread-1] INFO  server.RaftServerConfigKeys (ConfUtils.java:logGet(46)) - raft.server.threadpool.client.cached = true (default)
2023-03-15 05:44:40,902 [pool-321-thread-1] INFO  server.RaftServerConfigKeys (ConfUtils.java:logGet(46)) - raft.server.threadpool.client.size = 0 (default)
2023-03-15 05:44:40,902 [pool-321-thread-1] INFO  storage.RaftStorageDirectory (RaftStorageDirectoryImpl.java:analyzeStorage(137)) - The storage directory /home/runner/work/ozone/ozone/hadoop-ozone/integration-test/target/test-dir/MiniOzoneClusterImpl-f3f3c3ea-d6fe-44d8-a21f-130fd89482f1/datanode-2/data/ratis/5157f040-aeaf-454c-93b2-f307a16a3b83 does not exist. Creating ...
2023-03-15 05:44:40,905 [pool-321-thread-1] INFO  storage.RaftStorageDirectory (RaftStorageDirectoryImpl.java:tryLock(231)) - Lock on /home/runner/work/ozone/ozone/hadoop-ozone/integration-test/target/test-dir/MiniOzoneClusterImpl-f3f3c3ea-d6fe-44d8-a21f-130fd89482f1/datanode-2/data/ratis/5157f040-aeaf-454c-93b2-f307a16a3b83/in_use.lock acquired by nodename 67552@fv-az390-885
2023-03-15 05:44:40,906 [pool-321-thread-1] INFO  storage.RaftStorage (RaftStorageImpl.java:format(96)) - Storage directory /home/runner/work/ozone/ozone/hadoop-ozone/integration-test/target/test-dir/MiniOzoneClusterImpl-f3f3c3ea-d6fe-44d8-a21f-130fd89482f1/datanode-2/data/ratis/5157f040-aeaf-454c-93b2-f307a16a3b83 has been successfully formatted.
2023-03-15 05:44:40,908 [pool-321-thread-1] INFO  ratis.ContainerStateMachine (ContainerStateMachine.java:loadSnapshot(262)) - group-F307A16A3B83: The snapshot info is null. Setting the last applied indexto:(t:0, i:~)
2023-03-15 05:44:40,908 [pool-321-thread-1] INFO  server.RaftServerConfigKeys (ConfUtils.java:logGet(46)) - raft.server.log.use.memory = false (default)
2023-03-15 05:44:40,908 [pool-321-thread-1] INFO  server.RaftServerConfigKeys (ConfUtils.java:logGet(46)) - raft.server.log.purge.gap = 1000000 (custom)
2023-03-15 05:44:40,908 [pool-321-thread-1] INFO  server.RaftServerConfigKeys (ConfUtils.java:logGet(46)) - raft.server.log.appender.buffer.byte-limit = 33554432 (custom)
2023-03-15 05:44:40,908 [pool-321-thread-1] INFO  server.RaftServerConfigKeys (ConfUtils.java:logGet(46)) - raft.server.log.statemachine.data.read.timeout = 1000ms (default)
2023-03-15 05:44:40,908 [pool-321-thread-1] INFO  server.RaftServerConfigKeys (ConfUtils.java:logGet(46)) - raft.server.log.purge.preservation.log.num = 0 (default)
2023-03-15 05:44:40,908 [pool-321-thread-1] INFO  server.RaftServerConfigKeys (ConfUtils.java:logGet(46)) - raft.server.log.segment.size.max = 1048576 (custom)
2023-03-15 05:44:40,909 [pool-321-thread-1] INFO  server.RaftServerConfigKeys (ConfUtils.java:logGet(46)) - raft.server.log.segment.cache.num.max = 2 (custom)
2023-03-15 05:44:40,909 [pool-321-thread-1] INFO  server.RaftServerConfigKeys (ConfUtils.java:logGet(46)) - raft.server.log.segment.cache.size.max = 200MB (=209715200) (default)
2023-03-15 05:44:40,909 [pool-321-thread-1] INFO  segmented.SegmentedRaftLogWorker (SegmentedRaftLogWorker.java:<init>(189)) - new c612d8d5-a02f-487c-9690-98407afc9b63@group-F307A16A3B83-SegmentedRaftLogWorker for RaftStorageImpl:Storage Directory /home/runner/work/ozone/ozone/hadoop-ozone/integration-test/target/test-dir/MiniOzoneClusterImpl-f3f3c3ea-d6fe-44d8-a21f-130fd89482f1/datanode-2/data/ratis/5157f040-aeaf-454c-93b2-f307a16a3b83
2023-03-15 05:44:40,909 [pool-321-thread-1] INFO  server.RaftServerConfigKeys (ConfUtils.java:logGet(46)) - raft.server.log.queue.byte-limit = 4294967296 (custom)
2023-03-15 05:44:40,909 [pool-321-thread-1] INFO  server.RaftServerConfigKeys (ConfUtils.java:logGet(46)) - raft.server.log.queue.element-limit = 1024 (custom)
2023-03-15 05:44:40,909 [pool-321-thread-1] INFO  server.RaftServerConfigKeys (ConfUtils.java:logGet(46)) - raft.server.log.segment.size.max = 1048576 (custom)
2023-03-15 05:44:40,909 [pool-321-thread-1] INFO  server.RaftServerConfigKeys (ConfUtils.java:logGet(46)) - raft.server.log.preallocated.size = 16384 (custom)
2023-03-15 05:44:40,909 [pool-321-thread-1] INFO  server.RaftServerConfigKeys (ConfUtils.java:logGet(46)) - raft.server.log.force.sync.num = 128 (default)
2023-03-15 05:44:40,909 [pool-321-thread-1] INFO  server.RaftServerConfigKeys (ConfUtils.java:logGet(46)) - raft.server.log.statemachine.data.sync = true (default)
2023-03-15 05:44:40,909 [pool-321-thread-1] INFO  server.RaftServerConfigKeys (ConfUtils.java:logGet(46)) - raft.server.log.statemachine.data.sync.timeout = 10s (default)
2023-03-15 05:44:40,909 [pool-321-thread-1] INFO  server.RaftServerConfigKeys (ConfUtils.java:logGet(46)) - raft.server.log.statemachine.data.sync.timeout.retry = -1 (default)
2023-03-15 05:44:40,910 [pool-321-thread-1] INFO  server.RaftServerConfigKeys (ConfUtils.java:logGet(46)) - raft.server.log.write.buffer.size = 1048576 (custom)
2023-03-15 05:44:40,910 [pool-321-thread-1] INFO  server.RaftServerConfigKeys (ConfUtils.java:logGet(46)) - raft.server.log.appender.buffer.byte-limit = 33554432 (custom)
2023-03-15 05:44:40,918 [pool-321-thread-1] INFO  server.RaftServerConfigKeys (ConfUtils.java:logGet(46)) - raft.server.log.unsafe-flush.enabled = false (default)
2023-03-15 05:44:40,918 [pool-321-thread-1] INFO  server.RaftServerConfigKeys (ConfUtils.java:logGet(46)) - raft.server.log.async-flush.enabled = false (default)
2023-03-15 05:44:40,918 [pool-321-thread-1] INFO  server.RaftServerConfigKeys (ConfUtils.java:logGet(46)) - raft.server.log.statemachine.data.caching.enabled = true (custom)
2023-03-15 05:44:40,919 [pool-321-thread-1] INFO  segmented.SegmentedRaftLogWorker (SegmentedRaftLogWorker.java:lambda$new$0(135)) - c612d8d5-a02f-487c-9690-98407afc9b63@group-F307A16A3B83-SegmentedRaftLogWorker: flushIndex: setUnconditionally 0 -> -1
2023-03-15 05:44:40,919 [pool-321-thread-1] INFO  segmented.SegmentedRaftLogWorker (SegmentedRaftLogWorker.java:lambda$new$0(135)) - c612d8d5-a02f-487c-9690-98407afc9b63@group-F307A16A3B83-SegmentedRaftLogWorker: safeCacheEvictIndex: setUnconditionally 0 -> -1
2023-03-15 05:44:40,919 [pool-321-thread-1] INFO  server.RaftServer$Division (RaftServerImpl.java:start(334)) - c612d8d5-a02f-487c-9690-98407afc9b63@group-F307A16A3B83: start as a follower, conf=-1: peers:[c612d8d5-a02f-487c-9690-98407afc9b63|rpc:10.1.0.18:38341|dataStream:10.1.0.18:46343|priority:0|startupRole:FOLLOWER, 21006111-8cd4-4582-9969-7940c2dbc712|rpc:10.1.0.18:37223|dataStream:10.1.0.18:39239|priority:0|startupRole:FOLLOWER, 0abd910a-099e-433f-90a2-1c025d1dc7f3|rpc:10.1.0.18:34751|dataStream:10.1.0.18:36347|priority:1|startupRole:FOLLOWER]|listeners:[], old=null
2023-03-15 05:44:40,919 [pool-321-thread-1] INFO  server.RaftServer$Division (RaftServerImpl.java:setRole(321)) - c612d8d5-a02f-487c-9690-98407afc9b63@group-F307A16A3B83: changes role from      null to FOLLOWER at term 0 for startAsFollower
2023-03-15 05:44:40,919 [pool-321-thread-1] INFO  impl.RoleInfo (RoleInfo.java:updateAndGet(139)) - c612d8d5-a02f-487c-9690-98407afc9b63: start c612d8d5-a02f-487c-9690-98407afc9b63@group-F307A16A3B83-FollowerState
2023-03-15 05:44:40,919 [pool-321-thread-1] INFO  util.JmxRegister (JmxRegister.java:tryRegister(44)) - Successfully registered JMX Bean with object name Ratis:service=RaftServer,group=group-F307A16A3B83,id=c612d8d5-a02f-487c-9690-98407afc9b63
2023-03-15 05:44:40,919 [c612d8d5-a02f-487c-9690-98407afc9b63@group-F307A16A3B83-FollowerState] INFO  server.RaftServerConfigKeys (ConfUtils.java:logFallback(53)) - raft.server.rpc.first-election.timeout.min = 5s (fallback to raft.server.rpc.timeout.min)
2023-03-15 05:44:40,919 [pool-321-thread-1] INFO  server.RaftServerConfigKeys (ConfUtils.java:logGet(46)) - raft.server.snapshot.auto.trigger.enabled = true (custom)
2023-03-15 05:44:40,920 [pool-321-thread-1] INFO  server.RaftServerConfigKeys (ConfUtils.java:logGet(46)) - raft.server.snapshot.auto.trigger.threshold = 10000 (custom)
2023-03-15 05:44:40,920 [pool-321-thread-1] INFO  server.RaftServerConfigKeys (ConfUtils.java:logGet(46)) - raft.server.snapshot.retention.file.num = 5 (custom)
2023-03-15 05:44:40,920 [pool-321-thread-1] INFO  server.RaftServerConfigKeys (ConfUtils.java:logGet(46)) - raft.server.log.purge.upto.snapshot.index = false (default)
2023-03-15 05:44:40,919 [c612d8d5-a02f-487c-9690-98407afc9b63@group-F307A16A3B83-FollowerState] INFO  server.RaftServerConfigKeys (ConfUtils.java:logFallback(53)) - raft.server.rpc.first-election.timeout.max = 5200ms (fallback to raft.server.rpc.timeout.max)
2023-03-15 05:44:40,924 [Command processor thread] INFO  commandhandler.CreatePipelineCommandHandler (CreatePipelineCommandHandler.java:handle(113)) - Created Pipeline RATIS THREE PipelineID=5157f040-aeaf-454c-93b2-f307a16a3b83.
2023-03-15 05:44:41,065 [Command processor thread] INFO  server.RaftServer (RaftServerProxy.java:addNew(96)) - 0abd910a-099e-433f-90a2-1c025d1dc7f3: addNew group-203A7EA13C7C:[0abd910a-099e-433f-90a2-1c025d1dc7f3|rpc:10.1.0.18:34751|dataStream:10.1.0.18:36347|priority:1|startupRole:FOLLOWER] returns group-203A7EA13C7C:java.util.concurrent.CompletableFuture@2135b84f[Not completed]
2023-03-15 05:44:41,066 [pool-299-thread-1] INFO  server.RaftServer$Division (RaftServerImpl.java:<init>(195)) - 0abd910a-099e-433f-90a2-1c025d1dc7f3: new RaftServerImpl for group-203A7EA13C7C:[0abd910a-099e-433f-90a2-1c025d1dc7f3|rpc:10.1.0.18:34751|dataStream:10.1.0.18:36347|priority:1|startupRole:FOLLOWER] with ContainerStateMachine:uninitialized
2023-03-15 05:44:41,066 [pool-299-thread-1] INFO  server.RaftServerConfigKeys (ConfUtils.java:logGet(46)) - raft.server.rpc.timeout.min = 5s (custom)
2023-03-15 05:44:41,066 [pool-299-thread-1] INFO  server.RaftServerConfigKeys (ConfUtils.java:logGet(46)) - raft.server.rpc.timeout.max = 5200ms (custom)
2023-03-15 05:44:41,066 [pool-299-thread-1] INFO  server.RaftServerConfigKeys (ConfUtils.java:logGet(46)) - raft.server.rpc.sleep.time = 25ms (default)
2023-03-15 05:44:41,066 [pool-299-thread-1] INFO  server.RaftServerConfigKeys (ConfUtils.java:logGet(46)) - raft.server.rpc.slowness.timeout = 300s (custom)
2023-03-15 05:44:41,066 [pool-299-thread-1] INFO  server.RaftServerConfigKeys (ConfUtils.java:logGet(46)) - raft.server.leaderelection.leader.step-down.wait-time = 10s (default)
2023-03-15 05:44:41,066 [pool-299-thread-1] INFO  server.RaftServerConfigKeys (ConfUtils.java:logGet(46)) - raft.server.sleep.deviation.threshold = 300ms (default)
2023-03-15 05:44:41,066 [pool-299-thread-1] INFO  server.RaftServer$Division (ServerState.java:<init>(118)) - 0abd910a-099e-433f-90a2-1c025d1dc7f3@group-203A7EA13C7C: ConfigurationManager, init=-1: peers:[0abd910a-099e-433f-90a2-1c025d1dc7f3|rpc:10.1.0.18:34751|dataStream:10.1.0.18:36347|priority:1|startupRole:FOLLOWER]|listeners:[], old=null, confs=<EMPTY_MAP>
2023-03-15 05:44:41,066 [pool-299-thread-1] INFO  server.RaftServerConfigKeys (ConfUtils.java:logGet(46)) - raft.server.storage.dir = [/home/runner/work/ozone/ozone/hadoop-ozone/integration-test/target/test-dir/MiniOzoneClusterImpl-f3f3c3ea-d6fe-44d8-a21f-130fd89482f1/datanode-1/data/ratis] (custom)
2023-03-15 05:44:41,067 [pool-299-thread-1] INFO  server.RaftServerConfigKeys (ConfUtils.java:logGet(46)) - raft.server.log.corruption.policy = EXCEPTION (default)
2023-03-15 05:44:41,067 [pool-299-thread-1] INFO  server.RaftServerConfigKeys (ConfUtils.java:logGet(46)) - raft.server.storage.free-space.min = 0MB (=0) (default)
2023-03-15 05:44:41,067 [pool-299-thread-1] INFO  server.RaftServerConfigKeys (ConfUtils.java:logGet(46)) - raft.server.notification.no-leader.timeout = 300s (custom)
2023-03-15 05:44:41,067 [pool-299-thread-1] INFO  server.RaftServerConfigKeys (ConfUtils.java:logGet(46)) - raft.server.retrycache.expirytime = 600000ms (custom)
2023-03-15 05:44:41,067 [pool-299-thread-1] INFO  server.RaftServerConfigKeys (ConfUtils.java:logGet(46)) - raft.server.retrycache.statistics.expirytime = 100μs (default)
2023-03-15 05:44:41,067 [pool-299-thread-1] INFO  server.RaftServerConfigKeys (ConfUtils.java:logGet(46)) - raft.server.log.appender.install.snapshot.enabled = false (custom)
2023-03-15 05:44:41,067 [pool-299-thread-1] INFO  server.RaftServerConfigKeys (ConfUtils.java:logGet(46)) - raft.server.threadpool.server.cached = true (default)
2023-03-15 05:44:41,068 [pool-299-thread-1] INFO  server.RaftServerConfigKeys (ConfUtils.java:logGet(46)) - raft.server.threadpool.server.size = 0 (default)
2023-03-15 05:44:41,068 [pool-299-thread-1] INFO  server.RaftServerConfigKeys (ConfUtils.java:logGet(46)) - raft.server.threadpool.client.cached = true (default)
2023-03-15 05:44:41,068 [pool-299-thread-1] INFO  server.RaftServerConfigKeys (ConfUtils.java:logGet(46)) - raft.server.threadpool.client.size = 0 (default)
2023-03-15 05:44:41,068 [pool-299-thread-1] INFO  storage.RaftStorageDirectory (RaftStorageDirectoryImpl.java:analyzeStorage(137)) - The storage directory /home/runner/work/ozone/ozone/hadoop-ozone/integration-test/target/test-dir/MiniOzoneClusterImpl-f3f3c3ea-d6fe-44d8-a21f-130fd89482f1/datanode-1/data/ratis/e2f5b9f0-1821-4938-befe-203a7ea13c7c does not exist. Creating ...
2023-03-15 05:44:41,070 [pool-299-thread-1] INFO  storage.RaftStorageDirectory (RaftStorageDirectoryImpl.java:tryLock(231)) - Lock on /home/runner/work/ozone/ozone/hadoop-ozone/integration-test/target/test-dir/MiniOzoneClusterImpl-f3f3c3ea-d6fe-44d8-a21f-130fd89482f1/datanode-1/data/ratis/e2f5b9f0-1821-4938-befe-203a7ea13c7c/in_use.lock acquired by nodename 67552@fv-az390-885
2023-03-15 05:44:41,071 [pool-299-thread-1] INFO  storage.RaftStorage (RaftStorageImpl.java:format(96)) - Storage directory /home/runner/work/ozone/ozone/hadoop-ozone/integration-test/target/test-dir/MiniOzoneClusterImpl-f3f3c3ea-d6fe-44d8-a21f-130fd89482f1/datanode-1/data/ratis/e2f5b9f0-1821-4938-befe-203a7ea13c7c has been successfully formatted.
2023-03-15 05:44:41,071 [pool-299-thread-1] INFO  ratis.ContainerStateMachine (ContainerStateMachine.java:loadSnapshot(262)) - group-203A7EA13C7C: The snapshot info is null. Setting the last applied indexto:(t:0, i:~)
2023-03-15 05:44:41,071 [pool-299-thread-1] INFO  server.RaftServerConfigKeys (ConfUtils.java:logGet(46)) - raft.server.log.use.memory = false (default)
2023-03-15 05:44:41,071 [pool-299-thread-1] INFO  server.RaftServerConfigKeys (ConfUtils.java:logGet(46)) - raft.server.log.purge.gap = 1000000 (custom)
2023-03-15 05:44:41,071 [pool-299-thread-1] INFO  server.RaftServerConfigKeys (ConfUtils.java:logGet(46)) - raft.server.log.appender.buffer.byte-limit = 33554432 (custom)
2023-03-15 05:44:41,072 [pool-299-thread-1] INFO  server.RaftServerConfigKeys (ConfUtils.java:logGet(46)) - raft.server.log.statemachine.data.read.timeout = 1000ms (default)
2023-03-15 05:44:41,072 [pool-299-thread-1] INFO  server.RaftServerConfigKeys (ConfUtils.java:logGet(46)) - raft.server.log.purge.preservation.log.num = 0 (default)
2023-03-15 05:44:41,072 [pool-299-thread-1] INFO  server.RaftServerConfigKeys (ConfUtils.java:logGet(46)) - raft.server.log.segment.size.max = 1048576 (custom)
2023-03-15 05:44:41,072 [pool-299-thread-1] INFO  server.RaftServerConfigKeys (ConfUtils.java:logGet(46)) - raft.server.log.segment.cache.num.max = 2 (custom)
2023-03-15 05:44:41,072 [EventQueue-PipelineReportForPipelineReportHandler] INFO  pipeline.PipelineManagerImpl (PipelineManagerImpl.java:openPipeline(367)) - Pipeline Pipeline[ Id: e2f5b9f0-1821-4938-befe-203a7ea13c7c, Nodes: 0abd910a-099e-433f-90a2-1c025d1dc7f3(fv-az390-885.2udvygdcjcjuphbbpa4zxtqymb.gx.internal.cloudapp.net/10.1.0.18), ReplicationConfig: RATIS/ONE, State:ALLOCATED, leaderId:0abd910a-099e-433f-90a2-1c025d1dc7f3, CreationTimestamp2023-03-15T05:44:38.068Z[Etc/UTC]] moved to OPEN state
2023-03-15 05:44:41,072 [pool-299-thread-1] INFO  server.RaftServerConfigKeys (ConfUtils.java:logGet(46)) - raft.server.log.segment.cache.size.max = 200MB (=209715200) (default)
2023-03-15 05:44:41,072 [pool-299-thread-1] INFO  segmented.SegmentedRaftLogWorker (SegmentedRaftLogWorker.java:<init>(189)) - new 0abd910a-099e-433f-90a2-1c025d1dc7f3@group-203A7EA13C7C-SegmentedRaftLogWorker for RaftStorageImpl:Storage Directory /home/runner/work/ozone/ozone/hadoop-ozone/integration-test/target/test-dir/MiniOzoneClusterImpl-f3f3c3ea-d6fe-44d8-a21f-130fd89482f1/datanode-1/data/ratis/e2f5b9f0-1821-4938-befe-203a7ea13c7c
2023-03-15 05:44:41,072 [pool-299-thread-1] INFO  server.RaftServerConfigKeys (ConfUtils.java:logGet(46)) - raft.server.log.queue.byte-limit = 4294967296 (custom)
2023-03-15 05:44:41,072 [pool-299-thread-1] INFO  server.RaftServerConfigKeys (ConfUtils.java:logGet(46)) - raft.server.log.queue.element-limit = 1024 (custom)
2023-03-15 05:44:41,072 [pool-299-thread-1] INFO  server.RaftServerConfigKeys (ConfUtils.java:logGet(46)) - raft.server.log.segment.size.max = 1048576 (custom)
2023-03-15 05:44:41,072 [pool-299-thread-1] INFO  server.RaftServerConfigKeys (ConfUtils.java:logGet(46)) - raft.server.log.preallocated.size = 16384 (custom)
2023-03-15 05:44:41,072 [pool-299-thread-1] INFO  server.RaftServerConfigKeys (ConfUtils.java:logGet(46)) - raft.server.log.force.sync.num = 128 (default)
2023-03-15 05:44:41,072 [pool-299-thread-1] INFO  server.RaftServerConfigKeys (ConfUtils.java:logGet(46)) - raft.server.log.statemachine.data.sync = true (default)
2023-03-15 05:44:41,072 [EventQueue-OpenPipelineForHealthyPipelineSafeModeRule] INFO  safemode.SCMSafeModeManager (HealthyPipelineSafeModeRule.java:process(137)) - SCM in safe mode. Healthy pipelines reported count is 0, required healthy pipeline reported count is 1
2023-03-15 05:44:41,072 [pool-299-thread-1] INFO  server.RaftServerConfigKeys (ConfUtils.java:logGet(46)) - raft.server.log.statemachine.data.sync.timeout = 10s (default)
2023-03-15 05:44:41,072 [pool-299-thread-1] INFO  server.RaftServerConfigKeys (ConfUtils.java:logGet(46)) - raft.server.log.statemachine.data.sync.timeout.retry = -1 (default)
2023-03-15 05:44:41,073 [pool-299-thread-1] INFO  server.RaftServerConfigKeys (ConfUtils.java:logGet(46)) - raft.server.log.write.buffer.size = 1048576 (custom)
2023-03-15 05:44:41,073 [pool-299-thread-1] INFO  server.RaftServerConfigKeys (ConfUtils.java:logGet(46)) - raft.server.log.appender.buffer.byte-limit = 33554432 (custom)
2023-03-15 05:44:41,081 [pool-299-thread-1] INFO  server.RaftServerConfigKeys (ConfUtils.java:logGet(46)) - raft.server.log.unsafe-flush.enabled = false (default)
2023-03-15 05:44:41,081 [pool-299-thread-1] INFO  server.RaftServerConfigKeys (ConfUtils.java:logGet(46)) - raft.server.log.async-flush.enabled = false (default)
2023-03-15 05:44:41,081 [pool-299-thread-1] INFO  server.RaftServerConfigKeys (ConfUtils.java:logGet(46)) - raft.server.log.statemachine.data.caching.enabled = true (custom)
2023-03-15 05:44:41,081 [pool-299-thread-1] INFO  segmented.SegmentedRaftLogWorker (SegmentedRaftLogWorker.java:lambda$new$0(135)) - 0abd910a-099e-433f-90a2-1c025d1dc7f3@group-203A7EA13C7C-SegmentedRaftLogWorker: flushIndex: setUnconditionally 0 -> -1
2023-03-15 05:44:41,081 [pool-299-thread-1] INFO  segmented.SegmentedRaftLogWorker (SegmentedRaftLogWorker.java:lambda$new$0(135)) - 0abd910a-099e-433f-90a2-1c025d1dc7f3@group-203A7EA13C7C-SegmentedRaftLogWorker: safeCacheEvictIndex: setUnconditionally 0 -> -1
2023-03-15 05:44:41,081 [pool-299-thread-1] INFO  server.RaftServer$Division (RaftServerImpl.java:start(334)) - 0abd910a-099e-433f-90a2-1c025d1dc7f3@group-203A7EA13C7C: start as a follower, conf=-1: peers:[0abd910a-099e-433f-90a2-1c025d1dc7f3|rpc:10.1.0.18:34751|dataStream:10.1.0.18:36347|priority:1|startupRole:FOLLOWER]|listeners:[], old=null
2023-03-15 05:44:41,081 [pool-299-thread-1] INFO  server.RaftServer$Division (RaftServerImpl.java:setRole(321)) - 0abd910a-099e-433f-90a2-1c025d1dc7f3@group-203A7EA13C7C: changes role from      null to FOLLOWER at term 0 for startAsFollower
2023-03-15 05:44:41,081 [pool-299-thread-1] INFO  impl.RoleInfo (RoleInfo.java:updateAndGet(139)) - 0abd910a-099e-433f-90a2-1c025d1dc7f3: start 0abd910a-099e-433f-90a2-1c025d1dc7f3@group-203A7EA13C7C-FollowerState
2023-03-15 05:44:41,083 [pool-299-thread-1] INFO  util.JmxRegister (JmxRegister.java:tryRegister(44)) - Successfully registered JMX Bean with object name Ratis:service=RaftServer,group=group-203A7EA13C7C,id=0abd910a-099e-433f-90a2-1c025d1dc7f3
2023-03-15 05:44:41,084 [pool-299-thread-1] INFO  server.RaftServerConfigKeys (ConfUtils.java:logGet(46)) - raft.server.snapshot.auto.trigger.enabled = true (custom)
2023-03-15 05:44:41,084 [pool-299-thread-1] INFO  server.RaftServerConfigKeys (ConfUtils.java:logGet(46)) - raft.server.snapshot.auto.trigger.threshold = 10000 (custom)
2023-03-15 05:44:41,084 [pool-299-thread-1] INFO  server.RaftServerConfigKeys (ConfUtils.java:logGet(46)) - raft.server.snapshot.retention.file.num = 5 (custom)
2023-03-15 05:44:41,084 [pool-299-thread-1] INFO  server.RaftServerConfigKeys (ConfUtils.java:logGet(46)) - raft.server.log.purge.upto.snapshot.index = false (default)
2023-03-15 05:44:41,086 [Command processor thread] INFO  ratis.XceiverServerRatis (XceiverServerRatis.java:addGroup(807)) - Created group PipelineID=e2f5b9f0-1821-4938-befe-203a7ea13c7c
2023-03-15 05:44:41,086 [Command processor thread] INFO  commandhandler.CreatePipelineCommandHandler (CreatePipelineCommandHandler.java:handle(113)) - Created Pipeline RATIS ONE PipelineID=e2f5b9f0-1821-4938-befe-203a7ea13c7c.
2023-03-15 05:44:41,086 [0abd910a-099e-433f-90a2-1c025d1dc7f3@group-203A7EA13C7C-FollowerState] INFO  server.RaftServerConfigKeys (ConfUtils.java:logFallback(53)) - raft.server.rpc.first-election.timeout.min = 5s (fallback to raft.server.rpc.timeout.min)
2023-03-15 05:44:41,086 [0abd910a-099e-433f-90a2-1c025d1dc7f3@group-203A7EA13C7C-FollowerState] INFO  server.RaftServerConfigKeys (ConfUtils.java:logFallback(53)) - raft.server.rpc.first-election.timeout.max = 5200ms (fallback to raft.server.rpc.timeout.max)
2023-03-15 05:44:41,101 [Listener at 127.0.0.1/39193] INFO  ozone.MiniOzoneClusterImpl (MiniOzoneClusterImpl.java:lambda$waitForClusterToBeReady$0(218)) - Nodes are ready. Got 5 of 5 DN Heartbeats.
2023-03-15 05:44:41,101 [Listener at 127.0.0.1/39193] INFO  ozone.MiniOzoneClusterImpl (MiniOzoneClusterImpl.java:lambda$waitForClusterToBeReady$0(221)) - Waiting for cluster to exit safe mode
2023-03-15 05:44:41,101 [Listener at 127.0.0.1/39193] INFO  ozone.MiniOzoneClusterImpl (MiniOzoneClusterImpl.java:lambda$waitForClusterToBeReady$0(223)) - SCM became leader
2023-03-15 05:44:41,410 [Command processor thread] INFO  server.RaftServer (RaftServerProxy.java:addNew(96)) - c612d8d5-a02f-487c-9690-98407afc9b63: addNew group-5A985B7FF42E:[c612d8d5-a02f-487c-9690-98407afc9b63|rpc:10.1.0.18:38341|dataStream:10.1.0.18:46343|priority:1|startupRole:FOLLOWER] returns group-5A985B7FF42E:java.util.concurrent.CompletableFuture@41f29a34[Not completed]
2023-03-15 05:44:41,411 [pool-321-thread-1] INFO  server.RaftServer$Division (RaftServerImpl.java:<init>(195)) - c612d8d5-a02f-487c-9690-98407afc9b63: new RaftServerImpl for group-5A985B7FF42E:[c612d8d5-a02f-487c-9690-98407afc9b63|rpc:10.1.0.18:38341|dataStream:10.1.0.18:46343|priority:1|startupRole:FOLLOWER] with ContainerStateMachine:uninitialized
2023-03-15 05:44:41,411 [pool-321-thread-1] INFO  server.RaftServerConfigKeys (ConfUtils.java:logGet(46)) - raft.server.rpc.timeout.min = 5s (custom)
2023-03-15 05:44:41,411 [pool-321-thread-1] INFO  server.RaftServerConfigKeys (ConfUtils.java:logGet(46)) - raft.server.rpc.timeout.max = 5200ms (custom)
2023-03-15 05:44:41,411 [pool-321-thread-1] INFO  server.RaftServerConfigKeys (ConfUtils.java:logGet(46)) - raft.server.rpc.sleep.time = 25ms (default)
2023-03-15 05:44:41,411 [pool-321-thread-1] INFO  server.RaftServerConfigKeys (ConfUtils.java:logGet(46)) - raft.server.rpc.slowness.timeout = 300s (custom)
2023-03-15 05:44:41,411 [pool-321-thread-1] INFO  server.RaftServerConfigKeys (ConfUtils.java:logGet(46)) - raft.server.leaderelection.leader.step-down.wait-time = 10s (default)
2023-03-15 05:44:41,411 [pool-321-thread-1] INFO  server.RaftServerConfigKeys (ConfUtils.java:logGet(46)) - raft.server.sleep.deviation.threshold = 300ms (default)
2023-03-15 05:44:41,411 [pool-321-thread-1] INFO  server.RaftServer$Division (ServerState.java:<init>(118)) - c612d8d5-a02f-487c-9690-98407afc9b63@group-5A985B7FF42E: ConfigurationManager, init=-1: peers:[c612d8d5-a02f-487c-9690-98407afc9b63|rpc:10.1.0.18:38341|dataStream:10.1.0.18:46343|priority:1|startupRole:FOLLOWER]|listeners:[], old=null, confs=<EMPTY_MAP>
2023-03-15 05:44:41,411 [pool-321-thread-1] INFO  server.RaftServerConfigKeys (ConfUtils.java:logGet(46)) - raft.server.storage.dir = [/home/runner/work/ozone/ozone/hadoop-ozone/integration-test/target/test-dir/MiniOzoneClusterImpl-f3f3c3ea-d6fe-44d8-a21f-130fd89482f1/datanode-2/data/ratis] (custom)
2023-03-15 05:44:41,411 [pool-321-thread-1] INFO  server.RaftServerConfigKeys (ConfUtils.java:logGet(46)) - raft.server.log.corruption.policy = EXCEPTION (default)
2023-03-15 05:44:41,411 [pool-321-thread-1] INFO  server.RaftServerConfigKeys (ConfUtils.java:logGet(46)) - raft.server.storage.free-space.min = 0MB (=0) (default)
2023-03-15 05:44:41,411 [pool-321-thread-1] INFO  server.RaftServerConfigKeys (ConfUtils.java:logGet(46)) - raft.server.notification.no-leader.timeout = 300s (custom)
2023-03-15 05:44:41,411 [pool-321-thread-1] INFO  server.RaftServerConfigKeys (ConfUtils.java:logGet(46)) - raft.server.retrycache.expirytime = 600000ms (custom)
2023-03-15 05:44:41,411 [pool-321-thread-1] INFO  server.RaftServerConfigKeys (ConfUtils.java:logGet(46)) - raft.server.retrycache.statistics.expirytime = 100μs (default)
2023-03-15 05:44:41,412 [pool-321-thread-1] INFO  server.RaftServerConfigKeys (ConfUtils.java:logGet(46)) - raft.server.log.appender.install.snapshot.enabled = false (custom)
2023-03-15 05:44:41,412 [pool-321-thread-1] INFO  server.RaftServerConfigKeys (ConfUtils.java:logGet(46)) - raft.server.threadpool.server.cached = true (default)
2023-03-15 05:44:41,412 [pool-321-thread-1] INFO  server.RaftServerConfigKeys (ConfUtils.java:logGet(46)) - raft.server.threadpool.server.size = 0 (default)
2023-03-15 05:44:41,412 [pool-321-thread-1] INFO  server.RaftServerConfigKeys (ConfUtils.java:logGet(46)) - raft.server.threadpool.client.cached = true (default)
2023-03-15 05:44:41,412 [pool-321-thread-1] INFO  server.RaftServerConfigKeys (ConfUtils.java:logGet(46)) - raft.server.threadpool.client.size = 0 (default)
2023-03-15 05:44:41,412 [pool-321-thread-1] INFO  storage.RaftStorageDirectory (RaftStorageDirectoryImpl.java:analyzeStorage(137)) - The storage directory /home/runner/work/ozone/ozone/hadoop-ozone/integration-test/target/test-dir/MiniOzoneClusterImpl-f3f3c3ea-d6fe-44d8-a21f-130fd89482f1/datanode-2/data/ratis/9acf4574-ae4b-4dec-aec6-5a985b7ff42e does not exist. Creating ...
2023-03-15 05:44:41,414 [pool-321-thread-1] INFO  storage.RaftStorageDirectory (RaftStorageDirectoryImpl.java:tryLock(231)) - Lock on /home/runner/work/ozone/ozone/hadoop-ozone/integration-test/target/test-dir/MiniOzoneClusterImpl-f3f3c3ea-d6fe-44d8-a21f-130fd89482f1/datanode-2/data/ratis/9acf4574-ae4b-4dec-aec6-5a985b7ff42e/in_use.lock acquired by nodename 67552@fv-az390-885
2023-03-15 05:44:41,415 [pool-321-thread-1] INFO  storage.RaftStorage (RaftStorageImpl.java:format(96)) - Storage directory /home/runner/work/ozone/ozone/hadoop-ozone/integration-test/target/test-dir/MiniOzoneClusterImpl-f3f3c3ea-d6fe-44d8-a21f-130fd89482f1/datanode-2/data/ratis/9acf4574-ae4b-4dec-aec6-5a985b7ff42e has been successfully formatted.
2023-03-15 05:44:41,416 [EventQueue-PipelineReportForPipelineReportHandler] INFO  pipeline.PipelineManagerImpl (PipelineManagerImpl.java:openPipeline(367)) - Pipeline Pipeline[ Id: 9acf4574-ae4b-4dec-aec6-5a985b7ff42e, Nodes: c612d8d5-a02f-487c-9690-98407afc9b63(fv-az390-885.2udvygdcjcjuphbbpa4zxtqymb.gx.internal.cloudapp.net/10.1.0.18), ReplicationConfig: RATIS/ONE, State:ALLOCATED, leaderId:c612d8d5-a02f-487c-9690-98407afc9b63, CreationTimestamp2023-03-15T05:44:38.412Z[Etc/UTC]] moved to OPEN state
2023-03-15 05:44:41,417 [EventQueue-OpenPipelineForHealthyPipelineSafeModeRule] INFO  safemode.SCMSafeModeManager (HealthyPipelineSafeModeRule.java:process(137)) - SCM in safe mode. Healthy pipelines reported count is 0, required healthy pipeline reported count is 1
2023-03-15 05:44:41,417 [pool-321-thread-1] INFO  ratis.ContainerStateMachine (ContainerStateMachine.java:loadSnapshot(262)) - group-5A985B7FF42E: The snapshot info is null. Setting the last applied indexto:(t:0, i:~)
2023-03-15 05:44:41,417 [pool-321-thread-1] INFO  server.RaftServerConfigKeys (ConfUtils.java:logGet(46)) - raft.server.log.use.memory = false (default)
2023-03-15 05:44:41,417 [pool-321-thread-1] INFO  server.RaftServerConfigKeys (ConfUtils.java:logGet(46)) - raft.server.log.purge.gap = 1000000 (custom)
2023-03-15 05:44:41,417 [pool-321-thread-1] INFO  server.RaftServerConfigKeys (ConfUtils.java:logGet(46)) - raft.server.log.appender.buffer.byte-limit = 33554432 (custom)
2023-03-15 05:44:41,417 [pool-321-thread-1] INFO  server.RaftServerConfigKeys (ConfUtils.java:logGet(46)) - raft.server.log.statemachine.data.read.timeout = 1000ms (default)
2023-03-15 05:44:41,417 [pool-321-thread-1] INFO  server.RaftServerConfigKeys (ConfUtils.java:logGet(46)) - raft.server.log.purge.preservation.log.num = 0 (default)
2023-03-15 05:44:41,417 [pool-321-thread-1] INFO  server.RaftServerConfigKeys (ConfUtils.java:logGet(46)) - raft.server.log.segment.size.max = 1048576 (custom)
2023-03-15 05:44:41,418 [pool-321-thread-1] INFO  server.RaftServerConfigKeys (ConfUtils.java:logGet(46)) - raft.server.log.segment.cache.num.max = 2 (custom)
2023-03-15 05:44:41,418 [pool-321-thread-1] INFO  server.RaftServerConfigKeys (ConfUtils.java:logGet(46)) - raft.server.log.segment.cache.size.max = 200MB (=209715200) (default)
2023-03-15 05:44:41,418 [pool-321-thread-1] INFO  segmented.SegmentedRaftLogWorker (SegmentedRaftLogWorker.java:<init>(189)) - new c612d8d5-a02f-487c-9690-98407afc9b63@group-5A985B7FF42E-SegmentedRaftLogWorker for RaftStorageImpl:Storage Directory /home/runner/work/ozone/ozone/hadoop-ozone/integration-test/target/test-dir/MiniOzoneClusterImpl-f3f3c3ea-d6fe-44d8-a21f-130fd89482f1/datanode-2/data/ratis/9acf4574-ae4b-4dec-aec6-5a985b7ff42e
2023-03-15 05:44:41,418 [pool-321-thread-1] INFO  server.RaftServerConfigKeys (ConfUtils.java:logGet(46)) - raft.server.log.queue.byte-limit = 4294967296 (custom)
2023-03-15 05:44:41,418 [pool-321-thread-1] INFO  server.RaftServerConfigKeys (ConfUtils.java:logGet(46)) - raft.server.log.queue.element-limit = 1024 (custom)
2023-03-15 05:44:41,418 [pool-321-thread-1] INFO  server.RaftServerConfigKeys (ConfUtils.java:logGet(46)) - raft.server.log.segment.size.max = 1048576 (custom)
2023-03-15 05:44:41,418 [pool-321-thread-1] INFO  server.RaftServerConfigKeys (ConfUtils.java:logGet(46)) - raft.server.log.preallocated.size = 16384 (custom)
2023-03-15 05:44:41,418 [pool-321-thread-1] INFO  server.RaftServerConfigKeys (ConfUtils.java:logGet(46)) - raft.server.log.force.sync.num = 128 (default)
2023-03-15 05:44:41,418 [pool-321-thread-1] INFO  server.RaftServerConfigKeys (ConfUtils.java:logGet(46)) - raft.server.log.statemachine.data.sync = true (default)
2023-03-15 05:44:41,418 [pool-321-thread-1] INFO  server.RaftServerConfigKeys (ConfUtils.java:logGet(46)) - raft.server.log.statemachine.data.sync.timeout = 10s (default)
2023-03-15 05:44:41,418 [pool-321-thread-1] INFO  server.RaftServerConfigKeys (ConfUtils.java:logGet(46)) - raft.server.log.statemachine.data.sync.timeout.retry = -1 (default)
2023-03-15 05:44:41,418 [pool-321-thread-1] INFO  server.RaftServerConfigKeys (ConfUtils.java:logGet(46)) - raft.server.log.write.buffer.size = 1048576 (custom)
2023-03-15 05:44:41,419 [pool-321-thread-1] INFO  server.RaftServerConfigKeys (ConfUtils.java:logGet(46)) - raft.server.log.appender.buffer.byte-limit = 33554432 (custom)
2023-03-15 05:44:41,427 [pool-321-thread-1] INFO  server.RaftServerConfigKeys (ConfUtils.java:logGet(46)) - raft.server.log.unsafe-flush.enabled = false (default)
2023-03-15 05:44:41,427 [pool-321-thread-1] INFO  server.RaftServerConfigKeys (ConfUtils.java:logGet(46)) - raft.server.log.async-flush.enabled = false (default)
2023-03-15 05:44:41,427 [pool-321-thread-1] INFO  server.RaftServerConfigKeys (ConfUtils.java:logGet(46)) - raft.server.log.statemachine.data.caching.enabled = true (custom)
2023-03-15 05:44:41,427 [pool-321-thread-1] INFO  segmented.SegmentedRaftLogWorker (SegmentedRaftLogWorker.java:lambda$new$0(135)) - c612d8d5-a02f-487c-9690-98407afc9b63@group-5A985B7FF42E-SegmentedRaftLogWorker: flushIndex: setUnconditionally 0 -> -1
2023-03-15 05:44:41,427 [pool-321-thread-1] INFO  segmented.SegmentedRaftLogWorker (SegmentedRaftLogWorker.java:lambda$new$0(135)) - c612d8d5-a02f-487c-9690-98407afc9b63@group-5A985B7FF42E-SegmentedRaftLogWorker: safeCacheEvictIndex: setUnconditionally 0 -> -1
2023-03-15 05:44:41,427 [pool-321-thread-1] INFO  server.RaftServer$Division (RaftServerImpl.java:start(334)) - c612d8d5-a02f-487c-9690-98407afc9b63@group-5A985B7FF42E: start as a follower, conf=-1: peers:[c612d8d5-a02f-487c-9690-98407afc9b63|rpc:10.1.0.18:38341|dataStream:10.1.0.18:46343|priority:1|startupRole:FOLLOWER]|listeners:[], old=null
2023-03-15 05:44:41,427 [pool-321-thread-1] INFO  server.RaftServer$Division (RaftServerImpl.java:setRole(321)) - c612d8d5-a02f-487c-9690-98407afc9b63@group-5A985B7FF42E: changes role from      null to FOLLOWER at term 0 for startAsFollower
2023-03-15 05:44:41,427 [pool-321-thread-1] INFO  impl.RoleInfo (RoleInfo.java:updateAndGet(139)) - c612d8d5-a02f-487c-9690-98407afc9b63: start c612d8d5-a02f-487c-9690-98407afc9b63@group-5A985B7FF42E-FollowerState
2023-03-15 05:44:41,428 [pool-321-thread-1] INFO  util.JmxRegister (JmxRegister.java:tryRegister(44)) - Successfully registered JMX Bean with object name Ratis:service=RaftServer,group=group-5A985B7FF42E,id=c612d8d5-a02f-487c-9690-98407afc9b63
2023-03-15 05:44:41,428 [c612d8d5-a02f-487c-9690-98407afc9b63@group-5A985B7FF42E-FollowerState] INFO  server.RaftServerConfigKeys (ConfUtils.java:logFallback(53)) - raft.server.rpc.first-election.timeout.min = 5s (fallback to raft.server.rpc.timeout.min)
2023-03-15 05:44:41,428 [pool-321-thread-1] INFO  server.RaftServerConfigKeys (ConfUtils.java:logGet(46)) - raft.server.snapshot.auto.trigger.enabled = true (custom)
2023-03-15 05:44:41,428 [c612d8d5-a02f-487c-9690-98407afc9b63@group-5A985B7FF42E-FollowerState] INFO  server.RaftServerConfigKeys (ConfUtils.java:logFallback(53)) - raft.server.rpc.first-election.timeout.max = 5200ms (fallback to raft.server.rpc.timeout.max)
2023-03-15 05:44:41,428 [pool-321-thread-1] INFO  server.RaftServerConfigKeys (ConfUtils.java:logGet(46)) - raft.server.snapshot.auto.trigger.threshold = 10000 (custom)
2023-03-15 05:44:41,428 [pool-321-thread-1] INFO  server.RaftServerConfigKeys (ConfUtils.java:logGet(46)) - raft.server.snapshot.retention.file.num = 5 (custom)
2023-03-15 05:44:41,428 [pool-321-thread-1] INFO  server.RaftServerConfigKeys (ConfUtils.java:logGet(46)) - raft.server.log.purge.upto.snapshot.index = false (default)
2023-03-15 05:44:41,428 [Command processor thread] INFO  ratis.XceiverServerRatis (XceiverServerRatis.java:addGroup(807)) - Created group PipelineID=9acf4574-ae4b-4dec-aec6-5a985b7ff42e
2023-03-15 05:44:41,428 [Command processor thread] INFO  commandhandler.CreatePipelineCommandHandler (CreatePipelineCommandHandler.java:handle(113)) - Created Pipeline RATIS ONE PipelineID=9acf4574-ae4b-4dec-aec6-5a985b7ff42e.
2023-03-15 05:44:41,746 [Command processor thread] INFO  server.RaftServer (RaftServerProxy.java:addNew(96)) - 894a1aca-b7ee-471e-bca8-24ba935f080a: addNew group-D13A6919CC25:[894a1aca-b7ee-471e-bca8-24ba935f080a|rpc:10.1.0.18:43187|dataStream:10.1.0.18:39227|priority:1|startupRole:FOLLOWER] returns group-D13A6919CC25:java.util.concurrent.CompletableFuture@1bf270a8[Not completed]
2023-03-15 05:44:41,747 [pool-343-thread-1] INFO  server.RaftServer$Division (RaftServerImpl.java:<init>(195)) - 894a1aca-b7ee-471e-bca8-24ba935f080a: new RaftServerImpl for group-D13A6919CC25:[894a1aca-b7ee-471e-bca8-24ba935f080a|rpc:10.1.0.18:43187|dataStream:10.1.0.18:39227|priority:1|startupRole:FOLLOWER] with ContainerStateMachine:uninitialized
2023-03-15 05:44:41,747 [pool-343-thread-1] INFO  server.RaftServerConfigKeys (ConfUtils.java:logGet(46)) - raft.server.rpc.timeout.min = 5s (custom)
2023-03-15 05:44:41,747 [pool-343-thread-1] INFO  server.RaftServerConfigKeys (ConfUtils.java:logGet(46)) - raft.server.rpc.timeout.max = 5200ms (custom)
2023-03-15 05:44:41,747 [pool-343-thread-1] INFO  server.RaftServerConfigKeys (ConfUtils.java:logGet(46)) - raft.server.rpc.sleep.time = 25ms (default)
2023-03-15 05:44:41,748 [pool-343-thread-1] INFO  server.RaftServerConfigKeys (ConfUtils.java:logGet(46)) - raft.server.rpc.slowness.timeout = 300s (custom)
2023-03-15 05:44:41,748 [pool-343-thread-1] INFO  server.RaftServerConfigKeys (ConfUtils.java:logGet(46)) - raft.server.leaderelection.leader.step-down.wait-time = 10s (default)
2023-03-15 05:44:41,748 [pool-343-thread-1] INFO  server.RaftServerConfigKeys (ConfUtils.java:logGet(46)) - raft.server.sleep.deviation.threshold = 300ms (default)
2023-03-15 05:44:41,748 [pool-343-thread-1] INFO  server.RaftServer$Division (ServerState.java:<init>(118)) - 894a1aca-b7ee-471e-bca8-24ba935f080a@group-D13A6919CC25: ConfigurationManager, init=-1: peers:[894a1aca-b7ee-471e-bca8-24ba935f080a|rpc:10.1.0.18:43187|dataStream:10.1.0.18:39227|priority:1|startupRole:FOLLOWER]|listeners:[], old=null, confs=<EMPTY_MAP>
2023-03-15 05:44:41,748 [pool-343-thread-1] INFO  server.RaftServerConfigKeys (ConfUtils.java:logGet(46)) - raft.server.storage.dir = [/home/runner/work/ozone/ozone/hadoop-ozone/integration-test/target/test-dir/MiniOzoneClusterImpl-f3f3c3ea-d6fe-44d8-a21f-130fd89482f1/datanode-3/data/ratis] (custom)
2023-03-15 05:44:41,748 [pool-343-thread-1] INFO  server.RaftServerConfigKeys (ConfUtils.java:logGet(46)) - raft.server.log.corruption.policy = EXCEPTION (default)
2023-03-15 05:44:41,748 [pool-343-thread-1] INFO  server.RaftServerConfigKeys (ConfUtils.java:logGet(46)) - raft.server.storage.free-space.min = 0MB (=0) (default)
2023-03-15 05:44:41,748 [pool-343-thread-1] INFO  server.RaftServerConfigKeys (ConfUtils.java:logGet(46)) - raft.server.notification.no-leader.timeout = 300s (custom)
2023-03-15 05:44:41,748 [pool-343-thread-1] INFO  server.RaftServerConfigKeys (ConfUtils.java:logGet(46)) - raft.server.retrycache.expirytime = 600000ms (custom)
2023-03-15 05:44:41,748 [pool-343-thread-1] INFO  server.RaftServerConfigKeys (ConfUtils.java:logGet(46)) - raft.server.retrycache.statistics.expirytime = 100μs (default)
2023-03-15 05:44:41,749 [pool-343-thread-1] INFO  server.RaftServerConfigKeys (ConfUtils.java:logGet(46)) - raft.server.log.appender.install.snapshot.enabled = false (custom)
2023-03-15 05:44:41,749 [pool-343-thread-1] INFO  server.RaftServerConfigKeys (ConfUtils.java:logGet(46)) - raft.server.threadpool.server.cached = true (default)
2023-03-15 05:44:41,749 [pool-343-thread-1] INFO  server.RaftServerConfigKeys (ConfUtils.java:logGet(46)) - raft.server.threadpool.server.size = 0 (default)
2023-03-15 05:44:41,749 [pool-343-thread-1] INFO  server.RaftServerConfigKeys (ConfUtils.java:logGet(46)) - raft.server.threadpool.client.cached = true (default)
2023-03-15 05:44:41,749 [pool-343-thread-1] INFO  server.RaftServerConfigKeys (ConfUtils.java:logGet(46)) - raft.server.threadpool.client.size = 0 (default)
2023-03-15 05:44:41,749 [pool-343-thread-1] INFO  storage.RaftStorageDirectory (RaftStorageDirectoryImpl.java:analyzeStorage(137)) - The storage directory /home/runner/work/ozone/ozone/hadoop-ozone/integration-test/target/test-dir/MiniOzoneClusterImpl-f3f3c3ea-d6fe-44d8-a21f-130fd89482f1/datanode-3/data/ratis/438c8c81-ae6f-4449-baf2-d13a6919cc25 does not exist. Creating ...
2023-03-15 05:44:41,750 [pool-343-thread-1] INFO  storage.RaftStorageDirectory (RaftStorageDirectoryImpl.java:tryLock(231)) - Lock on /home/runner/work/ozone/ozone/hadoop-ozone/integration-test/target/test-dir/MiniOzoneClusterImpl-f3f3c3ea-d6fe-44d8-a21f-130fd89482f1/datanode-3/data/ratis/438c8c81-ae6f-4449-baf2-d13a6919cc25/in_use.lock acquired by nodename 67552@fv-az390-885
2023-03-15 05:44:41,750 [pool-343-thread-1] INFO  storage.RaftStorage (RaftStorageImpl.java:format(96)) - Storage directory /home/runner/work/ozone/ozone/hadoop-ozone/integration-test/target/test-dir/MiniOzoneClusterImpl-f3f3c3ea-d6fe-44d8-a21f-130fd89482f1/datanode-3/data/ratis/438c8c81-ae6f-4449-baf2-d13a6919cc25 has been successfully formatted.
2023-03-15 05:44:41,751 [pool-343-thread-1] INFO  ratis.ContainerStateMachine (ContainerStateMachine.java:loadSnapshot(262)) - group-D13A6919CC25: The snapshot info is null. Setting the last applied indexto:(t:0, i:~)
2023-03-15 05:44:41,752 [pool-343-thread-1] INFO  server.RaftServerConfigKeys (ConfUtils.java:logGet(46)) - raft.server.log.use.memory = false (default)
2023-03-15 05:44:41,752 [pool-343-thread-1] INFO  server.RaftServerConfigKeys (ConfUtils.java:logGet(46)) - raft.server.log.purge.gap = 1000000 (custom)
2023-03-15 05:44:41,752 [pool-343-thread-1] INFO  server.RaftServerConfigKeys (ConfUtils.java:logGet(46)) - raft.server.log.appender.buffer.byte-limit = 33554432 (custom)
2023-03-15 05:44:41,752 [pool-343-thread-1] INFO  server.RaftServerConfigKeys (ConfUtils.java:logGet(46)) - raft.server.log.statemachine.data.read.timeout = 1000ms (default)
2023-03-15 05:44:41,752 [pool-343-thread-1] INFO  server.RaftServerConfigKeys (ConfUtils.java:logGet(46)) - raft.server.log.purge.preservation.log.num = 0 (default)
2023-03-15 05:44:41,752 [pool-343-thread-1] INFO  server.RaftServerConfigKeys (ConfUtils.java:logGet(46)) - raft.server.log.segment.size.max = 1048576 (custom)
2023-03-15 05:44:41,752 [pool-343-thread-1] INFO  server.RaftServerConfigKeys (ConfUtils.java:logGet(46)) - raft.server.log.segment.cache.num.max = 2 (custom)
2023-03-15 05:44:41,752 [pool-343-thread-1] INFO  server.RaftServerConfigKeys (ConfUtils.java:logGet(46)) - raft.server.log.segment.cache.size.max = 200MB (=209715200) (default)
2023-03-15 05:44:41,752 [EventQueue-PipelineReportForPipelineReportHandler] INFO  pipeline.PipelineManagerImpl (PipelineManagerImpl.java:openPipeline(367)) - Pipeline Pipeline[ Id: 438c8c81-ae6f-4449-baf2-d13a6919cc25, Nodes: 894a1aca-b7ee-471e-bca8-24ba935f080a(fv-az390-885.2udvygdcjcjuphbbpa4zxtqymb.gx.internal.cloudapp.net/10.1.0.18), ReplicationConfig: RATIS/ONE, State:ALLOCATED, leaderId:894a1aca-b7ee-471e-bca8-24ba935f080a, CreationTimestamp2023-03-15T05:44:38.746Z[Etc/UTC]] moved to OPEN state
2023-03-15 05:44:41,752 [pool-343-thread-1] INFO  segmented.SegmentedRaftLogWorker (SegmentedRaftLogWorker.java:<init>(189)) - new 894a1aca-b7ee-471e-bca8-24ba935f080a@group-D13A6919CC25-SegmentedRaftLogWorker for RaftStorageImpl:Storage Directory /home/runner/work/ozone/ozone/hadoop-ozone/integration-test/target/test-dir/MiniOzoneClusterImpl-f3f3c3ea-d6fe-44d8-a21f-130fd89482f1/datanode-3/data/ratis/438c8c81-ae6f-4449-baf2-d13a6919cc25
2023-03-15 05:44:41,752 [pool-343-thread-1] INFO  server.RaftServerConfigKeys (ConfUtils.java:logGet(46)) - raft.server.log.queue.byte-limit = 4294967296 (custom)
2023-03-15 05:44:41,752 [pool-343-thread-1] INFO  server.RaftServerConfigKeys (ConfUtils.java:logGet(46)) - raft.server.log.queue.element-limit = 1024 (custom)
2023-03-15 05:44:41,752 [pool-343-thread-1] INFO  server.RaftServerConfigKeys (ConfUtils.java:logGet(46)) - raft.server.log.segment.size.max = 1048576 (custom)
2023-03-15 05:44:41,753 [pool-343-thread-1] INFO  server.RaftServerConfigKeys (ConfUtils.java:logGet(46)) - raft.server.log.preallocated.size = 16384 (custom)
2023-03-15 05:44:41,753 [pool-343-thread-1] INFO  server.RaftServerConfigKeys (ConfUtils.java:logGet(46)) - raft.server.log.force.sync.num = 128 (default)
2023-03-15 05:44:41,753 [EventQueue-OpenPipelineForHealthyPipelineSafeModeRule] INFO  safemode.SCMSafeModeManager (HealthyPipelineSafeModeRule.java:process(137)) - SCM in safe mode. Healthy pipelines reported count is 0, required healthy pipeline reported count is 1
2023-03-15 05:44:41,753 [pool-343-thread-1] INFO  server.RaftServerConfigKeys (ConfUtils.java:logGet(46)) - raft.server.log.statemachine.data.sync = true (default)
2023-03-15 05:44:41,753 [pool-343-thread-1] INFO  server.RaftServerConfigKeys (ConfUtils.java:logGet(46)) - raft.server.log.statemachine.data.sync.timeout = 10s (default)
2023-03-15 05:44:41,753 [pool-343-thread-1] INFO  server.RaftServerConfigKeys (ConfUtils.java:logGet(46)) - raft.server.log.statemachine.data.sync.timeout.retry = -1 (default)
2023-03-15 05:44:41,753 [pool-343-thread-1] INFO  server.RaftServerConfigKeys (ConfUtils.java:logGet(46)) - raft.server.log.write.buffer.size = 1048576 (custom)
2023-03-15 05:44:41,753 [pool-343-thread-1] INFO  server.RaftServerConfigKeys (ConfUtils.java:logGet(46)) - raft.server.log.appender.buffer.byte-limit = 33554432 (custom)
2023-03-15 05:44:41,761 [pool-343-thread-1] INFO  server.RaftServerConfigKeys (ConfUtils.java:logGet(46)) - raft.server.log.unsafe-flush.enabled = false (default)
2023-03-15 05:44:41,761 [pool-343-thread-1] INFO  server.RaftServerConfigKeys (ConfUtils.java:logGet(46)) - raft.server.log.async-flush.enabled = false (default)
2023-03-15 05:44:41,761 [pool-343-thread-1] INFO  server.RaftServerConfigKeys (ConfUtils.java:logGet(46)) - raft.server.log.statemachine.data.caching.enabled = true (custom)
2023-03-15 05:44:41,761 [pool-343-thread-1] INFO  segmented.SegmentedRaftLogWorker (SegmentedRaftLogWorker.java:lambda$new$0(135)) - 894a1aca-b7ee-471e-bca8-24ba935f080a@group-D13A6919CC25-SegmentedRaftLogWorker: flushIndex: setUnconditionally 0 -> -1
2023-03-15 05:44:41,761 [pool-343-thread-1] INFO  segmented.SegmentedRaftLogWorker (SegmentedRaftLogWorker.java:lambda$new$0(135)) - 894a1aca-b7ee-471e-bca8-24ba935f080a@group-D13A6919CC25-SegmentedRaftLogWorker: safeCacheEvictIndex: setUnconditionally 0 -> -1
2023-03-15 05:44:41,761 [pool-343-thread-1] INFO  server.RaftServer$Division (RaftServerImpl.java:start(334)) - 894a1aca-b7ee-471e-bca8-24ba935f080a@group-D13A6919CC25: start as a follower, conf=-1: peers:[894a1aca-b7ee-471e-bca8-24ba935f080a|rpc:10.1.0.18:43187|dataStream:10.1.0.18:39227|priority:1|startupRole:FOLLOWER]|listeners:[], old=null
2023-03-15 05:44:41,761 [pool-343-thread-1] INFO  server.RaftServer$Division (RaftServerImpl.java:setRole(321)) - 894a1aca-b7ee-471e-bca8-24ba935f080a@group-D13A6919CC25: changes role from      null to FOLLOWER at term 0 for startAsFollower
2023-03-15 05:44:41,761 [pool-343-thread-1] INFO  impl.RoleInfo (RoleInfo.java:updateAndGet(139)) - 894a1aca-b7ee-471e-bca8-24ba935f080a: start 894a1aca-b7ee-471e-bca8-24ba935f080a@group-D13A6919CC25-FollowerState
2023-03-15 05:44:41,761 [pool-343-thread-1] INFO  util.JmxRegister (JmxRegister.java:tryRegister(44)) - Successfully registered JMX Bean with object name Ratis:service=RaftServer,group=group-D13A6919CC25,id=894a1aca-b7ee-471e-bca8-24ba935f080a
2023-03-15 05:44:41,761 [894a1aca-b7ee-471e-bca8-24ba935f080a@group-D13A6919CC25-FollowerState] INFO  server.RaftServerConfigKeys (ConfUtils.java:logFallback(53)) - raft.server.rpc.first-election.timeout.min = 5s (fallback to raft.server.rpc.timeout.min)
2023-03-15 05:44:41,761 [pool-343-thread-1] INFO  server.RaftServerConfigKeys (ConfUtils.java:logGet(46)) - raft.server.snapshot.auto.trigger.enabled = true (custom)
2023-03-15 05:44:41,762 [894a1aca-b7ee-471e-bca8-24ba935f080a@group-D13A6919CC25-FollowerState] INFO  server.RaftServerConfigKeys (ConfUtils.java:logFallback(53)) - raft.server.rpc.first-election.timeout.max = 5200ms (fallback to raft.server.rpc.timeout.max)
2023-03-15 05:44:41,762 [pool-343-thread-1] INFO  server.RaftServerConfigKeys (ConfUtils.java:logGet(46)) - raft.server.snapshot.auto.trigger.threshold = 10000 (custom)
2023-03-15 05:44:41,762 [pool-343-thread-1] INFO  server.RaftServerConfigKeys (ConfUtils.java:logGet(46)) - raft.server.snapshot.retention.file.num = 5 (custom)
2023-03-15 05:44:41,762 [pool-343-thread-1] INFO  server.RaftServerConfigKeys (ConfUtils.java:logGet(46)) - raft.server.log.purge.upto.snapshot.index = false (default)
2023-03-15 05:44:41,762 [Command processor thread] INFO  ratis.XceiverServerRatis (XceiverServerRatis.java:addGroup(807)) - Created group PipelineID=438c8c81-ae6f-4449-baf2-d13a6919cc25
2023-03-15 05:44:41,762 [Command processor thread] INFO  commandhandler.CreatePipelineCommandHandler (CreatePipelineCommandHandler.java:handle(113)) - Created Pipeline RATIS ONE PipelineID=438c8c81-ae6f-4449-baf2-d13a6919cc25.
2023-03-15 05:44:42,102 [Listener at 127.0.0.1/39193] INFO  ozone.MiniOzoneClusterImpl (MiniOzoneClusterImpl.java:lambda$waitForClusterToBeReady$0(218)) - Nodes are ready. Got 5 of 5 DN Heartbeats.
2023-03-15 05:44:42,102 [Listener at 127.0.0.1/39193] INFO  ozone.MiniOzoneClusterImpl (MiniOzoneClusterImpl.java:lambda$waitForClusterToBeReady$0(221)) - Waiting for cluster to exit safe mode
2023-03-15 05:44:42,102 [Listener at 127.0.0.1/39193] INFO  ozone.MiniOzoneClusterImpl (MiniOzoneClusterImpl.java:lambda$waitForClusterToBeReady$0(223)) - SCM became leader
2023-03-15 05:44:42,111 [Command processor thread] INFO  server.RaftServer (RaftServerProxy.java:addNew(96)) - 5d6f94a2-048f-4621-ba55-83f2059cba08: addNew group-76DB89390821:[5d6f94a2-048f-4621-ba55-83f2059cba08|rpc:10.1.0.18:42097|dataStream:10.1.0.18:42251|priority:1|startupRole:FOLLOWER] returns group-76DB89390821:java.util.concurrent.CompletableFuture@5841e895[Not completed]
2023-03-15 05:44:42,116 [pool-365-thread-1] INFO  server.RaftServer$Division (RaftServerImpl.java:<init>(195)) - 5d6f94a2-048f-4621-ba55-83f2059cba08: new RaftServerImpl for group-76DB89390821:[5d6f94a2-048f-4621-ba55-83f2059cba08|rpc:10.1.0.18:42097|dataStream:10.1.0.18:42251|priority:1|startupRole:FOLLOWER] with ContainerStateMachine:uninitialized
2023-03-15 05:44:42,116 [pool-365-thread-1] INFO  server.RaftServerConfigKeys (ConfUtils.java:logGet(46)) - raft.server.rpc.timeout.min = 5s (custom)
2023-03-15 05:44:42,116 [pool-365-thread-1] INFO  server.RaftServerConfigKeys (ConfUtils.java:logGet(46)) - raft.server.rpc.timeout.max = 5200ms (custom)
2023-03-15 05:44:42,116 [pool-365-thread-1] INFO  server.RaftServerConfigKeys (ConfUtils.java:logGet(46)) - raft.server.rpc.sleep.time = 25ms (default)
2023-03-15 05:44:42,116 [pool-365-thread-1] INFO  server.RaftServerConfigKeys (ConfUtils.java:logGet(46)) - raft.server.rpc.slowness.timeout = 300s (custom)
2023-03-15 05:44:42,116 [pool-365-thread-1] INFO  server.RaftServerConfigKeys (ConfUtils.java:logGet(46)) - raft.server.leaderelection.leader.step-down.wait-time = 10s (default)
2023-03-15 05:44:42,117 [pool-365-thread-1] INFO  server.RaftServerConfigKeys (ConfUtils.java:logGet(46)) - raft.server.sleep.deviation.threshold = 300ms (default)
2023-03-15 05:44:42,117 [pool-365-thread-1] INFO  server.RaftServer$Division (ServerState.java:<init>(118)) - 5d6f94a2-048f-4621-ba55-83f2059cba08@group-76DB89390821: ConfigurationManager, init=-1: peers:[5d6f94a2-048f-4621-ba55-83f2059cba08|rpc:10.1.0.18:42097|dataStream:10.1.0.18:42251|priority:1|startupRole:FOLLOWER]|listeners:[], old=null, confs=<EMPTY_MAP>
2023-03-15 05:44:42,117 [pool-365-thread-1] INFO  server.RaftServerConfigKeys (ConfUtils.java:logGet(46)) - raft.server.storage.dir = [/home/runner/work/ozone/ozone/hadoop-ozone/integration-test/target/test-dir/MiniOzoneClusterImpl-f3f3c3ea-d6fe-44d8-a21f-130fd89482f1/datanode-4/data/ratis] (custom)
2023-03-15 05:44:42,117 [pool-365-thread-1] INFO  server.RaftServerConfigKeys (ConfUtils.java:logGet(46)) - raft.server.log.corruption.policy = EXCEPTION (default)
2023-03-15 05:44:42,117 [pool-365-thread-1] INFO  server.RaftServerConfigKeys (ConfUtils.java:logGet(46)) - raft.server.storage.free-space.min = 0MB (=0) (default)
2023-03-15 05:44:42,117 [pool-365-thread-1] INFO  server.RaftServerConfigKeys (ConfUtils.java:logGet(46)) - raft.server.notification.no-leader.timeout = 300s (custom)
2023-03-15 05:44:42,117 [pool-365-thread-1] INFO  server.RaftServerConfigKeys (ConfUtils.java:logGet(46)) - raft.server.retrycache.expirytime = 600000ms (custom)
2023-03-15 05:44:42,117 [pool-365-thread-1] INFO  server.RaftServerConfigKeys (ConfUtils.java:logGet(46)) - raft.server.retrycache.statistics.expirytime = 100μs (default)
2023-03-15 05:44:42,118 [pool-365-thread-1] INFO  server.RaftServerConfigKeys (ConfUtils.java:logGet(46)) - raft.server.log.appender.install.snapshot.enabled = false (custom)
2023-03-15 05:44:42,118 [pool-365-thread-1] INFO  server.RaftServerConfigKeys (ConfUtils.java:logGet(46)) - raft.server.threadpool.server.cached = true (default)
2023-03-15 05:44:42,118 [pool-365-thread-1] INFO  server.RaftServerConfigKeys (ConfUtils.java:logGet(46)) - raft.server.threadpool.server.size = 0 (default)
2023-03-15 05:44:42,118 [pool-365-thread-1] INFO  server.RaftServerConfigKeys (ConfUtils.java:logGet(46)) - raft.server.threadpool.client.cached = true (default)
2023-03-15 05:44:42,118 [pool-365-thread-1] INFO  server.RaftServerConfigKeys (ConfUtils.java:logGet(46)) - raft.server.threadpool.client.size = 0 (default)
2023-03-15 05:44:42,118 [pool-365-thread-1] INFO  storage.RaftStorageDirectory (RaftStorageDirectoryImpl.java:analyzeStorage(137)) - The storage directory /home/runner/work/ozone/ozone/hadoop-ozone/integration-test/target/test-dir/MiniOzoneClusterImpl-f3f3c3ea-d6fe-44d8-a21f-130fd89482f1/datanode-4/data/ratis/683125f6-fef0-438b-bcb5-76db89390821 does not exist. Creating ...
2023-03-15 05:44:42,119 [pool-365-thread-1] INFO  storage.RaftStorageDirectory (RaftStorageDirectoryImpl.java:tryLock(231)) - Lock on /home/runner/work/ozone/ozone/hadoop-ozone/integration-test/target/test-dir/MiniOzoneClusterImpl-f3f3c3ea-d6fe-44d8-a21f-130fd89482f1/datanode-4/data/ratis/683125f6-fef0-438b-bcb5-76db89390821/in_use.lock acquired by nodename 67552@fv-az390-885
2023-03-15 05:44:42,120 [pool-365-thread-1] INFO  storage.RaftStorage (RaftStorageImpl.java:format(96)) - Storage directory /home/runner/work/ozone/ozone/hadoop-ozone/integration-test/target/test-dir/MiniOzoneClusterImpl-f3f3c3ea-d6fe-44d8-a21f-130fd89482f1/datanode-4/data/ratis/683125f6-fef0-438b-bcb5-76db89390821 has been successfully formatted.
2023-03-15 05:44:42,121 [pool-365-thread-1] INFO  ratis.ContainerStateMachine (ContainerStateMachine.java:loadSnapshot(262)) - group-76DB89390821: The snapshot info is null. Setting the last applied indexto:(t:0, i:~)
2023-03-15 05:44:42,121 [pool-365-thread-1] INFO  server.RaftServerConfigKeys (ConfUtils.java:logGet(46)) - raft.server.log.use.memory = false (default)
2023-03-15 05:44:42,121 [pool-365-thread-1] INFO  server.RaftServerConfigKeys (ConfUtils.java:logGet(46)) - raft.server.log.purge.gap = 1000000 (custom)
2023-03-15 05:44:42,121 [pool-365-thread-1] INFO  server.RaftServerConfigKeys (ConfUtils.java:logGet(46)) - raft.server.log.appender.buffer.byte-limit = 33554432 (custom)
2023-03-15 05:44:42,121 [pool-365-thread-1] INFO  server.RaftServerConfigKeys (ConfUtils.java:logGet(46)) - raft.server.log.statemachine.data.read.timeout = 1000ms (default)
2023-03-15 05:44:42,121 [pool-365-thread-1] INFO  server.RaftServerConfigKeys (ConfUtils.java:logGet(46)) - raft.server.log.purge.preservation.log.num = 0 (default)
2023-03-15 05:44:42,121 [pool-365-thread-1] INFO  server.RaftServerConfigKeys (ConfUtils.java:logGet(46)) - raft.server.log.segment.size.max = 1048576 (custom)
2023-03-15 05:44:42,122 [EventQueue-PipelineReportForPipelineReportHandler] INFO  pipeline.PipelineManagerImpl (PipelineManagerImpl.java:openPipeline(367)) - Pipeline Pipeline[ Id: 683125f6-fef0-438b-bcb5-76db89390821, Nodes: 5d6f94a2-048f-4621-ba55-83f2059cba08(fv-az390-885.2udvygdcjcjuphbbpa4zxtqymb.gx.internal.cloudapp.net/10.1.0.18), ReplicationConfig: RATIS/ONE, State:ALLOCATED, leaderId:5d6f94a2-048f-4621-ba55-83f2059cba08, CreationTimestamp2023-03-15T05:44:39.112Z[Etc/UTC]] moved to OPEN state
2023-03-15 05:44:42,122 [EventQueue-OpenPipelineForHealthyPipelineSafeModeRule] INFO  safemode.SCMSafeModeManager (HealthyPipelineSafeModeRule.java:process(137)) - SCM in safe mode. Healthy pipelines reported count is 0, required healthy pipeline reported count is 1
2023-03-15 05:44:42,126 [pool-365-thread-1] INFO  server.RaftServerConfigKeys (ConfUtils.java:logGet(46)) - raft.server.log.segment.cache.num.max = 2 (custom)
2023-03-15 05:44:42,126 [pool-365-thread-1] INFO  server.RaftServerConfigKeys (ConfUtils.java:logGet(46)) - raft.server.log.segment.cache.size.max = 200MB (=209715200) (default)
2023-03-15 05:44:42,126 [pool-365-thread-1] INFO  segmented.SegmentedRaftLogWorker (SegmentedRaftLogWorker.java:<init>(189)) - new 5d6f94a2-048f-4621-ba55-83f2059cba08@group-76DB89390821-SegmentedRaftLogWorker for RaftStorageImpl:Storage Directory /home/runner/work/ozone/ozone/hadoop-ozone/integration-test/target/test-dir/MiniOzoneClusterImpl-f3f3c3ea-d6fe-44d8-a21f-130fd89482f1/datanode-4/data/ratis/683125f6-fef0-438b-bcb5-76db89390821
2023-03-15 05:44:42,126 [pool-365-thread-1] INFO  server.RaftServerConfigKeys (ConfUtils.java:logGet(46)) - raft.server.log.queue.byte-limit = 4294967296 (custom)
2023-03-15 05:44:42,126 [pool-365-thread-1] INFO  server.RaftServerConfigKeys (ConfUtils.java:logGet(46)) - raft.server.log.queue.element-limit = 1024 (custom)
2023-03-15 05:44:42,126 [pool-365-thread-1] INFO  server.RaftServerConfigKeys (ConfUtils.java:logGet(46)) - raft.server.log.segment.size.max = 1048576 (custom)
2023-03-15 05:44:42,126 [pool-365-thread-1] INFO  server.RaftServerConfigKeys (ConfUtils.java:logGet(46)) - raft.server.log.preallocated.size = 16384 (custom)
2023-03-15 05:44:42,126 [pool-365-thread-1] INFO  server.RaftServerConfigKeys (ConfUtils.java:logGet(46)) - raft.server.log.force.sync.num = 128 (default)
2023-03-15 05:44:42,126 [pool-365-thread-1] INFO  server.RaftServerConfigKeys (ConfUtils.java:logGet(46)) - raft.server.log.statemachine.data.sync = true (default)
2023-03-15 05:44:42,126 [pool-365-thread-1] INFO  server.RaftServerConfigKeys (ConfUtils.java:logGet(46)) - raft.server.log.statemachine.data.sync.timeout = 10s (default)
2023-03-15 05:44:42,126 [pool-365-thread-1] INFO  server.RaftServerConfigKeys (ConfUtils.java:logGet(46)) - raft.server.log.statemachine.data.sync.timeout.retry = -1 (default)
2023-03-15 05:44:42,126 [pool-365-thread-1] INFO  server.RaftServerConfigKeys (ConfUtils.java:logGet(46)) - raft.server.log.write.buffer.size = 1048576 (custom)
2023-03-15 05:44:42,127 [pool-365-thread-1] INFO  server.RaftServerConfigKeys (ConfUtils.java:logGet(46)) - raft.server.log.appender.buffer.byte-limit = 33554432 (custom)
2023-03-15 05:44:42,134 [pool-365-thread-1] INFO  server.RaftServerConfigKeys (ConfUtils.java:logGet(46)) - raft.server.log.unsafe-flush.enabled = false (default)
2023-03-15 05:44:42,134 [pool-365-thread-1] INFO  server.RaftServerConfigKeys (ConfUtils.java:logGet(46)) - raft.server.log.async-flush.enabled = false (default)
2023-03-15 05:44:42,134 [pool-365-thread-1] INFO  server.RaftServerConfigKeys (ConfUtils.java:logGet(46)) - raft.server.log.statemachine.data.caching.enabled = true (custom)
2023-03-15 05:44:42,135 [pool-365-thread-1] INFO  segmented.SegmentedRaftLogWorker (SegmentedRaftLogWorker.java:lambda$new$0(135)) - 5d6f94a2-048f-4621-ba55-83f2059cba08@group-76DB89390821-SegmentedRaftLogWorker: flushIndex: setUnconditionally 0 -> -1
2023-03-15 05:44:42,135 [pool-365-thread-1] INFO  segmented.SegmentedRaftLogWorker (SegmentedRaftLogWorker.java:lambda$new$0(135)) - 5d6f94a2-048f-4621-ba55-83f2059cba08@group-76DB89390821-SegmentedRaftLogWorker: safeCacheEvictIndex: setUnconditionally 0 -> -1
2023-03-15 05:44:42,135 [pool-365-thread-1] INFO  server.RaftServer$Division (RaftServerImpl.java:start(334)) - 5d6f94a2-048f-4621-ba55-83f2059cba08@group-76DB89390821: start as a follower, conf=-1: peers:[5d6f94a2-048f-4621-ba55-83f2059cba08|rpc:10.1.0.18:42097|dataStream:10.1.0.18:42251|priority:1|startupRole:FOLLOWER]|listeners:[], old=null
2023-03-15 05:44:42,135 [pool-365-thread-1] INFO  server.RaftServer$Division (RaftServerImpl.java:setRole(321)) - 5d6f94a2-048f-4621-ba55-83f2059cba08@group-76DB89390821: changes role from      null to FOLLOWER at term 0 for startAsFollower
2023-03-15 05:44:42,135 [pool-365-thread-1] INFO  impl.RoleInfo (RoleInfo.java:updateAndGet(139)) - 5d6f94a2-048f-4621-ba55-83f2059cba08: start 5d6f94a2-048f-4621-ba55-83f2059cba08@group-76DB89390821-FollowerState
2023-03-15 05:44:42,135 [pool-365-thread-1] INFO  util.JmxRegister (JmxRegister.java:tryRegister(44)) - Successfully registered JMX Bean with object name Ratis:service=RaftServer,group=group-76DB89390821,id=5d6f94a2-048f-4621-ba55-83f2059cba08
2023-03-15 05:44:42,135 [pool-365-thread-1] INFO  server.RaftServerConfigKeys (ConfUtils.java:logGet(46)) - raft.server.snapshot.auto.trigger.enabled = true (custom)
2023-03-15 05:44:42,135 [pool-365-thread-1] INFO  server.RaftServerConfigKeys (ConfUtils.java:logGet(46)) - raft.server.snapshot.auto.trigger.threshold = 10000 (custom)
2023-03-15 05:44:42,135 [pool-365-thread-1] INFO  server.RaftServerConfigKeys (ConfUtils.java:logGet(46)) - raft.server.snapshot.retention.file.num = 5 (custom)
2023-03-15 05:44:42,135 [pool-365-thread-1] INFO  server.RaftServerConfigKeys (ConfUtils.java:logGet(46)) - raft.server.log.purge.upto.snapshot.index = false (default)
2023-03-15 05:44:42,136 [5d6f94a2-048f-4621-ba55-83f2059cba08@group-76DB89390821-FollowerState] INFO  server.RaftServerConfigKeys (ConfUtils.java:logFallback(53)) - raft.server.rpc.first-election.timeout.min = 5s (fallback to raft.server.rpc.timeout.min)
2023-03-15 05:44:42,136 [5d6f94a2-048f-4621-ba55-83f2059cba08@group-76DB89390821-FollowerState] INFO  server.RaftServerConfigKeys (ConfUtils.java:logFallback(53)) - raft.server.rpc.first-election.timeout.max = 5200ms (fallback to raft.server.rpc.timeout.max)
2023-03-15 05:44:42,136 [Command processor thread] INFO  ratis.XceiverServerRatis (XceiverServerRatis.java:addGroup(807)) - Created group PipelineID=683125f6-fef0-438b-bcb5-76db89390821
2023-03-15 05:44:42,136 [Command processor thread] INFO  commandhandler.CreatePipelineCommandHandler (CreatePipelineCommandHandler.java:handle(113)) - Created Pipeline RATIS ONE PipelineID=683125f6-fef0-438b-bcb5-76db89390821.
2023-03-15 05:44:42,888 [JvmPauseMonitor9] WARN  util.JvmPauseMonitor (JvmPauseMonitor.java:detectPause(126)) - JvmPauseMonitor-894a1aca-b7ee-471e-bca8-24ba935f080a: Detected pause in JVM or host machine (eg GC): pause of approximately 105819646ns.
GC pool 'PS MarkSweep' had collection(s): count=1 time=277ms
2023-03-15 05:44:42,888 [JvmPauseMonitor6] WARN  util.JvmPauseMonitor (JvmPauseMonitor.java:detectPause(126)) - JvmPauseMonitor-21006111-8cd4-4582-9969-7940c2dbc712: Detected pause in JVM or host machine (eg GC): pause of approximately 109105945ns.
GC pool 'PS MarkSweep' had collection(s): count=1 time=277ms
2023-03-15 05:44:42,890 [JvmPauseMonitor10] WARN  util.JvmPauseMonitor (JvmPauseMonitor.java:detectPause(126)) - JvmPauseMonitor-5d6f94a2-048f-4621-ba55-83f2059cba08: Detected pause in JVM or host machine (eg GC): pause of approximately 250871386ns.
GC pool 'PS MarkSweep' had collection(s): count=1 time=277ms
2023-03-15 05:44:43,102 [Listener at 127.0.0.1/39193] INFO  ozone.MiniOzoneClusterImpl (MiniOzoneClusterImpl.java:lambda$waitForClusterToBeReady$0(218)) - Nodes are ready. Got 5 of 5 DN Heartbeats.
2023-03-15 05:44:43,102 [Listener at 127.0.0.1/39193] INFO  ozone.MiniOzoneClusterImpl (MiniOzoneClusterImpl.java:lambda$waitForClusterToBeReady$0(221)) - Waiting for cluster to exit safe mode
2023-03-15 05:44:43,102 [Listener at 127.0.0.1/39193] INFO  ozone.MiniOzoneClusterImpl (MiniOzoneClusterImpl.java:lambda$waitForClusterToBeReady$0(223)) - SCM became leader
2023-03-15 05:44:44,103 [Listener at 127.0.0.1/39193] INFO  ozone.MiniOzoneClusterImpl (MiniOzoneClusterImpl.java:lambda$waitForClusterToBeReady$0(218)) - Nodes are ready. Got 5 of 5 DN Heartbeats.
2023-03-15 05:44:44,103 [Listener at 127.0.0.1/39193] INFO  ozone.MiniOzoneClusterImpl (MiniOzoneClusterImpl.java:lambda$waitForClusterToBeReady$0(221)) - Waiting for cluster to exit safe mode
2023-03-15 05:44:44,103 [Listener at 127.0.0.1/39193] INFO  ozone.MiniOzoneClusterImpl (MiniOzoneClusterImpl.java:lambda$waitForClusterToBeReady$0(223)) - SCM became leader
2023-03-15 05:44:45,103 [Listener at 127.0.0.1/39193] INFO  ozone.MiniOzoneClusterImpl (MiniOzoneClusterImpl.java:lambda$waitForClusterToBeReady$0(218)) - Nodes are ready. Got 5 of 5 DN Heartbeats.
2023-03-15 05:44:45,103 [Listener at 127.0.0.1/39193] INFO  ozone.MiniOzoneClusterImpl (MiniOzoneClusterImpl.java:lambda$waitForClusterToBeReady$0(221)) - Waiting for cluster to exit safe mode
2023-03-15 05:44:45,103 [Listener at 127.0.0.1/39193] INFO  ozone.MiniOzoneClusterImpl (MiniOzoneClusterImpl.java:lambda$waitForClusterToBeReady$0(223)) - SCM became leader
2023-03-15 05:44:45,806 [c612d8d5-a02f-487c-9690-98407afc9b63@group-DEFB60CF163A-FollowerState] INFO  impl.FollowerState (FollowerState.java:run(143)) - c612d8d5-a02f-487c-9690-98407afc9b63@group-DEFB60CF163A-FollowerState: change to CANDIDATE, lastRpcElapsedTime:5020023613ns, electionTimeout:5019ms
2023-03-15 05:44:45,806 [c612d8d5-a02f-487c-9690-98407afc9b63@group-DEFB60CF163A-FollowerState] INFO  impl.RoleInfo (RoleInfo.java:shutdownFollowerState(110)) - c612d8d5-a02f-487c-9690-98407afc9b63: shutdown c612d8d5-a02f-487c-9690-98407afc9b63@group-DEFB60CF163A-FollowerState
2023-03-15 05:44:45,807 [c612d8d5-a02f-487c-9690-98407afc9b63@group-DEFB60CF163A-FollowerState] INFO  server.RaftServer$Division (RaftServerImpl.java:setRole(321)) - c612d8d5-a02f-487c-9690-98407afc9b63@group-DEFB60CF163A: changes role from  FOLLOWER to CANDIDATE at term 0 for changeToCandidate
2023-03-15 05:44:45,807 [c612d8d5-a02f-487c-9690-98407afc9b63@group-DEFB60CF163A-FollowerState] INFO  server.RaftServerConfigKeys (ConfUtils.java:logGet(46)) - raft.server.leaderelection.pre-vote = true (default)
2023-03-15 05:44:45,807 [c612d8d5-a02f-487c-9690-98407afc9b63@group-DEFB60CF163A-FollowerState] INFO  impl.RoleInfo (RoleInfo.java:updateAndGet(139)) - c612d8d5-a02f-487c-9690-98407afc9b63: start c612d8d5-a02f-487c-9690-98407afc9b63@group-DEFB60CF163A-LeaderElection10
2023-03-15 05:44:45,810 [c612d8d5-a02f-487c-9690-98407afc9b63@group-DEFB60CF163A-LeaderElection10] INFO  impl.LeaderElection (LeaderElection.java:askForVotes(312)) - c612d8d5-a02f-487c-9690-98407afc9b63@group-DEFB60CF163A-LeaderElection10 PRE_VOTE round 0: submit vote requests at term 0 for -1: peers:[c612d8d5-a02f-487c-9690-98407afc9b63|rpc:10.1.0.18:38341|dataStream:10.1.0.18:46343|priority:0|startupRole:FOLLOWER, 21006111-8cd4-4582-9969-7940c2dbc712|rpc:10.1.0.18:37223|dataStream:10.1.0.18:39239|priority:1|startupRole:FOLLOWER, 0abd910a-099e-433f-90a2-1c025d1dc7f3|rpc:10.1.0.18:34751|dataStream:10.1.0.18:36347|priority:0|startupRole:FOLLOWER]|listeners:[], old=null
2023-03-15 05:44:45,810 [c612d8d5-a02f-487c-9690-98407afc9b63@group-DEFB60CF163A-LeaderElection10-1] INFO  server.GrpcServerProtocolClient (GrpcServerProtocolClient.java:<init>(63)) - Build channel for 21006111-8cd4-4582-9969-7940c2dbc712
2023-03-15 05:44:45,811 [c612d8d5-a02f-487c-9690-98407afc9b63@group-DEFB60CF163A-LeaderElection10] INFO  server.RaftServerConfigKeys (ConfUtils.java:logFallback(53)) - raft.server.rpc.first-election.timeout.min = 5s (fallback to raft.server.rpc.timeout.min)
2023-03-15 05:44:45,811 [c612d8d5-a02f-487c-9690-98407afc9b63@group-DEFB60CF163A-LeaderElection10] INFO  server.RaftServerConfigKeys (ConfUtils.java:logFallback(53)) - raft.server.rpc.first-election.timeout.max = 5200ms (fallback to raft.server.rpc.timeout.max)
2023-03-15 05:44:45,811 [c612d8d5-a02f-487c-9690-98407afc9b63@group-DEFB60CF163A-LeaderElection10-2] INFO  server.GrpcServerProtocolClient (GrpcServerProtocolClient.java:<init>(63)) - Build channel for 0abd910a-099e-433f-90a2-1c025d1dc7f3
2023-03-15 05:44:45,827 [grpc-default-executor-0] INFO  server.RaftServer$Division (RaftServerImpl.java:requestVote(1218)) - 0abd910a-099e-433f-90a2-1c025d1dc7f3@group-DEFB60CF163A: receive requestVote(PRE_VOTE, c612d8d5-a02f-487c-9690-98407afc9b63, group-DEFB60CF163A, 0, (t:0, i:0))
2023-03-15 05:44:45,827 [grpc-default-executor-0] INFO  impl.VoteContext (VoteContext.java:log(49)) - 0abd910a-099e-433f-90a2-1c025d1dc7f3@group-DEFB60CF163A-FOLLOWER: accept PRE_VOTE from c612d8d5-a02f-487c-9690-98407afc9b63: our priority 0 <= candidate's priority 0
2023-03-15 05:44:45,827 [grpc-default-executor-0] INFO  server.RaftServer$Division (RaftServerImpl.java:requestVote(1251)) - 0abd910a-099e-433f-90a2-1c025d1dc7f3@group-DEFB60CF163A replies to PRE_VOTE vote request: c612d8d5-a02f-487c-9690-98407afc9b63<-0abd910a-099e-433f-90a2-1c025d1dc7f3#0:OK-t0. Peer's state: 0abd910a-099e-433f-90a2-1c025d1dc7f3@group-DEFB60CF163A:t0, leader=null, voted=, raftlog=Memoized:0abd910a-099e-433f-90a2-1c025d1dc7f3@group-DEFB60CF163A-SegmentedRaftLog:OPENED:c-1, conf=-1: peers:[c612d8d5-a02f-487c-9690-98407afc9b63|rpc:10.1.0.18:38341|dataStream:10.1.0.18:46343|priority:0|startupRole:FOLLOWER, 21006111-8cd4-4582-9969-7940c2dbc712|rpc:10.1.0.18:37223|dataStream:10.1.0.18:39239|priority:1|startupRole:FOLLOWER, 0abd910a-099e-433f-90a2-1c025d1dc7f3|rpc:10.1.0.18:34751|dataStream:10.1.0.18:36347|priority:0|startupRole:FOLLOWER]|listeners:[], old=null
2023-03-15 05:44:45,829 [grpc-default-executor-1] INFO  server.RaftServer$Division (RaftServerImpl.java:requestVote(1218)) - 21006111-8cd4-4582-9969-7940c2dbc712@group-DEFB60CF163A: receive requestVote(PRE_VOTE, c612d8d5-a02f-487c-9690-98407afc9b63, group-DEFB60CF163A, 0, (t:0, i:0))
2023-03-15 05:44:45,829 [grpc-default-executor-1] INFO  impl.VoteContext (VoteContext.java:log(49)) - 21006111-8cd4-4582-9969-7940c2dbc712@group-DEFB60CF163A-FOLLOWER: reject PRE_VOTE from c612d8d5-a02f-487c-9690-98407afc9b63: our priority 1 > candidate's priority 0
2023-03-15 05:44:45,830 [grpc-default-executor-1] INFO  server.RaftServer$Division (RaftServerImpl.java:requestVote(1251)) - 21006111-8cd4-4582-9969-7940c2dbc712@group-DEFB60CF163A replies to PRE_VOTE vote request: c612d8d5-a02f-487c-9690-98407afc9b63<-21006111-8cd4-4582-9969-7940c2dbc712#0:FAIL-t0. Peer's state: 21006111-8cd4-4582-9969-7940c2dbc712@group-DEFB60CF163A:t0, leader=null, voted=, raftlog=Memoized:21006111-8cd4-4582-9969-7940c2dbc712@group-DEFB60CF163A-SegmentedRaftLog:OPENED:c-1, conf=-1: peers:[c612d8d5-a02f-487c-9690-98407afc9b63|rpc:10.1.0.18:38341|dataStream:10.1.0.18:46343|priority:0|startupRole:FOLLOWER, 21006111-8cd4-4582-9969-7940c2dbc712|rpc:10.1.0.18:37223|dataStream:10.1.0.18:39239|priority:1|startupRole:FOLLOWER, 0abd910a-099e-433f-90a2-1c025d1dc7f3|rpc:10.1.0.18:34751|dataStream:10.1.0.18:36347|priority:0|startupRole:FOLLOWER]|listeners:[], old=null
2023-03-15 05:44:45,831 [c612d8d5-a02f-487c-9690-98407afc9b63@group-DEFB60CF163A-LeaderElection10] INFO  impl.LeaderElection (LeaderElection.java:logAndReturn(90)) - c612d8d5-a02f-487c-9690-98407afc9b63@group-DEFB60CF163A-LeaderElection10: PRE_VOTE REJECTED received 2 response(s) and 0 exception(s):
2023-03-15 05:44:45,831 [c612d8d5-a02f-487c-9690-98407afc9b63@group-DEFB60CF163A-LeaderElection10] INFO  impl.LeaderElection (LeaderElection.java:logAndReturn(94)) -   Response 0: c612d8d5-a02f-487c-9690-98407afc9b63<-21006111-8cd4-4582-9969-7940c2dbc712#0:FAIL-t0
2023-03-15 05:44:45,831 [c612d8d5-a02f-487c-9690-98407afc9b63@group-DEFB60CF163A-LeaderElection10] INFO  impl.LeaderElection (LeaderElection.java:logAndReturn(94)) -   Response 1: c612d8d5-a02f-487c-9690-98407afc9b63<-0abd910a-099e-433f-90a2-1c025d1dc7f3#0:OK-t0
2023-03-15 05:44:45,831 [c612d8d5-a02f-487c-9690-98407afc9b63@group-DEFB60CF163A-LeaderElection10] INFO  impl.LeaderElection (LeaderElection.java:askForVotes(314)) - c612d8d5-a02f-487c-9690-98407afc9b63@group-DEFB60CF163A-LeaderElection10 PRE_VOTE round 0: result REJECTED
2023-03-15 05:44:45,831 [c612d8d5-a02f-487c-9690-98407afc9b63@group-DEFB60CF163A-LeaderElection10] INFO  server.RaftServer$Division (RaftServerImpl.java:setRole(321)) - c612d8d5-a02f-487c-9690-98407afc9b63@group-DEFB60CF163A: changes role from CANDIDATE to FOLLOWER at term 0 for REJECTED
2023-03-15 05:44:45,831 [c612d8d5-a02f-487c-9690-98407afc9b63@group-DEFB60CF163A-LeaderElection10] INFO  impl.RoleInfo (RoleInfo.java:shutdownLeaderElection(130)) - c612d8d5-a02f-487c-9690-98407afc9b63: shutdown c612d8d5-a02f-487c-9690-98407afc9b63@group-DEFB60CF163A-LeaderElection10
2023-03-15 05:44:45,831 [c612d8d5-a02f-487c-9690-98407afc9b63@group-DEFB60CF163A-LeaderElection10] INFO  impl.RoleInfo (RoleInfo.java:updateAndGet(139)) - c612d8d5-a02f-487c-9690-98407afc9b63: start c612d8d5-a02f-487c-9690-98407afc9b63@group-DEFB60CF163A-FollowerState
2023-03-15 05:44:45,835 [c612d8d5-a02f-487c-9690-98407afc9b63@group-DEFB60CF163A-FollowerState] INFO  server.RaftServerConfigKeys (ConfUtils.java:logFallback(53)) - raft.server.rpc.first-election.timeout.min = 5s (fallback to raft.server.rpc.timeout.min)
2023-03-15 05:44:45,835 [c612d8d5-a02f-487c-9690-98407afc9b63@group-DEFB60CF163A-FollowerState] INFO  server.RaftServerConfigKeys (ConfUtils.java:logFallback(53)) - raft.server.rpc.first-election.timeout.max = 5200ms (fallback to raft.server.rpc.timeout.max)
2023-03-15 05:44:45,898 [0abd910a-099e-433f-90a2-1c025d1dc7f3@group-F307A16A3B83-FollowerState] INFO  impl.FollowerState (FollowerState.java:run(143)) - 0abd910a-099e-433f-90a2-1c025d1dc7f3@group-F307A16A3B83-FollowerState: change to CANDIDATE, lastRpcElapsedTime:5019193909ns, electionTimeout:5018ms
2023-03-15 05:44:45,898 [0abd910a-099e-433f-90a2-1c025d1dc7f3@group-F307A16A3B83-FollowerState] INFO  impl.RoleInfo (RoleInfo.java:shutdownFollowerState(110)) - 0abd910a-099e-433f-90a2-1c025d1dc7f3: shutdown 0abd910a-099e-433f-90a2-1c025d1dc7f3@group-F307A16A3B83-FollowerState
2023-03-15 05:44:45,898 [0abd910a-099e-433f-90a2-1c025d1dc7f3@group-F307A16A3B83-FollowerState] INFO  server.RaftServer$Division (RaftServerImpl.java:setRole(321)) - 0abd910a-099e-433f-90a2-1c025d1dc7f3@group-F307A16A3B83: changes role from  FOLLOWER to CANDIDATE at term 0 for changeToCandidate
2023-03-15 05:44:45,898 [0abd910a-099e-433f-90a2-1c025d1dc7f3@group-F307A16A3B83-FollowerState] INFO  server.RaftServerConfigKeys (ConfUtils.java:logGet(46)) - raft.server.leaderelection.pre-vote = true (default)
2023-03-15 05:44:45,898 [0abd910a-099e-433f-90a2-1c025d1dc7f3@group-F307A16A3B83-FollowerState] INFO  impl.RoleInfo (RoleInfo.java:updateAndGet(139)) - 0abd910a-099e-433f-90a2-1c025d1dc7f3: start 0abd910a-099e-433f-90a2-1c025d1dc7f3@group-F307A16A3B83-LeaderElection11
2023-03-15 05:44:45,907 [21006111-8cd4-4582-9969-7940c2dbc712@group-DEFB60CF163A-FollowerState] INFO  impl.FollowerState (FollowerState.java:run(143)) - 21006111-8cd4-4582-9969-7940c2dbc712@group-DEFB60CF163A-FollowerState: change to CANDIDATE, lastRpcElapsedTime:5151243560ns, electionTimeout:5145ms
2023-03-15 05:44:45,907 [21006111-8cd4-4582-9969-7940c2dbc712@group-DEFB60CF163A-FollowerState] INFO  impl.RoleInfo (RoleInfo.java:shutdownFollowerState(110)) - 21006111-8cd4-4582-9969-7940c2dbc712: shutdown 21006111-8cd4-4582-9969-7940c2dbc712@group-DEFB60CF163A-FollowerState
2023-03-15 05:44:45,907 [21006111-8cd4-4582-9969-7940c2dbc712@group-DEFB60CF163A-FollowerState] INFO  server.RaftServer$Division (RaftServerImpl.java:setRole(321)) - 21006111-8cd4-4582-9969-7940c2dbc712@group-DEFB60CF163A: changes role from  FOLLOWER to CANDIDATE at term 0 for changeToCandidate
2023-03-15 05:44:45,907 [21006111-8cd4-4582-9969-7940c2dbc712@group-DEFB60CF163A-FollowerState] INFO  server.RaftServerConfigKeys (ConfUtils.java:logGet(46)) - raft.server.leaderelection.pre-vote = true (default)
2023-03-15 05:44:45,907 [21006111-8cd4-4582-9969-7940c2dbc712@group-DEFB60CF163A-FollowerState] INFO  impl.RoleInfo (RoleInfo.java:updateAndGet(139)) - 21006111-8cd4-4582-9969-7940c2dbc712: start 21006111-8cd4-4582-9969-7940c2dbc712@group-DEFB60CF163A-LeaderElection12
2023-03-15 05:44:45,912 [0abd910a-099e-433f-90a2-1c025d1dc7f3@group-F307A16A3B83-LeaderElection11] INFO  impl.LeaderElection (LeaderElection.java:askForVotes(312)) - 0abd910a-099e-433f-90a2-1c025d1dc7f3@group-F307A16A3B83-LeaderElection11 PRE_VOTE round 0: submit vote requests at term 0 for -1: peers:[c612d8d5-a02f-487c-9690-98407afc9b63|rpc:10.1.0.18:38341|dataStream:10.1.0.18:46343|priority:0|startupRole:FOLLOWER, 21006111-8cd4-4582-9969-7940c2dbc712|rpc:10.1.0.18:37223|dataStream:10.1.0.18:39239|priority:0|startupRole:FOLLOWER, 0abd910a-099e-433f-90a2-1c025d1dc7f3|rpc:10.1.0.18:34751|dataStream:10.1.0.18:36347|priority:1|startupRole:FOLLOWER]|listeners:[], old=null
2023-03-15 05:44:45,912 [21006111-8cd4-4582-9969-7940c2dbc712@group-DEFB60CF163A-LeaderElection12] INFO  impl.LeaderElection (LeaderElection.java:askForVotes(312)) - 21006111-8cd4-4582-9969-7940c2dbc712@group-DEFB60CF163A-LeaderElection12 PRE_VOTE round 0: submit vote requests at term 0 for -1: peers:[c612d8d5-a02f-487c-9690-98407afc9b63|rpc:10.1.0.18:38341|dataStream:10.1.0.18:46343|priority:0|startupRole:FOLLOWER, 21006111-8cd4-4582-9969-7940c2dbc712|rpc:10.1.0.18:37223|dataStream:10.1.0.18:39239|priority:1|startupRole:FOLLOWER, 0abd910a-099e-433f-90a2-1c025d1dc7f3|rpc:10.1.0.18:34751|dataStream:10.1.0.18:36347|priority:0|startupRole:FOLLOWER]|listeners:[], old=null
2023-03-15 05:44:45,913 [0abd910a-099e-433f-90a2-1c025d1dc7f3@group-F307A16A3B83-LeaderElection11-1] INFO  server.GrpcServerProtocolClient (GrpcServerProtocolClient.java:<init>(63)) - Build channel for c612d8d5-a02f-487c-9690-98407afc9b63
2023-03-15 05:44:45,914 [0abd910a-099e-433f-90a2-1c025d1dc7f3@group-F307A16A3B83-LeaderElection11] INFO  server.RaftServerConfigKeys (ConfUtils.java:logFallback(53)) - raft.server.rpc.first-election.timeout.min = 5s (fallback to raft.server.rpc.timeout.min)
2023-03-15 05:44:45,914 [0abd910a-099e-433f-90a2-1c025d1dc7f3@group-F307A16A3B83-LeaderElection11] INFO  server.RaftServerConfigKeys (ConfUtils.java:logFallback(53)) - raft.server.rpc.first-election.timeout.max = 5200ms (fallback to raft.server.rpc.timeout.max)
2023-03-15 05:44:45,916 [0abd910a-099e-433f-90a2-1c025d1dc7f3@group-F307A16A3B83-LeaderElection11-2] INFO  server.GrpcServerProtocolClient (GrpcServerProtocolClient.java:<init>(63)) - Build channel for 21006111-8cd4-4582-9969-7940c2dbc712
2023-03-15 05:44:45,919 [0abd910a-099e-433f-90a2-1c025d1dc7f3@group-DEFB60CF163A-FollowerState] INFO  server.RaftServerConfigKeys (ConfUtils.java:logFallback(53)) - raft.server.rpc.first-election.timeout.min = 5s (fallback to raft.server.rpc.timeout.min)
2023-03-15 05:44:45,919 [0abd910a-099e-433f-90a2-1c025d1dc7f3@group-DEFB60CF163A-FollowerState] INFO  server.RaftServerConfigKeys (ConfUtils.java:logFallback(53)) - raft.server.rpc.first-election.timeout.max = 5200ms (fallback to raft.server.rpc.timeout.max)
2023-03-15 05:44:45,919 [21006111-8cd4-4582-9969-7940c2dbc712@group-0F2BE0CC8C7A-FollowerState] INFO  impl.FollowerState (FollowerState.java:run(143)) - 21006111-8cd4-4582-9969-7940c2dbc712@group-0F2BE0CC8C7A-FollowerState: change to CANDIDATE, lastRpcElapsedTime:5183500148ns, electionTimeout:5176ms
2023-03-15 05:44:45,919 [21006111-8cd4-4582-9969-7940c2dbc712@group-0F2BE0CC8C7A-FollowerState] INFO  impl.RoleInfo (RoleInfo.java:shutdownFollowerState(110)) - 21006111-8cd4-4582-9969-7940c2dbc712: shutdown 21006111-8cd4-4582-9969-7940c2dbc712@group-0F2BE0CC8C7A-FollowerState
2023-03-15 05:44:45,919 [21006111-8cd4-4582-9969-7940c2dbc712@group-0F2BE0CC8C7A-FollowerState] INFO  server.RaftServer$Division (RaftServerImpl.java:setRole(321)) - 21006111-8cd4-4582-9969-7940c2dbc712@group-0F2BE0CC8C7A: changes role from  FOLLOWER to CANDIDATE at term 0 for changeToCandidate
2023-03-15 05:44:45,919 [21006111-8cd4-4582-9969-7940c2dbc712@group-DEFB60CF163A-LeaderElection12] INFO  server.RaftServerConfigKeys (ConfUtils.java:logFallback(53)) - raft.server.rpc.first-election.timeout.min = 5s (fallback to raft.server.rpc.timeout.min)
2023-03-15 05:44:45,919 [21006111-8cd4-4582-9969-7940c2dbc712@group-DEFB60CF163A-LeaderElection12-2] INFO  server.GrpcServerProtocolClient (GrpcServerProtocolClient.java:<init>(63)) - Build channel for 0abd910a-099e-433f-90a2-1c025d1dc7f3
2023-03-15 05:44:45,919 [21006111-8cd4-4582-9969-7940c2dbc712@group-DEFB60CF163A-LeaderElection12] INFO  server.RaftServerConfigKeys (ConfUtils.java:logFallback(53)) - raft.server.rpc.first-election.timeout.max = 5200ms (fallback to raft.server.rpc.timeout.max)
2023-03-15 05:44:45,920 [21006111-8cd4-4582-9969-7940c2dbc712@group-DEFB60CF163A-LeaderElection12-1] INFO  server.GrpcServerProtocolClient (GrpcServerProtocolClient.java:<init>(63)) - Build channel for c612d8d5-a02f-487c-9690-98407afc9b63
2023-03-15 05:44:45,920 [21006111-8cd4-4582-9969-7940c2dbc712@group-0F2BE0CC8C7A-FollowerState] INFO  server.RaftServerConfigKeys (ConfUtils.java:logGet(46)) - raft.server.leaderelection.pre-vote = true (default)
2023-03-15 05:44:45,920 [21006111-8cd4-4582-9969-7940c2dbc712@group-0F2BE0CC8C7A-FollowerState] INFO  impl.RoleInfo (RoleInfo.java:updateAndGet(139)) - 21006111-8cd4-4582-9969-7940c2dbc712: start 21006111-8cd4-4582-9969-7940c2dbc712@group-0F2BE0CC8C7A-LeaderElection13
2023-03-15 05:44:45,931 [21006111-8cd4-4582-9969-7940c2dbc712@group-0F2BE0CC8C7A-LeaderElection13] INFO  impl.LeaderElection (LeaderElection.java:askForVotes(312)) - 21006111-8cd4-4582-9969-7940c2dbc712@group-0F2BE0CC8C7A-LeaderElection13 PRE_VOTE round 0: submit vote requests at term 0 for -1: peers:[21006111-8cd4-4582-9969-7940c2dbc712|rpc:10.1.0.18:37223|dataStream:10.1.0.18:39239|priority:1|startupRole:FOLLOWER]|listeners:[], old=null
2023-03-15 05:44:45,931 [21006111-8cd4-4582-9969-7940c2dbc712@group-0F2BE0CC8C7A-LeaderElection13] INFO  impl.LeaderElection (LeaderElection.java:askForVotes(314)) - 21006111-8cd4-4582-9969-7940c2dbc712@group-0F2BE0CC8C7A-LeaderElection13 PRE_VOTE round 0: result PASSED (term=0)
2023-03-15 05:44:45,931 [grpc-default-executor-1] INFO  server.RaftServer$Division (RaftServerImpl.java:requestVote(1218)) - c612d8d5-a02f-487c-9690-98407afc9b63@group-F307A16A3B83: receive requestVote(PRE_VOTE, 0abd910a-099e-433f-90a2-1c025d1dc7f3, group-F307A16A3B83, 0, (t:0, i:0))
2023-03-15 05:44:45,931 [grpc-default-executor-1] INFO  impl.VoteContext (VoteContext.java:log(49)) - c612d8d5-a02f-487c-9690-98407afc9b63@group-F307A16A3B83-FOLLOWER: accept PRE_VOTE from 0abd910a-099e-433f-90a2-1c025d1dc7f3: our priority 0 <= candidate's priority 1
2023-03-15 05:44:45,931 [grpc-default-executor-1] INFO  server.RaftServer$Division (RaftServerImpl.java:requestVote(1251)) - c612d8d5-a02f-487c-9690-98407afc9b63@group-F307A16A3B83 replies to PRE_VOTE vote request: 0abd910a-099e-433f-90a2-1c025d1dc7f3<-c612d8d5-a02f-487c-9690-98407afc9b63#0:OK-t0. Peer's state: c612d8d5-a02f-487c-9690-98407afc9b63@group-F307A16A3B83:t0, leader=null, voted=, raftlog=Memoized:c612d8d5-a02f-487c-9690-98407afc9b63@group-F307A16A3B83-SegmentedRaftLog:OPENED:c-1, conf=-1: peers:[c612d8d5-a02f-487c-9690-98407afc9b63|rpc:10.1.0.18:38341|dataStream:10.1.0.18:46343|priority:0|startupRole:FOLLOWER, 21006111-8cd4-4582-9969-7940c2dbc712|rpc:10.1.0.18:37223|dataStream:10.1.0.18:39239|priority:0|startupRole:FOLLOWER, 0abd910a-099e-433f-90a2-1c025d1dc7f3|rpc:10.1.0.18:34751|dataStream:10.1.0.18:36347|priority:1|startupRole:FOLLOWER]|listeners:[], old=null
2023-03-15 05:44:45,935 [0abd910a-099e-433f-90a2-1c025d1dc7f3@group-F307A16A3B83-LeaderElection11] INFO  impl.LeaderElection (LeaderElection.java:logAndReturn(90)) - 0abd910a-099e-433f-90a2-1c025d1dc7f3@group-F307A16A3B83-LeaderElection11: PRE_VOTE PASSED received 1 response(s) and 0 exception(s):
2023-03-15 05:44:45,935 [0abd910a-099e-433f-90a2-1c025d1dc7f3@group-F307A16A3B83-LeaderElection11] INFO  impl.LeaderElection (LeaderElection.java:logAndReturn(94)) -   Response 0: 0abd910a-099e-433f-90a2-1c025d1dc7f3<-c612d8d5-a02f-487c-9690-98407afc9b63#0:OK-t0
2023-03-15 05:44:45,935 [0abd910a-099e-433f-90a2-1c025d1dc7f3@group-F307A16A3B83-LeaderElection11] INFO  impl.LeaderElection (LeaderElection.java:askForVotes(314)) - 0abd910a-099e-433f-90a2-1c025d1dc7f3@group-F307A16A3B83-LeaderElection11 PRE_VOTE round 0: result PASSED
2023-03-15 05:44:45,936 [0abd910a-099e-433f-90a2-1c025d1dc7f3@group-F307A16A3B83-LeaderElection11] INFO  impl.LeaderElection (LeaderElection.java:askForVotes(312)) - 0abd910a-099e-433f-90a2-1c025d1dc7f3@group-F307A16A3B83-LeaderElection11 ELECTION round 0: submit vote requests at term 1 for -1: peers:[c612d8d5-a02f-487c-9690-98407afc9b63|rpc:10.1.0.18:38341|dataStream:10.1.0.18:46343|priority:0|startupRole:FOLLOWER, 21006111-8cd4-4582-9969-7940c2dbc712|rpc:10.1.0.18:37223|dataStream:10.1.0.18:39239|priority:0|startupRole:FOLLOWER, 0abd910a-099e-433f-90a2-1c025d1dc7f3|rpc:10.1.0.18:34751|dataStream:10.1.0.18:36347|priority:1|startupRole:FOLLOWER]|listeners:[], old=null
2023-03-15 05:44:45,939 [0abd910a-099e-433f-90a2-1c025d1dc7f3@group-F307A16A3B83-LeaderElection11] INFO  server.RaftServerConfigKeys (ConfUtils.java:logFallback(53)) - raft.server.rpc.first-election.timeout.min = 5s (fallback to raft.server.rpc.timeout.min)
2023-03-15 05:44:45,939 [0abd910a-099e-433f-90a2-1c025d1dc7f3@group-F307A16A3B83-LeaderElection11] INFO  server.RaftServerConfigKeys (ConfUtils.java:logFallback(53)) - raft.server.rpc.first-election.timeout.max = 5200ms (fallback to raft.server.rpc.timeout.max)
2023-03-15 05:44:45,944 [grpc-default-executor-1] INFO  server.RaftServer$Division (RaftServerImpl.java:requestVote(1218)) - c612d8d5-a02f-487c-9690-98407afc9b63@group-F307A16A3B83: receive requestVote(ELECTION, 0abd910a-099e-433f-90a2-1c025d1dc7f3, group-F307A16A3B83, 1, (t:0, i:0))
2023-03-15 05:44:45,944 [grpc-default-executor-1] INFO  impl.VoteContext (VoteContext.java:log(49)) - c612d8d5-a02f-487c-9690-98407afc9b63@group-F307A16A3B83-FOLLOWER: accept ELECTION from 0abd910a-099e-433f-90a2-1c025d1dc7f3: our priority 0 <= candidate's priority 1
2023-03-15 05:44:45,944 [grpc-default-executor-1] INFO  server.RaftServer$Division (RaftServerImpl.java:setRole(321)) - c612d8d5-a02f-487c-9690-98407afc9b63@group-F307A16A3B83: changes role from  FOLLOWER to FOLLOWER at term 1 for candidate:0abd910a-099e-433f-90a2-1c025d1dc7f3
2023-03-15 05:44:45,944 [grpc-default-executor-1] INFO  impl.RoleInfo (RoleInfo.java:shutdownFollowerState(110)) - c612d8d5-a02f-487c-9690-98407afc9b63: shutdown c612d8d5-a02f-487c-9690-98407afc9b63@group-F307A16A3B83-FollowerState
2023-03-15 05:44:45,944 [grpc-default-executor-1] INFO  impl.RoleInfo (RoleInfo.java:updateAndGet(139)) - c612d8d5-a02f-487c-9690-98407afc9b63: start c612d8d5-a02f-487c-9690-98407afc9b63@group-F307A16A3B83-FollowerState
2023-03-15 05:44:45,944 [c612d8d5-a02f-487c-9690-98407afc9b63@group-F307A16A3B83-FollowerState] INFO  impl.FollowerState (FollowerState.java:run(152)) - c612d8d5-a02f-487c-9690-98407afc9b63@group-F307A16A3B83-FollowerState was interrupted
2023-03-15 05:44:45,947 [21006111-8cd4-4582-9969-7940c2dbc712@group-0F2BE0CC8C7A-LeaderElection13] INFO  impl.LeaderElection (LeaderElection.java:askForVotes(312)) - 21006111-8cd4-4582-9969-7940c2dbc712@group-0F2BE0CC8C7A-LeaderElection13 ELECTION round 0: submit vote requests at term 1 for -1: peers:[21006111-8cd4-4582-9969-7940c2dbc712|rpc:10.1.0.18:37223|dataStream:10.1.0.18:39239|priority:1|startupRole:FOLLOWER]|listeners:[], old=null
2023-03-15 05:44:45,947 [grpc-default-executor-1] INFO  server.RaftServer$Division (RaftServerImpl.java:requestVote(1251)) - c612d8d5-a02f-487c-9690-98407afc9b63@group-F307A16A3B83 replies to ELECTION vote request: 0abd910a-099e-433f-90a2-1c025d1dc7f3<-c612d8d5-a02f-487c-9690-98407afc9b63#0:OK-t1. Peer's state: c612d8d5-a02f-487c-9690-98407afc9b63@group-F307A16A3B83:t1, leader=null, voted=0abd910a-099e-433f-90a2-1c025d1dc7f3, raftlog=Memoized:c612d8d5-a02f-487c-9690-98407afc9b63@group-F307A16A3B83-SegmentedRaftLog:OPENED:c-1, conf=-1: peers:[c612d8d5-a02f-487c-9690-98407afc9b63|rpc:10.1.0.18:38341|dataStream:10.1.0.18:46343|priority:0|startupRole:FOLLOWER, 21006111-8cd4-4582-9969-7940c2dbc712|rpc:10.1.0.18:37223|dataStream:10.1.0.18:39239|priority:0|startupRole:FOLLOWER, 0abd910a-099e-433f-90a2-1c025d1dc7f3|rpc:10.1.0.18:34751|dataStream:10.1.0.18:36347|priority:1|startupRole:FOLLOWER]|listeners:[], old=null
2023-03-15 05:44:45,950 [c612d8d5-a02f-487c-9690-98407afc9b63@group-F307A16A3B83-FollowerState] INFO  server.RaftServerConfigKeys (ConfUtils.java:logFallback(53)) - raft.server.rpc.first-election.timeout.min = 5s (fallback to raft.server.rpc.timeout.min)
2023-03-15 05:44:45,950 [c612d8d5-a02f-487c-9690-98407afc9b63@group-F307A16A3B83-FollowerState] INFO  server.RaftServerConfigKeys (ConfUtils.java:logFallback(53)) - raft.server.rpc.first-election.timeout.max = 5200ms (fallback to raft.server.rpc.timeout.max)
2023-03-15 05:44:45,947 [21006111-8cd4-4582-9969-7940c2dbc712@group-0F2BE0CC8C7A-LeaderElection13] INFO  impl.LeaderElection (LeaderElection.java:askForVotes(314)) - 21006111-8cd4-4582-9969-7940c2dbc712@group-0F2BE0CC8C7A-LeaderElection13 ELECTION round 0: result PASSED (term=1)
2023-03-15 05:44:45,951 [21006111-8cd4-4582-9969-7940c2dbc712@group-0F2BE0CC8C7A-LeaderElection13] INFO  impl.RoleInfo (RoleInfo.java:shutdownLeaderElection(130)) - 21006111-8cd4-4582-9969-7940c2dbc712: shutdown 21006111-8cd4-4582-9969-7940c2dbc712@group-0F2BE0CC8C7A-LeaderElection13
2023-03-15 05:44:45,951 [21006111-8cd4-4582-9969-7940c2dbc712@group-0F2BE0CC8C7A-LeaderElection13] INFO  server.RaftServer$Division (RaftServerImpl.java:setRole(321)) - 21006111-8cd4-4582-9969-7940c2dbc712@group-0F2BE0CC8C7A: changes role from CANDIDATE to LEADER at term 1 for changeToLeader
2023-03-15 05:44:45,951 [21006111-8cd4-4582-9969-7940c2dbc712@group-0F2BE0CC8C7A-LeaderElection13] INFO  ratis.XceiverServerRatis (XceiverServerRatis.java:handleLeaderChangedNotification(905)) - Leader change notification received for group: group-0F2BE0CC8C7A with new leaderId: 21006111-8cd4-4582-9969-7940c2dbc712
2023-03-15 05:44:45,959 [0abd910a-099e-433f-90a2-1c025d1dc7f3@group-F307A16A3B83-LeaderElection11] INFO  impl.LeaderElection (LeaderElection.java:logAndReturn(90)) - 0abd910a-099e-433f-90a2-1c025d1dc7f3@group-F307A16A3B83-LeaderElection11: ELECTION PASSED received 1 response(s) and 0 exception(s):
2023-03-15 05:44:45,959 [0abd910a-099e-433f-90a2-1c025d1dc7f3@group-F307A16A3B83-LeaderElection11] INFO  impl.LeaderElection (LeaderElection.java:logAndReturn(94)) -   Response 0: 0abd910a-099e-433f-90a2-1c025d1dc7f3<-c612d8d5-a02f-487c-9690-98407afc9b63#0:OK-t1
2023-03-15 05:44:45,959 [0abd910a-099e-433f-90a2-1c025d1dc7f3@group-F307A16A3B83-LeaderElection11] INFO  impl.LeaderElection (LeaderElection.java:askForVotes(314)) - 0abd910a-099e-433f-90a2-1c025d1dc7f3@group-F307A16A3B83-LeaderElection11 ELECTION round 0: result PASSED
2023-03-15 05:44:45,959 [0abd910a-099e-433f-90a2-1c025d1dc7f3@group-F307A16A3B83-LeaderElection11] INFO  impl.RoleInfo (RoleInfo.java:shutdownLeaderElection(130)) - 0abd910a-099e-433f-90a2-1c025d1dc7f3: shutdown 0abd910a-099e-433f-90a2-1c025d1dc7f3@group-F307A16A3B83-LeaderElection11
2023-03-15 05:44:45,959 [0abd910a-099e-433f-90a2-1c025d1dc7f3@group-F307A16A3B83-LeaderElection11] INFO  server.RaftServer$Division (RaftServerImpl.java:setRole(321)) - 0abd910a-099e-433f-90a2-1c025d1dc7f3@group-F307A16A3B83: changes role from CANDIDATE to LEADER at term 1 for changeToLeader
2023-03-15 05:44:45,959 [0abd910a-099e-433f-90a2-1c025d1dc7f3@group-F307A16A3B83-LeaderElection11] INFO  ratis.XceiverServerRatis (XceiverServerRatis.java:handleLeaderChangedNotification(905)) - Leader change notification received for group: group-F307A16A3B83 with new leaderId: 0abd910a-099e-433f-90a2-1c025d1dc7f3
2023-03-15 05:44:45,960 [EventQueue-OpenPipelineForHealthyPipelineSafeModeRule] INFO  safemode.SCMSafeModeManager (HealthyPipelineSafeModeRule.java:process(137)) - SCM in safe mode. Healthy pipelines reported count is 0, required healthy pipeline reported count is 1
2023-03-15 05:44:45,960 [0abd910a-099e-433f-90a2-1c025d1dc7f3@group-F307A16A3B83-LeaderElection11] INFO  server.RaftServer$Division (ServerState.java:setLeader(313)) - 0abd910a-099e-433f-90a2-1c025d1dc7f3@group-F307A16A3B83: change Leader from null to 0abd910a-099e-433f-90a2-1c025d1dc7f3 at term 1 for becomeLeader, leader elected after 5093ms
2023-03-15 05:44:45,961 [0abd910a-099e-433f-90a2-1c025d1dc7f3@group-F307A16A3B83-LeaderElection11] INFO  server.RaftServerConfigKeys (ConfUtils.java:logGet(46)) - raft.server.staging.catchup.gap = 1000 (default)
2023-03-15 05:44:45,961 [0abd910a-099e-433f-90a2-1c025d1dc7f3@group-F307A16A3B83-LeaderElection11] INFO  server.RaftServerConfigKeys (ConfUtils.java:logGet(46)) - raft.server.write.element-limit = 1024 (custom)
2023-03-15 05:44:45,961 [0abd910a-099e-433f-90a2-1c025d1dc7f3@group-F307A16A3B83-LeaderElection11] INFO  server.RaftServerConfigKeys (ConfUtils.java:logGet(46)) - raft.server.write.byte-limit = 1024 M (=1073741824) (custom)
2023-03-15 05:44:45,961 [EventQueue-PipelineReportForPipelineReportHandler] INFO  pipeline.PipelineManagerImpl (PipelineManagerImpl.java:openPipeline(367)) - Pipeline Pipeline[ Id: 5157f040-aeaf-454c-93b2-f307a16a3b83, Nodes: 0abd910a-099e-433f-90a2-1c025d1dc7f3(fv-az390-885.2udvygdcjcjuphbbpa4zxtqymb.gx.internal.cloudapp.net/10.1.0.18)c612d8d5-a02f-487c-9690-98407afc9b63(fv-az390-885.2udvygdcjcjuphbbpa4zxtqymb.gx.internal.cloudapp.net/10.1.0.18)21006111-8cd4-4582-9969-7940c2dbc712(fv-az390-885.2udvygdcjcjuphbbpa4zxtqymb.gx.internal.cloudapp.net/10.1.0.18), ReplicationConfig: RATIS/THREE, State:ALLOCATED, leaderId:0abd910a-099e-433f-90a2-1c025d1dc7f3, CreationTimestamp2023-03-15T05:44:38.414Z[Etc/UTC]] moved to OPEN state
2023-03-15 05:44:45,961 [0abd910a-099e-433f-90a2-1c025d1dc7f3@group-F307A16A3B83-LeaderElection11] INFO  server.RaftServerConfigKeys (ConfUtils.java:logGet(46)) - raft.server.watch.timeout = 180s (custom)
2023-03-15 05:44:45,961 [0abd910a-099e-433f-90a2-1c025d1dc7f3@group-F307A16A3B83-LeaderElection11] INFO  server.RaftServerConfigKeys (ConfUtils.java:logGet(46)) - raft.server.watch.timeout.denomination = 1s (default)
2023-03-15 05:44:45,961 [0abd910a-099e-433f-90a2-1c025d1dc7f3@group-F307A16A3B83-LeaderElection11] INFO  server.RaftServerConfigKeys (ConfUtils.java:logGet(46)) - raft.server.watch.element-limit = 65536 (default)
2023-03-15 05:44:45,961 [0abd910a-099e-433f-90a2-1c025d1dc7f3@group-F307A16A3B83-LeaderElection11] INFO  server.RaftServerConfigKeys (ConfUtils.java:logGet(46)) - raft.server.write.element-limit = 1024 (custom)
2023-03-15 05:44:45,961 [0abd910a-099e-433f-90a2-1c025d1dc7f3@group-F307A16A3B83-LeaderElection11] INFO  server.RaftServerConfigKeys (ConfUtils.java:logGet(46)) - raft.server.write.follower.gap.ratio.max = -1.0 (default)
2023-03-15 05:44:45,961 [0abd910a-099e-433f-90a2-1c025d1dc7f3@group-F307A16A3B83-LeaderElection11] INFO  server.RaftServerConfigKeys (ConfUtils.java:logGet(46)) - raft.server.log.appender.snapshot.chunk.size.max = 16MB (=16777216) (default)
2023-03-15 05:44:45,962 [0abd910a-099e-433f-90a2-1c025d1dc7f3@group-F307A16A3B83-LeaderElection11] INFO  server.RaftServerConfigKeys (ConfUtils.java:logGet(46)) - raft.server.log.appender.buffer.byte-limit = 33554432 (custom)
2023-03-15 05:44:45,962 [0abd910a-099e-433f-90a2-1c025d1dc7f3@group-F307A16A3B83-LeaderElection11] INFO  server.RaftServerConfigKeys (ConfUtils.java:logGet(46)) - raft.server.log.appender.buffer.element-limit = 1 (custom)
2023-03-15 05:44:45,962 [EventQueue-OpenPipelineForHealthyPipelineSafeModeRule] INFO  safemode.SCMSafeModeManager (HealthyPipelineSafeModeRule.java:process(137)) - SCM in safe mode. Healthy pipelines reported count is 0, required healthy pipeline reported count is 1
2023-03-15 05:44:45,962 [0abd910a-099e-433f-90a2-1c025d1dc7f3@group-F307A16A3B83-LeaderElection11] INFO  grpc.GrpcConfigKeys (ConfUtils.java:logGet(46)) - raft.grpc.server.leader.outstanding.appends.max = 128 (default)
2023-03-15 05:44:45,962 [EventQueue-OpenPipelineForHealthyPipelineSafeModeRule] INFO  safemode.SCMSafeModeManager (HealthyPipelineSafeModeRule.java:process(137)) - SCM in safe mode. Healthy pipelines reported count is 1, required healthy pipeline reported count is 1
2023-03-15 05:44:45,962 [0abd910a-099e-433f-90a2-1c025d1dc7f3@group-F307A16A3B83-LeaderElection11] INFO  server.RaftServerConfigKeys (ConfUtils.java:logGet(46)) - raft.server.rpc.request.timeout = 60s (custom)
2023-03-15 05:44:45,962 [EventQueue-OpenPipelineForHealthyPipelineSafeModeRule] INFO  safemode.SCMSafeModeManager (SCMSafeModeManager.java:validateSafeModeExitRules(200)) - HealthyPipelineSafeModeRule rule is successfully validated
2023-03-15 05:44:45,962 [0abd910a-099e-433f-90a2-1c025d1dc7f3@group-F307A16A3B83-LeaderElection11] INFO  server.RaftServerConfigKeys (ConfUtils.java:logGet(46)) - raft.server.log.appender.install.snapshot.enabled = false (custom)
2023-03-15 05:44:45,962 [EventQueue-OpenPipelineForHealthyPipelineSafeModeRule] INFO  safemode.SCMSafeModeManager (SCMSafeModeManager.java:validateSafeModeExitRules(215)) - ScmSafeModeManager, all rules are successfully validated
2023-03-15 05:44:45,962 [0abd910a-099e-433f-90a2-1c025d1dc7f3@group-F307A16A3B83-LeaderElection11] INFO  grpc.GrpcConfigKeys (ConfUtils.java:logGet(46)) - raft.grpc.server.heartbeat.channel = true (default)
2023-03-15 05:44:45,962 [EventQueue-OpenPipelineForHealthyPipelineSafeModeRule] INFO  safemode.SCMSafeModeManager (SCMSafeModeManager.java:exitSafeMode(244)) - SCM exiting safe mode.
2023-03-15 05:44:45,962 [0abd910a-099e-433f-90a2-1c025d1dc7f3@group-F307A16A3B83-LeaderElection11] INFO  server.RaftServerConfigKeys (ConfUtils.java:logGet(46)) - raft.server.log.appender.wait-time.min = 10ms (default)
2023-03-15 05:44:45,967 [21006111-8cd4-4582-9969-7940c2dbc712@group-0F2BE0CC8C7A-LeaderElection13] INFO  server.RaftServer$Division (ServerState.java:setLeader(313)) - 21006111-8cd4-4582-9969-7940c2dbc712@group-0F2BE0CC8C7A: change Leader from null to 21006111-8cd4-4582-9969-7940c2dbc712 at term 1 for becomeLeader, leader elected after 5226ms
2023-03-15 05:44:45,962 [EventQueue-OpenPipelineForHealthyPipelineSafeModeRule] INFO  ha.SCMContext (SCMContext.java:updateSafeModeStatus(228)) - Update SafeModeStatus from SafeModeStatus{safeModeStatus=true, preCheckPassed=true} to SafeModeStatus{safeModeStatus=false, preCheckPassed=true}.
2023-03-15 05:44:45,967 [EventQueue-OpenPipelineForHealthyPipelineSafeModeRule] INFO  pipeline.BackgroundPipelineCreator (BackgroundPipelineCreator.java:notifyStatusChanged(254)) - Service BackgroundPipelineCreator transitions to RUNNING.
2023-03-15 05:44:45,967 [EventQueue-OpenPipelineForHealthyPipelineSafeModeRule] INFO  BackgroundPipelineScrubber (BackgroundSCMService.java:notifyStatusChanged(82)) - Service BackgroundPipelineScrubber transitions to RUNNING.
2023-03-15 05:44:45,967 [EventQueue-OpenPipelineForHealthyPipelineSafeModeRule] INFO  ExpiredContainerReplicaOpScrubber (BackgroundSCMService.java:notifyStatusChanged(82)) - Service ExpiredContainerReplicaOpScrubber transitions to RUNNING.
2023-03-15 05:44:45,967 [EventQueue-OpenPipelineForHealthyPipelineSafeModeRule] INFO  replication.ReplicationManager (ReplicationManager.java:notifyStatusChanged(1156)) - Service ReplicationManager transitions to RUNNING.
2023-03-15 05:44:45,967 [EventQueue-OpenPipelineForHealthyPipelineSafeModeRule] WARN  balancer.ContainerBalancer (ContainerBalancer.java:shouldRun(131)) - Could not find persisted configuration for ContainerBalancer when checking if ContainerBalancer should run. ContainerBalancer should not run now.
2023-03-15 05:44:45,967 [21006111-8cd4-4582-9969-7940c2dbc712@group-0F2BE0CC8C7A-LeaderElection13] INFO  server.RaftServerConfigKeys (ConfUtils.java:logGet(46)) - raft.server.staging.catchup.gap = 1000 (default)
2023-03-15 05:44:45,968 [0abd910a-099e-433f-90a2-1c025d1dc7f3@group-F307A16A3B83-LeaderElection11] INFO  server.RaftServerConfigKeys (ConfUtils.java:logGet(46)) - raft.server.log.appender.snapshot.chunk.size.max = 16MB (=16777216) (default)
2023-03-15 05:44:45,968 [0abd910a-099e-433f-90a2-1c025d1dc7f3@group-F307A16A3B83-LeaderElection11] INFO  server.RaftServerConfigKeys (ConfUtils.java:logGet(46)) - raft.server.log.appender.buffer.byte-limit = 33554432 (custom)
2023-03-15 05:44:45,968 [0abd910a-099e-433f-90a2-1c025d1dc7f3@group-F307A16A3B83-LeaderElection11] INFO  server.RaftServerConfigKeys (ConfUtils.java:logGet(46)) - raft.server.log.appender.buffer.element-limit = 1 (custom)
2023-03-15 05:44:45,968 [0abd910a-099e-433f-90a2-1c025d1dc7f3@group-F307A16A3B83-LeaderElection11] INFO  grpc.GrpcConfigKeys (ConfUtils.java:logGet(46)) - raft.grpc.server.leader.outstanding.appends.max = 128 (default)
2023-03-15 05:44:45,968 [0abd910a-099e-433f-90a2-1c025d1dc7f3@group-F307A16A3B83-LeaderElection11] INFO  server.RaftServerConfigKeys (ConfUtils.java:logGet(46)) - raft.server.rpc.request.timeout = 60s (custom)
2023-03-15 05:44:45,968 [0abd910a-099e-433f-90a2-1c025d1dc7f3@group-F307A16A3B83-LeaderElection11] INFO  server.RaftServerConfigKeys (ConfUtils.java:logGet(46)) - raft.server.log.appender.install.snapshot.enabled = false (custom)
2023-03-15 05:44:45,968 [0abd910a-099e-433f-90a2-1c025d1dc7f3@group-F307A16A3B83-LeaderElection11] INFO  grpc.GrpcConfigKeys (ConfUtils.java:logGet(46)) - raft.grpc.server.heartbeat.channel = true (default)
2023-03-15 05:44:45,968 [0abd910a-099e-433f-90a2-1c025d1dc7f3@group-F307A16A3B83-LeaderElection11] INFO  server.RaftServerConfigKeys (ConfUtils.java:logGet(46)) - raft.server.log.appender.wait-time.min = 10ms (default)
2023-03-15 05:44:45,968 [0abd910a-099e-433f-90a2-1c025d1dc7f3@group-F307A16A3B83-LeaderElection11] INFO  impl.RoleInfo (RoleInfo.java:updateAndGet(139)) - 0abd910a-099e-433f-90a2-1c025d1dc7f3: start 0abd910a-099e-433f-90a2-1c025d1dc7f3@group-F307A16A3B83-LeaderStateImpl
2023-03-15 05:44:45,968 [0abd910a-099e-433f-90a2-1c025d1dc7f3@group-F307A16A3B83-LeaderElection11] INFO  segmented.SegmentedRaftLogWorker (SegmentedRaftLogWorker.java:startLogSegment(452)) - 0abd910a-099e-433f-90a2-1c025d1dc7f3@group-F307A16A3B83-SegmentedRaftLogWorker: Starting segment from index:0
2023-03-15 05:44:45,968 [21006111-8cd4-4582-9969-7940c2dbc712@group-0F2BE0CC8C7A-LeaderElection13] INFO  server.RaftServerConfigKeys (ConfUtils.java:logGet(46)) - raft.server.write.element-limit = 1024 (custom)
2023-03-15 05:44:45,969 [21006111-8cd4-4582-9969-7940c2dbc712@group-0F2BE0CC8C7A-LeaderElection13] INFO  server.RaftServerConfigKeys (ConfUtils.java:logGet(46)) - raft.server.write.byte-limit = 1024 M (=1073741824) (custom)
2023-03-15 05:44:45,970 [0abd910a-099e-433f-90a2-1c025d1dc7f3@group-F307A16A3B83-SegmentedRaftLogWorker] INFO  segmented.SegmentedRaftLogWorker (SegmentedRaftLogWorker.java:execute(656)) - 0abd910a-099e-433f-90a2-1c025d1dc7f3@group-F307A16A3B83-SegmentedRaftLogWorker: created new log segment /home/runner/work/ozone/ozone/hadoop-ozone/integration-test/target/test-dir/MiniOzoneClusterImpl-f3f3c3ea-d6fe-44d8-a21f-130fd89482f1/datanode-1/data/ratis/5157f040-aeaf-454c-93b2-f307a16a3b83/current/log_inprogress_0
2023-03-15 05:44:45,972 [21006111-8cd4-4582-9969-7940c2dbc712@group-0F2BE0CC8C7A-LeaderElection13] INFO  server.RaftServerConfigKeys (ConfUtils.java:logGet(46)) - raft.server.watch.timeout = 180s (custom)
2023-03-15 05:44:45,972 [21006111-8cd4-4582-9969-7940c2dbc712@group-0F2BE0CC8C7A-LeaderElection13] INFO  server.RaftServerConfigKeys (ConfUtils.java:logGet(46)) - raft.server.watch.timeout.denomination = 1s (default)
2023-03-15 05:44:45,972 [21006111-8cd4-4582-9969-7940c2dbc712@group-0F2BE0CC8C7A-LeaderElection13] INFO  server.RaftServerConfigKeys (ConfUtils.java:logGet(46)) - raft.server.watch.element-limit = 65536 (default)
2023-03-15 05:44:45,972 [21006111-8cd4-4582-9969-7940c2dbc712@group-0F2BE0CC8C7A-LeaderElection13] INFO  server.RaftServerConfigKeys (ConfUtils.java:logGet(46)) - raft.server.write.element-limit = 1024 (custom)
2023-03-15 05:44:45,972 [21006111-8cd4-4582-9969-7940c2dbc712@group-0F2BE0CC8C7A-LeaderElection13] INFO  server.RaftServerConfigKeys (ConfUtils.java:logGet(46)) - raft.server.write.follower.gap.ratio.max = -1.0 (default)
2023-03-15 05:44:45,972 [21006111-8cd4-4582-9969-7940c2dbc712@group-0F2BE0CC8C7A-LeaderElection13] INFO  impl.RoleInfo (RoleInfo.java:updateAndGet(139)) - 21006111-8cd4-4582-9969-7940c2dbc712: start 21006111-8cd4-4582-9969-7940c2dbc712@group-0F2BE0CC8C7A-LeaderStateImpl
2023-03-15 05:44:45,972 [21006111-8cd4-4582-9969-7940c2dbc712@group-0F2BE0CC8C7A-LeaderElection13] INFO  segmented.SegmentedRaftLogWorker (SegmentedRaftLogWorker.java:startLogSegment(452)) - 21006111-8cd4-4582-9969-7940c2dbc712@group-0F2BE0CC8C7A-SegmentedRaftLogWorker: Starting segment from index:0
2023-03-15 05:44:45,976 [grpc-default-executor-0] INFO  server.RaftServer$Division (RaftServerImpl.java:requestVote(1218)) - c612d8d5-a02f-487c-9690-98407afc9b63@group-DEFB60CF163A: receive requestVote(PRE_VOTE, 21006111-8cd4-4582-9969-7940c2dbc712, group-DEFB60CF163A, 0, (t:0, i:0))
2023-03-15 05:44:45,976 [grpc-default-executor-0] INFO  impl.VoteContext (VoteContext.java:log(49)) - c612d8d5-a02f-487c-9690-98407afc9b63@group-DEFB60CF163A-FOLLOWER: accept PRE_VOTE from 21006111-8cd4-4582-9969-7940c2dbc712: our priority 0 <= candidate's priority 1
2023-03-15 05:44:45,977 [grpc-default-executor-0] INFO  server.RaftServer$Division (RaftServerImpl.java:requestVote(1251)) - c612d8d5-a02f-487c-9690-98407afc9b63@group-DEFB60CF163A replies to PRE_VOTE vote request: 21006111-8cd4-4582-9969-7940c2dbc712<-c612d8d5-a02f-487c-9690-98407afc9b63#0:OK-t0. Peer's state: c612d8d5-a02f-487c-9690-98407afc9b63@group-DEFB60CF163A:t0, leader=null, voted=, raftlog=Memoized:c612d8d5-a02f-487c-9690-98407afc9b63@group-DEFB60CF163A-SegmentedRaftLog:OPENED:c-1, conf=-1: peers:[c612d8d5-a02f-487c-9690-98407afc9b63|rpc:10.1.0.18:38341|dataStream:10.1.0.18:46343|priority:0|startupRole:FOLLOWER, 21006111-8cd4-4582-9969-7940c2dbc712|rpc:10.1.0.18:37223|dataStream:10.1.0.18:39239|priority:1|startupRole:FOLLOWER, 0abd910a-099e-433f-90a2-1c025d1dc7f3|rpc:10.1.0.18:34751|dataStream:10.1.0.18:36347|priority:0|startupRole:FOLLOWER]|listeners:[], old=null
2023-03-15 05:44:45,977 [grpc-default-executor-1] INFO  server.RaftServer$Division (RaftServerImpl.java:requestVote(1218)) - 0abd910a-099e-433f-90a2-1c025d1dc7f3@group-DEFB60CF163A: receive requestVote(PRE_VOTE, 21006111-8cd4-4582-9969-7940c2dbc712, group-DEFB60CF163A, 0, (t:0, i:0))
2023-03-15 05:44:45,977 [grpc-default-executor-1] INFO  impl.VoteContext (VoteContext.java:log(49)) - 0abd910a-099e-433f-90a2-1c025d1dc7f3@group-DEFB60CF163A-FOLLOWER: accept PRE_VOTE from 21006111-8cd4-4582-9969-7940c2dbc712: our priority 0 <= candidate's priority 1
2023-03-15 05:44:45,977 [grpc-default-executor-1] INFO  server.RaftServer$Division (RaftServerImpl.java:requestVote(1251)) - 0abd910a-099e-433f-90a2-1c025d1dc7f3@group-DEFB60CF163A replies to PRE_VOTE vote request: 21006111-8cd4-4582-9969-7940c2dbc712<-0abd910a-099e-433f-90a2-1c025d1dc7f3#0:OK-t0. Peer's state: 0abd910a-099e-433f-90a2-1c025d1dc7f3@group-DEFB60CF163A:t0, leader=null, voted=, raftlog=Memoized:0abd910a-099e-433f-90a2-1c025d1dc7f3@group-DEFB60CF163A-SegmentedRaftLog:OPENED:c-1, conf=-1: peers:[c612d8d5-a02f-487c-9690-98407afc9b63|rpc:10.1.0.18:38341|dataStream:10.1.0.18:46343|priority:0|startupRole:FOLLOWER, 21006111-8cd4-4582-9969-7940c2dbc712|rpc:10.1.0.18:37223|dataStream:10.1.0.18:39239|priority:1|startupRole:FOLLOWER, 0abd910a-099e-433f-90a2-1c025d1dc7f3|rpc:10.1.0.18:34751|dataStream:10.1.0.18:36347|priority:0|startupRole:FOLLOWER]|listeners:[], old=null
2023-03-15 05:44:45,977 [0abd910a-099e-433f-90a2-1c025d1dc7f3@group-F307A16A3B83-LeaderElection11] INFO  server.RaftServer$Division (ServerState.java:setRaftConf(430)) - 0abd910a-099e-433f-90a2-1c025d1dc7f3@group-F307A16A3B83: set configuration 0: peers:[c612d8d5-a02f-487c-9690-98407afc9b63|rpc:10.1.0.18:38341|dataStream:10.1.0.18:46343|priority:0|startupRole:FOLLOWER, 21006111-8cd4-4582-9969-7940c2dbc712|rpc:10.1.0.18:37223|dataStream:10.1.0.18:39239|priority:0|startupRole:FOLLOWER, 0abd910a-099e-433f-90a2-1c025d1dc7f3|rpc:10.1.0.18:34751|dataStream:10.1.0.18:36347|priority:1|startupRole:FOLLOWER]|listeners:[], old=null
2023-03-15 05:44:45,979 [21006111-8cd4-4582-9969-7940c2dbc712@group-0F2BE0CC8C7A-SegmentedRaftLogWorker] INFO  segmented.SegmentedRaftLogWorker (SegmentedRaftLogWorker.java:execute(656)) - 21006111-8cd4-4582-9969-7940c2dbc712@group-0F2BE0CC8C7A-SegmentedRaftLogWorker: created new log segment /home/runner/work/ozone/ozone/hadoop-ozone/integration-test/target/test-dir/MiniOzoneClusterImpl-f3f3c3ea-d6fe-44d8-a21f-130fd89482f1/datanode-0/data/ratis/0a634649-0aa8-41b8-9dd0-0f2be0cc8c7a/current/log_inprogress_0
2023-03-15 05:44:45,983 [21006111-8cd4-4582-9969-7940c2dbc712@group-0F2BE0CC8C7A-LeaderElection13] INFO  server.RaftServer$Division (ServerState.java:setRaftConf(430)) - 21006111-8cd4-4582-9969-7940c2dbc712@group-0F2BE0CC8C7A: set configuration 0: peers:[21006111-8cd4-4582-9969-7940c2dbc712|rpc:10.1.0.18:37223|dataStream:10.1.0.18:39239|priority:1|startupRole:FOLLOWER]|listeners:[], old=null
2023-03-15 05:44:45,984 [21006111-8cd4-4582-9969-7940c2dbc712@group-DEFB60CF163A-LeaderElection12] INFO  impl.LeaderElection (LeaderElection.java:logAndReturn(90)) - 21006111-8cd4-4582-9969-7940c2dbc712@group-DEFB60CF163A-LeaderElection12: PRE_VOTE PASSED received 1 response(s) and 0 exception(s):
2023-03-15 05:44:45,984 [21006111-8cd4-4582-9969-7940c2dbc712@group-DEFB60CF163A-LeaderElection12] INFO  impl.LeaderElection (LeaderElection.java:logAndReturn(94)) -   Response 0: 21006111-8cd4-4582-9969-7940c2dbc712<-c612d8d5-a02f-487c-9690-98407afc9b63#0:OK-t0
2023-03-15 05:44:45,984 [21006111-8cd4-4582-9969-7940c2dbc712@group-DEFB60CF163A-LeaderElection12] INFO  impl.LeaderElection (LeaderElection.java:askForVotes(314)) - 21006111-8cd4-4582-9969-7940c2dbc712@group-DEFB60CF163A-LeaderElection12 PRE_VOTE round 0: result PASSED
2023-03-15 05:44:45,985 [21006111-8cd4-4582-9969-7940c2dbc712@group-DEFB60CF163A-LeaderElection12] INFO  impl.LeaderElection (LeaderElection.java:askForVotes(312)) - 21006111-8cd4-4582-9969-7940c2dbc712@group-DEFB60CF163A-LeaderElection12 ELECTION round 0: submit vote requests at term 1 for -1: peers:[c612d8d5-a02f-487c-9690-98407afc9b63|rpc:10.1.0.18:38341|dataStream:10.1.0.18:46343|priority:0|startupRole:FOLLOWER, 21006111-8cd4-4582-9969-7940c2dbc712|rpc:10.1.0.18:37223|dataStream:10.1.0.18:39239|priority:1|startupRole:FOLLOWER, 0abd910a-099e-433f-90a2-1c025d1dc7f3|rpc:10.1.0.18:34751|dataStream:10.1.0.18:36347|priority:0|startupRole:FOLLOWER]|listeners:[], old=null
2023-03-15 05:44:45,990 [21006111-8cd4-4582-9969-7940c2dbc712@group-DEFB60CF163A-LeaderElection12] INFO  server.RaftServerConfigKeys (ConfUtils.java:logFallback(53)) - raft.server.rpc.first-election.timeout.min = 5s (fallback to raft.server.rpc.timeout.min)
2023-03-15 05:44:45,990 [21006111-8cd4-4582-9969-7940c2dbc712@group-DEFB60CF163A-LeaderElection12] INFO  server.RaftServerConfigKeys (ConfUtils.java:logFallback(53)) - raft.server.rpc.first-election.timeout.max = 5200ms (fallback to raft.server.rpc.timeout.max)
2023-03-15 05:44:46,002 [grpc-default-executor-2] INFO  server.RaftServer$Division (RaftServerImpl.java:requestVote(1218)) - 21006111-8cd4-4582-9969-7940c2dbc712@group-F307A16A3B83: receive requestVote(ELECTION, 0abd910a-099e-433f-90a2-1c025d1dc7f3, group-F307A16A3B83, 1, (t:0, i:0))
2023-03-15 05:44:46,003 [grpc-default-executor-2] INFO  impl.VoteContext (VoteContext.java:log(49)) - 21006111-8cd4-4582-9969-7940c2dbc712@group-F307A16A3B83-FOLLOWER: accept ELECTION from 0abd910a-099e-433f-90a2-1c025d1dc7f3: our priority 0 <= candidate's priority 1
2023-03-15 05:44:46,003 [grpc-default-executor-2] INFO  server.RaftServer$Division (RaftServerImpl.java:setRole(321)) - 21006111-8cd4-4582-9969-7940c2dbc712@group-F307A16A3B83: changes role from  FOLLOWER to FOLLOWER at term 1 for candidate:0abd910a-099e-433f-90a2-1c025d1dc7f3
2023-03-15 05:44:46,003 [grpc-default-executor-2] INFO  impl.RoleInfo (RoleInfo.java:shutdownFollowerState(110)) - 21006111-8cd4-4582-9969-7940c2dbc712: shutdown 21006111-8cd4-4582-9969-7940c2dbc712@group-F307A16A3B83-FollowerState
2023-03-15 05:44:46,003 [grpc-default-executor-2] INFO  impl.RoleInfo (RoleInfo.java:updateAndGet(139)) - 21006111-8cd4-4582-9969-7940c2dbc712: start 21006111-8cd4-4582-9969-7940c2dbc712@group-F307A16A3B83-FollowerState
2023-03-15 05:44:46,003 [grpc-default-executor-0] INFO  server.RaftServer$Division (RaftServerImpl.java:requestVote(1218)) - 21006111-8cd4-4582-9969-7940c2dbc712@group-F307A16A3B83: receive requestVote(PRE_VOTE, 0abd910a-099e-433f-90a2-1c025d1dc7f3, group-F307A16A3B83, 0, (t:0, i:0))
2023-03-15 05:44:46,003 [21006111-8cd4-4582-9969-7940c2dbc712@group-F307A16A3B83-FollowerState] INFO  impl.FollowerState (FollowerState.java:run(152)) - 21006111-8cd4-4582-9969-7940c2dbc712@group-F307A16A3B83-FollowerState was interrupted
2023-03-15 05:44:46,004 [21006111-8cd4-4582-9969-7940c2dbc712@group-F307A16A3B83-FollowerState] INFO  server.RaftServerConfigKeys (ConfUtils.java:logFallback(53)) - raft.server.rpc.first-election.timeout.min = 5s (fallback to raft.server.rpc.timeout.min)
2023-03-15 05:44:46,007 [21006111-8cd4-4582-9969-7940c2dbc712@group-F307A16A3B83-FollowerState] INFO  server.RaftServerConfigKeys (ConfUtils.java:logFallback(53)) - raft.server.rpc.first-election.timeout.max = 5200ms (fallback to raft.server.rpc.timeout.max)
2023-03-15 05:44:46,007 [grpc-default-executor-2] INFO  server.RaftServer$Division (RaftServerImpl.java:requestVote(1251)) - 21006111-8cd4-4582-9969-7940c2dbc712@group-F307A16A3B83 replies to ELECTION vote request: 0abd910a-099e-433f-90a2-1c025d1dc7f3<-21006111-8cd4-4582-9969-7940c2dbc712#0:OK-t1. Peer's state: 21006111-8cd4-4582-9969-7940c2dbc712@group-F307A16A3B83:t1, leader=null, voted=0abd910a-099e-433f-90a2-1c025d1dc7f3, raftlog=Memoized:21006111-8cd4-4582-9969-7940c2dbc712@group-F307A16A3B83-SegmentedRaftLog:OPENED:c-1, conf=-1: peers:[c612d8d5-a02f-487c-9690-98407afc9b63|rpc:10.1.0.18:38341|dataStream:10.1.0.18:46343|priority:0|startupRole:FOLLOWER, 21006111-8cd4-4582-9969-7940c2dbc712|rpc:10.1.0.18:37223|dataStream:10.1.0.18:39239|priority:0|startupRole:FOLLOWER, 0abd910a-099e-433f-90a2-1c025d1dc7f3|rpc:10.1.0.18:34751|dataStream:10.1.0.18:36347|priority:1|startupRole:FOLLOWER]|listeners:[], old=null
2023-03-15 05:44:46,008 [grpc-default-executor-0] INFO  impl.VoteContext (VoteContext.java:log(49)) - 21006111-8cd4-4582-9969-7940c2dbc712@group-F307A16A3B83-FOLLOWER: accept PRE_VOTE from 0abd910a-099e-433f-90a2-1c025d1dc7f3: our priority 0 <= candidate's priority 1
2023-03-15 05:44:46,008 [grpc-default-executor-0] INFO  server.RaftServer$Division (RaftServerImpl.java:requestVote(1251)) - 21006111-8cd4-4582-9969-7940c2dbc712@group-F307A16A3B83 replies to PRE_VOTE vote request: 0abd910a-099e-433f-90a2-1c025d1dc7f3<-21006111-8cd4-4582-9969-7940c2dbc712#0:OK-t1. Peer's state: 21006111-8cd4-4582-9969-7940c2dbc712@group-F307A16A3B83:t1, leader=null, voted=0abd910a-099e-433f-90a2-1c025d1dc7f3, raftlog=Memoized:21006111-8cd4-4582-9969-7940c2dbc712@group-F307A16A3B83-SegmentedRaftLog:OPENED:c-1, conf=-1: peers:[c612d8d5-a02f-487c-9690-98407afc9b63|rpc:10.1.0.18:38341|dataStream:10.1.0.18:46343|priority:0|startupRole:FOLLOWER, 21006111-8cd4-4582-9969-7940c2dbc712|rpc:10.1.0.18:37223|dataStream:10.1.0.18:39239|priority:0|startupRole:FOLLOWER, 0abd910a-099e-433f-90a2-1c025d1dc7f3|rpc:10.1.0.18:34751|dataStream:10.1.0.18:36347|priority:1|startupRole:FOLLOWER]|listeners:[], old=null
2023-03-15 05:44:46,014 [21006111-8cd4-4582-9969-7940c2dbc712-server-thread2] INFO  ratis.XceiverServerRatis (XceiverServerRatis.java:handleLeaderChangedNotification(905)) - Leader change notification received for group: group-F307A16A3B83 with new leaderId: 0abd910a-099e-433f-90a2-1c025d1dc7f3
2023-03-15 05:44:46,014 [21006111-8cd4-4582-9969-7940c2dbc712-server-thread2] INFO  server.RaftServer$Division (ServerState.java:setLeader(313)) - 21006111-8cd4-4582-9969-7940c2dbc712@group-F307A16A3B83: change Leader from null to 0abd910a-099e-433f-90a2-1c025d1dc7f3 at term 1 for appendEntries, leader elected after 5173ms
2023-03-15 05:44:46,024 [c612d8d5-a02f-487c-9690-98407afc9b63-server-thread1] INFO  ratis.XceiverServerRatis (XceiverServerRatis.java:handleLeaderChangedNotification(905)) - Leader change notification received for group: group-F307A16A3B83 with new leaderId: 0abd910a-099e-433f-90a2-1c025d1dc7f3
2023-03-15 05:44:46,024 [c612d8d5-a02f-487c-9690-98407afc9b63-server-thread1] INFO  server.RaftServer$Division (ServerState.java:setLeader(313)) - c612d8d5-a02f-487c-9690-98407afc9b63@group-F307A16A3B83: change Leader from null to 0abd910a-099e-433f-90a2-1c025d1dc7f3 at term 1 for appendEntries, leader elected after 5123ms
2023-03-15 05:44:46,025 [grpc-default-executor-2] INFO  server.RaftServer$Division (RaftServerImpl.java:requestVote(1218)) - c612d8d5-a02f-487c-9690-98407afc9b63@group-DEFB60CF163A: receive requestVote(ELECTION, 21006111-8cd4-4582-9969-7940c2dbc712, group-DEFB60CF163A, 1, (t:0, i:0))
2023-03-15 05:44:46,025 [grpc-default-executor-2] INFO  impl.VoteContext (VoteContext.java:log(49)) - c612d8d5-a02f-487c-9690-98407afc9b63@group-DEFB60CF163A-FOLLOWER: accept ELECTION from 21006111-8cd4-4582-9969-7940c2dbc712: our priority 0 <= candidate's priority 1
2023-03-15 05:44:46,025 [grpc-default-executor-2] INFO  server.RaftServer$Division (RaftServerImpl.java:setRole(321)) - c612d8d5-a02f-487c-9690-98407afc9b63@group-DEFB60CF163A: changes role from  FOLLOWER to FOLLOWER at term 1 for candidate:21006111-8cd4-4582-9969-7940c2dbc712
2023-03-15 05:44:46,025 [grpc-default-executor-2] INFO  impl.RoleInfo (RoleInfo.java:shutdownFollowerState(110)) - c612d8d5-a02f-487c-9690-98407afc9b63: shutdown c612d8d5-a02f-487c-9690-98407afc9b63@group-DEFB60CF163A-FollowerState
2023-03-15 05:44:46,028 [grpc-default-executor-2] INFO  impl.RoleInfo (RoleInfo.java:updateAndGet(139)) - c612d8d5-a02f-487c-9690-98407afc9b63: start c612d8d5-a02f-487c-9690-98407afc9b63@group-DEFB60CF163A-FollowerState
2023-03-15 05:44:46,028 [c612d8d5-a02f-487c-9690-98407afc9b63@group-DEFB60CF163A-FollowerState] INFO  impl.FollowerState (FollowerState.java:run(152)) - c612d8d5-a02f-487c-9690-98407afc9b63@group-DEFB60CF163A-FollowerState was interrupted
2023-03-15 05:44:46,029 [grpc-default-executor-2] INFO  server.RaftServer$Division (RaftServerImpl.java:requestVote(1251)) - c612d8d5-a02f-487c-9690-98407afc9b63@group-DEFB60CF163A replies to ELECTION vote request: 21006111-8cd4-4582-9969-7940c2dbc712<-c612d8d5-a02f-487c-9690-98407afc9b63#0:OK-t1. Peer's state: c612d8d5-a02f-487c-9690-98407afc9b63@group-DEFB60CF163A:t1, leader=null, voted=21006111-8cd4-4582-9969-7940c2dbc712, raftlog=Memoized:c612d8d5-a02f-487c-9690-98407afc9b63@group-DEFB60CF163A-SegmentedRaftLog:OPENED:c-1, conf=-1: peers:[c612d8d5-a02f-487c-9690-98407afc9b63|rpc:10.1.0.18:38341|dataStream:10.1.0.18:46343|priority:0|startupRole:FOLLOWER, 21006111-8cd4-4582-9969-7940c2dbc712|rpc:10.1.0.18:37223|dataStream:10.1.0.18:39239|priority:1|startupRole:FOLLOWER, 0abd910a-099e-433f-90a2-1c025d1dc7f3|rpc:10.1.0.18:34751|dataStream:10.1.0.18:36347|priority:0|startupRole:FOLLOWER]|listeners:[], old=null
2023-03-15 05:44:46,030 [c612d8d5-a02f-487c-9690-98407afc9b63-server-thread2] INFO  server.RaftServer$Division (ServerState.java:setRaftConf(430)) - c612d8d5-a02f-487c-9690-98407afc9b63@group-F307A16A3B83: set configuration 0: peers:[c612d8d5-a02f-487c-9690-98407afc9b63|rpc:10.1.0.18:38341|dataStream:10.1.0.18:46343|priority:0|startupRole:FOLLOWER, 21006111-8cd4-4582-9969-7940c2dbc712|rpc:10.1.0.18:37223|dataStream:10.1.0.18:39239|priority:0|startupRole:FOLLOWER, 0abd910a-099e-433f-90a2-1c025d1dc7f3|rpc:10.1.0.18:34751|dataStream:10.1.0.18:36347|priority:1|startupRole:FOLLOWER]|listeners:[], old=null
2023-03-15 05:44:46,030 [c612d8d5-a02f-487c-9690-98407afc9b63-server-thread2] INFO  segmented.SegmentedRaftLogWorker (SegmentedRaftLogWorker.java:startLogSegment(452)) - c612d8d5-a02f-487c-9690-98407afc9b63@group-F307A16A3B83-SegmentedRaftLogWorker: Starting segment from index:0
2023-03-15 05:44:46,031 [21006111-8cd4-4582-9969-7940c2dbc712@group-DEFB60CF163A-LeaderElection12] INFO  impl.LeaderElection (LeaderElection.java:logAndReturn(90)) - 21006111-8cd4-4582-9969-7940c2dbc712@group-DEFB60CF163A-LeaderElection12: ELECTION PASSED received 1 response(s) and 0 exception(s):
2023-03-15 05:44:46,031 [21006111-8cd4-4582-9969-7940c2dbc712@group-DEFB60CF163A-LeaderElection12] INFO  impl.LeaderElection (LeaderElection.java:logAndReturn(94)) -   Response 0: 21006111-8cd4-4582-9969-7940c2dbc712<-c612d8d5-a02f-487c-9690-98407afc9b63#0:OK-t1
2023-03-15 05:44:46,031 [21006111-8cd4-4582-9969-7940c2dbc712@group-DEFB60CF163A-LeaderElection12] INFO  impl.LeaderElection (LeaderElection.java:askForVotes(314)) - 21006111-8cd4-4582-9969-7940c2dbc712@group-DEFB60CF163A-LeaderElection12 ELECTION round 0: result PASSED
2023-03-15 05:44:46,031 [21006111-8cd4-4582-9969-7940c2dbc712@group-DEFB60CF163A-LeaderElection12] INFO  impl.RoleInfo (RoleInfo.java:shutdownLeaderElection(130)) - 21006111-8cd4-4582-9969-7940c2dbc712: shutdown 21006111-8cd4-4582-9969-7940c2dbc712@group-DEFB60CF163A-LeaderElection12
2023-03-15 05:44:46,031 [21006111-8cd4-4582-9969-7940c2dbc712@group-DEFB60CF163A-LeaderElection12] INFO  server.RaftServer$Division (RaftServerImpl.java:setRole(321)) - 21006111-8cd4-4582-9969-7940c2dbc712@group-DEFB60CF163A: changes role from CANDIDATE to LEADER at term 1 for changeToLeader
2023-03-15 05:44:46,031 [21006111-8cd4-4582-9969-7940c2dbc712@group-DEFB60CF163A-LeaderElection12] INFO  ratis.XceiverServerRatis (XceiverServerRatis.java:handleLeaderChangedNotification(905)) - Leader change notification received for group: group-DEFB60CF163A with new leaderId: 21006111-8cd4-4582-9969-7940c2dbc712
2023-03-15 05:44:46,031 [21006111-8cd4-4582-9969-7940c2dbc712@group-DEFB60CF163A-LeaderElection12] INFO  server.RaftServer$Division (ServerState.java:setLeader(313)) - 21006111-8cd4-4582-9969-7940c2dbc712@group-DEFB60CF163A: change Leader from null to 21006111-8cd4-4582-9969-7940c2dbc712 at term 1 for becomeLeader, leader elected after 5286ms
2023-03-15 05:44:46,031 [21006111-8cd4-4582-9969-7940c2dbc712@group-DEFB60CF163A-LeaderElection12] INFO  server.RaftServerConfigKeys (ConfUtils.java:logGet(46)) - raft.server.staging.catchup.gap = 1000 (default)
2023-03-15 05:44:46,031 [21006111-8cd4-4582-9969-7940c2dbc712@group-DEFB60CF163A-LeaderElection12] INFO  server.RaftServerConfigKeys (ConfUtils.java:logGet(46)) - raft.server.write.element-limit = 1024 (custom)
2023-03-15 05:44:46,031 [21006111-8cd4-4582-9969-7940c2dbc712@group-DEFB60CF163A-LeaderElection12] INFO  server.RaftServerConfigKeys (ConfUtils.java:logGet(46)) - raft.server.write.byte-limit = 1024 M (=1073741824) (custom)
2023-03-15 05:44:46,032 [c612d8d5-a02f-487c-9690-98407afc9b63@group-F307A16A3B83-SegmentedRaftLogWorker] INFO  segmented.SegmentedRaftLogWorker (SegmentedRaftLogWorker.java:execute(656)) - c612d8d5-a02f-487c-9690-98407afc9b63@group-F307A16A3B83-SegmentedRaftLogWorker: created new log segment /home/runner/work/ozone/ozone/hadoop-ozone/integration-test/target/test-dir/MiniOzoneClusterImpl-f3f3c3ea-d6fe-44d8-a21f-130fd89482f1/datanode-2/data/ratis/5157f040-aeaf-454c-93b2-f307a16a3b83/current/log_inprogress_0
2023-03-15 05:44:46,033 [EventQueue-PipelineReportForPipelineReportHandler] INFO  pipeline.PipelineManagerImpl (PipelineManagerImpl.java:openPipeline(367)) - Pipeline Pipeline[ Id: c4468dee-5aa6-4bd8-9f90-defb60cf163a, Nodes: c612d8d5-a02f-487c-9690-98407afc9b63(fv-az390-885.2udvygdcjcjuphbbpa4zxtqymb.gx.internal.cloudapp.net/10.1.0.18)21006111-8cd4-4582-9969-7940c2dbc712(fv-az390-885.2udvygdcjcjuphbbpa4zxtqymb.gx.internal.cloudapp.net/10.1.0.18)0abd910a-099e-433f-90a2-1c025d1dc7f3(fv-az390-885.2udvygdcjcjuphbbpa4zxtqymb.gx.internal.cloudapp.net/10.1.0.18), ReplicationConfig: RATIS/THREE, State:ALLOCATED, leaderId:21006111-8cd4-4582-9969-7940c2dbc712, CreationTimestamp2023-03-15T05:44:38.413Z[Etc/UTC]] moved to OPEN state
2023-03-15 05:44:46,033 [21006111-8cd4-4582-9969-7940c2dbc712@group-DEFB60CF163A-LeaderElection12] INFO  server.RaftServerConfigKeys (ConfUtils.java:logGet(46)) - raft.server.watch.timeout = 180s (custom)
2023-03-15 05:44:46,033 [21006111-8cd4-4582-9969-7940c2dbc712@group-DEFB60CF163A-LeaderElection12] INFO  server.RaftServerConfigKeys (ConfUtils.java:logGet(46)) - raft.server.watch.timeout.denomination = 1s (default)
2023-03-15 05:44:46,034 [21006111-8cd4-4582-9969-7940c2dbc712@group-DEFB60CF163A-LeaderElection12] INFO  server.RaftServerConfigKeys (ConfUtils.java:logGet(46)) - raft.server.watch.element-limit = 65536 (default)
2023-03-15 05:44:46,034 [21006111-8cd4-4582-9969-7940c2dbc712@group-DEFB60CF163A-LeaderElection12] INFO  server.RaftServerConfigKeys (ConfUtils.java:logGet(46)) - raft.server.write.element-limit = 1024 (custom)
2023-03-15 05:44:46,034 [21006111-8cd4-4582-9969-7940c2dbc712@group-DEFB60CF163A-LeaderElection12] INFO  server.RaftServerConfigKeys (ConfUtils.java:logGet(46)) - raft.server.write.follower.gap.ratio.max = -1.0 (default)
2023-03-15 05:44:46,034 [21006111-8cd4-4582-9969-7940c2dbc712@group-DEFB60CF163A-LeaderElection12] INFO  server.RaftServerConfigKeys (ConfUtils.java:logGet(46)) - raft.server.log.appender.snapshot.chunk.size.max = 16MB (=16777216) (default)
2023-03-15 05:44:46,034 [21006111-8cd4-4582-9969-7940c2dbc712@group-DEFB60CF163A-LeaderElection12] INFO  server.RaftServerConfigKeys (ConfUtils.java:logGet(46)) - raft.server.log.appender.buffer.byte-limit = 33554432 (custom)
2023-03-15 05:44:46,034 [21006111-8cd4-4582-9969-7940c2dbc712@group-DEFB60CF163A-LeaderElection12] INFO  server.RaftServerConfigKeys (ConfUtils.java:logGet(46)) - raft.server.log.appender.buffer.element-limit = 1 (custom)
2023-03-15 05:44:46,034 [21006111-8cd4-4582-9969-7940c2dbc712@group-DEFB60CF163A-LeaderElection12] INFO  grpc.GrpcConfigKeys (ConfUtils.java:logGet(46)) - raft.grpc.server.leader.outstanding.appends.max = 128 (default)
2023-03-15 05:44:46,034 [21006111-8cd4-4582-9969-7940c2dbc712@group-DEFB60CF163A-LeaderElection12] INFO  server.RaftServerConfigKeys (ConfUtils.java:logGet(46)) - raft.server.rpc.request.timeout = 60s (custom)
2023-03-15 05:44:46,035 [21006111-8cd4-4582-9969-7940c2dbc712@group-DEFB60CF163A-LeaderElection12] INFO  server.RaftServerConfigKeys (ConfUtils.java:logGet(46)) - raft.server.log.appender.install.snapshot.enabled = false (custom)
2023-03-15 05:44:46,035 [21006111-8cd4-4582-9969-7940c2dbc712@group-DEFB60CF163A-LeaderElection12] INFO  grpc.GrpcConfigKeys (ConfUtils.java:logGet(46)) - raft.grpc.server.heartbeat.channel = true (default)
2023-03-15 05:44:46,035 [21006111-8cd4-4582-9969-7940c2dbc712@group-DEFB60CF163A-LeaderElection12] INFO  server.RaftServerConfigKeys (ConfUtils.java:logGet(46)) - raft.server.log.appender.wait-time.min = 10ms (default)
2023-03-15 05:44:46,035 [21006111-8cd4-4582-9969-7940c2dbc712@group-DEFB60CF163A-LeaderElection12] INFO  server.RaftServerConfigKeys (ConfUtils.java:logGet(46)) - raft.server.log.appender.snapshot.chunk.size.max = 16MB (=16777216) (default)
2023-03-15 05:44:46,035 [21006111-8cd4-4582-9969-7940c2dbc712@group-DEFB60CF163A-LeaderElection12] INFO  server.RaftServerConfigKeys (ConfUtils.java:logGet(46)) - raft.server.log.appender.buffer.byte-limit = 33554432 (custom)
2023-03-15 05:44:46,035 [21006111-8cd4-4582-9969-7940c2dbc712@group-DEFB60CF163A-LeaderElection12] INFO  server.RaftServerConfigKeys (ConfUtils.java:logGet(46)) - raft.server.log.appender.buffer.element-limit = 1 (custom)
2023-03-15 05:44:46,035 [21006111-8cd4-4582-9969-7940c2dbc712@group-DEFB60CF163A-LeaderElection12] INFO  grpc.GrpcConfigKeys (ConfUtils.java:logGet(46)) - raft.grpc.server.leader.outstanding.appends.max = 128 (default)
2023-03-15 05:44:46,035 [21006111-8cd4-4582-9969-7940c2dbc712@group-DEFB60CF163A-LeaderElection12] INFO  server.RaftServerConfigKeys (ConfUtils.java:logGet(46)) - raft.server.rpc.request.timeout = 60s (custom)
2023-03-15 05:44:46,035 [21006111-8cd4-4582-9969-7940c2dbc712@group-DEFB60CF163A-LeaderElection12] INFO  server.RaftServerConfigKeys (ConfUtils.java:logGet(46)) - raft.server.log.appender.install.snapshot.enabled = false (custom)
2023-03-15 05:44:46,035 [21006111-8cd4-4582-9969-7940c2dbc712@group-DEFB60CF163A-LeaderElection12] INFO  grpc.GrpcConfigKeys (ConfUtils.java:logGet(46)) - raft.grpc.server.heartbeat.channel = true (default)
2023-03-15 05:44:46,035 [21006111-8cd4-4582-9969-7940c2dbc712@group-DEFB60CF163A-LeaderElection12] INFO  server.RaftServerConfigKeys (ConfUtils.java:logGet(46)) - raft.server.log.appender.wait-time.min = 10ms (default)
2023-03-15 05:44:46,036 [21006111-8cd4-4582-9969-7940c2dbc712@group-DEFB60CF163A-LeaderElection12] INFO  impl.RoleInfo (RoleInfo.java:updateAndGet(139)) - 21006111-8cd4-4582-9969-7940c2dbc712: start 21006111-8cd4-4582-9969-7940c2dbc712@group-DEFB60CF163A-LeaderStateImpl
2023-03-15 05:44:46,036 [21006111-8cd4-4582-9969-7940c2dbc712@group-DEFB60CF163A-LeaderElection12] INFO  segmented.SegmentedRaftLogWorker (SegmentedRaftLogWorker.java:startLogSegment(452)) - 21006111-8cd4-4582-9969-7940c2dbc712@group-DEFB60CF163A-SegmentedRaftLogWorker: Starting segment from index:0
2023-03-15 05:44:46,037 [21006111-8cd4-4582-9969-7940c2dbc712@group-DEFB60CF163A-SegmentedRaftLogWorker] INFO  segmented.SegmentedRaftLogWorker (SegmentedRaftLogWorker.java:execute(656)) - 21006111-8cd4-4582-9969-7940c2dbc712@group-DEFB60CF163A-SegmentedRaftLogWorker: created new log segment /home/runner/work/ozone/ozone/hadoop-ozone/integration-test/target/test-dir/MiniOzoneClusterImpl-f3f3c3ea-d6fe-44d8-a21f-130fd89482f1/datanode-0/data/ratis/c4468dee-5aa6-4bd8-9f90-defb60cf163a/current/log_inprogress_0
2023-03-15 05:44:46,051 [21006111-8cd4-4582-9969-7940c2dbc712-server-thread1] INFO  server.RaftServer$Division (ServerState.java:setRaftConf(430)) - 21006111-8cd4-4582-9969-7940c2dbc712@group-F307A16A3B83: set configuration 0: peers:[c612d8d5-a02f-487c-9690-98407afc9b63|rpc:10.1.0.18:38341|dataStream:10.1.0.18:46343|priority:0|startupRole:FOLLOWER, 21006111-8cd4-4582-9969-7940c2dbc712|rpc:10.1.0.18:37223|dataStream:10.1.0.18:39239|priority:0|startupRole:FOLLOWER, 0abd910a-099e-433f-90a2-1c025d1dc7f3|rpc:10.1.0.18:34751|dataStream:10.1.0.18:36347|priority:1|startupRole:FOLLOWER]|listeners:[], old=null
2023-03-15 05:44:46,051 [21006111-8cd4-4582-9969-7940c2dbc712-server-thread1] INFO  segmented.SegmentedRaftLogWorker (SegmentedRaftLogWorker.java:startLogSegment(452)) - 21006111-8cd4-4582-9969-7940c2dbc712@group-F307A16A3B83-SegmentedRaftLogWorker: Starting segment from index:0
2023-03-15 05:44:46,052 [c612d8d5-a02f-487c-9690-98407afc9b63@group-DEFB60CF163A-FollowerState] INFO  server.RaftServerConfigKeys (ConfUtils.java:logFallback(53)) - raft.server.rpc.first-election.timeout.min = 5s (fallback to raft.server.rpc.timeout.min)
2023-03-15 05:44:46,052 [c612d8d5-a02f-487c-9690-98407afc9b63@group-DEFB60CF163A-FollowerState] INFO  server.RaftServerConfigKeys (ConfUtils.java:logFallback(53)) - raft.server.rpc.first-election.timeout.max = 5200ms (fallback to raft.server.rpc.timeout.max)
2023-03-15 05:44:46,053 [21006111-8cd4-4582-9969-7940c2dbc712@group-DEFB60CF163A-LeaderElection12] INFO  server.RaftServer$Division (ServerState.java:setRaftConf(430)) - 21006111-8cd4-4582-9969-7940c2dbc712@group-DEFB60CF163A: set configuration 0: peers:[c612d8d5-a02f-487c-9690-98407afc9b63|rpc:10.1.0.18:38341|dataStream:10.1.0.18:46343|priority:0|startupRole:FOLLOWER, 21006111-8cd4-4582-9969-7940c2dbc712|rpc:10.1.0.18:37223|dataStream:10.1.0.18:39239|priority:1|startupRole:FOLLOWER, 0abd910a-099e-433f-90a2-1c025d1dc7f3|rpc:10.1.0.18:34751|dataStream:10.1.0.18:36347|priority:0|startupRole:FOLLOWER]|listeners:[], old=null
2023-03-15 05:44:46,053 [grpc-default-executor-4] INFO  server.RaftServer$Division (RaftServerImpl.java:requestVote(1218)) - 0abd910a-099e-433f-90a2-1c025d1dc7f3@group-DEFB60CF163A: receive requestVote(ELECTION, 21006111-8cd4-4582-9969-7940c2dbc712, group-DEFB60CF163A, 1, (t:0, i:0))
2023-03-15 05:44:46,053 [grpc-default-executor-4] INFO  impl.VoteContext (VoteContext.java:log(49)) - 0abd910a-099e-433f-90a2-1c025d1dc7f3@group-DEFB60CF163A-FOLLOWER: accept ELECTION from 21006111-8cd4-4582-9969-7940c2dbc712: our priority 0 <= candidate's priority 1
2023-03-15 05:44:46,053 [grpc-default-executor-4] INFO  server.RaftServer$Division (RaftServerImpl.java:setRole(321)) - 0abd910a-099e-433f-90a2-1c025d1dc7f3@group-DEFB60CF163A: changes role from  FOLLOWER to FOLLOWER at term 1 for candidate:21006111-8cd4-4582-9969-7940c2dbc712
2023-03-15 05:44:46,053 [grpc-default-executor-4] INFO  impl.RoleInfo (RoleInfo.java:shutdownFollowerState(110)) - 0abd910a-099e-433f-90a2-1c025d1dc7f3: shutdown 0abd910a-099e-433f-90a2-1c025d1dc7f3@group-DEFB60CF163A-FollowerState
2023-03-15 05:44:46,053 [grpc-default-executor-4] INFO  impl.RoleInfo (RoleInfo.java:updateAndGet(139)) - 0abd910a-099e-433f-90a2-1c025d1dc7f3: start 0abd910a-099e-433f-90a2-1c025d1dc7f3@group-DEFB60CF163A-FollowerState
2023-03-15 05:44:46,053 [0abd910a-099e-433f-90a2-1c025d1dc7f3@group-DEFB60CF163A-FollowerState] INFO  impl.FollowerState (FollowerState.java:run(152)) - 0abd910a-099e-433f-90a2-1c025d1dc7f3@group-DEFB60CF163A-FollowerState was interrupted
2023-03-15 05:44:46,054 [21006111-8cd4-4582-9969-7940c2dbc712@group-F307A16A3B83-SegmentedRaftLogWorker] INFO  segmented.SegmentedRaftLogWorker (SegmentedRaftLogWorker.java:execute(656)) - 21006111-8cd4-4582-9969-7940c2dbc712@group-F307A16A3B83-SegmentedRaftLogWorker: created new log segment /home/runner/work/ozone/ozone/hadoop-ozone/integration-test/target/test-dir/MiniOzoneClusterImpl-f3f3c3ea-d6fe-44d8-a21f-130fd89482f1/datanode-0/data/ratis/5157f040-aeaf-454c-93b2-f307a16a3b83/current/log_inprogress_0
2023-03-15 05:44:46,062 [grpc-default-executor-4] INFO  server.RaftServer$Division (RaftServerImpl.java:requestVote(1251)) - 0abd910a-099e-433f-90a2-1c025d1dc7f3@group-DEFB60CF163A replies to ELECTION vote request: 21006111-8cd4-4582-9969-7940c2dbc712<-0abd910a-099e-433f-90a2-1c025d1dc7f3#0:OK-t1. Peer's state: 0abd910a-099e-433f-90a2-1c025d1dc7f3@group-DEFB60CF163A:t1, leader=null, voted=21006111-8cd4-4582-9969-7940c2dbc712, raftlog=Memoized:0abd910a-099e-433f-90a2-1c025d1dc7f3@group-DEFB60CF163A-SegmentedRaftLog:OPENED:c-1, conf=-1: peers:[c612d8d5-a02f-487c-9690-98407afc9b63|rpc:10.1.0.18:38341|dataStream:10.1.0.18:46343|priority:0|startupRole:FOLLOWER, 21006111-8cd4-4582-9969-7940c2dbc712|rpc:10.1.0.18:37223|dataStream:10.1.0.18:39239|priority:1|startupRole:FOLLOWER, 0abd910a-099e-433f-90a2-1c025d1dc7f3|rpc:10.1.0.18:34751|dataStream:10.1.0.18:36347|priority:0|startupRole:FOLLOWER]|listeners:[], old=null
2023-03-15 05:44:46,071 [0abd910a-099e-433f-90a2-1c025d1dc7f3@group-DEFB60CF163A-FollowerState] INFO  server.RaftServerConfigKeys (ConfUtils.java:logFallback(53)) - raft.server.rpc.first-election.timeout.min = 5s (fallback to raft.server.rpc.timeout.min)
2023-03-15 05:44:46,071 [0abd910a-099e-433f-90a2-1c025d1dc7f3@group-DEFB60CF163A-FollowerState] INFO  server.RaftServerConfigKeys (ConfUtils.java:logFallback(53)) - raft.server.rpc.first-election.timeout.max = 5200ms (fallback to raft.server.rpc.timeout.max)
2023-03-15 05:44:46,078 [c612d8d5-a02f-487c-9690-98407afc9b63-server-thread1] INFO  ratis.XceiverServerRatis (XceiverServerRatis.java:handleLeaderChangedNotification(905)) - Leader change notification received for group: group-DEFB60CF163A with new leaderId: 21006111-8cd4-4582-9969-7940c2dbc712
2023-03-15 05:44:46,078 [c612d8d5-a02f-487c-9690-98407afc9b63-server-thread1] INFO  server.RaftServer$Division (ServerState.java:setLeader(313)) - c612d8d5-a02f-487c-9690-98407afc9b63@group-DEFB60CF163A: change Leader from null to 21006111-8cd4-4582-9969-7940c2dbc712 at term 1 for appendEntries, leader elected after 5306ms
2023-03-15 05:44:46,104 [Listener at 127.0.0.1/39193] INFO  ozone.MiniOzoneClusterImpl (MiniOzoneClusterImpl.java:lambda$waitForClusterToBeReady$0(218)) - Nodes are ready. Got 5 of 5 DN Heartbeats.
2023-03-15 05:44:46,104 [Listener at 127.0.0.1/39193] INFO  ozone.MiniOzoneClusterImpl (MiniOzoneClusterImpl.java:lambda$waitForClusterToBeReady$0(221)) - Cluster exits safe mode
2023-03-15 05:44:46,104 [Listener at 127.0.0.1/39193] INFO  ozone.MiniOzoneClusterImpl (MiniOzoneClusterImpl.java:lambda$waitForClusterToBeReady$0(223)) - SCM became leader
2023-03-15 05:44:46,108 [0abd910a-099e-433f-90a2-1c025d1dc7f3-server-thread1] INFO  ratis.XceiverServerRatis (XceiverServerRatis.java:handleLeaderChangedNotification(905)) - Leader change notification received for group: group-DEFB60CF163A with new leaderId: 21006111-8cd4-4582-9969-7940c2dbc712
2023-03-15 05:44:46,108 [0abd910a-099e-433f-90a2-1c025d1dc7f3-server-thread1] INFO  server.RaftServer$Division (ServerState.java:setLeader(313)) - 0abd910a-099e-433f-90a2-1c025d1dc7f3@group-DEFB60CF163A: change Leader from null to 21006111-8cd4-4582-9969-7940c2dbc712 at term 1 for appendEntries, leader elected after 5292ms
2023-03-15 05:44:46,112 [0abd910a-099e-433f-90a2-1c025d1dc7f3-server-thread2] INFO  server.RaftServer$Division (ServerState.java:setRaftConf(430)) - 0abd910a-099e-433f-90a2-1c025d1dc7f3@group-DEFB60CF163A: set configuration 0: peers:[c612d8d5-a02f-487c-9690-98407afc9b63|rpc:10.1.0.18:38341|dataStream:10.1.0.18:46343|priority:0|startupRole:FOLLOWER, 21006111-8cd4-4582-9969-7940c2dbc712|rpc:10.1.0.18:37223|dataStream:10.1.0.18:39239|priority:1|startupRole:FOLLOWER, 0abd910a-099e-433f-90a2-1c025d1dc7f3|rpc:10.1.0.18:34751|dataStream:10.1.0.18:36347|priority:0|startupRole:FOLLOWER]|listeners:[], old=null
2023-03-15 05:44:46,112 [0abd910a-099e-433f-90a2-1c025d1dc7f3-server-thread2] INFO  segmented.SegmentedRaftLogWorker (SegmentedRaftLogWorker.java:startLogSegment(452)) - 0abd910a-099e-433f-90a2-1c025d1dc7f3@group-DEFB60CF163A-SegmentedRaftLogWorker: Starting segment from index:0
2023-03-15 05:44:46,129 [0abd910a-099e-433f-90a2-1c025d1dc7f3@group-DEFB60CF163A-SegmentedRaftLogWorker] INFO  segmented.SegmentedRaftLogWorker (SegmentedRaftLogWorker.java:execute(656)) - 0abd910a-099e-433f-90a2-1c025d1dc7f3@group-DEFB60CF163A-SegmentedRaftLogWorker: created new log segment /home/runner/work/ozone/ozone/hadoop-ozone/integration-test/target/test-dir/MiniOzoneClusterImpl-f3f3c3ea-d6fe-44d8-a21f-130fd89482f1/datanode-1/data/ratis/c4468dee-5aa6-4bd8-9f90-defb60cf163a/current/log_inprogress_0
2023-03-15 05:44:46,140 [c612d8d5-a02f-487c-9690-98407afc9b63-server-thread3] INFO  server.RaftServer$Division (ServerState.java:setRaftConf(430)) - c612d8d5-a02f-487c-9690-98407afc9b63@group-DEFB60CF163A: set configuration 0: peers:[c612d8d5-a02f-487c-9690-98407afc9b63|rpc:10.1.0.18:38341|dataStream:10.1.0.18:46343|priority:0|startupRole:FOLLOWER, 21006111-8cd4-4582-9969-7940c2dbc712|rpc:10.1.0.18:37223|dataStream:10.1.0.18:39239|priority:1|startupRole:FOLLOWER, 0abd910a-099e-433f-90a2-1c025d1dc7f3|rpc:10.1.0.18:34751|dataStream:10.1.0.18:36347|priority:0|startupRole:FOLLOWER]|listeners:[], old=null
2023-03-15 05:44:46,140 [c612d8d5-a02f-487c-9690-98407afc9b63-server-thread3] INFO  segmented.SegmentedRaftLogWorker (SegmentedRaftLogWorker.java:startLogSegment(452)) - c612d8d5-a02f-487c-9690-98407afc9b63@group-DEFB60CF163A-SegmentedRaftLogWorker: Starting segment from index:0
2023-03-15 05:44:46,142 [c612d8d5-a02f-487c-9690-98407afc9b63@group-DEFB60CF163A-SegmentedRaftLogWorker] INFO  segmented.SegmentedRaftLogWorker (SegmentedRaftLogWorker.java:execute(656)) - c612d8d5-a02f-487c-9690-98407afc9b63@group-DEFB60CF163A-SegmentedRaftLogWorker: created new log segment /home/runner/work/ozone/ozone/hadoop-ozone/integration-test/target/test-dir/MiniOzoneClusterImpl-f3f3c3ea-d6fe-44d8-a21f-130fd89482f1/datanode-2/data/ratis/c4468dee-5aa6-4bd8-9f90-defb60cf163a/current/log_inprogress_0
2023-03-15 05:44:46,158 [Listener at 127.0.0.1/39193] INFO  rpc.RpcClient (RpcClient.java:createVolume(476)) - Creating Volume: volume61968, with user31103 as owner and space quota set to -1 bytes, counts quota set to -1
2023-03-15 05:44:46,160 [IPC Server handler 3 on default port 39193] INFO  volume.OMVolumeCreateRequest (OMVolumeCreateRequest.java:validateAndUpdateCache(195)) - created volume:volume61968 for user:user31103
2023-03-15 05:44:46,167 [Listener at 127.0.0.1/39193] INFO  rpc.RpcClient (RpcClient.java:createBucket(698)) - Creating Bucket: volume61968/bucket63791, with bucket layout FILE_SYSTEM_OPTIMIZED, runner as owner, Versioning false, Storage Type set to DISK and Encryption set to false, Replication Type set to server-side default replication type, Namespace Quota set to -1, Space Quota set to -1 
2023-03-15 05:44:46,169 [IPC Server handler 4 on default port 39193] INFO  bucket.OMBucketCreateRequest (OMBucketCreateRequest.java:validateAndUpdateCache(263)) - created bucket: bucket63791 of layout FILE_SYSTEM_OPTIMIZED in volume: volume61968
2023-03-15 05:44:46,198 [Time-limited test] INFO  ozone.TestOzoneFileSystemWithFSO (TestOzoneFileSystemWithFSO.java:testRenameDirToItsOwnSubDir(318)) - Created dir1 o3fs://bucket63791.volume61968/root/dir1/sub_dir1
2023-03-15 05:44:46,198 [Time-limited test] INFO  ozone.TestOzoneFileSystemWithFSO (TestOzoneFileSystemWithFSO.java:testRenameDirToItsOwnSubDir(321)) - Rename op-> source:o3fs://bucket63791.volume61968/root to destin:o3fs://bucket63791.volume61968/root/dir1/sub_dir1
05:44:46.203 [IPC Server handler 10 on default port 39193] ERROR OMAudit - user=runner | ip=127.0.0.1 | op=RENAME_KEY {volume=volume61968, bucket=bucket63791, dataSize=0, replicationType=NONE, replicationFactor=ZERO, srcKey=root, dstKey=root/dir1/sub_dir1} | ret=FAILURE
org.apache.hadoop.ozone.om.exceptions.OMException: Cannot rename a directory to its own subdirectory
	at org.apache.hadoop.ozone.om.request.file.OMFileRequest.verifyToDirIsASubDirOfFromDirectory(OMFileRequest.java:788) ~[ozone-manager-1.4.0-SNAPSHOT.jar:?]
	at org.apache.hadoop.ozone.om.request.key.OMKeyRenameRequestWithFSO.validateAndUpdateCache(OMKeyRenameRequestWithFSO.java:145) ~[ozone-manager-1.4.0-SNAPSHOT.jar:?]
	at org.apache.hadoop.ozone.protocolPB.OzoneManagerRequestHandler.handleWriteRequest(OzoneManagerRequestHandler.java:337) ~[ozone-manager-1.4.0-SNAPSHOT.jar:?]
	at org.apache.hadoop.ozone.protocolPB.OzoneManagerProtocolServerSideTranslatorPB.submitRequestDirectlyToOM(OzoneManagerProtocolServerSideTranslatorPB.java:278) ~[ozone-manager-1.4.0-SNAPSHOT.jar:?]
	at org.apache.hadoop.ozone.protocolPB.OzoneManagerProtocolServerSideTranslatorPB.processRequest(OzoneManagerProtocolServerSideTranslatorPB.java:173) ~[ozone-manager-1.4.0-SNAPSHOT.jar:?]
	at org.apache.hadoop.hdds.server.OzoneProtocolMessageDispatcher.processRequest(OzoneProtocolMessageDispatcher.java:87) [hdds-server-framework-1.4.0-SNAPSHOT.jar:?]
	at org.apache.hadoop.ozone.protocolPB.OzoneManagerProtocolServerSideTranslatorPB.submitRequest(OzoneManagerProtocolServerSideTranslatorPB.java:147) [ozone-manager-1.4.0-SNAPSHOT.jar:?]
	at org.apache.hadoop.ozone.protocol.proto.OzoneManagerProtocolProtos$OzoneManagerService$2.callBlockingMethod(OzoneManagerProtocolProtos.java) [ozone-interface-client-1.4.0-SNAPSHOT.jar:?]
	at org.apache.hadoop.ipc.ProtobufRpcEngine$Server.processCall(ProtobufRpcEngine.java:465) [hadoop-common-3.3.4.jar:?]
	at org.apache.hadoop.ipc.ProtobufRpcEngine2$Server$ProtoBufRpcInvoker.call(ProtobufRpcEngine2.java:578) [hadoop-common-3.3.4.jar:?]
	at org.apache.hadoop.ipc.ProtobufRpcEngine2$Server$ProtoBufRpcInvoker.call(ProtobufRpcEngine2.java:556) [hadoop-common-3.3.4.jar:?]
	at org.apache.hadoop.ipc.RPC$Server.call(RPC.java:1093) [hadoop-common-3.3.4.jar:?]
	at org.apache.hadoop.ipc.Server$RpcCall.run(Server.java:1043) [hadoop-common-3.3.4.jar:?]
	at org.apache.hadoop.ipc.Server$RpcCall.run(Server.java:971) [hadoop-common-3.3.4.jar:?]
	at java.security.AccessController.doPrivileged(Native Method) ~[?:1.8.0_362]
	at javax.security.auth.Subject.doAs(Subject.java:422) [?:1.8.0_362]
	at org.apache.hadoop.security.UserGroupInformation.doAs(UserGroupInformation.java:1878) [hadoop-common-3.3.4.jar:?]
	at org.apache.hadoop.ipc.Server$Handler.run(Server.java:2976) [hadoop-common-3.3.4.jar:?]
2023-03-15 05:44:46,203 [IPC Server handler 10 on default port 39193] ERROR key.OMKeyRenameRequestWithFSO (OMKeyRenameRequestWithFSO.java:validateAndUpdateCache(235)) - Rename key failed for volume:volume61968 bucket:bucket63791 fromKey:root toKey:root/dir1/sub_dir1. Key: root not found.
2023-03-15 05:44:46,207 [Time-limited test] ERROR ozone.BasicOzoneFileSystem (BasicOzoneFileSystem.java:renameFSO(448)) - rename key failed: Cannot rename a directory to its own subdirectory. Error code: KEY_RENAME_ERROR source:root, destin:root/dir1/sub_dir1
]]></system-out>
  </testcase>
  <testcase name="testGetDirectoryModificationTime" classname="TestOzoneFileSystemWithFSO" time="0">
    <skipped message="HDDS-2939"/>
  </testcase>
  <testcase name="testGetDirectoryModificationTime" classname="TestOzoneFileSystemWithFSO" time="0">
    <skipped message="HDDS-2939"/>
  </testcase>
  <testcase name="testOzoneFsServiceLoader" classname="TestOzoneFileSystemWithFSO" time="0">
    <skipped message="HDDS-2939"/>
  </testcase>
  <testcase name="testOzoneFsServiceLoader" classname="TestOzoneFileSystemWithFSO" time="0">
    <skipped message="HDDS-2939"/>
  </testcase>
  <testcase name="testRenameParentDirModificationTime" classname="TestOzoneFileSystemWithFSO" time="0.168">
    <system-out><![CDATA[2023-03-15 05:43:58,488 [IPC Server handler 0 on default port 34451] INFO  ha.SequenceIdGenerator (SequenceIdGenerator.java:getNextId(128)) - Allocate a batch for containerId, change lastId from 0 to 1000.
2023-03-15 05:43:58,498 [IPC Server handler 0 on default port 34451] WARN  ha.SequenceIdGenerator (SequenceIdGenerator.java:allocateBatch(237)) - Failed to allocate a batch for localId, expected lastId is 0, actual lastId is 111677748019200000.
2023-03-15 05:43:58,498 [IPC Server handler 0 on default port 34451] INFO  ha.SequenceIdGenerator (SequenceIdGenerator.java:getNextId(128)) - Allocate a batch for localId, change lastId from 111677748019200000 to 111677748019201000.
2023-03-15 05:43:58,551 [OM StateMachine ApplyTransaction Thread - 0] INFO  key.OMKeyRequest (OMKeyRequest.java:wrapUncommittedBlocksAsPseudoKey(838)) - Detect allocated but uncommitted blocks [{blockID={containerID=1, localID=111677748019200001}, length=4194304, offset=0, token=null, pipeline=null, createVersion=0, partNumber=0}] in key dir1/file1.
]]></system-out>
  </testcase>
  <testcase name="testRenameParentDirModificationTime" classname="TestOzoneFileSystemWithFSO" time="0.037">
    <system-out><![CDATA[2023-03-15 05:44:46,230 [IPC Server handler 1 on default port 33291] INFO  ha.SequenceIdGenerator (SequenceIdGenerator.java:getNextId(128)) - Allocate a batch for containerId, change lastId from 0 to 1000.
2023-03-15 05:44:46,231 [IPC Server handler 1 on default port 33291] WARN  ha.SequenceIdGenerator (SequenceIdGenerator.java:allocateBatch(237)) - Failed to allocate a batch for localId, expected lastId is 0, actual lastId is 111677748019200000.
2023-03-15 05:44:46,231 [IPC Server handler 1 on default port 33291] INFO  ha.SequenceIdGenerator (SequenceIdGenerator.java:getNextId(128)) - Allocate a batch for localId, change lastId from 111677748019200000 to 111677748019201000.
2023-03-15 05:44:46,239 [IPC Server handler 16 on default port 39193] INFO  key.OMKeyRequest (OMKeyRequest.java:wrapUncommittedBlocksAsPseudoKey(838)) - Detect allocated but uncommitted blocks [{blockID={containerID=1, localID=111677748019200001}, length=4194304, offset=0, token=null, pipeline=null, createVersion=0, partNumber=0}] in key dir1/file1.
2023-03-15 05:44:46,255 [0abd910a-099e-433f-90a2-1c025d1dc7f3@group-203A7EA13C7C-FollowerState] INFO  impl.FollowerState (FollowerState.java:run(143)) - 0abd910a-099e-433f-90a2-1c025d1dc7f3@group-203A7EA13C7C-FollowerState: change to CANDIDATE, lastRpcElapsedTime:5173440336ns, electionTimeout:5168ms
2023-03-15 05:44:46,255 [0abd910a-099e-433f-90a2-1c025d1dc7f3@group-203A7EA13C7C-FollowerState] INFO  impl.RoleInfo (RoleInfo.java:shutdownFollowerState(110)) - 0abd910a-099e-433f-90a2-1c025d1dc7f3: shutdown 0abd910a-099e-433f-90a2-1c025d1dc7f3@group-203A7EA13C7C-FollowerState
2023-03-15 05:44:46,255 [0abd910a-099e-433f-90a2-1c025d1dc7f3@group-203A7EA13C7C-FollowerState] INFO  server.RaftServer$Division (RaftServerImpl.java:setRole(321)) - 0abd910a-099e-433f-90a2-1c025d1dc7f3@group-203A7EA13C7C: changes role from  FOLLOWER to CANDIDATE at term 0 for changeToCandidate
2023-03-15 05:44:46,255 [0abd910a-099e-433f-90a2-1c025d1dc7f3@group-203A7EA13C7C-FollowerState] INFO  server.RaftServerConfigKeys (ConfUtils.java:logGet(46)) - raft.server.leaderelection.pre-vote = true (default)
2023-03-15 05:44:46,255 [0abd910a-099e-433f-90a2-1c025d1dc7f3@group-203A7EA13C7C-FollowerState] INFO  impl.RoleInfo (RoleInfo.java:updateAndGet(139)) - 0abd910a-099e-433f-90a2-1c025d1dc7f3: start 0abd910a-099e-433f-90a2-1c025d1dc7f3@group-203A7EA13C7C-LeaderElection14
]]></system-out>
  </testcase>
  <testcase name="testListFilesRecursive" classname="TestOzoneFileSystemWithFSO" time="0.095">
    <system-out><![CDATA[2023-03-15 05:43:58,639 [OM StateMachine ApplyTransaction Thread - 0] INFO  key.OMKeyRequest (OMKeyRequest.java:wrapUncommittedBlocksAsPseudoKey(838)) - Detect allocated but uncommitted blocks [{blockID={containerID=2, localID=111677748019200002}, length=4194304, offset=0, token=null, pipeline=null, createVersion=0, partNumber=0}] in key d1/d1/d2/key1.
2023-03-15 05:43:58,653 [OM StateMachine ApplyTransaction Thread - 0] INFO  key.OMKeyRequest (OMKeyRequest.java:wrapUncommittedBlocksAsPseudoKey(838)) - Detect allocated but uncommitted blocks [{blockID={containerID=3, localID=111677748019200003}, length=4194304, offset=0, token=null, pipeline=null, createVersion=0, partNumber=0}] in key key1.
2023-03-15 05:43:58,666 [OM StateMachine ApplyTransaction Thread - 0] INFO  key.OMKeyRequest (OMKeyRequest.java:wrapUncommittedBlocksAsPseudoKey(838)) - Detect allocated but uncommitted blocks [{blockID={containerID=4, localID=111677748019200004}, length=4194304, offset=0, token=null, pipeline=null, createVersion=0, partNumber=0}] in key key2.
2023-03-15 05:43:58,676 [OM StateMachine ApplyTransaction Thread - 0] INFO  key.OMKeyRequest (OMKeyRequest.java:wrapUncommittedBlocksAsPseudoKey(838)) - Detect allocated but uncommitted blocks [{blockID={containerID=3, localID=111677748019200005}, length=4194304, offset=0, token=null, pipeline=null, createVersion=0, partNumber=0}] in key d1/d2/d1/d2/key1.
]]></system-out>
  </testcase>
  <testcase name="testListFilesRecursive" classname="TestOzoneFileSystemWithFSO" time="0.055">
    <system-out><![CDATA[2023-03-15 05:44:46,273 [0abd910a-099e-433f-90a2-1c025d1dc7f3@group-203A7EA13C7C-LeaderElection14] INFO  impl.LeaderElection (LeaderElection.java:askForVotes(312)) - 0abd910a-099e-433f-90a2-1c025d1dc7f3@group-203A7EA13C7C-LeaderElection14 PRE_VOTE round 0: submit vote requests at term 0 for -1: peers:[0abd910a-099e-433f-90a2-1c025d1dc7f3|rpc:10.1.0.18:34751|dataStream:10.1.0.18:36347|priority:1|startupRole:FOLLOWER]|listeners:[], old=null
2023-03-15 05:44:46,274 [0abd910a-099e-433f-90a2-1c025d1dc7f3@group-203A7EA13C7C-LeaderElection14] INFO  impl.LeaderElection (LeaderElection.java:askForVotes(314)) - 0abd910a-099e-433f-90a2-1c025d1dc7f3@group-203A7EA13C7C-LeaderElection14 PRE_VOTE round 0: result PASSED (term=0)
2023-03-15 05:44:46,276 [0abd910a-099e-433f-90a2-1c025d1dc7f3@group-203A7EA13C7C-LeaderElection14] INFO  impl.LeaderElection (LeaderElection.java:askForVotes(312)) - 0abd910a-099e-433f-90a2-1c025d1dc7f3@group-203A7EA13C7C-LeaderElection14 ELECTION round 0: submit vote requests at term 1 for -1: peers:[0abd910a-099e-433f-90a2-1c025d1dc7f3|rpc:10.1.0.18:34751|dataStream:10.1.0.18:36347|priority:1|startupRole:FOLLOWER]|listeners:[], old=null
2023-03-15 05:44:46,276 [0abd910a-099e-433f-90a2-1c025d1dc7f3@group-203A7EA13C7C-LeaderElection14] INFO  impl.LeaderElection (LeaderElection.java:askForVotes(314)) - 0abd910a-099e-433f-90a2-1c025d1dc7f3@group-203A7EA13C7C-LeaderElection14 ELECTION round 0: result PASSED (term=1)
2023-03-15 05:44:46,276 [0abd910a-099e-433f-90a2-1c025d1dc7f3@group-203A7EA13C7C-LeaderElection14] INFO  impl.RoleInfo (RoleInfo.java:shutdownLeaderElection(130)) - 0abd910a-099e-433f-90a2-1c025d1dc7f3: shutdown 0abd910a-099e-433f-90a2-1c025d1dc7f3@group-203A7EA13C7C-LeaderElection14
2023-03-15 05:44:46,276 [0abd910a-099e-433f-90a2-1c025d1dc7f3@group-203A7EA13C7C-LeaderElection14] INFO  server.RaftServer$Division (RaftServerImpl.java:setRole(321)) - 0abd910a-099e-433f-90a2-1c025d1dc7f3@group-203A7EA13C7C: changes role from CANDIDATE to LEADER at term 1 for changeToLeader
2023-03-15 05:44:46,276 [0abd910a-099e-433f-90a2-1c025d1dc7f3@group-203A7EA13C7C-LeaderElection14] INFO  ratis.XceiverServerRatis (XceiverServerRatis.java:handleLeaderChangedNotification(905)) - Leader change notification received for group: group-203A7EA13C7C with new leaderId: 0abd910a-099e-433f-90a2-1c025d1dc7f3
2023-03-15 05:44:46,276 [0abd910a-099e-433f-90a2-1c025d1dc7f3@group-203A7EA13C7C-LeaderElection14] INFO  server.RaftServer$Division (ServerState.java:setLeader(313)) - 0abd910a-099e-433f-90a2-1c025d1dc7f3@group-203A7EA13C7C: change Leader from null to 0abd910a-099e-433f-90a2-1c025d1dc7f3 at term 1 for becomeLeader, leader elected after 5209ms
2023-03-15 05:44:46,277 [0abd910a-099e-433f-90a2-1c025d1dc7f3@group-203A7EA13C7C-LeaderElection14] INFO  server.RaftServerConfigKeys (ConfUtils.java:logGet(46)) - raft.server.staging.catchup.gap = 1000 (default)
2023-03-15 05:44:46,277 [0abd910a-099e-433f-90a2-1c025d1dc7f3@group-203A7EA13C7C-LeaderElection14] INFO  server.RaftServerConfigKeys (ConfUtils.java:logGet(46)) - raft.server.write.element-limit = 1024 (custom)
2023-03-15 05:44:46,277 [0abd910a-099e-433f-90a2-1c025d1dc7f3@group-203A7EA13C7C-LeaderElection14] INFO  server.RaftServerConfigKeys (ConfUtils.java:logGet(46)) - raft.server.write.byte-limit = 1024 M (=1073741824) (custom)
2023-03-15 05:44:46,277 [0abd910a-099e-433f-90a2-1c025d1dc7f3@group-203A7EA13C7C-LeaderElection14] INFO  server.RaftServerConfigKeys (ConfUtils.java:logGet(46)) - raft.server.watch.timeout = 180s (custom)
2023-03-15 05:44:46,277 [0abd910a-099e-433f-90a2-1c025d1dc7f3@group-203A7EA13C7C-LeaderElection14] INFO  server.RaftServerConfigKeys (ConfUtils.java:logGet(46)) - raft.server.watch.timeout.denomination = 1s (default)
2023-03-15 05:44:46,277 [0abd910a-099e-433f-90a2-1c025d1dc7f3@group-203A7EA13C7C-LeaderElection14] INFO  server.RaftServerConfigKeys (ConfUtils.java:logGet(46)) - raft.server.watch.element-limit = 65536 (default)
2023-03-15 05:44:46,277 [0abd910a-099e-433f-90a2-1c025d1dc7f3@group-203A7EA13C7C-LeaderElection14] INFO  server.RaftServerConfigKeys (ConfUtils.java:logGet(46)) - raft.server.write.element-limit = 1024 (custom)
2023-03-15 05:44:46,277 [0abd910a-099e-433f-90a2-1c025d1dc7f3@group-203A7EA13C7C-LeaderElection14] INFO  server.RaftServerConfigKeys (ConfUtils.java:logGet(46)) - raft.server.write.follower.gap.ratio.max = -1.0 (default)
2023-03-15 05:44:46,277 [0abd910a-099e-433f-90a2-1c025d1dc7f3@group-203A7EA13C7C-LeaderElection14] INFO  impl.RoleInfo (RoleInfo.java:updateAndGet(139)) - 0abd910a-099e-433f-90a2-1c025d1dc7f3: start 0abd910a-099e-433f-90a2-1c025d1dc7f3@group-203A7EA13C7C-LeaderStateImpl
2023-03-15 05:44:46,277 [0abd910a-099e-433f-90a2-1c025d1dc7f3@group-203A7EA13C7C-LeaderElection14] INFO  segmented.SegmentedRaftLogWorker (SegmentedRaftLogWorker.java:startLogSegment(452)) - 0abd910a-099e-433f-90a2-1c025d1dc7f3@group-203A7EA13C7C-SegmentedRaftLogWorker: Starting segment from index:0
2023-03-15 05:44:46,280 [0abd910a-099e-433f-90a2-1c025d1dc7f3@group-203A7EA13C7C-SegmentedRaftLogWorker] INFO  segmented.SegmentedRaftLogWorker (SegmentedRaftLogWorker.java:execute(656)) - 0abd910a-099e-433f-90a2-1c025d1dc7f3@group-203A7EA13C7C-SegmentedRaftLogWorker: created new log segment /home/runner/work/ozone/ozone/hadoop-ozone/integration-test/target/test-dir/MiniOzoneClusterImpl-f3f3c3ea-d6fe-44d8-a21f-130fd89482f1/datanode-1/data/ratis/e2f5b9f0-1821-4938-befe-203a7ea13c7c/current/log_inprogress_0
2023-03-15 05:44:46,282 [0abd910a-099e-433f-90a2-1c025d1dc7f3@group-203A7EA13C7C-LeaderElection14] INFO  server.RaftServer$Division (ServerState.java:setRaftConf(430)) - 0abd910a-099e-433f-90a2-1c025d1dc7f3@group-203A7EA13C7C: set configuration 0: peers:[0abd910a-099e-433f-90a2-1c025d1dc7f3|rpc:10.1.0.18:34751|dataStream:10.1.0.18:36347|priority:1|startupRole:FOLLOWER]|listeners:[], old=null
2023-03-15 05:44:46,288 [IPC Server handler 0 on default port 39193] INFO  key.OMKeyRequest (OMKeyRequest.java:wrapUncommittedBlocksAsPseudoKey(838)) - Detect allocated but uncommitted blocks [{blockID={containerID=2, localID=111677748019200002}, length=4194304, offset=0, token=null, pipeline=null, createVersion=0, partNumber=0}] in key d1/d1/d2/key1.
2023-03-15 05:44:46,293 [IPC Server handler 3 on default port 39193] INFO  key.OMKeyRequest (OMKeyRequest.java:wrapUncommittedBlocksAsPseudoKey(838)) - Detect allocated but uncommitted blocks [{blockID={containerID=1, localID=111677748019200003}, length=4194304, offset=0, token=null, pipeline=null, createVersion=0, partNumber=0}] in key key1.
2023-03-15 05:44:46,297 [IPC Server handler 4 on default port 39193] INFO  key.OMKeyRequest (OMKeyRequest.java:wrapUncommittedBlocksAsPseudoKey(838)) - Detect allocated but uncommitted blocks [{blockID={containerID=3, localID=111677748019200004}, length=4194304, offset=0, token=null, pipeline=null, createVersion=0, partNumber=0}] in key key2.
2023-03-15 05:44:46,301 [IPC Server handler 6 on default port 39193] INFO  key.OMKeyRequest (OMKeyRequest.java:wrapUncommittedBlocksAsPseudoKey(838)) - Detect allocated but uncommitted blocks [{blockID={containerID=2, localID=111677748019200005}, length=4194304, offset=0, token=null, pipeline=null, createVersion=0, partNumber=0}] in key d1/d2/d1/d2/key1.
]]></system-out>
  </testcase>
  <testcase name="testRenameDestinationParentDoesntExist" classname="TestOzoneFileSystemWithFSO" time="0.051">
    <system-out><![CDATA[05:43:58.736 [OM StateMachine ApplyTransaction Thread - 0] ERROR OMAudit - user=runner | ip=127.0.0.1 | op=RENAME_KEY {volume=volume35147, bucket=bucket98126, dataSize=0, replicationType=NONE, replicationFactor=ZERO, srcKey=root_dir/dir1/dir2, dstKey=root_dir/b/c} | ret=FAILURE
org.apache.hadoop.ozone.om.exceptions.OMException: Failed to get parent dir root_dir/b/c, root_dir/b doesn't exist
	at org.apache.hadoop.ozone.om.request.file.OMFileRequest.getKeyParentDir(OMFileRequest.java:824) ~[ozone-manager-1.4.0-SNAPSHOT.jar:?]
	at org.apache.hadoop.ozone.om.request.key.OMKeyRenameRequestWithFSO.validateAndUpdateCache(OMKeyRenameRequestWithFSO.java:201) ~[ozone-manager-1.4.0-SNAPSHOT.jar:?]
	at org.apache.hadoop.ozone.protocolPB.OzoneManagerRequestHandler.handleWriteRequest(OzoneManagerRequestHandler.java:337) ~[ozone-manager-1.4.0-SNAPSHOT.jar:?]
	at org.apache.hadoop.ozone.om.ratis.OzoneManagerStateMachine.runCommand(OzoneManagerStateMachine.java:533) ~[ozone-manager-1.4.0-SNAPSHOT.jar:?]
	at org.apache.hadoop.ozone.om.ratis.OzoneManagerStateMachine.lambda$1(OzoneManagerStateMachine.java:324) ~[ozone-manager-1.4.0-SNAPSHOT.jar:?]
	at java.util.concurrent.CompletableFuture$AsyncSupply.run(CompletableFuture.java:1604) [?:1.8.0_362]
	at java.util.concurrent.ThreadPoolExecutor.runWorker(ThreadPoolExecutor.java:1149) [?:1.8.0_362]
	at java.util.concurrent.ThreadPoolExecutor$Worker.run(ThreadPoolExecutor.java:624) [?:1.8.0_362]
	at java.lang.Thread.run(Thread.java:750) [?:1.8.0_362]
2023-03-15 05:43:58,736 [OM StateMachine ApplyTransaction Thread - 0] ERROR key.OMKeyRenameRequestWithFSO (OMKeyRenameRequestWithFSO.java:validateAndUpdateCache(235)) - Rename key failed for volume:volume35147 bucket:bucket98126 fromKey:root_dir/dir1/dir2 toKey:root_dir/b/c. Key: root_dir/dir1/dir2 not found.
2023-03-15 05:43:58,737 [Time-limited test] ERROR ozone.BasicOzoneFileSystem (BasicOzoneFileSystem.java:renameFSO(448)) - rename key failed: Failed to get parent dir root_dir/b/c, root_dir/b doesn't exist. Error code: KEY_RENAME_ERROR source:root_dir/dir1/dir2, destin:root_dir/b/c
2023-03-15 05:43:58,752 [OM StateMachine ApplyTransaction Thread - 0] INFO  key.OMKeyRequest (OMKeyRequest.java:wrapUncommittedBlocksAsPseudoKey(838)) - Detect allocated but uncommitted blocks [{blockID={containerID=4, localID=111677748019200006}, length=4194304, offset=0, token=null, pipeline=null, createVersion=0, partNumber=0}] in key root_dir/file1.
05:43:58.757 [OM StateMachine ApplyTransaction Thread - 0] ERROR OMAudit - user=runner | ip=127.0.0.1 | op=RENAME_KEY {volume=volume35147, bucket=bucket98126, dataSize=0, replicationType=NONE, replicationFactor=ZERO, srcKey=root_dir/dir1/dir2, dstKey=root_dir/file1/c} | ret=FAILURE
org.apache.hadoop.ozone.om.exceptions.OMException: Failed to get parent dir root_dir/file1/c, root_dir/file1 is a file
	at org.apache.hadoop.ozone.om.request.file.OMFileRequest.getKeyParentDir(OMFileRequest.java:829) ~[ozone-manager-1.4.0-SNAPSHOT.jar:?]
	at org.apache.hadoop.ozone.om.request.key.OMKeyRenameRequestWithFSO.validateAndUpdateCache(OMKeyRenameRequestWithFSO.java:201) ~[ozone-manager-1.4.0-SNAPSHOT.jar:?]
	at org.apache.hadoop.ozone.protocolPB.OzoneManagerRequestHandler.handleWriteRequest(OzoneManagerRequestHandler.java:337) ~[ozone-manager-1.4.0-SNAPSHOT.jar:?]
	at org.apache.hadoop.ozone.om.ratis.OzoneManagerStateMachine.runCommand(OzoneManagerStateMachine.java:533) ~[ozone-manager-1.4.0-SNAPSHOT.jar:?]
	at org.apache.hadoop.ozone.om.ratis.OzoneManagerStateMachine.lambda$1(OzoneManagerStateMachine.java:324) ~[ozone-manager-1.4.0-SNAPSHOT.jar:?]
	at java.util.concurrent.CompletableFuture$AsyncSupply.run(CompletableFuture.java:1604) [?:1.8.0_362]
	at java.util.concurrent.ThreadPoolExecutor.runWorker(ThreadPoolExecutor.java:1149) [?:1.8.0_362]
	at java.util.concurrent.ThreadPoolExecutor$Worker.run(ThreadPoolExecutor.java:624) [?:1.8.0_362]
	at java.lang.Thread.run(Thread.java:750) [?:1.8.0_362]
2023-03-15 05:43:58,757 [OM StateMachine ApplyTransaction Thread - 0] ERROR key.OMKeyRenameRequestWithFSO (OMKeyRenameRequestWithFSO.java:validateAndUpdateCache(235)) - Rename key failed for volume:volume35147 bucket:bucket98126 fromKey:root_dir/dir1/dir2 toKey:root_dir/file1/c. Key: root_dir/dir1/dir2 not found.
2023-03-15 05:43:58,758 [Time-limited test] ERROR ozone.BasicOzoneFileSystem (BasicOzoneFileSystem.java:renameFSO(448)) - rename key failed: Failed to get parent dir root_dir/file1/c, root_dir/file1 is a file. Error code: KEY_RENAME_ERROR source:root_dir/dir1/dir2, destin:root_dir/file1/c
]]></system-out>
  </testcase>
  <testcase name="testRenameDestinationParentDoesntExist" classname="TestOzoneFileSystemWithFSO" time="0.016">
    <system-out><![CDATA[05:44:46.316 [IPC Server handler 3 on default port 39193] ERROR OMAudit - user=runner | ip=127.0.0.1 | op=RENAME_KEY {volume=volume61968, bucket=bucket63791, dataSize=0, replicationType=NONE, replicationFactor=ZERO, srcKey=root_dir/dir1/dir2, dstKey=root_dir/b/c} | ret=FAILURE
org.apache.hadoop.ozone.om.exceptions.OMException: Failed to get parent dir root_dir/b/c, root_dir/b doesn't exist
	at org.apache.hadoop.ozone.om.request.file.OMFileRequest.getKeyParentDir(OMFileRequest.java:824) ~[ozone-manager-1.4.0-SNAPSHOT.jar:?]
	at org.apache.hadoop.ozone.om.request.key.OMKeyRenameRequestWithFSO.validateAndUpdateCache(OMKeyRenameRequestWithFSO.java:201) ~[ozone-manager-1.4.0-SNAPSHOT.jar:?]
	at org.apache.hadoop.ozone.protocolPB.OzoneManagerRequestHandler.handleWriteRequest(OzoneManagerRequestHandler.java:337) ~[ozone-manager-1.4.0-SNAPSHOT.jar:?]
	at org.apache.hadoop.ozone.protocolPB.OzoneManagerProtocolServerSideTranslatorPB.submitRequestDirectlyToOM(OzoneManagerProtocolServerSideTranslatorPB.java:278) ~[ozone-manager-1.4.0-SNAPSHOT.jar:?]
	at org.apache.hadoop.ozone.protocolPB.OzoneManagerProtocolServerSideTranslatorPB.processRequest(OzoneManagerProtocolServerSideTranslatorPB.java:173) ~[ozone-manager-1.4.0-SNAPSHOT.jar:?]
	at org.apache.hadoop.hdds.server.OzoneProtocolMessageDispatcher.processRequest(OzoneProtocolMessageDispatcher.java:87) [hdds-server-framework-1.4.0-SNAPSHOT.jar:?]
	at org.apache.hadoop.ozone.protocolPB.OzoneManagerProtocolServerSideTranslatorPB.submitRequest(OzoneManagerProtocolServerSideTranslatorPB.java:147) [ozone-manager-1.4.0-SNAPSHOT.jar:?]
	at org.apache.hadoop.ozone.protocol.proto.OzoneManagerProtocolProtos$OzoneManagerService$2.callBlockingMethod(OzoneManagerProtocolProtos.java) [ozone-interface-client-1.4.0-SNAPSHOT.jar:?]
	at org.apache.hadoop.ipc.ProtobufRpcEngine$Server.processCall(ProtobufRpcEngine.java:465) [hadoop-common-3.3.4.jar:?]
	at org.apache.hadoop.ipc.ProtobufRpcEngine2$Server$ProtoBufRpcInvoker.call(ProtobufRpcEngine2.java:578) [hadoop-common-3.3.4.jar:?]
	at org.apache.hadoop.ipc.ProtobufRpcEngine2$Server$ProtoBufRpcInvoker.call(ProtobufRpcEngine2.java:556) [hadoop-common-3.3.4.jar:?]
	at org.apache.hadoop.ipc.RPC$Server.call(RPC.java:1093) [hadoop-common-3.3.4.jar:?]
	at org.apache.hadoop.ipc.Server$RpcCall.run(Server.java:1043) [hadoop-common-3.3.4.jar:?]
	at org.apache.hadoop.ipc.Server$RpcCall.run(Server.java:971) [hadoop-common-3.3.4.jar:?]
	at java.security.AccessController.doPrivileged(Native Method) ~[?:1.8.0_362]
	at javax.security.auth.Subject.doAs(Subject.java:422) [?:1.8.0_362]
	at org.apache.hadoop.security.UserGroupInformation.doAs(UserGroupInformation.java:1878) [hadoop-common-3.3.4.jar:?]
	at org.apache.hadoop.ipc.Server$Handler.run(Server.java:2976) [hadoop-common-3.3.4.jar:?]
2023-03-15 05:44:46,316 [IPC Server handler 3 on default port 39193] ERROR key.OMKeyRenameRequestWithFSO (OMKeyRenameRequestWithFSO.java:validateAndUpdateCache(235)) - Rename key failed for volume:volume61968 bucket:bucket63791 fromKey:root_dir/dir1/dir2 toKey:root_dir/b/c. Key: root_dir/dir1/dir2 not found.
2023-03-15 05:44:46,317 [Time-limited test] ERROR ozone.BasicOzoneFileSystem (BasicOzoneFileSystem.java:renameFSO(448)) - rename key failed: Failed to get parent dir root_dir/b/c, root_dir/b doesn't exist. Error code: KEY_RENAME_ERROR source:root_dir/dir1/dir2, destin:root_dir/b/c
2023-03-15 05:44:46,322 [IPC Server handler 4 on default port 39193] INFO  key.OMKeyRequest (OMKeyRequest.java:wrapUncommittedBlocksAsPseudoKey(838)) - Detect allocated but uncommitted blocks [{blockID={containerID=4, localID=111677748019200006}, length=4194304, offset=0, token=null, pipeline=null, createVersion=0, partNumber=0}] in key root_dir/file1.
05:44:46.323 [IPC Server handler 5 on default port 39193] ERROR OMAudit - user=runner | ip=127.0.0.1 | op=RENAME_KEY {volume=volume61968, bucket=bucket63791, dataSize=0, replicationType=NONE, replicationFactor=ZERO, srcKey=root_dir/dir1/dir2, dstKey=root_dir/file1/c} | ret=FAILURE
org.apache.hadoop.ozone.om.exceptions.OMException: Failed to get parent dir root_dir/file1/c, root_dir/file1 is a file
	at org.apache.hadoop.ozone.om.request.file.OMFileRequest.getKeyParentDir(OMFileRequest.java:829) ~[ozone-manager-1.4.0-SNAPSHOT.jar:?]
	at org.apache.hadoop.ozone.om.request.key.OMKeyRenameRequestWithFSO.validateAndUpdateCache(OMKeyRenameRequestWithFSO.java:201) ~[ozone-manager-1.4.0-SNAPSHOT.jar:?]
	at org.apache.hadoop.ozone.protocolPB.OzoneManagerRequestHandler.handleWriteRequest(OzoneManagerRequestHandler.java:337) ~[ozone-manager-1.4.0-SNAPSHOT.jar:?]
	at org.apache.hadoop.ozone.protocolPB.OzoneManagerProtocolServerSideTranslatorPB.submitRequestDirectlyToOM(OzoneManagerProtocolServerSideTranslatorPB.java:278) ~[ozone-manager-1.4.0-SNAPSHOT.jar:?]
	at org.apache.hadoop.ozone.protocolPB.OzoneManagerProtocolServerSideTranslatorPB.processRequest(OzoneManagerProtocolServerSideTranslatorPB.java:173) ~[ozone-manager-1.4.0-SNAPSHOT.jar:?]
	at org.apache.hadoop.hdds.server.OzoneProtocolMessageDispatcher.processRequest(OzoneProtocolMessageDispatcher.java:87) [hdds-server-framework-1.4.0-SNAPSHOT.jar:?]
	at org.apache.hadoop.ozone.protocolPB.OzoneManagerProtocolServerSideTranslatorPB.submitRequest(OzoneManagerProtocolServerSideTranslatorPB.java:147) [ozone-manager-1.4.0-SNAPSHOT.jar:?]
	at org.apache.hadoop.ozone.protocol.proto.OzoneManagerProtocolProtos$OzoneManagerService$2.callBlockingMethod(OzoneManagerProtocolProtos.java) [ozone-interface-client-1.4.0-SNAPSHOT.jar:?]
	at org.apache.hadoop.ipc.ProtobufRpcEngine$Server.processCall(ProtobufRpcEngine.java:465) [hadoop-common-3.3.4.jar:?]
	at org.apache.hadoop.ipc.ProtobufRpcEngine2$Server$ProtoBufRpcInvoker.call(ProtobufRpcEngine2.java:578) [hadoop-common-3.3.4.jar:?]
	at org.apache.hadoop.ipc.ProtobufRpcEngine2$Server$ProtoBufRpcInvoker.call(ProtobufRpcEngine2.java:556) [hadoop-common-3.3.4.jar:?]
	at org.apache.hadoop.ipc.RPC$Server.call(RPC.java:1093) [hadoop-common-3.3.4.jar:?]
	at org.apache.hadoop.ipc.Server$RpcCall.run(Server.java:1043) [hadoop-common-3.3.4.jar:?]
	at org.apache.hadoop.ipc.Server$RpcCall.run(Server.java:971) [hadoop-common-3.3.4.jar:?]
	at java.security.AccessController.doPrivileged(Native Method) ~[?:1.8.0_362]
	at javax.security.auth.Subject.doAs(Subject.java:422) [?:1.8.0_362]
	at org.apache.hadoop.security.UserGroupInformation.doAs(UserGroupInformation.java:1878) [hadoop-common-3.3.4.jar:?]
	at org.apache.hadoop.ipc.Server$Handler.run(Server.java:2976) [hadoop-common-3.3.4.jar:?]
2023-03-15 05:44:46,323 [IPC Server handler 5 on default port 39193] ERROR key.OMKeyRenameRequestWithFSO (OMKeyRenameRequestWithFSO.java:validateAndUpdateCache(235)) - Rename key failed for volume:volume61968 bucket:bucket63791 fromKey:root_dir/dir1/dir2 toKey:root_dir/file1/c. Key: root_dir/dir1/dir2 not found.
2023-03-15 05:44:46,324 [Time-limited test] ERROR ozone.BasicOzoneFileSystem (BasicOzoneFileSystem.java:renameFSO(448)) - rename key failed: Failed to get parent dir root_dir/file1/c, root_dir/file1 is a file. Error code: KEY_RENAME_ERROR source:root_dir/dir1/dir2, destin:root_dir/file1/c
]]></system-out>
  </testcase>
  <testcase name="testCreateWithInvalidPaths" classname="TestOzoneFileSystemWithFSO" time="0">
    <skipped message="HDDS-2939"/>
  </testcase>
  <testcase name="testCreateWithInvalidPaths" classname="TestOzoneFileSystemWithFSO" time="0">
    <skipped message="HDDS-2939"/>
  </testcase>
  <testcase name="testMultiLevelDirs" classname="TestOzoneFileSystemWithFSO" time="0.029"/>
  <testcase name="testMultiLevelDirs" classname="TestOzoneFileSystemWithFSO" time="0.011"/>
  <testcase name="testRenameParentBucketModificationTime" classname="TestOzoneFileSystemWithFSO" time="0.132">
    <system-out><![CDATA[2023-03-15 05:43:58,815 [OM StateMachine ApplyTransaction Thread - 0] INFO  key.OMKeyRequest (OMKeyRequest.java:wrapUncommittedBlocksAsPseudoKey(838)) - Detect allocated but uncommitted blocks [{blockID={containerID=1, localID=111677748019200007}, length=4194304, offset=0, token=null, pipeline=null, createVersion=0, partNumber=0}] in key file1.
2023-03-15 05:43:58,847 [OM StateMachine ApplyTransaction Thread - 0] INFO  key.OMKeyRequest (OMKeyRequest.java:wrapUncommittedBlocksAsPseudoKey(838)) - Detect allocated but uncommitted blocks [{blockID={containerID=2, localID=111677748019200008}, length=4194304, offset=0, token=null, pipeline=null, createVersion=0, partNumber=0}] in key dir1/subFile2.
2023-03-15 05:43:58,870 [OM StateMachine ApplyTransaction Thread - 0] INFO  key.OMKeyRequest (OMKeyRequest.java:wrapUncommittedBlocksAsPseudoKey(838)) - Detect allocated but uncommitted blocks [{blockID={containerID=1, localID=111677748019200009}, length=4194304, offset=0, token=null, pipeline=null, createVersion=0, partNumber=0}] in key dir3/subFile3.
2023-03-15 05:43:58,892 [OM StateMachine ApplyTransaction Thread - 0] INFO  key.OMKeyRequest (OMKeyRequest.java:wrapUncommittedBlocksAsPseudoKey(838)) - Detect allocated but uncommitted blocks [{blockID={containerID=2, localID=111677748019200010}, length=4194304, offset=0, token=null, pipeline=null, createVersion=0, partNumber=0}] in key file4.
]]></system-out>
  </testcase>
  <testcase name="testRenameParentBucketModificationTime" classname="TestOzoneFileSystemWithFSO" time="0.034">
    <system-out><![CDATA[2023-03-15 05:44:46,342 [IPC Server handler 18 on default port 39193] INFO  key.OMKeyRequest (OMKeyRequest.java:wrapUncommittedBlocksAsPseudoKey(838)) - Detect allocated but uncommitted blocks [{blockID={containerID=3, localID=111677748019200007}, length=4194304, offset=0, token=null, pipeline=null, createVersion=0, partNumber=0}] in key file1.
2023-03-15 05:44:46,350 [IPC Server handler 5 on default port 39193] INFO  key.OMKeyRequest (OMKeyRequest.java:wrapUncommittedBlocksAsPseudoKey(838)) - Detect allocated but uncommitted blocks [{blockID={containerID=1, localID=111677748019200008}, length=4194304, offset=0, token=null, pipeline=null, createVersion=0, partNumber=0}] in key dir1/subFile2.
2023-03-15 05:44:46,356 [IPC Server handler 11 on default port 39193] INFO  key.OMKeyRequest (OMKeyRequest.java:wrapUncommittedBlocksAsPseudoKey(838)) - Detect allocated but uncommitted blocks [{blockID={containerID=4, localID=111677748019200009}, length=4194304, offset=0, token=null, pipeline=null, createVersion=0, partNumber=0}] in key dir3/subFile3.
2023-03-15 05:44:46,362 [IPC Server handler 16 on default port 39193] INFO  key.OMKeyRequest (OMKeyRequest.java:wrapUncommittedBlocksAsPseudoKey(838)) - Detect allocated but uncommitted blocks [{blockID={containerID=2, localID=111677748019200010}, length=4194304, offset=0, token=null, pipeline=null, createVersion=0, partNumber=0}] in key file4.
]]></system-out>
  </testcase>
  <testcase name="testCreateFile" classname="TestOzoneFileSystemWithFSO" time="0.027">
    <system-out><![CDATA[2023-03-15 05:43:58,948 [OM StateMachine ApplyTransaction Thread - 0] INFO  key.OMKeyRequest (OMKeyRequest.java:wrapUncommittedBlocksAsPseudoKey(838)) - Detect allocated but uncommitted blocks [{blockID={containerID=3, localID=111677748019200011}, length=4194304, offset=0, token=null, pipeline=null, createVersion=0, partNumber=0}] in key d1/d2/file1.
]]></system-out>
  </testcase>
  <testcase name="testCreateFile" classname="TestOzoneFileSystemWithFSO" time="0.006">
    <system-out><![CDATA[2023-03-15 05:44:46,374 [IPC Server handler 11 on default port 39193] INFO  key.OMKeyRequest (OMKeyRequest.java:wrapUncommittedBlocksAsPseudoKey(838)) - Detect allocated but uncommitted blocks [{blockID={containerID=3, localID=111677748019200011}, length=4194304, offset=0, token=null, pipeline=null, createVersion=0, partNumber=0}] in key d1/d2/file1.
]]></system-out>
  </testcase>
  <testcase name="testListStatusWithIntermediateDir" classname="TestOzoneFileSystemWithFSO" time="0">
    <skipped message="TODO:HDDS-2939"/>
  </testcase>
  <testcase name="testListStatusWithIntermediateDir" classname="TestOzoneFileSystemWithFSO" time="0">
    <skipped message="TODO:HDDS-2939"/>
  </testcase>
  <testcase name="testListStatusOnLargeDirectory" classname="TestOzoneFileSystemWithFSO" time="0">
    <skipped message="TODO:HDDS-5012"/>
  </testcase>
  <testcase name="testListStatusOnLargeDirectory" classname="TestOzoneFileSystemWithFSO" time="0">
    <skipped message="TODO:HDDS-5012"/>
  </testcase>
  <testcase name="testListStatusWithoutRecursiveSearch" classname="TestOzoneFileSystemWithFSO" time="0.098">
    <system-out><![CDATA[2023-03-15 05:43:58,974 [OM StateMachine ApplyTransaction Thread - 0] INFO  key.OMKeyRequest (OMKeyRequest.java:wrapUncommittedBlocksAsPseudoKey(838)) - Detect allocated but uncommitted blocks [{blockID={containerID=4, localID=111677748019200012}, length=4194304, offset=0, token=null, pipeline=null, createVersion=0, partNumber=0}] in key key1.
2023-03-15 05:43:58,986 [OM StateMachine ApplyTransaction Thread - 0] INFO  key.OMKeyRequest (OMKeyRequest.java:wrapUncommittedBlocksAsPseudoKey(838)) - Detect allocated but uncommitted blocks [{blockID={containerID=1, localID=111677748019200013}, length=4194304, offset=0, token=null, pipeline=null, createVersion=0, partNumber=0}] in key d1/key1.
2023-03-15 05:43:58,997 [OM StateMachine ApplyTransaction Thread - 0] INFO  key.OMKeyRequest (OMKeyRequest.java:wrapUncommittedBlocksAsPseudoKey(838)) - Detect allocated but uncommitted blocks [{blockID={containerID=2, localID=111677748019200014}, length=4194304, offset=0, token=null, pipeline=null, createVersion=0, partNumber=0}] in key d2/key1.
2023-03-15 05:43:59,008 [OM StateMachine ApplyTransaction Thread - 0] INFO  key.OMKeyRequest (OMKeyRequest.java:wrapUncommittedBlocksAsPseudoKey(838)) - Detect allocated but uncommitted blocks [{blockID={containerID=3, localID=111677748019200015}, length=4194304, offset=0, token=null, pipeline=null, createVersion=0, partNumber=0}] in key d1/d2/key1.
2023-03-15 05:43:59,020 [OM StateMachine ApplyTransaction Thread - 0] INFO  key.OMKeyRequest (OMKeyRequest.java:wrapUncommittedBlocksAsPseudoKey(838)) - Detect allocated but uncommitted blocks [{blockID={containerID=1, localID=111677748019200016}, length=4194304, offset=0, token=null, pipeline=null, createVersion=0, partNumber=0}] in key d1/key2.
05:43:59.038 [IPC Server handler 2 on default port 43369] ERROR OMAudit - user=runner | ip=127.0.0.1 | op=LIST_STATUS {volume=volume35147, bucket=bucket98126, key=key2, dataSize=0, replicationConfig=null} | ret=FAILURE
org.apache.hadoop.ozone.om.exceptions.OMException: Unable to get file status: volume: volume35147 bucket: bucket98126 key: key2
	at org.apache.hadoop.ozone.om.KeyManagerImpl.getOzoneFileStatusFSO(KeyManagerImpl.java:1320) ~[ozone-manager-1.4.0-SNAPSHOT.jar:?]
	at org.apache.hadoop.ozone.om.OzoneListStatusHelper.listStatusFSO(OzoneListStatusHelper.java:143) ~[ozone-manager-1.4.0-SNAPSHOT.jar:?]
	at org.apache.hadoop.ozone.om.KeyManagerImpl.listStatus(KeyManagerImpl.java:1492) ~[ozone-manager-1.4.0-SNAPSHOT.jar:?]
	at org.apache.hadoop.ozone.om.OmMetadataReader.listStatus(OmMetadataReader.java:261) ~[ozone-manager-1.4.0-SNAPSHOT.jar:?]
	at org.apache.hadoop.ozone.om.OzoneManager.listStatus(OzoneManager.java:3513) ~[ozone-manager-1.4.0-SNAPSHOT.jar:?]
	at org.apache.hadoop.ozone.protocolPB.OzoneManagerRequestHandler.listStatus(OzoneManagerRequestHandler.java:1097) ~[ozone-manager-1.4.0-SNAPSHOT.jar:?]
	at org.apache.hadoop.ozone.protocolPB.OzoneManagerRequestHandler.handleReadRequest(OzoneManagerRequestHandler.java:249) ~[ozone-manager-1.4.0-SNAPSHOT.jar:?]
	at org.apache.hadoop.ozone.protocolPB.OzoneManagerProtocolServerSideTranslatorPB.submitReadRequestToOM(OzoneManagerProtocolServerSideTranslatorPB.java:223) ~[ozone-manager-1.4.0-SNAPSHOT.jar:?]
	at org.apache.hadoop.ozone.protocolPB.OzoneManagerProtocolServerSideTranslatorPB.processRequest(OzoneManagerProtocolServerSideTranslatorPB.java:177) ~[ozone-manager-1.4.0-SNAPSHOT.jar:?]
	at org.apache.hadoop.hdds.server.OzoneProtocolMessageDispatcher.processRequest(OzoneProtocolMessageDispatcher.java:87) [hdds-server-framework-1.4.0-SNAPSHOT.jar:?]
	at org.apache.hadoop.ozone.protocolPB.OzoneManagerProtocolServerSideTranslatorPB.submitRequest(OzoneManagerProtocolServerSideTranslatorPB.java:147) [ozone-manager-1.4.0-SNAPSHOT.jar:?]
	at org.apache.hadoop.ozone.protocol.proto.OzoneManagerProtocolProtos$OzoneManagerService$2.callBlockingMethod(OzoneManagerProtocolProtos.java) [ozone-interface-client-1.4.0-SNAPSHOT.jar:?]
	at org.apache.hadoop.ipc.ProtobufRpcEngine$Server.processCall(ProtobufRpcEngine.java:465) [hadoop-common-3.3.4.jar:?]
	at org.apache.hadoop.ipc.ProtobufRpcEngine2$Server$ProtoBufRpcInvoker.call(ProtobufRpcEngine2.java:578) [hadoop-common-3.3.4.jar:?]
	at org.apache.hadoop.ipc.ProtobufRpcEngine2$Server$ProtoBufRpcInvoker.call(ProtobufRpcEngine2.java:556) [hadoop-common-3.3.4.jar:?]
	at org.apache.hadoop.ipc.RPC$Server.call(RPC.java:1093) [hadoop-common-3.3.4.jar:?]
	at org.apache.hadoop.ipc.Server$RpcCall.run(Server.java:1043) [hadoop-common-3.3.4.jar:?]
	at org.apache.hadoop.ipc.Server$RpcCall.run(Server.java:971) [hadoop-common-3.3.4.jar:?]
	at java.security.AccessController.doPrivileged(Native Method) ~[?:1.8.0_362]
	at javax.security.auth.Subject.doAs(Subject.java:422) [?:1.8.0_362]
	at org.apache.hadoop.security.UserGroupInformation.doAs(UserGroupInformation.java:1878) [hadoop-common-3.3.4.jar:?]
	at org.apache.hadoop.ipc.Server$Handler.run(Server.java:2976) [hadoop-common-3.3.4.jar:?]
05:43:59.040 [IPC Server handler 1 on default port 43369] ERROR OMAudit - user=runner | ip=127.0.0.1 | op=LIST_STATUS {volume=volume35147, bucket=bucket98126, key=d1/d2/key2, dataSize=0, replicationConfig=null} | ret=FAILURE
org.apache.hadoop.ozone.om.exceptions.OMException: Unable to get file status: volume: volume35147 bucket: bucket98126 key: d1/d2/key2
	at org.apache.hadoop.ozone.om.KeyManagerImpl.getOzoneFileStatusFSO(KeyManagerImpl.java:1320) ~[ozone-manager-1.4.0-SNAPSHOT.jar:?]
	at org.apache.hadoop.ozone.om.OzoneListStatusHelper.listStatusFSO(OzoneListStatusHelper.java:143) ~[ozone-manager-1.4.0-SNAPSHOT.jar:?]
	at org.apache.hadoop.ozone.om.KeyManagerImpl.listStatus(KeyManagerImpl.java:1492) ~[ozone-manager-1.4.0-SNAPSHOT.jar:?]
	at org.apache.hadoop.ozone.om.OmMetadataReader.listStatus(OmMetadataReader.java:261) ~[ozone-manager-1.4.0-SNAPSHOT.jar:?]
	at org.apache.hadoop.ozone.om.OzoneManager.listStatus(OzoneManager.java:3513) ~[ozone-manager-1.4.0-SNAPSHOT.jar:?]
	at org.apache.hadoop.ozone.protocolPB.OzoneManagerRequestHandler.listStatus(OzoneManagerRequestHandler.java:1097) ~[ozone-manager-1.4.0-SNAPSHOT.jar:?]
	at org.apache.hadoop.ozone.protocolPB.OzoneManagerRequestHandler.handleReadRequest(OzoneManagerRequestHandler.java:249) ~[ozone-manager-1.4.0-SNAPSHOT.jar:?]
	at org.apache.hadoop.ozone.protocolPB.OzoneManagerProtocolServerSideTranslatorPB.submitReadRequestToOM(OzoneManagerProtocolServerSideTranslatorPB.java:223) ~[ozone-manager-1.4.0-SNAPSHOT.jar:?]
	at org.apache.hadoop.ozone.protocolPB.OzoneManagerProtocolServerSideTranslatorPB.processRequest(OzoneManagerProtocolServerSideTranslatorPB.java:177) ~[ozone-manager-1.4.0-SNAPSHOT.jar:?]
	at org.apache.hadoop.hdds.server.OzoneProtocolMessageDispatcher.processRequest(OzoneProtocolMessageDispatcher.java:87) [hdds-server-framework-1.4.0-SNAPSHOT.jar:?]
	at org.apache.hadoop.ozone.protocolPB.OzoneManagerProtocolServerSideTranslatorPB.submitRequest(OzoneManagerProtocolServerSideTranslatorPB.java:147) [ozone-manager-1.4.0-SNAPSHOT.jar:?]
	at org.apache.hadoop.ozone.protocol.proto.OzoneManagerProtocolProtos$OzoneManagerService$2.callBlockingMethod(OzoneManagerProtocolProtos.java) [ozone-interface-client-1.4.0-SNAPSHOT.jar:?]
	at org.apache.hadoop.ipc.ProtobufRpcEngine$Server.processCall(ProtobufRpcEngine.java:465) [hadoop-common-3.3.4.jar:?]
	at org.apache.hadoop.ipc.ProtobufRpcEngine2$Server$ProtoBufRpcInvoker.call(ProtobufRpcEngine2.java:578) [hadoop-common-3.3.4.jar:?]
	at org.apache.hadoop.ipc.ProtobufRpcEngine2$Server$ProtoBufRpcInvoker.call(ProtobufRpcEngine2.java:556) [hadoop-common-3.3.4.jar:?]
	at org.apache.hadoop.ipc.RPC$Server.call(RPC.java:1093) [hadoop-common-3.3.4.jar:?]
	at org.apache.hadoop.ipc.Server$RpcCall.run(Server.java:1043) [hadoop-common-3.3.4.jar:?]
	at org.apache.hadoop.ipc.Server$RpcCall.run(Server.java:971) [hadoop-common-3.3.4.jar:?]
	at java.security.AccessController.doPrivileged(Native Method) ~[?:1.8.0_362]
	at javax.security.auth.Subject.doAs(Subject.java:422) [?:1.8.0_362]
	at org.apache.hadoop.security.UserGroupInformation.doAs(UserGroupInformation.java:1878) [hadoop-common-3.3.4.jar:?]
	at org.apache.hadoop.ipc.Server$Handler.run(Server.java:2976) [hadoop-common-3.3.4.jar:?]
]]></system-out>
  </testcase>
  <testcase name="testListStatusWithoutRecursiveSearch" classname="TestOzoneFileSystemWithFSO" time="0.033">
    <system-out><![CDATA[2023-03-15 05:44:46,385 [IPC Server handler 16 on default port 39193] INFO  key.OMKeyRequest (OMKeyRequest.java:wrapUncommittedBlocksAsPseudoKey(838)) - Detect allocated but uncommitted blocks [{blockID={containerID=1, localID=111677748019200012}, length=4194304, offset=0, token=null, pipeline=null, createVersion=0, partNumber=0}] in key key1.
2023-03-15 05:44:46,388 [IPC Server handler 19 on default port 39193] INFO  key.OMKeyRequest (OMKeyRequest.java:wrapUncommittedBlocksAsPseudoKey(838)) - Detect allocated but uncommitted blocks [{blockID={containerID=4, localID=111677748019200013}, length=4194304, offset=0, token=null, pipeline=null, createVersion=0, partNumber=0}] in key d1/key1.
2023-03-15 05:44:46,392 [IPC Server handler 2 on default port 39193] INFO  key.OMKeyRequest (OMKeyRequest.java:wrapUncommittedBlocksAsPseudoKey(838)) - Detect allocated but uncommitted blocks [{blockID={containerID=3, localID=111677748019200014}, length=4194304, offset=0, token=null, pipeline=null, createVersion=0, partNumber=0}] in key d2/key1.
2023-03-15 05:44:46,396 [IPC Server handler 1 on default port 39193] INFO  key.OMKeyRequest (OMKeyRequest.java:wrapUncommittedBlocksAsPseudoKey(838)) - Detect allocated but uncommitted blocks [{blockID={containerID=4, localID=111677748019200015}, length=4194304, offset=0, token=null, pipeline=null, createVersion=0, partNumber=0}] in key d1/d2/key1.
2023-03-15 05:44:46,400 [IPC Server handler 5 on default port 39193] INFO  key.OMKeyRequest (OMKeyRequest.java:wrapUncommittedBlocksAsPseudoKey(838)) - Detect allocated but uncommitted blocks [{blockID={containerID=3, localID=111677748019200016}, length=4194304, offset=0, token=null, pipeline=null, createVersion=0, partNumber=0}] in key d1/key2.
05:44:46.406 [IPC Server handler 12 on default port 39193] ERROR OMAudit - user=runner | ip=127.0.0.1 | op=LIST_STATUS {volume=volume61968, bucket=bucket63791, key=key2, dataSize=0, replicationConfig=null} | ret=FAILURE
org.apache.hadoop.ozone.om.exceptions.OMException: Unable to get file status: volume: volume61968 bucket: bucket63791 key: key2
	at org.apache.hadoop.ozone.om.KeyManagerImpl.getOzoneFileStatusFSO(KeyManagerImpl.java:1320) ~[ozone-manager-1.4.0-SNAPSHOT.jar:?]
	at org.apache.hadoop.ozone.om.OzoneListStatusHelper.listStatusFSO(OzoneListStatusHelper.java:143) ~[ozone-manager-1.4.0-SNAPSHOT.jar:?]
	at org.apache.hadoop.ozone.om.KeyManagerImpl.listStatus(KeyManagerImpl.java:1492) ~[ozone-manager-1.4.0-SNAPSHOT.jar:?]
	at org.apache.hadoop.ozone.om.OmMetadataReader.listStatus(OmMetadataReader.java:261) ~[ozone-manager-1.4.0-SNAPSHOT.jar:?]
	at org.apache.hadoop.ozone.om.OzoneManager.listStatus(OzoneManager.java:3513) ~[ozone-manager-1.4.0-SNAPSHOT.jar:?]
	at org.apache.hadoop.ozone.protocolPB.OzoneManagerRequestHandler.listStatus(OzoneManagerRequestHandler.java:1097) ~[ozone-manager-1.4.0-SNAPSHOT.jar:?]
	at org.apache.hadoop.ozone.protocolPB.OzoneManagerRequestHandler.handleReadRequest(OzoneManagerRequestHandler.java:249) ~[ozone-manager-1.4.0-SNAPSHOT.jar:?]
	at org.apache.hadoop.ozone.protocolPB.OzoneManagerProtocolServerSideTranslatorPB.submitRequestDirectlyToOM(OzoneManagerProtocolServerSideTranslatorPB.java:272) ~[ozone-manager-1.4.0-SNAPSHOT.jar:?]
	at org.apache.hadoop.ozone.protocolPB.OzoneManagerProtocolServerSideTranslatorPB.processRequest(OzoneManagerProtocolServerSideTranslatorPB.java:173) ~[ozone-manager-1.4.0-SNAPSHOT.jar:?]
	at org.apache.hadoop.hdds.server.OzoneProtocolMessageDispatcher.processRequest(OzoneProtocolMessageDispatcher.java:87) [hdds-server-framework-1.4.0-SNAPSHOT.jar:?]
	at org.apache.hadoop.ozone.protocolPB.OzoneManagerProtocolServerSideTranslatorPB.submitRequest(OzoneManagerProtocolServerSideTranslatorPB.java:147) [ozone-manager-1.4.0-SNAPSHOT.jar:?]
	at org.apache.hadoop.ozone.protocol.proto.OzoneManagerProtocolProtos$OzoneManagerService$2.callBlockingMethod(OzoneManagerProtocolProtos.java) [ozone-interface-client-1.4.0-SNAPSHOT.jar:?]
	at org.apache.hadoop.ipc.ProtobufRpcEngine$Server.processCall(ProtobufRpcEngine.java:465) [hadoop-common-3.3.4.jar:?]
	at org.apache.hadoop.ipc.ProtobufRpcEngine2$Server$ProtoBufRpcInvoker.call(ProtobufRpcEngine2.java:578) [hadoop-common-3.3.4.jar:?]
	at org.apache.hadoop.ipc.ProtobufRpcEngine2$Server$ProtoBufRpcInvoker.call(ProtobufRpcEngine2.java:556) [hadoop-common-3.3.4.jar:?]
	at org.apache.hadoop.ipc.RPC$Server.call(RPC.java:1093) [hadoop-common-3.3.4.jar:?]
	at org.apache.hadoop.ipc.Server$RpcCall.run(Server.java:1043) [hadoop-common-3.3.4.jar:?]
	at org.apache.hadoop.ipc.Server$RpcCall.run(Server.java:971) [hadoop-common-3.3.4.jar:?]
	at java.security.AccessController.doPrivileged(Native Method) ~[?:1.8.0_362]
	at javax.security.auth.Subject.doAs(Subject.java:422) [?:1.8.0_362]
	at org.apache.hadoop.security.UserGroupInformation.doAs(UserGroupInformation.java:1878) [hadoop-common-3.3.4.jar:?]
	at org.apache.hadoop.ipc.Server$Handler.run(Server.java:2976) [hadoop-common-3.3.4.jar:?]
05:44:46.407 [IPC Server handler 13 on default port 39193] ERROR OMAudit - user=runner | ip=127.0.0.1 | op=LIST_STATUS {volume=volume61968, bucket=bucket63791, key=d1/d2/key2, dataSize=0, replicationConfig=null} | ret=FAILURE
org.apache.hadoop.ozone.om.exceptions.OMException: Unable to get file status: volume: volume61968 bucket: bucket63791 key: d1/d2/key2
	at org.apache.hadoop.ozone.om.KeyManagerImpl.getOzoneFileStatusFSO(KeyManagerImpl.java:1320) ~[ozone-manager-1.4.0-SNAPSHOT.jar:?]
	at org.apache.hadoop.ozone.om.OzoneListStatusHelper.listStatusFSO(OzoneListStatusHelper.java:143) ~[ozone-manager-1.4.0-SNAPSHOT.jar:?]
	at org.apache.hadoop.ozone.om.KeyManagerImpl.listStatus(KeyManagerImpl.java:1492) ~[ozone-manager-1.4.0-SNAPSHOT.jar:?]
	at org.apache.hadoop.ozone.om.OmMetadataReader.listStatus(OmMetadataReader.java:261) ~[ozone-manager-1.4.0-SNAPSHOT.jar:?]
	at org.apache.hadoop.ozone.om.OzoneManager.listStatus(OzoneManager.java:3513) ~[ozone-manager-1.4.0-SNAPSHOT.jar:?]
	at org.apache.hadoop.ozone.protocolPB.OzoneManagerRequestHandler.listStatus(OzoneManagerRequestHandler.java:1097) ~[ozone-manager-1.4.0-SNAPSHOT.jar:?]
	at org.apache.hadoop.ozone.protocolPB.OzoneManagerRequestHandler.handleReadRequest(OzoneManagerRequestHandler.java:249) ~[ozone-manager-1.4.0-SNAPSHOT.jar:?]
	at org.apache.hadoop.ozone.protocolPB.OzoneManagerProtocolServerSideTranslatorPB.submitRequestDirectlyToOM(OzoneManagerProtocolServerSideTranslatorPB.java:272) ~[ozone-manager-1.4.0-SNAPSHOT.jar:?]
	at org.apache.hadoop.ozone.protocolPB.OzoneManagerProtocolServerSideTranslatorPB.processRequest(OzoneManagerProtocolServerSideTranslatorPB.java:173) ~[ozone-manager-1.4.0-SNAPSHOT.jar:?]
	at org.apache.hadoop.hdds.server.OzoneProtocolMessageDispatcher.processRequest(OzoneProtocolMessageDispatcher.java:87) [hdds-server-framework-1.4.0-SNAPSHOT.jar:?]
	at org.apache.hadoop.ozone.protocolPB.OzoneManagerProtocolServerSideTranslatorPB.submitRequest(OzoneManagerProtocolServerSideTranslatorPB.java:147) [ozone-manager-1.4.0-SNAPSHOT.jar:?]
	at org.apache.hadoop.ozone.protocol.proto.OzoneManagerProtocolProtos$OzoneManagerService$2.callBlockingMethod(OzoneManagerProtocolProtos.java) [ozone-interface-client-1.4.0-SNAPSHOT.jar:?]
	at org.apache.hadoop.ipc.ProtobufRpcEngine$Server.processCall(ProtobufRpcEngine.java:465) [hadoop-common-3.3.4.jar:?]
	at org.apache.hadoop.ipc.ProtobufRpcEngine2$Server$ProtoBufRpcInvoker.call(ProtobufRpcEngine2.java:578) [hadoop-common-3.3.4.jar:?]
	at org.apache.hadoop.ipc.ProtobufRpcEngine2$Server$ProtoBufRpcInvoker.call(ProtobufRpcEngine2.java:556) [hadoop-common-3.3.4.jar:?]
	at org.apache.hadoop.ipc.RPC$Server.call(RPC.java:1093) [hadoop-common-3.3.4.jar:?]
	at org.apache.hadoop.ipc.Server$RpcCall.run(Server.java:1043) [hadoop-common-3.3.4.jar:?]
	at org.apache.hadoop.ipc.Server$RpcCall.run(Server.java:971) [hadoop-common-3.3.4.jar:?]
	at java.security.AccessController.doPrivileged(Native Method) ~[?:1.8.0_362]
	at javax.security.auth.Subject.doAs(Subject.java:422) [?:1.8.0_362]
	at org.apache.hadoop.security.UserGroupInformation.doAs(UserGroupInformation.java:1878) [hadoop-common-3.3.4.jar:?]
	at org.apache.hadoop.ipc.Server$Handler.run(Server.java:2976) [hadoop-common-3.3.4.jar:?]
]]></system-out>
  </testcase>
  <testcase name="testGetTrashRoot" classname="TestOzoneFileSystemWithFSO" time="0.012"/>
  <testcase name="testGetTrashRoot" classname="TestOzoneFileSystemWithFSO" time="0.007"/>
  <testcase name="testSeekOnFileLength" classname="TestOzoneFileSystemWithFSO" time="0.543">
    <system-out><![CDATA[2023-03-15 05:43:59,107 [Time-limited test] INFO  impl.MetricsSystemImpl (MetricsSystemImpl.java:init(158)) - XceiverClientMetrics metrics system started (again)
05:43:59.598 [IPC Server handler 9 on default port 43369] ERROR OMAudit - user=runner | ip=127.0.0.1 | op=READ_KEY {volume=volume35147, bucket=bucket98126, key=file_notexist, dataSize=0, replicationConfig=null} | ret=FAILURE
org.apache.hadoop.ozone.om.exceptions.OMException: Key:file_notexist not found
	at org.apache.hadoop.ozone.om.KeyManagerImpl.readKeyInfo(KeyManagerImpl.java:427) ~[ozone-manager-1.4.0-SNAPSHOT.jar:?]
	at org.apache.hadoop.ozone.om.KeyManagerImpl.lambda$9(KeyManagerImpl.java:1931) ~[ozone-manager-1.4.0-SNAPSHOT.jar:?]
	at org.apache.hadoop.util.MetricUtil.captureLatencyNs(MetricUtil.java:36) ~[hdds-common-1.4.0-SNAPSHOT.jar:?]
	at org.apache.hadoop.ozone.om.KeyManagerImpl.getKeyInfo(KeyManagerImpl.java:1929) ~[ozone-manager-1.4.0-SNAPSHOT.jar:?]
	at org.apache.hadoop.ozone.om.OmMetadataReader.getKeyInfo(OmMetadataReader.java:211) ~[ozone-manager-1.4.0-SNAPSHOT.jar:?]
	at org.apache.hadoop.ozone.om.OzoneManager.getKeyInfo(OzoneManager.java:2810) ~[ozone-manager-1.4.0-SNAPSHOT.jar:?]
	at org.apache.hadoop.ozone.protocolPB.OzoneManagerRequestHandler.getKeyInfo(OzoneManagerRequestHandler.java:548) ~[ozone-manager-1.4.0-SNAPSHOT.jar:?]
	at org.apache.hadoop.ozone.protocolPB.OzoneManagerRequestHandler.handleReadRequest(OzoneManagerRequestHandler.java:292) ~[ozone-manager-1.4.0-SNAPSHOT.jar:?]
	at org.apache.hadoop.ozone.protocolPB.OzoneManagerProtocolServerSideTranslatorPB.submitReadRequestToOM(OzoneManagerProtocolServerSideTranslatorPB.java:223) ~[ozone-manager-1.4.0-SNAPSHOT.jar:?]
	at org.apache.hadoop.ozone.protocolPB.OzoneManagerProtocolServerSideTranslatorPB.processRequest(OzoneManagerProtocolServerSideTranslatorPB.java:177) ~[ozone-manager-1.4.0-SNAPSHOT.jar:?]
	at org.apache.hadoop.hdds.server.OzoneProtocolMessageDispatcher.processRequest(OzoneProtocolMessageDispatcher.java:87) [hdds-server-framework-1.4.0-SNAPSHOT.jar:?]
	at org.apache.hadoop.ozone.protocolPB.OzoneManagerProtocolServerSideTranslatorPB.submitRequest(OzoneManagerProtocolServerSideTranslatorPB.java:147) [ozone-manager-1.4.0-SNAPSHOT.jar:?]
	at org.apache.hadoop.ozone.protocol.proto.OzoneManagerProtocolProtos$OzoneManagerService$2.callBlockingMethod(OzoneManagerProtocolProtos.java) [ozone-interface-client-1.4.0-SNAPSHOT.jar:?]
	at org.apache.hadoop.ipc.ProtobufRpcEngine$Server.processCall(ProtobufRpcEngine.java:465) [hadoop-common-3.3.4.jar:?]
	at org.apache.hadoop.ipc.ProtobufRpcEngine2$Server$ProtoBufRpcInvoker.call(ProtobufRpcEngine2.java:578) [hadoop-common-3.3.4.jar:?]
	at org.apache.hadoop.ipc.ProtobufRpcEngine2$Server$ProtoBufRpcInvoker.call(ProtobufRpcEngine2.java:556) [hadoop-common-3.3.4.jar:?]
	at org.apache.hadoop.ipc.RPC$Server.call(RPC.java:1093) [hadoop-common-3.3.4.jar:?]
	at org.apache.hadoop.ipc.Server$RpcCall.run(Server.java:1043) [hadoop-common-3.3.4.jar:?]
	at org.apache.hadoop.ipc.Server$RpcCall.run(Server.java:971) [hadoop-common-3.3.4.jar:?]
	at java.security.AccessController.doPrivileged(Native Method) ~[?:1.8.0_362]
	at javax.security.auth.Subject.doAs(Subject.java:422) [?:1.8.0_362]
	at org.apache.hadoop.security.UserGroupInformation.doAs(UserGroupInformation.java:1878) [hadoop-common-3.3.4.jar:?]
	at org.apache.hadoop.ipc.Server$Handler.run(Server.java:2976) [hadoop-common-3.3.4.jar:?]
]]></system-out>
  </testcase>
  <testcase name="testSeekOnFileLength" classname="TestOzoneFileSystemWithFSO" time="0.101">
    <system-out><![CDATA[05:44:46.515 [IPC Server handler 7 on default port 39193] ERROR OMAudit - user=runner | ip=127.0.0.1 | op=READ_KEY {volume=volume61968, bucket=bucket63791, key=file_notexist, dataSize=0, replicationConfig=null} | ret=FAILURE
org.apache.hadoop.ozone.om.exceptions.OMException: Key:file_notexist not found
	at org.apache.hadoop.ozone.om.KeyManagerImpl.readKeyInfo(KeyManagerImpl.java:427) ~[ozone-manager-1.4.0-SNAPSHOT.jar:?]
	at org.apache.hadoop.ozone.om.KeyManagerImpl.lambda$9(KeyManagerImpl.java:1931) ~[ozone-manager-1.4.0-SNAPSHOT.jar:?]
	at org.apache.hadoop.util.MetricUtil.captureLatencyNs(MetricUtil.java:36) ~[hdds-common-1.4.0-SNAPSHOT.jar:?]
	at org.apache.hadoop.ozone.om.KeyManagerImpl.getKeyInfo(KeyManagerImpl.java:1929) ~[ozone-manager-1.4.0-SNAPSHOT.jar:?]
	at org.apache.hadoop.ozone.om.OmMetadataReader.getKeyInfo(OmMetadataReader.java:211) ~[ozone-manager-1.4.0-SNAPSHOT.jar:?]
	at org.apache.hadoop.ozone.om.OzoneManager.getKeyInfo(OzoneManager.java:2810) ~[ozone-manager-1.4.0-SNAPSHOT.jar:?]
	at org.apache.hadoop.ozone.protocolPB.OzoneManagerRequestHandler.getKeyInfo(OzoneManagerRequestHandler.java:548) ~[ozone-manager-1.4.0-SNAPSHOT.jar:?]
	at org.apache.hadoop.ozone.protocolPB.OzoneManagerRequestHandler.handleReadRequest(OzoneManagerRequestHandler.java:292) ~[ozone-manager-1.4.0-SNAPSHOT.jar:?]
	at org.apache.hadoop.ozone.protocolPB.OzoneManagerProtocolServerSideTranslatorPB.submitRequestDirectlyToOM(OzoneManagerProtocolServerSideTranslatorPB.java:272) ~[ozone-manager-1.4.0-SNAPSHOT.jar:?]
	at org.apache.hadoop.ozone.protocolPB.OzoneManagerProtocolServerSideTranslatorPB.processRequest(OzoneManagerProtocolServerSideTranslatorPB.java:173) ~[ozone-manager-1.4.0-SNAPSHOT.jar:?]
	at org.apache.hadoop.hdds.server.OzoneProtocolMessageDispatcher.processRequest(OzoneProtocolMessageDispatcher.java:87) [hdds-server-framework-1.4.0-SNAPSHOT.jar:?]
	at org.apache.hadoop.ozone.protocolPB.OzoneManagerProtocolServerSideTranslatorPB.submitRequest(OzoneManagerProtocolServerSideTranslatorPB.java:147) [ozone-manager-1.4.0-SNAPSHOT.jar:?]
	at org.apache.hadoop.ozone.protocol.proto.OzoneManagerProtocolProtos$OzoneManagerService$2.callBlockingMethod(OzoneManagerProtocolProtos.java) [ozone-interface-client-1.4.0-SNAPSHOT.jar:?]
	at org.apache.hadoop.ipc.ProtobufRpcEngine$Server.processCall(ProtobufRpcEngine.java:465) [hadoop-common-3.3.4.jar:?]
	at org.apache.hadoop.ipc.ProtobufRpcEngine2$Server$ProtoBufRpcInvoker.call(ProtobufRpcEngine2.java:578) [hadoop-common-3.3.4.jar:?]
	at org.apache.hadoop.ipc.ProtobufRpcEngine2$Server$ProtoBufRpcInvoker.call(ProtobufRpcEngine2.java:556) [hadoop-common-3.3.4.jar:?]
	at org.apache.hadoop.ipc.RPC$Server.call(RPC.java:1093) [hadoop-common-3.3.4.jar:?]
	at org.apache.hadoop.ipc.Server$RpcCall.run(Server.java:1043) [hadoop-common-3.3.4.jar:?]
	at org.apache.hadoop.ipc.Server$RpcCall.run(Server.java:971) [hadoop-common-3.3.4.jar:?]
	at java.security.AccessController.doPrivileged(Native Method) ~[?:1.8.0_362]
	at javax.security.auth.Subject.doAs(Subject.java:422) [?:1.8.0_362]
	at org.apache.hadoop.security.UserGroupInformation.doAs(UserGroupInformation.java:1878) [hadoop-common-3.3.4.jar:?]
	at org.apache.hadoop.ipc.Server$Handler.run(Server.java:2976) [hadoop-common-3.3.4.jar:?]
]]></system-out>
  </testcase>
  <testcase name="testRenameFile" classname="TestOzoneFileSystemWithFSO" time="0.054">
    <system-out><![CDATA[2023-03-15 05:43:59,632 [OM StateMachine ApplyTransaction Thread - 0] INFO  key.OMKeyRequest (OMKeyRequest.java:wrapUncommittedBlocksAsPseudoKey(838)) - Detect allocated but uncommitted blocks [{blockID={containerID=2, localID=111677748019200018}, length=4194304, offset=0, token=null, pipeline=null, createVersion=0, partNumber=0}] in key root/file1_Copy.
]]></system-out>
  </testcase>
  <testcase name="testRenameFile" classname="TestOzoneFileSystemWithFSO" time="0.021">
    <system-out><![CDATA[2023-03-15 05:44:46,527 [IPC Server handler 14 on default port 39193] INFO  key.OMKeyRequest (OMKeyRequest.java:wrapUncommittedBlocksAsPseudoKey(838)) - Detect allocated but uncommitted blocks [{blockID={containerID=1, localID=111677748019200018}, length=4194304, offset=0, token=null, pipeline=null, createVersion=0, partNumber=0}] in key root/file1_Copy.
]]></system-out>
  </testcase>
  <testcase name="testRenameDir" classname="TestOzoneFileSystemWithFSO" time="0.028">
    <system-out><![CDATA[2023-03-15 05:43:59,675 [Time-limited test] INFO  ozone.TestOzoneFileSystem (TestOzoneFileSystem.java:testRenameDir(1430)) - Created dir o3fs://bucket98126.volume35147/root_dir/dir1/sub_dir1
2023-03-15 05:43:59,676 [Time-limited test] INFO  ozone.TestOzoneFileSystem (TestOzoneFileSystem.java:testRenameDir(1431)) - Will move o3fs://bucket98126.volume35147/root_dir/dir1 to o3fs://bucket98126.volume35147/root_dir/dir1.renamed
]]></system-out>
  </testcase>
  <testcase name="testRenameDir" classname="TestOzoneFileSystemWithFSO" time="0.011">
    <system-out><![CDATA[2023-03-15 05:44:46,543 [Time-limited test] INFO  ozone.TestOzoneFileSystem (TestOzoneFileSystem.java:testRenameDir(1430)) - Created dir o3fs://bucket63791.volume61968/root_dir/dir1/sub_dir1
2023-03-15 05:44:46,544 [Time-limited test] INFO  ozone.TestOzoneFileSystem (TestOzoneFileSystem.java:testRenameDir(1431)) - Will move o3fs://bucket63791.volume61968/root_dir/dir1 to o3fs://bucket63791.volume61968/root_dir/dir1.renamed
]]></system-out>
  </testcase>
  <testcase name="testListStatusIteratorOnSubDirs" classname="TestOzoneFileSystemWithFSO" time="0.036">
    <system-out><![CDATA[2023-03-15 05:43:59,712 [OM StateMachine ApplyTransaction Thread - 0] INFO  key.OMKeyRequest (OMKeyRequest.java:wrapUncommittedBlocksAsPseudoKey(838)) - Detect allocated but uncommitted blocks [{blockID={containerID=1, localID=111677748019200019}, length=4194304, offset=0, token=null, pipeline=null, createVersion=0, partNumber=0}] in key dir1/dir12/file121.
]]></system-out>
  </testcase>
  <testcase name="testListStatusIteratorOnSubDirs" classname="TestOzoneFileSystemWithFSO" time="0.013">
    <system-out><![CDATA[2023-03-15 05:44:46,557 [IPC Server handler 3 on default port 39193] INFO  key.OMKeyRequest (OMKeyRequest.java:wrapUncommittedBlocksAsPseudoKey(838)) - Detect allocated but uncommitted blocks [{blockID={containerID=2, localID=111677748019200019}, length=4194304, offset=0, token=null, pipeline=null, createVersion=0, partNumber=0}] in key dir1/dir12/file121.
]]></system-out>
  </testcase>
  <testcase name="testAllocateMoreThanOneBlock" classname="TestOzoneFileSystemWithFSO" time="0.444"/>
  <testcase name="testAllocateMoreThanOneBlock" classname="TestOzoneFileSystemWithFSO" time="0.495">
    <system-out><![CDATA[2023-03-15 05:44:46,590 [c612d8d5-a02f-487c-9690-98407afc9b63@group-5A985B7FF42E-FollowerState] INFO  impl.FollowerState (FollowerState.java:run(143)) - c612d8d5-a02f-487c-9690-98407afc9b63@group-5A985B7FF42E-FollowerState: change to CANDIDATE, lastRpcElapsedTime:5162587241ns, electionTimeout:5162ms
2023-03-15 05:44:46,590 [c612d8d5-a02f-487c-9690-98407afc9b63@group-5A985B7FF42E-FollowerState] INFO  impl.RoleInfo (RoleInfo.java:shutdownFollowerState(110)) - c612d8d5-a02f-487c-9690-98407afc9b63: shutdown c612d8d5-a02f-487c-9690-98407afc9b63@group-5A985B7FF42E-FollowerState
2023-03-15 05:44:46,590 [c612d8d5-a02f-487c-9690-98407afc9b63@group-5A985B7FF42E-FollowerState] INFO  server.RaftServer$Division (RaftServerImpl.java:setRole(321)) - c612d8d5-a02f-487c-9690-98407afc9b63@group-5A985B7FF42E: changes role from  FOLLOWER to CANDIDATE at term 0 for changeToCandidate
2023-03-15 05:44:46,590 [c612d8d5-a02f-487c-9690-98407afc9b63@group-5A985B7FF42E-FollowerState] INFO  server.RaftServerConfigKeys (ConfUtils.java:logGet(46)) - raft.server.leaderelection.pre-vote = true (default)
2023-03-15 05:44:46,590 [c612d8d5-a02f-487c-9690-98407afc9b63@group-5A985B7FF42E-FollowerState] INFO  impl.RoleInfo (RoleInfo.java:updateAndGet(139)) - c612d8d5-a02f-487c-9690-98407afc9b63: start c612d8d5-a02f-487c-9690-98407afc9b63@group-5A985B7FF42E-LeaderElection15
2023-03-15 05:44:46,607 [c612d8d5-a02f-487c-9690-98407afc9b63@group-5A985B7FF42E-LeaderElection15] INFO  impl.LeaderElection (LeaderElection.java:askForVotes(312)) - c612d8d5-a02f-487c-9690-98407afc9b63@group-5A985B7FF42E-LeaderElection15 PRE_VOTE round 0: submit vote requests at term 0 for -1: peers:[c612d8d5-a02f-487c-9690-98407afc9b63|rpc:10.1.0.18:38341|dataStream:10.1.0.18:46343|priority:1|startupRole:FOLLOWER]|listeners:[], old=null
2023-03-15 05:44:46,607 [c612d8d5-a02f-487c-9690-98407afc9b63@group-5A985B7FF42E-LeaderElection15] INFO  impl.LeaderElection (LeaderElection.java:askForVotes(314)) - c612d8d5-a02f-487c-9690-98407afc9b63@group-5A985B7FF42E-LeaderElection15 PRE_VOTE round 0: result PASSED (term=0)
2023-03-15 05:44:46,608 [c612d8d5-a02f-487c-9690-98407afc9b63@group-5A985B7FF42E-LeaderElection15] INFO  impl.LeaderElection (LeaderElection.java:askForVotes(312)) - c612d8d5-a02f-487c-9690-98407afc9b63@group-5A985B7FF42E-LeaderElection15 ELECTION round 0: submit vote requests at term 1 for -1: peers:[c612d8d5-a02f-487c-9690-98407afc9b63|rpc:10.1.0.18:38341|dataStream:10.1.0.18:46343|priority:1|startupRole:FOLLOWER]|listeners:[], old=null
2023-03-15 05:44:46,608 [c612d8d5-a02f-487c-9690-98407afc9b63@group-5A985B7FF42E-LeaderElection15] INFO  impl.LeaderElection (LeaderElection.java:askForVotes(314)) - c612d8d5-a02f-487c-9690-98407afc9b63@group-5A985B7FF42E-LeaderElection15 ELECTION round 0: result PASSED (term=1)
2023-03-15 05:44:46,608 [c612d8d5-a02f-487c-9690-98407afc9b63@group-5A985B7FF42E-LeaderElection15] INFO  impl.RoleInfo (RoleInfo.java:shutdownLeaderElection(130)) - c612d8d5-a02f-487c-9690-98407afc9b63: shutdown c612d8d5-a02f-487c-9690-98407afc9b63@group-5A985B7FF42E-LeaderElection15
2023-03-15 05:44:46,608 [c612d8d5-a02f-487c-9690-98407afc9b63@group-5A985B7FF42E-LeaderElection15] INFO  server.RaftServer$Division (RaftServerImpl.java:setRole(321)) - c612d8d5-a02f-487c-9690-98407afc9b63@group-5A985B7FF42E: changes role from CANDIDATE to LEADER at term 1 for changeToLeader
2023-03-15 05:44:46,608 [c612d8d5-a02f-487c-9690-98407afc9b63@group-5A985B7FF42E-LeaderElection15] INFO  ratis.XceiverServerRatis (XceiverServerRatis.java:handleLeaderChangedNotification(905)) - Leader change notification received for group: group-5A985B7FF42E with new leaderId: c612d8d5-a02f-487c-9690-98407afc9b63
2023-03-15 05:44:46,609 [c612d8d5-a02f-487c-9690-98407afc9b63@group-5A985B7FF42E-LeaderElection15] INFO  server.RaftServer$Division (ServerState.java:setLeader(313)) - c612d8d5-a02f-487c-9690-98407afc9b63@group-5A985B7FF42E: change Leader from null to c612d8d5-a02f-487c-9690-98407afc9b63 at term 1 for becomeLeader, leader elected after 5197ms
2023-03-15 05:44:46,609 [c612d8d5-a02f-487c-9690-98407afc9b63@group-5A985B7FF42E-LeaderElection15] INFO  server.RaftServerConfigKeys (ConfUtils.java:logGet(46)) - raft.server.staging.catchup.gap = 1000 (default)
2023-03-15 05:44:46,609 [c612d8d5-a02f-487c-9690-98407afc9b63@group-5A985B7FF42E-LeaderElection15] INFO  server.RaftServerConfigKeys (ConfUtils.java:logGet(46)) - raft.server.write.element-limit = 1024 (custom)
2023-03-15 05:44:46,609 [c612d8d5-a02f-487c-9690-98407afc9b63@group-5A985B7FF42E-LeaderElection15] INFO  server.RaftServerConfigKeys (ConfUtils.java:logGet(46)) - raft.server.write.byte-limit = 1024 M (=1073741824) (custom)
2023-03-15 05:44:46,609 [c612d8d5-a02f-487c-9690-98407afc9b63@group-5A985B7FF42E-LeaderElection15] INFO  server.RaftServerConfigKeys (ConfUtils.java:logGet(46)) - raft.server.watch.timeout = 180s (custom)
2023-03-15 05:44:46,609 [c612d8d5-a02f-487c-9690-98407afc9b63@group-5A985B7FF42E-LeaderElection15] INFO  server.RaftServerConfigKeys (ConfUtils.java:logGet(46)) - raft.server.watch.timeout.denomination = 1s (default)
2023-03-15 05:44:46,609 [c612d8d5-a02f-487c-9690-98407afc9b63@group-5A985B7FF42E-LeaderElection15] INFO  server.RaftServerConfigKeys (ConfUtils.java:logGet(46)) - raft.server.watch.element-limit = 65536 (default)
2023-03-15 05:44:46,609 [c612d8d5-a02f-487c-9690-98407afc9b63@group-5A985B7FF42E-LeaderElection15] INFO  server.RaftServerConfigKeys (ConfUtils.java:logGet(46)) - raft.server.write.element-limit = 1024 (custom)
2023-03-15 05:44:46,609 [c612d8d5-a02f-487c-9690-98407afc9b63@group-5A985B7FF42E-LeaderElection15] INFO  server.RaftServerConfigKeys (ConfUtils.java:logGet(46)) - raft.server.write.follower.gap.ratio.max = -1.0 (default)
2023-03-15 05:44:46,609 [c612d8d5-a02f-487c-9690-98407afc9b63@group-5A985B7FF42E-LeaderElection15] INFO  impl.RoleInfo (RoleInfo.java:updateAndGet(139)) - c612d8d5-a02f-487c-9690-98407afc9b63: start c612d8d5-a02f-487c-9690-98407afc9b63@group-5A985B7FF42E-LeaderStateImpl
2023-03-15 05:44:46,610 [c612d8d5-a02f-487c-9690-98407afc9b63@group-5A985B7FF42E-LeaderElection15] INFO  segmented.SegmentedRaftLogWorker (SegmentedRaftLogWorker.java:startLogSegment(452)) - c612d8d5-a02f-487c-9690-98407afc9b63@group-5A985B7FF42E-SegmentedRaftLogWorker: Starting segment from index:0
2023-03-15 05:44:46,611 [c612d8d5-a02f-487c-9690-98407afc9b63@group-5A985B7FF42E-LeaderElection15] INFO  server.RaftServer$Division (ServerState.java:setRaftConf(430)) - c612d8d5-a02f-487c-9690-98407afc9b63@group-5A985B7FF42E: set configuration 0: peers:[c612d8d5-a02f-487c-9690-98407afc9b63|rpc:10.1.0.18:38341|dataStream:10.1.0.18:46343|priority:1|startupRole:FOLLOWER]|listeners:[], old=null
2023-03-15 05:44:46,611 [c612d8d5-a02f-487c-9690-98407afc9b63@group-5A985B7FF42E-SegmentedRaftLogWorker] INFO  segmented.SegmentedRaftLogWorker (SegmentedRaftLogWorker.java:execute(656)) - c612d8d5-a02f-487c-9690-98407afc9b63@group-5A985B7FF42E-SegmentedRaftLogWorker: created new log segment /home/runner/work/ozone/ozone/hadoop-ozone/integration-test/target/test-dir/MiniOzoneClusterImpl-f3f3c3ea-d6fe-44d8-a21f-130fd89482f1/datanode-2/data/ratis/9acf4574-ae4b-4dec-aec6-5a985b7ff42e/current/log_inprogress_0
2023-03-15 05:44:46,922 [894a1aca-b7ee-471e-bca8-24ba935f080a@group-D13A6919CC25-FollowerState] INFO  impl.FollowerState (FollowerState.java:run(143)) - 894a1aca-b7ee-471e-bca8-24ba935f080a@group-D13A6919CC25-FollowerState: change to CANDIDATE, lastRpcElapsedTime:5160527942ns, electionTimeout:5160ms
2023-03-15 05:44:46,922 [894a1aca-b7ee-471e-bca8-24ba935f080a@group-D13A6919CC25-FollowerState] INFO  impl.RoleInfo (RoleInfo.java:shutdownFollowerState(110)) - 894a1aca-b7ee-471e-bca8-24ba935f080a: shutdown 894a1aca-b7ee-471e-bca8-24ba935f080a@group-D13A6919CC25-FollowerState
2023-03-15 05:44:46,922 [894a1aca-b7ee-471e-bca8-24ba935f080a@group-D13A6919CC25-FollowerState] INFO  server.RaftServer$Division (RaftServerImpl.java:setRole(321)) - 894a1aca-b7ee-471e-bca8-24ba935f080a@group-D13A6919CC25: changes role from  FOLLOWER to CANDIDATE at term 0 for changeToCandidate
2023-03-15 05:44:46,922 [894a1aca-b7ee-471e-bca8-24ba935f080a@group-D13A6919CC25-FollowerState] INFO  server.RaftServerConfigKeys (ConfUtils.java:logGet(46)) - raft.server.leaderelection.pre-vote = true (default)
2023-03-15 05:44:46,922 [894a1aca-b7ee-471e-bca8-24ba935f080a@group-D13A6919CC25-FollowerState] INFO  impl.RoleInfo (RoleInfo.java:updateAndGet(139)) - 894a1aca-b7ee-471e-bca8-24ba935f080a: start 894a1aca-b7ee-471e-bca8-24ba935f080a@group-D13A6919CC25-LeaderElection16
2023-03-15 05:44:46,931 [894a1aca-b7ee-471e-bca8-24ba935f080a@group-D13A6919CC25-LeaderElection16] INFO  impl.LeaderElection (LeaderElection.java:askForVotes(312)) - 894a1aca-b7ee-471e-bca8-24ba935f080a@group-D13A6919CC25-LeaderElection16 PRE_VOTE round 0: submit vote requests at term 0 for -1: peers:[894a1aca-b7ee-471e-bca8-24ba935f080a|rpc:10.1.0.18:43187|dataStream:10.1.0.18:39227|priority:1|startupRole:FOLLOWER]|listeners:[], old=null
2023-03-15 05:44:46,931 [894a1aca-b7ee-471e-bca8-24ba935f080a@group-D13A6919CC25-LeaderElection16] INFO  impl.LeaderElection (LeaderElection.java:askForVotes(314)) - 894a1aca-b7ee-471e-bca8-24ba935f080a@group-D13A6919CC25-LeaderElection16 PRE_VOTE round 0: result PASSED (term=0)
2023-03-15 05:44:46,933 [894a1aca-b7ee-471e-bca8-24ba935f080a@group-D13A6919CC25-LeaderElection16] INFO  impl.LeaderElection (LeaderElection.java:askForVotes(312)) - 894a1aca-b7ee-471e-bca8-24ba935f080a@group-D13A6919CC25-LeaderElection16 ELECTION round 0: submit vote requests at term 1 for -1: peers:[894a1aca-b7ee-471e-bca8-24ba935f080a|rpc:10.1.0.18:43187|dataStream:10.1.0.18:39227|priority:1|startupRole:FOLLOWER]|listeners:[], old=null
2023-03-15 05:44:46,933 [894a1aca-b7ee-471e-bca8-24ba935f080a@group-D13A6919CC25-LeaderElection16] INFO  impl.LeaderElection (LeaderElection.java:askForVotes(314)) - 894a1aca-b7ee-471e-bca8-24ba935f080a@group-D13A6919CC25-LeaderElection16 ELECTION round 0: result PASSED (term=1)
2023-03-15 05:44:46,933 [894a1aca-b7ee-471e-bca8-24ba935f080a@group-D13A6919CC25-LeaderElection16] INFO  impl.RoleInfo (RoleInfo.java:shutdownLeaderElection(130)) - 894a1aca-b7ee-471e-bca8-24ba935f080a: shutdown 894a1aca-b7ee-471e-bca8-24ba935f080a@group-D13A6919CC25-LeaderElection16
2023-03-15 05:44:46,933 [894a1aca-b7ee-471e-bca8-24ba935f080a@group-D13A6919CC25-LeaderElection16] INFO  server.RaftServer$Division (RaftServerImpl.java:setRole(321)) - 894a1aca-b7ee-471e-bca8-24ba935f080a@group-D13A6919CC25: changes role from CANDIDATE to LEADER at term 1 for changeToLeader
2023-03-15 05:44:46,933 [894a1aca-b7ee-471e-bca8-24ba935f080a@group-D13A6919CC25-LeaderElection16] INFO  ratis.XceiverServerRatis (XceiverServerRatis.java:handleLeaderChangedNotification(905)) - Leader change notification received for group: group-D13A6919CC25 with new leaderId: 894a1aca-b7ee-471e-bca8-24ba935f080a
2023-03-15 05:44:46,934 [894a1aca-b7ee-471e-bca8-24ba935f080a@group-D13A6919CC25-LeaderElection16] INFO  server.RaftServer$Division (ServerState.java:setLeader(313)) - 894a1aca-b7ee-471e-bca8-24ba935f080a@group-D13A6919CC25: change Leader from null to 894a1aca-b7ee-471e-bca8-24ba935f080a at term 1 for becomeLeader, leader elected after 5184ms
2023-03-15 05:44:46,934 [894a1aca-b7ee-471e-bca8-24ba935f080a@group-D13A6919CC25-LeaderElection16] INFO  server.RaftServerConfigKeys (ConfUtils.java:logGet(46)) - raft.server.staging.catchup.gap = 1000 (default)
2023-03-15 05:44:46,934 [894a1aca-b7ee-471e-bca8-24ba935f080a@group-D13A6919CC25-LeaderElection16] INFO  server.RaftServerConfigKeys (ConfUtils.java:logGet(46)) - raft.server.write.element-limit = 1024 (custom)
2023-03-15 05:44:46,935 [894a1aca-b7ee-471e-bca8-24ba935f080a@group-D13A6919CC25-LeaderElection16] INFO  server.RaftServerConfigKeys (ConfUtils.java:logGet(46)) - raft.server.write.byte-limit = 1024 M (=1073741824) (custom)
2023-03-15 05:44:46,935 [894a1aca-b7ee-471e-bca8-24ba935f080a@group-D13A6919CC25-LeaderElection16] INFO  server.RaftServerConfigKeys (ConfUtils.java:logGet(46)) - raft.server.watch.timeout = 180s (custom)
2023-03-15 05:44:46,935 [894a1aca-b7ee-471e-bca8-24ba935f080a@group-D13A6919CC25-LeaderElection16] INFO  server.RaftServerConfigKeys (ConfUtils.java:logGet(46)) - raft.server.watch.timeout.denomination = 1s (default)
2023-03-15 05:44:46,935 [894a1aca-b7ee-471e-bca8-24ba935f080a@group-D13A6919CC25-LeaderElection16] INFO  server.RaftServerConfigKeys (ConfUtils.java:logGet(46)) - raft.server.watch.element-limit = 65536 (default)
2023-03-15 05:44:46,935 [894a1aca-b7ee-471e-bca8-24ba935f080a@group-D13A6919CC25-LeaderElection16] INFO  server.RaftServerConfigKeys (ConfUtils.java:logGet(46)) - raft.server.write.element-limit = 1024 (custom)
2023-03-15 05:44:46,935 [894a1aca-b7ee-471e-bca8-24ba935f080a@group-D13A6919CC25-LeaderElection16] INFO  server.RaftServerConfigKeys (ConfUtils.java:logGet(46)) - raft.server.write.follower.gap.ratio.max = -1.0 (default)
2023-03-15 05:44:46,935 [894a1aca-b7ee-471e-bca8-24ba935f080a@group-D13A6919CC25-LeaderElection16] INFO  impl.RoleInfo (RoleInfo.java:updateAndGet(139)) - 894a1aca-b7ee-471e-bca8-24ba935f080a: start 894a1aca-b7ee-471e-bca8-24ba935f080a@group-D13A6919CC25-LeaderStateImpl
2023-03-15 05:44:46,935 [894a1aca-b7ee-471e-bca8-24ba935f080a@group-D13A6919CC25-LeaderElection16] INFO  segmented.SegmentedRaftLogWorker (SegmentedRaftLogWorker.java:startLogSegment(452)) - 894a1aca-b7ee-471e-bca8-24ba935f080a@group-D13A6919CC25-SegmentedRaftLogWorker: Starting segment from index:0
2023-03-15 05:44:46,936 [894a1aca-b7ee-471e-bca8-24ba935f080a@group-D13A6919CC25-SegmentedRaftLogWorker] INFO  segmented.SegmentedRaftLogWorker (SegmentedRaftLogWorker.java:execute(656)) - 894a1aca-b7ee-471e-bca8-24ba935f080a@group-D13A6919CC25-SegmentedRaftLogWorker: created new log segment /home/runner/work/ozone/ozone/hadoop-ozone/integration-test/target/test-dir/MiniOzoneClusterImpl-f3f3c3ea-d6fe-44d8-a21f-130fd89482f1/datanode-3/data/ratis/438c8c81-ae6f-4449-baf2-d13a6919cc25/current/log_inprogress_0
2023-03-15 05:44:46,938 [894a1aca-b7ee-471e-bca8-24ba935f080a@group-D13A6919CC25-LeaderElection16] INFO  server.RaftServer$Division (ServerState.java:setRaftConf(430)) - 894a1aca-b7ee-471e-bca8-24ba935f080a@group-D13A6919CC25: set configuration 0: peers:[894a1aca-b7ee-471e-bca8-24ba935f080a|rpc:10.1.0.18:43187|dataStream:10.1.0.18:39227|priority:1|startupRole:FOLLOWER]|listeners:[], old=null
]]></system-out>
  </testcase>
  <testcase name="testRenameToExistingDir" classname="TestOzoneFileSystemWithFSO" time="0.046"/>
  <testcase name="testRenameToExistingDir" classname="TestOzoneFileSystemWithFSO" time="0.011"/>
  <testcase name="testTrash" classname="TestOzoneFileSystemWithFSO" time="5.095">
    <system-out><![CDATA[2023-03-15 05:44:00,250 [OM StateMachine ApplyTransaction Thread - 0] INFO  key.OMKeyRequest (OMKeyRequest.java:wrapUncommittedBlocksAsPseudoKey(838)) - Detect allocated but uncommitted blocks [{blockID={containerID=3, localID=111677748019200022}, length=4194304, offset=0, token=null, pipeline=null, createVersion=0, partNumber=0}] in key testKey2.
05:44:00.271 [IPC Server handler 1 on default port 43369] ERROR OMAudit - user=runner | ip=127.0.0.1 | op=GET_FILE_STATUS {volume=volume35147, bucket=bucket98126, key=.Trash/runner/Current/testKey2, dataSize=0, replicationConfig=null} | ret=FAILURE
org.apache.hadoop.ozone.om.exceptions.OMException: Unable to get file status: volume: volume35147 bucket: bucket98126 key: .Trash/runner/Current/testKey2
	at org.apache.hadoop.ozone.om.KeyManagerImpl.getOzoneFileStatusFSO(KeyManagerImpl.java:1320) ~[ozone-manager-1.4.0-SNAPSHOT.jar:?]
	at org.apache.hadoop.ozone.om.KeyManagerImpl.getFileStatus(KeyManagerImpl.java:1112) ~[ozone-manager-1.4.0-SNAPSHOT.jar:?]
	at org.apache.hadoop.ozone.om.OmMetadataReader.getFileStatus(OmMetadataReader.java:288) ~[ozone-manager-1.4.0-SNAPSHOT.jar:?]
	at org.apache.hadoop.ozone.om.OzoneManager.getFileStatus(OzoneManager.java:3494) ~[ozone-manager-1.4.0-SNAPSHOT.jar:?]
	at org.apache.hadoop.ozone.protocolPB.OzoneManagerRequestHandler.getOzoneFileStatus(OzoneManagerRequestHandler.java:933) ~[ozone-manager-1.4.0-SNAPSHOT.jar:?]
	at org.apache.hadoop.ozone.protocolPB.OzoneManagerRequestHandler.handleReadRequest(OzoneManagerRequestHandler.java:238) ~[ozone-manager-1.4.0-SNAPSHOT.jar:?]
	at org.apache.hadoop.ozone.protocolPB.OzoneManagerProtocolServerSideTranslatorPB.submitReadRequestToOM(OzoneManagerProtocolServerSideTranslatorPB.java:223) ~[ozone-manager-1.4.0-SNAPSHOT.jar:?]
	at org.apache.hadoop.ozone.protocolPB.OzoneManagerProtocolServerSideTranslatorPB.processRequest(OzoneManagerProtocolServerSideTranslatorPB.java:177) ~[ozone-manager-1.4.0-SNAPSHOT.jar:?]
	at org.apache.hadoop.hdds.server.OzoneProtocolMessageDispatcher.processRequest(OzoneProtocolMessageDispatcher.java:87) [hdds-server-framework-1.4.0-SNAPSHOT.jar:?]
	at org.apache.hadoop.ozone.protocolPB.OzoneManagerProtocolServerSideTranslatorPB.submitRequest(OzoneManagerProtocolServerSideTranslatorPB.java:147) [ozone-manager-1.4.0-SNAPSHOT.jar:?]
	at org.apache.hadoop.ozone.protocol.proto.OzoneManagerProtocolProtos$OzoneManagerService$2.callBlockingMethod(OzoneManagerProtocolProtos.java) [ozone-interface-client-1.4.0-SNAPSHOT.jar:?]
	at org.apache.hadoop.ipc.ProtobufRpcEngine$Server.processCall(ProtobufRpcEngine.java:465) [hadoop-common-3.3.4.jar:?]
	at org.apache.hadoop.ipc.ProtobufRpcEngine2$Server$ProtoBufRpcInvoker.call(ProtobufRpcEngine2.java:578) [hadoop-common-3.3.4.jar:?]
	at org.apache.hadoop.ipc.ProtobufRpcEngine2$Server$ProtoBufRpcInvoker.call(ProtobufRpcEngine2.java:556) [hadoop-common-3.3.4.jar:?]
	at org.apache.hadoop.ipc.RPC$Server.call(RPC.java:1093) [hadoop-common-3.3.4.jar:?]
	at org.apache.hadoop.ipc.Server$RpcCall.run(Server.java:1043) [hadoop-common-3.3.4.jar:?]
	at org.apache.hadoop.ipc.Server$RpcCall.run(Server.java:971) [hadoop-common-3.3.4.jar:?]
	at java.security.AccessController.doPrivileged(Native Method) ~[?:1.8.0_362]
	at javax.security.auth.Subject.doAs(Subject.java:422) [?:1.8.0_362]
	at org.apache.hadoop.security.UserGroupInformation.doAs(UserGroupInformation.java:1878) [hadoop-common-3.3.4.jar:?]
	at org.apache.hadoop.ipc.Server$Handler.run(Server.java:2976) [hadoop-common-3.3.4.jar:?]
2023-03-15 05:44:00,283 [Time-limited test] INFO  om.TrashPolicyOzone (TrashPolicyOzone.java:moveToTrash(209)) - Moved: '/testKey2' to trash at: /.Trash/runner/Current/testKey2
05:44:02.290 [IPC Server handler 8 on default port 43369] ERROR OMAudit - user=runner | ip=127.0.0.1 | op=GET_FILE_STATUS {volume=volume35147, bucket=bucket98126, key=.Trash/runner/Current/testKey2, dataSize=0, replicationConfig=null} | ret=FAILURE
org.apache.hadoop.ozone.om.exceptions.OMException: Unable to get file status: volume: volume35147 bucket: bucket98126 key: .Trash/runner/Current/testKey2
	at org.apache.hadoop.ozone.om.KeyManagerImpl.getOzoneFileStatusFSO(KeyManagerImpl.java:1320) ~[ozone-manager-1.4.0-SNAPSHOT.jar:?]
	at org.apache.hadoop.ozone.om.KeyManagerImpl.getFileStatus(KeyManagerImpl.java:1112) ~[ozone-manager-1.4.0-SNAPSHOT.jar:?]
	at org.apache.hadoop.ozone.om.OmMetadataReader.getFileStatus(OmMetadataReader.java:288) ~[ozone-manager-1.4.0-SNAPSHOT.jar:?]
	at org.apache.hadoop.ozone.om.OzoneManager.getFileStatus(OzoneManager.java:3494) ~[ozone-manager-1.4.0-SNAPSHOT.jar:?]
	at org.apache.hadoop.ozone.protocolPB.OzoneManagerRequestHandler.getOzoneFileStatus(OzoneManagerRequestHandler.java:933) ~[ozone-manager-1.4.0-SNAPSHOT.jar:?]
	at org.apache.hadoop.ozone.protocolPB.OzoneManagerRequestHandler.handleReadRequest(OzoneManagerRequestHandler.java:238) ~[ozone-manager-1.4.0-SNAPSHOT.jar:?]
	at org.apache.hadoop.ozone.protocolPB.OzoneManagerProtocolServerSideTranslatorPB.submitReadRequestToOM(OzoneManagerProtocolServerSideTranslatorPB.java:223) ~[ozone-manager-1.4.0-SNAPSHOT.jar:?]
	at org.apache.hadoop.ozone.protocolPB.OzoneManagerProtocolServerSideTranslatorPB.processRequest(OzoneManagerProtocolServerSideTranslatorPB.java:177) ~[ozone-manager-1.4.0-SNAPSHOT.jar:?]
	at org.apache.hadoop.hdds.server.OzoneProtocolMessageDispatcher.processRequest(OzoneProtocolMessageDispatcher.java:87) [hdds-server-framework-1.4.0-SNAPSHOT.jar:?]
	at org.apache.hadoop.ozone.protocolPB.OzoneManagerProtocolServerSideTranslatorPB.submitRequest(OzoneManagerProtocolServerSideTranslatorPB.java:147) [ozone-manager-1.4.0-SNAPSHOT.jar:?]
	at org.apache.hadoop.ozone.protocol.proto.OzoneManagerProtocolProtos$OzoneManagerService$2.callBlockingMethod(OzoneManagerProtocolProtos.java) [ozone-interface-client-1.4.0-SNAPSHOT.jar:?]
	at org.apache.hadoop.ipc.ProtobufRpcEngine$Server.processCall(ProtobufRpcEngine.java:465) [hadoop-common-3.3.4.jar:?]
	at org.apache.hadoop.ipc.ProtobufRpcEngine2$Server$ProtoBufRpcInvoker.call(ProtobufRpcEngine2.java:578) [hadoop-common-3.3.4.jar:?]
	at org.apache.hadoop.ipc.ProtobufRpcEngine2$Server$ProtoBufRpcInvoker.call(ProtobufRpcEngine2.java:556) [hadoop-common-3.3.4.jar:?]
	at org.apache.hadoop.ipc.RPC$Server.call(RPC.java:1093) [hadoop-common-3.3.4.jar:?]
	at org.apache.hadoop.ipc.Server$RpcCall.run(Server.java:1043) [hadoop-common-3.3.4.jar:?]
	at org.apache.hadoop.ipc.Server$RpcCall.run(Server.java:971) [hadoop-common-3.3.4.jar:?]
	at java.security.AccessController.doPrivileged(Native Method) ~[?:1.8.0_362]
	at javax.security.auth.Subject.doAs(Subject.java:422) [?:1.8.0_362]
	at org.apache.hadoop.security.UserGroupInformation.doAs(UserGroupInformation.java:1878) [hadoop-common-3.3.4.jar:?]
	at org.apache.hadoop.ipc.Server$Handler.run(Server.java:2976) [hadoop-common-3.3.4.jar:?]
]]></system-out>
  </testcase>
  <testcase name="testTrash" classname="TestOzoneFileSystemWithFSO" time="4.019">
    <system-out><![CDATA[2023-03-15 05:44:47,077 [IPC Server handler 10 on default port 39193] INFO  key.OMKeyRequest (OMKeyRequest.java:wrapUncommittedBlocksAsPseudoKey(838)) - Detect allocated but uncommitted blocks [{blockID={containerID=1, localID=111677748019200022}, length=4194304, offset=0, token=null, pipeline=null, createVersion=0, partNumber=0}] in key testKey2.
05:44:47.079 [IPC Server handler 13 on default port 39193] ERROR OMAudit - user=runner | ip=127.0.0.1 | op=GET_FILE_STATUS {volume=volume61968, bucket=bucket63791, key=.Trash/runner/Current/testKey2, dataSize=0, replicationConfig=null} | ret=FAILURE
org.apache.hadoop.ozone.om.exceptions.OMException: Unable to get file status: volume: volume61968 bucket: bucket63791 key: .Trash/runner/Current/testKey2
	at org.apache.hadoop.ozone.om.KeyManagerImpl.getOzoneFileStatusFSO(KeyManagerImpl.java:1320) ~[ozone-manager-1.4.0-SNAPSHOT.jar:?]
	at org.apache.hadoop.ozone.om.KeyManagerImpl.getFileStatus(KeyManagerImpl.java:1112) ~[ozone-manager-1.4.0-SNAPSHOT.jar:?]
	at org.apache.hadoop.ozone.om.OmMetadataReader.getFileStatus(OmMetadataReader.java:288) ~[ozone-manager-1.4.0-SNAPSHOT.jar:?]
	at org.apache.hadoop.ozone.om.OzoneManager.getFileStatus(OzoneManager.java:3494) ~[ozone-manager-1.4.0-SNAPSHOT.jar:?]
	at org.apache.hadoop.ozone.protocolPB.OzoneManagerRequestHandler.getOzoneFileStatus(OzoneManagerRequestHandler.java:933) ~[ozone-manager-1.4.0-SNAPSHOT.jar:?]
	at org.apache.hadoop.ozone.protocolPB.OzoneManagerRequestHandler.handleReadRequest(OzoneManagerRequestHandler.java:238) ~[ozone-manager-1.4.0-SNAPSHOT.jar:?]
	at org.apache.hadoop.ozone.protocolPB.OzoneManagerProtocolServerSideTranslatorPB.submitRequestDirectlyToOM(OzoneManagerProtocolServerSideTranslatorPB.java:272) ~[ozone-manager-1.4.0-SNAPSHOT.jar:?]
	at org.apache.hadoop.ozone.protocolPB.OzoneManagerProtocolServerSideTranslatorPB.processRequest(OzoneManagerProtocolServerSideTranslatorPB.java:173) ~[ozone-manager-1.4.0-SNAPSHOT.jar:?]
	at org.apache.hadoop.hdds.server.OzoneProtocolMessageDispatcher.processRequest(OzoneProtocolMessageDispatcher.java:87) [hdds-server-framework-1.4.0-SNAPSHOT.jar:?]
	at org.apache.hadoop.ozone.protocolPB.OzoneManagerProtocolServerSideTranslatorPB.submitRequest(OzoneManagerProtocolServerSideTranslatorPB.java:147) [ozone-manager-1.4.0-SNAPSHOT.jar:?]
	at org.apache.hadoop.ozone.protocol.proto.OzoneManagerProtocolProtos$OzoneManagerService$2.callBlockingMethod(OzoneManagerProtocolProtos.java) [ozone-interface-client-1.4.0-SNAPSHOT.jar:?]
	at org.apache.hadoop.ipc.ProtobufRpcEngine$Server.processCall(ProtobufRpcEngine.java:465) [hadoop-common-3.3.4.jar:?]
	at org.apache.hadoop.ipc.ProtobufRpcEngine2$Server$ProtoBufRpcInvoker.call(ProtobufRpcEngine2.java:578) [hadoop-common-3.3.4.jar:?]
	at org.apache.hadoop.ipc.ProtobufRpcEngine2$Server$ProtoBufRpcInvoker.call(ProtobufRpcEngine2.java:556) [hadoop-common-3.3.4.jar:?]
	at org.apache.hadoop.ipc.RPC$Server.call(RPC.java:1093) [hadoop-common-3.3.4.jar:?]
	at org.apache.hadoop.ipc.Server$RpcCall.run(Server.java:1043) [hadoop-common-3.3.4.jar:?]
	at org.apache.hadoop.ipc.Server$RpcCall.run(Server.java:971) [hadoop-common-3.3.4.jar:?]
	at java.security.AccessController.doPrivileged(Native Method) ~[?:1.8.0_362]
	at javax.security.auth.Subject.doAs(Subject.java:422) [?:1.8.0_362]
	at org.apache.hadoop.security.UserGroupInformation.doAs(UserGroupInformation.java:1878) [hadoop-common-3.3.4.jar:?]
	at org.apache.hadoop.ipc.Server$Handler.run(Server.java:2976) [hadoop-common-3.3.4.jar:?]
2023-03-15 05:44:47,080 [Time-limited test] INFO  om.TrashPolicyOzone (TrashPolicyOzone.java:moveToTrash(209)) - Moved: '/testKey2' to trash at: /.Trash/runner/Current/testKey2
2023-03-15 05:44:47,156 [5d6f94a2-048f-4621-ba55-83f2059cba08@group-76DB89390821-FollowerState] INFO  impl.FollowerState (FollowerState.java:run(143)) - 5d6f94a2-048f-4621-ba55-83f2059cba08@group-76DB89390821-FollowerState: change to CANDIDATE, lastRpcElapsedTime:5021074100ns, electionTimeout:5020ms
2023-03-15 05:44:47,156 [5d6f94a2-048f-4621-ba55-83f2059cba08@group-76DB89390821-FollowerState] INFO  impl.RoleInfo (RoleInfo.java:shutdownFollowerState(110)) - 5d6f94a2-048f-4621-ba55-83f2059cba08: shutdown 5d6f94a2-048f-4621-ba55-83f2059cba08@group-76DB89390821-FollowerState
2023-03-15 05:44:47,156 [5d6f94a2-048f-4621-ba55-83f2059cba08@group-76DB89390821-FollowerState] INFO  server.RaftServer$Division (RaftServerImpl.java:setRole(321)) - 5d6f94a2-048f-4621-ba55-83f2059cba08@group-76DB89390821: changes role from  FOLLOWER to CANDIDATE at term 0 for changeToCandidate
2023-03-15 05:44:47,156 [5d6f94a2-048f-4621-ba55-83f2059cba08@group-76DB89390821-FollowerState] INFO  server.RaftServerConfigKeys (ConfUtils.java:logGet(46)) - raft.server.leaderelection.pre-vote = true (default)
2023-03-15 05:44:47,156 [5d6f94a2-048f-4621-ba55-83f2059cba08@group-76DB89390821-FollowerState] INFO  impl.RoleInfo (RoleInfo.java:updateAndGet(139)) - 5d6f94a2-048f-4621-ba55-83f2059cba08: start 5d6f94a2-048f-4621-ba55-83f2059cba08@group-76DB89390821-LeaderElection17
2023-03-15 05:44:47,158 [5d6f94a2-048f-4621-ba55-83f2059cba08@group-76DB89390821-LeaderElection17] INFO  impl.LeaderElection (LeaderElection.java:askForVotes(312)) - 5d6f94a2-048f-4621-ba55-83f2059cba08@group-76DB89390821-LeaderElection17 PRE_VOTE round 0: submit vote requests at term 0 for -1: peers:[5d6f94a2-048f-4621-ba55-83f2059cba08|rpc:10.1.0.18:42097|dataStream:10.1.0.18:42251|priority:1|startupRole:FOLLOWER]|listeners:[], old=null
2023-03-15 05:44:47,158 [5d6f94a2-048f-4621-ba55-83f2059cba08@group-76DB89390821-LeaderElection17] INFO  impl.LeaderElection (LeaderElection.java:askForVotes(314)) - 5d6f94a2-048f-4621-ba55-83f2059cba08@group-76DB89390821-LeaderElection17 PRE_VOTE round 0: result PASSED (term=0)
2023-03-15 05:44:47,159 [5d6f94a2-048f-4621-ba55-83f2059cba08@group-76DB89390821-LeaderElection17] INFO  impl.LeaderElection (LeaderElection.java:askForVotes(312)) - 5d6f94a2-048f-4621-ba55-83f2059cba08@group-76DB89390821-LeaderElection17 ELECTION round 0: submit vote requests at term 1 for -1: peers:[5d6f94a2-048f-4621-ba55-83f2059cba08|rpc:10.1.0.18:42097|dataStream:10.1.0.18:42251|priority:1|startupRole:FOLLOWER]|listeners:[], old=null
2023-03-15 05:44:47,159 [5d6f94a2-048f-4621-ba55-83f2059cba08@group-76DB89390821-LeaderElection17] INFO  impl.LeaderElection (LeaderElection.java:askForVotes(314)) - 5d6f94a2-048f-4621-ba55-83f2059cba08@group-76DB89390821-LeaderElection17 ELECTION round 0: result PASSED (term=1)
2023-03-15 05:44:47,159 [5d6f94a2-048f-4621-ba55-83f2059cba08@group-76DB89390821-LeaderElection17] INFO  impl.RoleInfo (RoleInfo.java:shutdownLeaderElection(130)) - 5d6f94a2-048f-4621-ba55-83f2059cba08: shutdown 5d6f94a2-048f-4621-ba55-83f2059cba08@group-76DB89390821-LeaderElection17
2023-03-15 05:44:47,159 [5d6f94a2-048f-4621-ba55-83f2059cba08@group-76DB89390821-LeaderElection17] INFO  server.RaftServer$Division (RaftServerImpl.java:setRole(321)) - 5d6f94a2-048f-4621-ba55-83f2059cba08@group-76DB89390821: changes role from CANDIDATE to LEADER at term 1 for changeToLeader
2023-03-15 05:44:47,159 [5d6f94a2-048f-4621-ba55-83f2059cba08@group-76DB89390821-LeaderElection17] INFO  ratis.XceiverServerRatis (XceiverServerRatis.java:handleLeaderChangedNotification(905)) - Leader change notification received for group: group-76DB89390821 with new leaderId: 5d6f94a2-048f-4621-ba55-83f2059cba08
2023-03-15 05:44:47,159 [5d6f94a2-048f-4621-ba55-83f2059cba08@group-76DB89390821-LeaderElection17] INFO  server.RaftServer$Division (ServerState.java:setLeader(313)) - 5d6f94a2-048f-4621-ba55-83f2059cba08@group-76DB89390821: change Leader from null to 5d6f94a2-048f-4621-ba55-83f2059cba08 at term 1 for becomeLeader, leader elected after 5042ms
2023-03-15 05:44:47,159 [5d6f94a2-048f-4621-ba55-83f2059cba08@group-76DB89390821-LeaderElection17] INFO  server.RaftServerConfigKeys (ConfUtils.java:logGet(46)) - raft.server.staging.catchup.gap = 1000 (default)
2023-03-15 05:44:47,160 [5d6f94a2-048f-4621-ba55-83f2059cba08@group-76DB89390821-LeaderElection17] INFO  server.RaftServerConfigKeys (ConfUtils.java:logGet(46)) - raft.server.write.element-limit = 1024 (custom)
2023-03-15 05:44:47,160 [5d6f94a2-048f-4621-ba55-83f2059cba08@group-76DB89390821-LeaderElection17] INFO  server.RaftServerConfigKeys (ConfUtils.java:logGet(46)) - raft.server.write.byte-limit = 1024 M (=1073741824) (custom)
2023-03-15 05:44:47,160 [5d6f94a2-048f-4621-ba55-83f2059cba08@group-76DB89390821-LeaderElection17] INFO  server.RaftServerConfigKeys (ConfUtils.java:logGet(46)) - raft.server.watch.timeout = 180s (custom)
2023-03-15 05:44:47,160 [5d6f94a2-048f-4621-ba55-83f2059cba08@group-76DB89390821-LeaderElection17] INFO  server.RaftServerConfigKeys (ConfUtils.java:logGet(46)) - raft.server.watch.timeout.denomination = 1s (default)
2023-03-15 05:44:47,160 [5d6f94a2-048f-4621-ba55-83f2059cba08@group-76DB89390821-LeaderElection17] INFO  server.RaftServerConfigKeys (ConfUtils.java:logGet(46)) - raft.server.watch.element-limit = 65536 (default)
2023-03-15 05:44:47,160 [5d6f94a2-048f-4621-ba55-83f2059cba08@group-76DB89390821-LeaderElection17] INFO  server.RaftServerConfigKeys (ConfUtils.java:logGet(46)) - raft.server.write.element-limit = 1024 (custom)
2023-03-15 05:44:47,161 [5d6f94a2-048f-4621-ba55-83f2059cba08@group-76DB89390821-LeaderElection17] INFO  server.RaftServerConfigKeys (ConfUtils.java:logGet(46)) - raft.server.write.follower.gap.ratio.max = -1.0 (default)
2023-03-15 05:44:47,161 [5d6f94a2-048f-4621-ba55-83f2059cba08@group-76DB89390821-LeaderElection17] INFO  impl.RoleInfo (RoleInfo.java:updateAndGet(139)) - 5d6f94a2-048f-4621-ba55-83f2059cba08: start 5d6f94a2-048f-4621-ba55-83f2059cba08@group-76DB89390821-LeaderStateImpl
2023-03-15 05:44:47,161 [5d6f94a2-048f-4621-ba55-83f2059cba08@group-76DB89390821-LeaderElection17] INFO  segmented.SegmentedRaftLogWorker (SegmentedRaftLogWorker.java:startLogSegment(452)) - 5d6f94a2-048f-4621-ba55-83f2059cba08@group-76DB89390821-SegmentedRaftLogWorker: Starting segment from index:0
2023-03-15 05:44:47,162 [5d6f94a2-048f-4621-ba55-83f2059cba08@group-76DB89390821-SegmentedRaftLogWorker] INFO  segmented.SegmentedRaftLogWorker (SegmentedRaftLogWorker.java:execute(656)) - 5d6f94a2-048f-4621-ba55-83f2059cba08@group-76DB89390821-SegmentedRaftLogWorker: created new log segment /home/runner/work/ozone/ozone/hadoop-ozone/integration-test/target/test-dir/MiniOzoneClusterImpl-f3f3c3ea-d6fe-44d8-a21f-130fd89482f1/datanode-4/data/ratis/683125f6-fef0-438b-bcb5-76db89390821/current/log_inprogress_0
2023-03-15 05:44:47,164 [5d6f94a2-048f-4621-ba55-83f2059cba08@group-76DB89390821-LeaderElection17] INFO  server.RaftServer$Division (ServerState.java:setRaftConf(430)) - 5d6f94a2-048f-4621-ba55-83f2059cba08@group-76DB89390821: set configuration 0: peers:[5d6f94a2-048f-4621-ba55-83f2059cba08|rpc:10.1.0.18:42097|dataStream:10.1.0.18:42251|priority:1|startupRole:FOLLOWER]|listeners:[], old=null
05:44:48.082 [IPC Server handler 17 on default port 39193] ERROR OMAudit - user=runner | ip=127.0.0.1 | op=GET_FILE_STATUS {volume=volume61968, bucket=bucket63791, key=.Trash/runner/Current/testKey2, dataSize=0, replicationConfig=null} | ret=FAILURE
org.apache.hadoop.ozone.om.exceptions.OMException: Unable to get file status: volume: volume61968 bucket: bucket63791 key: .Trash/runner/Current/testKey2
	at org.apache.hadoop.ozone.om.KeyManagerImpl.getOzoneFileStatusFSO(KeyManagerImpl.java:1320) ~[ozone-manager-1.4.0-SNAPSHOT.jar:?]
	at org.apache.hadoop.ozone.om.KeyManagerImpl.getFileStatus(KeyManagerImpl.java:1112) ~[ozone-manager-1.4.0-SNAPSHOT.jar:?]
	at org.apache.hadoop.ozone.om.OmMetadataReader.getFileStatus(OmMetadataReader.java:288) ~[ozone-manager-1.4.0-SNAPSHOT.jar:?]
	at org.apache.hadoop.ozone.om.OzoneManager.getFileStatus(OzoneManager.java:3494) ~[ozone-manager-1.4.0-SNAPSHOT.jar:?]
	at org.apache.hadoop.ozone.protocolPB.OzoneManagerRequestHandler.getOzoneFileStatus(OzoneManagerRequestHandler.java:933) ~[ozone-manager-1.4.0-SNAPSHOT.jar:?]
	at org.apache.hadoop.ozone.protocolPB.OzoneManagerRequestHandler.handleReadRequest(OzoneManagerRequestHandler.java:238) ~[ozone-manager-1.4.0-SNAPSHOT.jar:?]
	at org.apache.hadoop.ozone.protocolPB.OzoneManagerProtocolServerSideTranslatorPB.submitRequestDirectlyToOM(OzoneManagerProtocolServerSideTranslatorPB.java:272) ~[ozone-manager-1.4.0-SNAPSHOT.jar:?]
	at org.apache.hadoop.ozone.protocolPB.OzoneManagerProtocolServerSideTranslatorPB.processRequest(OzoneManagerProtocolServerSideTranslatorPB.java:173) ~[ozone-manager-1.4.0-SNAPSHOT.jar:?]
	at org.apache.hadoop.hdds.server.OzoneProtocolMessageDispatcher.processRequest(OzoneProtocolMessageDispatcher.java:87) [hdds-server-framework-1.4.0-SNAPSHOT.jar:?]
	at org.apache.hadoop.ozone.protocolPB.OzoneManagerProtocolServerSideTranslatorPB.submitRequest(OzoneManagerProtocolServerSideTranslatorPB.java:147) [ozone-manager-1.4.0-SNAPSHOT.jar:?]
	at org.apache.hadoop.ozone.protocol.proto.OzoneManagerProtocolProtos$OzoneManagerService$2.callBlockingMethod(OzoneManagerProtocolProtos.java) [ozone-interface-client-1.4.0-SNAPSHOT.jar:?]
	at org.apache.hadoop.ipc.ProtobufRpcEngine$Server.processCall(ProtobufRpcEngine.java:465) [hadoop-common-3.3.4.jar:?]
	at org.apache.hadoop.ipc.ProtobufRpcEngine2$Server$ProtoBufRpcInvoker.call(ProtobufRpcEngine2.java:578) [hadoop-common-3.3.4.jar:?]
	at org.apache.hadoop.ipc.ProtobufRpcEngine2$Server$ProtoBufRpcInvoker.call(ProtobufRpcEngine2.java:556) [hadoop-common-3.3.4.jar:?]
	at org.apache.hadoop.ipc.RPC$Server.call(RPC.java:1093) [hadoop-common-3.3.4.jar:?]
	at org.apache.hadoop.ipc.Server$RpcCall.run(Server.java:1043) [hadoop-common-3.3.4.jar:?]
	at org.apache.hadoop.ipc.Server$RpcCall.run(Server.java:971) [hadoop-common-3.3.4.jar:?]
	at java.security.AccessController.doPrivileged(Native Method) ~[?:1.8.0_362]
	at javax.security.auth.Subject.doAs(Subject.java:422) [?:1.8.0_362]
	at org.apache.hadoop.security.UserGroupInformation.doAs(UserGroupInformation.java:1878) [hadoop-common-3.3.4.jar:?]
	at org.apache.hadoop.ipc.Server$Handler.run(Server.java:2976) [hadoop-common-3.3.4.jar:?]
]]></system-out>
  </testcase>
  <testcase name="testListStatusOnRoot" classname="TestOzoneFileSystemWithFSO" time="0.023"/>
  <testcase name="testListStatusOnRoot" classname="TestOzoneFileSystemWithFSO" time="0.011"/>
  <testcase name="testRenameWithNonExistentSource" classname="TestOzoneFileSystemWithFSO" time="0.016">
    <system-out><![CDATA[2023-03-15 05:44:05,345 [Time-limited test] INFO  ozone.TestOzoneFileSystem (TestOzoneFileSystem.java:testRenameWithNonExistentSource(1151)) - Created destin dir: o3fs://bucket98126.volume35147/root/dir2
2023-03-15 05:44:05,345 [Time-limited test] INFO  ozone.TestOzoneFileSystem (TestOzoneFileSystem.java:testRenameWithNonExistentSource(1153)) - Rename op-> source:o3fs://bucket98126.volume35147/root/dir1 to destin:o3fs://bucket98126.volume35147/root/dir2}
05:44:05.347 [OM StateMachine ApplyTransaction Thread - 0] ERROR OMAudit - user=runner | ip=127.0.0.1 | op=RENAME_KEY {volume=volume35147, bucket=bucket98126, dataSize=0, replicationType=NONE, replicationFactor=ZERO, srcKey=root/dir1, dstKey=root/dir2} | ret=FAILURE
org.apache.hadoop.ozone.om.exceptions.OMException: Unable to get file status: volume: volume35147 bucket: bucket98126 key: root/dir1
	at org.apache.hadoop.ozone.om.OzonePrefixPathImpl.<init>(OzonePrefixPathImpl.java:67) ~[ozone-manager-1.4.0-SNAPSHOT.jar:?]
	at org.apache.hadoop.ozone.om.request.OMClientRequest.checkACLsWithFSO(OMClientRequest.java:236) ~[ozone-manager-1.4.0-SNAPSHOT.jar:?]
	at org.apache.hadoop.ozone.om.request.key.OMKeyRenameRequestWithFSO.validateAndUpdateCache(OMKeyRenameRequestWithFSO.java:117) ~[ozone-manager-1.4.0-SNAPSHOT.jar:?]
	at org.apache.hadoop.ozone.protocolPB.OzoneManagerRequestHandler.handleWriteRequest(OzoneManagerRequestHandler.java:337) ~[ozone-manager-1.4.0-SNAPSHOT.jar:?]
	at org.apache.hadoop.ozone.om.ratis.OzoneManagerStateMachine.runCommand(OzoneManagerStateMachine.java:533) ~[ozone-manager-1.4.0-SNAPSHOT.jar:?]
	at org.apache.hadoop.ozone.om.ratis.OzoneManagerStateMachine.lambda$1(OzoneManagerStateMachine.java:324) ~[ozone-manager-1.4.0-SNAPSHOT.jar:?]
	at java.util.concurrent.CompletableFuture$AsyncSupply.run(CompletableFuture.java:1604) [?:1.8.0_362]
	at java.util.concurrent.ThreadPoolExecutor.runWorker(ThreadPoolExecutor.java:1149) [?:1.8.0_362]
	at java.util.concurrent.ThreadPoolExecutor$Worker.run(ThreadPoolExecutor.java:624) [?:1.8.0_362]
	at java.lang.Thread.run(Thread.java:750) [?:1.8.0_362]
2023-03-15 05:44:05,347 [OM StateMachine ApplyTransaction Thread - 0] ERROR key.OMKeyRenameRequestWithFSO (OMKeyRenameRequestWithFSO.java:validateAndUpdateCache(235)) - Rename key failed for volume:volume35147 bucket:bucket98126 fromKey:root/dir1 toKey:root/dir2. Key: root/dir1 not found.
2023-03-15 05:44:05,349 [Time-limited test] ERROR ozone.BasicOzoneFileSystem (BasicOzoneFileSystem.java:renameFSO(448)) - rename key failed: Unable to get file status: volume: volume35147 bucket: bucket98126 key: root/dir1. Error code: KEY_NOT_FOUND source:root/dir1, destin:root/dir2
]]></system-out>
  </testcase>
  <testcase name="testRenameWithNonExistentSource" classname="TestOzoneFileSystemWithFSO" time="0.01">
    <system-out><![CDATA[2023-03-15 05:44:51,108 [Time-limited test] INFO  ozone.TestOzoneFileSystem (TestOzoneFileSystem.java:testRenameWithNonExistentSource(1151)) - Created destin dir: o3fs://bucket63791.volume61968/root/dir2
2023-03-15 05:44:51,108 [Time-limited test] INFO  ozone.TestOzoneFileSystem (TestOzoneFileSystem.java:testRenameWithNonExistentSource(1153)) - Rename op-> source:o3fs://bucket63791.volume61968/root/dir1 to destin:o3fs://bucket63791.volume61968/root/dir2}
05:44:51.109 [IPC Server handler 15 on default port 39193] ERROR OMAudit - user=runner | ip=127.0.0.1 | op=RENAME_KEY {volume=volume61968, bucket=bucket63791, dataSize=0, replicationType=NONE, replicationFactor=ZERO, srcKey=root/dir1, dstKey=root/dir2} | ret=FAILURE
org.apache.hadoop.ozone.om.exceptions.OMException: Unable to get file status: volume: volume61968 bucket: bucket63791 key: root/dir1
	at org.apache.hadoop.ozone.om.OzonePrefixPathImpl.<init>(OzonePrefixPathImpl.java:67) ~[ozone-manager-1.4.0-SNAPSHOT.jar:?]
	at org.apache.hadoop.ozone.om.request.OMClientRequest.checkACLsWithFSO(OMClientRequest.java:236) ~[ozone-manager-1.4.0-SNAPSHOT.jar:?]
	at org.apache.hadoop.ozone.om.request.key.OMKeyRenameRequestWithFSO.validateAndUpdateCache(OMKeyRenameRequestWithFSO.java:117) ~[ozone-manager-1.4.0-SNAPSHOT.jar:?]
	at org.apache.hadoop.ozone.protocolPB.OzoneManagerRequestHandler.handleWriteRequest(OzoneManagerRequestHandler.java:337) ~[ozone-manager-1.4.0-SNAPSHOT.jar:?]
	at org.apache.hadoop.ozone.protocolPB.OzoneManagerProtocolServerSideTranslatorPB.submitRequestDirectlyToOM(OzoneManagerProtocolServerSideTranslatorPB.java:278) ~[ozone-manager-1.4.0-SNAPSHOT.jar:?]
	at org.apache.hadoop.ozone.protocolPB.OzoneManagerProtocolServerSideTranslatorPB.processRequest(OzoneManagerProtocolServerSideTranslatorPB.java:173) ~[ozone-manager-1.4.0-SNAPSHOT.jar:?]
	at org.apache.hadoop.hdds.server.OzoneProtocolMessageDispatcher.processRequest(OzoneProtocolMessageDispatcher.java:87) [hdds-server-framework-1.4.0-SNAPSHOT.jar:?]
	at org.apache.hadoop.ozone.protocolPB.OzoneManagerProtocolServerSideTranslatorPB.submitRequest(OzoneManagerProtocolServerSideTranslatorPB.java:147) [ozone-manager-1.4.0-SNAPSHOT.jar:?]
	at org.apache.hadoop.ozone.protocol.proto.OzoneManagerProtocolProtos$OzoneManagerService$2.callBlockingMethod(OzoneManagerProtocolProtos.java) [ozone-interface-client-1.4.0-SNAPSHOT.jar:?]
	at org.apache.hadoop.ipc.ProtobufRpcEngine$Server.processCall(ProtobufRpcEngine.java:465) [hadoop-common-3.3.4.jar:?]
	at org.apache.hadoop.ipc.ProtobufRpcEngine2$Server$ProtoBufRpcInvoker.call(ProtobufRpcEngine2.java:578) [hadoop-common-3.3.4.jar:?]
	at org.apache.hadoop.ipc.ProtobufRpcEngine2$Server$ProtoBufRpcInvoker.call(ProtobufRpcEngine2.java:556) [hadoop-common-3.3.4.jar:?]
	at org.apache.hadoop.ipc.RPC$Server.call(RPC.java:1093) [hadoop-common-3.3.4.jar:?]
	at org.apache.hadoop.ipc.Server$RpcCall.run(Server.java:1043) [hadoop-common-3.3.4.jar:?]
	at org.apache.hadoop.ipc.Server$RpcCall.run(Server.java:971) [hadoop-common-3.3.4.jar:?]
	at java.security.AccessController.doPrivileged(Native Method) ~[?:1.8.0_362]
	at javax.security.auth.Subject.doAs(Subject.java:422) [?:1.8.0_362]
	at org.apache.hadoop.security.UserGroupInformation.doAs(UserGroupInformation.java:1878) [hadoop-common-3.3.4.jar:?]
	at org.apache.hadoop.ipc.Server$Handler.run(Server.java:2976) [hadoop-common-3.3.4.jar:?]
2023-03-15 05:44:51,109 [IPC Server handler 15 on default port 39193] ERROR key.OMKeyRenameRequestWithFSO (OMKeyRenameRequestWithFSO.java:validateAndUpdateCache(235)) - Rename key failed for volume:volume61968 bucket:bucket63791 fromKey:root/dir1 toKey:root/dir2. Key: root/dir1 not found.
2023-03-15 05:44:51,109 [Time-limited test] ERROR ozone.BasicOzoneFileSystem (BasicOzoneFileSystem.java:renameFSO(448)) - rename key failed: Unable to get file status: volume: volume61968 bucket: bucket63791 key: root/dir1. Error code: KEY_NOT_FOUND source:root/dir1, destin:root/dir2
]]></system-out>
  </testcase>
  <testcase name="testRenameToParentDir" classname="TestOzoneFileSystemWithFSO" time="0.035">
    <system-out><![CDATA[2023-03-15 05:44:05,373 [OM StateMachine ApplyTransaction Thread - 0] INFO  key.OMKeyRequest (OMKeyRequest.java:wrapUncommittedBlocksAsPseudoKey(838)) - Detect allocated but uncommitted blocks [{blockID={containerID=2, localID=111677748019200023}, length=4194304, offset=0, token=null, pipeline=null, createVersion=0, partNumber=0}] in key root_dir/dir1/file2.
]]></system-out>
  </testcase>
  <testcase name="testRenameToParentDir" classname="TestOzoneFileSystemWithFSO" time="0.015">
    <system-out><![CDATA[2023-03-15 05:44:51,120 [IPC Server handler 3 on default port 39193] INFO  key.OMKeyRequest (OMKeyRequest.java:wrapUncommittedBlocksAsPseudoKey(838)) - Detect allocated but uncommitted blocks [{blockID={containerID=2, localID=111677748019200023}, length=4194304, offset=0, token=null, pipeline=null, createVersion=0, partNumber=0}] in key root_dir/dir1/file2.
]]></system-out>
  </testcase>
  <testcase name="testListStatusOnSubDirs" classname="TestOzoneFileSystemWithFSO" time="0.032">
    <system-out><![CDATA[2023-03-15 05:44:05,405 [OM StateMachine ApplyTransaction Thread - 0] INFO  key.OMKeyRequest (OMKeyRequest.java:wrapUncommittedBlocksAsPseudoKey(838)) - Detect allocated but uncommitted blocks [{blockID={containerID=1, localID=111677748019200024}, length=4194304, offset=0, token=null, pipeline=null, createVersion=0, partNumber=0}] in key dir1/dir12/file121.
]]></system-out>
  </testcase>
  <testcase name="testListStatusOnSubDirs" classname="TestOzoneFileSystemWithFSO" time="0.014">
    <system-out><![CDATA[2023-03-15 05:44:51,135 [IPC Server handler 14 on default port 39193] INFO  key.OMKeyRequest (OMKeyRequest.java:wrapUncommittedBlocksAsPseudoKey(838)) - Detect allocated but uncommitted blocks [{blockID={containerID=1, localID=111677748019200024}, length=4194304, offset=0, token=null, pipeline=null, createVersion=0, partNumber=0}] in key dir1/dir12/file121.
]]></system-out>
  </testcase>
  <testcase name="testListStatus" classname="TestOzoneFileSystemWithFSO" time="0.052">
    <system-out><![CDATA[2023-03-15 05:44:05,433 [OM StateMachine ApplyTransaction Thread - 0] INFO  key.OMKeyRequest (OMKeyRequest.java:wrapUncommittedBlocksAsPseudoKey(838)) - Detect allocated but uncommitted blocks [{blockID={containerID=4, localID=111677748019200025}, length=4194304, offset=0, token=null, pipeline=null, createVersion=0, partNumber=0}] in key testListStatus/key1.
2023-03-15 05:44:05,442 [OM StateMachine ApplyTransaction Thread - 0] INFO  key.OMKeyRequest (OMKeyRequest.java:wrapUncommittedBlocksAsPseudoKey(838)) - Detect allocated but uncommitted blocks [{blockID={containerID=2, localID=111677748019200026}, length=4194304, offset=0, token=null, pipeline=null, createVersion=0, partNumber=0}] in key testListStatus/key2.
2023-03-15 05:44:05,456 [OM StateMachine ApplyTransaction Thread - 0] INFO  key.OMKeyRequest (OMKeyRequest.java:wrapUncommittedBlocksAsPseudoKey(838)) - Detect allocated but uncommitted blocks [{blockID={containerID=1, localID=111677748019200027}, length=4194304, offset=0, token=null, pipeline=null, createVersion=0, partNumber=0}] in key testListStatus/dir1/key3.
2023-03-15 05:44:05,465 [OM StateMachine ApplyTransaction Thread - 0] INFO  key.OMKeyRequest (OMKeyRequest.java:wrapUncommittedBlocksAsPseudoKey(838)) - Detect allocated but uncommitted blocks [{blockID={containerID=2, localID=111677748019200028}, length=4194304, offset=0, token=null, pipeline=null, createVersion=0, partNumber=0}] in key testListStatus/dir1/key4.
]]></system-out>
  </testcase>
  <testcase name="testListStatus" classname="TestOzoneFileSystemWithFSO" time="0.023">
    <system-out><![CDATA[2023-03-15 05:44:51,149 [IPC Server handler 4 on default port 39193] INFO  key.OMKeyRequest (OMKeyRequest.java:wrapUncommittedBlocksAsPseudoKey(838)) - Detect allocated but uncommitted blocks [{blockID={containerID=2, localID=111677748019200025}, length=4194304, offset=0, token=null, pipeline=null, createVersion=0, partNumber=0}] in key testListStatus/key1.
2023-03-15 05:44:51,152 [IPC Server handler 6 on default port 39193] INFO  key.OMKeyRequest (OMKeyRequest.java:wrapUncommittedBlocksAsPseudoKey(838)) - Detect allocated but uncommitted blocks [{blockID={containerID=1, localID=111677748019200026}, length=4194304, offset=0, token=null, pipeline=null, createVersion=0, partNumber=0}] in key testListStatus/key2.
2023-03-15 05:44:51,157 [IPC Server handler 10 on default port 39193] INFO  key.OMKeyRequest (OMKeyRequest.java:wrapUncommittedBlocksAsPseudoKey(838)) - Detect allocated but uncommitted blocks [{blockID={containerID=2, localID=111677748019200027}, length=4194304, offset=0, token=null, pipeline=null, createVersion=0, partNumber=0}] in key testListStatus/dir1/key3.
2023-03-15 05:44:51,160 [IPC Server handler 12 on default port 39193] INFO  key.OMKeyRequest (OMKeyRequest.java:wrapUncommittedBlocksAsPseudoKey(838)) - Detect allocated but uncommitted blocks [{blockID={containerID=4, localID=111677748019200028}, length=4194304, offset=0, token=null, pipeline=null, createVersion=0, partNumber=0}] in key testListStatus/dir1/key4.
]]></system-out>
  </testcase>
  <testcase name="testRecursiveDelete" classname="TestOzoneFileSystemWithFSO" time="0.237">
    <system-out><![CDATA[2023-03-15 05:44:05,491 [OM StateMachine ApplyTransaction Thread - 0] INFO  key.OMKeyRequest (OMKeyRequest.java:wrapUncommittedBlocksAsPseudoKey(838)) - Detect allocated but uncommitted blocks [{blockID={containerID=3, localID=111677748019200029}, length=4194304, offset=0, token=null, pipeline=null, createVersion=0, partNumber=0}] in key gdir1/pdir1/child.
2023-03-15 05:44:05,504 [OM StateMachine ApplyTransaction Thread - 0] INFO  key.OMKeyRequest (OMKeyRequest.java:wrapUncommittedBlocksAsPseudoKey(838)) - Detect allocated but uncommitted blocks [{blockID={containerID=1, localID=111677748019200030}, length=4194304, offset=0, token=null, pipeline=null, createVersion=0, partNumber=0}] in key gdir1/pdir2/child.
2023-03-15 05:44:05,515 [OM StateMachine ApplyTransaction Thread - 0] INFO  key.OMKeyRequest (OMKeyRequest.java:wrapUncommittedBlocksAsPseudoKey(838)) - Detect allocated but uncommitted blocks [{blockID={containerID=4, localID=111677748019200031}, length=4194304, offset=0, token=null, pipeline=null, createVersion=0, partNumber=0}] in key gdir1/pdir3/child.
2023-03-15 05:44:05,524 [OM StateMachine ApplyTransaction Thread - 0] INFO  key.OMKeyRequest (OMKeyRequest.java:wrapUncommittedBlocksAsPseudoKey(838)) - Detect allocated but uncommitted blocks [{blockID={containerID=3, localID=111677748019200032}, length=4194304, offset=0, token=null, pipeline=null, createVersion=0, partNumber=0}] in key gdir1/pdir4/child.
2023-03-15 05:44:05,534 [OM StateMachine ApplyTransaction Thread - 0] INFO  key.OMKeyRequest (OMKeyRequest.java:wrapUncommittedBlocksAsPseudoKey(838)) - Detect allocated but uncommitted blocks [{blockID={containerID=4, localID=111677748019200033}, length=4194304, offset=0, token=null, pipeline=null, createVersion=0, partNumber=0}] in key gdir1/pdir5/child.
2023-03-15 05:44:05,542 [OM StateMachine ApplyTransaction Thread - 0] INFO  key.OMKeyRequest (OMKeyRequest.java:wrapUncommittedBlocksAsPseudoKey(838)) - Detect allocated but uncommitted blocks [{blockID={containerID=2, localID=111677748019200034}, length=4194304, offset=0, token=null, pipeline=null, createVersion=0, partNumber=0}] in key gdir1/pdir6/child.
2023-03-15 05:44:05,551 [OM StateMachine ApplyTransaction Thread - 0] INFO  key.OMKeyRequest (OMKeyRequest.java:wrapUncommittedBlocksAsPseudoKey(838)) - Detect allocated but uncommitted blocks [{blockID={containerID=3, localID=111677748019200035}, length=4194304, offset=0, token=null, pipeline=null, createVersion=0, partNumber=0}] in key gdir1/pdir7/child.
2023-03-15 05:44:05,559 [OM StateMachine ApplyTransaction Thread - 0] INFO  key.OMKeyRequest (OMKeyRequest.java:wrapUncommittedBlocksAsPseudoKey(838)) - Detect allocated but uncommitted blocks [{blockID={containerID=1, localID=111677748019200036}, length=4194304, offset=0, token=null, pipeline=null, createVersion=0, partNumber=0}] in key gdir1/pdir8/child.
2023-03-15 05:44:05,567 [OM StateMachine ApplyTransaction Thread - 0] INFO  key.OMKeyRequest (OMKeyRequest.java:wrapUncommittedBlocksAsPseudoKey(838)) - Detect allocated but uncommitted blocks [{blockID={containerID=4, localID=111677748019200037}, length=4194304, offset=0, token=null, pipeline=null, createVersion=0, partNumber=0}] in key gdir1/pdir9/child.
2023-03-15 05:44:05,576 [OM StateMachine ApplyTransaction Thread - 0] INFO  key.OMKeyRequest (OMKeyRequest.java:wrapUncommittedBlocksAsPseudoKey(838)) - Detect allocated but uncommitted blocks [{blockID={containerID=2, localID=111677748019200038}, length=4194304, offset=0, token=null, pipeline=null, createVersion=0, partNumber=0}] in key gdir1/pdir10/child.
05:44:05.582 [OM StateMachine ApplyTransaction Thread - 0] ERROR OMAudit - user=runner | ip=127.0.0.1 | op=DELETE_KEY {volume=volume35147, bucket=bucket98126, key=gdir1/pdir1, dataSize=0, replicationType=NONE, replicationFactor=ZERO} | ret=FAILURE
org.apache.hadoop.ozone.om.exceptions.OMException: Directory is not empty. Key:gdir1/pdir1
	at org.apache.hadoop.ozone.om.request.key.OMKeyDeleteRequestWithFSO.validateAndUpdateCache(OMKeyDeleteRequestWithFSO.java:141) ~[ozone-manager-1.4.0-SNAPSHOT.jar:?]
	at org.apache.hadoop.ozone.protocolPB.OzoneManagerRequestHandler.handleWriteRequest(OzoneManagerRequestHandler.java:337) ~[ozone-manager-1.4.0-SNAPSHOT.jar:?]
	at org.apache.hadoop.ozone.om.ratis.OzoneManagerStateMachine.runCommand(OzoneManagerStateMachine.java:533) ~[ozone-manager-1.4.0-SNAPSHOT.jar:?]
	at org.apache.hadoop.ozone.om.ratis.OzoneManagerStateMachine.lambda$1(OzoneManagerStateMachine.java:324) ~[ozone-manager-1.4.0-SNAPSHOT.jar:?]
	at java.util.concurrent.CompletableFuture$AsyncSupply.run(CompletableFuture.java:1604) [?:1.8.0_362]
	at java.util.concurrent.ThreadPoolExecutor.runWorker(ThreadPoolExecutor.java:1149) [?:1.8.0_362]
	at java.util.concurrent.ThreadPoolExecutor$Worker.run(ThreadPoolExecutor.java:624) [?:1.8.0_362]
	at java.lang.Thread.run(Thread.java:750) [?:1.8.0_362]
2023-03-15 05:44:05,582 [OM StateMachine ApplyTransaction Thread - 0] ERROR key.OMKeyDeleteRequestWithFSO (OMKeyDeleteRequestWithFSO.java:validateAndUpdateCache(201)) - Key delete failed. Volume:volume35147, Bucket:bucket98126, Key:gdir1/pdir1.
DIRECTORY_NOT_EMPTY org.apache.hadoop.ozone.om.exceptions.OMException: Directory is not empty. Key:gdir1/pdir1
	at org.apache.hadoop.ozone.om.request.key.OMKeyDeleteRequestWithFSO.validateAndUpdateCache(OMKeyDeleteRequestWithFSO.java:141)
	at org.apache.hadoop.ozone.protocolPB.OzoneManagerRequestHandler.handleWriteRequest(OzoneManagerRequestHandler.java:337)
	at org.apache.hadoop.ozone.om.ratis.OzoneManagerStateMachine.runCommand(OzoneManagerStateMachine.java:533)
	at org.apache.hadoop.ozone.om.ratis.OzoneManagerStateMachine.lambda$1(OzoneManagerStateMachine.java:324)
	at java.util.concurrent.CompletableFuture$AsyncSupply.run(CompletableFuture.java:1604)
	at java.util.concurrent.ThreadPoolExecutor.runWorker(ThreadPoolExecutor.java:1149)
	at java.util.concurrent.ThreadPoolExecutor$Worker.run(ThreadPoolExecutor.java:624)
	at java.lang.Thread.run(Thread.java:750)
2023-03-15 05:44:05,584 [Time-limited test] ERROR ozone.BasicOzoneClientAdapterImpl (BasicOzoneClientAdapterImpl.java:deleteObject(354)) - delete key failed Directory is not empty. Key:gdir1/pdir1
05:44:05.587 [OM StateMachine ApplyTransaction Thread - 0] ERROR OMAudit - user=runner | ip=127.0.0.1 | op=DELETE_KEY {volume=volume35147, bucket=bucket98126, key=gdir1, dataSize=0, replicationType=NONE, replicationFactor=ZERO} | ret=FAILURE
org.apache.hadoop.ozone.om.exceptions.OMException: Directory is not empty. Key:gdir1
	at org.apache.hadoop.ozone.om.request.key.OMKeyDeleteRequestWithFSO.validateAndUpdateCache(OMKeyDeleteRequestWithFSO.java:141) ~[ozone-manager-1.4.0-SNAPSHOT.jar:?]
	at org.apache.hadoop.ozone.protocolPB.OzoneManagerRequestHandler.handleWriteRequest(OzoneManagerRequestHandler.java:337) ~[ozone-manager-1.4.0-SNAPSHOT.jar:?]
	at org.apache.hadoop.ozone.om.ratis.OzoneManagerStateMachine.runCommand(OzoneManagerStateMachine.java:533) ~[ozone-manager-1.4.0-SNAPSHOT.jar:?]
	at org.apache.hadoop.ozone.om.ratis.OzoneManagerStateMachine.lambda$1(OzoneManagerStateMachine.java:324) ~[ozone-manager-1.4.0-SNAPSHOT.jar:?]
	at java.util.concurrent.CompletableFuture$AsyncSupply.run(CompletableFuture.java:1604) [?:1.8.0_362]
	at java.util.concurrent.ThreadPoolExecutor.runWorker(ThreadPoolExecutor.java:1149) [?:1.8.0_362]
	at java.util.concurrent.ThreadPoolExecutor$Worker.run(ThreadPoolExecutor.java:624) [?:1.8.0_362]
	at java.lang.Thread.run(Thread.java:750) [?:1.8.0_362]
2023-03-15 05:44:05,587 [OM StateMachine ApplyTransaction Thread - 0] ERROR key.OMKeyDeleteRequestWithFSO (OMKeyDeleteRequestWithFSO.java:validateAndUpdateCache(201)) - Key delete failed. Volume:volume35147, Bucket:bucket98126, Key:gdir1.
DIRECTORY_NOT_EMPTY org.apache.hadoop.ozone.om.exceptions.OMException: Directory is not empty. Key:gdir1
	at org.apache.hadoop.ozone.om.request.key.OMKeyDeleteRequestWithFSO.validateAndUpdateCache(OMKeyDeleteRequestWithFSO.java:141)
	at org.apache.hadoop.ozone.protocolPB.OzoneManagerRequestHandler.handleWriteRequest(OzoneManagerRequestHandler.java:337)
	at org.apache.hadoop.ozone.om.ratis.OzoneManagerStateMachine.runCommand(OzoneManagerStateMachine.java:533)
	at org.apache.hadoop.ozone.om.ratis.OzoneManagerStateMachine.lambda$1(OzoneManagerStateMachine.java:324)
	at java.util.concurrent.CompletableFuture$AsyncSupply.run(CompletableFuture.java:1604)
	at java.util.concurrent.ThreadPoolExecutor.runWorker(ThreadPoolExecutor.java:1149)
	at java.util.concurrent.ThreadPoolExecutor$Worker.run(ThreadPoolExecutor.java:624)
	at java.lang.Thread.run(Thread.java:750)
2023-03-15 05:44:05,588 [Time-limited test] ERROR ozone.BasicOzoneClientAdapterImpl (BasicOzoneClientAdapterImpl.java:deleteObject(354)) - delete key failed Directory is not empty. Key:gdir1
05:44:05.592 [IPC Server handler 6 on default port 43369] ERROR OMAudit - user=runner | ip=127.0.0.1 | op=GET_FILE_STATUS {volume=volume35147, bucket=bucket98126, key=gdir1, dataSize=0, replicationConfig=null} | ret=FAILURE
org.apache.hadoop.ozone.om.exceptions.OMException: Unable to get file status: volume: volume35147 bucket: bucket98126 key: gdir1
	at org.apache.hadoop.ozone.om.KeyManagerImpl.getOzoneFileStatusFSO(KeyManagerImpl.java:1320) ~[ozone-manager-1.4.0-SNAPSHOT.jar:?]
	at org.apache.hadoop.ozone.om.KeyManagerImpl.getFileStatus(KeyManagerImpl.java:1112) ~[ozone-manager-1.4.0-SNAPSHOT.jar:?]
	at org.apache.hadoop.ozone.om.OmMetadataReader.getFileStatus(OmMetadataReader.java:288) ~[ozone-manager-1.4.0-SNAPSHOT.jar:?]
	at org.apache.hadoop.ozone.om.OzoneManager.getFileStatus(OzoneManager.java:3494) ~[ozone-manager-1.4.0-SNAPSHOT.jar:?]
	at org.apache.hadoop.ozone.protocolPB.OzoneManagerRequestHandler.getOzoneFileStatus(OzoneManagerRequestHandler.java:933) ~[ozone-manager-1.4.0-SNAPSHOT.jar:?]
	at org.apache.hadoop.ozone.protocolPB.OzoneManagerRequestHandler.handleReadRequest(OzoneManagerRequestHandler.java:238) ~[ozone-manager-1.4.0-SNAPSHOT.jar:?]
	at org.apache.hadoop.ozone.protocolPB.OzoneManagerProtocolServerSideTranslatorPB.submitReadRequestToOM(OzoneManagerProtocolServerSideTranslatorPB.java:223) ~[ozone-manager-1.4.0-SNAPSHOT.jar:?]
	at org.apache.hadoop.ozone.protocolPB.OzoneManagerProtocolServerSideTranslatorPB.processRequest(OzoneManagerProtocolServerSideTranslatorPB.java:177) ~[ozone-manager-1.4.0-SNAPSHOT.jar:?]
	at org.apache.hadoop.hdds.server.OzoneProtocolMessageDispatcher.processRequest(OzoneProtocolMessageDispatcher.java:87) [hdds-server-framework-1.4.0-SNAPSHOT.jar:?]
	at org.apache.hadoop.ozone.protocolPB.OzoneManagerProtocolServerSideTranslatorPB.submitRequest(OzoneManagerProtocolServerSideTranslatorPB.java:147) [ozone-manager-1.4.0-SNAPSHOT.jar:?]
	at org.apache.hadoop.ozone.protocol.proto.OzoneManagerProtocolProtos$OzoneManagerService$2.callBlockingMethod(OzoneManagerProtocolProtos.java) [ozone-interface-client-1.4.0-SNAPSHOT.jar:?]
	at org.apache.hadoop.ipc.ProtobufRpcEngine$Server.processCall(ProtobufRpcEngine.java:465) [hadoop-common-3.3.4.jar:?]
	at org.apache.hadoop.ipc.ProtobufRpcEngine2$Server$ProtoBufRpcInvoker.call(ProtobufRpcEngine2.java:578) [hadoop-common-3.3.4.jar:?]
	at org.apache.hadoop.ipc.ProtobufRpcEngine2$Server$ProtoBufRpcInvoker.call(ProtobufRpcEngine2.java:556) [hadoop-common-3.3.4.jar:?]
	at org.apache.hadoop.ipc.RPC$Server.call(RPC.java:1093) [hadoop-common-3.3.4.jar:?]
	at org.apache.hadoop.ipc.Server$RpcCall.run(Server.java:1043) [hadoop-common-3.3.4.jar:?]
	at org.apache.hadoop.ipc.Server$RpcCall.run(Server.java:971) [hadoop-common-3.3.4.jar:?]
	at java.security.AccessController.doPrivileged(Native Method) ~[?:1.8.0_362]
	at javax.security.auth.Subject.doAs(Subject.java:422) [?:1.8.0_362]
	at org.apache.hadoop.security.UserGroupInformation.doAs(UserGroupInformation.java:1878) [hadoop-common-3.3.4.jar:?]
	at org.apache.hadoop.ipc.Server$Handler.run(Server.java:2976) [hadoop-common-3.3.4.jar:?]
05:44:05.593 [IPC Server handler 10 on default port 43369] ERROR OMAudit - user=runner | ip=127.0.0.1 | op=GET_FILE_STATUS {volume=volume35147, bucket=bucket98126, key=gdir1/dir1, dataSize=0, replicationConfig=null} | ret=FAILURE
org.apache.hadoop.ozone.om.exceptions.OMException: Unable to get file status: volume: volume35147 bucket: bucket98126 key: gdir1/dir1
	at org.apache.hadoop.ozone.om.KeyManagerImpl.getOzoneFileStatusFSO(KeyManagerImpl.java:1320) ~[ozone-manager-1.4.0-SNAPSHOT.jar:?]
	at org.apache.hadoop.ozone.om.KeyManagerImpl.getFileStatus(KeyManagerImpl.java:1112) ~[ozone-manager-1.4.0-SNAPSHOT.jar:?]
	at org.apache.hadoop.ozone.om.OmMetadataReader.getFileStatus(OmMetadataReader.java:288) ~[ozone-manager-1.4.0-SNAPSHOT.jar:?]
	at org.apache.hadoop.ozone.om.OzoneManager.getFileStatus(OzoneManager.java:3494) ~[ozone-manager-1.4.0-SNAPSHOT.jar:?]
	at org.apache.hadoop.ozone.protocolPB.OzoneManagerRequestHandler.getOzoneFileStatus(OzoneManagerRequestHandler.java:933) ~[ozone-manager-1.4.0-SNAPSHOT.jar:?]
	at org.apache.hadoop.ozone.protocolPB.OzoneManagerRequestHandler.handleReadRequest(OzoneManagerRequestHandler.java:238) ~[ozone-manager-1.4.0-SNAPSHOT.jar:?]
	at org.apache.hadoop.ozone.protocolPB.OzoneManagerProtocolServerSideTranslatorPB.submitReadRequestToOM(OzoneManagerProtocolServerSideTranslatorPB.java:223) ~[ozone-manager-1.4.0-SNAPSHOT.jar:?]
	at org.apache.hadoop.ozone.protocolPB.OzoneManagerProtocolServerSideTranslatorPB.processRequest(OzoneManagerProtocolServerSideTranslatorPB.java:177) ~[ozone-manager-1.4.0-SNAPSHOT.jar:?]
	at org.apache.hadoop.hdds.server.OzoneProtocolMessageDispatcher.processRequest(OzoneProtocolMessageDispatcher.java:87) [hdds-server-framework-1.4.0-SNAPSHOT.jar:?]
	at org.apache.hadoop.ozone.protocolPB.OzoneManagerProtocolServerSideTranslatorPB.submitRequest(OzoneManagerProtocolServerSideTranslatorPB.java:147) [ozone-manager-1.4.0-SNAPSHOT.jar:?]
	at org.apache.hadoop.ozone.protocol.proto.OzoneManagerProtocolProtos$OzoneManagerService$2.callBlockingMethod(OzoneManagerProtocolProtos.java) [ozone-interface-client-1.4.0-SNAPSHOT.jar:?]
	at org.apache.hadoop.ipc.ProtobufRpcEngine$Server.processCall(ProtobufRpcEngine.java:465) [hadoop-common-3.3.4.jar:?]
	at org.apache.hadoop.ipc.ProtobufRpcEngine2$Server$ProtoBufRpcInvoker.call(ProtobufRpcEngine2.java:578) [hadoop-common-3.3.4.jar:?]
	at org.apache.hadoop.ipc.ProtobufRpcEngine2$Server$ProtoBufRpcInvoker.call(ProtobufRpcEngine2.java:556) [hadoop-common-3.3.4.jar:?]
	at org.apache.hadoop.ipc.RPC$Server.call(RPC.java:1093) [hadoop-common-3.3.4.jar:?]
	at org.apache.hadoop.ipc.Server$RpcCall.run(Server.java:1043) [hadoop-common-3.3.4.jar:?]
	at org.apache.hadoop.ipc.Server$RpcCall.run(Server.java:971) [hadoop-common-3.3.4.jar:?]
	at java.security.AccessController.doPrivileged(Native Method) ~[?:1.8.0_362]
	at javax.security.auth.Subject.doAs(Subject.java:422) [?:1.8.0_362]
	at org.apache.hadoop.security.UserGroupInformation.doAs(UserGroupInformation.java:1878) [hadoop-common-3.3.4.jar:?]
	at org.apache.hadoop.ipc.Server$Handler.run(Server.java:2976) [hadoop-common-3.3.4.jar:?]
05:44:05.595 [IPC Server handler 7 on default port 43369] ERROR OMAudit - user=runner | ip=127.0.0.1 | op=GET_FILE_STATUS {volume=volume35147, bucket=bucket98126, key=gdir1/dir1/child, dataSize=0, replicationConfig=null} | ret=FAILURE
org.apache.hadoop.ozone.om.exceptions.OMException: Unable to get file status: volume: volume35147 bucket: bucket98126 key: gdir1/dir1/child
	at org.apache.hadoop.ozone.om.KeyManagerImpl.getOzoneFileStatusFSO(KeyManagerImpl.java:1320) ~[ozone-manager-1.4.0-SNAPSHOT.jar:?]
	at org.apache.hadoop.ozone.om.KeyManagerImpl.getFileStatus(KeyManagerImpl.java:1112) ~[ozone-manager-1.4.0-SNAPSHOT.jar:?]
	at org.apache.hadoop.ozone.om.OmMetadataReader.getFileStatus(OmMetadataReader.java:288) ~[ozone-manager-1.4.0-SNAPSHOT.jar:?]
	at org.apache.hadoop.ozone.om.OzoneManager.getFileStatus(OzoneManager.java:3494) ~[ozone-manager-1.4.0-SNAPSHOT.jar:?]
	at org.apache.hadoop.ozone.protocolPB.OzoneManagerRequestHandler.getOzoneFileStatus(OzoneManagerRequestHandler.java:933) ~[ozone-manager-1.4.0-SNAPSHOT.jar:?]
	at org.apache.hadoop.ozone.protocolPB.OzoneManagerRequestHandler.handleReadRequest(OzoneManagerRequestHandler.java:238) ~[ozone-manager-1.4.0-SNAPSHOT.jar:?]
	at org.apache.hadoop.ozone.protocolPB.OzoneManagerProtocolServerSideTranslatorPB.submitReadRequestToOM(OzoneManagerProtocolServerSideTranslatorPB.java:223) ~[ozone-manager-1.4.0-SNAPSHOT.jar:?]
	at org.apache.hadoop.ozone.protocolPB.OzoneManagerProtocolServerSideTranslatorPB.processRequest(OzoneManagerProtocolServerSideTranslatorPB.java:177) ~[ozone-manager-1.4.0-SNAPSHOT.jar:?]
	at org.apache.hadoop.hdds.server.OzoneProtocolMessageDispatcher.processRequest(OzoneProtocolMessageDispatcher.java:87) [hdds-server-framework-1.4.0-SNAPSHOT.jar:?]
	at org.apache.hadoop.ozone.protocolPB.OzoneManagerProtocolServerSideTranslatorPB.submitRequest(OzoneManagerProtocolServerSideTranslatorPB.java:147) [ozone-manager-1.4.0-SNAPSHOT.jar:?]
	at org.apache.hadoop.ozone.protocol.proto.OzoneManagerProtocolProtos$OzoneManagerService$2.callBlockingMethod(OzoneManagerProtocolProtos.java) [ozone-interface-client-1.4.0-SNAPSHOT.jar:?]
	at org.apache.hadoop.ipc.ProtobufRpcEngine$Server.processCall(ProtobufRpcEngine.java:465) [hadoop-common-3.3.4.jar:?]
	at org.apache.hadoop.ipc.ProtobufRpcEngine2$Server$ProtoBufRpcInvoker.call(ProtobufRpcEngine2.java:578) [hadoop-common-3.3.4.jar:?]
	at org.apache.hadoop.ipc.ProtobufRpcEngine2$Server$ProtoBufRpcInvoker.call(ProtobufRpcEngine2.java:556) [hadoop-common-3.3.4.jar:?]
	at org.apache.hadoop.ipc.RPC$Server.call(RPC.java:1093) [hadoop-common-3.3.4.jar:?]
	at org.apache.hadoop.ipc.Server$RpcCall.run(Server.java:1043) [hadoop-common-3.3.4.jar:?]
	at org.apache.hadoop.ipc.Server$RpcCall.run(Server.java:971) [hadoop-common-3.3.4.jar:?]
	at java.security.AccessController.doPrivileged(Native Method) ~[?:1.8.0_362]
	at javax.security.auth.Subject.doAs(Subject.java:422) [?:1.8.0_362]
	at org.apache.hadoop.security.UserGroupInformation.doAs(UserGroupInformation.java:1878) [hadoop-common-3.3.4.jar:?]
	at org.apache.hadoop.ipc.Server$Handler.run(Server.java:2976) [hadoop-common-3.3.4.jar:?]
05:44:05.596 [IPC Server handler 5 on default port 43369] ERROR OMAudit - user=runner | ip=127.0.0.1 | op=GET_FILE_STATUS {volume=volume35147, bucket=bucket98126, key=gdir1/dir2, dataSize=0, replicationConfig=null} | ret=FAILURE
org.apache.hadoop.ozone.om.exceptions.OMException: Unable to get file status: volume: volume35147 bucket: bucket98126 key: gdir1/dir2
	at org.apache.hadoop.ozone.om.KeyManagerImpl.getOzoneFileStatusFSO(KeyManagerImpl.java:1320) ~[ozone-manager-1.4.0-SNAPSHOT.jar:?]
	at org.apache.hadoop.ozone.om.KeyManagerImpl.getFileStatus(KeyManagerImpl.java:1112) ~[ozone-manager-1.4.0-SNAPSHOT.jar:?]
	at org.apache.hadoop.ozone.om.OmMetadataReader.getFileStatus(OmMetadataReader.java:288) ~[ozone-manager-1.4.0-SNAPSHOT.jar:?]
	at org.apache.hadoop.ozone.om.OzoneManager.getFileStatus(OzoneManager.java:3494) ~[ozone-manager-1.4.0-SNAPSHOT.jar:?]
	at org.apache.hadoop.ozone.protocolPB.OzoneManagerRequestHandler.getOzoneFileStatus(OzoneManagerRequestHandler.java:933) ~[ozone-manager-1.4.0-SNAPSHOT.jar:?]
	at org.apache.hadoop.ozone.protocolPB.OzoneManagerRequestHandler.handleReadRequest(OzoneManagerRequestHandler.java:238) ~[ozone-manager-1.4.0-SNAPSHOT.jar:?]
	at org.apache.hadoop.ozone.protocolPB.OzoneManagerProtocolServerSideTranslatorPB.submitReadRequestToOM(OzoneManagerProtocolServerSideTranslatorPB.java:223) ~[ozone-manager-1.4.0-SNAPSHOT.jar:?]
	at org.apache.hadoop.ozone.protocolPB.OzoneManagerProtocolServerSideTranslatorPB.processRequest(OzoneManagerProtocolServerSideTranslatorPB.java:177) ~[ozone-manager-1.4.0-SNAPSHOT.jar:?]
	at org.apache.hadoop.hdds.server.OzoneProtocolMessageDispatcher.processRequest(OzoneProtocolMessageDispatcher.java:87) [hdds-server-framework-1.4.0-SNAPSHOT.jar:?]
	at org.apache.hadoop.ozone.protocolPB.OzoneManagerProtocolServerSideTranslatorPB.submitRequest(OzoneManagerProtocolServerSideTranslatorPB.java:147) [ozone-manager-1.4.0-SNAPSHOT.jar:?]
	at org.apache.hadoop.ozone.protocol.proto.OzoneManagerProtocolProtos$OzoneManagerService$2.callBlockingMethod(OzoneManagerProtocolProtos.java) [ozone-interface-client-1.4.0-SNAPSHOT.jar:?]
	at org.apache.hadoop.ipc.ProtobufRpcEngine$Server.processCall(ProtobufRpcEngine.java:465) [hadoop-common-3.3.4.jar:?]
	at org.apache.hadoop.ipc.ProtobufRpcEngine2$Server$ProtoBufRpcInvoker.call(ProtobufRpcEngine2.java:578) [hadoop-common-3.3.4.jar:?]
	at org.apache.hadoop.ipc.ProtobufRpcEngine2$Server$ProtoBufRpcInvoker.call(ProtobufRpcEngine2.java:556) [hadoop-common-3.3.4.jar:?]
	at org.apache.hadoop.ipc.RPC$Server.call(RPC.java:1093) [hadoop-common-3.3.4.jar:?]
	at org.apache.hadoop.ipc.Server$RpcCall.run(Server.java:1043) [hadoop-common-3.3.4.jar:?]
	at org.apache.hadoop.ipc.Server$RpcCall.run(Server.java:971) [hadoop-common-3.3.4.jar:?]
	at java.security.AccessController.doPrivileged(Native Method) ~[?:1.8.0_362]
	at javax.security.auth.Subject.doAs(Subject.java:422) [?:1.8.0_362]
	at org.apache.hadoop.security.UserGroupInformation.doAs(UserGroupInformation.java:1878) [hadoop-common-3.3.4.jar:?]
	at org.apache.hadoop.ipc.Server$Handler.run(Server.java:2976) [hadoop-common-3.3.4.jar:?]
05:44:05.597 [IPC Server handler 14 on default port 43369] ERROR OMAudit - user=runner | ip=127.0.0.1 | op=GET_FILE_STATUS {volume=volume35147, bucket=bucket98126, key=gdir1/dir2/child, dataSize=0, replicationConfig=null} | ret=FAILURE
org.apache.hadoop.ozone.om.exceptions.OMException: Unable to get file status: volume: volume35147 bucket: bucket98126 key: gdir1/dir2/child
	at org.apache.hadoop.ozone.om.KeyManagerImpl.getOzoneFileStatusFSO(KeyManagerImpl.java:1320) ~[ozone-manager-1.4.0-SNAPSHOT.jar:?]
	at org.apache.hadoop.ozone.om.KeyManagerImpl.getFileStatus(KeyManagerImpl.java:1112) ~[ozone-manager-1.4.0-SNAPSHOT.jar:?]
	at org.apache.hadoop.ozone.om.OmMetadataReader.getFileStatus(OmMetadataReader.java:288) ~[ozone-manager-1.4.0-SNAPSHOT.jar:?]
	at org.apache.hadoop.ozone.om.OzoneManager.getFileStatus(OzoneManager.java:3494) ~[ozone-manager-1.4.0-SNAPSHOT.jar:?]
	at org.apache.hadoop.ozone.protocolPB.OzoneManagerRequestHandler.getOzoneFileStatus(OzoneManagerRequestHandler.java:933) ~[ozone-manager-1.4.0-SNAPSHOT.jar:?]
	at org.apache.hadoop.ozone.protocolPB.OzoneManagerRequestHandler.handleReadRequest(OzoneManagerRequestHandler.java:238) ~[ozone-manager-1.4.0-SNAPSHOT.jar:?]
	at org.apache.hadoop.ozone.protocolPB.OzoneManagerProtocolServerSideTranslatorPB.submitReadRequestToOM(OzoneManagerProtocolServerSideTranslatorPB.java:223) ~[ozone-manager-1.4.0-SNAPSHOT.jar:?]
	at org.apache.hadoop.ozone.protocolPB.OzoneManagerProtocolServerSideTranslatorPB.processRequest(OzoneManagerProtocolServerSideTranslatorPB.java:177) ~[ozone-manager-1.4.0-SNAPSHOT.jar:?]
	at org.apache.hadoop.hdds.server.OzoneProtocolMessageDispatcher.processRequest(OzoneProtocolMessageDispatcher.java:87) [hdds-server-framework-1.4.0-SNAPSHOT.jar:?]
	at org.apache.hadoop.ozone.protocolPB.OzoneManagerProtocolServerSideTranslatorPB.submitRequest(OzoneManagerProtocolServerSideTranslatorPB.java:147) [ozone-manager-1.4.0-SNAPSHOT.jar:?]
	at org.apache.hadoop.ozone.protocol.proto.OzoneManagerProtocolProtos$OzoneManagerService$2.callBlockingMethod(OzoneManagerProtocolProtos.java) [ozone-interface-client-1.4.0-SNAPSHOT.jar:?]
	at org.apache.hadoop.ipc.ProtobufRpcEngine$Server.processCall(ProtobufRpcEngine.java:465) [hadoop-common-3.3.4.jar:?]
	at org.apache.hadoop.ipc.ProtobufRpcEngine2$Server$ProtoBufRpcInvoker.call(ProtobufRpcEngine2.java:578) [hadoop-common-3.3.4.jar:?]
	at org.apache.hadoop.ipc.ProtobufRpcEngine2$Server$ProtoBufRpcInvoker.call(ProtobufRpcEngine2.java:556) [hadoop-common-3.3.4.jar:?]
	at org.apache.hadoop.ipc.RPC$Server.call(RPC.java:1093) [hadoop-common-3.3.4.jar:?]
	at org.apache.hadoop.ipc.Server$RpcCall.run(Server.java:1043) [hadoop-common-3.3.4.jar:?]
	at org.apache.hadoop.ipc.Server$RpcCall.run(Server.java:971) [hadoop-common-3.3.4.jar:?]
	at java.security.AccessController.doPrivileged(Native Method) ~[?:1.8.0_362]
	at javax.security.auth.Subject.doAs(Subject.java:422) [?:1.8.0_362]
	at org.apache.hadoop.security.UserGroupInformation.doAs(UserGroupInformation.java:1878) [hadoop-common-3.3.4.jar:?]
	at org.apache.hadoop.ipc.Server$Handler.run(Server.java:2976) [hadoop-common-3.3.4.jar:?]
05:44:05.599 [IPC Server handler 12 on default port 43369] ERROR OMAudit - user=runner | ip=127.0.0.1 | op=GET_FILE_STATUS {volume=volume35147, bucket=bucket98126, key=gdir1/dir3, dataSize=0, replicationConfig=null} | ret=FAILURE
org.apache.hadoop.ozone.om.exceptions.OMException: Unable to get file status: volume: volume35147 bucket: bucket98126 key: gdir1/dir3
	at org.apache.hadoop.ozone.om.KeyManagerImpl.getOzoneFileStatusFSO(KeyManagerImpl.java:1320) ~[ozone-manager-1.4.0-SNAPSHOT.jar:?]
	at org.apache.hadoop.ozone.om.KeyManagerImpl.getFileStatus(KeyManagerImpl.java:1112) ~[ozone-manager-1.4.0-SNAPSHOT.jar:?]
	at org.apache.hadoop.ozone.om.OmMetadataReader.getFileStatus(OmMetadataReader.java:288) ~[ozone-manager-1.4.0-SNAPSHOT.jar:?]
	at org.apache.hadoop.ozone.om.OzoneManager.getFileStatus(OzoneManager.java:3494) ~[ozone-manager-1.4.0-SNAPSHOT.jar:?]
	at org.apache.hadoop.ozone.protocolPB.OzoneManagerRequestHandler.getOzoneFileStatus(OzoneManagerRequestHandler.java:933) ~[ozone-manager-1.4.0-SNAPSHOT.jar:?]
	at org.apache.hadoop.ozone.protocolPB.OzoneManagerRequestHandler.handleReadRequest(OzoneManagerRequestHandler.java:238) ~[ozone-manager-1.4.0-SNAPSHOT.jar:?]
	at org.apache.hadoop.ozone.protocolPB.OzoneManagerProtocolServerSideTranslatorPB.submitReadRequestToOM(OzoneManagerProtocolServerSideTranslatorPB.java:223) ~[ozone-manager-1.4.0-SNAPSHOT.jar:?]
	at org.apache.hadoop.ozone.protocolPB.OzoneManagerProtocolServerSideTranslatorPB.processRequest(OzoneManagerProtocolServerSideTranslatorPB.java:177) ~[ozone-manager-1.4.0-SNAPSHOT.jar:?]
	at org.apache.hadoop.hdds.server.OzoneProtocolMessageDispatcher.processRequest(OzoneProtocolMessageDispatcher.java:87) [hdds-server-framework-1.4.0-SNAPSHOT.jar:?]
	at org.apache.hadoop.ozone.protocolPB.OzoneManagerProtocolServerSideTranslatorPB.submitRequest(OzoneManagerProtocolServerSideTranslatorPB.java:147) [ozone-manager-1.4.0-SNAPSHOT.jar:?]
	at org.apache.hadoop.ozone.protocol.proto.OzoneManagerProtocolProtos$OzoneManagerService$2.callBlockingMethod(OzoneManagerProtocolProtos.java) [ozone-interface-client-1.4.0-SNAPSHOT.jar:?]
	at org.apache.hadoop.ipc.ProtobufRpcEngine$Server.processCall(ProtobufRpcEngine.java:465) [hadoop-common-3.3.4.jar:?]
	at org.apache.hadoop.ipc.ProtobufRpcEngine2$Server$ProtoBufRpcInvoker.call(ProtobufRpcEngine2.java:578) [hadoop-common-3.3.4.jar:?]
	at org.apache.hadoop.ipc.ProtobufRpcEngine2$Server$ProtoBufRpcInvoker.call(ProtobufRpcEngine2.java:556) [hadoop-common-3.3.4.jar:?]
	at org.apache.hadoop.ipc.RPC$Server.call(RPC.java:1093) [hadoop-common-3.3.4.jar:?]
	at org.apache.hadoop.ipc.Server$RpcCall.run(Server.java:1043) [hadoop-common-3.3.4.jar:?]
	at org.apache.hadoop.ipc.Server$RpcCall.run(Server.java:971) [hadoop-common-3.3.4.jar:?]
	at java.security.AccessController.doPrivileged(Native Method) ~[?:1.8.0_362]
	at javax.security.auth.Subject.doAs(Subject.java:422) [?:1.8.0_362]
	at org.apache.hadoop.security.UserGroupInformation.doAs(UserGroupInformation.java:1878) [hadoop-common-3.3.4.jar:?]
	at org.apache.hadoop.ipc.Server$Handler.run(Server.java:2976) [hadoop-common-3.3.4.jar:?]
05:44:05.600 [IPC Server handler 9 on default port 43369] ERROR OMAudit - user=runner | ip=127.0.0.1 | op=GET_FILE_STATUS {volume=volume35147, bucket=bucket98126, key=gdir1/dir3/child, dataSize=0, replicationConfig=null} | ret=FAILURE
org.apache.hadoop.ozone.om.exceptions.OMException: Unable to get file status: volume: volume35147 bucket: bucket98126 key: gdir1/dir3/child
	at org.apache.hadoop.ozone.om.KeyManagerImpl.getOzoneFileStatusFSO(KeyManagerImpl.java:1320) ~[ozone-manager-1.4.0-SNAPSHOT.jar:?]
	at org.apache.hadoop.ozone.om.KeyManagerImpl.getFileStatus(KeyManagerImpl.java:1112) ~[ozone-manager-1.4.0-SNAPSHOT.jar:?]
	at org.apache.hadoop.ozone.om.OmMetadataReader.getFileStatus(OmMetadataReader.java:288) ~[ozone-manager-1.4.0-SNAPSHOT.jar:?]
	at org.apache.hadoop.ozone.om.OzoneManager.getFileStatus(OzoneManager.java:3494) ~[ozone-manager-1.4.0-SNAPSHOT.jar:?]
	at org.apache.hadoop.ozone.protocolPB.OzoneManagerRequestHandler.getOzoneFileStatus(OzoneManagerRequestHandler.java:933) ~[ozone-manager-1.4.0-SNAPSHOT.jar:?]
	at org.apache.hadoop.ozone.protocolPB.OzoneManagerRequestHandler.handleReadRequest(OzoneManagerRequestHandler.java:238) ~[ozone-manager-1.4.0-SNAPSHOT.jar:?]
	at org.apache.hadoop.ozone.protocolPB.OzoneManagerProtocolServerSideTranslatorPB.submitReadRequestToOM(OzoneManagerProtocolServerSideTranslatorPB.java:223) ~[ozone-manager-1.4.0-SNAPSHOT.jar:?]
	at org.apache.hadoop.ozone.protocolPB.OzoneManagerProtocolServerSideTranslatorPB.processRequest(OzoneManagerProtocolServerSideTranslatorPB.java:177) ~[ozone-manager-1.4.0-SNAPSHOT.jar:?]
	at org.apache.hadoop.hdds.server.OzoneProtocolMessageDispatcher.processRequest(OzoneProtocolMessageDispatcher.java:87) [hdds-server-framework-1.4.0-SNAPSHOT.jar:?]
	at org.apache.hadoop.ozone.protocolPB.OzoneManagerProtocolServerSideTranslatorPB.submitRequest(OzoneManagerProtocolServerSideTranslatorPB.java:147) [ozone-manager-1.4.0-SNAPSHOT.jar:?]
	at org.apache.hadoop.ozone.protocol.proto.OzoneManagerProtocolProtos$OzoneManagerService$2.callBlockingMethod(OzoneManagerProtocolProtos.java) [ozone-interface-client-1.4.0-SNAPSHOT.jar:?]
	at org.apache.hadoop.ipc.ProtobufRpcEngine$Server.processCall(ProtobufRpcEngine.java:465) [hadoop-common-3.3.4.jar:?]
	at org.apache.hadoop.ipc.ProtobufRpcEngine2$Server$ProtoBufRpcInvoker.call(ProtobufRpcEngine2.java:578) [hadoop-common-3.3.4.jar:?]
	at org.apache.hadoop.ipc.ProtobufRpcEngine2$Server$ProtoBufRpcInvoker.call(ProtobufRpcEngine2.java:556) [hadoop-common-3.3.4.jar:?]
	at org.apache.hadoop.ipc.RPC$Server.call(RPC.java:1093) [hadoop-common-3.3.4.jar:?]
	at org.apache.hadoop.ipc.Server$RpcCall.run(Server.java:1043) [hadoop-common-3.3.4.jar:?]
	at org.apache.hadoop.ipc.Server$RpcCall.run(Server.java:971) [hadoop-common-3.3.4.jar:?]
	at java.security.AccessController.doPrivileged(Native Method) ~[?:1.8.0_362]
	at javax.security.auth.Subject.doAs(Subject.java:422) [?:1.8.0_362]
	at org.apache.hadoop.security.UserGroupInformation.doAs(UserGroupInformation.java:1878) [hadoop-common-3.3.4.jar:?]
	at org.apache.hadoop.ipc.Server$Handler.run(Server.java:2976) [hadoop-common-3.3.4.jar:?]
05:44:05.601 [IPC Server handler 16 on default port 43369] ERROR OMAudit - user=runner | ip=127.0.0.1 | op=GET_FILE_STATUS {volume=volume35147, bucket=bucket98126, key=gdir1/dir4, dataSize=0, replicationConfig=null} | ret=FAILURE
org.apache.hadoop.ozone.om.exceptions.OMException: Unable to get file status: volume: volume35147 bucket: bucket98126 key: gdir1/dir4
	at org.apache.hadoop.ozone.om.KeyManagerImpl.getOzoneFileStatusFSO(KeyManagerImpl.java:1320) ~[ozone-manager-1.4.0-SNAPSHOT.jar:?]
	at org.apache.hadoop.ozone.om.KeyManagerImpl.getFileStatus(KeyManagerImpl.java:1112) ~[ozone-manager-1.4.0-SNAPSHOT.jar:?]
	at org.apache.hadoop.ozone.om.OmMetadataReader.getFileStatus(OmMetadataReader.java:288) ~[ozone-manager-1.4.0-SNAPSHOT.jar:?]
	at org.apache.hadoop.ozone.om.OzoneManager.getFileStatus(OzoneManager.java:3494) ~[ozone-manager-1.4.0-SNAPSHOT.jar:?]
	at org.apache.hadoop.ozone.protocolPB.OzoneManagerRequestHandler.getOzoneFileStatus(OzoneManagerRequestHandler.java:933) ~[ozone-manager-1.4.0-SNAPSHOT.jar:?]
	at org.apache.hadoop.ozone.protocolPB.OzoneManagerRequestHandler.handleReadRequest(OzoneManagerRequestHandler.java:238) ~[ozone-manager-1.4.0-SNAPSHOT.jar:?]
	at org.apache.hadoop.ozone.protocolPB.OzoneManagerProtocolServerSideTranslatorPB.submitReadRequestToOM(OzoneManagerProtocolServerSideTranslatorPB.java:223) ~[ozone-manager-1.4.0-SNAPSHOT.jar:?]
	at org.apache.hadoop.ozone.protocolPB.OzoneManagerProtocolServerSideTranslatorPB.processRequest(OzoneManagerProtocolServerSideTranslatorPB.java:177) ~[ozone-manager-1.4.0-SNAPSHOT.jar:?]
	at org.apache.hadoop.hdds.server.OzoneProtocolMessageDispatcher.processRequest(OzoneProtocolMessageDispatcher.java:87) [hdds-server-framework-1.4.0-SNAPSHOT.jar:?]
	at org.apache.hadoop.ozone.protocolPB.OzoneManagerProtocolServerSideTranslatorPB.submitRequest(OzoneManagerProtocolServerSideTranslatorPB.java:147) [ozone-manager-1.4.0-SNAPSHOT.jar:?]
	at org.apache.hadoop.ozone.protocol.proto.OzoneManagerProtocolProtos$OzoneManagerService$2.callBlockingMethod(OzoneManagerProtocolProtos.java) [ozone-interface-client-1.4.0-SNAPSHOT.jar:?]
	at org.apache.hadoop.ipc.ProtobufRpcEngine$Server.processCall(ProtobufRpcEngine.java:465) [hadoop-common-3.3.4.jar:?]
	at org.apache.hadoop.ipc.ProtobufRpcEngine2$Server$ProtoBufRpcInvoker.call(ProtobufRpcEngine2.java:578) [hadoop-common-3.3.4.jar:?]
	at org.apache.hadoop.ipc.ProtobufRpcEngine2$Server$ProtoBufRpcInvoker.call(ProtobufRpcEngine2.java:556) [hadoop-common-3.3.4.jar:?]
	at org.apache.hadoop.ipc.RPC$Server.call(RPC.java:1093) [hadoop-common-3.3.4.jar:?]
	at org.apache.hadoop.ipc.Server$RpcCall.run(Server.java:1043) [hadoop-common-3.3.4.jar:?]
	at org.apache.hadoop.ipc.Server$RpcCall.run(Server.java:971) [hadoop-common-3.3.4.jar:?]
	at java.security.AccessController.doPrivileged(Native Method) ~[?:1.8.0_362]
	at javax.security.auth.Subject.doAs(Subject.java:422) [?:1.8.0_362]
	at org.apache.hadoop.security.UserGroupInformation.doAs(UserGroupInformation.java:1878) [hadoop-common-3.3.4.jar:?]
	at org.apache.hadoop.ipc.Server$Handler.run(Server.java:2976) [hadoop-common-3.3.4.jar:?]
05:44:05.602 [IPC Server handler 19 on default port 43369] ERROR OMAudit - user=runner | ip=127.0.0.1 | op=GET_FILE_STATUS {volume=volume35147, bucket=bucket98126, key=gdir1/dir4/child, dataSize=0, replicationConfig=null} | ret=FAILURE
org.apache.hadoop.ozone.om.exceptions.OMException: Unable to get file status: volume: volume35147 bucket: bucket98126 key: gdir1/dir4/child
	at org.apache.hadoop.ozone.om.KeyManagerImpl.getOzoneFileStatusFSO(KeyManagerImpl.java:1320) ~[ozone-manager-1.4.0-SNAPSHOT.jar:?]
	at org.apache.hadoop.ozone.om.KeyManagerImpl.getFileStatus(KeyManagerImpl.java:1112) ~[ozone-manager-1.4.0-SNAPSHOT.jar:?]
	at org.apache.hadoop.ozone.om.OmMetadataReader.getFileStatus(OmMetadataReader.java:288) ~[ozone-manager-1.4.0-SNAPSHOT.jar:?]
	at org.apache.hadoop.ozone.om.OzoneManager.getFileStatus(OzoneManager.java:3494) ~[ozone-manager-1.4.0-SNAPSHOT.jar:?]
	at org.apache.hadoop.ozone.protocolPB.OzoneManagerRequestHandler.getOzoneFileStatus(OzoneManagerRequestHandler.java:933) ~[ozone-manager-1.4.0-SNAPSHOT.jar:?]
	at org.apache.hadoop.ozone.protocolPB.OzoneManagerRequestHandler.handleReadRequest(OzoneManagerRequestHandler.java:238) ~[ozone-manager-1.4.0-SNAPSHOT.jar:?]
	at org.apache.hadoop.ozone.protocolPB.OzoneManagerProtocolServerSideTranslatorPB.submitReadRequestToOM(OzoneManagerProtocolServerSideTranslatorPB.java:223) ~[ozone-manager-1.4.0-SNAPSHOT.jar:?]
	at org.apache.hadoop.ozone.protocolPB.OzoneManagerProtocolServerSideTranslatorPB.processRequest(OzoneManagerProtocolServerSideTranslatorPB.java:177) ~[ozone-manager-1.4.0-SNAPSHOT.jar:?]
	at org.apache.hadoop.hdds.server.OzoneProtocolMessageDispatcher.processRequest(OzoneProtocolMessageDispatcher.java:87) [hdds-server-framework-1.4.0-SNAPSHOT.jar:?]
	at org.apache.hadoop.ozone.protocolPB.OzoneManagerProtocolServerSideTranslatorPB.submitRequest(OzoneManagerProtocolServerSideTranslatorPB.java:147) [ozone-manager-1.4.0-SNAPSHOT.jar:?]
	at org.apache.hadoop.ozone.protocol.proto.OzoneManagerProtocolProtos$OzoneManagerService$2.callBlockingMethod(OzoneManagerProtocolProtos.java) [ozone-interface-client-1.4.0-SNAPSHOT.jar:?]
	at org.apache.hadoop.ipc.ProtobufRpcEngine$Server.processCall(ProtobufRpcEngine.java:465) [hadoop-common-3.3.4.jar:?]
	at org.apache.hadoop.ipc.ProtobufRpcEngine2$Server$ProtoBufRpcInvoker.call(ProtobufRpcEngine2.java:578) [hadoop-common-3.3.4.jar:?]
	at org.apache.hadoop.ipc.ProtobufRpcEngine2$Server$ProtoBufRpcInvoker.call(ProtobufRpcEngine2.java:556) [hadoop-common-3.3.4.jar:?]
	at org.apache.hadoop.ipc.RPC$Server.call(RPC.java:1093) [hadoop-common-3.3.4.jar:?]
	at org.apache.hadoop.ipc.Server$RpcCall.run(Server.java:1043) [hadoop-common-3.3.4.jar:?]
	at org.apache.hadoop.ipc.Server$RpcCall.run(Server.java:971) [hadoop-common-3.3.4.jar:?]
	at java.security.AccessController.doPrivileged(Native Method) ~[?:1.8.0_362]
	at javax.security.auth.Subject.doAs(Subject.java:422) [?:1.8.0_362]
	at org.apache.hadoop.security.UserGroupInformation.doAs(UserGroupInformation.java:1878) [hadoop-common-3.3.4.jar:?]
	at org.apache.hadoop.ipc.Server$Handler.run(Server.java:2976) [hadoop-common-3.3.4.jar:?]
05:44:05.603 [IPC Server handler 15 on default port 43369] ERROR OMAudit - user=runner | ip=127.0.0.1 | op=GET_FILE_STATUS {volume=volume35147, bucket=bucket98126, key=gdir1/dir5, dataSize=0, replicationConfig=null} | ret=FAILURE
org.apache.hadoop.ozone.om.exceptions.OMException: Unable to get file status: volume: volume35147 bucket: bucket98126 key: gdir1/dir5
	at org.apache.hadoop.ozone.om.KeyManagerImpl.getOzoneFileStatusFSO(KeyManagerImpl.java:1320) ~[ozone-manager-1.4.0-SNAPSHOT.jar:?]
	at org.apache.hadoop.ozone.om.KeyManagerImpl.getFileStatus(KeyManagerImpl.java:1112) ~[ozone-manager-1.4.0-SNAPSHOT.jar:?]
	at org.apache.hadoop.ozone.om.OmMetadataReader.getFileStatus(OmMetadataReader.java:288) ~[ozone-manager-1.4.0-SNAPSHOT.jar:?]
	at org.apache.hadoop.ozone.om.OzoneManager.getFileStatus(OzoneManager.java:3494) ~[ozone-manager-1.4.0-SNAPSHOT.jar:?]
	at org.apache.hadoop.ozone.protocolPB.OzoneManagerRequestHandler.getOzoneFileStatus(OzoneManagerRequestHandler.java:933) ~[ozone-manager-1.4.0-SNAPSHOT.jar:?]
	at org.apache.hadoop.ozone.protocolPB.OzoneManagerRequestHandler.handleReadRequest(OzoneManagerRequestHandler.java:238) ~[ozone-manager-1.4.0-SNAPSHOT.jar:?]
	at org.apache.hadoop.ozone.protocolPB.OzoneManagerProtocolServerSideTranslatorPB.submitReadRequestToOM(OzoneManagerProtocolServerSideTranslatorPB.java:223) ~[ozone-manager-1.4.0-SNAPSHOT.jar:?]
	at org.apache.hadoop.ozone.protocolPB.OzoneManagerProtocolServerSideTranslatorPB.processRequest(OzoneManagerProtocolServerSideTranslatorPB.java:177) ~[ozone-manager-1.4.0-SNAPSHOT.jar:?]
	at org.apache.hadoop.hdds.server.OzoneProtocolMessageDispatcher.processRequest(OzoneProtocolMessageDispatcher.java:87) [hdds-server-framework-1.4.0-SNAPSHOT.jar:?]
	at org.apache.hadoop.ozone.protocolPB.OzoneManagerProtocolServerSideTranslatorPB.submitRequest(OzoneManagerProtocolServerSideTranslatorPB.java:147) [ozone-manager-1.4.0-SNAPSHOT.jar:?]
	at org.apache.hadoop.ozone.protocol.proto.OzoneManagerProtocolProtos$OzoneManagerService$2.callBlockingMethod(OzoneManagerProtocolProtos.java) [ozone-interface-client-1.4.0-SNAPSHOT.jar:?]
	at org.apache.hadoop.ipc.ProtobufRpcEngine$Server.processCall(ProtobufRpcEngine.java:465) [hadoop-common-3.3.4.jar:?]
	at org.apache.hadoop.ipc.ProtobufRpcEngine2$Server$ProtoBufRpcInvoker.call(ProtobufRpcEngine2.java:578) [hadoop-common-3.3.4.jar:?]
	at org.apache.hadoop.ipc.ProtobufRpcEngine2$Server$ProtoBufRpcInvoker.call(ProtobufRpcEngine2.java:556) [hadoop-common-3.3.4.jar:?]
	at org.apache.hadoop.ipc.RPC$Server.call(RPC.java:1093) [hadoop-common-3.3.4.jar:?]
	at org.apache.hadoop.ipc.Server$RpcCall.run(Server.java:1043) [hadoop-common-3.3.4.jar:?]
	at org.apache.hadoop.ipc.Server$RpcCall.run(Server.java:971) [hadoop-common-3.3.4.jar:?]
	at java.security.AccessController.doPrivileged(Native Method) ~[?:1.8.0_362]
	at javax.security.auth.Subject.doAs(Subject.java:422) [?:1.8.0_362]
	at org.apache.hadoop.security.UserGroupInformation.doAs(UserGroupInformation.java:1878) [hadoop-common-3.3.4.jar:?]
	at org.apache.hadoop.ipc.Server$Handler.run(Server.java:2976) [hadoop-common-3.3.4.jar:?]
05:44:05.604 [IPC Server handler 0 on default port 43369] ERROR OMAudit - user=runner | ip=127.0.0.1 | op=GET_FILE_STATUS {volume=volume35147, bucket=bucket98126, key=gdir1/dir5/child, dataSize=0, replicationConfig=null} | ret=FAILURE
org.apache.hadoop.ozone.om.exceptions.OMException: Unable to get file status: volume: volume35147 bucket: bucket98126 key: gdir1/dir5/child
	at org.apache.hadoop.ozone.om.KeyManagerImpl.getOzoneFileStatusFSO(KeyManagerImpl.java:1320) ~[ozone-manager-1.4.0-SNAPSHOT.jar:?]
	at org.apache.hadoop.ozone.om.KeyManagerImpl.getFileStatus(KeyManagerImpl.java:1112) ~[ozone-manager-1.4.0-SNAPSHOT.jar:?]
	at org.apache.hadoop.ozone.om.OmMetadataReader.getFileStatus(OmMetadataReader.java:288) ~[ozone-manager-1.4.0-SNAPSHOT.jar:?]
	at org.apache.hadoop.ozone.om.OzoneManager.getFileStatus(OzoneManager.java:3494) ~[ozone-manager-1.4.0-SNAPSHOT.jar:?]
	at org.apache.hadoop.ozone.protocolPB.OzoneManagerRequestHandler.getOzoneFileStatus(OzoneManagerRequestHandler.java:933) ~[ozone-manager-1.4.0-SNAPSHOT.jar:?]
	at org.apache.hadoop.ozone.protocolPB.OzoneManagerRequestHandler.handleReadRequest(OzoneManagerRequestHandler.java:238) ~[ozone-manager-1.4.0-SNAPSHOT.jar:?]
	at org.apache.hadoop.ozone.protocolPB.OzoneManagerProtocolServerSideTranslatorPB.submitReadRequestToOM(OzoneManagerProtocolServerSideTranslatorPB.java:223) ~[ozone-manager-1.4.0-SNAPSHOT.jar:?]
	at org.apache.hadoop.ozone.protocolPB.OzoneManagerProtocolServerSideTranslatorPB.processRequest(OzoneManagerProtocolServerSideTranslatorPB.java:177) ~[ozone-manager-1.4.0-SNAPSHOT.jar:?]
	at org.apache.hadoop.hdds.server.OzoneProtocolMessageDispatcher.processRequest(OzoneProtocolMessageDispatcher.java:87) [hdds-server-framework-1.4.0-SNAPSHOT.jar:?]
	at org.apache.hadoop.ozone.protocolPB.OzoneManagerProtocolServerSideTranslatorPB.submitRequest(OzoneManagerProtocolServerSideTranslatorPB.java:147) [ozone-manager-1.4.0-SNAPSHOT.jar:?]
	at org.apache.hadoop.ozone.protocol.proto.OzoneManagerProtocolProtos$OzoneManagerService$2.callBlockingMethod(OzoneManagerProtocolProtos.java) [ozone-interface-client-1.4.0-SNAPSHOT.jar:?]
	at org.apache.hadoop.ipc.ProtobufRpcEngine$Server.processCall(ProtobufRpcEngine.java:465) [hadoop-common-3.3.4.jar:?]
	at org.apache.hadoop.ipc.ProtobufRpcEngine2$Server$ProtoBufRpcInvoker.call(ProtobufRpcEngine2.java:578) [hadoop-common-3.3.4.jar:?]
	at org.apache.hadoop.ipc.ProtobufRpcEngine2$Server$ProtoBufRpcInvoker.call(ProtobufRpcEngine2.java:556) [hadoop-common-3.3.4.jar:?]
	at org.apache.hadoop.ipc.RPC$Server.call(RPC.java:1093) [hadoop-common-3.3.4.jar:?]
	at org.apache.hadoop.ipc.Server$RpcCall.run(Server.java:1043) [hadoop-common-3.3.4.jar:?]
	at org.apache.hadoop.ipc.Server$RpcCall.run(Server.java:971) [hadoop-common-3.3.4.jar:?]
	at java.security.AccessController.doPrivileged(Native Method) ~[?:1.8.0_362]
	at javax.security.auth.Subject.doAs(Subject.java:422) [?:1.8.0_362]
	at org.apache.hadoop.security.UserGroupInformation.doAs(UserGroupInformation.java:1878) [hadoop-common-3.3.4.jar:?]
	at org.apache.hadoop.ipc.Server$Handler.run(Server.java:2976) [hadoop-common-3.3.4.jar:?]
05:44:05.606 [IPC Server handler 2 on default port 43369] ERROR OMAudit - user=runner | ip=127.0.0.1 | op=GET_FILE_STATUS {volume=volume35147, bucket=bucket98126, key=gdir1/dir6, dataSize=0, replicationConfig=null} | ret=FAILURE
org.apache.hadoop.ozone.om.exceptions.OMException: Unable to get file status: volume: volume35147 bucket: bucket98126 key: gdir1/dir6
	at org.apache.hadoop.ozone.om.KeyManagerImpl.getOzoneFileStatusFSO(KeyManagerImpl.java:1320) ~[ozone-manager-1.4.0-SNAPSHOT.jar:?]
	at org.apache.hadoop.ozone.om.KeyManagerImpl.getFileStatus(KeyManagerImpl.java:1112) ~[ozone-manager-1.4.0-SNAPSHOT.jar:?]
	at org.apache.hadoop.ozone.om.OmMetadataReader.getFileStatus(OmMetadataReader.java:288) ~[ozone-manager-1.4.0-SNAPSHOT.jar:?]
	at org.apache.hadoop.ozone.om.OzoneManager.getFileStatus(OzoneManager.java:3494) ~[ozone-manager-1.4.0-SNAPSHOT.jar:?]
	at org.apache.hadoop.ozone.protocolPB.OzoneManagerRequestHandler.getOzoneFileStatus(OzoneManagerRequestHandler.java:933) ~[ozone-manager-1.4.0-SNAPSHOT.jar:?]
	at org.apache.hadoop.ozone.protocolPB.OzoneManagerRequestHandler.handleReadRequest(OzoneManagerRequestHandler.java:238) ~[ozone-manager-1.4.0-SNAPSHOT.jar:?]
	at org.apache.hadoop.ozone.protocolPB.OzoneManagerProtocolServerSideTranslatorPB.submitReadRequestToOM(OzoneManagerProtocolServerSideTranslatorPB.java:223) ~[ozone-manager-1.4.0-SNAPSHOT.jar:?]
	at org.apache.hadoop.ozone.protocolPB.OzoneManagerProtocolServerSideTranslatorPB.processRequest(OzoneManagerProtocolServerSideTranslatorPB.java:177) ~[ozone-manager-1.4.0-SNAPSHOT.jar:?]
	at org.apache.hadoop.hdds.server.OzoneProtocolMessageDispatcher.processRequest(OzoneProtocolMessageDispatcher.java:87) [hdds-server-framework-1.4.0-SNAPSHOT.jar:?]
	at org.apache.hadoop.ozone.protocolPB.OzoneManagerProtocolServerSideTranslatorPB.submitRequest(OzoneManagerProtocolServerSideTranslatorPB.java:147) [ozone-manager-1.4.0-SNAPSHOT.jar:?]
	at org.apache.hadoop.ozone.protocol.proto.OzoneManagerProtocolProtos$OzoneManagerService$2.callBlockingMethod(OzoneManagerProtocolProtos.java) [ozone-interface-client-1.4.0-SNAPSHOT.jar:?]
	at org.apache.hadoop.ipc.ProtobufRpcEngine$Server.processCall(ProtobufRpcEngine.java:465) [hadoop-common-3.3.4.jar:?]
	at org.apache.hadoop.ipc.ProtobufRpcEngine2$Server$ProtoBufRpcInvoker.call(ProtobufRpcEngine2.java:578) [hadoop-common-3.3.4.jar:?]
	at org.apache.hadoop.ipc.ProtobufRpcEngine2$Server$ProtoBufRpcInvoker.call(ProtobufRpcEngine2.java:556) [hadoop-common-3.3.4.jar:?]
	at org.apache.hadoop.ipc.RPC$Server.call(RPC.java:1093) [hadoop-common-3.3.4.jar:?]
	at org.apache.hadoop.ipc.Server$RpcCall.run(Server.java:1043) [hadoop-common-3.3.4.jar:?]
	at org.apache.hadoop.ipc.Server$RpcCall.run(Server.java:971) [hadoop-common-3.3.4.jar:?]
	at java.security.AccessController.doPrivileged(Native Method) ~[?:1.8.0_362]
	at javax.security.auth.Subject.doAs(Subject.java:422) [?:1.8.0_362]
	at org.apache.hadoop.security.UserGroupInformation.doAs(UserGroupInformation.java:1878) [hadoop-common-3.3.4.jar:?]
	at org.apache.hadoop.ipc.Server$Handler.run(Server.java:2976) [hadoop-common-3.3.4.jar:?]
05:44:05.607 [IPC Server handler 1 on default port 43369] ERROR OMAudit - user=runner | ip=127.0.0.1 | op=GET_FILE_STATUS {volume=volume35147, bucket=bucket98126, key=gdir1/dir6/child, dataSize=0, replicationConfig=null} | ret=FAILURE
org.apache.hadoop.ozone.om.exceptions.OMException: Unable to get file status: volume: volume35147 bucket: bucket98126 key: gdir1/dir6/child
	at org.apache.hadoop.ozone.om.KeyManagerImpl.getOzoneFileStatusFSO(KeyManagerImpl.java:1320) ~[ozone-manager-1.4.0-SNAPSHOT.jar:?]
	at org.apache.hadoop.ozone.om.KeyManagerImpl.getFileStatus(KeyManagerImpl.java:1112) ~[ozone-manager-1.4.0-SNAPSHOT.jar:?]
	at org.apache.hadoop.ozone.om.OmMetadataReader.getFileStatus(OmMetadataReader.java:288) ~[ozone-manager-1.4.0-SNAPSHOT.jar:?]
	at org.apache.hadoop.ozone.om.OzoneManager.getFileStatus(OzoneManager.java:3494) ~[ozone-manager-1.4.0-SNAPSHOT.jar:?]
	at org.apache.hadoop.ozone.protocolPB.OzoneManagerRequestHandler.getOzoneFileStatus(OzoneManagerRequestHandler.java:933) ~[ozone-manager-1.4.0-SNAPSHOT.jar:?]
	at org.apache.hadoop.ozone.protocolPB.OzoneManagerRequestHandler.handleReadRequest(OzoneManagerRequestHandler.java:238) ~[ozone-manager-1.4.0-SNAPSHOT.jar:?]
	at org.apache.hadoop.ozone.protocolPB.OzoneManagerProtocolServerSideTranslatorPB.submitReadRequestToOM(OzoneManagerProtocolServerSideTranslatorPB.java:223) ~[ozone-manager-1.4.0-SNAPSHOT.jar:?]
	at org.apache.hadoop.ozone.protocolPB.OzoneManagerProtocolServerSideTranslatorPB.processRequest(OzoneManagerProtocolServerSideTranslatorPB.java:177) ~[ozone-manager-1.4.0-SNAPSHOT.jar:?]
	at org.apache.hadoop.hdds.server.OzoneProtocolMessageDispatcher.processRequest(OzoneProtocolMessageDispatcher.java:87) [hdds-server-framework-1.4.0-SNAPSHOT.jar:?]
	at org.apache.hadoop.ozone.protocolPB.OzoneManagerProtocolServerSideTranslatorPB.submitRequest(OzoneManagerProtocolServerSideTranslatorPB.java:147) [ozone-manager-1.4.0-SNAPSHOT.jar:?]
	at org.apache.hadoop.ozone.protocol.proto.OzoneManagerProtocolProtos$OzoneManagerService$2.callBlockingMethod(OzoneManagerProtocolProtos.java) [ozone-interface-client-1.4.0-SNAPSHOT.jar:?]
	at org.apache.hadoop.ipc.ProtobufRpcEngine$Server.processCall(ProtobufRpcEngine.java:465) [hadoop-common-3.3.4.jar:?]
	at org.apache.hadoop.ipc.ProtobufRpcEngine2$Server$ProtoBufRpcInvoker.call(ProtobufRpcEngine2.java:578) [hadoop-common-3.3.4.jar:?]
	at org.apache.hadoop.ipc.ProtobufRpcEngine2$Server$ProtoBufRpcInvoker.call(ProtobufRpcEngine2.java:556) [hadoop-common-3.3.4.jar:?]
	at org.apache.hadoop.ipc.RPC$Server.call(RPC.java:1093) [hadoop-common-3.3.4.jar:?]
	at org.apache.hadoop.ipc.Server$RpcCall.run(Server.java:1043) [hadoop-common-3.3.4.jar:?]
	at org.apache.hadoop.ipc.Server$RpcCall.run(Server.java:971) [hadoop-common-3.3.4.jar:?]
	at java.security.AccessController.doPrivileged(Native Method) ~[?:1.8.0_362]
	at javax.security.auth.Subject.doAs(Subject.java:422) [?:1.8.0_362]
	at org.apache.hadoop.security.UserGroupInformation.doAs(UserGroupInformation.java:1878) [hadoop-common-3.3.4.jar:?]
	at org.apache.hadoop.ipc.Server$Handler.run(Server.java:2976) [hadoop-common-3.3.4.jar:?]
05:44:05.609 [IPC Server handler 3 on default port 43369] ERROR OMAudit - user=runner | ip=127.0.0.1 | op=GET_FILE_STATUS {volume=volume35147, bucket=bucket98126, key=gdir1/dir7, dataSize=0, replicationConfig=null} | ret=FAILURE
org.apache.hadoop.ozone.om.exceptions.OMException: Unable to get file status: volume: volume35147 bucket: bucket98126 key: gdir1/dir7
	at org.apache.hadoop.ozone.om.KeyManagerImpl.getOzoneFileStatusFSO(KeyManagerImpl.java:1320) ~[ozone-manager-1.4.0-SNAPSHOT.jar:?]
	at org.apache.hadoop.ozone.om.KeyManagerImpl.getFileStatus(KeyManagerImpl.java:1112) ~[ozone-manager-1.4.0-SNAPSHOT.jar:?]
	at org.apache.hadoop.ozone.om.OmMetadataReader.getFileStatus(OmMetadataReader.java:288) ~[ozone-manager-1.4.0-SNAPSHOT.jar:?]
	at org.apache.hadoop.ozone.om.OzoneManager.getFileStatus(OzoneManager.java:3494) ~[ozone-manager-1.4.0-SNAPSHOT.jar:?]
	at org.apache.hadoop.ozone.protocolPB.OzoneManagerRequestHandler.getOzoneFileStatus(OzoneManagerRequestHandler.java:933) ~[ozone-manager-1.4.0-SNAPSHOT.jar:?]
	at org.apache.hadoop.ozone.protocolPB.OzoneManagerRequestHandler.handleReadRequest(OzoneManagerRequestHandler.java:238) ~[ozone-manager-1.4.0-SNAPSHOT.jar:?]
	at org.apache.hadoop.ozone.protocolPB.OzoneManagerProtocolServerSideTranslatorPB.submitReadRequestToOM(OzoneManagerProtocolServerSideTranslatorPB.java:223) ~[ozone-manager-1.4.0-SNAPSHOT.jar:?]
	at org.apache.hadoop.ozone.protocolPB.OzoneManagerProtocolServerSideTranslatorPB.processRequest(OzoneManagerProtocolServerSideTranslatorPB.java:177) ~[ozone-manager-1.4.0-SNAPSHOT.jar:?]
	at org.apache.hadoop.hdds.server.OzoneProtocolMessageDispatcher.processRequest(OzoneProtocolMessageDispatcher.java:87) [hdds-server-framework-1.4.0-SNAPSHOT.jar:?]
	at org.apache.hadoop.ozone.protocolPB.OzoneManagerProtocolServerSideTranslatorPB.submitRequest(OzoneManagerProtocolServerSideTranslatorPB.java:147) [ozone-manager-1.4.0-SNAPSHOT.jar:?]
	at org.apache.hadoop.ozone.protocol.proto.OzoneManagerProtocolProtos$OzoneManagerService$2.callBlockingMethod(OzoneManagerProtocolProtos.java) [ozone-interface-client-1.4.0-SNAPSHOT.jar:?]
	at org.apache.hadoop.ipc.ProtobufRpcEngine$Server.processCall(ProtobufRpcEngine.java:465) [hadoop-common-3.3.4.jar:?]
	at org.apache.hadoop.ipc.ProtobufRpcEngine2$Server$ProtoBufRpcInvoker.call(ProtobufRpcEngine2.java:578) [hadoop-common-3.3.4.jar:?]
	at org.apache.hadoop.ipc.ProtobufRpcEngine2$Server$ProtoBufRpcInvoker.call(ProtobufRpcEngine2.java:556) [hadoop-common-3.3.4.jar:?]
	at org.apache.hadoop.ipc.RPC$Server.call(RPC.java:1093) [hadoop-common-3.3.4.jar:?]
	at org.apache.hadoop.ipc.Server$RpcCall.run(Server.java:1043) [hadoop-common-3.3.4.jar:?]
	at org.apache.hadoop.ipc.Server$RpcCall.run(Server.java:971) [hadoop-common-3.3.4.jar:?]
	at java.security.AccessController.doPrivileged(Native Method) ~[?:1.8.0_362]
	at javax.security.auth.Subject.doAs(Subject.java:422) [?:1.8.0_362]
	at org.apache.hadoop.security.UserGroupInformation.doAs(UserGroupInformation.java:1878) [hadoop-common-3.3.4.jar:?]
	at org.apache.hadoop.ipc.Server$Handler.run(Server.java:2976) [hadoop-common-3.3.4.jar:?]
05:44:05.610 [IPC Server handler 4 on default port 43369] ERROR OMAudit - user=runner | ip=127.0.0.1 | op=GET_FILE_STATUS {volume=volume35147, bucket=bucket98126, key=gdir1/dir7/child, dataSize=0, replicationConfig=null} | ret=FAILURE
org.apache.hadoop.ozone.om.exceptions.OMException: Unable to get file status: volume: volume35147 bucket: bucket98126 key: gdir1/dir7/child
	at org.apache.hadoop.ozone.om.KeyManagerImpl.getOzoneFileStatusFSO(KeyManagerImpl.java:1320) ~[ozone-manager-1.4.0-SNAPSHOT.jar:?]
	at org.apache.hadoop.ozone.om.KeyManagerImpl.getFileStatus(KeyManagerImpl.java:1112) ~[ozone-manager-1.4.0-SNAPSHOT.jar:?]
	at org.apache.hadoop.ozone.om.OmMetadataReader.getFileStatus(OmMetadataReader.java:288) ~[ozone-manager-1.4.0-SNAPSHOT.jar:?]
	at org.apache.hadoop.ozone.om.OzoneManager.getFileStatus(OzoneManager.java:3494) ~[ozone-manager-1.4.0-SNAPSHOT.jar:?]
	at org.apache.hadoop.ozone.protocolPB.OzoneManagerRequestHandler.getOzoneFileStatus(OzoneManagerRequestHandler.java:933) ~[ozone-manager-1.4.0-SNAPSHOT.jar:?]
	at org.apache.hadoop.ozone.protocolPB.OzoneManagerRequestHandler.handleReadRequest(OzoneManagerRequestHandler.java:238) ~[ozone-manager-1.4.0-SNAPSHOT.jar:?]
	at org.apache.hadoop.ozone.protocolPB.OzoneManagerProtocolServerSideTranslatorPB.submitReadRequestToOM(OzoneManagerProtocolServerSideTranslatorPB.java:223) ~[ozone-manager-1.4.0-SNAPSHOT.jar:?]
	at org.apache.hadoop.ozone.protocolPB.OzoneManagerProtocolServerSideTranslatorPB.processRequest(OzoneManagerProtocolServerSideTranslatorPB.java:177) ~[ozone-manager-1.4.0-SNAPSHOT.jar:?]
	at org.apache.hadoop.hdds.server.OzoneProtocolMessageDispatcher.processRequest(OzoneProtocolMessageDispatcher.java:87) [hdds-server-framework-1.4.0-SNAPSHOT.jar:?]
	at org.apache.hadoop.ozone.protocolPB.OzoneManagerProtocolServerSideTranslatorPB.submitRequest(OzoneManagerProtocolServerSideTranslatorPB.java:147) [ozone-manager-1.4.0-SNAPSHOT.jar:?]
	at org.apache.hadoop.ozone.protocol.proto.OzoneManagerProtocolProtos$OzoneManagerService$2.callBlockingMethod(OzoneManagerProtocolProtos.java) [ozone-interface-client-1.4.0-SNAPSHOT.jar:?]
	at org.apache.hadoop.ipc.ProtobufRpcEngine$Server.processCall(ProtobufRpcEngine.java:465) [hadoop-common-3.3.4.jar:?]
	at org.apache.hadoop.ipc.ProtobufRpcEngine2$Server$ProtoBufRpcInvoker.call(ProtobufRpcEngine2.java:578) [hadoop-common-3.3.4.jar:?]
	at org.apache.hadoop.ipc.ProtobufRpcEngine2$Server$ProtoBufRpcInvoker.call(ProtobufRpcEngine2.java:556) [hadoop-common-3.3.4.jar:?]
	at org.apache.hadoop.ipc.RPC$Server.call(RPC.java:1093) [hadoop-common-3.3.4.jar:?]
	at org.apache.hadoop.ipc.Server$RpcCall.run(Server.java:1043) [hadoop-common-3.3.4.jar:?]
	at org.apache.hadoop.ipc.Server$RpcCall.run(Server.java:971) [hadoop-common-3.3.4.jar:?]
	at java.security.AccessController.doPrivileged(Native Method) ~[?:1.8.0_362]
	at javax.security.auth.Subject.doAs(Subject.java:422) [?:1.8.0_362]
	at org.apache.hadoop.security.UserGroupInformation.doAs(UserGroupInformation.java:1878) [hadoop-common-3.3.4.jar:?]
	at org.apache.hadoop.ipc.Server$Handler.run(Server.java:2976) [hadoop-common-3.3.4.jar:?]
05:44:05.612 [IPC Server handler 8 on default port 43369] ERROR OMAudit - user=runner | ip=127.0.0.1 | op=GET_FILE_STATUS {volume=volume35147, bucket=bucket98126, key=gdir1/dir8, dataSize=0, replicationConfig=null} | ret=FAILURE
org.apache.hadoop.ozone.om.exceptions.OMException: Unable to get file status: volume: volume35147 bucket: bucket98126 key: gdir1/dir8
	at org.apache.hadoop.ozone.om.KeyManagerImpl.getOzoneFileStatusFSO(KeyManagerImpl.java:1320) ~[ozone-manager-1.4.0-SNAPSHOT.jar:?]
	at org.apache.hadoop.ozone.om.KeyManagerImpl.getFileStatus(KeyManagerImpl.java:1112) ~[ozone-manager-1.4.0-SNAPSHOT.jar:?]
	at org.apache.hadoop.ozone.om.OmMetadataReader.getFileStatus(OmMetadataReader.java:288) ~[ozone-manager-1.4.0-SNAPSHOT.jar:?]
	at org.apache.hadoop.ozone.om.OzoneManager.getFileStatus(OzoneManager.java:3494) ~[ozone-manager-1.4.0-SNAPSHOT.jar:?]
	at org.apache.hadoop.ozone.protocolPB.OzoneManagerRequestHandler.getOzoneFileStatus(OzoneManagerRequestHandler.java:933) ~[ozone-manager-1.4.0-SNAPSHOT.jar:?]
	at org.apache.hadoop.ozone.protocolPB.OzoneManagerRequestHandler.handleReadRequest(OzoneManagerRequestHandler.java:238) ~[ozone-manager-1.4.0-SNAPSHOT.jar:?]
	at org.apache.hadoop.ozone.protocolPB.OzoneManagerProtocolServerSideTranslatorPB.submitReadRequestToOM(OzoneManagerProtocolServerSideTranslatorPB.java:223) ~[ozone-manager-1.4.0-SNAPSHOT.jar:?]
	at org.apache.hadoop.ozone.protocolPB.OzoneManagerProtocolServerSideTranslatorPB.processRequest(OzoneManagerProtocolServerSideTranslatorPB.java:177) ~[ozone-manager-1.4.0-SNAPSHOT.jar:?]
	at org.apache.hadoop.hdds.server.OzoneProtocolMessageDispatcher.processRequest(OzoneProtocolMessageDispatcher.java:87) [hdds-server-framework-1.4.0-SNAPSHOT.jar:?]
	at org.apache.hadoop.ozone.protocolPB.OzoneManagerProtocolServerSideTranslatorPB.submitRequest(OzoneManagerProtocolServerSideTranslatorPB.java:147) [ozone-manager-1.4.0-SNAPSHOT.jar:?]
	at org.apache.hadoop.ozone.protocol.proto.OzoneManagerProtocolProtos$OzoneManagerService$2.callBlockingMethod(OzoneManagerProtocolProtos.java) [ozone-interface-client-1.4.0-SNAPSHOT.jar:?]
	at org.apache.hadoop.ipc.ProtobufRpcEngine$Server.processCall(ProtobufRpcEngine.java:465) [hadoop-common-3.3.4.jar:?]
	at org.apache.hadoop.ipc.ProtobufRpcEngine2$Server$ProtoBufRpcInvoker.call(ProtobufRpcEngine2.java:578) [hadoop-common-3.3.4.jar:?]
	at org.apache.hadoop.ipc.ProtobufRpcEngine2$Server$ProtoBufRpcInvoker.call(ProtobufRpcEngine2.java:556) [hadoop-common-3.3.4.jar:?]
	at org.apache.hadoop.ipc.RPC$Server.call(RPC.java:1093) [hadoop-common-3.3.4.jar:?]
	at org.apache.hadoop.ipc.Server$RpcCall.run(Server.java:1043) [hadoop-common-3.3.4.jar:?]
	at org.apache.hadoop.ipc.Server$RpcCall.run(Server.java:971) [hadoop-common-3.3.4.jar:?]
	at java.security.AccessController.doPrivileged(Native Method) ~[?:1.8.0_362]
	at javax.security.auth.Subject.doAs(Subject.java:422) [?:1.8.0_362]
	at org.apache.hadoop.security.UserGroupInformation.doAs(UserGroupInformation.java:1878) [hadoop-common-3.3.4.jar:?]
	at org.apache.hadoop.ipc.Server$Handler.run(Server.java:2976) [hadoop-common-3.3.4.jar:?]
05:44:05.613 [IPC Server handler 18 on default port 43369] ERROR OMAudit - user=runner | ip=127.0.0.1 | op=GET_FILE_STATUS {volume=volume35147, bucket=bucket98126, key=gdir1/dir8/child, dataSize=0, replicationConfig=null} | ret=FAILURE
org.apache.hadoop.ozone.om.exceptions.OMException: Unable to get file status: volume: volume35147 bucket: bucket98126 key: gdir1/dir8/child
	at org.apache.hadoop.ozone.om.KeyManagerImpl.getOzoneFileStatusFSO(KeyManagerImpl.java:1320) ~[ozone-manager-1.4.0-SNAPSHOT.jar:?]
	at org.apache.hadoop.ozone.om.KeyManagerImpl.getFileStatus(KeyManagerImpl.java:1112) ~[ozone-manager-1.4.0-SNAPSHOT.jar:?]
	at org.apache.hadoop.ozone.om.OmMetadataReader.getFileStatus(OmMetadataReader.java:288) ~[ozone-manager-1.4.0-SNAPSHOT.jar:?]
	at org.apache.hadoop.ozone.om.OzoneManager.getFileStatus(OzoneManager.java:3494) ~[ozone-manager-1.4.0-SNAPSHOT.jar:?]
	at org.apache.hadoop.ozone.protocolPB.OzoneManagerRequestHandler.getOzoneFileStatus(OzoneManagerRequestHandler.java:933) ~[ozone-manager-1.4.0-SNAPSHOT.jar:?]
	at org.apache.hadoop.ozone.protocolPB.OzoneManagerRequestHandler.handleReadRequest(OzoneManagerRequestHandler.java:238) ~[ozone-manager-1.4.0-SNAPSHOT.jar:?]
	at org.apache.hadoop.ozone.protocolPB.OzoneManagerProtocolServerSideTranslatorPB.submitReadRequestToOM(OzoneManagerProtocolServerSideTranslatorPB.java:223) ~[ozone-manager-1.4.0-SNAPSHOT.jar:?]
	at org.apache.hadoop.ozone.protocolPB.OzoneManagerProtocolServerSideTranslatorPB.processRequest(OzoneManagerProtocolServerSideTranslatorPB.java:177) ~[ozone-manager-1.4.0-SNAPSHOT.jar:?]
	at org.apache.hadoop.hdds.server.OzoneProtocolMessageDispatcher.processRequest(OzoneProtocolMessageDispatcher.java:87) [hdds-server-framework-1.4.0-SNAPSHOT.jar:?]
	at org.apache.hadoop.ozone.protocolPB.OzoneManagerProtocolServerSideTranslatorPB.submitRequest(OzoneManagerProtocolServerSideTranslatorPB.java:147) [ozone-manager-1.4.0-SNAPSHOT.jar:?]
	at org.apache.hadoop.ozone.protocol.proto.OzoneManagerProtocolProtos$OzoneManagerService$2.callBlockingMethod(OzoneManagerProtocolProtos.java) [ozone-interface-client-1.4.0-SNAPSHOT.jar:?]
	at org.apache.hadoop.ipc.ProtobufRpcEngine$Server.processCall(ProtobufRpcEngine.java:465) [hadoop-common-3.3.4.jar:?]
	at org.apache.hadoop.ipc.ProtobufRpcEngine2$Server$ProtoBufRpcInvoker.call(ProtobufRpcEngine2.java:578) [hadoop-common-3.3.4.jar:?]
	at org.apache.hadoop.ipc.ProtobufRpcEngine2$Server$ProtoBufRpcInvoker.call(ProtobufRpcEngine2.java:556) [hadoop-common-3.3.4.jar:?]
	at org.apache.hadoop.ipc.RPC$Server.call(RPC.java:1093) [hadoop-common-3.3.4.jar:?]
	at org.apache.hadoop.ipc.Server$RpcCall.run(Server.java:1043) [hadoop-common-3.3.4.jar:?]
	at org.apache.hadoop.ipc.Server$RpcCall.run(Server.java:971) [hadoop-common-3.3.4.jar:?]
	at java.security.AccessController.doPrivileged(Native Method) ~[?:1.8.0_362]
	at javax.security.auth.Subject.doAs(Subject.java:422) [?:1.8.0_362]
	at org.apache.hadoop.security.UserGroupInformation.doAs(UserGroupInformation.java:1878) [hadoop-common-3.3.4.jar:?]
	at org.apache.hadoop.ipc.Server$Handler.run(Server.java:2976) [hadoop-common-3.3.4.jar:?]
05:44:05.614 [IPC Server handler 11 on default port 43369] ERROR OMAudit - user=runner | ip=127.0.0.1 | op=GET_FILE_STATUS {volume=volume35147, bucket=bucket98126, key=gdir1/dir9, dataSize=0, replicationConfig=null} | ret=FAILURE
org.apache.hadoop.ozone.om.exceptions.OMException: Unable to get file status: volume: volume35147 bucket: bucket98126 key: gdir1/dir9
	at org.apache.hadoop.ozone.om.KeyManagerImpl.getOzoneFileStatusFSO(KeyManagerImpl.java:1320) ~[ozone-manager-1.4.0-SNAPSHOT.jar:?]
	at org.apache.hadoop.ozone.om.KeyManagerImpl.getFileStatus(KeyManagerImpl.java:1112) ~[ozone-manager-1.4.0-SNAPSHOT.jar:?]
	at org.apache.hadoop.ozone.om.OmMetadataReader.getFileStatus(OmMetadataReader.java:288) ~[ozone-manager-1.4.0-SNAPSHOT.jar:?]
	at org.apache.hadoop.ozone.om.OzoneManager.getFileStatus(OzoneManager.java:3494) ~[ozone-manager-1.4.0-SNAPSHOT.jar:?]
	at org.apache.hadoop.ozone.protocolPB.OzoneManagerRequestHandler.getOzoneFileStatus(OzoneManagerRequestHandler.java:933) ~[ozone-manager-1.4.0-SNAPSHOT.jar:?]
	at org.apache.hadoop.ozone.protocolPB.OzoneManagerRequestHandler.handleReadRequest(OzoneManagerRequestHandler.java:238) ~[ozone-manager-1.4.0-SNAPSHOT.jar:?]
	at org.apache.hadoop.ozone.protocolPB.OzoneManagerProtocolServerSideTranslatorPB.submitReadRequestToOM(OzoneManagerProtocolServerSideTranslatorPB.java:223) ~[ozone-manager-1.4.0-SNAPSHOT.jar:?]
	at org.apache.hadoop.ozone.protocolPB.OzoneManagerProtocolServerSideTranslatorPB.processRequest(OzoneManagerProtocolServerSideTranslatorPB.java:177) ~[ozone-manager-1.4.0-SNAPSHOT.jar:?]
	at org.apache.hadoop.hdds.server.OzoneProtocolMessageDispatcher.processRequest(OzoneProtocolMessageDispatcher.java:87) [hdds-server-framework-1.4.0-SNAPSHOT.jar:?]
	at org.apache.hadoop.ozone.protocolPB.OzoneManagerProtocolServerSideTranslatorPB.submitRequest(OzoneManagerProtocolServerSideTranslatorPB.java:147) [ozone-manager-1.4.0-SNAPSHOT.jar:?]
	at org.apache.hadoop.ozone.protocol.proto.OzoneManagerProtocolProtos$OzoneManagerService$2.callBlockingMethod(OzoneManagerProtocolProtos.java) [ozone-interface-client-1.4.0-SNAPSHOT.jar:?]
	at org.apache.hadoop.ipc.ProtobufRpcEngine$Server.processCall(ProtobufRpcEngine.java:465) [hadoop-common-3.3.4.jar:?]
	at org.apache.hadoop.ipc.ProtobufRpcEngine2$Server$ProtoBufRpcInvoker.call(ProtobufRpcEngine2.java:578) [hadoop-common-3.3.4.jar:?]
	at org.apache.hadoop.ipc.ProtobufRpcEngine2$Server$ProtoBufRpcInvoker.call(ProtobufRpcEngine2.java:556) [hadoop-common-3.3.4.jar:?]
	at org.apache.hadoop.ipc.RPC$Server.call(RPC.java:1093) [hadoop-common-3.3.4.jar:?]
	at org.apache.hadoop.ipc.Server$RpcCall.run(Server.java:1043) [hadoop-common-3.3.4.jar:?]
	at org.apache.hadoop.ipc.Server$RpcCall.run(Server.java:971) [hadoop-common-3.3.4.jar:?]
	at java.security.AccessController.doPrivileged(Native Method) ~[?:1.8.0_362]
	at javax.security.auth.Subject.doAs(Subject.java:422) [?:1.8.0_362]
	at org.apache.hadoop.security.UserGroupInformation.doAs(UserGroupInformation.java:1878) [hadoop-common-3.3.4.jar:?]
	at org.apache.hadoop.ipc.Server$Handler.run(Server.java:2976) [hadoop-common-3.3.4.jar:?]
05:44:05.615 [IPC Server handler 13 on default port 43369] ERROR OMAudit - user=runner | ip=127.0.0.1 | op=GET_FILE_STATUS {volume=volume35147, bucket=bucket98126, key=gdir1/dir9/child, dataSize=0, replicationConfig=null} | ret=FAILURE
org.apache.hadoop.ozone.om.exceptions.OMException: Unable to get file status: volume: volume35147 bucket: bucket98126 key: gdir1/dir9/child
	at org.apache.hadoop.ozone.om.KeyManagerImpl.getOzoneFileStatusFSO(KeyManagerImpl.java:1320) ~[ozone-manager-1.4.0-SNAPSHOT.jar:?]
	at org.apache.hadoop.ozone.om.KeyManagerImpl.getFileStatus(KeyManagerImpl.java:1112) ~[ozone-manager-1.4.0-SNAPSHOT.jar:?]
	at org.apache.hadoop.ozone.om.OmMetadataReader.getFileStatus(OmMetadataReader.java:288) ~[ozone-manager-1.4.0-SNAPSHOT.jar:?]
	at org.apache.hadoop.ozone.om.OzoneManager.getFileStatus(OzoneManager.java:3494) ~[ozone-manager-1.4.0-SNAPSHOT.jar:?]
	at org.apache.hadoop.ozone.protocolPB.OzoneManagerRequestHandler.getOzoneFileStatus(OzoneManagerRequestHandler.java:933) ~[ozone-manager-1.4.0-SNAPSHOT.jar:?]
	at org.apache.hadoop.ozone.protocolPB.OzoneManagerRequestHandler.handleReadRequest(OzoneManagerRequestHandler.java:238) ~[ozone-manager-1.4.0-SNAPSHOT.jar:?]
	at org.apache.hadoop.ozone.protocolPB.OzoneManagerProtocolServerSideTranslatorPB.submitReadRequestToOM(OzoneManagerProtocolServerSideTranslatorPB.java:223) ~[ozone-manager-1.4.0-SNAPSHOT.jar:?]
	at org.apache.hadoop.ozone.protocolPB.OzoneManagerProtocolServerSideTranslatorPB.processRequest(OzoneManagerProtocolServerSideTranslatorPB.java:177) ~[ozone-manager-1.4.0-SNAPSHOT.jar:?]
	at org.apache.hadoop.hdds.server.OzoneProtocolMessageDispatcher.processRequest(OzoneProtocolMessageDispatcher.java:87) [hdds-server-framework-1.4.0-SNAPSHOT.jar:?]
	at org.apache.hadoop.ozone.protocolPB.OzoneManagerProtocolServerSideTranslatorPB.submitRequest(OzoneManagerProtocolServerSideTranslatorPB.java:147) [ozone-manager-1.4.0-SNAPSHOT.jar:?]
	at org.apache.hadoop.ozone.protocol.proto.OzoneManagerProtocolProtos$OzoneManagerService$2.callBlockingMethod(OzoneManagerProtocolProtos.java) [ozone-interface-client-1.4.0-SNAPSHOT.jar:?]
	at org.apache.hadoop.ipc.ProtobufRpcEngine$Server.processCall(ProtobufRpcEngine.java:465) [hadoop-common-3.3.4.jar:?]
	at org.apache.hadoop.ipc.ProtobufRpcEngine2$Server$ProtoBufRpcInvoker.call(ProtobufRpcEngine2.java:578) [hadoop-common-3.3.4.jar:?]
	at org.apache.hadoop.ipc.ProtobufRpcEngine2$Server$ProtoBufRpcInvoker.call(ProtobufRpcEngine2.java:556) [hadoop-common-3.3.4.jar:?]
	at org.apache.hadoop.ipc.RPC$Server.call(RPC.java:1093) [hadoop-common-3.3.4.jar:?]
	at org.apache.hadoop.ipc.Server$RpcCall.run(Server.java:1043) [hadoop-common-3.3.4.jar:?]
	at org.apache.hadoop.ipc.Server$RpcCall.run(Server.java:971) [hadoop-common-3.3.4.jar:?]
	at java.security.AccessController.doPrivileged(Native Method) ~[?:1.8.0_362]
	at javax.security.auth.Subject.doAs(Subject.java:422) [?:1.8.0_362]
	at org.apache.hadoop.security.UserGroupInformation.doAs(UserGroupInformation.java:1878) [hadoop-common-3.3.4.jar:?]
	at org.apache.hadoop.ipc.Server$Handler.run(Server.java:2976) [hadoop-common-3.3.4.jar:?]
05:44:05.617 [IPC Server handler 17 on default port 43369] ERROR OMAudit - user=runner | ip=127.0.0.1 | op=GET_FILE_STATUS {volume=volume35147, bucket=bucket98126, key=gdir1/dir10, dataSize=0, replicationConfig=null} | ret=FAILURE
org.apache.hadoop.ozone.om.exceptions.OMException: Unable to get file status: volume: volume35147 bucket: bucket98126 key: gdir1/dir10
	at org.apache.hadoop.ozone.om.KeyManagerImpl.getOzoneFileStatusFSO(KeyManagerImpl.java:1320) ~[ozone-manager-1.4.0-SNAPSHOT.jar:?]
	at org.apache.hadoop.ozone.om.KeyManagerImpl.getFileStatus(KeyManagerImpl.java:1112) ~[ozone-manager-1.4.0-SNAPSHOT.jar:?]
	at org.apache.hadoop.ozone.om.OmMetadataReader.getFileStatus(OmMetadataReader.java:288) ~[ozone-manager-1.4.0-SNAPSHOT.jar:?]
	at org.apache.hadoop.ozone.om.OzoneManager.getFileStatus(OzoneManager.java:3494) ~[ozone-manager-1.4.0-SNAPSHOT.jar:?]
	at org.apache.hadoop.ozone.protocolPB.OzoneManagerRequestHandler.getOzoneFileStatus(OzoneManagerRequestHandler.java:933) ~[ozone-manager-1.4.0-SNAPSHOT.jar:?]
	at org.apache.hadoop.ozone.protocolPB.OzoneManagerRequestHandler.handleReadRequest(OzoneManagerRequestHandler.java:238) ~[ozone-manager-1.4.0-SNAPSHOT.jar:?]
	at org.apache.hadoop.ozone.protocolPB.OzoneManagerProtocolServerSideTranslatorPB.submitReadRequestToOM(OzoneManagerProtocolServerSideTranslatorPB.java:223) ~[ozone-manager-1.4.0-SNAPSHOT.jar:?]
	at org.apache.hadoop.ozone.protocolPB.OzoneManagerProtocolServerSideTranslatorPB.processRequest(OzoneManagerProtocolServerSideTranslatorPB.java:177) ~[ozone-manager-1.4.0-SNAPSHOT.jar:?]
	at org.apache.hadoop.hdds.server.OzoneProtocolMessageDispatcher.processRequest(OzoneProtocolMessageDispatcher.java:87) [hdds-server-framework-1.4.0-SNAPSHOT.jar:?]
	at org.apache.hadoop.ozone.protocolPB.OzoneManagerProtocolServerSideTranslatorPB.submitRequest(OzoneManagerProtocolServerSideTranslatorPB.java:147) [ozone-manager-1.4.0-SNAPSHOT.jar:?]
	at org.apache.hadoop.ozone.protocol.proto.OzoneManagerProtocolProtos$OzoneManagerService$2.callBlockingMethod(OzoneManagerProtocolProtos.java) [ozone-interface-client-1.4.0-SNAPSHOT.jar:?]
	at org.apache.hadoop.ipc.ProtobufRpcEngine$Server.processCall(ProtobufRpcEngine.java:465) [hadoop-common-3.3.4.jar:?]
	at org.apache.hadoop.ipc.ProtobufRpcEngine2$Server$ProtoBufRpcInvoker.call(ProtobufRpcEngine2.java:578) [hadoop-common-3.3.4.jar:?]
	at org.apache.hadoop.ipc.ProtobufRpcEngine2$Server$ProtoBufRpcInvoker.call(ProtobufRpcEngine2.java:556) [hadoop-common-3.3.4.jar:?]
	at org.apache.hadoop.ipc.RPC$Server.call(RPC.java:1093) [hadoop-common-3.3.4.jar:?]
	at org.apache.hadoop.ipc.Server$RpcCall.run(Server.java:1043) [hadoop-common-3.3.4.jar:?]
	at org.apache.hadoop.ipc.Server$RpcCall.run(Server.java:971) [hadoop-common-3.3.4.jar:?]
	at java.security.AccessController.doPrivileged(Native Method) ~[?:1.8.0_362]
	at javax.security.auth.Subject.doAs(Subject.java:422) [?:1.8.0_362]
	at org.apache.hadoop.security.UserGroupInformation.doAs(UserGroupInformation.java:1878) [hadoop-common-3.3.4.jar:?]
	at org.apache.hadoop.ipc.Server$Handler.run(Server.java:2976) [hadoop-common-3.3.4.jar:?]
05:44:05.618 [IPC Server handler 6 on default port 43369] ERROR OMAudit - user=runner | ip=127.0.0.1 | op=GET_FILE_STATUS {volume=volume35147, bucket=bucket98126, key=gdir1/dir10/child, dataSize=0, replicationConfig=null} | ret=FAILURE
org.apache.hadoop.ozone.om.exceptions.OMException: Unable to get file status: volume: volume35147 bucket: bucket98126 key: gdir1/dir10/child
	at org.apache.hadoop.ozone.om.KeyManagerImpl.getOzoneFileStatusFSO(KeyManagerImpl.java:1320) ~[ozone-manager-1.4.0-SNAPSHOT.jar:?]
	at org.apache.hadoop.ozone.om.KeyManagerImpl.getFileStatus(KeyManagerImpl.java:1112) ~[ozone-manager-1.4.0-SNAPSHOT.jar:?]
	at org.apache.hadoop.ozone.om.OmMetadataReader.getFileStatus(OmMetadataReader.java:288) ~[ozone-manager-1.4.0-SNAPSHOT.jar:?]
	at org.apache.hadoop.ozone.om.OzoneManager.getFileStatus(OzoneManager.java:3494) ~[ozone-manager-1.4.0-SNAPSHOT.jar:?]
	at org.apache.hadoop.ozone.protocolPB.OzoneManagerRequestHandler.getOzoneFileStatus(OzoneManagerRequestHandler.java:933) ~[ozone-manager-1.4.0-SNAPSHOT.jar:?]
	at org.apache.hadoop.ozone.protocolPB.OzoneManagerRequestHandler.handleReadRequest(OzoneManagerRequestHandler.java:238) ~[ozone-manager-1.4.0-SNAPSHOT.jar:?]
	at org.apache.hadoop.ozone.protocolPB.OzoneManagerProtocolServerSideTranslatorPB.submitReadRequestToOM(OzoneManagerProtocolServerSideTranslatorPB.java:223) ~[ozone-manager-1.4.0-SNAPSHOT.jar:?]
	at org.apache.hadoop.ozone.protocolPB.OzoneManagerProtocolServerSideTranslatorPB.processRequest(OzoneManagerProtocolServerSideTranslatorPB.java:177) ~[ozone-manager-1.4.0-SNAPSHOT.jar:?]
	at org.apache.hadoop.hdds.server.OzoneProtocolMessageDispatcher.processRequest(OzoneProtocolMessageDispatcher.java:87) [hdds-server-framework-1.4.0-SNAPSHOT.jar:?]
	at org.apache.hadoop.ozone.protocolPB.OzoneManagerProtocolServerSideTranslatorPB.submitRequest(OzoneManagerProtocolServerSideTranslatorPB.java:147) [ozone-manager-1.4.0-SNAPSHOT.jar:?]
	at org.apache.hadoop.ozone.protocol.proto.OzoneManagerProtocolProtos$OzoneManagerService$2.callBlockingMethod(OzoneManagerProtocolProtos.java) [ozone-interface-client-1.4.0-SNAPSHOT.jar:?]
	at org.apache.hadoop.ipc.ProtobufRpcEngine$Server.processCall(ProtobufRpcEngine.java:465) [hadoop-common-3.3.4.jar:?]
	at org.apache.hadoop.ipc.ProtobufRpcEngine2$Server$ProtoBufRpcInvoker.call(ProtobufRpcEngine2.java:578) [hadoop-common-3.3.4.jar:?]
	at org.apache.hadoop.ipc.ProtobufRpcEngine2$Server$ProtoBufRpcInvoker.call(ProtobufRpcEngine2.java:556) [hadoop-common-3.3.4.jar:?]
	at org.apache.hadoop.ipc.RPC$Server.call(RPC.java:1093) [hadoop-common-3.3.4.jar:?]
	at org.apache.hadoop.ipc.Server$RpcCall.run(Server.java:1043) [hadoop-common-3.3.4.jar:?]
	at org.apache.hadoop.ipc.Server$RpcCall.run(Server.java:971) [hadoop-common-3.3.4.jar:?]
	at java.security.AccessController.doPrivileged(Native Method) ~[?:1.8.0_362]
	at javax.security.auth.Subject.doAs(Subject.java:422) [?:1.8.0_362]
	at org.apache.hadoop.security.UserGroupInformation.doAs(UserGroupInformation.java:1878) [hadoop-common-3.3.4.jar:?]
	at org.apache.hadoop.ipc.Server$Handler.run(Server.java:2976) [hadoop-common-3.3.4.jar:?]
2023-03-15 05:44:05,627 [OM StateMachine ApplyTransaction Thread - 0] INFO  key.OMKeyRequest (OMKeyRequest.java:wrapUncommittedBlocksAsPseudoKey(838)) - Detect allocated but uncommitted blocks [{blockID={containerID=3, localID=111677748019200039}, length=4194304, offset=0, token=null, pipeline=null, createVersion=0, partNumber=0}] in key level0/level1/file1.
2023-03-15 05:44:05,634 [OM StateMachine ApplyTransaction Thread - 0] INFO  key.OMKeyRequest (OMKeyRequest.java:wrapUncommittedBlocksAsPseudoKey(838)) - Detect allocated but uncommitted blocks [{blockID={containerID=4, localID=111677748019200040}, length=4194304, offset=0, token=null, pipeline=null, createVersion=0, partNumber=0}] in key level0/level1/level1/file1.
2023-03-15 05:44:05,643 [OM StateMachine ApplyTransaction Thread - 0] INFO  key.OMKeyRequest (OMKeyRequest.java:wrapUncommittedBlocksAsPseudoKey(838)) - Detect allocated but uncommitted blocks [{blockID={containerID=3, localID=111677748019200041}, length=4194304, offset=0, token=null, pipeline=null, createVersion=0, partNumber=0}] in key level0/level2/file1.
2023-03-15 05:44:05,652 [OM StateMachine ApplyTransaction Thread - 0] INFO  key.OMKeyRequest (OMKeyRequest.java:wrapUncommittedBlocksAsPseudoKey(838)) - Detect allocated but uncommitted blocks [{blockID={containerID=1, localID=111677748019200042}, length=4194304, offset=0, token=null, pipeline=null, createVersion=0, partNumber=0}] in key level0/level2/level2/file1.
2023-03-15 05:44:05,660 [OM StateMachine ApplyTransaction Thread - 0] INFO  key.OMKeyRequest (OMKeyRequest.java:wrapUncommittedBlocksAsPseudoKey(838)) - Detect allocated but uncommitted blocks [{blockID={containerID=2, localID=111677748019200043}, length=4194304, offset=0, token=null, pipeline=null, createVersion=0, partNumber=0}] in key level0/level3/file1.
2023-03-15 05:44:05,667 [OM StateMachine ApplyTransaction Thread - 0] INFO  key.OMKeyRequest (OMKeyRequest.java:wrapUncommittedBlocksAsPseudoKey(838)) - Detect allocated but uncommitted blocks [{blockID={containerID=4, localID=111677748019200044}, length=4194304, offset=0, token=null, pipeline=null, createVersion=0, partNumber=0}] in key level0/level3/level3/file1.
05:44:05.692 [IPC Server handler 6 on default port 43369] ERROR OMAudit - user=runner | ip=127.0.0.1 | op=GET_FILE_STATUS {volume=volume35147, bucket=bucket98126, key=level0, dataSize=0, replicationConfig=null} | ret=FAILURE
org.apache.hadoop.ozone.om.exceptions.OMException: Unable to get file status: volume: volume35147 bucket: bucket98126 key: level0
	at org.apache.hadoop.ozone.om.KeyManagerImpl.getOzoneFileStatusFSO(KeyManagerImpl.java:1320) ~[ozone-manager-1.4.0-SNAPSHOT.jar:?]
	at org.apache.hadoop.ozone.om.KeyManagerImpl.getFileStatus(KeyManagerImpl.java:1112) ~[ozone-manager-1.4.0-SNAPSHOT.jar:?]
	at org.apache.hadoop.ozone.om.OmMetadataReader.getFileStatus(OmMetadataReader.java:288) ~[ozone-manager-1.4.0-SNAPSHOT.jar:?]
	at org.apache.hadoop.ozone.om.OzoneManager.getFileStatus(OzoneManager.java:3494) ~[ozone-manager-1.4.0-SNAPSHOT.jar:?]
	at org.apache.hadoop.ozone.protocolPB.OzoneManagerRequestHandler.getOzoneFileStatus(OzoneManagerRequestHandler.java:933) ~[ozone-manager-1.4.0-SNAPSHOT.jar:?]
	at org.apache.hadoop.ozone.protocolPB.OzoneManagerRequestHandler.handleReadRequest(OzoneManagerRequestHandler.java:238) ~[ozone-manager-1.4.0-SNAPSHOT.jar:?]
	at org.apache.hadoop.ozone.protocolPB.OzoneManagerProtocolServerSideTranslatorPB.submitReadRequestToOM(OzoneManagerProtocolServerSideTranslatorPB.java:223) ~[ozone-manager-1.4.0-SNAPSHOT.jar:?]
	at org.apache.hadoop.ozone.protocolPB.OzoneManagerProtocolServerSideTranslatorPB.processRequest(OzoneManagerProtocolServerSideTranslatorPB.java:177) ~[ozone-manager-1.4.0-SNAPSHOT.jar:?]
	at org.apache.hadoop.hdds.server.OzoneProtocolMessageDispatcher.processRequest(OzoneProtocolMessageDispatcher.java:87) [hdds-server-framework-1.4.0-SNAPSHOT.jar:?]
	at org.apache.hadoop.ozone.protocolPB.OzoneManagerProtocolServerSideTranslatorPB.submitRequest(OzoneManagerProtocolServerSideTranslatorPB.java:147) [ozone-manager-1.4.0-SNAPSHOT.jar:?]
	at org.apache.hadoop.ozone.protocol.proto.OzoneManagerProtocolProtos$OzoneManagerService$2.callBlockingMethod(OzoneManagerProtocolProtos.java) [ozone-interface-client-1.4.0-SNAPSHOT.jar:?]
	at org.apache.hadoop.ipc.ProtobufRpcEngine$Server.processCall(ProtobufRpcEngine.java:465) [hadoop-common-3.3.4.jar:?]
	at org.apache.hadoop.ipc.ProtobufRpcEngine2$Server$ProtoBufRpcInvoker.call(ProtobufRpcEngine2.java:578) [hadoop-common-3.3.4.jar:?]
	at org.apache.hadoop.ipc.ProtobufRpcEngine2$Server$ProtoBufRpcInvoker.call(ProtobufRpcEngine2.java:556) [hadoop-common-3.3.4.jar:?]
	at org.apache.hadoop.ipc.RPC$Server.call(RPC.java:1093) [hadoop-common-3.3.4.jar:?]
	at org.apache.hadoop.ipc.Server$RpcCall.run(Server.java:1043) [hadoop-common-3.3.4.jar:?]
	at org.apache.hadoop.ipc.Server$RpcCall.run(Server.java:971) [hadoop-common-3.3.4.jar:?]
	at java.security.AccessController.doPrivileged(Native Method) ~[?:1.8.0_362]
	at javax.security.auth.Subject.doAs(Subject.java:422) [?:1.8.0_362]
	at org.apache.hadoop.security.UserGroupInformation.doAs(UserGroupInformation.java:1878) [hadoop-common-3.3.4.jar:?]
	at org.apache.hadoop.ipc.Server$Handler.run(Server.java:2976) [hadoop-common-3.3.4.jar:?]
05:44:05.694 [IPC Server handler 10 on default port 43369] ERROR OMAudit - user=runner | ip=127.0.0.1 | op=GET_FILE_STATUS {volume=volume35147, bucket=bucket98126, key=level0/level1, dataSize=0, replicationConfig=null} | ret=FAILURE
org.apache.hadoop.ozone.om.exceptions.OMException: Unable to get file status: volume: volume35147 bucket: bucket98126 key: level0/level1
	at org.apache.hadoop.ozone.om.KeyManagerImpl.getOzoneFileStatusFSO(KeyManagerImpl.java:1320) ~[ozone-manager-1.4.0-SNAPSHOT.jar:?]
	at org.apache.hadoop.ozone.om.KeyManagerImpl.getFileStatus(KeyManagerImpl.java:1112) ~[ozone-manager-1.4.0-SNAPSHOT.jar:?]
	at org.apache.hadoop.ozone.om.OmMetadataReader.getFileStatus(OmMetadataReader.java:288) ~[ozone-manager-1.4.0-SNAPSHOT.jar:?]
	at org.apache.hadoop.ozone.om.OzoneManager.getFileStatus(OzoneManager.java:3494) ~[ozone-manager-1.4.0-SNAPSHOT.jar:?]
	at org.apache.hadoop.ozone.protocolPB.OzoneManagerRequestHandler.getOzoneFileStatus(OzoneManagerRequestHandler.java:933) ~[ozone-manager-1.4.0-SNAPSHOT.jar:?]
	at org.apache.hadoop.ozone.protocolPB.OzoneManagerRequestHandler.handleReadRequest(OzoneManagerRequestHandler.java:238) ~[ozone-manager-1.4.0-SNAPSHOT.jar:?]
	at org.apache.hadoop.ozone.protocolPB.OzoneManagerProtocolServerSideTranslatorPB.submitReadRequestToOM(OzoneManagerProtocolServerSideTranslatorPB.java:223) ~[ozone-manager-1.4.0-SNAPSHOT.jar:?]
	at org.apache.hadoop.ozone.protocolPB.OzoneManagerProtocolServerSideTranslatorPB.processRequest(OzoneManagerProtocolServerSideTranslatorPB.java:177) ~[ozone-manager-1.4.0-SNAPSHOT.jar:?]
	at org.apache.hadoop.hdds.server.OzoneProtocolMessageDispatcher.processRequest(OzoneProtocolMessageDispatcher.java:87) [hdds-server-framework-1.4.0-SNAPSHOT.jar:?]
	at org.apache.hadoop.ozone.protocolPB.OzoneManagerProtocolServerSideTranslatorPB.submitRequest(OzoneManagerProtocolServerSideTranslatorPB.java:147) [ozone-manager-1.4.0-SNAPSHOT.jar:?]
	at org.apache.hadoop.ozone.protocol.proto.OzoneManagerProtocolProtos$OzoneManagerService$2.callBlockingMethod(OzoneManagerProtocolProtos.java) [ozone-interface-client-1.4.0-SNAPSHOT.jar:?]
	at org.apache.hadoop.ipc.ProtobufRpcEngine$Server.processCall(ProtobufRpcEngine.java:465) [hadoop-common-3.3.4.jar:?]
	at org.apache.hadoop.ipc.ProtobufRpcEngine2$Server$ProtoBufRpcInvoker.call(ProtobufRpcEngine2.java:578) [hadoop-common-3.3.4.jar:?]
	at org.apache.hadoop.ipc.ProtobufRpcEngine2$Server$ProtoBufRpcInvoker.call(ProtobufRpcEngine2.java:556) [hadoop-common-3.3.4.jar:?]
	at org.apache.hadoop.ipc.RPC$Server.call(RPC.java:1093) [hadoop-common-3.3.4.jar:?]
	at org.apache.hadoop.ipc.Server$RpcCall.run(Server.java:1043) [hadoop-common-3.3.4.jar:?]
	at org.apache.hadoop.ipc.Server$RpcCall.run(Server.java:971) [hadoop-common-3.3.4.jar:?]
	at java.security.AccessController.doPrivileged(Native Method) ~[?:1.8.0_362]
	at javax.security.auth.Subject.doAs(Subject.java:422) [?:1.8.0_362]
	at org.apache.hadoop.security.UserGroupInformation.doAs(UserGroupInformation.java:1878) [hadoop-common-3.3.4.jar:?]
	at org.apache.hadoop.ipc.Server$Handler.run(Server.java:2976) [hadoop-common-3.3.4.jar:?]
05:44:05.695 [IPC Server handler 7 on default port 43369] ERROR OMAudit - user=runner | ip=127.0.0.1 | op=GET_FILE_STATUS {volume=volume35147, bucket=bucket98126, key=level0/level1/level1, dataSize=0, replicationConfig=null} | ret=FAILURE
org.apache.hadoop.ozone.om.exceptions.OMException: Unable to get file status: volume: volume35147 bucket: bucket98126 key: level0/level1/level1
	at org.apache.hadoop.ozone.om.KeyManagerImpl.getOzoneFileStatusFSO(KeyManagerImpl.java:1320) ~[ozone-manager-1.4.0-SNAPSHOT.jar:?]
	at org.apache.hadoop.ozone.om.KeyManagerImpl.getFileStatus(KeyManagerImpl.java:1112) ~[ozone-manager-1.4.0-SNAPSHOT.jar:?]
	at org.apache.hadoop.ozone.om.OmMetadataReader.getFileStatus(OmMetadataReader.java:288) ~[ozone-manager-1.4.0-SNAPSHOT.jar:?]
	at org.apache.hadoop.ozone.om.OzoneManager.getFileStatus(OzoneManager.java:3494) ~[ozone-manager-1.4.0-SNAPSHOT.jar:?]
	at org.apache.hadoop.ozone.protocolPB.OzoneManagerRequestHandler.getOzoneFileStatus(OzoneManagerRequestHandler.java:933) ~[ozone-manager-1.4.0-SNAPSHOT.jar:?]
	at org.apache.hadoop.ozone.protocolPB.OzoneManagerRequestHandler.handleReadRequest(OzoneManagerRequestHandler.java:238) ~[ozone-manager-1.4.0-SNAPSHOT.jar:?]
	at org.apache.hadoop.ozone.protocolPB.OzoneManagerProtocolServerSideTranslatorPB.submitReadRequestToOM(OzoneManagerProtocolServerSideTranslatorPB.java:223) ~[ozone-manager-1.4.0-SNAPSHOT.jar:?]
	at org.apache.hadoop.ozone.protocolPB.OzoneManagerProtocolServerSideTranslatorPB.processRequest(OzoneManagerProtocolServerSideTranslatorPB.java:177) ~[ozone-manager-1.4.0-SNAPSHOT.jar:?]
	at org.apache.hadoop.hdds.server.OzoneProtocolMessageDispatcher.processRequest(OzoneProtocolMessageDispatcher.java:87) [hdds-server-framework-1.4.0-SNAPSHOT.jar:?]
	at org.apache.hadoop.ozone.protocolPB.OzoneManagerProtocolServerSideTranslatorPB.submitRequest(OzoneManagerProtocolServerSideTranslatorPB.java:147) [ozone-manager-1.4.0-SNAPSHOT.jar:?]
	at org.apache.hadoop.ozone.protocol.proto.OzoneManagerProtocolProtos$OzoneManagerService$2.callBlockingMethod(OzoneManagerProtocolProtos.java) [ozone-interface-client-1.4.0-SNAPSHOT.jar:?]
	at org.apache.hadoop.ipc.ProtobufRpcEngine$Server.processCall(ProtobufRpcEngine.java:465) [hadoop-common-3.3.4.jar:?]
	at org.apache.hadoop.ipc.ProtobufRpcEngine2$Server$ProtoBufRpcInvoker.call(ProtobufRpcEngine2.java:578) [hadoop-common-3.3.4.jar:?]
	at org.apache.hadoop.ipc.ProtobufRpcEngine2$Server$ProtoBufRpcInvoker.call(ProtobufRpcEngine2.java:556) [hadoop-common-3.3.4.jar:?]
	at org.apache.hadoop.ipc.RPC$Server.call(RPC.java:1093) [hadoop-common-3.3.4.jar:?]
	at org.apache.hadoop.ipc.Server$RpcCall.run(Server.java:1043) [hadoop-common-3.3.4.jar:?]
	at org.apache.hadoop.ipc.Server$RpcCall.run(Server.java:971) [hadoop-common-3.3.4.jar:?]
	at java.security.AccessController.doPrivileged(Native Method) ~[?:1.8.0_362]
	at javax.security.auth.Subject.doAs(Subject.java:422) [?:1.8.0_362]
	at org.apache.hadoop.security.UserGroupInformation.doAs(UserGroupInformation.java:1878) [hadoop-common-3.3.4.jar:?]
	at org.apache.hadoop.ipc.Server$Handler.run(Server.java:2976) [hadoop-common-3.3.4.jar:?]
05:44:05.696 [IPC Server handler 5 on default port 43369] ERROR OMAudit - user=runner | ip=127.0.0.1 | op=GET_FILE_STATUS {volume=volume35147, bucket=bucket98126, key=level0/level1/file1, dataSize=0, replicationConfig=null} | ret=FAILURE
org.apache.hadoop.ozone.om.exceptions.OMException: Unable to get file status: volume: volume35147 bucket: bucket98126 key: level0/level1/file1
	at org.apache.hadoop.ozone.om.KeyManagerImpl.getOzoneFileStatusFSO(KeyManagerImpl.java:1320) ~[ozone-manager-1.4.0-SNAPSHOT.jar:?]
	at org.apache.hadoop.ozone.om.KeyManagerImpl.getFileStatus(KeyManagerImpl.java:1112) ~[ozone-manager-1.4.0-SNAPSHOT.jar:?]
	at org.apache.hadoop.ozone.om.OmMetadataReader.getFileStatus(OmMetadataReader.java:288) ~[ozone-manager-1.4.0-SNAPSHOT.jar:?]
	at org.apache.hadoop.ozone.om.OzoneManager.getFileStatus(OzoneManager.java:3494) ~[ozone-manager-1.4.0-SNAPSHOT.jar:?]
	at org.apache.hadoop.ozone.protocolPB.OzoneManagerRequestHandler.getOzoneFileStatus(OzoneManagerRequestHandler.java:933) ~[ozone-manager-1.4.0-SNAPSHOT.jar:?]
	at org.apache.hadoop.ozone.protocolPB.OzoneManagerRequestHandler.handleReadRequest(OzoneManagerRequestHandler.java:238) ~[ozone-manager-1.4.0-SNAPSHOT.jar:?]
	at org.apache.hadoop.ozone.protocolPB.OzoneManagerProtocolServerSideTranslatorPB.submitReadRequestToOM(OzoneManagerProtocolServerSideTranslatorPB.java:223) ~[ozone-manager-1.4.0-SNAPSHOT.jar:?]
	at org.apache.hadoop.ozone.protocolPB.OzoneManagerProtocolServerSideTranslatorPB.processRequest(OzoneManagerProtocolServerSideTranslatorPB.java:177) ~[ozone-manager-1.4.0-SNAPSHOT.jar:?]
	at org.apache.hadoop.hdds.server.OzoneProtocolMessageDispatcher.processRequest(OzoneProtocolMessageDispatcher.java:87) [hdds-server-framework-1.4.0-SNAPSHOT.jar:?]
	at org.apache.hadoop.ozone.protocolPB.OzoneManagerProtocolServerSideTranslatorPB.submitRequest(OzoneManagerProtocolServerSideTranslatorPB.java:147) [ozone-manager-1.4.0-SNAPSHOT.jar:?]
	at org.apache.hadoop.ozone.protocol.proto.OzoneManagerProtocolProtos$OzoneManagerService$2.callBlockingMethod(OzoneManagerProtocolProtos.java) [ozone-interface-client-1.4.0-SNAPSHOT.jar:?]
	at org.apache.hadoop.ipc.ProtobufRpcEngine$Server.processCall(ProtobufRpcEngine.java:465) [hadoop-common-3.3.4.jar:?]
	at org.apache.hadoop.ipc.ProtobufRpcEngine2$Server$ProtoBufRpcInvoker.call(ProtobufRpcEngine2.java:578) [hadoop-common-3.3.4.jar:?]
	at org.apache.hadoop.ipc.ProtobufRpcEngine2$Server$ProtoBufRpcInvoker.call(ProtobufRpcEngine2.java:556) [hadoop-common-3.3.4.jar:?]
	at org.apache.hadoop.ipc.RPC$Server.call(RPC.java:1093) [hadoop-common-3.3.4.jar:?]
	at org.apache.hadoop.ipc.Server$RpcCall.run(Server.java:1043) [hadoop-common-3.3.4.jar:?]
	at org.apache.hadoop.ipc.Server$RpcCall.run(Server.java:971) [hadoop-common-3.3.4.jar:?]
	at java.security.AccessController.doPrivileged(Native Method) ~[?:1.8.0_362]
	at javax.security.auth.Subject.doAs(Subject.java:422) [?:1.8.0_362]
	at org.apache.hadoop.security.UserGroupInformation.doAs(UserGroupInformation.java:1878) [hadoop-common-3.3.4.jar:?]
	at org.apache.hadoop.ipc.Server$Handler.run(Server.java:2976) [hadoop-common-3.3.4.jar:?]
05:44:05.697 [IPC Server handler 14 on default port 43369] ERROR OMAudit - user=runner | ip=127.0.0.1 | op=GET_FILE_STATUS {volume=volume35147, bucket=bucket98126, key=level0/level1/level1/file1, dataSize=0, replicationConfig=null} | ret=FAILURE
org.apache.hadoop.ozone.om.exceptions.OMException: Unable to get file status: volume: volume35147 bucket: bucket98126 key: level0/level1/level1/file1
	at org.apache.hadoop.ozone.om.KeyManagerImpl.getOzoneFileStatusFSO(KeyManagerImpl.java:1320) ~[ozone-manager-1.4.0-SNAPSHOT.jar:?]
	at org.apache.hadoop.ozone.om.KeyManagerImpl.getFileStatus(KeyManagerImpl.java:1112) ~[ozone-manager-1.4.0-SNAPSHOT.jar:?]
	at org.apache.hadoop.ozone.om.OmMetadataReader.getFileStatus(OmMetadataReader.java:288) ~[ozone-manager-1.4.0-SNAPSHOT.jar:?]
	at org.apache.hadoop.ozone.om.OzoneManager.getFileStatus(OzoneManager.java:3494) ~[ozone-manager-1.4.0-SNAPSHOT.jar:?]
	at org.apache.hadoop.ozone.protocolPB.OzoneManagerRequestHandler.getOzoneFileStatus(OzoneManagerRequestHandler.java:933) ~[ozone-manager-1.4.0-SNAPSHOT.jar:?]
	at org.apache.hadoop.ozone.protocolPB.OzoneManagerRequestHandler.handleReadRequest(OzoneManagerRequestHandler.java:238) ~[ozone-manager-1.4.0-SNAPSHOT.jar:?]
	at org.apache.hadoop.ozone.protocolPB.OzoneManagerProtocolServerSideTranslatorPB.submitReadRequestToOM(OzoneManagerProtocolServerSideTranslatorPB.java:223) ~[ozone-manager-1.4.0-SNAPSHOT.jar:?]
	at org.apache.hadoop.ozone.protocolPB.OzoneManagerProtocolServerSideTranslatorPB.processRequest(OzoneManagerProtocolServerSideTranslatorPB.java:177) ~[ozone-manager-1.4.0-SNAPSHOT.jar:?]
	at org.apache.hadoop.hdds.server.OzoneProtocolMessageDispatcher.processRequest(OzoneProtocolMessageDispatcher.java:87) [hdds-server-framework-1.4.0-SNAPSHOT.jar:?]
	at org.apache.hadoop.ozone.protocolPB.OzoneManagerProtocolServerSideTranslatorPB.submitRequest(OzoneManagerProtocolServerSideTranslatorPB.java:147) [ozone-manager-1.4.0-SNAPSHOT.jar:?]
	at org.apache.hadoop.ozone.protocol.proto.OzoneManagerProtocolProtos$OzoneManagerService$2.callBlockingMethod(OzoneManagerProtocolProtos.java) [ozone-interface-client-1.4.0-SNAPSHOT.jar:?]
	at org.apache.hadoop.ipc.ProtobufRpcEngine$Server.processCall(ProtobufRpcEngine.java:465) [hadoop-common-3.3.4.jar:?]
	at org.apache.hadoop.ipc.ProtobufRpcEngine2$Server$ProtoBufRpcInvoker.call(ProtobufRpcEngine2.java:578) [hadoop-common-3.3.4.jar:?]
	at org.apache.hadoop.ipc.ProtobufRpcEngine2$Server$ProtoBufRpcInvoker.call(ProtobufRpcEngine2.java:556) [hadoop-common-3.3.4.jar:?]
	at org.apache.hadoop.ipc.RPC$Server.call(RPC.java:1093) [hadoop-common-3.3.4.jar:?]
	at org.apache.hadoop.ipc.Server$RpcCall.run(Server.java:1043) [hadoop-common-3.3.4.jar:?]
	at org.apache.hadoop.ipc.Server$RpcCall.run(Server.java:971) [hadoop-common-3.3.4.jar:?]
	at java.security.AccessController.doPrivileged(Native Method) ~[?:1.8.0_362]
	at javax.security.auth.Subject.doAs(Subject.java:422) [?:1.8.0_362]
	at org.apache.hadoop.security.UserGroupInformation.doAs(UserGroupInformation.java:1878) [hadoop-common-3.3.4.jar:?]
	at org.apache.hadoop.ipc.Server$Handler.run(Server.java:2976) [hadoop-common-3.3.4.jar:?]
05:44:05.698 [IPC Server handler 12 on default port 43369] ERROR OMAudit - user=runner | ip=127.0.0.1 | op=GET_FILE_STATUS {volume=volume35147, bucket=bucket98126, key=level0/level2, dataSize=0, replicationConfig=null} | ret=FAILURE
org.apache.hadoop.ozone.om.exceptions.OMException: Unable to get file status: volume: volume35147 bucket: bucket98126 key: level0/level2
	at org.apache.hadoop.ozone.om.KeyManagerImpl.getOzoneFileStatusFSO(KeyManagerImpl.java:1320) ~[ozone-manager-1.4.0-SNAPSHOT.jar:?]
	at org.apache.hadoop.ozone.om.KeyManagerImpl.getFileStatus(KeyManagerImpl.java:1112) ~[ozone-manager-1.4.0-SNAPSHOT.jar:?]
	at org.apache.hadoop.ozone.om.OmMetadataReader.getFileStatus(OmMetadataReader.java:288) ~[ozone-manager-1.4.0-SNAPSHOT.jar:?]
	at org.apache.hadoop.ozone.om.OzoneManager.getFileStatus(OzoneManager.java:3494) ~[ozone-manager-1.4.0-SNAPSHOT.jar:?]
	at org.apache.hadoop.ozone.protocolPB.OzoneManagerRequestHandler.getOzoneFileStatus(OzoneManagerRequestHandler.java:933) ~[ozone-manager-1.4.0-SNAPSHOT.jar:?]
	at org.apache.hadoop.ozone.protocolPB.OzoneManagerRequestHandler.handleReadRequest(OzoneManagerRequestHandler.java:238) ~[ozone-manager-1.4.0-SNAPSHOT.jar:?]
	at org.apache.hadoop.ozone.protocolPB.OzoneManagerProtocolServerSideTranslatorPB.submitReadRequestToOM(OzoneManagerProtocolServerSideTranslatorPB.java:223) ~[ozone-manager-1.4.0-SNAPSHOT.jar:?]
	at org.apache.hadoop.ozone.protocolPB.OzoneManagerProtocolServerSideTranslatorPB.processRequest(OzoneManagerProtocolServerSideTranslatorPB.java:177) ~[ozone-manager-1.4.0-SNAPSHOT.jar:?]
	at org.apache.hadoop.hdds.server.OzoneProtocolMessageDispatcher.processRequest(OzoneProtocolMessageDispatcher.java:87) [hdds-server-framework-1.4.0-SNAPSHOT.jar:?]
	at org.apache.hadoop.ozone.protocolPB.OzoneManagerProtocolServerSideTranslatorPB.submitRequest(OzoneManagerProtocolServerSideTranslatorPB.java:147) [ozone-manager-1.4.0-SNAPSHOT.jar:?]
	at org.apache.hadoop.ozone.protocol.proto.OzoneManagerProtocolProtos$OzoneManagerService$2.callBlockingMethod(OzoneManagerProtocolProtos.java) [ozone-interface-client-1.4.0-SNAPSHOT.jar:?]
	at org.apache.hadoop.ipc.ProtobufRpcEngine$Server.processCall(ProtobufRpcEngine.java:465) [hadoop-common-3.3.4.jar:?]
	at org.apache.hadoop.ipc.ProtobufRpcEngine2$Server$ProtoBufRpcInvoker.call(ProtobufRpcEngine2.java:578) [hadoop-common-3.3.4.jar:?]
	at org.apache.hadoop.ipc.ProtobufRpcEngine2$Server$ProtoBufRpcInvoker.call(ProtobufRpcEngine2.java:556) [hadoop-common-3.3.4.jar:?]
	at org.apache.hadoop.ipc.RPC$Server.call(RPC.java:1093) [hadoop-common-3.3.4.jar:?]
	at org.apache.hadoop.ipc.Server$RpcCall.run(Server.java:1043) [hadoop-common-3.3.4.jar:?]
	at org.apache.hadoop.ipc.Server$RpcCall.run(Server.java:971) [hadoop-common-3.3.4.jar:?]
	at java.security.AccessController.doPrivileged(Native Method) ~[?:1.8.0_362]
	at javax.security.auth.Subject.doAs(Subject.java:422) [?:1.8.0_362]
	at org.apache.hadoop.security.UserGroupInformation.doAs(UserGroupInformation.java:1878) [hadoop-common-3.3.4.jar:?]
	at org.apache.hadoop.ipc.Server$Handler.run(Server.java:2976) [hadoop-common-3.3.4.jar:?]
05:44:05.701 [IPC Server handler 9 on default port 43369] ERROR OMAudit - user=runner | ip=127.0.0.1 | op=GET_FILE_STATUS {volume=volume35147, bucket=bucket98126, key=level0/level2/level2, dataSize=0, replicationConfig=null} | ret=FAILURE
org.apache.hadoop.ozone.om.exceptions.OMException: Unable to get file status: volume: volume35147 bucket: bucket98126 key: level0/level2/level2
	at org.apache.hadoop.ozone.om.KeyManagerImpl.getOzoneFileStatusFSO(KeyManagerImpl.java:1320) ~[ozone-manager-1.4.0-SNAPSHOT.jar:?]
	at org.apache.hadoop.ozone.om.KeyManagerImpl.getFileStatus(KeyManagerImpl.java:1112) ~[ozone-manager-1.4.0-SNAPSHOT.jar:?]
	at org.apache.hadoop.ozone.om.OmMetadataReader.getFileStatus(OmMetadataReader.java:288) ~[ozone-manager-1.4.0-SNAPSHOT.jar:?]
	at org.apache.hadoop.ozone.om.OzoneManager.getFileStatus(OzoneManager.java:3494) ~[ozone-manager-1.4.0-SNAPSHOT.jar:?]
	at org.apache.hadoop.ozone.protocolPB.OzoneManagerRequestHandler.getOzoneFileStatus(OzoneManagerRequestHandler.java:933) ~[ozone-manager-1.4.0-SNAPSHOT.jar:?]
	at org.apache.hadoop.ozone.protocolPB.OzoneManagerRequestHandler.handleReadRequest(OzoneManagerRequestHandler.java:238) ~[ozone-manager-1.4.0-SNAPSHOT.jar:?]
	at org.apache.hadoop.ozone.protocolPB.OzoneManagerProtocolServerSideTranslatorPB.submitReadRequestToOM(OzoneManagerProtocolServerSideTranslatorPB.java:223) ~[ozone-manager-1.4.0-SNAPSHOT.jar:?]
	at org.apache.hadoop.ozone.protocolPB.OzoneManagerProtocolServerSideTranslatorPB.processRequest(OzoneManagerProtocolServerSideTranslatorPB.java:177) ~[ozone-manager-1.4.0-SNAPSHOT.jar:?]
	at org.apache.hadoop.hdds.server.OzoneProtocolMessageDispatcher.processRequest(OzoneProtocolMessageDispatcher.java:87) [hdds-server-framework-1.4.0-SNAPSHOT.jar:?]
	at org.apache.hadoop.ozone.protocolPB.OzoneManagerProtocolServerSideTranslatorPB.submitRequest(OzoneManagerProtocolServerSideTranslatorPB.java:147) [ozone-manager-1.4.0-SNAPSHOT.jar:?]
	at org.apache.hadoop.ozone.protocol.proto.OzoneManagerProtocolProtos$OzoneManagerService$2.callBlockingMethod(OzoneManagerProtocolProtos.java) [ozone-interface-client-1.4.0-SNAPSHOT.jar:?]
	at org.apache.hadoop.ipc.ProtobufRpcEngine$Server.processCall(ProtobufRpcEngine.java:465) [hadoop-common-3.3.4.jar:?]
	at org.apache.hadoop.ipc.ProtobufRpcEngine2$Server$ProtoBufRpcInvoker.call(ProtobufRpcEngine2.java:578) [hadoop-common-3.3.4.jar:?]
	at org.apache.hadoop.ipc.ProtobufRpcEngine2$Server$ProtoBufRpcInvoker.call(ProtobufRpcEngine2.java:556) [hadoop-common-3.3.4.jar:?]
	at org.apache.hadoop.ipc.RPC$Server.call(RPC.java:1093) [hadoop-common-3.3.4.jar:?]
	at org.apache.hadoop.ipc.Server$RpcCall.run(Server.java:1043) [hadoop-common-3.3.4.jar:?]
	at org.apache.hadoop.ipc.Server$RpcCall.run(Server.java:971) [hadoop-common-3.3.4.jar:?]
	at java.security.AccessController.doPrivileged(Native Method) ~[?:1.8.0_362]
	at javax.security.auth.Subject.doAs(Subject.java:422) [?:1.8.0_362]
	at org.apache.hadoop.security.UserGroupInformation.doAs(UserGroupInformation.java:1878) [hadoop-common-3.3.4.jar:?]
	at org.apache.hadoop.ipc.Server$Handler.run(Server.java:2976) [hadoop-common-3.3.4.jar:?]
05:44:05.702 [IPC Server handler 16 on default port 43369] ERROR OMAudit - user=runner | ip=127.0.0.1 | op=GET_FILE_STATUS {volume=volume35147, bucket=bucket98126, key=level0/level2/file1, dataSize=0, replicationConfig=null} | ret=FAILURE
org.apache.hadoop.ozone.om.exceptions.OMException: Unable to get file status: volume: volume35147 bucket: bucket98126 key: level0/level2/file1
	at org.apache.hadoop.ozone.om.KeyManagerImpl.getOzoneFileStatusFSO(KeyManagerImpl.java:1320) ~[ozone-manager-1.4.0-SNAPSHOT.jar:?]
	at org.apache.hadoop.ozone.om.KeyManagerImpl.getFileStatus(KeyManagerImpl.java:1112) ~[ozone-manager-1.4.0-SNAPSHOT.jar:?]
	at org.apache.hadoop.ozone.om.OmMetadataReader.getFileStatus(OmMetadataReader.java:288) ~[ozone-manager-1.4.0-SNAPSHOT.jar:?]
	at org.apache.hadoop.ozone.om.OzoneManager.getFileStatus(OzoneManager.java:3494) ~[ozone-manager-1.4.0-SNAPSHOT.jar:?]
	at org.apache.hadoop.ozone.protocolPB.OzoneManagerRequestHandler.getOzoneFileStatus(OzoneManagerRequestHandler.java:933) ~[ozone-manager-1.4.0-SNAPSHOT.jar:?]
	at org.apache.hadoop.ozone.protocolPB.OzoneManagerRequestHandler.handleReadRequest(OzoneManagerRequestHandler.java:238) ~[ozone-manager-1.4.0-SNAPSHOT.jar:?]
	at org.apache.hadoop.ozone.protocolPB.OzoneManagerProtocolServerSideTranslatorPB.submitReadRequestToOM(OzoneManagerProtocolServerSideTranslatorPB.java:223) ~[ozone-manager-1.4.0-SNAPSHOT.jar:?]
	at org.apache.hadoop.ozone.protocolPB.OzoneManagerProtocolServerSideTranslatorPB.processRequest(OzoneManagerProtocolServerSideTranslatorPB.java:177) ~[ozone-manager-1.4.0-SNAPSHOT.jar:?]
	at org.apache.hadoop.hdds.server.OzoneProtocolMessageDispatcher.processRequest(OzoneProtocolMessageDispatcher.java:87) [hdds-server-framework-1.4.0-SNAPSHOT.jar:?]
	at org.apache.hadoop.ozone.protocolPB.OzoneManagerProtocolServerSideTranslatorPB.submitRequest(OzoneManagerProtocolServerSideTranslatorPB.java:147) [ozone-manager-1.4.0-SNAPSHOT.jar:?]
	at org.apache.hadoop.ozone.protocol.proto.OzoneManagerProtocolProtos$OzoneManagerService$2.callBlockingMethod(OzoneManagerProtocolProtos.java) [ozone-interface-client-1.4.0-SNAPSHOT.jar:?]
	at org.apache.hadoop.ipc.ProtobufRpcEngine$Server.processCall(ProtobufRpcEngine.java:465) [hadoop-common-3.3.4.jar:?]
	at org.apache.hadoop.ipc.ProtobufRpcEngine2$Server$ProtoBufRpcInvoker.call(ProtobufRpcEngine2.java:578) [hadoop-common-3.3.4.jar:?]
	at org.apache.hadoop.ipc.ProtobufRpcEngine2$Server$ProtoBufRpcInvoker.call(ProtobufRpcEngine2.java:556) [hadoop-common-3.3.4.jar:?]
	at org.apache.hadoop.ipc.RPC$Server.call(RPC.java:1093) [hadoop-common-3.3.4.jar:?]
	at org.apache.hadoop.ipc.Server$RpcCall.run(Server.java:1043) [hadoop-common-3.3.4.jar:?]
	at org.apache.hadoop.ipc.Server$RpcCall.run(Server.java:971) [hadoop-common-3.3.4.jar:?]
	at java.security.AccessController.doPrivileged(Native Method) ~[?:1.8.0_362]
	at javax.security.auth.Subject.doAs(Subject.java:422) [?:1.8.0_362]
	at org.apache.hadoop.security.UserGroupInformation.doAs(UserGroupInformation.java:1878) [hadoop-common-3.3.4.jar:?]
	at org.apache.hadoop.ipc.Server$Handler.run(Server.java:2976) [hadoop-common-3.3.4.jar:?]
05:44:05.703 [IPC Server handler 19 on default port 43369] ERROR OMAudit - user=runner | ip=127.0.0.1 | op=GET_FILE_STATUS {volume=volume35147, bucket=bucket98126, key=level0/level2/level2/file1, dataSize=0, replicationConfig=null} | ret=FAILURE
org.apache.hadoop.ozone.om.exceptions.OMException: Unable to get file status: volume: volume35147 bucket: bucket98126 key: level0/level2/level2/file1
	at org.apache.hadoop.ozone.om.KeyManagerImpl.getOzoneFileStatusFSO(KeyManagerImpl.java:1320) ~[ozone-manager-1.4.0-SNAPSHOT.jar:?]
	at org.apache.hadoop.ozone.om.KeyManagerImpl.getFileStatus(KeyManagerImpl.java:1112) ~[ozone-manager-1.4.0-SNAPSHOT.jar:?]
	at org.apache.hadoop.ozone.om.OmMetadataReader.getFileStatus(OmMetadataReader.java:288) ~[ozone-manager-1.4.0-SNAPSHOT.jar:?]
	at org.apache.hadoop.ozone.om.OzoneManager.getFileStatus(OzoneManager.java:3494) ~[ozone-manager-1.4.0-SNAPSHOT.jar:?]
	at org.apache.hadoop.ozone.protocolPB.OzoneManagerRequestHandler.getOzoneFileStatus(OzoneManagerRequestHandler.java:933) ~[ozone-manager-1.4.0-SNAPSHOT.jar:?]
	at org.apache.hadoop.ozone.protocolPB.OzoneManagerRequestHandler.handleReadRequest(OzoneManagerRequestHandler.java:238) ~[ozone-manager-1.4.0-SNAPSHOT.jar:?]
	at org.apache.hadoop.ozone.protocolPB.OzoneManagerProtocolServerSideTranslatorPB.submitReadRequestToOM(OzoneManagerProtocolServerSideTranslatorPB.java:223) ~[ozone-manager-1.4.0-SNAPSHOT.jar:?]
	at org.apache.hadoop.ozone.protocolPB.OzoneManagerProtocolServerSideTranslatorPB.processRequest(OzoneManagerProtocolServerSideTranslatorPB.java:177) ~[ozone-manager-1.4.0-SNAPSHOT.jar:?]
	at org.apache.hadoop.hdds.server.OzoneProtocolMessageDispatcher.processRequest(OzoneProtocolMessageDispatcher.java:87) [hdds-server-framework-1.4.0-SNAPSHOT.jar:?]
	at org.apache.hadoop.ozone.protocolPB.OzoneManagerProtocolServerSideTranslatorPB.submitRequest(OzoneManagerProtocolServerSideTranslatorPB.java:147) [ozone-manager-1.4.0-SNAPSHOT.jar:?]
	at org.apache.hadoop.ozone.protocol.proto.OzoneManagerProtocolProtos$OzoneManagerService$2.callBlockingMethod(OzoneManagerProtocolProtos.java) [ozone-interface-client-1.4.0-SNAPSHOT.jar:?]
	at org.apache.hadoop.ipc.ProtobufRpcEngine$Server.processCall(ProtobufRpcEngine.java:465) [hadoop-common-3.3.4.jar:?]
	at org.apache.hadoop.ipc.ProtobufRpcEngine2$Server$ProtoBufRpcInvoker.call(ProtobufRpcEngine2.java:578) [hadoop-common-3.3.4.jar:?]
	at org.apache.hadoop.ipc.ProtobufRpcEngine2$Server$ProtoBufRpcInvoker.call(ProtobufRpcEngine2.java:556) [hadoop-common-3.3.4.jar:?]
	at org.apache.hadoop.ipc.RPC$Server.call(RPC.java:1093) [hadoop-common-3.3.4.jar:?]
	at org.apache.hadoop.ipc.Server$RpcCall.run(Server.java:1043) [hadoop-common-3.3.4.jar:?]
	at org.apache.hadoop.ipc.Server$RpcCall.run(Server.java:971) [hadoop-common-3.3.4.jar:?]
	at java.security.AccessController.doPrivileged(Native Method) ~[?:1.8.0_362]
	at javax.security.auth.Subject.doAs(Subject.java:422) [?:1.8.0_362]
	at org.apache.hadoop.security.UserGroupInformation.doAs(UserGroupInformation.java:1878) [hadoop-common-3.3.4.jar:?]
	at org.apache.hadoop.ipc.Server$Handler.run(Server.java:2976) [hadoop-common-3.3.4.jar:?]
05:44:05.704 [IPC Server handler 15 on default port 43369] ERROR OMAudit - user=runner | ip=127.0.0.1 | op=GET_FILE_STATUS {volume=volume35147, bucket=bucket98126, key=level0/level3, dataSize=0, replicationConfig=null} | ret=FAILURE
org.apache.hadoop.ozone.om.exceptions.OMException: Unable to get file status: volume: volume35147 bucket: bucket98126 key: level0/level3
	at org.apache.hadoop.ozone.om.KeyManagerImpl.getOzoneFileStatusFSO(KeyManagerImpl.java:1320) ~[ozone-manager-1.4.0-SNAPSHOT.jar:?]
	at org.apache.hadoop.ozone.om.KeyManagerImpl.getFileStatus(KeyManagerImpl.java:1112) ~[ozone-manager-1.4.0-SNAPSHOT.jar:?]
	at org.apache.hadoop.ozone.om.OmMetadataReader.getFileStatus(OmMetadataReader.java:288) ~[ozone-manager-1.4.0-SNAPSHOT.jar:?]
	at org.apache.hadoop.ozone.om.OzoneManager.getFileStatus(OzoneManager.java:3494) ~[ozone-manager-1.4.0-SNAPSHOT.jar:?]
	at org.apache.hadoop.ozone.protocolPB.OzoneManagerRequestHandler.getOzoneFileStatus(OzoneManagerRequestHandler.java:933) ~[ozone-manager-1.4.0-SNAPSHOT.jar:?]
	at org.apache.hadoop.ozone.protocolPB.OzoneManagerRequestHandler.handleReadRequest(OzoneManagerRequestHandler.java:238) ~[ozone-manager-1.4.0-SNAPSHOT.jar:?]
	at org.apache.hadoop.ozone.protocolPB.OzoneManagerProtocolServerSideTranslatorPB.submitReadRequestToOM(OzoneManagerProtocolServerSideTranslatorPB.java:223) ~[ozone-manager-1.4.0-SNAPSHOT.jar:?]
	at org.apache.hadoop.ozone.protocolPB.OzoneManagerProtocolServerSideTranslatorPB.processRequest(OzoneManagerProtocolServerSideTranslatorPB.java:177) ~[ozone-manager-1.4.0-SNAPSHOT.jar:?]
	at org.apache.hadoop.hdds.server.OzoneProtocolMessageDispatcher.processRequest(OzoneProtocolMessageDispatcher.java:87) [hdds-server-framework-1.4.0-SNAPSHOT.jar:?]
	at org.apache.hadoop.ozone.protocolPB.OzoneManagerProtocolServerSideTranslatorPB.submitRequest(OzoneManagerProtocolServerSideTranslatorPB.java:147) [ozone-manager-1.4.0-SNAPSHOT.jar:?]
	at org.apache.hadoop.ozone.protocol.proto.OzoneManagerProtocolProtos$OzoneManagerService$2.callBlockingMethod(OzoneManagerProtocolProtos.java) [ozone-interface-client-1.4.0-SNAPSHOT.jar:?]
	at org.apache.hadoop.ipc.ProtobufRpcEngine$Server.processCall(ProtobufRpcEngine.java:465) [hadoop-common-3.3.4.jar:?]
	at org.apache.hadoop.ipc.ProtobufRpcEngine2$Server$ProtoBufRpcInvoker.call(ProtobufRpcEngine2.java:578) [hadoop-common-3.3.4.jar:?]
	at org.apache.hadoop.ipc.ProtobufRpcEngine2$Server$ProtoBufRpcInvoker.call(ProtobufRpcEngine2.java:556) [hadoop-common-3.3.4.jar:?]
	at org.apache.hadoop.ipc.RPC$Server.call(RPC.java:1093) [hadoop-common-3.3.4.jar:?]
	at org.apache.hadoop.ipc.Server$RpcCall.run(Server.java:1043) [hadoop-common-3.3.4.jar:?]
	at org.apache.hadoop.ipc.Server$RpcCall.run(Server.java:971) [hadoop-common-3.3.4.jar:?]
	at java.security.AccessController.doPrivileged(Native Method) ~[?:1.8.0_362]
	at javax.security.auth.Subject.doAs(Subject.java:422) [?:1.8.0_362]
	at org.apache.hadoop.security.UserGroupInformation.doAs(UserGroupInformation.java:1878) [hadoop-common-3.3.4.jar:?]
	at org.apache.hadoop.ipc.Server$Handler.run(Server.java:2976) [hadoop-common-3.3.4.jar:?]
05:44:05.705 [IPC Server handler 0 on default port 43369] ERROR OMAudit - user=runner | ip=127.0.0.1 | op=GET_FILE_STATUS {volume=volume35147, bucket=bucket98126, key=level0/level3/level3, dataSize=0, replicationConfig=null} | ret=FAILURE
org.apache.hadoop.ozone.om.exceptions.OMException: Unable to get file status: volume: volume35147 bucket: bucket98126 key: level0/level3/level3
	at org.apache.hadoop.ozone.om.KeyManagerImpl.getOzoneFileStatusFSO(KeyManagerImpl.java:1320) ~[ozone-manager-1.4.0-SNAPSHOT.jar:?]
	at org.apache.hadoop.ozone.om.KeyManagerImpl.getFileStatus(KeyManagerImpl.java:1112) ~[ozone-manager-1.4.0-SNAPSHOT.jar:?]
	at org.apache.hadoop.ozone.om.OmMetadataReader.getFileStatus(OmMetadataReader.java:288) ~[ozone-manager-1.4.0-SNAPSHOT.jar:?]
	at org.apache.hadoop.ozone.om.OzoneManager.getFileStatus(OzoneManager.java:3494) ~[ozone-manager-1.4.0-SNAPSHOT.jar:?]
	at org.apache.hadoop.ozone.protocolPB.OzoneManagerRequestHandler.getOzoneFileStatus(OzoneManagerRequestHandler.java:933) ~[ozone-manager-1.4.0-SNAPSHOT.jar:?]
	at org.apache.hadoop.ozone.protocolPB.OzoneManagerRequestHandler.handleReadRequest(OzoneManagerRequestHandler.java:238) ~[ozone-manager-1.4.0-SNAPSHOT.jar:?]
	at org.apache.hadoop.ozone.protocolPB.OzoneManagerProtocolServerSideTranslatorPB.submitReadRequestToOM(OzoneManagerProtocolServerSideTranslatorPB.java:223) ~[ozone-manager-1.4.0-SNAPSHOT.jar:?]
	at org.apache.hadoop.ozone.protocolPB.OzoneManagerProtocolServerSideTranslatorPB.processRequest(OzoneManagerProtocolServerSideTranslatorPB.java:177) ~[ozone-manager-1.4.0-SNAPSHOT.jar:?]
	at org.apache.hadoop.hdds.server.OzoneProtocolMessageDispatcher.processRequest(OzoneProtocolMessageDispatcher.java:87) [hdds-server-framework-1.4.0-SNAPSHOT.jar:?]
	at org.apache.hadoop.ozone.protocolPB.OzoneManagerProtocolServerSideTranslatorPB.submitRequest(OzoneManagerProtocolServerSideTranslatorPB.java:147) [ozone-manager-1.4.0-SNAPSHOT.jar:?]
	at org.apache.hadoop.ozone.protocol.proto.OzoneManagerProtocolProtos$OzoneManagerService$2.callBlockingMethod(OzoneManagerProtocolProtos.java) [ozone-interface-client-1.4.0-SNAPSHOT.jar:?]
	at org.apache.hadoop.ipc.ProtobufRpcEngine$Server.processCall(ProtobufRpcEngine.java:465) [hadoop-common-3.3.4.jar:?]
	at org.apache.hadoop.ipc.ProtobufRpcEngine2$Server$ProtoBufRpcInvoker.call(ProtobufRpcEngine2.java:578) [hadoop-common-3.3.4.jar:?]
	at org.apache.hadoop.ipc.ProtobufRpcEngine2$Server$ProtoBufRpcInvoker.call(ProtobufRpcEngine2.java:556) [hadoop-common-3.3.4.jar:?]
	at org.apache.hadoop.ipc.RPC$Server.call(RPC.java:1093) [hadoop-common-3.3.4.jar:?]
	at org.apache.hadoop.ipc.Server$RpcCall.run(Server.java:1043) [hadoop-common-3.3.4.jar:?]
	at org.apache.hadoop.ipc.Server$RpcCall.run(Server.java:971) [hadoop-common-3.3.4.jar:?]
	at java.security.AccessController.doPrivileged(Native Method) ~[?:1.8.0_362]
	at javax.security.auth.Subject.doAs(Subject.java:422) [?:1.8.0_362]
	at org.apache.hadoop.security.UserGroupInformation.doAs(UserGroupInformation.java:1878) [hadoop-common-3.3.4.jar:?]
	at org.apache.hadoop.ipc.Server$Handler.run(Server.java:2976) [hadoop-common-3.3.4.jar:?]
05:44:05.707 [IPC Server handler 2 on default port 43369] ERROR OMAudit - user=runner | ip=127.0.0.1 | op=GET_FILE_STATUS {volume=volume35147, bucket=bucket98126, key=level0/level3/file1, dataSize=0, replicationConfig=null} | ret=FAILURE
org.apache.hadoop.ozone.om.exceptions.OMException: Unable to get file status: volume: volume35147 bucket: bucket98126 key: level0/level3/file1
	at org.apache.hadoop.ozone.om.KeyManagerImpl.getOzoneFileStatusFSO(KeyManagerImpl.java:1320) ~[ozone-manager-1.4.0-SNAPSHOT.jar:?]
	at org.apache.hadoop.ozone.om.KeyManagerImpl.getFileStatus(KeyManagerImpl.java:1112) ~[ozone-manager-1.4.0-SNAPSHOT.jar:?]
	at org.apache.hadoop.ozone.om.OmMetadataReader.getFileStatus(OmMetadataReader.java:288) ~[ozone-manager-1.4.0-SNAPSHOT.jar:?]
	at org.apache.hadoop.ozone.om.OzoneManager.getFileStatus(OzoneManager.java:3494) ~[ozone-manager-1.4.0-SNAPSHOT.jar:?]
	at org.apache.hadoop.ozone.protocolPB.OzoneManagerRequestHandler.getOzoneFileStatus(OzoneManagerRequestHandler.java:933) ~[ozone-manager-1.4.0-SNAPSHOT.jar:?]
	at org.apache.hadoop.ozone.protocolPB.OzoneManagerRequestHandler.handleReadRequest(OzoneManagerRequestHandler.java:238) ~[ozone-manager-1.4.0-SNAPSHOT.jar:?]
	at org.apache.hadoop.ozone.protocolPB.OzoneManagerProtocolServerSideTranslatorPB.submitReadRequestToOM(OzoneManagerProtocolServerSideTranslatorPB.java:223) ~[ozone-manager-1.4.0-SNAPSHOT.jar:?]
	at org.apache.hadoop.ozone.protocolPB.OzoneManagerProtocolServerSideTranslatorPB.processRequest(OzoneManagerProtocolServerSideTranslatorPB.java:177) ~[ozone-manager-1.4.0-SNAPSHOT.jar:?]
	at org.apache.hadoop.hdds.server.OzoneProtocolMessageDispatcher.processRequest(OzoneProtocolMessageDispatcher.java:87) [hdds-server-framework-1.4.0-SNAPSHOT.jar:?]
	at org.apache.hadoop.ozone.protocolPB.OzoneManagerProtocolServerSideTranslatorPB.submitRequest(OzoneManagerProtocolServerSideTranslatorPB.java:147) [ozone-manager-1.4.0-SNAPSHOT.jar:?]
	at org.apache.hadoop.ozone.protocol.proto.OzoneManagerProtocolProtos$OzoneManagerService$2.callBlockingMethod(OzoneManagerProtocolProtos.java) [ozone-interface-client-1.4.0-SNAPSHOT.jar:?]
	at org.apache.hadoop.ipc.ProtobufRpcEngine$Server.processCall(ProtobufRpcEngine.java:465) [hadoop-common-3.3.4.jar:?]
	at org.apache.hadoop.ipc.ProtobufRpcEngine2$Server$ProtoBufRpcInvoker.call(ProtobufRpcEngine2.java:578) [hadoop-common-3.3.4.jar:?]
	at org.apache.hadoop.ipc.ProtobufRpcEngine2$Server$ProtoBufRpcInvoker.call(ProtobufRpcEngine2.java:556) [hadoop-common-3.3.4.jar:?]
	at org.apache.hadoop.ipc.RPC$Server.call(RPC.java:1093) [hadoop-common-3.3.4.jar:?]
	at org.apache.hadoop.ipc.Server$RpcCall.run(Server.java:1043) [hadoop-common-3.3.4.jar:?]
	at org.apache.hadoop.ipc.Server$RpcCall.run(Server.java:971) [hadoop-common-3.3.4.jar:?]
	at java.security.AccessController.doPrivileged(Native Method) ~[?:1.8.0_362]
	at javax.security.auth.Subject.doAs(Subject.java:422) [?:1.8.0_362]
	at org.apache.hadoop.security.UserGroupInformation.doAs(UserGroupInformation.java:1878) [hadoop-common-3.3.4.jar:?]
	at org.apache.hadoop.ipc.Server$Handler.run(Server.java:2976) [hadoop-common-3.3.4.jar:?]
05:44:05.708 [IPC Server handler 1 on default port 43369] ERROR OMAudit - user=runner | ip=127.0.0.1 | op=GET_FILE_STATUS {volume=volume35147, bucket=bucket98126, key=level0/level3/level3/file1, dataSize=0, replicationConfig=null} | ret=FAILURE
org.apache.hadoop.ozone.om.exceptions.OMException: Unable to get file status: volume: volume35147 bucket: bucket98126 key: level0/level3/level3/file1
	at org.apache.hadoop.ozone.om.KeyManagerImpl.getOzoneFileStatusFSO(KeyManagerImpl.java:1320) ~[ozone-manager-1.4.0-SNAPSHOT.jar:?]
	at org.apache.hadoop.ozone.om.KeyManagerImpl.getFileStatus(KeyManagerImpl.java:1112) ~[ozone-manager-1.4.0-SNAPSHOT.jar:?]
	at org.apache.hadoop.ozone.om.OmMetadataReader.getFileStatus(OmMetadataReader.java:288) ~[ozone-manager-1.4.0-SNAPSHOT.jar:?]
	at org.apache.hadoop.ozone.om.OzoneManager.getFileStatus(OzoneManager.java:3494) ~[ozone-manager-1.4.0-SNAPSHOT.jar:?]
	at org.apache.hadoop.ozone.protocolPB.OzoneManagerRequestHandler.getOzoneFileStatus(OzoneManagerRequestHandler.java:933) ~[ozone-manager-1.4.0-SNAPSHOT.jar:?]
	at org.apache.hadoop.ozone.protocolPB.OzoneManagerRequestHandler.handleReadRequest(OzoneManagerRequestHandler.java:238) ~[ozone-manager-1.4.0-SNAPSHOT.jar:?]
	at org.apache.hadoop.ozone.protocolPB.OzoneManagerProtocolServerSideTranslatorPB.submitReadRequestToOM(OzoneManagerProtocolServerSideTranslatorPB.java:223) ~[ozone-manager-1.4.0-SNAPSHOT.jar:?]
	at org.apache.hadoop.ozone.protocolPB.OzoneManagerProtocolServerSideTranslatorPB.processRequest(OzoneManagerProtocolServerSideTranslatorPB.java:177) ~[ozone-manager-1.4.0-SNAPSHOT.jar:?]
	at org.apache.hadoop.hdds.server.OzoneProtocolMessageDispatcher.processRequest(OzoneProtocolMessageDispatcher.java:87) [hdds-server-framework-1.4.0-SNAPSHOT.jar:?]
	at org.apache.hadoop.ozone.protocolPB.OzoneManagerProtocolServerSideTranslatorPB.submitRequest(OzoneManagerProtocolServerSideTranslatorPB.java:147) [ozone-manager-1.4.0-SNAPSHOT.jar:?]
	at org.apache.hadoop.ozone.protocol.proto.OzoneManagerProtocolProtos$OzoneManagerService$2.callBlockingMethod(OzoneManagerProtocolProtos.java) [ozone-interface-client-1.4.0-SNAPSHOT.jar:?]
	at org.apache.hadoop.ipc.ProtobufRpcEngine$Server.processCall(ProtobufRpcEngine.java:465) [hadoop-common-3.3.4.jar:?]
	at org.apache.hadoop.ipc.ProtobufRpcEngine2$Server$ProtoBufRpcInvoker.call(ProtobufRpcEngine2.java:578) [hadoop-common-3.3.4.jar:?]
	at org.apache.hadoop.ipc.ProtobufRpcEngine2$Server$ProtoBufRpcInvoker.call(ProtobufRpcEngine2.java:556) [hadoop-common-3.3.4.jar:?]
	at org.apache.hadoop.ipc.RPC$Server.call(RPC.java:1093) [hadoop-common-3.3.4.jar:?]
	at org.apache.hadoop.ipc.Server$RpcCall.run(Server.java:1043) [hadoop-common-3.3.4.jar:?]
	at org.apache.hadoop.ipc.Server$RpcCall.run(Server.java:971) [hadoop-common-3.3.4.jar:?]
	at java.security.AccessController.doPrivileged(Native Method) ~[?:1.8.0_362]
	at javax.security.auth.Subject.doAs(Subject.java:422) [?:1.8.0_362]
	at org.apache.hadoop.security.UserGroupInformation.doAs(UserGroupInformation.java:1878) [hadoop-common-3.3.4.jar:?]
	at org.apache.hadoop.ipc.Server$Handler.run(Server.java:2976) [hadoop-common-3.3.4.jar:?]
]]></system-out>
  </testcase>
  <testcase name="testRecursiveDelete" classname="TestOzoneFileSystemWithFSO" time="0.091">
    <system-out><![CDATA[2023-03-15 05:44:51,168 [IPC Server handler 19 on default port 39193] INFO  key.OMKeyRequest (OMKeyRequest.java:wrapUncommittedBlocksAsPseudoKey(838)) - Detect allocated but uncommitted blocks [{blockID={containerID=1, localID=111677748019200029}, length=4194304, offset=0, token=null, pipeline=null, createVersion=0, partNumber=0}] in key gdir1/pdir1/child.
2023-03-15 05:44:51,171 [IPC Server handler 2 on default port 39193] INFO  key.OMKeyRequest (OMKeyRequest.java:wrapUncommittedBlocksAsPseudoKey(838)) - Detect allocated but uncommitted blocks [{blockID={containerID=3, localID=111677748019200030}, length=4194304, offset=0, token=null, pipeline=null, createVersion=0, partNumber=0}] in key gdir1/pdir2/child.
2023-03-15 05:44:51,175 [IPC Server handler 1 on default port 39193] INFO  key.OMKeyRequest (OMKeyRequest.java:wrapUncommittedBlocksAsPseudoKey(838)) - Detect allocated but uncommitted blocks [{blockID={containerID=2, localID=111677748019200031}, length=4194304, offset=0, token=null, pipeline=null, createVersion=0, partNumber=0}] in key gdir1/pdir3/child.
2023-03-15 05:44:51,178 [IPC Server handler 5 on default port 39193] INFO  key.OMKeyRequest (OMKeyRequest.java:wrapUncommittedBlocksAsPseudoKey(838)) - Detect allocated but uncommitted blocks [{blockID={containerID=1, localID=111677748019200032}, length=4194304, offset=0, token=null, pipeline=null, createVersion=0, partNumber=0}] in key gdir1/pdir4/child.
2023-03-15 05:44:51,182 [IPC Server handler 7 on default port 39193] INFO  key.OMKeyRequest (OMKeyRequest.java:wrapUncommittedBlocksAsPseudoKey(838)) - Detect allocated but uncommitted blocks [{blockID={containerID=4, localID=111677748019200033}, length=4194304, offset=0, token=null, pipeline=null, createVersion=0, partNumber=0}] in key gdir1/pdir5/child.
2023-03-15 05:44:51,187 [IPC Server handler 9 on default port 39193] INFO  key.OMKeyRequest (OMKeyRequest.java:wrapUncommittedBlocksAsPseudoKey(838)) - Detect allocated but uncommitted blocks [{blockID={containerID=3, localID=111677748019200034}, length=4194304, offset=0, token=null, pipeline=null, createVersion=0, partNumber=0}] in key gdir1/pdir6/child.
2023-03-15 05:44:51,190 [IPC Server handler 11 on default port 39193] INFO  key.OMKeyRequest (OMKeyRequest.java:wrapUncommittedBlocksAsPseudoKey(838)) - Detect allocated but uncommitted blocks [{blockID={containerID=4, localID=111677748019200035}, length=4194304, offset=0, token=null, pipeline=null, createVersion=0, partNumber=0}] in key gdir1/pdir7/child.
2023-03-15 05:44:51,193 [IPC Server handler 13 on default port 39193] INFO  key.OMKeyRequest (OMKeyRequest.java:wrapUncommittedBlocksAsPseudoKey(838)) - Detect allocated but uncommitted blocks [{blockID={containerID=3, localID=111677748019200036}, length=4194304, offset=0, token=null, pipeline=null, createVersion=0, partNumber=0}] in key gdir1/pdir8/child.
2023-03-15 05:44:51,196 [IPC Server handler 15 on default port 39193] INFO  key.OMKeyRequest (OMKeyRequest.java:wrapUncommittedBlocksAsPseudoKey(838)) - Detect allocated but uncommitted blocks [{blockID={containerID=4, localID=111677748019200037}, length=4194304, offset=0, token=null, pipeline=null, createVersion=0, partNumber=0}] in key gdir1/pdir9/child.
2023-03-15 05:44:51,199 [IPC Server handler 16 on default port 39193] INFO  key.OMKeyRequest (OMKeyRequest.java:wrapUncommittedBlocksAsPseudoKey(838)) - Detect allocated but uncommitted blocks [{blockID={containerID=2, localID=111677748019200038}, length=4194304, offset=0, token=null, pipeline=null, createVersion=0, partNumber=0}] in key gdir1/pdir10/child.
05:44:51.201 [IPC Server handler 19 on default port 39193] ERROR OMAudit - user=runner | ip=127.0.0.1 | op=DELETE_KEY {volume=volume61968, bucket=bucket63791, key=gdir1/pdir1, dataSize=0, replicationType=NONE, replicationFactor=ZERO} | ret=FAILURE
org.apache.hadoop.ozone.om.exceptions.OMException: Directory is not empty. Key:gdir1/pdir1
	at org.apache.hadoop.ozone.om.request.key.OMKeyDeleteRequestWithFSO.validateAndUpdateCache(OMKeyDeleteRequestWithFSO.java:141) ~[ozone-manager-1.4.0-SNAPSHOT.jar:?]
	at org.apache.hadoop.ozone.protocolPB.OzoneManagerRequestHandler.handleWriteRequest(OzoneManagerRequestHandler.java:337) ~[ozone-manager-1.4.0-SNAPSHOT.jar:?]
	at org.apache.hadoop.ozone.protocolPB.OzoneManagerProtocolServerSideTranslatorPB.submitRequestDirectlyToOM(OzoneManagerProtocolServerSideTranslatorPB.java:278) ~[ozone-manager-1.4.0-SNAPSHOT.jar:?]
	at org.apache.hadoop.ozone.protocolPB.OzoneManagerProtocolServerSideTranslatorPB.processRequest(OzoneManagerProtocolServerSideTranslatorPB.java:173) ~[ozone-manager-1.4.0-SNAPSHOT.jar:?]
	at org.apache.hadoop.hdds.server.OzoneProtocolMessageDispatcher.processRequest(OzoneProtocolMessageDispatcher.java:87) [hdds-server-framework-1.4.0-SNAPSHOT.jar:?]
	at org.apache.hadoop.ozone.protocolPB.OzoneManagerProtocolServerSideTranslatorPB.submitRequest(OzoneManagerProtocolServerSideTranslatorPB.java:147) [ozone-manager-1.4.0-SNAPSHOT.jar:?]
	at org.apache.hadoop.ozone.protocol.proto.OzoneManagerProtocolProtos$OzoneManagerService$2.callBlockingMethod(OzoneManagerProtocolProtos.java) [ozone-interface-client-1.4.0-SNAPSHOT.jar:?]
	at org.apache.hadoop.ipc.ProtobufRpcEngine$Server.processCall(ProtobufRpcEngine.java:465) [hadoop-common-3.3.4.jar:?]
	at org.apache.hadoop.ipc.ProtobufRpcEngine2$Server$ProtoBufRpcInvoker.call(ProtobufRpcEngine2.java:578) [hadoop-common-3.3.4.jar:?]
	at org.apache.hadoop.ipc.ProtobufRpcEngine2$Server$ProtoBufRpcInvoker.call(ProtobufRpcEngine2.java:556) [hadoop-common-3.3.4.jar:?]
	at org.apache.hadoop.ipc.RPC$Server.call(RPC.java:1093) [hadoop-common-3.3.4.jar:?]
	at org.apache.hadoop.ipc.Server$RpcCall.run(Server.java:1043) [hadoop-common-3.3.4.jar:?]
	at org.apache.hadoop.ipc.Server$RpcCall.run(Server.java:971) [hadoop-common-3.3.4.jar:?]
	at java.security.AccessController.doPrivileged(Native Method) ~[?:1.8.0_362]
	at javax.security.auth.Subject.doAs(Subject.java:422) [?:1.8.0_362]
	at org.apache.hadoop.security.UserGroupInformation.doAs(UserGroupInformation.java:1878) [hadoop-common-3.3.4.jar:?]
	at org.apache.hadoop.ipc.Server$Handler.run(Server.java:2976) [hadoop-common-3.3.4.jar:?]
2023-03-15 05:44:51,201 [IPC Server handler 19 on default port 39193] ERROR key.OMKeyDeleteRequestWithFSO (OMKeyDeleteRequestWithFSO.java:validateAndUpdateCache(201)) - Key delete failed. Volume:volume61968, Bucket:bucket63791, Key:gdir1/pdir1.
DIRECTORY_NOT_EMPTY org.apache.hadoop.ozone.om.exceptions.OMException: Directory is not empty. Key:gdir1/pdir1
	at org.apache.hadoop.ozone.om.request.key.OMKeyDeleteRequestWithFSO.validateAndUpdateCache(OMKeyDeleteRequestWithFSO.java:141)
	at org.apache.hadoop.ozone.protocolPB.OzoneManagerRequestHandler.handleWriteRequest(OzoneManagerRequestHandler.java:337)
	at org.apache.hadoop.ozone.protocolPB.OzoneManagerProtocolServerSideTranslatorPB.submitRequestDirectlyToOM(OzoneManagerProtocolServerSideTranslatorPB.java:278)
	at org.apache.hadoop.ozone.protocolPB.OzoneManagerProtocolServerSideTranslatorPB.processRequest(OzoneManagerProtocolServerSideTranslatorPB.java:173)
	at org.apache.hadoop.hdds.server.OzoneProtocolMessageDispatcher.processRequest(OzoneProtocolMessageDispatcher.java:87)
	at org.apache.hadoop.ozone.protocolPB.OzoneManagerProtocolServerSideTranslatorPB.submitRequest(OzoneManagerProtocolServerSideTranslatorPB.java:147)
	at org.apache.hadoop.ozone.protocol.proto.OzoneManagerProtocolProtos$OzoneManagerService$2.callBlockingMethod(OzoneManagerProtocolProtos.java)
	at org.apache.hadoop.ipc.ProtobufRpcEngine$Server.processCall(ProtobufRpcEngine.java:465)
	at org.apache.hadoop.ipc.ProtobufRpcEngine2$Server$ProtoBufRpcInvoker.call(ProtobufRpcEngine2.java:578)
	at org.apache.hadoop.ipc.ProtobufRpcEngine2$Server$ProtoBufRpcInvoker.call(ProtobufRpcEngine2.java:556)
	at org.apache.hadoop.ipc.RPC$Server.call(RPC.java:1093)
	at org.apache.hadoop.ipc.Server$RpcCall.run(Server.java:1043)
	at org.apache.hadoop.ipc.Server$RpcCall.run(Server.java:971)
	at java.security.AccessController.doPrivileged(Native Method)
	at javax.security.auth.Subject.doAs(Subject.java:422)
	at org.apache.hadoop.security.UserGroupInformation.doAs(UserGroupInformation.java:1878)
	at org.apache.hadoop.ipc.Server$Handler.run(Server.java:2976)
2023-03-15 05:44:51,202 [Time-limited test] ERROR ozone.BasicOzoneClientAdapterImpl (BasicOzoneClientAdapterImpl.java:deleteObject(354)) - delete key failed Directory is not empty. Key:gdir1/pdir1
05:44:51.203 [IPC Server handler 0 on default port 39193] ERROR OMAudit - user=runner | ip=127.0.0.1 | op=DELETE_KEY {volume=volume61968, bucket=bucket63791, key=gdir1, dataSize=0, replicationType=NONE, replicationFactor=ZERO} | ret=FAILURE
org.apache.hadoop.ozone.om.exceptions.OMException: Directory is not empty. Key:gdir1
	at org.apache.hadoop.ozone.om.request.key.OMKeyDeleteRequestWithFSO.validateAndUpdateCache(OMKeyDeleteRequestWithFSO.java:141) ~[ozone-manager-1.4.0-SNAPSHOT.jar:?]
	at org.apache.hadoop.ozone.protocolPB.OzoneManagerRequestHandler.handleWriteRequest(OzoneManagerRequestHandler.java:337) ~[ozone-manager-1.4.0-SNAPSHOT.jar:?]
	at org.apache.hadoop.ozone.protocolPB.OzoneManagerProtocolServerSideTranslatorPB.submitRequestDirectlyToOM(OzoneManagerProtocolServerSideTranslatorPB.java:278) ~[ozone-manager-1.4.0-SNAPSHOT.jar:?]
	at org.apache.hadoop.ozone.protocolPB.OzoneManagerProtocolServerSideTranslatorPB.processRequest(OzoneManagerProtocolServerSideTranslatorPB.java:173) ~[ozone-manager-1.4.0-SNAPSHOT.jar:?]
	at org.apache.hadoop.hdds.server.OzoneProtocolMessageDispatcher.processRequest(OzoneProtocolMessageDispatcher.java:87) [hdds-server-framework-1.4.0-SNAPSHOT.jar:?]
	at org.apache.hadoop.ozone.protocolPB.OzoneManagerProtocolServerSideTranslatorPB.submitRequest(OzoneManagerProtocolServerSideTranslatorPB.java:147) [ozone-manager-1.4.0-SNAPSHOT.jar:?]
	at org.apache.hadoop.ozone.protocol.proto.OzoneManagerProtocolProtos$OzoneManagerService$2.callBlockingMethod(OzoneManagerProtocolProtos.java) [ozone-interface-client-1.4.0-SNAPSHOT.jar:?]
	at org.apache.hadoop.ipc.ProtobufRpcEngine$Server.processCall(ProtobufRpcEngine.java:465) [hadoop-common-3.3.4.jar:?]
	at org.apache.hadoop.ipc.ProtobufRpcEngine2$Server$ProtoBufRpcInvoker.call(ProtobufRpcEngine2.java:578) [hadoop-common-3.3.4.jar:?]
	at org.apache.hadoop.ipc.ProtobufRpcEngine2$Server$ProtoBufRpcInvoker.call(ProtobufRpcEngine2.java:556) [hadoop-common-3.3.4.jar:?]
	at org.apache.hadoop.ipc.RPC$Server.call(RPC.java:1093) [hadoop-common-3.3.4.jar:?]
	at org.apache.hadoop.ipc.Server$RpcCall.run(Server.java:1043) [hadoop-common-3.3.4.jar:?]
	at org.apache.hadoop.ipc.Server$RpcCall.run(Server.java:971) [hadoop-common-3.3.4.jar:?]
	at java.security.AccessController.doPrivileged(Native Method) ~[?:1.8.0_362]
	at javax.security.auth.Subject.doAs(Subject.java:422) [?:1.8.0_362]
	at org.apache.hadoop.security.UserGroupInformation.doAs(UserGroupInformation.java:1878) [hadoop-common-3.3.4.jar:?]
	at org.apache.hadoop.ipc.Server$Handler.run(Server.java:2976) [hadoop-common-3.3.4.jar:?]
2023-03-15 05:44:51,203 [IPC Server handler 0 on default port 39193] ERROR key.OMKeyDeleteRequestWithFSO (OMKeyDeleteRequestWithFSO.java:validateAndUpdateCache(201)) - Key delete failed. Volume:volume61968, Bucket:bucket63791, Key:gdir1.
DIRECTORY_NOT_EMPTY org.apache.hadoop.ozone.om.exceptions.OMException: Directory is not empty. Key:gdir1
	at org.apache.hadoop.ozone.om.request.key.OMKeyDeleteRequestWithFSO.validateAndUpdateCache(OMKeyDeleteRequestWithFSO.java:141)
	at org.apache.hadoop.ozone.protocolPB.OzoneManagerRequestHandler.handleWriteRequest(OzoneManagerRequestHandler.java:337)
	at org.apache.hadoop.ozone.protocolPB.OzoneManagerProtocolServerSideTranslatorPB.submitRequestDirectlyToOM(OzoneManagerProtocolServerSideTranslatorPB.java:278)
	at org.apache.hadoop.ozone.protocolPB.OzoneManagerProtocolServerSideTranslatorPB.processRequest(OzoneManagerProtocolServerSideTranslatorPB.java:173)
	at org.apache.hadoop.hdds.server.OzoneProtocolMessageDispatcher.processRequest(OzoneProtocolMessageDispatcher.java:87)
	at org.apache.hadoop.ozone.protocolPB.OzoneManagerProtocolServerSideTranslatorPB.submitRequest(OzoneManagerProtocolServerSideTranslatorPB.java:147)
	at org.apache.hadoop.ozone.protocol.proto.OzoneManagerProtocolProtos$OzoneManagerService$2.callBlockingMethod(OzoneManagerProtocolProtos.java)
	at org.apache.hadoop.ipc.ProtobufRpcEngine$Server.processCall(ProtobufRpcEngine.java:465)
	at org.apache.hadoop.ipc.ProtobufRpcEngine2$Server$ProtoBufRpcInvoker.call(ProtobufRpcEngine2.java:578)
	at org.apache.hadoop.ipc.ProtobufRpcEngine2$Server$ProtoBufRpcInvoker.call(ProtobufRpcEngine2.java:556)
	at org.apache.hadoop.ipc.RPC$Server.call(RPC.java:1093)
	at org.apache.hadoop.ipc.Server$RpcCall.run(Server.java:1043)
	at org.apache.hadoop.ipc.Server$RpcCall.run(Server.java:971)
	at java.security.AccessController.doPrivileged(Native Method)
	at javax.security.auth.Subject.doAs(Subject.java:422)
	at org.apache.hadoop.security.UserGroupInformation.doAs(UserGroupInformation.java:1878)
	at org.apache.hadoop.ipc.Server$Handler.run(Server.java:2976)
2023-03-15 05:44:51,203 [Time-limited test] ERROR ozone.BasicOzoneClientAdapterImpl (BasicOzoneClientAdapterImpl.java:deleteObject(354)) - delete key failed Directory is not empty. Key:gdir1
05:44:51.206 [IPC Server handler 3 on default port 39193] ERROR OMAudit - user=runner | ip=127.0.0.1 | op=GET_FILE_STATUS {volume=volume61968, bucket=bucket63791, key=gdir1, dataSize=0, replicationConfig=null} | ret=FAILURE
org.apache.hadoop.ozone.om.exceptions.OMException: Unable to get file status: volume: volume61968 bucket: bucket63791 key: gdir1
	at org.apache.hadoop.ozone.om.KeyManagerImpl.getOzoneFileStatusFSO(KeyManagerImpl.java:1320) ~[ozone-manager-1.4.0-SNAPSHOT.jar:?]
	at org.apache.hadoop.ozone.om.KeyManagerImpl.getFileStatus(KeyManagerImpl.java:1112) ~[ozone-manager-1.4.0-SNAPSHOT.jar:?]
	at org.apache.hadoop.ozone.om.OmMetadataReader.getFileStatus(OmMetadataReader.java:288) ~[ozone-manager-1.4.0-SNAPSHOT.jar:?]
	at org.apache.hadoop.ozone.om.OzoneManager.getFileStatus(OzoneManager.java:3494) ~[ozone-manager-1.4.0-SNAPSHOT.jar:?]
	at org.apache.hadoop.ozone.protocolPB.OzoneManagerRequestHandler.getOzoneFileStatus(OzoneManagerRequestHandler.java:933) ~[ozone-manager-1.4.0-SNAPSHOT.jar:?]
	at org.apache.hadoop.ozone.protocolPB.OzoneManagerRequestHandler.handleReadRequest(OzoneManagerRequestHandler.java:238) ~[ozone-manager-1.4.0-SNAPSHOT.jar:?]
	at org.apache.hadoop.ozone.protocolPB.OzoneManagerProtocolServerSideTranslatorPB.submitRequestDirectlyToOM(OzoneManagerProtocolServerSideTranslatorPB.java:272) ~[ozone-manager-1.4.0-SNAPSHOT.jar:?]
	at org.apache.hadoop.ozone.protocolPB.OzoneManagerProtocolServerSideTranslatorPB.processRequest(OzoneManagerProtocolServerSideTranslatorPB.java:173) ~[ozone-manager-1.4.0-SNAPSHOT.jar:?]
	at org.apache.hadoop.hdds.server.OzoneProtocolMessageDispatcher.processRequest(OzoneProtocolMessageDispatcher.java:87) [hdds-server-framework-1.4.0-SNAPSHOT.jar:?]
	at org.apache.hadoop.ozone.protocolPB.OzoneManagerProtocolServerSideTranslatorPB.submitRequest(OzoneManagerProtocolServerSideTranslatorPB.java:147) [ozone-manager-1.4.0-SNAPSHOT.jar:?]
	at org.apache.hadoop.ozone.protocol.proto.OzoneManagerProtocolProtos$OzoneManagerService$2.callBlockingMethod(OzoneManagerProtocolProtos.java) [ozone-interface-client-1.4.0-SNAPSHOT.jar:?]
	at org.apache.hadoop.ipc.ProtobufRpcEngine$Server.processCall(ProtobufRpcEngine.java:465) [hadoop-common-3.3.4.jar:?]
	at org.apache.hadoop.ipc.ProtobufRpcEngine2$Server$ProtoBufRpcInvoker.call(ProtobufRpcEngine2.java:578) [hadoop-common-3.3.4.jar:?]
	at org.apache.hadoop.ipc.ProtobufRpcEngine2$Server$ProtoBufRpcInvoker.call(ProtobufRpcEngine2.java:556) [hadoop-common-3.3.4.jar:?]
	at org.apache.hadoop.ipc.RPC$Server.call(RPC.java:1093) [hadoop-common-3.3.4.jar:?]
	at org.apache.hadoop.ipc.Server$RpcCall.run(Server.java:1043) [hadoop-common-3.3.4.jar:?]
	at org.apache.hadoop.ipc.Server$RpcCall.run(Server.java:971) [hadoop-common-3.3.4.jar:?]
	at java.security.AccessController.doPrivileged(Native Method) ~[?:1.8.0_362]
	at javax.security.auth.Subject.doAs(Subject.java:422) [?:1.8.0_362]
	at org.apache.hadoop.security.UserGroupInformation.doAs(UserGroupInformation.java:1878) [hadoop-common-3.3.4.jar:?]
	at org.apache.hadoop.ipc.Server$Handler.run(Server.java:2976) [hadoop-common-3.3.4.jar:?]
05:44:51.206 [IPC Server handler 1 on default port 39193] ERROR OMAudit - user=runner | ip=127.0.0.1 | op=GET_FILE_STATUS {volume=volume61968, bucket=bucket63791, key=gdir1/dir1, dataSize=0, replicationConfig=null} | ret=FAILURE
org.apache.hadoop.ozone.om.exceptions.OMException: Unable to get file status: volume: volume61968 bucket: bucket63791 key: gdir1/dir1
	at org.apache.hadoop.ozone.om.KeyManagerImpl.getOzoneFileStatusFSO(KeyManagerImpl.java:1320) ~[ozone-manager-1.4.0-SNAPSHOT.jar:?]
	at org.apache.hadoop.ozone.om.KeyManagerImpl.getFileStatus(KeyManagerImpl.java:1112) ~[ozone-manager-1.4.0-SNAPSHOT.jar:?]
	at org.apache.hadoop.ozone.om.OmMetadataReader.getFileStatus(OmMetadataReader.java:288) ~[ozone-manager-1.4.0-SNAPSHOT.jar:?]
	at org.apache.hadoop.ozone.om.OzoneManager.getFileStatus(OzoneManager.java:3494) ~[ozone-manager-1.4.0-SNAPSHOT.jar:?]
	at org.apache.hadoop.ozone.protocolPB.OzoneManagerRequestHandler.getOzoneFileStatus(OzoneManagerRequestHandler.java:933) ~[ozone-manager-1.4.0-SNAPSHOT.jar:?]
	at org.apache.hadoop.ozone.protocolPB.OzoneManagerRequestHandler.handleReadRequest(OzoneManagerRequestHandler.java:238) ~[ozone-manager-1.4.0-SNAPSHOT.jar:?]
	at org.apache.hadoop.ozone.protocolPB.OzoneManagerProtocolServerSideTranslatorPB.submitRequestDirectlyToOM(OzoneManagerProtocolServerSideTranslatorPB.java:272) ~[ozone-manager-1.4.0-SNAPSHOT.jar:?]
	at org.apache.hadoop.ozone.protocolPB.OzoneManagerProtocolServerSideTranslatorPB.processRequest(OzoneManagerProtocolServerSideTranslatorPB.java:173) ~[ozone-manager-1.4.0-SNAPSHOT.jar:?]
	at org.apache.hadoop.hdds.server.OzoneProtocolMessageDispatcher.processRequest(OzoneProtocolMessageDispatcher.java:87) [hdds-server-framework-1.4.0-SNAPSHOT.jar:?]
	at org.apache.hadoop.ozone.protocolPB.OzoneManagerProtocolServerSideTranslatorPB.submitRequest(OzoneManagerProtocolServerSideTranslatorPB.java:147) [ozone-manager-1.4.0-SNAPSHOT.jar:?]
	at org.apache.hadoop.ozone.protocol.proto.OzoneManagerProtocolProtos$OzoneManagerService$2.callBlockingMethod(OzoneManagerProtocolProtos.java) [ozone-interface-client-1.4.0-SNAPSHOT.jar:?]
	at org.apache.hadoop.ipc.ProtobufRpcEngine$Server.processCall(ProtobufRpcEngine.java:465) [hadoop-common-3.3.4.jar:?]
	at org.apache.hadoop.ipc.ProtobufRpcEngine2$Server$ProtoBufRpcInvoker.call(ProtobufRpcEngine2.java:578) [hadoop-common-3.3.4.jar:?]
	at org.apache.hadoop.ipc.ProtobufRpcEngine2$Server$ProtoBufRpcInvoker.call(ProtobufRpcEngine2.java:556) [hadoop-common-3.3.4.jar:?]
	at org.apache.hadoop.ipc.RPC$Server.call(RPC.java:1093) [hadoop-common-3.3.4.jar:?]
	at org.apache.hadoop.ipc.Server$RpcCall.run(Server.java:1043) [hadoop-common-3.3.4.jar:?]
	at org.apache.hadoop.ipc.Server$RpcCall.run(Server.java:971) [hadoop-common-3.3.4.jar:?]
	at java.security.AccessController.doPrivileged(Native Method) ~[?:1.8.0_362]
	at javax.security.auth.Subject.doAs(Subject.java:422) [?:1.8.0_362]
	at org.apache.hadoop.security.UserGroupInformation.doAs(UserGroupInformation.java:1878) [hadoop-common-3.3.4.jar:?]
	at org.apache.hadoop.ipc.Server$Handler.run(Server.java:2976) [hadoop-common-3.3.4.jar:?]
05:44:51.207 [IPC Server handler 4 on default port 39193] ERROR OMAudit - user=runner | ip=127.0.0.1 | op=GET_FILE_STATUS {volume=volume61968, bucket=bucket63791, key=gdir1/dir1/child, dataSize=0, replicationConfig=null} | ret=FAILURE
org.apache.hadoop.ozone.om.exceptions.OMException: Unable to get file status: volume: volume61968 bucket: bucket63791 key: gdir1/dir1/child
	at org.apache.hadoop.ozone.om.KeyManagerImpl.getOzoneFileStatusFSO(KeyManagerImpl.java:1320) ~[ozone-manager-1.4.0-SNAPSHOT.jar:?]
	at org.apache.hadoop.ozone.om.KeyManagerImpl.getFileStatus(KeyManagerImpl.java:1112) ~[ozone-manager-1.4.0-SNAPSHOT.jar:?]
	at org.apache.hadoop.ozone.om.OmMetadataReader.getFileStatus(OmMetadataReader.java:288) ~[ozone-manager-1.4.0-SNAPSHOT.jar:?]
	at org.apache.hadoop.ozone.om.OzoneManager.getFileStatus(OzoneManager.java:3494) ~[ozone-manager-1.4.0-SNAPSHOT.jar:?]
	at org.apache.hadoop.ozone.protocolPB.OzoneManagerRequestHandler.getOzoneFileStatus(OzoneManagerRequestHandler.java:933) ~[ozone-manager-1.4.0-SNAPSHOT.jar:?]
	at org.apache.hadoop.ozone.protocolPB.OzoneManagerRequestHandler.handleReadRequest(OzoneManagerRequestHandler.java:238) ~[ozone-manager-1.4.0-SNAPSHOT.jar:?]
	at org.apache.hadoop.ozone.protocolPB.OzoneManagerProtocolServerSideTranslatorPB.submitRequestDirectlyToOM(OzoneManagerProtocolServerSideTranslatorPB.java:272) ~[ozone-manager-1.4.0-SNAPSHOT.jar:?]
	at org.apache.hadoop.ozone.protocolPB.OzoneManagerProtocolServerSideTranslatorPB.processRequest(OzoneManagerProtocolServerSideTranslatorPB.java:173) ~[ozone-manager-1.4.0-SNAPSHOT.jar:?]
	at org.apache.hadoop.hdds.server.OzoneProtocolMessageDispatcher.processRequest(OzoneProtocolMessageDispatcher.java:87) [hdds-server-framework-1.4.0-SNAPSHOT.jar:?]
	at org.apache.hadoop.ozone.protocolPB.OzoneManagerProtocolServerSideTranslatorPB.submitRequest(OzoneManagerProtocolServerSideTranslatorPB.java:147) [ozone-manager-1.4.0-SNAPSHOT.jar:?]
	at org.apache.hadoop.ozone.protocol.proto.OzoneManagerProtocolProtos$OzoneManagerService$2.callBlockingMethod(OzoneManagerProtocolProtos.java) [ozone-interface-client-1.4.0-SNAPSHOT.jar:?]
	at org.apache.hadoop.ipc.ProtobufRpcEngine$Server.processCall(ProtobufRpcEngine.java:465) [hadoop-common-3.3.4.jar:?]
	at org.apache.hadoop.ipc.ProtobufRpcEngine2$Server$ProtoBufRpcInvoker.call(ProtobufRpcEngine2.java:578) [hadoop-common-3.3.4.jar:?]
	at org.apache.hadoop.ipc.ProtobufRpcEngine2$Server$ProtoBufRpcInvoker.call(ProtobufRpcEngine2.java:556) [hadoop-common-3.3.4.jar:?]
	at org.apache.hadoop.ipc.RPC$Server.call(RPC.java:1093) [hadoop-common-3.3.4.jar:?]
	at org.apache.hadoop.ipc.Server$RpcCall.run(Server.java:1043) [hadoop-common-3.3.4.jar:?]
	at org.apache.hadoop.ipc.Server$RpcCall.run(Server.java:971) [hadoop-common-3.3.4.jar:?]
	at java.security.AccessController.doPrivileged(Native Method) ~[?:1.8.0_362]
	at javax.security.auth.Subject.doAs(Subject.java:422) [?:1.8.0_362]
	at org.apache.hadoop.security.UserGroupInformation.doAs(UserGroupInformation.java:1878) [hadoop-common-3.3.4.jar:?]
	at org.apache.hadoop.ipc.Server$Handler.run(Server.java:2976) [hadoop-common-3.3.4.jar:?]
05:44:51.208 [IPC Server handler 5 on default port 39193] ERROR OMAudit - user=runner | ip=127.0.0.1 | op=GET_FILE_STATUS {volume=volume61968, bucket=bucket63791, key=gdir1/dir2, dataSize=0, replicationConfig=null} | ret=FAILURE
org.apache.hadoop.ozone.om.exceptions.OMException: Unable to get file status: volume: volume61968 bucket: bucket63791 key: gdir1/dir2
	at org.apache.hadoop.ozone.om.KeyManagerImpl.getOzoneFileStatusFSO(KeyManagerImpl.java:1320) ~[ozone-manager-1.4.0-SNAPSHOT.jar:?]
	at org.apache.hadoop.ozone.om.KeyManagerImpl.getFileStatus(KeyManagerImpl.java:1112) ~[ozone-manager-1.4.0-SNAPSHOT.jar:?]
	at org.apache.hadoop.ozone.om.OmMetadataReader.getFileStatus(OmMetadataReader.java:288) ~[ozone-manager-1.4.0-SNAPSHOT.jar:?]
	at org.apache.hadoop.ozone.om.OzoneManager.getFileStatus(OzoneManager.java:3494) ~[ozone-manager-1.4.0-SNAPSHOT.jar:?]
	at org.apache.hadoop.ozone.protocolPB.OzoneManagerRequestHandler.getOzoneFileStatus(OzoneManagerRequestHandler.java:933) ~[ozone-manager-1.4.0-SNAPSHOT.jar:?]
	at org.apache.hadoop.ozone.protocolPB.OzoneManagerRequestHandler.handleReadRequest(OzoneManagerRequestHandler.java:238) ~[ozone-manager-1.4.0-SNAPSHOT.jar:?]
	at org.apache.hadoop.ozone.protocolPB.OzoneManagerProtocolServerSideTranslatorPB.submitRequestDirectlyToOM(OzoneManagerProtocolServerSideTranslatorPB.java:272) ~[ozone-manager-1.4.0-SNAPSHOT.jar:?]
	at org.apache.hadoop.ozone.protocolPB.OzoneManagerProtocolServerSideTranslatorPB.processRequest(OzoneManagerProtocolServerSideTranslatorPB.java:173) ~[ozone-manager-1.4.0-SNAPSHOT.jar:?]
	at org.apache.hadoop.hdds.server.OzoneProtocolMessageDispatcher.processRequest(OzoneProtocolMessageDispatcher.java:87) [hdds-server-framework-1.4.0-SNAPSHOT.jar:?]
	at org.apache.hadoop.ozone.protocolPB.OzoneManagerProtocolServerSideTranslatorPB.submitRequest(OzoneManagerProtocolServerSideTranslatorPB.java:147) [ozone-manager-1.4.0-SNAPSHOT.jar:?]
	at org.apache.hadoop.ozone.protocol.proto.OzoneManagerProtocolProtos$OzoneManagerService$2.callBlockingMethod(OzoneManagerProtocolProtos.java) [ozone-interface-client-1.4.0-SNAPSHOT.jar:?]
	at org.apache.hadoop.ipc.ProtobufRpcEngine$Server.processCall(ProtobufRpcEngine.java:465) [hadoop-common-3.3.4.jar:?]
	at org.apache.hadoop.ipc.ProtobufRpcEngine2$Server$ProtoBufRpcInvoker.call(ProtobufRpcEngine2.java:578) [hadoop-common-3.3.4.jar:?]
	at org.apache.hadoop.ipc.ProtobufRpcEngine2$Server$ProtoBufRpcInvoker.call(ProtobufRpcEngine2.java:556) [hadoop-common-3.3.4.jar:?]
	at org.apache.hadoop.ipc.RPC$Server.call(RPC.java:1093) [hadoop-common-3.3.4.jar:?]
	at org.apache.hadoop.ipc.Server$RpcCall.run(Server.java:1043) [hadoop-common-3.3.4.jar:?]
	at org.apache.hadoop.ipc.Server$RpcCall.run(Server.java:971) [hadoop-common-3.3.4.jar:?]
	at java.security.AccessController.doPrivileged(Native Method) ~[?:1.8.0_362]
	at javax.security.auth.Subject.doAs(Subject.java:422) [?:1.8.0_362]
	at org.apache.hadoop.security.UserGroupInformation.doAs(UserGroupInformation.java:1878) [hadoop-common-3.3.4.jar:?]
	at org.apache.hadoop.ipc.Server$Handler.run(Server.java:2976) [hadoop-common-3.3.4.jar:?]
05:44:51.208 [IPC Server handler 6 on default port 39193] ERROR OMAudit - user=runner | ip=127.0.0.1 | op=GET_FILE_STATUS {volume=volume61968, bucket=bucket63791, key=gdir1/dir2/child, dataSize=0, replicationConfig=null} | ret=FAILURE
org.apache.hadoop.ozone.om.exceptions.OMException: Unable to get file status: volume: volume61968 bucket: bucket63791 key: gdir1/dir2/child
	at org.apache.hadoop.ozone.om.KeyManagerImpl.getOzoneFileStatusFSO(KeyManagerImpl.java:1320) ~[ozone-manager-1.4.0-SNAPSHOT.jar:?]
	at org.apache.hadoop.ozone.om.KeyManagerImpl.getFileStatus(KeyManagerImpl.java:1112) ~[ozone-manager-1.4.0-SNAPSHOT.jar:?]
	at org.apache.hadoop.ozone.om.OmMetadataReader.getFileStatus(OmMetadataReader.java:288) ~[ozone-manager-1.4.0-SNAPSHOT.jar:?]
	at org.apache.hadoop.ozone.om.OzoneManager.getFileStatus(OzoneManager.java:3494) ~[ozone-manager-1.4.0-SNAPSHOT.jar:?]
	at org.apache.hadoop.ozone.protocolPB.OzoneManagerRequestHandler.getOzoneFileStatus(OzoneManagerRequestHandler.java:933) ~[ozone-manager-1.4.0-SNAPSHOT.jar:?]
	at org.apache.hadoop.ozone.protocolPB.OzoneManagerRequestHandler.handleReadRequest(OzoneManagerRequestHandler.java:238) ~[ozone-manager-1.4.0-SNAPSHOT.jar:?]
	at org.apache.hadoop.ozone.protocolPB.OzoneManagerProtocolServerSideTranslatorPB.submitRequestDirectlyToOM(OzoneManagerProtocolServerSideTranslatorPB.java:272) ~[ozone-manager-1.4.0-SNAPSHOT.jar:?]
	at org.apache.hadoop.ozone.protocolPB.OzoneManagerProtocolServerSideTranslatorPB.processRequest(OzoneManagerProtocolServerSideTranslatorPB.java:173) ~[ozone-manager-1.4.0-SNAPSHOT.jar:?]
	at org.apache.hadoop.hdds.server.OzoneProtocolMessageDispatcher.processRequest(OzoneProtocolMessageDispatcher.java:87) [hdds-server-framework-1.4.0-SNAPSHOT.jar:?]
	at org.apache.hadoop.ozone.protocolPB.OzoneManagerProtocolServerSideTranslatorPB.submitRequest(OzoneManagerProtocolServerSideTranslatorPB.java:147) [ozone-manager-1.4.0-SNAPSHOT.jar:?]
	at org.apache.hadoop.ozone.protocol.proto.OzoneManagerProtocolProtos$OzoneManagerService$2.callBlockingMethod(OzoneManagerProtocolProtos.java) [ozone-interface-client-1.4.0-SNAPSHOT.jar:?]
	at org.apache.hadoop.ipc.ProtobufRpcEngine$Server.processCall(ProtobufRpcEngine.java:465) [hadoop-common-3.3.4.jar:?]
	at org.apache.hadoop.ipc.ProtobufRpcEngine2$Server$ProtoBufRpcInvoker.call(ProtobufRpcEngine2.java:578) [hadoop-common-3.3.4.jar:?]
	at org.apache.hadoop.ipc.ProtobufRpcEngine2$Server$ProtoBufRpcInvoker.call(ProtobufRpcEngine2.java:556) [hadoop-common-3.3.4.jar:?]
	at org.apache.hadoop.ipc.RPC$Server.call(RPC.java:1093) [hadoop-common-3.3.4.jar:?]
	at org.apache.hadoop.ipc.Server$RpcCall.run(Server.java:1043) [hadoop-common-3.3.4.jar:?]
	at org.apache.hadoop.ipc.Server$RpcCall.run(Server.java:971) [hadoop-common-3.3.4.jar:?]
	at java.security.AccessController.doPrivileged(Native Method) ~[?:1.8.0_362]
	at javax.security.auth.Subject.doAs(Subject.java:422) [?:1.8.0_362]
	at org.apache.hadoop.security.UserGroupInformation.doAs(UserGroupInformation.java:1878) [hadoop-common-3.3.4.jar:?]
	at org.apache.hadoop.ipc.Server$Handler.run(Server.java:2976) [hadoop-common-3.3.4.jar:?]
05:44:51.209 [IPC Server handler 7 on default port 39193] ERROR OMAudit - user=runner | ip=127.0.0.1 | op=GET_FILE_STATUS {volume=volume61968, bucket=bucket63791, key=gdir1/dir3, dataSize=0, replicationConfig=null} | ret=FAILURE
org.apache.hadoop.ozone.om.exceptions.OMException: Unable to get file status: volume: volume61968 bucket: bucket63791 key: gdir1/dir3
	at org.apache.hadoop.ozone.om.KeyManagerImpl.getOzoneFileStatusFSO(KeyManagerImpl.java:1320) ~[ozone-manager-1.4.0-SNAPSHOT.jar:?]
	at org.apache.hadoop.ozone.om.KeyManagerImpl.getFileStatus(KeyManagerImpl.java:1112) ~[ozone-manager-1.4.0-SNAPSHOT.jar:?]
	at org.apache.hadoop.ozone.om.OmMetadataReader.getFileStatus(OmMetadataReader.java:288) ~[ozone-manager-1.4.0-SNAPSHOT.jar:?]
	at org.apache.hadoop.ozone.om.OzoneManager.getFileStatus(OzoneManager.java:3494) ~[ozone-manager-1.4.0-SNAPSHOT.jar:?]
	at org.apache.hadoop.ozone.protocolPB.OzoneManagerRequestHandler.getOzoneFileStatus(OzoneManagerRequestHandler.java:933) ~[ozone-manager-1.4.0-SNAPSHOT.jar:?]
	at org.apache.hadoop.ozone.protocolPB.OzoneManagerRequestHandler.handleReadRequest(OzoneManagerRequestHandler.java:238) ~[ozone-manager-1.4.0-SNAPSHOT.jar:?]
	at org.apache.hadoop.ozone.protocolPB.OzoneManagerProtocolServerSideTranslatorPB.submitRequestDirectlyToOM(OzoneManagerProtocolServerSideTranslatorPB.java:272) ~[ozone-manager-1.4.0-SNAPSHOT.jar:?]
	at org.apache.hadoop.ozone.protocolPB.OzoneManagerProtocolServerSideTranslatorPB.processRequest(OzoneManagerProtocolServerSideTranslatorPB.java:173) ~[ozone-manager-1.4.0-SNAPSHOT.jar:?]
	at org.apache.hadoop.hdds.server.OzoneProtocolMessageDispatcher.processRequest(OzoneProtocolMessageDispatcher.java:87) [hdds-server-framework-1.4.0-SNAPSHOT.jar:?]
	at org.apache.hadoop.ozone.protocolPB.OzoneManagerProtocolServerSideTranslatorPB.submitRequest(OzoneManagerProtocolServerSideTranslatorPB.java:147) [ozone-manager-1.4.0-SNAPSHOT.jar:?]
	at org.apache.hadoop.ozone.protocol.proto.OzoneManagerProtocolProtos$OzoneManagerService$2.callBlockingMethod(OzoneManagerProtocolProtos.java) [ozone-interface-client-1.4.0-SNAPSHOT.jar:?]
	at org.apache.hadoop.ipc.ProtobufRpcEngine$Server.processCall(ProtobufRpcEngine.java:465) [hadoop-common-3.3.4.jar:?]
	at org.apache.hadoop.ipc.ProtobufRpcEngine2$Server$ProtoBufRpcInvoker.call(ProtobufRpcEngine2.java:578) [hadoop-common-3.3.4.jar:?]
	at org.apache.hadoop.ipc.ProtobufRpcEngine2$Server$ProtoBufRpcInvoker.call(ProtobufRpcEngine2.java:556) [hadoop-common-3.3.4.jar:?]
	at org.apache.hadoop.ipc.RPC$Server.call(RPC.java:1093) [hadoop-common-3.3.4.jar:?]
	at org.apache.hadoop.ipc.Server$RpcCall.run(Server.java:1043) [hadoop-common-3.3.4.jar:?]
	at org.apache.hadoop.ipc.Server$RpcCall.run(Server.java:971) [hadoop-common-3.3.4.jar:?]
	at java.security.AccessController.doPrivileged(Native Method) ~[?:1.8.0_362]
	at javax.security.auth.Subject.doAs(Subject.java:422) [?:1.8.0_362]
	at org.apache.hadoop.security.UserGroupInformation.doAs(UserGroupInformation.java:1878) [hadoop-common-3.3.4.jar:?]
	at org.apache.hadoop.ipc.Server$Handler.run(Server.java:2976) [hadoop-common-3.3.4.jar:?]
05:44:51.210 [IPC Server handler 8 on default port 39193] ERROR OMAudit - user=runner | ip=127.0.0.1 | op=GET_FILE_STATUS {volume=volume61968, bucket=bucket63791, key=gdir1/dir3/child, dataSize=0, replicationConfig=null} | ret=FAILURE
org.apache.hadoop.ozone.om.exceptions.OMException: Unable to get file status: volume: volume61968 bucket: bucket63791 key: gdir1/dir3/child
	at org.apache.hadoop.ozone.om.KeyManagerImpl.getOzoneFileStatusFSO(KeyManagerImpl.java:1320) ~[ozone-manager-1.4.0-SNAPSHOT.jar:?]
	at org.apache.hadoop.ozone.om.KeyManagerImpl.getFileStatus(KeyManagerImpl.java:1112) ~[ozone-manager-1.4.0-SNAPSHOT.jar:?]
	at org.apache.hadoop.ozone.om.OmMetadataReader.getFileStatus(OmMetadataReader.java:288) ~[ozone-manager-1.4.0-SNAPSHOT.jar:?]
	at org.apache.hadoop.ozone.om.OzoneManager.getFileStatus(OzoneManager.java:3494) ~[ozone-manager-1.4.0-SNAPSHOT.jar:?]
	at org.apache.hadoop.ozone.protocolPB.OzoneManagerRequestHandler.getOzoneFileStatus(OzoneManagerRequestHandler.java:933) ~[ozone-manager-1.4.0-SNAPSHOT.jar:?]
	at org.apache.hadoop.ozone.protocolPB.OzoneManagerRequestHandler.handleReadRequest(OzoneManagerRequestHandler.java:238) ~[ozone-manager-1.4.0-SNAPSHOT.jar:?]
	at org.apache.hadoop.ozone.protocolPB.OzoneManagerProtocolServerSideTranslatorPB.submitRequestDirectlyToOM(OzoneManagerProtocolServerSideTranslatorPB.java:272) ~[ozone-manager-1.4.0-SNAPSHOT.jar:?]
	at org.apache.hadoop.ozone.protocolPB.OzoneManagerProtocolServerSideTranslatorPB.processRequest(OzoneManagerProtocolServerSideTranslatorPB.java:173) ~[ozone-manager-1.4.0-SNAPSHOT.jar:?]
	at org.apache.hadoop.hdds.server.OzoneProtocolMessageDispatcher.processRequest(OzoneProtocolMessageDispatcher.java:87) [hdds-server-framework-1.4.0-SNAPSHOT.jar:?]
	at org.apache.hadoop.ozone.protocolPB.OzoneManagerProtocolServerSideTranslatorPB.submitRequest(OzoneManagerProtocolServerSideTranslatorPB.java:147) [ozone-manager-1.4.0-SNAPSHOT.jar:?]
	at org.apache.hadoop.ozone.protocol.proto.OzoneManagerProtocolProtos$OzoneManagerService$2.callBlockingMethod(OzoneManagerProtocolProtos.java) [ozone-interface-client-1.4.0-SNAPSHOT.jar:?]
	at org.apache.hadoop.ipc.ProtobufRpcEngine$Server.processCall(ProtobufRpcEngine.java:465) [hadoop-common-3.3.4.jar:?]
	at org.apache.hadoop.ipc.ProtobufRpcEngine2$Server$ProtoBufRpcInvoker.call(ProtobufRpcEngine2.java:578) [hadoop-common-3.3.4.jar:?]
	at org.apache.hadoop.ipc.ProtobufRpcEngine2$Server$ProtoBufRpcInvoker.call(ProtobufRpcEngine2.java:556) [hadoop-common-3.3.4.jar:?]
	at org.apache.hadoop.ipc.RPC$Server.call(RPC.java:1093) [hadoop-common-3.3.4.jar:?]
	at org.apache.hadoop.ipc.Server$RpcCall.run(Server.java:1043) [hadoop-common-3.3.4.jar:?]
	at org.apache.hadoop.ipc.Server$RpcCall.run(Server.java:971) [hadoop-common-3.3.4.jar:?]
	at java.security.AccessController.doPrivileged(Native Method) ~[?:1.8.0_362]
	at javax.security.auth.Subject.doAs(Subject.java:422) [?:1.8.0_362]
	at org.apache.hadoop.security.UserGroupInformation.doAs(UserGroupInformation.java:1878) [hadoop-common-3.3.4.jar:?]
	at org.apache.hadoop.ipc.Server$Handler.run(Server.java:2976) [hadoop-common-3.3.4.jar:?]
05:44:51.210 [IPC Server handler 9 on default port 39193] ERROR OMAudit - user=runner | ip=127.0.0.1 | op=GET_FILE_STATUS {volume=volume61968, bucket=bucket63791, key=gdir1/dir4, dataSize=0, replicationConfig=null} | ret=FAILURE
org.apache.hadoop.ozone.om.exceptions.OMException: Unable to get file status: volume: volume61968 bucket: bucket63791 key: gdir1/dir4
	at org.apache.hadoop.ozone.om.KeyManagerImpl.getOzoneFileStatusFSO(KeyManagerImpl.java:1320) ~[ozone-manager-1.4.0-SNAPSHOT.jar:?]
	at org.apache.hadoop.ozone.om.KeyManagerImpl.getFileStatus(KeyManagerImpl.java:1112) ~[ozone-manager-1.4.0-SNAPSHOT.jar:?]
	at org.apache.hadoop.ozone.om.OmMetadataReader.getFileStatus(OmMetadataReader.java:288) ~[ozone-manager-1.4.0-SNAPSHOT.jar:?]
	at org.apache.hadoop.ozone.om.OzoneManager.getFileStatus(OzoneManager.java:3494) ~[ozone-manager-1.4.0-SNAPSHOT.jar:?]
	at org.apache.hadoop.ozone.protocolPB.OzoneManagerRequestHandler.getOzoneFileStatus(OzoneManagerRequestHandler.java:933) ~[ozone-manager-1.4.0-SNAPSHOT.jar:?]
	at org.apache.hadoop.ozone.protocolPB.OzoneManagerRequestHandler.handleReadRequest(OzoneManagerRequestHandler.java:238) ~[ozone-manager-1.4.0-SNAPSHOT.jar:?]
	at org.apache.hadoop.ozone.protocolPB.OzoneManagerProtocolServerSideTranslatorPB.submitRequestDirectlyToOM(OzoneManagerProtocolServerSideTranslatorPB.java:272) ~[ozone-manager-1.4.0-SNAPSHOT.jar:?]
	at org.apache.hadoop.ozone.protocolPB.OzoneManagerProtocolServerSideTranslatorPB.processRequest(OzoneManagerProtocolServerSideTranslatorPB.java:173) ~[ozone-manager-1.4.0-SNAPSHOT.jar:?]
	at org.apache.hadoop.hdds.server.OzoneProtocolMessageDispatcher.processRequest(OzoneProtocolMessageDispatcher.java:87) [hdds-server-framework-1.4.0-SNAPSHOT.jar:?]
	at org.apache.hadoop.ozone.protocolPB.OzoneManagerProtocolServerSideTranslatorPB.submitRequest(OzoneManagerProtocolServerSideTranslatorPB.java:147) [ozone-manager-1.4.0-SNAPSHOT.jar:?]
	at org.apache.hadoop.ozone.protocol.proto.OzoneManagerProtocolProtos$OzoneManagerService$2.callBlockingMethod(OzoneManagerProtocolProtos.java) [ozone-interface-client-1.4.0-SNAPSHOT.jar:?]
	at org.apache.hadoop.ipc.ProtobufRpcEngine$Server.processCall(ProtobufRpcEngine.java:465) [hadoop-common-3.3.4.jar:?]
	at org.apache.hadoop.ipc.ProtobufRpcEngine2$Server$ProtoBufRpcInvoker.call(ProtobufRpcEngine2.java:578) [hadoop-common-3.3.4.jar:?]
	at org.apache.hadoop.ipc.ProtobufRpcEngine2$Server$ProtoBufRpcInvoker.call(ProtobufRpcEngine2.java:556) [hadoop-common-3.3.4.jar:?]
	at org.apache.hadoop.ipc.RPC$Server.call(RPC.java:1093) [hadoop-common-3.3.4.jar:?]
	at org.apache.hadoop.ipc.Server$RpcCall.run(Server.java:1043) [hadoop-common-3.3.4.jar:?]
	at org.apache.hadoop.ipc.Server$RpcCall.run(Server.java:971) [hadoop-common-3.3.4.jar:?]
	at java.security.AccessController.doPrivileged(Native Method) ~[?:1.8.0_362]
	at javax.security.auth.Subject.doAs(Subject.java:422) [?:1.8.0_362]
	at org.apache.hadoop.security.UserGroupInformation.doAs(UserGroupInformation.java:1878) [hadoop-common-3.3.4.jar:?]
	at org.apache.hadoop.ipc.Server$Handler.run(Server.java:2976) [hadoop-common-3.3.4.jar:?]
05:44:51.211 [IPC Server handler 10 on default port 39193] ERROR OMAudit - user=runner | ip=127.0.0.1 | op=GET_FILE_STATUS {volume=volume61968, bucket=bucket63791, key=gdir1/dir4/child, dataSize=0, replicationConfig=null} | ret=FAILURE
org.apache.hadoop.ozone.om.exceptions.OMException: Unable to get file status: volume: volume61968 bucket: bucket63791 key: gdir1/dir4/child
	at org.apache.hadoop.ozone.om.KeyManagerImpl.getOzoneFileStatusFSO(KeyManagerImpl.java:1320) ~[ozone-manager-1.4.0-SNAPSHOT.jar:?]
	at org.apache.hadoop.ozone.om.KeyManagerImpl.getFileStatus(KeyManagerImpl.java:1112) ~[ozone-manager-1.4.0-SNAPSHOT.jar:?]
	at org.apache.hadoop.ozone.om.OmMetadataReader.getFileStatus(OmMetadataReader.java:288) ~[ozone-manager-1.4.0-SNAPSHOT.jar:?]
	at org.apache.hadoop.ozone.om.OzoneManager.getFileStatus(OzoneManager.java:3494) ~[ozone-manager-1.4.0-SNAPSHOT.jar:?]
	at org.apache.hadoop.ozone.protocolPB.OzoneManagerRequestHandler.getOzoneFileStatus(OzoneManagerRequestHandler.java:933) ~[ozone-manager-1.4.0-SNAPSHOT.jar:?]
	at org.apache.hadoop.ozone.protocolPB.OzoneManagerRequestHandler.handleReadRequest(OzoneManagerRequestHandler.java:238) ~[ozone-manager-1.4.0-SNAPSHOT.jar:?]
	at org.apache.hadoop.ozone.protocolPB.OzoneManagerProtocolServerSideTranslatorPB.submitRequestDirectlyToOM(OzoneManagerProtocolServerSideTranslatorPB.java:272) ~[ozone-manager-1.4.0-SNAPSHOT.jar:?]
	at org.apache.hadoop.ozone.protocolPB.OzoneManagerProtocolServerSideTranslatorPB.processRequest(OzoneManagerProtocolServerSideTranslatorPB.java:173) ~[ozone-manager-1.4.0-SNAPSHOT.jar:?]
	at org.apache.hadoop.hdds.server.OzoneProtocolMessageDispatcher.processRequest(OzoneProtocolMessageDispatcher.java:87) [hdds-server-framework-1.4.0-SNAPSHOT.jar:?]
	at org.apache.hadoop.ozone.protocolPB.OzoneManagerProtocolServerSideTranslatorPB.submitRequest(OzoneManagerProtocolServerSideTranslatorPB.java:147) [ozone-manager-1.4.0-SNAPSHOT.jar:?]
	at org.apache.hadoop.ozone.protocol.proto.OzoneManagerProtocolProtos$OzoneManagerService$2.callBlockingMethod(OzoneManagerProtocolProtos.java) [ozone-interface-client-1.4.0-SNAPSHOT.jar:?]
	at org.apache.hadoop.ipc.ProtobufRpcEngine$Server.processCall(ProtobufRpcEngine.java:465) [hadoop-common-3.3.4.jar:?]
	at org.apache.hadoop.ipc.ProtobufRpcEngine2$Server$ProtoBufRpcInvoker.call(ProtobufRpcEngine2.java:578) [hadoop-common-3.3.4.jar:?]
	at org.apache.hadoop.ipc.ProtobufRpcEngine2$Server$ProtoBufRpcInvoker.call(ProtobufRpcEngine2.java:556) [hadoop-common-3.3.4.jar:?]
	at org.apache.hadoop.ipc.RPC$Server.call(RPC.java:1093) [hadoop-common-3.3.4.jar:?]
	at org.apache.hadoop.ipc.Server$RpcCall.run(Server.java:1043) [hadoop-common-3.3.4.jar:?]
	at org.apache.hadoop.ipc.Server$RpcCall.run(Server.java:971) [hadoop-common-3.3.4.jar:?]
	at java.security.AccessController.doPrivileged(Native Method) ~[?:1.8.0_362]
	at javax.security.auth.Subject.doAs(Subject.java:422) [?:1.8.0_362]
	at org.apache.hadoop.security.UserGroupInformation.doAs(UserGroupInformation.java:1878) [hadoop-common-3.3.4.jar:?]
	at org.apache.hadoop.ipc.Server$Handler.run(Server.java:2976) [hadoop-common-3.3.4.jar:?]
05:44:51.212 [IPC Server handler 11 on default port 39193] ERROR OMAudit - user=runner | ip=127.0.0.1 | op=GET_FILE_STATUS {volume=volume61968, bucket=bucket63791, key=gdir1/dir5, dataSize=0, replicationConfig=null} | ret=FAILURE
org.apache.hadoop.ozone.om.exceptions.OMException: Unable to get file status: volume: volume61968 bucket: bucket63791 key: gdir1/dir5
	at org.apache.hadoop.ozone.om.KeyManagerImpl.getOzoneFileStatusFSO(KeyManagerImpl.java:1320) ~[ozone-manager-1.4.0-SNAPSHOT.jar:?]
	at org.apache.hadoop.ozone.om.KeyManagerImpl.getFileStatus(KeyManagerImpl.java:1112) ~[ozone-manager-1.4.0-SNAPSHOT.jar:?]
	at org.apache.hadoop.ozone.om.OmMetadataReader.getFileStatus(OmMetadataReader.java:288) ~[ozone-manager-1.4.0-SNAPSHOT.jar:?]
	at org.apache.hadoop.ozone.om.OzoneManager.getFileStatus(OzoneManager.java:3494) ~[ozone-manager-1.4.0-SNAPSHOT.jar:?]
	at org.apache.hadoop.ozone.protocolPB.OzoneManagerRequestHandler.getOzoneFileStatus(OzoneManagerRequestHandler.java:933) ~[ozone-manager-1.4.0-SNAPSHOT.jar:?]
	at org.apache.hadoop.ozone.protocolPB.OzoneManagerRequestHandler.handleReadRequest(OzoneManagerRequestHandler.java:238) ~[ozone-manager-1.4.0-SNAPSHOT.jar:?]
	at org.apache.hadoop.ozone.protocolPB.OzoneManagerProtocolServerSideTranslatorPB.submitRequestDirectlyToOM(OzoneManagerProtocolServerSideTranslatorPB.java:272) ~[ozone-manager-1.4.0-SNAPSHOT.jar:?]
	at org.apache.hadoop.ozone.protocolPB.OzoneManagerProtocolServerSideTranslatorPB.processRequest(OzoneManagerProtocolServerSideTranslatorPB.java:173) ~[ozone-manager-1.4.0-SNAPSHOT.jar:?]
	at org.apache.hadoop.hdds.server.OzoneProtocolMessageDispatcher.processRequest(OzoneProtocolMessageDispatcher.java:87) [hdds-server-framework-1.4.0-SNAPSHOT.jar:?]
	at org.apache.hadoop.ozone.protocolPB.OzoneManagerProtocolServerSideTranslatorPB.submitRequest(OzoneManagerProtocolServerSideTranslatorPB.java:147) [ozone-manager-1.4.0-SNAPSHOT.jar:?]
	at org.apache.hadoop.ozone.protocol.proto.OzoneManagerProtocolProtos$OzoneManagerService$2.callBlockingMethod(OzoneManagerProtocolProtos.java) [ozone-interface-client-1.4.0-SNAPSHOT.jar:?]
	at org.apache.hadoop.ipc.ProtobufRpcEngine$Server.processCall(ProtobufRpcEngine.java:465) [hadoop-common-3.3.4.jar:?]
	at org.apache.hadoop.ipc.ProtobufRpcEngine2$Server$ProtoBufRpcInvoker.call(ProtobufRpcEngine2.java:578) [hadoop-common-3.3.4.jar:?]
	at org.apache.hadoop.ipc.ProtobufRpcEngine2$Server$ProtoBufRpcInvoker.call(ProtobufRpcEngine2.java:556) [hadoop-common-3.3.4.jar:?]
	at org.apache.hadoop.ipc.RPC$Server.call(RPC.java:1093) [hadoop-common-3.3.4.jar:?]
	at org.apache.hadoop.ipc.Server$RpcCall.run(Server.java:1043) [hadoop-common-3.3.4.jar:?]
	at org.apache.hadoop.ipc.Server$RpcCall.run(Server.java:971) [hadoop-common-3.3.4.jar:?]
	at java.security.AccessController.doPrivileged(Native Method) ~[?:1.8.0_362]
	at javax.security.auth.Subject.doAs(Subject.java:422) [?:1.8.0_362]
	at org.apache.hadoop.security.UserGroupInformation.doAs(UserGroupInformation.java:1878) [hadoop-common-3.3.4.jar:?]
	at org.apache.hadoop.ipc.Server$Handler.run(Server.java:2976) [hadoop-common-3.3.4.jar:?]
05:44:51.212 [IPC Server handler 12 on default port 39193] ERROR OMAudit - user=runner | ip=127.0.0.1 | op=GET_FILE_STATUS {volume=volume61968, bucket=bucket63791, key=gdir1/dir5/child, dataSize=0, replicationConfig=null} | ret=FAILURE
org.apache.hadoop.ozone.om.exceptions.OMException: Unable to get file status: volume: volume61968 bucket: bucket63791 key: gdir1/dir5/child
	at org.apache.hadoop.ozone.om.KeyManagerImpl.getOzoneFileStatusFSO(KeyManagerImpl.java:1320) ~[ozone-manager-1.4.0-SNAPSHOT.jar:?]
	at org.apache.hadoop.ozone.om.KeyManagerImpl.getFileStatus(KeyManagerImpl.java:1112) ~[ozone-manager-1.4.0-SNAPSHOT.jar:?]
	at org.apache.hadoop.ozone.om.OmMetadataReader.getFileStatus(OmMetadataReader.java:288) ~[ozone-manager-1.4.0-SNAPSHOT.jar:?]
	at org.apache.hadoop.ozone.om.OzoneManager.getFileStatus(OzoneManager.java:3494) ~[ozone-manager-1.4.0-SNAPSHOT.jar:?]
	at org.apache.hadoop.ozone.protocolPB.OzoneManagerRequestHandler.getOzoneFileStatus(OzoneManagerRequestHandler.java:933) ~[ozone-manager-1.4.0-SNAPSHOT.jar:?]
	at org.apache.hadoop.ozone.protocolPB.OzoneManagerRequestHandler.handleReadRequest(OzoneManagerRequestHandler.java:238) ~[ozone-manager-1.4.0-SNAPSHOT.jar:?]
	at org.apache.hadoop.ozone.protocolPB.OzoneManagerProtocolServerSideTranslatorPB.submitRequestDirectlyToOM(OzoneManagerProtocolServerSideTranslatorPB.java:272) ~[ozone-manager-1.4.0-SNAPSHOT.jar:?]
	at org.apache.hadoop.ozone.protocolPB.OzoneManagerProtocolServerSideTranslatorPB.processRequest(OzoneManagerProtocolServerSideTranslatorPB.java:173) ~[ozone-manager-1.4.0-SNAPSHOT.jar:?]
	at org.apache.hadoop.hdds.server.OzoneProtocolMessageDispatcher.processRequest(OzoneProtocolMessageDispatcher.java:87) [hdds-server-framework-1.4.0-SNAPSHOT.jar:?]
	at org.apache.hadoop.ozone.protocolPB.OzoneManagerProtocolServerSideTranslatorPB.submitRequest(OzoneManagerProtocolServerSideTranslatorPB.java:147) [ozone-manager-1.4.0-SNAPSHOT.jar:?]
	at org.apache.hadoop.ozone.protocol.proto.OzoneManagerProtocolProtos$OzoneManagerService$2.callBlockingMethod(OzoneManagerProtocolProtos.java) [ozone-interface-client-1.4.0-SNAPSHOT.jar:?]
	at org.apache.hadoop.ipc.ProtobufRpcEngine$Server.processCall(ProtobufRpcEngine.java:465) [hadoop-common-3.3.4.jar:?]
	at org.apache.hadoop.ipc.ProtobufRpcEngine2$Server$ProtoBufRpcInvoker.call(ProtobufRpcEngine2.java:578) [hadoop-common-3.3.4.jar:?]
	at org.apache.hadoop.ipc.ProtobufRpcEngine2$Server$ProtoBufRpcInvoker.call(ProtobufRpcEngine2.java:556) [hadoop-common-3.3.4.jar:?]
	at org.apache.hadoop.ipc.RPC$Server.call(RPC.java:1093) [hadoop-common-3.3.4.jar:?]
	at org.apache.hadoop.ipc.Server$RpcCall.run(Server.java:1043) [hadoop-common-3.3.4.jar:?]
	at org.apache.hadoop.ipc.Server$RpcCall.run(Server.java:971) [hadoop-common-3.3.4.jar:?]
	at java.security.AccessController.doPrivileged(Native Method) ~[?:1.8.0_362]
	at javax.security.auth.Subject.doAs(Subject.java:422) [?:1.8.0_362]
	at org.apache.hadoop.security.UserGroupInformation.doAs(UserGroupInformation.java:1878) [hadoop-common-3.3.4.jar:?]
	at org.apache.hadoop.ipc.Server$Handler.run(Server.java:2976) [hadoop-common-3.3.4.jar:?]
05:44:51.213 [IPC Server handler 13 on default port 39193] ERROR OMAudit - user=runner | ip=127.0.0.1 | op=GET_FILE_STATUS {volume=volume61968, bucket=bucket63791, key=gdir1/dir6, dataSize=0, replicationConfig=null} | ret=FAILURE
org.apache.hadoop.ozone.om.exceptions.OMException: Unable to get file status: volume: volume61968 bucket: bucket63791 key: gdir1/dir6
	at org.apache.hadoop.ozone.om.KeyManagerImpl.getOzoneFileStatusFSO(KeyManagerImpl.java:1320) ~[ozone-manager-1.4.0-SNAPSHOT.jar:?]
	at org.apache.hadoop.ozone.om.KeyManagerImpl.getFileStatus(KeyManagerImpl.java:1112) ~[ozone-manager-1.4.0-SNAPSHOT.jar:?]
	at org.apache.hadoop.ozone.om.OmMetadataReader.getFileStatus(OmMetadataReader.java:288) ~[ozone-manager-1.4.0-SNAPSHOT.jar:?]
	at org.apache.hadoop.ozone.om.OzoneManager.getFileStatus(OzoneManager.java:3494) ~[ozone-manager-1.4.0-SNAPSHOT.jar:?]
	at org.apache.hadoop.ozone.protocolPB.OzoneManagerRequestHandler.getOzoneFileStatus(OzoneManagerRequestHandler.java:933) ~[ozone-manager-1.4.0-SNAPSHOT.jar:?]
	at org.apache.hadoop.ozone.protocolPB.OzoneManagerRequestHandler.handleReadRequest(OzoneManagerRequestHandler.java:238) ~[ozone-manager-1.4.0-SNAPSHOT.jar:?]
	at org.apache.hadoop.ozone.protocolPB.OzoneManagerProtocolServerSideTranslatorPB.submitRequestDirectlyToOM(OzoneManagerProtocolServerSideTranslatorPB.java:272) ~[ozone-manager-1.4.0-SNAPSHOT.jar:?]
	at org.apache.hadoop.ozone.protocolPB.OzoneManagerProtocolServerSideTranslatorPB.processRequest(OzoneManagerProtocolServerSideTranslatorPB.java:173) ~[ozone-manager-1.4.0-SNAPSHOT.jar:?]
	at org.apache.hadoop.hdds.server.OzoneProtocolMessageDispatcher.processRequest(OzoneProtocolMessageDispatcher.java:87) [hdds-server-framework-1.4.0-SNAPSHOT.jar:?]
	at org.apache.hadoop.ozone.protocolPB.OzoneManagerProtocolServerSideTranslatorPB.submitRequest(OzoneManagerProtocolServerSideTranslatorPB.java:147) [ozone-manager-1.4.0-SNAPSHOT.jar:?]
	at org.apache.hadoop.ozone.protocol.proto.OzoneManagerProtocolProtos$OzoneManagerService$2.callBlockingMethod(OzoneManagerProtocolProtos.java) [ozone-interface-client-1.4.0-SNAPSHOT.jar:?]
	at org.apache.hadoop.ipc.ProtobufRpcEngine$Server.processCall(ProtobufRpcEngine.java:465) [hadoop-common-3.3.4.jar:?]
	at org.apache.hadoop.ipc.ProtobufRpcEngine2$Server$ProtoBufRpcInvoker.call(ProtobufRpcEngine2.java:578) [hadoop-common-3.3.4.jar:?]
	at org.apache.hadoop.ipc.ProtobufRpcEngine2$Server$ProtoBufRpcInvoker.call(ProtobufRpcEngine2.java:556) [hadoop-common-3.3.4.jar:?]
	at org.apache.hadoop.ipc.RPC$Server.call(RPC.java:1093) [hadoop-common-3.3.4.jar:?]
	at org.apache.hadoop.ipc.Server$RpcCall.run(Server.java:1043) [hadoop-common-3.3.4.jar:?]
	at org.apache.hadoop.ipc.Server$RpcCall.run(Server.java:971) [hadoop-common-3.3.4.jar:?]
	at java.security.AccessController.doPrivileged(Native Method) ~[?:1.8.0_362]
	at javax.security.auth.Subject.doAs(Subject.java:422) [?:1.8.0_362]
	at org.apache.hadoop.security.UserGroupInformation.doAs(UserGroupInformation.java:1878) [hadoop-common-3.3.4.jar:?]
	at org.apache.hadoop.ipc.Server$Handler.run(Server.java:2976) [hadoop-common-3.3.4.jar:?]
05:44:51.214 [IPC Server handler 14 on default port 39193] ERROR OMAudit - user=runner | ip=127.0.0.1 | op=GET_FILE_STATUS {volume=volume61968, bucket=bucket63791, key=gdir1/dir6/child, dataSize=0, replicationConfig=null} | ret=FAILURE
org.apache.hadoop.ozone.om.exceptions.OMException: Unable to get file status: volume: volume61968 bucket: bucket63791 key: gdir1/dir6/child
	at org.apache.hadoop.ozone.om.KeyManagerImpl.getOzoneFileStatusFSO(KeyManagerImpl.java:1320) ~[ozone-manager-1.4.0-SNAPSHOT.jar:?]
	at org.apache.hadoop.ozone.om.KeyManagerImpl.getFileStatus(KeyManagerImpl.java:1112) ~[ozone-manager-1.4.0-SNAPSHOT.jar:?]
	at org.apache.hadoop.ozone.om.OmMetadataReader.getFileStatus(OmMetadataReader.java:288) ~[ozone-manager-1.4.0-SNAPSHOT.jar:?]
	at org.apache.hadoop.ozone.om.OzoneManager.getFileStatus(OzoneManager.java:3494) ~[ozone-manager-1.4.0-SNAPSHOT.jar:?]
	at org.apache.hadoop.ozone.protocolPB.OzoneManagerRequestHandler.getOzoneFileStatus(OzoneManagerRequestHandler.java:933) ~[ozone-manager-1.4.0-SNAPSHOT.jar:?]
	at org.apache.hadoop.ozone.protocolPB.OzoneManagerRequestHandler.handleReadRequest(OzoneManagerRequestHandler.java:238) ~[ozone-manager-1.4.0-SNAPSHOT.jar:?]
	at org.apache.hadoop.ozone.protocolPB.OzoneManagerProtocolServerSideTranslatorPB.submitRequestDirectlyToOM(OzoneManagerProtocolServerSideTranslatorPB.java:272) ~[ozone-manager-1.4.0-SNAPSHOT.jar:?]
	at org.apache.hadoop.ozone.protocolPB.OzoneManagerProtocolServerSideTranslatorPB.processRequest(OzoneManagerProtocolServerSideTranslatorPB.java:173) ~[ozone-manager-1.4.0-SNAPSHOT.jar:?]
	at org.apache.hadoop.hdds.server.OzoneProtocolMessageDispatcher.processRequest(OzoneProtocolMessageDispatcher.java:87) [hdds-server-framework-1.4.0-SNAPSHOT.jar:?]
	at org.apache.hadoop.ozone.protocolPB.OzoneManagerProtocolServerSideTranslatorPB.submitRequest(OzoneManagerProtocolServerSideTranslatorPB.java:147) [ozone-manager-1.4.0-SNAPSHOT.jar:?]
	at org.apache.hadoop.ozone.protocol.proto.OzoneManagerProtocolProtos$OzoneManagerService$2.callBlockingMethod(OzoneManagerProtocolProtos.java) [ozone-interface-client-1.4.0-SNAPSHOT.jar:?]
	at org.apache.hadoop.ipc.ProtobufRpcEngine$Server.processCall(ProtobufRpcEngine.java:465) [hadoop-common-3.3.4.jar:?]
	at org.apache.hadoop.ipc.ProtobufRpcEngine2$Server$ProtoBufRpcInvoker.call(ProtobufRpcEngine2.java:578) [hadoop-common-3.3.4.jar:?]
	at org.apache.hadoop.ipc.ProtobufRpcEngine2$Server$ProtoBufRpcInvoker.call(ProtobufRpcEngine2.java:556) [hadoop-common-3.3.4.jar:?]
	at org.apache.hadoop.ipc.RPC$Server.call(RPC.java:1093) [hadoop-common-3.3.4.jar:?]
	at org.apache.hadoop.ipc.Server$RpcCall.run(Server.java:1043) [hadoop-common-3.3.4.jar:?]
	at org.apache.hadoop.ipc.Server$RpcCall.run(Server.java:971) [hadoop-common-3.3.4.jar:?]
	at java.security.AccessController.doPrivileged(Native Method) ~[?:1.8.0_362]
	at javax.security.auth.Subject.doAs(Subject.java:422) [?:1.8.0_362]
	at org.apache.hadoop.security.UserGroupInformation.doAs(UserGroupInformation.java:1878) [hadoop-common-3.3.4.jar:?]
	at org.apache.hadoop.ipc.Server$Handler.run(Server.java:2976) [hadoop-common-3.3.4.jar:?]
05:44:51.214 [IPC Server handler 15 on default port 39193] ERROR OMAudit - user=runner | ip=127.0.0.1 | op=GET_FILE_STATUS {volume=volume61968, bucket=bucket63791, key=gdir1/dir7, dataSize=0, replicationConfig=null} | ret=FAILURE
org.apache.hadoop.ozone.om.exceptions.OMException: Unable to get file status: volume: volume61968 bucket: bucket63791 key: gdir1/dir7
	at org.apache.hadoop.ozone.om.KeyManagerImpl.getOzoneFileStatusFSO(KeyManagerImpl.java:1320) ~[ozone-manager-1.4.0-SNAPSHOT.jar:?]
	at org.apache.hadoop.ozone.om.KeyManagerImpl.getFileStatus(KeyManagerImpl.java:1112) ~[ozone-manager-1.4.0-SNAPSHOT.jar:?]
	at org.apache.hadoop.ozone.om.OmMetadataReader.getFileStatus(OmMetadataReader.java:288) ~[ozone-manager-1.4.0-SNAPSHOT.jar:?]
	at org.apache.hadoop.ozone.om.OzoneManager.getFileStatus(OzoneManager.java:3494) ~[ozone-manager-1.4.0-SNAPSHOT.jar:?]
	at org.apache.hadoop.ozone.protocolPB.OzoneManagerRequestHandler.getOzoneFileStatus(OzoneManagerRequestHandler.java:933) ~[ozone-manager-1.4.0-SNAPSHOT.jar:?]
	at org.apache.hadoop.ozone.protocolPB.OzoneManagerRequestHandler.handleReadRequest(OzoneManagerRequestHandler.java:238) ~[ozone-manager-1.4.0-SNAPSHOT.jar:?]
	at org.apache.hadoop.ozone.protocolPB.OzoneManagerProtocolServerSideTranslatorPB.submitRequestDirectlyToOM(OzoneManagerProtocolServerSideTranslatorPB.java:272) ~[ozone-manager-1.4.0-SNAPSHOT.jar:?]
	at org.apache.hadoop.ozone.protocolPB.OzoneManagerProtocolServerSideTranslatorPB.processRequest(OzoneManagerProtocolServerSideTranslatorPB.java:173) ~[ozone-manager-1.4.0-SNAPSHOT.jar:?]
	at org.apache.hadoop.hdds.server.OzoneProtocolMessageDispatcher.processRequest(OzoneProtocolMessageDispatcher.java:87) [hdds-server-framework-1.4.0-SNAPSHOT.jar:?]
	at org.apache.hadoop.ozone.protocolPB.OzoneManagerProtocolServerSideTranslatorPB.submitRequest(OzoneManagerProtocolServerSideTranslatorPB.java:147) [ozone-manager-1.4.0-SNAPSHOT.jar:?]
	at org.apache.hadoop.ozone.protocol.proto.OzoneManagerProtocolProtos$OzoneManagerService$2.callBlockingMethod(OzoneManagerProtocolProtos.java) [ozone-interface-client-1.4.0-SNAPSHOT.jar:?]
	at org.apache.hadoop.ipc.ProtobufRpcEngine$Server.processCall(ProtobufRpcEngine.java:465) [hadoop-common-3.3.4.jar:?]
	at org.apache.hadoop.ipc.ProtobufRpcEngine2$Server$ProtoBufRpcInvoker.call(ProtobufRpcEngine2.java:578) [hadoop-common-3.3.4.jar:?]
	at org.apache.hadoop.ipc.ProtobufRpcEngine2$Server$ProtoBufRpcInvoker.call(ProtobufRpcEngine2.java:556) [hadoop-common-3.3.4.jar:?]
	at org.apache.hadoop.ipc.RPC$Server.call(RPC.java:1093) [hadoop-common-3.3.4.jar:?]
	at org.apache.hadoop.ipc.Server$RpcCall.run(Server.java:1043) [hadoop-common-3.3.4.jar:?]
	at org.apache.hadoop.ipc.Server$RpcCall.run(Server.java:971) [hadoop-common-3.3.4.jar:?]
	at java.security.AccessController.doPrivileged(Native Method) ~[?:1.8.0_362]
	at javax.security.auth.Subject.doAs(Subject.java:422) [?:1.8.0_362]
	at org.apache.hadoop.security.UserGroupInformation.doAs(UserGroupInformation.java:1878) [hadoop-common-3.3.4.jar:?]
	at org.apache.hadoop.ipc.Server$Handler.run(Server.java:2976) [hadoop-common-3.3.4.jar:?]
05:44:51.215 [IPC Server handler 17 on default port 39193] ERROR OMAudit - user=runner | ip=127.0.0.1 | op=GET_FILE_STATUS {volume=volume61968, bucket=bucket63791, key=gdir1/dir7/child, dataSize=0, replicationConfig=null} | ret=FAILURE
org.apache.hadoop.ozone.om.exceptions.OMException: Unable to get file status: volume: volume61968 bucket: bucket63791 key: gdir1/dir7/child
	at org.apache.hadoop.ozone.om.KeyManagerImpl.getOzoneFileStatusFSO(KeyManagerImpl.java:1320) ~[ozone-manager-1.4.0-SNAPSHOT.jar:?]
	at org.apache.hadoop.ozone.om.KeyManagerImpl.getFileStatus(KeyManagerImpl.java:1112) ~[ozone-manager-1.4.0-SNAPSHOT.jar:?]
	at org.apache.hadoop.ozone.om.OmMetadataReader.getFileStatus(OmMetadataReader.java:288) ~[ozone-manager-1.4.0-SNAPSHOT.jar:?]
	at org.apache.hadoop.ozone.om.OzoneManager.getFileStatus(OzoneManager.java:3494) ~[ozone-manager-1.4.0-SNAPSHOT.jar:?]
	at org.apache.hadoop.ozone.protocolPB.OzoneManagerRequestHandler.getOzoneFileStatus(OzoneManagerRequestHandler.java:933) ~[ozone-manager-1.4.0-SNAPSHOT.jar:?]
	at org.apache.hadoop.ozone.protocolPB.OzoneManagerRequestHandler.handleReadRequest(OzoneManagerRequestHandler.java:238) ~[ozone-manager-1.4.0-SNAPSHOT.jar:?]
	at org.apache.hadoop.ozone.protocolPB.OzoneManagerProtocolServerSideTranslatorPB.submitRequestDirectlyToOM(OzoneManagerProtocolServerSideTranslatorPB.java:272) ~[ozone-manager-1.4.0-SNAPSHOT.jar:?]
	at org.apache.hadoop.ozone.protocolPB.OzoneManagerProtocolServerSideTranslatorPB.processRequest(OzoneManagerProtocolServerSideTranslatorPB.java:173) ~[ozone-manager-1.4.0-SNAPSHOT.jar:?]
	at org.apache.hadoop.hdds.server.OzoneProtocolMessageDispatcher.processRequest(OzoneProtocolMessageDispatcher.java:87) [hdds-server-framework-1.4.0-SNAPSHOT.jar:?]
	at org.apache.hadoop.ozone.protocolPB.OzoneManagerProtocolServerSideTranslatorPB.submitRequest(OzoneManagerProtocolServerSideTranslatorPB.java:147) [ozone-manager-1.4.0-SNAPSHOT.jar:?]
	at org.apache.hadoop.ozone.protocol.proto.OzoneManagerProtocolProtos$OzoneManagerService$2.callBlockingMethod(OzoneManagerProtocolProtos.java) [ozone-interface-client-1.4.0-SNAPSHOT.jar:?]
	at org.apache.hadoop.ipc.ProtobufRpcEngine$Server.processCall(ProtobufRpcEngine.java:465) [hadoop-common-3.3.4.jar:?]
	at org.apache.hadoop.ipc.ProtobufRpcEngine2$Server$ProtoBufRpcInvoker.call(ProtobufRpcEngine2.java:578) [hadoop-common-3.3.4.jar:?]
	at org.apache.hadoop.ipc.ProtobufRpcEngine2$Server$ProtoBufRpcInvoker.call(ProtobufRpcEngine2.java:556) [hadoop-common-3.3.4.jar:?]
	at org.apache.hadoop.ipc.RPC$Server.call(RPC.java:1093) [hadoop-common-3.3.4.jar:?]
	at org.apache.hadoop.ipc.Server$RpcCall.run(Server.java:1043) [hadoop-common-3.3.4.jar:?]
	at org.apache.hadoop.ipc.Server$RpcCall.run(Server.java:971) [hadoop-common-3.3.4.jar:?]
	at java.security.AccessController.doPrivileged(Native Method) ~[?:1.8.0_362]
	at javax.security.auth.Subject.doAs(Subject.java:422) [?:1.8.0_362]
	at org.apache.hadoop.security.UserGroupInformation.doAs(UserGroupInformation.java:1878) [hadoop-common-3.3.4.jar:?]
	at org.apache.hadoop.ipc.Server$Handler.run(Server.java:2976) [hadoop-common-3.3.4.jar:?]
05:44:51.216 [IPC Server handler 16 on default port 39193] ERROR OMAudit - user=runner | ip=127.0.0.1 | op=GET_FILE_STATUS {volume=volume61968, bucket=bucket63791, key=gdir1/dir8, dataSize=0, replicationConfig=null} | ret=FAILURE
org.apache.hadoop.ozone.om.exceptions.OMException: Unable to get file status: volume: volume61968 bucket: bucket63791 key: gdir1/dir8
	at org.apache.hadoop.ozone.om.KeyManagerImpl.getOzoneFileStatusFSO(KeyManagerImpl.java:1320) ~[ozone-manager-1.4.0-SNAPSHOT.jar:?]
	at org.apache.hadoop.ozone.om.KeyManagerImpl.getFileStatus(KeyManagerImpl.java:1112) ~[ozone-manager-1.4.0-SNAPSHOT.jar:?]
	at org.apache.hadoop.ozone.om.OmMetadataReader.getFileStatus(OmMetadataReader.java:288) ~[ozone-manager-1.4.0-SNAPSHOT.jar:?]
	at org.apache.hadoop.ozone.om.OzoneManager.getFileStatus(OzoneManager.java:3494) ~[ozone-manager-1.4.0-SNAPSHOT.jar:?]
	at org.apache.hadoop.ozone.protocolPB.OzoneManagerRequestHandler.getOzoneFileStatus(OzoneManagerRequestHandler.java:933) ~[ozone-manager-1.4.0-SNAPSHOT.jar:?]
	at org.apache.hadoop.ozone.protocolPB.OzoneManagerRequestHandler.handleReadRequest(OzoneManagerRequestHandler.java:238) ~[ozone-manager-1.4.0-SNAPSHOT.jar:?]
	at org.apache.hadoop.ozone.protocolPB.OzoneManagerProtocolServerSideTranslatorPB.submitRequestDirectlyToOM(OzoneManagerProtocolServerSideTranslatorPB.java:272) ~[ozone-manager-1.4.0-SNAPSHOT.jar:?]
	at org.apache.hadoop.ozone.protocolPB.OzoneManagerProtocolServerSideTranslatorPB.processRequest(OzoneManagerProtocolServerSideTranslatorPB.java:173) ~[ozone-manager-1.4.0-SNAPSHOT.jar:?]
	at org.apache.hadoop.hdds.server.OzoneProtocolMessageDispatcher.processRequest(OzoneProtocolMessageDispatcher.java:87) [hdds-server-framework-1.4.0-SNAPSHOT.jar:?]
	at org.apache.hadoop.ozone.protocolPB.OzoneManagerProtocolServerSideTranslatorPB.submitRequest(OzoneManagerProtocolServerSideTranslatorPB.java:147) [ozone-manager-1.4.0-SNAPSHOT.jar:?]
	at org.apache.hadoop.ozone.protocol.proto.OzoneManagerProtocolProtos$OzoneManagerService$2.callBlockingMethod(OzoneManagerProtocolProtos.java) [ozone-interface-client-1.4.0-SNAPSHOT.jar:?]
	at org.apache.hadoop.ipc.ProtobufRpcEngine$Server.processCall(ProtobufRpcEngine.java:465) [hadoop-common-3.3.4.jar:?]
	at org.apache.hadoop.ipc.ProtobufRpcEngine2$Server$ProtoBufRpcInvoker.call(ProtobufRpcEngine2.java:578) [hadoop-common-3.3.4.jar:?]
	at org.apache.hadoop.ipc.ProtobufRpcEngine2$Server$ProtoBufRpcInvoker.call(ProtobufRpcEngine2.java:556) [hadoop-common-3.3.4.jar:?]
	at org.apache.hadoop.ipc.RPC$Server.call(RPC.java:1093) [hadoop-common-3.3.4.jar:?]
	at org.apache.hadoop.ipc.Server$RpcCall.run(Server.java:1043) [hadoop-common-3.3.4.jar:?]
	at org.apache.hadoop.ipc.Server$RpcCall.run(Server.java:971) [hadoop-common-3.3.4.jar:?]
	at java.security.AccessController.doPrivileged(Native Method) ~[?:1.8.0_362]
	at javax.security.auth.Subject.doAs(Subject.java:422) [?:1.8.0_362]
	at org.apache.hadoop.security.UserGroupInformation.doAs(UserGroupInformation.java:1878) [hadoop-common-3.3.4.jar:?]
	at org.apache.hadoop.ipc.Server$Handler.run(Server.java:2976) [hadoop-common-3.3.4.jar:?]
05:44:51.216 [IPC Server handler 18 on default port 39193] ERROR OMAudit - user=runner | ip=127.0.0.1 | op=GET_FILE_STATUS {volume=volume61968, bucket=bucket63791, key=gdir1/dir8/child, dataSize=0, replicationConfig=null} | ret=FAILURE
org.apache.hadoop.ozone.om.exceptions.OMException: Unable to get file status: volume: volume61968 bucket: bucket63791 key: gdir1/dir8/child
	at org.apache.hadoop.ozone.om.KeyManagerImpl.getOzoneFileStatusFSO(KeyManagerImpl.java:1320) ~[ozone-manager-1.4.0-SNAPSHOT.jar:?]
	at org.apache.hadoop.ozone.om.KeyManagerImpl.getFileStatus(KeyManagerImpl.java:1112) ~[ozone-manager-1.4.0-SNAPSHOT.jar:?]
	at org.apache.hadoop.ozone.om.OmMetadataReader.getFileStatus(OmMetadataReader.java:288) ~[ozone-manager-1.4.0-SNAPSHOT.jar:?]
	at org.apache.hadoop.ozone.om.OzoneManager.getFileStatus(OzoneManager.java:3494) ~[ozone-manager-1.4.0-SNAPSHOT.jar:?]
	at org.apache.hadoop.ozone.protocolPB.OzoneManagerRequestHandler.getOzoneFileStatus(OzoneManagerRequestHandler.java:933) ~[ozone-manager-1.4.0-SNAPSHOT.jar:?]
	at org.apache.hadoop.ozone.protocolPB.OzoneManagerRequestHandler.handleReadRequest(OzoneManagerRequestHandler.java:238) ~[ozone-manager-1.4.0-SNAPSHOT.jar:?]
	at org.apache.hadoop.ozone.protocolPB.OzoneManagerProtocolServerSideTranslatorPB.submitRequestDirectlyToOM(OzoneManagerProtocolServerSideTranslatorPB.java:272) ~[ozone-manager-1.4.0-SNAPSHOT.jar:?]
	at org.apache.hadoop.ozone.protocolPB.OzoneManagerProtocolServerSideTranslatorPB.processRequest(OzoneManagerProtocolServerSideTranslatorPB.java:173) ~[ozone-manager-1.4.0-SNAPSHOT.jar:?]
	at org.apache.hadoop.hdds.server.OzoneProtocolMessageDispatcher.processRequest(OzoneProtocolMessageDispatcher.java:87) [hdds-server-framework-1.4.0-SNAPSHOT.jar:?]
	at org.apache.hadoop.ozone.protocolPB.OzoneManagerProtocolServerSideTranslatorPB.submitRequest(OzoneManagerProtocolServerSideTranslatorPB.java:147) [ozone-manager-1.4.0-SNAPSHOT.jar:?]
	at org.apache.hadoop.ozone.protocol.proto.OzoneManagerProtocolProtos$OzoneManagerService$2.callBlockingMethod(OzoneManagerProtocolProtos.java) [ozone-interface-client-1.4.0-SNAPSHOT.jar:?]
	at org.apache.hadoop.ipc.ProtobufRpcEngine$Server.processCall(ProtobufRpcEngine.java:465) [hadoop-common-3.3.4.jar:?]
	at org.apache.hadoop.ipc.ProtobufRpcEngine2$Server$ProtoBufRpcInvoker.call(ProtobufRpcEngine2.java:578) [hadoop-common-3.3.4.jar:?]
	at org.apache.hadoop.ipc.ProtobufRpcEngine2$Server$ProtoBufRpcInvoker.call(ProtobufRpcEngine2.java:556) [hadoop-common-3.3.4.jar:?]
	at org.apache.hadoop.ipc.RPC$Server.call(RPC.java:1093) [hadoop-common-3.3.4.jar:?]
	at org.apache.hadoop.ipc.Server$RpcCall.run(Server.java:1043) [hadoop-common-3.3.4.jar:?]
	at org.apache.hadoop.ipc.Server$RpcCall.run(Server.java:971) [hadoop-common-3.3.4.jar:?]
	at java.security.AccessController.doPrivileged(Native Method) ~[?:1.8.0_362]
	at javax.security.auth.Subject.doAs(Subject.java:422) [?:1.8.0_362]
	at org.apache.hadoop.security.UserGroupInformation.doAs(UserGroupInformation.java:1878) [hadoop-common-3.3.4.jar:?]
	at org.apache.hadoop.ipc.Server$Handler.run(Server.java:2976) [hadoop-common-3.3.4.jar:?]
05:44:51.217 [IPC Server handler 19 on default port 39193] ERROR OMAudit - user=runner | ip=127.0.0.1 | op=GET_FILE_STATUS {volume=volume61968, bucket=bucket63791, key=gdir1/dir9, dataSize=0, replicationConfig=null} | ret=FAILURE
org.apache.hadoop.ozone.om.exceptions.OMException: Unable to get file status: volume: volume61968 bucket: bucket63791 key: gdir1/dir9
	at org.apache.hadoop.ozone.om.KeyManagerImpl.getOzoneFileStatusFSO(KeyManagerImpl.java:1320) ~[ozone-manager-1.4.0-SNAPSHOT.jar:?]
	at org.apache.hadoop.ozone.om.KeyManagerImpl.getFileStatus(KeyManagerImpl.java:1112) ~[ozone-manager-1.4.0-SNAPSHOT.jar:?]
	at org.apache.hadoop.ozone.om.OmMetadataReader.getFileStatus(OmMetadataReader.java:288) ~[ozone-manager-1.4.0-SNAPSHOT.jar:?]
	at org.apache.hadoop.ozone.om.OzoneManager.getFileStatus(OzoneManager.java:3494) ~[ozone-manager-1.4.0-SNAPSHOT.jar:?]
	at org.apache.hadoop.ozone.protocolPB.OzoneManagerRequestHandler.getOzoneFileStatus(OzoneManagerRequestHandler.java:933) ~[ozone-manager-1.4.0-SNAPSHOT.jar:?]
	at org.apache.hadoop.ozone.protocolPB.OzoneManagerRequestHandler.handleReadRequest(OzoneManagerRequestHandler.java:238) ~[ozone-manager-1.4.0-SNAPSHOT.jar:?]
	at org.apache.hadoop.ozone.protocolPB.OzoneManagerProtocolServerSideTranslatorPB.submitRequestDirectlyToOM(OzoneManagerProtocolServerSideTranslatorPB.java:272) ~[ozone-manager-1.4.0-SNAPSHOT.jar:?]
	at org.apache.hadoop.ozone.protocolPB.OzoneManagerProtocolServerSideTranslatorPB.processRequest(OzoneManagerProtocolServerSideTranslatorPB.java:173) ~[ozone-manager-1.4.0-SNAPSHOT.jar:?]
	at org.apache.hadoop.hdds.server.OzoneProtocolMessageDispatcher.processRequest(OzoneProtocolMessageDispatcher.java:87) [hdds-server-framework-1.4.0-SNAPSHOT.jar:?]
	at org.apache.hadoop.ozone.protocolPB.OzoneManagerProtocolServerSideTranslatorPB.submitRequest(OzoneManagerProtocolServerSideTranslatorPB.java:147) [ozone-manager-1.4.0-SNAPSHOT.jar:?]
	at org.apache.hadoop.ozone.protocol.proto.OzoneManagerProtocolProtos$OzoneManagerService$2.callBlockingMethod(OzoneManagerProtocolProtos.java) [ozone-interface-client-1.4.0-SNAPSHOT.jar:?]
	at org.apache.hadoop.ipc.ProtobufRpcEngine$Server.processCall(ProtobufRpcEngine.java:465) [hadoop-common-3.3.4.jar:?]
	at org.apache.hadoop.ipc.ProtobufRpcEngine2$Server$ProtoBufRpcInvoker.call(ProtobufRpcEngine2.java:578) [hadoop-common-3.3.4.jar:?]
	at org.apache.hadoop.ipc.ProtobufRpcEngine2$Server$ProtoBufRpcInvoker.call(ProtobufRpcEngine2.java:556) [hadoop-common-3.3.4.jar:?]
	at org.apache.hadoop.ipc.RPC$Server.call(RPC.java:1093) [hadoop-common-3.3.4.jar:?]
	at org.apache.hadoop.ipc.Server$RpcCall.run(Server.java:1043) [hadoop-common-3.3.4.jar:?]
	at org.apache.hadoop.ipc.Server$RpcCall.run(Server.java:971) [hadoop-common-3.3.4.jar:?]
	at java.security.AccessController.doPrivileged(Native Method) ~[?:1.8.0_362]
	at javax.security.auth.Subject.doAs(Subject.java:422) [?:1.8.0_362]
	at org.apache.hadoop.security.UserGroupInformation.doAs(UserGroupInformation.java:1878) [hadoop-common-3.3.4.jar:?]
	at org.apache.hadoop.ipc.Server$Handler.run(Server.java:2976) [hadoop-common-3.3.4.jar:?]
05:44:51.217 [IPC Server handler 0 on default port 39193] ERROR OMAudit - user=runner | ip=127.0.0.1 | op=GET_FILE_STATUS {volume=volume61968, bucket=bucket63791, key=gdir1/dir9/child, dataSize=0, replicationConfig=null} | ret=FAILURE
org.apache.hadoop.ozone.om.exceptions.OMException: Unable to get file status: volume: volume61968 bucket: bucket63791 key: gdir1/dir9/child
	at org.apache.hadoop.ozone.om.KeyManagerImpl.getOzoneFileStatusFSO(KeyManagerImpl.java:1320) ~[ozone-manager-1.4.0-SNAPSHOT.jar:?]
	at org.apache.hadoop.ozone.om.KeyManagerImpl.getFileStatus(KeyManagerImpl.java:1112) ~[ozone-manager-1.4.0-SNAPSHOT.jar:?]
	at org.apache.hadoop.ozone.om.OmMetadataReader.getFileStatus(OmMetadataReader.java:288) ~[ozone-manager-1.4.0-SNAPSHOT.jar:?]
	at org.apache.hadoop.ozone.om.OzoneManager.getFileStatus(OzoneManager.java:3494) ~[ozone-manager-1.4.0-SNAPSHOT.jar:?]
	at org.apache.hadoop.ozone.protocolPB.OzoneManagerRequestHandler.getOzoneFileStatus(OzoneManagerRequestHandler.java:933) ~[ozone-manager-1.4.0-SNAPSHOT.jar:?]
	at org.apache.hadoop.ozone.protocolPB.OzoneManagerRequestHandler.handleReadRequest(OzoneManagerRequestHandler.java:238) ~[ozone-manager-1.4.0-SNAPSHOT.jar:?]
	at org.apache.hadoop.ozone.protocolPB.OzoneManagerProtocolServerSideTranslatorPB.submitRequestDirectlyToOM(OzoneManagerProtocolServerSideTranslatorPB.java:272) ~[ozone-manager-1.4.0-SNAPSHOT.jar:?]
	at org.apache.hadoop.ozone.protocolPB.OzoneManagerProtocolServerSideTranslatorPB.processRequest(OzoneManagerProtocolServerSideTranslatorPB.java:173) ~[ozone-manager-1.4.0-SNAPSHOT.jar:?]
	at org.apache.hadoop.hdds.server.OzoneProtocolMessageDispatcher.processRequest(OzoneProtocolMessageDispatcher.java:87) [hdds-server-framework-1.4.0-SNAPSHOT.jar:?]
	at org.apache.hadoop.ozone.protocolPB.OzoneManagerProtocolServerSideTranslatorPB.submitRequest(OzoneManagerProtocolServerSideTranslatorPB.java:147) [ozone-manager-1.4.0-SNAPSHOT.jar:?]
	at org.apache.hadoop.ozone.protocol.proto.OzoneManagerProtocolProtos$OzoneManagerService$2.callBlockingMethod(OzoneManagerProtocolProtos.java) [ozone-interface-client-1.4.0-SNAPSHOT.jar:?]
	at org.apache.hadoop.ipc.ProtobufRpcEngine$Server.processCall(ProtobufRpcEngine.java:465) [hadoop-common-3.3.4.jar:?]
	at org.apache.hadoop.ipc.ProtobufRpcEngine2$Server$ProtoBufRpcInvoker.call(ProtobufRpcEngine2.java:578) [hadoop-common-3.3.4.jar:?]
	at org.apache.hadoop.ipc.ProtobufRpcEngine2$Server$ProtoBufRpcInvoker.call(ProtobufRpcEngine2.java:556) [hadoop-common-3.3.4.jar:?]
	at org.apache.hadoop.ipc.RPC$Server.call(RPC.java:1093) [hadoop-common-3.3.4.jar:?]
	at org.apache.hadoop.ipc.Server$RpcCall.run(Server.java:1043) [hadoop-common-3.3.4.jar:?]
	at org.apache.hadoop.ipc.Server$RpcCall.run(Server.java:971) [hadoop-common-3.3.4.jar:?]
	at java.security.AccessController.doPrivileged(Native Method) ~[?:1.8.0_362]
	at javax.security.auth.Subject.doAs(Subject.java:422) [?:1.8.0_362]
	at org.apache.hadoop.security.UserGroupInformation.doAs(UserGroupInformation.java:1878) [hadoop-common-3.3.4.jar:?]
	at org.apache.hadoop.ipc.Server$Handler.run(Server.java:2976) [hadoop-common-3.3.4.jar:?]
05:44:51.218 [IPC Server handler 2 on default port 39193] ERROR OMAudit - user=runner | ip=127.0.0.1 | op=GET_FILE_STATUS {volume=volume61968, bucket=bucket63791, key=gdir1/dir10, dataSize=0, replicationConfig=null} | ret=FAILURE
org.apache.hadoop.ozone.om.exceptions.OMException: Unable to get file status: volume: volume61968 bucket: bucket63791 key: gdir1/dir10
	at org.apache.hadoop.ozone.om.KeyManagerImpl.getOzoneFileStatusFSO(KeyManagerImpl.java:1320) ~[ozone-manager-1.4.0-SNAPSHOT.jar:?]
	at org.apache.hadoop.ozone.om.KeyManagerImpl.getFileStatus(KeyManagerImpl.java:1112) ~[ozone-manager-1.4.0-SNAPSHOT.jar:?]
	at org.apache.hadoop.ozone.om.OmMetadataReader.getFileStatus(OmMetadataReader.java:288) ~[ozone-manager-1.4.0-SNAPSHOT.jar:?]
	at org.apache.hadoop.ozone.om.OzoneManager.getFileStatus(OzoneManager.java:3494) ~[ozone-manager-1.4.0-SNAPSHOT.jar:?]
	at org.apache.hadoop.ozone.protocolPB.OzoneManagerRequestHandler.getOzoneFileStatus(OzoneManagerRequestHandler.java:933) ~[ozone-manager-1.4.0-SNAPSHOT.jar:?]
	at org.apache.hadoop.ozone.protocolPB.OzoneManagerRequestHandler.handleReadRequest(OzoneManagerRequestHandler.java:238) ~[ozone-manager-1.4.0-SNAPSHOT.jar:?]
	at org.apache.hadoop.ozone.protocolPB.OzoneManagerProtocolServerSideTranslatorPB.submitRequestDirectlyToOM(OzoneManagerProtocolServerSideTranslatorPB.java:272) ~[ozone-manager-1.4.0-SNAPSHOT.jar:?]
	at org.apache.hadoop.ozone.protocolPB.OzoneManagerProtocolServerSideTranslatorPB.processRequest(OzoneManagerProtocolServerSideTranslatorPB.java:173) ~[ozone-manager-1.4.0-SNAPSHOT.jar:?]
	at org.apache.hadoop.hdds.server.OzoneProtocolMessageDispatcher.processRequest(OzoneProtocolMessageDispatcher.java:87) [hdds-server-framework-1.4.0-SNAPSHOT.jar:?]
	at org.apache.hadoop.ozone.protocolPB.OzoneManagerProtocolServerSideTranslatorPB.submitRequest(OzoneManagerProtocolServerSideTranslatorPB.java:147) [ozone-manager-1.4.0-SNAPSHOT.jar:?]
	at org.apache.hadoop.ozone.protocol.proto.OzoneManagerProtocolProtos$OzoneManagerService$2.callBlockingMethod(OzoneManagerProtocolProtos.java) [ozone-interface-client-1.4.0-SNAPSHOT.jar:?]
	at org.apache.hadoop.ipc.ProtobufRpcEngine$Server.processCall(ProtobufRpcEngine.java:465) [hadoop-common-3.3.4.jar:?]
	at org.apache.hadoop.ipc.ProtobufRpcEngine2$Server$ProtoBufRpcInvoker.call(ProtobufRpcEngine2.java:578) [hadoop-common-3.3.4.jar:?]
	at org.apache.hadoop.ipc.ProtobufRpcEngine2$Server$ProtoBufRpcInvoker.call(ProtobufRpcEngine2.java:556) [hadoop-common-3.3.4.jar:?]
	at org.apache.hadoop.ipc.RPC$Server.call(RPC.java:1093) [hadoop-common-3.3.4.jar:?]
	at org.apache.hadoop.ipc.Server$RpcCall.run(Server.java:1043) [hadoop-common-3.3.4.jar:?]
	at org.apache.hadoop.ipc.Server$RpcCall.run(Server.java:971) [hadoop-common-3.3.4.jar:?]
	at java.security.AccessController.doPrivileged(Native Method) ~[?:1.8.0_362]
	at javax.security.auth.Subject.doAs(Subject.java:422) [?:1.8.0_362]
	at org.apache.hadoop.security.UserGroupInformation.doAs(UserGroupInformation.java:1878) [hadoop-common-3.3.4.jar:?]
	at org.apache.hadoop.ipc.Server$Handler.run(Server.java:2976) [hadoop-common-3.3.4.jar:?]
05:44:51.219 [IPC Server handler 3 on default port 39193] ERROR OMAudit - user=runner | ip=127.0.0.1 | op=GET_FILE_STATUS {volume=volume61968, bucket=bucket63791, key=gdir1/dir10/child, dataSize=0, replicationConfig=null} | ret=FAILURE
org.apache.hadoop.ozone.om.exceptions.OMException: Unable to get file status: volume: volume61968 bucket: bucket63791 key: gdir1/dir10/child
	at org.apache.hadoop.ozone.om.KeyManagerImpl.getOzoneFileStatusFSO(KeyManagerImpl.java:1320) ~[ozone-manager-1.4.0-SNAPSHOT.jar:?]
	at org.apache.hadoop.ozone.om.KeyManagerImpl.getFileStatus(KeyManagerImpl.java:1112) ~[ozone-manager-1.4.0-SNAPSHOT.jar:?]
	at org.apache.hadoop.ozone.om.OmMetadataReader.getFileStatus(OmMetadataReader.java:288) ~[ozone-manager-1.4.0-SNAPSHOT.jar:?]
	at org.apache.hadoop.ozone.om.OzoneManager.getFileStatus(OzoneManager.java:3494) ~[ozone-manager-1.4.0-SNAPSHOT.jar:?]
	at org.apache.hadoop.ozone.protocolPB.OzoneManagerRequestHandler.getOzoneFileStatus(OzoneManagerRequestHandler.java:933) ~[ozone-manager-1.4.0-SNAPSHOT.jar:?]
	at org.apache.hadoop.ozone.protocolPB.OzoneManagerRequestHandler.handleReadRequest(OzoneManagerRequestHandler.java:238) ~[ozone-manager-1.4.0-SNAPSHOT.jar:?]
	at org.apache.hadoop.ozone.protocolPB.OzoneManagerProtocolServerSideTranslatorPB.submitRequestDirectlyToOM(OzoneManagerProtocolServerSideTranslatorPB.java:272) ~[ozone-manager-1.4.0-SNAPSHOT.jar:?]
	at org.apache.hadoop.ozone.protocolPB.OzoneManagerProtocolServerSideTranslatorPB.processRequest(OzoneManagerProtocolServerSideTranslatorPB.java:173) ~[ozone-manager-1.4.0-SNAPSHOT.jar:?]
	at org.apache.hadoop.hdds.server.OzoneProtocolMessageDispatcher.processRequest(OzoneProtocolMessageDispatcher.java:87) [hdds-server-framework-1.4.0-SNAPSHOT.jar:?]
	at org.apache.hadoop.ozone.protocolPB.OzoneManagerProtocolServerSideTranslatorPB.submitRequest(OzoneManagerProtocolServerSideTranslatorPB.java:147) [ozone-manager-1.4.0-SNAPSHOT.jar:?]
	at org.apache.hadoop.ozone.protocol.proto.OzoneManagerProtocolProtos$OzoneManagerService$2.callBlockingMethod(OzoneManagerProtocolProtos.java) [ozone-interface-client-1.4.0-SNAPSHOT.jar:?]
	at org.apache.hadoop.ipc.ProtobufRpcEngine$Server.processCall(ProtobufRpcEngine.java:465) [hadoop-common-3.3.4.jar:?]
	at org.apache.hadoop.ipc.ProtobufRpcEngine2$Server$ProtoBufRpcInvoker.call(ProtobufRpcEngine2.java:578) [hadoop-common-3.3.4.jar:?]
	at org.apache.hadoop.ipc.ProtobufRpcEngine2$Server$ProtoBufRpcInvoker.call(ProtobufRpcEngine2.java:556) [hadoop-common-3.3.4.jar:?]
	at org.apache.hadoop.ipc.RPC$Server.call(RPC.java:1093) [hadoop-common-3.3.4.jar:?]
	at org.apache.hadoop.ipc.Server$RpcCall.run(Server.java:1043) [hadoop-common-3.3.4.jar:?]
	at org.apache.hadoop.ipc.Server$RpcCall.run(Server.java:971) [hadoop-common-3.3.4.jar:?]
	at java.security.AccessController.doPrivileged(Native Method) ~[?:1.8.0_362]
	at javax.security.auth.Subject.doAs(Subject.java:422) [?:1.8.0_362]
	at org.apache.hadoop.security.UserGroupInformation.doAs(UserGroupInformation.java:1878) [hadoop-common-3.3.4.jar:?]
	at org.apache.hadoop.ipc.Server$Handler.run(Server.java:2976) [hadoop-common-3.3.4.jar:?]
2023-03-15 05:44:51,223 [IPC Server handler 4 on default port 39193] INFO  key.OMKeyRequest (OMKeyRequest.java:wrapUncommittedBlocksAsPseudoKey(838)) - Detect allocated but uncommitted blocks [{blockID={containerID=3, localID=111677748019200039}, length=4194304, offset=0, token=null, pipeline=null, createVersion=0, partNumber=0}] in key level0/level1/file1.
2023-03-15 05:44:51,226 [IPC Server handler 6 on default port 39193] INFO  key.OMKeyRequest (OMKeyRequest.java:wrapUncommittedBlocksAsPseudoKey(838)) - Detect allocated but uncommitted blocks [{blockID={containerID=4, localID=111677748019200040}, length=4194304, offset=0, token=null, pipeline=null, createVersion=0, partNumber=0}] in key level0/level1/level1/file1.
2023-03-15 05:44:51,229 [IPC Server handler 8 on default port 39193] INFO  key.OMKeyRequest (OMKeyRequest.java:wrapUncommittedBlocksAsPseudoKey(838)) - Detect allocated but uncommitted blocks [{blockID={containerID=3, localID=111677748019200041}, length=4194304, offset=0, token=null, pipeline=null, createVersion=0, partNumber=0}] in key level0/level2/file1.
2023-03-15 05:44:51,232 [IPC Server handler 10 on default port 39193] INFO  key.OMKeyRequest (OMKeyRequest.java:wrapUncommittedBlocksAsPseudoKey(838)) - Detect allocated but uncommitted blocks [{blockID={containerID=4, localID=111677748019200042}, length=4194304, offset=0, token=null, pipeline=null, createVersion=0, partNumber=0}] in key level0/level2/level2/file1.
2023-03-15 05:44:51,235 [IPC Server handler 12 on default port 39193] INFO  key.OMKeyRequest (OMKeyRequest.java:wrapUncommittedBlocksAsPseudoKey(838)) - Detect allocated but uncommitted blocks [{blockID={containerID=1, localID=111677748019200043}, length=4194304, offset=0, token=null, pipeline=null, createVersion=0, partNumber=0}] in key level0/level3/file1.
2023-03-15 05:44:51,238 [IPC Server handler 14 on default port 39193] INFO  key.OMKeyRequest (OMKeyRequest.java:wrapUncommittedBlocksAsPseudoKey(838)) - Detect allocated but uncommitted blocks [{blockID={containerID=2, localID=111677748019200044}, length=4194304, offset=0, token=null, pipeline=null, createVersion=0, partNumber=0}] in key level0/level3/level3/file1.
05:44:51.244 [IPC Server handler 3 on default port 39193] ERROR OMAudit - user=runner | ip=127.0.0.1 | op=GET_FILE_STATUS {volume=volume61968, bucket=bucket63791, key=level0, dataSize=0, replicationConfig=null} | ret=FAILURE
org.apache.hadoop.ozone.om.exceptions.OMException: Unable to get file status: volume: volume61968 bucket: bucket63791 key: level0
	at org.apache.hadoop.ozone.om.KeyManagerImpl.getOzoneFileStatusFSO(KeyManagerImpl.java:1320) ~[ozone-manager-1.4.0-SNAPSHOT.jar:?]
	at org.apache.hadoop.ozone.om.KeyManagerImpl.getFileStatus(KeyManagerImpl.java:1112) ~[ozone-manager-1.4.0-SNAPSHOT.jar:?]
	at org.apache.hadoop.ozone.om.OmMetadataReader.getFileStatus(OmMetadataReader.java:288) ~[ozone-manager-1.4.0-SNAPSHOT.jar:?]
	at org.apache.hadoop.ozone.om.OzoneManager.getFileStatus(OzoneManager.java:3494) ~[ozone-manager-1.4.0-SNAPSHOT.jar:?]
	at org.apache.hadoop.ozone.protocolPB.OzoneManagerRequestHandler.getOzoneFileStatus(OzoneManagerRequestHandler.java:933) ~[ozone-manager-1.4.0-SNAPSHOT.jar:?]
	at org.apache.hadoop.ozone.protocolPB.OzoneManagerRequestHandler.handleReadRequest(OzoneManagerRequestHandler.java:238) ~[ozone-manager-1.4.0-SNAPSHOT.jar:?]
	at org.apache.hadoop.ozone.protocolPB.OzoneManagerProtocolServerSideTranslatorPB.submitRequestDirectlyToOM(OzoneManagerProtocolServerSideTranslatorPB.java:272) ~[ozone-manager-1.4.0-SNAPSHOT.jar:?]
	at org.apache.hadoop.ozone.protocolPB.OzoneManagerProtocolServerSideTranslatorPB.processRequest(OzoneManagerProtocolServerSideTranslatorPB.java:173) ~[ozone-manager-1.4.0-SNAPSHOT.jar:?]
	at org.apache.hadoop.hdds.server.OzoneProtocolMessageDispatcher.processRequest(OzoneProtocolMessageDispatcher.java:87) [hdds-server-framework-1.4.0-SNAPSHOT.jar:?]
	at org.apache.hadoop.ozone.protocolPB.OzoneManagerProtocolServerSideTranslatorPB.submitRequest(OzoneManagerProtocolServerSideTranslatorPB.java:147) [ozone-manager-1.4.0-SNAPSHOT.jar:?]
	at org.apache.hadoop.ozone.protocol.proto.OzoneManagerProtocolProtos$OzoneManagerService$2.callBlockingMethod(OzoneManagerProtocolProtos.java) [ozone-interface-client-1.4.0-SNAPSHOT.jar:?]
	at org.apache.hadoop.ipc.ProtobufRpcEngine$Server.processCall(ProtobufRpcEngine.java:465) [hadoop-common-3.3.4.jar:?]
	at org.apache.hadoop.ipc.ProtobufRpcEngine2$Server$ProtoBufRpcInvoker.call(ProtobufRpcEngine2.java:578) [hadoop-common-3.3.4.jar:?]
	at org.apache.hadoop.ipc.ProtobufRpcEngine2$Server$ProtoBufRpcInvoker.call(ProtobufRpcEngine2.java:556) [hadoop-common-3.3.4.jar:?]
	at org.apache.hadoop.ipc.RPC$Server.call(RPC.java:1093) [hadoop-common-3.3.4.jar:?]
	at org.apache.hadoop.ipc.Server$RpcCall.run(Server.java:1043) [hadoop-common-3.3.4.jar:?]
	at org.apache.hadoop.ipc.Server$RpcCall.run(Server.java:971) [hadoop-common-3.3.4.jar:?]
	at java.security.AccessController.doPrivileged(Native Method) ~[?:1.8.0_362]
	at javax.security.auth.Subject.doAs(Subject.java:422) [?:1.8.0_362]
	at org.apache.hadoop.security.UserGroupInformation.doAs(UserGroupInformation.java:1878) [hadoop-common-3.3.4.jar:?]
	at org.apache.hadoop.ipc.Server$Handler.run(Server.java:2976) [hadoop-common-3.3.4.jar:?]
05:44:51.245 [IPC Server handler 1 on default port 39193] ERROR OMAudit - user=runner | ip=127.0.0.1 | op=GET_FILE_STATUS {volume=volume61968, bucket=bucket63791, key=level0/level1, dataSize=0, replicationConfig=null} | ret=FAILURE
org.apache.hadoop.ozone.om.exceptions.OMException: Unable to get file status: volume: volume61968 bucket: bucket63791 key: level0/level1
	at org.apache.hadoop.ozone.om.KeyManagerImpl.getOzoneFileStatusFSO(KeyManagerImpl.java:1320) ~[ozone-manager-1.4.0-SNAPSHOT.jar:?]
	at org.apache.hadoop.ozone.om.KeyManagerImpl.getFileStatus(KeyManagerImpl.java:1112) ~[ozone-manager-1.4.0-SNAPSHOT.jar:?]
	at org.apache.hadoop.ozone.om.OmMetadataReader.getFileStatus(OmMetadataReader.java:288) ~[ozone-manager-1.4.0-SNAPSHOT.jar:?]
	at org.apache.hadoop.ozone.om.OzoneManager.getFileStatus(OzoneManager.java:3494) ~[ozone-manager-1.4.0-SNAPSHOT.jar:?]
	at org.apache.hadoop.ozone.protocolPB.OzoneManagerRequestHandler.getOzoneFileStatus(OzoneManagerRequestHandler.java:933) ~[ozone-manager-1.4.0-SNAPSHOT.jar:?]
	at org.apache.hadoop.ozone.protocolPB.OzoneManagerRequestHandler.handleReadRequest(OzoneManagerRequestHandler.java:238) ~[ozone-manager-1.4.0-SNAPSHOT.jar:?]
	at org.apache.hadoop.ozone.protocolPB.OzoneManagerProtocolServerSideTranslatorPB.submitRequestDirectlyToOM(OzoneManagerProtocolServerSideTranslatorPB.java:272) ~[ozone-manager-1.4.0-SNAPSHOT.jar:?]
	at org.apache.hadoop.ozone.protocolPB.OzoneManagerProtocolServerSideTranslatorPB.processRequest(OzoneManagerProtocolServerSideTranslatorPB.java:173) ~[ozone-manager-1.4.0-SNAPSHOT.jar:?]
	at org.apache.hadoop.hdds.server.OzoneProtocolMessageDispatcher.processRequest(OzoneProtocolMessageDispatcher.java:87) [hdds-server-framework-1.4.0-SNAPSHOT.jar:?]
	at org.apache.hadoop.ozone.protocolPB.OzoneManagerProtocolServerSideTranslatorPB.submitRequest(OzoneManagerProtocolServerSideTranslatorPB.java:147) [ozone-manager-1.4.0-SNAPSHOT.jar:?]
	at org.apache.hadoop.ozone.protocol.proto.OzoneManagerProtocolProtos$OzoneManagerService$2.callBlockingMethod(OzoneManagerProtocolProtos.java) [ozone-interface-client-1.4.0-SNAPSHOT.jar:?]
	at org.apache.hadoop.ipc.ProtobufRpcEngine$Server.processCall(ProtobufRpcEngine.java:465) [hadoop-common-3.3.4.jar:?]
	at org.apache.hadoop.ipc.ProtobufRpcEngine2$Server$ProtoBufRpcInvoker.call(ProtobufRpcEngine2.java:578) [hadoop-common-3.3.4.jar:?]
	at org.apache.hadoop.ipc.ProtobufRpcEngine2$Server$ProtoBufRpcInvoker.call(ProtobufRpcEngine2.java:556) [hadoop-common-3.3.4.jar:?]
	at org.apache.hadoop.ipc.RPC$Server.call(RPC.java:1093) [hadoop-common-3.3.4.jar:?]
	at org.apache.hadoop.ipc.Server$RpcCall.run(Server.java:1043) [hadoop-common-3.3.4.jar:?]
	at org.apache.hadoop.ipc.Server$RpcCall.run(Server.java:971) [hadoop-common-3.3.4.jar:?]
	at java.security.AccessController.doPrivileged(Native Method) ~[?:1.8.0_362]
	at javax.security.auth.Subject.doAs(Subject.java:422) [?:1.8.0_362]
	at org.apache.hadoop.security.UserGroupInformation.doAs(UserGroupInformation.java:1878) [hadoop-common-3.3.4.jar:?]
	at org.apache.hadoop.ipc.Server$Handler.run(Server.java:2976) [hadoop-common-3.3.4.jar:?]
05:44:51.245 [IPC Server handler 4 on default port 39193] ERROR OMAudit - user=runner | ip=127.0.0.1 | op=GET_FILE_STATUS {volume=volume61968, bucket=bucket63791, key=level0/level1/level1, dataSize=0, replicationConfig=null} | ret=FAILURE
org.apache.hadoop.ozone.om.exceptions.OMException: Unable to get file status: volume: volume61968 bucket: bucket63791 key: level0/level1/level1
	at org.apache.hadoop.ozone.om.KeyManagerImpl.getOzoneFileStatusFSO(KeyManagerImpl.java:1320) ~[ozone-manager-1.4.0-SNAPSHOT.jar:?]
	at org.apache.hadoop.ozone.om.KeyManagerImpl.getFileStatus(KeyManagerImpl.java:1112) ~[ozone-manager-1.4.0-SNAPSHOT.jar:?]
	at org.apache.hadoop.ozone.om.OmMetadataReader.getFileStatus(OmMetadataReader.java:288) ~[ozone-manager-1.4.0-SNAPSHOT.jar:?]
	at org.apache.hadoop.ozone.om.OzoneManager.getFileStatus(OzoneManager.java:3494) ~[ozone-manager-1.4.0-SNAPSHOT.jar:?]
	at org.apache.hadoop.ozone.protocolPB.OzoneManagerRequestHandler.getOzoneFileStatus(OzoneManagerRequestHandler.java:933) ~[ozone-manager-1.4.0-SNAPSHOT.jar:?]
	at org.apache.hadoop.ozone.protocolPB.OzoneManagerRequestHandler.handleReadRequest(OzoneManagerRequestHandler.java:238) ~[ozone-manager-1.4.0-SNAPSHOT.jar:?]
	at org.apache.hadoop.ozone.protocolPB.OzoneManagerProtocolServerSideTranslatorPB.submitRequestDirectlyToOM(OzoneManagerProtocolServerSideTranslatorPB.java:272) ~[ozone-manager-1.4.0-SNAPSHOT.jar:?]
	at org.apache.hadoop.ozone.protocolPB.OzoneManagerProtocolServerSideTranslatorPB.processRequest(OzoneManagerProtocolServerSideTranslatorPB.java:173) ~[ozone-manager-1.4.0-SNAPSHOT.jar:?]
	at org.apache.hadoop.hdds.server.OzoneProtocolMessageDispatcher.processRequest(OzoneProtocolMessageDispatcher.java:87) [hdds-server-framework-1.4.0-SNAPSHOT.jar:?]
	at org.apache.hadoop.ozone.protocolPB.OzoneManagerProtocolServerSideTranslatorPB.submitRequest(OzoneManagerProtocolServerSideTranslatorPB.java:147) [ozone-manager-1.4.0-SNAPSHOT.jar:?]
	at org.apache.hadoop.ozone.protocol.proto.OzoneManagerProtocolProtos$OzoneManagerService$2.callBlockingMethod(OzoneManagerProtocolProtos.java) [ozone-interface-client-1.4.0-SNAPSHOT.jar:?]
	at org.apache.hadoop.ipc.ProtobufRpcEngine$Server.processCall(ProtobufRpcEngine.java:465) [hadoop-common-3.3.4.jar:?]
	at org.apache.hadoop.ipc.ProtobufRpcEngine2$Server$ProtoBufRpcInvoker.call(ProtobufRpcEngine2.java:578) [hadoop-common-3.3.4.jar:?]
	at org.apache.hadoop.ipc.ProtobufRpcEngine2$Server$ProtoBufRpcInvoker.call(ProtobufRpcEngine2.java:556) [hadoop-common-3.3.4.jar:?]
	at org.apache.hadoop.ipc.RPC$Server.call(RPC.java:1093) [hadoop-common-3.3.4.jar:?]
	at org.apache.hadoop.ipc.Server$RpcCall.run(Server.java:1043) [hadoop-common-3.3.4.jar:?]
	at org.apache.hadoop.ipc.Server$RpcCall.run(Server.java:971) [hadoop-common-3.3.4.jar:?]
	at java.security.AccessController.doPrivileged(Native Method) ~[?:1.8.0_362]
	at javax.security.auth.Subject.doAs(Subject.java:422) [?:1.8.0_362]
	at org.apache.hadoop.security.UserGroupInformation.doAs(UserGroupInformation.java:1878) [hadoop-common-3.3.4.jar:?]
	at org.apache.hadoop.ipc.Server$Handler.run(Server.java:2976) [hadoop-common-3.3.4.jar:?]
05:44:51.246 [IPC Server handler 5 on default port 39193] ERROR OMAudit - user=runner | ip=127.0.0.1 | op=GET_FILE_STATUS {volume=volume61968, bucket=bucket63791, key=level0/level1/file1, dataSize=0, replicationConfig=null} | ret=FAILURE
org.apache.hadoop.ozone.om.exceptions.OMException: Unable to get file status: volume: volume61968 bucket: bucket63791 key: level0/level1/file1
	at org.apache.hadoop.ozone.om.KeyManagerImpl.getOzoneFileStatusFSO(KeyManagerImpl.java:1320) ~[ozone-manager-1.4.0-SNAPSHOT.jar:?]
	at org.apache.hadoop.ozone.om.KeyManagerImpl.getFileStatus(KeyManagerImpl.java:1112) ~[ozone-manager-1.4.0-SNAPSHOT.jar:?]
	at org.apache.hadoop.ozone.om.OmMetadataReader.getFileStatus(OmMetadataReader.java:288) ~[ozone-manager-1.4.0-SNAPSHOT.jar:?]
	at org.apache.hadoop.ozone.om.OzoneManager.getFileStatus(OzoneManager.java:3494) ~[ozone-manager-1.4.0-SNAPSHOT.jar:?]
	at org.apache.hadoop.ozone.protocolPB.OzoneManagerRequestHandler.getOzoneFileStatus(OzoneManagerRequestHandler.java:933) ~[ozone-manager-1.4.0-SNAPSHOT.jar:?]
	at org.apache.hadoop.ozone.protocolPB.OzoneManagerRequestHandler.handleReadRequest(OzoneManagerRequestHandler.java:238) ~[ozone-manager-1.4.0-SNAPSHOT.jar:?]
	at org.apache.hadoop.ozone.protocolPB.OzoneManagerProtocolServerSideTranslatorPB.submitRequestDirectlyToOM(OzoneManagerProtocolServerSideTranslatorPB.java:272) ~[ozone-manager-1.4.0-SNAPSHOT.jar:?]
	at org.apache.hadoop.ozone.protocolPB.OzoneManagerProtocolServerSideTranslatorPB.processRequest(OzoneManagerProtocolServerSideTranslatorPB.java:173) ~[ozone-manager-1.4.0-SNAPSHOT.jar:?]
	at org.apache.hadoop.hdds.server.OzoneProtocolMessageDispatcher.processRequest(OzoneProtocolMessageDispatcher.java:87) [hdds-server-framework-1.4.0-SNAPSHOT.jar:?]
	at org.apache.hadoop.ozone.protocolPB.OzoneManagerProtocolServerSideTranslatorPB.submitRequest(OzoneManagerProtocolServerSideTranslatorPB.java:147) [ozone-manager-1.4.0-SNAPSHOT.jar:?]
	at org.apache.hadoop.ozone.protocol.proto.OzoneManagerProtocolProtos$OzoneManagerService$2.callBlockingMethod(OzoneManagerProtocolProtos.java) [ozone-interface-client-1.4.0-SNAPSHOT.jar:?]
	at org.apache.hadoop.ipc.ProtobufRpcEngine$Server.processCall(ProtobufRpcEngine.java:465) [hadoop-common-3.3.4.jar:?]
	at org.apache.hadoop.ipc.ProtobufRpcEngine2$Server$ProtoBufRpcInvoker.call(ProtobufRpcEngine2.java:578) [hadoop-common-3.3.4.jar:?]
	at org.apache.hadoop.ipc.ProtobufRpcEngine2$Server$ProtoBufRpcInvoker.call(ProtobufRpcEngine2.java:556) [hadoop-common-3.3.4.jar:?]
	at org.apache.hadoop.ipc.RPC$Server.call(RPC.java:1093) [hadoop-common-3.3.4.jar:?]
	at org.apache.hadoop.ipc.Server$RpcCall.run(Server.java:1043) [hadoop-common-3.3.4.jar:?]
	at org.apache.hadoop.ipc.Server$RpcCall.run(Server.java:971) [hadoop-common-3.3.4.jar:?]
	at java.security.AccessController.doPrivileged(Native Method) ~[?:1.8.0_362]
	at javax.security.auth.Subject.doAs(Subject.java:422) [?:1.8.0_362]
	at org.apache.hadoop.security.UserGroupInformation.doAs(UserGroupInformation.java:1878) [hadoop-common-3.3.4.jar:?]
	at org.apache.hadoop.ipc.Server$Handler.run(Server.java:2976) [hadoop-common-3.3.4.jar:?]
05:44:51.247 [IPC Server handler 6 on default port 39193] ERROR OMAudit - user=runner | ip=127.0.0.1 | op=GET_FILE_STATUS {volume=volume61968, bucket=bucket63791, key=level0/level1/level1/file1, dataSize=0, replicationConfig=null} | ret=FAILURE
org.apache.hadoop.ozone.om.exceptions.OMException: Unable to get file status: volume: volume61968 bucket: bucket63791 key: level0/level1/level1/file1
	at org.apache.hadoop.ozone.om.KeyManagerImpl.getOzoneFileStatusFSO(KeyManagerImpl.java:1320) ~[ozone-manager-1.4.0-SNAPSHOT.jar:?]
	at org.apache.hadoop.ozone.om.KeyManagerImpl.getFileStatus(KeyManagerImpl.java:1112) ~[ozone-manager-1.4.0-SNAPSHOT.jar:?]
	at org.apache.hadoop.ozone.om.OmMetadataReader.getFileStatus(OmMetadataReader.java:288) ~[ozone-manager-1.4.0-SNAPSHOT.jar:?]
	at org.apache.hadoop.ozone.om.OzoneManager.getFileStatus(OzoneManager.java:3494) ~[ozone-manager-1.4.0-SNAPSHOT.jar:?]
	at org.apache.hadoop.ozone.protocolPB.OzoneManagerRequestHandler.getOzoneFileStatus(OzoneManagerRequestHandler.java:933) ~[ozone-manager-1.4.0-SNAPSHOT.jar:?]
	at org.apache.hadoop.ozone.protocolPB.OzoneManagerRequestHandler.handleReadRequest(OzoneManagerRequestHandler.java:238) ~[ozone-manager-1.4.0-SNAPSHOT.jar:?]
	at org.apache.hadoop.ozone.protocolPB.OzoneManagerProtocolServerSideTranslatorPB.submitRequestDirectlyToOM(OzoneManagerProtocolServerSideTranslatorPB.java:272) ~[ozone-manager-1.4.0-SNAPSHOT.jar:?]
	at org.apache.hadoop.ozone.protocolPB.OzoneManagerProtocolServerSideTranslatorPB.processRequest(OzoneManagerProtocolServerSideTranslatorPB.java:173) ~[ozone-manager-1.4.0-SNAPSHOT.jar:?]
	at org.apache.hadoop.hdds.server.OzoneProtocolMessageDispatcher.processRequest(OzoneProtocolMessageDispatcher.java:87) [hdds-server-framework-1.4.0-SNAPSHOT.jar:?]
	at org.apache.hadoop.ozone.protocolPB.OzoneManagerProtocolServerSideTranslatorPB.submitRequest(OzoneManagerProtocolServerSideTranslatorPB.java:147) [ozone-manager-1.4.0-SNAPSHOT.jar:?]
	at org.apache.hadoop.ozone.protocol.proto.OzoneManagerProtocolProtos$OzoneManagerService$2.callBlockingMethod(OzoneManagerProtocolProtos.java) [ozone-interface-client-1.4.0-SNAPSHOT.jar:?]
	at org.apache.hadoop.ipc.ProtobufRpcEngine$Server.processCall(ProtobufRpcEngine.java:465) [hadoop-common-3.3.4.jar:?]
	at org.apache.hadoop.ipc.ProtobufRpcEngine2$Server$ProtoBufRpcInvoker.call(ProtobufRpcEngine2.java:578) [hadoop-common-3.3.4.jar:?]
	at org.apache.hadoop.ipc.ProtobufRpcEngine2$Server$ProtoBufRpcInvoker.call(ProtobufRpcEngine2.java:556) [hadoop-common-3.3.4.jar:?]
	at org.apache.hadoop.ipc.RPC$Server.call(RPC.java:1093) [hadoop-common-3.3.4.jar:?]
	at org.apache.hadoop.ipc.Server$RpcCall.run(Server.java:1043) [hadoop-common-3.3.4.jar:?]
	at org.apache.hadoop.ipc.Server$RpcCall.run(Server.java:971) [hadoop-common-3.3.4.jar:?]
	at java.security.AccessController.doPrivileged(Native Method) ~[?:1.8.0_362]
	at javax.security.auth.Subject.doAs(Subject.java:422) [?:1.8.0_362]
	at org.apache.hadoop.security.UserGroupInformation.doAs(UserGroupInformation.java:1878) [hadoop-common-3.3.4.jar:?]
	at org.apache.hadoop.ipc.Server$Handler.run(Server.java:2976) [hadoop-common-3.3.4.jar:?]
05:44:51.248 [IPC Server handler 7 on default port 39193] ERROR OMAudit - user=runner | ip=127.0.0.1 | op=GET_FILE_STATUS {volume=volume61968, bucket=bucket63791, key=level0/level2, dataSize=0, replicationConfig=null} | ret=FAILURE
org.apache.hadoop.ozone.om.exceptions.OMException: Unable to get file status: volume: volume61968 bucket: bucket63791 key: level0/level2
	at org.apache.hadoop.ozone.om.KeyManagerImpl.getOzoneFileStatusFSO(KeyManagerImpl.java:1320) ~[ozone-manager-1.4.0-SNAPSHOT.jar:?]
	at org.apache.hadoop.ozone.om.KeyManagerImpl.getFileStatus(KeyManagerImpl.java:1112) ~[ozone-manager-1.4.0-SNAPSHOT.jar:?]
	at org.apache.hadoop.ozone.om.OmMetadataReader.getFileStatus(OmMetadataReader.java:288) ~[ozone-manager-1.4.0-SNAPSHOT.jar:?]
	at org.apache.hadoop.ozone.om.OzoneManager.getFileStatus(OzoneManager.java:3494) ~[ozone-manager-1.4.0-SNAPSHOT.jar:?]
	at org.apache.hadoop.ozone.protocolPB.OzoneManagerRequestHandler.getOzoneFileStatus(OzoneManagerRequestHandler.java:933) ~[ozone-manager-1.4.0-SNAPSHOT.jar:?]
	at org.apache.hadoop.ozone.protocolPB.OzoneManagerRequestHandler.handleReadRequest(OzoneManagerRequestHandler.java:238) ~[ozone-manager-1.4.0-SNAPSHOT.jar:?]
	at org.apache.hadoop.ozone.protocolPB.OzoneManagerProtocolServerSideTranslatorPB.submitRequestDirectlyToOM(OzoneManagerProtocolServerSideTranslatorPB.java:272) ~[ozone-manager-1.4.0-SNAPSHOT.jar:?]
	at org.apache.hadoop.ozone.protocolPB.OzoneManagerProtocolServerSideTranslatorPB.processRequest(OzoneManagerProtocolServerSideTranslatorPB.java:173) ~[ozone-manager-1.4.0-SNAPSHOT.jar:?]
	at org.apache.hadoop.hdds.server.OzoneProtocolMessageDispatcher.processRequest(OzoneProtocolMessageDispatcher.java:87) [hdds-server-framework-1.4.0-SNAPSHOT.jar:?]
	at org.apache.hadoop.ozone.protocolPB.OzoneManagerProtocolServerSideTranslatorPB.submitRequest(OzoneManagerProtocolServerSideTranslatorPB.java:147) [ozone-manager-1.4.0-SNAPSHOT.jar:?]
	at org.apache.hadoop.ozone.protocol.proto.OzoneManagerProtocolProtos$OzoneManagerService$2.callBlockingMethod(OzoneManagerProtocolProtos.java) [ozone-interface-client-1.4.0-SNAPSHOT.jar:?]
	at org.apache.hadoop.ipc.ProtobufRpcEngine$Server.processCall(ProtobufRpcEngine.java:465) [hadoop-common-3.3.4.jar:?]
	at org.apache.hadoop.ipc.ProtobufRpcEngine2$Server$ProtoBufRpcInvoker.call(ProtobufRpcEngine2.java:578) [hadoop-common-3.3.4.jar:?]
	at org.apache.hadoop.ipc.ProtobufRpcEngine2$Server$ProtoBufRpcInvoker.call(ProtobufRpcEngine2.java:556) [hadoop-common-3.3.4.jar:?]
	at org.apache.hadoop.ipc.RPC$Server.call(RPC.java:1093) [hadoop-common-3.3.4.jar:?]
	at org.apache.hadoop.ipc.Server$RpcCall.run(Server.java:1043) [hadoop-common-3.3.4.jar:?]
	at org.apache.hadoop.ipc.Server$RpcCall.run(Server.java:971) [hadoop-common-3.3.4.jar:?]
	at java.security.AccessController.doPrivileged(Native Method) ~[?:1.8.0_362]
	at javax.security.auth.Subject.doAs(Subject.java:422) [?:1.8.0_362]
	at org.apache.hadoop.security.UserGroupInformation.doAs(UserGroupInformation.java:1878) [hadoop-common-3.3.4.jar:?]
	at org.apache.hadoop.ipc.Server$Handler.run(Server.java:2976) [hadoop-common-3.3.4.jar:?]
05:44:51.249 [IPC Server handler 8 on default port 39193] ERROR OMAudit - user=runner | ip=127.0.0.1 | op=GET_FILE_STATUS {volume=volume61968, bucket=bucket63791, key=level0/level2/level2, dataSize=0, replicationConfig=null} | ret=FAILURE
org.apache.hadoop.ozone.om.exceptions.OMException: Unable to get file status: volume: volume61968 bucket: bucket63791 key: level0/level2/level2
	at org.apache.hadoop.ozone.om.KeyManagerImpl.getOzoneFileStatusFSO(KeyManagerImpl.java:1320) ~[ozone-manager-1.4.0-SNAPSHOT.jar:?]
	at org.apache.hadoop.ozone.om.KeyManagerImpl.getFileStatus(KeyManagerImpl.java:1112) ~[ozone-manager-1.4.0-SNAPSHOT.jar:?]
	at org.apache.hadoop.ozone.om.OmMetadataReader.getFileStatus(OmMetadataReader.java:288) ~[ozone-manager-1.4.0-SNAPSHOT.jar:?]
	at org.apache.hadoop.ozone.om.OzoneManager.getFileStatus(OzoneManager.java:3494) ~[ozone-manager-1.4.0-SNAPSHOT.jar:?]
	at org.apache.hadoop.ozone.protocolPB.OzoneManagerRequestHandler.getOzoneFileStatus(OzoneManagerRequestHandler.java:933) ~[ozone-manager-1.4.0-SNAPSHOT.jar:?]
	at org.apache.hadoop.ozone.protocolPB.OzoneManagerRequestHandler.handleReadRequest(OzoneManagerRequestHandler.java:238) ~[ozone-manager-1.4.0-SNAPSHOT.jar:?]
	at org.apache.hadoop.ozone.protocolPB.OzoneManagerProtocolServerSideTranslatorPB.submitRequestDirectlyToOM(OzoneManagerProtocolServerSideTranslatorPB.java:272) ~[ozone-manager-1.4.0-SNAPSHOT.jar:?]
	at org.apache.hadoop.ozone.protocolPB.OzoneManagerProtocolServerSideTranslatorPB.processRequest(OzoneManagerProtocolServerSideTranslatorPB.java:173) ~[ozone-manager-1.4.0-SNAPSHOT.jar:?]
	at org.apache.hadoop.hdds.server.OzoneProtocolMessageDispatcher.processRequest(OzoneProtocolMessageDispatcher.java:87) [hdds-server-framework-1.4.0-SNAPSHOT.jar:?]
	at org.apache.hadoop.ozone.protocolPB.OzoneManagerProtocolServerSideTranslatorPB.submitRequest(OzoneManagerProtocolServerSideTranslatorPB.java:147) [ozone-manager-1.4.0-SNAPSHOT.jar:?]
	at org.apache.hadoop.ozone.protocol.proto.OzoneManagerProtocolProtos$OzoneManagerService$2.callBlockingMethod(OzoneManagerProtocolProtos.java) [ozone-interface-client-1.4.0-SNAPSHOT.jar:?]
	at org.apache.hadoop.ipc.ProtobufRpcEngine$Server.processCall(ProtobufRpcEngine.java:465) [hadoop-common-3.3.4.jar:?]
	at org.apache.hadoop.ipc.ProtobufRpcEngine2$Server$ProtoBufRpcInvoker.call(ProtobufRpcEngine2.java:578) [hadoop-common-3.3.4.jar:?]
	at org.apache.hadoop.ipc.ProtobufRpcEngine2$Server$ProtoBufRpcInvoker.call(ProtobufRpcEngine2.java:556) [hadoop-common-3.3.4.jar:?]
	at org.apache.hadoop.ipc.RPC$Server.call(RPC.java:1093) [hadoop-common-3.3.4.jar:?]
	at org.apache.hadoop.ipc.Server$RpcCall.run(Server.java:1043) [hadoop-common-3.3.4.jar:?]
	at org.apache.hadoop.ipc.Server$RpcCall.run(Server.java:971) [hadoop-common-3.3.4.jar:?]
	at java.security.AccessController.doPrivileged(Native Method) ~[?:1.8.0_362]
	at javax.security.auth.Subject.doAs(Subject.java:422) [?:1.8.0_362]
	at org.apache.hadoop.security.UserGroupInformation.doAs(UserGroupInformation.java:1878) [hadoop-common-3.3.4.jar:?]
	at org.apache.hadoop.ipc.Server$Handler.run(Server.java:2976) [hadoop-common-3.3.4.jar:?]
05:44:51.250 [IPC Server handler 9 on default port 39193] ERROR OMAudit - user=runner | ip=127.0.0.1 | op=GET_FILE_STATUS {volume=volume61968, bucket=bucket63791, key=level0/level2/file1, dataSize=0, replicationConfig=null} | ret=FAILURE
org.apache.hadoop.ozone.om.exceptions.OMException: Unable to get file status: volume: volume61968 bucket: bucket63791 key: level0/level2/file1
	at org.apache.hadoop.ozone.om.KeyManagerImpl.getOzoneFileStatusFSO(KeyManagerImpl.java:1320) ~[ozone-manager-1.4.0-SNAPSHOT.jar:?]
	at org.apache.hadoop.ozone.om.KeyManagerImpl.getFileStatus(KeyManagerImpl.java:1112) ~[ozone-manager-1.4.0-SNAPSHOT.jar:?]
	at org.apache.hadoop.ozone.om.OmMetadataReader.getFileStatus(OmMetadataReader.java:288) ~[ozone-manager-1.4.0-SNAPSHOT.jar:?]
	at org.apache.hadoop.ozone.om.OzoneManager.getFileStatus(OzoneManager.java:3494) ~[ozone-manager-1.4.0-SNAPSHOT.jar:?]
	at org.apache.hadoop.ozone.protocolPB.OzoneManagerRequestHandler.getOzoneFileStatus(OzoneManagerRequestHandler.java:933) ~[ozone-manager-1.4.0-SNAPSHOT.jar:?]
	at org.apache.hadoop.ozone.protocolPB.OzoneManagerRequestHandler.handleReadRequest(OzoneManagerRequestHandler.java:238) ~[ozone-manager-1.4.0-SNAPSHOT.jar:?]
	at org.apache.hadoop.ozone.protocolPB.OzoneManagerProtocolServerSideTranslatorPB.submitRequestDirectlyToOM(OzoneManagerProtocolServerSideTranslatorPB.java:272) ~[ozone-manager-1.4.0-SNAPSHOT.jar:?]
	at org.apache.hadoop.ozone.protocolPB.OzoneManagerProtocolServerSideTranslatorPB.processRequest(OzoneManagerProtocolServerSideTranslatorPB.java:173) ~[ozone-manager-1.4.0-SNAPSHOT.jar:?]
	at org.apache.hadoop.hdds.server.OzoneProtocolMessageDispatcher.processRequest(OzoneProtocolMessageDispatcher.java:87) [hdds-server-framework-1.4.0-SNAPSHOT.jar:?]
	at org.apache.hadoop.ozone.protocolPB.OzoneManagerProtocolServerSideTranslatorPB.submitRequest(OzoneManagerProtocolServerSideTranslatorPB.java:147) [ozone-manager-1.4.0-SNAPSHOT.jar:?]
	at org.apache.hadoop.ozone.protocol.proto.OzoneManagerProtocolProtos$OzoneManagerService$2.callBlockingMethod(OzoneManagerProtocolProtos.java) [ozone-interface-client-1.4.0-SNAPSHOT.jar:?]
	at org.apache.hadoop.ipc.ProtobufRpcEngine$Server.processCall(ProtobufRpcEngine.java:465) [hadoop-common-3.3.4.jar:?]
	at org.apache.hadoop.ipc.ProtobufRpcEngine2$Server$ProtoBufRpcInvoker.call(ProtobufRpcEngine2.java:578) [hadoop-common-3.3.4.jar:?]
	at org.apache.hadoop.ipc.ProtobufRpcEngine2$Server$ProtoBufRpcInvoker.call(ProtobufRpcEngine2.java:556) [hadoop-common-3.3.4.jar:?]
	at org.apache.hadoop.ipc.RPC$Server.call(RPC.java:1093) [hadoop-common-3.3.4.jar:?]
	at org.apache.hadoop.ipc.Server$RpcCall.run(Server.java:1043) [hadoop-common-3.3.4.jar:?]
	at org.apache.hadoop.ipc.Server$RpcCall.run(Server.java:971) [hadoop-common-3.3.4.jar:?]
	at java.security.AccessController.doPrivileged(Native Method) ~[?:1.8.0_362]
	at javax.security.auth.Subject.doAs(Subject.java:422) [?:1.8.0_362]
	at org.apache.hadoop.security.UserGroupInformation.doAs(UserGroupInformation.java:1878) [hadoop-common-3.3.4.jar:?]
	at org.apache.hadoop.ipc.Server$Handler.run(Server.java:2976) [hadoop-common-3.3.4.jar:?]
05:44:51.250 [IPC Server handler 10 on default port 39193] ERROR OMAudit - user=runner | ip=127.0.0.1 | op=GET_FILE_STATUS {volume=volume61968, bucket=bucket63791, key=level0/level2/level2/file1, dataSize=0, replicationConfig=null} | ret=FAILURE
org.apache.hadoop.ozone.om.exceptions.OMException: Unable to get file status: volume: volume61968 bucket: bucket63791 key: level0/level2/level2/file1
	at org.apache.hadoop.ozone.om.KeyManagerImpl.getOzoneFileStatusFSO(KeyManagerImpl.java:1320) ~[ozone-manager-1.4.0-SNAPSHOT.jar:?]
	at org.apache.hadoop.ozone.om.KeyManagerImpl.getFileStatus(KeyManagerImpl.java:1112) ~[ozone-manager-1.4.0-SNAPSHOT.jar:?]
	at org.apache.hadoop.ozone.om.OmMetadataReader.getFileStatus(OmMetadataReader.java:288) ~[ozone-manager-1.4.0-SNAPSHOT.jar:?]
	at org.apache.hadoop.ozone.om.OzoneManager.getFileStatus(OzoneManager.java:3494) ~[ozone-manager-1.4.0-SNAPSHOT.jar:?]
	at org.apache.hadoop.ozone.protocolPB.OzoneManagerRequestHandler.getOzoneFileStatus(OzoneManagerRequestHandler.java:933) ~[ozone-manager-1.4.0-SNAPSHOT.jar:?]
	at org.apache.hadoop.ozone.protocolPB.OzoneManagerRequestHandler.handleReadRequest(OzoneManagerRequestHandler.java:238) ~[ozone-manager-1.4.0-SNAPSHOT.jar:?]
	at org.apache.hadoop.ozone.protocolPB.OzoneManagerProtocolServerSideTranslatorPB.submitRequestDirectlyToOM(OzoneManagerProtocolServerSideTranslatorPB.java:272) ~[ozone-manager-1.4.0-SNAPSHOT.jar:?]
	at org.apache.hadoop.ozone.protocolPB.OzoneManagerProtocolServerSideTranslatorPB.processRequest(OzoneManagerProtocolServerSideTranslatorPB.java:173) ~[ozone-manager-1.4.0-SNAPSHOT.jar:?]
	at org.apache.hadoop.hdds.server.OzoneProtocolMessageDispatcher.processRequest(OzoneProtocolMessageDispatcher.java:87) [hdds-server-framework-1.4.0-SNAPSHOT.jar:?]
	at org.apache.hadoop.ozone.protocolPB.OzoneManagerProtocolServerSideTranslatorPB.submitRequest(OzoneManagerProtocolServerSideTranslatorPB.java:147) [ozone-manager-1.4.0-SNAPSHOT.jar:?]
	at org.apache.hadoop.ozone.protocol.proto.OzoneManagerProtocolProtos$OzoneManagerService$2.callBlockingMethod(OzoneManagerProtocolProtos.java) [ozone-interface-client-1.4.0-SNAPSHOT.jar:?]
	at org.apache.hadoop.ipc.ProtobufRpcEngine$Server.processCall(ProtobufRpcEngine.java:465) [hadoop-common-3.3.4.jar:?]
	at org.apache.hadoop.ipc.ProtobufRpcEngine2$Server$ProtoBufRpcInvoker.call(ProtobufRpcEngine2.java:578) [hadoop-common-3.3.4.jar:?]
	at org.apache.hadoop.ipc.ProtobufRpcEngine2$Server$ProtoBufRpcInvoker.call(ProtobufRpcEngine2.java:556) [hadoop-common-3.3.4.jar:?]
	at org.apache.hadoop.ipc.RPC$Server.call(RPC.java:1093) [hadoop-common-3.3.4.jar:?]
	at org.apache.hadoop.ipc.Server$RpcCall.run(Server.java:1043) [hadoop-common-3.3.4.jar:?]
	at org.apache.hadoop.ipc.Server$RpcCall.run(Server.java:971) [hadoop-common-3.3.4.jar:?]
	at java.security.AccessController.doPrivileged(Native Method) ~[?:1.8.0_362]
	at javax.security.auth.Subject.doAs(Subject.java:422) [?:1.8.0_362]
	at org.apache.hadoop.security.UserGroupInformation.doAs(UserGroupInformation.java:1878) [hadoop-common-3.3.4.jar:?]
	at org.apache.hadoop.ipc.Server$Handler.run(Server.java:2976) [hadoop-common-3.3.4.jar:?]
05:44:51.251 [IPC Server handler 11 on default port 39193] ERROR OMAudit - user=runner | ip=127.0.0.1 | op=GET_FILE_STATUS {volume=volume61968, bucket=bucket63791, key=level0/level3, dataSize=0, replicationConfig=null} | ret=FAILURE
org.apache.hadoop.ozone.om.exceptions.OMException: Unable to get file status: volume: volume61968 bucket: bucket63791 key: level0/level3
	at org.apache.hadoop.ozone.om.KeyManagerImpl.getOzoneFileStatusFSO(KeyManagerImpl.java:1320) ~[ozone-manager-1.4.0-SNAPSHOT.jar:?]
	at org.apache.hadoop.ozone.om.KeyManagerImpl.getFileStatus(KeyManagerImpl.java:1112) ~[ozone-manager-1.4.0-SNAPSHOT.jar:?]
	at org.apache.hadoop.ozone.om.OmMetadataReader.getFileStatus(OmMetadataReader.java:288) ~[ozone-manager-1.4.0-SNAPSHOT.jar:?]
	at org.apache.hadoop.ozone.om.OzoneManager.getFileStatus(OzoneManager.java:3494) ~[ozone-manager-1.4.0-SNAPSHOT.jar:?]
	at org.apache.hadoop.ozone.protocolPB.OzoneManagerRequestHandler.getOzoneFileStatus(OzoneManagerRequestHandler.java:933) ~[ozone-manager-1.4.0-SNAPSHOT.jar:?]
	at org.apache.hadoop.ozone.protocolPB.OzoneManagerRequestHandler.handleReadRequest(OzoneManagerRequestHandler.java:238) ~[ozone-manager-1.4.0-SNAPSHOT.jar:?]
	at org.apache.hadoop.ozone.protocolPB.OzoneManagerProtocolServerSideTranslatorPB.submitRequestDirectlyToOM(OzoneManagerProtocolServerSideTranslatorPB.java:272) ~[ozone-manager-1.4.0-SNAPSHOT.jar:?]
	at org.apache.hadoop.ozone.protocolPB.OzoneManagerProtocolServerSideTranslatorPB.processRequest(OzoneManagerProtocolServerSideTranslatorPB.java:173) ~[ozone-manager-1.4.0-SNAPSHOT.jar:?]
	at org.apache.hadoop.hdds.server.OzoneProtocolMessageDispatcher.processRequest(OzoneProtocolMessageDispatcher.java:87) [hdds-server-framework-1.4.0-SNAPSHOT.jar:?]
	at org.apache.hadoop.ozone.protocolPB.OzoneManagerProtocolServerSideTranslatorPB.submitRequest(OzoneManagerProtocolServerSideTranslatorPB.java:147) [ozone-manager-1.4.0-SNAPSHOT.jar:?]
	at org.apache.hadoop.ozone.protocol.proto.OzoneManagerProtocolProtos$OzoneManagerService$2.callBlockingMethod(OzoneManagerProtocolProtos.java) [ozone-interface-client-1.4.0-SNAPSHOT.jar:?]
	at org.apache.hadoop.ipc.ProtobufRpcEngine$Server.processCall(ProtobufRpcEngine.java:465) [hadoop-common-3.3.4.jar:?]
	at org.apache.hadoop.ipc.ProtobufRpcEngine2$Server$ProtoBufRpcInvoker.call(ProtobufRpcEngine2.java:578) [hadoop-common-3.3.4.jar:?]
	at org.apache.hadoop.ipc.ProtobufRpcEngine2$Server$ProtoBufRpcInvoker.call(ProtobufRpcEngine2.java:556) [hadoop-common-3.3.4.jar:?]
	at org.apache.hadoop.ipc.RPC$Server.call(RPC.java:1093) [hadoop-common-3.3.4.jar:?]
	at org.apache.hadoop.ipc.Server$RpcCall.run(Server.java:1043) [hadoop-common-3.3.4.jar:?]
	at org.apache.hadoop.ipc.Server$RpcCall.run(Server.java:971) [hadoop-common-3.3.4.jar:?]
	at java.security.AccessController.doPrivileged(Native Method) ~[?:1.8.0_362]
	at javax.security.auth.Subject.doAs(Subject.java:422) [?:1.8.0_362]
	at org.apache.hadoop.security.UserGroupInformation.doAs(UserGroupInformation.java:1878) [hadoop-common-3.3.4.jar:?]
	at org.apache.hadoop.ipc.Server$Handler.run(Server.java:2976) [hadoop-common-3.3.4.jar:?]
05:44:51.252 [IPC Server handler 12 on default port 39193] ERROR OMAudit - user=runner | ip=127.0.0.1 | op=GET_FILE_STATUS {volume=volume61968, bucket=bucket63791, key=level0/level3/level3, dataSize=0, replicationConfig=null} | ret=FAILURE
org.apache.hadoop.ozone.om.exceptions.OMException: Unable to get file status: volume: volume61968 bucket: bucket63791 key: level0/level3/level3
	at org.apache.hadoop.ozone.om.KeyManagerImpl.getOzoneFileStatusFSO(KeyManagerImpl.java:1320) ~[ozone-manager-1.4.0-SNAPSHOT.jar:?]
	at org.apache.hadoop.ozone.om.KeyManagerImpl.getFileStatus(KeyManagerImpl.java:1112) ~[ozone-manager-1.4.0-SNAPSHOT.jar:?]
	at org.apache.hadoop.ozone.om.OmMetadataReader.getFileStatus(OmMetadataReader.java:288) ~[ozone-manager-1.4.0-SNAPSHOT.jar:?]
	at org.apache.hadoop.ozone.om.OzoneManager.getFileStatus(OzoneManager.java:3494) ~[ozone-manager-1.4.0-SNAPSHOT.jar:?]
	at org.apache.hadoop.ozone.protocolPB.OzoneManagerRequestHandler.getOzoneFileStatus(OzoneManagerRequestHandler.java:933) ~[ozone-manager-1.4.0-SNAPSHOT.jar:?]
	at org.apache.hadoop.ozone.protocolPB.OzoneManagerRequestHandler.handleReadRequest(OzoneManagerRequestHandler.java:238) ~[ozone-manager-1.4.0-SNAPSHOT.jar:?]
	at org.apache.hadoop.ozone.protocolPB.OzoneManagerProtocolServerSideTranslatorPB.submitRequestDirectlyToOM(OzoneManagerProtocolServerSideTranslatorPB.java:272) ~[ozone-manager-1.4.0-SNAPSHOT.jar:?]
	at org.apache.hadoop.ozone.protocolPB.OzoneManagerProtocolServerSideTranslatorPB.processRequest(OzoneManagerProtocolServerSideTranslatorPB.java:173) ~[ozone-manager-1.4.0-SNAPSHOT.jar:?]
	at org.apache.hadoop.hdds.server.OzoneProtocolMessageDispatcher.processRequest(OzoneProtocolMessageDispatcher.java:87) [hdds-server-framework-1.4.0-SNAPSHOT.jar:?]
	at org.apache.hadoop.ozone.protocolPB.OzoneManagerProtocolServerSideTranslatorPB.submitRequest(OzoneManagerProtocolServerSideTranslatorPB.java:147) [ozone-manager-1.4.0-SNAPSHOT.jar:?]
	at org.apache.hadoop.ozone.protocol.proto.OzoneManagerProtocolProtos$OzoneManagerService$2.callBlockingMethod(OzoneManagerProtocolProtos.java) [ozone-interface-client-1.4.0-SNAPSHOT.jar:?]
	at org.apache.hadoop.ipc.ProtobufRpcEngine$Server.processCall(ProtobufRpcEngine.java:465) [hadoop-common-3.3.4.jar:?]
	at org.apache.hadoop.ipc.ProtobufRpcEngine2$Server$ProtoBufRpcInvoker.call(ProtobufRpcEngine2.java:578) [hadoop-common-3.3.4.jar:?]
	at org.apache.hadoop.ipc.ProtobufRpcEngine2$Server$ProtoBufRpcInvoker.call(ProtobufRpcEngine2.java:556) [hadoop-common-3.3.4.jar:?]
	at org.apache.hadoop.ipc.RPC$Server.call(RPC.java:1093) [hadoop-common-3.3.4.jar:?]
	at org.apache.hadoop.ipc.Server$RpcCall.run(Server.java:1043) [hadoop-common-3.3.4.jar:?]
	at org.apache.hadoop.ipc.Server$RpcCall.run(Server.java:971) [hadoop-common-3.3.4.jar:?]
	at java.security.AccessController.doPrivileged(Native Method) ~[?:1.8.0_362]
	at javax.security.auth.Subject.doAs(Subject.java:422) [?:1.8.0_362]
	at org.apache.hadoop.security.UserGroupInformation.doAs(UserGroupInformation.java:1878) [hadoop-common-3.3.4.jar:?]
	at org.apache.hadoop.ipc.Server$Handler.run(Server.java:2976) [hadoop-common-3.3.4.jar:?]
05:44:51.252 [IPC Server handler 13 on default port 39193] ERROR OMAudit - user=runner | ip=127.0.0.1 | op=GET_FILE_STATUS {volume=volume61968, bucket=bucket63791, key=level0/level3/file1, dataSize=0, replicationConfig=null} | ret=FAILURE
org.apache.hadoop.ozone.om.exceptions.OMException: Unable to get file status: volume: volume61968 bucket: bucket63791 key: level0/level3/file1
	at org.apache.hadoop.ozone.om.KeyManagerImpl.getOzoneFileStatusFSO(KeyManagerImpl.java:1320) ~[ozone-manager-1.4.0-SNAPSHOT.jar:?]
	at org.apache.hadoop.ozone.om.KeyManagerImpl.getFileStatus(KeyManagerImpl.java:1112) ~[ozone-manager-1.4.0-SNAPSHOT.jar:?]
	at org.apache.hadoop.ozone.om.OmMetadataReader.getFileStatus(OmMetadataReader.java:288) ~[ozone-manager-1.4.0-SNAPSHOT.jar:?]
	at org.apache.hadoop.ozone.om.OzoneManager.getFileStatus(OzoneManager.java:3494) ~[ozone-manager-1.4.0-SNAPSHOT.jar:?]
	at org.apache.hadoop.ozone.protocolPB.OzoneManagerRequestHandler.getOzoneFileStatus(OzoneManagerRequestHandler.java:933) ~[ozone-manager-1.4.0-SNAPSHOT.jar:?]
	at org.apache.hadoop.ozone.protocolPB.OzoneManagerRequestHandler.handleReadRequest(OzoneManagerRequestHandler.java:238) ~[ozone-manager-1.4.0-SNAPSHOT.jar:?]
	at org.apache.hadoop.ozone.protocolPB.OzoneManagerProtocolServerSideTranslatorPB.submitRequestDirectlyToOM(OzoneManagerProtocolServerSideTranslatorPB.java:272) ~[ozone-manager-1.4.0-SNAPSHOT.jar:?]
	at org.apache.hadoop.ozone.protocolPB.OzoneManagerProtocolServerSideTranslatorPB.processRequest(OzoneManagerProtocolServerSideTranslatorPB.java:173) ~[ozone-manager-1.4.0-SNAPSHOT.jar:?]
	at org.apache.hadoop.hdds.server.OzoneProtocolMessageDispatcher.processRequest(OzoneProtocolMessageDispatcher.java:87) [hdds-server-framework-1.4.0-SNAPSHOT.jar:?]
	at org.apache.hadoop.ozone.protocolPB.OzoneManagerProtocolServerSideTranslatorPB.submitRequest(OzoneManagerProtocolServerSideTranslatorPB.java:147) [ozone-manager-1.4.0-SNAPSHOT.jar:?]
	at org.apache.hadoop.ozone.protocol.proto.OzoneManagerProtocolProtos$OzoneManagerService$2.callBlockingMethod(OzoneManagerProtocolProtos.java) [ozone-interface-client-1.4.0-SNAPSHOT.jar:?]
	at org.apache.hadoop.ipc.ProtobufRpcEngine$Server.processCall(ProtobufRpcEngine.java:465) [hadoop-common-3.3.4.jar:?]
	at org.apache.hadoop.ipc.ProtobufRpcEngine2$Server$ProtoBufRpcInvoker.call(ProtobufRpcEngine2.java:578) [hadoop-common-3.3.4.jar:?]
	at org.apache.hadoop.ipc.ProtobufRpcEngine2$Server$ProtoBufRpcInvoker.call(ProtobufRpcEngine2.java:556) [hadoop-common-3.3.4.jar:?]
	at org.apache.hadoop.ipc.RPC$Server.call(RPC.java:1093) [hadoop-common-3.3.4.jar:?]
	at org.apache.hadoop.ipc.Server$RpcCall.run(Server.java:1043) [hadoop-common-3.3.4.jar:?]
	at org.apache.hadoop.ipc.Server$RpcCall.run(Server.java:971) [hadoop-common-3.3.4.jar:?]
	at java.security.AccessController.doPrivileged(Native Method) ~[?:1.8.0_362]
	at javax.security.auth.Subject.doAs(Subject.java:422) [?:1.8.0_362]
	at org.apache.hadoop.security.UserGroupInformation.doAs(UserGroupInformation.java:1878) [hadoop-common-3.3.4.jar:?]
	at org.apache.hadoop.ipc.Server$Handler.run(Server.java:2976) [hadoop-common-3.3.4.jar:?]
05:44:51.253 [IPC Server handler 14 on default port 39193] ERROR OMAudit - user=runner | ip=127.0.0.1 | op=GET_FILE_STATUS {volume=volume61968, bucket=bucket63791, key=level0/level3/level3/file1, dataSize=0, replicationConfig=null} | ret=FAILURE
org.apache.hadoop.ozone.om.exceptions.OMException: Unable to get file status: volume: volume61968 bucket: bucket63791 key: level0/level3/level3/file1
	at org.apache.hadoop.ozone.om.KeyManagerImpl.getOzoneFileStatusFSO(KeyManagerImpl.java:1320) ~[ozone-manager-1.4.0-SNAPSHOT.jar:?]
	at org.apache.hadoop.ozone.om.KeyManagerImpl.getFileStatus(KeyManagerImpl.java:1112) ~[ozone-manager-1.4.0-SNAPSHOT.jar:?]
	at org.apache.hadoop.ozone.om.OmMetadataReader.getFileStatus(OmMetadataReader.java:288) ~[ozone-manager-1.4.0-SNAPSHOT.jar:?]
	at org.apache.hadoop.ozone.om.OzoneManager.getFileStatus(OzoneManager.java:3494) ~[ozone-manager-1.4.0-SNAPSHOT.jar:?]
	at org.apache.hadoop.ozone.protocolPB.OzoneManagerRequestHandler.getOzoneFileStatus(OzoneManagerRequestHandler.java:933) ~[ozone-manager-1.4.0-SNAPSHOT.jar:?]
	at org.apache.hadoop.ozone.protocolPB.OzoneManagerRequestHandler.handleReadRequest(OzoneManagerRequestHandler.java:238) ~[ozone-manager-1.4.0-SNAPSHOT.jar:?]
	at org.apache.hadoop.ozone.protocolPB.OzoneManagerProtocolServerSideTranslatorPB.submitRequestDirectlyToOM(OzoneManagerProtocolServerSideTranslatorPB.java:272) ~[ozone-manager-1.4.0-SNAPSHOT.jar:?]
	at org.apache.hadoop.ozone.protocolPB.OzoneManagerProtocolServerSideTranslatorPB.processRequest(OzoneManagerProtocolServerSideTranslatorPB.java:173) ~[ozone-manager-1.4.0-SNAPSHOT.jar:?]
	at org.apache.hadoop.hdds.server.OzoneProtocolMessageDispatcher.processRequest(OzoneProtocolMessageDispatcher.java:87) [hdds-server-framework-1.4.0-SNAPSHOT.jar:?]
	at org.apache.hadoop.ozone.protocolPB.OzoneManagerProtocolServerSideTranslatorPB.submitRequest(OzoneManagerProtocolServerSideTranslatorPB.java:147) [ozone-manager-1.4.0-SNAPSHOT.jar:?]
	at org.apache.hadoop.ozone.protocol.proto.OzoneManagerProtocolProtos$OzoneManagerService$2.callBlockingMethod(OzoneManagerProtocolProtos.java) [ozone-interface-client-1.4.0-SNAPSHOT.jar:?]
	at org.apache.hadoop.ipc.ProtobufRpcEngine$Server.processCall(ProtobufRpcEngine.java:465) [hadoop-common-3.3.4.jar:?]
	at org.apache.hadoop.ipc.ProtobufRpcEngine2$Server$ProtoBufRpcInvoker.call(ProtobufRpcEngine2.java:578) [hadoop-common-3.3.4.jar:?]
	at org.apache.hadoop.ipc.ProtobufRpcEngine2$Server$ProtoBufRpcInvoker.call(ProtobufRpcEngine2.java:556) [hadoop-common-3.3.4.jar:?]
	at org.apache.hadoop.ipc.RPC$Server.call(RPC.java:1093) [hadoop-common-3.3.4.jar:?]
	at org.apache.hadoop.ipc.Server$RpcCall.run(Server.java:1043) [hadoop-common-3.3.4.jar:?]
	at org.apache.hadoop.ipc.Server$RpcCall.run(Server.java:971) [hadoop-common-3.3.4.jar:?]
	at java.security.AccessController.doPrivileged(Native Method) ~[?:1.8.0_362]
	at javax.security.auth.Subject.doAs(Subject.java:422) [?:1.8.0_362]
	at org.apache.hadoop.security.UserGroupInformation.doAs(UserGroupInformation.java:1878) [hadoop-common-3.3.4.jar:?]
	at org.apache.hadoop.ipc.Server$Handler.run(Server.java:2976) [hadoop-common-3.3.4.jar:?]
]]></system-out>
  </testcase>
  <testcase name="testGetTrashRoots" classname="TestOzoneFileSystemWithFSO" time="0.054">
    <system-out><![CDATA[05:44:05.718 [IPC Server handler 18 on default port 43369] ERROR OMAudit - user=runner | ip=127.0.0.1 | op=GET_FILE_STATUS {volume=volume35147, bucket=bucket98126, key=.Trash/runner, dataSize=0, replicationConfig=null} | ret=FAILURE
org.apache.hadoop.ozone.om.exceptions.OMException: Unable to get file status: volume: volume35147 bucket: bucket98126 key: .Trash/runner
	at org.apache.hadoop.ozone.om.KeyManagerImpl.getOzoneFileStatusFSO(KeyManagerImpl.java:1320) ~[ozone-manager-1.4.0-SNAPSHOT.jar:?]
	at org.apache.hadoop.ozone.om.KeyManagerImpl.getFileStatus(KeyManagerImpl.java:1112) ~[ozone-manager-1.4.0-SNAPSHOT.jar:?]
	at org.apache.hadoop.ozone.om.OmMetadataReader.getFileStatus(OmMetadataReader.java:288) ~[ozone-manager-1.4.0-SNAPSHOT.jar:?]
	at org.apache.hadoop.ozone.om.OzoneManager.getFileStatus(OzoneManager.java:3494) ~[ozone-manager-1.4.0-SNAPSHOT.jar:?]
	at org.apache.hadoop.ozone.protocolPB.OzoneManagerRequestHandler.getOzoneFileStatus(OzoneManagerRequestHandler.java:933) ~[ozone-manager-1.4.0-SNAPSHOT.jar:?]
	at org.apache.hadoop.ozone.protocolPB.OzoneManagerRequestHandler.handleReadRequest(OzoneManagerRequestHandler.java:238) ~[ozone-manager-1.4.0-SNAPSHOT.jar:?]
	at org.apache.hadoop.ozone.protocolPB.OzoneManagerProtocolServerSideTranslatorPB.submitReadRequestToOM(OzoneManagerProtocolServerSideTranslatorPB.java:223) ~[ozone-manager-1.4.0-SNAPSHOT.jar:?]
	at org.apache.hadoop.ozone.protocolPB.OzoneManagerProtocolServerSideTranslatorPB.processRequest(OzoneManagerProtocolServerSideTranslatorPB.java:177) ~[ozone-manager-1.4.0-SNAPSHOT.jar:?]
	at org.apache.hadoop.hdds.server.OzoneProtocolMessageDispatcher.processRequest(OzoneProtocolMessageDispatcher.java:87) [hdds-server-framework-1.4.0-SNAPSHOT.jar:?]
	at org.apache.hadoop.ozone.protocolPB.OzoneManagerProtocolServerSideTranslatorPB.submitRequest(OzoneManagerProtocolServerSideTranslatorPB.java:147) [ozone-manager-1.4.0-SNAPSHOT.jar:?]
	at org.apache.hadoop.ozone.protocol.proto.OzoneManagerProtocolProtos$OzoneManagerService$2.callBlockingMethod(OzoneManagerProtocolProtos.java) [ozone-interface-client-1.4.0-SNAPSHOT.jar:?]
	at org.apache.hadoop.ipc.ProtobufRpcEngine$Server.processCall(ProtobufRpcEngine.java:465) [hadoop-common-3.3.4.jar:?]
	at org.apache.hadoop.ipc.ProtobufRpcEngine2$Server$ProtoBufRpcInvoker.call(ProtobufRpcEngine2.java:578) [hadoop-common-3.3.4.jar:?]
	at org.apache.hadoop.ipc.ProtobufRpcEngine2$Server$ProtoBufRpcInvoker.call(ProtobufRpcEngine2.java:556) [hadoop-common-3.3.4.jar:?]
	at org.apache.hadoop.ipc.RPC$Server.call(RPC.java:1093) [hadoop-common-3.3.4.jar:?]
	at org.apache.hadoop.ipc.Server$RpcCall.run(Server.java:1043) [hadoop-common-3.3.4.jar:?]
	at org.apache.hadoop.ipc.Server$RpcCall.run(Server.java:971) [hadoop-common-3.3.4.jar:?]
	at java.security.AccessController.doPrivileged(Native Method) ~[?:1.8.0_362]
	at javax.security.auth.Subject.doAs(Subject.java:422) [?:1.8.0_362]
	at org.apache.hadoop.security.UserGroupInformation.doAs(UserGroupInformation.java:1878) [hadoop-common-3.3.4.jar:?]
	at org.apache.hadoop.ipc.Server$Handler.run(Server.java:2976) [hadoop-common-3.3.4.jar:?]
]]></system-out>
  </testcase>
  <testcase name="testGetTrashRoots" classname="TestOzoneFileSystemWithFSO" time="0.017">
    <system-out><![CDATA[05:44:51.259 [IPC Server handler 18 on default port 39193] ERROR OMAudit - user=runner | ip=127.0.0.1 | op=GET_FILE_STATUS {volume=volume61968, bucket=bucket63791, key=.Trash/runner, dataSize=0, replicationConfig=null} | ret=FAILURE
org.apache.hadoop.ozone.om.exceptions.OMException: Unable to get file status: volume: volume61968 bucket: bucket63791 key: .Trash/runner
	at org.apache.hadoop.ozone.om.KeyManagerImpl.getOzoneFileStatusFSO(KeyManagerImpl.java:1320) ~[ozone-manager-1.4.0-SNAPSHOT.jar:?]
	at org.apache.hadoop.ozone.om.KeyManagerImpl.getFileStatus(KeyManagerImpl.java:1112) ~[ozone-manager-1.4.0-SNAPSHOT.jar:?]
	at org.apache.hadoop.ozone.om.OmMetadataReader.getFileStatus(OmMetadataReader.java:288) ~[ozone-manager-1.4.0-SNAPSHOT.jar:?]
	at org.apache.hadoop.ozone.om.OzoneManager.getFileStatus(OzoneManager.java:3494) ~[ozone-manager-1.4.0-SNAPSHOT.jar:?]
	at org.apache.hadoop.ozone.protocolPB.OzoneManagerRequestHandler.getOzoneFileStatus(OzoneManagerRequestHandler.java:933) ~[ozone-manager-1.4.0-SNAPSHOT.jar:?]
	at org.apache.hadoop.ozone.protocolPB.OzoneManagerRequestHandler.handleReadRequest(OzoneManagerRequestHandler.java:238) ~[ozone-manager-1.4.0-SNAPSHOT.jar:?]
	at org.apache.hadoop.ozone.protocolPB.OzoneManagerProtocolServerSideTranslatorPB.submitRequestDirectlyToOM(OzoneManagerProtocolServerSideTranslatorPB.java:272) ~[ozone-manager-1.4.0-SNAPSHOT.jar:?]
	at org.apache.hadoop.ozone.protocolPB.OzoneManagerProtocolServerSideTranslatorPB.processRequest(OzoneManagerProtocolServerSideTranslatorPB.java:173) ~[ozone-manager-1.4.0-SNAPSHOT.jar:?]
	at org.apache.hadoop.hdds.server.OzoneProtocolMessageDispatcher.processRequest(OzoneProtocolMessageDispatcher.java:87) [hdds-server-framework-1.4.0-SNAPSHOT.jar:?]
	at org.apache.hadoop.ozone.protocolPB.OzoneManagerProtocolServerSideTranslatorPB.submitRequest(OzoneManagerProtocolServerSideTranslatorPB.java:147) [ozone-manager-1.4.0-SNAPSHOT.jar:?]
	at org.apache.hadoop.ozone.protocol.proto.OzoneManagerProtocolProtos$OzoneManagerService$2.callBlockingMethod(OzoneManagerProtocolProtos.java) [ozone-interface-client-1.4.0-SNAPSHOT.jar:?]
	at org.apache.hadoop.ipc.ProtobufRpcEngine$Server.processCall(ProtobufRpcEngine.java:465) [hadoop-common-3.3.4.jar:?]
	at org.apache.hadoop.ipc.ProtobufRpcEngine2$Server$ProtoBufRpcInvoker.call(ProtobufRpcEngine2.java:578) [hadoop-common-3.3.4.jar:?]
	at org.apache.hadoop.ipc.ProtobufRpcEngine2$Server$ProtoBufRpcInvoker.call(ProtobufRpcEngine2.java:556) [hadoop-common-3.3.4.jar:?]
	at org.apache.hadoop.ipc.RPC$Server.call(RPC.java:1093) [hadoop-common-3.3.4.jar:?]
	at org.apache.hadoop.ipc.Server$RpcCall.run(Server.java:1043) [hadoop-common-3.3.4.jar:?]
	at org.apache.hadoop.ipc.Server$RpcCall.run(Server.java:971) [hadoop-common-3.3.4.jar:?]
	at java.security.AccessController.doPrivileged(Native Method) ~[?:1.8.0_362]
	at javax.security.auth.Subject.doAs(Subject.java:422) [?:1.8.0_362]
	at org.apache.hadoop.security.UserGroupInformation.doAs(UserGroupInformation.java:1878) [hadoop-common-3.3.4.jar:?]
	at org.apache.hadoop.ipc.Server$Handler.run(Server.java:2976) [hadoop-common-3.3.4.jar:?]
]]></system-out>
  </testcase>
  <testcase name="testCreateDoesNotAddParentDirKeys" classname="TestOzoneFileSystemWithFSO" time="0.034">
    <system-out><![CDATA[2023-03-15 05:44:05,778 [OM StateMachine ApplyTransaction Thread - 0] INFO  key.OMKeyRequest (OMKeyRequest.java:wrapUncommittedBlocksAsPseudoKey(838)) - Detect allocated but uncommitted blocks [{blockID={containerID=4, localID=111677748019200046}, length=4194304, offset=0, token=null, pipeline=null, createVersion=0, partNumber=0}] in key testCreateDoesNotAddParentDirKeys/parent/child.
]]></system-out>
  </testcase>
  <testcase name="testCreateDoesNotAddParentDirKeys" classname="TestOzoneFileSystemWithFSO" time="0.017">
    <system-out><![CDATA[2023-03-15 05:44:51,280 [IPC Server handler 2 on default port 39193] INFO  key.OMKeyRequest (OMKeyRequest.java:wrapUncommittedBlocksAsPseudoKey(838)) - Detect allocated but uncommitted blocks [{blockID={containerID=1, localID=111677748019200046}, length=4194304, offset=0, token=null, pipeline=null, createVersion=0, partNumber=0}] in key testCreateDoesNotAddParentDirKeys/parent/child.
]]></system-out>
  </testcase>
  <testcase name="testDeleteCreatesFakeParentDir" classname="TestOzoneFileSystemWithFSO" time="0.029">
    <system-out><![CDATA[2023-03-15 05:44:05,812 [OM StateMachine ApplyTransaction Thread - 0] INFO  key.OMKeyRequest (OMKeyRequest.java:wrapUncommittedBlocksAsPseudoKey(838)) - Detect allocated but uncommitted blocks [{blockID={containerID=3, localID=111677748019200047}, length=4194304, offset=0, token=null, pipeline=null, createVersion=0, partNumber=0}] in key testDeleteCreatesFakeParentDir/parent/child.
]]></system-out>
  </testcase>
  <testcase name="testDeleteCreatesFakeParentDir" classname="TestOzoneFileSystemWithFSO" time="0.011">
    <system-out><![CDATA[2023-03-15 05:44:51,294 [IPC Server handler 15 on default port 39193] INFO  key.OMKeyRequest (OMKeyRequest.java:wrapUncommittedBlocksAsPseudoKey(838)) - Detect allocated but uncommitted blocks [{blockID={containerID=2, localID=111677748019200047}, length=4194304, offset=0, token=null, pipeline=null, createVersion=0, partNumber=0}] in key testDeleteCreatesFakeParentDir/parent/child.
]]></system-out>
  </testcase>
  <testcase name="testListStatusOnKeyNameContainDelimiter" classname="TestOzoneFileSystemWithFSO" time="0.039">
    <system-out><![CDATA[2023-03-15 05:44:05,855 [OM StateMachine ApplyTransaction Thread - 0] INFO  key.OMKeyRequest (OMKeyRequest.java:wrapUncommittedBlocksAsPseudoKey(838)) - Detect allocated but uncommitted blocks [{blockID={containerID=5, localID=111677748019200048}, length=4194304, offset=0, token=null, pipeline=null, createVersion=0, partNumber=0}] in key dir1/dir2/key1.
]]></system-out>
  </testcase>
  <testcase name="testListStatusOnKeyNameContainDelimiter" classname="TestOzoneFileSystemWithFSO" time="0.012">
    <system-out><![CDATA[2023-03-15 05:44:51,306 [IPC Server handler 6 on default port 39193] INFO  key.OMKeyRequest (OMKeyRequest.java:wrapUncommittedBlocksAsPseudoKey(838)) - Detect allocated but uncommitted blocks [{blockID={containerID=5, localID=111677748019200048}, length=4194304, offset=0, token=null, pipeline=null, createVersion=0, partNumber=0}] in key dir1/dir2/key1.
]]></system-out>
  </testcase>
  <testcase name="testNonExplicitlyCreatedPathExistsAfterItsLeafsWereRemoved" classname="TestOzoneFileSystemWithFSO" time="0.031">
    <failure type="java.lang.AssertionError"><![CDATA[java.lang.AssertionError: Statuses array is not empty expected:<0> but was:<1>
	at org.junit.Assert.fail(Assert.java:89)
	at org.junit.Assert.failNotEquals(Assert.java:835)
	at org.junit.Assert.assertEquals(Assert.java:647)
	at org.apache.hadoop.fs.ozone.TestOzoneFileSystem.testNonExplicitlyCreatedPathExistsAfterItsLeafsWereRemoved(TestOzoneFileSystem.java:1132)
	at sun.reflect.NativeMethodAccessorImpl.invoke0(Native Method)
	at sun.reflect.NativeMethodAccessorImpl.invoke(NativeMethodAccessorImpl.java:62)
	at sun.reflect.DelegatingMethodAccessorImpl.invoke(DelegatingMethodAccessorImpl.java:43)
	at java.lang.reflect.Method.invoke(Method.java:498)
	at org.junit.runners.model.FrameworkMethod$1.runReflectiveCall(FrameworkMethod.java:59)
	at org.junit.internal.runners.model.ReflectiveCallable.run(ReflectiveCallable.java:12)
	at org.junit.runners.model.FrameworkMethod.invokeExplosively(FrameworkMethod.java:56)
	at org.junit.internal.runners.statements.InvokeMethod.evaluate(InvokeMethod.java:17)
	at org.junit.internal.runners.statements.RunAfters.evaluate(RunAfters.java:27)
	at org.junit.internal.runners.statements.FailOnTimeout$CallableStatement.call(FailOnTimeout.java:288)
	at org.junit.internal.runners.statements.FailOnTimeout$CallableStatement.call(FailOnTimeout.java:282)
	at java.util.concurrent.FutureTask.run(FutureTask.java:266)
	at java.lang.Thread.run(Thread.java:750)
]]></failure>
  </testcase>
  <testcase name="testNonExplicitlyCreatedPathExistsAfterItsLeafsWereRemoved" classname="TestOzoneFileSystemWithFSO" time="0.008"/>
  <testcase name="testCreateFileShouldCheckExistenceOfDirWithSameName" classname="TestOzoneFileSystemWithFSO" time="0.057">
    <system-out><![CDATA[2023-03-15 05:44:05,923 [OM StateMachine ApplyTransaction Thread - 0] INFO  key.OMKeyRequest (OMKeyRequest.java:wrapUncommittedBlocksAsPseudoKey(838)) - Detect allocated but uncommitted blocks [{blockID={containerID=1, localID=111677748019200049}, length=4194304, offset=0, token=null, pipeline=null, createVersion=0, partNumber=0}] in key d1/d2/d3/d4/key1.
05:44:05.931 [OM StateMachine ApplyTransaction Thread - 0] ERROR OMAudit - user=runner | ip=127.0.0.1 | op=CREATE_FILE {volume=volume35147, bucket=bucket98126, key=d1/d2/d3/d4/key2, dataSize=4194304, replicationType=RATIS, replicationFactor=THREE} | ret=FAILURE
org.apache.hadoop.ozone.om.exceptions.OMException: Can not write to directory: d1/d2/d3/d4/key2
	at org.apache.hadoop.ozone.om.request.file.OMFileCreateRequest.checkDirectoryResult(OMFileCreateRequest.java:363) ~[ozone-manager-1.4.0-SNAPSHOT.jar:?]
	at org.apache.hadoop.ozone.om.request.file.OMFileCreateRequestWithFSO.validateAndUpdateCache(OMFileCreateRequestWithFSO.java:152) ~[ozone-manager-1.4.0-SNAPSHOT.jar:?]
	at org.apache.hadoop.ozone.protocolPB.OzoneManagerRequestHandler.handleWriteRequest(OzoneManagerRequestHandler.java:337) ~[ozone-manager-1.4.0-SNAPSHOT.jar:?]
	at org.apache.hadoop.ozone.om.ratis.OzoneManagerStateMachine.runCommand(OzoneManagerStateMachine.java:533) ~[ozone-manager-1.4.0-SNAPSHOT.jar:?]
	at org.apache.hadoop.ozone.om.ratis.OzoneManagerStateMachine.lambda$1(OzoneManagerStateMachine.java:324) ~[ozone-manager-1.4.0-SNAPSHOT.jar:?]
	at java.util.concurrent.CompletableFuture$AsyncSupply.run(CompletableFuture.java:1604) [?:1.8.0_362]
	at java.util.concurrent.ThreadPoolExecutor.runWorker(ThreadPoolExecutor.java:1149) [?:1.8.0_362]
	at java.util.concurrent.ThreadPoolExecutor$Worker.run(ThreadPoolExecutor.java:624) [?:1.8.0_362]
	at java.lang.Thread.run(Thread.java:750) [?:1.8.0_362]
2023-03-15 05:44:05,932 [OM StateMachine ApplyTransaction Thread - 0] ERROR file.OMFileCreateRequestWithFSO (OMFileCreateRequestWithFSO.java:validateAndUpdateCache(260)) - File create failed. Volume:volume35147, Bucket:bucket98126, Key:d1/d2/d3/d4/key2.
NOT_A_FILE org.apache.hadoop.ozone.om.exceptions.OMException: Can not write to directory: d1/d2/d3/d4/key2
	at org.apache.hadoop.ozone.om.request.file.OMFileCreateRequest.checkDirectoryResult(OMFileCreateRequest.java:363)
	at org.apache.hadoop.ozone.om.request.file.OMFileCreateRequestWithFSO.validateAndUpdateCache(OMFileCreateRequestWithFSO.java:152)
	at org.apache.hadoop.ozone.protocolPB.OzoneManagerRequestHandler.handleWriteRequest(OzoneManagerRequestHandler.java:337)
	at org.apache.hadoop.ozone.om.ratis.OzoneManagerStateMachine.runCommand(OzoneManagerStateMachine.java:533)
	at org.apache.hadoop.ozone.om.ratis.OzoneManagerStateMachine.lambda$1(OzoneManagerStateMachine.java:324)
	at java.util.concurrent.CompletableFuture$AsyncSupply.run(CompletableFuture.java:1604)
	at java.util.concurrent.ThreadPoolExecutor.runWorker(ThreadPoolExecutor.java:1149)
	at java.util.concurrent.ThreadPoolExecutor$Worker.run(ThreadPoolExecutor.java:624)
	at java.lang.Thread.run(Thread.java:750)
2023-03-15 05:44:05,941 [OM StateMachine ApplyTransaction Thread - 0] INFO  key.OMKeyRequest (OMKeyRequest.java:wrapUncommittedBlocksAsPseudoKey(838)) - Detect allocated but uncommitted blocks [{blockID={containerID=1, localID=111677748019200051}, length=4194304, offset=0, token=null, pipeline=null, createVersion=0, partNumber=0}] in key d1/d2/d3/d4/key3.
05:44:05.945 [OM StateMachine ApplyTransaction Thread - 0] ERROR OMAudit - user=runner | ip=127.0.0.1 | op=CREATE_DIRECTORY {volume=volume35147, bucket=bucket98126, key=d1/d2/d3/d4/key3, dataSize=0, replicationType=NONE, replicationFactor=ZERO} | ret=FAILURE
org.apache.hadoop.ozone.om.exceptions.OMException: Unable to create directory: d1/d2/d3/d4/key3 in volume/bucket: volume35147/bucket98126 as file:/volume35147/bucket98126/d1/d2/d3/d4/key3 already exists
	at org.apache.hadoop.ozone.om.request.file.OMDirectoryCreateRequestWithFSO.validateAndUpdateCache(OMDirectoryCreateRequestWithFSO.java:147) ~[ozone-manager-1.4.0-SNAPSHOT.jar:?]
	at org.apache.hadoop.ozone.protocolPB.OzoneManagerRequestHandler.handleWriteRequest(OzoneManagerRequestHandler.java:337) ~[ozone-manager-1.4.0-SNAPSHOT.jar:?]
	at org.apache.hadoop.ozone.om.ratis.OzoneManagerStateMachine.runCommand(OzoneManagerStateMachine.java:533) ~[ozone-manager-1.4.0-SNAPSHOT.jar:?]
	at org.apache.hadoop.ozone.om.ratis.OzoneManagerStateMachine.lambda$1(OzoneManagerStateMachine.java:324) ~[ozone-manager-1.4.0-SNAPSHOT.jar:?]
	at java.util.concurrent.CompletableFuture$AsyncSupply.run(CompletableFuture.java:1604) [?:1.8.0_362]
	at java.util.concurrent.ThreadPoolExecutor.runWorker(ThreadPoolExecutor.java:1149) [?:1.8.0_362]
	at java.util.concurrent.ThreadPoolExecutor$Worker.run(ThreadPoolExecutor.java:624) [?:1.8.0_362]
	at java.lang.Thread.run(Thread.java:750) [?:1.8.0_362]
2023-03-15 05:44:05,945 [OM StateMachine ApplyTransaction Thread - 0] ERROR file.OMDirectoryCreateRequestWithFSO (OMDirectoryCreateRequestWithFSO.java:logResult(238)) - Directory creation failed. Volume:volume35147, Bucket:bucket98126, Keyd1/d2/d3/d4/key3. Exception:{}
FILE_ALREADY_EXISTS org.apache.hadoop.ozone.om.exceptions.OMException: Unable to create directory: d1/d2/d3/d4/key3 in volume/bucket: volume35147/bucket98126 as file:/volume35147/bucket98126/d1/d2/d3/d4/key3 already exists
	at org.apache.hadoop.ozone.om.request.file.OMDirectoryCreateRequestWithFSO.validateAndUpdateCache(OMDirectoryCreateRequestWithFSO.java:147)
	at org.apache.hadoop.ozone.protocolPB.OzoneManagerRequestHandler.handleWriteRequest(OzoneManagerRequestHandler.java:337)
	at org.apache.hadoop.ozone.om.ratis.OzoneManagerStateMachine.runCommand(OzoneManagerStateMachine.java:533)
	at org.apache.hadoop.ozone.om.ratis.OzoneManagerStateMachine.lambda$1(OzoneManagerStateMachine.java:324)
	at java.util.concurrent.CompletableFuture$AsyncSupply.run(CompletableFuture.java:1604)
	at java.util.concurrent.ThreadPoolExecutor.runWorker(ThreadPoolExecutor.java:1149)
	at java.util.concurrent.ThreadPoolExecutor$Worker.run(ThreadPoolExecutor.java:624)
	at java.lang.Thread.run(Thread.java:750)
05:44:05.950 [OM StateMachine ApplyTransaction Thread - 0] ERROR OMAudit - user=runner | ip=127.0.0.1 | op=CREATE_FILE {volume=volume35147, bucket=bucket98126, key=d1/d2/d3, dataSize=4194304, replicationType=RATIS, replicationFactor=THREE} | ret=FAILURE
org.apache.hadoop.ozone.om.exceptions.OMException: Can not write to directory: d1/d2/d3
	at org.apache.hadoop.ozone.om.request.file.OMFileCreateRequest.checkDirectoryResult(OMFileCreateRequest.java:363) ~[ozone-manager-1.4.0-SNAPSHOT.jar:?]
	at org.apache.hadoop.ozone.om.request.file.OMFileCreateRequestWithFSO.validateAndUpdateCache(OMFileCreateRequestWithFSO.java:152) ~[ozone-manager-1.4.0-SNAPSHOT.jar:?]
	at org.apache.hadoop.ozone.protocolPB.OzoneManagerRequestHandler.handleWriteRequest(OzoneManagerRequestHandler.java:337) ~[ozone-manager-1.4.0-SNAPSHOT.jar:?]
	at org.apache.hadoop.ozone.om.ratis.OzoneManagerStateMachine.runCommand(OzoneManagerStateMachine.java:533) ~[ozone-manager-1.4.0-SNAPSHOT.jar:?]
	at org.apache.hadoop.ozone.om.ratis.OzoneManagerStateMachine.lambda$1(OzoneManagerStateMachine.java:324) ~[ozone-manager-1.4.0-SNAPSHOT.jar:?]
	at java.util.concurrent.CompletableFuture$AsyncSupply.run(CompletableFuture.java:1604) [?:1.8.0_362]
	at java.util.concurrent.ThreadPoolExecutor.runWorker(ThreadPoolExecutor.java:1149) [?:1.8.0_362]
	at java.util.concurrent.ThreadPoolExecutor$Worker.run(ThreadPoolExecutor.java:624) [?:1.8.0_362]
	at java.lang.Thread.run(Thread.java:750) [?:1.8.0_362]
2023-03-15 05:44:05,950 [OM StateMachine ApplyTransaction Thread - 0] ERROR file.OMFileCreateRequestWithFSO (OMFileCreateRequestWithFSO.java:validateAndUpdateCache(260)) - File create failed. Volume:volume35147, Bucket:bucket98126, Key:d1/d2/d3.
NOT_A_FILE org.apache.hadoop.ozone.om.exceptions.OMException: Can not write to directory: d1/d2/d3
	at org.apache.hadoop.ozone.om.request.file.OMFileCreateRequest.checkDirectoryResult(OMFileCreateRequest.java:363)
	at org.apache.hadoop.ozone.om.request.file.OMFileCreateRequestWithFSO.validateAndUpdateCache(OMFileCreateRequestWithFSO.java:152)
	at org.apache.hadoop.ozone.protocolPB.OzoneManagerRequestHandler.handleWriteRequest(OzoneManagerRequestHandler.java:337)
	at org.apache.hadoop.ozone.om.ratis.OzoneManagerStateMachine.runCommand(OzoneManagerStateMachine.java:533)
	at org.apache.hadoop.ozone.om.ratis.OzoneManagerStateMachine.lambda$1(OzoneManagerStateMachine.java:324)
	at java.util.concurrent.CompletableFuture$AsyncSupply.run(CompletableFuture.java:1604)
	at java.util.concurrent.ThreadPoolExecutor.runWorker(ThreadPoolExecutor.java:1149)
	at java.util.concurrent.ThreadPoolExecutor$Worker.run(ThreadPoolExecutor.java:624)
	at java.lang.Thread.run(Thread.java:750)
05:44:05.953 [IPC Server handler 2 on default port 43369] ERROR OMAudit - user=runner | ip=127.0.0.1 | op=GET_FILE_STATUS {volume=volume35147, bucket=bucket98126, key=d1/d2/d3/d4/key3/invalid, dataSize=0, replicationConfig=null} | ret=FAILURE
org.apache.hadoop.ozone.om.exceptions.OMException: Unable to get file status: volume: volume35147 bucket: bucket98126 key: d1/d2/d3/d4/key3/invalid
	at org.apache.hadoop.ozone.om.KeyManagerImpl.getOzoneFileStatusFSO(KeyManagerImpl.java:1320) ~[ozone-manager-1.4.0-SNAPSHOT.jar:?]
	at org.apache.hadoop.ozone.om.KeyManagerImpl.getFileStatus(KeyManagerImpl.java:1112) ~[ozone-manager-1.4.0-SNAPSHOT.jar:?]
	at org.apache.hadoop.ozone.om.OmMetadataReader.getFileStatus(OmMetadataReader.java:288) ~[ozone-manager-1.4.0-SNAPSHOT.jar:?]
	at org.apache.hadoop.ozone.om.OzoneManager.getFileStatus(OzoneManager.java:3494) ~[ozone-manager-1.4.0-SNAPSHOT.jar:?]
	at org.apache.hadoop.ozone.protocolPB.OzoneManagerRequestHandler.getOzoneFileStatus(OzoneManagerRequestHandler.java:933) ~[ozone-manager-1.4.0-SNAPSHOT.jar:?]
	at org.apache.hadoop.ozone.protocolPB.OzoneManagerRequestHandler.handleReadRequest(OzoneManagerRequestHandler.java:238) ~[ozone-manager-1.4.0-SNAPSHOT.jar:?]
	at org.apache.hadoop.ozone.protocolPB.OzoneManagerProtocolServerSideTranslatorPB.submitReadRequestToOM(OzoneManagerProtocolServerSideTranslatorPB.java:223) ~[ozone-manager-1.4.0-SNAPSHOT.jar:?]
	at org.apache.hadoop.ozone.protocolPB.OzoneManagerProtocolServerSideTranslatorPB.processRequest(OzoneManagerProtocolServerSideTranslatorPB.java:177) ~[ozone-manager-1.4.0-SNAPSHOT.jar:?]
	at org.apache.hadoop.hdds.server.OzoneProtocolMessageDispatcher.processRequest(OzoneProtocolMessageDispatcher.java:87) [hdds-server-framework-1.4.0-SNAPSHOT.jar:?]
	at org.apache.hadoop.ozone.protocolPB.OzoneManagerProtocolServerSideTranslatorPB.submitRequest(OzoneManagerProtocolServerSideTranslatorPB.java:147) [ozone-manager-1.4.0-SNAPSHOT.jar:?]
	at org.apache.hadoop.ozone.protocol.proto.OzoneManagerProtocolProtos$OzoneManagerService$2.callBlockingMethod(OzoneManagerProtocolProtos.java) [ozone-interface-client-1.4.0-SNAPSHOT.jar:?]
	at org.apache.hadoop.ipc.ProtobufRpcEngine$Server.processCall(ProtobufRpcEngine.java:465) [hadoop-common-3.3.4.jar:?]
	at org.apache.hadoop.ipc.ProtobufRpcEngine2$Server$ProtoBufRpcInvoker.call(ProtobufRpcEngine2.java:578) [hadoop-common-3.3.4.jar:?]
	at org.apache.hadoop.ipc.ProtobufRpcEngine2$Server$ProtoBufRpcInvoker.call(ProtobufRpcEngine2.java:556) [hadoop-common-3.3.4.jar:?]
	at org.apache.hadoop.ipc.RPC$Server.call(RPC.java:1093) [hadoop-common-3.3.4.jar:?]
	at org.apache.hadoop.ipc.Server$RpcCall.run(Server.java:1043) [hadoop-common-3.3.4.jar:?]
	at org.apache.hadoop.ipc.Server$RpcCall.run(Server.java:971) [hadoop-common-3.3.4.jar:?]
	at java.security.AccessController.doPrivileged(Native Method) ~[?:1.8.0_362]
	at javax.security.auth.Subject.doAs(Subject.java:422) [?:1.8.0_362]
	at org.apache.hadoop.security.UserGroupInformation.doAs(UserGroupInformation.java:1878) [hadoop-common-3.3.4.jar:?]
	at org.apache.hadoop.ipc.Server$Handler.run(Server.java:2976) [hadoop-common-3.3.4.jar:?]
05:44:05.954 [IPC Server handler 1 on default port 43369] ERROR OMAudit - user=runner | ip=127.0.0.1 | op=GET_FILE_STATUS {volume=volume35147, bucket=bucket98126, key=d1/d2/d3/d4/invalidkey, dataSize=0, replicationConfig=null} | ret=FAILURE
org.apache.hadoop.ozone.om.exceptions.OMException: Unable to get file status: volume: volume35147 bucket: bucket98126 key: d1/d2/d3/d4/invalidkey
	at org.apache.hadoop.ozone.om.KeyManagerImpl.getOzoneFileStatusFSO(KeyManagerImpl.java:1320) ~[ozone-manager-1.4.0-SNAPSHOT.jar:?]
	at org.apache.hadoop.ozone.om.KeyManagerImpl.getFileStatus(KeyManagerImpl.java:1112) ~[ozone-manager-1.4.0-SNAPSHOT.jar:?]
	at org.apache.hadoop.ozone.om.OmMetadataReader.getFileStatus(OmMetadataReader.java:288) ~[ozone-manager-1.4.0-SNAPSHOT.jar:?]
	at org.apache.hadoop.ozone.om.OzoneManager.getFileStatus(OzoneManager.java:3494) ~[ozone-manager-1.4.0-SNAPSHOT.jar:?]
	at org.apache.hadoop.ozone.protocolPB.OzoneManagerRequestHandler.getOzoneFileStatus(OzoneManagerRequestHandler.java:933) ~[ozone-manager-1.4.0-SNAPSHOT.jar:?]
	at org.apache.hadoop.ozone.protocolPB.OzoneManagerRequestHandler.handleReadRequest(OzoneManagerRequestHandler.java:238) ~[ozone-manager-1.4.0-SNAPSHOT.jar:?]
	at org.apache.hadoop.ozone.protocolPB.OzoneManagerProtocolServerSideTranslatorPB.submitReadRequestToOM(OzoneManagerProtocolServerSideTranslatorPB.java:223) ~[ozone-manager-1.4.0-SNAPSHOT.jar:?]
	at org.apache.hadoop.ozone.protocolPB.OzoneManagerProtocolServerSideTranslatorPB.processRequest(OzoneManagerProtocolServerSideTranslatorPB.java:177) ~[ozone-manager-1.4.0-SNAPSHOT.jar:?]
	at org.apache.hadoop.hdds.server.OzoneProtocolMessageDispatcher.processRequest(OzoneProtocolMessageDispatcher.java:87) [hdds-server-framework-1.4.0-SNAPSHOT.jar:?]
	at org.apache.hadoop.ozone.protocolPB.OzoneManagerProtocolServerSideTranslatorPB.submitRequest(OzoneManagerProtocolServerSideTranslatorPB.java:147) [ozone-manager-1.4.0-SNAPSHOT.jar:?]
	at org.apache.hadoop.ozone.protocol.proto.OzoneManagerProtocolProtos$OzoneManagerService$2.callBlockingMethod(OzoneManagerProtocolProtos.java) [ozone-interface-client-1.4.0-SNAPSHOT.jar:?]
	at org.apache.hadoop.ipc.ProtobufRpcEngine$Server.processCall(ProtobufRpcEngine.java:465) [hadoop-common-3.3.4.jar:?]
	at org.apache.hadoop.ipc.ProtobufRpcEngine2$Server$ProtoBufRpcInvoker.call(ProtobufRpcEngine2.java:578) [hadoop-common-3.3.4.jar:?]
	at org.apache.hadoop.ipc.ProtobufRpcEngine2$Server$ProtoBufRpcInvoker.call(ProtobufRpcEngine2.java:556) [hadoop-common-3.3.4.jar:?]
	at org.apache.hadoop.ipc.RPC$Server.call(RPC.java:1093) [hadoop-common-3.3.4.jar:?]
	at org.apache.hadoop.ipc.Server$RpcCall.run(Server.java:1043) [hadoop-common-3.3.4.jar:?]
	at org.apache.hadoop.ipc.Server$RpcCall.run(Server.java:971) [hadoop-common-3.3.4.jar:?]
	at java.security.AccessController.doPrivileged(Native Method) ~[?:1.8.0_362]
	at javax.security.auth.Subject.doAs(Subject.java:422) [?:1.8.0_362]
	at org.apache.hadoop.security.UserGroupInformation.doAs(UserGroupInformation.java:1878) [hadoop-common-3.3.4.jar:?]
	at org.apache.hadoop.ipc.Server$Handler.run(Server.java:2976) [hadoop-common-3.3.4.jar:?]
]]></system-out>
  </testcase>
  <testcase name="testCreateFileShouldCheckExistenceOfDirWithSameName" classname="TestOzoneFileSystemWithFSO" time="0.027">
    <system-out><![CDATA[2023-03-15 05:44:51,326 [IPC Server handler 6 on default port 39193] INFO  key.OMKeyRequest (OMKeyRequest.java:wrapUncommittedBlocksAsPseudoKey(838)) - Detect allocated but uncommitted blocks [{blockID={containerID=4, localID=111677748019200049}, length=4194304, offset=0, token=null, pipeline=null, createVersion=0, partNumber=0}] in key d1/d2/d3/d4/key1.
05:44:51.328 [IPC Server handler 8 on default port 39193] ERROR OMAudit - user=runner | ip=127.0.0.1 | op=CREATE_FILE {volume=volume61968, bucket=bucket63791, key=d1/d2/d3/d4/key2, dataSize=4194304, replicationType=RATIS, replicationFactor=THREE} | ret=FAILURE
org.apache.hadoop.ozone.om.exceptions.OMException: Can not write to directory: d1/d2/d3/d4/key2
	at org.apache.hadoop.ozone.om.request.file.OMFileCreateRequest.checkDirectoryResult(OMFileCreateRequest.java:363) ~[ozone-manager-1.4.0-SNAPSHOT.jar:?]
	at org.apache.hadoop.ozone.om.request.file.OMFileCreateRequestWithFSO.validateAndUpdateCache(OMFileCreateRequestWithFSO.java:152) ~[ozone-manager-1.4.0-SNAPSHOT.jar:?]
	at org.apache.hadoop.ozone.protocolPB.OzoneManagerRequestHandler.handleWriteRequest(OzoneManagerRequestHandler.java:337) ~[ozone-manager-1.4.0-SNAPSHOT.jar:?]
	at org.apache.hadoop.ozone.protocolPB.OzoneManagerProtocolServerSideTranslatorPB.submitRequestDirectlyToOM(OzoneManagerProtocolServerSideTranslatorPB.java:278) ~[ozone-manager-1.4.0-SNAPSHOT.jar:?]
	at org.apache.hadoop.ozone.protocolPB.OzoneManagerProtocolServerSideTranslatorPB.processRequest(OzoneManagerProtocolServerSideTranslatorPB.java:173) ~[ozone-manager-1.4.0-SNAPSHOT.jar:?]
	at org.apache.hadoop.hdds.server.OzoneProtocolMessageDispatcher.processRequest(OzoneProtocolMessageDispatcher.java:87) [hdds-server-framework-1.4.0-SNAPSHOT.jar:?]
	at org.apache.hadoop.ozone.protocolPB.OzoneManagerProtocolServerSideTranslatorPB.submitRequest(OzoneManagerProtocolServerSideTranslatorPB.java:147) [ozone-manager-1.4.0-SNAPSHOT.jar:?]
	at org.apache.hadoop.ozone.protocol.proto.OzoneManagerProtocolProtos$OzoneManagerService$2.callBlockingMethod(OzoneManagerProtocolProtos.java) [ozone-interface-client-1.4.0-SNAPSHOT.jar:?]
	at org.apache.hadoop.ipc.ProtobufRpcEngine$Server.processCall(ProtobufRpcEngine.java:465) [hadoop-common-3.3.4.jar:?]
	at org.apache.hadoop.ipc.ProtobufRpcEngine2$Server$ProtoBufRpcInvoker.call(ProtobufRpcEngine2.java:578) [hadoop-common-3.3.4.jar:?]
	at org.apache.hadoop.ipc.ProtobufRpcEngine2$Server$ProtoBufRpcInvoker.call(ProtobufRpcEngine2.java:556) [hadoop-common-3.3.4.jar:?]
	at org.apache.hadoop.ipc.RPC$Server.call(RPC.java:1093) [hadoop-common-3.3.4.jar:?]
	at org.apache.hadoop.ipc.Server$RpcCall.run(Server.java:1043) [hadoop-common-3.3.4.jar:?]
	at org.apache.hadoop.ipc.Server$RpcCall.run(Server.java:971) [hadoop-common-3.3.4.jar:?]
	at java.security.AccessController.doPrivileged(Native Method) ~[?:1.8.0_362]
	at javax.security.auth.Subject.doAs(Subject.java:422) [?:1.8.0_362]
	at org.apache.hadoop.security.UserGroupInformation.doAs(UserGroupInformation.java:1878) [hadoop-common-3.3.4.jar:?]
	at org.apache.hadoop.ipc.Server$Handler.run(Server.java:2976) [hadoop-common-3.3.4.jar:?]
2023-03-15 05:44:51,329 [IPC Server handler 8 on default port 39193] ERROR file.OMFileCreateRequestWithFSO (OMFileCreateRequestWithFSO.java:validateAndUpdateCache(260)) - File create failed. Volume:volume61968, Bucket:bucket63791, Key:d1/d2/d3/d4/key2.
NOT_A_FILE org.apache.hadoop.ozone.om.exceptions.OMException: Can not write to directory: d1/d2/d3/d4/key2
	at org.apache.hadoop.ozone.om.request.file.OMFileCreateRequest.checkDirectoryResult(OMFileCreateRequest.java:363)
	at org.apache.hadoop.ozone.om.request.file.OMFileCreateRequestWithFSO.validateAndUpdateCache(OMFileCreateRequestWithFSO.java:152)
	at org.apache.hadoop.ozone.protocolPB.OzoneManagerRequestHandler.handleWriteRequest(OzoneManagerRequestHandler.java:337)
	at org.apache.hadoop.ozone.protocolPB.OzoneManagerProtocolServerSideTranslatorPB.submitRequestDirectlyToOM(OzoneManagerProtocolServerSideTranslatorPB.java:278)
	at org.apache.hadoop.ozone.protocolPB.OzoneManagerProtocolServerSideTranslatorPB.processRequest(OzoneManagerProtocolServerSideTranslatorPB.java:173)
	at org.apache.hadoop.hdds.server.OzoneProtocolMessageDispatcher.processRequest(OzoneProtocolMessageDispatcher.java:87)
	at org.apache.hadoop.ozone.protocolPB.OzoneManagerProtocolServerSideTranslatorPB.submitRequest(OzoneManagerProtocolServerSideTranslatorPB.java:147)
	at org.apache.hadoop.ozone.protocol.proto.OzoneManagerProtocolProtos$OzoneManagerService$2.callBlockingMethod(OzoneManagerProtocolProtos.java)
	at org.apache.hadoop.ipc.ProtobufRpcEngine$Server.processCall(ProtobufRpcEngine.java:465)
	at org.apache.hadoop.ipc.ProtobufRpcEngine2$Server$ProtoBufRpcInvoker.call(ProtobufRpcEngine2.java:578)
	at org.apache.hadoop.ipc.ProtobufRpcEngine2$Server$ProtoBufRpcInvoker.call(ProtobufRpcEngine2.java:556)
	at org.apache.hadoop.ipc.RPC$Server.call(RPC.java:1093)
	at org.apache.hadoop.ipc.Server$RpcCall.run(Server.java:1043)
	at org.apache.hadoop.ipc.Server$RpcCall.run(Server.java:971)
	at java.security.AccessController.doPrivileged(Native Method)
	at javax.security.auth.Subject.doAs(Subject.java:422)
	at org.apache.hadoop.security.UserGroupInformation.doAs(UserGroupInformation.java:1878)
	at org.apache.hadoop.ipc.Server$Handler.run(Server.java:2976)
2023-03-15 05:44:51,334 [IPC Server handler 10 on default port 39193] INFO  key.OMKeyRequest (OMKeyRequest.java:wrapUncommittedBlocksAsPseudoKey(838)) - Detect allocated but uncommitted blocks [{blockID={containerID=3, localID=111677748019200051}, length=4194304, offset=0, token=null, pipeline=null, createVersion=0, partNumber=0}] in key d1/d2/d3/d4/key3.
05:44:51.335 [IPC Server handler 11 on default port 39193] ERROR OMAudit - user=runner | ip=127.0.0.1 | op=CREATE_DIRECTORY {volume=volume61968, bucket=bucket63791, key=d1/d2/d3/d4/key3, dataSize=0, replicationType=NONE, replicationFactor=ZERO} | ret=FAILURE
org.apache.hadoop.ozone.om.exceptions.OMException: Unable to create directory: d1/d2/d3/d4/key3 in volume/bucket: volume61968/bucket63791 as file:/volume61968/bucket63791/d1/d2/d3/d4/key3 already exists
	at org.apache.hadoop.ozone.om.request.file.OMDirectoryCreateRequestWithFSO.validateAndUpdateCache(OMDirectoryCreateRequestWithFSO.java:147) ~[ozone-manager-1.4.0-SNAPSHOT.jar:?]
	at org.apache.hadoop.ozone.protocolPB.OzoneManagerRequestHandler.handleWriteRequest(OzoneManagerRequestHandler.java:337) ~[ozone-manager-1.4.0-SNAPSHOT.jar:?]
	at org.apache.hadoop.ozone.protocolPB.OzoneManagerProtocolServerSideTranslatorPB.submitRequestDirectlyToOM(OzoneManagerProtocolServerSideTranslatorPB.java:278) ~[ozone-manager-1.4.0-SNAPSHOT.jar:?]
	at org.apache.hadoop.ozone.protocolPB.OzoneManagerProtocolServerSideTranslatorPB.processRequest(OzoneManagerProtocolServerSideTranslatorPB.java:173) ~[ozone-manager-1.4.0-SNAPSHOT.jar:?]
	at org.apache.hadoop.hdds.server.OzoneProtocolMessageDispatcher.processRequest(OzoneProtocolMessageDispatcher.java:87) [hdds-server-framework-1.4.0-SNAPSHOT.jar:?]
	at org.apache.hadoop.ozone.protocolPB.OzoneManagerProtocolServerSideTranslatorPB.submitRequest(OzoneManagerProtocolServerSideTranslatorPB.java:147) [ozone-manager-1.4.0-SNAPSHOT.jar:?]
	at org.apache.hadoop.ozone.protocol.proto.OzoneManagerProtocolProtos$OzoneManagerService$2.callBlockingMethod(OzoneManagerProtocolProtos.java) [ozone-interface-client-1.4.0-SNAPSHOT.jar:?]
	at org.apache.hadoop.ipc.ProtobufRpcEngine$Server.processCall(ProtobufRpcEngine.java:465) [hadoop-common-3.3.4.jar:?]
	at org.apache.hadoop.ipc.ProtobufRpcEngine2$Server$ProtoBufRpcInvoker.call(ProtobufRpcEngine2.java:578) [hadoop-common-3.3.4.jar:?]
	at org.apache.hadoop.ipc.ProtobufRpcEngine2$Server$ProtoBufRpcInvoker.call(ProtobufRpcEngine2.java:556) [hadoop-common-3.3.4.jar:?]
	at org.apache.hadoop.ipc.RPC$Server.call(RPC.java:1093) [hadoop-common-3.3.4.jar:?]
	at org.apache.hadoop.ipc.Server$RpcCall.run(Server.java:1043) [hadoop-common-3.3.4.jar:?]
	at org.apache.hadoop.ipc.Server$RpcCall.run(Server.java:971) [hadoop-common-3.3.4.jar:?]
	at java.security.AccessController.doPrivileged(Native Method) ~[?:1.8.0_362]
	at javax.security.auth.Subject.doAs(Subject.java:422) [?:1.8.0_362]
	at org.apache.hadoop.security.UserGroupInformation.doAs(UserGroupInformation.java:1878) [hadoop-common-3.3.4.jar:?]
	at org.apache.hadoop.ipc.Server$Handler.run(Server.java:2976) [hadoop-common-3.3.4.jar:?]
2023-03-15 05:44:51,335 [IPC Server handler 11 on default port 39193] ERROR file.OMDirectoryCreateRequestWithFSO (OMDirectoryCreateRequestWithFSO.java:logResult(238)) - Directory creation failed. Volume:volume61968, Bucket:bucket63791, Keyd1/d2/d3/d4/key3. Exception:{}
FILE_ALREADY_EXISTS org.apache.hadoop.ozone.om.exceptions.OMException: Unable to create directory: d1/d2/d3/d4/key3 in volume/bucket: volume61968/bucket63791 as file:/volume61968/bucket63791/d1/d2/d3/d4/key3 already exists
	at org.apache.hadoop.ozone.om.request.file.OMDirectoryCreateRequestWithFSO.validateAndUpdateCache(OMDirectoryCreateRequestWithFSO.java:147)
	at org.apache.hadoop.ozone.protocolPB.OzoneManagerRequestHandler.handleWriteRequest(OzoneManagerRequestHandler.java:337)
	at org.apache.hadoop.ozone.protocolPB.OzoneManagerProtocolServerSideTranslatorPB.submitRequestDirectlyToOM(OzoneManagerProtocolServerSideTranslatorPB.java:278)
	at org.apache.hadoop.ozone.protocolPB.OzoneManagerProtocolServerSideTranslatorPB.processRequest(OzoneManagerProtocolServerSideTranslatorPB.java:173)
	at org.apache.hadoop.hdds.server.OzoneProtocolMessageDispatcher.processRequest(OzoneProtocolMessageDispatcher.java:87)
	at org.apache.hadoop.ozone.protocolPB.OzoneManagerProtocolServerSideTranslatorPB.submitRequest(OzoneManagerProtocolServerSideTranslatorPB.java:147)
	at org.apache.hadoop.ozone.protocol.proto.OzoneManagerProtocolProtos$OzoneManagerService$2.callBlockingMethod(OzoneManagerProtocolProtos.java)
	at org.apache.hadoop.ipc.ProtobufRpcEngine$Server.processCall(ProtobufRpcEngine.java:465)
	at org.apache.hadoop.ipc.ProtobufRpcEngine2$Server$ProtoBufRpcInvoker.call(ProtobufRpcEngine2.java:578)
	at org.apache.hadoop.ipc.ProtobufRpcEngine2$Server$ProtoBufRpcInvoker.call(ProtobufRpcEngine2.java:556)
	at org.apache.hadoop.ipc.RPC$Server.call(RPC.java:1093)
	at org.apache.hadoop.ipc.Server$RpcCall.run(Server.java:1043)
	at org.apache.hadoop.ipc.Server$RpcCall.run(Server.java:971)
	at java.security.AccessController.doPrivileged(Native Method)
	at javax.security.auth.Subject.doAs(Subject.java:422)
	at org.apache.hadoop.security.UserGroupInformation.doAs(UserGroupInformation.java:1878)
	at org.apache.hadoop.ipc.Server$Handler.run(Server.java:2976)
05:44:51.338 [IPC Server handler 12 on default port 39193] ERROR OMAudit - user=runner | ip=127.0.0.1 | op=CREATE_FILE {volume=volume61968, bucket=bucket63791, key=d1/d2/d3, dataSize=4194304, replicationType=RATIS, replicationFactor=THREE} | ret=FAILURE
org.apache.hadoop.ozone.om.exceptions.OMException: Can not write to directory: d1/d2/d3
	at org.apache.hadoop.ozone.om.request.file.OMFileCreateRequest.checkDirectoryResult(OMFileCreateRequest.java:363) ~[ozone-manager-1.4.0-SNAPSHOT.jar:?]
	at org.apache.hadoop.ozone.om.request.file.OMFileCreateRequestWithFSO.validateAndUpdateCache(OMFileCreateRequestWithFSO.java:152) ~[ozone-manager-1.4.0-SNAPSHOT.jar:?]
	at org.apache.hadoop.ozone.protocolPB.OzoneManagerRequestHandler.handleWriteRequest(OzoneManagerRequestHandler.java:337) ~[ozone-manager-1.4.0-SNAPSHOT.jar:?]
	at org.apache.hadoop.ozone.protocolPB.OzoneManagerProtocolServerSideTranslatorPB.submitRequestDirectlyToOM(OzoneManagerProtocolServerSideTranslatorPB.java:278) ~[ozone-manager-1.4.0-SNAPSHOT.jar:?]
	at org.apache.hadoop.ozone.protocolPB.OzoneManagerProtocolServerSideTranslatorPB.processRequest(OzoneManagerProtocolServerSideTranslatorPB.java:173) ~[ozone-manager-1.4.0-SNAPSHOT.jar:?]
	at org.apache.hadoop.hdds.server.OzoneProtocolMessageDispatcher.processRequest(OzoneProtocolMessageDispatcher.java:87) [hdds-server-framework-1.4.0-SNAPSHOT.jar:?]
	at org.apache.hadoop.ozone.protocolPB.OzoneManagerProtocolServerSideTranslatorPB.submitRequest(OzoneManagerProtocolServerSideTranslatorPB.java:147) [ozone-manager-1.4.0-SNAPSHOT.jar:?]
	at org.apache.hadoop.ozone.protocol.proto.OzoneManagerProtocolProtos$OzoneManagerService$2.callBlockingMethod(OzoneManagerProtocolProtos.java) [ozone-interface-client-1.4.0-SNAPSHOT.jar:?]
	at org.apache.hadoop.ipc.ProtobufRpcEngine$Server.processCall(ProtobufRpcEngine.java:465) [hadoop-common-3.3.4.jar:?]
	at org.apache.hadoop.ipc.ProtobufRpcEngine2$Server$ProtoBufRpcInvoker.call(ProtobufRpcEngine2.java:578) [hadoop-common-3.3.4.jar:?]
	at org.apache.hadoop.ipc.ProtobufRpcEngine2$Server$ProtoBufRpcInvoker.call(ProtobufRpcEngine2.java:556) [hadoop-common-3.3.4.jar:?]
	at org.apache.hadoop.ipc.RPC$Server.call(RPC.java:1093) [hadoop-common-3.3.4.jar:?]
	at org.apache.hadoop.ipc.Server$RpcCall.run(Server.java:1043) [hadoop-common-3.3.4.jar:?]
	at org.apache.hadoop.ipc.Server$RpcCall.run(Server.java:971) [hadoop-common-3.3.4.jar:?]
	at java.security.AccessController.doPrivileged(Native Method) ~[?:1.8.0_362]
	at javax.security.auth.Subject.doAs(Subject.java:422) [?:1.8.0_362]
	at org.apache.hadoop.security.UserGroupInformation.doAs(UserGroupInformation.java:1878) [hadoop-common-3.3.4.jar:?]
	at org.apache.hadoop.ipc.Server$Handler.run(Server.java:2976) [hadoop-common-3.3.4.jar:?]
2023-03-15 05:44:51,339 [IPC Server handler 12 on default port 39193] ERROR file.OMFileCreateRequestWithFSO (OMFileCreateRequestWithFSO.java:validateAndUpdateCache(260)) - File create failed. Volume:volume61968, Bucket:bucket63791, Key:d1/d2/d3.
NOT_A_FILE org.apache.hadoop.ozone.om.exceptions.OMException: Can not write to directory: d1/d2/d3
	at org.apache.hadoop.ozone.om.request.file.OMFileCreateRequest.checkDirectoryResult(OMFileCreateRequest.java:363)
	at org.apache.hadoop.ozone.om.request.file.OMFileCreateRequestWithFSO.validateAndUpdateCache(OMFileCreateRequestWithFSO.java:152)
	at org.apache.hadoop.ozone.protocolPB.OzoneManagerRequestHandler.handleWriteRequest(OzoneManagerRequestHandler.java:337)
	at org.apache.hadoop.ozone.protocolPB.OzoneManagerProtocolServerSideTranslatorPB.submitRequestDirectlyToOM(OzoneManagerProtocolServerSideTranslatorPB.java:278)
	at org.apache.hadoop.ozone.protocolPB.OzoneManagerProtocolServerSideTranslatorPB.processRequest(OzoneManagerProtocolServerSideTranslatorPB.java:173)
	at org.apache.hadoop.hdds.server.OzoneProtocolMessageDispatcher.processRequest(OzoneProtocolMessageDispatcher.java:87)
	at org.apache.hadoop.ozone.protocolPB.OzoneManagerProtocolServerSideTranslatorPB.submitRequest(OzoneManagerProtocolServerSideTranslatorPB.java:147)
	at org.apache.hadoop.ozone.protocol.proto.OzoneManagerProtocolProtos$OzoneManagerService$2.callBlockingMethod(OzoneManagerProtocolProtos.java)
	at org.apache.hadoop.ipc.ProtobufRpcEngine$Server.processCall(ProtobufRpcEngine.java:465)
	at org.apache.hadoop.ipc.ProtobufRpcEngine2$Server$ProtoBufRpcInvoker.call(ProtobufRpcEngine2.java:578)
	at org.apache.hadoop.ipc.ProtobufRpcEngine2$Server$ProtoBufRpcInvoker.call(ProtobufRpcEngine2.java:556)
	at org.apache.hadoop.ipc.RPC$Server.call(RPC.java:1093)
	at org.apache.hadoop.ipc.Server$RpcCall.run(Server.java:1043)
	at org.apache.hadoop.ipc.Server$RpcCall.run(Server.java:971)
	at java.security.AccessController.doPrivileged(Native Method)
	at javax.security.auth.Subject.doAs(Subject.java:422)
	at org.apache.hadoop.security.UserGroupInformation.doAs(UserGroupInformation.java:1878)
	at org.apache.hadoop.ipc.Server$Handler.run(Server.java:2976)
05:44:51.343 [IPC Server handler 14 on default port 39193] ERROR OMAudit - user=runner | ip=127.0.0.1 | op=GET_FILE_STATUS {volume=volume61968, bucket=bucket63791, key=d1/d2/d3/d4/key3/invalid, dataSize=0, replicationConfig=null} | ret=FAILURE
org.apache.hadoop.ozone.om.exceptions.OMException: Unable to get file status: volume: volume61968 bucket: bucket63791 key: d1/d2/d3/d4/key3/invalid
	at org.apache.hadoop.ozone.om.KeyManagerImpl.getOzoneFileStatusFSO(KeyManagerImpl.java:1320) ~[ozone-manager-1.4.0-SNAPSHOT.jar:?]
	at org.apache.hadoop.ozone.om.KeyManagerImpl.getFileStatus(KeyManagerImpl.java:1112) ~[ozone-manager-1.4.0-SNAPSHOT.jar:?]
	at org.apache.hadoop.ozone.om.OmMetadataReader.getFileStatus(OmMetadataReader.java:288) ~[ozone-manager-1.4.0-SNAPSHOT.jar:?]
	at org.apache.hadoop.ozone.om.OzoneManager.getFileStatus(OzoneManager.java:3494) ~[ozone-manager-1.4.0-SNAPSHOT.jar:?]
	at org.apache.hadoop.ozone.protocolPB.OzoneManagerRequestHandler.getOzoneFileStatus(OzoneManagerRequestHandler.java:933) ~[ozone-manager-1.4.0-SNAPSHOT.jar:?]
	at org.apache.hadoop.ozone.protocolPB.OzoneManagerRequestHandler.handleReadRequest(OzoneManagerRequestHandler.java:238) ~[ozone-manager-1.4.0-SNAPSHOT.jar:?]
	at org.apache.hadoop.ozone.protocolPB.OzoneManagerProtocolServerSideTranslatorPB.submitRequestDirectlyToOM(OzoneManagerProtocolServerSideTranslatorPB.java:272) ~[ozone-manager-1.4.0-SNAPSHOT.jar:?]
	at org.apache.hadoop.ozone.protocolPB.OzoneManagerProtocolServerSideTranslatorPB.processRequest(OzoneManagerProtocolServerSideTranslatorPB.java:173) ~[ozone-manager-1.4.0-SNAPSHOT.jar:?]
	at org.apache.hadoop.hdds.server.OzoneProtocolMessageDispatcher.processRequest(OzoneProtocolMessageDispatcher.java:87) [hdds-server-framework-1.4.0-SNAPSHOT.jar:?]
	at org.apache.hadoop.ozone.protocolPB.OzoneManagerProtocolServerSideTranslatorPB.submitRequest(OzoneManagerProtocolServerSideTranslatorPB.java:147) [ozone-manager-1.4.0-SNAPSHOT.jar:?]
	at org.apache.hadoop.ozone.protocol.proto.OzoneManagerProtocolProtos$OzoneManagerService$2.callBlockingMethod(OzoneManagerProtocolProtos.java) [ozone-interface-client-1.4.0-SNAPSHOT.jar:?]
	at org.apache.hadoop.ipc.ProtobufRpcEngine$Server.processCall(ProtobufRpcEngine.java:465) [hadoop-common-3.3.4.jar:?]
	at org.apache.hadoop.ipc.ProtobufRpcEngine2$Server$ProtoBufRpcInvoker.call(ProtobufRpcEngine2.java:578) [hadoop-common-3.3.4.jar:?]
	at org.apache.hadoop.ipc.ProtobufRpcEngine2$Server$ProtoBufRpcInvoker.call(ProtobufRpcEngine2.java:556) [hadoop-common-3.3.4.jar:?]
	at org.apache.hadoop.ipc.RPC$Server.call(RPC.java:1093) [hadoop-common-3.3.4.jar:?]
	at org.apache.hadoop.ipc.Server$RpcCall.run(Server.java:1043) [hadoop-common-3.3.4.jar:?]
	at org.apache.hadoop.ipc.Server$RpcCall.run(Server.java:971) [hadoop-common-3.3.4.jar:?]
	at java.security.AccessController.doPrivileged(Native Method) ~[?:1.8.0_362]
	at javax.security.auth.Subject.doAs(Subject.java:422) [?:1.8.0_362]
	at org.apache.hadoop.security.UserGroupInformation.doAs(UserGroupInformation.java:1878) [hadoop-common-3.3.4.jar:?]
	at org.apache.hadoop.ipc.Server$Handler.run(Server.java:2976) [hadoop-common-3.3.4.jar:?]
05:44:51.344 [IPC Server handler 15 on default port 39193] ERROR OMAudit - user=runner | ip=127.0.0.1 | op=GET_FILE_STATUS {volume=volume61968, bucket=bucket63791, key=d1/d2/d3/d4/invalidkey, dataSize=0, replicationConfig=null} | ret=FAILURE
org.apache.hadoop.ozone.om.exceptions.OMException: Unable to get file status: volume: volume61968 bucket: bucket63791 key: d1/d2/d3/d4/invalidkey
	at org.apache.hadoop.ozone.om.KeyManagerImpl.getOzoneFileStatusFSO(KeyManagerImpl.java:1320) ~[ozone-manager-1.4.0-SNAPSHOT.jar:?]
	at org.apache.hadoop.ozone.om.KeyManagerImpl.getFileStatus(KeyManagerImpl.java:1112) ~[ozone-manager-1.4.0-SNAPSHOT.jar:?]
	at org.apache.hadoop.ozone.om.OmMetadataReader.getFileStatus(OmMetadataReader.java:288) ~[ozone-manager-1.4.0-SNAPSHOT.jar:?]
	at org.apache.hadoop.ozone.om.OzoneManager.getFileStatus(OzoneManager.java:3494) ~[ozone-manager-1.4.0-SNAPSHOT.jar:?]
	at org.apache.hadoop.ozone.protocolPB.OzoneManagerRequestHandler.getOzoneFileStatus(OzoneManagerRequestHandler.java:933) ~[ozone-manager-1.4.0-SNAPSHOT.jar:?]
	at org.apache.hadoop.ozone.protocolPB.OzoneManagerRequestHandler.handleReadRequest(OzoneManagerRequestHandler.java:238) ~[ozone-manager-1.4.0-SNAPSHOT.jar:?]
	at org.apache.hadoop.ozone.protocolPB.OzoneManagerProtocolServerSideTranslatorPB.submitRequestDirectlyToOM(OzoneManagerProtocolServerSideTranslatorPB.java:272) ~[ozone-manager-1.4.0-SNAPSHOT.jar:?]
	at org.apache.hadoop.ozone.protocolPB.OzoneManagerProtocolServerSideTranslatorPB.processRequest(OzoneManagerProtocolServerSideTranslatorPB.java:173) ~[ozone-manager-1.4.0-SNAPSHOT.jar:?]
	at org.apache.hadoop.hdds.server.OzoneProtocolMessageDispatcher.processRequest(OzoneProtocolMessageDispatcher.java:87) [hdds-server-framework-1.4.0-SNAPSHOT.jar:?]
	at org.apache.hadoop.ozone.protocolPB.OzoneManagerProtocolServerSideTranslatorPB.submitRequest(OzoneManagerProtocolServerSideTranslatorPB.java:147) [ozone-manager-1.4.0-SNAPSHOT.jar:?]
	at org.apache.hadoop.ozone.protocol.proto.OzoneManagerProtocolProtos$OzoneManagerService$2.callBlockingMethod(OzoneManagerProtocolProtos.java) [ozone-interface-client-1.4.0-SNAPSHOT.jar:?]
	at org.apache.hadoop.ipc.ProtobufRpcEngine$Server.processCall(ProtobufRpcEngine.java:465) [hadoop-common-3.3.4.jar:?]
	at org.apache.hadoop.ipc.ProtobufRpcEngine2$Server$ProtoBufRpcInvoker.call(ProtobufRpcEngine2.java:578) [hadoop-common-3.3.4.jar:?]
	at org.apache.hadoop.ipc.ProtobufRpcEngine2$Server$ProtoBufRpcInvoker.call(ProtobufRpcEngine2.java:556) [hadoop-common-3.3.4.jar:?]
	at org.apache.hadoop.ipc.RPC$Server.call(RPC.java:1093) [hadoop-common-3.3.4.jar:?]
	at org.apache.hadoop.ipc.Server$RpcCall.run(Server.java:1043) [hadoop-common-3.3.4.jar:?]
	at org.apache.hadoop.ipc.Server$RpcCall.run(Server.java:971) [hadoop-common-3.3.4.jar:?]
	at java.security.AccessController.doPrivileged(Native Method) ~[?:1.8.0_362]
	at javax.security.auth.Subject.doAs(Subject.java:422) [?:1.8.0_362]
	at org.apache.hadoop.security.UserGroupInformation.doAs(UserGroupInformation.java:1878) [hadoop-common-3.3.4.jar:?]
	at org.apache.hadoop.ipc.Server$Handler.run(Server.java:2976) [hadoop-common-3.3.4.jar:?]
]]></system-out>
  </testcase>
  <testcase name="testRenameContainDelimiterFile" classname="TestOzoneFileSystemWithFSO" time="0.029">
    <system-out><![CDATA[2023-03-15 05:44:05,975 [OM StateMachine ApplyTransaction Thread - 0] INFO  key.OMKeyRequest (OMKeyRequest.java:wrapUncommittedBlocksAsPseudoKey(838)) - Detect allocated but uncommitted blocks [{blockID={containerID=6, localID=111677748019200053}, length=4194304, offset=0, token=null, pipeline=null, createVersion=0, partNumber=0}] in key dir1/dir2/key1.
05:44:05.980 [IPC Server handler 6 on default port 43369] ERROR OMAudit - user=runner | ip=127.0.0.1 | op=GET_FILE_STATUS {volume=volume35147, bucket=bucket98126, key=dir1/dir2/key1, dataSize=0, replicationConfig=null} | ret=FAILURE
org.apache.hadoop.ozone.om.exceptions.OMException: Unable to get file status: volume: volume35147 bucket: bucket98126 key: dir1/dir2/key1
	at org.apache.hadoop.ozone.om.KeyManagerImpl.getOzoneFileStatusFSO(KeyManagerImpl.java:1320) ~[ozone-manager-1.4.0-SNAPSHOT.jar:?]
	at org.apache.hadoop.ozone.om.KeyManagerImpl.getFileStatus(KeyManagerImpl.java:1112) ~[ozone-manager-1.4.0-SNAPSHOT.jar:?]
	at org.apache.hadoop.ozone.om.OmMetadataReader.getFileStatus(OmMetadataReader.java:288) ~[ozone-manager-1.4.0-SNAPSHOT.jar:?]
	at org.apache.hadoop.ozone.om.OzoneManager.getFileStatus(OzoneManager.java:3494) ~[ozone-manager-1.4.0-SNAPSHOT.jar:?]
	at org.apache.hadoop.ozone.protocolPB.OzoneManagerRequestHandler.getOzoneFileStatus(OzoneManagerRequestHandler.java:933) ~[ozone-manager-1.4.0-SNAPSHOT.jar:?]
	at org.apache.hadoop.ozone.protocolPB.OzoneManagerRequestHandler.handleReadRequest(OzoneManagerRequestHandler.java:238) ~[ozone-manager-1.4.0-SNAPSHOT.jar:?]
	at org.apache.hadoop.ozone.protocolPB.OzoneManagerProtocolServerSideTranslatorPB.submitReadRequestToOM(OzoneManagerProtocolServerSideTranslatorPB.java:223) ~[ozone-manager-1.4.0-SNAPSHOT.jar:?]
	at org.apache.hadoop.ozone.protocolPB.OzoneManagerProtocolServerSideTranslatorPB.processRequest(OzoneManagerProtocolServerSideTranslatorPB.java:177) ~[ozone-manager-1.4.0-SNAPSHOT.jar:?]
	at org.apache.hadoop.hdds.server.OzoneProtocolMessageDispatcher.processRequest(OzoneProtocolMessageDispatcher.java:87) [hdds-server-framework-1.4.0-SNAPSHOT.jar:?]
	at org.apache.hadoop.ozone.protocolPB.OzoneManagerProtocolServerSideTranslatorPB.submitRequest(OzoneManagerProtocolServerSideTranslatorPB.java:147) [ozone-manager-1.4.0-SNAPSHOT.jar:?]
	at org.apache.hadoop.ozone.protocol.proto.OzoneManagerProtocolProtos$OzoneManagerService$2.callBlockingMethod(OzoneManagerProtocolProtos.java) [ozone-interface-client-1.4.0-SNAPSHOT.jar:?]
	at org.apache.hadoop.ipc.ProtobufRpcEngine$Server.processCall(ProtobufRpcEngine.java:465) [hadoop-common-3.3.4.jar:?]
	at org.apache.hadoop.ipc.ProtobufRpcEngine2$Server$ProtoBufRpcInvoker.call(ProtobufRpcEngine2.java:578) [hadoop-common-3.3.4.jar:?]
	at org.apache.hadoop.ipc.ProtobufRpcEngine2$Server$ProtoBufRpcInvoker.call(ProtobufRpcEngine2.java:556) [hadoop-common-3.3.4.jar:?]
	at org.apache.hadoop.ipc.RPC$Server.call(RPC.java:1093) [hadoop-common-3.3.4.jar:?]
	at org.apache.hadoop.ipc.Server$RpcCall.run(Server.java:1043) [hadoop-common-3.3.4.jar:?]
	at org.apache.hadoop.ipc.Server$RpcCall.run(Server.java:971) [hadoop-common-3.3.4.jar:?]
	at java.security.AccessController.doPrivileged(Native Method) ~[?:1.8.0_362]
	at javax.security.auth.Subject.doAs(Subject.java:422) [?:1.8.0_362]
	at org.apache.hadoop.security.UserGroupInformation.doAs(UserGroupInformation.java:1878) [hadoop-common-3.3.4.jar:?]
	at org.apache.hadoop.ipc.Server$Handler.run(Server.java:2976) [hadoop-common-3.3.4.jar:?]
05:44:05.983 [IPC Server handler 7 on default port 43369] ERROR OMAudit - user=runner | ip=127.0.0.1 | op=GET_FILE_STATUS {volume=volume35147, bucket=bucket98126, key=user/runner/dir1, dataSize=0, replicationConfig=null} | ret=FAILURE
org.apache.hadoop.ozone.om.exceptions.OMException: Unable to get file status: volume: volume35147 bucket: bucket98126 key: user/runner/dir1
	at org.apache.hadoop.ozone.om.KeyManagerImpl.getOzoneFileStatusFSO(KeyManagerImpl.java:1320) ~[ozone-manager-1.4.0-SNAPSHOT.jar:?]
	at org.apache.hadoop.ozone.om.KeyManagerImpl.getFileStatus(KeyManagerImpl.java:1112) ~[ozone-manager-1.4.0-SNAPSHOT.jar:?]
	at org.apache.hadoop.ozone.om.OmMetadataReader.getFileStatus(OmMetadataReader.java:288) ~[ozone-manager-1.4.0-SNAPSHOT.jar:?]
	at org.apache.hadoop.ozone.om.OzoneManager.getFileStatus(OzoneManager.java:3494) ~[ozone-manager-1.4.0-SNAPSHOT.jar:?]
	at org.apache.hadoop.ozone.protocolPB.OzoneManagerRequestHandler.getOzoneFileStatus(OzoneManagerRequestHandler.java:933) ~[ozone-manager-1.4.0-SNAPSHOT.jar:?]
	at org.apache.hadoop.ozone.protocolPB.OzoneManagerRequestHandler.handleReadRequest(OzoneManagerRequestHandler.java:238) ~[ozone-manager-1.4.0-SNAPSHOT.jar:?]
	at org.apache.hadoop.ozone.protocolPB.OzoneManagerProtocolServerSideTranslatorPB.submitReadRequestToOM(OzoneManagerProtocolServerSideTranslatorPB.java:223) ~[ozone-manager-1.4.0-SNAPSHOT.jar:?]
	at org.apache.hadoop.ozone.protocolPB.OzoneManagerProtocolServerSideTranslatorPB.processRequest(OzoneManagerProtocolServerSideTranslatorPB.java:177) ~[ozone-manager-1.4.0-SNAPSHOT.jar:?]
	at org.apache.hadoop.hdds.server.OzoneProtocolMessageDispatcher.processRequest(OzoneProtocolMessageDispatcher.java:87) [hdds-server-framework-1.4.0-SNAPSHOT.jar:?]
	at org.apache.hadoop.ozone.protocolPB.OzoneManagerProtocolServerSideTranslatorPB.submitRequest(OzoneManagerProtocolServerSideTranslatorPB.java:147) [ozone-manager-1.4.0-SNAPSHOT.jar:?]
	at org.apache.hadoop.ozone.protocol.proto.OzoneManagerProtocolProtos$OzoneManagerService$2.callBlockingMethod(OzoneManagerProtocolProtos.java) [ozone-interface-client-1.4.0-SNAPSHOT.jar:?]
	at org.apache.hadoop.ipc.ProtobufRpcEngine$Server.processCall(ProtobufRpcEngine.java:465) [hadoop-common-3.3.4.jar:?]
	at org.apache.hadoop.ipc.ProtobufRpcEngine2$Server$ProtoBufRpcInvoker.call(ProtobufRpcEngine2.java:578) [hadoop-common-3.3.4.jar:?]
	at org.apache.hadoop.ipc.ProtobufRpcEngine2$Server$ProtoBufRpcInvoker.call(ProtobufRpcEngine2.java:556) [hadoop-common-3.3.4.jar:?]
	at org.apache.hadoop.ipc.RPC$Server.call(RPC.java:1093) [hadoop-common-3.3.4.jar:?]
	at org.apache.hadoop.ipc.Server$RpcCall.run(Server.java:1043) [hadoop-common-3.3.4.jar:?]
	at org.apache.hadoop.ipc.Server$RpcCall.run(Server.java:971) [hadoop-common-3.3.4.jar:?]
	at java.security.AccessController.doPrivileged(Native Method) ~[?:1.8.0_362]
	at javax.security.auth.Subject.doAs(Subject.java:422) [?:1.8.0_362]
	at org.apache.hadoop.security.UserGroupInformation.doAs(UserGroupInformation.java:1878) [hadoop-common-3.3.4.jar:?]
	at org.apache.hadoop.ipc.Server$Handler.run(Server.java:2976) [hadoop-common-3.3.4.jar:?]
05:44:05.984 [IPC Server handler 5 on default port 43369] ERROR OMAudit - user=runner | ip=127.0.0.1 | op=GET_FILE_STATUS {volume=volume35147, bucket=bucket98126, key=user/runner/dir1/dir2, dataSize=0, replicationConfig=null} | ret=FAILURE
org.apache.hadoop.ozone.om.exceptions.OMException: Unable to get file status: volume: volume35147 bucket: bucket98126 key: user/runner/dir1/dir2
	at org.apache.hadoop.ozone.om.KeyManagerImpl.getOzoneFileStatusFSO(KeyManagerImpl.java:1320) ~[ozone-manager-1.4.0-SNAPSHOT.jar:?]
	at org.apache.hadoop.ozone.om.KeyManagerImpl.getFileStatus(KeyManagerImpl.java:1112) ~[ozone-manager-1.4.0-SNAPSHOT.jar:?]
	at org.apache.hadoop.ozone.om.OmMetadataReader.getFileStatus(OmMetadataReader.java:288) ~[ozone-manager-1.4.0-SNAPSHOT.jar:?]
	at org.apache.hadoop.ozone.om.OzoneManager.getFileStatus(OzoneManager.java:3494) ~[ozone-manager-1.4.0-SNAPSHOT.jar:?]
	at org.apache.hadoop.ozone.protocolPB.OzoneManagerRequestHandler.getOzoneFileStatus(OzoneManagerRequestHandler.java:933) ~[ozone-manager-1.4.0-SNAPSHOT.jar:?]
	at org.apache.hadoop.ozone.protocolPB.OzoneManagerRequestHandler.handleReadRequest(OzoneManagerRequestHandler.java:238) ~[ozone-manager-1.4.0-SNAPSHOT.jar:?]
	at org.apache.hadoop.ozone.protocolPB.OzoneManagerProtocolServerSideTranslatorPB.submitReadRequestToOM(OzoneManagerProtocolServerSideTranslatorPB.java:223) ~[ozone-manager-1.4.0-SNAPSHOT.jar:?]
	at org.apache.hadoop.ozone.protocolPB.OzoneManagerProtocolServerSideTranslatorPB.processRequest(OzoneManagerProtocolServerSideTranslatorPB.java:177) ~[ozone-manager-1.4.0-SNAPSHOT.jar:?]
	at org.apache.hadoop.hdds.server.OzoneProtocolMessageDispatcher.processRequest(OzoneProtocolMessageDispatcher.java:87) [hdds-server-framework-1.4.0-SNAPSHOT.jar:?]
	at org.apache.hadoop.ozone.protocolPB.OzoneManagerProtocolServerSideTranslatorPB.submitRequest(OzoneManagerProtocolServerSideTranslatorPB.java:147) [ozone-manager-1.4.0-SNAPSHOT.jar:?]
	at org.apache.hadoop.ozone.protocol.proto.OzoneManagerProtocolProtos$OzoneManagerService$2.callBlockingMethod(OzoneManagerProtocolProtos.java) [ozone-interface-client-1.4.0-SNAPSHOT.jar:?]
	at org.apache.hadoop.ipc.ProtobufRpcEngine$Server.processCall(ProtobufRpcEngine.java:465) [hadoop-common-3.3.4.jar:?]
	at org.apache.hadoop.ipc.ProtobufRpcEngine2$Server$ProtoBufRpcInvoker.call(ProtobufRpcEngine2.java:578) [hadoop-common-3.3.4.jar:?]
	at org.apache.hadoop.ipc.ProtobufRpcEngine2$Server$ProtoBufRpcInvoker.call(ProtobufRpcEngine2.java:556) [hadoop-common-3.3.4.jar:?]
	at org.apache.hadoop.ipc.RPC$Server.call(RPC.java:1093) [hadoop-common-3.3.4.jar:?]
	at org.apache.hadoop.ipc.Server$RpcCall.run(Server.java:1043) [hadoop-common-3.3.4.jar:?]
	at org.apache.hadoop.ipc.Server$RpcCall.run(Server.java:971) [hadoop-common-3.3.4.jar:?]
	at java.security.AccessController.doPrivileged(Native Method) ~[?:1.8.0_362]
	at javax.security.auth.Subject.doAs(Subject.java:422) [?:1.8.0_362]
	at org.apache.hadoop.security.UserGroupInformation.doAs(UserGroupInformation.java:1878) [hadoop-common-3.3.4.jar:?]
	at org.apache.hadoop.ipc.Server$Handler.run(Server.java:2976) [hadoop-common-3.3.4.jar:?]
]]></system-out>
  </testcase>
  <testcase name="testRenameContainDelimiterFile" classname="TestOzoneFileSystemWithFSO" time="0.014">
    <system-out><![CDATA[2023-03-15 05:44:51,353 [IPC Server handler 2 on default port 39193] INFO  key.OMKeyRequest (OMKeyRequest.java:wrapUncommittedBlocksAsPseudoKey(838)) - Detect allocated but uncommitted blocks [{blockID={containerID=6, localID=111677748019200053}, length=4194304, offset=0, token=null, pipeline=null, createVersion=0, partNumber=0}] in key dir1/dir2/key1.
05:44:51.355 [IPC Server handler 1 on default port 39193] ERROR OMAudit - user=runner | ip=127.0.0.1 | op=GET_FILE_STATUS {volume=volume61968, bucket=bucket63791, key=dir1/dir2/key1, dataSize=0, replicationConfig=null} | ret=FAILURE
org.apache.hadoop.ozone.om.exceptions.OMException: Unable to get file status: volume: volume61968 bucket: bucket63791 key: dir1/dir2/key1
	at org.apache.hadoop.ozone.om.KeyManagerImpl.getOzoneFileStatusFSO(KeyManagerImpl.java:1320) ~[ozone-manager-1.4.0-SNAPSHOT.jar:?]
	at org.apache.hadoop.ozone.om.KeyManagerImpl.getFileStatus(KeyManagerImpl.java:1112) ~[ozone-manager-1.4.0-SNAPSHOT.jar:?]
	at org.apache.hadoop.ozone.om.OmMetadataReader.getFileStatus(OmMetadataReader.java:288) ~[ozone-manager-1.4.0-SNAPSHOT.jar:?]
	at org.apache.hadoop.ozone.om.OzoneManager.getFileStatus(OzoneManager.java:3494) ~[ozone-manager-1.4.0-SNAPSHOT.jar:?]
	at org.apache.hadoop.ozone.protocolPB.OzoneManagerRequestHandler.getOzoneFileStatus(OzoneManagerRequestHandler.java:933) ~[ozone-manager-1.4.0-SNAPSHOT.jar:?]
	at org.apache.hadoop.ozone.protocolPB.OzoneManagerRequestHandler.handleReadRequest(OzoneManagerRequestHandler.java:238) ~[ozone-manager-1.4.0-SNAPSHOT.jar:?]
	at org.apache.hadoop.ozone.protocolPB.OzoneManagerProtocolServerSideTranslatorPB.submitRequestDirectlyToOM(OzoneManagerProtocolServerSideTranslatorPB.java:272) ~[ozone-manager-1.4.0-SNAPSHOT.jar:?]
	at org.apache.hadoop.ozone.protocolPB.OzoneManagerProtocolServerSideTranslatorPB.processRequest(OzoneManagerProtocolServerSideTranslatorPB.java:173) ~[ozone-manager-1.4.0-SNAPSHOT.jar:?]
	at org.apache.hadoop.hdds.server.OzoneProtocolMessageDispatcher.processRequest(OzoneProtocolMessageDispatcher.java:87) [hdds-server-framework-1.4.0-SNAPSHOT.jar:?]
	at org.apache.hadoop.ozone.protocolPB.OzoneManagerProtocolServerSideTranslatorPB.submitRequest(OzoneManagerProtocolServerSideTranslatorPB.java:147) [ozone-manager-1.4.0-SNAPSHOT.jar:?]
	at org.apache.hadoop.ozone.protocol.proto.OzoneManagerProtocolProtos$OzoneManagerService$2.callBlockingMethod(OzoneManagerProtocolProtos.java) [ozone-interface-client-1.4.0-SNAPSHOT.jar:?]
	at org.apache.hadoop.ipc.ProtobufRpcEngine$Server.processCall(ProtobufRpcEngine.java:465) [hadoop-common-3.3.4.jar:?]
	at org.apache.hadoop.ipc.ProtobufRpcEngine2$Server$ProtoBufRpcInvoker.call(ProtobufRpcEngine2.java:578) [hadoop-common-3.3.4.jar:?]
	at org.apache.hadoop.ipc.ProtobufRpcEngine2$Server$ProtoBufRpcInvoker.call(ProtobufRpcEngine2.java:556) [hadoop-common-3.3.4.jar:?]
	at org.apache.hadoop.ipc.RPC$Server.call(RPC.java:1093) [hadoop-common-3.3.4.jar:?]
	at org.apache.hadoop.ipc.Server$RpcCall.run(Server.java:1043) [hadoop-common-3.3.4.jar:?]
	at org.apache.hadoop.ipc.Server$RpcCall.run(Server.java:971) [hadoop-common-3.3.4.jar:?]
	at java.security.AccessController.doPrivileged(Native Method) ~[?:1.8.0_362]
	at javax.security.auth.Subject.doAs(Subject.java:422) [?:1.8.0_362]
	at org.apache.hadoop.security.UserGroupInformation.doAs(UserGroupInformation.java:1878) [hadoop-common-3.3.4.jar:?]
	at org.apache.hadoop.ipc.Server$Handler.run(Server.java:2976) [hadoop-common-3.3.4.jar:?]
05:44:51.356 [IPC Server handler 5 on default port 39193] ERROR OMAudit - user=runner | ip=127.0.0.1 | op=GET_FILE_STATUS {volume=volume61968, bucket=bucket63791, key=user/runner/dir1, dataSize=0, replicationConfig=null} | ret=FAILURE
org.apache.hadoop.ozone.om.exceptions.OMException: Unable to get file status: volume: volume61968 bucket: bucket63791 key: user/runner/dir1
	at org.apache.hadoop.ozone.om.KeyManagerImpl.getOzoneFileStatusFSO(KeyManagerImpl.java:1320) ~[ozone-manager-1.4.0-SNAPSHOT.jar:?]
	at org.apache.hadoop.ozone.om.KeyManagerImpl.getFileStatus(KeyManagerImpl.java:1112) ~[ozone-manager-1.4.0-SNAPSHOT.jar:?]
	at org.apache.hadoop.ozone.om.OmMetadataReader.getFileStatus(OmMetadataReader.java:288) ~[ozone-manager-1.4.0-SNAPSHOT.jar:?]
	at org.apache.hadoop.ozone.om.OzoneManager.getFileStatus(OzoneManager.java:3494) ~[ozone-manager-1.4.0-SNAPSHOT.jar:?]
	at org.apache.hadoop.ozone.protocolPB.OzoneManagerRequestHandler.getOzoneFileStatus(OzoneManagerRequestHandler.java:933) ~[ozone-manager-1.4.0-SNAPSHOT.jar:?]
	at org.apache.hadoop.ozone.protocolPB.OzoneManagerRequestHandler.handleReadRequest(OzoneManagerRequestHandler.java:238) ~[ozone-manager-1.4.0-SNAPSHOT.jar:?]
	at org.apache.hadoop.ozone.protocolPB.OzoneManagerProtocolServerSideTranslatorPB.submitRequestDirectlyToOM(OzoneManagerProtocolServerSideTranslatorPB.java:272) ~[ozone-manager-1.4.0-SNAPSHOT.jar:?]
	at org.apache.hadoop.ozone.protocolPB.OzoneManagerProtocolServerSideTranslatorPB.processRequest(OzoneManagerProtocolServerSideTranslatorPB.java:173) ~[ozone-manager-1.4.0-SNAPSHOT.jar:?]
	at org.apache.hadoop.hdds.server.OzoneProtocolMessageDispatcher.processRequest(OzoneProtocolMessageDispatcher.java:87) [hdds-server-framework-1.4.0-SNAPSHOT.jar:?]
	at org.apache.hadoop.ozone.protocolPB.OzoneManagerProtocolServerSideTranslatorPB.submitRequest(OzoneManagerProtocolServerSideTranslatorPB.java:147) [ozone-manager-1.4.0-SNAPSHOT.jar:?]
	at org.apache.hadoop.ozone.protocol.proto.OzoneManagerProtocolProtos$OzoneManagerService$2.callBlockingMethod(OzoneManagerProtocolProtos.java) [ozone-interface-client-1.4.0-SNAPSHOT.jar:?]
	at org.apache.hadoop.ipc.ProtobufRpcEngine$Server.processCall(ProtobufRpcEngine.java:465) [hadoop-common-3.3.4.jar:?]
	at org.apache.hadoop.ipc.ProtobufRpcEngine2$Server$ProtoBufRpcInvoker.call(ProtobufRpcEngine2.java:578) [hadoop-common-3.3.4.jar:?]
	at org.apache.hadoop.ipc.ProtobufRpcEngine2$Server$ProtoBufRpcInvoker.call(ProtobufRpcEngine2.java:556) [hadoop-common-3.3.4.jar:?]
	at org.apache.hadoop.ipc.RPC$Server.call(RPC.java:1093) [hadoop-common-3.3.4.jar:?]
	at org.apache.hadoop.ipc.Server$RpcCall.run(Server.java:1043) [hadoop-common-3.3.4.jar:?]
	at org.apache.hadoop.ipc.Server$RpcCall.run(Server.java:971) [hadoop-common-3.3.4.jar:?]
	at java.security.AccessController.doPrivileged(Native Method) ~[?:1.8.0_362]
	at javax.security.auth.Subject.doAs(Subject.java:422) [?:1.8.0_362]
	at org.apache.hadoop.security.UserGroupInformation.doAs(UserGroupInformation.java:1878) [hadoop-common-3.3.4.jar:?]
	at org.apache.hadoop.ipc.Server$Handler.run(Server.java:2976) [hadoop-common-3.3.4.jar:?]
05:44:51.359 [IPC Server handler 6 on default port 39193] ERROR OMAudit - user=runner | ip=127.0.0.1 | op=GET_FILE_STATUS {volume=volume61968, bucket=bucket63791, key=user/runner/dir1/dir2, dataSize=0, replicationConfig=null} | ret=FAILURE
org.apache.hadoop.ozone.om.exceptions.OMException: Unable to get file status: volume: volume61968 bucket: bucket63791 key: user/runner/dir1/dir2
	at org.apache.hadoop.ozone.om.KeyManagerImpl.getOzoneFileStatusFSO(KeyManagerImpl.java:1320) ~[ozone-manager-1.4.0-SNAPSHOT.jar:?]
	at org.apache.hadoop.ozone.om.KeyManagerImpl.getFileStatus(KeyManagerImpl.java:1112) ~[ozone-manager-1.4.0-SNAPSHOT.jar:?]
	at org.apache.hadoop.ozone.om.OmMetadataReader.getFileStatus(OmMetadataReader.java:288) ~[ozone-manager-1.4.0-SNAPSHOT.jar:?]
	at org.apache.hadoop.ozone.om.OzoneManager.getFileStatus(OzoneManager.java:3494) ~[ozone-manager-1.4.0-SNAPSHOT.jar:?]
	at org.apache.hadoop.ozone.protocolPB.OzoneManagerRequestHandler.getOzoneFileStatus(OzoneManagerRequestHandler.java:933) ~[ozone-manager-1.4.0-SNAPSHOT.jar:?]
	at org.apache.hadoop.ozone.protocolPB.OzoneManagerRequestHandler.handleReadRequest(OzoneManagerRequestHandler.java:238) ~[ozone-manager-1.4.0-SNAPSHOT.jar:?]
	at org.apache.hadoop.ozone.protocolPB.OzoneManagerProtocolServerSideTranslatorPB.submitRequestDirectlyToOM(OzoneManagerProtocolServerSideTranslatorPB.java:272) ~[ozone-manager-1.4.0-SNAPSHOT.jar:?]
	at org.apache.hadoop.ozone.protocolPB.OzoneManagerProtocolServerSideTranslatorPB.processRequest(OzoneManagerProtocolServerSideTranslatorPB.java:173) ~[ozone-manager-1.4.0-SNAPSHOT.jar:?]
	at org.apache.hadoop.hdds.server.OzoneProtocolMessageDispatcher.processRequest(OzoneProtocolMessageDispatcher.java:87) [hdds-server-framework-1.4.0-SNAPSHOT.jar:?]
	at org.apache.hadoop.ozone.protocolPB.OzoneManagerProtocolServerSideTranslatorPB.submitRequest(OzoneManagerProtocolServerSideTranslatorPB.java:147) [ozone-manager-1.4.0-SNAPSHOT.jar:?]
	at org.apache.hadoop.ozone.protocol.proto.OzoneManagerProtocolProtos$OzoneManagerService$2.callBlockingMethod(OzoneManagerProtocolProtos.java) [ozone-interface-client-1.4.0-SNAPSHOT.jar:?]
	at org.apache.hadoop.ipc.ProtobufRpcEngine$Server.processCall(ProtobufRpcEngine.java:465) [hadoop-common-3.3.4.jar:?]
	at org.apache.hadoop.ipc.ProtobufRpcEngine2$Server$ProtoBufRpcInvoker.call(ProtobufRpcEngine2.java:578) [hadoop-common-3.3.4.jar:?]
	at org.apache.hadoop.ipc.ProtobufRpcEngine2$Server$ProtoBufRpcInvoker.call(ProtobufRpcEngine2.java:556) [hadoop-common-3.3.4.jar:?]
	at org.apache.hadoop.ipc.RPC$Server.call(RPC.java:1093) [hadoop-common-3.3.4.jar:?]
	at org.apache.hadoop.ipc.Server$RpcCall.run(Server.java:1043) [hadoop-common-3.3.4.jar:?]
	at org.apache.hadoop.ipc.Server$RpcCall.run(Server.java:971) [hadoop-common-3.3.4.jar:?]
	at java.security.AccessController.doPrivileged(Native Method) ~[?:1.8.0_362]
	at javax.security.auth.Subject.doAs(Subject.java:422) [?:1.8.0_362]
	at org.apache.hadoop.security.UserGroupInformation.doAs(UserGroupInformation.java:1878) [hadoop-common-3.3.4.jar:?]
	at org.apache.hadoop.ipc.Server$Handler.run(Server.java:2976) [hadoop-common-3.3.4.jar:?]
]]></system-out>
  </testcase>
  <testcase name="testMakeDirsWithAnFakeDirectory" classname="TestOzoneFileSystemWithFSO" time="0.028">
    <system-out><![CDATA[2023-03-15 05:44:06,002 [OM StateMachine ApplyTransaction Thread - 0] INFO  key.OMKeyRequest (OMKeyRequest.java:wrapUncommittedBlocksAsPseudoKey(838)) - Detect allocated but uncommitted blocks [{blockID={containerID=7, localID=111677748019200054}, length=4194304, offset=0, token=null, pipeline=null, createVersion=0, partNumber=0}] in key dir1/dir2/key1.
05:44:06.004 [IPC Server handler 0 on default port 43369] ERROR OMAudit - user=runner | ip=127.0.0.1 | op=GET_FILE_STATUS {volume=volume35147, bucket=bucket98126, key=user/runner/dir1/dir2, dataSize=0, replicationConfig=null} | ret=FAILURE
org.apache.hadoop.ozone.om.exceptions.OMException: Unable to get file status: volume: volume35147 bucket: bucket98126 key: user/runner/dir1/dir2
	at org.apache.hadoop.ozone.om.KeyManagerImpl.getOzoneFileStatusFSO(KeyManagerImpl.java:1320) ~[ozone-manager-1.4.0-SNAPSHOT.jar:?]
	at org.apache.hadoop.ozone.om.KeyManagerImpl.getFileStatus(KeyManagerImpl.java:1112) ~[ozone-manager-1.4.0-SNAPSHOT.jar:?]
	at org.apache.hadoop.ozone.om.OmMetadataReader.getFileStatus(OmMetadataReader.java:288) ~[ozone-manager-1.4.0-SNAPSHOT.jar:?]
	at org.apache.hadoop.ozone.om.OzoneManager.getFileStatus(OzoneManager.java:3494) ~[ozone-manager-1.4.0-SNAPSHOT.jar:?]
	at org.apache.hadoop.ozone.protocolPB.OzoneManagerRequestHandler.getOzoneFileStatus(OzoneManagerRequestHandler.java:933) ~[ozone-manager-1.4.0-SNAPSHOT.jar:?]
	at org.apache.hadoop.ozone.protocolPB.OzoneManagerRequestHandler.handleReadRequest(OzoneManagerRequestHandler.java:238) ~[ozone-manager-1.4.0-SNAPSHOT.jar:?]
	at org.apache.hadoop.ozone.protocolPB.OzoneManagerProtocolServerSideTranslatorPB.submitReadRequestToOM(OzoneManagerProtocolServerSideTranslatorPB.java:223) ~[ozone-manager-1.4.0-SNAPSHOT.jar:?]
	at org.apache.hadoop.ozone.protocolPB.OzoneManagerProtocolServerSideTranslatorPB.processRequest(OzoneManagerProtocolServerSideTranslatorPB.java:177) ~[ozone-manager-1.4.0-SNAPSHOT.jar:?]
	at org.apache.hadoop.hdds.server.OzoneProtocolMessageDispatcher.processRequest(OzoneProtocolMessageDispatcher.java:87) [hdds-server-framework-1.4.0-SNAPSHOT.jar:?]
	at org.apache.hadoop.ozone.protocolPB.OzoneManagerProtocolServerSideTranslatorPB.submitRequest(OzoneManagerProtocolServerSideTranslatorPB.java:147) [ozone-manager-1.4.0-SNAPSHOT.jar:?]
	at org.apache.hadoop.ozone.protocol.proto.OzoneManagerProtocolProtos$OzoneManagerService$2.callBlockingMethod(OzoneManagerProtocolProtos.java) [ozone-interface-client-1.4.0-SNAPSHOT.jar:?]
	at org.apache.hadoop.ipc.ProtobufRpcEngine$Server.processCall(ProtobufRpcEngine.java:465) [hadoop-common-3.3.4.jar:?]
	at org.apache.hadoop.ipc.ProtobufRpcEngine2$Server$ProtoBufRpcInvoker.call(ProtobufRpcEngine2.java:578) [hadoop-common-3.3.4.jar:?]
	at org.apache.hadoop.ipc.ProtobufRpcEngine2$Server$ProtoBufRpcInvoker.call(ProtobufRpcEngine2.java:556) [hadoop-common-3.3.4.jar:?]
	at org.apache.hadoop.ipc.RPC$Server.call(RPC.java:1093) [hadoop-common-3.3.4.jar:?]
	at org.apache.hadoop.ipc.Server$RpcCall.run(Server.java:1043) [hadoop-common-3.3.4.jar:?]
	at org.apache.hadoop.ipc.Server$RpcCall.run(Server.java:971) [hadoop-common-3.3.4.jar:?]
	at java.security.AccessController.doPrivileged(Native Method) ~[?:1.8.0_362]
	at javax.security.auth.Subject.doAs(Subject.java:422) [?:1.8.0_362]
	at org.apache.hadoop.security.UserGroupInformation.doAs(UserGroupInformation.java:1878) [hadoop-common-3.3.4.jar:?]
	at org.apache.hadoop.ipc.Server$Handler.run(Server.java:2976) [hadoop-common-3.3.4.jar:?]
]]></system-out>
  </testcase>
  <testcase name="testMakeDirsWithAnFakeDirectory" classname="TestOzoneFileSystemWithFSO" time="0.013">
    <system-out><![CDATA[2023-03-15 05:44:51,367 [IPC Server handler 12 on default port 39193] INFO  key.OMKeyRequest (OMKeyRequest.java:wrapUncommittedBlocksAsPseudoKey(838)) - Detect allocated but uncommitted blocks [{blockID={containerID=7, localID=111677748019200054}, length=4194304, offset=0, token=null, pipeline=null, createVersion=0, partNumber=0}] in key dir1/dir2/key1.
05:44:51.368 [IPC Server handler 13 on default port 39193] ERROR OMAudit - user=runner | ip=127.0.0.1 | op=GET_FILE_STATUS {volume=volume61968, bucket=bucket63791, key=user/runner/dir1/dir2, dataSize=0, replicationConfig=null} | ret=FAILURE
org.apache.hadoop.ozone.om.exceptions.OMException: Unable to get file status: volume: volume61968 bucket: bucket63791 key: user/runner/dir1/dir2
	at org.apache.hadoop.ozone.om.KeyManagerImpl.getOzoneFileStatusFSO(KeyManagerImpl.java:1320) ~[ozone-manager-1.4.0-SNAPSHOT.jar:?]
	at org.apache.hadoop.ozone.om.KeyManagerImpl.getFileStatus(KeyManagerImpl.java:1112) ~[ozone-manager-1.4.0-SNAPSHOT.jar:?]
	at org.apache.hadoop.ozone.om.OmMetadataReader.getFileStatus(OmMetadataReader.java:288) ~[ozone-manager-1.4.0-SNAPSHOT.jar:?]
	at org.apache.hadoop.ozone.om.OzoneManager.getFileStatus(OzoneManager.java:3494) ~[ozone-manager-1.4.0-SNAPSHOT.jar:?]
	at org.apache.hadoop.ozone.protocolPB.OzoneManagerRequestHandler.getOzoneFileStatus(OzoneManagerRequestHandler.java:933) ~[ozone-manager-1.4.0-SNAPSHOT.jar:?]
	at org.apache.hadoop.ozone.protocolPB.OzoneManagerRequestHandler.handleReadRequest(OzoneManagerRequestHandler.java:238) ~[ozone-manager-1.4.0-SNAPSHOT.jar:?]
	at org.apache.hadoop.ozone.protocolPB.OzoneManagerProtocolServerSideTranslatorPB.submitRequestDirectlyToOM(OzoneManagerProtocolServerSideTranslatorPB.java:272) ~[ozone-manager-1.4.0-SNAPSHOT.jar:?]
	at org.apache.hadoop.ozone.protocolPB.OzoneManagerProtocolServerSideTranslatorPB.processRequest(OzoneManagerProtocolServerSideTranslatorPB.java:173) ~[ozone-manager-1.4.0-SNAPSHOT.jar:?]
	at org.apache.hadoop.hdds.server.OzoneProtocolMessageDispatcher.processRequest(OzoneProtocolMessageDispatcher.java:87) [hdds-server-framework-1.4.0-SNAPSHOT.jar:?]
	at org.apache.hadoop.ozone.protocolPB.OzoneManagerProtocolServerSideTranslatorPB.submitRequest(OzoneManagerProtocolServerSideTranslatorPB.java:147) [ozone-manager-1.4.0-SNAPSHOT.jar:?]
	at org.apache.hadoop.ozone.protocol.proto.OzoneManagerProtocolProtos$OzoneManagerService$2.callBlockingMethod(OzoneManagerProtocolProtos.java) [ozone-interface-client-1.4.0-SNAPSHOT.jar:?]
	at org.apache.hadoop.ipc.ProtobufRpcEngine$Server.processCall(ProtobufRpcEngine.java:465) [hadoop-common-3.3.4.jar:?]
	at org.apache.hadoop.ipc.ProtobufRpcEngine2$Server$ProtoBufRpcInvoker.call(ProtobufRpcEngine2.java:578) [hadoop-common-3.3.4.jar:?]
	at org.apache.hadoop.ipc.ProtobufRpcEngine2$Server$ProtoBufRpcInvoker.call(ProtobufRpcEngine2.java:556) [hadoop-common-3.3.4.jar:?]
	at org.apache.hadoop.ipc.RPC$Server.call(RPC.java:1093) [hadoop-common-3.3.4.jar:?]
	at org.apache.hadoop.ipc.Server$RpcCall.run(Server.java:1043) [hadoop-common-3.3.4.jar:?]
	at org.apache.hadoop.ipc.Server$RpcCall.run(Server.java:971) [hadoop-common-3.3.4.jar:?]
	at java.security.AccessController.doPrivileged(Native Method) ~[?:1.8.0_362]
	at javax.security.auth.Subject.doAs(Subject.java:422) [?:1.8.0_362]
	at org.apache.hadoop.security.UserGroupInformation.doAs(UserGroupInformation.java:1878) [hadoop-common-3.3.4.jar:?]
	at org.apache.hadoop.ipc.Server$Handler.run(Server.java:2976) [hadoop-common-3.3.4.jar:?]
]]></system-out>
  </testcase>
  <testcase name="testFileDelete" classname="TestOzoneFileSystemWithFSO" time="0.188">
    <system-out><![CDATA[2023-03-15 05:44:06,032 [OM StateMachine ApplyTransaction Thread - 0] INFO  key.OMKeyRequest (OMKeyRequest.java:wrapUncommittedBlocksAsPseudoKey(838)) - Detect allocated but uncommitted blocks [{blockID={containerID=2, localID=111677748019200055}, length=4194304, offset=0, token=null, pipeline=null, createVersion=0, partNumber=0}] in key testBatchDelete/parent/child0.
2023-03-15 05:44:06,041 [OM StateMachine ApplyTransaction Thread - 0] INFO  key.OMKeyRequest (OMKeyRequest.java:wrapUncommittedBlocksAsPseudoKey(838)) - Detect allocated but uncommitted blocks [{blockID={containerID=3, localID=111677748019200056}, length=4194304, offset=0, token=null, pipeline=null, createVersion=0, partNumber=0}] in key testBatchDelete/parent/childFolder/child0.
2023-03-15 05:44:06,054 [OM StateMachine ApplyTransaction Thread - 0] INFO  key.OMKeyRequest (OMKeyRequest.java:wrapUncommittedBlocksAsPseudoKey(838)) - Detect allocated but uncommitted blocks [{blockID={containerID=1, localID=111677748019200057}, length=4194304, offset=0, token=null, pipeline=null, createVersion=0, partNumber=0}] in key testBatchDelete/parent/child1.
2023-03-15 05:44:06,066 [OM StateMachine ApplyTransaction Thread - 0] INFO  key.OMKeyRequest (OMKeyRequest.java:wrapUncommittedBlocksAsPseudoKey(838)) - Detect allocated but uncommitted blocks [{blockID={containerID=4, localID=111677748019200058}, length=4194304, offset=0, token=null, pipeline=null, createVersion=0, partNumber=0}] in key testBatchDelete/parent/childFolder/child1.
2023-03-15 05:44:06,077 [OM StateMachine ApplyTransaction Thread - 0] INFO  key.OMKeyRequest (OMKeyRequest.java:wrapUncommittedBlocksAsPseudoKey(838)) - Detect allocated but uncommitted blocks [{blockID={containerID=2, localID=111677748019200059}, length=4194304, offset=0, token=null, pipeline=null, createVersion=0, partNumber=0}] in key testBatchDelete/parent/child2.
2023-03-15 05:44:06,086 [OM StateMachine ApplyTransaction Thread - 0] INFO  key.OMKeyRequest (OMKeyRequest.java:wrapUncommittedBlocksAsPseudoKey(838)) - Detect allocated but uncommitted blocks [{blockID={containerID=3, localID=111677748019200060}, length=4194304, offset=0, token=null, pipeline=null, createVersion=0, partNumber=0}] in key testBatchDelete/parent/childFolder/child2.
2023-03-15 05:44:06,094 [OM StateMachine ApplyTransaction Thread - 0] INFO  key.OMKeyRequest (OMKeyRequest.java:wrapUncommittedBlocksAsPseudoKey(838)) - Detect allocated but uncommitted blocks [{blockID={containerID=1, localID=111677748019200061}, length=4194304, offset=0, token=null, pipeline=null, createVersion=0, partNumber=0}] in key testBatchDelete/parent/child3.
2023-03-15 05:44:06,103 [OM StateMachine ApplyTransaction Thread - 0] INFO  key.OMKeyRequest (OMKeyRequest.java:wrapUncommittedBlocksAsPseudoKey(838)) - Detect allocated but uncommitted blocks [{blockID={containerID=4, localID=111677748019200062}, length=4194304, offset=0, token=null, pipeline=null, createVersion=0, partNumber=0}] in key testBatchDelete/parent/childFolder/child3.
2023-03-15 05:44:06,113 [OM StateMachine ApplyTransaction Thread - 0] INFO  key.OMKeyRequest (OMKeyRequest.java:wrapUncommittedBlocksAsPseudoKey(838)) - Detect allocated but uncommitted blocks [{blockID={containerID=2, localID=111677748019200063}, length=4194304, offset=0, token=null, pipeline=null, createVersion=0, partNumber=0}] in key testBatchDelete/parent/child4.
2023-03-15 05:44:06,122 [OM StateMachine ApplyTransaction Thread - 0] INFO  key.OMKeyRequest (OMKeyRequest.java:wrapUncommittedBlocksAsPseudoKey(838)) - Detect allocated but uncommitted blocks [{blockID={containerID=3, localID=111677748019200064}, length=4194304, offset=0, token=null, pipeline=null, createVersion=0, partNumber=0}] in key testBatchDelete/parent/childFolder/child4.
2023-03-15 05:44:06,130 [OM StateMachine ApplyTransaction Thread - 0] INFO  key.OMKeyRequest (OMKeyRequest.java:wrapUncommittedBlocksAsPseudoKey(838)) - Detect allocated but uncommitted blocks [{blockID={containerID=4, localID=111677748019200065}, length=4194304, offset=0, token=null, pipeline=null, createVersion=0, partNumber=0}] in key testBatchDelete/parent/child5.
2023-03-15 05:44:06,140 [OM StateMachine ApplyTransaction Thread - 0] INFO  key.OMKeyRequest (OMKeyRequest.java:wrapUncommittedBlocksAsPseudoKey(838)) - Detect allocated but uncommitted blocks [{blockID={containerID=1, localID=111677748019200066}, length=4194304, offset=0, token=null, pipeline=null, createVersion=0, partNumber=0}] in key testBatchDelete/parent/childFolder/child5.
2023-03-15 05:44:06,148 [OM StateMachine ApplyTransaction Thread - 0] INFO  key.OMKeyRequest (OMKeyRequest.java:wrapUncommittedBlocksAsPseudoKey(838)) - Detect allocated but uncommitted blocks [{blockID={containerID=2, localID=111677748019200067}, length=4194304, offset=0, token=null, pipeline=null, createVersion=0, partNumber=0}] in key testBatchDelete/parent/child6.
2023-03-15 05:44:06,156 [OM StateMachine ApplyTransaction Thread - 0] INFO  key.OMKeyRequest (OMKeyRequest.java:wrapUncommittedBlocksAsPseudoKey(838)) - Detect allocated but uncommitted blocks [{blockID={containerID=1, localID=111677748019200068}, length=4194304, offset=0, token=null, pipeline=null, createVersion=0, partNumber=0}] in key testBatchDelete/parent/childFolder/child6.
2023-03-15 05:44:06,165 [OM StateMachine ApplyTransaction Thread - 0] INFO  key.OMKeyRequest (OMKeyRequest.java:wrapUncommittedBlocksAsPseudoKey(838)) - Detect allocated but uncommitted blocks [{blockID={containerID=2, localID=111677748019200069}, length=4194304, offset=0, token=null, pipeline=null, createVersion=0, partNumber=0}] in key testBatchDelete/parent/child7.
2023-03-15 05:44:06,173 [OM StateMachine ApplyTransaction Thread - 0] INFO  key.OMKeyRequest (OMKeyRequest.java:wrapUncommittedBlocksAsPseudoKey(838)) - Detect allocated but uncommitted blocks [{blockID={containerID=3, localID=111677748019200070}, length=4194304, offset=0, token=null, pipeline=null, createVersion=0, partNumber=0}] in key testBatchDelete/parent/childFolder/child7.
05:44:06.183 [IPC Server handler 8 on default port 43369] ERROR OMAudit - user=runner | ip=127.0.0.1 | op=GET_FILE_STATUS {volume=volume35147, bucket=bucket98126, key=testBatchDelete, dataSize=0, replicationConfig=null} | ret=FAILURE
org.apache.hadoop.ozone.om.exceptions.OMException: Unable to get file status: volume: volume35147 bucket: bucket98126 key: testBatchDelete
	at org.apache.hadoop.ozone.om.KeyManagerImpl.getOzoneFileStatusFSO(KeyManagerImpl.java:1320) ~[ozone-manager-1.4.0-SNAPSHOT.jar:?]
	at org.apache.hadoop.ozone.om.KeyManagerImpl.getFileStatus(KeyManagerImpl.java:1112) ~[ozone-manager-1.4.0-SNAPSHOT.jar:?]
	at org.apache.hadoop.ozone.om.OmMetadataReader.getFileStatus(OmMetadataReader.java:288) ~[ozone-manager-1.4.0-SNAPSHOT.jar:?]
	at org.apache.hadoop.ozone.om.OzoneManager.getFileStatus(OzoneManager.java:3494) ~[ozone-manager-1.4.0-SNAPSHOT.jar:?]
	at org.apache.hadoop.ozone.protocolPB.OzoneManagerRequestHandler.getOzoneFileStatus(OzoneManagerRequestHandler.java:933) ~[ozone-manager-1.4.0-SNAPSHOT.jar:?]
	at org.apache.hadoop.ozone.protocolPB.OzoneManagerRequestHandler.handleReadRequest(OzoneManagerRequestHandler.java:238) ~[ozone-manager-1.4.0-SNAPSHOT.jar:?]
	at org.apache.hadoop.ozone.protocolPB.OzoneManagerProtocolServerSideTranslatorPB.submitReadRequestToOM(OzoneManagerProtocolServerSideTranslatorPB.java:223) ~[ozone-manager-1.4.0-SNAPSHOT.jar:?]
	at org.apache.hadoop.ozone.protocolPB.OzoneManagerProtocolServerSideTranslatorPB.processRequest(OzoneManagerProtocolServerSideTranslatorPB.java:177) ~[ozone-manager-1.4.0-SNAPSHOT.jar:?]
	at org.apache.hadoop.hdds.server.OzoneProtocolMessageDispatcher.processRequest(OzoneProtocolMessageDispatcher.java:87) [hdds-server-framework-1.4.0-SNAPSHOT.jar:?]
	at org.apache.hadoop.ozone.protocolPB.OzoneManagerProtocolServerSideTranslatorPB.submitRequest(OzoneManagerProtocolServerSideTranslatorPB.java:147) [ozone-manager-1.4.0-SNAPSHOT.jar:?]
	at org.apache.hadoop.ozone.protocol.proto.OzoneManagerProtocolProtos$OzoneManagerService$2.callBlockingMethod(OzoneManagerProtocolProtos.java) [ozone-interface-client-1.4.0-SNAPSHOT.jar:?]
	at org.apache.hadoop.ipc.ProtobufRpcEngine$Server.processCall(ProtobufRpcEngine.java:465) [hadoop-common-3.3.4.jar:?]
	at org.apache.hadoop.ipc.ProtobufRpcEngine2$Server$ProtoBufRpcInvoker.call(ProtobufRpcEngine2.java:578) [hadoop-common-3.3.4.jar:?]
	at org.apache.hadoop.ipc.ProtobufRpcEngine2$Server$ProtoBufRpcInvoker.call(ProtobufRpcEngine2.java:556) [hadoop-common-3.3.4.jar:?]
	at org.apache.hadoop.ipc.RPC$Server.call(RPC.java:1093) [hadoop-common-3.3.4.jar:?]
	at org.apache.hadoop.ipc.Server$RpcCall.run(Server.java:1043) [hadoop-common-3.3.4.jar:?]
	at org.apache.hadoop.ipc.Server$RpcCall.run(Server.java:971) [hadoop-common-3.3.4.jar:?]
	at java.security.AccessController.doPrivileged(Native Method) ~[?:1.8.0_362]
	at javax.security.auth.Subject.doAs(Subject.java:422) [?:1.8.0_362]
	at org.apache.hadoop.security.UserGroupInformation.doAs(UserGroupInformation.java:1878) [hadoop-common-3.3.4.jar:?]
	at org.apache.hadoop.ipc.Server$Handler.run(Server.java:2976) [hadoop-common-3.3.4.jar:?]
05:44:06.184 [IPC Server handler 18 on default port 43369] ERROR OMAudit - user=runner | ip=127.0.0.1 | op=GET_FILE_STATUS {volume=volume35147, bucket=bucket98126, key=testBatchDelete/parent/child0, dataSize=0, replicationConfig=null} | ret=FAILURE
org.apache.hadoop.ozone.om.exceptions.OMException: Unable to get file status: volume: volume35147 bucket: bucket98126 key: testBatchDelete/parent/child0
	at org.apache.hadoop.ozone.om.KeyManagerImpl.getOzoneFileStatusFSO(KeyManagerImpl.java:1320) ~[ozone-manager-1.4.0-SNAPSHOT.jar:?]
	at org.apache.hadoop.ozone.om.KeyManagerImpl.getFileStatus(KeyManagerImpl.java:1112) ~[ozone-manager-1.4.0-SNAPSHOT.jar:?]
	at org.apache.hadoop.ozone.om.OmMetadataReader.getFileStatus(OmMetadataReader.java:288) ~[ozone-manager-1.4.0-SNAPSHOT.jar:?]
	at org.apache.hadoop.ozone.om.OzoneManager.getFileStatus(OzoneManager.java:3494) ~[ozone-manager-1.4.0-SNAPSHOT.jar:?]
	at org.apache.hadoop.ozone.protocolPB.OzoneManagerRequestHandler.getOzoneFileStatus(OzoneManagerRequestHandler.java:933) ~[ozone-manager-1.4.0-SNAPSHOT.jar:?]
	at org.apache.hadoop.ozone.protocolPB.OzoneManagerRequestHandler.handleReadRequest(OzoneManagerRequestHandler.java:238) ~[ozone-manager-1.4.0-SNAPSHOT.jar:?]
	at org.apache.hadoop.ozone.protocolPB.OzoneManagerProtocolServerSideTranslatorPB.submitReadRequestToOM(OzoneManagerProtocolServerSideTranslatorPB.java:223) ~[ozone-manager-1.4.0-SNAPSHOT.jar:?]
	at org.apache.hadoop.ozone.protocolPB.OzoneManagerProtocolServerSideTranslatorPB.processRequest(OzoneManagerProtocolServerSideTranslatorPB.java:177) ~[ozone-manager-1.4.0-SNAPSHOT.jar:?]
	at org.apache.hadoop.hdds.server.OzoneProtocolMessageDispatcher.processRequest(OzoneProtocolMessageDispatcher.java:87) [hdds-server-framework-1.4.0-SNAPSHOT.jar:?]
	at org.apache.hadoop.ozone.protocolPB.OzoneManagerProtocolServerSideTranslatorPB.submitRequest(OzoneManagerProtocolServerSideTranslatorPB.java:147) [ozone-manager-1.4.0-SNAPSHOT.jar:?]
	at org.apache.hadoop.ozone.protocol.proto.OzoneManagerProtocolProtos$OzoneManagerService$2.callBlockingMethod(OzoneManagerProtocolProtos.java) [ozone-interface-client-1.4.0-SNAPSHOT.jar:?]
	at org.apache.hadoop.ipc.ProtobufRpcEngine$Server.processCall(ProtobufRpcEngine.java:465) [hadoop-common-3.3.4.jar:?]
	at org.apache.hadoop.ipc.ProtobufRpcEngine2$Server$ProtoBufRpcInvoker.call(ProtobufRpcEngine2.java:578) [hadoop-common-3.3.4.jar:?]
	at org.apache.hadoop.ipc.ProtobufRpcEngine2$Server$ProtoBufRpcInvoker.call(ProtobufRpcEngine2.java:556) [hadoop-common-3.3.4.jar:?]
	at org.apache.hadoop.ipc.RPC$Server.call(RPC.java:1093) [hadoop-common-3.3.4.jar:?]
	at org.apache.hadoop.ipc.Server$RpcCall.run(Server.java:1043) [hadoop-common-3.3.4.jar:?]
	at org.apache.hadoop.ipc.Server$RpcCall.run(Server.java:971) [hadoop-common-3.3.4.jar:?]
	at java.security.AccessController.doPrivileged(Native Method) ~[?:1.8.0_362]
	at javax.security.auth.Subject.doAs(Subject.java:422) [?:1.8.0_362]
	at org.apache.hadoop.security.UserGroupInformation.doAs(UserGroupInformation.java:1878) [hadoop-common-3.3.4.jar:?]
	at org.apache.hadoop.ipc.Server$Handler.run(Server.java:2976) [hadoop-common-3.3.4.jar:?]
05:44:06.185 [IPC Server handler 11 on default port 43369] ERROR OMAudit - user=runner | ip=127.0.0.1 | op=GET_FILE_STATUS {volume=volume35147, bucket=bucket98126, key=testBatchDelete/parent/childFolder/child0, dataSize=0, replicationConfig=null} | ret=FAILURE
org.apache.hadoop.ozone.om.exceptions.OMException: Unable to get file status: volume: volume35147 bucket: bucket98126 key: testBatchDelete/parent/childFolder/child0
	at org.apache.hadoop.ozone.om.KeyManagerImpl.getOzoneFileStatusFSO(KeyManagerImpl.java:1320) ~[ozone-manager-1.4.0-SNAPSHOT.jar:?]
	at org.apache.hadoop.ozone.om.KeyManagerImpl.getFileStatus(KeyManagerImpl.java:1112) ~[ozone-manager-1.4.0-SNAPSHOT.jar:?]
	at org.apache.hadoop.ozone.om.OmMetadataReader.getFileStatus(OmMetadataReader.java:288) ~[ozone-manager-1.4.0-SNAPSHOT.jar:?]
	at org.apache.hadoop.ozone.om.OzoneManager.getFileStatus(OzoneManager.java:3494) ~[ozone-manager-1.4.0-SNAPSHOT.jar:?]
	at org.apache.hadoop.ozone.protocolPB.OzoneManagerRequestHandler.getOzoneFileStatus(OzoneManagerRequestHandler.java:933) ~[ozone-manager-1.4.0-SNAPSHOT.jar:?]
	at org.apache.hadoop.ozone.protocolPB.OzoneManagerRequestHandler.handleReadRequest(OzoneManagerRequestHandler.java:238) ~[ozone-manager-1.4.0-SNAPSHOT.jar:?]
	at org.apache.hadoop.ozone.protocolPB.OzoneManagerProtocolServerSideTranslatorPB.submitReadRequestToOM(OzoneManagerProtocolServerSideTranslatorPB.java:223) ~[ozone-manager-1.4.0-SNAPSHOT.jar:?]
	at org.apache.hadoop.ozone.protocolPB.OzoneManagerProtocolServerSideTranslatorPB.processRequest(OzoneManagerProtocolServerSideTranslatorPB.java:177) ~[ozone-manager-1.4.0-SNAPSHOT.jar:?]
	at org.apache.hadoop.hdds.server.OzoneProtocolMessageDispatcher.processRequest(OzoneProtocolMessageDispatcher.java:87) [hdds-server-framework-1.4.0-SNAPSHOT.jar:?]
	at org.apache.hadoop.ozone.protocolPB.OzoneManagerProtocolServerSideTranslatorPB.submitRequest(OzoneManagerProtocolServerSideTranslatorPB.java:147) [ozone-manager-1.4.0-SNAPSHOT.jar:?]
	at org.apache.hadoop.ozone.protocol.proto.OzoneManagerProtocolProtos$OzoneManagerService$2.callBlockingMethod(OzoneManagerProtocolProtos.java) [ozone-interface-client-1.4.0-SNAPSHOT.jar:?]
	at org.apache.hadoop.ipc.ProtobufRpcEngine$Server.processCall(ProtobufRpcEngine.java:465) [hadoop-common-3.3.4.jar:?]
	at org.apache.hadoop.ipc.ProtobufRpcEngine2$Server$ProtoBufRpcInvoker.call(ProtobufRpcEngine2.java:578) [hadoop-common-3.3.4.jar:?]
	at org.apache.hadoop.ipc.ProtobufRpcEngine2$Server$ProtoBufRpcInvoker.call(ProtobufRpcEngine2.java:556) [hadoop-common-3.3.4.jar:?]
	at org.apache.hadoop.ipc.RPC$Server.call(RPC.java:1093) [hadoop-common-3.3.4.jar:?]
	at org.apache.hadoop.ipc.Server$RpcCall.run(Server.java:1043) [hadoop-common-3.3.4.jar:?]
	at org.apache.hadoop.ipc.Server$RpcCall.run(Server.java:971) [hadoop-common-3.3.4.jar:?]
	at java.security.AccessController.doPrivileged(Native Method) ~[?:1.8.0_362]
	at javax.security.auth.Subject.doAs(Subject.java:422) [?:1.8.0_362]
	at org.apache.hadoop.security.UserGroupInformation.doAs(UserGroupInformation.java:1878) [hadoop-common-3.3.4.jar:?]
	at org.apache.hadoop.ipc.Server$Handler.run(Server.java:2976) [hadoop-common-3.3.4.jar:?]
05:44:06.187 [IPC Server handler 13 on default port 43369] ERROR OMAudit - user=runner | ip=127.0.0.1 | op=GET_FILE_STATUS {volume=volume35147, bucket=bucket98126, key=testBatchDelete/parent/child1, dataSize=0, replicationConfig=null} | ret=FAILURE
org.apache.hadoop.ozone.om.exceptions.OMException: Unable to get file status: volume: volume35147 bucket: bucket98126 key: testBatchDelete/parent/child1
	at org.apache.hadoop.ozone.om.KeyManagerImpl.getOzoneFileStatusFSO(KeyManagerImpl.java:1320) ~[ozone-manager-1.4.0-SNAPSHOT.jar:?]
	at org.apache.hadoop.ozone.om.KeyManagerImpl.getFileStatus(KeyManagerImpl.java:1112) ~[ozone-manager-1.4.0-SNAPSHOT.jar:?]
	at org.apache.hadoop.ozone.om.OmMetadataReader.getFileStatus(OmMetadataReader.java:288) ~[ozone-manager-1.4.0-SNAPSHOT.jar:?]
	at org.apache.hadoop.ozone.om.OzoneManager.getFileStatus(OzoneManager.java:3494) ~[ozone-manager-1.4.0-SNAPSHOT.jar:?]
	at org.apache.hadoop.ozone.protocolPB.OzoneManagerRequestHandler.getOzoneFileStatus(OzoneManagerRequestHandler.java:933) ~[ozone-manager-1.4.0-SNAPSHOT.jar:?]
	at org.apache.hadoop.ozone.protocolPB.OzoneManagerRequestHandler.handleReadRequest(OzoneManagerRequestHandler.java:238) ~[ozone-manager-1.4.0-SNAPSHOT.jar:?]
	at org.apache.hadoop.ozone.protocolPB.OzoneManagerProtocolServerSideTranslatorPB.submitReadRequestToOM(OzoneManagerProtocolServerSideTranslatorPB.java:223) ~[ozone-manager-1.4.0-SNAPSHOT.jar:?]
	at org.apache.hadoop.ozone.protocolPB.OzoneManagerProtocolServerSideTranslatorPB.processRequest(OzoneManagerProtocolServerSideTranslatorPB.java:177) ~[ozone-manager-1.4.0-SNAPSHOT.jar:?]
	at org.apache.hadoop.hdds.server.OzoneProtocolMessageDispatcher.processRequest(OzoneProtocolMessageDispatcher.java:87) [hdds-server-framework-1.4.0-SNAPSHOT.jar:?]
	at org.apache.hadoop.ozone.protocolPB.OzoneManagerProtocolServerSideTranslatorPB.submitRequest(OzoneManagerProtocolServerSideTranslatorPB.java:147) [ozone-manager-1.4.0-SNAPSHOT.jar:?]
	at org.apache.hadoop.ozone.protocol.proto.OzoneManagerProtocolProtos$OzoneManagerService$2.callBlockingMethod(OzoneManagerProtocolProtos.java) [ozone-interface-client-1.4.0-SNAPSHOT.jar:?]
	at org.apache.hadoop.ipc.ProtobufRpcEngine$Server.processCall(ProtobufRpcEngine.java:465) [hadoop-common-3.3.4.jar:?]
	at org.apache.hadoop.ipc.ProtobufRpcEngine2$Server$ProtoBufRpcInvoker.call(ProtobufRpcEngine2.java:578) [hadoop-common-3.3.4.jar:?]
	at org.apache.hadoop.ipc.ProtobufRpcEngine2$Server$ProtoBufRpcInvoker.call(ProtobufRpcEngine2.java:556) [hadoop-common-3.3.4.jar:?]
	at org.apache.hadoop.ipc.RPC$Server.call(RPC.java:1093) [hadoop-common-3.3.4.jar:?]
	at org.apache.hadoop.ipc.Server$RpcCall.run(Server.java:1043) [hadoop-common-3.3.4.jar:?]
	at org.apache.hadoop.ipc.Server$RpcCall.run(Server.java:971) [hadoop-common-3.3.4.jar:?]
	at java.security.AccessController.doPrivileged(Native Method) ~[?:1.8.0_362]
	at javax.security.auth.Subject.doAs(Subject.java:422) [?:1.8.0_362]
	at org.apache.hadoop.security.UserGroupInformation.doAs(UserGroupInformation.java:1878) [hadoop-common-3.3.4.jar:?]
	at org.apache.hadoop.ipc.Server$Handler.run(Server.java:2976) [hadoop-common-3.3.4.jar:?]
05:44:06.188 [IPC Server handler 17 on default port 43369] ERROR OMAudit - user=runner | ip=127.0.0.1 | op=GET_FILE_STATUS {volume=volume35147, bucket=bucket98126, key=testBatchDelete/parent/childFolder/child1, dataSize=0, replicationConfig=null} | ret=FAILURE
org.apache.hadoop.ozone.om.exceptions.OMException: Unable to get file status: volume: volume35147 bucket: bucket98126 key: testBatchDelete/parent/childFolder/child1
	at org.apache.hadoop.ozone.om.KeyManagerImpl.getOzoneFileStatusFSO(KeyManagerImpl.java:1320) ~[ozone-manager-1.4.0-SNAPSHOT.jar:?]
	at org.apache.hadoop.ozone.om.KeyManagerImpl.getFileStatus(KeyManagerImpl.java:1112) ~[ozone-manager-1.4.0-SNAPSHOT.jar:?]
	at org.apache.hadoop.ozone.om.OmMetadataReader.getFileStatus(OmMetadataReader.java:288) ~[ozone-manager-1.4.0-SNAPSHOT.jar:?]
	at org.apache.hadoop.ozone.om.OzoneManager.getFileStatus(OzoneManager.java:3494) ~[ozone-manager-1.4.0-SNAPSHOT.jar:?]
	at org.apache.hadoop.ozone.protocolPB.OzoneManagerRequestHandler.getOzoneFileStatus(OzoneManagerRequestHandler.java:933) ~[ozone-manager-1.4.0-SNAPSHOT.jar:?]
	at org.apache.hadoop.ozone.protocolPB.OzoneManagerRequestHandler.handleReadRequest(OzoneManagerRequestHandler.java:238) ~[ozone-manager-1.4.0-SNAPSHOT.jar:?]
	at org.apache.hadoop.ozone.protocolPB.OzoneManagerProtocolServerSideTranslatorPB.submitReadRequestToOM(OzoneManagerProtocolServerSideTranslatorPB.java:223) ~[ozone-manager-1.4.0-SNAPSHOT.jar:?]
	at org.apache.hadoop.ozone.protocolPB.OzoneManagerProtocolServerSideTranslatorPB.processRequest(OzoneManagerProtocolServerSideTranslatorPB.java:177) ~[ozone-manager-1.4.0-SNAPSHOT.jar:?]
	at org.apache.hadoop.hdds.server.OzoneProtocolMessageDispatcher.processRequest(OzoneProtocolMessageDispatcher.java:87) [hdds-server-framework-1.4.0-SNAPSHOT.jar:?]
	at org.apache.hadoop.ozone.protocolPB.OzoneManagerProtocolServerSideTranslatorPB.submitRequest(OzoneManagerProtocolServerSideTranslatorPB.java:147) [ozone-manager-1.4.0-SNAPSHOT.jar:?]
	at org.apache.hadoop.ozone.protocol.proto.OzoneManagerProtocolProtos$OzoneManagerService$2.callBlockingMethod(OzoneManagerProtocolProtos.java) [ozone-interface-client-1.4.0-SNAPSHOT.jar:?]
	at org.apache.hadoop.ipc.ProtobufRpcEngine$Server.processCall(ProtobufRpcEngine.java:465) [hadoop-common-3.3.4.jar:?]
	at org.apache.hadoop.ipc.ProtobufRpcEngine2$Server$ProtoBufRpcInvoker.call(ProtobufRpcEngine2.java:578) [hadoop-common-3.3.4.jar:?]
	at org.apache.hadoop.ipc.ProtobufRpcEngine2$Server$ProtoBufRpcInvoker.call(ProtobufRpcEngine2.java:556) [hadoop-common-3.3.4.jar:?]
	at org.apache.hadoop.ipc.RPC$Server.call(RPC.java:1093) [hadoop-common-3.3.4.jar:?]
	at org.apache.hadoop.ipc.Server$RpcCall.run(Server.java:1043) [hadoop-common-3.3.4.jar:?]
	at org.apache.hadoop.ipc.Server$RpcCall.run(Server.java:971) [hadoop-common-3.3.4.jar:?]
	at java.security.AccessController.doPrivileged(Native Method) ~[?:1.8.0_362]
	at javax.security.auth.Subject.doAs(Subject.java:422) [?:1.8.0_362]
	at org.apache.hadoop.security.UserGroupInformation.doAs(UserGroupInformation.java:1878) [hadoop-common-3.3.4.jar:?]
	at org.apache.hadoop.ipc.Server$Handler.run(Server.java:2976) [hadoop-common-3.3.4.jar:?]
05:44:06.189 [IPC Server handler 6 on default port 43369] ERROR OMAudit - user=runner | ip=127.0.0.1 | op=GET_FILE_STATUS {volume=volume35147, bucket=bucket98126, key=testBatchDelete/parent/child2, dataSize=0, replicationConfig=null} | ret=FAILURE
org.apache.hadoop.ozone.om.exceptions.OMException: Unable to get file status: volume: volume35147 bucket: bucket98126 key: testBatchDelete/parent/child2
	at org.apache.hadoop.ozone.om.KeyManagerImpl.getOzoneFileStatusFSO(KeyManagerImpl.java:1320) ~[ozone-manager-1.4.0-SNAPSHOT.jar:?]
	at org.apache.hadoop.ozone.om.KeyManagerImpl.getFileStatus(KeyManagerImpl.java:1112) ~[ozone-manager-1.4.0-SNAPSHOT.jar:?]
	at org.apache.hadoop.ozone.om.OmMetadataReader.getFileStatus(OmMetadataReader.java:288) ~[ozone-manager-1.4.0-SNAPSHOT.jar:?]
	at org.apache.hadoop.ozone.om.OzoneManager.getFileStatus(OzoneManager.java:3494) ~[ozone-manager-1.4.0-SNAPSHOT.jar:?]
	at org.apache.hadoop.ozone.protocolPB.OzoneManagerRequestHandler.getOzoneFileStatus(OzoneManagerRequestHandler.java:933) ~[ozone-manager-1.4.0-SNAPSHOT.jar:?]
	at org.apache.hadoop.ozone.protocolPB.OzoneManagerRequestHandler.handleReadRequest(OzoneManagerRequestHandler.java:238) ~[ozone-manager-1.4.0-SNAPSHOT.jar:?]
	at org.apache.hadoop.ozone.protocolPB.OzoneManagerProtocolServerSideTranslatorPB.submitReadRequestToOM(OzoneManagerProtocolServerSideTranslatorPB.java:223) ~[ozone-manager-1.4.0-SNAPSHOT.jar:?]
	at org.apache.hadoop.ozone.protocolPB.OzoneManagerProtocolServerSideTranslatorPB.processRequest(OzoneManagerProtocolServerSideTranslatorPB.java:177) ~[ozone-manager-1.4.0-SNAPSHOT.jar:?]
	at org.apache.hadoop.hdds.server.OzoneProtocolMessageDispatcher.processRequest(OzoneProtocolMessageDispatcher.java:87) [hdds-server-framework-1.4.0-SNAPSHOT.jar:?]
	at org.apache.hadoop.ozone.protocolPB.OzoneManagerProtocolServerSideTranslatorPB.submitRequest(OzoneManagerProtocolServerSideTranslatorPB.java:147) [ozone-manager-1.4.0-SNAPSHOT.jar:?]
	at org.apache.hadoop.ozone.protocol.proto.OzoneManagerProtocolProtos$OzoneManagerService$2.callBlockingMethod(OzoneManagerProtocolProtos.java) [ozone-interface-client-1.4.0-SNAPSHOT.jar:?]
	at org.apache.hadoop.ipc.ProtobufRpcEngine$Server.processCall(ProtobufRpcEngine.java:465) [hadoop-common-3.3.4.jar:?]
	at org.apache.hadoop.ipc.ProtobufRpcEngine2$Server$ProtoBufRpcInvoker.call(ProtobufRpcEngine2.java:578) [hadoop-common-3.3.4.jar:?]
	at org.apache.hadoop.ipc.ProtobufRpcEngine2$Server$ProtoBufRpcInvoker.call(ProtobufRpcEngine2.java:556) [hadoop-common-3.3.4.jar:?]
	at org.apache.hadoop.ipc.RPC$Server.call(RPC.java:1093) [hadoop-common-3.3.4.jar:?]
	at org.apache.hadoop.ipc.Server$RpcCall.run(Server.java:1043) [hadoop-common-3.3.4.jar:?]
	at org.apache.hadoop.ipc.Server$RpcCall.run(Server.java:971) [hadoop-common-3.3.4.jar:?]
	at java.security.AccessController.doPrivileged(Native Method) ~[?:1.8.0_362]
	at javax.security.auth.Subject.doAs(Subject.java:422) [?:1.8.0_362]
	at org.apache.hadoop.security.UserGroupInformation.doAs(UserGroupInformation.java:1878) [hadoop-common-3.3.4.jar:?]
	at org.apache.hadoop.ipc.Server$Handler.run(Server.java:2976) [hadoop-common-3.3.4.jar:?]
05:44:06.190 [IPC Server handler 10 on default port 43369] ERROR OMAudit - user=runner | ip=127.0.0.1 | op=GET_FILE_STATUS {volume=volume35147, bucket=bucket98126, key=testBatchDelete/parent/childFolder/child2, dataSize=0, replicationConfig=null} | ret=FAILURE
org.apache.hadoop.ozone.om.exceptions.OMException: Unable to get file status: volume: volume35147 bucket: bucket98126 key: testBatchDelete/parent/childFolder/child2
	at org.apache.hadoop.ozone.om.KeyManagerImpl.getOzoneFileStatusFSO(KeyManagerImpl.java:1320) ~[ozone-manager-1.4.0-SNAPSHOT.jar:?]
	at org.apache.hadoop.ozone.om.KeyManagerImpl.getFileStatus(KeyManagerImpl.java:1112) ~[ozone-manager-1.4.0-SNAPSHOT.jar:?]
	at org.apache.hadoop.ozone.om.OmMetadataReader.getFileStatus(OmMetadataReader.java:288) ~[ozone-manager-1.4.0-SNAPSHOT.jar:?]
	at org.apache.hadoop.ozone.om.OzoneManager.getFileStatus(OzoneManager.java:3494) ~[ozone-manager-1.4.0-SNAPSHOT.jar:?]
	at org.apache.hadoop.ozone.protocolPB.OzoneManagerRequestHandler.getOzoneFileStatus(OzoneManagerRequestHandler.java:933) ~[ozone-manager-1.4.0-SNAPSHOT.jar:?]
	at org.apache.hadoop.ozone.protocolPB.OzoneManagerRequestHandler.handleReadRequest(OzoneManagerRequestHandler.java:238) ~[ozone-manager-1.4.0-SNAPSHOT.jar:?]
	at org.apache.hadoop.ozone.protocolPB.OzoneManagerProtocolServerSideTranslatorPB.submitReadRequestToOM(OzoneManagerProtocolServerSideTranslatorPB.java:223) ~[ozone-manager-1.4.0-SNAPSHOT.jar:?]
	at org.apache.hadoop.ozone.protocolPB.OzoneManagerProtocolServerSideTranslatorPB.processRequest(OzoneManagerProtocolServerSideTranslatorPB.java:177) ~[ozone-manager-1.4.0-SNAPSHOT.jar:?]
	at org.apache.hadoop.hdds.server.OzoneProtocolMessageDispatcher.processRequest(OzoneProtocolMessageDispatcher.java:87) [hdds-server-framework-1.4.0-SNAPSHOT.jar:?]
	at org.apache.hadoop.ozone.protocolPB.OzoneManagerProtocolServerSideTranslatorPB.submitRequest(OzoneManagerProtocolServerSideTranslatorPB.java:147) [ozone-manager-1.4.0-SNAPSHOT.jar:?]
	at org.apache.hadoop.ozone.protocol.proto.OzoneManagerProtocolProtos$OzoneManagerService$2.callBlockingMethod(OzoneManagerProtocolProtos.java) [ozone-interface-client-1.4.0-SNAPSHOT.jar:?]
	at org.apache.hadoop.ipc.ProtobufRpcEngine$Server.processCall(ProtobufRpcEngine.java:465) [hadoop-common-3.3.4.jar:?]
	at org.apache.hadoop.ipc.ProtobufRpcEngine2$Server$ProtoBufRpcInvoker.call(ProtobufRpcEngine2.java:578) [hadoop-common-3.3.4.jar:?]
	at org.apache.hadoop.ipc.ProtobufRpcEngine2$Server$ProtoBufRpcInvoker.call(ProtobufRpcEngine2.java:556) [hadoop-common-3.3.4.jar:?]
	at org.apache.hadoop.ipc.RPC$Server.call(RPC.java:1093) [hadoop-common-3.3.4.jar:?]
	at org.apache.hadoop.ipc.Server$RpcCall.run(Server.java:1043) [hadoop-common-3.3.4.jar:?]
	at org.apache.hadoop.ipc.Server$RpcCall.run(Server.java:971) [hadoop-common-3.3.4.jar:?]
	at java.security.AccessController.doPrivileged(Native Method) ~[?:1.8.0_362]
	at javax.security.auth.Subject.doAs(Subject.java:422) [?:1.8.0_362]
	at org.apache.hadoop.security.UserGroupInformation.doAs(UserGroupInformation.java:1878) [hadoop-common-3.3.4.jar:?]
	at org.apache.hadoop.ipc.Server$Handler.run(Server.java:2976) [hadoop-common-3.3.4.jar:?]
05:44:06.191 [IPC Server handler 7 on default port 43369] ERROR OMAudit - user=runner | ip=127.0.0.1 | op=GET_FILE_STATUS {volume=volume35147, bucket=bucket98126, key=testBatchDelete/parent/child3, dataSize=0, replicationConfig=null} | ret=FAILURE
org.apache.hadoop.ozone.om.exceptions.OMException: Unable to get file status: volume: volume35147 bucket: bucket98126 key: testBatchDelete/parent/child3
	at org.apache.hadoop.ozone.om.KeyManagerImpl.getOzoneFileStatusFSO(KeyManagerImpl.java:1320) ~[ozone-manager-1.4.0-SNAPSHOT.jar:?]
	at org.apache.hadoop.ozone.om.KeyManagerImpl.getFileStatus(KeyManagerImpl.java:1112) ~[ozone-manager-1.4.0-SNAPSHOT.jar:?]
	at org.apache.hadoop.ozone.om.OmMetadataReader.getFileStatus(OmMetadataReader.java:288) ~[ozone-manager-1.4.0-SNAPSHOT.jar:?]
	at org.apache.hadoop.ozone.om.OzoneManager.getFileStatus(OzoneManager.java:3494) ~[ozone-manager-1.4.0-SNAPSHOT.jar:?]
	at org.apache.hadoop.ozone.protocolPB.OzoneManagerRequestHandler.getOzoneFileStatus(OzoneManagerRequestHandler.java:933) ~[ozone-manager-1.4.0-SNAPSHOT.jar:?]
	at org.apache.hadoop.ozone.protocolPB.OzoneManagerRequestHandler.handleReadRequest(OzoneManagerRequestHandler.java:238) ~[ozone-manager-1.4.0-SNAPSHOT.jar:?]
	at org.apache.hadoop.ozone.protocolPB.OzoneManagerProtocolServerSideTranslatorPB.submitReadRequestToOM(OzoneManagerProtocolServerSideTranslatorPB.java:223) ~[ozone-manager-1.4.0-SNAPSHOT.jar:?]
	at org.apache.hadoop.ozone.protocolPB.OzoneManagerProtocolServerSideTranslatorPB.processRequest(OzoneManagerProtocolServerSideTranslatorPB.java:177) ~[ozone-manager-1.4.0-SNAPSHOT.jar:?]
	at org.apache.hadoop.hdds.server.OzoneProtocolMessageDispatcher.processRequest(OzoneProtocolMessageDispatcher.java:87) [hdds-server-framework-1.4.0-SNAPSHOT.jar:?]
	at org.apache.hadoop.ozone.protocolPB.OzoneManagerProtocolServerSideTranslatorPB.submitRequest(OzoneManagerProtocolServerSideTranslatorPB.java:147) [ozone-manager-1.4.0-SNAPSHOT.jar:?]
	at org.apache.hadoop.ozone.protocol.proto.OzoneManagerProtocolProtos$OzoneManagerService$2.callBlockingMethod(OzoneManagerProtocolProtos.java) [ozone-interface-client-1.4.0-SNAPSHOT.jar:?]
	at org.apache.hadoop.ipc.ProtobufRpcEngine$Server.processCall(ProtobufRpcEngine.java:465) [hadoop-common-3.3.4.jar:?]
	at org.apache.hadoop.ipc.ProtobufRpcEngine2$Server$ProtoBufRpcInvoker.call(ProtobufRpcEngine2.java:578) [hadoop-common-3.3.4.jar:?]
	at org.apache.hadoop.ipc.ProtobufRpcEngine2$Server$ProtoBufRpcInvoker.call(ProtobufRpcEngine2.java:556) [hadoop-common-3.3.4.jar:?]
	at org.apache.hadoop.ipc.RPC$Server.call(RPC.java:1093) [hadoop-common-3.3.4.jar:?]
	at org.apache.hadoop.ipc.Server$RpcCall.run(Server.java:1043) [hadoop-common-3.3.4.jar:?]
	at org.apache.hadoop.ipc.Server$RpcCall.run(Server.java:971) [hadoop-common-3.3.4.jar:?]
	at java.security.AccessController.doPrivileged(Native Method) ~[?:1.8.0_362]
	at javax.security.auth.Subject.doAs(Subject.java:422) [?:1.8.0_362]
	at org.apache.hadoop.security.UserGroupInformation.doAs(UserGroupInformation.java:1878) [hadoop-common-3.3.4.jar:?]
	at org.apache.hadoop.ipc.Server$Handler.run(Server.java:2976) [hadoop-common-3.3.4.jar:?]
05:44:06.192 [IPC Server handler 5 on default port 43369] ERROR OMAudit - user=runner | ip=127.0.0.1 | op=GET_FILE_STATUS {volume=volume35147, bucket=bucket98126, key=testBatchDelete/parent/childFolder/child3, dataSize=0, replicationConfig=null} | ret=FAILURE
org.apache.hadoop.ozone.om.exceptions.OMException: Unable to get file status: volume: volume35147 bucket: bucket98126 key: testBatchDelete/parent/childFolder/child3
	at org.apache.hadoop.ozone.om.KeyManagerImpl.getOzoneFileStatusFSO(KeyManagerImpl.java:1320) ~[ozone-manager-1.4.0-SNAPSHOT.jar:?]
	at org.apache.hadoop.ozone.om.KeyManagerImpl.getFileStatus(KeyManagerImpl.java:1112) ~[ozone-manager-1.4.0-SNAPSHOT.jar:?]
	at org.apache.hadoop.ozone.om.OmMetadataReader.getFileStatus(OmMetadataReader.java:288) ~[ozone-manager-1.4.0-SNAPSHOT.jar:?]
	at org.apache.hadoop.ozone.om.OzoneManager.getFileStatus(OzoneManager.java:3494) ~[ozone-manager-1.4.0-SNAPSHOT.jar:?]
	at org.apache.hadoop.ozone.protocolPB.OzoneManagerRequestHandler.getOzoneFileStatus(OzoneManagerRequestHandler.java:933) ~[ozone-manager-1.4.0-SNAPSHOT.jar:?]
	at org.apache.hadoop.ozone.protocolPB.OzoneManagerRequestHandler.handleReadRequest(OzoneManagerRequestHandler.java:238) ~[ozone-manager-1.4.0-SNAPSHOT.jar:?]
	at org.apache.hadoop.ozone.protocolPB.OzoneManagerProtocolServerSideTranslatorPB.submitReadRequestToOM(OzoneManagerProtocolServerSideTranslatorPB.java:223) ~[ozone-manager-1.4.0-SNAPSHOT.jar:?]
	at org.apache.hadoop.ozone.protocolPB.OzoneManagerProtocolServerSideTranslatorPB.processRequest(OzoneManagerProtocolServerSideTranslatorPB.java:177) ~[ozone-manager-1.4.0-SNAPSHOT.jar:?]
	at org.apache.hadoop.hdds.server.OzoneProtocolMessageDispatcher.processRequest(OzoneProtocolMessageDispatcher.java:87) [hdds-server-framework-1.4.0-SNAPSHOT.jar:?]
	at org.apache.hadoop.ozone.protocolPB.OzoneManagerProtocolServerSideTranslatorPB.submitRequest(OzoneManagerProtocolServerSideTranslatorPB.java:147) [ozone-manager-1.4.0-SNAPSHOT.jar:?]
	at org.apache.hadoop.ozone.protocol.proto.OzoneManagerProtocolProtos$OzoneManagerService$2.callBlockingMethod(OzoneManagerProtocolProtos.java) [ozone-interface-client-1.4.0-SNAPSHOT.jar:?]
	at org.apache.hadoop.ipc.ProtobufRpcEngine$Server.processCall(ProtobufRpcEngine.java:465) [hadoop-common-3.3.4.jar:?]
	at org.apache.hadoop.ipc.ProtobufRpcEngine2$Server$ProtoBufRpcInvoker.call(ProtobufRpcEngine2.java:578) [hadoop-common-3.3.4.jar:?]
	at org.apache.hadoop.ipc.ProtobufRpcEngine2$Server$ProtoBufRpcInvoker.call(ProtobufRpcEngine2.java:556) [hadoop-common-3.3.4.jar:?]
	at org.apache.hadoop.ipc.RPC$Server.call(RPC.java:1093) [hadoop-common-3.3.4.jar:?]
	at org.apache.hadoop.ipc.Server$RpcCall.run(Server.java:1043) [hadoop-common-3.3.4.jar:?]
	at org.apache.hadoop.ipc.Server$RpcCall.run(Server.java:971) [hadoop-common-3.3.4.jar:?]
	at java.security.AccessController.doPrivileged(Native Method) ~[?:1.8.0_362]
	at javax.security.auth.Subject.doAs(Subject.java:422) [?:1.8.0_362]
	at org.apache.hadoop.security.UserGroupInformation.doAs(UserGroupInformation.java:1878) [hadoop-common-3.3.4.jar:?]
	at org.apache.hadoop.ipc.Server$Handler.run(Server.java:2976) [hadoop-common-3.3.4.jar:?]
05:44:06.193 [IPC Server handler 14 on default port 43369] ERROR OMAudit - user=runner | ip=127.0.0.1 | op=GET_FILE_STATUS {volume=volume35147, bucket=bucket98126, key=testBatchDelete/parent/child4, dataSize=0, replicationConfig=null} | ret=FAILURE
org.apache.hadoop.ozone.om.exceptions.OMException: Unable to get file status: volume: volume35147 bucket: bucket98126 key: testBatchDelete/parent/child4
	at org.apache.hadoop.ozone.om.KeyManagerImpl.getOzoneFileStatusFSO(KeyManagerImpl.java:1320) ~[ozone-manager-1.4.0-SNAPSHOT.jar:?]
	at org.apache.hadoop.ozone.om.KeyManagerImpl.getFileStatus(KeyManagerImpl.java:1112) ~[ozone-manager-1.4.0-SNAPSHOT.jar:?]
	at org.apache.hadoop.ozone.om.OmMetadataReader.getFileStatus(OmMetadataReader.java:288) ~[ozone-manager-1.4.0-SNAPSHOT.jar:?]
	at org.apache.hadoop.ozone.om.OzoneManager.getFileStatus(OzoneManager.java:3494) ~[ozone-manager-1.4.0-SNAPSHOT.jar:?]
	at org.apache.hadoop.ozone.protocolPB.OzoneManagerRequestHandler.getOzoneFileStatus(OzoneManagerRequestHandler.java:933) ~[ozone-manager-1.4.0-SNAPSHOT.jar:?]
	at org.apache.hadoop.ozone.protocolPB.OzoneManagerRequestHandler.handleReadRequest(OzoneManagerRequestHandler.java:238) ~[ozone-manager-1.4.0-SNAPSHOT.jar:?]
	at org.apache.hadoop.ozone.protocolPB.OzoneManagerProtocolServerSideTranslatorPB.submitReadRequestToOM(OzoneManagerProtocolServerSideTranslatorPB.java:223) ~[ozone-manager-1.4.0-SNAPSHOT.jar:?]
	at org.apache.hadoop.ozone.protocolPB.OzoneManagerProtocolServerSideTranslatorPB.processRequest(OzoneManagerProtocolServerSideTranslatorPB.java:177) ~[ozone-manager-1.4.0-SNAPSHOT.jar:?]
	at org.apache.hadoop.hdds.server.OzoneProtocolMessageDispatcher.processRequest(OzoneProtocolMessageDispatcher.java:87) [hdds-server-framework-1.4.0-SNAPSHOT.jar:?]
	at org.apache.hadoop.ozone.protocolPB.OzoneManagerProtocolServerSideTranslatorPB.submitRequest(OzoneManagerProtocolServerSideTranslatorPB.java:147) [ozone-manager-1.4.0-SNAPSHOT.jar:?]
	at org.apache.hadoop.ozone.protocol.proto.OzoneManagerProtocolProtos$OzoneManagerService$2.callBlockingMethod(OzoneManagerProtocolProtos.java) [ozone-interface-client-1.4.0-SNAPSHOT.jar:?]
	at org.apache.hadoop.ipc.ProtobufRpcEngine$Server.processCall(ProtobufRpcEngine.java:465) [hadoop-common-3.3.4.jar:?]
	at org.apache.hadoop.ipc.ProtobufRpcEngine2$Server$ProtoBufRpcInvoker.call(ProtobufRpcEngine2.java:578) [hadoop-common-3.3.4.jar:?]
	at org.apache.hadoop.ipc.ProtobufRpcEngine2$Server$ProtoBufRpcInvoker.call(ProtobufRpcEngine2.java:556) [hadoop-common-3.3.4.jar:?]
	at org.apache.hadoop.ipc.RPC$Server.call(RPC.java:1093) [hadoop-common-3.3.4.jar:?]
	at org.apache.hadoop.ipc.Server$RpcCall.run(Server.java:1043) [hadoop-common-3.3.4.jar:?]
	at org.apache.hadoop.ipc.Server$RpcCall.run(Server.java:971) [hadoop-common-3.3.4.jar:?]
	at java.security.AccessController.doPrivileged(Native Method) ~[?:1.8.0_362]
	at javax.security.auth.Subject.doAs(Subject.java:422) [?:1.8.0_362]
	at org.apache.hadoop.security.UserGroupInformation.doAs(UserGroupInformation.java:1878) [hadoop-common-3.3.4.jar:?]
	at org.apache.hadoop.ipc.Server$Handler.run(Server.java:2976) [hadoop-common-3.3.4.jar:?]
05:44:06.194 [IPC Server handler 12 on default port 43369] ERROR OMAudit - user=runner | ip=127.0.0.1 | op=GET_FILE_STATUS {volume=volume35147, bucket=bucket98126, key=testBatchDelete/parent/childFolder/child4, dataSize=0, replicationConfig=null} | ret=FAILURE
org.apache.hadoop.ozone.om.exceptions.OMException: Unable to get file status: volume: volume35147 bucket: bucket98126 key: testBatchDelete/parent/childFolder/child4
	at org.apache.hadoop.ozone.om.KeyManagerImpl.getOzoneFileStatusFSO(KeyManagerImpl.java:1320) ~[ozone-manager-1.4.0-SNAPSHOT.jar:?]
	at org.apache.hadoop.ozone.om.KeyManagerImpl.getFileStatus(KeyManagerImpl.java:1112) ~[ozone-manager-1.4.0-SNAPSHOT.jar:?]
	at org.apache.hadoop.ozone.om.OmMetadataReader.getFileStatus(OmMetadataReader.java:288) ~[ozone-manager-1.4.0-SNAPSHOT.jar:?]
	at org.apache.hadoop.ozone.om.OzoneManager.getFileStatus(OzoneManager.java:3494) ~[ozone-manager-1.4.0-SNAPSHOT.jar:?]
	at org.apache.hadoop.ozone.protocolPB.OzoneManagerRequestHandler.getOzoneFileStatus(OzoneManagerRequestHandler.java:933) ~[ozone-manager-1.4.0-SNAPSHOT.jar:?]
	at org.apache.hadoop.ozone.protocolPB.OzoneManagerRequestHandler.handleReadRequest(OzoneManagerRequestHandler.java:238) ~[ozone-manager-1.4.0-SNAPSHOT.jar:?]
	at org.apache.hadoop.ozone.protocolPB.OzoneManagerProtocolServerSideTranslatorPB.submitReadRequestToOM(OzoneManagerProtocolServerSideTranslatorPB.java:223) ~[ozone-manager-1.4.0-SNAPSHOT.jar:?]
	at org.apache.hadoop.ozone.protocolPB.OzoneManagerProtocolServerSideTranslatorPB.processRequest(OzoneManagerProtocolServerSideTranslatorPB.java:177) ~[ozone-manager-1.4.0-SNAPSHOT.jar:?]
	at org.apache.hadoop.hdds.server.OzoneProtocolMessageDispatcher.processRequest(OzoneProtocolMessageDispatcher.java:87) [hdds-server-framework-1.4.0-SNAPSHOT.jar:?]
	at org.apache.hadoop.ozone.protocolPB.OzoneManagerProtocolServerSideTranslatorPB.submitRequest(OzoneManagerProtocolServerSideTranslatorPB.java:147) [ozone-manager-1.4.0-SNAPSHOT.jar:?]
	at org.apache.hadoop.ozone.protocol.proto.OzoneManagerProtocolProtos$OzoneManagerService$2.callBlockingMethod(OzoneManagerProtocolProtos.java) [ozone-interface-client-1.4.0-SNAPSHOT.jar:?]
	at org.apache.hadoop.ipc.ProtobufRpcEngine$Server.processCall(ProtobufRpcEngine.java:465) [hadoop-common-3.3.4.jar:?]
	at org.apache.hadoop.ipc.ProtobufRpcEngine2$Server$ProtoBufRpcInvoker.call(ProtobufRpcEngine2.java:578) [hadoop-common-3.3.4.jar:?]
	at org.apache.hadoop.ipc.ProtobufRpcEngine2$Server$ProtoBufRpcInvoker.call(ProtobufRpcEngine2.java:556) [hadoop-common-3.3.4.jar:?]
	at org.apache.hadoop.ipc.RPC$Server.call(RPC.java:1093) [hadoop-common-3.3.4.jar:?]
	at org.apache.hadoop.ipc.Server$RpcCall.run(Server.java:1043) [hadoop-common-3.3.4.jar:?]
	at org.apache.hadoop.ipc.Server$RpcCall.run(Server.java:971) [hadoop-common-3.3.4.jar:?]
	at java.security.AccessController.doPrivileged(Native Method) ~[?:1.8.0_362]
	at javax.security.auth.Subject.doAs(Subject.java:422) [?:1.8.0_362]
	at org.apache.hadoop.security.UserGroupInformation.doAs(UserGroupInformation.java:1878) [hadoop-common-3.3.4.jar:?]
	at org.apache.hadoop.ipc.Server$Handler.run(Server.java:2976) [hadoop-common-3.3.4.jar:?]
05:44:06.195 [IPC Server handler 9 on default port 43369] ERROR OMAudit - user=runner | ip=127.0.0.1 | op=GET_FILE_STATUS {volume=volume35147, bucket=bucket98126, key=testBatchDelete/parent/child5, dataSize=0, replicationConfig=null} | ret=FAILURE
org.apache.hadoop.ozone.om.exceptions.OMException: Unable to get file status: volume: volume35147 bucket: bucket98126 key: testBatchDelete/parent/child5
	at org.apache.hadoop.ozone.om.KeyManagerImpl.getOzoneFileStatusFSO(KeyManagerImpl.java:1320) ~[ozone-manager-1.4.0-SNAPSHOT.jar:?]
	at org.apache.hadoop.ozone.om.KeyManagerImpl.getFileStatus(KeyManagerImpl.java:1112) ~[ozone-manager-1.4.0-SNAPSHOT.jar:?]
	at org.apache.hadoop.ozone.om.OmMetadataReader.getFileStatus(OmMetadataReader.java:288) ~[ozone-manager-1.4.0-SNAPSHOT.jar:?]
	at org.apache.hadoop.ozone.om.OzoneManager.getFileStatus(OzoneManager.java:3494) ~[ozone-manager-1.4.0-SNAPSHOT.jar:?]
	at org.apache.hadoop.ozone.protocolPB.OzoneManagerRequestHandler.getOzoneFileStatus(OzoneManagerRequestHandler.java:933) ~[ozone-manager-1.4.0-SNAPSHOT.jar:?]
	at org.apache.hadoop.ozone.protocolPB.OzoneManagerRequestHandler.handleReadRequest(OzoneManagerRequestHandler.java:238) ~[ozone-manager-1.4.0-SNAPSHOT.jar:?]
	at org.apache.hadoop.ozone.protocolPB.OzoneManagerProtocolServerSideTranslatorPB.submitReadRequestToOM(OzoneManagerProtocolServerSideTranslatorPB.java:223) ~[ozone-manager-1.4.0-SNAPSHOT.jar:?]
	at org.apache.hadoop.ozone.protocolPB.OzoneManagerProtocolServerSideTranslatorPB.processRequest(OzoneManagerProtocolServerSideTranslatorPB.java:177) ~[ozone-manager-1.4.0-SNAPSHOT.jar:?]
	at org.apache.hadoop.hdds.server.OzoneProtocolMessageDispatcher.processRequest(OzoneProtocolMessageDispatcher.java:87) [hdds-server-framework-1.4.0-SNAPSHOT.jar:?]
	at org.apache.hadoop.ozone.protocolPB.OzoneManagerProtocolServerSideTranslatorPB.submitRequest(OzoneManagerProtocolServerSideTranslatorPB.java:147) [ozone-manager-1.4.0-SNAPSHOT.jar:?]
	at org.apache.hadoop.ozone.protocol.proto.OzoneManagerProtocolProtos$OzoneManagerService$2.callBlockingMethod(OzoneManagerProtocolProtos.java) [ozone-interface-client-1.4.0-SNAPSHOT.jar:?]
	at org.apache.hadoop.ipc.ProtobufRpcEngine$Server.processCall(ProtobufRpcEngine.java:465) [hadoop-common-3.3.4.jar:?]
	at org.apache.hadoop.ipc.ProtobufRpcEngine2$Server$ProtoBufRpcInvoker.call(ProtobufRpcEngine2.java:578) [hadoop-common-3.3.4.jar:?]
	at org.apache.hadoop.ipc.ProtobufRpcEngine2$Server$ProtoBufRpcInvoker.call(ProtobufRpcEngine2.java:556) [hadoop-common-3.3.4.jar:?]
	at org.apache.hadoop.ipc.RPC$Server.call(RPC.java:1093) [hadoop-common-3.3.4.jar:?]
	at org.apache.hadoop.ipc.Server$RpcCall.run(Server.java:1043) [hadoop-common-3.3.4.jar:?]
	at org.apache.hadoop.ipc.Server$RpcCall.run(Server.java:971) [hadoop-common-3.3.4.jar:?]
	at java.security.AccessController.doPrivileged(Native Method) ~[?:1.8.0_362]
	at javax.security.auth.Subject.doAs(Subject.java:422) [?:1.8.0_362]
	at org.apache.hadoop.security.UserGroupInformation.doAs(UserGroupInformation.java:1878) [hadoop-common-3.3.4.jar:?]
	at org.apache.hadoop.ipc.Server$Handler.run(Server.java:2976) [hadoop-common-3.3.4.jar:?]
05:44:06.196 [IPC Server handler 16 on default port 43369] ERROR OMAudit - user=runner | ip=127.0.0.1 | op=GET_FILE_STATUS {volume=volume35147, bucket=bucket98126, key=testBatchDelete/parent/childFolder/child5, dataSize=0, replicationConfig=null} | ret=FAILURE
org.apache.hadoop.ozone.om.exceptions.OMException: Unable to get file status: volume: volume35147 bucket: bucket98126 key: testBatchDelete/parent/childFolder/child5
	at org.apache.hadoop.ozone.om.KeyManagerImpl.getOzoneFileStatusFSO(KeyManagerImpl.java:1320) ~[ozone-manager-1.4.0-SNAPSHOT.jar:?]
	at org.apache.hadoop.ozone.om.KeyManagerImpl.getFileStatus(KeyManagerImpl.java:1112) ~[ozone-manager-1.4.0-SNAPSHOT.jar:?]
	at org.apache.hadoop.ozone.om.OmMetadataReader.getFileStatus(OmMetadataReader.java:288) ~[ozone-manager-1.4.0-SNAPSHOT.jar:?]
	at org.apache.hadoop.ozone.om.OzoneManager.getFileStatus(OzoneManager.java:3494) ~[ozone-manager-1.4.0-SNAPSHOT.jar:?]
	at org.apache.hadoop.ozone.protocolPB.OzoneManagerRequestHandler.getOzoneFileStatus(OzoneManagerRequestHandler.java:933) ~[ozone-manager-1.4.0-SNAPSHOT.jar:?]
	at org.apache.hadoop.ozone.protocolPB.OzoneManagerRequestHandler.handleReadRequest(OzoneManagerRequestHandler.java:238) ~[ozone-manager-1.4.0-SNAPSHOT.jar:?]
	at org.apache.hadoop.ozone.protocolPB.OzoneManagerProtocolServerSideTranslatorPB.submitReadRequestToOM(OzoneManagerProtocolServerSideTranslatorPB.java:223) ~[ozone-manager-1.4.0-SNAPSHOT.jar:?]
	at org.apache.hadoop.ozone.protocolPB.OzoneManagerProtocolServerSideTranslatorPB.processRequest(OzoneManagerProtocolServerSideTranslatorPB.java:177) ~[ozone-manager-1.4.0-SNAPSHOT.jar:?]
	at org.apache.hadoop.hdds.server.OzoneProtocolMessageDispatcher.processRequest(OzoneProtocolMessageDispatcher.java:87) [hdds-server-framework-1.4.0-SNAPSHOT.jar:?]
	at org.apache.hadoop.ozone.protocolPB.OzoneManagerProtocolServerSideTranslatorPB.submitRequest(OzoneManagerProtocolServerSideTranslatorPB.java:147) [ozone-manager-1.4.0-SNAPSHOT.jar:?]
	at org.apache.hadoop.ozone.protocol.proto.OzoneManagerProtocolProtos$OzoneManagerService$2.callBlockingMethod(OzoneManagerProtocolProtos.java) [ozone-interface-client-1.4.0-SNAPSHOT.jar:?]
	at org.apache.hadoop.ipc.ProtobufRpcEngine$Server.processCall(ProtobufRpcEngine.java:465) [hadoop-common-3.3.4.jar:?]
	at org.apache.hadoop.ipc.ProtobufRpcEngine2$Server$ProtoBufRpcInvoker.call(ProtobufRpcEngine2.java:578) [hadoop-common-3.3.4.jar:?]
	at org.apache.hadoop.ipc.ProtobufRpcEngine2$Server$ProtoBufRpcInvoker.call(ProtobufRpcEngine2.java:556) [hadoop-common-3.3.4.jar:?]
	at org.apache.hadoop.ipc.RPC$Server.call(RPC.java:1093) [hadoop-common-3.3.4.jar:?]
	at org.apache.hadoop.ipc.Server$RpcCall.run(Server.java:1043) [hadoop-common-3.3.4.jar:?]
	at org.apache.hadoop.ipc.Server$RpcCall.run(Server.java:971) [hadoop-common-3.3.4.jar:?]
	at java.security.AccessController.doPrivileged(Native Method) ~[?:1.8.0_362]
	at javax.security.auth.Subject.doAs(Subject.java:422) [?:1.8.0_362]
	at org.apache.hadoop.security.UserGroupInformation.doAs(UserGroupInformation.java:1878) [hadoop-common-3.3.4.jar:?]
	at org.apache.hadoop.ipc.Server$Handler.run(Server.java:2976) [hadoop-common-3.3.4.jar:?]
05:44:06.197 [IPC Server handler 19 on default port 43369] ERROR OMAudit - user=runner | ip=127.0.0.1 | op=GET_FILE_STATUS {volume=volume35147, bucket=bucket98126, key=testBatchDelete/parent/child6, dataSize=0, replicationConfig=null} | ret=FAILURE
org.apache.hadoop.ozone.om.exceptions.OMException: Unable to get file status: volume: volume35147 bucket: bucket98126 key: testBatchDelete/parent/child6
	at org.apache.hadoop.ozone.om.KeyManagerImpl.getOzoneFileStatusFSO(KeyManagerImpl.java:1320) ~[ozone-manager-1.4.0-SNAPSHOT.jar:?]
	at org.apache.hadoop.ozone.om.KeyManagerImpl.getFileStatus(KeyManagerImpl.java:1112) ~[ozone-manager-1.4.0-SNAPSHOT.jar:?]
	at org.apache.hadoop.ozone.om.OmMetadataReader.getFileStatus(OmMetadataReader.java:288) ~[ozone-manager-1.4.0-SNAPSHOT.jar:?]
	at org.apache.hadoop.ozone.om.OzoneManager.getFileStatus(OzoneManager.java:3494) ~[ozone-manager-1.4.0-SNAPSHOT.jar:?]
	at org.apache.hadoop.ozone.protocolPB.OzoneManagerRequestHandler.getOzoneFileStatus(OzoneManagerRequestHandler.java:933) ~[ozone-manager-1.4.0-SNAPSHOT.jar:?]
	at org.apache.hadoop.ozone.protocolPB.OzoneManagerRequestHandler.handleReadRequest(OzoneManagerRequestHandler.java:238) ~[ozone-manager-1.4.0-SNAPSHOT.jar:?]
	at org.apache.hadoop.ozone.protocolPB.OzoneManagerProtocolServerSideTranslatorPB.submitReadRequestToOM(OzoneManagerProtocolServerSideTranslatorPB.java:223) ~[ozone-manager-1.4.0-SNAPSHOT.jar:?]
	at org.apache.hadoop.ozone.protocolPB.OzoneManagerProtocolServerSideTranslatorPB.processRequest(OzoneManagerProtocolServerSideTranslatorPB.java:177) ~[ozone-manager-1.4.0-SNAPSHOT.jar:?]
	at org.apache.hadoop.hdds.server.OzoneProtocolMessageDispatcher.processRequest(OzoneProtocolMessageDispatcher.java:87) [hdds-server-framework-1.4.0-SNAPSHOT.jar:?]
	at org.apache.hadoop.ozone.protocolPB.OzoneManagerProtocolServerSideTranslatorPB.submitRequest(OzoneManagerProtocolServerSideTranslatorPB.java:147) [ozone-manager-1.4.0-SNAPSHOT.jar:?]
	at org.apache.hadoop.ozone.protocol.proto.OzoneManagerProtocolProtos$OzoneManagerService$2.callBlockingMethod(OzoneManagerProtocolProtos.java) [ozone-interface-client-1.4.0-SNAPSHOT.jar:?]
	at org.apache.hadoop.ipc.ProtobufRpcEngine$Server.processCall(ProtobufRpcEngine.java:465) [hadoop-common-3.3.4.jar:?]
	at org.apache.hadoop.ipc.ProtobufRpcEngine2$Server$ProtoBufRpcInvoker.call(ProtobufRpcEngine2.java:578) [hadoop-common-3.3.4.jar:?]
	at org.apache.hadoop.ipc.ProtobufRpcEngine2$Server$ProtoBufRpcInvoker.call(ProtobufRpcEngine2.java:556) [hadoop-common-3.3.4.jar:?]
	at org.apache.hadoop.ipc.RPC$Server.call(RPC.java:1093) [hadoop-common-3.3.4.jar:?]
	at org.apache.hadoop.ipc.Server$RpcCall.run(Server.java:1043) [hadoop-common-3.3.4.jar:?]
	at org.apache.hadoop.ipc.Server$RpcCall.run(Server.java:971) [hadoop-common-3.3.4.jar:?]
	at java.security.AccessController.doPrivileged(Native Method) ~[?:1.8.0_362]
	at javax.security.auth.Subject.doAs(Subject.java:422) [?:1.8.0_362]
	at org.apache.hadoop.security.UserGroupInformation.doAs(UserGroupInformation.java:1878) [hadoop-common-3.3.4.jar:?]
	at org.apache.hadoop.ipc.Server$Handler.run(Server.java:2976) [hadoop-common-3.3.4.jar:?]
05:44:06.199 [IPC Server handler 15 on default port 43369] ERROR OMAudit - user=runner | ip=127.0.0.1 | op=GET_FILE_STATUS {volume=volume35147, bucket=bucket98126, key=testBatchDelete/parent/childFolder/child6, dataSize=0, replicationConfig=null} | ret=FAILURE
org.apache.hadoop.ozone.om.exceptions.OMException: Unable to get file status: volume: volume35147 bucket: bucket98126 key: testBatchDelete/parent/childFolder/child6
	at org.apache.hadoop.ozone.om.KeyManagerImpl.getOzoneFileStatusFSO(KeyManagerImpl.java:1320) ~[ozone-manager-1.4.0-SNAPSHOT.jar:?]
	at org.apache.hadoop.ozone.om.KeyManagerImpl.getFileStatus(KeyManagerImpl.java:1112) ~[ozone-manager-1.4.0-SNAPSHOT.jar:?]
	at org.apache.hadoop.ozone.om.OmMetadataReader.getFileStatus(OmMetadataReader.java:288) ~[ozone-manager-1.4.0-SNAPSHOT.jar:?]
	at org.apache.hadoop.ozone.om.OzoneManager.getFileStatus(OzoneManager.java:3494) ~[ozone-manager-1.4.0-SNAPSHOT.jar:?]
	at org.apache.hadoop.ozone.protocolPB.OzoneManagerRequestHandler.getOzoneFileStatus(OzoneManagerRequestHandler.java:933) ~[ozone-manager-1.4.0-SNAPSHOT.jar:?]
	at org.apache.hadoop.ozone.protocolPB.OzoneManagerRequestHandler.handleReadRequest(OzoneManagerRequestHandler.java:238) ~[ozone-manager-1.4.0-SNAPSHOT.jar:?]
	at org.apache.hadoop.ozone.protocolPB.OzoneManagerProtocolServerSideTranslatorPB.submitReadRequestToOM(OzoneManagerProtocolServerSideTranslatorPB.java:223) ~[ozone-manager-1.4.0-SNAPSHOT.jar:?]
	at org.apache.hadoop.ozone.protocolPB.OzoneManagerProtocolServerSideTranslatorPB.processRequest(OzoneManagerProtocolServerSideTranslatorPB.java:177) ~[ozone-manager-1.4.0-SNAPSHOT.jar:?]
	at org.apache.hadoop.hdds.server.OzoneProtocolMessageDispatcher.processRequest(OzoneProtocolMessageDispatcher.java:87) [hdds-server-framework-1.4.0-SNAPSHOT.jar:?]
	at org.apache.hadoop.ozone.protocolPB.OzoneManagerProtocolServerSideTranslatorPB.submitRequest(OzoneManagerProtocolServerSideTranslatorPB.java:147) [ozone-manager-1.4.0-SNAPSHOT.jar:?]
	at org.apache.hadoop.ozone.protocol.proto.OzoneManagerProtocolProtos$OzoneManagerService$2.callBlockingMethod(OzoneManagerProtocolProtos.java) [ozone-interface-client-1.4.0-SNAPSHOT.jar:?]
	at org.apache.hadoop.ipc.ProtobufRpcEngine$Server.processCall(ProtobufRpcEngine.java:465) [hadoop-common-3.3.4.jar:?]
	at org.apache.hadoop.ipc.ProtobufRpcEngine2$Server$ProtoBufRpcInvoker.call(ProtobufRpcEngine2.java:578) [hadoop-common-3.3.4.jar:?]
	at org.apache.hadoop.ipc.ProtobufRpcEngine2$Server$ProtoBufRpcInvoker.call(ProtobufRpcEngine2.java:556) [hadoop-common-3.3.4.jar:?]
	at org.apache.hadoop.ipc.RPC$Server.call(RPC.java:1093) [hadoop-common-3.3.4.jar:?]
	at org.apache.hadoop.ipc.Server$RpcCall.run(Server.java:1043) [hadoop-common-3.3.4.jar:?]
	at org.apache.hadoop.ipc.Server$RpcCall.run(Server.java:971) [hadoop-common-3.3.4.jar:?]
	at java.security.AccessController.doPrivileged(Native Method) ~[?:1.8.0_362]
	at javax.security.auth.Subject.doAs(Subject.java:422) [?:1.8.0_362]
	at org.apache.hadoop.security.UserGroupInformation.doAs(UserGroupInformation.java:1878) [hadoop-common-3.3.4.jar:?]
	at org.apache.hadoop.ipc.Server$Handler.run(Server.java:2976) [hadoop-common-3.3.4.jar:?]
05:44:06.200 [IPC Server handler 0 on default port 43369] ERROR OMAudit - user=runner | ip=127.0.0.1 | op=GET_FILE_STATUS {volume=volume35147, bucket=bucket98126, key=testBatchDelete/parent/child7, dataSize=0, replicationConfig=null} | ret=FAILURE
org.apache.hadoop.ozone.om.exceptions.OMException: Unable to get file status: volume: volume35147 bucket: bucket98126 key: testBatchDelete/parent/child7
	at org.apache.hadoop.ozone.om.KeyManagerImpl.getOzoneFileStatusFSO(KeyManagerImpl.java:1320) ~[ozone-manager-1.4.0-SNAPSHOT.jar:?]
	at org.apache.hadoop.ozone.om.KeyManagerImpl.getFileStatus(KeyManagerImpl.java:1112) ~[ozone-manager-1.4.0-SNAPSHOT.jar:?]
	at org.apache.hadoop.ozone.om.OmMetadataReader.getFileStatus(OmMetadataReader.java:288) ~[ozone-manager-1.4.0-SNAPSHOT.jar:?]
	at org.apache.hadoop.ozone.om.OzoneManager.getFileStatus(OzoneManager.java:3494) ~[ozone-manager-1.4.0-SNAPSHOT.jar:?]
	at org.apache.hadoop.ozone.protocolPB.OzoneManagerRequestHandler.getOzoneFileStatus(OzoneManagerRequestHandler.java:933) ~[ozone-manager-1.4.0-SNAPSHOT.jar:?]
	at org.apache.hadoop.ozone.protocolPB.OzoneManagerRequestHandler.handleReadRequest(OzoneManagerRequestHandler.java:238) ~[ozone-manager-1.4.0-SNAPSHOT.jar:?]
	at org.apache.hadoop.ozone.protocolPB.OzoneManagerProtocolServerSideTranslatorPB.submitReadRequestToOM(OzoneManagerProtocolServerSideTranslatorPB.java:223) ~[ozone-manager-1.4.0-SNAPSHOT.jar:?]
	at org.apache.hadoop.ozone.protocolPB.OzoneManagerProtocolServerSideTranslatorPB.processRequest(OzoneManagerProtocolServerSideTranslatorPB.java:177) ~[ozone-manager-1.4.0-SNAPSHOT.jar:?]
	at org.apache.hadoop.hdds.server.OzoneProtocolMessageDispatcher.processRequest(OzoneProtocolMessageDispatcher.java:87) [hdds-server-framework-1.4.0-SNAPSHOT.jar:?]
	at org.apache.hadoop.ozone.protocolPB.OzoneManagerProtocolServerSideTranslatorPB.submitRequest(OzoneManagerProtocolServerSideTranslatorPB.java:147) [ozone-manager-1.4.0-SNAPSHOT.jar:?]
	at org.apache.hadoop.ozone.protocol.proto.OzoneManagerProtocolProtos$OzoneManagerService$2.callBlockingMethod(OzoneManagerProtocolProtos.java) [ozone-interface-client-1.4.0-SNAPSHOT.jar:?]
	at org.apache.hadoop.ipc.ProtobufRpcEngine$Server.processCall(ProtobufRpcEngine.java:465) [hadoop-common-3.3.4.jar:?]
	at org.apache.hadoop.ipc.ProtobufRpcEngine2$Server$ProtoBufRpcInvoker.call(ProtobufRpcEngine2.java:578) [hadoop-common-3.3.4.jar:?]
	at org.apache.hadoop.ipc.ProtobufRpcEngine2$Server$ProtoBufRpcInvoker.call(ProtobufRpcEngine2.java:556) [hadoop-common-3.3.4.jar:?]
	at org.apache.hadoop.ipc.RPC$Server.call(RPC.java:1093) [hadoop-common-3.3.4.jar:?]
	at org.apache.hadoop.ipc.Server$RpcCall.run(Server.java:1043) [hadoop-common-3.3.4.jar:?]
	at org.apache.hadoop.ipc.Server$RpcCall.run(Server.java:971) [hadoop-common-3.3.4.jar:?]
	at java.security.AccessController.doPrivileged(Native Method) ~[?:1.8.0_362]
	at javax.security.auth.Subject.doAs(Subject.java:422) [?:1.8.0_362]
	at org.apache.hadoop.security.UserGroupInformation.doAs(UserGroupInformation.java:1878) [hadoop-common-3.3.4.jar:?]
	at org.apache.hadoop.ipc.Server$Handler.run(Server.java:2976) [hadoop-common-3.3.4.jar:?]
05:44:06.201 [IPC Server handler 2 on default port 43369] ERROR OMAudit - user=runner | ip=127.0.0.1 | op=GET_FILE_STATUS {volume=volume35147, bucket=bucket98126, key=testBatchDelete/parent/childFolder/child7, dataSize=0, replicationConfig=null} | ret=FAILURE
org.apache.hadoop.ozone.om.exceptions.OMException: Unable to get file status: volume: volume35147 bucket: bucket98126 key: testBatchDelete/parent/childFolder/child7
	at org.apache.hadoop.ozone.om.KeyManagerImpl.getOzoneFileStatusFSO(KeyManagerImpl.java:1320) ~[ozone-manager-1.4.0-SNAPSHOT.jar:?]
	at org.apache.hadoop.ozone.om.KeyManagerImpl.getFileStatus(KeyManagerImpl.java:1112) ~[ozone-manager-1.4.0-SNAPSHOT.jar:?]
	at org.apache.hadoop.ozone.om.OmMetadataReader.getFileStatus(OmMetadataReader.java:288) ~[ozone-manager-1.4.0-SNAPSHOT.jar:?]
	at org.apache.hadoop.ozone.om.OzoneManager.getFileStatus(OzoneManager.java:3494) ~[ozone-manager-1.4.0-SNAPSHOT.jar:?]
	at org.apache.hadoop.ozone.protocolPB.OzoneManagerRequestHandler.getOzoneFileStatus(OzoneManagerRequestHandler.java:933) ~[ozone-manager-1.4.0-SNAPSHOT.jar:?]
	at org.apache.hadoop.ozone.protocolPB.OzoneManagerRequestHandler.handleReadRequest(OzoneManagerRequestHandler.java:238) ~[ozone-manager-1.4.0-SNAPSHOT.jar:?]
	at org.apache.hadoop.ozone.protocolPB.OzoneManagerProtocolServerSideTranslatorPB.submitReadRequestToOM(OzoneManagerProtocolServerSideTranslatorPB.java:223) ~[ozone-manager-1.4.0-SNAPSHOT.jar:?]
	at org.apache.hadoop.ozone.protocolPB.OzoneManagerProtocolServerSideTranslatorPB.processRequest(OzoneManagerProtocolServerSideTranslatorPB.java:177) ~[ozone-manager-1.4.0-SNAPSHOT.jar:?]
	at org.apache.hadoop.hdds.server.OzoneProtocolMessageDispatcher.processRequest(OzoneProtocolMessageDispatcher.java:87) [hdds-server-framework-1.4.0-SNAPSHOT.jar:?]
	at org.apache.hadoop.ozone.protocolPB.OzoneManagerProtocolServerSideTranslatorPB.submitRequest(OzoneManagerProtocolServerSideTranslatorPB.java:147) [ozone-manager-1.4.0-SNAPSHOT.jar:?]
	at org.apache.hadoop.ozone.protocol.proto.OzoneManagerProtocolProtos$OzoneManagerService$2.callBlockingMethod(OzoneManagerProtocolProtos.java) [ozone-interface-client-1.4.0-SNAPSHOT.jar:?]
	at org.apache.hadoop.ipc.ProtobufRpcEngine$Server.processCall(ProtobufRpcEngine.java:465) [hadoop-common-3.3.4.jar:?]
	at org.apache.hadoop.ipc.ProtobufRpcEngine2$Server$ProtoBufRpcInvoker.call(ProtobufRpcEngine2.java:578) [hadoop-common-3.3.4.jar:?]
	at org.apache.hadoop.ipc.ProtobufRpcEngine2$Server$ProtoBufRpcInvoker.call(ProtobufRpcEngine2.java:556) [hadoop-common-3.3.4.jar:?]
	at org.apache.hadoop.ipc.RPC$Server.call(RPC.java:1093) [hadoop-common-3.3.4.jar:?]
	at org.apache.hadoop.ipc.Server$RpcCall.run(Server.java:1043) [hadoop-common-3.3.4.jar:?]
	at org.apache.hadoop.ipc.Server$RpcCall.run(Server.java:971) [hadoop-common-3.3.4.jar:?]
	at java.security.AccessController.doPrivileged(Native Method) ~[?:1.8.0_362]
	at javax.security.auth.Subject.doAs(Subject.java:422) [?:1.8.0_362]
	at org.apache.hadoop.security.UserGroupInformation.doAs(UserGroupInformation.java:1878) [hadoop-common-3.3.4.jar:?]
	at org.apache.hadoop.ipc.Server$Handler.run(Server.java:2976) [hadoop-common-3.3.4.jar:?]
05:44:06.204 [OM StateMachine ApplyTransaction Thread - 0] ERROR OMAudit - user=runner | ip=127.0.0.1 | op=DELETE_KEY {volume=volume35147, bucket=bucket98126, key=testBatchDelete/parent, dataSize=0, replicationType=NONE, replicationFactor=ZERO} | ret=FAILURE
org.apache.hadoop.ozone.om.exceptions.OMException: Unable to get file status: volume: volume35147 bucket: bucket98126 key: testBatchDelete/parent
	at org.apache.hadoop.ozone.om.OzonePrefixPathImpl.<init>(OzonePrefixPathImpl.java:67) ~[ozone-manager-1.4.0-SNAPSHOT.jar:?]
	at org.apache.hadoop.ozone.om.request.OMClientRequest.checkACLsWithFSO(OMClientRequest.java:236) ~[ozone-manager-1.4.0-SNAPSHOT.jar:?]
	at org.apache.hadoop.ozone.om.request.key.OMKeyDeleteRequestWithFSO.validateAndUpdateCache(OMKeyDeleteRequestWithFSO.java:103) ~[ozone-manager-1.4.0-SNAPSHOT.jar:?]
	at org.apache.hadoop.ozone.protocolPB.OzoneManagerRequestHandler.handleWriteRequest(OzoneManagerRequestHandler.java:337) ~[ozone-manager-1.4.0-SNAPSHOT.jar:?]
	at org.apache.hadoop.ozone.om.ratis.OzoneManagerStateMachine.runCommand(OzoneManagerStateMachine.java:533) ~[ozone-manager-1.4.0-SNAPSHOT.jar:?]
	at org.apache.hadoop.ozone.om.ratis.OzoneManagerStateMachine.lambda$1(OzoneManagerStateMachine.java:324) ~[ozone-manager-1.4.0-SNAPSHOT.jar:?]
	at java.util.concurrent.CompletableFuture$AsyncSupply.run(CompletableFuture.java:1604) [?:1.8.0_362]
	at java.util.concurrent.ThreadPoolExecutor.runWorker(ThreadPoolExecutor.java:1149) [?:1.8.0_362]
	at java.util.concurrent.ThreadPoolExecutor$Worker.run(ThreadPoolExecutor.java:624) [?:1.8.0_362]
	at java.lang.Thread.run(Thread.java:750) [?:1.8.0_362]
2023-03-15 05:44:06,204 [OM StateMachine ApplyTransaction Thread - 0] ERROR key.OMKeyDeleteRequestWithFSO (OMKeyDeleteRequestWithFSO.java:validateAndUpdateCache(201)) - Key delete failed. Volume:volume35147, Bucket:bucket98126, Key:testBatchDelete/parent.
KEY_NOT_FOUND org.apache.hadoop.ozone.om.exceptions.OMException: Unable to get file status: volume: volume35147 bucket: bucket98126 key: testBatchDelete/parent
	at org.apache.hadoop.ozone.om.OzonePrefixPathImpl.<init>(OzonePrefixPathImpl.java:67)
	at org.apache.hadoop.ozone.om.request.OMClientRequest.checkACLsWithFSO(OMClientRequest.java:236)
	at org.apache.hadoop.ozone.om.request.key.OMKeyDeleteRequestWithFSO.validateAndUpdateCache(OMKeyDeleteRequestWithFSO.java:103)
	at org.apache.hadoop.ozone.protocolPB.OzoneManagerRequestHandler.handleWriteRequest(OzoneManagerRequestHandler.java:337)
	at org.apache.hadoop.ozone.om.ratis.OzoneManagerStateMachine.runCommand(OzoneManagerStateMachine.java:533)
	at org.apache.hadoop.ozone.om.ratis.OzoneManagerStateMachine.lambda$1(OzoneManagerStateMachine.java:324)
	at java.util.concurrent.CompletableFuture$AsyncSupply.run(CompletableFuture.java:1604)
	at java.util.concurrent.ThreadPoolExecutor.runWorker(ThreadPoolExecutor.java:1149)
	at java.util.concurrent.ThreadPoolExecutor$Worker.run(ThreadPoolExecutor.java:624)
	at java.lang.Thread.run(Thread.java:750)
2023-03-15 05:44:06,204 [Time-limited test] ERROR ozone.BasicOzoneClientAdapterImpl (BasicOzoneClientAdapterImpl.java:deleteObject(354)) - delete key failed Unable to get file status: volume: volume35147 bucket: bucket98126 key: testBatchDelete/parent
]]></system-out>
  </testcase>
  <testcase name="testFileDelete" classname="TestOzoneFileSystemWithFSO" time="0.072">
    <system-out><![CDATA[2023-03-15 05:44:51,382 [IPC Server handler 1 on default port 39193] INFO  key.OMKeyRequest (OMKeyRequest.java:wrapUncommittedBlocksAsPseudoKey(838)) - Detect allocated but uncommitted blocks [{blockID={containerID=3, localID=111677748019200055}, length=4194304, offset=0, token=null, pipeline=null, createVersion=0, partNumber=0}] in key testBatchDelete/parent/child0.
2023-03-15 05:44:51,386 [IPC Server handler 5 on default port 39193] INFO  key.OMKeyRequest (OMKeyRequest.java:wrapUncommittedBlocksAsPseudoKey(838)) - Detect allocated but uncommitted blocks [{blockID={containerID=2, localID=111677748019200056}, length=4194304, offset=0, token=null, pipeline=null, createVersion=0, partNumber=0}] in key testBatchDelete/parent/childFolder/child0.
2023-03-15 05:44:51,390 [IPC Server handler 7 on default port 39193] INFO  key.OMKeyRequest (OMKeyRequest.java:wrapUncommittedBlocksAsPseudoKey(838)) - Detect allocated but uncommitted blocks [{blockID={containerID=4, localID=111677748019200057}, length=4194304, offset=0, token=null, pipeline=null, createVersion=0, partNumber=0}] in key testBatchDelete/parent/child1.
2023-03-15 05:44:51,394 [IPC Server handler 9 on default port 39193] INFO  key.OMKeyRequest (OMKeyRequest.java:wrapUncommittedBlocksAsPseudoKey(838)) - Detect allocated but uncommitted blocks [{blockID={containerID=3, localID=111677748019200058}, length=4194304, offset=0, token=null, pipeline=null, createVersion=0, partNumber=0}] in key testBatchDelete/parent/childFolder/child1.
2023-03-15 05:44:51,397 [IPC Server handler 11 on default port 39193] INFO  key.OMKeyRequest (OMKeyRequest.java:wrapUncommittedBlocksAsPseudoKey(838)) - Detect allocated but uncommitted blocks [{blockID={containerID=1, localID=111677748019200059}, length=4194304, offset=0, token=null, pipeline=null, createVersion=0, partNumber=0}] in key testBatchDelete/parent/child2.
2023-03-15 05:44:51,400 [IPC Server handler 13 on default port 39193] INFO  key.OMKeyRequest (OMKeyRequest.java:wrapUncommittedBlocksAsPseudoKey(838)) - Detect allocated but uncommitted blocks [{blockID={containerID=2, localID=111677748019200060}, length=4194304, offset=0, token=null, pipeline=null, createVersion=0, partNumber=0}] in key testBatchDelete/parent/childFolder/child2.
2023-03-15 05:44:51,403 [IPC Server handler 15 on default port 39193] INFO  key.OMKeyRequest (OMKeyRequest.java:wrapUncommittedBlocksAsPseudoKey(838)) - Detect allocated but uncommitted blocks [{blockID={containerID=1, localID=111677748019200061}, length=4194304, offset=0, token=null, pipeline=null, createVersion=0, partNumber=0}] in key testBatchDelete/parent/child3.
2023-03-15 05:44:51,406 [IPC Server handler 16 on default port 39193] INFO  key.OMKeyRequest (OMKeyRequest.java:wrapUncommittedBlocksAsPseudoKey(838)) - Detect allocated but uncommitted blocks [{blockID={containerID=2, localID=111677748019200062}, length=4194304, offset=0, token=null, pipeline=null, createVersion=0, partNumber=0}] in key testBatchDelete/parent/childFolder/child3.
2023-03-15 05:44:51,409 [IPC Server handler 19 on default port 39193] INFO  key.OMKeyRequest (OMKeyRequest.java:wrapUncommittedBlocksAsPseudoKey(838)) - Detect allocated but uncommitted blocks [{blockID={containerID=1, localID=111677748019200063}, length=4194304, offset=0, token=null, pipeline=null, createVersion=0, partNumber=0}] in key testBatchDelete/parent/child4.
2023-03-15 05:44:51,412 [IPC Server handler 2 on default port 39193] INFO  key.OMKeyRequest (OMKeyRequest.java:wrapUncommittedBlocksAsPseudoKey(838)) - Detect allocated but uncommitted blocks [{blockID={containerID=2, localID=111677748019200064}, length=4194304, offset=0, token=null, pipeline=null, createVersion=0, partNumber=0}] in key testBatchDelete/parent/childFolder/child4.
2023-03-15 05:44:51,415 [IPC Server handler 1 on default port 39193] INFO  key.OMKeyRequest (OMKeyRequest.java:wrapUncommittedBlocksAsPseudoKey(838)) - Detect allocated but uncommitted blocks [{blockID={containerID=4, localID=111677748019200065}, length=4194304, offset=0, token=null, pipeline=null, createVersion=0, partNumber=0}] in key testBatchDelete/parent/child5.
2023-03-15 05:44:51,417 [IPC Server handler 5 on default port 39193] INFO  key.OMKeyRequest (OMKeyRequest.java:wrapUncommittedBlocksAsPseudoKey(838)) - Detect allocated but uncommitted blocks [{blockID={containerID=3, localID=111677748019200066}, length=4194304, offset=0, token=null, pipeline=null, createVersion=0, partNumber=0}] in key testBatchDelete/parent/childFolder/child5.
2023-03-15 05:44:51,420 [IPC Server handler 7 on default port 39193] INFO  key.OMKeyRequest (OMKeyRequest.java:wrapUncommittedBlocksAsPseudoKey(838)) - Detect allocated but uncommitted blocks [{blockID={containerID=4, localID=111677748019200067}, length=4194304, offset=0, token=null, pipeline=null, createVersion=0, partNumber=0}] in key testBatchDelete/parent/child6.
2023-03-15 05:44:51,423 [IPC Server handler 9 on default port 39193] INFO  key.OMKeyRequest (OMKeyRequest.java:wrapUncommittedBlocksAsPseudoKey(838)) - Detect allocated but uncommitted blocks [{blockID={containerID=1, localID=111677748019200068}, length=4194304, offset=0, token=null, pipeline=null, createVersion=0, partNumber=0}] in key testBatchDelete/parent/childFolder/child6.
2023-03-15 05:44:51,426 [IPC Server handler 11 on default port 39193] INFO  key.OMKeyRequest (OMKeyRequest.java:wrapUncommittedBlocksAsPseudoKey(838)) - Detect allocated but uncommitted blocks [{blockID={containerID=2, localID=111677748019200069}, length=4194304, offset=0, token=null, pipeline=null, createVersion=0, partNumber=0}] in key testBatchDelete/parent/child7.
2023-03-15 05:44:51,429 [IPC Server handler 13 on default port 39193] INFO  key.OMKeyRequest (OMKeyRequest.java:wrapUncommittedBlocksAsPseudoKey(838)) - Detect allocated but uncommitted blocks [{blockID={containerID=1, localID=111677748019200070}, length=4194304, offset=0, token=null, pipeline=null, createVersion=0, partNumber=0}] in key testBatchDelete/parent/childFolder/child7.
05:44:51.433 [IPC Server handler 18 on default port 39193] ERROR OMAudit - user=runner | ip=127.0.0.1 | op=GET_FILE_STATUS {volume=volume61968, bucket=bucket63791, key=testBatchDelete, dataSize=0, replicationConfig=null} | ret=FAILURE
org.apache.hadoop.ozone.om.exceptions.OMException: Unable to get file status: volume: volume61968 bucket: bucket63791 key: testBatchDelete
	at org.apache.hadoop.ozone.om.KeyManagerImpl.getOzoneFileStatusFSO(KeyManagerImpl.java:1320) ~[ozone-manager-1.4.0-SNAPSHOT.jar:?]
	at org.apache.hadoop.ozone.om.KeyManagerImpl.getFileStatus(KeyManagerImpl.java:1112) ~[ozone-manager-1.4.0-SNAPSHOT.jar:?]
	at org.apache.hadoop.ozone.om.OmMetadataReader.getFileStatus(OmMetadataReader.java:288) ~[ozone-manager-1.4.0-SNAPSHOT.jar:?]
	at org.apache.hadoop.ozone.om.OzoneManager.getFileStatus(OzoneManager.java:3494) ~[ozone-manager-1.4.0-SNAPSHOT.jar:?]
	at org.apache.hadoop.ozone.protocolPB.OzoneManagerRequestHandler.getOzoneFileStatus(OzoneManagerRequestHandler.java:933) ~[ozone-manager-1.4.0-SNAPSHOT.jar:?]
	at org.apache.hadoop.ozone.protocolPB.OzoneManagerRequestHandler.handleReadRequest(OzoneManagerRequestHandler.java:238) ~[ozone-manager-1.4.0-SNAPSHOT.jar:?]
	at org.apache.hadoop.ozone.protocolPB.OzoneManagerProtocolServerSideTranslatorPB.submitRequestDirectlyToOM(OzoneManagerProtocolServerSideTranslatorPB.java:272) ~[ozone-manager-1.4.0-SNAPSHOT.jar:?]
	at org.apache.hadoop.ozone.protocolPB.OzoneManagerProtocolServerSideTranslatorPB.processRequest(OzoneManagerProtocolServerSideTranslatorPB.java:173) ~[ozone-manager-1.4.0-SNAPSHOT.jar:?]
	at org.apache.hadoop.hdds.server.OzoneProtocolMessageDispatcher.processRequest(OzoneProtocolMessageDispatcher.java:87) [hdds-server-framework-1.4.0-SNAPSHOT.jar:?]
	at org.apache.hadoop.ozone.protocolPB.OzoneManagerProtocolServerSideTranslatorPB.submitRequest(OzoneManagerProtocolServerSideTranslatorPB.java:147) [ozone-manager-1.4.0-SNAPSHOT.jar:?]
	at org.apache.hadoop.ozone.protocol.proto.OzoneManagerProtocolProtos$OzoneManagerService$2.callBlockingMethod(OzoneManagerProtocolProtos.java) [ozone-interface-client-1.4.0-SNAPSHOT.jar:?]
	at org.apache.hadoop.ipc.ProtobufRpcEngine$Server.processCall(ProtobufRpcEngine.java:465) [hadoop-common-3.3.4.jar:?]
	at org.apache.hadoop.ipc.ProtobufRpcEngine2$Server$ProtoBufRpcInvoker.call(ProtobufRpcEngine2.java:578) [hadoop-common-3.3.4.jar:?]
	at org.apache.hadoop.ipc.ProtobufRpcEngine2$Server$ProtoBufRpcInvoker.call(ProtobufRpcEngine2.java:556) [hadoop-common-3.3.4.jar:?]
	at org.apache.hadoop.ipc.RPC$Server.call(RPC.java:1093) [hadoop-common-3.3.4.jar:?]
	at org.apache.hadoop.ipc.Server$RpcCall.run(Server.java:1043) [hadoop-common-3.3.4.jar:?]
	at org.apache.hadoop.ipc.Server$RpcCall.run(Server.java:971) [hadoop-common-3.3.4.jar:?]
	at java.security.AccessController.doPrivileged(Native Method) ~[?:1.8.0_362]
	at javax.security.auth.Subject.doAs(Subject.java:422) [?:1.8.0_362]
	at org.apache.hadoop.security.UserGroupInformation.doAs(UserGroupInformation.java:1878) [hadoop-common-3.3.4.jar:?]
	at org.apache.hadoop.ipc.Server$Handler.run(Server.java:2976) [hadoop-common-3.3.4.jar:?]
05:44:51.434 [IPC Server handler 19 on default port 39193] ERROR OMAudit - user=runner | ip=127.0.0.1 | op=GET_FILE_STATUS {volume=volume61968, bucket=bucket63791, key=testBatchDelete/parent/child0, dataSize=0, replicationConfig=null} | ret=FAILURE
org.apache.hadoop.ozone.om.exceptions.OMException: Unable to get file status: volume: volume61968 bucket: bucket63791 key: testBatchDelete/parent/child0
	at org.apache.hadoop.ozone.om.KeyManagerImpl.getOzoneFileStatusFSO(KeyManagerImpl.java:1320) ~[ozone-manager-1.4.0-SNAPSHOT.jar:?]
	at org.apache.hadoop.ozone.om.KeyManagerImpl.getFileStatus(KeyManagerImpl.java:1112) ~[ozone-manager-1.4.0-SNAPSHOT.jar:?]
	at org.apache.hadoop.ozone.om.OmMetadataReader.getFileStatus(OmMetadataReader.java:288) ~[ozone-manager-1.4.0-SNAPSHOT.jar:?]
	at org.apache.hadoop.ozone.om.OzoneManager.getFileStatus(OzoneManager.java:3494) ~[ozone-manager-1.4.0-SNAPSHOT.jar:?]
	at org.apache.hadoop.ozone.protocolPB.OzoneManagerRequestHandler.getOzoneFileStatus(OzoneManagerRequestHandler.java:933) ~[ozone-manager-1.4.0-SNAPSHOT.jar:?]
	at org.apache.hadoop.ozone.protocolPB.OzoneManagerRequestHandler.handleReadRequest(OzoneManagerRequestHandler.java:238) ~[ozone-manager-1.4.0-SNAPSHOT.jar:?]
	at org.apache.hadoop.ozone.protocolPB.OzoneManagerProtocolServerSideTranslatorPB.submitRequestDirectlyToOM(OzoneManagerProtocolServerSideTranslatorPB.java:272) ~[ozone-manager-1.4.0-SNAPSHOT.jar:?]
	at org.apache.hadoop.ozone.protocolPB.OzoneManagerProtocolServerSideTranslatorPB.processRequest(OzoneManagerProtocolServerSideTranslatorPB.java:173) ~[ozone-manager-1.4.0-SNAPSHOT.jar:?]
	at org.apache.hadoop.hdds.server.OzoneProtocolMessageDispatcher.processRequest(OzoneProtocolMessageDispatcher.java:87) [hdds-server-framework-1.4.0-SNAPSHOT.jar:?]
	at org.apache.hadoop.ozone.protocolPB.OzoneManagerProtocolServerSideTranslatorPB.submitRequest(OzoneManagerProtocolServerSideTranslatorPB.java:147) [ozone-manager-1.4.0-SNAPSHOT.jar:?]
	at org.apache.hadoop.ozone.protocol.proto.OzoneManagerProtocolProtos$OzoneManagerService$2.callBlockingMethod(OzoneManagerProtocolProtos.java) [ozone-interface-client-1.4.0-SNAPSHOT.jar:?]
	at org.apache.hadoop.ipc.ProtobufRpcEngine$Server.processCall(ProtobufRpcEngine.java:465) [hadoop-common-3.3.4.jar:?]
	at org.apache.hadoop.ipc.ProtobufRpcEngine2$Server$ProtoBufRpcInvoker.call(ProtobufRpcEngine2.java:578) [hadoop-common-3.3.4.jar:?]
	at org.apache.hadoop.ipc.ProtobufRpcEngine2$Server$ProtoBufRpcInvoker.call(ProtobufRpcEngine2.java:556) [hadoop-common-3.3.4.jar:?]
	at org.apache.hadoop.ipc.RPC$Server.call(RPC.java:1093) [hadoop-common-3.3.4.jar:?]
	at org.apache.hadoop.ipc.Server$RpcCall.run(Server.java:1043) [hadoop-common-3.3.4.jar:?]
	at org.apache.hadoop.ipc.Server$RpcCall.run(Server.java:971) [hadoop-common-3.3.4.jar:?]
	at java.security.AccessController.doPrivileged(Native Method) ~[?:1.8.0_362]
	at javax.security.auth.Subject.doAs(Subject.java:422) [?:1.8.0_362]
	at org.apache.hadoop.security.UserGroupInformation.doAs(UserGroupInformation.java:1878) [hadoop-common-3.3.4.jar:?]
	at org.apache.hadoop.ipc.Server$Handler.run(Server.java:2976) [hadoop-common-3.3.4.jar:?]
05:44:51.435 [IPC Server handler 0 on default port 39193] ERROR OMAudit - user=runner | ip=127.0.0.1 | op=GET_FILE_STATUS {volume=volume61968, bucket=bucket63791, key=testBatchDelete/parent/childFolder/child0, dataSize=0, replicationConfig=null} | ret=FAILURE
org.apache.hadoop.ozone.om.exceptions.OMException: Unable to get file status: volume: volume61968 bucket: bucket63791 key: testBatchDelete/parent/childFolder/child0
	at org.apache.hadoop.ozone.om.KeyManagerImpl.getOzoneFileStatusFSO(KeyManagerImpl.java:1320) ~[ozone-manager-1.4.0-SNAPSHOT.jar:?]
	at org.apache.hadoop.ozone.om.KeyManagerImpl.getFileStatus(KeyManagerImpl.java:1112) ~[ozone-manager-1.4.0-SNAPSHOT.jar:?]
	at org.apache.hadoop.ozone.om.OmMetadataReader.getFileStatus(OmMetadataReader.java:288) ~[ozone-manager-1.4.0-SNAPSHOT.jar:?]
	at org.apache.hadoop.ozone.om.OzoneManager.getFileStatus(OzoneManager.java:3494) ~[ozone-manager-1.4.0-SNAPSHOT.jar:?]
	at org.apache.hadoop.ozone.protocolPB.OzoneManagerRequestHandler.getOzoneFileStatus(OzoneManagerRequestHandler.java:933) ~[ozone-manager-1.4.0-SNAPSHOT.jar:?]
	at org.apache.hadoop.ozone.protocolPB.OzoneManagerRequestHandler.handleReadRequest(OzoneManagerRequestHandler.java:238) ~[ozone-manager-1.4.0-SNAPSHOT.jar:?]
	at org.apache.hadoop.ozone.protocolPB.OzoneManagerProtocolServerSideTranslatorPB.submitRequestDirectlyToOM(OzoneManagerProtocolServerSideTranslatorPB.java:272) ~[ozone-manager-1.4.0-SNAPSHOT.jar:?]
	at org.apache.hadoop.ozone.protocolPB.OzoneManagerProtocolServerSideTranslatorPB.processRequest(OzoneManagerProtocolServerSideTranslatorPB.java:173) ~[ozone-manager-1.4.0-SNAPSHOT.jar:?]
	at org.apache.hadoop.hdds.server.OzoneProtocolMessageDispatcher.processRequest(OzoneProtocolMessageDispatcher.java:87) [hdds-server-framework-1.4.0-SNAPSHOT.jar:?]
	at org.apache.hadoop.ozone.protocolPB.OzoneManagerProtocolServerSideTranslatorPB.submitRequest(OzoneManagerProtocolServerSideTranslatorPB.java:147) [ozone-manager-1.4.0-SNAPSHOT.jar:?]
	at org.apache.hadoop.ozone.protocol.proto.OzoneManagerProtocolProtos$OzoneManagerService$2.callBlockingMethod(OzoneManagerProtocolProtos.java) [ozone-interface-client-1.4.0-SNAPSHOT.jar:?]
	at org.apache.hadoop.ipc.ProtobufRpcEngine$Server.processCall(ProtobufRpcEngine.java:465) [hadoop-common-3.3.4.jar:?]
	at org.apache.hadoop.ipc.ProtobufRpcEngine2$Server$ProtoBufRpcInvoker.call(ProtobufRpcEngine2.java:578) [hadoop-common-3.3.4.jar:?]
	at org.apache.hadoop.ipc.ProtobufRpcEngine2$Server$ProtoBufRpcInvoker.call(ProtobufRpcEngine2.java:556) [hadoop-common-3.3.4.jar:?]
	at org.apache.hadoop.ipc.RPC$Server.call(RPC.java:1093) [hadoop-common-3.3.4.jar:?]
	at org.apache.hadoop.ipc.Server$RpcCall.run(Server.java:1043) [hadoop-common-3.3.4.jar:?]
	at org.apache.hadoop.ipc.Server$RpcCall.run(Server.java:971) [hadoop-common-3.3.4.jar:?]
	at java.security.AccessController.doPrivileged(Native Method) ~[?:1.8.0_362]
	at javax.security.auth.Subject.doAs(Subject.java:422) [?:1.8.0_362]
	at org.apache.hadoop.security.UserGroupInformation.doAs(UserGroupInformation.java:1878) [hadoop-common-3.3.4.jar:?]
	at org.apache.hadoop.ipc.Server$Handler.run(Server.java:2976) [hadoop-common-3.3.4.jar:?]
05:44:51.435 [IPC Server handler 2 on default port 39193] ERROR OMAudit - user=runner | ip=127.0.0.1 | op=GET_FILE_STATUS {volume=volume61968, bucket=bucket63791, key=testBatchDelete/parent/child1, dataSize=0, replicationConfig=null} | ret=FAILURE
org.apache.hadoop.ozone.om.exceptions.OMException: Unable to get file status: volume: volume61968 bucket: bucket63791 key: testBatchDelete/parent/child1
	at org.apache.hadoop.ozone.om.KeyManagerImpl.getOzoneFileStatusFSO(KeyManagerImpl.java:1320) ~[ozone-manager-1.4.0-SNAPSHOT.jar:?]
	at org.apache.hadoop.ozone.om.KeyManagerImpl.getFileStatus(KeyManagerImpl.java:1112) ~[ozone-manager-1.4.0-SNAPSHOT.jar:?]
	at org.apache.hadoop.ozone.om.OmMetadataReader.getFileStatus(OmMetadataReader.java:288) ~[ozone-manager-1.4.0-SNAPSHOT.jar:?]
	at org.apache.hadoop.ozone.om.OzoneManager.getFileStatus(OzoneManager.java:3494) ~[ozone-manager-1.4.0-SNAPSHOT.jar:?]
	at org.apache.hadoop.ozone.protocolPB.OzoneManagerRequestHandler.getOzoneFileStatus(OzoneManagerRequestHandler.java:933) ~[ozone-manager-1.4.0-SNAPSHOT.jar:?]
	at org.apache.hadoop.ozone.protocolPB.OzoneManagerRequestHandler.handleReadRequest(OzoneManagerRequestHandler.java:238) ~[ozone-manager-1.4.0-SNAPSHOT.jar:?]
	at org.apache.hadoop.ozone.protocolPB.OzoneManagerProtocolServerSideTranslatorPB.submitRequestDirectlyToOM(OzoneManagerProtocolServerSideTranslatorPB.java:272) ~[ozone-manager-1.4.0-SNAPSHOT.jar:?]
	at org.apache.hadoop.ozone.protocolPB.OzoneManagerProtocolServerSideTranslatorPB.processRequest(OzoneManagerProtocolServerSideTranslatorPB.java:173) ~[ozone-manager-1.4.0-SNAPSHOT.jar:?]
	at org.apache.hadoop.hdds.server.OzoneProtocolMessageDispatcher.processRequest(OzoneProtocolMessageDispatcher.java:87) [hdds-server-framework-1.4.0-SNAPSHOT.jar:?]
	at org.apache.hadoop.ozone.protocolPB.OzoneManagerProtocolServerSideTranslatorPB.submitRequest(OzoneManagerProtocolServerSideTranslatorPB.java:147) [ozone-manager-1.4.0-SNAPSHOT.jar:?]
	at org.apache.hadoop.ozone.protocol.proto.OzoneManagerProtocolProtos$OzoneManagerService$2.callBlockingMethod(OzoneManagerProtocolProtos.java) [ozone-interface-client-1.4.0-SNAPSHOT.jar:?]
	at org.apache.hadoop.ipc.ProtobufRpcEngine$Server.processCall(ProtobufRpcEngine.java:465) [hadoop-common-3.3.4.jar:?]
	at org.apache.hadoop.ipc.ProtobufRpcEngine2$Server$ProtoBufRpcInvoker.call(ProtobufRpcEngine2.java:578) [hadoop-common-3.3.4.jar:?]
	at org.apache.hadoop.ipc.ProtobufRpcEngine2$Server$ProtoBufRpcInvoker.call(ProtobufRpcEngine2.java:556) [hadoop-common-3.3.4.jar:?]
	at org.apache.hadoop.ipc.RPC$Server.call(RPC.java:1093) [hadoop-common-3.3.4.jar:?]
	at org.apache.hadoop.ipc.Server$RpcCall.run(Server.java:1043) [hadoop-common-3.3.4.jar:?]
	at org.apache.hadoop.ipc.Server$RpcCall.run(Server.java:971) [hadoop-common-3.3.4.jar:?]
	at java.security.AccessController.doPrivileged(Native Method) ~[?:1.8.0_362]
	at javax.security.auth.Subject.doAs(Subject.java:422) [?:1.8.0_362]
	at org.apache.hadoop.security.UserGroupInformation.doAs(UserGroupInformation.java:1878) [hadoop-common-3.3.4.jar:?]
	at org.apache.hadoop.ipc.Server$Handler.run(Server.java:2976) [hadoop-common-3.3.4.jar:?]
05:44:51.436 [IPC Server handler 3 on default port 39193] ERROR OMAudit - user=runner | ip=127.0.0.1 | op=GET_FILE_STATUS {volume=volume61968, bucket=bucket63791, key=testBatchDelete/parent/childFolder/child1, dataSize=0, replicationConfig=null} | ret=FAILURE
org.apache.hadoop.ozone.om.exceptions.OMException: Unable to get file status: volume: volume61968 bucket: bucket63791 key: testBatchDelete/parent/childFolder/child1
	at org.apache.hadoop.ozone.om.KeyManagerImpl.getOzoneFileStatusFSO(KeyManagerImpl.java:1320) ~[ozone-manager-1.4.0-SNAPSHOT.jar:?]
	at org.apache.hadoop.ozone.om.KeyManagerImpl.getFileStatus(KeyManagerImpl.java:1112) ~[ozone-manager-1.4.0-SNAPSHOT.jar:?]
	at org.apache.hadoop.ozone.om.OmMetadataReader.getFileStatus(OmMetadataReader.java:288) ~[ozone-manager-1.4.0-SNAPSHOT.jar:?]
	at org.apache.hadoop.ozone.om.OzoneManager.getFileStatus(OzoneManager.java:3494) ~[ozone-manager-1.4.0-SNAPSHOT.jar:?]
	at org.apache.hadoop.ozone.protocolPB.OzoneManagerRequestHandler.getOzoneFileStatus(OzoneManagerRequestHandler.java:933) ~[ozone-manager-1.4.0-SNAPSHOT.jar:?]
	at org.apache.hadoop.ozone.protocolPB.OzoneManagerRequestHandler.handleReadRequest(OzoneManagerRequestHandler.java:238) ~[ozone-manager-1.4.0-SNAPSHOT.jar:?]
	at org.apache.hadoop.ozone.protocolPB.OzoneManagerProtocolServerSideTranslatorPB.submitRequestDirectlyToOM(OzoneManagerProtocolServerSideTranslatorPB.java:272) ~[ozone-manager-1.4.0-SNAPSHOT.jar:?]
	at org.apache.hadoop.ozone.protocolPB.OzoneManagerProtocolServerSideTranslatorPB.processRequest(OzoneManagerProtocolServerSideTranslatorPB.java:173) ~[ozone-manager-1.4.0-SNAPSHOT.jar:?]
	at org.apache.hadoop.hdds.server.OzoneProtocolMessageDispatcher.processRequest(OzoneProtocolMessageDispatcher.java:87) [hdds-server-framework-1.4.0-SNAPSHOT.jar:?]
	at org.apache.hadoop.ozone.protocolPB.OzoneManagerProtocolServerSideTranslatorPB.submitRequest(OzoneManagerProtocolServerSideTranslatorPB.java:147) [ozone-manager-1.4.0-SNAPSHOT.jar:?]
	at org.apache.hadoop.ozone.protocol.proto.OzoneManagerProtocolProtos$OzoneManagerService$2.callBlockingMethod(OzoneManagerProtocolProtos.java) [ozone-interface-client-1.4.0-SNAPSHOT.jar:?]
	at org.apache.hadoop.ipc.ProtobufRpcEngine$Server.processCall(ProtobufRpcEngine.java:465) [hadoop-common-3.3.4.jar:?]
	at org.apache.hadoop.ipc.ProtobufRpcEngine2$Server$ProtoBufRpcInvoker.call(ProtobufRpcEngine2.java:578) [hadoop-common-3.3.4.jar:?]
	at org.apache.hadoop.ipc.ProtobufRpcEngine2$Server$ProtoBufRpcInvoker.call(ProtobufRpcEngine2.java:556) [hadoop-common-3.3.4.jar:?]
	at org.apache.hadoop.ipc.RPC$Server.call(RPC.java:1093) [hadoop-common-3.3.4.jar:?]
	at org.apache.hadoop.ipc.Server$RpcCall.run(Server.java:1043) [hadoop-common-3.3.4.jar:?]
	at org.apache.hadoop.ipc.Server$RpcCall.run(Server.java:971) [hadoop-common-3.3.4.jar:?]
	at java.security.AccessController.doPrivileged(Native Method) ~[?:1.8.0_362]
	at javax.security.auth.Subject.doAs(Subject.java:422) [?:1.8.0_362]
	at org.apache.hadoop.security.UserGroupInformation.doAs(UserGroupInformation.java:1878) [hadoop-common-3.3.4.jar:?]
	at org.apache.hadoop.ipc.Server$Handler.run(Server.java:2976) [hadoop-common-3.3.4.jar:?]
05:44:51.437 [IPC Server handler 1 on default port 39193] ERROR OMAudit - user=runner | ip=127.0.0.1 | op=GET_FILE_STATUS {volume=volume61968, bucket=bucket63791, key=testBatchDelete/parent/child2, dataSize=0, replicationConfig=null} | ret=FAILURE
org.apache.hadoop.ozone.om.exceptions.OMException: Unable to get file status: volume: volume61968 bucket: bucket63791 key: testBatchDelete/parent/child2
	at org.apache.hadoop.ozone.om.KeyManagerImpl.getOzoneFileStatusFSO(KeyManagerImpl.java:1320) ~[ozone-manager-1.4.0-SNAPSHOT.jar:?]
	at org.apache.hadoop.ozone.om.KeyManagerImpl.getFileStatus(KeyManagerImpl.java:1112) ~[ozone-manager-1.4.0-SNAPSHOT.jar:?]
	at org.apache.hadoop.ozone.om.OmMetadataReader.getFileStatus(OmMetadataReader.java:288) ~[ozone-manager-1.4.0-SNAPSHOT.jar:?]
	at org.apache.hadoop.ozone.om.OzoneManager.getFileStatus(OzoneManager.java:3494) ~[ozone-manager-1.4.0-SNAPSHOT.jar:?]
	at org.apache.hadoop.ozone.protocolPB.OzoneManagerRequestHandler.getOzoneFileStatus(OzoneManagerRequestHandler.java:933) ~[ozone-manager-1.4.0-SNAPSHOT.jar:?]
	at org.apache.hadoop.ozone.protocolPB.OzoneManagerRequestHandler.handleReadRequest(OzoneManagerRequestHandler.java:238) ~[ozone-manager-1.4.0-SNAPSHOT.jar:?]
	at org.apache.hadoop.ozone.protocolPB.OzoneManagerProtocolServerSideTranslatorPB.submitRequestDirectlyToOM(OzoneManagerProtocolServerSideTranslatorPB.java:272) ~[ozone-manager-1.4.0-SNAPSHOT.jar:?]
	at org.apache.hadoop.ozone.protocolPB.OzoneManagerProtocolServerSideTranslatorPB.processRequest(OzoneManagerProtocolServerSideTranslatorPB.java:173) ~[ozone-manager-1.4.0-SNAPSHOT.jar:?]
	at org.apache.hadoop.hdds.server.OzoneProtocolMessageDispatcher.processRequest(OzoneProtocolMessageDispatcher.java:87) [hdds-server-framework-1.4.0-SNAPSHOT.jar:?]
	at org.apache.hadoop.ozone.protocolPB.OzoneManagerProtocolServerSideTranslatorPB.submitRequest(OzoneManagerProtocolServerSideTranslatorPB.java:147) [ozone-manager-1.4.0-SNAPSHOT.jar:?]
	at org.apache.hadoop.ozone.protocol.proto.OzoneManagerProtocolProtos$OzoneManagerService$2.callBlockingMethod(OzoneManagerProtocolProtos.java) [ozone-interface-client-1.4.0-SNAPSHOT.jar:?]
	at org.apache.hadoop.ipc.ProtobufRpcEngine$Server.processCall(ProtobufRpcEngine.java:465) [hadoop-common-3.3.4.jar:?]
	at org.apache.hadoop.ipc.ProtobufRpcEngine2$Server$ProtoBufRpcInvoker.call(ProtobufRpcEngine2.java:578) [hadoop-common-3.3.4.jar:?]
	at org.apache.hadoop.ipc.ProtobufRpcEngine2$Server$ProtoBufRpcInvoker.call(ProtobufRpcEngine2.java:556) [hadoop-common-3.3.4.jar:?]
	at org.apache.hadoop.ipc.RPC$Server.call(RPC.java:1093) [hadoop-common-3.3.4.jar:?]
	at org.apache.hadoop.ipc.Server$RpcCall.run(Server.java:1043) [hadoop-common-3.3.4.jar:?]
	at org.apache.hadoop.ipc.Server$RpcCall.run(Server.java:971) [hadoop-common-3.3.4.jar:?]
	at java.security.AccessController.doPrivileged(Native Method) ~[?:1.8.0_362]
	at javax.security.auth.Subject.doAs(Subject.java:422) [?:1.8.0_362]
	at org.apache.hadoop.security.UserGroupInformation.doAs(UserGroupInformation.java:1878) [hadoop-common-3.3.4.jar:?]
	at org.apache.hadoop.ipc.Server$Handler.run(Server.java:2976) [hadoop-common-3.3.4.jar:?]
05:44:51.437 [IPC Server handler 4 on default port 39193] ERROR OMAudit - user=runner | ip=127.0.0.1 | op=GET_FILE_STATUS {volume=volume61968, bucket=bucket63791, key=testBatchDelete/parent/childFolder/child2, dataSize=0, replicationConfig=null} | ret=FAILURE
org.apache.hadoop.ozone.om.exceptions.OMException: Unable to get file status: volume: volume61968 bucket: bucket63791 key: testBatchDelete/parent/childFolder/child2
	at org.apache.hadoop.ozone.om.KeyManagerImpl.getOzoneFileStatusFSO(KeyManagerImpl.java:1320) ~[ozone-manager-1.4.0-SNAPSHOT.jar:?]
	at org.apache.hadoop.ozone.om.KeyManagerImpl.getFileStatus(KeyManagerImpl.java:1112) ~[ozone-manager-1.4.0-SNAPSHOT.jar:?]
	at org.apache.hadoop.ozone.om.OmMetadataReader.getFileStatus(OmMetadataReader.java:288) ~[ozone-manager-1.4.0-SNAPSHOT.jar:?]
	at org.apache.hadoop.ozone.om.OzoneManager.getFileStatus(OzoneManager.java:3494) ~[ozone-manager-1.4.0-SNAPSHOT.jar:?]
	at org.apache.hadoop.ozone.protocolPB.OzoneManagerRequestHandler.getOzoneFileStatus(OzoneManagerRequestHandler.java:933) ~[ozone-manager-1.4.0-SNAPSHOT.jar:?]
	at org.apache.hadoop.ozone.protocolPB.OzoneManagerRequestHandler.handleReadRequest(OzoneManagerRequestHandler.java:238) ~[ozone-manager-1.4.0-SNAPSHOT.jar:?]
	at org.apache.hadoop.ozone.protocolPB.OzoneManagerProtocolServerSideTranslatorPB.submitRequestDirectlyToOM(OzoneManagerProtocolServerSideTranslatorPB.java:272) ~[ozone-manager-1.4.0-SNAPSHOT.jar:?]
	at org.apache.hadoop.ozone.protocolPB.OzoneManagerProtocolServerSideTranslatorPB.processRequest(OzoneManagerProtocolServerSideTranslatorPB.java:173) ~[ozone-manager-1.4.0-SNAPSHOT.jar:?]
	at org.apache.hadoop.hdds.server.OzoneProtocolMessageDispatcher.processRequest(OzoneProtocolMessageDispatcher.java:87) [hdds-server-framework-1.4.0-SNAPSHOT.jar:?]
	at org.apache.hadoop.ozone.protocolPB.OzoneManagerProtocolServerSideTranslatorPB.submitRequest(OzoneManagerProtocolServerSideTranslatorPB.java:147) [ozone-manager-1.4.0-SNAPSHOT.jar:?]
	at org.apache.hadoop.ozone.protocol.proto.OzoneManagerProtocolProtos$OzoneManagerService$2.callBlockingMethod(OzoneManagerProtocolProtos.java) [ozone-interface-client-1.4.0-SNAPSHOT.jar:?]
	at org.apache.hadoop.ipc.ProtobufRpcEngine$Server.processCall(ProtobufRpcEngine.java:465) [hadoop-common-3.3.4.jar:?]
	at org.apache.hadoop.ipc.ProtobufRpcEngine2$Server$ProtoBufRpcInvoker.call(ProtobufRpcEngine2.java:578) [hadoop-common-3.3.4.jar:?]
	at org.apache.hadoop.ipc.ProtobufRpcEngine2$Server$ProtoBufRpcInvoker.call(ProtobufRpcEngine2.java:556) [hadoop-common-3.3.4.jar:?]
	at org.apache.hadoop.ipc.RPC$Server.call(RPC.java:1093) [hadoop-common-3.3.4.jar:?]
	at org.apache.hadoop.ipc.Server$RpcCall.run(Server.java:1043) [hadoop-common-3.3.4.jar:?]
	at org.apache.hadoop.ipc.Server$RpcCall.run(Server.java:971) [hadoop-common-3.3.4.jar:?]
	at java.security.AccessController.doPrivileged(Native Method) ~[?:1.8.0_362]
	at javax.security.auth.Subject.doAs(Subject.java:422) [?:1.8.0_362]
	at org.apache.hadoop.security.UserGroupInformation.doAs(UserGroupInformation.java:1878) [hadoop-common-3.3.4.jar:?]
	at org.apache.hadoop.ipc.Server$Handler.run(Server.java:2976) [hadoop-common-3.3.4.jar:?]
05:44:51.438 [IPC Server handler 5 on default port 39193] ERROR OMAudit - user=runner | ip=127.0.0.1 | op=GET_FILE_STATUS {volume=volume61968, bucket=bucket63791, key=testBatchDelete/parent/child3, dataSize=0, replicationConfig=null} | ret=FAILURE
org.apache.hadoop.ozone.om.exceptions.OMException: Unable to get file status: volume: volume61968 bucket: bucket63791 key: testBatchDelete/parent/child3
	at org.apache.hadoop.ozone.om.KeyManagerImpl.getOzoneFileStatusFSO(KeyManagerImpl.java:1320) ~[ozone-manager-1.4.0-SNAPSHOT.jar:?]
	at org.apache.hadoop.ozone.om.KeyManagerImpl.getFileStatus(KeyManagerImpl.java:1112) ~[ozone-manager-1.4.0-SNAPSHOT.jar:?]
	at org.apache.hadoop.ozone.om.OmMetadataReader.getFileStatus(OmMetadataReader.java:288) ~[ozone-manager-1.4.0-SNAPSHOT.jar:?]
	at org.apache.hadoop.ozone.om.OzoneManager.getFileStatus(OzoneManager.java:3494) ~[ozone-manager-1.4.0-SNAPSHOT.jar:?]
	at org.apache.hadoop.ozone.protocolPB.OzoneManagerRequestHandler.getOzoneFileStatus(OzoneManagerRequestHandler.java:933) ~[ozone-manager-1.4.0-SNAPSHOT.jar:?]
	at org.apache.hadoop.ozone.protocolPB.OzoneManagerRequestHandler.handleReadRequest(OzoneManagerRequestHandler.java:238) ~[ozone-manager-1.4.0-SNAPSHOT.jar:?]
	at org.apache.hadoop.ozone.protocolPB.OzoneManagerProtocolServerSideTranslatorPB.submitRequestDirectlyToOM(OzoneManagerProtocolServerSideTranslatorPB.java:272) ~[ozone-manager-1.4.0-SNAPSHOT.jar:?]
	at org.apache.hadoop.ozone.protocolPB.OzoneManagerProtocolServerSideTranslatorPB.processRequest(OzoneManagerProtocolServerSideTranslatorPB.java:173) ~[ozone-manager-1.4.0-SNAPSHOT.jar:?]
	at org.apache.hadoop.hdds.server.OzoneProtocolMessageDispatcher.processRequest(OzoneProtocolMessageDispatcher.java:87) [hdds-server-framework-1.4.0-SNAPSHOT.jar:?]
	at org.apache.hadoop.ozone.protocolPB.OzoneManagerProtocolServerSideTranslatorPB.submitRequest(OzoneManagerProtocolServerSideTranslatorPB.java:147) [ozone-manager-1.4.0-SNAPSHOT.jar:?]
	at org.apache.hadoop.ozone.protocol.proto.OzoneManagerProtocolProtos$OzoneManagerService$2.callBlockingMethod(OzoneManagerProtocolProtos.java) [ozone-interface-client-1.4.0-SNAPSHOT.jar:?]
	at org.apache.hadoop.ipc.ProtobufRpcEngine$Server.processCall(ProtobufRpcEngine.java:465) [hadoop-common-3.3.4.jar:?]
	at org.apache.hadoop.ipc.ProtobufRpcEngine2$Server$ProtoBufRpcInvoker.call(ProtobufRpcEngine2.java:578) [hadoop-common-3.3.4.jar:?]
	at org.apache.hadoop.ipc.ProtobufRpcEngine2$Server$ProtoBufRpcInvoker.call(ProtobufRpcEngine2.java:556) [hadoop-common-3.3.4.jar:?]
	at org.apache.hadoop.ipc.RPC$Server.call(RPC.java:1093) [hadoop-common-3.3.4.jar:?]
	at org.apache.hadoop.ipc.Server$RpcCall.run(Server.java:1043) [hadoop-common-3.3.4.jar:?]
	at org.apache.hadoop.ipc.Server$RpcCall.run(Server.java:971) [hadoop-common-3.3.4.jar:?]
	at java.security.AccessController.doPrivileged(Native Method) ~[?:1.8.0_362]
	at javax.security.auth.Subject.doAs(Subject.java:422) [?:1.8.0_362]
	at org.apache.hadoop.security.UserGroupInformation.doAs(UserGroupInformation.java:1878) [hadoop-common-3.3.4.jar:?]
	at org.apache.hadoop.ipc.Server$Handler.run(Server.java:2976) [hadoop-common-3.3.4.jar:?]
05:44:51.439 [IPC Server handler 6 on default port 39193] ERROR OMAudit - user=runner | ip=127.0.0.1 | op=GET_FILE_STATUS {volume=volume61968, bucket=bucket63791, key=testBatchDelete/parent/childFolder/child3, dataSize=0, replicationConfig=null} | ret=FAILURE
org.apache.hadoop.ozone.om.exceptions.OMException: Unable to get file status: volume: volume61968 bucket: bucket63791 key: testBatchDelete/parent/childFolder/child3
	at org.apache.hadoop.ozone.om.KeyManagerImpl.getOzoneFileStatusFSO(KeyManagerImpl.java:1320) ~[ozone-manager-1.4.0-SNAPSHOT.jar:?]
	at org.apache.hadoop.ozone.om.KeyManagerImpl.getFileStatus(KeyManagerImpl.java:1112) ~[ozone-manager-1.4.0-SNAPSHOT.jar:?]
	at org.apache.hadoop.ozone.om.OmMetadataReader.getFileStatus(OmMetadataReader.java:288) ~[ozone-manager-1.4.0-SNAPSHOT.jar:?]
	at org.apache.hadoop.ozone.om.OzoneManager.getFileStatus(OzoneManager.java:3494) ~[ozone-manager-1.4.0-SNAPSHOT.jar:?]
	at org.apache.hadoop.ozone.protocolPB.OzoneManagerRequestHandler.getOzoneFileStatus(OzoneManagerRequestHandler.java:933) ~[ozone-manager-1.4.0-SNAPSHOT.jar:?]
	at org.apache.hadoop.ozone.protocolPB.OzoneManagerRequestHandler.handleReadRequest(OzoneManagerRequestHandler.java:238) ~[ozone-manager-1.4.0-SNAPSHOT.jar:?]
	at org.apache.hadoop.ozone.protocolPB.OzoneManagerProtocolServerSideTranslatorPB.submitRequestDirectlyToOM(OzoneManagerProtocolServerSideTranslatorPB.java:272) ~[ozone-manager-1.4.0-SNAPSHOT.jar:?]
	at org.apache.hadoop.ozone.protocolPB.OzoneManagerProtocolServerSideTranslatorPB.processRequest(OzoneManagerProtocolServerSideTranslatorPB.java:173) ~[ozone-manager-1.4.0-SNAPSHOT.jar:?]
	at org.apache.hadoop.hdds.server.OzoneProtocolMessageDispatcher.processRequest(OzoneProtocolMessageDispatcher.java:87) [hdds-server-framework-1.4.0-SNAPSHOT.jar:?]
	at org.apache.hadoop.ozone.protocolPB.OzoneManagerProtocolServerSideTranslatorPB.submitRequest(OzoneManagerProtocolServerSideTranslatorPB.java:147) [ozone-manager-1.4.0-SNAPSHOT.jar:?]
	at org.apache.hadoop.ozone.protocol.proto.OzoneManagerProtocolProtos$OzoneManagerService$2.callBlockingMethod(OzoneManagerProtocolProtos.java) [ozone-interface-client-1.4.0-SNAPSHOT.jar:?]
	at org.apache.hadoop.ipc.ProtobufRpcEngine$Server.processCall(ProtobufRpcEngine.java:465) [hadoop-common-3.3.4.jar:?]
	at org.apache.hadoop.ipc.ProtobufRpcEngine2$Server$ProtoBufRpcInvoker.call(ProtobufRpcEngine2.java:578) [hadoop-common-3.3.4.jar:?]
	at org.apache.hadoop.ipc.ProtobufRpcEngine2$Server$ProtoBufRpcInvoker.call(ProtobufRpcEngine2.java:556) [hadoop-common-3.3.4.jar:?]
	at org.apache.hadoop.ipc.RPC$Server.call(RPC.java:1093) [hadoop-common-3.3.4.jar:?]
	at org.apache.hadoop.ipc.Server$RpcCall.run(Server.java:1043) [hadoop-common-3.3.4.jar:?]
	at org.apache.hadoop.ipc.Server$RpcCall.run(Server.java:971) [hadoop-common-3.3.4.jar:?]
	at java.security.AccessController.doPrivileged(Native Method) ~[?:1.8.0_362]
	at javax.security.auth.Subject.doAs(Subject.java:422) [?:1.8.0_362]
	at org.apache.hadoop.security.UserGroupInformation.doAs(UserGroupInformation.java:1878) [hadoop-common-3.3.4.jar:?]
	at org.apache.hadoop.ipc.Server$Handler.run(Server.java:2976) [hadoop-common-3.3.4.jar:?]
05:44:51.439 [IPC Server handler 7 on default port 39193] ERROR OMAudit - user=runner | ip=127.0.0.1 | op=GET_FILE_STATUS {volume=volume61968, bucket=bucket63791, key=testBatchDelete/parent/child4, dataSize=0, replicationConfig=null} | ret=FAILURE
org.apache.hadoop.ozone.om.exceptions.OMException: Unable to get file status: volume: volume61968 bucket: bucket63791 key: testBatchDelete/parent/child4
	at org.apache.hadoop.ozone.om.KeyManagerImpl.getOzoneFileStatusFSO(KeyManagerImpl.java:1320) ~[ozone-manager-1.4.0-SNAPSHOT.jar:?]
	at org.apache.hadoop.ozone.om.KeyManagerImpl.getFileStatus(KeyManagerImpl.java:1112) ~[ozone-manager-1.4.0-SNAPSHOT.jar:?]
	at org.apache.hadoop.ozone.om.OmMetadataReader.getFileStatus(OmMetadataReader.java:288) ~[ozone-manager-1.4.0-SNAPSHOT.jar:?]
	at org.apache.hadoop.ozone.om.OzoneManager.getFileStatus(OzoneManager.java:3494) ~[ozone-manager-1.4.0-SNAPSHOT.jar:?]
	at org.apache.hadoop.ozone.protocolPB.OzoneManagerRequestHandler.getOzoneFileStatus(OzoneManagerRequestHandler.java:933) ~[ozone-manager-1.4.0-SNAPSHOT.jar:?]
	at org.apache.hadoop.ozone.protocolPB.OzoneManagerRequestHandler.handleReadRequest(OzoneManagerRequestHandler.java:238) ~[ozone-manager-1.4.0-SNAPSHOT.jar:?]
	at org.apache.hadoop.ozone.protocolPB.OzoneManagerProtocolServerSideTranslatorPB.submitRequestDirectlyToOM(OzoneManagerProtocolServerSideTranslatorPB.java:272) ~[ozone-manager-1.4.0-SNAPSHOT.jar:?]
	at org.apache.hadoop.ozone.protocolPB.OzoneManagerProtocolServerSideTranslatorPB.processRequest(OzoneManagerProtocolServerSideTranslatorPB.java:173) ~[ozone-manager-1.4.0-SNAPSHOT.jar:?]
	at org.apache.hadoop.hdds.server.OzoneProtocolMessageDispatcher.processRequest(OzoneProtocolMessageDispatcher.java:87) [hdds-server-framework-1.4.0-SNAPSHOT.jar:?]
	at org.apache.hadoop.ozone.protocolPB.OzoneManagerProtocolServerSideTranslatorPB.submitRequest(OzoneManagerProtocolServerSideTranslatorPB.java:147) [ozone-manager-1.4.0-SNAPSHOT.jar:?]
	at org.apache.hadoop.ozone.protocol.proto.OzoneManagerProtocolProtos$OzoneManagerService$2.callBlockingMethod(OzoneManagerProtocolProtos.java) [ozone-interface-client-1.4.0-SNAPSHOT.jar:?]
	at org.apache.hadoop.ipc.ProtobufRpcEngine$Server.processCall(ProtobufRpcEngine.java:465) [hadoop-common-3.3.4.jar:?]
	at org.apache.hadoop.ipc.ProtobufRpcEngine2$Server$ProtoBufRpcInvoker.call(ProtobufRpcEngine2.java:578) [hadoop-common-3.3.4.jar:?]
	at org.apache.hadoop.ipc.ProtobufRpcEngine2$Server$ProtoBufRpcInvoker.call(ProtobufRpcEngine2.java:556) [hadoop-common-3.3.4.jar:?]
	at org.apache.hadoop.ipc.RPC$Server.call(RPC.java:1093) [hadoop-common-3.3.4.jar:?]
	at org.apache.hadoop.ipc.Server$RpcCall.run(Server.java:1043) [hadoop-common-3.3.4.jar:?]
	at org.apache.hadoop.ipc.Server$RpcCall.run(Server.java:971) [hadoop-common-3.3.4.jar:?]
	at java.security.AccessController.doPrivileged(Native Method) ~[?:1.8.0_362]
	at javax.security.auth.Subject.doAs(Subject.java:422) [?:1.8.0_362]
	at org.apache.hadoop.security.UserGroupInformation.doAs(UserGroupInformation.java:1878) [hadoop-common-3.3.4.jar:?]
	at org.apache.hadoop.ipc.Server$Handler.run(Server.java:2976) [hadoop-common-3.3.4.jar:?]
05:44:51.440 [IPC Server handler 8 on default port 39193] ERROR OMAudit - user=runner | ip=127.0.0.1 | op=GET_FILE_STATUS {volume=volume61968, bucket=bucket63791, key=testBatchDelete/parent/childFolder/child4, dataSize=0, replicationConfig=null} | ret=FAILURE
org.apache.hadoop.ozone.om.exceptions.OMException: Unable to get file status: volume: volume61968 bucket: bucket63791 key: testBatchDelete/parent/childFolder/child4
	at org.apache.hadoop.ozone.om.KeyManagerImpl.getOzoneFileStatusFSO(KeyManagerImpl.java:1320) ~[ozone-manager-1.4.0-SNAPSHOT.jar:?]
	at org.apache.hadoop.ozone.om.KeyManagerImpl.getFileStatus(KeyManagerImpl.java:1112) ~[ozone-manager-1.4.0-SNAPSHOT.jar:?]
	at org.apache.hadoop.ozone.om.OmMetadataReader.getFileStatus(OmMetadataReader.java:288) ~[ozone-manager-1.4.0-SNAPSHOT.jar:?]
	at org.apache.hadoop.ozone.om.OzoneManager.getFileStatus(OzoneManager.java:3494) ~[ozone-manager-1.4.0-SNAPSHOT.jar:?]
	at org.apache.hadoop.ozone.protocolPB.OzoneManagerRequestHandler.getOzoneFileStatus(OzoneManagerRequestHandler.java:933) ~[ozone-manager-1.4.0-SNAPSHOT.jar:?]
	at org.apache.hadoop.ozone.protocolPB.OzoneManagerRequestHandler.handleReadRequest(OzoneManagerRequestHandler.java:238) ~[ozone-manager-1.4.0-SNAPSHOT.jar:?]
	at org.apache.hadoop.ozone.protocolPB.OzoneManagerProtocolServerSideTranslatorPB.submitRequestDirectlyToOM(OzoneManagerProtocolServerSideTranslatorPB.java:272) ~[ozone-manager-1.4.0-SNAPSHOT.jar:?]
	at org.apache.hadoop.ozone.protocolPB.OzoneManagerProtocolServerSideTranslatorPB.processRequest(OzoneManagerProtocolServerSideTranslatorPB.java:173) ~[ozone-manager-1.4.0-SNAPSHOT.jar:?]
	at org.apache.hadoop.hdds.server.OzoneProtocolMessageDispatcher.processRequest(OzoneProtocolMessageDispatcher.java:87) [hdds-server-framework-1.4.0-SNAPSHOT.jar:?]
	at org.apache.hadoop.ozone.protocolPB.OzoneManagerProtocolServerSideTranslatorPB.submitRequest(OzoneManagerProtocolServerSideTranslatorPB.java:147) [ozone-manager-1.4.0-SNAPSHOT.jar:?]
	at org.apache.hadoop.ozone.protocol.proto.OzoneManagerProtocolProtos$OzoneManagerService$2.callBlockingMethod(OzoneManagerProtocolProtos.java) [ozone-interface-client-1.4.0-SNAPSHOT.jar:?]
	at org.apache.hadoop.ipc.ProtobufRpcEngine$Server.processCall(ProtobufRpcEngine.java:465) [hadoop-common-3.3.4.jar:?]
	at org.apache.hadoop.ipc.ProtobufRpcEngine2$Server$ProtoBufRpcInvoker.call(ProtobufRpcEngine2.java:578) [hadoop-common-3.3.4.jar:?]
	at org.apache.hadoop.ipc.ProtobufRpcEngine2$Server$ProtoBufRpcInvoker.call(ProtobufRpcEngine2.java:556) [hadoop-common-3.3.4.jar:?]
	at org.apache.hadoop.ipc.RPC$Server.call(RPC.java:1093) [hadoop-common-3.3.4.jar:?]
	at org.apache.hadoop.ipc.Server$RpcCall.run(Server.java:1043) [hadoop-common-3.3.4.jar:?]
	at org.apache.hadoop.ipc.Server$RpcCall.run(Server.java:971) [hadoop-common-3.3.4.jar:?]
	at java.security.AccessController.doPrivileged(Native Method) ~[?:1.8.0_362]
	at javax.security.auth.Subject.doAs(Subject.java:422) [?:1.8.0_362]
	at org.apache.hadoop.security.UserGroupInformation.doAs(UserGroupInformation.java:1878) [hadoop-common-3.3.4.jar:?]
	at org.apache.hadoop.ipc.Server$Handler.run(Server.java:2976) [hadoop-common-3.3.4.jar:?]
05:44:51.441 [IPC Server handler 9 on default port 39193] ERROR OMAudit - user=runner | ip=127.0.0.1 | op=GET_FILE_STATUS {volume=volume61968, bucket=bucket63791, key=testBatchDelete/parent/child5, dataSize=0, replicationConfig=null} | ret=FAILURE
org.apache.hadoop.ozone.om.exceptions.OMException: Unable to get file status: volume: volume61968 bucket: bucket63791 key: testBatchDelete/parent/child5
	at org.apache.hadoop.ozone.om.KeyManagerImpl.getOzoneFileStatusFSO(KeyManagerImpl.java:1320) ~[ozone-manager-1.4.0-SNAPSHOT.jar:?]
	at org.apache.hadoop.ozone.om.KeyManagerImpl.getFileStatus(KeyManagerImpl.java:1112) ~[ozone-manager-1.4.0-SNAPSHOT.jar:?]
	at org.apache.hadoop.ozone.om.OmMetadataReader.getFileStatus(OmMetadataReader.java:288) ~[ozone-manager-1.4.0-SNAPSHOT.jar:?]
	at org.apache.hadoop.ozone.om.OzoneManager.getFileStatus(OzoneManager.java:3494) ~[ozone-manager-1.4.0-SNAPSHOT.jar:?]
	at org.apache.hadoop.ozone.protocolPB.OzoneManagerRequestHandler.getOzoneFileStatus(OzoneManagerRequestHandler.java:933) ~[ozone-manager-1.4.0-SNAPSHOT.jar:?]
	at org.apache.hadoop.ozone.protocolPB.OzoneManagerRequestHandler.handleReadRequest(OzoneManagerRequestHandler.java:238) ~[ozone-manager-1.4.0-SNAPSHOT.jar:?]
	at org.apache.hadoop.ozone.protocolPB.OzoneManagerProtocolServerSideTranslatorPB.submitRequestDirectlyToOM(OzoneManagerProtocolServerSideTranslatorPB.java:272) ~[ozone-manager-1.4.0-SNAPSHOT.jar:?]
	at org.apache.hadoop.ozone.protocolPB.OzoneManagerProtocolServerSideTranslatorPB.processRequest(OzoneManagerProtocolServerSideTranslatorPB.java:173) ~[ozone-manager-1.4.0-SNAPSHOT.jar:?]
	at org.apache.hadoop.hdds.server.OzoneProtocolMessageDispatcher.processRequest(OzoneProtocolMessageDispatcher.java:87) [hdds-server-framework-1.4.0-SNAPSHOT.jar:?]
	at org.apache.hadoop.ozone.protocolPB.OzoneManagerProtocolServerSideTranslatorPB.submitRequest(OzoneManagerProtocolServerSideTranslatorPB.java:147) [ozone-manager-1.4.0-SNAPSHOT.jar:?]
	at org.apache.hadoop.ozone.protocol.proto.OzoneManagerProtocolProtos$OzoneManagerService$2.callBlockingMethod(OzoneManagerProtocolProtos.java) [ozone-interface-client-1.4.0-SNAPSHOT.jar:?]
	at org.apache.hadoop.ipc.ProtobufRpcEngine$Server.processCall(ProtobufRpcEngine.java:465) [hadoop-common-3.3.4.jar:?]
	at org.apache.hadoop.ipc.ProtobufRpcEngine2$Server$ProtoBufRpcInvoker.call(ProtobufRpcEngine2.java:578) [hadoop-common-3.3.4.jar:?]
	at org.apache.hadoop.ipc.ProtobufRpcEngine2$Server$ProtoBufRpcInvoker.call(ProtobufRpcEngine2.java:556) [hadoop-common-3.3.4.jar:?]
	at org.apache.hadoop.ipc.RPC$Server.call(RPC.java:1093) [hadoop-common-3.3.4.jar:?]
	at org.apache.hadoop.ipc.Server$RpcCall.run(Server.java:1043) [hadoop-common-3.3.4.jar:?]
	at org.apache.hadoop.ipc.Server$RpcCall.run(Server.java:971) [hadoop-common-3.3.4.jar:?]
	at java.security.AccessController.doPrivileged(Native Method) ~[?:1.8.0_362]
	at javax.security.auth.Subject.doAs(Subject.java:422) [?:1.8.0_362]
	at org.apache.hadoop.security.UserGroupInformation.doAs(UserGroupInformation.java:1878) [hadoop-common-3.3.4.jar:?]
	at org.apache.hadoop.ipc.Server$Handler.run(Server.java:2976) [hadoop-common-3.3.4.jar:?]
05:44:51.441 [IPC Server handler 10 on default port 39193] ERROR OMAudit - user=runner | ip=127.0.0.1 | op=GET_FILE_STATUS {volume=volume61968, bucket=bucket63791, key=testBatchDelete/parent/childFolder/child5, dataSize=0, replicationConfig=null} | ret=FAILURE
org.apache.hadoop.ozone.om.exceptions.OMException: Unable to get file status: volume: volume61968 bucket: bucket63791 key: testBatchDelete/parent/childFolder/child5
	at org.apache.hadoop.ozone.om.KeyManagerImpl.getOzoneFileStatusFSO(KeyManagerImpl.java:1320) ~[ozone-manager-1.4.0-SNAPSHOT.jar:?]
	at org.apache.hadoop.ozone.om.KeyManagerImpl.getFileStatus(KeyManagerImpl.java:1112) ~[ozone-manager-1.4.0-SNAPSHOT.jar:?]
	at org.apache.hadoop.ozone.om.OmMetadataReader.getFileStatus(OmMetadataReader.java:288) ~[ozone-manager-1.4.0-SNAPSHOT.jar:?]
	at org.apache.hadoop.ozone.om.OzoneManager.getFileStatus(OzoneManager.java:3494) ~[ozone-manager-1.4.0-SNAPSHOT.jar:?]
	at org.apache.hadoop.ozone.protocolPB.OzoneManagerRequestHandler.getOzoneFileStatus(OzoneManagerRequestHandler.java:933) ~[ozone-manager-1.4.0-SNAPSHOT.jar:?]
	at org.apache.hadoop.ozone.protocolPB.OzoneManagerRequestHandler.handleReadRequest(OzoneManagerRequestHandler.java:238) ~[ozone-manager-1.4.0-SNAPSHOT.jar:?]
	at org.apache.hadoop.ozone.protocolPB.OzoneManagerProtocolServerSideTranslatorPB.submitRequestDirectlyToOM(OzoneManagerProtocolServerSideTranslatorPB.java:272) ~[ozone-manager-1.4.0-SNAPSHOT.jar:?]
	at org.apache.hadoop.ozone.protocolPB.OzoneManagerProtocolServerSideTranslatorPB.processRequest(OzoneManagerProtocolServerSideTranslatorPB.java:173) ~[ozone-manager-1.4.0-SNAPSHOT.jar:?]
	at org.apache.hadoop.hdds.server.OzoneProtocolMessageDispatcher.processRequest(OzoneProtocolMessageDispatcher.java:87) [hdds-server-framework-1.4.0-SNAPSHOT.jar:?]
	at org.apache.hadoop.ozone.protocolPB.OzoneManagerProtocolServerSideTranslatorPB.submitRequest(OzoneManagerProtocolServerSideTranslatorPB.java:147) [ozone-manager-1.4.0-SNAPSHOT.jar:?]
	at org.apache.hadoop.ozone.protocol.proto.OzoneManagerProtocolProtos$OzoneManagerService$2.callBlockingMethod(OzoneManagerProtocolProtos.java) [ozone-interface-client-1.4.0-SNAPSHOT.jar:?]
	at org.apache.hadoop.ipc.ProtobufRpcEngine$Server.processCall(ProtobufRpcEngine.java:465) [hadoop-common-3.3.4.jar:?]
	at org.apache.hadoop.ipc.ProtobufRpcEngine2$Server$ProtoBufRpcInvoker.call(ProtobufRpcEngine2.java:578) [hadoop-common-3.3.4.jar:?]
	at org.apache.hadoop.ipc.ProtobufRpcEngine2$Server$ProtoBufRpcInvoker.call(ProtobufRpcEngine2.java:556) [hadoop-common-3.3.4.jar:?]
	at org.apache.hadoop.ipc.RPC$Server.call(RPC.java:1093) [hadoop-common-3.3.4.jar:?]
	at org.apache.hadoop.ipc.Server$RpcCall.run(Server.java:1043) [hadoop-common-3.3.4.jar:?]
	at org.apache.hadoop.ipc.Server$RpcCall.run(Server.java:971) [hadoop-common-3.3.4.jar:?]
	at java.security.AccessController.doPrivileged(Native Method) ~[?:1.8.0_362]
	at javax.security.auth.Subject.doAs(Subject.java:422) [?:1.8.0_362]
	at org.apache.hadoop.security.UserGroupInformation.doAs(UserGroupInformation.java:1878) [hadoop-common-3.3.4.jar:?]
	at org.apache.hadoop.ipc.Server$Handler.run(Server.java:2976) [hadoop-common-3.3.4.jar:?]
05:44:51.442 [IPC Server handler 11 on default port 39193] ERROR OMAudit - user=runner | ip=127.0.0.1 | op=GET_FILE_STATUS {volume=volume61968, bucket=bucket63791, key=testBatchDelete/parent/child6, dataSize=0, replicationConfig=null} | ret=FAILURE
org.apache.hadoop.ozone.om.exceptions.OMException: Unable to get file status: volume: volume61968 bucket: bucket63791 key: testBatchDelete/parent/child6
	at org.apache.hadoop.ozone.om.KeyManagerImpl.getOzoneFileStatusFSO(KeyManagerImpl.java:1320) ~[ozone-manager-1.4.0-SNAPSHOT.jar:?]
	at org.apache.hadoop.ozone.om.KeyManagerImpl.getFileStatus(KeyManagerImpl.java:1112) ~[ozone-manager-1.4.0-SNAPSHOT.jar:?]
	at org.apache.hadoop.ozone.om.OmMetadataReader.getFileStatus(OmMetadataReader.java:288) ~[ozone-manager-1.4.0-SNAPSHOT.jar:?]
	at org.apache.hadoop.ozone.om.OzoneManager.getFileStatus(OzoneManager.java:3494) ~[ozone-manager-1.4.0-SNAPSHOT.jar:?]
	at org.apache.hadoop.ozone.protocolPB.OzoneManagerRequestHandler.getOzoneFileStatus(OzoneManagerRequestHandler.java:933) ~[ozone-manager-1.4.0-SNAPSHOT.jar:?]
	at org.apache.hadoop.ozone.protocolPB.OzoneManagerRequestHandler.handleReadRequest(OzoneManagerRequestHandler.java:238) ~[ozone-manager-1.4.0-SNAPSHOT.jar:?]
	at org.apache.hadoop.ozone.protocolPB.OzoneManagerProtocolServerSideTranslatorPB.submitRequestDirectlyToOM(OzoneManagerProtocolServerSideTranslatorPB.java:272) ~[ozone-manager-1.4.0-SNAPSHOT.jar:?]
	at org.apache.hadoop.ozone.protocolPB.OzoneManagerProtocolServerSideTranslatorPB.processRequest(OzoneManagerProtocolServerSideTranslatorPB.java:173) ~[ozone-manager-1.4.0-SNAPSHOT.jar:?]
	at org.apache.hadoop.hdds.server.OzoneProtocolMessageDispatcher.processRequest(OzoneProtocolMessageDispatcher.java:87) [hdds-server-framework-1.4.0-SNAPSHOT.jar:?]
	at org.apache.hadoop.ozone.protocolPB.OzoneManagerProtocolServerSideTranslatorPB.submitRequest(OzoneManagerProtocolServerSideTranslatorPB.java:147) [ozone-manager-1.4.0-SNAPSHOT.jar:?]
	at org.apache.hadoop.ozone.protocol.proto.OzoneManagerProtocolProtos$OzoneManagerService$2.callBlockingMethod(OzoneManagerProtocolProtos.java) [ozone-interface-client-1.4.0-SNAPSHOT.jar:?]
	at org.apache.hadoop.ipc.ProtobufRpcEngine$Server.processCall(ProtobufRpcEngine.java:465) [hadoop-common-3.3.4.jar:?]
	at org.apache.hadoop.ipc.ProtobufRpcEngine2$Server$ProtoBufRpcInvoker.call(ProtobufRpcEngine2.java:578) [hadoop-common-3.3.4.jar:?]
	at org.apache.hadoop.ipc.ProtobufRpcEngine2$Server$ProtoBufRpcInvoker.call(ProtobufRpcEngine2.java:556) [hadoop-common-3.3.4.jar:?]
	at org.apache.hadoop.ipc.RPC$Server.call(RPC.java:1093) [hadoop-common-3.3.4.jar:?]
	at org.apache.hadoop.ipc.Server$RpcCall.run(Server.java:1043) [hadoop-common-3.3.4.jar:?]
	at org.apache.hadoop.ipc.Server$RpcCall.run(Server.java:971) [hadoop-common-3.3.4.jar:?]
	at java.security.AccessController.doPrivileged(Native Method) ~[?:1.8.0_362]
	at javax.security.auth.Subject.doAs(Subject.java:422) [?:1.8.0_362]
	at org.apache.hadoop.security.UserGroupInformation.doAs(UserGroupInformation.java:1878) [hadoop-common-3.3.4.jar:?]
	at org.apache.hadoop.ipc.Server$Handler.run(Server.java:2976) [hadoop-common-3.3.4.jar:?]
05:44:51.444 [IPC Server handler 12 on default port 39193] ERROR OMAudit - user=runner | ip=127.0.0.1 | op=GET_FILE_STATUS {volume=volume61968, bucket=bucket63791, key=testBatchDelete/parent/childFolder/child6, dataSize=0, replicationConfig=null} | ret=FAILURE
org.apache.hadoop.ozone.om.exceptions.OMException: Unable to get file status: volume: volume61968 bucket: bucket63791 key: testBatchDelete/parent/childFolder/child6
	at org.apache.hadoop.ozone.om.KeyManagerImpl.getOzoneFileStatusFSO(KeyManagerImpl.java:1320) ~[ozone-manager-1.4.0-SNAPSHOT.jar:?]
	at org.apache.hadoop.ozone.om.KeyManagerImpl.getFileStatus(KeyManagerImpl.java:1112) ~[ozone-manager-1.4.0-SNAPSHOT.jar:?]
	at org.apache.hadoop.ozone.om.OmMetadataReader.getFileStatus(OmMetadataReader.java:288) ~[ozone-manager-1.4.0-SNAPSHOT.jar:?]
	at org.apache.hadoop.ozone.om.OzoneManager.getFileStatus(OzoneManager.java:3494) ~[ozone-manager-1.4.0-SNAPSHOT.jar:?]
	at org.apache.hadoop.ozone.protocolPB.OzoneManagerRequestHandler.getOzoneFileStatus(OzoneManagerRequestHandler.java:933) ~[ozone-manager-1.4.0-SNAPSHOT.jar:?]
	at org.apache.hadoop.ozone.protocolPB.OzoneManagerRequestHandler.handleReadRequest(OzoneManagerRequestHandler.java:238) ~[ozone-manager-1.4.0-SNAPSHOT.jar:?]
	at org.apache.hadoop.ozone.protocolPB.OzoneManagerProtocolServerSideTranslatorPB.submitRequestDirectlyToOM(OzoneManagerProtocolServerSideTranslatorPB.java:272) ~[ozone-manager-1.4.0-SNAPSHOT.jar:?]
	at org.apache.hadoop.ozone.protocolPB.OzoneManagerProtocolServerSideTranslatorPB.processRequest(OzoneManagerProtocolServerSideTranslatorPB.java:173) ~[ozone-manager-1.4.0-SNAPSHOT.jar:?]
	at org.apache.hadoop.hdds.server.OzoneProtocolMessageDispatcher.processRequest(OzoneProtocolMessageDispatcher.java:87) [hdds-server-framework-1.4.0-SNAPSHOT.jar:?]
	at org.apache.hadoop.ozone.protocolPB.OzoneManagerProtocolServerSideTranslatorPB.submitRequest(OzoneManagerProtocolServerSideTranslatorPB.java:147) [ozone-manager-1.4.0-SNAPSHOT.jar:?]
	at org.apache.hadoop.ozone.protocol.proto.OzoneManagerProtocolProtos$OzoneManagerService$2.callBlockingMethod(OzoneManagerProtocolProtos.java) [ozone-interface-client-1.4.0-SNAPSHOT.jar:?]
	at org.apache.hadoop.ipc.ProtobufRpcEngine$Server.processCall(ProtobufRpcEngine.java:465) [hadoop-common-3.3.4.jar:?]
	at org.apache.hadoop.ipc.ProtobufRpcEngine2$Server$ProtoBufRpcInvoker.call(ProtobufRpcEngine2.java:578) [hadoop-common-3.3.4.jar:?]
	at org.apache.hadoop.ipc.ProtobufRpcEngine2$Server$ProtoBufRpcInvoker.call(ProtobufRpcEngine2.java:556) [hadoop-common-3.3.4.jar:?]
	at org.apache.hadoop.ipc.RPC$Server.call(RPC.java:1093) [hadoop-common-3.3.4.jar:?]
	at org.apache.hadoop.ipc.Server$RpcCall.run(Server.java:1043) [hadoop-common-3.3.4.jar:?]
	at org.apache.hadoop.ipc.Server$RpcCall.run(Server.java:971) [hadoop-common-3.3.4.jar:?]
	at java.security.AccessController.doPrivileged(Native Method) ~[?:1.8.0_362]
	at javax.security.auth.Subject.doAs(Subject.java:422) [?:1.8.0_362]
	at org.apache.hadoop.security.UserGroupInformation.doAs(UserGroupInformation.java:1878) [hadoop-common-3.3.4.jar:?]
	at org.apache.hadoop.ipc.Server$Handler.run(Server.java:2976) [hadoop-common-3.3.4.jar:?]
05:44:51.444 [IPC Server handler 13 on default port 39193] ERROR OMAudit - user=runner | ip=127.0.0.1 | op=GET_FILE_STATUS {volume=volume61968, bucket=bucket63791, key=testBatchDelete/parent/child7, dataSize=0, replicationConfig=null} | ret=FAILURE
org.apache.hadoop.ozone.om.exceptions.OMException: Unable to get file status: volume: volume61968 bucket: bucket63791 key: testBatchDelete/parent/child7
	at org.apache.hadoop.ozone.om.KeyManagerImpl.getOzoneFileStatusFSO(KeyManagerImpl.java:1320) ~[ozone-manager-1.4.0-SNAPSHOT.jar:?]
	at org.apache.hadoop.ozone.om.KeyManagerImpl.getFileStatus(KeyManagerImpl.java:1112) ~[ozone-manager-1.4.0-SNAPSHOT.jar:?]
	at org.apache.hadoop.ozone.om.OmMetadataReader.getFileStatus(OmMetadataReader.java:288) ~[ozone-manager-1.4.0-SNAPSHOT.jar:?]
	at org.apache.hadoop.ozone.om.OzoneManager.getFileStatus(OzoneManager.java:3494) ~[ozone-manager-1.4.0-SNAPSHOT.jar:?]
	at org.apache.hadoop.ozone.protocolPB.OzoneManagerRequestHandler.getOzoneFileStatus(OzoneManagerRequestHandler.java:933) ~[ozone-manager-1.4.0-SNAPSHOT.jar:?]
	at org.apache.hadoop.ozone.protocolPB.OzoneManagerRequestHandler.handleReadRequest(OzoneManagerRequestHandler.java:238) ~[ozone-manager-1.4.0-SNAPSHOT.jar:?]
	at org.apache.hadoop.ozone.protocolPB.OzoneManagerProtocolServerSideTranslatorPB.submitRequestDirectlyToOM(OzoneManagerProtocolServerSideTranslatorPB.java:272) ~[ozone-manager-1.4.0-SNAPSHOT.jar:?]
	at org.apache.hadoop.ozone.protocolPB.OzoneManagerProtocolServerSideTranslatorPB.processRequest(OzoneManagerProtocolServerSideTranslatorPB.java:173) ~[ozone-manager-1.4.0-SNAPSHOT.jar:?]
	at org.apache.hadoop.hdds.server.OzoneProtocolMessageDispatcher.processRequest(OzoneProtocolMessageDispatcher.java:87) [hdds-server-framework-1.4.0-SNAPSHOT.jar:?]
	at org.apache.hadoop.ozone.protocolPB.OzoneManagerProtocolServerSideTranslatorPB.submitRequest(OzoneManagerProtocolServerSideTranslatorPB.java:147) [ozone-manager-1.4.0-SNAPSHOT.jar:?]
	at org.apache.hadoop.ozone.protocol.proto.OzoneManagerProtocolProtos$OzoneManagerService$2.callBlockingMethod(OzoneManagerProtocolProtos.java) [ozone-interface-client-1.4.0-SNAPSHOT.jar:?]
	at org.apache.hadoop.ipc.ProtobufRpcEngine$Server.processCall(ProtobufRpcEngine.java:465) [hadoop-common-3.3.4.jar:?]
	at org.apache.hadoop.ipc.ProtobufRpcEngine2$Server$ProtoBufRpcInvoker.call(ProtobufRpcEngine2.java:578) [hadoop-common-3.3.4.jar:?]
	at org.apache.hadoop.ipc.ProtobufRpcEngine2$Server$ProtoBufRpcInvoker.call(ProtobufRpcEngine2.java:556) [hadoop-common-3.3.4.jar:?]
	at org.apache.hadoop.ipc.RPC$Server.call(RPC.java:1093) [hadoop-common-3.3.4.jar:?]
	at org.apache.hadoop.ipc.Server$RpcCall.run(Server.java:1043) [hadoop-common-3.3.4.jar:?]
	at org.apache.hadoop.ipc.Server$RpcCall.run(Server.java:971) [hadoop-common-3.3.4.jar:?]
	at java.security.AccessController.doPrivileged(Native Method) ~[?:1.8.0_362]
	at javax.security.auth.Subject.doAs(Subject.java:422) [?:1.8.0_362]
	at org.apache.hadoop.security.UserGroupInformation.doAs(UserGroupInformation.java:1878) [hadoop-common-3.3.4.jar:?]
	at org.apache.hadoop.ipc.Server$Handler.run(Server.java:2976) [hadoop-common-3.3.4.jar:?]
05:44:51.445 [IPC Server handler 14 on default port 39193] ERROR OMAudit - user=runner | ip=127.0.0.1 | op=GET_FILE_STATUS {volume=volume61968, bucket=bucket63791, key=testBatchDelete/parent/childFolder/child7, dataSize=0, replicationConfig=null} | ret=FAILURE
org.apache.hadoop.ozone.om.exceptions.OMException: Unable to get file status: volume: volume61968 bucket: bucket63791 key: testBatchDelete/parent/childFolder/child7
	at org.apache.hadoop.ozone.om.KeyManagerImpl.getOzoneFileStatusFSO(KeyManagerImpl.java:1320) ~[ozone-manager-1.4.0-SNAPSHOT.jar:?]
	at org.apache.hadoop.ozone.om.KeyManagerImpl.getFileStatus(KeyManagerImpl.java:1112) ~[ozone-manager-1.4.0-SNAPSHOT.jar:?]
	at org.apache.hadoop.ozone.om.OmMetadataReader.getFileStatus(OmMetadataReader.java:288) ~[ozone-manager-1.4.0-SNAPSHOT.jar:?]
	at org.apache.hadoop.ozone.om.OzoneManager.getFileStatus(OzoneManager.java:3494) ~[ozone-manager-1.4.0-SNAPSHOT.jar:?]
	at org.apache.hadoop.ozone.protocolPB.OzoneManagerRequestHandler.getOzoneFileStatus(OzoneManagerRequestHandler.java:933) ~[ozone-manager-1.4.0-SNAPSHOT.jar:?]
	at org.apache.hadoop.ozone.protocolPB.OzoneManagerRequestHandler.handleReadRequest(OzoneManagerRequestHandler.java:238) ~[ozone-manager-1.4.0-SNAPSHOT.jar:?]
	at org.apache.hadoop.ozone.protocolPB.OzoneManagerProtocolServerSideTranslatorPB.submitRequestDirectlyToOM(OzoneManagerProtocolServerSideTranslatorPB.java:272) ~[ozone-manager-1.4.0-SNAPSHOT.jar:?]
	at org.apache.hadoop.ozone.protocolPB.OzoneManagerProtocolServerSideTranslatorPB.processRequest(OzoneManagerProtocolServerSideTranslatorPB.java:173) ~[ozone-manager-1.4.0-SNAPSHOT.jar:?]
	at org.apache.hadoop.hdds.server.OzoneProtocolMessageDispatcher.processRequest(OzoneProtocolMessageDispatcher.java:87) [hdds-server-framework-1.4.0-SNAPSHOT.jar:?]
	at org.apache.hadoop.ozone.protocolPB.OzoneManagerProtocolServerSideTranslatorPB.submitRequest(OzoneManagerProtocolServerSideTranslatorPB.java:147) [ozone-manager-1.4.0-SNAPSHOT.jar:?]
	at org.apache.hadoop.ozone.protocol.proto.OzoneManagerProtocolProtos$OzoneManagerService$2.callBlockingMethod(OzoneManagerProtocolProtos.java) [ozone-interface-client-1.4.0-SNAPSHOT.jar:?]
	at org.apache.hadoop.ipc.ProtobufRpcEngine$Server.processCall(ProtobufRpcEngine.java:465) [hadoop-common-3.3.4.jar:?]
	at org.apache.hadoop.ipc.ProtobufRpcEngine2$Server$ProtoBufRpcInvoker.call(ProtobufRpcEngine2.java:578) [hadoop-common-3.3.4.jar:?]
	at org.apache.hadoop.ipc.ProtobufRpcEngine2$Server$ProtoBufRpcInvoker.call(ProtobufRpcEngine2.java:556) [hadoop-common-3.3.4.jar:?]
	at org.apache.hadoop.ipc.RPC$Server.call(RPC.java:1093) [hadoop-common-3.3.4.jar:?]
	at org.apache.hadoop.ipc.Server$RpcCall.run(Server.java:1043) [hadoop-common-3.3.4.jar:?]
	at org.apache.hadoop.ipc.Server$RpcCall.run(Server.java:971) [hadoop-common-3.3.4.jar:?]
	at java.security.AccessController.doPrivileged(Native Method) ~[?:1.8.0_362]
	at javax.security.auth.Subject.doAs(Subject.java:422) [?:1.8.0_362]
	at org.apache.hadoop.security.UserGroupInformation.doAs(UserGroupInformation.java:1878) [hadoop-common-3.3.4.jar:?]
	at org.apache.hadoop.ipc.Server$Handler.run(Server.java:2976) [hadoop-common-3.3.4.jar:?]
05:44:51.445 [IPC Server handler 15 on default port 39193] ERROR OMAudit - user=runner | ip=127.0.0.1 | op=DELETE_KEY {volume=volume61968, bucket=bucket63791, key=testBatchDelete/parent, dataSize=0, replicationType=NONE, replicationFactor=ZERO} | ret=FAILURE
org.apache.hadoop.ozone.om.exceptions.OMException: Unable to get file status: volume: volume61968 bucket: bucket63791 key: testBatchDelete/parent
	at org.apache.hadoop.ozone.om.OzonePrefixPathImpl.<init>(OzonePrefixPathImpl.java:67) ~[ozone-manager-1.4.0-SNAPSHOT.jar:?]
	at org.apache.hadoop.ozone.om.request.OMClientRequest.checkACLsWithFSO(OMClientRequest.java:236) ~[ozone-manager-1.4.0-SNAPSHOT.jar:?]
	at org.apache.hadoop.ozone.om.request.key.OMKeyDeleteRequestWithFSO.validateAndUpdateCache(OMKeyDeleteRequestWithFSO.java:103) ~[ozone-manager-1.4.0-SNAPSHOT.jar:?]
	at org.apache.hadoop.ozone.protocolPB.OzoneManagerRequestHandler.handleWriteRequest(OzoneManagerRequestHandler.java:337) ~[ozone-manager-1.4.0-SNAPSHOT.jar:?]
	at org.apache.hadoop.ozone.protocolPB.OzoneManagerProtocolServerSideTranslatorPB.submitRequestDirectlyToOM(OzoneManagerProtocolServerSideTranslatorPB.java:278) ~[ozone-manager-1.4.0-SNAPSHOT.jar:?]
	at org.apache.hadoop.ozone.protocolPB.OzoneManagerProtocolServerSideTranslatorPB.processRequest(OzoneManagerProtocolServerSideTranslatorPB.java:173) ~[ozone-manager-1.4.0-SNAPSHOT.jar:?]
	at org.apache.hadoop.hdds.server.OzoneProtocolMessageDispatcher.processRequest(OzoneProtocolMessageDispatcher.java:87) [hdds-server-framework-1.4.0-SNAPSHOT.jar:?]
	at org.apache.hadoop.ozone.protocolPB.OzoneManagerProtocolServerSideTranslatorPB.submitRequest(OzoneManagerProtocolServerSideTranslatorPB.java:147) [ozone-manager-1.4.0-SNAPSHOT.jar:?]
	at org.apache.hadoop.ozone.protocol.proto.OzoneManagerProtocolProtos$OzoneManagerService$2.callBlockingMethod(OzoneManagerProtocolProtos.java) [ozone-interface-client-1.4.0-SNAPSHOT.jar:?]
	at org.apache.hadoop.ipc.ProtobufRpcEngine$Server.processCall(ProtobufRpcEngine.java:465) [hadoop-common-3.3.4.jar:?]
	at org.apache.hadoop.ipc.ProtobufRpcEngine2$Server$ProtoBufRpcInvoker.call(ProtobufRpcEngine2.java:578) [hadoop-common-3.3.4.jar:?]
	at org.apache.hadoop.ipc.ProtobufRpcEngine2$Server$ProtoBufRpcInvoker.call(ProtobufRpcEngine2.java:556) [hadoop-common-3.3.4.jar:?]
	at org.apache.hadoop.ipc.RPC$Server.call(RPC.java:1093) [hadoop-common-3.3.4.jar:?]
	at org.apache.hadoop.ipc.Server$RpcCall.run(Server.java:1043) [hadoop-common-3.3.4.jar:?]
	at org.apache.hadoop.ipc.Server$RpcCall.run(Server.java:971) [hadoop-common-3.3.4.jar:?]
	at java.security.AccessController.doPrivileged(Native Method) ~[?:1.8.0_362]
	at javax.security.auth.Subject.doAs(Subject.java:422) [?:1.8.0_362]
	at org.apache.hadoop.security.UserGroupInformation.doAs(UserGroupInformation.java:1878) [hadoop-common-3.3.4.jar:?]
	at org.apache.hadoop.ipc.Server$Handler.run(Server.java:2976) [hadoop-common-3.3.4.jar:?]
2023-03-15 05:44:51,446 [IPC Server handler 15 on default port 39193] ERROR key.OMKeyDeleteRequestWithFSO (OMKeyDeleteRequestWithFSO.java:validateAndUpdateCache(201)) - Key delete failed. Volume:volume61968, Bucket:bucket63791, Key:testBatchDelete/parent.
KEY_NOT_FOUND org.apache.hadoop.ozone.om.exceptions.OMException: Unable to get file status: volume: volume61968 bucket: bucket63791 key: testBatchDelete/parent
	at org.apache.hadoop.ozone.om.OzonePrefixPathImpl.<init>(OzonePrefixPathImpl.java:67)
	at org.apache.hadoop.ozone.om.request.OMClientRequest.checkACLsWithFSO(OMClientRequest.java:236)
	at org.apache.hadoop.ozone.om.request.key.OMKeyDeleteRequestWithFSO.validateAndUpdateCache(OMKeyDeleteRequestWithFSO.java:103)
	at org.apache.hadoop.ozone.protocolPB.OzoneManagerRequestHandler.handleWriteRequest(OzoneManagerRequestHandler.java:337)
	at org.apache.hadoop.ozone.protocolPB.OzoneManagerProtocolServerSideTranslatorPB.submitRequestDirectlyToOM(OzoneManagerProtocolServerSideTranslatorPB.java:278)
	at org.apache.hadoop.ozone.protocolPB.OzoneManagerProtocolServerSideTranslatorPB.processRequest(OzoneManagerProtocolServerSideTranslatorPB.java:173)
	at org.apache.hadoop.hdds.server.OzoneProtocolMessageDispatcher.processRequest(OzoneProtocolMessageDispatcher.java:87)
	at org.apache.hadoop.ozone.protocolPB.OzoneManagerProtocolServerSideTranslatorPB.submitRequest(OzoneManagerProtocolServerSideTranslatorPB.java:147)
	at org.apache.hadoop.ozone.protocol.proto.OzoneManagerProtocolProtos$OzoneManagerService$2.callBlockingMethod(OzoneManagerProtocolProtos.java)
	at org.apache.hadoop.ipc.ProtobufRpcEngine$Server.processCall(ProtobufRpcEngine.java:465)
	at org.apache.hadoop.ipc.ProtobufRpcEngine2$Server$ProtoBufRpcInvoker.call(ProtobufRpcEngine2.java:578)
	at org.apache.hadoop.ipc.ProtobufRpcEngine2$Server$ProtoBufRpcInvoker.call(ProtobufRpcEngine2.java:556)
	at org.apache.hadoop.ipc.RPC$Server.call(RPC.java:1093)
	at org.apache.hadoop.ipc.Server$RpcCall.run(Server.java:1043)
	at org.apache.hadoop.ipc.Server$RpcCall.run(Server.java:971)
	at java.security.AccessController.doPrivileged(Native Method)
	at javax.security.auth.Subject.doAs(Subject.java:422)
	at org.apache.hadoop.security.UserGroupInformation.doAs(UserGroupInformation.java:1878)
	at org.apache.hadoop.ipc.Server$Handler.run(Server.java:2976)
2023-03-15 05:44:51,446 [Time-limited test] ERROR ozone.BasicOzoneClientAdapterImpl (BasicOzoneClientAdapterImpl.java:deleteObject(354)) - delete key failed Unable to get file status: volume: volume61968 bucket: bucket63791 key: testBatchDelete/parent
]]></system-out>
  </testcase>
  <testcase name="testListStatusIteratorOnPageSize" classname="TestOzoneFileSystemWithFSO" time="17.364">
    <system-out><![CDATA[2023-03-15 05:44:09,470 [Under Replicated Processor] INFO  replication.UnhealthyReplicationProcessor (UnhealthyReplicationProcessor.java:processAll(113)) - Processed 0 containers with health state counts {},failed processing 0
2023-03-15 05:44:09,478 [Over Replicated Processor] INFO  replication.UnhealthyReplicationProcessor (UnhealthyReplicationProcessor.java:processAll(113)) - Processed 0 containers with health state counts {},failed processing 0
]]></system-out>
  </testcase>
  <testcase name="testListStatusIteratorOnPageSize" classname="TestOzoneFileSystemWithFSO" time="7.199"/>
  <testcase name="testRenameToTrashEnabled" classname="TestOzoneFileSystemWithFSO" time="0.121">
    <system-out><![CDATA[05:44:23.679 [IPC Server handler 0 on default port 43369] ERROR OMAudit - user=runner | ip=127.0.0.1 | op=GET_FILE_STATUS {volume=volume35147, bucket=bucket98126, key=.Trash/runner/Current/testKey1, dataSize=0, replicationConfig=null} | ret=FAILURE
org.apache.hadoop.ozone.om.exceptions.OMException: Unable to get file status: volume: volume35147 bucket: bucket98126 key: .Trash/runner/Current/testKey1
	at org.apache.hadoop.ozone.om.KeyManagerImpl.getOzoneFileStatusFSO(KeyManagerImpl.java:1320) ~[ozone-manager-1.4.0-SNAPSHOT.jar:?]
	at org.apache.hadoop.ozone.om.KeyManagerImpl.getFileStatus(KeyManagerImpl.java:1112) ~[ozone-manager-1.4.0-SNAPSHOT.jar:?]
	at org.apache.hadoop.ozone.om.OmMetadataReader.getFileStatus(OmMetadataReader.java:288) ~[ozone-manager-1.4.0-SNAPSHOT.jar:?]
	at org.apache.hadoop.ozone.om.OzoneManager.getFileStatus(OzoneManager.java:3494) ~[ozone-manager-1.4.0-SNAPSHOT.jar:?]
	at org.apache.hadoop.ozone.protocolPB.OzoneManagerRequestHandler.getOzoneFileStatus(OzoneManagerRequestHandler.java:933) ~[ozone-manager-1.4.0-SNAPSHOT.jar:?]
	at org.apache.hadoop.ozone.protocolPB.OzoneManagerRequestHandler.handleReadRequest(OzoneManagerRequestHandler.java:238) ~[ozone-manager-1.4.0-SNAPSHOT.jar:?]
	at org.apache.hadoop.ozone.protocolPB.OzoneManagerProtocolServerSideTranslatorPB.submitReadRequestToOM(OzoneManagerProtocolServerSideTranslatorPB.java:223) ~[ozone-manager-1.4.0-SNAPSHOT.jar:?]
	at org.apache.hadoop.ozone.protocolPB.OzoneManagerProtocolServerSideTranslatorPB.processRequest(OzoneManagerProtocolServerSideTranslatorPB.java:177) ~[ozone-manager-1.4.0-SNAPSHOT.jar:?]
	at org.apache.hadoop.hdds.server.OzoneProtocolMessageDispatcher.processRequest(OzoneProtocolMessageDispatcher.java:87) [hdds-server-framework-1.4.0-SNAPSHOT.jar:?]
	at org.apache.hadoop.ozone.protocolPB.OzoneManagerProtocolServerSideTranslatorPB.submitRequest(OzoneManagerProtocolServerSideTranslatorPB.java:147) [ozone-manager-1.4.0-SNAPSHOT.jar:?]
	at org.apache.hadoop.ozone.protocol.proto.OzoneManagerProtocolProtos$OzoneManagerService$2.callBlockingMethod(OzoneManagerProtocolProtos.java) [ozone-interface-client-1.4.0-SNAPSHOT.jar:?]
	at org.apache.hadoop.ipc.ProtobufRpcEngine$Server.processCall(ProtobufRpcEngine.java:465) [hadoop-common-3.3.4.jar:?]
	at org.apache.hadoop.ipc.ProtobufRpcEngine2$Server$ProtoBufRpcInvoker.call(ProtobufRpcEngine2.java:578) [hadoop-common-3.3.4.jar:?]
	at org.apache.hadoop.ipc.ProtobufRpcEngine2$Server$ProtoBufRpcInvoker.call(ProtobufRpcEngine2.java:556) [hadoop-common-3.3.4.jar:?]
	at org.apache.hadoop.ipc.RPC$Server.call(RPC.java:1093) [hadoop-common-3.3.4.jar:?]
	at org.apache.hadoop.ipc.Server$RpcCall.run(Server.java:1043) [hadoop-common-3.3.4.jar:?]
	at org.apache.hadoop.ipc.Server$RpcCall.run(Server.java:971) [hadoop-common-3.3.4.jar:?]
	at java.security.AccessController.doPrivileged(Native Method) ~[?:1.8.0_362]
	at javax.security.auth.Subject.doAs(Subject.java:422) [?:1.8.0_362]
	at org.apache.hadoop.security.UserGroupInformation.doAs(UserGroupInformation.java:1878) [hadoop-common-3.3.4.jar:?]
	at org.apache.hadoop.ipc.Server$Handler.run(Server.java:2976) [hadoop-common-3.3.4.jar:?]
2023-03-15 05:44:23,682 [Time-limited test] INFO  om.TrashPolicyOzone (TrashPolicyOzone.java:moveToTrash(209)) - Moved: '/testKey1' to trash at: /.Trash/runner/Current/testKey1
]]></system-out>
  </testcase>
  <testcase name="testRenameToTrashEnabled" classname="TestOzoneFileSystemWithFSO" time="0.086">
    <system-out><![CDATA[05:44:58.725 [IPC Server handler 13 on default port 39193] ERROR OMAudit - user=runner | ip=127.0.0.1 | op=GET_FILE_STATUS {volume=volume61968, bucket=bucket63791, key=.Trash/runner/Current/testKey1, dataSize=0, replicationConfig=null} | ret=FAILURE
org.apache.hadoop.ozone.om.exceptions.OMException: Unable to get file status: volume: volume61968 bucket: bucket63791 key: .Trash/runner/Current/testKey1
	at org.apache.hadoop.ozone.om.KeyManagerImpl.getOzoneFileStatusFSO(KeyManagerImpl.java:1320) ~[ozone-manager-1.4.0-SNAPSHOT.jar:?]
	at org.apache.hadoop.ozone.om.KeyManagerImpl.getFileStatus(KeyManagerImpl.java:1112) ~[ozone-manager-1.4.0-SNAPSHOT.jar:?]
	at org.apache.hadoop.ozone.om.OmMetadataReader.getFileStatus(OmMetadataReader.java:288) ~[ozone-manager-1.4.0-SNAPSHOT.jar:?]
	at org.apache.hadoop.ozone.om.OzoneManager.getFileStatus(OzoneManager.java:3494) ~[ozone-manager-1.4.0-SNAPSHOT.jar:?]
	at org.apache.hadoop.ozone.protocolPB.OzoneManagerRequestHandler.getOzoneFileStatus(OzoneManagerRequestHandler.java:933) ~[ozone-manager-1.4.0-SNAPSHOT.jar:?]
	at org.apache.hadoop.ozone.protocolPB.OzoneManagerRequestHandler.handleReadRequest(OzoneManagerRequestHandler.java:238) ~[ozone-manager-1.4.0-SNAPSHOT.jar:?]
	at org.apache.hadoop.ozone.protocolPB.OzoneManagerProtocolServerSideTranslatorPB.submitRequestDirectlyToOM(OzoneManagerProtocolServerSideTranslatorPB.java:272) ~[ozone-manager-1.4.0-SNAPSHOT.jar:?]
	at org.apache.hadoop.ozone.protocolPB.OzoneManagerProtocolServerSideTranslatorPB.processRequest(OzoneManagerProtocolServerSideTranslatorPB.java:173) ~[ozone-manager-1.4.0-SNAPSHOT.jar:?]
	at org.apache.hadoop.hdds.server.OzoneProtocolMessageDispatcher.processRequest(OzoneProtocolMessageDispatcher.java:87) [hdds-server-framework-1.4.0-SNAPSHOT.jar:?]
	at org.apache.hadoop.ozone.protocolPB.OzoneManagerProtocolServerSideTranslatorPB.submitRequest(OzoneManagerProtocolServerSideTranslatorPB.java:147) [ozone-manager-1.4.0-SNAPSHOT.jar:?]
	at org.apache.hadoop.ozone.protocol.proto.OzoneManagerProtocolProtos$OzoneManagerService$2.callBlockingMethod(OzoneManagerProtocolProtos.java) [ozone-interface-client-1.4.0-SNAPSHOT.jar:?]
	at org.apache.hadoop.ipc.ProtobufRpcEngine$Server.processCall(ProtobufRpcEngine.java:465) [hadoop-common-3.3.4.jar:?]
	at org.apache.hadoop.ipc.ProtobufRpcEngine2$Server$ProtoBufRpcInvoker.call(ProtobufRpcEngine2.java:578) [hadoop-common-3.3.4.jar:?]
	at org.apache.hadoop.ipc.ProtobufRpcEngine2$Server$ProtoBufRpcInvoker.call(ProtobufRpcEngine2.java:556) [hadoop-common-3.3.4.jar:?]
	at org.apache.hadoop.ipc.RPC$Server.call(RPC.java:1093) [hadoop-common-3.3.4.jar:?]
	at org.apache.hadoop.ipc.Server$RpcCall.run(Server.java:1043) [hadoop-common-3.3.4.jar:?]
	at org.apache.hadoop.ipc.Server$RpcCall.run(Server.java:971) [hadoop-common-3.3.4.jar:?]
	at java.security.AccessController.doPrivileged(Native Method) ~[?:1.8.0_362]
	at javax.security.auth.Subject.doAs(Subject.java:422) [?:1.8.0_362]
	at org.apache.hadoop.security.UserGroupInformation.doAs(UserGroupInformation.java:1878) [hadoop-common-3.3.4.jar:?]
	at org.apache.hadoop.ipc.Server$Handler.run(Server.java:2976) [hadoop-common-3.3.4.jar:?]
2023-03-15 05:44:58,726 [Time-limited test] INFO  om.TrashPolicyOzone (TrashPolicyOzone.java:moveToTrash(209)) - Moved: '/testKey1' to trash at: /.Trash/runner/Current/testKey1
]]></system-out>
  </testcase>
  <testcase name="testRenameSourceAndDestinAreSame" classname="TestOzoneFileSystemWithFSO" time="0.016">
    <system-out><![CDATA[2023-03-15 05:44:23,706 [OM StateMachine ApplyTransaction Thread - 0] INFO  key.OMKeyRequest (OMKeyRequest.java:wrapUncommittedBlocksAsPseudoKey(838)) - Detect allocated but uncommitted blocks [{blockID={containerID=3, localID=111677748019200072}, length=4194304, offset=0, token=null, pipeline=null, createVersion=0, partNumber=0}] in key root/dir1/dir2/file1.
]]></system-out>
  </testcase>
  <testcase name="testRenameSourceAndDestinAreSame" classname="TestOzoneFileSystemWithFSO" time="0.009">
    <system-out><![CDATA[2023-03-15 05:44:58,740 [IPC Server handler 1 on default port 39193] INFO  key.OMKeyRequest (OMKeyRequest.java:wrapUncommittedBlocksAsPseudoKey(838)) - Detect allocated but uncommitted blocks [{blockID={containerID=2, localID=111677748019200072}, length=4194304, offset=0, token=null, pipeline=null, createVersion=0, partNumber=0}] in key root/dir1/dir2/file1.
]]></system-out>
  </testcase>
  <testcase name="testListStatusIteratorWithDir" classname="TestOzoneFileSystemWithFSO" time="0.03">
    <system-out><![CDATA[2023-03-15 05:44:23,720 [OM StateMachine ApplyTransaction Thread - 0] INFO  key.OMKeyRequest (OMKeyRequest.java:wrapUncommittedBlocksAsPseudoKey(838)) - Detect allocated but uncommitted blocks [{blockID={containerID=4, localID=111677748019200073}, length=4194304, offset=0, token=null, pipeline=null, createVersion=0, partNumber=0}] in key testListStatus/key1.
2023-03-15 05:44:23,725 [OM StateMachine ApplyTransaction Thread - 0] INFO  key.OMKeyRequest (OMKeyRequest.java:wrapUncommittedBlocksAsPseudoKey(838)) - Detect allocated but uncommitted blocks [{blockID={containerID=3, localID=111677748019200074}, length=4194304, offset=0, token=null, pipeline=null, createVersion=0, partNumber=0}] in key testListStatus/key2.
2023-03-15 05:44:23,731 [OM StateMachine ApplyTransaction Thread - 0] INFO  key.OMKeyRequest (OMKeyRequest.java:wrapUncommittedBlocksAsPseudoKey(838)) - Detect allocated but uncommitted blocks [{blockID={containerID=1, localID=111677748019200075}, length=4194304, offset=0, token=null, pipeline=null, createVersion=0, partNumber=0}] in key testListStatus/dir1/key3.
2023-03-15 05:44:23,736 [OM StateMachine ApplyTransaction Thread - 0] INFO  key.OMKeyRequest (OMKeyRequest.java:wrapUncommittedBlocksAsPseudoKey(838)) - Detect allocated but uncommitted blocks [{blockID={containerID=2, localID=111677748019200076}, length=4194304, offset=0, token=null, pipeline=null, createVersion=0, partNumber=0}] in key testListStatus/dir1/key4.
]]></system-out>
  </testcase>
  <testcase name="testListStatusIteratorWithDir" classname="TestOzoneFileSystemWithFSO" time="0.028">
    <system-out><![CDATA[2023-03-15 05:44:58,749 [IPC Server handler 10 on default port 39193] INFO  key.OMKeyRequest (OMKeyRequest.java:wrapUncommittedBlocksAsPseudoKey(838)) - Detect allocated but uncommitted blocks [{blockID={containerID=1, localID=111677748019200073}, length=4194304, offset=0, token=null, pipeline=null, createVersion=0, partNumber=0}] in key testListStatus/key1.
2023-03-15 05:44:58,753 [IPC Server handler 11 on default port 39193] INFO  key.OMKeyRequest (OMKeyRequest.java:wrapUncommittedBlocksAsPseudoKey(838)) - Detect allocated but uncommitted blocks [{blockID={containerID=4, localID=111677748019200074}, length=4194304, offset=0, token=null, pipeline=null, createVersion=0, partNumber=0}] in key testListStatus/key2.
2023-03-15 05:44:58,763 [IPC Server handler 17 on default port 39193] INFO  key.OMKeyRequest (OMKeyRequest.java:wrapUncommittedBlocksAsPseudoKey(838)) - Detect allocated but uncommitted blocks [{blockID={containerID=3, localID=111677748019200075}, length=4194304, offset=0, token=null, pipeline=null, createVersion=0, partNumber=0}] in key testListStatus/dir1/key3.
2023-03-15 05:44:58,767 [IPC Server handler 18 on default port 39193] INFO  key.OMKeyRequest (OMKeyRequest.java:wrapUncommittedBlocksAsPseudoKey(838)) - Detect allocated but uncommitted blocks [{blockID={containerID=4, localID=111677748019200076}, length=4194304, offset=0, token=null, pipeline=null, createVersion=0, partNumber=0}] in key testListStatus/dir1/key4.
]]></system-out>
  </testcase>
  <testcase name="testCreateKeyShouldUseRefreshedBucketReplicationConfig" classname="TestOzoneFileSystemWithFSO" time="0.279">
    <system-out><![CDATA[2023-03-15 05:44:23,764 [Time-limited test] INFO  rpc.RpcClient (RpcClient.java:createVolume(476)) - Creating Volume: volume33449, with user27769 as owner and space quota set to -1 bytes, counts quota set to -1
2023-03-15 05:44:23,767 [OM StateMachine ApplyTransaction Thread - 0] INFO  volume.OMVolumeCreateRequest (OMVolumeCreateRequest.java:validateAndUpdateCache(195)) - created volume:volume33449 for user:user27769
2023-03-15 05:44:23,769 [Time-limited test] INFO  rpc.RpcClient (RpcClient.java:createBucket(698)) - Creating Bucket: volume33449/bucket05574, with bucket layout FILE_SYSTEM_OPTIMIZED, runner as owner, Versioning false, Storage Type set to DISK and Encryption set to false, Replication Type set to server-side default replication type, Namespace Quota set to -1, Space Quota set to -1 
2023-03-15 05:44:23,770 [OM StateMachine ApplyTransaction Thread - 0] INFO  bucket.OMBucketCreateRequest (OMBucketCreateRequest.java:validateAndUpdateCache(263)) - created bucket: bucket05574 of layout FILE_SYSTEM_OPTIMIZED in volume: volume33449
2023-03-15 05:44:23,797 [OM StateMachine ApplyTransaction Thread - 0] INFO  key.OMKeyRequest (OMKeyRequest.java:wrapUncommittedBlocksAsPseudoKey(838)) - Detect allocated but uncommitted blocks [{blockID={containerID=1, localID=111677748019200077}, length=4194304, offset=0, token=null, pipeline=null, createVersion=0, partNumber=0}] in key key.
2023-03-15 05:44:23,827 [OM StateMachine ApplyTransaction Thread - 0] INFO  key.OMKeyRequest (OMKeyRequest.java:wrapUncommittedBlocksAsPseudoKey(838)) - Detect allocated but uncommitted blocks [{blockID={containerID=4, localID=111677748019200078}, length=4194304, offset=0, token=null, pipeline=null, createVersion=0, partNumber=0}] in key key1.
2023-03-15 05:44:23,836 [IPC Server handler 17 on default port 34451] INFO  pipeline.PipelineStateManagerImpl (PipelineStateManagerImpl.java:addPipeline(103)) - Created pipeline Pipeline[ Id: abaf5600-f7d2-4ebe-bdf0-644938792583, Nodes: 749a2a4e-326e-405d-8b3d-6482ea274e37(fv-az390-885.2udvygdcjcjuphbbpa4zxtqymb.gx.internal.cloudapp.net/10.1.0.18)f4b4952b-3e5d-4d4d-87e6-725506190fb6(fv-az390-885.2udvygdcjcjuphbbpa4zxtqymb.gx.internal.cloudapp.net/10.1.0.18)a88b317b-310e-4f91-ab19-5adcbba379a7(fv-az390-885.2udvygdcjcjuphbbpa4zxtqymb.gx.internal.cloudapp.net/10.1.0.18)fd98b1c5-5b85-4a01-ae78-de2614481a07(fv-az390-885.2udvygdcjcjuphbbpa4zxtqymb.gx.internal.cloudapp.net/10.1.0.18)93bbdb4e-ae1d-4286-84a2-0f7fae60ad59(fv-az390-885.2udvygdcjcjuphbbpa4zxtqymb.gx.internal.cloudapp.net/10.1.0.18), ReplicationConfig: EC{rs-3-2-1048576}, State:ALLOCATED, leaderId:, CreationTimestamp2023-03-15T05:44:23.835Z[Etc/UTC]].
2023-03-15 05:44:23,837 [IPC Server handler 17 on default port 34451] INFO  pipeline.PipelineManagerImpl (PipelineManagerImpl.java:openPipeline(367)) - Pipeline Pipeline[ Id: abaf5600-f7d2-4ebe-bdf0-644938792583, Nodes: 749a2a4e-326e-405d-8b3d-6482ea274e37(fv-az390-885.2udvygdcjcjuphbbpa4zxtqymb.gx.internal.cloudapp.net/10.1.0.18)f4b4952b-3e5d-4d4d-87e6-725506190fb6(fv-az390-885.2udvygdcjcjuphbbpa4zxtqymb.gx.internal.cloudapp.net/10.1.0.18)a88b317b-310e-4f91-ab19-5adcbba379a7(fv-az390-885.2udvygdcjcjuphbbpa4zxtqymb.gx.internal.cloudapp.net/10.1.0.18)fd98b1c5-5b85-4a01-ae78-de2614481a07(fv-az390-885.2udvygdcjcjuphbbpa4zxtqymb.gx.internal.cloudapp.net/10.1.0.18)93bbdb4e-ae1d-4286-84a2-0f7fae60ad59(fv-az390-885.2udvygdcjcjuphbbpa4zxtqymb.gx.internal.cloudapp.net/10.1.0.18), ReplicationConfig: EC{rs-3-2-1048576}, State:ALLOCATED, leaderId:, CreationTimestamp2023-03-15T05:44:23.835Z[Etc/UTC]] moved to OPEN state
2023-03-15 05:44:23,886 [Time-limited test] WARN  erasurecode.ErasureCodeNative (ErasureCodeNative.java:<clinit>(55)) - ISA-L support is not available in your platform... using builtin-java codec where applicable
2023-03-15 05:44:23,979 [OM StateMachine ApplyTransaction Thread - 0] INFO  key.OMKeyRequest (OMKeyRequest.java:wrapUncommittedBlocksAsPseudoKey(838)) - Detect allocated but uncommitted blocks [{blockID={containerID=8, localID=111677748019200079}, length=4194304, offset=0, token=null, pipeline=null, createVersion=0, partNumber=0}] in key key2.
2023-03-15 05:44:23,985 [IPC Server handler 19 on default port 34451] INFO  pipeline.PipelineStateManagerImpl (PipelineStateManagerImpl.java:addPipeline(103)) - Created pipeline Pipeline[ Id: 8631a04a-da08-4f32-bcf9-27ed5261d58b, Nodes: a88b317b-310e-4f91-ab19-5adcbba379a7(fv-az390-885.2udvygdcjcjuphbbpa4zxtqymb.gx.internal.cloudapp.net/10.1.0.18)749a2a4e-326e-405d-8b3d-6482ea274e37(fv-az390-885.2udvygdcjcjuphbbpa4zxtqymb.gx.internal.cloudapp.net/10.1.0.18)fd98b1c5-5b85-4a01-ae78-de2614481a07(fv-az390-885.2udvygdcjcjuphbbpa4zxtqymb.gx.internal.cloudapp.net/10.1.0.18)f4b4952b-3e5d-4d4d-87e6-725506190fb6(fv-az390-885.2udvygdcjcjuphbbpa4zxtqymb.gx.internal.cloudapp.net/10.1.0.18)93bbdb4e-ae1d-4286-84a2-0f7fae60ad59(fv-az390-885.2udvygdcjcjuphbbpa4zxtqymb.gx.internal.cloudapp.net/10.1.0.18), ReplicationConfig: EC{rs-3-2-1048576}, State:ALLOCATED, leaderId:, CreationTimestamp2023-03-15T05:44:23.984Z[Etc/UTC]].
2023-03-15 05:44:23,986 [IPC Server handler 19 on default port 34451] INFO  pipeline.PipelineManagerImpl (PipelineManagerImpl.java:openPipeline(367)) - Pipeline Pipeline[ Id: 8631a04a-da08-4f32-bcf9-27ed5261d58b, Nodes: a88b317b-310e-4f91-ab19-5adcbba379a7(fv-az390-885.2udvygdcjcjuphbbpa4zxtqymb.gx.internal.cloudapp.net/10.1.0.18)749a2a4e-326e-405d-8b3d-6482ea274e37(fv-az390-885.2udvygdcjcjuphbbpa4zxtqymb.gx.internal.cloudapp.net/10.1.0.18)fd98b1c5-5b85-4a01-ae78-de2614481a07(fv-az390-885.2udvygdcjcjuphbbpa4zxtqymb.gx.internal.cloudapp.net/10.1.0.18)f4b4952b-3e5d-4d4d-87e6-725506190fb6(fv-az390-885.2udvygdcjcjuphbbpa4zxtqymb.gx.internal.cloudapp.net/10.1.0.18)93bbdb4e-ae1d-4286-84a2-0f7fae60ad59(fv-az390-885.2udvygdcjcjuphbbpa4zxtqymb.gx.internal.cloudapp.net/10.1.0.18), ReplicationConfig: EC{rs-3-2-1048576}, State:ALLOCATED, leaderId:, CreationTimestamp2023-03-15T05:44:23.984Z[Etc/UTC]] moved to OPEN state
2023-03-15 05:44:24,008 [OM StateMachine ApplyTransaction Thread - 0] INFO  key.OMKeyRequest (OMKeyRequest.java:wrapUncommittedBlocksAsPseudoKey(838)) - Detect allocated but uncommitted blocks [{blockID={containerID=9, localID=111677748019200080}, length=4194304, offset=0, token=null, pipeline=null, createVersion=0, partNumber=0}] in key key3.
2023-03-15 05:44:24,016 [OM StateMachine ApplyTransaction Thread - 0] INFO  key.OMKeyRequest (OMKeyRequest.java:wrapUncommittedBlocksAsPseudoKey(838)) - Detect allocated but uncommitted blocks [{blockID={containerID=3, localID=111677748019200081}, length=4194304, offset=0, token=null, pipeline=null, createVersion=0, partNumber=0}] in key key4.
]]></system-out>
  </testcase>
  <testcase name="testCreateKeyShouldUseRefreshedBucketReplicationConfig" classname="TestOzoneFileSystemWithFSO" time="0.122">
    <system-out><![CDATA[2023-03-15 05:44:58,796 [Time-limited test] INFO  rpc.RpcClient (RpcClient.java:createVolume(476)) - Creating Volume: volume86812, with user49173 as owner and space quota set to -1 bytes, counts quota set to -1
2023-03-15 05:44:58,797 [IPC Server handler 5 on default port 39193] INFO  volume.OMVolumeCreateRequest (OMVolumeCreateRequest.java:validateAndUpdateCache(195)) - created volume:volume86812 for user:user49173
2023-03-15 05:44:58,798 [Time-limited test] INFO  rpc.RpcClient (RpcClient.java:createBucket(698)) - Creating Bucket: volume86812/bucket66054, with bucket layout FILE_SYSTEM_OPTIMIZED, runner as owner, Versioning false, Storage Type set to DISK and Encryption set to false, Replication Type set to server-side default replication type, Namespace Quota set to -1, Space Quota set to -1 
2023-03-15 05:44:58,799 [IPC Server handler 7 on default port 39193] INFO  bucket.OMBucketCreateRequest (OMBucketCreateRequest.java:validateAndUpdateCache(263)) - created bucket: bucket66054 of layout FILE_SYSTEM_OPTIMIZED in volume: volume86812
2023-03-15 05:44:58,822 [IPC Server handler 13 on default port 39193] INFO  key.OMKeyRequest (OMKeyRequest.java:wrapUncommittedBlocksAsPseudoKey(838)) - Detect allocated but uncommitted blocks [{blockID={containerID=2, localID=111677748019200077}, length=4194304, offset=0, token=null, pipeline=null, createVersion=0, partNumber=0}] in key key.
2023-03-15 05:44:58,826 [IPC Server handler 16 on default port 39193] INFO  key.OMKeyRequest (OMKeyRequest.java:wrapUncommittedBlocksAsPseudoKey(838)) - Detect allocated but uncommitted blocks [{blockID={containerID=1, localID=111677748019200078}, length=4194304, offset=0, token=null, pipeline=null, createVersion=0, partNumber=0}] in key key1.
2023-03-15 05:44:58,832 [IPC Server handler 19 on default port 33291] INFO  pipeline.PipelineStateManagerImpl (PipelineStateManagerImpl.java:addPipeline(103)) - Created pipeline Pipeline[ Id: 406cd303-e1e3-4f92-87a6-bc0c54fc5318, Nodes: c612d8d5-a02f-487c-9690-98407afc9b63(fv-az390-885.2udvygdcjcjuphbbpa4zxtqymb.gx.internal.cloudapp.net/10.1.0.18)5d6f94a2-048f-4621-ba55-83f2059cba08(fv-az390-885.2udvygdcjcjuphbbpa4zxtqymb.gx.internal.cloudapp.net/10.1.0.18)21006111-8cd4-4582-9969-7940c2dbc712(fv-az390-885.2udvygdcjcjuphbbpa4zxtqymb.gx.internal.cloudapp.net/10.1.0.18)0abd910a-099e-433f-90a2-1c025d1dc7f3(fv-az390-885.2udvygdcjcjuphbbpa4zxtqymb.gx.internal.cloudapp.net/10.1.0.18)894a1aca-b7ee-471e-bca8-24ba935f080a(fv-az390-885.2udvygdcjcjuphbbpa4zxtqymb.gx.internal.cloudapp.net/10.1.0.18), ReplicationConfig: EC{rs-3-2-1048576}, State:ALLOCATED, leaderId:, CreationTimestamp2023-03-15T05:44:58.829Z[Etc/UTC]].
2023-03-15 05:44:58,833 [IPC Server handler 19 on default port 33291] INFO  pipeline.PipelineManagerImpl (PipelineManagerImpl.java:openPipeline(367)) - Pipeline Pipeline[ Id: 406cd303-e1e3-4f92-87a6-bc0c54fc5318, Nodes: c612d8d5-a02f-487c-9690-98407afc9b63(fv-az390-885.2udvygdcjcjuphbbpa4zxtqymb.gx.internal.cloudapp.net/10.1.0.18)5d6f94a2-048f-4621-ba55-83f2059cba08(fv-az390-885.2udvygdcjcjuphbbpa4zxtqymb.gx.internal.cloudapp.net/10.1.0.18)21006111-8cd4-4582-9969-7940c2dbc712(fv-az390-885.2udvygdcjcjuphbbpa4zxtqymb.gx.internal.cloudapp.net/10.1.0.18)0abd910a-099e-433f-90a2-1c025d1dc7f3(fv-az390-885.2udvygdcjcjuphbbpa4zxtqymb.gx.internal.cloudapp.net/10.1.0.18)894a1aca-b7ee-471e-bca8-24ba935f080a(fv-az390-885.2udvygdcjcjuphbbpa4zxtqymb.gx.internal.cloudapp.net/10.1.0.18), ReplicationConfig: EC{rs-3-2-1048576}, State:ALLOCATED, leaderId:, CreationTimestamp2023-03-15T05:44:58.829Z[Etc/UTC]] moved to OPEN state
2023-03-15 05:44:58,854 [IPC Server handler 2 on default port 39193] INFO  key.OMKeyRequest (OMKeyRequest.java:wrapUncommittedBlocksAsPseudoKey(838)) - Detect allocated but uncommitted blocks [{blockID={containerID=8, localID=111677748019200079}, length=4194304, offset=0, token=null, pipeline=null, createVersion=0, partNumber=0}] in key key2.
2023-03-15 05:44:58,861 [IPC Server handler 0 on default port 33291] INFO  pipeline.PipelineStateManagerImpl (PipelineStateManagerImpl.java:addPipeline(103)) - Created pipeline Pipeline[ Id: 884d2deb-d1c2-4eb6-a9b7-20d111edd363, Nodes: 5d6f94a2-048f-4621-ba55-83f2059cba08(fv-az390-885.2udvygdcjcjuphbbpa4zxtqymb.gx.internal.cloudapp.net/10.1.0.18)c612d8d5-a02f-487c-9690-98407afc9b63(fv-az390-885.2udvygdcjcjuphbbpa4zxtqymb.gx.internal.cloudapp.net/10.1.0.18)21006111-8cd4-4582-9969-7940c2dbc712(fv-az390-885.2udvygdcjcjuphbbpa4zxtqymb.gx.internal.cloudapp.net/10.1.0.18)0abd910a-099e-433f-90a2-1c025d1dc7f3(fv-az390-885.2udvygdcjcjuphbbpa4zxtqymb.gx.internal.cloudapp.net/10.1.0.18)894a1aca-b7ee-471e-bca8-24ba935f080a(fv-az390-885.2udvygdcjcjuphbbpa4zxtqymb.gx.internal.cloudapp.net/10.1.0.18), ReplicationConfig: EC{rs-3-2-1048576}, State:ALLOCATED, leaderId:, CreationTimestamp2023-03-15T05:44:58.860Z[Etc/UTC]].
2023-03-15 05:44:58,861 [IPC Server handler 0 on default port 33291] INFO  pipeline.PipelineManagerImpl (PipelineManagerImpl.java:openPipeline(367)) - Pipeline Pipeline[ Id: 884d2deb-d1c2-4eb6-a9b7-20d111edd363, Nodes: 5d6f94a2-048f-4621-ba55-83f2059cba08(fv-az390-885.2udvygdcjcjuphbbpa4zxtqymb.gx.internal.cloudapp.net/10.1.0.18)c612d8d5-a02f-487c-9690-98407afc9b63(fv-az390-885.2udvygdcjcjuphbbpa4zxtqymb.gx.internal.cloudapp.net/10.1.0.18)21006111-8cd4-4582-9969-7940c2dbc712(fv-az390-885.2udvygdcjcjuphbbpa4zxtqymb.gx.internal.cloudapp.net/10.1.0.18)0abd910a-099e-433f-90a2-1c025d1dc7f3(fv-az390-885.2udvygdcjcjuphbbpa4zxtqymb.gx.internal.cloudapp.net/10.1.0.18)894a1aca-b7ee-471e-bca8-24ba935f080a(fv-az390-885.2udvygdcjcjuphbbpa4zxtqymb.gx.internal.cloudapp.net/10.1.0.18), ReplicationConfig: EC{rs-3-2-1048576}, State:ALLOCATED, leaderId:, CreationTimestamp2023-03-15T05:44:58.860Z[Etc/UTC]] moved to OPEN state
2023-03-15 05:44:58,886 [IPC Server handler 5 on default port 39193] INFO  key.OMKeyRequest (OMKeyRequest.java:wrapUncommittedBlocksAsPseudoKey(838)) - Detect allocated but uncommitted blocks [{blockID={containerID=9, localID=111677748019200080}, length=4194304, offset=0, token=null, pipeline=null, createVersion=0, partNumber=0}] in key key3.
2023-03-15 05:44:58,891 [IPC Server handler 9 on default port 39193] INFO  key.OMKeyRequest (OMKeyRequest.java:wrapUncommittedBlocksAsPseudoKey(838)) - Detect allocated but uncommitted blocks [{blockID={containerID=2, localID=111677748019200081}, length=4194304, offset=0, token=null, pipeline=null, createVersion=0, partNumber=0}] in key key4.
]]></system-out>
  </testcase>
  <testcase name="testListStatusIteratorOnRoot" classname="TestOzoneFileSystemWithFSO" time="0.012"/>
  <testcase name="testListStatusIteratorOnRoot" classname="TestOzoneFileSystemWithFSO" time="0.005"/>
  <testcase name="testRenameDirToFile" classname="TestOzoneFileSystemWithFSO" time="0.019">
    <system-out><![CDATA[2023-03-15 05:44:24,041 [OM StateMachine ApplyTransaction Thread - 0] INFO  key.OMKeyRequest (OMKeyRequest.java:wrapUncommittedBlocksAsPseudoKey(838)) - Detect allocated but uncommitted blocks [{blockID={containerID=4, localID=111677748019200082}, length=4194304, offset=0, token=null, pipeline=null, createVersion=0, partNumber=0}] in key root/file1.
05:44:24.044 [OM StateMachine ApplyTransaction Thread - 0] ERROR OMAudit - user=runner | ip=127.0.0.1 | op=RENAME_KEY {volume=volume35147, bucket=bucket98126, dataSize=0, replicationType=NONE, replicationFactor=ZERO, srcKey=a/b/c, dstKey=root/file1} | ret=FAILURE
org.apache.hadoop.ozone.om.exceptions.OMException: Failed to rename, key already exists root/file1
	at org.apache.hadoop.ozone.om.request.key.OMKeyRenameRequestWithFSO.validateAndUpdateCache(OMKeyRenameRequestWithFSO.java:193) ~[ozone-manager-1.4.0-SNAPSHOT.jar:?]
	at org.apache.hadoop.ozone.protocolPB.OzoneManagerRequestHandler.handleWriteRequest(OzoneManagerRequestHandler.java:337) ~[ozone-manager-1.4.0-SNAPSHOT.jar:?]
	at org.apache.hadoop.ozone.om.ratis.OzoneManagerStateMachine.runCommand(OzoneManagerStateMachine.java:533) ~[ozone-manager-1.4.0-SNAPSHOT.jar:?]
	at org.apache.hadoop.ozone.om.ratis.OzoneManagerStateMachine.lambda$1(OzoneManagerStateMachine.java:324) ~[ozone-manager-1.4.0-SNAPSHOT.jar:?]
	at java.util.concurrent.CompletableFuture$AsyncSupply.run(CompletableFuture.java:1604) [?:1.8.0_362]
	at java.util.concurrent.ThreadPoolExecutor.runWorker(ThreadPoolExecutor.java:1149) [?:1.8.0_362]
	at java.util.concurrent.ThreadPoolExecutor$Worker.run(ThreadPoolExecutor.java:624) [?:1.8.0_362]
	at java.lang.Thread.run(Thread.java:750) [?:1.8.0_362]
2023-03-15 05:44:24,045 [OM StateMachine ApplyTransaction Thread - 0] ERROR key.OMKeyRenameRequestWithFSO (OMKeyRenameRequestWithFSO.java:validateAndUpdateCache(235)) - Rename key failed for volume:volume35147 bucket:bucket98126 fromKey:a/b/c toKey:root/file1. Key: a/b/c not found.
2023-03-15 05:44:24,045 [Time-limited test] ERROR ozone.BasicOzoneFileSystem (BasicOzoneFileSystem.java:renameFSO(448)) - rename key failed: Failed to rename, key already exists root/file1. Error code: KEY_ALREADY_EXISTS source:a/b/c, destin:root/file1
]]></system-out>
  </testcase>
  <testcase name="testRenameDirToFile" classname="TestOzoneFileSystemWithFSO" time="0.011">
    <system-out><![CDATA[2023-03-15 05:44:58,904 [IPC Server handler 4 on default port 39193] INFO  key.OMKeyRequest (OMKeyRequest.java:wrapUncommittedBlocksAsPseudoKey(838)) - Detect allocated but uncommitted blocks [{blockID={containerID=1, localID=111677748019200082}, length=4194304, offset=0, token=null, pipeline=null, createVersion=0, partNumber=0}] in key root/file1.
05:44:58.906 [IPC Server handler 6 on default port 39193] ERROR OMAudit - user=runner | ip=127.0.0.1 | op=RENAME_KEY {volume=volume61968, bucket=bucket63791, dataSize=0, replicationType=NONE, replicationFactor=ZERO, srcKey=a/b/c, dstKey=root/file1} | ret=FAILURE
org.apache.hadoop.ozone.om.exceptions.OMException: Failed to rename, key already exists root/file1
	at org.apache.hadoop.ozone.om.request.key.OMKeyRenameRequestWithFSO.validateAndUpdateCache(OMKeyRenameRequestWithFSO.java:193) ~[ozone-manager-1.4.0-SNAPSHOT.jar:?]
	at org.apache.hadoop.ozone.protocolPB.OzoneManagerRequestHandler.handleWriteRequest(OzoneManagerRequestHandler.java:337) ~[ozone-manager-1.4.0-SNAPSHOT.jar:?]
	at org.apache.hadoop.ozone.protocolPB.OzoneManagerProtocolServerSideTranslatorPB.submitRequestDirectlyToOM(OzoneManagerProtocolServerSideTranslatorPB.java:278) ~[ozone-manager-1.4.0-SNAPSHOT.jar:?]
	at org.apache.hadoop.ozone.protocolPB.OzoneManagerProtocolServerSideTranslatorPB.processRequest(OzoneManagerProtocolServerSideTranslatorPB.java:173) ~[ozone-manager-1.4.0-SNAPSHOT.jar:?]
	at org.apache.hadoop.hdds.server.OzoneProtocolMessageDispatcher.processRequest(OzoneProtocolMessageDispatcher.java:87) [hdds-server-framework-1.4.0-SNAPSHOT.jar:?]
	at org.apache.hadoop.ozone.protocolPB.OzoneManagerProtocolServerSideTranslatorPB.submitRequest(OzoneManagerProtocolServerSideTranslatorPB.java:147) [ozone-manager-1.4.0-SNAPSHOT.jar:?]
	at org.apache.hadoop.ozone.protocol.proto.OzoneManagerProtocolProtos$OzoneManagerService$2.callBlockingMethod(OzoneManagerProtocolProtos.java) [ozone-interface-client-1.4.0-SNAPSHOT.jar:?]
	at org.apache.hadoop.ipc.ProtobufRpcEngine$Server.processCall(ProtobufRpcEngine.java:465) [hadoop-common-3.3.4.jar:?]
	at org.apache.hadoop.ipc.ProtobufRpcEngine2$Server$ProtoBufRpcInvoker.call(ProtobufRpcEngine2.java:578) [hadoop-common-3.3.4.jar:?]
	at org.apache.hadoop.ipc.ProtobufRpcEngine2$Server$ProtoBufRpcInvoker.call(ProtobufRpcEngine2.java:556) [hadoop-common-3.3.4.jar:?]
	at org.apache.hadoop.ipc.RPC$Server.call(RPC.java:1093) [hadoop-common-3.3.4.jar:?]
	at org.apache.hadoop.ipc.Server$RpcCall.run(Server.java:1043) [hadoop-common-3.3.4.jar:?]
	at org.apache.hadoop.ipc.Server$RpcCall.run(Server.java:971) [hadoop-common-3.3.4.jar:?]
	at java.security.AccessController.doPrivileged(Native Method) ~[?:1.8.0_362]
	at javax.security.auth.Subject.doAs(Subject.java:422) [?:1.8.0_362]
	at org.apache.hadoop.security.UserGroupInformation.doAs(UserGroupInformation.java:1878) [hadoop-common-3.3.4.jar:?]
	at org.apache.hadoop.ipc.Server$Handler.run(Server.java:2976) [hadoop-common-3.3.4.jar:?]
2023-03-15 05:44:58,906 [IPC Server handler 6 on default port 39193] ERROR key.OMKeyRenameRequestWithFSO (OMKeyRenameRequestWithFSO.java:validateAndUpdateCache(235)) - Rename key failed for volume:volume61968 bucket:bucket63791 fromKey:a/b/c toKey:root/file1. Key: a/b/c not found.
2023-03-15 05:44:58,906 [Time-limited test] ERROR ozone.BasicOzoneFileSystem (BasicOzoneFileSystem.java:renameFSO(448)) - rename key failed: Failed to rename, key already exists root/file1. Error code: KEY_ALREADY_EXISTS source:a/b/c, destin:root/file1
]]></system-out>
  </testcase>
  <testcase name="testRenameToNewSubDirShouldNotExist" classname="TestOzoneFileSystemWithFSO" time="0.031">
    <system-out><![CDATA[05:44:24.061 [OM StateMachine ApplyTransaction Thread - 0] ERROR OMAudit - user=runner | ip=127.0.0.1 | op=RENAME_KEY {volume=volume35147, bucket=bucket98126, dataSize=0, replicationType=NONE, replicationFactor=ZERO, srcKey=a, dstKey=b} | ret=FAILURE
org.apache.hadoop.ozone.om.exceptions.OMException: Failed to rename a to b/a, file already exists or not empty!
	at org.apache.hadoop.ozone.om.request.key.OMKeyRenameRequestWithFSO.validateAndUpdateCache(OMKeyRenameRequestWithFSO.java:180) ~[ozone-manager-1.4.0-SNAPSHOT.jar:?]
	at org.apache.hadoop.ozone.protocolPB.OzoneManagerRequestHandler.handleWriteRequest(OzoneManagerRequestHandler.java:337) ~[ozone-manager-1.4.0-SNAPSHOT.jar:?]
	at org.apache.hadoop.ozone.om.ratis.OzoneManagerStateMachine.runCommand(OzoneManagerStateMachine.java:533) ~[ozone-manager-1.4.0-SNAPSHOT.jar:?]
	at org.apache.hadoop.ozone.om.ratis.OzoneManagerStateMachine.lambda$1(OzoneManagerStateMachine.java:324) ~[ozone-manager-1.4.0-SNAPSHOT.jar:?]
	at java.util.concurrent.CompletableFuture$AsyncSupply.run(CompletableFuture.java:1604) [?:1.8.0_362]
	at java.util.concurrent.ThreadPoolExecutor.runWorker(ThreadPoolExecutor.java:1149) [?:1.8.0_362]
	at java.util.concurrent.ThreadPoolExecutor$Worker.run(ThreadPoolExecutor.java:624) [?:1.8.0_362]
	at java.lang.Thread.run(Thread.java:750) [?:1.8.0_362]
2023-03-15 05:44:24,061 [OM StateMachine ApplyTransaction Thread - 0] ERROR key.OMKeyRenameRequestWithFSO (OMKeyRenameRequestWithFSO.java:validateAndUpdateCache(235)) - Rename key failed for volume:volume35147 bucket:bucket98126 fromKey:a toKey:b. Key: a not found.
2023-03-15 05:44:24,061 [Time-limited test] ERROR ozone.BasicOzoneFileSystem (BasicOzoneFileSystem.java:renameFSO(448)) - rename key failed: Failed to rename a to b/a, file already exists or not empty!. Error code: KEY_ALREADY_EXISTS source:a, destin:b
2023-03-15 05:44:24,067 [OM StateMachine ApplyTransaction Thread - 0] INFO  key.OMKeyRequest (OMKeyRequest.java:wrapUncommittedBlocksAsPseudoKey(838)) - Detect allocated but uncommitted blocks [{blockID={containerID=3, localID=111677748019200083}, length=4194304, offset=0, token=null, pipeline=null, createVersion=0, partNumber=0}] in key file1.
2023-03-15 05:44:24,072 [OM StateMachine ApplyTransaction Thread - 0] INFO  key.OMKeyRequest (OMKeyRequest.java:wrapUncommittedBlocksAsPseudoKey(838)) - Detect allocated but uncommitted blocks [{blockID={containerID=4, localID=111677748019200084}, length=4194304, offset=0, token=null, pipeline=null, createVersion=0, partNumber=0}] in key a/file1.
05:44:24.074 [OM StateMachine ApplyTransaction Thread - 0] ERROR OMAudit - user=runner | ip=127.0.0.1 | op=RENAME_KEY {volume=volume35147, bucket=bucket98126, dataSize=0, replicationType=NONE, replicationFactor=ZERO, srcKey=file1, dstKey=a} | ret=FAILURE
org.apache.hadoop.ozone.om.exceptions.OMException: Failed to rename file1 to a/file1, file already exists or not empty!
	at org.apache.hadoop.ozone.om.request.key.OMKeyRenameRequestWithFSO.validateAndUpdateCache(OMKeyRenameRequestWithFSO.java:180) ~[ozone-manager-1.4.0-SNAPSHOT.jar:?]
	at org.apache.hadoop.ozone.protocolPB.OzoneManagerRequestHandler.handleWriteRequest(OzoneManagerRequestHandler.java:337) ~[ozone-manager-1.4.0-SNAPSHOT.jar:?]
	at org.apache.hadoop.ozone.om.ratis.OzoneManagerStateMachine.runCommand(OzoneManagerStateMachine.java:533) ~[ozone-manager-1.4.0-SNAPSHOT.jar:?]
	at org.apache.hadoop.ozone.om.ratis.OzoneManagerStateMachine.lambda$1(OzoneManagerStateMachine.java:324) ~[ozone-manager-1.4.0-SNAPSHOT.jar:?]
	at java.util.concurrent.CompletableFuture$AsyncSupply.run(CompletableFuture.java:1604) [?:1.8.0_362]
	at java.util.concurrent.ThreadPoolExecutor.runWorker(ThreadPoolExecutor.java:1149) [?:1.8.0_362]
	at java.util.concurrent.ThreadPoolExecutor$Worker.run(ThreadPoolExecutor.java:624) [?:1.8.0_362]
	at java.lang.Thread.run(Thread.java:750) [?:1.8.0_362]
2023-03-15 05:44:24,074 [OM StateMachine ApplyTransaction Thread - 0] ERROR key.OMKeyRenameRequestWithFSO (OMKeyRenameRequestWithFSO.java:validateAndUpdateCache(235)) - Rename key failed for volume:volume35147 bucket:bucket98126 fromKey:file1 toKey:a. Key: file1 not found.
2023-03-15 05:44:24,075 [Time-limited test] ERROR ozone.BasicOzoneFileSystem (BasicOzoneFileSystem.java:renameFSO(448)) - rename key failed: Failed to rename file1 to a/file1, file already exists or not empty!. Error code: KEY_ALREADY_EXISTS source:file1, destin:a
]]></system-out>
  </testcase>
  <testcase name="testRenameToNewSubDirShouldNotExist" classname="TestOzoneFileSystemWithFSO" time="0.019">
    <system-out><![CDATA[05:44:58.913 [IPC Server handler 15 on default port 39193] ERROR OMAudit - user=runner | ip=127.0.0.1 | op=RENAME_KEY {volume=volume61968, bucket=bucket63791, dataSize=0, replicationType=NONE, replicationFactor=ZERO, srcKey=a, dstKey=b} | ret=FAILURE
org.apache.hadoop.ozone.om.exceptions.OMException: Failed to rename a to b/a, file already exists or not empty!
	at org.apache.hadoop.ozone.om.request.key.OMKeyRenameRequestWithFSO.validateAndUpdateCache(OMKeyRenameRequestWithFSO.java:180) ~[ozone-manager-1.4.0-SNAPSHOT.jar:?]
	at org.apache.hadoop.ozone.protocolPB.OzoneManagerRequestHandler.handleWriteRequest(OzoneManagerRequestHandler.java:337) ~[ozone-manager-1.4.0-SNAPSHOT.jar:?]
	at org.apache.hadoop.ozone.protocolPB.OzoneManagerProtocolServerSideTranslatorPB.submitRequestDirectlyToOM(OzoneManagerProtocolServerSideTranslatorPB.java:278) ~[ozone-manager-1.4.0-SNAPSHOT.jar:?]
	at org.apache.hadoop.ozone.protocolPB.OzoneManagerProtocolServerSideTranslatorPB.processRequest(OzoneManagerProtocolServerSideTranslatorPB.java:173) ~[ozone-manager-1.4.0-SNAPSHOT.jar:?]
	at org.apache.hadoop.hdds.server.OzoneProtocolMessageDispatcher.processRequest(OzoneProtocolMessageDispatcher.java:87) [hdds-server-framework-1.4.0-SNAPSHOT.jar:?]
	at org.apache.hadoop.ozone.protocolPB.OzoneManagerProtocolServerSideTranslatorPB.submitRequest(OzoneManagerProtocolServerSideTranslatorPB.java:147) [ozone-manager-1.4.0-SNAPSHOT.jar:?]
	at org.apache.hadoop.ozone.protocol.proto.OzoneManagerProtocolProtos$OzoneManagerService$2.callBlockingMethod(OzoneManagerProtocolProtos.java) [ozone-interface-client-1.4.0-SNAPSHOT.jar:?]
	at org.apache.hadoop.ipc.ProtobufRpcEngine$Server.processCall(ProtobufRpcEngine.java:465) [hadoop-common-3.3.4.jar:?]
	at org.apache.hadoop.ipc.ProtobufRpcEngine2$Server$ProtoBufRpcInvoker.call(ProtobufRpcEngine2.java:578) [hadoop-common-3.3.4.jar:?]
	at org.apache.hadoop.ipc.ProtobufRpcEngine2$Server$ProtoBufRpcInvoker.call(ProtobufRpcEngine2.java:556) [hadoop-common-3.3.4.jar:?]
	at org.apache.hadoop.ipc.RPC$Server.call(RPC.java:1093) [hadoop-common-3.3.4.jar:?]
	at org.apache.hadoop.ipc.Server$RpcCall.run(Server.java:1043) [hadoop-common-3.3.4.jar:?]
	at org.apache.hadoop.ipc.Server$RpcCall.run(Server.java:971) [hadoop-common-3.3.4.jar:?]
	at java.security.AccessController.doPrivileged(Native Method) ~[?:1.8.0_362]
	at javax.security.auth.Subject.doAs(Subject.java:422) [?:1.8.0_362]
	at org.apache.hadoop.security.UserGroupInformation.doAs(UserGroupInformation.java:1878) [hadoop-common-3.3.4.jar:?]
	at org.apache.hadoop.ipc.Server$Handler.run(Server.java:2976) [hadoop-common-3.3.4.jar:?]
2023-03-15 05:44:58,913 [IPC Server handler 15 on default port 39193] ERROR key.OMKeyRenameRequestWithFSO (OMKeyRenameRequestWithFSO.java:validateAndUpdateCache(235)) - Rename key failed for volume:volume61968 bucket:bucket63791 fromKey:a toKey:b. Key: a not found.
2023-03-15 05:44:58,913 [Time-limited test] ERROR ozone.BasicOzoneFileSystem (BasicOzoneFileSystem.java:renameFSO(448)) - rename key failed: Failed to rename a to b/a, file already exists or not empty!. Error code: KEY_ALREADY_EXISTS source:a, destin:b
2023-03-15 05:44:58,917 [IPC Server handler 18 on default port 39193] INFO  key.OMKeyRequest (OMKeyRequest.java:wrapUncommittedBlocksAsPseudoKey(838)) - Detect allocated but uncommitted blocks [{blockID={containerID=2, localID=111677748019200083}, length=4194304, offset=0, token=null, pipeline=null, createVersion=0, partNumber=0}] in key file1.
2023-03-15 05:44:58,922 [IPC Server handler 0 on default port 39193] INFO  key.OMKeyRequest (OMKeyRequest.java:wrapUncommittedBlocksAsPseudoKey(838)) - Detect allocated but uncommitted blocks [{blockID={containerID=1, localID=111677748019200084}, length=4194304, offset=0, token=null, pipeline=null, createVersion=0, partNumber=0}] in key a/file1.
05:44:58.923 [IPC Server handler 2 on default port 39193] ERROR OMAudit - user=runner | ip=127.0.0.1 | op=RENAME_KEY {volume=volume61968, bucket=bucket63791, dataSize=0, replicationType=NONE, replicationFactor=ZERO, srcKey=file1, dstKey=a} | ret=FAILURE
org.apache.hadoop.ozone.om.exceptions.OMException: Failed to rename file1 to a/file1, file already exists or not empty!
	at org.apache.hadoop.ozone.om.request.key.OMKeyRenameRequestWithFSO.validateAndUpdateCache(OMKeyRenameRequestWithFSO.java:180) ~[ozone-manager-1.4.0-SNAPSHOT.jar:?]
	at org.apache.hadoop.ozone.protocolPB.OzoneManagerRequestHandler.handleWriteRequest(OzoneManagerRequestHandler.java:337) ~[ozone-manager-1.4.0-SNAPSHOT.jar:?]
	at org.apache.hadoop.ozone.protocolPB.OzoneManagerProtocolServerSideTranslatorPB.submitRequestDirectlyToOM(OzoneManagerProtocolServerSideTranslatorPB.java:278) ~[ozone-manager-1.4.0-SNAPSHOT.jar:?]
	at org.apache.hadoop.ozone.protocolPB.OzoneManagerProtocolServerSideTranslatorPB.processRequest(OzoneManagerProtocolServerSideTranslatorPB.java:173) ~[ozone-manager-1.4.0-SNAPSHOT.jar:?]
	at org.apache.hadoop.hdds.server.OzoneProtocolMessageDispatcher.processRequest(OzoneProtocolMessageDispatcher.java:87) [hdds-server-framework-1.4.0-SNAPSHOT.jar:?]
	at org.apache.hadoop.ozone.protocolPB.OzoneManagerProtocolServerSideTranslatorPB.submitRequest(OzoneManagerProtocolServerSideTranslatorPB.java:147) [ozone-manager-1.4.0-SNAPSHOT.jar:?]
	at org.apache.hadoop.ozone.protocol.proto.OzoneManagerProtocolProtos$OzoneManagerService$2.callBlockingMethod(OzoneManagerProtocolProtos.java) [ozone-interface-client-1.4.0-SNAPSHOT.jar:?]
	at org.apache.hadoop.ipc.ProtobufRpcEngine$Server.processCall(ProtobufRpcEngine.java:465) [hadoop-common-3.3.4.jar:?]
	at org.apache.hadoop.ipc.ProtobufRpcEngine2$Server$ProtoBufRpcInvoker.call(ProtobufRpcEngine2.java:578) [hadoop-common-3.3.4.jar:?]
	at org.apache.hadoop.ipc.ProtobufRpcEngine2$Server$ProtoBufRpcInvoker.call(ProtobufRpcEngine2.java:556) [hadoop-common-3.3.4.jar:?]
	at org.apache.hadoop.ipc.RPC$Server.call(RPC.java:1093) [hadoop-common-3.3.4.jar:?]
	at org.apache.hadoop.ipc.Server$RpcCall.run(Server.java:1043) [hadoop-common-3.3.4.jar:?]
	at org.apache.hadoop.ipc.Server$RpcCall.run(Server.java:971) [hadoop-common-3.3.4.jar:?]
	at java.security.AccessController.doPrivileged(Native Method) ~[?:1.8.0_362]
	at javax.security.auth.Subject.doAs(Subject.java:422) [?:1.8.0_362]
	at org.apache.hadoop.security.UserGroupInformation.doAs(UserGroupInformation.java:1878) [hadoop-common-3.3.4.jar:?]
	at org.apache.hadoop.ipc.Server$Handler.run(Server.java:2976) [hadoop-common-3.3.4.jar:?]
2023-03-15 05:44:58,923 [IPC Server handler 2 on default port 39193] ERROR key.OMKeyRenameRequestWithFSO (OMKeyRenameRequestWithFSO.java:validateAndUpdateCache(235)) - Rename key failed for volume:volume61968 bucket:bucket63791 fromKey:file1 toKey:a. Key: file1 not found.
2023-03-15 05:44:58,923 [Time-limited test] ERROR ozone.BasicOzoneFileSystem (BasicOzoneFileSystem.java:renameFSO(448)) - rename key failed: Failed to rename file1 to a/file1, file already exists or not empty!. Error code: KEY_ALREADY_EXISTS source:file1, destin:a
]]></system-out>
  </testcase>
  <testcase name="testListStatusOnLargeDirectoryForACLCheck" classname="TestOzoneFileSystemWithFSO" time="1.703"/>
  <testcase name="testListStatusOnLargeDirectoryForACLCheck" classname="TestOzoneFileSystemWithFSO" time="0.83"/>
  <testcase name="testRenameFileToDir" classname="TestOzoneFileSystemWithFSO" time="0.019">
    <system-out><![CDATA[2023-03-15 05:44:25,794 [OM StateMachine ApplyTransaction Thread - 0] INFO  key.OMKeyRequest (OMKeyRequest.java:wrapUncommittedBlocksAsPseudoKey(838)) - Detect allocated but uncommitted blocks [{blockID={containerID=3, localID=111677748019200085}, length=4194304, offset=0, token=null, pipeline=null, createVersion=0, partNumber=0}] in key root/file1.
]]></system-out>
  </testcase>
  <testcase name="testRenameFileToDir" classname="TestOzoneFileSystemWithFSO" time="0.015">
    <system-out><![CDATA[2023-03-15 05:44:59,769 [IPC Server handler 10 on default port 39193] INFO  key.OMKeyRequest (OMKeyRequest.java:wrapUncommittedBlocksAsPseudoKey(838)) - Detect allocated but uncommitted blocks [{blockID={containerID=2, localID=111677748019200085}, length=4194304, offset=0, token=null, pipeline=null, createVersion=0, partNumber=0}] in key root/file1.
]]></system-out>
  </testcase>
  <testcase name="testListStatusWithIntermediateDirWithECEnabled" classname="TestOzoneFileSystemWithFSO" time="0.037">
    <system-out><![CDATA[2023-03-15 05:44:25,823 [IPC Server handler 17 on default port 34451] INFO  pipeline.PipelineStateManagerImpl (PipelineStateManagerImpl.java:addPipeline(103)) - Created pipeline Pipeline[ Id: 48be7c3b-64d4-4c00-b208-be733ddc8dd5, Nodes: 93bbdb4e-ae1d-4286-84a2-0f7fae60ad59(fv-az390-885.2udvygdcjcjuphbbpa4zxtqymb.gx.internal.cloudapp.net/10.1.0.18)749a2a4e-326e-405d-8b3d-6482ea274e37(fv-az390-885.2udvygdcjcjuphbbpa4zxtqymb.gx.internal.cloudapp.net/10.1.0.18)a88b317b-310e-4f91-ab19-5adcbba379a7(fv-az390-885.2udvygdcjcjuphbbpa4zxtqymb.gx.internal.cloudapp.net/10.1.0.18)fd98b1c5-5b85-4a01-ae78-de2614481a07(fv-az390-885.2udvygdcjcjuphbbpa4zxtqymb.gx.internal.cloudapp.net/10.1.0.18)f4b4952b-3e5d-4d4d-87e6-725506190fb6(fv-az390-885.2udvygdcjcjuphbbpa4zxtqymb.gx.internal.cloudapp.net/10.1.0.18), ReplicationConfig: EC{rs-3-2-1048576}, State:ALLOCATED, leaderId:, CreationTimestamp2023-03-15T05:44:25.822Z[Etc/UTC]].
2023-03-15 05:44:25,824 [IPC Server handler 17 on default port 34451] INFO  pipeline.PipelineManagerImpl (PipelineManagerImpl.java:openPipeline(367)) - Pipeline Pipeline[ Id: 48be7c3b-64d4-4c00-b208-be733ddc8dd5, Nodes: 93bbdb4e-ae1d-4286-84a2-0f7fae60ad59(fv-az390-885.2udvygdcjcjuphbbpa4zxtqymb.gx.internal.cloudapp.net/10.1.0.18)749a2a4e-326e-405d-8b3d-6482ea274e37(fv-az390-885.2udvygdcjcjuphbbpa4zxtqymb.gx.internal.cloudapp.net/10.1.0.18)a88b317b-310e-4f91-ab19-5adcbba379a7(fv-az390-885.2udvygdcjcjuphbbpa4zxtqymb.gx.internal.cloudapp.net/10.1.0.18)fd98b1c5-5b85-4a01-ae78-de2614481a07(fv-az390-885.2udvygdcjcjuphbbpa4zxtqymb.gx.internal.cloudapp.net/10.1.0.18)f4b4952b-3e5d-4d4d-87e6-725506190fb6(fv-az390-885.2udvygdcjcjuphbbpa4zxtqymb.gx.internal.cloudapp.net/10.1.0.18), ReplicationConfig: EC{rs-3-2-1048576}, State:ALLOCATED, leaderId:, CreationTimestamp2023-03-15T05:44:25.822Z[Etc/UTC]] moved to OPEN state
2023-03-15 05:44:25,832 [OM StateMachine ApplyTransaction Thread - 0] INFO  key.OMKeyRequest (OMKeyRequest.java:wrapUncommittedBlocksAsPseudoKey(838)) - Detect allocated but uncommitted blocks [{blockID={containerID=10, localID=111677748019200086}, length=4194304, offset=0, token=null, pipeline=null, createVersion=0, partNumber=0}] in key object-dir/object-name1.
]]></system-out>
  </testcase>
  <testcase name="testListStatusWithIntermediateDirWithECEnabled" classname="TestOzoneFileSystemWithFSO" time="0.013">
    <system-out><![CDATA[2023-03-15 05:44:59,777 [IPC Server handler 18 on default port 33291] INFO  pipeline.PipelineStateManagerImpl (PipelineStateManagerImpl.java:addPipeline(103)) - Created pipeline Pipeline[ Id: 372ff31c-4b79-496d-a8fe-e2f9bb579869, Nodes: 0abd910a-099e-433f-90a2-1c025d1dc7f3(fv-az390-885.2udvygdcjcjuphbbpa4zxtqymb.gx.internal.cloudapp.net/10.1.0.18)5d6f94a2-048f-4621-ba55-83f2059cba08(fv-az390-885.2udvygdcjcjuphbbpa4zxtqymb.gx.internal.cloudapp.net/10.1.0.18)894a1aca-b7ee-471e-bca8-24ba935f080a(fv-az390-885.2udvygdcjcjuphbbpa4zxtqymb.gx.internal.cloudapp.net/10.1.0.18)c612d8d5-a02f-487c-9690-98407afc9b63(fv-az390-885.2udvygdcjcjuphbbpa4zxtqymb.gx.internal.cloudapp.net/10.1.0.18)21006111-8cd4-4582-9969-7940c2dbc712(fv-az390-885.2udvygdcjcjuphbbpa4zxtqymb.gx.internal.cloudapp.net/10.1.0.18), ReplicationConfig: EC{rs-3-2-1048576}, State:ALLOCATED, leaderId:, CreationTimestamp2023-03-15T05:44:59.776Z[Etc/UTC]].
2023-03-15 05:44:59,777 [IPC Server handler 18 on default port 33291] INFO  pipeline.PipelineManagerImpl (PipelineManagerImpl.java:openPipeline(367)) - Pipeline Pipeline[ Id: 372ff31c-4b79-496d-a8fe-e2f9bb579869, Nodes: 0abd910a-099e-433f-90a2-1c025d1dc7f3(fv-az390-885.2udvygdcjcjuphbbpa4zxtqymb.gx.internal.cloudapp.net/10.1.0.18)5d6f94a2-048f-4621-ba55-83f2059cba08(fv-az390-885.2udvygdcjcjuphbbpa4zxtqymb.gx.internal.cloudapp.net/10.1.0.18)894a1aca-b7ee-471e-bca8-24ba935f080a(fv-az390-885.2udvygdcjcjuphbbpa4zxtqymb.gx.internal.cloudapp.net/10.1.0.18)c612d8d5-a02f-487c-9690-98407afc9b63(fv-az390-885.2udvygdcjcjuphbbpa4zxtqymb.gx.internal.cloudapp.net/10.1.0.18)21006111-8cd4-4582-9969-7940c2dbc712(fv-az390-885.2udvygdcjcjuphbbpa4zxtqymb.gx.internal.cloudapp.net/10.1.0.18), ReplicationConfig: EC{rs-3-2-1048576}, State:ALLOCATED, leaderId:, CreationTimestamp2023-03-15T05:44:59.776Z[Etc/UTC]] moved to OPEN state
2023-03-15 05:44:59,780 [IPC Server handler 0 on default port 39193] INFO  key.OMKeyRequest (OMKeyRequest.java:wrapUncommittedBlocksAsPseudoKey(838)) - Detect allocated but uncommitted blocks [{blockID={containerID=10, localID=111677748019200086}, length=4194304, offset=0, token=null, pipeline=null, createVersion=0, partNumber=0}] in key object-dir/object-name1.
]]></system-out>
  </testcase>
  <testcase name="testMakeDirsWithAnExistingDirectoryPath" classname="TestOzoneFileSystemWithFSO" time="0.011">
    <system-out><![CDATA[2023-03-15 05:44:25,847 [OM StateMachine ApplyTransaction Thread - 0] INFO  key.OMKeyRequest (OMKeyRequest.java:wrapUncommittedBlocksAsPseudoKey(838)) - Detect allocated but uncommitted blocks [{blockID={containerID=4, localID=111677748019200087}, length=4194304, offset=0, token=null, pipeline=null, createVersion=0, partNumber=0}] in key d1/d2/d3/d4/key1.
]]></system-out>
  </testcase>
  <testcase name="testMakeDirsWithAnExistingDirectoryPath" classname="TestOzoneFileSystemWithFSO" time="0.012">
    <system-out><![CDATA[2023-03-15 05:44:59,796 [IPC Server handler 9 on default port 39193] INFO  key.OMKeyRequest (OMKeyRequest.java:wrapUncommittedBlocksAsPseudoKey(838)) - Detect allocated but uncommitted blocks [{blockID={containerID=1, localID=111677748019200087}, length=4194304, offset=0, token=null, pipeline=null, createVersion=0, partNumber=0}] in key d1/d2/d3/d4/key1.
]]></system-out>
  </testcase>
</testsuite>