<?xml version="1.0" encoding="UTF-8"?>
<testsuite xmlns:xsi="http://www.w3.org/2001/XMLSchema-instance" xsi:noNamespaceSchemaLocation="https://maven.apache.org/surefire/maven-surefire-plugin/xsd/surefire-test-report.xsd" name="org.apache.hadoop.ozone.client.rpc.TestWatchForCommit" time="214.897" tests="4" errors="1" skipped="0" failures="0">
  <properties>
    <property name="awt.toolkit" value="sun.awt.X11.XToolkit"/>
    <property name="file.encoding.pkg" value="sun.io"/>
    <property name="java.specification.version" value="1.8"/>
    <property name="sun.cpu.isalist" value=""/>
    <property name="sun.jnu.encoding" value="ANSI_X3.4-1968"/>
    <property name="java.class.path" value="/github/workspace/mnt/ozone/hadoop-ozone/integration-test/target/test-classes:/github/workspace/mnt/ozone/hadoop-ozone/integration-test/target/classes:/home/user/.m2/repository/org/apache/hadoop/hadoop-ozone-common/0.6.0-SNAPSHOT/hadoop-ozone-common-0.6.0-SNAPSHOT.jar:/home/user/.m2/repository/org/apache/commons/commons-compress/1.4.1/commons-compress-1.4.1.jar:/home/user/.m2/repository/org/tukaani/xz/1.0/xz-1.0.jar:/home/user/.m2/repository/org/apache/hadoop/hadoop-hdds-common/0.6.0-SNAPSHOT/hadoop-hdds-common-0.6.0-SNAPSHOT.jar:/home/user/.m2/repository/org/apache/hadoop/hadoop-hdds-hadoop-dependency-client/0.6.0-SNAPSHOT/hadoop-hdds-hadoop-dependency-client-0.6.0-SNAPSHOT.jar:/home/user/.m2/repository/info/picocli/picocli/3.9.6/picocli-3.9.6.jar:/home/user/.m2/repository/com/fasterxml/jackson/core/jackson-annotations/2.10.3/jackson-annotations-2.10.3.jar:/home/user/.m2/repository/javax/annotation/javax.annotation-api/1.2/javax.annotation-api-1.2.jar:/home/user/.m2/repository/org/apache/ratis/ratis-server/0.6.0-6ab75ae-SNAPSHOT/ratis-server-0.6.0-6ab75ae-SNAPSHOT.jar:/home/user/.m2/repository/org/apache/ratis/ratis-client/0.6.0-6ab75ae-SNAPSHOT/ratis-client-0.6.0-6ab75ae-SNAPSHOT.jar:/home/user/.m2/repository/org/apache/ratis/ratis-metrics/0.6.0-6ab75ae-SNAPSHOT/ratis-metrics-0.6.0-6ab75ae-SNAPSHOT.jar:/home/user/.m2/repository/org/apache/ratis/ratis-netty/0.6.0-6ab75ae-SNAPSHOT/ratis-netty-0.6.0-6ab75ae-SNAPSHOT.jar:/home/user/.m2/repository/org/apache/ratis/ratis-grpc/0.6.0-6ab75ae-SNAPSHOT/ratis-grpc-0.6.0-6ab75ae-SNAPSHOT.jar:/home/user/.m2/repository/org/apache/logging/log4j/log4j-api/2.11.0/log4j-api-2.11.0.jar:/home/user/.m2/repository/org/apache/logging/log4j/log4j-core/2.11.0/log4j-core-2.11.0.jar:/home/user/.m2/repository/com/lmax/disruptor/3.4.2/disruptor-3.4.2.jar:/home/user/.m2/repository/org/apache/commons/commons-pool2/2.6.0/commons-pool2-2.6.0.jar:/home/user/.m2/repository/org/bouncycastle/bcpkix-jdk15on/1.60/bcpkix-jdk15on-1.60.jar:/home/user/.m2/repository/commons-validator/commons-validator/1.6/commons-validator-1.6.jar:/home/user/.m2/repository/commons-digester/commons-digester/1.8.1/commons-digester-1.8.1.jar:/home/user/.m2/repository/io/jaegertracing/jaeger-client/1.2.0/jaeger-client-1.2.0.jar:/home/user/.m2/repository/io/jaegertracing/jaeger-thrift/1.2.0/jaeger-thrift-1.2.0.jar:/home/user/.m2/repository/org/apache/thrift/libthrift/0.13.0/libthrift-0.13.0.jar:/home/user/.m2/repository/com/squareup/okhttp3/okhttp/4.2.2/okhttp-4.2.2.jar:/home/user/.m2/repository/com/squareup/okio/okio/2.2.2/okio-2.2.2.jar:/home/user/.m2/repository/org/jetbrains/kotlin/kotlin-stdlib/1.3.50/kotlin-stdlib-1.3.50.jar:/home/user/.m2/repository/org/jetbrains/kotlin/kotlin-stdlib-common/1.3.50/kotlin-stdlib-common-1.3.50.jar:/home/user/.m2/repository/org/jetbrains/annotations/13.0/annotations-13.0.jar:/home/user/.m2/repository/io/jaegertracing/jaeger-core/1.2.0/jaeger-core-1.2.0.jar:/home/user/.m2/repository/io/jaegertracing/jaeger-tracerresolver/1.2.0/jaeger-tracerresolver-1.2.0.jar:/home/user/.m2/repository/io/opentracing/contrib/opentracing-tracerresolver/0.1.8/opentracing-tracerresolver-0.1.8.jar:/home/user/.m2/repository/io/opentracing/opentracing-util/0.33.0/opentracing-util-0.33.0.jar:/home/user/.m2/repository/io/opentracing/opentracing-api/0.33.0/opentracing-api-0.33.0.jar:/home/user/.m2/repository/io/opentracing/opentracing-noop/0.33.0/opentracing-noop-0.33.0.jar:/home/user/.m2/repository/org/apache/hadoop/hadoop-hdds-client/0.6.0-SNAPSHOT/hadoop-hdds-client-0.6.0-SNAPSHOT.jar:/home/user/.m2/repository/org/apache/hadoop/hadoop-ozone-interface-client/0.6.0-SNAPSHOT/hadoop-ozone-interface-client-0.6.0-SNAPSHOT.jar:/home/user/.m2/repository/org/apache/hadoop/hadoop-hdds-test-utils/0.6.0-SNAPSHOT/hadoop-hdds-test-utils-0.6.0-SNAPSHOT.jar:/home/user/.m2/repository/com/google/guava/guava/28.2-jre/guava-28.2-jre.jar:/home/user/.m2/repository/com/google/guava/failureaccess/1.0.1/failureaccess-1.0.1.jar:/home/user/.m2/repository/com/google/guava/listenablefuture/9999.0-empty-to-avoid-conflict-with-guava/listenablefuture-9999.0-empty-to-avoid-conflict-with-guava.jar:/home/user/.m2/repository/com/google/code/findbugs/jsr305/3.0.0/jsr305-3.0.0.jar:/home/user/.m2/repository/org/checkerframework/checker-qual/2.10.0/checker-qual-2.10.0.jar:/home/user/.m2/repository/com/google/errorprone/error_prone_annotations/2.2.0/error_prone_annotations-2.2.0.jar:/home/user/.m2/repository/com/google/j2objc/j2objc-annotations/1.3/j2objc-annotations-1.3.jar:/home/user/.m2/repository/commons-io/commons-io/2.5/commons-io-2.5.jar:/home/user/.m2/repository/commons-logging/commons-logging/1.2/commons-logging-1.2.jar:/home/user/.m2/repository/log4j/log4j/1.2.17/log4j-1.2.17.jar:/home/user/.m2/repository/org/slf4j/slf4j-api/1.7.25/slf4j-api-1.7.25.jar:/home/user/.m2/repository/org/apache/hadoop/hadoop-hdds-server-scm/0.6.0-SNAPSHOT/hadoop-hdds-server-scm-0.6.0-SNAPSHOT.jar:/home/user/.m2/repository/org/apache/hadoop/hadoop-hdds-container-service/0.6.0-SNAPSHOT/hadoop-hdds-container-service-0.6.0-SNAPSHOT.jar:/home/user/.m2/repository/org/apache/hadoop/hadoop-hdds-hadoop-dependency-server/0.6.0-SNAPSHOT/hadoop-hdds-hadoop-dependency-server-0.6.0-SNAPSHOT.jar:/home/user/.m2/repository/org/apache/hadoop/hadoop-hdds-server-framework/0.6.0-SNAPSHOT/hadoop-hdds-server-framework-0.6.0-SNAPSHOT.jar:/home/user/.m2/repository/org/apache/hadoop/hadoop-hdds-interface-server/0.6.0-SNAPSHOT/hadoop-hdds-interface-server-0.6.0-SNAPSHOT.jar:/home/user/.m2/repository/org/apache/hadoop/hadoop-hdds-interface-admin/0.6.0-SNAPSHOT/hadoop-hdds-interface-admin-0.6.0-SNAPSHOT.jar:/home/user/.m2/repository/org/rocksdb/rocksdbjni/6.8.1/rocksdbjni-6.8.1.jar:/home/user/.m2/repository/io/prometheus/simpleclient_dropwizard/0.7.0/simpleclient_dropwizard-0.7.0.jar:/home/user/.m2/repository/io/prometheus/simpleclient/0.7.0/simpleclient-0.7.0.jar:/home/user/.m2/repository/io/prometheus/simpleclient_common/0.7.0/simpleclient_common-0.7.0.jar:/home/user/.m2/repository/com/fasterxml/jackson/datatype/jackson-datatype-jsr310/2.10.3/jackson-datatype-jsr310-2.10.3.jar:/home/user/.m2/repository/org/apache/hadoop/hadoop-hdds-docs/0.6.0-SNAPSHOT/hadoop-hdds-docs-0.6.0-SNAPSHOT.jar:/home/user/.m2/repository/io/dropwizard/metrics/metrics-core/3.2.4/metrics-core-3.2.4.jar:/home/user/.m2/repository/org/apache/hadoop/hadoop-hdfs-client/3.2.1/hadoop-hdfs-client-3.2.1.jar:/home/user/.m2/repository/org/bouncycastle/bcprov-jdk15on/1.60/bcprov-jdk15on-1.60.jar:/home/user/.m2/repository/org/apache/hadoop/hadoop-ozone-ozone-manager/0.6.0-SNAPSHOT/hadoop-ozone-ozone-manager-0.6.0-SNAPSHOT.jar:/home/user/.m2/repository/org/apache/hadoop/hadoop-hdds-interface-client/0.6.0-SNAPSHOT/hadoop-hdds-interface-client-0.6.0-SNAPSHOT.jar:/home/user/.m2/repository/org/apache/ratis/ratis-thirdparty-misc/0.4.0/ratis-thirdparty-misc-0.4.0.jar:/home/user/.m2/repository/org/apache/hadoop/hadoop-minikdc/3.2.1/hadoop-minikdc-3.2.1.jar:/home/user/.m2/repository/org/apache/kerby/kerb-simplekdc/1.0.1/kerb-simplekdc-1.0.1.jar:/home/user/.m2/repository/org/apache/kerby/kerb-client/1.0.1/kerb-client-1.0.1.jar:/home/user/.m2/repository/org/apache/kerby/kerby-config/1.0.1/kerby-config-1.0.1.jar:/home/user/.m2/repository/org/apache/kerby/kerb-core/1.0.1/kerb-core-1.0.1.jar:/home/user/.m2/repository/org/apache/kerby/kerby-pkix/1.0.1/kerby-pkix-1.0.1.jar:/home/user/.m2/repository/org/apache/kerby/kerby-asn1/1.0.1/kerby-asn1-1.0.1.jar:/home/user/.m2/repository/org/apache/kerby/kerby-util/1.0.1/kerby-util-1.0.1.jar:/home/user/.m2/repository/org/apache/kerby/kerb-common/1.0.1/kerb-common-1.0.1.jar:/home/user/.m2/repository/org/apache/kerby/kerb-crypto/1.0.1/kerb-crypto-1.0.1.jar:/home/user/.m2/repository/org/apache/kerby/kerb-util/1.0.1/kerb-util-1.0.1.jar:/home/user/.m2/repository/org/apache/kerby/token-provider/1.0.1/token-provider-1.0.1.jar:/home/user/.m2/repository/org/apache/kerby/kerb-admin/1.0.1/kerb-admin-1.0.1.jar:/home/user/.m2/repository/org/apache/kerby/kerb-server/1.0.1/kerb-server-1.0.1.jar:/home/user/.m2/repository/org/apache/kerby/kerb-identity/1.0.1/kerb-identity-1.0.1.jar:/home/user/.m2/repository/org/apache/kerby/kerby-xdr/1.0.1/kerby-xdr-1.0.1.jar:/home/user/.m2/repository/org/slf4j/slf4j-log4j12/1.7.25/slf4j-log4j12-1.7.25.jar:/home/user/.m2/repository/org/apache/hadoop/hadoop-ozone-s3gateway/0.6.0-SNAPSHOT/hadoop-ozone-s3gateway-0.6.0-SNAPSHOT.jar:/home/user/.m2/repository/org/jboss/weld/servlet/weld-servlet/2.4.7.Final/weld-servlet-2.4.7.Final.jar:/home/user/.m2/repository/org/glassfish/jersey/containers/jersey-container-servlet-core/2.27/jersey-container-servlet-core-2.27.jar:/home/user/.m2/repository/org/glassfish/hk2/external/javax.inject/2.5.0-b42/javax.inject-2.5.0-b42.jar:/home/user/.m2/repository/org/glassfish/jersey/core/jersey-common/2.27/jersey-common-2.27.jar:/home/user/.m2/repository/org/glassfish/hk2/osgi-resource-locator/1.0.1/osgi-resource-locator-1.0.1.jar:/home/user/.m2/repository/javax/ws/rs/javax.ws.rs-api/2.1/javax.ws.rs-api-2.1.jar:/home/user/.m2/repository/org/glassfish/jersey/ext/cdi/jersey-cdi1x/2.27/jersey-cdi1x-2.27.jar:/home/user/.m2/repository/org/glassfish/jersey/inject/jersey-hk2/2.27/jersey-hk2-2.27.jar:/home/user/.m2/repository/org/glassfish/hk2/hk2-locator/2.5.0-b42/hk2-locator-2.5.0-b42.jar:/home/user/.m2/repository/org/javassist/javassist/3.22.0-CR2/javassist-3.22.0-CR2.jar:/home/user/.m2/repository/org/glassfish/hk2/hk2-api/2.5.0/hk2-api-2.5.0.jar:/home/user/.m2/repository/org/glassfish/hk2/external/jakarta.inject/2.5.0/jakarta.inject-2.5.0.jar:/home/user/.m2/repository/org/glassfish/hk2/hk2-utils/2.5.0/hk2-utils-2.5.0.jar:/home/user/.m2/repository/jakarta/annotation/jakarta.annotation-api/1.3.4/jakarta.annotation-api-1.3.4.jar:/home/user/.m2/repository/org/glassfish/hk2/external/aopalliance-repackaged/2.5.0/aopalliance-repackaged-2.5.0.jar:/home/user/.m2/repository/com/fasterxml/jackson/dataformat/jackson-dataformat-xml/2.10.3/jackson-dataformat-xml-2.10.3.jar:/home/user/.m2/repository/com/fasterxml/jackson/core/jackson-core/2.10.3/jackson-core-2.10.3.jar:/home/user/.m2/repository/com/fasterxml/jackson/module/jackson-module-jaxb-annotations/2.10.3/jackson-module-jaxb-annotations-2.10.3.jar:/home/user/.m2/repository/jakarta/xml/bind/jakarta.xml.bind-api/2.3.2/jakarta.xml.bind-api-2.3.2.jar:/home/user/.m2/repository/jakarta/activation/jakarta.activation-api/1.2.1/jakarta.activation-api-1.2.1.jar:/home/user/.m2/repository/org/codehaus/woodstox/stax2-api/3.1.4/stax2-api-3.1.4.jar:/home/user/.m2/repository/com/fasterxml/woodstox/woodstox-core/5.0.3/woodstox-core-5.0.3.jar:/home/user/.m2/repository/javax/enterprise/cdi-api/1.2/cdi-api-1.2.jar:/home/user/.m2/repository/javax/el/javax.el-api/3.0.0/javax.el-api-3.0.0.jar:/home/user/.m2/repository/javax/interceptor/javax.interceptor-api/1.2/javax.interceptor-api-1.2.jar:/home/user/.m2/repository/javax/inject/javax.inject/1/javax.inject-1.jar:/home/user/.m2/repository/com/sun/xml/bind/jaxb-impl/2.3.0.1/jaxb-impl-2.3.0.1.jar:/home/user/.m2/repository/com/sun/xml/bind/jaxb-core/2.3.0.1/jaxb-core-2.3.0.1.jar:/home/user/.m2/repository/javax/xml/bind/jaxb-api/2.3.0/jaxb-api-2.3.0.jar:/home/user/.m2/repository/javax/activation/activation/1.1.1/activation-1.1.1.jar:/home/user/.m2/repository/org/apache/hadoop/hadoop-ozone-csi/0.6.0-SNAPSHOT/hadoop-ozone-csi-0.6.0-SNAPSHOT.jar:/home/user/.m2/repository/com/google/protobuf/protobuf-java-util/3.11.0/protobuf-java-util-3.11.0.jar:/home/user/.m2/repository/com/google/code/gson/gson/2.2.4/gson-2.2.4.jar:/home/user/.m2/repository/org/apache/hadoop/hadoop-hdds-config/0.6.0-SNAPSHOT/hadoop-hdds-config-0.6.0-SNAPSHOT.jar:/home/user/.m2/repository/com/google/protobuf/protobuf-java/2.5.0/protobuf-java-2.5.0.jar:/home/user/.m2/repository/io/grpc/grpc-netty/1.29.0/grpc-netty-1.29.0.jar:/home/user/.m2/repository/io/grpc/grpc-core/1.29.0/grpc-core-1.29.0.jar:/home/user/.m2/repository/com/google/android/annotations/4.1.1.4/annotations-4.1.1.4.jar:/home/user/.m2/repository/io/perfmark/perfmark-api/0.19.0/perfmark-api-0.19.0.jar:/home/user/.m2/repository/io/netty/netty-codec-http2/4.1.48.Final/netty-codec-http2-4.1.48.Final.jar:/home/user/.m2/repository/io/netty/netty-codec/4.1.48.Final/netty-codec-4.1.48.Final.jar:/home/user/.m2/repository/io/netty/netty-handler/4.1.48.Final/netty-handler-4.1.48.Final.jar:/home/user/.m2/repository/io/netty/netty-codec-http/4.1.48.Final/netty-codec-http-4.1.48.Final.jar:/home/user/.m2/repository/io/netty/netty-handler-proxy/4.1.48.Final/netty-handler-proxy-4.1.48.Final.jar:/home/user/.m2/repository/io/netty/netty-codec-socks/4.1.48.Final/netty-codec-socks-4.1.48.Final.jar:/home/user/.m2/repository/io/netty/netty-transport-native-epoll/4.1.48.Final/netty-transport-native-epoll-4.1.48.Final.jar:/home/user/.m2/repository/io/netty/netty-common/4.1.48.Final/netty-common-4.1.48.Final.jar:/home/user/.m2/repository/io/netty/netty-buffer/4.1.48.Final/netty-buffer-4.1.48.Final.jar:/home/user/.m2/repository/io/netty/netty-transport/4.1.48.Final/netty-transport-4.1.48.Final.jar:/home/user/.m2/repository/io/netty/netty-resolver/4.1.48.Final/netty-resolver-4.1.48.Final.jar:/home/user/.m2/repository/io/netty/netty-transport-native-unix-common/4.1.48.Final/netty-transport-native-unix-common-4.1.48.Final.jar:/home/user/.m2/repository/io/grpc/grpc-protobuf/1.29.0/grpc-protobuf-1.29.0.jar:/home/user/.m2/repository/io/grpc/grpc-api/1.29.0/grpc-api-1.29.0.jar:/home/user/.m2/repository/io/grpc/grpc-context/1.29.0/grpc-context-1.29.0.jar:/home/user/.m2/repository/org/codehaus/mojo/animal-sniffer-annotations/1.18/animal-sniffer-annotations-1.18.jar:/home/user/.m2/repository/com/google/api/grpc/proto-google-common-protos/1.17.0/proto-google-common-protos-1.17.0.jar:/home/user/.m2/repository/io/grpc/grpc-protobuf-lite/1.29.0/grpc-protobuf-lite-1.29.0.jar:/home/user/.m2/repository/io/grpc/grpc-stub/1.29.0/grpc-stub-1.29.0.jar:/home/user/.m2/repository/org/apache/hadoop/hadoop-ozone-recon/0.6.0-SNAPSHOT/hadoop-ozone-recon-0.6.0-SNAPSHOT.jar:/home/user/.m2/repository/org/apache/hadoop/hadoop-ozone-reconcodegen/0.6.0-SNAPSHOT/hadoop-ozone-reconcodegen-0.6.0-SNAPSHOT.jar:/home/user/.m2/repository/com/google/inject/extensions/guice-multibindings/4.0/guice-multibindings-4.0.jar:/home/user/.m2/repository/com/google/inject/guice/4.0/guice-4.0.jar:/home/user/.m2/repository/aopalliance/aopalliance/1.0/aopalliance-1.0.jar:/home/user/.m2/repository/com/google/inject/extensions/guice-assistedinject/4.0/guice-assistedinject-4.0.jar:/home/user/.m2/repository/com/google/inject/extensions/guice-servlet/4.0/guice-servlet-4.0.jar:/home/user/.m2/repository/org/glassfish/jersey/containers/jersey-container-servlet/2.27/jersey-container-servlet-2.27.jar:/home/user/.m2/repository/org/glassfish/hk2/guice-bridge/2.5.0/guice-bridge-2.5.0.jar:/home/user/.m2/repository/org/glassfish/jersey/core/jersey-server/2.27/jersey-server-2.27.jar:/home/user/.m2/repository/org/glassfish/jersey/core/jersey-client/2.27/jersey-client-2.27.jar:/home/user/.m2/repository/org/glassfish/jersey/media/jersey-media-jaxb/2.27/jersey-media-jaxb-2.27.jar:/home/user/.m2/repository/javax/validation/validation-api/1.1.0.Final/validation-api-1.1.0.Final.jar:/home/user/.m2/repository/org/glassfish/jersey/media/jersey-media-json-jackson/2.27/jersey-media-json-jackson-2.27.jar:/home/user/.m2/repository/org/glassfish/jersey/ext/jersey-entity-filtering/2.27/jersey-entity-filtering-2.27.jar:/home/user/.m2/repository/org/jooq/jooq/3.11.10/jooq-3.11.10.jar:/home/user/.m2/repository/org/jooq/jooq-meta/3.11.10/jooq-meta-3.11.10.jar:/home/user/.m2/repository/org/jooq/jooq-codegen/3.11.10/jooq-codegen-3.11.10.jar:/home/user/.m2/repository/com/jolbox/bonecp/0.8.0.RELEASE/bonecp-0.8.0.RELEASE.jar:/home/user/.m2/repository/org/apache/derby/derby/10.14.2.0/derby-10.14.2.0.jar:/home/user/.m2/repository/org/xerial/sqlite-jdbc/3.25.2/sqlite-jdbc-3.25.2.jar:/home/user/.m2/repository/org/springframework/spring-jdbc/5.2.5.RELEASE/spring-jdbc-5.2.5.RELEASE.jar:/home/user/.m2/repository/org/springframework/spring-beans/5.2.5.RELEASE/spring-beans-5.2.5.RELEASE.jar:/home/user/.m2/repository/org/springframework/spring-core/5.2.5.RELEASE/spring-core-5.2.5.RELEASE.jar:/home/user/.m2/repository/org/springframework/spring-jcl/5.2.5.RELEASE/spring-jcl-5.2.5.RELEASE.jar:/home/user/.m2/repository/org/springframework/spring-tx/5.2.5.RELEASE/spring-tx-5.2.5.RELEASE.jar:/home/user/.m2/repository/org/apache/hadoop/hadoop-ozone-client/0.6.0-SNAPSHOT/hadoop-ozone-client-0.6.0-SNAPSHOT.jar:/home/user/.m2/repository/org/apache/hadoop/hadoop-ozone-filesystem/0.6.0-SNAPSHOT/hadoop-ozone-filesystem-0.6.0-SNAPSHOT.jar:/home/user/.m2/repository/org/apache/hadoop/hadoop-ozone-filesystem-common/0.6.0-SNAPSHOT/hadoop-ozone-filesystem-common-0.6.0-SNAPSHOT.jar:/home/user/.m2/repository/org/apache/hadoop/hadoop-ozone-tools/0.6.0-SNAPSHOT/hadoop-ozone-tools-0.6.0-SNAPSHOT.jar:/home/user/.m2/repository/org/apache/hadoop/hadoop-hdfs/3.2.1/hadoop-hdfs-3.2.1.jar:/home/user/.m2/repository/org/apache/ratis/ratis-tools/0.6.0-6ab75ae-SNAPSHOT/ratis-tools-0.6.0-6ab75ae-SNAPSHOT.jar:/home/user/.m2/repository/org/apache/ratis/ratis-proto/0.6.0-6ab75ae-SNAPSHOT/ratis-proto-0.6.0-6ab75ae-SNAPSHOT.jar:/home/user/.m2/repository/org/apache/ratis/ratis-common/0.6.0-6ab75ae-SNAPSHOT/ratis-common-0.6.0-6ab75ae-SNAPSHOT.jar:/home/user/.m2/repository/com/amazonaws/aws-java-sdk-core/1.11.615/aws-java-sdk-core-1.11.615.jar:/home/user/.m2/repository/org/apache/httpcomponents/httpclient/4.5.2/httpclient-4.5.2.jar:/home/user/.m2/repository/org/apache/httpcomponents/httpcore/4.4.4/httpcore-4.4.4.jar:/home/user/.m2/repository/software/amazon/ion/ion-java/1.0.2/ion-java-1.0.2.jar:/home/user/.m2/repository/com/fasterxml/jackson/dataformat/jackson-dataformat-cbor/2.10.3/jackson-dataformat-cbor-2.10.3.jar:/home/user/.m2/repository/joda-time/joda-time/2.8.1/joda-time-2.8.1.jar:/home/user/.m2/repository/com/amazonaws/aws-java-sdk-s3/1.11.615/aws-java-sdk-s3-1.11.615.jar:/home/user/.m2/repository/com/amazonaws/aws-java-sdk-kms/1.11.615/aws-java-sdk-kms-1.11.615.jar:/home/user/.m2/repository/com/amazonaws/jmespath-java/1.11.615/jmespath-java-1.11.615.jar:/home/user/.m2/repository/org/apache/hadoop/hadoop-hdds-tools/0.6.0-SNAPSHOT/hadoop-hdds-tools-0.6.0-SNAPSHOT.jar:/home/user/.m2/repository/commons-cli/commons-cli/1.2/commons-cli-1.2.jar:/home/user/.m2/repository/org/apache/commons/commons-lang3/3.7/commons-lang3-3.7.jar:/home/user/.m2/repository/org/apache/hadoop/hadoop-ozone-ozone-manager/0.6.0-SNAPSHOT/hadoop-ozone-ozone-manager-0.6.0-SNAPSHOT-tests.jar:/home/user/.m2/repository/junit/junit/4.11/junit-4.11.jar:/home/user/.m2/repository/org/hamcrest/hamcrest-core/1.3/hamcrest-core-1.3.jar:/home/user/.m2/repository/org/openjdk/jmh/jmh-core/1.19/jmh-core-1.19.jar:/home/user/.m2/repository/net/sf/jopt-simple/jopt-simple/4.6/jopt-simple-4.6.jar:/home/user/.m2/repository/org/apache/commons/commons-math3/3.1.1/commons-math3-3.1.1.jar:/home/user/.m2/repository/org/openjdk/jmh/jmh-generator-annprocess/1.19/jmh-generator-annprocess-1.19.jar:/home/user/.m2/repository/org/mockito/mockito-all/1.8.5/mockito-all-1.8.5.jar:/home/user/.m2/repository/org/apache/hadoop/hadoop-kms/3.2.1/hadoop-kms-3.2.1.jar:/home/user/.m2/repository/org/apache/hadoop/hadoop-auth/3.2.1/hadoop-auth-3.2.1.jar:/home/user/.m2/repository/com/nimbusds/nimbus-jose-jwt/7.9/nimbus-jose-jwt-7.9.jar:/home/user/.m2/repository/com/github/stephenc/jcip/jcip-annotations/1.0-1/jcip-annotations-1.0-1.jar:/home/user/.m2/repository/net/minidev/json-smart/2.3/json-smart-2.3.jar:/home/user/.m2/repository/net/minidev/accessors-smart/1.2/accessors-smart-1.2.jar:/home/user/.m2/repository/org/ow2/asm/asm/5.0.4/asm-5.0.4.jar:/home/user/.m2/repository/org/apache/zookeeper/zookeeper/3.4.13/zookeeper-3.4.13.jar:/home/user/.m2/repository/org/apache/yetus/audience-annotations/0.5.0/audience-annotations-0.5.0.jar:/home/user/.m2/repository/org/apache/curator/curator-framework/2.13.0/curator-framework-2.13.0.jar:/home/user/.m2/repository/com/sun/jersey/jersey-core/1.19/jersey-core-1.19.jar:/home/user/.m2/repository/javax/ws/rs/jsr311-api/1.1.1/jsr311-api-1.1.1.jar:/home/user/.m2/repository/com/sun/jersey/jersey-server/1.19/jersey-server-1.19.jar:/home/user/.m2/repository/javax/servlet/javax.servlet-api/3.1.0/javax.servlet-api-3.1.0.jar:/home/user/.m2/repository/org/eclipse/jetty/jetty-server/9.4.26.v20200117/jetty-server-9.4.26.v20200117.jar:/home/user/.m2/repository/org/eclipse/jetty/jetty-http/9.4.26.v20200117/jetty-http-9.4.26.v20200117.jar:/home/user/.m2/repository/org/eclipse/jetty/jetty-io/9.4.26.v20200117/jetty-io-9.4.26.v20200117.jar:/home/user/.m2/repository/org/eclipse/jetty/jetty-webapp/9.4.26.v20200117/jetty-webapp-9.4.26.v20200117.jar:/home/user/.m2/repository/org/eclipse/jetty/jetty-xml/9.4.26.v20200117/jetty-xml-9.4.26.v20200117.jar:/home/user/.m2/repository/org/eclipse/jetty/jetty-servlet/9.4.26.v20200117/jetty-servlet-9.4.26.v20200117.jar:/home/user/.m2/repository/org/eclipse/jetty/jetty-security/9.4.26.v20200117/jetty-security-9.4.26.v20200117.jar:/home/user/.m2/repository/org/apache/hadoop/hadoop-common/3.2.1/hadoop-common-3.2.1.jar:/home/user/.m2/repository/commons-net/commons-net/3.6/commons-net-3.6.jar:/home/user/.m2/repository/commons-collections/commons-collections/3.2.2/commons-collections-3.2.2.jar:/home/user/.m2/repository/com/sun/jersey/jersey-servlet/1.19/jersey-servlet-1.19.jar:/home/user/.m2/repository/com/sun/jersey/jersey-json/1.19/jersey-json-1.19.jar:/home/user/.m2/repository/org/codehaus/jettison/jettison/1.1/jettison-1.1.jar:/home/user/.m2/repository/org/codehaus/jackson/jackson-jaxrs/1.9.2/jackson-jaxrs-1.9.2.jar:/home/user/.m2/repository/org/codehaus/jackson/jackson-xc/1.9.2/jackson-xc-1.9.2.jar:/home/user/.m2/repository/commons-beanutils/commons-beanutils/1.9.4/commons-beanutils-1.9.4.jar:/home/user/.m2/repository/org/apache/commons/commons-configuration2/2.1.1/commons-configuration2-2.1.1.jar:/home/user/.m2/repository/org/apache/commons/commons-text/1.4/commons-text-1.4.jar:/home/user/.m2/repository/com/google/re2j/re2j/1.1/re2j-1.1.jar:/home/user/.m2/repository/com/jcraft/jsch/0.1.54/jsch-0.1.54.jar:/home/user/.m2/repository/org/apache/curator/curator-client/2.13.0/curator-client-2.13.0.jar:/home/user/.m2/repository/org/apache/curator/curator-recipes/2.13.0/curator-recipes-2.13.0.jar:/home/user/.m2/repository/dnsjava/dnsjava/2.1.7/dnsjava-2.1.7.jar:/home/user/.m2/repository/org/slf4j/jul-to-slf4j/1.7.25/jul-to-slf4j-1.7.25.jar:/home/user/.m2/repository/org/eclipse/jetty/jetty-util/9.4.26.v20200117/jetty-util-9.4.26.v20200117.jar:/home/user/.m2/repository/com/fasterxml/jackson/core/jackson-databind/2.10.3/jackson-databind-2.10.3.jar:/home/user/.m2/repository/org/apache/hadoop/hadoop-kms/3.2.1/hadoop-kms-3.2.1-tests.jar:/home/user/.m2/repository/org/apache/hadoop/hadoop-hdds-server-scm/0.6.0-SNAPSHOT/hadoop-hdds-server-scm-0.6.0-SNAPSHOT-tests.jar:/home/user/.m2/repository/org/apache/hadoop/hadoop-hdds-container-service/0.6.0-SNAPSHOT/hadoop-hdds-container-service-0.6.0-SNAPSHOT-tests.jar:/home/user/.m2/repository/org/apache/hadoop/hadoop-hdds-common/0.6.0-SNAPSHOT/hadoop-hdds-common-0.6.0-SNAPSHOT-tests.jar:/home/user/.m2/repository/org/yaml/snakeyaml/1.16/snakeyaml-1.16.jar:/home/user/.m2/repository/org/apache/hadoop/hadoop-hdds-hadoop-dependency-test/0.6.0-SNAPSHOT/hadoop-hdds-hadoop-dependency-test-0.6.0-SNAPSHOT.jar:/home/user/.m2/repository/org/apache/hadoop/hadoop-common/3.2.1/hadoop-common-3.2.1-tests.jar:/home/user/.m2/repository/javax/servlet/jsp/jsp-api/2.1/jsp-api-2.1.jar:/home/user/.m2/repository/org/apache/hadoop/hadoop-hdfs/3.2.1/hadoop-hdfs-3.2.1-tests.jar:/home/user/.m2/repository/org/eclipse/jetty/jetty-util-ajax/9.4.26.v20200117/jetty-util-ajax-9.4.26.v20200117.jar:/home/user/.m2/repository/commons-codec/commons-codec/1.11/commons-codec-1.11.jar:/home/user/.m2/repository/commons-daemon/commons-daemon/1.0.13/commons-daemon-1.0.13.jar:/home/user/.m2/repository/io/netty/netty/3.10.5.Final/netty-3.10.5.Final.jar:/home/user/.m2/repository/io/netty/netty-all/4.1.48.Final/netty-all-4.1.48.Final.jar:/home/user/.m2/repository/org/apache/htrace/htrace-core4/4.1.0-incubating/htrace-core4-4.1.0-incubating.jar:/home/user/.m2/repository/org/fusesource/leveldbjni/leveldbjni-all/1.8/leveldbjni-all-1.8.jar:/home/user/.m2/repository/org/apache/hadoop/hadoop-distcp/3.2.1/hadoop-distcp-3.2.1.jar:/home/user/.m2/repository/org/apache/hadoop/hadoop-mapreduce-client-jobclient/3.2.1/hadoop-mapreduce-client-jobclient-3.2.1.jar:/home/user/.m2/repository/org/apache/hadoop/hadoop-mapreduce-client-common/3.2.1/hadoop-mapreduce-client-common-3.2.1.jar:/home/user/.m2/repository/org/apache/hadoop/hadoop-yarn-common/3.2.1/hadoop-yarn-common-3.2.1.jar:/home/user/.m2/repository/org/apache/hadoop/hadoop-yarn-api/3.2.1/hadoop-yarn-api-3.2.1.jar:/home/user/.m2/repository/com/sun/jersey/jersey-client/1.19/jersey-client-1.19.jar:/home/user/.m2/repository/com/sun/jersey/contribs/jersey-guice/1.19/jersey-guice-1.19.jar:/home/user/.m2/repository/com/fasterxml/jackson/jaxrs/jackson-jaxrs-json-provider/2.10.3/jackson-jaxrs-json-provider-2.10.3.jar:/home/user/.m2/repository/com/fasterxml/jackson/jaxrs/jackson-jaxrs-base/2.10.3/jackson-jaxrs-base-2.10.3.jar:/home/user/.m2/repository/org/apache/hadoop/hadoop-yarn-client/3.2.1/hadoop-yarn-client-3.2.1.jar:/home/user/.m2/repository/org/apache/hadoop/hadoop-mapreduce-client-core/3.2.1/hadoop-mapreduce-client-core-3.2.1.jar:/home/user/.m2/repository/org/apache/avro/avro/1.7.7/avro-1.7.7.jar:/home/user/.m2/repository/org/codehaus/jackson/jackson-core-asl/1.9.13/jackson-core-asl-1.9.13.jar:/home/user/.m2/repository/org/codehaus/jackson/jackson-mapper-asl/1.9.13/jackson-mapper-asl-1.9.13.jar:/home/user/.m2/repository/com/thoughtworks/paranamer/paranamer/2.3/paranamer-2.3.jar:/home/user/.m2/repository/org/xerial/snappy/snappy-java/1.0.5/snappy-java-1.0.5.jar:/home/user/.m2/repository/org/apache/hadoop/hadoop-annotations/3.2.1/hadoop-annotations-3.2.1.jar:/usr/lib/jvm/java-1.8.0-openjdk-1.8.0.232.b09-0.el7_7.x86_64/jre/../lib/tools.jar:/home/user/.m2/repository/org/apache/hadoop/hadoop-distcp/3.2.1/hadoop-distcp-3.2.1-tests.jar:"/>
    <property name="java.vm.vendor" value="Oracle Corporation"/>
    <property name="sun.arch.data.model" value="64"/>
    <property name="test.build.dir" value="/github/workspace/mnt/ozone/hadoop-ozone/integration-test/target/test-dir"/>
    <property name="test.cache.data" value=""/>
    <property name="java.vendor.url" value="http://java.oracle.com/"/>
    <property name="user.timezone" value=""/>
    <property name="java.vm.specification.version" value="1.8"/>
    <property name="os.name" value="Linux"/>
    <property name="test.build.data" value="/github/workspace/mnt/ozone/hadoop-ozone/integration-test/target/test-dir"/>
    <property name="user.country" value="US"/>
    <property name="sun.java.launcher" value="SUN_STANDARD"/>
    <property name="sun.boot.library.path" value="/usr/lib/jvm/java-1.8.0-openjdk-1.8.0.232.b09-0.el7_7.x86_64/jre/lib/amd64"/>
    <property name="sun.java.command" value="/github/workspace/mnt/ozone/hadoop-ozone/integration-test/target/surefire/surefirebooter6902711305203621917.jar /github/workspace/mnt/ozone/hadoop-ozone/integration-test/target/surefire 2020-07-16T01-22-25_279-jvmRun1 surefire8631061675411138992tmp surefire_23690587647465730468tmp"/>
    <property name="surefire.test.class.path" value="/github/workspace/mnt/ozone/hadoop-ozone/integration-test/target/test-classes:/github/workspace/mnt/ozone/hadoop-ozone/integration-test/target/classes:/home/user/.m2/repository/org/apache/hadoop/hadoop-ozone-common/0.6.0-SNAPSHOT/hadoop-ozone-common-0.6.0-SNAPSHOT.jar:/home/user/.m2/repository/org/apache/commons/commons-compress/1.4.1/commons-compress-1.4.1.jar:/home/user/.m2/repository/org/tukaani/xz/1.0/xz-1.0.jar:/home/user/.m2/repository/org/apache/hadoop/hadoop-hdds-common/0.6.0-SNAPSHOT/hadoop-hdds-common-0.6.0-SNAPSHOT.jar:/home/user/.m2/repository/org/apache/hadoop/hadoop-hdds-hadoop-dependency-client/0.6.0-SNAPSHOT/hadoop-hdds-hadoop-dependency-client-0.6.0-SNAPSHOT.jar:/home/user/.m2/repository/info/picocli/picocli/3.9.6/picocli-3.9.6.jar:/home/user/.m2/repository/com/fasterxml/jackson/core/jackson-annotations/2.10.3/jackson-annotations-2.10.3.jar:/home/user/.m2/repository/javax/annotation/javax.annotation-api/1.2/javax.annotation-api-1.2.jar:/home/user/.m2/repository/org/apache/ratis/ratis-server/0.6.0-6ab75ae-SNAPSHOT/ratis-server-0.6.0-6ab75ae-SNAPSHOT.jar:/home/user/.m2/repository/org/apache/ratis/ratis-client/0.6.0-6ab75ae-SNAPSHOT/ratis-client-0.6.0-6ab75ae-SNAPSHOT.jar:/home/user/.m2/repository/org/apache/ratis/ratis-metrics/0.6.0-6ab75ae-SNAPSHOT/ratis-metrics-0.6.0-6ab75ae-SNAPSHOT.jar:/home/user/.m2/repository/org/apache/ratis/ratis-netty/0.6.0-6ab75ae-SNAPSHOT/ratis-netty-0.6.0-6ab75ae-SNAPSHOT.jar:/home/user/.m2/repository/org/apache/ratis/ratis-grpc/0.6.0-6ab75ae-SNAPSHOT/ratis-grpc-0.6.0-6ab75ae-SNAPSHOT.jar:/home/user/.m2/repository/org/apache/logging/log4j/log4j-api/2.11.0/log4j-api-2.11.0.jar:/home/user/.m2/repository/org/apache/logging/log4j/log4j-core/2.11.0/log4j-core-2.11.0.jar:/home/user/.m2/repository/com/lmax/disruptor/3.4.2/disruptor-3.4.2.jar:/home/user/.m2/repository/org/apache/commons/commons-pool2/2.6.0/commons-pool2-2.6.0.jar:/home/user/.m2/repository/org/bouncycastle/bcpkix-jdk15on/1.60/bcpkix-jdk15on-1.60.jar:/home/user/.m2/repository/commons-validator/commons-validator/1.6/commons-validator-1.6.jar:/home/user/.m2/repository/commons-digester/commons-digester/1.8.1/commons-digester-1.8.1.jar:/home/user/.m2/repository/io/jaegertracing/jaeger-client/1.2.0/jaeger-client-1.2.0.jar:/home/user/.m2/repository/io/jaegertracing/jaeger-thrift/1.2.0/jaeger-thrift-1.2.0.jar:/home/user/.m2/repository/org/apache/thrift/libthrift/0.13.0/libthrift-0.13.0.jar:/home/user/.m2/repository/com/squareup/okhttp3/okhttp/4.2.2/okhttp-4.2.2.jar:/home/user/.m2/repository/com/squareup/okio/okio/2.2.2/okio-2.2.2.jar:/home/user/.m2/repository/org/jetbrains/kotlin/kotlin-stdlib/1.3.50/kotlin-stdlib-1.3.50.jar:/home/user/.m2/repository/org/jetbrains/kotlin/kotlin-stdlib-common/1.3.50/kotlin-stdlib-common-1.3.50.jar:/home/user/.m2/repository/org/jetbrains/annotations/13.0/annotations-13.0.jar:/home/user/.m2/repository/io/jaegertracing/jaeger-core/1.2.0/jaeger-core-1.2.0.jar:/home/user/.m2/repository/io/jaegertracing/jaeger-tracerresolver/1.2.0/jaeger-tracerresolver-1.2.0.jar:/home/user/.m2/repository/io/opentracing/contrib/opentracing-tracerresolver/0.1.8/opentracing-tracerresolver-0.1.8.jar:/home/user/.m2/repository/io/opentracing/opentracing-util/0.33.0/opentracing-util-0.33.0.jar:/home/user/.m2/repository/io/opentracing/opentracing-api/0.33.0/opentracing-api-0.33.0.jar:/home/user/.m2/repository/io/opentracing/opentracing-noop/0.33.0/opentracing-noop-0.33.0.jar:/home/user/.m2/repository/org/apache/hadoop/hadoop-hdds-client/0.6.0-SNAPSHOT/hadoop-hdds-client-0.6.0-SNAPSHOT.jar:/home/user/.m2/repository/org/apache/hadoop/hadoop-ozone-interface-client/0.6.0-SNAPSHOT/hadoop-ozone-interface-client-0.6.0-SNAPSHOT.jar:/home/user/.m2/repository/org/apache/hadoop/hadoop-hdds-test-utils/0.6.0-SNAPSHOT/hadoop-hdds-test-utils-0.6.0-SNAPSHOT.jar:/home/user/.m2/repository/com/google/guava/guava/28.2-jre/guava-28.2-jre.jar:/home/user/.m2/repository/com/google/guava/failureaccess/1.0.1/failureaccess-1.0.1.jar:/home/user/.m2/repository/com/google/guava/listenablefuture/9999.0-empty-to-avoid-conflict-with-guava/listenablefuture-9999.0-empty-to-avoid-conflict-with-guava.jar:/home/user/.m2/repository/com/google/code/findbugs/jsr305/3.0.0/jsr305-3.0.0.jar:/home/user/.m2/repository/org/checkerframework/checker-qual/2.10.0/checker-qual-2.10.0.jar:/home/user/.m2/repository/com/google/errorprone/error_prone_annotations/2.2.0/error_prone_annotations-2.2.0.jar:/home/user/.m2/repository/com/google/j2objc/j2objc-annotations/1.3/j2objc-annotations-1.3.jar:/home/user/.m2/repository/commons-io/commons-io/2.5/commons-io-2.5.jar:/home/user/.m2/repository/commons-logging/commons-logging/1.2/commons-logging-1.2.jar:/home/user/.m2/repository/log4j/log4j/1.2.17/log4j-1.2.17.jar:/home/user/.m2/repository/org/slf4j/slf4j-api/1.7.25/slf4j-api-1.7.25.jar:/home/user/.m2/repository/org/apache/hadoop/hadoop-hdds-server-scm/0.6.0-SNAPSHOT/hadoop-hdds-server-scm-0.6.0-SNAPSHOT.jar:/home/user/.m2/repository/org/apache/hadoop/hadoop-hdds-container-service/0.6.0-SNAPSHOT/hadoop-hdds-container-service-0.6.0-SNAPSHOT.jar:/home/user/.m2/repository/org/apache/hadoop/hadoop-hdds-hadoop-dependency-server/0.6.0-SNAPSHOT/hadoop-hdds-hadoop-dependency-server-0.6.0-SNAPSHOT.jar:/home/user/.m2/repository/org/apache/hadoop/hadoop-hdds-server-framework/0.6.0-SNAPSHOT/hadoop-hdds-server-framework-0.6.0-SNAPSHOT.jar:/home/user/.m2/repository/org/apache/hadoop/hadoop-hdds-interface-server/0.6.0-SNAPSHOT/hadoop-hdds-interface-server-0.6.0-SNAPSHOT.jar:/home/user/.m2/repository/org/apache/hadoop/hadoop-hdds-interface-admin/0.6.0-SNAPSHOT/hadoop-hdds-interface-admin-0.6.0-SNAPSHOT.jar:/home/user/.m2/repository/org/rocksdb/rocksdbjni/6.8.1/rocksdbjni-6.8.1.jar:/home/user/.m2/repository/io/prometheus/simpleclient_dropwizard/0.7.0/simpleclient_dropwizard-0.7.0.jar:/home/user/.m2/repository/io/prometheus/simpleclient/0.7.0/simpleclient-0.7.0.jar:/home/user/.m2/repository/io/prometheus/simpleclient_common/0.7.0/simpleclient_common-0.7.0.jar:/home/user/.m2/repository/com/fasterxml/jackson/datatype/jackson-datatype-jsr310/2.10.3/jackson-datatype-jsr310-2.10.3.jar:/home/user/.m2/repository/org/apache/hadoop/hadoop-hdds-docs/0.6.0-SNAPSHOT/hadoop-hdds-docs-0.6.0-SNAPSHOT.jar:/home/user/.m2/repository/io/dropwizard/metrics/metrics-core/3.2.4/metrics-core-3.2.4.jar:/home/user/.m2/repository/org/apache/hadoop/hadoop-hdfs-client/3.2.1/hadoop-hdfs-client-3.2.1.jar:/home/user/.m2/repository/org/bouncycastle/bcprov-jdk15on/1.60/bcprov-jdk15on-1.60.jar:/home/user/.m2/repository/org/apache/hadoop/hadoop-ozone-ozone-manager/0.6.0-SNAPSHOT/hadoop-ozone-ozone-manager-0.6.0-SNAPSHOT.jar:/home/user/.m2/repository/org/apache/hadoop/hadoop-hdds-interface-client/0.6.0-SNAPSHOT/hadoop-hdds-interface-client-0.6.0-SNAPSHOT.jar:/home/user/.m2/repository/org/apache/ratis/ratis-thirdparty-misc/0.4.0/ratis-thirdparty-misc-0.4.0.jar:/home/user/.m2/repository/org/apache/hadoop/hadoop-minikdc/3.2.1/hadoop-minikdc-3.2.1.jar:/home/user/.m2/repository/org/apache/kerby/kerb-simplekdc/1.0.1/kerb-simplekdc-1.0.1.jar:/home/user/.m2/repository/org/apache/kerby/kerb-client/1.0.1/kerb-client-1.0.1.jar:/home/user/.m2/repository/org/apache/kerby/kerby-config/1.0.1/kerby-config-1.0.1.jar:/home/user/.m2/repository/org/apache/kerby/kerb-core/1.0.1/kerb-core-1.0.1.jar:/home/user/.m2/repository/org/apache/kerby/kerby-pkix/1.0.1/kerby-pkix-1.0.1.jar:/home/user/.m2/repository/org/apache/kerby/kerby-asn1/1.0.1/kerby-asn1-1.0.1.jar:/home/user/.m2/repository/org/apache/kerby/kerby-util/1.0.1/kerby-util-1.0.1.jar:/home/user/.m2/repository/org/apache/kerby/kerb-common/1.0.1/kerb-common-1.0.1.jar:/home/user/.m2/repository/org/apache/kerby/kerb-crypto/1.0.1/kerb-crypto-1.0.1.jar:/home/user/.m2/repository/org/apache/kerby/kerb-util/1.0.1/kerb-util-1.0.1.jar:/home/user/.m2/repository/org/apache/kerby/token-provider/1.0.1/token-provider-1.0.1.jar:/home/user/.m2/repository/org/apache/kerby/kerb-admin/1.0.1/kerb-admin-1.0.1.jar:/home/user/.m2/repository/org/apache/kerby/kerb-server/1.0.1/kerb-server-1.0.1.jar:/home/user/.m2/repository/org/apache/kerby/kerb-identity/1.0.1/kerb-identity-1.0.1.jar:/home/user/.m2/repository/org/apache/kerby/kerby-xdr/1.0.1/kerby-xdr-1.0.1.jar:/home/user/.m2/repository/org/slf4j/slf4j-log4j12/1.7.25/slf4j-log4j12-1.7.25.jar:/home/user/.m2/repository/org/apache/hadoop/hadoop-ozone-s3gateway/0.6.0-SNAPSHOT/hadoop-ozone-s3gateway-0.6.0-SNAPSHOT.jar:/home/user/.m2/repository/org/jboss/weld/servlet/weld-servlet/2.4.7.Final/weld-servlet-2.4.7.Final.jar:/home/user/.m2/repository/org/glassfish/jersey/containers/jersey-container-servlet-core/2.27/jersey-container-servlet-core-2.27.jar:/home/user/.m2/repository/org/glassfish/hk2/external/javax.inject/2.5.0-b42/javax.inject-2.5.0-b42.jar:/home/user/.m2/repository/org/glassfish/jersey/core/jersey-common/2.27/jersey-common-2.27.jar:/home/user/.m2/repository/org/glassfish/hk2/osgi-resource-locator/1.0.1/osgi-resource-locator-1.0.1.jar:/home/user/.m2/repository/javax/ws/rs/javax.ws.rs-api/2.1/javax.ws.rs-api-2.1.jar:/home/user/.m2/repository/org/glassfish/jersey/ext/cdi/jersey-cdi1x/2.27/jersey-cdi1x-2.27.jar:/home/user/.m2/repository/org/glassfish/jersey/inject/jersey-hk2/2.27/jersey-hk2-2.27.jar:/home/user/.m2/repository/org/glassfish/hk2/hk2-locator/2.5.0-b42/hk2-locator-2.5.0-b42.jar:/home/user/.m2/repository/org/javassist/javassist/3.22.0-CR2/javassist-3.22.0-CR2.jar:/home/user/.m2/repository/org/glassfish/hk2/hk2-api/2.5.0/hk2-api-2.5.0.jar:/home/user/.m2/repository/org/glassfish/hk2/external/jakarta.inject/2.5.0/jakarta.inject-2.5.0.jar:/home/user/.m2/repository/org/glassfish/hk2/hk2-utils/2.5.0/hk2-utils-2.5.0.jar:/home/user/.m2/repository/jakarta/annotation/jakarta.annotation-api/1.3.4/jakarta.annotation-api-1.3.4.jar:/home/user/.m2/repository/org/glassfish/hk2/external/aopalliance-repackaged/2.5.0/aopalliance-repackaged-2.5.0.jar:/home/user/.m2/repository/com/fasterxml/jackson/dataformat/jackson-dataformat-xml/2.10.3/jackson-dataformat-xml-2.10.3.jar:/home/user/.m2/repository/com/fasterxml/jackson/core/jackson-core/2.10.3/jackson-core-2.10.3.jar:/home/user/.m2/repository/com/fasterxml/jackson/module/jackson-module-jaxb-annotations/2.10.3/jackson-module-jaxb-annotations-2.10.3.jar:/home/user/.m2/repository/jakarta/xml/bind/jakarta.xml.bind-api/2.3.2/jakarta.xml.bind-api-2.3.2.jar:/home/user/.m2/repository/jakarta/activation/jakarta.activation-api/1.2.1/jakarta.activation-api-1.2.1.jar:/home/user/.m2/repository/org/codehaus/woodstox/stax2-api/3.1.4/stax2-api-3.1.4.jar:/home/user/.m2/repository/com/fasterxml/woodstox/woodstox-core/5.0.3/woodstox-core-5.0.3.jar:/home/user/.m2/repository/javax/enterprise/cdi-api/1.2/cdi-api-1.2.jar:/home/user/.m2/repository/javax/el/javax.el-api/3.0.0/javax.el-api-3.0.0.jar:/home/user/.m2/repository/javax/interceptor/javax.interceptor-api/1.2/javax.interceptor-api-1.2.jar:/home/user/.m2/repository/javax/inject/javax.inject/1/javax.inject-1.jar:/home/user/.m2/repository/com/sun/xml/bind/jaxb-impl/2.3.0.1/jaxb-impl-2.3.0.1.jar:/home/user/.m2/repository/com/sun/xml/bind/jaxb-core/2.3.0.1/jaxb-core-2.3.0.1.jar:/home/user/.m2/repository/javax/xml/bind/jaxb-api/2.3.0/jaxb-api-2.3.0.jar:/home/user/.m2/repository/javax/activation/activation/1.1.1/activation-1.1.1.jar:/home/user/.m2/repository/org/apache/hadoop/hadoop-ozone-csi/0.6.0-SNAPSHOT/hadoop-ozone-csi-0.6.0-SNAPSHOT.jar:/home/user/.m2/repository/com/google/protobuf/protobuf-java-util/3.11.0/protobuf-java-util-3.11.0.jar:/home/user/.m2/repository/com/google/code/gson/gson/2.2.4/gson-2.2.4.jar:/home/user/.m2/repository/org/apache/hadoop/hadoop-hdds-config/0.6.0-SNAPSHOT/hadoop-hdds-config-0.6.0-SNAPSHOT.jar:/home/user/.m2/repository/com/google/protobuf/protobuf-java/2.5.0/protobuf-java-2.5.0.jar:/home/user/.m2/repository/io/grpc/grpc-netty/1.29.0/grpc-netty-1.29.0.jar:/home/user/.m2/repository/io/grpc/grpc-core/1.29.0/grpc-core-1.29.0.jar:/home/user/.m2/repository/com/google/android/annotations/4.1.1.4/annotations-4.1.1.4.jar:/home/user/.m2/repository/io/perfmark/perfmark-api/0.19.0/perfmark-api-0.19.0.jar:/home/user/.m2/repository/io/netty/netty-codec-http2/4.1.48.Final/netty-codec-http2-4.1.48.Final.jar:/home/user/.m2/repository/io/netty/netty-codec/4.1.48.Final/netty-codec-4.1.48.Final.jar:/home/user/.m2/repository/io/netty/netty-handler/4.1.48.Final/netty-handler-4.1.48.Final.jar:/home/user/.m2/repository/io/netty/netty-codec-http/4.1.48.Final/netty-codec-http-4.1.48.Final.jar:/home/user/.m2/repository/io/netty/netty-handler-proxy/4.1.48.Final/netty-handler-proxy-4.1.48.Final.jar:/home/user/.m2/repository/io/netty/netty-codec-socks/4.1.48.Final/netty-codec-socks-4.1.48.Final.jar:/home/user/.m2/repository/io/netty/netty-transport-native-epoll/4.1.48.Final/netty-transport-native-epoll-4.1.48.Final.jar:/home/user/.m2/repository/io/netty/netty-common/4.1.48.Final/netty-common-4.1.48.Final.jar:/home/user/.m2/repository/io/netty/netty-buffer/4.1.48.Final/netty-buffer-4.1.48.Final.jar:/home/user/.m2/repository/io/netty/netty-transport/4.1.48.Final/netty-transport-4.1.48.Final.jar:/home/user/.m2/repository/io/netty/netty-resolver/4.1.48.Final/netty-resolver-4.1.48.Final.jar:/home/user/.m2/repository/io/netty/netty-transport-native-unix-common/4.1.48.Final/netty-transport-native-unix-common-4.1.48.Final.jar:/home/user/.m2/repository/io/grpc/grpc-protobuf/1.29.0/grpc-protobuf-1.29.0.jar:/home/user/.m2/repository/io/grpc/grpc-api/1.29.0/grpc-api-1.29.0.jar:/home/user/.m2/repository/io/grpc/grpc-context/1.29.0/grpc-context-1.29.0.jar:/home/user/.m2/repository/org/codehaus/mojo/animal-sniffer-annotations/1.18/animal-sniffer-annotations-1.18.jar:/home/user/.m2/repository/com/google/api/grpc/proto-google-common-protos/1.17.0/proto-google-common-protos-1.17.0.jar:/home/user/.m2/repository/io/grpc/grpc-protobuf-lite/1.29.0/grpc-protobuf-lite-1.29.0.jar:/home/user/.m2/repository/io/grpc/grpc-stub/1.29.0/grpc-stub-1.29.0.jar:/home/user/.m2/repository/org/apache/hadoop/hadoop-ozone-recon/0.6.0-SNAPSHOT/hadoop-ozone-recon-0.6.0-SNAPSHOT.jar:/home/user/.m2/repository/org/apache/hadoop/hadoop-ozone-reconcodegen/0.6.0-SNAPSHOT/hadoop-ozone-reconcodegen-0.6.0-SNAPSHOT.jar:/home/user/.m2/repository/com/google/inject/extensions/guice-multibindings/4.0/guice-multibindings-4.0.jar:/home/user/.m2/repository/com/google/inject/guice/4.0/guice-4.0.jar:/home/user/.m2/repository/aopalliance/aopalliance/1.0/aopalliance-1.0.jar:/home/user/.m2/repository/com/google/inject/extensions/guice-assistedinject/4.0/guice-assistedinject-4.0.jar:/home/user/.m2/repository/com/google/inject/extensions/guice-servlet/4.0/guice-servlet-4.0.jar:/home/user/.m2/repository/org/glassfish/jersey/containers/jersey-container-servlet/2.27/jersey-container-servlet-2.27.jar:/home/user/.m2/repository/org/glassfish/hk2/guice-bridge/2.5.0/guice-bridge-2.5.0.jar:/home/user/.m2/repository/org/glassfish/jersey/core/jersey-server/2.27/jersey-server-2.27.jar:/home/user/.m2/repository/org/glassfish/jersey/core/jersey-client/2.27/jersey-client-2.27.jar:/home/user/.m2/repository/org/glassfish/jersey/media/jersey-media-jaxb/2.27/jersey-media-jaxb-2.27.jar:/home/user/.m2/repository/javax/validation/validation-api/1.1.0.Final/validation-api-1.1.0.Final.jar:/home/user/.m2/repository/org/glassfish/jersey/media/jersey-media-json-jackson/2.27/jersey-media-json-jackson-2.27.jar:/home/user/.m2/repository/org/glassfish/jersey/ext/jersey-entity-filtering/2.27/jersey-entity-filtering-2.27.jar:/home/user/.m2/repository/org/jooq/jooq/3.11.10/jooq-3.11.10.jar:/home/user/.m2/repository/org/jooq/jooq-meta/3.11.10/jooq-meta-3.11.10.jar:/home/user/.m2/repository/org/jooq/jooq-codegen/3.11.10/jooq-codegen-3.11.10.jar:/home/user/.m2/repository/com/jolbox/bonecp/0.8.0.RELEASE/bonecp-0.8.0.RELEASE.jar:/home/user/.m2/repository/org/apache/derby/derby/10.14.2.0/derby-10.14.2.0.jar:/home/user/.m2/repository/org/xerial/sqlite-jdbc/3.25.2/sqlite-jdbc-3.25.2.jar:/home/user/.m2/repository/org/springframework/spring-jdbc/5.2.5.RELEASE/spring-jdbc-5.2.5.RELEASE.jar:/home/user/.m2/repository/org/springframework/spring-beans/5.2.5.RELEASE/spring-beans-5.2.5.RELEASE.jar:/home/user/.m2/repository/org/springframework/spring-core/5.2.5.RELEASE/spring-core-5.2.5.RELEASE.jar:/home/user/.m2/repository/org/springframework/spring-jcl/5.2.5.RELEASE/spring-jcl-5.2.5.RELEASE.jar:/home/user/.m2/repository/org/springframework/spring-tx/5.2.5.RELEASE/spring-tx-5.2.5.RELEASE.jar:/home/user/.m2/repository/org/apache/hadoop/hadoop-ozone-client/0.6.0-SNAPSHOT/hadoop-ozone-client-0.6.0-SNAPSHOT.jar:/home/user/.m2/repository/org/apache/hadoop/hadoop-ozone-filesystem/0.6.0-SNAPSHOT/hadoop-ozone-filesystem-0.6.0-SNAPSHOT.jar:/home/user/.m2/repository/org/apache/hadoop/hadoop-ozone-filesystem-common/0.6.0-SNAPSHOT/hadoop-ozone-filesystem-common-0.6.0-SNAPSHOT.jar:/home/user/.m2/repository/org/apache/hadoop/hadoop-ozone-tools/0.6.0-SNAPSHOT/hadoop-ozone-tools-0.6.0-SNAPSHOT.jar:/home/user/.m2/repository/org/apache/hadoop/hadoop-hdfs/3.2.1/hadoop-hdfs-3.2.1.jar:/home/user/.m2/repository/org/apache/ratis/ratis-tools/0.6.0-6ab75ae-SNAPSHOT/ratis-tools-0.6.0-6ab75ae-SNAPSHOT.jar:/home/user/.m2/repository/org/apache/ratis/ratis-proto/0.6.0-6ab75ae-SNAPSHOT/ratis-proto-0.6.0-6ab75ae-SNAPSHOT.jar:/home/user/.m2/repository/org/apache/ratis/ratis-common/0.6.0-6ab75ae-SNAPSHOT/ratis-common-0.6.0-6ab75ae-SNAPSHOT.jar:/home/user/.m2/repository/com/amazonaws/aws-java-sdk-core/1.11.615/aws-java-sdk-core-1.11.615.jar:/home/user/.m2/repository/org/apache/httpcomponents/httpclient/4.5.2/httpclient-4.5.2.jar:/home/user/.m2/repository/org/apache/httpcomponents/httpcore/4.4.4/httpcore-4.4.4.jar:/home/user/.m2/repository/software/amazon/ion/ion-java/1.0.2/ion-java-1.0.2.jar:/home/user/.m2/repository/com/fasterxml/jackson/dataformat/jackson-dataformat-cbor/2.10.3/jackson-dataformat-cbor-2.10.3.jar:/home/user/.m2/repository/joda-time/joda-time/2.8.1/joda-time-2.8.1.jar:/home/user/.m2/repository/com/amazonaws/aws-java-sdk-s3/1.11.615/aws-java-sdk-s3-1.11.615.jar:/home/user/.m2/repository/com/amazonaws/aws-java-sdk-kms/1.11.615/aws-java-sdk-kms-1.11.615.jar:/home/user/.m2/repository/com/amazonaws/jmespath-java/1.11.615/jmespath-java-1.11.615.jar:/home/user/.m2/repository/org/apache/hadoop/hadoop-hdds-tools/0.6.0-SNAPSHOT/hadoop-hdds-tools-0.6.0-SNAPSHOT.jar:/home/user/.m2/repository/commons-cli/commons-cli/1.2/commons-cli-1.2.jar:/home/user/.m2/repository/org/apache/commons/commons-lang3/3.7/commons-lang3-3.7.jar:/home/user/.m2/repository/org/apache/hadoop/hadoop-ozone-ozone-manager/0.6.0-SNAPSHOT/hadoop-ozone-ozone-manager-0.6.0-SNAPSHOT-tests.jar:/home/user/.m2/repository/junit/junit/4.11/junit-4.11.jar:/home/user/.m2/repository/org/hamcrest/hamcrest-core/1.3/hamcrest-core-1.3.jar:/home/user/.m2/repository/org/openjdk/jmh/jmh-core/1.19/jmh-core-1.19.jar:/home/user/.m2/repository/net/sf/jopt-simple/jopt-simple/4.6/jopt-simple-4.6.jar:/home/user/.m2/repository/org/apache/commons/commons-math3/3.1.1/commons-math3-3.1.1.jar:/home/user/.m2/repository/org/openjdk/jmh/jmh-generator-annprocess/1.19/jmh-generator-annprocess-1.19.jar:/home/user/.m2/repository/org/mockito/mockito-all/1.8.5/mockito-all-1.8.5.jar:/home/user/.m2/repository/org/apache/hadoop/hadoop-kms/3.2.1/hadoop-kms-3.2.1.jar:/home/user/.m2/repository/org/apache/hadoop/hadoop-auth/3.2.1/hadoop-auth-3.2.1.jar:/home/user/.m2/repository/com/nimbusds/nimbus-jose-jwt/7.9/nimbus-jose-jwt-7.9.jar:/home/user/.m2/repository/com/github/stephenc/jcip/jcip-annotations/1.0-1/jcip-annotations-1.0-1.jar:/home/user/.m2/repository/net/minidev/json-smart/2.3/json-smart-2.3.jar:/home/user/.m2/repository/net/minidev/accessors-smart/1.2/accessors-smart-1.2.jar:/home/user/.m2/repository/org/ow2/asm/asm/5.0.4/asm-5.0.4.jar:/home/user/.m2/repository/org/apache/zookeeper/zookeeper/3.4.13/zookeeper-3.4.13.jar:/home/user/.m2/repository/org/apache/yetus/audience-annotations/0.5.0/audience-annotations-0.5.0.jar:/home/user/.m2/repository/org/apache/curator/curator-framework/2.13.0/curator-framework-2.13.0.jar:/home/user/.m2/repository/com/sun/jersey/jersey-core/1.19/jersey-core-1.19.jar:/home/user/.m2/repository/javax/ws/rs/jsr311-api/1.1.1/jsr311-api-1.1.1.jar:/home/user/.m2/repository/com/sun/jersey/jersey-server/1.19/jersey-server-1.19.jar:/home/user/.m2/repository/javax/servlet/javax.servlet-api/3.1.0/javax.servlet-api-3.1.0.jar:/home/user/.m2/repository/org/eclipse/jetty/jetty-server/9.4.26.v20200117/jetty-server-9.4.26.v20200117.jar:/home/user/.m2/repository/org/eclipse/jetty/jetty-http/9.4.26.v20200117/jetty-http-9.4.26.v20200117.jar:/home/user/.m2/repository/org/eclipse/jetty/jetty-io/9.4.26.v20200117/jetty-io-9.4.26.v20200117.jar:/home/user/.m2/repository/org/eclipse/jetty/jetty-webapp/9.4.26.v20200117/jetty-webapp-9.4.26.v20200117.jar:/home/user/.m2/repository/org/eclipse/jetty/jetty-xml/9.4.26.v20200117/jetty-xml-9.4.26.v20200117.jar:/home/user/.m2/repository/org/eclipse/jetty/jetty-servlet/9.4.26.v20200117/jetty-servlet-9.4.26.v20200117.jar:/home/user/.m2/repository/org/eclipse/jetty/jetty-security/9.4.26.v20200117/jetty-security-9.4.26.v20200117.jar:/home/user/.m2/repository/org/apache/hadoop/hadoop-common/3.2.1/hadoop-common-3.2.1.jar:/home/user/.m2/repository/commons-net/commons-net/3.6/commons-net-3.6.jar:/home/user/.m2/repository/commons-collections/commons-collections/3.2.2/commons-collections-3.2.2.jar:/home/user/.m2/repository/com/sun/jersey/jersey-servlet/1.19/jersey-servlet-1.19.jar:/home/user/.m2/repository/com/sun/jersey/jersey-json/1.19/jersey-json-1.19.jar:/home/user/.m2/repository/org/codehaus/jettison/jettison/1.1/jettison-1.1.jar:/home/user/.m2/repository/org/codehaus/jackson/jackson-jaxrs/1.9.2/jackson-jaxrs-1.9.2.jar:/home/user/.m2/repository/org/codehaus/jackson/jackson-xc/1.9.2/jackson-xc-1.9.2.jar:/home/user/.m2/repository/commons-beanutils/commons-beanutils/1.9.4/commons-beanutils-1.9.4.jar:/home/user/.m2/repository/org/apache/commons/commons-configuration2/2.1.1/commons-configuration2-2.1.1.jar:/home/user/.m2/repository/org/apache/commons/commons-text/1.4/commons-text-1.4.jar:/home/user/.m2/repository/com/google/re2j/re2j/1.1/re2j-1.1.jar:/home/user/.m2/repository/com/jcraft/jsch/0.1.54/jsch-0.1.54.jar:/home/user/.m2/repository/org/apache/curator/curator-client/2.13.0/curator-client-2.13.0.jar:/home/user/.m2/repository/org/apache/curator/curator-recipes/2.13.0/curator-recipes-2.13.0.jar:/home/user/.m2/repository/dnsjava/dnsjava/2.1.7/dnsjava-2.1.7.jar:/home/user/.m2/repository/org/slf4j/jul-to-slf4j/1.7.25/jul-to-slf4j-1.7.25.jar:/home/user/.m2/repository/org/eclipse/jetty/jetty-util/9.4.26.v20200117/jetty-util-9.4.26.v20200117.jar:/home/user/.m2/repository/com/fasterxml/jackson/core/jackson-databind/2.10.3/jackson-databind-2.10.3.jar:/home/user/.m2/repository/org/apache/hadoop/hadoop-kms/3.2.1/hadoop-kms-3.2.1-tests.jar:/home/user/.m2/repository/org/apache/hadoop/hadoop-hdds-server-scm/0.6.0-SNAPSHOT/hadoop-hdds-server-scm-0.6.0-SNAPSHOT-tests.jar:/home/user/.m2/repository/org/apache/hadoop/hadoop-hdds-container-service/0.6.0-SNAPSHOT/hadoop-hdds-container-service-0.6.0-SNAPSHOT-tests.jar:/home/user/.m2/repository/org/apache/hadoop/hadoop-hdds-common/0.6.0-SNAPSHOT/hadoop-hdds-common-0.6.0-SNAPSHOT-tests.jar:/home/user/.m2/repository/org/yaml/snakeyaml/1.16/snakeyaml-1.16.jar:/home/user/.m2/repository/org/apache/hadoop/hadoop-hdds-hadoop-dependency-test/0.6.0-SNAPSHOT/hadoop-hdds-hadoop-dependency-test-0.6.0-SNAPSHOT.jar:/home/user/.m2/repository/org/apache/hadoop/hadoop-common/3.2.1/hadoop-common-3.2.1-tests.jar:/home/user/.m2/repository/javax/servlet/jsp/jsp-api/2.1/jsp-api-2.1.jar:/home/user/.m2/repository/org/apache/hadoop/hadoop-hdfs/3.2.1/hadoop-hdfs-3.2.1-tests.jar:/home/user/.m2/repository/org/eclipse/jetty/jetty-util-ajax/9.4.26.v20200117/jetty-util-ajax-9.4.26.v20200117.jar:/home/user/.m2/repository/commons-codec/commons-codec/1.11/commons-codec-1.11.jar:/home/user/.m2/repository/commons-daemon/commons-daemon/1.0.13/commons-daemon-1.0.13.jar:/home/user/.m2/repository/io/netty/netty/3.10.5.Final/netty-3.10.5.Final.jar:/home/user/.m2/repository/io/netty/netty-all/4.1.48.Final/netty-all-4.1.48.Final.jar:/home/user/.m2/repository/org/apache/htrace/htrace-core4/4.1.0-incubating/htrace-core4-4.1.0-incubating.jar:/home/user/.m2/repository/org/fusesource/leveldbjni/leveldbjni-all/1.8/leveldbjni-all-1.8.jar:/home/user/.m2/repository/org/apache/hadoop/hadoop-distcp/3.2.1/hadoop-distcp-3.2.1.jar:/home/user/.m2/repository/org/apache/hadoop/hadoop-mapreduce-client-jobclient/3.2.1/hadoop-mapreduce-client-jobclient-3.2.1.jar:/home/user/.m2/repository/org/apache/hadoop/hadoop-mapreduce-client-common/3.2.1/hadoop-mapreduce-client-common-3.2.1.jar:/home/user/.m2/repository/org/apache/hadoop/hadoop-yarn-common/3.2.1/hadoop-yarn-common-3.2.1.jar:/home/user/.m2/repository/org/apache/hadoop/hadoop-yarn-api/3.2.1/hadoop-yarn-api-3.2.1.jar:/home/user/.m2/repository/com/sun/jersey/jersey-client/1.19/jersey-client-1.19.jar:/home/user/.m2/repository/com/sun/jersey/contribs/jersey-guice/1.19/jersey-guice-1.19.jar:/home/user/.m2/repository/com/fasterxml/jackson/jaxrs/jackson-jaxrs-json-provider/2.10.3/jackson-jaxrs-json-provider-2.10.3.jar:/home/user/.m2/repository/com/fasterxml/jackson/jaxrs/jackson-jaxrs-base/2.10.3/jackson-jaxrs-base-2.10.3.jar:/home/user/.m2/repository/org/apache/hadoop/hadoop-yarn-client/3.2.1/hadoop-yarn-client-3.2.1.jar:/home/user/.m2/repository/org/apache/hadoop/hadoop-mapreduce-client-core/3.2.1/hadoop-mapreduce-client-core-3.2.1.jar:/home/user/.m2/repository/org/apache/avro/avro/1.7.7/avro-1.7.7.jar:/home/user/.m2/repository/org/codehaus/jackson/jackson-core-asl/1.9.13/jackson-core-asl-1.9.13.jar:/home/user/.m2/repository/org/codehaus/jackson/jackson-mapper-asl/1.9.13/jackson-mapper-asl-1.9.13.jar:/home/user/.m2/repository/com/thoughtworks/paranamer/paranamer/2.3/paranamer-2.3.jar:/home/user/.m2/repository/org/xerial/snappy/snappy-java/1.0.5/snappy-java-1.0.5.jar:/home/user/.m2/repository/org/apache/hadoop/hadoop-annotations/3.2.1/hadoop-annotations-3.2.1.jar:/usr/lib/jvm/java-1.8.0-openjdk-1.8.0.232.b09-0.el7_7.x86_64/jre/../lib/tools.jar:/home/user/.m2/repository/org/apache/hadoop/hadoop-distcp/3.2.1/hadoop-distcp-3.2.1-tests.jar:"/>
    <property name="sun.cpu.endian" value="little"/>
    <property name="user.home" value="/home/user"/>
    <property name="user.language" value="en"/>
    <property name="java.specification.vendor" value="Oracle Corporation"/>
    <property name="java.home" value="/usr/lib/jvm/java-1.8.0-openjdk-1.8.0.232.b09-0.el7_7.x86_64/jre"/>
    <property name="java.security.krb5.conf" value="/github/workspace/mnt/ozone/hadoop-ozone/integration-test/target/test-classes/krb5.conf"/>
    <property name="basedir" value="/github/workspace/mnt/ozone/hadoop-ozone/integration-test"/>
    <property name="file.separator" value="/"/>
    <property name="line.separator" value="&#10;"/>
    <property name="java.vm.specification.vendor" value="Oracle Corporation"/>
    <property name="java.specification.name" value="Java Platform API Specification"/>
    <property name="java.awt.graphicsenv" value="sun.awt.X11GraphicsEnvironment"/>
    <property name="skip.installnpx" value="true"/>
    <property name="surefire.real.class.path" value="/github/workspace/mnt/ozone/hadoop-ozone/integration-test/target/surefire/surefirebooter6902711305203621917.jar:/home/user/.m2/repository/org/jacoco/org.jacoco.agent/0.8.5/org.jacoco.agent-0.8.5-runtime.jar"/>
    <property name="hadoop.log.dir" value="/github/workspace/mnt/ozone/hadoop-ozone/integration-test/target/log"/>
    <property name="sun.boot.class.path" value="/usr/lib/jvm/java-1.8.0-openjdk-1.8.0.232.b09-0.el7_7.x86_64/jre/lib/resources.jar:/usr/lib/jvm/java-1.8.0-openjdk-1.8.0.232.b09-0.el7_7.x86_64/jre/lib/rt.jar:/usr/lib/jvm/java-1.8.0-openjdk-1.8.0.232.b09-0.el7_7.x86_64/jre/lib/sunrsasign.jar:/usr/lib/jvm/java-1.8.0-openjdk-1.8.0.232.b09-0.el7_7.x86_64/jre/lib/jsse.jar:/usr/lib/jvm/java-1.8.0-openjdk-1.8.0.232.b09-0.el7_7.x86_64/jre/lib/jce.jar:/usr/lib/jvm/java-1.8.0-openjdk-1.8.0.232.b09-0.el7_7.x86_64/jre/lib/charsets.jar:/usr/lib/jvm/java-1.8.0-openjdk-1.8.0.232.b09-0.el7_7.x86_64/jre/lib/jfr.jar:/usr/lib/jvm/java-1.8.0-openjdk-1.8.0.232.b09-0.el7_7.x86_64/jre/classes"/>
    <property name="sun.management.compiler" value="HotSpot 64-Bit Tiered Compilers"/>
    <property name="skip.npx" value="true"/>
    <property name="java.runtime.version" value="1.8.0_232-b09"/>
    <property name="java.net.preferIPv4Stack" value="true"/>
    <property name="user.name" value="jenkins1001"/>
    <property name="path.separator" value=":"/>
    <property name="java.security.egd" value="file:///dev/urandom"/>
    <property name="os.version" value="5.3.0-1032-azure"/>
    <property name="java.endorsed.dirs" value="/usr/lib/jvm/java-1.8.0-openjdk-1.8.0.232.b09-0.el7_7.x86_64/jre/lib/endorsed"/>
    <property name="java.runtime.name" value="OpenJDK Runtime Environment"/>
    <property name="file.encoding" value="ANSI_X3.4-1968"/>
    <property name="java.vm.name" value="OpenJDK 64-Bit Server VM"/>
    <property name="test.build.webapps" value=""/>
    <property name="localRepository" value="/home/user/.m2/repository"/>
    <property name="java.vendor.url.bug" value="http://bugreport.sun.com/bugreport/"/>
    <property name="java.io.tmpdir" value="/tmp"/>
    <property name="require.test.libhadoop" value=""/>
    <property name="java.version" value="1.8.0_232"/>
    <property name="user.dir" value="/github/workspace/mnt/ozone/hadoop-ozone/integration-test"/>
    <property name="os.arch" value="amd64"/>
    <property name="java.vm.specification.name" value="Java Virtual Machine Specification"/>
    <property name="test.build.classes" value="/github/workspace/mnt/ozone/hadoop-ozone/integration-test/target/test-classes"/>
    <property name="java.awt.printerjob" value="sun.print.PSPrinterJob"/>
    <property name="sun.os.patch.level" value="unknown"/>
    <property name="hadoop.tmp.dir" value="/github/workspace/mnt/ozone/hadoop-ozone/integration-test/target/tmp"/>
    <property name="java.library.path" value="/usr/lib:/usr/java/packages/lib/amd64:/usr/lib64:/lib64:/lib:/usr/lib"/>
    <property name="java.vm.info" value="mixed mode"/>
    <property name="java.vendor" value="Oracle Corporation"/>
    <property name="java.vm.version" value="25.232-b09"/>
    <property name="java.ext.dirs" value="/usr/lib/jvm/java-1.8.0-openjdk-1.8.0.232.b09-0.el7_7.x86_64/jre/lib/ext:/usr/java/packages/lib/ext"/>
    <property name="sun.io.unicode.encoding" value="UnicodeLittle"/>
    <property name="java.class.version" value="52.0"/>
  </properties>
  <testcase name="testWatchForCommitWithKeyWrite" classname="org.apache.hadoop.ozone.client.rpc.TestWatchForCommit" time="61.586"/>
  <testcase name="testWatchForCommitForRetryfailure" classname="org.apache.hadoop.ozone.client.rpc.TestWatchForCommit" time="75.527"/>
  <testcase name="testWatchForCommitForGroupMismatchException" classname="org.apache.hadoop.ozone.client.rpc.TestWatchForCommit" time="38.863"/>
  <testcase name="test2WayCommitForTimeoutException" classname="org.apache.hadoop.ozone.client.rpc.TestWatchForCommit" time="38.816">
    <error message="70adf62e-3478-4f38-8b67-f629eec991ca: group-C12829981597 not found." type="org.apache.ratis.protocol.GroupMismatchException">org.apache.ratis.protocol.GroupMismatchException: 70adf62e-3478-4f38-8b67-f629eec991ca: group-C12829981597 not found.
	at org.apache.ratis.server.impl.RaftServerProxy$ImplMap.get(RaftServerProxy.java:127)
	at org.apache.ratis.server.impl.RaftServerProxy.getImplFuture(RaftServerProxy.java:274)
	at org.apache.ratis.server.impl.RaftServerProxy.getImpl(RaftServerProxy.java:283)
	at org.apache.hadoop.ozone.container.ContainerTestHelper.getRaftServerImpl(ContainerTestHelper.java:593)
	at org.apache.hadoop.ozone.container.ContainerTestHelper.isRatisFollower(ContainerTestHelper.java:608)
	at org.apache.hadoop.ozone.client.rpc.TestWatchForCommit.test2WayCommitForTimeoutException(TestWatchForCommit.java:300)
	at sun.reflect.NativeMethodAccessorImpl.invoke0(Native Method)
	at sun.reflect.NativeMethodAccessorImpl.invoke(NativeMethodAccessorImpl.java:62)
	at sun.reflect.DelegatingMethodAccessorImpl.invoke(DelegatingMethodAccessorImpl.java:43)
	at java.lang.reflect.Method.invoke(Method.java:498)
	at org.junit.runners.model.FrameworkMethod$1.runReflectiveCall(FrameworkMethod.java:47)
	at org.junit.internal.runners.model.ReflectiveCallable.run(ReflectiveCallable.java:12)
	at org.junit.runners.model.FrameworkMethod.invokeExplosively(FrameworkMethod.java:44)
	at org.junit.internal.runners.statements.InvokeMethod.evaluate(InvokeMethod.java:17)
	at org.junit.internal.runners.statements.RunBefores.evaluate(RunBefores.java:26)
	at org.junit.internal.runners.statements.RunAfters.evaluate(RunAfters.java:27)
	at org.junit.runners.ParentRunner.runLeaf(ParentRunner.java:271)
	at org.junit.runners.BlockJUnit4ClassRunner.runChild(BlockJUnit4ClassRunner.java:70)
	at org.junit.runners.BlockJUnit4ClassRunner.runChild(BlockJUnit4ClassRunner.java:50)
	at org.junit.runners.ParentRunner$3.run(ParentRunner.java:238)
	at org.junit.runners.ParentRunner$1.schedule(ParentRunner.java:63)
	at org.junit.runners.ParentRunner.runChildren(ParentRunner.java:236)
	at org.junit.runners.ParentRunner.access$000(ParentRunner.java:53)
	at org.junit.runners.ParentRunner$2.evaluate(ParentRunner.java:229)
	at org.junit.runners.ParentRunner.run(ParentRunner.java:309)
	at org.apache.maven.surefire.junit4.JUnit4Provider.execute(JUnit4Provider.java:365)
	at org.apache.maven.surefire.junit4.JUnit4Provider.executeWithRerun(JUnit4Provider.java:273)
	at org.apache.maven.surefire.junit4.JUnit4Provider.executeTestSet(JUnit4Provider.java:238)
	at org.apache.maven.surefire.junit4.JUnit4Provider.invoke(JUnit4Provider.java:159)
	at org.apache.maven.surefire.booter.ForkedBooter.invokeProviderInSameClassLoader(ForkedBooter.java:384)
	at org.apache.maven.surefire.booter.ForkedBooter.runSuitesInProcess(ForkedBooter.java:345)
	at org.apache.maven.surefire.booter.ForkedBooter.execute(ForkedBooter.java:126)
	at org.apache.maven.surefire.booter.ForkedBooter.main(ForkedBooter.java:418)
</error>
    <system-out><![CDATA[2020-07-16 01:26:39,523 [Listener at 127.0.0.1/40327] WARN  server.ServerUtils (ServerUtils.java:getScmDbDir(148)) - ozone.scm.db.dirs is not configured. We recommend adding this setting. Falling back to ozone.metadata.dirs instead.
2020-07-16 01:26:39,525 [Listener at 127.0.0.1/40327] WARN  server.ServerUtils (ServerUtils.java:getScmDbDir(148)) - ozone.scm.db.dirs is not configured. We recommend adding this setting. Falling back to ozone.metadata.dirs instead.
2020-07-16 01:26:39,525 [Listener at 127.0.0.1/40327] WARN  db.DBStoreBuilder (DBStoreBuilder.java:createDBStoreBuilder(277)) - ozone.scm.db.dirs is not configured. We recommend adding this setting. Falling back to ozone.metadata.dirs instead.
2020-07-16 01:26:39,554 [Listener at 127.0.0.1/40327] INFO  net.NodeSchemaLoader (NodeSchemaLoader.java:loadSchemaFromFile(126)) - Loading file from sun.misc.CompoundEnumeration@7ec01520
2020-07-16 01:26:39,554 [Listener at 127.0.0.1/40327] INFO  net.NodeSchemaLoader (NodeSchemaLoader.java:loadSchema(172)) - Loading network topology layer schema file
2020-07-16 01:26:39,558 [Listener at 127.0.0.1/40327] INFO  node.SCMNodeManager (SCMNodeManager.java:<init>(116)) - Entering startup safe mode.
2020-07-16 01:26:39,559 [Listener at 127.0.0.1/40327] INFO  algorithms.ContainerPlacementPolicyFactory (ContainerPlacementPolicyFactory.java:getPolicy(60)) - Create container placement policy of type org.apache.hadoop.hdds.scm.container.placement.algorithms.SCMContainerPlacementRandom
2020-07-16 01:26:39,559 [Listener at 127.0.0.1/40327] INFO  pipeline.SCMPipelineManager (SCMPipelineManager.java:initializePipelineState(158)) - No pipeline exists in current db
2020-07-16 01:26:39,560 [Listener at 127.0.0.1/40327] INFO  safemode.HealthyPipelineSafeModeRule (HealthyPipelineSafeModeRule.java:<init>(89)) - Total pipeline count is 0, healthy pipeline threshold count is 0
2020-07-16 01:26:39,560 [Listener at 127.0.0.1/40327] INFO  safemode.OneReplicaPipelineSafeModeRule (OneReplicaPipelineSafeModeRule.java:<init>(79)) - Total pipeline count is 0, pipeline's with at least one datanode reported threshold count is 0
2020-07-16 01:26:39,561 [Listener at 127.0.0.1/40327] INFO  ipc.CallQueueManager (CallQueueManager.java:<init>(84)) - Using callQueue: class java.util.concurrent.LinkedBlockingQueue, queueCapacity: 2000, scheduler: class org.apache.hadoop.ipc.DefaultRpcScheduler, ipcBackoff: false.
2020-07-16 01:26:39,563 [RatisPipelineUtilsThread] ERROR pipeline.SCMPipelineManager (SCMPipelineManager.java:createPipeline(274)) - Failed to create pipeline of type RATIS and factor ONE. Exception: Cannot create pipeline of factor 1 using 0 nodes. Used 0 nodes. Healthy nodes 0
2020-07-16 01:26:39,564 [Socket Reader #1 for port 0] INFO  ipc.Server (Server.java:run(1219)) - Starting Socket Reader #1 for port 0
2020-07-16 01:26:39,565 [Listener at 0.0.0.0/33999] INFO  ipc.CallQueueManager (CallQueueManager.java:<init>(84)) - Using callQueue: class java.util.concurrent.LinkedBlockingQueue, queueCapacity: 2000, scheduler: class org.apache.hadoop.ipc.DefaultRpcScheduler, ipcBackoff: false.
2020-07-16 01:26:39,566 [Socket Reader #1 for port 0] INFO  ipc.Server (Server.java:run(1219)) - Starting Socket Reader #1 for port 0
2020-07-16 01:26:39,567 [Listener at 0.0.0.0/40057] INFO  ipc.CallQueueManager (CallQueueManager.java:<init>(84)) - Using callQueue: class java.util.concurrent.LinkedBlockingQueue, queueCapacity: 2000, scheduler: class org.apache.hadoop.ipc.DefaultRpcScheduler, ipcBackoff: false.
2020-07-16 01:26:39,567 [Socket Reader #1 for port 0] INFO  ipc.Server (Server.java:run(1219)) - Starting Socket Reader #1 for port 0
2020-07-16 01:26:39,572 [Listener at 0.0.0.0/34019] INFO  http.BaseHttpServer (BaseHttpServer.java:newHttpServer2BuilderForOzone(207)) - Starting Web-server for scm at: http://0.0.0.0:0
2020-07-16 01:26:39,572 [Listener at 0.0.0.0/34019] INFO  http.BaseHttpServer (BaseHttpServer.java:<init>(106)) - Hadoop Security Enabled: false Ozone Security Enabled: false Ozone HTTP Security Enabled: false 
2020-07-16 01:26:39,573 [Listener at 0.0.0.0/34019] INFO  server.AuthenticationFilter (AuthenticationFilter.java:constructSecretProvider(240)) - Unable to initialize FileSignerSecretProvider, falling back to use random secrets.
2020-07-16 01:26:39,574 [Listener at 0.0.0.0/34019] WARN  http.HttpRequestLog (HttpRequestLog.java:getRequestLog(103)) - Jetty request log can only be enabled using Log4j
2020-07-16 01:26:39,575 [Listener at 0.0.0.0/34019] INFO  http.HttpServer2 (HttpServer2.java:addGlobalFilter(998)) - Added global filter 'safety' (class=org.apache.hadoop.hdds.server.http.HttpServer2$QuotingInputFilter)
2020-07-16 01:26:39,575 [Listener at 0.0.0.0/34019] INFO  http.HttpServer2 (HttpServer2.java:addFilter(974)) - Added filter static_user_filter (class=org.apache.hadoop.http.lib.StaticUserWebFilter$StaticUserFilter) to context scm
2020-07-16 01:26:39,575 [Listener at 0.0.0.0/34019] INFO  http.HttpServer2 (HttpServer2.java:addFilter(982)) - Added filter static_user_filter (class=org.apache.hadoop.http.lib.StaticUserWebFilter$StaticUserFilter) to context logs
2020-07-16 01:26:39,575 [Listener at 0.0.0.0/34019] INFO  http.HttpServer2 (HttpServer2.java:addFilter(982)) - Added filter static_user_filter (class=org.apache.hadoop.http.lib.StaticUserWebFilter$StaticUserFilter) to context static
2020-07-16 01:26:39,578 [Listener at 0.0.0.0/34019] INFO  server.StorageContainerManager (StorageContainerManager.java:start(784)) - StorageContainerLocationProtocol RPC server is listening at /0.0.0.0:34019
2020-07-16 01:26:39,580 [Listener at 0.0.0.0/34019] WARN  impl.MetricsConfig (MetricsConfig.java:loadFirst(134)) - Cannot locate configuration: tried hadoop-metrics2-storagecontainermanager.properties,hadoop-metrics2.properties
2020-07-16 01:26:39,580 [Listener at 0.0.0.0/34019] INFO  impl.MetricsSystemImpl (MetricsSystemImpl.java:startTimer(374)) - Scheduled Metric snapshot period at 10 second(s).
2020-07-16 01:26:39,580 [Listener at 0.0.0.0/34019] INFO  impl.MetricsSystemImpl (MetricsSystemImpl.java:start(191)) - StorageContainerManager metrics system started
2020-07-16 01:26:39,621 [Listener at 0.0.0.0/34019] WARN  impl.MetricsSystemImpl (MetricsSystemImpl.java:register(276)) - Sink prometheus already exists!
2020-07-16 01:26:39,627 [Listener at 0.0.0.0/34019] INFO  server.SCMClientProtocolServer (SCMClientProtocolServer.java:start(156)) - RPC server for Client  is listening at /0.0.0.0:34019
2020-07-16 01:26:39,628 [IPC Server Responder] INFO  ipc.Server (Server.java:run(1460)) - IPC Server Responder: starting
2020-07-16 01:26:39,628 [IPC Server listener on 0] INFO  ipc.Server (Server.java:run(1298)) - IPC Server listener on 0: starting
2020-07-16 01:26:39,646 [Listener at 0.0.0.0/34019] INFO  server.StorageContainerManager (StorageContainerManager.java:start(796)) - ScmBlockLocationProtocol RPC server is listening at /0.0.0.0:40057
2020-07-16 01:26:39,647 [Listener at 0.0.0.0/34019] INFO  server.SCMBlockProtocolServer (SCMBlockProtocolServer.java:start(149)) - RPC server for Block Protocol is listening at /0.0.0.0:40057
2020-07-16 01:26:39,647 [IPC Server Responder] INFO  ipc.Server (Server.java:run(1460)) - IPC Server Responder: starting
2020-07-16 01:26:39,647 [IPC Server listener on 0] INFO  ipc.Server (Server.java:run(1298)) - IPC Server listener on 0: starting
2020-07-16 01:26:39,655 [Listener at 0.0.0.0/34019] INFO  server.StorageContainerManager (StorageContainerManager.java:start(802)) - ScmDatanodeProtocl RPC server is listening at /0.0.0.0:33999
2020-07-16 01:26:39,655 [Listener at 0.0.0.0/34019] INFO  server.SCMDatanodeProtocolServer (SCMDatanodeProtocolServer.java:start(172)) - RPC server for DataNodes is listening at /0.0.0.0:33999
2020-07-16 01:26:39,656 [IPC Server Responder] INFO  ipc.Server (Server.java:run(1460)) - IPC Server Responder: starting
2020-07-16 01:26:39,659 [IPC Server listener on 0] INFO  ipc.Server (Server.java:run(1298)) - IPC Server listener on 0: starting
2020-07-16 01:26:39,668 [Listener at 0.0.0.0/34019] INFO  http.HttpServer2 (HttpServer2.java:bindListener(1216)) - Jetty bound to port 45681
2020-07-16 01:26:39,668 [Listener at 0.0.0.0/34019] INFO  server.Server (Server.java:doStart(359)) - jetty-9.4.26.v20200117; built: 2020-01-17T12:35:33.676Z; git: 7b38981d25d14afb4a12ff1f2596756144edf695; jvm 1.8.0_232-b09
2020-07-16 01:26:39,670 [Listener at 0.0.0.0/34019] INFO  server.session (DefaultSessionIdManager.java:doStart(333)) - DefaultSessionIdManager workerName=node0
2020-07-16 01:26:39,670 [Listener at 0.0.0.0/34019] INFO  server.session (DefaultSessionIdManager.java:doStart(338)) - No SessionScavenger set, using defaults
2020-07-16 01:26:39,670 [Listener at 0.0.0.0/34019] INFO  server.session (HouseKeeper.java:startScavenging(140)) - node0 Scavenging every 660000ms
2020-07-16 01:26:39,671 [Listener at 0.0.0.0/34019] INFO  handler.ContextHandler (ContextHandler.java:doStart(825)) - Started o.e.j.s.ServletContextHandler@5862dc47{logs,/logs,file:///github/workspace/mnt/ozone/hadoop-ozone/integration-test/target/log,AVAILABLE}
2020-07-16 01:26:39,671 [Listener at 0.0.0.0/34019] INFO  handler.ContextHandler (ContextHandler.java:doStart(825)) - Started o.e.j.s.ServletContextHandler@4b082a6e{static,/static,file:///github/workspace/mnt/ozone/hadoop-ozone/integration-test/target/test-classes/webapps/static,AVAILABLE}
2020-07-16 01:26:39,674 [Listener at 0.0.0.0/34019] INFO  handler.ContextHandler (ContextHandler.java:doStart(825)) - Started o.e.j.w.WebAppContext@39ab2bf3{scm,/,file:///github/workspace/mnt/ozone/hadoop-ozone/integration-test/target/test-classes/webapps/scm/,AVAILABLE}{file:/github/workspace/mnt/ozone/hadoop-ozone/integration-test/target/test-classes/webapps/scm}
2020-07-16 01:26:39,675 [Listener at 0.0.0.0/34019] INFO  server.AbstractConnector (AbstractConnector.java:doStart(330)) - Started ServerConnector@449464fb{HTTP/1.1,[http/1.1]}{0.0.0.0:45681}
2020-07-16 01:26:39,675 [Listener at 0.0.0.0/34019] INFO  server.Server (Server.java:doStart(399)) - Started @176822ms
2020-07-16 01:26:39,675 [Listener at 0.0.0.0/34019] WARN  impl.MetricsSystemImpl (MetricsSystemImpl.java:register(276)) - Sink prometheus already exists!
2020-07-16 01:26:39,678 [Listener at 0.0.0.0/34019] INFO  http.BaseHttpServer (BaseHttpServer.java:updateConnectorAddress(327)) - HTTP server of scm listening at http://0.0.0.0:45681
2020-07-16 01:26:39,679 [Listener at 0.0.0.0/34019] WARN  server.ServerUtils (ServerUtils.java:getDBPath(225)) - ozone.om.db.dirs is not configured. We recommend adding this setting. Falling back to ozone.metadata.dirs instead.
2020-07-16 01:26:39,680 [org.apache.hadoop.util.JvmPauseMonitor$Monitor@67c492fc] INFO  util.JvmPauseMonitor (JvmPauseMonitor.java:run(188)) - Starting JVM pause monitor
2020-07-16 01:26:39,680 [Listener at 0.0.0.0/34019] INFO  ha.OMHANodeDetails (OMHANodeDetails.java:loadOMHAConfig(104)) - ozone.om.internal.service.id is not defined, falling back to ozone.om.service.ids to find serviceID for OzoneManager if it is HA enabled cluster
2020-07-16 01:26:39,681 [Listener at 0.0.0.0/34019] INFO  ha.OMHANodeDetails (OMHANodeDetails.java:loadOMHAConfig(213)) - Configuration either no ozone.om.address set. Falling back to the default OM address /127.0.0.1:0
2020-07-16 01:26:39,681 [Listener at 0.0.0.0/34019] INFO  ha.OMHANodeDetails (OMHANodeDetails.java:getOMNodeDetails(241)) - OM Service ID is not set. Setting it to the default ID: omServiceIdDefault
2020-07-16 01:26:39,681 [Listener at 0.0.0.0/34019] WARN  server.ServerUtils (ServerUtils.java:getDBPath(225)) - ozone.om.db.dirs is not configured. We recommend adding this setting. Falling back to ozone.metadata.dirs instead.
2020-07-16 01:26:39,681 [Listener at 0.0.0.0/34019] WARN  server.ServerUtils (ServerUtils.java:getDBPath(225)) - ozone.om.db.dirs is not configured. We recommend adding this setting. Falling back to ozone.metadata.dirs instead.
2020-07-16 01:26:39,685 [Listener at 0.0.0.0/34019] WARN  server.ServerUtils (ServerUtils.java:getDBPath(225)) - ozone.om.db.dirs is not configured. We recommend adding this setting. Falling back to ozone.metadata.dirs instead.
2020-07-16 01:26:39,741 [Listener at 0.0.0.0/34019] INFO  ipc.CallQueueManager (CallQueueManager.java:<init>(84)) - Using callQueue: class java.util.concurrent.LinkedBlockingQueue, queueCapacity: 2000, scheduler: class org.apache.hadoop.ipc.DefaultRpcScheduler, ipcBackoff: false.
2020-07-16 01:26:39,742 [Socket Reader #1 for port 0] INFO  ipc.Server (Server.java:run(1219)) - Starting Socket Reader #1 for port 0
2020-07-16 01:26:39,760 [Listener at 127.0.0.1/35581] INFO  impl.MetricsSystemImpl (MetricsSystemImpl.java:init(158)) - OzoneManager metrics system started (again)
2020-07-16 01:26:39,761 [Listener at 127.0.0.1/35581] INFO  om.OzoneManager (OzoneManager.java:start(1088)) - OzoneManager RPC server is listening at localhost/127.0.0.1:35581
2020-07-16 01:26:39,762 [IPC Server Responder] INFO  ipc.Server (Server.java:run(1460)) - IPC Server Responder: starting
2020-07-16 01:26:39,764 [IPC Server listener on 0] INFO  ipc.Server (Server.java:run(1298)) - IPC Server listener on 0: starting
2020-07-16 01:26:39,774 [Listener at 127.0.0.1/35581] INFO  http.BaseHttpServer (BaseHttpServer.java:newHttpServer2BuilderForOzone(207)) - Starting Web-server for ozoneManager at: http://0.0.0.0:0
2020-07-16 01:26:39,774 [Listener at 127.0.0.1/35581] INFO  http.BaseHttpServer (BaseHttpServer.java:<init>(106)) - Hadoop Security Enabled: false Ozone Security Enabled: false Ozone HTTP Security Enabled: false 
2020-07-16 01:26:39,775 [Listener at 127.0.0.1/35581] INFO  server.AuthenticationFilter (AuthenticationFilter.java:constructSecretProvider(240)) - Unable to initialize FileSignerSecretProvider, falling back to use random secrets.
2020-07-16 01:26:39,775 [Listener at 127.0.0.1/35581] WARN  http.HttpRequestLog (HttpRequestLog.java:getRequestLog(103)) - Jetty request log can only be enabled using Log4j
2020-07-16 01:26:39,776 [Listener at 127.0.0.1/35581] INFO  http.HttpServer2 (HttpServer2.java:addGlobalFilter(998)) - Added global filter 'safety' (class=org.apache.hadoop.hdds.server.http.HttpServer2$QuotingInputFilter)
2020-07-16 01:26:39,777 [Listener at 127.0.0.1/35581] INFO  http.HttpServer2 (HttpServer2.java:addFilter(974)) - Added filter static_user_filter (class=org.apache.hadoop.http.lib.StaticUserWebFilter$StaticUserFilter) to context ozoneManager
2020-07-16 01:26:39,777 [Listener at 127.0.0.1/35581] INFO  http.HttpServer2 (HttpServer2.java:addFilter(982)) - Added filter static_user_filter (class=org.apache.hadoop.http.lib.StaticUserWebFilter$StaticUserFilter) to context static
2020-07-16 01:26:39,777 [Listener at 127.0.0.1/35581] INFO  http.HttpServer2 (HttpServer2.java:addFilter(982)) - Added filter static_user_filter (class=org.apache.hadoop.http.lib.StaticUserWebFilter$StaticUserFilter) to context logs
2020-07-16 01:26:39,777 [Listener at 127.0.0.1/35581] INFO  http.HttpServer2 (HttpServer2.java:bindListener(1216)) - Jetty bound to port 45543
2020-07-16 01:26:39,777 [Listener at 127.0.0.1/35581] INFO  server.Server (Server.java:doStart(359)) - jetty-9.4.26.v20200117; built: 2020-01-17T12:35:33.676Z; git: 7b38981d25d14afb4a12ff1f2596756144edf695; jvm 1.8.0_232-b09
2020-07-16 01:26:39,779 [Listener at 127.0.0.1/35581] INFO  server.session (DefaultSessionIdManager.java:doStart(333)) - DefaultSessionIdManager workerName=node0
2020-07-16 01:26:39,779 [Listener at 127.0.0.1/35581] INFO  server.session (DefaultSessionIdManager.java:doStart(338)) - No SessionScavenger set, using defaults
2020-07-16 01:26:39,779 [Listener at 127.0.0.1/35581] INFO  server.session (HouseKeeper.java:startScavenging(140)) - node0 Scavenging every 600000ms
2020-07-16 01:26:39,780 [Listener at 127.0.0.1/35581] INFO  handler.ContextHandler (ContextHandler.java:doStart(825)) - Started o.e.j.s.ServletContextHandler@1db33525{logs,/logs,file:///github/workspace/mnt/ozone/hadoop-ozone/integration-test/target/log,AVAILABLE}
2020-07-16 01:26:39,780 [Listener at 127.0.0.1/35581] INFO  handler.ContextHandler (ContextHandler.java:doStart(825)) - Started o.e.j.s.ServletContextHandler@12973dd3{static,/static,file:///github/workspace/mnt/ozone/hadoop-ozone/integration-test/target/test-classes/webapps/static,AVAILABLE}
2020-07-16 01:26:39,783 [Listener at 127.0.0.1/35581] INFO  handler.ContextHandler (ContextHandler.java:doStart(825)) - Started o.e.j.w.WebAppContext@3498df74{ozoneManager,/,file:///github/workspace/mnt/ozone/hadoop-ozone/integration-test/target/test-classes/webapps/ozoneManager/,AVAILABLE}{file:/github/workspace/mnt/ozone/hadoop-ozone/integration-test/target/test-classes/webapps/ozoneManager}
2020-07-16 01:26:39,788 [Listener at 127.0.0.1/35581] INFO  server.AbstractConnector (AbstractConnector.java:doStart(330)) - Started ServerConnector@79a4f733{HTTP/1.1,[http/1.1]}{0.0.0.0:45543}
2020-07-16 01:26:39,788 [Listener at 127.0.0.1/35581] INFO  server.Server (Server.java:doStart(399)) - Started @176935ms
2020-07-16 01:26:39,788 [Listener at 127.0.0.1/35581] WARN  impl.MetricsSystemImpl (MetricsSystemImpl.java:register(276)) - Sink prometheus already exists!
2020-07-16 01:26:39,791 [Listener at 127.0.0.1/35581] INFO  http.BaseHttpServer (BaseHttpServer.java:updateConnectorAddress(327)) - HTTP server of ozoneManager listening at http://0.0.0.0:45543
2020-07-16 01:26:39,791 [org.apache.hadoop.util.JvmPauseMonitor$Monitor@2cc112a5] INFO  util.JvmPauseMonitor (JvmPauseMonitor.java:run(188)) - Starting JVM pause monitor
2020-07-16 01:26:39,812 [Listener at 127.0.0.1/35581] INFO  impl.MetricsSystemImpl (MetricsSystemImpl.java:init(158)) - HddsDatanode metrics system started (again)
2020-07-16 01:26:39,813 [Listener at 127.0.0.1/35581] INFO  ozone.HddsDatanodeService (HddsDatanodeService.java:start(214)) - HddsDatanodeService host:3db59c8b2b88 ip:172.17.0.2
2020-07-16 01:26:39,823 [Listener at 127.0.0.1/35581] INFO  volume.HddsVolume (HddsVolume.java:<init>(176)) - Creating Volume: /github/workspace/mnt/ozone/hadoop-ozone/integration-test/target/test-dir/MiniOzoneClusterImpl-adff4ecb-6e1a-4bbe-b65d-469fb2d670c7/datanode-0/data-0/containers/hdds of storage type : DISK and capacity : 9223372036854775807
2020-07-16 01:26:39,823 [Listener at 127.0.0.1/35581] INFO  volume.MutableVolumeSet (MutableVolumeSet.java:initializeVolumeSet(181)) - Added Volume : /github/workspace/mnt/ozone/hadoop-ozone/integration-test/target/test-dir/MiniOzoneClusterImpl-adff4ecb-6e1a-4bbe-b65d-469fb2d670c7/datanode-0/data-0/containers/hdds to VolumeSet
2020-07-16 01:26:39,824 [Listener at 127.0.0.1/35581] INFO  volume.ThrottledAsyncChecker (ThrottledAsyncChecker.java:schedule(141)) - Scheduling a check for /github/workspace/mnt/ozone/hadoop-ozone/integration-test/target/test-dir/MiniOzoneClusterImpl-adff4ecb-6e1a-4bbe-b65d-469fb2d670c7/datanode-0/data-0/containers/hdds
2020-07-16 01:26:39,827 [Listener at 127.0.0.1/35581] INFO  volume.HddsVolumeChecker (HddsVolumeChecker.java:checkAllVolumes(200)) - Scheduled health check for volume /github/workspace/mnt/ozone/hadoop-ozone/integration-test/target/test-dir/MiniOzoneClusterImpl-adff4ecb-6e1a-4bbe-b65d-469fb2d670c7/datanode-0/data-0/containers/hdds
2020-07-16 01:26:39,841 [Listener at 127.0.0.1/35581] INFO  impl.RaftServerProxy (ConfUtils.java:logGet(44)) - raft.rpc.type = GRPC (default)
2020-07-16 01:26:39,841 [Listener at 127.0.0.1/35581] INFO  grpc.GrpcFactory (GrpcFactory.java:checkPooledByteBufAllocatorUseCacheForAllThreads(45)) - PERFORMANCE WARNING: useCacheForAllThreads is true that may cause Netty to create a lot garbage objects and, as a result, trigger GC.
	It is recommended to disable useCacheForAllThreads by setting -Dorg.apache.ratis.thirdparty.io.netty.allocator.useCacheForAllThreads=false in command line.
2020-07-16 01:26:39,842 [Listener at 127.0.0.1/35581] INFO  grpc.GrpcConfigKeys (ConfUtils.java:logGet(44)) - raft.grpc.server.port = 0 (default)
2020-07-16 01:26:39,842 [Listener at 127.0.0.1/35581] INFO  server.GrpcService (ConfUtils.java:logGet(44)) - raft.grpc.message.size.max = 32MB (=33554432) (custom)
2020-07-16 01:26:39,842 [Listener at 127.0.0.1/35581] INFO  server.RaftServerConfigKeys (ConfUtils.java:logGet(44)) - raft.server.log.appender.buffer.byte-limit = 33554432 (custom)
2020-07-16 01:26:39,842 [Listener at 127.0.0.1/35581] INFO  server.GrpcService (ConfUtils.java:logGet(44)) - raft.grpc.flow.control.window = 5MB (=5242880) (custom)
2020-07-16 01:26:39,842 [Listener at 127.0.0.1/35581] INFO  server.RaftServerConfigKeys (ConfUtils.java:logGet(44)) - raft.server.rpc.request.timeout = 3000ms (default)
2020-07-16 01:26:39,843 [Listener at 127.0.0.1/35581] INFO  server.RaftServerConfigKeys (ConfUtils.java:logGet(44)) - raft.server.storage.dir = [/github/workspace/mnt/ozone/hadoop-ozone/integration-test/target/test-dir/MiniOzoneClusterImpl-adff4ecb-6e1a-4bbe-b65d-469fb2d670c7/datanode-0/data/ratis] (custom)
2020-07-16 01:26:39,849 [Listener at 127.0.0.1/35581] INFO  http.BaseHttpServer (BaseHttpServer.java:newHttpServer2BuilderForOzone(207)) - Starting Web-server for hddsDatanode at: http://0.0.0.0:0
2020-07-16 01:26:39,849 [Listener at 127.0.0.1/35581] INFO  http.BaseHttpServer (BaseHttpServer.java:<init>(106)) - Hadoop Security Enabled: false Ozone Security Enabled: false Ozone HTTP Security Enabled: false 
2020-07-16 01:26:39,850 [Listener at 127.0.0.1/35581] INFO  server.AuthenticationFilter (AuthenticationFilter.java:constructSecretProvider(240)) - Unable to initialize FileSignerSecretProvider, falling back to use random secrets.
2020-07-16 01:26:39,850 [Listener at 127.0.0.1/35581] WARN  http.HttpRequestLog (HttpRequestLog.java:getRequestLog(103)) - Jetty request log can only be enabled using Log4j
2020-07-16 01:26:39,851 [Listener at 127.0.0.1/35581] INFO  http.HttpServer2 (HttpServer2.java:addGlobalFilter(998)) - Added global filter 'safety' (class=org.apache.hadoop.hdds.server.http.HttpServer2$QuotingInputFilter)
2020-07-16 01:26:39,852 [Listener at 127.0.0.1/35581] INFO  http.HttpServer2 (HttpServer2.java:addFilter(974)) - Added filter static_user_filter (class=org.apache.hadoop.http.lib.StaticUserWebFilter$StaticUserFilter) to context hddsDatanode
2020-07-16 01:26:39,852 [Listener at 127.0.0.1/35581] INFO  http.HttpServer2 (HttpServer2.java:addFilter(982)) - Added filter static_user_filter (class=org.apache.hadoop.http.lib.StaticUserWebFilter$StaticUserFilter) to context logs
2020-07-16 01:26:39,852 [Listener at 127.0.0.1/35581] INFO  http.HttpServer2 (HttpServer2.java:addFilter(982)) - Added filter static_user_filter (class=org.apache.hadoop.http.lib.StaticUserWebFilter$StaticUserFilter) to context static
2020-07-16 01:26:39,852 [Listener at 127.0.0.1/35581] INFO  http.HttpServer2 (HttpServer2.java:bindListener(1216)) - Jetty bound to port 36261
2020-07-16 01:26:39,852 [Listener at 127.0.0.1/35581] INFO  server.Server (Server.java:doStart(359)) - jetty-9.4.26.v20200117; built: 2020-01-17T12:35:33.676Z; git: 7b38981d25d14afb4a12ff1f2596756144edf695; jvm 1.8.0_232-b09
2020-07-16 01:26:39,854 [Listener at 127.0.0.1/35581] INFO  server.session (DefaultSessionIdManager.java:doStart(333)) - DefaultSessionIdManager workerName=node0
2020-07-16 01:26:39,854 [Listener at 127.0.0.1/35581] INFO  server.session (DefaultSessionIdManager.java:doStart(338)) - No SessionScavenger set, using defaults
2020-07-16 01:26:39,854 [Listener at 127.0.0.1/35581] INFO  server.session (HouseKeeper.java:startScavenging(140)) - node0 Scavenging every 660000ms
2020-07-16 01:26:39,860 [Listener at 127.0.0.1/35581] INFO  handler.ContextHandler (ContextHandler.java:doStart(825)) - Started o.e.j.s.ServletContextHandler@87852fb{logs,/logs,file:///github/workspace/mnt/ozone/hadoop-ozone/integration-test/target/log,AVAILABLE}
2020-07-16 01:26:39,860 [Listener at 127.0.0.1/35581] INFO  handler.ContextHandler (ContextHandler.java:doStart(825)) - Started o.e.j.s.ServletContextHandler@24e2d0d1{static,/static,jar:file:/home/user/.m2/repository/org/apache/hadoop/hadoop-hdds-container-service/0.6.0-SNAPSHOT/hadoop-hdds-container-service-0.6.0-SNAPSHOT.jar!/webapps/static,AVAILABLE}
2020-07-16 01:26:39,935 [Listener at 127.0.0.1/35581] INFO  handler.ContextHandler (ContextHandler.java:doStart(825)) - Started o.e.j.w.WebAppContext@316a03cf{hddsDatanode,/,file:///tmp/jetty-0_0_0_0-36261-hadoop-hdds-container-service-0_6_0-SNAPSHOT_jar-_-any-8765034960888973450.dir/webapp/,AVAILABLE}{jar:file:/home/user/.m2/repository/org/apache/hadoop/hadoop-hdds-container-service/0.6.0-SNAPSHOT/hadoop-hdds-container-service-0.6.0-SNAPSHOT.jar!/webapps/hddsDatanode}
2020-07-16 01:26:39,937 [Listener at 127.0.0.1/35581] INFO  server.AbstractConnector (AbstractConnector.java:doStart(330)) - Started ServerConnector@7a82be85{HTTP/1.1,[http/1.1]}{0.0.0.0:36261}
2020-07-16 01:26:39,937 [Listener at 127.0.0.1/35581] INFO  server.Server (Server.java:doStart(399)) - Started @177084ms
2020-07-16 01:26:39,937 [Listener at 127.0.0.1/35581] WARN  impl.MetricsSystemImpl (MetricsSystemImpl.java:register(276)) - Sink prometheus already exists!
2020-07-16 01:26:39,940 [Listener at 127.0.0.1/35581] INFO  http.BaseHttpServer (BaseHttpServer.java:updateConnectorAddress(327)) - HTTP server of hddsDatanode listening at http://0.0.0.0:36261
2020-07-16 01:26:39,941 [Listener at 127.0.0.1/35581] INFO  impl.MetricsSystemImpl (MetricsSystemImpl.java:init(158)) - HddsDatanode metrics system started (again)
2020-07-16 01:26:39,942 [org.apache.hadoop.util.JvmPauseMonitor$Monitor@797c02a3] INFO  util.JvmPauseMonitor (JvmPauseMonitor.java:run(188)) - Starting JVM pause monitor
2020-07-16 01:26:39,943 [Listener at 127.0.0.1/35581] INFO  ozone.HddsDatanodeService (HddsDatanodeService.java:start(214)) - HddsDatanodeService host:3db59c8b2b88 ip:172.17.0.2
2020-07-16 01:26:39,944 [Datanode State Machine Thread - 0] INFO  datanode.InitDatanodeState (InitDatanodeState.java:persistContainerDatanodeDetails(145)) - DatanodeDetails is persisted to /github/workspace/mnt/ozone/hadoop-ozone/integration-test/target/test-dir/MiniOzoneClusterImpl-adff4ecb-6e1a-4bbe-b65d-469fb2d670c7/datanode-0/meta/datanode.id
2020-07-16 01:26:39,944 [Listener at 127.0.0.1/35581] INFO  volume.HddsVolume (HddsVolume.java:<init>(176)) - Creating Volume: /github/workspace/mnt/ozone/hadoop-ozone/integration-test/target/test-dir/MiniOzoneClusterImpl-adff4ecb-6e1a-4bbe-b65d-469fb2d670c7/datanode-1/data-0/containers/hdds of storage type : DISK and capacity : 9223372036854775807
2020-07-16 01:26:39,945 [Listener at 127.0.0.1/35581] INFO  volume.MutableVolumeSet (MutableVolumeSet.java:initializeVolumeSet(181)) - Added Volume : /github/workspace/mnt/ozone/hadoop-ozone/integration-test/target/test-dir/MiniOzoneClusterImpl-adff4ecb-6e1a-4bbe-b65d-469fb2d670c7/datanode-1/data-0/containers/hdds to VolumeSet
2020-07-16 01:26:39,945 [Listener at 127.0.0.1/35581] INFO  volume.ThrottledAsyncChecker (ThrottledAsyncChecker.java:schedule(141)) - Scheduling a check for /github/workspace/mnt/ozone/hadoop-ozone/integration-test/target/test-dir/MiniOzoneClusterImpl-adff4ecb-6e1a-4bbe-b65d-469fb2d670c7/datanode-1/data-0/containers/hdds
2020-07-16 01:26:39,946 [Listener at 127.0.0.1/35581] INFO  volume.HddsVolumeChecker (HddsVolumeChecker.java:checkAllVolumes(200)) - Scheduled health check for volume /github/workspace/mnt/ozone/hadoop-ozone/integration-test/target/test-dir/MiniOzoneClusterImpl-adff4ecb-6e1a-4bbe-b65d-469fb2d670c7/datanode-1/data-0/containers/hdds
2020-07-16 01:26:39,960 [Listener at 127.0.0.1/35581] INFO  impl.RaftServerProxy (ConfUtils.java:logGet(44)) - raft.rpc.type = GRPC (default)
2020-07-16 01:26:39,961 [Listener at 127.0.0.1/35581] INFO  grpc.GrpcFactory (GrpcFactory.java:checkPooledByteBufAllocatorUseCacheForAllThreads(45)) - PERFORMANCE WARNING: useCacheForAllThreads is true that may cause Netty to create a lot garbage objects and, as a result, trigger GC.
	It is recommended to disable useCacheForAllThreads by setting -Dorg.apache.ratis.thirdparty.io.netty.allocator.useCacheForAllThreads=false in command line.
2020-07-16 01:26:39,961 [Listener at 127.0.0.1/35581] INFO  grpc.GrpcConfigKeys (ConfUtils.java:logGet(44)) - raft.grpc.server.port = 0 (default)
2020-07-16 01:26:39,961 [Listener at 127.0.0.1/35581] INFO  server.GrpcService (ConfUtils.java:logGet(44)) - raft.grpc.message.size.max = 32MB (=33554432) (custom)
2020-07-16 01:26:39,961 [Listener at 127.0.0.1/35581] INFO  server.RaftServerConfigKeys (ConfUtils.java:logGet(44)) - raft.server.log.appender.buffer.byte-limit = 33554432 (custom)
2020-07-16 01:26:39,961 [Listener at 127.0.0.1/35581] INFO  server.GrpcService (ConfUtils.java:logGet(44)) - raft.grpc.flow.control.window = 5MB (=5242880) (custom)
2020-07-16 01:26:39,961 [Listener at 127.0.0.1/35581] INFO  server.RaftServerConfigKeys (ConfUtils.java:logGet(44)) - raft.server.rpc.request.timeout = 3000ms (default)
2020-07-16 01:26:39,962 [Listener at 127.0.0.1/35581] INFO  server.RaftServerConfigKeys (ConfUtils.java:logGet(44)) - raft.server.storage.dir = [/github/workspace/mnt/ozone/hadoop-ozone/integration-test/target/test-dir/MiniOzoneClusterImpl-adff4ecb-6e1a-4bbe-b65d-469fb2d670c7/datanode-1/data/ratis] (custom)
2020-07-16 01:26:39,967 [Listener at 127.0.0.1/35581] INFO  http.BaseHttpServer (BaseHttpServer.java:newHttpServer2BuilderForOzone(207)) - Starting Web-server for hddsDatanode at: http://0.0.0.0:0
2020-07-16 01:26:39,967 [Listener at 127.0.0.1/35581] INFO  http.BaseHttpServer (BaseHttpServer.java:<init>(106)) - Hadoop Security Enabled: false Ozone Security Enabled: false Ozone HTTP Security Enabled: false 
2020-07-16 01:26:39,968 [Listener at 127.0.0.1/35581] INFO  server.AuthenticationFilter (AuthenticationFilter.java:constructSecretProvider(240)) - Unable to initialize FileSignerSecretProvider, falling back to use random secrets.
2020-07-16 01:26:39,968 [Listener at 127.0.0.1/35581] WARN  http.HttpRequestLog (HttpRequestLog.java:getRequestLog(103)) - Jetty request log can only be enabled using Log4j
2020-07-16 01:26:39,969 [Listener at 127.0.0.1/35581] INFO  http.HttpServer2 (HttpServer2.java:addGlobalFilter(998)) - Added global filter 'safety' (class=org.apache.hadoop.hdds.server.http.HttpServer2$QuotingInputFilter)
2020-07-16 01:26:39,969 [Listener at 127.0.0.1/35581] INFO  http.HttpServer2 (HttpServer2.java:addFilter(974)) - Added filter static_user_filter (class=org.apache.hadoop.http.lib.StaticUserWebFilter$StaticUserFilter) to context hddsDatanode
2020-07-16 01:26:39,969 [Listener at 127.0.0.1/35581] INFO  http.HttpServer2 (HttpServer2.java:addFilter(982)) - Added filter static_user_filter (class=org.apache.hadoop.http.lib.StaticUserWebFilter$StaticUserFilter) to context logs
2020-07-16 01:26:39,969 [Listener at 127.0.0.1/35581] INFO  http.HttpServer2 (HttpServer2.java:addFilter(982)) - Added filter static_user_filter (class=org.apache.hadoop.http.lib.StaticUserWebFilter$StaticUserFilter) to context static
2020-07-16 01:26:39,970 [Listener at 127.0.0.1/35581] INFO  http.HttpServer2 (HttpServer2.java:bindListener(1216)) - Jetty bound to port 34113
2020-07-16 01:26:39,970 [Listener at 127.0.0.1/35581] INFO  server.Server (Server.java:doStart(359)) - jetty-9.4.26.v20200117; built: 2020-01-17T12:35:33.676Z; git: 7b38981d25d14afb4a12ff1f2596756144edf695; jvm 1.8.0_232-b09
2020-07-16 01:26:39,971 [Listener at 127.0.0.1/35581] INFO  server.session (DefaultSessionIdManager.java:doStart(333)) - DefaultSessionIdManager workerName=node0
2020-07-16 01:26:39,971 [Listener at 127.0.0.1/35581] INFO  server.session (DefaultSessionIdManager.java:doStart(338)) - No SessionScavenger set, using defaults
2020-07-16 01:26:39,972 [Listener at 127.0.0.1/35581] INFO  server.session (HouseKeeper.java:startScavenging(140)) - node0 Scavenging every 660000ms
2020-07-16 01:26:39,972 [Listener at 127.0.0.1/35581] INFO  handler.ContextHandler (ContextHandler.java:doStart(825)) - Started o.e.j.s.ServletContextHandler@37ca8b4c{logs,/logs,file:///github/workspace/mnt/ozone/hadoop-ozone/integration-test/target/log,AVAILABLE}
2020-07-16 01:26:39,972 [Listener at 127.0.0.1/35581] INFO  handler.ContextHandler (ContextHandler.java:doStart(825)) - Started o.e.j.s.ServletContextHandler@708a0150{static,/static,jar:file:/home/user/.m2/repository/org/apache/hadoop/hadoop-hdds-container-service/0.6.0-SNAPSHOT/hadoop-hdds-container-service-0.6.0-SNAPSHOT.jar!/webapps/static,AVAILABLE}
2020-07-16 01:26:40,047 [Listener at 127.0.0.1/35581] INFO  handler.ContextHandler (ContextHandler.java:doStart(825)) - Started o.e.j.w.WebAppContext@399b9537{hddsDatanode,/,file:///tmp/jetty-0_0_0_0-34113-hadoop-hdds-container-service-0_6_0-SNAPSHOT_jar-_-any-3988634789042502739.dir/webapp/,AVAILABLE}{jar:file:/home/user/.m2/repository/org/apache/hadoop/hadoop-hdds-container-service/0.6.0-SNAPSHOT/hadoop-hdds-container-service-0.6.0-SNAPSHOT.jar!/webapps/hddsDatanode}
2020-07-16 01:26:40,049 [Listener at 127.0.0.1/35581] INFO  server.AbstractConnector (AbstractConnector.java:doStart(330)) - Started ServerConnector@646599c6{HTTP/1.1,[http/1.1]}{0.0.0.0:34113}
2020-07-16 01:26:40,049 [Listener at 127.0.0.1/35581] INFO  server.Server (Server.java:doStart(399)) - Started @177196ms
2020-07-16 01:26:40,049 [Listener at 127.0.0.1/35581] WARN  impl.MetricsSystemImpl (MetricsSystemImpl.java:register(276)) - Sink prometheus already exists!
2020-07-16 01:26:40,052 [Listener at 127.0.0.1/35581] INFO  http.BaseHttpServer (BaseHttpServer.java:updateConnectorAddress(327)) - HTTP server of hddsDatanode listening at http://0.0.0.0:34113
2020-07-16 01:26:40,053 [Listener at 127.0.0.1/35581] INFO  impl.MetricsSystemImpl (MetricsSystemImpl.java:init(158)) - HddsDatanode metrics system started (again)
2020-07-16 01:26:40,054 [Listener at 127.0.0.1/35581] INFO  ozone.HddsDatanodeService (HddsDatanodeService.java:start(214)) - HddsDatanodeService host:3db59c8b2b88 ip:172.17.0.2
2020-07-16 01:26:40,055 [Listener at 127.0.0.1/35581] INFO  volume.HddsVolume (HddsVolume.java:<init>(176)) - Creating Volume: /github/workspace/mnt/ozone/hadoop-ozone/integration-test/target/test-dir/MiniOzoneClusterImpl-adff4ecb-6e1a-4bbe-b65d-469fb2d670c7/datanode-2/data-0/containers/hdds of storage type : DISK and capacity : 9223372036854775807
2020-07-16 01:26:40,055 [Listener at 127.0.0.1/35581] INFO  volume.MutableVolumeSet (MutableVolumeSet.java:initializeVolumeSet(181)) - Added Volume : /github/workspace/mnt/ozone/hadoop-ozone/integration-test/target/test-dir/MiniOzoneClusterImpl-adff4ecb-6e1a-4bbe-b65d-469fb2d670c7/datanode-2/data-0/containers/hdds to VolumeSet
2020-07-16 01:26:40,055 [Listener at 127.0.0.1/35581] INFO  volume.ThrottledAsyncChecker (ThrottledAsyncChecker.java:schedule(141)) - Scheduling a check for /github/workspace/mnt/ozone/hadoop-ozone/integration-test/target/test-dir/MiniOzoneClusterImpl-adff4ecb-6e1a-4bbe-b65d-469fb2d670c7/datanode-2/data-0/containers/hdds
2020-07-16 01:26:40,059 [org.apache.hadoop.util.JvmPauseMonitor$Monitor@270f84bf] INFO  util.JvmPauseMonitor (JvmPauseMonitor.java:run(188)) - Starting JVM pause monitor
2020-07-16 01:26:40,059 [Listener at 127.0.0.1/35581] INFO  volume.HddsVolumeChecker (HddsVolumeChecker.java:checkAllVolumes(200)) - Scheduled health check for volume /github/workspace/mnt/ozone/hadoop-ozone/integration-test/target/test-dir/MiniOzoneClusterImpl-adff4ecb-6e1a-4bbe-b65d-469fb2d670c7/datanode-2/data-0/containers/hdds
2020-07-16 01:26:40,060 [Datanode State Machine Thread - 0] INFO  datanode.InitDatanodeState (InitDatanodeState.java:persistContainerDatanodeDetails(145)) - DatanodeDetails is persisted to /github/workspace/mnt/ozone/hadoop-ozone/integration-test/target/test-dir/MiniOzoneClusterImpl-adff4ecb-6e1a-4bbe-b65d-469fb2d670c7/datanode-1/meta/datanode.id
2020-07-16 01:26:40,074 [Listener at 127.0.0.1/35581] INFO  impl.RaftServerProxy (ConfUtils.java:logGet(44)) - raft.rpc.type = GRPC (default)
2020-07-16 01:26:40,075 [Listener at 127.0.0.1/35581] INFO  grpc.GrpcFactory (GrpcFactory.java:checkPooledByteBufAllocatorUseCacheForAllThreads(45)) - PERFORMANCE WARNING: useCacheForAllThreads is true that may cause Netty to create a lot garbage objects and, as a result, trigger GC.
	It is recommended to disable useCacheForAllThreads by setting -Dorg.apache.ratis.thirdparty.io.netty.allocator.useCacheForAllThreads=false in command line.
2020-07-16 01:26:40,075 [Listener at 127.0.0.1/35581] INFO  grpc.GrpcConfigKeys (ConfUtils.java:logGet(44)) - raft.grpc.server.port = 0 (default)
2020-07-16 01:26:40,075 [Listener at 127.0.0.1/35581] INFO  server.GrpcService (ConfUtils.java:logGet(44)) - raft.grpc.message.size.max = 32MB (=33554432) (custom)
2020-07-16 01:26:40,075 [Listener at 127.0.0.1/35581] INFO  server.RaftServerConfigKeys (ConfUtils.java:logGet(44)) - raft.server.log.appender.buffer.byte-limit = 33554432 (custom)
2020-07-16 01:26:40,075 [Listener at 127.0.0.1/35581] INFO  server.GrpcService (ConfUtils.java:logGet(44)) - raft.grpc.flow.control.window = 5MB (=5242880) (custom)
2020-07-16 01:26:40,075 [Listener at 127.0.0.1/35581] INFO  server.RaftServerConfigKeys (ConfUtils.java:logGet(44)) - raft.server.rpc.request.timeout = 3000ms (default)
2020-07-16 01:26:40,076 [Listener at 127.0.0.1/35581] INFO  server.RaftServerConfigKeys (ConfUtils.java:logGet(44)) - raft.server.storage.dir = [/github/workspace/mnt/ozone/hadoop-ozone/integration-test/target/test-dir/MiniOzoneClusterImpl-adff4ecb-6e1a-4bbe-b65d-469fb2d670c7/datanode-2/data/ratis] (custom)
2020-07-16 01:26:40,080 [Listener at 127.0.0.1/35581] INFO  http.BaseHttpServer (BaseHttpServer.java:newHttpServer2BuilderForOzone(207)) - Starting Web-server for hddsDatanode at: http://0.0.0.0:0
2020-07-16 01:26:40,080 [Listener at 127.0.0.1/35581] INFO  http.BaseHttpServer (BaseHttpServer.java:<init>(106)) - Hadoop Security Enabled: false Ozone Security Enabled: false Ozone HTTP Security Enabled: false 
2020-07-16 01:26:40,081 [Listener at 127.0.0.1/35581] INFO  server.AuthenticationFilter (AuthenticationFilter.java:constructSecretProvider(240)) - Unable to initialize FileSignerSecretProvider, falling back to use random secrets.
2020-07-16 01:26:40,081 [Listener at 127.0.0.1/35581] WARN  http.HttpRequestLog (HttpRequestLog.java:getRequestLog(103)) - Jetty request log can only be enabled using Log4j
2020-07-16 01:26:40,082 [Listener at 127.0.0.1/35581] INFO  http.HttpServer2 (HttpServer2.java:addGlobalFilter(998)) - Added global filter 'safety' (class=org.apache.hadoop.hdds.server.http.HttpServer2$QuotingInputFilter)
2020-07-16 01:26:40,083 [Listener at 127.0.0.1/35581] INFO  http.HttpServer2 (HttpServer2.java:addFilter(974)) - Added filter static_user_filter (class=org.apache.hadoop.http.lib.StaticUserWebFilter$StaticUserFilter) to context hddsDatanode
2020-07-16 01:26:40,083 [Listener at 127.0.0.1/35581] INFO  http.HttpServer2 (HttpServer2.java:addFilter(982)) - Added filter static_user_filter (class=org.apache.hadoop.http.lib.StaticUserWebFilter$StaticUserFilter) to context static
2020-07-16 01:26:40,083 [Listener at 127.0.0.1/35581] INFO  http.HttpServer2 (HttpServer2.java:addFilter(982)) - Added filter static_user_filter (class=org.apache.hadoop.http.lib.StaticUserWebFilter$StaticUserFilter) to context logs
2020-07-16 01:26:40,083 [Listener at 127.0.0.1/35581] INFO  http.HttpServer2 (HttpServer2.java:bindListener(1216)) - Jetty bound to port 43707
2020-07-16 01:26:40,083 [Listener at 127.0.0.1/35581] INFO  server.Server (Server.java:doStart(359)) - jetty-9.4.26.v20200117; built: 2020-01-17T12:35:33.676Z; git: 7b38981d25d14afb4a12ff1f2596756144edf695; jvm 1.8.0_232-b09
2020-07-16 01:26:40,085 [Listener at 127.0.0.1/35581] INFO  server.session (DefaultSessionIdManager.java:doStart(333)) - DefaultSessionIdManager workerName=node0
2020-07-16 01:26:40,085 [Listener at 127.0.0.1/35581] INFO  server.session (DefaultSessionIdManager.java:doStart(338)) - No SessionScavenger set, using defaults
2020-07-16 01:26:40,085 [Listener at 127.0.0.1/35581] INFO  server.session (HouseKeeper.java:startScavenging(140)) - node0 Scavenging every 600000ms
2020-07-16 01:26:40,086 [Listener at 127.0.0.1/35581] INFO  handler.ContextHandler (ContextHandler.java:doStart(825)) - Started o.e.j.s.ServletContextHandler@3dacb927{logs,/logs,file:///github/workspace/mnt/ozone/hadoop-ozone/integration-test/target/log,AVAILABLE}
2020-07-16 01:26:40,086 [Listener at 127.0.0.1/35581] INFO  handler.ContextHandler (ContextHandler.java:doStart(825)) - Started o.e.j.s.ServletContextHandler@6337c48d{static,/static,jar:file:/home/user/.m2/repository/org/apache/hadoop/hadoop-hdds-container-service/0.6.0-SNAPSHOT/hadoop-hdds-container-service-0.6.0-SNAPSHOT.jar!/webapps/static,AVAILABLE}
2020-07-16 01:26:40,161 [Listener at 127.0.0.1/35581] INFO  handler.ContextHandler (ContextHandler.java:doStart(825)) - Started o.e.j.w.WebAppContext@c7eb2a9{hddsDatanode,/,file:///tmp/jetty-0_0_0_0-43707-hadoop-hdds-container-service-0_6_0-SNAPSHOT_jar-_-any-6532652924638049902.dir/webapp/,AVAILABLE}{jar:file:/home/user/.m2/repository/org/apache/hadoop/hadoop-hdds-container-service/0.6.0-SNAPSHOT/hadoop-hdds-container-service-0.6.0-SNAPSHOT.jar!/webapps/hddsDatanode}
2020-07-16 01:26:40,163 [Listener at 127.0.0.1/35581] INFO  server.AbstractConnector (AbstractConnector.java:doStart(330)) - Started ServerConnector@4e08c557{HTTP/1.1,[http/1.1]}{0.0.0.0:43707}
2020-07-16 01:26:40,163 [Listener at 127.0.0.1/35581] INFO  server.Server (Server.java:doStart(399)) - Started @177311ms
2020-07-16 01:26:40,164 [Listener at 127.0.0.1/35581] WARN  impl.MetricsSystemImpl (MetricsSystemImpl.java:register(276)) - Sink prometheus already exists!
2020-07-16 01:26:40,168 [Listener at 127.0.0.1/35581] INFO  http.BaseHttpServer (BaseHttpServer.java:updateConnectorAddress(327)) - HTTP server of hddsDatanode listening at http://0.0.0.0:43707
2020-07-16 01:26:40,168 [Listener at 127.0.0.1/35581] INFO  impl.MetricsSystemImpl (MetricsSystemImpl.java:init(158)) - HddsDatanode metrics system started (again)
2020-07-16 01:26:40,170 [Listener at 127.0.0.1/35581] INFO  ozone.HddsDatanodeService (HddsDatanodeService.java:start(214)) - HddsDatanodeService host:3db59c8b2b88 ip:172.17.0.2
2020-07-16 01:26:40,171 [org.apache.hadoop.util.JvmPauseMonitor$Monitor@52193c71] INFO  util.JvmPauseMonitor (JvmPauseMonitor.java:run(188)) - Starting JVM pause monitor
2020-07-16 01:26:40,172 [Datanode State Machine Thread - 0] INFO  datanode.InitDatanodeState (InitDatanodeState.java:persistContainerDatanodeDetails(145)) - DatanodeDetails is persisted to /github/workspace/mnt/ozone/hadoop-ozone/integration-test/target/test-dir/MiniOzoneClusterImpl-adff4ecb-6e1a-4bbe-b65d-469fb2d670c7/datanode-2/meta/datanode.id
2020-07-16 01:26:40,172 [Listener at 127.0.0.1/35581] INFO  volume.HddsVolume (HddsVolume.java:<init>(176)) - Creating Volume: /github/workspace/mnt/ozone/hadoop-ozone/integration-test/target/test-dir/MiniOzoneClusterImpl-adff4ecb-6e1a-4bbe-b65d-469fb2d670c7/datanode-3/data-0/containers/hdds of storage type : DISK and capacity : 9223372036854775807
2020-07-16 01:26:40,172 [Listener at 127.0.0.1/35581] INFO  volume.MutableVolumeSet (MutableVolumeSet.java:initializeVolumeSet(181)) - Added Volume : /github/workspace/mnt/ozone/hadoop-ozone/integration-test/target/test-dir/MiniOzoneClusterImpl-adff4ecb-6e1a-4bbe-b65d-469fb2d670c7/datanode-3/data-0/containers/hdds to VolumeSet
2020-07-16 01:26:40,172 [Listener at 127.0.0.1/35581] INFO  volume.ThrottledAsyncChecker (ThrottledAsyncChecker.java:schedule(141)) - Scheduling a check for /github/workspace/mnt/ozone/hadoop-ozone/integration-test/target/test-dir/MiniOzoneClusterImpl-adff4ecb-6e1a-4bbe-b65d-469fb2d670c7/datanode-3/data-0/containers/hdds
2020-07-16 01:26:40,173 [Listener at 127.0.0.1/35581] INFO  volume.HddsVolumeChecker (HddsVolumeChecker.java:checkAllVolumes(200)) - Scheduled health check for volume /github/workspace/mnt/ozone/hadoop-ozone/integration-test/target/test-dir/MiniOzoneClusterImpl-adff4ecb-6e1a-4bbe-b65d-469fb2d670c7/datanode-3/data-0/containers/hdds
2020-07-16 01:26:40,188 [Listener at 127.0.0.1/35581] INFO  impl.RaftServerProxy (ConfUtils.java:logGet(44)) - raft.rpc.type = GRPC (default)
2020-07-16 01:26:40,188 [Listener at 127.0.0.1/35581] INFO  grpc.GrpcFactory (GrpcFactory.java:checkPooledByteBufAllocatorUseCacheForAllThreads(45)) - PERFORMANCE WARNING: useCacheForAllThreads is true that may cause Netty to create a lot garbage objects and, as a result, trigger GC.
	It is recommended to disable useCacheForAllThreads by setting -Dorg.apache.ratis.thirdparty.io.netty.allocator.useCacheForAllThreads=false in command line.
2020-07-16 01:26:40,188 [Listener at 127.0.0.1/35581] INFO  grpc.GrpcConfigKeys (ConfUtils.java:logGet(44)) - raft.grpc.server.port = 0 (default)
2020-07-16 01:26:40,188 [Listener at 127.0.0.1/35581] INFO  server.GrpcService (ConfUtils.java:logGet(44)) - raft.grpc.message.size.max = 32MB (=33554432) (custom)
2020-07-16 01:26:40,188 [Listener at 127.0.0.1/35581] INFO  server.RaftServerConfigKeys (ConfUtils.java:logGet(44)) - raft.server.log.appender.buffer.byte-limit = 33554432 (custom)
2020-07-16 01:26:40,188 [Listener at 127.0.0.1/35581] INFO  server.GrpcService (ConfUtils.java:logGet(44)) - raft.grpc.flow.control.window = 5MB (=5242880) (custom)
2020-07-16 01:26:40,188 [Listener at 127.0.0.1/35581] INFO  server.RaftServerConfigKeys (ConfUtils.java:logGet(44)) - raft.server.rpc.request.timeout = 3000ms (default)
2020-07-16 01:26:40,189 [Listener at 127.0.0.1/35581] INFO  server.RaftServerConfigKeys (ConfUtils.java:logGet(44)) - raft.server.storage.dir = [/github/workspace/mnt/ozone/hadoop-ozone/integration-test/target/test-dir/MiniOzoneClusterImpl-adff4ecb-6e1a-4bbe-b65d-469fb2d670c7/datanode-3/data/ratis] (custom)
2020-07-16 01:26:40,194 [Listener at 127.0.0.1/35581] INFO  http.BaseHttpServer (BaseHttpServer.java:newHttpServer2BuilderForOzone(207)) - Starting Web-server for hddsDatanode at: http://0.0.0.0:0
2020-07-16 01:26:40,194 [Listener at 127.0.0.1/35581] INFO  http.BaseHttpServer (BaseHttpServer.java:<init>(106)) - Hadoop Security Enabled: false Ozone Security Enabled: false Ozone HTTP Security Enabled: false 
2020-07-16 01:26:40,195 [Listener at 127.0.0.1/35581] INFO  server.AuthenticationFilter (AuthenticationFilter.java:constructSecretProvider(240)) - Unable to initialize FileSignerSecretProvider, falling back to use random secrets.
2020-07-16 01:26:40,195 [Listener at 127.0.0.1/35581] WARN  http.HttpRequestLog (HttpRequestLog.java:getRequestLog(103)) - Jetty request log can only be enabled using Log4j
2020-07-16 01:26:40,196 [Listener at 127.0.0.1/35581] INFO  http.HttpServer2 (HttpServer2.java:addGlobalFilter(998)) - Added global filter 'safety' (class=org.apache.hadoop.hdds.server.http.HttpServer2$QuotingInputFilter)
2020-07-16 01:26:40,196 [Listener at 127.0.0.1/35581] INFO  http.HttpServer2 (HttpServer2.java:addFilter(974)) - Added filter static_user_filter (class=org.apache.hadoop.http.lib.StaticUserWebFilter$StaticUserFilter) to context hddsDatanode
2020-07-16 01:26:40,197 [Listener at 127.0.0.1/35581] INFO  http.HttpServer2 (HttpServer2.java:addFilter(982)) - Added filter static_user_filter (class=org.apache.hadoop.http.lib.StaticUserWebFilter$StaticUserFilter) to context static
2020-07-16 01:26:40,197 [Listener at 127.0.0.1/35581] INFO  http.HttpServer2 (HttpServer2.java:addFilter(982)) - Added filter static_user_filter (class=org.apache.hadoop.http.lib.StaticUserWebFilter$StaticUserFilter) to context logs
2020-07-16 01:26:40,197 [Listener at 127.0.0.1/35581] INFO  http.HttpServer2 (HttpServer2.java:bindListener(1216)) - Jetty bound to port 44383
2020-07-16 01:26:40,197 [Listener at 127.0.0.1/35581] INFO  server.Server (Server.java:doStart(359)) - jetty-9.4.26.v20200117; built: 2020-01-17T12:35:33.676Z; git: 7b38981d25d14afb4a12ff1f2596756144edf695; jvm 1.8.0_232-b09
2020-07-16 01:26:40,199 [Listener at 127.0.0.1/35581] INFO  server.session (DefaultSessionIdManager.java:doStart(333)) - DefaultSessionIdManager workerName=node0
2020-07-16 01:26:40,199 [Listener at 127.0.0.1/35581] INFO  server.session (DefaultSessionIdManager.java:doStart(338)) - No SessionScavenger set, using defaults
2020-07-16 01:26:40,199 [Listener at 127.0.0.1/35581] INFO  server.session (HouseKeeper.java:startScavenging(140)) - node0 Scavenging every 600000ms
2020-07-16 01:26:40,199 [Listener at 127.0.0.1/35581] INFO  handler.ContextHandler (ContextHandler.java:doStart(825)) - Started o.e.j.s.ServletContextHandler@c7ba58d{logs,/logs,file:///github/workspace/mnt/ozone/hadoop-ozone/integration-test/target/log,AVAILABLE}
2020-07-16 01:26:40,200 [Listener at 127.0.0.1/35581] INFO  handler.ContextHandler (ContextHandler.java:doStart(825)) - Started o.e.j.s.ServletContextHandler@282c2bbd{static,/static,jar:file:/home/user/.m2/repository/org/apache/hadoop/hadoop-hdds-container-service/0.6.0-SNAPSHOT/hadoop-hdds-container-service-0.6.0-SNAPSHOT.jar!/webapps/static,AVAILABLE}
2020-07-16 01:26:40,274 [Listener at 127.0.0.1/35581] INFO  handler.ContextHandler (ContextHandler.java:doStart(825)) - Started o.e.j.w.WebAppContext@513156fd{hddsDatanode,/,file:///tmp/jetty-0_0_0_0-44383-hadoop-hdds-container-service-0_6_0-SNAPSHOT_jar-_-any-1247714623455732009.dir/webapp/,AVAILABLE}{jar:file:/home/user/.m2/repository/org/apache/hadoop/hadoop-hdds-container-service/0.6.0-SNAPSHOT/hadoop-hdds-container-service-0.6.0-SNAPSHOT.jar!/webapps/hddsDatanode}
2020-07-16 01:26:40,276 [Listener at 127.0.0.1/35581] INFO  server.AbstractConnector (AbstractConnector.java:doStart(330)) - Started ServerConnector@6145be92{HTTP/1.1,[http/1.1]}{0.0.0.0:44383}
2020-07-16 01:26:40,276 [Listener at 127.0.0.1/35581] INFO  server.Server (Server.java:doStart(399)) - Started @177423ms
2020-07-16 01:26:40,276 [Listener at 127.0.0.1/35581] WARN  impl.MetricsSystemImpl (MetricsSystemImpl.java:register(276)) - Sink prometheus already exists!
2020-07-16 01:26:40,279 [Listener at 127.0.0.1/35581] INFO  http.BaseHttpServer (BaseHttpServer.java:updateConnectorAddress(327)) - HTTP server of hddsDatanode listening at http://0.0.0.0:44383
2020-07-16 01:26:40,280 [Listener at 127.0.0.1/35581] INFO  impl.MetricsSystemImpl (MetricsSystemImpl.java:init(158)) - HddsDatanode metrics system started (again)
2020-07-16 01:26:40,281 [Listener at 127.0.0.1/35581] INFO  ozone.HddsDatanodeService (HddsDatanodeService.java:start(214)) - HddsDatanodeService host:3db59c8b2b88 ip:172.17.0.2
2020-07-16 01:26:40,292 [org.apache.hadoop.util.JvmPauseMonitor$Monitor@23f917a3] INFO  util.JvmPauseMonitor (JvmPauseMonitor.java:run(188)) - Starting JVM pause monitor
2020-07-16 01:26:40,292 [Listener at 127.0.0.1/35581] INFO  volume.HddsVolume (HddsVolume.java:<init>(176)) - Creating Volume: /github/workspace/mnt/ozone/hadoop-ozone/integration-test/target/test-dir/MiniOzoneClusterImpl-adff4ecb-6e1a-4bbe-b65d-469fb2d670c7/datanode-4/data-0/containers/hdds of storage type : DISK and capacity : 9223372036854775807
2020-07-16 01:26:40,292 [Listener at 127.0.0.1/35581] INFO  volume.MutableVolumeSet (MutableVolumeSet.java:initializeVolumeSet(181)) - Added Volume : /github/workspace/mnt/ozone/hadoop-ozone/integration-test/target/test-dir/MiniOzoneClusterImpl-adff4ecb-6e1a-4bbe-b65d-469fb2d670c7/datanode-4/data-0/containers/hdds to VolumeSet
2020-07-16 01:26:40,293 [Listener at 127.0.0.1/35581] INFO  volume.ThrottledAsyncChecker (ThrottledAsyncChecker.java:schedule(141)) - Scheduling a check for /github/workspace/mnt/ozone/hadoop-ozone/integration-test/target/test-dir/MiniOzoneClusterImpl-adff4ecb-6e1a-4bbe-b65d-469fb2d670c7/datanode-4/data-0/containers/hdds
2020-07-16 01:26:40,294 [Datanode State Machine Thread - 0] INFO  datanode.InitDatanodeState (InitDatanodeState.java:persistContainerDatanodeDetails(145)) - DatanodeDetails is persisted to /github/workspace/mnt/ozone/hadoop-ozone/integration-test/target/test-dir/MiniOzoneClusterImpl-adff4ecb-6e1a-4bbe-b65d-469fb2d670c7/datanode-3/meta/datanode.id
2020-07-16 01:26:40,294 [Listener at 127.0.0.1/35581] INFO  volume.HddsVolumeChecker (HddsVolumeChecker.java:checkAllVolumes(200)) - Scheduled health check for volume /github/workspace/mnt/ozone/hadoop-ozone/integration-test/target/test-dir/MiniOzoneClusterImpl-adff4ecb-6e1a-4bbe-b65d-469fb2d670c7/datanode-4/data-0/containers/hdds
2020-07-16 01:26:40,308 [Listener at 127.0.0.1/35581] INFO  impl.RaftServerProxy (ConfUtils.java:logGet(44)) - raft.rpc.type = GRPC (default)
2020-07-16 01:26:40,309 [Listener at 127.0.0.1/35581] INFO  grpc.GrpcFactory (GrpcFactory.java:checkPooledByteBufAllocatorUseCacheForAllThreads(45)) - PERFORMANCE WARNING: useCacheForAllThreads is true that may cause Netty to create a lot garbage objects and, as a result, trigger GC.
	It is recommended to disable useCacheForAllThreads by setting -Dorg.apache.ratis.thirdparty.io.netty.allocator.useCacheForAllThreads=false in command line.
2020-07-16 01:26:40,309 [Listener at 127.0.0.1/35581] INFO  grpc.GrpcConfigKeys (ConfUtils.java:logGet(44)) - raft.grpc.server.port = 0 (default)
2020-07-16 01:26:40,309 [Listener at 127.0.0.1/35581] INFO  server.GrpcService (ConfUtils.java:logGet(44)) - raft.grpc.message.size.max = 32MB (=33554432) (custom)
2020-07-16 01:26:40,309 [Listener at 127.0.0.1/35581] INFO  server.RaftServerConfigKeys (ConfUtils.java:logGet(44)) - raft.server.log.appender.buffer.byte-limit = 33554432 (custom)
2020-07-16 01:26:40,309 [Listener at 127.0.0.1/35581] INFO  server.GrpcService (ConfUtils.java:logGet(44)) - raft.grpc.flow.control.window = 5MB (=5242880) (custom)
2020-07-16 01:26:40,309 [Listener at 127.0.0.1/35581] INFO  server.RaftServerConfigKeys (ConfUtils.java:logGet(44)) - raft.server.rpc.request.timeout = 3000ms (default)
2020-07-16 01:26:40,310 [Listener at 127.0.0.1/35581] INFO  server.RaftServerConfigKeys (ConfUtils.java:logGet(44)) - raft.server.storage.dir = [/github/workspace/mnt/ozone/hadoop-ozone/integration-test/target/test-dir/MiniOzoneClusterImpl-adff4ecb-6e1a-4bbe-b65d-469fb2d670c7/datanode-4/data/ratis] (custom)
2020-07-16 01:26:40,314 [Listener at 127.0.0.1/35581] INFO  http.BaseHttpServer (BaseHttpServer.java:newHttpServer2BuilderForOzone(207)) - Starting Web-server for hddsDatanode at: http://0.0.0.0:0
2020-07-16 01:26:40,315 [Listener at 127.0.0.1/35581] INFO  http.BaseHttpServer (BaseHttpServer.java:<init>(106)) - Hadoop Security Enabled: false Ozone Security Enabled: false Ozone HTTP Security Enabled: false 
2020-07-16 01:26:40,316 [Listener at 127.0.0.1/35581] INFO  server.AuthenticationFilter (AuthenticationFilter.java:constructSecretProvider(240)) - Unable to initialize FileSignerSecretProvider, falling back to use random secrets.
2020-07-16 01:26:40,316 [Listener at 127.0.0.1/35581] WARN  http.HttpRequestLog (HttpRequestLog.java:getRequestLog(103)) - Jetty request log can only be enabled using Log4j
2020-07-16 01:26:40,317 [Listener at 127.0.0.1/35581] INFO  http.HttpServer2 (HttpServer2.java:addGlobalFilter(998)) - Added global filter 'safety' (class=org.apache.hadoop.hdds.server.http.HttpServer2$QuotingInputFilter)
2020-07-16 01:26:40,317 [Listener at 127.0.0.1/35581] INFO  http.HttpServer2 (HttpServer2.java:addFilter(974)) - Added filter static_user_filter (class=org.apache.hadoop.http.lib.StaticUserWebFilter$StaticUserFilter) to context hddsDatanode
2020-07-16 01:26:40,317 [Listener at 127.0.0.1/35581] INFO  http.HttpServer2 (HttpServer2.java:addFilter(982)) - Added filter static_user_filter (class=org.apache.hadoop.http.lib.StaticUserWebFilter$StaticUserFilter) to context logs
2020-07-16 01:26:40,317 [Listener at 127.0.0.1/35581] INFO  http.HttpServer2 (HttpServer2.java:addFilter(982)) - Added filter static_user_filter (class=org.apache.hadoop.http.lib.StaticUserWebFilter$StaticUserFilter) to context static
2020-07-16 01:26:40,318 [Listener at 127.0.0.1/35581] INFO  http.HttpServer2 (HttpServer2.java:bindListener(1216)) - Jetty bound to port 34819
2020-07-16 01:26:40,318 [Listener at 127.0.0.1/35581] INFO  server.Server (Server.java:doStart(359)) - jetty-9.4.26.v20200117; built: 2020-01-17T12:35:33.676Z; git: 7b38981d25d14afb4a12ff1f2596756144edf695; jvm 1.8.0_232-b09
2020-07-16 01:26:40,319 [Listener at 127.0.0.1/35581] INFO  server.session (DefaultSessionIdManager.java:doStart(333)) - DefaultSessionIdManager workerName=node0
2020-07-16 01:26:40,319 [Listener at 127.0.0.1/35581] INFO  server.session (DefaultSessionIdManager.java:doStart(338)) - No SessionScavenger set, using defaults
2020-07-16 01:26:40,319 [Listener at 127.0.0.1/35581] INFO  server.session (HouseKeeper.java:startScavenging(140)) - node0 Scavenging every 600000ms
2020-07-16 01:26:40,320 [Listener at 127.0.0.1/35581] INFO  handler.ContextHandler (ContextHandler.java:doStart(825)) - Started o.e.j.s.ServletContextHandler@784bb800{logs,/logs,file:///github/workspace/mnt/ozone/hadoop-ozone/integration-test/target/log,AVAILABLE}
2020-07-16 01:26:40,320 [Listener at 127.0.0.1/35581] INFO  handler.ContextHandler (ContextHandler.java:doStart(825)) - Started o.e.j.s.ServletContextHandler@3eebbbf5{static,/static,jar:file:/home/user/.m2/repository/org/apache/hadoop/hadoop-hdds-container-service/0.6.0-SNAPSHOT/hadoop-hdds-container-service-0.6.0-SNAPSHOT.jar!/webapps/static,AVAILABLE}
2020-07-16 01:26:40,395 [Listener at 127.0.0.1/35581] INFO  handler.ContextHandler (ContextHandler.java:doStart(825)) - Started o.e.j.w.WebAppContext@6035396c{hddsDatanode,/,file:///tmp/jetty-0_0_0_0-34819-hadoop-hdds-container-service-0_6_0-SNAPSHOT_jar-_-any-8358773226160961524.dir/webapp/,AVAILABLE}{jar:file:/home/user/.m2/repository/org/apache/hadoop/hadoop-hdds-container-service/0.6.0-SNAPSHOT/hadoop-hdds-container-service-0.6.0-SNAPSHOT.jar!/webapps/hddsDatanode}
2020-07-16 01:26:40,396 [Listener at 127.0.0.1/35581] INFO  server.AbstractConnector (AbstractConnector.java:doStart(330)) - Started ServerConnector@4c9a3ae{HTTP/1.1,[http/1.1]}{0.0.0.0:34819}
2020-07-16 01:26:40,396 [Listener at 127.0.0.1/35581] INFO  server.Server (Server.java:doStart(399)) - Started @177543ms
2020-07-16 01:26:40,396 [Listener at 127.0.0.1/35581] WARN  impl.MetricsSystemImpl (MetricsSystemImpl.java:register(276)) - Sink prometheus already exists!
2020-07-16 01:26:40,404 [Listener at 127.0.0.1/35581] INFO  http.BaseHttpServer (BaseHttpServer.java:updateConnectorAddress(327)) - HTTP server of hddsDatanode listening at http://0.0.0.0:34819
2020-07-16 01:26:40,405 [Listener at 127.0.0.1/35581] INFO  impl.MetricsSystemImpl (MetricsSystemImpl.java:init(158)) - HddsDatanode metrics system started (again)
2020-07-16 01:26:40,406 [Listener at 127.0.0.1/35581] INFO  ozone.HddsDatanodeService (HddsDatanodeService.java:start(214)) - HddsDatanodeService host:3db59c8b2b88 ip:172.17.0.2
2020-07-16 01:26:40,407 [org.apache.hadoop.util.JvmPauseMonitor$Monitor@67190064] INFO  util.JvmPauseMonitor (JvmPauseMonitor.java:run(188)) - Starting JVM pause monitor
2020-07-16 01:26:40,407 [Listener at 127.0.0.1/35581] INFO  volume.HddsVolume (HddsVolume.java:<init>(176)) - Creating Volume: /github/workspace/mnt/ozone/hadoop-ozone/integration-test/target/test-dir/MiniOzoneClusterImpl-adff4ecb-6e1a-4bbe-b65d-469fb2d670c7/datanode-5/data-0/containers/hdds of storage type : DISK and capacity : 9223372036854775807
2020-07-16 01:26:40,407 [Listener at 127.0.0.1/35581] INFO  volume.MutableVolumeSet (MutableVolumeSet.java:initializeVolumeSet(181)) - Added Volume : /github/workspace/mnt/ozone/hadoop-ozone/integration-test/target/test-dir/MiniOzoneClusterImpl-adff4ecb-6e1a-4bbe-b65d-469fb2d670c7/datanode-5/data-0/containers/hdds to VolumeSet
2020-07-16 01:26:40,408 [Listener at 127.0.0.1/35581] INFO  volume.ThrottledAsyncChecker (ThrottledAsyncChecker.java:schedule(141)) - Scheduling a check for /github/workspace/mnt/ozone/hadoop-ozone/integration-test/target/test-dir/MiniOzoneClusterImpl-adff4ecb-6e1a-4bbe-b65d-469fb2d670c7/datanode-5/data-0/containers/hdds
2020-07-16 01:26:40,408 [Listener at 127.0.0.1/35581] INFO  volume.HddsVolumeChecker (HddsVolumeChecker.java:checkAllVolumes(200)) - Scheduled health check for volume /github/workspace/mnt/ozone/hadoop-ozone/integration-test/target/test-dir/MiniOzoneClusterImpl-adff4ecb-6e1a-4bbe-b65d-469fb2d670c7/datanode-5/data-0/containers/hdds
2020-07-16 01:26:40,409 [Datanode State Machine Thread - 0] INFO  datanode.InitDatanodeState (InitDatanodeState.java:persistContainerDatanodeDetails(145)) - DatanodeDetails is persisted to /github/workspace/mnt/ozone/hadoop-ozone/integration-test/target/test-dir/MiniOzoneClusterImpl-adff4ecb-6e1a-4bbe-b65d-469fb2d670c7/datanode-4/meta/datanode.id
2020-07-16 01:26:40,423 [Listener at 127.0.0.1/35581] INFO  impl.RaftServerProxy (ConfUtils.java:logGet(44)) - raft.rpc.type = GRPC (default)
2020-07-16 01:26:40,423 [Listener at 127.0.0.1/35581] INFO  grpc.GrpcFactory (GrpcFactory.java:checkPooledByteBufAllocatorUseCacheForAllThreads(45)) - PERFORMANCE WARNING: useCacheForAllThreads is true that may cause Netty to create a lot garbage objects and, as a result, trigger GC.
	It is recommended to disable useCacheForAllThreads by setting -Dorg.apache.ratis.thirdparty.io.netty.allocator.useCacheForAllThreads=false in command line.
2020-07-16 01:26:40,423 [Listener at 127.0.0.1/35581] INFO  grpc.GrpcConfigKeys (ConfUtils.java:logGet(44)) - raft.grpc.server.port = 0 (default)
2020-07-16 01:26:40,424 [Listener at 127.0.0.1/35581] INFO  server.GrpcService (ConfUtils.java:logGet(44)) - raft.grpc.message.size.max = 32MB (=33554432) (custom)
2020-07-16 01:26:40,424 [Listener at 127.0.0.1/35581] INFO  server.RaftServerConfigKeys (ConfUtils.java:logGet(44)) - raft.server.log.appender.buffer.byte-limit = 33554432 (custom)
2020-07-16 01:26:40,424 [Listener at 127.0.0.1/35581] INFO  server.GrpcService (ConfUtils.java:logGet(44)) - raft.grpc.flow.control.window = 5MB (=5242880) (custom)
2020-07-16 01:26:40,424 [Listener at 127.0.0.1/35581] INFO  server.RaftServerConfigKeys (ConfUtils.java:logGet(44)) - raft.server.rpc.request.timeout = 3000ms (default)
2020-07-16 01:26:40,425 [Listener at 127.0.0.1/35581] INFO  server.RaftServerConfigKeys (ConfUtils.java:logGet(44)) - raft.server.storage.dir = [/github/workspace/mnt/ozone/hadoop-ozone/integration-test/target/test-dir/MiniOzoneClusterImpl-adff4ecb-6e1a-4bbe-b65d-469fb2d670c7/datanode-5/data/ratis] (custom)
2020-07-16 01:26:40,429 [Listener at 127.0.0.1/35581] INFO  http.BaseHttpServer (BaseHttpServer.java:newHttpServer2BuilderForOzone(207)) - Starting Web-server for hddsDatanode at: http://0.0.0.0:0
2020-07-16 01:26:40,429 [Listener at 127.0.0.1/35581] INFO  http.BaseHttpServer (BaseHttpServer.java:<init>(106)) - Hadoop Security Enabled: false Ozone Security Enabled: false Ozone HTTP Security Enabled: false 
2020-07-16 01:26:40,430 [Listener at 127.0.0.1/35581] INFO  server.AuthenticationFilter (AuthenticationFilter.java:constructSecretProvider(240)) - Unable to initialize FileSignerSecretProvider, falling back to use random secrets.
2020-07-16 01:26:40,430 [Listener at 127.0.0.1/35581] WARN  http.HttpRequestLog (HttpRequestLog.java:getRequestLog(103)) - Jetty request log can only be enabled using Log4j
2020-07-16 01:26:40,431 [Listener at 127.0.0.1/35581] INFO  http.HttpServer2 (HttpServer2.java:addGlobalFilter(998)) - Added global filter 'safety' (class=org.apache.hadoop.hdds.server.http.HttpServer2$QuotingInputFilter)
2020-07-16 01:26:40,431 [Listener at 127.0.0.1/35581] INFO  http.HttpServer2 (HttpServer2.java:addFilter(974)) - Added filter static_user_filter (class=org.apache.hadoop.http.lib.StaticUserWebFilter$StaticUserFilter) to context hddsDatanode
2020-07-16 01:26:40,431 [Listener at 127.0.0.1/35581] INFO  http.HttpServer2 (HttpServer2.java:addFilter(982)) - Added filter static_user_filter (class=org.apache.hadoop.http.lib.StaticUserWebFilter$StaticUserFilter) to context logs
2020-07-16 01:26:40,431 [Listener at 127.0.0.1/35581] INFO  http.HttpServer2 (HttpServer2.java:addFilter(982)) - Added filter static_user_filter (class=org.apache.hadoop.http.lib.StaticUserWebFilter$StaticUserFilter) to context static
2020-07-16 01:26:40,432 [Listener at 127.0.0.1/35581] INFO  http.HttpServer2 (HttpServer2.java:bindListener(1216)) - Jetty bound to port 36767
2020-07-16 01:26:40,432 [Listener at 127.0.0.1/35581] INFO  server.Server (Server.java:doStart(359)) - jetty-9.4.26.v20200117; built: 2020-01-17T12:35:33.676Z; git: 7b38981d25d14afb4a12ff1f2596756144edf695; jvm 1.8.0_232-b09
2020-07-16 01:26:40,433 [Listener at 127.0.0.1/35581] INFO  server.session (DefaultSessionIdManager.java:doStart(333)) - DefaultSessionIdManager workerName=node0
2020-07-16 01:26:40,433 [Listener at 127.0.0.1/35581] INFO  server.session (DefaultSessionIdManager.java:doStart(338)) - No SessionScavenger set, using defaults
2020-07-16 01:26:40,434 [Listener at 127.0.0.1/35581] INFO  server.session (HouseKeeper.java:startScavenging(140)) - node0 Scavenging every 660000ms
2020-07-16 01:26:40,434 [Listener at 127.0.0.1/35581] INFO  handler.ContextHandler (ContextHandler.java:doStart(825)) - Started o.e.j.s.ServletContextHandler@38171f9{logs,/logs,file:///github/workspace/mnt/ozone/hadoop-ozone/integration-test/target/log,AVAILABLE}
2020-07-16 01:26:40,434 [Listener at 127.0.0.1/35581] INFO  handler.ContextHandler (ContextHandler.java:doStart(825)) - Started o.e.j.s.ServletContextHandler@495afaf5{static,/static,jar:file:/home/user/.m2/repository/org/apache/hadoop/hadoop-hdds-container-service/0.6.0-SNAPSHOT/hadoop-hdds-container-service-0.6.0-SNAPSHOT.jar!/webapps/static,AVAILABLE}
2020-07-16 01:26:40,509 [Listener at 127.0.0.1/35581] INFO  handler.ContextHandler (ContextHandler.java:doStart(825)) - Started o.e.j.w.WebAppContext@4e9c23b7{hddsDatanode,/,file:///tmp/jetty-0_0_0_0-36767-hadoop-hdds-container-service-0_6_0-SNAPSHOT_jar-_-any-4104842035128678429.dir/webapp/,AVAILABLE}{jar:file:/home/user/.m2/repository/org/apache/hadoop/hadoop-hdds-container-service/0.6.0-SNAPSHOT/hadoop-hdds-container-service-0.6.0-SNAPSHOT.jar!/webapps/hddsDatanode}
2020-07-16 01:26:40,511 [Listener at 127.0.0.1/35581] INFO  server.AbstractConnector (AbstractConnector.java:doStart(330)) - Started ServerConnector@5f47c2e2{HTTP/1.1,[http/1.1]}{0.0.0.0:36767}
2020-07-16 01:26:40,511 [Listener at 127.0.0.1/35581] INFO  server.Server (Server.java:doStart(399)) - Started @177658ms
2020-07-16 01:26:40,511 [Listener at 127.0.0.1/35581] WARN  impl.MetricsSystemImpl (MetricsSystemImpl.java:register(276)) - Sink prometheus already exists!
2020-07-16 01:26:40,514 [Listener at 127.0.0.1/35581] INFO  http.BaseHttpServer (BaseHttpServer.java:updateConnectorAddress(327)) - HTTP server of hddsDatanode listening at http://0.0.0.0:36767
2020-07-16 01:26:40,515 [Listener at 127.0.0.1/35581] INFO  impl.MetricsSystemImpl (MetricsSystemImpl.java:init(158)) - HddsDatanode metrics system started (again)
2020-07-16 01:26:40,516 [Listener at 127.0.0.1/35581] INFO  ozone.HddsDatanodeService (HddsDatanodeService.java:start(214)) - HddsDatanodeService host:3db59c8b2b88 ip:172.17.0.2
2020-07-16 01:26:40,517 [org.apache.hadoop.util.JvmPauseMonitor$Monitor@6812635f] INFO  util.JvmPauseMonitor (JvmPauseMonitor.java:run(188)) - Starting JVM pause monitor
2020-07-16 01:26:40,518 [Datanode State Machine Thread - 0] INFO  datanode.InitDatanodeState (InitDatanodeState.java:persistContainerDatanodeDetails(145)) - DatanodeDetails is persisted to /github/workspace/mnt/ozone/hadoop-ozone/integration-test/target/test-dir/MiniOzoneClusterImpl-adff4ecb-6e1a-4bbe-b65d-469fb2d670c7/datanode-5/meta/datanode.id
2020-07-16 01:26:40,518 [Listener at 127.0.0.1/35581] INFO  volume.HddsVolume (HddsVolume.java:<init>(176)) - Creating Volume: /github/workspace/mnt/ozone/hadoop-ozone/integration-test/target/test-dir/MiniOzoneClusterImpl-adff4ecb-6e1a-4bbe-b65d-469fb2d670c7/datanode-6/data-0/containers/hdds of storage type : DISK and capacity : 9223372036854775807
2020-07-16 01:26:40,518 [Listener at 127.0.0.1/35581] INFO  volume.MutableVolumeSet (MutableVolumeSet.java:initializeVolumeSet(181)) - Added Volume : /github/workspace/mnt/ozone/hadoop-ozone/integration-test/target/test-dir/MiniOzoneClusterImpl-adff4ecb-6e1a-4bbe-b65d-469fb2d670c7/datanode-6/data-0/containers/hdds to VolumeSet
2020-07-16 01:26:40,518 [Listener at 127.0.0.1/35581] INFO  volume.ThrottledAsyncChecker (ThrottledAsyncChecker.java:schedule(141)) - Scheduling a check for /github/workspace/mnt/ozone/hadoop-ozone/integration-test/target/test-dir/MiniOzoneClusterImpl-adff4ecb-6e1a-4bbe-b65d-469fb2d670c7/datanode-6/data-0/containers/hdds
2020-07-16 01:26:40,524 [Listener at 127.0.0.1/35581] INFO  volume.HddsVolumeChecker (HddsVolumeChecker.java:checkAllVolumes(200)) - Scheduled health check for volume /github/workspace/mnt/ozone/hadoop-ozone/integration-test/target/test-dir/MiniOzoneClusterImpl-adff4ecb-6e1a-4bbe-b65d-469fb2d670c7/datanode-6/data-0/containers/hdds
2020-07-16 01:26:40,539 [Listener at 127.0.0.1/35581] INFO  impl.RaftServerProxy (ConfUtils.java:logGet(44)) - raft.rpc.type = GRPC (default)
2020-07-16 01:26:40,539 [Listener at 127.0.0.1/35581] INFO  grpc.GrpcFactory (GrpcFactory.java:checkPooledByteBufAllocatorUseCacheForAllThreads(45)) - PERFORMANCE WARNING: useCacheForAllThreads is true that may cause Netty to create a lot garbage objects and, as a result, trigger GC.
	It is recommended to disable useCacheForAllThreads by setting -Dorg.apache.ratis.thirdparty.io.netty.allocator.useCacheForAllThreads=false in command line.
2020-07-16 01:26:40,539 [Listener at 127.0.0.1/35581] INFO  grpc.GrpcConfigKeys (ConfUtils.java:logGet(44)) - raft.grpc.server.port = 0 (default)
2020-07-16 01:26:40,539 [Listener at 127.0.0.1/35581] INFO  server.GrpcService (ConfUtils.java:logGet(44)) - raft.grpc.message.size.max = 32MB (=33554432) (custom)
2020-07-16 01:26:40,539 [Listener at 127.0.0.1/35581] INFO  server.RaftServerConfigKeys (ConfUtils.java:logGet(44)) - raft.server.log.appender.buffer.byte-limit = 33554432 (custom)
2020-07-16 01:26:40,539 [Listener at 127.0.0.1/35581] INFO  server.GrpcService (ConfUtils.java:logGet(44)) - raft.grpc.flow.control.window = 5MB (=5242880) (custom)
2020-07-16 01:26:40,539 [Listener at 127.0.0.1/35581] INFO  server.RaftServerConfigKeys (ConfUtils.java:logGet(44)) - raft.server.rpc.request.timeout = 3000ms (default)
2020-07-16 01:26:40,540 [Listener at 127.0.0.1/35581] INFO  server.RaftServerConfigKeys (ConfUtils.java:logGet(44)) - raft.server.storage.dir = [/github/workspace/mnt/ozone/hadoop-ozone/integration-test/target/test-dir/MiniOzoneClusterImpl-adff4ecb-6e1a-4bbe-b65d-469fb2d670c7/datanode-6/data/ratis] (custom)
2020-07-16 01:26:40,544 [Listener at 127.0.0.1/35581] INFO  http.BaseHttpServer (BaseHttpServer.java:newHttpServer2BuilderForOzone(207)) - Starting Web-server for hddsDatanode at: http://0.0.0.0:0
2020-07-16 01:26:40,544 [Listener at 127.0.0.1/35581] INFO  http.BaseHttpServer (BaseHttpServer.java:<init>(106)) - Hadoop Security Enabled: false Ozone Security Enabled: false Ozone HTTP Security Enabled: false 
2020-07-16 01:26:40,547 [Listener at 127.0.0.1/35581] INFO  server.AuthenticationFilter (AuthenticationFilter.java:constructSecretProvider(240)) - Unable to initialize FileSignerSecretProvider, falling back to use random secrets.
2020-07-16 01:26:40,547 [Listener at 127.0.0.1/35581] WARN  http.HttpRequestLog (HttpRequestLog.java:getRequestLog(103)) - Jetty request log can only be enabled using Log4j
2020-07-16 01:26:40,548 [Listener at 127.0.0.1/35581] INFO  http.HttpServer2 (HttpServer2.java:addGlobalFilter(998)) - Added global filter 'safety' (class=org.apache.hadoop.hdds.server.http.HttpServer2$QuotingInputFilter)
2020-07-16 01:26:40,548 [Listener at 127.0.0.1/35581] INFO  http.HttpServer2 (HttpServer2.java:addFilter(974)) - Added filter static_user_filter (class=org.apache.hadoop.http.lib.StaticUserWebFilter$StaticUserFilter) to context hddsDatanode
2020-07-16 01:26:40,549 [Listener at 127.0.0.1/35581] INFO  http.HttpServer2 (HttpServer2.java:addFilter(982)) - Added filter static_user_filter (class=org.apache.hadoop.http.lib.StaticUserWebFilter$StaticUserFilter) to context logs
2020-07-16 01:26:40,549 [Listener at 127.0.0.1/35581] INFO  http.HttpServer2 (HttpServer2.java:addFilter(982)) - Added filter static_user_filter (class=org.apache.hadoop.http.lib.StaticUserWebFilter$StaticUserFilter) to context static
2020-07-16 01:26:40,549 [Listener at 127.0.0.1/35581] INFO  http.HttpServer2 (HttpServer2.java:bindListener(1216)) - Jetty bound to port 46627
2020-07-16 01:26:40,549 [Listener at 127.0.0.1/35581] INFO  server.Server (Server.java:doStart(359)) - jetty-9.4.26.v20200117; built: 2020-01-17T12:35:33.676Z; git: 7b38981d25d14afb4a12ff1f2596756144edf695; jvm 1.8.0_232-b09
2020-07-16 01:26:40,550 [Listener at 127.0.0.1/35581] INFO  server.session (DefaultSessionIdManager.java:doStart(333)) - DefaultSessionIdManager workerName=node0
2020-07-16 01:26:40,551 [Listener at 127.0.0.1/35581] INFO  server.session (DefaultSessionIdManager.java:doStart(338)) - No SessionScavenger set, using defaults
2020-07-16 01:26:40,551 [Listener at 127.0.0.1/35581] INFO  server.session (HouseKeeper.java:startScavenging(140)) - node0 Scavenging every 600000ms
2020-07-16 01:26:40,551 [Listener at 127.0.0.1/35581] INFO  handler.ContextHandler (ContextHandler.java:doStart(825)) - Started o.e.j.s.ServletContextHandler@6bc7eb0f{logs,/logs,file:///github/workspace/mnt/ozone/hadoop-ozone/integration-test/target/log,AVAILABLE}
2020-07-16 01:26:40,552 [Listener at 127.0.0.1/35581] INFO  handler.ContextHandler (ContextHandler.java:doStart(825)) - Started o.e.j.s.ServletContextHandler@d5b9704{static,/static,jar:file:/home/user/.m2/repository/org/apache/hadoop/hadoop-hdds-container-service/0.6.0-SNAPSHOT/hadoop-hdds-container-service-0.6.0-SNAPSHOT.jar!/webapps/static,AVAILABLE}
2020-07-16 01:26:40,628 [Listener at 127.0.0.1/35581] INFO  handler.ContextHandler (ContextHandler.java:doStart(825)) - Started o.e.j.w.WebAppContext@3c45c5cd{hddsDatanode,/,file:///tmp/jetty-0_0_0_0-46627-hadoop-hdds-container-service-0_6_0-SNAPSHOT_jar-_-any-5815980856272529051.dir/webapp/,AVAILABLE}{jar:file:/home/user/.m2/repository/org/apache/hadoop/hadoop-hdds-container-service/0.6.0-SNAPSHOT/hadoop-hdds-container-service-0.6.0-SNAPSHOT.jar!/webapps/hddsDatanode}
2020-07-16 01:26:40,631 [Listener at 127.0.0.1/35581] INFO  server.AbstractConnector (AbstractConnector.java:doStart(330)) - Started ServerConnector@300f715{HTTP/1.1,[http/1.1]}{0.0.0.0:46627}
2020-07-16 01:26:40,632 [Listener at 127.0.0.1/35581] INFO  server.Server (Server.java:doStart(399)) - Started @177779ms
2020-07-16 01:26:40,632 [Listener at 127.0.0.1/35581] WARN  impl.MetricsSystemImpl (MetricsSystemImpl.java:register(276)) - Sink prometheus already exists!
2020-07-16 01:26:40,636 [Listener at 127.0.0.1/35581] INFO  http.BaseHttpServer (BaseHttpServer.java:updateConnectorAddress(327)) - HTTP server of hddsDatanode listening at http://0.0.0.0:46627
2020-07-16 01:26:40,636 [Listener at 127.0.0.1/35581] INFO  impl.MetricsSystemImpl (MetricsSystemImpl.java:init(158)) - HddsDatanode metrics system started (again)
2020-07-16 01:26:40,638 [Listener at 127.0.0.1/35581] INFO  ozone.HddsDatanodeService (HddsDatanodeService.java:start(214)) - HddsDatanodeService host:3db59c8b2b88 ip:172.17.0.2
2020-07-16 01:26:40,639 [org.apache.hadoop.util.JvmPauseMonitor$Monitor@6883461a] INFO  util.JvmPauseMonitor (JvmPauseMonitor.java:run(188)) - Starting JVM pause monitor
2020-07-16 01:26:40,639 [Listener at 127.0.0.1/35581] INFO  volume.HddsVolume (HddsVolume.java:<init>(176)) - Creating Volume: /github/workspace/mnt/ozone/hadoop-ozone/integration-test/target/test-dir/MiniOzoneClusterImpl-adff4ecb-6e1a-4bbe-b65d-469fb2d670c7/datanode-7/data-0/containers/hdds of storage type : DISK and capacity : 9223372036854775807
2020-07-16 01:26:40,639 [Listener at 127.0.0.1/35581] INFO  volume.MutableVolumeSet (MutableVolumeSet.java:initializeVolumeSet(181)) - Added Volume : /github/workspace/mnt/ozone/hadoop-ozone/integration-test/target/test-dir/MiniOzoneClusterImpl-adff4ecb-6e1a-4bbe-b65d-469fb2d670c7/datanode-7/data-0/containers/hdds to VolumeSet
2020-07-16 01:26:40,639 [Listener at 127.0.0.1/35581] INFO  volume.ThrottledAsyncChecker (ThrottledAsyncChecker.java:schedule(141)) - Scheduling a check for /github/workspace/mnt/ozone/hadoop-ozone/integration-test/target/test-dir/MiniOzoneClusterImpl-adff4ecb-6e1a-4bbe-b65d-469fb2d670c7/datanode-7/data-0/containers/hdds
2020-07-16 01:26:40,640 [Listener at 127.0.0.1/35581] INFO  volume.HddsVolumeChecker (HddsVolumeChecker.java:checkAllVolumes(200)) - Scheduled health check for volume /github/workspace/mnt/ozone/hadoop-ozone/integration-test/target/test-dir/MiniOzoneClusterImpl-adff4ecb-6e1a-4bbe-b65d-469fb2d670c7/datanode-7/data-0/containers/hdds
2020-07-16 01:26:40,640 [Datanode State Machine Thread - 0] INFO  datanode.InitDatanodeState (InitDatanodeState.java:persistContainerDatanodeDetails(145)) - DatanodeDetails is persisted to /github/workspace/mnt/ozone/hadoop-ozone/integration-test/target/test-dir/MiniOzoneClusterImpl-adff4ecb-6e1a-4bbe-b65d-469fb2d670c7/datanode-6/meta/datanode.id
2020-07-16 01:26:40,654 [Listener at 127.0.0.1/35581] INFO  impl.RaftServerProxy (ConfUtils.java:logGet(44)) - raft.rpc.type = GRPC (default)
2020-07-16 01:26:40,655 [Listener at 127.0.0.1/35581] INFO  grpc.GrpcFactory (GrpcFactory.java:checkPooledByteBufAllocatorUseCacheForAllThreads(45)) - PERFORMANCE WARNING: useCacheForAllThreads is true that may cause Netty to create a lot garbage objects and, as a result, trigger GC.
	It is recommended to disable useCacheForAllThreads by setting -Dorg.apache.ratis.thirdparty.io.netty.allocator.useCacheForAllThreads=false in command line.
2020-07-16 01:26:40,655 [Listener at 127.0.0.1/35581] INFO  grpc.GrpcConfigKeys (ConfUtils.java:logGet(44)) - raft.grpc.server.port = 0 (default)
2020-07-16 01:26:40,655 [Listener at 127.0.0.1/35581] INFO  server.GrpcService (ConfUtils.java:logGet(44)) - raft.grpc.message.size.max = 32MB (=33554432) (custom)
2020-07-16 01:26:40,655 [Listener at 127.0.0.1/35581] INFO  server.RaftServerConfigKeys (ConfUtils.java:logGet(44)) - raft.server.log.appender.buffer.byte-limit = 33554432 (custom)
2020-07-16 01:26:40,655 [Listener at 127.0.0.1/35581] INFO  server.GrpcService (ConfUtils.java:logGet(44)) - raft.grpc.flow.control.window = 5MB (=5242880) (custom)
2020-07-16 01:26:40,655 [Listener at 127.0.0.1/35581] INFO  server.RaftServerConfigKeys (ConfUtils.java:logGet(44)) - raft.server.rpc.request.timeout = 3000ms (default)
2020-07-16 01:26:40,656 [Listener at 127.0.0.1/35581] INFO  server.RaftServerConfigKeys (ConfUtils.java:logGet(44)) - raft.server.storage.dir = [/github/workspace/mnt/ozone/hadoop-ozone/integration-test/target/test-dir/MiniOzoneClusterImpl-adff4ecb-6e1a-4bbe-b65d-469fb2d670c7/datanode-7/data/ratis] (custom)
2020-07-16 01:26:40,660 [Listener at 127.0.0.1/35581] INFO  http.BaseHttpServer (BaseHttpServer.java:newHttpServer2BuilderForOzone(207)) - Starting Web-server for hddsDatanode at: http://0.0.0.0:0
2020-07-16 01:26:40,660 [Listener at 127.0.0.1/35581] INFO  http.BaseHttpServer (BaseHttpServer.java:<init>(106)) - Hadoop Security Enabled: false Ozone Security Enabled: false Ozone HTTP Security Enabled: false 
2020-07-16 01:26:40,661 [Listener at 127.0.0.1/35581] INFO  server.AuthenticationFilter (AuthenticationFilter.java:constructSecretProvider(240)) - Unable to initialize FileSignerSecretProvider, falling back to use random secrets.
2020-07-16 01:26:40,661 [Listener at 127.0.0.1/35581] WARN  http.HttpRequestLog (HttpRequestLog.java:getRequestLog(103)) - Jetty request log can only be enabled using Log4j
2020-07-16 01:26:40,662 [Listener at 127.0.0.1/35581] INFO  http.HttpServer2 (HttpServer2.java:addGlobalFilter(998)) - Added global filter 'safety' (class=org.apache.hadoop.hdds.server.http.HttpServer2$QuotingInputFilter)
2020-07-16 01:26:40,662 [Listener at 127.0.0.1/35581] INFO  http.HttpServer2 (HttpServer2.java:addFilter(974)) - Added filter static_user_filter (class=org.apache.hadoop.http.lib.StaticUserWebFilter$StaticUserFilter) to context hddsDatanode
2020-07-16 01:26:40,663 [Listener at 127.0.0.1/35581] INFO  http.HttpServer2 (HttpServer2.java:addFilter(982)) - Added filter static_user_filter (class=org.apache.hadoop.http.lib.StaticUserWebFilter$StaticUserFilter) to context static
2020-07-16 01:26:40,663 [Listener at 127.0.0.1/35581] INFO  http.HttpServer2 (HttpServer2.java:addFilter(982)) - Added filter static_user_filter (class=org.apache.hadoop.http.lib.StaticUserWebFilter$StaticUserFilter) to context logs
2020-07-16 01:26:40,663 [Listener at 127.0.0.1/35581] INFO  http.HttpServer2 (HttpServer2.java:bindListener(1216)) - Jetty bound to port 40921
2020-07-16 01:26:40,663 [Listener at 127.0.0.1/35581] INFO  server.Server (Server.java:doStart(359)) - jetty-9.4.26.v20200117; built: 2020-01-17T12:35:33.676Z; git: 7b38981d25d14afb4a12ff1f2596756144edf695; jvm 1.8.0_232-b09
2020-07-16 01:26:40,665 [Listener at 127.0.0.1/35581] INFO  server.session (DefaultSessionIdManager.java:doStart(333)) - DefaultSessionIdManager workerName=node0
2020-07-16 01:26:40,665 [Listener at 127.0.0.1/35581] INFO  server.session (DefaultSessionIdManager.java:doStart(338)) - No SessionScavenger set, using defaults
2020-07-16 01:26:40,666 [Listener at 127.0.0.1/35581] INFO  server.session (HouseKeeper.java:startScavenging(140)) - node0 Scavenging every 660000ms
2020-07-16 01:26:40,666 [Listener at 127.0.0.1/35581] INFO  handler.ContextHandler (ContextHandler.java:doStart(825)) - Started o.e.j.s.ServletContextHandler@7b1a32e{logs,/logs,file:///github/workspace/mnt/ozone/hadoop-ozone/integration-test/target/log,AVAILABLE}
2020-07-16 01:26:40,666 [Listener at 127.0.0.1/35581] INFO  handler.ContextHandler (ContextHandler.java:doStart(825)) - Started o.e.j.s.ServletContextHandler@5d7b3a93{static,/static,jar:file:/home/user/.m2/repository/org/apache/hadoop/hadoop-hdds-container-service/0.6.0-SNAPSHOT/hadoop-hdds-container-service-0.6.0-SNAPSHOT.jar!/webapps/static,AVAILABLE}
2020-07-16 01:26:40,741 [Listener at 127.0.0.1/35581] INFO  handler.ContextHandler (ContextHandler.java:doStart(825)) - Started o.e.j.w.WebAppContext@37d05d32{hddsDatanode,/,file:///tmp/jetty-0_0_0_0-40921-hadoop-hdds-container-service-0_6_0-SNAPSHOT_jar-_-any-3126276004731327482.dir/webapp/,AVAILABLE}{jar:file:/home/user/.m2/repository/org/apache/hadoop/hadoop-hdds-container-service/0.6.0-SNAPSHOT/hadoop-hdds-container-service-0.6.0-SNAPSHOT.jar!/webapps/hddsDatanode}
2020-07-16 01:26:40,742 [Listener at 127.0.0.1/35581] INFO  server.AbstractConnector (AbstractConnector.java:doStart(330)) - Started ServerConnector@71ca6a60{HTTP/1.1,[http/1.1]}{0.0.0.0:40921}
2020-07-16 01:26:40,742 [Listener at 127.0.0.1/35581] INFO  server.Server (Server.java:doStart(399)) - Started @177889ms
2020-07-16 01:26:40,742 [Listener at 127.0.0.1/35581] WARN  impl.MetricsSystemImpl (MetricsSystemImpl.java:register(276)) - Sink prometheus already exists!
2020-07-16 01:26:40,745 [Listener at 127.0.0.1/35581] INFO  http.BaseHttpServer (BaseHttpServer.java:updateConnectorAddress(327)) - HTTP server of hddsDatanode listening at http://0.0.0.0:40921
2020-07-16 01:26:40,746 [Listener at 127.0.0.1/35581] INFO  impl.MetricsSystemImpl (MetricsSystemImpl.java:init(158)) - HddsDatanode metrics system started (again)
2020-07-16 01:26:40,748 [Listener at 127.0.0.1/35581] INFO  ozone.HddsDatanodeService (HddsDatanodeService.java:start(214)) - HddsDatanodeService host:3db59c8b2b88 ip:172.17.0.2
2020-07-16 01:26:40,748 [org.apache.hadoop.util.JvmPauseMonitor$Monitor@3a9d5363] INFO  util.JvmPauseMonitor (JvmPauseMonitor.java:run(188)) - Starting JVM pause monitor
2020-07-16 01:26:40,749 [Listener at 127.0.0.1/35581] INFO  volume.HddsVolume (HddsVolume.java:<init>(176)) - Creating Volume: /github/workspace/mnt/ozone/hadoop-ozone/integration-test/target/test-dir/MiniOzoneClusterImpl-adff4ecb-6e1a-4bbe-b65d-469fb2d670c7/datanode-8/data-0/containers/hdds of storage type : DISK and capacity : 9223372036854775807
2020-07-16 01:26:40,749 [Datanode State Machine Thread - 0] INFO  datanode.InitDatanodeState (InitDatanodeState.java:persistContainerDatanodeDetails(145)) - DatanodeDetails is persisted to /github/workspace/mnt/ozone/hadoop-ozone/integration-test/target/test-dir/MiniOzoneClusterImpl-adff4ecb-6e1a-4bbe-b65d-469fb2d670c7/datanode-7/meta/datanode.id
2020-07-16 01:26:40,749 [Listener at 127.0.0.1/35581] INFO  volume.MutableVolumeSet (MutableVolumeSet.java:initializeVolumeSet(181)) - Added Volume : /github/workspace/mnt/ozone/hadoop-ozone/integration-test/target/test-dir/MiniOzoneClusterImpl-adff4ecb-6e1a-4bbe-b65d-469fb2d670c7/datanode-8/data-0/containers/hdds to VolumeSet
2020-07-16 01:26:40,749 [Listener at 127.0.0.1/35581] INFO  volume.ThrottledAsyncChecker (ThrottledAsyncChecker.java:schedule(141)) - Scheduling a check for /github/workspace/mnt/ozone/hadoop-ozone/integration-test/target/test-dir/MiniOzoneClusterImpl-adff4ecb-6e1a-4bbe-b65d-469fb2d670c7/datanode-8/data-0/containers/hdds
2020-07-16 01:26:40,750 [Listener at 127.0.0.1/35581] INFO  volume.HddsVolumeChecker (HddsVolumeChecker.java:checkAllVolumes(200)) - Scheduled health check for volume /github/workspace/mnt/ozone/hadoop-ozone/integration-test/target/test-dir/MiniOzoneClusterImpl-adff4ecb-6e1a-4bbe-b65d-469fb2d670c7/datanode-8/data-0/containers/hdds
2020-07-16 01:26:40,764 [Listener at 127.0.0.1/35581] INFO  impl.RaftServerProxy (ConfUtils.java:logGet(44)) - raft.rpc.type = GRPC (default)
2020-07-16 01:26:40,765 [Listener at 127.0.0.1/35581] INFO  grpc.GrpcFactory (GrpcFactory.java:checkPooledByteBufAllocatorUseCacheForAllThreads(45)) - PERFORMANCE WARNING: useCacheForAllThreads is true that may cause Netty to create a lot garbage objects and, as a result, trigger GC.
	It is recommended to disable useCacheForAllThreads by setting -Dorg.apache.ratis.thirdparty.io.netty.allocator.useCacheForAllThreads=false in command line.
2020-07-16 01:26:40,765 [Listener at 127.0.0.1/35581] INFO  grpc.GrpcConfigKeys (ConfUtils.java:logGet(44)) - raft.grpc.server.port = 0 (default)
2020-07-16 01:26:40,765 [Listener at 127.0.0.1/35581] INFO  server.GrpcService (ConfUtils.java:logGet(44)) - raft.grpc.message.size.max = 32MB (=33554432) (custom)
2020-07-16 01:26:40,765 [Listener at 127.0.0.1/35581] INFO  server.RaftServerConfigKeys (ConfUtils.java:logGet(44)) - raft.server.log.appender.buffer.byte-limit = 33554432 (custom)
2020-07-16 01:26:40,765 [Listener at 127.0.0.1/35581] INFO  server.GrpcService (ConfUtils.java:logGet(44)) - raft.grpc.flow.control.window = 5MB (=5242880) (custom)
2020-07-16 01:26:40,765 [Listener at 127.0.0.1/35581] INFO  server.RaftServerConfigKeys (ConfUtils.java:logGet(44)) - raft.server.rpc.request.timeout = 3000ms (default)
2020-07-16 01:26:40,766 [Listener at 127.0.0.1/35581] INFO  server.RaftServerConfigKeys (ConfUtils.java:logGet(44)) - raft.server.storage.dir = [/github/workspace/mnt/ozone/hadoop-ozone/integration-test/target/test-dir/MiniOzoneClusterImpl-adff4ecb-6e1a-4bbe-b65d-469fb2d670c7/datanode-8/data/ratis] (custom)
2020-07-16 01:26:40,770 [Listener at 127.0.0.1/35581] INFO  http.BaseHttpServer (BaseHttpServer.java:newHttpServer2BuilderForOzone(207)) - Starting Web-server for hddsDatanode at: http://0.0.0.0:0
2020-07-16 01:26:40,770 [Listener at 127.0.0.1/35581] INFO  http.BaseHttpServer (BaseHttpServer.java:<init>(106)) - Hadoop Security Enabled: false Ozone Security Enabled: false Ozone HTTP Security Enabled: false 
2020-07-16 01:26:40,771 [Listener at 127.0.0.1/35581] INFO  server.AuthenticationFilter (AuthenticationFilter.java:constructSecretProvider(240)) - Unable to initialize FileSignerSecretProvider, falling back to use random secrets.
2020-07-16 01:26:40,772 [Listener at 127.0.0.1/35581] WARN  http.HttpRequestLog (HttpRequestLog.java:getRequestLog(103)) - Jetty request log can only be enabled using Log4j
2020-07-16 01:26:40,772 [Listener at 127.0.0.1/35581] INFO  http.HttpServer2 (HttpServer2.java:addGlobalFilter(998)) - Added global filter 'safety' (class=org.apache.hadoop.hdds.server.http.HttpServer2$QuotingInputFilter)
2020-07-16 01:26:40,773 [Listener at 127.0.0.1/35581] INFO  http.HttpServer2 (HttpServer2.java:addFilter(974)) - Added filter static_user_filter (class=org.apache.hadoop.http.lib.StaticUserWebFilter$StaticUserFilter) to context hddsDatanode
2020-07-16 01:26:40,773 [Listener at 127.0.0.1/35581] INFO  http.HttpServer2 (HttpServer2.java:addFilter(982)) - Added filter static_user_filter (class=org.apache.hadoop.http.lib.StaticUserWebFilter$StaticUserFilter) to context logs
2020-07-16 01:26:40,773 [Listener at 127.0.0.1/35581] INFO  http.HttpServer2 (HttpServer2.java:addFilter(982)) - Added filter static_user_filter (class=org.apache.hadoop.http.lib.StaticUserWebFilter$StaticUserFilter) to context static
2020-07-16 01:26:40,773 [Listener at 127.0.0.1/35581] INFO  http.HttpServer2 (HttpServer2.java:bindListener(1216)) - Jetty bound to port 37865
2020-07-16 01:26:40,773 [Listener at 127.0.0.1/35581] INFO  server.Server (Server.java:doStart(359)) - jetty-9.4.26.v20200117; built: 2020-01-17T12:35:33.676Z; git: 7b38981d25d14afb4a12ff1f2596756144edf695; jvm 1.8.0_232-b09
2020-07-16 01:26:40,775 [Listener at 127.0.0.1/35581] INFO  server.session (DefaultSessionIdManager.java:doStart(333)) - DefaultSessionIdManager workerName=node0
2020-07-16 01:26:40,775 [Listener at 127.0.0.1/35581] INFO  server.session (DefaultSessionIdManager.java:doStart(338)) - No SessionScavenger set, using defaults
2020-07-16 01:26:40,775 [Listener at 127.0.0.1/35581] INFO  server.session (HouseKeeper.java:startScavenging(140)) - node0 Scavenging every 600000ms
2020-07-16 01:26:40,775 [Listener at 127.0.0.1/35581] INFO  handler.ContextHandler (ContextHandler.java:doStart(825)) - Started o.e.j.s.ServletContextHandler@4f54afa5{logs,/logs,file:///github/workspace/mnt/ozone/hadoop-ozone/integration-test/target/log,AVAILABLE}
2020-07-16 01:26:40,776 [Listener at 127.0.0.1/35581] INFO  handler.ContextHandler (ContextHandler.java:doStart(825)) - Started o.e.j.s.ServletContextHandler@d19c280{static,/static,jar:file:/home/user/.m2/repository/org/apache/hadoop/hadoop-hdds-container-service/0.6.0-SNAPSHOT/hadoop-hdds-container-service-0.6.0-SNAPSHOT.jar!/webapps/static,AVAILABLE}
2020-07-16 01:26:40,850 [Listener at 127.0.0.1/35581] INFO  handler.ContextHandler (ContextHandler.java:doStart(825)) - Started o.e.j.w.WebAppContext@35c8dd30{hddsDatanode,/,file:///tmp/jetty-0_0_0_0-37865-hadoop-hdds-container-service-0_6_0-SNAPSHOT_jar-_-any-4929868385732224969.dir/webapp/,AVAILABLE}{jar:file:/home/user/.m2/repository/org/apache/hadoop/hadoop-hdds-container-service/0.6.0-SNAPSHOT/hadoop-hdds-container-service-0.6.0-SNAPSHOT.jar!/webapps/hddsDatanode}
2020-07-16 01:26:40,902 [Listener at 127.0.0.1/35581] INFO  server.AbstractConnector (AbstractConnector.java:doStart(330)) - Started ServerConnector@67e321e0{HTTP/1.1,[http/1.1]}{0.0.0.0:37865}
2020-07-16 01:26:40,902 [Listener at 127.0.0.1/35581] INFO  server.Server (Server.java:doStart(399)) - Started @178050ms
2020-07-16 01:26:40,903 [Listener at 127.0.0.1/35581] WARN  impl.MetricsSystemImpl (MetricsSystemImpl.java:register(276)) - Sink prometheus already exists!
2020-07-16 01:26:40,914 [Listener at 127.0.0.1/35581] INFO  http.BaseHttpServer (BaseHttpServer.java:updateConnectorAddress(327)) - HTTP server of hddsDatanode listening at http://0.0.0.0:37865
2020-07-16 01:26:40,920 [Listener at 127.0.0.1/35581] INFO  ozone.MiniOzoneClusterImpl (MiniOzoneClusterImpl.java:lambda$waitForClusterToBeReady$0(177)) - Waiting for nodes to be ready. Got 0 of 9 DN Heartbeats.
2020-07-16 01:26:40,920 [Listener at 127.0.0.1/35581] INFO  ozone.MiniOzoneClusterImpl (MiniOzoneClusterImpl.java:lambda$waitForClusterToBeReady$0(180)) - Waiting for cluster to exit safe mode
2020-07-16 01:26:40,927 [org.apache.hadoop.util.JvmPauseMonitor$Monitor@4acd9ca2] INFO  util.JvmPauseMonitor (JvmPauseMonitor.java:run(188)) - Starting JVM pause monitor
2020-07-16 01:26:40,928 [Datanode State Machine Thread - 0] INFO  datanode.InitDatanodeState (InitDatanodeState.java:persistContainerDatanodeDetails(145)) - DatanodeDetails is persisted to /github/workspace/mnt/ozone/hadoop-ozone/integration-test/target/test-dir/MiniOzoneClusterImpl-adff4ecb-6e1a-4bbe-b65d-469fb2d670c7/datanode-8/meta/datanode.id
2020-07-16 01:26:41,920 [Listener at 127.0.0.1/35581] INFO  ozone.MiniOzoneClusterImpl (MiniOzoneClusterImpl.java:lambda$waitForClusterToBeReady$0(177)) - Waiting for nodes to be ready. Got 0 of 9 DN Heartbeats.
2020-07-16 01:26:41,920 [Listener at 127.0.0.1/35581] INFO  ozone.MiniOzoneClusterImpl (MiniOzoneClusterImpl.java:lambda$waitForClusterToBeReady$0(180)) - Waiting for cluster to exit safe mode
2020-07-16 01:26:41,948 [Datanode State Machine Thread - 0] INFO  ozoneimpl.OzoneContainer (OzoneContainer.java:start(232)) - Attempting to start container services.
2020-07-16 01:26:41,948 [Datanode State Machine Thread - 0] INFO  ozoneimpl.OzoneContainer (OzoneContainer.java:startContainerScrub(196)) - Background container scanner has been disabled.
2020-07-16 01:26:41,948 [Datanode State Machine Thread - 0] INFO  ratis.XceiverServerRatis (XceiverServerRatis.java:start(425)) - Starting XceiverServerRatis 70adf62e-3478-4f38-8b67-f629eec991ca at port 0
2020-07-16 01:26:41,949 [Datanode State Machine Thread - 0] INFO  impl.RaftServerProxy (RaftServerProxy.java:lambda$start$3(304)) - 70adf62e-3478-4f38-8b67-f629eec991ca: start RPC server
2020-07-16 01:26:41,950 [Datanode State Machine Thread - 0] INFO  server.GrpcService (GrpcService.java:startImpl(160)) - 70adf62e-3478-4f38-8b67-f629eec991ca: GrpcService started, listening on 0.0.0.0/0.0.0.0:41331
2020-07-16 01:26:41,950 [Datanode State Machine Thread - 0] INFO  ratis.XceiverServerRatis (XceiverServerRatis.java:start(437)) - XceiverServerRatis 70adf62e-3478-4f38-8b67-f629eec991ca is started using port 41331
2020-07-16 01:26:41,952 [Datanode State Machine Thread - 0] INFO  server.XceiverServerGrpc (XceiverServerGrpc.java:start(145)) - XceiverServerGrpc 70adf62e-3478-4f38-8b67-f629eec991ca is started using port 44691
2020-07-16 01:26:42,063 [Datanode State Machine Thread - 0] INFO  ozoneimpl.OzoneContainer (OzoneContainer.java:start(232)) - Attempting to start container services.
2020-07-16 01:26:42,063 [Datanode State Machine Thread - 0] INFO  ozoneimpl.OzoneContainer (OzoneContainer.java:startContainerScrub(196)) - Background container scanner has been disabled.
2020-07-16 01:26:42,063 [Datanode State Machine Thread - 0] INFO  ratis.XceiverServerRatis (XceiverServerRatis.java:start(425)) - Starting XceiverServerRatis f74d67dd-9c6e-44ac-afd1-21949323d30e at port 0
2020-07-16 01:26:42,064 [Datanode State Machine Thread - 0] INFO  impl.RaftServerProxy (RaftServerProxy.java:lambda$start$3(304)) - f74d67dd-9c6e-44ac-afd1-21949323d30e: start RPC server
2020-07-16 01:26:42,064 [Datanode State Machine Thread - 0] INFO  server.GrpcService (GrpcService.java:startImpl(160)) - f74d67dd-9c6e-44ac-afd1-21949323d30e: GrpcService started, listening on 0.0.0.0/0.0.0.0:41499
2020-07-16 01:26:42,065 [Datanode State Machine Thread - 0] INFO  ratis.XceiverServerRatis (XceiverServerRatis.java:start(437)) - XceiverServerRatis f74d67dd-9c6e-44ac-afd1-21949323d30e is started using port 41499
2020-07-16 01:26:42,065 [Datanode State Machine Thread - 0] INFO  server.XceiverServerGrpc (XceiverServerGrpc.java:start(145)) - XceiverServerGrpc f74d67dd-9c6e-44ac-afd1-21949323d30e is started using port 45265
2020-07-16 01:26:42,173 [Datanode State Machine Thread - 0] INFO  ozoneimpl.OzoneContainer (OzoneContainer.java:start(232)) - Attempting to start container services.
2020-07-16 01:26:42,174 [Datanode State Machine Thread - 0] INFO  ozoneimpl.OzoneContainer (OzoneContainer.java:startContainerScrub(196)) - Background container scanner has been disabled.
2020-07-16 01:26:42,174 [Datanode State Machine Thread - 0] INFO  ratis.XceiverServerRatis (XceiverServerRatis.java:start(425)) - Starting XceiverServerRatis 6cf088d4-e8fe-406b-b923-9009336d08dc at port 0
2020-07-16 01:26:42,175 [Datanode State Machine Thread - 0] INFO  impl.RaftServerProxy (RaftServerProxy.java:lambda$start$3(304)) - 6cf088d4-e8fe-406b-b923-9009336d08dc: start RPC server
2020-07-16 01:26:42,175 [Datanode State Machine Thread - 0] INFO  server.GrpcService (GrpcService.java:startImpl(160)) - 6cf088d4-e8fe-406b-b923-9009336d08dc: GrpcService started, listening on 0.0.0.0/0.0.0.0:45479
2020-07-16 01:26:42,175 [Datanode State Machine Thread - 0] INFO  ratis.XceiverServerRatis (XceiverServerRatis.java:start(437)) - XceiverServerRatis 6cf088d4-e8fe-406b-b923-9009336d08dc is started using port 45479
2020-07-16 01:26:42,176 [Datanode State Machine Thread - 0] INFO  server.XceiverServerGrpc (XceiverServerGrpc.java:start(145)) - XceiverServerGrpc 6cf088d4-e8fe-406b-b923-9009336d08dc is started using port 45115
2020-07-16 01:26:42,293 [Datanode State Machine Thread - 0] INFO  ozoneimpl.OzoneContainer (OzoneContainer.java:start(232)) - Attempting to start container services.
2020-07-16 01:26:42,293 [Datanode State Machine Thread - 0] INFO  ozoneimpl.OzoneContainer (OzoneContainer.java:startContainerScrub(196)) - Background container scanner has been disabled.
2020-07-16 01:26:42,293 [Datanode State Machine Thread - 0] INFO  ratis.XceiverServerRatis (XceiverServerRatis.java:start(425)) - Starting XceiverServerRatis fed8a10c-0e4b-4171-bc5f-6d130931510f at port 0
2020-07-16 01:26:42,294 [Datanode State Machine Thread - 0] INFO  impl.RaftServerProxy (RaftServerProxy.java:lambda$start$3(304)) - fed8a10c-0e4b-4171-bc5f-6d130931510f: start RPC server
2020-07-16 01:26:42,295 [Datanode State Machine Thread - 0] INFO  server.GrpcService (GrpcService.java:startImpl(160)) - fed8a10c-0e4b-4171-bc5f-6d130931510f: GrpcService started, listening on 0.0.0.0/0.0.0.0:37911
2020-07-16 01:26:42,295 [Datanode State Machine Thread - 0] INFO  ratis.XceiverServerRatis (XceiverServerRatis.java:start(437)) - XceiverServerRatis fed8a10c-0e4b-4171-bc5f-6d130931510f is started using port 37911
2020-07-16 01:26:42,295 [Datanode State Machine Thread - 0] INFO  server.XceiverServerGrpc (XceiverServerGrpc.java:start(145)) - XceiverServerGrpc fed8a10c-0e4b-4171-bc5f-6d130931510f is started using port 35909
2020-07-16 01:26:42,409 [Datanode State Machine Thread - 0] INFO  ozoneimpl.OzoneContainer (OzoneContainer.java:start(232)) - Attempting to start container services.
2020-07-16 01:26:42,409 [Datanode State Machine Thread - 0] INFO  ozoneimpl.OzoneContainer (OzoneContainer.java:startContainerScrub(196)) - Background container scanner has been disabled.
2020-07-16 01:26:42,409 [Datanode State Machine Thread - 0] INFO  ratis.XceiverServerRatis (XceiverServerRatis.java:start(425)) - Starting XceiverServerRatis a414d346-7008-4231-9689-7b7408e879f5 at port 0
2020-07-16 01:26:42,410 [Datanode State Machine Thread - 0] INFO  impl.RaftServerProxy (RaftServerProxy.java:lambda$start$3(304)) - a414d346-7008-4231-9689-7b7408e879f5: start RPC server
2020-07-16 01:26:42,410 [Datanode State Machine Thread - 0] INFO  server.GrpcService (GrpcService.java:startImpl(160)) - a414d346-7008-4231-9689-7b7408e879f5: GrpcService started, listening on 0.0.0.0/0.0.0.0:42243
2020-07-16 01:26:42,410 [Datanode State Machine Thread - 0] INFO  ratis.XceiverServerRatis (XceiverServerRatis.java:start(437)) - XceiverServerRatis a414d346-7008-4231-9689-7b7408e879f5 is started using port 42243
2020-07-16 01:26:42,411 [Datanode State Machine Thread - 0] INFO  server.XceiverServerGrpc (XceiverServerGrpc.java:start(145)) - XceiverServerGrpc a414d346-7008-4231-9689-7b7408e879f5 is started using port 38337
2020-07-16 01:26:42,520 [Datanode State Machine Thread - 0] INFO  ozoneimpl.OzoneContainer (OzoneContainer.java:start(232)) - Attempting to start container services.
2020-07-16 01:26:42,520 [Datanode State Machine Thread - 0] INFO  ozoneimpl.OzoneContainer (OzoneContainer.java:startContainerScrub(196)) - Background container scanner has been disabled.
2020-07-16 01:26:42,520 [Datanode State Machine Thread - 0] INFO  ratis.XceiverServerRatis (XceiverServerRatis.java:start(425)) - Starting XceiverServerRatis 7c15857a-f8dc-49c7-a572-6b747cc796eb at port 0
2020-07-16 01:26:42,521 [Datanode State Machine Thread - 0] INFO  impl.RaftServerProxy (RaftServerProxy.java:lambda$start$3(304)) - 7c15857a-f8dc-49c7-a572-6b747cc796eb: start RPC server
2020-07-16 01:26:42,522 [Datanode State Machine Thread - 0] INFO  server.GrpcService (GrpcService.java:startImpl(160)) - 7c15857a-f8dc-49c7-a572-6b747cc796eb: GrpcService started, listening on 0.0.0.0/0.0.0.0:34887
2020-07-16 01:26:42,522 [Datanode State Machine Thread - 0] INFO  ratis.XceiverServerRatis (XceiverServerRatis.java:start(437)) - XceiverServerRatis 7c15857a-f8dc-49c7-a572-6b747cc796eb is started using port 34887
2020-07-16 01:26:42,523 [Datanode State Machine Thread - 0] INFO  server.XceiverServerGrpc (XceiverServerGrpc.java:start(145)) - XceiverServerGrpc 7c15857a-f8dc-49c7-a572-6b747cc796eb is started using port 40085
2020-07-16 01:26:42,641 [Datanode State Machine Thread - 0] INFO  ozoneimpl.OzoneContainer (OzoneContainer.java:start(232)) - Attempting to start container services.
2020-07-16 01:26:42,641 [Datanode State Machine Thread - 0] INFO  ozoneimpl.OzoneContainer (OzoneContainer.java:startContainerScrub(196)) - Background container scanner has been disabled.
2020-07-16 01:26:42,641 [Datanode State Machine Thread - 0] INFO  ratis.XceiverServerRatis (XceiverServerRatis.java:start(425)) - Starting XceiverServerRatis cde49d58-fad6-4a1c-b9d6-c55ba7272aa2 at port 0
2020-07-16 01:26:42,642 [Datanode State Machine Thread - 0] INFO  impl.RaftServerProxy (RaftServerProxy.java:lambda$start$3(304)) - cde49d58-fad6-4a1c-b9d6-c55ba7272aa2: start RPC server
2020-07-16 01:26:42,642 [Datanode State Machine Thread - 0] INFO  server.GrpcService (GrpcService.java:startImpl(160)) - cde49d58-fad6-4a1c-b9d6-c55ba7272aa2: GrpcService started, listening on 0.0.0.0/0.0.0.0:41443
2020-07-16 01:26:42,643 [Datanode State Machine Thread - 0] INFO  ratis.XceiverServerRatis (XceiverServerRatis.java:start(437)) - XceiverServerRatis cde49d58-fad6-4a1c-b9d6-c55ba7272aa2 is started using port 41443
2020-07-16 01:26:42,643 [Datanode State Machine Thread - 0] INFO  server.XceiverServerGrpc (XceiverServerGrpc.java:start(145)) - XceiverServerGrpc cde49d58-fad6-4a1c-b9d6-c55ba7272aa2 is started using port 33687
2020-07-16 01:26:42,751 [Datanode State Machine Thread - 0] INFO  ozoneimpl.OzoneContainer (OzoneContainer.java:start(232)) - Attempting to start container services.
2020-07-16 01:26:42,751 [Datanode State Machine Thread - 0] INFO  ozoneimpl.OzoneContainer (OzoneContainer.java:startContainerScrub(196)) - Background container scanner has been disabled.
2020-07-16 01:26:42,751 [Datanode State Machine Thread - 0] INFO  ratis.XceiverServerRatis (XceiverServerRatis.java:start(425)) - Starting XceiverServerRatis 3a8955bd-c76c-48e8-b23e-7dc5c0b97792 at port 0
2020-07-16 01:26:42,753 [Datanode State Machine Thread - 0] INFO  impl.RaftServerProxy (RaftServerProxy.java:lambda$start$3(304)) - 3a8955bd-c76c-48e8-b23e-7dc5c0b97792: start RPC server
2020-07-16 01:26:42,753 [Datanode State Machine Thread - 0] INFO  server.GrpcService (GrpcService.java:startImpl(160)) - 3a8955bd-c76c-48e8-b23e-7dc5c0b97792: GrpcService started, listening on 0.0.0.0/0.0.0.0:37477
2020-07-16 01:26:42,754 [Datanode State Machine Thread - 0] INFO  ratis.XceiverServerRatis (XceiverServerRatis.java:start(437)) - XceiverServerRatis 3a8955bd-c76c-48e8-b23e-7dc5c0b97792 is started using port 37477
2020-07-16 01:26:42,754 [Datanode State Machine Thread - 0] INFO  server.XceiverServerGrpc (XceiverServerGrpc.java:start(145)) - XceiverServerGrpc 3a8955bd-c76c-48e8-b23e-7dc5c0b97792 is started using port 41399
2020-07-16 01:26:42,921 [Listener at 127.0.0.1/35581] INFO  ozone.MiniOzoneClusterImpl (MiniOzoneClusterImpl.java:lambda$waitForClusterToBeReady$0(177)) - Waiting for nodes to be ready. Got 0 of 9 DN Heartbeats.
2020-07-16 01:26:42,921 [Listener at 127.0.0.1/35581] INFO  ozone.MiniOzoneClusterImpl (MiniOzoneClusterImpl.java:lambda$waitForClusterToBeReady$0(180)) - Waiting for cluster to exit safe mode
2020-07-16 01:26:42,929 [Datanode State Machine Thread - 0] INFO  ozoneimpl.OzoneContainer (OzoneContainer.java:start(232)) - Attempting to start container services.
2020-07-16 01:26:42,929 [Datanode State Machine Thread - 0] INFO  ozoneimpl.OzoneContainer (OzoneContainer.java:startContainerScrub(196)) - Background container scanner has been disabled.
2020-07-16 01:26:42,929 [Datanode State Machine Thread - 0] INFO  ratis.XceiverServerRatis (XceiverServerRatis.java:start(425)) - Starting XceiverServerRatis 0d7ca1fc-c748-4a3b-b490-134ac7c4e42e at port 0
2020-07-16 01:26:42,931 [Datanode State Machine Thread - 0] INFO  impl.RaftServerProxy (RaftServerProxy.java:lambda$start$3(304)) - 0d7ca1fc-c748-4a3b-b490-134ac7c4e42e: start RPC server
2020-07-16 01:26:42,932 [Datanode State Machine Thread - 0] INFO  server.GrpcService (GrpcService.java:startImpl(160)) - 0d7ca1fc-c748-4a3b-b490-134ac7c4e42e: GrpcService started, listening on 0.0.0.0/0.0.0.0:41279
2020-07-16 01:26:42,932 [Datanode State Machine Thread - 0] INFO  ratis.XceiverServerRatis (XceiverServerRatis.java:start(437)) - XceiverServerRatis 0d7ca1fc-c748-4a3b-b490-134ac7c4e42e is started using port 41279
2020-07-16 01:26:42,932 [Datanode State Machine Thread - 0] INFO  server.XceiverServerGrpc (XceiverServerGrpc.java:start(145)) - XceiverServerGrpc 0d7ca1fc-c748-4a3b-b490-134ac7c4e42e is started using port 40039
2020-07-16 01:26:43,921 [Listener at 127.0.0.1/35581] INFO  ozone.MiniOzoneClusterImpl (MiniOzoneClusterImpl.java:lambda$waitForClusterToBeReady$0(177)) - Waiting for nodes to be ready. Got 0 of 9 DN Heartbeats.
2020-07-16 01:26:43,921 [Listener at 127.0.0.1/35581] INFO  ozone.MiniOzoneClusterImpl (MiniOzoneClusterImpl.java:lambda$waitForClusterToBeReady$0(180)) - Waiting for cluster to exit safe mode
2020-07-16 01:26:43,944 [IPC Server handler 2 on default port 33999] INFO  net.NetworkTopology (NetworkTopologyImpl.java:add(111)) - Added a new node: /default-rack/70adf62e-3478-4f38-8b67-f629eec991ca
2020-07-16 01:26:43,945 [IPC Server handler 2 on default port 33999] INFO  node.SCMNodeManager (SCMNodeManager.java:register(273)) - Registered Data node : 70adf62e-3478-4f38-8b67-f629eec991ca{ip: 172.17.0.2, host: 3db59c8b2b88, networkLocation: /default-rack, certSerialId: null}
2020-07-16 01:26:43,946 [RatisPipelineUtilsThread] INFO  pipeline.RatisPipelineProvider (RatisPipelineProvider.java:lambda$create$0(138)) - Sending CreatePipelineCommand for pipeline:PipelineID=e9f58ef3-9c04-44b6-b763-8c93c2bb1447 to datanode:70adf62e-3478-4f38-8b67-f629eec991ca
2020-07-16 01:26:43,946 [EventQueue-NodeRegistrationContainerReportForDataNodeSafeModeRule] INFO  safemode.SCMSafeModeManager (DataNodeSafeModeRule.java:process(71)) - SCM in safe mode. 1 DataNodes registered, 1 required.
2020-07-16 01:26:43,946 [EventQueue-NodeRegistrationContainerReportForDataNodeSafeModeRule] INFO  safemode.SCMSafeModeManager (SCMSafeModeManager.java:validateSafeModeExitRules(214)) - DataNodeSafeModeRule rule is successfully validated
2020-07-16 01:26:43,947 [EventQueue-NodeRegistrationContainerReportForDataNodeSafeModeRule] INFO  safemode.SCMSafeModeManager (SCMSafeModeManager.java:completePreCheck(242)) - All SCM safe mode pre check rules have passed
2020-07-16 01:26:43,953 [EventQueue-NodeRegistrationContainerReportForContainerSafeModeRule] INFO  safemode.SCMSafeModeManager (SCMSafeModeManager.java:validateSafeModeExitRules(214)) - ContainerSafeModeRule rule is successfully validated
2020-07-16 01:26:43,953 [RatisPipelineUtilsThread] INFO  pipeline.PipelineStateManager (PipelineStateManager.java:addPipeline(54)) - Created pipeline Pipeline[ Id: e9f58ef3-9c04-44b6-b763-8c93c2bb1447, Nodes: 70adf62e-3478-4f38-8b67-f629eec991ca{ip: 172.17.0.2, host: 3db59c8b2b88, networkLocation: /default-rack, certSerialId: null}, Type:RATIS, Factor:ONE, State:ALLOCATED, leaderId:, CreationTimestamp2020-07-16T01:26:43.946Z]
2020-07-16 01:26:43,953 [RatisPipelineUtilsThread] ERROR pipeline.SCMPipelineManager (SCMPipelineManager.java:createPipeline(274)) - Failed to create pipeline of type RATIS and factor ONE. Exception: Cannot create pipeline of factor 1 using 0 nodes. Used 1 nodes. Healthy nodes 1
2020-07-16 01:26:43,953 [RatisPipelineUtilsThread] ERROR pipeline.SCMPipelineManager (SCMPipelineManager.java:createPipeline(274)) - Failed to create pipeline of type RATIS and factor ONE. Exception: Cannot create pipeline of factor 1 using 0 nodes. Used 1 nodes. Healthy nodes 1
2020-07-16 01:26:43,953 [RatisPipelineUtilsThread] WARN  pipeline.PipelinePlacementPolicy (PipelinePlacementPolicy.java:filterViableNodes(133)) - Pipeline creation failed due to no sufficient healthy datanodes. Required 3. Found 1.
2020-07-16 01:26:43,954 [RatisPipelineUtilsThread] ERROR pipeline.SCMPipelineManager (SCMPipelineManager.java:createPipeline(274)) - Failed to create pipeline of type RATIS and factor THREE. Exception: Pipeline creation failed due to no sufficient healthy datanodes. Required 3. Found 1.
2020-07-16 01:26:44,060 [IPC Server handler 3 on default port 33999] INFO  net.NetworkTopology (NetworkTopologyImpl.java:add(111)) - Added a new node: /default-rack/f74d67dd-9c6e-44ac-afd1-21949323d30e
2020-07-16 01:26:44,060 [IPC Server handler 3 on default port 33999] INFO  node.SCMNodeManager (SCMNodeManager.java:register(273)) - Registered Data node : f74d67dd-9c6e-44ac-afd1-21949323d30e{ip: 172.17.0.2, host: 3db59c8b2b88, networkLocation: /default-rack, certSerialId: null}
2020-07-16 01:26:44,061 [EventQueue-NodeRegistrationContainerReportForContainerSafeModeRule] INFO  safemode.SCMSafeModeManager (SCMSafeModeManager.java:validateSafeModeExitRules(214)) - ContainerSafeModeRule rule is successfully validated
2020-07-16 01:26:44,061 [EventQueue-NodeRegistrationContainerReportForDataNodeSafeModeRule] INFO  safemode.SCMSafeModeManager (SCMSafeModeManager.java:validateSafeModeExitRules(214)) - DataNodeSafeModeRule rule is successfully validated
2020-07-16 01:26:44,063 [RatisPipelineUtilsThread] INFO  pipeline.RatisPipelineProvider (RatisPipelineProvider.java:lambda$create$0(138)) - Sending CreatePipelineCommand for pipeline:PipelineID=dcf5420c-312e-4cfb-b078-1dd6ed0eb2a2 to datanode:f74d67dd-9c6e-44ac-afd1-21949323d30e
2020-07-16 01:26:44,063 [RatisPipelineUtilsThread] INFO  pipeline.PipelineStateManager (PipelineStateManager.java:addPipeline(54)) - Created pipeline Pipeline[ Id: dcf5420c-312e-4cfb-b078-1dd6ed0eb2a2, Nodes: f74d67dd-9c6e-44ac-afd1-21949323d30e{ip: 172.17.0.2, host: 3db59c8b2b88, networkLocation: /default-rack, certSerialId: null}, Type:RATIS, Factor:ONE, State:ALLOCATED, leaderId:, CreationTimestamp2020-07-16T01:26:44.063Z]
2020-07-16 01:26:44,064 [RatisPipelineUtilsThread] ERROR pipeline.SCMPipelineManager (SCMPipelineManager.java:createPipeline(274)) - Failed to create pipeline of type RATIS and factor ONE. Exception: Cannot create pipeline of factor 1 using 0 nodes. Used 2 nodes. Healthy nodes 2
2020-07-16 01:26:44,064 [RatisPipelineUtilsThread] WARN  pipeline.PipelinePlacementPolicy (PipelinePlacementPolicy.java:filterViableNodes(133)) - Pipeline creation failed due to no sufficient healthy datanodes. Required 3. Found 2.
2020-07-16 01:26:44,064 [RatisPipelineUtilsThread] ERROR pipeline.SCMPipelineManager (SCMPipelineManager.java:createPipeline(274)) - Failed to create pipeline of type RATIS and factor THREE. Exception: Pipeline creation failed due to no sufficient healthy datanodes. Required 3. Found 2.
2020-07-16 01:26:44,173 [IPC Server handler 4 on default port 33999] INFO  net.NetworkTopology (NetworkTopologyImpl.java:add(111)) - Added a new node: /default-rack/6cf088d4-e8fe-406b-b923-9009336d08dc
2020-07-16 01:26:44,173 [IPC Server handler 4 on default port 33999] INFO  node.SCMNodeManager (SCMNodeManager.java:register(273)) - Registered Data node : 6cf088d4-e8fe-406b-b923-9009336d08dc{ip: 172.17.0.2, host: 3db59c8b2b88, networkLocation: /default-rack, certSerialId: null}
2020-07-16 01:26:44,173 [EventQueue-NodeRegistrationContainerReportForContainerSafeModeRule] INFO  safemode.SCMSafeModeManager (SCMSafeModeManager.java:validateSafeModeExitRules(214)) - ContainerSafeModeRule rule is successfully validated
2020-07-16 01:26:44,174 [EventQueue-NodeRegistrationContainerReportForDataNodeSafeModeRule] INFO  safemode.SCMSafeModeManager (SCMSafeModeManager.java:validateSafeModeExitRules(214)) - DataNodeSafeModeRule rule is successfully validated
2020-07-16 01:26:44,174 [RatisPipelineUtilsThread] INFO  pipeline.RatisPipelineProvider (RatisPipelineProvider.java:lambda$create$0(138)) - Sending CreatePipelineCommand for pipeline:PipelineID=e8ba79e6-b12f-488b-ae2d-88c3d5e56f38 to datanode:6cf088d4-e8fe-406b-b923-9009336d08dc
2020-07-16 01:26:44,175 [RatisPipelineUtilsThread] INFO  pipeline.PipelineStateManager (PipelineStateManager.java:addPipeline(54)) - Created pipeline Pipeline[ Id: e8ba79e6-b12f-488b-ae2d-88c3d5e56f38, Nodes: 6cf088d4-e8fe-406b-b923-9009336d08dc{ip: 172.17.0.2, host: 3db59c8b2b88, networkLocation: /default-rack, certSerialId: null}, Type:RATIS, Factor:ONE, State:ALLOCATED, leaderId:, CreationTimestamp2020-07-16T01:26:44.174Z]
2020-07-16 01:26:44,176 [RatisPipelineUtilsThread] ERROR pipeline.SCMPipelineManager (SCMPipelineManager.java:createPipeline(274)) - Failed to create pipeline of type RATIS and factor ONE. Exception: Cannot create pipeline of factor 1 using 0 nodes. Used 3 nodes. Healthy nodes 3
2020-07-16 01:26:44,176 [RatisPipelineUtilsThread] INFO  pipeline.RatisPipelineProvider (RatisPipelineProvider.java:lambda$create$0(138)) - Sending CreatePipelineCommand for pipeline:PipelineID=d4845598-a00b-4e89-ab8f-5d5e8c8d66cb to datanode:f74d67dd-9c6e-44ac-afd1-21949323d30e
2020-07-16 01:26:44,176 [RatisPipelineUtilsThread] INFO  pipeline.RatisPipelineProvider (RatisPipelineProvider.java:lambda$create$0(138)) - Sending CreatePipelineCommand for pipeline:PipelineID=d4845598-a00b-4e89-ab8f-5d5e8c8d66cb to datanode:6cf088d4-e8fe-406b-b923-9009336d08dc
2020-07-16 01:26:44,176 [RatisPipelineUtilsThread] INFO  pipeline.RatisPipelineProvider (RatisPipelineProvider.java:lambda$create$0(138)) - Sending CreatePipelineCommand for pipeline:PipelineID=d4845598-a00b-4e89-ab8f-5d5e8c8d66cb to datanode:70adf62e-3478-4f38-8b67-f629eec991ca
2020-07-16 01:26:44,176 [RatisPipelineUtilsThread] INFO  pipeline.PipelineStateManager (PipelineStateManager.java:addPipeline(54)) - Created pipeline Pipeline[ Id: d4845598-a00b-4e89-ab8f-5d5e8c8d66cb, Nodes: f74d67dd-9c6e-44ac-afd1-21949323d30e{ip: 172.17.0.2, host: 3db59c8b2b88, networkLocation: /default-rack, certSerialId: null}6cf088d4-e8fe-406b-b923-9009336d08dc{ip: 172.17.0.2, host: 3db59c8b2b88, networkLocation: /default-rack, certSerialId: null}70adf62e-3478-4f38-8b67-f629eec991ca{ip: 172.17.0.2, host: 3db59c8b2b88, networkLocation: /default-rack, certSerialId: null}, Type:RATIS, Factor:THREE, State:ALLOCATED, leaderId:, CreationTimestamp2020-07-16T01:26:44.176Z]
2020-07-16 01:26:44,177 [RatisPipelineUtilsThread] ERROR pipeline.SCMPipelineManager (SCMPipelineManager.java:createPipeline(274)) - Failed to create pipeline of type RATIS and factor THREE. Exception: Pipeline creation failed because nodes are engaged in other pipelines and every node can only be engaged in max 2 pipelines. Required 3. Found 0
2020-07-16 01:26:44,292 [IPC Server handler 5 on default port 33999] INFO  net.NetworkTopology (NetworkTopologyImpl.java:add(111)) - Added a new node: /default-rack/fed8a10c-0e4b-4171-bc5f-6d130931510f
2020-07-16 01:26:44,293 [IPC Server handler 5 on default port 33999] INFO  node.SCMNodeManager (SCMNodeManager.java:register(273)) - Registered Data node : fed8a10c-0e4b-4171-bc5f-6d130931510f{ip: 172.17.0.2, host: 3db59c8b2b88, networkLocation: /default-rack, certSerialId: null}
2020-07-16 01:26:44,294 [EventQueue-NodeRegistrationContainerReportForContainerSafeModeRule] INFO  safemode.SCMSafeModeManager (SCMSafeModeManager.java:validateSafeModeExitRules(214)) - ContainerSafeModeRule rule is successfully validated
2020-07-16 01:26:44,294 [EventQueue-NodeRegistrationContainerReportForDataNodeSafeModeRule] INFO  safemode.SCMSafeModeManager (SCMSafeModeManager.java:validateSafeModeExitRules(214)) - DataNodeSafeModeRule rule is successfully validated
2020-07-16 01:26:44,296 [RatisPipelineUtilsThread] INFO  pipeline.RatisPipelineProvider (RatisPipelineProvider.java:lambda$create$0(138)) - Sending CreatePipelineCommand for pipeline:PipelineID=97a78c80-5e7f-4e08-9b50-4b6710d43490 to datanode:fed8a10c-0e4b-4171-bc5f-6d130931510f
2020-07-16 01:26:44,296 [RatisPipelineUtilsThread] INFO  pipeline.PipelineStateManager (PipelineStateManager.java:addPipeline(54)) - Created pipeline Pipeline[ Id: 97a78c80-5e7f-4e08-9b50-4b6710d43490, Nodes: fed8a10c-0e4b-4171-bc5f-6d130931510f{ip: 172.17.0.2, host: 3db59c8b2b88, networkLocation: /default-rack, certSerialId: null}, Type:RATIS, Factor:ONE, State:ALLOCATED, leaderId:, CreationTimestamp2020-07-16T01:26:44.295Z]
2020-07-16 01:26:44,297 [RatisPipelineUtilsThread] ERROR pipeline.SCMPipelineManager (SCMPipelineManager.java:createPipeline(274)) - Failed to create pipeline of type RATIS and factor ONE. Exception: Cannot create pipeline of factor 1 using 0 nodes. Used 4 nodes. Healthy nodes 4
2020-07-16 01:26:44,297 [RatisPipelineUtilsThread] ERROR pipeline.SCMPipelineManager (SCMPipelineManager.java:createPipeline(274)) - Failed to create pipeline of type RATIS and factor THREE. Exception: Pipeline creation failed because nodes are engaged in other pipelines and every node can only be engaged in max 2 pipelines. Required 3. Found 1
2020-07-16 01:26:44,407 [IPC Server handler 6 on default port 33999] INFO  net.NetworkTopology (NetworkTopologyImpl.java:add(111)) - Added a new node: /default-rack/a414d346-7008-4231-9689-7b7408e879f5
2020-07-16 01:26:44,408 [IPC Server handler 6 on default port 33999] INFO  node.SCMNodeManager (SCMNodeManager.java:register(273)) - Registered Data node : a414d346-7008-4231-9689-7b7408e879f5{ip: 172.17.0.2, host: 3db59c8b2b88, networkLocation: /default-rack, certSerialId: null}
2020-07-16 01:26:44,408 [EventQueue-NodeRegistrationContainerReportForContainerSafeModeRule] INFO  safemode.SCMSafeModeManager (SCMSafeModeManager.java:validateSafeModeExitRules(214)) - ContainerSafeModeRule rule is successfully validated
2020-07-16 01:26:44,409 [RatisPipelineUtilsThread] INFO  pipeline.RatisPipelineProvider (RatisPipelineProvider.java:lambda$create$0(138)) - Sending CreatePipelineCommand for pipeline:PipelineID=86b00566-f910-465b-b3d1-0ef3fd2fae6c to datanode:a414d346-7008-4231-9689-7b7408e879f5
2020-07-16 01:26:44,409 [RatisPipelineUtilsThread] INFO  pipeline.PipelineStateManager (PipelineStateManager.java:addPipeline(54)) - Created pipeline Pipeline[ Id: 86b00566-f910-465b-b3d1-0ef3fd2fae6c, Nodes: a414d346-7008-4231-9689-7b7408e879f5{ip: 172.17.0.2, host: 3db59c8b2b88, networkLocation: /default-rack, certSerialId: null}, Type:RATIS, Factor:ONE, State:ALLOCATED, leaderId:, CreationTimestamp2020-07-16T01:26:44.409Z]
2020-07-16 01:26:44,410 [EventQueue-NodeRegistrationContainerReportForDataNodeSafeModeRule] INFO  safemode.SCMSafeModeManager (SCMSafeModeManager.java:validateSafeModeExitRules(214)) - DataNodeSafeModeRule rule is successfully validated
2020-07-16 01:26:44,410 [RatisPipelineUtilsThread] ERROR pipeline.SCMPipelineManager (SCMPipelineManager.java:createPipeline(274)) - Failed to create pipeline of type RATIS and factor ONE. Exception: Cannot create pipeline of factor 1 using 0 nodes. Used 5 nodes. Healthy nodes 5
2020-07-16 01:26:44,411 [RatisPipelineUtilsThread] ERROR pipeline.SCMPipelineManager (SCMPipelineManager.java:createPipeline(274)) - Failed to create pipeline of type RATIS and factor THREE. Exception: Pipeline creation failed because nodes are engaged in other pipelines and every node can only be engaged in max 2 pipelines. Required 3. Found 2
2020-07-16 01:26:44,519 [IPC Server handler 7 on default port 33999] INFO  net.NetworkTopology (NetworkTopologyImpl.java:add(111)) - Added a new node: /default-rack/7c15857a-f8dc-49c7-a572-6b747cc796eb
2020-07-16 01:26:44,519 [IPC Server handler 7 on default port 33999] INFO  node.SCMNodeManager (SCMNodeManager.java:register(273)) - Registered Data node : 7c15857a-f8dc-49c7-a572-6b747cc796eb{ip: 172.17.0.2, host: 3db59c8b2b88, networkLocation: /default-rack, certSerialId: null}
2020-07-16 01:26:44,519 [EventQueue-NodeRegistrationContainerReportForContainerSafeModeRule] INFO  safemode.SCMSafeModeManager (SCMSafeModeManager.java:validateSafeModeExitRules(214)) - ContainerSafeModeRule rule is successfully validated
2020-07-16 01:26:44,520 [RatisPipelineUtilsThread] INFO  pipeline.RatisPipelineProvider (RatisPipelineProvider.java:lambda$create$0(138)) - Sending CreatePipelineCommand for pipeline:PipelineID=036f1045-6f09-4d1e-8536-1b43fdcfa3e2 to datanode:7c15857a-f8dc-49c7-a572-6b747cc796eb
2020-07-16 01:26:44,520 [EventQueue-NodeRegistrationContainerReportForDataNodeSafeModeRule] INFO  safemode.SCMSafeModeManager (SCMSafeModeManager.java:validateSafeModeExitRules(214)) - DataNodeSafeModeRule rule is successfully validated
2020-07-16 01:26:44,520 [RatisPipelineUtilsThread] INFO  pipeline.PipelineStateManager (PipelineStateManager.java:addPipeline(54)) - Created pipeline Pipeline[ Id: 036f1045-6f09-4d1e-8536-1b43fdcfa3e2, Nodes: 7c15857a-f8dc-49c7-a572-6b747cc796eb{ip: 172.17.0.2, host: 3db59c8b2b88, networkLocation: /default-rack, certSerialId: null}, Type:RATIS, Factor:ONE, State:ALLOCATED, leaderId:, CreationTimestamp2020-07-16T01:26:44.520Z]
2020-07-16 01:26:44,520 [RatisPipelineUtilsThread] ERROR pipeline.SCMPipelineManager (SCMPipelineManager.java:createPipeline(274)) - Failed to create pipeline of type RATIS and factor ONE. Exception: Cannot create pipeline of factor 1 using 0 nodes. Used 6 nodes. Healthy nodes 6
2020-07-16 01:26:44,521 [RatisPipelineUtilsThread] INFO  pipeline.RatisPipelineProvider (RatisPipelineProvider.java:lambda$create$0(138)) - Sending CreatePipelineCommand for pipeline:PipelineID=db582ef7-e52b-4b17-b2a5-c12829981597 to datanode:a414d346-7008-4231-9689-7b7408e879f5
2020-07-16 01:26:44,521 [RatisPipelineUtilsThread] INFO  pipeline.RatisPipelineProvider (RatisPipelineProvider.java:lambda$create$0(138)) - Sending CreatePipelineCommand for pipeline:PipelineID=db582ef7-e52b-4b17-b2a5-c12829981597 to datanode:fed8a10c-0e4b-4171-bc5f-6d130931510f
2020-07-16 01:26:44,521 [RatisPipelineUtilsThread] INFO  pipeline.RatisPipelineProvider (RatisPipelineProvider.java:lambda$create$0(138)) - Sending CreatePipelineCommand for pipeline:PipelineID=db582ef7-e52b-4b17-b2a5-c12829981597 to datanode:7c15857a-f8dc-49c7-a572-6b747cc796eb
2020-07-16 01:26:44,521 [RatisPipelineUtilsThread] INFO  pipeline.PipelineStateManager (PipelineStateManager.java:addPipeline(54)) - Created pipeline Pipeline[ Id: db582ef7-e52b-4b17-b2a5-c12829981597, Nodes: a414d346-7008-4231-9689-7b7408e879f5{ip: 172.17.0.2, host: 3db59c8b2b88, networkLocation: /default-rack, certSerialId: null}fed8a10c-0e4b-4171-bc5f-6d130931510f{ip: 172.17.0.2, host: 3db59c8b2b88, networkLocation: /default-rack, certSerialId: null}7c15857a-f8dc-49c7-a572-6b747cc796eb{ip: 172.17.0.2, host: 3db59c8b2b88, networkLocation: /default-rack, certSerialId: null}, Type:RATIS, Factor:THREE, State:ALLOCATED, leaderId:, CreationTimestamp2020-07-16T01:26:44.521Z]
2020-07-16 01:26:44,522 [RatisPipelineUtilsThread] ERROR pipeline.SCMPipelineManager (SCMPipelineManager.java:createPipeline(274)) - Failed to create pipeline of type RATIS and factor THREE. Exception: Pipeline creation failed because nodes are engaged in other pipelines and every node can only be engaged in max 2 pipelines. Required 3. Found 0
2020-07-16 01:26:44,640 [IPC Server handler 10 on default port 33999] INFO  net.NetworkTopology (NetworkTopologyImpl.java:add(111)) - Added a new node: /default-rack/cde49d58-fad6-4a1c-b9d6-c55ba7272aa2
2020-07-16 01:26:44,641 [IPC Server handler 10 on default port 33999] INFO  node.SCMNodeManager (SCMNodeManager.java:register(273)) - Registered Data node : cde49d58-fad6-4a1c-b9d6-c55ba7272aa2{ip: 172.17.0.2, host: 3db59c8b2b88, networkLocation: /default-rack, certSerialId: null}
2020-07-16 01:26:44,641 [EventQueue-NodeRegistrationContainerReportForDataNodeSafeModeRule] INFO  safemode.SCMSafeModeManager (SCMSafeModeManager.java:validateSafeModeExitRules(214)) - DataNodeSafeModeRule rule is successfully validated
2020-07-16 01:26:44,641 [RatisPipelineUtilsThread] INFO  pipeline.RatisPipelineProvider (RatisPipelineProvider.java:lambda$create$0(138)) - Sending CreatePipelineCommand for pipeline:PipelineID=3fe53c40-137a-4741-af73-1b70c9b7893a to datanode:cde49d58-fad6-4a1c-b9d6-c55ba7272aa2
2020-07-16 01:26:44,641 [EventQueue-NodeRegistrationContainerReportForContainerSafeModeRule] INFO  safemode.SCMSafeModeManager (SCMSafeModeManager.java:validateSafeModeExitRules(214)) - ContainerSafeModeRule rule is successfully validated
2020-07-16 01:26:44,642 [RatisPipelineUtilsThread] INFO  pipeline.PipelineStateManager (PipelineStateManager.java:addPipeline(54)) - Created pipeline Pipeline[ Id: 3fe53c40-137a-4741-af73-1b70c9b7893a, Nodes: cde49d58-fad6-4a1c-b9d6-c55ba7272aa2{ip: 172.17.0.2, host: 3db59c8b2b88, networkLocation: /default-rack, certSerialId: null}, Type:RATIS, Factor:ONE, State:ALLOCATED, leaderId:, CreationTimestamp2020-07-16T01:26:44.641Z]
2020-07-16 01:26:44,642 [RatisPipelineUtilsThread] ERROR pipeline.SCMPipelineManager (SCMPipelineManager.java:createPipeline(274)) - Failed to create pipeline of type RATIS and factor ONE. Exception: Cannot create pipeline of factor 1 using 0 nodes. Used 7 nodes. Healthy nodes 7
2020-07-16 01:26:44,642 [RatisPipelineUtilsThread] ERROR pipeline.SCMPipelineManager (SCMPipelineManager.java:createPipeline(274)) - Failed to create pipeline of type RATIS and factor THREE. Exception: Pipeline creation failed because nodes are engaged in other pipelines and every node can only be engaged in max 2 pipelines. Required 3. Found 1
2020-07-16 01:26:44,750 [IPC Server handler 0 on default port 33999] INFO  net.NetworkTopology (NetworkTopologyImpl.java:add(111)) - Added a new node: /default-rack/3a8955bd-c76c-48e8-b23e-7dc5c0b97792
2020-07-16 01:26:44,750 [IPC Server handler 0 on default port 33999] INFO  node.SCMNodeManager (SCMNodeManager.java:register(273)) - Registered Data node : 3a8955bd-c76c-48e8-b23e-7dc5c0b97792{ip: 172.17.0.2, host: 3db59c8b2b88, networkLocation: /default-rack, certSerialId: null}
2020-07-16 01:26:44,750 [EventQueue-NodeRegistrationContainerReportForDataNodeSafeModeRule] INFO  safemode.SCMSafeModeManager (SCMSafeModeManager.java:validateSafeModeExitRules(214)) - DataNodeSafeModeRule rule is successfully validated
2020-07-16 01:26:44,750 [EventQueue-NodeRegistrationContainerReportForContainerSafeModeRule] INFO  safemode.SCMSafeModeManager (SCMSafeModeManager.java:validateSafeModeExitRules(214)) - ContainerSafeModeRule rule is successfully validated
2020-07-16 01:26:44,750 [RatisPipelineUtilsThread] INFO  pipeline.RatisPipelineProvider (RatisPipelineProvider.java:lambda$create$0(138)) - Sending CreatePipelineCommand for pipeline:PipelineID=4b63a550-f1ba-48dc-9022-88cca2bb500c to datanode:3a8955bd-c76c-48e8-b23e-7dc5c0b97792
2020-07-16 01:26:44,751 [RatisPipelineUtilsThread] INFO  pipeline.PipelineStateManager (PipelineStateManager.java:addPipeline(54)) - Created pipeline Pipeline[ Id: 4b63a550-f1ba-48dc-9022-88cca2bb500c, Nodes: 3a8955bd-c76c-48e8-b23e-7dc5c0b97792{ip: 172.17.0.2, host: 3db59c8b2b88, networkLocation: /default-rack, certSerialId: null}, Type:RATIS, Factor:ONE, State:ALLOCATED, leaderId:, CreationTimestamp2020-07-16T01:26:44.750Z]
2020-07-16 01:26:44,753 [RatisPipelineUtilsThread] ERROR pipeline.SCMPipelineManager (SCMPipelineManager.java:createPipeline(274)) - Failed to create pipeline of type RATIS and factor ONE. Exception: Cannot create pipeline of factor 1 using 0 nodes. Used 8 nodes. Healthy nodes 8
2020-07-16 01:26:44,753 [RatisPipelineUtilsThread] ERROR pipeline.SCMPipelineManager (SCMPipelineManager.java:createPipeline(274)) - Failed to create pipeline of type RATIS and factor THREE. Exception: Pipeline creation failed because nodes are engaged in other pipelines and every node can only be engaged in max 2 pipelines. Required 3. Found 2
2020-07-16 01:26:44,922 [Listener at 127.0.0.1/35581] INFO  ozone.MiniOzoneClusterImpl (MiniOzoneClusterImpl.java:lambda$waitForClusterToBeReady$0(177)) - Waiting for nodes to be ready. Got 8 of 9 DN Heartbeats.
2020-07-16 01:26:44,922 [Listener at 127.0.0.1/35581] INFO  ozone.MiniOzoneClusterImpl (MiniOzoneClusterImpl.java:lambda$waitForClusterToBeReady$0(180)) - Waiting for cluster to exit safe mode
2020-07-16 01:26:44,928 [IPC Server handler 1 on default port 33999] INFO  net.NetworkTopology (NetworkTopologyImpl.java:add(111)) - Added a new node: /default-rack/0d7ca1fc-c748-4a3b-b490-134ac7c4e42e
2020-07-16 01:26:44,928 [IPC Server handler 1 on default port 33999] INFO  node.SCMNodeManager (SCMNodeManager.java:register(273)) - Registered Data node : 0d7ca1fc-c748-4a3b-b490-134ac7c4e42e{ip: 172.17.0.2, host: 3db59c8b2b88, networkLocation: /default-rack, certSerialId: null}
2020-07-16 01:26:44,929 [EventQueue-NodeRegistrationContainerReportForDataNodeSafeModeRule] INFO  safemode.SCMSafeModeManager (SCMSafeModeManager.java:validateSafeModeExitRules(214)) - DataNodeSafeModeRule rule is successfully validated
2020-07-16 01:26:44,929 [EventQueue-NodeRegistrationContainerReportForContainerSafeModeRule] INFO  safemode.SCMSafeModeManager (SCMSafeModeManager.java:validateSafeModeExitRules(214)) - ContainerSafeModeRule rule is successfully validated
2020-07-16 01:26:44,929 [RatisPipelineUtilsThread] INFO  pipeline.RatisPipelineProvider (RatisPipelineProvider.java:lambda$create$0(138)) - Sending CreatePipelineCommand for pipeline:PipelineID=030f80a5-b15c-4b2d-9868-6e7c7950e886 to datanode:0d7ca1fc-c748-4a3b-b490-134ac7c4e42e
2020-07-16 01:26:44,930 [RatisPipelineUtilsThread] INFO  pipeline.PipelineStateManager (PipelineStateManager.java:addPipeline(54)) - Created pipeline Pipeline[ Id: 030f80a5-b15c-4b2d-9868-6e7c7950e886, Nodes: 0d7ca1fc-c748-4a3b-b490-134ac7c4e42e{ip: 172.17.0.2, host: 3db59c8b2b88, networkLocation: /default-rack, certSerialId: null}, Type:RATIS, Factor:ONE, State:ALLOCATED, leaderId:, CreationTimestamp2020-07-16T01:26:44.929Z]
2020-07-16 01:26:44,930 [RatisPipelineUtilsThread] ERROR pipeline.SCMPipelineManager (SCMPipelineManager.java:createPipeline(274)) - Failed to create pipeline of type RATIS and factor ONE. Exception: Cannot create pipeline of factor 1 using 0 nodes. Used 9 nodes. Healthy nodes 9
2020-07-16 01:26:44,931 [RatisPipelineUtilsThread] INFO  pipeline.RatisPipelineProvider (RatisPipelineProvider.java:lambda$create$0(138)) - Sending CreatePipelineCommand for pipeline:PipelineID=de9b0c97-aacb-459d-bb46-75fc801d37a3 to datanode:3a8955bd-c76c-48e8-b23e-7dc5c0b97792
2020-07-16 01:26:44,931 [RatisPipelineUtilsThread] INFO  pipeline.RatisPipelineProvider (RatisPipelineProvider.java:lambda$create$0(138)) - Sending CreatePipelineCommand for pipeline:PipelineID=de9b0c97-aacb-459d-bb46-75fc801d37a3 to datanode:0d7ca1fc-c748-4a3b-b490-134ac7c4e42e
2020-07-16 01:26:44,931 [RatisPipelineUtilsThread] INFO  pipeline.RatisPipelineProvider (RatisPipelineProvider.java:lambda$create$0(138)) - Sending CreatePipelineCommand for pipeline:PipelineID=de9b0c97-aacb-459d-bb46-75fc801d37a3 to datanode:cde49d58-fad6-4a1c-b9d6-c55ba7272aa2
2020-07-16 01:26:44,931 [RatisPipelineUtilsThread] INFO  pipeline.PipelineStateManager (PipelineStateManager.java:addPipeline(54)) - Created pipeline Pipeline[ Id: de9b0c97-aacb-459d-bb46-75fc801d37a3, Nodes: 3a8955bd-c76c-48e8-b23e-7dc5c0b97792{ip: 172.17.0.2, host: 3db59c8b2b88, networkLocation: /default-rack, certSerialId: null}0d7ca1fc-c748-4a3b-b490-134ac7c4e42e{ip: 172.17.0.2, host: 3db59c8b2b88, networkLocation: /default-rack, certSerialId: null}cde49d58-fad6-4a1c-b9d6-c55ba7272aa2{ip: 172.17.0.2, host: 3db59c8b2b88, networkLocation: /default-rack, certSerialId: null}, Type:RATIS, Factor:THREE, State:ALLOCATED, leaderId:, CreationTimestamp2020-07-16T01:26:44.931Z]
2020-07-16 01:26:44,932 [RatisPipelineUtilsThread] ERROR pipeline.SCMPipelineManager (SCMPipelineManager.java:createPipeline(274)) - Failed to create pipeline of type RATIS and factor THREE. Exception: Pipeline creation failed because nodes are engaged in other pipelines and every node can only be engaged in max 2 pipelines. Required 3. Found 0
2020-07-16 01:26:45,922 [Listener at 127.0.0.1/35581] INFO  ozone.MiniOzoneClusterImpl (MiniOzoneClusterImpl.java:lambda$waitForClusterToBeReady$0(177)) - Nodes are ready. Got 9 of 9 DN Heartbeats.
2020-07-16 01:26:45,924 [Listener at 127.0.0.1/35581] INFO  ozone.MiniOzoneClusterImpl (MiniOzoneClusterImpl.java:lambda$waitForClusterToBeReady$0(180)) - Waiting for cluster to exit safe mode
2020-07-16 01:26:46,924 [Listener at 127.0.0.1/35581] INFO  ozone.MiniOzoneClusterImpl (MiniOzoneClusterImpl.java:lambda$waitForClusterToBeReady$0(177)) - Nodes are ready. Got 9 of 9 DN Heartbeats.
2020-07-16 01:26:46,925 [Listener at 127.0.0.1/35581] INFO  ozone.MiniOzoneClusterImpl (MiniOzoneClusterImpl.java:lambda$waitForClusterToBeReady$0(180)) - Waiting for cluster to exit safe mode
2020-07-16 01:26:46,944 [Command processor thread] INFO  impl.RaftServerProxy (RaftServerProxy.java:addNew(89)) - 70adf62e-3478-4f38-8b67-f629eec991ca: addNew group-8C93C2BB1447:[70adf62e-3478-4f38-8b67-f629eec991ca:172.17.0.2:41331] returns group-8C93C2BB1447:java.util.concurrent.CompletableFuture@696590c6[Not completed]
2020-07-16 01:26:46,945 [pool-502-thread-1] INFO  impl.RaftServerImpl (RaftServerImpl.java:<init>(99)) - 70adf62e-3478-4f38-8b67-f629eec991ca: new RaftServerImpl for group-8C93C2BB1447:[70adf62e-3478-4f38-8b67-f629eec991ca:172.17.0.2:41331] with ContainerStateMachine:uninitialized
2020-07-16 01:26:46,945 [pool-502-thread-1] INFO  server.RaftServerConfigKeys (ConfUtils.java:logGet(44)) - raft.server.rpc.timeout.min = 5s (custom)
2020-07-16 01:26:46,945 [pool-502-thread-1] INFO  server.RaftServerConfigKeys (ConfUtils.java:logGet(44)) - raft.server.rpc.timeout.max = 5200ms (custom)
2020-07-16 01:26:46,945 [pool-502-thread-1] INFO  server.RaftServerConfigKeys (ConfUtils.java:logGet(44)) - raft.server.rpcslowness.timeout = 300000ms (custom)
2020-07-16 01:26:46,945 [pool-502-thread-1] INFO  server.RaftServerConfigKeys (ConfUtils.java:logGet(44)) - raft.server.sleep.deviation.threshold = 300 (default)
2020-07-16 01:26:46,945 [pool-502-thread-1] INFO  server.RaftServerConfigKeys (ConfUtils.java:logGet(44)) - raft.server.log.appender.install.snapshot.enabled = false (custom)
2020-07-16 01:26:46,945 [pool-502-thread-1] INFO  impl.RaftServerImpl (ServerState.java:<init>(103)) - 70adf62e-3478-4f38-8b67-f629eec991ca@group-8C93C2BB1447: ConfigurationManager, init=-1: [70adf62e-3478-4f38-8b67-f629eec991ca:172.17.0.2:41331], old=null, confs=<EMPTY_MAP>
2020-07-16 01:26:46,946 [pool-502-thread-1] INFO  server.RaftServerConfigKeys (ConfUtils.java:logGet(44)) - raft.server.storage.dir = [/github/workspace/mnt/ozone/hadoop-ozone/integration-test/target/test-dir/MiniOzoneClusterImpl-adff4ecb-6e1a-4bbe-b65d-469fb2d670c7/datanode-0/data/ratis] (custom)
2020-07-16 01:26:46,946 [pool-502-thread-1] INFO  server.RaftServerConfigKeys (ConfUtils.java:logGet(44)) - raft.server.log.corruption.policy = EXCEPTION (default)
2020-07-16 01:26:46,946 [pool-502-thread-1] INFO  storage.RaftStorageDirectory (RaftStorageDirectory.java:analyzeStorage(261)) - The storage directory /github/workspace/mnt/ozone/hadoop-ozone/integration-test/target/test-dir/MiniOzoneClusterImpl-adff4ecb-6e1a-4bbe-b65d-469fb2d670c7/datanode-0/data/ratis/e9f58ef3-9c04-44b6-b763-8c93c2bb1447 does not exist. Creating ...
2020-07-16 01:26:46,947 [pool-502-thread-1] INFO  storage.RaftStorageDirectory (RaftStorageDirectory.java:tryLock(343)) - Lock on /github/workspace/mnt/ozone/hadoop-ozone/integration-test/target/test-dir/MiniOzoneClusterImpl-adff4ecb-6e1a-4bbe-b65d-469fb2d670c7/datanode-0/data/ratis/e9f58ef3-9c04-44b6-b763-8c93c2bb1447/in_use.lock acquired by nodename 1306@3db59c8b2b88
2020-07-16 01:26:46,948 [pool-502-thread-1] INFO  storage.RaftStorage (RaftStorage.java:format(84)) - Storage directory /github/workspace/mnt/ozone/hadoop-ozone/integration-test/target/test-dir/MiniOzoneClusterImpl-adff4ecb-6e1a-4bbe-b65d-469fb2d670c7/datanode-0/data/ratis/e9f58ef3-9c04-44b6-b763-8c93c2bb1447 has been successfully formatted.
2020-07-16 01:26:46,949 [pool-502-thread-1] INFO  ratis.ContainerStateMachine (ContainerStateMachine.java:loadSnapshot(225)) - group-8C93C2BB1447: The snapshot info is null. Setting the last applied indexto:(t:0, i:~)
2020-07-16 01:26:46,949 [pool-502-thread-1] INFO  server.RaftServerConfigKeys (ConfUtils.java:logGet(44)) - raft.server.notification.no-leader.timeout = 60s (default)
2020-07-16 01:26:46,949 [pool-502-thread-1] INFO  server.RaftServerConfigKeys (ConfUtils.java:logGet(44)) - raft.server.log.use.memory = false (default)
2020-07-16 01:26:46,949 [pool-502-thread-1] INFO  server.RaftServerConfigKeys (ConfUtils.java:logGet(44)) - raft.server.log.purge.gap = 1000000 (custom)
2020-07-16 01:26:46,949 [pool-502-thread-1] INFO  server.RaftServerConfigKeys (ConfUtils.java:logGet(44)) - raft.server.log.appender.buffer.byte-limit = 33554432 (custom)
2020-07-16 01:26:46,950 [pool-502-thread-1] INFO  server.RaftServerConfigKeys (ConfUtils.java:logGet(44)) - raft.server.log.segment.size.max = 1048576 (custom)
2020-07-16 01:26:46,950 [pool-502-thread-1] INFO  metrics.RatisMetrics (RatisMetrics.java:lambda$create$0(36)) - Creating Metrics Registry : ratis.log_worker.70adf62e-3478-4f38-8b67-f629eec991ca@group-8C93C2BB1447
2020-07-16 01:26:46,950 [EventQueue-PipelineReportForPipelineReportHandler] INFO  pipeline.PipelineStateManager (PipelineStateManager.java:openPipeline(131)) - Pipeline Pipeline[ Id: e9f58ef3-9c04-44b6-b763-8c93c2bb1447, Nodes: 70adf62e-3478-4f38-8b67-f629eec991ca{ip: 172.17.0.2, host: 3db59c8b2b88, networkLocation: /default-rack, certSerialId: null}, Type:RATIS, Factor:ONE, State:ALLOCATED, leaderId:70adf62e-3478-4f38-8b67-f629eec991ca, CreationTimestamp2020-07-16T01:26:43.946Z] moved to OPEN state
2020-07-16 01:26:46,950 [pool-502-thread-1] INFO  server.RaftServerConfigKeys (ConfUtils.java:logGet(44)) - raft.server.log.segment.cache.num.max = 2 (custom)
2020-07-16 01:26:46,950 [pool-502-thread-1] INFO  segmented.SegmentedRaftLogWorker (SegmentedRaftLogWorker.java:<init>(180)) - new 70adf62e-3478-4f38-8b67-f629eec991ca@group-8C93C2BB1447-SegmentedRaftLogWorker for RaftStorage:Storage Directory /github/workspace/mnt/ozone/hadoop-ozone/integration-test/target/test-dir/MiniOzoneClusterImpl-adff4ecb-6e1a-4bbe-b65d-469fb2d670c7/datanode-0/data/ratis/e9f58ef3-9c04-44b6-b763-8c93c2bb1447
2020-07-16 01:26:46,950 [pool-502-thread-1] INFO  server.RaftServerConfigKeys (ConfUtils.java:logGet(44)) - raft.server.log.queue.byte-limit = 2147483647 (custom)
2020-07-16 01:26:46,951 [pool-502-thread-1] INFO  server.RaftServerConfigKeys (ConfUtils.java:logGet(44)) - raft.server.log.queue.element-limit = 1024 (custom)
2020-07-16 01:26:46,951 [pool-502-thread-1] INFO  server.RaftServerConfigKeys (ConfUtils.java:logGet(44)) - raft.server.log.segment.size.max = 1048576 (custom)
2020-07-16 01:26:46,951 [pool-502-thread-1] INFO  server.RaftServerConfigKeys (ConfUtils.java:logGet(44)) - raft.server.log.preallocated.size = 16384 (custom)
2020-07-16 01:26:46,951 [pool-502-thread-1] INFO  server.RaftServerConfigKeys (ConfUtils.java:logGet(44)) - raft.server.log.write.buffer.size = 1048576 (custom)
2020-07-16 01:26:46,951 [pool-502-thread-1] INFO  server.RaftServerConfigKeys (ConfUtils.java:logGet(44)) - raft.server.log.force.sync.num = 128 (default)
2020-07-16 01:26:46,951 [pool-502-thread-1] INFO  server.RaftServerConfigKeys (ConfUtils.java:logGet(44)) - raft.server.log.statemachine.data.sync = true (default)
2020-07-16 01:26:46,951 [pool-502-thread-1] INFO  server.RaftServerConfigKeys (ConfUtils.java:logGet(44)) - raft.server.log.statemachine.data.sync.timeout = 10s (default)
2020-07-16 01:26:46,951 [pool-502-thread-1] INFO  server.RaftServerConfigKeys (ConfUtils.java:logGet(44)) - raft.server.log.statemachine.data.sync.timeout.retry = -1 (default)
2020-07-16 01:26:46,951 [EventQueue-OpenPipelineForHealthyPipelineSafeModeRule] INFO  safemode.SCMSafeModeManager (HealthyPipelineSafeModeRule.java:process(129)) - SCM in safe mode. Healthy pipelines reported count is 0, required healthy pipeline reported count is 1
2020-07-16 01:26:46,960 [pool-502-thread-1] INFO  server.RaftServerConfigKeys (ConfUtils.java:logGet(44)) - raft.server.log.statemachine.data.caching.enabled = true (custom)
2020-07-16 01:26:46,960 [pool-502-thread-1] INFO  segmented.SegmentedRaftLogWorker (SegmentedRaftLogWorker.java:lambda$new$0(129)) - 70adf62e-3478-4f38-8b67-f629eec991ca@group-8C93C2BB1447-SegmentedRaftLogWorker: flushIndex: setUnconditionally 0 -> -1
2020-07-16 01:26:46,960 [pool-502-thread-1] INFO  segmented.SegmentedRaftLogWorker (SegmentedRaftLogWorker.java:lambda$new$0(129)) - 70adf62e-3478-4f38-8b67-f629eec991ca@group-8C93C2BB1447-SegmentedRaftLogWorker: safeCacheEvictIndex: setUnconditionally 0 -> -1
2020-07-16 01:26:46,960 [pool-502-thread-1] INFO  server.RaftServerConfigKeys (ConfUtils.java:logGet(44)) - raft.server.snapshot.auto.trigger.enabled = true (custom)
2020-07-16 01:26:46,960 [pool-502-thread-1] INFO  server.RaftServerConfigKeys (ConfUtils.java:logGet(44)) - raft.server.snapshot.auto.trigger.threshold = 10000 (custom)
2020-07-16 01:26:46,960 [pool-502-thread-1] INFO  server.RaftServerConfigKeys (ConfUtils.java:logGet(44)) - raft.server.snapshot.retention.file.num = 5 (custom)
2020-07-16 01:26:46,960 [pool-502-thread-1] INFO  server.RaftServerConfigKeys (ConfUtils.java:logGet(44)) - raft.server.log.purge.upto.snapshot.index = false (default)
2020-07-16 01:26:46,960 [EventQueue-OpenPipelineForOneReplicaPipelineSafeModeRule] INFO  safemode.SCMSafeModeManager (SCMSafeModeManager.java:validateSafeModeExitRules(214)) - AtleastOneDatanodeReportedRule rule is successfully validated
2020-07-16 01:26:46,961 [pool-502-thread-1] INFO  server.RaftServerConfigKeys (ConfUtils.java:logGet(44)) - raft.server.retrycache.expirytime = 600000ms (custom)
2020-07-16 01:26:46,961 [pool-502-thread-1] INFO  metrics.RatisMetrics (RatisMetrics.java:lambda$create$0(36)) - Creating Metrics Registry : ratis.leader_election.70adf62e-3478-4f38-8b67-f629eec991ca@group-8C93C2BB1447
2020-07-16 01:26:46,961 [pool-502-thread-1] INFO  metrics.RatisMetrics (RatisMetrics.java:lambda$create$0(36)) - Creating Metrics Registry : ratis.server.70adf62e-3478-4f38-8b67-f629eec991ca@group-8C93C2BB1447
2020-07-16 01:26:46,963 [pool-502-thread-1] INFO  impl.RaftServerImpl (RaftServerImpl.java:start(186)) - 70adf62e-3478-4f38-8b67-f629eec991ca@group-8C93C2BB1447: start as a follower, conf=-1: [70adf62e-3478-4f38-8b67-f629eec991ca:172.17.0.2:41331], old=null
2020-07-16 01:26:46,963 [pool-502-thread-1] INFO  impl.RaftServerImpl (RaftServerImpl.java:setRole(175)) - 70adf62e-3478-4f38-8b67-f629eec991ca@group-8C93C2BB1447: changes role from      null to FOLLOWER at term 0 for startAsFollower
2020-07-16 01:26:46,963 [pool-502-thread-1] INFO  impl.RoleInfo (RoleInfo.java:updateAndGet(143)) - 70adf62e-3478-4f38-8b67-f629eec991ca: start FollowerState
2020-07-16 01:26:46,963 [pool-502-thread-1] INFO  util.JmxRegister (JmxRegister.java:tryRegister(44)) - Successfully registered JMX Bean with object name Ratis:service=RaftServer,group=group-8C93C2BB1447,id=70adf62e-3478-4f38-8b67-f629eec991ca
2020-07-16 01:26:46,963 [pool-502-thread-1] INFO  metrics.RatisMetrics (RatisMetrics.java:lambda$create$0(36)) - Creating Metrics Registry : ratis.state_machine.70adf62e-3478-4f38-8b67-f629eec991ca@group-8C93C2BB1447
2020-07-16 01:26:46,964 [Command processor thread] INFO  commandhandler.CreatePipelineCommandHandler (CreatePipelineCommandHandler.java:handle(109)) - Created Pipeline RATIS ONE #id: "e9f58ef3-9c04-44b6-b763-8c93c2bb1447"
uuid128 {
  mostSigBits: -1588206116632509258
  leastSigBits: -5232183775819262905
}
.
2020-07-16 01:26:46,964 [Command processor thread] INFO  impl.RaftServerProxy (RaftServerProxy.java:addNew(89)) - 70adf62e-3478-4f38-8b67-f629eec991ca: addNew group-5D5E8C8D66CB:[6cf088d4-e8fe-406b-b923-9009336d08dc:172.17.0.2:45479, 70adf62e-3478-4f38-8b67-f629eec991ca:172.17.0.2:41331, f74d67dd-9c6e-44ac-afd1-21949323d30e:172.17.0.2:41499] returns group-5D5E8C8D66CB:java.util.concurrent.CompletableFuture@6d5a0932[Not completed]
2020-07-16 01:26:46,965 [pool-502-thread-1] INFO  impl.RaftServerImpl (RaftServerImpl.java:<init>(99)) - 70adf62e-3478-4f38-8b67-f629eec991ca: new RaftServerImpl for group-5D5E8C8D66CB:[6cf088d4-e8fe-406b-b923-9009336d08dc:172.17.0.2:45479, 70adf62e-3478-4f38-8b67-f629eec991ca:172.17.0.2:41331, f74d67dd-9c6e-44ac-afd1-21949323d30e:172.17.0.2:41499] with ContainerStateMachine:uninitialized
2020-07-16 01:26:46,965 [pool-502-thread-1] INFO  server.RaftServerConfigKeys (ConfUtils.java:logGet(44)) - raft.server.rpc.timeout.min = 5s (custom)
2020-07-16 01:26:46,965 [pool-502-thread-1] INFO  server.RaftServerConfigKeys (ConfUtils.java:logGet(44)) - raft.server.rpc.timeout.max = 5200ms (custom)
2020-07-16 01:26:46,965 [pool-502-thread-1] INFO  server.RaftServerConfigKeys (ConfUtils.java:logGet(44)) - raft.server.rpcslowness.timeout = 300000ms (custom)
2020-07-16 01:26:46,965 [pool-502-thread-1] INFO  server.RaftServerConfigKeys (ConfUtils.java:logGet(44)) - raft.server.sleep.deviation.threshold = 300 (default)
2020-07-16 01:26:46,965 [pool-502-thread-1] INFO  server.RaftServerConfigKeys (ConfUtils.java:logGet(44)) - raft.server.log.appender.install.snapshot.enabled = false (custom)
2020-07-16 01:26:46,966 [pool-502-thread-1] INFO  impl.RaftServerImpl (ServerState.java:<init>(103)) - 70adf62e-3478-4f38-8b67-f629eec991ca@group-5D5E8C8D66CB: ConfigurationManager, init=-1: [6cf088d4-e8fe-406b-b923-9009336d08dc:172.17.0.2:45479, 70adf62e-3478-4f38-8b67-f629eec991ca:172.17.0.2:41331, f74d67dd-9c6e-44ac-afd1-21949323d30e:172.17.0.2:41499], old=null, confs=<EMPTY_MAP>
2020-07-16 01:26:46,966 [pool-502-thread-1] INFO  server.RaftServerConfigKeys (ConfUtils.java:logGet(44)) - raft.server.storage.dir = [/github/workspace/mnt/ozone/hadoop-ozone/integration-test/target/test-dir/MiniOzoneClusterImpl-adff4ecb-6e1a-4bbe-b65d-469fb2d670c7/datanode-0/data/ratis] (custom)
2020-07-16 01:26:46,966 [pool-502-thread-1] INFO  server.RaftServerConfigKeys (ConfUtils.java:logGet(44)) - raft.server.log.corruption.policy = EXCEPTION (default)
2020-07-16 01:26:46,966 [pool-502-thread-1] INFO  storage.RaftStorageDirectory (RaftStorageDirectory.java:analyzeStorage(261)) - The storage directory /github/workspace/mnt/ozone/hadoop-ozone/integration-test/target/test-dir/MiniOzoneClusterImpl-adff4ecb-6e1a-4bbe-b65d-469fb2d670c7/datanode-0/data/ratis/d4845598-a00b-4e89-ab8f-5d5e8c8d66cb does not exist. Creating ...
2020-07-16 01:26:46,967 [pool-502-thread-1] INFO  storage.RaftStorageDirectory (RaftStorageDirectory.java:tryLock(343)) - Lock on /github/workspace/mnt/ozone/hadoop-ozone/integration-test/target/test-dir/MiniOzoneClusterImpl-adff4ecb-6e1a-4bbe-b65d-469fb2d670c7/datanode-0/data/ratis/d4845598-a00b-4e89-ab8f-5d5e8c8d66cb/in_use.lock acquired by nodename 1306@3db59c8b2b88
2020-07-16 01:26:46,967 [pool-502-thread-1] INFO  storage.RaftStorage (RaftStorage.java:format(84)) - Storage directory /github/workspace/mnt/ozone/hadoop-ozone/integration-test/target/test-dir/MiniOzoneClusterImpl-adff4ecb-6e1a-4bbe-b65d-469fb2d670c7/datanode-0/data/ratis/d4845598-a00b-4e89-ab8f-5d5e8c8d66cb has been successfully formatted.
2020-07-16 01:26:46,968 [pool-502-thread-1] INFO  ratis.ContainerStateMachine (ContainerStateMachine.java:loadSnapshot(225)) - group-5D5E8C8D66CB: The snapshot info is null. Setting the last applied indexto:(t:0, i:~)
2020-07-16 01:26:46,968 [pool-502-thread-1] INFO  server.RaftServerConfigKeys (ConfUtils.java:logGet(44)) - raft.server.notification.no-leader.timeout = 60s (default)
2020-07-16 01:26:46,968 [pool-502-thread-1] INFO  server.RaftServerConfigKeys (ConfUtils.java:logGet(44)) - raft.server.log.use.memory = false (default)
2020-07-16 01:26:46,968 [pool-502-thread-1] INFO  server.RaftServerConfigKeys (ConfUtils.java:logGet(44)) - raft.server.log.purge.gap = 1000000 (custom)
2020-07-16 01:26:46,969 [pool-502-thread-1] INFO  server.RaftServerConfigKeys (ConfUtils.java:logGet(44)) - raft.server.log.appender.buffer.byte-limit = 33554432 (custom)
2020-07-16 01:26:46,969 [pool-502-thread-1] INFO  server.RaftServerConfigKeys (ConfUtils.java:logGet(44)) - raft.server.log.segment.size.max = 1048576 (custom)
2020-07-16 01:26:46,969 [pool-502-thread-1] INFO  metrics.RatisMetrics (RatisMetrics.java:lambda$create$0(36)) - Creating Metrics Registry : ratis.log_worker.70adf62e-3478-4f38-8b67-f629eec991ca@group-5D5E8C8D66CB
2020-07-16 01:26:46,969 [pool-502-thread-1] INFO  server.RaftServerConfigKeys (ConfUtils.java:logGet(44)) - raft.server.log.segment.cache.num.max = 2 (custom)
2020-07-16 01:26:46,969 [pool-502-thread-1] INFO  segmented.SegmentedRaftLogWorker (SegmentedRaftLogWorker.java:<init>(180)) - new 70adf62e-3478-4f38-8b67-f629eec991ca@group-5D5E8C8D66CB-SegmentedRaftLogWorker for RaftStorage:Storage Directory /github/workspace/mnt/ozone/hadoop-ozone/integration-test/target/test-dir/MiniOzoneClusterImpl-adff4ecb-6e1a-4bbe-b65d-469fb2d670c7/datanode-0/data/ratis/d4845598-a00b-4e89-ab8f-5d5e8c8d66cb
2020-07-16 01:26:46,969 [pool-502-thread-1] INFO  server.RaftServerConfigKeys (ConfUtils.java:logGet(44)) - raft.server.log.queue.byte-limit = 2147483647 (custom)
2020-07-16 01:26:46,969 [pool-502-thread-1] INFO  server.RaftServerConfigKeys (ConfUtils.java:logGet(44)) - raft.server.log.queue.element-limit = 1024 (custom)
2020-07-16 01:26:46,969 [pool-502-thread-1] INFO  server.RaftServerConfigKeys (ConfUtils.java:logGet(44)) - raft.server.log.segment.size.max = 1048576 (custom)
2020-07-16 01:26:46,969 [pool-502-thread-1] INFO  server.RaftServerConfigKeys (ConfUtils.java:logGet(44)) - raft.server.log.preallocated.size = 16384 (custom)
2020-07-16 01:26:46,969 [pool-502-thread-1] INFO  server.RaftServerConfigKeys (ConfUtils.java:logGet(44)) - raft.server.log.write.buffer.size = 1048576 (custom)
2020-07-16 01:26:46,969 [pool-502-thread-1] INFO  server.RaftServerConfigKeys (ConfUtils.java:logGet(44)) - raft.server.log.force.sync.num = 128 (default)
2020-07-16 01:26:46,969 [pool-502-thread-1] INFO  server.RaftServerConfigKeys (ConfUtils.java:logGet(44)) - raft.server.log.statemachine.data.sync = true (default)
2020-07-16 01:26:46,970 [pool-502-thread-1] INFO  server.RaftServerConfigKeys (ConfUtils.java:logGet(44)) - raft.server.log.statemachine.data.sync.timeout = 10s (default)
2020-07-16 01:26:46,970 [pool-502-thread-1] INFO  server.RaftServerConfigKeys (ConfUtils.java:logGet(44)) - raft.server.log.statemachine.data.sync.timeout.retry = -1 (default)
2020-07-16 01:26:46,972 [pool-502-thread-1] INFO  server.RaftServerConfigKeys (ConfUtils.java:logGet(44)) - raft.server.log.statemachine.data.caching.enabled = true (custom)
2020-07-16 01:26:46,972 [pool-502-thread-1] INFO  segmented.SegmentedRaftLogWorker (SegmentedRaftLogWorker.java:lambda$new$0(129)) - 70adf62e-3478-4f38-8b67-f629eec991ca@group-5D5E8C8D66CB-SegmentedRaftLogWorker: flushIndex: setUnconditionally 0 -> -1
2020-07-16 01:26:46,972 [pool-502-thread-1] INFO  segmented.SegmentedRaftLogWorker (SegmentedRaftLogWorker.java:lambda$new$0(129)) - 70adf62e-3478-4f38-8b67-f629eec991ca@group-5D5E8C8D66CB-SegmentedRaftLogWorker: safeCacheEvictIndex: setUnconditionally 0 -> -1
2020-07-16 01:26:46,972 [pool-502-thread-1] INFO  server.RaftServerConfigKeys (ConfUtils.java:logGet(44)) - raft.server.snapshot.auto.trigger.enabled = true (custom)
2020-07-16 01:26:46,972 [pool-502-thread-1] INFO  server.RaftServerConfigKeys (ConfUtils.java:logGet(44)) - raft.server.snapshot.auto.trigger.threshold = 10000 (custom)
2020-07-16 01:26:46,972 [pool-502-thread-1] INFO  server.RaftServerConfigKeys (ConfUtils.java:logGet(44)) - raft.server.snapshot.retention.file.num = 5 (custom)
2020-07-16 01:26:46,972 [pool-502-thread-1] INFO  server.RaftServerConfigKeys (ConfUtils.java:logGet(44)) - raft.server.log.purge.upto.snapshot.index = false (default)
2020-07-16 01:26:46,972 [pool-502-thread-1] INFO  server.RaftServerConfigKeys (ConfUtils.java:logGet(44)) - raft.server.retrycache.expirytime = 600000ms (custom)
2020-07-16 01:26:46,972 [pool-502-thread-1] INFO  metrics.RatisMetrics (RatisMetrics.java:lambda$create$0(36)) - Creating Metrics Registry : ratis.leader_election.70adf62e-3478-4f38-8b67-f629eec991ca@group-5D5E8C8D66CB
2020-07-16 01:26:46,973 [pool-502-thread-1] INFO  metrics.RatisMetrics (RatisMetrics.java:lambda$create$0(36)) - Creating Metrics Registry : ratis.server.70adf62e-3478-4f38-8b67-f629eec991ca@group-5D5E8C8D66CB
2020-07-16 01:26:46,974 [pool-502-thread-1] INFO  impl.RaftServerImpl (RaftServerImpl.java:start(186)) - 70adf62e-3478-4f38-8b67-f629eec991ca@group-5D5E8C8D66CB: start as a follower, conf=-1: [6cf088d4-e8fe-406b-b923-9009336d08dc:172.17.0.2:45479, 70adf62e-3478-4f38-8b67-f629eec991ca:172.17.0.2:41331, f74d67dd-9c6e-44ac-afd1-21949323d30e:172.17.0.2:41499], old=null
2020-07-16 01:26:46,974 [pool-502-thread-1] INFO  impl.RaftServerImpl (RaftServerImpl.java:setRole(175)) - 70adf62e-3478-4f38-8b67-f629eec991ca@group-5D5E8C8D66CB: changes role from      null to FOLLOWER at term 0 for startAsFollower
2020-07-16 01:26:46,975 [pool-502-thread-1] INFO  impl.RoleInfo (RoleInfo.java:updateAndGet(143)) - 70adf62e-3478-4f38-8b67-f629eec991ca: start FollowerState
2020-07-16 01:26:46,975 [pool-502-thread-1] INFO  util.JmxRegister (JmxRegister.java:tryRegister(44)) - Successfully registered JMX Bean with object name Ratis:service=RaftServer,group=group-5D5E8C8D66CB,id=70adf62e-3478-4f38-8b67-f629eec991ca
2020-07-16 01:26:46,975 [pool-502-thread-1] INFO  metrics.RatisMetrics (RatisMetrics.java:lambda$create$0(36)) - Creating Metrics Registry : ratis.state_machine.70adf62e-3478-4f38-8b67-f629eec991ca@group-5D5E8C8D66CB
2020-07-16 01:26:46,987 [grpc-default-executor-3] INFO  impl.RaftServerProxy (RaftServerProxy.java:addNew(89)) - f74d67dd-9c6e-44ac-afd1-21949323d30e: addNew group-5D5E8C8D66CB:[6cf088d4-e8fe-406b-b923-9009336d08dc:172.17.0.2:45479, 70adf62e-3478-4f38-8b67-f629eec991ca:172.17.0.2:41331, f74d67dd-9c6e-44ac-afd1-21949323d30e:172.17.0.2:41499] returns group-5D5E8C8D66CB:java.util.concurrent.CompletableFuture@5752792[Not completed]
2020-07-16 01:26:46,988 [pool-517-thread-1] INFO  impl.RaftServerImpl (RaftServerImpl.java:<init>(99)) - f74d67dd-9c6e-44ac-afd1-21949323d30e: new RaftServerImpl for group-5D5E8C8D66CB:[6cf088d4-e8fe-406b-b923-9009336d08dc:172.17.0.2:45479, 70adf62e-3478-4f38-8b67-f629eec991ca:172.17.0.2:41331, f74d67dd-9c6e-44ac-afd1-21949323d30e:172.17.0.2:41499] with ContainerStateMachine:uninitialized
2020-07-16 01:26:46,988 [pool-517-thread-1] INFO  server.RaftServerConfigKeys (ConfUtils.java:logGet(44)) - raft.server.rpc.timeout.min = 5s (custom)
2020-07-16 01:26:46,988 [pool-517-thread-1] INFO  server.RaftServerConfigKeys (ConfUtils.java:logGet(44)) - raft.server.rpc.timeout.max = 5200ms (custom)
2020-07-16 01:26:46,988 [pool-517-thread-1] INFO  server.RaftServerConfigKeys (ConfUtils.java:logGet(44)) - raft.server.rpcslowness.timeout = 300000ms (custom)
2020-07-16 01:26:46,988 [pool-517-thread-1] INFO  server.RaftServerConfigKeys (ConfUtils.java:logGet(44)) - raft.server.sleep.deviation.threshold = 300 (default)
2020-07-16 01:26:46,988 [pool-517-thread-1] INFO  server.RaftServerConfigKeys (ConfUtils.java:logGet(44)) - raft.server.log.appender.install.snapshot.enabled = false (custom)
2020-07-16 01:26:46,988 [pool-517-thread-1] INFO  impl.RaftServerImpl (ServerState.java:<init>(103)) - f74d67dd-9c6e-44ac-afd1-21949323d30e@group-5D5E8C8D66CB: ConfigurationManager, init=-1: [6cf088d4-e8fe-406b-b923-9009336d08dc:172.17.0.2:45479, 70adf62e-3478-4f38-8b67-f629eec991ca:172.17.0.2:41331, f74d67dd-9c6e-44ac-afd1-21949323d30e:172.17.0.2:41499], old=null, confs=<EMPTY_MAP>
2020-07-16 01:26:46,988 [pool-517-thread-1] INFO  server.RaftServerConfigKeys (ConfUtils.java:logGet(44)) - raft.server.storage.dir = [/github/workspace/mnt/ozone/hadoop-ozone/integration-test/target/test-dir/MiniOzoneClusterImpl-adff4ecb-6e1a-4bbe-b65d-469fb2d670c7/datanode-1/data/ratis] (custom)
2020-07-16 01:26:46,988 [pool-517-thread-1] INFO  server.RaftServerConfigKeys (ConfUtils.java:logGet(44)) - raft.server.log.corruption.policy = EXCEPTION (default)
2020-07-16 01:26:46,989 [pool-517-thread-1] INFO  storage.RaftStorageDirectory (RaftStorageDirectory.java:analyzeStorage(261)) - The storage directory /github/workspace/mnt/ozone/hadoop-ozone/integration-test/target/test-dir/MiniOzoneClusterImpl-adff4ecb-6e1a-4bbe-b65d-469fb2d670c7/datanode-1/data/ratis/d4845598-a00b-4e89-ab8f-5d5e8c8d66cb does not exist. Creating ...
2020-07-16 01:26:46,989 [pool-517-thread-1] INFO  storage.RaftStorageDirectory (RaftStorageDirectory.java:tryLock(343)) - Lock on /github/workspace/mnt/ozone/hadoop-ozone/integration-test/target/test-dir/MiniOzoneClusterImpl-adff4ecb-6e1a-4bbe-b65d-469fb2d670c7/datanode-1/data/ratis/d4845598-a00b-4e89-ab8f-5d5e8c8d66cb/in_use.lock acquired by nodename 1306@3db59c8b2b88
2020-07-16 01:26:46,990 [pool-517-thread-1] INFO  storage.RaftStorage (RaftStorage.java:format(84)) - Storage directory /github/workspace/mnt/ozone/hadoop-ozone/integration-test/target/test-dir/MiniOzoneClusterImpl-adff4ecb-6e1a-4bbe-b65d-469fb2d670c7/datanode-1/data/ratis/d4845598-a00b-4e89-ab8f-5d5e8c8d66cb has been successfully formatted.
2020-07-16 01:26:46,991 [pool-517-thread-1] INFO  ratis.ContainerStateMachine (ContainerStateMachine.java:loadSnapshot(225)) - group-5D5E8C8D66CB: The snapshot info is null. Setting the last applied indexto:(t:0, i:~)
2020-07-16 01:26:46,991 [pool-517-thread-1] INFO  server.RaftServerConfigKeys (ConfUtils.java:logGet(44)) - raft.server.notification.no-leader.timeout = 60s (default)
2020-07-16 01:26:46,991 [pool-517-thread-1] INFO  server.RaftServerConfigKeys (ConfUtils.java:logGet(44)) - raft.server.log.use.memory = false (default)
2020-07-16 01:26:46,991 [pool-517-thread-1] INFO  server.RaftServerConfigKeys (ConfUtils.java:logGet(44)) - raft.server.log.purge.gap = 1000000 (custom)
2020-07-16 01:26:46,991 [pool-517-thread-1] INFO  server.RaftServerConfigKeys (ConfUtils.java:logGet(44)) - raft.server.log.appender.buffer.byte-limit = 33554432 (custom)
2020-07-16 01:26:46,991 [pool-517-thread-1] INFO  server.RaftServerConfigKeys (ConfUtils.java:logGet(44)) - raft.server.log.segment.size.max = 1048576 (custom)
2020-07-16 01:26:46,992 [pool-517-thread-1] INFO  metrics.RatisMetrics (RatisMetrics.java:lambda$create$0(36)) - Creating Metrics Registry : ratis.log_worker.f74d67dd-9c6e-44ac-afd1-21949323d30e@group-5D5E8C8D66CB
2020-07-16 01:26:46,992 [pool-517-thread-1] INFO  server.RaftServerConfigKeys (ConfUtils.java:logGet(44)) - raft.server.log.segment.cache.num.max = 2 (custom)
2020-07-16 01:26:46,992 [pool-517-thread-1] INFO  segmented.SegmentedRaftLogWorker (SegmentedRaftLogWorker.java:<init>(180)) - new f74d67dd-9c6e-44ac-afd1-21949323d30e@group-5D5E8C8D66CB-SegmentedRaftLogWorker for RaftStorage:Storage Directory /github/workspace/mnt/ozone/hadoop-ozone/integration-test/target/test-dir/MiniOzoneClusterImpl-adff4ecb-6e1a-4bbe-b65d-469fb2d670c7/datanode-1/data/ratis/d4845598-a00b-4e89-ab8f-5d5e8c8d66cb
2020-07-16 01:26:46,992 [pool-517-thread-1] INFO  server.RaftServerConfigKeys (ConfUtils.java:logGet(44)) - raft.server.log.queue.byte-limit = 2147483647 (custom)
2020-07-16 01:26:46,992 [pool-517-thread-1] INFO  server.RaftServerConfigKeys (ConfUtils.java:logGet(44)) - raft.server.log.queue.element-limit = 1024 (custom)
2020-07-16 01:26:46,992 [pool-517-thread-1] INFO  server.RaftServerConfigKeys (ConfUtils.java:logGet(44)) - raft.server.log.segment.size.max = 1048576 (custom)
2020-07-16 01:26:46,992 [pool-517-thread-1] INFO  server.RaftServerConfigKeys (ConfUtils.java:logGet(44)) - raft.server.log.preallocated.size = 16384 (custom)
2020-07-16 01:26:46,992 [pool-517-thread-1] INFO  server.RaftServerConfigKeys (ConfUtils.java:logGet(44)) - raft.server.log.write.buffer.size = 1048576 (custom)
2020-07-16 01:26:46,992 [pool-517-thread-1] INFO  server.RaftServerConfigKeys (ConfUtils.java:logGet(44)) - raft.server.log.force.sync.num = 128 (default)
2020-07-16 01:26:46,992 [pool-517-thread-1] INFO  server.RaftServerConfigKeys (ConfUtils.java:logGet(44)) - raft.server.log.statemachine.data.sync = true (default)
2020-07-16 01:26:46,992 [pool-517-thread-1] INFO  server.RaftServerConfigKeys (ConfUtils.java:logGet(44)) - raft.server.log.statemachine.data.sync.timeout = 10s (default)
2020-07-16 01:26:46,992 [pool-517-thread-1] INFO  server.RaftServerConfigKeys (ConfUtils.java:logGet(44)) - raft.server.log.statemachine.data.sync.timeout.retry = -1 (default)
2020-07-16 01:26:46,995 [pool-517-thread-1] INFO  server.RaftServerConfigKeys (ConfUtils.java:logGet(44)) - raft.server.log.statemachine.data.caching.enabled = true (custom)
2020-07-16 01:26:46,995 [pool-517-thread-1] INFO  segmented.SegmentedRaftLogWorker (SegmentedRaftLogWorker.java:lambda$new$0(129)) - f74d67dd-9c6e-44ac-afd1-21949323d30e@group-5D5E8C8D66CB-SegmentedRaftLogWorker: flushIndex: setUnconditionally 0 -> -1
2020-07-16 01:26:46,995 [pool-517-thread-1] INFO  segmented.SegmentedRaftLogWorker (SegmentedRaftLogWorker.java:lambda$new$0(129)) - f74d67dd-9c6e-44ac-afd1-21949323d30e@group-5D5E8C8D66CB-SegmentedRaftLogWorker: safeCacheEvictIndex: setUnconditionally 0 -> -1
2020-07-16 01:26:46,995 [pool-517-thread-1] INFO  server.RaftServerConfigKeys (ConfUtils.java:logGet(44)) - raft.server.snapshot.auto.trigger.enabled = true (custom)
2020-07-16 01:26:46,995 [pool-517-thread-1] INFO  server.RaftServerConfigKeys (ConfUtils.java:logGet(44)) - raft.server.snapshot.auto.trigger.threshold = 10000 (custom)
2020-07-16 01:26:46,995 [pool-517-thread-1] INFO  server.RaftServerConfigKeys (ConfUtils.java:logGet(44)) - raft.server.snapshot.retention.file.num = 5 (custom)
2020-07-16 01:26:46,995 [pool-517-thread-1] INFO  server.RaftServerConfigKeys (ConfUtils.java:logGet(44)) - raft.server.log.purge.upto.snapshot.index = false (default)
2020-07-16 01:26:46,995 [pool-517-thread-1] INFO  server.RaftServerConfigKeys (ConfUtils.java:logGet(44)) - raft.server.retrycache.expirytime = 600000ms (custom)
2020-07-16 01:26:46,995 [pool-517-thread-1] INFO  metrics.RatisMetrics (RatisMetrics.java:lambda$create$0(36)) - Creating Metrics Registry : ratis.leader_election.f74d67dd-9c6e-44ac-afd1-21949323d30e@group-5D5E8C8D66CB
2020-07-16 01:26:46,996 [pool-517-thread-1] INFO  metrics.RatisMetrics (RatisMetrics.java:lambda$create$0(36)) - Creating Metrics Registry : ratis.server.f74d67dd-9c6e-44ac-afd1-21949323d30e@group-5D5E8C8D66CB
2020-07-16 01:26:46,997 [pool-517-thread-1] INFO  impl.RaftServerImpl (RaftServerImpl.java:start(186)) - f74d67dd-9c6e-44ac-afd1-21949323d30e@group-5D5E8C8D66CB: start as a follower, conf=-1: [6cf088d4-e8fe-406b-b923-9009336d08dc:172.17.0.2:45479, 70adf62e-3478-4f38-8b67-f629eec991ca:172.17.0.2:41331, f74d67dd-9c6e-44ac-afd1-21949323d30e:172.17.0.2:41499], old=null
2020-07-16 01:26:46,998 [pool-517-thread-1] INFO  impl.RaftServerImpl (RaftServerImpl.java:setRole(175)) - f74d67dd-9c6e-44ac-afd1-21949323d30e@group-5D5E8C8D66CB: changes role from      null to FOLLOWER at term 0 for startAsFollower
2020-07-16 01:26:46,998 [pool-517-thread-1] INFO  impl.RoleInfo (RoleInfo.java:updateAndGet(143)) - f74d67dd-9c6e-44ac-afd1-21949323d30e: start FollowerState
2020-07-16 01:26:46,998 [pool-517-thread-1] INFO  util.JmxRegister (JmxRegister.java:tryRegister(44)) - Successfully registered JMX Bean with object name Ratis:service=RaftServer,group=group-5D5E8C8D66CB,id=f74d67dd-9c6e-44ac-afd1-21949323d30e
2020-07-16 01:26:46,998 [pool-517-thread-1] INFO  metrics.RatisMetrics (RatisMetrics.java:lambda$create$0(36)) - Creating Metrics Registry : ratis.state_machine.f74d67dd-9c6e-44ac-afd1-21949323d30e@group-5D5E8C8D66CB
2020-07-16 01:26:47,011 [grpc-default-executor-3] INFO  impl.RaftServerProxy (RaftServerProxy.java:addNew(89)) - 6cf088d4-e8fe-406b-b923-9009336d08dc: addNew group-5D5E8C8D66CB:[6cf088d4-e8fe-406b-b923-9009336d08dc:172.17.0.2:45479, 70adf62e-3478-4f38-8b67-f629eec991ca:172.17.0.2:41331, f74d67dd-9c6e-44ac-afd1-21949323d30e:172.17.0.2:41499] returns group-5D5E8C8D66CB:java.util.concurrent.CompletableFuture@165bf7f5[Not completed]
2020-07-16 01:26:47,012 [pool-532-thread-1] INFO  impl.RaftServerImpl (RaftServerImpl.java:<init>(99)) - 6cf088d4-e8fe-406b-b923-9009336d08dc: new RaftServerImpl for group-5D5E8C8D66CB:[6cf088d4-e8fe-406b-b923-9009336d08dc:172.17.0.2:45479, 70adf62e-3478-4f38-8b67-f629eec991ca:172.17.0.2:41331, f74d67dd-9c6e-44ac-afd1-21949323d30e:172.17.0.2:41499] with ContainerStateMachine:uninitialized
2020-07-16 01:26:47,012 [pool-532-thread-1] INFO  server.RaftServerConfigKeys (ConfUtils.java:logGet(44)) - raft.server.rpc.timeout.min = 5s (custom)
2020-07-16 01:26:47,012 [pool-532-thread-1] INFO  server.RaftServerConfigKeys (ConfUtils.java:logGet(44)) - raft.server.rpc.timeout.max = 5200ms (custom)
2020-07-16 01:26:47,012 [pool-532-thread-1] INFO  server.RaftServerConfigKeys (ConfUtils.java:logGet(44)) - raft.server.rpcslowness.timeout = 300000ms (custom)
2020-07-16 01:26:47,012 [pool-532-thread-1] INFO  server.RaftServerConfigKeys (ConfUtils.java:logGet(44)) - raft.server.sleep.deviation.threshold = 300 (default)
2020-07-16 01:26:47,012 [pool-532-thread-1] INFO  server.RaftServerConfigKeys (ConfUtils.java:logGet(44)) - raft.server.log.appender.install.snapshot.enabled = false (custom)
2020-07-16 01:26:47,012 [pool-532-thread-1] INFO  impl.RaftServerImpl (ServerState.java:<init>(103)) - 6cf088d4-e8fe-406b-b923-9009336d08dc@group-5D5E8C8D66CB: ConfigurationManager, init=-1: [6cf088d4-e8fe-406b-b923-9009336d08dc:172.17.0.2:45479, 70adf62e-3478-4f38-8b67-f629eec991ca:172.17.0.2:41331, f74d67dd-9c6e-44ac-afd1-21949323d30e:172.17.0.2:41499], old=null, confs=<EMPTY_MAP>
2020-07-16 01:26:47,012 [pool-532-thread-1] INFO  server.RaftServerConfigKeys (ConfUtils.java:logGet(44)) - raft.server.storage.dir = [/github/workspace/mnt/ozone/hadoop-ozone/integration-test/target/test-dir/MiniOzoneClusterImpl-adff4ecb-6e1a-4bbe-b65d-469fb2d670c7/datanode-2/data/ratis] (custom)
2020-07-16 01:26:47,012 [pool-532-thread-1] INFO  server.RaftServerConfigKeys (ConfUtils.java:logGet(44)) - raft.server.log.corruption.policy = EXCEPTION (default)
2020-07-16 01:26:47,013 [pool-532-thread-1] INFO  storage.RaftStorageDirectory (RaftStorageDirectory.java:analyzeStorage(261)) - The storage directory /github/workspace/mnt/ozone/hadoop-ozone/integration-test/target/test-dir/MiniOzoneClusterImpl-adff4ecb-6e1a-4bbe-b65d-469fb2d670c7/datanode-2/data/ratis/d4845598-a00b-4e89-ab8f-5d5e8c8d66cb does not exist. Creating ...
2020-07-16 01:26:47,014 [pool-532-thread-1] INFO  storage.RaftStorageDirectory (RaftStorageDirectory.java:tryLock(343)) - Lock on /github/workspace/mnt/ozone/hadoop-ozone/integration-test/target/test-dir/MiniOzoneClusterImpl-adff4ecb-6e1a-4bbe-b65d-469fb2d670c7/datanode-2/data/ratis/d4845598-a00b-4e89-ab8f-5d5e8c8d66cb/in_use.lock acquired by nodename 1306@3db59c8b2b88
2020-07-16 01:26:47,015 [pool-532-thread-1] INFO  storage.RaftStorage (RaftStorage.java:format(84)) - Storage directory /github/workspace/mnt/ozone/hadoop-ozone/integration-test/target/test-dir/MiniOzoneClusterImpl-adff4ecb-6e1a-4bbe-b65d-469fb2d670c7/datanode-2/data/ratis/d4845598-a00b-4e89-ab8f-5d5e8c8d66cb has been successfully formatted.
2020-07-16 01:26:47,015 [pool-532-thread-1] INFO  ratis.ContainerStateMachine (ContainerStateMachine.java:loadSnapshot(225)) - group-5D5E8C8D66CB: The snapshot info is null. Setting the last applied indexto:(t:0, i:~)
2020-07-16 01:26:47,016 [pool-532-thread-1] INFO  server.RaftServerConfigKeys (ConfUtils.java:logGet(44)) - raft.server.notification.no-leader.timeout = 60s (default)
2020-07-16 01:26:47,016 [pool-532-thread-1] INFO  server.RaftServerConfigKeys (ConfUtils.java:logGet(44)) - raft.server.log.use.memory = false (default)
2020-07-16 01:26:47,016 [pool-532-thread-1] INFO  server.RaftServerConfigKeys (ConfUtils.java:logGet(44)) - raft.server.log.purge.gap = 1000000 (custom)
2020-07-16 01:26:47,018 [pool-532-thread-1] INFO  server.RaftServerConfigKeys (ConfUtils.java:logGet(44)) - raft.server.log.appender.buffer.byte-limit = 33554432 (custom)
2020-07-16 01:26:47,018 [pool-532-thread-1] INFO  server.RaftServerConfigKeys (ConfUtils.java:logGet(44)) - raft.server.log.segment.size.max = 1048576 (custom)
2020-07-16 01:26:47,018 [pool-532-thread-1] INFO  metrics.RatisMetrics (RatisMetrics.java:lambda$create$0(36)) - Creating Metrics Registry : ratis.log_worker.6cf088d4-e8fe-406b-b923-9009336d08dc@group-5D5E8C8D66CB
2020-07-16 01:26:47,018 [pool-532-thread-1] INFO  server.RaftServerConfigKeys (ConfUtils.java:logGet(44)) - raft.server.log.segment.cache.num.max = 2 (custom)
2020-07-16 01:26:47,018 [pool-532-thread-1] INFO  segmented.SegmentedRaftLogWorker (SegmentedRaftLogWorker.java:<init>(180)) - new 6cf088d4-e8fe-406b-b923-9009336d08dc@group-5D5E8C8D66CB-SegmentedRaftLogWorker for RaftStorage:Storage Directory /github/workspace/mnt/ozone/hadoop-ozone/integration-test/target/test-dir/MiniOzoneClusterImpl-adff4ecb-6e1a-4bbe-b65d-469fb2d670c7/datanode-2/data/ratis/d4845598-a00b-4e89-ab8f-5d5e8c8d66cb
2020-07-16 01:26:47,018 [pool-532-thread-1] INFO  server.RaftServerConfigKeys (ConfUtils.java:logGet(44)) - raft.server.log.queue.byte-limit = 2147483647 (custom)
2020-07-16 01:26:47,019 [pool-532-thread-1] INFO  server.RaftServerConfigKeys (ConfUtils.java:logGet(44)) - raft.server.log.queue.element-limit = 1024 (custom)
2020-07-16 01:26:47,019 [pool-532-thread-1] INFO  server.RaftServerConfigKeys (ConfUtils.java:logGet(44)) - raft.server.log.segment.size.max = 1048576 (custom)
2020-07-16 01:26:47,019 [pool-532-thread-1] INFO  server.RaftServerConfigKeys (ConfUtils.java:logGet(44)) - raft.server.log.preallocated.size = 16384 (custom)
2020-07-16 01:26:47,019 [pool-532-thread-1] INFO  server.RaftServerConfigKeys (ConfUtils.java:logGet(44)) - raft.server.log.write.buffer.size = 1048576 (custom)
2020-07-16 01:26:47,019 [pool-532-thread-1] INFO  server.RaftServerConfigKeys (ConfUtils.java:logGet(44)) - raft.server.log.force.sync.num = 128 (default)
2020-07-16 01:26:47,019 [pool-532-thread-1] INFO  server.RaftServerConfigKeys (ConfUtils.java:logGet(44)) - raft.server.log.statemachine.data.sync = true (default)
2020-07-16 01:26:47,019 [pool-532-thread-1] INFO  server.RaftServerConfigKeys (ConfUtils.java:logGet(44)) - raft.server.log.statemachine.data.sync.timeout = 10s (default)
2020-07-16 01:26:47,019 [pool-532-thread-1] INFO  server.RaftServerConfigKeys (ConfUtils.java:logGet(44)) - raft.server.log.statemachine.data.sync.timeout.retry = -1 (default)
2020-07-16 01:26:47,021 [pool-532-thread-1] INFO  server.RaftServerConfigKeys (ConfUtils.java:logGet(44)) - raft.server.log.statemachine.data.caching.enabled = true (custom)
2020-07-16 01:26:47,021 [pool-532-thread-1] INFO  segmented.SegmentedRaftLogWorker (SegmentedRaftLogWorker.java:lambda$new$0(129)) - 6cf088d4-e8fe-406b-b923-9009336d08dc@group-5D5E8C8D66CB-SegmentedRaftLogWorker: flushIndex: setUnconditionally 0 -> -1
2020-07-16 01:26:47,021 [pool-532-thread-1] INFO  segmented.SegmentedRaftLogWorker (SegmentedRaftLogWorker.java:lambda$new$0(129)) - 6cf088d4-e8fe-406b-b923-9009336d08dc@group-5D5E8C8D66CB-SegmentedRaftLogWorker: safeCacheEvictIndex: setUnconditionally 0 -> -1
2020-07-16 01:26:47,022 [pool-532-thread-1] INFO  server.RaftServerConfigKeys (ConfUtils.java:logGet(44)) - raft.server.snapshot.auto.trigger.enabled = true (custom)
2020-07-16 01:26:47,022 [pool-532-thread-1] INFO  server.RaftServerConfigKeys (ConfUtils.java:logGet(44)) - raft.server.snapshot.auto.trigger.threshold = 10000 (custom)
2020-07-16 01:26:47,022 [pool-532-thread-1] INFO  server.RaftServerConfigKeys (ConfUtils.java:logGet(44)) - raft.server.snapshot.retention.file.num = 5 (custom)
2020-07-16 01:26:47,022 [pool-532-thread-1] INFO  server.RaftServerConfigKeys (ConfUtils.java:logGet(44)) - raft.server.log.purge.upto.snapshot.index = false (default)
2020-07-16 01:26:47,022 [pool-532-thread-1] INFO  server.RaftServerConfigKeys (ConfUtils.java:logGet(44)) - raft.server.retrycache.expirytime = 600000ms (custom)
2020-07-16 01:26:47,022 [pool-532-thread-1] INFO  metrics.RatisMetrics (RatisMetrics.java:lambda$create$0(36)) - Creating Metrics Registry : ratis.leader_election.6cf088d4-e8fe-406b-b923-9009336d08dc@group-5D5E8C8D66CB
2020-07-16 01:26:47,023 [pool-532-thread-1] INFO  metrics.RatisMetrics (RatisMetrics.java:lambda$create$0(36)) - Creating Metrics Registry : ratis.server.6cf088d4-e8fe-406b-b923-9009336d08dc@group-5D5E8C8D66CB
2020-07-16 01:26:47,024 [pool-532-thread-1] INFO  impl.RaftServerImpl (RaftServerImpl.java:start(186)) - 6cf088d4-e8fe-406b-b923-9009336d08dc@group-5D5E8C8D66CB: start as a follower, conf=-1: [6cf088d4-e8fe-406b-b923-9009336d08dc:172.17.0.2:45479, 70adf62e-3478-4f38-8b67-f629eec991ca:172.17.0.2:41331, f74d67dd-9c6e-44ac-afd1-21949323d30e:172.17.0.2:41499], old=null
2020-07-16 01:26:47,024 [pool-532-thread-1] INFO  impl.RaftServerImpl (RaftServerImpl.java:setRole(175)) - 6cf088d4-e8fe-406b-b923-9009336d08dc@group-5D5E8C8D66CB: changes role from      null to FOLLOWER at term 0 for startAsFollower
2020-07-16 01:26:47,025 [pool-532-thread-1] INFO  impl.RoleInfo (RoleInfo.java:updateAndGet(143)) - 6cf088d4-e8fe-406b-b923-9009336d08dc: start FollowerState
2020-07-16 01:26:47,025 [pool-532-thread-1] INFO  util.JmxRegister (JmxRegister.java:tryRegister(44)) - Successfully registered JMX Bean with object name Ratis:service=RaftServer,group=group-5D5E8C8D66CB,id=6cf088d4-e8fe-406b-b923-9009336d08dc
2020-07-16 01:26:47,025 [pool-532-thread-1] INFO  metrics.RatisMetrics (RatisMetrics.java:lambda$create$0(36)) - Creating Metrics Registry : ratis.state_machine.6cf088d4-e8fe-406b-b923-9009336d08dc@group-5D5E8C8D66CB
2020-07-16 01:26:47,033 [Command processor thread] INFO  commandhandler.CreatePipelineCommandHandler (CreatePipelineCommandHandler.java:handle(109)) - Created Pipeline RATIS THREE #id: "d4845598-a00b-4e89-ab8f-5d5e8c8d66cb"
uuid128 {
  mostSigBits: -3133285326734537079
  leastSigBits: -6084541910887864629
}
.
2020-07-16 01:26:47,060 [Command processor thread] INFO  impl.RaftServerProxy (RaftServerProxy.java:addNew(89)) - f74d67dd-9c6e-44ac-afd1-21949323d30e: addNew group-1DD6ED0EB2A2:[f74d67dd-9c6e-44ac-afd1-21949323d30e:172.17.0.2:41499] returns group-1DD6ED0EB2A2:java.util.concurrent.CompletableFuture@38c88233[Not completed]
2020-07-16 01:26:47,060 [pool-517-thread-1] INFO  impl.RaftServerImpl (RaftServerImpl.java:<init>(99)) - f74d67dd-9c6e-44ac-afd1-21949323d30e: new RaftServerImpl for group-1DD6ED0EB2A2:[f74d67dd-9c6e-44ac-afd1-21949323d30e:172.17.0.2:41499] with ContainerStateMachine:uninitialized
2020-07-16 01:26:47,060 [pool-517-thread-1] INFO  server.RaftServerConfigKeys (ConfUtils.java:logGet(44)) - raft.server.rpc.timeout.min = 5s (custom)
2020-07-16 01:26:47,060 [pool-517-thread-1] INFO  server.RaftServerConfigKeys (ConfUtils.java:logGet(44)) - raft.server.rpc.timeout.max = 5200ms (custom)
2020-07-16 01:26:47,060 [pool-517-thread-1] INFO  server.RaftServerConfigKeys (ConfUtils.java:logGet(44)) - raft.server.rpcslowness.timeout = 300000ms (custom)
2020-07-16 01:26:47,060 [pool-517-thread-1] INFO  server.RaftServerConfigKeys (ConfUtils.java:logGet(44)) - raft.server.sleep.deviation.threshold = 300 (default)
2020-07-16 01:26:47,060 [pool-517-thread-1] INFO  server.RaftServerConfigKeys (ConfUtils.java:logGet(44)) - raft.server.log.appender.install.snapshot.enabled = false (custom)
2020-07-16 01:26:47,060 [pool-517-thread-1] INFO  impl.RaftServerImpl (ServerState.java:<init>(103)) - f74d67dd-9c6e-44ac-afd1-21949323d30e@group-1DD6ED0EB2A2: ConfigurationManager, init=-1: [f74d67dd-9c6e-44ac-afd1-21949323d30e:172.17.0.2:41499], old=null, confs=<EMPTY_MAP>
2020-07-16 01:26:47,060 [pool-517-thread-1] INFO  server.RaftServerConfigKeys (ConfUtils.java:logGet(44)) - raft.server.storage.dir = [/github/workspace/mnt/ozone/hadoop-ozone/integration-test/target/test-dir/MiniOzoneClusterImpl-adff4ecb-6e1a-4bbe-b65d-469fb2d670c7/datanode-1/data/ratis] (custom)
2020-07-16 01:26:47,061 [pool-517-thread-1] INFO  server.RaftServerConfigKeys (ConfUtils.java:logGet(44)) - raft.server.log.corruption.policy = EXCEPTION (default)
2020-07-16 01:26:47,061 [pool-517-thread-1] INFO  storage.RaftStorageDirectory (RaftStorageDirectory.java:analyzeStorage(261)) - The storage directory /github/workspace/mnt/ozone/hadoop-ozone/integration-test/target/test-dir/MiniOzoneClusterImpl-adff4ecb-6e1a-4bbe-b65d-469fb2d670c7/datanode-1/data/ratis/dcf5420c-312e-4cfb-b078-1dd6ed0eb2a2 does not exist. Creating ...
2020-07-16 01:26:47,062 [pool-517-thread-1] INFO  storage.RaftStorageDirectory (RaftStorageDirectory.java:tryLock(343)) - Lock on /github/workspace/mnt/ozone/hadoop-ozone/integration-test/target/test-dir/MiniOzoneClusterImpl-adff4ecb-6e1a-4bbe-b65d-469fb2d670c7/datanode-1/data/ratis/dcf5420c-312e-4cfb-b078-1dd6ed0eb2a2/in_use.lock acquired by nodename 1306@3db59c8b2b88
2020-07-16 01:26:47,063 [pool-517-thread-1] INFO  storage.RaftStorage (RaftStorage.java:format(84)) - Storage directory /github/workspace/mnt/ozone/hadoop-ozone/integration-test/target/test-dir/MiniOzoneClusterImpl-adff4ecb-6e1a-4bbe-b65d-469fb2d670c7/datanode-1/data/ratis/dcf5420c-312e-4cfb-b078-1dd6ed0eb2a2 has been successfully formatted.
2020-07-16 01:26:47,063 [pool-517-thread-1] INFO  ratis.ContainerStateMachine (ContainerStateMachine.java:loadSnapshot(225)) - group-1DD6ED0EB2A2: The snapshot info is null. Setting the last applied indexto:(t:0, i:~)
2020-07-16 01:26:47,063 [pool-517-thread-1] INFO  server.RaftServerConfigKeys (ConfUtils.java:logGet(44)) - raft.server.notification.no-leader.timeout = 60s (default)
2020-07-16 01:26:47,063 [pool-517-thread-1] INFO  server.RaftServerConfigKeys (ConfUtils.java:logGet(44)) - raft.server.log.use.memory = false (default)
2020-07-16 01:26:47,063 [pool-517-thread-1] INFO  server.RaftServerConfigKeys (ConfUtils.java:logGet(44)) - raft.server.log.purge.gap = 1000000 (custom)
2020-07-16 01:26:47,063 [pool-517-thread-1] INFO  server.RaftServerConfigKeys (ConfUtils.java:logGet(44)) - raft.server.log.appender.buffer.byte-limit = 33554432 (custom)
2020-07-16 01:26:47,064 [pool-517-thread-1] INFO  server.RaftServerConfigKeys (ConfUtils.java:logGet(44)) - raft.server.log.segment.size.max = 1048576 (custom)
2020-07-16 01:26:47,064 [EventQueue-PipelineReportForPipelineReportHandler] INFO  pipeline.PipelineStateManager (PipelineStateManager.java:openPipeline(131)) - Pipeline Pipeline[ Id: dcf5420c-312e-4cfb-b078-1dd6ed0eb2a2, Nodes: f74d67dd-9c6e-44ac-afd1-21949323d30e{ip: 172.17.0.2, host: 3db59c8b2b88, networkLocation: /default-rack, certSerialId: null}, Type:RATIS, Factor:ONE, State:ALLOCATED, leaderId:f74d67dd-9c6e-44ac-afd1-21949323d30e, CreationTimestamp2020-07-16T01:26:44.063Z] moved to OPEN state
2020-07-16 01:26:47,064 [pool-517-thread-1] INFO  metrics.RatisMetrics (RatisMetrics.java:lambda$create$0(36)) - Creating Metrics Registry : ratis.log_worker.f74d67dd-9c6e-44ac-afd1-21949323d30e@group-1DD6ED0EB2A2
2020-07-16 01:26:47,064 [EventQueue-OpenPipelineForHealthyPipelineSafeModeRule] INFO  safemode.SCMSafeModeManager (HealthyPipelineSafeModeRule.java:process(129)) - SCM in safe mode. Healthy pipelines reported count is 0, required healthy pipeline reported count is 1
2020-07-16 01:26:47,064 [EventQueue-OpenPipelineForOneReplicaPipelineSafeModeRule] INFO  safemode.SCMSafeModeManager (SCMSafeModeManager.java:validateSafeModeExitRules(214)) - AtleastOneDatanodeReportedRule rule is successfully validated
2020-07-16 01:26:47,064 [pool-517-thread-1] INFO  server.RaftServerConfigKeys (ConfUtils.java:logGet(44)) - raft.server.log.segment.cache.num.max = 2 (custom)
2020-07-16 01:26:47,064 [pool-517-thread-1] INFO  segmented.SegmentedRaftLogWorker (SegmentedRaftLogWorker.java:<init>(180)) - new f74d67dd-9c6e-44ac-afd1-21949323d30e@group-1DD6ED0EB2A2-SegmentedRaftLogWorker for RaftStorage:Storage Directory /github/workspace/mnt/ozone/hadoop-ozone/integration-test/target/test-dir/MiniOzoneClusterImpl-adff4ecb-6e1a-4bbe-b65d-469fb2d670c7/datanode-1/data/ratis/dcf5420c-312e-4cfb-b078-1dd6ed0eb2a2
2020-07-16 01:26:47,064 [pool-517-thread-1] INFO  server.RaftServerConfigKeys (ConfUtils.java:logGet(44)) - raft.server.log.queue.byte-limit = 2147483647 (custom)
2020-07-16 01:26:47,064 [pool-517-thread-1] INFO  server.RaftServerConfigKeys (ConfUtils.java:logGet(44)) - raft.server.log.queue.element-limit = 1024 (custom)
2020-07-16 01:26:47,064 [pool-517-thread-1] INFO  server.RaftServerConfigKeys (ConfUtils.java:logGet(44)) - raft.server.log.segment.size.max = 1048576 (custom)
2020-07-16 01:26:47,065 [pool-517-thread-1] INFO  server.RaftServerConfigKeys (ConfUtils.java:logGet(44)) - raft.server.log.preallocated.size = 16384 (custom)
2020-07-16 01:26:47,065 [pool-517-thread-1] INFO  server.RaftServerConfigKeys (ConfUtils.java:logGet(44)) - raft.server.log.write.buffer.size = 1048576 (custom)
2020-07-16 01:26:47,065 [pool-517-thread-1] INFO  server.RaftServerConfigKeys (ConfUtils.java:logGet(44)) - raft.server.log.force.sync.num = 128 (default)
2020-07-16 01:26:47,065 [pool-517-thread-1] INFO  server.RaftServerConfigKeys (ConfUtils.java:logGet(44)) - raft.server.log.statemachine.data.sync = true (default)
2020-07-16 01:26:47,065 [pool-517-thread-1] INFO  server.RaftServerConfigKeys (ConfUtils.java:logGet(44)) - raft.server.log.statemachine.data.sync.timeout = 10s (default)
2020-07-16 01:26:47,065 [pool-517-thread-1] INFO  server.RaftServerConfigKeys (ConfUtils.java:logGet(44)) - raft.server.log.statemachine.data.sync.timeout.retry = -1 (default)
2020-07-16 01:26:47,068 [pool-517-thread-1] INFO  server.RaftServerConfigKeys (ConfUtils.java:logGet(44)) - raft.server.log.statemachine.data.caching.enabled = true (custom)
2020-07-16 01:26:47,068 [pool-517-thread-1] INFO  segmented.SegmentedRaftLogWorker (SegmentedRaftLogWorker.java:lambda$new$0(129)) - f74d67dd-9c6e-44ac-afd1-21949323d30e@group-1DD6ED0EB2A2-SegmentedRaftLogWorker: flushIndex: setUnconditionally 0 -> -1
2020-07-16 01:26:47,068 [pool-517-thread-1] INFO  segmented.SegmentedRaftLogWorker (SegmentedRaftLogWorker.java:lambda$new$0(129)) - f74d67dd-9c6e-44ac-afd1-21949323d30e@group-1DD6ED0EB2A2-SegmentedRaftLogWorker: safeCacheEvictIndex: setUnconditionally 0 -> -1
2020-07-16 01:26:47,071 [pool-517-thread-1] INFO  server.RaftServerConfigKeys (ConfUtils.java:logGet(44)) - raft.server.snapshot.auto.trigger.enabled = true (custom)
2020-07-16 01:26:47,071 [pool-517-thread-1] INFO  server.RaftServerConfigKeys (ConfUtils.java:logGet(44)) - raft.server.snapshot.auto.trigger.threshold = 10000 (custom)
2020-07-16 01:26:47,071 [pool-517-thread-1] INFO  server.RaftServerConfigKeys (ConfUtils.java:logGet(44)) - raft.server.snapshot.retention.file.num = 5 (custom)
2020-07-16 01:26:47,071 [pool-517-thread-1] INFO  server.RaftServerConfigKeys (ConfUtils.java:logGet(44)) - raft.server.log.purge.upto.snapshot.index = false (default)
2020-07-16 01:26:47,071 [pool-517-thread-1] INFO  server.RaftServerConfigKeys (ConfUtils.java:logGet(44)) - raft.server.retrycache.expirytime = 600000ms (custom)
2020-07-16 01:26:47,071 [pool-517-thread-1] INFO  metrics.RatisMetrics (RatisMetrics.java:lambda$create$0(36)) - Creating Metrics Registry : ratis.leader_election.f74d67dd-9c6e-44ac-afd1-21949323d30e@group-1DD6ED0EB2A2
2020-07-16 01:26:47,072 [pool-517-thread-1] INFO  metrics.RatisMetrics (RatisMetrics.java:lambda$create$0(36)) - Creating Metrics Registry : ratis.server.f74d67dd-9c6e-44ac-afd1-21949323d30e@group-1DD6ED0EB2A2
2020-07-16 01:26:47,073 [pool-517-thread-1] INFO  impl.RaftServerImpl (RaftServerImpl.java:start(186)) - f74d67dd-9c6e-44ac-afd1-21949323d30e@group-1DD6ED0EB2A2: start as a follower, conf=-1: [f74d67dd-9c6e-44ac-afd1-21949323d30e:172.17.0.2:41499], old=null
2020-07-16 01:26:47,073 [pool-517-thread-1] INFO  impl.RaftServerImpl (RaftServerImpl.java:setRole(175)) - f74d67dd-9c6e-44ac-afd1-21949323d30e@group-1DD6ED0EB2A2: changes role from      null to FOLLOWER at term 0 for startAsFollower
2020-07-16 01:26:47,073 [pool-517-thread-1] INFO  impl.RoleInfo (RoleInfo.java:updateAndGet(143)) - f74d67dd-9c6e-44ac-afd1-21949323d30e: start FollowerState
2020-07-16 01:26:47,074 [pool-517-thread-1] INFO  util.JmxRegister (JmxRegister.java:tryRegister(44)) - Successfully registered JMX Bean with object name Ratis:service=RaftServer,group=group-1DD6ED0EB2A2,id=f74d67dd-9c6e-44ac-afd1-21949323d30e
2020-07-16 01:26:47,074 [pool-517-thread-1] INFO  metrics.RatisMetrics (RatisMetrics.java:lambda$create$0(36)) - Creating Metrics Registry : ratis.state_machine.f74d67dd-9c6e-44ac-afd1-21949323d30e@group-1DD6ED0EB2A2
2020-07-16 01:26:47,075 [Command processor thread] INFO  commandhandler.CreatePipelineCommandHandler (CreatePipelineCommandHandler.java:handle(109)) - Created Pipeline RATIS ONE #id: "dcf5420c-312e-4cfb-b078-1dd6ed0eb2a2"
uuid128 {
  mostSigBits: -2525039395939136261
  leastSigBits: -5730797716891585886
}
.
2020-07-16 01:26:47,172 [Command processor thread] INFO  impl.RaftServerProxy (RaftServerProxy.java:addNew(89)) - 6cf088d4-e8fe-406b-b923-9009336d08dc: addNew group-88C3D5E56F38:[6cf088d4-e8fe-406b-b923-9009336d08dc:172.17.0.2:45479] returns group-88C3D5E56F38:java.util.concurrent.CompletableFuture@401034b6[Not completed]
2020-07-16 01:26:47,172 [pool-532-thread-1] INFO  impl.RaftServerImpl (RaftServerImpl.java:<init>(99)) - 6cf088d4-e8fe-406b-b923-9009336d08dc: new RaftServerImpl for group-88C3D5E56F38:[6cf088d4-e8fe-406b-b923-9009336d08dc:172.17.0.2:45479] with ContainerStateMachine:uninitialized
2020-07-16 01:26:47,172 [pool-532-thread-1] INFO  server.RaftServerConfigKeys (ConfUtils.java:logGet(44)) - raft.server.rpc.timeout.min = 5s (custom)
2020-07-16 01:26:47,173 [pool-532-thread-1] INFO  server.RaftServerConfigKeys (ConfUtils.java:logGet(44)) - raft.server.rpc.timeout.max = 5200ms (custom)
2020-07-16 01:26:47,173 [pool-532-thread-1] INFO  server.RaftServerConfigKeys (ConfUtils.java:logGet(44)) - raft.server.rpcslowness.timeout = 300000ms (custom)
2020-07-16 01:26:47,173 [pool-532-thread-1] INFO  server.RaftServerConfigKeys (ConfUtils.java:logGet(44)) - raft.server.sleep.deviation.threshold = 300 (default)
2020-07-16 01:26:47,173 [pool-532-thread-1] INFO  server.RaftServerConfigKeys (ConfUtils.java:logGet(44)) - raft.server.log.appender.install.snapshot.enabled = false (custom)
2020-07-16 01:26:47,173 [pool-532-thread-1] INFO  impl.RaftServerImpl (ServerState.java:<init>(103)) - 6cf088d4-e8fe-406b-b923-9009336d08dc@group-88C3D5E56F38: ConfigurationManager, init=-1: [6cf088d4-e8fe-406b-b923-9009336d08dc:172.17.0.2:45479], old=null, confs=<EMPTY_MAP>
2020-07-16 01:26:47,173 [pool-532-thread-1] INFO  server.RaftServerConfigKeys (ConfUtils.java:logGet(44)) - raft.server.storage.dir = [/github/workspace/mnt/ozone/hadoop-ozone/integration-test/target/test-dir/MiniOzoneClusterImpl-adff4ecb-6e1a-4bbe-b65d-469fb2d670c7/datanode-2/data/ratis] (custom)
2020-07-16 01:26:47,173 [pool-532-thread-1] INFO  server.RaftServerConfigKeys (ConfUtils.java:logGet(44)) - raft.server.log.corruption.policy = EXCEPTION (default)
2020-07-16 01:26:47,173 [pool-532-thread-1] INFO  storage.RaftStorageDirectory (RaftStorageDirectory.java:analyzeStorage(261)) - The storage directory /github/workspace/mnt/ozone/hadoop-ozone/integration-test/target/test-dir/MiniOzoneClusterImpl-adff4ecb-6e1a-4bbe-b65d-469fb2d670c7/datanode-2/data/ratis/e8ba79e6-b12f-488b-ae2d-88c3d5e56f38 does not exist. Creating ...
2020-07-16 01:26:47,174 [pool-532-thread-1] INFO  storage.RaftStorageDirectory (RaftStorageDirectory.java:tryLock(343)) - Lock on /github/workspace/mnt/ozone/hadoop-ozone/integration-test/target/test-dir/MiniOzoneClusterImpl-adff4ecb-6e1a-4bbe-b65d-469fb2d670c7/datanode-2/data/ratis/e8ba79e6-b12f-488b-ae2d-88c3d5e56f38/in_use.lock acquired by nodename 1306@3db59c8b2b88
2020-07-16 01:26:47,176 [pool-532-thread-1] INFO  storage.RaftStorage (RaftStorage.java:format(84)) - Storage directory /github/workspace/mnt/ozone/hadoop-ozone/integration-test/target/test-dir/MiniOzoneClusterImpl-adff4ecb-6e1a-4bbe-b65d-469fb2d670c7/datanode-2/data/ratis/e8ba79e6-b12f-488b-ae2d-88c3d5e56f38 has been successfully formatted.
2020-07-16 01:26:47,176 [pool-532-thread-1] INFO  ratis.ContainerStateMachine (ContainerStateMachine.java:loadSnapshot(225)) - group-88C3D5E56F38: The snapshot info is null. Setting the last applied indexto:(t:0, i:~)
2020-07-16 01:26:47,177 [pool-532-thread-1] INFO  server.RaftServerConfigKeys (ConfUtils.java:logGet(44)) - raft.server.notification.no-leader.timeout = 60s (default)
2020-07-16 01:26:47,177 [pool-532-thread-1] INFO  server.RaftServerConfigKeys (ConfUtils.java:logGet(44)) - raft.server.log.use.memory = false (default)
2020-07-16 01:26:47,177 [EventQueue-PipelineReportForPipelineReportHandler] INFO  pipeline.PipelineStateManager (PipelineStateManager.java:openPipeline(131)) - Pipeline Pipeline[ Id: e8ba79e6-b12f-488b-ae2d-88c3d5e56f38, Nodes: 6cf088d4-e8fe-406b-b923-9009336d08dc{ip: 172.17.0.2, host: 3db59c8b2b88, networkLocation: /default-rack, certSerialId: null}, Type:RATIS, Factor:ONE, State:ALLOCATED, leaderId:6cf088d4-e8fe-406b-b923-9009336d08dc, CreationTimestamp2020-07-16T01:26:44.174Z] moved to OPEN state
2020-07-16 01:26:47,177 [EventQueue-OpenPipelineForHealthyPipelineSafeModeRule] INFO  safemode.SCMSafeModeManager (HealthyPipelineSafeModeRule.java:process(129)) - SCM in safe mode. Healthy pipelines reported count is 0, required healthy pipeline reported count is 1
2020-07-16 01:26:47,177 [EventQueue-OpenPipelineForOneReplicaPipelineSafeModeRule] INFO  safemode.SCMSafeModeManager (SCMSafeModeManager.java:validateSafeModeExitRules(214)) - AtleastOneDatanodeReportedRule rule is successfully validated
2020-07-16 01:26:47,177 [pool-532-thread-1] INFO  server.RaftServerConfigKeys (ConfUtils.java:logGet(44)) - raft.server.log.purge.gap = 1000000 (custom)
2020-07-16 01:26:47,178 [pool-532-thread-1] INFO  server.RaftServerConfigKeys (ConfUtils.java:logGet(44)) - raft.server.log.appender.buffer.byte-limit = 33554432 (custom)
2020-07-16 01:26:47,178 [pool-532-thread-1] INFO  server.RaftServerConfigKeys (ConfUtils.java:logGet(44)) - raft.server.log.segment.size.max = 1048576 (custom)
2020-07-16 01:26:47,178 [pool-532-thread-1] INFO  metrics.RatisMetrics (RatisMetrics.java:lambda$create$0(36)) - Creating Metrics Registry : ratis.log_worker.6cf088d4-e8fe-406b-b923-9009336d08dc@group-88C3D5E56F38
2020-07-16 01:26:47,178 [pool-532-thread-1] INFO  server.RaftServerConfigKeys (ConfUtils.java:logGet(44)) - raft.server.log.segment.cache.num.max = 2 (custom)
2020-07-16 01:26:47,178 [pool-532-thread-1] INFO  segmented.SegmentedRaftLogWorker (SegmentedRaftLogWorker.java:<init>(180)) - new 6cf088d4-e8fe-406b-b923-9009336d08dc@group-88C3D5E56F38-SegmentedRaftLogWorker for RaftStorage:Storage Directory /github/workspace/mnt/ozone/hadoop-ozone/integration-test/target/test-dir/MiniOzoneClusterImpl-adff4ecb-6e1a-4bbe-b65d-469fb2d670c7/datanode-2/data/ratis/e8ba79e6-b12f-488b-ae2d-88c3d5e56f38
2020-07-16 01:26:47,179 [pool-532-thread-1] INFO  server.RaftServerConfigKeys (ConfUtils.java:logGet(44)) - raft.server.log.queue.byte-limit = 2147483647 (custom)
2020-07-16 01:26:47,179 [pool-532-thread-1] INFO  server.RaftServerConfigKeys (ConfUtils.java:logGet(44)) - raft.server.log.queue.element-limit = 1024 (custom)
2020-07-16 01:26:47,179 [pool-532-thread-1] INFO  server.RaftServerConfigKeys (ConfUtils.java:logGet(44)) - raft.server.log.segment.size.max = 1048576 (custom)
2020-07-16 01:26:47,179 [pool-532-thread-1] INFO  server.RaftServerConfigKeys (ConfUtils.java:logGet(44)) - raft.server.log.preallocated.size = 16384 (custom)
2020-07-16 01:26:47,180 [pool-532-thread-1] INFO  server.RaftServerConfigKeys (ConfUtils.java:logGet(44)) - raft.server.log.write.buffer.size = 1048576 (custom)
2020-07-16 01:26:47,180 [pool-532-thread-1] INFO  server.RaftServerConfigKeys (ConfUtils.java:logGet(44)) - raft.server.log.force.sync.num = 128 (default)
2020-07-16 01:26:47,180 [pool-532-thread-1] INFO  server.RaftServerConfigKeys (ConfUtils.java:logGet(44)) - raft.server.log.statemachine.data.sync = true (default)
2020-07-16 01:26:47,180 [pool-532-thread-1] INFO  server.RaftServerConfigKeys (ConfUtils.java:logGet(44)) - raft.server.log.statemachine.data.sync.timeout = 10s (default)
2020-07-16 01:26:47,180 [pool-532-thread-1] INFO  server.RaftServerConfigKeys (ConfUtils.java:logGet(44)) - raft.server.log.statemachine.data.sync.timeout.retry = -1 (default)
2020-07-16 01:26:47,183 [pool-532-thread-1] INFO  server.RaftServerConfigKeys (ConfUtils.java:logGet(44)) - raft.server.log.statemachine.data.caching.enabled = true (custom)
2020-07-16 01:26:47,183 [pool-532-thread-1] INFO  segmented.SegmentedRaftLogWorker (SegmentedRaftLogWorker.java:lambda$new$0(129)) - 6cf088d4-e8fe-406b-b923-9009336d08dc@group-88C3D5E56F38-SegmentedRaftLogWorker: flushIndex: setUnconditionally 0 -> -1
2020-07-16 01:26:47,183 [pool-532-thread-1] INFO  segmented.SegmentedRaftLogWorker (SegmentedRaftLogWorker.java:lambda$new$0(129)) - 6cf088d4-e8fe-406b-b923-9009336d08dc@group-88C3D5E56F38-SegmentedRaftLogWorker: safeCacheEvictIndex: setUnconditionally 0 -> -1
2020-07-16 01:26:47,183 [pool-532-thread-1] INFO  server.RaftServerConfigKeys (ConfUtils.java:logGet(44)) - raft.server.snapshot.auto.trigger.enabled = true (custom)
2020-07-16 01:26:47,184 [pool-532-thread-1] INFO  server.RaftServerConfigKeys (ConfUtils.java:logGet(44)) - raft.server.snapshot.auto.trigger.threshold = 10000 (custom)
2020-07-16 01:26:47,184 [pool-532-thread-1] INFO  server.RaftServerConfigKeys (ConfUtils.java:logGet(44)) - raft.server.snapshot.retention.file.num = 5 (custom)
2020-07-16 01:26:47,184 [pool-532-thread-1] INFO  server.RaftServerConfigKeys (ConfUtils.java:logGet(44)) - raft.server.log.purge.upto.snapshot.index = false (default)
2020-07-16 01:26:47,184 [pool-532-thread-1] INFO  server.RaftServerConfigKeys (ConfUtils.java:logGet(44)) - raft.server.retrycache.expirytime = 600000ms (custom)
2020-07-16 01:26:47,184 [pool-532-thread-1] INFO  metrics.RatisMetrics (RatisMetrics.java:lambda$create$0(36)) - Creating Metrics Registry : ratis.leader_election.6cf088d4-e8fe-406b-b923-9009336d08dc@group-88C3D5E56F38
2020-07-16 01:26:47,185 [pool-532-thread-1] INFO  metrics.RatisMetrics (RatisMetrics.java:lambda$create$0(36)) - Creating Metrics Registry : ratis.server.6cf088d4-e8fe-406b-b923-9009336d08dc@group-88C3D5E56F38
2020-07-16 01:26:47,186 [pool-532-thread-1] INFO  impl.RaftServerImpl (RaftServerImpl.java:start(186)) - 6cf088d4-e8fe-406b-b923-9009336d08dc@group-88C3D5E56F38: start as a follower, conf=-1: [6cf088d4-e8fe-406b-b923-9009336d08dc:172.17.0.2:45479], old=null
2020-07-16 01:26:47,186 [pool-532-thread-1] INFO  impl.RaftServerImpl (RaftServerImpl.java:setRole(175)) - 6cf088d4-e8fe-406b-b923-9009336d08dc@group-88C3D5E56F38: changes role from      null to FOLLOWER at term 0 for startAsFollower
2020-07-16 01:26:47,186 [pool-532-thread-1] INFO  impl.RoleInfo (RoleInfo.java:updateAndGet(143)) - 6cf088d4-e8fe-406b-b923-9009336d08dc: start FollowerState
2020-07-16 01:26:47,186 [pool-532-thread-1] INFO  util.JmxRegister (JmxRegister.java:tryRegister(44)) - Successfully registered JMX Bean with object name Ratis:service=RaftServer,group=group-88C3D5E56F38,id=6cf088d4-e8fe-406b-b923-9009336d08dc
2020-07-16 01:26:47,186 [pool-532-thread-1] INFO  metrics.RatisMetrics (RatisMetrics.java:lambda$create$0(36)) - Creating Metrics Registry : ratis.state_machine.6cf088d4-e8fe-406b-b923-9009336d08dc@group-88C3D5E56F38
2020-07-16 01:26:47,187 [Command processor thread] INFO  commandhandler.CreatePipelineCommandHandler (CreatePipelineCommandHandler.java:handle(109)) - Created Pipeline RATIS ONE #id: "e8ba79e6-b12f-488b-ae2d-88c3d5e56f38"
uuid128 {
  mostSigBits: -1676893879519983477
  leastSigBits: -5895905962469527752
}
.
2020-07-16 01:26:47,292 [Command processor thread] INFO  impl.RaftServerProxy (RaftServerProxy.java:addNew(89)) - fed8a10c-0e4b-4171-bc5f-6d130931510f: addNew group-4B6710D43490:[fed8a10c-0e4b-4171-bc5f-6d130931510f:172.17.0.2:37911] returns group-4B6710D43490:java.util.concurrent.CompletableFuture@7d2b15d7[Not completed]
2020-07-16 01:26:47,294 [pool-547-thread-1] INFO  impl.RaftServerImpl (RaftServerImpl.java:<init>(99)) - fed8a10c-0e4b-4171-bc5f-6d130931510f: new RaftServerImpl for group-4B6710D43490:[fed8a10c-0e4b-4171-bc5f-6d130931510f:172.17.0.2:37911] with ContainerStateMachine:uninitialized
2020-07-16 01:26:47,294 [pool-547-thread-1] INFO  server.RaftServerConfigKeys (ConfUtils.java:logGet(44)) - raft.server.rpc.timeout.min = 5s (custom)
2020-07-16 01:26:47,294 [pool-547-thread-1] INFO  server.RaftServerConfigKeys (ConfUtils.java:logGet(44)) - raft.server.rpc.timeout.max = 5200ms (custom)
2020-07-16 01:26:47,294 [pool-547-thread-1] INFO  server.RaftServerConfigKeys (ConfUtils.java:logGet(44)) - raft.server.rpcslowness.timeout = 300000ms (custom)
2020-07-16 01:26:47,294 [pool-547-thread-1] INFO  server.RaftServerConfigKeys (ConfUtils.java:logGet(44)) - raft.server.sleep.deviation.threshold = 300 (default)
2020-07-16 01:26:47,294 [pool-547-thread-1] INFO  server.RaftServerConfigKeys (ConfUtils.java:logGet(44)) - raft.server.log.appender.install.snapshot.enabled = false (custom)
2020-07-16 01:26:47,294 [pool-547-thread-1] INFO  impl.RaftServerImpl (ServerState.java:<init>(103)) - fed8a10c-0e4b-4171-bc5f-6d130931510f@group-4B6710D43490: ConfigurationManager, init=-1: [fed8a10c-0e4b-4171-bc5f-6d130931510f:172.17.0.2:37911], old=null, confs=<EMPTY_MAP>
2020-07-16 01:26:47,294 [pool-547-thread-1] INFO  server.RaftServerConfigKeys (ConfUtils.java:logGet(44)) - raft.server.storage.dir = [/github/workspace/mnt/ozone/hadoop-ozone/integration-test/target/test-dir/MiniOzoneClusterImpl-adff4ecb-6e1a-4bbe-b65d-469fb2d670c7/datanode-3/data/ratis] (custom)
2020-07-16 01:26:47,295 [pool-547-thread-1] INFO  server.RaftServerConfigKeys (ConfUtils.java:logGet(44)) - raft.server.log.corruption.policy = EXCEPTION (default)
2020-07-16 01:26:47,295 [pool-547-thread-1] INFO  storage.RaftStorageDirectory (RaftStorageDirectory.java:analyzeStorage(261)) - The storage directory /github/workspace/mnt/ozone/hadoop-ozone/integration-test/target/test-dir/MiniOzoneClusterImpl-adff4ecb-6e1a-4bbe-b65d-469fb2d670c7/datanode-3/data/ratis/97a78c80-5e7f-4e08-9b50-4b6710d43490 does not exist. Creating ...
2020-07-16 01:26:47,296 [pool-547-thread-1] INFO  storage.RaftStorageDirectory (RaftStorageDirectory.java:tryLock(343)) - Lock on /github/workspace/mnt/ozone/hadoop-ozone/integration-test/target/test-dir/MiniOzoneClusterImpl-adff4ecb-6e1a-4bbe-b65d-469fb2d670c7/datanode-3/data/ratis/97a78c80-5e7f-4e08-9b50-4b6710d43490/in_use.lock acquired by nodename 1306@3db59c8b2b88
2020-07-16 01:26:47,297 [pool-547-thread-1] INFO  storage.RaftStorage (RaftStorage.java:format(84)) - Storage directory /github/workspace/mnt/ozone/hadoop-ozone/integration-test/target/test-dir/MiniOzoneClusterImpl-adff4ecb-6e1a-4bbe-b65d-469fb2d670c7/datanode-3/data/ratis/97a78c80-5e7f-4e08-9b50-4b6710d43490 has been successfully formatted.
2020-07-16 01:26:47,298 [pool-547-thread-1] INFO  ratis.ContainerStateMachine (ContainerStateMachine.java:loadSnapshot(225)) - group-4B6710D43490: The snapshot info is null. Setting the last applied indexto:(t:0, i:~)
2020-07-16 01:26:47,298 [pool-547-thread-1] INFO  server.RaftServerConfigKeys (ConfUtils.java:logGet(44)) - raft.server.notification.no-leader.timeout = 60s (default)
2020-07-16 01:26:47,298 [pool-547-thread-1] INFO  server.RaftServerConfigKeys (ConfUtils.java:logGet(44)) - raft.server.log.use.memory = false (default)
2020-07-16 01:26:47,298 [pool-547-thread-1] INFO  server.RaftServerConfigKeys (ConfUtils.java:logGet(44)) - raft.server.log.purge.gap = 1000000 (custom)
2020-07-16 01:26:47,298 [EventQueue-PipelineReportForPipelineReportHandler] INFO  pipeline.PipelineStateManager (PipelineStateManager.java:openPipeline(131)) - Pipeline Pipeline[ Id: 97a78c80-5e7f-4e08-9b50-4b6710d43490, Nodes: fed8a10c-0e4b-4171-bc5f-6d130931510f{ip: 172.17.0.2, host: 3db59c8b2b88, networkLocation: /default-rack, certSerialId: null}, Type:RATIS, Factor:ONE, State:ALLOCATED, leaderId:fed8a10c-0e4b-4171-bc5f-6d130931510f, CreationTimestamp2020-07-16T01:26:44.295Z] moved to OPEN state
2020-07-16 01:26:47,298 [EventQueue-OpenPipelineForHealthyPipelineSafeModeRule] INFO  safemode.SCMSafeModeManager (HealthyPipelineSafeModeRule.java:process(129)) - SCM in safe mode. Healthy pipelines reported count is 0, required healthy pipeline reported count is 1
2020-07-16 01:26:47,298 [EventQueue-OpenPipelineForOneReplicaPipelineSafeModeRule] INFO  safemode.SCMSafeModeManager (SCMSafeModeManager.java:validateSafeModeExitRules(214)) - AtleastOneDatanodeReportedRule rule is successfully validated
2020-07-16 01:26:47,298 [pool-547-thread-1] INFO  server.RaftServerConfigKeys (ConfUtils.java:logGet(44)) - raft.server.log.appender.buffer.byte-limit = 33554432 (custom)
2020-07-16 01:26:47,298 [pool-547-thread-1] INFO  server.RaftServerConfigKeys (ConfUtils.java:logGet(44)) - raft.server.log.segment.size.max = 1048576 (custom)
2020-07-16 01:26:47,299 [pool-547-thread-1] INFO  metrics.RatisMetrics (RatisMetrics.java:lambda$create$0(36)) - Creating Metrics Registry : ratis.log_worker.fed8a10c-0e4b-4171-bc5f-6d130931510f@group-4B6710D43490
2020-07-16 01:26:47,299 [pool-547-thread-1] INFO  server.RaftServerConfigKeys (ConfUtils.java:logGet(44)) - raft.server.log.segment.cache.num.max = 2 (custom)
2020-07-16 01:26:47,299 [pool-547-thread-1] INFO  segmented.SegmentedRaftLogWorker (SegmentedRaftLogWorker.java:<init>(180)) - new fed8a10c-0e4b-4171-bc5f-6d130931510f@group-4B6710D43490-SegmentedRaftLogWorker for RaftStorage:Storage Directory /github/workspace/mnt/ozone/hadoop-ozone/integration-test/target/test-dir/MiniOzoneClusterImpl-adff4ecb-6e1a-4bbe-b65d-469fb2d670c7/datanode-3/data/ratis/97a78c80-5e7f-4e08-9b50-4b6710d43490
2020-07-16 01:26:47,299 [pool-547-thread-1] INFO  server.RaftServerConfigKeys (ConfUtils.java:logGet(44)) - raft.server.log.queue.byte-limit = 2147483647 (custom)
2020-07-16 01:26:47,299 [pool-547-thread-1] INFO  server.RaftServerConfigKeys (ConfUtils.java:logGet(44)) - raft.server.log.queue.element-limit = 1024 (custom)
2020-07-16 01:26:47,299 [pool-547-thread-1] INFO  server.RaftServerConfigKeys (ConfUtils.java:logGet(44)) - raft.server.log.segment.size.max = 1048576 (custom)
2020-07-16 01:26:47,299 [pool-547-thread-1] INFO  server.RaftServerConfigKeys (ConfUtils.java:logGet(44)) - raft.server.log.preallocated.size = 16384 (custom)
2020-07-16 01:26:47,299 [pool-547-thread-1] INFO  server.RaftServerConfigKeys (ConfUtils.java:logGet(44)) - raft.server.log.write.buffer.size = 1048576 (custom)
2020-07-16 01:26:47,299 [pool-547-thread-1] INFO  server.RaftServerConfigKeys (ConfUtils.java:logGet(44)) - raft.server.log.force.sync.num = 128 (default)
2020-07-16 01:26:47,299 [pool-547-thread-1] INFO  server.RaftServerConfigKeys (ConfUtils.java:logGet(44)) - raft.server.log.statemachine.data.sync = true (default)
2020-07-16 01:26:47,299 [pool-547-thread-1] INFO  server.RaftServerConfigKeys (ConfUtils.java:logGet(44)) - raft.server.log.statemachine.data.sync.timeout = 10s (default)
2020-07-16 01:26:47,299 [pool-547-thread-1] INFO  server.RaftServerConfigKeys (ConfUtils.java:logGet(44)) - raft.server.log.statemachine.data.sync.timeout.retry = -1 (default)
2020-07-16 01:26:47,301 [pool-547-thread-1] INFO  server.RaftServerConfigKeys (ConfUtils.java:logGet(44)) - raft.server.log.statemachine.data.caching.enabled = true (custom)
2020-07-16 01:26:47,302 [pool-547-thread-1] INFO  segmented.SegmentedRaftLogWorker (SegmentedRaftLogWorker.java:lambda$new$0(129)) - fed8a10c-0e4b-4171-bc5f-6d130931510f@group-4B6710D43490-SegmentedRaftLogWorker: flushIndex: setUnconditionally 0 -> -1
2020-07-16 01:26:47,302 [pool-547-thread-1] INFO  segmented.SegmentedRaftLogWorker (SegmentedRaftLogWorker.java:lambda$new$0(129)) - fed8a10c-0e4b-4171-bc5f-6d130931510f@group-4B6710D43490-SegmentedRaftLogWorker: safeCacheEvictIndex: setUnconditionally 0 -> -1
2020-07-16 01:26:47,302 [pool-547-thread-1] INFO  server.RaftServerConfigKeys (ConfUtils.java:logGet(44)) - raft.server.snapshot.auto.trigger.enabled = true (custom)
2020-07-16 01:26:47,302 [pool-547-thread-1] INFO  server.RaftServerConfigKeys (ConfUtils.java:logGet(44)) - raft.server.snapshot.auto.trigger.threshold = 10000 (custom)
2020-07-16 01:26:47,302 [pool-547-thread-1] INFO  server.RaftServerConfigKeys (ConfUtils.java:logGet(44)) - raft.server.snapshot.retention.file.num = 5 (custom)
2020-07-16 01:26:47,302 [pool-547-thread-1] INFO  server.RaftServerConfigKeys (ConfUtils.java:logGet(44)) - raft.server.log.purge.upto.snapshot.index = false (default)
2020-07-16 01:26:47,302 [pool-547-thread-1] INFO  server.RaftServerConfigKeys (ConfUtils.java:logGet(44)) - raft.server.retrycache.expirytime = 600000ms (custom)
2020-07-16 01:26:47,302 [pool-547-thread-1] INFO  metrics.RatisMetrics (RatisMetrics.java:lambda$create$0(36)) - Creating Metrics Registry : ratis.leader_election.fed8a10c-0e4b-4171-bc5f-6d130931510f@group-4B6710D43490
2020-07-16 01:26:47,303 [pool-547-thread-1] INFO  metrics.RatisMetrics (RatisMetrics.java:lambda$create$0(36)) - Creating Metrics Registry : ratis.server.fed8a10c-0e4b-4171-bc5f-6d130931510f@group-4B6710D43490
2020-07-16 01:26:47,304 [pool-547-thread-1] INFO  impl.RaftServerImpl (RaftServerImpl.java:start(186)) - fed8a10c-0e4b-4171-bc5f-6d130931510f@group-4B6710D43490: start as a follower, conf=-1: [fed8a10c-0e4b-4171-bc5f-6d130931510f:172.17.0.2:37911], old=null
2020-07-16 01:26:47,304 [pool-547-thread-1] INFO  impl.RaftServerImpl (RaftServerImpl.java:setRole(175)) - fed8a10c-0e4b-4171-bc5f-6d130931510f@group-4B6710D43490: changes role from      null to FOLLOWER at term 0 for startAsFollower
2020-07-16 01:26:47,305 [pool-547-thread-1] INFO  impl.RoleInfo (RoleInfo.java:updateAndGet(143)) - fed8a10c-0e4b-4171-bc5f-6d130931510f: start FollowerState
2020-07-16 01:26:47,305 [pool-547-thread-1] INFO  util.JmxRegister (JmxRegister.java:tryRegister(44)) - Successfully registered JMX Bean with object name Ratis:service=RaftServer,group=group-4B6710D43490,id=fed8a10c-0e4b-4171-bc5f-6d130931510f
2020-07-16 01:26:47,305 [pool-547-thread-1] INFO  metrics.RatisMetrics (RatisMetrics.java:lambda$create$0(36)) - Creating Metrics Registry : ratis.state_machine.fed8a10c-0e4b-4171-bc5f-6d130931510f@group-4B6710D43490
2020-07-16 01:26:47,306 [Command processor thread] INFO  commandhandler.CreatePipelineCommandHandler (CreatePipelineCommandHandler.java:handle(109)) - Created Pipeline RATIS ONE #id: "97a78c80-5e7f-4e08-9b50-4b6710d43490"
uuid128 {
  mostSigBits: -7518886569902649848
  leastSigBits: -7255216093657811824
}
.
2020-07-16 01:26:47,306 [Command processor thread] INFO  impl.RaftServerProxy (RaftServerProxy.java:addNew(89)) - fed8a10c-0e4b-4171-bc5f-6d130931510f: addNew group-C12829981597:[fed8a10c-0e4b-4171-bc5f-6d130931510f:172.17.0.2:37911, 7c15857a-f8dc-49c7-a572-6b747cc796eb:172.17.0.2:34887, a414d346-7008-4231-9689-7b7408e879f5:172.17.0.2:42243] returns group-C12829981597:java.util.concurrent.CompletableFuture@79149eaa[Not completed]
2020-07-16 01:26:47,307 [pool-547-thread-1] INFO  impl.RaftServerImpl (RaftServerImpl.java:<init>(99)) - fed8a10c-0e4b-4171-bc5f-6d130931510f: new RaftServerImpl for group-C12829981597:[fed8a10c-0e4b-4171-bc5f-6d130931510f:172.17.0.2:37911, 7c15857a-f8dc-49c7-a572-6b747cc796eb:172.17.0.2:34887, a414d346-7008-4231-9689-7b7408e879f5:172.17.0.2:42243] with ContainerStateMachine:uninitialized
2020-07-16 01:26:47,307 [pool-547-thread-1] INFO  server.RaftServerConfigKeys (ConfUtils.java:logGet(44)) - raft.server.rpc.timeout.min = 5s (custom)
2020-07-16 01:26:47,307 [pool-547-thread-1] INFO  server.RaftServerConfigKeys (ConfUtils.java:logGet(44)) - raft.server.rpc.timeout.max = 5200ms (custom)
2020-07-16 01:26:47,307 [pool-547-thread-1] INFO  server.RaftServerConfigKeys (ConfUtils.java:logGet(44)) - raft.server.rpcslowness.timeout = 300000ms (custom)
2020-07-16 01:26:47,307 [pool-547-thread-1] INFO  server.RaftServerConfigKeys (ConfUtils.java:logGet(44)) - raft.server.sleep.deviation.threshold = 300 (default)
2020-07-16 01:26:47,307 [pool-547-thread-1] INFO  server.RaftServerConfigKeys (ConfUtils.java:logGet(44)) - raft.server.log.appender.install.snapshot.enabled = false (custom)
2020-07-16 01:26:47,307 [pool-547-thread-1] INFO  impl.RaftServerImpl (ServerState.java:<init>(103)) - fed8a10c-0e4b-4171-bc5f-6d130931510f@group-C12829981597: ConfigurationManager, init=-1: [fed8a10c-0e4b-4171-bc5f-6d130931510f:172.17.0.2:37911, 7c15857a-f8dc-49c7-a572-6b747cc796eb:172.17.0.2:34887, a414d346-7008-4231-9689-7b7408e879f5:172.17.0.2:42243], old=null, confs=<EMPTY_MAP>
2020-07-16 01:26:47,307 [pool-547-thread-1] INFO  server.RaftServerConfigKeys (ConfUtils.java:logGet(44)) - raft.server.storage.dir = [/github/workspace/mnt/ozone/hadoop-ozone/integration-test/target/test-dir/MiniOzoneClusterImpl-adff4ecb-6e1a-4bbe-b65d-469fb2d670c7/datanode-3/data/ratis] (custom)
2020-07-16 01:26:47,307 [pool-547-thread-1] INFO  server.RaftServerConfigKeys (ConfUtils.java:logGet(44)) - raft.server.log.corruption.policy = EXCEPTION (default)
2020-07-16 01:26:47,308 [pool-547-thread-1] INFO  storage.RaftStorageDirectory (RaftStorageDirectory.java:analyzeStorage(261)) - The storage directory /github/workspace/mnt/ozone/hadoop-ozone/integration-test/target/test-dir/MiniOzoneClusterImpl-adff4ecb-6e1a-4bbe-b65d-469fb2d670c7/datanode-3/data/ratis/db582ef7-e52b-4b17-b2a5-c12829981597 does not exist. Creating ...
2020-07-16 01:26:47,309 [pool-547-thread-1] INFO  storage.RaftStorageDirectory (RaftStorageDirectory.java:tryLock(343)) - Lock on /github/workspace/mnt/ozone/hadoop-ozone/integration-test/target/test-dir/MiniOzoneClusterImpl-adff4ecb-6e1a-4bbe-b65d-469fb2d670c7/datanode-3/data/ratis/db582ef7-e52b-4b17-b2a5-c12829981597/in_use.lock acquired by nodename 1306@3db59c8b2b88
2020-07-16 01:26:47,309 [pool-547-thread-1] INFO  storage.RaftStorage (RaftStorage.java:format(84)) - Storage directory /github/workspace/mnt/ozone/hadoop-ozone/integration-test/target/test-dir/MiniOzoneClusterImpl-adff4ecb-6e1a-4bbe-b65d-469fb2d670c7/datanode-3/data/ratis/db582ef7-e52b-4b17-b2a5-c12829981597 has been successfully formatted.
2020-07-16 01:26:47,310 [pool-547-thread-1] INFO  ratis.ContainerStateMachine (ContainerStateMachine.java:loadSnapshot(225)) - group-C12829981597: The snapshot info is null. Setting the last applied indexto:(t:0, i:~)
2020-07-16 01:26:47,310 [pool-547-thread-1] INFO  server.RaftServerConfigKeys (ConfUtils.java:logGet(44)) - raft.server.notification.no-leader.timeout = 60s (default)
2020-07-16 01:26:47,310 [pool-547-thread-1] INFO  server.RaftServerConfigKeys (ConfUtils.java:logGet(44)) - raft.server.log.use.memory = false (default)
2020-07-16 01:26:47,310 [pool-547-thread-1] INFO  server.RaftServerConfigKeys (ConfUtils.java:logGet(44)) - raft.server.log.purge.gap = 1000000 (custom)
2020-07-16 01:26:47,310 [pool-547-thread-1] INFO  server.RaftServerConfigKeys (ConfUtils.java:logGet(44)) - raft.server.log.appender.buffer.byte-limit = 33554432 (custom)
2020-07-16 01:26:47,310 [pool-547-thread-1] INFO  server.RaftServerConfigKeys (ConfUtils.java:logGet(44)) - raft.server.log.segment.size.max = 1048576 (custom)
2020-07-16 01:26:47,310 [pool-547-thread-1] INFO  metrics.RatisMetrics (RatisMetrics.java:lambda$create$0(36)) - Creating Metrics Registry : ratis.log_worker.fed8a10c-0e4b-4171-bc5f-6d130931510f@group-C12829981597
2020-07-16 01:26:47,310 [pool-547-thread-1] INFO  server.RaftServerConfigKeys (ConfUtils.java:logGet(44)) - raft.server.log.segment.cache.num.max = 2 (custom)
2020-07-16 01:26:47,310 [pool-547-thread-1] INFO  segmented.SegmentedRaftLogWorker (SegmentedRaftLogWorker.java:<init>(180)) - new fed8a10c-0e4b-4171-bc5f-6d130931510f@group-C12829981597-SegmentedRaftLogWorker for RaftStorage:Storage Directory /github/workspace/mnt/ozone/hadoop-ozone/integration-test/target/test-dir/MiniOzoneClusterImpl-adff4ecb-6e1a-4bbe-b65d-469fb2d670c7/datanode-3/data/ratis/db582ef7-e52b-4b17-b2a5-c12829981597
2020-07-16 01:26:47,311 [pool-547-thread-1] INFO  server.RaftServerConfigKeys (ConfUtils.java:logGet(44)) - raft.server.log.queue.byte-limit = 2147483647 (custom)
2020-07-16 01:26:47,311 [pool-547-thread-1] INFO  server.RaftServerConfigKeys (ConfUtils.java:logGet(44)) - raft.server.log.queue.element-limit = 1024 (custom)
2020-07-16 01:26:47,311 [pool-547-thread-1] INFO  server.RaftServerConfigKeys (ConfUtils.java:logGet(44)) - raft.server.log.segment.size.max = 1048576 (custom)
2020-07-16 01:26:47,311 [pool-547-thread-1] INFO  server.RaftServerConfigKeys (ConfUtils.java:logGet(44)) - raft.server.log.preallocated.size = 16384 (custom)
2020-07-16 01:26:47,311 [pool-547-thread-1] INFO  server.RaftServerConfigKeys (ConfUtils.java:logGet(44)) - raft.server.log.write.buffer.size = 1048576 (custom)
2020-07-16 01:26:47,311 [pool-547-thread-1] INFO  server.RaftServerConfigKeys (ConfUtils.java:logGet(44)) - raft.server.log.force.sync.num = 128 (default)
2020-07-16 01:26:47,311 [pool-547-thread-1] INFO  server.RaftServerConfigKeys (ConfUtils.java:logGet(44)) - raft.server.log.statemachine.data.sync = true (default)
2020-07-16 01:26:47,311 [pool-547-thread-1] INFO  server.RaftServerConfigKeys (ConfUtils.java:logGet(44)) - raft.server.log.statemachine.data.sync.timeout = 10s (default)
2020-07-16 01:26:47,311 [pool-547-thread-1] INFO  server.RaftServerConfigKeys (ConfUtils.java:logGet(44)) - raft.server.log.statemachine.data.sync.timeout.retry = -1 (default)
2020-07-16 01:26:47,313 [pool-547-thread-1] INFO  server.RaftServerConfigKeys (ConfUtils.java:logGet(44)) - raft.server.log.statemachine.data.caching.enabled = true (custom)
2020-07-16 01:26:47,313 [pool-547-thread-1] INFO  segmented.SegmentedRaftLogWorker (SegmentedRaftLogWorker.java:lambda$new$0(129)) - fed8a10c-0e4b-4171-bc5f-6d130931510f@group-C12829981597-SegmentedRaftLogWorker: flushIndex: setUnconditionally 0 -> -1
2020-07-16 01:26:47,313 [pool-547-thread-1] INFO  segmented.SegmentedRaftLogWorker (SegmentedRaftLogWorker.java:lambda$new$0(129)) - fed8a10c-0e4b-4171-bc5f-6d130931510f@group-C12829981597-SegmentedRaftLogWorker: safeCacheEvictIndex: setUnconditionally 0 -> -1
2020-07-16 01:26:47,313 [pool-547-thread-1] INFO  server.RaftServerConfigKeys (ConfUtils.java:logGet(44)) - raft.server.snapshot.auto.trigger.enabled = true (custom)
2020-07-16 01:26:47,313 [pool-547-thread-1] INFO  server.RaftServerConfigKeys (ConfUtils.java:logGet(44)) - raft.server.snapshot.auto.trigger.threshold = 10000 (custom)
2020-07-16 01:26:47,313 [pool-547-thread-1] INFO  server.RaftServerConfigKeys (ConfUtils.java:logGet(44)) - raft.server.snapshot.retention.file.num = 5 (custom)
2020-07-16 01:26:47,313 [pool-547-thread-1] INFO  server.RaftServerConfigKeys (ConfUtils.java:logGet(44)) - raft.server.log.purge.upto.snapshot.index = false (default)
2020-07-16 01:26:47,313 [pool-547-thread-1] INFO  server.RaftServerConfigKeys (ConfUtils.java:logGet(44)) - raft.server.retrycache.expirytime = 600000ms (custom)
2020-07-16 01:26:47,314 [pool-547-thread-1] INFO  metrics.RatisMetrics (RatisMetrics.java:lambda$create$0(36)) - Creating Metrics Registry : ratis.leader_election.fed8a10c-0e4b-4171-bc5f-6d130931510f@group-C12829981597
2020-07-16 01:26:47,314 [pool-547-thread-1] INFO  metrics.RatisMetrics (RatisMetrics.java:lambda$create$0(36)) - Creating Metrics Registry : ratis.server.fed8a10c-0e4b-4171-bc5f-6d130931510f@group-C12829981597
2020-07-16 01:26:47,316 [pool-547-thread-1] INFO  impl.RaftServerImpl (RaftServerImpl.java:start(186)) - fed8a10c-0e4b-4171-bc5f-6d130931510f@group-C12829981597: start as a follower, conf=-1: [fed8a10c-0e4b-4171-bc5f-6d130931510f:172.17.0.2:37911, 7c15857a-f8dc-49c7-a572-6b747cc796eb:172.17.0.2:34887, a414d346-7008-4231-9689-7b7408e879f5:172.17.0.2:42243], old=null
2020-07-16 01:26:47,316 [pool-547-thread-1] INFO  impl.RaftServerImpl (RaftServerImpl.java:setRole(175)) - fed8a10c-0e4b-4171-bc5f-6d130931510f@group-C12829981597: changes role from      null to FOLLOWER at term 0 for startAsFollower
2020-07-16 01:26:47,316 [pool-547-thread-1] INFO  impl.RoleInfo (RoleInfo.java:updateAndGet(143)) - fed8a10c-0e4b-4171-bc5f-6d130931510f: start FollowerState
2020-07-16 01:26:47,316 [pool-547-thread-1] INFO  util.JmxRegister (JmxRegister.java:tryRegister(44)) - Successfully registered JMX Bean with object name Ratis:service=RaftServer,group=group-C12829981597,id=fed8a10c-0e4b-4171-bc5f-6d130931510f
2020-07-16 01:26:47,316 [pool-547-thread-1] INFO  metrics.RatisMetrics (RatisMetrics.java:lambda$create$0(36)) - Creating Metrics Registry : ratis.state_machine.fed8a10c-0e4b-4171-bc5f-6d130931510f@group-C12829981597
2020-07-16 01:26:47,323 [grpc-default-executor-3] INFO  impl.RaftServerProxy (RaftServerProxy.java:addNew(89)) - a414d346-7008-4231-9689-7b7408e879f5: addNew group-C12829981597:[fed8a10c-0e4b-4171-bc5f-6d130931510f:172.17.0.2:37911, 7c15857a-f8dc-49c7-a572-6b747cc796eb:172.17.0.2:34887, a414d346-7008-4231-9689-7b7408e879f5:172.17.0.2:42243] returns group-C12829981597:java.util.concurrent.CompletableFuture@29adc62[Not completed]
2020-07-16 01:26:47,324 [pool-562-thread-1] INFO  impl.RaftServerImpl (RaftServerImpl.java:<init>(99)) - a414d346-7008-4231-9689-7b7408e879f5: new RaftServerImpl for group-C12829981597:[fed8a10c-0e4b-4171-bc5f-6d130931510f:172.17.0.2:37911, 7c15857a-f8dc-49c7-a572-6b747cc796eb:172.17.0.2:34887, a414d346-7008-4231-9689-7b7408e879f5:172.17.0.2:42243] with ContainerStateMachine:uninitialized
2020-07-16 01:26:47,324 [pool-562-thread-1] INFO  server.RaftServerConfigKeys (ConfUtils.java:logGet(44)) - raft.server.rpc.timeout.min = 5s (custom)
2020-07-16 01:26:47,324 [pool-562-thread-1] INFO  server.RaftServerConfigKeys (ConfUtils.java:logGet(44)) - raft.server.rpc.timeout.max = 5200ms (custom)
2020-07-16 01:26:47,324 [pool-562-thread-1] INFO  server.RaftServerConfigKeys (ConfUtils.java:logGet(44)) - raft.server.rpcslowness.timeout = 300000ms (custom)
2020-07-16 01:26:47,324 [pool-562-thread-1] INFO  server.RaftServerConfigKeys (ConfUtils.java:logGet(44)) - raft.server.sleep.deviation.threshold = 300 (default)
2020-07-16 01:26:47,324 [pool-562-thread-1] INFO  server.RaftServerConfigKeys (ConfUtils.java:logGet(44)) - raft.server.log.appender.install.snapshot.enabled = false (custom)
2020-07-16 01:26:47,324 [pool-562-thread-1] INFO  impl.RaftServerImpl (ServerState.java:<init>(103)) - a414d346-7008-4231-9689-7b7408e879f5@group-C12829981597: ConfigurationManager, init=-1: [fed8a10c-0e4b-4171-bc5f-6d130931510f:172.17.0.2:37911, 7c15857a-f8dc-49c7-a572-6b747cc796eb:172.17.0.2:34887, a414d346-7008-4231-9689-7b7408e879f5:172.17.0.2:42243], old=null, confs=<EMPTY_MAP>
2020-07-16 01:26:47,325 [pool-562-thread-1] INFO  server.RaftServerConfigKeys (ConfUtils.java:logGet(44)) - raft.server.storage.dir = [/github/workspace/mnt/ozone/hadoop-ozone/integration-test/target/test-dir/MiniOzoneClusterImpl-adff4ecb-6e1a-4bbe-b65d-469fb2d670c7/datanode-4/data/ratis] (custom)
2020-07-16 01:26:47,325 [pool-562-thread-1] INFO  server.RaftServerConfigKeys (ConfUtils.java:logGet(44)) - raft.server.log.corruption.policy = EXCEPTION (default)
2020-07-16 01:26:47,325 [pool-562-thread-1] INFO  storage.RaftStorageDirectory (RaftStorageDirectory.java:analyzeStorage(261)) - The storage directory /github/workspace/mnt/ozone/hadoop-ozone/integration-test/target/test-dir/MiniOzoneClusterImpl-adff4ecb-6e1a-4bbe-b65d-469fb2d670c7/datanode-4/data/ratis/db582ef7-e52b-4b17-b2a5-c12829981597 does not exist. Creating ...
2020-07-16 01:26:47,326 [pool-562-thread-1] INFO  storage.RaftStorageDirectory (RaftStorageDirectory.java:tryLock(343)) - Lock on /github/workspace/mnt/ozone/hadoop-ozone/integration-test/target/test-dir/MiniOzoneClusterImpl-adff4ecb-6e1a-4bbe-b65d-469fb2d670c7/datanode-4/data/ratis/db582ef7-e52b-4b17-b2a5-c12829981597/in_use.lock acquired by nodename 1306@3db59c8b2b88
2020-07-16 01:26:47,327 [pool-562-thread-1] INFO  storage.RaftStorage (RaftStorage.java:format(84)) - Storage directory /github/workspace/mnt/ozone/hadoop-ozone/integration-test/target/test-dir/MiniOzoneClusterImpl-adff4ecb-6e1a-4bbe-b65d-469fb2d670c7/datanode-4/data/ratis/db582ef7-e52b-4b17-b2a5-c12829981597 has been successfully formatted.
2020-07-16 01:26:47,327 [pool-562-thread-1] INFO  ratis.ContainerStateMachine (ContainerStateMachine.java:loadSnapshot(225)) - group-C12829981597: The snapshot info is null. Setting the last applied indexto:(t:0, i:~)
2020-07-16 01:26:47,327 [pool-562-thread-1] INFO  server.RaftServerConfigKeys (ConfUtils.java:logGet(44)) - raft.server.notification.no-leader.timeout = 60s (default)
2020-07-16 01:26:47,328 [pool-562-thread-1] INFO  server.RaftServerConfigKeys (ConfUtils.java:logGet(44)) - raft.server.log.use.memory = false (default)
2020-07-16 01:26:47,328 [pool-562-thread-1] INFO  server.RaftServerConfigKeys (ConfUtils.java:logGet(44)) - raft.server.log.purge.gap = 1000000 (custom)
2020-07-16 01:26:47,328 [pool-562-thread-1] INFO  server.RaftServerConfigKeys (ConfUtils.java:logGet(44)) - raft.server.log.appender.buffer.byte-limit = 33554432 (custom)
2020-07-16 01:26:47,328 [pool-562-thread-1] INFO  server.RaftServerConfigKeys (ConfUtils.java:logGet(44)) - raft.server.log.segment.size.max = 1048576 (custom)
2020-07-16 01:26:47,328 [pool-562-thread-1] INFO  metrics.RatisMetrics (RatisMetrics.java:lambda$create$0(36)) - Creating Metrics Registry : ratis.log_worker.a414d346-7008-4231-9689-7b7408e879f5@group-C12829981597
2020-07-16 01:26:47,328 [pool-562-thread-1] INFO  server.RaftServerConfigKeys (ConfUtils.java:logGet(44)) - raft.server.log.segment.cache.num.max = 2 (custom)
2020-07-16 01:26:47,328 [pool-562-thread-1] INFO  segmented.SegmentedRaftLogWorker (SegmentedRaftLogWorker.java:<init>(180)) - new a414d346-7008-4231-9689-7b7408e879f5@group-C12829981597-SegmentedRaftLogWorker for RaftStorage:Storage Directory /github/workspace/mnt/ozone/hadoop-ozone/integration-test/target/test-dir/MiniOzoneClusterImpl-adff4ecb-6e1a-4bbe-b65d-469fb2d670c7/datanode-4/data/ratis/db582ef7-e52b-4b17-b2a5-c12829981597
2020-07-16 01:26:47,328 [pool-562-thread-1] INFO  server.RaftServerConfigKeys (ConfUtils.java:logGet(44)) - raft.server.log.queue.byte-limit = 2147483647 (custom)
2020-07-16 01:26:47,329 [pool-562-thread-1] INFO  server.RaftServerConfigKeys (ConfUtils.java:logGet(44)) - raft.server.log.queue.element-limit = 1024 (custom)
2020-07-16 01:26:47,329 [pool-562-thread-1] INFO  server.RaftServerConfigKeys (ConfUtils.java:logGet(44)) - raft.server.log.segment.size.max = 1048576 (custom)
2020-07-16 01:26:47,329 [pool-562-thread-1] INFO  server.RaftServerConfigKeys (ConfUtils.java:logGet(44)) - raft.server.log.preallocated.size = 16384 (custom)
2020-07-16 01:26:47,329 [pool-562-thread-1] INFO  server.RaftServerConfigKeys (ConfUtils.java:logGet(44)) - raft.server.log.write.buffer.size = 1048576 (custom)
2020-07-16 01:26:47,329 [pool-562-thread-1] INFO  server.RaftServerConfigKeys (ConfUtils.java:logGet(44)) - raft.server.log.force.sync.num = 128 (default)
2020-07-16 01:26:47,329 [pool-562-thread-1] INFO  server.RaftServerConfigKeys (ConfUtils.java:logGet(44)) - raft.server.log.statemachine.data.sync = true (default)
2020-07-16 01:26:47,329 [pool-562-thread-1] INFO  server.RaftServerConfigKeys (ConfUtils.java:logGet(44)) - raft.server.log.statemachine.data.sync.timeout = 10s (default)
2020-07-16 01:26:47,329 [pool-562-thread-1] INFO  server.RaftServerConfigKeys (ConfUtils.java:logGet(44)) - raft.server.log.statemachine.data.sync.timeout.retry = -1 (default)
2020-07-16 01:26:47,331 [pool-562-thread-1] INFO  server.RaftServerConfigKeys (ConfUtils.java:logGet(44)) - raft.server.log.statemachine.data.caching.enabled = true (custom)
2020-07-16 01:26:47,332 [pool-562-thread-1] INFO  segmented.SegmentedRaftLogWorker (SegmentedRaftLogWorker.java:lambda$new$0(129)) - a414d346-7008-4231-9689-7b7408e879f5@group-C12829981597-SegmentedRaftLogWorker: flushIndex: setUnconditionally 0 -> -1
2020-07-16 01:26:47,332 [pool-562-thread-1] INFO  segmented.SegmentedRaftLogWorker (SegmentedRaftLogWorker.java:lambda$new$0(129)) - a414d346-7008-4231-9689-7b7408e879f5@group-C12829981597-SegmentedRaftLogWorker: safeCacheEvictIndex: setUnconditionally 0 -> -1
2020-07-16 01:26:47,332 [pool-562-thread-1] INFO  server.RaftServerConfigKeys (ConfUtils.java:logGet(44)) - raft.server.snapshot.auto.trigger.enabled = true (custom)
2020-07-16 01:26:47,332 [pool-562-thread-1] INFO  server.RaftServerConfigKeys (ConfUtils.java:logGet(44)) - raft.server.snapshot.auto.trigger.threshold = 10000 (custom)
2020-07-16 01:26:47,332 [pool-562-thread-1] INFO  server.RaftServerConfigKeys (ConfUtils.java:logGet(44)) - raft.server.snapshot.retention.file.num = 5 (custom)
2020-07-16 01:26:47,332 [pool-562-thread-1] INFO  server.RaftServerConfigKeys (ConfUtils.java:logGet(44)) - raft.server.log.purge.upto.snapshot.index = false (default)
2020-07-16 01:26:47,332 [pool-562-thread-1] INFO  server.RaftServerConfigKeys (ConfUtils.java:logGet(44)) - raft.server.retrycache.expirytime = 600000ms (custom)
2020-07-16 01:26:47,332 [pool-562-thread-1] INFO  metrics.RatisMetrics (RatisMetrics.java:lambda$create$0(36)) - Creating Metrics Registry : ratis.leader_election.a414d346-7008-4231-9689-7b7408e879f5@group-C12829981597
2020-07-16 01:26:47,333 [pool-562-thread-1] INFO  metrics.RatisMetrics (RatisMetrics.java:lambda$create$0(36)) - Creating Metrics Registry : ratis.server.a414d346-7008-4231-9689-7b7408e879f5@group-C12829981597
2020-07-16 01:26:47,334 [pool-562-thread-1] INFO  impl.RaftServerImpl (RaftServerImpl.java:start(186)) - a414d346-7008-4231-9689-7b7408e879f5@group-C12829981597: start as a follower, conf=-1: [fed8a10c-0e4b-4171-bc5f-6d130931510f:172.17.0.2:37911, 7c15857a-f8dc-49c7-a572-6b747cc796eb:172.17.0.2:34887, a414d346-7008-4231-9689-7b7408e879f5:172.17.0.2:42243], old=null
2020-07-16 01:26:47,334 [pool-562-thread-1] INFO  impl.RaftServerImpl (RaftServerImpl.java:setRole(175)) - a414d346-7008-4231-9689-7b7408e879f5@group-C12829981597: changes role from      null to FOLLOWER at term 0 for startAsFollower
2020-07-16 01:26:47,334 [pool-562-thread-1] INFO  impl.RoleInfo (RoleInfo.java:updateAndGet(143)) - a414d346-7008-4231-9689-7b7408e879f5: start FollowerState
2020-07-16 01:26:47,335 [pool-562-thread-1] INFO  util.JmxRegister (JmxRegister.java:tryRegister(44)) - Successfully registered JMX Bean with object name Ratis:service=RaftServer,group=group-C12829981597,id=a414d346-7008-4231-9689-7b7408e879f5
2020-07-16 01:26:47,335 [pool-562-thread-1] INFO  metrics.RatisMetrics (RatisMetrics.java:lambda$create$0(36)) - Creating Metrics Registry : ratis.state_machine.a414d346-7008-4231-9689-7b7408e879f5@group-C12829981597
2020-07-16 01:26:47,344 [grpc-default-executor-3] INFO  impl.RaftServerProxy (RaftServerProxy.java:addNew(89)) - 7c15857a-f8dc-49c7-a572-6b747cc796eb: addNew group-C12829981597:[fed8a10c-0e4b-4171-bc5f-6d130931510f:172.17.0.2:37911, 7c15857a-f8dc-49c7-a572-6b747cc796eb:172.17.0.2:34887, a414d346-7008-4231-9689-7b7408e879f5:172.17.0.2:42243] returns group-C12829981597:java.util.concurrent.CompletableFuture@79a6407d[Not completed]
2020-07-16 01:26:47,345 [pool-577-thread-1] INFO  impl.RaftServerImpl (RaftServerImpl.java:<init>(99)) - 7c15857a-f8dc-49c7-a572-6b747cc796eb: new RaftServerImpl for group-C12829981597:[fed8a10c-0e4b-4171-bc5f-6d130931510f:172.17.0.2:37911, 7c15857a-f8dc-49c7-a572-6b747cc796eb:172.17.0.2:34887, a414d346-7008-4231-9689-7b7408e879f5:172.17.0.2:42243] with ContainerStateMachine:uninitialized
2020-07-16 01:26:47,345 [pool-577-thread-1] INFO  server.RaftServerConfigKeys (ConfUtils.java:logGet(44)) - raft.server.rpc.timeout.min = 5s (custom)
2020-07-16 01:26:47,345 [pool-577-thread-1] INFO  server.RaftServerConfigKeys (ConfUtils.java:logGet(44)) - raft.server.rpc.timeout.max = 5200ms (custom)
2020-07-16 01:26:47,345 [pool-577-thread-1] INFO  server.RaftServerConfigKeys (ConfUtils.java:logGet(44)) - raft.server.rpcslowness.timeout = 300000ms (custom)
2020-07-16 01:26:47,345 [pool-577-thread-1] INFO  server.RaftServerConfigKeys (ConfUtils.java:logGet(44)) - raft.server.sleep.deviation.threshold = 300 (default)
2020-07-16 01:26:47,345 [pool-577-thread-1] INFO  server.RaftServerConfigKeys (ConfUtils.java:logGet(44)) - raft.server.log.appender.install.snapshot.enabled = false (custom)
2020-07-16 01:26:47,345 [pool-577-thread-1] INFO  impl.RaftServerImpl (ServerState.java:<init>(103)) - 7c15857a-f8dc-49c7-a572-6b747cc796eb@group-C12829981597: ConfigurationManager, init=-1: [fed8a10c-0e4b-4171-bc5f-6d130931510f:172.17.0.2:37911, 7c15857a-f8dc-49c7-a572-6b747cc796eb:172.17.0.2:34887, a414d346-7008-4231-9689-7b7408e879f5:172.17.0.2:42243], old=null, confs=<EMPTY_MAP>
2020-07-16 01:26:47,345 [pool-577-thread-1] INFO  server.RaftServerConfigKeys (ConfUtils.java:logGet(44)) - raft.server.storage.dir = [/github/workspace/mnt/ozone/hadoop-ozone/integration-test/target/test-dir/MiniOzoneClusterImpl-adff4ecb-6e1a-4bbe-b65d-469fb2d670c7/datanode-5/data/ratis] (custom)
2020-07-16 01:26:47,345 [pool-577-thread-1] INFO  server.RaftServerConfigKeys (ConfUtils.java:logGet(44)) - raft.server.log.corruption.policy = EXCEPTION (default)
2020-07-16 01:26:47,346 [pool-577-thread-1] INFO  storage.RaftStorageDirectory (RaftStorageDirectory.java:analyzeStorage(261)) - The storage directory /github/workspace/mnt/ozone/hadoop-ozone/integration-test/target/test-dir/MiniOzoneClusterImpl-adff4ecb-6e1a-4bbe-b65d-469fb2d670c7/datanode-5/data/ratis/db582ef7-e52b-4b17-b2a5-c12829981597 does not exist. Creating ...
2020-07-16 01:26:47,346 [pool-577-thread-1] INFO  storage.RaftStorageDirectory (RaftStorageDirectory.java:tryLock(343)) - Lock on /github/workspace/mnt/ozone/hadoop-ozone/integration-test/target/test-dir/MiniOzoneClusterImpl-adff4ecb-6e1a-4bbe-b65d-469fb2d670c7/datanode-5/data/ratis/db582ef7-e52b-4b17-b2a5-c12829981597/in_use.lock acquired by nodename 1306@3db59c8b2b88
2020-07-16 01:26:47,347 [pool-577-thread-1] INFO  storage.RaftStorage (RaftStorage.java:format(84)) - Storage directory /github/workspace/mnt/ozone/hadoop-ozone/integration-test/target/test-dir/MiniOzoneClusterImpl-adff4ecb-6e1a-4bbe-b65d-469fb2d670c7/datanode-5/data/ratis/db582ef7-e52b-4b17-b2a5-c12829981597 has been successfully formatted.
2020-07-16 01:26:47,348 [pool-577-thread-1] INFO  ratis.ContainerStateMachine (ContainerStateMachine.java:loadSnapshot(225)) - group-C12829981597: The snapshot info is null. Setting the last applied indexto:(t:0, i:~)
2020-07-16 01:26:47,348 [pool-577-thread-1] INFO  server.RaftServerConfigKeys (ConfUtils.java:logGet(44)) - raft.server.notification.no-leader.timeout = 60s (default)
2020-07-16 01:26:47,348 [pool-577-thread-1] INFO  server.RaftServerConfigKeys (ConfUtils.java:logGet(44)) - raft.server.log.use.memory = false (default)
2020-07-16 01:26:47,348 [pool-577-thread-1] INFO  server.RaftServerConfigKeys (ConfUtils.java:logGet(44)) - raft.server.log.purge.gap = 1000000 (custom)
2020-07-16 01:26:47,348 [pool-577-thread-1] INFO  server.RaftServerConfigKeys (ConfUtils.java:logGet(44)) - raft.server.log.appender.buffer.byte-limit = 33554432 (custom)
2020-07-16 01:26:47,349 [pool-577-thread-1] INFO  server.RaftServerConfigKeys (ConfUtils.java:logGet(44)) - raft.server.log.segment.size.max = 1048576 (custom)
2020-07-16 01:26:47,349 [pool-577-thread-1] INFO  metrics.RatisMetrics (RatisMetrics.java:lambda$create$0(36)) - Creating Metrics Registry : ratis.log_worker.7c15857a-f8dc-49c7-a572-6b747cc796eb@group-C12829981597
2020-07-16 01:26:47,349 [pool-577-thread-1] INFO  server.RaftServerConfigKeys (ConfUtils.java:logGet(44)) - raft.server.log.segment.cache.num.max = 2 (custom)
2020-07-16 01:26:47,349 [pool-577-thread-1] INFO  segmented.SegmentedRaftLogWorker (SegmentedRaftLogWorker.java:<init>(180)) - new 7c15857a-f8dc-49c7-a572-6b747cc796eb@group-C12829981597-SegmentedRaftLogWorker for RaftStorage:Storage Directory /github/workspace/mnt/ozone/hadoop-ozone/integration-test/target/test-dir/MiniOzoneClusterImpl-adff4ecb-6e1a-4bbe-b65d-469fb2d670c7/datanode-5/data/ratis/db582ef7-e52b-4b17-b2a5-c12829981597
2020-07-16 01:26:47,349 [pool-577-thread-1] INFO  server.RaftServerConfigKeys (ConfUtils.java:logGet(44)) - raft.server.log.queue.byte-limit = 2147483647 (custom)
2020-07-16 01:26:47,349 [pool-577-thread-1] INFO  server.RaftServerConfigKeys (ConfUtils.java:logGet(44)) - raft.server.log.queue.element-limit = 1024 (custom)
2020-07-16 01:26:47,349 [pool-577-thread-1] INFO  server.RaftServerConfigKeys (ConfUtils.java:logGet(44)) - raft.server.log.segment.size.max = 1048576 (custom)
2020-07-16 01:26:47,349 [pool-577-thread-1] INFO  server.RaftServerConfigKeys (ConfUtils.java:logGet(44)) - raft.server.log.preallocated.size = 16384 (custom)
2020-07-16 01:26:47,349 [pool-577-thread-1] INFO  server.RaftServerConfigKeys (ConfUtils.java:logGet(44)) - raft.server.log.write.buffer.size = 1048576 (custom)
2020-07-16 01:26:47,349 [pool-577-thread-1] INFO  server.RaftServerConfigKeys (ConfUtils.java:logGet(44)) - raft.server.log.force.sync.num = 128 (default)
2020-07-16 01:26:47,349 [pool-577-thread-1] INFO  server.RaftServerConfigKeys (ConfUtils.java:logGet(44)) - raft.server.log.statemachine.data.sync = true (default)
2020-07-16 01:26:47,350 [pool-577-thread-1] INFO  server.RaftServerConfigKeys (ConfUtils.java:logGet(44)) - raft.server.log.statemachine.data.sync.timeout = 10s (default)
2020-07-16 01:26:47,350 [pool-577-thread-1] INFO  server.RaftServerConfigKeys (ConfUtils.java:logGet(44)) - raft.server.log.statemachine.data.sync.timeout.retry = -1 (default)
2020-07-16 01:26:47,351 [pool-577-thread-1] INFO  server.RaftServerConfigKeys (ConfUtils.java:logGet(44)) - raft.server.log.statemachine.data.caching.enabled = true (custom)
2020-07-16 01:26:47,352 [pool-577-thread-1] INFO  segmented.SegmentedRaftLogWorker (SegmentedRaftLogWorker.java:lambda$new$0(129)) - 7c15857a-f8dc-49c7-a572-6b747cc796eb@group-C12829981597-SegmentedRaftLogWorker: flushIndex: setUnconditionally 0 -> -1
2020-07-16 01:26:47,352 [pool-577-thread-1] INFO  segmented.SegmentedRaftLogWorker (SegmentedRaftLogWorker.java:lambda$new$0(129)) - 7c15857a-f8dc-49c7-a572-6b747cc796eb@group-C12829981597-SegmentedRaftLogWorker: safeCacheEvictIndex: setUnconditionally 0 -> -1
2020-07-16 01:26:47,352 [pool-577-thread-1] INFO  server.RaftServerConfigKeys (ConfUtils.java:logGet(44)) - raft.server.snapshot.auto.trigger.enabled = true (custom)
2020-07-16 01:26:47,352 [pool-577-thread-1] INFO  server.RaftServerConfigKeys (ConfUtils.java:logGet(44)) - raft.server.snapshot.auto.trigger.threshold = 10000 (custom)
2020-07-16 01:26:47,352 [pool-577-thread-1] INFO  server.RaftServerConfigKeys (ConfUtils.java:logGet(44)) - raft.server.snapshot.retention.file.num = 5 (custom)
2020-07-16 01:26:47,352 [pool-577-thread-1] INFO  server.RaftServerConfigKeys (ConfUtils.java:logGet(44)) - raft.server.log.purge.upto.snapshot.index = false (default)
2020-07-16 01:26:47,352 [pool-577-thread-1] INFO  server.RaftServerConfigKeys (ConfUtils.java:logGet(44)) - raft.server.retrycache.expirytime = 600000ms (custom)
2020-07-16 01:26:47,352 [pool-577-thread-1] INFO  metrics.RatisMetrics (RatisMetrics.java:lambda$create$0(36)) - Creating Metrics Registry : ratis.leader_election.7c15857a-f8dc-49c7-a572-6b747cc796eb@group-C12829981597
2020-07-16 01:26:47,353 [pool-577-thread-1] INFO  metrics.RatisMetrics (RatisMetrics.java:lambda$create$0(36)) - Creating Metrics Registry : ratis.server.7c15857a-f8dc-49c7-a572-6b747cc796eb@group-C12829981597
2020-07-16 01:26:47,354 [pool-577-thread-1] INFO  impl.RaftServerImpl (RaftServerImpl.java:start(186)) - 7c15857a-f8dc-49c7-a572-6b747cc796eb@group-C12829981597: start as a follower, conf=-1: [fed8a10c-0e4b-4171-bc5f-6d130931510f:172.17.0.2:37911, 7c15857a-f8dc-49c7-a572-6b747cc796eb:172.17.0.2:34887, a414d346-7008-4231-9689-7b7408e879f5:172.17.0.2:42243], old=null
2020-07-16 01:26:47,354 [pool-577-thread-1] INFO  impl.RaftServerImpl (RaftServerImpl.java:setRole(175)) - 7c15857a-f8dc-49c7-a572-6b747cc796eb@group-C12829981597: changes role from      null to FOLLOWER at term 0 for startAsFollower
2020-07-16 01:26:47,354 [pool-577-thread-1] INFO  impl.RoleInfo (RoleInfo.java:updateAndGet(143)) - 7c15857a-f8dc-49c7-a572-6b747cc796eb: start FollowerState
2020-07-16 01:26:47,354 [pool-577-thread-1] INFO  util.JmxRegister (JmxRegister.java:tryRegister(44)) - Successfully registered JMX Bean with object name Ratis:service=RaftServer,group=group-C12829981597,id=7c15857a-f8dc-49c7-a572-6b747cc796eb
2020-07-16 01:26:47,355 [pool-577-thread-1] INFO  metrics.RatisMetrics (RatisMetrics.java:lambda$create$0(36)) - Creating Metrics Registry : ratis.state_machine.7c15857a-f8dc-49c7-a572-6b747cc796eb@group-C12829981597
2020-07-16 01:26:47,359 [Command processor thread] INFO  commandhandler.CreatePipelineCommandHandler (CreatePipelineCommandHandler.java:handle(109)) - Created Pipeline RATIS THREE #id: "db582ef7-e52b-4b17-b2a5-c12829981597"
uuid128 {
  mostSigBits: -2641309539216176361
  leastSigBits: -5573836585560435305
}
.
2020-07-16 01:26:47,406 [Command processor thread] INFO  impl.RaftServerProxy (RaftServerProxy.java:addNew(89)) - a414d346-7008-4231-9689-7b7408e879f5: addNew group-0EF3FD2FAE6C:[a414d346-7008-4231-9689-7b7408e879f5:172.17.0.2:42243] returns group-0EF3FD2FAE6C:java.util.concurrent.CompletableFuture@1e0e5b1b[Not completed]
2020-07-16 01:26:47,407 [pool-562-thread-1] INFO  impl.RaftServerImpl (RaftServerImpl.java:<init>(99)) - a414d346-7008-4231-9689-7b7408e879f5: new RaftServerImpl for group-0EF3FD2FAE6C:[a414d346-7008-4231-9689-7b7408e879f5:172.17.0.2:42243] with ContainerStateMachine:uninitialized
2020-07-16 01:26:47,407 [pool-562-thread-1] INFO  server.RaftServerConfigKeys (ConfUtils.java:logGet(44)) - raft.server.rpc.timeout.min = 5s (custom)
2020-07-16 01:26:47,407 [pool-562-thread-1] INFO  server.RaftServerConfigKeys (ConfUtils.java:logGet(44)) - raft.server.rpc.timeout.max = 5200ms (custom)
2020-07-16 01:26:47,407 [pool-562-thread-1] INFO  server.RaftServerConfigKeys (ConfUtils.java:logGet(44)) - raft.server.rpcslowness.timeout = 300000ms (custom)
2020-07-16 01:26:47,407 [pool-562-thread-1] INFO  server.RaftServerConfigKeys (ConfUtils.java:logGet(44)) - raft.server.sleep.deviation.threshold = 300 (default)
2020-07-16 01:26:47,407 [pool-562-thread-1] INFO  server.RaftServerConfigKeys (ConfUtils.java:logGet(44)) - raft.server.log.appender.install.snapshot.enabled = false (custom)
2020-07-16 01:26:47,407 [pool-562-thread-1] INFO  impl.RaftServerImpl (ServerState.java:<init>(103)) - a414d346-7008-4231-9689-7b7408e879f5@group-0EF3FD2FAE6C: ConfigurationManager, init=-1: [a414d346-7008-4231-9689-7b7408e879f5:172.17.0.2:42243], old=null, confs=<EMPTY_MAP>
2020-07-16 01:26:47,407 [pool-562-thread-1] INFO  server.RaftServerConfigKeys (ConfUtils.java:logGet(44)) - raft.server.storage.dir = [/github/workspace/mnt/ozone/hadoop-ozone/integration-test/target/test-dir/MiniOzoneClusterImpl-adff4ecb-6e1a-4bbe-b65d-469fb2d670c7/datanode-4/data/ratis] (custom)
2020-07-16 01:26:47,408 [pool-562-thread-1] INFO  server.RaftServerConfigKeys (ConfUtils.java:logGet(44)) - raft.server.log.corruption.policy = EXCEPTION (default)
2020-07-16 01:26:47,408 [pool-562-thread-1] INFO  storage.RaftStorageDirectory (RaftStorageDirectory.java:analyzeStorage(261)) - The storage directory /github/workspace/mnt/ozone/hadoop-ozone/integration-test/target/test-dir/MiniOzoneClusterImpl-adff4ecb-6e1a-4bbe-b65d-469fb2d670c7/datanode-4/data/ratis/86b00566-f910-465b-b3d1-0ef3fd2fae6c does not exist. Creating ...
2020-07-16 01:26:47,409 [pool-562-thread-1] INFO  storage.RaftStorageDirectory (RaftStorageDirectory.java:tryLock(343)) - Lock on /github/workspace/mnt/ozone/hadoop-ozone/integration-test/target/test-dir/MiniOzoneClusterImpl-adff4ecb-6e1a-4bbe-b65d-469fb2d670c7/datanode-4/data/ratis/86b00566-f910-465b-b3d1-0ef3fd2fae6c/in_use.lock acquired by nodename 1306@3db59c8b2b88
2020-07-16 01:26:47,410 [pool-562-thread-1] INFO  storage.RaftStorage (RaftStorage.java:format(84)) - Storage directory /github/workspace/mnt/ozone/hadoop-ozone/integration-test/target/test-dir/MiniOzoneClusterImpl-adff4ecb-6e1a-4bbe-b65d-469fb2d670c7/datanode-4/data/ratis/86b00566-f910-465b-b3d1-0ef3fd2fae6c has been successfully formatted.
2020-07-16 01:26:47,411 [pool-562-thread-1] INFO  ratis.ContainerStateMachine (ContainerStateMachine.java:loadSnapshot(225)) - group-0EF3FD2FAE6C: The snapshot info is null. Setting the last applied indexto:(t:0, i:~)
2020-07-16 01:26:47,411 [pool-562-thread-1] INFO  server.RaftServerConfigKeys (ConfUtils.java:logGet(44)) - raft.server.notification.no-leader.timeout = 60s (default)
2020-07-16 01:26:47,411 [pool-562-thread-1] INFO  server.RaftServerConfigKeys (ConfUtils.java:logGet(44)) - raft.server.log.use.memory = false (default)
2020-07-16 01:26:47,411 [EventQueue-PipelineReportForPipelineReportHandler] INFO  pipeline.PipelineStateManager (PipelineStateManager.java:openPipeline(131)) - Pipeline Pipeline[ Id: 86b00566-f910-465b-b3d1-0ef3fd2fae6c, Nodes: a414d346-7008-4231-9689-7b7408e879f5{ip: 172.17.0.2, host: 3db59c8b2b88, networkLocation: /default-rack, certSerialId: null}, Type:RATIS, Factor:ONE, State:ALLOCATED, leaderId:a414d346-7008-4231-9689-7b7408e879f5, CreationTimestamp2020-07-16T01:26:44.409Z] moved to OPEN state
2020-07-16 01:26:47,411 [pool-562-thread-1] INFO  server.RaftServerConfigKeys (ConfUtils.java:logGet(44)) - raft.server.log.purge.gap = 1000000 (custom)
2020-07-16 01:26:47,412 [EventQueue-OpenPipelineForHealthyPipelineSafeModeRule] INFO  safemode.SCMSafeModeManager (HealthyPipelineSafeModeRule.java:process(129)) - SCM in safe mode. Healthy pipelines reported count is 0, required healthy pipeline reported count is 1
2020-07-16 01:26:47,412 [pool-562-thread-1] INFO  server.RaftServerConfigKeys (ConfUtils.java:logGet(44)) - raft.server.log.appender.buffer.byte-limit = 33554432 (custom)
2020-07-16 01:26:47,412 [EventQueue-OpenPipelineForOneReplicaPipelineSafeModeRule] INFO  safemode.SCMSafeModeManager (SCMSafeModeManager.java:validateSafeModeExitRules(214)) - AtleastOneDatanodeReportedRule rule is successfully validated
2020-07-16 01:26:47,412 [pool-562-thread-1] INFO  server.RaftServerConfigKeys (ConfUtils.java:logGet(44)) - raft.server.log.segment.size.max = 1048576 (custom)
2020-07-16 01:26:47,412 [pool-562-thread-1] INFO  metrics.RatisMetrics (RatisMetrics.java:lambda$create$0(36)) - Creating Metrics Registry : ratis.log_worker.a414d346-7008-4231-9689-7b7408e879f5@group-0EF3FD2FAE6C
2020-07-16 01:26:47,413 [pool-562-thread-1] INFO  server.RaftServerConfigKeys (ConfUtils.java:logGet(44)) - raft.server.log.segment.cache.num.max = 2 (custom)
2020-07-16 01:26:47,413 [pool-562-thread-1] INFO  segmented.SegmentedRaftLogWorker (SegmentedRaftLogWorker.java:<init>(180)) - new a414d346-7008-4231-9689-7b7408e879f5@group-0EF3FD2FAE6C-SegmentedRaftLogWorker for RaftStorage:Storage Directory /github/workspace/mnt/ozone/hadoop-ozone/integration-test/target/test-dir/MiniOzoneClusterImpl-adff4ecb-6e1a-4bbe-b65d-469fb2d670c7/datanode-4/data/ratis/86b00566-f910-465b-b3d1-0ef3fd2fae6c
2020-07-16 01:26:47,413 [pool-562-thread-1] INFO  server.RaftServerConfigKeys (ConfUtils.java:logGet(44)) - raft.server.log.queue.byte-limit = 2147483647 (custom)
2020-07-16 01:26:47,413 [pool-562-thread-1] INFO  server.RaftServerConfigKeys (ConfUtils.java:logGet(44)) - raft.server.log.queue.element-limit = 1024 (custom)
2020-07-16 01:26:47,413 [pool-562-thread-1] INFO  server.RaftServerConfigKeys (ConfUtils.java:logGet(44)) - raft.server.log.segment.size.max = 1048576 (custom)
2020-07-16 01:26:47,413 [pool-562-thread-1] INFO  server.RaftServerConfigKeys (ConfUtils.java:logGet(44)) - raft.server.log.preallocated.size = 16384 (custom)
2020-07-16 01:26:47,413 [pool-562-thread-1] INFO  server.RaftServerConfigKeys (ConfUtils.java:logGet(44)) - raft.server.log.write.buffer.size = 1048576 (custom)
2020-07-16 01:26:47,413 [pool-562-thread-1] INFO  server.RaftServerConfigKeys (ConfUtils.java:logGet(44)) - raft.server.log.force.sync.num = 128 (default)
2020-07-16 01:26:47,413 [pool-562-thread-1] INFO  server.RaftServerConfigKeys (ConfUtils.java:logGet(44)) - raft.server.log.statemachine.data.sync = true (default)
2020-07-16 01:26:47,413 [pool-562-thread-1] INFO  server.RaftServerConfigKeys (ConfUtils.java:logGet(44)) - raft.server.log.statemachine.data.sync.timeout = 10s (default)
2020-07-16 01:26:47,414 [pool-562-thread-1] INFO  server.RaftServerConfigKeys (ConfUtils.java:logGet(44)) - raft.server.log.statemachine.data.sync.timeout.retry = -1 (default)
2020-07-16 01:26:47,417 [pool-562-thread-1] INFO  server.RaftServerConfigKeys (ConfUtils.java:logGet(44)) - raft.server.log.statemachine.data.caching.enabled = true (custom)
2020-07-16 01:26:47,417 [pool-562-thread-1] INFO  segmented.SegmentedRaftLogWorker (SegmentedRaftLogWorker.java:lambda$new$0(129)) - a414d346-7008-4231-9689-7b7408e879f5@group-0EF3FD2FAE6C-SegmentedRaftLogWorker: flushIndex: setUnconditionally 0 -> -1
2020-07-16 01:26:47,417 [pool-562-thread-1] INFO  segmented.SegmentedRaftLogWorker (SegmentedRaftLogWorker.java:lambda$new$0(129)) - a414d346-7008-4231-9689-7b7408e879f5@group-0EF3FD2FAE6C-SegmentedRaftLogWorker: safeCacheEvictIndex: setUnconditionally 0 -> -1
2020-07-16 01:26:47,417 [pool-562-thread-1] INFO  server.RaftServerConfigKeys (ConfUtils.java:logGet(44)) - raft.server.snapshot.auto.trigger.enabled = true (custom)
2020-07-16 01:26:47,417 [pool-562-thread-1] INFO  server.RaftServerConfigKeys (ConfUtils.java:logGet(44)) - raft.server.snapshot.auto.trigger.threshold = 10000 (custom)
2020-07-16 01:26:47,417 [pool-562-thread-1] INFO  server.RaftServerConfigKeys (ConfUtils.java:logGet(44)) - raft.server.snapshot.retention.file.num = 5 (custom)
2020-07-16 01:26:47,417 [pool-562-thread-1] INFO  server.RaftServerConfigKeys (ConfUtils.java:logGet(44)) - raft.server.log.purge.upto.snapshot.index = false (default)
2020-07-16 01:26:47,417 [pool-562-thread-1] INFO  server.RaftServerConfigKeys (ConfUtils.java:logGet(44)) - raft.server.retrycache.expirytime = 600000ms (custom)
2020-07-16 01:26:47,418 [pool-562-thread-1] INFO  metrics.RatisMetrics (RatisMetrics.java:lambda$create$0(36)) - Creating Metrics Registry : ratis.leader_election.a414d346-7008-4231-9689-7b7408e879f5@group-0EF3FD2FAE6C
2020-07-16 01:26:47,418 [pool-562-thread-1] INFO  metrics.RatisMetrics (RatisMetrics.java:lambda$create$0(36)) - Creating Metrics Registry : ratis.server.a414d346-7008-4231-9689-7b7408e879f5@group-0EF3FD2FAE6C
2020-07-16 01:26:47,420 [pool-562-thread-1] INFO  impl.RaftServerImpl (RaftServerImpl.java:start(186)) - a414d346-7008-4231-9689-7b7408e879f5@group-0EF3FD2FAE6C: start as a follower, conf=-1: [a414d346-7008-4231-9689-7b7408e879f5:172.17.0.2:42243], old=null
2020-07-16 01:26:47,420 [pool-562-thread-1] INFO  impl.RaftServerImpl (RaftServerImpl.java:setRole(175)) - a414d346-7008-4231-9689-7b7408e879f5@group-0EF3FD2FAE6C: changes role from      null to FOLLOWER at term 0 for startAsFollower
2020-07-16 01:26:47,420 [pool-562-thread-1] INFO  impl.RoleInfo (RoleInfo.java:updateAndGet(143)) - a414d346-7008-4231-9689-7b7408e879f5: start FollowerState
2020-07-16 01:26:47,420 [pool-562-thread-1] INFO  util.JmxRegister (JmxRegister.java:tryRegister(44)) - Successfully registered JMX Bean with object name Ratis:service=RaftServer,group=group-0EF3FD2FAE6C,id=a414d346-7008-4231-9689-7b7408e879f5
2020-07-16 01:26:47,420 [pool-562-thread-1] INFO  metrics.RatisMetrics (RatisMetrics.java:lambda$create$0(36)) - Creating Metrics Registry : ratis.state_machine.a414d346-7008-4231-9689-7b7408e879f5@group-0EF3FD2FAE6C
2020-07-16 01:26:47,421 [Command processor thread] INFO  commandhandler.CreatePipelineCommandHandler (CreatePipelineCommandHandler.java:handle(109)) - Created Pipeline RATIS ONE #id: "86b00566-f910-465b-b3d1-0ef3fd2fae6c"
uuid128 {
  mostSigBits: -8741480936902736293
  leastSigBits: -5489590029700321684
}
.
2020-07-16 01:26:47,518 [Command processor thread] INFO  impl.RaftServerProxy (RaftServerProxy.java:addNew(89)) - 7c15857a-f8dc-49c7-a572-6b747cc796eb: addNew group-1B43FDCFA3E2:[7c15857a-f8dc-49c7-a572-6b747cc796eb:172.17.0.2:34887] returns group-1B43FDCFA3E2:java.util.concurrent.CompletableFuture@840db3f[Not completed]
2020-07-16 01:26:47,518 [pool-577-thread-1] INFO  impl.RaftServerImpl (RaftServerImpl.java:<init>(99)) - 7c15857a-f8dc-49c7-a572-6b747cc796eb: new RaftServerImpl for group-1B43FDCFA3E2:[7c15857a-f8dc-49c7-a572-6b747cc796eb:172.17.0.2:34887] with ContainerStateMachine:uninitialized
2020-07-16 01:26:47,519 [pool-577-thread-1] INFO  server.RaftServerConfigKeys (ConfUtils.java:logGet(44)) - raft.server.rpc.timeout.min = 5s (custom)
2020-07-16 01:26:47,519 [pool-577-thread-1] INFO  server.RaftServerConfigKeys (ConfUtils.java:logGet(44)) - raft.server.rpc.timeout.max = 5200ms (custom)
2020-07-16 01:26:47,519 [pool-577-thread-1] INFO  server.RaftServerConfigKeys (ConfUtils.java:logGet(44)) - raft.server.rpcslowness.timeout = 300000ms (custom)
2020-07-16 01:26:47,519 [pool-577-thread-1] INFO  server.RaftServerConfigKeys (ConfUtils.java:logGet(44)) - raft.server.sleep.deviation.threshold = 300 (default)
2020-07-16 01:26:47,519 [pool-577-thread-1] INFO  server.RaftServerConfigKeys (ConfUtils.java:logGet(44)) - raft.server.log.appender.install.snapshot.enabled = false (custom)
2020-07-16 01:26:47,519 [pool-577-thread-1] INFO  impl.RaftServerImpl (ServerState.java:<init>(103)) - 7c15857a-f8dc-49c7-a572-6b747cc796eb@group-1B43FDCFA3E2: ConfigurationManager, init=-1: [7c15857a-f8dc-49c7-a572-6b747cc796eb:172.17.0.2:34887], old=null, confs=<EMPTY_MAP>
2020-07-16 01:26:47,519 [pool-577-thread-1] INFO  server.RaftServerConfigKeys (ConfUtils.java:logGet(44)) - raft.server.storage.dir = [/github/workspace/mnt/ozone/hadoop-ozone/integration-test/target/test-dir/MiniOzoneClusterImpl-adff4ecb-6e1a-4bbe-b65d-469fb2d670c7/datanode-5/data/ratis] (custom)
2020-07-16 01:26:47,519 [pool-577-thread-1] INFO  server.RaftServerConfigKeys (ConfUtils.java:logGet(44)) - raft.server.log.corruption.policy = EXCEPTION (default)
2020-07-16 01:26:47,519 [pool-577-thread-1] INFO  storage.RaftStorageDirectory (RaftStorageDirectory.java:analyzeStorage(261)) - The storage directory /github/workspace/mnt/ozone/hadoop-ozone/integration-test/target/test-dir/MiniOzoneClusterImpl-adff4ecb-6e1a-4bbe-b65d-469fb2d670c7/datanode-5/data/ratis/036f1045-6f09-4d1e-8536-1b43fdcfa3e2 does not exist. Creating ...
2020-07-16 01:26:47,521 [pool-577-thread-1] INFO  storage.RaftStorageDirectory (RaftStorageDirectory.java:tryLock(343)) - Lock on /github/workspace/mnt/ozone/hadoop-ozone/integration-test/target/test-dir/MiniOzoneClusterImpl-adff4ecb-6e1a-4bbe-b65d-469fb2d670c7/datanode-5/data/ratis/036f1045-6f09-4d1e-8536-1b43fdcfa3e2/in_use.lock acquired by nodename 1306@3db59c8b2b88
2020-07-16 01:26:47,522 [pool-577-thread-1] INFO  storage.RaftStorage (RaftStorage.java:format(84)) - Storage directory /github/workspace/mnt/ozone/hadoop-ozone/integration-test/target/test-dir/MiniOzoneClusterImpl-adff4ecb-6e1a-4bbe-b65d-469fb2d670c7/datanode-5/data/ratis/036f1045-6f09-4d1e-8536-1b43fdcfa3e2 has been successfully formatted.
2020-07-16 01:26:47,522 [pool-577-thread-1] INFO  ratis.ContainerStateMachine (ContainerStateMachine.java:loadSnapshot(225)) - group-1B43FDCFA3E2: The snapshot info is null. Setting the last applied indexto:(t:0, i:~)
2020-07-16 01:26:47,522 [pool-577-thread-1] INFO  server.RaftServerConfigKeys (ConfUtils.java:logGet(44)) - raft.server.notification.no-leader.timeout = 60s (default)
2020-07-16 01:26:47,522 [pool-577-thread-1] INFO  server.RaftServerConfigKeys (ConfUtils.java:logGet(44)) - raft.server.log.use.memory = false (default)
2020-07-16 01:26:47,522 [pool-577-thread-1] INFO  server.RaftServerConfigKeys (ConfUtils.java:logGet(44)) - raft.server.log.purge.gap = 1000000 (custom)
2020-07-16 01:26:47,522 [pool-577-thread-1] INFO  server.RaftServerConfigKeys (ConfUtils.java:logGet(44)) - raft.server.log.appender.buffer.byte-limit = 33554432 (custom)
2020-07-16 01:26:47,522 [pool-577-thread-1] INFO  server.RaftServerConfigKeys (ConfUtils.java:logGet(44)) - raft.server.log.segment.size.max = 1048576 (custom)
2020-07-16 01:26:47,522 [pool-577-thread-1] INFO  metrics.RatisMetrics (RatisMetrics.java:lambda$create$0(36)) - Creating Metrics Registry : ratis.log_worker.7c15857a-f8dc-49c7-a572-6b747cc796eb@group-1B43FDCFA3E2
2020-07-16 01:26:47,523 [pool-577-thread-1] INFO  server.RaftServerConfigKeys (ConfUtils.java:logGet(44)) - raft.server.log.segment.cache.num.max = 2 (custom)
2020-07-16 01:26:47,523 [pool-577-thread-1] INFO  segmented.SegmentedRaftLogWorker (SegmentedRaftLogWorker.java:<init>(180)) - new 7c15857a-f8dc-49c7-a572-6b747cc796eb@group-1B43FDCFA3E2-SegmentedRaftLogWorker for RaftStorage:Storage Directory /github/workspace/mnt/ozone/hadoop-ozone/integration-test/target/test-dir/MiniOzoneClusterImpl-adff4ecb-6e1a-4bbe-b65d-469fb2d670c7/datanode-5/data/ratis/036f1045-6f09-4d1e-8536-1b43fdcfa3e2
2020-07-16 01:26:47,523 [EventQueue-PipelineReportForPipelineReportHandler] INFO  pipeline.PipelineStateManager (PipelineStateManager.java:openPipeline(131)) - Pipeline Pipeline[ Id: 036f1045-6f09-4d1e-8536-1b43fdcfa3e2, Nodes: 7c15857a-f8dc-49c7-a572-6b747cc796eb{ip: 172.17.0.2, host: 3db59c8b2b88, networkLocation: /default-rack, certSerialId: null}, Type:RATIS, Factor:ONE, State:ALLOCATED, leaderId:7c15857a-f8dc-49c7-a572-6b747cc796eb, CreationTimestamp2020-07-16T01:26:44.520Z] moved to OPEN state
2020-07-16 01:26:47,523 [EventQueue-OpenPipelineForOneReplicaPipelineSafeModeRule] INFO  safemode.SCMSafeModeManager (SCMSafeModeManager.java:validateSafeModeExitRules(214)) - AtleastOneDatanodeReportedRule rule is successfully validated
2020-07-16 01:26:47,523 [EventQueue-OpenPipelineForHealthyPipelineSafeModeRule] INFO  safemode.SCMSafeModeManager (HealthyPipelineSafeModeRule.java:process(129)) - SCM in safe mode. Healthy pipelines reported count is 0, required healthy pipeline reported count is 1
2020-07-16 01:26:47,523 [pool-577-thread-1] INFO  server.RaftServerConfigKeys (ConfUtils.java:logGet(44)) - raft.server.log.queue.byte-limit = 2147483647 (custom)
2020-07-16 01:26:47,523 [pool-577-thread-1] INFO  server.RaftServerConfigKeys (ConfUtils.java:logGet(44)) - raft.server.log.queue.element-limit = 1024 (custom)
2020-07-16 01:26:47,523 [pool-577-thread-1] INFO  server.RaftServerConfigKeys (ConfUtils.java:logGet(44)) - raft.server.log.segment.size.max = 1048576 (custom)
2020-07-16 01:26:47,523 [pool-577-thread-1] INFO  server.RaftServerConfigKeys (ConfUtils.java:logGet(44)) - raft.server.log.preallocated.size = 16384 (custom)
2020-07-16 01:26:47,523 [pool-577-thread-1] INFO  server.RaftServerConfigKeys (ConfUtils.java:logGet(44)) - raft.server.log.write.buffer.size = 1048576 (custom)
2020-07-16 01:26:47,523 [pool-577-thread-1] INFO  server.RaftServerConfigKeys (ConfUtils.java:logGet(44)) - raft.server.log.force.sync.num = 128 (default)
2020-07-16 01:26:47,524 [pool-577-thread-1] INFO  server.RaftServerConfigKeys (ConfUtils.java:logGet(44)) - raft.server.log.statemachine.data.sync = true (default)
2020-07-16 01:26:47,524 [pool-577-thread-1] INFO  server.RaftServerConfigKeys (ConfUtils.java:logGet(44)) - raft.server.log.statemachine.data.sync.timeout = 10s (default)
2020-07-16 01:26:47,524 [pool-577-thread-1] INFO  server.RaftServerConfigKeys (ConfUtils.java:logGet(44)) - raft.server.log.statemachine.data.sync.timeout.retry = -1 (default)
2020-07-16 01:26:47,525 [pool-577-thread-1] INFO  server.RaftServerConfigKeys (ConfUtils.java:logGet(44)) - raft.server.log.statemachine.data.caching.enabled = true (custom)
2020-07-16 01:26:47,526 [pool-577-thread-1] INFO  segmented.SegmentedRaftLogWorker (SegmentedRaftLogWorker.java:lambda$new$0(129)) - 7c15857a-f8dc-49c7-a572-6b747cc796eb@group-1B43FDCFA3E2-SegmentedRaftLogWorker: flushIndex: setUnconditionally 0 -> -1
2020-07-16 01:26:47,526 [pool-577-thread-1] INFO  segmented.SegmentedRaftLogWorker (SegmentedRaftLogWorker.java:lambda$new$0(129)) - 7c15857a-f8dc-49c7-a572-6b747cc796eb@group-1B43FDCFA3E2-SegmentedRaftLogWorker: safeCacheEvictIndex: setUnconditionally 0 -> -1
2020-07-16 01:26:47,526 [pool-577-thread-1] INFO  server.RaftServerConfigKeys (ConfUtils.java:logGet(44)) - raft.server.snapshot.auto.trigger.enabled = true (custom)
2020-07-16 01:26:47,526 [pool-577-thread-1] INFO  server.RaftServerConfigKeys (ConfUtils.java:logGet(44)) - raft.server.snapshot.auto.trigger.threshold = 10000 (custom)
2020-07-16 01:26:47,526 [pool-577-thread-1] INFO  server.RaftServerConfigKeys (ConfUtils.java:logGet(44)) - raft.server.snapshot.retention.file.num = 5 (custom)
2020-07-16 01:26:47,526 [pool-577-thread-1] INFO  server.RaftServerConfigKeys (ConfUtils.java:logGet(44)) - raft.server.log.purge.upto.snapshot.index = false (default)
2020-07-16 01:26:47,526 [pool-577-thread-1] INFO  server.RaftServerConfigKeys (ConfUtils.java:logGet(44)) - raft.server.retrycache.expirytime = 600000ms (custom)
2020-07-16 01:26:47,526 [pool-577-thread-1] INFO  metrics.RatisMetrics (RatisMetrics.java:lambda$create$0(36)) - Creating Metrics Registry : ratis.leader_election.7c15857a-f8dc-49c7-a572-6b747cc796eb@group-1B43FDCFA3E2
2020-07-16 01:26:47,527 [pool-577-thread-1] INFO  metrics.RatisMetrics (RatisMetrics.java:lambda$create$0(36)) - Creating Metrics Registry : ratis.server.7c15857a-f8dc-49c7-a572-6b747cc796eb@group-1B43FDCFA3E2
2020-07-16 01:26:47,529 [pool-577-thread-1] INFO  impl.RaftServerImpl (RaftServerImpl.java:start(186)) - 7c15857a-f8dc-49c7-a572-6b747cc796eb@group-1B43FDCFA3E2: start as a follower, conf=-1: [7c15857a-f8dc-49c7-a572-6b747cc796eb:172.17.0.2:34887], old=null
2020-07-16 01:26:47,529 [pool-577-thread-1] INFO  impl.RaftServerImpl (RaftServerImpl.java:setRole(175)) - 7c15857a-f8dc-49c7-a572-6b747cc796eb@group-1B43FDCFA3E2: changes role from      null to FOLLOWER at term 0 for startAsFollower
2020-07-16 01:26:47,529 [pool-577-thread-1] INFO  impl.RoleInfo (RoleInfo.java:updateAndGet(143)) - 7c15857a-f8dc-49c7-a572-6b747cc796eb: start FollowerState
2020-07-16 01:26:47,529 [pool-577-thread-1] INFO  util.JmxRegister (JmxRegister.java:tryRegister(44)) - Successfully registered JMX Bean with object name Ratis:service=RaftServer,group=group-1B43FDCFA3E2,id=7c15857a-f8dc-49c7-a572-6b747cc796eb
2020-07-16 01:26:47,529 [pool-577-thread-1] INFO  metrics.RatisMetrics (RatisMetrics.java:lambda$create$0(36)) - Creating Metrics Registry : ratis.state_machine.7c15857a-f8dc-49c7-a572-6b747cc796eb@group-1B43FDCFA3E2
2020-07-16 01:26:47,531 [Command processor thread] INFO  commandhandler.CreatePipelineCommandHandler (CreatePipelineCommandHandler.java:handle(109)) - Created Pipeline RATIS ONE #id: "036f1045-6f09-4d1e-8536-1b43fdcfa3e2"
uuid128 {
  mostSigBits: 247434394930335006
  leastSigBits: -8847854439087758366
}
.
2020-07-16 01:26:47,642 [Command processor thread] INFO  impl.RaftServerProxy (RaftServerProxy.java:addNew(89)) - cde49d58-fad6-4a1c-b9d6-c55ba7272aa2: addNew group-1B70C9B7893A:[cde49d58-fad6-4a1c-b9d6-c55ba7272aa2:172.17.0.2:41443] returns group-1B70C9B7893A:java.util.concurrent.CompletableFuture@32fb81f1[Not completed]
2020-07-16 01:26:47,644 [pool-592-thread-1] INFO  impl.RaftServerImpl (RaftServerImpl.java:<init>(99)) - cde49d58-fad6-4a1c-b9d6-c55ba7272aa2: new RaftServerImpl for group-1B70C9B7893A:[cde49d58-fad6-4a1c-b9d6-c55ba7272aa2:172.17.0.2:41443] with ContainerStateMachine:uninitialized
2020-07-16 01:26:47,644 [pool-592-thread-1] INFO  server.RaftServerConfigKeys (ConfUtils.java:logGet(44)) - raft.server.rpc.timeout.min = 5s (custom)
2020-07-16 01:26:47,644 [pool-592-thread-1] INFO  server.RaftServerConfigKeys (ConfUtils.java:logGet(44)) - raft.server.rpc.timeout.max = 5200ms (custom)
2020-07-16 01:26:47,644 [pool-592-thread-1] INFO  server.RaftServerConfigKeys (ConfUtils.java:logGet(44)) - raft.server.rpcslowness.timeout = 300000ms (custom)
2020-07-16 01:26:47,644 [pool-592-thread-1] INFO  server.RaftServerConfigKeys (ConfUtils.java:logGet(44)) - raft.server.sleep.deviation.threshold = 300 (default)
2020-07-16 01:26:47,644 [pool-592-thread-1] INFO  server.RaftServerConfigKeys (ConfUtils.java:logGet(44)) - raft.server.log.appender.install.snapshot.enabled = false (custom)
2020-07-16 01:26:47,644 [pool-592-thread-1] INFO  impl.RaftServerImpl (ServerState.java:<init>(103)) - cde49d58-fad6-4a1c-b9d6-c55ba7272aa2@group-1B70C9B7893A: ConfigurationManager, init=-1: [cde49d58-fad6-4a1c-b9d6-c55ba7272aa2:172.17.0.2:41443], old=null, confs=<EMPTY_MAP>
2020-07-16 01:26:47,645 [pool-592-thread-1] INFO  server.RaftServerConfigKeys (ConfUtils.java:logGet(44)) - raft.server.storage.dir = [/github/workspace/mnt/ozone/hadoop-ozone/integration-test/target/test-dir/MiniOzoneClusterImpl-adff4ecb-6e1a-4bbe-b65d-469fb2d670c7/datanode-6/data/ratis] (custom)
2020-07-16 01:26:47,645 [pool-592-thread-1] INFO  server.RaftServerConfigKeys (ConfUtils.java:logGet(44)) - raft.server.log.corruption.policy = EXCEPTION (default)
2020-07-16 01:26:47,645 [pool-592-thread-1] INFO  storage.RaftStorageDirectory (RaftStorageDirectory.java:analyzeStorage(261)) - The storage directory /github/workspace/mnt/ozone/hadoop-ozone/integration-test/target/test-dir/MiniOzoneClusterImpl-adff4ecb-6e1a-4bbe-b65d-469fb2d670c7/datanode-6/data/ratis/3fe53c40-137a-4741-af73-1b70c9b7893a does not exist. Creating ...
2020-07-16 01:26:47,647 [pool-592-thread-1] INFO  storage.RaftStorageDirectory (RaftStorageDirectory.java:tryLock(343)) - Lock on /github/workspace/mnt/ozone/hadoop-ozone/integration-test/target/test-dir/MiniOzoneClusterImpl-adff4ecb-6e1a-4bbe-b65d-469fb2d670c7/datanode-6/data/ratis/3fe53c40-137a-4741-af73-1b70c9b7893a/in_use.lock acquired by nodename 1306@3db59c8b2b88
2020-07-16 01:26:47,649 [pool-592-thread-1] INFO  storage.RaftStorage (RaftStorage.java:format(84)) - Storage directory /github/workspace/mnt/ozone/hadoop-ozone/integration-test/target/test-dir/MiniOzoneClusterImpl-adff4ecb-6e1a-4bbe-b65d-469fb2d670c7/datanode-6/data/ratis/3fe53c40-137a-4741-af73-1b70c9b7893a has been successfully formatted.
2020-07-16 01:26:47,650 [pool-592-thread-1] INFO  ratis.ContainerStateMachine (ContainerStateMachine.java:loadSnapshot(225)) - group-1B70C9B7893A: The snapshot info is null. Setting the last applied indexto:(t:0, i:~)
2020-07-16 01:26:47,650 [pool-592-thread-1] INFO  server.RaftServerConfigKeys (ConfUtils.java:logGet(44)) - raft.server.notification.no-leader.timeout = 60s (default)
2020-07-16 01:26:47,650 [pool-592-thread-1] INFO  server.RaftServerConfigKeys (ConfUtils.java:logGet(44)) - raft.server.log.use.memory = false (default)
2020-07-16 01:26:47,650 [pool-592-thread-1] INFO  server.RaftServerConfigKeys (ConfUtils.java:logGet(44)) - raft.server.log.purge.gap = 1000000 (custom)
2020-07-16 01:26:47,650 [EventQueue-PipelineReportForPipelineReportHandler] INFO  pipeline.PipelineStateManager (PipelineStateManager.java:openPipeline(131)) - Pipeline Pipeline[ Id: 3fe53c40-137a-4741-af73-1b70c9b7893a, Nodes: cde49d58-fad6-4a1c-b9d6-c55ba7272aa2{ip: 172.17.0.2, host: 3db59c8b2b88, networkLocation: /default-rack, certSerialId: null}, Type:RATIS, Factor:ONE, State:ALLOCATED, leaderId:cde49d58-fad6-4a1c-b9d6-c55ba7272aa2, CreationTimestamp2020-07-16T01:26:44.641Z] moved to OPEN state
2020-07-16 01:26:47,651 [EventQueue-OpenPipelineForHealthyPipelineSafeModeRule] INFO  safemode.SCMSafeModeManager (HealthyPipelineSafeModeRule.java:process(129)) - SCM in safe mode. Healthy pipelines reported count is 0, required healthy pipeline reported count is 1
2020-07-16 01:26:47,651 [EventQueue-OpenPipelineForOneReplicaPipelineSafeModeRule] INFO  safemode.SCMSafeModeManager (SCMSafeModeManager.java:validateSafeModeExitRules(214)) - AtleastOneDatanodeReportedRule rule is successfully validated
2020-07-16 01:26:47,654 [pool-592-thread-1] INFO  server.RaftServerConfigKeys (ConfUtils.java:logGet(44)) - raft.server.log.appender.buffer.byte-limit = 33554432 (custom)
2020-07-16 01:26:47,654 [pool-592-thread-1] INFO  server.RaftServerConfigKeys (ConfUtils.java:logGet(44)) - raft.server.log.segment.size.max = 1048576 (custom)
2020-07-16 01:26:47,654 [pool-592-thread-1] INFO  metrics.RatisMetrics (RatisMetrics.java:lambda$create$0(36)) - Creating Metrics Registry : ratis.log_worker.cde49d58-fad6-4a1c-b9d6-c55ba7272aa2@group-1B70C9B7893A
2020-07-16 01:26:47,655 [pool-592-thread-1] INFO  server.RaftServerConfigKeys (ConfUtils.java:logGet(44)) - raft.server.log.segment.cache.num.max = 2 (custom)
2020-07-16 01:26:47,655 [pool-592-thread-1] INFO  segmented.SegmentedRaftLogWorker (SegmentedRaftLogWorker.java:<init>(180)) - new cde49d58-fad6-4a1c-b9d6-c55ba7272aa2@group-1B70C9B7893A-SegmentedRaftLogWorker for RaftStorage:Storage Directory /github/workspace/mnt/ozone/hadoop-ozone/integration-test/target/test-dir/MiniOzoneClusterImpl-adff4ecb-6e1a-4bbe-b65d-469fb2d670c7/datanode-6/data/ratis/3fe53c40-137a-4741-af73-1b70c9b7893a
2020-07-16 01:26:47,655 [pool-592-thread-1] INFO  server.RaftServerConfigKeys (ConfUtils.java:logGet(44)) - raft.server.log.queue.byte-limit = 2147483647 (custom)
2020-07-16 01:26:47,655 [pool-592-thread-1] INFO  server.RaftServerConfigKeys (ConfUtils.java:logGet(44)) - raft.server.log.queue.element-limit = 1024 (custom)
2020-07-16 01:26:47,655 [pool-592-thread-1] INFO  server.RaftServerConfigKeys (ConfUtils.java:logGet(44)) - raft.server.log.segment.size.max = 1048576 (custom)
2020-07-16 01:26:47,655 [pool-592-thread-1] INFO  server.RaftServerConfigKeys (ConfUtils.java:logGet(44)) - raft.server.log.preallocated.size = 16384 (custom)
2020-07-16 01:26:47,655 [pool-592-thread-1] INFO  server.RaftServerConfigKeys (ConfUtils.java:logGet(44)) - raft.server.log.write.buffer.size = 1048576 (custom)
2020-07-16 01:26:47,655 [pool-592-thread-1] INFO  server.RaftServerConfigKeys (ConfUtils.java:logGet(44)) - raft.server.log.force.sync.num = 128 (default)
2020-07-16 01:26:47,655 [pool-592-thread-1] INFO  server.RaftServerConfigKeys (ConfUtils.java:logGet(44)) - raft.server.log.statemachine.data.sync = true (default)
2020-07-16 01:26:47,655 [pool-592-thread-1] INFO  server.RaftServerConfigKeys (ConfUtils.java:logGet(44)) - raft.server.log.statemachine.data.sync.timeout = 10s (default)
2020-07-16 01:26:47,655 [pool-592-thread-1] INFO  server.RaftServerConfigKeys (ConfUtils.java:logGet(44)) - raft.server.log.statemachine.data.sync.timeout.retry = -1 (default)
2020-07-16 01:26:47,658 [pool-592-thread-1] INFO  server.RaftServerConfigKeys (ConfUtils.java:logGet(44)) - raft.server.log.statemachine.data.caching.enabled = true (custom)
2020-07-16 01:26:47,658 [pool-592-thread-1] INFO  segmented.SegmentedRaftLogWorker (SegmentedRaftLogWorker.java:lambda$new$0(129)) - cde49d58-fad6-4a1c-b9d6-c55ba7272aa2@group-1B70C9B7893A-SegmentedRaftLogWorker: flushIndex: setUnconditionally 0 -> -1
2020-07-16 01:26:47,658 [pool-592-thread-1] INFO  segmented.SegmentedRaftLogWorker (SegmentedRaftLogWorker.java:lambda$new$0(129)) - cde49d58-fad6-4a1c-b9d6-c55ba7272aa2@group-1B70C9B7893A-SegmentedRaftLogWorker: safeCacheEvictIndex: setUnconditionally 0 -> -1
2020-07-16 01:26:47,658 [pool-592-thread-1] INFO  server.RaftServerConfigKeys (ConfUtils.java:logGet(44)) - raft.server.snapshot.auto.trigger.enabled = true (custom)
2020-07-16 01:26:47,658 [pool-592-thread-1] INFO  server.RaftServerConfigKeys (ConfUtils.java:logGet(44)) - raft.server.snapshot.auto.trigger.threshold = 10000 (custom)
2020-07-16 01:26:47,659 [pool-592-thread-1] INFO  server.RaftServerConfigKeys (ConfUtils.java:logGet(44)) - raft.server.snapshot.retention.file.num = 5 (custom)
2020-07-16 01:26:47,659 [pool-592-thread-1] INFO  server.RaftServerConfigKeys (ConfUtils.java:logGet(44)) - raft.server.log.purge.upto.snapshot.index = false (default)
2020-07-16 01:26:47,659 [pool-592-thread-1] INFO  server.RaftServerConfigKeys (ConfUtils.java:logGet(44)) - raft.server.retrycache.expirytime = 600000ms (custom)
2020-07-16 01:26:47,659 [pool-592-thread-1] INFO  metrics.RatisMetrics (RatisMetrics.java:lambda$create$0(36)) - Creating Metrics Registry : ratis.leader_election.cde49d58-fad6-4a1c-b9d6-c55ba7272aa2@group-1B70C9B7893A
2020-07-16 01:26:47,660 [pool-592-thread-1] INFO  metrics.RatisMetrics (RatisMetrics.java:lambda$create$0(36)) - Creating Metrics Registry : ratis.server.cde49d58-fad6-4a1c-b9d6-c55ba7272aa2@group-1B70C9B7893A
2020-07-16 01:26:47,661 [pool-592-thread-1] INFO  impl.RaftServerImpl (RaftServerImpl.java:start(186)) - cde49d58-fad6-4a1c-b9d6-c55ba7272aa2@group-1B70C9B7893A: start as a follower, conf=-1: [cde49d58-fad6-4a1c-b9d6-c55ba7272aa2:172.17.0.2:41443], old=null
2020-07-16 01:26:47,661 [pool-592-thread-1] INFO  impl.RaftServerImpl (RaftServerImpl.java:setRole(175)) - cde49d58-fad6-4a1c-b9d6-c55ba7272aa2@group-1B70C9B7893A: changes role from      null to FOLLOWER at term 0 for startAsFollower
2020-07-16 01:26:47,661 [pool-592-thread-1] INFO  impl.RoleInfo (RoleInfo.java:updateAndGet(143)) - cde49d58-fad6-4a1c-b9d6-c55ba7272aa2: start FollowerState
2020-07-16 01:26:47,662 [pool-592-thread-1] INFO  util.JmxRegister (JmxRegister.java:tryRegister(44)) - Successfully registered JMX Bean with object name Ratis:service=RaftServer,group=group-1B70C9B7893A,id=cde49d58-fad6-4a1c-b9d6-c55ba7272aa2
2020-07-16 01:26:47,662 [pool-592-thread-1] INFO  metrics.RatisMetrics (RatisMetrics.java:lambda$create$0(36)) - Creating Metrics Registry : ratis.state_machine.cde49d58-fad6-4a1c-b9d6-c55ba7272aa2@group-1B70C9B7893A
2020-07-16 01:26:47,663 [Command processor thread] INFO  commandhandler.CreatePipelineCommandHandler (CreatePipelineCommandHandler.java:handle(109)) - Created Pipeline RATIS ONE #id: "3fe53c40-137a-4741-af73-1b70c9b7893a"
uuid128 {
  mostSigBits: 4604152439958554433
  leastSigBits: -5804265323515901638
}
.
2020-07-16 01:26:47,663 [Command processor thread] INFO  impl.RaftServerProxy (RaftServerProxy.java:addNew(89)) - cde49d58-fad6-4a1c-b9d6-c55ba7272aa2: addNew group-75FC801D37A3:[cde49d58-fad6-4a1c-b9d6-c55ba7272aa2:172.17.0.2:41443, 3a8955bd-c76c-48e8-b23e-7dc5c0b97792:172.17.0.2:37477, 0d7ca1fc-c748-4a3b-b490-134ac7c4e42e:172.17.0.2:41279] returns group-75FC801D37A3:java.util.concurrent.CompletableFuture@36c40376[Not completed]
2020-07-16 01:26:47,664 [pool-592-thread-1] INFO  impl.RaftServerImpl (RaftServerImpl.java:<init>(99)) - cde49d58-fad6-4a1c-b9d6-c55ba7272aa2: new RaftServerImpl for group-75FC801D37A3:[cde49d58-fad6-4a1c-b9d6-c55ba7272aa2:172.17.0.2:41443, 3a8955bd-c76c-48e8-b23e-7dc5c0b97792:172.17.0.2:37477, 0d7ca1fc-c748-4a3b-b490-134ac7c4e42e:172.17.0.2:41279] with ContainerStateMachine:uninitialized
2020-07-16 01:26:47,664 [pool-592-thread-1] INFO  server.RaftServerConfigKeys (ConfUtils.java:logGet(44)) - raft.server.rpc.timeout.min = 5s (custom)
2020-07-16 01:26:47,664 [pool-592-thread-1] INFO  server.RaftServerConfigKeys (ConfUtils.java:logGet(44)) - raft.server.rpc.timeout.max = 5200ms (custom)
2020-07-16 01:26:47,664 [pool-592-thread-1] INFO  server.RaftServerConfigKeys (ConfUtils.java:logGet(44)) - raft.server.rpcslowness.timeout = 300000ms (custom)
2020-07-16 01:26:47,664 [pool-592-thread-1] INFO  server.RaftServerConfigKeys (ConfUtils.java:logGet(44)) - raft.server.sleep.deviation.threshold = 300 (default)
2020-07-16 01:26:47,664 [pool-592-thread-1] INFO  server.RaftServerConfigKeys (ConfUtils.java:logGet(44)) - raft.server.log.appender.install.snapshot.enabled = false (custom)
2020-07-16 01:26:47,664 [pool-592-thread-1] INFO  impl.RaftServerImpl (ServerState.java:<init>(103)) - cde49d58-fad6-4a1c-b9d6-c55ba7272aa2@group-75FC801D37A3: ConfigurationManager, init=-1: [cde49d58-fad6-4a1c-b9d6-c55ba7272aa2:172.17.0.2:41443, 3a8955bd-c76c-48e8-b23e-7dc5c0b97792:172.17.0.2:37477, 0d7ca1fc-c748-4a3b-b490-134ac7c4e42e:172.17.0.2:41279], old=null, confs=<EMPTY_MAP>
2020-07-16 01:26:47,664 [pool-592-thread-1] INFO  server.RaftServerConfigKeys (ConfUtils.java:logGet(44)) - raft.server.storage.dir = [/github/workspace/mnt/ozone/hadoop-ozone/integration-test/target/test-dir/MiniOzoneClusterImpl-adff4ecb-6e1a-4bbe-b65d-469fb2d670c7/datanode-6/data/ratis] (custom)
2020-07-16 01:26:47,665 [pool-592-thread-1] INFO  server.RaftServerConfigKeys (ConfUtils.java:logGet(44)) - raft.server.log.corruption.policy = EXCEPTION (default)
2020-07-16 01:26:47,665 [pool-592-thread-1] INFO  storage.RaftStorageDirectory (RaftStorageDirectory.java:analyzeStorage(261)) - The storage directory /github/workspace/mnt/ozone/hadoop-ozone/integration-test/target/test-dir/MiniOzoneClusterImpl-adff4ecb-6e1a-4bbe-b65d-469fb2d670c7/datanode-6/data/ratis/de9b0c97-aacb-459d-bb46-75fc801d37a3 does not exist. Creating ...
2020-07-16 01:26:47,666 [pool-592-thread-1] INFO  storage.RaftStorageDirectory (RaftStorageDirectory.java:tryLock(343)) - Lock on /github/workspace/mnt/ozone/hadoop-ozone/integration-test/target/test-dir/MiniOzoneClusterImpl-adff4ecb-6e1a-4bbe-b65d-469fb2d670c7/datanode-6/data/ratis/de9b0c97-aacb-459d-bb46-75fc801d37a3/in_use.lock acquired by nodename 1306@3db59c8b2b88
2020-07-16 01:26:47,667 [pool-592-thread-1] INFO  storage.RaftStorage (RaftStorage.java:format(84)) - Storage directory /github/workspace/mnt/ozone/hadoop-ozone/integration-test/target/test-dir/MiniOzoneClusterImpl-adff4ecb-6e1a-4bbe-b65d-469fb2d670c7/datanode-6/data/ratis/de9b0c97-aacb-459d-bb46-75fc801d37a3 has been successfully formatted.
2020-07-16 01:26:47,667 [pool-592-thread-1] INFO  ratis.ContainerStateMachine (ContainerStateMachine.java:loadSnapshot(225)) - group-75FC801D37A3: The snapshot info is null. Setting the last applied indexto:(t:0, i:~)
2020-07-16 01:26:47,667 [pool-592-thread-1] INFO  server.RaftServerConfigKeys (ConfUtils.java:logGet(44)) - raft.server.notification.no-leader.timeout = 60s (default)
2020-07-16 01:26:47,667 [pool-592-thread-1] INFO  server.RaftServerConfigKeys (ConfUtils.java:logGet(44)) - raft.server.log.use.memory = false (default)
2020-07-16 01:26:47,667 [pool-592-thread-1] INFO  server.RaftServerConfigKeys (ConfUtils.java:logGet(44)) - raft.server.log.purge.gap = 1000000 (custom)
2020-07-16 01:26:47,667 [pool-592-thread-1] INFO  server.RaftServerConfigKeys (ConfUtils.java:logGet(44)) - raft.server.log.appender.buffer.byte-limit = 33554432 (custom)
2020-07-16 01:26:47,667 [pool-592-thread-1] INFO  server.RaftServerConfigKeys (ConfUtils.java:logGet(44)) - raft.server.log.segment.size.max = 1048576 (custom)
2020-07-16 01:26:47,667 [pool-592-thread-1] INFO  metrics.RatisMetrics (RatisMetrics.java:lambda$create$0(36)) - Creating Metrics Registry : ratis.log_worker.cde49d58-fad6-4a1c-b9d6-c55ba7272aa2@group-75FC801D37A3
2020-07-16 01:26:47,668 [pool-592-thread-1] INFO  server.RaftServerConfigKeys (ConfUtils.java:logGet(44)) - raft.server.log.segment.cache.num.max = 2 (custom)
2020-07-16 01:26:47,668 [pool-592-thread-1] INFO  segmented.SegmentedRaftLogWorker (SegmentedRaftLogWorker.java:<init>(180)) - new cde49d58-fad6-4a1c-b9d6-c55ba7272aa2@group-75FC801D37A3-SegmentedRaftLogWorker for RaftStorage:Storage Directory /github/workspace/mnt/ozone/hadoop-ozone/integration-test/target/test-dir/MiniOzoneClusterImpl-adff4ecb-6e1a-4bbe-b65d-469fb2d670c7/datanode-6/data/ratis/de9b0c97-aacb-459d-bb46-75fc801d37a3
2020-07-16 01:26:47,668 [pool-592-thread-1] INFO  server.RaftServerConfigKeys (ConfUtils.java:logGet(44)) - raft.server.log.queue.byte-limit = 2147483647 (custom)
2020-07-16 01:26:47,668 [pool-592-thread-1] INFO  server.RaftServerConfigKeys (ConfUtils.java:logGet(44)) - raft.server.log.queue.element-limit = 1024 (custom)
2020-07-16 01:26:47,668 [pool-592-thread-1] INFO  server.RaftServerConfigKeys (ConfUtils.java:logGet(44)) - raft.server.log.segment.size.max = 1048576 (custom)
2020-07-16 01:26:47,668 [pool-592-thread-1] INFO  server.RaftServerConfigKeys (ConfUtils.java:logGet(44)) - raft.server.log.preallocated.size = 16384 (custom)
2020-07-16 01:26:47,668 [pool-592-thread-1] INFO  server.RaftServerConfigKeys (ConfUtils.java:logGet(44)) - raft.server.log.write.buffer.size = 1048576 (custom)
2020-07-16 01:26:47,668 [pool-592-thread-1] INFO  server.RaftServerConfigKeys (ConfUtils.java:logGet(44)) - raft.server.log.force.sync.num = 128 (default)
2020-07-16 01:26:47,668 [pool-592-thread-1] INFO  server.RaftServerConfigKeys (ConfUtils.java:logGet(44)) - raft.server.log.statemachine.data.sync = true (default)
2020-07-16 01:26:47,668 [pool-592-thread-1] INFO  server.RaftServerConfigKeys (ConfUtils.java:logGet(44)) - raft.server.log.statemachine.data.sync.timeout = 10s (default)
2020-07-16 01:26:47,668 [pool-592-thread-1] INFO  server.RaftServerConfigKeys (ConfUtils.java:logGet(44)) - raft.server.log.statemachine.data.sync.timeout.retry = -1 (default)
2020-07-16 01:26:47,671 [pool-592-thread-1] INFO  server.RaftServerConfigKeys (ConfUtils.java:logGet(44)) - raft.server.log.statemachine.data.caching.enabled = true (custom)
2020-07-16 01:26:47,671 [pool-592-thread-1] INFO  segmented.SegmentedRaftLogWorker (SegmentedRaftLogWorker.java:lambda$new$0(129)) - cde49d58-fad6-4a1c-b9d6-c55ba7272aa2@group-75FC801D37A3-SegmentedRaftLogWorker: flushIndex: setUnconditionally 0 -> -1
2020-07-16 01:26:47,671 [pool-592-thread-1] INFO  segmented.SegmentedRaftLogWorker (SegmentedRaftLogWorker.java:lambda$new$0(129)) - cde49d58-fad6-4a1c-b9d6-c55ba7272aa2@group-75FC801D37A3-SegmentedRaftLogWorker: safeCacheEvictIndex: setUnconditionally 0 -> -1
2020-07-16 01:26:47,671 [pool-592-thread-1] INFO  server.RaftServerConfigKeys (ConfUtils.java:logGet(44)) - raft.server.snapshot.auto.trigger.enabled = true (custom)
2020-07-16 01:26:47,671 [pool-592-thread-1] INFO  server.RaftServerConfigKeys (ConfUtils.java:logGet(44)) - raft.server.snapshot.auto.trigger.threshold = 10000 (custom)
2020-07-16 01:26:47,672 [pool-592-thread-1] INFO  server.RaftServerConfigKeys (ConfUtils.java:logGet(44)) - raft.server.snapshot.retention.file.num = 5 (custom)
2020-07-16 01:26:47,672 [pool-592-thread-1] INFO  server.RaftServerConfigKeys (ConfUtils.java:logGet(44)) - raft.server.log.purge.upto.snapshot.index = false (default)
2020-07-16 01:26:47,672 [pool-592-thread-1] INFO  server.RaftServerConfigKeys (ConfUtils.java:logGet(44)) - raft.server.retrycache.expirytime = 600000ms (custom)
2020-07-16 01:26:47,672 [pool-592-thread-1] INFO  metrics.RatisMetrics (RatisMetrics.java:lambda$create$0(36)) - Creating Metrics Registry : ratis.leader_election.cde49d58-fad6-4a1c-b9d6-c55ba7272aa2@group-75FC801D37A3
2020-07-16 01:26:47,672 [pool-592-thread-1] INFO  metrics.RatisMetrics (RatisMetrics.java:lambda$create$0(36)) - Creating Metrics Registry : ratis.server.cde49d58-fad6-4a1c-b9d6-c55ba7272aa2@group-75FC801D37A3
2020-07-16 01:26:47,674 [pool-592-thread-1] INFO  impl.RaftServerImpl (RaftServerImpl.java:start(186)) - cde49d58-fad6-4a1c-b9d6-c55ba7272aa2@group-75FC801D37A3: start as a follower, conf=-1: [cde49d58-fad6-4a1c-b9d6-c55ba7272aa2:172.17.0.2:41443, 3a8955bd-c76c-48e8-b23e-7dc5c0b97792:172.17.0.2:37477, 0d7ca1fc-c748-4a3b-b490-134ac7c4e42e:172.17.0.2:41279], old=null
2020-07-16 01:26:47,674 [pool-592-thread-1] INFO  impl.RaftServerImpl (RaftServerImpl.java:setRole(175)) - cde49d58-fad6-4a1c-b9d6-c55ba7272aa2@group-75FC801D37A3: changes role from      null to FOLLOWER at term 0 for startAsFollower
2020-07-16 01:26:47,674 [pool-592-thread-1] INFO  impl.RoleInfo (RoleInfo.java:updateAndGet(143)) - cde49d58-fad6-4a1c-b9d6-c55ba7272aa2: start FollowerState
2020-07-16 01:26:47,674 [pool-592-thread-1] INFO  util.JmxRegister (JmxRegister.java:tryRegister(44)) - Successfully registered JMX Bean with object name Ratis:service=RaftServer,group=group-75FC801D37A3,id=cde49d58-fad6-4a1c-b9d6-c55ba7272aa2
2020-07-16 01:26:47,674 [pool-592-thread-1] INFO  metrics.RatisMetrics (RatisMetrics.java:lambda$create$0(36)) - Creating Metrics Registry : ratis.state_machine.cde49d58-fad6-4a1c-b9d6-c55ba7272aa2@group-75FC801D37A3
2020-07-16 01:26:47,688 [grpc-default-executor-3] INFO  impl.RaftServerProxy (RaftServerProxy.java:addNew(89)) - 3a8955bd-c76c-48e8-b23e-7dc5c0b97792: addNew group-75FC801D37A3:[cde49d58-fad6-4a1c-b9d6-c55ba7272aa2:172.17.0.2:41443, 3a8955bd-c76c-48e8-b23e-7dc5c0b97792:172.17.0.2:37477, 0d7ca1fc-c748-4a3b-b490-134ac7c4e42e:172.17.0.2:41279] returns group-75FC801D37A3:java.util.concurrent.CompletableFuture@26d611a[Not completed]
2020-07-16 01:26:47,689 [pool-607-thread-1] INFO  impl.RaftServerImpl (RaftServerImpl.java:<init>(99)) - 3a8955bd-c76c-48e8-b23e-7dc5c0b97792: new RaftServerImpl for group-75FC801D37A3:[cde49d58-fad6-4a1c-b9d6-c55ba7272aa2:172.17.0.2:41443, 3a8955bd-c76c-48e8-b23e-7dc5c0b97792:172.17.0.2:37477, 0d7ca1fc-c748-4a3b-b490-134ac7c4e42e:172.17.0.2:41279] with ContainerStateMachine:uninitialized
2020-07-16 01:26:47,689 [pool-607-thread-1] INFO  server.RaftServerConfigKeys (ConfUtils.java:logGet(44)) - raft.server.rpc.timeout.min = 5s (custom)
2020-07-16 01:26:47,689 [pool-607-thread-1] INFO  server.RaftServerConfigKeys (ConfUtils.java:logGet(44)) - raft.server.rpc.timeout.max = 5200ms (custom)
2020-07-16 01:26:47,689 [pool-607-thread-1] INFO  server.RaftServerConfigKeys (ConfUtils.java:logGet(44)) - raft.server.rpcslowness.timeout = 300000ms (custom)
2020-07-16 01:26:47,689 [pool-607-thread-1] INFO  server.RaftServerConfigKeys (ConfUtils.java:logGet(44)) - raft.server.sleep.deviation.threshold = 300 (default)
2020-07-16 01:26:47,689 [pool-607-thread-1] INFO  server.RaftServerConfigKeys (ConfUtils.java:logGet(44)) - raft.server.log.appender.install.snapshot.enabled = false (custom)
2020-07-16 01:26:47,689 [pool-607-thread-1] INFO  impl.RaftServerImpl (ServerState.java:<init>(103)) - 3a8955bd-c76c-48e8-b23e-7dc5c0b97792@group-75FC801D37A3: ConfigurationManager, init=-1: [cde49d58-fad6-4a1c-b9d6-c55ba7272aa2:172.17.0.2:41443, 3a8955bd-c76c-48e8-b23e-7dc5c0b97792:172.17.0.2:37477, 0d7ca1fc-c748-4a3b-b490-134ac7c4e42e:172.17.0.2:41279], old=null, confs=<EMPTY_MAP>
2020-07-16 01:26:47,689 [pool-607-thread-1] INFO  server.RaftServerConfigKeys (ConfUtils.java:logGet(44)) - raft.server.storage.dir = [/github/workspace/mnt/ozone/hadoop-ozone/integration-test/target/test-dir/MiniOzoneClusterImpl-adff4ecb-6e1a-4bbe-b65d-469fb2d670c7/datanode-7/data/ratis] (custom)
2020-07-16 01:26:47,690 [pool-607-thread-1] INFO  server.RaftServerConfigKeys (ConfUtils.java:logGet(44)) - raft.server.log.corruption.policy = EXCEPTION (default)
2020-07-16 01:26:47,690 [pool-607-thread-1] INFO  storage.RaftStorageDirectory (RaftStorageDirectory.java:analyzeStorage(261)) - The storage directory /github/workspace/mnt/ozone/hadoop-ozone/integration-test/target/test-dir/MiniOzoneClusterImpl-adff4ecb-6e1a-4bbe-b65d-469fb2d670c7/datanode-7/data/ratis/de9b0c97-aacb-459d-bb46-75fc801d37a3 does not exist. Creating ...
2020-07-16 01:26:47,691 [pool-607-thread-1] INFO  storage.RaftStorageDirectory (RaftStorageDirectory.java:tryLock(343)) - Lock on /github/workspace/mnt/ozone/hadoop-ozone/integration-test/target/test-dir/MiniOzoneClusterImpl-adff4ecb-6e1a-4bbe-b65d-469fb2d670c7/datanode-7/data/ratis/de9b0c97-aacb-459d-bb46-75fc801d37a3/in_use.lock acquired by nodename 1306@3db59c8b2b88
2020-07-16 01:26:47,692 [pool-607-thread-1] INFO  storage.RaftStorage (RaftStorage.java:format(84)) - Storage directory /github/workspace/mnt/ozone/hadoop-ozone/integration-test/target/test-dir/MiniOzoneClusterImpl-adff4ecb-6e1a-4bbe-b65d-469fb2d670c7/datanode-7/data/ratis/de9b0c97-aacb-459d-bb46-75fc801d37a3 has been successfully formatted.
2020-07-16 01:26:47,693 [pool-607-thread-1] INFO  ratis.ContainerStateMachine (ContainerStateMachine.java:loadSnapshot(225)) - group-75FC801D37A3: The snapshot info is null. Setting the last applied indexto:(t:0, i:~)
2020-07-16 01:26:47,693 [pool-607-thread-1] INFO  server.RaftServerConfigKeys (ConfUtils.java:logGet(44)) - raft.server.notification.no-leader.timeout = 60s (default)
2020-07-16 01:26:47,693 [pool-607-thread-1] INFO  server.RaftServerConfigKeys (ConfUtils.java:logGet(44)) - raft.server.log.use.memory = false (default)
2020-07-16 01:26:47,693 [pool-607-thread-1] INFO  server.RaftServerConfigKeys (ConfUtils.java:logGet(44)) - raft.server.log.purge.gap = 1000000 (custom)
2020-07-16 01:26:47,693 [pool-607-thread-1] INFO  server.RaftServerConfigKeys (ConfUtils.java:logGet(44)) - raft.server.log.appender.buffer.byte-limit = 33554432 (custom)
2020-07-16 01:26:47,694 [pool-607-thread-1] INFO  server.RaftServerConfigKeys (ConfUtils.java:logGet(44)) - raft.server.log.segment.size.max = 1048576 (custom)
2020-07-16 01:26:47,694 [pool-607-thread-1] INFO  metrics.RatisMetrics (RatisMetrics.java:lambda$create$0(36)) - Creating Metrics Registry : ratis.log_worker.3a8955bd-c76c-48e8-b23e-7dc5c0b97792@group-75FC801D37A3
2020-07-16 01:26:47,694 [pool-607-thread-1] INFO  server.RaftServerConfigKeys (ConfUtils.java:logGet(44)) - raft.server.log.segment.cache.num.max = 2 (custom)
2020-07-16 01:26:47,694 [pool-607-thread-1] INFO  segmented.SegmentedRaftLogWorker (SegmentedRaftLogWorker.java:<init>(180)) - new 3a8955bd-c76c-48e8-b23e-7dc5c0b97792@group-75FC801D37A3-SegmentedRaftLogWorker for RaftStorage:Storage Directory /github/workspace/mnt/ozone/hadoop-ozone/integration-test/target/test-dir/MiniOzoneClusterImpl-adff4ecb-6e1a-4bbe-b65d-469fb2d670c7/datanode-7/data/ratis/de9b0c97-aacb-459d-bb46-75fc801d37a3
2020-07-16 01:26:47,694 [pool-607-thread-1] INFO  server.RaftServerConfigKeys (ConfUtils.java:logGet(44)) - raft.server.log.queue.byte-limit = 2147483647 (custom)
2020-07-16 01:26:47,694 [pool-607-thread-1] INFO  server.RaftServerConfigKeys (ConfUtils.java:logGet(44)) - raft.server.log.queue.element-limit = 1024 (custom)
2020-07-16 01:26:47,694 [pool-607-thread-1] INFO  server.RaftServerConfigKeys (ConfUtils.java:logGet(44)) - raft.server.log.segment.size.max = 1048576 (custom)
2020-07-16 01:26:47,694 [pool-607-thread-1] INFO  server.RaftServerConfigKeys (ConfUtils.java:logGet(44)) - raft.server.log.preallocated.size = 16384 (custom)
2020-07-16 01:26:47,694 [pool-607-thread-1] INFO  server.RaftServerConfigKeys (ConfUtils.java:logGet(44)) - raft.server.log.write.buffer.size = 1048576 (custom)
2020-07-16 01:26:47,694 [pool-607-thread-1] INFO  server.RaftServerConfigKeys (ConfUtils.java:logGet(44)) - raft.server.log.force.sync.num = 128 (default)
2020-07-16 01:26:47,694 [pool-607-thread-1] INFO  server.RaftServerConfigKeys (ConfUtils.java:logGet(44)) - raft.server.log.statemachine.data.sync = true (default)
2020-07-16 01:26:47,694 [pool-607-thread-1] INFO  server.RaftServerConfigKeys (ConfUtils.java:logGet(44)) - raft.server.log.statemachine.data.sync.timeout = 10s (default)
2020-07-16 01:26:47,694 [pool-607-thread-1] INFO  server.RaftServerConfigKeys (ConfUtils.java:logGet(44)) - raft.server.log.statemachine.data.sync.timeout.retry = -1 (default)
2020-07-16 01:26:47,697 [pool-607-thread-1] INFO  server.RaftServerConfigKeys (ConfUtils.java:logGet(44)) - raft.server.log.statemachine.data.caching.enabled = true (custom)
2020-07-16 01:26:47,697 [pool-607-thread-1] INFO  segmented.SegmentedRaftLogWorker (SegmentedRaftLogWorker.java:lambda$new$0(129)) - 3a8955bd-c76c-48e8-b23e-7dc5c0b97792@group-75FC801D37A3-SegmentedRaftLogWorker: flushIndex: setUnconditionally 0 -> -1
2020-07-16 01:26:47,697 [pool-607-thread-1] INFO  segmented.SegmentedRaftLogWorker (SegmentedRaftLogWorker.java:lambda$new$0(129)) - 3a8955bd-c76c-48e8-b23e-7dc5c0b97792@group-75FC801D37A3-SegmentedRaftLogWorker: safeCacheEvictIndex: setUnconditionally 0 -> -1
2020-07-16 01:26:47,698 [pool-607-thread-1] INFO  server.RaftServerConfigKeys (ConfUtils.java:logGet(44)) - raft.server.snapshot.auto.trigger.enabled = true (custom)
2020-07-16 01:26:47,698 [pool-607-thread-1] INFO  server.RaftServerConfigKeys (ConfUtils.java:logGet(44)) - raft.server.snapshot.auto.trigger.threshold = 10000 (custom)
2020-07-16 01:26:47,698 [pool-607-thread-1] INFO  server.RaftServerConfigKeys (ConfUtils.java:logGet(44)) - raft.server.snapshot.retention.file.num = 5 (custom)
2020-07-16 01:26:47,698 [pool-607-thread-1] INFO  server.RaftServerConfigKeys (ConfUtils.java:logGet(44)) - raft.server.log.purge.upto.snapshot.index = false (default)
2020-07-16 01:26:47,698 [pool-607-thread-1] INFO  server.RaftServerConfigKeys (ConfUtils.java:logGet(44)) - raft.server.retrycache.expirytime = 600000ms (custom)
2020-07-16 01:26:47,698 [pool-607-thread-1] INFO  metrics.RatisMetrics (RatisMetrics.java:lambda$create$0(36)) - Creating Metrics Registry : ratis.leader_election.3a8955bd-c76c-48e8-b23e-7dc5c0b97792@group-75FC801D37A3
2020-07-16 01:26:47,699 [pool-607-thread-1] INFO  metrics.RatisMetrics (RatisMetrics.java:lambda$create$0(36)) - Creating Metrics Registry : ratis.server.3a8955bd-c76c-48e8-b23e-7dc5c0b97792@group-75FC801D37A3
2020-07-16 01:26:47,700 [pool-607-thread-1] INFO  impl.RaftServerImpl (RaftServerImpl.java:start(186)) - 3a8955bd-c76c-48e8-b23e-7dc5c0b97792@group-75FC801D37A3: start as a follower, conf=-1: [cde49d58-fad6-4a1c-b9d6-c55ba7272aa2:172.17.0.2:41443, 3a8955bd-c76c-48e8-b23e-7dc5c0b97792:172.17.0.2:37477, 0d7ca1fc-c748-4a3b-b490-134ac7c4e42e:172.17.0.2:41279], old=null
2020-07-16 01:26:47,700 [pool-607-thread-1] INFO  impl.RaftServerImpl (RaftServerImpl.java:setRole(175)) - 3a8955bd-c76c-48e8-b23e-7dc5c0b97792@group-75FC801D37A3: changes role from      null to FOLLOWER at term 0 for startAsFollower
2020-07-16 01:26:47,700 [pool-607-thread-1] INFO  impl.RoleInfo (RoleInfo.java:updateAndGet(143)) - 3a8955bd-c76c-48e8-b23e-7dc5c0b97792: start FollowerState
2020-07-16 01:26:47,700 [pool-607-thread-1] INFO  util.JmxRegister (JmxRegister.java:tryRegister(44)) - Successfully registered JMX Bean with object name Ratis:service=RaftServer,group=group-75FC801D37A3,id=3a8955bd-c76c-48e8-b23e-7dc5c0b97792
2020-07-16 01:26:47,700 [pool-607-thread-1] INFO  metrics.RatisMetrics (RatisMetrics.java:lambda$create$0(36)) - Creating Metrics Registry : ratis.state_machine.3a8955bd-c76c-48e8-b23e-7dc5c0b97792@group-75FC801D37A3
2020-07-16 01:26:47,710 [grpc-default-executor-3] INFO  impl.RaftServerProxy (RaftServerProxy.java:addNew(89)) - 0d7ca1fc-c748-4a3b-b490-134ac7c4e42e: addNew group-75FC801D37A3:[cde49d58-fad6-4a1c-b9d6-c55ba7272aa2:172.17.0.2:41443, 3a8955bd-c76c-48e8-b23e-7dc5c0b97792:172.17.0.2:37477, 0d7ca1fc-c748-4a3b-b490-134ac7c4e42e:172.17.0.2:41279] returns group-75FC801D37A3:java.util.concurrent.CompletableFuture@64599cdb[Not completed]
2020-07-16 01:26:47,711 [pool-622-thread-1] INFO  impl.RaftServerImpl (RaftServerImpl.java:<init>(99)) - 0d7ca1fc-c748-4a3b-b490-134ac7c4e42e: new RaftServerImpl for group-75FC801D37A3:[cde49d58-fad6-4a1c-b9d6-c55ba7272aa2:172.17.0.2:41443, 3a8955bd-c76c-48e8-b23e-7dc5c0b97792:172.17.0.2:37477, 0d7ca1fc-c748-4a3b-b490-134ac7c4e42e:172.17.0.2:41279] with ContainerStateMachine:uninitialized
2020-07-16 01:26:47,711 [pool-622-thread-1] INFO  server.RaftServerConfigKeys (ConfUtils.java:logGet(44)) - raft.server.rpc.timeout.min = 5s (custom)
2020-07-16 01:26:47,711 [pool-622-thread-1] INFO  server.RaftServerConfigKeys (ConfUtils.java:logGet(44)) - raft.server.rpc.timeout.max = 5200ms (custom)
2020-07-16 01:26:47,712 [pool-622-thread-1] INFO  server.RaftServerConfigKeys (ConfUtils.java:logGet(44)) - raft.server.rpcslowness.timeout = 300000ms (custom)
2020-07-16 01:26:47,712 [pool-622-thread-1] INFO  server.RaftServerConfigKeys (ConfUtils.java:logGet(44)) - raft.server.sleep.deviation.threshold = 300 (default)
2020-07-16 01:26:47,712 [pool-622-thread-1] INFO  server.RaftServerConfigKeys (ConfUtils.java:logGet(44)) - raft.server.log.appender.install.snapshot.enabled = false (custom)
2020-07-16 01:26:47,712 [pool-622-thread-1] INFO  impl.RaftServerImpl (ServerState.java:<init>(103)) - 0d7ca1fc-c748-4a3b-b490-134ac7c4e42e@group-75FC801D37A3: ConfigurationManager, init=-1: [cde49d58-fad6-4a1c-b9d6-c55ba7272aa2:172.17.0.2:41443, 3a8955bd-c76c-48e8-b23e-7dc5c0b97792:172.17.0.2:37477, 0d7ca1fc-c748-4a3b-b490-134ac7c4e42e:172.17.0.2:41279], old=null, confs=<EMPTY_MAP>
2020-07-16 01:26:47,712 [pool-622-thread-1] INFO  server.RaftServerConfigKeys (ConfUtils.java:logGet(44)) - raft.server.storage.dir = [/github/workspace/mnt/ozone/hadoop-ozone/integration-test/target/test-dir/MiniOzoneClusterImpl-adff4ecb-6e1a-4bbe-b65d-469fb2d670c7/datanode-8/data/ratis] (custom)
2020-07-16 01:26:47,712 [pool-622-thread-1] INFO  server.RaftServerConfigKeys (ConfUtils.java:logGet(44)) - raft.server.log.corruption.policy = EXCEPTION (default)
2020-07-16 01:26:47,712 [pool-622-thread-1] INFO  storage.RaftStorageDirectory (RaftStorageDirectory.java:analyzeStorage(261)) - The storage directory /github/workspace/mnt/ozone/hadoop-ozone/integration-test/target/test-dir/MiniOzoneClusterImpl-adff4ecb-6e1a-4bbe-b65d-469fb2d670c7/datanode-8/data/ratis/de9b0c97-aacb-459d-bb46-75fc801d37a3 does not exist. Creating ...
2020-07-16 01:26:47,713 [pool-622-thread-1] INFO  storage.RaftStorageDirectory (RaftStorageDirectory.java:tryLock(343)) - Lock on /github/workspace/mnt/ozone/hadoop-ozone/integration-test/target/test-dir/MiniOzoneClusterImpl-adff4ecb-6e1a-4bbe-b65d-469fb2d670c7/datanode-8/data/ratis/de9b0c97-aacb-459d-bb46-75fc801d37a3/in_use.lock acquired by nodename 1306@3db59c8b2b88
2020-07-16 01:26:47,714 [pool-622-thread-1] INFO  storage.RaftStorage (RaftStorage.java:format(84)) - Storage directory /github/workspace/mnt/ozone/hadoop-ozone/integration-test/target/test-dir/MiniOzoneClusterImpl-adff4ecb-6e1a-4bbe-b65d-469fb2d670c7/datanode-8/data/ratis/de9b0c97-aacb-459d-bb46-75fc801d37a3 has been successfully formatted.
2020-07-16 01:26:47,715 [pool-622-thread-1] INFO  ratis.ContainerStateMachine (ContainerStateMachine.java:loadSnapshot(225)) - group-75FC801D37A3: The snapshot info is null. Setting the last applied indexto:(t:0, i:~)
2020-07-16 01:26:47,715 [pool-622-thread-1] INFO  server.RaftServerConfigKeys (ConfUtils.java:logGet(44)) - raft.server.notification.no-leader.timeout = 60s (default)
2020-07-16 01:26:47,715 [pool-622-thread-1] INFO  server.RaftServerConfigKeys (ConfUtils.java:logGet(44)) - raft.server.log.use.memory = false (default)
2020-07-16 01:26:47,715 [pool-622-thread-1] INFO  server.RaftServerConfigKeys (ConfUtils.java:logGet(44)) - raft.server.log.purge.gap = 1000000 (custom)
2020-07-16 01:26:47,715 [pool-622-thread-1] INFO  server.RaftServerConfigKeys (ConfUtils.java:logGet(44)) - raft.server.log.appender.buffer.byte-limit = 33554432 (custom)
2020-07-16 01:26:47,715 [pool-622-thread-1] INFO  server.RaftServerConfigKeys (ConfUtils.java:logGet(44)) - raft.server.log.segment.size.max = 1048576 (custom)
2020-07-16 01:26:47,715 [pool-622-thread-1] INFO  metrics.RatisMetrics (RatisMetrics.java:lambda$create$0(36)) - Creating Metrics Registry : ratis.log_worker.0d7ca1fc-c748-4a3b-b490-134ac7c4e42e@group-75FC801D37A3
2020-07-16 01:26:47,716 [pool-622-thread-1] INFO  server.RaftServerConfigKeys (ConfUtils.java:logGet(44)) - raft.server.log.segment.cache.num.max = 2 (custom)
2020-07-16 01:26:47,716 [pool-622-thread-1] INFO  segmented.SegmentedRaftLogWorker (SegmentedRaftLogWorker.java:<init>(180)) - new 0d7ca1fc-c748-4a3b-b490-134ac7c4e42e@group-75FC801D37A3-SegmentedRaftLogWorker for RaftStorage:Storage Directory /github/workspace/mnt/ozone/hadoop-ozone/integration-test/target/test-dir/MiniOzoneClusterImpl-adff4ecb-6e1a-4bbe-b65d-469fb2d670c7/datanode-8/data/ratis/de9b0c97-aacb-459d-bb46-75fc801d37a3
2020-07-16 01:26:47,716 [pool-622-thread-1] INFO  server.RaftServerConfigKeys (ConfUtils.java:logGet(44)) - raft.server.log.queue.byte-limit = 2147483647 (custom)
2020-07-16 01:26:47,716 [pool-622-thread-1] INFO  server.RaftServerConfigKeys (ConfUtils.java:logGet(44)) - raft.server.log.queue.element-limit = 1024 (custom)
2020-07-16 01:26:47,716 [pool-622-thread-1] INFO  server.RaftServerConfigKeys (ConfUtils.java:logGet(44)) - raft.server.log.segment.size.max = 1048576 (custom)
2020-07-16 01:26:47,716 [pool-622-thread-1] INFO  server.RaftServerConfigKeys (ConfUtils.java:logGet(44)) - raft.server.log.preallocated.size = 16384 (custom)
2020-07-16 01:26:47,716 [pool-622-thread-1] INFO  server.RaftServerConfigKeys (ConfUtils.java:logGet(44)) - raft.server.log.write.buffer.size = 1048576 (custom)
2020-07-16 01:26:47,716 [pool-622-thread-1] INFO  server.RaftServerConfigKeys (ConfUtils.java:logGet(44)) - raft.server.log.force.sync.num = 128 (default)
2020-07-16 01:26:47,716 [pool-622-thread-1] INFO  server.RaftServerConfigKeys (ConfUtils.java:logGet(44)) - raft.server.log.statemachine.data.sync = true (default)
2020-07-16 01:26:47,716 [pool-622-thread-1] INFO  server.RaftServerConfigKeys (ConfUtils.java:logGet(44)) - raft.server.log.statemachine.data.sync.timeout = 10s (default)
2020-07-16 01:26:47,716 [pool-622-thread-1] INFO  server.RaftServerConfigKeys (ConfUtils.java:logGet(44)) - raft.server.log.statemachine.data.sync.timeout.retry = -1 (default)
2020-07-16 01:26:47,719 [pool-622-thread-1] INFO  server.RaftServerConfigKeys (ConfUtils.java:logGet(44)) - raft.server.log.statemachine.data.caching.enabled = true (custom)
2020-07-16 01:26:47,719 [pool-622-thread-1] INFO  segmented.SegmentedRaftLogWorker (SegmentedRaftLogWorker.java:lambda$new$0(129)) - 0d7ca1fc-c748-4a3b-b490-134ac7c4e42e@group-75FC801D37A3-SegmentedRaftLogWorker: flushIndex: setUnconditionally 0 -> -1
2020-07-16 01:26:47,719 [pool-622-thread-1] INFO  segmented.SegmentedRaftLogWorker (SegmentedRaftLogWorker.java:lambda$new$0(129)) - 0d7ca1fc-c748-4a3b-b490-134ac7c4e42e@group-75FC801D37A3-SegmentedRaftLogWorker: safeCacheEvictIndex: setUnconditionally 0 -> -1
2020-07-16 01:26:47,719 [pool-622-thread-1] INFO  server.RaftServerConfigKeys (ConfUtils.java:logGet(44)) - raft.server.snapshot.auto.trigger.enabled = true (custom)
2020-07-16 01:26:47,719 [pool-622-thread-1] INFO  server.RaftServerConfigKeys (ConfUtils.java:logGet(44)) - raft.server.snapshot.auto.trigger.threshold = 10000 (custom)
2020-07-16 01:26:47,719 [pool-622-thread-1] INFO  server.RaftServerConfigKeys (ConfUtils.java:logGet(44)) - raft.server.snapshot.retention.file.num = 5 (custom)
2020-07-16 01:26:47,719 [pool-622-thread-1] INFO  server.RaftServerConfigKeys (ConfUtils.java:logGet(44)) - raft.server.log.purge.upto.snapshot.index = false (default)
2020-07-16 01:26:47,719 [pool-622-thread-1] INFO  server.RaftServerConfigKeys (ConfUtils.java:logGet(44)) - raft.server.retrycache.expirytime = 600000ms (custom)
2020-07-16 01:26:47,719 [pool-622-thread-1] INFO  metrics.RatisMetrics (RatisMetrics.java:lambda$create$0(36)) - Creating Metrics Registry : ratis.leader_election.0d7ca1fc-c748-4a3b-b490-134ac7c4e42e@group-75FC801D37A3
2020-07-16 01:26:47,720 [pool-622-thread-1] INFO  metrics.RatisMetrics (RatisMetrics.java:lambda$create$0(36)) - Creating Metrics Registry : ratis.server.0d7ca1fc-c748-4a3b-b490-134ac7c4e42e@group-75FC801D37A3
2020-07-16 01:26:47,722 [pool-622-thread-1] INFO  impl.RaftServerImpl (RaftServerImpl.java:start(186)) - 0d7ca1fc-c748-4a3b-b490-134ac7c4e42e@group-75FC801D37A3: start as a follower, conf=-1: [cde49d58-fad6-4a1c-b9d6-c55ba7272aa2:172.17.0.2:41443, 3a8955bd-c76c-48e8-b23e-7dc5c0b97792:172.17.0.2:37477, 0d7ca1fc-c748-4a3b-b490-134ac7c4e42e:172.17.0.2:41279], old=null
2020-07-16 01:26:47,722 [pool-622-thread-1] INFO  impl.RaftServerImpl (RaftServerImpl.java:setRole(175)) - 0d7ca1fc-c748-4a3b-b490-134ac7c4e42e@group-75FC801D37A3: changes role from      null to FOLLOWER at term 0 for startAsFollower
2020-07-16 01:26:47,722 [pool-622-thread-1] INFO  impl.RoleInfo (RoleInfo.java:updateAndGet(143)) - 0d7ca1fc-c748-4a3b-b490-134ac7c4e42e: start FollowerState
2020-07-16 01:26:47,722 [pool-622-thread-1] INFO  util.JmxRegister (JmxRegister.java:tryRegister(44)) - Successfully registered JMX Bean with object name Ratis:service=RaftServer,group=group-75FC801D37A3,id=0d7ca1fc-c748-4a3b-b490-134ac7c4e42e
2020-07-16 01:26:47,722 [pool-622-thread-1] INFO  metrics.RatisMetrics (RatisMetrics.java:lambda$create$0(36)) - Creating Metrics Registry : ratis.state_machine.0d7ca1fc-c748-4a3b-b490-134ac7c4e42e@group-75FC801D37A3
2020-07-16 01:26:47,726 [Command processor thread] INFO  commandhandler.CreatePipelineCommandHandler (CreatePipelineCommandHandler.java:handle(109)) - Created Pipeline RATIS THREE #id: "de9b0c97-aacb-459d-bb46-75fc801d37a3"
uuid128 {
  mostSigBits: -2406315730354354787
  leastSigBits: -4952141012905674845
}
.
2020-07-16 01:26:47,750 [Command processor thread] INFO  impl.RaftServerProxy (RaftServerProxy.java:addNew(89)) - 3a8955bd-c76c-48e8-b23e-7dc5c0b97792: addNew group-88CCA2BB500C:[3a8955bd-c76c-48e8-b23e-7dc5c0b97792:172.17.0.2:37477] returns group-88CCA2BB500C:java.util.concurrent.CompletableFuture@58fcbc37[Not completed]
2020-07-16 01:26:47,751 [pool-607-thread-1] INFO  impl.RaftServerImpl (RaftServerImpl.java:<init>(99)) - 3a8955bd-c76c-48e8-b23e-7dc5c0b97792: new RaftServerImpl for group-88CCA2BB500C:[3a8955bd-c76c-48e8-b23e-7dc5c0b97792:172.17.0.2:37477] with ContainerStateMachine:uninitialized
2020-07-16 01:26:47,751 [pool-607-thread-1] INFO  server.RaftServerConfigKeys (ConfUtils.java:logGet(44)) - raft.server.rpc.timeout.min = 5s (custom)
2020-07-16 01:26:47,751 [pool-607-thread-1] INFO  server.RaftServerConfigKeys (ConfUtils.java:logGet(44)) - raft.server.rpc.timeout.max = 5200ms (custom)
2020-07-16 01:26:47,751 [pool-607-thread-1] INFO  server.RaftServerConfigKeys (ConfUtils.java:logGet(44)) - raft.server.rpcslowness.timeout = 300000ms (custom)
2020-07-16 01:26:47,751 [pool-607-thread-1] INFO  server.RaftServerConfigKeys (ConfUtils.java:logGet(44)) - raft.server.sleep.deviation.threshold = 300 (default)
2020-07-16 01:26:47,751 [pool-607-thread-1] INFO  server.RaftServerConfigKeys (ConfUtils.java:logGet(44)) - raft.server.log.appender.install.snapshot.enabled = false (custom)
2020-07-16 01:26:47,751 [pool-607-thread-1] INFO  impl.RaftServerImpl (ServerState.java:<init>(103)) - 3a8955bd-c76c-48e8-b23e-7dc5c0b97792@group-88CCA2BB500C: ConfigurationManager, init=-1: [3a8955bd-c76c-48e8-b23e-7dc5c0b97792:172.17.0.2:37477], old=null, confs=<EMPTY_MAP>
2020-07-16 01:26:47,751 [pool-607-thread-1] INFO  server.RaftServerConfigKeys (ConfUtils.java:logGet(44)) - raft.server.storage.dir = [/github/workspace/mnt/ozone/hadoop-ozone/integration-test/target/test-dir/MiniOzoneClusterImpl-adff4ecb-6e1a-4bbe-b65d-469fb2d670c7/datanode-7/data/ratis] (custom)
2020-07-16 01:26:47,752 [pool-607-thread-1] INFO  server.RaftServerConfigKeys (ConfUtils.java:logGet(44)) - raft.server.log.corruption.policy = EXCEPTION (default)
2020-07-16 01:26:47,752 [pool-607-thread-1] INFO  storage.RaftStorageDirectory (RaftStorageDirectory.java:analyzeStorage(261)) - The storage directory /github/workspace/mnt/ozone/hadoop-ozone/integration-test/target/test-dir/MiniOzoneClusterImpl-adff4ecb-6e1a-4bbe-b65d-469fb2d670c7/datanode-7/data/ratis/4b63a550-f1ba-48dc-9022-88cca2bb500c does not exist. Creating ...
2020-07-16 01:26:47,753 [pool-607-thread-1] INFO  storage.RaftStorageDirectory (RaftStorageDirectory.java:tryLock(343)) - Lock on /github/workspace/mnt/ozone/hadoop-ozone/integration-test/target/test-dir/MiniOzoneClusterImpl-adff4ecb-6e1a-4bbe-b65d-469fb2d670c7/datanode-7/data/ratis/4b63a550-f1ba-48dc-9022-88cca2bb500c/in_use.lock acquired by nodename 1306@3db59c8b2b88
2020-07-16 01:26:47,754 [pool-607-thread-1] INFO  storage.RaftStorage (RaftStorage.java:format(84)) - Storage directory /github/workspace/mnt/ozone/hadoop-ozone/integration-test/target/test-dir/MiniOzoneClusterImpl-adff4ecb-6e1a-4bbe-b65d-469fb2d670c7/datanode-7/data/ratis/4b63a550-f1ba-48dc-9022-88cca2bb500c has been successfully formatted.
2020-07-16 01:26:47,755 [EventQueue-PipelineReportForPipelineReportHandler] INFO  pipeline.PipelineStateManager (PipelineStateManager.java:openPipeline(131)) - Pipeline Pipeline[ Id: 4b63a550-f1ba-48dc-9022-88cca2bb500c, Nodes: 3a8955bd-c76c-48e8-b23e-7dc5c0b97792{ip: 172.17.0.2, host: 3db59c8b2b88, networkLocation: /default-rack, certSerialId: null}, Type:RATIS, Factor:ONE, State:ALLOCATED, leaderId:3a8955bd-c76c-48e8-b23e-7dc5c0b97792, CreationTimestamp2020-07-16T01:26:44.750Z] moved to OPEN state
2020-07-16 01:26:47,755 [EventQueue-OpenPipelineForHealthyPipelineSafeModeRule] INFO  safemode.SCMSafeModeManager (HealthyPipelineSafeModeRule.java:process(129)) - SCM in safe mode. Healthy pipelines reported count is 0, required healthy pipeline reported count is 1
2020-07-16 01:26:47,755 [EventQueue-OpenPipelineForOneReplicaPipelineSafeModeRule] INFO  safemode.SCMSafeModeManager (SCMSafeModeManager.java:validateSafeModeExitRules(214)) - AtleastOneDatanodeReportedRule rule is successfully validated
2020-07-16 01:26:47,755 [pool-607-thread-1] INFO  ratis.ContainerStateMachine (ContainerStateMachine.java:loadSnapshot(225)) - group-88CCA2BB500C: The snapshot info is null. Setting the last applied indexto:(t:0, i:~)
2020-07-16 01:26:47,755 [pool-607-thread-1] INFO  server.RaftServerConfigKeys (ConfUtils.java:logGet(44)) - raft.server.notification.no-leader.timeout = 60s (default)
2020-07-16 01:26:47,755 [pool-607-thread-1] INFO  server.RaftServerConfigKeys (ConfUtils.java:logGet(44)) - raft.server.log.use.memory = false (default)
2020-07-16 01:26:47,755 [pool-607-thread-1] INFO  server.RaftServerConfigKeys (ConfUtils.java:logGet(44)) - raft.server.log.purge.gap = 1000000 (custom)
2020-07-16 01:26:47,755 [pool-607-thread-1] INFO  server.RaftServerConfigKeys (ConfUtils.java:logGet(44)) - raft.server.log.appender.buffer.byte-limit = 33554432 (custom)
2020-07-16 01:26:47,755 [pool-607-thread-1] INFO  server.RaftServerConfigKeys (ConfUtils.java:logGet(44)) - raft.server.log.segment.size.max = 1048576 (custom)
2020-07-16 01:26:47,755 [pool-607-thread-1] INFO  metrics.RatisMetrics (RatisMetrics.java:lambda$create$0(36)) - Creating Metrics Registry : ratis.log_worker.3a8955bd-c76c-48e8-b23e-7dc5c0b97792@group-88CCA2BB500C
2020-07-16 01:26:47,756 [pool-607-thread-1] INFO  server.RaftServerConfigKeys (ConfUtils.java:logGet(44)) - raft.server.log.segment.cache.num.max = 2 (custom)
2020-07-16 01:26:47,756 [pool-607-thread-1] INFO  segmented.SegmentedRaftLogWorker (SegmentedRaftLogWorker.java:<init>(180)) - new 3a8955bd-c76c-48e8-b23e-7dc5c0b97792@group-88CCA2BB500C-SegmentedRaftLogWorker for RaftStorage:Storage Directory /github/workspace/mnt/ozone/hadoop-ozone/integration-test/target/test-dir/MiniOzoneClusterImpl-adff4ecb-6e1a-4bbe-b65d-469fb2d670c7/datanode-7/data/ratis/4b63a550-f1ba-48dc-9022-88cca2bb500c
2020-07-16 01:26:47,756 [pool-607-thread-1] INFO  server.RaftServerConfigKeys (ConfUtils.java:logGet(44)) - raft.server.log.queue.byte-limit = 2147483647 (custom)
2020-07-16 01:26:47,756 [pool-607-thread-1] INFO  server.RaftServerConfigKeys (ConfUtils.java:logGet(44)) - raft.server.log.queue.element-limit = 1024 (custom)
2020-07-16 01:26:47,756 [pool-607-thread-1] INFO  server.RaftServerConfigKeys (ConfUtils.java:logGet(44)) - raft.server.log.segment.size.max = 1048576 (custom)
2020-07-16 01:26:47,756 [pool-607-thread-1] INFO  server.RaftServerConfigKeys (ConfUtils.java:logGet(44)) - raft.server.log.preallocated.size = 16384 (custom)
2020-07-16 01:26:47,756 [pool-607-thread-1] INFO  server.RaftServerConfigKeys (ConfUtils.java:logGet(44)) - raft.server.log.write.buffer.size = 1048576 (custom)
2020-07-16 01:26:47,756 [pool-607-thread-1] INFO  server.RaftServerConfigKeys (ConfUtils.java:logGet(44)) - raft.server.log.force.sync.num = 128 (default)
2020-07-16 01:26:47,756 [pool-607-thread-1] INFO  server.RaftServerConfigKeys (ConfUtils.java:logGet(44)) - raft.server.log.statemachine.data.sync = true (default)
2020-07-16 01:26:47,756 [pool-607-thread-1] INFO  server.RaftServerConfigKeys (ConfUtils.java:logGet(44)) - raft.server.log.statemachine.data.sync.timeout = 10s (default)
2020-07-16 01:26:47,756 [pool-607-thread-1] INFO  server.RaftServerConfigKeys (ConfUtils.java:logGet(44)) - raft.server.log.statemachine.data.sync.timeout.retry = -1 (default)
2020-07-16 01:26:47,758 [pool-607-thread-1] INFO  server.RaftServerConfigKeys (ConfUtils.java:logGet(44)) - raft.server.log.statemachine.data.caching.enabled = true (custom)
2020-07-16 01:26:47,758 [pool-607-thread-1] INFO  segmented.SegmentedRaftLogWorker (SegmentedRaftLogWorker.java:lambda$new$0(129)) - 3a8955bd-c76c-48e8-b23e-7dc5c0b97792@group-88CCA2BB500C-SegmentedRaftLogWorker: flushIndex: setUnconditionally 0 -> -1
2020-07-16 01:26:47,759 [pool-607-thread-1] INFO  segmented.SegmentedRaftLogWorker (SegmentedRaftLogWorker.java:lambda$new$0(129)) - 3a8955bd-c76c-48e8-b23e-7dc5c0b97792@group-88CCA2BB500C-SegmentedRaftLogWorker: safeCacheEvictIndex: setUnconditionally 0 -> -1
2020-07-16 01:26:47,759 [pool-607-thread-1] INFO  server.RaftServerConfigKeys (ConfUtils.java:logGet(44)) - raft.server.snapshot.auto.trigger.enabled = true (custom)
2020-07-16 01:26:47,759 [pool-607-thread-1] INFO  server.RaftServerConfigKeys (ConfUtils.java:logGet(44)) - raft.server.snapshot.auto.trigger.threshold = 10000 (custom)
2020-07-16 01:26:47,759 [pool-607-thread-1] INFO  server.RaftServerConfigKeys (ConfUtils.java:logGet(44)) - raft.server.snapshot.retention.file.num = 5 (custom)
2020-07-16 01:26:47,759 [pool-607-thread-1] INFO  server.RaftServerConfigKeys (ConfUtils.java:logGet(44)) - raft.server.log.purge.upto.snapshot.index = false (default)
2020-07-16 01:26:47,759 [pool-607-thread-1] INFO  server.RaftServerConfigKeys (ConfUtils.java:logGet(44)) - raft.server.retrycache.expirytime = 600000ms (custom)
2020-07-16 01:26:47,759 [pool-607-thread-1] INFO  metrics.RatisMetrics (RatisMetrics.java:lambda$create$0(36)) - Creating Metrics Registry : ratis.leader_election.3a8955bd-c76c-48e8-b23e-7dc5c0b97792@group-88CCA2BB500C
2020-07-16 01:26:47,760 [pool-607-thread-1] INFO  metrics.RatisMetrics (RatisMetrics.java:lambda$create$0(36)) - Creating Metrics Registry : ratis.server.3a8955bd-c76c-48e8-b23e-7dc5c0b97792@group-88CCA2BB500C
2020-07-16 01:26:47,761 [pool-607-thread-1] INFO  impl.RaftServerImpl (RaftServerImpl.java:start(186)) - 3a8955bd-c76c-48e8-b23e-7dc5c0b97792@group-88CCA2BB500C: start as a follower, conf=-1: [3a8955bd-c76c-48e8-b23e-7dc5c0b97792:172.17.0.2:37477], old=null
2020-07-16 01:26:47,761 [pool-607-thread-1] INFO  impl.RaftServerImpl (RaftServerImpl.java:setRole(175)) - 3a8955bd-c76c-48e8-b23e-7dc5c0b97792@group-88CCA2BB500C: changes role from      null to FOLLOWER at term 0 for startAsFollower
2020-07-16 01:26:47,761 [pool-607-thread-1] INFO  impl.RoleInfo (RoleInfo.java:updateAndGet(143)) - 3a8955bd-c76c-48e8-b23e-7dc5c0b97792: start FollowerState
2020-07-16 01:26:47,762 [pool-607-thread-1] INFO  util.JmxRegister (JmxRegister.java:tryRegister(44)) - Successfully registered JMX Bean with object name Ratis:service=RaftServer,group=group-88CCA2BB500C,id=3a8955bd-c76c-48e8-b23e-7dc5c0b97792
2020-07-16 01:26:47,762 [pool-607-thread-1] INFO  metrics.RatisMetrics (RatisMetrics.java:lambda$create$0(36)) - Creating Metrics Registry : ratis.state_machine.3a8955bd-c76c-48e8-b23e-7dc5c0b97792@group-88CCA2BB500C
2020-07-16 01:26:47,763 [Command processor thread] INFO  commandhandler.CreatePipelineCommandHandler (CreatePipelineCommandHandler.java:handle(109)) - Created Pipeline RATIS ONE #id: "4b63a550-f1ba-48dc-9022-88cca2bb500c"
uuid128 {
  mostSigBits: 5432367342610434268
  leastSigBits: -8060729970554875892
}
.
2020-07-16 01:26:47,925 [Listener at 127.0.0.1/35581] INFO  ozone.MiniOzoneClusterImpl (MiniOzoneClusterImpl.java:lambda$waitForClusterToBeReady$0(177)) - Nodes are ready. Got 9 of 9 DN Heartbeats.
2020-07-16 01:26:47,925 [Listener at 127.0.0.1/35581] INFO  ozone.MiniOzoneClusterImpl (MiniOzoneClusterImpl.java:lambda$waitForClusterToBeReady$0(180)) - Waiting for cluster to exit safe mode
2020-07-16 01:26:47,928 [Command processor thread] INFO  impl.RaftServerProxy (RaftServerProxy.java:addNew(89)) - 0d7ca1fc-c748-4a3b-b490-134ac7c4e42e: addNew group-6E7C7950E886:[0d7ca1fc-c748-4a3b-b490-134ac7c4e42e:172.17.0.2:41279] returns group-6E7C7950E886:java.util.concurrent.CompletableFuture@134d322a[Not completed]
2020-07-16 01:26:47,929 [pool-622-thread-1] INFO  impl.RaftServerImpl (RaftServerImpl.java:<init>(99)) - 0d7ca1fc-c748-4a3b-b490-134ac7c4e42e: new RaftServerImpl for group-6E7C7950E886:[0d7ca1fc-c748-4a3b-b490-134ac7c4e42e:172.17.0.2:41279] with ContainerStateMachine:uninitialized
2020-07-16 01:26:47,929 [pool-622-thread-1] INFO  server.RaftServerConfigKeys (ConfUtils.java:logGet(44)) - raft.server.rpc.timeout.min = 5s (custom)
2020-07-16 01:26:47,929 [pool-622-thread-1] INFO  server.RaftServerConfigKeys (ConfUtils.java:logGet(44)) - raft.server.rpc.timeout.max = 5200ms (custom)
2020-07-16 01:26:47,929 [pool-622-thread-1] INFO  server.RaftServerConfigKeys (ConfUtils.java:logGet(44)) - raft.server.rpcslowness.timeout = 300000ms (custom)
2020-07-16 01:26:47,929 [pool-622-thread-1] INFO  server.RaftServerConfigKeys (ConfUtils.java:logGet(44)) - raft.server.sleep.deviation.threshold = 300 (default)
2020-07-16 01:26:47,929 [pool-622-thread-1] INFO  server.RaftServerConfigKeys (ConfUtils.java:logGet(44)) - raft.server.log.appender.install.snapshot.enabled = false (custom)
2020-07-16 01:26:47,929 [pool-622-thread-1] INFO  impl.RaftServerImpl (ServerState.java:<init>(103)) - 0d7ca1fc-c748-4a3b-b490-134ac7c4e42e@group-6E7C7950E886: ConfigurationManager, init=-1: [0d7ca1fc-c748-4a3b-b490-134ac7c4e42e:172.17.0.2:41279], old=null, confs=<EMPTY_MAP>
2020-07-16 01:26:47,929 [pool-622-thread-1] INFO  server.RaftServerConfigKeys (ConfUtils.java:logGet(44)) - raft.server.storage.dir = [/github/workspace/mnt/ozone/hadoop-ozone/integration-test/target/test-dir/MiniOzoneClusterImpl-adff4ecb-6e1a-4bbe-b65d-469fb2d670c7/datanode-8/data/ratis] (custom)
2020-07-16 01:26:47,930 [pool-622-thread-1] INFO  server.RaftServerConfigKeys (ConfUtils.java:logGet(44)) - raft.server.log.corruption.policy = EXCEPTION (default)
2020-07-16 01:26:47,930 [pool-622-thread-1] INFO  storage.RaftStorageDirectory (RaftStorageDirectory.java:analyzeStorage(261)) - The storage directory /github/workspace/mnt/ozone/hadoop-ozone/integration-test/target/test-dir/MiniOzoneClusterImpl-adff4ecb-6e1a-4bbe-b65d-469fb2d670c7/datanode-8/data/ratis/030f80a5-b15c-4b2d-9868-6e7c7950e886 does not exist. Creating ...
2020-07-16 01:26:47,931 [pool-622-thread-1] INFO  storage.RaftStorageDirectory (RaftStorageDirectory.java:tryLock(343)) - Lock on /github/workspace/mnt/ozone/hadoop-ozone/integration-test/target/test-dir/MiniOzoneClusterImpl-adff4ecb-6e1a-4bbe-b65d-469fb2d670c7/datanode-8/data/ratis/030f80a5-b15c-4b2d-9868-6e7c7950e886/in_use.lock acquired by nodename 1306@3db59c8b2b88
2020-07-16 01:26:47,932 [pool-622-thread-1] INFO  storage.RaftStorage (RaftStorage.java:format(84)) - Storage directory /github/workspace/mnt/ozone/hadoop-ozone/integration-test/target/test-dir/MiniOzoneClusterImpl-adff4ecb-6e1a-4bbe-b65d-469fb2d670c7/datanode-8/data/ratis/030f80a5-b15c-4b2d-9868-6e7c7950e886 has been successfully formatted.
2020-07-16 01:26:47,932 [pool-622-thread-1] INFO  ratis.ContainerStateMachine (ContainerStateMachine.java:loadSnapshot(225)) - group-6E7C7950E886: The snapshot info is null. Setting the last applied indexto:(t:0, i:~)
2020-07-16 01:26:47,933 [pool-622-thread-1] INFO  server.RaftServerConfigKeys (ConfUtils.java:logGet(44)) - raft.server.notification.no-leader.timeout = 60s (default)
2020-07-16 01:26:47,933 [pool-622-thread-1] INFO  server.RaftServerConfigKeys (ConfUtils.java:logGet(44)) - raft.server.log.use.memory = false (default)
2020-07-16 01:26:47,933 [pool-622-thread-1] INFO  server.RaftServerConfigKeys (ConfUtils.java:logGet(44)) - raft.server.log.purge.gap = 1000000 (custom)
2020-07-16 01:26:47,934 [EventQueue-PipelineReportForPipelineReportHandler] INFO  pipeline.PipelineStateManager (PipelineStateManager.java:openPipeline(131)) - Pipeline Pipeline[ Id: 030f80a5-b15c-4b2d-9868-6e7c7950e886, Nodes: 0d7ca1fc-c748-4a3b-b490-134ac7c4e42e{ip: 172.17.0.2, host: 3db59c8b2b88, networkLocation: /default-rack, certSerialId: null}, Type:RATIS, Factor:ONE, State:ALLOCATED, leaderId:0d7ca1fc-c748-4a3b-b490-134ac7c4e42e, CreationTimestamp2020-07-16T01:26:44.929Z] moved to OPEN state
2020-07-16 01:26:47,934 [EventQueue-OpenPipelineForHealthyPipelineSafeModeRule] INFO  safemode.SCMSafeModeManager (HealthyPipelineSafeModeRule.java:process(129)) - SCM in safe mode. Healthy pipelines reported count is 0, required healthy pipeline reported count is 1
2020-07-16 01:26:47,934 [EventQueue-OpenPipelineForOneReplicaPipelineSafeModeRule] INFO  safemode.SCMSafeModeManager (SCMSafeModeManager.java:validateSafeModeExitRules(214)) - AtleastOneDatanodeReportedRule rule is successfully validated
2020-07-16 01:26:47,934 [pool-622-thread-1] INFO  server.RaftServerConfigKeys (ConfUtils.java:logGet(44)) - raft.server.log.appender.buffer.byte-limit = 33554432 (custom)
2020-07-16 01:26:47,934 [pool-622-thread-1] INFO  server.RaftServerConfigKeys (ConfUtils.java:logGet(44)) - raft.server.log.segment.size.max = 1048576 (custom)
2020-07-16 01:26:47,934 [pool-622-thread-1] INFO  metrics.RatisMetrics (RatisMetrics.java:lambda$create$0(36)) - Creating Metrics Registry : ratis.log_worker.0d7ca1fc-c748-4a3b-b490-134ac7c4e42e@group-6E7C7950E886
2020-07-16 01:26:47,934 [pool-622-thread-1] INFO  server.RaftServerConfigKeys (ConfUtils.java:logGet(44)) - raft.server.log.segment.cache.num.max = 2 (custom)
2020-07-16 01:26:47,934 [pool-622-thread-1] INFO  segmented.SegmentedRaftLogWorker (SegmentedRaftLogWorker.java:<init>(180)) - new 0d7ca1fc-c748-4a3b-b490-134ac7c4e42e@group-6E7C7950E886-SegmentedRaftLogWorker for RaftStorage:Storage Directory /github/workspace/mnt/ozone/hadoop-ozone/integration-test/target/test-dir/MiniOzoneClusterImpl-adff4ecb-6e1a-4bbe-b65d-469fb2d670c7/datanode-8/data/ratis/030f80a5-b15c-4b2d-9868-6e7c7950e886
2020-07-16 01:26:47,935 [pool-622-thread-1] INFO  server.RaftServerConfigKeys (ConfUtils.java:logGet(44)) - raft.server.log.queue.byte-limit = 2147483647 (custom)
2020-07-16 01:26:47,935 [pool-622-thread-1] INFO  server.RaftServerConfigKeys (ConfUtils.java:logGet(44)) - raft.server.log.queue.element-limit = 1024 (custom)
2020-07-16 01:26:47,935 [pool-622-thread-1] INFO  server.RaftServerConfigKeys (ConfUtils.java:logGet(44)) - raft.server.log.segment.size.max = 1048576 (custom)
2020-07-16 01:26:47,935 [pool-622-thread-1] INFO  server.RaftServerConfigKeys (ConfUtils.java:logGet(44)) - raft.server.log.preallocated.size = 16384 (custom)
2020-07-16 01:26:47,935 [pool-622-thread-1] INFO  server.RaftServerConfigKeys (ConfUtils.java:logGet(44)) - raft.server.log.write.buffer.size = 1048576 (custom)
2020-07-16 01:26:47,935 [pool-622-thread-1] INFO  server.RaftServerConfigKeys (ConfUtils.java:logGet(44)) - raft.server.log.force.sync.num = 128 (default)
2020-07-16 01:26:47,935 [pool-622-thread-1] INFO  server.RaftServerConfigKeys (ConfUtils.java:logGet(44)) - raft.server.log.statemachine.data.sync = true (default)
2020-07-16 01:26:47,935 [pool-622-thread-1] INFO  server.RaftServerConfigKeys (ConfUtils.java:logGet(44)) - raft.server.log.statemachine.data.sync.timeout = 10s (default)
2020-07-16 01:26:47,935 [pool-622-thread-1] INFO  server.RaftServerConfigKeys (ConfUtils.java:logGet(44)) - raft.server.log.statemachine.data.sync.timeout.retry = -1 (default)
2020-07-16 01:26:47,937 [pool-622-thread-1] INFO  server.RaftServerConfigKeys (ConfUtils.java:logGet(44)) - raft.server.log.statemachine.data.caching.enabled = true (custom)
2020-07-16 01:26:47,937 [pool-622-thread-1] INFO  segmented.SegmentedRaftLogWorker (SegmentedRaftLogWorker.java:lambda$new$0(129)) - 0d7ca1fc-c748-4a3b-b490-134ac7c4e42e@group-6E7C7950E886-SegmentedRaftLogWorker: flushIndex: setUnconditionally 0 -> -1
2020-07-16 01:26:47,937 [pool-622-thread-1] INFO  segmented.SegmentedRaftLogWorker (SegmentedRaftLogWorker.java:lambda$new$0(129)) - 0d7ca1fc-c748-4a3b-b490-134ac7c4e42e@group-6E7C7950E886-SegmentedRaftLogWorker: safeCacheEvictIndex: setUnconditionally 0 -> -1
2020-07-16 01:26:47,938 [pool-622-thread-1] INFO  server.RaftServerConfigKeys (ConfUtils.java:logGet(44)) - raft.server.snapshot.auto.trigger.enabled = true (custom)
2020-07-16 01:26:47,938 [pool-622-thread-1] INFO  server.RaftServerConfigKeys (ConfUtils.java:logGet(44)) - raft.server.snapshot.auto.trigger.threshold = 10000 (custom)
2020-07-16 01:26:47,938 [pool-622-thread-1] INFO  server.RaftServerConfigKeys (ConfUtils.java:logGet(44)) - raft.server.snapshot.retention.file.num = 5 (custom)
2020-07-16 01:26:47,938 [pool-622-thread-1] INFO  server.RaftServerConfigKeys (ConfUtils.java:logGet(44)) - raft.server.log.purge.upto.snapshot.index = false (default)
2020-07-16 01:26:47,938 [pool-622-thread-1] INFO  server.RaftServerConfigKeys (ConfUtils.java:logGet(44)) - raft.server.retrycache.expirytime = 600000ms (custom)
2020-07-16 01:26:47,938 [pool-622-thread-1] INFO  metrics.RatisMetrics (RatisMetrics.java:lambda$create$0(36)) - Creating Metrics Registry : ratis.leader_election.0d7ca1fc-c748-4a3b-b490-134ac7c4e42e@group-6E7C7950E886
2020-07-16 01:26:47,939 [pool-622-thread-1] INFO  metrics.RatisMetrics (RatisMetrics.java:lambda$create$0(36)) - Creating Metrics Registry : ratis.server.0d7ca1fc-c748-4a3b-b490-134ac7c4e42e@group-6E7C7950E886
2020-07-16 01:26:47,941 [pool-622-thread-1] INFO  impl.RaftServerImpl (RaftServerImpl.java:start(186)) - 0d7ca1fc-c748-4a3b-b490-134ac7c4e42e@group-6E7C7950E886: start as a follower, conf=-1: [0d7ca1fc-c748-4a3b-b490-134ac7c4e42e:172.17.0.2:41279], old=null
2020-07-16 01:26:47,941 [pool-622-thread-1] INFO  impl.RaftServerImpl (RaftServerImpl.java:setRole(175)) - 0d7ca1fc-c748-4a3b-b490-134ac7c4e42e@group-6E7C7950E886: changes role from      null to FOLLOWER at term 0 for startAsFollower
2020-07-16 01:26:47,941 [pool-622-thread-1] INFO  impl.RoleInfo (RoleInfo.java:updateAndGet(143)) - 0d7ca1fc-c748-4a3b-b490-134ac7c4e42e: start FollowerState
2020-07-16 01:26:47,941 [pool-622-thread-1] INFO  util.JmxRegister (JmxRegister.java:tryRegister(44)) - Successfully registered JMX Bean with object name Ratis:service=RaftServer,group=group-6E7C7950E886,id=0d7ca1fc-c748-4a3b-b490-134ac7c4e42e
2020-07-16 01:26:47,941 [pool-622-thread-1] INFO  metrics.RatisMetrics (RatisMetrics.java:lambda$create$0(36)) - Creating Metrics Registry : ratis.state_machine.0d7ca1fc-c748-4a3b-b490-134ac7c4e42e@group-6E7C7950E886
2020-07-16 01:26:47,942 [Command processor thread] INFO  commandhandler.CreatePipelineCommandHandler (CreatePipelineCommandHandler.java:handle(109)) - Created Pipeline RATIS ONE #id: "030f80a5-b15c-4b2d-9868-6e7c7950e886"
uuid128 {
  mostSigBits: 220536355898018605
  leastSigBits: -7464594901476251514
}
.
2020-07-16 01:26:48,925 [Listener at 127.0.0.1/35581] INFO  ozone.MiniOzoneClusterImpl (MiniOzoneClusterImpl.java:lambda$waitForClusterToBeReady$0(177)) - Nodes are ready. Got 9 of 9 DN Heartbeats.
2020-07-16 01:26:48,926 [Listener at 127.0.0.1/35581] INFO  ozone.MiniOzoneClusterImpl (MiniOzoneClusterImpl.java:lambda$waitForClusterToBeReady$0(180)) - Waiting for cluster to exit safe mode
2020-07-16 01:26:49,926 [Listener at 127.0.0.1/35581] INFO  ozone.MiniOzoneClusterImpl (MiniOzoneClusterImpl.java:lambda$waitForClusterToBeReady$0(177)) - Nodes are ready. Got 9 of 9 DN Heartbeats.
2020-07-16 01:26:49,926 [Listener at 127.0.0.1/35581] INFO  ozone.MiniOzoneClusterImpl (MiniOzoneClusterImpl.java:lambda$waitForClusterToBeReady$0(180)) - Waiting for cluster to exit safe mode
2020-07-16 01:26:50,926 [Listener at 127.0.0.1/35581] INFO  ozone.MiniOzoneClusterImpl (MiniOzoneClusterImpl.java:lambda$waitForClusterToBeReady$0(177)) - Nodes are ready. Got 9 of 9 DN Heartbeats.
2020-07-16 01:26:50,926 [Listener at 127.0.0.1/35581] INFO  ozone.MiniOzoneClusterImpl (MiniOzoneClusterImpl.java:lambda$waitForClusterToBeReady$0(180)) - Waiting for cluster to exit safe mode
2020-07-16 01:26:51,927 [Listener at 127.0.0.1/35581] INFO  ozone.MiniOzoneClusterImpl (MiniOzoneClusterImpl.java:lambda$waitForClusterToBeReady$0(177)) - Nodes are ready. Got 9 of 9 DN Heartbeats.
2020-07-16 01:26:51,927 [Listener at 127.0.0.1/35581] INFO  ozone.MiniOzoneClusterImpl (MiniOzoneClusterImpl.java:lambda$waitForClusterToBeReady$0(180)) - Waiting for cluster to exit safe mode
2020-07-16 01:26:52,029 [Thread-1754] INFO  impl.FollowerState (FollowerState.java:run(108)) - 6cf088d4-e8fe-406b-b923-9009336d08dc@group-5D5E8C8D66CB-FollowerState: change to CANDIDATE, lastRpcTime:5004ms, electionTimeout:5004ms
2020-07-16 01:26:52,030 [Thread-1754] INFO  impl.RoleInfo (RoleInfo.java:shutdownFollowerState(121)) - 6cf088d4-e8fe-406b-b923-9009336d08dc: shutdown FollowerState
2020-07-16 01:26:52,030 [Thread-1754] INFO  impl.RaftServerImpl (RaftServerImpl.java:setRole(175)) - 6cf088d4-e8fe-406b-b923-9009336d08dc@group-5D5E8C8D66CB: changes role from  FOLLOWER to CANDIDATE at term 0 for changeToCandidate
2020-07-16 01:26:52,030 [Thread-1754] INFO  impl.RoleInfo (RoleInfo.java:updateAndGet(143)) - 6cf088d4-e8fe-406b-b923-9009336d08dc: start LeaderElection
2020-07-16 01:26:52,035 [6cf088d4-e8fe-406b-b923-9009336d08dc@group-5D5E8C8D66CB-LeaderElection59] INFO  impl.LeaderElection (LeaderElection.java:askForVotes(206)) - 6cf088d4-e8fe-406b-b923-9009336d08dc@group-5D5E8C8D66CB-LeaderElection59: begin an election at term 1 for -1: [6cf088d4-e8fe-406b-b923-9009336d08dc:172.17.0.2:45479, 70adf62e-3478-4f38-8b67-f629eec991ca:172.17.0.2:41331, f74d67dd-9c6e-44ac-afd1-21949323d30e:172.17.0.2:41499], old=null
2020-07-16 01:26:52,039 [Thread-1749] INFO  impl.FollowerState (FollowerState.java:run(108)) - 70adf62e-3478-4f38-8b67-f629eec991ca@group-5D5E8C8D66CB-FollowerState: change to CANDIDATE, lastRpcTime:5064ms, electionTimeout:5064ms
2020-07-16 01:26:52,039 [Thread-1749] INFO  impl.RoleInfo (RoleInfo.java:shutdownFollowerState(121)) - 70adf62e-3478-4f38-8b67-f629eec991ca: shutdown FollowerState
2020-07-16 01:26:52,039 [Thread-1749] INFO  impl.RaftServerImpl (RaftServerImpl.java:setRole(175)) - 70adf62e-3478-4f38-8b67-f629eec991ca@group-5D5E8C8D66CB: changes role from  FOLLOWER to CANDIDATE at term 0 for changeToCandidate
2020-07-16 01:26:52,040 [Thread-1749] INFO  impl.RoleInfo (RoleInfo.java:updateAndGet(143)) - 70adf62e-3478-4f38-8b67-f629eec991ca: start LeaderElection
2020-07-16 01:26:52,050 [Thread-1751] INFO  impl.FollowerState (FollowerState.java:run(108)) - f74d67dd-9c6e-44ac-afd1-21949323d30e@group-5D5E8C8D66CB-FollowerState: change to CANDIDATE, lastRpcTime:5052ms, electionTimeout:5052ms
2020-07-16 01:26:52,051 [70adf62e-3478-4f38-8b67-f629eec991ca@group-5D5E8C8D66CB-LeaderElection60] INFO  impl.LeaderElection (LeaderElection.java:askForVotes(206)) - 70adf62e-3478-4f38-8b67-f629eec991ca@group-5D5E8C8D66CB-LeaderElection60: begin an election at term 1 for -1: [6cf088d4-e8fe-406b-b923-9009336d08dc:172.17.0.2:45479, 70adf62e-3478-4f38-8b67-f629eec991ca:172.17.0.2:41331, f74d67dd-9c6e-44ac-afd1-21949323d30e:172.17.0.2:41499], old=null
2020-07-16 01:26:52,051 [Thread-1751] INFO  impl.RoleInfo (RoleInfo.java:shutdownFollowerState(121)) - f74d67dd-9c6e-44ac-afd1-21949323d30e: shutdown FollowerState
2020-07-16 01:26:52,051 [Thread-1751] INFO  impl.RaftServerImpl (RaftServerImpl.java:setRole(175)) - f74d67dd-9c6e-44ac-afd1-21949323d30e@group-5D5E8C8D66CB: changes role from  FOLLOWER to CANDIDATE at term 0 for changeToCandidate
2020-07-16 01:26:52,051 [Thread-1751] INFO  impl.RoleInfo (RoleInfo.java:updateAndGet(143)) - f74d67dd-9c6e-44ac-afd1-21949323d30e: start LeaderElection
2020-07-16 01:26:52,059 [Thread-1747] INFO  impl.FollowerState (FollowerState.java:run(108)) - 70adf62e-3478-4f38-8b67-f629eec991ca@group-8C93C2BB1447-FollowerState: change to CANDIDATE, lastRpcTime:5095ms, electionTimeout:5092ms
2020-07-16 01:26:52,059 [Thread-1747] INFO  impl.RoleInfo (RoleInfo.java:shutdownFollowerState(121)) - 70adf62e-3478-4f38-8b67-f629eec991ca: shutdown FollowerState
2020-07-16 01:26:52,059 [Thread-1747] INFO  impl.RaftServerImpl (RaftServerImpl.java:setRole(175)) - 70adf62e-3478-4f38-8b67-f629eec991ca@group-8C93C2BB1447: changes role from  FOLLOWER to CANDIDATE at term 0 for changeToCandidate
2020-07-16 01:26:52,059 [Thread-1747] INFO  impl.RoleInfo (RoleInfo.java:updateAndGet(143)) - 70adf62e-3478-4f38-8b67-f629eec991ca: start LeaderElection
2020-07-16 01:26:52,064 [f74d67dd-9c6e-44ac-afd1-21949323d30e@group-5D5E8C8D66CB-LeaderElection61] INFO  impl.LeaderElection (LeaderElection.java:askForVotes(206)) - f74d67dd-9c6e-44ac-afd1-21949323d30e@group-5D5E8C8D66CB-LeaderElection61: begin an election at term 1 for -1: [6cf088d4-e8fe-406b-b923-9009336d08dc:172.17.0.2:45479, 70adf62e-3478-4f38-8b67-f629eec991ca:172.17.0.2:41331, f74d67dd-9c6e-44ac-afd1-21949323d30e:172.17.0.2:41499], old=null
2020-07-16 01:26:52,076 [6cf088d4-e8fe-406b-b923-9009336d08dc@group-5D5E8C8D66CB-LeaderElection59] INFO  impl.LeaderElection (LeaderElection.java:logAndReturn(61)) - 6cf088d4-e8fe-406b-b923-9009336d08dc@group-5D5E8C8D66CB-LeaderElection59: Election REJECTED; received 2 response(s) [6cf088d4-e8fe-406b-b923-9009336d08dc<-70adf62e-3478-4f38-8b67-f629eec991ca#0:FAIL-t1, 6cf088d4-e8fe-406b-b923-9009336d08dc<-f74d67dd-9c6e-44ac-afd1-21949323d30e#0:FAIL-t1] and 0 exception(s); 6cf088d4-e8fe-406b-b923-9009336d08dc@group-5D5E8C8D66CB:t1, leader=null, voted=6cf088d4-e8fe-406b-b923-9009336d08dc, raftlog=6cf088d4-e8fe-406b-b923-9009336d08dc@group-5D5E8C8D66CB-SegmentedRaftLog:OPENED:c-1,f-1,i0, conf=-1: [6cf088d4-e8fe-406b-b923-9009336d08dc:172.17.0.2:45479, 70adf62e-3478-4f38-8b67-f629eec991ca:172.17.0.2:41331, f74d67dd-9c6e-44ac-afd1-21949323d30e:172.17.0.2:41499], old=null
2020-07-16 01:26:52,077 [6cf088d4-e8fe-406b-b923-9009336d08dc@group-5D5E8C8D66CB-LeaderElection59] INFO  impl.RaftServerImpl (RaftServerImpl.java:setRole(175)) - 6cf088d4-e8fe-406b-b923-9009336d08dc@group-5D5E8C8D66CB: changes role from CANDIDATE to FOLLOWER at term 1 for DISCOVERED_A_NEW_TERM
2020-07-16 01:26:52,077 [6cf088d4-e8fe-406b-b923-9009336d08dc@group-5D5E8C8D66CB-LeaderElection59] INFO  impl.RoleInfo (RoleInfo.java:shutdownLeaderElection(134)) - 6cf088d4-e8fe-406b-b923-9009336d08dc: shutdown LeaderElection
2020-07-16 01:26:52,077 [6cf088d4-e8fe-406b-b923-9009336d08dc@group-5D5E8C8D66CB-LeaderElection59] INFO  impl.RoleInfo (RoleInfo.java:updateAndGet(143)) - 6cf088d4-e8fe-406b-b923-9009336d08dc: start FollowerState
2020-07-16 01:26:52,077 [70adf62e-3478-4f38-8b67-f629eec991ca@group-5D5E8C8D66CB-LeaderElection60] INFO  impl.LeaderElection (LeaderElection.java:logAndReturn(61)) - 70adf62e-3478-4f38-8b67-f629eec991ca@group-5D5E8C8D66CB-LeaderElection60: Election REJECTED; received 2 response(s) [70adf62e-3478-4f38-8b67-f629eec991ca<-6cf088d4-e8fe-406b-b923-9009336d08dc#0:FAIL-t1, 70adf62e-3478-4f38-8b67-f629eec991ca<-f74d67dd-9c6e-44ac-afd1-21949323d30e#0:FAIL-t1] and 0 exception(s); 70adf62e-3478-4f38-8b67-f629eec991ca@group-5D5E8C8D66CB:t1, leader=null, voted=70adf62e-3478-4f38-8b67-f629eec991ca, raftlog=70adf62e-3478-4f38-8b67-f629eec991ca@group-5D5E8C8D66CB-SegmentedRaftLog:OPENED:c-1,f-1,i0, conf=-1: [6cf088d4-e8fe-406b-b923-9009336d08dc:172.17.0.2:45479, 70adf62e-3478-4f38-8b67-f629eec991ca:172.17.0.2:41331, f74d67dd-9c6e-44ac-afd1-21949323d30e:172.17.0.2:41499], old=null
2020-07-16 01:26:52,078 [70adf62e-3478-4f38-8b67-f629eec991ca@group-5D5E8C8D66CB-LeaderElection60] INFO  impl.RaftServerImpl (RaftServerImpl.java:setRole(175)) - 70adf62e-3478-4f38-8b67-f629eec991ca@group-5D5E8C8D66CB: changes role from CANDIDATE to FOLLOWER at term 1 for DISCOVERED_A_NEW_TERM
2020-07-16 01:26:52,078 [70adf62e-3478-4f38-8b67-f629eec991ca@group-5D5E8C8D66CB-LeaderElection60] INFO  impl.RoleInfo (RoleInfo.java:shutdownLeaderElection(134)) - 70adf62e-3478-4f38-8b67-f629eec991ca: shutdown LeaderElection
2020-07-16 01:26:52,078 [70adf62e-3478-4f38-8b67-f629eec991ca@group-5D5E8C8D66CB-LeaderElection60] INFO  impl.RoleInfo (RoleInfo.java:updateAndGet(143)) - 70adf62e-3478-4f38-8b67-f629eec991ca: start FollowerState
2020-07-16 01:26:52,081 [70adf62e-3478-4f38-8b67-f629eec991ca@group-8C93C2BB1447-LeaderElection62] INFO  impl.LeaderElection (LeaderElection.java:askForVotes(206)) - 70adf62e-3478-4f38-8b67-f629eec991ca@group-8C93C2BB1447-LeaderElection62: begin an election at term 1 for -1: [70adf62e-3478-4f38-8b67-f629eec991ca:172.17.0.2:41331], old=null
2020-07-16 01:26:52,082 [70adf62e-3478-4f38-8b67-f629eec991ca@group-8C93C2BB1447-LeaderElection62] INFO  impl.RoleInfo (RoleInfo.java:shutdownLeaderElection(134)) - 70adf62e-3478-4f38-8b67-f629eec991ca: shutdown LeaderElection
2020-07-16 01:26:52,082 [70adf62e-3478-4f38-8b67-f629eec991ca@group-8C93C2BB1447-LeaderElection62] INFO  impl.RaftServerImpl (RaftServerImpl.java:setRole(175)) - 70adf62e-3478-4f38-8b67-f629eec991ca@group-8C93C2BB1447: changes role from CANDIDATE to LEADER at term 1 for changeToLeader
2020-07-16 01:26:52,082 [70adf62e-3478-4f38-8b67-f629eec991ca@group-8C93C2BB1447-LeaderElection62] INFO  ratis.XceiverServerRatis (XceiverServerRatis.java:handleLeaderChangedNotification(770)) - Leader change notification received for group: group-8C93C2BB1447 with new leaderId: 70adf62e-3478-4f38-8b67-f629eec991ca
2020-07-16 01:26:52,082 [70adf62e-3478-4f38-8b67-f629eec991ca@group-8C93C2BB1447-LeaderElection62] INFO  impl.RaftServerImpl (ServerState.java:setLeader(255)) - 70adf62e-3478-4f38-8b67-f629eec991ca@group-8C93C2BB1447: change Leader from null to 70adf62e-3478-4f38-8b67-f629eec991ca at term 1 for becomeLeader, leader elected after 5132ms
2020-07-16 01:26:52,082 [70adf62e-3478-4f38-8b67-f629eec991ca@group-8C93C2BB1447-LeaderElection62] INFO  server.RaftServerConfigKeys (ConfUtils.java:logGet(44)) - raft.server.staging.catchup.gap = 1000 (default)
2020-07-16 01:26:52,082 [70adf62e-3478-4f38-8b67-f629eec991ca@group-8C93C2BB1447-LeaderElection62] INFO  server.RaftServerConfigKeys (ConfUtils.java:logGet(44)) - raft.server.rpc.sleep.time = 25ms (default)
2020-07-16 01:26:52,082 [70adf62e-3478-4f38-8b67-f629eec991ca@group-8C93C2BB1447-LeaderElection62] INFO  metrics.RatisMetrics (RatisMetrics.java:lambda$create$0(36)) - Creating Metrics Registry : ratis.log_appender.70adf62e-3478-4f38-8b67-f629eec991ca@group-8C93C2BB1447
2020-07-16 01:26:52,082 [70adf62e-3478-4f38-8b67-f629eec991ca@group-8C93C2BB1447-LeaderElection62] INFO  server.RaftServerConfigKeys (ConfUtils.java:logGet(44)) - raft.server.write.element-limit = 1024 (custom)
2020-07-16 01:26:52,082 [70adf62e-3478-4f38-8b67-f629eec991ca@group-8C93C2BB1447-LeaderElection62] INFO  server.RaftServerConfigKeys (ConfUtils.java:logGet(44)) - raft.server.write.byte-limit = 1073741824 (custom)
2020-07-16 01:26:52,084 [70adf62e-3478-4f38-8b67-f629eec991ca@group-8C93C2BB1447-LeaderElection62] INFO  server.RaftServerConfigKeys (ConfUtils.java:logGet(44)) - raft.server.watch.timeout = 3000ms (custom)
2020-07-16 01:26:52,084 [70adf62e-3478-4f38-8b67-f629eec991ca@group-8C93C2BB1447-LeaderElection62] INFO  server.RaftServerConfigKeys (ConfUtils.java:logGet(44)) - raft.server.watch.timeout.denomination = 1s (default)
2020-07-16 01:26:52,084 [70adf62e-3478-4f38-8b67-f629eec991ca@group-8C93C2BB1447-LeaderElection62] INFO  server.RaftServerConfigKeys (ConfUtils.java:logGet(44)) - raft.server.watch.element-limit = 65536 (default)
2020-07-16 01:26:52,084 [70adf62e-3478-4f38-8b67-f629eec991ca@group-8C93C2BB1447-LeaderElection62] INFO  impl.RoleInfo (RoleInfo.java:updateAndGet(143)) - 70adf62e-3478-4f38-8b67-f629eec991ca: start LeaderState
2020-07-16 01:26:52,084 [70adf62e-3478-4f38-8b67-f629eec991ca@group-8C93C2BB1447-LeaderElection62] INFO  segmented.SegmentedRaftLogWorker (SegmentedRaftLogWorker.java:startLogSegment(397)) - 70adf62e-3478-4f38-8b67-f629eec991ca@group-8C93C2BB1447-SegmentedRaftLogWorker: Starting segment from index:0
2020-07-16 01:26:52,085 [70adf62e-3478-4f38-8b67-f629eec991ca@group-8C93C2BB1447-LeaderElection62] INFO  impl.RaftServerImpl (ServerState.java:setRaftConf(356)) - 70adf62e-3478-4f38-8b67-f629eec991ca@group-8C93C2BB1447: set configuration 0: [70adf62e-3478-4f38-8b67-f629eec991ca:172.17.0.2:41331], old=null at 0
2020-07-16 01:26:52,087 [70adf62e-3478-4f38-8b67-f629eec991ca@group-8C93C2BB1447-SegmentedRaftLogWorker] INFO  segmented.SegmentedRaftLogWorker (SegmentedRaftLogWorker.java:execute(596)) - 70adf62e-3478-4f38-8b67-f629eec991ca@group-8C93C2BB1447-SegmentedRaftLogWorker: created new log segment /github/workspace/mnt/ozone/hadoop-ozone/integration-test/target/test-dir/MiniOzoneClusterImpl-adff4ecb-6e1a-4bbe-b65d-469fb2d670c7/datanode-0/data/ratis/e9f58ef3-9c04-44b6-b763-8c93c2bb1447/current/log_inprogress_0
2020-07-16 01:26:52,088 [Thread-1757] INFO  impl.FollowerState (FollowerState.java:run(108)) - f74d67dd-9c6e-44ac-afd1-21949323d30e@group-1DD6ED0EB2A2-FollowerState: change to CANDIDATE, lastRpcTime:5014ms, electionTimeout:5013ms
2020-07-16 01:26:52,088 [Thread-1757] INFO  impl.RoleInfo (RoleInfo.java:shutdownFollowerState(121)) - f74d67dd-9c6e-44ac-afd1-21949323d30e: shutdown FollowerState
2020-07-16 01:26:52,088 [Thread-1757] INFO  impl.RaftServerImpl (RaftServerImpl.java:setRole(175)) - f74d67dd-9c6e-44ac-afd1-21949323d30e@group-1DD6ED0EB2A2: changes role from  FOLLOWER to CANDIDATE at term 0 for changeToCandidate
2020-07-16 01:26:52,089 [Thread-1757] INFO  impl.RoleInfo (RoleInfo.java:updateAndGet(143)) - f74d67dd-9c6e-44ac-afd1-21949323d30e: start LeaderElection
2020-07-16 01:26:52,096 [f74d67dd-9c6e-44ac-afd1-21949323d30e@group-1DD6ED0EB2A2-LeaderElection63] INFO  impl.LeaderElection (LeaderElection.java:askForVotes(206)) - f74d67dd-9c6e-44ac-afd1-21949323d30e@group-1DD6ED0EB2A2-LeaderElection63: begin an election at term 1 for -1: [f74d67dd-9c6e-44ac-afd1-21949323d30e:172.17.0.2:41499], old=null
2020-07-16 01:26:52,096 [f74d67dd-9c6e-44ac-afd1-21949323d30e@group-1DD6ED0EB2A2-LeaderElection63] INFO  impl.RoleInfo (RoleInfo.java:shutdownLeaderElection(134)) - f74d67dd-9c6e-44ac-afd1-21949323d30e: shutdown LeaderElection
2020-07-16 01:26:52,096 [f74d67dd-9c6e-44ac-afd1-21949323d30e@group-5D5E8C8D66CB-LeaderElection61] INFO  impl.LeaderElection (LeaderElection.java:logAndReturn(61)) - f74d67dd-9c6e-44ac-afd1-21949323d30e@group-5D5E8C8D66CB-LeaderElection61: Election REJECTED; received 2 response(s) [f74d67dd-9c6e-44ac-afd1-21949323d30e<-6cf088d4-e8fe-406b-b923-9009336d08dc#0:FAIL-t1, f74d67dd-9c6e-44ac-afd1-21949323d30e<-70adf62e-3478-4f38-8b67-f629eec991ca#0:FAIL-t1] and 0 exception(s); f74d67dd-9c6e-44ac-afd1-21949323d30e@group-5D5E8C8D66CB:t1, leader=null, voted=f74d67dd-9c6e-44ac-afd1-21949323d30e, raftlog=f74d67dd-9c6e-44ac-afd1-21949323d30e@group-5D5E8C8D66CB-SegmentedRaftLog:OPENED:c-1,f-1,i0, conf=-1: [6cf088d4-e8fe-406b-b923-9009336d08dc:172.17.0.2:45479, 70adf62e-3478-4f38-8b67-f629eec991ca:172.17.0.2:41331, f74d67dd-9c6e-44ac-afd1-21949323d30e:172.17.0.2:41499], old=null
2020-07-16 01:26:52,096 [f74d67dd-9c6e-44ac-afd1-21949323d30e@group-5D5E8C8D66CB-LeaderElection61] INFO  impl.RaftServerImpl (RaftServerImpl.java:setRole(175)) - f74d67dd-9c6e-44ac-afd1-21949323d30e@group-5D5E8C8D66CB: changes role from CANDIDATE to FOLLOWER at term 1 for DISCOVERED_A_NEW_TERM
2020-07-16 01:26:52,096 [f74d67dd-9c6e-44ac-afd1-21949323d30e@group-5D5E8C8D66CB-LeaderElection61] INFO  impl.RoleInfo (RoleInfo.java:shutdownLeaderElection(134)) - f74d67dd-9c6e-44ac-afd1-21949323d30e: shutdown LeaderElection
2020-07-16 01:26:52,096 [f74d67dd-9c6e-44ac-afd1-21949323d30e@group-5D5E8C8D66CB-LeaderElection61] INFO  impl.RoleInfo (RoleInfo.java:updateAndGet(143)) - f74d67dd-9c6e-44ac-afd1-21949323d30e: start FollowerState
2020-07-16 01:26:52,096 [f74d67dd-9c6e-44ac-afd1-21949323d30e@group-1DD6ED0EB2A2-LeaderElection63] INFO  impl.RaftServerImpl (RaftServerImpl.java:setRole(175)) - f74d67dd-9c6e-44ac-afd1-21949323d30e@group-1DD6ED0EB2A2: changes role from CANDIDATE to LEADER at term 1 for changeToLeader
2020-07-16 01:26:52,097 [f74d67dd-9c6e-44ac-afd1-21949323d30e@group-1DD6ED0EB2A2-LeaderElection63] INFO  ratis.XceiverServerRatis (XceiverServerRatis.java:handleLeaderChangedNotification(770)) - Leader change notification received for group: group-1DD6ED0EB2A2 with new leaderId: f74d67dd-9c6e-44ac-afd1-21949323d30e
2020-07-16 01:26:52,097 [f74d67dd-9c6e-44ac-afd1-21949323d30e@group-1DD6ED0EB2A2-LeaderElection63] INFO  impl.RaftServerImpl (ServerState.java:setLeader(255)) - f74d67dd-9c6e-44ac-afd1-21949323d30e@group-1DD6ED0EB2A2: change Leader from null to f74d67dd-9c6e-44ac-afd1-21949323d30e at term 1 for becomeLeader, leader elected after 5033ms
2020-07-16 01:26:52,097 [f74d67dd-9c6e-44ac-afd1-21949323d30e@group-1DD6ED0EB2A2-LeaderElection63] INFO  server.RaftServerConfigKeys (ConfUtils.java:logGet(44)) - raft.server.staging.catchup.gap = 1000 (default)
2020-07-16 01:26:52,098 [f74d67dd-9c6e-44ac-afd1-21949323d30e@group-1DD6ED0EB2A2-LeaderElection63] INFO  server.RaftServerConfigKeys (ConfUtils.java:logGet(44)) - raft.server.rpc.sleep.time = 25ms (default)
2020-07-16 01:26:52,098 [f74d67dd-9c6e-44ac-afd1-21949323d30e@group-1DD6ED0EB2A2-LeaderElection63] INFO  metrics.RatisMetrics (RatisMetrics.java:lambda$create$0(36)) - Creating Metrics Registry : ratis.log_appender.f74d67dd-9c6e-44ac-afd1-21949323d30e@group-1DD6ED0EB2A2
2020-07-16 01:26:52,098 [f74d67dd-9c6e-44ac-afd1-21949323d30e@group-1DD6ED0EB2A2-LeaderElection63] INFO  server.RaftServerConfigKeys (ConfUtils.java:logGet(44)) - raft.server.write.element-limit = 1024 (custom)
2020-07-16 01:26:52,098 [f74d67dd-9c6e-44ac-afd1-21949323d30e@group-1DD6ED0EB2A2-LeaderElection63] INFO  server.RaftServerConfigKeys (ConfUtils.java:logGet(44)) - raft.server.write.byte-limit = 1073741824 (custom)
2020-07-16 01:26:52,099 [f74d67dd-9c6e-44ac-afd1-21949323d30e@group-1DD6ED0EB2A2-LeaderElection63] INFO  server.RaftServerConfigKeys (ConfUtils.java:logGet(44)) - raft.server.watch.timeout = 3000ms (custom)
2020-07-16 01:26:52,099 [f74d67dd-9c6e-44ac-afd1-21949323d30e@group-1DD6ED0EB2A2-LeaderElection63] INFO  server.RaftServerConfigKeys (ConfUtils.java:logGet(44)) - raft.server.watch.timeout.denomination = 1s (default)
2020-07-16 01:26:52,099 [f74d67dd-9c6e-44ac-afd1-21949323d30e@group-1DD6ED0EB2A2-LeaderElection63] INFO  server.RaftServerConfigKeys (ConfUtils.java:logGet(44)) - raft.server.watch.element-limit = 65536 (default)
2020-07-16 01:26:52,099 [f74d67dd-9c6e-44ac-afd1-21949323d30e@group-1DD6ED0EB2A2-LeaderElection63] INFO  impl.RoleInfo (RoleInfo.java:updateAndGet(143)) - f74d67dd-9c6e-44ac-afd1-21949323d30e: start LeaderState
2020-07-16 01:26:52,099 [f74d67dd-9c6e-44ac-afd1-21949323d30e@group-1DD6ED0EB2A2-LeaderElection63] INFO  segmented.SegmentedRaftLogWorker (SegmentedRaftLogWorker.java:startLogSegment(397)) - f74d67dd-9c6e-44ac-afd1-21949323d30e@group-1DD6ED0EB2A2-SegmentedRaftLogWorker: Starting segment from index:0
2020-07-16 01:26:52,099 [f74d67dd-9c6e-44ac-afd1-21949323d30e@group-1DD6ED0EB2A2-LeaderElection63] INFO  impl.RaftServerImpl (ServerState.java:setRaftConf(356)) - f74d67dd-9c6e-44ac-afd1-21949323d30e@group-1DD6ED0EB2A2: set configuration 0: [f74d67dd-9c6e-44ac-afd1-21949323d30e:172.17.0.2:41499], old=null at 0
2020-07-16 01:26:52,101 [f74d67dd-9c6e-44ac-afd1-21949323d30e@group-1DD6ED0EB2A2-SegmentedRaftLogWorker] INFO  segmented.SegmentedRaftLogWorker (SegmentedRaftLogWorker.java:execute(596)) - f74d67dd-9c6e-44ac-afd1-21949323d30e@group-1DD6ED0EB2A2-SegmentedRaftLogWorker: created new log segment /github/workspace/mnt/ozone/hadoop-ozone/integration-test/target/test-dir/MiniOzoneClusterImpl-adff4ecb-6e1a-4bbe-b65d-469fb2d670c7/datanode-1/data/ratis/dcf5420c-312e-4cfb-b078-1dd6ed0eb2a2/current/log_inprogress_0
2020-07-16 01:26:52,227 [Thread-1759] INFO  impl.FollowerState (FollowerState.java:run(108)) - 6cf088d4-e8fe-406b-b923-9009336d08dc@group-88C3D5E56F38-FollowerState: change to CANDIDATE, lastRpcTime:5040ms, electionTimeout:5040ms
2020-07-16 01:26:52,227 [Thread-1759] INFO  impl.RoleInfo (RoleInfo.java:shutdownFollowerState(121)) - 6cf088d4-e8fe-406b-b923-9009336d08dc: shutdown FollowerState
2020-07-16 01:26:52,227 [Thread-1759] INFO  impl.RaftServerImpl (RaftServerImpl.java:setRole(175)) - 6cf088d4-e8fe-406b-b923-9009336d08dc@group-88C3D5E56F38: changes role from  FOLLOWER to CANDIDATE at term 0 for changeToCandidate
2020-07-16 01:26:52,227 [Thread-1759] INFO  impl.RoleInfo (RoleInfo.java:updateAndGet(143)) - 6cf088d4-e8fe-406b-b923-9009336d08dc: start LeaderElection
2020-07-16 01:26:52,231 [6cf088d4-e8fe-406b-b923-9009336d08dc@group-88C3D5E56F38-LeaderElection64] INFO  impl.LeaderElection (LeaderElection.java:askForVotes(206)) - 6cf088d4-e8fe-406b-b923-9009336d08dc@group-88C3D5E56F38-LeaderElection64: begin an election at term 1 for -1: [6cf088d4-e8fe-406b-b923-9009336d08dc:172.17.0.2:45479], old=null
2020-07-16 01:26:52,231 [6cf088d4-e8fe-406b-b923-9009336d08dc@group-88C3D5E56F38-LeaderElection64] INFO  impl.RoleInfo (RoleInfo.java:shutdownLeaderElection(134)) - 6cf088d4-e8fe-406b-b923-9009336d08dc: shutdown LeaderElection
2020-07-16 01:26:52,231 [6cf088d4-e8fe-406b-b923-9009336d08dc@group-88C3D5E56F38-LeaderElection64] INFO  impl.RaftServerImpl (RaftServerImpl.java:setRole(175)) - 6cf088d4-e8fe-406b-b923-9009336d08dc@group-88C3D5E56F38: changes role from CANDIDATE to LEADER at term 1 for changeToLeader
2020-07-16 01:26:52,232 [6cf088d4-e8fe-406b-b923-9009336d08dc@group-88C3D5E56F38-LeaderElection64] INFO  ratis.XceiverServerRatis (XceiverServerRatis.java:handleLeaderChangedNotification(770)) - Leader change notification received for group: group-88C3D5E56F38 with new leaderId: 6cf088d4-e8fe-406b-b923-9009336d08dc
2020-07-16 01:26:52,232 [6cf088d4-e8fe-406b-b923-9009336d08dc@group-88C3D5E56F38-LeaderElection64] INFO  impl.RaftServerImpl (ServerState.java:setLeader(255)) - 6cf088d4-e8fe-406b-b923-9009336d08dc@group-88C3D5E56F38: change Leader from null to 6cf088d4-e8fe-406b-b923-9009336d08dc at term 1 for becomeLeader, leader elected after 5054ms
2020-07-16 01:26:52,232 [6cf088d4-e8fe-406b-b923-9009336d08dc@group-88C3D5E56F38-LeaderElection64] INFO  server.RaftServerConfigKeys (ConfUtils.java:logGet(44)) - raft.server.staging.catchup.gap = 1000 (default)
2020-07-16 01:26:52,232 [6cf088d4-e8fe-406b-b923-9009336d08dc@group-88C3D5E56F38-LeaderElection64] INFO  server.RaftServerConfigKeys (ConfUtils.java:logGet(44)) - raft.server.rpc.sleep.time = 25ms (default)
2020-07-16 01:26:52,232 [6cf088d4-e8fe-406b-b923-9009336d08dc@group-88C3D5E56F38-LeaderElection64] INFO  metrics.RatisMetrics (RatisMetrics.java:lambda$create$0(36)) - Creating Metrics Registry : ratis.log_appender.6cf088d4-e8fe-406b-b923-9009336d08dc@group-88C3D5E56F38
2020-07-16 01:26:52,233 [6cf088d4-e8fe-406b-b923-9009336d08dc@group-88C3D5E56F38-LeaderElection64] INFO  server.RaftServerConfigKeys (ConfUtils.java:logGet(44)) - raft.server.write.element-limit = 1024 (custom)
2020-07-16 01:26:52,233 [6cf088d4-e8fe-406b-b923-9009336d08dc@group-88C3D5E56F38-LeaderElection64] INFO  server.RaftServerConfigKeys (ConfUtils.java:logGet(44)) - raft.server.write.byte-limit = 1073741824 (custom)
2020-07-16 01:26:52,233 [6cf088d4-e8fe-406b-b923-9009336d08dc@group-88C3D5E56F38-LeaderElection64] INFO  server.RaftServerConfigKeys (ConfUtils.java:logGet(44)) - raft.server.watch.timeout = 3000ms (custom)
2020-07-16 01:26:52,233 [6cf088d4-e8fe-406b-b923-9009336d08dc@group-88C3D5E56F38-LeaderElection64] INFO  server.RaftServerConfigKeys (ConfUtils.java:logGet(44)) - raft.server.watch.timeout.denomination = 1s (default)
2020-07-16 01:26:52,233 [6cf088d4-e8fe-406b-b923-9009336d08dc@group-88C3D5E56F38-LeaderElection64] INFO  server.RaftServerConfigKeys (ConfUtils.java:logGet(44)) - raft.server.watch.element-limit = 65536 (default)
2020-07-16 01:26:52,234 [6cf088d4-e8fe-406b-b923-9009336d08dc@group-88C3D5E56F38-LeaderElection64] INFO  impl.RoleInfo (RoleInfo.java:updateAndGet(143)) - 6cf088d4-e8fe-406b-b923-9009336d08dc: start LeaderState
2020-07-16 01:26:52,234 [6cf088d4-e8fe-406b-b923-9009336d08dc@group-88C3D5E56F38-LeaderElection64] INFO  segmented.SegmentedRaftLogWorker (SegmentedRaftLogWorker.java:startLogSegment(397)) - 6cf088d4-e8fe-406b-b923-9009336d08dc@group-88C3D5E56F38-SegmentedRaftLogWorker: Starting segment from index:0
2020-07-16 01:26:52,235 [6cf088d4-e8fe-406b-b923-9009336d08dc@group-88C3D5E56F38-SegmentedRaftLogWorker] INFO  segmented.SegmentedRaftLogWorker (SegmentedRaftLogWorker.java:execute(596)) - 6cf088d4-e8fe-406b-b923-9009336d08dc@group-88C3D5E56F38-SegmentedRaftLogWorker: created new log segment /github/workspace/mnt/ozone/hadoop-ozone/integration-test/target/test-dir/MiniOzoneClusterImpl-adff4ecb-6e1a-4bbe-b65d-469fb2d670c7/datanode-2/data/ratis/e8ba79e6-b12f-488b-ae2d-88c3d5e56f38/current/log_inprogress_0
2020-07-16 01:26:52,236 [6cf088d4-e8fe-406b-b923-9009336d08dc@group-88C3D5E56F38-LeaderElection64] INFO  impl.RaftServerImpl (ServerState.java:setRaftConf(356)) - 6cf088d4-e8fe-406b-b923-9009336d08dc@group-88C3D5E56F38: set configuration 0: [6cf088d4-e8fe-406b-b923-9009336d08dc:172.17.0.2:45479], old=null at 0
2020-07-16 01:26:52,324 [Thread-1763] INFO  impl.FollowerState (FollowerState.java:run(108)) - fed8a10c-0e4b-4171-bc5f-6d130931510f@group-C12829981597-FollowerState: change to CANDIDATE, lastRpcTime:5008ms, electionTimeout:5008ms
2020-07-16 01:26:52,325 [Thread-1763] INFO  impl.RoleInfo (RoleInfo.java:shutdownFollowerState(121)) - fed8a10c-0e4b-4171-bc5f-6d130931510f: shutdown FollowerState
2020-07-16 01:26:52,325 [Thread-1763] INFO  impl.RaftServerImpl (RaftServerImpl.java:setRole(175)) - fed8a10c-0e4b-4171-bc5f-6d130931510f@group-C12829981597: changes role from  FOLLOWER to CANDIDATE at term 0 for changeToCandidate
2020-07-16 01:26:52,325 [Thread-1763] INFO  impl.RoleInfo (RoleInfo.java:updateAndGet(143)) - fed8a10c-0e4b-4171-bc5f-6d130931510f: start LeaderElection
2020-07-16 01:26:52,330 [fed8a10c-0e4b-4171-bc5f-6d130931510f@group-C12829981597-LeaderElection65] INFO  impl.LeaderElection (LeaderElection.java:askForVotes(206)) - fed8a10c-0e4b-4171-bc5f-6d130931510f@group-C12829981597-LeaderElection65: begin an election at term 1 for -1: [fed8a10c-0e4b-4171-bc5f-6d130931510f:172.17.0.2:37911, 7c15857a-f8dc-49c7-a572-6b747cc796eb:172.17.0.2:34887, a414d346-7008-4231-9689-7b7408e879f5:172.17.0.2:42243], old=null
2020-07-16 01:26:52,338 [grpc-default-executor-0] INFO  impl.RaftServerImpl (RaftServerImpl.java:setRole(175)) - a414d346-7008-4231-9689-7b7408e879f5@group-C12829981597: changes role from  FOLLOWER to FOLLOWER at term 1 for recognizeCandidate:fed8a10c-0e4b-4171-bc5f-6d130931510f
2020-07-16 01:26:52,338 [grpc-default-executor-0] INFO  impl.RoleInfo (RoleInfo.java:shutdownFollowerState(121)) - a414d346-7008-4231-9689-7b7408e879f5: shutdown FollowerState
2020-07-16 01:26:52,338 [grpc-default-executor-0] INFO  impl.RoleInfo (RoleInfo.java:updateAndGet(143)) - a414d346-7008-4231-9689-7b7408e879f5: start FollowerState
2020-07-16 01:26:52,339 [Thread-1765] INFO  impl.FollowerState (FollowerState.java:run(117)) - a414d346-7008-4231-9689-7b7408e879f5@group-C12829981597-FollowerState was interrupted: java.lang.InterruptedException: sleep interrupted
2020-07-16 01:26:52,354 [fed8a10c-0e4b-4171-bc5f-6d130931510f@group-C12829981597-LeaderElection65] INFO  impl.LeaderElection (LeaderElection.java:logAndReturn(61)) - fed8a10c-0e4b-4171-bc5f-6d130931510f@group-C12829981597-LeaderElection65: Election PASSED; received 1 response(s) [fed8a10c-0e4b-4171-bc5f-6d130931510f<-a414d346-7008-4231-9689-7b7408e879f5#0:OK-t1] and 0 exception(s); fed8a10c-0e4b-4171-bc5f-6d130931510f@group-C12829981597:t1, leader=null, voted=fed8a10c-0e4b-4171-bc5f-6d130931510f, raftlog=fed8a10c-0e4b-4171-bc5f-6d130931510f@group-C12829981597-SegmentedRaftLog:OPENED:c-1,f-1,i0, conf=-1: [fed8a10c-0e4b-4171-bc5f-6d130931510f:172.17.0.2:37911, 7c15857a-f8dc-49c7-a572-6b747cc796eb:172.17.0.2:34887, a414d346-7008-4231-9689-7b7408e879f5:172.17.0.2:42243], old=null
2020-07-16 01:26:52,354 [fed8a10c-0e4b-4171-bc5f-6d130931510f@group-C12829981597-LeaderElection65] INFO  impl.RoleInfo (RoleInfo.java:shutdownLeaderElection(134)) - fed8a10c-0e4b-4171-bc5f-6d130931510f: shutdown LeaderElection
2020-07-16 01:26:52,354 [fed8a10c-0e4b-4171-bc5f-6d130931510f@group-C12829981597-LeaderElection65] INFO  impl.RaftServerImpl (RaftServerImpl.java:setRole(175)) - fed8a10c-0e4b-4171-bc5f-6d130931510f@group-C12829981597: changes role from CANDIDATE to LEADER at term 1 for changeToLeader
2020-07-16 01:26:52,354 [fed8a10c-0e4b-4171-bc5f-6d130931510f@group-C12829981597-LeaderElection65] INFO  ratis.XceiverServerRatis (XceiverServerRatis.java:handleLeaderChangedNotification(770)) - Leader change notification received for group: group-C12829981597 with new leaderId: fed8a10c-0e4b-4171-bc5f-6d130931510f
2020-07-16 01:26:52,354 [fed8a10c-0e4b-4171-bc5f-6d130931510f@group-C12829981597-LeaderElection65] INFO  impl.RaftServerImpl (ServerState.java:setLeader(255)) - fed8a10c-0e4b-4171-bc5f-6d130931510f@group-C12829981597: change Leader from null to fed8a10c-0e4b-4171-bc5f-6d130931510f at term 1 for becomeLeader, leader elected after 5044ms
2020-07-16 01:26:52,354 [fed8a10c-0e4b-4171-bc5f-6d130931510f@group-C12829981597-LeaderElection65] INFO  server.RaftServerConfigKeys (ConfUtils.java:logGet(44)) - raft.server.staging.catchup.gap = 1000 (default)
2020-07-16 01:26:52,354 [fed8a10c-0e4b-4171-bc5f-6d130931510f@group-C12829981597-LeaderElection65] INFO  server.RaftServerConfigKeys (ConfUtils.java:logGet(44)) - raft.server.rpc.sleep.time = 25ms (default)
2020-07-16 01:26:52,354 [fed8a10c-0e4b-4171-bc5f-6d130931510f@group-C12829981597-LeaderElection65] INFO  metrics.RatisMetrics (RatisMetrics.java:lambda$create$0(36)) - Creating Metrics Registry : ratis.log_appender.fed8a10c-0e4b-4171-bc5f-6d130931510f@group-C12829981597
2020-07-16 01:26:52,355 [fed8a10c-0e4b-4171-bc5f-6d130931510f@group-C12829981597-LeaderElection65] INFO  server.RaftServerConfigKeys (ConfUtils.java:logGet(44)) - raft.server.write.element-limit = 1024 (custom)
2020-07-16 01:26:52,355 [fed8a10c-0e4b-4171-bc5f-6d130931510f@group-C12829981597-LeaderElection65] INFO  server.RaftServerConfigKeys (ConfUtils.java:logGet(44)) - raft.server.write.byte-limit = 1073741824 (custom)
2020-07-16 01:26:52,355 [fed8a10c-0e4b-4171-bc5f-6d130931510f@group-C12829981597-LeaderElection65] INFO  server.RaftServerConfigKeys (ConfUtils.java:logGet(44)) - raft.server.watch.timeout = 3000ms (custom)
2020-07-16 01:26:52,355 [fed8a10c-0e4b-4171-bc5f-6d130931510f@group-C12829981597-LeaderElection65] INFO  server.RaftServerConfigKeys (ConfUtils.java:logGet(44)) - raft.server.watch.timeout.denomination = 1s (default)
2020-07-16 01:26:52,355 [fed8a10c-0e4b-4171-bc5f-6d130931510f@group-C12829981597-LeaderElection65] INFO  server.RaftServerConfigKeys (ConfUtils.java:logGet(44)) - raft.server.watch.element-limit = 65536 (default)
2020-07-16 01:26:52,355 [fed8a10c-0e4b-4171-bc5f-6d130931510f@group-C12829981597-LeaderElection65] INFO  server.RaftServerConfigKeys (ConfUtils.java:logGet(44)) - raft.server.log.appender.snapshot.chunk.size.max = 16MB (=16777216) (default)
2020-07-16 01:26:52,356 [fed8a10c-0e4b-4171-bc5f-6d130931510f@group-C12829981597-LeaderElection65] INFO  server.RaftServerConfigKeys (ConfUtils.java:logGet(44)) - raft.server.log.appender.buffer.byte-limit = 33554432 (custom)
2020-07-16 01:26:52,356 [fed8a10c-0e4b-4171-bc5f-6d130931510f@group-C12829981597-LeaderElection65] INFO  server.RaftServerConfigKeys (ConfUtils.java:logGet(44)) - raft.server.log.appender.buffer.element-limit = 1 (custom)
2020-07-16 01:26:52,356 [fed8a10c-0e4b-4171-bc5f-6d130931510f@group-C12829981597-LeaderElection65] INFO  grpc.GrpcConfigKeys (ConfUtils.java:logGet(44)) - raft.grpc.server.leader.outstanding.appends.max = 128 (default)
2020-07-16 01:26:52,356 [fed8a10c-0e4b-4171-bc5f-6d130931510f@group-C12829981597-LeaderElection65] INFO  server.RaftServerConfigKeys (ConfUtils.java:logGet(44)) - raft.server.rpc.request.timeout = 3000ms (default)
2020-07-16 01:26:52,356 [fed8a10c-0e4b-4171-bc5f-6d130931510f@group-C12829981597-LeaderElection65] INFO  server.RaftServerConfigKeys (ConfUtils.java:logGet(44)) - raft.server.log.appender.install.snapshot.enabled = false (custom)
2020-07-16 01:26:52,356 [fed8a10c-0e4b-4171-bc5f-6d130931510f@group-C12829981597-LeaderElection65] INFO  metrics.RatisMetrics (RatisMetrics.java:lambda$create$0(36)) - Creating Metrics Registry : ratis_grpc.log_appender.fed8a10c-0e4b-4171-bc5f-6d130931510f@group-C12829981597
2020-07-16 01:26:52,358 [fed8a10c-0e4b-4171-bc5f-6d130931510f@group-C12829981597-LeaderElection65] INFO  server.RaftServerConfigKeys (ConfUtils.java:logGet(44)) - raft.server.log.appender.snapshot.chunk.size.max = 16MB (=16777216) (default)
2020-07-16 01:26:52,358 [fed8a10c-0e4b-4171-bc5f-6d130931510f@group-C12829981597-LeaderElection65] INFO  server.RaftServerConfigKeys (ConfUtils.java:logGet(44)) - raft.server.log.appender.buffer.byte-limit = 33554432 (custom)
2020-07-16 01:26:52,358 [fed8a10c-0e4b-4171-bc5f-6d130931510f@group-C12829981597-LeaderElection65] INFO  server.RaftServerConfigKeys (ConfUtils.java:logGet(44)) - raft.server.log.appender.buffer.element-limit = 1 (custom)
2020-07-16 01:26:52,358 [fed8a10c-0e4b-4171-bc5f-6d130931510f@group-C12829981597-LeaderElection65] INFO  grpc.GrpcConfigKeys (ConfUtils.java:logGet(44)) - raft.grpc.server.leader.outstanding.appends.max = 128 (default)
2020-07-16 01:26:52,358 [fed8a10c-0e4b-4171-bc5f-6d130931510f@group-C12829981597-LeaderElection65] INFO  server.RaftServerConfigKeys (ConfUtils.java:logGet(44)) - raft.server.rpc.request.timeout = 3000ms (default)
2020-07-16 01:26:52,358 [fed8a10c-0e4b-4171-bc5f-6d130931510f@group-C12829981597-LeaderElection65] INFO  server.RaftServerConfigKeys (ConfUtils.java:logGet(44)) - raft.server.log.appender.install.snapshot.enabled = false (custom)
2020-07-16 01:26:52,359 [EventQueue-PipelineReportForPipelineReportHandler] INFO  pipeline.PipelineStateManager (PipelineStateManager.java:openPipeline(131)) - Pipeline Pipeline[ Id: db582ef7-e52b-4b17-b2a5-c12829981597, Nodes: a414d346-7008-4231-9689-7b7408e879f5{ip: 172.17.0.2, host: 3db59c8b2b88, networkLocation: /default-rack, certSerialId: null}fed8a10c-0e4b-4171-bc5f-6d130931510f{ip: 172.17.0.2, host: 3db59c8b2b88, networkLocation: /default-rack, certSerialId: null}7c15857a-f8dc-49c7-a572-6b747cc796eb{ip: 172.17.0.2, host: 3db59c8b2b88, networkLocation: /default-rack, certSerialId: null}, Type:RATIS, Factor:THREE, State:ALLOCATED, leaderId:fed8a10c-0e4b-4171-bc5f-6d130931510f, CreationTimestamp2020-07-16T01:26:44.521Z] moved to OPEN state
2020-07-16 01:26:52,363 [EventQueue-OpenPipelineForHealthyPipelineSafeModeRule] INFO  safemode.SCMSafeModeManager (HealthyPipelineSafeModeRule.java:process(129)) - SCM in safe mode. Healthy pipelines reported count is 1, required healthy pipeline reported count is 1
2020-07-16 01:26:52,363 [EventQueue-OpenPipelineForHealthyPipelineSafeModeRule] INFO  safemode.SCMSafeModeManager (SCMSafeModeManager.java:validateSafeModeExitRules(214)) - HealthyPipelineSafeModeRule rule is successfully validated
2020-07-16 01:26:52,363 [EventQueue-OpenPipelineForHealthyPipelineSafeModeRule] INFO  safemode.SCMSafeModeManager (SCMSafeModeManager.java:validateSafeModeExitRules(228)) - ScmSafeModeManager, all rules are successfully validated
2020-07-16 01:26:52,363 [EventQueue-OpenPipelineForHealthyPipelineSafeModeRule] INFO  safemode.SCMSafeModeManager (SCMSafeModeManager.java:exitSafeMode(257)) - SCM exiting safe mode.
2020-07-16 01:26:52,361 [fed8a10c-0e4b-4171-bc5f-6d130931510f@group-C12829981597-LeaderElection65] INFO  impl.RoleInfo (RoleInfo.java:updateAndGet(143)) - fed8a10c-0e4b-4171-bc5f-6d130931510f: start LeaderState
2020-07-16 01:26:52,363 [grpc-default-executor-0] INFO  impl.RaftServerImpl (RaftServerImpl.java:setRole(175)) - 7c15857a-f8dc-49c7-a572-6b747cc796eb@group-C12829981597: changes role from  FOLLOWER to FOLLOWER at term 1 for recognizeCandidate:fed8a10c-0e4b-4171-bc5f-6d130931510f
2020-07-16 01:26:52,368 [grpc-default-executor-0] INFO  impl.RoleInfo (RoleInfo.java:shutdownFollowerState(121)) - 7c15857a-f8dc-49c7-a572-6b747cc796eb: shutdown FollowerState
2020-07-16 01:26:52,368 [grpc-default-executor-0] INFO  impl.RoleInfo (RoleInfo.java:updateAndGet(143)) - 7c15857a-f8dc-49c7-a572-6b747cc796eb: start FollowerState
2020-07-16 01:26:52,368 [Thread-1768] INFO  impl.FollowerState (FollowerState.java:run(117)) - 7c15857a-f8dc-49c7-a572-6b747cc796eb@group-C12829981597-FollowerState was interrupted: java.lang.InterruptedException: sleep interrupted
2020-07-16 01:26:52,368 [fed8a10c-0e4b-4171-bc5f-6d130931510f@group-C12829981597-LeaderElection65] INFO  segmented.SegmentedRaftLogWorker (SegmentedRaftLogWorker.java:startLogSegment(397)) - fed8a10c-0e4b-4171-bc5f-6d130931510f@group-C12829981597-SegmentedRaftLogWorker: Starting segment from index:0
2020-07-16 01:26:52,371 [fed8a10c-0e4b-4171-bc5f-6d130931510f@group-C12829981597-SegmentedRaftLogWorker] INFO  segmented.SegmentedRaftLogWorker (SegmentedRaftLogWorker.java:execute(596)) - fed8a10c-0e4b-4171-bc5f-6d130931510f@group-C12829981597-SegmentedRaftLogWorker: created new log segment /github/workspace/mnt/ozone/hadoop-ozone/integration-test/target/test-dir/MiniOzoneClusterImpl-adff4ecb-6e1a-4bbe-b65d-469fb2d670c7/datanode-3/data/ratis/db582ef7-e52b-4b17-b2a5-c12829981597/current/log_inprogress_0
2020-07-16 01:26:52,375 [fed8a10c-0e4b-4171-bc5f-6d130931510f@group-C12829981597-LeaderElection65] INFO  impl.RaftServerImpl (ServerState.java:setRaftConf(356)) - fed8a10c-0e4b-4171-bc5f-6d130931510f@group-C12829981597: set configuration 0: [fed8a10c-0e4b-4171-bc5f-6d130931510f:172.17.0.2:37911, 7c15857a-f8dc-49c7-a572-6b747cc796eb:172.17.0.2:34887, a414d346-7008-4231-9689-7b7408e879f5:172.17.0.2:42243], old=null at 0
2020-07-16 01:26:52,379 [grpc-default-executor-3] INFO  ratis.XceiverServerRatis (XceiverServerRatis.java:handleLeaderChangedNotification(770)) - Leader change notification received for group: group-C12829981597 with new leaderId: fed8a10c-0e4b-4171-bc5f-6d130931510f
2020-07-16 01:26:52,380 [grpc-default-executor-3] INFO  impl.RaftServerImpl (ServerState.java:setLeader(255)) - 7c15857a-f8dc-49c7-a572-6b747cc796eb@group-C12829981597: change Leader from null to fed8a10c-0e4b-4171-bc5f-6d130931510f at term 1 for appendEntries, leader elected after 5031ms
2020-07-16 01:26:52,389 [grpc-default-executor-3] INFO  impl.RaftServerImpl (ServerState.java:setRaftConf(356)) - 7c15857a-f8dc-49c7-a572-6b747cc796eb@group-C12829981597: set configuration 0: [fed8a10c-0e4b-4171-bc5f-6d130931510f:172.17.0.2:37911, 7c15857a-f8dc-49c7-a572-6b747cc796eb:172.17.0.2:34887, a414d346-7008-4231-9689-7b7408e879f5:172.17.0.2:42243], old=null at 0
2020-07-16 01:26:52,390 [grpc-default-executor-3] INFO  segmented.SegmentedRaftLogWorker (SegmentedRaftLogWorker.java:startLogSegment(397)) - 7c15857a-f8dc-49c7-a572-6b747cc796eb@group-C12829981597-SegmentedRaftLogWorker: Starting segment from index:0
2020-07-16 01:26:52,391 [grpc-default-executor-0] INFO  ratis.XceiverServerRatis (XceiverServerRatis.java:handleLeaderChangedNotification(770)) - Leader change notification received for group: group-C12829981597 with new leaderId: fed8a10c-0e4b-4171-bc5f-6d130931510f
2020-07-16 01:26:52,391 [grpc-default-executor-0] INFO  impl.RaftServerImpl (ServerState.java:setLeader(255)) - a414d346-7008-4231-9689-7b7408e879f5@group-C12829981597: change Leader from null to fed8a10c-0e4b-4171-bc5f-6d130931510f at term 1 for appendEntries, leader elected after 5063ms
2020-07-16 01:26:52,392 [7c15857a-f8dc-49c7-a572-6b747cc796eb@group-C12829981597-SegmentedRaftLogWorker] INFO  segmented.SegmentedRaftLogWorker (SegmentedRaftLogWorker.java:execute(596)) - 7c15857a-f8dc-49c7-a572-6b747cc796eb@group-C12829981597-SegmentedRaftLogWorker: created new log segment /github/workspace/mnt/ozone/hadoop-ozone/integration-test/target/test-dir/MiniOzoneClusterImpl-adff4ecb-6e1a-4bbe-b65d-469fb2d670c7/datanode-5/data/ratis/db582ef7-e52b-4b17-b2a5-c12829981597/current/log_inprogress_0
2020-07-16 01:26:52,395 [grpc-default-executor-0] INFO  impl.RaftServerImpl (ServerState.java:setRaftConf(356)) - a414d346-7008-4231-9689-7b7408e879f5@group-C12829981597: set configuration 0: [fed8a10c-0e4b-4171-bc5f-6d130931510f:172.17.0.2:37911, 7c15857a-f8dc-49c7-a572-6b747cc796eb:172.17.0.2:34887, a414d346-7008-4231-9689-7b7408e879f5:172.17.0.2:42243], old=null at 0
2020-07-16 01:26:52,396 [grpc-default-executor-0] INFO  segmented.SegmentedRaftLogWorker (SegmentedRaftLogWorker.java:startLogSegment(397)) - a414d346-7008-4231-9689-7b7408e879f5@group-C12829981597-SegmentedRaftLogWorker: Starting segment from index:0
2020-07-16 01:26:52,410 [a414d346-7008-4231-9689-7b7408e879f5@group-C12829981597-SegmentedRaftLogWorker] INFO  segmented.SegmentedRaftLogWorker (SegmentedRaftLogWorker.java:execute(596)) - a414d346-7008-4231-9689-7b7408e879f5@group-C12829981597-SegmentedRaftLogWorker: created new log segment /github/workspace/mnt/ozone/hadoop-ozone/integration-test/target/test-dir/MiniOzoneClusterImpl-adff4ecb-6e1a-4bbe-b65d-469fb2d670c7/datanode-4/data/ratis/db582ef7-e52b-4b17-b2a5-c12829981597/current/log_inprogress_0
2020-07-16 01:26:52,476 [Thread-1761] INFO  impl.FollowerState (FollowerState.java:run(108)) - fed8a10c-0e4b-4171-bc5f-6d130931510f@group-4B6710D43490-FollowerState: change to CANDIDATE, lastRpcTime:5171ms, electionTimeout:5171ms
2020-07-16 01:26:52,477 [Thread-1761] INFO  impl.RoleInfo (RoleInfo.java:shutdownFollowerState(121)) - fed8a10c-0e4b-4171-bc5f-6d130931510f: shutdown FollowerState
2020-07-16 01:26:52,477 [Thread-1761] INFO  impl.RaftServerImpl (RaftServerImpl.java:setRole(175)) - fed8a10c-0e4b-4171-bc5f-6d130931510f@group-4B6710D43490: changes role from  FOLLOWER to CANDIDATE at term 0 for changeToCandidate
2020-07-16 01:26:52,477 [Thread-1761] INFO  impl.RoleInfo (RoleInfo.java:updateAndGet(143)) - fed8a10c-0e4b-4171-bc5f-6d130931510f: start LeaderElection
2020-07-16 01:26:52,485 [fed8a10c-0e4b-4171-bc5f-6d130931510f@group-4B6710D43490-LeaderElection66] INFO  impl.LeaderElection (LeaderElection.java:askForVotes(206)) - fed8a10c-0e4b-4171-bc5f-6d130931510f@group-4B6710D43490-LeaderElection66: begin an election at term 1 for -1: [fed8a10c-0e4b-4171-bc5f-6d130931510f:172.17.0.2:37911], old=null
2020-07-16 01:26:52,485 [fed8a10c-0e4b-4171-bc5f-6d130931510f@group-4B6710D43490-LeaderElection66] INFO  impl.RoleInfo (RoleInfo.java:shutdownLeaderElection(134)) - fed8a10c-0e4b-4171-bc5f-6d130931510f: shutdown LeaderElection
2020-07-16 01:26:52,485 [fed8a10c-0e4b-4171-bc5f-6d130931510f@group-4B6710D43490-LeaderElection66] INFO  impl.RaftServerImpl (RaftServerImpl.java:setRole(175)) - fed8a10c-0e4b-4171-bc5f-6d130931510f@group-4B6710D43490: changes role from CANDIDATE to LEADER at term 1 for changeToLeader
2020-07-16 01:26:52,485 [fed8a10c-0e4b-4171-bc5f-6d130931510f@group-4B6710D43490-LeaderElection66] INFO  ratis.XceiverServerRatis (XceiverServerRatis.java:handleLeaderChangedNotification(770)) - Leader change notification received for group: group-4B6710D43490 with new leaderId: fed8a10c-0e4b-4171-bc5f-6d130931510f
2020-07-16 01:26:52,485 [fed8a10c-0e4b-4171-bc5f-6d130931510f@group-4B6710D43490-LeaderElection66] INFO  impl.RaftServerImpl (ServerState.java:setLeader(255)) - fed8a10c-0e4b-4171-bc5f-6d130931510f@group-4B6710D43490: change Leader from null to fed8a10c-0e4b-4171-bc5f-6d130931510f at term 1 for becomeLeader, leader elected after 5187ms
2020-07-16 01:26:52,485 [fed8a10c-0e4b-4171-bc5f-6d130931510f@group-4B6710D43490-LeaderElection66] INFO  server.RaftServerConfigKeys (ConfUtils.java:logGet(44)) - raft.server.staging.catchup.gap = 1000 (default)
2020-07-16 01:26:52,486 [fed8a10c-0e4b-4171-bc5f-6d130931510f@group-4B6710D43490-LeaderElection66] INFO  server.RaftServerConfigKeys (ConfUtils.java:logGet(44)) - raft.server.rpc.sleep.time = 25ms (default)
2020-07-16 01:26:52,486 [fed8a10c-0e4b-4171-bc5f-6d130931510f@group-4B6710D43490-LeaderElection66] INFO  metrics.RatisMetrics (RatisMetrics.java:lambda$create$0(36)) - Creating Metrics Registry : ratis.log_appender.fed8a10c-0e4b-4171-bc5f-6d130931510f@group-4B6710D43490
2020-07-16 01:26:52,486 [fed8a10c-0e4b-4171-bc5f-6d130931510f@group-4B6710D43490-LeaderElection66] INFO  server.RaftServerConfigKeys (ConfUtils.java:logGet(44)) - raft.server.write.element-limit = 1024 (custom)
2020-07-16 01:26:52,486 [fed8a10c-0e4b-4171-bc5f-6d130931510f@group-4B6710D43490-LeaderElection66] INFO  server.RaftServerConfigKeys (ConfUtils.java:logGet(44)) - raft.server.write.byte-limit = 1073741824 (custom)
2020-07-16 01:26:52,487 [fed8a10c-0e4b-4171-bc5f-6d130931510f@group-4B6710D43490-LeaderElection66] INFO  server.RaftServerConfigKeys (ConfUtils.java:logGet(44)) - raft.server.watch.timeout = 3000ms (custom)
2020-07-16 01:26:52,487 [fed8a10c-0e4b-4171-bc5f-6d130931510f@group-4B6710D43490-LeaderElection66] INFO  server.RaftServerConfigKeys (ConfUtils.java:logGet(44)) - raft.server.watch.timeout.denomination = 1s (default)
2020-07-16 01:26:52,487 [fed8a10c-0e4b-4171-bc5f-6d130931510f@group-4B6710D43490-LeaderElection66] INFO  server.RaftServerConfigKeys (ConfUtils.java:logGet(44)) - raft.server.watch.element-limit = 65536 (default)
2020-07-16 01:26:52,487 [fed8a10c-0e4b-4171-bc5f-6d130931510f@group-4B6710D43490-LeaderElection66] INFO  impl.RoleInfo (RoleInfo.java:updateAndGet(143)) - fed8a10c-0e4b-4171-bc5f-6d130931510f: start LeaderState
2020-07-16 01:26:52,487 [fed8a10c-0e4b-4171-bc5f-6d130931510f@group-4B6710D43490-LeaderElection66] INFO  segmented.SegmentedRaftLogWorker (SegmentedRaftLogWorker.java:startLogSegment(397)) - fed8a10c-0e4b-4171-bc5f-6d130931510f@group-4B6710D43490-SegmentedRaftLogWorker: Starting segment from index:0
2020-07-16 01:26:52,488 [fed8a10c-0e4b-4171-bc5f-6d130931510f@group-4B6710D43490-LeaderElection66] INFO  impl.RaftServerImpl (ServerState.java:setRaftConf(356)) - fed8a10c-0e4b-4171-bc5f-6d130931510f@group-4B6710D43490: set configuration 0: [fed8a10c-0e4b-4171-bc5f-6d130931510f:172.17.0.2:37911], old=null at 0
2020-07-16 01:26:52,489 [fed8a10c-0e4b-4171-bc5f-6d130931510f@group-4B6710D43490-SegmentedRaftLogWorker] INFO  segmented.SegmentedRaftLogWorker (SegmentedRaftLogWorker.java:execute(596)) - fed8a10c-0e4b-4171-bc5f-6d130931510f@group-4B6710D43490-SegmentedRaftLogWorker: created new log segment /github/workspace/mnt/ozone/hadoop-ozone/integration-test/target/test-dir/MiniOzoneClusterImpl-adff4ecb-6e1a-4bbe-b65d-469fb2d670c7/datanode-3/data/ratis/97a78c80-5e7f-4e08-9b50-4b6710d43490/current/log_inprogress_0
2020-07-16 01:26:52,540 [Thread-1771] INFO  impl.FollowerState (FollowerState.java:run(108)) - a414d346-7008-4231-9689-7b7408e879f5@group-0EF3FD2FAE6C-FollowerState: change to CANDIDATE, lastRpcTime:5120ms, electionTimeout:5120ms
2020-07-16 01:26:52,540 [Thread-1771] INFO  impl.RoleInfo (RoleInfo.java:shutdownFollowerState(121)) - a414d346-7008-4231-9689-7b7408e879f5: shutdown FollowerState
2020-07-16 01:26:52,541 [Thread-1771] INFO  impl.RaftServerImpl (RaftServerImpl.java:setRole(175)) - a414d346-7008-4231-9689-7b7408e879f5@group-0EF3FD2FAE6C: changes role from  FOLLOWER to CANDIDATE at term 0 for changeToCandidate
2020-07-16 01:26:52,541 [Thread-1771] INFO  impl.RoleInfo (RoleInfo.java:updateAndGet(143)) - a414d346-7008-4231-9689-7b7408e879f5: start LeaderElection
2020-07-16 01:26:52,545 [a414d346-7008-4231-9689-7b7408e879f5@group-0EF3FD2FAE6C-LeaderElection67] INFO  impl.LeaderElection (LeaderElection.java:askForVotes(206)) - a414d346-7008-4231-9689-7b7408e879f5@group-0EF3FD2FAE6C-LeaderElection67: begin an election at term 1 for -1: [a414d346-7008-4231-9689-7b7408e879f5:172.17.0.2:42243], old=null
2020-07-16 01:26:52,546 [a414d346-7008-4231-9689-7b7408e879f5@group-0EF3FD2FAE6C-LeaderElection67] INFO  impl.RoleInfo (RoleInfo.java:shutdownLeaderElection(134)) - a414d346-7008-4231-9689-7b7408e879f5: shutdown LeaderElection
2020-07-16 01:26:52,546 [a414d346-7008-4231-9689-7b7408e879f5@group-0EF3FD2FAE6C-LeaderElection67] INFO  impl.RaftServerImpl (RaftServerImpl.java:setRole(175)) - a414d346-7008-4231-9689-7b7408e879f5@group-0EF3FD2FAE6C: changes role from CANDIDATE to LEADER at term 1 for changeToLeader
2020-07-16 01:26:52,546 [a414d346-7008-4231-9689-7b7408e879f5@group-0EF3FD2FAE6C-LeaderElection67] INFO  ratis.XceiverServerRatis (XceiverServerRatis.java:handleLeaderChangedNotification(770)) - Leader change notification received for group: group-0EF3FD2FAE6C with new leaderId: a414d346-7008-4231-9689-7b7408e879f5
2020-07-16 01:26:52,547 [a414d346-7008-4231-9689-7b7408e879f5@group-0EF3FD2FAE6C-LeaderElection67] INFO  impl.RaftServerImpl (ServerState.java:setLeader(255)) - a414d346-7008-4231-9689-7b7408e879f5@group-0EF3FD2FAE6C: change Leader from null to a414d346-7008-4231-9689-7b7408e879f5 at term 1 for becomeLeader, leader elected after 5135ms
2020-07-16 01:26:52,548 [a414d346-7008-4231-9689-7b7408e879f5@group-0EF3FD2FAE6C-LeaderElection67] INFO  server.RaftServerConfigKeys (ConfUtils.java:logGet(44)) - raft.server.staging.catchup.gap = 1000 (default)
2020-07-16 01:26:52,548 [a414d346-7008-4231-9689-7b7408e879f5@group-0EF3FD2FAE6C-LeaderElection67] INFO  server.RaftServerConfigKeys (ConfUtils.java:logGet(44)) - raft.server.rpc.sleep.time = 25ms (default)
2020-07-16 01:26:52,548 [a414d346-7008-4231-9689-7b7408e879f5@group-0EF3FD2FAE6C-LeaderElection67] INFO  metrics.RatisMetrics (RatisMetrics.java:lambda$create$0(36)) - Creating Metrics Registry : ratis.log_appender.a414d346-7008-4231-9689-7b7408e879f5@group-0EF3FD2FAE6C
2020-07-16 01:26:52,548 [a414d346-7008-4231-9689-7b7408e879f5@group-0EF3FD2FAE6C-LeaderElection67] INFO  server.RaftServerConfigKeys (ConfUtils.java:logGet(44)) - raft.server.write.element-limit = 1024 (custom)
2020-07-16 01:26:52,548 [a414d346-7008-4231-9689-7b7408e879f5@group-0EF3FD2FAE6C-LeaderElection67] INFO  server.RaftServerConfigKeys (ConfUtils.java:logGet(44)) - raft.server.write.byte-limit = 1073741824 (custom)
2020-07-16 01:26:52,549 [a414d346-7008-4231-9689-7b7408e879f5@group-0EF3FD2FAE6C-LeaderElection67] INFO  server.RaftServerConfigKeys (ConfUtils.java:logGet(44)) - raft.server.watch.timeout = 3000ms (custom)
2020-07-16 01:26:52,549 [a414d346-7008-4231-9689-7b7408e879f5@group-0EF3FD2FAE6C-LeaderElection67] INFO  server.RaftServerConfigKeys (ConfUtils.java:logGet(44)) - raft.server.watch.timeout.denomination = 1s (default)
2020-07-16 01:26:52,549 [a414d346-7008-4231-9689-7b7408e879f5@group-0EF3FD2FAE6C-LeaderElection67] INFO  server.RaftServerConfigKeys (ConfUtils.java:logGet(44)) - raft.server.watch.element-limit = 65536 (default)
2020-07-16 01:26:52,549 [a414d346-7008-4231-9689-7b7408e879f5@group-0EF3FD2FAE6C-LeaderElection67] INFO  impl.RoleInfo (RoleInfo.java:updateAndGet(143)) - a414d346-7008-4231-9689-7b7408e879f5: start LeaderState
2020-07-16 01:26:52,550 [a414d346-7008-4231-9689-7b7408e879f5@group-0EF3FD2FAE6C-LeaderElection67] INFO  segmented.SegmentedRaftLogWorker (SegmentedRaftLogWorker.java:startLogSegment(397)) - a414d346-7008-4231-9689-7b7408e879f5@group-0EF3FD2FAE6C-SegmentedRaftLogWorker: Starting segment from index:0
2020-07-16 01:26:52,551 [a414d346-7008-4231-9689-7b7408e879f5@group-0EF3FD2FAE6C-SegmentedRaftLogWorker] INFO  segmented.SegmentedRaftLogWorker (SegmentedRaftLogWorker.java:execute(596)) - a414d346-7008-4231-9689-7b7408e879f5@group-0EF3FD2FAE6C-SegmentedRaftLogWorker: created new log segment /github/workspace/mnt/ozone/hadoop-ozone/integration-test/target/test-dir/MiniOzoneClusterImpl-adff4ecb-6e1a-4bbe-b65d-469fb2d670c7/datanode-4/data/ratis/86b00566-f910-465b-b3d1-0ef3fd2fae6c/current/log_inprogress_0
2020-07-16 01:26:52,553 [a414d346-7008-4231-9689-7b7408e879f5@group-0EF3FD2FAE6C-LeaderElection67] INFO  impl.RaftServerImpl (ServerState.java:setRaftConf(356)) - a414d346-7008-4231-9689-7b7408e879f5@group-0EF3FD2FAE6C: set configuration 0: [a414d346-7008-4231-9689-7b7408e879f5:172.17.0.2:42243], old=null at 0
2020-07-16 01:26:52,683 [Thread-1773] INFO  impl.FollowerState (FollowerState.java:run(108)) - 7c15857a-f8dc-49c7-a572-6b747cc796eb@group-1B43FDCFA3E2-FollowerState: change to CANDIDATE, lastRpcTime:5154ms, electionTimeout:5153ms
2020-07-16 01:26:52,684 [Thread-1777] INFO  impl.FollowerState (FollowerState.java:run(108)) - cde49d58-fad6-4a1c-b9d6-c55ba7272aa2@group-75FC801D37A3-FollowerState: change to CANDIDATE, lastRpcTime:5009ms, electionTimeout:5009ms
2020-07-16 01:26:52,684 [Thread-1773] INFO  impl.RoleInfo (RoleInfo.java:shutdownFollowerState(121)) - 7c15857a-f8dc-49c7-a572-6b747cc796eb: shutdown FollowerState
2020-07-16 01:26:52,684 [Thread-1773] INFO  impl.RaftServerImpl (RaftServerImpl.java:setRole(175)) - 7c15857a-f8dc-49c7-a572-6b747cc796eb@group-1B43FDCFA3E2: changes role from  FOLLOWER to CANDIDATE at term 0 for changeToCandidate
2020-07-16 01:26:52,684 [Thread-1773] INFO  impl.RoleInfo (RoleInfo.java:updateAndGet(143)) - 7c15857a-f8dc-49c7-a572-6b747cc796eb: start LeaderElection
2020-07-16 01:26:52,684 [Thread-1777] INFO  impl.RoleInfo (RoleInfo.java:shutdownFollowerState(121)) - cde49d58-fad6-4a1c-b9d6-c55ba7272aa2: shutdown FollowerState
2020-07-16 01:26:52,684 [Thread-1777] INFO  impl.RaftServerImpl (RaftServerImpl.java:setRole(175)) - cde49d58-fad6-4a1c-b9d6-c55ba7272aa2@group-75FC801D37A3: changes role from  FOLLOWER to CANDIDATE at term 0 for changeToCandidate
2020-07-16 01:26:52,684 [Thread-1777] INFO  impl.RoleInfo (RoleInfo.java:updateAndGet(143)) - cde49d58-fad6-4a1c-b9d6-c55ba7272aa2: start LeaderElection
2020-07-16 01:26:52,691 [7c15857a-f8dc-49c7-a572-6b747cc796eb@group-1B43FDCFA3E2-LeaderElection68] INFO  impl.LeaderElection (LeaderElection.java:askForVotes(206)) - 7c15857a-f8dc-49c7-a572-6b747cc796eb@group-1B43FDCFA3E2-LeaderElection68: begin an election at term 1 for -1: [7c15857a-f8dc-49c7-a572-6b747cc796eb:172.17.0.2:34887], old=null
2020-07-16 01:26:52,691 [7c15857a-f8dc-49c7-a572-6b747cc796eb@group-1B43FDCFA3E2-LeaderElection68] INFO  impl.RoleInfo (RoleInfo.java:shutdownLeaderElection(134)) - 7c15857a-f8dc-49c7-a572-6b747cc796eb: shutdown LeaderElection
2020-07-16 01:26:52,691 [7c15857a-f8dc-49c7-a572-6b747cc796eb@group-1B43FDCFA3E2-LeaderElection68] INFO  impl.RaftServerImpl (RaftServerImpl.java:setRole(175)) - 7c15857a-f8dc-49c7-a572-6b747cc796eb@group-1B43FDCFA3E2: changes role from CANDIDATE to LEADER at term 1 for changeToLeader
2020-07-16 01:26:52,691 [7c15857a-f8dc-49c7-a572-6b747cc796eb@group-1B43FDCFA3E2-LeaderElection68] INFO  ratis.XceiverServerRatis (XceiverServerRatis.java:handleLeaderChangedNotification(770)) - Leader change notification received for group: group-1B43FDCFA3E2 with new leaderId: 7c15857a-f8dc-49c7-a572-6b747cc796eb
2020-07-16 01:26:52,691 [7c15857a-f8dc-49c7-a572-6b747cc796eb@group-1B43FDCFA3E2-LeaderElection68] INFO  impl.RaftServerImpl (ServerState.java:setLeader(255)) - 7c15857a-f8dc-49c7-a572-6b747cc796eb@group-1B43FDCFA3E2: change Leader from null to 7c15857a-f8dc-49c7-a572-6b747cc796eb at term 1 for becomeLeader, leader elected after 5169ms
2020-07-16 01:26:52,691 [7c15857a-f8dc-49c7-a572-6b747cc796eb@group-1B43FDCFA3E2-LeaderElection68] INFO  server.RaftServerConfigKeys (ConfUtils.java:logGet(44)) - raft.server.staging.catchup.gap = 1000 (default)
2020-07-16 01:26:52,692 [7c15857a-f8dc-49c7-a572-6b747cc796eb@group-1B43FDCFA3E2-LeaderElection68] INFO  server.RaftServerConfigKeys (ConfUtils.java:logGet(44)) - raft.server.rpc.sleep.time = 25ms (default)
2020-07-16 01:26:52,692 [7c15857a-f8dc-49c7-a572-6b747cc796eb@group-1B43FDCFA3E2-LeaderElection68] INFO  metrics.RatisMetrics (RatisMetrics.java:lambda$create$0(36)) - Creating Metrics Registry : ratis.log_appender.7c15857a-f8dc-49c7-a572-6b747cc796eb@group-1B43FDCFA3E2
2020-07-16 01:26:52,692 [cde49d58-fad6-4a1c-b9d6-c55ba7272aa2@group-75FC801D37A3-LeaderElection69] INFO  impl.LeaderElection (LeaderElection.java:askForVotes(206)) - cde49d58-fad6-4a1c-b9d6-c55ba7272aa2@group-75FC801D37A3-LeaderElection69: begin an election at term 1 for -1: [cde49d58-fad6-4a1c-b9d6-c55ba7272aa2:172.17.0.2:41443, 3a8955bd-c76c-48e8-b23e-7dc5c0b97792:172.17.0.2:37477, 0d7ca1fc-c748-4a3b-b490-134ac7c4e42e:172.17.0.2:41279], old=null
2020-07-16 01:26:52,692 [7c15857a-f8dc-49c7-a572-6b747cc796eb@group-1B43FDCFA3E2-LeaderElection68] INFO  server.RaftServerConfigKeys (ConfUtils.java:logGet(44)) - raft.server.write.element-limit = 1024 (custom)
2020-07-16 01:26:52,692 [7c15857a-f8dc-49c7-a572-6b747cc796eb@group-1B43FDCFA3E2-LeaderElection68] INFO  server.RaftServerConfigKeys (ConfUtils.java:logGet(44)) - raft.server.write.byte-limit = 1073741824 (custom)
2020-07-16 01:26:52,693 [7c15857a-f8dc-49c7-a572-6b747cc796eb@group-1B43FDCFA3E2-LeaderElection68] INFO  server.RaftServerConfigKeys (ConfUtils.java:logGet(44)) - raft.server.watch.timeout = 3000ms (custom)
2020-07-16 01:26:52,693 [7c15857a-f8dc-49c7-a572-6b747cc796eb@group-1B43FDCFA3E2-LeaderElection68] INFO  server.RaftServerConfigKeys (ConfUtils.java:logGet(44)) - raft.server.watch.timeout.denomination = 1s (default)
2020-07-16 01:26:52,693 [7c15857a-f8dc-49c7-a572-6b747cc796eb@group-1B43FDCFA3E2-LeaderElection68] INFO  server.RaftServerConfigKeys (ConfUtils.java:logGet(44)) - raft.server.watch.element-limit = 65536 (default)
2020-07-16 01:26:52,693 [7c15857a-f8dc-49c7-a572-6b747cc796eb@group-1B43FDCFA3E2-LeaderElection68] INFO  impl.RoleInfo (RoleInfo.java:updateAndGet(143)) - 7c15857a-f8dc-49c7-a572-6b747cc796eb: start LeaderState
2020-07-16 01:26:52,693 [7c15857a-f8dc-49c7-a572-6b747cc796eb@group-1B43FDCFA3E2-LeaderElection68] INFO  segmented.SegmentedRaftLogWorker (SegmentedRaftLogWorker.java:startLogSegment(397)) - 7c15857a-f8dc-49c7-a572-6b747cc796eb@group-1B43FDCFA3E2-SegmentedRaftLogWorker: Starting segment from index:0
2020-07-16 01:26:52,694 [7c15857a-f8dc-49c7-a572-6b747cc796eb@group-1B43FDCFA3E2-LeaderElection68] INFO  impl.RaftServerImpl (ServerState.java:setRaftConf(356)) - 7c15857a-f8dc-49c7-a572-6b747cc796eb@group-1B43FDCFA3E2: set configuration 0: [7c15857a-f8dc-49c7-a572-6b747cc796eb:172.17.0.2:34887], old=null at 0
2020-07-16 01:26:52,695 [7c15857a-f8dc-49c7-a572-6b747cc796eb@group-1B43FDCFA3E2-SegmentedRaftLogWorker] INFO  segmented.SegmentedRaftLogWorker (SegmentedRaftLogWorker.java:execute(596)) - 7c15857a-f8dc-49c7-a572-6b747cc796eb@group-1B43FDCFA3E2-SegmentedRaftLogWorker: created new log segment /github/workspace/mnt/ozone/hadoop-ozone/integration-test/target/test-dir/MiniOzoneClusterImpl-adff4ecb-6e1a-4bbe-b65d-469fb2d670c7/datanode-5/data/ratis/036f1045-6f09-4d1e-8536-1b43fdcfa3e2/current/log_inprogress_0
2020-07-16 01:26:52,703 [grpc-default-executor-0] INFO  impl.RaftServerImpl (RaftServerImpl.java:setRole(175)) - 3a8955bd-c76c-48e8-b23e-7dc5c0b97792@group-75FC801D37A3: changes role from  FOLLOWER to FOLLOWER at term 1 for recognizeCandidate:cde49d58-fad6-4a1c-b9d6-c55ba7272aa2
2020-07-16 01:26:52,703 [grpc-default-executor-0] INFO  impl.RoleInfo (RoleInfo.java:shutdownFollowerState(121)) - 3a8955bd-c76c-48e8-b23e-7dc5c0b97792: shutdown FollowerState
2020-07-16 01:26:52,703 [grpc-default-executor-0] INFO  impl.RoleInfo (RoleInfo.java:updateAndGet(143)) - 3a8955bd-c76c-48e8-b23e-7dc5c0b97792: start FollowerState
2020-07-16 01:26:52,703 [Thread-1779] INFO  impl.FollowerState (FollowerState.java:run(117)) - 3a8955bd-c76c-48e8-b23e-7dc5c0b97792@group-75FC801D37A3-FollowerState was interrupted: java.lang.InterruptedException: sleep interrupted
2020-07-16 01:26:52,712 [Thread-1775] INFO  impl.FollowerState (FollowerState.java:run(108)) - cde49d58-fad6-4a1c-b9d6-c55ba7272aa2@group-1B70C9B7893A-FollowerState: change to CANDIDATE, lastRpcTime:5050ms, electionTimeout:5045ms
2020-07-16 01:26:52,712 [grpc-default-executor-3] INFO  impl.RaftServerImpl (RaftServerImpl.java:setRole(175)) - 0d7ca1fc-c748-4a3b-b490-134ac7c4e42e@group-75FC801D37A3: changes role from  FOLLOWER to FOLLOWER at term 1 for recognizeCandidate:cde49d58-fad6-4a1c-b9d6-c55ba7272aa2
2020-07-16 01:26:52,712 [grpc-default-executor-3] INFO  impl.RoleInfo (RoleInfo.java:shutdownFollowerState(121)) - 0d7ca1fc-c748-4a3b-b490-134ac7c4e42e: shutdown FollowerState
2020-07-16 01:26:52,712 [grpc-default-executor-3] INFO  impl.RoleInfo (RoleInfo.java:updateAndGet(143)) - 0d7ca1fc-c748-4a3b-b490-134ac7c4e42e: start FollowerState
2020-07-16 01:26:52,712 [Thread-1775] INFO  impl.RoleInfo (RoleInfo.java:shutdownFollowerState(121)) - cde49d58-fad6-4a1c-b9d6-c55ba7272aa2: shutdown FollowerState
2020-07-16 01:26:52,713 [Thread-1775] INFO  impl.RaftServerImpl (RaftServerImpl.java:setRole(175)) - cde49d58-fad6-4a1c-b9d6-c55ba7272aa2@group-1B70C9B7893A: changes role from  FOLLOWER to CANDIDATE at term 0 for changeToCandidate
2020-07-16 01:26:52,713 [Thread-1775] INFO  impl.RoleInfo (RoleInfo.java:updateAndGet(143)) - cde49d58-fad6-4a1c-b9d6-c55ba7272aa2: start LeaderElection
2020-07-16 01:26:52,712 [Thread-1782] INFO  impl.FollowerState (FollowerState.java:run(117)) - 0d7ca1fc-c748-4a3b-b490-134ac7c4e42e@group-75FC801D37A3-FollowerState was interrupted: java.lang.InterruptedException: sleep interrupted
2020-07-16 01:26:52,717 [cde49d58-fad6-4a1c-b9d6-c55ba7272aa2@group-75FC801D37A3-LeaderElection69] INFO  impl.LeaderElection (LeaderElection.java:logAndReturn(61)) - cde49d58-fad6-4a1c-b9d6-c55ba7272aa2@group-75FC801D37A3-LeaderElection69: Election PASSED; received 1 response(s) [cde49d58-fad6-4a1c-b9d6-c55ba7272aa2<-3a8955bd-c76c-48e8-b23e-7dc5c0b97792#0:OK-t1] and 0 exception(s); cde49d58-fad6-4a1c-b9d6-c55ba7272aa2@group-75FC801D37A3:t1, leader=null, voted=cde49d58-fad6-4a1c-b9d6-c55ba7272aa2, raftlog=cde49d58-fad6-4a1c-b9d6-c55ba7272aa2@group-75FC801D37A3-SegmentedRaftLog:OPENED:c-1,f-1,i0, conf=-1: [cde49d58-fad6-4a1c-b9d6-c55ba7272aa2:172.17.0.2:41443, 3a8955bd-c76c-48e8-b23e-7dc5c0b97792:172.17.0.2:37477, 0d7ca1fc-c748-4a3b-b490-134ac7c4e42e:172.17.0.2:41279], old=null
2020-07-16 01:26:52,717 [cde49d58-fad6-4a1c-b9d6-c55ba7272aa2@group-75FC801D37A3-LeaderElection69] INFO  impl.RoleInfo (RoleInfo.java:shutdownLeaderElection(134)) - cde49d58-fad6-4a1c-b9d6-c55ba7272aa2: shutdown LeaderElection
2020-07-16 01:26:52,717 [cde49d58-fad6-4a1c-b9d6-c55ba7272aa2@group-75FC801D37A3-LeaderElection69] INFO  impl.RaftServerImpl (RaftServerImpl.java:setRole(175)) - cde49d58-fad6-4a1c-b9d6-c55ba7272aa2@group-75FC801D37A3: changes role from CANDIDATE to LEADER at term 1 for changeToLeader
2020-07-16 01:26:52,717 [cde49d58-fad6-4a1c-b9d6-c55ba7272aa2@group-75FC801D37A3-LeaderElection69] INFO  ratis.XceiverServerRatis (XceiverServerRatis.java:handleLeaderChangedNotification(770)) - Leader change notification received for group: group-75FC801D37A3 with new leaderId: cde49d58-fad6-4a1c-b9d6-c55ba7272aa2
2020-07-16 01:26:52,717 [cde49d58-fad6-4a1c-b9d6-c55ba7272aa2@group-75FC801D37A3-LeaderElection69] INFO  impl.RaftServerImpl (ServerState.java:setLeader(255)) - cde49d58-fad6-4a1c-b9d6-c55ba7272aa2@group-75FC801D37A3: change Leader from null to cde49d58-fad6-4a1c-b9d6-c55ba7272aa2 at term 1 for becomeLeader, leader elected after 5050ms
2020-07-16 01:26:52,718 [cde49d58-fad6-4a1c-b9d6-c55ba7272aa2@group-75FC801D37A3-LeaderElection69] INFO  server.RaftServerConfigKeys (ConfUtils.java:logGet(44)) - raft.server.staging.catchup.gap = 1000 (default)
2020-07-16 01:26:52,718 [cde49d58-fad6-4a1c-b9d6-c55ba7272aa2@group-75FC801D37A3-LeaderElection69] INFO  server.RaftServerConfigKeys (ConfUtils.java:logGet(44)) - raft.server.rpc.sleep.time = 25ms (default)
2020-07-16 01:26:52,718 [cde49d58-fad6-4a1c-b9d6-c55ba7272aa2@group-75FC801D37A3-LeaderElection69] INFO  metrics.RatisMetrics (RatisMetrics.java:lambda$create$0(36)) - Creating Metrics Registry : ratis.log_appender.cde49d58-fad6-4a1c-b9d6-c55ba7272aa2@group-75FC801D37A3
2020-07-16 01:26:52,718 [cde49d58-fad6-4a1c-b9d6-c55ba7272aa2@group-75FC801D37A3-LeaderElection69] INFO  server.RaftServerConfigKeys (ConfUtils.java:logGet(44)) - raft.server.write.element-limit = 1024 (custom)
2020-07-16 01:26:52,718 [cde49d58-fad6-4a1c-b9d6-c55ba7272aa2@group-75FC801D37A3-LeaderElection69] INFO  server.RaftServerConfigKeys (ConfUtils.java:logGet(44)) - raft.server.write.byte-limit = 1073741824 (custom)
2020-07-16 01:26:52,718 [cde49d58-fad6-4a1c-b9d6-c55ba7272aa2@group-75FC801D37A3-LeaderElection69] INFO  server.RaftServerConfigKeys (ConfUtils.java:logGet(44)) - raft.server.watch.timeout = 3000ms (custom)
2020-07-16 01:26:52,719 [cde49d58-fad6-4a1c-b9d6-c55ba7272aa2@group-75FC801D37A3-LeaderElection69] INFO  server.RaftServerConfigKeys (ConfUtils.java:logGet(44)) - raft.server.watch.timeout.denomination = 1s (default)
2020-07-16 01:26:52,719 [cde49d58-fad6-4a1c-b9d6-c55ba7272aa2@group-75FC801D37A3-LeaderElection69] INFO  server.RaftServerConfigKeys (ConfUtils.java:logGet(44)) - raft.server.watch.element-limit = 65536 (default)
2020-07-16 01:26:52,719 [cde49d58-fad6-4a1c-b9d6-c55ba7272aa2@group-75FC801D37A3-LeaderElection69] INFO  server.RaftServerConfigKeys (ConfUtils.java:logGet(44)) - raft.server.log.appender.snapshot.chunk.size.max = 16MB (=16777216) (default)
2020-07-16 01:26:52,719 [cde49d58-fad6-4a1c-b9d6-c55ba7272aa2@group-75FC801D37A3-LeaderElection69] INFO  server.RaftServerConfigKeys (ConfUtils.java:logGet(44)) - raft.server.log.appender.buffer.byte-limit = 33554432 (custom)
2020-07-16 01:26:52,719 [cde49d58-fad6-4a1c-b9d6-c55ba7272aa2@group-75FC801D37A3-LeaderElection69] INFO  server.RaftServerConfigKeys (ConfUtils.java:logGet(44)) - raft.server.log.appender.buffer.element-limit = 1 (custom)
2020-07-16 01:26:52,720 [cde49d58-fad6-4a1c-b9d6-c55ba7272aa2@group-75FC801D37A3-LeaderElection69] INFO  grpc.GrpcConfigKeys (ConfUtils.java:logGet(44)) - raft.grpc.server.leader.outstanding.appends.max = 128 (default)
2020-07-16 01:26:52,720 [cde49d58-fad6-4a1c-b9d6-c55ba7272aa2@group-75FC801D37A3-LeaderElection69] INFO  server.RaftServerConfigKeys (ConfUtils.java:logGet(44)) - raft.server.rpc.request.timeout = 3000ms (default)
2020-07-16 01:26:52,720 [cde49d58-fad6-4a1c-b9d6-c55ba7272aa2@group-75FC801D37A3-LeaderElection69] INFO  server.RaftServerConfigKeys (ConfUtils.java:logGet(44)) - raft.server.log.appender.install.snapshot.enabled = false (custom)
2020-07-16 01:26:52,720 [cde49d58-fad6-4a1c-b9d6-c55ba7272aa2@group-75FC801D37A3-LeaderElection69] INFO  metrics.RatisMetrics (RatisMetrics.java:lambda$create$0(36)) - Creating Metrics Registry : ratis_grpc.log_appender.cde49d58-fad6-4a1c-b9d6-c55ba7272aa2@group-75FC801D37A3
2020-07-16 01:26:52,720 [EventQueue-PipelineReportForPipelineReportHandler] INFO  pipeline.PipelineStateManager (PipelineStateManager.java:openPipeline(131)) - Pipeline Pipeline[ Id: de9b0c97-aacb-459d-bb46-75fc801d37a3, Nodes: 3a8955bd-c76c-48e8-b23e-7dc5c0b97792{ip: 172.17.0.2, host: 3db59c8b2b88, networkLocation: /default-rack, certSerialId: null}0d7ca1fc-c748-4a3b-b490-134ac7c4e42e{ip: 172.17.0.2, host: 3db59c8b2b88, networkLocation: /default-rack, certSerialId: null}cde49d58-fad6-4a1c-b9d6-c55ba7272aa2{ip: 172.17.0.2, host: 3db59c8b2b88, networkLocation: /default-rack, certSerialId: null}, Type:RATIS, Factor:THREE, State:ALLOCATED, leaderId:cde49d58-fad6-4a1c-b9d6-c55ba7272aa2, CreationTimestamp2020-07-16T01:26:44.931Z] moved to OPEN state
2020-07-16 01:26:52,721 [cde49d58-fad6-4a1c-b9d6-c55ba7272aa2@group-1B70C9B7893A-LeaderElection70] INFO  impl.LeaderElection (LeaderElection.java:askForVotes(206)) - cde49d58-fad6-4a1c-b9d6-c55ba7272aa2@group-1B70C9B7893A-LeaderElection70: begin an election at term 1 for -1: [cde49d58-fad6-4a1c-b9d6-c55ba7272aa2:172.17.0.2:41443], old=null
2020-07-16 01:26:52,722 [cde49d58-fad6-4a1c-b9d6-c55ba7272aa2@group-1B70C9B7893A-LeaderElection70] INFO  impl.RoleInfo (RoleInfo.java:shutdownLeaderElection(134)) - cde49d58-fad6-4a1c-b9d6-c55ba7272aa2: shutdown LeaderElection
2020-07-16 01:26:52,722 [cde49d58-fad6-4a1c-b9d6-c55ba7272aa2@group-1B70C9B7893A-LeaderElection70] INFO  impl.RaftServerImpl (RaftServerImpl.java:setRole(175)) - cde49d58-fad6-4a1c-b9d6-c55ba7272aa2@group-1B70C9B7893A: changes role from CANDIDATE to LEADER at term 1 for changeToLeader
2020-07-16 01:26:52,722 [cde49d58-fad6-4a1c-b9d6-c55ba7272aa2@group-1B70C9B7893A-LeaderElection70] INFO  ratis.XceiverServerRatis (XceiverServerRatis.java:handleLeaderChangedNotification(770)) - Leader change notification received for group: group-1B70C9B7893A with new leaderId: cde49d58-fad6-4a1c-b9d6-c55ba7272aa2
2020-07-16 01:26:52,722 [cde49d58-fad6-4a1c-b9d6-c55ba7272aa2@group-1B70C9B7893A-LeaderElection70] INFO  impl.RaftServerImpl (ServerState.java:setLeader(255)) - cde49d58-fad6-4a1c-b9d6-c55ba7272aa2@group-1B70C9B7893A: change Leader from null to cde49d58-fad6-4a1c-b9d6-c55ba7272aa2 at term 1 for becomeLeader, leader elected after 5071ms
2020-07-16 01:26:52,722 [cde49d58-fad6-4a1c-b9d6-c55ba7272aa2@group-1B70C9B7893A-LeaderElection70] INFO  server.RaftServerConfigKeys (ConfUtils.java:logGet(44)) - raft.server.staging.catchup.gap = 1000 (default)
2020-07-16 01:26:52,722 [cde49d58-fad6-4a1c-b9d6-c55ba7272aa2@group-1B70C9B7893A-LeaderElection70] INFO  server.RaftServerConfigKeys (ConfUtils.java:logGet(44)) - raft.server.rpc.sleep.time = 25ms (default)
2020-07-16 01:26:52,722 [cde49d58-fad6-4a1c-b9d6-c55ba7272aa2@group-1B70C9B7893A-LeaderElection70] INFO  metrics.RatisMetrics (RatisMetrics.java:lambda$create$0(36)) - Creating Metrics Registry : ratis.log_appender.cde49d58-fad6-4a1c-b9d6-c55ba7272aa2@group-1B70C9B7893A
2020-07-16 01:26:52,723 [cde49d58-fad6-4a1c-b9d6-c55ba7272aa2@group-1B70C9B7893A-LeaderElection70] INFO  server.RaftServerConfigKeys (ConfUtils.java:logGet(44)) - raft.server.write.element-limit = 1024 (custom)
2020-07-16 01:26:52,723 [cde49d58-fad6-4a1c-b9d6-c55ba7272aa2@group-1B70C9B7893A-LeaderElection70] INFO  server.RaftServerConfigKeys (ConfUtils.java:logGet(44)) - raft.server.write.byte-limit = 1073741824 (custom)
2020-07-16 01:26:52,725 [cde49d58-fad6-4a1c-b9d6-c55ba7272aa2@group-75FC801D37A3-LeaderElection69] INFO  server.RaftServerConfigKeys (ConfUtils.java:logGet(44)) - raft.server.log.appender.snapshot.chunk.size.max = 16MB (=16777216) (default)
2020-07-16 01:26:52,725 [cde49d58-fad6-4a1c-b9d6-c55ba7272aa2@group-75FC801D37A3-LeaderElection69] INFO  server.RaftServerConfigKeys (ConfUtils.java:logGet(44)) - raft.server.log.appender.buffer.byte-limit = 33554432 (custom)
2020-07-16 01:26:52,725 [cde49d58-fad6-4a1c-b9d6-c55ba7272aa2@group-1B70C9B7893A-LeaderElection70] INFO  server.RaftServerConfigKeys (ConfUtils.java:logGet(44)) - raft.server.watch.timeout = 3000ms (custom)
2020-07-16 01:26:52,726 [cde49d58-fad6-4a1c-b9d6-c55ba7272aa2@group-1B70C9B7893A-LeaderElection70] INFO  server.RaftServerConfigKeys (ConfUtils.java:logGet(44)) - raft.server.watch.timeout.denomination = 1s (default)
2020-07-16 01:26:52,726 [cde49d58-fad6-4a1c-b9d6-c55ba7272aa2@group-1B70C9B7893A-LeaderElection70] INFO  server.RaftServerConfigKeys (ConfUtils.java:logGet(44)) - raft.server.watch.element-limit = 65536 (default)
2020-07-16 01:26:52,726 [cde49d58-fad6-4a1c-b9d6-c55ba7272aa2@group-1B70C9B7893A-LeaderElection70] INFO  impl.RoleInfo (RoleInfo.java:updateAndGet(143)) - cde49d58-fad6-4a1c-b9d6-c55ba7272aa2: start LeaderState
2020-07-16 01:26:52,726 [cde49d58-fad6-4a1c-b9d6-c55ba7272aa2@group-1B70C9B7893A-LeaderElection70] INFO  segmented.SegmentedRaftLogWorker (SegmentedRaftLogWorker.java:startLogSegment(397)) - cde49d58-fad6-4a1c-b9d6-c55ba7272aa2@group-1B70C9B7893A-SegmentedRaftLogWorker: Starting segment from index:0
2020-07-16 01:26:52,725 [cde49d58-fad6-4a1c-b9d6-c55ba7272aa2@group-75FC801D37A3-LeaderElection69] INFO  server.RaftServerConfigKeys (ConfUtils.java:logGet(44)) - raft.server.log.appender.buffer.element-limit = 1 (custom)
2020-07-16 01:26:52,727 [cde49d58-fad6-4a1c-b9d6-c55ba7272aa2@group-1B70C9B7893A-SegmentedRaftLogWorker] INFO  segmented.SegmentedRaftLogWorker (SegmentedRaftLogWorker.java:execute(596)) - cde49d58-fad6-4a1c-b9d6-c55ba7272aa2@group-1B70C9B7893A-SegmentedRaftLogWorker: created new log segment /github/workspace/mnt/ozone/hadoop-ozone/integration-test/target/test-dir/MiniOzoneClusterImpl-adff4ecb-6e1a-4bbe-b65d-469fb2d670c7/datanode-6/data/ratis/3fe53c40-137a-4741-af73-1b70c9b7893a/current/log_inprogress_0
2020-07-16 01:26:52,729 [cde49d58-fad6-4a1c-b9d6-c55ba7272aa2@group-75FC801D37A3-LeaderElection69] INFO  grpc.GrpcConfigKeys (ConfUtils.java:logGet(44)) - raft.grpc.server.leader.outstanding.appends.max = 128 (default)
2020-07-16 01:26:52,729 [cde49d58-fad6-4a1c-b9d6-c55ba7272aa2@group-75FC801D37A3-LeaderElection69] INFO  server.RaftServerConfigKeys (ConfUtils.java:logGet(44)) - raft.server.rpc.request.timeout = 3000ms (default)
2020-07-16 01:26:52,729 [cde49d58-fad6-4a1c-b9d6-c55ba7272aa2@group-75FC801D37A3-LeaderElection69] INFO  server.RaftServerConfigKeys (ConfUtils.java:logGet(44)) - raft.server.log.appender.install.snapshot.enabled = false (custom)
2020-07-16 01:26:52,729 [cde49d58-fad6-4a1c-b9d6-c55ba7272aa2@group-1B70C9B7893A-LeaderElection70] INFO  impl.RaftServerImpl (ServerState.java:setRaftConf(356)) - cde49d58-fad6-4a1c-b9d6-c55ba7272aa2@group-1B70C9B7893A: set configuration 0: [cde49d58-fad6-4a1c-b9d6-c55ba7272aa2:172.17.0.2:41443], old=null at 0
2020-07-16 01:26:52,731 [cde49d58-fad6-4a1c-b9d6-c55ba7272aa2@group-75FC801D37A3-LeaderElection69] INFO  impl.RoleInfo (RoleInfo.java:updateAndGet(143)) - cde49d58-fad6-4a1c-b9d6-c55ba7272aa2: start LeaderState
2020-07-16 01:26:52,732 [cde49d58-fad6-4a1c-b9d6-c55ba7272aa2@group-75FC801D37A3-LeaderElection69] INFO  segmented.SegmentedRaftLogWorker (SegmentedRaftLogWorker.java:startLogSegment(397)) - cde49d58-fad6-4a1c-b9d6-c55ba7272aa2@group-75FC801D37A3-SegmentedRaftLogWorker: Starting segment from index:0
2020-07-16 01:26:52,734 [cde49d58-fad6-4a1c-b9d6-c55ba7272aa2@group-75FC801D37A3-SegmentedRaftLogWorker] INFO  segmented.SegmentedRaftLogWorker (SegmentedRaftLogWorker.java:execute(596)) - cde49d58-fad6-4a1c-b9d6-c55ba7272aa2@group-75FC801D37A3-SegmentedRaftLogWorker: created new log segment /github/workspace/mnt/ozone/hadoop-ozone/integration-test/target/test-dir/MiniOzoneClusterImpl-adff4ecb-6e1a-4bbe-b65d-469fb2d670c7/datanode-6/data/ratis/de9b0c97-aacb-459d-bb46-75fc801d37a3/current/log_inprogress_0
2020-07-16 01:26:52,738 [cde49d58-fad6-4a1c-b9d6-c55ba7272aa2@group-75FC801D37A3-LeaderElection69] INFO  impl.RaftServerImpl (ServerState.java:setRaftConf(356)) - cde49d58-fad6-4a1c-b9d6-c55ba7272aa2@group-75FC801D37A3: set configuration 0: [cde49d58-fad6-4a1c-b9d6-c55ba7272aa2:172.17.0.2:41443, 3a8955bd-c76c-48e8-b23e-7dc5c0b97792:172.17.0.2:37477, 0d7ca1fc-c748-4a3b-b490-134ac7c4e42e:172.17.0.2:41279], old=null at 0
2020-07-16 01:26:52,747 [grpc-default-executor-0] INFO  ratis.XceiverServerRatis (XceiverServerRatis.java:handleLeaderChangedNotification(770)) - Leader change notification received for group: group-75FC801D37A3 with new leaderId: cde49d58-fad6-4a1c-b9d6-c55ba7272aa2
2020-07-16 01:26:52,747 [grpc-default-executor-0] INFO  impl.RaftServerImpl (ServerState.java:setLeader(255)) - 3a8955bd-c76c-48e8-b23e-7dc5c0b97792@group-75FC801D37A3: change Leader from null to cde49d58-fad6-4a1c-b9d6-c55ba7272aa2 at term 1 for appendEntries, leader elected after 5053ms
2020-07-16 01:26:52,752 [grpc-default-executor-0] INFO  impl.RaftServerImpl (ServerState.java:setRaftConf(356)) - 3a8955bd-c76c-48e8-b23e-7dc5c0b97792@group-75FC801D37A3: set configuration 0: [cde49d58-fad6-4a1c-b9d6-c55ba7272aa2:172.17.0.2:41443, 3a8955bd-c76c-48e8-b23e-7dc5c0b97792:172.17.0.2:37477, 0d7ca1fc-c748-4a3b-b490-134ac7c4e42e:172.17.0.2:41279], old=null at 0
2020-07-16 01:26:52,753 [grpc-default-executor-0] INFO  segmented.SegmentedRaftLogWorker (SegmentedRaftLogWorker.java:startLogSegment(397)) - 3a8955bd-c76c-48e8-b23e-7dc5c0b97792@group-75FC801D37A3-SegmentedRaftLogWorker: Starting segment from index:0
2020-07-16 01:26:52,756 [3a8955bd-c76c-48e8-b23e-7dc5c0b97792@group-75FC801D37A3-SegmentedRaftLogWorker] INFO  segmented.SegmentedRaftLogWorker (SegmentedRaftLogWorker.java:execute(596)) - 3a8955bd-c76c-48e8-b23e-7dc5c0b97792@group-75FC801D37A3-SegmentedRaftLogWorker: created new log segment /github/workspace/mnt/ozone/hadoop-ozone/integration-test/target/test-dir/MiniOzoneClusterImpl-adff4ecb-6e1a-4bbe-b65d-469fb2d670c7/datanode-7/data/ratis/de9b0c97-aacb-459d-bb46-75fc801d37a3/current/log_inprogress_0
2020-07-16 01:26:52,763 [grpc-default-executor-0] INFO  ratis.XceiverServerRatis (XceiverServerRatis.java:handleLeaderChangedNotification(770)) - Leader change notification received for group: group-75FC801D37A3 with new leaderId: cde49d58-fad6-4a1c-b9d6-c55ba7272aa2
2020-07-16 01:26:52,763 [grpc-default-executor-0] INFO  impl.RaftServerImpl (ServerState.java:setLeader(255)) - 0d7ca1fc-c748-4a3b-b490-134ac7c4e42e@group-75FC801D37A3: change Leader from null to cde49d58-fad6-4a1c-b9d6-c55ba7272aa2 at term 1 for appendEntries, leader elected after 5047ms
2020-07-16 01:26:52,766 [grpc-default-executor-0] INFO  impl.RaftServerImpl (ServerState.java:setRaftConf(356)) - 0d7ca1fc-c748-4a3b-b490-134ac7c4e42e@group-75FC801D37A3: set configuration 0: [cde49d58-fad6-4a1c-b9d6-c55ba7272aa2:172.17.0.2:41443, 3a8955bd-c76c-48e8-b23e-7dc5c0b97792:172.17.0.2:37477, 0d7ca1fc-c748-4a3b-b490-134ac7c4e42e:172.17.0.2:41279], old=null at 0
2020-07-16 01:26:52,767 [grpc-default-executor-0] INFO  segmented.SegmentedRaftLogWorker (SegmentedRaftLogWorker.java:startLogSegment(397)) - 0d7ca1fc-c748-4a3b-b490-134ac7c4e42e@group-75FC801D37A3-SegmentedRaftLogWorker: Starting segment from index:0
2020-07-16 01:26:52,769 [0d7ca1fc-c748-4a3b-b490-134ac7c4e42e@group-75FC801D37A3-SegmentedRaftLogWorker] INFO  segmented.SegmentedRaftLogWorker (SegmentedRaftLogWorker.java:execute(596)) - 0d7ca1fc-c748-4a3b-b490-134ac7c4e42e@group-75FC801D37A3-SegmentedRaftLogWorker: created new log segment /github/workspace/mnt/ozone/hadoop-ozone/integration-test/target/test-dir/MiniOzoneClusterImpl-adff4ecb-6e1a-4bbe-b65d-469fb2d670c7/datanode-8/data/ratis/de9b0c97-aacb-459d-bb46-75fc801d37a3/current/log_inprogress_0
2020-07-16 01:26:52,927 [Listener at 127.0.0.1/35581] INFO  ozone.MiniOzoneClusterImpl (MiniOzoneClusterImpl.java:lambda$waitForClusterToBeReady$0(177)) - Nodes are ready. Got 9 of 9 DN Heartbeats.
2020-07-16 01:26:52,927 [Listener at 127.0.0.1/35581] INFO  ozone.MiniOzoneClusterImpl (MiniOzoneClusterImpl.java:lambda$waitForClusterToBeReady$0(180)) - Cluster exits safe mode
2020-07-16 01:26:52,938 [Listener at 127.0.0.1/35581] INFO  rpc.RpcClient (RpcClient.java:createVolume(314)) - Creating Volume: watchforcommithandlingtest, with jenkins1001 as owner.
2020-07-16 01:26:52,940 [IPC Server handler 1 on default port 35581] INFO  volume.OMVolumeCreateRequest (OMVolumeCreateRequest.java:validateAndUpdateCache(195)) - created volume:watchforcommithandlingtest for user:jenkins1001
2020-07-16 01:26:52,945 [Listener at 127.0.0.1/35581] INFO  rpc.RpcClient (RpcClient.java:createBucket(457)) - Creating Bucket: watchforcommithandlingtest/watchforcommithandlingtest, with Versioning false and Storage Type set to DISK and Encryption set to false 
2020-07-16 01:26:52,947 [Thread-1785] INFO  impl.FollowerState (FollowerState.java:run(108)) - 3a8955bd-c76c-48e8-b23e-7dc5c0b97792@group-88CCA2BB500C-FollowerState: change to CANDIDATE, lastRpcTime:5185ms, electionTimeout:5184ms
2020-07-16 01:26:52,947 [Thread-1785] INFO  impl.RoleInfo (RoleInfo.java:shutdownFollowerState(121)) - 3a8955bd-c76c-48e8-b23e-7dc5c0b97792: shutdown FollowerState
2020-07-16 01:26:52,947 [Thread-1785] INFO  impl.RaftServerImpl (RaftServerImpl.java:setRole(175)) - 3a8955bd-c76c-48e8-b23e-7dc5c0b97792@group-88CCA2BB500C: changes role from  FOLLOWER to CANDIDATE at term 0 for changeToCandidate
2020-07-16 01:26:52,947 [Thread-1785] INFO  impl.RoleInfo (RoleInfo.java:updateAndGet(143)) - 3a8955bd-c76c-48e8-b23e-7dc5c0b97792: start LeaderElection
2020-07-16 01:26:52,948 [Listener at 127.0.0.1/35581] INFO  ozone.MiniOzoneClusterImpl (MiniOzoneClusterImpl.java:getStorageContainerLocationClient(289)) - Creating StorageContainerLocationProtocol RPC client with address /0.0.0.0:34019
2020-07-16 01:26:52,963 [3a8955bd-c76c-48e8-b23e-7dc5c0b97792@group-88CCA2BB500C-LeaderElection71] INFO  impl.LeaderElection (LeaderElection.java:askForVotes(206)) - 3a8955bd-c76c-48e8-b23e-7dc5c0b97792@group-88CCA2BB500C-LeaderElection71: begin an election at term 1 for -1: [3a8955bd-c76c-48e8-b23e-7dc5c0b97792:172.17.0.2:37477], old=null
2020-07-16 01:26:52,963 [3a8955bd-c76c-48e8-b23e-7dc5c0b97792@group-88CCA2BB500C-LeaderElection71] INFO  impl.RoleInfo (RoleInfo.java:shutdownLeaderElection(134)) - 3a8955bd-c76c-48e8-b23e-7dc5c0b97792: shutdown LeaderElection
2020-07-16 01:26:52,963 [3a8955bd-c76c-48e8-b23e-7dc5c0b97792@group-88CCA2BB500C-LeaderElection71] INFO  impl.RaftServerImpl (RaftServerImpl.java:setRole(175)) - 3a8955bd-c76c-48e8-b23e-7dc5c0b97792@group-88CCA2BB500C: changes role from CANDIDATE to LEADER at term 1 for changeToLeader
2020-07-16 01:26:52,963 [3a8955bd-c76c-48e8-b23e-7dc5c0b97792@group-88CCA2BB500C-LeaderElection71] INFO  ratis.XceiverServerRatis (XceiverServerRatis.java:handleLeaderChangedNotification(770)) - Leader change notification received for group: group-88CCA2BB500C with new leaderId: 3a8955bd-c76c-48e8-b23e-7dc5c0b97792
2020-07-16 01:26:52,963 [3a8955bd-c76c-48e8-b23e-7dc5c0b97792@group-88CCA2BB500C-LeaderElection71] INFO  impl.RaftServerImpl (ServerState.java:setLeader(255)) - 3a8955bd-c76c-48e8-b23e-7dc5c0b97792@group-88CCA2BB500C: change Leader from null to 3a8955bd-c76c-48e8-b23e-7dc5c0b97792 at term 1 for becomeLeader, leader elected after 5208ms
2020-07-16 01:26:52,964 [3a8955bd-c76c-48e8-b23e-7dc5c0b97792@group-88CCA2BB500C-LeaderElection71] INFO  server.RaftServerConfigKeys (ConfUtils.java:logGet(44)) - raft.server.staging.catchup.gap = 1000 (default)
2020-07-16 01:26:52,964 [3a8955bd-c76c-48e8-b23e-7dc5c0b97792@group-88CCA2BB500C-LeaderElection71] INFO  server.RaftServerConfigKeys (ConfUtils.java:logGet(44)) - raft.server.rpc.sleep.time = 25ms (default)
2020-07-16 01:26:52,964 [3a8955bd-c76c-48e8-b23e-7dc5c0b97792@group-88CCA2BB500C-LeaderElection71] INFO  metrics.RatisMetrics (RatisMetrics.java:lambda$create$0(36)) - Creating Metrics Registry : ratis.log_appender.3a8955bd-c76c-48e8-b23e-7dc5c0b97792@group-88CCA2BB500C
2020-07-16 01:26:52,964 [3a8955bd-c76c-48e8-b23e-7dc5c0b97792@group-88CCA2BB500C-LeaderElection71] INFO  server.RaftServerConfigKeys (ConfUtils.java:logGet(44)) - raft.server.write.element-limit = 1024 (custom)
2020-07-16 01:26:52,964 [3a8955bd-c76c-48e8-b23e-7dc5c0b97792@group-88CCA2BB500C-LeaderElection71] INFO  server.RaftServerConfigKeys (ConfUtils.java:logGet(44)) - raft.server.write.byte-limit = 1073741824 (custom)
2020-07-16 01:26:52,965 [3a8955bd-c76c-48e8-b23e-7dc5c0b97792@group-88CCA2BB500C-LeaderElection71] INFO  server.RaftServerConfigKeys (ConfUtils.java:logGet(44)) - raft.server.watch.timeout = 3000ms (custom)
2020-07-16 01:26:52,965 [3a8955bd-c76c-48e8-b23e-7dc5c0b97792@group-88CCA2BB500C-LeaderElection71] INFO  server.RaftServerConfigKeys (ConfUtils.java:logGet(44)) - raft.server.watch.timeout.denomination = 1s (default)
2020-07-16 01:26:52,965 [3a8955bd-c76c-48e8-b23e-7dc5c0b97792@group-88CCA2BB500C-LeaderElection71] INFO  server.RaftServerConfigKeys (ConfUtils.java:logGet(44)) - raft.server.watch.element-limit = 65536 (default)
2020-07-16 01:26:52,965 [3a8955bd-c76c-48e8-b23e-7dc5c0b97792@group-88CCA2BB500C-LeaderElection71] INFO  impl.RoleInfo (RoleInfo.java:updateAndGet(143)) - 3a8955bd-c76c-48e8-b23e-7dc5c0b97792: start LeaderState
2020-07-16 01:26:52,966 [3a8955bd-c76c-48e8-b23e-7dc5c0b97792@group-88CCA2BB500C-LeaderElection71] INFO  segmented.SegmentedRaftLogWorker (SegmentedRaftLogWorker.java:startLogSegment(397)) - 3a8955bd-c76c-48e8-b23e-7dc5c0b97792@group-88CCA2BB500C-SegmentedRaftLogWorker: Starting segment from index:0
2020-07-16 01:26:52,966 [3a8955bd-c76c-48e8-b23e-7dc5c0b97792@group-88CCA2BB500C-LeaderElection71] INFO  impl.RaftServerImpl (ServerState.java:setRaftConf(356)) - 3a8955bd-c76c-48e8-b23e-7dc5c0b97792@group-88CCA2BB500C: set configuration 0: [3a8955bd-c76c-48e8-b23e-7dc5c0b97792:172.17.0.2:37477], old=null at 0
2020-07-16 01:26:52,967 [3a8955bd-c76c-48e8-b23e-7dc5c0b97792@group-88CCA2BB500C-SegmentedRaftLogWorker] INFO  segmented.SegmentedRaftLogWorker (SegmentedRaftLogWorker.java:execute(596)) - 3a8955bd-c76c-48e8-b23e-7dc5c0b97792@group-88CCA2BB500C-SegmentedRaftLogWorker: created new log segment /github/workspace/mnt/ozone/hadoop-ozone/integration-test/target/test-dir/MiniOzoneClusterImpl-adff4ecb-6e1a-4bbe-b65d-469fb2d670c7/datanode-7/data/ratis/4b63a550-f1ba-48dc-9022-88cca2bb500c/current/log_inprogress_0
2020-07-16 01:26:52,988 [Thread-1787] INFO  impl.FollowerState (FollowerState.java:run(108)) - 0d7ca1fc-c748-4a3b-b490-134ac7c4e42e@group-6E7C7950E886-FollowerState: change to CANDIDATE, lastRpcTime:5047ms, electionTimeout:5047ms
2020-07-16 01:26:52,988 [Thread-1787] INFO  impl.RoleInfo (RoleInfo.java:shutdownFollowerState(121)) - 0d7ca1fc-c748-4a3b-b490-134ac7c4e42e: shutdown FollowerState
2020-07-16 01:26:52,988 [Thread-1787] INFO  impl.RaftServerImpl (RaftServerImpl.java:setRole(175)) - 0d7ca1fc-c748-4a3b-b490-134ac7c4e42e@group-6E7C7950E886: changes role from  FOLLOWER to CANDIDATE at term 0 for changeToCandidate
2020-07-16 01:26:52,993 [Thread-1787] INFO  impl.RoleInfo (RoleInfo.java:updateAndGet(143)) - 0d7ca1fc-c748-4a3b-b490-134ac7c4e42e: start LeaderElection
2020-07-16 01:26:53,002 [0d7ca1fc-c748-4a3b-b490-134ac7c4e42e@group-6E7C7950E886-LeaderElection72] INFO  impl.LeaderElection (LeaderElection.java:askForVotes(206)) - 0d7ca1fc-c748-4a3b-b490-134ac7c4e42e@group-6E7C7950E886-LeaderElection72: begin an election at term 1 for -1: [0d7ca1fc-c748-4a3b-b490-134ac7c4e42e:172.17.0.2:41279], old=null
2020-07-16 01:26:53,002 [0d7ca1fc-c748-4a3b-b490-134ac7c4e42e@group-6E7C7950E886-LeaderElection72] INFO  impl.RoleInfo (RoleInfo.java:shutdownLeaderElection(134)) - 0d7ca1fc-c748-4a3b-b490-134ac7c4e42e: shutdown LeaderElection
2020-07-16 01:26:53,002 [0d7ca1fc-c748-4a3b-b490-134ac7c4e42e@group-6E7C7950E886-LeaderElection72] INFO  impl.RaftServerImpl (RaftServerImpl.java:setRole(175)) - 0d7ca1fc-c748-4a3b-b490-134ac7c4e42e@group-6E7C7950E886: changes role from CANDIDATE to LEADER at term 1 for changeToLeader
2020-07-16 01:26:53,002 [0d7ca1fc-c748-4a3b-b490-134ac7c4e42e@group-6E7C7950E886-LeaderElection72] INFO  ratis.XceiverServerRatis (XceiverServerRatis.java:handleLeaderChangedNotification(770)) - Leader change notification received for group: group-6E7C7950E886 with new leaderId: 0d7ca1fc-c748-4a3b-b490-134ac7c4e42e
2020-07-16 01:26:53,006 [0d7ca1fc-c748-4a3b-b490-134ac7c4e42e@group-6E7C7950E886-LeaderElection72] INFO  impl.RaftServerImpl (ServerState.java:setLeader(255)) - 0d7ca1fc-c748-4a3b-b490-134ac7c4e42e@group-6E7C7950E886: change Leader from null to 0d7ca1fc-c748-4a3b-b490-134ac7c4e42e at term 1 for becomeLeader, leader elected after 5069ms
2020-07-16 01:26:53,006 [0d7ca1fc-c748-4a3b-b490-134ac7c4e42e@group-6E7C7950E886-LeaderElection72] INFO  server.RaftServerConfigKeys (ConfUtils.java:logGet(44)) - raft.server.staging.catchup.gap = 1000 (default)
2020-07-16 01:26:53,006 [0d7ca1fc-c748-4a3b-b490-134ac7c4e42e@group-6E7C7950E886-LeaderElection72] INFO  server.RaftServerConfigKeys (ConfUtils.java:logGet(44)) - raft.server.rpc.sleep.time = 25ms (default)
2020-07-16 01:26:53,007 [0d7ca1fc-c748-4a3b-b490-134ac7c4e42e@group-6E7C7950E886-LeaderElection72] INFO  metrics.RatisMetrics (RatisMetrics.java:lambda$create$0(36)) - Creating Metrics Registry : ratis.log_appender.0d7ca1fc-c748-4a3b-b490-134ac7c4e42e@group-6E7C7950E886
2020-07-16 01:26:53,007 [0d7ca1fc-c748-4a3b-b490-134ac7c4e42e@group-6E7C7950E886-LeaderElection72] INFO  server.RaftServerConfigKeys (ConfUtils.java:logGet(44)) - raft.server.write.element-limit = 1024 (custom)
2020-07-16 01:26:53,007 [0d7ca1fc-c748-4a3b-b490-134ac7c4e42e@group-6E7C7950E886-LeaderElection72] INFO  server.RaftServerConfigKeys (ConfUtils.java:logGet(44)) - raft.server.write.byte-limit = 1073741824 (custom)
2020-07-16 01:26:53,007 [0d7ca1fc-c748-4a3b-b490-134ac7c4e42e@group-6E7C7950E886-LeaderElection72] INFO  server.RaftServerConfigKeys (ConfUtils.java:logGet(44)) - raft.server.watch.timeout = 3000ms (custom)
2020-07-16 01:26:53,007 [0d7ca1fc-c748-4a3b-b490-134ac7c4e42e@group-6E7C7950E886-LeaderElection72] INFO  server.RaftServerConfigKeys (ConfUtils.java:logGet(44)) - raft.server.watch.timeout.denomination = 1s (default)
2020-07-16 01:26:53,007 [0d7ca1fc-c748-4a3b-b490-134ac7c4e42e@group-6E7C7950E886-LeaderElection72] INFO  server.RaftServerConfigKeys (ConfUtils.java:logGet(44)) - raft.server.watch.element-limit = 65536 (default)
2020-07-16 01:26:53,008 [0d7ca1fc-c748-4a3b-b490-134ac7c4e42e@group-6E7C7950E886-LeaderElection72] INFO  impl.RoleInfo (RoleInfo.java:updateAndGet(143)) - 0d7ca1fc-c748-4a3b-b490-134ac7c4e42e: start LeaderState
2020-07-16 01:26:53,008 [0d7ca1fc-c748-4a3b-b490-134ac7c4e42e@group-6E7C7950E886-LeaderElection72] INFO  segmented.SegmentedRaftLogWorker (SegmentedRaftLogWorker.java:startLogSegment(397)) - 0d7ca1fc-c748-4a3b-b490-134ac7c4e42e@group-6E7C7950E886-SegmentedRaftLogWorker: Starting segment from index:0
2020-07-16 01:26:53,009 [0d7ca1fc-c748-4a3b-b490-134ac7c4e42e@group-6E7C7950E886-LeaderElection72] INFO  impl.RaftServerImpl (ServerState.java:setRaftConf(356)) - 0d7ca1fc-c748-4a3b-b490-134ac7c4e42e@group-6E7C7950E886: set configuration 0: [0d7ca1fc-c748-4a3b-b490-134ac7c4e42e:172.17.0.2:41279], old=null at 0
2020-07-16 01:26:53,013 [0d7ca1fc-c748-4a3b-b490-134ac7c4e42e@group-6E7C7950E886-SegmentedRaftLogWorker] INFO  segmented.SegmentedRaftLogWorker (SegmentedRaftLogWorker.java:execute(596)) - 0d7ca1fc-c748-4a3b-b490-134ac7c4e42e@group-6E7C7950E886-SegmentedRaftLogWorker: created new log segment /github/workspace/mnt/ozone/hadoop-ozone/integration-test/target/test-dir/MiniOzoneClusterImpl-adff4ecb-6e1a-4bbe-b65d-469fb2d670c7/datanode-8/data/ratis/030f80a5-b15c-4b2d-9868-6e7c7950e886/current/log_inprogress_0
2020-07-16 01:26:53,015 [Listener at 127.0.0.1/35581] INFO  ozone.MiniOzoneClusterImpl (MiniOzoneClusterImpl.java:shutdown(387)) - Shutting down the Mini Ozone Cluster
2020-07-16 01:26:53,015 [Listener at 127.0.0.1/35581] INFO  ozone.MiniOzoneClusterImpl (MiniOzoneClusterImpl.java:stop(402)) - Stopping the Mini Ozone Cluster
2020-07-16 01:26:53,016 [Listener at 127.0.0.1/35581] INFO  ozone.MiniOzoneClusterImpl (MiniOzoneClusterImpl.java:stopOM(484)) - Stopping the OzoneManager
2020-07-16 01:26:53,016 [Listener at 127.0.0.1/35581] INFO  ipc.Server (Server.java:stop(3359)) - Stopping server on 35581
2020-07-16 01:26:53,019 [Listener at 127.0.0.1/35581] INFO  ratis.OzoneManagerDoubleBuffer (OzoneManagerDoubleBuffer.java:stop(458)) - Stopping OMDoubleBuffer flush thread
2020-07-16 01:26:53,020 [IPC Server Responder] INFO  ipc.Server (Server.java:run(1465)) - Stopping IPC Server Responder
2020-07-16 01:26:53,020 [OMDoubleBufferFlushThread] INFO  ratis.OzoneManagerDoubleBuffer (OzoneManagerDoubleBuffer.java:flushTransactions(357)) - OMDoubleBuffer flush thread OMDoubleBufferFlushThread is interrupted and will exit. OMDoubleBufferFlushThread
2020-07-16 01:26:53,020 [IPC Server listener on 0] INFO  ipc.Server (Server.java:run(1330)) - Stopping IPC Server listener on 0
2020-07-16 01:26:53,025 [Listener at 127.0.0.1/35581] INFO  utils.BackgroundService (BackgroundService.java:shutdown(157)) - Shutting down service KeyDeletingService
2020-07-16 01:26:53,028 [Listener at 127.0.0.1/35581] INFO  handler.ContextHandler (ContextHandler.java:doStop(1016)) - Stopped o.e.j.w.WebAppContext@3498df74{ozoneManager,/,null,UNAVAILABLE}{file:/github/workspace/mnt/ozone/hadoop-ozone/integration-test/target/test-classes/webapps/ozoneManager}
2020-07-16 01:26:53,030 [Listener at 127.0.0.1/35581] INFO  server.AbstractConnector (AbstractConnector.java:doStop(380)) - Stopped ServerConnector@79a4f733{HTTP/1.1,[http/1.1]}{0.0.0.0:0}
2020-07-16 01:26:53,030 [Listener at 127.0.0.1/35581] INFO  server.session (HouseKeeper.java:stopScavenging(158)) - node0 Stopped scavenging
2020-07-16 01:26:53,030 [Listener at 127.0.0.1/35581] INFO  handler.ContextHandler (ContextHandler.java:doStop(1016)) - Stopped o.e.j.s.ServletContextHandler@12973dd3{static,/static,file:///github/workspace/mnt/ozone/hadoop-ozone/integration-test/target/test-classes/webapps/static,UNAVAILABLE}
2020-07-16 01:26:53,030 [Listener at 127.0.0.1/35581] INFO  handler.ContextHandler (ContextHandler.java:doStop(1016)) - Stopped o.e.j.s.ServletContextHandler@1db33525{logs,/logs,file:///github/workspace/mnt/ozone/hadoop-ozone/integration-test/target/log,UNAVAILABLE}
2020-07-16 01:26:53,032 [Listener at 127.0.0.1/35581] INFO  ozone.MiniOzoneClusterImpl (MiniOzoneClusterImpl.java:stopDatanodes(461)) - Stopping the HddsDatanodes
2020-07-16 01:26:53,231 [Datanode State Machine Thread - 0] INFO  statemachine.DatanodeStateMachine (DatanodeStateMachine.java:lambda$startDaemon$0(380)) - Ozone container server started.
2020-07-16 01:26:54,024 [Datanode State Machine Thread - 0] INFO  statemachine.DatanodeStateMachine (DatanodeStateMachine.java:lambda$startDaemon$0(380)) - Ozone container server started.
2020-07-16 01:26:55,369 [EventQueue-Delayed safe mode statusForReplicationManager] INFO  container.ReplicationManager (ReplicationManager.java:start(177)) - Starting Replication Monitor Thread.
2020-07-16 01:26:55,371 [ReplicationMonitor] INFO  container.ReplicationManager (ReplicationManager.java:run(241)) - Replication Monitor Thread took 0 milliseconds for processing 1 containers.
2020-07-16 01:26:57,101 [Thread-1802] INFO  impl.FollowerState (FollowerState.java:run(108)) - f74d67dd-9c6e-44ac-afd1-21949323d30e@group-5D5E8C8D66CB-FollowerState: change to CANDIDATE, lastRpcTime:5004ms, electionTimeout:5004ms
2020-07-16 01:26:57,101 [Thread-1802] INFO  impl.RoleInfo (RoleInfo.java:shutdownFollowerState(121)) - f74d67dd-9c6e-44ac-afd1-21949323d30e: shutdown FollowerState
2020-07-16 01:26:57,101 [Thread-1802] INFO  impl.RaftServerImpl (RaftServerImpl.java:setRole(175)) - f74d67dd-9c6e-44ac-afd1-21949323d30e@group-5D5E8C8D66CB: changes role from  FOLLOWER to CANDIDATE at term 1 for changeToCandidate
2020-07-16 01:26:57,101 [Thread-1802] INFO  impl.RoleInfo (RoleInfo.java:updateAndGet(143)) - f74d67dd-9c6e-44ac-afd1-21949323d30e: start LeaderElection
2020-07-16 01:26:57,105 [f74d67dd-9c6e-44ac-afd1-21949323d30e@group-5D5E8C8D66CB-LeaderElection73] INFO  impl.LeaderElection (LeaderElection.java:askForVotes(206)) - f74d67dd-9c6e-44ac-afd1-21949323d30e@group-5D5E8C8D66CB-LeaderElection73: begin an election at term 2 for -1: [6cf088d4-e8fe-406b-b923-9009336d08dc:172.17.0.2:45479, 70adf62e-3478-4f38-8b67-f629eec991ca:172.17.0.2:41331, f74d67dd-9c6e-44ac-afd1-21949323d30e:172.17.0.2:41499], old=null
2020-07-16 01:26:57,110 [grpc-default-executor-3] INFO  impl.RaftServerImpl (RaftServerImpl.java:setRole(175)) - 70adf62e-3478-4f38-8b67-f629eec991ca@group-5D5E8C8D66CB: changes role from  FOLLOWER to FOLLOWER at term 2 for recognizeCandidate:f74d67dd-9c6e-44ac-afd1-21949323d30e
2020-07-16 01:26:57,110 [grpc-default-executor-3] INFO  impl.RoleInfo (RoleInfo.java:shutdownFollowerState(121)) - 70adf62e-3478-4f38-8b67-f629eec991ca: shutdown FollowerState
2020-07-16 01:26:57,110 [grpc-default-executor-3] INFO  impl.RoleInfo (RoleInfo.java:updateAndGet(143)) - 70adf62e-3478-4f38-8b67-f629eec991ca: start FollowerState
2020-07-16 01:26:57,110 [Thread-1799] INFO  impl.FollowerState (FollowerState.java:run(117)) - 70adf62e-3478-4f38-8b67-f629eec991ca@group-5D5E8C8D66CB-FollowerState was interrupted: java.lang.InterruptedException: sleep interrupted
2020-07-16 01:26:57,114 [grpc-default-executor-0] INFO  impl.RaftServerImpl (RaftServerImpl.java:setRole(175)) - 6cf088d4-e8fe-406b-b923-9009336d08dc@group-5D5E8C8D66CB: changes role from  FOLLOWER to FOLLOWER at term 2 for recognizeCandidate:f74d67dd-9c6e-44ac-afd1-21949323d30e
2020-07-16 01:26:57,114 [grpc-default-executor-0] INFO  impl.RoleInfo (RoleInfo.java:shutdownFollowerState(121)) - 6cf088d4-e8fe-406b-b923-9009336d08dc: shutdown FollowerState
2020-07-16 01:26:57,115 [grpc-default-executor-0] INFO  impl.RoleInfo (RoleInfo.java:updateAndGet(143)) - 6cf088d4-e8fe-406b-b923-9009336d08dc: start FollowerState
2020-07-16 01:26:57,115 [Thread-1798] INFO  impl.FollowerState (FollowerState.java:run(117)) - 6cf088d4-e8fe-406b-b923-9009336d08dc@group-5D5E8C8D66CB-FollowerState was interrupted: java.lang.InterruptedException: sleep interrupted
2020-07-16 01:26:57,117 [f74d67dd-9c6e-44ac-afd1-21949323d30e@group-5D5E8C8D66CB-LeaderElection73] INFO  impl.LeaderElection (LeaderElection.java:logAndReturn(61)) - f74d67dd-9c6e-44ac-afd1-21949323d30e@group-5D5E8C8D66CB-LeaderElection73: Election PASSED; received 1 response(s) [f74d67dd-9c6e-44ac-afd1-21949323d30e<-70adf62e-3478-4f38-8b67-f629eec991ca#0:OK-t2] and 0 exception(s); f74d67dd-9c6e-44ac-afd1-21949323d30e@group-5D5E8C8D66CB:t2, leader=null, voted=f74d67dd-9c6e-44ac-afd1-21949323d30e, raftlog=f74d67dd-9c6e-44ac-afd1-21949323d30e@group-5D5E8C8D66CB-SegmentedRaftLog:OPENED:c-1,f-1,i0, conf=-1: [6cf088d4-e8fe-406b-b923-9009336d08dc:172.17.0.2:45479, 70adf62e-3478-4f38-8b67-f629eec991ca:172.17.0.2:41331, f74d67dd-9c6e-44ac-afd1-21949323d30e:172.17.0.2:41499], old=null
2020-07-16 01:26:57,117 [f74d67dd-9c6e-44ac-afd1-21949323d30e@group-5D5E8C8D66CB-LeaderElection73] INFO  impl.RoleInfo (RoleInfo.java:shutdownLeaderElection(134)) - f74d67dd-9c6e-44ac-afd1-21949323d30e: shutdown LeaderElection
2020-07-16 01:26:57,117 [f74d67dd-9c6e-44ac-afd1-21949323d30e@group-5D5E8C8D66CB-LeaderElection73] INFO  impl.RaftServerImpl (RaftServerImpl.java:setRole(175)) - f74d67dd-9c6e-44ac-afd1-21949323d30e@group-5D5E8C8D66CB: changes role from CANDIDATE to LEADER at term 2 for changeToLeader
2020-07-16 01:26:57,117 [f74d67dd-9c6e-44ac-afd1-21949323d30e@group-5D5E8C8D66CB-LeaderElection73] INFO  ratis.XceiverServerRatis (XceiverServerRatis.java:handleLeaderChangedNotification(770)) - Leader change notification received for group: group-5D5E8C8D66CB with new leaderId: f74d67dd-9c6e-44ac-afd1-21949323d30e
2020-07-16 01:26:57,117 [f74d67dd-9c6e-44ac-afd1-21949323d30e@group-5D5E8C8D66CB-LeaderElection73] INFO  impl.RaftServerImpl (ServerState.java:setLeader(255)) - f74d67dd-9c6e-44ac-afd1-21949323d30e@group-5D5E8C8D66CB: change Leader from null to f74d67dd-9c6e-44ac-afd1-21949323d30e at term 2 for becomeLeader, leader elected after 10126ms
2020-07-16 01:26:57,117 [f74d67dd-9c6e-44ac-afd1-21949323d30e@group-5D5E8C8D66CB-LeaderElection73] INFO  server.RaftServerConfigKeys (ConfUtils.java:logGet(44)) - raft.server.staging.catchup.gap = 1000 (default)
2020-07-16 01:26:57,118 [f74d67dd-9c6e-44ac-afd1-21949323d30e@group-5D5E8C8D66CB-LeaderElection73] INFO  server.RaftServerConfigKeys (ConfUtils.java:logGet(44)) - raft.server.rpc.sleep.time = 25ms (default)
2020-07-16 01:26:57,118 [f74d67dd-9c6e-44ac-afd1-21949323d30e@group-5D5E8C8D66CB-LeaderElection73] INFO  metrics.RatisMetrics (RatisMetrics.java:lambda$create$0(36)) - Creating Metrics Registry : ratis.log_appender.f74d67dd-9c6e-44ac-afd1-21949323d30e@group-5D5E8C8D66CB
2020-07-16 01:26:57,118 [f74d67dd-9c6e-44ac-afd1-21949323d30e@group-5D5E8C8D66CB-LeaderElection73] INFO  server.RaftServerConfigKeys (ConfUtils.java:logGet(44)) - raft.server.write.element-limit = 1024 (custom)
2020-07-16 01:26:57,118 [f74d67dd-9c6e-44ac-afd1-21949323d30e@group-5D5E8C8D66CB-LeaderElection73] INFO  server.RaftServerConfigKeys (ConfUtils.java:logGet(44)) - raft.server.write.byte-limit = 1073741824 (custom)
2020-07-16 01:26:57,119 [f74d67dd-9c6e-44ac-afd1-21949323d30e@group-5D5E8C8D66CB-LeaderElection73] INFO  server.RaftServerConfigKeys (ConfUtils.java:logGet(44)) - raft.server.watch.timeout = 3000ms (custom)
2020-07-16 01:26:57,119 [f74d67dd-9c6e-44ac-afd1-21949323d30e@group-5D5E8C8D66CB-LeaderElection73] INFO  server.RaftServerConfigKeys (ConfUtils.java:logGet(44)) - raft.server.watch.timeout.denomination = 1s (default)
2020-07-16 01:26:57,119 [f74d67dd-9c6e-44ac-afd1-21949323d30e@group-5D5E8C8D66CB-LeaderElection73] INFO  server.RaftServerConfigKeys (ConfUtils.java:logGet(44)) - raft.server.watch.element-limit = 65536 (default)
2020-07-16 01:26:57,119 [f74d67dd-9c6e-44ac-afd1-21949323d30e@group-5D5E8C8D66CB-LeaderElection73] INFO  server.RaftServerConfigKeys (ConfUtils.java:logGet(44)) - raft.server.log.appender.snapshot.chunk.size.max = 16MB (=16777216) (default)
2020-07-16 01:26:57,119 [f74d67dd-9c6e-44ac-afd1-21949323d30e@group-5D5E8C8D66CB-LeaderElection73] INFO  server.RaftServerConfigKeys (ConfUtils.java:logGet(44)) - raft.server.log.appender.buffer.byte-limit = 33554432 (custom)
2020-07-16 01:26:57,119 [EventQueue-PipelineReportForPipelineReportHandler] INFO  pipeline.PipelineStateManager (PipelineStateManager.java:openPipeline(131)) - Pipeline Pipeline[ Id: d4845598-a00b-4e89-ab8f-5d5e8c8d66cb, Nodes: f74d67dd-9c6e-44ac-afd1-21949323d30e{ip: 172.17.0.2, host: 3db59c8b2b88, networkLocation: /default-rack, certSerialId: null}6cf088d4-e8fe-406b-b923-9009336d08dc{ip: 172.17.0.2, host: 3db59c8b2b88, networkLocation: /default-rack, certSerialId: null}70adf62e-3478-4f38-8b67-f629eec991ca{ip: 172.17.0.2, host: 3db59c8b2b88, networkLocation: /default-rack, certSerialId: null}, Type:RATIS, Factor:THREE, State:ALLOCATED, leaderId:f74d67dd-9c6e-44ac-afd1-21949323d30e, CreationTimestamp2020-07-16T01:26:44.176Z] moved to OPEN state
2020-07-16 01:26:57,119 [f74d67dd-9c6e-44ac-afd1-21949323d30e@group-5D5E8C8D66CB-LeaderElection73] INFO  server.RaftServerConfigKeys (ConfUtils.java:logGet(44)) - raft.server.log.appender.buffer.element-limit = 1 (custom)
2020-07-16 01:26:57,120 [f74d67dd-9c6e-44ac-afd1-21949323d30e@group-5D5E8C8D66CB-LeaderElection73] INFO  grpc.GrpcConfigKeys (ConfUtils.java:logGet(44)) - raft.grpc.server.leader.outstanding.appends.max = 128 (default)
2020-07-16 01:26:57,121 [f74d67dd-9c6e-44ac-afd1-21949323d30e@group-5D5E8C8D66CB-LeaderElection73] INFO  server.RaftServerConfigKeys (ConfUtils.java:logGet(44)) - raft.server.rpc.request.timeout = 3000ms (default)
2020-07-16 01:26:57,121 [f74d67dd-9c6e-44ac-afd1-21949323d30e@group-5D5E8C8D66CB-LeaderElection73] INFO  server.RaftServerConfigKeys (ConfUtils.java:logGet(44)) - raft.server.log.appender.install.snapshot.enabled = false (custom)
2020-07-16 01:26:57,121 [f74d67dd-9c6e-44ac-afd1-21949323d30e@group-5D5E8C8D66CB-LeaderElection73] INFO  metrics.RatisMetrics (RatisMetrics.java:lambda$create$0(36)) - Creating Metrics Registry : ratis_grpc.log_appender.f74d67dd-9c6e-44ac-afd1-21949323d30e@group-5D5E8C8D66CB
2020-07-16 01:26:57,123 [f74d67dd-9c6e-44ac-afd1-21949323d30e@group-5D5E8C8D66CB-LeaderElection73] INFO  server.RaftServerConfigKeys (ConfUtils.java:logGet(44)) - raft.server.log.appender.snapshot.chunk.size.max = 16MB (=16777216) (default)
2020-07-16 01:26:57,123 [f74d67dd-9c6e-44ac-afd1-21949323d30e@group-5D5E8C8D66CB-LeaderElection73] INFO  server.RaftServerConfigKeys (ConfUtils.java:logGet(44)) - raft.server.log.appender.buffer.byte-limit = 33554432 (custom)
2020-07-16 01:26:57,123 [f74d67dd-9c6e-44ac-afd1-21949323d30e@group-5D5E8C8D66CB-LeaderElection73] INFO  server.RaftServerConfigKeys (ConfUtils.java:logGet(44)) - raft.server.log.appender.buffer.element-limit = 1 (custom)
2020-07-16 01:26:57,123 [f74d67dd-9c6e-44ac-afd1-21949323d30e@group-5D5E8C8D66CB-LeaderElection73] INFO  grpc.GrpcConfigKeys (ConfUtils.java:logGet(44)) - raft.grpc.server.leader.outstanding.appends.max = 128 (default)
2020-07-16 01:26:57,123 [f74d67dd-9c6e-44ac-afd1-21949323d30e@group-5D5E8C8D66CB-LeaderElection73] INFO  server.RaftServerConfigKeys (ConfUtils.java:logGet(44)) - raft.server.rpc.request.timeout = 3000ms (default)
2020-07-16 01:26:57,123 [f74d67dd-9c6e-44ac-afd1-21949323d30e@group-5D5E8C8D66CB-LeaderElection73] INFO  server.RaftServerConfigKeys (ConfUtils.java:logGet(44)) - raft.server.log.appender.install.snapshot.enabled = false (custom)
2020-07-16 01:26:57,125 [f74d67dd-9c6e-44ac-afd1-21949323d30e@group-5D5E8C8D66CB-LeaderElection73] INFO  impl.RoleInfo (RoleInfo.java:updateAndGet(143)) - f74d67dd-9c6e-44ac-afd1-21949323d30e: start LeaderState
2020-07-16 01:26:57,125 [f74d67dd-9c6e-44ac-afd1-21949323d30e@group-5D5E8C8D66CB-LeaderElection73] INFO  segmented.SegmentedRaftLogWorker (SegmentedRaftLogWorker.java:startLogSegment(397)) - f74d67dd-9c6e-44ac-afd1-21949323d30e@group-5D5E8C8D66CB-SegmentedRaftLogWorker: Starting segment from index:0
2020-07-16 01:26:57,126 [f74d67dd-9c6e-44ac-afd1-21949323d30e@group-5D5E8C8D66CB-LeaderElection73] INFO  impl.RaftServerImpl (ServerState.java:setRaftConf(356)) - f74d67dd-9c6e-44ac-afd1-21949323d30e@group-5D5E8C8D66CB: set configuration 0: [6cf088d4-e8fe-406b-b923-9009336d08dc:172.17.0.2:45479, 70adf62e-3478-4f38-8b67-f629eec991ca:172.17.0.2:41331, f74d67dd-9c6e-44ac-afd1-21949323d30e:172.17.0.2:41499], old=null at 0
2020-07-16 01:26:57,127 [f74d67dd-9c6e-44ac-afd1-21949323d30e@group-5D5E8C8D66CB-SegmentedRaftLogWorker] INFO  segmented.SegmentedRaftLogWorker (SegmentedRaftLogWorker.java:execute(596)) - f74d67dd-9c6e-44ac-afd1-21949323d30e@group-5D5E8C8D66CB-SegmentedRaftLogWorker: created new log segment /github/workspace/mnt/ozone/hadoop-ozone/integration-test/target/test-dir/MiniOzoneClusterImpl-adff4ecb-6e1a-4bbe-b65d-469fb2d670c7/datanode-1/data/ratis/d4845598-a00b-4e89-ab8f-5d5e8c8d66cb/current/log_inprogress_0
2020-07-16 01:26:57,131 [grpc-default-executor-3] INFO  ratis.XceiverServerRatis (XceiverServerRatis.java:handleLeaderChangedNotification(770)) - Leader change notification received for group: group-5D5E8C8D66CB with new leaderId: f74d67dd-9c6e-44ac-afd1-21949323d30e
2020-07-16 01:26:57,132 [grpc-default-executor-3] INFO  impl.RaftServerImpl (ServerState.java:setLeader(255)) - 6cf088d4-e8fe-406b-b923-9009336d08dc@group-5D5E8C8D66CB: change Leader from null to f74d67dd-9c6e-44ac-afd1-21949323d30e at term 2 for appendEntries, leader elected after 10115ms
2020-07-16 01:26:57,144 [grpc-default-executor-0] INFO  impl.RaftServerImpl (ServerState.java:setRaftConf(356)) - 6cf088d4-e8fe-406b-b923-9009336d08dc@group-5D5E8C8D66CB: set configuration 0: [6cf088d4-e8fe-406b-b923-9009336d08dc:172.17.0.2:45479, 70adf62e-3478-4f38-8b67-f629eec991ca:172.17.0.2:41331, f74d67dd-9c6e-44ac-afd1-21949323d30e:172.17.0.2:41499], old=null at 0
2020-07-16 01:26:57,145 [grpc-default-executor-0] INFO  segmented.SegmentedRaftLogWorker (SegmentedRaftLogWorker.java:startLogSegment(397)) - 6cf088d4-e8fe-406b-b923-9009336d08dc@group-5D5E8C8D66CB-SegmentedRaftLogWorker: Starting segment from index:0
2020-07-16 01:26:57,147 [grpc-default-executor-3] INFO  ratis.XceiverServerRatis (XceiverServerRatis.java:handleLeaderChangedNotification(770)) - Leader change notification received for group: group-5D5E8C8D66CB with new leaderId: f74d67dd-9c6e-44ac-afd1-21949323d30e
2020-07-16 01:26:57,147 [grpc-default-executor-3] INFO  impl.RaftServerImpl (ServerState.java:setLeader(255)) - 70adf62e-3478-4f38-8b67-f629eec991ca@group-5D5E8C8D66CB: change Leader from null to f74d67dd-9c6e-44ac-afd1-21949323d30e at term 2 for appendEntries, leader elected after 10178ms
2020-07-16 01:26:57,148 [6cf088d4-e8fe-406b-b923-9009336d08dc@group-5D5E8C8D66CB-SegmentedRaftLogWorker] INFO  segmented.SegmentedRaftLogWorker (SegmentedRaftLogWorker.java:execute(596)) - 6cf088d4-e8fe-406b-b923-9009336d08dc@group-5D5E8C8D66CB-SegmentedRaftLogWorker: created new log segment /github/workspace/mnt/ozone/hadoop-ozone/integration-test/target/test-dir/MiniOzoneClusterImpl-adff4ecb-6e1a-4bbe-b65d-469fb2d670c7/datanode-2/data/ratis/d4845598-a00b-4e89-ab8f-5d5e8c8d66cb/current/log_inprogress_0
2020-07-16 01:26:57,149 [grpc-default-executor-3] INFO  impl.RaftServerImpl (ServerState.java:setRaftConf(356)) - 70adf62e-3478-4f38-8b67-f629eec991ca@group-5D5E8C8D66CB: set configuration 0: [6cf088d4-e8fe-406b-b923-9009336d08dc:172.17.0.2:45479, 70adf62e-3478-4f38-8b67-f629eec991ca:172.17.0.2:41331, f74d67dd-9c6e-44ac-afd1-21949323d30e:172.17.0.2:41499], old=null at 0
2020-07-16 01:26:57,151 [grpc-default-executor-3] INFO  segmented.SegmentedRaftLogWorker (SegmentedRaftLogWorker.java:startLogSegment(397)) - 70adf62e-3478-4f38-8b67-f629eec991ca@group-5D5E8C8D66CB-SegmentedRaftLogWorker: Starting segment from index:0
2020-07-16 01:26:57,152 [70adf62e-3478-4f38-8b67-f629eec991ca@group-5D5E8C8D66CB-SegmentedRaftLogWorker] INFO  segmented.SegmentedRaftLogWorker (SegmentedRaftLogWorker.java:execute(596)) - 70adf62e-3478-4f38-8b67-f629eec991ca@group-5D5E8C8D66CB-SegmentedRaftLogWorker: created new log segment /github/workspace/mnt/ozone/hadoop-ozone/integration-test/target/test-dir/MiniOzoneClusterImpl-adff4ecb-6e1a-4bbe-b65d-469fb2d670c7/datanode-0/data/ratis/d4845598-a00b-4e89-ab8f-5d5e8c8d66cb/current/log_inprogress_0
2020-07-16 01:26:58,033 [ForkJoinPool.commonPool-worker-0] INFO  ozoneimpl.OzoneContainer (OzoneContainer.java:stop(246)) - Attempting to stop container services.
2020-07-16 01:26:58,034 [Listener at 127.0.0.1/35581] INFO  ozoneimpl.OzoneContainer (OzoneContainer.java:stop(246)) - Attempting to stop container services.
2020-07-16 01:26:58,034 [ForkJoinPool.commonPool-worker-0] INFO  impl.RaftServerProxy (RaftServerProxy.java:lambda$close$4(319)) - 6cf088d4-e8fe-406b-b923-9009336d08dc: close
2020-07-16 01:26:58,034 [Listener at 127.0.0.1/35581] INFO  impl.RaftServerProxy (RaftServerProxy.java:lambda$close$4(319)) - a414d346-7008-4231-9689-7b7408e879f5: close
2020-07-16 01:26:58,034 [Listener at 127.0.0.1/35581] INFO  impl.RaftServerImpl (RaftServerImpl.java:lambda$shutdown$3(252)) - a414d346-7008-4231-9689-7b7408e879f5@group-C12829981597: shutdown
2020-07-16 01:26:58,035 [Listener at 127.0.0.1/35581] INFO  util.JmxRegister (JmxRegister.java:unregister(73)) - Successfully un-registered JMX Bean with object name Ratis:service=RaftServer,group=group-C12829981597,id=a414d346-7008-4231-9689-7b7408e879f5
2020-07-16 01:26:58,035 [Listener at 127.0.0.1/35581] INFO  impl.RoleInfo (RoleInfo.java:shutdownFollowerState(121)) - a414d346-7008-4231-9689-7b7408e879f5: shutdown FollowerState
2020-07-16 01:26:58,035 [Listener at 127.0.0.1/35581] INFO  impl.StateMachineUpdater (StateMachineUpdater.java:stopAndJoin(142)) - a414d346-7008-4231-9689-7b7408e879f5@group-C12829981597-StateMachineUpdater: set stopIndex = 2
2020-07-16 01:26:58,034 [ForkJoinPool.commonPool-worker-0] INFO  impl.RaftServerImpl (RaftServerImpl.java:lambda$shutdown$3(252)) - 6cf088d4-e8fe-406b-b923-9009336d08dc@group-5D5E8C8D66CB: shutdown
2020-07-16 01:26:58,035 [Thread-1809] INFO  impl.FollowerState (FollowerState.java:run(117)) - a414d346-7008-4231-9689-7b7408e879f5@group-C12829981597-FollowerState was interrupted: java.lang.InterruptedException: sleep interrupted
2020-07-16 01:26:58,036 [ForkJoinPool.commonPool-worker-0] INFO  util.JmxRegister (JmxRegister.java:unregister(73)) - Successfully un-registered JMX Bean with object name Ratis:service=RaftServer,group=group-5D5E8C8D66CB,id=6cf088d4-e8fe-406b-b923-9009336d08dc
2020-07-16 01:26:58,036 [ForkJoinPool.commonPool-worker-0] INFO  impl.RoleInfo (RoleInfo.java:shutdownFollowerState(121)) - 6cf088d4-e8fe-406b-b923-9009336d08dc: shutdown FollowerState
2020-07-16 01:26:58,036 [ForkJoinPool.commonPool-worker-0] INFO  impl.StateMachineUpdater (StateMachineUpdater.java:stopAndJoin(142)) - 6cf088d4-e8fe-406b-b923-9009336d08dc@group-5D5E8C8D66CB-StateMachineUpdater: set stopIndex = -1
2020-07-16 01:26:58,036 [a414d346-7008-4231-9689-7b7408e879f5@group-C12829981597-StateMachineUpdater] INFO  ratis.ContainerStateMachine (ContainerStateMachine.java:takeSnapshot(293)) - group-C12829981597: Taking a snapshot at:(t:1, i:2) file /github/workspace/mnt/ozone/hadoop-ozone/integration-test/target/test-dir/MiniOzoneClusterImpl-adff4ecb-6e1a-4bbe-b65d-469fb2d670c7/datanode-4/data/ratis/db582ef7-e52b-4b17-b2a5-c12829981597/sm/snapshot.1_2
2020-07-16 01:26:58,036 [6cf088d4-e8fe-406b-b923-9009336d08dc@group-5D5E8C8D66CB-StateMachineUpdater] INFO  metrics.RatisMetrics (RatisMetrics.java:unregister(43)) - Unregistering Metrics Registry : ratis.state_machine.6cf088d4-e8fe-406b-b923-9009336d08dc@group-5D5E8C8D66CB
2020-07-16 01:26:58,036 [ForkJoinPool.commonPool-worker-0] INFO  impl.RaftServerImpl (ServerState.java:close(387)) - 6cf088d4-e8fe-406b-b923-9009336d08dc@group-5D5E8C8D66CB: closes. applyIndex: -1
2020-07-16 01:26:58,036 [Thread-1865] INFO  impl.FollowerState (FollowerState.java:run(117)) - 6cf088d4-e8fe-406b-b923-9009336d08dc@group-5D5E8C8D66CB-FollowerState was interrupted: java.lang.InterruptedException: sleep interrupted
2020-07-16 01:26:58,037 [6cf088d4-e8fe-406b-b923-9009336d08dc@group-5D5E8C8D66CB-SegmentedRaftLogWorker] INFO  segmented.SegmentedRaftLogWorker (SegmentedRaftLogWorker.java:run(327)) - 6cf088d4-e8fe-406b-b923-9009336d08dc@group-5D5E8C8D66CB-SegmentedRaftLogWorker was interrupted, exiting. There are 0 tasks remaining in the queue.
2020-07-16 01:26:58,038 [a414d346-7008-4231-9689-7b7408e879f5@group-C12829981597-StateMachineUpdater] INFO  ratis.ContainerStateMachine (ContainerStateMachine.java:takeSnapshot(304)) - group-C12829981597: Finished taking a snapshot at:(t:1, i:2) file:/github/workspace/mnt/ozone/hadoop-ozone/integration-test/target/test-dir/MiniOzoneClusterImpl-adff4ecb-6e1a-4bbe-b65d-469fb2d670c7/datanode-4/data/ratis/db582ef7-e52b-4b17-b2a5-c12829981597/sm/snapshot.1_2 time:3
2020-07-16 01:26:58,038 [ForkJoinPool.commonPool-worker-0] INFO  segmented.SegmentedRaftLogWorker (SegmentedRaftLogWorker.java:close(234)) - 6cf088d4-e8fe-406b-b923-9009336d08dc@group-5D5E8C8D66CB-SegmentedRaftLogWorker close()
2020-07-16 01:26:58,038 [a414d346-7008-4231-9689-7b7408e879f5@group-C12829981597-StateMachineUpdater] INFO  impl.StateMachineUpdater (StateMachineUpdater.java:takeSnapshot(277)) - a414d346-7008-4231-9689-7b7408e879f5@group-C12829981597-StateMachineUpdater: Took a snapshot at index 2
2020-07-16 01:26:58,040 [ForkJoinPool.commonPool-worker-0] INFO  metrics.RatisMetrics (RatisMetrics.java:unregister(43)) - Unregistering Metrics Registry : ratis.log_worker.6cf088d4-e8fe-406b-b923-9009336d08dc@group-5D5E8C8D66CB
2020-07-16 01:26:58,040 [a414d346-7008-4231-9689-7b7408e879f5@group-C12829981597-StateMachineUpdater] INFO  impl.StateMachineUpdater (StateMachineUpdater.java:lambda$new$0(87)) - a414d346-7008-4231-9689-7b7408e879f5@group-C12829981597-StateMachineUpdater: snapshotIndex: updateIncreasingly -1 -> 2
2020-07-16 01:26:58,040 [ForkJoinPool.commonPool-worker-0] INFO  metrics.RatisMetrics (RatisMetrics.java:unregister(43)) - Unregistering Metrics Registry : ratis.leader_election.6cf088d4-e8fe-406b-b923-9009336d08dc@group-5D5E8C8D66CB
2020-07-16 01:26:58,041 [a414d346-7008-4231-9689-7b7408e879f5@group-C12829981597-StateMachineUpdater] INFO  metrics.RatisMetrics (RatisMetrics.java:unregister(43)) - Unregistering Metrics Registry : ratis.state_machine.a414d346-7008-4231-9689-7b7408e879f5@group-C12829981597
2020-07-16 01:26:58,041 [ForkJoinPool.commonPool-worker-0] INFO  metrics.RatisMetrics (RatisMetrics.java:unregister(43)) - Unregistering Metrics Registry : ratis.server.6cf088d4-e8fe-406b-b923-9009336d08dc@group-5D5E8C8D66CB
2020-07-16 01:26:58,041 [Listener at 127.0.0.1/35581] INFO  impl.RaftServerImpl (ServerState.java:close(387)) - a414d346-7008-4231-9689-7b7408e879f5@group-C12829981597: closes. applyIndex: 2
2020-07-16 01:26:58,041 [ForkJoinPool.commonPool-worker-0] INFO  impl.RaftServerImpl (RaftServerImpl.java:lambda$shutdown$3(252)) - 6cf088d4-e8fe-406b-b923-9009336d08dc@group-88C3D5E56F38: shutdown
2020-07-16 01:26:58,041 [a414d346-7008-4231-9689-7b7408e879f5@group-C12829981597-SegmentedRaftLogWorker] INFO  segmented.SegmentedRaftLogWorker (SegmentedRaftLogWorker.java:run(327)) - a414d346-7008-4231-9689-7b7408e879f5@group-C12829981597-SegmentedRaftLogWorker was interrupted, exiting. There are 0 tasks remaining in the queue.
2020-07-16 01:26:58,042 [ForkJoinPool.commonPool-worker-0] INFO  util.JmxRegister (JmxRegister.java:unregister(73)) - Successfully un-registered JMX Bean with object name Ratis:service=RaftServer,group=group-88C3D5E56F38,id=6cf088d4-e8fe-406b-b923-9009336d08dc
2020-07-16 01:26:58,042 [ForkJoinPool.commonPool-worker-0] INFO  impl.RoleInfo (RoleInfo.java:shutdownLeaderState(104)) - 6cf088d4-e8fe-406b-b923-9009336d08dc: shutdown LeaderState
2020-07-16 01:26:58,042 [ForkJoinPool.commonPool-worker-0] INFO  impl.PendingRequests (PendingRequests.java:sendNotLeaderResponses(249)) - 6cf088d4-e8fe-406b-b923-9009336d08dc@group-88C3D5E56F38-PendingRequests: sendNotLeaderResponses
2020-07-16 01:26:58,042 [Listener at 127.0.0.1/35581] INFO  segmented.SegmentedRaftLogWorker (SegmentedRaftLogWorker.java:close(234)) - a414d346-7008-4231-9689-7b7408e879f5@group-C12829981597-SegmentedRaftLogWorker close()
2020-07-16 01:26:58,043 [ForkJoinPool.commonPool-worker-0] INFO  metrics.RatisMetrics (RatisMetrics.java:unregister(43)) - Unregistering Metrics Registry : ratis.log_appender.6cf088d4-e8fe-406b-b923-9009336d08dc@group-88C3D5E56F38
2020-07-16 01:26:58,044 [ForkJoinPool.commonPool-worker-0] INFO  metrics.RatisMetrics (RatisMetrics.java:unregister(43)) - Unregistering Metrics Registry : ratis.server.6cf088d4-e8fe-406b-b923-9009336d08dc@group-88C3D5E56F38
2020-07-16 01:26:58,045 [ForkJoinPool.commonPool-worker-0] INFO  impl.StateMachineUpdater (StateMachineUpdater.java:stopAndJoin(142)) - 6cf088d4-e8fe-406b-b923-9009336d08dc@group-88C3D5E56F38-StateMachineUpdater: set stopIndex = 0
2020-07-16 01:26:58,044 [Listener at 127.0.0.1/35581] INFO  metrics.RatisMetrics (RatisMetrics.java:unregister(43)) - Unregistering Metrics Registry : ratis.log_worker.a414d346-7008-4231-9689-7b7408e879f5@group-C12829981597
2020-07-16 01:26:58,045 [Listener at 127.0.0.1/35581] INFO  metrics.RatisMetrics (RatisMetrics.java:unregister(43)) - Unregistering Metrics Registry : ratis.leader_election.a414d346-7008-4231-9689-7b7408e879f5@group-C12829981597
2020-07-16 01:26:58,045 [6cf088d4-e8fe-406b-b923-9009336d08dc@group-88C3D5E56F38-StateMachineUpdater] INFO  ratis.ContainerStateMachine (ContainerStateMachine.java:takeSnapshot(293)) - group-88C3D5E56F38: Taking a snapshot at:(t:1, i:0) file /github/workspace/mnt/ozone/hadoop-ozone/integration-test/target/test-dir/MiniOzoneClusterImpl-adff4ecb-6e1a-4bbe-b65d-469fb2d670c7/datanode-2/data/ratis/e8ba79e6-b12f-488b-ae2d-88c3d5e56f38/sm/snapshot.1_0
2020-07-16 01:26:58,045 [Listener at 127.0.0.1/35581] INFO  metrics.RatisMetrics (RatisMetrics.java:unregister(43)) - Unregistering Metrics Registry : ratis.server.a414d346-7008-4231-9689-7b7408e879f5@group-C12829981597
2020-07-16 01:26:58,045 [Listener at 127.0.0.1/35581] INFO  impl.RaftServerImpl (RaftServerImpl.java:lambda$shutdown$3(252)) - a414d346-7008-4231-9689-7b7408e879f5@group-0EF3FD2FAE6C: shutdown
2020-07-16 01:26:58,046 [Listener at 127.0.0.1/35581] INFO  util.JmxRegister (JmxRegister.java:unregister(73)) - Successfully un-registered JMX Bean with object name Ratis:service=RaftServer,group=group-0EF3FD2FAE6C,id=a414d346-7008-4231-9689-7b7408e879f5
2020-07-16 01:26:58,046 [Listener at 127.0.0.1/35581] INFO  impl.RoleInfo (RoleInfo.java:shutdownLeaderState(104)) - a414d346-7008-4231-9689-7b7408e879f5: shutdown LeaderState
2020-07-16 01:26:58,046 [6cf088d4-e8fe-406b-b923-9009336d08dc@group-88C3D5E56F38-StateMachineUpdater] INFO  ratis.ContainerStateMachine (ContainerStateMachine.java:takeSnapshot(304)) - group-88C3D5E56F38: Finished taking a snapshot at:(t:1, i:0) file:/github/workspace/mnt/ozone/hadoop-ozone/integration-test/target/test-dir/MiniOzoneClusterImpl-adff4ecb-6e1a-4bbe-b65d-469fb2d670c7/datanode-2/data/ratis/e8ba79e6-b12f-488b-ae2d-88c3d5e56f38/sm/snapshot.1_0 time:0
2020-07-16 01:26:58,046 [Listener at 127.0.0.1/35581] INFO  impl.PendingRequests (PendingRequests.java:sendNotLeaderResponses(249)) - a414d346-7008-4231-9689-7b7408e879f5@group-0EF3FD2FAE6C-PendingRequests: sendNotLeaderResponses
2020-07-16 01:26:58,046 [Listener at 127.0.0.1/35581] INFO  metrics.RatisMetrics (RatisMetrics.java:unregister(43)) - Unregistering Metrics Registry : ratis.log_appender.a414d346-7008-4231-9689-7b7408e879f5@group-0EF3FD2FAE6C
2020-07-16 01:26:58,046 [6cf088d4-e8fe-406b-b923-9009336d08dc@group-88C3D5E56F38-StateMachineUpdater] INFO  impl.StateMachineUpdater (StateMachineUpdater.java:takeSnapshot(277)) - 6cf088d4-e8fe-406b-b923-9009336d08dc@group-88C3D5E56F38-StateMachineUpdater: Took a snapshot at index 0
2020-07-16 01:26:58,046 [Listener at 127.0.0.1/35581] INFO  metrics.RatisMetrics (RatisMetrics.java:unregister(43)) - Unregistering Metrics Registry : ratis.server.a414d346-7008-4231-9689-7b7408e879f5@group-0EF3FD2FAE6C
2020-07-16 01:26:58,046 [6cf088d4-e8fe-406b-b923-9009336d08dc@group-88C3D5E56F38-StateMachineUpdater] INFO  impl.StateMachineUpdater (StateMachineUpdater.java:lambda$new$0(87)) - 6cf088d4-e8fe-406b-b923-9009336d08dc@group-88C3D5E56F38-StateMachineUpdater: snapshotIndex: updateIncreasingly -1 -> 0
2020-07-16 01:26:58,047 [6cf088d4-e8fe-406b-b923-9009336d08dc@group-88C3D5E56F38-StateMachineUpdater] INFO  metrics.RatisMetrics (RatisMetrics.java:unregister(43)) - Unregistering Metrics Registry : ratis.state_machine.6cf088d4-e8fe-406b-b923-9009336d08dc@group-88C3D5E56F38
2020-07-16 01:26:58,047 [ForkJoinPool.commonPool-worker-0] INFO  impl.RaftServerImpl (ServerState.java:close(387)) - 6cf088d4-e8fe-406b-b923-9009336d08dc@group-88C3D5E56F38: closes. applyIndex: 0
2020-07-16 01:26:58,047 [6cf088d4-e8fe-406b-b923-9009336d08dc@group-88C3D5E56F38-SegmentedRaftLogWorker] INFO  segmented.SegmentedRaftLogWorker (SegmentedRaftLogWorker.java:run(327)) - 6cf088d4-e8fe-406b-b923-9009336d08dc@group-88C3D5E56F38-SegmentedRaftLogWorker was interrupted, exiting. There are 0 tasks remaining in the queue.
2020-07-16 01:26:58,048 [ForkJoinPool.commonPool-worker-0] INFO  segmented.SegmentedRaftLogWorker (SegmentedRaftLogWorker.java:close(234)) - 6cf088d4-e8fe-406b-b923-9009336d08dc@group-88C3D5E56F38-SegmentedRaftLogWorker close()
2020-07-16 01:26:58,049 [ForkJoinPool.commonPool-worker-0] INFO  metrics.RatisMetrics (RatisMetrics.java:unregister(43)) - Unregistering Metrics Registry : ratis.log_worker.6cf088d4-e8fe-406b-b923-9009336d08dc@group-88C3D5E56F38
2020-07-16 01:26:58,049 [ForkJoinPool.commonPool-worker-0] INFO  metrics.RatisMetrics (RatisMetrics.java:unregister(43)) - Unregistering Metrics Registry : ratis.leader_election.6cf088d4-e8fe-406b-b923-9009336d08dc@group-88C3D5E56F38
2020-07-16 01:26:58,049 [ForkJoinPool.commonPool-worker-0] INFO  metrics.RatisMetrics (RatisMetrics.java:unregister(43)) - Unregistering Metrics Registry : ratis.server.6cf088d4-e8fe-406b-b923-9009336d08dc@group-88C3D5E56F38
2020-07-16 01:26:58,049 [ForkJoinPool.commonPool-worker-0] INFO  server.GrpcService (GrpcService.java:closeImpl(166)) - 6cf088d4-e8fe-406b-b923-9009336d08dc: shutdown server with port 45479 now
2020-07-16 01:26:58,049 [a414d346-7008-4231-9689-7b7408e879f5@group-0EF3FD2FAE6C-StateMachineUpdater] INFO  ratis.ContainerStateMachine (ContainerStateMachine.java:takeSnapshot(293)) - group-0EF3FD2FAE6C: Taking a snapshot at:(t:1, i:0) file /github/workspace/mnt/ozone/hadoop-ozone/integration-test/target/test-dir/MiniOzoneClusterImpl-adff4ecb-6e1a-4bbe-b65d-469fb2d670c7/datanode-4/data/ratis/86b00566-f910-465b-b3d1-0ef3fd2fae6c/sm/snapshot.1_0
2020-07-16 01:26:58,050 [Listener at 127.0.0.1/35581] INFO  impl.StateMachineUpdater (StateMachineUpdater.java:stopAndJoin(142)) - a414d346-7008-4231-9689-7b7408e879f5@group-0EF3FD2FAE6C-StateMachineUpdater: set stopIndex = 0
2020-07-16 01:26:58,050 [a414d346-7008-4231-9689-7b7408e879f5@group-0EF3FD2FAE6C-StateMachineUpdater] INFO  ratis.ContainerStateMachine (ContainerStateMachine.java:takeSnapshot(304)) - group-0EF3FD2FAE6C: Finished taking a snapshot at:(t:1, i:0) file:/github/workspace/mnt/ozone/hadoop-ozone/integration-test/target/test-dir/MiniOzoneClusterImpl-adff4ecb-6e1a-4bbe-b65d-469fb2d670c7/datanode-4/data/ratis/86b00566-f910-465b-b3d1-0ef3fd2fae6c/sm/snapshot.1_0 time:1
2020-07-16 01:26:58,051 [a414d346-7008-4231-9689-7b7408e879f5@group-0EF3FD2FAE6C-StateMachineUpdater] INFO  impl.StateMachineUpdater (StateMachineUpdater.java:takeSnapshot(277)) - a414d346-7008-4231-9689-7b7408e879f5@group-0EF3FD2FAE6C-StateMachineUpdater: Took a snapshot at index 0
2020-07-16 01:26:58,051 [a414d346-7008-4231-9689-7b7408e879f5@group-0EF3FD2FAE6C-StateMachineUpdater] INFO  impl.StateMachineUpdater (StateMachineUpdater.java:lambda$new$0(87)) - a414d346-7008-4231-9689-7b7408e879f5@group-0EF3FD2FAE6C-StateMachineUpdater: snapshotIndex: updateIncreasingly -1 -> 0
2020-07-16 01:26:58,051 [a414d346-7008-4231-9689-7b7408e879f5@group-0EF3FD2FAE6C-StateMachineUpdater] INFO  metrics.RatisMetrics (RatisMetrics.java:unregister(43)) - Unregistering Metrics Registry : ratis.state_machine.a414d346-7008-4231-9689-7b7408e879f5@group-0EF3FD2FAE6C
2020-07-16 01:26:58,052 [grpc-default-executor-0] WARN  server.GrpcServerProtocolService (LogUtils.java:warn(122)) - 6cf088d4-e8fe-406b-b923-9009336d08dc: installSnapshot onError, lastRequest: f74d67dd-9c6e-44ac-afd1-21949323d30e->6cf088d4-e8fe-406b-b923-9009336d08dc#1-t2, previous=(t:0, i:0), leaderCommit=-1, initializing? false, entries: size=1, first=(t:2, i:0), CONFIGURATIONENTRY: org.apache.ratis.thirdparty.io.grpc.StatusRuntimeException: CANCELLED: cancelled before receiving half close
2020-07-16 01:26:58,052 [grpc-default-executor-3] WARN  server.GrpcLogAppender (LogUtils.java:warn(122)) - f74d67dd-9c6e-44ac-afd1-21949323d30e@group-5D5E8C8D66CB->6cf088d4-e8fe-406b-b923-9009336d08dc-AppendLogResponseHandler: Failed appendEntries: org.apache.ratis.thirdparty.io.grpc.StatusRuntimeException: CANCELLED: HTTP/2 error code: CANCEL
Received Rst Stream
2020-07-16 01:26:58,057 [Listener at 127.0.0.1/35581] INFO  impl.RaftServerImpl (ServerState.java:close(387)) - a414d346-7008-4231-9689-7b7408e879f5@group-0EF3FD2FAE6C: closes. applyIndex: 0
2020-07-16 01:26:58,058 [a414d346-7008-4231-9689-7b7408e879f5@group-0EF3FD2FAE6C-SegmentedRaftLogWorker] INFO  segmented.SegmentedRaftLogWorker (SegmentedRaftLogWorker.java:run(327)) - a414d346-7008-4231-9689-7b7408e879f5@group-0EF3FD2FAE6C-SegmentedRaftLogWorker was interrupted, exiting. There are 0 tasks remaining in the queue.
2020-07-16 01:26:58,058 [grpc-default-executor-3] INFO  impl.FollowerInfo (FollowerInfo.java:lambda$new$0(51)) - f74d67dd-9c6e-44ac-afd1-21949323d30e@group-5D5E8C8D66CB->6cf088d4-e8fe-406b-b923-9009336d08dc: nextIndex: updateUnconditionally 1 -> 0
2020-07-16 01:26:58,062 [Listener at 127.0.0.1/35581] INFO  segmented.SegmentedRaftLogWorker (SegmentedRaftLogWorker.java:close(234)) - a414d346-7008-4231-9689-7b7408e879f5@group-0EF3FD2FAE6C-SegmentedRaftLogWorker close()
2020-07-16 01:26:58,064 [Listener at 127.0.0.1/35581] INFO  metrics.RatisMetrics (RatisMetrics.java:unregister(43)) - Unregistering Metrics Registry : ratis.log_worker.a414d346-7008-4231-9689-7b7408e879f5@group-0EF3FD2FAE6C
2020-07-16 01:26:58,064 [ForkJoinPool.commonPool-worker-0] INFO  server.GrpcService (GrpcService.java:closeImpl(174)) - 6cf088d4-e8fe-406b-b923-9009336d08dc: shutdown server with port 45479 successfully
2020-07-16 01:26:58,064 [Listener at 127.0.0.1/35581] INFO  metrics.RatisMetrics (RatisMetrics.java:unregister(43)) - Unregistering Metrics Registry : ratis.leader_election.a414d346-7008-4231-9689-7b7408e879f5@group-0EF3FD2FAE6C
2020-07-16 01:26:58,064 [Listener at 127.0.0.1/35581] INFO  metrics.RatisMetrics (RatisMetrics.java:unregister(43)) - Unregistering Metrics Registry : ratis.server.a414d346-7008-4231-9689-7b7408e879f5@group-0EF3FD2FAE6C
2020-07-16 01:26:58,064 [Listener at 127.0.0.1/35581] INFO  server.GrpcService (GrpcService.java:closeImpl(166)) - a414d346-7008-4231-9689-7b7408e879f5: shutdown server with port 42243 now
2020-07-16 01:26:58,066 [grpc-default-executor-2] WARN  server.GrpcLogAppender (LogUtils.java:warn(122)) - fed8a10c-0e4b-4171-bc5f-6d130931510f@group-C12829981597->a414d346-7008-4231-9689-7b7408e879f5-AppendLogResponseHandler: Failed appendEntries: org.apache.ratis.thirdparty.io.grpc.StatusRuntimeException: CANCELLED: HTTP/2 error code: CANCEL
Received Rst Stream
2020-07-16 01:26:58,066 [grpc-default-executor-0] WARN  server.GrpcServerProtocolService (LogUtils.java:warn(122)) - a414d346-7008-4231-9689-7b7408e879f5: installSnapshot onError, lastRequest: fed8a10c-0e4b-4171-bc5f-6d130931510f->a414d346-7008-4231-9689-7b7408e879f5#3-t1, previous=(t:1, i:1), leaderCommit=1, initializing? false, entries: size=1, first=(t:1, i:2), METADATAENTRY(c:1): org.apache.ratis.thirdparty.io.grpc.StatusRuntimeException: CANCELLED: cancelled before receiving half close
2020-07-16 01:26:58,066 [Listener at 127.0.0.1/35581] INFO  server.GrpcService (GrpcService.java:closeImpl(174)) - a414d346-7008-4231-9689-7b7408e879f5: shutdown server with port 42243 successfully
2020-07-16 01:26:58,075 [grpc-default-executor-2] INFO  impl.FollowerInfo (FollowerInfo.java:lambda$new$0(51)) - fed8a10c-0e4b-4171-bc5f-6d130931510f@group-C12829981597->a414d346-7008-4231-9689-7b7408e879f5: nextIndex: updateUnconditionally 3 -> 2
2020-07-16 01:26:58,075 [ForkJoinPool.commonPool-worker-0] INFO  utils.BackgroundService (BackgroundService.java:shutdown(157)) - Shutting down service BlockDeletingService
2020-07-16 01:26:58,076 [Listener at 127.0.0.1/35581] INFO  utils.BackgroundService (BackgroundService.java:shutdown(157)) - Shutting down service BlockDeletingService
2020-07-16 01:26:58,078 [ForkJoinPool.commonPool-worker-0] INFO  statemachine.DatanodeStateMachine (DatanodeStateMachine.java:stopDaemon(428)) - Ozone container server stopped.
2020-07-16 01:26:58,086 [Listener at 127.0.0.1/35581] INFO  statemachine.DatanodeStateMachine (DatanodeStateMachine.java:stopDaemon(428)) - Ozone container server stopped.
2020-07-16 01:26:58,086 [ForkJoinPool.commonPool-worker-0] INFO  handler.ContextHandler (ContextHandler.java:doStop(1016)) - Stopped o.e.j.w.WebAppContext@c7eb2a9{hddsDatanode,/,null,UNAVAILABLE}{jar:file:/home/user/.m2/repository/org/apache/hadoop/hadoop-hdds-container-service/0.6.0-SNAPSHOT/hadoop-hdds-container-service-0.6.0-SNAPSHOT.jar!/webapps/hddsDatanode}
2020-07-16 01:26:58,088 [ForkJoinPool.commonPool-worker-0] INFO  server.AbstractConnector (AbstractConnector.java:doStop(380)) - Stopped ServerConnector@4e08c557{HTTP/1.1,[http/1.1]}{0.0.0.0:0}
2020-07-16 01:26:58,088 [ForkJoinPool.commonPool-worker-0] INFO  server.session (HouseKeeper.java:stopScavenging(158)) - node0 Stopped scavenging
2020-07-16 01:26:58,089 [ForkJoinPool.commonPool-worker-0] INFO  handler.ContextHandler (ContextHandler.java:doStop(1016)) - Stopped o.e.j.s.ServletContextHandler@6337c48d{static,/static,jar:file:/home/user/.m2/repository/org/apache/hadoop/hadoop-hdds-container-service/0.6.0-SNAPSHOT/hadoop-hdds-container-service-0.6.0-SNAPSHOT.jar!/webapps/static,UNAVAILABLE}
2020-07-16 01:26:58,090 [ForkJoinPool.commonPool-worker-0] INFO  handler.ContextHandler (ContextHandler.java:doStop(1016)) - Stopped o.e.j.s.ServletContextHandler@3dacb927{logs,/logs,file:///github/workspace/mnt/ozone/hadoop-ozone/integration-test/target/log,UNAVAILABLE}
2020-07-16 01:26:58,096 [Listener at 127.0.0.1/35581] INFO  handler.ContextHandler (ContextHandler.java:doStop(1016)) - Stopped o.e.j.w.WebAppContext@6035396c{hddsDatanode,/,null,UNAVAILABLE}{jar:file:/home/user/.m2/repository/org/apache/hadoop/hadoop-hdds-container-service/0.6.0-SNAPSHOT/hadoop-hdds-container-service-0.6.0-SNAPSHOT.jar!/webapps/hddsDatanode}
2020-07-16 01:26:58,097 [Listener at 127.0.0.1/35581] INFO  server.AbstractConnector (AbstractConnector.java:doStop(380)) - Stopped ServerConnector@4c9a3ae{HTTP/1.1,[http/1.1]}{0.0.0.0:0}
2020-07-16 01:26:58,097 [Listener at 127.0.0.1/35581] INFO  server.session (HouseKeeper.java:stopScavenging(158)) - node0 Stopped scavenging
2020-07-16 01:26:58,097 [Listener at 127.0.0.1/35581] INFO  handler.ContextHandler (ContextHandler.java:doStop(1016)) - Stopped o.e.j.s.ServletContextHandler@3eebbbf5{static,/static,jar:file:/home/user/.m2/repository/org/apache/hadoop/hadoop-hdds-container-service/0.6.0-SNAPSHOT/hadoop-hdds-container-service-0.6.0-SNAPSHOT.jar!/webapps/static,UNAVAILABLE}
2020-07-16 01:26:58,097 [Listener at 127.0.0.1/35581] INFO  handler.ContextHandler (ContextHandler.java:doStop(1016)) - Stopped o.e.j.s.ServletContextHandler@784bb800{logs,/logs,file:///github/workspace/mnt/ozone/hadoop-ozone/integration-test/target/log,UNAVAILABLE}
2020-07-16 01:26:59,002 [Datanode State Machine Thread - 0] INFO  statemachine.DatanodeStateMachine (DatanodeStateMachine.java:lambda$startDaemon$0(380)) - Ozone container server started.
2020-07-16 01:26:59,025 [Datanode State Machine Thread - 0] INFO  statemachine.DatanodeStateMachine (DatanodeStateMachine.java:lambda$startDaemon$0(380)) - Ozone container server started.
2020-07-16 01:26:59,653 [grpc-default-executor-3] WARN  server.GrpcLogAppender (LogUtils.java:warn(122)) - f74d67dd-9c6e-44ac-afd1-21949323d30e@group-5D5E8C8D66CB->6cf088d4-e8fe-406b-b923-9009336d08dc-AppendLogResponseHandler: Failed appendEntries: org.apache.ratis.thirdparty.io.grpc.StatusRuntimeException: UNAVAILABLE: io exception
2020-07-16 01:26:59,655 [grpc-default-executor-3] INFO  impl.FollowerInfo (FollowerInfo.java:lambda$new$0(51)) - f74d67dd-9c6e-44ac-afd1-21949323d30e@group-5D5E8C8D66CB->6cf088d4-e8fe-406b-b923-9009336d08dc: nextIndex: updateUnconditionally 1 -> 0
2020-07-16 01:27:00,491 [grpc-default-executor-0] WARN  server.GrpcLogAppender (LogUtils.java:warn(122)) - fed8a10c-0e4b-4171-bc5f-6d130931510f@group-C12829981597->a414d346-7008-4231-9689-7b7408e879f5-AppendLogResponseHandler: Failed appendEntries: org.apache.ratis.thirdparty.io.grpc.StatusRuntimeException: UNAVAILABLE: io exception
2020-07-16 01:27:00,499 [grpc-default-executor-0] INFO  impl.FollowerInfo (FollowerInfo.java:lambda$new$0(51)) - fed8a10c-0e4b-4171-bc5f-6d130931510f@group-C12829981597->a414d346-7008-4231-9689-7b7408e879f5: nextIndex: updateUnconditionally 3 -> 2
2020-07-16 01:27:02,155 [grpc-default-executor-2] WARN  server.GrpcLogAppender (LogUtils.java:warn(122)) - f74d67dd-9c6e-44ac-afd1-21949323d30e@group-5D5E8C8D66CB->6cf088d4-e8fe-406b-b923-9009336d08dc-AppendLogResponseHandler: Failed appendEntries: org.apache.ratis.thirdparty.io.grpc.StatusRuntimeException: UNAVAILABLE: io exception
2020-07-16 01:27:02,157 [grpc-default-executor-2] INFO  impl.FollowerInfo (FollowerInfo.java:lambda$new$0(51)) - f74d67dd-9c6e-44ac-afd1-21949323d30e@group-5D5E8C8D66CB->6cf088d4-e8fe-406b-b923-9009336d08dc: nextIndex: updateUnconditionally 1 -> 0
2020-07-16 01:27:02,992 [grpc-default-executor-0] WARN  server.GrpcLogAppender (LogUtils.java:warn(122)) - fed8a10c-0e4b-4171-bc5f-6d130931510f@group-C12829981597->a414d346-7008-4231-9689-7b7408e879f5-AppendLogResponseHandler: Failed appendEntries: org.apache.ratis.thirdparty.io.grpc.StatusRuntimeException: UNAVAILABLE: io exception
2020-07-16 01:27:02,995 [grpc-default-executor-0] INFO  impl.FollowerInfo (FollowerInfo.java:lambda$new$0(51)) - fed8a10c-0e4b-4171-bc5f-6d130931510f@group-C12829981597->a414d346-7008-4231-9689-7b7408e879f5: nextIndex: updateUnconditionally 3 -> 2
2020-07-16 01:27:03,091 [ForkJoinPool.commonPool-worker-0] INFO  ozoneimpl.OzoneContainer (OzoneContainer.java:stop(246)) - Attempting to stop container services.
2020-07-16 01:27:03,092 [ForkJoinPool.commonPool-worker-0] INFO  impl.RaftServerProxy (RaftServerProxy.java:lambda$close$4(319)) - fed8a10c-0e4b-4171-bc5f-6d130931510f: close
2020-07-16 01:27:03,092 [ForkJoinPool.commonPool-worker-0] INFO  impl.RaftServerImpl (RaftServerImpl.java:lambda$shutdown$3(252)) - fed8a10c-0e4b-4171-bc5f-6d130931510f@group-C12829981597: shutdown
2020-07-16 01:27:03,092 [ForkJoinPool.commonPool-worker-0] INFO  util.JmxRegister (JmxRegister.java:unregister(73)) - Successfully un-registered JMX Bean with object name Ratis:service=RaftServer,group=group-C12829981597,id=fed8a10c-0e4b-4171-bc5f-6d130931510f
2020-07-16 01:27:03,092 [ForkJoinPool.commonPool-worker-0] INFO  impl.RoleInfo (RoleInfo.java:shutdownLeaderState(104)) - fed8a10c-0e4b-4171-bc5f-6d130931510f: shutdown LeaderState
2020-07-16 01:27:03,092 [ForkJoinPool.commonPool-worker-0] INFO  metrics.RatisMetrics (RatisMetrics.java:unregister(43)) - Unregistering Metrics Registry : ratis_grpc.log_appender.fed8a10c-0e4b-4171-bc5f-6d130931510f@group-C12829981597
2020-07-16 01:27:03,093 [ForkJoinPool.commonPool-worker-0] INFO  metrics.RatisMetrics (RatisMetrics.java:unregister(43)) - Unregistering Metrics Registry : ratis_grpc.log_appender.fed8a10c-0e4b-4171-bc5f-6d130931510f@group-C12829981597
2020-07-16 01:27:03,093 [org.apache.ratis.server.impl.LogAppender$AppenderDaemon$$Lambda$420/1716773735@107bda9] WARN  server.GrpcLogAppender (GrpcLogAppender.java:mayWait(153)) - fed8a10c-0e4b-4171-bc5f-6d130931510f@group-C12829981597->7c15857a-f8dc-49c7-a572-6b747cc796eb-GrpcLogAppender: Wait interrupted by java.lang.InterruptedException
2020-07-16 01:27:03,094 [org.apache.ratis.server.impl.LogAppender$AppenderDaemon$$Lambda$420/1716773735@61c50e1b] WARN  server.GrpcLogAppender (GrpcLogAppender.java:mayWait(153)) - fed8a10c-0e4b-4171-bc5f-6d130931510f@group-C12829981597->a414d346-7008-4231-9689-7b7408e879f5-GrpcLogAppender: Wait interrupted by java.lang.InterruptedException
2020-07-16 01:27:03,094 [ForkJoinPool.commonPool-worker-0] INFO  impl.PendingRequests (PendingRequests.java:sendNotLeaderResponses(249)) - fed8a10c-0e4b-4171-bc5f-6d130931510f@group-C12829981597-PendingRequests: sendNotLeaderResponses
2020-07-16 01:27:03,098 [ForkJoinPool.commonPool-worker-0] INFO  metrics.RatisMetrics (RatisMetrics.java:unregister(43)) - Unregistering Metrics Registry : ratis.log_appender.fed8a10c-0e4b-4171-bc5f-6d130931510f@group-C12829981597
2020-07-16 01:27:03,098 [ForkJoinPool.commonPool-worker-0] INFO  metrics.RatisMetrics (RatisMetrics.java:unregister(43)) - Unregistering Metrics Registry : ratis.server.fed8a10c-0e4b-4171-bc5f-6d130931510f@group-C12829981597
2020-07-16 01:27:03,099 [ForkJoinPool.commonPool-worker-0] INFO  impl.StateMachineUpdater (StateMachineUpdater.java:stopAndJoin(142)) - fed8a10c-0e4b-4171-bc5f-6d130931510f@group-C12829981597-StateMachineUpdater: set stopIndex = 2
2020-07-16 01:27:03,099 [Listener at 127.0.0.1/35581] INFO  ozoneimpl.OzoneContainer (OzoneContainer.java:stop(246)) - Attempting to stop container services.
2020-07-16 01:27:03,099 [Listener at 127.0.0.1/35581] INFO  impl.RaftServerProxy (RaftServerProxy.java:lambda$close$4(319)) - 7c15857a-f8dc-49c7-a572-6b747cc796eb: close
2020-07-16 01:27:03,100 [Listener at 127.0.0.1/35581] INFO  impl.RaftServerImpl (RaftServerImpl.java:lambda$shutdown$3(252)) - 7c15857a-f8dc-49c7-a572-6b747cc796eb@group-C12829981597: shutdown
2020-07-16 01:27:03,100 [grpc-default-executor-0] INFO  server.GrpcServerProtocolService (GrpcServerProtocolService.java:onCompleted(138)) - 7c15857a-f8dc-49c7-a572-6b747cc796eb: Completed APPEND_ENTRIES, lastRequest: fed8a10c-0e4b-4171-bc5f-6d130931510f->7c15857a-f8dc-49c7-a572-6b747cc796eb#3-t1, previous=(t:1, i:1), leaderCommit=1, initializing? false, entries: size=1, first=(t:1, i:2), METADATAENTRY(c:1)
2020-07-16 01:27:03,100 [Listener at 127.0.0.1/35581] INFO  util.JmxRegister (JmxRegister.java:unregister(73)) - Successfully un-registered JMX Bean with object name Ratis:service=RaftServer,group=group-C12829981597,id=7c15857a-f8dc-49c7-a572-6b747cc796eb
2020-07-16 01:27:03,100 [Listener at 127.0.0.1/35581] INFO  impl.RoleInfo (RoleInfo.java:shutdownFollowerState(121)) - 7c15857a-f8dc-49c7-a572-6b747cc796eb: shutdown FollowerState
2020-07-16 01:27:03,101 [Listener at 127.0.0.1/35581] INFO  impl.StateMachineUpdater (StateMachineUpdater.java:stopAndJoin(142)) - 7c15857a-f8dc-49c7-a572-6b747cc796eb@group-C12829981597-StateMachineUpdater: set stopIndex = 2
2020-07-16 01:27:03,101 [Thread-1814] INFO  impl.FollowerState (FollowerState.java:run(117)) - 7c15857a-f8dc-49c7-a572-6b747cc796eb@group-C12829981597-FollowerState was interrupted: java.lang.InterruptedException: sleep interrupted
2020-07-16 01:27:03,100 [grpc-default-executor-0] INFO  server.GrpcLogAppender (GrpcLogAppender.java:onCompleted(319)) - fed8a10c-0e4b-4171-bc5f-6d130931510f@group-C12829981597->7c15857a-f8dc-49c7-a572-6b747cc796eb-AppendLogResponseHandler: follower responses appendEntries COMPLETED
2020-07-16 01:27:03,101 [fed8a10c-0e4b-4171-bc5f-6d130931510f@group-C12829981597-StateMachineUpdater] INFO  ratis.ContainerStateMachine (ContainerStateMachine.java:takeSnapshot(293)) - group-C12829981597: Taking a snapshot at:(t:1, i:2) file /github/workspace/mnt/ozone/hadoop-ozone/integration-test/target/test-dir/MiniOzoneClusterImpl-adff4ecb-6e1a-4bbe-b65d-469fb2d670c7/datanode-3/data/ratis/db582ef7-e52b-4b17-b2a5-c12829981597/sm/snapshot.1_2
2020-07-16 01:27:03,101 [7c15857a-f8dc-49c7-a572-6b747cc796eb@group-C12829981597-StateMachineUpdater] INFO  ratis.ContainerStateMachine (ContainerStateMachine.java:takeSnapshot(293)) - group-C12829981597: Taking a snapshot at:(t:1, i:2) file /github/workspace/mnt/ozone/hadoop-ozone/integration-test/target/test-dir/MiniOzoneClusterImpl-adff4ecb-6e1a-4bbe-b65d-469fb2d670c7/datanode-5/data/ratis/db582ef7-e52b-4b17-b2a5-c12829981597/sm/snapshot.1_2
2020-07-16 01:27:03,103 [7c15857a-f8dc-49c7-a572-6b747cc796eb@group-C12829981597-StateMachineUpdater] INFO  ratis.ContainerStateMachine (ContainerStateMachine.java:takeSnapshot(304)) - group-C12829981597: Finished taking a snapshot at:(t:1, i:2) file:/github/workspace/mnt/ozone/hadoop-ozone/integration-test/target/test-dir/MiniOzoneClusterImpl-adff4ecb-6e1a-4bbe-b65d-469fb2d670c7/datanode-5/data/ratis/db582ef7-e52b-4b17-b2a5-c12829981597/sm/snapshot.1_2 time:1
2020-07-16 01:27:03,103 [7c15857a-f8dc-49c7-a572-6b747cc796eb@group-C12829981597-StateMachineUpdater] INFO  impl.StateMachineUpdater (StateMachineUpdater.java:takeSnapshot(277)) - 7c15857a-f8dc-49c7-a572-6b747cc796eb@group-C12829981597-StateMachineUpdater: Took a snapshot at index 2
2020-07-16 01:27:03,103 [7c15857a-f8dc-49c7-a572-6b747cc796eb@group-C12829981597-StateMachineUpdater] INFO  impl.StateMachineUpdater (StateMachineUpdater.java:lambda$new$0(87)) - 7c15857a-f8dc-49c7-a572-6b747cc796eb@group-C12829981597-StateMachineUpdater: snapshotIndex: updateIncreasingly -1 -> 2
2020-07-16 01:27:03,103 [7c15857a-f8dc-49c7-a572-6b747cc796eb@group-C12829981597-StateMachineUpdater] INFO  metrics.RatisMetrics (RatisMetrics.java:unregister(43)) - Unregistering Metrics Registry : ratis.state_machine.7c15857a-f8dc-49c7-a572-6b747cc796eb@group-C12829981597
2020-07-16 01:27:03,103 [fed8a10c-0e4b-4171-bc5f-6d130931510f@group-C12829981597-StateMachineUpdater] INFO  ratis.ContainerStateMachine (ContainerStateMachine.java:takeSnapshot(304)) - group-C12829981597: Finished taking a snapshot at:(t:1, i:2) file:/github/workspace/mnt/ozone/hadoop-ozone/integration-test/target/test-dir/MiniOzoneClusterImpl-adff4ecb-6e1a-4bbe-b65d-469fb2d670c7/datanode-3/data/ratis/db582ef7-e52b-4b17-b2a5-c12829981597/sm/snapshot.1_2 time:2
2020-07-16 01:27:03,104 [fed8a10c-0e4b-4171-bc5f-6d130931510f@group-C12829981597-StateMachineUpdater] INFO  impl.StateMachineUpdater (StateMachineUpdater.java:takeSnapshot(277)) - fed8a10c-0e4b-4171-bc5f-6d130931510f@group-C12829981597-StateMachineUpdater: Took a snapshot at index 2
2020-07-16 01:27:03,104 [fed8a10c-0e4b-4171-bc5f-6d130931510f@group-C12829981597-StateMachineUpdater] INFO  impl.StateMachineUpdater (StateMachineUpdater.java:lambda$new$0(87)) - fed8a10c-0e4b-4171-bc5f-6d130931510f@group-C12829981597-StateMachineUpdater: snapshotIndex: updateIncreasingly -1 -> 2
2020-07-16 01:27:03,104 [fed8a10c-0e4b-4171-bc5f-6d130931510f@group-C12829981597-StateMachineUpdater] INFO  metrics.RatisMetrics (RatisMetrics.java:unregister(43)) - Unregistering Metrics Registry : ratis.state_machine.fed8a10c-0e4b-4171-bc5f-6d130931510f@group-C12829981597
2020-07-16 01:27:03,104 [ForkJoinPool.commonPool-worker-0] INFO  impl.RaftServerImpl (ServerState.java:close(387)) - fed8a10c-0e4b-4171-bc5f-6d130931510f@group-C12829981597: closes. applyIndex: 2
2020-07-16 01:27:03,104 [Listener at 127.0.0.1/35581] INFO  impl.RaftServerImpl (ServerState.java:close(387)) - 7c15857a-f8dc-49c7-a572-6b747cc796eb@group-C12829981597: closes. applyIndex: 2
2020-07-16 01:27:03,105 [7c15857a-f8dc-49c7-a572-6b747cc796eb@group-C12829981597-SegmentedRaftLogWorker] INFO  segmented.SegmentedRaftLogWorker (SegmentedRaftLogWorker.java:run(327)) - 7c15857a-f8dc-49c7-a572-6b747cc796eb@group-C12829981597-SegmentedRaftLogWorker was interrupted, exiting. There are 0 tasks remaining in the queue.
2020-07-16 01:27:03,105 [fed8a10c-0e4b-4171-bc5f-6d130931510f@group-C12829981597-SegmentedRaftLogWorker] INFO  segmented.SegmentedRaftLogWorker (SegmentedRaftLogWorker.java:run(327)) - fed8a10c-0e4b-4171-bc5f-6d130931510f@group-C12829981597-SegmentedRaftLogWorker was interrupted, exiting. There are 0 tasks remaining in the queue.
2020-07-16 01:27:03,106 [grpc-default-executor-0] INFO  impl.FollowerInfo (FollowerInfo.java:lambda$new$0(51)) - fed8a10c-0e4b-4171-bc5f-6d130931510f@group-C12829981597->7c15857a-f8dc-49c7-a572-6b747cc796eb: nextIndex: updateUnconditionally 3 -> 2
2020-07-16 01:27:03,106 [Listener at 127.0.0.1/35581] INFO  segmented.SegmentedRaftLogWorker (SegmentedRaftLogWorker.java:close(234)) - 7c15857a-f8dc-49c7-a572-6b747cc796eb@group-C12829981597-SegmentedRaftLogWorker close()
2020-07-16 01:27:03,106 [ForkJoinPool.commonPool-worker-0] INFO  segmented.SegmentedRaftLogWorker (SegmentedRaftLogWorker.java:close(234)) - fed8a10c-0e4b-4171-bc5f-6d130931510f@group-C12829981597-SegmentedRaftLogWorker close()
2020-07-16 01:27:03,112 [Listener at 127.0.0.1/35581] INFO  metrics.RatisMetrics (RatisMetrics.java:unregister(43)) - Unregistering Metrics Registry : ratis.log_worker.7c15857a-f8dc-49c7-a572-6b747cc796eb@group-C12829981597
2020-07-16 01:27:03,112 [Listener at 127.0.0.1/35581] INFO  metrics.RatisMetrics (RatisMetrics.java:unregister(43)) - Unregistering Metrics Registry : ratis.leader_election.7c15857a-f8dc-49c7-a572-6b747cc796eb@group-C12829981597
2020-07-16 01:27:03,112 [Listener at 127.0.0.1/35581] INFO  metrics.RatisMetrics (RatisMetrics.java:unregister(43)) - Unregistering Metrics Registry : ratis.server.7c15857a-f8dc-49c7-a572-6b747cc796eb@group-C12829981597
2020-07-16 01:27:03,112 [Listener at 127.0.0.1/35581] INFO  impl.RaftServerImpl (RaftServerImpl.java:lambda$shutdown$3(252)) - 7c15857a-f8dc-49c7-a572-6b747cc796eb@group-1B43FDCFA3E2: shutdown
2020-07-16 01:27:03,113 [Listener at 127.0.0.1/35581] INFO  util.JmxRegister (JmxRegister.java:unregister(73)) - Successfully un-registered JMX Bean with object name Ratis:service=RaftServer,group=group-1B43FDCFA3E2,id=7c15857a-f8dc-49c7-a572-6b747cc796eb
2020-07-16 01:27:03,113 [Listener at 127.0.0.1/35581] INFO  impl.RoleInfo (RoleInfo.java:shutdownLeaderState(104)) - 7c15857a-f8dc-49c7-a572-6b747cc796eb: shutdown LeaderState
2020-07-16 01:27:03,113 [Listener at 127.0.0.1/35581] INFO  impl.PendingRequests (PendingRequests.java:sendNotLeaderResponses(249)) - 7c15857a-f8dc-49c7-a572-6b747cc796eb@group-1B43FDCFA3E2-PendingRequests: sendNotLeaderResponses
2020-07-16 01:27:03,113 [Listener at 127.0.0.1/35581] INFO  metrics.RatisMetrics (RatisMetrics.java:unregister(43)) - Unregistering Metrics Registry : ratis.log_appender.7c15857a-f8dc-49c7-a572-6b747cc796eb@group-1B43FDCFA3E2
2020-07-16 01:27:03,113 [Listener at 127.0.0.1/35581] INFO  metrics.RatisMetrics (RatisMetrics.java:unregister(43)) - Unregistering Metrics Registry : ratis.server.7c15857a-f8dc-49c7-a572-6b747cc796eb@group-1B43FDCFA3E2
2020-07-16 01:27:03,114 [Listener at 127.0.0.1/35581] INFO  impl.StateMachineUpdater (StateMachineUpdater.java:stopAndJoin(142)) - 7c15857a-f8dc-49c7-a572-6b747cc796eb@group-1B43FDCFA3E2-StateMachineUpdater: set stopIndex = 0
2020-07-16 01:27:03,114 [ForkJoinPool.commonPool-worker-0] INFO  metrics.RatisMetrics (RatisMetrics.java:unregister(43)) - Unregistering Metrics Registry : ratis.log_worker.fed8a10c-0e4b-4171-bc5f-6d130931510f@group-C12829981597
2020-07-16 01:27:03,115 [7c15857a-f8dc-49c7-a572-6b747cc796eb@group-1B43FDCFA3E2-StateMachineUpdater] INFO  ratis.ContainerStateMachine (ContainerStateMachine.java:takeSnapshot(293)) - group-1B43FDCFA3E2: Taking a snapshot at:(t:1, i:0) file /github/workspace/mnt/ozone/hadoop-ozone/integration-test/target/test-dir/MiniOzoneClusterImpl-adff4ecb-6e1a-4bbe-b65d-469fb2d670c7/datanode-5/data/ratis/036f1045-6f09-4d1e-8536-1b43fdcfa3e2/sm/snapshot.1_0
2020-07-16 01:27:03,115 [ForkJoinPool.commonPool-worker-0] INFO  metrics.RatisMetrics (RatisMetrics.java:unregister(43)) - Unregistering Metrics Registry : ratis.leader_election.fed8a10c-0e4b-4171-bc5f-6d130931510f@group-C12829981597
2020-07-16 01:27:03,115 [ForkJoinPool.commonPool-worker-0] INFO  metrics.RatisMetrics (RatisMetrics.java:unregister(43)) - Unregistering Metrics Registry : ratis.server.fed8a10c-0e4b-4171-bc5f-6d130931510f@group-C12829981597
2020-07-16 01:27:03,115 [ForkJoinPool.commonPool-worker-0] INFO  impl.RaftServerImpl (RaftServerImpl.java:lambda$shutdown$3(252)) - fed8a10c-0e4b-4171-bc5f-6d130931510f@group-4B6710D43490: shutdown
2020-07-16 01:27:03,115 [ForkJoinPool.commonPool-worker-0] INFO  util.JmxRegister (JmxRegister.java:unregister(73)) - Successfully un-registered JMX Bean with object name Ratis:service=RaftServer,group=group-4B6710D43490,id=fed8a10c-0e4b-4171-bc5f-6d130931510f
2020-07-16 01:27:03,115 [ForkJoinPool.commonPool-worker-0] INFO  impl.RoleInfo (RoleInfo.java:shutdownLeaderState(104)) - fed8a10c-0e4b-4171-bc5f-6d130931510f: shutdown LeaderState
2020-07-16 01:27:03,115 [ForkJoinPool.commonPool-worker-0] INFO  impl.PendingRequests (PendingRequests.java:sendNotLeaderResponses(249)) - fed8a10c-0e4b-4171-bc5f-6d130931510f@group-4B6710D43490-PendingRequests: sendNotLeaderResponses
2020-07-16 01:27:03,115 [ForkJoinPool.commonPool-worker-0] INFO  metrics.RatisMetrics (RatisMetrics.java:unregister(43)) - Unregistering Metrics Registry : ratis.log_appender.fed8a10c-0e4b-4171-bc5f-6d130931510f@group-4B6710D43490
2020-07-16 01:27:03,115 [7c15857a-f8dc-49c7-a572-6b747cc796eb@group-1B43FDCFA3E2-StateMachineUpdater] INFO  ratis.ContainerStateMachine (ContainerStateMachine.java:takeSnapshot(304)) - group-1B43FDCFA3E2: Finished taking a snapshot at:(t:1, i:0) file:/github/workspace/mnt/ozone/hadoop-ozone/integration-test/target/test-dir/MiniOzoneClusterImpl-adff4ecb-6e1a-4bbe-b65d-469fb2d670c7/datanode-5/data/ratis/036f1045-6f09-4d1e-8536-1b43fdcfa3e2/sm/snapshot.1_0 time:1
2020-07-16 01:27:03,116 [ForkJoinPool.commonPool-worker-0] INFO  metrics.RatisMetrics (RatisMetrics.java:unregister(43)) - Unregistering Metrics Registry : ratis.server.fed8a10c-0e4b-4171-bc5f-6d130931510f@group-4B6710D43490
2020-07-16 01:27:03,116 [7c15857a-f8dc-49c7-a572-6b747cc796eb@group-1B43FDCFA3E2-StateMachineUpdater] INFO  impl.StateMachineUpdater (StateMachineUpdater.java:takeSnapshot(277)) - 7c15857a-f8dc-49c7-a572-6b747cc796eb@group-1B43FDCFA3E2-StateMachineUpdater: Took a snapshot at index 0
2020-07-16 01:27:03,116 [7c15857a-f8dc-49c7-a572-6b747cc796eb@group-1B43FDCFA3E2-StateMachineUpdater] INFO  impl.StateMachineUpdater (StateMachineUpdater.java:lambda$new$0(87)) - 7c15857a-f8dc-49c7-a572-6b747cc796eb@group-1B43FDCFA3E2-StateMachineUpdater: snapshotIndex: updateIncreasingly -1 -> 0
2020-07-16 01:27:03,116 [7c15857a-f8dc-49c7-a572-6b747cc796eb@group-1B43FDCFA3E2-StateMachineUpdater] INFO  metrics.RatisMetrics (RatisMetrics.java:unregister(43)) - Unregistering Metrics Registry : ratis.state_machine.7c15857a-f8dc-49c7-a572-6b747cc796eb@group-1B43FDCFA3E2
2020-07-16 01:27:03,117 [ForkJoinPool.commonPool-worker-0] INFO  impl.StateMachineUpdater (StateMachineUpdater.java:stopAndJoin(142)) - fed8a10c-0e4b-4171-bc5f-6d130931510f@group-4B6710D43490-StateMachineUpdater: set stopIndex = 0
2020-07-16 01:27:03,117 [Listener at 127.0.0.1/35581] INFO  impl.RaftServerImpl (ServerState.java:close(387)) - 7c15857a-f8dc-49c7-a572-6b747cc796eb@group-1B43FDCFA3E2: closes. applyIndex: 0
2020-07-16 01:27:03,117 [fed8a10c-0e4b-4171-bc5f-6d130931510f@group-4B6710D43490-StateMachineUpdater] INFO  ratis.ContainerStateMachine (ContainerStateMachine.java:takeSnapshot(293)) - group-4B6710D43490: Taking a snapshot at:(t:1, i:0) file /github/workspace/mnt/ozone/hadoop-ozone/integration-test/target/test-dir/MiniOzoneClusterImpl-adff4ecb-6e1a-4bbe-b65d-469fb2d670c7/datanode-3/data/ratis/97a78c80-5e7f-4e08-9b50-4b6710d43490/sm/snapshot.1_0
2020-07-16 01:27:03,117 [7c15857a-f8dc-49c7-a572-6b747cc796eb@group-1B43FDCFA3E2-SegmentedRaftLogWorker] INFO  segmented.SegmentedRaftLogWorker (SegmentedRaftLogWorker.java:run(327)) - 7c15857a-f8dc-49c7-a572-6b747cc796eb@group-1B43FDCFA3E2-SegmentedRaftLogWorker was interrupted, exiting. There are 0 tasks remaining in the queue.
2020-07-16 01:27:03,118 [fed8a10c-0e4b-4171-bc5f-6d130931510f@group-4B6710D43490-StateMachineUpdater] INFO  ratis.ContainerStateMachine (ContainerStateMachine.java:takeSnapshot(304)) - group-4B6710D43490: Finished taking a snapshot at:(t:1, i:0) file:/github/workspace/mnt/ozone/hadoop-ozone/integration-test/target/test-dir/MiniOzoneClusterImpl-adff4ecb-6e1a-4bbe-b65d-469fb2d670c7/datanode-3/data/ratis/97a78c80-5e7f-4e08-9b50-4b6710d43490/sm/snapshot.1_0 time:0
2020-07-16 01:27:03,118 [Listener at 127.0.0.1/35581] INFO  segmented.SegmentedRaftLogWorker (SegmentedRaftLogWorker.java:close(234)) - 7c15857a-f8dc-49c7-a572-6b747cc796eb@group-1B43FDCFA3E2-SegmentedRaftLogWorker close()
2020-07-16 01:27:03,118 [fed8a10c-0e4b-4171-bc5f-6d130931510f@group-4B6710D43490-StateMachineUpdater] INFO  impl.StateMachineUpdater (StateMachineUpdater.java:takeSnapshot(277)) - fed8a10c-0e4b-4171-bc5f-6d130931510f@group-4B6710D43490-StateMachineUpdater: Took a snapshot at index 0
2020-07-16 01:27:03,119 [fed8a10c-0e4b-4171-bc5f-6d130931510f@group-4B6710D43490-StateMachineUpdater] INFO  impl.StateMachineUpdater (StateMachineUpdater.java:lambda$new$0(87)) - fed8a10c-0e4b-4171-bc5f-6d130931510f@group-4B6710D43490-StateMachineUpdater: snapshotIndex: updateIncreasingly -1 -> 0
2020-07-16 01:27:03,119 [fed8a10c-0e4b-4171-bc5f-6d130931510f@group-4B6710D43490-StateMachineUpdater] INFO  metrics.RatisMetrics (RatisMetrics.java:unregister(43)) - Unregistering Metrics Registry : ratis.state_machine.fed8a10c-0e4b-4171-bc5f-6d130931510f@group-4B6710D43490
2020-07-16 01:27:03,119 [ForkJoinPool.commonPool-worker-0] INFO  impl.RaftServerImpl (ServerState.java:close(387)) - fed8a10c-0e4b-4171-bc5f-6d130931510f@group-4B6710D43490: closes. applyIndex: 0
2020-07-16 01:27:03,119 [Listener at 127.0.0.1/35581] INFO  metrics.RatisMetrics (RatisMetrics.java:unregister(43)) - Unregistering Metrics Registry : ratis.log_worker.7c15857a-f8dc-49c7-a572-6b747cc796eb@group-1B43FDCFA3E2
2020-07-16 01:27:03,119 [fed8a10c-0e4b-4171-bc5f-6d130931510f@group-4B6710D43490-SegmentedRaftLogWorker] INFO  segmented.SegmentedRaftLogWorker (SegmentedRaftLogWorker.java:run(327)) - fed8a10c-0e4b-4171-bc5f-6d130931510f@group-4B6710D43490-SegmentedRaftLogWorker was interrupted, exiting. There are 0 tasks remaining in the queue.
2020-07-16 01:27:03,120 [Listener at 127.0.0.1/35581] INFO  metrics.RatisMetrics (RatisMetrics.java:unregister(43)) - Unregistering Metrics Registry : ratis.leader_election.7c15857a-f8dc-49c7-a572-6b747cc796eb@group-1B43FDCFA3E2
2020-07-16 01:27:03,120 [Listener at 127.0.0.1/35581] INFO  metrics.RatisMetrics (RatisMetrics.java:unregister(43)) - Unregistering Metrics Registry : ratis.server.7c15857a-f8dc-49c7-a572-6b747cc796eb@group-1B43FDCFA3E2
2020-07-16 01:27:03,120 [Listener at 127.0.0.1/35581] INFO  server.GrpcService (GrpcService.java:closeImpl(166)) - 7c15857a-f8dc-49c7-a572-6b747cc796eb: shutdown server with port 34887 now
2020-07-16 01:27:03,121 [ForkJoinPool.commonPool-worker-0] INFO  segmented.SegmentedRaftLogWorker (SegmentedRaftLogWorker.java:close(234)) - fed8a10c-0e4b-4171-bc5f-6d130931510f@group-4B6710D43490-SegmentedRaftLogWorker close()
2020-07-16 01:27:03,121 [Listener at 127.0.0.1/35581] INFO  server.GrpcService (GrpcService.java:closeImpl(174)) - 7c15857a-f8dc-49c7-a572-6b747cc796eb: shutdown server with port 34887 successfully
2020-07-16 01:27:03,122 [ForkJoinPool.commonPool-worker-0] INFO  metrics.RatisMetrics (RatisMetrics.java:unregister(43)) - Unregistering Metrics Registry : ratis.log_worker.fed8a10c-0e4b-4171-bc5f-6d130931510f@group-4B6710D43490
2020-07-16 01:27:03,122 [ForkJoinPool.commonPool-worker-0] INFO  metrics.RatisMetrics (RatisMetrics.java:unregister(43)) - Unregistering Metrics Registry : ratis.leader_election.fed8a10c-0e4b-4171-bc5f-6d130931510f@group-4B6710D43490
2020-07-16 01:27:03,122 [ForkJoinPool.commonPool-worker-0] INFO  metrics.RatisMetrics (RatisMetrics.java:unregister(43)) - Unregistering Metrics Registry : ratis.server.fed8a10c-0e4b-4171-bc5f-6d130931510f@group-4B6710D43490
2020-07-16 01:27:03,122 [ForkJoinPool.commonPool-worker-0] INFO  server.GrpcService (GrpcService.java:closeImpl(166)) - fed8a10c-0e4b-4171-bc5f-6d130931510f: shutdown server with port 37911 now
2020-07-16 01:27:03,123 [Listener at 127.0.0.1/35581] INFO  utils.BackgroundService (BackgroundService.java:shutdown(157)) - Shutting down service BlockDeletingService
2020-07-16 01:27:03,124 [ForkJoinPool.commonPool-worker-0] INFO  server.GrpcService (GrpcService.java:closeImpl(174)) - fed8a10c-0e4b-4171-bc5f-6d130931510f: shutdown server with port 37911 successfully
2020-07-16 01:27:03,127 [ForkJoinPool.commonPool-worker-0] INFO  utils.BackgroundService (BackgroundService.java:shutdown(157)) - Shutting down service BlockDeletingService
2020-07-16 01:27:03,132 [Listener at 127.0.0.1/35581] INFO  statemachine.DatanodeStateMachine (DatanodeStateMachine.java:stopDaemon(428)) - Ozone container server stopped.
2020-07-16 01:27:03,137 [Listener at 127.0.0.1/35581] INFO  handler.ContextHandler (ContextHandler.java:doStop(1016)) - Stopped o.e.j.w.WebAppContext@4e9c23b7{hddsDatanode,/,null,UNAVAILABLE}{jar:file:/home/user/.m2/repository/org/apache/hadoop/hadoop-hdds-container-service/0.6.0-SNAPSHOT/hadoop-hdds-container-service-0.6.0-SNAPSHOT.jar!/webapps/hddsDatanode}
2020-07-16 01:27:03,139 [ForkJoinPool.commonPool-worker-0] INFO  statemachine.DatanodeStateMachine (DatanodeStateMachine.java:stopDaemon(428)) - Ozone container server stopped.
2020-07-16 01:27:03,139 [Listener at 127.0.0.1/35581] INFO  server.AbstractConnector (AbstractConnector.java:doStop(380)) - Stopped ServerConnector@5f47c2e2{HTTP/1.1,[http/1.1]}{0.0.0.0:0}
2020-07-16 01:27:03,139 [Listener at 127.0.0.1/35581] INFO  server.session (HouseKeeper.java:stopScavenging(158)) - node0 Stopped scavenging
2020-07-16 01:27:03,139 [Listener at 127.0.0.1/35581] INFO  handler.ContextHandler (ContextHandler.java:doStop(1016)) - Stopped o.e.j.s.ServletContextHandler@495afaf5{static,/static,jar:file:/home/user/.m2/repository/org/apache/hadoop/hadoop-hdds-container-service/0.6.0-SNAPSHOT/hadoop-hdds-container-service-0.6.0-SNAPSHOT.jar!/webapps/static,UNAVAILABLE}
2020-07-16 01:27:03,140 [Listener at 127.0.0.1/35581] INFO  handler.ContextHandler (ContextHandler.java:doStop(1016)) - Stopped o.e.j.s.ServletContextHandler@38171f9{logs,/logs,file:///github/workspace/mnt/ozone/hadoop-ozone/integration-test/target/log,UNAVAILABLE}
2020-07-16 01:27:03,147 [ForkJoinPool.commonPool-worker-0] INFO  handler.ContextHandler (ContextHandler.java:doStop(1016)) - Stopped o.e.j.w.WebAppContext@513156fd{hddsDatanode,/,null,UNAVAILABLE}{jar:file:/home/user/.m2/repository/org/apache/hadoop/hadoop-hdds-container-service/0.6.0-SNAPSHOT/hadoop-hdds-container-service-0.6.0-SNAPSHOT.jar!/webapps/hddsDatanode}
2020-07-16 01:27:03,148 [ForkJoinPool.commonPool-worker-0] INFO  server.AbstractConnector (AbstractConnector.java:doStop(380)) - Stopped ServerConnector@6145be92{HTTP/1.1,[http/1.1]}{0.0.0.0:0}
2020-07-16 01:27:03,148 [ForkJoinPool.commonPool-worker-0] INFO  server.session (HouseKeeper.java:stopScavenging(158)) - node0 Stopped scavenging
2020-07-16 01:27:03,149 [ForkJoinPool.commonPool-worker-0] INFO  handler.ContextHandler (ContextHandler.java:doStop(1016)) - Stopped o.e.j.s.ServletContextHandler@282c2bbd{static,/static,jar:file:/home/user/.m2/repository/org/apache/hadoop/hadoop-hdds-container-service/0.6.0-SNAPSHOT/hadoop-hdds-container-service-0.6.0-SNAPSHOT.jar!/webapps/static,UNAVAILABLE}
2020-07-16 01:27:03,150 [ForkJoinPool.commonPool-worker-0] INFO  handler.ContextHandler (ContextHandler.java:doStop(1016)) - Stopped o.e.j.s.ServletContextHandler@c7ba58d{logs,/logs,file:///github/workspace/mnt/ozone/hadoop-ozone/integration-test/target/log,UNAVAILABLE}
2020-07-16 01:27:03,964 [Datanode State Machine Thread - 0] INFO  statemachine.DatanodeStateMachine (DatanodeStateMachine.java:lambda$startDaemon$0(380)) - Ozone container server started.
2020-07-16 01:27:04,084 [Datanode State Machine Thread - 0] INFO  statemachine.DatanodeStateMachine (DatanodeStateMachine.java:lambda$startDaemon$0(380)) - Ozone container server started.
2020-07-16 01:27:04,657 [grpc-default-executor-2] WARN  server.GrpcLogAppender (LogUtils.java:warn(122)) - f74d67dd-9c6e-44ac-afd1-21949323d30e@group-5D5E8C8D66CB->6cf088d4-e8fe-406b-b923-9009336d08dc-AppendLogResponseHandler: Failed appendEntries: org.apache.ratis.thirdparty.io.grpc.StatusRuntimeException: UNAVAILABLE: io exception
2020-07-16 01:27:04,659 [grpc-default-executor-2] INFO  impl.FollowerInfo (FollowerInfo.java:lambda$new$0(51)) - f74d67dd-9c6e-44ac-afd1-21949323d30e@group-5D5E8C8D66CB->6cf088d4-e8fe-406b-b923-9009336d08dc: nextIndex: updateUnconditionally 1 -> 0
2020-07-16 01:27:07,160 [grpc-default-executor-0] WARN  server.GrpcLogAppender (LogUtils.java:warn(122)) - f74d67dd-9c6e-44ac-afd1-21949323d30e@group-5D5E8C8D66CB->6cf088d4-e8fe-406b-b923-9009336d08dc-AppendLogResponseHandler: Failed appendEntries: org.apache.ratis.thirdparty.io.grpc.StatusRuntimeException: UNAVAILABLE: io exception
2020-07-16 01:27:07,162 [grpc-default-executor-0] INFO  impl.FollowerInfo (FollowerInfo.java:lambda$new$0(51)) - f74d67dd-9c6e-44ac-afd1-21949323d30e@group-5D5E8C8D66CB->6cf088d4-e8fe-406b-b923-9009336d08dc: nextIndex: updateUnconditionally 1 -> 0
2020-07-16 01:27:08,148 [Listener at 127.0.0.1/35581] INFO  ozoneimpl.OzoneContainer (OzoneContainer.java:stop(246)) - Attempting to stop container services.
2020-07-16 01:27:08,149 [Listener at 127.0.0.1/35581] INFO  impl.RaftServerProxy (RaftServerProxy.java:lambda$close$4(319)) - 3a8955bd-c76c-48e8-b23e-7dc5c0b97792: close
2020-07-16 01:27:08,149 [Listener at 127.0.0.1/35581] INFO  impl.RaftServerImpl (RaftServerImpl.java:lambda$shutdown$3(252)) - 3a8955bd-c76c-48e8-b23e-7dc5c0b97792@group-88CCA2BB500C: shutdown
2020-07-16 01:27:08,149 [Listener at 127.0.0.1/35581] INFO  util.JmxRegister (JmxRegister.java:unregister(73)) - Successfully un-registered JMX Bean with object name Ratis:service=RaftServer,group=group-88CCA2BB500C,id=3a8955bd-c76c-48e8-b23e-7dc5c0b97792
2020-07-16 01:27:08,149 [Listener at 127.0.0.1/35581] INFO  impl.RoleInfo (RoleInfo.java:shutdownLeaderState(104)) - 3a8955bd-c76c-48e8-b23e-7dc5c0b97792: shutdown LeaderState
2020-07-16 01:27:08,150 [Listener at 127.0.0.1/35581] INFO  impl.PendingRequests (PendingRequests.java:sendNotLeaderResponses(249)) - 3a8955bd-c76c-48e8-b23e-7dc5c0b97792@group-88CCA2BB500C-PendingRequests: sendNotLeaderResponses
2020-07-16 01:27:08,150 [Listener at 127.0.0.1/35581] INFO  metrics.RatisMetrics (RatisMetrics.java:unregister(43)) - Unregistering Metrics Registry : ratis.log_appender.3a8955bd-c76c-48e8-b23e-7dc5c0b97792@group-88CCA2BB500C
2020-07-16 01:27:08,150 [Listener at 127.0.0.1/35581] INFO  metrics.RatisMetrics (RatisMetrics.java:unregister(43)) - Unregistering Metrics Registry : ratis.server.3a8955bd-c76c-48e8-b23e-7dc5c0b97792@group-88CCA2BB500C
2020-07-16 01:27:08,151 [ForkJoinPool.commonPool-worker-0] INFO  ozoneimpl.OzoneContainer (OzoneContainer.java:stop(246)) - Attempting to stop container services.
2020-07-16 01:27:08,152 [ForkJoinPool.commonPool-worker-0] INFO  impl.RaftServerProxy (RaftServerProxy.java:lambda$close$4(319)) - 70adf62e-3478-4f38-8b67-f629eec991ca: close
2020-07-16 01:27:08,152 [ForkJoinPool.commonPool-worker-0] INFO  impl.RaftServerImpl (RaftServerImpl.java:lambda$shutdown$3(252)) - 70adf62e-3478-4f38-8b67-f629eec991ca@group-8C93C2BB1447: shutdown
2020-07-16 01:27:08,152 [ForkJoinPool.commonPool-worker-0] INFO  util.JmxRegister (JmxRegister.java:unregister(73)) - Successfully un-registered JMX Bean with object name Ratis:service=RaftServer,group=group-8C93C2BB1447,id=70adf62e-3478-4f38-8b67-f629eec991ca
2020-07-16 01:27:08,152 [ForkJoinPool.commonPool-worker-0] INFO  impl.RoleInfo (RoleInfo.java:shutdownLeaderState(104)) - 70adf62e-3478-4f38-8b67-f629eec991ca: shutdown LeaderState
2020-07-16 01:27:08,152 [ForkJoinPool.commonPool-worker-0] INFO  impl.PendingRequests (PendingRequests.java:sendNotLeaderResponses(249)) - 70adf62e-3478-4f38-8b67-f629eec991ca@group-8C93C2BB1447-PendingRequests: sendNotLeaderResponses
2020-07-16 01:27:08,152 [ForkJoinPool.commonPool-worker-0] INFO  metrics.RatisMetrics (RatisMetrics.java:unregister(43)) - Unregistering Metrics Registry : ratis.log_appender.70adf62e-3478-4f38-8b67-f629eec991ca@group-8C93C2BB1447
2020-07-16 01:27:08,153 [ForkJoinPool.commonPool-worker-0] INFO  metrics.RatisMetrics (RatisMetrics.java:unregister(43)) - Unregistering Metrics Registry : ratis.server.70adf62e-3478-4f38-8b67-f629eec991ca@group-8C93C2BB1447
2020-07-16 01:27:08,153 [Listener at 127.0.0.1/35581] INFO  impl.StateMachineUpdater (StateMachineUpdater.java:stopAndJoin(142)) - 3a8955bd-c76c-48e8-b23e-7dc5c0b97792@group-88CCA2BB500C-StateMachineUpdater: set stopIndex = 0
2020-07-16 01:27:08,154 [3a8955bd-c76c-48e8-b23e-7dc5c0b97792@group-88CCA2BB500C-StateMachineUpdater] INFO  ratis.ContainerStateMachine (ContainerStateMachine.java:takeSnapshot(293)) - group-88CCA2BB500C: Taking a snapshot at:(t:1, i:0) file /github/workspace/mnt/ozone/hadoop-ozone/integration-test/target/test-dir/MiniOzoneClusterImpl-adff4ecb-6e1a-4bbe-b65d-469fb2d670c7/datanode-7/data/ratis/4b63a550-f1ba-48dc-9022-88cca2bb500c/sm/snapshot.1_0
2020-07-16 01:27:08,155 [ForkJoinPool.commonPool-worker-0] INFO  impl.StateMachineUpdater (StateMachineUpdater.java:stopAndJoin(142)) - 70adf62e-3478-4f38-8b67-f629eec991ca@group-8C93C2BB1447-StateMachineUpdater: set stopIndex = 0
2020-07-16 01:27:08,155 [70adf62e-3478-4f38-8b67-f629eec991ca@group-8C93C2BB1447-StateMachineUpdater] INFO  ratis.ContainerStateMachine (ContainerStateMachine.java:takeSnapshot(293)) - group-8C93C2BB1447: Taking a snapshot at:(t:1, i:0) file /github/workspace/mnt/ozone/hadoop-ozone/integration-test/target/test-dir/MiniOzoneClusterImpl-adff4ecb-6e1a-4bbe-b65d-469fb2d670c7/datanode-0/data/ratis/e9f58ef3-9c04-44b6-b763-8c93c2bb1447/sm/snapshot.1_0
2020-07-16 01:27:08,155 [3a8955bd-c76c-48e8-b23e-7dc5c0b97792@group-88CCA2BB500C-StateMachineUpdater] INFO  ratis.ContainerStateMachine (ContainerStateMachine.java:takeSnapshot(304)) - group-88CCA2BB500C: Finished taking a snapshot at:(t:1, i:0) file:/github/workspace/mnt/ozone/hadoop-ozone/integration-test/target/test-dir/MiniOzoneClusterImpl-adff4ecb-6e1a-4bbe-b65d-469fb2d670c7/datanode-7/data/ratis/4b63a550-f1ba-48dc-9022-88cca2bb500c/sm/snapshot.1_0 time:1
2020-07-16 01:27:08,155 [3a8955bd-c76c-48e8-b23e-7dc5c0b97792@group-88CCA2BB500C-StateMachineUpdater] INFO  impl.StateMachineUpdater (StateMachineUpdater.java:takeSnapshot(277)) - 3a8955bd-c76c-48e8-b23e-7dc5c0b97792@group-88CCA2BB500C-StateMachineUpdater: Took a snapshot at index 0
2020-07-16 01:27:08,156 [3a8955bd-c76c-48e8-b23e-7dc5c0b97792@group-88CCA2BB500C-StateMachineUpdater] INFO  impl.StateMachineUpdater (StateMachineUpdater.java:lambda$new$0(87)) - 3a8955bd-c76c-48e8-b23e-7dc5c0b97792@group-88CCA2BB500C-StateMachineUpdater: snapshotIndex: updateIncreasingly -1 -> 0
2020-07-16 01:27:08,156 [3a8955bd-c76c-48e8-b23e-7dc5c0b97792@group-88CCA2BB500C-StateMachineUpdater] INFO  metrics.RatisMetrics (RatisMetrics.java:unregister(43)) - Unregistering Metrics Registry : ratis.state_machine.3a8955bd-c76c-48e8-b23e-7dc5c0b97792@group-88CCA2BB500C
2020-07-16 01:27:08,156 [70adf62e-3478-4f38-8b67-f629eec991ca@group-8C93C2BB1447-StateMachineUpdater] INFO  ratis.ContainerStateMachine (ContainerStateMachine.java:takeSnapshot(304)) - group-8C93C2BB1447: Finished taking a snapshot at:(t:1, i:0) file:/github/workspace/mnt/ozone/hadoop-ozone/integration-test/target/test-dir/MiniOzoneClusterImpl-adff4ecb-6e1a-4bbe-b65d-469fb2d670c7/datanode-0/data/ratis/e9f58ef3-9c04-44b6-b763-8c93c2bb1447/sm/snapshot.1_0 time:1
2020-07-16 01:27:08,156 [70adf62e-3478-4f38-8b67-f629eec991ca@group-8C93C2BB1447-StateMachineUpdater] INFO  impl.StateMachineUpdater (StateMachineUpdater.java:takeSnapshot(277)) - 70adf62e-3478-4f38-8b67-f629eec991ca@group-8C93C2BB1447-StateMachineUpdater: Took a snapshot at index 0
2020-07-16 01:27:08,156 [70adf62e-3478-4f38-8b67-f629eec991ca@group-8C93C2BB1447-StateMachineUpdater] INFO  impl.StateMachineUpdater (StateMachineUpdater.java:lambda$new$0(87)) - 70adf62e-3478-4f38-8b67-f629eec991ca@group-8C93C2BB1447-StateMachineUpdater: snapshotIndex: updateIncreasingly -1 -> 0
2020-07-16 01:27:08,156 [70adf62e-3478-4f38-8b67-f629eec991ca@group-8C93C2BB1447-StateMachineUpdater] INFO  metrics.RatisMetrics (RatisMetrics.java:unregister(43)) - Unregistering Metrics Registry : ratis.state_machine.70adf62e-3478-4f38-8b67-f629eec991ca@group-8C93C2BB1447
2020-07-16 01:27:08,157 [Listener at 127.0.0.1/35581] INFO  impl.RaftServerImpl (ServerState.java:close(387)) - 3a8955bd-c76c-48e8-b23e-7dc5c0b97792@group-88CCA2BB500C: closes. applyIndex: 0
2020-07-16 01:27:08,157 [3a8955bd-c76c-48e8-b23e-7dc5c0b97792@group-88CCA2BB500C-SegmentedRaftLogWorker] INFO  segmented.SegmentedRaftLogWorker (SegmentedRaftLogWorker.java:run(327)) - 3a8955bd-c76c-48e8-b23e-7dc5c0b97792@group-88CCA2BB500C-SegmentedRaftLogWorker was interrupted, exiting. There are 0 tasks remaining in the queue.
2020-07-16 01:27:08,157 [ForkJoinPool.commonPool-worker-0] INFO  impl.RaftServerImpl (ServerState.java:close(387)) - 70adf62e-3478-4f38-8b67-f629eec991ca@group-8C93C2BB1447: closes. applyIndex: 0
2020-07-16 01:27:08,158 [70adf62e-3478-4f38-8b67-f629eec991ca@group-8C93C2BB1447-SegmentedRaftLogWorker] INFO  segmented.SegmentedRaftLogWorker (SegmentedRaftLogWorker.java:run(327)) - 70adf62e-3478-4f38-8b67-f629eec991ca@group-8C93C2BB1447-SegmentedRaftLogWorker was interrupted, exiting. There are 0 tasks remaining in the queue.
2020-07-16 01:27:08,158 [Listener at 127.0.0.1/35581] INFO  segmented.SegmentedRaftLogWorker (SegmentedRaftLogWorker.java:close(234)) - 3a8955bd-c76c-48e8-b23e-7dc5c0b97792@group-88CCA2BB500C-SegmentedRaftLogWorker close()
2020-07-16 01:27:08,159 [ForkJoinPool.commonPool-worker-0] INFO  segmented.SegmentedRaftLogWorker (SegmentedRaftLogWorker.java:close(234)) - 70adf62e-3478-4f38-8b67-f629eec991ca@group-8C93C2BB1447-SegmentedRaftLogWorker close()
2020-07-16 01:27:08,161 [Listener at 127.0.0.1/35581] INFO  metrics.RatisMetrics (RatisMetrics.java:unregister(43)) - Unregistering Metrics Registry : ratis.log_worker.3a8955bd-c76c-48e8-b23e-7dc5c0b97792@group-88CCA2BB500C
2020-07-16 01:27:08,161 [ForkJoinPool.commonPool-worker-0] INFO  metrics.RatisMetrics (RatisMetrics.java:unregister(43)) - Unregistering Metrics Registry : ratis.log_worker.70adf62e-3478-4f38-8b67-f629eec991ca@group-8C93C2BB1447
2020-07-16 01:27:08,161 [ForkJoinPool.commonPool-worker-0] INFO  metrics.RatisMetrics (RatisMetrics.java:unregister(43)) - Unregistering Metrics Registry : ratis.leader_election.70adf62e-3478-4f38-8b67-f629eec991ca@group-8C93C2BB1447
2020-07-16 01:27:08,162 [ForkJoinPool.commonPool-worker-0] INFO  metrics.RatisMetrics (RatisMetrics.java:unregister(43)) - Unregistering Metrics Registry : ratis.server.70adf62e-3478-4f38-8b67-f629eec991ca@group-8C93C2BB1447
2020-07-16 01:27:08,162 [ForkJoinPool.commonPool-worker-0] INFO  impl.RaftServerImpl (RaftServerImpl.java:lambda$shutdown$3(252)) - 70adf62e-3478-4f38-8b67-f629eec991ca@group-5D5E8C8D66CB: shutdown
2020-07-16 01:27:08,162 [ForkJoinPool.commonPool-worker-0] INFO  util.JmxRegister (JmxRegister.java:unregister(73)) - Successfully un-registered JMX Bean with object name Ratis:service=RaftServer,group=group-5D5E8C8D66CB,id=70adf62e-3478-4f38-8b67-f629eec991ca
2020-07-16 01:27:08,162 [ForkJoinPool.commonPool-worker-0] INFO  impl.RoleInfo (RoleInfo.java:shutdownFollowerState(121)) - 70adf62e-3478-4f38-8b67-f629eec991ca: shutdown FollowerState
2020-07-16 01:27:08,162 [ForkJoinPool.commonPool-worker-0] INFO  impl.StateMachineUpdater (StateMachineUpdater.java:stopAndJoin(142)) - 70adf62e-3478-4f38-8b67-f629eec991ca@group-5D5E8C8D66CB-StateMachineUpdater: set stopIndex = 0
2020-07-16 01:27:08,162 [Listener at 127.0.0.1/35581] INFO  metrics.RatisMetrics (RatisMetrics.java:unregister(43)) - Unregistering Metrics Registry : ratis.leader_election.3a8955bd-c76c-48e8-b23e-7dc5c0b97792@group-88CCA2BB500C
2020-07-16 01:27:08,162 [Listener at 127.0.0.1/35581] INFO  metrics.RatisMetrics (RatisMetrics.java:unregister(43)) - Unregistering Metrics Registry : ratis.server.3a8955bd-c76c-48e8-b23e-7dc5c0b97792@group-88CCA2BB500C
2020-07-16 01:27:08,162 [Listener at 127.0.0.1/35581] INFO  impl.RaftServerImpl (RaftServerImpl.java:lambda$shutdown$3(252)) - 3a8955bd-c76c-48e8-b23e-7dc5c0b97792@group-75FC801D37A3: shutdown
2020-07-16 01:27:08,162 [Thread-1864] INFO  impl.FollowerState (FollowerState.java:run(117)) - 70adf62e-3478-4f38-8b67-f629eec991ca@group-5D5E8C8D66CB-FollowerState was interrupted: java.lang.InterruptedException: sleep interrupted
2020-07-16 01:27:08,162 [Listener at 127.0.0.1/35581] INFO  util.JmxRegister (JmxRegister.java:unregister(73)) - Successfully un-registered JMX Bean with object name Ratis:service=RaftServer,group=group-75FC801D37A3,id=3a8955bd-c76c-48e8-b23e-7dc5c0b97792
2020-07-16 01:27:08,162 [70adf62e-3478-4f38-8b67-f629eec991ca@group-5D5E8C8D66CB-StateMachineUpdater] INFO  ratis.ContainerStateMachine (ContainerStateMachine.java:takeSnapshot(293)) - group-5D5E8C8D66CB: Taking a snapshot at:(t:2, i:0) file /github/workspace/mnt/ozone/hadoop-ozone/integration-test/target/test-dir/MiniOzoneClusterImpl-adff4ecb-6e1a-4bbe-b65d-469fb2d670c7/datanode-0/data/ratis/d4845598-a00b-4e89-ab8f-5d5e8c8d66cb/sm/snapshot.2_0
2020-07-16 01:27:08,163 [Listener at 127.0.0.1/35581] INFO  impl.RoleInfo (RoleInfo.java:shutdownFollowerState(121)) - 3a8955bd-c76c-48e8-b23e-7dc5c0b97792: shutdown FollowerState
2020-07-16 01:27:08,163 [Listener at 127.0.0.1/35581] INFO  impl.StateMachineUpdater (StateMachineUpdater.java:stopAndJoin(142)) - 3a8955bd-c76c-48e8-b23e-7dc5c0b97792@group-75FC801D37A3-StateMachineUpdater: set stopIndex = 0
2020-07-16 01:27:08,163 [3a8955bd-c76c-48e8-b23e-7dc5c0b97792@group-75FC801D37A3-StateMachineUpdater] INFO  ratis.ContainerStateMachine (ContainerStateMachine.java:takeSnapshot(293)) - group-75FC801D37A3: Taking a snapshot at:(t:1, i:0) file /github/workspace/mnt/ozone/hadoop-ozone/integration-test/target/test-dir/MiniOzoneClusterImpl-adff4ecb-6e1a-4bbe-b65d-469fb2d670c7/datanode-7/data/ratis/de9b0c97-aacb-459d-bb46-75fc801d37a3/sm/snapshot.1_0
2020-07-16 01:27:08,163 [Thread-1829] INFO  impl.FollowerState (FollowerState.java:run(117)) - 3a8955bd-c76c-48e8-b23e-7dc5c0b97792@group-75FC801D37A3-FollowerState was interrupted: java.lang.InterruptedException: sleep interrupted
2020-07-16 01:27:08,164 [70adf62e-3478-4f38-8b67-f629eec991ca@group-5D5E8C8D66CB-StateMachineUpdater] INFO  ratis.ContainerStateMachine (ContainerStateMachine.java:takeSnapshot(304)) - group-5D5E8C8D66CB: Finished taking a snapshot at:(t:2, i:0) file:/github/workspace/mnt/ozone/hadoop-ozone/integration-test/target/test-dir/MiniOzoneClusterImpl-adff4ecb-6e1a-4bbe-b65d-469fb2d670c7/datanode-0/data/ratis/d4845598-a00b-4e89-ab8f-5d5e8c8d66cb/sm/snapshot.2_0 time:1
2020-07-16 01:27:08,164 [70adf62e-3478-4f38-8b67-f629eec991ca@group-5D5E8C8D66CB-StateMachineUpdater] INFO  impl.StateMachineUpdater (StateMachineUpdater.java:takeSnapshot(277)) - 70adf62e-3478-4f38-8b67-f629eec991ca@group-5D5E8C8D66CB-StateMachineUpdater: Took a snapshot at index 0
2020-07-16 01:27:08,164 [70adf62e-3478-4f38-8b67-f629eec991ca@group-5D5E8C8D66CB-StateMachineUpdater] INFO  impl.StateMachineUpdater (StateMachineUpdater.java:lambda$new$0(87)) - 70adf62e-3478-4f38-8b67-f629eec991ca@group-5D5E8C8D66CB-StateMachineUpdater: snapshotIndex: updateIncreasingly -1 -> 0
2020-07-16 01:27:08,164 [3a8955bd-c76c-48e8-b23e-7dc5c0b97792@group-75FC801D37A3-StateMachineUpdater] INFO  ratis.ContainerStateMachine (ContainerStateMachine.java:takeSnapshot(304)) - group-75FC801D37A3: Finished taking a snapshot at:(t:1, i:0) file:/github/workspace/mnt/ozone/hadoop-ozone/integration-test/target/test-dir/MiniOzoneClusterImpl-adff4ecb-6e1a-4bbe-b65d-469fb2d670c7/datanode-7/data/ratis/de9b0c97-aacb-459d-bb46-75fc801d37a3/sm/snapshot.1_0 time:1
2020-07-16 01:27:08,164 [70adf62e-3478-4f38-8b67-f629eec991ca@group-5D5E8C8D66CB-StateMachineUpdater] INFO  metrics.RatisMetrics (RatisMetrics.java:unregister(43)) - Unregistering Metrics Registry : ratis.state_machine.70adf62e-3478-4f38-8b67-f629eec991ca@group-5D5E8C8D66CB
2020-07-16 01:27:08,164 [3a8955bd-c76c-48e8-b23e-7dc5c0b97792@group-75FC801D37A3-StateMachineUpdater] INFO  impl.StateMachineUpdater (StateMachineUpdater.java:takeSnapshot(277)) - 3a8955bd-c76c-48e8-b23e-7dc5c0b97792@group-75FC801D37A3-StateMachineUpdater: Took a snapshot at index 0
2020-07-16 01:27:08,164 [3a8955bd-c76c-48e8-b23e-7dc5c0b97792@group-75FC801D37A3-StateMachineUpdater] INFO  impl.StateMachineUpdater (StateMachineUpdater.java:lambda$new$0(87)) - 3a8955bd-c76c-48e8-b23e-7dc5c0b97792@group-75FC801D37A3-StateMachineUpdater: snapshotIndex: updateIncreasingly -1 -> 0
2020-07-16 01:27:08,164 [3a8955bd-c76c-48e8-b23e-7dc5c0b97792@group-75FC801D37A3-StateMachineUpdater] INFO  metrics.RatisMetrics (RatisMetrics.java:unregister(43)) - Unregistering Metrics Registry : ratis.state_machine.3a8955bd-c76c-48e8-b23e-7dc5c0b97792@group-75FC801D37A3
2020-07-16 01:27:08,164 [ForkJoinPool.commonPool-worker-0] INFO  impl.RaftServerImpl (ServerState.java:close(387)) - 70adf62e-3478-4f38-8b67-f629eec991ca@group-5D5E8C8D66CB: closes. applyIndex: 0
2020-07-16 01:27:08,165 [Listener at 127.0.0.1/35581] INFO  impl.RaftServerImpl (ServerState.java:close(387)) - 3a8955bd-c76c-48e8-b23e-7dc5c0b97792@group-75FC801D37A3: closes. applyIndex: 0
2020-07-16 01:27:08,165 [70adf62e-3478-4f38-8b67-f629eec991ca@group-5D5E8C8D66CB-SegmentedRaftLogWorker] INFO  segmented.SegmentedRaftLogWorker (SegmentedRaftLogWorker.java:run(327)) - 70adf62e-3478-4f38-8b67-f629eec991ca@group-5D5E8C8D66CB-SegmentedRaftLogWorker was interrupted, exiting. There are 0 tasks remaining in the queue.
2020-07-16 01:27:08,165 [ForkJoinPool.commonPool-worker-0] INFO  segmented.SegmentedRaftLogWorker (SegmentedRaftLogWorker.java:close(234)) - 70adf62e-3478-4f38-8b67-f629eec991ca@group-5D5E8C8D66CB-SegmentedRaftLogWorker close()
2020-07-16 01:27:08,165 [3a8955bd-c76c-48e8-b23e-7dc5c0b97792@group-75FC801D37A3-SegmentedRaftLogWorker] INFO  segmented.SegmentedRaftLogWorker (SegmentedRaftLogWorker.java:run(327)) - 3a8955bd-c76c-48e8-b23e-7dc5c0b97792@group-75FC801D37A3-SegmentedRaftLogWorker was interrupted, exiting. There are 0 tasks remaining in the queue.
2020-07-16 01:27:08,165 [Listener at 127.0.0.1/35581] INFO  segmented.SegmentedRaftLogWorker (SegmentedRaftLogWorker.java:close(234)) - 3a8955bd-c76c-48e8-b23e-7dc5c0b97792@group-75FC801D37A3-SegmentedRaftLogWorker close()
2020-07-16 01:27:08,166 [ForkJoinPool.commonPool-worker-0] INFO  metrics.RatisMetrics (RatisMetrics.java:unregister(43)) - Unregistering Metrics Registry : ratis.log_worker.70adf62e-3478-4f38-8b67-f629eec991ca@group-5D5E8C8D66CB
2020-07-16 01:27:08,166 [ForkJoinPool.commonPool-worker-0] INFO  metrics.RatisMetrics (RatisMetrics.java:unregister(43)) - Unregistering Metrics Registry : ratis.leader_election.70adf62e-3478-4f38-8b67-f629eec991ca@group-5D5E8C8D66CB
2020-07-16 01:27:08,166 [ForkJoinPool.commonPool-worker-0] INFO  metrics.RatisMetrics (RatisMetrics.java:unregister(43)) - Unregistering Metrics Registry : ratis.server.70adf62e-3478-4f38-8b67-f629eec991ca@group-5D5E8C8D66CB
2020-07-16 01:27:08,166 [ForkJoinPool.commonPool-worker-0] INFO  server.GrpcService (GrpcService.java:closeImpl(166)) - 70adf62e-3478-4f38-8b67-f629eec991ca: shutdown server with port 41331 now
2020-07-16 01:27:08,172 [grpc-default-executor-2] WARN  server.GrpcServerProtocolService (LogUtils.java:warn(122)) - 70adf62e-3478-4f38-8b67-f629eec991ca: installSnapshot onError, lastRequest: f74d67dd-9c6e-44ac-afd1-21949323d30e->70adf62e-3478-4f38-8b67-f629eec991ca#1-t2, previous=(t:0, i:0), leaderCommit=0, initializing? false, entries: size=1, first=(t:2, i:0), CONFIGURATIONENTRY: org.apache.ratis.thirdparty.io.grpc.StatusRuntimeException: CANCELLED: cancelled before receiving half close
2020-07-16 01:27:08,172 [grpc-default-executor-3] WARN  server.GrpcLogAppender (LogUtils.java:warn(122)) - f74d67dd-9c6e-44ac-afd1-21949323d30e@group-5D5E8C8D66CB->70adf62e-3478-4f38-8b67-f629eec991ca-AppendLogResponseHandler: Failed appendEntries: org.apache.ratis.thirdparty.io.grpc.StatusRuntimeException: CANCELLED: HTTP/2 error code: CANCEL
Received Rst Stream
2020-07-16 01:27:08,174 [grpc-default-executor-3] INFO  impl.FollowerInfo (FollowerInfo.java:lambda$new$0(51)) - f74d67dd-9c6e-44ac-afd1-21949323d30e@group-5D5E8C8D66CB->70adf62e-3478-4f38-8b67-f629eec991ca: nextIndex: updateUnconditionally 1 -> 0
2020-07-16 01:27:08,176 [Listener at 127.0.0.1/35581] INFO  metrics.RatisMetrics (RatisMetrics.java:unregister(43)) - Unregistering Metrics Registry : ratis.log_worker.3a8955bd-c76c-48e8-b23e-7dc5c0b97792@group-75FC801D37A3
2020-07-16 01:27:08,176 [Listener at 127.0.0.1/35581] INFO  metrics.RatisMetrics (RatisMetrics.java:unregister(43)) - Unregistering Metrics Registry : ratis.leader_election.3a8955bd-c76c-48e8-b23e-7dc5c0b97792@group-75FC801D37A3
2020-07-16 01:27:08,176 [Listener at 127.0.0.1/35581] INFO  metrics.RatisMetrics (RatisMetrics.java:unregister(43)) - Unregistering Metrics Registry : ratis.server.3a8955bd-c76c-48e8-b23e-7dc5c0b97792@group-75FC801D37A3
2020-07-16 01:27:08,176 [ForkJoinPool.commonPool-worker-0] INFO  server.GrpcService (GrpcService.java:closeImpl(174)) - 70adf62e-3478-4f38-8b67-f629eec991ca: shutdown server with port 41331 successfully
2020-07-16 01:27:08,176 [Listener at 127.0.0.1/35581] INFO  server.GrpcService (GrpcService.java:closeImpl(166)) - 3a8955bd-c76c-48e8-b23e-7dc5c0b97792: shutdown server with port 37477 now
2020-07-16 01:27:08,177 [ForkJoinPool.commonPool-worker-0] INFO  utils.BackgroundService (BackgroundService.java:shutdown(157)) - Shutting down service BlockDeletingService
2020-07-16 01:27:08,187 [Listener at 127.0.0.1/35581] INFO  server.GrpcService (GrpcService.java:closeImpl(174)) - 3a8955bd-c76c-48e8-b23e-7dc5c0b97792: shutdown server with port 37477 successfully
2020-07-16 01:27:08,188 [grpc-default-executor-2] WARN  server.GrpcServerProtocolService (LogUtils.java:warn(122)) - 3a8955bd-c76c-48e8-b23e-7dc5c0b97792: installSnapshot onError, lastRequest: cde49d58-fad6-4a1c-b9d6-c55ba7272aa2->3a8955bd-c76c-48e8-b23e-7dc5c0b97792#1-t1, previous=(t:0, i:0), leaderCommit=-1, initializing? false, entries: size=1, first=(t:1, i:0), CONFIGURATIONENTRY: org.apache.ratis.thirdparty.io.grpc.StatusRuntimeException: CANCELLED: cancelled before receiving half close
2020-07-16 01:27:08,188 [Listener at 127.0.0.1/35581] INFO  utils.BackgroundService (BackgroundService.java:shutdown(157)) - Shutting down service BlockDeletingService
2020-07-16 01:27:08,189 [grpc-default-executor-3] WARN  server.GrpcLogAppender (LogUtils.java:warn(122)) - cde49d58-fad6-4a1c-b9d6-c55ba7272aa2@group-75FC801D37A3->3a8955bd-c76c-48e8-b23e-7dc5c0b97792-AppendLogResponseHandler: Failed appendEntries: org.apache.ratis.thirdparty.io.grpc.StatusRuntimeException: CANCELLED: HTTP/2 error code: CANCEL
Received Rst Stream
2020-07-16 01:27:08,190 [ForkJoinPool.commonPool-worker-0] INFO  statemachine.DatanodeStateMachine (DatanodeStateMachine.java:stopDaemon(428)) - Ozone container server stopped.
2020-07-16 01:27:08,191 [grpc-default-executor-3] INFO  impl.FollowerInfo (FollowerInfo.java:lambda$new$0(51)) - cde49d58-fad6-4a1c-b9d6-c55ba7272aa2@group-75FC801D37A3->3a8955bd-c76c-48e8-b23e-7dc5c0b97792: nextIndex: updateUnconditionally 1 -> 0
2020-07-16 01:27:08,203 [Listener at 127.0.0.1/35581] INFO  statemachine.DatanodeStateMachine (DatanodeStateMachine.java:stopDaemon(428)) - Ozone container server stopped.
2020-07-16 01:27:08,209 [Listener at 127.0.0.1/35581] INFO  handler.ContextHandler (ContextHandler.java:doStop(1016)) - Stopped o.e.j.w.WebAppContext@37d05d32{hddsDatanode,/,null,UNAVAILABLE}{jar:file:/home/user/.m2/repository/org/apache/hadoop/hadoop-hdds-container-service/0.6.0-SNAPSHOT/hadoop-hdds-container-service-0.6.0-SNAPSHOT.jar!/webapps/hddsDatanode}
2020-07-16 01:27:08,203 [ForkJoinPool.commonPool-worker-0] INFO  handler.ContextHandler (ContextHandler.java:doStop(1016)) - Stopped o.e.j.w.WebAppContext@316a03cf{hddsDatanode,/,null,UNAVAILABLE}{jar:file:/home/user/.m2/repository/org/apache/hadoop/hadoop-hdds-container-service/0.6.0-SNAPSHOT/hadoop-hdds-container-service-0.6.0-SNAPSHOT.jar!/webapps/hddsDatanode}
2020-07-16 01:27:08,210 [ForkJoinPool.commonPool-worker-0] INFO  server.AbstractConnector (AbstractConnector.java:doStop(380)) - Stopped ServerConnector@7a82be85{HTTP/1.1,[http/1.1]}{0.0.0.0:0}
2020-07-16 01:27:08,211 [ForkJoinPool.commonPool-worker-0] INFO  server.session (HouseKeeper.java:stopScavenging(158)) - node0 Stopped scavenging
2020-07-16 01:27:08,211 [Listener at 127.0.0.1/35581] INFO  server.AbstractConnector (AbstractConnector.java:doStop(380)) - Stopped ServerConnector@71ca6a60{HTTP/1.1,[http/1.1]}{0.0.0.0:0}
2020-07-16 01:27:08,212 [Listener at 127.0.0.1/35581] INFO  server.session (HouseKeeper.java:stopScavenging(158)) - node0 Stopped scavenging
2020-07-16 01:27:08,212 [Listener at 127.0.0.1/35581] INFO  handler.ContextHandler (ContextHandler.java:doStop(1016)) - Stopped o.e.j.s.ServletContextHandler@5d7b3a93{static,/static,jar:file:/home/user/.m2/repository/org/apache/hadoop/hadoop-hdds-container-service/0.6.0-SNAPSHOT/hadoop-hdds-container-service-0.6.0-SNAPSHOT.jar!/webapps/static,UNAVAILABLE}
2020-07-16 01:27:08,212 [Listener at 127.0.0.1/35581] INFO  handler.ContextHandler (ContextHandler.java:doStop(1016)) - Stopped o.e.j.s.ServletContextHandler@7b1a32e{logs,/logs,file:///github/workspace/mnt/ozone/hadoop-ozone/integration-test/target/log,UNAVAILABLE}
2020-07-16 01:27:08,214 [ForkJoinPool.commonPool-worker-0] INFO  handler.ContextHandler (ContextHandler.java:doStop(1016)) - Stopped o.e.j.s.ServletContextHandler@24e2d0d1{static,/static,jar:file:/home/user/.m2/repository/org/apache/hadoop/hadoop-hdds-container-service/0.6.0-SNAPSHOT/hadoop-hdds-container-service-0.6.0-SNAPSHOT.jar!/webapps/static,UNAVAILABLE}
2020-07-16 01:27:08,217 [ForkJoinPool.commonPool-worker-0] INFO  handler.ContextHandler (ContextHandler.java:doStop(1016)) - Stopped o.e.j.s.ServletContextHandler@87852fb{logs,/logs,file:///github/workspace/mnt/ozone/hadoop-ozone/integration-test/target/log,UNAVAILABLE}
2020-07-16 01:27:09,009 [Datanode State Machine Thread - 0] INFO  statemachine.DatanodeStateMachine (DatanodeStateMachine.java:lambda$startDaemon$0(380)) - Ozone container server started.
2020-07-16 01:27:09,118 [Datanode State Machine Thread - 0] INFO  statemachine.DatanodeStateMachine (DatanodeStateMachine.java:lambda$startDaemon$0(380)) - Ozone container server started.
2020-07-16 01:27:09,666 [grpc-default-executor-3] WARN  server.GrpcLogAppender (LogUtils.java:warn(122)) - f74d67dd-9c6e-44ac-afd1-21949323d30e@group-5D5E8C8D66CB->6cf088d4-e8fe-406b-b923-9009336d08dc-AppendLogResponseHandler: Failed appendEntries: org.apache.ratis.thirdparty.io.grpc.StatusRuntimeException: UNAVAILABLE: io exception
2020-07-16 01:27:09,666 [grpc-default-executor-0] WARN  server.GrpcLogAppender (LogUtils.java:warn(122)) - f74d67dd-9c6e-44ac-afd1-21949323d30e@group-5D5E8C8D66CB->70adf62e-3478-4f38-8b67-f629eec991ca-AppendLogResponseHandler: Failed appendEntries: org.apache.ratis.thirdparty.io.grpc.StatusRuntimeException: UNAVAILABLE: io exception
2020-07-16 01:27:09,667 [grpc-default-executor-3] INFO  impl.FollowerInfo (FollowerInfo.java:lambda$new$0(51)) - f74d67dd-9c6e-44ac-afd1-21949323d30e@group-5D5E8C8D66CB->6cf088d4-e8fe-406b-b923-9009336d08dc: nextIndex: updateUnconditionally 1 -> 0
2020-07-16 01:27:09,668 [grpc-default-executor-0] INFO  impl.FollowerInfo (FollowerInfo.java:lambda$new$0(51)) - f74d67dd-9c6e-44ac-afd1-21949323d30e@group-5D5E8C8D66CB->70adf62e-3478-4f38-8b67-f629eec991ca: nextIndex: updateUnconditionally 1 -> 0
2020-07-16 01:27:10,295 [grpc-default-executor-3] WARN  server.GrpcLogAppender (LogUtils.java:warn(122)) - cde49d58-fad6-4a1c-b9d6-c55ba7272aa2@group-75FC801D37A3->3a8955bd-c76c-48e8-b23e-7dc5c0b97792-AppendLogResponseHandler: Failed appendEntries: org.apache.ratis.thirdparty.io.grpc.StatusRuntimeException: UNAVAILABLE: io exception
2020-07-16 01:27:10,304 [grpc-default-executor-3] INFO  impl.FollowerInfo (FollowerInfo.java:lambda$new$0(51)) - cde49d58-fad6-4a1c-b9d6-c55ba7272aa2@group-75FC801D37A3->3a8955bd-c76c-48e8-b23e-7dc5c0b97792: nextIndex: updateUnconditionally 1 -> 0
2020-07-16 01:27:12,170 [grpc-default-executor-0] WARN  server.GrpcLogAppender (LogUtils.java:warn(122)) - f74d67dd-9c6e-44ac-afd1-21949323d30e@group-5D5E8C8D66CB->70adf62e-3478-4f38-8b67-f629eec991ca-AppendLogResponseHandler: Failed appendEntries: org.apache.ratis.thirdparty.io.grpc.StatusRuntimeException: UNAVAILABLE: io exception
2020-07-16 01:27:12,173 [grpc-default-executor-2] WARN  server.GrpcLogAppender (LogUtils.java:warn(122)) - f74d67dd-9c6e-44ac-afd1-21949323d30e@group-5D5E8C8D66CB->6cf088d4-e8fe-406b-b923-9009336d08dc-AppendLogResponseHandler: Failed appendEntries: org.apache.ratis.thirdparty.io.grpc.StatusRuntimeException: UNAVAILABLE: io exception
2020-07-16 01:27:12,173 [grpc-default-executor-0] INFO  impl.FollowerInfo (FollowerInfo.java:lambda$new$0(51)) - f74d67dd-9c6e-44ac-afd1-21949323d30e@group-5D5E8C8D66CB->70adf62e-3478-4f38-8b67-f629eec991ca: nextIndex: updateUnconditionally 1 -> 0
2020-07-16 01:27:12,175 [grpc-default-executor-2] INFO  impl.FollowerInfo (FollowerInfo.java:lambda$new$0(51)) - f74d67dd-9c6e-44ac-afd1-21949323d30e@group-5D5E8C8D66CB->6cf088d4-e8fe-406b-b923-9009336d08dc: nextIndex: updateUnconditionally 1 -> 0
2020-07-16 01:27:12,798 [grpc-default-executor-0] WARN  server.GrpcLogAppender (LogUtils.java:warn(122)) - cde49d58-fad6-4a1c-b9d6-c55ba7272aa2@group-75FC801D37A3->3a8955bd-c76c-48e8-b23e-7dc5c0b97792-AppendLogResponseHandler: Failed appendEntries: org.apache.ratis.thirdparty.io.grpc.StatusRuntimeException: UNAVAILABLE: io exception
2020-07-16 01:27:12,800 [grpc-default-executor-0] INFO  impl.FollowerInfo (FollowerInfo.java:lambda$new$0(51)) - cde49d58-fad6-4a1c-b9d6-c55ba7272aa2@group-75FC801D37A3->3a8955bd-c76c-48e8-b23e-7dc5c0b97792: nextIndex: updateUnconditionally 1 -> 0
2020-07-16 01:27:13,216 [Listener at 127.0.0.1/35581] INFO  ozoneimpl.OzoneContainer (OzoneContainer.java:stop(246)) - Attempting to stop container services.
2020-07-16 01:27:13,217 [Listener at 127.0.0.1/35581] INFO  impl.RaftServerProxy (RaftServerProxy.java:lambda$close$4(319)) - 0d7ca1fc-c748-4a3b-b490-134ac7c4e42e: close
2020-07-16 01:27:13,217 [Listener at 127.0.0.1/35581] INFO  impl.RaftServerImpl (RaftServerImpl.java:lambda$shutdown$3(252)) - 0d7ca1fc-c748-4a3b-b490-134ac7c4e42e@group-6E7C7950E886: shutdown
2020-07-16 01:27:13,217 [Listener at 127.0.0.1/35581] INFO  util.JmxRegister (JmxRegister.java:unregister(73)) - Successfully un-registered JMX Bean with object name Ratis:service=RaftServer,group=group-6E7C7950E886,id=0d7ca1fc-c748-4a3b-b490-134ac7c4e42e
2020-07-16 01:27:13,218 [Listener at 127.0.0.1/35581] INFO  impl.RoleInfo (RoleInfo.java:shutdownLeaderState(104)) - 0d7ca1fc-c748-4a3b-b490-134ac7c4e42e: shutdown LeaderState
2020-07-16 01:27:13,218 [Listener at 127.0.0.1/35581] INFO  impl.PendingRequests (PendingRequests.java:sendNotLeaderResponses(249)) - 0d7ca1fc-c748-4a3b-b490-134ac7c4e42e@group-6E7C7950E886-PendingRequests: sendNotLeaderResponses
2020-07-16 01:27:13,218 [Listener at 127.0.0.1/35581] INFO  metrics.RatisMetrics (RatisMetrics.java:unregister(43)) - Unregistering Metrics Registry : ratis.log_appender.0d7ca1fc-c748-4a3b-b490-134ac7c4e42e@group-6E7C7950E886
2020-07-16 01:27:13,218 [Listener at 127.0.0.1/35581] INFO  metrics.RatisMetrics (RatisMetrics.java:unregister(43)) - Unregistering Metrics Registry : ratis.server.0d7ca1fc-c748-4a3b-b490-134ac7c4e42e@group-6E7C7950E886
2020-07-16 01:27:13,220 [ForkJoinPool.commonPool-worker-0] INFO  ozoneimpl.OzoneContainer (OzoneContainer.java:stop(246)) - Attempting to stop container services.
2020-07-16 01:27:13,220 [ForkJoinPool.commonPool-worker-0] INFO  impl.RaftServerProxy (RaftServerProxy.java:lambda$close$4(319)) - f74d67dd-9c6e-44ac-afd1-21949323d30e: close
2020-07-16 01:27:13,220 [ForkJoinPool.commonPool-worker-0] INFO  impl.RaftServerImpl (RaftServerImpl.java:lambda$shutdown$3(252)) - f74d67dd-9c6e-44ac-afd1-21949323d30e@group-5D5E8C8D66CB: shutdown
2020-07-16 01:27:13,221 [ForkJoinPool.commonPool-worker-0] INFO  util.JmxRegister (JmxRegister.java:unregister(73)) - Successfully un-registered JMX Bean with object name Ratis:service=RaftServer,group=group-5D5E8C8D66CB,id=f74d67dd-9c6e-44ac-afd1-21949323d30e
2020-07-16 01:27:13,221 [Listener at 127.0.0.1/35581] INFO  impl.StateMachineUpdater (StateMachineUpdater.java:stopAndJoin(142)) - 0d7ca1fc-c748-4a3b-b490-134ac7c4e42e@group-6E7C7950E886-StateMachineUpdater: set stopIndex = 0
2020-07-16 01:27:13,221 [0d7ca1fc-c748-4a3b-b490-134ac7c4e42e@group-6E7C7950E886-StateMachineUpdater] INFO  ratis.ContainerStateMachine (ContainerStateMachine.java:takeSnapshot(293)) - group-6E7C7950E886: Taking a snapshot at:(t:1, i:0) file /github/workspace/mnt/ozone/hadoop-ozone/integration-test/target/test-dir/MiniOzoneClusterImpl-adff4ecb-6e1a-4bbe-b65d-469fb2d670c7/datanode-8/data/ratis/030f80a5-b15c-4b2d-9868-6e7c7950e886/sm/snapshot.1_0
2020-07-16 01:27:13,221 [ForkJoinPool.commonPool-worker-0] INFO  impl.RoleInfo (RoleInfo.java:shutdownLeaderState(104)) - f74d67dd-9c6e-44ac-afd1-21949323d30e: shutdown LeaderState
2020-07-16 01:27:13,222 [ForkJoinPool.commonPool-worker-0] INFO  metrics.RatisMetrics (RatisMetrics.java:unregister(43)) - Unregistering Metrics Registry : ratis_grpc.log_appender.f74d67dd-9c6e-44ac-afd1-21949323d30e@group-5D5E8C8D66CB
2020-07-16 01:27:13,223 [0d7ca1fc-c748-4a3b-b490-134ac7c4e42e@group-6E7C7950E886-StateMachineUpdater] INFO  ratis.ContainerStateMachine (ContainerStateMachine.java:takeSnapshot(304)) - group-6E7C7950E886: Finished taking a snapshot at:(t:1, i:0) file:/github/workspace/mnt/ozone/hadoop-ozone/integration-test/target/test-dir/MiniOzoneClusterImpl-adff4ecb-6e1a-4bbe-b65d-469fb2d670c7/datanode-8/data/ratis/030f80a5-b15c-4b2d-9868-6e7c7950e886/sm/snapshot.1_0 time:2
2020-07-16 01:27:13,223 [0d7ca1fc-c748-4a3b-b490-134ac7c4e42e@group-6E7C7950E886-StateMachineUpdater] INFO  impl.StateMachineUpdater (StateMachineUpdater.java:takeSnapshot(277)) - 0d7ca1fc-c748-4a3b-b490-134ac7c4e42e@group-6E7C7950E886-StateMachineUpdater: Took a snapshot at index 0
2020-07-16 01:27:13,223 [0d7ca1fc-c748-4a3b-b490-134ac7c4e42e@group-6E7C7950E886-StateMachineUpdater] INFO  impl.StateMachineUpdater (StateMachineUpdater.java:lambda$new$0(87)) - 0d7ca1fc-c748-4a3b-b490-134ac7c4e42e@group-6E7C7950E886-StateMachineUpdater: snapshotIndex: updateIncreasingly -1 -> 0
2020-07-16 01:27:13,223 [0d7ca1fc-c748-4a3b-b490-134ac7c4e42e@group-6E7C7950E886-StateMachineUpdater] INFO  metrics.RatisMetrics (RatisMetrics.java:unregister(43)) - Unregistering Metrics Registry : ratis.state_machine.0d7ca1fc-c748-4a3b-b490-134ac7c4e42e@group-6E7C7950E886
2020-07-16 01:27:13,224 [Listener at 127.0.0.1/35581] INFO  impl.RaftServerImpl (ServerState.java:close(387)) - 0d7ca1fc-c748-4a3b-b490-134ac7c4e42e@group-6E7C7950E886: closes. applyIndex: 0
2020-07-16 01:27:13,224 [org.apache.ratis.server.impl.LogAppender$AppenderDaemon$$Lambda$420/1716773735@363c3f5f] WARN  server.GrpcLogAppender (GrpcLogAppender.java:mayWait(153)) - f74d67dd-9c6e-44ac-afd1-21949323d30e@group-5D5E8C8D66CB->6cf088d4-e8fe-406b-b923-9009336d08dc-GrpcLogAppender: Wait interrupted by java.lang.InterruptedException
2020-07-16 01:27:13,225 [0d7ca1fc-c748-4a3b-b490-134ac7c4e42e@group-6E7C7950E886-SegmentedRaftLogWorker] INFO  segmented.SegmentedRaftLogWorker (SegmentedRaftLogWorker.java:run(327)) - 0d7ca1fc-c748-4a3b-b490-134ac7c4e42e@group-6E7C7950E886-SegmentedRaftLogWorker was interrupted, exiting. There are 0 tasks remaining in the queue.
2020-07-16 01:27:13,225 [Listener at 127.0.0.1/35581] INFO  segmented.SegmentedRaftLogWorker (SegmentedRaftLogWorker.java:close(234)) - 0d7ca1fc-c748-4a3b-b490-134ac7c4e42e@group-6E7C7950E886-SegmentedRaftLogWorker close()
2020-07-16 01:27:13,224 [ForkJoinPool.commonPool-worker-0] INFO  metrics.RatisMetrics (RatisMetrics.java:unregister(43)) - Unregistering Metrics Registry : ratis_grpc.log_appender.f74d67dd-9c6e-44ac-afd1-21949323d30e@group-5D5E8C8D66CB
2020-07-16 01:27:13,226 [Listener at 127.0.0.1/35581] INFO  metrics.RatisMetrics (RatisMetrics.java:unregister(43)) - Unregistering Metrics Registry : ratis.log_worker.0d7ca1fc-c748-4a3b-b490-134ac7c4e42e@group-6E7C7950E886
2020-07-16 01:27:13,226 [Listener at 127.0.0.1/35581] INFO  metrics.RatisMetrics (RatisMetrics.java:unregister(43)) - Unregistering Metrics Registry : ratis.leader_election.0d7ca1fc-c748-4a3b-b490-134ac7c4e42e@group-6E7C7950E886
2020-07-16 01:27:13,226 [Listener at 127.0.0.1/35581] INFO  metrics.RatisMetrics (RatisMetrics.java:unregister(43)) - Unregistering Metrics Registry : ratis.server.0d7ca1fc-c748-4a3b-b490-134ac7c4e42e@group-6E7C7950E886
2020-07-16 01:27:13,226 [Listener at 127.0.0.1/35581] INFO  impl.RaftServerImpl (RaftServerImpl.java:lambda$shutdown$3(252)) - 0d7ca1fc-c748-4a3b-b490-134ac7c4e42e@group-75FC801D37A3: shutdown
2020-07-16 01:27:13,227 [Listener at 127.0.0.1/35581] INFO  util.JmxRegister (JmxRegister.java:unregister(73)) - Successfully un-registered JMX Bean with object name Ratis:service=RaftServer,group=group-75FC801D37A3,id=0d7ca1fc-c748-4a3b-b490-134ac7c4e42e
2020-07-16 01:27:13,227 [Listener at 127.0.0.1/35581] INFO  impl.RoleInfo (RoleInfo.java:shutdownFollowerState(121)) - 0d7ca1fc-c748-4a3b-b490-134ac7c4e42e: shutdown FollowerState
2020-07-16 01:27:13,227 [Listener at 127.0.0.1/35581] INFO  impl.StateMachineUpdater (StateMachineUpdater.java:stopAndJoin(142)) - 0d7ca1fc-c748-4a3b-b490-134ac7c4e42e@group-75FC801D37A3-StateMachineUpdater: set stopIndex = 0
2020-07-16 01:27:13,228 [0d7ca1fc-c748-4a3b-b490-134ac7c4e42e@group-75FC801D37A3-StateMachineUpdater] INFO  ratis.ContainerStateMachine (ContainerStateMachine.java:takeSnapshot(293)) - group-75FC801D37A3: Taking a snapshot at:(t:1, i:0) file /github/workspace/mnt/ozone/hadoop-ozone/integration-test/target/test-dir/MiniOzoneClusterImpl-adff4ecb-6e1a-4bbe-b65d-469fb2d670c7/datanode-8/data/ratis/de9b0c97-aacb-459d-bb46-75fc801d37a3/sm/snapshot.1_0
2020-07-16 01:27:13,228 [Thread-1830] INFO  impl.FollowerState (FollowerState.java:run(117)) - 0d7ca1fc-c748-4a3b-b490-134ac7c4e42e@group-75FC801D37A3-FollowerState was interrupted: java.lang.InterruptedException: sleep interrupted
2020-07-16 01:27:13,228 [ForkJoinPool.commonPool-worker-0] INFO  impl.PendingRequests (PendingRequests.java:sendNotLeaderResponses(249)) - f74d67dd-9c6e-44ac-afd1-21949323d30e@group-5D5E8C8D66CB-PendingRequests: sendNotLeaderResponses
2020-07-16 01:27:13,228 [org.apache.ratis.server.impl.LogAppender$AppenderDaemon$$Lambda$420/1716773735@3503f304] WARN  server.GrpcLogAppender (GrpcLogAppender.java:mayWait(153)) - f74d67dd-9c6e-44ac-afd1-21949323d30e@group-5D5E8C8D66CB->70adf62e-3478-4f38-8b67-f629eec991ca-GrpcLogAppender: Wait interrupted by java.lang.InterruptedException
2020-07-16 01:27:13,228 [0d7ca1fc-c748-4a3b-b490-134ac7c4e42e@group-75FC801D37A3-StateMachineUpdater] INFO  ratis.ContainerStateMachine (ContainerStateMachine.java:takeSnapshot(304)) - group-75FC801D37A3: Finished taking a snapshot at:(t:1, i:0) file:/github/workspace/mnt/ozone/hadoop-ozone/integration-test/target/test-dir/MiniOzoneClusterImpl-adff4ecb-6e1a-4bbe-b65d-469fb2d670c7/datanode-8/data/ratis/de9b0c97-aacb-459d-bb46-75fc801d37a3/sm/snapshot.1_0 time:1
2020-07-16 01:27:13,229 [0d7ca1fc-c748-4a3b-b490-134ac7c4e42e@group-75FC801D37A3-StateMachineUpdater] INFO  impl.StateMachineUpdater (StateMachineUpdater.java:takeSnapshot(277)) - 0d7ca1fc-c748-4a3b-b490-134ac7c4e42e@group-75FC801D37A3-StateMachineUpdater: Took a snapshot at index 0
2020-07-16 01:27:13,229 [0d7ca1fc-c748-4a3b-b490-134ac7c4e42e@group-75FC801D37A3-StateMachineUpdater] INFO  impl.StateMachineUpdater (StateMachineUpdater.java:lambda$new$0(87)) - 0d7ca1fc-c748-4a3b-b490-134ac7c4e42e@group-75FC801D37A3-StateMachineUpdater: snapshotIndex: updateIncreasingly -1 -> 0
2020-07-16 01:27:13,229 [0d7ca1fc-c748-4a3b-b490-134ac7c4e42e@group-75FC801D37A3-StateMachineUpdater] INFO  metrics.RatisMetrics (RatisMetrics.java:unregister(43)) - Unregistering Metrics Registry : ratis.state_machine.0d7ca1fc-c748-4a3b-b490-134ac7c4e42e@group-75FC801D37A3
2020-07-16 01:27:13,229 [Listener at 127.0.0.1/35581] INFO  impl.RaftServerImpl (ServerState.java:close(387)) - 0d7ca1fc-c748-4a3b-b490-134ac7c4e42e@group-75FC801D37A3: closes. applyIndex: 0
2020-07-16 01:27:13,228 [ForkJoinPool.commonPool-worker-0] INFO  metrics.RatisMetrics (RatisMetrics.java:unregister(43)) - Unregistering Metrics Registry : ratis.log_appender.f74d67dd-9c6e-44ac-afd1-21949323d30e@group-5D5E8C8D66CB
2020-07-16 01:27:13,229 [0d7ca1fc-c748-4a3b-b490-134ac7c4e42e@group-75FC801D37A3-SegmentedRaftLogWorker] INFO  segmented.SegmentedRaftLogWorker (SegmentedRaftLogWorker.java:run(327)) - 0d7ca1fc-c748-4a3b-b490-134ac7c4e42e@group-75FC801D37A3-SegmentedRaftLogWorker was interrupted, exiting. There are 0 tasks remaining in the queue.
2020-07-16 01:27:13,229 [ForkJoinPool.commonPool-worker-0] INFO  metrics.RatisMetrics (RatisMetrics.java:unregister(43)) - Unregistering Metrics Registry : ratis.server.f74d67dd-9c6e-44ac-afd1-21949323d30e@group-5D5E8C8D66CB
2020-07-16 01:27:13,229 [Listener at 127.0.0.1/35581] INFO  segmented.SegmentedRaftLogWorker (SegmentedRaftLogWorker.java:close(234)) - 0d7ca1fc-c748-4a3b-b490-134ac7c4e42e@group-75FC801D37A3-SegmentedRaftLogWorker close()
2020-07-16 01:27:13,230 [Listener at 127.0.0.1/35581] INFO  metrics.RatisMetrics (RatisMetrics.java:unregister(43)) - Unregistering Metrics Registry : ratis.log_worker.0d7ca1fc-c748-4a3b-b490-134ac7c4e42e@group-75FC801D37A3
2020-07-16 01:27:13,230 [ForkJoinPool.commonPool-worker-0] INFO  impl.StateMachineUpdater (StateMachineUpdater.java:stopAndJoin(142)) - f74d67dd-9c6e-44ac-afd1-21949323d30e@group-5D5E8C8D66CB-StateMachineUpdater: set stopIndex = 0
2020-07-16 01:27:13,231 [f74d67dd-9c6e-44ac-afd1-21949323d30e@group-5D5E8C8D66CB-StateMachineUpdater] INFO  ratis.ContainerStateMachine (ContainerStateMachine.java:takeSnapshot(293)) - group-5D5E8C8D66CB: Taking a snapshot at:(t:2, i:0) file /github/workspace/mnt/ozone/hadoop-ozone/integration-test/target/test-dir/MiniOzoneClusterImpl-adff4ecb-6e1a-4bbe-b65d-469fb2d670c7/datanode-1/data/ratis/d4845598-a00b-4e89-ab8f-5d5e8c8d66cb/sm/snapshot.2_0
2020-07-16 01:27:13,232 [Listener at 127.0.0.1/35581] INFO  metrics.RatisMetrics (RatisMetrics.java:unregister(43)) - Unregistering Metrics Registry : ratis.leader_election.0d7ca1fc-c748-4a3b-b490-134ac7c4e42e@group-75FC801D37A3
2020-07-16 01:27:13,232 [Listener at 127.0.0.1/35581] INFO  metrics.RatisMetrics (RatisMetrics.java:unregister(43)) - Unregistering Metrics Registry : ratis.server.0d7ca1fc-c748-4a3b-b490-134ac7c4e42e@group-75FC801D37A3
2020-07-16 01:27:13,232 [Listener at 127.0.0.1/35581] INFO  server.GrpcService (GrpcService.java:closeImpl(166)) - 0d7ca1fc-c748-4a3b-b490-134ac7c4e42e: shutdown server with port 41279 now
2020-07-16 01:27:13,232 [f74d67dd-9c6e-44ac-afd1-21949323d30e@group-5D5E8C8D66CB-StateMachineUpdater] INFO  ratis.ContainerStateMachine (ContainerStateMachine.java:takeSnapshot(304)) - group-5D5E8C8D66CB: Finished taking a snapshot at:(t:2, i:0) file:/github/workspace/mnt/ozone/hadoop-ozone/integration-test/target/test-dir/MiniOzoneClusterImpl-adff4ecb-6e1a-4bbe-b65d-469fb2d670c7/datanode-1/data/ratis/d4845598-a00b-4e89-ab8f-5d5e8c8d66cb/sm/snapshot.2_0 time:1
2020-07-16 01:27:13,232 [f74d67dd-9c6e-44ac-afd1-21949323d30e@group-5D5E8C8D66CB-StateMachineUpdater] INFO  impl.StateMachineUpdater (StateMachineUpdater.java:takeSnapshot(277)) - f74d67dd-9c6e-44ac-afd1-21949323d30e@group-5D5E8C8D66CB-StateMachineUpdater: Took a snapshot at index 0
2020-07-16 01:27:13,232 [f74d67dd-9c6e-44ac-afd1-21949323d30e@group-5D5E8C8D66CB-StateMachineUpdater] INFO  impl.StateMachineUpdater (StateMachineUpdater.java:lambda$new$0(87)) - f74d67dd-9c6e-44ac-afd1-21949323d30e@group-5D5E8C8D66CB-StateMachineUpdater: snapshotIndex: updateIncreasingly -1 -> 0
2020-07-16 01:27:13,232 [f74d67dd-9c6e-44ac-afd1-21949323d30e@group-5D5E8C8D66CB-StateMachineUpdater] INFO  metrics.RatisMetrics (RatisMetrics.java:unregister(43)) - Unregistering Metrics Registry : ratis.state_machine.f74d67dd-9c6e-44ac-afd1-21949323d30e@group-5D5E8C8D66CB
2020-07-16 01:27:13,233 [ForkJoinPool.commonPool-worker-0] INFO  impl.RaftServerImpl (ServerState.java:close(387)) - f74d67dd-9c6e-44ac-afd1-21949323d30e@group-5D5E8C8D66CB: closes. applyIndex: 0
2020-07-16 01:27:13,233 [f74d67dd-9c6e-44ac-afd1-21949323d30e@group-5D5E8C8D66CB-SegmentedRaftLogWorker] INFO  segmented.SegmentedRaftLogWorker (SegmentedRaftLogWorker.java:run(327)) - f74d67dd-9c6e-44ac-afd1-21949323d30e@group-5D5E8C8D66CB-SegmentedRaftLogWorker was interrupted, exiting. There are 0 tasks remaining in the queue.
2020-07-16 01:27:13,233 [ForkJoinPool.commonPool-worker-0] INFO  segmented.SegmentedRaftLogWorker (SegmentedRaftLogWorker.java:close(234)) - f74d67dd-9c6e-44ac-afd1-21949323d30e@group-5D5E8C8D66CB-SegmentedRaftLogWorker close()
2020-07-16 01:27:13,233 [ForkJoinPool.commonPool-worker-0] INFO  metrics.RatisMetrics (RatisMetrics.java:unregister(43)) - Unregistering Metrics Registry : ratis.log_worker.f74d67dd-9c6e-44ac-afd1-21949323d30e@group-5D5E8C8D66CB
2020-07-16 01:27:13,234 [ForkJoinPool.commonPool-worker-0] INFO  metrics.RatisMetrics (RatisMetrics.java:unregister(43)) - Unregistering Metrics Registry : ratis.leader_election.f74d67dd-9c6e-44ac-afd1-21949323d30e@group-5D5E8C8D66CB
2020-07-16 01:27:13,234 [ForkJoinPool.commonPool-worker-0] INFO  metrics.RatisMetrics (RatisMetrics.java:unregister(43)) - Unregistering Metrics Registry : ratis.server.f74d67dd-9c6e-44ac-afd1-21949323d30e@group-5D5E8C8D66CB
2020-07-16 01:27:13,234 [ForkJoinPool.commonPool-worker-0] INFO  impl.RaftServerImpl (RaftServerImpl.java:lambda$shutdown$3(252)) - f74d67dd-9c6e-44ac-afd1-21949323d30e@group-1DD6ED0EB2A2: shutdown
2020-07-16 01:27:13,234 [ForkJoinPool.commonPool-worker-0] INFO  util.JmxRegister (JmxRegister.java:unregister(73)) - Successfully un-registered JMX Bean with object name Ratis:service=RaftServer,group=group-1DD6ED0EB2A2,id=f74d67dd-9c6e-44ac-afd1-21949323d30e
2020-07-16 01:27:13,234 [ForkJoinPool.commonPool-worker-0] INFO  impl.RoleInfo (RoleInfo.java:shutdownLeaderState(104)) - f74d67dd-9c6e-44ac-afd1-21949323d30e: shutdown LeaderState
2020-07-16 01:27:13,234 [ForkJoinPool.commonPool-worker-0] INFO  impl.PendingRequests (PendingRequests.java:sendNotLeaderResponses(249)) - f74d67dd-9c6e-44ac-afd1-21949323d30e@group-1DD6ED0EB2A2-PendingRequests: sendNotLeaderResponses
2020-07-16 01:27:13,234 [ForkJoinPool.commonPool-worker-0] INFO  metrics.RatisMetrics (RatisMetrics.java:unregister(43)) - Unregistering Metrics Registry : ratis.log_appender.f74d67dd-9c6e-44ac-afd1-21949323d30e@group-1DD6ED0EB2A2
2020-07-16 01:27:13,234 [ForkJoinPool.commonPool-worker-0] INFO  metrics.RatisMetrics (RatisMetrics.java:unregister(43)) - Unregistering Metrics Registry : ratis.server.f74d67dd-9c6e-44ac-afd1-21949323d30e@group-1DD6ED0EB2A2
2020-07-16 01:27:13,235 [ForkJoinPool.commonPool-worker-0] INFO  impl.StateMachineUpdater (StateMachineUpdater.java:stopAndJoin(142)) - f74d67dd-9c6e-44ac-afd1-21949323d30e@group-1DD6ED0EB2A2-StateMachineUpdater: set stopIndex = 0
2020-07-16 01:27:13,235 [f74d67dd-9c6e-44ac-afd1-21949323d30e@group-1DD6ED0EB2A2-StateMachineUpdater] INFO  ratis.ContainerStateMachine (ContainerStateMachine.java:takeSnapshot(293)) - group-1DD6ED0EB2A2: Taking a snapshot at:(t:1, i:0) file /github/workspace/mnt/ozone/hadoop-ozone/integration-test/target/test-dir/MiniOzoneClusterImpl-adff4ecb-6e1a-4bbe-b65d-469fb2d670c7/datanode-1/data/ratis/dcf5420c-312e-4cfb-b078-1dd6ed0eb2a2/sm/snapshot.1_0
2020-07-16 01:27:13,236 [grpc-default-executor-2] WARN  server.GrpcServerProtocolService (LogUtils.java:warn(122)) - 0d7ca1fc-c748-4a3b-b490-134ac7c4e42e: installSnapshot onError, lastRequest: cde49d58-fad6-4a1c-b9d6-c55ba7272aa2->0d7ca1fc-c748-4a3b-b490-134ac7c4e42e#1-t1, previous=(t:0, i:0), leaderCommit=0, initializing? false, entries: size=1, first=(t:1, i:0), CONFIGURATIONENTRY: org.apache.ratis.thirdparty.io.grpc.StatusRuntimeException: CANCELLED: cancelled before receiving half close
2020-07-16 01:27:13,236 [Listener at 127.0.0.1/35581] INFO  server.GrpcService (GrpcService.java:closeImpl(174)) - 0d7ca1fc-c748-4a3b-b490-134ac7c4e42e: shutdown server with port 41279 successfully
2020-07-16 01:27:13,237 [f74d67dd-9c6e-44ac-afd1-21949323d30e@group-1DD6ED0EB2A2-StateMachineUpdater] INFO  ratis.ContainerStateMachine (ContainerStateMachine.java:takeSnapshot(304)) - group-1DD6ED0EB2A2: Finished taking a snapshot at:(t:1, i:0) file:/github/workspace/mnt/ozone/hadoop-ozone/integration-test/target/test-dir/MiniOzoneClusterImpl-adff4ecb-6e1a-4bbe-b65d-469fb2d670c7/datanode-1/data/ratis/dcf5420c-312e-4cfb-b078-1dd6ed0eb2a2/sm/snapshot.1_0 time:1
2020-07-16 01:27:13,237 [f74d67dd-9c6e-44ac-afd1-21949323d30e@group-1DD6ED0EB2A2-StateMachineUpdater] INFO  impl.StateMachineUpdater (StateMachineUpdater.java:takeSnapshot(277)) - f74d67dd-9c6e-44ac-afd1-21949323d30e@group-1DD6ED0EB2A2-StateMachineUpdater: Took a snapshot at index 0
2020-07-16 01:27:13,237 [f74d67dd-9c6e-44ac-afd1-21949323d30e@group-1DD6ED0EB2A2-StateMachineUpdater] INFO  impl.StateMachineUpdater (StateMachineUpdater.java:lambda$new$0(87)) - f74d67dd-9c6e-44ac-afd1-21949323d30e@group-1DD6ED0EB2A2-StateMachineUpdater: snapshotIndex: updateIncreasingly -1 -> 0
2020-07-16 01:27:13,237 [f74d67dd-9c6e-44ac-afd1-21949323d30e@group-1DD6ED0EB2A2-StateMachineUpdater] INFO  metrics.RatisMetrics (RatisMetrics.java:unregister(43)) - Unregistering Metrics Registry : ratis.state_machine.f74d67dd-9c6e-44ac-afd1-21949323d30e@group-1DD6ED0EB2A2
2020-07-16 01:27:13,237 [ForkJoinPool.commonPool-worker-0] INFO  impl.RaftServerImpl (ServerState.java:close(387)) - f74d67dd-9c6e-44ac-afd1-21949323d30e@group-1DD6ED0EB2A2: closes. applyIndex: 0
2020-07-16 01:27:13,237 [f74d67dd-9c6e-44ac-afd1-21949323d30e@group-1DD6ED0EB2A2-SegmentedRaftLogWorker] INFO  segmented.SegmentedRaftLogWorker (SegmentedRaftLogWorker.java:run(327)) - f74d67dd-9c6e-44ac-afd1-21949323d30e@group-1DD6ED0EB2A2-SegmentedRaftLogWorker was interrupted, exiting. There are 0 tasks remaining in the queue.
2020-07-16 01:27:13,237 [grpc-default-executor-0] WARN  server.GrpcLogAppender (LogUtils.java:warn(122)) - cde49d58-fad6-4a1c-b9d6-c55ba7272aa2@group-75FC801D37A3->0d7ca1fc-c748-4a3b-b490-134ac7c4e42e-AppendLogResponseHandler: Failed appendEntries: org.apache.ratis.thirdparty.io.grpc.StatusRuntimeException: CANCELLED: HTTP/2 error code: CANCEL
Received Rst Stream
2020-07-16 01:27:13,237 [ForkJoinPool.commonPool-worker-0] INFO  segmented.SegmentedRaftLogWorker (SegmentedRaftLogWorker.java:close(234)) - f74d67dd-9c6e-44ac-afd1-21949323d30e@group-1DD6ED0EB2A2-SegmentedRaftLogWorker close()
2020-07-16 01:27:13,238 [ForkJoinPool.commonPool-worker-0] INFO  metrics.RatisMetrics (RatisMetrics.java:unregister(43)) - Unregistering Metrics Registry : ratis.log_worker.f74d67dd-9c6e-44ac-afd1-21949323d30e@group-1DD6ED0EB2A2
2020-07-16 01:27:13,238 [ForkJoinPool.commonPool-worker-0] INFO  metrics.RatisMetrics (RatisMetrics.java:unregister(43)) - Unregistering Metrics Registry : ratis.leader_election.f74d67dd-9c6e-44ac-afd1-21949323d30e@group-1DD6ED0EB2A2
2020-07-16 01:27:13,238 [ForkJoinPool.commonPool-worker-0] INFO  metrics.RatisMetrics (RatisMetrics.java:unregister(43)) - Unregistering Metrics Registry : ratis.server.f74d67dd-9c6e-44ac-afd1-21949323d30e@group-1DD6ED0EB2A2
2020-07-16 01:27:13,238 [grpc-default-executor-0] INFO  impl.FollowerInfo (FollowerInfo.java:lambda$new$0(51)) - cde49d58-fad6-4a1c-b9d6-c55ba7272aa2@group-75FC801D37A3->0d7ca1fc-c748-4a3b-b490-134ac7c4e42e: nextIndex: updateUnconditionally 1 -> 0
2020-07-16 01:27:13,238 [ForkJoinPool.commonPool-worker-0] INFO  server.GrpcService (GrpcService.java:closeImpl(166)) - f74d67dd-9c6e-44ac-afd1-21949323d30e: shutdown server with port 41499 now
2020-07-16 01:27:13,239 [Listener at 127.0.0.1/35581] INFO  utils.BackgroundService (BackgroundService.java:shutdown(157)) - Shutting down service BlockDeletingService
2020-07-16 01:27:13,240 [ForkJoinPool.commonPool-worker-0] INFO  server.GrpcService (GrpcService.java:closeImpl(174)) - f74d67dd-9c6e-44ac-afd1-21949323d30e: shutdown server with port 41499 successfully
2020-07-16 01:27:13,241 [ForkJoinPool.commonPool-worker-0] INFO  utils.BackgroundService (BackgroundService.java:shutdown(157)) - Shutting down service BlockDeletingService
2020-07-16 01:27:13,241 [Listener at 127.0.0.1/35581] INFO  statemachine.DatanodeStateMachine (DatanodeStateMachine.java:stopDaemon(428)) - Ozone container server stopped.
2020-07-16 01:27:13,247 [Listener at 127.0.0.1/35581] INFO  handler.ContextHandler (ContextHandler.java:doStop(1016)) - Stopped o.e.j.w.WebAppContext@35c8dd30{hddsDatanode,/,null,UNAVAILABLE}{jar:file:/home/user/.m2/repository/org/apache/hadoop/hadoop-hdds-container-service/0.6.0-SNAPSHOT/hadoop-hdds-container-service-0.6.0-SNAPSHOT.jar!/webapps/hddsDatanode}
2020-07-16 01:27:13,248 [Listener at 127.0.0.1/35581] INFO  server.AbstractConnector (AbstractConnector.java:doStop(380)) - Stopped ServerConnector@67e321e0{HTTP/1.1,[http/1.1]}{0.0.0.0:0}
2020-07-16 01:27:13,248 [Listener at 127.0.0.1/35581] INFO  server.session (HouseKeeper.java:stopScavenging(158)) - node0 Stopped scavenging
2020-07-16 01:27:13,248 [Listener at 127.0.0.1/35581] INFO  handler.ContextHandler (ContextHandler.java:doStop(1016)) - Stopped o.e.j.s.ServletContextHandler@d19c280{static,/static,jar:file:/home/user/.m2/repository/org/apache/hadoop/hadoop-hdds-container-service/0.6.0-SNAPSHOT/hadoop-hdds-container-service-0.6.0-SNAPSHOT.jar!/webapps/static,UNAVAILABLE}
2020-07-16 01:27:13,248 [Listener at 127.0.0.1/35581] INFO  handler.ContextHandler (ContextHandler.java:doStop(1016)) - Stopped o.e.j.s.ServletContextHandler@4f54afa5{logs,/logs,file:///github/workspace/mnt/ozone/hadoop-ozone/integration-test/target/log,UNAVAILABLE}
2020-07-16 01:27:13,250 [ForkJoinPool.commonPool-worker-0] INFO  statemachine.DatanodeStateMachine (DatanodeStateMachine.java:stopDaemon(428)) - Ozone container server stopped.
2020-07-16 01:27:13,259 [ForkJoinPool.commonPool-worker-0] INFO  handler.ContextHandler (ContextHandler.java:doStop(1016)) - Stopped o.e.j.w.WebAppContext@399b9537{hddsDatanode,/,null,UNAVAILABLE}{jar:file:/home/user/.m2/repository/org/apache/hadoop/hadoop-hdds-container-service/0.6.0-SNAPSHOT/hadoop-hdds-container-service-0.6.0-SNAPSHOT.jar!/webapps/hddsDatanode}
2020-07-16 01:27:13,259 [ForkJoinPool.commonPool-worker-0] INFO  server.AbstractConnector (AbstractConnector.java:doStop(380)) - Stopped ServerConnector@646599c6{HTTP/1.1,[http/1.1]}{0.0.0.0:0}
2020-07-16 01:27:13,259 [ForkJoinPool.commonPool-worker-0] INFO  server.session (HouseKeeper.java:stopScavenging(158)) - node0 Stopped scavenging
2020-07-16 01:27:13,261 [ForkJoinPool.commonPool-worker-0] INFO  handler.ContextHandler (ContextHandler.java:doStop(1016)) - Stopped o.e.j.s.ServletContextHandler@708a0150{static,/static,jar:file:/home/user/.m2/repository/org/apache/hadoop/hadoop-hdds-container-service/0.6.0-SNAPSHOT/hadoop-hdds-container-service-0.6.0-SNAPSHOT.jar!/webapps/static,UNAVAILABLE}
2020-07-16 01:27:13,261 [ForkJoinPool.commonPool-worker-0] INFO  handler.ContextHandler (ContextHandler.java:doStop(1016)) - Stopped o.e.j.s.ServletContextHandler@37ca8b4c{logs,/logs,file:///github/workspace/mnt/ozone/hadoop-ozone/integration-test/target/log,UNAVAILABLE}
2020-07-16 01:27:13,730 [Datanode State Machine Thread - 0] INFO  statemachine.DatanodeStateMachine (DatanodeStateMachine.java:lambda$startDaemon$0(380)) - Ozone container server started.
2020-07-16 01:27:15,300 [grpc-default-executor-2] WARN  server.GrpcLogAppender (LogUtils.java:warn(122)) - cde49d58-fad6-4a1c-b9d6-c55ba7272aa2@group-75FC801D37A3->3a8955bd-c76c-48e8-b23e-7dc5c0b97792-AppendLogResponseHandler: Failed appendEntries: org.apache.ratis.thirdparty.io.grpc.StatusRuntimeException: UNAVAILABLE: io exception
2020-07-16 01:27:15,302 [grpc-default-executor-2] INFO  impl.FollowerInfo (FollowerInfo.java:lambda$new$0(51)) - cde49d58-fad6-4a1c-b9d6-c55ba7272aa2@group-75FC801D37A3->3a8955bd-c76c-48e8-b23e-7dc5c0b97792: nextIndex: updateUnconditionally 1 -> 0
2020-07-16 01:27:15,302 [grpc-default-executor-2] WARN  server.GrpcLogAppender (LogUtils.java:warn(122)) - cde49d58-fad6-4a1c-b9d6-c55ba7272aa2@group-75FC801D37A3->0d7ca1fc-c748-4a3b-b490-134ac7c4e42e-AppendLogResponseHandler: Failed appendEntries: org.apache.ratis.thirdparty.io.grpc.StatusRuntimeException: UNAVAILABLE: io exception
2020-07-16 01:27:15,305 [grpc-default-executor-2] INFO  impl.FollowerInfo (FollowerInfo.java:lambda$new$0(51)) - cde49d58-fad6-4a1c-b9d6-c55ba7272aa2@group-75FC801D37A3->0d7ca1fc-c748-4a3b-b490-134ac7c4e42e: nextIndex: updateUnconditionally 0 -> 0
2020-07-16 01:27:15,307 [grpc-default-executor-0] WARN  server.GrpcLogAppender (LogUtils.java:warn(122)) - cde49d58-fad6-4a1c-b9d6-c55ba7272aa2@group-75FC801D37A3->0d7ca1fc-c748-4a3b-b490-134ac7c4e42e-AppendLogResponseHandler: Failed appendEntries: org.apache.ratis.thirdparty.io.grpc.StatusRuntimeException: UNAVAILABLE: io exception
2020-07-16 01:27:15,308 [grpc-default-executor-0] INFO  impl.FollowerInfo (FollowerInfo.java:lambda$new$0(51)) - cde49d58-fad6-4a1c-b9d6-c55ba7272aa2@group-75FC801D37A3->0d7ca1fc-c748-4a3b-b490-134ac7c4e42e: nextIndex: updateUnconditionally 1 -> 0
2020-07-16 01:27:17,805 [grpc-default-executor-2] WARN  server.GrpcLogAppender (LogUtils.java:warn(122)) - cde49d58-fad6-4a1c-b9d6-c55ba7272aa2@group-75FC801D37A3->3a8955bd-c76c-48e8-b23e-7dc5c0b97792-AppendLogResponseHandler: Failed appendEntries: org.apache.ratis.thirdparty.io.grpc.StatusRuntimeException: UNAVAILABLE: io exception
2020-07-16 01:27:17,807 [grpc-default-executor-2] INFO  impl.FollowerInfo (FollowerInfo.java:lambda$new$0(51)) - cde49d58-fad6-4a1c-b9d6-c55ba7272aa2@group-75FC801D37A3->3a8955bd-c76c-48e8-b23e-7dc5c0b97792: nextIndex: updateUnconditionally 1 -> 0
2020-07-16 01:27:17,810 [grpc-default-executor-0] WARN  server.GrpcLogAppender (LogUtils.java:warn(122)) - cde49d58-fad6-4a1c-b9d6-c55ba7272aa2@group-75FC801D37A3->0d7ca1fc-c748-4a3b-b490-134ac7c4e42e-AppendLogResponseHandler: Failed appendEntries: org.apache.ratis.thirdparty.io.grpc.StatusRuntimeException: UNAVAILABLE: io exception
2020-07-16 01:27:17,812 [grpc-default-executor-0] INFO  impl.FollowerInfo (FollowerInfo.java:lambda$new$0(51)) - cde49d58-fad6-4a1c-b9d6-c55ba7272aa2@group-75FC801D37A3->0d7ca1fc-c748-4a3b-b490-134ac7c4e42e: nextIndex: updateUnconditionally 1 -> 0
2020-07-16 01:27:18,251 [Listener at 127.0.0.1/35581] INFO  ozoneimpl.OzoneContainer (OzoneContainer.java:stop(246)) - Attempting to stop container services.
2020-07-16 01:27:18,252 [Listener at 127.0.0.1/35581] INFO  impl.RaftServerProxy (RaftServerProxy.java:lambda$close$4(319)) - cde49d58-fad6-4a1c-b9d6-c55ba7272aa2: close
2020-07-16 01:27:18,252 [Listener at 127.0.0.1/35581] INFO  impl.RaftServerImpl (RaftServerImpl.java:lambda$shutdown$3(252)) - cde49d58-fad6-4a1c-b9d6-c55ba7272aa2@group-1B70C9B7893A: shutdown
2020-07-16 01:27:18,253 [Listener at 127.0.0.1/35581] INFO  util.JmxRegister (JmxRegister.java:unregister(73)) - Successfully un-registered JMX Bean with object name Ratis:service=RaftServer,group=group-1B70C9B7893A,id=cde49d58-fad6-4a1c-b9d6-c55ba7272aa2
2020-07-16 01:27:18,253 [Listener at 127.0.0.1/35581] INFO  impl.RoleInfo (RoleInfo.java:shutdownLeaderState(104)) - cde49d58-fad6-4a1c-b9d6-c55ba7272aa2: shutdown LeaderState
2020-07-16 01:27:18,253 [Listener at 127.0.0.1/35581] INFO  impl.PendingRequests (PendingRequests.java:sendNotLeaderResponses(249)) - cde49d58-fad6-4a1c-b9d6-c55ba7272aa2@group-1B70C9B7893A-PendingRequests: sendNotLeaderResponses
2020-07-16 01:27:18,254 [Listener at 127.0.0.1/35581] INFO  metrics.RatisMetrics (RatisMetrics.java:unregister(43)) - Unregistering Metrics Registry : ratis.log_appender.cde49d58-fad6-4a1c-b9d6-c55ba7272aa2@group-1B70C9B7893A
2020-07-16 01:27:18,254 [Listener at 127.0.0.1/35581] INFO  metrics.RatisMetrics (RatisMetrics.java:unregister(43)) - Unregistering Metrics Registry : ratis.server.cde49d58-fad6-4a1c-b9d6-c55ba7272aa2@group-1B70C9B7893A
2020-07-16 01:27:18,255 [Listener at 127.0.0.1/35581] INFO  impl.StateMachineUpdater (StateMachineUpdater.java:stopAndJoin(142)) - cde49d58-fad6-4a1c-b9d6-c55ba7272aa2@group-1B70C9B7893A-StateMachineUpdater: set stopIndex = 0
2020-07-16 01:27:18,252 [ForkJoinPool.commonPool-worker-1] INFO  impl.RaftServerImpl (RaftServerImpl.java:lambda$shutdown$3(252)) - cde49d58-fad6-4a1c-b9d6-c55ba7272aa2@group-75FC801D37A3: shutdown
2020-07-16 01:27:18,256 [ForkJoinPool.commonPool-worker-1] INFO  util.JmxRegister (JmxRegister.java:unregister(73)) - Successfully un-registered JMX Bean with object name Ratis:service=RaftServer,group=group-75FC801D37A3,id=cde49d58-fad6-4a1c-b9d6-c55ba7272aa2
2020-07-16 01:27:18,256 [ForkJoinPool.commonPool-worker-1] INFO  impl.RoleInfo (RoleInfo.java:shutdownLeaderState(104)) - cde49d58-fad6-4a1c-b9d6-c55ba7272aa2: shutdown LeaderState
2020-07-16 01:27:18,256 [ForkJoinPool.commonPool-worker-1] INFO  metrics.RatisMetrics (RatisMetrics.java:unregister(43)) - Unregistering Metrics Registry : ratis_grpc.log_appender.cde49d58-fad6-4a1c-b9d6-c55ba7272aa2@group-75FC801D37A3
2020-07-16 01:27:18,257 [org.apache.ratis.server.impl.LogAppender$AppenderDaemon$$Lambda$420/1716773735@22a8778e] WARN  server.GrpcLogAppender (GrpcLogAppender.java:mayWait(153)) - cde49d58-fad6-4a1c-b9d6-c55ba7272aa2@group-75FC801D37A3->3a8955bd-c76c-48e8-b23e-7dc5c0b97792-GrpcLogAppender: Wait interrupted by java.lang.InterruptedException
2020-07-16 01:27:18,256 [cde49d58-fad6-4a1c-b9d6-c55ba7272aa2@group-1B70C9B7893A-StateMachineUpdater] INFO  ratis.ContainerStateMachine (ContainerStateMachine.java:takeSnapshot(293)) - group-1B70C9B7893A: Taking a snapshot at:(t:1, i:0) file /github/workspace/mnt/ozone/hadoop-ozone/integration-test/target/test-dir/MiniOzoneClusterImpl-adff4ecb-6e1a-4bbe-b65d-469fb2d670c7/datanode-6/data/ratis/3fe53c40-137a-4741-af73-1b70c9b7893a/sm/snapshot.1_0
2020-07-16 01:27:18,257 [ForkJoinPool.commonPool-worker-1] INFO  metrics.RatisMetrics (RatisMetrics.java:unregister(43)) - Unregistering Metrics Registry : ratis_grpc.log_appender.cde49d58-fad6-4a1c-b9d6-c55ba7272aa2@group-75FC801D37A3
2020-07-16 01:27:18,257 [ForkJoinPool.commonPool-worker-1] INFO  impl.PendingRequests (PendingRequests.java:sendNotLeaderResponses(249)) - cde49d58-fad6-4a1c-b9d6-c55ba7272aa2@group-75FC801D37A3-PendingRequests: sendNotLeaderResponses
2020-07-16 01:27:18,257 [org.apache.ratis.server.impl.LogAppender$AppenderDaemon$$Lambda$420/1716773735@664cf092] WARN  server.GrpcLogAppender (GrpcLogAppender.java:mayWait(153)) - cde49d58-fad6-4a1c-b9d6-c55ba7272aa2@group-75FC801D37A3->0d7ca1fc-c748-4a3b-b490-134ac7c4e42e-GrpcLogAppender: Wait interrupted by java.lang.InterruptedException
2020-07-16 01:27:18,257 [ForkJoinPool.commonPool-worker-1] INFO  metrics.RatisMetrics (RatisMetrics.java:unregister(43)) - Unregistering Metrics Registry : ratis.log_appender.cde49d58-fad6-4a1c-b9d6-c55ba7272aa2@group-75FC801D37A3
2020-07-16 01:27:18,258 [ForkJoinPool.commonPool-worker-1] INFO  metrics.RatisMetrics (RatisMetrics.java:unregister(43)) - Unregistering Metrics Registry : ratis.server.cde49d58-fad6-4a1c-b9d6-c55ba7272aa2@group-75FC801D37A3
2020-07-16 01:27:18,258 [cde49d58-fad6-4a1c-b9d6-c55ba7272aa2@group-1B70C9B7893A-StateMachineUpdater] INFO  ratis.ContainerStateMachine (ContainerStateMachine.java:takeSnapshot(304)) - group-1B70C9B7893A: Finished taking a snapshot at:(t:1, i:0) file:/github/workspace/mnt/ozone/hadoop-ozone/integration-test/target/test-dir/MiniOzoneClusterImpl-adff4ecb-6e1a-4bbe-b65d-469fb2d670c7/datanode-6/data/ratis/3fe53c40-137a-4741-af73-1b70c9b7893a/sm/snapshot.1_0 time:1
2020-07-16 01:27:18,258 [cde49d58-fad6-4a1c-b9d6-c55ba7272aa2@group-1B70C9B7893A-StateMachineUpdater] INFO  impl.StateMachineUpdater (StateMachineUpdater.java:takeSnapshot(277)) - cde49d58-fad6-4a1c-b9d6-c55ba7272aa2@group-1B70C9B7893A-StateMachineUpdater: Took a snapshot at index 0
2020-07-16 01:27:18,258 [cde49d58-fad6-4a1c-b9d6-c55ba7272aa2@group-1B70C9B7893A-StateMachineUpdater] INFO  impl.StateMachineUpdater (StateMachineUpdater.java:lambda$new$0(87)) - cde49d58-fad6-4a1c-b9d6-c55ba7272aa2@group-1B70C9B7893A-StateMachineUpdater: snapshotIndex: updateIncreasingly -1 -> 0
2020-07-16 01:27:18,258 [cde49d58-fad6-4a1c-b9d6-c55ba7272aa2@group-1B70C9B7893A-StateMachineUpdater] INFO  metrics.RatisMetrics (RatisMetrics.java:unregister(43)) - Unregistering Metrics Registry : ratis.state_machine.cde49d58-fad6-4a1c-b9d6-c55ba7272aa2@group-1B70C9B7893A
2020-07-16 01:27:18,259 [Listener at 127.0.0.1/35581] INFO  impl.RaftServerImpl (ServerState.java:close(387)) - cde49d58-fad6-4a1c-b9d6-c55ba7272aa2@group-1B70C9B7893A: closes. applyIndex: 0
2020-07-16 01:27:18,259 [cde49d58-fad6-4a1c-b9d6-c55ba7272aa2@group-75FC801D37A3-StateMachineUpdater] INFO  ratis.ContainerStateMachine (ContainerStateMachine.java:takeSnapshot(293)) - group-75FC801D37A3: Taking a snapshot at:(t:1, i:0) file /github/workspace/mnt/ozone/hadoop-ozone/integration-test/target/test-dir/MiniOzoneClusterImpl-adff4ecb-6e1a-4bbe-b65d-469fb2d670c7/datanode-6/data/ratis/de9b0c97-aacb-459d-bb46-75fc801d37a3/sm/snapshot.1_0
2020-07-16 01:27:18,259 [cde49d58-fad6-4a1c-b9d6-c55ba7272aa2@group-1B70C9B7893A-SegmentedRaftLogWorker] INFO  segmented.SegmentedRaftLogWorker (SegmentedRaftLogWorker.java:run(327)) - cde49d58-fad6-4a1c-b9d6-c55ba7272aa2@group-1B70C9B7893A-SegmentedRaftLogWorker was interrupted, exiting. There are 0 tasks remaining in the queue.
2020-07-16 01:27:18,259 [ForkJoinPool.commonPool-worker-1] INFO  impl.StateMachineUpdater (StateMachineUpdater.java:stopAndJoin(142)) - cde49d58-fad6-4a1c-b9d6-c55ba7272aa2@group-75FC801D37A3-StateMachineUpdater: set stopIndex = 0
2020-07-16 01:27:18,259 [Listener at 127.0.0.1/35581] INFO  segmented.SegmentedRaftLogWorker (SegmentedRaftLogWorker.java:close(234)) - cde49d58-fad6-4a1c-b9d6-c55ba7272aa2@group-1B70C9B7893A-SegmentedRaftLogWorker close()
2020-07-16 01:27:18,259 [cde49d58-fad6-4a1c-b9d6-c55ba7272aa2@group-75FC801D37A3-StateMachineUpdater] INFO  ratis.ContainerStateMachine (ContainerStateMachine.java:takeSnapshot(304)) - group-75FC801D37A3: Finished taking a snapshot at:(t:1, i:0) file:/github/workspace/mnt/ozone/hadoop-ozone/integration-test/target/test-dir/MiniOzoneClusterImpl-adff4ecb-6e1a-4bbe-b65d-469fb2d670c7/datanode-6/data/ratis/de9b0c97-aacb-459d-bb46-75fc801d37a3/sm/snapshot.1_0 time:1
2020-07-16 01:27:18,260 [cde49d58-fad6-4a1c-b9d6-c55ba7272aa2@group-75FC801D37A3-StateMachineUpdater] INFO  impl.StateMachineUpdater (StateMachineUpdater.java:takeSnapshot(277)) - cde49d58-fad6-4a1c-b9d6-c55ba7272aa2@group-75FC801D37A3-StateMachineUpdater: Took a snapshot at index 0
2020-07-16 01:27:18,260 [cde49d58-fad6-4a1c-b9d6-c55ba7272aa2@group-75FC801D37A3-StateMachineUpdater] INFO  impl.StateMachineUpdater (StateMachineUpdater.java:lambda$new$0(87)) - cde49d58-fad6-4a1c-b9d6-c55ba7272aa2@group-75FC801D37A3-StateMachineUpdater: snapshotIndex: updateIncreasingly -1 -> 0
2020-07-16 01:27:18,260 [cde49d58-fad6-4a1c-b9d6-c55ba7272aa2@group-75FC801D37A3-StateMachineUpdater] INFO  metrics.RatisMetrics (RatisMetrics.java:unregister(43)) - Unregistering Metrics Registry : ratis.state_machine.cde49d58-fad6-4a1c-b9d6-c55ba7272aa2@group-75FC801D37A3
2020-07-16 01:27:18,261 [Listener at 127.0.0.1/35581] INFO  metrics.RatisMetrics (RatisMetrics.java:unregister(43)) - Unregistering Metrics Registry : ratis.log_worker.cde49d58-fad6-4a1c-b9d6-c55ba7272aa2@group-1B70C9B7893A
2020-07-16 01:27:18,261 [Listener at 127.0.0.1/35581] INFO  metrics.RatisMetrics (RatisMetrics.java:unregister(43)) - Unregistering Metrics Registry : ratis.leader_election.cde49d58-fad6-4a1c-b9d6-c55ba7272aa2@group-1B70C9B7893A
2020-07-16 01:27:18,261 [Listener at 127.0.0.1/35581] INFO  metrics.RatisMetrics (RatisMetrics.java:unregister(43)) - Unregistering Metrics Registry : ratis.server.cde49d58-fad6-4a1c-b9d6-c55ba7272aa2@group-1B70C9B7893A
2020-07-16 01:27:18,261 [ForkJoinPool.commonPool-worker-1] INFO  impl.RaftServerImpl (ServerState.java:close(387)) - cde49d58-fad6-4a1c-b9d6-c55ba7272aa2@group-75FC801D37A3: closes. applyIndex: 0
2020-07-16 01:27:18,261 [cde49d58-fad6-4a1c-b9d6-c55ba7272aa2@group-75FC801D37A3-SegmentedRaftLogWorker] INFO  segmented.SegmentedRaftLogWorker (SegmentedRaftLogWorker.java:run(327)) - cde49d58-fad6-4a1c-b9d6-c55ba7272aa2@group-75FC801D37A3-SegmentedRaftLogWorker was interrupted, exiting. There are 0 tasks remaining in the queue.
2020-07-16 01:27:18,262 [ForkJoinPool.commonPool-worker-1] INFO  segmented.SegmentedRaftLogWorker (SegmentedRaftLogWorker.java:close(234)) - cde49d58-fad6-4a1c-b9d6-c55ba7272aa2@group-75FC801D37A3-SegmentedRaftLogWorker close()
2020-07-16 01:27:18,262 [ForkJoinPool.commonPool-worker-1] INFO  metrics.RatisMetrics (RatisMetrics.java:unregister(43)) - Unregistering Metrics Registry : ratis.log_worker.cde49d58-fad6-4a1c-b9d6-c55ba7272aa2@group-75FC801D37A3
2020-07-16 01:27:18,262 [ForkJoinPool.commonPool-worker-1] INFO  metrics.RatisMetrics (RatisMetrics.java:unregister(43)) - Unregistering Metrics Registry : ratis.leader_election.cde49d58-fad6-4a1c-b9d6-c55ba7272aa2@group-75FC801D37A3
2020-07-16 01:27:18,262 [ForkJoinPool.commonPool-worker-1] INFO  metrics.RatisMetrics (RatisMetrics.java:unregister(43)) - Unregistering Metrics Registry : ratis.server.cde49d58-fad6-4a1c-b9d6-c55ba7272aa2@group-75FC801D37A3
2020-07-16 01:27:18,262 [Listener at 127.0.0.1/35581] INFO  server.GrpcService (GrpcService.java:closeImpl(166)) - cde49d58-fad6-4a1c-b9d6-c55ba7272aa2: shutdown server with port 41443 now
2020-07-16 01:27:18,263 [Listener at 127.0.0.1/35581] INFO  server.GrpcService (GrpcService.java:closeImpl(174)) - cde49d58-fad6-4a1c-b9d6-c55ba7272aa2: shutdown server with port 41443 successfully
2020-07-16 01:27:18,264 [Listener at 127.0.0.1/35581] INFO  utils.BackgroundService (BackgroundService.java:shutdown(157)) - Shutting down service BlockDeletingService
2020-07-16 01:27:18,265 [Listener at 127.0.0.1/35581] INFO  statemachine.DatanodeStateMachine (DatanodeStateMachine.java:stopDaemon(428)) - Ozone container server stopped.
2020-07-16 01:27:18,271 [Listener at 127.0.0.1/35581] INFO  handler.ContextHandler (ContextHandler.java:doStop(1016)) - Stopped o.e.j.w.WebAppContext@3c45c5cd{hddsDatanode,/,null,UNAVAILABLE}{jar:file:/home/user/.m2/repository/org/apache/hadoop/hadoop-hdds-container-service/0.6.0-SNAPSHOT/hadoop-hdds-container-service-0.6.0-SNAPSHOT.jar!/webapps/hddsDatanode}
2020-07-16 01:27:18,272 [Listener at 127.0.0.1/35581] INFO  server.AbstractConnector (AbstractConnector.java:doStop(380)) - Stopped ServerConnector@300f715{HTTP/1.1,[http/1.1]}{0.0.0.0:0}
2020-07-16 01:27:18,272 [Listener at 127.0.0.1/35581] INFO  server.session (HouseKeeper.java:stopScavenging(158)) - node0 Stopped scavenging
2020-07-16 01:27:18,273 [Listener at 127.0.0.1/35581] INFO  handler.ContextHandler (ContextHandler.java:doStop(1016)) - Stopped o.e.j.s.ServletContextHandler@d5b9704{static,/static,jar:file:/home/user/.m2/repository/org/apache/hadoop/hadoop-hdds-container-service/0.6.0-SNAPSHOT/hadoop-hdds-container-service-0.6.0-SNAPSHOT.jar!/webapps/static,UNAVAILABLE}
2020-07-16 01:27:18,273 [Listener at 127.0.0.1/35581] INFO  handler.ContextHandler (ContextHandler.java:doStop(1016)) - Stopped o.e.j.s.ServletContextHandler@6bc7eb0f{logs,/logs,file:///github/workspace/mnt/ozone/hadoop-ozone/integration-test/target/log,UNAVAILABLE}
2020-07-16 01:27:18,274 [Listener at 127.0.0.1/35581] INFO  ozone.MiniOzoneClusterImpl (MiniOzoneClusterImpl.java:stopSCM(476)) - Stopping the StorageContainerManager
2020-07-16 01:27:18,274 [Listener at 127.0.0.1/35581] INFO  server.StorageContainerManager (StorageContainerManager.java:stop(827)) - Stopping Replication Manager Service.
2020-07-16 01:27:18,274 [Listener at 127.0.0.1/35581] INFO  container.ReplicationManager (ReplicationManager.java:stop(218)) - Stopping Replication Monitor Thread.
2020-07-16 01:27:18,274 [Listener at 127.0.0.1/35581] INFO  server.StorageContainerManager (StorageContainerManager.java:stop(834)) - Stopping Lease Manager of the command watchers
2020-07-16 01:27:18,274 [CommandWatcher-LeaseManager#LeaseMonitor] ERROR lease.LeaseManager (LeaseManager.java:run(238)) - Execution was interrupted 
java.lang.InterruptedException: sleep interrupted
	at java.lang.Thread.sleep(Native Method)
	at org.apache.hadoop.ozone.lease.LeaseManager$LeaseMonitor.run(LeaseManager.java:234)
	at java.lang.Thread.run(Thread.java:748)
2020-07-16 01:27:18,275 [Listener at 127.0.0.1/35581] INFO  server.StorageContainerManager (StorageContainerManager.java:stop(841)) - Stopping datanode service RPC server
2020-07-16 01:27:18,275 [Listener at 127.0.0.1/35581] INFO  server.SCMDatanodeProtocolServer (SCMDatanodeProtocolServer.java:stop(361)) - Stopping the RPC server for DataNodes
2020-07-16 01:27:18,275 [Listener at 127.0.0.1/35581] INFO  ipc.Server (Server.java:stop(3359)) - Stopping server on 33999
2020-07-16 01:27:18,276 [IPC Server listener on 0] INFO  ipc.Server (Server.java:run(1330)) - Stopping IPC Server listener on 0
2020-07-16 01:27:18,278 [IPC Server Responder] INFO  ipc.Server (Server.java:run(1465)) - Stopping IPC Server Responder
2020-07-16 01:27:18,282 [SCM Heartbeat Processing Thread - 0] WARN  node.NodeStateManager (NodeStateManager.java:scheduleNextHealthCheck(661)) - Current Thread is interrupted, shutting down HB processing thread for Node Manager.
2020-07-16 01:27:18,282 [Listener at 127.0.0.1/35581] INFO  server.StorageContainerManager (StorageContainerManager.java:stop(849)) - Stopping block service RPC server
2020-07-16 01:27:18,282 [Listener at 127.0.0.1/35581] INFO  server.SCMBlockProtocolServer (SCMBlockProtocolServer.java:stop(158)) - Stopping the RPC server for Block Protocol
2020-07-16 01:27:18,282 [Listener at 127.0.0.1/35581] INFO  ipc.Server (Server.java:stop(3359)) - Stopping server on 40057
2020-07-16 01:27:18,284 [IPC Server listener on 0] INFO  ipc.Server (Server.java:run(1330)) - Stopping IPC Server listener on 0
2020-07-16 01:27:18,285 [IPC Server Responder] INFO  ipc.Server (Server.java:run(1465)) - Stopping IPC Server Responder
2020-07-16 01:27:18,285 [Listener at 127.0.0.1/35581] INFO  server.StorageContainerManager (StorageContainerManager.java:stop(856)) - Stopping the StorageContainerLocationProtocol RPC server
2020-07-16 01:27:18,285 [Listener at 127.0.0.1/35581] INFO  server.SCMClientProtocolServer (SCMClientProtocolServer.java:stop(165)) - Stopping the RPC server for Client Protocol
2020-07-16 01:27:18,285 [Listener at 127.0.0.1/35581] INFO  ipc.Server (Server.java:stop(3359)) - Stopping server on 34019
2020-07-16 01:27:18,287 [IPC Server listener on 0] INFO  ipc.Server (Server.java:run(1330)) - Stopping IPC Server listener on 0
2020-07-16 01:27:18,289 [IPC Server Responder] INFO  ipc.Server (Server.java:run(1465)) - Stopping IPC Server Responder
2020-07-16 01:27:18,289 [Listener at 127.0.0.1/35581] INFO  server.StorageContainerManager (StorageContainerManager.java:stop(863)) - Stopping Storage Container Manager HTTP server.
2020-07-16 01:27:18,290 [Listener at 127.0.0.1/35581] INFO  handler.ContextHandler (ContextHandler.java:doStop(1016)) - Stopped o.e.j.w.WebAppContext@39ab2bf3{scm,/,null,UNAVAILABLE}{file:/github/workspace/mnt/ozone/hadoop-ozone/integration-test/target/test-classes/webapps/scm}
2020-07-16 01:27:18,290 [Listener at 127.0.0.1/35581] INFO  server.AbstractConnector (AbstractConnector.java:doStop(380)) - Stopped ServerConnector@449464fb{HTTP/1.1,[http/1.1]}{0.0.0.0:0}
2020-07-16 01:27:18,290 [Listener at 127.0.0.1/35581] INFO  server.session (HouseKeeper.java:stopScavenging(158)) - node0 Stopped scavenging
2020-07-16 01:27:18,290 [Listener at 127.0.0.1/35581] INFO  handler.ContextHandler (ContextHandler.java:doStop(1016)) - Stopped o.e.j.s.ServletContextHandler@4b082a6e{static,/static,file:///github/workspace/mnt/ozone/hadoop-ozone/integration-test/target/test-classes/webapps/static,UNAVAILABLE}
2020-07-16 01:27:18,291 [Listener at 127.0.0.1/35581] INFO  handler.ContextHandler (ContextHandler.java:doStop(1016)) - Stopped o.e.j.s.ServletContextHandler@5862dc47{logs,/logs,file:///github/workspace/mnt/ozone/hadoop-ozone/integration-test/target/log,UNAVAILABLE}
2020-07-16 01:27:18,291 [Listener at 127.0.0.1/35581] INFO  server.StorageContainerManager (StorageContainerManager.java:stop(874)) - Stopping Block Manager Service.
2020-07-16 01:27:18,291 [Listener at 127.0.0.1/35581] INFO  utils.BackgroundService (BackgroundService.java:shutdown(157)) - Shutting down service SCMBlockDeletingService
2020-07-16 01:27:18,292 [Listener at 127.0.0.1/35581] INFO  utils.BackgroundService (BackgroundService.java:shutdown(157)) - Shutting down service SCMBlockDeletingService
2020-07-16 01:27:18,292 [Listener at 127.0.0.1/35581] INFO  server.StorageContainerManager (StorageContainerManager.java:stop(899)) - Stopping SCM Event Queue.
2020-07-16 01:27:18,296 [Listener at 127.0.0.1/35581] INFO  impl.MetricsSystemImpl (MetricsSystemImpl.java:stop(210)) - Stopping HddsDatanode metrics system...
2020-07-16 01:27:18,300 [Listener at 127.0.0.1/35581] INFO  impl.MetricsSystemImpl (MetricsSystemImpl.java:stop(216)) - HddsDatanode metrics system stopped.
]]></system-out>
    <system-err><![CDATA[Jul 16, 2020 1:26:46 AM org.apache.ratis.thirdparty.io.grpc.internal.ManagedChannelOrphanWrapper$ManagedChannelReference cleanQueue
SEVERE: *~*~*~ Channel ManagedChannelImpl{logId=631, target=172.17.0.2:36213} was not shutdown properly!!! ~*~*~*
    Make sure to call shutdown()/shutdownNow() and wait until awaitTermination() returns true.
java.lang.RuntimeException: ManagedChannel allocation site
	at org.apache.ratis.thirdparty.io.grpc.internal.ManagedChannelOrphanWrapper$ManagedChannelReference.<init>(ManagedChannelOrphanWrapper.java:94)
	at org.apache.ratis.thirdparty.io.grpc.internal.ManagedChannelOrphanWrapper.<init>(ManagedChannelOrphanWrapper.java:52)
	at org.apache.ratis.thirdparty.io.grpc.internal.ManagedChannelOrphanWrapper.<init>(ManagedChannelOrphanWrapper.java:43)
	at org.apache.ratis.thirdparty.io.grpc.internal.AbstractManagedChannelImplBuilder.build(AbstractManagedChannelImplBuilder.java:518)
	at org.apache.ratis.grpc.client.GrpcClientProtocolClient.<init>(GrpcClientProtocolClient.java:129)
	at org.apache.ratis.grpc.client.GrpcClientRpc.lambda$new$0(GrpcClientRpc.java:55)
	at org.apache.ratis.util.PeerProxyMap$PeerAndProxy.lambda$getProxy$0(PeerProxyMap.java:62)
	at org.apache.ratis.util.LifeCycle.startAndTransition(LifeCycle.java:214)
	at org.apache.ratis.util.PeerProxyMap$PeerAndProxy.getProxy(PeerProxyMap.java:61)
	at org.apache.ratis.util.PeerProxyMap.getProxy(PeerProxyMap.java:109)
	at org.apache.ratis.grpc.client.GrpcClientRpc.sendRequestAsync(GrpcClientRpc.java:66)
	at org.apache.ratis.client.impl.OrderedAsync.sendRequest(OrderedAsync.java:233)
	at org.apache.ratis.client.impl.OrderedAsync.sendRequestWithRetry(OrderedAsync.java:187)
	at org.apache.ratis.util.SlidingWindow$Client.sendOrDelayRequest(SlidingWindow.java:278)
	at org.apache.ratis.util.SlidingWindow$Client.submitNewRequest(SlidingWindow.java:257)
	at org.apache.ratis.client.impl.OrderedAsync.send(OrderedAsync.java:168)
	at org.apache.ratis.client.impl.OrderedAsync.newInstance(OrderedAsync.java:117)
	at org.apache.ratis.client.impl.RaftClientImpl.lambda$new$0(RaftClientImpl.java:127)
	at org.apache.ratis.util.MemoizedSupplier.get(MemoizedSupplier.java:62)
	at org.apache.ratis.client.impl.RaftClientImpl.getOrderedAsync(RaftClientImpl.java:150)
	at org.apache.ratis.client.impl.RaftClientImpl.sendAsync(RaftClientImpl.java:188)
	at org.apache.ratis.client.impl.RaftClientImpl.sendAsync(RaftClientImpl.java:160)
	at org.apache.hadoop.hdds.scm.XceiverClientRatis.lambda$sendRequestAsync$3(XceiverClientRatis.java:224)
	at org.apache.hadoop.hdds.tracing.TracingUtil.executeInNewSpan(TracingUtil.java:159)
	at org.apache.hadoop.hdds.scm.XceiverClientRatis.sendRequestAsync(XceiverClientRatis.java:209)
	at org.apache.hadoop.hdds.scm.XceiverClientRatis.sendCommandAsync(XceiverClientRatis.java:305)
	at org.apache.hadoop.ozone.client.rpc.TestWatchForCommit.testWatchForCommitForGroupMismatchException(TestWatchForCommit.java:335)
	at sun.reflect.NativeMethodAccessorImpl.invoke0(Native Method)
	at sun.reflect.NativeMethodAccessorImpl.invoke(NativeMethodAccessorImpl.java:62)
	at sun.reflect.DelegatingMethodAccessorImpl.invoke(DelegatingMethodAccessorImpl.java:43)
	at java.lang.reflect.Method.invoke(Method.java:498)
	at org.junit.runners.model.FrameworkMethod$1.runReflectiveCall(FrameworkMethod.java:47)
	at org.junit.internal.runners.model.ReflectiveCallable.run(ReflectiveCallable.java:12)
	at org.junit.runners.model.FrameworkMethod.invokeExplosively(FrameworkMethod.java:44)
	at org.junit.internal.runners.statements.InvokeMethod.evaluate(InvokeMethod.java:17)
	at org.junit.internal.runners.statements.RunBefores.evaluate(RunBefores.java:26)
	at org.junit.internal.runners.statements.RunAfters.evaluate(RunAfters.java:27)
	at org.junit.runners.ParentRunner.runLeaf(ParentRunner.java:271)
	at org.junit.runners.BlockJUnit4ClassRunner.runChild(BlockJUnit4ClassRunner.java:70)
	at org.junit.runners.BlockJUnit4ClassRunner.runChild(BlockJUnit4ClassRunner.java:50)
	at org.junit.runners.ParentRunner$3.run(ParentRunner.java:238)
	at org.junit.runners.ParentRunner$1.schedule(ParentRunner.java:63)
	at org.junit.runners.ParentRunner.runChildren(ParentRunner.java:236)
	at org.junit.runners.ParentRunner.access$000(ParentRunner.java:53)
	at org.junit.runners.ParentRunner$2.evaluate(ParentRunner.java:229)
	at org.junit.runners.ParentRunner.run(ParentRunner.java:309)
	at org.apache.maven.surefire.junit4.JUnit4Provider.execute(JUnit4Provider.java:365)
	at org.apache.maven.surefire.junit4.JUnit4Provider.executeWithRerun(JUnit4Provider.java:273)
	at org.apache.maven.surefire.junit4.JUnit4Provider.executeTestSet(JUnit4Provider.java:238)
	at org.apache.maven.surefire.junit4.JUnit4Provider.invoke(JUnit4Provider.java:159)
	at org.apache.maven.surefire.booter.ForkedBooter.invokeProviderInSameClassLoader(ForkedBooter.java:384)
	at org.apache.maven.surefire.booter.ForkedBooter.runSuitesInProcess(ForkedBooter.java:345)
	at org.apache.maven.surefire.booter.ForkedBooter.execute(ForkedBooter.java:126)
	at org.apache.maven.surefire.booter.ForkedBooter.main(ForkedBooter.java:418)

]]></system-err>
  </testcase>
</testsuite>