<?xml version="1.0" encoding="UTF-8"?>
<testsuite xmlns:xsi="http://www.w3.org/2001/XMLSchema-instance" xsi:noNamespaceSchemaLocation="https://maven.apache.org/surefire/maven-surefire-plugin/xsd/surefire-test-report.xsd" name="org.apache.hadoop.fs.ozone.TestOzoneFileInterfaces" time="436.395" tests="18" errors="0" skipped="0" failures="1">
  <properties>
    <property name="awt.toolkit" value="sun.awt.X11.XToolkit"/>
    <property name="file.encoding.pkg" value="sun.io"/>
    <property name="java.specification.version" value="1.8"/>
    <property name="sun.cpu.isalist" value=""/>
    <property name="sun.jnu.encoding" value="ANSI_X3.4-1968"/>
    <property name="java.class.path" value="/github/workspace/mnt/ozone/hadoop-ozone/integration-test/target/test-classes:/github/workspace/mnt/ozone/hadoop-ozone/integration-test/target/classes:/home/user/.m2/repository/org/apache/hadoop/hadoop-ozone-common/0.6.0-SNAPSHOT/hadoop-ozone-common-0.6.0-SNAPSHOT.jar:/home/user/.m2/repository/org/apache/commons/commons-compress/1.4.1/commons-compress-1.4.1.jar:/home/user/.m2/repository/org/tukaani/xz/1.0/xz-1.0.jar:/home/user/.m2/repository/org/apache/hadoop/hadoop-hdds-common/0.6.0-SNAPSHOT/hadoop-hdds-common-0.6.0-SNAPSHOT.jar:/home/user/.m2/repository/info/picocli/picocli/3.9.6/picocli-3.9.6.jar:/home/user/.m2/repository/com/fasterxml/jackson/core/jackson-annotations/2.10.3/jackson-annotations-2.10.3.jar:/home/user/.m2/repository/javax/annotation/javax.annotation-api/1.2/javax.annotation-api-1.2.jar:/home/user/.m2/repository/org/apache/ratis/ratis-server/0.6.0-490b689-SNAPSHOT/ratis-server-0.6.0-490b689-SNAPSHOT.jar:/home/user/.m2/repository/org/apache/ratis/ratis-thirdparty-misc/0.3.0/ratis-thirdparty-misc-0.3.0.jar:/home/user/.m2/repository/org/apache/ratis/ratis-client/0.6.0-490b689-SNAPSHOT/ratis-client-0.6.0-490b689-SNAPSHOT.jar:/home/user/.m2/repository/org/apache/ratis/ratis-metrics/0.6.0-490b689-SNAPSHOT/ratis-metrics-0.6.0-490b689-SNAPSHOT.jar:/home/user/.m2/repository/org/apache/ratis/ratis-netty/0.6.0-490b689-SNAPSHOT/ratis-netty-0.6.0-490b689-SNAPSHOT.jar:/home/user/.m2/repository/org/apache/ratis/ratis-grpc/0.6.0-490b689-SNAPSHOT/ratis-grpc-0.6.0-490b689-SNAPSHOT.jar:/home/user/.m2/repository/org/apache/logging/log4j/log4j-api/2.11.0/log4j-api-2.11.0.jar:/home/user/.m2/repository/org/apache/logging/log4j/log4j-core/2.11.0/log4j-core-2.11.0.jar:/home/user/.m2/repository/com/lmax/disruptor/3.4.2/disruptor-3.4.2.jar:/home/user/.m2/repository/org/apache/commons/commons-pool2/2.6.0/commons-pool2-2.6.0.jar:/home/user/.m2/repository/org/bouncycastle/bcpkix-jdk15on/1.60/bcpkix-jdk15on-1.60.jar:/home/user/.m2/repository/commons-validator/commons-validator/1.6/commons-validator-1.6.jar:/home/user/.m2/repository/commons-digester/commons-digester/1.8.1/commons-digester-1.8.1.jar:/home/user/.m2/repository/io/jaegertracing/jaeger-client/1.2.0/jaeger-client-1.2.0.jar:/home/user/.m2/repository/io/jaegertracing/jaeger-thrift/1.2.0/jaeger-thrift-1.2.0.jar:/home/user/.m2/repository/org/apache/thrift/libthrift/0.13.0/libthrift-0.13.0.jar:/home/user/.m2/repository/com/squareup/okhttp3/okhttp/4.2.2/okhttp-4.2.2.jar:/home/user/.m2/repository/com/squareup/okio/okio/2.2.2/okio-2.2.2.jar:/home/user/.m2/repository/org/jetbrains/kotlin/kotlin-stdlib/1.3.50/kotlin-stdlib-1.3.50.jar:/home/user/.m2/repository/org/jetbrains/kotlin/kotlin-stdlib-common/1.3.50/kotlin-stdlib-common-1.3.50.jar:/home/user/.m2/repository/org/jetbrains/annotations/13.0/annotations-13.0.jar:/home/user/.m2/repository/io/jaegertracing/jaeger-core/1.2.0/jaeger-core-1.2.0.jar:/home/user/.m2/repository/io/jaegertracing/jaeger-tracerresolver/1.2.0/jaeger-tracerresolver-1.2.0.jar:/home/user/.m2/repository/io/opentracing/contrib/opentracing-tracerresolver/0.1.8/opentracing-tracerresolver-0.1.8.jar:/home/user/.m2/repository/io/opentracing/opentracing-util/0.33.0/opentracing-util-0.33.0.jar:/home/user/.m2/repository/io/opentracing/opentracing-api/0.33.0/opentracing-api-0.33.0.jar:/home/user/.m2/repository/io/opentracing/opentracing-noop/0.33.0/opentracing-noop-0.33.0.jar:/home/user/.m2/repository/org/apache/hadoop/hadoop-hdds-client/0.6.0-SNAPSHOT/hadoop-hdds-client-0.6.0-SNAPSHOT.jar:/home/user/.m2/repository/org/apache/hadoop/hadoop-hdds-test-utils/0.6.0-SNAPSHOT/hadoop-hdds-test-utils-0.6.0-SNAPSHOT.jar:/home/user/.m2/repository/com/google/guava/guava/28.2-jre/guava-28.2-jre.jar:/home/user/.m2/repository/com/google/guava/failureaccess/1.0.1/failureaccess-1.0.1.jar:/home/user/.m2/repository/com/google/guava/listenablefuture/9999.0-empty-to-avoid-conflict-with-guava/listenablefuture-9999.0-empty-to-avoid-conflict-with-guava.jar:/home/user/.m2/repository/com/google/code/findbugs/jsr305/3.0.0/jsr305-3.0.0.jar:/home/user/.m2/repository/org/checkerframework/checker-qual/2.10.0/checker-qual-2.10.0.jar:/home/user/.m2/repository/com/google/errorprone/error_prone_annotations/2.3.4/error_prone_annotations-2.3.4.jar:/home/user/.m2/repository/com/google/j2objc/j2objc-annotations/1.3/j2objc-annotations-1.3.jar:/home/user/.m2/repository/commons-io/commons-io/2.5/commons-io-2.5.jar:/home/user/.m2/repository/commons-logging/commons-logging/1.1.3/commons-logging-1.1.3.jar:/home/user/.m2/repository/log4j/log4j/1.2.17/log4j-1.2.17.jar:/home/user/.m2/repository/org/apache/commons/commons-lang3/3.7/commons-lang3-3.7.jar:/home/user/.m2/repository/org/slf4j/slf4j-api/1.7.25/slf4j-api-1.7.25.jar:/home/user/.m2/repository/org/apache/hadoop/hadoop-hdds-server-scm/0.6.0-SNAPSHOT/hadoop-hdds-server-scm-0.6.0-SNAPSHOT.jar:/home/user/.m2/repository/org/apache/hadoop/hadoop-hdds-container-service/0.6.0-SNAPSHOT/hadoop-hdds-container-service-0.6.0-SNAPSHOT.jar:/home/user/.m2/repository/org/apache/hadoop/hadoop-hdds-hadoop-dependency-server/0.6.0-SNAPSHOT/hadoop-hdds-hadoop-dependency-server-0.6.0-SNAPSHOT.jar:/home/user/.m2/repository/org/apache/hadoop/hadoop-hdds-server-framework/0.6.0-SNAPSHOT/hadoop-hdds-server-framework-0.6.0-SNAPSHOT.jar:/home/user/.m2/repository/org/rocksdb/rocksdbjni/6.6.4/rocksdbjni-6.6.4.jar:/home/user/.m2/repository/io/prometheus/simpleclient_dropwizard/0.7.0/simpleclient_dropwizard-0.7.0.jar:/home/user/.m2/repository/io/prometheus/simpleclient/0.7.0/simpleclient-0.7.0.jar:/home/user/.m2/repository/io/prometheus/simpleclient_common/0.7.0/simpleclient_common-0.7.0.jar:/home/user/.m2/repository/com/fasterxml/jackson/datatype/jackson-datatype-jsr310/2.10.3/jackson-datatype-jsr310-2.10.3.jar:/home/user/.m2/repository/org/apache/hadoop/hadoop-hdds-docs/0.6.0-SNAPSHOT/hadoop-hdds-docs-0.6.0-SNAPSHOT.jar:/home/user/.m2/repository/io/dropwizard/metrics/metrics-core/3.2.4/metrics-core-3.2.4.jar:/home/user/.m2/repository/org/apache/hadoop/hadoop-hdfs-client/3.2.0/hadoop-hdfs-client-3.2.0.jar:/home/user/.m2/repository/org/bouncycastle/bcprov-jdk15on/1.60/bcprov-jdk15on-1.60.jar:/home/user/.m2/repository/org/apache/hadoop/hadoop-ozone-ozone-manager/0.6.0-SNAPSHOT/hadoop-ozone-ozone-manager-0.6.0-SNAPSHOT.jar:/home/user/.m2/repository/org/apache/hadoop/hadoop-minikdc/3.2.0/hadoop-minikdc-3.2.0.jar:/home/user/.m2/repository/org/apache/kerby/kerb-simplekdc/1.0.1/kerb-simplekdc-1.0.1.jar:/home/user/.m2/repository/org/apache/kerby/kerb-client/1.0.1/kerb-client-1.0.1.jar:/home/user/.m2/repository/org/apache/kerby/kerby-config/1.0.1/kerby-config-1.0.1.jar:/home/user/.m2/repository/org/apache/kerby/kerb-core/1.0.1/kerb-core-1.0.1.jar:/home/user/.m2/repository/org/apache/kerby/kerby-pkix/1.0.1/kerby-pkix-1.0.1.jar:/home/user/.m2/repository/org/apache/kerby/kerby-asn1/1.0.1/kerby-asn1-1.0.1.jar:/home/user/.m2/repository/org/apache/kerby/kerby-util/1.0.1/kerby-util-1.0.1.jar:/home/user/.m2/repository/org/apache/kerby/kerb-common/1.0.1/kerb-common-1.0.1.jar:/home/user/.m2/repository/org/apache/kerby/kerb-crypto/1.0.1/kerb-crypto-1.0.1.jar:/home/user/.m2/repository/org/apache/kerby/kerb-util/1.0.1/kerb-util-1.0.1.jar:/home/user/.m2/repository/org/apache/kerby/token-provider/1.0.1/token-provider-1.0.1.jar:/home/user/.m2/repository/org/apache/kerby/kerb-admin/1.0.1/kerb-admin-1.0.1.jar:/home/user/.m2/repository/org/apache/kerby/kerb-server/1.0.1/kerb-server-1.0.1.jar:/home/user/.m2/repository/org/apache/kerby/kerb-identity/1.0.1/kerb-identity-1.0.1.jar:/home/user/.m2/repository/org/apache/kerby/kerby-xdr/1.0.1/kerby-xdr-1.0.1.jar:/home/user/.m2/repository/org/slf4j/slf4j-log4j12/1.7.25/slf4j-log4j12-1.7.25.jar:/home/user/.m2/repository/org/apache/hadoop/hadoop-ozone-s3gateway/0.6.0-SNAPSHOT/hadoop-ozone-s3gateway-0.6.0-SNAPSHOT.jar:/home/user/.m2/repository/org/jboss/weld/servlet/weld-servlet/2.4.7.Final/weld-servlet-2.4.7.Final.jar:/home/user/.m2/repository/org/glassfish/jersey/containers/jersey-container-servlet-core/2.27/jersey-container-servlet-core-2.27.jar:/home/user/.m2/repository/org/glassfish/hk2/external/javax.inject/2.5.0-b42/javax.inject-2.5.0-b42.jar:/home/user/.m2/repository/org/glassfish/jersey/core/jersey-common/2.27/jersey-common-2.27.jar:/home/user/.m2/repository/org/glassfish/hk2/osgi-resource-locator/1.0.1/osgi-resource-locator-1.0.1.jar:/home/user/.m2/repository/javax/ws/rs/javax.ws.rs-api/2.1/javax.ws.rs-api-2.1.jar:/home/user/.m2/repository/org/glassfish/jersey/ext/cdi/jersey-cdi1x/2.27/jersey-cdi1x-2.27.jar:/home/user/.m2/repository/org/glassfish/jersey/inject/jersey-hk2/2.27/jersey-hk2-2.27.jar:/home/user/.m2/repository/org/glassfish/hk2/hk2-locator/2.5.0-b42/hk2-locator-2.5.0-b42.jar:/home/user/.m2/repository/org/javassist/javassist/3.22.0-CR2/javassist-3.22.0-CR2.jar:/home/user/.m2/repository/org/glassfish/hk2/hk2-api/2.5.0/hk2-api-2.5.0.jar:/home/user/.m2/repository/org/glassfish/hk2/external/jakarta.inject/2.5.0/jakarta.inject-2.5.0.jar:/home/user/.m2/repository/org/glassfish/hk2/hk2-utils/2.5.0/hk2-utils-2.5.0.jar:/home/user/.m2/repository/jakarta/annotation/jakarta.annotation-api/1.3.4/jakarta.annotation-api-1.3.4.jar:/home/user/.m2/repository/org/glassfish/hk2/external/aopalliance-repackaged/2.5.0/aopalliance-repackaged-2.5.0.jar:/home/user/.m2/repository/com/fasterxml/jackson/dataformat/jackson-dataformat-xml/2.9.0/jackson-dataformat-xml-2.9.0.jar:/home/user/.m2/repository/com/fasterxml/jackson/core/jackson-core/2.10.3/jackson-core-2.10.3.jar:/home/user/.m2/repository/com/fasterxml/jackson/module/jackson-module-jaxb-annotations/2.10.3/jackson-module-jaxb-annotations-2.10.3.jar:/home/user/.m2/repository/jakarta/xml/bind/jakarta.xml.bind-api/2.3.2/jakarta.xml.bind-api-2.3.2.jar:/home/user/.m2/repository/jakarta/activation/jakarta.activation-api/1.2.1/jakarta.activation-api-1.2.1.jar:/home/user/.m2/repository/org/codehaus/woodstox/stax2-api/3.1.4/stax2-api-3.1.4.jar:/home/user/.m2/repository/com/fasterxml/woodstox/woodstox-core/5.0.3/woodstox-core-5.0.3.jar:/home/user/.m2/repository/javax/enterprise/cdi-api/1.2/cdi-api-1.2.jar:/home/user/.m2/repository/javax/el/javax.el-api/3.0.0/javax.el-api-3.0.0.jar:/home/user/.m2/repository/javax/interceptor/javax.interceptor-api/1.2/javax.interceptor-api-1.2.jar:/home/user/.m2/repository/javax/inject/javax.inject/1/javax.inject-1.jar:/home/user/.m2/repository/com/sun/xml/bind/jaxb-impl/2.3.0.1/jaxb-impl-2.3.0.1.jar:/home/user/.m2/repository/com/sun/xml/bind/jaxb-core/2.3.0.1/jaxb-core-2.3.0.1.jar:/home/user/.m2/repository/javax/xml/bind/jaxb-api/2.3.0/jaxb-api-2.3.0.jar:/home/user/.m2/repository/javax/activation/activation/1.1.1/activation-1.1.1.jar:/home/user/.m2/repository/org/apache/hadoop/hadoop-ozone-csi/0.6.0-SNAPSHOT/hadoop-ozone-csi-0.6.0-SNAPSHOT.jar:/home/user/.m2/repository/com/google/protobuf/protobuf-java-util/3.5.1/protobuf-java-util-3.5.1.jar:/home/user/.m2/repository/com/google/code/gson/gson/2.2.4/gson-2.2.4.jar:/home/user/.m2/repository/org/apache/hadoop/hadoop-hdds-config/0.6.0-SNAPSHOT/hadoop-hdds-config-0.6.0-SNAPSHOT.jar:/home/user/.m2/repository/com/google/protobuf/protobuf-java/2.5.0/protobuf-java-2.5.0.jar:/home/user/.m2/repository/io/grpc/grpc-netty/1.17.1/grpc-netty-1.17.1.jar:/home/user/.m2/repository/io/grpc/grpc-core/1.17.1/grpc-core-1.17.1.jar:/home/user/.m2/repository/io/grpc/grpc-context/1.17.1/grpc-context-1.17.1.jar:/home/user/.m2/repository/org/codehaus/mojo/animal-sniffer-annotations/1.17/animal-sniffer-annotations-1.17.jar:/home/user/.m2/repository/io/opencensus/opencensus-api/0.17.0/opencensus-api-0.17.0.jar:/home/user/.m2/repository/io/opencensus/opencensus-contrib-grpc-metrics/0.17.0/opencensus-contrib-grpc-metrics-0.17.0.jar:/home/user/.m2/repository/io/netty/netty-codec-http2/4.1.30.Final/netty-codec-http2-4.1.30.Final.jar:/home/user/.m2/repository/io/netty/netty-codec-http/4.1.30.Final/netty-codec-http-4.1.30.Final.jar:/home/user/.m2/repository/io/netty/netty-codec/4.1.30.Final/netty-codec-4.1.30.Final.jar:/home/user/.m2/repository/io/netty/netty-handler/4.1.30.Final/netty-handler-4.1.30.Final.jar:/home/user/.m2/repository/io/netty/netty-handler-proxy/4.1.30.Final/netty-handler-proxy-4.1.30.Final.jar:/home/user/.m2/repository/io/netty/netty-codec-socks/4.1.30.Final/netty-codec-socks-4.1.30.Final.jar:/home/user/.m2/repository/io/netty/netty-transport-native-epoll/4.1.30.Final/netty-transport-native-epoll-4.1.30.Final.jar:/home/user/.m2/repository/io/netty/netty-common/4.1.30.Final/netty-common-4.1.30.Final.jar:/home/user/.m2/repository/io/netty/netty-buffer/4.1.30.Final/netty-buffer-4.1.30.Final.jar:/home/user/.m2/repository/io/netty/netty-transport/4.1.30.Final/netty-transport-4.1.30.Final.jar:/home/user/.m2/repository/io/netty/netty-resolver/4.1.30.Final/netty-resolver-4.1.30.Final.jar:/home/user/.m2/repository/io/netty/netty-transport-native-unix-common/4.1.30.Final/netty-transport-native-unix-common-4.1.30.Final.jar:/home/user/.m2/repository/io/grpc/grpc-protobuf/1.17.1/grpc-protobuf-1.17.1.jar:/home/user/.m2/repository/com/google/api/grpc/proto-google-common-protos/1.0.0/proto-google-common-protos-1.0.0.jar:/home/user/.m2/repository/io/grpc/grpc-protobuf-lite/1.17.1/grpc-protobuf-lite-1.17.1.jar:/home/user/.m2/repository/io/grpc/grpc-stub/1.17.1/grpc-stub-1.17.1.jar:/home/user/.m2/repository/org/apache/hadoop/hadoop-ozone-recon/0.6.0-SNAPSHOT/hadoop-ozone-recon-0.6.0-SNAPSHOT.jar:/home/user/.m2/repository/org/apache/hadoop/hadoop-ozone-reconcodegen/0.6.0-SNAPSHOT/hadoop-ozone-reconcodegen-0.6.0-SNAPSHOT.jar:/home/user/.m2/repository/com/google/inject/extensions/guice-multibindings/4.0/guice-multibindings-4.0.jar:/home/user/.m2/repository/com/google/inject/guice/4.0/guice-4.0.jar:/home/user/.m2/repository/aopalliance/aopalliance/1.0/aopalliance-1.0.jar:/home/user/.m2/repository/com/google/inject/extensions/guice-servlet/4.0/guice-servlet-4.0.jar:/home/user/.m2/repository/org/glassfish/jersey/containers/jersey-container-servlet/2.27/jersey-container-servlet-2.27.jar:/home/user/.m2/repository/org/glassfish/hk2/guice-bridge/2.5.0/guice-bridge-2.5.0.jar:/home/user/.m2/repository/org/glassfish/jersey/core/jersey-server/2.27/jersey-server-2.27.jar:/home/user/.m2/repository/org/glassfish/jersey/core/jersey-client/2.27/jersey-client-2.27.jar:/home/user/.m2/repository/org/glassfish/jersey/media/jersey-media-jaxb/2.27/jersey-media-jaxb-2.27.jar:/home/user/.m2/repository/javax/validation/validation-api/1.1.0.Final/validation-api-1.1.0.Final.jar:/home/user/.m2/repository/org/glassfish/jersey/media/jersey-media-json-jackson/2.27/jersey-media-json-jackson-2.27.jar:/home/user/.m2/repository/org/glassfish/jersey/ext/jersey-entity-filtering/2.27/jersey-entity-filtering-2.27.jar:/home/user/.m2/repository/com/google/inject/extensions/guice-assistedinject/4.0/guice-assistedinject-4.0.jar:/home/user/.m2/repository/org/jooq/jooq/3.11.10/jooq-3.11.10.jar:/home/user/.m2/repository/org/jooq/jooq-meta/3.11.10/jooq-meta-3.11.10.jar:/home/user/.m2/repository/org/jooq/jooq-codegen/3.11.10/jooq-codegen-3.11.10.jar:/home/user/.m2/repository/com/jolbox/bonecp/0.8.0.RELEASE/bonecp-0.8.0.RELEASE.jar:/home/user/.m2/repository/org/xerial/sqlite-jdbc/3.25.2/sqlite-jdbc-3.25.2.jar:/home/user/.m2/repository/org/springframework/spring-jdbc/5.2.5.RELEASE/spring-jdbc-5.2.5.RELEASE.jar:/home/user/.m2/repository/org/springframework/spring-beans/5.2.5.RELEASE/spring-beans-5.2.5.RELEASE.jar:/home/user/.m2/repository/org/springframework/spring-core/5.2.5.RELEASE/spring-core-5.2.5.RELEASE.jar:/home/user/.m2/repository/org/springframework/spring-jcl/5.2.5.RELEASE/spring-jcl-5.2.5.RELEASE.jar:/home/user/.m2/repository/org/springframework/spring-tx/5.2.5.RELEASE/spring-tx-5.2.5.RELEASE.jar:/home/user/.m2/repository/org/apache/hadoop/hadoop-ozone-client/0.6.0-SNAPSHOT/hadoop-ozone-client-0.6.0-SNAPSHOT.jar:/home/user/.m2/repository/org/apache/hadoop/hadoop-ozone-filesystem/0.6.0-SNAPSHOT/hadoop-ozone-filesystem-0.6.0-SNAPSHOT.jar:/home/user/.m2/repository/org/apache/hadoop/hadoop-hdds-hadoop-dependency-client/0.6.0-SNAPSHOT/hadoop-hdds-hadoop-dependency-client-0.6.0-SNAPSHOT.jar:/home/user/.m2/repository/org/apache/hadoop/hadoop-ozone-tools/0.6.0-SNAPSHOT/hadoop-ozone-tools-0.6.0-SNAPSHOT.jar:/home/user/.m2/repository/org/apache/hadoop/hadoop-hdfs/3.2.0/hadoop-hdfs-3.2.0.jar:/home/user/.m2/repository/org/apache/ratis/ratis-tools/0.6.0-490b689-SNAPSHOT/ratis-tools-0.6.0-490b689-SNAPSHOT.jar:/home/user/.m2/repository/org/apache/ratis/ratis-proto/0.6.0-490b689-SNAPSHOT/ratis-proto-0.6.0-490b689-SNAPSHOT.jar:/home/user/.m2/repository/org/apache/ratis/ratis-common/0.6.0-490b689-SNAPSHOT/ratis-common-0.6.0-490b689-SNAPSHOT.jar:/home/user/.m2/repository/com/amazonaws/aws-java-sdk-core/1.11.615/aws-java-sdk-core-1.11.615.jar:/home/user/.m2/repository/org/apache/httpcomponents/httpclient/4.5.2/httpclient-4.5.2.jar:/home/user/.m2/repository/org/apache/httpcomponents/httpcore/4.4.4/httpcore-4.4.4.jar:/home/user/.m2/repository/software/amazon/ion/ion-java/1.0.2/ion-java-1.0.2.jar:/home/user/.m2/repository/com/fasterxml/jackson/dataformat/jackson-dataformat-cbor/2.10.3/jackson-dataformat-cbor-2.10.3.jar:/home/user/.m2/repository/joda-time/joda-time/2.9.9/joda-time-2.9.9.jar:/home/user/.m2/repository/com/amazonaws/aws-java-sdk-s3/1.11.615/aws-java-sdk-s3-1.11.615.jar:/home/user/.m2/repository/com/amazonaws/aws-java-sdk-kms/1.11.615/aws-java-sdk-kms-1.11.615.jar:/home/user/.m2/repository/com/amazonaws/jmespath-java/1.11.615/jmespath-java-1.11.615.jar:/home/user/.m2/repository/org/apache/hadoop/hadoop-hdds-tools/0.6.0-SNAPSHOT/hadoop-hdds-tools-0.6.0-SNAPSHOT.jar:/home/user/.m2/repository/commons-cli/commons-cli/1.2/commons-cli-1.2.jar:/home/user/.m2/repository/commons-lang/commons-lang/2.6/commons-lang-2.6.jar:/home/user/.m2/repository/org/apache/hadoop/hadoop-ozone-ozone-manager/0.6.0-SNAPSHOT/hadoop-ozone-ozone-manager-0.6.0-SNAPSHOT-tests.jar:/home/user/.m2/repository/junit/junit/4.11/junit-4.11.jar:/home/user/.m2/repository/org/hamcrest/hamcrest-core/1.3/hamcrest-core-1.3.jar:/home/user/.m2/repository/org/openjdk/jmh/jmh-core/1.19/jmh-core-1.19.jar:/home/user/.m2/repository/net/sf/jopt-simple/jopt-simple/4.6/jopt-simple-4.6.jar:/home/user/.m2/repository/org/apache/commons/commons-math3/3.1.1/commons-math3-3.1.1.jar:/home/user/.m2/repository/org/openjdk/jmh/jmh-generator-annprocess/1.19/jmh-generator-annprocess-1.19.jar:/home/user/.m2/repository/org/mockito/mockito-all/1.8.5/mockito-all-1.8.5.jar:/home/user/.m2/repository/org/apache/hadoop/hadoop-kms/3.2.0/hadoop-kms-3.2.0.jar:/home/user/.m2/repository/org/apache/hadoop/hadoop-auth/3.2.0/hadoop-auth-3.2.0.jar:/home/user/.m2/repository/com/nimbusds/nimbus-jose-jwt/7.9/nimbus-jose-jwt-7.9.jar:/home/user/.m2/repository/com/github/stephenc/jcip/jcip-annotations/1.0-1/jcip-annotations-1.0-1.jar:/home/user/.m2/repository/net/minidev/json-smart/2.3/json-smart-2.3.jar:/home/user/.m2/repository/net/minidev/accessors-smart/1.2/accessors-smart-1.2.jar:/home/user/.m2/repository/org/ow2/asm/asm/5.0.4/asm-5.0.4.jar:/home/user/.m2/repository/org/apache/zookeeper/zookeeper/3.4.13/zookeeper-3.4.13.jar:/home/user/.m2/repository/org/apache/yetus/audience-annotations/0.5.0/audience-annotations-0.5.0.jar:/home/user/.m2/repository/org/apache/curator/curator-framework/2.12.0/curator-framework-2.12.0.jar:/home/user/.m2/repository/com/sun/jersey/jersey-core/1.19/jersey-core-1.19.jar:/home/user/.m2/repository/javax/ws/rs/jsr311-api/1.1.1/jsr311-api-1.1.1.jar:/home/user/.m2/repository/com/sun/jersey/jersey-server/1.19/jersey-server-1.19.jar:/home/user/.m2/repository/javax/servlet/javax.servlet-api/3.1.0/javax.servlet-api-3.1.0.jar:/home/user/.m2/repository/org/eclipse/jetty/jetty-server/9.4.26.v20200117/jetty-server-9.4.26.v20200117.jar:/home/user/.m2/repository/org/eclipse/jetty/jetty-http/9.4.26.v20200117/jetty-http-9.4.26.v20200117.jar:/home/user/.m2/repository/org/eclipse/jetty/jetty-io/9.4.26.v20200117/jetty-io-9.4.26.v20200117.jar:/home/user/.m2/repository/org/eclipse/jetty/jetty-webapp/9.4.26.v20200117/jetty-webapp-9.4.26.v20200117.jar:/home/user/.m2/repository/org/eclipse/jetty/jetty-xml/9.4.26.v20200117/jetty-xml-9.4.26.v20200117.jar:/home/user/.m2/repository/org/eclipse/jetty/jetty-servlet/9.4.26.v20200117/jetty-servlet-9.4.26.v20200117.jar:/home/user/.m2/repository/org/eclipse/jetty/jetty-security/9.4.26.v20200117/jetty-security-9.4.26.v20200117.jar:/home/user/.m2/repository/org/apache/hadoop/hadoop-common/3.2.0/hadoop-common-3.2.0.jar:/home/user/.m2/repository/commons-net/commons-net/3.6/commons-net-3.6.jar:/home/user/.m2/repository/commons-collections/commons-collections/3.2.2/commons-collections-3.2.2.jar:/home/user/.m2/repository/com/sun/jersey/jersey-servlet/1.19/jersey-servlet-1.19.jar:/home/user/.m2/repository/com/sun/jersey/jersey-json/1.19/jersey-json-1.19.jar:/home/user/.m2/repository/org/codehaus/jettison/jettison/1.1/jettison-1.1.jar:/home/user/.m2/repository/org/codehaus/jackson/jackson-jaxrs/1.9.2/jackson-jaxrs-1.9.2.jar:/home/user/.m2/repository/org/codehaus/jackson/jackson-xc/1.9.2/jackson-xc-1.9.2.jar:/home/user/.m2/repository/commons-beanutils/commons-beanutils/1.9.4/commons-beanutils-1.9.4.jar:/home/user/.m2/repository/org/apache/commons/commons-configuration2/2.1.1/commons-configuration2-2.1.1.jar:/home/user/.m2/repository/org/apache/commons/commons-text/1.4/commons-text-1.4.jar:/home/user/.m2/repository/com/google/re2j/re2j/1.1/re2j-1.1.jar:/home/user/.m2/repository/com/jcraft/jsch/0.1.54/jsch-0.1.54.jar:/home/user/.m2/repository/org/apache/curator/curator-client/2.12.0/curator-client-2.12.0.jar:/home/user/.m2/repository/org/apache/curator/curator-recipes/2.12.0/curator-recipes-2.12.0.jar:/home/user/.m2/repository/dnsjava/dnsjava/2.1.7/dnsjava-2.1.7.jar:/home/user/.m2/repository/org/slf4j/jul-to-slf4j/1.7.25/jul-to-slf4j-1.7.25.jar:/home/user/.m2/repository/org/eclipse/jetty/jetty-util/9.4.26.v20200117/jetty-util-9.4.26.v20200117.jar:/home/user/.m2/repository/com/fasterxml/jackson/core/jackson-databind/2.10.3/jackson-databind-2.10.3.jar:/home/user/.m2/repository/org/apache/hadoop/hadoop-kms/3.2.0/hadoop-kms-3.2.0-tests.jar:/home/user/.m2/repository/org/apache/hadoop/hadoop-hdds-server-scm/0.6.0-SNAPSHOT/hadoop-hdds-server-scm-0.6.0-SNAPSHOT-tests.jar:/home/user/.m2/repository/org/apache/hadoop/hadoop-hdds-container-service/0.6.0-SNAPSHOT/hadoop-hdds-container-service-0.6.0-SNAPSHOT-tests.jar:/home/user/.m2/repository/org/apache/hadoop/hadoop-hdds-common/0.6.0-SNAPSHOT/hadoop-hdds-common-0.6.0-SNAPSHOT-tests.jar:/home/user/.m2/repository/org/yaml/snakeyaml/1.16/snakeyaml-1.16.jar:/home/user/.m2/repository/org/apache/hadoop/hadoop-hdds-hadoop-dependency-test/0.6.0-SNAPSHOT/hadoop-hdds-hadoop-dependency-test-0.6.0-SNAPSHOT.jar:/home/user/.m2/repository/org/apache/hadoop/hadoop-common/3.2.0/hadoop-common-3.2.0-tests.jar:/home/user/.m2/repository/javax/servlet/jsp/jsp-api/2.1/jsp-api-2.1.jar:/home/user/.m2/repository/org/apache/hadoop/hadoop-hdfs/3.2.0/hadoop-hdfs-3.2.0-tests.jar:/home/user/.m2/repository/org/eclipse/jetty/jetty-util-ajax/9.4.26.v20200117/jetty-util-ajax-9.4.26.v20200117.jar:/home/user/.m2/repository/commons-codec/commons-codec/1.11/commons-codec-1.11.jar:/home/user/.m2/repository/commons-daemon/commons-daemon/1.0.13/commons-daemon-1.0.13.jar:/home/user/.m2/repository/io/netty/netty/3.10.5.Final/netty-3.10.5.Final.jar:/home/user/.m2/repository/io/netty/netty-all/4.1.47.Final/netty-all-4.1.47.Final.jar:/home/user/.m2/repository/org/apache/htrace/htrace-core4/4.1.0-incubating/htrace-core4-4.1.0-incubating.jar:/home/user/.m2/repository/org/fusesource/leveldbjni/leveldbjni-all/1.8/leveldbjni-all-1.8.jar:/home/user/.m2/repository/org/apache/hadoop/hadoop-distcp/3.2.0/hadoop-distcp-3.2.0.jar:/home/user/.m2/repository/org/apache/hadoop/hadoop-mapreduce-client-jobclient/3.2.0/hadoop-mapreduce-client-jobclient-3.2.0.jar:/home/user/.m2/repository/org/apache/hadoop/hadoop-mapreduce-client-common/3.2.0/hadoop-mapreduce-client-common-3.2.0.jar:/home/user/.m2/repository/org/apache/hadoop/hadoop-yarn-common/3.2.0/hadoop-yarn-common-3.2.0.jar:/home/user/.m2/repository/org/apache/hadoop/hadoop-yarn-api/3.2.0/hadoop-yarn-api-3.2.0.jar:/home/user/.m2/repository/com/sun/jersey/jersey-client/1.19/jersey-client-1.19.jar:/home/user/.m2/repository/com/sun/jersey/contribs/jersey-guice/1.19/jersey-guice-1.19.jar:/home/user/.m2/repository/com/fasterxml/jackson/jaxrs/jackson-jaxrs-json-provider/2.10.3/jackson-jaxrs-json-provider-2.10.3.jar:/home/user/.m2/repository/com/fasterxml/jackson/jaxrs/jackson-jaxrs-base/2.10.3/jackson-jaxrs-base-2.10.3.jar:/home/user/.m2/repository/org/apache/hadoop/hadoop-yarn-client/3.2.0/hadoop-yarn-client-3.2.0.jar:/home/user/.m2/repository/org/apache/hadoop/hadoop-mapreduce-client-core/3.2.0/hadoop-mapreduce-client-core-3.2.0.jar:/home/user/.m2/repository/org/apache/avro/avro/1.7.7/avro-1.7.7.jar:/home/user/.m2/repository/org/codehaus/jackson/jackson-core-asl/1.9.13/jackson-core-asl-1.9.13.jar:/home/user/.m2/repository/org/codehaus/jackson/jackson-mapper-asl/1.9.13/jackson-mapper-asl-1.9.13.jar:/home/user/.m2/repository/com/thoughtworks/paranamer/paranamer/2.3/paranamer-2.3.jar:/home/user/.m2/repository/org/xerial/snappy/snappy-java/1.0.5/snappy-java-1.0.5.jar:/home/user/.m2/repository/org/apache/hadoop/hadoop-annotations/3.2.0/hadoop-annotations-3.2.0.jar:/usr/lib/jvm/java-1.8.0-openjdk-1.8.0.232.b09-0.el7_7.x86_64/jre/../lib/tools.jar:/home/user/.m2/repository/org/apache/hadoop/hadoop-distcp/3.2.0/hadoop-distcp-3.2.0-tests.jar:"/>
    <property name="java.vm.vendor" value="Oracle Corporation"/>
    <property name="sun.arch.data.model" value="64"/>
    <property name="test.build.dir" value="/github/workspace/mnt/ozone/hadoop-ozone/integration-test/target/test-dir"/>
    <property name="test.cache.data" value=""/>
    <property name="java.vendor.url" value="http://java.oracle.com/"/>
    <property name="user.timezone" value=""/>
    <property name="java.vm.specification.version" value="1.8"/>
    <property name="os.name" value="Linux"/>
    <property name="test.build.data" value="/github/workspace/mnt/ozone/hadoop-ozone/integration-test/target/test-dir"/>
    <property name="user.country" value="US"/>
    <property name="sun.java.launcher" value="SUN_STANDARD"/>
    <property name="sun.boot.library.path" value="/usr/lib/jvm/java-1.8.0-openjdk-1.8.0.232.b09-0.el7_7.x86_64/jre/lib/amd64"/>
    <property name="sun.java.command" value="/github/workspace/mnt/ozone/hadoop-ozone/integration-test/target/surefire/surefirebooter5649234322545243816.jar /github/workspace/mnt/ozone/hadoop-ozone/integration-test/target/surefire 2020-04-28T05-55-28_095-jvmRun1 surefire8783738868625108613tmp surefire_3671064065591930329tmp"/>
    <property name="surefire.test.class.path" value="/github/workspace/mnt/ozone/hadoop-ozone/integration-test/target/test-classes:/github/workspace/mnt/ozone/hadoop-ozone/integration-test/target/classes:/home/user/.m2/repository/org/apache/hadoop/hadoop-ozone-common/0.6.0-SNAPSHOT/hadoop-ozone-common-0.6.0-SNAPSHOT.jar:/home/user/.m2/repository/org/apache/commons/commons-compress/1.4.1/commons-compress-1.4.1.jar:/home/user/.m2/repository/org/tukaani/xz/1.0/xz-1.0.jar:/home/user/.m2/repository/org/apache/hadoop/hadoop-hdds-common/0.6.0-SNAPSHOT/hadoop-hdds-common-0.6.0-SNAPSHOT.jar:/home/user/.m2/repository/info/picocli/picocli/3.9.6/picocli-3.9.6.jar:/home/user/.m2/repository/com/fasterxml/jackson/core/jackson-annotations/2.10.3/jackson-annotations-2.10.3.jar:/home/user/.m2/repository/javax/annotation/javax.annotation-api/1.2/javax.annotation-api-1.2.jar:/home/user/.m2/repository/org/apache/ratis/ratis-server/0.6.0-490b689-SNAPSHOT/ratis-server-0.6.0-490b689-SNAPSHOT.jar:/home/user/.m2/repository/org/apache/ratis/ratis-thirdparty-misc/0.3.0/ratis-thirdparty-misc-0.3.0.jar:/home/user/.m2/repository/org/apache/ratis/ratis-client/0.6.0-490b689-SNAPSHOT/ratis-client-0.6.0-490b689-SNAPSHOT.jar:/home/user/.m2/repository/org/apache/ratis/ratis-metrics/0.6.0-490b689-SNAPSHOT/ratis-metrics-0.6.0-490b689-SNAPSHOT.jar:/home/user/.m2/repository/org/apache/ratis/ratis-netty/0.6.0-490b689-SNAPSHOT/ratis-netty-0.6.0-490b689-SNAPSHOT.jar:/home/user/.m2/repository/org/apache/ratis/ratis-grpc/0.6.0-490b689-SNAPSHOT/ratis-grpc-0.6.0-490b689-SNAPSHOT.jar:/home/user/.m2/repository/org/apache/logging/log4j/log4j-api/2.11.0/log4j-api-2.11.0.jar:/home/user/.m2/repository/org/apache/logging/log4j/log4j-core/2.11.0/log4j-core-2.11.0.jar:/home/user/.m2/repository/com/lmax/disruptor/3.4.2/disruptor-3.4.2.jar:/home/user/.m2/repository/org/apache/commons/commons-pool2/2.6.0/commons-pool2-2.6.0.jar:/home/user/.m2/repository/org/bouncycastle/bcpkix-jdk15on/1.60/bcpkix-jdk15on-1.60.jar:/home/user/.m2/repository/commons-validator/commons-validator/1.6/commons-validator-1.6.jar:/home/user/.m2/repository/commons-digester/commons-digester/1.8.1/commons-digester-1.8.1.jar:/home/user/.m2/repository/io/jaegertracing/jaeger-client/1.2.0/jaeger-client-1.2.0.jar:/home/user/.m2/repository/io/jaegertracing/jaeger-thrift/1.2.0/jaeger-thrift-1.2.0.jar:/home/user/.m2/repository/org/apache/thrift/libthrift/0.13.0/libthrift-0.13.0.jar:/home/user/.m2/repository/com/squareup/okhttp3/okhttp/4.2.2/okhttp-4.2.2.jar:/home/user/.m2/repository/com/squareup/okio/okio/2.2.2/okio-2.2.2.jar:/home/user/.m2/repository/org/jetbrains/kotlin/kotlin-stdlib/1.3.50/kotlin-stdlib-1.3.50.jar:/home/user/.m2/repository/org/jetbrains/kotlin/kotlin-stdlib-common/1.3.50/kotlin-stdlib-common-1.3.50.jar:/home/user/.m2/repository/org/jetbrains/annotations/13.0/annotations-13.0.jar:/home/user/.m2/repository/io/jaegertracing/jaeger-core/1.2.0/jaeger-core-1.2.0.jar:/home/user/.m2/repository/io/jaegertracing/jaeger-tracerresolver/1.2.0/jaeger-tracerresolver-1.2.0.jar:/home/user/.m2/repository/io/opentracing/contrib/opentracing-tracerresolver/0.1.8/opentracing-tracerresolver-0.1.8.jar:/home/user/.m2/repository/io/opentracing/opentracing-util/0.33.0/opentracing-util-0.33.0.jar:/home/user/.m2/repository/io/opentracing/opentracing-api/0.33.0/opentracing-api-0.33.0.jar:/home/user/.m2/repository/io/opentracing/opentracing-noop/0.33.0/opentracing-noop-0.33.0.jar:/home/user/.m2/repository/org/apache/hadoop/hadoop-hdds-client/0.6.0-SNAPSHOT/hadoop-hdds-client-0.6.0-SNAPSHOT.jar:/home/user/.m2/repository/org/apache/hadoop/hadoop-hdds-test-utils/0.6.0-SNAPSHOT/hadoop-hdds-test-utils-0.6.0-SNAPSHOT.jar:/home/user/.m2/repository/com/google/guava/guava/28.2-jre/guava-28.2-jre.jar:/home/user/.m2/repository/com/google/guava/failureaccess/1.0.1/failureaccess-1.0.1.jar:/home/user/.m2/repository/com/google/guava/listenablefuture/9999.0-empty-to-avoid-conflict-with-guava/listenablefuture-9999.0-empty-to-avoid-conflict-with-guava.jar:/home/user/.m2/repository/com/google/code/findbugs/jsr305/3.0.0/jsr305-3.0.0.jar:/home/user/.m2/repository/org/checkerframework/checker-qual/2.10.0/checker-qual-2.10.0.jar:/home/user/.m2/repository/com/google/errorprone/error_prone_annotations/2.3.4/error_prone_annotations-2.3.4.jar:/home/user/.m2/repository/com/google/j2objc/j2objc-annotations/1.3/j2objc-annotations-1.3.jar:/home/user/.m2/repository/commons-io/commons-io/2.5/commons-io-2.5.jar:/home/user/.m2/repository/commons-logging/commons-logging/1.1.3/commons-logging-1.1.3.jar:/home/user/.m2/repository/log4j/log4j/1.2.17/log4j-1.2.17.jar:/home/user/.m2/repository/org/apache/commons/commons-lang3/3.7/commons-lang3-3.7.jar:/home/user/.m2/repository/org/slf4j/slf4j-api/1.7.25/slf4j-api-1.7.25.jar:/home/user/.m2/repository/org/apache/hadoop/hadoop-hdds-server-scm/0.6.0-SNAPSHOT/hadoop-hdds-server-scm-0.6.0-SNAPSHOT.jar:/home/user/.m2/repository/org/apache/hadoop/hadoop-hdds-container-service/0.6.0-SNAPSHOT/hadoop-hdds-container-service-0.6.0-SNAPSHOT.jar:/home/user/.m2/repository/org/apache/hadoop/hadoop-hdds-hadoop-dependency-server/0.6.0-SNAPSHOT/hadoop-hdds-hadoop-dependency-server-0.6.0-SNAPSHOT.jar:/home/user/.m2/repository/org/apache/hadoop/hadoop-hdds-server-framework/0.6.0-SNAPSHOT/hadoop-hdds-server-framework-0.6.0-SNAPSHOT.jar:/home/user/.m2/repository/org/rocksdb/rocksdbjni/6.6.4/rocksdbjni-6.6.4.jar:/home/user/.m2/repository/io/prometheus/simpleclient_dropwizard/0.7.0/simpleclient_dropwizard-0.7.0.jar:/home/user/.m2/repository/io/prometheus/simpleclient/0.7.0/simpleclient-0.7.0.jar:/home/user/.m2/repository/io/prometheus/simpleclient_common/0.7.0/simpleclient_common-0.7.0.jar:/home/user/.m2/repository/com/fasterxml/jackson/datatype/jackson-datatype-jsr310/2.10.3/jackson-datatype-jsr310-2.10.3.jar:/home/user/.m2/repository/org/apache/hadoop/hadoop-hdds-docs/0.6.0-SNAPSHOT/hadoop-hdds-docs-0.6.0-SNAPSHOT.jar:/home/user/.m2/repository/io/dropwizard/metrics/metrics-core/3.2.4/metrics-core-3.2.4.jar:/home/user/.m2/repository/org/apache/hadoop/hadoop-hdfs-client/3.2.0/hadoop-hdfs-client-3.2.0.jar:/home/user/.m2/repository/org/bouncycastle/bcprov-jdk15on/1.60/bcprov-jdk15on-1.60.jar:/home/user/.m2/repository/org/apache/hadoop/hadoop-ozone-ozone-manager/0.6.0-SNAPSHOT/hadoop-ozone-ozone-manager-0.6.0-SNAPSHOT.jar:/home/user/.m2/repository/org/apache/hadoop/hadoop-minikdc/3.2.0/hadoop-minikdc-3.2.0.jar:/home/user/.m2/repository/org/apache/kerby/kerb-simplekdc/1.0.1/kerb-simplekdc-1.0.1.jar:/home/user/.m2/repository/org/apache/kerby/kerb-client/1.0.1/kerb-client-1.0.1.jar:/home/user/.m2/repository/org/apache/kerby/kerby-config/1.0.1/kerby-config-1.0.1.jar:/home/user/.m2/repository/org/apache/kerby/kerb-core/1.0.1/kerb-core-1.0.1.jar:/home/user/.m2/repository/org/apache/kerby/kerby-pkix/1.0.1/kerby-pkix-1.0.1.jar:/home/user/.m2/repository/org/apache/kerby/kerby-asn1/1.0.1/kerby-asn1-1.0.1.jar:/home/user/.m2/repository/org/apache/kerby/kerby-util/1.0.1/kerby-util-1.0.1.jar:/home/user/.m2/repository/org/apache/kerby/kerb-common/1.0.1/kerb-common-1.0.1.jar:/home/user/.m2/repository/org/apache/kerby/kerb-crypto/1.0.1/kerb-crypto-1.0.1.jar:/home/user/.m2/repository/org/apache/kerby/kerb-util/1.0.1/kerb-util-1.0.1.jar:/home/user/.m2/repository/org/apache/kerby/token-provider/1.0.1/token-provider-1.0.1.jar:/home/user/.m2/repository/org/apache/kerby/kerb-admin/1.0.1/kerb-admin-1.0.1.jar:/home/user/.m2/repository/org/apache/kerby/kerb-server/1.0.1/kerb-server-1.0.1.jar:/home/user/.m2/repository/org/apache/kerby/kerb-identity/1.0.1/kerb-identity-1.0.1.jar:/home/user/.m2/repository/org/apache/kerby/kerby-xdr/1.0.1/kerby-xdr-1.0.1.jar:/home/user/.m2/repository/org/slf4j/slf4j-log4j12/1.7.25/slf4j-log4j12-1.7.25.jar:/home/user/.m2/repository/org/apache/hadoop/hadoop-ozone-s3gateway/0.6.0-SNAPSHOT/hadoop-ozone-s3gateway-0.6.0-SNAPSHOT.jar:/home/user/.m2/repository/org/jboss/weld/servlet/weld-servlet/2.4.7.Final/weld-servlet-2.4.7.Final.jar:/home/user/.m2/repository/org/glassfish/jersey/containers/jersey-container-servlet-core/2.27/jersey-container-servlet-core-2.27.jar:/home/user/.m2/repository/org/glassfish/hk2/external/javax.inject/2.5.0-b42/javax.inject-2.5.0-b42.jar:/home/user/.m2/repository/org/glassfish/jersey/core/jersey-common/2.27/jersey-common-2.27.jar:/home/user/.m2/repository/org/glassfish/hk2/osgi-resource-locator/1.0.1/osgi-resource-locator-1.0.1.jar:/home/user/.m2/repository/javax/ws/rs/javax.ws.rs-api/2.1/javax.ws.rs-api-2.1.jar:/home/user/.m2/repository/org/glassfish/jersey/ext/cdi/jersey-cdi1x/2.27/jersey-cdi1x-2.27.jar:/home/user/.m2/repository/org/glassfish/jersey/inject/jersey-hk2/2.27/jersey-hk2-2.27.jar:/home/user/.m2/repository/org/glassfish/hk2/hk2-locator/2.5.0-b42/hk2-locator-2.5.0-b42.jar:/home/user/.m2/repository/org/javassist/javassist/3.22.0-CR2/javassist-3.22.0-CR2.jar:/home/user/.m2/repository/org/glassfish/hk2/hk2-api/2.5.0/hk2-api-2.5.0.jar:/home/user/.m2/repository/org/glassfish/hk2/external/jakarta.inject/2.5.0/jakarta.inject-2.5.0.jar:/home/user/.m2/repository/org/glassfish/hk2/hk2-utils/2.5.0/hk2-utils-2.5.0.jar:/home/user/.m2/repository/jakarta/annotation/jakarta.annotation-api/1.3.4/jakarta.annotation-api-1.3.4.jar:/home/user/.m2/repository/org/glassfish/hk2/external/aopalliance-repackaged/2.5.0/aopalliance-repackaged-2.5.0.jar:/home/user/.m2/repository/com/fasterxml/jackson/dataformat/jackson-dataformat-xml/2.9.0/jackson-dataformat-xml-2.9.0.jar:/home/user/.m2/repository/com/fasterxml/jackson/core/jackson-core/2.10.3/jackson-core-2.10.3.jar:/home/user/.m2/repository/com/fasterxml/jackson/module/jackson-module-jaxb-annotations/2.10.3/jackson-module-jaxb-annotations-2.10.3.jar:/home/user/.m2/repository/jakarta/xml/bind/jakarta.xml.bind-api/2.3.2/jakarta.xml.bind-api-2.3.2.jar:/home/user/.m2/repository/jakarta/activation/jakarta.activation-api/1.2.1/jakarta.activation-api-1.2.1.jar:/home/user/.m2/repository/org/codehaus/woodstox/stax2-api/3.1.4/stax2-api-3.1.4.jar:/home/user/.m2/repository/com/fasterxml/woodstox/woodstox-core/5.0.3/woodstox-core-5.0.3.jar:/home/user/.m2/repository/javax/enterprise/cdi-api/1.2/cdi-api-1.2.jar:/home/user/.m2/repository/javax/el/javax.el-api/3.0.0/javax.el-api-3.0.0.jar:/home/user/.m2/repository/javax/interceptor/javax.interceptor-api/1.2/javax.interceptor-api-1.2.jar:/home/user/.m2/repository/javax/inject/javax.inject/1/javax.inject-1.jar:/home/user/.m2/repository/com/sun/xml/bind/jaxb-impl/2.3.0.1/jaxb-impl-2.3.0.1.jar:/home/user/.m2/repository/com/sun/xml/bind/jaxb-core/2.3.0.1/jaxb-core-2.3.0.1.jar:/home/user/.m2/repository/javax/xml/bind/jaxb-api/2.3.0/jaxb-api-2.3.0.jar:/home/user/.m2/repository/javax/activation/activation/1.1.1/activation-1.1.1.jar:/home/user/.m2/repository/org/apache/hadoop/hadoop-ozone-csi/0.6.0-SNAPSHOT/hadoop-ozone-csi-0.6.0-SNAPSHOT.jar:/home/user/.m2/repository/com/google/protobuf/protobuf-java-util/3.5.1/protobuf-java-util-3.5.1.jar:/home/user/.m2/repository/com/google/code/gson/gson/2.2.4/gson-2.2.4.jar:/home/user/.m2/repository/org/apache/hadoop/hadoop-hdds-config/0.6.0-SNAPSHOT/hadoop-hdds-config-0.6.0-SNAPSHOT.jar:/home/user/.m2/repository/com/google/protobuf/protobuf-java/2.5.0/protobuf-java-2.5.0.jar:/home/user/.m2/repository/io/grpc/grpc-netty/1.17.1/grpc-netty-1.17.1.jar:/home/user/.m2/repository/io/grpc/grpc-core/1.17.1/grpc-core-1.17.1.jar:/home/user/.m2/repository/io/grpc/grpc-context/1.17.1/grpc-context-1.17.1.jar:/home/user/.m2/repository/org/codehaus/mojo/animal-sniffer-annotations/1.17/animal-sniffer-annotations-1.17.jar:/home/user/.m2/repository/io/opencensus/opencensus-api/0.17.0/opencensus-api-0.17.0.jar:/home/user/.m2/repository/io/opencensus/opencensus-contrib-grpc-metrics/0.17.0/opencensus-contrib-grpc-metrics-0.17.0.jar:/home/user/.m2/repository/io/netty/netty-codec-http2/4.1.30.Final/netty-codec-http2-4.1.30.Final.jar:/home/user/.m2/repository/io/netty/netty-codec-http/4.1.30.Final/netty-codec-http-4.1.30.Final.jar:/home/user/.m2/repository/io/netty/netty-codec/4.1.30.Final/netty-codec-4.1.30.Final.jar:/home/user/.m2/repository/io/netty/netty-handler/4.1.30.Final/netty-handler-4.1.30.Final.jar:/home/user/.m2/repository/io/netty/netty-handler-proxy/4.1.30.Final/netty-handler-proxy-4.1.30.Final.jar:/home/user/.m2/repository/io/netty/netty-codec-socks/4.1.30.Final/netty-codec-socks-4.1.30.Final.jar:/home/user/.m2/repository/io/netty/netty-transport-native-epoll/4.1.30.Final/netty-transport-native-epoll-4.1.30.Final.jar:/home/user/.m2/repository/io/netty/netty-common/4.1.30.Final/netty-common-4.1.30.Final.jar:/home/user/.m2/repository/io/netty/netty-buffer/4.1.30.Final/netty-buffer-4.1.30.Final.jar:/home/user/.m2/repository/io/netty/netty-transport/4.1.30.Final/netty-transport-4.1.30.Final.jar:/home/user/.m2/repository/io/netty/netty-resolver/4.1.30.Final/netty-resolver-4.1.30.Final.jar:/home/user/.m2/repository/io/netty/netty-transport-native-unix-common/4.1.30.Final/netty-transport-native-unix-common-4.1.30.Final.jar:/home/user/.m2/repository/io/grpc/grpc-protobuf/1.17.1/grpc-protobuf-1.17.1.jar:/home/user/.m2/repository/com/google/api/grpc/proto-google-common-protos/1.0.0/proto-google-common-protos-1.0.0.jar:/home/user/.m2/repository/io/grpc/grpc-protobuf-lite/1.17.1/grpc-protobuf-lite-1.17.1.jar:/home/user/.m2/repository/io/grpc/grpc-stub/1.17.1/grpc-stub-1.17.1.jar:/home/user/.m2/repository/org/apache/hadoop/hadoop-ozone-recon/0.6.0-SNAPSHOT/hadoop-ozone-recon-0.6.0-SNAPSHOT.jar:/home/user/.m2/repository/org/apache/hadoop/hadoop-ozone-reconcodegen/0.6.0-SNAPSHOT/hadoop-ozone-reconcodegen-0.6.0-SNAPSHOT.jar:/home/user/.m2/repository/com/google/inject/extensions/guice-multibindings/4.0/guice-multibindings-4.0.jar:/home/user/.m2/repository/com/google/inject/guice/4.0/guice-4.0.jar:/home/user/.m2/repository/aopalliance/aopalliance/1.0/aopalliance-1.0.jar:/home/user/.m2/repository/com/google/inject/extensions/guice-servlet/4.0/guice-servlet-4.0.jar:/home/user/.m2/repository/org/glassfish/jersey/containers/jersey-container-servlet/2.27/jersey-container-servlet-2.27.jar:/home/user/.m2/repository/org/glassfish/hk2/guice-bridge/2.5.0/guice-bridge-2.5.0.jar:/home/user/.m2/repository/org/glassfish/jersey/core/jersey-server/2.27/jersey-server-2.27.jar:/home/user/.m2/repository/org/glassfish/jersey/core/jersey-client/2.27/jersey-client-2.27.jar:/home/user/.m2/repository/org/glassfish/jersey/media/jersey-media-jaxb/2.27/jersey-media-jaxb-2.27.jar:/home/user/.m2/repository/javax/validation/validation-api/1.1.0.Final/validation-api-1.1.0.Final.jar:/home/user/.m2/repository/org/glassfish/jersey/media/jersey-media-json-jackson/2.27/jersey-media-json-jackson-2.27.jar:/home/user/.m2/repository/org/glassfish/jersey/ext/jersey-entity-filtering/2.27/jersey-entity-filtering-2.27.jar:/home/user/.m2/repository/com/google/inject/extensions/guice-assistedinject/4.0/guice-assistedinject-4.0.jar:/home/user/.m2/repository/org/jooq/jooq/3.11.10/jooq-3.11.10.jar:/home/user/.m2/repository/org/jooq/jooq-meta/3.11.10/jooq-meta-3.11.10.jar:/home/user/.m2/repository/org/jooq/jooq-codegen/3.11.10/jooq-codegen-3.11.10.jar:/home/user/.m2/repository/com/jolbox/bonecp/0.8.0.RELEASE/bonecp-0.8.0.RELEASE.jar:/home/user/.m2/repository/org/xerial/sqlite-jdbc/3.25.2/sqlite-jdbc-3.25.2.jar:/home/user/.m2/repository/org/springframework/spring-jdbc/5.2.5.RELEASE/spring-jdbc-5.2.5.RELEASE.jar:/home/user/.m2/repository/org/springframework/spring-beans/5.2.5.RELEASE/spring-beans-5.2.5.RELEASE.jar:/home/user/.m2/repository/org/springframework/spring-core/5.2.5.RELEASE/spring-core-5.2.5.RELEASE.jar:/home/user/.m2/repository/org/springframework/spring-jcl/5.2.5.RELEASE/spring-jcl-5.2.5.RELEASE.jar:/home/user/.m2/repository/org/springframework/spring-tx/5.2.5.RELEASE/spring-tx-5.2.5.RELEASE.jar:/home/user/.m2/repository/org/apache/hadoop/hadoop-ozone-client/0.6.0-SNAPSHOT/hadoop-ozone-client-0.6.0-SNAPSHOT.jar:/home/user/.m2/repository/org/apache/hadoop/hadoop-ozone-filesystem/0.6.0-SNAPSHOT/hadoop-ozone-filesystem-0.6.0-SNAPSHOT.jar:/home/user/.m2/repository/org/apache/hadoop/hadoop-hdds-hadoop-dependency-client/0.6.0-SNAPSHOT/hadoop-hdds-hadoop-dependency-client-0.6.0-SNAPSHOT.jar:/home/user/.m2/repository/org/apache/hadoop/hadoop-ozone-tools/0.6.0-SNAPSHOT/hadoop-ozone-tools-0.6.0-SNAPSHOT.jar:/home/user/.m2/repository/org/apache/hadoop/hadoop-hdfs/3.2.0/hadoop-hdfs-3.2.0.jar:/home/user/.m2/repository/org/apache/ratis/ratis-tools/0.6.0-490b689-SNAPSHOT/ratis-tools-0.6.0-490b689-SNAPSHOT.jar:/home/user/.m2/repository/org/apache/ratis/ratis-proto/0.6.0-490b689-SNAPSHOT/ratis-proto-0.6.0-490b689-SNAPSHOT.jar:/home/user/.m2/repository/org/apache/ratis/ratis-common/0.6.0-490b689-SNAPSHOT/ratis-common-0.6.0-490b689-SNAPSHOT.jar:/home/user/.m2/repository/com/amazonaws/aws-java-sdk-core/1.11.615/aws-java-sdk-core-1.11.615.jar:/home/user/.m2/repository/org/apache/httpcomponents/httpclient/4.5.2/httpclient-4.5.2.jar:/home/user/.m2/repository/org/apache/httpcomponents/httpcore/4.4.4/httpcore-4.4.4.jar:/home/user/.m2/repository/software/amazon/ion/ion-java/1.0.2/ion-java-1.0.2.jar:/home/user/.m2/repository/com/fasterxml/jackson/dataformat/jackson-dataformat-cbor/2.10.3/jackson-dataformat-cbor-2.10.3.jar:/home/user/.m2/repository/joda-time/joda-time/2.9.9/joda-time-2.9.9.jar:/home/user/.m2/repository/com/amazonaws/aws-java-sdk-s3/1.11.615/aws-java-sdk-s3-1.11.615.jar:/home/user/.m2/repository/com/amazonaws/aws-java-sdk-kms/1.11.615/aws-java-sdk-kms-1.11.615.jar:/home/user/.m2/repository/com/amazonaws/jmespath-java/1.11.615/jmespath-java-1.11.615.jar:/home/user/.m2/repository/org/apache/hadoop/hadoop-hdds-tools/0.6.0-SNAPSHOT/hadoop-hdds-tools-0.6.0-SNAPSHOT.jar:/home/user/.m2/repository/commons-cli/commons-cli/1.2/commons-cli-1.2.jar:/home/user/.m2/repository/commons-lang/commons-lang/2.6/commons-lang-2.6.jar:/home/user/.m2/repository/org/apache/hadoop/hadoop-ozone-ozone-manager/0.6.0-SNAPSHOT/hadoop-ozone-ozone-manager-0.6.0-SNAPSHOT-tests.jar:/home/user/.m2/repository/junit/junit/4.11/junit-4.11.jar:/home/user/.m2/repository/org/hamcrest/hamcrest-core/1.3/hamcrest-core-1.3.jar:/home/user/.m2/repository/org/openjdk/jmh/jmh-core/1.19/jmh-core-1.19.jar:/home/user/.m2/repository/net/sf/jopt-simple/jopt-simple/4.6/jopt-simple-4.6.jar:/home/user/.m2/repository/org/apache/commons/commons-math3/3.1.1/commons-math3-3.1.1.jar:/home/user/.m2/repository/org/openjdk/jmh/jmh-generator-annprocess/1.19/jmh-generator-annprocess-1.19.jar:/home/user/.m2/repository/org/mockito/mockito-all/1.8.5/mockito-all-1.8.5.jar:/home/user/.m2/repository/org/apache/hadoop/hadoop-kms/3.2.0/hadoop-kms-3.2.0.jar:/home/user/.m2/repository/org/apache/hadoop/hadoop-auth/3.2.0/hadoop-auth-3.2.0.jar:/home/user/.m2/repository/com/nimbusds/nimbus-jose-jwt/7.9/nimbus-jose-jwt-7.9.jar:/home/user/.m2/repository/com/github/stephenc/jcip/jcip-annotations/1.0-1/jcip-annotations-1.0-1.jar:/home/user/.m2/repository/net/minidev/json-smart/2.3/json-smart-2.3.jar:/home/user/.m2/repository/net/minidev/accessors-smart/1.2/accessors-smart-1.2.jar:/home/user/.m2/repository/org/ow2/asm/asm/5.0.4/asm-5.0.4.jar:/home/user/.m2/repository/org/apache/zookeeper/zookeeper/3.4.13/zookeeper-3.4.13.jar:/home/user/.m2/repository/org/apache/yetus/audience-annotations/0.5.0/audience-annotations-0.5.0.jar:/home/user/.m2/repository/org/apache/curator/curator-framework/2.12.0/curator-framework-2.12.0.jar:/home/user/.m2/repository/com/sun/jersey/jersey-core/1.19/jersey-core-1.19.jar:/home/user/.m2/repository/javax/ws/rs/jsr311-api/1.1.1/jsr311-api-1.1.1.jar:/home/user/.m2/repository/com/sun/jersey/jersey-server/1.19/jersey-server-1.19.jar:/home/user/.m2/repository/javax/servlet/javax.servlet-api/3.1.0/javax.servlet-api-3.1.0.jar:/home/user/.m2/repository/org/eclipse/jetty/jetty-server/9.4.26.v20200117/jetty-server-9.4.26.v20200117.jar:/home/user/.m2/repository/org/eclipse/jetty/jetty-http/9.4.26.v20200117/jetty-http-9.4.26.v20200117.jar:/home/user/.m2/repository/org/eclipse/jetty/jetty-io/9.4.26.v20200117/jetty-io-9.4.26.v20200117.jar:/home/user/.m2/repository/org/eclipse/jetty/jetty-webapp/9.4.26.v20200117/jetty-webapp-9.4.26.v20200117.jar:/home/user/.m2/repository/org/eclipse/jetty/jetty-xml/9.4.26.v20200117/jetty-xml-9.4.26.v20200117.jar:/home/user/.m2/repository/org/eclipse/jetty/jetty-servlet/9.4.26.v20200117/jetty-servlet-9.4.26.v20200117.jar:/home/user/.m2/repository/org/eclipse/jetty/jetty-security/9.4.26.v20200117/jetty-security-9.4.26.v20200117.jar:/home/user/.m2/repository/org/apache/hadoop/hadoop-common/3.2.0/hadoop-common-3.2.0.jar:/home/user/.m2/repository/commons-net/commons-net/3.6/commons-net-3.6.jar:/home/user/.m2/repository/commons-collections/commons-collections/3.2.2/commons-collections-3.2.2.jar:/home/user/.m2/repository/com/sun/jersey/jersey-servlet/1.19/jersey-servlet-1.19.jar:/home/user/.m2/repository/com/sun/jersey/jersey-json/1.19/jersey-json-1.19.jar:/home/user/.m2/repository/org/codehaus/jettison/jettison/1.1/jettison-1.1.jar:/home/user/.m2/repository/org/codehaus/jackson/jackson-jaxrs/1.9.2/jackson-jaxrs-1.9.2.jar:/home/user/.m2/repository/org/codehaus/jackson/jackson-xc/1.9.2/jackson-xc-1.9.2.jar:/home/user/.m2/repository/commons-beanutils/commons-beanutils/1.9.4/commons-beanutils-1.9.4.jar:/home/user/.m2/repository/org/apache/commons/commons-configuration2/2.1.1/commons-configuration2-2.1.1.jar:/home/user/.m2/repository/org/apache/commons/commons-text/1.4/commons-text-1.4.jar:/home/user/.m2/repository/com/google/re2j/re2j/1.1/re2j-1.1.jar:/home/user/.m2/repository/com/jcraft/jsch/0.1.54/jsch-0.1.54.jar:/home/user/.m2/repository/org/apache/curator/curator-client/2.12.0/curator-client-2.12.0.jar:/home/user/.m2/repository/org/apache/curator/curator-recipes/2.12.0/curator-recipes-2.12.0.jar:/home/user/.m2/repository/dnsjava/dnsjava/2.1.7/dnsjava-2.1.7.jar:/home/user/.m2/repository/org/slf4j/jul-to-slf4j/1.7.25/jul-to-slf4j-1.7.25.jar:/home/user/.m2/repository/org/eclipse/jetty/jetty-util/9.4.26.v20200117/jetty-util-9.4.26.v20200117.jar:/home/user/.m2/repository/com/fasterxml/jackson/core/jackson-databind/2.10.3/jackson-databind-2.10.3.jar:/home/user/.m2/repository/org/apache/hadoop/hadoop-kms/3.2.0/hadoop-kms-3.2.0-tests.jar:/home/user/.m2/repository/org/apache/hadoop/hadoop-hdds-server-scm/0.6.0-SNAPSHOT/hadoop-hdds-server-scm-0.6.0-SNAPSHOT-tests.jar:/home/user/.m2/repository/org/apache/hadoop/hadoop-hdds-container-service/0.6.0-SNAPSHOT/hadoop-hdds-container-service-0.6.0-SNAPSHOT-tests.jar:/home/user/.m2/repository/org/apache/hadoop/hadoop-hdds-common/0.6.0-SNAPSHOT/hadoop-hdds-common-0.6.0-SNAPSHOT-tests.jar:/home/user/.m2/repository/org/yaml/snakeyaml/1.16/snakeyaml-1.16.jar:/home/user/.m2/repository/org/apache/hadoop/hadoop-hdds-hadoop-dependency-test/0.6.0-SNAPSHOT/hadoop-hdds-hadoop-dependency-test-0.6.0-SNAPSHOT.jar:/home/user/.m2/repository/org/apache/hadoop/hadoop-common/3.2.0/hadoop-common-3.2.0-tests.jar:/home/user/.m2/repository/javax/servlet/jsp/jsp-api/2.1/jsp-api-2.1.jar:/home/user/.m2/repository/org/apache/hadoop/hadoop-hdfs/3.2.0/hadoop-hdfs-3.2.0-tests.jar:/home/user/.m2/repository/org/eclipse/jetty/jetty-util-ajax/9.4.26.v20200117/jetty-util-ajax-9.4.26.v20200117.jar:/home/user/.m2/repository/commons-codec/commons-codec/1.11/commons-codec-1.11.jar:/home/user/.m2/repository/commons-daemon/commons-daemon/1.0.13/commons-daemon-1.0.13.jar:/home/user/.m2/repository/io/netty/netty/3.10.5.Final/netty-3.10.5.Final.jar:/home/user/.m2/repository/io/netty/netty-all/4.1.47.Final/netty-all-4.1.47.Final.jar:/home/user/.m2/repository/org/apache/htrace/htrace-core4/4.1.0-incubating/htrace-core4-4.1.0-incubating.jar:/home/user/.m2/repository/org/fusesource/leveldbjni/leveldbjni-all/1.8/leveldbjni-all-1.8.jar:/home/user/.m2/repository/org/apache/hadoop/hadoop-distcp/3.2.0/hadoop-distcp-3.2.0.jar:/home/user/.m2/repository/org/apache/hadoop/hadoop-mapreduce-client-jobclient/3.2.0/hadoop-mapreduce-client-jobclient-3.2.0.jar:/home/user/.m2/repository/org/apache/hadoop/hadoop-mapreduce-client-common/3.2.0/hadoop-mapreduce-client-common-3.2.0.jar:/home/user/.m2/repository/org/apache/hadoop/hadoop-yarn-common/3.2.0/hadoop-yarn-common-3.2.0.jar:/home/user/.m2/repository/org/apache/hadoop/hadoop-yarn-api/3.2.0/hadoop-yarn-api-3.2.0.jar:/home/user/.m2/repository/com/sun/jersey/jersey-client/1.19/jersey-client-1.19.jar:/home/user/.m2/repository/com/sun/jersey/contribs/jersey-guice/1.19/jersey-guice-1.19.jar:/home/user/.m2/repository/com/fasterxml/jackson/jaxrs/jackson-jaxrs-json-provider/2.10.3/jackson-jaxrs-json-provider-2.10.3.jar:/home/user/.m2/repository/com/fasterxml/jackson/jaxrs/jackson-jaxrs-base/2.10.3/jackson-jaxrs-base-2.10.3.jar:/home/user/.m2/repository/org/apache/hadoop/hadoop-yarn-client/3.2.0/hadoop-yarn-client-3.2.0.jar:/home/user/.m2/repository/org/apache/hadoop/hadoop-mapreduce-client-core/3.2.0/hadoop-mapreduce-client-core-3.2.0.jar:/home/user/.m2/repository/org/apache/avro/avro/1.7.7/avro-1.7.7.jar:/home/user/.m2/repository/org/codehaus/jackson/jackson-core-asl/1.9.13/jackson-core-asl-1.9.13.jar:/home/user/.m2/repository/org/codehaus/jackson/jackson-mapper-asl/1.9.13/jackson-mapper-asl-1.9.13.jar:/home/user/.m2/repository/com/thoughtworks/paranamer/paranamer/2.3/paranamer-2.3.jar:/home/user/.m2/repository/org/xerial/snappy/snappy-java/1.0.5/snappy-java-1.0.5.jar:/home/user/.m2/repository/org/apache/hadoop/hadoop-annotations/3.2.0/hadoop-annotations-3.2.0.jar:/usr/lib/jvm/java-1.8.0-openjdk-1.8.0.232.b09-0.el7_7.x86_64/jre/../lib/tools.jar:/home/user/.m2/repository/org/apache/hadoop/hadoop-distcp/3.2.0/hadoop-distcp-3.2.0-tests.jar:"/>
    <property name="sun.cpu.endian" value="little"/>
    <property name="user.home" value="/home/user"/>
    <property name="user.language" value="en"/>
    <property name="java.specification.vendor" value="Oracle Corporation"/>
    <property name="java.home" value="/usr/lib/jvm/java-1.8.0-openjdk-1.8.0.232.b09-0.el7_7.x86_64/jre"/>
    <property name="java.security.krb5.conf" value="/github/workspace/mnt/ozone/hadoop-ozone/integration-test/target/test-classes/krb5.conf"/>
    <property name="basedir" value="/github/workspace/mnt/ozone/hadoop-ozone/integration-test"/>
    <property name="file.separator" value="/"/>
    <property name="line.separator" value="&#10;"/>
    <property name="java.vm.specification.vendor" value="Oracle Corporation"/>
    <property name="java.specification.name" value="Java Platform API Specification"/>
    <property name="java.awt.graphicsenv" value="sun.awt.X11GraphicsEnvironment"/>
    <property name="surefire.real.class.path" value="/github/workspace/mnt/ozone/hadoop-ozone/integration-test/target/surefire/surefirebooter5649234322545243816.jar:/home/user/.m2/repository/org/jacoco/org.jacoco.agent/0.8.3/org.jacoco.agent-0.8.3-runtime.jar"/>
    <property name="hadoop.log.dir" value="/github/workspace/mnt/ozone/hadoop-ozone/integration-test/target/log"/>
    <property name="sun.boot.class.path" value="/usr/lib/jvm/java-1.8.0-openjdk-1.8.0.232.b09-0.el7_7.x86_64/jre/lib/resources.jar:/usr/lib/jvm/java-1.8.0-openjdk-1.8.0.232.b09-0.el7_7.x86_64/jre/lib/rt.jar:/usr/lib/jvm/java-1.8.0-openjdk-1.8.0.232.b09-0.el7_7.x86_64/jre/lib/sunrsasign.jar:/usr/lib/jvm/java-1.8.0-openjdk-1.8.0.232.b09-0.el7_7.x86_64/jre/lib/jsse.jar:/usr/lib/jvm/java-1.8.0-openjdk-1.8.0.232.b09-0.el7_7.x86_64/jre/lib/jce.jar:/usr/lib/jvm/java-1.8.0-openjdk-1.8.0.232.b09-0.el7_7.x86_64/jre/lib/charsets.jar:/usr/lib/jvm/java-1.8.0-openjdk-1.8.0.232.b09-0.el7_7.x86_64/jre/lib/jfr.jar:/usr/lib/jvm/java-1.8.0-openjdk-1.8.0.232.b09-0.el7_7.x86_64/jre/classes"/>
    <property name="sun.management.compiler" value="HotSpot 64-Bit Tiered Compilers"/>
    <property name="java.runtime.version" value="1.8.0_232-b09"/>
    <property name="java.net.preferIPv4Stack" value="true"/>
    <property name="user.name" value="jenkins1001"/>
    <property name="path.separator" value=":"/>
    <property name="java.security.egd" value="file:///dev/urandom"/>
    <property name="os.version" value="5.0.0-1035-azure"/>
    <property name="java.endorsed.dirs" value="/usr/lib/jvm/java-1.8.0-openjdk-1.8.0.232.b09-0.el7_7.x86_64/jre/lib/endorsed"/>
    <property name="java.runtime.name" value="OpenJDK Runtime Environment"/>
    <property name="file.encoding" value="ANSI_X3.4-1968"/>
    <property name="java.vm.name" value="OpenJDK 64-Bit Server VM"/>
    <property name="test.build.webapps" value=""/>
    <property name="localRepository" value="/home/user/.m2/repository"/>
    <property name="java.vendor.url.bug" value="http://bugreport.sun.com/bugreport/"/>
    <property name="java.io.tmpdir" value="/tmp"/>
    <property name="require.test.libhadoop" value=""/>
    <property name="java.version" value="1.8.0_232"/>
    <property name="user.dir" value="/github/workspace/mnt/ozone/hadoop-ozone/integration-test"/>
    <property name="os.arch" value="amd64"/>
    <property name="java.vm.specification.name" value="Java Virtual Machine Specification"/>
    <property name="test.build.classes" value="/github/workspace/mnt/ozone/hadoop-ozone/integration-test/target/test-classes"/>
    <property name="java.awt.printerjob" value="sun.print.PSPrinterJob"/>
    <property name="sun.os.patch.level" value="unknown"/>
    <property name="hadoop.tmp.dir" value="/github/workspace/mnt/ozone/hadoop-ozone/integration-test/target/tmp"/>
    <property name="java.library.path" value="/usr/lib:/usr/java/packages/lib/amd64:/usr/lib64:/lib64:/lib:/usr/lib"/>
    <property name="java.vm.info" value="mixed mode"/>
    <property name="java.vendor" value="Oracle Corporation"/>
    <property name="java.vm.version" value="25.232-b09"/>
    <property name="java.ext.dirs" value="/usr/lib/jvm/java-1.8.0-openjdk-1.8.0.232.b09-0.el7_7.x86_64/jre/lib/ext:/usr/java/packages/lib/ext"/>
    <property name="sun.io.unicode.encoding" value="UnicodeLittle"/>
    <property name="java.class.version" value="52.0"/>
  </properties>
  <testcase name="testReplication[0]" classname="org.apache.hadoop.fs.ozone.TestOzoneFileInterfaces" time="30.6"/>
  <testcase name="testOzoneManagerLocatedFileStatusBlockOffsetsWithMultiBlockFile[0]" classname="org.apache.hadoop.fs.ozone.TestOzoneFileInterfaces" time="28.071">
    <failure message="expected:&lt;8388608&gt; but was:&lt;5242880&gt;" type="java.lang.AssertionError"><![CDATA[java.lang.AssertionError: expected:<8388608> but was:<5242880>
	at org.junit.Assert.fail(Assert.java:88)
	at org.junit.Assert.failNotEquals(Assert.java:743)
	at org.junit.Assert.assertEquals(Assert.java:118)
	at org.junit.Assert.assertEquals(Assert.java:555)
	at org.junit.Assert.assertEquals(Assert.java:542)
	at org.apache.hadoop.fs.ozone.TestOzoneFileInterfaces.testOzoneManagerLocatedFileStatusBlockOffsetsWithMultiBlockFile(TestOzoneFileInterfaces.java:454)
	at sun.reflect.NativeMethodAccessorImpl.invoke0(Native Method)
	at sun.reflect.NativeMethodAccessorImpl.invoke(NativeMethodAccessorImpl.java:62)
	at sun.reflect.DelegatingMethodAccessorImpl.invoke(DelegatingMethodAccessorImpl.java:43)
	at java.lang.reflect.Method.invoke(Method.java:498)
	at org.junit.runners.model.FrameworkMethod$1.runReflectiveCall(FrameworkMethod.java:47)
	at org.junit.internal.runners.model.ReflectiveCallable.run(ReflectiveCallable.java:12)
	at org.junit.runners.model.FrameworkMethod.invokeExplosively(FrameworkMethod.java:44)
	at org.junit.internal.runners.statements.InvokeMethod.evaluate(InvokeMethod.java:17)
	at org.junit.internal.runners.statements.RunBefores.evaluate(RunBefores.java:26)
	at org.junit.internal.runners.statements.RunAfters.evaluate(RunAfters.java:27)
	at org.junit.runners.ParentRunner.runLeaf(ParentRunner.java:271)
	at org.junit.runners.BlockJUnit4ClassRunner.runChild(BlockJUnit4ClassRunner.java:70)
	at org.junit.runners.BlockJUnit4ClassRunner.runChild(BlockJUnit4ClassRunner.java:50)
	at org.junit.runners.ParentRunner$3.run(ParentRunner.java:238)
	at org.junit.runners.ParentRunner$1.schedule(ParentRunner.java:63)
	at org.junit.runners.ParentRunner.runChildren(ParentRunner.java:236)
	at org.junit.runners.ParentRunner.access$000(ParentRunner.java:53)
	at org.junit.runners.ParentRunner$2.evaluate(ParentRunner.java:229)
	at org.junit.runners.ParentRunner.run(ParentRunner.java:309)
	at org.junit.runners.Suite.runChild(Suite.java:127)
	at org.junit.runners.Suite.runChild(Suite.java:26)
	at org.junit.runners.ParentRunner$3.run(ParentRunner.java:238)
	at org.junit.runners.ParentRunner$1.schedule(ParentRunner.java:63)
	at org.junit.runners.ParentRunner.runChildren(ParentRunner.java:236)
	at org.junit.runners.ParentRunner.access$000(ParentRunner.java:53)
	at org.junit.runners.ParentRunner$2.evaluate(ParentRunner.java:229)
	at org.junit.runners.ParentRunner.run(ParentRunner.java:309)
	at org.apache.maven.surefire.junit4.JUnit4Provider.execute(JUnit4Provider.java:365)
	at org.apache.maven.surefire.junit4.JUnit4Provider.executeWithRerun(JUnit4Provider.java:273)
	at org.apache.maven.surefire.junit4.JUnit4Provider.executeTestSet(JUnit4Provider.java:238)
	at org.apache.maven.surefire.junit4.JUnit4Provider.invoke(JUnit4Provider.java:159)
	at org.apache.maven.surefire.booter.ForkedBooter.invokeProviderInSameClassLoader(ForkedBooter.java:384)
	at org.apache.maven.surefire.booter.ForkedBooter.runSuitesInProcess(ForkedBooter.java:345)
	at org.apache.maven.surefire.booter.ForkedBooter.execute(ForkedBooter.java:126)
	at org.apache.maven.surefire.booter.ForkedBooter.main(ForkedBooter.java:418)
]]></failure>
    <system-out><![CDATA[2020-04-28 05:59:45,887 [main] WARN  server.ServerUtils (ServerUtils.java:getScmDbDir(148)) - ozone.scm.db.dirs is not configured. We recommend adding this setting. Falling back to ozone.metadata.dirs instead.
2020-04-28 05:59:45,889 [main] WARN  server.ServerUtils (ServerUtils.java:getScmDbDir(148)) - ozone.scm.db.dirs is not configured. We recommend adding this setting. Falling back to ozone.metadata.dirs instead.
2020-04-28 05:59:45,889 [main] WARN  db.DBStoreBuilder (DBStoreBuilder.java:createDBStoreBuilder(277)) - ozone.scm.db.dirs is not configured. We recommend adding this setting. Falling back to ozone.metadata.dirs instead.
2020-04-28 05:59:45,928 [main] INFO  net.NodeSchemaLoader (NodeSchemaLoader.java:loadSchemaFromFile(126)) - Loading file from sun.misc.CompoundEnumeration@9cfddc9
2020-04-28 05:59:45,929 [main] INFO  net.NodeSchemaLoader (NodeSchemaLoader.java:loadSchema(172)) - Loading network topology layer schema file
2020-04-28 05:59:45,934 [main] WARN  server.ServerUtils (ServerUtils.java:sanitizeUserArgs(73)) - ozone.scm.stale.node.interval value = 300000 is larger than max = 100000 based on the key value of ozone.scm.heartbeat.thread.interval, reset to the max value 100000.
2020-04-28 05:59:45,934 [main] WARN  server.ServerUtils (ServerUtils.java:sanitizeUserArgs(73)) - ozone.scm.stale.node.interval value = 300000 is larger than max = 100000 based on the key value of ozone.scm.heartbeat.thread.interval, reset to the max value 100000.
2020-04-28 05:59:45,936 [main] INFO  node.SCMNodeManager (SCMNodeManager.java:<init>(116)) - Entering startup safe mode.
2020-04-28 05:59:45,938 [main] INFO  algorithms.ContainerPlacementPolicyFactory (ContainerPlacementPolicyFactory.java:getPolicy(60)) - Create container placement policy of type org.apache.hadoop.hdds.scm.container.placement.algorithms.SCMContainerPlacementRandom
2020-04-28 05:59:45,939 [main] INFO  pipeline.SCMPipelineManager (SCMPipelineManager.java:initializePipelineState(158)) - No pipeline exists in current db
2020-04-28 05:59:45,943 [main] INFO  safemode.HealthyPipelineSafeModeRule (HealthyPipelineSafeModeRule.java:<init>(89)) - Total pipeline count is 0, healthy pipeline threshold count is 0
2020-04-28 05:59:45,944 [main] INFO  safemode.OneReplicaPipelineSafeModeRule (OneReplicaPipelineSafeModeRule.java:<init>(79)) - Total pipeline count is 0, pipeline's with at least one datanode reported threshold count is 0
2020-04-28 05:59:45,945 [main] INFO  ipc.CallQueueManager (CallQueueManager.java:<init>(84)) - Using callQueue: class java.util.concurrent.LinkedBlockingQueue, queueCapacity: 2000, scheduler: class org.apache.hadoop.ipc.DefaultRpcScheduler, ipcBackoff: false.
2020-04-28 05:59:45,947 [Socket Reader #1 for port 43589] INFO  ipc.Server (Server.java:run(1074)) - Starting Socket Reader #1 for port 43589
2020-04-28 05:59:45,947 [main] INFO  ipc.CallQueueManager (CallQueueManager.java:<init>(84)) - Using callQueue: class java.util.concurrent.LinkedBlockingQueue, queueCapacity: 2000, scheduler: class org.apache.hadoop.ipc.DefaultRpcScheduler, ipcBackoff: false.
2020-04-28 05:59:45,952 [Socket Reader #1 for port 44849] INFO  ipc.Server (Server.java:run(1074)) - Starting Socket Reader #1 for port 44849
2020-04-28 05:59:45,952 [RatisPipelineUtilsThread] ERROR pipeline.SCMPipelineManager (SCMPipelineManager.java:createPipeline(222)) - Failed to create pipeline of type RATIS and factor ONE. Exception: Cannot create pipeline of factor 1 using 0 nodes. Used 0 nodes. Healthy nodes 0
2020-04-28 05:59:45,953 [main] INFO  ipc.CallQueueManager (CallQueueManager.java:<init>(84)) - Using callQueue: class java.util.concurrent.LinkedBlockingQueue, queueCapacity: 2000, scheduler: class org.apache.hadoop.ipc.DefaultRpcScheduler, ipcBackoff: false.
2020-04-28 05:59:45,959 [Socket Reader #1 for port 45451] INFO  ipc.Server (Server.java:run(1074)) - Starting Socket Reader #1 for port 45451
2020-04-28 05:59:45,963 [main] INFO  http.BaseHttpServer (BaseHttpServer.java:newHttpServer2BuilderForOzone(174)) - Starting Web-server for scm at: http://0.0.0.0:0
2020-04-28 05:59:45,965 [main] INFO  server.AuthenticationFilter (AuthenticationFilter.java:constructSecretProvider(240)) - Unable to initialize FileSignerSecretProvider, falling back to use random secrets.
2020-04-28 05:59:45,967 [main] WARN  http.HttpRequestLog (HttpRequestLog.java:getRequestLog(103)) - Jetty request log can only be enabled using Log4j
2020-04-28 05:59:45,969 [main] INFO  http.HttpServer2 (HttpServer2.java:addGlobalFilter(979)) - Added global filter 'safety' (class=org.apache.hadoop.hdds.server.http.HttpServer2$QuotingInputFilter)
2020-04-28 05:59:45,969 [main] INFO  http.HttpServer2 (HttpServer2.java:addFilter(955)) - Added filter static_user_filter (class=org.apache.hadoop.hdds.server.http.StaticUserWebFilter$StaticUserFilter) to context scm
2020-04-28 05:59:45,969 [main] INFO  http.HttpServer2 (HttpServer2.java:addFilter(963)) - Added filter static_user_filter (class=org.apache.hadoop.hdds.server.http.StaticUserWebFilter$StaticUserFilter) to context logs
2020-04-28 05:59:45,969 [main] INFO  http.HttpServer2 (HttpServer2.java:addFilter(963)) - Added filter static_user_filter (class=org.apache.hadoop.hdds.server.http.StaticUserWebFilter$StaticUserFilter) to context static
2020-04-28 05:59:45,972 [main] INFO  server.StorageContainerManager (StorageContainerManager.java:start(781)) - StorageContainerLocationProtocol RPC server is listening at /0.0.0.0:45451
2020-04-28 05:59:45,973 [main] WARN  impl.MetricsConfig (MetricsConfig.java:loadFirst(134)) - Cannot locate configuration: tried hadoop-metrics2-storagecontainermanager.properties,hadoop-metrics2.properties
2020-04-28 05:59:45,976 [main] INFO  impl.MetricsSystemImpl (MetricsSystemImpl.java:startTimer(374)) - Scheduled Metric snapshot period at 10 second(s).
2020-04-28 05:59:45,976 [main] INFO  impl.MetricsSystemImpl (MetricsSystemImpl.java:start(191)) - StorageContainerManager metrics system started
2020-04-28 05:59:45,994 [main] WARN  impl.MetricsSystemImpl (MetricsSystemImpl.java:register(276)) - Sink prometheus already exists!
2020-04-28 05:59:46,016 [main] INFO  server.SCMClientProtocolServer (SCMClientProtocolServer.java:start(155)) - RPC server for Client  is listening at /0.0.0.0:45451
2020-04-28 05:59:46,020 [IPC Server Responder] INFO  ipc.Server (Server.java:run(1314)) - IPC Server Responder: starting
2020-04-28 05:59:46,024 [IPC Server listener on 45451] INFO  ipc.Server (Server.java:run(1153)) - IPC Server listener on 45451: starting
2020-04-28 05:59:46,042 [main] INFO  server.StorageContainerManager (StorageContainerManager.java:start(793)) - ScmBlockLocationProtocol RPC server is listening at /0.0.0.0:44849
2020-04-28 05:59:46,042 [main] INFO  server.SCMBlockProtocolServer (SCMBlockProtocolServer.java:start(149)) - RPC server for Block Protocol is listening at /0.0.0.0:44849
2020-04-28 05:59:46,044 [IPC Server Responder] INFO  ipc.Server (Server.java:run(1314)) - IPC Server Responder: starting
2020-04-28 05:59:46,045 [IPC Server listener on 44849] INFO  ipc.Server (Server.java:run(1153)) - IPC Server listener on 44849: starting
2020-04-28 05:59:46,057 [main] INFO  server.StorageContainerManager (StorageContainerManager.java:start(799)) - ScmDatanodeProtocl RPC server is listening at /0.0.0.0:43589
2020-04-28 05:59:46,057 [main] INFO  server.SCMDatanodeProtocolServer (SCMDatanodeProtocolServer.java:start(172)) - RPC server for DataNodes is listening at /0.0.0.0:43589
2020-04-28 05:59:46,059 [IPC Server Responder] INFO  ipc.Server (Server.java:run(1314)) - IPC Server Responder: starting
2020-04-28 05:59:46,060 [IPC Server listener on 43589] INFO  ipc.Server (Server.java:run(1153)) - IPC Server listener on 43589: starting
2020-04-28 05:59:46,068 [main] INFO  http.HttpServer2 (HttpServer2.java:bindListener(1197)) - Jetty bound to port 38709
2020-04-28 05:59:46,068 [main] INFO  server.Server (Server.java:doStart(359)) - jetty-9.4.26.v20200117; built: 2020-01-17T12:35:33.676Z; git: 7b38981d25d14afb4a12ff1f2596756144edf695; jvm 1.8.0_232-b09
2020-04-28 05:59:46,070 [main] INFO  server.session (DefaultSessionIdManager.java:doStart(333)) - DefaultSessionIdManager workerName=node0
2020-04-28 05:59:46,070 [main] INFO  server.session (DefaultSessionIdManager.java:doStart(338)) - No SessionScavenger set, using defaults
2020-04-28 05:59:46,070 [main] INFO  server.session (HouseKeeper.java:startScavenging(140)) - node0 Scavenging every 660000ms
2020-04-28 05:59:46,072 [main] INFO  handler.ContextHandler (ContextHandler.java:doStart(825)) - Started o.e.j.s.ServletContextHandler@1479be22{logs,/logs,file:///github/workspace/mnt/ozone/hadoop-ozone/integration-test/target/log,AVAILABLE}
2020-04-28 05:59:46,072 [main] INFO  handler.ContextHandler (ContextHandler.java:doStart(825)) - Started o.e.j.s.ServletContextHandler@30b80d16{static,/static,file:///github/workspace/mnt/ozone/hadoop-ozone/integration-test/target/test-classes/webapps/static,AVAILABLE}
2020-04-28 05:59:46,076 [main] INFO  handler.ContextHandler (ContextHandler.java:doStart(825)) - Started o.e.j.w.WebAppContext@6ee7b2d7{scm,/,file:///github/workspace/mnt/ozone/hadoop-ozone/integration-test/target/test-classes/webapps/scm/,AVAILABLE}{file:/github/workspace/mnt/ozone/hadoop-ozone/integration-test/target/test-classes/webapps/scm}
2020-04-28 05:59:46,077 [main] INFO  server.AbstractConnector (AbstractConnector.java:doStart(330)) - Started ServerConnector@6b5a8119{HTTP/1.1,[http/1.1]}{0.0.0.0:38709}
2020-04-28 05:59:46,077 [main] INFO  server.Server (Server.java:doStart(399)) - Started @31777ms
2020-04-28 05:59:46,078 [main] WARN  impl.MetricsSystemImpl (MetricsSystemImpl.java:register(276)) - Sink prometheus already exists!
2020-04-28 05:59:46,082 [main] INFO  http.BaseHttpServer (BaseHttpServer.java:updateConnectorAddress(288)) - HTTP server of scm listening at http://0.0.0.0:38709
2020-04-28 05:59:46,087 [main] WARN  server.ServerUtils (ServerUtils.java:getDBPath(225)) - ozone.om.db.dirs is not configured. We recommend adding this setting. Falling back to ozone.metadata.dirs instead.
2020-04-28 05:59:46,087 [org.apache.hadoop.util.JvmPauseMonitor$Monitor@5f834ca0] INFO  util.JvmPauseMonitor (JvmPauseMonitor.java:run(188)) - Starting JVM pause monitor
2020-04-28 05:59:46,088 [main] INFO  ha.OMHANodeDetails (OMHANodeDetails.java:loadOMHAConfig(104)) - ozone.om.internal.service.id is not defined, falling back to ozone.om.service.ids to find serviceID for OzoneManager if it is HA enabled cluster
2020-04-28 05:59:46,088 [main] INFO  ha.OMHANodeDetails (OMHANodeDetails.java:loadOMHAConfig(207)) - Configuration either no ozone.om.address set. Falling back to the default OM address /127.0.0.1:0
2020-04-28 05:59:46,088 [main] INFO  ha.OMHANodeDetails (OMHANodeDetails.java:getOMNodeDetails(237)) - OM Service ID is not set. Setting it to the default ID: omServiceIdDefault
2020-04-28 05:59:46,089 [main] WARN  server.ServerUtils (ServerUtils.java:getDBPath(225)) - ozone.om.db.dirs is not configured. We recommend adding this setting. Falling back to ozone.metadata.dirs instead.
2020-04-28 05:59:46,089 [main] WARN  server.ServerUtils (ServerUtils.java:getDBPath(225)) - ozone.om.db.dirs is not configured. We recommend adding this setting. Falling back to ozone.metadata.dirs instead.
2020-04-28 05:59:46,093 [main] WARN  server.ServerUtils (ServerUtils.java:getDBPath(225)) - ozone.om.db.dirs is not configured. We recommend adding this setting. Falling back to ozone.metadata.dirs instead.
2020-04-28 05:59:46,152 [main] INFO  ipc.CallQueueManager (CallQueueManager.java:<init>(84)) - Using callQueue: class java.util.concurrent.LinkedBlockingQueue, queueCapacity: 2000, scheduler: class org.apache.hadoop.ipc.DefaultRpcScheduler, ipcBackoff: false.
2020-04-28 05:59:46,153 [Socket Reader #1 for port 35613] INFO  ipc.Server (Server.java:run(1074)) - Starting Socket Reader #1 for port 35613
2020-04-28 05:59:46,176 [main] INFO  impl.MetricsSystemImpl (MetricsSystemImpl.java:init(158)) - OzoneManager metrics system started (again)
2020-04-28 05:59:46,177 [main] INFO  om.OzoneManager (OzoneManager.java:start(1113)) - OzoneManager RPC server is listening at localhost/127.0.0.1:35613
2020-04-28 05:59:46,183 [IPC Server Responder] INFO  ipc.Server (Server.java:run(1314)) - IPC Server Responder: starting
2020-04-28 05:59:46,183 [IPC Server listener on 35613] INFO  ipc.Server (Server.java:run(1153)) - IPC Server listener on 35613: starting
2020-04-28 05:59:46,195 [main] INFO  http.BaseHttpServer (BaseHttpServer.java:newHttpServer2BuilderForOzone(174)) - Starting Web-server for ozoneManager at: http://0.0.0.0:0
2020-04-28 05:59:46,197 [main] INFO  server.AuthenticationFilter (AuthenticationFilter.java:constructSecretProvider(240)) - Unable to initialize FileSignerSecretProvider, falling back to use random secrets.
2020-04-28 05:59:46,197 [main] WARN  http.HttpRequestLog (HttpRequestLog.java:getRequestLog(103)) - Jetty request log can only be enabled using Log4j
2020-04-28 05:59:46,198 [main] INFO  http.HttpServer2 (HttpServer2.java:addGlobalFilter(979)) - Added global filter 'safety' (class=org.apache.hadoop.hdds.server.http.HttpServer2$QuotingInputFilter)
2020-04-28 05:59:46,199 [main] INFO  http.HttpServer2 (HttpServer2.java:addFilter(955)) - Added filter static_user_filter (class=org.apache.hadoop.hdds.server.http.StaticUserWebFilter$StaticUserFilter) to context ozoneManager
2020-04-28 05:59:46,199 [main] INFO  http.HttpServer2 (HttpServer2.java:addFilter(963)) - Added filter static_user_filter (class=org.apache.hadoop.hdds.server.http.StaticUserWebFilter$StaticUserFilter) to context static
2020-04-28 05:59:46,199 [main] INFO  http.HttpServer2 (HttpServer2.java:addFilter(963)) - Added filter static_user_filter (class=org.apache.hadoop.hdds.server.http.StaticUserWebFilter$StaticUserFilter) to context logs
2020-04-28 05:59:46,199 [main] INFO  http.HttpServer2 (HttpServer2.java:bindListener(1197)) - Jetty bound to port 35661
2020-04-28 05:59:46,199 [main] INFO  server.Server (Server.java:doStart(359)) - jetty-9.4.26.v20200117; built: 2020-01-17T12:35:33.676Z; git: 7b38981d25d14afb4a12ff1f2596756144edf695; jvm 1.8.0_232-b09
2020-04-28 05:59:46,201 [main] INFO  server.session (DefaultSessionIdManager.java:doStart(333)) - DefaultSessionIdManager workerName=node0
2020-04-28 05:59:46,201 [main] INFO  server.session (DefaultSessionIdManager.java:doStart(338)) - No SessionScavenger set, using defaults
2020-04-28 05:59:46,201 [main] INFO  server.session (HouseKeeper.java:startScavenging(140)) - node0 Scavenging every 600000ms
2020-04-28 05:59:46,202 [main] INFO  handler.ContextHandler (ContextHandler.java:doStart(825)) - Started o.e.j.s.ServletContextHandler@943f25f{logs,/logs,file:///github/workspace/mnt/ozone/hadoop-ozone/integration-test/target/log,AVAILABLE}
2020-04-28 05:59:46,203 [main] INFO  handler.ContextHandler (ContextHandler.java:doStart(825)) - Started o.e.j.s.ServletContextHandler@4e13ac96{static,/static,file:///github/workspace/mnt/ozone/hadoop-ozone/integration-test/target/test-classes/webapps/static,AVAILABLE}
2020-04-28 05:59:46,207 [main] INFO  handler.ContextHandler (ContextHandler.java:doStart(825)) - Started o.e.j.w.WebAppContext@53d4d4a3{ozoneManager,/,file:///github/workspace/mnt/ozone/hadoop-ozone/integration-test/target/test-classes/webapps/ozoneManager/,AVAILABLE}{file:/github/workspace/mnt/ozone/hadoop-ozone/integration-test/target/test-classes/webapps/ozoneManager}
2020-04-28 05:59:46,210 [main] INFO  server.AbstractConnector (AbstractConnector.java:doStart(330)) - Started ServerConnector@5fd855c2{HTTP/1.1,[http/1.1]}{0.0.0.0:35661}
2020-04-28 05:59:46,210 [main] INFO  server.Server (Server.java:doStart(399)) - Started @31910ms
2020-04-28 05:59:46,210 [main] WARN  impl.MetricsSystemImpl (MetricsSystemImpl.java:register(276)) - Sink prometheus already exists!
2020-04-28 05:59:46,215 [main] INFO  http.BaseHttpServer (BaseHttpServer.java:updateConnectorAddress(288)) - HTTP server of ozoneManager listening at http://0.0.0.0:35661
2020-04-28 05:59:46,225 [main] INFO  impl.MetricsSystemImpl (MetricsSystemImpl.java:init(158)) - HddsDatanode metrics system started (again)
2020-04-28 05:59:46,227 [main] INFO  ozone.HddsDatanodeService (HddsDatanodeService.java:start(204)) - HddsDatanodeService host:e61501cbef68 ip:172.17.0.2
2020-04-28 05:59:46,232 [main] INFO  volume.HddsVolume (HddsVolume.java:<init>(176)) - Creating Volume: /github/workspace/mnt/ozone/hadoop-ozone/integration-test/target/test-dir/MiniOzoneClusterImpl-b5329e31-5f75-4342-a666-be13be570410/datanode-0/data-0/containers/hdds of storage type : DISK and capacity : 9223372036854775807
2020-04-28 05:59:46,233 [main] INFO  volume.MutableVolumeSet (MutableVolumeSet.java:initializeVolumeSet(189)) - Added Volume : /github/workspace/mnt/ozone/hadoop-ozone/integration-test/target/test-dir/MiniOzoneClusterImpl-b5329e31-5f75-4342-a666-be13be570410/datanode-0/data-0/containers/hdds to VolumeSet
2020-04-28 05:59:46,233 [main] INFO  volume.ThrottledAsyncChecker (ThrottledAsyncChecker.java:schedule(141)) - Scheduling a check for /github/workspace/mnt/ozone/hadoop-ozone/integration-test/target/test-dir/MiniOzoneClusterImpl-b5329e31-5f75-4342-a666-be13be570410/datanode-0/data-0/containers/hdds
2020-04-28 05:59:46,238 [main] INFO  volume.HddsVolumeChecker (HddsVolumeChecker.java:checkAllVolumes(200)) - Scheduled health check for volume /github/workspace/mnt/ozone/hadoop-ozone/integration-test/target/test-dir/MiniOzoneClusterImpl-b5329e31-5f75-4342-a666-be13be570410/datanode-0/data-0/containers/hdds
2020-04-28 05:59:46,258 [main] INFO  impl.RaftServerProxy (ConfUtils.java:logGet(44)) - raft.rpc.type = GRPC (default)
2020-04-28 05:59:46,258 [main] INFO  grpc.GrpcFactory (GrpcFactory.java:checkPooledByteBufAllocatorUseCacheForAllThreads(45)) - PERFORMANCE WARNING: useCacheForAllThreads is true that may cause Netty to create a lot garbage objects and, as a result, trigger GC.
	It is recommended to disable useCacheForAllThreads by setting -Dorg.apache.ratis.thirdparty.io.netty.allocator.useCacheForAllThreads=false in command line.
2020-04-28 05:59:46,259 [main] INFO  grpc.GrpcConfigKeys (ConfUtils.java:logGet(44)) - raft.grpc.server.port = 0 (default)
2020-04-28 05:59:46,259 [main] INFO  server.GrpcService (ConfUtils.java:logGet(44)) - raft.grpc.message.size.max = 32MB (=33554432) (custom)
2020-04-28 05:59:46,259 [main] INFO  server.RaftServerConfigKeys (ConfUtils.java:logGet(44)) - raft.server.log.appender.buffer.byte-limit = 33554432 (custom)
2020-04-28 05:59:46,259 [main] INFO  server.GrpcService (ConfUtils.java:logGet(44)) - raft.grpc.flow.control.window = 5MB (=5242880) (custom)
2020-04-28 05:59:46,259 [main] INFO  server.RaftServerConfigKeys (ConfUtils.java:logGet(44)) - raft.server.rpc.request.timeout = 60s (custom)
2020-04-28 05:59:46,260 [main] INFO  server.RaftServerConfigKeys (ConfUtils.java:logGet(44)) - raft.server.storage.dir = [/github/workspace/mnt/ozone/hadoop-ozone/integration-test/target/test-dir/MiniOzoneClusterImpl-b5329e31-5f75-4342-a666-be13be570410/datanode-0/data/ratis] (custom)
2020-04-28 05:59:46,265 [main] INFO  http.BaseHttpServer (BaseHttpServer.java:newHttpServer2BuilderForOzone(174)) - Starting Web-server for hddsDatanode at: http://0.0.0.0:0
2020-04-28 05:59:46,267 [main] INFO  server.AuthenticationFilter (AuthenticationFilter.java:constructSecretProvider(240)) - Unable to initialize FileSignerSecretProvider, falling back to use random secrets.
2020-04-28 05:59:46,267 [main] WARN  http.HttpRequestLog (HttpRequestLog.java:getRequestLog(103)) - Jetty request log can only be enabled using Log4j
2020-04-28 05:59:46,269 [main] INFO  http.HttpServer2 (HttpServer2.java:addGlobalFilter(979)) - Added global filter 'safety' (class=org.apache.hadoop.hdds.server.http.HttpServer2$QuotingInputFilter)
2020-04-28 05:59:46,269 [main] INFO  http.HttpServer2 (HttpServer2.java:addFilter(955)) - Added filter static_user_filter (class=org.apache.hadoop.hdds.server.http.StaticUserWebFilter$StaticUserFilter) to context hddsDatanode
2020-04-28 05:59:46,269 [main] INFO  http.HttpServer2 (HttpServer2.java:addFilter(963)) - Added filter static_user_filter (class=org.apache.hadoop.hdds.server.http.StaticUserWebFilter$StaticUserFilter) to context logs
2020-04-28 05:59:46,269 [main] INFO  http.HttpServer2 (HttpServer2.java:addFilter(963)) - Added filter static_user_filter (class=org.apache.hadoop.hdds.server.http.StaticUserWebFilter$StaticUserFilter) to context static
2020-04-28 05:59:46,270 [main] INFO  http.HttpServer2 (HttpServer2.java:bindListener(1197)) - Jetty bound to port 43463
2020-04-28 05:59:46,270 [main] INFO  server.Server (Server.java:doStart(359)) - jetty-9.4.26.v20200117; built: 2020-01-17T12:35:33.676Z; git: 7b38981d25d14afb4a12ff1f2596756144edf695; jvm 1.8.0_232-b09
2020-04-28 05:59:46,272 [main] INFO  server.session (DefaultSessionIdManager.java:doStart(333)) - DefaultSessionIdManager workerName=node0
2020-04-28 05:59:46,272 [main] INFO  server.session (DefaultSessionIdManager.java:doStart(338)) - No SessionScavenger set, using defaults
2020-04-28 05:59:46,272 [main] INFO  server.session (HouseKeeper.java:startScavenging(140)) - node0 Scavenging every 660000ms
2020-04-28 05:59:46,273 [main] INFO  handler.ContextHandler (ContextHandler.java:doStart(825)) - Started o.e.j.s.ServletContextHandler@78a30667{logs,/logs,file:///github/workspace/mnt/ozone/hadoop-ozone/integration-test/target/log,AVAILABLE}
2020-04-28 05:59:46,274 [main] INFO  handler.ContextHandler (ContextHandler.java:doStart(825)) - Started o.e.j.s.ServletContextHandler@67b60899{static,/static,jar:file:/home/user/.m2/repository/org/apache/hadoop/hadoop-hdds-container-service/0.6.0-SNAPSHOT/hadoop-hdds-container-service-0.6.0-SNAPSHOT.jar!/webapps/static,AVAILABLE}
2020-04-28 05:59:46,311 [main] INFO  handler.ContextHandler (ContextHandler.java:doStart(825)) - Started o.e.j.w.WebAppContext@2a56fb62{hddsDatanode,/,file:///tmp/jetty-0_0_0_0-43463-hadoop-hdds-container-service-0_6_0-SNAPSHOT_jar-_-any-8714147773442663466.dir/webapp/,AVAILABLE}{jar:file:/home/user/.m2/repository/org/apache/hadoop/hadoop-hdds-container-service/0.6.0-SNAPSHOT/hadoop-hdds-container-service-0.6.0-SNAPSHOT.jar!/webapps/hddsDatanode}
2020-04-28 05:59:46,312 [main] INFO  server.AbstractConnector (AbstractConnector.java:doStart(330)) - Started ServerConnector@541164b{HTTP/1.1,[http/1.1]}{0.0.0.0:43463}
2020-04-28 05:59:46,313 [main] INFO  server.Server (Server.java:doStart(399)) - Started @32012ms
2020-04-28 05:59:46,313 [main] WARN  impl.MetricsSystemImpl (MetricsSystemImpl.java:register(276)) - Sink prometheus already exists!
2020-04-28 05:59:46,318 [main] INFO  http.BaseHttpServer (BaseHttpServer.java:updateConnectorAddress(288)) - HTTP server of hddsDatanode listening at http://0.0.0.0:43463
2020-04-28 05:59:46,318 [main] INFO  impl.MetricsSystemImpl (MetricsSystemImpl.java:init(158)) - HddsDatanode metrics system started (again)
2020-04-28 05:59:46,322 [main] INFO  ozone.HddsDatanodeService (HddsDatanodeService.java:start(204)) - HddsDatanodeService host:e61501cbef68 ip:172.17.0.2
2020-04-28 05:59:46,324 [org.apache.hadoop.util.JvmPauseMonitor$Monitor@73e72086] INFO  util.JvmPauseMonitor (JvmPauseMonitor.java:run(188)) - Starting JVM pause monitor
2020-04-28 05:59:46,326 [Datanode State Machine Thread - 0] INFO  datanode.InitDatanodeState (InitDatanodeState.java:persistContainerDatanodeDetails(145)) - DatanodeDetails is persisted to /github/workspace/mnt/ozone/hadoop-ozone/integration-test/target/test-dir/MiniOzoneClusterImpl-b5329e31-5f75-4342-a666-be13be570410/datanode-0/meta/datanode.id
2020-04-28 05:59:46,326 [main] INFO  volume.HddsVolume (HddsVolume.java:<init>(176)) - Creating Volume: /github/workspace/mnt/ozone/hadoop-ozone/integration-test/target/test-dir/MiniOzoneClusterImpl-b5329e31-5f75-4342-a666-be13be570410/datanode-1/data-0/containers/hdds of storage type : DISK and capacity : 9223372036854775807
2020-04-28 05:59:46,327 [main] INFO  volume.MutableVolumeSet (MutableVolumeSet.java:initializeVolumeSet(189)) - Added Volume : /github/workspace/mnt/ozone/hadoop-ozone/integration-test/target/test-dir/MiniOzoneClusterImpl-b5329e31-5f75-4342-a666-be13be570410/datanode-1/data-0/containers/hdds to VolumeSet
2020-04-28 05:59:46,327 [main] INFO  volume.ThrottledAsyncChecker (ThrottledAsyncChecker.java:schedule(141)) - Scheduling a check for /github/workspace/mnt/ozone/hadoop-ozone/integration-test/target/test-dir/MiniOzoneClusterImpl-b5329e31-5f75-4342-a666-be13be570410/datanode-1/data-0/containers/hdds
2020-04-28 05:59:46,327 [main] INFO  volume.HddsVolumeChecker (HddsVolumeChecker.java:checkAllVolumes(200)) - Scheduled health check for volume /github/workspace/mnt/ozone/hadoop-ozone/integration-test/target/test-dir/MiniOzoneClusterImpl-b5329e31-5f75-4342-a666-be13be570410/datanode-1/data-0/containers/hdds
2020-04-28 05:59:46,350 [main] INFO  impl.RaftServerProxy (ConfUtils.java:logGet(44)) - raft.rpc.type = GRPC (default)
2020-04-28 05:59:46,351 [main] INFO  grpc.GrpcFactory (GrpcFactory.java:checkPooledByteBufAllocatorUseCacheForAllThreads(45)) - PERFORMANCE WARNING: useCacheForAllThreads is true that may cause Netty to create a lot garbage objects and, as a result, trigger GC.
	It is recommended to disable useCacheForAllThreads by setting -Dorg.apache.ratis.thirdparty.io.netty.allocator.useCacheForAllThreads=false in command line.
2020-04-28 05:59:46,351 [main] INFO  grpc.GrpcConfigKeys (ConfUtils.java:logGet(44)) - raft.grpc.server.port = 0 (default)
2020-04-28 05:59:46,351 [main] INFO  server.GrpcService (ConfUtils.java:logGet(44)) - raft.grpc.message.size.max = 32MB (=33554432) (custom)
2020-04-28 05:59:46,351 [main] INFO  server.RaftServerConfigKeys (ConfUtils.java:logGet(44)) - raft.server.log.appender.buffer.byte-limit = 33554432 (custom)
2020-04-28 05:59:46,351 [main] INFO  server.GrpcService (ConfUtils.java:logGet(44)) - raft.grpc.flow.control.window = 5MB (=5242880) (custom)
2020-04-28 05:59:46,352 [main] INFO  server.RaftServerConfigKeys (ConfUtils.java:logGet(44)) - raft.server.rpc.request.timeout = 60s (custom)
2020-04-28 05:59:46,352 [main] INFO  server.RaftServerConfigKeys (ConfUtils.java:logGet(44)) - raft.server.storage.dir = [/github/workspace/mnt/ozone/hadoop-ozone/integration-test/target/test-dir/MiniOzoneClusterImpl-b5329e31-5f75-4342-a666-be13be570410/datanode-1/data/ratis] (custom)
2020-04-28 05:59:46,358 [main] INFO  http.BaseHttpServer (BaseHttpServer.java:newHttpServer2BuilderForOzone(174)) - Starting Web-server for hddsDatanode at: http://0.0.0.0:0
2020-04-28 05:59:46,359 [main] INFO  server.AuthenticationFilter (AuthenticationFilter.java:constructSecretProvider(240)) - Unable to initialize FileSignerSecretProvider, falling back to use random secrets.
2020-04-28 05:59:46,360 [main] WARN  http.HttpRequestLog (HttpRequestLog.java:getRequestLog(103)) - Jetty request log can only be enabled using Log4j
2020-04-28 05:59:46,361 [main] INFO  http.HttpServer2 (HttpServer2.java:addGlobalFilter(979)) - Added global filter 'safety' (class=org.apache.hadoop.hdds.server.http.HttpServer2$QuotingInputFilter)
2020-04-28 05:59:46,361 [main] INFO  http.HttpServer2 (HttpServer2.java:addFilter(955)) - Added filter static_user_filter (class=org.apache.hadoop.hdds.server.http.StaticUserWebFilter$StaticUserFilter) to context hddsDatanode
2020-04-28 05:59:46,361 [main] INFO  http.HttpServer2 (HttpServer2.java:addFilter(963)) - Added filter static_user_filter (class=org.apache.hadoop.hdds.server.http.StaticUserWebFilter$StaticUserFilter) to context logs
2020-04-28 05:59:46,361 [main] INFO  http.HttpServer2 (HttpServer2.java:addFilter(963)) - Added filter static_user_filter (class=org.apache.hadoop.hdds.server.http.StaticUserWebFilter$StaticUserFilter) to context static
2020-04-28 05:59:46,362 [main] INFO  http.HttpServer2 (HttpServer2.java:bindListener(1197)) - Jetty bound to port 44233
2020-04-28 05:59:46,362 [main] INFO  server.Server (Server.java:doStart(359)) - jetty-9.4.26.v20200117; built: 2020-01-17T12:35:33.676Z; git: 7b38981d25d14afb4a12ff1f2596756144edf695; jvm 1.8.0_232-b09
2020-04-28 05:59:46,370 [main] INFO  server.session (DefaultSessionIdManager.java:doStart(333)) - DefaultSessionIdManager workerName=node0
2020-04-28 05:59:46,370 [main] INFO  server.session (DefaultSessionIdManager.java:doStart(338)) - No SessionScavenger set, using defaults
2020-04-28 05:59:46,370 [main] INFO  server.session (HouseKeeper.java:startScavenging(140)) - node0 Scavenging every 660000ms
2020-04-28 05:59:46,371 [main] INFO  handler.ContextHandler (ContextHandler.java:doStart(825)) - Started o.e.j.s.ServletContextHandler@5f2e466b{logs,/logs,file:///github/workspace/mnt/ozone/hadoop-ozone/integration-test/target/log,AVAILABLE}
2020-04-28 05:59:46,371 [main] INFO  handler.ContextHandler (ContextHandler.java:doStart(825)) - Started o.e.j.s.ServletContextHandler@7ef31c26{static,/static,jar:file:/home/user/.m2/repository/org/apache/hadoop/hadoop-hdds-container-service/0.6.0-SNAPSHOT/hadoop-hdds-container-service-0.6.0-SNAPSHOT.jar!/webapps/static,AVAILABLE}
2020-04-28 05:59:46,411 [main] INFO  handler.ContextHandler (ContextHandler.java:doStart(825)) - Started o.e.j.w.WebAppContext@744d76ea{hddsDatanode,/,file:///tmp/jetty-0_0_0_0-44233-hadoop-hdds-container-service-0_6_0-SNAPSHOT_jar-_-any-6251979510539189618.dir/webapp/,AVAILABLE}{jar:file:/home/user/.m2/repository/org/apache/hadoop/hadoop-hdds-container-service/0.6.0-SNAPSHOT/hadoop-hdds-container-service-0.6.0-SNAPSHOT.jar!/webapps/hddsDatanode}
2020-04-28 05:59:46,414 [main] INFO  server.AbstractConnector (AbstractConnector.java:doStart(330)) - Started ServerConnector@7bf6113e{HTTP/1.1,[http/1.1]}{0.0.0.0:44233}
2020-04-28 05:59:46,414 [main] INFO  server.Server (Server.java:doStart(399)) - Started @32114ms
2020-04-28 05:59:46,414 [main] WARN  impl.MetricsSystemImpl (MetricsSystemImpl.java:register(276)) - Sink prometheus already exists!
2020-04-28 05:59:46,419 [main] INFO  http.BaseHttpServer (BaseHttpServer.java:updateConnectorAddress(288)) - HTTP server of hddsDatanode listening at http://0.0.0.0:44233
2020-04-28 05:59:46,421 [main] INFO  impl.MetricsSystemImpl (MetricsSystemImpl.java:init(158)) - HddsDatanode metrics system started (again)
2020-04-28 05:59:46,423 [main] INFO  ozone.HddsDatanodeService (HddsDatanodeService.java:start(204)) - HddsDatanodeService host:e61501cbef68 ip:172.17.0.2
2020-04-28 05:59:46,429 [main] INFO  volume.HddsVolume (HddsVolume.java:<init>(176)) - Creating Volume: /github/workspace/mnt/ozone/hadoop-ozone/integration-test/target/test-dir/MiniOzoneClusterImpl-b5329e31-5f75-4342-a666-be13be570410/datanode-2/data-0/containers/hdds of storage type : DISK and capacity : 9223372036854775807
2020-04-28 05:59:46,429 [main] INFO  volume.MutableVolumeSet (MutableVolumeSet.java:initializeVolumeSet(189)) - Added Volume : /github/workspace/mnt/ozone/hadoop-ozone/integration-test/target/test-dir/MiniOzoneClusterImpl-b5329e31-5f75-4342-a666-be13be570410/datanode-2/data-0/containers/hdds to VolumeSet
2020-04-28 05:59:46,429 [main] INFO  volume.ThrottledAsyncChecker (ThrottledAsyncChecker.java:schedule(141)) - Scheduling a check for /github/workspace/mnt/ozone/hadoop-ozone/integration-test/target/test-dir/MiniOzoneClusterImpl-b5329e31-5f75-4342-a666-be13be570410/datanode-2/data-0/containers/hdds
2020-04-28 05:59:46,432 [main] INFO  volume.HddsVolumeChecker (HddsVolumeChecker.java:checkAllVolumes(200)) - Scheduled health check for volume /github/workspace/mnt/ozone/hadoop-ozone/integration-test/target/test-dir/MiniOzoneClusterImpl-b5329e31-5f75-4342-a666-be13be570410/datanode-2/data-0/containers/hdds
2020-04-28 05:59:46,452 [org.apache.hadoop.util.JvmPauseMonitor$Monitor@152c152f] INFO  util.JvmPauseMonitor (JvmPauseMonitor.java:run(188)) - Starting JVM pause monitor
2020-04-28 05:59:46,453 [Datanode State Machine Thread - 0] INFO  datanode.InitDatanodeState (InitDatanodeState.java:persistContainerDatanodeDetails(145)) - DatanodeDetails is persisted to /github/workspace/mnt/ozone/hadoop-ozone/integration-test/target/test-dir/MiniOzoneClusterImpl-b5329e31-5f75-4342-a666-be13be570410/datanode-1/meta/datanode.id
2020-04-28 05:59:46,455 [main] INFO  impl.RaftServerProxy (ConfUtils.java:logGet(44)) - raft.rpc.type = GRPC (default)
2020-04-28 05:59:46,455 [main] INFO  grpc.GrpcFactory (GrpcFactory.java:checkPooledByteBufAllocatorUseCacheForAllThreads(45)) - PERFORMANCE WARNING: useCacheForAllThreads is true that may cause Netty to create a lot garbage objects and, as a result, trigger GC.
	It is recommended to disable useCacheForAllThreads by setting -Dorg.apache.ratis.thirdparty.io.netty.allocator.useCacheForAllThreads=false in command line.
2020-04-28 05:59:46,455 [main] INFO  grpc.GrpcConfigKeys (ConfUtils.java:logGet(44)) - raft.grpc.server.port = 0 (default)
2020-04-28 05:59:46,455 [main] INFO  server.GrpcService (ConfUtils.java:logGet(44)) - raft.grpc.message.size.max = 32MB (=33554432) (custom)
2020-04-28 05:59:46,455 [main] INFO  server.RaftServerConfigKeys (ConfUtils.java:logGet(44)) - raft.server.log.appender.buffer.byte-limit = 33554432 (custom)
2020-04-28 05:59:46,455 [main] INFO  server.GrpcService (ConfUtils.java:logGet(44)) - raft.grpc.flow.control.window = 5MB (=5242880) (custom)
2020-04-28 05:59:46,456 [main] INFO  server.RaftServerConfigKeys (ConfUtils.java:logGet(44)) - raft.server.rpc.request.timeout = 60s (custom)
2020-04-28 05:59:46,456 [main] INFO  server.RaftServerConfigKeys (ConfUtils.java:logGet(44)) - raft.server.storage.dir = [/github/workspace/mnt/ozone/hadoop-ozone/integration-test/target/test-dir/MiniOzoneClusterImpl-b5329e31-5f75-4342-a666-be13be570410/datanode-2/data/ratis] (custom)
2020-04-28 05:59:46,462 [main] INFO  http.BaseHttpServer (BaseHttpServer.java:newHttpServer2BuilderForOzone(174)) - Starting Web-server for hddsDatanode at: http://0.0.0.0:0
2020-04-28 05:59:46,464 [main] INFO  server.AuthenticationFilter (AuthenticationFilter.java:constructSecretProvider(240)) - Unable to initialize FileSignerSecretProvider, falling back to use random secrets.
2020-04-28 05:59:46,464 [main] WARN  http.HttpRequestLog (HttpRequestLog.java:getRequestLog(103)) - Jetty request log can only be enabled using Log4j
2020-04-28 05:59:46,465 [main] INFO  http.HttpServer2 (HttpServer2.java:addGlobalFilter(979)) - Added global filter 'safety' (class=org.apache.hadoop.hdds.server.http.HttpServer2$QuotingInputFilter)
2020-04-28 05:59:46,465 [main] INFO  http.HttpServer2 (HttpServer2.java:addFilter(955)) - Added filter static_user_filter (class=org.apache.hadoop.hdds.server.http.StaticUserWebFilter$StaticUserFilter) to context hddsDatanode
2020-04-28 05:59:46,465 [main] INFO  http.HttpServer2 (HttpServer2.java:addFilter(963)) - Added filter static_user_filter (class=org.apache.hadoop.hdds.server.http.StaticUserWebFilter$StaticUserFilter) to context logs
2020-04-28 05:59:46,465 [main] INFO  http.HttpServer2 (HttpServer2.java:addFilter(963)) - Added filter static_user_filter (class=org.apache.hadoop.hdds.server.http.StaticUserWebFilter$StaticUserFilter) to context static
2020-04-28 05:59:46,466 [main] INFO  http.HttpServer2 (HttpServer2.java:bindListener(1197)) - Jetty bound to port 40635
2020-04-28 05:59:46,466 [main] INFO  server.Server (Server.java:doStart(359)) - jetty-9.4.26.v20200117; built: 2020-01-17T12:35:33.676Z; git: 7b38981d25d14afb4a12ff1f2596756144edf695; jvm 1.8.0_232-b09
2020-04-28 05:59:46,468 [main] INFO  server.session (DefaultSessionIdManager.java:doStart(333)) - DefaultSessionIdManager workerName=node0
2020-04-28 05:59:46,468 [main] INFO  server.session (DefaultSessionIdManager.java:doStart(338)) - No SessionScavenger set, using defaults
2020-04-28 05:59:46,468 [main] INFO  server.session (HouseKeeper.java:startScavenging(140)) - node0 Scavenging every 660000ms
2020-04-28 05:59:46,469 [main] INFO  handler.ContextHandler (ContextHandler.java:doStart(825)) - Started o.e.j.s.ServletContextHandler@31888cc8{logs,/logs,file:///github/workspace/mnt/ozone/hadoop-ozone/integration-test/target/log,AVAILABLE}
2020-04-28 05:59:46,469 [main] INFO  handler.ContextHandler (ContextHandler.java:doStart(825)) - Started o.e.j.s.ServletContextHandler@5f404d1c{static,/static,jar:file:/home/user/.m2/repository/org/apache/hadoop/hadoop-hdds-container-service/0.6.0-SNAPSHOT/hadoop-hdds-container-service-0.6.0-SNAPSHOT.jar!/webapps/static,AVAILABLE}
2020-04-28 05:59:46,498 [main] INFO  handler.ContextHandler (ContextHandler.java:doStart(825)) - Started o.e.j.w.WebAppContext@39abcf3c{hddsDatanode,/,file:///tmp/jetty-0_0_0_0-40635-hadoop-hdds-container-service-0_6_0-SNAPSHOT_jar-_-any-9058714635828222681.dir/webapp/,AVAILABLE}{jar:file:/home/user/.m2/repository/org/apache/hadoop/hadoop-hdds-container-service/0.6.0-SNAPSHOT/hadoop-hdds-container-service-0.6.0-SNAPSHOT.jar!/webapps/hddsDatanode}
2020-04-28 05:59:46,499 [main] INFO  server.AbstractConnector (AbstractConnector.java:doStart(330)) - Started ServerConnector@3cc64580{HTTP/1.1,[http/1.1]}{0.0.0.0:40635}
2020-04-28 05:59:46,499 [main] INFO  server.Server (Server.java:doStart(399)) - Started @32199ms
2020-04-28 05:59:46,499 [main] WARN  impl.MetricsSystemImpl (MetricsSystemImpl.java:register(276)) - Sink prometheus already exists!
2020-04-28 05:59:46,504 [main] INFO  http.BaseHttpServer (BaseHttpServer.java:updateConnectorAddress(288)) - HTTP server of hddsDatanode listening at http://0.0.0.0:40635
2020-04-28 05:59:46,504 [main] INFO  ozone.MiniOzoneClusterImpl (MiniOzoneClusterImpl.java:lambda$waitForClusterToBeReady$0(177)) - Waiting for nodes to be ready. Got 0 of 3 DN Heartbeats.
2020-04-28 05:59:46,506 [main] INFO  ozone.MiniOzoneClusterImpl (MiniOzoneClusterImpl.java:lambda$waitForClusterToBeReady$0(180)) - Waiting for cluster to exit safe mode
2020-04-28 05:59:46,512 [org.apache.hadoop.util.JvmPauseMonitor$Monitor@21b9125a] INFO  util.JvmPauseMonitor (JvmPauseMonitor.java:run(188)) - Starting JVM pause monitor
2020-04-28 05:59:46,514 [Datanode State Machine Thread - 0] INFO  datanode.InitDatanodeState (InitDatanodeState.java:persistContainerDatanodeDetails(145)) - DatanodeDetails is persisted to /github/workspace/mnt/ozone/hadoop-ozone/integration-test/target/test-dir/MiniOzoneClusterImpl-b5329e31-5f75-4342-a666-be13be570410/datanode-2/meta/datanode.id
2020-04-28 05:59:47,506 [main] INFO  ozone.MiniOzoneClusterImpl (MiniOzoneClusterImpl.java:lambda$waitForClusterToBeReady$0(177)) - Waiting for nodes to be ready. Got 0 of 3 DN Heartbeats.
2020-04-28 05:59:47,506 [main] INFO  ozone.MiniOzoneClusterImpl (MiniOzoneClusterImpl.java:lambda$waitForClusterToBeReady$0(180)) - Waiting for cluster to exit safe mode
2020-04-28 05:59:48,331 [Datanode State Machine Thread - 0] INFO  ozoneimpl.OzoneContainer (OzoneContainer.java:start(232)) - Attempting to start container services.
2020-04-28 05:59:48,331 [Datanode State Machine Thread - 0] INFO  ozoneimpl.OzoneContainer (OzoneContainer.java:startContainerScrub(196)) - Background container scanner has been disabled.
2020-04-28 05:59:48,331 [Datanode State Machine Thread - 0] INFO  ratis.XceiverServerRatis (XceiverServerRatis.java:start(424)) - Starting XceiverServerRatis a68276ad-3996-4c51-a19d-88b85ee37e97 at port 0
2020-04-28 05:59:48,332 [Datanode State Machine Thread - 0] INFO  impl.RaftServerProxy (RaftServerProxy.java:lambda$start$3(299)) - a68276ad-3996-4c51-a19d-88b85ee37e97: start RPC server
2020-04-28 05:59:48,334 [Datanode State Machine Thread - 0] INFO  server.GrpcService (GrpcService.java:startImpl(159)) - a68276ad-3996-4c51-a19d-88b85ee37e97: GrpcService started, listening on 0.0.0.0/0.0.0.0:39767
2020-04-28 05:59:48,334 [Datanode State Machine Thread - 0] INFO  ratis.XceiverServerRatis (XceiverServerRatis.java:start(436)) - XceiverServerRatis a68276ad-3996-4c51-a19d-88b85ee37e97 is started using port 39767
2020-04-28 05:59:48,343 [Datanode State Machine Thread - 0] INFO  server.XceiverServerGrpc (XceiverServerGrpc.java:start(145)) - XceiverServerGrpc a68276ad-3996-4c51-a19d-88b85ee37e97 is started using port 36143
2020-04-28 05:59:48,455 [Datanode State Machine Thread - 0] INFO  ozoneimpl.OzoneContainer (OzoneContainer.java:start(232)) - Attempting to start container services.
2020-04-28 05:59:48,455 [Datanode State Machine Thread - 0] INFO  ozoneimpl.OzoneContainer (OzoneContainer.java:startContainerScrub(196)) - Background container scanner has been disabled.
2020-04-28 05:59:48,455 [Datanode State Machine Thread - 0] INFO  ratis.XceiverServerRatis (XceiverServerRatis.java:start(424)) - Starting XceiverServerRatis 35d730cb-d0ba-49ab-88c0-b985e4524dc7 at port 0
2020-04-28 05:59:48,458 [Datanode State Machine Thread - 0] INFO  impl.RaftServerProxy (RaftServerProxy.java:lambda$start$3(299)) - 35d730cb-d0ba-49ab-88c0-b985e4524dc7: start RPC server
2020-04-28 05:59:48,465 [Datanode State Machine Thread - 0] INFO  server.GrpcService (GrpcService.java:startImpl(159)) - 35d730cb-d0ba-49ab-88c0-b985e4524dc7: GrpcService started, listening on 0.0.0.0/0.0.0.0:33299
2020-04-28 05:59:48,466 [Datanode State Machine Thread - 0] INFO  ratis.XceiverServerRatis (XceiverServerRatis.java:start(436)) - XceiverServerRatis 35d730cb-d0ba-49ab-88c0-b985e4524dc7 is started using port 33299
2020-04-28 05:59:48,472 [Datanode State Machine Thread - 0] INFO  server.XceiverServerGrpc (XceiverServerGrpc.java:start(145)) - XceiverServerGrpc 35d730cb-d0ba-49ab-88c0-b985e4524dc7 is started using port 33301
2020-04-28 05:59:48,506 [main] INFO  ozone.MiniOzoneClusterImpl (MiniOzoneClusterImpl.java:lambda$waitForClusterToBeReady$0(177)) - Waiting for nodes to be ready. Got 0 of 3 DN Heartbeats.
2020-04-28 05:59:48,507 [main] INFO  ozone.MiniOzoneClusterImpl (MiniOzoneClusterImpl.java:lambda$waitForClusterToBeReady$0(180)) - Waiting for cluster to exit safe mode
2020-04-28 05:59:48,514 [Datanode State Machine Thread - 0] INFO  ozoneimpl.OzoneContainer (OzoneContainer.java:start(232)) - Attempting to start container services.
2020-04-28 05:59:48,514 [Datanode State Machine Thread - 0] INFO  ozoneimpl.OzoneContainer (OzoneContainer.java:startContainerScrub(196)) - Background container scanner has been disabled.
2020-04-28 05:59:48,514 [Datanode State Machine Thread - 0] INFO  ratis.XceiverServerRatis (XceiverServerRatis.java:start(424)) - Starting XceiverServerRatis 68dc973b-8e8d-4ab4-a7af-b93c8a87bf60 at port 0
2020-04-28 05:59:48,515 [Datanode State Machine Thread - 0] INFO  impl.RaftServerProxy (RaftServerProxy.java:lambda$start$3(299)) - 68dc973b-8e8d-4ab4-a7af-b93c8a87bf60: start RPC server
2020-04-28 05:59:48,517 [Datanode State Machine Thread - 0] INFO  server.GrpcService (GrpcService.java:startImpl(159)) - 68dc973b-8e8d-4ab4-a7af-b93c8a87bf60: GrpcService started, listening on 0.0.0.0/0.0.0.0:40421
2020-04-28 05:59:48,517 [Datanode State Machine Thread - 0] INFO  ratis.XceiverServerRatis (XceiverServerRatis.java:start(436)) - XceiverServerRatis 68dc973b-8e8d-4ab4-a7af-b93c8a87bf60 is started using port 40421
2020-04-28 05:59:48,519 [Datanode State Machine Thread - 0] INFO  server.XceiverServerGrpc (XceiverServerGrpc.java:start(145)) - XceiverServerGrpc 68dc973b-8e8d-4ab4-a7af-b93c8a87bf60 is started using port 44703
2020-04-28 05:59:49,507 [main] INFO  ozone.MiniOzoneClusterImpl (MiniOzoneClusterImpl.java:lambda$waitForClusterToBeReady$0(177)) - Waiting for nodes to be ready. Got 0 of 3 DN Heartbeats.
2020-04-28 05:59:49,507 [main] INFO  ozone.MiniOzoneClusterImpl (MiniOzoneClusterImpl.java:lambda$waitForClusterToBeReady$0(180)) - Waiting for cluster to exit safe mode
2020-04-28 05:59:50,326 [IPC Server handler 0 on 43589] INFO  net.NetworkTopology (NetworkTopologyImpl.java:add(111)) - Added a new node: /default-rack/a68276ad-3996-4c51-a19d-88b85ee37e97
2020-04-28 05:59:50,327 [IPC Server handler 0 on 43589] INFO  node.SCMNodeManager (SCMNodeManager.java:register(268)) - Registered Data node : a68276ad-3996-4c51-a19d-88b85ee37e97{ip: 172.17.0.2, host: e61501cbef68, networkLocation: /default-rack, certSerialId: null}
2020-04-28 05:59:50,327 [RatisPipelineUtilsThread] INFO  pipeline.RatisPipelineProvider (RatisPipelineProvider.java:lambda$create$0(138)) - Sending CreatePipelineCommand for pipeline:PipelineID=a9a96a7f-2d1d-4401-a746-ef8263efebe8 to datanode:a68276ad-3996-4c51-a19d-88b85ee37e97
2020-04-28 05:59:50,328 [EventQueue-NodeRegistrationContainerReportForContainerSafeModeRule] INFO  safemode.SCMSafeModeManager (SCMSafeModeManager.java:validateSafeModeExitRules(183)) - ContainerSafeModeRule rule is successfully validated
2020-04-28 05:59:50,328 [EventQueue-NodeRegistrationContainerReportForDataNodeSafeModeRule] INFO  safemode.SCMSafeModeManager (DataNodeSafeModeRule.java:process(71)) - SCM in safe mode. 1 DataNodes registered, 1 required.
2020-04-28 05:59:50,331 [RatisPipelineUtilsThread] INFO  pipeline.PipelineStateManager (PipelineStateManager.java:addPipeline(54)) - Created pipeline Pipeline[ Id: a9a96a7f-2d1d-4401-a746-ef8263efebe8, Nodes: a68276ad-3996-4c51-a19d-88b85ee37e97{ip: 172.17.0.2, host: e61501cbef68, networkLocation: /default-rack, certSerialId: null}, Type:RATIS, Factor:ONE, State:ALLOCATED, leaderId:null, CreationTimestamp2020-04-28T05:59:50.327Z]
2020-04-28 05:59:50,331 [RatisPipelineUtilsThread] ERROR pipeline.SCMPipelineManager (SCMPipelineManager.java:createPipeline(222)) - Failed to create pipeline of type RATIS and factor ONE. Exception: Cannot create pipeline of factor 1 using 0 nodes. Used 1 nodes. Healthy nodes 1
2020-04-28 05:59:50,333 [EventQueue-NodeRegistrationContainerReportForDataNodeSafeModeRule] INFO  safemode.SCMSafeModeManager (SCMSafeModeManager.java:validateSafeModeExitRules(183)) - DataNodeSafeModeRule rule is successfully validated
2020-04-28 05:59:50,333 [EventQueue-NodeRegistrationContainerReportForDataNodeSafeModeRule] INFO  safemode.SCMSafeModeManager (SCMSafeModeManager.java:completePreCheck(211)) - All SCM safe mode pre check rules have passed
2020-04-28 05:59:50,334 [RatisPipelineUtilsThread] ERROR pipeline.SCMPipelineManager (SCMPipelineManager.java:createPipeline(222)) - Failed to create pipeline of type RATIS and factor ONE. Exception: Cannot create pipeline of factor 1 using 0 nodes. Used 1 nodes. Healthy nodes 1
2020-04-28 05:59:50,334 [RatisPipelineUtilsThread] WARN  pipeline.PipelinePlacementPolicy (PipelinePlacementPolicy.java:filterViableNodes(132)) - Pipeline creation failed due to no sufficient healthy datanodes. Required 3. Found 1.
2020-04-28 05:59:50,334 [RatisPipelineUtilsThread] ERROR pipeline.SCMPipelineManager (SCMPipelineManager.java:createPipeline(222)) - Failed to create pipeline of type RATIS and factor THREE. Exception: Pipeline creation failed due to no sufficient healthy datanodes. Required 3. Found 1.
2020-04-28 05:59:50,453 [IPC Server handler 1 on 43589] INFO  net.NetworkTopology (NetworkTopologyImpl.java:add(111)) - Added a new node: /default-rack/35d730cb-d0ba-49ab-88c0-b985e4524dc7
2020-04-28 05:59:50,453 [IPC Server handler 1 on 43589] INFO  node.SCMNodeManager (SCMNodeManager.java:register(268)) - Registered Data node : 35d730cb-d0ba-49ab-88c0-b985e4524dc7{ip: 172.17.0.2, host: e61501cbef68, networkLocation: /default-rack, certSerialId: null}
2020-04-28 05:59:50,454 [EventQueue-NodeRegistrationContainerReportForContainerSafeModeRule] INFO  safemode.SCMSafeModeManager (SCMSafeModeManager.java:validateSafeModeExitRules(183)) - ContainerSafeModeRule rule is successfully validated
2020-04-28 05:59:50,454 [EventQueue-NodeRegistrationContainerReportForDataNodeSafeModeRule] INFO  safemode.SCMSafeModeManager (SCMSafeModeManager.java:validateSafeModeExitRules(183)) - DataNodeSafeModeRule rule is successfully validated
2020-04-28 05:59:50,455 [RatisPipelineUtilsThread] INFO  pipeline.RatisPipelineProvider (RatisPipelineProvider.java:lambda$create$0(138)) - Sending CreatePipelineCommand for pipeline:PipelineID=5b59653d-0cd4-4d41-a41e-ebd98aa10882 to datanode:35d730cb-d0ba-49ab-88c0-b985e4524dc7
2020-04-28 05:59:50,455 [RatisPipelineUtilsThread] INFO  pipeline.PipelineStateManager (PipelineStateManager.java:addPipeline(54)) - Created pipeline Pipeline[ Id: 5b59653d-0cd4-4d41-a41e-ebd98aa10882, Nodes: 35d730cb-d0ba-49ab-88c0-b985e4524dc7{ip: 172.17.0.2, host: e61501cbef68, networkLocation: /default-rack, certSerialId: null}, Type:RATIS, Factor:ONE, State:ALLOCATED, leaderId:null, CreationTimestamp2020-04-28T05:59:50.455Z]
2020-04-28 05:59:50,455 [RatisPipelineUtilsThread] ERROR pipeline.SCMPipelineManager (SCMPipelineManager.java:createPipeline(222)) - Failed to create pipeline of type RATIS and factor ONE. Exception: Cannot create pipeline of factor 1 using 0 nodes. Used 2 nodes. Healthy nodes 2
2020-04-28 05:59:50,456 [RatisPipelineUtilsThread] WARN  pipeline.PipelinePlacementPolicy (PipelinePlacementPolicy.java:filterViableNodes(132)) - Pipeline creation failed due to no sufficient healthy datanodes. Required 3. Found 2.
2020-04-28 05:59:50,456 [RatisPipelineUtilsThread] ERROR pipeline.SCMPipelineManager (SCMPipelineManager.java:createPipeline(222)) - Failed to create pipeline of type RATIS and factor THREE. Exception: Pipeline creation failed due to no sufficient healthy datanodes. Required 3. Found 2.
2020-04-28 05:59:50,508 [main] INFO  ozone.MiniOzoneClusterImpl (MiniOzoneClusterImpl.java:lambda$waitForClusterToBeReady$0(177)) - Waiting for nodes to be ready. Got 2 of 3 DN Heartbeats.
2020-04-28 05:59:50,508 [main] INFO  ozone.MiniOzoneClusterImpl (MiniOzoneClusterImpl.java:lambda$waitForClusterToBeReady$0(180)) - Waiting for cluster to exit safe mode
2020-04-28 05:59:50,515 [IPC Server handler 3 on 43589] INFO  net.NetworkTopology (NetworkTopologyImpl.java:add(111)) - Added a new node: /default-rack/68dc973b-8e8d-4ab4-a7af-b93c8a87bf60
2020-04-28 05:59:50,515 [IPC Server handler 3 on 43589] INFO  node.SCMNodeManager (SCMNodeManager.java:register(268)) - Registered Data node : 68dc973b-8e8d-4ab4-a7af-b93c8a87bf60{ip: 172.17.0.2, host: e61501cbef68, networkLocation: /default-rack, certSerialId: null}
2020-04-28 05:59:50,515 [RatisPipelineUtilsThread] INFO  pipeline.RatisPipelineProvider (RatisPipelineProvider.java:lambda$create$0(138)) - Sending CreatePipelineCommand for pipeline:PipelineID=7826dec8-5cfb-4d34-94e2-095a187df6c5 to datanode:68dc973b-8e8d-4ab4-a7af-b93c8a87bf60
2020-04-28 05:59:50,516 [RatisPipelineUtilsThread] INFO  pipeline.PipelineStateManager (PipelineStateManager.java:addPipeline(54)) - Created pipeline Pipeline[ Id: 7826dec8-5cfb-4d34-94e2-095a187df6c5, Nodes: 68dc973b-8e8d-4ab4-a7af-b93c8a87bf60{ip: 172.17.0.2, host: e61501cbef68, networkLocation: /default-rack, certSerialId: null}, Type:RATIS, Factor:ONE, State:ALLOCATED, leaderId:null, CreationTimestamp2020-04-28T05:59:50.515Z]
2020-04-28 05:59:50,516 [EventQueue-NodeRegistrationContainerReportForContainerSafeModeRule] INFO  safemode.SCMSafeModeManager (SCMSafeModeManager.java:validateSafeModeExitRules(183)) - ContainerSafeModeRule rule is successfully validated
2020-04-28 05:59:50,516 [EventQueue-NodeRegistrationContainerReportForDataNodeSafeModeRule] INFO  safemode.SCMSafeModeManager (SCMSafeModeManager.java:validateSafeModeExitRules(183)) - DataNodeSafeModeRule rule is successfully validated
2020-04-28 05:59:50,516 [RatisPipelineUtilsThread] ERROR pipeline.SCMPipelineManager (SCMPipelineManager.java:createPipeline(222)) - Failed to create pipeline of type RATIS and factor ONE. Exception: Cannot create pipeline of factor 1 using 0 nodes. Used 3 nodes. Healthy nodes 3
2020-04-28 05:59:50,517 [RatisPipelineUtilsThread] INFO  pipeline.RatisPipelineProvider (RatisPipelineProvider.java:lambda$create$0(138)) - Sending CreatePipelineCommand for pipeline:PipelineID=a7085ca2-6940-44eb-8fd3-4f0f58de3fec to datanode:a68276ad-3996-4c51-a19d-88b85ee37e97
2020-04-28 05:59:50,517 [RatisPipelineUtilsThread] INFO  pipeline.RatisPipelineProvider (RatisPipelineProvider.java:lambda$create$0(138)) - Sending CreatePipelineCommand for pipeline:PipelineID=a7085ca2-6940-44eb-8fd3-4f0f58de3fec to datanode:68dc973b-8e8d-4ab4-a7af-b93c8a87bf60
2020-04-28 05:59:50,517 [RatisPipelineUtilsThread] INFO  pipeline.RatisPipelineProvider (RatisPipelineProvider.java:lambda$create$0(138)) - Sending CreatePipelineCommand for pipeline:PipelineID=a7085ca2-6940-44eb-8fd3-4f0f58de3fec to datanode:35d730cb-d0ba-49ab-88c0-b985e4524dc7
2020-04-28 05:59:50,517 [RatisPipelineUtilsThread] INFO  pipeline.PipelineStateManager (PipelineStateManager.java:addPipeline(54)) - Created pipeline Pipeline[ Id: a7085ca2-6940-44eb-8fd3-4f0f58de3fec, Nodes: a68276ad-3996-4c51-a19d-88b85ee37e97{ip: 172.17.0.2, host: e61501cbef68, networkLocation: /default-rack, certSerialId: null}68dc973b-8e8d-4ab4-a7af-b93c8a87bf60{ip: 172.17.0.2, host: e61501cbef68, networkLocation: /default-rack, certSerialId: null}35d730cb-d0ba-49ab-88c0-b985e4524dc7{ip: 172.17.0.2, host: e61501cbef68, networkLocation: /default-rack, certSerialId: null}, Type:RATIS, Factor:THREE, State:ALLOCATED, leaderId:null, CreationTimestamp2020-04-28T05:59:50.517Z]
2020-04-28 05:59:50,518 [RatisPipelineUtilsThread] ERROR pipeline.SCMPipelineManager (SCMPipelineManager.java:createPipeline(222)) - Failed to create pipeline of type RATIS and factor THREE. Exception: Pipeline creation failed because nodes are engaged in other pipelines and every node can only be engaged in max 2 pipelines. Required 3. Found 0
2020-04-28 05:59:51,508 [main] INFO  ozone.MiniOzoneClusterImpl (MiniOzoneClusterImpl.java:lambda$waitForClusterToBeReady$0(177)) - Nodes are ready. Got 3 of 3 DN Heartbeats.
2020-04-28 05:59:51,509 [main] INFO  ozone.MiniOzoneClusterImpl (MiniOzoneClusterImpl.java:lambda$waitForClusterToBeReady$0(180)) - Waiting for cluster to exit safe mode
2020-04-28 05:59:52,509 [main] INFO  ozone.MiniOzoneClusterImpl (MiniOzoneClusterImpl.java:lambda$waitForClusterToBeReady$0(177)) - Nodes are ready. Got 3 of 3 DN Heartbeats.
2020-04-28 05:59:52,510 [main] INFO  ozone.MiniOzoneClusterImpl (MiniOzoneClusterImpl.java:lambda$waitForClusterToBeReady$0(180)) - Waiting for cluster to exit safe mode
2020-04-28 05:59:53,325 [Command processor thread] INFO  impl.RaftServerProxy (RaftServerProxy.java:addNew(89)) - a68276ad-3996-4c51-a19d-88b85ee37e97: addNew group-EF8263EFEBE8:[a68276ad-3996-4c51-a19d-88b85ee37e97:172.17.0.2:39767] returns group-EF8263EFEBE8:java.util.concurrent.CompletableFuture@7fe54174[Not completed]
2020-04-28 05:59:53,328 [pool-102-thread-1] INFO  impl.RaftServerImpl (RaftServerImpl.java:<init>(97)) - a68276ad-3996-4c51-a19d-88b85ee37e97: new RaftServerImpl for group-EF8263EFEBE8:[a68276ad-3996-4c51-a19d-88b85ee37e97:172.17.0.2:39767] with ContainerStateMachine:uninitialized
2020-04-28 05:59:53,328 [pool-102-thread-1] INFO  server.RaftServerConfigKeys (ConfUtils.java:logGet(44)) - raft.server.rpc.timeout.min = 5s (custom)
2020-04-28 05:59:53,328 [pool-102-thread-1] INFO  server.RaftServerConfigKeys (ConfUtils.java:logGet(44)) - raft.server.rpc.timeout.max = 5200ms (custom)
2020-04-28 05:59:53,328 [pool-102-thread-1] INFO  server.RaftServerConfigKeys (ConfUtils.java:logGet(44)) - raft.server.rpcslowness.timeout = 300s (custom)
2020-04-28 05:59:53,328 [pool-102-thread-1] INFO  server.RaftServerConfigKeys (ConfUtils.java:logGet(44)) - raft.server.sleep.deviation.threshold = 300 (default)
2020-04-28 05:59:53,328 [pool-102-thread-1] INFO  server.RaftServerConfigKeys (ConfUtils.java:logGet(44)) - raft.server.log.appender.install.snapshot.enabled = false (custom)
2020-04-28 05:59:53,328 [pool-102-thread-1] INFO  impl.RaftServerImpl (ServerState.java:<init>(103)) - a68276ad-3996-4c51-a19d-88b85ee37e97@group-EF8263EFEBE8: ConfigurationManager, init=-1: [a68276ad-3996-4c51-a19d-88b85ee37e97:172.17.0.2:39767], old=null, confs=<EMPTY_MAP>
2020-04-28 05:59:53,329 [pool-102-thread-1] INFO  server.RaftServerConfigKeys (ConfUtils.java:logGet(44)) - raft.server.storage.dir = [/github/workspace/mnt/ozone/hadoop-ozone/integration-test/target/test-dir/MiniOzoneClusterImpl-b5329e31-5f75-4342-a666-be13be570410/datanode-0/data/ratis] (custom)
2020-04-28 05:59:53,329 [pool-102-thread-1] INFO  server.RaftServerConfigKeys (ConfUtils.java:logGet(44)) - raft.server.log.corruption.policy = EXCEPTION (default)
2020-04-28 05:59:53,329 [pool-102-thread-1] INFO  storage.RaftStorageDirectory (RaftStorageDirectory.java:analyzeStorage(253)) - The storage directory /github/workspace/mnt/ozone/hadoop-ozone/integration-test/target/test-dir/MiniOzoneClusterImpl-b5329e31-5f75-4342-a666-be13be570410/datanode-0/data/ratis/a9a96a7f-2d1d-4401-a746-ef8263efebe8 does not exist. Creating ...
2020-04-28 05:59:53,333 [pool-102-thread-1] INFO  storage.RaftStorageDirectory (RaftStorageDirectory.java:tryLock(335)) - Lock on /github/workspace/mnt/ozone/hadoop-ozone/integration-test/target/test-dir/MiniOzoneClusterImpl-b5329e31-5f75-4342-a666-be13be570410/datanode-0/data/ratis/a9a96a7f-2d1d-4401-a746-ef8263efebe8/in_use.lock acquired by nodename 4305@e61501cbef68
2020-04-28 05:59:53,334 [pool-102-thread-1] INFO  storage.RaftStorage (RaftStorage.java:format(84)) - Storage directory /github/workspace/mnt/ozone/hadoop-ozone/integration-test/target/test-dir/MiniOzoneClusterImpl-b5329e31-5f75-4342-a666-be13be570410/datanode-0/data/ratis/a9a96a7f-2d1d-4401-a746-ef8263efebe8 has been successfully formatted.
2020-04-28 05:59:53,335 [pool-102-thread-1] INFO  ratis.ContainerStateMachine (ContainerStateMachine.java:loadSnapshot(226)) - group-EF8263EFEBE8: The snapshot info is null. Setting the last applied indexto:(t:0, i:~)
2020-04-28 05:59:53,335 [pool-102-thread-1] INFO  server.RaftServerConfigKeys (ConfUtils.java:logGet(44)) - raft.server.notification.no-leader.timeout = 60s (default)
2020-04-28 05:59:53,336 [EventQueue-PipelineReportForPipelineReportHandler] INFO  pipeline.PipelineStateManager (PipelineStateManager.java:openPipeline(131)) - Pipeline Pipeline[ Id: a9a96a7f-2d1d-4401-a746-ef8263efebe8, Nodes: a68276ad-3996-4c51-a19d-88b85ee37e97{ip: 172.17.0.2, host: e61501cbef68, networkLocation: /default-rack, certSerialId: null}, Type:RATIS, Factor:ONE, State:ALLOCATED, leaderId:a68276ad-3996-4c51-a19d-88b85ee37e97, CreationTimestamp2020-04-28T05:59:50.327Z] moved to OPEN state
2020-04-28 05:59:53,337 [pool-102-thread-1] INFO  server.RaftServerConfigKeys (ConfUtils.java:logGet(44)) - raft.server.log.use.memory = false (default)
2020-04-28 05:59:53,338 [pool-102-thread-1] INFO  server.RaftServerConfigKeys (ConfUtils.java:logGet(44)) - raft.server.log.purge.gap = 1000000 (custom)
2020-04-28 05:59:53,338 [EventQueue-OpenPipelineForHealthyPipelineSafeModeRule] INFO  safemode.SCMSafeModeManager (HealthyPipelineSafeModeRule.java:process(132)) - SCM in safe mode. Healthy pipelines reported count is 0, required healthy pipeline reported count is 1
2020-04-28 05:59:53,339 [EventQueue-OpenPipelineForOneReplicaPipelineSafeModeRule] INFO  safemode.SCMSafeModeManager (SCMSafeModeManager.java:validateSafeModeExitRules(183)) - AtleastOneDatanodeReportedRule rule is successfully validated
2020-04-28 05:59:53,339 [pool-102-thread-1] INFO  server.RaftServerConfigKeys (ConfUtils.java:logGet(44)) - raft.server.log.appender.buffer.byte-limit = 33554432 (custom)
2020-04-28 05:59:53,348 [pool-102-thread-1] INFO  server.RaftServerConfigKeys (ConfUtils.java:logGet(44)) - raft.server.log.segment.size.max = 1048576 (custom)
2020-04-28 05:59:53,348 [pool-102-thread-1] INFO  metrics.RatisMetrics (RatisMetrics.java:lambda$create$0(39)) - Creating Metrics Registry : ratis.log_worker.a68276ad-3996-4c51-a19d-88b85ee37e97
2020-04-28 05:59:53,349 [pool-102-thread-1] INFO  server.RaftServerConfigKeys (ConfUtils.java:logGet(44)) - raft.server.log.segment.cache.num.max = 2 (custom)
2020-04-28 05:59:53,350 [pool-102-thread-1] INFO  segmented.SegmentedRaftLogWorker (SegmentedRaftLogWorker.java:<init>(176)) - new a68276ad-3996-4c51-a19d-88b85ee37e97@group-EF8263EFEBE8-SegmentedRaftLogWorker for RaftStorage:Storage Directory /github/workspace/mnt/ozone/hadoop-ozone/integration-test/target/test-dir/MiniOzoneClusterImpl-b5329e31-5f75-4342-a666-be13be570410/datanode-0/data/ratis/a9a96a7f-2d1d-4401-a746-ef8263efebe8
2020-04-28 05:59:53,350 [pool-102-thread-1] INFO  server.RaftServerConfigKeys (ConfUtils.java:logGet(44)) - raft.server.log.queue.byte-limit = 2147483647 (custom)
2020-04-28 05:59:53,350 [pool-102-thread-1] INFO  server.RaftServerConfigKeys (ConfUtils.java:logGet(44)) - raft.server.log.queue.element-limit = 1024 (custom)
2020-04-28 05:59:53,350 [pool-102-thread-1] INFO  server.RaftServerConfigKeys (ConfUtils.java:logGet(44)) - raft.server.log.segment.size.max = 1048576 (custom)
2020-04-28 05:59:53,350 [pool-102-thread-1] INFO  server.RaftServerConfigKeys (ConfUtils.java:logGet(44)) - raft.server.log.preallocated.size = 16384 (custom)
2020-04-28 05:59:53,350 [pool-102-thread-1] INFO  server.RaftServerConfigKeys (ConfUtils.java:logGet(44)) - raft.server.log.write.buffer.size = 1048576 (custom)
2020-04-28 05:59:53,350 [pool-102-thread-1] INFO  server.RaftServerConfigKeys (ConfUtils.java:logGet(44)) - raft.server.log.force.sync.num = 128 (default)
2020-04-28 05:59:53,350 [pool-102-thread-1] INFO  server.RaftServerConfigKeys (ConfUtils.java:logGet(44)) - raft.server.log.statemachine.data.sync = true (default)
2020-04-28 05:59:53,351 [pool-102-thread-1] INFO  server.RaftServerConfigKeys (ConfUtils.java:logGet(44)) - raft.server.log.statemachine.data.sync.timeout = 10s (default)
2020-04-28 05:59:53,352 [pool-102-thread-1] INFO  server.RaftServerConfigKeys (ConfUtils.java:logGet(44)) - raft.server.log.statemachine.data.sync.timeout.retry = -1 (default)
2020-04-28 05:59:53,354 [pool-102-thread-1] INFO  server.RaftServerConfigKeys (ConfUtils.java:logGet(44)) - raft.server.log.statemachine.data.caching.enabled = true (custom)
2020-04-28 05:59:53,356 [pool-102-thread-1] INFO  segmented.SegmentedRaftLogWorker (SegmentedRaftLogWorker.java:lambda$new$0(129)) - a68276ad-3996-4c51-a19d-88b85ee37e97@group-EF8263EFEBE8-SegmentedRaftLogWorker: flushIndex: setUnconditionally 0 -> -1
2020-04-28 05:59:53,358 [pool-102-thread-1] INFO  server.RaftServerConfigKeys (ConfUtils.java:logGet(44)) - raft.server.snapshot.auto.trigger.enabled = true (custom)
2020-04-28 05:59:53,358 [pool-102-thread-1] INFO  server.RaftServerConfigKeys (ConfUtils.java:logGet(44)) - raft.server.snapshot.auto.trigger.threshold = 10000 (custom)
2020-04-28 05:59:53,358 [pool-102-thread-1] INFO  server.RaftServerConfigKeys (ConfUtils.java:logGet(44)) - raft.server.snapshot.retention.file.num = 5 (custom)
2020-04-28 05:59:53,358 [pool-102-thread-1] INFO  server.RaftServerConfigKeys (ConfUtils.java:logGet(44)) - raft.server.retrycache.expirytime = 600000ms (custom)
2020-04-28 05:59:53,358 [pool-102-thread-1] INFO  metrics.RatisMetrics (RatisMetrics.java:lambda$create$0(39)) - Creating Metrics Registry : ratis.leader_election.a68276ad-3996-4c51-a19d-88b85ee37e97@group-EF8263EFEBE8
2020-04-28 05:59:53,359 [pool-102-thread-1] INFO  metrics.RatisMetrics (RatisMetrics.java:lambda$create$0(39)) - Creating Metrics Registry : ratis.server.a68276ad-3996-4c51-a19d-88b85ee37e97@group-EF8263EFEBE8
2020-04-28 05:59:53,362 [pool-102-thread-1] INFO  impl.RaftServerImpl (RaftServerImpl.java:start(183)) - a68276ad-3996-4c51-a19d-88b85ee37e97@group-EF8263EFEBE8: start as a follower, conf=-1: [a68276ad-3996-4c51-a19d-88b85ee37e97:172.17.0.2:39767], old=null
2020-04-28 05:59:53,362 [pool-102-thread-1] INFO  impl.RaftServerImpl (RaftServerImpl.java:setRole(172)) - a68276ad-3996-4c51-a19d-88b85ee37e97@group-EF8263EFEBE8: changes role from      null to FOLLOWER at term 0 for startAsFollower
2020-04-28 05:59:53,362 [pool-102-thread-1] INFO  impl.RoleInfo (RoleInfo.java:updateAndGet(143)) - a68276ad-3996-4c51-a19d-88b85ee37e97: start FollowerState
2020-04-28 05:59:53,363 [pool-102-thread-1] INFO  util.JmxRegister (JmxRegister.java:tryRegister(44)) - Successfully registered JMX Bean with object name Ratis:service=RaftServer,group=group-EF8263EFEBE8,id=a68276ad-3996-4c51-a19d-88b85ee37e97
2020-04-28 05:59:53,363 [pool-102-thread-1] INFO  metrics.RatisMetrics (RatisMetrics.java:lambda$create$0(39)) - Creating Metrics Registry : ratis.state_machine.a68276ad-3996-4c51-a19d-88b85ee37e97@group-EF8263EFEBE8
2020-04-28 05:59:53,364 [Command processor thread] INFO  commandhandler.CreatePipelineCommandHandler (CreatePipelineCommandHandler.java:handle(109)) - Created Pipeline RATIS ONE #id: "a9a96a7f-2d1d-4401-a746-ef8263efebe8"
.
2020-04-28 05:59:53,364 [Command processor thread] INFO  impl.RaftServerProxy (RaftServerProxy.java:addNew(89)) - a68276ad-3996-4c51-a19d-88b85ee37e97: addNew group-4F0F58DE3FEC:[a68276ad-3996-4c51-a19d-88b85ee37e97:172.17.0.2:39767, 68dc973b-8e8d-4ab4-a7af-b93c8a87bf60:172.17.0.2:40421, 35d730cb-d0ba-49ab-88c0-b985e4524dc7:172.17.0.2:33299] returns group-4F0F58DE3FEC:java.util.concurrent.CompletableFuture@7bdaca50[Not completed]
2020-04-28 05:59:53,365 [pool-102-thread-1] INFO  impl.RaftServerImpl (RaftServerImpl.java:<init>(97)) - a68276ad-3996-4c51-a19d-88b85ee37e97: new RaftServerImpl for group-4F0F58DE3FEC:[a68276ad-3996-4c51-a19d-88b85ee37e97:172.17.0.2:39767, 68dc973b-8e8d-4ab4-a7af-b93c8a87bf60:172.17.0.2:40421, 35d730cb-d0ba-49ab-88c0-b985e4524dc7:172.17.0.2:33299] with ContainerStateMachine:uninitialized
2020-04-28 05:59:53,366 [pool-102-thread-1] INFO  server.RaftServerConfigKeys (ConfUtils.java:logGet(44)) - raft.server.rpc.timeout.min = 5s (custom)
2020-04-28 05:59:53,366 [pool-102-thread-1] INFO  server.RaftServerConfigKeys (ConfUtils.java:logGet(44)) - raft.server.rpc.timeout.max = 5200ms (custom)
2020-04-28 05:59:53,366 [pool-102-thread-1] INFO  server.RaftServerConfigKeys (ConfUtils.java:logGet(44)) - raft.server.rpcslowness.timeout = 300s (custom)
2020-04-28 05:59:53,366 [pool-102-thread-1] INFO  server.RaftServerConfigKeys (ConfUtils.java:logGet(44)) - raft.server.sleep.deviation.threshold = 300 (default)
2020-04-28 05:59:53,366 [pool-102-thread-1] INFO  server.RaftServerConfigKeys (ConfUtils.java:logGet(44)) - raft.server.log.appender.install.snapshot.enabled = false (custom)
2020-04-28 05:59:53,366 [pool-102-thread-1] INFO  impl.RaftServerImpl (ServerState.java:<init>(103)) - a68276ad-3996-4c51-a19d-88b85ee37e97@group-4F0F58DE3FEC: ConfigurationManager, init=-1: [a68276ad-3996-4c51-a19d-88b85ee37e97:172.17.0.2:39767, 68dc973b-8e8d-4ab4-a7af-b93c8a87bf60:172.17.0.2:40421, 35d730cb-d0ba-49ab-88c0-b985e4524dc7:172.17.0.2:33299], old=null, confs=<EMPTY_MAP>
2020-04-28 05:59:53,366 [pool-102-thread-1] INFO  server.RaftServerConfigKeys (ConfUtils.java:logGet(44)) - raft.server.storage.dir = [/github/workspace/mnt/ozone/hadoop-ozone/integration-test/target/test-dir/MiniOzoneClusterImpl-b5329e31-5f75-4342-a666-be13be570410/datanode-0/data/ratis] (custom)
2020-04-28 05:59:53,366 [pool-102-thread-1] INFO  server.RaftServerConfigKeys (ConfUtils.java:logGet(44)) - raft.server.log.corruption.policy = EXCEPTION (default)
2020-04-28 05:59:53,366 [pool-102-thread-1] INFO  storage.RaftStorageDirectory (RaftStorageDirectory.java:analyzeStorage(253)) - The storage directory /github/workspace/mnt/ozone/hadoop-ozone/integration-test/target/test-dir/MiniOzoneClusterImpl-b5329e31-5f75-4342-a666-be13be570410/datanode-0/data/ratis/a7085ca2-6940-44eb-8fd3-4f0f58de3fec does not exist. Creating ...
2020-04-28 05:59:53,367 [pool-102-thread-1] INFO  storage.RaftStorageDirectory (RaftStorageDirectory.java:tryLock(335)) - Lock on /github/workspace/mnt/ozone/hadoop-ozone/integration-test/target/test-dir/MiniOzoneClusterImpl-b5329e31-5f75-4342-a666-be13be570410/datanode-0/data/ratis/a7085ca2-6940-44eb-8fd3-4f0f58de3fec/in_use.lock acquired by nodename 4305@e61501cbef68
2020-04-28 05:59:53,368 [pool-102-thread-1] INFO  storage.RaftStorage (RaftStorage.java:format(84)) - Storage directory /github/workspace/mnt/ozone/hadoop-ozone/integration-test/target/test-dir/MiniOzoneClusterImpl-b5329e31-5f75-4342-a666-be13be570410/datanode-0/data/ratis/a7085ca2-6940-44eb-8fd3-4f0f58de3fec has been successfully formatted.
2020-04-28 05:59:53,369 [pool-102-thread-1] INFO  ratis.ContainerStateMachine (ContainerStateMachine.java:loadSnapshot(226)) - group-4F0F58DE3FEC: The snapshot info is null. Setting the last applied indexto:(t:0, i:~)
2020-04-28 05:59:53,369 [pool-102-thread-1] INFO  server.RaftServerConfigKeys (ConfUtils.java:logGet(44)) - raft.server.notification.no-leader.timeout = 60s (default)
2020-04-28 05:59:53,369 [pool-102-thread-1] INFO  server.RaftServerConfigKeys (ConfUtils.java:logGet(44)) - raft.server.log.use.memory = false (default)
2020-04-28 05:59:53,369 [pool-102-thread-1] INFO  server.RaftServerConfigKeys (ConfUtils.java:logGet(44)) - raft.server.log.purge.gap = 1000000 (custom)
2020-04-28 05:59:53,369 [pool-102-thread-1] INFO  server.RaftServerConfigKeys (ConfUtils.java:logGet(44)) - raft.server.log.appender.buffer.byte-limit = 33554432 (custom)
2020-04-28 05:59:53,369 [pool-102-thread-1] INFO  server.RaftServerConfigKeys (ConfUtils.java:logGet(44)) - raft.server.log.segment.size.max = 1048576 (custom)
2020-04-28 05:59:53,369 [pool-102-thread-1] INFO  server.RaftServerConfigKeys (ConfUtils.java:logGet(44)) - raft.server.log.segment.cache.num.max = 2 (custom)
2020-04-28 05:59:53,369 [pool-102-thread-1] INFO  segmented.SegmentedRaftLogWorker (SegmentedRaftLogWorker.java:<init>(176)) - new a68276ad-3996-4c51-a19d-88b85ee37e97@group-4F0F58DE3FEC-SegmentedRaftLogWorker for RaftStorage:Storage Directory /github/workspace/mnt/ozone/hadoop-ozone/integration-test/target/test-dir/MiniOzoneClusterImpl-b5329e31-5f75-4342-a666-be13be570410/datanode-0/data/ratis/a7085ca2-6940-44eb-8fd3-4f0f58de3fec
2020-04-28 05:59:53,369 [pool-102-thread-1] INFO  server.RaftServerConfigKeys (ConfUtils.java:logGet(44)) - raft.server.log.queue.byte-limit = 2147483647 (custom)
2020-04-28 05:59:53,369 [pool-102-thread-1] INFO  server.RaftServerConfigKeys (ConfUtils.java:logGet(44)) - raft.server.log.queue.element-limit = 1024 (custom)
2020-04-28 05:59:53,369 [pool-102-thread-1] INFO  server.RaftServerConfigKeys (ConfUtils.java:logGet(44)) - raft.server.log.segment.size.max = 1048576 (custom)
2020-04-28 05:59:53,370 [pool-102-thread-1] INFO  server.RaftServerConfigKeys (ConfUtils.java:logGet(44)) - raft.server.log.preallocated.size = 16384 (custom)
2020-04-28 05:59:53,370 [pool-102-thread-1] INFO  server.RaftServerConfigKeys (ConfUtils.java:logGet(44)) - raft.server.log.write.buffer.size = 1048576 (custom)
2020-04-28 05:59:53,370 [pool-102-thread-1] INFO  server.RaftServerConfigKeys (ConfUtils.java:logGet(44)) - raft.server.log.force.sync.num = 128 (default)
2020-04-28 05:59:53,370 [pool-102-thread-1] INFO  server.RaftServerConfigKeys (ConfUtils.java:logGet(44)) - raft.server.log.statemachine.data.sync = true (default)
2020-04-28 05:59:53,370 [pool-102-thread-1] INFO  server.RaftServerConfigKeys (ConfUtils.java:logGet(44)) - raft.server.log.statemachine.data.sync.timeout = 10s (default)
2020-04-28 05:59:53,370 [pool-102-thread-1] INFO  server.RaftServerConfigKeys (ConfUtils.java:logGet(44)) - raft.server.log.statemachine.data.sync.timeout.retry = -1 (default)
2020-04-28 05:59:53,371 [pool-102-thread-1] INFO  server.RaftServerConfigKeys (ConfUtils.java:logGet(44)) - raft.server.log.statemachine.data.caching.enabled = true (custom)
2020-04-28 05:59:53,371 [pool-102-thread-1] INFO  segmented.SegmentedRaftLogWorker (SegmentedRaftLogWorker.java:lambda$new$0(129)) - a68276ad-3996-4c51-a19d-88b85ee37e97@group-4F0F58DE3FEC-SegmentedRaftLogWorker: flushIndex: setUnconditionally 0 -> -1
2020-04-28 05:59:53,376 [pool-102-thread-1] INFO  server.RaftServerConfigKeys (ConfUtils.java:logGet(44)) - raft.server.snapshot.auto.trigger.enabled = true (custom)
2020-04-28 05:59:53,376 [pool-102-thread-1] INFO  server.RaftServerConfigKeys (ConfUtils.java:logGet(44)) - raft.server.snapshot.auto.trigger.threshold = 10000 (custom)
2020-04-28 05:59:53,376 [pool-102-thread-1] INFO  server.RaftServerConfigKeys (ConfUtils.java:logGet(44)) - raft.server.snapshot.retention.file.num = 5 (custom)
2020-04-28 05:59:53,376 [pool-102-thread-1] INFO  server.RaftServerConfigKeys (ConfUtils.java:logGet(44)) - raft.server.retrycache.expirytime = 600000ms (custom)
2020-04-28 05:59:53,377 [pool-102-thread-1] INFO  metrics.RatisMetrics (RatisMetrics.java:lambda$create$0(39)) - Creating Metrics Registry : ratis.leader_election.a68276ad-3996-4c51-a19d-88b85ee37e97@group-4F0F58DE3FEC
2020-04-28 05:59:53,377 [pool-102-thread-1] INFO  metrics.RatisMetrics (RatisMetrics.java:lambda$create$0(39)) - Creating Metrics Registry : ratis.server.a68276ad-3996-4c51-a19d-88b85ee37e97@group-4F0F58DE3FEC
2020-04-28 05:59:53,378 [pool-102-thread-1] INFO  impl.RaftServerImpl (RaftServerImpl.java:start(183)) - a68276ad-3996-4c51-a19d-88b85ee37e97@group-4F0F58DE3FEC: start as a follower, conf=-1: [a68276ad-3996-4c51-a19d-88b85ee37e97:172.17.0.2:39767, 68dc973b-8e8d-4ab4-a7af-b93c8a87bf60:172.17.0.2:40421, 35d730cb-d0ba-49ab-88c0-b985e4524dc7:172.17.0.2:33299], old=null
2020-04-28 05:59:53,378 [pool-102-thread-1] INFO  impl.RaftServerImpl (RaftServerImpl.java:setRole(172)) - a68276ad-3996-4c51-a19d-88b85ee37e97@group-4F0F58DE3FEC: changes role from      null to FOLLOWER at term 0 for startAsFollower
2020-04-28 05:59:53,378 [pool-102-thread-1] INFO  impl.RoleInfo (RoleInfo.java:updateAndGet(143)) - a68276ad-3996-4c51-a19d-88b85ee37e97: start FollowerState
2020-04-28 05:59:53,379 [pool-102-thread-1] INFO  util.JmxRegister (JmxRegister.java:tryRegister(44)) - Successfully registered JMX Bean with object name Ratis:service=RaftServer,group=group-4F0F58DE3FEC,id=a68276ad-3996-4c51-a19d-88b85ee37e97
2020-04-28 05:59:53,379 [pool-102-thread-1] INFO  metrics.RatisMetrics (RatisMetrics.java:lambda$create$0(39)) - Creating Metrics Registry : ratis.state_machine.a68276ad-3996-4c51-a19d-88b85ee37e97@group-4F0F58DE3FEC
2020-04-28 05:59:53,397 [grpc-default-executor-0] INFO  impl.RaftServerProxy (RaftServerProxy.java:addNew(89)) - 68dc973b-8e8d-4ab4-a7af-b93c8a87bf60: addNew group-4F0F58DE3FEC:[a68276ad-3996-4c51-a19d-88b85ee37e97:172.17.0.2:39767, 68dc973b-8e8d-4ab4-a7af-b93c8a87bf60:172.17.0.2:40421, 35d730cb-d0ba-49ab-88c0-b985e4524dc7:172.17.0.2:33299] returns group-4F0F58DE3FEC:java.util.concurrent.CompletableFuture@cd7633a[Not completed]
2020-04-28 05:59:53,402 [pool-132-thread-1] INFO  impl.RaftServerImpl (RaftServerImpl.java:<init>(97)) - 68dc973b-8e8d-4ab4-a7af-b93c8a87bf60: new RaftServerImpl for group-4F0F58DE3FEC:[a68276ad-3996-4c51-a19d-88b85ee37e97:172.17.0.2:39767, 68dc973b-8e8d-4ab4-a7af-b93c8a87bf60:172.17.0.2:40421, 35d730cb-d0ba-49ab-88c0-b985e4524dc7:172.17.0.2:33299] with ContainerStateMachine:uninitialized
2020-04-28 05:59:53,402 [pool-132-thread-1] INFO  server.RaftServerConfigKeys (ConfUtils.java:logGet(44)) - raft.server.rpc.timeout.min = 5s (custom)
2020-04-28 05:59:53,402 [pool-132-thread-1] INFO  server.RaftServerConfigKeys (ConfUtils.java:logGet(44)) - raft.server.rpc.timeout.max = 5200ms (custom)
2020-04-28 05:59:53,402 [pool-132-thread-1] INFO  server.RaftServerConfigKeys (ConfUtils.java:logGet(44)) - raft.server.rpcslowness.timeout = 300s (custom)
2020-04-28 05:59:53,402 [pool-132-thread-1] INFO  server.RaftServerConfigKeys (ConfUtils.java:logGet(44)) - raft.server.sleep.deviation.threshold = 300 (default)
2020-04-28 05:59:53,402 [pool-132-thread-1] INFO  server.RaftServerConfigKeys (ConfUtils.java:logGet(44)) - raft.server.log.appender.install.snapshot.enabled = false (custom)
2020-04-28 05:59:53,403 [pool-132-thread-1] INFO  impl.RaftServerImpl (ServerState.java:<init>(103)) - 68dc973b-8e8d-4ab4-a7af-b93c8a87bf60@group-4F0F58DE3FEC: ConfigurationManager, init=-1: [a68276ad-3996-4c51-a19d-88b85ee37e97:172.17.0.2:39767, 68dc973b-8e8d-4ab4-a7af-b93c8a87bf60:172.17.0.2:40421, 35d730cb-d0ba-49ab-88c0-b985e4524dc7:172.17.0.2:33299], old=null, confs=<EMPTY_MAP>
2020-04-28 05:59:53,403 [pool-132-thread-1] INFO  server.RaftServerConfigKeys (ConfUtils.java:logGet(44)) - raft.server.storage.dir = [/github/workspace/mnt/ozone/hadoop-ozone/integration-test/target/test-dir/MiniOzoneClusterImpl-b5329e31-5f75-4342-a666-be13be570410/datanode-2/data/ratis] (custom)
2020-04-28 05:59:53,403 [pool-132-thread-1] INFO  server.RaftServerConfigKeys (ConfUtils.java:logGet(44)) - raft.server.log.corruption.policy = EXCEPTION (default)
2020-04-28 05:59:53,403 [pool-132-thread-1] INFO  storage.RaftStorageDirectory (RaftStorageDirectory.java:analyzeStorage(253)) - The storage directory /github/workspace/mnt/ozone/hadoop-ozone/integration-test/target/test-dir/MiniOzoneClusterImpl-b5329e31-5f75-4342-a666-be13be570410/datanode-2/data/ratis/a7085ca2-6940-44eb-8fd3-4f0f58de3fec does not exist. Creating ...
2020-04-28 05:59:53,404 [pool-132-thread-1] INFO  storage.RaftStorageDirectory (RaftStorageDirectory.java:tryLock(335)) - Lock on /github/workspace/mnt/ozone/hadoop-ozone/integration-test/target/test-dir/MiniOzoneClusterImpl-b5329e31-5f75-4342-a666-be13be570410/datanode-2/data/ratis/a7085ca2-6940-44eb-8fd3-4f0f58de3fec/in_use.lock acquired by nodename 4305@e61501cbef68
2020-04-28 05:59:53,405 [pool-132-thread-1] INFO  storage.RaftStorage (RaftStorage.java:format(84)) - Storage directory /github/workspace/mnt/ozone/hadoop-ozone/integration-test/target/test-dir/MiniOzoneClusterImpl-b5329e31-5f75-4342-a666-be13be570410/datanode-2/data/ratis/a7085ca2-6940-44eb-8fd3-4f0f58de3fec has been successfully formatted.
2020-04-28 05:59:53,406 [pool-132-thread-1] INFO  ratis.ContainerStateMachine (ContainerStateMachine.java:loadSnapshot(226)) - group-4F0F58DE3FEC: The snapshot info is null. Setting the last applied indexto:(t:0, i:~)
2020-04-28 05:59:53,406 [pool-132-thread-1] INFO  server.RaftServerConfigKeys (ConfUtils.java:logGet(44)) - raft.server.notification.no-leader.timeout = 60s (default)
2020-04-28 05:59:53,406 [pool-132-thread-1] INFO  server.RaftServerConfigKeys (ConfUtils.java:logGet(44)) - raft.server.log.use.memory = false (default)
2020-04-28 05:59:53,406 [pool-132-thread-1] INFO  server.RaftServerConfigKeys (ConfUtils.java:logGet(44)) - raft.server.log.purge.gap = 1000000 (custom)
2020-04-28 05:59:53,406 [pool-132-thread-1] INFO  server.RaftServerConfigKeys (ConfUtils.java:logGet(44)) - raft.server.log.appender.buffer.byte-limit = 33554432 (custom)
2020-04-28 05:59:53,406 [pool-132-thread-1] INFO  server.RaftServerConfigKeys (ConfUtils.java:logGet(44)) - raft.server.log.segment.size.max = 1048576 (custom)
2020-04-28 05:59:53,406 [pool-132-thread-1] INFO  metrics.RatisMetrics (RatisMetrics.java:lambda$create$0(39)) - Creating Metrics Registry : ratis.log_worker.68dc973b-8e8d-4ab4-a7af-b93c8a87bf60
2020-04-28 05:59:53,406 [pool-132-thread-1] INFO  server.RaftServerConfigKeys (ConfUtils.java:logGet(44)) - raft.server.log.segment.cache.num.max = 2 (custom)
2020-04-28 05:59:53,406 [pool-132-thread-1] INFO  segmented.SegmentedRaftLogWorker (SegmentedRaftLogWorker.java:<init>(176)) - new 68dc973b-8e8d-4ab4-a7af-b93c8a87bf60@group-4F0F58DE3FEC-SegmentedRaftLogWorker for RaftStorage:Storage Directory /github/workspace/mnt/ozone/hadoop-ozone/integration-test/target/test-dir/MiniOzoneClusterImpl-b5329e31-5f75-4342-a666-be13be570410/datanode-2/data/ratis/a7085ca2-6940-44eb-8fd3-4f0f58de3fec
2020-04-28 05:59:53,407 [pool-132-thread-1] INFO  server.RaftServerConfigKeys (ConfUtils.java:logGet(44)) - raft.server.log.queue.byte-limit = 2147483647 (custom)
2020-04-28 05:59:53,407 [pool-132-thread-1] INFO  server.RaftServerConfigKeys (ConfUtils.java:logGet(44)) - raft.server.log.queue.element-limit = 1024 (custom)
2020-04-28 05:59:53,407 [pool-132-thread-1] INFO  server.RaftServerConfigKeys (ConfUtils.java:logGet(44)) - raft.server.log.segment.size.max = 1048576 (custom)
2020-04-28 05:59:53,407 [pool-132-thread-1] INFO  server.RaftServerConfigKeys (ConfUtils.java:logGet(44)) - raft.server.log.preallocated.size = 16384 (custom)
2020-04-28 05:59:53,407 [pool-132-thread-1] INFO  server.RaftServerConfigKeys (ConfUtils.java:logGet(44)) - raft.server.log.write.buffer.size = 1048576 (custom)
2020-04-28 05:59:53,407 [pool-132-thread-1] INFO  server.RaftServerConfigKeys (ConfUtils.java:logGet(44)) - raft.server.log.force.sync.num = 128 (default)
2020-04-28 05:59:53,407 [pool-132-thread-1] INFO  server.RaftServerConfigKeys (ConfUtils.java:logGet(44)) - raft.server.log.statemachine.data.sync = true (default)
2020-04-28 05:59:53,407 [pool-132-thread-1] INFO  server.RaftServerConfigKeys (ConfUtils.java:logGet(44)) - raft.server.log.statemachine.data.sync.timeout = 10s (default)
2020-04-28 05:59:53,407 [pool-132-thread-1] INFO  server.RaftServerConfigKeys (ConfUtils.java:logGet(44)) - raft.server.log.statemachine.data.sync.timeout.retry = -1 (default)
2020-04-28 05:59:53,410 [pool-132-thread-1] INFO  server.RaftServerConfigKeys (ConfUtils.java:logGet(44)) - raft.server.log.statemachine.data.caching.enabled = true (custom)
2020-04-28 05:59:53,410 [pool-132-thread-1] INFO  segmented.SegmentedRaftLogWorker (SegmentedRaftLogWorker.java:lambda$new$0(129)) - 68dc973b-8e8d-4ab4-a7af-b93c8a87bf60@group-4F0F58DE3FEC-SegmentedRaftLogWorker: flushIndex: setUnconditionally 0 -> -1
2020-04-28 05:59:53,410 [pool-132-thread-1] INFO  server.RaftServerConfigKeys (ConfUtils.java:logGet(44)) - raft.server.snapshot.auto.trigger.enabled = true (custom)
2020-04-28 05:59:53,411 [pool-132-thread-1] INFO  server.RaftServerConfigKeys (ConfUtils.java:logGet(44)) - raft.server.snapshot.auto.trigger.threshold = 10000 (custom)
2020-04-28 05:59:53,411 [pool-132-thread-1] INFO  server.RaftServerConfigKeys (ConfUtils.java:logGet(44)) - raft.server.snapshot.retention.file.num = 5 (custom)
2020-04-28 05:59:53,411 [pool-132-thread-1] INFO  server.RaftServerConfigKeys (ConfUtils.java:logGet(44)) - raft.server.retrycache.expirytime = 600000ms (custom)
2020-04-28 05:59:53,411 [pool-132-thread-1] INFO  metrics.RatisMetrics (RatisMetrics.java:lambda$create$0(39)) - Creating Metrics Registry : ratis.leader_election.68dc973b-8e8d-4ab4-a7af-b93c8a87bf60@group-4F0F58DE3FEC
2020-04-28 05:59:53,412 [pool-132-thread-1] INFO  metrics.RatisMetrics (RatisMetrics.java:lambda$create$0(39)) - Creating Metrics Registry : ratis.server.68dc973b-8e8d-4ab4-a7af-b93c8a87bf60@group-4F0F58DE3FEC
2020-04-28 05:59:53,412 [pool-132-thread-1] INFO  impl.RaftServerImpl (RaftServerImpl.java:start(183)) - 68dc973b-8e8d-4ab4-a7af-b93c8a87bf60@group-4F0F58DE3FEC: start as a follower, conf=-1: [a68276ad-3996-4c51-a19d-88b85ee37e97:172.17.0.2:39767, 68dc973b-8e8d-4ab4-a7af-b93c8a87bf60:172.17.0.2:40421, 35d730cb-d0ba-49ab-88c0-b985e4524dc7:172.17.0.2:33299], old=null
2020-04-28 05:59:53,412 [pool-132-thread-1] INFO  impl.RaftServerImpl (RaftServerImpl.java:setRole(172)) - 68dc973b-8e8d-4ab4-a7af-b93c8a87bf60@group-4F0F58DE3FEC: changes role from      null to FOLLOWER at term 0 for startAsFollower
2020-04-28 05:59:53,413 [pool-132-thread-1] INFO  impl.RoleInfo (RoleInfo.java:updateAndGet(143)) - 68dc973b-8e8d-4ab4-a7af-b93c8a87bf60: start FollowerState
2020-04-28 05:59:53,413 [pool-132-thread-1] INFO  util.JmxRegister (JmxRegister.java:tryRegister(44)) - Successfully registered JMX Bean with object name Ratis:service=RaftServer,group=group-4F0F58DE3FEC,id=68dc973b-8e8d-4ab4-a7af-b93c8a87bf60
2020-04-28 05:59:53,413 [pool-132-thread-1] INFO  metrics.RatisMetrics (RatisMetrics.java:lambda$create$0(39)) - Creating Metrics Registry : ratis.state_machine.68dc973b-8e8d-4ab4-a7af-b93c8a87bf60@group-4F0F58DE3FEC
2020-04-28 05:59:53,436 [grpc-default-executor-0] INFO  impl.RaftServerProxy (RaftServerProxy.java:addNew(89)) - 35d730cb-d0ba-49ab-88c0-b985e4524dc7: addNew group-4F0F58DE3FEC:[a68276ad-3996-4c51-a19d-88b85ee37e97:172.17.0.2:39767, 68dc973b-8e8d-4ab4-a7af-b93c8a87bf60:172.17.0.2:40421, 35d730cb-d0ba-49ab-88c0-b985e4524dc7:172.17.0.2:33299] returns group-4F0F58DE3FEC:java.util.concurrent.CompletableFuture@3746d0ec[Not completed]
2020-04-28 05:59:53,443 [pool-117-thread-1] INFO  impl.RaftServerImpl (RaftServerImpl.java:<init>(97)) - 35d730cb-d0ba-49ab-88c0-b985e4524dc7: new RaftServerImpl for group-4F0F58DE3FEC:[a68276ad-3996-4c51-a19d-88b85ee37e97:172.17.0.2:39767, 68dc973b-8e8d-4ab4-a7af-b93c8a87bf60:172.17.0.2:40421, 35d730cb-d0ba-49ab-88c0-b985e4524dc7:172.17.0.2:33299] with ContainerStateMachine:uninitialized
2020-04-28 05:59:53,444 [pool-117-thread-1] INFO  server.RaftServerConfigKeys (ConfUtils.java:logGet(44)) - raft.server.rpc.timeout.min = 5s (custom)
2020-04-28 05:59:53,444 [pool-117-thread-1] INFO  server.RaftServerConfigKeys (ConfUtils.java:logGet(44)) - raft.server.rpc.timeout.max = 5200ms (custom)
2020-04-28 05:59:53,444 [pool-117-thread-1] INFO  server.RaftServerConfigKeys (ConfUtils.java:logGet(44)) - raft.server.rpcslowness.timeout = 300s (custom)
2020-04-28 05:59:53,444 [pool-117-thread-1] INFO  server.RaftServerConfigKeys (ConfUtils.java:logGet(44)) - raft.server.sleep.deviation.threshold = 300 (default)
2020-04-28 05:59:53,444 [pool-117-thread-1] INFO  server.RaftServerConfigKeys (ConfUtils.java:logGet(44)) - raft.server.log.appender.install.snapshot.enabled = false (custom)
2020-04-28 05:59:53,444 [pool-117-thread-1] INFO  impl.RaftServerImpl (ServerState.java:<init>(103)) - 35d730cb-d0ba-49ab-88c0-b985e4524dc7@group-4F0F58DE3FEC: ConfigurationManager, init=-1: [a68276ad-3996-4c51-a19d-88b85ee37e97:172.17.0.2:39767, 68dc973b-8e8d-4ab4-a7af-b93c8a87bf60:172.17.0.2:40421, 35d730cb-d0ba-49ab-88c0-b985e4524dc7:172.17.0.2:33299], old=null, confs=<EMPTY_MAP>
2020-04-28 05:59:53,444 [pool-117-thread-1] INFO  server.RaftServerConfigKeys (ConfUtils.java:logGet(44)) - raft.server.storage.dir = [/github/workspace/mnt/ozone/hadoop-ozone/integration-test/target/test-dir/MiniOzoneClusterImpl-b5329e31-5f75-4342-a666-be13be570410/datanode-1/data/ratis] (custom)
2020-04-28 05:59:53,444 [pool-117-thread-1] INFO  server.RaftServerConfigKeys (ConfUtils.java:logGet(44)) - raft.server.log.corruption.policy = EXCEPTION (default)
2020-04-28 05:59:53,444 [pool-117-thread-1] INFO  storage.RaftStorageDirectory (RaftStorageDirectory.java:analyzeStorage(253)) - The storage directory /github/workspace/mnt/ozone/hadoop-ozone/integration-test/target/test-dir/MiniOzoneClusterImpl-b5329e31-5f75-4342-a666-be13be570410/datanode-1/data/ratis/a7085ca2-6940-44eb-8fd3-4f0f58de3fec does not exist. Creating ...
2020-04-28 05:59:53,449 [pool-117-thread-1] INFO  storage.RaftStorageDirectory (RaftStorageDirectory.java:tryLock(335)) - Lock on /github/workspace/mnt/ozone/hadoop-ozone/integration-test/target/test-dir/MiniOzoneClusterImpl-b5329e31-5f75-4342-a666-be13be570410/datanode-1/data/ratis/a7085ca2-6940-44eb-8fd3-4f0f58de3fec/in_use.lock acquired by nodename 4305@e61501cbef68
2020-04-28 05:59:53,450 [pool-117-thread-1] INFO  storage.RaftStorage (RaftStorage.java:format(84)) - Storage directory /github/workspace/mnt/ozone/hadoop-ozone/integration-test/target/test-dir/MiniOzoneClusterImpl-b5329e31-5f75-4342-a666-be13be570410/datanode-1/data/ratis/a7085ca2-6940-44eb-8fd3-4f0f58de3fec has been successfully formatted.
2020-04-28 05:59:53,451 [Command processor thread] INFO  impl.RaftServerProxy (RaftServerProxy.java:addNew(89)) - 35d730cb-d0ba-49ab-88c0-b985e4524dc7: addNew group-EBD98AA10882:[35d730cb-d0ba-49ab-88c0-b985e4524dc7:172.17.0.2:33299] returns group-EBD98AA10882:java.util.concurrent.CompletableFuture@2ed65f1c[Not completed]
2020-04-28 05:59:53,453 [pool-117-thread-1] INFO  ratis.ContainerStateMachine (ContainerStateMachine.java:loadSnapshot(226)) - group-4F0F58DE3FEC: The snapshot info is null. Setting the last applied indexto:(t:0, i:~)
2020-04-28 05:59:53,453 [pool-117-thread-1] INFO  server.RaftServerConfigKeys (ConfUtils.java:logGet(44)) - raft.server.notification.no-leader.timeout = 60s (default)
2020-04-28 05:59:53,453 [pool-117-thread-1] INFO  server.RaftServerConfigKeys (ConfUtils.java:logGet(44)) - raft.server.log.use.memory = false (default)
2020-04-28 05:59:53,453 [pool-117-thread-1] INFO  server.RaftServerConfigKeys (ConfUtils.java:logGet(44)) - raft.server.log.purge.gap = 1000000 (custom)
2020-04-28 05:59:53,453 [pool-117-thread-1] INFO  server.RaftServerConfigKeys (ConfUtils.java:logGet(44)) - raft.server.log.appender.buffer.byte-limit = 33554432 (custom)
2020-04-28 05:59:53,454 [pool-117-thread-1] INFO  server.RaftServerConfigKeys (ConfUtils.java:logGet(44)) - raft.server.log.segment.size.max = 1048576 (custom)
2020-04-28 05:59:53,454 [pool-117-thread-1] INFO  metrics.RatisMetrics (RatisMetrics.java:lambda$create$0(39)) - Creating Metrics Registry : ratis.log_worker.35d730cb-d0ba-49ab-88c0-b985e4524dc7
2020-04-28 05:59:53,454 [pool-117-thread-1] INFO  server.RaftServerConfigKeys (ConfUtils.java:logGet(44)) - raft.server.log.segment.cache.num.max = 2 (custom)
2020-04-28 05:59:53,454 [pool-117-thread-1] INFO  segmented.SegmentedRaftLogWorker (SegmentedRaftLogWorker.java:<init>(176)) - new 35d730cb-d0ba-49ab-88c0-b985e4524dc7@group-4F0F58DE3FEC-SegmentedRaftLogWorker for RaftStorage:Storage Directory /github/workspace/mnt/ozone/hadoop-ozone/integration-test/target/test-dir/MiniOzoneClusterImpl-b5329e31-5f75-4342-a666-be13be570410/datanode-1/data/ratis/a7085ca2-6940-44eb-8fd3-4f0f58de3fec
2020-04-28 05:59:53,454 [pool-117-thread-1] INFO  server.RaftServerConfigKeys (ConfUtils.java:logGet(44)) - raft.server.log.queue.byte-limit = 2147483647 (custom)
2020-04-28 05:59:53,454 [pool-117-thread-1] INFO  server.RaftServerConfigKeys (ConfUtils.java:logGet(44)) - raft.server.log.queue.element-limit = 1024 (custom)
2020-04-28 05:59:53,454 [pool-117-thread-1] INFO  server.RaftServerConfigKeys (ConfUtils.java:logGet(44)) - raft.server.log.segment.size.max = 1048576 (custom)
2020-04-28 05:59:53,454 [pool-117-thread-1] INFO  server.RaftServerConfigKeys (ConfUtils.java:logGet(44)) - raft.server.log.preallocated.size = 16384 (custom)
2020-04-28 05:59:53,454 [pool-117-thread-1] INFO  server.RaftServerConfigKeys (ConfUtils.java:logGet(44)) - raft.server.log.write.buffer.size = 1048576 (custom)
2020-04-28 05:59:53,454 [pool-117-thread-1] INFO  server.RaftServerConfigKeys (ConfUtils.java:logGet(44)) - raft.server.log.force.sync.num = 128 (default)
2020-04-28 05:59:53,454 [pool-117-thread-1] INFO  server.RaftServerConfigKeys (ConfUtils.java:logGet(44)) - raft.server.log.statemachine.data.sync = true (default)
2020-04-28 05:59:53,454 [pool-117-thread-1] INFO  server.RaftServerConfigKeys (ConfUtils.java:logGet(44)) - raft.server.log.statemachine.data.sync.timeout = 10s (default)
2020-04-28 05:59:53,454 [pool-117-thread-1] INFO  server.RaftServerConfigKeys (ConfUtils.java:logGet(44)) - raft.server.log.statemachine.data.sync.timeout.retry = -1 (default)
2020-04-28 05:59:53,467 [pool-117-thread-1] INFO  server.RaftServerConfigKeys (ConfUtils.java:logGet(44)) - raft.server.log.statemachine.data.caching.enabled = true (custom)
2020-04-28 05:59:53,467 [pool-117-thread-1] INFO  segmented.SegmentedRaftLogWorker (SegmentedRaftLogWorker.java:lambda$new$0(129)) - 35d730cb-d0ba-49ab-88c0-b985e4524dc7@group-4F0F58DE3FEC-SegmentedRaftLogWorker: flushIndex: setUnconditionally 0 -> -1
2020-04-28 05:59:53,473 [pool-117-thread-1] INFO  server.RaftServerConfigKeys (ConfUtils.java:logGet(44)) - raft.server.snapshot.auto.trigger.enabled = true (custom)
2020-04-28 05:59:53,473 [pool-117-thread-1] INFO  server.RaftServerConfigKeys (ConfUtils.java:logGet(44)) - raft.server.snapshot.auto.trigger.threshold = 10000 (custom)
2020-04-28 05:59:53,473 [pool-117-thread-1] INFO  server.RaftServerConfigKeys (ConfUtils.java:logGet(44)) - raft.server.snapshot.retention.file.num = 5 (custom)
2020-04-28 05:59:53,473 [pool-117-thread-1] INFO  server.RaftServerConfigKeys (ConfUtils.java:logGet(44)) - raft.server.retrycache.expirytime = 600000ms (custom)
2020-04-28 05:59:53,473 [pool-117-thread-1] INFO  metrics.RatisMetrics (RatisMetrics.java:lambda$create$0(39)) - Creating Metrics Registry : ratis.leader_election.35d730cb-d0ba-49ab-88c0-b985e4524dc7@group-4F0F58DE3FEC
2020-04-28 05:59:53,474 [pool-117-thread-1] INFO  metrics.RatisMetrics (RatisMetrics.java:lambda$create$0(39)) - Creating Metrics Registry : ratis.server.35d730cb-d0ba-49ab-88c0-b985e4524dc7@group-4F0F58DE3FEC
2020-04-28 05:59:53,475 [pool-117-thread-1] INFO  impl.RaftServerImpl (RaftServerImpl.java:<init>(97)) - 35d730cb-d0ba-49ab-88c0-b985e4524dc7: new RaftServerImpl for group-EBD98AA10882:[35d730cb-d0ba-49ab-88c0-b985e4524dc7:172.17.0.2:33299] with ContainerStateMachine:uninitialized
2020-04-28 05:59:53,475 [pool-117-thread-1] INFO  server.RaftServerConfigKeys (ConfUtils.java:logGet(44)) - raft.server.rpc.timeout.min = 5s (custom)
2020-04-28 05:59:53,475 [pool-117-thread-1] INFO  server.RaftServerConfigKeys (ConfUtils.java:logGet(44)) - raft.server.rpc.timeout.max = 5200ms (custom)
2020-04-28 05:59:53,475 [pool-117-thread-1] INFO  server.RaftServerConfigKeys (ConfUtils.java:logGet(44)) - raft.server.rpcslowness.timeout = 300s (custom)
2020-04-28 05:59:53,476 [pool-117-thread-1] INFO  server.RaftServerConfigKeys (ConfUtils.java:logGet(44)) - raft.server.sleep.deviation.threshold = 300 (default)
2020-04-28 05:59:53,476 [pool-117-thread-1] INFO  server.RaftServerConfigKeys (ConfUtils.java:logGet(44)) - raft.server.log.appender.install.snapshot.enabled = false (custom)
2020-04-28 05:59:53,476 [pool-117-thread-1] INFO  impl.RaftServerImpl (ServerState.java:<init>(103)) - 35d730cb-d0ba-49ab-88c0-b985e4524dc7@group-EBD98AA10882: ConfigurationManager, init=-1: [35d730cb-d0ba-49ab-88c0-b985e4524dc7:172.17.0.2:33299], old=null, confs=<EMPTY_MAP>
2020-04-28 05:59:53,476 [pool-117-thread-1] INFO  server.RaftServerConfigKeys (ConfUtils.java:logGet(44)) - raft.server.storage.dir = [/github/workspace/mnt/ozone/hadoop-ozone/integration-test/target/test-dir/MiniOzoneClusterImpl-b5329e31-5f75-4342-a666-be13be570410/datanode-1/data/ratis] (custom)
2020-04-28 05:59:53,476 [pool-117-thread-1] INFO  server.RaftServerConfigKeys (ConfUtils.java:logGet(44)) - raft.server.log.corruption.policy = EXCEPTION (default)
2020-04-28 05:59:53,476 [pool-117-thread-1] INFO  storage.RaftStorageDirectory (RaftStorageDirectory.java:analyzeStorage(253)) - The storage directory /github/workspace/mnt/ozone/hadoop-ozone/integration-test/target/test-dir/MiniOzoneClusterImpl-b5329e31-5f75-4342-a666-be13be570410/datanode-1/data/ratis/5b59653d-0cd4-4d41-a41e-ebd98aa10882 does not exist. Creating ...
2020-04-28 05:59:53,477 [pool-117-thread-1] INFO  storage.RaftStorageDirectory (RaftStorageDirectory.java:tryLock(335)) - Lock on /github/workspace/mnt/ozone/hadoop-ozone/integration-test/target/test-dir/MiniOzoneClusterImpl-b5329e31-5f75-4342-a666-be13be570410/datanode-1/data/ratis/5b59653d-0cd4-4d41-a41e-ebd98aa10882/in_use.lock acquired by nodename 4305@e61501cbef68
2020-04-28 05:59:53,478 [pool-117-thread-1] INFO  storage.RaftStorage (RaftStorage.java:format(84)) - Storage directory /github/workspace/mnt/ozone/hadoop-ozone/integration-test/target/test-dir/MiniOzoneClusterImpl-b5329e31-5f75-4342-a666-be13be570410/datanode-1/data/ratis/5b59653d-0cd4-4d41-a41e-ebd98aa10882 has been successfully formatted.
2020-04-28 05:59:53,478 [pool-117-thread-1] INFO  ratis.ContainerStateMachine (ContainerStateMachine.java:loadSnapshot(226)) - group-EBD98AA10882: The snapshot info is null. Setting the last applied indexto:(t:0, i:~)
2020-04-28 05:59:53,478 [pool-117-thread-1] INFO  server.RaftServerConfigKeys (ConfUtils.java:logGet(44)) - raft.server.notification.no-leader.timeout = 60s (default)
2020-04-28 05:59:53,478 [pool-117-thread-1] INFO  server.RaftServerConfigKeys (ConfUtils.java:logGet(44)) - raft.server.log.use.memory = false (default)
2020-04-28 05:59:53,479 [pool-117-thread-1] INFO  server.RaftServerConfigKeys (ConfUtils.java:logGet(44)) - raft.server.log.purge.gap = 1000000 (custom)
2020-04-28 05:59:53,479 [pool-117-thread-1] INFO  server.RaftServerConfigKeys (ConfUtils.java:logGet(44)) - raft.server.log.appender.buffer.byte-limit = 33554432 (custom)
2020-04-28 05:59:53,479 [pool-117-thread-1] INFO  server.RaftServerConfigKeys (ConfUtils.java:logGet(44)) - raft.server.log.segment.size.max = 1048576 (custom)
2020-04-28 05:59:53,479 [pool-117-thread-1] INFO  server.RaftServerConfigKeys (ConfUtils.java:logGet(44)) - raft.server.log.segment.cache.num.max = 2 (custom)
2020-04-28 05:59:53,479 [pool-117-thread-1] INFO  segmented.SegmentedRaftLogWorker (SegmentedRaftLogWorker.java:<init>(176)) - new 35d730cb-d0ba-49ab-88c0-b985e4524dc7@group-EBD98AA10882-SegmentedRaftLogWorker for RaftStorage:Storage Directory /github/workspace/mnt/ozone/hadoop-ozone/integration-test/target/test-dir/MiniOzoneClusterImpl-b5329e31-5f75-4342-a666-be13be570410/datanode-1/data/ratis/5b59653d-0cd4-4d41-a41e-ebd98aa10882
2020-04-28 05:59:53,479 [pool-117-thread-1] INFO  server.RaftServerConfigKeys (ConfUtils.java:logGet(44)) - raft.server.log.queue.byte-limit = 2147483647 (custom)
2020-04-28 05:59:53,479 [pool-117-thread-1] INFO  server.RaftServerConfigKeys (ConfUtils.java:logGet(44)) - raft.server.log.queue.element-limit = 1024 (custom)
2020-04-28 05:59:53,479 [pool-117-thread-1] INFO  server.RaftServerConfigKeys (ConfUtils.java:logGet(44)) - raft.server.log.segment.size.max = 1048576 (custom)
2020-04-28 05:59:53,479 [pool-117-thread-1] INFO  server.RaftServerConfigKeys (ConfUtils.java:logGet(44)) - raft.server.log.preallocated.size = 16384 (custom)
2020-04-28 05:59:53,479 [pool-117-thread-1] INFO  server.RaftServerConfigKeys (ConfUtils.java:logGet(44)) - raft.server.log.write.buffer.size = 1048576 (custom)
2020-04-28 05:59:53,479 [pool-117-thread-1] INFO  server.RaftServerConfigKeys (ConfUtils.java:logGet(44)) - raft.server.log.force.sync.num = 128 (default)
2020-04-28 05:59:53,479 [EventQueue-PipelineReportForPipelineReportHandler] INFO  pipeline.PipelineStateManager (PipelineStateManager.java:openPipeline(131)) - Pipeline Pipeline[ Id: 5b59653d-0cd4-4d41-a41e-ebd98aa10882, Nodes: 35d730cb-d0ba-49ab-88c0-b985e4524dc7{ip: 172.17.0.2, host: e61501cbef68, networkLocation: /default-rack, certSerialId: null}, Type:RATIS, Factor:ONE, State:ALLOCATED, leaderId:35d730cb-d0ba-49ab-88c0-b985e4524dc7, CreationTimestamp2020-04-28T05:59:50.455Z] moved to OPEN state
2020-04-28 05:59:53,479 [pool-117-thread-1] INFO  server.RaftServerConfigKeys (ConfUtils.java:logGet(44)) - raft.server.log.statemachine.data.sync = true (default)
2020-04-28 05:59:53,480 [EventQueue-OpenPipelineForHealthyPipelineSafeModeRule] INFO  safemode.SCMSafeModeManager (HealthyPipelineSafeModeRule.java:process(132)) - SCM in safe mode. Healthy pipelines reported count is 0, required healthy pipeline reported count is 1
2020-04-28 05:59:53,480 [pool-117-thread-1] INFO  server.RaftServerConfigKeys (ConfUtils.java:logGet(44)) - raft.server.log.statemachine.data.sync.timeout = 10s (default)
2020-04-28 05:59:53,480 [EventQueue-OpenPipelineForOneReplicaPipelineSafeModeRule] INFO  safemode.SCMSafeModeManager (SCMSafeModeManager.java:validateSafeModeExitRules(183)) - AtleastOneDatanodeReportedRule rule is successfully validated
2020-04-28 05:59:53,480 [pool-117-thread-1] INFO  server.RaftServerConfigKeys (ConfUtils.java:logGet(44)) - raft.server.log.statemachine.data.sync.timeout.retry = -1 (default)
2020-04-28 05:59:53,481 [pool-117-thread-1] INFO  server.RaftServerConfigKeys (ConfUtils.java:logGet(44)) - raft.server.log.statemachine.data.caching.enabled = true (custom)
2020-04-28 05:59:53,481 [pool-117-thread-1] INFO  segmented.SegmentedRaftLogWorker (SegmentedRaftLogWorker.java:lambda$new$0(129)) - 35d730cb-d0ba-49ab-88c0-b985e4524dc7@group-EBD98AA10882-SegmentedRaftLogWorker: flushIndex: setUnconditionally 0 -> -1
2020-04-28 05:59:53,484 [pool-117-thread-1] INFO  server.RaftServerConfigKeys (ConfUtils.java:logGet(44)) - raft.server.snapshot.auto.trigger.enabled = true (custom)
2020-04-28 05:59:53,484 [pool-117-thread-1] INFO  server.RaftServerConfigKeys (ConfUtils.java:logGet(44)) - raft.server.snapshot.auto.trigger.threshold = 10000 (custom)
2020-04-28 05:59:53,484 [pool-117-thread-1] INFO  server.RaftServerConfigKeys (ConfUtils.java:logGet(44)) - raft.server.snapshot.retention.file.num = 5 (custom)
2020-04-28 05:59:53,484 [pool-117-thread-1] INFO  server.RaftServerConfigKeys (ConfUtils.java:logGet(44)) - raft.server.retrycache.expirytime = 600000ms (custom)
2020-04-28 05:59:53,484 [pool-117-thread-1] INFO  metrics.RatisMetrics (RatisMetrics.java:lambda$create$0(39)) - Creating Metrics Registry : ratis.leader_election.35d730cb-d0ba-49ab-88c0-b985e4524dc7@group-EBD98AA10882
2020-04-28 05:59:53,485 [pool-117-thread-1] INFO  metrics.RatisMetrics (RatisMetrics.java:lambda$create$0(39)) - Creating Metrics Registry : ratis.server.35d730cb-d0ba-49ab-88c0-b985e4524dc7@group-EBD98AA10882
2020-04-28 05:59:53,487 [pool-117-thread-1] INFO  impl.RaftServerImpl (RaftServerImpl.java:start(183)) - 35d730cb-d0ba-49ab-88c0-b985e4524dc7@group-4F0F58DE3FEC: start as a follower, conf=-1: [a68276ad-3996-4c51-a19d-88b85ee37e97:172.17.0.2:39767, 68dc973b-8e8d-4ab4-a7af-b93c8a87bf60:172.17.0.2:40421, 35d730cb-d0ba-49ab-88c0-b985e4524dc7:172.17.0.2:33299], old=null
2020-04-28 05:59:53,487 [pool-117-thread-1] INFO  impl.RaftServerImpl (RaftServerImpl.java:setRole(172)) - 35d730cb-d0ba-49ab-88c0-b985e4524dc7@group-4F0F58DE3FEC: changes role from      null to FOLLOWER at term 0 for startAsFollower
2020-04-28 05:59:53,487 [pool-117-thread-1] INFO  impl.RoleInfo (RoleInfo.java:updateAndGet(143)) - 35d730cb-d0ba-49ab-88c0-b985e4524dc7: start FollowerState
2020-04-28 05:59:53,487 [pool-117-thread-1] INFO  util.JmxRegister (JmxRegister.java:tryRegister(44)) - Successfully registered JMX Bean with object name Ratis:service=RaftServer,group=group-4F0F58DE3FEC,id=35d730cb-d0ba-49ab-88c0-b985e4524dc7
2020-04-28 05:59:53,487 [pool-117-thread-1] INFO  metrics.RatisMetrics (RatisMetrics.java:lambda$create$0(39)) - Creating Metrics Registry : ratis.state_machine.35d730cb-d0ba-49ab-88c0-b985e4524dc7@group-4F0F58DE3FEC
2020-04-28 05:59:53,488 [pool-117-thread-1] INFO  impl.RaftServerImpl (RaftServerImpl.java:start(183)) - 35d730cb-d0ba-49ab-88c0-b985e4524dc7@group-EBD98AA10882: start as a follower, conf=-1: [35d730cb-d0ba-49ab-88c0-b985e4524dc7:172.17.0.2:33299], old=null
2020-04-28 05:59:53,488 [pool-117-thread-1] INFO  impl.RaftServerImpl (RaftServerImpl.java:setRole(172)) - 35d730cb-d0ba-49ab-88c0-b985e4524dc7@group-EBD98AA10882: changes role from      null to FOLLOWER at term 0 for startAsFollower
2020-04-28 05:59:53,488 [pool-117-thread-1] INFO  impl.RoleInfo (RoleInfo.java:updateAndGet(143)) - 35d730cb-d0ba-49ab-88c0-b985e4524dc7: start FollowerState
2020-04-28 05:59:53,489 [pool-117-thread-1] INFO  util.JmxRegister (JmxRegister.java:tryRegister(44)) - Successfully registered JMX Bean with object name Ratis:service=RaftServer,group=group-EBD98AA10882,id=35d730cb-d0ba-49ab-88c0-b985e4524dc7
2020-04-28 05:59:53,489 [pool-117-thread-1] INFO  metrics.RatisMetrics (RatisMetrics.java:lambda$create$0(39)) - Creating Metrics Registry : ratis.state_machine.35d730cb-d0ba-49ab-88c0-b985e4524dc7@group-EBD98AA10882
2020-04-28 05:59:53,490 [Command processor thread] INFO  commandhandler.CreatePipelineCommandHandler (CreatePipelineCommandHandler.java:handle(109)) - Created Pipeline RATIS ONE #id: "5b59653d-0cd4-4d41-a41e-ebd98aa10882"
.
2020-04-28 05:59:53,504 [Command processor thread] INFO  commandhandler.CreatePipelineCommandHandler (CreatePipelineCommandHandler.java:handle(109)) - Created Pipeline RATIS THREE #id: "a7085ca2-6940-44eb-8fd3-4f0f58de3fec"
.
2020-04-28 05:59:53,511 [Command processor thread] INFO  impl.RaftServerProxy (RaftServerProxy.java:addNew(89)) - 68dc973b-8e8d-4ab4-a7af-b93c8a87bf60: addNew group-095A187DF6C5:[68dc973b-8e8d-4ab4-a7af-b93c8a87bf60:172.17.0.2:40421] returns group-095A187DF6C5:java.util.concurrent.CompletableFuture@1f153f0[Not completed]
2020-04-28 05:59:53,512 [pool-132-thread-1] INFO  impl.RaftServerImpl (RaftServerImpl.java:<init>(97)) - 68dc973b-8e8d-4ab4-a7af-b93c8a87bf60: new RaftServerImpl for group-095A187DF6C5:[68dc973b-8e8d-4ab4-a7af-b93c8a87bf60:172.17.0.2:40421] with ContainerStateMachine:uninitialized
2020-04-28 05:59:53,513 [pool-132-thread-1] INFO  server.RaftServerConfigKeys (ConfUtils.java:logGet(44)) - raft.server.rpc.timeout.min = 5s (custom)
2020-04-28 05:59:53,513 [pool-132-thread-1] INFO  server.RaftServerConfigKeys (ConfUtils.java:logGet(44)) - raft.server.rpc.timeout.max = 5200ms (custom)
2020-04-28 05:59:53,513 [pool-132-thread-1] INFO  server.RaftServerConfigKeys (ConfUtils.java:logGet(44)) - raft.server.rpcslowness.timeout = 300s (custom)
2020-04-28 05:59:53,513 [pool-132-thread-1] INFO  server.RaftServerConfigKeys (ConfUtils.java:logGet(44)) - raft.server.sleep.deviation.threshold = 300 (default)
2020-04-28 05:59:53,513 [pool-132-thread-1] INFO  server.RaftServerConfigKeys (ConfUtils.java:logGet(44)) - raft.server.log.appender.install.snapshot.enabled = false (custom)
2020-04-28 05:59:53,513 [pool-132-thread-1] INFO  impl.RaftServerImpl (ServerState.java:<init>(103)) - 68dc973b-8e8d-4ab4-a7af-b93c8a87bf60@group-095A187DF6C5: ConfigurationManager, init=-1: [68dc973b-8e8d-4ab4-a7af-b93c8a87bf60:172.17.0.2:40421], old=null, confs=<EMPTY_MAP>
2020-04-28 05:59:53,513 [pool-132-thread-1] INFO  server.RaftServerConfigKeys (ConfUtils.java:logGet(44)) - raft.server.storage.dir = [/github/workspace/mnt/ozone/hadoop-ozone/integration-test/target/test-dir/MiniOzoneClusterImpl-b5329e31-5f75-4342-a666-be13be570410/datanode-2/data/ratis] (custom)
2020-04-28 05:59:53,513 [pool-132-thread-1] INFO  server.RaftServerConfigKeys (ConfUtils.java:logGet(44)) - raft.server.log.corruption.policy = EXCEPTION (default)
2020-04-28 05:59:53,513 [pool-132-thread-1] INFO  storage.RaftStorageDirectory (RaftStorageDirectory.java:analyzeStorage(253)) - The storage directory /github/workspace/mnt/ozone/hadoop-ozone/integration-test/target/test-dir/MiniOzoneClusterImpl-b5329e31-5f75-4342-a666-be13be570410/datanode-2/data/ratis/7826dec8-5cfb-4d34-94e2-095a187df6c5 does not exist. Creating ...
2020-04-28 05:59:53,514 [main] INFO  ozone.MiniOzoneClusterImpl (MiniOzoneClusterImpl.java:lambda$waitForClusterToBeReady$0(177)) - Nodes are ready. Got 3 of 3 DN Heartbeats.
2020-04-28 05:59:53,514 [pool-132-thread-1] INFO  storage.RaftStorageDirectory (RaftStorageDirectory.java:tryLock(335)) - Lock on /github/workspace/mnt/ozone/hadoop-ozone/integration-test/target/test-dir/MiniOzoneClusterImpl-b5329e31-5f75-4342-a666-be13be570410/datanode-2/data/ratis/7826dec8-5cfb-4d34-94e2-095a187df6c5/in_use.lock acquired by nodename 4305@e61501cbef68
2020-04-28 05:59:53,514 [main] INFO  ozone.MiniOzoneClusterImpl (MiniOzoneClusterImpl.java:lambda$waitForClusterToBeReady$0(180)) - Waiting for cluster to exit safe mode
2020-04-28 05:59:53,516 [pool-132-thread-1] INFO  storage.RaftStorage (RaftStorage.java:format(84)) - Storage directory /github/workspace/mnt/ozone/hadoop-ozone/integration-test/target/test-dir/MiniOzoneClusterImpl-b5329e31-5f75-4342-a666-be13be570410/datanode-2/data/ratis/7826dec8-5cfb-4d34-94e2-095a187df6c5 has been successfully formatted.
2020-04-28 05:59:53,516 [pool-132-thread-1] INFO  ratis.ContainerStateMachine (ContainerStateMachine.java:loadSnapshot(226)) - group-095A187DF6C5: The snapshot info is null. Setting the last applied indexto:(t:0, i:~)
2020-04-28 05:59:53,516 [pool-132-thread-1] INFO  server.RaftServerConfigKeys (ConfUtils.java:logGet(44)) - raft.server.notification.no-leader.timeout = 60s (default)
2020-04-28 05:59:53,516 [pool-132-thread-1] INFO  server.RaftServerConfigKeys (ConfUtils.java:logGet(44)) - raft.server.log.use.memory = false (default)
2020-04-28 05:59:53,516 [pool-132-thread-1] INFO  server.RaftServerConfigKeys (ConfUtils.java:logGet(44)) - raft.server.log.purge.gap = 1000000 (custom)
2020-04-28 05:59:53,516 [pool-132-thread-1] INFO  server.RaftServerConfigKeys (ConfUtils.java:logGet(44)) - raft.server.log.appender.buffer.byte-limit = 33554432 (custom)
2020-04-28 05:59:53,516 [pool-132-thread-1] INFO  server.RaftServerConfigKeys (ConfUtils.java:logGet(44)) - raft.server.log.segment.size.max = 1048576 (custom)
2020-04-28 05:59:53,517 [pool-132-thread-1] INFO  server.RaftServerConfigKeys (ConfUtils.java:logGet(44)) - raft.server.log.segment.cache.num.max = 2 (custom)
2020-04-28 05:59:53,517 [pool-132-thread-1] INFO  segmented.SegmentedRaftLogWorker (SegmentedRaftLogWorker.java:<init>(176)) - new 68dc973b-8e8d-4ab4-a7af-b93c8a87bf60@group-095A187DF6C5-SegmentedRaftLogWorker for RaftStorage:Storage Directory /github/workspace/mnt/ozone/hadoop-ozone/integration-test/target/test-dir/MiniOzoneClusterImpl-b5329e31-5f75-4342-a666-be13be570410/datanode-2/data/ratis/7826dec8-5cfb-4d34-94e2-095a187df6c5
2020-04-28 05:59:53,517 [pool-132-thread-1] INFO  server.RaftServerConfigKeys (ConfUtils.java:logGet(44)) - raft.server.log.queue.byte-limit = 2147483647 (custom)
2020-04-28 05:59:53,517 [pool-132-thread-1] INFO  server.RaftServerConfigKeys (ConfUtils.java:logGet(44)) - raft.server.log.queue.element-limit = 1024 (custom)
2020-04-28 05:59:53,517 [pool-132-thread-1] INFO  server.RaftServerConfigKeys (ConfUtils.java:logGet(44)) - raft.server.log.segment.size.max = 1048576 (custom)
2020-04-28 05:59:53,517 [pool-132-thread-1] INFO  server.RaftServerConfigKeys (ConfUtils.java:logGet(44)) - raft.server.log.preallocated.size = 16384 (custom)
2020-04-28 05:59:53,517 [pool-132-thread-1] INFO  server.RaftServerConfigKeys (ConfUtils.java:logGet(44)) - raft.server.log.write.buffer.size = 1048576 (custom)
2020-04-28 05:59:53,517 [pool-132-thread-1] INFO  server.RaftServerConfigKeys (ConfUtils.java:logGet(44)) - raft.server.log.force.sync.num = 128 (default)
2020-04-28 05:59:53,517 [pool-132-thread-1] INFO  server.RaftServerConfigKeys (ConfUtils.java:logGet(44)) - raft.server.log.statemachine.data.sync = true (default)
2020-04-28 05:59:53,517 [pool-132-thread-1] INFO  server.RaftServerConfigKeys (ConfUtils.java:logGet(44)) - raft.server.log.statemachine.data.sync.timeout = 10s (default)
2020-04-28 05:59:53,517 [pool-132-thread-1] INFO  server.RaftServerConfigKeys (ConfUtils.java:logGet(44)) - raft.server.log.statemachine.data.sync.timeout.retry = -1 (default)
2020-04-28 05:59:53,518 [pool-132-thread-1] INFO  server.RaftServerConfigKeys (ConfUtils.java:logGet(44)) - raft.server.log.statemachine.data.caching.enabled = true (custom)
2020-04-28 05:59:53,518 [pool-132-thread-1] INFO  segmented.SegmentedRaftLogWorker (SegmentedRaftLogWorker.java:lambda$new$0(129)) - 68dc973b-8e8d-4ab4-a7af-b93c8a87bf60@group-095A187DF6C5-SegmentedRaftLogWorker: flushIndex: setUnconditionally 0 -> -1
2020-04-28 05:59:53,519 [pool-132-thread-1] INFO  server.RaftServerConfigKeys (ConfUtils.java:logGet(44)) - raft.server.snapshot.auto.trigger.enabled = true (custom)
2020-04-28 05:59:53,519 [pool-132-thread-1] INFO  server.RaftServerConfigKeys (ConfUtils.java:logGet(44)) - raft.server.snapshot.auto.trigger.threshold = 10000 (custom)
2020-04-28 05:59:53,519 [pool-132-thread-1] INFO  server.RaftServerConfigKeys (ConfUtils.java:logGet(44)) - raft.server.snapshot.retention.file.num = 5 (custom)
2020-04-28 05:59:53,519 [pool-132-thread-1] INFO  server.RaftServerConfigKeys (ConfUtils.java:logGet(44)) - raft.server.retrycache.expirytime = 600000ms (custom)
2020-04-28 05:59:53,519 [pool-132-thread-1] INFO  metrics.RatisMetrics (RatisMetrics.java:lambda$create$0(39)) - Creating Metrics Registry : ratis.leader_election.68dc973b-8e8d-4ab4-a7af-b93c8a87bf60@group-095A187DF6C5
2020-04-28 05:59:53,520 [pool-132-thread-1] INFO  metrics.RatisMetrics (RatisMetrics.java:lambda$create$0(39)) - Creating Metrics Registry : ratis.server.68dc973b-8e8d-4ab4-a7af-b93c8a87bf60@group-095A187DF6C5
2020-04-28 05:59:53,520 [pool-132-thread-1] INFO  impl.RaftServerImpl (RaftServerImpl.java:start(183)) - 68dc973b-8e8d-4ab4-a7af-b93c8a87bf60@group-095A187DF6C5: start as a follower, conf=-1: [68dc973b-8e8d-4ab4-a7af-b93c8a87bf60:172.17.0.2:40421], old=null
2020-04-28 05:59:53,521 [pool-132-thread-1] INFO  impl.RaftServerImpl (RaftServerImpl.java:setRole(172)) - 68dc973b-8e8d-4ab4-a7af-b93c8a87bf60@group-095A187DF6C5: changes role from      null to FOLLOWER at term 0 for startAsFollower
2020-04-28 05:59:53,521 [pool-132-thread-1] INFO  impl.RoleInfo (RoleInfo.java:updateAndGet(143)) - 68dc973b-8e8d-4ab4-a7af-b93c8a87bf60: start FollowerState
2020-04-28 05:59:53,523 [pool-132-thread-1] INFO  util.JmxRegister (JmxRegister.java:tryRegister(44)) - Successfully registered JMX Bean with object name Ratis:service=RaftServer,group=group-095A187DF6C5,id=68dc973b-8e8d-4ab4-a7af-b93c8a87bf60
2020-04-28 05:59:53,523 [pool-132-thread-1] INFO  metrics.RatisMetrics (RatisMetrics.java:lambda$create$0(39)) - Creating Metrics Registry : ratis.state_machine.68dc973b-8e8d-4ab4-a7af-b93c8a87bf60@group-095A187DF6C5
2020-04-28 05:59:53,524 [EventQueue-PipelineReportForPipelineReportHandler] INFO  pipeline.PipelineStateManager (PipelineStateManager.java:openPipeline(131)) - Pipeline Pipeline[ Id: 7826dec8-5cfb-4d34-94e2-095a187df6c5, Nodes: 68dc973b-8e8d-4ab4-a7af-b93c8a87bf60{ip: 172.17.0.2, host: e61501cbef68, networkLocation: /default-rack, certSerialId: null}, Type:RATIS, Factor:ONE, State:ALLOCATED, leaderId:68dc973b-8e8d-4ab4-a7af-b93c8a87bf60, CreationTimestamp2020-04-28T05:59:50.515Z] moved to OPEN state
2020-04-28 05:59:53,524 [EventQueue-OpenPipelineForHealthyPipelineSafeModeRule] INFO  safemode.SCMSafeModeManager (HealthyPipelineSafeModeRule.java:process(132)) - SCM in safe mode. Healthy pipelines reported count is 0, required healthy pipeline reported count is 1
2020-04-28 05:59:53,524 [EventQueue-OpenPipelineForOneReplicaPipelineSafeModeRule] INFO  safemode.SCMSafeModeManager (SCMSafeModeManager.java:validateSafeModeExitRules(183)) - AtleastOneDatanodeReportedRule rule is successfully validated
2020-04-28 05:59:53,525 [Command processor thread] INFO  commandhandler.CreatePipelineCommandHandler (CreatePipelineCommandHandler.java:handle(109)) - Created Pipeline RATIS ONE #id: "7826dec8-5cfb-4d34-94e2-095a187df6c5"
.
2020-04-28 05:59:54,515 [main] INFO  ozone.MiniOzoneClusterImpl (MiniOzoneClusterImpl.java:lambda$waitForClusterToBeReady$0(177)) - Nodes are ready. Got 3 of 3 DN Heartbeats.
2020-04-28 05:59:54,515 [main] INFO  ozone.MiniOzoneClusterImpl (MiniOzoneClusterImpl.java:lambda$waitForClusterToBeReady$0(180)) - Waiting for cluster to exit safe mode
2020-04-28 05:59:55,515 [main] INFO  ozone.MiniOzoneClusterImpl (MiniOzoneClusterImpl.java:lambda$waitForClusterToBeReady$0(177)) - Nodes are ready. Got 3 of 3 DN Heartbeats.
2020-04-28 05:59:55,516 [main] INFO  ozone.MiniOzoneClusterImpl (MiniOzoneClusterImpl.java:lambda$waitForClusterToBeReady$0(180)) - Waiting for cluster to exit safe mode
2020-04-28 05:59:56,516 [main] INFO  ozone.MiniOzoneClusterImpl (MiniOzoneClusterImpl.java:lambda$waitForClusterToBeReady$0(177)) - Nodes are ready. Got 3 of 3 DN Heartbeats.
2020-04-28 05:59:56,516 [main] INFO  ozone.MiniOzoneClusterImpl (MiniOzoneClusterImpl.java:lambda$waitForClusterToBeReady$0(180)) - Waiting for cluster to exit safe mode
2020-04-28 05:59:57,517 [main] INFO  ozone.MiniOzoneClusterImpl (MiniOzoneClusterImpl.java:lambda$waitForClusterToBeReady$0(177)) - Nodes are ready. Got 3 of 3 DN Heartbeats.
2020-04-28 05:59:57,517 [main] INFO  ozone.MiniOzoneClusterImpl (MiniOzoneClusterImpl.java:lambda$waitForClusterToBeReady$0(180)) - Waiting for cluster to exit safe mode
2020-04-28 05:59:58,460 [Thread-422] INFO  impl.FollowerState (FollowerState.java:run(108)) - 68dc973b-8e8d-4ab4-a7af-b93c8a87bf60@group-4F0F58DE3FEC-FollowerState: change to CANDIDATE, lastRpcTime:5047ms, electionTimeout:5046ms
2020-04-28 05:59:58,460 [Thread-422] INFO  impl.RoleInfo (RoleInfo.java:shutdownFollowerState(121)) - 68dc973b-8e8d-4ab4-a7af-b93c8a87bf60: shutdown FollowerState
2020-04-28 05:59:58,460 [Thread-422] INFO  impl.RaftServerImpl (RaftServerImpl.java:setRole(172)) - 68dc973b-8e8d-4ab4-a7af-b93c8a87bf60@group-4F0F58DE3FEC: changes role from  FOLLOWER to CANDIDATE at term 0 for changeToCandidate
2020-04-28 05:59:58,461 [Thread-422] INFO  impl.RoleInfo (RoleInfo.java:updateAndGet(143)) - 68dc973b-8e8d-4ab4-a7af-b93c8a87bf60: start LeaderElection
2020-04-28 05:59:58,464 [68dc973b-8e8d-4ab4-a7af-b93c8a87bf60@group-4F0F58DE3FEC-LeaderElection7] INFO  impl.LeaderElection (LeaderElection.java:askForVotes(206)) - 68dc973b-8e8d-4ab4-a7af-b93c8a87bf60@group-4F0F58DE3FEC-LeaderElection7: begin an election at term 1 for -1: [a68276ad-3996-4c51-a19d-88b85ee37e97:172.17.0.2:39767, 68dc973b-8e8d-4ab4-a7af-b93c8a87bf60:172.17.0.2:40421, 35d730cb-d0ba-49ab-88c0-b985e4524dc7:172.17.0.2:33299], old=null
2020-04-28 05:59:58,483 [grpc-default-executor-0] INFO  impl.RaftServerImpl (RaftServerImpl.java:setRole(172)) - 35d730cb-d0ba-49ab-88c0-b985e4524dc7@group-4F0F58DE3FEC: changes role from  FOLLOWER to FOLLOWER at term 1 for recognizeCandidate:68dc973b-8e8d-4ab4-a7af-b93c8a87bf60
2020-04-28 05:59:58,484 [grpc-default-executor-0] INFO  impl.RoleInfo (RoleInfo.java:shutdownFollowerState(121)) - 35d730cb-d0ba-49ab-88c0-b985e4524dc7: shutdown FollowerState
2020-04-28 05:59:58,484 [grpc-default-executor-0] INFO  impl.RoleInfo (RoleInfo.java:updateAndGet(143)) - 35d730cb-d0ba-49ab-88c0-b985e4524dc7: start FollowerState
2020-04-28 05:59:58,484 [Thread-426] INFO  impl.FollowerState (FollowerState.java:run(117)) - 35d730cb-d0ba-49ab-88c0-b985e4524dc7@group-4F0F58DE3FEC-FollowerState was interrupted: java.lang.InterruptedException: sleep interrupted
2020-04-28 05:59:58,488 [68dc973b-8e8d-4ab4-a7af-b93c8a87bf60@group-4F0F58DE3FEC-LeaderElection7] INFO  impl.LeaderElection (LeaderElection.java:logAndReturn(61)) - 68dc973b-8e8d-4ab4-a7af-b93c8a87bf60@group-4F0F58DE3FEC-LeaderElection7: Election PASSED; received 1 response(s) [68dc973b-8e8d-4ab4-a7af-b93c8a87bf60<-35d730cb-d0ba-49ab-88c0-b985e4524dc7#0:OK-t1] and 0 exception(s); 68dc973b-8e8d-4ab4-a7af-b93c8a87bf60@group-4F0F58DE3FEC:t1, leader=null, voted=68dc973b-8e8d-4ab4-a7af-b93c8a87bf60, raftlog=68dc973b-8e8d-4ab4-a7af-b93c8a87bf60@group-4F0F58DE3FEC-SegmentedRaftLog:OPENED:c-1,f-1,i0, conf=-1: [a68276ad-3996-4c51-a19d-88b85ee37e97:172.17.0.2:39767, 68dc973b-8e8d-4ab4-a7af-b93c8a87bf60:172.17.0.2:40421, 35d730cb-d0ba-49ab-88c0-b985e4524dc7:172.17.0.2:33299], old=null
2020-04-28 05:59:58,488 [68dc973b-8e8d-4ab4-a7af-b93c8a87bf60@group-4F0F58DE3FEC-LeaderElection7] INFO  impl.RoleInfo (RoleInfo.java:shutdownLeaderElection(134)) - 68dc973b-8e8d-4ab4-a7af-b93c8a87bf60: shutdown LeaderElection
2020-04-28 05:59:58,489 [68dc973b-8e8d-4ab4-a7af-b93c8a87bf60@group-4F0F58DE3FEC-LeaderElection7] INFO  impl.RaftServerImpl (RaftServerImpl.java:setRole(172)) - 68dc973b-8e8d-4ab4-a7af-b93c8a87bf60@group-4F0F58DE3FEC: changes role from CANDIDATE to LEADER at term 1 for changeToLeader
2020-04-28 05:59:58,489 [68dc973b-8e8d-4ab4-a7af-b93c8a87bf60@group-4F0F58DE3FEC-LeaderElection7] INFO  ratis.XceiverServerRatis (XceiverServerRatis.java:handleLeaderChangedNotification(761)) - Leader change notification received for group: group-4F0F58DE3FEC with new leaderId: 68dc973b-8e8d-4ab4-a7af-b93c8a87bf60
2020-04-28 05:59:58,489 [68dc973b-8e8d-4ab4-a7af-b93c8a87bf60@group-4F0F58DE3FEC-LeaderElection7] INFO  impl.RaftServerImpl (ServerState.java:setLeader(255)) - 68dc973b-8e8d-4ab4-a7af-b93c8a87bf60@group-4F0F58DE3FEC: change Leader from null to 68dc973b-8e8d-4ab4-a7af-b93c8a87bf60 at term 1 for becomeLeader, leader elected after 5082ms
2020-04-28 05:59:58,492 [EventQueue-PipelineReportForPipelineReportHandler] INFO  pipeline.PipelineStateManager (PipelineStateManager.java:openPipeline(131)) - Pipeline Pipeline[ Id: a7085ca2-6940-44eb-8fd3-4f0f58de3fec, Nodes: a68276ad-3996-4c51-a19d-88b85ee37e97{ip: 172.17.0.2, host: e61501cbef68, networkLocation: /default-rack, certSerialId: null}68dc973b-8e8d-4ab4-a7af-b93c8a87bf60{ip: 172.17.0.2, host: e61501cbef68, networkLocation: /default-rack, certSerialId: null}35d730cb-d0ba-49ab-88c0-b985e4524dc7{ip: 172.17.0.2, host: e61501cbef68, networkLocation: /default-rack, certSerialId: null}, Type:RATIS, Factor:THREE, State:ALLOCATED, leaderId:68dc973b-8e8d-4ab4-a7af-b93c8a87bf60, CreationTimestamp2020-04-28T05:59:50.517Z] moved to OPEN state
2020-04-28 05:59:58,493 [EventQueue-OpenPipelineForOneReplicaPipelineSafeModeRule] INFO  safemode.SCMSafeModeManager (SCMSafeModeManager.java:validateSafeModeExitRules(183)) - AtleastOneDatanodeReportedRule rule is successfully validated
2020-04-28 05:59:58,492 [68dc973b-8e8d-4ab4-a7af-b93c8a87bf60@group-4F0F58DE3FEC-LeaderElection7] INFO  server.RaftServerConfigKeys (ConfUtils.java:logGet(44)) - raft.server.staging.catchup.gap = 1000 (default)
2020-04-28 05:59:58,493 [EventQueue-OpenPipelineForHealthyPipelineSafeModeRule] INFO  safemode.SCMSafeModeManager (HealthyPipelineSafeModeRule.java:process(132)) - SCM in safe mode. Healthy pipelines reported count is 1, required healthy pipeline reported count is 1
2020-04-28 05:59:58,493 [EventQueue-OpenPipelineForHealthyPipelineSafeModeRule] INFO  safemode.SCMSafeModeManager (SCMSafeModeManager.java:validateSafeModeExitRules(183)) - HealthyPipelineSafeModeRule rule is successfully validated
2020-04-28 05:59:58,493 [EventQueue-OpenPipelineForHealthyPipelineSafeModeRule] INFO  safemode.SCMSafeModeManager (SCMSafeModeManager.java:validateSafeModeExitRules(197)) - ScmSafeModeManager, all rules are successfully validated
2020-04-28 05:59:58,494 [EventQueue-OpenPipelineForHealthyPipelineSafeModeRule] INFO  safemode.SCMSafeModeManager (SCMSafeModeManager.java:exitSafeMode(226)) - SCM exiting safe mode.
2020-04-28 05:59:58,492 [grpc-default-executor-1] INFO  impl.RaftServerImpl (RaftServerImpl.java:setRole(172)) - a68276ad-3996-4c51-a19d-88b85ee37e97@group-4F0F58DE3FEC: changes role from  FOLLOWER to FOLLOWER at term 1 for recognizeCandidate:68dc973b-8e8d-4ab4-a7af-b93c8a87bf60
2020-04-28 05:59:58,493 [68dc973b-8e8d-4ab4-a7af-b93c8a87bf60@group-4F0F58DE3FEC-LeaderElection7] INFO  server.RaftServerConfigKeys (ConfUtils.java:logGet(44)) - raft.server.rpc.sleep.time = 25ms (default)
2020-04-28 05:59:58,494 [grpc-default-executor-1] INFO  impl.RoleInfo (RoleInfo.java:shutdownFollowerState(121)) - a68276ad-3996-4c51-a19d-88b85ee37e97: shutdown FollowerState
2020-04-28 05:59:58,495 [68dc973b-8e8d-4ab4-a7af-b93c8a87bf60@group-4F0F58DE3FEC-LeaderElection7] INFO  metrics.RatisMetrics (RatisMetrics.java:lambda$create$0(39)) - Creating Metrics Registry : ratis.log_appender.68dc973b-8e8d-4ab4-a7af-b93c8a87bf60@group-4F0F58DE3FEC
2020-04-28 05:59:58,495 [68dc973b-8e8d-4ab4-a7af-b93c8a87bf60@group-4F0F58DE3FEC-LeaderElection7] INFO  server.RaftServerConfigKeys (ConfUtils.java:logGet(44)) - raft.server.write.element-limit = 1024 (custom)
2020-04-28 05:59:58,495 [68dc973b-8e8d-4ab4-a7af-b93c8a87bf60@group-4F0F58DE3FEC-LeaderElection7] INFO  server.RaftServerConfigKeys (ConfUtils.java:logGet(44)) - raft.server.write.byte-limit = 1073741824 (custom)
2020-04-28 05:59:58,496 [68dc973b-8e8d-4ab4-a7af-b93c8a87bf60@group-4F0F58DE3FEC-LeaderElection7] INFO  server.RaftServerConfigKeys (ConfUtils.java:logGet(44)) - raft.server.watch.timeout = 180s (custom)
2020-04-28 05:59:58,496 [68dc973b-8e8d-4ab4-a7af-b93c8a87bf60@group-4F0F58DE3FEC-LeaderElection7] INFO  server.RaftServerConfigKeys (ConfUtils.java:logGet(44)) - raft.server.watch.timeout.denomination = 1s (default)
2020-04-28 05:59:58,495 [Thread-420] INFO  impl.FollowerState (FollowerState.java:run(117)) - a68276ad-3996-4c51-a19d-88b85ee37e97@group-4F0F58DE3FEC-FollowerState was interrupted: java.lang.InterruptedException: sleep interrupted
2020-04-28 05:59:58,495 [grpc-default-executor-1] INFO  impl.RoleInfo (RoleInfo.java:updateAndGet(143)) - a68276ad-3996-4c51-a19d-88b85ee37e97: start FollowerState
2020-04-28 05:59:58,502 [68dc973b-8e8d-4ab4-a7af-b93c8a87bf60@group-4F0F58DE3FEC-LeaderElection7] INFO  server.RaftServerConfigKeys (ConfUtils.java:logGet(44)) - raft.server.watch.element-limit = 65536 (default)
2020-04-28 05:59:58,502 [68dc973b-8e8d-4ab4-a7af-b93c8a87bf60@group-4F0F58DE3FEC-LeaderElection7] INFO  server.RaftServerConfigKeys (ConfUtils.java:logGet(44)) - raft.server.log.appender.snapshot.chunk.size.max = 16MB (=16777216) (default)
2020-04-28 05:59:58,503 [68dc973b-8e8d-4ab4-a7af-b93c8a87bf60@group-4F0F58DE3FEC-LeaderElection7] INFO  server.RaftServerConfigKeys (ConfUtils.java:logGet(44)) - raft.server.log.appender.buffer.byte-limit = 33554432 (custom)
2020-04-28 05:59:58,503 [68dc973b-8e8d-4ab4-a7af-b93c8a87bf60@group-4F0F58DE3FEC-LeaderElection7] INFO  server.RaftServerConfigKeys (ConfUtils.java:logGet(44)) - raft.server.log.appender.buffer.element-limit = 1 (custom)
2020-04-28 05:59:58,503 [68dc973b-8e8d-4ab4-a7af-b93c8a87bf60@group-4F0F58DE3FEC-LeaderElection7] INFO  grpc.GrpcConfigKeys (ConfUtils.java:logGet(44)) - raft.grpc.server.leader.outstanding.appends.max = 128 (default)
2020-04-28 05:59:58,503 [68dc973b-8e8d-4ab4-a7af-b93c8a87bf60@group-4F0F58DE3FEC-LeaderElection7] INFO  server.RaftServerConfigKeys (ConfUtils.java:logGet(44)) - raft.server.rpc.request.timeout = 60s (custom)
2020-04-28 05:59:58,503 [68dc973b-8e8d-4ab4-a7af-b93c8a87bf60@group-4F0F58DE3FEC-LeaderElection7] INFO  server.RaftServerConfigKeys (ConfUtils.java:logGet(44)) - raft.server.log.appender.install.snapshot.enabled = false (custom)
2020-04-28 05:59:58,504 [68dc973b-8e8d-4ab4-a7af-b93c8a87bf60@group-4F0F58DE3FEC-LeaderElection7] INFO  server.RaftServerConfigKeys (ConfUtils.java:logGet(44)) - raft.server.log.appender.snapshot.chunk.size.max = 16MB (=16777216) (default)
2020-04-28 05:59:58,504 [68dc973b-8e8d-4ab4-a7af-b93c8a87bf60@group-4F0F58DE3FEC-LeaderElection7] INFO  server.RaftServerConfigKeys (ConfUtils.java:logGet(44)) - raft.server.log.appender.buffer.byte-limit = 33554432 (custom)
2020-04-28 05:59:58,505 [68dc973b-8e8d-4ab4-a7af-b93c8a87bf60@group-4F0F58DE3FEC-LeaderElection7] INFO  server.RaftServerConfigKeys (ConfUtils.java:logGet(44)) - raft.server.log.appender.buffer.element-limit = 1 (custom)
2020-04-28 05:59:58,505 [68dc973b-8e8d-4ab4-a7af-b93c8a87bf60@group-4F0F58DE3FEC-LeaderElection7] INFO  grpc.GrpcConfigKeys (ConfUtils.java:logGet(44)) - raft.grpc.server.leader.outstanding.appends.max = 128 (default)
2020-04-28 05:59:58,505 [68dc973b-8e8d-4ab4-a7af-b93c8a87bf60@group-4F0F58DE3FEC-LeaderElection7] INFO  server.RaftServerConfigKeys (ConfUtils.java:logGet(44)) - raft.server.rpc.request.timeout = 60s (custom)
2020-04-28 05:59:58,505 [68dc973b-8e8d-4ab4-a7af-b93c8a87bf60@group-4F0F58DE3FEC-LeaderElection7] INFO  server.RaftServerConfigKeys (ConfUtils.java:logGet(44)) - raft.server.log.appender.install.snapshot.enabled = false (custom)
2020-04-28 05:59:58,507 [68dc973b-8e8d-4ab4-a7af-b93c8a87bf60@group-4F0F58DE3FEC-LeaderElection7] INFO  impl.RoleInfo (RoleInfo.java:updateAndGet(143)) - 68dc973b-8e8d-4ab4-a7af-b93c8a87bf60: start LeaderState
2020-04-28 05:59:58,508 [68dc973b-8e8d-4ab4-a7af-b93c8a87bf60@group-4F0F58DE3FEC-LeaderElection7] INFO  segmented.SegmentedRaftLogWorker (SegmentedRaftLogWorker.java:startLogSegment(391)) - 68dc973b-8e8d-4ab4-a7af-b93c8a87bf60@group-4F0F58DE3FEC-SegmentedRaftLogWorker: Starting segment from index:0
2020-04-28 05:59:58,509 [68dc973b-8e8d-4ab4-a7af-b93c8a87bf60@group-4F0F58DE3FEC-SegmentedRaftLogWorker] INFO  segmented.SegmentedRaftLogWorker (SegmentedRaftLogWorker.java:execute(583)) - 68dc973b-8e8d-4ab4-a7af-b93c8a87bf60@group-4F0F58DE3FEC-SegmentedRaftLogWorker: created new log segment /github/workspace/mnt/ozone/hadoop-ozone/integration-test/target/test-dir/MiniOzoneClusterImpl-b5329e31-5f75-4342-a666-be13be570410/datanode-2/data/ratis/a7085ca2-6940-44eb-8fd3-4f0f58de3fec/current/log_inprogress_0
2020-04-28 05:59:58,513 [grpc-default-executor-1] INFO  ratis.XceiverServerRatis (XceiverServerRatis.java:handleLeaderChangedNotification(761)) - Leader change notification received for group: group-4F0F58DE3FEC with new leaderId: 68dc973b-8e8d-4ab4-a7af-b93c8a87bf60
2020-04-28 05:59:58,513 [grpc-default-executor-1] INFO  impl.RaftServerImpl (ServerState.java:setLeader(255)) - a68276ad-3996-4c51-a19d-88b85ee37e97@group-4F0F58DE3FEC: change Leader from null to 68dc973b-8e8d-4ab4-a7af-b93c8a87bf60 at term 1 for appendEntries, leader elected after 5143ms
2020-04-28 05:59:58,515 [Thread-418] INFO  impl.FollowerState (FollowerState.java:run(108)) - a68276ad-3996-4c51-a19d-88b85ee37e97@group-EF8263EFEBE8-FollowerState: change to CANDIDATE, lastRpcTime:5152ms, electionTimeout:5151ms
2020-04-28 05:59:58,515 [Thread-418] INFO  impl.RoleInfo (RoleInfo.java:shutdownFollowerState(121)) - a68276ad-3996-4c51-a19d-88b85ee37e97: shutdown FollowerState
2020-04-28 05:59:58,515 [Thread-418] INFO  impl.RaftServerImpl (RaftServerImpl.java:setRole(172)) - a68276ad-3996-4c51-a19d-88b85ee37e97@group-EF8263EFEBE8: changes role from  FOLLOWER to CANDIDATE at term 0 for changeToCandidate
2020-04-28 05:59:58,515 [68dc973b-8e8d-4ab4-a7af-b93c8a87bf60@group-4F0F58DE3FEC-LeaderElection7] INFO  impl.RaftServerImpl (ServerState.java:setRaftConf(356)) - 68dc973b-8e8d-4ab4-a7af-b93c8a87bf60@group-4F0F58DE3FEC: set configuration 0: [a68276ad-3996-4c51-a19d-88b85ee37e97:172.17.0.2:39767, 68dc973b-8e8d-4ab4-a7af-b93c8a87bf60:172.17.0.2:40421, 35d730cb-d0ba-49ab-88c0-b985e4524dc7:172.17.0.2:33299], old=null at 0
2020-04-28 05:59:58,515 [Thread-418] INFO  impl.RoleInfo (RoleInfo.java:updateAndGet(143)) - a68276ad-3996-4c51-a19d-88b85ee37e97: start LeaderElection
2020-04-28 05:59:58,517 [main] INFO  ozone.MiniOzoneClusterImpl (MiniOzoneClusterImpl.java:lambda$waitForClusterToBeReady$0(177)) - Nodes are ready. Got 3 of 3 DN Heartbeats.
2020-04-28 05:59:58,517 [main] INFO  ozone.MiniOzoneClusterImpl (MiniOzoneClusterImpl.java:lambda$waitForClusterToBeReady$0(180)) - Cluster exits safe mode
2020-04-28 05:59:58,529 [grpc-default-executor-1] INFO  impl.RaftServerImpl (ServerState.java:setRaftConf(356)) - a68276ad-3996-4c51-a19d-88b85ee37e97@group-4F0F58DE3FEC: set configuration 0: [a68276ad-3996-4c51-a19d-88b85ee37e97:172.17.0.2:39767, 68dc973b-8e8d-4ab4-a7af-b93c8a87bf60:172.17.0.2:40421, 35d730cb-d0ba-49ab-88c0-b985e4524dc7:172.17.0.2:33299], old=null at 0
2020-04-28 05:59:58,529 [grpc-default-executor-1] INFO  segmented.SegmentedRaftLogWorker (SegmentedRaftLogWorker.java:startLogSegment(391)) - a68276ad-3996-4c51-a19d-88b85ee37e97@group-4F0F58DE3FEC-SegmentedRaftLogWorker: Starting segment from index:0
2020-04-28 05:59:58,530 [a68276ad-3996-4c51-a19d-88b85ee37e97@group-4F0F58DE3FEC-SegmentedRaftLogWorker] INFO  segmented.SegmentedRaftLogWorker (SegmentedRaftLogWorker.java:execute(583)) - a68276ad-3996-4c51-a19d-88b85ee37e97@group-4F0F58DE3FEC-SegmentedRaftLogWorker: created new log segment /github/workspace/mnt/ozone/hadoop-ozone/integration-test/target/test-dir/MiniOzoneClusterImpl-b5329e31-5f75-4342-a666-be13be570410/datanode-0/data/ratis/a7085ca2-6940-44eb-8fd3-4f0f58de3fec/current/log_inprogress_0
2020-04-28 05:59:58,537 [a68276ad-3996-4c51-a19d-88b85ee37e97@group-EF8263EFEBE8-LeaderElection8] INFO  impl.LeaderElection (LeaderElection.java:askForVotes(206)) - a68276ad-3996-4c51-a19d-88b85ee37e97@group-EF8263EFEBE8-LeaderElection8: begin an election at term 1 for -1: [a68276ad-3996-4c51-a19d-88b85ee37e97:172.17.0.2:39767], old=null
2020-04-28 05:59:58,537 [a68276ad-3996-4c51-a19d-88b85ee37e97@group-EF8263EFEBE8-LeaderElection8] INFO  impl.RoleInfo (RoleInfo.java:shutdownLeaderElection(134)) - a68276ad-3996-4c51-a19d-88b85ee37e97: shutdown LeaderElection
2020-04-28 05:59:58,537 [a68276ad-3996-4c51-a19d-88b85ee37e97@group-EF8263EFEBE8-LeaderElection8] INFO  impl.RaftServerImpl (RaftServerImpl.java:setRole(172)) - a68276ad-3996-4c51-a19d-88b85ee37e97@group-EF8263EFEBE8: changes role from CANDIDATE to LEADER at term 1 for changeToLeader
2020-04-28 05:59:58,537 [a68276ad-3996-4c51-a19d-88b85ee37e97@group-EF8263EFEBE8-LeaderElection8] INFO  ratis.XceiverServerRatis (XceiverServerRatis.java:handleLeaderChangedNotification(761)) - Leader change notification received for group: group-EF8263EFEBE8 with new leaderId: a68276ad-3996-4c51-a19d-88b85ee37e97
2020-04-28 05:59:58,537 [a68276ad-3996-4c51-a19d-88b85ee37e97@group-EF8263EFEBE8-LeaderElection8] INFO  impl.RaftServerImpl (ServerState.java:setLeader(255)) - a68276ad-3996-4c51-a19d-88b85ee37e97@group-EF8263EFEBE8: change Leader from null to a68276ad-3996-4c51-a19d-88b85ee37e97 at term 1 for becomeLeader, leader elected after 5201ms
2020-04-28 05:59:58,543 [grpc-default-executor-1] INFO  ratis.XceiverServerRatis (XceiverServerRatis.java:handleLeaderChangedNotification(761)) - Leader change notification received for group: group-4F0F58DE3FEC with new leaderId: 68dc973b-8e8d-4ab4-a7af-b93c8a87bf60
2020-04-28 05:59:58,543 [grpc-default-executor-1] INFO  impl.RaftServerImpl (ServerState.java:setLeader(255)) - 35d730cb-d0ba-49ab-88c0-b985e4524dc7@group-4F0F58DE3FEC: change Leader from null to 68dc973b-8e8d-4ab4-a7af-b93c8a87bf60 at term 1 for appendEntries, leader elected after 5089ms
2020-04-28 05:59:58,548 [a68276ad-3996-4c51-a19d-88b85ee37e97@group-EF8263EFEBE8-LeaderElection8] INFO  server.RaftServerConfigKeys (ConfUtils.java:logGet(44)) - raft.server.staging.catchup.gap = 1000 (default)
2020-04-28 05:59:58,553 [grpc-default-executor-1] INFO  impl.RaftServerImpl (ServerState.java:setRaftConf(356)) - 35d730cb-d0ba-49ab-88c0-b985e4524dc7@group-4F0F58DE3FEC: set configuration 0: [a68276ad-3996-4c51-a19d-88b85ee37e97:172.17.0.2:39767, 68dc973b-8e8d-4ab4-a7af-b93c8a87bf60:172.17.0.2:40421, 35d730cb-d0ba-49ab-88c0-b985e4524dc7:172.17.0.2:33299], old=null at 0
2020-04-28 05:59:58,553 [a68276ad-3996-4c51-a19d-88b85ee37e97@group-EF8263EFEBE8-LeaderElection8] INFO  server.RaftServerConfigKeys (ConfUtils.java:logGet(44)) - raft.server.rpc.sleep.time = 25ms (default)
2020-04-28 05:59:58,553 [a68276ad-3996-4c51-a19d-88b85ee37e97@group-EF8263EFEBE8-LeaderElection8] INFO  metrics.RatisMetrics (RatisMetrics.java:lambda$create$0(39)) - Creating Metrics Registry : ratis.log_appender.a68276ad-3996-4c51-a19d-88b85ee37e97@group-EF8263EFEBE8
2020-04-28 05:59:58,553 [grpc-default-executor-1] INFO  segmented.SegmentedRaftLogWorker (SegmentedRaftLogWorker.java:startLogSegment(391)) - 35d730cb-d0ba-49ab-88c0-b985e4524dc7@group-4F0F58DE3FEC-SegmentedRaftLogWorker: Starting segment from index:0
2020-04-28 05:59:58,554 [a68276ad-3996-4c51-a19d-88b85ee37e97@group-EF8263EFEBE8-LeaderElection8] INFO  server.RaftServerConfigKeys (ConfUtils.java:logGet(44)) - raft.server.write.element-limit = 1024 (custom)
2020-04-28 05:59:58,554 [a68276ad-3996-4c51-a19d-88b85ee37e97@group-EF8263EFEBE8-LeaderElection8] INFO  server.RaftServerConfigKeys (ConfUtils.java:logGet(44)) - raft.server.write.byte-limit = 1073741824 (custom)
2020-04-28 05:59:58,554 [a68276ad-3996-4c51-a19d-88b85ee37e97@group-EF8263EFEBE8-LeaderElection8] INFO  server.RaftServerConfigKeys (ConfUtils.java:logGet(44)) - raft.server.watch.timeout = 180s (custom)
2020-04-28 05:59:58,554 [a68276ad-3996-4c51-a19d-88b85ee37e97@group-EF8263EFEBE8-LeaderElection8] INFO  server.RaftServerConfigKeys (ConfUtils.java:logGet(44)) - raft.server.watch.timeout.denomination = 1s (default)
2020-04-28 05:59:58,554 [a68276ad-3996-4c51-a19d-88b85ee37e97@group-EF8263EFEBE8-LeaderElection8] INFO  server.RaftServerConfigKeys (ConfUtils.java:logGet(44)) - raft.server.watch.element-limit = 65536 (default)
2020-04-28 05:59:58,555 [a68276ad-3996-4c51-a19d-88b85ee37e97@group-EF8263EFEBE8-LeaderElection8] INFO  impl.RoleInfo (RoleInfo.java:updateAndGet(143)) - a68276ad-3996-4c51-a19d-88b85ee37e97: start LeaderState
2020-04-28 05:59:58,555 [a68276ad-3996-4c51-a19d-88b85ee37e97@group-EF8263EFEBE8-LeaderElection8] INFO  segmented.SegmentedRaftLogWorker (SegmentedRaftLogWorker.java:startLogSegment(391)) - a68276ad-3996-4c51-a19d-88b85ee37e97@group-EF8263EFEBE8-SegmentedRaftLogWorker: Starting segment from index:0
2020-04-28 05:59:58,555 [35d730cb-d0ba-49ab-88c0-b985e4524dc7@group-4F0F58DE3FEC-SegmentedRaftLogWorker] INFO  segmented.SegmentedRaftLogWorker (SegmentedRaftLogWorker.java:execute(583)) - 35d730cb-d0ba-49ab-88c0-b985e4524dc7@group-4F0F58DE3FEC-SegmentedRaftLogWorker: created new log segment /github/workspace/mnt/ozone/hadoop-ozone/integration-test/target/test-dir/MiniOzoneClusterImpl-b5329e31-5f75-4342-a666-be13be570410/datanode-1/data/ratis/a7085ca2-6940-44eb-8fd3-4f0f58de3fec/current/log_inprogress_0
2020-04-28 05:59:58,557 [a68276ad-3996-4c51-a19d-88b85ee37e97@group-EF8263EFEBE8-SegmentedRaftLogWorker] INFO  segmented.SegmentedRaftLogWorker (SegmentedRaftLogWorker.java:execute(583)) - a68276ad-3996-4c51-a19d-88b85ee37e97@group-EF8263EFEBE8-SegmentedRaftLogWorker: created new log segment /github/workspace/mnt/ozone/hadoop-ozone/integration-test/target/test-dir/MiniOzoneClusterImpl-b5329e31-5f75-4342-a666-be13be570410/datanode-0/data/ratis/a9a96a7f-2d1d-4401-a746-ef8263efebe8/current/log_inprogress_0
2020-04-28 05:59:58,558 [grpc-default-executor-1] WARN  server.GrpcLogAppender (LogUtils.java:warn(122)) - 68dc973b-8e8d-4ab4-a7af-b93c8a87bf60@group-4F0F58DE3FEC->a68276ad-3996-4c51-a19d-88b85ee37e97-AppendLogResponseHandler: Failed appendEntries: org.apache.ratis.thirdparty.io.grpc.StatusRuntimeException: CANCELLED: Failed to read message.
2020-04-28 05:59:58,558 [a68276ad-3996-4c51-a19d-88b85ee37e97@group-EF8263EFEBE8-LeaderElection8] INFO  impl.RaftServerImpl (ServerState.java:setRaftConf(356)) - a68276ad-3996-4c51-a19d-88b85ee37e97@group-EF8263EFEBE8: set configuration 0: [a68276ad-3996-4c51-a19d-88b85ee37e97:172.17.0.2:39767], old=null at 0
2020-04-28 05:59:58,561 [grpc-default-executor-1] INFO  impl.FollowerInfo (FollowerInfo.java:lambda$new$0(50)) - 68dc973b-8e8d-4ab4-a7af-b93c8a87bf60@group-4F0F58DE3FEC->a68276ad-3996-4c51-a19d-88b85ee37e97: nextIndex: updateUnconditionally 1 -> 0
2020-04-28 05:59:58,570 [grpc-default-executor-2] WARN  server.GrpcServerProtocolService (LogUtils.java:warn(122)) - a68276ad-3996-4c51-a19d-88b85ee37e97: installSnapshot onError, lastRequest: 68dc973b-8e8d-4ab4-a7af-b93c8a87bf60->a68276ad-3996-4c51-a19d-88b85ee37e97#1-t1, previous=(t:0, i:0), leaderCommit=0, initializing? false, entries: size=1, first=(t:1, i:0), CONFIGURATIONENTRY: org.apache.ratis.thirdparty.io.grpc.StatusRuntimeException: CANCELLED: cancelled before receiving half close
2020-04-28 05:59:58,571 [grpc-default-executor-1] WARN  server.GrpcLogAppender (LogUtils.java:warn(122)) - 68dc973b-8e8d-4ab4-a7af-b93c8a87bf60@group-4F0F58DE3FEC->35d730cb-d0ba-49ab-88c0-b985e4524dc7-AppendLogResponseHandler: Failed appendEntries: org.apache.ratis.thirdparty.io.grpc.StatusRuntimeException: INTERNAL: HTTP/2 error code: INTERNAL_ERROR
Received Goaway
Stream 5 sent too many headers EOS: false
2020-04-28 05:59:58,575 [Thread-428] INFO  impl.FollowerState (FollowerState.java:run(108)) - 35d730cb-d0ba-49ab-88c0-b985e4524dc7@group-EBD98AA10882-FollowerState: change to CANDIDATE, lastRpcTime:5086ms, electionTimeout:5085ms
2020-04-28 05:59:58,575 [Thread-428] INFO  impl.RoleInfo (RoleInfo.java:shutdownFollowerState(121)) - 35d730cb-d0ba-49ab-88c0-b985e4524dc7: shutdown FollowerState
2020-04-28 05:59:58,575 [Thread-428] INFO  impl.RaftServerImpl (RaftServerImpl.java:setRole(172)) - 35d730cb-d0ba-49ab-88c0-b985e4524dc7@group-EBD98AA10882: changes role from  FOLLOWER to CANDIDATE at term 0 for changeToCandidate
2020-04-28 05:59:58,575 [Thread-428] INFO  impl.RoleInfo (RoleInfo.java:updateAndGet(143)) - 35d730cb-d0ba-49ab-88c0-b985e4524dc7: start LeaderElection
2020-04-28 05:59:58,576 [grpc-default-executor-3] WARN  server.GrpcServerProtocolService (LogUtils.java:warn(122)) - 35d730cb-d0ba-49ab-88c0-b985e4524dc7: installSnapshot onError, lastRequest: 68dc973b-8e8d-4ab4-a7af-b93c8a87bf60->35d730cb-d0ba-49ab-88c0-b985e4524dc7#1-t1, previous=(t:0, i:0), leaderCommit=0, initializing? false, entries: size=1, first=(t:1, i:0), CONFIGURATIONENTRY: org.apache.ratis.thirdparty.io.grpc.StatusRuntimeException: CANCELLED: cancelled before receiving half close
2020-04-28 05:59:58,583 [grpc-default-executor-1] INFO  impl.FollowerInfo (FollowerInfo.java:lambda$new$0(50)) - 68dc973b-8e8d-4ab4-a7af-b93c8a87bf60@group-4F0F58DE3FEC->35d730cb-d0ba-49ab-88c0-b985e4524dc7: nextIndex: updateUnconditionally 1 -> 0
2020-04-28 05:59:58,586 [35d730cb-d0ba-49ab-88c0-b985e4524dc7@group-EBD98AA10882-LeaderElection9] INFO  impl.LeaderElection (LeaderElection.java:askForVotes(206)) - 35d730cb-d0ba-49ab-88c0-b985e4524dc7@group-EBD98AA10882-LeaderElection9: begin an election at term 1 for -1: [35d730cb-d0ba-49ab-88c0-b985e4524dc7:172.17.0.2:33299], old=null
2020-04-28 05:59:58,587 [35d730cb-d0ba-49ab-88c0-b985e4524dc7@group-EBD98AA10882-LeaderElection9] INFO  impl.RoleInfo (RoleInfo.java:shutdownLeaderElection(134)) - 35d730cb-d0ba-49ab-88c0-b985e4524dc7: shutdown LeaderElection
2020-04-28 05:59:58,587 [35d730cb-d0ba-49ab-88c0-b985e4524dc7@group-EBD98AA10882-LeaderElection9] INFO  impl.RaftServerImpl (RaftServerImpl.java:setRole(172)) - 35d730cb-d0ba-49ab-88c0-b985e4524dc7@group-EBD98AA10882: changes role from CANDIDATE to LEADER at term 1 for changeToLeader
2020-04-28 05:59:58,587 [35d730cb-d0ba-49ab-88c0-b985e4524dc7@group-EBD98AA10882-LeaderElection9] INFO  ratis.XceiverServerRatis (XceiverServerRatis.java:handleLeaderChangedNotification(761)) - Leader change notification received for group: group-EBD98AA10882 with new leaderId: 35d730cb-d0ba-49ab-88c0-b985e4524dc7
2020-04-28 05:59:58,587 [35d730cb-d0ba-49ab-88c0-b985e4524dc7@group-EBD98AA10882-LeaderElection9] INFO  impl.RaftServerImpl (ServerState.java:setLeader(255)) - 35d730cb-d0ba-49ab-88c0-b985e4524dc7@group-EBD98AA10882: change Leader from null to 35d730cb-d0ba-49ab-88c0-b985e4524dc7 at term 1 for becomeLeader, leader elected after 5108ms
2020-04-28 05:59:58,591 [35d730cb-d0ba-49ab-88c0-b985e4524dc7@group-EBD98AA10882-LeaderElection9] INFO  server.RaftServerConfigKeys (ConfUtils.java:logGet(44)) - raft.server.staging.catchup.gap = 1000 (default)
2020-04-28 05:59:58,591 [35d730cb-d0ba-49ab-88c0-b985e4524dc7@group-EBD98AA10882-LeaderElection9] INFO  server.RaftServerConfigKeys (ConfUtils.java:logGet(44)) - raft.server.rpc.sleep.time = 25ms (default)
2020-04-28 05:59:58,591 [35d730cb-d0ba-49ab-88c0-b985e4524dc7@group-EBD98AA10882-LeaderElection9] INFO  metrics.RatisMetrics (RatisMetrics.java:lambda$create$0(39)) - Creating Metrics Registry : ratis.log_appender.35d730cb-d0ba-49ab-88c0-b985e4524dc7@group-EBD98AA10882
2020-04-28 05:59:58,591 [35d730cb-d0ba-49ab-88c0-b985e4524dc7@group-EBD98AA10882-LeaderElection9] INFO  server.RaftServerConfigKeys (ConfUtils.java:logGet(44)) - raft.server.write.element-limit = 1024 (custom)
2020-04-28 05:59:58,591 [35d730cb-d0ba-49ab-88c0-b985e4524dc7@group-EBD98AA10882-LeaderElection9] INFO  server.RaftServerConfigKeys (ConfUtils.java:logGet(44)) - raft.server.write.byte-limit = 1073741824 (custom)
2020-04-28 05:59:58,592 [35d730cb-d0ba-49ab-88c0-b985e4524dc7@group-EBD98AA10882-LeaderElection9] INFO  server.RaftServerConfigKeys (ConfUtils.java:logGet(44)) - raft.server.watch.timeout = 180s (custom)
2020-04-28 05:59:58,592 [35d730cb-d0ba-49ab-88c0-b985e4524dc7@group-EBD98AA10882-LeaderElection9] INFO  server.RaftServerConfigKeys (ConfUtils.java:logGet(44)) - raft.server.watch.timeout.denomination = 1s (default)
2020-04-28 05:59:58,592 [35d730cb-d0ba-49ab-88c0-b985e4524dc7@group-EBD98AA10882-LeaderElection9] INFO  server.RaftServerConfigKeys (ConfUtils.java:logGet(44)) - raft.server.watch.element-limit = 65536 (default)
2020-04-28 05:59:58,592 [35d730cb-d0ba-49ab-88c0-b985e4524dc7@group-EBD98AA10882-LeaderElection9] INFO  impl.RoleInfo (RoleInfo.java:updateAndGet(143)) - 35d730cb-d0ba-49ab-88c0-b985e4524dc7: start LeaderState
2020-04-28 05:59:58,592 [35d730cb-d0ba-49ab-88c0-b985e4524dc7@group-EBD98AA10882-LeaderElection9] INFO  segmented.SegmentedRaftLogWorker (SegmentedRaftLogWorker.java:startLogSegment(391)) - 35d730cb-d0ba-49ab-88c0-b985e4524dc7@group-EBD98AA10882-SegmentedRaftLogWorker: Starting segment from index:0
2020-04-28 05:59:58,594 [35d730cb-d0ba-49ab-88c0-b985e4524dc7@group-EBD98AA10882-SegmentedRaftLogWorker] INFO  segmented.SegmentedRaftLogWorker (SegmentedRaftLogWorker.java:execute(583)) - 35d730cb-d0ba-49ab-88c0-b985e4524dc7@group-EBD98AA10882-SegmentedRaftLogWorker: created new log segment /github/workspace/mnt/ozone/hadoop-ozone/integration-test/target/test-dir/MiniOzoneClusterImpl-b5329e31-5f75-4342-a666-be13be570410/datanode-1/data/ratis/5b59653d-0cd4-4d41-a41e-ebd98aa10882/current/log_inprogress_0
2020-04-28 05:59:58,596 [35d730cb-d0ba-49ab-88c0-b985e4524dc7@group-EBD98AA10882-LeaderElection9] INFO  impl.RaftServerImpl (ServerState.java:setRaftConf(356)) - 35d730cb-d0ba-49ab-88c0-b985e4524dc7@group-EBD98AA10882: set configuration 0: [35d730cb-d0ba-49ab-88c0-b985e4524dc7:172.17.0.2:33299], old=null at 0
2020-04-28 05:59:58,600 [main] INFO  rpc.RpcClient (RpcClient.java:createVolume(308)) - Creating Volume: teroskpuro, with user97579 as owner.
2020-04-28 05:59:58,602 [IPC Server handler 2 on 35613] INFO  volume.OMVolumeCreateRequest (OMVolumeCreateRequest.java:validateAndUpdateCache(209)) - created volume:teroskpuro for user:user97579
2020-04-28 05:59:58,615 [main] INFO  rpc.RpcClient (RpcClient.java:createBucket(447)) - Creating Bucket: teroskpuro/hdjrmshbpm, with Versioning false and Storage Type set to DISK and Encryption set to false 
2020-04-28 05:59:58,714 [Thread-430] INFO  impl.FollowerState (FollowerState.java:run(108)) - 68dc973b-8e8d-4ab4-a7af-b93c8a87bf60@group-095A187DF6C5-FollowerState: change to CANDIDATE, lastRpcTime:5193ms, electionTimeout:5190ms
2020-04-28 05:59:58,715 [Thread-430] INFO  impl.RoleInfo (RoleInfo.java:shutdownFollowerState(121)) - 68dc973b-8e8d-4ab4-a7af-b93c8a87bf60: shutdown FollowerState
2020-04-28 05:59:58,715 [Thread-430] INFO  impl.RaftServerImpl (RaftServerImpl.java:setRole(172)) - 68dc973b-8e8d-4ab4-a7af-b93c8a87bf60@group-095A187DF6C5: changes role from  FOLLOWER to CANDIDATE at term 0 for changeToCandidate
2020-04-28 05:59:58,715 [Thread-430] INFO  impl.RoleInfo (RoleInfo.java:updateAndGet(143)) - 68dc973b-8e8d-4ab4-a7af-b93c8a87bf60: start LeaderElection
2020-04-28 05:59:58,726 [68dc973b-8e8d-4ab4-a7af-b93c8a87bf60@group-095A187DF6C5-LeaderElection10] INFO  impl.LeaderElection (LeaderElection.java:askForVotes(206)) - 68dc973b-8e8d-4ab4-a7af-b93c8a87bf60@group-095A187DF6C5-LeaderElection10: begin an election at term 1 for -1: [68dc973b-8e8d-4ab4-a7af-b93c8a87bf60:172.17.0.2:40421], old=null
2020-04-28 05:59:58,726 [68dc973b-8e8d-4ab4-a7af-b93c8a87bf60@group-095A187DF6C5-LeaderElection10] INFO  impl.RoleInfo (RoleInfo.java:shutdownLeaderElection(134)) - 68dc973b-8e8d-4ab4-a7af-b93c8a87bf60: shutdown LeaderElection
2020-04-28 05:59:58,726 [68dc973b-8e8d-4ab4-a7af-b93c8a87bf60@group-095A187DF6C5-LeaderElection10] INFO  impl.RaftServerImpl (RaftServerImpl.java:setRole(172)) - 68dc973b-8e8d-4ab4-a7af-b93c8a87bf60@group-095A187DF6C5: changes role from CANDIDATE to LEADER at term 1 for changeToLeader
2020-04-28 05:59:58,726 [68dc973b-8e8d-4ab4-a7af-b93c8a87bf60@group-095A187DF6C5-LeaderElection10] INFO  ratis.XceiverServerRatis (XceiverServerRatis.java:handleLeaderChangedNotification(761)) - Leader change notification received for group: group-095A187DF6C5 with new leaderId: 68dc973b-8e8d-4ab4-a7af-b93c8a87bf60
2020-04-28 05:59:58,727 [68dc973b-8e8d-4ab4-a7af-b93c8a87bf60@group-095A187DF6C5-LeaderElection10] INFO  impl.RaftServerImpl (ServerState.java:setLeader(255)) - 68dc973b-8e8d-4ab4-a7af-b93c8a87bf60@group-095A187DF6C5: change Leader from null to 68dc973b-8e8d-4ab4-a7af-b93c8a87bf60 at term 1 for becomeLeader, leader elected after 5209ms
2020-04-28 05:59:58,727 [68dc973b-8e8d-4ab4-a7af-b93c8a87bf60@group-095A187DF6C5-LeaderElection10] INFO  server.RaftServerConfigKeys (ConfUtils.java:logGet(44)) - raft.server.staging.catchup.gap = 1000 (default)
2020-04-28 05:59:58,727 [68dc973b-8e8d-4ab4-a7af-b93c8a87bf60@group-095A187DF6C5-LeaderElection10] INFO  server.RaftServerConfigKeys (ConfUtils.java:logGet(44)) - raft.server.rpc.sleep.time = 25ms (default)
2020-04-28 05:59:58,727 [68dc973b-8e8d-4ab4-a7af-b93c8a87bf60@group-095A187DF6C5-LeaderElection10] INFO  metrics.RatisMetrics (RatisMetrics.java:lambda$create$0(39)) - Creating Metrics Registry : ratis.log_appender.68dc973b-8e8d-4ab4-a7af-b93c8a87bf60@group-095A187DF6C5
2020-04-28 05:59:58,728 [68dc973b-8e8d-4ab4-a7af-b93c8a87bf60@group-095A187DF6C5-LeaderElection10] INFO  server.RaftServerConfigKeys (ConfUtils.java:logGet(44)) - raft.server.write.element-limit = 1024 (custom)
2020-04-28 05:59:58,728 [68dc973b-8e8d-4ab4-a7af-b93c8a87bf60@group-095A187DF6C5-LeaderElection10] INFO  server.RaftServerConfigKeys (ConfUtils.java:logGet(44)) - raft.server.write.byte-limit = 1073741824 (custom)
2020-04-28 05:59:58,728 [68dc973b-8e8d-4ab4-a7af-b93c8a87bf60@group-095A187DF6C5-LeaderElection10] INFO  server.RaftServerConfigKeys (ConfUtils.java:logGet(44)) - raft.server.watch.timeout = 180s (custom)
2020-04-28 05:59:58,728 [68dc973b-8e8d-4ab4-a7af-b93c8a87bf60@group-095A187DF6C5-LeaderElection10] INFO  server.RaftServerConfigKeys (ConfUtils.java:logGet(44)) - raft.server.watch.timeout.denomination = 1s (default)
2020-04-28 05:59:58,729 [68dc973b-8e8d-4ab4-a7af-b93c8a87bf60@group-095A187DF6C5-LeaderElection10] INFO  server.RaftServerConfigKeys (ConfUtils.java:logGet(44)) - raft.server.watch.element-limit = 65536 (default)
2020-04-28 05:59:58,729 [68dc973b-8e8d-4ab4-a7af-b93c8a87bf60@group-095A187DF6C5-LeaderElection10] INFO  impl.RoleInfo (RoleInfo.java:updateAndGet(143)) - 68dc973b-8e8d-4ab4-a7af-b93c8a87bf60: start LeaderState
2020-04-28 05:59:58,729 [68dc973b-8e8d-4ab4-a7af-b93c8a87bf60@group-095A187DF6C5-LeaderElection10] INFO  segmented.SegmentedRaftLogWorker (SegmentedRaftLogWorker.java:startLogSegment(391)) - 68dc973b-8e8d-4ab4-a7af-b93c8a87bf60@group-095A187DF6C5-SegmentedRaftLogWorker: Starting segment from index:0
2020-04-28 05:59:58,730 [68dc973b-8e8d-4ab4-a7af-b93c8a87bf60@group-095A187DF6C5-LeaderElection10] INFO  impl.RaftServerImpl (ServerState.java:setRaftConf(356)) - 68dc973b-8e8d-4ab4-a7af-b93c8a87bf60@group-095A187DF6C5: set configuration 0: [68dc973b-8e8d-4ab4-a7af-b93c8a87bf60:172.17.0.2:40421], old=null at 0
2020-04-28 05:59:58,736 [68dc973b-8e8d-4ab4-a7af-b93c8a87bf60@group-095A187DF6C5-SegmentedRaftLogWorker] INFO  segmented.SegmentedRaftLogWorker (SegmentedRaftLogWorker.java:execute(583)) - 68dc973b-8e8d-4ab4-a7af-b93c8a87bf60@group-095A187DF6C5-SegmentedRaftLogWorker: created new log segment /github/workspace/mnt/ozone/hadoop-ozone/integration-test/target/test-dir/MiniOzoneClusterImpl-b5329e31-5f75-4342-a666-be13be570410/datanode-2/data/ratis/7826dec8-5cfb-4d34-94e2-095a187df6c5/current/log_inprogress_0
2020-04-28 05:59:59,755 [grpc-default-executor-3] INFO  impl.RaftServerImpl (ServerState.java:setRaftConf(356)) - a68276ad-3996-4c51-a19d-88b85ee37e97@group-4F0F58DE3FEC: set configuration 0: [a68276ad-3996-4c51-a19d-88b85ee37e97:172.17.0.2:39767, 68dc973b-8e8d-4ab4-a7af-b93c8a87bf60:172.17.0.2:40421, 35d730cb-d0ba-49ab-88c0-b985e4524dc7:172.17.0.2:33299], old=null at 0
2020-04-28 05:59:59,758 [grpc-default-executor-2] INFO  impl.RaftServerImpl (ServerState.java:setRaftConf(356)) - 35d730cb-d0ba-49ab-88c0-b985e4524dc7@group-4F0F58DE3FEC: set configuration 0: [a68276ad-3996-4c51-a19d-88b85ee37e97:172.17.0.2:39767, 68dc973b-8e8d-4ab4-a7af-b93c8a87bf60:172.17.0.2:40421, 35d730cb-d0ba-49ab-88c0-b985e4524dc7:172.17.0.2:33299], old=null at 0
2020-04-28 06:00:01,506 [Thread-435] INFO  container.ReplicationManager (ReplicationManager.java:start(165)) - Starting Replication Monitor Thread.
2020-04-28 06:00:01,511 [ReplicationMonitor] INFO  container.ReplicationManager (ReplicationManager.java:run(228)) - Replication Monitor Thread took 3 milliseconds for processing 2 containers.
2020-04-28 06:00:01,512 [EventQueue-CloseContainerForCloseContainerEventHandler] INFO  container.CloseContainerEventHandler (CloseContainerEventHandler.java:onMessage(61)) - Close container Event triggered for container : #2
2020-04-28 06:00:02,838 [RatisApplyTransactionExecutor 2] INFO  interfaces.Container (KeyValueContainer.java:flushAndSyncDB(387)) - Container 2 is synced with bcsId 24.
2020-04-28 06:00:02,838 [RatisApplyTransactionExecutor 2] INFO  interfaces.Container (KeyValueContainer.java:flushAndSyncDB(387)) - Container 2 is synced with bcsId 24.
2020-04-28 06:00:02,844 [RatisApplyTransactionExecutor 2] INFO  interfaces.Container (KeyValueContainer.java:close(325)) - Container 2 is closed with bcsId 24.
2020-04-28 06:00:02,850 [EventQueue-IncrementalContainerReportForIncrementalContainerReportHandler] INFO  container.IncrementalContainerReportHandler (AbstractContainerReportHandler.java:updateContainerState(178)) - Moving container #2 to CLOSED state, datanode 68dc973b-8e8d-4ab4-a7af-b93c8a87bf60{ip: 172.17.0.2, host: e61501cbef68, networkLocation: /default-rack, certSerialId: null} reported CLOSED replica.
2020-04-28 06:00:02,865 [RatisApplyTransactionExecutor 2] INFO  interfaces.Container (KeyValueContainer.java:flushAndSyncDB(387)) - Container 2 is synced with bcsId 24.
2020-04-28 06:00:02,866 [RatisApplyTransactionExecutor 2] INFO  interfaces.Container (KeyValueContainer.java:flushAndSyncDB(387)) - Container 2 is synced with bcsId 24.
2020-04-28 06:00:02,869 [RatisApplyTransactionExecutor 2] INFO  interfaces.Container (KeyValueContainer.java:close(325)) - Container 2 is closed with bcsId 24.
2020-04-28 06:00:02,871 [RatisApplyTransactionExecutor 2] INFO  interfaces.Container (KeyValueContainer.java:flushAndSyncDB(387)) - Container 2 is synced with bcsId 24.
2020-04-28 06:00:02,871 [RatisApplyTransactionExecutor 2] INFO  interfaces.Container (KeyValueContainer.java:flushAndSyncDB(387)) - Container 2 is synced with bcsId 24.
2020-04-28 06:00:02,874 [RatisApplyTransactionExecutor 2] INFO  interfaces.Container (KeyValueContainer.java:close(325)) - Container 2 is closed with bcsId 24.
06:00:02.894 [grpc-default-executor-1] ERROR DNAudit - user=null | ip=null | op=WRITE_CHUNK {blockData=conID: 2 locID: 104074680821022726 bcsId: 24} | ret=FAILURE
org.apache.hadoop.hdds.scm.container.common.helpers.ContainerNotOpenException: Container 2 in CLOSED state
	at org.apache.hadoop.ozone.container.common.impl.HddsDispatcher.validateContainerCommand(HddsDispatcher.java:478) ~[hadoop-hdds-container-service-0.6.0-SNAPSHOT.jar:?]
	at org.apache.hadoop.ozone.container.common.transport.server.ratis.ContainerStateMachine.startTransaction(ContainerStateMachine.java:314) ~[hadoop-hdds-container-service-0.6.0-SNAPSHOT.jar:?]
	at org.apache.ratis.server.impl.RaftServerImpl.submitClientRequestAsync(RaftServerImpl.java:596) ~[ratis-server-0.6.0-490b689-SNAPSHOT.jar:0.6.0-490b689-SNAPSHOT]
	at org.apache.ratis.server.impl.RaftServerProxy.lambda$submitClientRequestAsync$7(RaftServerProxy.java:333) ~[ratis-server-0.6.0-490b689-SNAPSHOT.jar:0.6.0-490b689-SNAPSHOT]
	at org.apache.ratis.server.impl.RaftServerProxy.lambda$null$5(RaftServerProxy.java:328) ~[ratis-server-0.6.0-490b689-SNAPSHOT.jar:0.6.0-490b689-SNAPSHOT]
	at org.apache.ratis.util.JavaUtils.callAsUnchecked(JavaUtils.java:109) ~[ratis-common-0.6.0-490b689-SNAPSHOT.jar:0.6.0-490b689-SNAPSHOT]
	at org.apache.ratis.server.impl.RaftServerProxy.lambda$submitRequest$6(RaftServerProxy.java:328) ~[ratis-server-0.6.0-490b689-SNAPSHOT.jar:0.6.0-490b689-SNAPSHOT]
	at java.util.concurrent.CompletableFuture.uniComposeStage(CompletableFuture.java:995) ~[?:1.8.0_232]
	at java.util.concurrent.CompletableFuture.thenCompose(CompletableFuture.java:2137) ~[?:1.8.0_232]
	at org.apache.ratis.server.impl.RaftServerProxy.submitRequest(RaftServerProxy.java:327) ~[ratis-server-0.6.0-490b689-SNAPSHOT.jar:0.6.0-490b689-SNAPSHOT]
	at org.apache.ratis.server.impl.RaftServerProxy.submitClientRequestAsync(RaftServerProxy.java:333) ~[ratis-server-0.6.0-490b689-SNAPSHOT.jar:0.6.0-490b689-SNAPSHOT]
	at org.apache.ratis.grpc.client.GrpcClientProtocolService$RequestStreamObserver.processClientRequest(GrpcClientProtocolService.java:225) ~[ratis-grpc-0.6.0-490b689-SNAPSHOT.jar:0.6.0-490b689-SNAPSHOT]
	at org.apache.ratis.grpc.client.GrpcClientProtocolService$OrderedRequestStreamObserver.processClientRequest(GrpcClientProtocolService.java:331) ~[ratis-grpc-0.6.0-490b689-SNAPSHOT.jar:0.6.0-490b689-SNAPSHOT]
	at org.apache.ratis.util.SlidingWindow$Server.processRequestsFromHead(SlidingWindow.java:429) [ratis-common-0.6.0-490b689-SNAPSHOT.jar:0.6.0-490b689-SNAPSHOT]
	at org.apache.ratis.util.SlidingWindow$Server.receivedRequest(SlidingWindow.java:421) [ratis-common-0.6.0-490b689-SNAPSHOT.jar:0.6.0-490b689-SNAPSHOT]
	at org.apache.ratis.grpc.client.GrpcClientProtocolService$OrderedRequestStreamObserver.processClientRequest(GrpcClientProtocolService.java:355) [ratis-grpc-0.6.0-490b689-SNAPSHOT.jar:0.6.0-490b689-SNAPSHOT]
	at org.apache.ratis.grpc.client.GrpcClientProtocolService$RequestStreamObserver.onNext(GrpcClientProtocolService.java:245) [ratis-grpc-0.6.0-490b689-SNAPSHOT.jar:0.6.0-490b689-SNAPSHOT]
	at org.apache.ratis.grpc.client.GrpcClientProtocolService$RequestStreamObserver.onNext(GrpcClientProtocolService.java:168) [ratis-grpc-0.6.0-490b689-SNAPSHOT.jar:0.6.0-490b689-SNAPSHOT]
	at org.apache.ratis.thirdparty.io.grpc.stub.ServerCalls$StreamingServerCallHandler$StreamingServerCallListener.onMessage(ServerCalls.java:251) [ratis-thirdparty-misc-0.3.0.jar:0.3.0]
	at org.apache.ratis.thirdparty.io.grpc.internal.ServerCallImpl$ServerStreamListenerImpl.messagesAvailableInternal(ServerCallImpl.java:309) [ratis-thirdparty-misc-0.3.0.jar:0.3.0]
	at org.apache.ratis.thirdparty.io.grpc.internal.ServerCallImpl$ServerStreamListenerImpl.messagesAvailable(ServerCallImpl.java:292) [ratis-thirdparty-misc-0.3.0.jar:0.3.0]
	at org.apache.ratis.thirdparty.io.grpc.internal.ServerImpl$JumpToApplicationThreadServerStreamListener$1MessagesAvailable.runInContext(ServerImpl.java:779) [ratis-thirdparty-misc-0.3.0.jar:0.3.0]
	at org.apache.ratis.thirdparty.io.grpc.internal.ContextRunnable.run(ContextRunnable.java:37) [ratis-thirdparty-misc-0.3.0.jar:0.3.0]
	at org.apache.ratis.thirdparty.io.grpc.internal.SerializingExecutor.run(SerializingExecutor.java:123) [ratis-thirdparty-misc-0.3.0.jar:0.3.0]
	at java.util.concurrent.ThreadPoolExecutor.runWorker(ThreadPoolExecutor.java:1149) [?:1.8.0_232]
	at java.util.concurrent.ThreadPoolExecutor$Worker.run(ThreadPoolExecutor.java:624) [?:1.8.0_232]
	at java.lang.Thread.run(Thread.java:748) [?:1.8.0_232]
06:00:02.925 [grpc-default-executor-1] ERROR DNAudit - user=null | ip=null | op=PUT_BLOCK {blockData=[blockId=conID: 2 locID: 104074680821022726 bcsId: 0,size=3145728]} | ret=FAILURE
org.apache.hadoop.hdds.scm.container.common.helpers.ContainerNotOpenException: Container 2 in CLOSED state
	at org.apache.hadoop.ozone.container.common.impl.HddsDispatcher.validateContainerCommand(HddsDispatcher.java:478) ~[hadoop-hdds-container-service-0.6.0-SNAPSHOT.jar:?]
	at org.apache.hadoop.ozone.container.common.transport.server.ratis.ContainerStateMachine.startTransaction(ContainerStateMachine.java:314) ~[hadoop-hdds-container-service-0.6.0-SNAPSHOT.jar:?]
	at org.apache.ratis.server.impl.RaftServerImpl.submitClientRequestAsync(RaftServerImpl.java:596) ~[ratis-server-0.6.0-490b689-SNAPSHOT.jar:0.6.0-490b689-SNAPSHOT]
	at org.apache.ratis.server.impl.RaftServerProxy.lambda$submitClientRequestAsync$7(RaftServerProxy.java:333) ~[ratis-server-0.6.0-490b689-SNAPSHOT.jar:0.6.0-490b689-SNAPSHOT]
	at org.apache.ratis.server.impl.RaftServerProxy.lambda$null$5(RaftServerProxy.java:328) ~[ratis-server-0.6.0-490b689-SNAPSHOT.jar:0.6.0-490b689-SNAPSHOT]
	at org.apache.ratis.util.JavaUtils.callAsUnchecked(JavaUtils.java:109) ~[ratis-common-0.6.0-490b689-SNAPSHOT.jar:0.6.0-490b689-SNAPSHOT]
	at org.apache.ratis.server.impl.RaftServerProxy.lambda$submitRequest$6(RaftServerProxy.java:328) ~[ratis-server-0.6.0-490b689-SNAPSHOT.jar:0.6.0-490b689-SNAPSHOT]
	at java.util.concurrent.CompletableFuture.uniComposeStage(CompletableFuture.java:995) ~[?:1.8.0_232]
	at java.util.concurrent.CompletableFuture.thenCompose(CompletableFuture.java:2137) ~[?:1.8.0_232]
	at org.apache.ratis.server.impl.RaftServerProxy.submitRequest(RaftServerProxy.java:327) ~[ratis-server-0.6.0-490b689-SNAPSHOT.jar:0.6.0-490b689-SNAPSHOT]
	at org.apache.ratis.server.impl.RaftServerProxy.submitClientRequestAsync(RaftServerProxy.java:333) ~[ratis-server-0.6.0-490b689-SNAPSHOT.jar:0.6.0-490b689-SNAPSHOT]
	at org.apache.ratis.grpc.client.GrpcClientProtocolService$RequestStreamObserver.processClientRequest(GrpcClientProtocolService.java:225) ~[ratis-grpc-0.6.0-490b689-SNAPSHOT.jar:0.6.0-490b689-SNAPSHOT]
	at org.apache.ratis.grpc.client.GrpcClientProtocolService$OrderedRequestStreamObserver.processClientRequest(GrpcClientProtocolService.java:331) ~[ratis-grpc-0.6.0-490b689-SNAPSHOT.jar:0.6.0-490b689-SNAPSHOT]
	at org.apache.ratis.util.SlidingWindow$Server.processRequestsFromHead(SlidingWindow.java:429) [ratis-common-0.6.0-490b689-SNAPSHOT.jar:0.6.0-490b689-SNAPSHOT]
	at org.apache.ratis.util.SlidingWindow$Server.receivedRequest(SlidingWindow.java:421) [ratis-common-0.6.0-490b689-SNAPSHOT.jar:0.6.0-490b689-SNAPSHOT]
	at org.apache.ratis.grpc.client.GrpcClientProtocolService$OrderedRequestStreamObserver.processClientRequest(GrpcClientProtocolService.java:355) [ratis-grpc-0.6.0-490b689-SNAPSHOT.jar:0.6.0-490b689-SNAPSHOT]
	at org.apache.ratis.grpc.client.GrpcClientProtocolService$RequestStreamObserver.onNext(GrpcClientProtocolService.java:245) [ratis-grpc-0.6.0-490b689-SNAPSHOT.jar:0.6.0-490b689-SNAPSHOT]
	at org.apache.ratis.grpc.client.GrpcClientProtocolService$RequestStreamObserver.onNext(GrpcClientProtocolService.java:168) [ratis-grpc-0.6.0-490b689-SNAPSHOT.jar:0.6.0-490b689-SNAPSHOT]
	at org.apache.ratis.thirdparty.io.grpc.stub.ServerCalls$StreamingServerCallHandler$StreamingServerCallListener.onMessage(ServerCalls.java:251) [ratis-thirdparty-misc-0.3.0.jar:0.3.0]
	at org.apache.ratis.thirdparty.io.grpc.internal.ServerCallImpl$ServerStreamListenerImpl.messagesAvailableInternal(ServerCallImpl.java:309) [ratis-thirdparty-misc-0.3.0.jar:0.3.0]
	at org.apache.ratis.thirdparty.io.grpc.internal.ServerCallImpl$ServerStreamListenerImpl.messagesAvailable(ServerCallImpl.java:292) [ratis-thirdparty-misc-0.3.0.jar:0.3.0]
	at org.apache.ratis.thirdparty.io.grpc.internal.ServerImpl$JumpToApplicationThreadServerStreamListener$1MessagesAvailable.runInContext(ServerImpl.java:779) [ratis-thirdparty-misc-0.3.0.jar:0.3.0]
	at org.apache.ratis.thirdparty.io.grpc.internal.ContextRunnable.run(ContextRunnable.java:37) [ratis-thirdparty-misc-0.3.0.jar:0.3.0]
	at org.apache.ratis.thirdparty.io.grpc.internal.SerializingExecutor.run(SerializingExecutor.java:123) [ratis-thirdparty-misc-0.3.0.jar:0.3.0]
	at java.util.concurrent.ThreadPoolExecutor.runWorker(ThreadPoolExecutor.java:1149) [?:1.8.0_232]
	at java.util.concurrent.ThreadPoolExecutor$Worker.run(ThreadPoolExecutor.java:624) [?:1.8.0_232]
	at java.lang.Thread.run(Thread.java:748) [?:1.8.0_232]
2020-04-28 06:00:02,938 [main] INFO  io.BlockOutputStreamEntryPool (BlockOutputStreamEntryPool.java:allocateNewBlock(284)) - Allocating block with ExcludeList {datanodes = [], containerIds = [#2], pipelineIds = []}
2020-04-28 06:00:03,664 [main] INFO  ozone.MiniOzoneClusterImpl (MiniOzoneClusterImpl.java:shutdown(387)) - Shutting down the Mini Ozone Cluster
2020-04-28 06:00:03,664 [main] INFO  ozone.MiniOzoneClusterImpl (MiniOzoneClusterImpl.java:stop(402)) - Stopping the Mini Ozone Cluster
2020-04-28 06:00:03,664 [main] INFO  ozone.MiniOzoneClusterImpl (MiniOzoneClusterImpl.java:stopOM(484)) - Stopping the OzoneManager
2020-04-28 06:00:03,664 [main] INFO  ipc.Server (Server.java:stop(3082)) - Stopping server on 35613
2020-04-28 06:00:03,668 [IPC Server listener on 35613] INFO  ipc.Server (Server.java:run(1185)) - Stopping IPC Server listener on 35613
2020-04-28 06:00:03,668 [IPC Server Responder] INFO  ipc.Server (Server.java:run(1319)) - Stopping IPC Server Responder
2020-04-28 06:00:03,667 [main] INFO  ratis.OzoneManagerDoubleBuffer (OzoneManagerDoubleBuffer.java:stop(272)) - Stopping OMDoubleBuffer flush thread
2020-04-28 06:00:03,677 [OMDoubleBufferFlushThread] INFO  ratis.OzoneManagerDoubleBuffer (OzoneManagerDoubleBuffer.java:flushTransactions(206)) - OMDoubleBuffer flush thread OMDoubleBufferFlushThread is interrupted and will exit. OMDoubleBufferFlushThread
2020-04-28 06:00:03,677 [main] INFO  utils.BackgroundService (BackgroundService.java:shutdown(157)) - Shutting down service KeyDeletingService
2020-04-28 06:00:03,678 [main] INFO  handler.ContextHandler (ContextHandler.java:doStop(1016)) - Stopped o.e.j.w.WebAppContext@53d4d4a3{ozoneManager,/,null,UNAVAILABLE}{file:/github/workspace/mnt/ozone/hadoop-ozone/integration-test/target/test-classes/webapps/ozoneManager}
2020-04-28 06:00:03,678 [main] INFO  server.AbstractConnector (AbstractConnector.java:doStop(380)) - Stopped ServerConnector@5fd855c2{HTTP/1.1,[http/1.1]}{0.0.0.0:0}
2020-04-28 06:00:03,679 [main] INFO  server.session (HouseKeeper.java:stopScavenging(158)) - node0 Stopped scavenging
2020-04-28 06:00:03,679 [main] INFO  handler.ContextHandler (ContextHandler.java:doStop(1016)) - Stopped o.e.j.s.ServletContextHandler@4e13ac96{static,/static,file:///github/workspace/mnt/ozone/hadoop-ozone/integration-test/target/test-classes/webapps/static,UNAVAILABLE}
2020-04-28 06:00:03,679 [main] INFO  handler.ContextHandler (ContextHandler.java:doStop(1016)) - Stopped o.e.j.s.ServletContextHandler@943f25f{logs,/logs,file:///github/workspace/mnt/ozone/hadoop-ozone/integration-test/target/log,UNAVAILABLE}
2020-04-28 06:00:03,681 [main] INFO  ozone.MiniOzoneClusterImpl (MiniOzoneClusterImpl.java:stopDatanodes(461)) - Stopping the HddsDatanodes
2020-04-28 06:00:03,992 [Datanode State Machine Thread - 0] INFO  statemachine.DatanodeStateMachine (DatanodeStateMachine.java:lambda$startDaemon$0(376)) - Ozone container server started.
2020-04-28 06:00:03,997 [Datanode State Machine Thread - 0] INFO  statemachine.DatanodeStateMachine (DatanodeStateMachine.java:lambda$startDaemon$0(376)) - Ozone container server started.
2020-04-28 06:00:08,682 [main] INFO  ozoneimpl.OzoneContainer (OzoneContainer.java:stop(246)) - Attempting to stop container services.
2020-04-28 06:00:08,682 [ForkJoinPool.commonPool-worker-1] INFO  ozoneimpl.OzoneContainer (OzoneContainer.java:stop(246)) - Attempting to stop container services.
2020-04-28 06:00:08,683 [main] INFO  impl.RaftServerProxy (RaftServerProxy.java:lambda$close$4(314)) - 35d730cb-d0ba-49ab-88c0-b985e4524dc7: close
2020-04-28 06:00:08,683 [ForkJoinPool.commonPool-worker-1] INFO  impl.RaftServerProxy (RaftServerProxy.java:lambda$close$4(314)) - a68276ad-3996-4c51-a19d-88b85ee37e97: close
2020-04-28 06:00:08,683 [main] INFO  impl.RaftServerImpl (RaftServerImpl.java:lambda$shutdown$3(249)) - 35d730cb-d0ba-49ab-88c0-b985e4524dc7@group-EBD98AA10882: shutdown
2020-04-28 06:00:08,683 [ForkJoinPool.commonPool-worker-1] INFO  impl.RaftServerImpl (RaftServerImpl.java:lambda$shutdown$3(249)) - a68276ad-3996-4c51-a19d-88b85ee37e97@group-EF8263EFEBE8: shutdown
2020-04-28 06:00:08,683 [ForkJoinPool.commonPool-worker-1] INFO  util.JmxRegister (JmxRegister.java:unregister(73)) - Successfully un-registered JMX Bean with object name Ratis:service=RaftServer,group=group-EF8263EFEBE8,id=a68276ad-3996-4c51-a19d-88b85ee37e97
2020-04-28 06:00:08,684 [ForkJoinPool.commonPool-worker-1] INFO  impl.RoleInfo (RoleInfo.java:shutdownLeaderState(104)) - a68276ad-3996-4c51-a19d-88b85ee37e97: shutdown LeaderState
2020-04-28 06:00:08,684 [ForkJoinPool.commonPool-worker-1] INFO  impl.PendingRequests (PendingRequests.java:sendNotLeaderResponses(240)) - a68276ad-3996-4c51-a19d-88b85ee37e97@group-EF8263EFEBE8-PendingRequests: sendNotLeaderResponses
2020-04-28 06:00:08,684 [ForkJoinPool.commonPool-worker-1] INFO  metrics.RatisMetrics (RatisMetrics.java:unregister(46)) - Unregistering Metrics Registry : ratis.log_appender.a68276ad-3996-4c51-a19d-88b85ee37e97@group-EF8263EFEBE8
2020-04-28 06:00:08,684 [ForkJoinPool.commonPool-worker-1] INFO  impl.StateMachineUpdater (StateMachineUpdater.java:stopAndJoin(139)) - a68276ad-3996-4c51-a19d-88b85ee37e97@group-EF8263EFEBE8-StateMachineUpdater: set stopIndex = 0
2020-04-28 06:00:08,683 [main] INFO  util.JmxRegister (JmxRegister.java:unregister(73)) - Successfully un-registered JMX Bean with object name Ratis:service=RaftServer,group=group-EBD98AA10882,id=35d730cb-d0ba-49ab-88c0-b985e4524dc7
2020-04-28 06:00:08,684 [main] INFO  impl.RoleInfo (RoleInfo.java:shutdownLeaderState(104)) - 35d730cb-d0ba-49ab-88c0-b985e4524dc7: shutdown LeaderState
2020-04-28 06:00:08,684 [a68276ad-3996-4c51-a19d-88b85ee37e97@group-EF8263EFEBE8-StateMachineUpdater] INFO  ratis.ContainerStateMachine (ContainerStateMachine.java:takeSnapshot(288)) - group-EF8263EFEBE8: Taking a snapshot at:(t:1, i:0) file /github/workspace/mnt/ozone/hadoop-ozone/integration-test/target/test-dir/MiniOzoneClusterImpl-b5329e31-5f75-4342-a666-be13be570410/datanode-0/data/ratis/a9a96a7f-2d1d-4401-a746-ef8263efebe8/sm/snapshot.1_0
2020-04-28 06:00:08,685 [main] INFO  impl.PendingRequests (PendingRequests.java:sendNotLeaderResponses(240)) - 35d730cb-d0ba-49ab-88c0-b985e4524dc7@group-EBD98AA10882-PendingRequests: sendNotLeaderResponses
2020-04-28 06:00:08,685 [main] INFO  metrics.RatisMetrics (RatisMetrics.java:unregister(46)) - Unregistering Metrics Registry : ratis.log_appender.35d730cb-d0ba-49ab-88c0-b985e4524dc7@group-EBD98AA10882
2020-04-28 06:00:08,685 [main] INFO  impl.StateMachineUpdater (StateMachineUpdater.java:stopAndJoin(139)) - 35d730cb-d0ba-49ab-88c0-b985e4524dc7@group-EBD98AA10882-StateMachineUpdater: set stopIndex = 0
2020-04-28 06:00:08,685 [35d730cb-d0ba-49ab-88c0-b985e4524dc7@group-EBD98AA10882-StateMachineUpdater] INFO  ratis.ContainerStateMachine (ContainerStateMachine.java:takeSnapshot(288)) - group-EBD98AA10882: Taking a snapshot at:(t:1, i:0) file /github/workspace/mnt/ozone/hadoop-ozone/integration-test/target/test-dir/MiniOzoneClusterImpl-b5329e31-5f75-4342-a666-be13be570410/datanode-1/data/ratis/5b59653d-0cd4-4d41-a41e-ebd98aa10882/sm/snapshot.1_0
2020-04-28 06:00:08,685 [a68276ad-3996-4c51-a19d-88b85ee37e97@group-EF8263EFEBE8-StateMachineUpdater] INFO  ratis.ContainerStateMachine (ContainerStateMachine.java:takeSnapshot(299)) - group-EF8263EFEBE8: Finished taking a snapshot at:(t:1, i:0) file:/github/workspace/mnt/ozone/hadoop-ozone/integration-test/target/test-dir/MiniOzoneClusterImpl-b5329e31-5f75-4342-a666-be13be570410/datanode-0/data/ratis/a9a96a7f-2d1d-4401-a746-ef8263efebe8/sm/snapshot.1_0 time:1
2020-04-28 06:00:08,686 [a68276ad-3996-4c51-a19d-88b85ee37e97@group-EF8263EFEBE8-StateMachineUpdater] INFO  impl.StateMachineUpdater (StateMachineUpdater.java:takeSnapshot(274)) - a68276ad-3996-4c51-a19d-88b85ee37e97@group-EF8263EFEBE8-StateMachineUpdater: Took a snapshot at index 0
2020-04-28 06:00:08,686 [a68276ad-3996-4c51-a19d-88b85ee37e97@group-EF8263EFEBE8-StateMachineUpdater] INFO  impl.StateMachineUpdater (StateMachineUpdater.java:lambda$new$0(86)) - a68276ad-3996-4c51-a19d-88b85ee37e97@group-EF8263EFEBE8-StateMachineUpdater: snapshotIndex: updateIncreasingly -1 -> 0
2020-04-28 06:00:08,686 [a68276ad-3996-4c51-a19d-88b85ee37e97@group-EF8263EFEBE8-StateMachineUpdater] INFO  metrics.RatisMetrics (RatisMetrics.java:unregister(46)) - Unregistering Metrics Registry : ratis.state_machine.a68276ad-3996-4c51-a19d-88b85ee37e97@group-EF8263EFEBE8
2020-04-28 06:00:08,686 [ForkJoinPool.commonPool-worker-1] INFO  impl.RaftServerImpl (ServerState.java:close(387)) - a68276ad-3996-4c51-a19d-88b85ee37e97@group-EF8263EFEBE8: closes. applyIndex: 0
2020-04-28 06:00:08,686 [35d730cb-d0ba-49ab-88c0-b985e4524dc7@group-EBD98AA10882-StateMachineUpdater] INFO  ratis.ContainerStateMachine (ContainerStateMachine.java:takeSnapshot(299)) - group-EBD98AA10882: Finished taking a snapshot at:(t:1, i:0) file:/github/workspace/mnt/ozone/hadoop-ozone/integration-test/target/test-dir/MiniOzoneClusterImpl-b5329e31-5f75-4342-a666-be13be570410/datanode-1/data/ratis/5b59653d-0cd4-4d41-a41e-ebd98aa10882/sm/snapshot.1_0 time:1
2020-04-28 06:00:08,687 [35d730cb-d0ba-49ab-88c0-b985e4524dc7@group-EBD98AA10882-StateMachineUpdater] INFO  impl.StateMachineUpdater (StateMachineUpdater.java:takeSnapshot(274)) - 35d730cb-d0ba-49ab-88c0-b985e4524dc7@group-EBD98AA10882-StateMachineUpdater: Took a snapshot at index 0
2020-04-28 06:00:08,687 [35d730cb-d0ba-49ab-88c0-b985e4524dc7@group-EBD98AA10882-StateMachineUpdater] INFO  impl.StateMachineUpdater (StateMachineUpdater.java:lambda$new$0(86)) - 35d730cb-d0ba-49ab-88c0-b985e4524dc7@group-EBD98AA10882-StateMachineUpdater: snapshotIndex: updateIncreasingly -1 -> 0
2020-04-28 06:00:08,687 [35d730cb-d0ba-49ab-88c0-b985e4524dc7@group-EBD98AA10882-StateMachineUpdater] INFO  metrics.RatisMetrics (RatisMetrics.java:unregister(46)) - Unregistering Metrics Registry : ratis.state_machine.35d730cb-d0ba-49ab-88c0-b985e4524dc7@group-EBD98AA10882
2020-04-28 06:00:08,687 [main] INFO  impl.RaftServerImpl (ServerState.java:close(387)) - 35d730cb-d0ba-49ab-88c0-b985e4524dc7@group-EBD98AA10882: closes. applyIndex: 0
2020-04-28 06:00:08,687 [a68276ad-3996-4c51-a19d-88b85ee37e97@group-EF8263EFEBE8-SegmentedRaftLogWorker] INFO  segmented.SegmentedRaftLogWorker (SegmentedRaftLogWorker.java:run(321)) - a68276ad-3996-4c51-a19d-88b85ee37e97@group-EF8263EFEBE8-SegmentedRaftLogWorker was interrupted, exiting. There are 0 tasks remaining in the queue.
2020-04-28 06:00:08,687 [ForkJoinPool.commonPool-worker-1] INFO  segmented.SegmentedRaftLogWorker (SegmentedRaftLogWorker.java:close(229)) - a68276ad-3996-4c51-a19d-88b85ee37e97@group-EF8263EFEBE8-SegmentedRaftLogWorker close()
2020-04-28 06:00:08,687 [35d730cb-d0ba-49ab-88c0-b985e4524dc7@group-EBD98AA10882-SegmentedRaftLogWorker] INFO  segmented.SegmentedRaftLogWorker (SegmentedRaftLogWorker.java:run(321)) - 35d730cb-d0ba-49ab-88c0-b985e4524dc7@group-EBD98AA10882-SegmentedRaftLogWorker was interrupted, exiting. There are 0 tasks remaining in the queue.
2020-04-28 06:00:08,688 [main] INFO  segmented.SegmentedRaftLogWorker (SegmentedRaftLogWorker.java:close(229)) - 35d730cb-d0ba-49ab-88c0-b985e4524dc7@group-EBD98AA10882-SegmentedRaftLogWorker close()
2020-04-28 06:00:08,688 [ForkJoinPool.commonPool-worker-1] INFO  metrics.RatisMetrics (RatisMetrics.java:unregister(46)) - Unregistering Metrics Registry : ratis.log_worker.a68276ad-3996-4c51-a19d-88b85ee37e97
2020-04-28 06:00:08,689 [ForkJoinPool.commonPool-worker-1] INFO  metrics.RatisMetrics (RatisMetrics.java:unregister(46)) - Unregistering Metrics Registry : ratis.leader_election.a68276ad-3996-4c51-a19d-88b85ee37e97@group-EF8263EFEBE8
2020-04-28 06:00:08,690 [ForkJoinPool.commonPool-worker-1] INFO  metrics.RatisMetrics (RatisMetrics.java:unregister(46)) - Unregistering Metrics Registry : ratis.server.a68276ad-3996-4c51-a19d-88b85ee37e97@group-EF8263EFEBE8
2020-04-28 06:00:08,690 [ForkJoinPool.commonPool-worker-1] INFO  impl.RaftServerImpl (RaftServerImpl.java:lambda$shutdown$3(249)) - a68276ad-3996-4c51-a19d-88b85ee37e97@group-4F0F58DE3FEC: shutdown
2020-04-28 06:00:08,690 [ForkJoinPool.commonPool-worker-1] INFO  util.JmxRegister (JmxRegister.java:unregister(73)) - Successfully un-registered JMX Bean with object name Ratis:service=RaftServer,group=group-4F0F58DE3FEC,id=a68276ad-3996-4c51-a19d-88b85ee37e97
2020-04-28 06:00:08,690 [ForkJoinPool.commonPool-worker-1] INFO  impl.RoleInfo (RoleInfo.java:shutdownFollowerState(121)) - a68276ad-3996-4c51-a19d-88b85ee37e97: shutdown FollowerState
2020-04-28 06:00:08,690 [main] INFO  metrics.RatisMetrics (RatisMetrics.java:unregister(46)) - Unregistering Metrics Registry : ratis.log_worker.35d730cb-d0ba-49ab-88c0-b985e4524dc7
2020-04-28 06:00:08,690 [main] INFO  metrics.RatisMetrics (RatisMetrics.java:unregister(46)) - Unregistering Metrics Registry : ratis.leader_election.35d730cb-d0ba-49ab-88c0-b985e4524dc7@group-EBD98AA10882
2020-04-28 06:00:08,690 [Thread-437] INFO  impl.FollowerState (FollowerState.java:run(117)) - a68276ad-3996-4c51-a19d-88b85ee37e97@group-4F0F58DE3FEC-FollowerState was interrupted: java.lang.InterruptedException: sleep interrupted
2020-04-28 06:00:08,691 [main] INFO  metrics.RatisMetrics (RatisMetrics.java:unregister(46)) - Unregistering Metrics Registry : ratis.server.35d730cb-d0ba-49ab-88c0-b985e4524dc7@group-EBD98AA10882
2020-04-28 06:00:08,690 [ForkJoinPool.commonPool-worker-1] INFO  impl.StateMachineUpdater (StateMachineUpdater.java:stopAndJoin(139)) - a68276ad-3996-4c51-a19d-88b85ee37e97@group-4F0F58DE3FEC-StateMachineUpdater: set stopIndex = 44
2020-04-28 06:00:08,690 [a68276ad-3996-4c51-a19d-88b85ee37e97@group-4F0F58DE3FEC-StateMachineUpdater] INFO  ratis.ContainerStateMachine (ContainerStateMachine.java:takeSnapshot(288)) - group-4F0F58DE3FEC: Taking a snapshot at:(t:1, i:44) file /github/workspace/mnt/ozone/hadoop-ozone/integration-test/target/test-dir/MiniOzoneClusterImpl-b5329e31-5f75-4342-a666-be13be570410/datanode-0/data/ratis/a7085ca2-6940-44eb-8fd3-4f0f58de3fec/sm/snapshot.1_44
2020-04-28 06:00:08,692 [main] INFO  impl.RaftServerImpl (RaftServerImpl.java:lambda$shutdown$3(249)) - 35d730cb-d0ba-49ab-88c0-b985e4524dc7@group-4F0F58DE3FEC: shutdown
2020-04-28 06:00:08,692 [main] INFO  util.JmxRegister (JmxRegister.java:unregister(73)) - Successfully un-registered JMX Bean with object name Ratis:service=RaftServer,group=group-4F0F58DE3FEC,id=35d730cb-d0ba-49ab-88c0-b985e4524dc7
2020-04-28 06:00:08,693 [main] INFO  impl.RoleInfo (RoleInfo.java:shutdownFollowerState(121)) - 35d730cb-d0ba-49ab-88c0-b985e4524dc7: shutdown FollowerState
2020-04-28 06:00:08,693 [a68276ad-3996-4c51-a19d-88b85ee37e97@group-4F0F58DE3FEC-StateMachineUpdater] INFO  ratis.ContainerStateMachine (ContainerStateMachine.java:takeSnapshot(299)) - group-4F0F58DE3FEC: Finished taking a snapshot at:(t:1, i:44) file:/github/workspace/mnt/ozone/hadoop-ozone/integration-test/target/test-dir/MiniOzoneClusterImpl-b5329e31-5f75-4342-a666-be13be570410/datanode-0/data/ratis/a7085ca2-6940-44eb-8fd3-4f0f58de3fec/sm/snapshot.1_44 time:2
2020-04-28 06:00:08,693 [a68276ad-3996-4c51-a19d-88b85ee37e97@group-4F0F58DE3FEC-StateMachineUpdater] INFO  impl.StateMachineUpdater (StateMachineUpdater.java:takeSnapshot(274)) - a68276ad-3996-4c51-a19d-88b85ee37e97@group-4F0F58DE3FEC-StateMachineUpdater: Took a snapshot at index 44
2020-04-28 06:00:08,693 [a68276ad-3996-4c51-a19d-88b85ee37e97@group-4F0F58DE3FEC-StateMachineUpdater] INFO  impl.StateMachineUpdater (StateMachineUpdater.java:lambda$new$0(86)) - a68276ad-3996-4c51-a19d-88b85ee37e97@group-4F0F58DE3FEC-StateMachineUpdater: snapshotIndex: updateIncreasingly -1 -> 44
2020-04-28 06:00:08,693 [a68276ad-3996-4c51-a19d-88b85ee37e97@group-4F0F58DE3FEC-StateMachineUpdater] INFO  metrics.RatisMetrics (RatisMetrics.java:unregister(46)) - Unregistering Metrics Registry : ratis.state_machine.a68276ad-3996-4c51-a19d-88b85ee37e97@group-4F0F58DE3FEC
2020-04-28 06:00:08,693 [main] INFO  impl.StateMachineUpdater (StateMachineUpdater.java:stopAndJoin(139)) - 35d730cb-d0ba-49ab-88c0-b985e4524dc7@group-4F0F58DE3FEC-StateMachineUpdater: set stopIndex = 44
2020-04-28 06:00:08,693 [35d730cb-d0ba-49ab-88c0-b985e4524dc7@group-4F0F58DE3FEC-StateMachineUpdater] INFO  ratis.ContainerStateMachine (ContainerStateMachine.java:takeSnapshot(288)) - group-4F0F58DE3FEC: Taking a snapshot at:(t:1, i:44) file /github/workspace/mnt/ozone/hadoop-ozone/integration-test/target/test-dir/MiniOzoneClusterImpl-b5329e31-5f75-4342-a666-be13be570410/datanode-1/data/ratis/a7085ca2-6940-44eb-8fd3-4f0f58de3fec/sm/snapshot.1_44
2020-04-28 06:00:08,694 [Thread-434] INFO  impl.FollowerState (FollowerState.java:run(117)) - 35d730cb-d0ba-49ab-88c0-b985e4524dc7@group-4F0F58DE3FEC-FollowerState was interrupted: java.lang.InterruptedException: sleep interrupted
2020-04-28 06:00:08,694 [ForkJoinPool.commonPool-worker-1] INFO  impl.RaftServerImpl (ServerState.java:close(387)) - a68276ad-3996-4c51-a19d-88b85ee37e97@group-4F0F58DE3FEC: closes. applyIndex: 44
2020-04-28 06:00:08,695 [35d730cb-d0ba-49ab-88c0-b985e4524dc7@group-4F0F58DE3FEC-StateMachineUpdater] INFO  ratis.ContainerStateMachine (ContainerStateMachine.java:takeSnapshot(299)) - group-4F0F58DE3FEC: Finished taking a snapshot at:(t:1, i:44) file:/github/workspace/mnt/ozone/hadoop-ozone/integration-test/target/test-dir/MiniOzoneClusterImpl-b5329e31-5f75-4342-a666-be13be570410/datanode-1/data/ratis/a7085ca2-6940-44eb-8fd3-4f0f58de3fec/sm/snapshot.1_44 time:1
2020-04-28 06:00:08,695 [35d730cb-d0ba-49ab-88c0-b985e4524dc7@group-4F0F58DE3FEC-StateMachineUpdater] INFO  impl.StateMachineUpdater (StateMachineUpdater.java:takeSnapshot(274)) - 35d730cb-d0ba-49ab-88c0-b985e4524dc7@group-4F0F58DE3FEC-StateMachineUpdater: Took a snapshot at index 44
2020-04-28 06:00:08,695 [35d730cb-d0ba-49ab-88c0-b985e4524dc7@group-4F0F58DE3FEC-StateMachineUpdater] INFO  impl.StateMachineUpdater (StateMachineUpdater.java:lambda$new$0(86)) - 35d730cb-d0ba-49ab-88c0-b985e4524dc7@group-4F0F58DE3FEC-StateMachineUpdater: snapshotIndex: updateIncreasingly -1 -> 44
2020-04-28 06:00:08,695 [35d730cb-d0ba-49ab-88c0-b985e4524dc7@group-4F0F58DE3FEC-StateMachineUpdater] INFO  metrics.RatisMetrics (RatisMetrics.java:unregister(46)) - Unregistering Metrics Registry : ratis.state_machine.35d730cb-d0ba-49ab-88c0-b985e4524dc7@group-4F0F58DE3FEC
2020-04-28 06:00:08,695 [a68276ad-3996-4c51-a19d-88b85ee37e97@group-4F0F58DE3FEC-SegmentedRaftLogWorker] INFO  segmented.SegmentedRaftLogWorker (SegmentedRaftLogWorker.java:run(321)) - a68276ad-3996-4c51-a19d-88b85ee37e97@group-4F0F58DE3FEC-SegmentedRaftLogWorker was interrupted, exiting. There are 0 tasks remaining in the queue.
2020-04-28 06:00:08,696 [ForkJoinPool.commonPool-worker-1] INFO  segmented.SegmentedRaftLogWorker (SegmentedRaftLogWorker.java:close(229)) - a68276ad-3996-4c51-a19d-88b85ee37e97@group-4F0F58DE3FEC-SegmentedRaftLogWorker close()
2020-04-28 06:00:08,696 [main] INFO  impl.RaftServerImpl (ServerState.java:close(387)) - 35d730cb-d0ba-49ab-88c0-b985e4524dc7@group-4F0F58DE3FEC: closes. applyIndex: 44
2020-04-28 06:00:08,696 [ForkJoinPool.commonPool-worker-1] INFO  metrics.RatisMetrics (RatisMetrics.java:unregister(46)) - Unregistering Metrics Registry : ratis.log_worker.a68276ad-3996-4c51-a19d-88b85ee37e97
2020-04-28 06:00:08,696 [35d730cb-d0ba-49ab-88c0-b985e4524dc7@group-4F0F58DE3FEC-SegmentedRaftLogWorker] INFO  segmented.SegmentedRaftLogWorker (SegmentedRaftLogWorker.java:run(321)) - 35d730cb-d0ba-49ab-88c0-b985e4524dc7@group-4F0F58DE3FEC-SegmentedRaftLogWorker was interrupted, exiting. There are 0 tasks remaining in the queue.
2020-04-28 06:00:08,702 [ForkJoinPool.commonPool-worker-1] INFO  metrics.RatisMetrics (RatisMetrics.java:unregister(46)) - Unregistering Metrics Registry : ratis.leader_election.a68276ad-3996-4c51-a19d-88b85ee37e97@group-4F0F58DE3FEC
2020-04-28 06:00:08,702 [ForkJoinPool.commonPool-worker-1] INFO  metrics.RatisMetrics (RatisMetrics.java:unregister(46)) - Unregistering Metrics Registry : ratis.server.a68276ad-3996-4c51-a19d-88b85ee37e97@group-4F0F58DE3FEC
2020-04-28 06:00:08,703 [ForkJoinPool.commonPool-worker-1] INFO  server.GrpcService (GrpcService.java:closeImpl(165)) - a68276ad-3996-4c51-a19d-88b85ee37e97: shutdown server with port 39767 now
2020-04-28 06:00:08,703 [main] INFO  segmented.SegmentedRaftLogWorker (SegmentedRaftLogWorker.java:close(229)) - 35d730cb-d0ba-49ab-88c0-b985e4524dc7@group-4F0F58DE3FEC-SegmentedRaftLogWorker close()
2020-04-28 06:00:08,706 [ForkJoinPool.commonPool-worker-1] INFO  server.GrpcService (GrpcService.java:closeImpl(173)) - a68276ad-3996-4c51-a19d-88b85ee37e97: shutdown server with port 39767 successfully
2020-04-28 06:00:08,704 [grpc-default-executor-3] WARN  server.GrpcServerProtocolService (LogUtils.java:warn(122)) - a68276ad-3996-4c51-a19d-88b85ee37e97: installSnapshot onError, lastRequest: 68dc973b-8e8d-4ab4-a7af-b93c8a87bf60->a68276ad-3996-4c51-a19d-88b85ee37e97#46-t1, previous=(t:1, i:43), leaderCommit=42, initializing? false, entries: size=1, first=(t:1, i:44), METADATAENTRY(c:42): org.apache.ratis.thirdparty.io.grpc.StatusRuntimeException: CANCELLED: cancelled before receiving half close
2020-04-28 06:00:08,708 [grpc-default-executor-1] WARN  server.GrpcLogAppender (LogUtils.java:warn(122)) - 68dc973b-8e8d-4ab4-a7af-b93c8a87bf60@group-4F0F58DE3FEC->a68276ad-3996-4c51-a19d-88b85ee37e97-AppendLogResponseHandler: Failed appendEntries: org.apache.ratis.thirdparty.io.grpc.StatusRuntimeException: CANCELLED: HTTP/2 error code: CANCEL
Received Rst Stream
2020-04-28 06:00:08,709 [main] INFO  metrics.RatisMetrics (RatisMetrics.java:unregister(46)) - Unregistering Metrics Registry : ratis.log_worker.35d730cb-d0ba-49ab-88c0-b985e4524dc7
2020-04-28 06:00:08,709 [main] INFO  metrics.RatisMetrics (RatisMetrics.java:unregister(46)) - Unregistering Metrics Registry : ratis.leader_election.35d730cb-d0ba-49ab-88c0-b985e4524dc7@group-4F0F58DE3FEC
2020-04-28 06:00:08,709 [main] INFO  metrics.RatisMetrics (RatisMetrics.java:unregister(46)) - Unregistering Metrics Registry : ratis.server.35d730cb-d0ba-49ab-88c0-b985e4524dc7@group-4F0F58DE3FEC
2020-04-28 06:00:08,710 [main] INFO  server.GrpcService (GrpcService.java:closeImpl(165)) - 35d730cb-d0ba-49ab-88c0-b985e4524dc7: shutdown server with port 33299 now
2020-04-28 06:00:08,710 [grpc-default-executor-1] INFO  impl.FollowerInfo (FollowerInfo.java:lambda$new$0(50)) - 68dc973b-8e8d-4ab4-a7af-b93c8a87bf60@group-4F0F58DE3FEC->a68276ad-3996-4c51-a19d-88b85ee37e97: nextIndex: updateUnconditionally 45 -> 44
2020-04-28 06:00:08,717 [main] INFO  server.GrpcService (GrpcService.java:closeImpl(173)) - 35d730cb-d0ba-49ab-88c0-b985e4524dc7: shutdown server with port 33299 successfully
2020-04-28 06:00:08,717 [grpc-default-executor-1] WARN  server.GrpcLogAppender (LogUtils.java:warn(122)) - 68dc973b-8e8d-4ab4-a7af-b93c8a87bf60@group-4F0F58DE3FEC->35d730cb-d0ba-49ab-88c0-b985e4524dc7-AppendLogResponseHandler: Failed appendEntries: org.apache.ratis.thirdparty.io.grpc.StatusRuntimeException: CANCELLED: HTTP/2 error code: CANCEL
Received Rst Stream
2020-04-28 06:00:08,717 [grpc-default-executor-3] WARN  server.GrpcServerProtocolService (LogUtils.java:warn(122)) - 35d730cb-d0ba-49ab-88c0-b985e4524dc7: installSnapshot onError, lastRequest: 68dc973b-8e8d-4ab4-a7af-b93c8a87bf60->35d730cb-d0ba-49ab-88c0-b985e4524dc7#46-t1, previous=(t:1, i:43), leaderCommit=42, initializing? false, entries: size=1, first=(t:1, i:44), METADATAENTRY(c:42): org.apache.ratis.thirdparty.io.grpc.StatusRuntimeException: CANCELLED: cancelled before receiving half close
2020-04-28 06:00:08,723 [grpc-default-executor-1] INFO  impl.FollowerInfo (FollowerInfo.java:lambda$new$0(50)) - 68dc973b-8e8d-4ab4-a7af-b93c8a87bf60@group-4F0F58DE3FEC->35d730cb-d0ba-49ab-88c0-b985e4524dc7: nextIndex: updateUnconditionally 45 -> 44
2020-04-28 06:00:08,746 [main] INFO  utils.BackgroundService (BackgroundService.java:shutdown(157)) - Shutting down service BlockDeletingService
2020-04-28 06:00:08,749 [ForkJoinPool.commonPool-worker-1] INFO  utils.BackgroundService (BackgroundService.java:shutdown(157)) - Shutting down service BlockDeletingService
2020-04-28 06:00:08,758 [ForkJoinPool.commonPool-worker-1] INFO  statemachine.DatanodeStateMachine (DatanodeStateMachine.java:stopDaemon(424)) - Ozone container server stopped.
2020-04-28 06:00:08,760 [ForkJoinPool.commonPool-worker-1] INFO  handler.ContextHandler (ContextHandler.java:doStop(1016)) - Stopped o.e.j.w.WebAppContext@2a56fb62{hddsDatanode,/,null,UNAVAILABLE}{jar:file:/home/user/.m2/repository/org/apache/hadoop/hadoop-hdds-container-service/0.6.0-SNAPSHOT/hadoop-hdds-container-service-0.6.0-SNAPSHOT.jar!/webapps/hddsDatanode}
2020-04-28 06:00:08,760 [main] INFO  statemachine.DatanodeStateMachine (DatanodeStateMachine.java:stopDaemon(424)) - Ozone container server stopped.
2020-04-28 06:00:08,761 [main] INFO  handler.ContextHandler (ContextHandler.java:doStop(1016)) - Stopped o.e.j.w.WebAppContext@744d76ea{hddsDatanode,/,null,UNAVAILABLE}{jar:file:/home/user/.m2/repository/org/apache/hadoop/hadoop-hdds-container-service/0.6.0-SNAPSHOT/hadoop-hdds-container-service-0.6.0-SNAPSHOT.jar!/webapps/hddsDatanode}
2020-04-28 06:00:08,767 [ForkJoinPool.commonPool-worker-1] INFO  server.AbstractConnector (AbstractConnector.java:doStop(380)) - Stopped ServerConnector@541164b{HTTP/1.1,[http/1.1]}{0.0.0.0:0}
2020-04-28 06:00:08,767 [main] INFO  server.AbstractConnector (AbstractConnector.java:doStop(380)) - Stopped ServerConnector@7bf6113e{HTTP/1.1,[http/1.1]}{0.0.0.0:0}
2020-04-28 06:00:08,767 [main] INFO  server.session (HouseKeeper.java:stopScavenging(158)) - node0 Stopped scavenging
2020-04-28 06:00:08,768 [main] INFO  handler.ContextHandler (ContextHandler.java:doStop(1016)) - Stopped o.e.j.s.ServletContextHandler@7ef31c26{static,/static,jar:file:/home/user/.m2/repository/org/apache/hadoop/hadoop-hdds-container-service/0.6.0-SNAPSHOT/hadoop-hdds-container-service-0.6.0-SNAPSHOT.jar!/webapps/static,UNAVAILABLE}
2020-04-28 06:00:08,768 [main] INFO  handler.ContextHandler (ContextHandler.java:doStop(1016)) - Stopped o.e.j.s.ServletContextHandler@5f2e466b{logs,/logs,file:///github/workspace/mnt/ozone/hadoop-ozone/integration-test/target/log,UNAVAILABLE}
2020-04-28 06:00:08,767 [ForkJoinPool.commonPool-worker-1] INFO  server.session (HouseKeeper.java:stopScavenging(158)) - node0 Stopped scavenging
2020-04-28 06:00:08,770 [ForkJoinPool.commonPool-worker-1] INFO  handler.ContextHandler (ContextHandler.java:doStop(1016)) - Stopped o.e.j.s.ServletContextHandler@67b60899{static,/static,jar:file:/home/user/.m2/repository/org/apache/hadoop/hadoop-hdds-container-service/0.6.0-SNAPSHOT/hadoop-hdds-container-service-0.6.0-SNAPSHOT.jar!/webapps/static,UNAVAILABLE}
2020-04-28 06:00:08,771 [ForkJoinPool.commonPool-worker-1] INFO  handler.ContextHandler (ContextHandler.java:doStop(1016)) - Stopped o.e.j.s.ServletContextHandler@78a30667{logs,/logs,file:///github/workspace/mnt/ozone/hadoop-ozone/integration-test/target/log,UNAVAILABLE}
2020-04-28 06:00:09,002 [Datanode State Machine Thread - 0] INFO  statemachine.DatanodeStateMachine (DatanodeStateMachine.java:lambda$startDaemon$0(376)) - Ozone container server started.
2020-04-28 06:00:11,169 [grpc-default-executor-2] WARN  server.GrpcLogAppender (LogUtils.java:warn(122)) - 68dc973b-8e8d-4ab4-a7af-b93c8a87bf60@group-4F0F58DE3FEC->a68276ad-3996-4c51-a19d-88b85ee37e97-AppendLogResponseHandler: Failed appendEntries: org.apache.ratis.thirdparty.io.grpc.StatusRuntimeException: UNAVAILABLE: io exception
2020-04-28 06:00:11,169 [grpc-default-executor-0] WARN  server.GrpcLogAppender (LogUtils.java:warn(122)) - 68dc973b-8e8d-4ab4-a7af-b93c8a87bf60@group-4F0F58DE3FEC->35d730cb-d0ba-49ab-88c0-b985e4524dc7-AppendLogResponseHandler: Failed appendEntries: org.apache.ratis.thirdparty.io.grpc.StatusRuntimeException: UNAVAILABLE: io exception
2020-04-28 06:00:11,170 [grpc-default-executor-2] INFO  impl.FollowerInfo (FollowerInfo.java:lambda$new$0(50)) - 68dc973b-8e8d-4ab4-a7af-b93c8a87bf60@group-4F0F58DE3FEC->a68276ad-3996-4c51-a19d-88b85ee37e97: nextIndex: updateUnconditionally 45 -> 44
2020-04-28 06:00:11,173 [grpc-default-executor-0] INFO  impl.FollowerInfo (FollowerInfo.java:lambda$new$0(50)) - 68dc973b-8e8d-4ab4-a7af-b93c8a87bf60@group-4F0F58DE3FEC->35d730cb-d0ba-49ab-88c0-b985e4524dc7: nextIndex: updateUnconditionally 45 -> 44
2020-04-28 06:00:13,664 [grpc-default-executor-1] WARN  server.GrpcLogAppender (LogUtils.java:warn(122)) - 68dc973b-8e8d-4ab4-a7af-b93c8a87bf60@group-4F0F58DE3FEC->a68276ad-3996-4c51-a19d-88b85ee37e97-AppendLogResponseHandler: Failed appendEntries: org.apache.ratis.thirdparty.io.grpc.StatusRuntimeException: UNAVAILABLE: io exception
2020-04-28 06:00:13,666 [grpc-default-executor-1] INFO  impl.FollowerInfo (FollowerInfo.java:lambda$new$0(50)) - 68dc973b-8e8d-4ab4-a7af-b93c8a87bf60@group-4F0F58DE3FEC->a68276ad-3996-4c51-a19d-88b85ee37e97: nextIndex: updateUnconditionally 45 -> 44
2020-04-28 06:00:13,666 [grpc-default-executor-0] WARN  server.GrpcLogAppender (LogUtils.java:warn(122)) - 68dc973b-8e8d-4ab4-a7af-b93c8a87bf60@group-4F0F58DE3FEC->35d730cb-d0ba-49ab-88c0-b985e4524dc7-AppendLogResponseHandler: Failed appendEntries: org.apache.ratis.thirdparty.io.grpc.StatusRuntimeException: UNAVAILABLE: io exception
2020-04-28 06:00:13,667 [grpc-default-executor-0] INFO  impl.FollowerInfo (FollowerInfo.java:lambda$new$0(50)) - 68dc973b-8e8d-4ab4-a7af-b93c8a87bf60@group-4F0F58DE3FEC->35d730cb-d0ba-49ab-88c0-b985e4524dc7: nextIndex: updateUnconditionally 45 -> 44
2020-04-28 06:00:13,770 [main] INFO  ozoneimpl.OzoneContainer (OzoneContainer.java:stop(246)) - Attempting to stop container services.
2020-04-28 06:00:13,770 [main] INFO  impl.RaftServerProxy (RaftServerProxy.java:lambda$close$4(314)) - 68dc973b-8e8d-4ab4-a7af-b93c8a87bf60: close
2020-04-28 06:00:13,771 [main] INFO  impl.RaftServerImpl (RaftServerImpl.java:lambda$shutdown$3(249)) - 68dc973b-8e8d-4ab4-a7af-b93c8a87bf60@group-095A187DF6C5: shutdown
2020-04-28 06:00:13,771 [main] INFO  util.JmxRegister (JmxRegister.java:unregister(73)) - Successfully un-registered JMX Bean with object name Ratis:service=RaftServer,group=group-095A187DF6C5,id=68dc973b-8e8d-4ab4-a7af-b93c8a87bf60
2020-04-28 06:00:13,771 [main] INFO  impl.RoleInfo (RoleInfo.java:shutdownLeaderState(104)) - 68dc973b-8e8d-4ab4-a7af-b93c8a87bf60: shutdown LeaderState
2020-04-28 06:00:13,772 [main] INFO  impl.PendingRequests (PendingRequests.java:sendNotLeaderResponses(240)) - 68dc973b-8e8d-4ab4-a7af-b93c8a87bf60@group-095A187DF6C5-PendingRequests: sendNotLeaderResponses
2020-04-28 06:00:13,772 [main] INFO  metrics.RatisMetrics (RatisMetrics.java:unregister(46)) - Unregistering Metrics Registry : ratis.log_appender.68dc973b-8e8d-4ab4-a7af-b93c8a87bf60@group-095A187DF6C5
2020-04-28 06:00:13,773 [main] INFO  impl.StateMachineUpdater (StateMachineUpdater.java:stopAndJoin(139)) - 68dc973b-8e8d-4ab4-a7af-b93c8a87bf60@group-095A187DF6C5-StateMachineUpdater: set stopIndex = 0
2020-04-28 06:00:13,773 [68dc973b-8e8d-4ab4-a7af-b93c8a87bf60@group-095A187DF6C5-StateMachineUpdater] INFO  ratis.ContainerStateMachine (ContainerStateMachine.java:takeSnapshot(288)) - group-095A187DF6C5: Taking a snapshot at:(t:1, i:0) file /github/workspace/mnt/ozone/hadoop-ozone/integration-test/target/test-dir/MiniOzoneClusterImpl-b5329e31-5f75-4342-a666-be13be570410/datanode-2/data/ratis/7826dec8-5cfb-4d34-94e2-095a187df6c5/sm/snapshot.1_0
2020-04-28 06:00:13,771 [ForkJoinPool.commonPool-worker-0] INFO  impl.RaftServerImpl (RaftServerImpl.java:lambda$shutdown$3(249)) - 68dc973b-8e8d-4ab4-a7af-b93c8a87bf60@group-4F0F58DE3FEC: shutdown
2020-04-28 06:00:13,773 [ForkJoinPool.commonPool-worker-0] INFO  util.JmxRegister (JmxRegister.java:unregister(73)) - Successfully un-registered JMX Bean with object name Ratis:service=RaftServer,group=group-4F0F58DE3FEC,id=68dc973b-8e8d-4ab4-a7af-b93c8a87bf60
2020-04-28 06:00:13,773 [ForkJoinPool.commonPool-worker-0] INFO  impl.RoleInfo (RoleInfo.java:shutdownLeaderState(104)) - 68dc973b-8e8d-4ab4-a7af-b93c8a87bf60: shutdown LeaderState
2020-04-28 06:00:13,774 [68dc973b-8e8d-4ab4-a7af-b93c8a87bf60@group-095A187DF6C5-StateMachineUpdater] INFO  ratis.ContainerStateMachine (ContainerStateMachine.java:takeSnapshot(299)) - group-095A187DF6C5: Finished taking a snapshot at:(t:1, i:0) file:/github/workspace/mnt/ozone/hadoop-ozone/integration-test/target/test-dir/MiniOzoneClusterImpl-b5329e31-5f75-4342-a666-be13be570410/datanode-2/data/ratis/7826dec8-5cfb-4d34-94e2-095a187df6c5/sm/snapshot.1_0 time:1
2020-04-28 06:00:13,774 [org.apache.ratis.server.impl.LogAppender$AppenderDaemon$$Lambda$472/716219512@6eb6504a] WARN  server.GrpcLogAppender (GrpcLogAppender.java:mayWait(153)) - 68dc973b-8e8d-4ab4-a7af-b93c8a87bf60@group-4F0F58DE3FEC->a68276ad-3996-4c51-a19d-88b85ee37e97-GrpcLogAppender: Wait interrupted by java.lang.InterruptedException
2020-04-28 06:00:13,774 [68dc973b-8e8d-4ab4-a7af-b93c8a87bf60@group-095A187DF6C5-StateMachineUpdater] INFO  impl.StateMachineUpdater (StateMachineUpdater.java:takeSnapshot(274)) - 68dc973b-8e8d-4ab4-a7af-b93c8a87bf60@group-095A187DF6C5-StateMachineUpdater: Took a snapshot at index 0
2020-04-28 06:00:13,774 [68dc973b-8e8d-4ab4-a7af-b93c8a87bf60@group-095A187DF6C5-StateMachineUpdater] INFO  impl.StateMachineUpdater (StateMachineUpdater.java:lambda$new$0(86)) - 68dc973b-8e8d-4ab4-a7af-b93c8a87bf60@group-095A187DF6C5-StateMachineUpdater: snapshotIndex: updateIncreasingly -1 -> 0
2020-04-28 06:00:13,775 [68dc973b-8e8d-4ab4-a7af-b93c8a87bf60@group-095A187DF6C5-StateMachineUpdater] INFO  metrics.RatisMetrics (RatisMetrics.java:unregister(46)) - Unregistering Metrics Registry : ratis.state_machine.68dc973b-8e8d-4ab4-a7af-b93c8a87bf60@group-095A187DF6C5
2020-04-28 06:00:13,775 [org.apache.ratis.server.impl.LogAppender$AppenderDaemon$$Lambda$472/716219512@491d38ac] WARN  server.GrpcLogAppender (GrpcLogAppender.java:mayWait(153)) - 68dc973b-8e8d-4ab4-a7af-b93c8a87bf60@group-4F0F58DE3FEC->35d730cb-d0ba-49ab-88c0-b985e4524dc7-GrpcLogAppender: Wait interrupted by java.lang.InterruptedException
2020-04-28 06:00:13,776 [main] INFO  impl.RaftServerImpl (ServerState.java:close(387)) - 68dc973b-8e8d-4ab4-a7af-b93c8a87bf60@group-095A187DF6C5: closes. applyIndex: 0
2020-04-28 06:00:13,776 [ForkJoinPool.commonPool-worker-0] INFO  impl.PendingRequests (PendingRequests.java:sendNotLeaderResponses(240)) - 68dc973b-8e8d-4ab4-a7af-b93c8a87bf60@group-4F0F58DE3FEC-PendingRequests: sendNotLeaderResponses
2020-04-28 06:00:13,777 [68dc973b-8e8d-4ab4-a7af-b93c8a87bf60@group-095A187DF6C5-SegmentedRaftLogWorker] INFO  segmented.SegmentedRaftLogWorker (SegmentedRaftLogWorker.java:run(321)) - 68dc973b-8e8d-4ab4-a7af-b93c8a87bf60@group-095A187DF6C5-SegmentedRaftLogWorker was interrupted, exiting. There are 0 tasks remaining in the queue.
2020-04-28 06:00:13,778 [main] INFO  segmented.SegmentedRaftLogWorker (SegmentedRaftLogWorker.java:close(229)) - 68dc973b-8e8d-4ab4-a7af-b93c8a87bf60@group-095A187DF6C5-SegmentedRaftLogWorker close()
2020-04-28 06:00:13,778 [main] INFO  metrics.RatisMetrics (RatisMetrics.java:unregister(46)) - Unregistering Metrics Registry : ratis.log_worker.68dc973b-8e8d-4ab4-a7af-b93c8a87bf60
2020-04-28 06:00:13,780 [main] INFO  metrics.RatisMetrics (RatisMetrics.java:unregister(46)) - Unregistering Metrics Registry : ratis.leader_election.68dc973b-8e8d-4ab4-a7af-b93c8a87bf60@group-095A187DF6C5
2020-04-28 06:00:13,780 [main] INFO  metrics.RatisMetrics (RatisMetrics.java:unregister(46)) - Unregistering Metrics Registry : ratis.server.68dc973b-8e8d-4ab4-a7af-b93c8a87bf60@group-095A187DF6C5
2020-04-28 06:00:13,778 [ForkJoinPool.commonPool-worker-0] INFO  metrics.RatisMetrics (RatisMetrics.java:unregister(46)) - Unregistering Metrics Registry : ratis.log_appender.68dc973b-8e8d-4ab4-a7af-b93c8a87bf60@group-4F0F58DE3FEC
2020-04-28 06:00:13,781 [ForkJoinPool.commonPool-worker-0] INFO  impl.StateMachineUpdater (StateMachineUpdater.java:stopAndJoin(139)) - 68dc973b-8e8d-4ab4-a7af-b93c8a87bf60@group-4F0F58DE3FEC-StateMachineUpdater: set stopIndex = 44
2020-04-28 06:00:13,781 [68dc973b-8e8d-4ab4-a7af-b93c8a87bf60@group-4F0F58DE3FEC-StateMachineUpdater] INFO  ratis.ContainerStateMachine (ContainerStateMachine.java:takeSnapshot(288)) - group-4F0F58DE3FEC: Taking a snapshot at:(t:1, i:44) file /github/workspace/mnt/ozone/hadoop-ozone/integration-test/target/test-dir/MiniOzoneClusterImpl-b5329e31-5f75-4342-a666-be13be570410/datanode-2/data/ratis/a7085ca2-6940-44eb-8fd3-4f0f58de3fec/sm/snapshot.1_44
2020-04-28 06:00:13,782 [68dc973b-8e8d-4ab4-a7af-b93c8a87bf60@group-4F0F58DE3FEC-StateMachineUpdater] INFO  ratis.ContainerStateMachine (ContainerStateMachine.java:takeSnapshot(299)) - group-4F0F58DE3FEC: Finished taking a snapshot at:(t:1, i:44) file:/github/workspace/mnt/ozone/hadoop-ozone/integration-test/target/test-dir/MiniOzoneClusterImpl-b5329e31-5f75-4342-a666-be13be570410/datanode-2/data/ratis/a7085ca2-6940-44eb-8fd3-4f0f58de3fec/sm/snapshot.1_44 time:1
2020-04-28 06:00:13,782 [68dc973b-8e8d-4ab4-a7af-b93c8a87bf60@group-4F0F58DE3FEC-StateMachineUpdater] INFO  impl.StateMachineUpdater (StateMachineUpdater.java:takeSnapshot(274)) - 68dc973b-8e8d-4ab4-a7af-b93c8a87bf60@group-4F0F58DE3FEC-StateMachineUpdater: Took a snapshot at index 44
2020-04-28 06:00:13,782 [68dc973b-8e8d-4ab4-a7af-b93c8a87bf60@group-4F0F58DE3FEC-StateMachineUpdater] INFO  impl.StateMachineUpdater (StateMachineUpdater.java:lambda$new$0(86)) - 68dc973b-8e8d-4ab4-a7af-b93c8a87bf60@group-4F0F58DE3FEC-StateMachineUpdater: snapshotIndex: updateIncreasingly -1 -> 44
2020-04-28 06:00:13,783 [68dc973b-8e8d-4ab4-a7af-b93c8a87bf60@group-4F0F58DE3FEC-StateMachineUpdater] INFO  metrics.RatisMetrics (RatisMetrics.java:unregister(46)) - Unregistering Metrics Registry : ratis.state_machine.68dc973b-8e8d-4ab4-a7af-b93c8a87bf60@group-4F0F58DE3FEC
2020-04-28 06:00:13,789 [ForkJoinPool.commonPool-worker-0] INFO  impl.RaftServerImpl (ServerState.java:close(387)) - 68dc973b-8e8d-4ab4-a7af-b93c8a87bf60@group-4F0F58DE3FEC: closes. applyIndex: 44
2020-04-28 06:00:13,789 [68dc973b-8e8d-4ab4-a7af-b93c8a87bf60@group-4F0F58DE3FEC-SegmentedRaftLogWorker] INFO  segmented.SegmentedRaftLogWorker (SegmentedRaftLogWorker.java:run(321)) - 68dc973b-8e8d-4ab4-a7af-b93c8a87bf60@group-4F0F58DE3FEC-SegmentedRaftLogWorker was interrupted, exiting. There are 0 tasks remaining in the queue.
2020-04-28 06:00:13,795 [ForkJoinPool.commonPool-worker-0] INFO  segmented.SegmentedRaftLogWorker (SegmentedRaftLogWorker.java:close(229)) - 68dc973b-8e8d-4ab4-a7af-b93c8a87bf60@group-4F0F58DE3FEC-SegmentedRaftLogWorker close()
2020-04-28 06:00:13,795 [ForkJoinPool.commonPool-worker-0] INFO  metrics.RatisMetrics (RatisMetrics.java:unregister(46)) - Unregistering Metrics Registry : ratis.log_worker.68dc973b-8e8d-4ab4-a7af-b93c8a87bf60
2020-04-28 06:00:13,795 [ForkJoinPool.commonPool-worker-0] INFO  metrics.RatisMetrics (RatisMetrics.java:unregister(46)) - Unregistering Metrics Registry : ratis.leader_election.68dc973b-8e8d-4ab4-a7af-b93c8a87bf60@group-4F0F58DE3FEC
2020-04-28 06:00:13,795 [ForkJoinPool.commonPool-worker-0] INFO  metrics.RatisMetrics (RatisMetrics.java:unregister(46)) - Unregistering Metrics Registry : ratis.server.68dc973b-8e8d-4ab4-a7af-b93c8a87bf60@group-4F0F58DE3FEC
2020-04-28 06:00:13,796 [main] INFO  server.GrpcService (GrpcService.java:closeImpl(165)) - 68dc973b-8e8d-4ab4-a7af-b93c8a87bf60: shutdown server with port 40421 now
2020-04-28 06:00:13,797 [grpc-default-executor-1] WARN  client.GrpcClientProtocolService (LogUtils.java:warn(122)) - 1-UnorderedRequestStreamObserver1: onError: org.apache.ratis.thirdparty.io.grpc.StatusRuntimeException: CANCELLED: cancelled before receiving half close
2020-04-28 06:00:13,798 [main] INFO  server.GrpcService (GrpcService.java:closeImpl(173)) - 68dc973b-8e8d-4ab4-a7af-b93c8a87bf60: shutdown server with port 40421 successfully
2020-04-28 06:00:13,819 [main] INFO  utils.BackgroundService (BackgroundService.java:shutdown(157)) - Shutting down service BlockDeletingService
2020-04-28 06:00:13,820 [main] INFO  statemachine.DatanodeStateMachine (DatanodeStateMachine.java:stopDaemon(424)) - Ozone container server stopped.
2020-04-28 06:00:13,821 [main] INFO  handler.ContextHandler (ContextHandler.java:doStop(1016)) - Stopped o.e.j.w.WebAppContext@39abcf3c{hddsDatanode,/,null,UNAVAILABLE}{jar:file:/home/user/.m2/repository/org/apache/hadoop/hadoop-hdds-container-service/0.6.0-SNAPSHOT/hadoop-hdds-container-service-0.6.0-SNAPSHOT.jar!/webapps/hddsDatanode}
2020-04-28 06:00:13,821 [main] INFO  server.AbstractConnector (AbstractConnector.java:doStop(380)) - Stopped ServerConnector@3cc64580{HTTP/1.1,[http/1.1]}{0.0.0.0:0}
2020-04-28 06:00:13,822 [main] INFO  server.session (HouseKeeper.java:stopScavenging(158)) - node0 Stopped scavenging
2020-04-28 06:00:13,822 [main] INFO  handler.ContextHandler (ContextHandler.java:doStop(1016)) - Stopped o.e.j.s.ServletContextHandler@5f404d1c{static,/static,jar:file:/home/user/.m2/repository/org/apache/hadoop/hadoop-hdds-container-service/0.6.0-SNAPSHOT/hadoop-hdds-container-service-0.6.0-SNAPSHOT.jar!/webapps/static,UNAVAILABLE}
2020-04-28 06:00:13,822 [main] INFO  handler.ContextHandler (ContextHandler.java:doStop(1016)) - Stopped o.e.j.s.ServletContextHandler@31888cc8{logs,/logs,file:///github/workspace/mnt/ozone/hadoop-ozone/integration-test/target/log,UNAVAILABLE}
2020-04-28 06:00:13,823 [main] INFO  ozone.MiniOzoneClusterImpl (MiniOzoneClusterImpl.java:stopSCM(476)) - Stopping the StorageContainerManager
2020-04-28 06:00:13,824 [main] INFO  server.StorageContainerManager (StorageContainerManager.java:stop(824)) - Stopping Replication Manager Service.
2020-04-28 06:00:13,824 [main] INFO  container.ReplicationManager (ReplicationManager.java:stop(206)) - Stopping Replication Monitor Thread.
2020-04-28 06:00:13,824 [main] INFO  server.StorageContainerManager (StorageContainerManager.java:stop(831)) - Stopping Lease Manager of the command watchers
2020-04-28 06:00:13,824 [main] INFO  server.StorageContainerManager (StorageContainerManager.java:stop(838)) - Stopping datanode service RPC server
2020-04-28 06:00:13,824 [main] INFO  server.SCMDatanodeProtocolServer (SCMDatanodeProtocolServer.java:stop(361)) - Stopping the RPC server for DataNodes
2020-04-28 06:00:13,824 [main] INFO  ipc.Server (Server.java:stop(3082)) - Stopping server on 43589
2020-04-28 06:00:13,824 [CommandWatcher-LeaseManager#LeaseMonitor] ERROR lease.LeaseManager (LeaseManager.java:run(238)) - Execution was interrupted 
java.lang.InterruptedException: sleep interrupted
	at java.lang.Thread.sleep(Native Method)
	at org.apache.hadoop.ozone.lease.LeaseManager$LeaseMonitor.run(LeaseManager.java:234)
	at java.lang.Thread.run(Thread.java:748)
2020-04-28 06:00:13,826 [IPC Server listener on 43589] INFO  ipc.Server (Server.java:run(1185)) - Stopping IPC Server listener on 43589
2020-04-28 06:00:13,827 [IPC Server Responder] INFO  ipc.Server (Server.java:run(1319)) - Stopping IPC Server Responder
2020-04-28 06:00:13,887 [SCM Heartbeat Processing Thread - 0] WARN  node.NodeStateManager (NodeStateManager.java:scheduleNextHealthCheck(661)) - Current Thread is interrupted, shutting down HB processing thread for Node Manager.
2020-04-28 06:00:13,887 [main] INFO  server.StorageContainerManager (StorageContainerManager.java:stop(846)) - Stopping block service RPC server
2020-04-28 06:00:13,887 [main] INFO  server.SCMBlockProtocolServer (SCMBlockProtocolServer.java:stop(158)) - Stopping the RPC server for Block Protocol
2020-04-28 06:00:13,887 [main] INFO  ipc.Server (Server.java:stop(3082)) - Stopping server on 44849
2020-04-28 06:00:13,888 [IPC Server listener on 44849] INFO  ipc.Server (Server.java:run(1185)) - Stopping IPC Server listener on 44849
2020-04-28 06:00:13,890 [main] INFO  server.StorageContainerManager (StorageContainerManager.java:stop(853)) - Stopping the StorageContainerLocationProtocol RPC server
2020-04-28 06:00:13,890 [IPC Server Responder] INFO  ipc.Server (Server.java:run(1319)) - Stopping IPC Server Responder
2020-04-28 06:00:13,890 [main] INFO  server.SCMClientProtocolServer (SCMClientProtocolServer.java:stop(164)) - Stopping the RPC server for Client Protocol
2020-04-28 06:00:13,890 [main] INFO  ipc.Server (Server.java:stop(3082)) - Stopping server on 45451
2020-04-28 06:00:13,892 [IPC Server listener on 45451] INFO  ipc.Server (Server.java:run(1185)) - Stopping IPC Server listener on 45451
2020-04-28 06:00:13,892 [IPC Server Responder] INFO  ipc.Server (Server.java:run(1319)) - Stopping IPC Server Responder
2020-04-28 06:00:13,892 [main] INFO  server.StorageContainerManager (StorageContainerManager.java:stop(860)) - Stopping Storage Container Manager HTTP server.
2020-04-28 06:00:13,896 [main] INFO  handler.ContextHandler (ContextHandler.java:doStop(1016)) - Stopped o.e.j.w.WebAppContext@6ee7b2d7{scm,/,null,UNAVAILABLE}{file:/github/workspace/mnt/ozone/hadoop-ozone/integration-test/target/test-classes/webapps/scm}
2020-04-28 06:00:13,898 [main] INFO  server.AbstractConnector (AbstractConnector.java:doStop(380)) - Stopped ServerConnector@6b5a8119{HTTP/1.1,[http/1.1]}{0.0.0.0:0}
2020-04-28 06:00:13,899 [main] INFO  server.session (HouseKeeper.java:stopScavenging(158)) - node0 Stopped scavenging
2020-04-28 06:00:13,899 [main] INFO  handler.ContextHandler (ContextHandler.java:doStop(1016)) - Stopped o.e.j.s.ServletContextHandler@30b80d16{static,/static,file:///github/workspace/mnt/ozone/hadoop-ozone/integration-test/target/test-classes/webapps/static,UNAVAILABLE}
2020-04-28 06:00:13,899 [main] INFO  handler.ContextHandler (ContextHandler.java:doStop(1016)) - Stopped o.e.j.s.ServletContextHandler@1479be22{logs,/logs,file:///github/workspace/mnt/ozone/hadoop-ozone/integration-test/target/log,UNAVAILABLE}
2020-04-28 06:00:13,900 [main] INFO  server.StorageContainerManager (StorageContainerManager.java:stop(871)) - Stopping Block Manager Service.
2020-04-28 06:00:13,900 [main] INFO  utils.BackgroundService (BackgroundService.java:shutdown(157)) - Shutting down service SCMBlockDeletingService
2020-04-28 06:00:13,901 [main] INFO  utils.BackgroundService (BackgroundService.java:shutdown(157)) - Shutting down service SCMBlockDeletingService
2020-04-28 06:00:13,901 [main] INFO  server.StorageContainerManager (StorageContainerManager.java:stop(896)) - Stopping SCM Event Queue.
2020-04-28 06:00:13,904 [main] INFO  impl.MetricsSystemImpl (MetricsSystemImpl.java:stop(210)) - Stopping HddsDatanode metrics system...
2020-04-28 06:00:13,907 [main] INFO  impl.MetricsSystemImpl (MetricsSystemImpl.java:stop(216)) - HddsDatanode metrics system stopped.
]]></system-out>
    <system-err><![CDATA[Apr 28, 2020 5:59:58 AM org.apache.ratis.thirdparty.io.grpc.netty.NettyServerTransport notifyTerminated
INFO: Transport failed
java.lang.IllegalStateException: Stream 5 sent too many headers EOS: false
	at org.apache.ratis.thirdparty.io.netty.handler.codec.http2.DefaultHttp2ConnectionEncoder.validateHeadersSentState(DefaultHttp2ConnectionEncoder.java:158)
	at org.apache.ratis.thirdparty.io.netty.handler.codec.http2.DefaultHttp2ConnectionEncoder.writeHeaders(DefaultHttp2ConnectionEncoder.java:206)
	at org.apache.ratis.thirdparty.io.netty.handler.codec.http2.DefaultHttp2ConnectionEncoder.writeHeaders(DefaultHttp2ConnectionEncoder.java:151)
	at org.apache.ratis.thirdparty.io.netty.handler.codec.http2.DecoratingHttp2FrameWriter.writeHeaders(DecoratingHttp2FrameWriter.java:45)
	at org.apache.ratis.thirdparty.io.grpc.netty.NettyServerHandler.sendResponseHeaders(NettyServerHandler.java:686)
	at org.apache.ratis.thirdparty.io.grpc.netty.NettyServerHandler.write(NettyServerHandler.java:605)
	at org.apache.ratis.thirdparty.io.netty.channel.AbstractChannelHandlerContext.invokeWrite0(AbstractChannelHandlerContext.java:716)
	at org.apache.ratis.thirdparty.io.netty.channel.AbstractChannelHandlerContext.invokeWrite(AbstractChannelHandlerContext.java:708)
	at org.apache.ratis.thirdparty.io.netty.channel.AbstractChannelHandlerContext.write(AbstractChannelHandlerContext.java:791)
	at org.apache.ratis.thirdparty.io.netty.channel.AbstractChannelHandlerContext.write(AbstractChannelHandlerContext.java:701)
	at org.apache.ratis.thirdparty.io.netty.channel.DefaultChannelPipeline.write(DefaultChannelPipeline.java:1026)
	at org.apache.ratis.thirdparty.io.netty.channel.AbstractChannel.write(AbstractChannel.java:288)
	at org.apache.ratis.thirdparty.io.grpc.netty.WriteQueue$AbstractQueuedCommand.run(WriteQueue.java:200)
	at org.apache.ratis.thirdparty.io.grpc.netty.WriteQueue.flush(WriteQueue.java:115)
	at org.apache.ratis.thirdparty.io.grpc.netty.WriteQueue.access$000(WriteQueue.java:34)
	at org.apache.ratis.thirdparty.io.grpc.netty.WriteQueue$1.run(WriteQueue.java:46)
	at org.apache.ratis.thirdparty.io.netty.util.concurrent.AbstractEventExecutor.safeExecute(AbstractEventExecutor.java:163)
	at org.apache.ratis.thirdparty.io.netty.util.concurrent.SingleThreadEventExecutor.runAllTasks(SingleThreadEventExecutor.java:416)
	at org.apache.ratis.thirdparty.io.netty.channel.nio.NioEventLoop.run(NioEventLoop.java:515)
	at org.apache.ratis.thirdparty.io.netty.util.concurrent.SingleThreadEventExecutor$5.run(SingleThreadEventExecutor.java:918)
	at org.apache.ratis.thirdparty.io.netty.util.internal.ThreadExecutorMap$2.run(ThreadExecutorMap.java:74)
	at org.apache.ratis.thirdparty.io.netty.util.concurrent.FastThreadLocalRunnable.run(FastThreadLocalRunnable.java:30)
	at java.lang.Thread.run(Thread.java:748)

Apr 28, 2020 5:59:58 AM org.apache.ratis.thirdparty.io.grpc.netty.NettyServerHandler onStreamError
WARNING: Stream Error
org.apache.ratis.thirdparty.io.netty.handler.codec.http2.Http2Exception$StreamException: Stream closed before write could take place
	at org.apache.ratis.thirdparty.io.netty.handler.codec.http2.Http2Exception.streamError(Http2Exception.java:167)
	at org.apache.ratis.thirdparty.io.netty.handler.codec.http2.DefaultHttp2RemoteFlowController$FlowState.cancel(DefaultHttp2RemoteFlowController.java:481)
	at org.apache.ratis.thirdparty.io.netty.handler.codec.http2.DefaultHttp2RemoteFlowController$1.onStreamClosed(DefaultHttp2RemoteFlowController.java:105)
	at org.apache.ratis.thirdparty.io.netty.handler.codec.http2.DefaultHttp2Connection.notifyClosed(DefaultHttp2Connection.java:356)
	at org.apache.ratis.thirdparty.io.netty.handler.codec.http2.DefaultHttp2Connection$ActiveStreams.removeFromActiveStreams(DefaultHttp2Connection.java:1000)
	at org.apache.ratis.thirdparty.io.netty.handler.codec.http2.DefaultHttp2Connection$ActiveStreams.deactivate(DefaultHttp2Connection.java:956)
	at org.apache.ratis.thirdparty.io.netty.handler.codec.http2.DefaultHttp2Connection$DefaultStream.close(DefaultHttp2Connection.java:512)
	at org.apache.ratis.thirdparty.io.netty.handler.codec.http2.DefaultHttp2Connection.close(DefaultHttp2Connection.java:152)
	at org.apache.ratis.thirdparty.io.netty.handler.codec.http2.Http2ConnectionHandler$BaseDecoder.channelInactive(Http2ConnectionHandler.java:209)
	at org.apache.ratis.thirdparty.io.netty.handler.codec.http2.Http2ConnectionHandler.channelInactive(Http2ConnectionHandler.java:417)
	at org.apache.ratis.thirdparty.io.grpc.netty.NettyServerHandler.channelInactive(NettyServerHandler.java:588)
	at org.apache.ratis.thirdparty.io.netty.channel.AbstractChannelHandlerContext.invokeChannelInactive(AbstractChannelHandlerContext.java:257)
	at org.apache.ratis.thirdparty.io.netty.channel.AbstractChannelHandlerContext.invokeChannelInactive(AbstractChannelHandlerContext.java:243)
	at org.apache.ratis.thirdparty.io.netty.channel.AbstractChannelHandlerContext.fireChannelInactive(AbstractChannelHandlerContext.java:236)
	at org.apache.ratis.thirdparty.io.netty.channel.DefaultChannelPipeline$HeadContext.channelInactive(DefaultChannelPipeline.java:1416)
	at org.apache.ratis.thirdparty.io.netty.channel.AbstractChannelHandlerContext.invokeChannelInactive(AbstractChannelHandlerContext.java:257)
	at org.apache.ratis.thirdparty.io.netty.channel.AbstractChannelHandlerContext.invokeChannelInactive(AbstractChannelHandlerContext.java:243)
	at org.apache.ratis.thirdparty.io.netty.channel.DefaultChannelPipeline.fireChannelInactive(DefaultChannelPipeline.java:912)
	at org.apache.ratis.thirdparty.io.netty.channel.AbstractChannel$AbstractUnsafe$8.run(AbstractChannel.java:816)
	at org.apache.ratis.thirdparty.io.netty.util.concurrent.AbstractEventExecutor.safeExecute(AbstractEventExecutor.java:163)
	at org.apache.ratis.thirdparty.io.netty.util.concurrent.SingleThreadEventExecutor.runAllTasks(SingleThreadEventExecutor.java:416)
	at org.apache.ratis.thirdparty.io.netty.channel.nio.NioEventLoop.run(NioEventLoop.java:515)
	at org.apache.ratis.thirdparty.io.netty.util.concurrent.SingleThreadEventExecutor$5.run(SingleThreadEventExecutor.java:918)
	at org.apache.ratis.thirdparty.io.netty.util.internal.ThreadExecutorMap$2.run(ThreadExecutorMap.java:74)
	at org.apache.ratis.thirdparty.io.netty.util.concurrent.FastThreadLocalRunnable.run(FastThreadLocalRunnable.java:30)
	at java.lang.Thread.run(Thread.java:748)

Apr 28, 2020 5:59:58 AM org.apache.ratis.thirdparty.io.grpc.internal.SerializingExecutor run
SEVERE: Exception while executing runnable org.apache.ratis.thirdparty.io.grpc.internal.ServerImpl$JumpToApplicationThreadServerStreamListener$1Closed@bdb964b
org.apache.ratis.thirdparty.io.grpc.StatusRuntimeException: CANCELLED: call already cancelled
	at org.apache.ratis.thirdparty.io.grpc.Status.asRuntimeException(Status.java:524)
	at org.apache.ratis.thirdparty.io.grpc.stub.ServerCalls$ServerCallStreamObserverImpl.onCompleted(ServerCalls.java:368)
	at org.apache.ratis.grpc.server.GrpcServerProtocolService$ServerRequestStreamObserver.onError(GrpcServerProtocolService.java:145)
	at org.apache.ratis.thirdparty.io.grpc.stub.ServerCalls$StreamingServerCallHandler$StreamingServerCallListener.onCancel(ServerCalls.java:272)
	at org.apache.ratis.thirdparty.io.grpc.internal.ServerCallImpl$ServerStreamListenerImpl.closedInternal(ServerCallImpl.java:353)
	at org.apache.ratis.thirdparty.io.grpc.internal.ServerCallImpl$ServerStreamListenerImpl.closed(ServerCallImpl.java:341)
	at org.apache.ratis.thirdparty.io.grpc.internal.ServerImpl$JumpToApplicationThreadServerStreamListener$1Closed.runInContext(ServerImpl.java:864)
	at org.apache.ratis.thirdparty.io.grpc.internal.ContextRunnable.run(ContextRunnable.java:37)
	at org.apache.ratis.thirdparty.io.grpc.internal.SerializingExecutor.run(SerializingExecutor.java:123)
	at java.util.concurrent.ThreadPoolExecutor.runWorker(ThreadPoolExecutor.java:1149)
	at java.util.concurrent.ThreadPoolExecutor$Worker.run(ThreadPoolExecutor.java:624)
	at java.lang.Thread.run(Thread.java:748)

Apr 28, 2020 5:59:58 AM org.apache.ratis.thirdparty.io.grpc.internal.SerializingExecutor run
SEVERE: Exception while executing runnable org.apache.ratis.thirdparty.io.grpc.internal.ServerImpl$JumpToApplicationThreadServerStreamListener$1Closed@6bf404f1
org.apache.ratis.thirdparty.io.grpc.StatusRuntimeException: CANCELLED: call already cancelled
	at org.apache.ratis.thirdparty.io.grpc.Status.asRuntimeException(Status.java:524)
	at org.apache.ratis.thirdparty.io.grpc.stub.ServerCalls$ServerCallStreamObserverImpl.onCompleted(ServerCalls.java:368)
	at org.apache.ratis.grpc.server.GrpcServerProtocolService$ServerRequestStreamObserver.onError(GrpcServerProtocolService.java:145)
	at org.apache.ratis.thirdparty.io.grpc.stub.ServerCalls$StreamingServerCallHandler$StreamingServerCallListener.onCancel(ServerCalls.java:272)
	at org.apache.ratis.thirdparty.io.grpc.internal.ServerCallImpl$ServerStreamListenerImpl.closedInternal(ServerCallImpl.java:353)
	at org.apache.ratis.thirdparty.io.grpc.internal.ServerCallImpl$ServerStreamListenerImpl.closed(ServerCallImpl.java:341)
	at org.apache.ratis.thirdparty.io.grpc.internal.ServerImpl$JumpToApplicationThreadServerStreamListener$1Closed.runInContext(ServerImpl.java:864)
	at org.apache.ratis.thirdparty.io.grpc.internal.ContextRunnable.run(ContextRunnable.java:37)
	at org.apache.ratis.thirdparty.io.grpc.internal.SerializingExecutor.run(SerializingExecutor.java:123)
	at java.util.concurrent.ThreadPoolExecutor.runWorker(ThreadPoolExecutor.java:1149)
	at java.util.concurrent.ThreadPoolExecutor$Worker.run(ThreadPoolExecutor.java:624)
	at java.lang.Thread.run(Thread.java:748)

Apr 28, 2020 6:00:08 AM org.apache.ratis.thirdparty.io.grpc.internal.SerializingExecutor run
SEVERE: Exception while executing runnable org.apache.ratis.thirdparty.io.grpc.internal.ServerImpl$JumpToApplicationThreadServerStreamListener$1Closed@1f08ea94
org.apache.ratis.thirdparty.io.grpc.StatusRuntimeException: CANCELLED: call already cancelled
	at org.apache.ratis.thirdparty.io.grpc.Status.asRuntimeException(Status.java:524)
	at org.apache.ratis.thirdparty.io.grpc.stub.ServerCalls$ServerCallStreamObserverImpl.onCompleted(ServerCalls.java:368)
	at org.apache.ratis.grpc.server.GrpcServerProtocolService$ServerRequestStreamObserver.onError(GrpcServerProtocolService.java:145)
	at org.apache.ratis.thirdparty.io.grpc.stub.ServerCalls$StreamingServerCallHandler$StreamingServerCallListener.onCancel(ServerCalls.java:272)
	at org.apache.ratis.thirdparty.io.grpc.internal.ServerCallImpl$ServerStreamListenerImpl.closedInternal(ServerCallImpl.java:353)
	at org.apache.ratis.thirdparty.io.grpc.internal.ServerCallImpl$ServerStreamListenerImpl.closed(ServerCallImpl.java:341)
	at org.apache.ratis.thirdparty.io.grpc.internal.ServerImpl$JumpToApplicationThreadServerStreamListener$1Closed.runInContext(ServerImpl.java:864)
	at org.apache.ratis.thirdparty.io.grpc.internal.ContextRunnable.run(ContextRunnable.java:37)
	at org.apache.ratis.thirdparty.io.grpc.internal.SerializingExecutor.run(SerializingExecutor.java:123)
	at java.util.concurrent.ThreadPoolExecutor.runWorker(ThreadPoolExecutor.java:1149)
	at java.util.concurrent.ThreadPoolExecutor$Worker.run(ThreadPoolExecutor.java:624)
	at java.lang.Thread.run(Thread.java:748)

Apr 28, 2020 6:00:08 AM org.apache.ratis.thirdparty.io.grpc.internal.SerializingExecutor run
SEVERE: Exception while executing runnable org.apache.ratis.thirdparty.io.grpc.internal.ServerImpl$JumpToApplicationThreadServerStreamListener$1Closed@6d46664f
org.apache.ratis.thirdparty.io.grpc.StatusRuntimeException: CANCELLED: call already cancelled
	at org.apache.ratis.thirdparty.io.grpc.Status.asRuntimeException(Status.java:524)
	at org.apache.ratis.thirdparty.io.grpc.stub.ServerCalls$ServerCallStreamObserverImpl.onCompleted(ServerCalls.java:368)
	at org.apache.ratis.grpc.server.GrpcServerProtocolService$ServerRequestStreamObserver.onError(GrpcServerProtocolService.java:145)
	at org.apache.ratis.thirdparty.io.grpc.stub.ServerCalls$StreamingServerCallHandler$StreamingServerCallListener.onCancel(ServerCalls.java:272)
	at org.apache.ratis.thirdparty.io.grpc.internal.ServerCallImpl$ServerStreamListenerImpl.closedInternal(ServerCallImpl.java:353)
	at org.apache.ratis.thirdparty.io.grpc.internal.ServerCallImpl$ServerStreamListenerImpl.closed(ServerCallImpl.java:341)
	at org.apache.ratis.thirdparty.io.grpc.internal.ServerImpl$JumpToApplicationThreadServerStreamListener$1Closed.runInContext(ServerImpl.java:864)
	at org.apache.ratis.thirdparty.io.grpc.internal.ContextRunnable.run(ContextRunnable.java:37)
	at org.apache.ratis.thirdparty.io.grpc.internal.SerializingExecutor.run(SerializingExecutor.java:123)
	at java.util.concurrent.ThreadPoolExecutor.runWorker(ThreadPoolExecutor.java:1149)
	at java.util.concurrent.ThreadPoolExecutor$Worker.run(ThreadPoolExecutor.java:624)
	at java.lang.Thread.run(Thread.java:748)

]]></system-err>
  </testcase>
  <testcase name="testOzoneManagerFileSystemInterface[0]" classname="org.apache.hadoop.fs.ozone.TestOzoneFileInterfaces" time="22.936"/>
  <testcase name="testListStatus[0]" classname="org.apache.hadoop.fs.ozone.TestOzoneFileInterfaces" time="23.922"/>
  <testcase name="testDirectory[0]" classname="org.apache.hadoop.fs.ozone.TestOzoneFileInterfaces" time="23.953"/>
  <testcase name="testPathToKey[0]" classname="org.apache.hadoop.fs.ozone.TestOzoneFileInterfaces" time="22.824"/>
  <testcase name="testFileSystemInit[0]" classname="org.apache.hadoop.fs.ozone.TestOzoneFileInterfaces" time="22.925"/>
  <testcase name="testOzFsReadWrite[0]" classname="org.apache.hadoop.fs.ozone.TestOzoneFileInterfaces" time="23.02"/>
  <testcase name="testOzoneManagerLocatedFileStatus[0]" classname="org.apache.hadoop.fs.ozone.TestOzoneFileInterfaces" time="23.914"/>
  <testcase name="testReplication[1]" classname="org.apache.hadoop.fs.ozone.TestOzoneFileInterfaces" time="23.31"/>
  <testcase name="testOzoneManagerLocatedFileStatusBlockOffsetsWithMultiBlockFile[1]" classname="org.apache.hadoop.fs.ozone.TestOzoneFileInterfaces" time="27.456"/>
  <testcase name="testOzoneManagerFileSystemInterface[1]" classname="org.apache.hadoop.fs.ozone.TestOzoneFileInterfaces" time="23.807"/>
  <testcase name="testListStatus[1]" classname="org.apache.hadoop.fs.ozone.TestOzoneFileInterfaces" time="22.911"/>
  <testcase name="testDirectory[1]" classname="org.apache.hadoop.fs.ozone.TestOzoneFileInterfaces" time="23.817"/>
  <testcase name="testPathToKey[1]" classname="org.apache.hadoop.fs.ozone.TestOzoneFileInterfaces" time="22.912"/>
  <testcase name="testFileSystemInit[1]" classname="org.apache.hadoop.fs.ozone.TestOzoneFileInterfaces" time="23.841"/>
  <testcase name="testOzFsReadWrite[1]" classname="org.apache.hadoop.fs.ozone.TestOzoneFileInterfaces" time="23.018"/>
  <testcase name="testOzoneManagerLocatedFileStatus[1]" classname="org.apache.hadoop.fs.ozone.TestOzoneFileInterfaces" time="23.028"/>
</testsuite>